<?xml version="1.0" encoding="UTF-8"?>
<testsuites name="Zarflar" time="1172.53" tests="12" failures="0" errors="0">
   <testsuite name="Zarflar" tests="12" failures="0" errors="0" time="1172.53" skipped="0" timestamp="2021-11-23 09:38:42" hostname="DELL - DESKTOP-QBVMTUG" id="">
      <properties>
         <property name="deviceName" value=""/>
         <property name="devicePlatform" value=""/>
         <property name="logFolder" value="C:\\Users\\DELL\\Documents\\GitHub\\EES_KatalonLogo\\Reports\\20211123_091110\\Suite Repository\\Zarflar\\20211123_091159"/>
         <property name="logFiles" value="C:\\Users\\DELL\\Documents\\GitHub\\EES_KatalonLogo\\Reports\\20211123_091110\\Suite Repository\\Zarflar\\20211123_091159\\execution0.log"/>
         <property name="attachments" value=""/>
         <property name="hostName" value="DELL - DESKTOP-QBVMTUG"/>
         <property name="os" value="Windows 10 64bit"/>
         <property name="katalonVersion" value="8.0.5.208"/>
         <property name="browser" value="Chrome 96.0.4664.45"/>
         <property name="hostAddress" value="192.168.1.24"/>
         <property name="sessionId" value="39a207b74f7b5ba9a925c15601567350"/>
         <property name="seleniumVersion" value="3.141.59"/>
         <property name="proxyInformation" value="ProxyInformation { proxyOption=NO_PROXY, proxyServerType=HTTP, username=, password=********, proxyServerAddress=, proxyServerPort=0, executionList=&quot;&quot;, isApplyToDesiredCapabilities=true }"/>
         <property name="platform" value="Windows 10"/>
      </properties>
      <testcase name="Test Cases/Case Repository/Zarflar/Gelen Zarflar/Ekran Kontrolu" time="84.059" classname="Test Cases/Case Repository/Zarflar/Gelen Zarflar/Ekran Kontrolu" status="PASSED">
         <system-out><![CDATA[2021-11-23 09:38:42 - [TEST_CASE][PASSED] - Test Cases/Case Repository/Zarflar/Gelen Zarflar/Ekran Kontrolu: Test Cases/Case Repository/Zarflar/Gelen Zarflar/Ekran Kontrolu

2021-11-23 09:38:42 - [TEST_STEP][PASSED] - Start listener action : sampleBeforeTestSuite: Invoke 'com.kms.katalon.core.annotation.BeforeTestCase' method: 'Listener.sampleBeforeTestSuite(...)' completed.

2021-11-23 09:38:42 - [MESSAGE][INFO] - Starting invoke 'com.kms.katalon.core.annotation.BeforeTestCase' method: 'Listener.sampleBeforeTestSuite(...)'

2021-11-23 09:38:42 - [TEST_STEP][PASSED] - openBrowser(baseUrl): Browser is opened with url: 'https://efatura-stage.elogo.com.tr/'

2021-11-23 09:38:43 - [MESSAGE][INFO] - Opening browser

2021-11-23 09:38:43 - [MESSAGE][INFO] - Starting 'Chrome' driver

2021-11-23 09:38:43 - [MESSAGE][INFO] - User set preference: ['prefs', '{download.default_directory=C:\otomasyondownfiles}']

2021-11-23 09:38:43 - [MESSAGE][INFO] - Action delay is set to 0 milliseconds

2021-11-23 09:38:46 - [MESSAGE][INFO] - Navigating browser to: 'https://efatura-stage.elogo.com.tr/'

2021-11-23 09:38:55 - [MESSAGE][PASSED] - Browser is opened with url: 'https://efatura-stage.elogo.com.tr/'

2021-11-23 09:38:55 - [TEST_STEP][PASSED] - maximizeWindow(): Invoke 'com.kms.katalon.core.annotation.BeforeTestCase' method: 'Listener.sampleBeforeTestSuite(...)' completed.

2021-11-23 09:38:55 - [MESSAGE][INFO] - Maximizing current window

2021-11-23 09:38:55 - [MESSAGE][PASSED] - Current window maximized

2021-11-23 09:38:55 - [MESSAGE][INFO] - Invoke 'com.kms.katalon.core.annotation.BeforeTestCase' method: 'Listener.sampleBeforeTestSuite(...)' completed.

2021-11-23 09:38:55 - [TEST_STEP][PASSED] - runFeatureFile("Include/features/Zarflar/Gelen Zarflar/Ekran Kontrolu.feature"): Feature file: 'Include/features/Zarflar/Gelen Zarflar/Ekran Kontrolu.feature' was passed

2021-11-23 09:38:55 - [MESSAGE][INFO] - Starting run keyword runFeatureFile: 'Include/features/Zarflar/Gelen Zarflar/Ekran Kontrolu.feature' and extract report to folder: 'C:\Users\DELL\Documents\GitHub\EES_KatalonLogo\Reports\20211123_091110\Suite Repository\Zarflar\20211123_091159/cucumber_report/1637649535718'...

2021-11-23 09:38:55 - [MESSAGE][INFO] - Glue: []

2021-11-23 09:38:59 - [MESSAGE][INFO] - Checking called Test Case

2021-11-23 09:38:59 - [MESSAGE][INFO] - Starting to call Test Case 'Test Cases/Sayfalar/Giris_Sayfasi/Login'

2021-11-23 09:38:59 - [TEST_CASE][PASSED] - Test Cases/Sayfalar/Giris_Sayfasi/Login: Test Cases/Sayfalar/Giris_Sayfasi/Login

2021-11-23 09:39:00 - [TEST_STEP][PASSED] - Sayfa_Basligi = getWindowTitle(): Current window's title is: 'LOGO e-Fatura'

2021-11-23 09:39:00 - [MESSAGE][INFO] - Getting current window's title

2021-11-23 09:39:00 - [MESSAGE][PASSED] - Current window's title is: 'LOGO e-Fatura'

2021-11-23 09:39:00 - [TEST_STEP][PASSED] - verifyMatch(Sayfa_Basligi, "LOGO e-Fatura", false): Actual text 'LOGO e-Fatura' and expected text 'LOGO e-Fatura' are matched 

2021-11-23 09:39:00 - [MESSAGE][INFO] - Matching actual text 'LOGO e-Fatura' with expected text 'LOGO e-Fatura'

2021-11-23 09:39:00 - [MESSAGE][PASSED] - Actual text 'LOGO e-Fatura' and expected text 'LOGO e-Fatura' are matched 

2021-11-23 09:39:00 - [TEST_STEP][PASSED] - sendKeys(findTestObject("Sayfalar/Giris_Sayfasi/Firma_Kodu"), KullaniciAdi): Keys 'ELOGO6' sent to object: 'Object Repository/Sayfalar/Giris_Sayfasi/Firma_Kodu'

2021-11-23 09:39:00 - [MESSAGE][INFO] - Finding Test Object 'Object Repository/Sayfalar/Giris_Sayfasi/Firma_Kodu'

2021-11-23 09:39:00 - [MESSAGE][INFO] - Sending keys 'ELOGO6' to object: 'Object Repository/Sayfalar/Giris_Sayfasi/Firma_Kodu'

2021-11-23 09:39:00 - [MESSAGE][INFO] - Finding web element from Test Object's properties

2021-11-23 09:39:00 - [MESSAGE][INFO] - Checking timeout

2021-11-23 09:39:00 - [MESSAGE][INFO] - Finding web element with id: 'Object Repository/Sayfalar/Giris_Sayfasi/Firma_Kodu' located by 'By.xpath: //*[@id = 'AccountName']' in '30' second(s)

2021-11-23 09:39:00 - [MESSAGE][INFO] - Smart Wait Function is triggered

2021-11-23 09:39:00 - [MESSAGE][INFO] - Found 1 web elements with id: 'Object Repository/Sayfalar/Giris_Sayfasi/Firma_Kodu' located by 'By.xpath: //*[@id = 'AccountName']' in '30' second(s)

2021-11-23 09:39:01 - [MESSAGE][PASSED] - Keys 'ELOGO6' sent to object: 'Object Repository/Sayfalar/Giris_Sayfasi/Firma_Kodu'

2021-11-23 09:39:01 - [TEST_STEP][PASSED] - sendKeys(findTestObject("Sayfalar/Giris_Sayfasi/Sifre"), Sifre): Keys '123456' sent to object: 'Object Repository/Sayfalar/Giris_Sayfasi/Sifre'

2021-11-23 09:39:01 - [MESSAGE][INFO] - Finding Test Object 'Object Repository/Sayfalar/Giris_Sayfasi/Sifre'

2021-11-23 09:39:01 - [MESSAGE][INFO] - Sending keys '123456' to object: 'Object Repository/Sayfalar/Giris_Sayfasi/Sifre'

2021-11-23 09:39:01 - [MESSAGE][INFO] - Finding web element from Test Object's properties

2021-11-23 09:39:01 - [MESSAGE][INFO] - Checking timeout

2021-11-23 09:39:01 - [MESSAGE][INFO] - Finding web element with id: 'Object Repository/Sayfalar/Giris_Sayfasi/Sifre' located by 'By.xpath: //*[@id = 'Password']' in '30' second(s)

2021-11-23 09:39:01 - [MESSAGE][INFO] - Smart Wait Function is triggered

2021-11-23 09:39:01 - [MESSAGE][INFO] - Found 1 web elements with id: 'Object Repository/Sayfalar/Giris_Sayfasi/Sifre' located by 'By.xpath: //*[@id = 'Password']' in '30' second(s)

2021-11-23 09:39:01 - [MESSAGE][PASSED] - Keys '123456' sent to object: 'Object Repository/Sayfalar/Giris_Sayfasi/Sifre'

2021-11-23 09:39:01 - [TEST_STEP][PASSED] - findWebElement(findTestObject("Sayfalar/Giris_Sayfasi/Giris_Butonu")).click(): Found 1 web elements with id: 'Object Repository/Sayfalar/Giris_Sayfasi/Giris_Butonu' located by 'By.cssSelector: #btnLogin' in '30' second(s)

2021-11-23 09:39:01 - [MESSAGE][INFO] - Finding Test Object 'Object Repository/Sayfalar/Giris_Sayfasi/Giris_Butonu'

2021-11-23 09:39:01 - [MESSAGE][INFO] - Finding web element from Test Object's properties

2021-11-23 09:39:01 - [MESSAGE][INFO] - Checking timeout

2021-11-23 09:39:01 - [MESSAGE][INFO] - Finding web element with id: 'Object Repository/Sayfalar/Giris_Sayfasi/Giris_Butonu' located by 'By.cssSelector: #btnLogin' in '30' second(s)

2021-11-23 09:39:01 - [MESSAGE][INFO] - Smart Wait Function is triggered

2021-11-23 09:39:02 - [MESSAGE][INFO] - Found 1 web elements with id: 'Object Repository/Sayfalar/Giris_Sayfasi/Giris_Butonu' located by 'By.cssSelector: #btnLogin' in '30' second(s)

2021-11-23 09:39:04 - [TEST_STEP][PASSED] - if (verifyElementPresent(findTestObject("Object Repository/Sayfalar/Giris_Sayfasi/RetveTamam_Butonu"), 5, OPTIONAL)): null

2021-11-23 09:39:04 - [MESSAGE][INFO] - Finding Test Object 'Object Repository/Sayfalar/Giris_Sayfasi/RetveTamam_Butonu'

2021-11-23 09:39:04 - [MESSAGE][INFO] - Checking object

2021-11-23 09:39:04 - [MESSAGE][INFO] - Finding web element from Test Object's properties

2021-11-23 09:39:04 - [MESSAGE][INFO] - Checking timeout

2021-11-23 09:39:04 - [MESSAGE][INFO] - Finding web element with id: 'Object Repository/Sayfalar/Giris_Sayfasi/RetveTamam_Butonu' located by 'By.xpath: //*[@class = 'btn btn-default']' in '5' second(s)

2021-11-23 09:39:04 - [MESSAGE][INFO] - Smart Wait Function is triggered

2021-11-23 09:39:05 - [MESSAGE][INFO] - Found 1 web elements with id: 'Object Repository/Sayfalar/Giris_Sayfasi/RetveTamam_Butonu' located by 'By.xpath: //*[@class = 'btn btn-default']' in '5' second(s)

2021-11-23 09:39:05 - [MESSAGE][PASSED] - Object 'Object Repository/Sayfalar/Giris_Sayfasi/RetveTamam_Butonu' is present

2021-11-23 09:39:05 - [TEST_STEP][PASSED] - click(findTestObject("Object Repository/Sayfalar/Giris_Sayfasi/RetveTamam_Butonu")): Object: 'Object Repository/Sayfalar/Giris_Sayfasi/RetveTamam_Butonu' is clicked on

2021-11-23 09:39:05 - [MESSAGE][INFO] - Finding Test Object 'Object Repository/Sayfalar/Giris_Sayfasi/RetveTamam_Butonu'

2021-11-23 09:39:05 - [MESSAGE][INFO] - Checking object

2021-11-23 09:39:05 - [MESSAGE][INFO] - Finding web element from Test Object's properties

2021-11-23 09:39:05 - [MESSAGE][INFO] - Checking timeout

2021-11-23 09:39:05 - [MESSAGE][INFO] - Finding web element with id: 'Object Repository/Sayfalar/Giris_Sayfasi/RetveTamam_Butonu' located by 'By.xpath: //*[@class = 'btn btn-default']' in '30' second(s)

2021-11-23 09:39:05 - [MESSAGE][INFO] - Smart Wait Function is triggered

2021-11-23 09:39:05 - [MESSAGE][INFO] - Found 1 web elements with id: 'Object Repository/Sayfalar/Giris_Sayfasi/RetveTamam_Butonu' located by 'By.xpath: //*[@class = 'btn btn-default']' in '30' second(s)

2021-11-23 09:39:05 - [MESSAGE][INFO] - Clicking on object: 'Object Repository/Sayfalar/Giris_Sayfasi/RetveTamam_Butonu'

2021-11-23 09:39:05 - [MESSAGE][PASSED] - Object: 'Object Repository/Sayfalar/Giris_Sayfasi/RetveTamam_Butonu' is clicked on

2021-11-23 09:39:05 - [TEST_STEP][PASSED] - click(findTestObject("Object Repository/Sayfalar/Giris_Sayfasi/RetveTamam_Butonu")): Object: 'Object Repository/Sayfalar/Giris_Sayfasi/RetveTamam_Butonu' is clicked on

2021-11-23 09:39:05 - [MESSAGE][INFO] - Finding Test Object 'Object Repository/Sayfalar/Giris_Sayfasi/RetveTamam_Butonu'

2021-11-23 09:39:05 - [MESSAGE][INFO] - Checking object

2021-11-23 09:39:05 - [MESSAGE][INFO] - Finding web element from Test Object's properties

2021-11-23 09:39:05 - [MESSAGE][INFO] - Checking timeout

2021-11-23 09:39:05 - [MESSAGE][INFO] - Finding web element with id: 'Object Repository/Sayfalar/Giris_Sayfasi/RetveTamam_Butonu' located by 'By.xpath: //*[@class = 'btn btn-default']' in '30' second(s)

2021-11-23 09:39:05 - [MESSAGE][INFO] - Smart Wait Function is triggered

2021-11-23 09:39:14 - [MESSAGE][INFO] - Found 1 web elements with id: 'Object Repository/Sayfalar/Giris_Sayfasi/RetveTamam_Butonu' located by 'By.xpath: //*[@class = 'btn btn-default']' in '30' second(s)

2021-11-23 09:39:14 - [MESSAGE][INFO] - Clicking on object: 'Object Repository/Sayfalar/Giris_Sayfasi/RetveTamam_Butonu'

2021-11-23 09:39:14 - [MESSAGE][PASSED] - Object: 'Object Repository/Sayfalar/Giris_Sayfasi/RetveTamam_Butonu' is clicked on

2021-11-23 09:39:14 - [TEST_STEP][PASSED] - if (verifyElementPresent(findTestObject("Sayfalar/Giris_Sayfasi/PopupOK"), 5, OPTIONAL)): null

2021-11-23 09:39:14 - [MESSAGE][INFO] - Finding Test Object 'Object Repository/Sayfalar/Giris_Sayfasi/PopupOK'

2021-11-23 09:39:15 - [MESSAGE][INFO] - Checking object

2021-11-23 09:39:15 - [MESSAGE][INFO] - Finding web element from Test Object's properties

2021-11-23 09:39:15 - [MESSAGE][INFO] - Checking timeout

2021-11-23 09:39:15 - [MESSAGE][INFO] - Finding web element with id: 'Object Repository/Sayfalar/Giris_Sayfasi/PopupOK' located by 'By.cssSelector: .btn.btn-success' in '5' second(s)

2021-11-23 09:39:15 - [MESSAGE][INFO] - Smart Wait Function is triggered

2021-11-23 09:39:15 - [MESSAGE][INFO] - Found 1 web elements with id: 'Object Repository/Sayfalar/Giris_Sayfasi/PopupOK' located by 'By.cssSelector: .btn.btn-success' in '5' second(s)

2021-11-23 09:39:15 - [MESSAGE][PASSED] - Object 'Object Repository/Sayfalar/Giris_Sayfasi/PopupOK' is present

2021-11-23 09:39:15 - [TEST_STEP][PASSED] - click(findTestObject("Object Repository/Sayfalar/Giris_Sayfasi/PopupCarpiGiris")): Object: 'Object Repository/Sayfalar/Giris_Sayfasi/PopupCarpiGiris' is clicked on

2021-11-23 09:39:15 - [MESSAGE][INFO] - Finding Test Object 'Object Repository/Sayfalar/Giris_Sayfasi/PopupCarpiGiris'

2021-11-23 09:39:15 - [MESSAGE][INFO] - Checking object

2021-11-23 09:39:15 - [MESSAGE][INFO] - Finding web element from Test Object's properties

2021-11-23 09:39:15 - [MESSAGE][INFO] - Checking timeout

2021-11-23 09:39:15 - [MESSAGE][INFO] - Finding web element with id: 'Object Repository/Sayfalar/Giris_Sayfasi/PopupCarpiGiris' located by 'By.cssSelector: .bootbox-close-button.close' in '30' second(s)

2021-11-23 09:39:15 - [MESSAGE][INFO] - Smart Wait Function is triggered

2021-11-23 09:39:16 - [MESSAGE][INFO] - Found 1 web elements with id: 'Object Repository/Sayfalar/Giris_Sayfasi/PopupCarpiGiris' located by 'By.cssSelector: .bootbox-close-button.close' in '30' second(s)

2021-11-23 09:39:16 - [MESSAGE][INFO] - Clicking on object: 'Object Repository/Sayfalar/Giris_Sayfasi/PopupCarpiGiris'

2021-11-23 09:39:16 - [MESSAGE][PASSED] - Object: 'Object Repository/Sayfalar/Giris_Sayfasi/PopupCarpiGiris' is clicked on

2021-11-23 09:39:16 - [TEST_STEP][PASSED] - verifyElementVisible(findTestObject("Object Repository/Kullanici_Islemleri/KullaniciIslemleri")): Object 'Object Repository/Kullanici_Islemleri/KullaniciIslemleri' is visible

2021-11-23 09:39:16 - [MESSAGE][INFO] - Finding Test Object 'Object Repository/Kullanici_Islemleri/KullaniciIslemleri'

2021-11-23 09:39:16 - [MESSAGE][INFO] - Checking object

2021-11-23 09:39:16 - [MESSAGE][INFO] - Finding web element from Test Object's properties

2021-11-23 09:39:16 - [MESSAGE][INFO] - Checking timeout

2021-11-23 09:39:16 - [MESSAGE][INFO] - Finding web element with id: 'Object Repository/Kullanici_Islemleri/KullaniciIslemleri' located by 'By.cssSelector: .dropdown>a>img' in '30' second(s)

2021-11-23 09:39:16 - [MESSAGE][INFO] - Smart Wait Function is triggered

2021-11-23 09:39:17 - [MESSAGE][INFO] - Found 1 web elements with id: 'Object Repository/Kullanici_Islemleri/KullaniciIslemleri' located by 'By.cssSelector: .dropdown>a>img' in '30' second(s)

2021-11-23 09:39:17 - [MESSAGE][PASSED] - Object 'Object Repository/Kullanici_Islemleri/KullaniciIslemleri' is visible

2021-11-23 09:39:17 - [MESSAGE][PASSED] - Call Test Case 'Test Cases/Sayfalar/Giris_Sayfasi/Login' successfully

2021-11-23 09:39:17 - [MESSAGE][INFO] - Checking called Test Case

2021-11-23 09:39:17 - [MESSAGE][INFO] - Starting to call Test Case 'Test Cases/Menu/AnaMenuSecimi'

2021-11-23 09:39:17 - [TEST_CASE][PASSED] - Test Cases/Menu/AnaMenuSecimi: Test Cases/Menu/AnaMenuSecimi

2021-11-23 09:39:17 - [TEST_STEP][PASSED] - Method.TextDegerineEsitElementeTikla(findTestObject("Menu/Ana_Menu"), Ana_Menu): Method.TextDegerineEsitElementeTikla is PASSED

2021-11-23 09:39:17 - [MESSAGE][INFO] - Finding Test Object 'Object Repository/Menu/Ana_Menu'

2021-11-23 09:39:17 - [MESSAGE][INFO] - Checking timeout

2021-11-23 09:39:17 - [MESSAGE][INFO] - Finding web element with id: 'Object Repository/Menu/Ana_Menu' located by 'By.xpath: //*[@class = 'dropdown-toggle']' in '10' second(s)

2021-11-23 09:39:17 - [MESSAGE][INFO] - Smart Wait Function is triggered

2021-11-23 09:39:18 - [MESSAGE][INFO] - Found 14 web elements with id: 'Object Repository/Menu/Ana_Menu' located by 'By.xpath: //*[@class = 'dropdown-toggle']' in '10' second(s)

2021-11-23 09:39:18 - [MESSAGE][PASSED] - Method.TextDegerineEsitElementeTikla is PASSED

2021-11-23 09:39:18 - [MESSAGE][PASSED] - Call Test Case 'Test Cases/Menu/AnaMenuSecimi' successfully

2021-11-23 09:39:18 - [MESSAGE][INFO] - Checking called Test Case

2021-11-23 09:39:18 - [MESSAGE][INFO] - Starting to call Test Case 'Test Cases/Menu/AltMenuSecimi'

2021-11-23 09:39:18 - [TEST_CASE][PASSED] - Test Cases/Menu/AltMenuSecimi: Test Cases/Menu/AltMenuSecimi

2021-11-23 09:39:18 - [TEST_STEP][PASSED] - Method.TextDegerineEsitElementeTikla(findTestObject("Menu/Alt_Menu"), Alt_Menu): Method.TextDegerineEsitElementeTikla is PASSED

2021-11-23 09:39:18 - [MESSAGE][INFO] - Finding Test Object 'Object Repository/Menu/Alt_Menu'

2021-11-23 09:39:18 - [MESSAGE][INFO] - Checking timeout

2021-11-23 09:39:18 - [MESSAGE][INFO] - Finding web element with id: 'Object Repository/Menu/Alt_Menu' located by 'By.xpath: //li[@class='dropdown dropdown-large open']//li[@class='dropdown-element']' in '10' second(s)

2021-11-23 09:39:18 - [MESSAGE][INFO] - Smart Wait Function is triggered

2021-11-23 09:39:19 - [MESSAGE][INFO] - Found 2 web elements with id: 'Object Repository/Menu/Alt_Menu' located by 'By.xpath: //li[@class='dropdown dropdown-large open']//li[@class='dropdown-element']' in '10' second(s)

2021-11-23 09:39:24 - [MESSAGE][PASSED] - Method.TextDegerineEsitElementeTikla is PASSED

2021-11-23 09:39:24 - [MESSAGE][PASSED] - Call Test Case 'Test Cases/Menu/AltMenuSecimi' successfully

2021-11-23 09:39:24 - [MESSAGE][INFO] - Checking called Test Case

2021-11-23 09:39:24 - [MESSAGE][INFO] - Starting to call Test Case 'Test Cases/Filtreler/BaslangicYaz'

2021-11-23 09:39:24 - [TEST_CASE][PASSED] - Test Cases/Filtreler/BaslangicYaz: Test Cases/Filtreler/BaslangicYaz

2021-11-23 09:39:25 - [TEST_STEP][PASSED] - delay(3): Delayed 3 second(s)

2021-11-23 09:39:25 - [MESSAGE][INFO] - Delaying browser in 3 second(s)

2021-11-23 09:39:28 - [MESSAGE][PASSED] - Delayed 3 second(s)

2021-11-23 09:39:28 - [TEST_STEP][PASSED] - Method.TextDegerineEsitElementinAltindakineTikla(findTestObject("Filtreler/Basliklar"), findTestObject("Filtreler/Basliga_Gore_Baslangic_Image"), Filtre_Adi): Method.TextDegerineEsitElementinAltindakineTikla is PASSED

2021-11-23 09:39:28 - [MESSAGE][INFO] - Finding Test Object 'Object Repository/Filtreler/Basliklar'

2021-11-23 09:39:28 - [MESSAGE][INFO] - Finding Test Object 'Object Repository/Filtreler/Basliga_Gore_Baslangic_Image'

2021-11-23 09:39:28 - [MESSAGE][INFO] - Checking timeout

2021-11-23 09:39:28 - [MESSAGE][INFO] - Finding web element with id: 'Object Repository/Filtreler/Basliklar' located by 'By.cssSelector: .control-label.col-sm-4.paddingMarginRLC' in '10' second(s)

2021-11-23 09:39:28 - [MESSAGE][INFO] - Smart Wait Function is triggered

2021-11-23 09:39:28 - [MESSAGE][INFO] - Found 8 web elements with id: 'Object Repository/Filtreler/Basliklar' located by 'By.cssSelector: .control-label.col-sm-4.paddingMarginRLC' in '10' second(s)

2021-11-23 09:39:28 - [MESSAGE][INFO] - Smart Wait Function is triggered

2021-11-23 09:39:29 - [MESSAGE][PASSED] - Method.TextDegerineEsitElementinAltindakineTikla is PASSED

2021-11-23 09:39:29 - [TEST_STEP][PASSED] - Method.TextDegerineEsitElementinAltindakiTextboxtaYaz(findTestObject("Filtreler/Basliklar"), findTestObject("Filtreler/Basliga_Gore_Baslangic"), Filtre_Adi, Filtre_Degeri): Method.TextDegerineEsitElementinAltindakiTextboxtaYaz is PASSED

2021-11-23 09:39:29 - [MESSAGE][INFO] - Finding Test Object 'Object Repository/Filtreler/Basliklar'

2021-11-23 09:39:29 - [MESSAGE][INFO] - Finding Test Object 'Object Repository/Filtreler/Basliga_Gore_Baslangic'

2021-11-23 09:39:29 - [MESSAGE][INFO] - Checking timeout

2021-11-23 09:39:29 - [MESSAGE][INFO] - Finding web element with id: 'Object Repository/Filtreler/Basliklar' located by 'By.cssSelector: .control-label.col-sm-4.paddingMarginRLC' in '10' second(s)

2021-11-23 09:39:29 - [MESSAGE][INFO] - Smart Wait Function is triggered

2021-11-23 09:39:29 - [MESSAGE][INFO] - Found 8 web elements with id: 'Object Repository/Filtreler/Basliklar' located by 'By.cssSelector: .control-label.col-sm-4.paddingMarginRLC' in '10' second(s)

2021-11-23 09:39:29 - [MESSAGE][INFO] - Smart Wait Function is triggered

2021-11-23 09:39:30 - [MESSAGE][PASSED] - Method.TextDegerineEsitElementinAltindakiTextboxtaYaz is PASSED

2021-11-23 09:39:30 - [MESSAGE][PASSED] - Call Test Case 'Test Cases/Filtreler/BaslangicYaz' successfully

2021-11-23 09:39:30 - [MESSAGE][INFO] - Checking called Test Case

2021-11-23 09:39:30 - [MESSAGE][INFO] - Starting to call Test Case 'Test Cases/Filtreler/BitisYaz'

2021-11-23 09:39:30 - [TEST_CASE][PASSED] - Test Cases/Filtreler/BitisYaz: Test Cases/Filtreler/BitisYaz

2021-11-23 09:39:30 - [TEST_STEP][PASSED] - Method.TextDegerineEsitElementinAltindakineTikla(findTestObject("Filtreler/Basliklar"), findTestObject("Filtreler/Basliga_Gore_Bitis_Image"), Filtre_Adi): Method.TextDegerineEsitElementinAltindakineTikla is PASSED

2021-11-23 09:39:30 - [MESSAGE][INFO] - Finding Test Object 'Object Repository/Filtreler/Basliklar'

2021-11-23 09:39:30 - [MESSAGE][INFO] - Finding Test Object 'Object Repository/Filtreler/Basliga_Gore_Bitis_Image'

2021-11-23 09:39:30 - [MESSAGE][INFO] - Checking timeout

2021-11-23 09:39:30 - [MESSAGE][INFO] - Finding web element with id: 'Object Repository/Filtreler/Basliklar' located by 'By.cssSelector: .control-label.col-sm-4.paddingMarginRLC' in '10' second(s)

2021-11-23 09:39:30 - [MESSAGE][INFO] - Smart Wait Function is triggered

2021-11-23 09:39:31 - [MESSAGE][INFO] - Found 8 web elements with id: 'Object Repository/Filtreler/Basliklar' located by 'By.cssSelector: .control-label.col-sm-4.paddingMarginRLC' in '10' second(s)

2021-11-23 09:39:31 - [MESSAGE][INFO] - Smart Wait Function is triggered

2021-11-23 09:39:31 - [MESSAGE][PASSED] - Method.TextDegerineEsitElementinAltindakineTikla is PASSED

2021-11-23 09:39:31 - [TEST_STEP][PASSED] - Method.TextDegerineEsitElementinAltindakiTextboxtaYaz(findTestObject("Filtreler/Basliklar"), findTestObject("Object Repository/Filtreler/Basliga_Gore_Bitis"), Filtre_Adi, Filtre_Degeri): Method.TextDegerineEsitElementinAltindakiTextboxtaYaz is PASSED

2021-11-23 09:39:31 - [MESSAGE][INFO] - Finding Test Object 'Object Repository/Filtreler/Basliklar'

2021-11-23 09:39:31 - [MESSAGE][INFO] - Finding Test Object 'Object Repository/Filtreler/Basliga_Gore_Bitis'

2021-11-23 09:39:31 - [MESSAGE][INFO] - Checking timeout

2021-11-23 09:39:31 - [MESSAGE][INFO] - Finding web element with id: 'Object Repository/Filtreler/Basliklar' located by 'By.cssSelector: .control-label.col-sm-4.paddingMarginRLC' in '10' second(s)

2021-11-23 09:39:31 - [MESSAGE][INFO] - Smart Wait Function is triggered

2021-11-23 09:39:31 - [MESSAGE][INFO] - Found 8 web elements with id: 'Object Repository/Filtreler/Basliklar' located by 'By.cssSelector: .control-label.col-sm-4.paddingMarginRLC' in '10' second(s)

2021-11-23 09:39:31 - [MESSAGE][INFO] - Smart Wait Function is triggered

2021-11-23 09:39:32 - [MESSAGE][PASSED] - Method.TextDegerineEsitElementinAltindakiTextboxtaYaz is PASSED

2021-11-23 09:39:32 - [MESSAGE][PASSED] - Call Test Case 'Test Cases/Filtreler/BitisYaz' successfully

2021-11-23 09:39:32 - [MESSAGE][INFO] - Checking called Test Case

2021-11-23 09:39:32 - [MESSAGE][INFO] - Starting to call Test Case 'Test Cases/Filtreler/ButonaTikla'

2021-11-23 09:39:32 - [TEST_CASE][PASSED] - Test Cases/Filtreler/ButonaTikla: Test Cases/Filtreler/ButonaTikla

2021-11-23 09:39:32 - [TEST_STEP][PASSED] - Method.TextDegerineEsitElementeTikla(findTestObject("Filtreler/Butonlar"), Filtre_Buton): Method.TextDegerineEsitElementeTikla is PASSED

2021-11-23 09:39:32 - [MESSAGE][INFO] - Finding Test Object 'Object Repository/Filtreler/Butonlar'

2021-11-23 09:39:33 - [MESSAGE][INFO] - Checking timeout

2021-11-23 09:39:33 - [MESSAGE][INFO] - Finding web element with id: 'Object Repository/Filtreler/Butonlar' located by 'By.cssSelector: .dxb>span' in '10' second(s)

2021-11-23 09:39:33 - [MESSAGE][INFO] - Smart Wait Function is triggered

2021-11-23 09:39:33 - [MESSAGE][INFO] - Found 3 web elements with id: 'Object Repository/Filtreler/Butonlar' located by 'By.cssSelector: .dxb>span' in '10' second(s)

2021-11-23 09:39:33 - [MESSAGE][PASSED] - Method.TextDegerineEsitElementeTikla is PASSED

2021-11-23 09:39:33 - [MESSAGE][PASSED] - Call Test Case 'Test Cases/Filtreler/ButonaTikla' successfully

2021-11-23 09:39:33 - [MESSAGE][INFO] - Checking called Test Case

2021-11-23 09:39:33 - [MESSAGE][INFO] - Starting to call Test Case 'Test Cases/Tablo/TablodakiVeriDetayi'

2021-11-23 09:39:33 - [TEST_CASE][PASSED] - Test Cases/Tablo/TablodakiVeriDetayi: Test Cases/Tablo/TablodakiVeriDetayi

2021-11-23 09:39:34 - [TEST_STEP][PASSED] - Method.TextDegerineEsitElementinAltindakineTikla(findTestObject("Tablo/Veriler"), findTestObject("Object Repository/Tablo/VerininArtiButonu"), Veri_Adi): Method.TextDegerineEsitElementinAltindakineTikla is PASSED

2021-11-23 09:39:34 - [MESSAGE][INFO] - Finding Test Object 'Object Repository/Tablo/Veriler'

2021-11-23 09:39:34 - [MESSAGE][INFO] - Finding Test Object 'Object Repository/Tablo/VerininArtiButonu'

2021-11-23 09:39:34 - [MESSAGE][INFO] - Checking timeout

2021-11-23 09:39:34 - [MESSAGE][INFO] - Finding web element with id: 'Object Repository/Tablo/Veriler' located by 'By.cssSelector: td.dxgv b ,td.dxgv' in '10' second(s)

2021-11-23 09:39:34 - [MESSAGE][INFO] - Smart Wait Function is triggered

2021-11-23 09:39:34 - [MESSAGE][INFO] - Found 110 web elements with id: 'Object Repository/Tablo/Veriler' located by 'By.cssSelector: td.dxgv b ,td.dxgv' in '10' second(s)

2021-11-23 09:39:34 - [MESSAGE][INFO] - Smart Wait Function is triggered

2021-11-23 09:39:35 - [MESSAGE][PASSED] - Method.TextDegerineEsitElementinAltindakineTikla is PASSED

2021-11-23 09:39:35 - [MESSAGE][PASSED] - Call Test Case 'Test Cases/Tablo/TablodakiVeriDetayi' successfully

2021-11-23 09:39:35 - [MESSAGE][INFO] - Checking called Test Case

2021-11-23 09:39:35 - [MESSAGE][INFO] - Starting to call Test Case 'Test Cases/Tablo/TablodakiVeriDetayi'

2021-11-23 09:39:35 - [TEST_CASE][PASSED] - Test Cases/Tablo/TablodakiVeriDetayi: Test Cases/Tablo/TablodakiVeriDetayi

2021-11-23 09:39:35 - [TEST_STEP][PASSED] - Method.TextDegerineEsitElementinAltindakineTikla(findTestObject("Tablo/Veriler"), findTestObject("Object Repository/Tablo/VerininArtiButonu"), Veri_Adi): Method.TextDegerineEsitElementinAltindakineTikla is PASSED

2021-11-23 09:39:35 - [MESSAGE][INFO] - Finding Test Object 'Object Repository/Tablo/Veriler'

2021-11-23 09:39:35 - [MESSAGE][INFO] - Finding Test Object 'Object Repository/Tablo/VerininArtiButonu'

2021-11-23 09:39:35 - [MESSAGE][INFO] - Checking timeout

2021-11-23 09:39:35 - [MESSAGE][INFO] - Finding web element with id: 'Object Repository/Tablo/Veriler' located by 'By.cssSelector: td.dxgv b ,td.dxgv' in '10' second(s)

2021-11-23 09:39:35 - [MESSAGE][INFO] - Smart Wait Function is triggered

2021-11-23 09:39:36 - [MESSAGE][INFO] - Found 133 web elements with id: 'Object Repository/Tablo/Veriler' located by 'By.cssSelector: td.dxgv b ,td.dxgv' in '10' second(s)

2021-11-23 09:39:36 - [MESSAGE][INFO] - Smart Wait Function is triggered

2021-11-23 09:39:36 - [MESSAGE][PASSED] - Method.TextDegerineEsitElementinAltindakineTikla is PASSED

2021-11-23 09:39:36 - [MESSAGE][PASSED] - Call Test Case 'Test Cases/Tablo/TablodakiVeriDetayi' successfully

2021-11-23 09:39:36 - [MESSAGE][INFO] - Checking called Test Case

2021-11-23 09:39:36 - [MESSAGE][INFO] - Starting to call Test Case 'Test Cases/Butonlar/NumaraliSayfayaGec'

2021-11-23 09:39:36 - [TEST_CASE][PASSED] - Test Cases/Butonlar/NumaraliSayfayaGec: Test Cases/Butonlar/NumaraliSayfayaGec

2021-11-23 09:39:37 - [TEST_STEP][PASSED] - waitForElementClickable(findTestObject("Butonlar/SayfaNumarasi"), 10): Object 'Object Repository/Butonlar/SayfaNumarasi' is clickable

2021-11-23 09:39:37 - [MESSAGE][INFO] - Finding Test Object 'Object Repository/Butonlar/SayfaNumarasi'

2021-11-23 09:39:37 - [MESSAGE][INFO] - Checking object

2021-11-23 09:39:37 - [MESSAGE][INFO] - Checking timeout

2021-11-23 09:39:37 - [MESSAGE][INFO] - Finding web element from Test Object's properties

2021-11-23 09:39:37 - [MESSAGE][INFO] - Checking timeout

2021-11-23 09:39:37 - [MESSAGE][INFO] - Finding web element with id: 'Object Repository/Butonlar/SayfaNumarasi' located by 'By.cssSelector: .dxp-num' in '10' second(s)

2021-11-23 09:39:37 - [MESSAGE][INFO] - Smart Wait Function is triggered

2021-11-23 09:39:38 - [MESSAGE][INFO] - Found 2 web elements with id: 'Object Repository/Butonlar/SayfaNumarasi' located by 'By.cssSelector: .dxp-num' in '10' second(s)

2021-11-23 09:39:38 - [MESSAGE][PASSED] - Object 'Object Repository/Butonlar/SayfaNumarasi' is clickable

2021-11-23 09:39:38 - [TEST_STEP][PASSED] - Method.TextDegerineEsitElementeTiklaEquals(findTestObject("Butonlar/SayfaNumarasi"), SayfaNumarasi): Method.TextDegerineEsitElementeTiklaEquals is PASSED

2021-11-23 09:39:38 - [MESSAGE][INFO] - Finding Test Object 'Object Repository/Butonlar/SayfaNumarasi'

2021-11-23 09:39:38 - [MESSAGE][INFO] - Checking timeout

2021-11-23 09:39:38 - [MESSAGE][INFO] - Finding web element with id: 'Object Repository/Butonlar/SayfaNumarasi' located by 'By.cssSelector: .dxp-num' in '10' second(s)

2021-11-23 09:39:38 - [MESSAGE][INFO] - Smart Wait Function is triggered

2021-11-23 09:39:38 - [MESSAGE][INFO] - Found 2 web elements with id: 'Object Repository/Butonlar/SayfaNumarasi' located by 'By.cssSelector: .dxp-num' in '10' second(s)

2021-11-23 09:39:38 - [MESSAGE][PASSED] - Method.TextDegerineEsitElementeTiklaEquals is PASSED

2021-11-23 09:39:38 - [MESSAGE][PASSED] - Call Test Case 'Test Cases/Butonlar/NumaraliSayfayaGec' successfully

2021-11-23 09:39:38 - [MESSAGE][INFO] - Checking called Test Case

2021-11-23 09:39:38 - [MESSAGE][INFO] - Starting to call Test Case 'Test Cases/Butonlar/NumaraliSayfayaGec'

2021-11-23 09:39:38 - [TEST_CASE][PASSED] - Test Cases/Butonlar/NumaraliSayfayaGec: Test Cases/Butonlar/NumaraliSayfayaGec

2021-11-23 09:39:38 - [TEST_STEP][PASSED] - waitForElementClickable(findTestObject("Butonlar/SayfaNumarasi"), 10): Object 'Object Repository/Butonlar/SayfaNumarasi' is clickable

2021-11-23 09:39:38 - [MESSAGE][INFO] - Finding Test Object 'Object Repository/Butonlar/SayfaNumarasi'

2021-11-23 09:39:38 - [MESSAGE][INFO] - Checking object

2021-11-23 09:39:38 - [MESSAGE][INFO] - Checking timeout

2021-11-23 09:39:38 - [MESSAGE][INFO] - Finding web element from Test Object's properties

2021-11-23 09:39:38 - [MESSAGE][INFO] - Checking timeout

2021-11-23 09:39:38 - [MESSAGE][INFO] - Finding web element with id: 'Object Repository/Butonlar/SayfaNumarasi' located by 'By.cssSelector: .dxp-num' in '10' second(s)

2021-11-23 09:39:38 - [MESSAGE][INFO] - Smart Wait Function is triggered

2021-11-23 09:39:39 - [MESSAGE][INFO] - Found 2 web elements with id: 'Object Repository/Butonlar/SayfaNumarasi' located by 'By.cssSelector: .dxp-num' in '10' second(s)

2021-11-23 09:39:39 - [MESSAGE][PASSED] - Object 'Object Repository/Butonlar/SayfaNumarasi' is clickable

2021-11-23 09:39:39 - [TEST_STEP][PASSED] - Method.TextDegerineEsitElementeTiklaEquals(findTestObject("Butonlar/SayfaNumarasi"), SayfaNumarasi): Method.TextDegerineEsitElementeTiklaEquals is PASSED

2021-11-23 09:39:39 - [MESSAGE][INFO] - Finding Test Object 'Object Repository/Butonlar/SayfaNumarasi'

2021-11-23 09:39:39 - [MESSAGE][INFO] - Checking timeout

2021-11-23 09:39:39 - [MESSAGE][INFO] - Finding web element with id: 'Object Repository/Butonlar/SayfaNumarasi' located by 'By.cssSelector: .dxp-num' in '10' second(s)

2021-11-23 09:39:39 - [MESSAGE][INFO] - Smart Wait Function is triggered

2021-11-23 09:39:39 - [MESSAGE][INFO] - Found 2 web elements with id: 'Object Repository/Butonlar/SayfaNumarasi' located by 'By.cssSelector: .dxp-num' in '10' second(s)

2021-11-23 09:39:39 - [MESSAGE][PASSED] - Method.TextDegerineEsitElementeTiklaEquals is PASSED

2021-11-23 09:39:39 - [MESSAGE][PASSED] - Call Test Case 'Test Cases/Butonlar/NumaraliSayfayaGec' successfully

2021-11-23 09:39:39 - [MESSAGE][INFO] - Checking called Test Case

2021-11-23 09:39:39 - [MESSAGE][INFO] - Starting to call Test Case 'Test Cases/Butonlar/SayfaBoyutuZarflar'

2021-11-23 09:39:39 - [TEST_CASE][PASSED] - Test Cases/Butonlar/SayfaBoyutuZarflar: Test Cases/Butonlar/SayfaBoyutuZarflar

2021-11-23 09:39:40 - [TEST_STEP][PASSED] - click(findTestObject("Object Repository/Butonlar/SayfaBoyutuDropdownZarflar")): Object: 'Object Repository/Butonlar/SayfaBoyutuDropdownZarflar' is clicked on

2021-11-23 09:39:40 - [MESSAGE][INFO] - Finding Test Object 'Object Repository/Butonlar/SayfaBoyutuDropdownZarflar'

2021-11-23 09:39:40 - [MESSAGE][INFO] - Checking object

2021-11-23 09:39:40 - [MESSAGE][INFO] - Finding web element from Test Object's properties

2021-11-23 09:39:40 - [MESSAGE][INFO] - Checking timeout

2021-11-23 09:39:40 - [MESSAGE][INFO] - Finding web element with id: 'Object Repository/Butonlar/SayfaBoyutuDropdownZarflar' located by 'By.xpath: //*[@id="GridViewEnvelope_DXPagerBottom_DDB"]' in '30' second(s)

2021-11-23 09:39:40 - [MESSAGE][INFO] - Smart Wait Function is triggered

2021-11-23 09:39:40 - [MESSAGE][INFO] - Found 1 web elements with id: 'Object Repository/Butonlar/SayfaBoyutuDropdownZarflar' located by 'By.xpath: //*[@id="GridViewEnvelope_DXPagerBottom_DDB"]' in '30' second(s)

2021-11-23 09:39:40 - [MESSAGE][INFO] - Clicking on object: 'Object Repository/Butonlar/SayfaBoyutuDropdownZarflar'

2021-11-23 09:39:40 - [MESSAGE][PASSED] - Object: 'Object Repository/Butonlar/SayfaBoyutuDropdownZarflar' is clicked on

2021-11-23 09:39:40 - [TEST_STEP][PASSED] - Method.TextDegerineEsitElementeTikla(findTestObject("Butonlar/SayfaBoyutu"), SayfaBoyutu): Method.TextDegerineEsitElementeTikla is PASSED

2021-11-23 09:39:40 - [MESSAGE][INFO] - Finding Test Object 'Object Repository/Butonlar/SayfaBoyutu'

2021-11-23 09:39:40 - [MESSAGE][INFO] - Checking timeout

2021-11-23 09:39:40 - [MESSAGE][INFO] - Finding web element with id: 'Object Repository/Butonlar/SayfaBoyutu' located by 'By.cssSelector: .dxm-item .dx-vam' in '10' second(s)

2021-11-23 09:39:40 - [MESSAGE][INFO] - Smart Wait Function is triggered

2021-11-23 09:39:41 - [MESSAGE][INFO] - Found 3 web elements with id: 'Object Repository/Butonlar/SayfaBoyutu' located by 'By.cssSelector: .dxm-item .dx-vam' in '10' second(s)

2021-11-23 09:39:41 - [MESSAGE][PASSED] - Method.TextDegerineEsitElementeTikla is PASSED

2021-11-23 09:39:41 - [MESSAGE][PASSED] - Call Test Case 'Test Cases/Butonlar/SayfaBoyutuZarflar' successfully

2021-11-23 09:39:41 - [MESSAGE][INFO] - Checking called Test Case

2021-11-23 09:39:41 - [MESSAGE][INFO] - Starting to call Test Case 'Test Cases/Butonlar/SayfaBoyutuZarflar'

2021-11-23 09:39:41 - [TEST_CASE][PASSED] - Test Cases/Butonlar/SayfaBoyutuZarflar: Test Cases/Butonlar/SayfaBoyutuZarflar

2021-11-23 09:39:41 - [TEST_STEP][PASSED] - click(findTestObject("Object Repository/Butonlar/SayfaBoyutuDropdownZarflar")): Object: 'Object Repository/Butonlar/SayfaBoyutuDropdownZarflar' is clicked on

2021-11-23 09:39:41 - [MESSAGE][INFO] - Finding Test Object 'Object Repository/Butonlar/SayfaBoyutuDropdownZarflar'

2021-11-23 09:39:41 - [MESSAGE][INFO] - Checking object

2021-11-23 09:39:41 - [MESSAGE][INFO] - Finding web element from Test Object's properties

2021-11-23 09:39:41 - [MESSAGE][INFO] - Checking timeout

2021-11-23 09:39:41 - [MESSAGE][INFO] - Finding web element with id: 'Object Repository/Butonlar/SayfaBoyutuDropdownZarflar' located by 'By.xpath: //*[@id="GridViewEnvelope_DXPagerBottom_DDB"]' in '30' second(s)

2021-11-23 09:39:41 - [MESSAGE][INFO] - Smart Wait Function is triggered

2021-11-23 09:39:41 - [MESSAGE][INFO] - Found 1 web elements with id: 'Object Repository/Butonlar/SayfaBoyutuDropdownZarflar' located by 'By.xpath: //*[@id="GridViewEnvelope_DXPagerBottom_DDB"]' in '30' second(s)

2021-11-23 09:39:41 - [MESSAGE][INFO] - Clicking on object: 'Object Repository/Butonlar/SayfaBoyutuDropdownZarflar'

2021-11-23 09:39:41 - [MESSAGE][PASSED] - Object: 'Object Repository/Butonlar/SayfaBoyutuDropdownZarflar' is clicked on

2021-11-23 09:39:41 - [TEST_STEP][PASSED] - Method.TextDegerineEsitElementeTikla(findTestObject("Butonlar/SayfaBoyutu"), SayfaBoyutu): Method.TextDegerineEsitElementeTikla is PASSED

2021-11-23 09:39:41 - [MESSAGE][INFO] - Finding Test Object 'Object Repository/Butonlar/SayfaBoyutu'

2021-11-23 09:39:41 - [MESSAGE][INFO] - Checking timeout

2021-11-23 09:39:41 - [MESSAGE][INFO] - Finding web element with id: 'Object Repository/Butonlar/SayfaBoyutu' located by 'By.cssSelector: .dxm-item .dx-vam' in '10' second(s)

2021-11-23 09:39:41 - [MESSAGE][INFO] - Smart Wait Function is triggered

2021-11-23 09:39:42 - [MESSAGE][INFO] - Found 3 web elements with id: 'Object Repository/Butonlar/SayfaBoyutu' located by 'By.cssSelector: .dxm-item .dx-vam' in '10' second(s)

2021-11-23 09:39:42 - [MESSAGE][PASSED] - Method.TextDegerineEsitElementeTikla is PASSED

2021-11-23 09:39:42 - [MESSAGE][PASSED] - Call Test Case 'Test Cases/Butonlar/SayfaBoyutuZarflar' successfully

2021-11-23 09:39:42 - [MESSAGE][INFO] - Checking called Test Case

2021-11-23 09:39:42 - [MESSAGE][INFO] - Starting to call Test Case 'Test Cases/Butonlar/SayfaBoyutuZarflar'

2021-11-23 09:39:42 - [TEST_CASE][PASSED] - Test Cases/Butonlar/SayfaBoyutuZarflar: Test Cases/Butonlar/SayfaBoyutuZarflar

2021-11-23 09:39:42 - [TEST_STEP][PASSED] - click(findTestObject("Object Repository/Butonlar/SayfaBoyutuDropdownZarflar")): Object: 'Object Repository/Butonlar/SayfaBoyutuDropdownZarflar' is clicked on

2021-11-23 09:39:42 - [MESSAGE][INFO] - Finding Test Object 'Object Repository/Butonlar/SayfaBoyutuDropdownZarflar'

2021-11-23 09:39:42 - [MESSAGE][INFO] - Checking object

2021-11-23 09:39:42 - [MESSAGE][INFO] - Finding web element from Test Object's properties

2021-11-23 09:39:42 - [MESSAGE][INFO] - Checking timeout

2021-11-23 09:39:42 - [MESSAGE][INFO] - Finding web element with id: 'Object Repository/Butonlar/SayfaBoyutuDropdownZarflar' located by 'By.xpath: //*[@id="GridViewEnvelope_DXPagerBottom_DDB"]' in '30' second(s)

2021-11-23 09:39:42 - [MESSAGE][INFO] - Smart Wait Function is triggered

2021-11-23 09:39:42 - [MESSAGE][INFO] - Found 1 web elements with id: 'Object Repository/Butonlar/SayfaBoyutuDropdownZarflar' located by 'By.xpath: //*[@id="GridViewEnvelope_DXPagerBottom_DDB"]' in '30' second(s)

2021-11-23 09:39:42 - [MESSAGE][INFO] - Clicking on object: 'Object Repository/Butonlar/SayfaBoyutuDropdownZarflar'

2021-11-23 09:39:42 - [MESSAGE][PASSED] - Object: 'Object Repository/Butonlar/SayfaBoyutuDropdownZarflar' is clicked on

2021-11-23 09:39:42 - [TEST_STEP][PASSED] - Method.TextDegerineEsitElementeTikla(findTestObject("Butonlar/SayfaBoyutu"), SayfaBoyutu): Method.TextDegerineEsitElementeTikla is PASSED

2021-11-23 09:39:42 - [MESSAGE][INFO] - Finding Test Object 'Object Repository/Butonlar/SayfaBoyutu'

2021-11-23 09:39:43 - [MESSAGE][INFO] - Checking timeout

2021-11-23 09:39:43 - [MESSAGE][INFO] - Finding web element with id: 'Object Repository/Butonlar/SayfaBoyutu' located by 'By.cssSelector: .dxm-item .dx-vam' in '10' second(s)

2021-11-23 09:39:43 - [MESSAGE][INFO] - Smart Wait Function is triggered

2021-11-23 09:39:43 - [MESSAGE][INFO] - Found 3 web elements with id: 'Object Repository/Butonlar/SayfaBoyutu' located by 'By.cssSelector: .dxm-item .dx-vam' in '10' second(s)

2021-11-23 09:39:43 - [MESSAGE][PASSED] - Method.TextDegerineEsitElementeTikla is PASSED

2021-11-23 09:39:43 - [MESSAGE][PASSED] - Call Test Case 'Test Cases/Butonlar/SayfaBoyutuZarflar' successfully

2021-11-23 09:39:43 - [MESSAGE][INFO] - Checking called Test Case

2021-11-23 09:39:43 - [MESSAGE][INFO] - Starting to call Test Case 'Test Cases/Filtreler/FiltreVarMi'

2021-11-23 09:39:43 - [TEST_CASE][PASSED] - Test Cases/Filtreler/FiltreVarMi: Test Cases/Filtreler/FiltreVarMi

2021-11-23 09:39:43 - [TEST_STEP][PASSED] - Method.TextDegerineEsitElementVarMi(findTestObject("Filtreler/Basliklar"), Filtre_alan): Method.TextDegerineEsitElementVarMi is PASSED

2021-11-23 09:39:43 - [MESSAGE][INFO] - Finding Test Object 'Object Repository/Filtreler/Basliklar'

2021-11-23 09:39:43 - [MESSAGE][INFO] - Checking timeout

2021-11-23 09:39:43 - [MESSAGE][INFO] - Finding web element with id: 'Object Repository/Filtreler/Basliklar' located by 'By.cssSelector: .control-label.col-sm-4.paddingMarginRLC' in '10' second(s)

2021-11-23 09:39:43 - [MESSAGE][INFO] - Smart Wait Function is triggered

2021-11-23 09:39:44 - [MESSAGE][INFO] - Found 8 web elements with id: 'Object Repository/Filtreler/Basliklar' located by 'By.cssSelector: .control-label.col-sm-4.paddingMarginRLC' in '10' second(s)

2021-11-23 09:39:44 - [MESSAGE][PASSED] - Method.TextDegerineEsitElementVarMi is PASSED

2021-11-23 09:39:44 - [MESSAGE][PASSED] - Call Test Case 'Test Cases/Filtreler/FiltreVarMi' successfully

2021-11-23 09:39:44 - [MESSAGE][INFO] - Checking called Test Case

2021-11-23 09:39:44 - [MESSAGE][INFO] - Starting to call Test Case 'Test Cases/Filtreler/FiltreVarMi'

2021-11-23 09:39:44 - [TEST_CASE][PASSED] - Test Cases/Filtreler/FiltreVarMi: Test Cases/Filtreler/FiltreVarMi

2021-11-23 09:39:44 - [TEST_STEP][PASSED] - Method.TextDegerineEsitElementVarMi(findTestObject("Filtreler/Basliklar"), Filtre_alan): Method.TextDegerineEsitElementVarMi is PASSED

2021-11-23 09:39:44 - [MESSAGE][INFO] - Finding Test Object 'Object Repository/Filtreler/Basliklar'

2021-11-23 09:39:44 - [MESSAGE][INFO] - Checking timeout

2021-11-23 09:39:44 - [MESSAGE][INFO] - Finding web element with id: 'Object Repository/Filtreler/Basliklar' located by 'By.cssSelector: .control-label.col-sm-4.paddingMarginRLC' in '10' second(s)

2021-11-23 09:39:44 - [MESSAGE][INFO] - Smart Wait Function is triggered

2021-11-23 09:39:44 - [MESSAGE][INFO] - Found 8 web elements with id: 'Object Repository/Filtreler/Basliklar' located by 'By.cssSelector: .control-label.col-sm-4.paddingMarginRLC' in '10' second(s)

2021-11-23 09:39:44 - [MESSAGE][PASSED] - Method.TextDegerineEsitElementVarMi is PASSED

2021-11-23 09:39:44 - [MESSAGE][PASSED] - Call Test Case 'Test Cases/Filtreler/FiltreVarMi' successfully

2021-11-23 09:39:44 - [MESSAGE][INFO] - Checking called Test Case

2021-11-23 09:39:44 - [MESSAGE][INFO] - Starting to call Test Case 'Test Cases/Filtreler/FiltreVarMi'

2021-11-23 09:39:44 - [TEST_CASE][PASSED] - Test Cases/Filtreler/FiltreVarMi: Test Cases/Filtreler/FiltreVarMi

2021-11-23 09:39:44 - [TEST_STEP][PASSED] - Method.TextDegerineEsitElementVarMi(findTestObject("Filtreler/Basliklar"), Filtre_alan): Method.TextDegerineEsitElementVarMi is PASSED

2021-11-23 09:39:44 - [MESSAGE][INFO] - Finding Test Object 'Object Repository/Filtreler/Basliklar'

2021-11-23 09:39:44 - [MESSAGE][INFO] - Checking timeout

2021-11-23 09:39:44 - [MESSAGE][INFO] - Finding web element with id: 'Object Repository/Filtreler/Basliklar' located by 'By.cssSelector: .control-label.col-sm-4.paddingMarginRLC' in '10' second(s)

2021-11-23 09:39:44 - [MESSAGE][INFO] - Smart Wait Function is triggered

2021-11-23 09:39:45 - [MESSAGE][INFO] - Found 8 web elements with id: 'Object Repository/Filtreler/Basliklar' located by 'By.cssSelector: .control-label.col-sm-4.paddingMarginRLC' in '10' second(s)

2021-11-23 09:39:45 - [MESSAGE][PASSED] - Method.TextDegerineEsitElementVarMi is PASSED

2021-11-23 09:39:45 - [MESSAGE][PASSED] - Call Test Case 'Test Cases/Filtreler/FiltreVarMi' successfully

2021-11-23 09:39:45 - [MESSAGE][INFO] - Checking called Test Case

2021-11-23 09:39:45 - [MESSAGE][INFO] - Starting to call Test Case 'Test Cases/Filtreler/FiltreVarMi'

2021-11-23 09:39:45 - [TEST_CASE][PASSED] - Test Cases/Filtreler/FiltreVarMi: Test Cases/Filtreler/FiltreVarMi

2021-11-23 09:39:45 - [TEST_STEP][PASSED] - Method.TextDegerineEsitElementVarMi(findTestObject("Filtreler/Basliklar"), Filtre_alan): Method.TextDegerineEsitElementVarMi is PASSED

2021-11-23 09:39:45 - [MESSAGE][INFO] - Finding Test Object 'Object Repository/Filtreler/Basliklar'

2021-11-23 09:39:45 - [MESSAGE][INFO] - Checking timeout

2021-11-23 09:39:45 - [MESSAGE][INFO] - Finding web element with id: 'Object Repository/Filtreler/Basliklar' located by 'By.cssSelector: .control-label.col-sm-4.paddingMarginRLC' in '10' second(s)

2021-11-23 09:39:45 - [MESSAGE][INFO] - Smart Wait Function is triggered

2021-11-23 09:39:45 - [MESSAGE][INFO] - Found 8 web elements with id: 'Object Repository/Filtreler/Basliklar' located by 'By.cssSelector: .control-label.col-sm-4.paddingMarginRLC' in '10' second(s)

2021-11-23 09:39:45 - [MESSAGE][PASSED] - Method.TextDegerineEsitElementVarMi is PASSED

2021-11-23 09:39:45 - [MESSAGE][PASSED] - Call Test Case 'Test Cases/Filtreler/FiltreVarMi' successfully

2021-11-23 09:39:45 - [MESSAGE][INFO] - Checking called Test Case

2021-11-23 09:39:45 - [MESSAGE][INFO] - Starting to call Test Case 'Test Cases/Filtreler/FiltreVarMi'

2021-11-23 09:39:45 - [TEST_CASE][PASSED] - Test Cases/Filtreler/FiltreVarMi: Test Cases/Filtreler/FiltreVarMi

2021-11-23 09:39:45 - [TEST_STEP][PASSED] - Method.TextDegerineEsitElementVarMi(findTestObject("Filtreler/Basliklar"), Filtre_alan): Method.TextDegerineEsitElementVarMi is PASSED

2021-11-23 09:39:45 - [MESSAGE][INFO] - Finding Test Object 'Object Repository/Filtreler/Basliklar'

2021-11-23 09:39:45 - [MESSAGE][INFO] - Checking timeout

2021-11-23 09:39:45 - [MESSAGE][INFO] - Finding web element with id: 'Object Repository/Filtreler/Basliklar' located by 'By.cssSelector: .control-label.col-sm-4.paddingMarginRLC' in '10' second(s)

2021-11-23 09:39:45 - [MESSAGE][INFO] - Smart Wait Function is triggered

2021-11-23 09:39:46 - [MESSAGE][INFO] - Found 8 web elements with id: 'Object Repository/Filtreler/Basliklar' located by 'By.cssSelector: .control-label.col-sm-4.paddingMarginRLC' in '10' second(s)

2021-11-23 09:39:46 - [MESSAGE][PASSED] - Method.TextDegerineEsitElementVarMi is PASSED

2021-11-23 09:39:46 - [MESSAGE][PASSED] - Call Test Case 'Test Cases/Filtreler/FiltreVarMi' successfully

2021-11-23 09:39:46 - [MESSAGE][INFO] - Checking called Test Case

2021-11-23 09:39:46 - [MESSAGE][INFO] - Starting to call Test Case 'Test Cases/Filtreler/FiltreVarMi'

2021-11-23 09:39:46 - [TEST_CASE][PASSED] - Test Cases/Filtreler/FiltreVarMi: Test Cases/Filtreler/FiltreVarMi

2021-11-23 09:39:46 - [TEST_STEP][PASSED] - Method.TextDegerineEsitElementVarMi(findTestObject("Filtreler/Basliklar"), Filtre_alan): Method.TextDegerineEsitElementVarMi is PASSED

2021-11-23 09:39:46 - [MESSAGE][INFO] - Finding Test Object 'Object Repository/Filtreler/Basliklar'

2021-11-23 09:39:46 - [MESSAGE][INFO] - Checking timeout

2021-11-23 09:39:46 - [MESSAGE][INFO] - Finding web element with id: 'Object Repository/Filtreler/Basliklar' located by 'By.cssSelector: .control-label.col-sm-4.paddingMarginRLC' in '10' second(s)

2021-11-23 09:39:46 - [MESSAGE][INFO] - Smart Wait Function is triggered

2021-11-23 09:39:46 - [MESSAGE][INFO] - Found 8 web elements with id: 'Object Repository/Filtreler/Basliklar' located by 'By.cssSelector: .control-label.col-sm-4.paddingMarginRLC' in '10' second(s)

2021-11-23 09:39:46 - [MESSAGE][PASSED] - Method.TextDegerineEsitElementVarMi is PASSED

2021-11-23 09:39:46 - [MESSAGE][PASSED] - Call Test Case 'Test Cases/Filtreler/FiltreVarMi' successfully

2021-11-23 09:39:46 - [MESSAGE][INFO] - Checking called Test Case

2021-11-23 09:39:46 - [MESSAGE][INFO] - Starting to call Test Case 'Test Cases/Filtreler/FiltreVarMi'

2021-11-23 09:39:46 - [TEST_CASE][PASSED] - Test Cases/Filtreler/FiltreVarMi: Test Cases/Filtreler/FiltreVarMi

2021-11-23 09:39:46 - [TEST_STEP][PASSED] - Method.TextDegerineEsitElementVarMi(findTestObject("Filtreler/Basliklar"), Filtre_alan): Method.TextDegerineEsitElementVarMi is PASSED

2021-11-23 09:39:46 - [MESSAGE][INFO] - Finding Test Object 'Object Repository/Filtreler/Basliklar'

2021-11-23 09:39:46 - [MESSAGE][INFO] - Checking timeout

2021-11-23 09:39:46 - [MESSAGE][INFO] - Finding web element with id: 'Object Repository/Filtreler/Basliklar' located by 'By.cssSelector: .control-label.col-sm-4.paddingMarginRLC' in '10' second(s)

2021-11-23 09:39:46 - [MESSAGE][INFO] - Smart Wait Function is triggered

2021-11-23 09:39:47 - [MESSAGE][INFO] - Found 8 web elements with id: 'Object Repository/Filtreler/Basliklar' located by 'By.cssSelector: .control-label.col-sm-4.paddingMarginRLC' in '10' second(s)

2021-11-23 09:39:47 - [MESSAGE][PASSED] - Method.TextDegerineEsitElementVarMi is PASSED

2021-11-23 09:39:47 - [MESSAGE][PASSED] - Call Test Case 'Test Cases/Filtreler/FiltreVarMi' successfully

2021-11-23 09:39:47 - [MESSAGE][INFO] - Checking called Test Case

2021-11-23 09:39:47 - [MESSAGE][INFO] - Starting to call Test Case 'Test Cases/Filtreler/FiltreVarMi'

2021-11-23 09:39:47 - [TEST_CASE][PASSED] - Test Cases/Filtreler/FiltreVarMi: Test Cases/Filtreler/FiltreVarMi

2021-11-23 09:39:47 - [TEST_STEP][PASSED] - Method.TextDegerineEsitElementVarMi(findTestObject("Filtreler/Basliklar"), Filtre_alan): Method.TextDegerineEsitElementVarMi is PASSED

2021-11-23 09:39:47 - [MESSAGE][INFO] - Finding Test Object 'Object Repository/Filtreler/Basliklar'

2021-11-23 09:39:47 - [MESSAGE][INFO] - Checking timeout

2021-11-23 09:39:47 - [MESSAGE][INFO] - Finding web element with id: 'Object Repository/Filtreler/Basliklar' located by 'By.cssSelector: .control-label.col-sm-4.paddingMarginRLC' in '10' second(s)

2021-11-23 09:39:47 - [MESSAGE][INFO] - Smart Wait Function is triggered

2021-11-23 09:39:47 - [MESSAGE][INFO] - Found 8 web elements with id: 'Object Repository/Filtreler/Basliklar' located by 'By.cssSelector: .control-label.col-sm-4.paddingMarginRLC' in '10' second(s)

2021-11-23 09:39:47 - [MESSAGE][PASSED] - Method.TextDegerineEsitElementVarMi is PASSED

2021-11-23 09:39:47 - [MESSAGE][PASSED] - Call Test Case 'Test Cases/Filtreler/FiltreVarMi' successfully

2021-11-23 09:39:47 - [MESSAGE][INFO] - Checking called Test Case

2021-11-23 09:39:47 - [MESSAGE][INFO] - Starting to call Test Case 'Test Cases/Filtreler/ButonVarMi'

2021-11-23 09:39:47 - [TEST_CASE][PASSED] - Test Cases/Filtreler/ButonVarMi: Test Cases/Filtreler/ButonVarMi

2021-11-23 09:39:48 - [TEST_STEP][PASSED] - Method.TextDegerineEsitElementVarMi(findTestObject("Filtreler/Butonlar"), Filtre_Buton): Method.TextDegerineEsitElementVarMi is PASSED

2021-11-23 09:39:48 - [MESSAGE][INFO] - Finding Test Object 'Object Repository/Filtreler/Butonlar'

2021-11-23 09:39:48 - [MESSAGE][INFO] - Checking timeout

2021-11-23 09:39:48 - [MESSAGE][INFO] - Finding web element with id: 'Object Repository/Filtreler/Butonlar' located by 'By.cssSelector: .dxb>span' in '10' second(s)

2021-11-23 09:39:48 - [MESSAGE][INFO] - Smart Wait Function is triggered

2021-11-23 09:39:48 - [MESSAGE][INFO] - Found 3 web elements with id: 'Object Repository/Filtreler/Butonlar' located by 'By.cssSelector: .dxb>span' in '10' second(s)

2021-11-23 09:39:48 - [MESSAGE][PASSED] - Method.TextDegerineEsitElementVarMi is PASSED

2021-11-23 09:39:48 - [MESSAGE][PASSED] - Call Test Case 'Test Cases/Filtreler/ButonVarMi' successfully

2021-11-23 09:39:48 - [MESSAGE][INFO] - Checking called Test Case

2021-11-23 09:39:48 - [MESSAGE][INFO] - Starting to call Test Case 'Test Cases/Filtreler/ButonVarMi'

2021-11-23 09:39:48 - [TEST_CASE][PASSED] - Test Cases/Filtreler/ButonVarMi: Test Cases/Filtreler/ButonVarMi

2021-11-23 09:39:48 - [TEST_STEP][PASSED] - Method.TextDegerineEsitElementVarMi(findTestObject("Filtreler/Butonlar"), Filtre_Buton): Method.TextDegerineEsitElementVarMi is PASSED

2021-11-23 09:39:48 - [MESSAGE][INFO] - Finding Test Object 'Object Repository/Filtreler/Butonlar'

2021-11-23 09:39:48 - [MESSAGE][INFO] - Checking timeout

2021-11-23 09:39:48 - [MESSAGE][INFO] - Finding web element with id: 'Object Repository/Filtreler/Butonlar' located by 'By.cssSelector: .dxb>span' in '10' second(s)

2021-11-23 09:39:48 - [MESSAGE][INFO] - Smart Wait Function is triggered

2021-11-23 09:39:49 - [MESSAGE][INFO] - Found 3 web elements with id: 'Object Repository/Filtreler/Butonlar' located by 'By.cssSelector: .dxb>span' in '10' second(s)

2021-11-23 09:39:49 - [MESSAGE][PASSED] - Method.TextDegerineEsitElementVarMi is PASSED

2021-11-23 09:39:49 - [MESSAGE][PASSED] - Call Test Case 'Test Cases/Filtreler/ButonVarMi' successfully

2021-11-23 09:39:49 - [MESSAGE][INFO] - Checking called Test Case

2021-11-23 09:39:49 - [MESSAGE][INFO] - Starting to call Test Case 'Test Cases/Filtreler/ButonVarMi'

2021-11-23 09:39:49 - [TEST_CASE][PASSED] - Test Cases/Filtreler/ButonVarMi: Test Cases/Filtreler/ButonVarMi

2021-11-23 09:39:49 - [TEST_STEP][PASSED] - Method.TextDegerineEsitElementVarMi(findTestObject("Filtreler/Butonlar"), Filtre_Buton): Method.TextDegerineEsitElementVarMi is PASSED

2021-11-23 09:39:49 - [MESSAGE][INFO] - Finding Test Object 'Object Repository/Filtreler/Butonlar'

2021-11-23 09:39:49 - [MESSAGE][INFO] - Checking timeout

2021-11-23 09:39:49 - [MESSAGE][INFO] - Finding web element with id: 'Object Repository/Filtreler/Butonlar' located by 'By.cssSelector: .dxb>span' in '10' second(s)

2021-11-23 09:39:49 - [MESSAGE][INFO] - Smart Wait Function is triggered

2021-11-23 09:39:49 - [MESSAGE][INFO] - Found 3 web elements with id: 'Object Repository/Filtreler/Butonlar' located by 'By.cssSelector: .dxb>span' in '10' second(s)

2021-11-23 09:39:49 - [MESSAGE][PASSED] - Method.TextDegerineEsitElementVarMi is PASSED

2021-11-23 09:39:49 - [MESSAGE][PASSED] - Call Test Case 'Test Cases/Filtreler/ButonVarMi' successfully

2021-11-23 09:39:49 - [MESSAGE][INFO] - Checking called Test Case

2021-11-23 09:39:49 - [MESSAGE][INFO] - Starting to call Test Case 'Test Cases/Butonlar/ButonVarMi'

2021-11-23 09:39:49 - [TEST_CASE][PASSED] - Test Cases/Butonlar/ButonVarMi: Test Cases/Butonlar/ButonVarMi

2021-11-23 09:39:50 - [TEST_STEP][PASSED] - Method.TextDegerineEsitElementVarMi(findTestObject("Butonlar/Butonlar"), Buton): Method.TextDegerineEsitElementVarMi is PASSED

2021-11-23 09:39:50 - [MESSAGE][INFO] - Finding Test Object 'Object Repository/Butonlar/Butonlar'

2021-11-23 09:39:50 - [MESSAGE][INFO] - Checking timeout

2021-11-23 09:39:50 - [MESSAGE][INFO] - Finding web element with id: 'Object Repository/Butonlar/Butonlar' located by 'By.cssSelector: .panel.panel-default.text-center.footerPanel .btn,.btn.btn-primary.btnControls' in '10' second(s)

2021-11-23 09:39:50 - [MESSAGE][INFO] - Smart Wait Function is triggered

2021-11-23 09:39:50 - [MESSAGE][INFO] - Found 5 web elements with id: 'Object Repository/Butonlar/Butonlar' located by 'By.cssSelector: .panel.panel-default.text-center.footerPanel .btn,.btn.btn-primary.btnControls' in '10' second(s)

2021-11-23 09:39:50 - [MESSAGE][PASSED] - Method.TextDegerineEsitElementVarMi is PASSED

2021-11-23 09:39:50 - [MESSAGE][PASSED] - Call Test Case 'Test Cases/Butonlar/ButonVarMi' successfully

2021-11-23 09:39:50 - [MESSAGE][INFO] - Checking called Test Case

2021-11-23 09:39:50 - [MESSAGE][INFO] - Starting to call Test Case 'Test Cases/Butonlar/ButonVarMi'

2021-11-23 09:39:50 - [TEST_CASE][PASSED] - Test Cases/Butonlar/ButonVarMi: Test Cases/Butonlar/ButonVarMi

2021-11-23 09:39:50 - [TEST_STEP][PASSED] - Method.TextDegerineEsitElementVarMi(findTestObject("Butonlar/Butonlar"), Buton): Method.TextDegerineEsitElementVarMi is PASSED

2021-11-23 09:39:50 - [MESSAGE][INFO] - Finding Test Object 'Object Repository/Butonlar/Butonlar'

2021-11-23 09:39:50 - [MESSAGE][INFO] - Checking timeout

2021-11-23 09:39:50 - [MESSAGE][INFO] - Finding web element with id: 'Object Repository/Butonlar/Butonlar' located by 'By.cssSelector: .panel.panel-default.text-center.footerPanel .btn,.btn.btn-primary.btnControls' in '10' second(s)

2021-11-23 09:39:50 - [MESSAGE][INFO] - Smart Wait Function is triggered

2021-11-23 09:39:50 - [MESSAGE][INFO] - Found 5 web elements with id: 'Object Repository/Butonlar/Butonlar' located by 'By.cssSelector: .panel.panel-default.text-center.footerPanel .btn,.btn.btn-primary.btnControls' in '10' second(s)

2021-11-23 09:39:50 - [MESSAGE][PASSED] - Method.TextDegerineEsitElementVarMi is PASSED

2021-11-23 09:39:50 - [MESSAGE][PASSED] - Call Test Case 'Test Cases/Butonlar/ButonVarMi' successfully

2021-11-23 09:39:50 - [MESSAGE][INFO] - Checking called Test Case

2021-11-23 09:39:50 - [MESSAGE][INFO] - Starting to call Test Case 'Test Cases/Butonlar/ButonVarMi'

2021-11-23 09:39:50 - [TEST_CASE][PASSED] - Test Cases/Butonlar/ButonVarMi: Test Cases/Butonlar/ButonVarMi

2021-11-23 09:39:50 - [TEST_STEP][PASSED] - Method.TextDegerineEsitElementVarMi(findTestObject("Butonlar/Butonlar"), Buton): Method.TextDegerineEsitElementVarMi is PASSED

2021-11-23 09:39:50 - [MESSAGE][INFO] - Finding Test Object 'Object Repository/Butonlar/Butonlar'

2021-11-23 09:39:51 - [MESSAGE][INFO] - Checking timeout

2021-11-23 09:39:51 - [MESSAGE][INFO] - Finding web element with id: 'Object Repository/Butonlar/Butonlar' located by 'By.cssSelector: .panel.panel-default.text-center.footerPanel .btn,.btn.btn-primary.btnControls' in '10' second(s)

2021-11-23 09:39:51 - [MESSAGE][INFO] - Smart Wait Function is triggered

2021-11-23 09:39:51 - [MESSAGE][INFO] - Found 5 web elements with id: 'Object Repository/Butonlar/Butonlar' located by 'By.cssSelector: .panel.panel-default.text-center.footerPanel .btn,.btn.btn-primary.btnControls' in '10' second(s)

2021-11-23 09:39:51 - [MESSAGE][PASSED] - Method.TextDegerineEsitElementVarMi is PASSED

2021-11-23 09:39:51 - [MESSAGE][PASSED] - Call Test Case 'Test Cases/Butonlar/ButonVarMi' successfully

2021-11-23 09:39:51 - [MESSAGE][INFO] - Checking called Test Case

2021-11-23 09:39:51 - [MESSAGE][INFO] - Starting to call Test Case 'Test Cases/Butonlar/ButonVarMi'

2021-11-23 09:39:51 - [TEST_CASE][PASSED] - Test Cases/Butonlar/ButonVarMi: Test Cases/Butonlar/ButonVarMi

2021-11-23 09:39:51 - [TEST_STEP][PASSED] - Method.TextDegerineEsitElementVarMi(findTestObject("Butonlar/Butonlar"), Buton): Method.TextDegerineEsitElementVarMi is PASSED

2021-11-23 09:39:51 - [MESSAGE][INFO] - Finding Test Object 'Object Repository/Butonlar/Butonlar'

2021-11-23 09:39:51 - [MESSAGE][INFO] - Checking timeout

2021-11-23 09:39:51 - [MESSAGE][INFO] - Finding web element with id: 'Object Repository/Butonlar/Butonlar' located by 'By.cssSelector: .panel.panel-default.text-center.footerPanel .btn,.btn.btn-primary.btnControls' in '10' second(s)

2021-11-23 09:39:51 - [MESSAGE][INFO] - Smart Wait Function is triggered

2021-11-23 09:39:51 - [MESSAGE][INFO] - Found 5 web elements with id: 'Object Repository/Butonlar/Butonlar' located by 'By.cssSelector: .panel.panel-default.text-center.footerPanel .btn,.btn.btn-primary.btnControls' in '10' second(s)

2021-11-23 09:39:51 - [MESSAGE][PASSED] - Method.TextDegerineEsitElementVarMi is PASSED

2021-11-23 09:39:51 - [MESSAGE][PASSED] - Call Test Case 'Test Cases/Butonlar/ButonVarMi' successfully

2021-11-23 09:39:51 - [MESSAGE][INFO] - Checking called Test Case

2021-11-23 09:39:51 - [MESSAGE][INFO] - Starting to call Test Case 'Test Cases/Butonlar/ButonaTikla'

2021-11-23 09:39:51 - [TEST_CASE][PASSED] - Test Cases/Butonlar/ButonaTikla: Test Cases/Butonlar/ButonaTikla

2021-11-23 09:39:52 - [TEST_STEP][PASSED] - Method.TextDegerineEsitElementeTiklaEquals(findTestObject("Butonlar/Butonlar"), Buton_Adi): Method.TextDegerineEsitElementeTiklaEquals is PASSED

2021-11-23 09:39:52 - [MESSAGE][INFO] - Finding Test Object 'Object Repository/Butonlar/Butonlar'

2021-11-23 09:39:52 - [MESSAGE][INFO] - Checking timeout

2021-11-23 09:39:52 - [MESSAGE][INFO] - Finding web element with id: 'Object Repository/Butonlar/Butonlar' located by 'By.cssSelector: .panel.panel-default.text-center.footerPanel .btn,.btn.btn-primary.btnControls' in '10' second(s)

2021-11-23 09:39:52 - [MESSAGE][INFO] - Smart Wait Function is triggered

2021-11-23 09:39:52 - [MESSAGE][INFO] - Found 5 web elements with id: 'Object Repository/Butonlar/Butonlar' located by 'By.cssSelector: .panel.panel-default.text-center.footerPanel .btn,.btn.btn-primary.btnControls' in '10' second(s)

2021-11-23 09:39:52 - [MESSAGE][PASSED] - Method.TextDegerineEsitElementeTiklaEquals is PASSED

2021-11-23 09:39:52 - [MESSAGE][PASSED] - Call Test Case 'Test Cases/Butonlar/ButonaTikla' successfully

2021-11-23 09:39:52 - [MESSAGE][INFO] - Checking called Test Case

2021-11-23 09:39:52 - [MESSAGE][INFO] - Starting to call Test Case 'Test Cases/Butonlar/AltButonVarMi'

2021-11-23 09:39:52 - [TEST_CASE][PASSED] - Test Cases/Butonlar/AltButonVarMi: Test Cases/Butonlar/AltButonVarMi

2021-11-23 09:39:53 - [TEST_STEP][PASSED] - Method.TextDegerineEsitElementVarMi(findTestObject("Butonlar/AltButonlar"), AltButon): Method.TextDegerineEsitElementVarMi is PASSED

2021-11-23 09:39:53 - [MESSAGE][INFO] - Finding Test Object 'Object Repository/Butonlar/AltButonlar'

2021-11-23 09:39:53 - [MESSAGE][INFO] - Checking timeout

2021-11-23 09:39:53 - [MESSAGE][INFO] - Finding web element with id: 'Object Repository/Butonlar/AltButonlar' located by 'By.cssSelector: .btn-group.open li>a' in '10' second(s)

2021-11-23 09:39:53 - [MESSAGE][INFO] - Smart Wait Function is triggered

2021-11-23 09:39:53 - [MESSAGE][INFO] - Found 2 web elements with id: 'Object Repository/Butonlar/AltButonlar' located by 'By.cssSelector: .btn-group.open li>a' in '10' second(s)

2021-11-23 09:39:53 - [MESSAGE][PASSED] - Method.TextDegerineEsitElementVarMi is PASSED

2021-11-23 09:39:53 - [MESSAGE][PASSED] - Call Test Case 'Test Cases/Butonlar/AltButonVarMi' successfully

2021-11-23 09:39:53 - [MESSAGE][INFO] - Checking called Test Case

2021-11-23 09:39:53 - [MESSAGE][INFO] - Starting to call Test Case 'Test Cases/Butonlar/AltButonVarMi'

2021-11-23 09:39:53 - [TEST_CASE][PASSED] - Test Cases/Butonlar/AltButonVarMi: Test Cases/Butonlar/AltButonVarMi

2021-11-23 09:39:53 - [TEST_STEP][PASSED] - Method.TextDegerineEsitElementVarMi(findTestObject("Butonlar/AltButonlar"), AltButon): Method.TextDegerineEsitElementVarMi is PASSED

2021-11-23 09:39:53 - [MESSAGE][INFO] - Finding Test Object 'Object Repository/Butonlar/AltButonlar'

2021-11-23 09:39:53 - [MESSAGE][INFO] - Checking timeout

2021-11-23 09:39:53 - [MESSAGE][INFO] - Finding web element with id: 'Object Repository/Butonlar/AltButonlar' located by 'By.cssSelector: .btn-group.open li>a' in '10' second(s)

2021-11-23 09:39:53 - [MESSAGE][INFO] - Smart Wait Function is triggered

2021-11-23 09:39:53 - [MESSAGE][INFO] - Found 2 web elements with id: 'Object Repository/Butonlar/AltButonlar' located by 'By.cssSelector: .btn-group.open li>a' in '10' second(s)

2021-11-23 09:39:53 - [MESSAGE][PASSED] - Method.TextDegerineEsitElementVarMi is PASSED

2021-11-23 09:39:53 - [MESSAGE][PASSED] - Call Test Case 'Test Cases/Butonlar/AltButonVarMi' successfully

2021-11-23 09:39:53 - [MESSAGE][INFO] - Checking called Test Case

2021-11-23 09:39:54 - [MESSAGE][INFO] - Starting to call Test Case 'Test Cases/Butonlar/ButonaTikla'

2021-11-23 09:39:54 - [TEST_CASE][PASSED] - Test Cases/Butonlar/ButonaTikla: Test Cases/Butonlar/ButonaTikla

2021-11-23 09:39:54 - [TEST_STEP][PASSED] - Method.TextDegerineEsitElementeTiklaEquals(findTestObject("Butonlar/Butonlar"), Buton_Adi): Method.TextDegerineEsitElementeTiklaEquals is PASSED

2021-11-23 09:39:54 - [MESSAGE][INFO] - Finding Test Object 'Object Repository/Butonlar/Butonlar'

2021-11-23 09:39:54 - [MESSAGE][INFO] - Checking timeout

2021-11-23 09:39:54 - [MESSAGE][INFO] - Finding web element with id: 'Object Repository/Butonlar/Butonlar' located by 'By.cssSelector: .panel.panel-default.text-center.footerPanel .btn,.btn.btn-primary.btnControls' in '10' second(s)

2021-11-23 09:39:54 - [MESSAGE][INFO] - Smart Wait Function is triggered

2021-11-23 09:39:54 - [MESSAGE][INFO] - Found 5 web elements with id: 'Object Repository/Butonlar/Butonlar' located by 'By.cssSelector: .panel.panel-default.text-center.footerPanel .btn,.btn.btn-primary.btnControls' in '10' second(s)

2021-11-23 09:39:54 - [MESSAGE][PASSED] - Method.TextDegerineEsitElementeTiklaEquals is PASSED

2021-11-23 09:39:54 - [MESSAGE][PASSED] - Call Test Case 'Test Cases/Butonlar/ButonaTikla' successfully

2021-11-23 09:39:54 - [MESSAGE][INFO] - Checking called Test Case

2021-11-23 09:39:54 - [MESSAGE][INFO] - Starting to call Test Case 'Test Cases/Butonlar/AltButonVarMi'

2021-11-23 09:39:54 - [TEST_CASE][PASSED] - Test Cases/Butonlar/AltButonVarMi: Test Cases/Butonlar/AltButonVarMi

2021-11-23 09:39:54 - [TEST_STEP][PASSED] - Method.TextDegerineEsitElementVarMi(findTestObject("Butonlar/AltButonlar"), AltButon): Method.TextDegerineEsitElementVarMi is PASSED

2021-11-23 09:39:54 - [MESSAGE][INFO] - Finding Test Object 'Object Repository/Butonlar/AltButonlar'

2021-11-23 09:39:54 - [MESSAGE][INFO] - Checking timeout

2021-11-23 09:39:54 - [MESSAGE][INFO] - Finding web element with id: 'Object Repository/Butonlar/AltButonlar' located by 'By.cssSelector: .btn-group.open li>a' in '10' second(s)

2021-11-23 09:39:54 - [MESSAGE][INFO] - Smart Wait Function is triggered

2021-11-23 09:39:55 - [MESSAGE][INFO] - Found 2 web elements with id: 'Object Repository/Butonlar/AltButonlar' located by 'By.cssSelector: .btn-group.open li>a' in '10' second(s)

2021-11-23 09:39:55 - [MESSAGE][PASSED] - Method.TextDegerineEsitElementVarMi is PASSED

2021-11-23 09:39:55 - [MESSAGE][PASSED] - Call Test Case 'Test Cases/Butonlar/AltButonVarMi' successfully

2021-11-23 09:39:55 - [MESSAGE][INFO] - Checking called Test Case

2021-11-23 09:39:55 - [MESSAGE][INFO] - Starting to call Test Case 'Test Cases/Butonlar/AltButonVarMi'

2021-11-23 09:39:55 - [TEST_CASE][PASSED] - Test Cases/Butonlar/AltButonVarMi: Test Cases/Butonlar/AltButonVarMi

2021-11-23 09:39:55 - [TEST_STEP][PASSED] - Method.TextDegerineEsitElementVarMi(findTestObject("Butonlar/AltButonlar"), AltButon): Method.TextDegerineEsitElementVarMi is PASSED

2021-11-23 09:39:55 - [MESSAGE][INFO] - Finding Test Object 'Object Repository/Butonlar/AltButonlar'

2021-11-23 09:39:55 - [MESSAGE][INFO] - Checking timeout

2021-11-23 09:39:55 - [MESSAGE][INFO] - Finding web element with id: 'Object Repository/Butonlar/AltButonlar' located by 'By.cssSelector: .btn-group.open li>a' in '10' second(s)

2021-11-23 09:39:55 - [MESSAGE][INFO] - Smart Wait Function is triggered

2021-11-23 09:39:55 - [MESSAGE][INFO] - Found 2 web elements with id: 'Object Repository/Butonlar/AltButonlar' located by 'By.cssSelector: .btn-group.open li>a' in '10' second(s)

2021-11-23 09:39:55 - [MESSAGE][PASSED] - Method.TextDegerineEsitElementVarMi is PASSED

2021-11-23 09:39:55 - [MESSAGE][PASSED] - Call Test Case 'Test Cases/Butonlar/AltButonVarMi' successfully

2021-11-23 09:39:55 - [MESSAGE][INFO] - Checking called Test Case

2021-11-23 09:39:55 - [MESSAGE][INFO] - Starting to call Test Case 'Test Cases/Butonlar/ButonaTikla'

2021-11-23 09:39:55 - [TEST_CASE][PASSED] - Test Cases/Butonlar/ButonaTikla: Test Cases/Butonlar/ButonaTikla

2021-11-23 09:39:55 - [TEST_STEP][PASSED] - Method.TextDegerineEsitElementeTiklaEquals(findTestObject("Butonlar/Butonlar"), Buton_Adi): Method.TextDegerineEsitElementeTiklaEquals is PASSED

2021-11-23 09:39:55 - [MESSAGE][INFO] - Finding Test Object 'Object Repository/Butonlar/Butonlar'

2021-11-23 09:39:55 - [MESSAGE][INFO] - Checking timeout

2021-11-23 09:39:55 - [MESSAGE][INFO] - Finding web element with id: 'Object Repository/Butonlar/Butonlar' located by 'By.cssSelector: .panel.panel-default.text-center.footerPanel .btn,.btn.btn-primary.btnControls' in '10' second(s)

2021-11-23 09:39:55 - [MESSAGE][INFO] - Smart Wait Function is triggered

2021-11-23 09:39:56 - [MESSAGE][INFO] - Found 5 web elements with id: 'Object Repository/Butonlar/Butonlar' located by 'By.cssSelector: .panel.panel-default.text-center.footerPanel .btn,.btn.btn-primary.btnControls' in '10' second(s)

2021-11-23 09:39:56 - [MESSAGE][PASSED] - Method.TextDegerineEsitElementeTiklaEquals is PASSED

2021-11-23 09:39:56 - [MESSAGE][PASSED] - Call Test Case 'Test Cases/Butonlar/ButonaTikla' successfully

2021-11-23 09:39:56 - [MESSAGE][INFO] - Checking called Test Case

2021-11-23 09:39:56 - [MESSAGE][INFO] - Starting to call Test Case 'Test Cases/Butonlar/AltButonVarMi'

2021-11-23 09:39:56 - [TEST_CASE][PASSED] - Test Cases/Butonlar/AltButonVarMi: Test Cases/Butonlar/AltButonVarMi

2021-11-23 09:39:56 - [TEST_STEP][PASSED] - Method.TextDegerineEsitElementVarMi(findTestObject("Butonlar/AltButonlar"), AltButon): Method.TextDegerineEsitElementVarMi is PASSED

2021-11-23 09:39:56 - [MESSAGE][INFO] - Finding Test Object 'Object Repository/Butonlar/AltButonlar'

2021-11-23 09:39:56 - [MESSAGE][INFO] - Checking timeout

2021-11-23 09:39:56 - [MESSAGE][INFO] - Finding web element with id: 'Object Repository/Butonlar/AltButonlar' located by 'By.cssSelector: .btn-group.open li>a' in '10' second(s)

2021-11-23 09:39:56 - [MESSAGE][INFO] - Smart Wait Function is triggered

2021-11-23 09:39:56 - [MESSAGE][INFO] - Found 1 web elements with id: 'Object Repository/Butonlar/AltButonlar' located by 'By.cssSelector: .btn-group.open li>a' in '10' second(s)

2021-11-23 09:39:56 - [MESSAGE][PASSED] - Method.TextDegerineEsitElementVarMi is PASSED

2021-11-23 09:39:56 - [MESSAGE][PASSED] - Call Test Case 'Test Cases/Butonlar/AltButonVarMi' successfully

2021-11-23 09:39:56 - [MESSAGE][INFO] - Checking called Test Case

2021-11-23 09:39:56 - [MESSAGE][INFO] - Starting to call Test Case 'Test Cases/Tablo/TablodakiVeriDetayi'

2021-11-23 09:39:56 - [TEST_CASE][PASSED] - Test Cases/Tablo/TablodakiVeriDetayi: Test Cases/Tablo/TablodakiVeriDetayi

2021-11-23 09:39:56 - [TEST_STEP][PASSED] - Method.TextDegerineEsitElementinAltindakineTikla(findTestObject("Tablo/Veriler"), findTestObject("Object Repository/Tablo/VerininArtiButonu"), Veri_Adi): Method.TextDegerineEsitElementinAltindakineTikla is PASSED

2021-11-23 09:39:56 - [MESSAGE][INFO] - Finding Test Object 'Object Repository/Tablo/Veriler'

2021-11-23 09:39:56 - [MESSAGE][INFO] - Finding Test Object 'Object Repository/Tablo/VerininArtiButonu'

2021-11-23 09:39:56 - [MESSAGE][INFO] - Checking timeout

2021-11-23 09:39:56 - [MESSAGE][INFO] - Finding web element with id: 'Object Repository/Tablo/Veriler' located by 'By.cssSelector: td.dxgv b ,td.dxgv' in '10' second(s)

2021-11-23 09:39:56 - [MESSAGE][INFO] - Smart Wait Function is triggered

2021-11-23 09:39:57 - [MESSAGE][INFO] - Found 110 web elements with id: 'Object Repository/Tablo/Veriler' located by 'By.cssSelector: td.dxgv b ,td.dxgv' in '10' second(s)

2021-11-23 09:39:57 - [MESSAGE][INFO] - Smart Wait Function is triggered

2021-11-23 09:39:57 - [MESSAGE][PASSED] - Method.TextDegerineEsitElementinAltindakineTikla is PASSED

2021-11-23 09:39:57 - [MESSAGE][PASSED] - Call Test Case 'Test Cases/Tablo/TablodakiVeriDetayi' successfully

2021-11-23 09:39:57 - [MESSAGE][INFO] - Checking called Test Case

2021-11-23 09:39:57 - [MESSAGE][INFO] - Starting to call Test Case 'Test Cases/Tablo/ZarfaGitGelenZarflar'

2021-11-23 09:39:57 - [TEST_CASE][PASSED] - Test Cases/Tablo/ZarfaGitGelenZarflar: Test Cases/Tablo/ZarfaGitGelenZarflar

2021-11-23 09:39:57 - [TEST_STEP][PASSED] - waitForElementPresent(findTestObject("Object Repository/Tablo/ZarfaGitGelenZarf"), 10, STOP_ON_FAILURE): Object 'Object Repository/Tablo/ZarfaGitGelenZarf' is present

2021-11-23 09:39:57 - [MESSAGE][INFO] - Finding Test Object 'Object Repository/Tablo/ZarfaGitGelenZarf'

2021-11-23 09:39:58 - [MESSAGE][INFO] - Checking object

2021-11-23 09:39:58 - [MESSAGE][INFO] - Finding web element from Test Object's properties

2021-11-23 09:39:58 - [MESSAGE][INFO] - Checking timeout

2021-11-23 09:39:58 - [MESSAGE][INFO] - Finding web element with id: 'Object Repository/Tablo/ZarfaGitGelenZarf' located by 'By.xpath: //*[@id="GridViewSubEnvelope116111884_tccell0_0"]/a' in '10' second(s)

2021-11-23 09:39:58 - [MESSAGE][INFO] - Smart Wait Function is triggered

2021-11-23 09:39:58 - [MESSAGE][INFO] - Found 1 web elements with id: 'Object Repository/Tablo/ZarfaGitGelenZarf' located by 'By.xpath: //*[@id="GridViewSubEnvelope116111884_tccell0_0"]/a' in '10' second(s)

2021-11-23 09:39:58 - [MESSAGE][PASSED] - Object 'Object Repository/Tablo/ZarfaGitGelenZarf' is present

2021-11-23 09:39:58 - [TEST_STEP][PASSED] - click(findTestObject("Object Repository/Tablo/ZarfaGitGelenZarf"), STOP_ON_FAILURE): Object: 'Object Repository/Tablo/ZarfaGitGelenZarf' is clicked on

2021-11-23 09:39:58 - [MESSAGE][INFO] - Finding Test Object 'Object Repository/Tablo/ZarfaGitGelenZarf'

2021-11-23 09:39:58 - [MESSAGE][INFO] - Checking object

2021-11-23 09:39:58 - [MESSAGE][INFO] - Finding web element from Test Object's properties

2021-11-23 09:39:58 - [MESSAGE][INFO] - Checking timeout

2021-11-23 09:39:58 - [MESSAGE][INFO] - Finding web element with id: 'Object Repository/Tablo/ZarfaGitGelenZarf' located by 'By.xpath: //*[@id="GridViewSubEnvelope116111884_tccell0_0"]/a' in '30' second(s)

2021-11-23 09:39:58 - [MESSAGE][INFO] - Smart Wait Function is triggered

2021-11-23 09:39:58 - [MESSAGE][INFO] - Found 1 web elements with id: 'Object Repository/Tablo/ZarfaGitGelenZarf' located by 'By.xpath: //*[@id="GridViewSubEnvelope116111884_tccell0_0"]/a' in '30' second(s)

2021-11-23 09:39:58 - [MESSAGE][INFO] - Clicking on object: 'Object Repository/Tablo/ZarfaGitGelenZarf'

2021-11-23 09:39:58 - [MESSAGE][PASSED] - Object: 'Object Repository/Tablo/ZarfaGitGelenZarf' is clicked on

2021-11-23 09:39:58 - [MESSAGE][PASSED] - Call Test Case 'Test Cases/Tablo/ZarfaGitGelenZarflar' successfully

2021-11-23 09:39:58 - [MESSAGE][INFO] - Checking called Test Case

2021-11-23 09:39:58 - [MESSAGE][INFO] - Starting to call Test Case 'Test Cases/Sekmeler/YeniSekmeyeGec'

2021-11-23 09:39:58 - [TEST_CASE][PASSED] - Test Cases/Sekmeler/YeniSekmeyeGec: Test Cases/Sekmeler/YeniSekmeyeGec

2021-11-23 09:39:59 - [TEST_STEP][PASSED] - switchToWindowIndex(1): Switched to window with index: '1'

2021-11-23 09:39:59 - [MESSAGE][INFO] - Checking index

2021-11-23 09:39:59 - [MESSAGE][INFO] - Switching window with index: '1'

2021-11-23 09:39:59 - [MESSAGE][PASSED] - Switched to window with index: '1'

2021-11-23 09:39:59 - [MESSAGE][PASSED] - Call Test Case 'Test Cases/Sekmeler/YeniSekmeyeGec' successfully

2021-11-23 09:39:59 - [MESSAGE][INFO] - Checking called Test Case

2021-11-23 09:39:59 - [MESSAGE][INFO] - Starting to call Test Case 'Test Cases/Tablo/TablodaVeriVarMi'

2021-11-23 09:39:59 - [TEST_CASE][PASSED] - Test Cases/Tablo/TablodaVeriVarMi: Test Cases/Tablo/TablodaVeriVarMi

2021-11-23 09:39:59 - [TEST_STEP][PASSED] - verifyTextNotPresent("Görüntülenecek veri yok", true): Text 'Görüntülenecek veri yok' is not present on page using regular expression

2021-11-23 09:39:59 - [MESSAGE][INFO] - Checking text present  using regular expression

2021-11-23 09:39:59 - [MESSAGE][INFO] - Smart Wait Function is triggered

2021-11-23 09:40:00 - [MESSAGE][INFO] - Finding text 'Görüntülenecek veri yok' on page  using regular expression

2021-11-23 09:40:00 - [MESSAGE][PASSED] - Text 'Görüntülenecek veri yok' is not present on page using regular expression

2021-11-23 09:40:00 - [MESSAGE][PASSED] - Call Test Case 'Test Cases/Tablo/TablodaVeriVarMi' successfully

2021-11-23 09:40:00 - [MESSAGE][INFO] - Checking called Test Case

2021-11-23 09:40:00 - [MESSAGE][INFO] - Starting to call Test Case 'Test Cases/Sekmeler/Ana_Sekmeye_Gec'

2021-11-23 09:40:00 - [TEST_CASE][PASSED] - Test Cases/Sekmeler/Ana_Sekmeye_Gec: Test Cases/Sekmeler/Ana_Sekmeye_Gec

2021-11-23 09:40:00 - [TEST_STEP][PASSED] - try: Window with index 1 is closed

2021-11-23 09:40:00 - [TEST_STEP][PASSED] - index = getWindowIndex(): Current window's index is: 1

2021-11-23 09:40:00 - [MESSAGE][INFO] - Getting current window's index

2021-11-23 09:40:00 - [MESSAGE][PASSED] - Current window's index is: 1

2021-11-23 09:40:00 - [TEST_STEP][PASSED] - closeWindowIndex(index): Window with index 1 is closed

2021-11-23 09:40:00 - [MESSAGE][INFO] - Checking index

2021-11-23 09:40:00 - [MESSAGE][INFO] - Closing window with index 1

2021-11-23 09:40:00 - [MESSAGE][PASSED] - Window with index 1 is closed

2021-11-23 09:40:00 - [TEST_STEP][PASSED] - switchToWindowIndex(0): Switched to window with index: '0'

2021-11-23 09:40:00 - [MESSAGE][INFO] - Checking index

2021-11-23 09:40:00 - [MESSAGE][INFO] - Switching window with index: '0'

2021-11-23 09:40:00 - [MESSAGE][PASSED] - Switched to window with index: '0'

2021-11-23 09:40:00 - [MESSAGE][PASSED] - Call Test Case 'Test Cases/Sekmeler/Ana_Sekmeye_Gec' successfully

2021-11-23 09:40:00 - [MESSAGE][INFO] - Checking called Test Case

2021-11-23 09:40:00 - [MESSAGE][INFO] - Starting to call Test Case 'Test Cases/Tablo/TablodakiVeriDetayi'

2021-11-23 09:40:01 - [TEST_CASE][PASSED] - Test Cases/Tablo/TablodakiVeriDetayi: Test Cases/Tablo/TablodakiVeriDetayi

2021-11-23 09:40:01 - [TEST_STEP][PASSED] - Method.TextDegerineEsitElementinAltindakineTikla(findTestObject("Tablo/Veriler"), findTestObject("Object Repository/Tablo/VerininArtiButonu"), Veri_Adi): Method.TextDegerineEsitElementinAltindakineTikla is PASSED

2021-11-23 09:40:01 - [MESSAGE][INFO] - Finding Test Object 'Object Repository/Tablo/Veriler'

2021-11-23 09:40:01 - [MESSAGE][INFO] - Finding Test Object 'Object Repository/Tablo/VerininArtiButonu'

2021-11-23 09:40:01 - [MESSAGE][INFO] - Checking timeout

2021-11-23 09:40:01 - [MESSAGE][INFO] - Finding web element with id: 'Object Repository/Tablo/Veriler' located by 'By.cssSelector: td.dxgv b ,td.dxgv' in '10' second(s)

2021-11-23 09:40:01 - [MESSAGE][INFO] - Smart Wait Function is triggered

2021-11-23 09:40:01 - [MESSAGE][INFO] - Found 133 web elements with id: 'Object Repository/Tablo/Veriler' located by 'By.cssSelector: td.dxgv b ,td.dxgv' in '10' second(s)

2021-11-23 09:40:01 - [MESSAGE][INFO] - Smart Wait Function is triggered

2021-11-23 09:40:01 - [MESSAGE][PASSED] - Method.TextDegerineEsitElementinAltindakineTikla is PASSED

2021-11-23 09:40:01 - [MESSAGE][PASSED] - Call Test Case 'Test Cases/Tablo/TablodakiVeriDetayi' successfully

2021-11-23 09:40:01 - [MESSAGE][INFO] - Checking called Test Case

2021-11-23 09:40:01 - [MESSAGE][INFO] - Starting to call Test Case 'Test Cases/Kullanici_Islemleri/KullaniciIslemlerindenSecimYapilir'

2021-11-23 09:40:02 - [TEST_CASE][PASSED] - Test Cases/Kullanici_Islemleri/KullaniciIslemlerindenSecimYapilir: Test Cases/Kullanici_Islemleri/KullaniciIslemlerindenSecimYapilir

2021-11-23 09:40:02 - [TEST_STEP][PASSED] - waitForElementClickable(findTestObject("Object Repository/Kullanici_Islemleri/KullaniciIslemleri"), 10): Object 'Object Repository/Kullanici_Islemleri/KullaniciIslemleri' is clickable

2021-11-23 09:40:02 - [MESSAGE][INFO] - Finding Test Object 'Object Repository/Kullanici_Islemleri/KullaniciIslemleri'

2021-11-23 09:40:02 - [MESSAGE][INFO] - Checking object

2021-11-23 09:40:02 - [MESSAGE][INFO] - Checking timeout

2021-11-23 09:40:02 - [MESSAGE][INFO] - Finding web element from Test Object's properties

2021-11-23 09:40:02 - [MESSAGE][INFO] - Checking timeout

2021-11-23 09:40:02 - [MESSAGE][INFO] - Finding web element with id: 'Object Repository/Kullanici_Islemleri/KullaniciIslemleri' located by 'By.cssSelector: .dropdown>a>img' in '10' second(s)

2021-11-23 09:40:02 - [MESSAGE][INFO] - Smart Wait Function is triggered

2021-11-23 09:40:02 - [MESSAGE][INFO] - Found 1 web elements with id: 'Object Repository/Kullanici_Islemleri/KullaniciIslemleri' located by 'By.cssSelector: .dropdown>a>img' in '10' second(s)

2021-11-23 09:40:02 - [MESSAGE][PASSED] - Object 'Object Repository/Kullanici_Islemleri/KullaniciIslemleri' is clickable

2021-11-23 09:40:02 - [TEST_STEP][PASSED] - click(findTestObject("Object Repository/Kullanici_Islemleri/KullaniciIslemleri")): Object: 'Object Repository/Kullanici_Islemleri/KullaniciIslemleri' is clicked on

2021-11-23 09:40:02 - [MESSAGE][INFO] - Finding Test Object 'Object Repository/Kullanici_Islemleri/KullaniciIslemleri'

2021-11-23 09:40:03 - [MESSAGE][INFO] - Checking object

2021-11-23 09:40:03 - [MESSAGE][INFO] - Finding web element from Test Object's properties

2021-11-23 09:40:03 - [MESSAGE][INFO] - Checking timeout

2021-11-23 09:40:03 - [MESSAGE][INFO] - Finding web element with id: 'Object Repository/Kullanici_Islemleri/KullaniciIslemleri' located by 'By.cssSelector: .dropdown>a>img' in '30' second(s)

2021-11-23 09:40:03 - [MESSAGE][INFO] - Smart Wait Function is triggered

2021-11-23 09:40:03 - [MESSAGE][INFO] - Found 1 web elements with id: 'Object Repository/Kullanici_Islemleri/KullaniciIslemleri' located by 'By.cssSelector: .dropdown>a>img' in '30' second(s)

2021-11-23 09:40:03 - [MESSAGE][INFO] - Clicking on object: 'Object Repository/Kullanici_Islemleri/KullaniciIslemleri'

2021-11-23 09:40:03 - [MESSAGE][PASSED] - Object: 'Object Repository/Kullanici_Islemleri/KullaniciIslemleri' is clicked on

2021-11-23 09:40:03 - [TEST_STEP][PASSED] - Method.TextDegerineEsitElementeTikla(findTestObject("Object Repository/Kullanici_Islemleri/Secenekler"), Islem): Method.TextDegerineEsitElementeTikla is PASSED

2021-11-23 09:40:03 - [MESSAGE][INFO] - Finding Test Object 'Object Repository/Kullanici_Islemleri/Secenekler'

2021-11-23 09:40:03 - [MESSAGE][INFO] - Checking timeout

2021-11-23 09:40:03 - [MESSAGE][INFO] - Finding web element with id: 'Object Repository/Kullanici_Islemleri/Secenekler' located by 'By.cssSelector: .nav.navbar-nav.navbar-right li a' in '10' second(s)

2021-11-23 09:40:03 - [MESSAGE][INFO] - Smart Wait Function is triggered

2021-11-23 09:40:03 - [MESSAGE][INFO] - Found 22 web elements with id: 'Object Repository/Kullanici_Islemleri/Secenekler' located by 'By.cssSelector: .nav.navbar-nav.navbar-right li a' in '10' second(s)

2021-11-23 09:40:05 - [MESSAGE][PASSED] - Method.TextDegerineEsitElementeTikla is PASSED

2021-11-23 09:40:05 - [TEST_STEP][PASSED] - verifyElementNotPresent(findTestObject("Object Repository/Kullanici_Islemleri/Secenekler"), 10): Web element with id: 'Object Repository/Kullanici_Islemleri/Secenekler' located by 'By.cssSelector: .nav.navbar-nav.navbar-right li a' is not present after '10' second(s)

2021-11-23 09:40:05 - [MESSAGE][INFO] - Finding Test Object 'Object Repository/Kullanici_Islemleri/Secenekler'

2021-11-23 09:40:05 - [MESSAGE][INFO] - Checking object

2021-11-23 09:40:05 - [MESSAGE][INFO] - Checking timeout

2021-11-23 09:40:05 - [MESSAGE][INFO] - Finding web element with id: 'Object Repository/Kullanici_Islemleri/Secenekler' located by 'By.cssSelector: .nav.navbar-nav.navbar-right li a' in '10' second(s)

2021-11-23 09:40:05 - [MESSAGE][INFO] - Smart Wait Function is triggered

2021-11-23 09:40:05 - [MESSAGE][PASSED] - Web element with id: 'Object Repository/Kullanici_Islemleri/Secenekler' located by 'By.cssSelector: .nav.navbar-nav.navbar-right li a' is not present after '10' second(s)

2021-11-23 09:40:05 - [MESSAGE][PASSED] - Call Test Case 'Test Cases/Kullanici_Islemleri/KullaniciIslemlerindenSecimYapilir' successfully

2021-11-23 09:40:05 - [TEST_CASE][PASSED] - Start Test Case : SCENARIO Gelen Zarflar Buton Kontrolu: SCENARIO Gelen Zarflar Buton Kontrolu

2021-11-23 09:40:05 - [TEST_STEP][PASSED] - Kullanıcı adı ELOGO6 ve Şifre 123456 olarak giriş yapılır: Kullanıcı adı ELOGO6 ve Şifre 123456 olarak giriş yapılır

2021-11-23 09:40:05 - [MESSAGE][PASSED] - Kullanıcı adı ELOGO6 ve Şifre 123456 olarak giriş yapılır

2021-11-23 09:40:05 - [TEST_STEP][PASSED] - Ana menüden Zarflar seçilir: Ana menüden Zarflar seçilir

2021-11-23 09:40:05 - [MESSAGE][PASSED] - Ana menüden Zarflar seçilir

2021-11-23 09:40:05 - [TEST_STEP][PASSED] - Alt menüden Gelen Zarflar seçilir: Alt menüden Gelen Zarflar seçilir

2021-11-23 09:40:05 - [MESSAGE][PASSED] - Alt menüden Gelen Zarflar seçilir

2021-11-23 09:40:05 - [TEST_STEP][PASSED] - Filtrelerden Oluşturma Tarihi filtresine 01.11.2020 baslangic degerini yaz: Filtrelerden Oluşturma Tarihi filtresine 01.11.2020 baslangic degerini yaz

2021-11-23 09:40:05 - [MESSAGE][PASSED] - Filtrelerden Oluşturma Tarihi filtresine 01.11.2020 baslangic degerini yaz

2021-11-23 09:40:05 - [TEST_STEP][PASSED] - Filtrelerden Oluşturma Tarihi filtresine 30.11.2020 bitis degerini yaz: Filtrelerden Oluşturma Tarihi filtresine 30.11.2020 bitis degerini yaz

2021-11-23 09:40:05 - [MESSAGE][PASSED] - Filtrelerden Oluşturma Tarihi filtresine 30.11.2020 bitis degerini yaz

2021-11-23 09:40:05 - [TEST_STEP][PASSED] - Filtre butonlarından Listele seçilir: Filtre butonlarından Listele seçilir

2021-11-23 09:40:05 - [MESSAGE][PASSED] - Filtre butonlarından Listele seçilir

2021-11-23 09:40:05 - [TEST_STEP][PASSED] - Tablodan Test Kurum 6 isimli verinin detayı tıklanır: Tablodan Test Kurum 6 isimli verinin detayı tıklanır

2021-11-23 09:40:05 - [MESSAGE][PASSED] - Tablodan Test Kurum 6 isimli verinin detayı tıklanır

2021-11-23 09:40:05 - [TEST_STEP][PASSED] - Tablodan Test Kurum 6 isimli verinin detayı tıklanır: Tablodan Test Kurum 6 isimli verinin detayı tıklanır

2021-11-23 09:40:05 - [MESSAGE][PASSED] - Tablodan Test Kurum 6 isimli verinin detayı tıklanır

2021-11-23 09:40:05 - [TEST_STEP][PASSED] - Sayfa butonlarından 2 numaralı sayfa butonuna tıklanır: Sayfa butonlarından 2 numaralı sayfa butonuna tıklanır

2021-11-23 09:40:05 - [MESSAGE][PASSED] - Sayfa butonlarından 2 numaralı sayfa butonuna tıklanır

2021-11-23 09:40:05 - [TEST_STEP][PASSED] - Sayfa butonlarından 1 numaralı sayfa butonuna tıklanır: Sayfa butonlarından 1 numaralı sayfa butonuna tıklanır

2021-11-23 09:40:05 - [MESSAGE][PASSED] - Sayfa butonlarından 1 numaralı sayfa butonuna tıklanır

2021-11-23 09:40:05 - [TEST_STEP][PASSED] - Zarflar sayfa boyutu 20 olarak seçilir: Zarflar sayfa boyutu 20 olarak seçilir

2021-11-23 09:40:05 - [MESSAGE][PASSED] - Zarflar sayfa boyutu 20 olarak seçilir

2021-11-23 09:40:05 - [TEST_STEP][PASSED] - Zarflar sayfa boyutu 50 olarak seçilir: Zarflar sayfa boyutu 50 olarak seçilir

2021-11-23 09:40:05 - [MESSAGE][PASSED] - Zarflar sayfa boyutu 50 olarak seçilir

2021-11-23 09:40:05 - [TEST_STEP][PASSED] - Zarflar sayfa boyutu 10 olarak seçilir: Zarflar sayfa boyutu 10 olarak seçilir

2021-11-23 09:40:05 - [MESSAGE][PASSED] - Zarflar sayfa boyutu 10 olarak seçilir

2021-11-23 09:40:06 - [TEST_STEP][PASSED] - Filtre alanlarında Zarf ID var mı: Filtre alanlarında Zarf ID var mı

2021-11-23 09:40:06 - [MESSAGE][PASSED] - Filtre alanlarında Zarf ID var mı

2021-11-23 09:40:06 - [TEST_STEP][PASSED] - Filtre alanlarında Durum Kodu var mı: Filtre alanlarında Durum Kodu var mı

2021-11-23 09:40:06 - [MESSAGE][PASSED] - Filtre alanlarında Durum Kodu var mı

2021-11-23 09:40:06 - [TEST_STEP][PASSED] - Filtre alanlarında Oluşturma Tarihi var mı: Filtre alanlarında Oluşturma Tarihi var mı

2021-11-23 09:40:06 - [MESSAGE][PASSED] - Filtre alanlarında Oluşturma Tarihi var mı

2021-11-23 09:40:06 - [TEST_STEP][PASSED] - Filtre alanlarında Kullanıcı Kodu var mı: Filtre alanlarında Kullanıcı Kodu var mı

2021-11-23 09:40:06 - [MESSAGE][PASSED] - Filtre alanlarında Kullanıcı Kodu var mı

2021-11-23 09:40:06 - [TEST_STEP][PASSED] - Filtre alanlarında Gönderen VKN var mı: Filtre alanlarında Gönderen VKN var mı

2021-11-23 09:40:06 - [MESSAGE][PASSED] - Filtre alanlarında Gönderen VKN var mı

2021-11-23 09:40:06 - [TEST_STEP][PASSED] - Filtre alanlarında Gönderen Ünvan var mı: Filtre alanlarında Gönderen Ünvan var mı

2021-11-23 09:40:06 - [MESSAGE][PASSED] - Filtre alanlarında Gönderen Ünvan var mı

2021-11-23 09:40:06 - [TEST_STEP][PASSED] - Filtre alanlarında Belge Türü var mı: Filtre alanlarında Belge Türü var mı

2021-11-23 09:40:06 - [MESSAGE][PASSED] - Filtre alanlarında Belge Türü var mı

2021-11-23 09:40:06 - [TEST_STEP][PASSED] - Filtre alanlarında Tüm Hesaplar var mı: Filtre alanlarında Tüm Hesaplar var mı

2021-11-23 09:40:06 - [MESSAGE][PASSED] - Filtre alanlarında Tüm Hesaplar var mı

2021-11-23 09:40:06 - [TEST_STEP][PASSED] - Filtre butonlarında Filtreleri Kaydet var mı: Filtre butonlarında Filtreleri Kaydet var mı

2021-11-23 09:40:06 - [MESSAGE][PASSED] - Filtre butonlarında Filtreleri Kaydet var mı

2021-11-23 09:40:06 - [TEST_STEP][PASSED] - Filtre butonlarında Listele var mı: Filtre butonlarında Listele var mı

2021-11-23 09:40:06 - [MESSAGE][PASSED] - Filtre butonlarında Listele var mı

2021-11-23 09:40:06 - [TEST_STEP][PASSED] - Filtre butonlarında Temizle var mı: Filtre butonlarında Temizle var mı

2021-11-23 09:40:06 - [MESSAGE][PASSED] - Filtre butonlarında Temizle var mı

2021-11-23 09:40:06 - [TEST_STEP][PASSED] - Butonlardan Excel var mı: Butonlardan Excel var mı

2021-11-23 09:40:06 - [MESSAGE][PASSED] - Butonlardan Excel var mı

2021-11-23 09:40:06 - [TEST_STEP][PASSED] - Butonlardan Toplu İndirme var mı: Butonlardan Toplu İndirme var mı

2021-11-23 09:40:06 - [MESSAGE][PASSED] - Butonlardan Toplu İndirme var mı

2021-11-23 09:40:06 - [TEST_STEP][PASSED] - Butonlardan İndir var mı: Butonlardan İndir var mı

2021-11-23 09:40:06 - [MESSAGE][PASSED] - Butonlardan İndir var mı

2021-11-23 09:40:06 - [TEST_STEP][PASSED] - Butonlardan İzleme Kayıtları var mı: Butonlardan İzleme Kayıtları var mı

2021-11-23 09:40:06 - [MESSAGE][PASSED] - Butonlardan İzleme Kayıtları var mı

2021-11-23 09:40:06 - [TEST_STEP][PASSED] - Butonlardan Excel isimli butona tıklanır: Butonlardan Excel isimli butona tıklanır

2021-11-23 09:40:06 - [MESSAGE][PASSED] - Butonlardan Excel isimli butona tıklanır

2021-11-23 09:40:06 - [TEST_STEP][PASSED] - Alt butonlardan Seçilenleri Excel 'e Aktar var mı: Alt butonlardan Seçilenleri Excel 'e Aktar var mı

2021-11-23 09:40:06 - [MESSAGE][PASSED] - Alt butonlardan Seçilenleri Excel 'e Aktar var mı

2021-11-23 09:40:06 - [TEST_STEP][PASSED] - Alt butonlardan Tümünü Excel 'e Aktar var mı: Alt butonlardan Tümünü Excel 'e Aktar var mı

2021-11-23 09:40:06 - [MESSAGE][PASSED] - Alt butonlardan Tümünü Excel 'e Aktar var mı

2021-11-23 09:40:06 - [TEST_STEP][PASSED] - Butonlardan Toplu İndirme isimli butona tıklanır: Butonlardan Toplu İndirme isimli butona tıklanır

2021-11-23 09:40:06 - [MESSAGE][PASSED] - Butonlardan Toplu İndirme isimli butona tıklanır

2021-11-23 09:40:06 - [TEST_STEP][PASSED] - Alt butonlardan UBL Seçilenleri İndir var mı: Alt butonlardan UBL Seçilenleri İndir var mı

2021-11-23 09:40:06 - [MESSAGE][PASSED] - Alt butonlardan UBL Seçilenleri İndir var mı

2021-11-23 09:40:06 - [TEST_STEP][PASSED] - Alt butonlardan UBL Tümünü İndir var mı: Alt butonlardan UBL Tümünü İndir var mı

2021-11-23 09:40:06 - [MESSAGE][PASSED] - Alt butonlardan UBL Tümünü İndir var mı

2021-11-23 09:40:06 - [TEST_STEP][PASSED] - Butonlardan İndir isimli butona tıklanır: Butonlardan İndir isimli butona tıklanır

2021-11-23 09:40:06 - [MESSAGE][PASSED] - Butonlardan İndir isimli butona tıklanır

2021-11-23 09:40:06 - [TEST_STEP][PASSED] - Alt butonlardan İndir var mı: Alt butonlardan İndir var mı

2021-11-23 09:40:06 - [MESSAGE][PASSED] - Alt butonlardan İndir var mı

2021-11-23 09:40:06 - [TEST_STEP][PASSED] - Tablodan Test Kurum 6 isimli verinin detayı tıklanır: Tablodan Test Kurum 6 isimli verinin detayı tıklanır

2021-11-23 09:40:06 - [MESSAGE][PASSED] - Tablodan Test Kurum 6 isimli verinin detayı tıklanır

2021-11-23 09:40:06 - [TEST_STEP][PASSED] - Gelen zarflar altındaki zarfa git butonuna tıklanır: Gelen zarflar altındaki zarfa git butonuna tıklanır

2021-11-23 09:40:06 - [MESSAGE][PASSED] - Gelen zarflar altındaki zarfa git butonuna tıklanır

2021-11-23 09:40:06 - [TEST_STEP][PASSED] - Yeni açılan sekmeye geçilir: Yeni açılan sekmeye geçilir

2021-11-23 09:40:06 - [MESSAGE][PASSED] - Yeni açılan sekmeye geçilir

2021-11-23 09:40:06 - [TEST_STEP][PASSED] - Tabloda veri var mı kontrol edilir: Tabloda veri var mı kontrol edilir

2021-11-23 09:40:06 - [MESSAGE][PASSED] - Tabloda veri var mı kontrol edilir

2021-11-23 09:40:06 - [TEST_STEP][PASSED] - Ana sekmeye geçilir: Ana sekmeye geçilir

2021-11-23 09:40:06 - [MESSAGE][PASSED] - Ana sekmeye geçilir

2021-11-23 09:40:06 - [TEST_STEP][PASSED] - Tablodan Test Kurum 6 isimli verinin detayı tıklanır: Tablodan Test Kurum 6 isimli verinin detayı tıklanır

2021-11-23 09:40:06 - [MESSAGE][PASSED] - Tablodan Test Kurum 6 isimli verinin detayı tıklanır

2021-11-23 09:40:06 - [TEST_STEP][PASSED] - Kullanıcı işlemlerinden Çıkış seçilir: Kullanıcı işlemlerinden Çıkış seçilir

2021-11-23 09:40:06 - [MESSAGE][PASSED] - Kullanıcı işlemlerinden Çıkış seçilir

2021-11-23 09:40:06 - [MESSAGE][PASSED] - Feature file: 'Include/features/Zarflar/Gelen Zarflar/Ekran Kontrolu.feature' was passed

2021-11-23 09:40:06 - [TEST_STEP][PASSED] - Start listener action : sampleAfterTestSuite: Invoke 'com.kms.katalon.core.annotation.AfterTestCase' method: 'Listener.sampleAfterTestSuite(...)' completed.

2021-11-23 09:40:06 - [MESSAGE][INFO] - Starting invoke 'com.kms.katalon.core.annotation.AfterTestCase' method: 'Listener.sampleAfterTestSuite(...)'

2021-11-23 09:40:06 - [TEST_STEP][PASSED] - closeBrowser(): Invoke 'com.kms.katalon.core.annotation.AfterTestCase' method: 'Listener.sampleAfterTestSuite(...)' completed.

2021-11-23 09:40:06 - [MESSAGE][INFO] - Closing browser

2021-11-23 09:40:06 - [MESSAGE][PASSED] - Browser is closed

2021-11-23 09:40:06 - [MESSAGE][INFO] - Invoke 'com.kms.katalon.core.annotation.AfterTestCase' method: 'Listener.sampleAfterTestSuite(...)' completed.]]></system-out>
         <system-err><![CDATA[]]></system-err>
      </testcase>
      <testcase name="Test Cases/Case Repository/Zarflar/Gelen Zarflar/Indir" time="45.979" classname="Test Cases/Case Repository/Zarflar/Gelen Zarflar/Indir" status="PASSED">
         <system-out><![CDATA[2021-11-23 09:40:06 - [TEST_CASE][PASSED] - Test Cases/Case Repository/Zarflar/Gelen Zarflar/Indir: Test Cases/Case Repository/Zarflar/Gelen Zarflar/Indir

2021-11-23 09:40:06 - [TEST_STEP][PASSED] - Start listener action : sampleBeforeTestSuite: Invoke 'com.kms.katalon.core.annotation.BeforeTestCase' method: 'Listener.sampleBeforeTestSuite(...)' completed.

2021-11-23 09:40:06 - [MESSAGE][INFO] - Starting invoke 'com.kms.katalon.core.annotation.BeforeTestCase' method: 'Listener.sampleBeforeTestSuite(...)'

2021-11-23 09:40:06 - [TEST_STEP][PASSED] - openBrowser(baseUrl): Browser is opened with url: 'https://efatura-stage.elogo.com.tr/'

2021-11-23 09:40:06 - [MESSAGE][INFO] - Opening browser

2021-11-23 09:40:06 - [MESSAGE][INFO] - Starting 'Chrome' driver

2021-11-23 09:40:06 - [MESSAGE][INFO] - User set preference: ['prefs', '{download.default_directory=C:\otomasyondownfiles}']

2021-11-23 09:40:06 - [MESSAGE][INFO] - Action delay is set to 0 milliseconds

2021-11-23 09:40:08 - [MESSAGE][INFO] - Navigating browser to: 'https://efatura-stage.elogo.com.tr/'

2021-11-23 09:40:13 - [MESSAGE][PASSED] - Browser is opened with url: 'https://efatura-stage.elogo.com.tr/'

2021-11-23 09:40:13 - [TEST_STEP][PASSED] - maximizeWindow(): Invoke 'com.kms.katalon.core.annotation.BeforeTestCase' method: 'Listener.sampleBeforeTestSuite(...)' completed.

2021-11-23 09:40:13 - [MESSAGE][INFO] - Maximizing current window

2021-11-23 09:40:13 - [MESSAGE][PASSED] - Current window maximized

2021-11-23 09:40:13 - [MESSAGE][INFO] - Invoke 'com.kms.katalon.core.annotation.BeforeTestCase' method: 'Listener.sampleBeforeTestSuite(...)' completed.

2021-11-23 09:40:13 - [TEST_STEP][PASSED] - runFeatureFile("Include/features/Zarflar/Gelen Zarflar/Indir.feature"): Feature file: 'Include/features/Zarflar/Gelen Zarflar/Indir.feature' was passed

2021-11-23 09:40:13 - [MESSAGE][INFO] - Starting run keyword runFeatureFile: 'Include/features/Zarflar/Gelen Zarflar/Indir.feature' and extract report to folder: 'C:\Users\DELL\Documents\GitHub\EES_KatalonLogo\Reports\20211123_091110\Suite Repository\Zarflar\20211123_091159/cucumber_report/1637649613856'...

2021-11-23 09:40:13 - [MESSAGE][INFO] - Glue: []

2021-11-23 09:40:15 - [MESSAGE][INFO] - Checking called Test Case

2021-11-23 09:40:15 - [MESSAGE][INFO] - Starting to call Test Case 'Test Cases/Sayfalar/Giris_Sayfasi/Login'

2021-11-23 09:40:15 - [TEST_CASE][PASSED] - Test Cases/Sayfalar/Giris_Sayfasi/Login: Test Cases/Sayfalar/Giris_Sayfasi/Login

2021-11-23 09:40:15 - [TEST_STEP][PASSED] - Sayfa_Basligi = getWindowTitle(): Current window's title is: 'LOGO e-Fatura'

2021-11-23 09:40:15 - [MESSAGE][INFO] - Getting current window's title

2021-11-23 09:40:15 - [MESSAGE][PASSED] - Current window's title is: 'LOGO e-Fatura'

2021-11-23 09:40:15 - [TEST_STEP][PASSED] - verifyMatch(Sayfa_Basligi, "LOGO e-Fatura", false): Actual text 'LOGO e-Fatura' and expected text 'LOGO e-Fatura' are matched 

2021-11-23 09:40:15 - [MESSAGE][INFO] - Matching actual text 'LOGO e-Fatura' with expected text 'LOGO e-Fatura'

2021-11-23 09:40:15 - [MESSAGE][PASSED] - Actual text 'LOGO e-Fatura' and expected text 'LOGO e-Fatura' are matched 

2021-11-23 09:40:15 - [TEST_STEP][PASSED] - sendKeys(findTestObject("Sayfalar/Giris_Sayfasi/Firma_Kodu"), KullaniciAdi): Keys 'ELOGO6' sent to object: 'Object Repository/Sayfalar/Giris_Sayfasi/Firma_Kodu'

2021-11-23 09:40:15 - [MESSAGE][INFO] - Finding Test Object 'Object Repository/Sayfalar/Giris_Sayfasi/Firma_Kodu'

2021-11-23 09:40:15 - [MESSAGE][INFO] - Sending keys 'ELOGO6' to object: 'Object Repository/Sayfalar/Giris_Sayfasi/Firma_Kodu'

2021-11-23 09:40:15 - [MESSAGE][INFO] - Finding web element from Test Object's properties

2021-11-23 09:40:15 - [MESSAGE][INFO] - Checking timeout

2021-11-23 09:40:15 - [MESSAGE][INFO] - Finding web element with id: 'Object Repository/Sayfalar/Giris_Sayfasi/Firma_Kodu' located by 'By.xpath: //*[@id = 'AccountName']' in '30' second(s)

2021-11-23 09:40:15 - [MESSAGE][INFO] - Smart Wait Function is triggered

2021-11-23 09:40:16 - [MESSAGE][INFO] - Found 1 web elements with id: 'Object Repository/Sayfalar/Giris_Sayfasi/Firma_Kodu' located by 'By.xpath: //*[@id = 'AccountName']' in '30' second(s)

2021-11-23 09:40:16 - [MESSAGE][PASSED] - Keys 'ELOGO6' sent to object: 'Object Repository/Sayfalar/Giris_Sayfasi/Firma_Kodu'

2021-11-23 09:40:16 - [TEST_STEP][PASSED] - sendKeys(findTestObject("Sayfalar/Giris_Sayfasi/Sifre"), Sifre): Keys '123456' sent to object: 'Object Repository/Sayfalar/Giris_Sayfasi/Sifre'

2021-11-23 09:40:16 - [MESSAGE][INFO] - Finding Test Object 'Object Repository/Sayfalar/Giris_Sayfasi/Sifre'

2021-11-23 09:40:16 - [MESSAGE][INFO] - Sending keys '123456' to object: 'Object Repository/Sayfalar/Giris_Sayfasi/Sifre'

2021-11-23 09:40:16 - [MESSAGE][INFO] - Finding web element from Test Object's properties

2021-11-23 09:40:16 - [MESSAGE][INFO] - Checking timeout

2021-11-23 09:40:16 - [MESSAGE][INFO] - Finding web element with id: 'Object Repository/Sayfalar/Giris_Sayfasi/Sifre' located by 'By.xpath: //*[@id = 'Password']' in '30' second(s)

2021-11-23 09:40:16 - [MESSAGE][INFO] - Smart Wait Function is triggered

2021-11-23 09:40:16 - [MESSAGE][INFO] - Found 1 web elements with id: 'Object Repository/Sayfalar/Giris_Sayfasi/Sifre' located by 'By.xpath: //*[@id = 'Password']' in '30' second(s)

2021-11-23 09:40:16 - [MESSAGE][PASSED] - Keys '123456' sent to object: 'Object Repository/Sayfalar/Giris_Sayfasi/Sifre'

2021-11-23 09:40:16 - [TEST_STEP][PASSED] - findWebElement(findTestObject("Sayfalar/Giris_Sayfasi/Giris_Butonu")).click(): Found 1 web elements with id: 'Object Repository/Sayfalar/Giris_Sayfasi/Giris_Butonu' located by 'By.cssSelector: #btnLogin' in '30' second(s)

2021-11-23 09:40:16 - [MESSAGE][INFO] - Finding Test Object 'Object Repository/Sayfalar/Giris_Sayfasi/Giris_Butonu'

2021-11-23 09:40:16 - [MESSAGE][INFO] - Finding web element from Test Object's properties

2021-11-23 09:40:16 - [MESSAGE][INFO] - Checking timeout

2021-11-23 09:40:16 - [MESSAGE][INFO] - Finding web element with id: 'Object Repository/Sayfalar/Giris_Sayfasi/Giris_Butonu' located by 'By.cssSelector: #btnLogin' in '30' second(s)

2021-11-23 09:40:16 - [MESSAGE][INFO] - Smart Wait Function is triggered

2021-11-23 09:40:17 - [MESSAGE][INFO] - Found 1 web elements with id: 'Object Repository/Sayfalar/Giris_Sayfasi/Giris_Butonu' located by 'By.cssSelector: #btnLogin' in '30' second(s)

2021-11-23 09:40:20 - [TEST_STEP][PASSED] - if (verifyElementPresent(findTestObject("Object Repository/Sayfalar/Giris_Sayfasi/RetveTamam_Butonu"), 5, OPTIONAL)): null

2021-11-23 09:40:20 - [MESSAGE][INFO] - Finding Test Object 'Object Repository/Sayfalar/Giris_Sayfasi/RetveTamam_Butonu'

2021-11-23 09:40:20 - [MESSAGE][INFO] - Checking object

2021-11-23 09:40:20 - [MESSAGE][INFO] - Finding web element from Test Object's properties

2021-11-23 09:40:20 - [MESSAGE][INFO] - Checking timeout

2021-11-23 09:40:20 - [MESSAGE][INFO] - Finding web element with id: 'Object Repository/Sayfalar/Giris_Sayfasi/RetveTamam_Butonu' located by 'By.xpath: //*[@class = 'btn btn-default']' in '5' second(s)

2021-11-23 09:40:20 - [MESSAGE][INFO] - Smart Wait Function is triggered

2021-11-23 09:40:20 - [MESSAGE][INFO] - Found 1 web elements with id: 'Object Repository/Sayfalar/Giris_Sayfasi/RetveTamam_Butonu' located by 'By.xpath: //*[@class = 'btn btn-default']' in '5' second(s)

2021-11-23 09:40:20 - [MESSAGE][PASSED] - Object 'Object Repository/Sayfalar/Giris_Sayfasi/RetveTamam_Butonu' is present

2021-11-23 09:40:20 - [TEST_STEP][PASSED] - click(findTestObject("Object Repository/Sayfalar/Giris_Sayfasi/RetveTamam_Butonu")): Object: 'Object Repository/Sayfalar/Giris_Sayfasi/RetveTamam_Butonu' is clicked on

2021-11-23 09:40:20 - [MESSAGE][INFO] - Finding Test Object 'Object Repository/Sayfalar/Giris_Sayfasi/RetveTamam_Butonu'

2021-11-23 09:40:20 - [MESSAGE][INFO] - Checking object

2021-11-23 09:40:20 - [MESSAGE][INFO] - Finding web element from Test Object's properties

2021-11-23 09:40:20 - [MESSAGE][INFO] - Checking timeout

2021-11-23 09:40:20 - [MESSAGE][INFO] - Finding web element with id: 'Object Repository/Sayfalar/Giris_Sayfasi/RetveTamam_Butonu' located by 'By.xpath: //*[@class = 'btn btn-default']' in '30' second(s)

2021-11-23 09:40:20 - [MESSAGE][INFO] - Smart Wait Function is triggered

2021-11-23 09:40:20 - [MESSAGE][INFO] - Found 1 web elements with id: 'Object Repository/Sayfalar/Giris_Sayfasi/RetveTamam_Butonu' located by 'By.xpath: //*[@class = 'btn btn-default']' in '30' second(s)

2021-11-23 09:40:20 - [MESSAGE][INFO] - Clicking on object: 'Object Repository/Sayfalar/Giris_Sayfasi/RetveTamam_Butonu'

2021-11-23 09:40:20 - [MESSAGE][PASSED] - Object: 'Object Repository/Sayfalar/Giris_Sayfasi/RetveTamam_Butonu' is clicked on

2021-11-23 09:40:20 - [TEST_STEP][PASSED] - click(findTestObject("Object Repository/Sayfalar/Giris_Sayfasi/RetveTamam_Butonu")): Object: 'Object Repository/Sayfalar/Giris_Sayfasi/RetveTamam_Butonu' is clicked on

2021-11-23 09:40:20 - [MESSAGE][INFO] - Finding Test Object 'Object Repository/Sayfalar/Giris_Sayfasi/RetveTamam_Butonu'

2021-11-23 09:40:20 - [MESSAGE][INFO] - Checking object

2021-11-23 09:40:20 - [MESSAGE][INFO] - Finding web element from Test Object's properties

2021-11-23 09:40:20 - [MESSAGE][INFO] - Checking timeout

2021-11-23 09:40:20 - [MESSAGE][INFO] - Finding web element with id: 'Object Repository/Sayfalar/Giris_Sayfasi/RetveTamam_Butonu' located by 'By.xpath: //*[@class = 'btn btn-default']' in '30' second(s)

2021-11-23 09:40:20 - [MESSAGE][INFO] - Smart Wait Function is triggered

2021-11-23 09:40:25 - [MESSAGE][INFO] - Found 1 web elements with id: 'Object Repository/Sayfalar/Giris_Sayfasi/RetveTamam_Butonu' located by 'By.xpath: //*[@class = 'btn btn-default']' in '30' second(s)

2021-11-23 09:40:25 - [MESSAGE][INFO] - Clicking on object: 'Object Repository/Sayfalar/Giris_Sayfasi/RetveTamam_Butonu'

2021-11-23 09:40:25 - [MESSAGE][PASSED] - Object: 'Object Repository/Sayfalar/Giris_Sayfasi/RetveTamam_Butonu' is clicked on

2021-11-23 09:40:25 - [TEST_STEP][PASSED] - if (verifyElementPresent(findTestObject("Sayfalar/Giris_Sayfasi/PopupOK"), 5, OPTIONAL)): null

2021-11-23 09:40:25 - [MESSAGE][INFO] - Finding Test Object 'Object Repository/Sayfalar/Giris_Sayfasi/PopupOK'

2021-11-23 09:40:25 - [MESSAGE][INFO] - Checking object

2021-11-23 09:40:25 - [MESSAGE][INFO] - Finding web element from Test Object's properties

2021-11-23 09:40:25 - [MESSAGE][INFO] - Checking timeout

2021-11-23 09:40:25 - [MESSAGE][INFO] - Finding web element with id: 'Object Repository/Sayfalar/Giris_Sayfasi/PopupOK' located by 'By.cssSelector: .btn.btn-success' in '5' second(s)

2021-11-23 09:40:25 - [MESSAGE][INFO] - Smart Wait Function is triggered

2021-11-23 09:40:25 - [MESSAGE][INFO] - Found 1 web elements with id: 'Object Repository/Sayfalar/Giris_Sayfasi/PopupOK' located by 'By.cssSelector: .btn.btn-success' in '5' second(s)

2021-11-23 09:40:25 - [MESSAGE][PASSED] - Object 'Object Repository/Sayfalar/Giris_Sayfasi/PopupOK' is present

2021-11-23 09:40:25 - [TEST_STEP][PASSED] - click(findTestObject("Object Repository/Sayfalar/Giris_Sayfasi/PopupCarpiGiris")): Object: 'Object Repository/Sayfalar/Giris_Sayfasi/PopupCarpiGiris' is clicked on

2021-11-23 09:40:25 - [MESSAGE][INFO] - Finding Test Object 'Object Repository/Sayfalar/Giris_Sayfasi/PopupCarpiGiris'

2021-11-23 09:40:26 - [MESSAGE][INFO] - Checking object

2021-11-23 09:40:26 - [MESSAGE][INFO] - Finding web element from Test Object's properties

2021-11-23 09:40:26 - [MESSAGE][INFO] - Checking timeout

2021-11-23 09:40:26 - [MESSAGE][INFO] - Finding web element with id: 'Object Repository/Sayfalar/Giris_Sayfasi/PopupCarpiGiris' located by 'By.cssSelector: .bootbox-close-button.close' in '30' second(s)

2021-11-23 09:40:26 - [MESSAGE][INFO] - Smart Wait Function is triggered

2021-11-23 09:40:26 - [MESSAGE][INFO] - Found 1 web elements with id: 'Object Repository/Sayfalar/Giris_Sayfasi/PopupCarpiGiris' located by 'By.cssSelector: .bootbox-close-button.close' in '30' second(s)

2021-11-23 09:40:26 - [MESSAGE][INFO] - Clicking on object: 'Object Repository/Sayfalar/Giris_Sayfasi/PopupCarpiGiris'

2021-11-23 09:40:26 - [MESSAGE][PASSED] - Object: 'Object Repository/Sayfalar/Giris_Sayfasi/PopupCarpiGiris' is clicked on

2021-11-23 09:40:26 - [TEST_STEP][PASSED] - verifyElementVisible(findTestObject("Object Repository/Kullanici_Islemleri/KullaniciIslemleri")): Object 'Object Repository/Kullanici_Islemleri/KullaniciIslemleri' is visible

2021-11-23 09:40:26 - [MESSAGE][INFO] - Finding Test Object 'Object Repository/Kullanici_Islemleri/KullaniciIslemleri'

2021-11-23 09:40:26 - [MESSAGE][INFO] - Checking object

2021-11-23 09:40:26 - [MESSAGE][INFO] - Finding web element from Test Object's properties

2021-11-23 09:40:26 - [MESSAGE][INFO] - Checking timeout

2021-11-23 09:40:26 - [MESSAGE][INFO] - Finding web element with id: 'Object Repository/Kullanici_Islemleri/KullaniciIslemleri' located by 'By.cssSelector: .dropdown>a>img' in '30' second(s)

2021-11-23 09:40:26 - [MESSAGE][INFO] - Smart Wait Function is triggered

2021-11-23 09:40:27 - [MESSAGE][INFO] - Found 1 web elements with id: 'Object Repository/Kullanici_Islemleri/KullaniciIslemleri' located by 'By.cssSelector: .dropdown>a>img' in '30' second(s)

2021-11-23 09:40:27 - [MESSAGE][PASSED] - Object 'Object Repository/Kullanici_Islemleri/KullaniciIslemleri' is visible

2021-11-23 09:40:27 - [MESSAGE][PASSED] - Call Test Case 'Test Cases/Sayfalar/Giris_Sayfasi/Login' successfully

2021-11-23 09:40:27 - [MESSAGE][INFO] - Checking called Test Case

2021-11-23 09:40:27 - [MESSAGE][INFO] - Starting to call Test Case 'Test Cases/Menu/AnaMenuSecimi'

2021-11-23 09:40:27 - [TEST_CASE][PASSED] - Test Cases/Menu/AnaMenuSecimi: Test Cases/Menu/AnaMenuSecimi

2021-11-23 09:40:27 - [TEST_STEP][PASSED] - Method.TextDegerineEsitElementeTikla(findTestObject("Menu/Ana_Menu"), Ana_Menu): Method.TextDegerineEsitElementeTikla is PASSED

2021-11-23 09:40:27 - [MESSAGE][INFO] - Finding Test Object 'Object Repository/Menu/Ana_Menu'

2021-11-23 09:40:27 - [MESSAGE][INFO] - Checking timeout

2021-11-23 09:40:27 - [MESSAGE][INFO] - Finding web element with id: 'Object Repository/Menu/Ana_Menu' located by 'By.xpath: //*[@class = 'dropdown-toggle']' in '10' second(s)

2021-11-23 09:40:27 - [MESSAGE][INFO] - Smart Wait Function is triggered

2021-11-23 09:40:27 - [MESSAGE][INFO] - Found 14 web elements with id: 'Object Repository/Menu/Ana_Menu' located by 'By.xpath: //*[@class = 'dropdown-toggle']' in '10' second(s)

2021-11-23 09:40:27 - [MESSAGE][PASSED] - Method.TextDegerineEsitElementeTikla is PASSED

2021-11-23 09:40:27 - [MESSAGE][PASSED] - Call Test Case 'Test Cases/Menu/AnaMenuSecimi' successfully

2021-11-23 09:40:27 - [MESSAGE][INFO] - Checking called Test Case

2021-11-23 09:40:27 - [MESSAGE][INFO] - Starting to call Test Case 'Test Cases/Menu/AltMenuSecimi'

2021-11-23 09:40:27 - [TEST_CASE][PASSED] - Test Cases/Menu/AltMenuSecimi: Test Cases/Menu/AltMenuSecimi

2021-11-23 09:40:27 - [TEST_STEP][PASSED] - Method.TextDegerineEsitElementeTikla(findTestObject("Menu/Alt_Menu"), Alt_Menu): Method.TextDegerineEsitElementeTikla is PASSED

2021-11-23 09:40:27 - [MESSAGE][INFO] - Finding Test Object 'Object Repository/Menu/Alt_Menu'

2021-11-23 09:40:28 - [MESSAGE][INFO] - Checking timeout

2021-11-23 09:40:28 - [MESSAGE][INFO] - Finding web element with id: 'Object Repository/Menu/Alt_Menu' located by 'By.xpath: //li[@class='dropdown dropdown-large open']//li[@class='dropdown-element']' in '10' second(s)

2021-11-23 09:40:28 - [MESSAGE][INFO] - Smart Wait Function is triggered

2021-11-23 09:40:28 - [MESSAGE][INFO] - Found 2 web elements with id: 'Object Repository/Menu/Alt_Menu' located by 'By.xpath: //li[@class='dropdown dropdown-large open']//li[@class='dropdown-element']' in '10' second(s)

2021-11-23 09:40:32 - [MESSAGE][PASSED] - Method.TextDegerineEsitElementeTikla is PASSED

2021-11-23 09:40:32 - [MESSAGE][PASSED] - Call Test Case 'Test Cases/Menu/AltMenuSecimi' successfully

2021-11-23 09:40:32 - [MESSAGE][INFO] - Checking called Test Case

2021-11-23 09:40:32 - [MESSAGE][INFO] - Starting to call Test Case 'Test Cases/Filtreler/BaslangicYaz'

2021-11-23 09:40:32 - [TEST_CASE][PASSED] - Test Cases/Filtreler/BaslangicYaz: Test Cases/Filtreler/BaslangicYaz

2021-11-23 09:40:32 - [TEST_STEP][PASSED] - delay(3): Delayed 3 second(s)

2021-11-23 09:40:32 - [MESSAGE][INFO] - Delaying browser in 3 second(s)

2021-11-23 09:40:35 - [MESSAGE][PASSED] - Delayed 3 second(s)

2021-11-23 09:40:35 - [TEST_STEP][PASSED] - Method.TextDegerineEsitElementinAltindakineTikla(findTestObject("Filtreler/Basliklar"), findTestObject("Filtreler/Basliga_Gore_Baslangic_Image"), Filtre_Adi): Method.TextDegerineEsitElementinAltindakineTikla is PASSED

2021-11-23 09:40:35 - [MESSAGE][INFO] - Finding Test Object 'Object Repository/Filtreler/Basliklar'

2021-11-23 09:40:35 - [MESSAGE][INFO] - Finding Test Object 'Object Repository/Filtreler/Basliga_Gore_Baslangic_Image'

2021-11-23 09:40:35 - [MESSAGE][INFO] - Checking timeout

2021-11-23 09:40:35 - [MESSAGE][INFO] - Finding web element with id: 'Object Repository/Filtreler/Basliklar' located by 'By.cssSelector: .control-label.col-sm-4.paddingMarginRLC' in '10' second(s)

2021-11-23 09:40:35 - [MESSAGE][INFO] - Smart Wait Function is triggered

2021-11-23 09:40:36 - [MESSAGE][INFO] - Found 8 web elements with id: 'Object Repository/Filtreler/Basliklar' located by 'By.cssSelector: .control-label.col-sm-4.paddingMarginRLC' in '10' second(s)

2021-11-23 09:40:36 - [MESSAGE][INFO] - Smart Wait Function is triggered

2021-11-23 09:40:36 - [MESSAGE][PASSED] - Method.TextDegerineEsitElementinAltindakineTikla is PASSED

2021-11-23 09:40:36 - [TEST_STEP][PASSED] - Method.TextDegerineEsitElementinAltindakiTextboxtaYaz(findTestObject("Filtreler/Basliklar"), findTestObject("Filtreler/Basliga_Gore_Baslangic"), Filtre_Adi, Filtre_Degeri): Method.TextDegerineEsitElementinAltindakiTextboxtaYaz is PASSED

2021-11-23 09:40:36 - [MESSAGE][INFO] - Finding Test Object 'Object Repository/Filtreler/Basliklar'

2021-11-23 09:40:36 - [MESSAGE][INFO] - Finding Test Object 'Object Repository/Filtreler/Basliga_Gore_Baslangic'

2021-11-23 09:40:36 - [MESSAGE][INFO] - Checking timeout

2021-11-23 09:40:36 - [MESSAGE][INFO] - Finding web element with id: 'Object Repository/Filtreler/Basliklar' located by 'By.cssSelector: .control-label.col-sm-4.paddingMarginRLC' in '10' second(s)

2021-11-23 09:40:36 - [MESSAGE][INFO] - Smart Wait Function is triggered

2021-11-23 09:40:37 - [MESSAGE][INFO] - Found 8 web elements with id: 'Object Repository/Filtreler/Basliklar' located by 'By.cssSelector: .control-label.col-sm-4.paddingMarginRLC' in '10' second(s)

2021-11-23 09:40:37 - [MESSAGE][INFO] - Smart Wait Function is triggered

2021-11-23 09:40:37 - [MESSAGE][PASSED] - Method.TextDegerineEsitElementinAltindakiTextboxtaYaz is PASSED

2021-11-23 09:40:37 - [MESSAGE][PASSED] - Call Test Case 'Test Cases/Filtreler/BaslangicYaz' successfully

2021-11-23 09:40:37 - [MESSAGE][INFO] - Checking called Test Case

2021-11-23 09:40:37 - [MESSAGE][INFO] - Starting to call Test Case 'Test Cases/Filtreler/BitisYaz'

2021-11-23 09:40:37 - [TEST_CASE][PASSED] - Test Cases/Filtreler/BitisYaz: Test Cases/Filtreler/BitisYaz

2021-11-23 09:40:37 - [TEST_STEP][PASSED] - Method.TextDegerineEsitElementinAltindakineTikla(findTestObject("Filtreler/Basliklar"), findTestObject("Filtreler/Basliga_Gore_Bitis_Image"), Filtre_Adi): Method.TextDegerineEsitElementinAltindakineTikla is PASSED

2021-11-23 09:40:37 - [MESSAGE][INFO] - Finding Test Object 'Object Repository/Filtreler/Basliklar'

2021-11-23 09:40:37 - [MESSAGE][INFO] - Finding Test Object 'Object Repository/Filtreler/Basliga_Gore_Bitis_Image'

2021-11-23 09:40:37 - [MESSAGE][INFO] - Checking timeout

2021-11-23 09:40:37 - [MESSAGE][INFO] - Finding web element with id: 'Object Repository/Filtreler/Basliklar' located by 'By.cssSelector: .control-label.col-sm-4.paddingMarginRLC' in '10' second(s)

2021-11-23 09:40:37 - [MESSAGE][INFO] - Smart Wait Function is triggered

2021-11-23 09:40:38 - [MESSAGE][INFO] - Found 8 web elements with id: 'Object Repository/Filtreler/Basliklar' located by 'By.cssSelector: .control-label.col-sm-4.paddingMarginRLC' in '10' second(s)

2021-11-23 09:40:38 - [MESSAGE][INFO] - Smart Wait Function is triggered

2021-11-23 09:40:38 - [MESSAGE][PASSED] - Method.TextDegerineEsitElementinAltindakineTikla is PASSED

2021-11-23 09:40:38 - [TEST_STEP][PASSED] - Method.TextDegerineEsitElementinAltindakiTextboxtaYaz(findTestObject("Filtreler/Basliklar"), findTestObject("Object Repository/Filtreler/Basliga_Gore_Bitis"), Filtre_Adi, Filtre_Degeri): Method.TextDegerineEsitElementinAltindakiTextboxtaYaz is PASSED

2021-11-23 09:40:38 - [MESSAGE][INFO] - Finding Test Object 'Object Repository/Filtreler/Basliklar'

2021-11-23 09:40:38 - [MESSAGE][INFO] - Finding Test Object 'Object Repository/Filtreler/Basliga_Gore_Bitis'

2021-11-23 09:40:38 - [MESSAGE][INFO] - Checking timeout

2021-11-23 09:40:38 - [MESSAGE][INFO] - Finding web element with id: 'Object Repository/Filtreler/Basliklar' located by 'By.cssSelector: .control-label.col-sm-4.paddingMarginRLC' in '10' second(s)

2021-11-23 09:40:38 - [MESSAGE][INFO] - Smart Wait Function is triggered

2021-11-23 09:40:39 - [MESSAGE][INFO] - Found 8 web elements with id: 'Object Repository/Filtreler/Basliklar' located by 'By.cssSelector: .control-label.col-sm-4.paddingMarginRLC' in '10' second(s)

2021-11-23 09:40:39 - [MESSAGE][INFO] - Smart Wait Function is triggered

2021-11-23 09:40:39 - [MESSAGE][PASSED] - Method.TextDegerineEsitElementinAltindakiTextboxtaYaz is PASSED

2021-11-23 09:40:39 - [MESSAGE][PASSED] - Call Test Case 'Test Cases/Filtreler/BitisYaz' successfully

2021-11-23 09:40:39 - [MESSAGE][INFO] - Checking called Test Case

2021-11-23 09:40:39 - [MESSAGE][INFO] - Starting to call Test Case 'Test Cases/Filtreler/ButonaTikla'

2021-11-23 09:40:39 - [TEST_CASE][PASSED] - Test Cases/Filtreler/ButonaTikla: Test Cases/Filtreler/ButonaTikla

2021-11-23 09:40:39 - [TEST_STEP][PASSED] - Method.TextDegerineEsitElementeTikla(findTestObject("Filtreler/Butonlar"), Filtre_Buton): Method.TextDegerineEsitElementeTikla is PASSED

2021-11-23 09:40:39 - [MESSAGE][INFO] - Finding Test Object 'Object Repository/Filtreler/Butonlar'

2021-11-23 09:40:39 - [MESSAGE][INFO] - Checking timeout

2021-11-23 09:40:39 - [MESSAGE][INFO] - Finding web element with id: 'Object Repository/Filtreler/Butonlar' located by 'By.cssSelector: .dxb>span' in '10' second(s)

2021-11-23 09:40:39 - [MESSAGE][INFO] - Smart Wait Function is triggered

2021-11-23 09:40:40 - [MESSAGE][INFO] - Found 3 web elements with id: 'Object Repository/Filtreler/Butonlar' located by 'By.cssSelector: .dxb>span' in '10' second(s)

2021-11-23 09:40:40 - [MESSAGE][PASSED] - Method.TextDegerineEsitElementeTikla is PASSED

2021-11-23 09:40:40 - [MESSAGE][PASSED] - Call Test Case 'Test Cases/Filtreler/ButonaTikla' successfully

2021-11-23 09:40:40 - [MESSAGE][INFO] - Checking called Test Case

2021-11-23 09:40:40 - [MESSAGE][INFO] - Starting to call Test Case 'Test Cases/Tablo/TablodaVeriVarMi'

2021-11-23 09:40:40 - [TEST_CASE][PASSED] - Test Cases/Tablo/TablodaVeriVarMi: Test Cases/Tablo/TablodaVeriVarMi

2021-11-23 09:40:40 - [TEST_STEP][PASSED] - verifyTextNotPresent("Görüntülenecek veri yok", true): Text 'Görüntülenecek veri yok' is not present on page using regular expression

2021-11-23 09:40:40 - [MESSAGE][INFO] - Checking text present  using regular expression

2021-11-23 09:40:40 - [MESSAGE][INFO] - Smart Wait Function is triggered

2021-11-23 09:40:41 - [MESSAGE][INFO] - Finding text 'Görüntülenecek veri yok' on page  using regular expression

2021-11-23 09:40:41 - [MESSAGE][PASSED] - Text 'Görüntülenecek veri yok' is not present on page using regular expression

2021-11-23 09:40:41 - [MESSAGE][PASSED] - Call Test Case 'Test Cases/Tablo/TablodaVeriVarMi' successfully

2021-11-23 09:40:41 - [MESSAGE][INFO] - Checking called Test Case

2021-11-23 09:40:41 - [MESSAGE][INFO] - Starting to call Test Case 'Test Cases/Tablo/TablodanVeriSec'

2021-11-23 09:40:41 - [TEST_CASE][PASSED] - Test Cases/Tablo/TablodanVeriSec: Test Cases/Tablo/TablodanVeriSec

2021-11-23 09:40:41 - [TEST_STEP][PASSED] - Method.TextDegerineEsitElementinAltindakineTikla(findTestObject("Tablo/Veriler"), findTestObject("Tablo/VerininCheckBoxi"), Veri_Adi): Method.TextDegerineEsitElementinAltindakineTikla is PASSED

2021-11-23 09:40:41 - [MESSAGE][INFO] - Finding Test Object 'Object Repository/Tablo/Veriler'

2021-11-23 09:40:41 - [MESSAGE][INFO] - Finding Test Object 'Object Repository/Tablo/VerininCheckBoxi'

2021-11-23 09:40:42 - [MESSAGE][INFO] - Checking timeout

2021-11-23 09:40:42 - [MESSAGE][INFO] - Finding web element with id: 'Object Repository/Tablo/Veriler' located by 'By.cssSelector: td.dxgv b ,td.dxgv' in '10' second(s)

2021-11-23 09:40:42 - [MESSAGE][INFO] - Smart Wait Function is triggered

2021-11-23 09:40:42 - [MESSAGE][INFO] - Found 110 web elements with id: 'Object Repository/Tablo/Veriler' located by 'By.cssSelector: td.dxgv b ,td.dxgv' in '10' second(s)

2021-11-23 09:40:42 - [MESSAGE][INFO] - Smart Wait Function is triggered

2021-11-23 09:40:43 - [MESSAGE][PASSED] - Method.TextDegerineEsitElementinAltindakineTikla is PASSED

2021-11-23 09:40:43 - [MESSAGE][PASSED] - Call Test Case 'Test Cases/Tablo/TablodanVeriSec' successfully

2021-11-23 09:40:43 - [MESSAGE][INFO] - Checking called Test Case

2021-11-23 09:40:43 - [MESSAGE][INFO] - Starting to call Test Case 'Test Cases/Butonlar/ButonaTikla'

2021-11-23 09:40:43 - [TEST_CASE][PASSED] - Test Cases/Butonlar/ButonaTikla: Test Cases/Butonlar/ButonaTikla

2021-11-23 09:40:43 - [TEST_STEP][PASSED] - Method.TextDegerineEsitElementeTiklaEquals(findTestObject("Butonlar/Butonlar"), Buton_Adi): Method.TextDegerineEsitElementeTiklaEquals is PASSED

2021-11-23 09:40:43 - [MESSAGE][INFO] - Finding Test Object 'Object Repository/Butonlar/Butonlar'

2021-11-23 09:40:43 - [MESSAGE][INFO] - Checking timeout

2021-11-23 09:40:43 - [MESSAGE][INFO] - Finding web element with id: 'Object Repository/Butonlar/Butonlar' located by 'By.cssSelector: .panel.panel-default.text-center.footerPanel .btn,.btn.btn-primary.btnControls' in '10' second(s)

2021-11-23 09:40:43 - [MESSAGE][INFO] - Smart Wait Function is triggered

2021-11-23 09:40:43 - [MESSAGE][INFO] - Found 5 web elements with id: 'Object Repository/Butonlar/Butonlar' located by 'By.cssSelector: .panel.panel-default.text-center.footerPanel .btn,.btn.btn-primary.btnControls' in '10' second(s)

2021-11-23 09:40:43 - [MESSAGE][PASSED] - Method.TextDegerineEsitElementeTiklaEquals is PASSED

2021-11-23 09:40:43 - [MESSAGE][PASSED] - Call Test Case 'Test Cases/Butonlar/ButonaTikla' successfully

2021-11-23 09:40:43 - [MESSAGE][INFO] - Checking called Test Case

2021-11-23 09:40:43 - [MESSAGE][INFO] - Starting to call Test Case 'Test Cases/Butonlar/AltButonaTikla'

2021-11-23 09:40:43 - [TEST_CASE][PASSED] - Test Cases/Butonlar/AltButonaTikla: Test Cases/Butonlar/AltButonaTikla

2021-11-23 09:40:44 - [TEST_STEP][PASSED] - Method.TextDegerineEsitElementeTikla(findTestObject("Butonlar/AltButonlar"), Alt_Buton): Method.TextDegerineEsitElementeTikla is PASSED

2021-11-23 09:40:44 - [MESSAGE][INFO] - Finding Test Object 'Object Repository/Butonlar/AltButonlar'

2021-11-23 09:40:44 - [MESSAGE][INFO] - Checking timeout

2021-11-23 09:40:44 - [MESSAGE][INFO] - Finding web element with id: 'Object Repository/Butonlar/AltButonlar' located by 'By.cssSelector: .btn-group.open li>a' in '10' second(s)

2021-11-23 09:40:44 - [MESSAGE][INFO] - Smart Wait Function is triggered

2021-11-23 09:40:44 - [MESSAGE][INFO] - Found 1 web elements with id: 'Object Repository/Butonlar/AltButonlar' located by 'By.cssSelector: .btn-group.open li>a' in '10' second(s)

2021-11-23 09:40:45 - [MESSAGE][PASSED] - Method.TextDegerineEsitElementeTikla is PASSED

2021-11-23 09:40:45 - [MESSAGE][PASSED] - Call Test Case 'Test Cases/Butonlar/AltButonaTikla' successfully

2021-11-23 09:40:45 - [MESSAGE][INFO] - Checking called Test Case

2021-11-23 09:40:45 - [MESSAGE][INFO] - Starting to call Test Case 'Test Cases/Butonlar/DosyaIndirildiMi'

2021-11-23 09:40:45 - [TEST_CASE][PASSED] - Test Cases/Butonlar/DosyaIndirildiMi: Test Cases/Butonlar/DosyaIndirildiMi

2021-11-23 09:40:46 - [TEST_STEP][PASSED] - Method.isimliDosyaIndirildiMi(DownloadFile, FileName): Method.isimliDosyaIndirildiMi is PASSED

2021-11-23 09:40:46 - [MESSAGE][INFO] - Delaying browser in 3 second(s)

2021-11-23 09:40:49 - [MESSAGE][PASSED] - Delayed 3 second(s)

2021-11-23 09:40:49 - [MESSAGE][PASSED] - Method.isimliDosyaIndirildiMi is PASSED

2021-11-23 09:40:49 - [MESSAGE][PASSED] - Call Test Case 'Test Cases/Butonlar/DosyaIndirildiMi' successfully

2021-11-23 09:40:49 - [MESSAGE][INFO] - Checking called Test Case

2021-11-23 09:40:49 - [MESSAGE][INFO] - Starting to call Test Case 'Test Cases/Kullanici_Islemleri/KullaniciIslemlerindenSecimYapilir'

2021-11-23 09:40:49 - [TEST_CASE][PASSED] - Test Cases/Kullanici_Islemleri/KullaniciIslemlerindenSecimYapilir: Test Cases/Kullanici_Islemleri/KullaniciIslemlerindenSecimYapilir

2021-11-23 09:40:49 - [TEST_STEP][PASSED] - waitForElementClickable(findTestObject("Object Repository/Kullanici_Islemleri/KullaniciIslemleri"), 10): Object 'Object Repository/Kullanici_Islemleri/KullaniciIslemleri' is clickable

2021-11-23 09:40:49 - [MESSAGE][INFO] - Finding Test Object 'Object Repository/Kullanici_Islemleri/KullaniciIslemleri'

2021-11-23 09:40:49 - [MESSAGE][INFO] - Checking object

2021-11-23 09:40:49 - [MESSAGE][INFO] - Checking timeout

2021-11-23 09:40:49 - [MESSAGE][INFO] - Finding web element from Test Object's properties

2021-11-23 09:40:49 - [MESSAGE][INFO] - Checking timeout

2021-11-23 09:40:49 - [MESSAGE][INFO] - Finding web element with id: 'Object Repository/Kullanici_Islemleri/KullaniciIslemleri' located by 'By.cssSelector: .dropdown>a>img' in '10' second(s)

2021-11-23 09:40:49 - [MESSAGE][INFO] - Smart Wait Function is triggered

2021-11-23 09:40:49 - [MESSAGE][INFO] - Found 1 web elements with id: 'Object Repository/Kullanici_Islemleri/KullaniciIslemleri' located by 'By.cssSelector: .dropdown>a>img' in '10' second(s)

2021-11-23 09:40:49 - [MESSAGE][PASSED] - Object 'Object Repository/Kullanici_Islemleri/KullaniciIslemleri' is clickable

2021-11-23 09:40:49 - [TEST_STEP][PASSED] - click(findTestObject("Object Repository/Kullanici_Islemleri/KullaniciIslemleri")): Object: 'Object Repository/Kullanici_Islemleri/KullaniciIslemleri' is clicked on

2021-11-23 09:40:49 - [MESSAGE][INFO] - Finding Test Object 'Object Repository/Kullanici_Islemleri/KullaniciIslemleri'

2021-11-23 09:40:49 - [MESSAGE][INFO] - Checking object

2021-11-23 09:40:49 - [MESSAGE][INFO] - Finding web element from Test Object's properties

2021-11-23 09:40:49 - [MESSAGE][INFO] - Checking timeout

2021-11-23 09:40:49 - [MESSAGE][INFO] - Finding web element with id: 'Object Repository/Kullanici_Islemleri/KullaniciIslemleri' located by 'By.cssSelector: .dropdown>a>img' in '30' second(s)

2021-11-23 09:40:49 - [MESSAGE][INFO] - Smart Wait Function is triggered

2021-11-23 09:40:50 - [MESSAGE][INFO] - Found 1 web elements with id: 'Object Repository/Kullanici_Islemleri/KullaniciIslemleri' located by 'By.cssSelector: .dropdown>a>img' in '30' second(s)

2021-11-23 09:40:50 - [MESSAGE][INFO] - Clicking on object: 'Object Repository/Kullanici_Islemleri/KullaniciIslemleri'

2021-11-23 09:40:50 - [MESSAGE][PASSED] - Object: 'Object Repository/Kullanici_Islemleri/KullaniciIslemleri' is clicked on

2021-11-23 09:40:50 - [TEST_STEP][PASSED] - Method.TextDegerineEsitElementeTikla(findTestObject("Object Repository/Kullanici_Islemleri/Secenekler"), Islem): Method.TextDegerineEsitElementeTikla is PASSED

2021-11-23 09:40:50 - [MESSAGE][INFO] - Finding Test Object 'Object Repository/Kullanici_Islemleri/Secenekler'

2021-11-23 09:40:50 - [MESSAGE][INFO] - Checking timeout

2021-11-23 09:40:50 - [MESSAGE][INFO] - Finding web element with id: 'Object Repository/Kullanici_Islemleri/Secenekler' located by 'By.cssSelector: .nav.navbar-nav.navbar-right li a' in '10' second(s)

2021-11-23 09:40:50 - [MESSAGE][INFO] - Smart Wait Function is triggered

2021-11-23 09:40:50 - [MESSAGE][INFO] - Found 22 web elements with id: 'Object Repository/Kullanici_Islemleri/Secenekler' located by 'By.cssSelector: .nav.navbar-nav.navbar-right li a' in '10' second(s)

2021-11-23 09:40:51 - [MESSAGE][PASSED] - Method.TextDegerineEsitElementeTikla is PASSED

2021-11-23 09:40:51 - [TEST_STEP][PASSED] - verifyElementNotPresent(findTestObject("Object Repository/Kullanici_Islemleri/Secenekler"), 10): Web element with id: 'Object Repository/Kullanici_Islemleri/Secenekler' located by 'By.cssSelector: .nav.navbar-nav.navbar-right li a' is not present after '10' second(s)

2021-11-23 09:40:51 - [MESSAGE][INFO] - Finding Test Object 'Object Repository/Kullanici_Islemleri/Secenekler'

2021-11-23 09:40:51 - [MESSAGE][INFO] - Checking object

2021-11-23 09:40:51 - [MESSAGE][INFO] - Checking timeout

2021-11-23 09:40:51 - [MESSAGE][INFO] - Finding web element with id: 'Object Repository/Kullanici_Islemleri/Secenekler' located by 'By.cssSelector: .nav.navbar-nav.navbar-right li a' in '10' second(s)

2021-11-23 09:40:51 - [MESSAGE][INFO] - Smart Wait Function is triggered

2021-11-23 09:40:52 - [MESSAGE][PASSED] - Web element with id: 'Object Repository/Kullanici_Islemleri/Secenekler' located by 'By.cssSelector: .nav.navbar-nav.navbar-right li a' is not present after '10' second(s)

2021-11-23 09:40:52 - [MESSAGE][PASSED] - Call Test Case 'Test Cases/Kullanici_Islemleri/KullaniciIslemlerindenSecimYapilir' successfully

2021-11-23 09:40:52 - [TEST_CASE][PASSED] - Start Test Case : SCENARIO Gelen Zarf indirme: SCENARIO Gelen Zarf indirme

2021-11-23 09:40:52 - [TEST_STEP][PASSED] - Kullanıcı adı ELOGO6 ve Şifre 123456 olarak giriş yapılır: Kullanıcı adı ELOGO6 ve Şifre 123456 olarak giriş yapılır

2021-11-23 09:40:52 - [MESSAGE][PASSED] - Kullanıcı adı ELOGO6 ve Şifre 123456 olarak giriş yapılır

2021-11-23 09:40:52 - [TEST_STEP][PASSED] - Ana menüden Zarflar seçilir: Ana menüden Zarflar seçilir

2021-11-23 09:40:52 - [MESSAGE][PASSED] - Ana menüden Zarflar seçilir

2021-11-23 09:40:52 - [TEST_STEP][PASSED] - Alt menüden Gelen Zarflar seçilir: Alt menüden Gelen Zarflar seçilir

2021-11-23 09:40:52 - [MESSAGE][PASSED] - Alt menüden Gelen Zarflar seçilir

2021-11-23 09:40:52 - [TEST_STEP][PASSED] - Filtrelerden Oluşturma Tarihi filtresine 01.12.2020 baslangic degerini yaz: Filtrelerden Oluşturma Tarihi filtresine 01.12.2020 baslangic degerini yaz

2021-11-23 09:40:52 - [MESSAGE][PASSED] - Filtrelerden Oluşturma Tarihi filtresine 01.12.2020 baslangic degerini yaz

2021-11-23 09:40:52 - [TEST_STEP][PASSED] - Filtrelerden Oluşturma Tarihi filtresine 31.12.2020 bitis degerini yaz: Filtrelerden Oluşturma Tarihi filtresine 31.12.2020 bitis degerini yaz

2021-11-23 09:40:52 - [MESSAGE][PASSED] - Filtrelerden Oluşturma Tarihi filtresine 31.12.2020 bitis degerini yaz

2021-11-23 09:40:52 - [TEST_STEP][PASSED] - Filtre butonlarından Listele seçilir: Filtre butonlarından Listele seçilir

2021-11-23 09:40:52 - [MESSAGE][PASSED] - Filtre butonlarından Listele seçilir

2021-11-23 09:40:52 - [TEST_STEP][PASSED] - Tabloda veri var mı kontrol edilir: Tabloda veri var mı kontrol edilir

2021-11-23 09:40:52 - [MESSAGE][PASSED] - Tabloda veri var mı kontrol edilir

2021-11-23 09:40:52 - [TEST_STEP][PASSED] - Tablodan E LOGO 6 isimli veri seçilir: Tablodan E LOGO 6 isimli veri seçilir

2021-11-23 09:40:52 - [MESSAGE][PASSED] - Tablodan E LOGO 6 isimli veri seçilir

2021-11-23 09:40:52 - [TEST_STEP][PASSED] - Butonlardan İndir isimli butona tıklanır: Butonlardan İndir isimli butona tıklanır

2021-11-23 09:40:52 - [MESSAGE][PASSED] - Butonlardan İndir isimli butona tıklanır

2021-11-23 09:40:52 - [TEST_STEP][PASSED] - Alt butonlardan İndir butonuna tıklanır: Alt butonlardan İndir butonuna tıklanır

2021-11-23 09:40:52 - [MESSAGE][PASSED] - Alt butonlardan İndir butonuna tıklanır

2021-11-23 09:40:52 - [TEST_STEP][PASSED] - Ön eki Envelope olan dosya indirildi mi: Ön eki Envelope olan dosya indirildi mi

2021-11-23 09:40:52 - [MESSAGE][PASSED] - Ön eki Envelope olan dosya indirildi mi

2021-11-23 09:40:52 - [TEST_STEP][PASSED] - Kullanıcı işlemlerinden Çıkış seçilir: Kullanıcı işlemlerinden Çıkış seçilir

2021-11-23 09:40:52 - [MESSAGE][PASSED] - Kullanıcı işlemlerinden Çıkış seçilir

2021-11-23 09:40:52 - [MESSAGE][PASSED] - Feature file: 'Include/features/Zarflar/Gelen Zarflar/Indir.feature' was passed

2021-11-23 09:40:52 - [TEST_STEP][PASSED] - Start listener action : sampleAfterTestSuite: Invoke 'com.kms.katalon.core.annotation.AfterTestCase' method: 'Listener.sampleAfterTestSuite(...)' completed.

2021-11-23 09:40:52 - [MESSAGE][INFO] - Starting invoke 'com.kms.katalon.core.annotation.AfterTestCase' method: 'Listener.sampleAfterTestSuite(...)'

2021-11-23 09:40:52 - [TEST_STEP][PASSED] - closeBrowser(): Invoke 'com.kms.katalon.core.annotation.AfterTestCase' method: 'Listener.sampleAfterTestSuite(...)' completed.

2021-11-23 09:40:52 - [MESSAGE][INFO] - Closing browser

2021-11-23 09:40:52 - [MESSAGE][PASSED] - Browser is closed

2021-11-23 09:40:52 - [MESSAGE][INFO] - Invoke 'com.kms.katalon.core.annotation.AfterTestCase' method: 'Listener.sampleAfterTestSuite(...)' completed.]]></system-out>
         <system-err><![CDATA[]]></system-err>
      </testcase>
      <testcase name="Test Cases/Case Repository/Zarflar/Gelen Zarflar/Izleme Kayitlari" time="62.702" classname="Test Cases/Case Repository/Zarflar/Gelen Zarflar/Izleme Kayitlari" status="PASSED">
         <system-out><![CDATA[2021-11-23 09:40:52 - [TEST_CASE][PASSED] - Test Cases/Case Repository/Zarflar/Gelen Zarflar/Izleme Kayitlari: Test Cases/Case Repository/Zarflar/Gelen Zarflar/Izleme Kayitlari

2021-11-23 09:40:52 - [TEST_STEP][PASSED] - Start listener action : sampleBeforeTestSuite: Invoke 'com.kms.katalon.core.annotation.BeforeTestCase' method: 'Listener.sampleBeforeTestSuite(...)' completed.

2021-11-23 09:40:52 - [MESSAGE][INFO] - Starting invoke 'com.kms.katalon.core.annotation.BeforeTestCase' method: 'Listener.sampleBeforeTestSuite(...)'

2021-11-23 09:40:52 - [TEST_STEP][PASSED] - openBrowser(baseUrl): Browser is opened with url: 'https://efatura-stage.elogo.com.tr/'

2021-11-23 09:40:52 - [MESSAGE][INFO] - Opening browser

2021-11-23 09:40:52 - [MESSAGE][INFO] - Starting 'Chrome' driver

2021-11-23 09:40:52 - [MESSAGE][INFO] - User set preference: ['prefs', '{download.default_directory=C:\otomasyondownfiles}']

2021-11-23 09:40:52 - [MESSAGE][INFO] - Action delay is set to 0 milliseconds

2021-11-23 09:40:54 - [MESSAGE][INFO] - Navigating browser to: 'https://efatura-stage.elogo.com.tr/'

2021-11-23 09:41:00 - [MESSAGE][PASSED] - Browser is opened with url: 'https://efatura-stage.elogo.com.tr/'

2021-11-23 09:41:00 - [TEST_STEP][PASSED] - maximizeWindow(): Invoke 'com.kms.katalon.core.annotation.BeforeTestCase' method: 'Listener.sampleBeforeTestSuite(...)' completed.

2021-11-23 09:41:00 - [MESSAGE][INFO] - Maximizing current window

2021-11-23 09:41:00 - [MESSAGE][PASSED] - Current window maximized

2021-11-23 09:41:00 - [MESSAGE][INFO] - Invoke 'com.kms.katalon.core.annotation.BeforeTestCase' method: 'Listener.sampleBeforeTestSuite(...)' completed.

2021-11-23 09:41:00 - [TEST_STEP][PASSED] - runFeatureFile("Include/features/Zarflar/Gelen Zarflar/Izleme Kayitlari.feature"): Feature file: 'Include/features/Zarflar/Gelen Zarflar/Izleme Kayitlari.feature' was passed

2021-11-23 09:41:00 - [MESSAGE][INFO] - Starting run keyword runFeatureFile: 'Include/features/Zarflar/Gelen Zarflar/Izleme Kayitlari.feature' and extract report to folder: 'C:\Users\DELL\Documents\GitHub\EES_KatalonLogo\Reports\20211123_091110\Suite Repository\Zarflar\20211123_091159/cucumber_report/1637649660994'...

2021-11-23 09:41:00 - [MESSAGE][INFO] - Glue: []

2021-11-23 09:41:02 - [MESSAGE][INFO] - Checking called Test Case

2021-11-23 09:41:02 - [MESSAGE][INFO] - Starting to call Test Case 'Test Cases/Sayfalar/Giris_Sayfasi/Login'

2021-11-23 09:41:02 - [TEST_CASE][PASSED] - Test Cases/Sayfalar/Giris_Sayfasi/Login: Test Cases/Sayfalar/Giris_Sayfasi/Login

2021-11-23 09:41:02 - [TEST_STEP][PASSED] - Sayfa_Basligi = getWindowTitle(): Current window's title is: 'LOGO e-Fatura'

2021-11-23 09:41:02 - [MESSAGE][INFO] - Getting current window's title

2021-11-23 09:41:02 - [MESSAGE][PASSED] - Current window's title is: 'LOGO e-Fatura'

2021-11-23 09:41:02 - [TEST_STEP][PASSED] - verifyMatch(Sayfa_Basligi, "LOGO e-Fatura", false): Actual text 'LOGO e-Fatura' and expected text 'LOGO e-Fatura' are matched 

2021-11-23 09:41:02 - [MESSAGE][INFO] - Matching actual text 'LOGO e-Fatura' with expected text 'LOGO e-Fatura'

2021-11-23 09:41:02 - [MESSAGE][PASSED] - Actual text 'LOGO e-Fatura' and expected text 'LOGO e-Fatura' are matched 

2021-11-23 09:41:02 - [TEST_STEP][PASSED] - sendKeys(findTestObject("Sayfalar/Giris_Sayfasi/Firma_Kodu"), KullaniciAdi): Keys 'ELOGO6' sent to object: 'Object Repository/Sayfalar/Giris_Sayfasi/Firma_Kodu'

2021-11-23 09:41:02 - [MESSAGE][INFO] - Finding Test Object 'Object Repository/Sayfalar/Giris_Sayfasi/Firma_Kodu'

2021-11-23 09:41:02 - [MESSAGE][INFO] - Sending keys 'ELOGO6' to object: 'Object Repository/Sayfalar/Giris_Sayfasi/Firma_Kodu'

2021-11-23 09:41:02 - [MESSAGE][INFO] - Finding web element from Test Object's properties

2021-11-23 09:41:02 - [MESSAGE][INFO] - Checking timeout

2021-11-23 09:41:02 - [MESSAGE][INFO] - Finding web element with id: 'Object Repository/Sayfalar/Giris_Sayfasi/Firma_Kodu' located by 'By.xpath: //*[@id = 'AccountName']' in '30' second(s)

2021-11-23 09:41:02 - [MESSAGE][INFO] - Smart Wait Function is triggered

2021-11-23 09:41:03 - [MESSAGE][INFO] - Found 1 web elements with id: 'Object Repository/Sayfalar/Giris_Sayfasi/Firma_Kodu' located by 'By.xpath: //*[@id = 'AccountName']' in '30' second(s)

2021-11-23 09:41:03 - [MESSAGE][PASSED] - Keys 'ELOGO6' sent to object: 'Object Repository/Sayfalar/Giris_Sayfasi/Firma_Kodu'

2021-11-23 09:41:03 - [TEST_STEP][PASSED] - sendKeys(findTestObject("Sayfalar/Giris_Sayfasi/Sifre"), Sifre): Keys '123456' sent to object: 'Object Repository/Sayfalar/Giris_Sayfasi/Sifre'

2021-11-23 09:41:03 - [MESSAGE][INFO] - Finding Test Object 'Object Repository/Sayfalar/Giris_Sayfasi/Sifre'

2021-11-23 09:41:03 - [MESSAGE][INFO] - Sending keys '123456' to object: 'Object Repository/Sayfalar/Giris_Sayfasi/Sifre'

2021-11-23 09:41:03 - [MESSAGE][INFO] - Finding web element from Test Object's properties

2021-11-23 09:41:03 - [MESSAGE][INFO] - Checking timeout

2021-11-23 09:41:03 - [MESSAGE][INFO] - Finding web element with id: 'Object Repository/Sayfalar/Giris_Sayfasi/Sifre' located by 'By.xpath: //*[@id = 'Password']' in '30' second(s)

2021-11-23 09:41:03 - [MESSAGE][INFO] - Smart Wait Function is triggered

2021-11-23 09:41:03 - [MESSAGE][INFO] - Found 1 web elements with id: 'Object Repository/Sayfalar/Giris_Sayfasi/Sifre' located by 'By.xpath: //*[@id = 'Password']' in '30' second(s)

2021-11-23 09:41:03 - [MESSAGE][PASSED] - Keys '123456' sent to object: 'Object Repository/Sayfalar/Giris_Sayfasi/Sifre'

2021-11-23 09:41:03 - [TEST_STEP][PASSED] - findWebElement(findTestObject("Sayfalar/Giris_Sayfasi/Giris_Butonu")).click(): Found 1 web elements with id: 'Object Repository/Sayfalar/Giris_Sayfasi/Giris_Butonu' located by 'By.cssSelector: #btnLogin' in '30' second(s)

2021-11-23 09:41:03 - [MESSAGE][INFO] - Finding Test Object 'Object Repository/Sayfalar/Giris_Sayfasi/Giris_Butonu'

2021-11-23 09:41:03 - [MESSAGE][INFO] - Finding web element from Test Object's properties

2021-11-23 09:41:03 - [MESSAGE][INFO] - Checking timeout

2021-11-23 09:41:03 - [MESSAGE][INFO] - Finding web element with id: 'Object Repository/Sayfalar/Giris_Sayfasi/Giris_Butonu' located by 'By.cssSelector: #btnLogin' in '30' second(s)

2021-11-23 09:41:03 - [MESSAGE][INFO] - Smart Wait Function is triggered

2021-11-23 09:41:04 - [MESSAGE][INFO] - Found 1 web elements with id: 'Object Repository/Sayfalar/Giris_Sayfasi/Giris_Butonu' located by 'By.cssSelector: #btnLogin' in '30' second(s)

2021-11-23 09:41:06 - [TEST_STEP][PASSED] - if (verifyElementPresent(findTestObject("Object Repository/Sayfalar/Giris_Sayfasi/RetveTamam_Butonu"), 5, OPTIONAL)): null

2021-11-23 09:41:06 - [MESSAGE][INFO] - Finding Test Object 'Object Repository/Sayfalar/Giris_Sayfasi/RetveTamam_Butonu'

2021-11-23 09:41:07 - [MESSAGE][INFO] - Checking object

2021-11-23 09:41:07 - [MESSAGE][INFO] - Finding web element from Test Object's properties

2021-11-23 09:41:07 - [MESSAGE][INFO] - Checking timeout

2021-11-23 09:41:07 - [MESSAGE][INFO] - Finding web element with id: 'Object Repository/Sayfalar/Giris_Sayfasi/RetveTamam_Butonu' located by 'By.xpath: //*[@class = 'btn btn-default']' in '5' second(s)

2021-11-23 09:41:07 - [MESSAGE][INFO] - Smart Wait Function is triggered

2021-11-23 09:41:07 - [MESSAGE][INFO] - Found 1 web elements with id: 'Object Repository/Sayfalar/Giris_Sayfasi/RetveTamam_Butonu' located by 'By.xpath: //*[@class = 'btn btn-default']' in '5' second(s)

2021-11-23 09:41:07 - [MESSAGE][PASSED] - Object 'Object Repository/Sayfalar/Giris_Sayfasi/RetveTamam_Butonu' is present

2021-11-23 09:41:07 - [TEST_STEP][PASSED] - click(findTestObject("Object Repository/Sayfalar/Giris_Sayfasi/RetveTamam_Butonu")): Object: 'Object Repository/Sayfalar/Giris_Sayfasi/RetveTamam_Butonu' is clicked on

2021-11-23 09:41:07 - [MESSAGE][INFO] - Finding Test Object 'Object Repository/Sayfalar/Giris_Sayfasi/RetveTamam_Butonu'

2021-11-23 09:41:07 - [MESSAGE][INFO] - Checking object

2021-11-23 09:41:07 - [MESSAGE][INFO] - Finding web element from Test Object's properties

2021-11-23 09:41:07 - [MESSAGE][INFO] - Checking timeout

2021-11-23 09:41:07 - [MESSAGE][INFO] - Finding web element with id: 'Object Repository/Sayfalar/Giris_Sayfasi/RetveTamam_Butonu' located by 'By.xpath: //*[@class = 'btn btn-default']' in '30' second(s)

2021-11-23 09:41:07 - [MESSAGE][INFO] - Smart Wait Function is triggered

2021-11-23 09:41:07 - [MESSAGE][INFO] - Found 1 web elements with id: 'Object Repository/Sayfalar/Giris_Sayfasi/RetveTamam_Butonu' located by 'By.xpath: //*[@class = 'btn btn-default']' in '30' second(s)

2021-11-23 09:41:07 - [MESSAGE][INFO] - Clicking on object: 'Object Repository/Sayfalar/Giris_Sayfasi/RetveTamam_Butonu'

2021-11-23 09:41:07 - [MESSAGE][PASSED] - Object: 'Object Repository/Sayfalar/Giris_Sayfasi/RetveTamam_Butonu' is clicked on

2021-11-23 09:41:07 - [TEST_STEP][PASSED] - click(findTestObject("Object Repository/Sayfalar/Giris_Sayfasi/RetveTamam_Butonu")): Object: 'Object Repository/Sayfalar/Giris_Sayfasi/RetveTamam_Butonu' is clicked on

2021-11-23 09:41:07 - [MESSAGE][INFO] - Finding Test Object 'Object Repository/Sayfalar/Giris_Sayfasi/RetveTamam_Butonu'

2021-11-23 09:41:07 - [MESSAGE][INFO] - Checking object

2021-11-23 09:41:07 - [MESSAGE][INFO] - Finding web element from Test Object's properties

2021-11-23 09:41:07 - [MESSAGE][INFO] - Checking timeout

2021-11-23 09:41:07 - [MESSAGE][INFO] - Finding web element with id: 'Object Repository/Sayfalar/Giris_Sayfasi/RetveTamam_Butonu' located by 'By.xpath: //*[@class = 'btn btn-default']' in '30' second(s)

2021-11-23 09:41:07 - [MESSAGE][INFO] - Smart Wait Function is triggered

2021-11-23 09:41:10 - [MESSAGE][INFO] - Found 1 web elements with id: 'Object Repository/Sayfalar/Giris_Sayfasi/RetveTamam_Butonu' located by 'By.xpath: //*[@class = 'btn btn-default']' in '30' second(s)

2021-11-23 09:41:10 - [MESSAGE][INFO] - Clicking on object: 'Object Repository/Sayfalar/Giris_Sayfasi/RetveTamam_Butonu'

2021-11-23 09:41:10 - [MESSAGE][PASSED] - Object: 'Object Repository/Sayfalar/Giris_Sayfasi/RetveTamam_Butonu' is clicked on

2021-11-23 09:41:10 - [TEST_STEP][PASSED] - if (verifyElementPresent(findTestObject("Sayfalar/Giris_Sayfasi/PopupOK"), 5, OPTIONAL)): null

2021-11-23 09:41:10 - [MESSAGE][INFO] - Finding Test Object 'Object Repository/Sayfalar/Giris_Sayfasi/PopupOK'

2021-11-23 09:41:10 - [MESSAGE][INFO] - Checking object

2021-11-23 09:41:10 - [MESSAGE][INFO] - Finding web element from Test Object's properties

2021-11-23 09:41:10 - [MESSAGE][INFO] - Checking timeout

2021-11-23 09:41:10 - [MESSAGE][INFO] - Finding web element with id: 'Object Repository/Sayfalar/Giris_Sayfasi/PopupOK' located by 'By.cssSelector: .btn.btn-success' in '5' second(s)

2021-11-23 09:41:10 - [MESSAGE][INFO] - Smart Wait Function is triggered

2021-11-23 09:41:11 - [MESSAGE][INFO] - Found 1 web elements with id: 'Object Repository/Sayfalar/Giris_Sayfasi/PopupOK' located by 'By.cssSelector: .btn.btn-success' in '5' second(s)

2021-11-23 09:41:11 - [MESSAGE][PASSED] - Object 'Object Repository/Sayfalar/Giris_Sayfasi/PopupOK' is present

2021-11-23 09:41:11 - [TEST_STEP][PASSED] - click(findTestObject("Object Repository/Sayfalar/Giris_Sayfasi/PopupCarpiGiris")): Object: 'Object Repository/Sayfalar/Giris_Sayfasi/PopupCarpiGiris' is clicked on

2021-11-23 09:41:11 - [MESSAGE][INFO] - Finding Test Object 'Object Repository/Sayfalar/Giris_Sayfasi/PopupCarpiGiris'

2021-11-23 09:41:11 - [MESSAGE][INFO] - Checking object

2021-11-23 09:41:11 - [MESSAGE][INFO] - Finding web element from Test Object's properties

2021-11-23 09:41:11 - [MESSAGE][INFO] - Checking timeout

2021-11-23 09:41:11 - [MESSAGE][INFO] - Finding web element with id: 'Object Repository/Sayfalar/Giris_Sayfasi/PopupCarpiGiris' located by 'By.cssSelector: .bootbox-close-button.close' in '30' second(s)

2021-11-23 09:41:11 - [MESSAGE][INFO] - Smart Wait Function is triggered

2021-11-23 09:41:11 - [MESSAGE][INFO] - Found 1 web elements with id: 'Object Repository/Sayfalar/Giris_Sayfasi/PopupCarpiGiris' located by 'By.cssSelector: .bootbox-close-button.close' in '30' second(s)

2021-11-23 09:41:11 - [MESSAGE][INFO] - Clicking on object: 'Object Repository/Sayfalar/Giris_Sayfasi/PopupCarpiGiris'

2021-11-23 09:41:11 - [MESSAGE][PASSED] - Object: 'Object Repository/Sayfalar/Giris_Sayfasi/PopupCarpiGiris' is clicked on

2021-11-23 09:41:11 - [TEST_STEP][PASSED] - verifyElementVisible(findTestObject("Object Repository/Kullanici_Islemleri/KullaniciIslemleri")): Object 'Object Repository/Kullanici_Islemleri/KullaniciIslemleri' is visible

2021-11-23 09:41:11 - [MESSAGE][INFO] - Finding Test Object 'Object Repository/Kullanici_Islemleri/KullaniciIslemleri'

2021-11-23 09:41:12 - [MESSAGE][INFO] - Checking object

2021-11-23 09:41:12 - [MESSAGE][INFO] - Finding web element from Test Object's properties

2021-11-23 09:41:12 - [MESSAGE][INFO] - Checking timeout

2021-11-23 09:41:12 - [MESSAGE][INFO] - Finding web element with id: 'Object Repository/Kullanici_Islemleri/KullaniciIslemleri' located by 'By.cssSelector: .dropdown>a>img' in '30' second(s)

2021-11-23 09:41:12 - [MESSAGE][INFO] - Smart Wait Function is triggered

2021-11-23 09:41:12 - [MESSAGE][INFO] - Found 1 web elements with id: 'Object Repository/Kullanici_Islemleri/KullaniciIslemleri' located by 'By.cssSelector: .dropdown>a>img' in '30' second(s)

2021-11-23 09:41:12 - [MESSAGE][PASSED] - Object 'Object Repository/Kullanici_Islemleri/KullaniciIslemleri' is visible

2021-11-23 09:41:12 - [MESSAGE][PASSED] - Call Test Case 'Test Cases/Sayfalar/Giris_Sayfasi/Login' successfully

2021-11-23 09:41:12 - [MESSAGE][INFO] - Checking called Test Case

2021-11-23 09:41:12 - [MESSAGE][INFO] - Starting to call Test Case 'Test Cases/Menu/AnaMenuSecimi'

2021-11-23 09:41:12 - [TEST_CASE][PASSED] - Test Cases/Menu/AnaMenuSecimi: Test Cases/Menu/AnaMenuSecimi

2021-11-23 09:41:12 - [TEST_STEP][PASSED] - Method.TextDegerineEsitElementeTikla(findTestObject("Menu/Ana_Menu"), Ana_Menu): Method.TextDegerineEsitElementeTikla is PASSED

2021-11-23 09:41:12 - [MESSAGE][INFO] - Finding Test Object 'Object Repository/Menu/Ana_Menu'

2021-11-23 09:41:12 - [MESSAGE][INFO] - Checking timeout

2021-11-23 09:41:12 - [MESSAGE][INFO] - Finding web element with id: 'Object Repository/Menu/Ana_Menu' located by 'By.xpath: //*[@class = 'dropdown-toggle']' in '10' second(s)

2021-11-23 09:41:12 - [MESSAGE][INFO] - Smart Wait Function is triggered

2021-11-23 09:41:13 - [MESSAGE][INFO] - Found 14 web elements with id: 'Object Repository/Menu/Ana_Menu' located by 'By.xpath: //*[@class = 'dropdown-toggle']' in '10' second(s)

2021-11-23 09:41:13 - [MESSAGE][PASSED] - Method.TextDegerineEsitElementeTikla is PASSED

2021-11-23 09:41:13 - [MESSAGE][PASSED] - Call Test Case 'Test Cases/Menu/AnaMenuSecimi' successfully

2021-11-23 09:41:13 - [MESSAGE][INFO] - Checking called Test Case

2021-11-23 09:41:13 - [MESSAGE][INFO] - Starting to call Test Case 'Test Cases/Menu/AltMenuSecimi'

2021-11-23 09:41:13 - [TEST_CASE][PASSED] - Test Cases/Menu/AltMenuSecimi: Test Cases/Menu/AltMenuSecimi

2021-11-23 09:41:13 - [TEST_STEP][PASSED] - Method.TextDegerineEsitElementeTikla(findTestObject("Menu/Alt_Menu"), Alt_Menu): Method.TextDegerineEsitElementeTikla is PASSED

2021-11-23 09:41:13 - [MESSAGE][INFO] - Finding Test Object 'Object Repository/Menu/Alt_Menu'

2021-11-23 09:41:13 - [MESSAGE][INFO] - Checking timeout

2021-11-23 09:41:13 - [MESSAGE][INFO] - Finding web element with id: 'Object Repository/Menu/Alt_Menu' located by 'By.xpath: //li[@class='dropdown dropdown-large open']//li[@class='dropdown-element']' in '10' second(s)

2021-11-23 09:41:13 - [MESSAGE][INFO] - Smart Wait Function is triggered

2021-11-23 09:41:13 - [MESSAGE][INFO] - Found 2 web elements with id: 'Object Repository/Menu/Alt_Menu' located by 'By.xpath: //li[@class='dropdown dropdown-large open']//li[@class='dropdown-element']' in '10' second(s)

2021-11-23 09:41:19 - [MESSAGE][PASSED] - Method.TextDegerineEsitElementeTikla is PASSED

2021-11-23 09:41:19 - [MESSAGE][PASSED] - Call Test Case 'Test Cases/Menu/AltMenuSecimi' successfully

2021-11-23 09:41:19 - [MESSAGE][INFO] - Checking called Test Case

2021-11-23 09:41:19 - [MESSAGE][INFO] - Starting to call Test Case 'Test Cases/Filtreler/BaslangicYaz'

2021-11-23 09:41:19 - [TEST_CASE][PASSED] - Test Cases/Filtreler/BaslangicYaz: Test Cases/Filtreler/BaslangicYaz

2021-11-23 09:41:19 - [TEST_STEP][PASSED] - delay(3): Delayed 3 second(s)

2021-11-23 09:41:19 - [MESSAGE][INFO] - Delaying browser in 3 second(s)

2021-11-23 09:41:22 - [MESSAGE][PASSED] - Delayed 3 second(s)

2021-11-23 09:41:22 - [TEST_STEP][PASSED] - Method.TextDegerineEsitElementinAltindakineTikla(findTestObject("Filtreler/Basliklar"), findTestObject("Filtreler/Basliga_Gore_Baslangic_Image"), Filtre_Adi): Method.TextDegerineEsitElementinAltindakineTikla is PASSED

2021-11-23 09:41:22 - [MESSAGE][INFO] - Finding Test Object 'Object Repository/Filtreler/Basliklar'

2021-11-23 09:41:22 - [MESSAGE][INFO] - Finding Test Object 'Object Repository/Filtreler/Basliga_Gore_Baslangic_Image'

2021-11-23 09:41:22 - [MESSAGE][INFO] - Checking timeout

2021-11-23 09:41:22 - [MESSAGE][INFO] - Finding web element with id: 'Object Repository/Filtreler/Basliklar' located by 'By.cssSelector: .control-label.col-sm-4.paddingMarginRLC' in '10' second(s)

2021-11-23 09:41:22 - [MESSAGE][INFO] - Smart Wait Function is triggered

2021-11-23 09:41:22 - [MESSAGE][INFO] - Found 8 web elements with id: 'Object Repository/Filtreler/Basliklar' located by 'By.cssSelector: .control-label.col-sm-4.paddingMarginRLC' in '10' second(s)

2021-11-23 09:41:22 - [MESSAGE][INFO] - Smart Wait Function is triggered

2021-11-23 09:41:23 - [MESSAGE][PASSED] - Method.TextDegerineEsitElementinAltindakineTikla is PASSED

2021-11-23 09:41:23 - [TEST_STEP][PASSED] - Method.TextDegerineEsitElementinAltindakiTextboxtaYaz(findTestObject("Filtreler/Basliklar"), findTestObject("Filtreler/Basliga_Gore_Baslangic"), Filtre_Adi, Filtre_Degeri): Method.TextDegerineEsitElementinAltindakiTextboxtaYaz is PASSED

2021-11-23 09:41:23 - [MESSAGE][INFO] - Finding Test Object 'Object Repository/Filtreler/Basliklar'

2021-11-23 09:41:23 - [MESSAGE][INFO] - Finding Test Object 'Object Repository/Filtreler/Basliga_Gore_Baslangic'

2021-11-23 09:41:23 - [MESSAGE][INFO] - Checking timeout

2021-11-23 09:41:23 - [MESSAGE][INFO] - Finding web element with id: 'Object Repository/Filtreler/Basliklar' located by 'By.cssSelector: .control-label.col-sm-4.paddingMarginRLC' in '10' second(s)

2021-11-23 09:41:23 - [MESSAGE][INFO] - Smart Wait Function is triggered

2021-11-23 09:41:23 - [MESSAGE][INFO] - Found 8 web elements with id: 'Object Repository/Filtreler/Basliklar' located by 'By.cssSelector: .control-label.col-sm-4.paddingMarginRLC' in '10' second(s)

2021-11-23 09:41:23 - [MESSAGE][INFO] - Smart Wait Function is triggered

2021-11-23 09:41:24 - [MESSAGE][PASSED] - Method.TextDegerineEsitElementinAltindakiTextboxtaYaz is PASSED

2021-11-23 09:41:24 - [MESSAGE][PASSED] - Call Test Case 'Test Cases/Filtreler/BaslangicYaz' successfully

2021-11-23 09:41:24 - [MESSAGE][INFO] - Checking called Test Case

2021-11-23 09:41:24 - [MESSAGE][INFO] - Starting to call Test Case 'Test Cases/Filtreler/BitisYaz'

2021-11-23 09:41:24 - [TEST_CASE][PASSED] - Test Cases/Filtreler/BitisYaz: Test Cases/Filtreler/BitisYaz

2021-11-23 09:41:24 - [TEST_STEP][PASSED] - Method.TextDegerineEsitElementinAltindakineTikla(findTestObject("Filtreler/Basliklar"), findTestObject("Filtreler/Basliga_Gore_Bitis_Image"), Filtre_Adi): Method.TextDegerineEsitElementinAltindakineTikla is PASSED

2021-11-23 09:41:24 - [MESSAGE][INFO] - Finding Test Object 'Object Repository/Filtreler/Basliklar'

2021-11-23 09:41:24 - [MESSAGE][INFO] - Finding Test Object 'Object Repository/Filtreler/Basliga_Gore_Bitis_Image'

2021-11-23 09:41:24 - [MESSAGE][INFO] - Checking timeout

2021-11-23 09:41:24 - [MESSAGE][INFO] - Finding web element with id: 'Object Repository/Filtreler/Basliklar' located by 'By.cssSelector: .control-label.col-sm-4.paddingMarginRLC' in '10' second(s)

2021-11-23 09:41:24 - [MESSAGE][INFO] - Smart Wait Function is triggered

2021-11-23 09:41:24 - [MESSAGE][INFO] - Found 8 web elements with id: 'Object Repository/Filtreler/Basliklar' located by 'By.cssSelector: .control-label.col-sm-4.paddingMarginRLC' in '10' second(s)

2021-11-23 09:41:24 - [MESSAGE][INFO] - Smart Wait Function is triggered

2021-11-23 09:41:25 - [MESSAGE][PASSED] - Method.TextDegerineEsitElementinAltindakineTikla is PASSED

2021-11-23 09:41:25 - [TEST_STEP][PASSED] - Method.TextDegerineEsitElementinAltindakiTextboxtaYaz(findTestObject("Filtreler/Basliklar"), findTestObject("Object Repository/Filtreler/Basliga_Gore_Bitis"), Filtre_Adi, Filtre_Degeri): Method.TextDegerineEsitElementinAltindakiTextboxtaYaz is PASSED

2021-11-23 09:41:25 - [MESSAGE][INFO] - Finding Test Object 'Object Repository/Filtreler/Basliklar'

2021-11-23 09:41:25 - [MESSAGE][INFO] - Finding Test Object 'Object Repository/Filtreler/Basliga_Gore_Bitis'

2021-11-23 09:41:25 - [MESSAGE][INFO] - Checking timeout

2021-11-23 09:41:25 - [MESSAGE][INFO] - Finding web element with id: 'Object Repository/Filtreler/Basliklar' located by 'By.cssSelector: .control-label.col-sm-4.paddingMarginRLC' in '10' second(s)

2021-11-23 09:41:25 - [MESSAGE][INFO] - Smart Wait Function is triggered

2021-11-23 09:41:25 - [MESSAGE][INFO] - Found 8 web elements with id: 'Object Repository/Filtreler/Basliklar' located by 'By.cssSelector: .control-label.col-sm-4.paddingMarginRLC' in '10' second(s)

2021-11-23 09:41:25 - [MESSAGE][INFO] - Smart Wait Function is triggered

2021-11-23 09:41:26 - [MESSAGE][PASSED] - Method.TextDegerineEsitElementinAltindakiTextboxtaYaz is PASSED

2021-11-23 09:41:26 - [MESSAGE][PASSED] - Call Test Case 'Test Cases/Filtreler/BitisYaz' successfully

2021-11-23 09:41:26 - [MESSAGE][INFO] - Checking called Test Case

2021-11-23 09:41:26 - [MESSAGE][INFO] - Starting to call Test Case 'Test Cases/Filtreler/ButonaTikla'

2021-11-23 09:41:26 - [TEST_CASE][PASSED] - Test Cases/Filtreler/ButonaTikla: Test Cases/Filtreler/ButonaTikla

2021-11-23 09:41:26 - [TEST_STEP][PASSED] - Method.TextDegerineEsitElementeTikla(findTestObject("Filtreler/Butonlar"), Filtre_Buton): Method.TextDegerineEsitElementeTikla is PASSED

2021-11-23 09:41:26 - [MESSAGE][INFO] - Finding Test Object 'Object Repository/Filtreler/Butonlar'

2021-11-23 09:41:26 - [MESSAGE][INFO] - Checking timeout

2021-11-23 09:41:26 - [MESSAGE][INFO] - Finding web element with id: 'Object Repository/Filtreler/Butonlar' located by 'By.cssSelector: .dxb>span' in '10' second(s)

2021-11-23 09:41:26 - [MESSAGE][INFO] - Smart Wait Function is triggered

2021-11-23 09:41:26 - [MESSAGE][INFO] - Found 3 web elements with id: 'Object Repository/Filtreler/Butonlar' located by 'By.cssSelector: .dxb>span' in '10' second(s)

2021-11-23 09:41:26 - [MESSAGE][PASSED] - Method.TextDegerineEsitElementeTikla is PASSED

2021-11-23 09:41:26 - [MESSAGE][PASSED] - Call Test Case 'Test Cases/Filtreler/ButonaTikla' successfully

2021-11-23 09:41:26 - [MESSAGE][INFO] - Checking called Test Case

2021-11-23 09:41:26 - [MESSAGE][INFO] - Starting to call Test Case 'Test Cases/Tablo/TablodaVeriVarMi'

2021-11-23 09:41:26 - [TEST_CASE][PASSED] - Test Cases/Tablo/TablodaVeriVarMi: Test Cases/Tablo/TablodaVeriVarMi

2021-11-23 09:41:26 - [TEST_STEP][PASSED] - verifyTextNotPresent("Görüntülenecek veri yok", true): Text 'Görüntülenecek veri yok' is not present on page using regular expression

2021-11-23 09:41:26 - [MESSAGE][INFO] - Checking text present  using regular expression

2021-11-23 09:41:26 - [MESSAGE][INFO] - Smart Wait Function is triggered

2021-11-23 09:41:27 - [MESSAGE][INFO] - Finding text 'Görüntülenecek veri yok' on page  using regular expression

2021-11-23 09:41:27 - [MESSAGE][PASSED] - Text 'Görüntülenecek veri yok' is not present on page using regular expression

2021-11-23 09:41:27 - [MESSAGE][PASSED] - Call Test Case 'Test Cases/Tablo/TablodaVeriVarMi' successfully

2021-11-23 09:41:27 - [MESSAGE][INFO] - Checking called Test Case

2021-11-23 09:41:27 - [MESSAGE][INFO] - Starting to call Test Case 'Test Cases/Tablo/TablodanVeriSec'

2021-11-23 09:41:27 - [TEST_CASE][PASSED] - Test Cases/Tablo/TablodanVeriSec: Test Cases/Tablo/TablodanVeriSec

2021-11-23 09:41:27 - [TEST_STEP][PASSED] - Method.TextDegerineEsitElementinAltindakineTikla(findTestObject("Tablo/Veriler"), findTestObject("Tablo/VerininCheckBoxi"), Veri_Adi): Method.TextDegerineEsitElementinAltindakineTikla is PASSED

2021-11-23 09:41:27 - [MESSAGE][INFO] - Finding Test Object 'Object Repository/Tablo/Veriler'

2021-11-23 09:41:27 - [MESSAGE][INFO] - Finding Test Object 'Object Repository/Tablo/VerininCheckBoxi'

2021-11-23 09:41:27 - [MESSAGE][INFO] - Checking timeout

2021-11-23 09:41:27 - [MESSAGE][INFO] - Finding web element with id: 'Object Repository/Tablo/Veriler' located by 'By.cssSelector: td.dxgv b ,td.dxgv' in '10' second(s)

2021-11-23 09:41:27 - [MESSAGE][INFO] - Smart Wait Function is triggered

2021-11-23 09:41:28 - [MESSAGE][INFO] - Found 110 web elements with id: 'Object Repository/Tablo/Veriler' located by 'By.cssSelector: td.dxgv b ,td.dxgv' in '10' second(s)

2021-11-23 09:41:28 - [MESSAGE][INFO] - Smart Wait Function is triggered

2021-11-23 09:41:28 - [MESSAGE][PASSED] - Method.TextDegerineEsitElementinAltindakineTikla is PASSED

2021-11-23 09:41:28 - [MESSAGE][PASSED] - Call Test Case 'Test Cases/Tablo/TablodanVeriSec' successfully

2021-11-23 09:41:28 - [MESSAGE][INFO] - Checking called Test Case

2021-11-23 09:41:28 - [MESSAGE][INFO] - Starting to call Test Case 'Test Cases/Butonlar/ButonaTikla'

2021-11-23 09:41:28 - [TEST_CASE][PASSED] - Test Cases/Butonlar/ButonaTikla: Test Cases/Butonlar/ButonaTikla

2021-11-23 09:41:28 - [TEST_STEP][PASSED] - Method.TextDegerineEsitElementeTiklaEquals(findTestObject("Butonlar/Butonlar"), Buton_Adi): Method.TextDegerineEsitElementeTiklaEquals is PASSED

2021-11-23 09:41:28 - [MESSAGE][INFO] - Finding Test Object 'Object Repository/Butonlar/Butonlar'

2021-11-23 09:41:29 - [MESSAGE][INFO] - Checking timeout

2021-11-23 09:41:29 - [MESSAGE][INFO] - Finding web element with id: 'Object Repository/Butonlar/Butonlar' located by 'By.cssSelector: .panel.panel-default.text-center.footerPanel .btn,.btn.btn-primary.btnControls' in '10' second(s)

2021-11-23 09:41:29 - [MESSAGE][INFO] - Smart Wait Function is triggered

2021-11-23 09:41:29 - [MESSAGE][INFO] - Found 5 web elements with id: 'Object Repository/Butonlar/Butonlar' located by 'By.cssSelector: .panel.panel-default.text-center.footerPanel .btn,.btn.btn-primary.btnControls' in '10' second(s)

2021-11-23 09:41:29 - [MESSAGE][PASSED] - Method.TextDegerineEsitElementeTiklaEquals is PASSED

2021-11-23 09:41:29 - [MESSAGE][PASSED] - Call Test Case 'Test Cases/Butonlar/ButonaTikla' successfully

2021-11-23 09:41:29 - [MESSAGE][INFO] - Checking called Test Case

2021-11-23 09:41:29 - [MESSAGE][INFO] - Starting to call Test Case 'Test Cases/Sekmeler/YeniSekmeyeGec'

2021-11-23 09:41:29 - [TEST_CASE][PASSED] - Test Cases/Sekmeler/YeniSekmeyeGec: Test Cases/Sekmeler/YeniSekmeyeGec

2021-11-23 09:41:29 - [TEST_STEP][PASSED] - switchToWindowIndex(1): Switched to window with index: '1'

2021-11-23 09:41:29 - [MESSAGE][INFO] - Checking index

2021-11-23 09:41:29 - [MESSAGE][INFO] - Switching window with index: '1'

2021-11-23 09:41:29 - [MESSAGE][PASSED] - Switched to window with index: '1'

2021-11-23 09:41:29 - [MESSAGE][PASSED] - Call Test Case 'Test Cases/Sekmeler/YeniSekmeyeGec' successfully

2021-11-23 09:41:29 - [MESSAGE][INFO] - Checking called Test Case

2021-11-23 09:41:29 - [MESSAGE][INFO] - Starting to call Test Case 'Test Cases/Sekmeler/GecmisGeldiMi'

2021-11-23 09:41:29 - [TEST_CASE][PASSED] - Test Cases/Sekmeler/GecmisGeldiMi: Test Cases/Sekmeler/GecmisGeldiMi

2021-11-23 09:41:30 - [TEST_STEP][PASSED] - waitForElementVisible(findTestObject("Object Repository/Sekmeler/GecmisBaslik"), 10): Object 'Object Repository/Sekmeler/GecmisBaslik' is visible

2021-11-23 09:41:30 - [MESSAGE][INFO] - Finding Test Object 'Object Repository/Sekmeler/GecmisBaslik'

2021-11-23 09:41:30 - [MESSAGE][INFO] - Checking object

2021-11-23 09:41:30 - [MESSAGE][INFO] - Checking timeout

2021-11-23 09:41:30 - [MESSAGE][INFO] - Finding web element from Test Object's properties

2021-11-23 09:41:30 - [MESSAGE][INFO] - Checking timeout

2021-11-23 09:41:30 - [MESSAGE][INFO] - Finding web element with id: 'Object Repository/Sekmeler/GecmisBaslik' located by 'By.cssSelector: .dxnb-ghtext.dx-vam' in '10' second(s)

2021-11-23 09:41:30 - [MESSAGE][INFO] - Smart Wait Function is triggered

2021-11-23 09:41:50 - [MESSAGE][INFO] - Found 1 web elements with id: 'Object Repository/Sekmeler/GecmisBaslik' located by 'By.cssSelector: .dxnb-ghtext.dx-vam' in '10' second(s)

2021-11-23 09:41:50 - [MESSAGE][PASSED] - Object 'Object Repository/Sekmeler/GecmisBaslik' is visible

2021-11-23 09:41:50 - [TEST_STEP][PASSED] - if (!(getText(findTestObject("Object Repository/Sekmeler/GecmisBaslik")).contains(Baslik))): Text of object 'Object Repository/Sekmeler/GecmisBaslik' is: 'Zarf İzleme Kayıtları - 116114835'

2021-11-23 09:41:50 - [MESSAGE][INFO] - Finding Test Object 'Object Repository/Sekmeler/GecmisBaslik'

2021-11-23 09:41:50 - [MESSAGE][INFO] - Checking object

2021-11-23 09:41:50 - [MESSAGE][INFO] - Finding web element from Test Object's properties

2021-11-23 09:41:50 - [MESSAGE][INFO] - Checking timeout

2021-11-23 09:41:50 - [MESSAGE][INFO] - Finding web element with id: 'Object Repository/Sekmeler/GecmisBaslik' located by 'By.cssSelector: .dxnb-ghtext.dx-vam' in '30' second(s)

2021-11-23 09:41:50 - [MESSAGE][INFO] - Smart Wait Function is triggered

2021-11-23 09:41:51 - [MESSAGE][INFO] - Found 1 web elements with id: 'Object Repository/Sekmeler/GecmisBaslik' located by 'By.cssSelector: .dxnb-ghtext.dx-vam' in '30' second(s)

2021-11-23 09:41:51 - [MESSAGE][INFO] - Getting text of object 'Object Repository/Sekmeler/GecmisBaslik'

2021-11-23 09:41:51 - [MESSAGE][PASSED] - Text of object 'Object Repository/Sekmeler/GecmisBaslik' is: 'Zarf İzleme Kayıtları - 116114835'

2021-11-23 09:41:51 - [MESSAGE][PASSED] - Call Test Case 'Test Cases/Sekmeler/GecmisGeldiMi' successfully

2021-11-23 09:41:51 - [MESSAGE][INFO] - Checking called Test Case

2021-11-23 09:41:51 - [MESSAGE][INFO] - Starting to call Test Case 'Test Cases/Sekmeler/Ana_Sekmeye_Gec'

2021-11-23 09:41:51 - [TEST_CASE][PASSED] - Test Cases/Sekmeler/Ana_Sekmeye_Gec: Test Cases/Sekmeler/Ana_Sekmeye_Gec

2021-11-23 09:41:51 - [TEST_STEP][PASSED] - try: Window with index 1 is closed

2021-11-23 09:41:51 - [TEST_STEP][PASSED] - index = getWindowIndex(): Current window's index is: 1

2021-11-23 09:41:51 - [MESSAGE][INFO] - Getting current window's index

2021-11-23 09:41:51 - [MESSAGE][PASSED] - Current window's index is: 1

2021-11-23 09:41:51 - [TEST_STEP][PASSED] - closeWindowIndex(index): Window with index 1 is closed

2021-11-23 09:41:51 - [MESSAGE][INFO] - Checking index

2021-11-23 09:41:51 - [MESSAGE][INFO] - Closing window with index 1

2021-11-23 09:41:51 - [MESSAGE][PASSED] - Window with index 1 is closed

2021-11-23 09:41:51 - [TEST_STEP][PASSED] - switchToWindowIndex(0): Switched to window with index: '0'

2021-11-23 09:41:51 - [MESSAGE][INFO] - Checking index

2021-11-23 09:41:51 - [MESSAGE][INFO] - Switching window with index: '0'

2021-11-23 09:41:51 - [MESSAGE][PASSED] - Switched to window with index: '0'

2021-11-23 09:41:51 - [MESSAGE][PASSED] - Call Test Case 'Test Cases/Sekmeler/Ana_Sekmeye_Gec' successfully

2021-11-23 09:41:51 - [MESSAGE][INFO] - Checking called Test Case

2021-11-23 09:41:51 - [MESSAGE][INFO] - Starting to call Test Case 'Test Cases/Kullanici_Islemleri/KullaniciIslemlerindenSecimYapilir'

2021-11-23 09:41:51 - [TEST_CASE][PASSED] - Test Cases/Kullanici_Islemleri/KullaniciIslemlerindenSecimYapilir: Test Cases/Kullanici_Islemleri/KullaniciIslemlerindenSecimYapilir

2021-11-23 09:41:51 - [TEST_STEP][PASSED] - waitForElementClickable(findTestObject("Object Repository/Kullanici_Islemleri/KullaniciIslemleri"), 10): Object 'Object Repository/Kullanici_Islemleri/KullaniciIslemleri' is clickable

2021-11-23 09:41:51 - [MESSAGE][INFO] - Finding Test Object 'Object Repository/Kullanici_Islemleri/KullaniciIslemleri'

2021-11-23 09:41:51 - [MESSAGE][INFO] - Checking object

2021-11-23 09:41:51 - [MESSAGE][INFO] - Checking timeout

2021-11-23 09:41:51 - [MESSAGE][INFO] - Finding web element from Test Object's properties

2021-11-23 09:41:51 - [MESSAGE][INFO] - Checking timeout

2021-11-23 09:41:51 - [MESSAGE][INFO] - Finding web element with id: 'Object Repository/Kullanici_Islemleri/KullaniciIslemleri' located by 'By.cssSelector: .dropdown>a>img' in '10' second(s)

2021-11-23 09:41:51 - [MESSAGE][INFO] - Smart Wait Function is triggered

2021-11-23 09:41:51 - [MESSAGE][INFO] - Found 1 web elements with id: 'Object Repository/Kullanici_Islemleri/KullaniciIslemleri' located by 'By.cssSelector: .dropdown>a>img' in '10' second(s)

2021-11-23 09:41:51 - [MESSAGE][PASSED] - Object 'Object Repository/Kullanici_Islemleri/KullaniciIslemleri' is clickable

2021-11-23 09:41:51 - [TEST_STEP][PASSED] - click(findTestObject("Object Repository/Kullanici_Islemleri/KullaniciIslemleri")): Object: 'Object Repository/Kullanici_Islemleri/KullaniciIslemleri' is clicked on

2021-11-23 09:41:51 - [MESSAGE][INFO] - Finding Test Object 'Object Repository/Kullanici_Islemleri/KullaniciIslemleri'

2021-11-23 09:41:51 - [MESSAGE][INFO] - Checking object

2021-11-23 09:41:51 - [MESSAGE][INFO] - Finding web element from Test Object's properties

2021-11-23 09:41:51 - [MESSAGE][INFO] - Checking timeout

2021-11-23 09:41:51 - [MESSAGE][INFO] - Finding web element with id: 'Object Repository/Kullanici_Islemleri/KullaniciIslemleri' located by 'By.cssSelector: .dropdown>a>img' in '30' second(s)

2021-11-23 09:41:51 - [MESSAGE][INFO] - Smart Wait Function is triggered

2021-11-23 09:41:52 - [MESSAGE][INFO] - Found 1 web elements with id: 'Object Repository/Kullanici_Islemleri/KullaniciIslemleri' located by 'By.cssSelector: .dropdown>a>img' in '30' second(s)

2021-11-23 09:41:52 - [MESSAGE][INFO] - Clicking on object: 'Object Repository/Kullanici_Islemleri/KullaniciIslemleri'

2021-11-23 09:41:52 - [MESSAGE][PASSED] - Object: 'Object Repository/Kullanici_Islemleri/KullaniciIslemleri' is clicked on

2021-11-23 09:41:52 - [TEST_STEP][PASSED] - Method.TextDegerineEsitElementeTikla(findTestObject("Object Repository/Kullanici_Islemleri/Secenekler"), Islem): Method.TextDegerineEsitElementeTikla is PASSED

2021-11-23 09:41:52 - [MESSAGE][INFO] - Finding Test Object 'Object Repository/Kullanici_Islemleri/Secenekler'

2021-11-23 09:41:52 - [MESSAGE][INFO] - Checking timeout

2021-11-23 09:41:52 - [MESSAGE][INFO] - Finding web element with id: 'Object Repository/Kullanici_Islemleri/Secenekler' located by 'By.cssSelector: .nav.navbar-nav.navbar-right li a' in '10' second(s)

2021-11-23 09:41:52 - [MESSAGE][INFO] - Smart Wait Function is triggered

2021-11-23 09:41:52 - [MESSAGE][INFO] - Found 22 web elements with id: 'Object Repository/Kullanici_Islemleri/Secenekler' located by 'By.cssSelector: .nav.navbar-nav.navbar-right li a' in '10' second(s)

2021-11-23 09:41:54 - [MESSAGE][PASSED] - Method.TextDegerineEsitElementeTikla is PASSED

2021-11-23 09:41:54 - [TEST_STEP][PASSED] - verifyElementNotPresent(findTestObject("Object Repository/Kullanici_Islemleri/Secenekler"), 10): Web element with id: 'Object Repository/Kullanici_Islemleri/Secenekler' located by 'By.cssSelector: .nav.navbar-nav.navbar-right li a' is not present after '10' second(s)

2021-11-23 09:41:54 - [MESSAGE][INFO] - Finding Test Object 'Object Repository/Kullanici_Islemleri/Secenekler'

2021-11-23 09:41:54 - [MESSAGE][INFO] - Checking object

2021-11-23 09:41:54 - [MESSAGE][INFO] - Checking timeout

2021-11-23 09:41:54 - [MESSAGE][INFO] - Finding web element with id: 'Object Repository/Kullanici_Islemleri/Secenekler' located by 'By.cssSelector: .nav.navbar-nav.navbar-right li a' in '10' second(s)

2021-11-23 09:41:54 - [MESSAGE][INFO] - Smart Wait Function is triggered

2021-11-23 09:41:54 - [MESSAGE][PASSED] - Web element with id: 'Object Repository/Kullanici_Islemleri/Secenekler' located by 'By.cssSelector: .nav.navbar-nav.navbar-right li a' is not present after '10' second(s)

2021-11-23 09:41:54 - [MESSAGE][PASSED] - Call Test Case 'Test Cases/Kullanici_Islemleri/KullaniciIslemlerindenSecimYapilir' successfully

2021-11-23 09:41:54 - [TEST_CASE][PASSED] - Start Test Case : SCENARIO Gelen Zarf Gecmis: SCENARIO Gelen Zarf Gecmis

2021-11-23 09:41:54 - [TEST_STEP][PASSED] - Kullanıcı adı ELOGO6 ve Şifre 123456 olarak giriş yapılır: Kullanıcı adı ELOGO6 ve Şifre 123456 olarak giriş yapılır

2021-11-23 09:41:54 - [MESSAGE][PASSED] - Kullanıcı adı ELOGO6 ve Şifre 123456 olarak giriş yapılır

2021-11-23 09:41:54 - [TEST_STEP][PASSED] - Ana menüden Zarflar seçilir: Ana menüden Zarflar seçilir

2021-11-23 09:41:54 - [MESSAGE][PASSED] - Ana menüden Zarflar seçilir

2021-11-23 09:41:54 - [TEST_STEP][PASSED] - Alt menüden Gelen Zarflar seçilir: Alt menüden Gelen Zarflar seçilir

2021-11-23 09:41:54 - [MESSAGE][PASSED] - Alt menüden Gelen Zarflar seçilir

2021-11-23 09:41:54 - [TEST_STEP][PASSED] - Filtrelerden Oluşturma Tarihi filtresine 01.12.2020 baslangic degerini yaz: Filtrelerden Oluşturma Tarihi filtresine 01.12.2020 baslangic degerini yaz

2021-11-23 09:41:54 - [MESSAGE][PASSED] - Filtrelerden Oluşturma Tarihi filtresine 01.12.2020 baslangic degerini yaz

2021-11-23 09:41:54 - [TEST_STEP][PASSED] - Filtrelerden Oluşturma Tarihi filtresine 31.12.2020 bitis degerini yaz: Filtrelerden Oluşturma Tarihi filtresine 31.12.2020 bitis degerini yaz

2021-11-23 09:41:54 - [MESSAGE][PASSED] - Filtrelerden Oluşturma Tarihi filtresine 31.12.2020 bitis degerini yaz

2021-11-23 09:41:54 - [TEST_STEP][PASSED] - Filtre butonlarından Listele seçilir: Filtre butonlarından Listele seçilir

2021-11-23 09:41:54 - [MESSAGE][PASSED] - Filtre butonlarından Listele seçilir

2021-11-23 09:41:54 - [TEST_STEP][PASSED] - Tabloda veri var mı kontrol edilir: Tabloda veri var mı kontrol edilir

2021-11-23 09:41:54 - [MESSAGE][PASSED] - Tabloda veri var mı kontrol edilir

2021-11-23 09:41:54 - [TEST_STEP][PASSED] - Tablodan E LOGO 6 isimli veri seçilir: Tablodan E LOGO 6 isimli veri seçilir

2021-11-23 09:41:54 - [MESSAGE][PASSED] - Tablodan E LOGO 6 isimli veri seçilir

2021-11-23 09:41:54 - [TEST_STEP][PASSED] - Butonlardan İzleme Kayıtları isimli butona tıklanır: Butonlardan İzleme Kayıtları isimli butona tıklanır

2021-11-23 09:41:54 - [MESSAGE][PASSED] - Butonlardan İzleme Kayıtları isimli butona tıklanır

2021-11-23 09:41:54 - [TEST_STEP][PASSED] - Yeni açılan sekmeye geçilir: Yeni açılan sekmeye geçilir

2021-11-23 09:41:54 - [MESSAGE][PASSED] - Yeni açılan sekmeye geçilir

2021-11-23 09:41:54 - [TEST_STEP][PASSED] - Zarf İzleme Kayıtları baslikli gecmis sayfasi geldi mi: Zarf İzleme Kayıtları baslikli gecmis sayfasi geldi mi

2021-11-23 09:41:54 - [MESSAGE][PASSED] - Zarf İzleme Kayıtları baslikli gecmis sayfasi geldi mi

2021-11-23 09:41:54 - [TEST_STEP][PASSED] - Ana sekmeye geçilir: Ana sekmeye geçilir

2021-11-23 09:41:54 - [MESSAGE][PASSED] - Ana sekmeye geçilir

2021-11-23 09:41:54 - [TEST_STEP][PASSED] - Kullanıcı işlemlerinden Çıkış seçilir: Kullanıcı işlemlerinden Çıkış seçilir

2021-11-23 09:41:54 - [MESSAGE][PASSED] - Kullanıcı işlemlerinden Çıkış seçilir

2021-11-23 09:41:54 - [MESSAGE][PASSED] - Feature file: 'Include/features/Zarflar/Gelen Zarflar/Izleme Kayitlari.feature' was passed

2021-11-23 09:41:54 - [TEST_STEP][PASSED] - Start listener action : sampleAfterTestSuite: Invoke 'com.kms.katalon.core.annotation.AfterTestCase' method: 'Listener.sampleAfterTestSuite(...)' completed.

2021-11-23 09:41:54 - [MESSAGE][INFO] - Starting invoke 'com.kms.katalon.core.annotation.AfterTestCase' method: 'Listener.sampleAfterTestSuite(...)'

2021-11-23 09:41:54 - [TEST_STEP][PASSED] - closeBrowser(): Invoke 'com.kms.katalon.core.annotation.AfterTestCase' method: 'Listener.sampleAfterTestSuite(...)' completed.

2021-11-23 09:41:54 - [MESSAGE][INFO] - Closing browser

2021-11-23 09:41:55 - [MESSAGE][PASSED] - Browser is closed

2021-11-23 09:41:55 - [MESSAGE][INFO] - Invoke 'com.kms.katalon.core.annotation.AfterTestCase' method: 'Listener.sampleAfterTestSuite(...)' completed.]]></system-out>
         <system-err><![CDATA[]]></system-err>
      </testcase>
      <testcase name="Test Cases/Case Repository/Zarflar/Gelen Zarflar/Tablodaki Verinin Irsaliyeleri" time="234.561" classname="Test Cases/Case Repository/Zarflar/Gelen Zarflar/Tablodaki Verinin Irsaliyeleri" status="PASSED">
         <system-out><![CDATA[2021-11-23 09:41:55 - [TEST_CASE][PASSED] - Test Cases/Case Repository/Zarflar/Gelen Zarflar/Tablodaki Verinin Irsaliyeleri: Test Cases/Case Repository/Zarflar/Gelen Zarflar/Tablodaki Verinin Irsaliyeleri

2021-11-23 09:41:55 - [TEST_STEP][PASSED] - Start listener action : sampleBeforeTestSuite: Invoke 'com.kms.katalon.core.annotation.BeforeTestCase' method: 'Listener.sampleBeforeTestSuite(...)' completed.

2021-11-23 09:41:55 - [MESSAGE][INFO] - Starting invoke 'com.kms.katalon.core.annotation.BeforeTestCase' method: 'Listener.sampleBeforeTestSuite(...)'

2021-11-23 09:41:55 - [TEST_STEP][PASSED] - openBrowser(baseUrl): Browser is opened with url: 'https://efatura-stage.elogo.com.tr/'

2021-11-23 09:41:55 - [MESSAGE][INFO] - Opening browser

2021-11-23 09:41:55 - [MESSAGE][INFO] - Starting 'Chrome' driver

2021-11-23 09:41:55 - [MESSAGE][INFO] - User set preference: ['prefs', '{download.default_directory=C:\otomasyondownfiles}']

2021-11-23 09:41:55 - [MESSAGE][INFO] - Action delay is set to 0 milliseconds

2021-11-23 09:41:56 - [MESSAGE][INFO] - Navigating browser to: 'https://efatura-stage.elogo.com.tr/'

2021-11-23 09:42:09 - [MESSAGE][PASSED] - Browser is opened with url: 'https://efatura-stage.elogo.com.tr/'

2021-11-23 09:42:09 - [TEST_STEP][PASSED] - maximizeWindow(): Invoke 'com.kms.katalon.core.annotation.BeforeTestCase' method: 'Listener.sampleBeforeTestSuite(...)' completed.

2021-11-23 09:42:09 - [MESSAGE][INFO] - Maximizing current window

2021-11-23 09:42:09 - [MESSAGE][PASSED] - Current window maximized

2021-11-23 09:42:09 - [MESSAGE][INFO] - Invoke 'com.kms.katalon.core.annotation.BeforeTestCase' method: 'Listener.sampleBeforeTestSuite(...)' completed.

2021-11-23 09:42:10 - [TEST_STEP][PASSED] - runFeatureFile("Include/features/Zarflar/Gelen Zarflar/Tablodaki Verinin Butonlari.feature"): Feature file: 'Include/features/Zarflar/Gelen Zarflar/Tablodaki Verinin Butonlari.feature' was passed

2021-11-23 09:42:10 - [MESSAGE][INFO] - Starting run keyword runFeatureFile: 'Include/features/Zarflar/Gelen Zarflar/Tablodaki Verinin Butonlari.feature' and extract report to folder: 'C:\Users\DELL\Documents\GitHub\EES_KatalonLogo\Reports\20211123_091110\Suite Repository\Zarflar\20211123_091159/cucumber_report/1637649730038'...

2021-11-23 09:42:10 - [MESSAGE][INFO] - Glue: []

2021-11-23 09:42:11 - [MESSAGE][INFO] - Checking called Test Case

2021-11-23 09:42:11 - [MESSAGE][INFO] - Starting to call Test Case 'Test Cases/Sayfalar/Giris_Sayfasi/Login'

2021-11-23 09:42:11 - [TEST_CASE][PASSED] - Test Cases/Sayfalar/Giris_Sayfasi/Login: Test Cases/Sayfalar/Giris_Sayfasi/Login

2021-11-23 09:42:11 - [TEST_STEP][PASSED] - Sayfa_Basligi = getWindowTitle(): Current window's title is: 'LOGO e-Fatura'

2021-11-23 09:42:11 - [MESSAGE][INFO] - Getting current window's title

2021-11-23 09:42:11 - [MESSAGE][PASSED] - Current window's title is: 'LOGO e-Fatura'

2021-11-23 09:42:11 - [TEST_STEP][PASSED] - verifyMatch(Sayfa_Basligi, "LOGO e-Fatura", false): Actual text 'LOGO e-Fatura' and expected text 'LOGO e-Fatura' are matched 

2021-11-23 09:42:11 - [MESSAGE][INFO] - Matching actual text 'LOGO e-Fatura' with expected text 'LOGO e-Fatura'

2021-11-23 09:42:11 - [MESSAGE][PASSED] - Actual text 'LOGO e-Fatura' and expected text 'LOGO e-Fatura' are matched 

2021-11-23 09:42:11 - [TEST_STEP][PASSED] - sendKeys(findTestObject("Sayfalar/Giris_Sayfasi/Firma_Kodu"), KullaniciAdi): Keys 'ELOGO6' sent to object: 'Object Repository/Sayfalar/Giris_Sayfasi/Firma_Kodu'

2021-11-23 09:42:11 - [MESSAGE][INFO] - Finding Test Object 'Object Repository/Sayfalar/Giris_Sayfasi/Firma_Kodu'

2021-11-23 09:42:12 - [MESSAGE][INFO] - Sending keys 'ELOGO6' to object: 'Object Repository/Sayfalar/Giris_Sayfasi/Firma_Kodu'

2021-11-23 09:42:12 - [MESSAGE][INFO] - Finding web element from Test Object's properties

2021-11-23 09:42:12 - [MESSAGE][INFO] - Checking timeout

2021-11-23 09:42:12 - [MESSAGE][INFO] - Finding web element with id: 'Object Repository/Sayfalar/Giris_Sayfasi/Firma_Kodu' located by 'By.xpath: //*[@id = 'AccountName']' in '30' second(s)

2021-11-23 09:42:12 - [MESSAGE][INFO] - Smart Wait Function is triggered

2021-11-23 09:42:12 - [MESSAGE][INFO] - Found 1 web elements with id: 'Object Repository/Sayfalar/Giris_Sayfasi/Firma_Kodu' located by 'By.xpath: //*[@id = 'AccountName']' in '30' second(s)

2021-11-23 09:42:12 - [MESSAGE][PASSED] - Keys 'ELOGO6' sent to object: 'Object Repository/Sayfalar/Giris_Sayfasi/Firma_Kodu'

2021-11-23 09:42:12 - [TEST_STEP][PASSED] - sendKeys(findTestObject("Sayfalar/Giris_Sayfasi/Sifre"), Sifre): Keys '123456' sent to object: 'Object Repository/Sayfalar/Giris_Sayfasi/Sifre'

2021-11-23 09:42:12 - [MESSAGE][INFO] - Finding Test Object 'Object Repository/Sayfalar/Giris_Sayfasi/Sifre'

2021-11-23 09:42:12 - [MESSAGE][INFO] - Sending keys '123456' to object: 'Object Repository/Sayfalar/Giris_Sayfasi/Sifre'

2021-11-23 09:42:12 - [MESSAGE][INFO] - Finding web element from Test Object's properties

2021-11-23 09:42:12 - [MESSAGE][INFO] - Checking timeout

2021-11-23 09:42:12 - [MESSAGE][INFO] - Finding web element with id: 'Object Repository/Sayfalar/Giris_Sayfasi/Sifre' located by 'By.xpath: //*[@id = 'Password']' in '30' second(s)

2021-11-23 09:42:12 - [MESSAGE][INFO] - Smart Wait Function is triggered

2021-11-23 09:42:12 - [MESSAGE][INFO] - Found 1 web elements with id: 'Object Repository/Sayfalar/Giris_Sayfasi/Sifre' located by 'By.xpath: //*[@id = 'Password']' in '30' second(s)

2021-11-23 09:42:12 - [MESSAGE][PASSED] - Keys '123456' sent to object: 'Object Repository/Sayfalar/Giris_Sayfasi/Sifre'

2021-11-23 09:42:12 - [TEST_STEP][PASSED] - findWebElement(findTestObject("Sayfalar/Giris_Sayfasi/Giris_Butonu")).click(): Found 1 web elements with id: 'Object Repository/Sayfalar/Giris_Sayfasi/Giris_Butonu' located by 'By.cssSelector: #btnLogin' in '30' second(s)

2021-11-23 09:42:12 - [MESSAGE][INFO] - Finding Test Object 'Object Repository/Sayfalar/Giris_Sayfasi/Giris_Butonu'

2021-11-23 09:42:13 - [MESSAGE][INFO] - Finding web element from Test Object's properties

2021-11-23 09:42:13 - [MESSAGE][INFO] - Checking timeout

2021-11-23 09:42:13 - [MESSAGE][INFO] - Finding web element with id: 'Object Repository/Sayfalar/Giris_Sayfasi/Giris_Butonu' located by 'By.cssSelector: #btnLogin' in '30' second(s)

2021-11-23 09:42:13 - [MESSAGE][INFO] - Smart Wait Function is triggered

2021-11-23 09:42:13 - [MESSAGE][INFO] - Found 1 web elements with id: 'Object Repository/Sayfalar/Giris_Sayfasi/Giris_Butonu' located by 'By.cssSelector: #btnLogin' in '30' second(s)

2021-11-23 09:42:16 - [TEST_STEP][PASSED] - if (verifyElementPresent(findTestObject("Object Repository/Sayfalar/Giris_Sayfasi/RetveTamam_Butonu"), 5, OPTIONAL)): null

2021-11-23 09:42:16 - [MESSAGE][INFO] - Finding Test Object 'Object Repository/Sayfalar/Giris_Sayfasi/RetveTamam_Butonu'

2021-11-23 09:42:16 - [MESSAGE][INFO] - Checking object

2021-11-23 09:42:16 - [MESSAGE][INFO] - Finding web element from Test Object's properties

2021-11-23 09:42:16 - [MESSAGE][INFO] - Checking timeout

2021-11-23 09:42:16 - [MESSAGE][INFO] - Finding web element with id: 'Object Repository/Sayfalar/Giris_Sayfasi/RetveTamam_Butonu' located by 'By.xpath: //*[@class = 'btn btn-default']' in '5' second(s)

2021-11-23 09:42:16 - [MESSAGE][INFO] - Smart Wait Function is triggered

2021-11-23 09:42:16 - [MESSAGE][INFO] - Found 1 web elements with id: 'Object Repository/Sayfalar/Giris_Sayfasi/RetveTamam_Butonu' located by 'By.xpath: //*[@class = 'btn btn-default']' in '5' second(s)

2021-11-23 09:42:16 - [MESSAGE][PASSED] - Object 'Object Repository/Sayfalar/Giris_Sayfasi/RetveTamam_Butonu' is present

2021-11-23 09:42:16 - [TEST_STEP][PASSED] - click(findTestObject("Object Repository/Sayfalar/Giris_Sayfasi/RetveTamam_Butonu")): Object: 'Object Repository/Sayfalar/Giris_Sayfasi/RetveTamam_Butonu' is clicked on

2021-11-23 09:42:16 - [MESSAGE][INFO] - Finding Test Object 'Object Repository/Sayfalar/Giris_Sayfasi/RetveTamam_Butonu'

2021-11-23 09:42:16 - [MESSAGE][INFO] - Checking object

2021-11-23 09:42:16 - [MESSAGE][INFO] - Finding web element from Test Object's properties

2021-11-23 09:42:16 - [MESSAGE][INFO] - Checking timeout

2021-11-23 09:42:16 - [MESSAGE][INFO] - Finding web element with id: 'Object Repository/Sayfalar/Giris_Sayfasi/RetveTamam_Butonu' located by 'By.xpath: //*[@class = 'btn btn-default']' in '30' second(s)

2021-11-23 09:42:16 - [MESSAGE][INFO] - Smart Wait Function is triggered

2021-11-23 09:42:16 - [MESSAGE][INFO] - Found 1 web elements with id: 'Object Repository/Sayfalar/Giris_Sayfasi/RetveTamam_Butonu' located by 'By.xpath: //*[@class = 'btn btn-default']' in '30' second(s)

2021-11-23 09:42:16 - [MESSAGE][INFO] - Clicking on object: 'Object Repository/Sayfalar/Giris_Sayfasi/RetveTamam_Butonu'

2021-11-23 09:42:16 - [MESSAGE][PASSED] - Object: 'Object Repository/Sayfalar/Giris_Sayfasi/RetveTamam_Butonu' is clicked on

2021-11-23 09:42:16 - [TEST_STEP][PASSED] - click(findTestObject("Object Repository/Sayfalar/Giris_Sayfasi/RetveTamam_Butonu")): Object: 'Object Repository/Sayfalar/Giris_Sayfasi/RetveTamam_Butonu' is clicked on

2021-11-23 09:42:16 - [MESSAGE][INFO] - Finding Test Object 'Object Repository/Sayfalar/Giris_Sayfasi/RetveTamam_Butonu'

2021-11-23 09:42:17 - [MESSAGE][INFO] - Checking object

2021-11-23 09:42:17 - [MESSAGE][INFO] - Finding web element from Test Object's properties

2021-11-23 09:42:17 - [MESSAGE][INFO] - Checking timeout

2021-11-23 09:42:17 - [MESSAGE][INFO] - Finding web element with id: 'Object Repository/Sayfalar/Giris_Sayfasi/RetveTamam_Butonu' located by 'By.xpath: //*[@class = 'btn btn-default']' in '30' second(s)

2021-11-23 09:42:17 - [MESSAGE][INFO] - Smart Wait Function is triggered

2021-11-23 09:42:22 - [MESSAGE][INFO] - Found 1 web elements with id: 'Object Repository/Sayfalar/Giris_Sayfasi/RetveTamam_Butonu' located by 'By.xpath: //*[@class = 'btn btn-default']' in '30' second(s)

2021-11-23 09:42:22 - [MESSAGE][INFO] - Clicking on object: 'Object Repository/Sayfalar/Giris_Sayfasi/RetveTamam_Butonu'

2021-11-23 09:42:22 - [MESSAGE][PASSED] - Object: 'Object Repository/Sayfalar/Giris_Sayfasi/RetveTamam_Butonu' is clicked on

2021-11-23 09:42:22 - [TEST_STEP][PASSED] - if (verifyElementPresent(findTestObject("Sayfalar/Giris_Sayfasi/PopupOK"), 5, OPTIONAL)): null

2021-11-23 09:42:22 - [MESSAGE][INFO] - Finding Test Object 'Object Repository/Sayfalar/Giris_Sayfasi/PopupOK'

2021-11-23 09:42:22 - [MESSAGE][INFO] - Checking object

2021-11-23 09:42:22 - [MESSAGE][INFO] - Finding web element from Test Object's properties

2021-11-23 09:42:22 - [MESSAGE][INFO] - Checking timeout

2021-11-23 09:42:22 - [MESSAGE][INFO] - Finding web element with id: 'Object Repository/Sayfalar/Giris_Sayfasi/PopupOK' located by 'By.cssSelector: .btn.btn-success' in '5' second(s)

2021-11-23 09:42:22 - [MESSAGE][INFO] - Smart Wait Function is triggered

2021-11-23 09:42:23 - [MESSAGE][INFO] - Found 1 web elements with id: 'Object Repository/Sayfalar/Giris_Sayfasi/PopupOK' located by 'By.cssSelector: .btn.btn-success' in '5' second(s)

2021-11-23 09:42:23 - [MESSAGE][PASSED] - Object 'Object Repository/Sayfalar/Giris_Sayfasi/PopupOK' is present

2021-11-23 09:42:23 - [TEST_STEP][PASSED] - click(findTestObject("Object Repository/Sayfalar/Giris_Sayfasi/PopupCarpiGiris")): Object: 'Object Repository/Sayfalar/Giris_Sayfasi/PopupCarpiGiris' is clicked on

2021-11-23 09:42:23 - [MESSAGE][INFO] - Finding Test Object 'Object Repository/Sayfalar/Giris_Sayfasi/PopupCarpiGiris'

2021-11-23 09:42:23 - [MESSAGE][INFO] - Checking object

2021-11-23 09:42:23 - [MESSAGE][INFO] - Finding web element from Test Object's properties

2021-11-23 09:42:23 - [MESSAGE][INFO] - Checking timeout

2021-11-23 09:42:23 - [MESSAGE][INFO] - Finding web element with id: 'Object Repository/Sayfalar/Giris_Sayfasi/PopupCarpiGiris' located by 'By.cssSelector: .bootbox-close-button.close' in '30' second(s)

2021-11-23 09:42:23 - [MESSAGE][INFO] - Smart Wait Function is triggered

2021-11-23 09:42:23 - [MESSAGE][INFO] - Found 1 web elements with id: 'Object Repository/Sayfalar/Giris_Sayfasi/PopupCarpiGiris' located by 'By.cssSelector: .bootbox-close-button.close' in '30' second(s)

2021-11-23 09:42:23 - [MESSAGE][INFO] - Clicking on object: 'Object Repository/Sayfalar/Giris_Sayfasi/PopupCarpiGiris'

2021-11-23 09:42:23 - [MESSAGE][PASSED] - Object: 'Object Repository/Sayfalar/Giris_Sayfasi/PopupCarpiGiris' is clicked on

2021-11-23 09:42:23 - [TEST_STEP][PASSED] - verifyElementVisible(findTestObject("Object Repository/Kullanici_Islemleri/KullaniciIslemleri")): Object 'Object Repository/Kullanici_Islemleri/KullaniciIslemleri' is visible

2021-11-23 09:42:23 - [MESSAGE][INFO] - Finding Test Object 'Object Repository/Kullanici_Islemleri/KullaniciIslemleri'

2021-11-23 09:42:23 - [MESSAGE][INFO] - Checking object

2021-11-23 09:42:23 - [MESSAGE][INFO] - Finding web element from Test Object's properties

2021-11-23 09:42:23 - [MESSAGE][INFO] - Checking timeout

2021-11-23 09:42:23 - [MESSAGE][INFO] - Finding web element with id: 'Object Repository/Kullanici_Islemleri/KullaniciIslemleri' located by 'By.cssSelector: .dropdown>a>img' in '30' second(s)

2021-11-23 09:42:23 - [MESSAGE][INFO] - Smart Wait Function is triggered

2021-11-23 09:42:24 - [MESSAGE][INFO] - Found 1 web elements with id: 'Object Repository/Kullanici_Islemleri/KullaniciIslemleri' located by 'By.cssSelector: .dropdown>a>img' in '30' second(s)

2021-11-23 09:42:24 - [MESSAGE][PASSED] - Object 'Object Repository/Kullanici_Islemleri/KullaniciIslemleri' is visible

2021-11-23 09:42:24 - [MESSAGE][PASSED] - Call Test Case 'Test Cases/Sayfalar/Giris_Sayfasi/Login' successfully

2021-11-23 09:42:24 - [MESSAGE][INFO] - Checking called Test Case

2021-11-23 09:42:24 - [MESSAGE][INFO] - Starting to call Test Case 'Test Cases/Menu/AnaMenuSecimi'

2021-11-23 09:42:24 - [TEST_CASE][PASSED] - Test Cases/Menu/AnaMenuSecimi: Test Cases/Menu/AnaMenuSecimi

2021-11-23 09:42:24 - [TEST_STEP][PASSED] - Method.TextDegerineEsitElementeTikla(findTestObject("Menu/Ana_Menu"), Ana_Menu): Method.TextDegerineEsitElementeTikla is PASSED

2021-11-23 09:42:24 - [MESSAGE][INFO] - Finding Test Object 'Object Repository/Menu/Ana_Menu'

2021-11-23 09:42:24 - [MESSAGE][INFO] - Checking timeout

2021-11-23 09:42:24 - [MESSAGE][INFO] - Finding web element with id: 'Object Repository/Menu/Ana_Menu' located by 'By.xpath: //*[@class = 'dropdown-toggle']' in '10' second(s)

2021-11-23 09:42:24 - [MESSAGE][INFO] - Smart Wait Function is triggered

2021-11-23 09:42:25 - [MESSAGE][INFO] - Found 14 web elements with id: 'Object Repository/Menu/Ana_Menu' located by 'By.xpath: //*[@class = 'dropdown-toggle']' in '10' second(s)

2021-11-23 09:42:25 - [MESSAGE][PASSED] - Method.TextDegerineEsitElementeTikla is PASSED

2021-11-23 09:42:25 - [MESSAGE][PASSED] - Call Test Case 'Test Cases/Menu/AnaMenuSecimi' successfully

2021-11-23 09:42:25 - [MESSAGE][INFO] - Checking called Test Case

2021-11-23 09:42:25 - [MESSAGE][INFO] - Starting to call Test Case 'Test Cases/Menu/AltMenuSecimi'

2021-11-23 09:42:25 - [TEST_CASE][PASSED] - Test Cases/Menu/AltMenuSecimi: Test Cases/Menu/AltMenuSecimi

2021-11-23 09:42:25 - [TEST_STEP][PASSED] - Method.TextDegerineEsitElementeTikla(findTestObject("Menu/Alt_Menu"), Alt_Menu): Method.TextDegerineEsitElementeTikla is PASSED

2021-11-23 09:42:25 - [MESSAGE][INFO] - Finding Test Object 'Object Repository/Menu/Alt_Menu'

2021-11-23 09:42:25 - [MESSAGE][INFO] - Checking timeout

2021-11-23 09:42:25 - [MESSAGE][INFO] - Finding web element with id: 'Object Repository/Menu/Alt_Menu' located by 'By.xpath: //li[@class='dropdown dropdown-large open']//li[@class='dropdown-element']' in '10' second(s)

2021-11-23 09:42:25 - [MESSAGE][INFO] - Smart Wait Function is triggered

2021-11-23 09:42:25 - [MESSAGE][INFO] - Found 2 web elements with id: 'Object Repository/Menu/Alt_Menu' located by 'By.xpath: //li[@class='dropdown dropdown-large open']//li[@class='dropdown-element']' in '10' second(s)

2021-11-23 09:42:33 - [MESSAGE][PASSED] - Method.TextDegerineEsitElementeTikla is PASSED

2021-11-23 09:42:33 - [MESSAGE][PASSED] - Call Test Case 'Test Cases/Menu/AltMenuSecimi' successfully

2021-11-23 09:42:33 - [MESSAGE][INFO] - Checking called Test Case

2021-11-23 09:42:33 - [MESSAGE][INFO] - Starting to call Test Case 'Test Cases/Filtreler/BaslangicYaz'

2021-11-23 09:42:33 - [TEST_CASE][PASSED] - Test Cases/Filtreler/BaslangicYaz: Test Cases/Filtreler/BaslangicYaz

2021-11-23 09:42:33 - [TEST_STEP][PASSED] - delay(3): Delayed 3 second(s)

2021-11-23 09:42:33 - [MESSAGE][INFO] - Delaying browser in 3 second(s)

2021-11-23 09:42:36 - [MESSAGE][PASSED] - Delayed 3 second(s)

2021-11-23 09:42:36 - [TEST_STEP][PASSED] - Method.TextDegerineEsitElementinAltindakineTikla(findTestObject("Filtreler/Basliklar"), findTestObject("Filtreler/Basliga_Gore_Baslangic_Image"), Filtre_Adi): Method.TextDegerineEsitElementinAltindakineTikla is PASSED

2021-11-23 09:42:36 - [MESSAGE][INFO] - Finding Test Object 'Object Repository/Filtreler/Basliklar'

2021-11-23 09:42:36 - [MESSAGE][INFO] - Finding Test Object 'Object Repository/Filtreler/Basliga_Gore_Baslangic_Image'

2021-11-23 09:42:36 - [MESSAGE][INFO] - Checking timeout

2021-11-23 09:42:36 - [MESSAGE][INFO] - Finding web element with id: 'Object Repository/Filtreler/Basliklar' located by 'By.cssSelector: .control-label.col-sm-4.paddingMarginRLC' in '10' second(s)

2021-11-23 09:42:36 - [MESSAGE][INFO] - Smart Wait Function is triggered

2021-11-23 09:42:36 - [MESSAGE][INFO] - Found 8 web elements with id: 'Object Repository/Filtreler/Basliklar' located by 'By.cssSelector: .control-label.col-sm-4.paddingMarginRLC' in '10' second(s)

2021-11-23 09:42:36 - [MESSAGE][INFO] - Smart Wait Function is triggered

2021-11-23 09:42:37 - [MESSAGE][PASSED] - Method.TextDegerineEsitElementinAltindakineTikla is PASSED

2021-11-23 09:42:37 - [TEST_STEP][PASSED] - Method.TextDegerineEsitElementinAltindakiTextboxtaYaz(findTestObject("Filtreler/Basliklar"), findTestObject("Filtreler/Basliga_Gore_Baslangic"), Filtre_Adi, Filtre_Degeri): Method.TextDegerineEsitElementinAltindakiTextboxtaYaz is PASSED

2021-11-23 09:42:37 - [MESSAGE][INFO] - Finding Test Object 'Object Repository/Filtreler/Basliklar'

2021-11-23 09:42:37 - [MESSAGE][INFO] - Finding Test Object 'Object Repository/Filtreler/Basliga_Gore_Baslangic'

2021-11-23 09:42:37 - [MESSAGE][INFO] - Checking timeout

2021-11-23 09:42:37 - [MESSAGE][INFO] - Finding web element with id: 'Object Repository/Filtreler/Basliklar' located by 'By.cssSelector: .control-label.col-sm-4.paddingMarginRLC' in '10' second(s)

2021-11-23 09:42:37 - [MESSAGE][INFO] - Smart Wait Function is triggered

2021-11-23 09:42:37 - [MESSAGE][INFO] - Found 8 web elements with id: 'Object Repository/Filtreler/Basliklar' located by 'By.cssSelector: .control-label.col-sm-4.paddingMarginRLC' in '10' second(s)

2021-11-23 09:42:37 - [MESSAGE][INFO] - Smart Wait Function is triggered

2021-11-23 09:42:38 - [MESSAGE][PASSED] - Method.TextDegerineEsitElementinAltindakiTextboxtaYaz is PASSED

2021-11-23 09:42:38 - [MESSAGE][PASSED] - Call Test Case 'Test Cases/Filtreler/BaslangicYaz' successfully

2021-11-23 09:42:38 - [MESSAGE][INFO] - Checking called Test Case

2021-11-23 09:42:38 - [MESSAGE][INFO] - Starting to call Test Case 'Test Cases/Filtreler/BitisYaz'

2021-11-23 09:42:38 - [TEST_CASE][PASSED] - Test Cases/Filtreler/BitisYaz: Test Cases/Filtreler/BitisYaz

2021-11-23 09:42:38 - [TEST_STEP][PASSED] - Method.TextDegerineEsitElementinAltindakineTikla(findTestObject("Filtreler/Basliklar"), findTestObject("Filtreler/Basliga_Gore_Bitis_Image"), Filtre_Adi): Method.TextDegerineEsitElementinAltindakineTikla is PASSED

2021-11-23 09:42:38 - [MESSAGE][INFO] - Finding Test Object 'Object Repository/Filtreler/Basliklar'

2021-11-23 09:42:38 - [MESSAGE][INFO] - Finding Test Object 'Object Repository/Filtreler/Basliga_Gore_Bitis_Image'

2021-11-23 09:42:38 - [MESSAGE][INFO] - Checking timeout

2021-11-23 09:42:38 - [MESSAGE][INFO] - Finding web element with id: 'Object Repository/Filtreler/Basliklar' located by 'By.cssSelector: .control-label.col-sm-4.paddingMarginRLC' in '10' second(s)

2021-11-23 09:42:38 - [MESSAGE][INFO] - Smart Wait Function is triggered

2021-11-23 09:42:38 - [MESSAGE][INFO] - Found 8 web elements with id: 'Object Repository/Filtreler/Basliklar' located by 'By.cssSelector: .control-label.col-sm-4.paddingMarginRLC' in '10' second(s)

2021-11-23 09:42:38 - [MESSAGE][INFO] - Smart Wait Function is triggered

2021-11-23 09:42:39 - [MESSAGE][PASSED] - Method.TextDegerineEsitElementinAltindakineTikla is PASSED

2021-11-23 09:42:39 - [TEST_STEP][PASSED] - Method.TextDegerineEsitElementinAltindakiTextboxtaYaz(findTestObject("Filtreler/Basliklar"), findTestObject("Object Repository/Filtreler/Basliga_Gore_Bitis"), Filtre_Adi, Filtre_Degeri): Method.TextDegerineEsitElementinAltindakiTextboxtaYaz is PASSED

2021-11-23 09:42:39 - [MESSAGE][INFO] - Finding Test Object 'Object Repository/Filtreler/Basliklar'

2021-11-23 09:42:39 - [MESSAGE][INFO] - Finding Test Object 'Object Repository/Filtreler/Basliga_Gore_Bitis'

2021-11-23 09:42:39 - [MESSAGE][INFO] - Checking timeout

2021-11-23 09:42:39 - [MESSAGE][INFO] - Finding web element with id: 'Object Repository/Filtreler/Basliklar' located by 'By.cssSelector: .control-label.col-sm-4.paddingMarginRLC' in '10' second(s)

2021-11-23 09:42:39 - [MESSAGE][INFO] - Smart Wait Function is triggered

2021-11-23 09:42:39 - [MESSAGE][INFO] - Found 8 web elements with id: 'Object Repository/Filtreler/Basliklar' located by 'By.cssSelector: .control-label.col-sm-4.paddingMarginRLC' in '10' second(s)

2021-11-23 09:42:39 - [MESSAGE][INFO] - Smart Wait Function is triggered

2021-11-23 09:42:39 - [MESSAGE][PASSED] - Method.TextDegerineEsitElementinAltindakiTextboxtaYaz is PASSED

2021-11-23 09:42:39 - [MESSAGE][PASSED] - Call Test Case 'Test Cases/Filtreler/BitisYaz' successfully

2021-11-23 09:42:39 - [MESSAGE][INFO] - Checking called Test Case

2021-11-23 09:42:39 - [MESSAGE][INFO] - Starting to call Test Case 'Test Cases/Filtreler/ButonaTikla'

2021-11-23 09:42:40 - [TEST_CASE][PASSED] - Test Cases/Filtreler/ButonaTikla: Test Cases/Filtreler/ButonaTikla

2021-11-23 09:42:40 - [TEST_STEP][PASSED] - Method.TextDegerineEsitElementeTikla(findTestObject("Filtreler/Butonlar"), Filtre_Buton): Method.TextDegerineEsitElementeTikla is PASSED

2021-11-23 09:42:40 - [MESSAGE][INFO] - Finding Test Object 'Object Repository/Filtreler/Butonlar'

2021-11-23 09:42:40 - [MESSAGE][INFO] - Checking timeout

2021-11-23 09:42:40 - [MESSAGE][INFO] - Finding web element with id: 'Object Repository/Filtreler/Butonlar' located by 'By.cssSelector: .dxb>span' in '10' second(s)

2021-11-23 09:42:40 - [MESSAGE][INFO] - Smart Wait Function is triggered

2021-11-23 09:42:40 - [MESSAGE][INFO] - Found 3 web elements with id: 'Object Repository/Filtreler/Butonlar' located by 'By.cssSelector: .dxb>span' in '10' second(s)

2021-11-23 09:42:40 - [MESSAGE][PASSED] - Method.TextDegerineEsitElementeTikla is PASSED

2021-11-23 09:42:40 - [MESSAGE][PASSED] - Call Test Case 'Test Cases/Filtreler/ButonaTikla' successfully

2021-11-23 09:42:40 - [MESSAGE][INFO] - Checking called Test Case

2021-11-23 09:42:40 - [MESSAGE][INFO] - Starting to call Test Case 'Test Cases/Tablo/TablodaVeriVarMi'

2021-11-23 09:42:40 - [TEST_CASE][PASSED] - Test Cases/Tablo/TablodaVeriVarMi: Test Cases/Tablo/TablodaVeriVarMi

2021-11-23 09:42:40 - [TEST_STEP][PASSED] - verifyTextNotPresent("Görüntülenecek veri yok", true): Text 'Görüntülenecek veri yok' is not present on page using regular expression

2021-11-23 09:42:40 - [MESSAGE][INFO] - Checking text present  using regular expression

2021-11-23 09:42:40 - [MESSAGE][INFO] - Smart Wait Function is triggered

2021-11-23 09:42:41 - [MESSAGE][INFO] - Finding text 'Görüntülenecek veri yok' on page  using regular expression

2021-11-23 09:42:41 - [MESSAGE][PASSED] - Text 'Görüntülenecek veri yok' is not present on page using regular expression

2021-11-23 09:42:41 - [MESSAGE][PASSED] - Call Test Case 'Test Cases/Tablo/TablodaVeriVarMi' successfully

2021-11-23 09:42:41 - [MESSAGE][INFO] - Checking called Test Case

2021-11-23 09:42:41 - [MESSAGE][INFO] - Starting to call Test Case 'Test Cases/Tablo/TablodanVeriSec'

2021-11-23 09:42:41 - [TEST_CASE][PASSED] - Test Cases/Tablo/TablodanVeriSec: Test Cases/Tablo/TablodanVeriSec

2021-11-23 09:42:41 - [TEST_STEP][PASSED] - Method.TextDegerineEsitElementinAltindakineTikla(findTestObject("Tablo/Veriler"), findTestObject("Tablo/VerininCheckBoxi"), Veri_Adi): Method.TextDegerineEsitElementinAltindakineTikla is PASSED

2021-11-23 09:42:41 - [MESSAGE][INFO] - Finding Test Object 'Object Repository/Tablo/Veriler'

2021-11-23 09:42:41 - [MESSAGE][INFO] - Finding Test Object 'Object Repository/Tablo/VerininCheckBoxi'

2021-11-23 09:42:41 - [MESSAGE][INFO] - Checking timeout

2021-11-23 09:42:41 - [MESSAGE][INFO] - Finding web element with id: 'Object Repository/Tablo/Veriler' located by 'By.cssSelector: td.dxgv b ,td.dxgv' in '10' second(s)

2021-11-23 09:42:41 - [MESSAGE][INFO] - Smart Wait Function is triggered

2021-11-23 09:42:41 - [MESSAGE][INFO] - Found 110 web elements with id: 'Object Repository/Tablo/Veriler' located by 'By.cssSelector: td.dxgv b ,td.dxgv' in '10' second(s)

2021-11-23 09:42:42 - [MESSAGE][INFO] - Smart Wait Function is triggered

2021-11-23 09:42:42 - [MESSAGE][PASSED] - Method.TextDegerineEsitElementinAltindakineTikla is PASSED

2021-11-23 09:42:42 - [MESSAGE][PASSED] - Call Test Case 'Test Cases/Tablo/TablodanVeriSec' successfully

2021-11-23 09:42:42 - [MESSAGE][INFO] - Checking called Test Case

2021-11-23 09:42:42 - [MESSAGE][INFO] - Starting to call Test Case 'Test Cases/Butonlar/ButonaTikla'

2021-11-23 09:42:42 - [TEST_CASE][PASSED] - Test Cases/Butonlar/ButonaTikla: Test Cases/Butonlar/ButonaTikla

2021-11-23 09:42:42 - [TEST_STEP][PASSED] - Method.TextDegerineEsitElementeTiklaEquals(findTestObject("Butonlar/Butonlar"), Buton_Adi): Method.TextDegerineEsitElementeTiklaEquals is PASSED

2021-11-23 09:42:42 - [MESSAGE][INFO] - Finding Test Object 'Object Repository/Butonlar/Butonlar'

2021-11-23 09:42:42 - [MESSAGE][INFO] - Checking timeout

2021-11-23 09:42:42 - [MESSAGE][INFO] - Finding web element with id: 'Object Repository/Butonlar/Butonlar' located by 'By.cssSelector: .panel.panel-default.text-center.footerPanel .btn,.btn.btn-primary.btnControls' in '10' second(s)

2021-11-23 09:42:42 - [MESSAGE][INFO] - Smart Wait Function is triggered

2021-11-23 09:42:43 - [MESSAGE][INFO] - Found 5 web elements with id: 'Object Repository/Butonlar/Butonlar' located by 'By.cssSelector: .panel.panel-default.text-center.footerPanel .btn,.btn.btn-primary.btnControls' in '10' second(s)

2021-11-23 09:42:43 - [MESSAGE][PASSED] - Method.TextDegerineEsitElementeTiklaEquals is PASSED

2021-11-23 09:42:43 - [MESSAGE][PASSED] - Call Test Case 'Test Cases/Butonlar/ButonaTikla' successfully

2021-11-23 09:42:43 - [MESSAGE][INFO] - Checking called Test Case

2021-11-23 09:42:43 - [MESSAGE][INFO] - Starting to call Test Case 'Test Cases/Sekmeler/YeniSekmeyeGec'

2021-11-23 09:42:43 - [TEST_CASE][PASSED] - Test Cases/Sekmeler/YeniSekmeyeGec: Test Cases/Sekmeler/YeniSekmeyeGec

2021-11-23 09:42:43 - [TEST_STEP][PASSED] - switchToWindowIndex(1): Switched to window with index: '1'

2021-11-23 09:42:43 - [MESSAGE][INFO] - Checking index

2021-11-23 09:42:43 - [MESSAGE][INFO] - Switching window with index: '1'

2021-11-23 09:42:43 - [MESSAGE][PASSED] - Switched to window with index: '1'

2021-11-23 09:42:43 - [MESSAGE][PASSED] - Call Test Case 'Test Cases/Sekmeler/YeniSekmeyeGec' successfully

2021-11-23 09:42:43 - [MESSAGE][INFO] - Checking called Test Case

2021-11-23 09:42:43 - [MESSAGE][INFO] - Starting to call Test Case 'Test Cases/Sekmeler/TagGeldiMi'

2021-11-23 09:42:43 - [TEST_CASE][PASSED] - Test Cases/Sekmeler/TagGeldiMi: Test Cases/Sekmeler/TagGeldiMi

2021-11-23 09:42:44 - [TEST_STEP][PASSED] - waitForElementPresent(findTestObject("Object Repository/Sekmeler/UBLTag"), 10): Object 'Object Repository/Sekmeler/UBLTag' is present

2021-11-23 09:42:44 - [MESSAGE][INFO] - Finding Test Object 'Object Repository/Sekmeler/UBLTag'

2021-11-23 09:42:44 - [MESSAGE][INFO] - Checking object

2021-11-23 09:42:44 - [MESSAGE][INFO] - Finding web element from Test Object's properties

2021-11-23 09:42:44 - [MESSAGE][INFO] - Checking timeout

2021-11-23 09:42:44 - [MESSAGE][INFO] - Finding web element with id: 'Object Repository/Sekmeler/UBLTag' located by 'By.cssSelector: #webkit-xml-viewer-source-xml>:first-child' in '10' second(s)

2021-11-23 09:42:44 - [MESSAGE][INFO] - Smart Wait Function is triggered

2021-11-23 09:42:44 - [MESSAGE][INFO] - Found 1 web elements with id: 'Object Repository/Sekmeler/UBLTag' located by 'By.cssSelector: #webkit-xml-viewer-source-xml>:first-child' in '10' second(s)

2021-11-23 09:42:44 - [MESSAGE][PASSED] - Object 'Object Repository/Sekmeler/UBLTag' is present

2021-11-23 09:42:44 - [TEST_STEP][PASSED] - println(toLowerCase().toString()): Found 1 web elements with id: 'Object Repository/Sekmeler/UBLTag' located by 'By.cssSelector: #webkit-xml-viewer-source-xml>:first-child' in '10' second(s)

2021-11-23 09:42:44 - [MESSAGE][INFO] - Finding Test Object 'Object Repository/Sekmeler/UBLTag'

2021-11-23 09:42:44 - [MESSAGE][INFO] - Finding web element from Test Object's properties

2021-11-23 09:42:44 - [MESSAGE][INFO] - Checking timeout

2021-11-23 09:42:44 - [MESSAGE][INFO] - Finding web element with id: 'Object Repository/Sekmeler/UBLTag' located by 'By.cssSelector: #webkit-xml-viewer-source-xml>:first-child' in '10' second(s)

2021-11-23 09:42:44 - [MESSAGE][INFO] - Smart Wait Function is triggered

2021-11-23 09:42:44 - [MESSAGE][INFO] - Found 1 web elements with id: 'Object Repository/Sekmeler/UBLTag' located by 'By.cssSelector: #webkit-xml-viewer-source-xml>:first-child' in '10' second(s)

2021-11-23 09:42:44 - [TEST_STEP][PASSED] - if (!(toString().contains(toString().toLowerCase()))): Found 1 web elements with id: 'Object Repository/Sekmeler/UBLTag' located by 'By.cssSelector: #webkit-xml-viewer-source-xml>:first-child' in '10' second(s)

2021-11-23 09:42:44 - [MESSAGE][INFO] - Finding Test Object 'Object Repository/Sekmeler/UBLTag'

2021-11-23 09:42:44 - [MESSAGE][INFO] - Finding web element from Test Object's properties

2021-11-23 09:42:44 - [MESSAGE][INFO] - Checking timeout

2021-11-23 09:42:44 - [MESSAGE][INFO] - Finding web element with id: 'Object Repository/Sekmeler/UBLTag' located by 'By.cssSelector: #webkit-xml-viewer-source-xml>:first-child' in '10' second(s)

2021-11-23 09:42:44 - [MESSAGE][INFO] - Smart Wait Function is triggered

2021-11-23 09:42:44 - [MESSAGE][INFO] - Found 1 web elements with id: 'Object Repository/Sekmeler/UBLTag' located by 'By.cssSelector: #webkit-xml-viewer-source-xml>:first-child' in '10' second(s)

2021-11-23 09:42:44 - [MESSAGE][PASSED] - Call Test Case 'Test Cases/Sekmeler/TagGeldiMi' successfully

2021-11-23 09:42:44 - [MESSAGE][INFO] - Checking called Test Case

2021-11-23 09:42:44 - [MESSAGE][INFO] - Starting to call Test Case 'Test Cases/Sekmeler/Ana_Sekmeye_Gec'

2021-11-23 09:42:44 - [TEST_CASE][PASSED] - Test Cases/Sekmeler/Ana_Sekmeye_Gec: Test Cases/Sekmeler/Ana_Sekmeye_Gec

2021-11-23 09:42:44 - [TEST_STEP][PASSED] - try: Window with index 1 is closed

2021-11-23 09:42:44 - [TEST_STEP][PASSED] - index = getWindowIndex(): Current window's index is: 1

2021-11-23 09:42:44 - [MESSAGE][INFO] - Getting current window's index

2021-11-23 09:42:44 - [MESSAGE][PASSED] - Current window's index is: 1

2021-11-23 09:42:44 - [TEST_STEP][PASSED] - closeWindowIndex(index): Window with index 1 is closed

2021-11-23 09:42:44 - [MESSAGE][INFO] - Checking index

2021-11-23 09:42:44 - [MESSAGE][INFO] - Closing window with index 1

2021-11-23 09:42:44 - [MESSAGE][PASSED] - Window with index 1 is closed

2021-11-23 09:42:44 - [TEST_STEP][PASSED] - switchToWindowIndex(0): Switched to window with index: '0'

2021-11-23 09:42:44 - [MESSAGE][INFO] - Checking index

2021-11-23 09:42:44 - [MESSAGE][INFO] - Switching window with index: '0'

2021-11-23 09:42:44 - [MESSAGE][PASSED] - Switched to window with index: '0'

2021-11-23 09:42:44 - [MESSAGE][PASSED] - Call Test Case 'Test Cases/Sekmeler/Ana_Sekmeye_Gec' successfully

2021-11-23 09:42:44 - [MESSAGE][INFO] - Checking called Test Case

2021-11-23 09:42:44 - [MESSAGE][INFO] - Starting to call Test Case 'Test Cases/Tablo/TablonunButonunaTikla'

2021-11-23 09:42:44 - [TEST_CASE][PASSED] - Test Cases/Tablo/TablonunButonunaTikla: Test Cases/Tablo/TablonunButonunaTikla

2021-11-23 09:42:45 - [TEST_STEP][PASSED] - Method.TextDegerineEsitElementinAltindakiTextDegerineEsitOlanaTikla(findTestObject("Tablo/Veriler"), findTestObject("Tablo/VerininButonu"), Veri, Buton_Adi): Method.TextDegerineEsitElementinAltindakiTextDegerineEsitOlanaTikla is PASSED

2021-11-23 09:42:45 - [MESSAGE][INFO] - Finding Test Object 'Object Repository/Tablo/Veriler'

2021-11-23 09:42:45 - [MESSAGE][INFO] - Finding Test Object 'Object Repository/Tablo/VerininButonu'

2021-11-23 09:42:45 - [MESSAGE][INFO] - Checking timeout

2021-11-23 09:42:45 - [MESSAGE][INFO] - Finding web element with id: 'Object Repository/Tablo/Veriler' located by 'By.cssSelector: td.dxgv b ,td.dxgv' in '10' second(s)

2021-11-23 09:42:45 - [MESSAGE][INFO] - Smart Wait Function is triggered

2021-11-23 09:42:45 - [MESSAGE][INFO] - Found 110 web elements with id: 'Object Repository/Tablo/Veriler' located by 'By.cssSelector: td.dxgv b ,td.dxgv' in '10' second(s)

2021-11-23 09:42:46 - [MESSAGE][INFO] - Smart Wait Function is triggered

2021-11-23 09:42:46 - [MESSAGE][PASSED] - Method.TextDegerineEsitElementinAltindakiTextDegerineEsitOlanaTikla is PASSED

2021-11-23 09:42:46 - [MESSAGE][PASSED] - Call Test Case 'Test Cases/Tablo/TablonunButonunaTikla' successfully

2021-11-23 09:42:46 - [MESSAGE][INFO] - Checking called Test Case

2021-11-23 09:42:46 - [MESSAGE][INFO] - Starting to call Test Case 'Test Cases/Sekmeler/YeniSekmeyeGec'

2021-11-23 09:42:46 - [TEST_CASE][PASSED] - Test Cases/Sekmeler/YeniSekmeyeGec: Test Cases/Sekmeler/YeniSekmeyeGec

2021-11-23 09:42:46 - [TEST_STEP][PASSED] - switchToWindowIndex(1): Switched to window with index: '1'

2021-11-23 09:42:46 - [MESSAGE][INFO] - Checking index

2021-11-23 09:42:46 - [MESSAGE][INFO] - Switching window with index: '1'

2021-11-23 09:42:46 - [MESSAGE][PASSED] - Switched to window with index: '1'

2021-11-23 09:42:46 - [MESSAGE][PASSED] - Call Test Case 'Test Cases/Sekmeler/YeniSekmeyeGec' successfully

2021-11-23 09:42:46 - [MESSAGE][INFO] - Checking called Test Case

2021-11-23 09:42:46 - [MESSAGE][INFO] - Starting to call Test Case 'Test Cases/Tablo/TablodaVeriVarMi'

2021-11-23 09:42:46 - [TEST_CASE][PASSED] - Test Cases/Tablo/TablodaVeriVarMi: Test Cases/Tablo/TablodaVeriVarMi

2021-11-23 09:42:46 - [TEST_STEP][PASSED] - verifyTextNotPresent("Görüntülenecek veri yok", true): Text 'Görüntülenecek veri yok' is not present on page using regular expression

2021-11-23 09:42:46 - [MESSAGE][INFO] - Checking text present  using regular expression

2021-11-23 09:42:46 - [MESSAGE][INFO] - Smart Wait Function is triggered

2021-11-23 09:42:47 - [MESSAGE][INFO] - Finding text 'Görüntülenecek veri yok' on page  using regular expression

2021-11-23 09:42:47 - [MESSAGE][PASSED] - Text 'Görüntülenecek veri yok' is not present on page using regular expression

2021-11-23 09:42:47 - [MESSAGE][PASSED] - Call Test Case 'Test Cases/Tablo/TablodaVeriVarMi' successfully

2021-11-23 09:42:47 - [MESSAGE][INFO] - Checking called Test Case

2021-11-23 09:42:47 - [MESSAGE][INFO] - Starting to call Test Case 'Test Cases/Sekmeler/Ana_Sekmeye_Gec'

2021-11-23 09:42:47 - [TEST_CASE][PASSED] - Test Cases/Sekmeler/Ana_Sekmeye_Gec: Test Cases/Sekmeler/Ana_Sekmeye_Gec

2021-11-23 09:42:47 - [TEST_STEP][PASSED] - try: Window with index 1 is closed

2021-11-23 09:42:47 - [TEST_STEP][PASSED] - index = getWindowIndex(): Current window's index is: 1

2021-11-23 09:42:47 - [MESSAGE][INFO] - Getting current window's index

2021-11-23 09:42:47 - [MESSAGE][PASSED] - Current window's index is: 1

2021-11-23 09:42:47 - [TEST_STEP][PASSED] - closeWindowIndex(index): Window with index 1 is closed

2021-11-23 09:42:47 - [MESSAGE][INFO] - Checking index

2021-11-23 09:42:47 - [MESSAGE][INFO] - Closing window with index 1

2021-11-23 09:42:48 - [MESSAGE][PASSED] - Window with index 1 is closed

2021-11-23 09:42:48 - [TEST_STEP][PASSED] - switchToWindowIndex(0): Switched to window with index: '0'

2021-11-23 09:42:48 - [MESSAGE][INFO] - Checking index

2021-11-23 09:42:48 - [MESSAGE][INFO] - Switching window with index: '0'

2021-11-23 09:42:48 - [MESSAGE][PASSED] - Switched to window with index: '0'

2021-11-23 09:42:48 - [MESSAGE][PASSED] - Call Test Case 'Test Cases/Sekmeler/Ana_Sekmeye_Gec' successfully

2021-11-23 09:42:48 - [MESSAGE][INFO] - Checking called Test Case

2021-11-23 09:42:48 - [MESSAGE][INFO] - Starting to call Test Case 'Test Cases/Butonlar/ButonaTikla'

2021-11-23 09:42:48 - [TEST_CASE][PASSED] - Test Cases/Butonlar/ButonaTikla: Test Cases/Butonlar/ButonaTikla

2021-11-23 09:42:48 - [TEST_STEP][PASSED] - Method.TextDegerineEsitElementeTiklaEquals(findTestObject("Butonlar/Butonlar"), Buton_Adi): Method.TextDegerineEsitElementeTiklaEquals is PASSED

2021-11-23 09:42:48 - [MESSAGE][INFO] - Finding Test Object 'Object Repository/Butonlar/Butonlar'

2021-11-23 09:42:48 - [MESSAGE][INFO] - Checking timeout

2021-11-23 09:42:48 - [MESSAGE][INFO] - Finding web element with id: 'Object Repository/Butonlar/Butonlar' located by 'By.cssSelector: .panel.panel-default.text-center.footerPanel .btn,.btn.btn-primary.btnControls' in '10' second(s)

2021-11-23 09:42:48 - [MESSAGE][INFO] - Smart Wait Function is triggered

2021-11-23 09:42:48 - [MESSAGE][INFO] - Found 5 web elements with id: 'Object Repository/Butonlar/Butonlar' located by 'By.cssSelector: .panel.panel-default.text-center.footerPanel .btn,.btn.btn-primary.btnControls' in '10' second(s)

2021-11-23 09:42:48 - [MESSAGE][PASSED] - Method.TextDegerineEsitElementeTiklaEquals is PASSED

2021-11-23 09:42:48 - [MESSAGE][PASSED] - Call Test Case 'Test Cases/Butonlar/ButonaTikla' successfully

2021-11-23 09:42:48 - [MESSAGE][INFO] - Checking called Test Case

2021-11-23 09:42:48 - [MESSAGE][INFO] - Starting to call Test Case 'Test Cases/Butonlar/AltButonaTikla'

2021-11-23 09:42:48 - [TEST_CASE][PASSED] - Test Cases/Butonlar/AltButonaTikla: Test Cases/Butonlar/AltButonaTikla

2021-11-23 09:42:48 - [TEST_STEP][PASSED] - Method.TextDegerineEsitElementeTikla(findTestObject("Butonlar/AltButonlar"), Alt_Buton): Method.TextDegerineEsitElementeTikla is PASSED

2021-11-23 09:42:48 - [MESSAGE][INFO] - Finding Test Object 'Object Repository/Butonlar/AltButonlar'

2021-11-23 09:42:48 - [MESSAGE][INFO] - Checking timeout

2021-11-23 09:42:48 - [MESSAGE][INFO] - Finding web element with id: 'Object Repository/Butonlar/AltButonlar' located by 'By.cssSelector: .btn-group.open li>a' in '10' second(s)

2021-11-23 09:42:48 - [MESSAGE][INFO] - Smart Wait Function is triggered

2021-11-23 09:42:49 - [MESSAGE][INFO] - Found 1 web elements with id: 'Object Repository/Butonlar/AltButonlar' located by 'By.cssSelector: .btn-group.open li>a' in '10' second(s)

2021-11-23 09:42:49 - [MESSAGE][PASSED] - Method.TextDegerineEsitElementeTikla is PASSED

2021-11-23 09:42:49 - [MESSAGE][PASSED] - Call Test Case 'Test Cases/Butonlar/AltButonaTikla' successfully

2021-11-23 09:42:49 - [MESSAGE][INFO] - Checking called Test Case

2021-11-23 09:42:49 - [MESSAGE][INFO] - Starting to call Test Case 'Test Cases/Butonlar/DosyaIndirildiMi'

2021-11-23 09:42:49 - [TEST_CASE][PASSED] - Test Cases/Butonlar/DosyaIndirildiMi: Test Cases/Butonlar/DosyaIndirildiMi

2021-11-23 09:42:49 - [TEST_STEP][PASSED] - Method.isimliDosyaIndirildiMi(DownloadFile, FileName): Method.isimliDosyaIndirildiMi is PASSED

2021-11-23 09:42:49 - [MESSAGE][INFO] - Delaying browser in 3 second(s)

2021-11-23 09:42:52 - [MESSAGE][PASSED] - Delayed 3 second(s)

2021-11-23 09:42:52 - [MESSAGE][PASSED] - Method.isimliDosyaIndirildiMi is PASSED

2021-11-23 09:42:52 - [MESSAGE][PASSED] - Call Test Case 'Test Cases/Butonlar/DosyaIndirildiMi' successfully

2021-11-23 09:42:52 - [MESSAGE][INFO] - Checking called Test Case

2021-11-23 09:42:52 - [MESSAGE][INFO] - Starting to call Test Case 'Test Cases/Butonlar/ButonaTikla'

2021-11-23 09:42:52 - [TEST_CASE][PASSED] - Test Cases/Butonlar/ButonaTikla: Test Cases/Butonlar/ButonaTikla

2021-11-23 09:42:52 - [TEST_STEP][PASSED] - Method.TextDegerineEsitElementeTiklaEquals(findTestObject("Butonlar/Butonlar"), Buton_Adi): Method.TextDegerineEsitElementeTiklaEquals is PASSED

2021-11-23 09:42:52 - [MESSAGE][INFO] - Finding Test Object 'Object Repository/Butonlar/Butonlar'

2021-11-23 09:42:52 - [MESSAGE][INFO] - Checking timeout

2021-11-23 09:42:52 - [MESSAGE][INFO] - Finding web element with id: 'Object Repository/Butonlar/Butonlar' located by 'By.cssSelector: .panel.panel-default.text-center.footerPanel .btn,.btn.btn-primary.btnControls' in '10' second(s)

2021-11-23 09:42:52 - [MESSAGE][INFO] - Smart Wait Function is triggered

2021-11-23 09:42:52 - [MESSAGE][INFO] - Found 5 web elements with id: 'Object Repository/Butonlar/Butonlar' located by 'By.cssSelector: .panel.panel-default.text-center.footerPanel .btn,.btn.btn-primary.btnControls' in '10' second(s)

2021-11-23 09:42:52 - [MESSAGE][PASSED] - Method.TextDegerineEsitElementeTiklaEquals is PASSED

2021-11-23 09:42:52 - [MESSAGE][PASSED] - Call Test Case 'Test Cases/Butonlar/ButonaTikla' successfully

2021-11-23 09:42:52 - [MESSAGE][INFO] - Checking called Test Case

2021-11-23 09:42:52 - [MESSAGE][INFO] - Starting to call Test Case 'Test Cases/Butonlar/AltButonaTikla'

2021-11-23 09:42:52 - [TEST_CASE][PASSED] - Test Cases/Butonlar/AltButonaTikla: Test Cases/Butonlar/AltButonaTikla

2021-11-23 09:42:52 - [TEST_STEP][PASSED] - Method.TextDegerineEsitElementeTikla(findTestObject("Butonlar/AltButonlar"), Alt_Buton): Method.TextDegerineEsitElementeTikla is PASSED

2021-11-23 09:42:52 - [MESSAGE][INFO] - Finding Test Object 'Object Repository/Butonlar/AltButonlar'

2021-11-23 09:42:53 - [MESSAGE][INFO] - Checking timeout

2021-11-23 09:42:53 - [MESSAGE][INFO] - Finding web element with id: 'Object Repository/Butonlar/AltButonlar' located by 'By.cssSelector: .btn-group.open li>a' in '10' second(s)

2021-11-23 09:42:53 - [MESSAGE][INFO] - Smart Wait Function is triggered

2021-11-23 09:42:53 - [MESSAGE][INFO] - Found 2 web elements with id: 'Object Repository/Butonlar/AltButonlar' located by 'By.cssSelector: .btn-group.open li>a' in '10' second(s)

2021-11-23 09:42:53 - [MESSAGE][PASSED] - Method.TextDegerineEsitElementeTikla is PASSED

2021-11-23 09:42:53 - [MESSAGE][PASSED] - Call Test Case 'Test Cases/Butonlar/AltButonaTikla' successfully

2021-11-23 09:42:53 - [MESSAGE][INFO] - Checking called Test Case

2021-11-23 09:42:53 - [MESSAGE][INFO] - Starting to call Test Case 'Test Cases/Popup/PopupMesajiIceriyorMu'

2021-11-23 09:42:53 - [TEST_CASE][PASSED] - Test Cases/Popup/PopupMesajiIceriyorMu: Test Cases/Popup/PopupMesajiIceriyorMu

2021-11-23 09:42:53 - [TEST_STEP][PASSED] - waitForElementVisible(findTestObject("Popup/Popup"), 10): Object 'Object Repository/Popup/Popup' is visible

2021-11-23 09:42:53 - [MESSAGE][INFO] - Finding Test Object 'Object Repository/Popup/Popup'

2021-11-23 09:42:54 - [MESSAGE][INFO] - Checking object

2021-11-23 09:42:54 - [MESSAGE][INFO] - Checking timeout

2021-11-23 09:42:54 - [MESSAGE][INFO] - Finding web element from Test Object's properties

2021-11-23 09:42:54 - [MESSAGE][INFO] - Checking timeout

2021-11-23 09:42:54 - [MESSAGE][INFO] - Finding web element with id: 'Object Repository/Popup/Popup' located by 'By.cssSelector: .bootbox-body' in '10' second(s)

2021-11-23 09:42:54 - [MESSAGE][INFO] - Smart Wait Function is triggered

2021-11-23 09:42:54 - [MESSAGE][INFO] - Found 1 web elements with id: 'Object Repository/Popup/Popup' located by 'By.cssSelector: .bootbox-body' in '10' second(s)

2021-11-23 09:42:54 - [MESSAGE][PASSED] - Object 'Object Repository/Popup/Popup' is visible

2021-11-23 09:42:54 - [TEST_STEP][PASSED] - if (!(getText(findTestObject("Popup/Popup")).contains(Mesaj))): Text of object 'Object Repository/Popup/Popup' is: 'Lütfen rapor bildiriminin gönderileceği e-posta adresini belirtiniz.
e-Posta Adresi'

2021-11-23 09:42:54 - [MESSAGE][INFO] - Finding Test Object 'Object Repository/Popup/Popup'

2021-11-23 09:42:54 - [MESSAGE][INFO] - Checking object

2021-11-23 09:42:54 - [MESSAGE][INFO] - Finding web element from Test Object's properties

2021-11-23 09:42:54 - [MESSAGE][INFO] - Checking timeout

2021-11-23 09:42:54 - [MESSAGE][INFO] - Finding web element with id: 'Object Repository/Popup/Popup' located by 'By.cssSelector: .bootbox-body' in '30' second(s)

2021-11-23 09:42:54 - [MESSAGE][INFO] - Smart Wait Function is triggered

2021-11-23 09:42:54 - [MESSAGE][INFO] - Found 1 web elements with id: 'Object Repository/Popup/Popup' located by 'By.cssSelector: .bootbox-body' in '30' second(s)

2021-11-23 09:42:54 - [MESSAGE][INFO] - Getting text of object 'Object Repository/Popup/Popup'

2021-11-23 09:42:54 - [MESSAGE][PASSED] - Text of object 'Object Repository/Popup/Popup' is: 'Lütfen rapor bildiriminin gönderileceği e-posta adresini belirtiniz.
e-Posta Adresi'

2021-11-23 09:42:54 - [TEST_STEP][PASSED] - RaporNo = getText(findTestObject("Popup/Popup")).substring(0, 6): Text of object 'Object Repository/Popup/Popup' is: 'Lütfen rapor bildiriminin gönderileceği e-posta adresini belirtiniz.
e-Posta Adresi'

2021-11-23 09:42:54 - [MESSAGE][INFO] - Finding Test Object 'Object Repository/Popup/Popup'

2021-11-23 09:42:54 - [MESSAGE][INFO] - Checking object

2021-11-23 09:42:54 - [MESSAGE][INFO] - Finding web element from Test Object's properties

2021-11-23 09:42:54 - [MESSAGE][INFO] - Checking timeout

2021-11-23 09:42:54 - [MESSAGE][INFO] - Finding web element with id: 'Object Repository/Popup/Popup' located by 'By.cssSelector: .bootbox-body' in '30' second(s)

2021-11-23 09:42:54 - [MESSAGE][INFO] - Smart Wait Function is triggered

2021-11-23 09:42:55 - [MESSAGE][INFO] - Found 1 web elements with id: 'Object Repository/Popup/Popup' located by 'By.cssSelector: .bootbox-body' in '30' second(s)

2021-11-23 09:42:55 - [MESSAGE][INFO] - Getting text of object 'Object Repository/Popup/Popup'

2021-11-23 09:42:55 - [MESSAGE][PASSED] - Text of object 'Object Repository/Popup/Popup' is: 'Lütfen rapor bildiriminin gönderileceği e-posta adresini belirtiniz.
e-Posta Adresi'

2021-11-23 09:42:55 - [TEST_STEP][PASSED] - Console.println(RaporNo): null

2021-11-23 09:42:55 - [MESSAGE][PASSED] - Call Test Case 'Test Cases/Popup/PopupMesajiIceriyorMu' successfully

2021-11-23 09:42:55 - [MESSAGE][INFO] - Checking called Test Case

2021-11-23 09:42:55 - [MESSAGE][INFO] - Starting to call Test Case 'Test Cases/Popup/PopupaEmailEklenir'

2021-11-23 09:42:55 - [TEST_CASE][PASSED] - Test Cases/Popup/PopupaEmailEklenir: Test Cases/Popup/PopupaEmailEklenir

2021-11-23 09:42:55 - [TEST_STEP][PASSED] - clearText(findTestObject("Popup/EmailText")): Text of object 'Object Repository/Popup/EmailText' is cleared

2021-11-23 09:42:55 - [MESSAGE][INFO] - Finding Test Object 'Object Repository/Popup/EmailText'

2021-11-23 09:42:56 - [MESSAGE][INFO] - Checking object

2021-11-23 09:42:56 - [MESSAGE][INFO] - Finding web element from Test Object's properties

2021-11-23 09:42:56 - [MESSAGE][INFO] - Checking timeout

2021-11-23 09:42:56 - [MESSAGE][INFO] - Finding web element with id: 'Object Repository/Popup/EmailText' located by 'By.xpath: //*[@id="eMails"]' in '30' second(s)

2021-11-23 09:42:56 - [MESSAGE][INFO] - Smart Wait Function is triggered

2021-11-23 09:42:56 - [MESSAGE][INFO] - Found 1 web elements with id: 'Object Repository/Popup/EmailText' located by 'By.xpath: //*[@id="eMails"]' in '30' second(s)

2021-11-23 09:42:56 - [MESSAGE][INFO] - Clearing text of object 'Object Repository/Popup/EmailText'

2021-11-23 09:42:56 - [MESSAGE][PASSED] - Text of object 'Object Repository/Popup/EmailText' is cleared

2021-11-23 09:42:56 - [TEST_STEP][PASSED] - sendKeys(findTestObject("Popup/EmailText"), Email): Keys 'elogotest@gmail.com;ali.kara@logo.com.tr' sent to object: 'Object Repository/Popup/EmailText'

2021-11-23 09:42:56 - [MESSAGE][INFO] - Finding Test Object 'Object Repository/Popup/EmailText'

2021-11-23 09:42:56 - [MESSAGE][INFO] - Sending keys 'elogotest@gmail.com;ali.kara@logo.com.tr' to object: 'Object Repository/Popup/EmailText'

2021-11-23 09:42:56 - [MESSAGE][INFO] - Finding web element from Test Object's properties

2021-11-23 09:42:56 - [MESSAGE][INFO] - Checking timeout

2021-11-23 09:42:56 - [MESSAGE][INFO] - Finding web element with id: 'Object Repository/Popup/EmailText' located by 'By.xpath: //*[@id="eMails"]' in '30' second(s)

2021-11-23 09:42:56 - [MESSAGE][INFO] - Smart Wait Function is triggered

2021-11-23 09:42:56 - [MESSAGE][INFO] - Found 1 web elements with id: 'Object Repository/Popup/EmailText' located by 'By.xpath: //*[@id="eMails"]' in '30' second(s)

2021-11-23 09:42:56 - [MESSAGE][PASSED] - Keys 'elogotest@gmail.com;ali.kara@logo.com.tr' sent to object: 'Object Repository/Popup/EmailText'

2021-11-23 09:42:56 - [MESSAGE][PASSED] - Call Test Case 'Test Cases/Popup/PopupaEmailEklenir' successfully

2021-11-23 09:42:56 - [MESSAGE][INFO] - Checking called Test Case

2021-11-23 09:42:56 - [MESSAGE][INFO] - Starting to call Test Case 'Test Cases/Popup/PopupButonSecilir'

2021-11-23 09:42:56 - [TEST_CASE][PASSED] - Test Cases/Popup/PopupButonSecilir: Test Cases/Popup/PopupButonSecilir

2021-11-23 09:42:57 - [TEST_STEP][PASSED] - Method.TextDegerineEsitElementeTikla(findTestObject("Popup/Popup_Butons"), Buton): Method.TextDegerineEsitElementeTikla is PASSED

2021-11-23 09:42:57 - [MESSAGE][INFO] - Finding Test Object 'Object Repository/Popup/Popup_Butons'

2021-11-23 09:42:57 - [MESSAGE][INFO] - Checking timeout

2021-11-23 09:42:57 - [MESSAGE][INFO] - Finding web element with id: 'Object Repository/Popup/Popup_Butons' located by 'By.cssSelector: .modal-footer>button' in '10' second(s)

2021-11-23 09:42:57 - [MESSAGE][INFO] - Smart Wait Function is triggered

2021-11-23 09:42:57 - [MESSAGE][INFO] - Found 2 web elements with id: 'Object Repository/Popup/Popup_Butons' located by 'By.cssSelector: .modal-footer>button' in '10' second(s)

2021-11-23 09:42:57 - [MESSAGE][PASSED] - Method.TextDegerineEsitElementeTikla is PASSED

2021-11-23 09:42:57 - [MESSAGE][PASSED] - Call Test Case 'Test Cases/Popup/PopupButonSecilir' successfully

2021-11-23 09:42:57 - [MESSAGE][INFO] - Checking called Test Case

2021-11-23 09:42:57 - [MESSAGE][INFO] - Starting to call Test Case 'Test Cases/Popup/PopupMesajiIceriyorMu'

2021-11-23 09:42:57 - [TEST_CASE][PASSED] - Test Cases/Popup/PopupMesajiIceriyorMu: Test Cases/Popup/PopupMesajiIceriyorMu

2021-11-23 09:42:57 - [TEST_STEP][PASSED] - waitForElementVisible(findTestObject("Popup/Popup"), 10): Object 'Object Repository/Popup/Popup' is visible

2021-11-23 09:42:57 - [MESSAGE][INFO] - Finding Test Object 'Object Repository/Popup/Popup'

2021-11-23 09:42:57 - [MESSAGE][INFO] - Checking object

2021-11-23 09:42:57 - [MESSAGE][INFO] - Checking timeout

2021-11-23 09:42:57 - [MESSAGE][INFO] - Finding web element from Test Object's properties

2021-11-23 09:42:57 - [MESSAGE][INFO] - Checking timeout

2021-11-23 09:42:57 - [MESSAGE][INFO] - Finding web element with id: 'Object Repository/Popup/Popup' located by 'By.cssSelector: .bootbox-body' in '10' second(s)

2021-11-23 09:42:57 - [MESSAGE][INFO] - Smart Wait Function is triggered

2021-11-23 09:42:58 - [MESSAGE][INFO] - Found 1 web elements with id: 'Object Repository/Popup/Popup' located by 'By.cssSelector: .bootbox-body' in '10' second(s)

2021-11-23 09:42:58 - [MESSAGE][PASSED] - Object 'Object Repository/Popup/Popup' is visible

2021-11-23 09:42:58 - [TEST_STEP][PASSED] - if (!(getText(findTestObject("Popup/Popup")).contains(Mesaj))): Text of object 'Object Repository/Popup/Popup' is: '17591 no’lu talebiniz işleme alınmıştır. Raporunuz hazırlandığında (elogotest@gmail.com;ali.kara@logo.com.tr) adresinize mail gönderilecektir.
Rapor durumunuzu Raporlar > Toplu Veri İndirme ekranından takip edebilir, hazırlandı durumundaki raporlarınızı ilgili menüden indirebilirsiniz.'

2021-11-23 09:42:58 - [MESSAGE][INFO] - Finding Test Object 'Object Repository/Popup/Popup'

2021-11-23 09:42:58 - [MESSAGE][INFO] - Checking object

2021-11-23 09:42:58 - [MESSAGE][INFO] - Finding web element from Test Object's properties

2021-11-23 09:42:58 - [MESSAGE][INFO] - Checking timeout

2021-11-23 09:42:58 - [MESSAGE][INFO] - Finding web element with id: 'Object Repository/Popup/Popup' located by 'By.cssSelector: .bootbox-body' in '30' second(s)

2021-11-23 09:42:58 - [MESSAGE][INFO] - Smart Wait Function is triggered

2021-11-23 09:42:58 - [MESSAGE][INFO] - Found 1 web elements with id: 'Object Repository/Popup/Popup' located by 'By.cssSelector: .bootbox-body' in '30' second(s)

2021-11-23 09:42:58 - [MESSAGE][INFO] - Getting text of object 'Object Repository/Popup/Popup'

2021-11-23 09:42:58 - [MESSAGE][PASSED] - Text of object 'Object Repository/Popup/Popup' is: '17591 no’lu talebiniz işleme alınmıştır. Raporunuz hazırlandığında (elogotest@gmail.com;ali.kara@logo.com.tr) adresinize mail gönderilecektir.
Rapor durumunuzu Raporlar > Toplu Veri İndirme ekranından takip edebilir, hazırlandı durumundaki raporlarınızı ilgili menüden indirebilirsiniz.'

2021-11-23 09:42:58 - [TEST_STEP][PASSED] - RaporNo = getText(findTestObject("Popup/Popup")).substring(0, 6): Text of object 'Object Repository/Popup/Popup' is: '17591 no’lu talebiniz işleme alınmıştır. Raporunuz hazırlandığında (elogotest@gmail.com;ali.kara@logo.com.tr) adresinize mail gönderilecektir.
Rapor durumunuzu Raporlar > Toplu Veri İndirme ekranından takip edebilir, hazırlandı durumundaki raporlarınızı ilgili menüden indirebilirsiniz.'

2021-11-23 09:42:58 - [MESSAGE][INFO] - Finding Test Object 'Object Repository/Popup/Popup'

2021-11-23 09:42:58 - [MESSAGE][INFO] - Checking object

2021-11-23 09:42:58 - [MESSAGE][INFO] - Finding web element from Test Object's properties

2021-11-23 09:42:58 - [MESSAGE][INFO] - Checking timeout

2021-11-23 09:42:58 - [MESSAGE][INFO] - Finding web element with id: 'Object Repository/Popup/Popup' located by 'By.cssSelector: .bootbox-body' in '30' second(s)

2021-11-23 09:42:58 - [MESSAGE][INFO] - Smart Wait Function is triggered

2021-11-23 09:42:59 - [MESSAGE][INFO] - Found 1 web elements with id: 'Object Repository/Popup/Popup' located by 'By.cssSelector: .bootbox-body' in '30' second(s)

2021-11-23 09:42:59 - [MESSAGE][INFO] - Getting text of object 'Object Repository/Popup/Popup'

2021-11-23 09:42:59 - [MESSAGE][PASSED] - Text of object 'Object Repository/Popup/Popup' is: '17591 no’lu talebiniz işleme alınmıştır. Raporunuz hazırlandığında (elogotest@gmail.com;ali.kara@logo.com.tr) adresinize mail gönderilecektir.
Rapor durumunuzu Raporlar > Toplu Veri İndirme ekranından takip edebilir, hazırlandı durumundaki raporlarınızı ilgili menüden indirebilirsiniz.'

2021-11-23 09:42:59 - [TEST_STEP][PASSED] - Console.println(RaporNo): null

2021-11-23 09:42:59 - [MESSAGE][PASSED] - Call Test Case 'Test Cases/Popup/PopupMesajiIceriyorMu' successfully

2021-11-23 09:42:59 - [MESSAGE][INFO] - Checking called Test Case

2021-11-23 09:42:59 - [MESSAGE][INFO] - Starting to call Test Case 'Test Cases/Popup/PopupButonSecilir'

2021-11-23 09:42:59 - [TEST_CASE][PASSED] - Test Cases/Popup/PopupButonSecilir: Test Cases/Popup/PopupButonSecilir

2021-11-23 09:42:59 - [TEST_STEP][PASSED] - Method.TextDegerineEsitElementeTikla(findTestObject("Popup/Popup_Butons"), Buton): Method.TextDegerineEsitElementeTikla is PASSED

2021-11-23 09:42:59 - [MESSAGE][INFO] - Finding Test Object 'Object Repository/Popup/Popup_Butons'

2021-11-23 09:42:59 - [MESSAGE][INFO] - Checking timeout

2021-11-23 09:42:59 - [MESSAGE][INFO] - Finding web element with id: 'Object Repository/Popup/Popup_Butons' located by 'By.cssSelector: .modal-footer>button' in '10' second(s)

2021-11-23 09:42:59 - [MESSAGE][INFO] - Smart Wait Function is triggered

2021-11-23 09:42:59 - [MESSAGE][INFO] - Found 1 web elements with id: 'Object Repository/Popup/Popup_Butons' located by 'By.cssSelector: .modal-footer>button' in '10' second(s)

2021-11-23 09:42:59 - [MESSAGE][PASSED] - Method.TextDegerineEsitElementeTikla is PASSED

2021-11-23 09:42:59 - [MESSAGE][PASSED] - Call Test Case 'Test Cases/Popup/PopupButonSecilir' successfully

2021-11-23 09:42:59 - [MESSAGE][INFO] - Checking called Test Case

2021-11-23 09:42:59 - [MESSAGE][INFO] - Starting to call Test Case 'Test Cases/Butonlar/ButonaTikla'

2021-11-23 09:42:59 - [TEST_CASE][PASSED] - Test Cases/Butonlar/ButonaTikla: Test Cases/Butonlar/ButonaTikla

2021-11-23 09:42:59 - [TEST_STEP][PASSED] - Method.TextDegerineEsitElementeTiklaEquals(findTestObject("Butonlar/Butonlar"), Buton_Adi): Method.TextDegerineEsitElementeTiklaEquals is PASSED

2021-11-23 09:42:59 - [MESSAGE][INFO] - Finding Test Object 'Object Repository/Butonlar/Butonlar'

2021-11-23 09:43:00 - [MESSAGE][INFO] - Checking timeout

2021-11-23 09:43:00 - [MESSAGE][INFO] - Finding web element with id: 'Object Repository/Butonlar/Butonlar' located by 'By.cssSelector: .panel.panel-default.text-center.footerPanel .btn,.btn.btn-primary.btnControls' in '10' second(s)

2021-11-23 09:43:00 - [MESSAGE][INFO] - Smart Wait Function is triggered

2021-11-23 09:43:00 - [MESSAGE][INFO] - Found 5 web elements with id: 'Object Repository/Butonlar/Butonlar' located by 'By.cssSelector: .panel.panel-default.text-center.footerPanel .btn,.btn.btn-primary.btnControls' in '10' second(s)

2021-11-23 09:43:00 - [MESSAGE][PASSED] - Method.TextDegerineEsitElementeTiklaEquals is PASSED

2021-11-23 09:43:00 - [MESSAGE][PASSED] - Call Test Case 'Test Cases/Butonlar/ButonaTikla' successfully

2021-11-23 09:43:00 - [MESSAGE][INFO] - Checking called Test Case

2021-11-23 09:43:00 - [MESSAGE][INFO] - Starting to call Test Case 'Test Cases/Butonlar/AltButonaTikla'

2021-11-23 09:43:00 - [TEST_CASE][PASSED] - Test Cases/Butonlar/AltButonaTikla: Test Cases/Butonlar/AltButonaTikla

2021-11-23 09:43:00 - [TEST_STEP][PASSED] - Method.TextDegerineEsitElementeTikla(findTestObject("Butonlar/AltButonlar"), Alt_Buton): Method.TextDegerineEsitElementeTikla is PASSED

2021-11-23 09:43:00 - [MESSAGE][INFO] - Finding Test Object 'Object Repository/Butonlar/AltButonlar'

2021-11-23 09:43:00 - [MESSAGE][INFO] - Checking timeout

2021-11-23 09:43:00 - [MESSAGE][INFO] - Finding web element with id: 'Object Repository/Butonlar/AltButonlar' located by 'By.cssSelector: .btn-group.open li>a' in '10' second(s)

2021-11-23 09:43:00 - [MESSAGE][INFO] - Smart Wait Function is triggered

2021-11-23 09:43:01 - [MESSAGE][INFO] - Found 2 web elements with id: 'Object Repository/Butonlar/AltButonlar' located by 'By.cssSelector: .btn-group.open li>a' in '10' second(s)

2021-11-23 09:43:01 - [MESSAGE][PASSED] - Method.TextDegerineEsitElementeTikla is PASSED

2021-11-23 09:43:01 - [MESSAGE][PASSED] - Call Test Case 'Test Cases/Butonlar/AltButonaTikla' successfully

2021-11-23 09:43:01 - [MESSAGE][INFO] - Checking called Test Case

2021-11-23 09:43:01 - [MESSAGE][INFO] - Starting to call Test Case 'Test Cases/Popup/PopupMesajiIceriyorMu'

2021-11-23 09:43:01 - [TEST_CASE][PASSED] - Test Cases/Popup/PopupMesajiIceriyorMu: Test Cases/Popup/PopupMesajiIceriyorMu

2021-11-23 09:43:01 - [TEST_STEP][PASSED] - waitForElementVisible(findTestObject("Popup/Popup"), 10): Object 'Object Repository/Popup/Popup' is visible

2021-11-23 09:43:01 - [MESSAGE][INFO] - Finding Test Object 'Object Repository/Popup/Popup'

2021-11-23 09:43:01 - [MESSAGE][INFO] - Checking object

2021-11-23 09:43:01 - [MESSAGE][INFO] - Checking timeout

2021-11-23 09:43:01 - [MESSAGE][INFO] - Finding web element from Test Object's properties

2021-11-23 09:43:01 - [MESSAGE][INFO] - Checking timeout

2021-11-23 09:43:01 - [MESSAGE][INFO] - Finding web element with id: 'Object Repository/Popup/Popup' located by 'By.cssSelector: .bootbox-body' in '10' second(s)

2021-11-23 09:43:01 - [MESSAGE][INFO] - Smart Wait Function is triggered

2021-11-23 09:43:01 - [MESSAGE][INFO] - Found 1 web elements with id: 'Object Repository/Popup/Popup' located by 'By.cssSelector: .bootbox-body' in '10' second(s)

2021-11-23 09:43:01 - [MESSAGE][PASSED] - Object 'Object Repository/Popup/Popup' is visible

2021-11-23 09:43:01 - [TEST_STEP][PASSED] - if (!(getText(findTestObject("Popup/Popup")).contains(Mesaj))): Text of object 'Object Repository/Popup/Popup' is: 'Lütfen rapor bildiriminin gönderileceği e-posta adresini belirtiniz.
e-Posta Adresi'

2021-11-23 09:43:01 - [MESSAGE][INFO] - Finding Test Object 'Object Repository/Popup/Popup'

2021-11-23 09:43:01 - [MESSAGE][INFO] - Checking object

2021-11-23 09:43:01 - [MESSAGE][INFO] - Finding web element from Test Object's properties

2021-11-23 09:43:01 - [MESSAGE][INFO] - Checking timeout

2021-11-23 09:43:01 - [MESSAGE][INFO] - Finding web element with id: 'Object Repository/Popup/Popup' located by 'By.cssSelector: .bootbox-body' in '30' second(s)

2021-11-23 09:43:01 - [MESSAGE][INFO] - Smart Wait Function is triggered

2021-11-23 09:43:02 - [MESSAGE][INFO] - Found 1 web elements with id: 'Object Repository/Popup/Popup' located by 'By.cssSelector: .bootbox-body' in '30' second(s)

2021-11-23 09:43:02 - [MESSAGE][INFO] - Getting text of object 'Object Repository/Popup/Popup'

2021-11-23 09:43:02 - [MESSAGE][PASSED] - Text of object 'Object Repository/Popup/Popup' is: 'Lütfen rapor bildiriminin gönderileceği e-posta adresini belirtiniz.
e-Posta Adresi'

2021-11-23 09:43:02 - [TEST_STEP][PASSED] - RaporNo = getText(findTestObject("Popup/Popup")).substring(0, 6): Text of object 'Object Repository/Popup/Popup' is: 'Lütfen rapor bildiriminin gönderileceği e-posta adresini belirtiniz.
e-Posta Adresi'

2021-11-23 09:43:02 - [MESSAGE][INFO] - Finding Test Object 'Object Repository/Popup/Popup'

2021-11-23 09:43:02 - [MESSAGE][INFO] - Checking object

2021-11-23 09:43:02 - [MESSAGE][INFO] - Finding web element from Test Object's properties

2021-11-23 09:43:02 - [MESSAGE][INFO] - Checking timeout

2021-11-23 09:43:02 - [MESSAGE][INFO] - Finding web element with id: 'Object Repository/Popup/Popup' located by 'By.cssSelector: .bootbox-body' in '30' second(s)

2021-11-23 09:43:02 - [MESSAGE][INFO] - Smart Wait Function is triggered

2021-11-23 09:43:02 - [MESSAGE][INFO] - Found 1 web elements with id: 'Object Repository/Popup/Popup' located by 'By.cssSelector: .bootbox-body' in '30' second(s)

2021-11-23 09:43:02 - [MESSAGE][INFO] - Getting text of object 'Object Repository/Popup/Popup'

2021-11-23 09:43:02 - [MESSAGE][PASSED] - Text of object 'Object Repository/Popup/Popup' is: 'Lütfen rapor bildiriminin gönderileceği e-posta adresini belirtiniz.
e-Posta Adresi'

2021-11-23 09:43:02 - [TEST_STEP][PASSED] - Console.println(RaporNo): null

2021-11-23 09:43:02 - [MESSAGE][PASSED] - Call Test Case 'Test Cases/Popup/PopupMesajiIceriyorMu' successfully

2021-11-23 09:43:02 - [MESSAGE][INFO] - Checking called Test Case

2021-11-23 09:43:02 - [MESSAGE][INFO] - Starting to call Test Case 'Test Cases/Popup/PopupaEmailEklenir'

2021-11-23 09:43:02 - [TEST_CASE][PASSED] - Test Cases/Popup/PopupaEmailEklenir: Test Cases/Popup/PopupaEmailEklenir

2021-11-23 09:43:02 - [TEST_STEP][PASSED] - clearText(findTestObject("Popup/EmailText")): Text of object 'Object Repository/Popup/EmailText' is cleared

2021-11-23 09:43:02 - [MESSAGE][INFO] - Finding Test Object 'Object Repository/Popup/EmailText'

2021-11-23 09:43:02 - [MESSAGE][INFO] - Checking object

2021-11-23 09:43:02 - [MESSAGE][INFO] - Finding web element from Test Object's properties

2021-11-23 09:43:02 - [MESSAGE][INFO] - Checking timeout

2021-11-23 09:43:02 - [MESSAGE][INFO] - Finding web element with id: 'Object Repository/Popup/EmailText' located by 'By.xpath: //*[@id="eMails"]' in '30' second(s)

2021-11-23 09:43:02 - [MESSAGE][INFO] - Smart Wait Function is triggered

2021-11-23 09:43:02 - [MESSAGE][INFO] - Found 1 web elements with id: 'Object Repository/Popup/EmailText' located by 'By.xpath: //*[@id="eMails"]' in '30' second(s)

2021-11-23 09:43:02 - [MESSAGE][INFO] - Clearing text of object 'Object Repository/Popup/EmailText'

2021-11-23 09:43:02 - [MESSAGE][PASSED] - Text of object 'Object Repository/Popup/EmailText' is cleared

2021-11-23 09:43:02 - [TEST_STEP][PASSED] - sendKeys(findTestObject("Popup/EmailText"), Email): Keys 'elogotest@gmail.com;ali.kara@logo.com.tr' sent to object: 'Object Repository/Popup/EmailText'

2021-11-23 09:43:02 - [MESSAGE][INFO] - Finding Test Object 'Object Repository/Popup/EmailText'

2021-11-23 09:43:03 - [MESSAGE][INFO] - Sending keys 'elogotest@gmail.com;ali.kara@logo.com.tr' to object: 'Object Repository/Popup/EmailText'

2021-11-23 09:43:03 - [MESSAGE][INFO] - Finding web element from Test Object's properties

2021-11-23 09:43:03 - [MESSAGE][INFO] - Checking timeout

2021-11-23 09:43:03 - [MESSAGE][INFO] - Finding web element with id: 'Object Repository/Popup/EmailText' located by 'By.xpath: //*[@id="eMails"]' in '30' second(s)

2021-11-23 09:43:03 - [MESSAGE][INFO] - Smart Wait Function is triggered

2021-11-23 09:43:03 - [MESSAGE][INFO] - Found 1 web elements with id: 'Object Repository/Popup/EmailText' located by 'By.xpath: //*[@id="eMails"]' in '30' second(s)

2021-11-23 09:43:03 - [MESSAGE][PASSED] - Keys 'elogotest@gmail.com;ali.kara@logo.com.tr' sent to object: 'Object Repository/Popup/EmailText'

2021-11-23 09:43:03 - [MESSAGE][PASSED] - Call Test Case 'Test Cases/Popup/PopupaEmailEklenir' successfully

2021-11-23 09:43:03 - [MESSAGE][INFO] - Checking called Test Case

2021-11-23 09:43:03 - [MESSAGE][INFO] - Starting to call Test Case 'Test Cases/Popup/PopupButonSecilir'

2021-11-23 09:43:03 - [TEST_CASE][PASSED] - Test Cases/Popup/PopupButonSecilir: Test Cases/Popup/PopupButonSecilir

2021-11-23 09:43:03 - [TEST_STEP][PASSED] - Method.TextDegerineEsitElementeTikla(findTestObject("Popup/Popup_Butons"), Buton): Method.TextDegerineEsitElementeTikla is PASSED

2021-11-23 09:43:03 - [MESSAGE][INFO] - Finding Test Object 'Object Repository/Popup/Popup_Butons'

2021-11-23 09:43:03 - [MESSAGE][INFO] - Checking timeout

2021-11-23 09:43:03 - [MESSAGE][INFO] - Finding web element with id: 'Object Repository/Popup/Popup_Butons' located by 'By.cssSelector: .modal-footer>button' in '10' second(s)

2021-11-23 09:43:03 - [MESSAGE][INFO] - Smart Wait Function is triggered

2021-11-23 09:43:03 - [MESSAGE][INFO] - Found 2 web elements with id: 'Object Repository/Popup/Popup_Butons' located by 'By.cssSelector: .modal-footer>button' in '10' second(s)

2021-11-23 09:43:03 - [MESSAGE][PASSED] - Method.TextDegerineEsitElementeTikla is PASSED

2021-11-23 09:43:03 - [MESSAGE][PASSED] - Call Test Case 'Test Cases/Popup/PopupButonSecilir' successfully

2021-11-23 09:43:03 - [MESSAGE][INFO] - Checking called Test Case

2021-11-23 09:43:03 - [MESSAGE][INFO] - Starting to call Test Case 'Test Cases/Popup/PopupMesajiIceriyorMu'

2021-11-23 09:43:03 - [TEST_CASE][PASSED] - Test Cases/Popup/PopupMesajiIceriyorMu: Test Cases/Popup/PopupMesajiIceriyorMu

2021-11-23 09:43:03 - [TEST_STEP][PASSED] - waitForElementVisible(findTestObject("Popup/Popup"), 10): Object 'Object Repository/Popup/Popup' is visible

2021-11-23 09:43:03 - [MESSAGE][INFO] - Finding Test Object 'Object Repository/Popup/Popup'

2021-11-23 09:43:04 - [MESSAGE][INFO] - Checking object

2021-11-23 09:43:04 - [MESSAGE][INFO] - Checking timeout

2021-11-23 09:43:04 - [MESSAGE][INFO] - Finding web element from Test Object's properties

2021-11-23 09:43:04 - [MESSAGE][INFO] - Checking timeout

2021-11-23 09:43:04 - [MESSAGE][INFO] - Finding web element with id: 'Object Repository/Popup/Popup' located by 'By.cssSelector: .bootbox-body' in '10' second(s)

2021-11-23 09:43:04 - [MESSAGE][INFO] - Smart Wait Function is triggered

2021-11-23 09:43:04 - [MESSAGE][INFO] - Found 1 web elements with id: 'Object Repository/Popup/Popup' located by 'By.cssSelector: .bootbox-body' in '10' second(s)

2021-11-23 09:43:04 - [MESSAGE][PASSED] - Object 'Object Repository/Popup/Popup' is visible

2021-11-23 09:43:04 - [TEST_STEP][PASSED] - if (!(getText(findTestObject("Popup/Popup")).contains(Mesaj))): Text of object 'Object Repository/Popup/Popup' is: '17592 no’lu talebiniz işleme alınmıştır. Raporunuz hazırlandığında (elogotest@gmail.com;ali.kara@logo.com.tr) adresinize mail gönderilecektir.
Rapor durumunuzu Raporlar > Toplu Veri İndirme ekranından takip edebilir, hazırlandı durumundaki raporlarınızı ilgili menüden indirebilirsiniz.'

2021-11-23 09:43:04 - [MESSAGE][INFO] - Finding Test Object 'Object Repository/Popup/Popup'

2021-11-23 09:43:04 - [MESSAGE][INFO] - Checking object

2021-11-23 09:43:04 - [MESSAGE][INFO] - Finding web element from Test Object's properties

2021-11-23 09:43:04 - [MESSAGE][INFO] - Checking timeout

2021-11-23 09:43:04 - [MESSAGE][INFO] - Finding web element with id: 'Object Repository/Popup/Popup' located by 'By.cssSelector: .bootbox-body' in '30' second(s)

2021-11-23 09:43:04 - [MESSAGE][INFO] - Smart Wait Function is triggered

2021-11-23 09:43:04 - [MESSAGE][INFO] - Found 1 web elements with id: 'Object Repository/Popup/Popup' located by 'By.cssSelector: .bootbox-body' in '30' second(s)

2021-11-23 09:43:04 - [MESSAGE][INFO] - Getting text of object 'Object Repository/Popup/Popup'

2021-11-23 09:43:04 - [MESSAGE][PASSED] - Text of object 'Object Repository/Popup/Popup' is: '17592 no’lu talebiniz işleme alınmıştır. Raporunuz hazırlandığında (elogotest@gmail.com;ali.kara@logo.com.tr) adresinize mail gönderilecektir.
Rapor durumunuzu Raporlar > Toplu Veri İndirme ekranından takip edebilir, hazırlandı durumundaki raporlarınızı ilgili menüden indirebilirsiniz.'

2021-11-23 09:43:04 - [TEST_STEP][PASSED] - RaporNo = getText(findTestObject("Popup/Popup")).substring(0, 6): Text of object 'Object Repository/Popup/Popup' is: '17592 no’lu talebiniz işleme alınmıştır. Raporunuz hazırlandığında (elogotest@gmail.com;ali.kara@logo.com.tr) adresinize mail gönderilecektir.
Rapor durumunuzu Raporlar > Toplu Veri İndirme ekranından takip edebilir, hazırlandı durumundaki raporlarınızı ilgili menüden indirebilirsiniz.'

2021-11-23 09:43:04 - [MESSAGE][INFO] - Finding Test Object 'Object Repository/Popup/Popup'

2021-11-23 09:43:05 - [MESSAGE][INFO] - Checking object

2021-11-23 09:43:05 - [MESSAGE][INFO] - Finding web element from Test Object's properties

2021-11-23 09:43:05 - [MESSAGE][INFO] - Checking timeout

2021-11-23 09:43:05 - [MESSAGE][INFO] - Finding web element with id: 'Object Repository/Popup/Popup' located by 'By.cssSelector: .bootbox-body' in '30' second(s)

2021-11-23 09:43:05 - [MESSAGE][INFO] - Smart Wait Function is triggered

2021-11-23 09:43:05 - [MESSAGE][INFO] - Found 1 web elements with id: 'Object Repository/Popup/Popup' located by 'By.cssSelector: .bootbox-body' in '30' second(s)

2021-11-23 09:43:05 - [MESSAGE][INFO] - Getting text of object 'Object Repository/Popup/Popup'

2021-11-23 09:43:05 - [MESSAGE][PASSED] - Text of object 'Object Repository/Popup/Popup' is: '17592 no’lu talebiniz işleme alınmıştır. Raporunuz hazırlandığında (elogotest@gmail.com;ali.kara@logo.com.tr) adresinize mail gönderilecektir.
Rapor durumunuzu Raporlar > Toplu Veri İndirme ekranından takip edebilir, hazırlandı durumundaki raporlarınızı ilgili menüden indirebilirsiniz.'

2021-11-23 09:43:05 - [TEST_STEP][PASSED] - Console.println(RaporNo): null

2021-11-23 09:43:05 - [MESSAGE][PASSED] - Call Test Case 'Test Cases/Popup/PopupMesajiIceriyorMu' successfully

2021-11-23 09:43:05 - [MESSAGE][INFO] - Checking called Test Case

2021-11-23 09:43:05 - [MESSAGE][INFO] - Starting to call Test Case 'Test Cases/Popup/PopupButonSecilir'

2021-11-23 09:43:05 - [TEST_CASE][PASSED] - Test Cases/Popup/PopupButonSecilir: Test Cases/Popup/PopupButonSecilir

2021-11-23 09:43:05 - [TEST_STEP][PASSED] - Method.TextDegerineEsitElementeTikla(findTestObject("Popup/Popup_Butons"), Buton): Method.TextDegerineEsitElementeTikla is PASSED

2021-11-23 09:43:05 - [MESSAGE][INFO] - Finding Test Object 'Object Repository/Popup/Popup_Butons'

2021-11-23 09:43:05 - [MESSAGE][INFO] - Checking timeout

2021-11-23 09:43:05 - [MESSAGE][INFO] - Finding web element with id: 'Object Repository/Popup/Popup_Butons' located by 'By.cssSelector: .modal-footer>button' in '10' second(s)

2021-11-23 09:43:05 - [MESSAGE][INFO] - Smart Wait Function is triggered

2021-11-23 09:43:05 - [MESSAGE][INFO] - Found 1 web elements with id: 'Object Repository/Popup/Popup_Butons' located by 'By.cssSelector: .modal-footer>button' in '10' second(s)

2021-11-23 09:43:05 - [MESSAGE][PASSED] - Method.TextDegerineEsitElementeTikla is PASSED

2021-11-23 09:43:05 - [MESSAGE][PASSED] - Call Test Case 'Test Cases/Popup/PopupButonSecilir' successfully

2021-11-23 09:43:05 - [MESSAGE][INFO] - Checking called Test Case

2021-11-23 09:43:05 - [MESSAGE][INFO] - Starting to call Test Case 'Test Cases/Filtreler/DropdownSec'

2021-11-23 09:43:05 - [TEST_CASE][PASSED] - Test Cases/Filtreler/DropdownSec: Test Cases/Filtreler/DropdownSec

2021-11-23 09:43:06 - [TEST_STEP][PASSED] - Method.TextDegerineEsitElementinAltindakineTikla(findTestObject("Filtreler/Basliklar"), findTestObject("Filtreler/Basliga_Gore_Baslangic_Image"), Filtre_Adi): Method.TextDegerineEsitElementinAltindakineTikla is PASSED

2021-11-23 09:43:06 - [MESSAGE][INFO] - Finding Test Object 'Object Repository/Filtreler/Basliklar'

2021-11-23 09:43:06 - [MESSAGE][INFO] - Finding Test Object 'Object Repository/Filtreler/Basliga_Gore_Baslangic_Image'

2021-11-23 09:43:06 - [MESSAGE][INFO] - Checking timeout

2021-11-23 09:43:06 - [MESSAGE][INFO] - Finding web element with id: 'Object Repository/Filtreler/Basliklar' located by 'By.cssSelector: .control-label.col-sm-4.paddingMarginRLC' in '10' second(s)

2021-11-23 09:43:06 - [MESSAGE][INFO] - Smart Wait Function is triggered

2021-11-23 09:43:06 - [MESSAGE][INFO] - Found 8 web elements with id: 'Object Repository/Filtreler/Basliklar' located by 'By.cssSelector: .control-label.col-sm-4.paddingMarginRLC' in '10' second(s)

2021-11-23 09:43:07 - [MESSAGE][INFO] - Smart Wait Function is triggered

2021-11-23 09:43:07 - [MESSAGE][PASSED] - Method.TextDegerineEsitElementinAltindakineTikla is PASSED

2021-11-23 09:43:07 - [TEST_STEP][PASSED] - Method.TextDegerineEsitElementeTikla(findTestObject("Object Repository/Filtreler/Basliga_Gore_Dropdown"), Filtre_Degeri): Method.TextDegerineEsitElementeTikla is PASSED

2021-11-23 09:43:07 - [MESSAGE][INFO] - Finding Test Object 'Object Repository/Filtreler/Basliga_Gore_Dropdown'

2021-11-23 09:43:07 - [MESSAGE][INFO] - Checking timeout

2021-11-23 09:43:07 - [MESSAGE][INFO] - Finding web element with id: 'Object Repository/Filtreler/Basliga_Gore_Dropdown' located by 'By.xpath: //*[@class = 'dxeListBoxItemRow_LECustomTheme']' in '10' second(s)

2021-11-23 09:43:07 - [MESSAGE][INFO] - Smart Wait Function is triggered

2021-11-23 09:43:07 - [MESSAGE][INFO] - Found 10 web elements with id: 'Object Repository/Filtreler/Basliga_Gore_Dropdown' located by 'By.xpath: //*[@class = 'dxeListBoxItemRow_LECustomTheme']' in '10' second(s)

2021-11-23 09:43:07 - [MESSAGE][PASSED] - Method.TextDegerineEsitElementeTikla is PASSED

2021-11-23 09:43:07 - [MESSAGE][PASSED] - Call Test Case 'Test Cases/Filtreler/DropdownSec' successfully

2021-11-23 09:43:07 - [MESSAGE][INFO] - Checking called Test Case

2021-11-23 09:43:07 - [MESSAGE][INFO] - Starting to call Test Case 'Test Cases/Filtreler/ButonaTikla'

2021-11-23 09:43:07 - [TEST_CASE][PASSED] - Test Cases/Filtreler/ButonaTikla: Test Cases/Filtreler/ButonaTikla

2021-11-23 09:43:07 - [TEST_STEP][PASSED] - Method.TextDegerineEsitElementeTikla(findTestObject("Filtreler/Butonlar"), Filtre_Buton): Method.TextDegerineEsitElementeTikla is PASSED

2021-11-23 09:43:07 - [MESSAGE][INFO] - Finding Test Object 'Object Repository/Filtreler/Butonlar'

2021-11-23 09:43:07 - [MESSAGE][INFO] - Checking timeout

2021-11-23 09:43:07 - [MESSAGE][INFO] - Finding web element with id: 'Object Repository/Filtreler/Butonlar' located by 'By.cssSelector: .dxb>span' in '10' second(s)

2021-11-23 09:43:07 - [MESSAGE][INFO] - Smart Wait Function is triggered

2021-11-23 09:43:08 - [MESSAGE][INFO] - Found 3 web elements with id: 'Object Repository/Filtreler/Butonlar' located by 'By.cssSelector: .dxb>span' in '10' second(s)

2021-11-23 09:43:08 - [MESSAGE][PASSED] - Method.TextDegerineEsitElementeTikla is PASSED

2021-11-23 09:43:08 - [MESSAGE][PASSED] - Call Test Case 'Test Cases/Filtreler/ButonaTikla' successfully

2021-11-23 09:43:08 - [MESSAGE][INFO] - Checking called Test Case

2021-11-23 09:43:08 - [MESSAGE][INFO] - Starting to call Test Case 'Test Cases/Tablo/TablodaVeriVarMi'

2021-11-23 09:43:08 - [TEST_CASE][PASSED] - Test Cases/Tablo/TablodaVeriVarMi: Test Cases/Tablo/TablodaVeriVarMi

2021-11-23 09:43:08 - [TEST_STEP][PASSED] - verifyTextNotPresent("Görüntülenecek veri yok", true): Text 'Görüntülenecek veri yok' is not present on page using regular expression

2021-11-23 09:43:08 - [MESSAGE][INFO] - Checking text present  using regular expression

2021-11-23 09:43:08 - [MESSAGE][INFO] - Smart Wait Function is triggered

2021-11-23 09:43:09 - [MESSAGE][INFO] - Finding text 'Görüntülenecek veri yok' on page  using regular expression

2021-11-23 09:43:09 - [MESSAGE][PASSED] - Text 'Görüntülenecek veri yok' is not present on page using regular expression

2021-11-23 09:43:09 - [MESSAGE][PASSED] - Call Test Case 'Test Cases/Tablo/TablodaVeriVarMi' successfully

2021-11-23 09:43:09 - [MESSAGE][INFO] - Checking called Test Case

2021-11-23 09:43:09 - [MESSAGE][INFO] - Starting to call Test Case 'Test Cases/Tablo/TablonunButonunaTikla'

2021-11-23 09:43:09 - [TEST_CASE][PASSED] - Test Cases/Tablo/TablonunButonunaTikla: Test Cases/Tablo/TablonunButonunaTikla

2021-11-23 09:43:09 - [TEST_STEP][PASSED] - Method.TextDegerineEsitElementinAltindakiTextDegerineEsitOlanaTikla(findTestObject("Tablo/Veriler"), findTestObject("Tablo/VerininButonu"), Veri, Buton_Adi): Method.TextDegerineEsitElementinAltindakiTextDegerineEsitOlanaTikla is PASSED

2021-11-23 09:43:09 - [MESSAGE][INFO] - Finding Test Object 'Object Repository/Tablo/Veriler'

2021-11-23 09:43:09 - [MESSAGE][INFO] - Finding Test Object 'Object Repository/Tablo/VerininButonu'

2021-11-23 09:43:09 - [MESSAGE][INFO] - Checking timeout

2021-11-23 09:43:09 - [MESSAGE][INFO] - Finding web element with id: 'Object Repository/Tablo/Veriler' located by 'By.cssSelector: td.dxgv b ,td.dxgv' in '10' second(s)

2021-11-23 09:43:09 - [MESSAGE][INFO] - Smart Wait Function is triggered

2021-11-23 09:43:09 - [MESSAGE][INFO] - Found 110 web elements with id: 'Object Repository/Tablo/Veriler' located by 'By.cssSelector: td.dxgv b ,td.dxgv' in '10' second(s)

2021-11-23 09:43:09 - [MESSAGE][INFO] - Smart Wait Function is triggered

2021-11-23 09:43:10 - [MESSAGE][PASSED] - Method.TextDegerineEsitElementinAltindakiTextDegerineEsitOlanaTikla is PASSED

2021-11-23 09:43:10 - [MESSAGE][PASSED] - Call Test Case 'Test Cases/Tablo/TablonunButonunaTikla' successfully

2021-11-23 09:43:10 - [MESSAGE][INFO] - Checking called Test Case

2021-11-23 09:43:10 - [MESSAGE][INFO] - Starting to call Test Case 'Test Cases/Sekmeler/YeniSekmeyeGec'

2021-11-23 09:43:10 - [TEST_CASE][PASSED] - Test Cases/Sekmeler/YeniSekmeyeGec: Test Cases/Sekmeler/YeniSekmeyeGec

2021-11-23 09:43:10 - [TEST_STEP][PASSED] - switchToWindowIndex(1): Switched to window with index: '1'

2021-11-23 09:43:10 - [MESSAGE][INFO] - Checking index

2021-11-23 09:43:10 - [MESSAGE][INFO] - Switching window with index: '1'

2021-11-23 09:43:10 - [MESSAGE][PASSED] - Switched to window with index: '1'

2021-11-23 09:43:10 - [MESSAGE][PASSED] - Call Test Case 'Test Cases/Sekmeler/YeniSekmeyeGec' successfully

2021-11-23 09:43:10 - [MESSAGE][INFO] - Checking called Test Case

2021-11-23 09:43:10 - [MESSAGE][INFO] - Starting to call Test Case 'Test Cases/Tablo/TablodaVeriVarMi'

2021-11-23 09:43:10 - [TEST_CASE][PASSED] - Test Cases/Tablo/TablodaVeriVarMi: Test Cases/Tablo/TablodaVeriVarMi

2021-11-23 09:43:10 - [TEST_STEP][PASSED] - verifyTextNotPresent("Görüntülenecek veri yok", true): Text 'Görüntülenecek veri yok' is not present on page using regular expression

2021-11-23 09:43:10 - [MESSAGE][INFO] - Checking text present  using regular expression

2021-11-23 09:43:10 - [MESSAGE][INFO] - Smart Wait Function is triggered

2021-11-23 09:43:13 - [MESSAGE][INFO] - Finding text 'Görüntülenecek veri yok' on page  using regular expression

2021-11-23 09:43:13 - [MESSAGE][PASSED] - Text 'Görüntülenecek veri yok' is not present on page using regular expression

2021-11-23 09:43:13 - [MESSAGE][PASSED] - Call Test Case 'Test Cases/Tablo/TablodaVeriVarMi' successfully

2021-11-23 09:43:13 - [MESSAGE][INFO] - Checking called Test Case

2021-11-23 09:43:13 - [MESSAGE][INFO] - Starting to call Test Case 'Test Cases/Sekmeler/Ana_Sekmeye_Gec'

2021-11-23 09:43:13 - [TEST_CASE][PASSED] - Test Cases/Sekmeler/Ana_Sekmeye_Gec: Test Cases/Sekmeler/Ana_Sekmeye_Gec

2021-11-23 09:43:13 - [TEST_STEP][PASSED] - try: Window with index 1 is closed

2021-11-23 09:43:13 - [TEST_STEP][PASSED] - index = getWindowIndex(): Current window's index is: 1

2021-11-23 09:43:13 - [MESSAGE][INFO] - Getting current window's index

2021-11-23 09:43:13 - [MESSAGE][PASSED] - Current window's index is: 1

2021-11-23 09:43:13 - [TEST_STEP][PASSED] - closeWindowIndex(index): Window with index 1 is closed

2021-11-23 09:43:13 - [MESSAGE][INFO] - Checking index

2021-11-23 09:43:13 - [MESSAGE][INFO] - Closing window with index 1

2021-11-23 09:43:13 - [MESSAGE][PASSED] - Window with index 1 is closed

2021-11-23 09:43:13 - [TEST_STEP][PASSED] - switchToWindowIndex(0): Switched to window with index: '0'

2021-11-23 09:43:13 - [MESSAGE][INFO] - Checking index

2021-11-23 09:43:13 - [MESSAGE][INFO] - Switching window with index: '0'

2021-11-23 09:43:13 - [MESSAGE][PASSED] - Switched to window with index: '0'

2021-11-23 09:43:13 - [MESSAGE][PASSED] - Call Test Case 'Test Cases/Sekmeler/Ana_Sekmeye_Gec' successfully

2021-11-23 09:43:13 - [MESSAGE][INFO] - Checking called Test Case

2021-11-23 09:43:13 - [MESSAGE][INFO] - Starting to call Test Case 'Test Cases/Tablo/TablodaVeriVarMi'

2021-11-23 09:43:13 - [TEST_CASE][PASSED] - Test Cases/Tablo/TablodaVeriVarMi: Test Cases/Tablo/TablodaVeriVarMi

2021-11-23 09:43:13 - [TEST_STEP][PASSED] - verifyTextNotPresent("Görüntülenecek veri yok", true): Text 'Görüntülenecek veri yok' is not present on page using regular expression

2021-11-23 09:43:13 - [MESSAGE][INFO] - Checking text present  using regular expression

2021-11-23 09:43:13 - [MESSAGE][INFO] - Smart Wait Function is triggered

2021-11-23 09:43:13 - [MESSAGE][INFO] - Finding text 'Görüntülenecek veri yok' on page  using regular expression

2021-11-23 09:43:13 - [MESSAGE][PASSED] - Text 'Görüntülenecek veri yok' is not present on page using regular expression

2021-11-23 09:43:13 - [MESSAGE][PASSED] - Call Test Case 'Test Cases/Tablo/TablodaVeriVarMi' successfully

2021-11-23 09:43:13 - [MESSAGE][INFO] - Checking called Test Case

2021-11-23 09:43:13 - [MESSAGE][INFO] - Starting to call Test Case 'Test Cases/Tablo/TablodanVeriSec'

2021-11-23 09:43:14 - [TEST_CASE][PASSED] - Test Cases/Tablo/TablodanVeriSec: Test Cases/Tablo/TablodanVeriSec

2021-11-23 09:43:14 - [TEST_STEP][PASSED] - Method.TextDegerineEsitElementinAltindakineTikla(findTestObject("Tablo/Veriler"), findTestObject("Tablo/VerininCheckBoxi"), Veri_Adi): Method.TextDegerineEsitElementinAltindakineTikla is PASSED

2021-11-23 09:43:14 - [MESSAGE][INFO] - Finding Test Object 'Object Repository/Tablo/Veriler'

2021-11-23 09:43:14 - [MESSAGE][INFO] - Finding Test Object 'Object Repository/Tablo/VerininCheckBoxi'

2021-11-23 09:43:14 - [MESSAGE][INFO] - Checking timeout

2021-11-23 09:43:14 - [MESSAGE][INFO] - Finding web element with id: 'Object Repository/Tablo/Veriler' located by 'By.cssSelector: td.dxgv b ,td.dxgv' in '10' second(s)

2021-11-23 09:43:14 - [MESSAGE][INFO] - Smart Wait Function is triggered

2021-11-23 09:43:14 - [MESSAGE][INFO] - Found 110 web elements with id: 'Object Repository/Tablo/Veriler' located by 'By.cssSelector: td.dxgv b ,td.dxgv' in '10' second(s)

2021-11-23 09:43:14 - [MESSAGE][INFO] - Smart Wait Function is triggered

2021-11-23 09:43:14 - [MESSAGE][PASSED] - Method.TextDegerineEsitElementinAltindakineTikla is PASSED

2021-11-23 09:43:14 - [MESSAGE][PASSED] - Call Test Case 'Test Cases/Tablo/TablodanVeriSec' successfully

2021-11-23 09:43:14 - [MESSAGE][INFO] - Checking called Test Case

2021-11-23 09:43:14 - [MESSAGE][INFO] - Starting to call Test Case 'Test Cases/Butonlar/ButonaTikla'

2021-11-23 09:43:14 - [TEST_CASE][PASSED] - Test Cases/Butonlar/ButonaTikla: Test Cases/Butonlar/ButonaTikla

2021-11-23 09:43:14 - [TEST_STEP][PASSED] - Method.TextDegerineEsitElementeTiklaEquals(findTestObject("Butonlar/Butonlar"), Buton_Adi): Method.TextDegerineEsitElementeTiklaEquals is PASSED

2021-11-23 09:43:14 - [MESSAGE][INFO] - Finding Test Object 'Object Repository/Butonlar/Butonlar'

2021-11-23 09:43:14 - [MESSAGE][INFO] - Checking timeout

2021-11-23 09:43:14 - [MESSAGE][INFO] - Finding web element with id: 'Object Repository/Butonlar/Butonlar' located by 'By.cssSelector: .panel.panel-default.text-center.footerPanel .btn,.btn.btn-primary.btnControls' in '10' second(s)

2021-11-23 09:43:14 - [MESSAGE][INFO] - Smart Wait Function is triggered

2021-11-23 09:43:15 - [MESSAGE][INFO] - Found 5 web elements with id: 'Object Repository/Butonlar/Butonlar' located by 'By.cssSelector: .panel.panel-default.text-center.footerPanel .btn,.btn.btn-primary.btnControls' in '10' second(s)

2021-11-23 09:43:15 - [MESSAGE][PASSED] - Method.TextDegerineEsitElementeTiklaEquals is PASSED

2021-11-23 09:43:15 - [MESSAGE][PASSED] - Call Test Case 'Test Cases/Butonlar/ButonaTikla' successfully

2021-11-23 09:43:15 - [MESSAGE][INFO] - Checking called Test Case

2021-11-23 09:43:15 - [MESSAGE][INFO] - Starting to call Test Case 'Test Cases/Sekmeler/YeniSekmeyeGec'

2021-11-23 09:43:15 - [TEST_CASE][PASSED] - Test Cases/Sekmeler/YeniSekmeyeGec: Test Cases/Sekmeler/YeniSekmeyeGec

2021-11-23 09:43:15 - [TEST_STEP][PASSED] - switchToWindowIndex(1): Switched to window with index: '1'

2021-11-23 09:43:15 - [MESSAGE][INFO] - Checking index

2021-11-23 09:43:15 - [MESSAGE][INFO] - Switching window with index: '1'

2021-11-23 09:43:15 - [MESSAGE][PASSED] - Switched to window with index: '1'

2021-11-23 09:43:15 - [MESSAGE][PASSED] - Call Test Case 'Test Cases/Sekmeler/YeniSekmeyeGec' successfully

2021-11-23 09:43:15 - [MESSAGE][INFO] - Checking called Test Case

2021-11-23 09:43:15 - [MESSAGE][INFO] - Starting to call Test Case 'Test Cases/Sekmeler/TagGeldiMi'

2021-11-23 09:43:15 - [TEST_CASE][PASSED] - Test Cases/Sekmeler/TagGeldiMi: Test Cases/Sekmeler/TagGeldiMi

2021-11-23 09:43:15 - [TEST_STEP][PASSED] - waitForElementPresent(findTestObject("Object Repository/Sekmeler/UBLTag"), 10): Object 'Object Repository/Sekmeler/UBLTag' is present

2021-11-23 09:43:15 - [MESSAGE][INFO] - Finding Test Object 'Object Repository/Sekmeler/UBLTag'

2021-11-23 09:43:15 - [MESSAGE][INFO] - Checking object

2021-11-23 09:43:15 - [MESSAGE][INFO] - Finding web element from Test Object's properties

2021-11-23 09:43:15 - [MESSAGE][INFO] - Checking timeout

2021-11-23 09:43:15 - [MESSAGE][INFO] - Finding web element with id: 'Object Repository/Sekmeler/UBLTag' located by 'By.cssSelector: #webkit-xml-viewer-source-xml>:first-child' in '10' second(s)

2021-11-23 09:43:15 - [MESSAGE][INFO] - Smart Wait Function is triggered

2021-11-23 09:43:16 - [MESSAGE][INFO] - Found 1 web elements with id: 'Object Repository/Sekmeler/UBLTag' located by 'By.cssSelector: #webkit-xml-viewer-source-xml>:first-child' in '10' second(s)

2021-11-23 09:43:16 - [MESSAGE][PASSED] - Object 'Object Repository/Sekmeler/UBLTag' is present

2021-11-23 09:43:16 - [TEST_STEP][PASSED] - println(toLowerCase().toString()): Found 1 web elements with id: 'Object Repository/Sekmeler/UBLTag' located by 'By.cssSelector: #webkit-xml-viewer-source-xml>:first-child' in '10' second(s)

2021-11-23 09:43:16 - [MESSAGE][INFO] - Finding Test Object 'Object Repository/Sekmeler/UBLTag'

2021-11-23 09:43:17 - [MESSAGE][INFO] - Finding web element from Test Object's properties

2021-11-23 09:43:17 - [MESSAGE][INFO] - Checking timeout

2021-11-23 09:43:17 - [MESSAGE][INFO] - Finding web element with id: 'Object Repository/Sekmeler/UBLTag' located by 'By.cssSelector: #webkit-xml-viewer-source-xml>:first-child' in '10' second(s)

2021-11-23 09:43:17 - [MESSAGE][INFO] - Smart Wait Function is triggered

2021-11-23 09:43:17 - [MESSAGE][INFO] - Found 1 web elements with id: 'Object Repository/Sekmeler/UBLTag' located by 'By.cssSelector: #webkit-xml-viewer-source-xml>:first-child' in '10' second(s)

2021-11-23 09:43:17 - [TEST_STEP][PASSED] - if (!(toString().contains(toString().toLowerCase()))): Found 1 web elements with id: 'Object Repository/Sekmeler/UBLTag' located by 'By.cssSelector: #webkit-xml-viewer-source-xml>:first-child' in '10' second(s)

2021-11-23 09:43:17 - [MESSAGE][INFO] - Finding Test Object 'Object Repository/Sekmeler/UBLTag'

2021-11-23 09:43:17 - [MESSAGE][INFO] - Finding web element from Test Object's properties

2021-11-23 09:43:17 - [MESSAGE][INFO] - Checking timeout

2021-11-23 09:43:17 - [MESSAGE][INFO] - Finding web element with id: 'Object Repository/Sekmeler/UBLTag' located by 'By.cssSelector: #webkit-xml-viewer-source-xml>:first-child' in '10' second(s)

2021-11-23 09:43:17 - [MESSAGE][INFO] - Smart Wait Function is triggered

2021-11-23 09:43:17 - [MESSAGE][INFO] - Found 1 web elements with id: 'Object Repository/Sekmeler/UBLTag' located by 'By.cssSelector: #webkit-xml-viewer-source-xml>:first-child' in '10' second(s)

2021-11-23 09:43:17 - [MESSAGE][PASSED] - Call Test Case 'Test Cases/Sekmeler/TagGeldiMi' successfully

2021-11-23 09:43:17 - [MESSAGE][INFO] - Checking called Test Case

2021-11-23 09:43:17 - [MESSAGE][INFO] - Starting to call Test Case 'Test Cases/Sekmeler/Ana_Sekmeye_Gec'

2021-11-23 09:43:17 - [TEST_CASE][PASSED] - Test Cases/Sekmeler/Ana_Sekmeye_Gec: Test Cases/Sekmeler/Ana_Sekmeye_Gec

2021-11-23 09:43:17 - [TEST_STEP][PASSED] - try: Window with index 1 is closed

2021-11-23 09:43:17 - [TEST_STEP][PASSED] - index = getWindowIndex(): Current window's index is: 1

2021-11-23 09:43:17 - [MESSAGE][INFO] - Getting current window's index

2021-11-23 09:43:17 - [MESSAGE][PASSED] - Current window's index is: 1

2021-11-23 09:43:17 - [TEST_STEP][PASSED] - closeWindowIndex(index): Window with index 1 is closed

2021-11-23 09:43:17 - [MESSAGE][INFO] - Checking index

2021-11-23 09:43:17 - [MESSAGE][INFO] - Closing window with index 1

2021-11-23 09:43:17 - [MESSAGE][PASSED] - Window with index 1 is closed

2021-11-23 09:43:17 - [TEST_STEP][PASSED] - switchToWindowIndex(0): Switched to window with index: '0'

2021-11-23 09:43:17 - [MESSAGE][INFO] - Checking index

2021-11-23 09:43:17 - [MESSAGE][INFO] - Switching window with index: '0'

2021-11-23 09:43:17 - [MESSAGE][PASSED] - Switched to window with index: '0'

2021-11-23 09:43:17 - [MESSAGE][PASSED] - Call Test Case 'Test Cases/Sekmeler/Ana_Sekmeye_Gec' successfully

2021-11-23 09:43:17 - [MESSAGE][INFO] - Checking called Test Case

2021-11-23 09:43:17 - [MESSAGE][INFO] - Starting to call Test Case 'Test Cases/Butonlar/ButonaTikla'

2021-11-23 09:43:17 - [TEST_CASE][PASSED] - Test Cases/Butonlar/ButonaTikla: Test Cases/Butonlar/ButonaTikla

2021-11-23 09:43:17 - [TEST_STEP][PASSED] - Method.TextDegerineEsitElementeTiklaEquals(findTestObject("Butonlar/Butonlar"), Buton_Adi): Method.TextDegerineEsitElementeTiklaEquals is PASSED

2021-11-23 09:43:17 - [MESSAGE][INFO] - Finding Test Object 'Object Repository/Butonlar/Butonlar'

2021-11-23 09:43:17 - [MESSAGE][INFO] - Checking timeout

2021-11-23 09:43:17 - [MESSAGE][INFO] - Finding web element with id: 'Object Repository/Butonlar/Butonlar' located by 'By.cssSelector: .panel.panel-default.text-center.footerPanel .btn,.btn.btn-primary.btnControls' in '10' second(s)

2021-11-23 09:43:17 - [MESSAGE][INFO] - Smart Wait Function is triggered

2021-11-23 09:43:17 - [MESSAGE][INFO] - Found 5 web elements with id: 'Object Repository/Butonlar/Butonlar' located by 'By.cssSelector: .panel.panel-default.text-center.footerPanel .btn,.btn.btn-primary.btnControls' in '10' second(s)

2021-11-23 09:43:18 - [MESSAGE][PASSED] - Method.TextDegerineEsitElementeTiklaEquals is PASSED

2021-11-23 09:43:18 - [MESSAGE][PASSED] - Call Test Case 'Test Cases/Butonlar/ButonaTikla' successfully

2021-11-23 09:43:18 - [MESSAGE][INFO] - Checking called Test Case

2021-11-23 09:43:18 - [MESSAGE][INFO] - Starting to call Test Case 'Test Cases/Sekmeler/YeniSekmeyeGec'

2021-11-23 09:43:18 - [TEST_CASE][PASSED] - Test Cases/Sekmeler/YeniSekmeyeGec: Test Cases/Sekmeler/YeniSekmeyeGec

2021-11-23 09:43:18 - [TEST_STEP][PASSED] - switchToWindowIndex(1): Switched to window with index: '1'

2021-11-23 09:43:18 - [MESSAGE][INFO] - Checking index

2021-11-23 09:43:18 - [MESSAGE][INFO] - Switching window with index: '1'

2021-11-23 09:43:18 - [MESSAGE][PASSED] - Switched to window with index: '1'

2021-11-23 09:43:18 - [MESSAGE][PASSED] - Call Test Case 'Test Cases/Sekmeler/YeniSekmeyeGec' successfully

2021-11-23 09:43:18 - [MESSAGE][INFO] - Checking called Test Case

2021-11-23 09:43:18 - [MESSAGE][INFO] - Starting to call Test Case 'Test Cases/Sekmeler/GecmisGeldiMi'

2021-11-23 09:43:18 - [TEST_CASE][PASSED] - Test Cases/Sekmeler/GecmisGeldiMi: Test Cases/Sekmeler/GecmisGeldiMi

2021-11-23 09:43:18 - [TEST_STEP][PASSED] - waitForElementVisible(findTestObject("Object Repository/Sekmeler/GecmisBaslik"), 10): Object 'Object Repository/Sekmeler/GecmisBaslik' is visible

2021-11-23 09:43:18 - [MESSAGE][INFO] - Finding Test Object 'Object Repository/Sekmeler/GecmisBaslik'

2021-11-23 09:43:18 - [MESSAGE][INFO] - Checking object

2021-11-23 09:43:18 - [MESSAGE][INFO] - Checking timeout

2021-11-23 09:43:18 - [MESSAGE][INFO] - Finding web element from Test Object's properties

2021-11-23 09:43:18 - [MESSAGE][INFO] - Checking timeout

2021-11-23 09:43:18 - [MESSAGE][INFO] - Finding web element with id: 'Object Repository/Sekmeler/GecmisBaslik' located by 'By.cssSelector: .dxnb-ghtext.dx-vam' in '10' second(s)

2021-11-23 09:43:18 - [MESSAGE][INFO] - Smart Wait Function is triggered

2021-11-23 09:43:45 - [MESSAGE][INFO] - Found 1 web elements with id: 'Object Repository/Sekmeler/GecmisBaslik' located by 'By.cssSelector: .dxnb-ghtext.dx-vam' in '10' second(s)

2021-11-23 09:43:45 - [MESSAGE][PASSED] - Object 'Object Repository/Sekmeler/GecmisBaslik' is visible

2021-11-23 09:43:45 - [TEST_STEP][PASSED] - if (!(getText(findTestObject("Object Repository/Sekmeler/GecmisBaslik")).contains(Baslik))): Text of object 'Object Repository/Sekmeler/GecmisBaslik' is: 'Zarf İzleme Kayıtları - 116114830'

2021-11-23 09:43:45 - [MESSAGE][INFO] - Finding Test Object 'Object Repository/Sekmeler/GecmisBaslik'

2021-11-23 09:43:45 - [MESSAGE][INFO] - Checking object

2021-11-23 09:43:45 - [MESSAGE][INFO] - Finding web element from Test Object's properties

2021-11-23 09:43:45 - [MESSAGE][INFO] - Checking timeout

2021-11-23 09:43:45 - [MESSAGE][INFO] - Finding web element with id: 'Object Repository/Sekmeler/GecmisBaslik' located by 'By.cssSelector: .dxnb-ghtext.dx-vam' in '30' second(s)

2021-11-23 09:43:45 - [MESSAGE][INFO] - Smart Wait Function is triggered

2021-11-23 09:43:45 - [MESSAGE][INFO] - Found 1 web elements with id: 'Object Repository/Sekmeler/GecmisBaslik' located by 'By.cssSelector: .dxnb-ghtext.dx-vam' in '30' second(s)

2021-11-23 09:43:45 - [MESSAGE][INFO] - Getting text of object 'Object Repository/Sekmeler/GecmisBaslik'

2021-11-23 09:43:45 - [MESSAGE][PASSED] - Text of object 'Object Repository/Sekmeler/GecmisBaslik' is: 'Zarf İzleme Kayıtları - 116114830'

2021-11-23 09:43:45 - [MESSAGE][PASSED] - Call Test Case 'Test Cases/Sekmeler/GecmisGeldiMi' successfully

2021-11-23 09:43:45 - [MESSAGE][INFO] - Checking called Test Case

2021-11-23 09:43:45 - [MESSAGE][INFO] - Starting to call Test Case 'Test Cases/Sekmeler/Ana_Sekmeye_Gec'

2021-11-23 09:43:45 - [TEST_CASE][PASSED] - Test Cases/Sekmeler/Ana_Sekmeye_Gec: Test Cases/Sekmeler/Ana_Sekmeye_Gec

2021-11-23 09:43:45 - [TEST_STEP][PASSED] - try: Window with index 1 is closed

2021-11-23 09:43:45 - [TEST_STEP][PASSED] - index = getWindowIndex(): Current window's index is: 1

2021-11-23 09:43:45 - [MESSAGE][INFO] - Getting current window's index

2021-11-23 09:43:45 - [MESSAGE][PASSED] - Current window's index is: 1

2021-11-23 09:43:45 - [TEST_STEP][PASSED] - closeWindowIndex(index): Window with index 1 is closed

2021-11-23 09:43:45 - [MESSAGE][INFO] - Checking index

2021-11-23 09:43:45 - [MESSAGE][INFO] - Closing window with index 1

2021-11-23 09:43:45 - [MESSAGE][PASSED] - Window with index 1 is closed

2021-11-23 09:43:45 - [TEST_STEP][PASSED] - switchToWindowIndex(0): Switched to window with index: '0'

2021-11-23 09:43:45 - [MESSAGE][INFO] - Checking index

2021-11-23 09:43:45 - [MESSAGE][INFO] - Switching window with index: '0'

2021-11-23 09:43:45 - [MESSAGE][PASSED] - Switched to window with index: '0'

2021-11-23 09:43:45 - [MESSAGE][PASSED] - Call Test Case 'Test Cases/Sekmeler/Ana_Sekmeye_Gec' successfully

2021-11-23 09:43:45 - [MESSAGE][INFO] - Checking called Test Case

2021-11-23 09:43:45 - [MESSAGE][INFO] - Starting to call Test Case 'Test Cases/Butonlar/ButonaTikla'

2021-11-23 09:43:45 - [TEST_CASE][PASSED] - Test Cases/Butonlar/ButonaTikla: Test Cases/Butonlar/ButonaTikla

2021-11-23 09:43:45 - [TEST_STEP][PASSED] - Method.TextDegerineEsitElementeTiklaEquals(findTestObject("Butonlar/Butonlar"), Buton_Adi): Method.TextDegerineEsitElementeTiklaEquals is PASSED

2021-11-23 09:43:45 - [MESSAGE][INFO] - Finding Test Object 'Object Repository/Butonlar/Butonlar'

2021-11-23 09:43:45 - [MESSAGE][INFO] - Checking timeout

2021-11-23 09:43:45 - [MESSAGE][INFO] - Finding web element with id: 'Object Repository/Butonlar/Butonlar' located by 'By.cssSelector: .panel.panel-default.text-center.footerPanel .btn,.btn.btn-primary.btnControls' in '10' second(s)

2021-11-23 09:43:45 - [MESSAGE][INFO] - Smart Wait Function is triggered

2021-11-23 09:43:46 - [MESSAGE][INFO] - Found 5 web elements with id: 'Object Repository/Butonlar/Butonlar' located by 'By.cssSelector: .panel.panel-default.text-center.footerPanel .btn,.btn.btn-primary.btnControls' in '10' second(s)

2021-11-23 09:43:46 - [MESSAGE][PASSED] - Method.TextDegerineEsitElementeTiklaEquals is PASSED

2021-11-23 09:43:46 - [MESSAGE][PASSED] - Call Test Case 'Test Cases/Butonlar/ButonaTikla' successfully

2021-11-23 09:43:46 - [MESSAGE][INFO] - Checking called Test Case

2021-11-23 09:43:46 - [MESSAGE][INFO] - Starting to call Test Case 'Test Cases/Butonlar/AltButonaTikla'

2021-11-23 09:43:46 - [TEST_CASE][PASSED] - Test Cases/Butonlar/AltButonaTikla: Test Cases/Butonlar/AltButonaTikla

2021-11-23 09:43:46 - [TEST_STEP][PASSED] - Method.TextDegerineEsitElementeTikla(findTestObject("Butonlar/AltButonlar"), Alt_Buton): Method.TextDegerineEsitElementeTikla is PASSED

2021-11-23 09:43:46 - [MESSAGE][INFO] - Finding Test Object 'Object Repository/Butonlar/AltButonlar'

2021-11-23 09:43:46 - [MESSAGE][INFO] - Checking timeout

2021-11-23 09:43:46 - [MESSAGE][INFO] - Finding web element with id: 'Object Repository/Butonlar/AltButonlar' located by 'By.cssSelector: .btn-group.open li>a' in '10' second(s)

2021-11-23 09:43:46 - [MESSAGE][INFO] - Smart Wait Function is triggered

2021-11-23 09:43:46 - [MESSAGE][INFO] - Found 1 web elements with id: 'Object Repository/Butonlar/AltButonlar' located by 'By.cssSelector: .btn-group.open li>a' in '10' second(s)

2021-11-23 09:43:47 - [MESSAGE][PASSED] - Method.TextDegerineEsitElementeTikla is PASSED

2021-11-23 09:43:47 - [MESSAGE][PASSED] - Call Test Case 'Test Cases/Butonlar/AltButonaTikla' successfully

2021-11-23 09:43:47 - [MESSAGE][INFO] - Checking called Test Case

2021-11-23 09:43:47 - [MESSAGE][INFO] - Starting to call Test Case 'Test Cases/Butonlar/DosyaIndirildiMi'

2021-11-23 09:43:47 - [TEST_CASE][PASSED] - Test Cases/Butonlar/DosyaIndirildiMi: Test Cases/Butonlar/DosyaIndirildiMi

2021-11-23 09:43:47 - [TEST_STEP][PASSED] - Method.isimliDosyaIndirildiMi(DownloadFile, FileName): Method.isimliDosyaIndirildiMi is PASSED

2021-11-23 09:43:47 - [MESSAGE][INFO] - Delaying browser in 3 second(s)

2021-11-23 09:43:50 - [MESSAGE][PASSED] - Delayed 3 second(s)

2021-11-23 09:43:50 - [MESSAGE][PASSED] - Method.isimliDosyaIndirildiMi is PASSED

2021-11-23 09:43:50 - [MESSAGE][PASSED] - Call Test Case 'Test Cases/Butonlar/DosyaIndirildiMi' successfully

2021-11-23 09:43:50 - [MESSAGE][INFO] - Checking called Test Case

2021-11-23 09:43:50 - [MESSAGE][INFO] - Starting to call Test Case 'Test Cases/Butonlar/ButonaTikla'

2021-11-23 09:43:50 - [TEST_CASE][PASSED] - Test Cases/Butonlar/ButonaTikla: Test Cases/Butonlar/ButonaTikla

2021-11-23 09:43:50 - [TEST_STEP][PASSED] - Method.TextDegerineEsitElementeTiklaEquals(findTestObject("Butonlar/Butonlar"), Buton_Adi): Method.TextDegerineEsitElementeTiklaEquals is PASSED

2021-11-23 09:43:50 - [MESSAGE][INFO] - Finding Test Object 'Object Repository/Butonlar/Butonlar'

2021-11-23 09:43:50 - [MESSAGE][INFO] - Checking timeout

2021-11-23 09:43:50 - [MESSAGE][INFO] - Finding web element with id: 'Object Repository/Butonlar/Butonlar' located by 'By.cssSelector: .panel.panel-default.text-center.footerPanel .btn,.btn.btn-primary.btnControls' in '10' second(s)

2021-11-23 09:43:50 - [MESSAGE][INFO] - Smart Wait Function is triggered

2021-11-23 09:43:50 - [MESSAGE][INFO] - Found 5 web elements with id: 'Object Repository/Butonlar/Butonlar' located by 'By.cssSelector: .panel.panel-default.text-center.footerPanel .btn,.btn.btn-primary.btnControls' in '10' second(s)

2021-11-23 09:43:50 - [MESSAGE][PASSED] - Method.TextDegerineEsitElementeTiklaEquals is PASSED

2021-11-23 09:43:50 - [MESSAGE][PASSED] - Call Test Case 'Test Cases/Butonlar/ButonaTikla' successfully

2021-11-23 09:43:50 - [MESSAGE][INFO] - Checking called Test Case

2021-11-23 09:43:50 - [MESSAGE][INFO] - Starting to call Test Case 'Test Cases/Butonlar/AltButonaTikla'

2021-11-23 09:43:50 - [TEST_CASE][PASSED] - Test Cases/Butonlar/AltButonaTikla: Test Cases/Butonlar/AltButonaTikla

2021-11-23 09:43:50 - [TEST_STEP][PASSED] - Method.TextDegerineEsitElementeTikla(findTestObject("Butonlar/AltButonlar"), Alt_Buton): Method.TextDegerineEsitElementeTikla is PASSED

2021-11-23 09:43:50 - [MESSAGE][INFO] - Finding Test Object 'Object Repository/Butonlar/AltButonlar'

2021-11-23 09:43:50 - [MESSAGE][INFO] - Checking timeout

2021-11-23 09:43:50 - [MESSAGE][INFO] - Finding web element with id: 'Object Repository/Butonlar/AltButonlar' located by 'By.cssSelector: .btn-group.open li>a' in '10' second(s)

2021-11-23 09:43:50 - [MESSAGE][INFO] - Smart Wait Function is triggered

2021-11-23 09:43:51 - [MESSAGE][INFO] - Found 2 web elements with id: 'Object Repository/Butonlar/AltButonlar' located by 'By.cssSelector: .btn-group.open li>a' in '10' second(s)

2021-11-23 09:43:51 - [MESSAGE][PASSED] - Method.TextDegerineEsitElementeTikla is PASSED

2021-11-23 09:43:51 - [MESSAGE][PASSED] - Call Test Case 'Test Cases/Butonlar/AltButonaTikla' successfully

2021-11-23 09:43:51 - [MESSAGE][INFO] - Checking called Test Case

2021-11-23 09:43:51 - [MESSAGE][INFO] - Starting to call Test Case 'Test Cases/Popup/PopupMesajiIceriyorMu'

2021-11-23 09:43:51 - [TEST_CASE][PASSED] - Test Cases/Popup/PopupMesajiIceriyorMu: Test Cases/Popup/PopupMesajiIceriyorMu

2021-11-23 09:43:51 - [TEST_STEP][PASSED] - waitForElementVisible(findTestObject("Popup/Popup"), 10): Object 'Object Repository/Popup/Popup' is visible

2021-11-23 09:43:51 - [MESSAGE][INFO] - Finding Test Object 'Object Repository/Popup/Popup'

2021-11-23 09:43:51 - [MESSAGE][INFO] - Checking object

2021-11-23 09:43:51 - [MESSAGE][INFO] - Checking timeout

2021-11-23 09:43:51 - [MESSAGE][INFO] - Finding web element from Test Object's properties

2021-11-23 09:43:51 - [MESSAGE][INFO] - Checking timeout

2021-11-23 09:43:51 - [MESSAGE][INFO] - Finding web element with id: 'Object Repository/Popup/Popup' located by 'By.cssSelector: .bootbox-body' in '10' second(s)

2021-11-23 09:43:51 - [MESSAGE][INFO] - Smart Wait Function is triggered

2021-11-23 09:43:51 - [MESSAGE][INFO] - Found 1 web elements with id: 'Object Repository/Popup/Popup' located by 'By.cssSelector: .bootbox-body' in '10' second(s)

2021-11-23 09:43:51 - [MESSAGE][PASSED] - Object 'Object Repository/Popup/Popup' is visible

2021-11-23 09:43:51 - [TEST_STEP][PASSED] - if (!(getText(findTestObject("Popup/Popup")).contains(Mesaj))): Text of object 'Object Repository/Popup/Popup' is: 'Lütfen rapor bildiriminin gönderileceği e-posta adresini belirtiniz.
e-Posta Adresi'

2021-11-23 09:43:51 - [MESSAGE][INFO] - Finding Test Object 'Object Repository/Popup/Popup'

2021-11-23 09:43:51 - [MESSAGE][INFO] - Checking object

2021-11-23 09:43:51 - [MESSAGE][INFO] - Finding web element from Test Object's properties

2021-11-23 09:43:51 - [MESSAGE][INFO] - Checking timeout

2021-11-23 09:43:51 - [MESSAGE][INFO] - Finding web element with id: 'Object Repository/Popup/Popup' located by 'By.cssSelector: .bootbox-body' in '30' second(s)

2021-11-23 09:43:51 - [MESSAGE][INFO] - Smart Wait Function is triggered

2021-11-23 09:43:52 - [MESSAGE][INFO] - Found 1 web elements with id: 'Object Repository/Popup/Popup' located by 'By.cssSelector: .bootbox-body' in '30' second(s)

2021-11-23 09:43:52 - [MESSAGE][INFO] - Getting text of object 'Object Repository/Popup/Popup'

2021-11-23 09:43:52 - [MESSAGE][PASSED] - Text of object 'Object Repository/Popup/Popup' is: 'Lütfen rapor bildiriminin gönderileceği e-posta adresini belirtiniz.
e-Posta Adresi'

2021-11-23 09:43:52 - [TEST_STEP][PASSED] - RaporNo = getText(findTestObject("Popup/Popup")).substring(0, 6): Text of object 'Object Repository/Popup/Popup' is: 'Lütfen rapor bildiriminin gönderileceği e-posta adresini belirtiniz.
e-Posta Adresi'

2021-11-23 09:43:52 - [MESSAGE][INFO] - Finding Test Object 'Object Repository/Popup/Popup'

2021-11-23 09:43:52 - [MESSAGE][INFO] - Checking object

2021-11-23 09:43:52 - [MESSAGE][INFO] - Finding web element from Test Object's properties

2021-11-23 09:43:52 - [MESSAGE][INFO] - Checking timeout

2021-11-23 09:43:52 - [MESSAGE][INFO] - Finding web element with id: 'Object Repository/Popup/Popup' located by 'By.cssSelector: .bootbox-body' in '30' second(s)

2021-11-23 09:43:52 - [MESSAGE][INFO] - Smart Wait Function is triggered

2021-11-23 09:43:52 - [MESSAGE][INFO] - Found 1 web elements with id: 'Object Repository/Popup/Popup' located by 'By.cssSelector: .bootbox-body' in '30' second(s)

2021-11-23 09:43:52 - [MESSAGE][INFO] - Getting text of object 'Object Repository/Popup/Popup'

2021-11-23 09:43:52 - [MESSAGE][PASSED] - Text of object 'Object Repository/Popup/Popup' is: 'Lütfen rapor bildiriminin gönderileceği e-posta adresini belirtiniz.
e-Posta Adresi'

2021-11-23 09:43:52 - [TEST_STEP][PASSED] - Console.println(RaporNo): null

2021-11-23 09:43:52 - [MESSAGE][PASSED] - Call Test Case 'Test Cases/Popup/PopupMesajiIceriyorMu' successfully

2021-11-23 09:43:52 - [MESSAGE][INFO] - Checking called Test Case

2021-11-23 09:43:52 - [MESSAGE][INFO] - Starting to call Test Case 'Test Cases/Popup/PopupaEmailEklenir'

2021-11-23 09:43:52 - [TEST_CASE][PASSED] - Test Cases/Popup/PopupaEmailEklenir: Test Cases/Popup/PopupaEmailEklenir

2021-11-23 09:43:52 - [TEST_STEP][PASSED] - clearText(findTestObject("Popup/EmailText")): Text of object 'Object Repository/Popup/EmailText' is cleared

2021-11-23 09:43:52 - [MESSAGE][INFO] - Finding Test Object 'Object Repository/Popup/EmailText'

2021-11-23 09:43:52 - [MESSAGE][INFO] - Checking object

2021-11-23 09:43:52 - [MESSAGE][INFO] - Finding web element from Test Object's properties

2021-11-23 09:43:52 - [MESSAGE][INFO] - Checking timeout

2021-11-23 09:43:52 - [MESSAGE][INFO] - Finding web element with id: 'Object Repository/Popup/EmailText' located by 'By.xpath: //*[@id="eMails"]' in '30' second(s)

2021-11-23 09:43:52 - [MESSAGE][INFO] - Smart Wait Function is triggered

2021-11-23 09:43:53 - [MESSAGE][INFO] - Found 1 web elements with id: 'Object Repository/Popup/EmailText' located by 'By.xpath: //*[@id="eMails"]' in '30' second(s)

2021-11-23 09:43:53 - [MESSAGE][INFO] - Clearing text of object 'Object Repository/Popup/EmailText'

2021-11-23 09:43:53 - [MESSAGE][PASSED] - Text of object 'Object Repository/Popup/EmailText' is cleared

2021-11-23 09:43:53 - [TEST_STEP][PASSED] - sendKeys(findTestObject("Popup/EmailText"), Email): Keys 'elogotest@gmail.com;ali.kara@logo.com.tr' sent to object: 'Object Repository/Popup/EmailText'

2021-11-23 09:43:53 - [MESSAGE][INFO] - Finding Test Object 'Object Repository/Popup/EmailText'

2021-11-23 09:43:53 - [MESSAGE][INFO] - Sending keys 'elogotest@gmail.com;ali.kara@logo.com.tr' to object: 'Object Repository/Popup/EmailText'

2021-11-23 09:43:53 - [MESSAGE][INFO] - Finding web element from Test Object's properties

2021-11-23 09:43:53 - [MESSAGE][INFO] - Checking timeout

2021-11-23 09:43:53 - [MESSAGE][INFO] - Finding web element with id: 'Object Repository/Popup/EmailText' located by 'By.xpath: //*[@id="eMails"]' in '30' second(s)

2021-11-23 09:43:53 - [MESSAGE][INFO] - Smart Wait Function is triggered

2021-11-23 09:43:53 - [MESSAGE][INFO] - Found 1 web elements with id: 'Object Repository/Popup/EmailText' located by 'By.xpath: //*[@id="eMails"]' in '30' second(s)

2021-11-23 09:43:53 - [MESSAGE][PASSED] - Keys 'elogotest@gmail.com;ali.kara@logo.com.tr' sent to object: 'Object Repository/Popup/EmailText'

2021-11-23 09:43:53 - [MESSAGE][PASSED] - Call Test Case 'Test Cases/Popup/PopupaEmailEklenir' successfully

2021-11-23 09:43:53 - [MESSAGE][INFO] - Checking called Test Case

2021-11-23 09:43:53 - [MESSAGE][INFO] - Starting to call Test Case 'Test Cases/Popup/PopupButonSecilir'

2021-11-23 09:43:53 - [TEST_CASE][PASSED] - Test Cases/Popup/PopupButonSecilir: Test Cases/Popup/PopupButonSecilir

2021-11-23 09:43:53 - [TEST_STEP][PASSED] - Method.TextDegerineEsitElementeTikla(findTestObject("Popup/Popup_Butons"), Buton): Method.TextDegerineEsitElementeTikla is PASSED

2021-11-23 09:43:53 - [MESSAGE][INFO] - Finding Test Object 'Object Repository/Popup/Popup_Butons'

2021-11-23 09:43:53 - [MESSAGE][INFO] - Checking timeout

2021-11-23 09:43:53 - [MESSAGE][INFO] - Finding web element with id: 'Object Repository/Popup/Popup_Butons' located by 'By.cssSelector: .modal-footer>button' in '10' second(s)

2021-11-23 09:43:53 - [MESSAGE][INFO] - Smart Wait Function is triggered

2021-11-23 09:43:53 - [MESSAGE][INFO] - Found 2 web elements with id: 'Object Repository/Popup/Popup_Butons' located by 'By.cssSelector: .modal-footer>button' in '10' second(s)

2021-11-23 09:43:54 - [MESSAGE][PASSED] - Method.TextDegerineEsitElementeTikla is PASSED

2021-11-23 09:43:54 - [MESSAGE][PASSED] - Call Test Case 'Test Cases/Popup/PopupButonSecilir' successfully

2021-11-23 09:43:54 - [MESSAGE][INFO] - Checking called Test Case

2021-11-23 09:43:54 - [MESSAGE][INFO] - Starting to call Test Case 'Test Cases/Popup/PopupMesajiIceriyorMu'

2021-11-23 09:43:54 - [TEST_CASE][PASSED] - Test Cases/Popup/PopupMesajiIceriyorMu: Test Cases/Popup/PopupMesajiIceriyorMu

2021-11-23 09:43:54 - [TEST_STEP][PASSED] - waitForElementVisible(findTestObject("Popup/Popup"), 10): Object 'Object Repository/Popup/Popup' is visible

2021-11-23 09:43:54 - [MESSAGE][INFO] - Finding Test Object 'Object Repository/Popup/Popup'

2021-11-23 09:43:54 - [MESSAGE][INFO] - Checking object

2021-11-23 09:43:54 - [MESSAGE][INFO] - Checking timeout

2021-11-23 09:43:54 - [MESSAGE][INFO] - Finding web element from Test Object's properties

2021-11-23 09:43:54 - [MESSAGE][INFO] - Checking timeout

2021-11-23 09:43:54 - [MESSAGE][INFO] - Finding web element with id: 'Object Repository/Popup/Popup' located by 'By.cssSelector: .bootbox-body' in '10' second(s)

2021-11-23 09:43:54 - [MESSAGE][INFO] - Smart Wait Function is triggered

2021-11-23 09:43:54 - [MESSAGE][INFO] - Found 1 web elements with id: 'Object Repository/Popup/Popup' located by 'By.cssSelector: .bootbox-body' in '10' second(s)

2021-11-23 09:43:54 - [MESSAGE][PASSED] - Object 'Object Repository/Popup/Popup' is visible

2021-11-23 09:43:54 - [TEST_STEP][PASSED] - if (!(getText(findTestObject("Popup/Popup")).contains(Mesaj))): Text of object 'Object Repository/Popup/Popup' is: '17595 no’lu talebiniz işleme alınmıştır. Raporunuz hazırlandığında (elogotest@gmail.com;ali.kara@logo.com.tr) adresinize mail gönderilecektir.
Rapor durumunuzu Raporlar > Toplu Veri İndirme ekranından takip edebilir, hazırlandı durumundaki raporlarınızı ilgili menüden indirebilirsiniz.'

2021-11-23 09:43:54 - [MESSAGE][INFO] - Finding Test Object 'Object Repository/Popup/Popup'

2021-11-23 09:43:54 - [MESSAGE][INFO] - Checking object

2021-11-23 09:43:54 - [MESSAGE][INFO] - Finding web element from Test Object's properties

2021-11-23 09:43:54 - [MESSAGE][INFO] - Checking timeout

2021-11-23 09:43:54 - [MESSAGE][INFO] - Finding web element with id: 'Object Repository/Popup/Popup' located by 'By.cssSelector: .bootbox-body' in '30' second(s)

2021-11-23 09:43:54 - [MESSAGE][INFO] - Smart Wait Function is triggered

2021-11-23 09:43:55 - [MESSAGE][INFO] - Found 1 web elements with id: 'Object Repository/Popup/Popup' located by 'By.cssSelector: .bootbox-body' in '30' second(s)

2021-11-23 09:43:55 - [MESSAGE][INFO] - Getting text of object 'Object Repository/Popup/Popup'

2021-11-23 09:43:55 - [MESSAGE][PASSED] - Text of object 'Object Repository/Popup/Popup' is: '17595 no’lu talebiniz işleme alınmıştır. Raporunuz hazırlandığında (elogotest@gmail.com;ali.kara@logo.com.tr) adresinize mail gönderilecektir.
Rapor durumunuzu Raporlar > Toplu Veri İndirme ekranından takip edebilir, hazırlandı durumundaki raporlarınızı ilgili menüden indirebilirsiniz.'

2021-11-23 09:43:55 - [TEST_STEP][PASSED] - RaporNo = getText(findTestObject("Popup/Popup")).substring(0, 6): Text of object 'Object Repository/Popup/Popup' is: '17595 no’lu talebiniz işleme alınmıştır. Raporunuz hazırlandığında (elogotest@gmail.com;ali.kara@logo.com.tr) adresinize mail gönderilecektir.
Rapor durumunuzu Raporlar > Toplu Veri İndirme ekranından takip edebilir, hazırlandı durumundaki raporlarınızı ilgili menüden indirebilirsiniz.'

2021-11-23 09:43:55 - [MESSAGE][INFO] - Finding Test Object 'Object Repository/Popup/Popup'

2021-11-23 09:43:55 - [MESSAGE][INFO] - Checking object

2021-11-23 09:43:55 - [MESSAGE][INFO] - Finding web element from Test Object's properties

2021-11-23 09:43:55 - [MESSAGE][INFO] - Checking timeout

2021-11-23 09:43:55 - [MESSAGE][INFO] - Finding web element with id: 'Object Repository/Popup/Popup' located by 'By.cssSelector: .bootbox-body' in '30' second(s)

2021-11-23 09:43:55 - [MESSAGE][INFO] - Smart Wait Function is triggered

2021-11-23 09:43:55 - [MESSAGE][INFO] - Found 1 web elements with id: 'Object Repository/Popup/Popup' located by 'By.cssSelector: .bootbox-body' in '30' second(s)

2021-11-23 09:43:55 - [MESSAGE][INFO] - Getting text of object 'Object Repository/Popup/Popup'

2021-11-23 09:43:55 - [MESSAGE][PASSED] - Text of object 'Object Repository/Popup/Popup' is: '17595 no’lu talebiniz işleme alınmıştır. Raporunuz hazırlandığında (elogotest@gmail.com;ali.kara@logo.com.tr) adresinize mail gönderilecektir.
Rapor durumunuzu Raporlar > Toplu Veri İndirme ekranından takip edebilir, hazırlandı durumundaki raporlarınızı ilgili menüden indirebilirsiniz.'

2021-11-23 09:43:55 - [TEST_STEP][PASSED] - Console.println(RaporNo): null

2021-11-23 09:43:55 - [MESSAGE][PASSED] - Call Test Case 'Test Cases/Popup/PopupMesajiIceriyorMu' successfully

2021-11-23 09:43:55 - [MESSAGE][INFO] - Checking called Test Case

2021-11-23 09:43:55 - [MESSAGE][INFO] - Starting to call Test Case 'Test Cases/Popup/PopupButonSecilir'

2021-11-23 09:43:55 - [TEST_CASE][PASSED] - Test Cases/Popup/PopupButonSecilir: Test Cases/Popup/PopupButonSecilir

2021-11-23 09:43:55 - [TEST_STEP][PASSED] - Method.TextDegerineEsitElementeTikla(findTestObject("Popup/Popup_Butons"), Buton): Method.TextDegerineEsitElementeTikla is PASSED

2021-11-23 09:43:55 - [MESSAGE][INFO] - Finding Test Object 'Object Repository/Popup/Popup_Butons'

2021-11-23 09:43:55 - [MESSAGE][INFO] - Checking timeout

2021-11-23 09:43:55 - [MESSAGE][INFO] - Finding web element with id: 'Object Repository/Popup/Popup_Butons' located by 'By.cssSelector: .modal-footer>button' in '10' second(s)

2021-11-23 09:43:55 - [MESSAGE][INFO] - Smart Wait Function is triggered

2021-11-23 09:43:56 - [MESSAGE][INFO] - Found 1 web elements with id: 'Object Repository/Popup/Popup_Butons' located by 'By.cssSelector: .modal-footer>button' in '10' second(s)

2021-11-23 09:43:56 - [MESSAGE][PASSED] - Method.TextDegerineEsitElementeTikla is PASSED

2021-11-23 09:43:56 - [MESSAGE][PASSED] - Call Test Case 'Test Cases/Popup/PopupButonSecilir' successfully

2021-11-23 09:43:56 - [MESSAGE][INFO] - Checking called Test Case

2021-11-23 09:43:56 - [MESSAGE][INFO] - Starting to call Test Case 'Test Cases/Butonlar/ButonaTikla'

2021-11-23 09:43:56 - [TEST_CASE][PASSED] - Test Cases/Butonlar/ButonaTikla: Test Cases/Butonlar/ButonaTikla

2021-11-23 09:43:56 - [TEST_STEP][PASSED] - Method.TextDegerineEsitElementeTiklaEquals(findTestObject("Butonlar/Butonlar"), Buton_Adi): Method.TextDegerineEsitElementeTiklaEquals is PASSED

2021-11-23 09:43:56 - [MESSAGE][INFO] - Finding Test Object 'Object Repository/Butonlar/Butonlar'

2021-11-23 09:43:56 - [MESSAGE][INFO] - Checking timeout

2021-11-23 09:43:56 - [MESSAGE][INFO] - Finding web element with id: 'Object Repository/Butonlar/Butonlar' located by 'By.cssSelector: .panel.panel-default.text-center.footerPanel .btn,.btn.btn-primary.btnControls' in '10' second(s)

2021-11-23 09:43:56 - [MESSAGE][INFO] - Smart Wait Function is triggered

2021-11-23 09:43:56 - [MESSAGE][INFO] - Found 5 web elements with id: 'Object Repository/Butonlar/Butonlar' located by 'By.cssSelector: .panel.panel-default.text-center.footerPanel .btn,.btn.btn-primary.btnControls' in '10' second(s)

2021-11-23 09:43:56 - [MESSAGE][PASSED] - Method.TextDegerineEsitElementeTiklaEquals is PASSED

2021-11-23 09:43:56 - [MESSAGE][PASSED] - Call Test Case 'Test Cases/Butonlar/ButonaTikla' successfully

2021-11-23 09:43:57 - [MESSAGE][INFO] - Checking called Test Case

2021-11-23 09:43:57 - [MESSAGE][INFO] - Starting to call Test Case 'Test Cases/Butonlar/AltButonaTikla'

2021-11-23 09:43:57 - [TEST_CASE][PASSED] - Test Cases/Butonlar/AltButonaTikla: Test Cases/Butonlar/AltButonaTikla

2021-11-23 09:43:57 - [TEST_STEP][PASSED] - Method.TextDegerineEsitElementeTikla(findTestObject("Butonlar/AltButonlar"), Alt_Buton): Method.TextDegerineEsitElementeTikla is PASSED

2021-11-23 09:43:57 - [MESSAGE][INFO] - Finding Test Object 'Object Repository/Butonlar/AltButonlar'

2021-11-23 09:43:57 - [MESSAGE][INFO] - Checking timeout

2021-11-23 09:43:57 - [MESSAGE][INFO] - Finding web element with id: 'Object Repository/Butonlar/AltButonlar' located by 'By.cssSelector: .btn-group.open li>a' in '10' second(s)

2021-11-23 09:43:57 - [MESSAGE][INFO] - Smart Wait Function is triggered

2021-11-23 09:43:57 - [MESSAGE][INFO] - Found 2 web elements with id: 'Object Repository/Butonlar/AltButonlar' located by 'By.cssSelector: .btn-group.open li>a' in '10' second(s)

2021-11-23 09:43:57 - [MESSAGE][PASSED] - Method.TextDegerineEsitElementeTikla is PASSED

2021-11-23 09:43:57 - [MESSAGE][PASSED] - Call Test Case 'Test Cases/Butonlar/AltButonaTikla' successfully

2021-11-23 09:43:57 - [MESSAGE][INFO] - Checking called Test Case

2021-11-23 09:43:57 - [MESSAGE][INFO] - Starting to call Test Case 'Test Cases/Popup/PopupMesajiIceriyorMu'

2021-11-23 09:43:57 - [TEST_CASE][PASSED] - Test Cases/Popup/PopupMesajiIceriyorMu: Test Cases/Popup/PopupMesajiIceriyorMu

2021-11-23 09:43:57 - [TEST_STEP][PASSED] - waitForElementVisible(findTestObject("Popup/Popup"), 10): Object 'Object Repository/Popup/Popup' is visible

2021-11-23 09:43:57 - [MESSAGE][INFO] - Finding Test Object 'Object Repository/Popup/Popup'

2021-11-23 09:43:57 - [MESSAGE][INFO] - Checking object

2021-11-23 09:43:57 - [MESSAGE][INFO] - Checking timeout

2021-11-23 09:43:57 - [MESSAGE][INFO] - Finding web element from Test Object's properties

2021-11-23 09:43:57 - [MESSAGE][INFO] - Checking timeout

2021-11-23 09:43:57 - [MESSAGE][INFO] - Finding web element with id: 'Object Repository/Popup/Popup' located by 'By.cssSelector: .bootbox-body' in '10' second(s)

2021-11-23 09:43:57 - [MESSAGE][INFO] - Smart Wait Function is triggered

2021-11-23 09:43:57 - [MESSAGE][INFO] - Found 1 web elements with id: 'Object Repository/Popup/Popup' located by 'By.cssSelector: .bootbox-body' in '10' second(s)

2021-11-23 09:43:58 - [MESSAGE][PASSED] - Object 'Object Repository/Popup/Popup' is visible

2021-11-23 09:43:58 - [TEST_STEP][PASSED] - if (!(getText(findTestObject("Popup/Popup")).contains(Mesaj))): Text of object 'Object Repository/Popup/Popup' is: 'Lütfen rapor bildiriminin gönderileceği e-posta adresini belirtiniz.
e-Posta Adresi'

2021-11-23 09:43:58 - [MESSAGE][INFO] - Finding Test Object 'Object Repository/Popup/Popup'

2021-11-23 09:43:58 - [MESSAGE][INFO] - Checking object

2021-11-23 09:43:58 - [MESSAGE][INFO] - Finding web element from Test Object's properties

2021-11-23 09:43:58 - [MESSAGE][INFO] - Checking timeout

2021-11-23 09:43:58 - [MESSAGE][INFO] - Finding web element with id: 'Object Repository/Popup/Popup' located by 'By.cssSelector: .bootbox-body' in '30' second(s)

2021-11-23 09:43:58 - [MESSAGE][INFO] - Smart Wait Function is triggered

2021-11-23 09:43:58 - [MESSAGE][INFO] - Found 1 web elements with id: 'Object Repository/Popup/Popup' located by 'By.cssSelector: .bootbox-body' in '30' second(s)

2021-11-23 09:43:58 - [MESSAGE][INFO] - Getting text of object 'Object Repository/Popup/Popup'

2021-11-23 09:43:58 - [MESSAGE][PASSED] - Text of object 'Object Repository/Popup/Popup' is: 'Lütfen rapor bildiriminin gönderileceği e-posta adresini belirtiniz.
e-Posta Adresi'

2021-11-23 09:43:58 - [TEST_STEP][PASSED] - RaporNo = getText(findTestObject("Popup/Popup")).substring(0, 6): Text of object 'Object Repository/Popup/Popup' is: 'Lütfen rapor bildiriminin gönderileceği e-posta adresini belirtiniz.
e-Posta Adresi'

2021-11-23 09:43:58 - [MESSAGE][INFO] - Finding Test Object 'Object Repository/Popup/Popup'

2021-11-23 09:43:58 - [MESSAGE][INFO] - Checking object

2021-11-23 09:43:58 - [MESSAGE][INFO] - Finding web element from Test Object's properties

2021-11-23 09:43:58 - [MESSAGE][INFO] - Checking timeout

2021-11-23 09:43:58 - [MESSAGE][INFO] - Finding web element with id: 'Object Repository/Popup/Popup' located by 'By.cssSelector: .bootbox-body' in '30' second(s)

2021-11-23 09:43:58 - [MESSAGE][INFO] - Smart Wait Function is triggered

2021-11-23 09:43:58 - [MESSAGE][INFO] - Found 1 web elements with id: 'Object Repository/Popup/Popup' located by 'By.cssSelector: .bootbox-body' in '30' second(s)

2021-11-23 09:43:58 - [MESSAGE][INFO] - Getting text of object 'Object Repository/Popup/Popup'

2021-11-23 09:43:58 - [MESSAGE][PASSED] - Text of object 'Object Repository/Popup/Popup' is: 'Lütfen rapor bildiriminin gönderileceği e-posta adresini belirtiniz.
e-Posta Adresi'

2021-11-23 09:43:58 - [TEST_STEP][PASSED] - Console.println(RaporNo): null

2021-11-23 09:43:58 - [MESSAGE][PASSED] - Call Test Case 'Test Cases/Popup/PopupMesajiIceriyorMu' successfully

2021-11-23 09:43:58 - [MESSAGE][INFO] - Checking called Test Case

2021-11-23 09:43:58 - [MESSAGE][INFO] - Starting to call Test Case 'Test Cases/Popup/PopupaEmailEklenir'

2021-11-23 09:43:58 - [TEST_CASE][PASSED] - Test Cases/Popup/PopupaEmailEklenir: Test Cases/Popup/PopupaEmailEklenir

2021-11-23 09:43:58 - [TEST_STEP][PASSED] - clearText(findTestObject("Popup/EmailText")): Text of object 'Object Repository/Popup/EmailText' is cleared

2021-11-23 09:43:58 - [MESSAGE][INFO] - Finding Test Object 'Object Repository/Popup/EmailText'

2021-11-23 09:43:58 - [MESSAGE][INFO] - Checking object

2021-11-23 09:43:58 - [MESSAGE][INFO] - Finding web element from Test Object's properties

2021-11-23 09:43:58 - [MESSAGE][INFO] - Checking timeout

2021-11-23 09:43:58 - [MESSAGE][INFO] - Finding web element with id: 'Object Repository/Popup/EmailText' located by 'By.xpath: //*[@id="eMails"]' in '30' second(s)

2021-11-23 09:43:58 - [MESSAGE][INFO] - Smart Wait Function is triggered

2021-11-23 09:43:59 - [MESSAGE][INFO] - Found 1 web elements with id: 'Object Repository/Popup/EmailText' located by 'By.xpath: //*[@id="eMails"]' in '30' second(s)

2021-11-23 09:43:59 - [MESSAGE][INFO] - Clearing text of object 'Object Repository/Popup/EmailText'

2021-11-23 09:43:59 - [MESSAGE][PASSED] - Text of object 'Object Repository/Popup/EmailText' is cleared

2021-11-23 09:43:59 - [TEST_STEP][PASSED] - sendKeys(findTestObject("Popup/EmailText"), Email): Keys 'elogotest@gmail.com;ali.kara@logo.com.tr' sent to object: 'Object Repository/Popup/EmailText'

2021-11-23 09:43:59 - [MESSAGE][INFO] - Finding Test Object 'Object Repository/Popup/EmailText'

2021-11-23 09:43:59 - [MESSAGE][INFO] - Sending keys 'elogotest@gmail.com;ali.kara@logo.com.tr' to object: 'Object Repository/Popup/EmailText'

2021-11-23 09:43:59 - [MESSAGE][INFO] - Finding web element from Test Object's properties

2021-11-23 09:43:59 - [MESSAGE][INFO] - Checking timeout

2021-11-23 09:43:59 - [MESSAGE][INFO] - Finding web element with id: 'Object Repository/Popup/EmailText' located by 'By.xpath: //*[@id="eMails"]' in '30' second(s)

2021-11-23 09:43:59 - [MESSAGE][INFO] - Smart Wait Function is triggered

2021-11-23 09:43:59 - [MESSAGE][INFO] - Found 1 web elements with id: 'Object Repository/Popup/EmailText' located by 'By.xpath: //*[@id="eMails"]' in '30' second(s)

2021-11-23 09:43:59 - [MESSAGE][PASSED] - Keys 'elogotest@gmail.com;ali.kara@logo.com.tr' sent to object: 'Object Repository/Popup/EmailText'

2021-11-23 09:43:59 - [MESSAGE][PASSED] - Call Test Case 'Test Cases/Popup/PopupaEmailEklenir' successfully

2021-11-23 09:43:59 - [MESSAGE][INFO] - Checking called Test Case

2021-11-23 09:43:59 - [MESSAGE][INFO] - Starting to call Test Case 'Test Cases/Popup/PopupButonSecilir'

2021-11-23 09:43:59 - [TEST_CASE][PASSED] - Test Cases/Popup/PopupButonSecilir: Test Cases/Popup/PopupButonSecilir

2021-11-23 09:43:59 - [TEST_STEP][PASSED] - Method.TextDegerineEsitElementeTikla(findTestObject("Popup/Popup_Butons"), Buton): Method.TextDegerineEsitElementeTikla is PASSED

2021-11-23 09:43:59 - [MESSAGE][INFO] - Finding Test Object 'Object Repository/Popup/Popup_Butons'

2021-11-23 09:43:59 - [MESSAGE][INFO] - Checking timeout

2021-11-23 09:43:59 - [MESSAGE][INFO] - Finding web element with id: 'Object Repository/Popup/Popup_Butons' located by 'By.cssSelector: .modal-footer>button' in '10' second(s)

2021-11-23 09:43:59 - [MESSAGE][INFO] - Smart Wait Function is triggered

2021-11-23 09:44:00 - [MESSAGE][INFO] - Found 2 web elements with id: 'Object Repository/Popup/Popup_Butons' located by 'By.cssSelector: .modal-footer>button' in '10' second(s)

2021-11-23 09:44:00 - [MESSAGE][PASSED] - Method.TextDegerineEsitElementeTikla is PASSED

2021-11-23 09:44:00 - [MESSAGE][PASSED] - Call Test Case 'Test Cases/Popup/PopupButonSecilir' successfully

2021-11-23 09:44:00 - [MESSAGE][INFO] - Checking called Test Case

2021-11-23 09:44:00 - [MESSAGE][INFO] - Starting to call Test Case 'Test Cases/Popup/PopupMesajiIceriyorMu'

2021-11-23 09:44:00 - [TEST_CASE][PASSED] - Test Cases/Popup/PopupMesajiIceriyorMu: Test Cases/Popup/PopupMesajiIceriyorMu

2021-11-23 09:44:00 - [TEST_STEP][PASSED] - waitForElementVisible(findTestObject("Popup/Popup"), 10): Object 'Object Repository/Popup/Popup' is visible

2021-11-23 09:44:00 - [MESSAGE][INFO] - Finding Test Object 'Object Repository/Popup/Popup'

2021-11-23 09:44:00 - [MESSAGE][INFO] - Checking object

2021-11-23 09:44:00 - [MESSAGE][INFO] - Checking timeout

2021-11-23 09:44:00 - [MESSAGE][INFO] - Finding web element from Test Object's properties

2021-11-23 09:44:00 - [MESSAGE][INFO] - Checking timeout

2021-11-23 09:44:00 - [MESSAGE][INFO] - Finding web element with id: 'Object Repository/Popup/Popup' located by 'By.cssSelector: .bootbox-body' in '10' second(s)

2021-11-23 09:44:00 - [MESSAGE][INFO] - Smart Wait Function is triggered

2021-11-23 09:44:00 - [MESSAGE][INFO] - Found 1 web elements with id: 'Object Repository/Popup/Popup' located by 'By.cssSelector: .bootbox-body' in '10' second(s)

2021-11-23 09:44:00 - [MESSAGE][PASSED] - Object 'Object Repository/Popup/Popup' is visible

2021-11-23 09:44:00 - [TEST_STEP][PASSED] - if (!(getText(findTestObject("Popup/Popup")).contains(Mesaj))): Text of object 'Object Repository/Popup/Popup' is: '17596 no’lu talebiniz işleme alınmıştır. Raporunuz hazırlandığında (elogotest@gmail.com;ali.kara@logo.com.tr) adresinize mail gönderilecektir.
Rapor durumunuzu Raporlar > Toplu Veri İndirme ekranından takip edebilir, hazırlandı durumundaki raporlarınızı ilgili menüden indirebilirsiniz.'

2021-11-23 09:44:00 - [MESSAGE][INFO] - Finding Test Object 'Object Repository/Popup/Popup'

2021-11-23 09:44:00 - [MESSAGE][INFO] - Checking object

2021-11-23 09:44:00 - [MESSAGE][INFO] - Finding web element from Test Object's properties

2021-11-23 09:44:00 - [MESSAGE][INFO] - Checking timeout

2021-11-23 09:44:00 - [MESSAGE][INFO] - Finding web element with id: 'Object Repository/Popup/Popup' located by 'By.cssSelector: .bootbox-body' in '30' second(s)

2021-11-23 09:44:00 - [MESSAGE][INFO] - Smart Wait Function is triggered

2021-11-23 09:44:01 - [MESSAGE][INFO] - Found 1 web elements with id: 'Object Repository/Popup/Popup' located by 'By.cssSelector: .bootbox-body' in '30' second(s)

2021-11-23 09:44:01 - [MESSAGE][INFO] - Getting text of object 'Object Repository/Popup/Popup'

2021-11-23 09:44:01 - [MESSAGE][PASSED] - Text of object 'Object Repository/Popup/Popup' is: '17596 no’lu talebiniz işleme alınmıştır. Raporunuz hazırlandığında (elogotest@gmail.com;ali.kara@logo.com.tr) adresinize mail gönderilecektir.
Rapor durumunuzu Raporlar > Toplu Veri İndirme ekranından takip edebilir, hazırlandı durumundaki raporlarınızı ilgili menüden indirebilirsiniz.'

2021-11-23 09:44:01 - [TEST_STEP][PASSED] - RaporNo = getText(findTestObject("Popup/Popup")).substring(0, 6): Text of object 'Object Repository/Popup/Popup' is: '17596 no’lu talebiniz işleme alınmıştır. Raporunuz hazırlandığında (elogotest@gmail.com;ali.kara@logo.com.tr) adresinize mail gönderilecektir.
Rapor durumunuzu Raporlar > Toplu Veri İndirme ekranından takip edebilir, hazırlandı durumundaki raporlarınızı ilgili menüden indirebilirsiniz.'

2021-11-23 09:44:01 - [MESSAGE][INFO] - Finding Test Object 'Object Repository/Popup/Popup'

2021-11-23 09:44:01 - [MESSAGE][INFO] - Checking object

2021-11-23 09:44:01 - [MESSAGE][INFO] - Finding web element from Test Object's properties

2021-11-23 09:44:01 - [MESSAGE][INFO] - Checking timeout

2021-11-23 09:44:01 - [MESSAGE][INFO] - Finding web element with id: 'Object Repository/Popup/Popup' located by 'By.cssSelector: .bootbox-body' in '30' second(s)

2021-11-23 09:44:01 - [MESSAGE][INFO] - Smart Wait Function is triggered

2021-11-23 09:44:01 - [MESSAGE][INFO] - Found 1 web elements with id: 'Object Repository/Popup/Popup' located by 'By.cssSelector: .bootbox-body' in '30' second(s)

2021-11-23 09:44:01 - [MESSAGE][INFO] - Getting text of object 'Object Repository/Popup/Popup'

2021-11-23 09:44:01 - [MESSAGE][PASSED] - Text of object 'Object Repository/Popup/Popup' is: '17596 no’lu talebiniz işleme alınmıştır. Raporunuz hazırlandığında (elogotest@gmail.com;ali.kara@logo.com.tr) adresinize mail gönderilecektir.
Rapor durumunuzu Raporlar > Toplu Veri İndirme ekranından takip edebilir, hazırlandı durumundaki raporlarınızı ilgili menüden indirebilirsiniz.'

2021-11-23 09:44:01 - [TEST_STEP][PASSED] - Console.println(RaporNo): null

2021-11-23 09:44:01 - [MESSAGE][PASSED] - Call Test Case 'Test Cases/Popup/PopupMesajiIceriyorMu' successfully

2021-11-23 09:44:01 - [MESSAGE][INFO] - Checking called Test Case

2021-11-23 09:44:01 - [MESSAGE][INFO] - Starting to call Test Case 'Test Cases/Popup/PopupButonSecilir'

2021-11-23 09:44:01 - [TEST_CASE][PASSED] - Test Cases/Popup/PopupButonSecilir: Test Cases/Popup/PopupButonSecilir

2021-11-23 09:44:01 - [TEST_STEP][PASSED] - Method.TextDegerineEsitElementeTikla(findTestObject("Popup/Popup_Butons"), Buton): Method.TextDegerineEsitElementeTikla is PASSED

2021-11-23 09:44:01 - [MESSAGE][INFO] - Finding Test Object 'Object Repository/Popup/Popup_Butons'

2021-11-23 09:44:01 - [MESSAGE][INFO] - Checking timeout

2021-11-23 09:44:01 - [MESSAGE][INFO] - Finding web element with id: 'Object Repository/Popup/Popup_Butons' located by 'By.cssSelector: .modal-footer>button' in '10' second(s)

2021-11-23 09:44:01 - [MESSAGE][INFO] - Smart Wait Function is triggered

2021-11-23 09:44:02 - [MESSAGE][INFO] - Found 1 web elements with id: 'Object Repository/Popup/Popup_Butons' located by 'By.cssSelector: .modal-footer>button' in '10' second(s)

2021-11-23 09:44:02 - [MESSAGE][PASSED] - Method.TextDegerineEsitElementeTikla is PASSED

2021-11-23 09:44:02 - [MESSAGE][PASSED] - Call Test Case 'Test Cases/Popup/PopupButonSecilir' successfully

2021-11-23 09:44:02 - [MESSAGE][INFO] - Checking called Test Case

2021-11-23 09:44:02 - [MESSAGE][INFO] - Starting to call Test Case 'Test Cases/Filtreler/DropdownSec'

2021-11-23 09:44:02 - [TEST_CASE][PASSED] - Test Cases/Filtreler/DropdownSec: Test Cases/Filtreler/DropdownSec

2021-11-23 09:44:02 - [TEST_STEP][PASSED] - Method.TextDegerineEsitElementinAltindakineTikla(findTestObject("Filtreler/Basliklar"), findTestObject("Filtreler/Basliga_Gore_Baslangic_Image"), Filtre_Adi): Method.TextDegerineEsitElementinAltindakineTikla is PASSED

2021-11-23 09:44:02 - [MESSAGE][INFO] - Finding Test Object 'Object Repository/Filtreler/Basliklar'

2021-11-23 09:44:02 - [MESSAGE][INFO] - Finding Test Object 'Object Repository/Filtreler/Basliga_Gore_Baslangic_Image'

2021-11-23 09:44:02 - [MESSAGE][INFO] - Checking timeout

2021-11-23 09:44:02 - [MESSAGE][INFO] - Finding web element with id: 'Object Repository/Filtreler/Basliklar' located by 'By.cssSelector: .control-label.col-sm-4.paddingMarginRLC' in '10' second(s)

2021-11-23 09:44:02 - [MESSAGE][INFO] - Smart Wait Function is triggered

2021-11-23 09:44:02 - [MESSAGE][INFO] - Found 8 web elements with id: 'Object Repository/Filtreler/Basliklar' located by 'By.cssSelector: .control-label.col-sm-4.paddingMarginRLC' in '10' second(s)

2021-11-23 09:44:02 - [MESSAGE][INFO] - Smart Wait Function is triggered

2021-11-23 09:44:03 - [MESSAGE][PASSED] - Method.TextDegerineEsitElementinAltindakineTikla is PASSED

2021-11-23 09:44:03 - [TEST_STEP][PASSED] - Method.TextDegerineEsitElementeTikla(findTestObject("Object Repository/Filtreler/Basliga_Gore_Dropdown"), Filtre_Degeri): Method.TextDegerineEsitElementeTikla is PASSED

2021-11-23 09:44:03 - [MESSAGE][INFO] - Finding Test Object 'Object Repository/Filtreler/Basliga_Gore_Dropdown'

2021-11-23 09:44:03 - [MESSAGE][INFO] - Checking timeout

2021-11-23 09:44:03 - [MESSAGE][INFO] - Finding web element with id: 'Object Repository/Filtreler/Basliga_Gore_Dropdown' located by 'By.xpath: //*[@class = 'dxeListBoxItemRow_LECustomTheme']' in '10' second(s)

2021-11-23 09:44:03 - [MESSAGE][INFO] - Smart Wait Function is triggered

2021-11-23 09:44:03 - [MESSAGE][INFO] - Found 10 web elements with id: 'Object Repository/Filtreler/Basliga_Gore_Dropdown' located by 'By.xpath: //*[@class = 'dxeListBoxItemRow_LECustomTheme']' in '10' second(s)

2021-11-23 09:44:03 - [MESSAGE][PASSED] - Method.TextDegerineEsitElementeTikla is PASSED

2021-11-23 09:44:03 - [MESSAGE][PASSED] - Call Test Case 'Test Cases/Filtreler/DropdownSec' successfully

2021-11-23 09:44:03 - [MESSAGE][INFO] - Checking called Test Case

2021-11-23 09:44:03 - [MESSAGE][INFO] - Starting to call Test Case 'Test Cases/Filtreler/ButonaTikla'

2021-11-23 09:44:03 - [TEST_CASE][PASSED] - Test Cases/Filtreler/ButonaTikla: Test Cases/Filtreler/ButonaTikla

2021-11-23 09:44:03 - [TEST_STEP][PASSED] - Method.TextDegerineEsitElementeTikla(findTestObject("Filtreler/Butonlar"), Filtre_Buton): Method.TextDegerineEsitElementeTikla is PASSED

2021-11-23 09:44:03 - [MESSAGE][INFO] - Finding Test Object 'Object Repository/Filtreler/Butonlar'

2021-11-23 09:44:04 - [MESSAGE][INFO] - Checking timeout

2021-11-23 09:44:04 - [MESSAGE][INFO] - Finding web element with id: 'Object Repository/Filtreler/Butonlar' located by 'By.cssSelector: .dxb>span' in '10' second(s)

2021-11-23 09:44:04 - [MESSAGE][INFO] - Smart Wait Function is triggered

2021-11-23 09:44:04 - [MESSAGE][INFO] - Found 3 web elements with id: 'Object Repository/Filtreler/Butonlar' located by 'By.cssSelector: .dxb>span' in '10' second(s)

2021-11-23 09:44:04 - [MESSAGE][PASSED] - Method.TextDegerineEsitElementeTikla is PASSED

2021-11-23 09:44:04 - [MESSAGE][PASSED] - Call Test Case 'Test Cases/Filtreler/ButonaTikla' successfully

2021-11-23 09:44:04 - [MESSAGE][INFO] - Checking called Test Case

2021-11-23 09:44:04 - [MESSAGE][INFO] - Starting to call Test Case 'Test Cases/Tablo/TablonunButonunaTikla'

2021-11-23 09:44:04 - [TEST_CASE][PASSED] - Test Cases/Tablo/TablonunButonunaTikla: Test Cases/Tablo/TablonunButonunaTikla

2021-11-23 09:44:04 - [TEST_STEP][PASSED] - Method.TextDegerineEsitElementinAltindakiTextDegerineEsitOlanaTikla(findTestObject("Tablo/Veriler"), findTestObject("Tablo/VerininButonu"), Veri, Buton_Adi): Method.TextDegerineEsitElementinAltindakiTextDegerineEsitOlanaTikla is PASSED

2021-11-23 09:44:04 - [MESSAGE][INFO] - Finding Test Object 'Object Repository/Tablo/Veriler'

2021-11-23 09:44:04 - [MESSAGE][INFO] - Finding Test Object 'Object Repository/Tablo/VerininButonu'

2021-11-23 09:44:04 - [MESSAGE][INFO] - Checking timeout

2021-11-23 09:44:04 - [MESSAGE][INFO] - Finding web element with id: 'Object Repository/Tablo/Veriler' located by 'By.cssSelector: td.dxgv b ,td.dxgv' in '10' second(s)

2021-11-23 09:44:04 - [MESSAGE][INFO] - Smart Wait Function is triggered

2021-11-23 09:44:05 - [MESSAGE][INFO] - Found 44 web elements with id: 'Object Repository/Tablo/Veriler' located by 'By.cssSelector: td.dxgv b ,td.dxgv' in '10' second(s)

2021-11-23 09:44:05 - [MESSAGE][INFO] - Smart Wait Function is triggered

2021-11-23 09:44:05 - [MESSAGE][PASSED] - Method.TextDegerineEsitElementinAltindakiTextDegerineEsitOlanaTikla is PASSED

2021-11-23 09:44:05 - [MESSAGE][PASSED] - Call Test Case 'Test Cases/Tablo/TablonunButonunaTikla' successfully

2021-11-23 09:44:05 - [MESSAGE][INFO] - Checking called Test Case

2021-11-23 09:44:05 - [MESSAGE][INFO] - Starting to call Test Case 'Test Cases/Sekmeler/YeniSekmeyeGec'

2021-11-23 09:44:05 - [TEST_CASE][PASSED] - Test Cases/Sekmeler/YeniSekmeyeGec: Test Cases/Sekmeler/YeniSekmeyeGec

2021-11-23 09:44:05 - [TEST_STEP][PASSED] - switchToWindowIndex(1): Switched to window with index: '1'

2021-11-23 09:44:05 - [MESSAGE][INFO] - Checking index

2021-11-23 09:44:05 - [MESSAGE][INFO] - Switching window with index: '1'

2021-11-23 09:44:05 - [MESSAGE][PASSED] - Switched to window with index: '1'

2021-11-23 09:44:05 - [MESSAGE][PASSED] - Call Test Case 'Test Cases/Sekmeler/YeniSekmeyeGec' successfully

2021-11-23 09:44:05 - [MESSAGE][INFO] - Checking called Test Case

2021-11-23 09:44:05 - [MESSAGE][INFO] - Starting to call Test Case 'Test Cases/Tablo/TablodaVeriVarMi'

2021-11-23 09:44:05 - [TEST_CASE][PASSED] - Test Cases/Tablo/TablodaVeriVarMi: Test Cases/Tablo/TablodaVeriVarMi

2021-11-23 09:44:05 - [TEST_STEP][PASSED] - verifyTextNotPresent("Görüntülenecek veri yok", true): Text 'Görüntülenecek veri yok' is not present on page using regular expression

2021-11-23 09:44:05 - [MESSAGE][INFO] - Checking text present  using regular expression

2021-11-23 09:44:05 - [MESSAGE][INFO] - Smart Wait Function is triggered

2021-11-23 09:44:07 - [MESSAGE][INFO] - Finding text 'Görüntülenecek veri yok' on page  using regular expression

2021-11-23 09:44:07 - [MESSAGE][PASSED] - Text 'Görüntülenecek veri yok' is not present on page using regular expression

2021-11-23 09:44:07 - [MESSAGE][PASSED] - Call Test Case 'Test Cases/Tablo/TablodaVeriVarMi' successfully

2021-11-23 09:44:07 - [MESSAGE][INFO] - Checking called Test Case

2021-11-23 09:44:07 - [MESSAGE][INFO] - Starting to call Test Case 'Test Cases/Sekmeler/Ana_Sekmeye_Gec'

2021-11-23 09:44:07 - [TEST_CASE][PASSED] - Test Cases/Sekmeler/Ana_Sekmeye_Gec: Test Cases/Sekmeler/Ana_Sekmeye_Gec

2021-11-23 09:44:07 - [TEST_STEP][PASSED] - try: Window with index 1 is closed

2021-11-23 09:44:07 - [TEST_STEP][PASSED] - index = getWindowIndex(): Current window's index is: 1

2021-11-23 09:44:07 - [MESSAGE][INFO] - Getting current window's index

2021-11-23 09:44:07 - [MESSAGE][PASSED] - Current window's index is: 1

2021-11-23 09:44:07 - [TEST_STEP][PASSED] - closeWindowIndex(index): Window with index 1 is closed

2021-11-23 09:44:07 - [MESSAGE][INFO] - Checking index

2021-11-23 09:44:07 - [MESSAGE][INFO] - Closing window with index 1

2021-11-23 09:44:07 - [MESSAGE][PASSED] - Window with index 1 is closed

2021-11-23 09:44:07 - [TEST_STEP][PASSED] - switchToWindowIndex(0): Switched to window with index: '0'

2021-11-23 09:44:07 - [MESSAGE][INFO] - Checking index

2021-11-23 09:44:07 - [MESSAGE][INFO] - Switching window with index: '0'

2021-11-23 09:44:07 - [MESSAGE][PASSED] - Switched to window with index: '0'

2021-11-23 09:44:07 - [MESSAGE][PASSED] - Call Test Case 'Test Cases/Sekmeler/Ana_Sekmeye_Gec' successfully

2021-11-23 09:44:07 - [MESSAGE][INFO] - Checking called Test Case

2021-11-23 09:44:07 - [MESSAGE][INFO] - Starting to call Test Case 'Test Cases/Tablo/TablodaVeriVarMi'

2021-11-23 09:44:07 - [TEST_CASE][PASSED] - Test Cases/Tablo/TablodaVeriVarMi: Test Cases/Tablo/TablodaVeriVarMi

2021-11-23 09:44:07 - [TEST_STEP][PASSED] - verifyTextNotPresent("Görüntülenecek veri yok", true): Text 'Görüntülenecek veri yok' is not present on page using regular expression

2021-11-23 09:44:07 - [MESSAGE][INFO] - Checking text present  using regular expression

2021-11-23 09:44:07 - [MESSAGE][INFO] - Smart Wait Function is triggered

2021-11-23 09:44:07 - [MESSAGE][INFO] - Finding text 'Görüntülenecek veri yok' on page  using regular expression

2021-11-23 09:44:07 - [MESSAGE][PASSED] - Text 'Görüntülenecek veri yok' is not present on page using regular expression

2021-11-23 09:44:07 - [MESSAGE][PASSED] - Call Test Case 'Test Cases/Tablo/TablodaVeriVarMi' successfully

2021-11-23 09:44:07 - [MESSAGE][INFO] - Checking called Test Case

2021-11-23 09:44:07 - [MESSAGE][INFO] - Starting to call Test Case 'Test Cases/Tablo/TablodanVeriSec'

2021-11-23 09:44:07 - [TEST_CASE][PASSED] - Test Cases/Tablo/TablodanVeriSec: Test Cases/Tablo/TablodanVeriSec

2021-11-23 09:44:07 - [TEST_STEP][PASSED] - Method.TextDegerineEsitElementinAltindakineTikla(findTestObject("Tablo/Veriler"), findTestObject("Tablo/VerininCheckBoxi"), Veri_Adi): Method.TextDegerineEsitElementinAltindakineTikla is PASSED

2021-11-23 09:44:07 - [MESSAGE][INFO] - Finding Test Object 'Object Repository/Tablo/Veriler'

2021-11-23 09:44:08 - [MESSAGE][INFO] - Finding Test Object 'Object Repository/Tablo/VerininCheckBoxi'

2021-11-23 09:44:08 - [MESSAGE][INFO] - Checking timeout

2021-11-23 09:44:08 - [MESSAGE][INFO] - Finding web element with id: 'Object Repository/Tablo/Veriler' located by 'By.cssSelector: td.dxgv b ,td.dxgv' in '10' second(s)

2021-11-23 09:44:08 - [MESSAGE][INFO] - Smart Wait Function is triggered

2021-11-23 09:44:08 - [MESSAGE][INFO] - Found 44 web elements with id: 'Object Repository/Tablo/Veriler' located by 'By.cssSelector: td.dxgv b ,td.dxgv' in '10' second(s)

2021-11-23 09:44:08 - [MESSAGE][INFO] - Smart Wait Function is triggered

2021-11-23 09:44:08 - [MESSAGE][PASSED] - Method.TextDegerineEsitElementinAltindakineTikla is PASSED

2021-11-23 09:44:08 - [MESSAGE][PASSED] - Call Test Case 'Test Cases/Tablo/TablodanVeriSec' successfully

2021-11-23 09:44:08 - [MESSAGE][INFO] - Checking called Test Case

2021-11-23 09:44:08 - [MESSAGE][INFO] - Starting to call Test Case 'Test Cases/Butonlar/ButonaTikla'

2021-11-23 09:44:08 - [TEST_CASE][PASSED] - Test Cases/Butonlar/ButonaTikla: Test Cases/Butonlar/ButonaTikla

2021-11-23 09:44:08 - [TEST_STEP][PASSED] - Method.TextDegerineEsitElementeTiklaEquals(findTestObject("Butonlar/Butonlar"), Buton_Adi): Method.TextDegerineEsitElementeTiklaEquals is PASSED

2021-11-23 09:44:08 - [MESSAGE][INFO] - Finding Test Object 'Object Repository/Butonlar/Butonlar'

2021-11-23 09:44:08 - [MESSAGE][INFO] - Checking timeout

2021-11-23 09:44:08 - [MESSAGE][INFO] - Finding web element with id: 'Object Repository/Butonlar/Butonlar' located by 'By.cssSelector: .panel.panel-default.text-center.footerPanel .btn,.btn.btn-primary.btnControls' in '10' second(s)

2021-11-23 09:44:08 - [MESSAGE][INFO] - Smart Wait Function is triggered

2021-11-23 09:44:09 - [MESSAGE][INFO] - Found 5 web elements with id: 'Object Repository/Butonlar/Butonlar' located by 'By.cssSelector: .panel.panel-default.text-center.footerPanel .btn,.btn.btn-primary.btnControls' in '10' second(s)

2021-11-23 09:44:09 - [MESSAGE][PASSED] - Method.TextDegerineEsitElementeTiklaEquals is PASSED

2021-11-23 09:44:09 - [MESSAGE][PASSED] - Call Test Case 'Test Cases/Butonlar/ButonaTikla' successfully

2021-11-23 09:44:09 - [MESSAGE][INFO] - Checking called Test Case

2021-11-23 09:44:09 - [MESSAGE][INFO] - Starting to call Test Case 'Test Cases/Sekmeler/YeniSekmeyeGec'

2021-11-23 09:44:09 - [TEST_CASE][PASSED] - Test Cases/Sekmeler/YeniSekmeyeGec: Test Cases/Sekmeler/YeniSekmeyeGec

2021-11-23 09:44:09 - [TEST_STEP][PASSED] - switchToWindowIndex(1): Switched to window with index: '1'

2021-11-23 09:44:09 - [MESSAGE][INFO] - Checking index

2021-11-23 09:44:09 - [MESSAGE][INFO] - Switching window with index: '1'

2021-11-23 09:44:09 - [MESSAGE][PASSED] - Switched to window with index: '1'

2021-11-23 09:44:09 - [MESSAGE][PASSED] - Call Test Case 'Test Cases/Sekmeler/YeniSekmeyeGec' successfully

2021-11-23 09:44:09 - [MESSAGE][INFO] - Checking called Test Case

2021-11-23 09:44:09 - [MESSAGE][INFO] - Starting to call Test Case 'Test Cases/Sekmeler/TagGeldiMi'

2021-11-23 09:44:09 - [TEST_CASE][PASSED] - Test Cases/Sekmeler/TagGeldiMi: Test Cases/Sekmeler/TagGeldiMi

2021-11-23 09:44:09 - [TEST_STEP][PASSED] - waitForElementPresent(findTestObject("Object Repository/Sekmeler/UBLTag"), 10): Object 'Object Repository/Sekmeler/UBLTag' is present

2021-11-23 09:44:09 - [MESSAGE][INFO] - Finding Test Object 'Object Repository/Sekmeler/UBLTag'

2021-11-23 09:44:09 - [MESSAGE][INFO] - Checking object

2021-11-23 09:44:09 - [MESSAGE][INFO] - Finding web element from Test Object's properties

2021-11-23 09:44:09 - [MESSAGE][INFO] - Checking timeout

2021-11-23 09:44:09 - [MESSAGE][INFO] - Finding web element with id: 'Object Repository/Sekmeler/UBLTag' located by 'By.cssSelector: #webkit-xml-viewer-source-xml>:first-child' in '10' second(s)

2021-11-23 09:44:09 - [MESSAGE][INFO] - Smart Wait Function is triggered

2021-11-23 09:44:10 - [MESSAGE][INFO] - Found 1 web elements with id: 'Object Repository/Sekmeler/UBLTag' located by 'By.cssSelector: #webkit-xml-viewer-source-xml>:first-child' in '10' second(s)

2021-11-23 09:44:10 - [MESSAGE][PASSED] - Object 'Object Repository/Sekmeler/UBLTag' is present

2021-11-23 09:44:10 - [TEST_STEP][PASSED] - println(toLowerCase().toString()): Found 1 web elements with id: 'Object Repository/Sekmeler/UBLTag' located by 'By.cssSelector: #webkit-xml-viewer-source-xml>:first-child' in '10' second(s)

2021-11-23 09:44:10 - [MESSAGE][INFO] - Finding Test Object 'Object Repository/Sekmeler/UBLTag'

2021-11-23 09:44:10 - [MESSAGE][INFO] - Finding web element from Test Object's properties

2021-11-23 09:44:10 - [MESSAGE][INFO] - Checking timeout

2021-11-23 09:44:10 - [MESSAGE][INFO] - Finding web element with id: 'Object Repository/Sekmeler/UBLTag' located by 'By.cssSelector: #webkit-xml-viewer-source-xml>:first-child' in '10' second(s)

2021-11-23 09:44:10 - [MESSAGE][INFO] - Smart Wait Function is triggered

2021-11-23 09:44:10 - [MESSAGE][INFO] - Found 1 web elements with id: 'Object Repository/Sekmeler/UBLTag' located by 'By.cssSelector: #webkit-xml-viewer-source-xml>:first-child' in '10' second(s)

2021-11-23 09:44:10 - [TEST_STEP][PASSED] - if (!(toString().contains(toString().toLowerCase()))): Found 1 web elements with id: 'Object Repository/Sekmeler/UBLTag' located by 'By.cssSelector: #webkit-xml-viewer-source-xml>:first-child' in '10' second(s)

2021-11-23 09:44:10 - [MESSAGE][INFO] - Finding Test Object 'Object Repository/Sekmeler/UBLTag'

2021-11-23 09:44:10 - [MESSAGE][INFO] - Finding web element from Test Object's properties

2021-11-23 09:44:10 - [MESSAGE][INFO] - Checking timeout

2021-11-23 09:44:10 - [MESSAGE][INFO] - Finding web element with id: 'Object Repository/Sekmeler/UBLTag' located by 'By.cssSelector: #webkit-xml-viewer-source-xml>:first-child' in '10' second(s)

2021-11-23 09:44:10 - [MESSAGE][INFO] - Smart Wait Function is triggered

2021-11-23 09:44:10 - [MESSAGE][INFO] - Found 1 web elements with id: 'Object Repository/Sekmeler/UBLTag' located by 'By.cssSelector: #webkit-xml-viewer-source-xml>:first-child' in '10' second(s)

2021-11-23 09:44:10 - [MESSAGE][PASSED] - Call Test Case 'Test Cases/Sekmeler/TagGeldiMi' successfully

2021-11-23 09:44:10 - [MESSAGE][INFO] - Checking called Test Case

2021-11-23 09:44:10 - [MESSAGE][INFO] - Starting to call Test Case 'Test Cases/Sekmeler/Ana_Sekmeye_Gec'

2021-11-23 09:44:10 - [TEST_CASE][PASSED] - Test Cases/Sekmeler/Ana_Sekmeye_Gec: Test Cases/Sekmeler/Ana_Sekmeye_Gec

2021-11-23 09:44:10 - [TEST_STEP][PASSED] - try: Window with index 1 is closed

2021-11-23 09:44:10 - [TEST_STEP][PASSED] - index = getWindowIndex(): Current window's index is: 1

2021-11-23 09:44:10 - [MESSAGE][INFO] - Getting current window's index

2021-11-23 09:44:10 - [MESSAGE][PASSED] - Current window's index is: 1

2021-11-23 09:44:10 - [TEST_STEP][PASSED] - closeWindowIndex(index): Window with index 1 is closed

2021-11-23 09:44:10 - [MESSAGE][INFO] - Checking index

2021-11-23 09:44:10 - [MESSAGE][INFO] - Closing window with index 1

2021-11-23 09:44:10 - [MESSAGE][PASSED] - Window with index 1 is closed

2021-11-23 09:44:10 - [TEST_STEP][PASSED] - switchToWindowIndex(0): Switched to window with index: '0'

2021-11-23 09:44:10 - [MESSAGE][INFO] - Checking index

2021-11-23 09:44:10 - [MESSAGE][INFO] - Switching window with index: '0'

2021-11-23 09:44:10 - [MESSAGE][PASSED] - Switched to window with index: '0'

2021-11-23 09:44:10 - [MESSAGE][PASSED] - Call Test Case 'Test Cases/Sekmeler/Ana_Sekmeye_Gec' successfully

2021-11-23 09:44:10 - [MESSAGE][INFO] - Checking called Test Case

2021-11-23 09:44:10 - [MESSAGE][INFO] - Starting to call Test Case 'Test Cases/Butonlar/ButonaTikla'

2021-11-23 09:44:11 - [TEST_CASE][PASSED] - Test Cases/Butonlar/ButonaTikla: Test Cases/Butonlar/ButonaTikla

2021-11-23 09:44:11 - [TEST_STEP][PASSED] - Method.TextDegerineEsitElementeTiklaEquals(findTestObject("Butonlar/Butonlar"), Buton_Adi): Method.TextDegerineEsitElementeTiklaEquals is PASSED

2021-11-23 09:44:11 - [MESSAGE][INFO] - Finding Test Object 'Object Repository/Butonlar/Butonlar'

2021-11-23 09:44:11 - [MESSAGE][INFO] - Checking timeout

2021-11-23 09:44:11 - [MESSAGE][INFO] - Finding web element with id: 'Object Repository/Butonlar/Butonlar' located by 'By.cssSelector: .panel.panel-default.text-center.footerPanel .btn,.btn.btn-primary.btnControls' in '10' second(s)

2021-11-23 09:44:11 - [MESSAGE][INFO] - Smart Wait Function is triggered

2021-11-23 09:44:11 - [MESSAGE][INFO] - Found 5 web elements with id: 'Object Repository/Butonlar/Butonlar' located by 'By.cssSelector: .panel.panel-default.text-center.footerPanel .btn,.btn.btn-primary.btnControls' in '10' second(s)

2021-11-23 09:44:11 - [MESSAGE][PASSED] - Method.TextDegerineEsitElementeTiklaEquals is PASSED

2021-11-23 09:44:11 - [MESSAGE][PASSED] - Call Test Case 'Test Cases/Butonlar/ButonaTikla' successfully

2021-11-23 09:44:11 - [MESSAGE][INFO] - Checking called Test Case

2021-11-23 09:44:11 - [MESSAGE][INFO] - Starting to call Test Case 'Test Cases/Butonlar/AltButonaTikla'

2021-11-23 09:44:11 - [TEST_CASE][PASSED] - Test Cases/Butonlar/AltButonaTikla: Test Cases/Butonlar/AltButonaTikla

2021-11-23 09:44:11 - [TEST_STEP][PASSED] - Method.TextDegerineEsitElementeTikla(findTestObject("Butonlar/AltButonlar"), Alt_Buton): Method.TextDegerineEsitElementeTikla is PASSED

2021-11-23 09:44:11 - [MESSAGE][INFO] - Finding Test Object 'Object Repository/Butonlar/AltButonlar'

2021-11-23 09:44:11 - [MESSAGE][INFO] - Checking timeout

2021-11-23 09:44:11 - [MESSAGE][INFO] - Finding web element with id: 'Object Repository/Butonlar/AltButonlar' located by 'By.cssSelector: .btn-group.open li>a' in '10' second(s)

2021-11-23 09:44:11 - [MESSAGE][INFO] - Smart Wait Function is triggered

2021-11-23 09:44:11 - [MESSAGE][INFO] - Found 1 web elements with id: 'Object Repository/Butonlar/AltButonlar' located by 'By.cssSelector: .btn-group.open li>a' in '10' second(s)

2021-11-23 09:44:12 - [MESSAGE][PASSED] - Method.TextDegerineEsitElementeTikla is PASSED

2021-11-23 09:44:12 - [MESSAGE][PASSED] - Call Test Case 'Test Cases/Butonlar/AltButonaTikla' successfully

2021-11-23 09:44:12 - [MESSAGE][INFO] - Checking called Test Case

2021-11-23 09:44:12 - [MESSAGE][INFO] - Starting to call Test Case 'Test Cases/Butonlar/DosyaIndirildiMi'

2021-11-23 09:44:12 - [TEST_CASE][PASSED] - Test Cases/Butonlar/DosyaIndirildiMi: Test Cases/Butonlar/DosyaIndirildiMi

2021-11-23 09:44:12 - [TEST_STEP][PASSED] - Method.isimliDosyaIndirildiMi(DownloadFile, FileName): Method.isimliDosyaIndirildiMi is PASSED

2021-11-23 09:44:12 - [MESSAGE][INFO] - Delaying browser in 3 second(s)

2021-11-23 09:44:15 - [MESSAGE][PASSED] - Delayed 3 second(s)

2021-11-23 09:44:15 - [MESSAGE][PASSED] - Method.isimliDosyaIndirildiMi is PASSED

2021-11-23 09:44:15 - [MESSAGE][PASSED] - Call Test Case 'Test Cases/Butonlar/DosyaIndirildiMi' successfully

2021-11-23 09:44:15 - [MESSAGE][INFO] - Checking called Test Case

2021-11-23 09:44:15 - [MESSAGE][INFO] - Starting to call Test Case 'Test Cases/Butonlar/ButonaTikla'

2021-11-23 09:44:15 - [TEST_CASE][PASSED] - Test Cases/Butonlar/ButonaTikla: Test Cases/Butonlar/ButonaTikla

2021-11-23 09:44:15 - [TEST_STEP][PASSED] - Method.TextDegerineEsitElementeTiklaEquals(findTestObject("Butonlar/Butonlar"), Buton_Adi): Method.TextDegerineEsitElementeTiklaEquals is PASSED

2021-11-23 09:44:15 - [MESSAGE][INFO] - Finding Test Object 'Object Repository/Butonlar/Butonlar'

2021-11-23 09:44:15 - [MESSAGE][INFO] - Checking timeout

2021-11-23 09:44:15 - [MESSAGE][INFO] - Finding web element with id: 'Object Repository/Butonlar/Butonlar' located by 'By.cssSelector: .panel.panel-default.text-center.footerPanel .btn,.btn.btn-primary.btnControls' in '10' second(s)

2021-11-23 09:44:15 - [MESSAGE][INFO] - Smart Wait Function is triggered

2021-11-23 09:44:15 - [MESSAGE][INFO] - Found 5 web elements with id: 'Object Repository/Butonlar/Butonlar' located by 'By.cssSelector: .panel.panel-default.text-center.footerPanel .btn,.btn.btn-primary.btnControls' in '10' second(s)

2021-11-23 09:44:15 - [MESSAGE][PASSED] - Method.TextDegerineEsitElementeTiklaEquals is PASSED

2021-11-23 09:44:15 - [MESSAGE][PASSED] - Call Test Case 'Test Cases/Butonlar/ButonaTikla' successfully

2021-11-23 09:44:15 - [MESSAGE][INFO] - Checking called Test Case

2021-11-23 09:44:15 - [MESSAGE][INFO] - Starting to call Test Case 'Test Cases/Butonlar/AltButonaTikla'

2021-11-23 09:44:15 - [TEST_CASE][PASSED] - Test Cases/Butonlar/AltButonaTikla: Test Cases/Butonlar/AltButonaTikla

2021-11-23 09:44:15 - [TEST_STEP][PASSED] - Method.TextDegerineEsitElementeTikla(findTestObject("Butonlar/AltButonlar"), Alt_Buton): Method.TextDegerineEsitElementeTikla is PASSED

2021-11-23 09:44:15 - [MESSAGE][INFO] - Finding Test Object 'Object Repository/Butonlar/AltButonlar'

2021-11-23 09:44:15 - [MESSAGE][INFO] - Checking timeout

2021-11-23 09:44:15 - [MESSAGE][INFO] - Finding web element with id: 'Object Repository/Butonlar/AltButonlar' located by 'By.cssSelector: .btn-group.open li>a' in '10' second(s)

2021-11-23 09:44:15 - [MESSAGE][INFO] - Smart Wait Function is triggered

2021-11-23 09:44:16 - [MESSAGE][INFO] - Found 2 web elements with id: 'Object Repository/Butonlar/AltButonlar' located by 'By.cssSelector: .btn-group.open li>a' in '10' second(s)

2021-11-23 09:44:16 - [MESSAGE][PASSED] - Method.TextDegerineEsitElementeTikla is PASSED

2021-11-23 09:44:16 - [MESSAGE][PASSED] - Call Test Case 'Test Cases/Butonlar/AltButonaTikla' successfully

2021-11-23 09:44:16 - [MESSAGE][INFO] - Checking called Test Case

2021-11-23 09:44:16 - [MESSAGE][INFO] - Starting to call Test Case 'Test Cases/Popup/PopupMesajiIceriyorMu'

2021-11-23 09:44:16 - [TEST_CASE][PASSED] - Test Cases/Popup/PopupMesajiIceriyorMu: Test Cases/Popup/PopupMesajiIceriyorMu

2021-11-23 09:44:16 - [TEST_STEP][PASSED] - waitForElementVisible(findTestObject("Popup/Popup"), 10): Object 'Object Repository/Popup/Popup' is visible

2021-11-23 09:44:16 - [MESSAGE][INFO] - Finding Test Object 'Object Repository/Popup/Popup'

2021-11-23 09:44:16 - [MESSAGE][INFO] - Checking object

2021-11-23 09:44:16 - [MESSAGE][INFO] - Checking timeout

2021-11-23 09:44:16 - [MESSAGE][INFO] - Finding web element from Test Object's properties

2021-11-23 09:44:16 - [MESSAGE][INFO] - Checking timeout

2021-11-23 09:44:16 - [MESSAGE][INFO] - Finding web element with id: 'Object Repository/Popup/Popup' located by 'By.cssSelector: .bootbox-body' in '10' second(s)

2021-11-23 09:44:16 - [MESSAGE][INFO] - Smart Wait Function is triggered

2021-11-23 09:44:16 - [MESSAGE][INFO] - Found 1 web elements with id: 'Object Repository/Popup/Popup' located by 'By.cssSelector: .bootbox-body' in '10' second(s)

2021-11-23 09:44:16 - [MESSAGE][PASSED] - Object 'Object Repository/Popup/Popup' is visible

2021-11-23 09:44:16 - [TEST_STEP][PASSED] - if (!(getText(findTestObject("Popup/Popup")).contains(Mesaj))): Text of object 'Object Repository/Popup/Popup' is: 'Lütfen rapor bildiriminin gönderileceği e-posta adresini belirtiniz.
e-Posta Adresi'

2021-11-23 09:44:16 - [MESSAGE][INFO] - Finding Test Object 'Object Repository/Popup/Popup'

2021-11-23 09:44:17 - [MESSAGE][INFO] - Checking object

2021-11-23 09:44:17 - [MESSAGE][INFO] - Finding web element from Test Object's properties

2021-11-23 09:44:17 - [MESSAGE][INFO] - Checking timeout

2021-11-23 09:44:17 - [MESSAGE][INFO] - Finding web element with id: 'Object Repository/Popup/Popup' located by 'By.cssSelector: .bootbox-body' in '30' second(s)

2021-11-23 09:44:17 - [MESSAGE][INFO] - Smart Wait Function is triggered

2021-11-23 09:44:17 - [MESSAGE][INFO] - Found 1 web elements with id: 'Object Repository/Popup/Popup' located by 'By.cssSelector: .bootbox-body' in '30' second(s)

2021-11-23 09:44:17 - [MESSAGE][INFO] - Getting text of object 'Object Repository/Popup/Popup'

2021-11-23 09:44:17 - [MESSAGE][PASSED] - Text of object 'Object Repository/Popup/Popup' is: 'Lütfen rapor bildiriminin gönderileceği e-posta adresini belirtiniz.
e-Posta Adresi'

2021-11-23 09:44:17 - [TEST_STEP][PASSED] - RaporNo = getText(findTestObject("Popup/Popup")).substring(0, 6): Text of object 'Object Repository/Popup/Popup' is: 'Lütfen rapor bildiriminin gönderileceği e-posta adresini belirtiniz.
e-Posta Adresi'

2021-11-23 09:44:17 - [MESSAGE][INFO] - Finding Test Object 'Object Repository/Popup/Popup'

2021-11-23 09:44:17 - [MESSAGE][INFO] - Checking object

2021-11-23 09:44:17 - [MESSAGE][INFO] - Finding web element from Test Object's properties

2021-11-23 09:44:17 - [MESSAGE][INFO] - Checking timeout

2021-11-23 09:44:17 - [MESSAGE][INFO] - Finding web element with id: 'Object Repository/Popup/Popup' located by 'By.cssSelector: .bootbox-body' in '30' second(s)

2021-11-23 09:44:17 - [MESSAGE][INFO] - Smart Wait Function is triggered

2021-11-23 09:44:17 - [MESSAGE][INFO] - Found 1 web elements with id: 'Object Repository/Popup/Popup' located by 'By.cssSelector: .bootbox-body' in '30' second(s)

2021-11-23 09:44:17 - [MESSAGE][INFO] - Getting text of object 'Object Repository/Popup/Popup'

2021-11-23 09:44:17 - [MESSAGE][PASSED] - Text of object 'Object Repository/Popup/Popup' is: 'Lütfen rapor bildiriminin gönderileceği e-posta adresini belirtiniz.
e-Posta Adresi'

2021-11-23 09:44:17 - [TEST_STEP][PASSED] - Console.println(RaporNo): null

2021-11-23 09:44:17 - [MESSAGE][PASSED] - Call Test Case 'Test Cases/Popup/PopupMesajiIceriyorMu' successfully

2021-11-23 09:44:17 - [MESSAGE][INFO] - Checking called Test Case

2021-11-23 09:44:17 - [MESSAGE][INFO] - Starting to call Test Case 'Test Cases/Popup/PopupaEmailEklenir'

2021-11-23 09:44:17 - [TEST_CASE][PASSED] - Test Cases/Popup/PopupaEmailEklenir: Test Cases/Popup/PopupaEmailEklenir

2021-11-23 09:44:17 - [TEST_STEP][PASSED] - clearText(findTestObject("Popup/EmailText")): Text of object 'Object Repository/Popup/EmailText' is cleared

2021-11-23 09:44:17 - [MESSAGE][INFO] - Finding Test Object 'Object Repository/Popup/EmailText'

2021-11-23 09:44:17 - [MESSAGE][INFO] - Checking object

2021-11-23 09:44:17 - [MESSAGE][INFO] - Finding web element from Test Object's properties

2021-11-23 09:44:17 - [MESSAGE][INFO] - Checking timeout

2021-11-23 09:44:17 - [MESSAGE][INFO] - Finding web element with id: 'Object Repository/Popup/EmailText' located by 'By.xpath: //*[@id="eMails"]' in '30' second(s)

2021-11-23 09:44:17 - [MESSAGE][INFO] - Smart Wait Function is triggered

2021-11-23 09:44:18 - [MESSAGE][INFO] - Found 1 web elements with id: 'Object Repository/Popup/EmailText' located by 'By.xpath: //*[@id="eMails"]' in '30' second(s)

2021-11-23 09:44:18 - [MESSAGE][INFO] - Clearing text of object 'Object Repository/Popup/EmailText'

2021-11-23 09:44:18 - [MESSAGE][PASSED] - Text of object 'Object Repository/Popup/EmailText' is cleared

2021-11-23 09:44:18 - [TEST_STEP][PASSED] - sendKeys(findTestObject("Popup/EmailText"), Email): Keys 'elogotest@gmail.com;ali.kara@logo.com.tr' sent to object: 'Object Repository/Popup/EmailText'

2021-11-23 09:44:18 - [MESSAGE][INFO] - Finding Test Object 'Object Repository/Popup/EmailText'

2021-11-23 09:44:18 - [MESSAGE][INFO] - Sending keys 'elogotest@gmail.com;ali.kara@logo.com.tr' to object: 'Object Repository/Popup/EmailText'

2021-11-23 09:44:18 - [MESSAGE][INFO] - Finding web element from Test Object's properties

2021-11-23 09:44:18 - [MESSAGE][INFO] - Checking timeout

2021-11-23 09:44:18 - [MESSAGE][INFO] - Finding web element with id: 'Object Repository/Popup/EmailText' located by 'By.xpath: //*[@id="eMails"]' in '30' second(s)

2021-11-23 09:44:18 - [MESSAGE][INFO] - Smart Wait Function is triggered

2021-11-23 09:44:18 - [MESSAGE][INFO] - Found 1 web elements with id: 'Object Repository/Popup/EmailText' located by 'By.xpath: //*[@id="eMails"]' in '30' second(s)

2021-11-23 09:44:18 - [MESSAGE][PASSED] - Keys 'elogotest@gmail.com;ali.kara@logo.com.tr' sent to object: 'Object Repository/Popup/EmailText'

2021-11-23 09:44:18 - [MESSAGE][PASSED] - Call Test Case 'Test Cases/Popup/PopupaEmailEklenir' successfully

2021-11-23 09:44:18 - [MESSAGE][INFO] - Checking called Test Case

2021-11-23 09:44:18 - [MESSAGE][INFO] - Starting to call Test Case 'Test Cases/Popup/PopupButonSecilir'

2021-11-23 09:44:18 - [TEST_CASE][PASSED] - Test Cases/Popup/PopupButonSecilir: Test Cases/Popup/PopupButonSecilir

2021-11-23 09:44:18 - [TEST_STEP][PASSED] - Method.TextDegerineEsitElementeTikla(findTestObject("Popup/Popup_Butons"), Buton): Method.TextDegerineEsitElementeTikla is PASSED

2021-11-23 09:44:18 - [MESSAGE][INFO] - Finding Test Object 'Object Repository/Popup/Popup_Butons'

2021-11-23 09:44:18 - [MESSAGE][INFO] - Checking timeout

2021-11-23 09:44:18 - [MESSAGE][INFO] - Finding web element with id: 'Object Repository/Popup/Popup_Butons' located by 'By.cssSelector: .modal-footer>button' in '10' second(s)

2021-11-23 09:44:18 - [MESSAGE][INFO] - Smart Wait Function is triggered

2021-11-23 09:44:19 - [MESSAGE][INFO] - Found 2 web elements with id: 'Object Repository/Popup/Popup_Butons' located by 'By.cssSelector: .modal-footer>button' in '10' second(s)

2021-11-23 09:44:19 - [MESSAGE][PASSED] - Method.TextDegerineEsitElementeTikla is PASSED

2021-11-23 09:44:19 - [MESSAGE][PASSED] - Call Test Case 'Test Cases/Popup/PopupButonSecilir' successfully

2021-11-23 09:44:19 - [MESSAGE][INFO] - Checking called Test Case

2021-11-23 09:44:19 - [MESSAGE][INFO] - Starting to call Test Case 'Test Cases/Popup/PopupMesajiIceriyorMu'

2021-11-23 09:44:19 - [TEST_CASE][PASSED] - Test Cases/Popup/PopupMesajiIceriyorMu: Test Cases/Popup/PopupMesajiIceriyorMu

2021-11-23 09:44:19 - [TEST_STEP][PASSED] - waitForElementVisible(findTestObject("Popup/Popup"), 10): Object 'Object Repository/Popup/Popup' is visible

2021-11-23 09:44:19 - [MESSAGE][INFO] - Finding Test Object 'Object Repository/Popup/Popup'

2021-11-23 09:44:19 - [MESSAGE][INFO] - Checking object

2021-11-23 09:44:19 - [MESSAGE][INFO] - Checking timeout

2021-11-23 09:44:19 - [MESSAGE][INFO] - Finding web element from Test Object's properties

2021-11-23 09:44:19 - [MESSAGE][INFO] - Checking timeout

2021-11-23 09:44:19 - [MESSAGE][INFO] - Finding web element with id: 'Object Repository/Popup/Popup' located by 'By.cssSelector: .bootbox-body' in '10' second(s)

2021-11-23 09:44:19 - [MESSAGE][INFO] - Smart Wait Function is triggered

2021-11-23 09:44:21 - [MESSAGE][INFO] - Found 1 web elements with id: 'Object Repository/Popup/Popup' located by 'By.cssSelector: .bootbox-body' in '10' second(s)

2021-11-23 09:44:21 - [MESSAGE][PASSED] - Object 'Object Repository/Popup/Popup' is visible

2021-11-23 09:44:21 - [TEST_STEP][PASSED] - if (!(getText(findTestObject("Popup/Popup")).contains(Mesaj))): Text of object 'Object Repository/Popup/Popup' is: '17598 no’lu talebiniz işleme alınmıştır. Raporunuz hazırlandığında (elogotest@gmail.com;ali.kara@logo.com.tr) adresinize mail gönderilecektir.
Rapor durumunuzu Raporlar > Toplu Veri İndirme ekranından takip edebilir, hazırlandı durumundaki raporlarınızı ilgili menüden indirebilirsiniz.'

2021-11-23 09:44:21 - [MESSAGE][INFO] - Finding Test Object 'Object Repository/Popup/Popup'

2021-11-23 09:44:21 - [MESSAGE][INFO] - Checking object

2021-11-23 09:44:21 - [MESSAGE][INFO] - Finding web element from Test Object's properties

2021-11-23 09:44:21 - [MESSAGE][INFO] - Checking timeout

2021-11-23 09:44:21 - [MESSAGE][INFO] - Finding web element with id: 'Object Repository/Popup/Popup' located by 'By.cssSelector: .bootbox-body' in '30' second(s)

2021-11-23 09:44:21 - [MESSAGE][INFO] - Smart Wait Function is triggered

2021-11-23 09:44:21 - [MESSAGE][INFO] - Found 1 web elements with id: 'Object Repository/Popup/Popup' located by 'By.cssSelector: .bootbox-body' in '30' second(s)

2021-11-23 09:44:21 - [MESSAGE][INFO] - Getting text of object 'Object Repository/Popup/Popup'

2021-11-23 09:44:21 - [MESSAGE][PASSED] - Text of object 'Object Repository/Popup/Popup' is: '17598 no’lu talebiniz işleme alınmıştır. Raporunuz hazırlandığında (elogotest@gmail.com;ali.kara@logo.com.tr) adresinize mail gönderilecektir.
Rapor durumunuzu Raporlar > Toplu Veri İndirme ekranından takip edebilir, hazırlandı durumundaki raporlarınızı ilgili menüden indirebilirsiniz.'

2021-11-23 09:44:21 - [TEST_STEP][PASSED] - RaporNo = getText(findTestObject("Popup/Popup")).substring(0, 6): Text of object 'Object Repository/Popup/Popup' is: '17598 no’lu talebiniz işleme alınmıştır. Raporunuz hazırlandığında (elogotest@gmail.com;ali.kara@logo.com.tr) adresinize mail gönderilecektir.
Rapor durumunuzu Raporlar > Toplu Veri İndirme ekranından takip edebilir, hazırlandı durumundaki raporlarınızı ilgili menüden indirebilirsiniz.'

2021-11-23 09:44:21 - [MESSAGE][INFO] - Finding Test Object 'Object Repository/Popup/Popup'

2021-11-23 09:44:21 - [MESSAGE][INFO] - Checking object

2021-11-23 09:44:21 - [MESSAGE][INFO] - Finding web element from Test Object's properties

2021-11-23 09:44:21 - [MESSAGE][INFO] - Checking timeout

2021-11-23 09:44:21 - [MESSAGE][INFO] - Finding web element with id: 'Object Repository/Popup/Popup' located by 'By.cssSelector: .bootbox-body' in '30' second(s)

2021-11-23 09:44:21 - [MESSAGE][INFO] - Smart Wait Function is triggered

2021-11-23 09:44:21 - [MESSAGE][INFO] - Found 1 web elements with id: 'Object Repository/Popup/Popup' located by 'By.cssSelector: .bootbox-body' in '30' second(s)

2021-11-23 09:44:21 - [MESSAGE][INFO] - Getting text of object 'Object Repository/Popup/Popup'

2021-11-23 09:44:21 - [MESSAGE][PASSED] - Text of object 'Object Repository/Popup/Popup' is: '17598 no’lu talebiniz işleme alınmıştır. Raporunuz hazırlandığında (elogotest@gmail.com;ali.kara@logo.com.tr) adresinize mail gönderilecektir.
Rapor durumunuzu Raporlar > Toplu Veri İndirme ekranından takip edebilir, hazırlandı durumundaki raporlarınızı ilgili menüden indirebilirsiniz.'

2021-11-23 09:44:21 - [TEST_STEP][PASSED] - Console.println(RaporNo): null

2021-11-23 09:44:21 - [MESSAGE][PASSED] - Call Test Case 'Test Cases/Popup/PopupMesajiIceriyorMu' successfully

2021-11-23 09:44:21 - [MESSAGE][INFO] - Checking called Test Case

2021-11-23 09:44:21 - [MESSAGE][INFO] - Starting to call Test Case 'Test Cases/Popup/PopupButonSecilir'

2021-11-23 09:44:21 - [TEST_CASE][PASSED] - Test Cases/Popup/PopupButonSecilir: Test Cases/Popup/PopupButonSecilir

2021-11-23 09:44:21 - [TEST_STEP][PASSED] - Method.TextDegerineEsitElementeTikla(findTestObject("Popup/Popup_Butons"), Buton): Method.TextDegerineEsitElementeTikla is PASSED

2021-11-23 09:44:21 - [MESSAGE][INFO] - Finding Test Object 'Object Repository/Popup/Popup_Butons'

2021-11-23 09:44:21 - [MESSAGE][INFO] - Checking timeout

2021-11-23 09:44:21 - [MESSAGE][INFO] - Finding web element with id: 'Object Repository/Popup/Popup_Butons' located by 'By.cssSelector: .modal-footer>button' in '10' second(s)

2021-11-23 09:44:21 - [MESSAGE][INFO] - Smart Wait Function is triggered

2021-11-23 09:44:22 - [MESSAGE][INFO] - Found 1 web elements with id: 'Object Repository/Popup/Popup_Butons' located by 'By.cssSelector: .modal-footer>button' in '10' second(s)

2021-11-23 09:44:22 - [MESSAGE][PASSED] - Method.TextDegerineEsitElementeTikla is PASSED

2021-11-23 09:44:22 - [MESSAGE][PASSED] - Call Test Case 'Test Cases/Popup/PopupButonSecilir' successfully

2021-11-23 09:44:22 - [MESSAGE][INFO] - Checking called Test Case

2021-11-23 09:44:22 - [MESSAGE][INFO] - Starting to call Test Case 'Test Cases/Butonlar/ButonaTikla'

2021-11-23 09:44:22 - [TEST_CASE][PASSED] - Test Cases/Butonlar/ButonaTikla: Test Cases/Butonlar/ButonaTikla

2021-11-23 09:44:22 - [TEST_STEP][PASSED] - Method.TextDegerineEsitElementeTiklaEquals(findTestObject("Butonlar/Butonlar"), Buton_Adi): Method.TextDegerineEsitElementeTiklaEquals is PASSED

2021-11-23 09:44:22 - [MESSAGE][INFO] - Finding Test Object 'Object Repository/Butonlar/Butonlar'

2021-11-23 09:44:22 - [MESSAGE][INFO] - Checking timeout

2021-11-23 09:44:22 - [MESSAGE][INFO] - Finding web element with id: 'Object Repository/Butonlar/Butonlar' located by 'By.cssSelector: .panel.panel-default.text-center.footerPanel .btn,.btn.btn-primary.btnControls' in '10' second(s)

2021-11-23 09:44:22 - [MESSAGE][INFO] - Smart Wait Function is triggered

2021-11-23 09:44:23 - [MESSAGE][INFO] - Found 5 web elements with id: 'Object Repository/Butonlar/Butonlar' located by 'By.cssSelector: .panel.panel-default.text-center.footerPanel .btn,.btn.btn-primary.btnControls' in '10' second(s)

2021-11-23 09:44:23 - [MESSAGE][PASSED] - Method.TextDegerineEsitElementeTiklaEquals is PASSED

2021-11-23 09:44:23 - [MESSAGE][PASSED] - Call Test Case 'Test Cases/Butonlar/ButonaTikla' successfully

2021-11-23 09:44:23 - [MESSAGE][INFO] - Checking called Test Case

2021-11-23 09:44:23 - [MESSAGE][INFO] - Starting to call Test Case 'Test Cases/Butonlar/AltButonaTikla'

2021-11-23 09:44:23 - [TEST_CASE][PASSED] - Test Cases/Butonlar/AltButonaTikla: Test Cases/Butonlar/AltButonaTikla

2021-11-23 09:44:23 - [TEST_STEP][PASSED] - Method.TextDegerineEsitElementeTikla(findTestObject("Butonlar/AltButonlar"), Alt_Buton): Method.TextDegerineEsitElementeTikla is PASSED

2021-11-23 09:44:23 - [MESSAGE][INFO] - Finding Test Object 'Object Repository/Butonlar/AltButonlar'

2021-11-23 09:44:23 - [MESSAGE][INFO] - Checking timeout

2021-11-23 09:44:23 - [MESSAGE][INFO] - Finding web element with id: 'Object Repository/Butonlar/AltButonlar' located by 'By.cssSelector: .btn-group.open li>a' in '10' second(s)

2021-11-23 09:44:23 - [MESSAGE][INFO] - Smart Wait Function is triggered

2021-11-23 09:44:23 - [MESSAGE][INFO] - Found 2 web elements with id: 'Object Repository/Butonlar/AltButonlar' located by 'By.cssSelector: .btn-group.open li>a' in '10' second(s)

2021-11-23 09:44:23 - [MESSAGE][PASSED] - Method.TextDegerineEsitElementeTikla is PASSED

2021-11-23 09:44:23 - [MESSAGE][PASSED] - Call Test Case 'Test Cases/Butonlar/AltButonaTikla' successfully

2021-11-23 09:44:23 - [MESSAGE][INFO] - Checking called Test Case

2021-11-23 09:44:23 - [MESSAGE][INFO] - Starting to call Test Case 'Test Cases/Popup/PopupMesajiIceriyorMu'

2021-11-23 09:44:23 - [TEST_CASE][PASSED] - Test Cases/Popup/PopupMesajiIceriyorMu: Test Cases/Popup/PopupMesajiIceriyorMu

2021-11-23 09:44:23 - [TEST_STEP][PASSED] - waitForElementVisible(findTestObject("Popup/Popup"), 10): Object 'Object Repository/Popup/Popup' is visible

2021-11-23 09:44:23 - [MESSAGE][INFO] - Finding Test Object 'Object Repository/Popup/Popup'

2021-11-23 09:44:23 - [MESSAGE][INFO] - Checking object

2021-11-23 09:44:23 - [MESSAGE][INFO] - Checking timeout

2021-11-23 09:44:23 - [MESSAGE][INFO] - Finding web element from Test Object's properties

2021-11-23 09:44:23 - [MESSAGE][INFO] - Checking timeout

2021-11-23 09:44:23 - [MESSAGE][INFO] - Finding web element with id: 'Object Repository/Popup/Popup' located by 'By.cssSelector: .bootbox-body' in '10' second(s)

2021-11-23 09:44:23 - [MESSAGE][INFO] - Smart Wait Function is triggered

2021-11-23 09:44:24 - [MESSAGE][INFO] - Found 1 web elements with id: 'Object Repository/Popup/Popup' located by 'By.cssSelector: .bootbox-body' in '10' second(s)

2021-11-23 09:44:24 - [MESSAGE][PASSED] - Object 'Object Repository/Popup/Popup' is visible

2021-11-23 09:44:24 - [TEST_STEP][PASSED] - if (!(getText(findTestObject("Popup/Popup")).contains(Mesaj))): Text of object 'Object Repository/Popup/Popup' is: 'Lütfen rapor bildiriminin gönderileceği e-posta adresini belirtiniz.
e-Posta Adresi'

2021-11-23 09:44:24 - [MESSAGE][INFO] - Finding Test Object 'Object Repository/Popup/Popup'

2021-11-23 09:44:24 - [MESSAGE][INFO] - Checking object

2021-11-23 09:44:24 - [MESSAGE][INFO] - Finding web element from Test Object's properties

2021-11-23 09:44:24 - [MESSAGE][INFO] - Checking timeout

2021-11-23 09:44:24 - [MESSAGE][INFO] - Finding web element with id: 'Object Repository/Popup/Popup' located by 'By.cssSelector: .bootbox-body' in '30' second(s)

2021-11-23 09:44:24 - [MESSAGE][INFO] - Smart Wait Function is triggered

2021-11-23 09:44:24 - [MESSAGE][INFO] - Found 1 web elements with id: 'Object Repository/Popup/Popup' located by 'By.cssSelector: .bootbox-body' in '30' second(s)

2021-11-23 09:44:24 - [MESSAGE][INFO] - Getting text of object 'Object Repository/Popup/Popup'

2021-11-23 09:44:24 - [MESSAGE][PASSED] - Text of object 'Object Repository/Popup/Popup' is: 'Lütfen rapor bildiriminin gönderileceği e-posta adresini belirtiniz.
e-Posta Adresi'

2021-11-23 09:44:24 - [TEST_STEP][PASSED] - RaporNo = getText(findTestObject("Popup/Popup")).substring(0, 6): Text of object 'Object Repository/Popup/Popup' is: 'Lütfen rapor bildiriminin gönderileceği e-posta adresini belirtiniz.
e-Posta Adresi'

2021-11-23 09:44:24 - [MESSAGE][INFO] - Finding Test Object 'Object Repository/Popup/Popup'

2021-11-23 09:44:24 - [MESSAGE][INFO] - Checking object

2021-11-23 09:44:24 - [MESSAGE][INFO] - Finding web element from Test Object's properties

2021-11-23 09:44:24 - [MESSAGE][INFO] - Checking timeout

2021-11-23 09:44:24 - [MESSAGE][INFO] - Finding web element with id: 'Object Repository/Popup/Popup' located by 'By.cssSelector: .bootbox-body' in '30' second(s)

2021-11-23 09:44:24 - [MESSAGE][INFO] - Smart Wait Function is triggered

2021-11-23 09:44:25 - [MESSAGE][INFO] - Found 1 web elements with id: 'Object Repository/Popup/Popup' located by 'By.cssSelector: .bootbox-body' in '30' second(s)

2021-11-23 09:44:25 - [MESSAGE][INFO] - Getting text of object 'Object Repository/Popup/Popup'

2021-11-23 09:44:25 - [MESSAGE][PASSED] - Text of object 'Object Repository/Popup/Popup' is: 'Lütfen rapor bildiriminin gönderileceği e-posta adresini belirtiniz.
e-Posta Adresi'

2021-11-23 09:44:25 - [TEST_STEP][PASSED] - Console.println(RaporNo): null

2021-11-23 09:44:25 - [MESSAGE][PASSED] - Call Test Case 'Test Cases/Popup/PopupMesajiIceriyorMu' successfully

2021-11-23 09:44:25 - [MESSAGE][INFO] - Checking called Test Case

2021-11-23 09:44:25 - [MESSAGE][INFO] - Starting to call Test Case 'Test Cases/Popup/PopupaEmailEklenir'

2021-11-23 09:44:25 - [TEST_CASE][PASSED] - Test Cases/Popup/PopupaEmailEklenir: Test Cases/Popup/PopupaEmailEklenir

2021-11-23 09:44:25 - [TEST_STEP][PASSED] - clearText(findTestObject("Popup/EmailText")): Text of object 'Object Repository/Popup/EmailText' is cleared

2021-11-23 09:44:25 - [MESSAGE][INFO] - Finding Test Object 'Object Repository/Popup/EmailText'

2021-11-23 09:44:25 - [MESSAGE][INFO] - Checking object

2021-11-23 09:44:25 - [MESSAGE][INFO] - Finding web element from Test Object's properties

2021-11-23 09:44:25 - [MESSAGE][INFO] - Checking timeout

2021-11-23 09:44:25 - [MESSAGE][INFO] - Finding web element with id: 'Object Repository/Popup/EmailText' located by 'By.xpath: //*[@id="eMails"]' in '30' second(s)

2021-11-23 09:44:25 - [MESSAGE][INFO] - Smart Wait Function is triggered

2021-11-23 09:44:25 - [MESSAGE][INFO] - Found 1 web elements with id: 'Object Repository/Popup/EmailText' located by 'By.xpath: //*[@id="eMails"]' in '30' second(s)

2021-11-23 09:44:25 - [MESSAGE][INFO] - Clearing text of object 'Object Repository/Popup/EmailText'

2021-11-23 09:44:25 - [MESSAGE][PASSED] - Text of object 'Object Repository/Popup/EmailText' is cleared

2021-11-23 09:44:25 - [TEST_STEP][PASSED] - sendKeys(findTestObject("Popup/EmailText"), Email): Keys 'elogotest@gmail.com;ali.kara@logo.com.tr' sent to object: 'Object Repository/Popup/EmailText'

2021-11-23 09:44:25 - [MESSAGE][INFO] - Finding Test Object 'Object Repository/Popup/EmailText'

2021-11-23 09:44:25 - [MESSAGE][INFO] - Sending keys 'elogotest@gmail.com;ali.kara@logo.com.tr' to object: 'Object Repository/Popup/EmailText'

2021-11-23 09:44:25 - [MESSAGE][INFO] - Finding web element from Test Object's properties

2021-11-23 09:44:25 - [MESSAGE][INFO] - Checking timeout

2021-11-23 09:44:25 - [MESSAGE][INFO] - Finding web element with id: 'Object Repository/Popup/EmailText' located by 'By.xpath: //*[@id="eMails"]' in '30' second(s)

2021-11-23 09:44:25 - [MESSAGE][INFO] - Smart Wait Function is triggered

2021-11-23 09:44:25 - [MESSAGE][INFO] - Found 1 web elements with id: 'Object Repository/Popup/EmailText' located by 'By.xpath: //*[@id="eMails"]' in '30' second(s)

2021-11-23 09:44:26 - [MESSAGE][PASSED] - Keys 'elogotest@gmail.com;ali.kara@logo.com.tr' sent to object: 'Object Repository/Popup/EmailText'

2021-11-23 09:44:26 - [MESSAGE][PASSED] - Call Test Case 'Test Cases/Popup/PopupaEmailEklenir' successfully

2021-11-23 09:44:26 - [MESSAGE][INFO] - Checking called Test Case

2021-11-23 09:44:26 - [MESSAGE][INFO] - Starting to call Test Case 'Test Cases/Popup/PopupButonSecilir'

2021-11-23 09:44:26 - [TEST_CASE][PASSED] - Test Cases/Popup/PopupButonSecilir: Test Cases/Popup/PopupButonSecilir

2021-11-23 09:44:26 - [TEST_STEP][PASSED] - Method.TextDegerineEsitElementeTikla(findTestObject("Popup/Popup_Butons"), Buton): Method.TextDegerineEsitElementeTikla is PASSED

2021-11-23 09:44:26 - [MESSAGE][INFO] - Finding Test Object 'Object Repository/Popup/Popup_Butons'

2021-11-23 09:44:26 - [MESSAGE][INFO] - Checking timeout

2021-11-23 09:44:26 - [MESSAGE][INFO] - Finding web element with id: 'Object Repository/Popup/Popup_Butons' located by 'By.cssSelector: .modal-footer>button' in '10' second(s)

2021-11-23 09:44:26 - [MESSAGE][INFO] - Smart Wait Function is triggered

2021-11-23 09:44:26 - [MESSAGE][INFO] - Found 2 web elements with id: 'Object Repository/Popup/Popup_Butons' located by 'By.cssSelector: .modal-footer>button' in '10' second(s)

2021-11-23 09:44:26 - [MESSAGE][PASSED] - Method.TextDegerineEsitElementeTikla is PASSED

2021-11-23 09:44:26 - [MESSAGE][PASSED] - Call Test Case 'Test Cases/Popup/PopupButonSecilir' successfully

2021-11-23 09:44:26 - [MESSAGE][INFO] - Checking called Test Case

2021-11-23 09:44:26 - [MESSAGE][INFO] - Starting to call Test Case 'Test Cases/Popup/PopupMesajiIceriyorMu'

2021-11-23 09:44:26 - [TEST_CASE][PASSED] - Test Cases/Popup/PopupMesajiIceriyorMu: Test Cases/Popup/PopupMesajiIceriyorMu

2021-11-23 09:44:26 - [TEST_STEP][PASSED] - waitForElementVisible(findTestObject("Popup/Popup"), 10): Object 'Object Repository/Popup/Popup' is visible

2021-11-23 09:44:26 - [MESSAGE][INFO] - Finding Test Object 'Object Repository/Popup/Popup'

2021-11-23 09:44:26 - [MESSAGE][INFO] - Checking object

2021-11-23 09:44:26 - [MESSAGE][INFO] - Checking timeout

2021-11-23 09:44:26 - [MESSAGE][INFO] - Finding web element from Test Object's properties

2021-11-23 09:44:26 - [MESSAGE][INFO] - Checking timeout

2021-11-23 09:44:26 - [MESSAGE][INFO] - Finding web element with id: 'Object Repository/Popup/Popup' located by 'By.cssSelector: .bootbox-body' in '10' second(s)

2021-11-23 09:44:26 - [MESSAGE][INFO] - Smart Wait Function is triggered

2021-11-23 09:44:27 - [MESSAGE][INFO] - Found 1 web elements with id: 'Object Repository/Popup/Popup' located by 'By.cssSelector: .bootbox-body' in '10' second(s)

2021-11-23 09:44:27 - [MESSAGE][PASSED] - Object 'Object Repository/Popup/Popup' is visible

2021-11-23 09:44:27 - [TEST_STEP][PASSED] - if (!(getText(findTestObject("Popup/Popup")).contains(Mesaj))): Text of object 'Object Repository/Popup/Popup' is: '17600 no’lu talebiniz işleme alınmıştır. Raporunuz hazırlandığında (elogotest@gmail.com;ali.kara@logo.com.tr) adresinize mail gönderilecektir.
Rapor durumunuzu Raporlar > Toplu Veri İndirme ekranından takip edebilir, hazırlandı durumundaki raporlarınızı ilgili menüden indirebilirsiniz.'

2021-11-23 09:44:27 - [MESSAGE][INFO] - Finding Test Object 'Object Repository/Popup/Popup'

2021-11-23 09:44:27 - [MESSAGE][INFO] - Checking object

2021-11-23 09:44:27 - [MESSAGE][INFO] - Finding web element from Test Object's properties

2021-11-23 09:44:27 - [MESSAGE][INFO] - Checking timeout

2021-11-23 09:44:27 - [MESSAGE][INFO] - Finding web element with id: 'Object Repository/Popup/Popup' located by 'By.cssSelector: .bootbox-body' in '30' second(s)

2021-11-23 09:44:27 - [MESSAGE][INFO] - Smart Wait Function is triggered

2021-11-23 09:44:27 - [MESSAGE][INFO] - Found 1 web elements with id: 'Object Repository/Popup/Popup' located by 'By.cssSelector: .bootbox-body' in '30' second(s)

2021-11-23 09:44:27 - [MESSAGE][INFO] - Getting text of object 'Object Repository/Popup/Popup'

2021-11-23 09:44:27 - [MESSAGE][PASSED] - Text of object 'Object Repository/Popup/Popup' is: '17600 no’lu talebiniz işleme alınmıştır. Raporunuz hazırlandığında (elogotest@gmail.com;ali.kara@logo.com.tr) adresinize mail gönderilecektir.
Rapor durumunuzu Raporlar > Toplu Veri İndirme ekranından takip edebilir, hazırlandı durumundaki raporlarınızı ilgili menüden indirebilirsiniz.'

2021-11-23 09:44:27 - [TEST_STEP][PASSED] - RaporNo = getText(findTestObject("Popup/Popup")).substring(0, 6): Text of object 'Object Repository/Popup/Popup' is: '17600 no’lu talebiniz işleme alınmıştır. Raporunuz hazırlandığında (elogotest@gmail.com;ali.kara@logo.com.tr) adresinize mail gönderilecektir.
Rapor durumunuzu Raporlar > Toplu Veri İndirme ekranından takip edebilir, hazırlandı durumundaki raporlarınızı ilgili menüden indirebilirsiniz.'

2021-11-23 09:44:27 - [MESSAGE][INFO] - Finding Test Object 'Object Repository/Popup/Popup'

2021-11-23 09:44:27 - [MESSAGE][INFO] - Checking object

2021-11-23 09:44:27 - [MESSAGE][INFO] - Finding web element from Test Object's properties

2021-11-23 09:44:27 - [MESSAGE][INFO] - Checking timeout

2021-11-23 09:44:27 - [MESSAGE][INFO] - Finding web element with id: 'Object Repository/Popup/Popup' located by 'By.cssSelector: .bootbox-body' in '30' second(s)

2021-11-23 09:44:27 - [MESSAGE][INFO] - Smart Wait Function is triggered

2021-11-23 09:44:28 - [MESSAGE][INFO] - Found 1 web elements with id: 'Object Repository/Popup/Popup' located by 'By.cssSelector: .bootbox-body' in '30' second(s)

2021-11-23 09:44:28 - [MESSAGE][INFO] - Getting text of object 'Object Repository/Popup/Popup'

2021-11-23 09:44:28 - [MESSAGE][PASSED] - Text of object 'Object Repository/Popup/Popup' is: '17600 no’lu talebiniz işleme alınmıştır. Raporunuz hazırlandığında (elogotest@gmail.com;ali.kara@logo.com.tr) adresinize mail gönderilecektir.
Rapor durumunuzu Raporlar > Toplu Veri İndirme ekranından takip edebilir, hazırlandı durumundaki raporlarınızı ilgili menüden indirebilirsiniz.'

2021-11-23 09:44:28 - [TEST_STEP][PASSED] - Console.println(RaporNo): null

2021-11-23 09:44:28 - [MESSAGE][PASSED] - Call Test Case 'Test Cases/Popup/PopupMesajiIceriyorMu' successfully

2021-11-23 09:44:28 - [MESSAGE][INFO] - Checking called Test Case

2021-11-23 09:44:28 - [MESSAGE][INFO] - Starting to call Test Case 'Test Cases/Popup/PopupButonSecilir'

2021-11-23 09:44:28 - [TEST_CASE][PASSED] - Test Cases/Popup/PopupButonSecilir: Test Cases/Popup/PopupButonSecilir

2021-11-23 09:44:28 - [TEST_STEP][PASSED] - Method.TextDegerineEsitElementeTikla(findTestObject("Popup/Popup_Butons"), Buton): Method.TextDegerineEsitElementeTikla is PASSED

2021-11-23 09:44:28 - [MESSAGE][INFO] - Finding Test Object 'Object Repository/Popup/Popup_Butons'

2021-11-23 09:44:28 - [MESSAGE][INFO] - Checking timeout

2021-11-23 09:44:28 - [MESSAGE][INFO] - Finding web element with id: 'Object Repository/Popup/Popup_Butons' located by 'By.cssSelector: .modal-footer>button' in '10' second(s)

2021-11-23 09:44:28 - [MESSAGE][INFO] - Smart Wait Function is triggered

2021-11-23 09:44:28 - [MESSAGE][INFO] - Found 1 web elements with id: 'Object Repository/Popup/Popup_Butons' located by 'By.cssSelector: .modal-footer>button' in '10' second(s)

2021-11-23 09:44:28 - [MESSAGE][PASSED] - Method.TextDegerineEsitElementeTikla is PASSED

2021-11-23 09:44:28 - [MESSAGE][PASSED] - Call Test Case 'Test Cases/Popup/PopupButonSecilir' successfully

2021-11-23 09:44:28 - [MESSAGE][INFO] - Checking called Test Case

2021-11-23 09:44:28 - [MESSAGE][INFO] - Starting to call Test Case 'Test Cases/Filtreler/DropdownSec'

2021-11-23 09:44:28 - [TEST_CASE][PASSED] - Test Cases/Filtreler/DropdownSec: Test Cases/Filtreler/DropdownSec

2021-11-23 09:44:28 - [TEST_STEP][PASSED] - Method.TextDegerineEsitElementinAltindakineTikla(findTestObject("Filtreler/Basliklar"), findTestObject("Filtreler/Basliga_Gore_Baslangic_Image"), Filtre_Adi): Method.TextDegerineEsitElementinAltindakineTikla is PASSED

2021-11-23 09:44:28 - [MESSAGE][INFO] - Finding Test Object 'Object Repository/Filtreler/Basliklar'

2021-11-23 09:44:28 - [MESSAGE][INFO] - Finding Test Object 'Object Repository/Filtreler/Basliga_Gore_Baslangic_Image'

2021-11-23 09:44:28 - [MESSAGE][INFO] - Checking timeout

2021-11-23 09:44:28 - [MESSAGE][INFO] - Finding web element with id: 'Object Repository/Filtreler/Basliklar' located by 'By.cssSelector: .control-label.col-sm-4.paddingMarginRLC' in '10' second(s)

2021-11-23 09:44:28 - [MESSAGE][INFO] - Smart Wait Function is triggered

2021-11-23 09:44:29 - [MESSAGE][INFO] - Found 8 web elements with id: 'Object Repository/Filtreler/Basliklar' located by 'By.cssSelector: .control-label.col-sm-4.paddingMarginRLC' in '10' second(s)

2021-11-23 09:44:29 - [MESSAGE][INFO] - Smart Wait Function is triggered

2021-11-23 09:44:29 - [MESSAGE][PASSED] - Method.TextDegerineEsitElementinAltindakineTikla is PASSED

2021-11-23 09:44:29 - [TEST_STEP][PASSED] - Method.TextDegerineEsitElementeTikla(findTestObject("Object Repository/Filtreler/Basliga_Gore_Dropdown"), Filtre_Degeri): Method.TextDegerineEsitElementeTikla is PASSED

2021-11-23 09:44:29 - [MESSAGE][INFO] - Finding Test Object 'Object Repository/Filtreler/Basliga_Gore_Dropdown'

2021-11-23 09:44:29 - [MESSAGE][INFO] - Checking timeout

2021-11-23 09:44:29 - [MESSAGE][INFO] - Finding web element with id: 'Object Repository/Filtreler/Basliga_Gore_Dropdown' located by 'By.xpath: //*[@class = 'dxeListBoxItemRow_LECustomTheme']' in '10' second(s)

2021-11-23 09:44:29 - [MESSAGE][INFO] - Smart Wait Function is triggered

2021-11-23 09:44:30 - [MESSAGE][INFO] - Found 10 web elements with id: 'Object Repository/Filtreler/Basliga_Gore_Dropdown' located by 'By.xpath: //*[@class = 'dxeListBoxItemRow_LECustomTheme']' in '10' second(s)

2021-11-23 09:44:30 - [MESSAGE][PASSED] - Method.TextDegerineEsitElementeTikla is PASSED

2021-11-23 09:44:30 - [MESSAGE][PASSED] - Call Test Case 'Test Cases/Filtreler/DropdownSec' successfully

2021-11-23 09:44:30 - [MESSAGE][INFO] - Checking called Test Case

2021-11-23 09:44:30 - [MESSAGE][INFO] - Starting to call Test Case 'Test Cases/Filtreler/ButonaTikla'

2021-11-23 09:44:30 - [TEST_CASE][PASSED] - Test Cases/Filtreler/ButonaTikla: Test Cases/Filtreler/ButonaTikla

2021-11-23 09:44:30 - [TEST_STEP][PASSED] - Method.TextDegerineEsitElementeTikla(findTestObject("Filtreler/Butonlar"), Filtre_Buton): Method.TextDegerineEsitElementeTikla is PASSED

2021-11-23 09:44:30 - [MESSAGE][INFO] - Finding Test Object 'Object Repository/Filtreler/Butonlar'

2021-11-23 09:44:30 - [MESSAGE][INFO] - Checking timeout

2021-11-23 09:44:30 - [MESSAGE][INFO] - Finding web element with id: 'Object Repository/Filtreler/Butonlar' located by 'By.cssSelector: .dxb>span' in '10' second(s)

2021-11-23 09:44:30 - [MESSAGE][INFO] - Smart Wait Function is triggered

2021-11-23 09:44:30 - [MESSAGE][INFO] - Found 3 web elements with id: 'Object Repository/Filtreler/Butonlar' located by 'By.cssSelector: .dxb>span' in '10' second(s)

2021-11-23 09:44:30 - [MESSAGE][PASSED] - Method.TextDegerineEsitElementeTikla is PASSED

2021-11-23 09:44:30 - [MESSAGE][PASSED] - Call Test Case 'Test Cases/Filtreler/ButonaTikla' successfully

2021-11-23 09:44:30 - [MESSAGE][INFO] - Checking called Test Case

2021-11-23 09:44:30 - [MESSAGE][INFO] - Starting to call Test Case 'Test Cases/Tablo/TablonunButonunaTikla'

2021-11-23 09:44:30 - [TEST_CASE][PASSED] - Test Cases/Tablo/TablonunButonunaTikla: Test Cases/Tablo/TablonunButonunaTikla

2021-11-23 09:44:30 - [TEST_STEP][PASSED] - Method.TextDegerineEsitElementinAltindakiTextDegerineEsitOlanaTikla(findTestObject("Tablo/Veriler"), findTestObject("Tablo/VerininButonu"), Veri, Buton_Adi): Method.TextDegerineEsitElementinAltindakiTextDegerineEsitOlanaTikla is PASSED

2021-11-23 09:44:30 - [MESSAGE][INFO] - Finding Test Object 'Object Repository/Tablo/Veriler'

2021-11-23 09:44:31 - [MESSAGE][INFO] - Finding Test Object 'Object Repository/Tablo/VerininButonu'

2021-11-23 09:44:31 - [MESSAGE][INFO] - Checking timeout

2021-11-23 09:44:31 - [MESSAGE][INFO] - Finding web element with id: 'Object Repository/Tablo/Veriler' located by 'By.cssSelector: td.dxgv b ,td.dxgv' in '10' second(s)

2021-11-23 09:44:31 - [MESSAGE][INFO] - Smart Wait Function is triggered

2021-11-23 09:44:31 - [MESSAGE][INFO] - Found 110 web elements with id: 'Object Repository/Tablo/Veriler' located by 'By.cssSelector: td.dxgv b ,td.dxgv' in '10' second(s)

2021-11-23 09:44:31 - [MESSAGE][INFO] - Smart Wait Function is triggered

2021-11-23 09:44:32 - [MESSAGE][PASSED] - Method.TextDegerineEsitElementinAltindakiTextDegerineEsitOlanaTikla is PASSED

2021-11-23 09:44:32 - [MESSAGE][PASSED] - Call Test Case 'Test Cases/Tablo/TablonunButonunaTikla' successfully

2021-11-23 09:44:32 - [MESSAGE][INFO] - Checking called Test Case

2021-11-23 09:44:32 - [MESSAGE][INFO] - Starting to call Test Case 'Test Cases/Sekmeler/YeniSekmeyeGec'

2021-11-23 09:44:32 - [TEST_CASE][PASSED] - Test Cases/Sekmeler/YeniSekmeyeGec: Test Cases/Sekmeler/YeniSekmeyeGec

2021-11-23 09:44:32 - [TEST_STEP][PASSED] - switchToWindowIndex(1): Switched to window with index: '1'

2021-11-23 09:44:32 - [MESSAGE][INFO] - Checking index

2021-11-23 09:44:32 - [MESSAGE][INFO] - Switching window with index: '1'

2021-11-23 09:44:32 - [MESSAGE][PASSED] - Switched to window with index: '1'

2021-11-23 09:44:32 - [MESSAGE][PASSED] - Call Test Case 'Test Cases/Sekmeler/YeniSekmeyeGec' successfully

2021-11-23 09:44:32 - [MESSAGE][INFO] - Checking called Test Case

2021-11-23 09:44:32 - [MESSAGE][INFO] - Starting to call Test Case 'Test Cases/Tablo/TablodaVeriVarMi'

2021-11-23 09:44:32 - [TEST_CASE][PASSED] - Test Cases/Tablo/TablodaVeriVarMi: Test Cases/Tablo/TablodaVeriVarMi

2021-11-23 09:44:32 - [TEST_STEP][PASSED] - verifyTextNotPresent("Görüntülenecek veri yok", true): Text 'Görüntülenecek veri yok' is not present on page using regular expression

2021-11-23 09:44:32 - [MESSAGE][INFO] - Checking text present  using regular expression

2021-11-23 09:44:32 - [MESSAGE][INFO] - Smart Wait Function is triggered

2021-11-23 09:44:48 - [MESSAGE][INFO] - Finding text 'Görüntülenecek veri yok' on page  using regular expression

2021-11-23 09:44:48 - [MESSAGE][PASSED] - Text 'Görüntülenecek veri yok' is not present on page using regular expression

2021-11-23 09:44:48 - [MESSAGE][PASSED] - Call Test Case 'Test Cases/Tablo/TablodaVeriVarMi' successfully

2021-11-23 09:44:48 - [MESSAGE][INFO] - Checking called Test Case

2021-11-23 09:44:48 - [MESSAGE][INFO] - Starting to call Test Case 'Test Cases/Sekmeler/Ana_Sekmeye_Gec'

2021-11-23 09:44:48 - [TEST_CASE][PASSED] - Test Cases/Sekmeler/Ana_Sekmeye_Gec: Test Cases/Sekmeler/Ana_Sekmeye_Gec

2021-11-23 09:44:48 - [TEST_STEP][PASSED] - try: Window with index 1 is closed

2021-11-23 09:44:48 - [TEST_STEP][PASSED] - index = getWindowIndex(): Current window's index is: 1

2021-11-23 09:44:48 - [MESSAGE][INFO] - Getting current window's index

2021-11-23 09:44:48 - [MESSAGE][PASSED] - Current window's index is: 1

2021-11-23 09:44:48 - [TEST_STEP][PASSED] - closeWindowIndex(index): Window with index 1 is closed

2021-11-23 09:44:48 - [MESSAGE][INFO] - Checking index

2021-11-23 09:44:48 - [MESSAGE][INFO] - Closing window with index 1

2021-11-23 09:44:48 - [MESSAGE][PASSED] - Window with index 1 is closed

2021-11-23 09:44:48 - [TEST_STEP][PASSED] - switchToWindowIndex(0): Switched to window with index: '0'

2021-11-23 09:44:48 - [MESSAGE][INFO] - Checking index

2021-11-23 09:44:48 - [MESSAGE][INFO] - Switching window with index: '0'

2021-11-23 09:44:48 - [MESSAGE][PASSED] - Switched to window with index: '0'

2021-11-23 09:44:48 - [MESSAGE][PASSED] - Call Test Case 'Test Cases/Sekmeler/Ana_Sekmeye_Gec' successfully

2021-11-23 09:44:48 - [MESSAGE][INFO] - Checking called Test Case

2021-11-23 09:44:48 - [MESSAGE][INFO] - Starting to call Test Case 'Test Cases/Tablo/TablodaVeriVarMi'

2021-11-23 09:44:48 - [TEST_CASE][PASSED] - Test Cases/Tablo/TablodaVeriVarMi: Test Cases/Tablo/TablodaVeriVarMi

2021-11-23 09:44:48 - [TEST_STEP][PASSED] - verifyTextNotPresent("Görüntülenecek veri yok", true): Text 'Görüntülenecek veri yok' is not present on page using regular expression

2021-11-23 09:44:48 - [MESSAGE][INFO] - Checking text present  using regular expression

2021-11-23 09:44:48 - [MESSAGE][INFO] - Smart Wait Function is triggered

2021-11-23 09:44:48 - [MESSAGE][INFO] - Finding text 'Görüntülenecek veri yok' on page  using regular expression

2021-11-23 09:44:48 - [MESSAGE][PASSED] - Text 'Görüntülenecek veri yok' is not present on page using regular expression

2021-11-23 09:44:48 - [MESSAGE][PASSED] - Call Test Case 'Test Cases/Tablo/TablodaVeriVarMi' successfully

2021-11-23 09:44:48 - [MESSAGE][INFO] - Checking called Test Case

2021-11-23 09:44:48 - [MESSAGE][INFO] - Starting to call Test Case 'Test Cases/Tablo/TablodanVeriSec'

2021-11-23 09:44:49 - [TEST_CASE][PASSED] - Test Cases/Tablo/TablodanVeriSec: Test Cases/Tablo/TablodanVeriSec

2021-11-23 09:44:49 - [TEST_STEP][PASSED] - Method.TextDegerineEsitElementinAltindakineTikla(findTestObject("Tablo/Veriler"), findTestObject("Tablo/VerininCheckBoxi"), Veri_Adi): Method.TextDegerineEsitElementinAltindakineTikla is PASSED

2021-11-23 09:44:49 - [MESSAGE][INFO] - Finding Test Object 'Object Repository/Tablo/Veriler'

2021-11-23 09:44:49 - [MESSAGE][INFO] - Finding Test Object 'Object Repository/Tablo/VerininCheckBoxi'

2021-11-23 09:44:49 - [MESSAGE][INFO] - Checking timeout

2021-11-23 09:44:49 - [MESSAGE][INFO] - Finding web element with id: 'Object Repository/Tablo/Veriler' located by 'By.cssSelector: td.dxgv b ,td.dxgv' in '10' second(s)

2021-11-23 09:44:49 - [MESSAGE][INFO] - Smart Wait Function is triggered

2021-11-23 09:44:49 - [MESSAGE][INFO] - Found 110 web elements with id: 'Object Repository/Tablo/Veriler' located by 'By.cssSelector: td.dxgv b ,td.dxgv' in '10' second(s)

2021-11-23 09:44:49 - [MESSAGE][INFO] - Smart Wait Function is triggered

2021-11-23 09:44:49 - [MESSAGE][PASSED] - Method.TextDegerineEsitElementinAltindakineTikla is PASSED

2021-11-23 09:44:49 - [MESSAGE][PASSED] - Call Test Case 'Test Cases/Tablo/TablodanVeriSec' successfully

2021-11-23 09:44:49 - [MESSAGE][INFO] - Checking called Test Case

2021-11-23 09:44:49 - [MESSAGE][INFO] - Starting to call Test Case 'Test Cases/Butonlar/ButonaTikla'

2021-11-23 09:44:49 - [TEST_CASE][PASSED] - Test Cases/Butonlar/ButonaTikla: Test Cases/Butonlar/ButonaTikla

2021-11-23 09:44:49 - [TEST_STEP][PASSED] - Method.TextDegerineEsitElementeTiklaEquals(findTestObject("Butonlar/Butonlar"), Buton_Adi): Method.TextDegerineEsitElementeTiklaEquals is PASSED

2021-11-23 09:44:49 - [MESSAGE][INFO] - Finding Test Object 'Object Repository/Butonlar/Butonlar'

2021-11-23 09:44:49 - [MESSAGE][INFO] - Checking timeout

2021-11-23 09:44:49 - [MESSAGE][INFO] - Finding web element with id: 'Object Repository/Butonlar/Butonlar' located by 'By.cssSelector: .panel.panel-default.text-center.footerPanel .btn,.btn.btn-primary.btnControls' in '10' second(s)

2021-11-23 09:44:49 - [MESSAGE][INFO] - Smart Wait Function is triggered

2021-11-23 09:44:50 - [MESSAGE][INFO] - Found 5 web elements with id: 'Object Repository/Butonlar/Butonlar' located by 'By.cssSelector: .panel.panel-default.text-center.footerPanel .btn,.btn.btn-primary.btnControls' in '10' second(s)

2021-11-23 09:44:50 - [MESSAGE][PASSED] - Method.TextDegerineEsitElementeTiklaEquals is PASSED

2021-11-23 09:44:50 - [MESSAGE][PASSED] - Call Test Case 'Test Cases/Butonlar/ButonaTikla' successfully

2021-11-23 09:44:50 - [MESSAGE][INFO] - Checking called Test Case

2021-11-23 09:44:50 - [MESSAGE][INFO] - Starting to call Test Case 'Test Cases/Sekmeler/YeniSekmeyeGec'

2021-11-23 09:44:50 - [TEST_CASE][PASSED] - Test Cases/Sekmeler/YeniSekmeyeGec: Test Cases/Sekmeler/YeniSekmeyeGec

2021-11-23 09:44:50 - [TEST_STEP][PASSED] - switchToWindowIndex(1): Switched to window with index: '1'

2021-11-23 09:44:50 - [MESSAGE][INFO] - Checking index

2021-11-23 09:44:50 - [MESSAGE][INFO] - Switching window with index: '1'

2021-11-23 09:44:50 - [MESSAGE][PASSED] - Switched to window with index: '1'

2021-11-23 09:44:50 - [MESSAGE][PASSED] - Call Test Case 'Test Cases/Sekmeler/YeniSekmeyeGec' successfully

2021-11-23 09:44:50 - [MESSAGE][INFO] - Checking called Test Case

2021-11-23 09:44:50 - [MESSAGE][INFO] - Starting to call Test Case 'Test Cases/Sekmeler/TagGeldiMi'

2021-11-23 09:44:50 - [TEST_CASE][PASSED] - Test Cases/Sekmeler/TagGeldiMi: Test Cases/Sekmeler/TagGeldiMi

2021-11-23 09:44:50 - [TEST_STEP][PASSED] - waitForElementPresent(findTestObject("Object Repository/Sekmeler/UBLTag"), 10): Object 'Object Repository/Sekmeler/UBLTag' is present

2021-11-23 09:44:50 - [MESSAGE][INFO] - Finding Test Object 'Object Repository/Sekmeler/UBLTag'

2021-11-23 09:44:50 - [MESSAGE][INFO] - Checking object

2021-11-23 09:44:50 - [MESSAGE][INFO] - Finding web element from Test Object's properties

2021-11-23 09:44:50 - [MESSAGE][INFO] - Checking timeout

2021-11-23 09:44:50 - [MESSAGE][INFO] - Finding web element with id: 'Object Repository/Sekmeler/UBLTag' located by 'By.cssSelector: #webkit-xml-viewer-source-xml>:first-child' in '10' second(s)

2021-11-23 09:44:50 - [MESSAGE][INFO] - Smart Wait Function is triggered

2021-11-23 09:44:50 - [MESSAGE][INFO] - Found 1 web elements with id: 'Object Repository/Sekmeler/UBLTag' located by 'By.cssSelector: #webkit-xml-viewer-source-xml>:first-child' in '10' second(s)

2021-11-23 09:44:50 - [MESSAGE][PASSED] - Object 'Object Repository/Sekmeler/UBLTag' is present

2021-11-23 09:44:50 - [TEST_STEP][PASSED] - println(toLowerCase().toString()): Found 1 web elements with id: 'Object Repository/Sekmeler/UBLTag' located by 'By.cssSelector: #webkit-xml-viewer-source-xml>:first-child' in '10' second(s)

2021-11-23 09:44:50 - [MESSAGE][INFO] - Finding Test Object 'Object Repository/Sekmeler/UBLTag'

2021-11-23 09:44:50 - [MESSAGE][INFO] - Finding web element from Test Object's properties

2021-11-23 09:44:50 - [MESSAGE][INFO] - Checking timeout

2021-11-23 09:44:50 - [MESSAGE][INFO] - Finding web element with id: 'Object Repository/Sekmeler/UBLTag' located by 'By.cssSelector: #webkit-xml-viewer-source-xml>:first-child' in '10' second(s)

2021-11-23 09:44:50 - [MESSAGE][INFO] - Smart Wait Function is triggered

2021-11-23 09:44:50 - [MESSAGE][INFO] - Found 1 web elements with id: 'Object Repository/Sekmeler/UBLTag' located by 'By.cssSelector: #webkit-xml-viewer-source-xml>:first-child' in '10' second(s)

2021-11-23 09:44:50 - [TEST_STEP][PASSED] - if (!(toString().contains(toString().toLowerCase()))): Found 1 web elements with id: 'Object Repository/Sekmeler/UBLTag' located by 'By.cssSelector: #webkit-xml-viewer-source-xml>:first-child' in '10' second(s)

2021-11-23 09:44:50 - [MESSAGE][INFO] - Finding Test Object 'Object Repository/Sekmeler/UBLTag'

2021-11-23 09:44:50 - [MESSAGE][INFO] - Finding web element from Test Object's properties

2021-11-23 09:44:50 - [MESSAGE][INFO] - Checking timeout

2021-11-23 09:44:50 - [MESSAGE][INFO] - Finding web element with id: 'Object Repository/Sekmeler/UBLTag' located by 'By.cssSelector: #webkit-xml-viewer-source-xml>:first-child' in '10' second(s)

2021-11-23 09:44:50 - [MESSAGE][INFO] - Smart Wait Function is triggered

2021-11-23 09:44:50 - [MESSAGE][INFO] - Found 1 web elements with id: 'Object Repository/Sekmeler/UBLTag' located by 'By.cssSelector: #webkit-xml-viewer-source-xml>:first-child' in '10' second(s)

2021-11-23 09:44:50 - [MESSAGE][PASSED] - Call Test Case 'Test Cases/Sekmeler/TagGeldiMi' successfully

2021-11-23 09:44:50 - [MESSAGE][INFO] - Checking called Test Case

2021-11-23 09:44:50 - [MESSAGE][INFO] - Starting to call Test Case 'Test Cases/Sekmeler/Ana_Sekmeye_Gec'

2021-11-23 09:44:50 - [TEST_CASE][PASSED] - Test Cases/Sekmeler/Ana_Sekmeye_Gec: Test Cases/Sekmeler/Ana_Sekmeye_Gec

2021-11-23 09:44:50 - [TEST_STEP][PASSED] - try: Window with index 1 is closed

2021-11-23 09:44:50 - [TEST_STEP][PASSED] - index = getWindowIndex(): Current window's index is: 1

2021-11-23 09:44:50 - [MESSAGE][INFO] - Getting current window's index

2021-11-23 09:44:50 - [MESSAGE][PASSED] - Current window's index is: 1

2021-11-23 09:44:50 - [TEST_STEP][PASSED] - closeWindowIndex(index): Window with index 1 is closed

2021-11-23 09:44:51 - [MESSAGE][INFO] - Checking index

2021-11-23 09:44:51 - [MESSAGE][INFO] - Closing window with index 1

2021-11-23 09:44:51 - [MESSAGE][PASSED] - Window with index 1 is closed

2021-11-23 09:44:51 - [TEST_STEP][PASSED] - switchToWindowIndex(0): Switched to window with index: '0'

2021-11-23 09:44:51 - [MESSAGE][INFO] - Checking index

2021-11-23 09:44:51 - [MESSAGE][INFO] - Switching window with index: '0'

2021-11-23 09:44:51 - [MESSAGE][PASSED] - Switched to window with index: '0'

2021-11-23 09:44:51 - [MESSAGE][PASSED] - Call Test Case 'Test Cases/Sekmeler/Ana_Sekmeye_Gec' successfully

2021-11-23 09:44:51 - [MESSAGE][INFO] - Checking called Test Case

2021-11-23 09:44:51 - [MESSAGE][INFO] - Starting to call Test Case 'Test Cases/Butonlar/ButonaTikla'

2021-11-23 09:44:51 - [TEST_CASE][PASSED] - Test Cases/Butonlar/ButonaTikla: Test Cases/Butonlar/ButonaTikla

2021-11-23 09:44:51 - [TEST_STEP][PASSED] - Method.TextDegerineEsitElementeTiklaEquals(findTestObject("Butonlar/Butonlar"), Buton_Adi): Method.TextDegerineEsitElementeTiklaEquals is PASSED

2021-11-23 09:44:51 - [MESSAGE][INFO] - Finding Test Object 'Object Repository/Butonlar/Butonlar'

2021-11-23 09:44:51 - [MESSAGE][INFO] - Checking timeout

2021-11-23 09:44:51 - [MESSAGE][INFO] - Finding web element with id: 'Object Repository/Butonlar/Butonlar' located by 'By.cssSelector: .panel.panel-default.text-center.footerPanel .btn,.btn.btn-primary.btnControls' in '10' second(s)

2021-11-23 09:44:51 - [MESSAGE][INFO] - Smart Wait Function is triggered

2021-11-23 09:44:51 - [MESSAGE][INFO] - Found 5 web elements with id: 'Object Repository/Butonlar/Butonlar' located by 'By.cssSelector: .panel.panel-default.text-center.footerPanel .btn,.btn.btn-primary.btnControls' in '10' second(s)

2021-11-23 09:44:51 - [MESSAGE][PASSED] - Method.TextDegerineEsitElementeTiklaEquals is PASSED

2021-11-23 09:44:51 - [MESSAGE][PASSED] - Call Test Case 'Test Cases/Butonlar/ButonaTikla' successfully

2021-11-23 09:44:51 - [MESSAGE][INFO] - Checking called Test Case

2021-11-23 09:44:51 - [MESSAGE][INFO] - Starting to call Test Case 'Test Cases/Butonlar/AltButonaTikla'

2021-11-23 09:44:51 - [TEST_CASE][PASSED] - Test Cases/Butonlar/AltButonaTikla: Test Cases/Butonlar/AltButonaTikla

2021-11-23 09:44:51 - [TEST_STEP][PASSED] - Method.TextDegerineEsitElementeTikla(findTestObject("Butonlar/AltButonlar"), Alt_Buton): Method.TextDegerineEsitElementeTikla is PASSED

2021-11-23 09:44:51 - [MESSAGE][INFO] - Finding Test Object 'Object Repository/Butonlar/AltButonlar'

2021-11-23 09:44:51 - [MESSAGE][INFO] - Checking timeout

2021-11-23 09:44:51 - [MESSAGE][INFO] - Finding web element with id: 'Object Repository/Butonlar/AltButonlar' located by 'By.cssSelector: .btn-group.open li>a' in '10' second(s)

2021-11-23 09:44:51 - [MESSAGE][INFO] - Smart Wait Function is triggered

2021-11-23 09:44:52 - [MESSAGE][INFO] - Found 1 web elements with id: 'Object Repository/Butonlar/AltButonlar' located by 'By.cssSelector: .btn-group.open li>a' in '10' second(s)

2021-11-23 09:44:52 - [MESSAGE][PASSED] - Method.TextDegerineEsitElementeTikla is PASSED

2021-11-23 09:44:52 - [MESSAGE][PASSED] - Call Test Case 'Test Cases/Butonlar/AltButonaTikla' successfully

2021-11-23 09:44:52 - [MESSAGE][INFO] - Checking called Test Case

2021-11-23 09:44:52 - [MESSAGE][INFO] - Starting to call Test Case 'Test Cases/Butonlar/DosyaIndirildiMi'

2021-11-23 09:44:52 - [TEST_CASE][PASSED] - Test Cases/Butonlar/DosyaIndirildiMi: Test Cases/Butonlar/DosyaIndirildiMi

2021-11-23 09:44:52 - [TEST_STEP][PASSED] - Method.isimliDosyaIndirildiMi(DownloadFile, FileName): Method.isimliDosyaIndirildiMi is PASSED

2021-11-23 09:44:52 - [MESSAGE][INFO] - Delaying browser in 3 second(s)

2021-11-23 09:44:55 - [MESSAGE][PASSED] - Delayed 3 second(s)

2021-11-23 09:44:55 - [MESSAGE][PASSED] - Method.isimliDosyaIndirildiMi is PASSED

2021-11-23 09:44:55 - [MESSAGE][PASSED] - Call Test Case 'Test Cases/Butonlar/DosyaIndirildiMi' successfully

2021-11-23 09:44:55 - [MESSAGE][INFO] - Checking called Test Case

2021-11-23 09:44:55 - [MESSAGE][INFO] - Starting to call Test Case 'Test Cases/Butonlar/ButonaTikla'

2021-11-23 09:44:55 - [TEST_CASE][PASSED] - Test Cases/Butonlar/ButonaTikla: Test Cases/Butonlar/ButonaTikla

2021-11-23 09:44:55 - [TEST_STEP][PASSED] - Method.TextDegerineEsitElementeTiklaEquals(findTestObject("Butonlar/Butonlar"), Buton_Adi): Method.TextDegerineEsitElementeTiklaEquals is PASSED

2021-11-23 09:44:55 - [MESSAGE][INFO] - Finding Test Object 'Object Repository/Butonlar/Butonlar'

2021-11-23 09:44:55 - [MESSAGE][INFO] - Checking timeout

2021-11-23 09:44:55 - [MESSAGE][INFO] - Finding web element with id: 'Object Repository/Butonlar/Butonlar' located by 'By.cssSelector: .panel.panel-default.text-center.footerPanel .btn,.btn.btn-primary.btnControls' in '10' second(s)

2021-11-23 09:44:55 - [MESSAGE][INFO] - Smart Wait Function is triggered

2021-11-23 09:44:55 - [MESSAGE][INFO] - Found 5 web elements with id: 'Object Repository/Butonlar/Butonlar' located by 'By.cssSelector: .panel.panel-default.text-center.footerPanel .btn,.btn.btn-primary.btnControls' in '10' second(s)

2021-11-23 09:44:55 - [MESSAGE][PASSED] - Method.TextDegerineEsitElementeTiklaEquals is PASSED

2021-11-23 09:44:55 - [MESSAGE][PASSED] - Call Test Case 'Test Cases/Butonlar/ButonaTikla' successfully

2021-11-23 09:44:55 - [MESSAGE][INFO] - Checking called Test Case

2021-11-23 09:44:55 - [MESSAGE][INFO] - Starting to call Test Case 'Test Cases/Butonlar/AltButonaTikla'

2021-11-23 09:44:55 - [TEST_CASE][PASSED] - Test Cases/Butonlar/AltButonaTikla: Test Cases/Butonlar/AltButonaTikla

2021-11-23 09:44:55 - [TEST_STEP][PASSED] - Method.TextDegerineEsitElementeTikla(findTestObject("Butonlar/AltButonlar"), Alt_Buton): Method.TextDegerineEsitElementeTikla is PASSED

2021-11-23 09:44:55 - [MESSAGE][INFO] - Finding Test Object 'Object Repository/Butonlar/AltButonlar'

2021-11-23 09:44:56 - [MESSAGE][INFO] - Checking timeout

2021-11-23 09:44:56 - [MESSAGE][INFO] - Finding web element with id: 'Object Repository/Butonlar/AltButonlar' located by 'By.cssSelector: .btn-group.open li>a' in '10' second(s)

2021-11-23 09:44:56 - [MESSAGE][INFO] - Smart Wait Function is triggered

2021-11-23 09:44:56 - [MESSAGE][INFO] - Found 2 web elements with id: 'Object Repository/Butonlar/AltButonlar' located by 'By.cssSelector: .btn-group.open li>a' in '10' second(s)

2021-11-23 09:44:56 - [MESSAGE][PASSED] - Method.TextDegerineEsitElementeTikla is PASSED

2021-11-23 09:44:56 - [MESSAGE][PASSED] - Call Test Case 'Test Cases/Butonlar/AltButonaTikla' successfully

2021-11-23 09:44:56 - [MESSAGE][INFO] - Checking called Test Case

2021-11-23 09:44:56 - [MESSAGE][INFO] - Starting to call Test Case 'Test Cases/Popup/PopupMesajiIceriyorMu'

2021-11-23 09:44:56 - [TEST_CASE][PASSED] - Test Cases/Popup/PopupMesajiIceriyorMu: Test Cases/Popup/PopupMesajiIceriyorMu

2021-11-23 09:44:56 - [TEST_STEP][PASSED] - waitForElementVisible(findTestObject("Popup/Popup"), 10): Object 'Object Repository/Popup/Popup' is visible

2021-11-23 09:44:56 - [MESSAGE][INFO] - Finding Test Object 'Object Repository/Popup/Popup'

2021-11-23 09:44:56 - [MESSAGE][INFO] - Checking object

2021-11-23 09:44:56 - [MESSAGE][INFO] - Checking timeout

2021-11-23 09:44:56 - [MESSAGE][INFO] - Finding web element from Test Object's properties

2021-11-23 09:44:56 - [MESSAGE][INFO] - Checking timeout

2021-11-23 09:44:56 - [MESSAGE][INFO] - Finding web element with id: 'Object Repository/Popup/Popup' located by 'By.cssSelector: .bootbox-body' in '10' second(s)

2021-11-23 09:44:56 - [MESSAGE][INFO] - Smart Wait Function is triggered

2021-11-23 09:44:57 - [MESSAGE][INFO] - Found 1 web elements with id: 'Object Repository/Popup/Popup' located by 'By.cssSelector: .bootbox-body' in '10' second(s)

2021-11-23 09:44:57 - [MESSAGE][PASSED] - Object 'Object Repository/Popup/Popup' is visible

2021-11-23 09:44:57 - [TEST_STEP][PASSED] - if (!(getText(findTestObject("Popup/Popup")).contains(Mesaj))): Text of object 'Object Repository/Popup/Popup' is: 'Lütfen rapor bildiriminin gönderileceği e-posta adresini belirtiniz.
e-Posta Adresi'

2021-11-23 09:44:57 - [MESSAGE][INFO] - Finding Test Object 'Object Repository/Popup/Popup'

2021-11-23 09:44:57 - [MESSAGE][INFO] - Checking object

2021-11-23 09:44:57 - [MESSAGE][INFO] - Finding web element from Test Object's properties

2021-11-23 09:44:57 - [MESSAGE][INFO] - Checking timeout

2021-11-23 09:44:57 - [MESSAGE][INFO] - Finding web element with id: 'Object Repository/Popup/Popup' located by 'By.cssSelector: .bootbox-body' in '30' second(s)

2021-11-23 09:44:57 - [MESSAGE][INFO] - Smart Wait Function is triggered

2021-11-23 09:44:57 - [MESSAGE][INFO] - Found 1 web elements with id: 'Object Repository/Popup/Popup' located by 'By.cssSelector: .bootbox-body' in '30' second(s)

2021-11-23 09:44:57 - [MESSAGE][INFO] - Getting text of object 'Object Repository/Popup/Popup'

2021-11-23 09:44:57 - [MESSAGE][PASSED] - Text of object 'Object Repository/Popup/Popup' is: 'Lütfen rapor bildiriminin gönderileceği e-posta adresini belirtiniz.
e-Posta Adresi'

2021-11-23 09:44:57 - [TEST_STEP][PASSED] - RaporNo = getText(findTestObject("Popup/Popup")).substring(0, 6): Text of object 'Object Repository/Popup/Popup' is: 'Lütfen rapor bildiriminin gönderileceği e-posta adresini belirtiniz.
e-Posta Adresi'

2021-11-23 09:44:57 - [MESSAGE][INFO] - Finding Test Object 'Object Repository/Popup/Popup'

2021-11-23 09:44:57 - [MESSAGE][INFO] - Checking object

2021-11-23 09:44:57 - [MESSAGE][INFO] - Finding web element from Test Object's properties

2021-11-23 09:44:57 - [MESSAGE][INFO] - Checking timeout

2021-11-23 09:44:57 - [MESSAGE][INFO] - Finding web element with id: 'Object Repository/Popup/Popup' located by 'By.cssSelector: .bootbox-body' in '30' second(s)

2021-11-23 09:44:57 - [MESSAGE][INFO] - Smart Wait Function is triggered

2021-11-23 09:44:57 - [MESSAGE][INFO] - Found 1 web elements with id: 'Object Repository/Popup/Popup' located by 'By.cssSelector: .bootbox-body' in '30' second(s)

2021-11-23 09:44:57 - [MESSAGE][INFO] - Getting text of object 'Object Repository/Popup/Popup'

2021-11-23 09:44:57 - [MESSAGE][PASSED] - Text of object 'Object Repository/Popup/Popup' is: 'Lütfen rapor bildiriminin gönderileceği e-posta adresini belirtiniz.
e-Posta Adresi'

2021-11-23 09:44:57 - [TEST_STEP][PASSED] - Console.println(RaporNo): null

2021-11-23 09:44:57 - [MESSAGE][PASSED] - Call Test Case 'Test Cases/Popup/PopupMesajiIceriyorMu' successfully

2021-11-23 09:44:57 - [MESSAGE][INFO] - Checking called Test Case

2021-11-23 09:44:57 - [MESSAGE][INFO] - Starting to call Test Case 'Test Cases/Popup/PopupaEmailEklenir'

2021-11-23 09:44:57 - [TEST_CASE][PASSED] - Test Cases/Popup/PopupaEmailEklenir: Test Cases/Popup/PopupaEmailEklenir

2021-11-23 09:44:57 - [TEST_STEP][PASSED] - clearText(findTestObject("Popup/EmailText")): Text of object 'Object Repository/Popup/EmailText' is cleared

2021-11-23 09:44:57 - [MESSAGE][INFO] - Finding Test Object 'Object Repository/Popup/EmailText'

2021-11-23 09:44:57 - [MESSAGE][INFO] - Checking object

2021-11-23 09:44:57 - [MESSAGE][INFO] - Finding web element from Test Object's properties

2021-11-23 09:44:57 - [MESSAGE][INFO] - Checking timeout

2021-11-23 09:44:57 - [MESSAGE][INFO] - Finding web element with id: 'Object Repository/Popup/EmailText' located by 'By.xpath: //*[@id="eMails"]' in '30' second(s)

2021-11-23 09:44:57 - [MESSAGE][INFO] - Smart Wait Function is triggered

2021-11-23 09:44:58 - [MESSAGE][INFO] - Found 1 web elements with id: 'Object Repository/Popup/EmailText' located by 'By.xpath: //*[@id="eMails"]' in '30' second(s)

2021-11-23 09:44:58 - [MESSAGE][INFO] - Clearing text of object 'Object Repository/Popup/EmailText'

2021-11-23 09:44:58 - [MESSAGE][PASSED] - Text of object 'Object Repository/Popup/EmailText' is cleared

2021-11-23 09:44:58 - [TEST_STEP][PASSED] - sendKeys(findTestObject("Popup/EmailText"), Email): Keys 'elogotest@gmail.com;ali.kara@logo.com.tr' sent to object: 'Object Repository/Popup/EmailText'

2021-11-23 09:44:58 - [MESSAGE][INFO] - Finding Test Object 'Object Repository/Popup/EmailText'

2021-11-23 09:44:58 - [MESSAGE][INFO] - Sending keys 'elogotest@gmail.com;ali.kara@logo.com.tr' to object: 'Object Repository/Popup/EmailText'

2021-11-23 09:44:58 - [MESSAGE][INFO] - Finding web element from Test Object's properties

2021-11-23 09:44:58 - [MESSAGE][INFO] - Checking timeout

2021-11-23 09:44:58 - [MESSAGE][INFO] - Finding web element with id: 'Object Repository/Popup/EmailText' located by 'By.xpath: //*[@id="eMails"]' in '30' second(s)

2021-11-23 09:44:58 - [MESSAGE][INFO] - Smart Wait Function is triggered

2021-11-23 09:44:58 - [MESSAGE][INFO] - Found 1 web elements with id: 'Object Repository/Popup/EmailText' located by 'By.xpath: //*[@id="eMails"]' in '30' second(s)

2021-11-23 09:44:58 - [MESSAGE][PASSED] - Keys 'elogotest@gmail.com;ali.kara@logo.com.tr' sent to object: 'Object Repository/Popup/EmailText'

2021-11-23 09:44:58 - [MESSAGE][PASSED] - Call Test Case 'Test Cases/Popup/PopupaEmailEklenir' successfully

2021-11-23 09:44:58 - [MESSAGE][INFO] - Checking called Test Case

2021-11-23 09:44:58 - [MESSAGE][INFO] - Starting to call Test Case 'Test Cases/Popup/PopupButonSecilir'

2021-11-23 09:44:58 - [TEST_CASE][PASSED] - Test Cases/Popup/PopupButonSecilir: Test Cases/Popup/PopupButonSecilir

2021-11-23 09:44:58 - [TEST_STEP][PASSED] - Method.TextDegerineEsitElementeTikla(findTestObject("Popup/Popup_Butons"), Buton): Method.TextDegerineEsitElementeTikla is PASSED

2021-11-23 09:44:58 - [MESSAGE][INFO] - Finding Test Object 'Object Repository/Popup/Popup_Butons'

2021-11-23 09:44:58 - [MESSAGE][INFO] - Checking timeout

2021-11-23 09:44:58 - [MESSAGE][INFO] - Finding web element with id: 'Object Repository/Popup/Popup_Butons' located by 'By.cssSelector: .modal-footer>button' in '10' second(s)

2021-11-23 09:44:58 - [MESSAGE][INFO] - Smart Wait Function is triggered

2021-11-23 09:44:59 - [MESSAGE][INFO] - Found 2 web elements with id: 'Object Repository/Popup/Popup_Butons' located by 'By.cssSelector: .modal-footer>button' in '10' second(s)

2021-11-23 09:44:59 - [MESSAGE][PASSED] - Method.TextDegerineEsitElementeTikla is PASSED

2021-11-23 09:44:59 - [MESSAGE][PASSED] - Call Test Case 'Test Cases/Popup/PopupButonSecilir' successfully

2021-11-23 09:44:59 - [MESSAGE][INFO] - Checking called Test Case

2021-11-23 09:44:59 - [MESSAGE][INFO] - Starting to call Test Case 'Test Cases/Popup/PopupMesajiIceriyorMu'

2021-11-23 09:44:59 - [TEST_CASE][PASSED] - Test Cases/Popup/PopupMesajiIceriyorMu: Test Cases/Popup/PopupMesajiIceriyorMu

2021-11-23 09:44:59 - [TEST_STEP][PASSED] - waitForElementVisible(findTestObject("Popup/Popup"), 10): Object 'Object Repository/Popup/Popup' is visible

2021-11-23 09:44:59 - [MESSAGE][INFO] - Finding Test Object 'Object Repository/Popup/Popup'

2021-11-23 09:44:59 - [MESSAGE][INFO] - Checking object

2021-11-23 09:44:59 - [MESSAGE][INFO] - Checking timeout

2021-11-23 09:44:59 - [MESSAGE][INFO] - Finding web element from Test Object's properties

2021-11-23 09:44:59 - [MESSAGE][INFO] - Checking timeout

2021-11-23 09:44:59 - [MESSAGE][INFO] - Finding web element with id: 'Object Repository/Popup/Popup' located by 'By.cssSelector: .bootbox-body' in '10' second(s)

2021-11-23 09:44:59 - [MESSAGE][INFO] - Smart Wait Function is triggered

2021-11-23 09:45:00 - [MESSAGE][INFO] - Found 1 web elements with id: 'Object Repository/Popup/Popup' located by 'By.cssSelector: .bootbox-body' in '10' second(s)

2021-11-23 09:45:00 - [MESSAGE][PASSED] - Object 'Object Repository/Popup/Popup' is visible

2021-11-23 09:45:00 - [TEST_STEP][PASSED] - if (!(getText(findTestObject("Popup/Popup")).contains(Mesaj))): Text of object 'Object Repository/Popup/Popup' is: '17601 no’lu talebiniz işleme alınmıştır. Raporunuz hazırlandığında (elogotest@gmail.com;ali.kara@logo.com.tr) adresinize mail gönderilecektir.
Rapor durumunuzu Raporlar > Toplu Veri İndirme ekranından takip edebilir, hazırlandı durumundaki raporlarınızı ilgili menüden indirebilirsiniz.'

2021-11-23 09:45:00 - [MESSAGE][INFO] - Finding Test Object 'Object Repository/Popup/Popup'

2021-11-23 09:45:00 - [MESSAGE][INFO] - Checking object

2021-11-23 09:45:00 - [MESSAGE][INFO] - Finding web element from Test Object's properties

2021-11-23 09:45:00 - [MESSAGE][INFO] - Checking timeout

2021-11-23 09:45:00 - [MESSAGE][INFO] - Finding web element with id: 'Object Repository/Popup/Popup' located by 'By.cssSelector: .bootbox-body' in '30' second(s)

2021-11-23 09:45:00 - [MESSAGE][INFO] - Smart Wait Function is triggered

2021-11-23 09:45:00 - [MESSAGE][INFO] - Found 1 web elements with id: 'Object Repository/Popup/Popup' located by 'By.cssSelector: .bootbox-body' in '30' second(s)

2021-11-23 09:45:00 - [MESSAGE][INFO] - Getting text of object 'Object Repository/Popup/Popup'

2021-11-23 09:45:00 - [MESSAGE][PASSED] - Text of object 'Object Repository/Popup/Popup' is: '17601 no’lu talebiniz işleme alınmıştır. Raporunuz hazırlandığında (elogotest@gmail.com;ali.kara@logo.com.tr) adresinize mail gönderilecektir.
Rapor durumunuzu Raporlar > Toplu Veri İndirme ekranından takip edebilir, hazırlandı durumundaki raporlarınızı ilgili menüden indirebilirsiniz.'

2021-11-23 09:45:00 - [TEST_STEP][PASSED] - RaporNo = getText(findTestObject("Popup/Popup")).substring(0, 6): Text of object 'Object Repository/Popup/Popup' is: '17601 no’lu talebiniz işleme alınmıştır. Raporunuz hazırlandığında (elogotest@gmail.com;ali.kara@logo.com.tr) adresinize mail gönderilecektir.
Rapor durumunuzu Raporlar > Toplu Veri İndirme ekranından takip edebilir, hazırlandı durumundaki raporlarınızı ilgili menüden indirebilirsiniz.'

2021-11-23 09:45:00 - [MESSAGE][INFO] - Finding Test Object 'Object Repository/Popup/Popup'

2021-11-23 09:45:00 - [MESSAGE][INFO] - Checking object

2021-11-23 09:45:00 - [MESSAGE][INFO] - Finding web element from Test Object's properties

2021-11-23 09:45:00 - [MESSAGE][INFO] - Checking timeout

2021-11-23 09:45:00 - [MESSAGE][INFO] - Finding web element with id: 'Object Repository/Popup/Popup' located by 'By.cssSelector: .bootbox-body' in '30' second(s)

2021-11-23 09:45:00 - [MESSAGE][INFO] - Smart Wait Function is triggered

2021-11-23 09:45:00 - [MESSAGE][INFO] - Found 1 web elements with id: 'Object Repository/Popup/Popup' located by 'By.cssSelector: .bootbox-body' in '30' second(s)

2021-11-23 09:45:00 - [MESSAGE][INFO] - Getting text of object 'Object Repository/Popup/Popup'

2021-11-23 09:45:00 - [MESSAGE][PASSED] - Text of object 'Object Repository/Popup/Popup' is: '17601 no’lu talebiniz işleme alınmıştır. Raporunuz hazırlandığında (elogotest@gmail.com;ali.kara@logo.com.tr) adresinize mail gönderilecektir.
Rapor durumunuzu Raporlar > Toplu Veri İndirme ekranından takip edebilir, hazırlandı durumundaki raporlarınızı ilgili menüden indirebilirsiniz.'

2021-11-23 09:45:00 - [TEST_STEP][PASSED] - Console.println(RaporNo): null

2021-11-23 09:45:00 - [MESSAGE][PASSED] - Call Test Case 'Test Cases/Popup/PopupMesajiIceriyorMu' successfully

2021-11-23 09:45:00 - [MESSAGE][INFO] - Checking called Test Case

2021-11-23 09:45:00 - [MESSAGE][INFO] - Starting to call Test Case 'Test Cases/Popup/PopupButonSecilir'

2021-11-23 09:45:00 - [TEST_CASE][PASSED] - Test Cases/Popup/PopupButonSecilir: Test Cases/Popup/PopupButonSecilir

2021-11-23 09:45:00 - [TEST_STEP][PASSED] - Method.TextDegerineEsitElementeTikla(findTestObject("Popup/Popup_Butons"), Buton): Method.TextDegerineEsitElementeTikla is PASSED

2021-11-23 09:45:00 - [MESSAGE][INFO] - Finding Test Object 'Object Repository/Popup/Popup_Butons'

2021-11-23 09:45:00 - [MESSAGE][INFO] - Checking timeout

2021-11-23 09:45:00 - [MESSAGE][INFO] - Finding web element with id: 'Object Repository/Popup/Popup_Butons' located by 'By.cssSelector: .modal-footer>button' in '10' second(s)

2021-11-23 09:45:00 - [MESSAGE][INFO] - Smart Wait Function is triggered

2021-11-23 09:45:01 - [MESSAGE][INFO] - Found 1 web elements with id: 'Object Repository/Popup/Popup_Butons' located by 'By.cssSelector: .modal-footer>button' in '10' second(s)

2021-11-23 09:45:01 - [MESSAGE][PASSED] - Method.TextDegerineEsitElementeTikla is PASSED

2021-11-23 09:45:01 - [MESSAGE][PASSED] - Call Test Case 'Test Cases/Popup/PopupButonSecilir' successfully

2021-11-23 09:45:01 - [MESSAGE][INFO] - Checking called Test Case

2021-11-23 09:45:01 - [MESSAGE][INFO] - Starting to call Test Case 'Test Cases/Butonlar/ButonaTikla'

2021-11-23 09:45:01 - [TEST_CASE][PASSED] - Test Cases/Butonlar/ButonaTikla: Test Cases/Butonlar/ButonaTikla

2021-11-23 09:45:01 - [TEST_STEP][PASSED] - Method.TextDegerineEsitElementeTiklaEquals(findTestObject("Butonlar/Butonlar"), Buton_Adi): Method.TextDegerineEsitElementeTiklaEquals is PASSED

2021-11-23 09:45:01 - [MESSAGE][INFO] - Finding Test Object 'Object Repository/Butonlar/Butonlar'

2021-11-23 09:45:01 - [MESSAGE][INFO] - Checking timeout

2021-11-23 09:45:01 - [MESSAGE][INFO] - Finding web element with id: 'Object Repository/Butonlar/Butonlar' located by 'By.cssSelector: .panel.panel-default.text-center.footerPanel .btn,.btn.btn-primary.btnControls' in '10' second(s)

2021-11-23 09:45:01 - [MESSAGE][INFO] - Smart Wait Function is triggered

2021-11-23 09:45:02 - [MESSAGE][INFO] - Found 5 web elements with id: 'Object Repository/Butonlar/Butonlar' located by 'By.cssSelector: .panel.panel-default.text-center.footerPanel .btn,.btn.btn-primary.btnControls' in '10' second(s)

2021-11-23 09:45:02 - [MESSAGE][PASSED] - Method.TextDegerineEsitElementeTiklaEquals is PASSED

2021-11-23 09:45:02 - [MESSAGE][PASSED] - Call Test Case 'Test Cases/Butonlar/ButonaTikla' successfully

2021-11-23 09:45:02 - [MESSAGE][INFO] - Checking called Test Case

2021-11-23 09:45:02 - [MESSAGE][INFO] - Starting to call Test Case 'Test Cases/Butonlar/AltButonaTikla'

2021-11-23 09:45:02 - [TEST_CASE][PASSED] - Test Cases/Butonlar/AltButonaTikla: Test Cases/Butonlar/AltButonaTikla

2021-11-23 09:45:02 - [TEST_STEP][PASSED] - Method.TextDegerineEsitElementeTikla(findTestObject("Butonlar/AltButonlar"), Alt_Buton): Method.TextDegerineEsitElementeTikla is PASSED

2021-11-23 09:45:02 - [MESSAGE][INFO] - Finding Test Object 'Object Repository/Butonlar/AltButonlar'

2021-11-23 09:45:02 - [MESSAGE][INFO] - Checking timeout

2021-11-23 09:45:02 - [MESSAGE][INFO] - Finding web element with id: 'Object Repository/Butonlar/AltButonlar' located by 'By.cssSelector: .btn-group.open li>a' in '10' second(s)

2021-11-23 09:45:02 - [MESSAGE][INFO] - Smart Wait Function is triggered

2021-11-23 09:45:02 - [MESSAGE][INFO] - Found 2 web elements with id: 'Object Repository/Butonlar/AltButonlar' located by 'By.cssSelector: .btn-group.open li>a' in '10' second(s)

2021-11-23 09:45:02 - [MESSAGE][PASSED] - Method.TextDegerineEsitElementeTikla is PASSED

2021-11-23 09:45:02 - [MESSAGE][PASSED] - Call Test Case 'Test Cases/Butonlar/AltButonaTikla' successfully

2021-11-23 09:45:02 - [MESSAGE][INFO] - Checking called Test Case

2021-11-23 09:45:02 - [MESSAGE][INFO] - Starting to call Test Case 'Test Cases/Popup/PopupMesajiIceriyorMu'

2021-11-23 09:45:02 - [TEST_CASE][PASSED] - Test Cases/Popup/PopupMesajiIceriyorMu: Test Cases/Popup/PopupMesajiIceriyorMu

2021-11-23 09:45:02 - [TEST_STEP][PASSED] - waitForElementVisible(findTestObject("Popup/Popup"), 10): Object 'Object Repository/Popup/Popup' is visible

2021-11-23 09:45:02 - [MESSAGE][INFO] - Finding Test Object 'Object Repository/Popup/Popup'

2021-11-23 09:45:02 - [MESSAGE][INFO] - Checking object

2021-11-23 09:45:02 - [MESSAGE][INFO] - Checking timeout

2021-11-23 09:45:02 - [MESSAGE][INFO] - Finding web element from Test Object's properties

2021-11-23 09:45:02 - [MESSAGE][INFO] - Checking timeout

2021-11-23 09:45:02 - [MESSAGE][INFO] - Finding web element with id: 'Object Repository/Popup/Popup' located by 'By.cssSelector: .bootbox-body' in '10' second(s)

2021-11-23 09:45:02 - [MESSAGE][INFO] - Smart Wait Function is triggered

2021-11-23 09:45:03 - [MESSAGE][INFO] - Found 1 web elements with id: 'Object Repository/Popup/Popup' located by 'By.cssSelector: .bootbox-body' in '10' second(s)

2021-11-23 09:45:03 - [MESSAGE][PASSED] - Object 'Object Repository/Popup/Popup' is visible

2021-11-23 09:45:03 - [TEST_STEP][PASSED] - if (!(getText(findTestObject("Popup/Popup")).contains(Mesaj))): Text of object 'Object Repository/Popup/Popup' is: 'Lütfen rapor bildiriminin gönderileceği e-posta adresini belirtiniz.
e-Posta Adresi'

2021-11-23 09:45:03 - [MESSAGE][INFO] - Finding Test Object 'Object Repository/Popup/Popup'

2021-11-23 09:45:03 - [MESSAGE][INFO] - Checking object

2021-11-23 09:45:03 - [MESSAGE][INFO] - Finding web element from Test Object's properties

2021-11-23 09:45:03 - [MESSAGE][INFO] - Checking timeout

2021-11-23 09:45:03 - [MESSAGE][INFO] - Finding web element with id: 'Object Repository/Popup/Popup' located by 'By.cssSelector: .bootbox-body' in '30' second(s)

2021-11-23 09:45:03 - [MESSAGE][INFO] - Smart Wait Function is triggered

2021-11-23 09:45:03 - [MESSAGE][INFO] - Found 1 web elements with id: 'Object Repository/Popup/Popup' located by 'By.cssSelector: .bootbox-body' in '30' second(s)

2021-11-23 09:45:03 - [MESSAGE][INFO] - Getting text of object 'Object Repository/Popup/Popup'

2021-11-23 09:45:03 - [MESSAGE][PASSED] - Text of object 'Object Repository/Popup/Popup' is: 'Lütfen rapor bildiriminin gönderileceği e-posta adresini belirtiniz.
e-Posta Adresi'

2021-11-23 09:45:03 - [TEST_STEP][PASSED] - RaporNo = getText(findTestObject("Popup/Popup")).substring(0, 6): Text of object 'Object Repository/Popup/Popup' is: 'Lütfen rapor bildiriminin gönderileceği e-posta adresini belirtiniz.
e-Posta Adresi'

2021-11-23 09:45:03 - [MESSAGE][INFO] - Finding Test Object 'Object Repository/Popup/Popup'

2021-11-23 09:45:03 - [MESSAGE][INFO] - Checking object

2021-11-23 09:45:03 - [MESSAGE][INFO] - Finding web element from Test Object's properties

2021-11-23 09:45:03 - [MESSAGE][INFO] - Checking timeout

2021-11-23 09:45:03 - [MESSAGE][INFO] - Finding web element with id: 'Object Repository/Popup/Popup' located by 'By.cssSelector: .bootbox-body' in '30' second(s)

2021-11-23 09:45:03 - [MESSAGE][INFO] - Smart Wait Function is triggered

2021-11-23 09:45:04 - [MESSAGE][INFO] - Found 1 web elements with id: 'Object Repository/Popup/Popup' located by 'By.cssSelector: .bootbox-body' in '30' second(s)

2021-11-23 09:45:04 - [MESSAGE][INFO] - Getting text of object 'Object Repository/Popup/Popup'

2021-11-23 09:45:04 - [MESSAGE][PASSED] - Text of object 'Object Repository/Popup/Popup' is: 'Lütfen rapor bildiriminin gönderileceği e-posta adresini belirtiniz.
e-Posta Adresi'

2021-11-23 09:45:04 - [TEST_STEP][PASSED] - Console.println(RaporNo): null

2021-11-23 09:45:04 - [MESSAGE][PASSED] - Call Test Case 'Test Cases/Popup/PopupMesajiIceriyorMu' successfully

2021-11-23 09:45:04 - [MESSAGE][INFO] - Checking called Test Case

2021-11-23 09:45:04 - [MESSAGE][INFO] - Starting to call Test Case 'Test Cases/Popup/PopupaEmailEklenir'

2021-11-23 09:45:04 - [TEST_CASE][PASSED] - Test Cases/Popup/PopupaEmailEklenir: Test Cases/Popup/PopupaEmailEklenir

2021-11-23 09:45:04 - [TEST_STEP][PASSED] - clearText(findTestObject("Popup/EmailText")): Text of object 'Object Repository/Popup/EmailText' is cleared

2021-11-23 09:45:04 - [MESSAGE][INFO] - Finding Test Object 'Object Repository/Popup/EmailText'

2021-11-23 09:45:04 - [MESSAGE][INFO] - Checking object

2021-11-23 09:45:04 - [MESSAGE][INFO] - Finding web element from Test Object's properties

2021-11-23 09:45:04 - [MESSAGE][INFO] - Checking timeout

2021-11-23 09:45:04 - [MESSAGE][INFO] - Finding web element with id: 'Object Repository/Popup/EmailText' located by 'By.xpath: //*[@id="eMails"]' in '30' second(s)

2021-11-23 09:45:04 - [MESSAGE][INFO] - Smart Wait Function is triggered

2021-11-23 09:45:04 - [MESSAGE][INFO] - Found 1 web elements with id: 'Object Repository/Popup/EmailText' located by 'By.xpath: //*[@id="eMails"]' in '30' second(s)

2021-11-23 09:45:04 - [MESSAGE][INFO] - Clearing text of object 'Object Repository/Popup/EmailText'

2021-11-23 09:45:04 - [MESSAGE][PASSED] - Text of object 'Object Repository/Popup/EmailText' is cleared

2021-11-23 09:45:04 - [TEST_STEP][PASSED] - sendKeys(findTestObject("Popup/EmailText"), Email): Keys 'elogotest@gmail.com;ali.kara@logo.com.tr' sent to object: 'Object Repository/Popup/EmailText'

2021-11-23 09:45:04 - [MESSAGE][INFO] - Finding Test Object 'Object Repository/Popup/EmailText'

2021-11-23 09:45:04 - [MESSAGE][INFO] - Sending keys 'elogotest@gmail.com;ali.kara@logo.com.tr' to object: 'Object Repository/Popup/EmailText'

2021-11-23 09:45:04 - [MESSAGE][INFO] - Finding web element from Test Object's properties

2021-11-23 09:45:04 - [MESSAGE][INFO] - Checking timeout

2021-11-23 09:45:04 - [MESSAGE][INFO] - Finding web element with id: 'Object Repository/Popup/EmailText' located by 'By.xpath: //*[@id="eMails"]' in '30' second(s)

2021-11-23 09:45:04 - [MESSAGE][INFO] - Smart Wait Function is triggered

2021-11-23 09:45:04 - [MESSAGE][INFO] - Found 1 web elements with id: 'Object Repository/Popup/EmailText' located by 'By.xpath: //*[@id="eMails"]' in '30' second(s)

2021-11-23 09:45:04 - [MESSAGE][PASSED] - Keys 'elogotest@gmail.com;ali.kara@logo.com.tr' sent to object: 'Object Repository/Popup/EmailText'

2021-11-23 09:45:04 - [MESSAGE][PASSED] - Call Test Case 'Test Cases/Popup/PopupaEmailEklenir' successfully

2021-11-23 09:45:04 - [MESSAGE][INFO] - Checking called Test Case

2021-11-23 09:45:04 - [MESSAGE][INFO] - Starting to call Test Case 'Test Cases/Popup/PopupButonSecilir'

2021-11-23 09:45:04 - [TEST_CASE][PASSED] - Test Cases/Popup/PopupButonSecilir: Test Cases/Popup/PopupButonSecilir

2021-11-23 09:45:04 - [TEST_STEP][PASSED] - Method.TextDegerineEsitElementeTikla(findTestObject("Popup/Popup_Butons"), Buton): Method.TextDegerineEsitElementeTikla is PASSED

2021-11-23 09:45:04 - [MESSAGE][INFO] - Finding Test Object 'Object Repository/Popup/Popup_Butons'

2021-11-23 09:45:05 - [MESSAGE][INFO] - Checking timeout

2021-11-23 09:45:05 - [MESSAGE][INFO] - Finding web element with id: 'Object Repository/Popup/Popup_Butons' located by 'By.cssSelector: .modal-footer>button' in '10' second(s)

2021-11-23 09:45:05 - [MESSAGE][INFO] - Smart Wait Function is triggered

2021-11-23 09:45:05 - [MESSAGE][INFO] - Found 2 web elements with id: 'Object Repository/Popup/Popup_Butons' located by 'By.cssSelector: .modal-footer>button' in '10' second(s)

2021-11-23 09:45:05 - [MESSAGE][PASSED] - Method.TextDegerineEsitElementeTikla is PASSED

2021-11-23 09:45:05 - [MESSAGE][PASSED] - Call Test Case 'Test Cases/Popup/PopupButonSecilir' successfully

2021-11-23 09:45:05 - [MESSAGE][INFO] - Checking called Test Case

2021-11-23 09:45:05 - [MESSAGE][INFO] - Starting to call Test Case 'Test Cases/Popup/PopupMesajiIceriyorMu'

2021-11-23 09:45:05 - [TEST_CASE][PASSED] - Test Cases/Popup/PopupMesajiIceriyorMu: Test Cases/Popup/PopupMesajiIceriyorMu

2021-11-23 09:45:05 - [TEST_STEP][PASSED] - waitForElementVisible(findTestObject("Popup/Popup"), 10): Object 'Object Repository/Popup/Popup' is visible

2021-11-23 09:45:05 - [MESSAGE][INFO] - Finding Test Object 'Object Repository/Popup/Popup'

2021-11-23 09:45:05 - [MESSAGE][INFO] - Checking object

2021-11-23 09:45:05 - [MESSAGE][INFO] - Checking timeout

2021-11-23 09:45:05 - [MESSAGE][INFO] - Finding web element from Test Object's properties

2021-11-23 09:45:05 - [MESSAGE][INFO] - Checking timeout

2021-11-23 09:45:05 - [MESSAGE][INFO] - Finding web element with id: 'Object Repository/Popup/Popup' located by 'By.cssSelector: .bootbox-body' in '10' second(s)

2021-11-23 09:45:05 - [MESSAGE][INFO] - Smart Wait Function is triggered

2021-11-23 09:45:06 - [MESSAGE][INFO] - Found 1 web elements with id: 'Object Repository/Popup/Popup' located by 'By.cssSelector: .bootbox-body' in '10' second(s)

2021-11-23 09:45:06 - [MESSAGE][PASSED] - Object 'Object Repository/Popup/Popup' is visible

2021-11-23 09:45:06 - [TEST_STEP][PASSED] - if (!(getText(findTestObject("Popup/Popup")).contains(Mesaj))): Text of object 'Object Repository/Popup/Popup' is: '17602 no’lu talebiniz işleme alınmıştır. Raporunuz hazırlandığında (elogotest@gmail.com;ali.kara@logo.com.tr) adresinize mail gönderilecektir.
Rapor durumunuzu Raporlar > Toplu Veri İndirme ekranından takip edebilir, hazırlandı durumundaki raporlarınızı ilgili menüden indirebilirsiniz.'

2021-11-23 09:45:06 - [MESSAGE][INFO] - Finding Test Object 'Object Repository/Popup/Popup'

2021-11-23 09:45:06 - [MESSAGE][INFO] - Checking object

2021-11-23 09:45:06 - [MESSAGE][INFO] - Finding web element from Test Object's properties

2021-11-23 09:45:06 - [MESSAGE][INFO] - Checking timeout

2021-11-23 09:45:06 - [MESSAGE][INFO] - Finding web element with id: 'Object Repository/Popup/Popup' located by 'By.cssSelector: .bootbox-body' in '30' second(s)

2021-11-23 09:45:06 - [MESSAGE][INFO] - Smart Wait Function is triggered

2021-11-23 09:45:06 - [MESSAGE][INFO] - Found 1 web elements with id: 'Object Repository/Popup/Popup' located by 'By.cssSelector: .bootbox-body' in '30' second(s)

2021-11-23 09:45:06 - [MESSAGE][INFO] - Getting text of object 'Object Repository/Popup/Popup'

2021-11-23 09:45:06 - [MESSAGE][PASSED] - Text of object 'Object Repository/Popup/Popup' is: '17602 no’lu talebiniz işleme alınmıştır. Raporunuz hazırlandığında (elogotest@gmail.com;ali.kara@logo.com.tr) adresinize mail gönderilecektir.
Rapor durumunuzu Raporlar > Toplu Veri İndirme ekranından takip edebilir, hazırlandı durumundaki raporlarınızı ilgili menüden indirebilirsiniz.'

2021-11-23 09:45:06 - [TEST_STEP][PASSED] - RaporNo = getText(findTestObject("Popup/Popup")).substring(0, 6): Text of object 'Object Repository/Popup/Popup' is: '17602 no’lu talebiniz işleme alınmıştır. Raporunuz hazırlandığında (elogotest@gmail.com;ali.kara@logo.com.tr) adresinize mail gönderilecektir.
Rapor durumunuzu Raporlar > Toplu Veri İndirme ekranından takip edebilir, hazırlandı durumundaki raporlarınızı ilgili menüden indirebilirsiniz.'

2021-11-23 09:45:06 - [MESSAGE][INFO] - Finding Test Object 'Object Repository/Popup/Popup'

2021-11-23 09:45:06 - [MESSAGE][INFO] - Checking object

2021-11-23 09:45:06 - [MESSAGE][INFO] - Finding web element from Test Object's properties

2021-11-23 09:45:06 - [MESSAGE][INFO] - Checking timeout

2021-11-23 09:45:06 - [MESSAGE][INFO] - Finding web element with id: 'Object Repository/Popup/Popup' located by 'By.cssSelector: .bootbox-body' in '30' second(s)

2021-11-23 09:45:06 - [MESSAGE][INFO] - Smart Wait Function is triggered

2021-11-23 09:45:06 - [MESSAGE][INFO] - Found 1 web elements with id: 'Object Repository/Popup/Popup' located by 'By.cssSelector: .bootbox-body' in '30' second(s)

2021-11-23 09:45:06 - [MESSAGE][INFO] - Getting text of object 'Object Repository/Popup/Popup'

2021-11-23 09:45:06 - [MESSAGE][PASSED] - Text of object 'Object Repository/Popup/Popup' is: '17602 no’lu talebiniz işleme alınmıştır. Raporunuz hazırlandığında (elogotest@gmail.com;ali.kara@logo.com.tr) adresinize mail gönderilecektir.
Rapor durumunuzu Raporlar > Toplu Veri İndirme ekranından takip edebilir, hazırlandı durumundaki raporlarınızı ilgili menüden indirebilirsiniz.'

2021-11-23 09:45:06 - [TEST_STEP][PASSED] - Console.println(RaporNo): null

2021-11-23 09:45:06 - [MESSAGE][PASSED] - Call Test Case 'Test Cases/Popup/PopupMesajiIceriyorMu' successfully

2021-11-23 09:45:06 - [MESSAGE][INFO] - Checking called Test Case

2021-11-23 09:45:06 - [MESSAGE][INFO] - Starting to call Test Case 'Test Cases/Popup/PopupButonSecilir'

2021-11-23 09:45:07 - [TEST_CASE][PASSED] - Test Cases/Popup/PopupButonSecilir: Test Cases/Popup/PopupButonSecilir

2021-11-23 09:45:07 - [TEST_STEP][PASSED] - Method.TextDegerineEsitElementeTikla(findTestObject("Popup/Popup_Butons"), Buton): Method.TextDegerineEsitElementeTikla is PASSED

2021-11-23 09:45:07 - [MESSAGE][INFO] - Finding Test Object 'Object Repository/Popup/Popup_Butons'

2021-11-23 09:45:07 - [MESSAGE][INFO] - Checking timeout

2021-11-23 09:45:07 - [MESSAGE][INFO] - Finding web element with id: 'Object Repository/Popup/Popup_Butons' located by 'By.cssSelector: .modal-footer>button' in '10' second(s)

2021-11-23 09:45:07 - [MESSAGE][INFO] - Smart Wait Function is triggered

2021-11-23 09:45:07 - [MESSAGE][INFO] - Found 1 web elements with id: 'Object Repository/Popup/Popup_Butons' located by 'By.cssSelector: .modal-footer>button' in '10' second(s)

2021-11-23 09:45:07 - [MESSAGE][PASSED] - Method.TextDegerineEsitElementeTikla is PASSED

2021-11-23 09:45:07 - [MESSAGE][PASSED] - Call Test Case 'Test Cases/Popup/PopupButonSecilir' successfully

2021-11-23 09:45:07 - [MESSAGE][INFO] - Checking called Test Case

2021-11-23 09:45:07 - [MESSAGE][INFO] - Starting to call Test Case 'Test Cases/Menu/AnaMenuSecimi'

2021-11-23 09:45:07 - [TEST_CASE][PASSED] - Test Cases/Menu/AnaMenuSecimi: Test Cases/Menu/AnaMenuSecimi

2021-11-23 09:45:07 - [TEST_STEP][PASSED] - Method.TextDegerineEsitElementeTikla(findTestObject("Menu/Ana_Menu"), Ana_Menu): Method.TextDegerineEsitElementeTikla is PASSED

2021-11-23 09:45:07 - [MESSAGE][INFO] - Finding Test Object 'Object Repository/Menu/Ana_Menu'

2021-11-23 09:45:07 - [MESSAGE][INFO] - Checking timeout

2021-11-23 09:45:07 - [MESSAGE][INFO] - Finding web element with id: 'Object Repository/Menu/Ana_Menu' located by 'By.xpath: //*[@class = 'dropdown-toggle']' in '10' second(s)

2021-11-23 09:45:07 - [MESSAGE][INFO] - Smart Wait Function is triggered

2021-11-23 09:45:08 - [MESSAGE][INFO] - Found 14 web elements with id: 'Object Repository/Menu/Ana_Menu' located by 'By.xpath: //*[@class = 'dropdown-toggle']' in '10' second(s)

2021-11-23 09:45:08 - [MESSAGE][PASSED] - Method.TextDegerineEsitElementeTikla is PASSED

2021-11-23 09:45:08 - [MESSAGE][PASSED] - Call Test Case 'Test Cases/Menu/AnaMenuSecimi' successfully

2021-11-23 09:45:08 - [MESSAGE][INFO] - Checking called Test Case

2021-11-23 09:45:08 - [MESSAGE][INFO] - Starting to call Test Case 'Test Cases/Menu/AltMenuSecimi'

2021-11-23 09:45:08 - [TEST_CASE][PASSED] - Test Cases/Menu/AltMenuSecimi: Test Cases/Menu/AltMenuSecimi

2021-11-23 09:45:08 - [TEST_STEP][PASSED] - Method.TextDegerineEsitElementeTikla(findTestObject("Menu/Alt_Menu"), Alt_Menu): Method.TextDegerineEsitElementeTikla is PASSED

2021-11-23 09:45:08 - [MESSAGE][INFO] - Finding Test Object 'Object Repository/Menu/Alt_Menu'

2021-11-23 09:45:08 - [MESSAGE][INFO] - Checking timeout

2021-11-23 09:45:08 - [MESSAGE][INFO] - Finding web element with id: 'Object Repository/Menu/Alt_Menu' located by 'By.xpath: //li[@class='dropdown dropdown-large open']//li[@class='dropdown-element']' in '10' second(s)

2021-11-23 09:45:08 - [MESSAGE][INFO] - Smart Wait Function is triggered

2021-11-23 09:45:08 - [MESSAGE][INFO] - Found 2 web elements with id: 'Object Repository/Menu/Alt_Menu' located by 'By.xpath: //li[@class='dropdown dropdown-large open']//li[@class='dropdown-element']' in '10' second(s)

2021-11-23 09:45:11 - [MESSAGE][PASSED] - Method.TextDegerineEsitElementeTikla is PASSED

2021-11-23 09:45:11 - [MESSAGE][PASSED] - Call Test Case 'Test Cases/Menu/AltMenuSecimi' successfully

2021-11-23 09:45:11 - [MESSAGE][INFO] - Checking called Test Case

2021-11-23 09:45:11 - [MESSAGE][INFO] - Starting to call Test Case 'Test Cases/Filtreler/DropdownSec'

2021-11-23 09:45:11 - [TEST_CASE][PASSED] - Test Cases/Filtreler/DropdownSec: Test Cases/Filtreler/DropdownSec

2021-11-23 09:45:11 - [TEST_STEP][PASSED] - Method.TextDegerineEsitElementinAltindakineTikla(findTestObject("Filtreler/Basliklar"), findTestObject("Filtreler/Basliga_Gore_Baslangic_Image"), Filtre_Adi): Method.TextDegerineEsitElementinAltindakineTikla is PASSED

2021-11-23 09:45:11 - [MESSAGE][INFO] - Finding Test Object 'Object Repository/Filtreler/Basliklar'

2021-11-23 09:45:11 - [MESSAGE][INFO] - Finding Test Object 'Object Repository/Filtreler/Basliga_Gore_Baslangic_Image'

2021-11-23 09:45:11 - [MESSAGE][INFO] - Checking timeout

2021-11-23 09:45:11 - [MESSAGE][INFO] - Finding web element with id: 'Object Repository/Filtreler/Basliklar' located by 'By.cssSelector: .control-label.col-sm-4.paddingMarginRLC' in '10' second(s)

2021-11-23 09:45:11 - [MESSAGE][INFO] - Smart Wait Function is triggered

2021-11-23 09:45:11 - [MESSAGE][INFO] - Found 8 web elements with id: 'Object Repository/Filtreler/Basliklar' located by 'By.cssSelector: .control-label.col-sm-4.paddingMarginRLC' in '10' second(s)

2021-11-23 09:45:12 - [MESSAGE][INFO] - Smart Wait Function is triggered

2021-11-23 09:45:12 - [MESSAGE][PASSED] - Method.TextDegerineEsitElementinAltindakineTikla is PASSED

2021-11-23 09:45:12 - [TEST_STEP][PASSED] - Method.TextDegerineEsitElementeTikla(findTestObject("Object Repository/Filtreler/Basliga_Gore_Dropdown"), Filtre_Degeri): Method.TextDegerineEsitElementeTikla is PASSED

2021-11-23 09:45:12 - [MESSAGE][INFO] - Finding Test Object 'Object Repository/Filtreler/Basliga_Gore_Dropdown'

2021-11-23 09:45:12 - [MESSAGE][INFO] - Checking timeout

2021-11-23 09:45:12 - [MESSAGE][INFO] - Finding web element with id: 'Object Repository/Filtreler/Basliga_Gore_Dropdown' located by 'By.xpath: //*[@class = 'dxeListBoxItemRow_LECustomTheme']' in '10' second(s)

2021-11-23 09:45:12 - [MESSAGE][INFO] - Smart Wait Function is triggered

2021-11-23 09:45:12 - [MESSAGE][INFO] - Found 10 web elements with id: 'Object Repository/Filtreler/Basliga_Gore_Dropdown' located by 'By.xpath: //*[@class = 'dxeListBoxItemRow_LECustomTheme']' in '10' second(s)

2021-11-23 09:45:12 - [MESSAGE][PASSED] - Method.TextDegerineEsitElementeTikla is PASSED

2021-11-23 09:45:12 - [MESSAGE][PASSED] - Call Test Case 'Test Cases/Filtreler/DropdownSec' successfully

2021-11-23 09:45:12 - [MESSAGE][INFO] - Checking called Test Case

2021-11-23 09:45:12 - [MESSAGE][INFO] - Starting to call Test Case 'Test Cases/Filtreler/BaslangicYaz'

2021-11-23 09:45:12 - [TEST_CASE][PASSED] - Test Cases/Filtreler/BaslangicYaz: Test Cases/Filtreler/BaslangicYaz

2021-11-23 09:45:12 - [TEST_STEP][PASSED] - delay(3): Delayed 3 second(s)

2021-11-23 09:45:12 - [MESSAGE][INFO] - Delaying browser in 3 second(s)

2021-11-23 09:45:15 - [MESSAGE][PASSED] - Delayed 3 second(s)

2021-11-23 09:45:15 - [TEST_STEP][PASSED] - Method.TextDegerineEsitElementinAltindakineTikla(findTestObject("Filtreler/Basliklar"), findTestObject("Filtreler/Basliga_Gore_Baslangic_Image"), Filtre_Adi): Method.TextDegerineEsitElementinAltindakineTikla is PASSED

2021-11-23 09:45:15 - [MESSAGE][INFO] - Finding Test Object 'Object Repository/Filtreler/Basliklar'

2021-11-23 09:45:16 - [MESSAGE][INFO] - Finding Test Object 'Object Repository/Filtreler/Basliga_Gore_Baslangic_Image'

2021-11-23 09:45:16 - [MESSAGE][INFO] - Checking timeout

2021-11-23 09:45:16 - [MESSAGE][INFO] - Finding web element with id: 'Object Repository/Filtreler/Basliklar' located by 'By.cssSelector: .control-label.col-sm-4.paddingMarginRLC' in '10' second(s)

2021-11-23 09:45:16 - [MESSAGE][INFO] - Smart Wait Function is triggered

2021-11-23 09:45:16 - [MESSAGE][INFO] - Found 8 web elements with id: 'Object Repository/Filtreler/Basliklar' located by 'By.cssSelector: .control-label.col-sm-4.paddingMarginRLC' in '10' second(s)

2021-11-23 09:45:16 - [MESSAGE][INFO] - Smart Wait Function is triggered

2021-11-23 09:45:16 - [MESSAGE][PASSED] - Method.TextDegerineEsitElementinAltindakineTikla is PASSED

2021-11-23 09:45:16 - [TEST_STEP][PASSED] - Method.TextDegerineEsitElementinAltindakiTextboxtaYaz(findTestObject("Filtreler/Basliklar"), findTestObject("Filtreler/Basliga_Gore_Baslangic"), Filtre_Adi, Filtre_Degeri): Method.TextDegerineEsitElementinAltindakiTextboxtaYaz is PASSED

2021-11-23 09:45:16 - [MESSAGE][INFO] - Finding Test Object 'Object Repository/Filtreler/Basliklar'

2021-11-23 09:45:16 - [MESSAGE][INFO] - Finding Test Object 'Object Repository/Filtreler/Basliga_Gore_Baslangic'

2021-11-23 09:45:16 - [MESSAGE][INFO] - Checking timeout

2021-11-23 09:45:16 - [MESSAGE][INFO] - Finding web element with id: 'Object Repository/Filtreler/Basliklar' located by 'By.cssSelector: .control-label.col-sm-4.paddingMarginRLC' in '10' second(s)

2021-11-23 09:45:16 - [MESSAGE][INFO] - Smart Wait Function is triggered

2021-11-23 09:45:17 - [MESSAGE][INFO] - Found 8 web elements with id: 'Object Repository/Filtreler/Basliklar' located by 'By.cssSelector: .control-label.col-sm-4.paddingMarginRLC' in '10' second(s)

2021-11-23 09:45:17 - [MESSAGE][INFO] - Smart Wait Function is triggered

2021-11-23 09:45:17 - [MESSAGE][PASSED] - Method.TextDegerineEsitElementinAltindakiTextboxtaYaz is PASSED

2021-11-23 09:45:17 - [MESSAGE][PASSED] - Call Test Case 'Test Cases/Filtreler/BaslangicYaz' successfully

2021-11-23 09:45:17 - [MESSAGE][INFO] - Checking called Test Case

2021-11-23 09:45:17 - [MESSAGE][INFO] - Starting to call Test Case 'Test Cases/Filtreler/BitisYaz'

2021-11-23 09:45:17 - [TEST_CASE][PASSED] - Test Cases/Filtreler/BitisYaz: Test Cases/Filtreler/BitisYaz

2021-11-23 09:45:17 - [TEST_STEP][PASSED] - Method.TextDegerineEsitElementinAltindakineTikla(findTestObject("Filtreler/Basliklar"), findTestObject("Filtreler/Basliga_Gore_Bitis_Image"), Filtre_Adi): Method.TextDegerineEsitElementinAltindakineTikla is PASSED

2021-11-23 09:45:17 - [MESSAGE][INFO] - Finding Test Object 'Object Repository/Filtreler/Basliklar'

2021-11-23 09:45:17 - [MESSAGE][INFO] - Finding Test Object 'Object Repository/Filtreler/Basliga_Gore_Bitis_Image'

2021-11-23 09:45:17 - [MESSAGE][INFO] - Checking timeout

2021-11-23 09:45:17 - [MESSAGE][INFO] - Finding web element with id: 'Object Repository/Filtreler/Basliklar' located by 'By.cssSelector: .control-label.col-sm-4.paddingMarginRLC' in '10' second(s)

2021-11-23 09:45:17 - [MESSAGE][INFO] - Smart Wait Function is triggered

2021-11-23 09:45:18 - [MESSAGE][INFO] - Found 8 web elements with id: 'Object Repository/Filtreler/Basliklar' located by 'By.cssSelector: .control-label.col-sm-4.paddingMarginRLC' in '10' second(s)

2021-11-23 09:45:18 - [MESSAGE][INFO] - Smart Wait Function is triggered

2021-11-23 09:45:18 - [MESSAGE][PASSED] - Method.TextDegerineEsitElementinAltindakineTikla is PASSED

2021-11-23 09:45:18 - [TEST_STEP][PASSED] - Method.TextDegerineEsitElementinAltindakiTextboxtaYaz(findTestObject("Filtreler/Basliklar"), findTestObject("Object Repository/Filtreler/Basliga_Gore_Bitis"), Filtre_Adi, Filtre_Degeri): Method.TextDegerineEsitElementinAltindakiTextboxtaYaz is PASSED

2021-11-23 09:45:18 - [MESSAGE][INFO] - Finding Test Object 'Object Repository/Filtreler/Basliklar'

2021-11-23 09:45:18 - [MESSAGE][INFO] - Finding Test Object 'Object Repository/Filtreler/Basliga_Gore_Bitis'

2021-11-23 09:45:18 - [MESSAGE][INFO] - Checking timeout

2021-11-23 09:45:18 - [MESSAGE][INFO] - Finding web element with id: 'Object Repository/Filtreler/Basliklar' located by 'By.cssSelector: .control-label.col-sm-4.paddingMarginRLC' in '10' second(s)

2021-11-23 09:45:18 - [MESSAGE][INFO] - Smart Wait Function is triggered

2021-11-23 09:45:18 - [MESSAGE][INFO] - Found 8 web elements with id: 'Object Repository/Filtreler/Basliklar' located by 'By.cssSelector: .control-label.col-sm-4.paddingMarginRLC' in '10' second(s)

2021-11-23 09:45:18 - [MESSAGE][INFO] - Smart Wait Function is triggered

2021-11-23 09:45:19 - [MESSAGE][PASSED] - Method.TextDegerineEsitElementinAltindakiTextboxtaYaz is PASSED

2021-11-23 09:45:19 - [MESSAGE][PASSED] - Call Test Case 'Test Cases/Filtreler/BitisYaz' successfully

2021-11-23 09:45:19 - [MESSAGE][INFO] - Checking called Test Case

2021-11-23 09:45:19 - [MESSAGE][INFO] - Starting to call Test Case 'Test Cases/Filtreler/ButonaTikla'

2021-11-23 09:45:19 - [TEST_CASE][PASSED] - Test Cases/Filtreler/ButonaTikla: Test Cases/Filtreler/ButonaTikla

2021-11-23 09:45:19 - [TEST_STEP][PASSED] - Method.TextDegerineEsitElementeTikla(findTestObject("Filtreler/Butonlar"), Filtre_Buton): Method.TextDegerineEsitElementeTikla is PASSED

2021-11-23 09:45:19 - [MESSAGE][INFO] - Finding Test Object 'Object Repository/Filtreler/Butonlar'

2021-11-23 09:45:19 - [MESSAGE][INFO] - Checking timeout

2021-11-23 09:45:19 - [MESSAGE][INFO] - Finding web element with id: 'Object Repository/Filtreler/Butonlar' located by 'By.cssSelector: .dxb>span' in '10' second(s)

2021-11-23 09:45:19 - [MESSAGE][INFO] - Smart Wait Function is triggered

2021-11-23 09:45:19 - [MESSAGE][INFO] - Found 3 web elements with id: 'Object Repository/Filtreler/Butonlar' located by 'By.cssSelector: .dxb>span' in '10' second(s)

2021-11-23 09:45:20 - [MESSAGE][PASSED] - Method.TextDegerineEsitElementeTikla is PASSED

2021-11-23 09:45:20 - [MESSAGE][PASSED] - Call Test Case 'Test Cases/Filtreler/ButonaTikla' successfully

2021-11-23 09:45:20 - [MESSAGE][INFO] - Checking called Test Case

2021-11-23 09:45:20 - [MESSAGE][INFO] - Starting to call Test Case 'Test Cases/Tablo/TablonunButonunaTikla'

2021-11-23 09:45:20 - [TEST_CASE][PASSED] - Test Cases/Tablo/TablonunButonunaTikla: Test Cases/Tablo/TablonunButonunaTikla

2021-11-23 09:45:20 - [TEST_STEP][PASSED] - Method.TextDegerineEsitElementinAltindakiTextDegerineEsitOlanaTikla(findTestObject("Tablo/Veriler"), findTestObject("Tablo/VerininButonu"), Veri, Buton_Adi): Method.TextDegerineEsitElementinAltindakiTextDegerineEsitOlanaTikla is PASSED

2021-11-23 09:45:20 - [MESSAGE][INFO] - Finding Test Object 'Object Repository/Tablo/Veriler'

2021-11-23 09:45:20 - [MESSAGE][INFO] - Finding Test Object 'Object Repository/Tablo/VerininButonu'

2021-11-23 09:45:20 - [MESSAGE][INFO] - Checking timeout

2021-11-23 09:45:20 - [MESSAGE][INFO] - Finding web element with id: 'Object Repository/Tablo/Veriler' located by 'By.cssSelector: td.dxgv b ,td.dxgv' in '10' second(s)

2021-11-23 09:45:20 - [MESSAGE][INFO] - Smart Wait Function is triggered

2021-11-23 09:45:20 - [MESSAGE][INFO] - Found 22 web elements with id: 'Object Repository/Tablo/Veriler' located by 'By.cssSelector: td.dxgv b ,td.dxgv' in '10' second(s)

2021-11-23 09:45:20 - [MESSAGE][INFO] - Smart Wait Function is triggered

2021-11-23 09:45:21 - [MESSAGE][PASSED] - Method.TextDegerineEsitElementinAltindakiTextDegerineEsitOlanaTikla is PASSED

2021-11-23 09:45:21 - [MESSAGE][PASSED] - Call Test Case 'Test Cases/Tablo/TablonunButonunaTikla' successfully

2021-11-23 09:45:21 - [MESSAGE][INFO] - Checking called Test Case

2021-11-23 09:45:21 - [MESSAGE][INFO] - Starting to call Test Case 'Test Cases/Sekmeler/YeniSekmeyeGec'

2021-11-23 09:45:21 - [TEST_CASE][PASSED] - Test Cases/Sekmeler/YeniSekmeyeGec: Test Cases/Sekmeler/YeniSekmeyeGec

2021-11-23 09:45:21 - [TEST_STEP][PASSED] - switchToWindowIndex(1): Switched to window with index: '1'

2021-11-23 09:45:21 - [MESSAGE][INFO] - Checking index

2021-11-23 09:45:21 - [MESSAGE][INFO] - Switching window with index: '1'

2021-11-23 09:45:21 - [MESSAGE][PASSED] - Switched to window with index: '1'

2021-11-23 09:45:21 - [MESSAGE][PASSED] - Call Test Case 'Test Cases/Sekmeler/YeniSekmeyeGec' successfully

2021-11-23 09:45:21 - [MESSAGE][INFO] - Checking called Test Case

2021-11-23 09:45:21 - [MESSAGE][INFO] - Starting to call Test Case 'Test Cases/Tablo/TablodaVeriVarMi'

2021-11-23 09:45:21 - [TEST_CASE][PASSED] - Test Cases/Tablo/TablodaVeriVarMi: Test Cases/Tablo/TablodaVeriVarMi

2021-11-23 09:45:21 - [TEST_STEP][PASSED] - verifyTextNotPresent("Görüntülenecek veri yok", true): Text 'Görüntülenecek veri yok' is not present on page using regular expression

2021-11-23 09:45:21 - [MESSAGE][INFO] - Checking text present  using regular expression

2021-11-23 09:45:21 - [MESSAGE][INFO] - Smart Wait Function is triggered

2021-11-23 09:45:23 - [MESSAGE][INFO] - Finding text 'Görüntülenecek veri yok' on page  using regular expression

2021-11-23 09:45:23 - [MESSAGE][PASSED] - Text 'Görüntülenecek veri yok' is not present on page using regular expression

2021-11-23 09:45:23 - [MESSAGE][PASSED] - Call Test Case 'Test Cases/Tablo/TablodaVeriVarMi' successfully

2021-11-23 09:45:23 - [MESSAGE][INFO] - Checking called Test Case

2021-11-23 09:45:23 - [MESSAGE][INFO] - Starting to call Test Case 'Test Cases/Sekmeler/Ana_Sekmeye_Gec'

2021-11-23 09:45:23 - [TEST_CASE][PASSED] - Test Cases/Sekmeler/Ana_Sekmeye_Gec: Test Cases/Sekmeler/Ana_Sekmeye_Gec

2021-11-23 09:45:23 - [TEST_STEP][PASSED] - try: Window with index 1 is closed

2021-11-23 09:45:23 - [TEST_STEP][PASSED] - index = getWindowIndex(): Current window's index is: 1

2021-11-23 09:45:23 - [MESSAGE][INFO] - Getting current window's index

2021-11-23 09:45:23 - [MESSAGE][PASSED] - Current window's index is: 1

2021-11-23 09:45:23 - [TEST_STEP][PASSED] - closeWindowIndex(index): Window with index 1 is closed

2021-11-23 09:45:23 - [MESSAGE][INFO] - Checking index

2021-11-23 09:45:23 - [MESSAGE][INFO] - Closing window with index 1

2021-11-23 09:45:23 - [MESSAGE][PASSED] - Window with index 1 is closed

2021-11-23 09:45:23 - [TEST_STEP][PASSED] - switchToWindowIndex(0): Switched to window with index: '0'

2021-11-23 09:45:23 - [MESSAGE][INFO] - Checking index

2021-11-23 09:45:23 - [MESSAGE][INFO] - Switching window with index: '0'

2021-11-23 09:45:23 - [MESSAGE][PASSED] - Switched to window with index: '0'

2021-11-23 09:45:23 - [MESSAGE][PASSED] - Call Test Case 'Test Cases/Sekmeler/Ana_Sekmeye_Gec' successfully

2021-11-23 09:45:23 - [MESSAGE][INFO] - Checking called Test Case

2021-11-23 09:45:23 - [MESSAGE][INFO] - Starting to call Test Case 'Test Cases/Tablo/TablodaVeriVarMi'

2021-11-23 09:45:23 - [TEST_CASE][PASSED] - Test Cases/Tablo/TablodaVeriVarMi: Test Cases/Tablo/TablodaVeriVarMi

2021-11-23 09:45:23 - [TEST_STEP][PASSED] - verifyTextNotPresent("Görüntülenecek veri yok", true): Text 'Görüntülenecek veri yok' is not present on page using regular expression

2021-11-23 09:45:23 - [MESSAGE][INFO] - Checking text present  using regular expression

2021-11-23 09:45:23 - [MESSAGE][INFO] - Smart Wait Function is triggered

2021-11-23 09:45:24 - [MESSAGE][INFO] - Finding text 'Görüntülenecek veri yok' on page  using regular expression

2021-11-23 09:45:24 - [MESSAGE][PASSED] - Text 'Görüntülenecek veri yok' is not present on page using regular expression

2021-11-23 09:45:24 - [MESSAGE][PASSED] - Call Test Case 'Test Cases/Tablo/TablodaVeriVarMi' successfully

2021-11-23 09:45:24 - [MESSAGE][INFO] - Checking called Test Case

2021-11-23 09:45:24 - [MESSAGE][INFO] - Starting to call Test Case 'Test Cases/Tablo/TablodanVeriSec'

2021-11-23 09:45:24 - [TEST_CASE][PASSED] - Test Cases/Tablo/TablodanVeriSec: Test Cases/Tablo/TablodanVeriSec

2021-11-23 09:45:24 - [TEST_STEP][PASSED] - Method.TextDegerineEsitElementinAltindakineTikla(findTestObject("Tablo/Veriler"), findTestObject("Tablo/VerininCheckBoxi"), Veri_Adi): Method.TextDegerineEsitElementinAltindakineTikla is PASSED

2021-11-23 09:45:24 - [MESSAGE][INFO] - Finding Test Object 'Object Repository/Tablo/Veriler'

2021-11-23 09:45:24 - [MESSAGE][INFO] - Finding Test Object 'Object Repository/Tablo/VerininCheckBoxi'

2021-11-23 09:45:24 - [MESSAGE][INFO] - Checking timeout

2021-11-23 09:45:24 - [MESSAGE][INFO] - Finding web element with id: 'Object Repository/Tablo/Veriler' located by 'By.cssSelector: td.dxgv b ,td.dxgv' in '10' second(s)

2021-11-23 09:45:24 - [MESSAGE][INFO] - Smart Wait Function is triggered

2021-11-23 09:45:24 - [MESSAGE][INFO] - Found 22 web elements with id: 'Object Repository/Tablo/Veriler' located by 'By.cssSelector: td.dxgv b ,td.dxgv' in '10' second(s)

2021-11-23 09:45:24 - [MESSAGE][INFO] - Smart Wait Function is triggered

2021-11-23 09:45:24 - [MESSAGE][PASSED] - Method.TextDegerineEsitElementinAltindakineTikla is PASSED

2021-11-23 09:45:24 - [MESSAGE][PASSED] - Call Test Case 'Test Cases/Tablo/TablodanVeriSec' successfully

2021-11-23 09:45:24 - [MESSAGE][INFO] - Checking called Test Case

2021-11-23 09:45:24 - [MESSAGE][INFO] - Starting to call Test Case 'Test Cases/Butonlar/ButonaTikla'

2021-11-23 09:45:24 - [TEST_CASE][PASSED] - Test Cases/Butonlar/ButonaTikla: Test Cases/Butonlar/ButonaTikla

2021-11-23 09:45:24 - [TEST_STEP][PASSED] - Method.TextDegerineEsitElementeTiklaEquals(findTestObject("Butonlar/Butonlar"), Buton_Adi): Method.TextDegerineEsitElementeTiklaEquals is PASSED

2021-11-23 09:45:24 - [MESSAGE][INFO] - Finding Test Object 'Object Repository/Butonlar/Butonlar'

2021-11-23 09:45:25 - [MESSAGE][INFO] - Checking timeout

2021-11-23 09:45:25 - [MESSAGE][INFO] - Finding web element with id: 'Object Repository/Butonlar/Butonlar' located by 'By.cssSelector: .panel.panel-default.text-center.footerPanel .btn,.btn.btn-primary.btnControls' in '10' second(s)

2021-11-23 09:45:25 - [MESSAGE][INFO] - Smart Wait Function is triggered

2021-11-23 09:45:25 - [MESSAGE][INFO] - Found 5 web elements with id: 'Object Repository/Butonlar/Butonlar' located by 'By.cssSelector: .panel.panel-default.text-center.footerPanel .btn,.btn.btn-primary.btnControls' in '10' second(s)

2021-11-23 09:45:25 - [MESSAGE][PASSED] - Method.TextDegerineEsitElementeTiklaEquals is PASSED

2021-11-23 09:45:25 - [MESSAGE][PASSED] - Call Test Case 'Test Cases/Butonlar/ButonaTikla' successfully

2021-11-23 09:45:25 - [MESSAGE][INFO] - Checking called Test Case

2021-11-23 09:45:25 - [MESSAGE][INFO] - Starting to call Test Case 'Test Cases/Sekmeler/YeniSekmeyeGec'

2021-11-23 09:45:25 - [TEST_CASE][PASSED] - Test Cases/Sekmeler/YeniSekmeyeGec: Test Cases/Sekmeler/YeniSekmeyeGec

2021-11-23 09:45:25 - [TEST_STEP][PASSED] - switchToWindowIndex(1): Switched to window with index: '1'

2021-11-23 09:45:25 - [MESSAGE][INFO] - Checking index

2021-11-23 09:45:25 - [MESSAGE][INFO] - Switching window with index: '1'

2021-11-23 09:45:25 - [MESSAGE][PASSED] - Switched to window with index: '1'

2021-11-23 09:45:25 - [MESSAGE][PASSED] - Call Test Case 'Test Cases/Sekmeler/YeniSekmeyeGec' successfully

2021-11-23 09:45:25 - [MESSAGE][INFO] - Checking called Test Case

2021-11-23 09:45:25 - [MESSAGE][INFO] - Starting to call Test Case 'Test Cases/Sekmeler/TagGeldiMi'

2021-11-23 09:45:25 - [TEST_CASE][PASSED] - Test Cases/Sekmeler/TagGeldiMi: Test Cases/Sekmeler/TagGeldiMi

2021-11-23 09:45:25 - [TEST_STEP][PASSED] - waitForElementPresent(findTestObject("Object Repository/Sekmeler/UBLTag"), 10): Object 'Object Repository/Sekmeler/UBLTag' is present

2021-11-23 09:45:25 - [MESSAGE][INFO] - Finding Test Object 'Object Repository/Sekmeler/UBLTag'

2021-11-23 09:45:25 - [MESSAGE][INFO] - Checking object

2021-11-23 09:45:25 - [MESSAGE][INFO] - Finding web element from Test Object's properties

2021-11-23 09:45:25 - [MESSAGE][INFO] - Checking timeout

2021-11-23 09:45:25 - [MESSAGE][INFO] - Finding web element with id: 'Object Repository/Sekmeler/UBLTag' located by 'By.cssSelector: #webkit-xml-viewer-source-xml>:first-child' in '10' second(s)

2021-11-23 09:45:25 - [MESSAGE][INFO] - Smart Wait Function is triggered

2021-11-23 09:45:26 - [MESSAGE][INFO] - Found 1 web elements with id: 'Object Repository/Sekmeler/UBLTag' located by 'By.cssSelector: #webkit-xml-viewer-source-xml>:first-child' in '10' second(s)

2021-11-23 09:45:26 - [MESSAGE][PASSED] - Object 'Object Repository/Sekmeler/UBLTag' is present

2021-11-23 09:45:26 - [TEST_STEP][PASSED] - println(toLowerCase().toString()): Found 1 web elements with id: 'Object Repository/Sekmeler/UBLTag' located by 'By.cssSelector: #webkit-xml-viewer-source-xml>:first-child' in '10' second(s)

2021-11-23 09:45:26 - [MESSAGE][INFO] - Finding Test Object 'Object Repository/Sekmeler/UBLTag'

2021-11-23 09:45:26 - [MESSAGE][INFO] - Finding web element from Test Object's properties

2021-11-23 09:45:26 - [MESSAGE][INFO] - Checking timeout

2021-11-23 09:45:26 - [MESSAGE][INFO] - Finding web element with id: 'Object Repository/Sekmeler/UBLTag' located by 'By.cssSelector: #webkit-xml-viewer-source-xml>:first-child' in '10' second(s)

2021-11-23 09:45:26 - [MESSAGE][INFO] - Smart Wait Function is triggered

2021-11-23 09:45:26 - [MESSAGE][INFO] - Found 1 web elements with id: 'Object Repository/Sekmeler/UBLTag' located by 'By.cssSelector: #webkit-xml-viewer-source-xml>:first-child' in '10' second(s)

2021-11-23 09:45:26 - [TEST_STEP][PASSED] - if (!(toString().contains(toString().toLowerCase()))): Found 1 web elements with id: 'Object Repository/Sekmeler/UBLTag' located by 'By.cssSelector: #webkit-xml-viewer-source-xml>:first-child' in '10' second(s)

2021-11-23 09:45:26 - [MESSAGE][INFO] - Finding Test Object 'Object Repository/Sekmeler/UBLTag'

2021-11-23 09:45:26 - [MESSAGE][INFO] - Finding web element from Test Object's properties

2021-11-23 09:45:26 - [MESSAGE][INFO] - Checking timeout

2021-11-23 09:45:26 - [MESSAGE][INFO] - Finding web element with id: 'Object Repository/Sekmeler/UBLTag' located by 'By.cssSelector: #webkit-xml-viewer-source-xml>:first-child' in '10' second(s)

2021-11-23 09:45:26 - [MESSAGE][INFO] - Smart Wait Function is triggered

2021-11-23 09:45:26 - [MESSAGE][INFO] - Found 1 web elements with id: 'Object Repository/Sekmeler/UBLTag' located by 'By.cssSelector: #webkit-xml-viewer-source-xml>:first-child' in '10' second(s)

2021-11-23 09:45:26 - [MESSAGE][PASSED] - Call Test Case 'Test Cases/Sekmeler/TagGeldiMi' successfully

2021-11-23 09:45:26 - [MESSAGE][INFO] - Checking called Test Case

2021-11-23 09:45:26 - [MESSAGE][INFO] - Starting to call Test Case 'Test Cases/Sekmeler/Ana_Sekmeye_Gec'

2021-11-23 09:45:26 - [TEST_CASE][PASSED] - Test Cases/Sekmeler/Ana_Sekmeye_Gec: Test Cases/Sekmeler/Ana_Sekmeye_Gec

2021-11-23 09:45:26 - [TEST_STEP][PASSED] - try: Window with index 1 is closed

2021-11-23 09:45:26 - [TEST_STEP][PASSED] - index = getWindowIndex(): Current window's index is: 1

2021-11-23 09:45:26 - [MESSAGE][INFO] - Getting current window's index

2021-11-23 09:45:26 - [MESSAGE][PASSED] - Current window's index is: 1

2021-11-23 09:45:26 - [TEST_STEP][PASSED] - closeWindowIndex(index): Window with index 1 is closed

2021-11-23 09:45:26 - [MESSAGE][INFO] - Checking index

2021-11-23 09:45:26 - [MESSAGE][INFO] - Closing window with index 1

2021-11-23 09:45:26 - [MESSAGE][PASSED] - Window with index 1 is closed

2021-11-23 09:45:26 - [TEST_STEP][PASSED] - switchToWindowIndex(0): Switched to window with index: '0'

2021-11-23 09:45:26 - [MESSAGE][INFO] - Checking index

2021-11-23 09:45:26 - [MESSAGE][INFO] - Switching window with index: '0'

2021-11-23 09:45:26 - [MESSAGE][PASSED] - Switched to window with index: '0'

2021-11-23 09:45:26 - [MESSAGE][PASSED] - Call Test Case 'Test Cases/Sekmeler/Ana_Sekmeye_Gec' successfully

2021-11-23 09:45:26 - [MESSAGE][INFO] - Checking called Test Case

2021-11-23 09:45:26 - [MESSAGE][INFO] - Starting to call Test Case 'Test Cases/Butonlar/ButonaTikla'

2021-11-23 09:45:26 - [TEST_CASE][PASSED] - Test Cases/Butonlar/ButonaTikla: Test Cases/Butonlar/ButonaTikla

2021-11-23 09:45:26 - [TEST_STEP][PASSED] - Method.TextDegerineEsitElementeTiklaEquals(findTestObject("Butonlar/Butonlar"), Buton_Adi): Method.TextDegerineEsitElementeTiklaEquals is PASSED

2021-11-23 09:45:26 - [MESSAGE][INFO] - Finding Test Object 'Object Repository/Butonlar/Butonlar'

2021-11-23 09:45:27 - [MESSAGE][INFO] - Checking timeout

2021-11-23 09:45:27 - [MESSAGE][INFO] - Finding web element with id: 'Object Repository/Butonlar/Butonlar' located by 'By.cssSelector: .panel.panel-default.text-center.footerPanel .btn,.btn.btn-primary.btnControls' in '10' second(s)

2021-11-23 09:45:27 - [MESSAGE][INFO] - Smart Wait Function is triggered

2021-11-23 09:45:27 - [MESSAGE][INFO] - Found 5 web elements with id: 'Object Repository/Butonlar/Butonlar' located by 'By.cssSelector: .panel.panel-default.text-center.footerPanel .btn,.btn.btn-primary.btnControls' in '10' second(s)

2021-11-23 09:45:27 - [MESSAGE][PASSED] - Method.TextDegerineEsitElementeTiklaEquals is PASSED

2021-11-23 09:45:27 - [MESSAGE][PASSED] - Call Test Case 'Test Cases/Butonlar/ButonaTikla' successfully

2021-11-23 09:45:27 - [MESSAGE][INFO] - Checking called Test Case

2021-11-23 09:45:27 - [MESSAGE][INFO] - Starting to call Test Case 'Test Cases/Butonlar/AltButonaTikla'

2021-11-23 09:45:27 - [TEST_CASE][PASSED] - Test Cases/Butonlar/AltButonaTikla: Test Cases/Butonlar/AltButonaTikla

2021-11-23 09:45:27 - [TEST_STEP][PASSED] - Method.TextDegerineEsitElementeTikla(findTestObject("Butonlar/AltButonlar"), Alt_Buton): Method.TextDegerineEsitElementeTikla is PASSED

2021-11-23 09:45:27 - [MESSAGE][INFO] - Finding Test Object 'Object Repository/Butonlar/AltButonlar'

2021-11-23 09:45:27 - [MESSAGE][INFO] - Checking timeout

2021-11-23 09:45:27 - [MESSAGE][INFO] - Finding web element with id: 'Object Repository/Butonlar/AltButonlar' located by 'By.cssSelector: .btn-group.open li>a' in '10' second(s)

2021-11-23 09:45:27 - [MESSAGE][INFO] - Smart Wait Function is triggered

2021-11-23 09:45:27 - [MESSAGE][INFO] - Found 1 web elements with id: 'Object Repository/Butonlar/AltButonlar' located by 'By.cssSelector: .btn-group.open li>a' in '10' second(s)

2021-11-23 09:45:28 - [MESSAGE][PASSED] - Method.TextDegerineEsitElementeTikla is PASSED

2021-11-23 09:45:28 - [MESSAGE][PASSED] - Call Test Case 'Test Cases/Butonlar/AltButonaTikla' successfully

2021-11-23 09:45:28 - [MESSAGE][INFO] - Checking called Test Case

2021-11-23 09:45:28 - [MESSAGE][INFO] - Starting to call Test Case 'Test Cases/Butonlar/DosyaIndirildiMi'

2021-11-23 09:45:28 - [TEST_CASE][PASSED] - Test Cases/Butonlar/DosyaIndirildiMi: Test Cases/Butonlar/DosyaIndirildiMi

2021-11-23 09:45:28 - [TEST_STEP][PASSED] - Method.isimliDosyaIndirildiMi(DownloadFile, FileName): Method.isimliDosyaIndirildiMi is PASSED

2021-11-23 09:45:28 - [MESSAGE][INFO] - Delaying browser in 3 second(s)

2021-11-23 09:45:31 - [MESSAGE][PASSED] - Delayed 3 second(s)

2021-11-23 09:45:31 - [MESSAGE][PASSED] - Method.isimliDosyaIndirildiMi is PASSED

2021-11-23 09:45:31 - [MESSAGE][PASSED] - Call Test Case 'Test Cases/Butonlar/DosyaIndirildiMi' successfully

2021-11-23 09:45:31 - [MESSAGE][INFO] - Checking called Test Case

2021-11-23 09:45:31 - [MESSAGE][INFO] - Starting to call Test Case 'Test Cases/Butonlar/ButonaTikla'

2021-11-23 09:45:31 - [TEST_CASE][PASSED] - Test Cases/Butonlar/ButonaTikla: Test Cases/Butonlar/ButonaTikla

2021-11-23 09:45:31 - [TEST_STEP][PASSED] - Method.TextDegerineEsitElementeTiklaEquals(findTestObject("Butonlar/Butonlar"), Buton_Adi): Method.TextDegerineEsitElementeTiklaEquals is PASSED

2021-11-23 09:45:31 - [MESSAGE][INFO] - Finding Test Object 'Object Repository/Butonlar/Butonlar'

2021-11-23 09:45:31 - [MESSAGE][INFO] - Checking timeout

2021-11-23 09:45:31 - [MESSAGE][INFO] - Finding web element with id: 'Object Repository/Butonlar/Butonlar' located by 'By.cssSelector: .panel.panel-default.text-center.footerPanel .btn,.btn.btn-primary.btnControls' in '10' second(s)

2021-11-23 09:45:31 - [MESSAGE][INFO] - Smart Wait Function is triggered

2021-11-23 09:45:31 - [MESSAGE][INFO] - Found 5 web elements with id: 'Object Repository/Butonlar/Butonlar' located by 'By.cssSelector: .panel.panel-default.text-center.footerPanel .btn,.btn.btn-primary.btnControls' in '10' second(s)

2021-11-23 09:45:31 - [MESSAGE][PASSED] - Method.TextDegerineEsitElementeTiklaEquals is PASSED

2021-11-23 09:45:31 - [MESSAGE][PASSED] - Call Test Case 'Test Cases/Butonlar/ButonaTikla' successfully

2021-11-23 09:45:31 - [MESSAGE][INFO] - Checking called Test Case

2021-11-23 09:45:31 - [MESSAGE][INFO] - Starting to call Test Case 'Test Cases/Butonlar/AltButonaTikla'

2021-11-23 09:45:31 - [TEST_CASE][PASSED] - Test Cases/Butonlar/AltButonaTikla: Test Cases/Butonlar/AltButonaTikla

2021-11-23 09:45:31 - [TEST_STEP][PASSED] - Method.TextDegerineEsitElementeTikla(findTestObject("Butonlar/AltButonlar"), Alt_Buton): Method.TextDegerineEsitElementeTikla is PASSED

2021-11-23 09:45:31 - [MESSAGE][INFO] - Finding Test Object 'Object Repository/Butonlar/AltButonlar'

2021-11-23 09:45:31 - [MESSAGE][INFO] - Checking timeout

2021-11-23 09:45:31 - [MESSAGE][INFO] - Finding web element with id: 'Object Repository/Butonlar/AltButonlar' located by 'By.cssSelector: .btn-group.open li>a' in '10' second(s)

2021-11-23 09:45:31 - [MESSAGE][INFO] - Smart Wait Function is triggered

2021-11-23 09:45:32 - [MESSAGE][INFO] - Found 2 web elements with id: 'Object Repository/Butonlar/AltButonlar' located by 'By.cssSelector: .btn-group.open li>a' in '10' second(s)

2021-11-23 09:45:32 - [MESSAGE][PASSED] - Method.TextDegerineEsitElementeTikla is PASSED

2021-11-23 09:45:32 - [MESSAGE][PASSED] - Call Test Case 'Test Cases/Butonlar/AltButonaTikla' successfully

2021-11-23 09:45:32 - [MESSAGE][INFO] - Checking called Test Case

2021-11-23 09:45:32 - [MESSAGE][INFO] - Starting to call Test Case 'Test Cases/Popup/PopupMesajiIceriyorMu'

2021-11-23 09:45:32 - [TEST_CASE][PASSED] - Test Cases/Popup/PopupMesajiIceriyorMu: Test Cases/Popup/PopupMesajiIceriyorMu

2021-11-23 09:45:32 - [TEST_STEP][PASSED] - waitForElementVisible(findTestObject("Popup/Popup"), 10): Object 'Object Repository/Popup/Popup' is visible

2021-11-23 09:45:32 - [MESSAGE][INFO] - Finding Test Object 'Object Repository/Popup/Popup'

2021-11-23 09:45:32 - [MESSAGE][INFO] - Checking object

2021-11-23 09:45:32 - [MESSAGE][INFO] - Checking timeout

2021-11-23 09:45:32 - [MESSAGE][INFO] - Finding web element from Test Object's properties

2021-11-23 09:45:32 - [MESSAGE][INFO] - Checking timeout

2021-11-23 09:45:32 - [MESSAGE][INFO] - Finding web element with id: 'Object Repository/Popup/Popup' located by 'By.cssSelector: .bootbox-body' in '10' second(s)

2021-11-23 09:45:32 - [MESSAGE][INFO] - Smart Wait Function is triggered

2021-11-23 09:45:33 - [MESSAGE][INFO] - Found 1 web elements with id: 'Object Repository/Popup/Popup' located by 'By.cssSelector: .bootbox-body' in '10' second(s)

2021-11-23 09:45:33 - [MESSAGE][PASSED] - Object 'Object Repository/Popup/Popup' is visible

2021-11-23 09:45:33 - [TEST_STEP][PASSED] - if (!(getText(findTestObject("Popup/Popup")).contains(Mesaj))): Text of object 'Object Repository/Popup/Popup' is: 'Lütfen rapor bildiriminin gönderileceği e-posta adresini belirtiniz.
e-Posta Adresi'

2021-11-23 09:45:33 - [MESSAGE][INFO] - Finding Test Object 'Object Repository/Popup/Popup'

2021-11-23 09:45:33 - [MESSAGE][INFO] - Checking object

2021-11-23 09:45:33 - [MESSAGE][INFO] - Finding web element from Test Object's properties

2021-11-23 09:45:33 - [MESSAGE][INFO] - Checking timeout

2021-11-23 09:45:33 - [MESSAGE][INFO] - Finding web element with id: 'Object Repository/Popup/Popup' located by 'By.cssSelector: .bootbox-body' in '30' second(s)

2021-11-23 09:45:33 - [MESSAGE][INFO] - Smart Wait Function is triggered

2021-11-23 09:45:33 - [MESSAGE][INFO] - Found 1 web elements with id: 'Object Repository/Popup/Popup' located by 'By.cssSelector: .bootbox-body' in '30' second(s)

2021-11-23 09:45:33 - [MESSAGE][INFO] - Getting text of object 'Object Repository/Popup/Popup'

2021-11-23 09:45:33 - [MESSAGE][PASSED] - Text of object 'Object Repository/Popup/Popup' is: 'Lütfen rapor bildiriminin gönderileceği e-posta adresini belirtiniz.
e-Posta Adresi'

2021-11-23 09:45:33 - [TEST_STEP][PASSED] - RaporNo = getText(findTestObject("Popup/Popup")).substring(0, 6): Text of object 'Object Repository/Popup/Popup' is: 'Lütfen rapor bildiriminin gönderileceği e-posta adresini belirtiniz.
e-Posta Adresi'

2021-11-23 09:45:33 - [MESSAGE][INFO] - Finding Test Object 'Object Repository/Popup/Popup'

2021-11-23 09:45:33 - [MESSAGE][INFO] - Checking object

2021-11-23 09:45:33 - [MESSAGE][INFO] - Finding web element from Test Object's properties

2021-11-23 09:45:33 - [MESSAGE][INFO] - Checking timeout

2021-11-23 09:45:33 - [MESSAGE][INFO] - Finding web element with id: 'Object Repository/Popup/Popup' located by 'By.cssSelector: .bootbox-body' in '30' second(s)

2021-11-23 09:45:33 - [MESSAGE][INFO] - Smart Wait Function is triggered

2021-11-23 09:45:34 - [MESSAGE][INFO] - Found 1 web elements with id: 'Object Repository/Popup/Popup' located by 'By.cssSelector: .bootbox-body' in '30' second(s)

2021-11-23 09:45:34 - [MESSAGE][INFO] - Getting text of object 'Object Repository/Popup/Popup'

2021-11-23 09:45:34 - [MESSAGE][PASSED] - Text of object 'Object Repository/Popup/Popup' is: 'Lütfen rapor bildiriminin gönderileceği e-posta adresini belirtiniz.
e-Posta Adresi'

2021-11-23 09:45:34 - [TEST_STEP][PASSED] - Console.println(RaporNo): null

2021-11-23 09:45:34 - [MESSAGE][PASSED] - Call Test Case 'Test Cases/Popup/PopupMesajiIceriyorMu' successfully

2021-11-23 09:45:34 - [MESSAGE][INFO] - Checking called Test Case

2021-11-23 09:45:34 - [MESSAGE][INFO] - Starting to call Test Case 'Test Cases/Popup/PopupaEmailEklenir'

2021-11-23 09:45:34 - [TEST_CASE][PASSED] - Test Cases/Popup/PopupaEmailEklenir: Test Cases/Popup/PopupaEmailEklenir

2021-11-23 09:45:34 - [TEST_STEP][PASSED] - clearText(findTestObject("Popup/EmailText")): Text of object 'Object Repository/Popup/EmailText' is cleared

2021-11-23 09:45:34 - [MESSAGE][INFO] - Finding Test Object 'Object Repository/Popup/EmailText'

2021-11-23 09:45:34 - [MESSAGE][INFO] - Checking object

2021-11-23 09:45:34 - [MESSAGE][INFO] - Finding web element from Test Object's properties

2021-11-23 09:45:34 - [MESSAGE][INFO] - Checking timeout

2021-11-23 09:45:34 - [MESSAGE][INFO] - Finding web element with id: 'Object Repository/Popup/EmailText' located by 'By.xpath: //*[@id="eMails"]' in '30' second(s)

2021-11-23 09:45:34 - [MESSAGE][INFO] - Smart Wait Function is triggered

2021-11-23 09:45:34 - [MESSAGE][INFO] - Found 1 web elements with id: 'Object Repository/Popup/EmailText' located by 'By.xpath: //*[@id="eMails"]' in '30' second(s)

2021-11-23 09:45:34 - [MESSAGE][INFO] - Clearing text of object 'Object Repository/Popup/EmailText'

2021-11-23 09:45:34 - [MESSAGE][PASSED] - Text of object 'Object Repository/Popup/EmailText' is cleared

2021-11-23 09:45:34 - [TEST_STEP][PASSED] - sendKeys(findTestObject("Popup/EmailText"), Email): Keys 'elogotest@gmail.com;ali.kara@logo.com.tr' sent to object: 'Object Repository/Popup/EmailText'

2021-11-23 09:45:34 - [MESSAGE][INFO] - Finding Test Object 'Object Repository/Popup/EmailText'

2021-11-23 09:45:34 - [MESSAGE][INFO] - Sending keys 'elogotest@gmail.com;ali.kara@logo.com.tr' to object: 'Object Repository/Popup/EmailText'

2021-11-23 09:45:34 - [MESSAGE][INFO] - Finding web element from Test Object's properties

2021-11-23 09:45:34 - [MESSAGE][INFO] - Checking timeout

2021-11-23 09:45:34 - [MESSAGE][INFO] - Finding web element with id: 'Object Repository/Popup/EmailText' located by 'By.xpath: //*[@id="eMails"]' in '30' second(s)

2021-11-23 09:45:34 - [MESSAGE][INFO] - Smart Wait Function is triggered

2021-11-23 09:45:35 - [MESSAGE][INFO] - Found 1 web elements with id: 'Object Repository/Popup/EmailText' located by 'By.xpath: //*[@id="eMails"]' in '30' second(s)

2021-11-23 09:45:35 - [MESSAGE][PASSED] - Keys 'elogotest@gmail.com;ali.kara@logo.com.tr' sent to object: 'Object Repository/Popup/EmailText'

2021-11-23 09:45:35 - [MESSAGE][PASSED] - Call Test Case 'Test Cases/Popup/PopupaEmailEklenir' successfully

2021-11-23 09:45:35 - [MESSAGE][INFO] - Checking called Test Case

2021-11-23 09:45:35 - [MESSAGE][INFO] - Starting to call Test Case 'Test Cases/Popup/PopupButonSecilir'

2021-11-23 09:45:35 - [TEST_CASE][PASSED] - Test Cases/Popup/PopupButonSecilir: Test Cases/Popup/PopupButonSecilir

2021-11-23 09:45:35 - [TEST_STEP][PASSED] - Method.TextDegerineEsitElementeTikla(findTestObject("Popup/Popup_Butons"), Buton): Method.TextDegerineEsitElementeTikla is PASSED

2021-11-23 09:45:35 - [MESSAGE][INFO] - Finding Test Object 'Object Repository/Popup/Popup_Butons'

2021-11-23 09:45:35 - [MESSAGE][INFO] - Checking timeout

2021-11-23 09:45:35 - [MESSAGE][INFO] - Finding web element with id: 'Object Repository/Popup/Popup_Butons' located by 'By.cssSelector: .modal-footer>button' in '10' second(s)

2021-11-23 09:45:35 - [MESSAGE][INFO] - Smart Wait Function is triggered

2021-11-23 09:45:35 - [MESSAGE][INFO] - Found 2 web elements with id: 'Object Repository/Popup/Popup_Butons' located by 'By.cssSelector: .modal-footer>button' in '10' second(s)

2021-11-23 09:45:35 - [MESSAGE][PASSED] - Method.TextDegerineEsitElementeTikla is PASSED

2021-11-23 09:45:35 - [MESSAGE][PASSED] - Call Test Case 'Test Cases/Popup/PopupButonSecilir' successfully

2021-11-23 09:45:35 - [MESSAGE][INFO] - Checking called Test Case

2021-11-23 09:45:35 - [MESSAGE][INFO] - Starting to call Test Case 'Test Cases/Popup/PopupMesajiIceriyorMu'

2021-11-23 09:45:35 - [TEST_CASE][PASSED] - Test Cases/Popup/PopupMesajiIceriyorMu: Test Cases/Popup/PopupMesajiIceriyorMu

2021-11-23 09:45:35 - [TEST_STEP][PASSED] - waitForElementVisible(findTestObject("Popup/Popup"), 10): Object 'Object Repository/Popup/Popup' is visible

2021-11-23 09:45:35 - [MESSAGE][INFO] - Finding Test Object 'Object Repository/Popup/Popup'

2021-11-23 09:45:35 - [MESSAGE][INFO] - Checking object

2021-11-23 09:45:35 - [MESSAGE][INFO] - Checking timeout

2021-11-23 09:45:35 - [MESSAGE][INFO] - Finding web element from Test Object's properties

2021-11-23 09:45:35 - [MESSAGE][INFO] - Checking timeout

2021-11-23 09:45:35 - [MESSAGE][INFO] - Finding web element with id: 'Object Repository/Popup/Popup' located by 'By.cssSelector: .bootbox-body' in '10' second(s)

2021-11-23 09:45:35 - [MESSAGE][INFO] - Smart Wait Function is triggered

2021-11-23 09:45:36 - [MESSAGE][INFO] - Found 1 web elements with id: 'Object Repository/Popup/Popup' located by 'By.cssSelector: .bootbox-body' in '10' second(s)

2021-11-23 09:45:36 - [MESSAGE][PASSED] - Object 'Object Repository/Popup/Popup' is visible

2021-11-23 09:45:36 - [TEST_STEP][PASSED] - if (!(getText(findTestObject("Popup/Popup")).contains(Mesaj))): Text of object 'Object Repository/Popup/Popup' is: '17605 no’lu talebiniz işleme alınmıştır. Raporunuz hazırlandığında (elogotest@gmail.com;ali.kara@logo.com.tr) adresinize mail gönderilecektir.
Rapor durumunuzu Raporlar > Toplu Veri İndirme ekranından takip edebilir, hazırlandı durumundaki raporlarınızı ilgili menüden indirebilirsiniz.'

2021-11-23 09:45:36 - [MESSAGE][INFO] - Finding Test Object 'Object Repository/Popup/Popup'

2021-11-23 09:45:36 - [MESSAGE][INFO] - Checking object

2021-11-23 09:45:36 - [MESSAGE][INFO] - Finding web element from Test Object's properties

2021-11-23 09:45:36 - [MESSAGE][INFO] - Checking timeout

2021-11-23 09:45:36 - [MESSAGE][INFO] - Finding web element with id: 'Object Repository/Popup/Popup' located by 'By.cssSelector: .bootbox-body' in '30' second(s)

2021-11-23 09:45:36 - [MESSAGE][INFO] - Smart Wait Function is triggered

2021-11-23 09:45:36 - [MESSAGE][INFO] - Found 1 web elements with id: 'Object Repository/Popup/Popup' located by 'By.cssSelector: .bootbox-body' in '30' second(s)

2021-11-23 09:45:36 - [MESSAGE][INFO] - Getting text of object 'Object Repository/Popup/Popup'

2021-11-23 09:45:36 - [MESSAGE][PASSED] - Text of object 'Object Repository/Popup/Popup' is: '17605 no’lu talebiniz işleme alınmıştır. Raporunuz hazırlandığında (elogotest@gmail.com;ali.kara@logo.com.tr) adresinize mail gönderilecektir.
Rapor durumunuzu Raporlar > Toplu Veri İndirme ekranından takip edebilir, hazırlandı durumundaki raporlarınızı ilgili menüden indirebilirsiniz.'

2021-11-23 09:45:36 - [TEST_STEP][PASSED] - RaporNo = getText(findTestObject("Popup/Popup")).substring(0, 6): Text of object 'Object Repository/Popup/Popup' is: '17605 no’lu talebiniz işleme alınmıştır. Raporunuz hazırlandığında (elogotest@gmail.com;ali.kara@logo.com.tr) adresinize mail gönderilecektir.
Rapor durumunuzu Raporlar > Toplu Veri İndirme ekranından takip edebilir, hazırlandı durumundaki raporlarınızı ilgili menüden indirebilirsiniz.'

2021-11-23 09:45:36 - [MESSAGE][INFO] - Finding Test Object 'Object Repository/Popup/Popup'

2021-11-23 09:45:36 - [MESSAGE][INFO] - Checking object

2021-11-23 09:45:36 - [MESSAGE][INFO] - Finding web element from Test Object's properties

2021-11-23 09:45:36 - [MESSAGE][INFO] - Checking timeout

2021-11-23 09:45:36 - [MESSAGE][INFO] - Finding web element with id: 'Object Repository/Popup/Popup' located by 'By.cssSelector: .bootbox-body' in '30' second(s)

2021-11-23 09:45:36 - [MESSAGE][INFO] - Smart Wait Function is triggered

2021-11-23 09:45:37 - [MESSAGE][INFO] - Found 1 web elements with id: 'Object Repository/Popup/Popup' located by 'By.cssSelector: .bootbox-body' in '30' second(s)

2021-11-23 09:45:37 - [MESSAGE][INFO] - Getting text of object 'Object Repository/Popup/Popup'

2021-11-23 09:45:37 - [MESSAGE][PASSED] - Text of object 'Object Repository/Popup/Popup' is: '17605 no’lu talebiniz işleme alınmıştır. Raporunuz hazırlandığında (elogotest@gmail.com;ali.kara@logo.com.tr) adresinize mail gönderilecektir.
Rapor durumunuzu Raporlar > Toplu Veri İndirme ekranından takip edebilir, hazırlandı durumundaki raporlarınızı ilgili menüden indirebilirsiniz.'

2021-11-23 09:45:37 - [TEST_STEP][PASSED] - Console.println(RaporNo): null

2021-11-23 09:45:37 - [MESSAGE][PASSED] - Call Test Case 'Test Cases/Popup/PopupMesajiIceriyorMu' successfully

2021-11-23 09:45:37 - [MESSAGE][INFO] - Checking called Test Case

2021-11-23 09:45:37 - [MESSAGE][INFO] - Starting to call Test Case 'Test Cases/Popup/PopupButonSecilir'

2021-11-23 09:45:37 - [TEST_CASE][PASSED] - Test Cases/Popup/PopupButonSecilir: Test Cases/Popup/PopupButonSecilir

2021-11-23 09:45:37 - [TEST_STEP][PASSED] - Method.TextDegerineEsitElementeTikla(findTestObject("Popup/Popup_Butons"), Buton): Method.TextDegerineEsitElementeTikla is PASSED

2021-11-23 09:45:37 - [MESSAGE][INFO] - Finding Test Object 'Object Repository/Popup/Popup_Butons'

2021-11-23 09:45:37 - [MESSAGE][INFO] - Checking timeout

2021-11-23 09:45:37 - [MESSAGE][INFO] - Finding web element with id: 'Object Repository/Popup/Popup_Butons' located by 'By.cssSelector: .modal-footer>button' in '10' second(s)

2021-11-23 09:45:37 - [MESSAGE][INFO] - Smart Wait Function is triggered

2021-11-23 09:45:37 - [MESSAGE][INFO] - Found 1 web elements with id: 'Object Repository/Popup/Popup_Butons' located by 'By.cssSelector: .modal-footer>button' in '10' second(s)

2021-11-23 09:45:37 - [MESSAGE][PASSED] - Method.TextDegerineEsitElementeTikla is PASSED

2021-11-23 09:45:37 - [MESSAGE][PASSED] - Call Test Case 'Test Cases/Popup/PopupButonSecilir' successfully

2021-11-23 09:45:37 - [MESSAGE][INFO] - Checking called Test Case

2021-11-23 09:45:37 - [MESSAGE][INFO] - Starting to call Test Case 'Test Cases/Butonlar/ButonaTikla'

2021-11-23 09:45:37 - [TEST_CASE][PASSED] - Test Cases/Butonlar/ButonaTikla: Test Cases/Butonlar/ButonaTikla

2021-11-23 09:45:37 - [TEST_STEP][PASSED] - Method.TextDegerineEsitElementeTiklaEquals(findTestObject("Butonlar/Butonlar"), Buton_Adi): Method.TextDegerineEsitElementeTiklaEquals is PASSED

2021-11-23 09:45:37 - [MESSAGE][INFO] - Finding Test Object 'Object Repository/Butonlar/Butonlar'

2021-11-23 09:45:37 - [MESSAGE][INFO] - Checking timeout

2021-11-23 09:45:37 - [MESSAGE][INFO] - Finding web element with id: 'Object Repository/Butonlar/Butonlar' located by 'By.cssSelector: .panel.panel-default.text-center.footerPanel .btn,.btn.btn-primary.btnControls' in '10' second(s)

2021-11-23 09:45:37 - [MESSAGE][INFO] - Smart Wait Function is triggered

2021-11-23 09:45:38 - [MESSAGE][INFO] - Found 5 web elements with id: 'Object Repository/Butonlar/Butonlar' located by 'By.cssSelector: .panel.panel-default.text-center.footerPanel .btn,.btn.btn-primary.btnControls' in '10' second(s)

2021-11-23 09:45:38 - [MESSAGE][PASSED] - Method.TextDegerineEsitElementeTiklaEquals is PASSED

2021-11-23 09:45:38 - [MESSAGE][PASSED] - Call Test Case 'Test Cases/Butonlar/ButonaTikla' successfully

2021-11-23 09:45:38 - [MESSAGE][INFO] - Checking called Test Case

2021-11-23 09:45:38 - [MESSAGE][INFO] - Starting to call Test Case 'Test Cases/Butonlar/AltButonaTikla'

2021-11-23 09:45:38 - [TEST_CASE][PASSED] - Test Cases/Butonlar/AltButonaTikla: Test Cases/Butonlar/AltButonaTikla

2021-11-23 09:45:38 - [TEST_STEP][PASSED] - Method.TextDegerineEsitElementeTikla(findTestObject("Butonlar/AltButonlar"), Alt_Buton): Method.TextDegerineEsitElementeTikla is PASSED

2021-11-23 09:45:38 - [MESSAGE][INFO] - Finding Test Object 'Object Repository/Butonlar/AltButonlar'

2021-11-23 09:45:38 - [MESSAGE][INFO] - Checking timeout

2021-11-23 09:45:38 - [MESSAGE][INFO] - Finding web element with id: 'Object Repository/Butonlar/AltButonlar' located by 'By.cssSelector: .btn-group.open li>a' in '10' second(s)

2021-11-23 09:45:38 - [MESSAGE][INFO] - Smart Wait Function is triggered

2021-11-23 09:45:39 - [MESSAGE][INFO] - Found 2 web elements with id: 'Object Repository/Butonlar/AltButonlar' located by 'By.cssSelector: .btn-group.open li>a' in '10' second(s)

2021-11-23 09:45:39 - [MESSAGE][PASSED] - Method.TextDegerineEsitElementeTikla is PASSED

2021-11-23 09:45:39 - [MESSAGE][PASSED] - Call Test Case 'Test Cases/Butonlar/AltButonaTikla' successfully

2021-11-23 09:45:39 - [MESSAGE][INFO] - Checking called Test Case

2021-11-23 09:45:39 - [MESSAGE][INFO] - Starting to call Test Case 'Test Cases/Popup/PopupMesajiIceriyorMu'

2021-11-23 09:45:39 - [TEST_CASE][PASSED] - Test Cases/Popup/PopupMesajiIceriyorMu: Test Cases/Popup/PopupMesajiIceriyorMu

2021-11-23 09:45:39 - [TEST_STEP][PASSED] - waitForElementVisible(findTestObject("Popup/Popup"), 10): Object 'Object Repository/Popup/Popup' is visible

2021-11-23 09:45:39 - [MESSAGE][INFO] - Finding Test Object 'Object Repository/Popup/Popup'

2021-11-23 09:45:39 - [MESSAGE][INFO] - Checking object

2021-11-23 09:45:39 - [MESSAGE][INFO] - Checking timeout

2021-11-23 09:45:39 - [MESSAGE][INFO] - Finding web element from Test Object's properties

2021-11-23 09:45:39 - [MESSAGE][INFO] - Checking timeout

2021-11-23 09:45:39 - [MESSAGE][INFO] - Finding web element with id: 'Object Repository/Popup/Popup' located by 'By.cssSelector: .bootbox-body' in '10' second(s)

2021-11-23 09:45:39 - [MESSAGE][INFO] - Smart Wait Function is triggered

2021-11-23 09:45:39 - [MESSAGE][INFO] - Found 1 web elements with id: 'Object Repository/Popup/Popup' located by 'By.cssSelector: .bootbox-body' in '10' second(s)

2021-11-23 09:45:39 - [MESSAGE][PASSED] - Object 'Object Repository/Popup/Popup' is visible

2021-11-23 09:45:39 - [TEST_STEP][PASSED] - if (!(getText(findTestObject("Popup/Popup")).contains(Mesaj))): Text of object 'Object Repository/Popup/Popup' is: 'Lütfen rapor bildiriminin gönderileceği e-posta adresini belirtiniz.
e-Posta Adresi'

2021-11-23 09:45:39 - [MESSAGE][INFO] - Finding Test Object 'Object Repository/Popup/Popup'

2021-11-23 09:45:39 - [MESSAGE][INFO] - Checking object

2021-11-23 09:45:39 - [MESSAGE][INFO] - Finding web element from Test Object's properties

2021-11-23 09:45:39 - [MESSAGE][INFO] - Checking timeout

2021-11-23 09:45:39 - [MESSAGE][INFO] - Finding web element with id: 'Object Repository/Popup/Popup' located by 'By.cssSelector: .bootbox-body' in '30' second(s)

2021-11-23 09:45:39 - [MESSAGE][INFO] - Smart Wait Function is triggered

2021-11-23 09:45:40 - [MESSAGE][INFO] - Found 1 web elements with id: 'Object Repository/Popup/Popup' located by 'By.cssSelector: .bootbox-body' in '30' second(s)

2021-11-23 09:45:40 - [MESSAGE][INFO] - Getting text of object 'Object Repository/Popup/Popup'

2021-11-23 09:45:40 - [MESSAGE][PASSED] - Text of object 'Object Repository/Popup/Popup' is: 'Lütfen rapor bildiriminin gönderileceği e-posta adresini belirtiniz.
e-Posta Adresi'

2021-11-23 09:45:40 - [TEST_STEP][PASSED] - RaporNo = getText(findTestObject("Popup/Popup")).substring(0, 6): Text of object 'Object Repository/Popup/Popup' is: 'Lütfen rapor bildiriminin gönderileceği e-posta adresini belirtiniz.
e-Posta Adresi'

2021-11-23 09:45:40 - [MESSAGE][INFO] - Finding Test Object 'Object Repository/Popup/Popup'

2021-11-23 09:45:40 - [MESSAGE][INFO] - Checking object

2021-11-23 09:45:40 - [MESSAGE][INFO] - Finding web element from Test Object's properties

2021-11-23 09:45:40 - [MESSAGE][INFO] - Checking timeout

2021-11-23 09:45:40 - [MESSAGE][INFO] - Finding web element with id: 'Object Repository/Popup/Popup' located by 'By.cssSelector: .bootbox-body' in '30' second(s)

2021-11-23 09:45:40 - [MESSAGE][INFO] - Smart Wait Function is triggered

2021-11-23 09:45:40 - [MESSAGE][INFO] - Found 1 web elements with id: 'Object Repository/Popup/Popup' located by 'By.cssSelector: .bootbox-body' in '30' second(s)

2021-11-23 09:45:40 - [MESSAGE][INFO] - Getting text of object 'Object Repository/Popup/Popup'

2021-11-23 09:45:40 - [MESSAGE][PASSED] - Text of object 'Object Repository/Popup/Popup' is: 'Lütfen rapor bildiriminin gönderileceği e-posta adresini belirtiniz.
e-Posta Adresi'

2021-11-23 09:45:40 - [TEST_STEP][PASSED] - Console.println(RaporNo): null

2021-11-23 09:45:40 - [MESSAGE][PASSED] - Call Test Case 'Test Cases/Popup/PopupMesajiIceriyorMu' successfully

2021-11-23 09:45:40 - [MESSAGE][INFO] - Checking called Test Case

2021-11-23 09:45:40 - [MESSAGE][INFO] - Starting to call Test Case 'Test Cases/Popup/PopupaEmailEklenir'

2021-11-23 09:45:40 - [TEST_CASE][PASSED] - Test Cases/Popup/PopupaEmailEklenir: Test Cases/Popup/PopupaEmailEklenir

2021-11-23 09:45:40 - [TEST_STEP][PASSED] - clearText(findTestObject("Popup/EmailText")): Text of object 'Object Repository/Popup/EmailText' is cleared

2021-11-23 09:45:40 - [MESSAGE][INFO] - Finding Test Object 'Object Repository/Popup/EmailText'

2021-11-23 09:45:40 - [MESSAGE][INFO] - Checking object

2021-11-23 09:45:40 - [MESSAGE][INFO] - Finding web element from Test Object's properties

2021-11-23 09:45:40 - [MESSAGE][INFO] - Checking timeout

2021-11-23 09:45:40 - [MESSAGE][INFO] - Finding web element with id: 'Object Repository/Popup/EmailText' located by 'By.xpath: //*[@id="eMails"]' in '30' second(s)

2021-11-23 09:45:40 - [MESSAGE][INFO] - Smart Wait Function is triggered

2021-11-23 09:45:40 - [MESSAGE][INFO] - Found 1 web elements with id: 'Object Repository/Popup/EmailText' located by 'By.xpath: //*[@id="eMails"]' in '30' second(s)

2021-11-23 09:45:40 - [MESSAGE][INFO] - Clearing text of object 'Object Repository/Popup/EmailText'

2021-11-23 09:45:40 - [MESSAGE][PASSED] - Text of object 'Object Repository/Popup/EmailText' is cleared

2021-11-23 09:45:40 - [TEST_STEP][PASSED] - sendKeys(findTestObject("Popup/EmailText"), Email): Keys 'elogotest@gmail.com;ali.kara@logo.com.tr' sent to object: 'Object Repository/Popup/EmailText'

2021-11-23 09:45:40 - [MESSAGE][INFO] - Finding Test Object 'Object Repository/Popup/EmailText'

2021-11-23 09:45:41 - [MESSAGE][INFO] - Sending keys 'elogotest@gmail.com;ali.kara@logo.com.tr' to object: 'Object Repository/Popup/EmailText'

2021-11-23 09:45:41 - [MESSAGE][INFO] - Finding web element from Test Object's properties

2021-11-23 09:45:41 - [MESSAGE][INFO] - Checking timeout

2021-11-23 09:45:41 - [MESSAGE][INFO] - Finding web element with id: 'Object Repository/Popup/EmailText' located by 'By.xpath: //*[@id="eMails"]' in '30' second(s)

2021-11-23 09:45:41 - [MESSAGE][INFO] - Smart Wait Function is triggered

2021-11-23 09:45:41 - [MESSAGE][INFO] - Found 1 web elements with id: 'Object Repository/Popup/EmailText' located by 'By.xpath: //*[@id="eMails"]' in '30' second(s)

2021-11-23 09:45:41 - [MESSAGE][PASSED] - Keys 'elogotest@gmail.com;ali.kara@logo.com.tr' sent to object: 'Object Repository/Popup/EmailText'

2021-11-23 09:45:41 - [MESSAGE][PASSED] - Call Test Case 'Test Cases/Popup/PopupaEmailEklenir' successfully

2021-11-23 09:45:41 - [MESSAGE][INFO] - Checking called Test Case

2021-11-23 09:45:41 - [MESSAGE][INFO] - Starting to call Test Case 'Test Cases/Popup/PopupButonSecilir'

2021-11-23 09:45:41 - [TEST_CASE][PASSED] - Test Cases/Popup/PopupButonSecilir: Test Cases/Popup/PopupButonSecilir

2021-11-23 09:45:41 - [TEST_STEP][PASSED] - Method.TextDegerineEsitElementeTikla(findTestObject("Popup/Popup_Butons"), Buton): Method.TextDegerineEsitElementeTikla is PASSED

2021-11-23 09:45:41 - [MESSAGE][INFO] - Finding Test Object 'Object Repository/Popup/Popup_Butons'

2021-11-23 09:45:41 - [MESSAGE][INFO] - Checking timeout

2021-11-23 09:45:41 - [MESSAGE][INFO] - Finding web element with id: 'Object Repository/Popup/Popup_Butons' located by 'By.cssSelector: .modal-footer>button' in '10' second(s)

2021-11-23 09:45:41 - [MESSAGE][INFO] - Smart Wait Function is triggered

2021-11-23 09:45:41 - [MESSAGE][INFO] - Found 2 web elements with id: 'Object Repository/Popup/Popup_Butons' located by 'By.cssSelector: .modal-footer>button' in '10' second(s)

2021-11-23 09:45:41 - [MESSAGE][PASSED] - Method.TextDegerineEsitElementeTikla is PASSED

2021-11-23 09:45:41 - [MESSAGE][PASSED] - Call Test Case 'Test Cases/Popup/PopupButonSecilir' successfully

2021-11-23 09:45:41 - [MESSAGE][INFO] - Checking called Test Case

2021-11-23 09:45:41 - [MESSAGE][INFO] - Starting to call Test Case 'Test Cases/Popup/PopupMesajiIceriyorMu'

2021-11-23 09:45:41 - [TEST_CASE][PASSED] - Test Cases/Popup/PopupMesajiIceriyorMu: Test Cases/Popup/PopupMesajiIceriyorMu

2021-11-23 09:45:41 - [TEST_STEP][PASSED] - waitForElementVisible(findTestObject("Popup/Popup"), 10): Object 'Object Repository/Popup/Popup' is visible

2021-11-23 09:45:41 - [MESSAGE][INFO] - Finding Test Object 'Object Repository/Popup/Popup'

2021-11-23 09:45:42 - [MESSAGE][INFO] - Checking object

2021-11-23 09:45:42 - [MESSAGE][INFO] - Checking timeout

2021-11-23 09:45:42 - [MESSAGE][INFO] - Finding web element from Test Object's properties

2021-11-23 09:45:42 - [MESSAGE][INFO] - Checking timeout

2021-11-23 09:45:42 - [MESSAGE][INFO] - Finding web element with id: 'Object Repository/Popup/Popup' located by 'By.cssSelector: .bootbox-body' in '10' second(s)

2021-11-23 09:45:42 - [MESSAGE][INFO] - Smart Wait Function is triggered

2021-11-23 09:45:43 - [MESSAGE][INFO] - Found 1 web elements with id: 'Object Repository/Popup/Popup' located by 'By.cssSelector: .bootbox-body' in '10' second(s)

2021-11-23 09:45:43 - [MESSAGE][PASSED] - Object 'Object Repository/Popup/Popup' is visible

2021-11-23 09:45:43 - [TEST_STEP][PASSED] - if (!(getText(findTestObject("Popup/Popup")).contains(Mesaj))): Text of object 'Object Repository/Popup/Popup' is: '17606 no’lu talebiniz işleme alınmıştır. Raporunuz hazırlandığında (elogotest@gmail.com;ali.kara@logo.com.tr) adresinize mail gönderilecektir.
Rapor durumunuzu Raporlar > Toplu Veri İndirme ekranından takip edebilir, hazırlandı durumundaki raporlarınızı ilgili menüden indirebilirsiniz.'

2021-11-23 09:45:43 - [MESSAGE][INFO] - Finding Test Object 'Object Repository/Popup/Popup'

2021-11-23 09:45:43 - [MESSAGE][INFO] - Checking object

2021-11-23 09:45:43 - [MESSAGE][INFO] - Finding web element from Test Object's properties

2021-11-23 09:45:43 - [MESSAGE][INFO] - Checking timeout

2021-11-23 09:45:43 - [MESSAGE][INFO] - Finding web element with id: 'Object Repository/Popup/Popup' located by 'By.cssSelector: .bootbox-body' in '30' second(s)

2021-11-23 09:45:43 - [MESSAGE][INFO] - Smart Wait Function is triggered

2021-11-23 09:45:43 - [MESSAGE][INFO] - Found 1 web elements with id: 'Object Repository/Popup/Popup' located by 'By.cssSelector: .bootbox-body' in '30' second(s)

2021-11-23 09:45:43 - [MESSAGE][INFO] - Getting text of object 'Object Repository/Popup/Popup'

2021-11-23 09:45:43 - [MESSAGE][PASSED] - Text of object 'Object Repository/Popup/Popup' is: '17606 no’lu talebiniz işleme alınmıştır. Raporunuz hazırlandığında (elogotest@gmail.com;ali.kara@logo.com.tr) adresinize mail gönderilecektir.
Rapor durumunuzu Raporlar > Toplu Veri İndirme ekranından takip edebilir, hazırlandı durumundaki raporlarınızı ilgili menüden indirebilirsiniz.'

2021-11-23 09:45:43 - [TEST_STEP][PASSED] - RaporNo = getText(findTestObject("Popup/Popup")).substring(0, 6): Text of object 'Object Repository/Popup/Popup' is: '17606 no’lu talebiniz işleme alınmıştır. Raporunuz hazırlandığında (elogotest@gmail.com;ali.kara@logo.com.tr) adresinize mail gönderilecektir.
Rapor durumunuzu Raporlar > Toplu Veri İndirme ekranından takip edebilir, hazırlandı durumundaki raporlarınızı ilgili menüden indirebilirsiniz.'

2021-11-23 09:45:43 - [MESSAGE][INFO] - Finding Test Object 'Object Repository/Popup/Popup'

2021-11-23 09:45:43 - [MESSAGE][INFO] - Checking object

2021-11-23 09:45:43 - [MESSAGE][INFO] - Finding web element from Test Object's properties

2021-11-23 09:45:43 - [MESSAGE][INFO] - Checking timeout

2021-11-23 09:45:43 - [MESSAGE][INFO] - Finding web element with id: 'Object Repository/Popup/Popup' located by 'By.cssSelector: .bootbox-body' in '30' second(s)

2021-11-23 09:45:43 - [MESSAGE][INFO] - Smart Wait Function is triggered

2021-11-23 09:45:44 - [MESSAGE][INFO] - Found 1 web elements with id: 'Object Repository/Popup/Popup' located by 'By.cssSelector: .bootbox-body' in '30' second(s)

2021-11-23 09:45:44 - [MESSAGE][INFO] - Getting text of object 'Object Repository/Popup/Popup'

2021-11-23 09:45:44 - [MESSAGE][PASSED] - Text of object 'Object Repository/Popup/Popup' is: '17606 no’lu talebiniz işleme alınmıştır. Raporunuz hazırlandığında (elogotest@gmail.com;ali.kara@logo.com.tr) adresinize mail gönderilecektir.
Rapor durumunuzu Raporlar > Toplu Veri İndirme ekranından takip edebilir, hazırlandı durumundaki raporlarınızı ilgili menüden indirebilirsiniz.'

2021-11-23 09:45:44 - [TEST_STEP][PASSED] - Console.println(RaporNo): null

2021-11-23 09:45:44 - [MESSAGE][PASSED] - Call Test Case 'Test Cases/Popup/PopupMesajiIceriyorMu' successfully

2021-11-23 09:45:44 - [MESSAGE][INFO] - Checking called Test Case

2021-11-23 09:45:44 - [MESSAGE][INFO] - Starting to call Test Case 'Test Cases/Popup/PopupButonSecilir'

2021-11-23 09:45:44 - [TEST_CASE][PASSED] - Test Cases/Popup/PopupButonSecilir: Test Cases/Popup/PopupButonSecilir

2021-11-23 09:45:44 - [TEST_STEP][PASSED] - Method.TextDegerineEsitElementeTikla(findTestObject("Popup/Popup_Butons"), Buton): Method.TextDegerineEsitElementeTikla is PASSED

2021-11-23 09:45:44 - [MESSAGE][INFO] - Finding Test Object 'Object Repository/Popup/Popup_Butons'

2021-11-23 09:45:44 - [MESSAGE][INFO] - Checking timeout

2021-11-23 09:45:44 - [MESSAGE][INFO] - Finding web element with id: 'Object Repository/Popup/Popup_Butons' located by 'By.cssSelector: .modal-footer>button' in '10' second(s)

2021-11-23 09:45:44 - [MESSAGE][INFO] - Smart Wait Function is triggered

2021-11-23 09:45:44 - [MESSAGE][INFO] - Found 1 web elements with id: 'Object Repository/Popup/Popup_Butons' located by 'By.cssSelector: .modal-footer>button' in '10' second(s)

2021-11-23 09:45:44 - [MESSAGE][PASSED] - Method.TextDegerineEsitElementeTikla is PASSED

2021-11-23 09:45:44 - [MESSAGE][PASSED] - Call Test Case 'Test Cases/Popup/PopupButonSecilir' successfully

2021-11-23 09:45:44 - [MESSAGE][INFO] - Checking called Test Case

2021-11-23 09:45:44 - [MESSAGE][INFO] - Starting to call Test Case 'Test Cases/Kullanici_Islemleri/KullaniciIslemlerindenSecimYapilir'

2021-11-23 09:45:44 - [TEST_CASE][PASSED] - Test Cases/Kullanici_Islemleri/KullaniciIslemlerindenSecimYapilir: Test Cases/Kullanici_Islemleri/KullaniciIslemlerindenSecimYapilir

2021-11-23 09:45:44 - [TEST_STEP][PASSED] - waitForElementClickable(findTestObject("Object Repository/Kullanici_Islemleri/KullaniciIslemleri"), 10): Object 'Object Repository/Kullanici_Islemleri/KullaniciIslemleri' is clickable

2021-11-23 09:45:44 - [MESSAGE][INFO] - Finding Test Object 'Object Repository/Kullanici_Islemleri/KullaniciIslemleri'

2021-11-23 09:45:44 - [MESSAGE][INFO] - Checking object

2021-11-23 09:45:44 - [MESSAGE][INFO] - Checking timeout

2021-11-23 09:45:44 - [MESSAGE][INFO] - Finding web element from Test Object's properties

2021-11-23 09:45:44 - [MESSAGE][INFO] - Checking timeout

2021-11-23 09:45:44 - [MESSAGE][INFO] - Finding web element with id: 'Object Repository/Kullanici_Islemleri/KullaniciIslemleri' located by 'By.cssSelector: .dropdown>a>img' in '10' second(s)

2021-11-23 09:45:44 - [MESSAGE][INFO] - Smart Wait Function is triggered

2021-11-23 09:45:45 - [MESSAGE][INFO] - Found 1 web elements with id: 'Object Repository/Kullanici_Islemleri/KullaniciIslemleri' located by 'By.cssSelector: .dropdown>a>img' in '10' second(s)

2021-11-23 09:45:45 - [MESSAGE][PASSED] - Object 'Object Repository/Kullanici_Islemleri/KullaniciIslemleri' is clickable

2021-11-23 09:45:45 - [TEST_STEP][PASSED] - click(findTestObject("Object Repository/Kullanici_Islemleri/KullaniciIslemleri")): Object: 'Object Repository/Kullanici_Islemleri/KullaniciIslemleri' is clicked on

2021-11-23 09:45:45 - [MESSAGE][INFO] - Finding Test Object 'Object Repository/Kullanici_Islemleri/KullaniciIslemleri'

2021-11-23 09:45:45 - [MESSAGE][INFO] - Checking object

2021-11-23 09:45:45 - [MESSAGE][INFO] - Finding web element from Test Object's properties

2021-11-23 09:45:45 - [MESSAGE][INFO] - Checking timeout

2021-11-23 09:45:45 - [MESSAGE][INFO] - Finding web element with id: 'Object Repository/Kullanici_Islemleri/KullaniciIslemleri' located by 'By.cssSelector: .dropdown>a>img' in '30' second(s)

2021-11-23 09:45:45 - [MESSAGE][INFO] - Smart Wait Function is triggered

2021-11-23 09:45:45 - [MESSAGE][INFO] - Found 1 web elements with id: 'Object Repository/Kullanici_Islemleri/KullaniciIslemleri' located by 'By.cssSelector: .dropdown>a>img' in '30' second(s)

2021-11-23 09:45:45 - [MESSAGE][INFO] - Clicking on object: 'Object Repository/Kullanici_Islemleri/KullaniciIslemleri'

2021-11-23 09:45:45 - [MESSAGE][PASSED] - Object: 'Object Repository/Kullanici_Islemleri/KullaniciIslemleri' is clicked on

2021-11-23 09:45:45 - [TEST_STEP][PASSED] - Method.TextDegerineEsitElementeTikla(findTestObject("Object Repository/Kullanici_Islemleri/Secenekler"), Islem): Method.TextDegerineEsitElementeTikla is PASSED

2021-11-23 09:45:45 - [MESSAGE][INFO] - Finding Test Object 'Object Repository/Kullanici_Islemleri/Secenekler'

2021-11-23 09:45:45 - [MESSAGE][INFO] - Checking timeout

2021-11-23 09:45:45 - [MESSAGE][INFO] - Finding web element with id: 'Object Repository/Kullanici_Islemleri/Secenekler' located by 'By.cssSelector: .nav.navbar-nav.navbar-right li a' in '10' second(s)

2021-11-23 09:45:45 - [MESSAGE][INFO] - Smart Wait Function is triggered

2021-11-23 09:45:46 - [MESSAGE][INFO] - Found 22 web elements with id: 'Object Repository/Kullanici_Islemleri/Secenekler' located by 'By.cssSelector: .nav.navbar-nav.navbar-right li a' in '10' second(s)

2021-11-23 09:45:48 - [MESSAGE][PASSED] - Method.TextDegerineEsitElementeTikla is PASSED

2021-11-23 09:45:48 - [TEST_STEP][PASSED] - verifyElementNotPresent(findTestObject("Object Repository/Kullanici_Islemleri/Secenekler"), 10): Web element with id: 'Object Repository/Kullanici_Islemleri/Secenekler' located by 'By.cssSelector: .nav.navbar-nav.navbar-right li a' is not present after '10' second(s)

2021-11-23 09:45:48 - [MESSAGE][INFO] - Finding Test Object 'Object Repository/Kullanici_Islemleri/Secenekler'

2021-11-23 09:45:48 - [MESSAGE][INFO] - Checking object

2021-11-23 09:45:48 - [MESSAGE][INFO] - Checking timeout

2021-11-23 09:45:48 - [MESSAGE][INFO] - Finding web element with id: 'Object Repository/Kullanici_Islemleri/Secenekler' located by 'By.cssSelector: .nav.navbar-nav.navbar-right li a' in '10' second(s)

2021-11-23 09:45:48 - [MESSAGE][INFO] - Smart Wait Function is triggered

2021-11-23 09:45:49 - [MESSAGE][PASSED] - Web element with id: 'Object Repository/Kullanici_Islemleri/Secenekler' located by 'By.cssSelector: .nav.navbar-nav.navbar-right li a' is not present after '10' second(s)

2021-11-23 09:45:49 - [MESSAGE][PASSED] - Call Test Case 'Test Cases/Kullanici_Islemleri/KullaniciIslemlerindenSecimYapilir' successfully

2021-11-23 09:45:49 - [TEST_CASE][PASSED] - Start Test Case : SCENARIO Gelen Zarf Tablodaki Verinin Irsaliyeleri: SCENARIO Gelen Zarf Tablodaki Verinin Irsaliyeleri

2021-11-23 09:45:49 - [TEST_STEP][PASSED] - Kullanıcı adı ELOGO6 ve Şifre 123456 olarak giriş yapılır: Kullanıcı adı ELOGO6 ve Şifre 123456 olarak giriş yapılır

2021-11-23 09:45:49 - [MESSAGE][PASSED] - Kullanıcı adı ELOGO6 ve Şifre 123456 olarak giriş yapılır

2021-11-23 09:45:49 - [TEST_STEP][PASSED] - Ana menüden Zarflar seçilir: Ana menüden Zarflar seçilir

2021-11-23 09:45:49 - [MESSAGE][PASSED] - Ana menüden Zarflar seçilir

2021-11-23 09:45:49 - [TEST_STEP][PASSED] - Alt menüden Gelen Zarflar seçilir: Alt menüden Gelen Zarflar seçilir

2021-11-23 09:45:49 - [MESSAGE][PASSED] - Alt menüden Gelen Zarflar seçilir

2021-11-23 09:45:49 - [TEST_STEP][PASSED] - Filtrelerden Oluşturma Tarihi filtresine 01.12.2020 baslangic degerini yaz: Filtrelerden Oluşturma Tarihi filtresine 01.12.2020 baslangic degerini yaz

2021-11-23 09:45:49 - [MESSAGE][PASSED] - Filtrelerden Oluşturma Tarihi filtresine 01.12.2020 baslangic degerini yaz

2021-11-23 09:45:49 - [TEST_STEP][PASSED] - Filtrelerden Oluşturma Tarihi filtresine 31.12.2020 bitis degerini yaz: Filtrelerden Oluşturma Tarihi filtresine 31.12.2020 bitis degerini yaz

2021-11-23 09:45:49 - [MESSAGE][PASSED] - Filtrelerden Oluşturma Tarihi filtresine 31.12.2020 bitis degerini yaz

2021-11-23 09:45:49 - [TEST_STEP][PASSED] - Filtre butonlarından Listele seçilir: Filtre butonlarından Listele seçilir

2021-11-23 09:45:49 - [MESSAGE][PASSED] - Filtre butonlarından Listele seçilir

2021-11-23 09:45:49 - [TEST_STEP][PASSED] - Tabloda veri var mı kontrol edilir: Tabloda veri var mı kontrol edilir

2021-11-23 09:45:49 - [MESSAGE][PASSED] - Tabloda veri var mı kontrol edilir

2021-11-23 09:45:49 - [TEST_STEP][PASSED] - Tablodan E LOGO 6 isimli veri seçilir: Tablodan E LOGO 6 isimli veri seçilir

2021-11-23 09:45:49 - [MESSAGE][PASSED] - Tablodan E LOGO 6 isimli veri seçilir

2021-11-23 09:45:49 - [TEST_STEP][PASSED] - Butonlardan UBL isimli butona tıklanır: Butonlardan UBL isimli butona tıklanır

2021-11-23 09:45:49 - [MESSAGE][PASSED] - Butonlardan UBL isimli butona tıklanır

2021-11-23 09:45:49 - [TEST_STEP][PASSED] - Yeni açılan sekmeye geçilir: Yeni açılan sekmeye geçilir

2021-11-23 09:45:49 - [MESSAGE][PASSED] - Yeni açılan sekmeye geçilir

2021-11-23 09:45:49 - [TEST_STEP][PASSED] - StandardBusinessDocument tagli ubl geldi mi: StandardBusinessDocument tagli ubl geldi mi

2021-11-23 09:45:49 - [MESSAGE][PASSED] - StandardBusinessDocument tagli ubl geldi mi

2021-11-23 09:45:49 - [TEST_STEP][PASSED] - Ana sekmeye geçilir: Ana sekmeye geçilir

2021-11-23 09:45:49 - [MESSAGE][PASSED] - Ana sekmeye geçilir

2021-11-23 09:45:49 - [TEST_STEP][PASSED] - Tablodaki E LOGO 6 isimli verinin Uygulama Yanıtları adlı butonuna tıklanır: Tablodaki E LOGO 6 isimli verinin Uygulama Yanıtları adlı butonuna tıklanır

2021-11-23 09:45:49 - [MESSAGE][PASSED] - Tablodaki E LOGO 6 isimli verinin Uygulama Yanıtları adlı butonuna tıklanır

2021-11-23 09:45:49 - [TEST_STEP][PASSED] - Yeni açılan sekmeye geçilir: Yeni açılan sekmeye geçilir

2021-11-23 09:45:49 - [MESSAGE][PASSED] - Yeni açılan sekmeye geçilir

2021-11-23 09:45:49 - [TEST_STEP][PASSED] - Tabloda veri var mı kontrol edilir: Tabloda veri var mı kontrol edilir

2021-11-23 09:45:49 - [MESSAGE][PASSED] - Tabloda veri var mı kontrol edilir

2021-11-23 09:45:49 - [TEST_STEP][PASSED] - Ana sekmeye geçilir: Ana sekmeye geçilir

2021-11-23 09:45:49 - [MESSAGE][PASSED] - Ana sekmeye geçilir

2021-11-23 09:45:49 - [TEST_STEP][PASSED] - Butonlardan İndir isimli butona tıklanır: Butonlardan İndir isimli butona tıklanır

2021-11-23 09:45:49 - [MESSAGE][PASSED] - Butonlardan İndir isimli butona tıklanır

2021-11-23 09:45:49 - [TEST_STEP][PASSED] - Alt butonlardan İndir butonuna tıklanır: Alt butonlardan İndir butonuna tıklanır

2021-11-23 09:45:49 - [MESSAGE][PASSED] - Alt butonlardan İndir butonuna tıklanır

2021-11-23 09:45:49 - [TEST_STEP][PASSED] - Ön eki Envelope olan dosya indirildi mi: Ön eki Envelope olan dosya indirildi mi

2021-11-23 09:45:49 - [MESSAGE][PASSED] - Ön eki Envelope olan dosya indirildi mi

2021-11-23 09:45:49 - [TEST_STEP][PASSED] - Butonlardan Excel isimli butona tıklanır: Butonlardan Excel isimli butona tıklanır

2021-11-23 09:45:49 - [MESSAGE][PASSED] - Butonlardan Excel isimli butona tıklanır

2021-11-23 09:45:49 - [TEST_STEP][PASSED] - Alt butonlardan Seçilenleri Excel'e Aktar butonuna tıklanır: Alt butonlardan Seçilenleri Excel'e Aktar butonuna tıklanır

2021-11-23 09:45:49 - [MESSAGE][PASSED] - Alt butonlardan Seçilenleri Excel'e Aktar butonuna tıklanır

2021-11-23 09:45:49 - [TEST_STEP][PASSED] - Popup mesajı Lütfen rapor bildiriminin gönderileceği e-posta adresini belirtiniz. içeriyor mu: Popup mesajı Lütfen rapor bildiriminin gönderileceği e-posta adresini belirtiniz. içeriyor mu

2021-11-23 09:45:49 - [MESSAGE][PASSED] - Popup mesajı Lütfen rapor bildiriminin gönderileceği e-posta adresini belirtiniz. içeriyor mu

2021-11-23 09:45:49 - [TEST_STEP][PASSED] - Popup email elogotest@gmail.com;ali.kara@logo.com.tr olarak girilir: Popup email elogotest@gmail.com;ali.kara@logo.com.tr olarak girilir

2021-11-23 09:45:49 - [MESSAGE][PASSED] - Popup email elogotest@gmail.com;ali.kara@logo.com.tr olarak girilir

2021-11-23 09:45:49 - [TEST_STEP][PASSED] - Yönetim popupında Gönder seçilir: Yönetim popupında Gönder seçilir

2021-11-23 09:45:49 - [MESSAGE][PASSED] - Yönetim popupında Gönder seçilir

2021-11-23 09:45:49 - [TEST_STEP][PASSED] - Popup mesajı Toplu Veri İndirme içeriyor mu: Popup mesajı Toplu Veri İndirme içeriyor mu

2021-11-23 09:45:49 - [MESSAGE][PASSED] - Popup mesajı Toplu Veri İndirme içeriyor mu

2021-11-23 09:45:49 - [TEST_STEP][PASSED] - Yönetim popupında Tamam seçilir: Yönetim popupında Tamam seçilir

2021-11-23 09:45:49 - [MESSAGE][PASSED] - Yönetim popupında Tamam seçilir

2021-11-23 09:45:49 - [TEST_STEP][PASSED] - Butonlardan Toplu İndirme isimli butona tıklanır: Butonlardan Toplu İndirme isimli butona tıklanır

2021-11-23 09:45:49 - [MESSAGE][PASSED] - Butonlardan Toplu İndirme isimli butona tıklanır

2021-11-23 09:45:49 - [TEST_STEP][PASSED] - Alt butonlardan UBL Seçilenleri İndir butonuna tıklanır: Alt butonlardan UBL Seçilenleri İndir butonuna tıklanır

2021-11-23 09:45:49 - [MESSAGE][PASSED] - Alt butonlardan UBL Seçilenleri İndir butonuna tıklanır

2021-11-23 09:45:49 - [TEST_STEP][PASSED] - Popup mesajı rapor bildiriminin gönderileceği e-posta adresini belirtiniz içeriyor mu: Popup mesajı rapor bildiriminin gönderileceği e-posta adresini belirtiniz içeriyor mu

2021-11-23 09:45:49 - [MESSAGE][PASSED] - Popup mesajı rapor bildiriminin gönderileceği e-posta adresini belirtiniz içeriyor mu

2021-11-23 09:45:49 - [TEST_STEP][PASSED] - Popup email elogotest@gmail.com;ali.kara@logo.com.tr olarak girilir: Popup email elogotest@gmail.com;ali.kara@logo.com.tr olarak girilir

2021-11-23 09:45:49 - [MESSAGE][PASSED] - Popup email elogotest@gmail.com;ali.kara@logo.com.tr olarak girilir

2021-11-23 09:45:49 - [TEST_STEP][PASSED] - Yönetim popupında Gönder seçilir: Yönetim popupında Gönder seçilir

2021-11-23 09:45:49 - [MESSAGE][PASSED] - Yönetim popupında Gönder seçilir

2021-11-23 09:45:49 - [TEST_STEP][PASSED] - Popup mesajı talebiniz işleme alınmıştır içeriyor mu: Popup mesajı talebiniz işleme alınmıştır içeriyor mu

2021-11-23 09:45:49 - [MESSAGE][PASSED] - Popup mesajı talebiniz işleme alınmıştır içeriyor mu

2021-11-23 09:45:49 - [TEST_STEP][PASSED] - Yönetim popupında Tamam seçilir: Yönetim popupında Tamam seçilir

2021-11-23 09:45:49 - [MESSAGE][PASSED] - Yönetim popupında Tamam seçilir

2021-11-23 09:45:49 - [TEST_STEP][PASSED] - Filtrelerden Belge Türü filtresine e-Fatura dropdowndan degeri seçilir: Filtrelerden Belge Türü filtresine e-Fatura dropdowndan degeri seçilir

2021-11-23 09:45:49 - [MESSAGE][PASSED] - Filtrelerden Belge Türü filtresine e-Fatura dropdowndan degeri seçilir

2021-11-23 09:45:49 - [TEST_STEP][PASSED] - Filtre butonlarından Listele seçilir: Filtre butonlarından Listele seçilir

2021-11-23 09:45:49 - [MESSAGE][PASSED] - Filtre butonlarından Listele seçilir

2021-11-23 09:45:49 - [TEST_STEP][PASSED] - Tabloda veri var mı kontrol edilir: Tabloda veri var mı kontrol edilir

2021-11-23 09:45:49 - [MESSAGE][PASSED] - Tabloda veri var mı kontrol edilir

2021-11-23 09:45:49 - [TEST_STEP][PASSED] - Tablodaki E LOGO 6 isimli verinin Faturalar adlı butonuna tıklanır: Tablodaki E LOGO 6 isimli verinin Faturalar adlı butonuna tıklanır

2021-11-23 09:45:49 - [MESSAGE][PASSED] - Tablodaki E LOGO 6 isimli verinin Faturalar adlı butonuna tıklanır

2021-11-23 09:45:49 - [TEST_STEP][PASSED] - Yeni açılan sekmeye geçilir: Yeni açılan sekmeye geçilir

2021-11-23 09:45:49 - [MESSAGE][PASSED] - Yeni açılan sekmeye geçilir

2021-11-23 09:45:49 - [TEST_STEP][PASSED] - Tabloda veri var mı kontrol edilir: Tabloda veri var mı kontrol edilir

2021-11-23 09:45:49 - [MESSAGE][PASSED] - Tabloda veri var mı kontrol edilir

2021-11-23 09:45:49 - [TEST_STEP][PASSED] - Ana sekmeye geçilir: Ana sekmeye geçilir

2021-11-23 09:45:49 - [MESSAGE][PASSED] - Ana sekmeye geçilir

2021-11-23 09:45:49 - [TEST_STEP][PASSED] - Tabloda veri var mı kontrol edilir: Tabloda veri var mı kontrol edilir

2021-11-23 09:45:49 - [MESSAGE][PASSED] - Tabloda veri var mı kontrol edilir

2021-11-23 09:45:49 - [TEST_STEP][PASSED] - Tablodan E LOGO 6 isimli veri seçilir: Tablodan E LOGO 6 isimli veri seçilir

2021-11-23 09:45:49 - [MESSAGE][PASSED] - Tablodan E LOGO 6 isimli veri seçilir

2021-11-23 09:45:49 - [TEST_STEP][PASSED] - Butonlardan UBL isimli butona tıklanır: Butonlardan UBL isimli butona tıklanır

2021-11-23 09:45:49 - [MESSAGE][PASSED] - Butonlardan UBL isimli butona tıklanır

2021-11-23 09:45:49 - [TEST_STEP][PASSED] - Yeni açılan sekmeye geçilir: Yeni açılan sekmeye geçilir

2021-11-23 09:45:49 - [MESSAGE][PASSED] - Yeni açılan sekmeye geçilir

2021-11-23 09:45:49 - [TEST_STEP][PASSED] - StandardBusinessDocument tagli ubl geldi mi: StandardBusinessDocument tagli ubl geldi mi

2021-11-23 09:45:49 - [MESSAGE][PASSED] - StandardBusinessDocument tagli ubl geldi mi

2021-11-23 09:45:49 - [TEST_STEP][PASSED] - Ana sekmeye geçilir: Ana sekmeye geçilir

2021-11-23 09:45:49 - [MESSAGE][PASSED] - Ana sekmeye geçilir

2021-11-23 09:45:49 - [TEST_STEP][PASSED] - Butonlardan İzleme Kayıtları isimli butona tıklanır: Butonlardan İzleme Kayıtları isimli butona tıklanır

2021-11-23 09:45:49 - [MESSAGE][PASSED] - Butonlardan İzleme Kayıtları isimli butona tıklanır

2021-11-23 09:45:49 - [TEST_STEP][PASSED] - Yeni açılan sekmeye geçilir: Yeni açılan sekmeye geçilir

2021-11-23 09:45:49 - [MESSAGE][PASSED] - Yeni açılan sekmeye geçilir

2021-11-23 09:45:49 - [TEST_STEP][PASSED] - Zarf İzleme Kayıtları baslikli gecmis sayfasi geldi mi: Zarf İzleme Kayıtları baslikli gecmis sayfasi geldi mi

2021-11-23 09:45:49 - [MESSAGE][PASSED] - Zarf İzleme Kayıtları baslikli gecmis sayfasi geldi mi

2021-11-23 09:45:49 - [TEST_STEP][PASSED] - Ana sekmeye geçilir: Ana sekmeye geçilir

2021-11-23 09:45:49 - [MESSAGE][PASSED] - Ana sekmeye geçilir

2021-11-23 09:45:49 - [TEST_STEP][PASSED] - Butonlardan İndir isimli butona tıklanır: Butonlardan İndir isimli butona tıklanır

2021-11-23 09:45:49 - [MESSAGE][PASSED] - Butonlardan İndir isimli butona tıklanır

2021-11-23 09:45:49 - [TEST_STEP][PASSED] - Alt butonlardan İndir butonuna tıklanır: Alt butonlardan İndir butonuna tıklanır

2021-11-23 09:45:49 - [MESSAGE][PASSED] - Alt butonlardan İndir butonuna tıklanır

2021-11-23 09:45:49 - [TEST_STEP][PASSED] - Ön eki Envelope olan dosya indirildi mi: Ön eki Envelope olan dosya indirildi mi

2021-11-23 09:45:49 - [MESSAGE][PASSED] - Ön eki Envelope olan dosya indirildi mi

2021-11-23 09:45:49 - [TEST_STEP][PASSED] - Butonlardan Excel isimli butona tıklanır: Butonlardan Excel isimli butona tıklanır

2021-11-23 09:45:49 - [MESSAGE][PASSED] - Butonlardan Excel isimli butona tıklanır

2021-11-23 09:45:49 - [TEST_STEP][PASSED] - Alt butonlardan Seçilenleri Excel'e Aktar butonuna tıklanır: Alt butonlardan Seçilenleri Excel'e Aktar butonuna tıklanır

2021-11-23 09:45:49 - [MESSAGE][PASSED] - Alt butonlardan Seçilenleri Excel'e Aktar butonuna tıklanır

2021-11-23 09:45:49 - [TEST_STEP][PASSED] - Popup mesajı Lütfen rapor bildiriminin gönderileceği e-posta adresini belirtiniz. içeriyor mu: Popup mesajı Lütfen rapor bildiriminin gönderileceği e-posta adresini belirtiniz. içeriyor mu

2021-11-23 09:45:49 - [MESSAGE][PASSED] - Popup mesajı Lütfen rapor bildiriminin gönderileceği e-posta adresini belirtiniz. içeriyor mu

2021-11-23 09:45:49 - [TEST_STEP][PASSED] - Popup email elogotest@gmail.com;ali.kara@logo.com.tr olarak girilir: Popup email elogotest@gmail.com;ali.kara@logo.com.tr olarak girilir

2021-11-23 09:45:49 - [MESSAGE][PASSED] - Popup email elogotest@gmail.com;ali.kara@logo.com.tr olarak girilir

2021-11-23 09:45:49 - [TEST_STEP][PASSED] - Yönetim popupında Gönder seçilir: Yönetim popupında Gönder seçilir

2021-11-23 09:45:49 - [MESSAGE][PASSED] - Yönetim popupında Gönder seçilir

2021-11-23 09:45:49 - [TEST_STEP][PASSED] - Popup mesajı Toplu Veri İndirme içeriyor mu: Popup mesajı Toplu Veri İndirme içeriyor mu

2021-11-23 09:45:49 - [MESSAGE][PASSED] - Popup mesajı Toplu Veri İndirme içeriyor mu

2021-11-23 09:45:49 - [TEST_STEP][PASSED] - Yönetim popupında Tamam seçilir: Yönetim popupında Tamam seçilir

2021-11-23 09:45:49 - [MESSAGE][PASSED] - Yönetim popupında Tamam seçilir

2021-11-23 09:45:49 - [TEST_STEP][PASSED] - Butonlardan Toplu İndirme isimli butona tıklanır: Butonlardan Toplu İndirme isimli butona tıklanır

2021-11-23 09:45:49 - [MESSAGE][PASSED] - Butonlardan Toplu İndirme isimli butona tıklanır

2021-11-23 09:45:49 - [TEST_STEP][PASSED] - Alt butonlardan UBL Seçilenleri İndir butonuna tıklanır: Alt butonlardan UBL Seçilenleri İndir butonuna tıklanır

2021-11-23 09:45:49 - [MESSAGE][PASSED] - Alt butonlardan UBL Seçilenleri İndir butonuna tıklanır

2021-11-23 09:45:49 - [TEST_STEP][PASSED] - Popup mesajı rapor bildiriminin gönderileceği e-posta adresini belirtiniz içeriyor mu: Popup mesajı rapor bildiriminin gönderileceği e-posta adresini belirtiniz içeriyor mu

2021-11-23 09:45:49 - [MESSAGE][PASSED] - Popup mesajı rapor bildiriminin gönderileceği e-posta adresini belirtiniz içeriyor mu

2021-11-23 09:45:49 - [TEST_STEP][PASSED] - Popup email elogotest@gmail.com;ali.kara@logo.com.tr olarak girilir: Popup email elogotest@gmail.com;ali.kara@logo.com.tr olarak girilir

2021-11-23 09:45:49 - [MESSAGE][PASSED] - Popup email elogotest@gmail.com;ali.kara@logo.com.tr olarak girilir

2021-11-23 09:45:49 - [TEST_STEP][PASSED] - Yönetim popupında Gönder seçilir: Yönetim popupında Gönder seçilir

2021-11-23 09:45:49 - [MESSAGE][PASSED] - Yönetim popupında Gönder seçilir

2021-11-23 09:45:49 - [TEST_STEP][PASSED] - Popup mesajı talebiniz işleme alınmıştır içeriyor mu: Popup mesajı talebiniz işleme alınmıştır içeriyor mu

2021-11-23 09:45:49 - [MESSAGE][PASSED] - Popup mesajı talebiniz işleme alınmıştır içeriyor mu

2021-11-23 09:45:49 - [TEST_STEP][PASSED] - Yönetim popupında Tamam seçilir: Yönetim popupında Tamam seçilir

2021-11-23 09:45:49 - [MESSAGE][PASSED] - Yönetim popupında Tamam seçilir

2021-11-23 09:45:49 - [TEST_STEP][PASSED] - Filtrelerden Belge Türü filtresine e-İrsaliye dropdowndan degeri seçilir: Filtrelerden Belge Türü filtresine e-İrsaliye dropdowndan degeri seçilir

2021-11-23 09:45:49 - [MESSAGE][PASSED] - Filtrelerden Belge Türü filtresine e-İrsaliye dropdowndan degeri seçilir

2021-11-23 09:45:49 - [TEST_STEP][PASSED] - Filtre butonlarından Listele seçilir: Filtre butonlarından Listele seçilir

2021-11-23 09:45:49 - [MESSAGE][PASSED] - Filtre butonlarından Listele seçilir

2021-11-23 09:45:49 - [TEST_STEP][PASSED] - Tablodaki Logo Elektronik GIB Test isimli verinin İrsaliyeler adlı butonuna tıklanır: Tablodaki Logo Elektronik GIB Test isimli verinin İrsaliyeler adlı butonuna tıklanır

2021-11-23 09:45:49 - [MESSAGE][PASSED] - Tablodaki Logo Elektronik GIB Test isimli verinin İrsaliyeler adlı butonuna tıklanır

2021-11-23 09:45:49 - [TEST_STEP][PASSED] - Yeni açılan sekmeye geçilir: Yeni açılan sekmeye geçilir

2021-11-23 09:45:49 - [MESSAGE][PASSED] - Yeni açılan sekmeye geçilir

2021-11-23 09:45:49 - [TEST_STEP][PASSED] - Tabloda veri var mı kontrol edilir: Tabloda veri var mı kontrol edilir

2021-11-23 09:45:49 - [MESSAGE][PASSED] - Tabloda veri var mı kontrol edilir

2021-11-23 09:45:49 - [TEST_STEP][PASSED] - Ana sekmeye geçilir: Ana sekmeye geçilir

2021-11-23 09:45:49 - [MESSAGE][PASSED] - Ana sekmeye geçilir

2021-11-23 09:45:49 - [TEST_STEP][PASSED] - Tabloda veri var mı kontrol edilir: Tabloda veri var mı kontrol edilir

2021-11-23 09:45:49 - [MESSAGE][PASSED] - Tabloda veri var mı kontrol edilir

2021-11-23 09:45:49 - [TEST_STEP][PASSED] - Tablodan Logo Elektronik GIB Test isimli veri seçilir: Tablodan Logo Elektronik GIB Test isimli veri seçilir

2021-11-23 09:45:49 - [MESSAGE][PASSED] - Tablodan Logo Elektronik GIB Test isimli veri seçilir

2021-11-23 09:45:49 - [TEST_STEP][PASSED] - Butonlardan UBL isimli butona tıklanır: Butonlardan UBL isimli butona tıklanır

2021-11-23 09:45:49 - [MESSAGE][PASSED] - Butonlardan UBL isimli butona tıklanır

2021-11-23 09:45:49 - [TEST_STEP][PASSED] - Yeni açılan sekmeye geçilir: Yeni açılan sekmeye geçilir

2021-11-23 09:45:49 - [MESSAGE][PASSED] - Yeni açılan sekmeye geçilir

2021-11-23 09:45:49 - [TEST_STEP][PASSED] - StandardBusinessDocument tagli ubl geldi mi: StandardBusinessDocument tagli ubl geldi mi

2021-11-23 09:45:49 - [MESSAGE][PASSED] - StandardBusinessDocument tagli ubl geldi mi

2021-11-23 09:45:49 - [TEST_STEP][PASSED] - Ana sekmeye geçilir: Ana sekmeye geçilir

2021-11-23 09:45:49 - [MESSAGE][PASSED] - Ana sekmeye geçilir

2021-11-23 09:45:49 - [TEST_STEP][PASSED] - Butonlardan İndir isimli butona tıklanır: Butonlardan İndir isimli butona tıklanır

2021-11-23 09:45:49 - [MESSAGE][PASSED] - Butonlardan İndir isimli butona tıklanır

2021-11-23 09:45:49 - [TEST_STEP][PASSED] - Alt butonlardan İndir butonuna tıklanır: Alt butonlardan İndir butonuna tıklanır

2021-11-23 09:45:49 - [MESSAGE][PASSED] - Alt butonlardan İndir butonuna tıklanır

2021-11-23 09:45:49 - [TEST_STEP][PASSED] - Ön eki Envelope olan dosya indirildi mi: Ön eki Envelope olan dosya indirildi mi

2021-11-23 09:45:49 - [MESSAGE][PASSED] - Ön eki Envelope olan dosya indirildi mi

2021-11-23 09:45:49 - [TEST_STEP][PASSED] - Butonlardan Excel isimli butona tıklanır: Butonlardan Excel isimli butona tıklanır

2021-11-23 09:45:49 - [MESSAGE][PASSED] - Butonlardan Excel isimli butona tıklanır

2021-11-23 09:45:49 - [TEST_STEP][PASSED] - Alt butonlardan Seçilenleri Excel'e Aktar butonuna tıklanır: Alt butonlardan Seçilenleri Excel'e Aktar butonuna tıklanır

2021-11-23 09:45:49 - [MESSAGE][PASSED] - Alt butonlardan Seçilenleri Excel'e Aktar butonuna tıklanır

2021-11-23 09:45:49 - [TEST_STEP][PASSED] - Popup mesajı Lütfen rapor bildiriminin gönderileceği e-posta adresini belirtiniz. içeriyor mu: Popup mesajı Lütfen rapor bildiriminin gönderileceği e-posta adresini belirtiniz. içeriyor mu

2021-11-23 09:45:49 - [MESSAGE][PASSED] - Popup mesajı Lütfen rapor bildiriminin gönderileceği e-posta adresini belirtiniz. içeriyor mu

2021-11-23 09:45:49 - [TEST_STEP][PASSED] - Popup email elogotest@gmail.com;ali.kara@logo.com.tr olarak girilir: Popup email elogotest@gmail.com;ali.kara@logo.com.tr olarak girilir

2021-11-23 09:45:49 - [MESSAGE][PASSED] - Popup email elogotest@gmail.com;ali.kara@logo.com.tr olarak girilir

2021-11-23 09:45:49 - [TEST_STEP][PASSED] - Yönetim popupında Gönder seçilir: Yönetim popupında Gönder seçilir

2021-11-23 09:45:49 - [MESSAGE][PASSED] - Yönetim popupında Gönder seçilir

2021-11-23 09:45:49 - [TEST_STEP][PASSED] - Popup mesajı Toplu Veri İndirme içeriyor mu: Popup mesajı Toplu Veri İndirme içeriyor mu

2021-11-23 09:45:49 - [MESSAGE][PASSED] - Popup mesajı Toplu Veri İndirme içeriyor mu

2021-11-23 09:45:49 - [TEST_STEP][PASSED] - Yönetim popupında Tamam seçilir: Yönetim popupında Tamam seçilir

2021-11-23 09:45:49 - [MESSAGE][PASSED] - Yönetim popupında Tamam seçilir

2021-11-23 09:45:49 - [TEST_STEP][PASSED] - Butonlardan Toplu İndirme isimli butona tıklanır: Butonlardan Toplu İndirme isimli butona tıklanır

2021-11-23 09:45:49 - [MESSAGE][PASSED] - Butonlardan Toplu İndirme isimli butona tıklanır

2021-11-23 09:45:49 - [TEST_STEP][PASSED] - Alt butonlardan UBL Seçilenleri İndir butonuna tıklanır: Alt butonlardan UBL Seçilenleri İndir butonuna tıklanır

2021-11-23 09:45:49 - [MESSAGE][PASSED] - Alt butonlardan UBL Seçilenleri İndir butonuna tıklanır

2021-11-23 09:45:49 - [TEST_STEP][PASSED] - Popup mesajı rapor bildiriminin gönderileceği e-posta adresini belirtiniz içeriyor mu: Popup mesajı rapor bildiriminin gönderileceği e-posta adresini belirtiniz içeriyor mu

2021-11-23 09:45:49 - [MESSAGE][PASSED] - Popup mesajı rapor bildiriminin gönderileceği e-posta adresini belirtiniz içeriyor mu

2021-11-23 09:45:49 - [TEST_STEP][PASSED] - Popup email elogotest@gmail.com;ali.kara@logo.com.tr olarak girilir: Popup email elogotest@gmail.com;ali.kara@logo.com.tr olarak girilir

2021-11-23 09:45:49 - [MESSAGE][PASSED] - Popup email elogotest@gmail.com;ali.kara@logo.com.tr olarak girilir

2021-11-23 09:45:49 - [TEST_STEP][PASSED] - Yönetim popupında Gönder seçilir: Yönetim popupında Gönder seçilir

2021-11-23 09:45:49 - [MESSAGE][PASSED] - Yönetim popupında Gönder seçilir

2021-11-23 09:45:49 - [TEST_STEP][PASSED] - Popup mesajı talebiniz işleme alınmıştır içeriyor mu: Popup mesajı talebiniz işleme alınmıştır içeriyor mu

2021-11-23 09:45:49 - [MESSAGE][PASSED] - Popup mesajı talebiniz işleme alınmıştır içeriyor mu

2021-11-23 09:45:49 - [TEST_STEP][PASSED] - Yönetim popupında Tamam seçilir: Yönetim popupında Tamam seçilir

2021-11-23 09:45:49 - [MESSAGE][PASSED] - Yönetim popupında Tamam seçilir

2021-11-23 09:45:49 - [TEST_STEP][PASSED] - Filtrelerden Belge Türü filtresine Sistem Yanıtı dropdowndan degeri seçilir: Filtrelerden Belge Türü filtresine Sistem Yanıtı dropdowndan degeri seçilir

2021-11-23 09:45:49 - [MESSAGE][PASSED] - Filtrelerden Belge Türü filtresine Sistem Yanıtı dropdowndan degeri seçilir

2021-11-23 09:45:49 - [TEST_STEP][PASSED] - Filtre butonlarından Listele seçilir: Filtre butonlarından Listele seçilir

2021-11-23 09:45:49 - [MESSAGE][PASSED] - Filtre butonlarından Listele seçilir

2021-11-23 09:45:49 - [TEST_STEP][PASSED] - Tablodaki Test Kurum 6 isimli verinin Yanıt adlı butonuna tıklanır: Tablodaki Test Kurum 6 isimli verinin Yanıt adlı butonuna tıklanır

2021-11-23 09:45:49 - [MESSAGE][PASSED] - Tablodaki Test Kurum 6 isimli verinin Yanıt adlı butonuna tıklanır

2021-11-23 09:45:49 - [TEST_STEP][PASSED] - Yeni açılan sekmeye geçilir: Yeni açılan sekmeye geçilir

2021-11-23 09:45:49 - [MESSAGE][PASSED] - Yeni açılan sekmeye geçilir

2021-11-23 09:45:49 - [TEST_STEP][PASSED] - Tabloda veri var mı kontrol edilir: Tabloda veri var mı kontrol edilir

2021-11-23 09:45:49 - [MESSAGE][PASSED] - Tabloda veri var mı kontrol edilir

2021-11-23 09:45:49 - [TEST_STEP][PASSED] - Ana sekmeye geçilir: Ana sekmeye geçilir

2021-11-23 09:45:49 - [MESSAGE][PASSED] - Ana sekmeye geçilir

2021-11-23 09:45:49 - [TEST_STEP][PASSED] - Tabloda veri var mı kontrol edilir: Tabloda veri var mı kontrol edilir

2021-11-23 09:45:49 - [MESSAGE][PASSED] - Tabloda veri var mı kontrol edilir

2021-11-23 09:45:49 - [TEST_STEP][PASSED] - Tablodan Test Kurum 6 isimli veri seçilir: Tablodan Test Kurum 6 isimli veri seçilir

2021-11-23 09:45:49 - [MESSAGE][PASSED] - Tablodan Test Kurum 6 isimli veri seçilir

2021-11-23 09:45:49 - [TEST_STEP][PASSED] - Butonlardan UBL isimli butona tıklanır: Butonlardan UBL isimli butona tıklanır

2021-11-23 09:45:49 - [MESSAGE][PASSED] - Butonlardan UBL isimli butona tıklanır

2021-11-23 09:45:49 - [TEST_STEP][PASSED] - Yeni açılan sekmeye geçilir: Yeni açılan sekmeye geçilir

2021-11-23 09:45:49 - [MESSAGE][PASSED] - Yeni açılan sekmeye geçilir

2021-11-23 09:45:49 - [TEST_STEP][PASSED] - StandardBusinessDocument tagli ubl geldi mi: StandardBusinessDocument tagli ubl geldi mi

2021-11-23 09:45:49 - [MESSAGE][PASSED] - StandardBusinessDocument tagli ubl geldi mi

2021-11-23 09:45:49 - [TEST_STEP][PASSED] - Ana sekmeye geçilir: Ana sekmeye geçilir

2021-11-23 09:45:49 - [MESSAGE][PASSED] - Ana sekmeye geçilir

2021-11-23 09:45:49 - [TEST_STEP][PASSED] - Butonlardan İndir isimli butona tıklanır: Butonlardan İndir isimli butona tıklanır

2021-11-23 09:45:49 - [MESSAGE][PASSED] - Butonlardan İndir isimli butona tıklanır

2021-11-23 09:45:49 - [TEST_STEP][PASSED] - Alt butonlardan İndir butonuna tıklanır: Alt butonlardan İndir butonuna tıklanır

2021-11-23 09:45:49 - [MESSAGE][PASSED] - Alt butonlardan İndir butonuna tıklanır

2021-11-23 09:45:49 - [TEST_STEP][PASSED] - Ön eki Envelope olan dosya indirildi mi: Ön eki Envelope olan dosya indirildi mi

2021-11-23 09:45:49 - [MESSAGE][PASSED] - Ön eki Envelope olan dosya indirildi mi

2021-11-23 09:45:49 - [TEST_STEP][PASSED] - Butonlardan Excel isimli butona tıklanır: Butonlardan Excel isimli butona tıklanır

2021-11-23 09:45:49 - [MESSAGE][PASSED] - Butonlardan Excel isimli butona tıklanır

2021-11-23 09:45:49 - [TEST_STEP][PASSED] - Alt butonlardan Seçilenleri Excel'e Aktar butonuna tıklanır: Alt butonlardan Seçilenleri Excel'e Aktar butonuna tıklanır

2021-11-23 09:45:49 - [MESSAGE][PASSED] - Alt butonlardan Seçilenleri Excel'e Aktar butonuna tıklanır

2021-11-23 09:45:49 - [TEST_STEP][PASSED] - Popup mesajı Lütfen rapor bildiriminin gönderileceği e-posta adresini belirtiniz. içeriyor mu: Popup mesajı Lütfen rapor bildiriminin gönderileceği e-posta adresini belirtiniz. içeriyor mu

2021-11-23 09:45:49 - [MESSAGE][PASSED] - Popup mesajı Lütfen rapor bildiriminin gönderileceği e-posta adresini belirtiniz. içeriyor mu

2021-11-23 09:45:49 - [TEST_STEP][PASSED] - Popup email elogotest@gmail.com;ali.kara@logo.com.tr olarak girilir: Popup email elogotest@gmail.com;ali.kara@logo.com.tr olarak girilir

2021-11-23 09:45:49 - [MESSAGE][PASSED] - Popup email elogotest@gmail.com;ali.kara@logo.com.tr olarak girilir

2021-11-23 09:45:49 - [TEST_STEP][PASSED] - Yönetim popupında Gönder seçilir: Yönetim popupında Gönder seçilir

2021-11-23 09:45:49 - [MESSAGE][PASSED] - Yönetim popupında Gönder seçilir

2021-11-23 09:45:49 - [TEST_STEP][PASSED] - Popup mesajı Toplu Veri İndirme içeriyor mu: Popup mesajı Toplu Veri İndirme içeriyor mu

2021-11-23 09:45:49 - [MESSAGE][PASSED] - Popup mesajı Toplu Veri İndirme içeriyor mu

2021-11-23 09:45:49 - [TEST_STEP][PASSED] - Yönetim popupında Tamam seçilir: Yönetim popupında Tamam seçilir

2021-11-23 09:45:49 - [MESSAGE][PASSED] - Yönetim popupında Tamam seçilir

2021-11-23 09:45:49 - [TEST_STEP][PASSED] - Butonlardan Toplu İndirme isimli butona tıklanır: Butonlardan Toplu İndirme isimli butona tıklanır

2021-11-23 09:45:49 - [MESSAGE][PASSED] - Butonlardan Toplu İndirme isimli butona tıklanır

2021-11-23 09:45:49 - [TEST_STEP][PASSED] - Alt butonlardan UBL Seçilenleri İndir butonuna tıklanır: Alt butonlardan UBL Seçilenleri İndir butonuna tıklanır

2021-11-23 09:45:49 - [MESSAGE][PASSED] - Alt butonlardan UBL Seçilenleri İndir butonuna tıklanır

2021-11-23 09:45:49 - [TEST_STEP][PASSED] - Popup mesajı rapor bildiriminin gönderileceği e-posta adresini belirtiniz içeriyor mu: Popup mesajı rapor bildiriminin gönderileceği e-posta adresini belirtiniz içeriyor mu

2021-11-23 09:45:49 - [MESSAGE][PASSED] - Popup mesajı rapor bildiriminin gönderileceği e-posta adresini belirtiniz içeriyor mu

2021-11-23 09:45:49 - [TEST_STEP][PASSED] - Popup email elogotest@gmail.com;ali.kara@logo.com.tr olarak girilir: Popup email elogotest@gmail.com;ali.kara@logo.com.tr olarak girilir

2021-11-23 09:45:49 - [MESSAGE][PASSED] - Popup email elogotest@gmail.com;ali.kara@logo.com.tr olarak girilir

2021-11-23 09:45:49 - [TEST_STEP][PASSED] - Yönetim popupında Gönder seçilir: Yönetim popupında Gönder seçilir

2021-11-23 09:45:49 - [MESSAGE][PASSED] - Yönetim popupında Gönder seçilir

2021-11-23 09:45:49 - [TEST_STEP][PASSED] - Popup mesajı talebiniz işleme alınmıştır içeriyor mu: Popup mesajı talebiniz işleme alınmıştır içeriyor mu

2021-11-23 09:45:49 - [MESSAGE][PASSED] - Popup mesajı talebiniz işleme alınmıştır içeriyor mu

2021-11-23 09:45:49 - [TEST_STEP][PASSED] - Yönetim popupında Tamam seçilir: Yönetim popupında Tamam seçilir

2021-11-23 09:45:49 - [MESSAGE][PASSED] - Yönetim popupında Tamam seçilir

2021-11-23 09:45:49 - [TEST_STEP][PASSED] - Ana menüden Zarflar seçilir: Ana menüden Zarflar seçilir

2021-11-23 09:45:49 - [MESSAGE][PASSED] - Ana menüden Zarflar seçilir

2021-11-23 09:45:49 - [TEST_STEP][PASSED] - Alt menüden Gelen Zarflar seçilir: Alt menüden Gelen Zarflar seçilir

2021-11-23 09:45:49 - [MESSAGE][PASSED] - Alt menüden Gelen Zarflar seçilir

2021-11-23 09:45:49 - [TEST_STEP][PASSED] - Filtrelerden Belge Türü filtresine İrsaliye Yanıtı dropdowndan degeri seçilir: Filtrelerden Belge Türü filtresine İrsaliye Yanıtı dropdowndan degeri seçilir

2021-11-23 09:45:49 - [MESSAGE][PASSED] - Filtrelerden Belge Türü filtresine İrsaliye Yanıtı dropdowndan degeri seçilir

2021-11-23 09:45:49 - [TEST_STEP][PASSED] - Filtrelerden Oluşturma Tarihi filtresine 01.08.2020 baslangic degerini yaz: Filtrelerden Oluşturma Tarihi filtresine 01.08.2020 baslangic degerini yaz

2021-11-23 09:45:49 - [MESSAGE][PASSED] - Filtrelerden Oluşturma Tarihi filtresine 01.08.2020 baslangic degerini yaz

2021-11-23 09:45:49 - [TEST_STEP][PASSED] - Filtrelerden Oluşturma Tarihi filtresine 31.08.2020 bitis degerini yaz: Filtrelerden Oluşturma Tarihi filtresine 31.08.2020 bitis degerini yaz

2021-11-23 09:45:49 - [MESSAGE][PASSED] - Filtrelerden Oluşturma Tarihi filtresine 31.08.2020 bitis degerini yaz

2021-11-23 09:45:49 - [TEST_STEP][PASSED] - Filtre butonlarından Listele seçilir: Filtre butonlarından Listele seçilir

2021-11-23 09:45:49 - [MESSAGE][PASSED] - Filtre butonlarından Listele seçilir

2021-11-23 09:45:49 - [TEST_STEP][PASSED] - Tablodaki Logo Elektronik GIB Test isimli verinin İrsaliye Yanıtları adlı butonuna tıklanır: Tablodaki Logo Elektronik GIB Test isimli verinin İrsaliye Yanıtları adlı butonuna tıklanır

2021-11-23 09:45:49 - [MESSAGE][PASSED] - Tablodaki Logo Elektronik GIB Test isimli verinin İrsaliye Yanıtları adlı butonuna tıklanır

2021-11-23 09:45:49 - [TEST_STEP][PASSED] - Yeni açılan sekmeye geçilir: Yeni açılan sekmeye geçilir

2021-11-23 09:45:49 - [MESSAGE][PASSED] - Yeni açılan sekmeye geçilir

2021-11-23 09:45:49 - [TEST_STEP][PASSED] - Tabloda veri var mı kontrol edilir: Tabloda veri var mı kontrol edilir

2021-11-23 09:45:49 - [MESSAGE][PASSED] - Tabloda veri var mı kontrol edilir

2021-11-23 09:45:49 - [TEST_STEP][PASSED] - Ana sekmeye geçilir: Ana sekmeye geçilir

2021-11-23 09:45:49 - [MESSAGE][PASSED] - Ana sekmeye geçilir

2021-11-23 09:45:49 - [TEST_STEP][PASSED] - Tabloda veri var mı kontrol edilir: Tabloda veri var mı kontrol edilir

2021-11-23 09:45:49 - [MESSAGE][PASSED] - Tabloda veri var mı kontrol edilir

2021-11-23 09:45:49 - [TEST_STEP][PASSED] - Tablodan Logo Elektronik GIB Test isimli veri seçilir: Tablodan Logo Elektronik GIB Test isimli veri seçilir

2021-11-23 09:45:49 - [MESSAGE][PASSED] - Tablodan Logo Elektronik GIB Test isimli veri seçilir

2021-11-23 09:45:49 - [TEST_STEP][PASSED] - Butonlardan UBL isimli butona tıklanır: Butonlardan UBL isimli butona tıklanır

2021-11-23 09:45:49 - [MESSAGE][PASSED] - Butonlardan UBL isimli butona tıklanır

2021-11-23 09:45:49 - [TEST_STEP][PASSED] - Yeni açılan sekmeye geçilir: Yeni açılan sekmeye geçilir

2021-11-23 09:45:49 - [MESSAGE][PASSED] - Yeni açılan sekmeye geçilir

2021-11-23 09:45:49 - [TEST_STEP][PASSED] - StandardBusinessDocument tagli ubl geldi mi: StandardBusinessDocument tagli ubl geldi mi

2021-11-23 09:45:49 - [MESSAGE][PASSED] - StandardBusinessDocument tagli ubl geldi mi

2021-11-23 09:45:49 - [TEST_STEP][PASSED] - Ana sekmeye geçilir: Ana sekmeye geçilir

2021-11-23 09:45:49 - [MESSAGE][PASSED] - Ana sekmeye geçilir

2021-11-23 09:45:49 - [TEST_STEP][PASSED] - Butonlardan İndir isimli butona tıklanır: Butonlardan İndir isimli butona tıklanır

2021-11-23 09:45:49 - [MESSAGE][PASSED] - Butonlardan İndir isimli butona tıklanır

2021-11-23 09:45:49 - [TEST_STEP][PASSED] - Alt butonlardan İndir butonuna tıklanır: Alt butonlardan İndir butonuna tıklanır

2021-11-23 09:45:49 - [MESSAGE][PASSED] - Alt butonlardan İndir butonuna tıklanır

2021-11-23 09:45:49 - [TEST_STEP][PASSED] - Ön eki Envelope olan dosya indirildi mi: Ön eki Envelope olan dosya indirildi mi

2021-11-23 09:45:49 - [MESSAGE][PASSED] - Ön eki Envelope olan dosya indirildi mi

2021-11-23 09:45:49 - [TEST_STEP][PASSED] - Butonlardan Excel isimli butona tıklanır: Butonlardan Excel isimli butona tıklanır

2021-11-23 09:45:49 - [MESSAGE][PASSED] - Butonlardan Excel isimli butona tıklanır

2021-11-23 09:45:49 - [TEST_STEP][PASSED] - Alt butonlardan Seçilenleri Excel'e Aktar butonuna tıklanır: Alt butonlardan Seçilenleri Excel'e Aktar butonuna tıklanır

2021-11-23 09:45:49 - [MESSAGE][PASSED] - Alt butonlardan Seçilenleri Excel'e Aktar butonuna tıklanır

2021-11-23 09:45:49 - [TEST_STEP][PASSED] - Popup mesajı Lütfen rapor bildiriminin gönderileceği e-posta adresini belirtiniz. içeriyor mu: Popup mesajı Lütfen rapor bildiriminin gönderileceği e-posta adresini belirtiniz. içeriyor mu

2021-11-23 09:45:49 - [MESSAGE][PASSED] - Popup mesajı Lütfen rapor bildiriminin gönderileceği e-posta adresini belirtiniz. içeriyor mu

2021-11-23 09:45:49 - [TEST_STEP][PASSED] - Popup email elogotest@gmail.com;ali.kara@logo.com.tr olarak girilir: Popup email elogotest@gmail.com;ali.kara@logo.com.tr olarak girilir

2021-11-23 09:45:49 - [MESSAGE][PASSED] - Popup email elogotest@gmail.com;ali.kara@logo.com.tr olarak girilir

2021-11-23 09:45:49 - [TEST_STEP][PASSED] - Yönetim popupında Gönder seçilir: Yönetim popupında Gönder seçilir

2021-11-23 09:45:49 - [MESSAGE][PASSED] - Yönetim popupında Gönder seçilir

2021-11-23 09:45:49 - [TEST_STEP][PASSED] - Popup mesajı Toplu Veri İndirme içeriyor mu: Popup mesajı Toplu Veri İndirme içeriyor mu

2021-11-23 09:45:49 - [MESSAGE][PASSED] - Popup mesajı Toplu Veri İndirme içeriyor mu

2021-11-23 09:45:49 - [TEST_STEP][PASSED] - Yönetim popupında Tamam seçilir: Yönetim popupında Tamam seçilir

2021-11-23 09:45:49 - [MESSAGE][PASSED] - Yönetim popupında Tamam seçilir

2021-11-23 09:45:49 - [TEST_STEP][PASSED] - Butonlardan Toplu İndirme isimli butona tıklanır: Butonlardan Toplu İndirme isimli butona tıklanır

2021-11-23 09:45:49 - [MESSAGE][PASSED] - Butonlardan Toplu İndirme isimli butona tıklanır

2021-11-23 09:45:49 - [TEST_STEP][PASSED] - Alt butonlardan UBL Seçilenleri İndir butonuna tıklanır: Alt butonlardan UBL Seçilenleri İndir butonuna tıklanır

2021-11-23 09:45:49 - [MESSAGE][PASSED] - Alt butonlardan UBL Seçilenleri İndir butonuna tıklanır

2021-11-23 09:45:49 - [TEST_STEP][PASSED] - Popup mesajı rapor bildiriminin gönderileceği e-posta adresini belirtiniz içeriyor mu: Popup mesajı rapor bildiriminin gönderileceği e-posta adresini belirtiniz içeriyor mu

2021-11-23 09:45:49 - [MESSAGE][PASSED] - Popup mesajı rapor bildiriminin gönderileceği e-posta adresini belirtiniz içeriyor mu

2021-11-23 09:45:49 - [TEST_STEP][PASSED] - Popup email elogotest@gmail.com;ali.kara@logo.com.tr olarak girilir: Popup email elogotest@gmail.com;ali.kara@logo.com.tr olarak girilir

2021-11-23 09:45:49 - [MESSAGE][PASSED] - Popup email elogotest@gmail.com;ali.kara@logo.com.tr olarak girilir

2021-11-23 09:45:49 - [TEST_STEP][PASSED] - Yönetim popupında Gönder seçilir: Yönetim popupında Gönder seçilir

2021-11-23 09:45:49 - [MESSAGE][PASSED] - Yönetim popupında Gönder seçilir

2021-11-23 09:45:49 - [TEST_STEP][PASSED] - Popup mesajı talebiniz işleme alınmıştır içeriyor mu: Popup mesajı talebiniz işleme alınmıştır içeriyor mu

2021-11-23 09:45:49 - [MESSAGE][PASSED] - Popup mesajı talebiniz işleme alınmıştır içeriyor mu

2021-11-23 09:45:49 - [TEST_STEP][PASSED] - Yönetim popupında Tamam seçilir: Yönetim popupında Tamam seçilir

2021-11-23 09:45:49 - [MESSAGE][PASSED] - Yönetim popupında Tamam seçilir

2021-11-23 09:45:49 - [TEST_STEP][PASSED] - Kullanıcı işlemlerinden Çıkış seçilir: Kullanıcı işlemlerinden Çıkış seçilir

2021-11-23 09:45:49 - [MESSAGE][PASSED] - Kullanıcı işlemlerinden Çıkış seçilir

2021-11-23 09:45:49 - [MESSAGE][PASSED] - Feature file: 'Include/features/Zarflar/Gelen Zarflar/Tablodaki Verinin Butonlari.feature' was passed

2021-11-23 09:45:49 - [TEST_STEP][PASSED] - Start listener action : sampleAfterTestSuite: Invoke 'com.kms.katalon.core.annotation.AfterTestCase' method: 'Listener.sampleAfterTestSuite(...)' completed.

2021-11-23 09:45:49 - [MESSAGE][INFO] - Starting invoke 'com.kms.katalon.core.annotation.AfterTestCase' method: 'Listener.sampleAfterTestSuite(...)'

2021-11-23 09:45:49 - [TEST_STEP][PASSED] - closeBrowser(): Invoke 'com.kms.katalon.core.annotation.AfterTestCase' method: 'Listener.sampleAfterTestSuite(...)' completed.

2021-11-23 09:45:49 - [MESSAGE][INFO] - Closing browser

2021-11-23 09:45:50 - [MESSAGE][PASSED] - Browser is closed

2021-11-23 09:45:50 - [MESSAGE][INFO] - Invoke 'com.kms.katalon.core.annotation.AfterTestCase' method: 'Listener.sampleAfterTestSuite(...)' completed.]]></system-out>
         <system-err><![CDATA[]]></system-err>
      </testcase>
      <testcase name="Test Cases/Case Repository/Zarflar/Gelen Zarflar/UBL-Goster" time="51.266" classname="Test Cases/Case Repository/Zarflar/Gelen Zarflar/UBL-Goster" status="PASSED">
         <system-out><![CDATA[2021-11-23 09:45:50 - [TEST_CASE][PASSED] - Test Cases/Case Repository/Zarflar/Gelen Zarflar/UBL-Goster: Test Cases/Case Repository/Zarflar/Gelen Zarflar/UBL-Goster

2021-11-23 09:45:50 - [TEST_STEP][PASSED] - Start listener action : sampleBeforeTestSuite: Invoke 'com.kms.katalon.core.annotation.BeforeTestCase' method: 'Listener.sampleBeforeTestSuite(...)' completed.

2021-11-23 09:45:50 - [MESSAGE][INFO] - Starting invoke 'com.kms.katalon.core.annotation.BeforeTestCase' method: 'Listener.sampleBeforeTestSuite(...)'

2021-11-23 09:45:50 - [TEST_STEP][PASSED] - openBrowser(baseUrl): Browser is opened with url: 'https://efatura-stage.elogo.com.tr/'

2021-11-23 09:45:50 - [MESSAGE][INFO] - Opening browser

2021-11-23 09:45:50 - [MESSAGE][INFO] - Starting 'Chrome' driver

2021-11-23 09:45:50 - [MESSAGE][INFO] - User set preference: ['prefs', '{download.default_directory=C:\otomasyondownfiles}']

2021-11-23 09:45:50 - [MESSAGE][INFO] - Action delay is set to 0 milliseconds

2021-11-23 09:45:51 - [MESSAGE][INFO] - Navigating browser to: 'https://efatura-stage.elogo.com.tr/'

2021-11-23 09:46:02 - [MESSAGE][PASSED] - Browser is opened with url: 'https://efatura-stage.elogo.com.tr/'

2021-11-23 09:46:02 - [TEST_STEP][PASSED] - maximizeWindow(): Invoke 'com.kms.katalon.core.annotation.BeforeTestCase' method: 'Listener.sampleBeforeTestSuite(...)' completed.

2021-11-23 09:46:02 - [MESSAGE][INFO] - Maximizing current window

2021-11-23 09:46:02 - [MESSAGE][PASSED] - Current window maximized

2021-11-23 09:46:02 - [MESSAGE][INFO] - Invoke 'com.kms.katalon.core.annotation.BeforeTestCase' method: 'Listener.sampleBeforeTestSuite(...)' completed.

2021-11-23 09:46:03 - [TEST_STEP][PASSED] - runFeatureFile("Include/features/Zarflar/Gelen Zarflar/UBL-Goster.feature"): Feature file: 'Include/features/Zarflar/Gelen Zarflar/UBL-Goster.feature' was passed

2021-11-23 09:46:03 - [MESSAGE][INFO] - Starting run keyword runFeatureFile: 'Include/features/Zarflar/Gelen Zarflar/UBL-Goster.feature' and extract report to folder: 'C:\Users\DELL\Documents\GitHub\EES_KatalonLogo\Reports\20211123_091110\Suite Repository\Zarflar\20211123_091159/cucumber_report/1637649963372'...

2021-11-23 09:46:03 - [MESSAGE][INFO] - Glue: []

2021-11-23 09:46:05 - [MESSAGE][INFO] - Checking called Test Case

2021-11-23 09:46:05 - [MESSAGE][INFO] - Starting to call Test Case 'Test Cases/Sayfalar/Giris_Sayfasi/Login'

2021-11-23 09:46:05 - [TEST_CASE][PASSED] - Test Cases/Sayfalar/Giris_Sayfasi/Login: Test Cases/Sayfalar/Giris_Sayfasi/Login

2021-11-23 09:46:05 - [TEST_STEP][PASSED] - Sayfa_Basligi = getWindowTitle(): Current window's title is: 'LOGO e-Fatura'

2021-11-23 09:46:05 - [MESSAGE][INFO] - Getting current window's title

2021-11-23 09:46:05 - [MESSAGE][PASSED] - Current window's title is: 'LOGO e-Fatura'

2021-11-23 09:46:05 - [TEST_STEP][PASSED] - verifyMatch(Sayfa_Basligi, "LOGO e-Fatura", false): Actual text 'LOGO e-Fatura' and expected text 'LOGO e-Fatura' are matched 

2021-11-23 09:46:05 - [MESSAGE][INFO] - Matching actual text 'LOGO e-Fatura' with expected text 'LOGO e-Fatura'

2021-11-23 09:46:05 - [MESSAGE][PASSED] - Actual text 'LOGO e-Fatura' and expected text 'LOGO e-Fatura' are matched 

2021-11-23 09:46:05 - [TEST_STEP][PASSED] - sendKeys(findTestObject("Sayfalar/Giris_Sayfasi/Firma_Kodu"), KullaniciAdi): Keys 'ELOGO6' sent to object: 'Object Repository/Sayfalar/Giris_Sayfasi/Firma_Kodu'

2021-11-23 09:46:05 - [MESSAGE][INFO] - Finding Test Object 'Object Repository/Sayfalar/Giris_Sayfasi/Firma_Kodu'

2021-11-23 09:46:05 - [MESSAGE][INFO] - Sending keys 'ELOGO6' to object: 'Object Repository/Sayfalar/Giris_Sayfasi/Firma_Kodu'

2021-11-23 09:46:05 - [MESSAGE][INFO] - Finding web element from Test Object's properties

2021-11-23 09:46:05 - [MESSAGE][INFO] - Checking timeout

2021-11-23 09:46:05 - [MESSAGE][INFO] - Finding web element with id: 'Object Repository/Sayfalar/Giris_Sayfasi/Firma_Kodu' located by 'By.xpath: //*[@id = 'AccountName']' in '30' second(s)

2021-11-23 09:46:05 - [MESSAGE][INFO] - Smart Wait Function is triggered

2021-11-23 09:46:05 - [MESSAGE][INFO] - Found 1 web elements with id: 'Object Repository/Sayfalar/Giris_Sayfasi/Firma_Kodu' located by 'By.xpath: //*[@id = 'AccountName']' in '30' second(s)

2021-11-23 09:46:05 - [MESSAGE][PASSED] - Keys 'ELOGO6' sent to object: 'Object Repository/Sayfalar/Giris_Sayfasi/Firma_Kodu'

2021-11-23 09:46:05 - [TEST_STEP][PASSED] - sendKeys(findTestObject("Sayfalar/Giris_Sayfasi/Sifre"), Sifre): Keys '123456' sent to object: 'Object Repository/Sayfalar/Giris_Sayfasi/Sifre'

2021-11-23 09:46:05 - [MESSAGE][INFO] - Finding Test Object 'Object Repository/Sayfalar/Giris_Sayfasi/Sifre'

2021-11-23 09:46:05 - [MESSAGE][INFO] - Sending keys '123456' to object: 'Object Repository/Sayfalar/Giris_Sayfasi/Sifre'

2021-11-23 09:46:05 - [MESSAGE][INFO] - Finding web element from Test Object's properties

2021-11-23 09:46:05 - [MESSAGE][INFO] - Checking timeout

2021-11-23 09:46:05 - [MESSAGE][INFO] - Finding web element with id: 'Object Repository/Sayfalar/Giris_Sayfasi/Sifre' located by 'By.xpath: //*[@id = 'Password']' in '30' second(s)

2021-11-23 09:46:05 - [MESSAGE][INFO] - Smart Wait Function is triggered

2021-11-23 09:46:05 - [MESSAGE][INFO] - Found 1 web elements with id: 'Object Repository/Sayfalar/Giris_Sayfasi/Sifre' located by 'By.xpath: //*[@id = 'Password']' in '30' second(s)

2021-11-23 09:46:05 - [MESSAGE][PASSED] - Keys '123456' sent to object: 'Object Repository/Sayfalar/Giris_Sayfasi/Sifre'

2021-11-23 09:46:05 - [TEST_STEP][PASSED] - findWebElement(findTestObject("Sayfalar/Giris_Sayfasi/Giris_Butonu")).click(): Found 1 web elements with id: 'Object Repository/Sayfalar/Giris_Sayfasi/Giris_Butonu' located by 'By.cssSelector: #btnLogin' in '30' second(s)

2021-11-23 09:46:05 - [MESSAGE][INFO] - Finding Test Object 'Object Repository/Sayfalar/Giris_Sayfasi/Giris_Butonu'

2021-11-23 09:46:06 - [MESSAGE][INFO] - Finding web element from Test Object's properties

2021-11-23 09:46:06 - [MESSAGE][INFO] - Checking timeout

2021-11-23 09:46:06 - [MESSAGE][INFO] - Finding web element with id: 'Object Repository/Sayfalar/Giris_Sayfasi/Giris_Butonu' located by 'By.cssSelector: #btnLogin' in '30' second(s)

2021-11-23 09:46:06 - [MESSAGE][INFO] - Smart Wait Function is triggered

2021-11-23 09:46:06 - [MESSAGE][INFO] - Found 1 web elements with id: 'Object Repository/Sayfalar/Giris_Sayfasi/Giris_Butonu' located by 'By.cssSelector: #btnLogin' in '30' second(s)

2021-11-23 09:46:09 - [TEST_STEP][PASSED] - if (verifyElementPresent(findTestObject("Object Repository/Sayfalar/Giris_Sayfasi/RetveTamam_Butonu"), 5, OPTIONAL)): null

2021-11-23 09:46:09 - [MESSAGE][INFO] - Finding Test Object 'Object Repository/Sayfalar/Giris_Sayfasi/RetveTamam_Butonu'

2021-11-23 09:46:09 - [MESSAGE][INFO] - Checking object

2021-11-23 09:46:09 - [MESSAGE][INFO] - Finding web element from Test Object's properties

2021-11-23 09:46:09 - [MESSAGE][INFO] - Checking timeout

2021-11-23 09:46:09 - [MESSAGE][INFO] - Finding web element with id: 'Object Repository/Sayfalar/Giris_Sayfasi/RetveTamam_Butonu' located by 'By.xpath: //*[@class = 'btn btn-default']' in '5' second(s)

2021-11-23 09:46:09 - [MESSAGE][INFO] - Smart Wait Function is triggered

2021-11-23 09:46:09 - [MESSAGE][INFO] - Found 1 web elements with id: 'Object Repository/Sayfalar/Giris_Sayfasi/RetveTamam_Butonu' located by 'By.xpath: //*[@class = 'btn btn-default']' in '5' second(s)

2021-11-23 09:46:09 - [MESSAGE][PASSED] - Object 'Object Repository/Sayfalar/Giris_Sayfasi/RetveTamam_Butonu' is present

2021-11-23 09:46:09 - [TEST_STEP][PASSED] - click(findTestObject("Object Repository/Sayfalar/Giris_Sayfasi/RetveTamam_Butonu")): Object: 'Object Repository/Sayfalar/Giris_Sayfasi/RetveTamam_Butonu' is clicked on

2021-11-23 09:46:09 - [MESSAGE][INFO] - Finding Test Object 'Object Repository/Sayfalar/Giris_Sayfasi/RetveTamam_Butonu'

2021-11-23 09:46:09 - [MESSAGE][INFO] - Checking object

2021-11-23 09:46:09 - [MESSAGE][INFO] - Finding web element from Test Object's properties

2021-11-23 09:46:09 - [MESSAGE][INFO] - Checking timeout

2021-11-23 09:46:09 - [MESSAGE][INFO] - Finding web element with id: 'Object Repository/Sayfalar/Giris_Sayfasi/RetveTamam_Butonu' located by 'By.xpath: //*[@class = 'btn btn-default']' in '30' second(s)

2021-11-23 09:46:09 - [MESSAGE][INFO] - Smart Wait Function is triggered

2021-11-23 09:46:09 - [MESSAGE][INFO] - Found 1 web elements with id: 'Object Repository/Sayfalar/Giris_Sayfasi/RetveTamam_Butonu' located by 'By.xpath: //*[@class = 'btn btn-default']' in '30' second(s)

2021-11-23 09:46:09 - [MESSAGE][INFO] - Clicking on object: 'Object Repository/Sayfalar/Giris_Sayfasi/RetveTamam_Butonu'

2021-11-23 09:46:09 - [MESSAGE][PASSED] - Object: 'Object Repository/Sayfalar/Giris_Sayfasi/RetveTamam_Butonu' is clicked on

2021-11-23 09:46:09 - [TEST_STEP][PASSED] - click(findTestObject("Object Repository/Sayfalar/Giris_Sayfasi/RetveTamam_Butonu")): Object: 'Object Repository/Sayfalar/Giris_Sayfasi/RetveTamam_Butonu' is clicked on

2021-11-23 09:46:09 - [MESSAGE][INFO] - Finding Test Object 'Object Repository/Sayfalar/Giris_Sayfasi/RetveTamam_Butonu'

2021-11-23 09:46:09 - [MESSAGE][INFO] - Checking object

2021-11-23 09:46:09 - [MESSAGE][INFO] - Finding web element from Test Object's properties

2021-11-23 09:46:09 - [MESSAGE][INFO] - Checking timeout

2021-11-23 09:46:09 - [MESSAGE][INFO] - Finding web element with id: 'Object Repository/Sayfalar/Giris_Sayfasi/RetveTamam_Butonu' located by 'By.xpath: //*[@class = 'btn btn-default']' in '30' second(s)

2021-11-23 09:46:09 - [MESSAGE][INFO] - Smart Wait Function is triggered

2021-11-23 09:46:15 - [MESSAGE][INFO] - Found 1 web elements with id: 'Object Repository/Sayfalar/Giris_Sayfasi/RetveTamam_Butonu' located by 'By.xpath: //*[@class = 'btn btn-default']' in '30' second(s)

2021-11-23 09:46:15 - [MESSAGE][INFO] - Clicking on object: 'Object Repository/Sayfalar/Giris_Sayfasi/RetveTamam_Butonu'

2021-11-23 09:46:15 - [MESSAGE][PASSED] - Object: 'Object Repository/Sayfalar/Giris_Sayfasi/RetveTamam_Butonu' is clicked on

2021-11-23 09:46:15 - [TEST_STEP][PASSED] - if (verifyElementPresent(findTestObject("Sayfalar/Giris_Sayfasi/PopupOK"), 5, OPTIONAL)): null

2021-11-23 09:46:15 - [MESSAGE][INFO] - Finding Test Object 'Object Repository/Sayfalar/Giris_Sayfasi/PopupOK'

2021-11-23 09:46:15 - [MESSAGE][INFO] - Checking object

2021-11-23 09:46:15 - [MESSAGE][INFO] - Finding web element from Test Object's properties

2021-11-23 09:46:15 - [MESSAGE][INFO] - Checking timeout

2021-11-23 09:46:15 - [MESSAGE][INFO] - Finding web element with id: 'Object Repository/Sayfalar/Giris_Sayfasi/PopupOK' located by 'By.cssSelector: .btn.btn-success' in '5' second(s)

2021-11-23 09:46:15 - [MESSAGE][INFO] - Smart Wait Function is triggered

2021-11-23 09:46:16 - [MESSAGE][INFO] - Found 1 web elements with id: 'Object Repository/Sayfalar/Giris_Sayfasi/PopupOK' located by 'By.cssSelector: .btn.btn-success' in '5' second(s)

2021-11-23 09:46:16 - [MESSAGE][PASSED] - Object 'Object Repository/Sayfalar/Giris_Sayfasi/PopupOK' is present

2021-11-23 09:46:16 - [TEST_STEP][PASSED] - click(findTestObject("Object Repository/Sayfalar/Giris_Sayfasi/PopupCarpiGiris")): Object: 'Object Repository/Sayfalar/Giris_Sayfasi/PopupCarpiGiris' is clicked on

2021-11-23 09:46:16 - [MESSAGE][INFO] - Finding Test Object 'Object Repository/Sayfalar/Giris_Sayfasi/PopupCarpiGiris'

2021-11-23 09:46:16 - [MESSAGE][INFO] - Checking object

2021-11-23 09:46:16 - [MESSAGE][INFO] - Finding web element from Test Object's properties

2021-11-23 09:46:16 - [MESSAGE][INFO] - Checking timeout

2021-11-23 09:46:16 - [MESSAGE][INFO] - Finding web element with id: 'Object Repository/Sayfalar/Giris_Sayfasi/PopupCarpiGiris' located by 'By.cssSelector: .bootbox-close-button.close' in '30' second(s)

2021-11-23 09:46:16 - [MESSAGE][INFO] - Smart Wait Function is triggered

2021-11-23 09:46:16 - [MESSAGE][INFO] - Found 1 web elements with id: 'Object Repository/Sayfalar/Giris_Sayfasi/PopupCarpiGiris' located by 'By.cssSelector: .bootbox-close-button.close' in '30' second(s)

2021-11-23 09:46:16 - [MESSAGE][INFO] - Clicking on object: 'Object Repository/Sayfalar/Giris_Sayfasi/PopupCarpiGiris'

2021-11-23 09:46:16 - [MESSAGE][PASSED] - Object: 'Object Repository/Sayfalar/Giris_Sayfasi/PopupCarpiGiris' is clicked on

2021-11-23 09:46:16 - [TEST_STEP][PASSED] - verifyElementVisible(findTestObject("Object Repository/Kullanici_Islemleri/KullaniciIslemleri")): Object 'Object Repository/Kullanici_Islemleri/KullaniciIslemleri' is visible

2021-11-23 09:46:16 - [MESSAGE][INFO] - Finding Test Object 'Object Repository/Kullanici_Islemleri/KullaniciIslemleri'

2021-11-23 09:46:16 - [MESSAGE][INFO] - Checking object

2021-11-23 09:46:16 - [MESSAGE][INFO] - Finding web element from Test Object's properties

2021-11-23 09:46:16 - [MESSAGE][INFO] - Checking timeout

2021-11-23 09:46:16 - [MESSAGE][INFO] - Finding web element with id: 'Object Repository/Kullanici_Islemleri/KullaniciIslemleri' located by 'By.cssSelector: .dropdown>a>img' in '30' second(s)

2021-11-23 09:46:16 - [MESSAGE][INFO] - Smart Wait Function is triggered

2021-11-23 09:46:17 - [MESSAGE][INFO] - Found 1 web elements with id: 'Object Repository/Kullanici_Islemleri/KullaniciIslemleri' located by 'By.cssSelector: .dropdown>a>img' in '30' second(s)

2021-11-23 09:46:17 - [MESSAGE][PASSED] - Object 'Object Repository/Kullanici_Islemleri/KullaniciIslemleri' is visible

2021-11-23 09:46:17 - [MESSAGE][PASSED] - Call Test Case 'Test Cases/Sayfalar/Giris_Sayfasi/Login' successfully

2021-11-23 09:46:17 - [MESSAGE][INFO] - Checking called Test Case

2021-11-23 09:46:17 - [MESSAGE][INFO] - Starting to call Test Case 'Test Cases/Menu/AnaMenuSecimi'

2021-11-23 09:46:17 - [TEST_CASE][PASSED] - Test Cases/Menu/AnaMenuSecimi: Test Cases/Menu/AnaMenuSecimi

2021-11-23 09:46:17 - [TEST_STEP][PASSED] - Method.TextDegerineEsitElementeTikla(findTestObject("Menu/Ana_Menu"), Ana_Menu): Method.TextDegerineEsitElementeTikla is PASSED

2021-11-23 09:46:17 - [MESSAGE][INFO] - Finding Test Object 'Object Repository/Menu/Ana_Menu'

2021-11-23 09:46:17 - [MESSAGE][INFO] - Checking timeout

2021-11-23 09:46:17 - [MESSAGE][INFO] - Finding web element with id: 'Object Repository/Menu/Ana_Menu' located by 'By.xpath: //*[@class = 'dropdown-toggle']' in '10' second(s)

2021-11-23 09:46:17 - [MESSAGE][INFO] - Smart Wait Function is triggered

2021-11-23 09:46:17 - [MESSAGE][INFO] - Found 14 web elements with id: 'Object Repository/Menu/Ana_Menu' located by 'By.xpath: //*[@class = 'dropdown-toggle']' in '10' second(s)

2021-11-23 09:46:18 - [MESSAGE][PASSED] - Method.TextDegerineEsitElementeTikla is PASSED

2021-11-23 09:46:18 - [MESSAGE][PASSED] - Call Test Case 'Test Cases/Menu/AnaMenuSecimi' successfully

2021-11-23 09:46:18 - [MESSAGE][INFO] - Checking called Test Case

2021-11-23 09:46:18 - [MESSAGE][INFO] - Starting to call Test Case 'Test Cases/Menu/AltMenuSecimi'

2021-11-23 09:46:18 - [TEST_CASE][PASSED] - Test Cases/Menu/AltMenuSecimi: Test Cases/Menu/AltMenuSecimi

2021-11-23 09:46:18 - [TEST_STEP][PASSED] - Method.TextDegerineEsitElementeTikla(findTestObject("Menu/Alt_Menu"), Alt_Menu): Method.TextDegerineEsitElementeTikla is PASSED

2021-11-23 09:46:18 - [MESSAGE][INFO] - Finding Test Object 'Object Repository/Menu/Alt_Menu'

2021-11-23 09:46:18 - [MESSAGE][INFO] - Checking timeout

2021-11-23 09:46:18 - [MESSAGE][INFO] - Finding web element with id: 'Object Repository/Menu/Alt_Menu' located by 'By.xpath: //li[@class='dropdown dropdown-large open']//li[@class='dropdown-element']' in '10' second(s)

2021-11-23 09:46:18 - [MESSAGE][INFO] - Smart Wait Function is triggered

2021-11-23 09:46:18 - [MESSAGE][INFO] - Found 2 web elements with id: 'Object Repository/Menu/Alt_Menu' located by 'By.xpath: //li[@class='dropdown dropdown-large open']//li[@class='dropdown-element']' in '10' second(s)

2021-11-23 09:46:25 - [MESSAGE][PASSED] - Method.TextDegerineEsitElementeTikla is PASSED

2021-11-23 09:46:25 - [MESSAGE][PASSED] - Call Test Case 'Test Cases/Menu/AltMenuSecimi' successfully

2021-11-23 09:46:25 - [MESSAGE][INFO] - Checking called Test Case

2021-11-23 09:46:25 - [MESSAGE][INFO] - Starting to call Test Case 'Test Cases/Filtreler/BaslangicYaz'

2021-11-23 09:46:25 - [TEST_CASE][PASSED] - Test Cases/Filtreler/BaslangicYaz: Test Cases/Filtreler/BaslangicYaz

2021-11-23 09:46:25 - [TEST_STEP][PASSED] - delay(3): Delayed 3 second(s)

2021-11-23 09:46:25 - [MESSAGE][INFO] - Delaying browser in 3 second(s)

2021-11-23 09:46:28 - [MESSAGE][PASSED] - Delayed 3 second(s)

2021-11-23 09:46:28 - [TEST_STEP][PASSED] - Method.TextDegerineEsitElementinAltindakineTikla(findTestObject("Filtreler/Basliklar"), findTestObject("Filtreler/Basliga_Gore_Baslangic_Image"), Filtre_Adi): Method.TextDegerineEsitElementinAltindakineTikla is PASSED

2021-11-23 09:46:28 - [MESSAGE][INFO] - Finding Test Object 'Object Repository/Filtreler/Basliklar'

2021-11-23 09:46:28 - [MESSAGE][INFO] - Finding Test Object 'Object Repository/Filtreler/Basliga_Gore_Baslangic_Image'

2021-11-23 09:46:28 - [MESSAGE][INFO] - Checking timeout

2021-11-23 09:46:28 - [MESSAGE][INFO] - Finding web element with id: 'Object Repository/Filtreler/Basliklar' located by 'By.cssSelector: .control-label.col-sm-4.paddingMarginRLC' in '10' second(s)

2021-11-23 09:46:28 - [MESSAGE][INFO] - Smart Wait Function is triggered

2021-11-23 09:46:28 - [MESSAGE][INFO] - Found 8 web elements with id: 'Object Repository/Filtreler/Basliklar' located by 'By.cssSelector: .control-label.col-sm-4.paddingMarginRLC' in '10' second(s)

2021-11-23 09:46:28 - [MESSAGE][INFO] - Smart Wait Function is triggered

2021-11-23 09:46:29 - [MESSAGE][PASSED] - Method.TextDegerineEsitElementinAltindakineTikla is PASSED

2021-11-23 09:46:29 - [TEST_STEP][PASSED] - Method.TextDegerineEsitElementinAltindakiTextboxtaYaz(findTestObject("Filtreler/Basliklar"), findTestObject("Filtreler/Basliga_Gore_Baslangic"), Filtre_Adi, Filtre_Degeri): Method.TextDegerineEsitElementinAltindakiTextboxtaYaz is PASSED

2021-11-23 09:46:29 - [MESSAGE][INFO] - Finding Test Object 'Object Repository/Filtreler/Basliklar'

2021-11-23 09:46:29 - [MESSAGE][INFO] - Finding Test Object 'Object Repository/Filtreler/Basliga_Gore_Baslangic'

2021-11-23 09:46:29 - [MESSAGE][INFO] - Checking timeout

2021-11-23 09:46:29 - [MESSAGE][INFO] - Finding web element with id: 'Object Repository/Filtreler/Basliklar' located by 'By.cssSelector: .control-label.col-sm-4.paddingMarginRLC' in '10' second(s)

2021-11-23 09:46:29 - [MESSAGE][INFO] - Smart Wait Function is triggered

2021-11-23 09:46:29 - [MESSAGE][INFO] - Found 8 web elements with id: 'Object Repository/Filtreler/Basliklar' located by 'By.cssSelector: .control-label.col-sm-4.paddingMarginRLC' in '10' second(s)

2021-11-23 09:46:29 - [MESSAGE][INFO] - Smart Wait Function is triggered

2021-11-23 09:46:30 - [MESSAGE][PASSED] - Method.TextDegerineEsitElementinAltindakiTextboxtaYaz is PASSED

2021-11-23 09:46:30 - [MESSAGE][PASSED] - Call Test Case 'Test Cases/Filtreler/BaslangicYaz' successfully

2021-11-23 09:46:30 - [MESSAGE][INFO] - Checking called Test Case

2021-11-23 09:46:30 - [MESSAGE][INFO] - Starting to call Test Case 'Test Cases/Filtreler/BitisYaz'

2021-11-23 09:46:30 - [TEST_CASE][PASSED] - Test Cases/Filtreler/BitisYaz: Test Cases/Filtreler/BitisYaz

2021-11-23 09:46:30 - [TEST_STEP][PASSED] - Method.TextDegerineEsitElementinAltindakineTikla(findTestObject("Filtreler/Basliklar"), findTestObject("Filtreler/Basliga_Gore_Bitis_Image"), Filtre_Adi): Method.TextDegerineEsitElementinAltindakineTikla is PASSED

2021-11-23 09:46:30 - [MESSAGE][INFO] - Finding Test Object 'Object Repository/Filtreler/Basliklar'

2021-11-23 09:46:30 - [MESSAGE][INFO] - Finding Test Object 'Object Repository/Filtreler/Basliga_Gore_Bitis_Image'

2021-11-23 09:46:30 - [MESSAGE][INFO] - Checking timeout

2021-11-23 09:46:30 - [MESSAGE][INFO] - Finding web element with id: 'Object Repository/Filtreler/Basliklar' located by 'By.cssSelector: .control-label.col-sm-4.paddingMarginRLC' in '10' second(s)

2021-11-23 09:46:30 - [MESSAGE][INFO] - Smart Wait Function is triggered

2021-11-23 09:46:30 - [MESSAGE][INFO] - Found 8 web elements with id: 'Object Repository/Filtreler/Basliklar' located by 'By.cssSelector: .control-label.col-sm-4.paddingMarginRLC' in '10' second(s)

2021-11-23 09:46:30 - [MESSAGE][INFO] - Smart Wait Function is triggered

2021-11-23 09:46:30 - [MESSAGE][PASSED] - Method.TextDegerineEsitElementinAltindakineTikla is PASSED

2021-11-23 09:46:30 - [TEST_STEP][PASSED] - Method.TextDegerineEsitElementinAltindakiTextboxtaYaz(findTestObject("Filtreler/Basliklar"), findTestObject("Object Repository/Filtreler/Basliga_Gore_Bitis"), Filtre_Adi, Filtre_Degeri): Method.TextDegerineEsitElementinAltindakiTextboxtaYaz is PASSED

2021-11-23 09:46:30 - [MESSAGE][INFO] - Finding Test Object 'Object Repository/Filtreler/Basliklar'

2021-11-23 09:46:31 - [MESSAGE][INFO] - Finding Test Object 'Object Repository/Filtreler/Basliga_Gore_Bitis'

2021-11-23 09:46:31 - [MESSAGE][INFO] - Checking timeout

2021-11-23 09:46:31 - [MESSAGE][INFO] - Finding web element with id: 'Object Repository/Filtreler/Basliklar' located by 'By.cssSelector: .control-label.col-sm-4.paddingMarginRLC' in '10' second(s)

2021-11-23 09:46:31 - [MESSAGE][INFO] - Smart Wait Function is triggered

2021-11-23 09:46:31 - [MESSAGE][INFO] - Found 8 web elements with id: 'Object Repository/Filtreler/Basliklar' located by 'By.cssSelector: .control-label.col-sm-4.paddingMarginRLC' in '10' second(s)

2021-11-23 09:46:31 - [MESSAGE][INFO] - Smart Wait Function is triggered

2021-11-23 09:46:31 - [MESSAGE][PASSED] - Method.TextDegerineEsitElementinAltindakiTextboxtaYaz is PASSED

2021-11-23 09:46:31 - [MESSAGE][PASSED] - Call Test Case 'Test Cases/Filtreler/BitisYaz' successfully

2021-11-23 09:46:31 - [MESSAGE][INFO] - Checking called Test Case

2021-11-23 09:46:31 - [MESSAGE][INFO] - Starting to call Test Case 'Test Cases/Filtreler/ButonaTikla'

2021-11-23 09:46:32 - [TEST_CASE][PASSED] - Test Cases/Filtreler/ButonaTikla: Test Cases/Filtreler/ButonaTikla

2021-11-23 09:46:32 - [TEST_STEP][PASSED] - Method.TextDegerineEsitElementeTikla(findTestObject("Filtreler/Butonlar"), Filtre_Buton): Method.TextDegerineEsitElementeTikla is PASSED

2021-11-23 09:46:32 - [MESSAGE][INFO] - Finding Test Object 'Object Repository/Filtreler/Butonlar'

2021-11-23 09:46:32 - [MESSAGE][INFO] - Checking timeout

2021-11-23 09:46:32 - [MESSAGE][INFO] - Finding web element with id: 'Object Repository/Filtreler/Butonlar' located by 'By.cssSelector: .dxb>span' in '10' second(s)

2021-11-23 09:46:32 - [MESSAGE][INFO] - Smart Wait Function is triggered

2021-11-23 09:46:32 - [MESSAGE][INFO] - Found 3 web elements with id: 'Object Repository/Filtreler/Butonlar' located by 'By.cssSelector: .dxb>span' in '10' second(s)

2021-11-23 09:46:32 - [MESSAGE][PASSED] - Method.TextDegerineEsitElementeTikla is PASSED

2021-11-23 09:46:32 - [MESSAGE][PASSED] - Call Test Case 'Test Cases/Filtreler/ButonaTikla' successfully

2021-11-23 09:46:32 - [MESSAGE][INFO] - Checking called Test Case

2021-11-23 09:46:32 - [MESSAGE][INFO] - Starting to call Test Case 'Test Cases/Tablo/TablodaVeriVarMi'

2021-11-23 09:46:32 - [TEST_CASE][PASSED] - Test Cases/Tablo/TablodaVeriVarMi: Test Cases/Tablo/TablodaVeriVarMi

2021-11-23 09:46:32 - [TEST_STEP][PASSED] - verifyTextNotPresent("Görüntülenecek veri yok", true): Text 'Görüntülenecek veri yok' is not present on page using regular expression

2021-11-23 09:46:32 - [MESSAGE][INFO] - Checking text present  using regular expression

2021-11-23 09:46:32 - [MESSAGE][INFO] - Smart Wait Function is triggered

2021-11-23 09:46:33 - [MESSAGE][INFO] - Finding text 'Görüntülenecek veri yok' on page  using regular expression

2021-11-23 09:46:33 - [MESSAGE][PASSED] - Text 'Görüntülenecek veri yok' is not present on page using regular expression

2021-11-23 09:46:33 - [MESSAGE][PASSED] - Call Test Case 'Test Cases/Tablo/TablodaVeriVarMi' successfully

2021-11-23 09:46:33 - [MESSAGE][INFO] - Checking called Test Case

2021-11-23 09:46:33 - [MESSAGE][INFO] - Starting to call Test Case 'Test Cases/Tablo/TablodanVeriSec'

2021-11-23 09:46:33 - [TEST_CASE][PASSED] - Test Cases/Tablo/TablodanVeriSec: Test Cases/Tablo/TablodanVeriSec

2021-11-23 09:46:33 - [TEST_STEP][PASSED] - Method.TextDegerineEsitElementinAltindakineTikla(findTestObject("Tablo/Veriler"), findTestObject("Tablo/VerininCheckBoxi"), Veri_Adi): Method.TextDegerineEsitElementinAltindakineTikla is PASSED

2021-11-23 09:46:33 - [MESSAGE][INFO] - Finding Test Object 'Object Repository/Tablo/Veriler'

2021-11-23 09:46:33 - [MESSAGE][INFO] - Finding Test Object 'Object Repository/Tablo/VerininCheckBoxi'

2021-11-23 09:46:33 - [MESSAGE][INFO] - Checking timeout

2021-11-23 09:46:33 - [MESSAGE][INFO] - Finding web element with id: 'Object Repository/Tablo/Veriler' located by 'By.cssSelector: td.dxgv b ,td.dxgv' in '10' second(s)

2021-11-23 09:46:33 - [MESSAGE][INFO] - Smart Wait Function is triggered

2021-11-23 09:46:33 - [MESSAGE][INFO] - Found 110 web elements with id: 'Object Repository/Tablo/Veriler' located by 'By.cssSelector: td.dxgv b ,td.dxgv' in '10' second(s)

2021-11-23 09:46:34 - [MESSAGE][INFO] - Smart Wait Function is triggered

2021-11-23 09:46:34 - [MESSAGE][PASSED] - Method.TextDegerineEsitElementinAltindakineTikla is PASSED

2021-11-23 09:46:34 - [MESSAGE][PASSED] - Call Test Case 'Test Cases/Tablo/TablodanVeriSec' successfully

2021-11-23 09:46:34 - [MESSAGE][INFO] - Checking called Test Case

2021-11-23 09:46:34 - [MESSAGE][INFO] - Starting to call Test Case 'Test Cases/Butonlar/ButonaTikla'

2021-11-23 09:46:34 - [TEST_CASE][PASSED] - Test Cases/Butonlar/ButonaTikla: Test Cases/Butonlar/ButonaTikla

2021-11-23 09:46:34 - [TEST_STEP][PASSED] - Method.TextDegerineEsitElementeTiklaEquals(findTestObject("Butonlar/Butonlar"), Buton_Adi): Method.TextDegerineEsitElementeTiklaEquals is PASSED

2021-11-23 09:46:34 - [MESSAGE][INFO] - Finding Test Object 'Object Repository/Butonlar/Butonlar'

2021-11-23 09:46:34 - [MESSAGE][INFO] - Checking timeout

2021-11-23 09:46:34 - [MESSAGE][INFO] - Finding web element with id: 'Object Repository/Butonlar/Butonlar' located by 'By.cssSelector: .panel.panel-default.text-center.footerPanel .btn,.btn.btn-primary.btnControls' in '10' second(s)

2021-11-23 09:46:34 - [MESSAGE][INFO] - Smart Wait Function is triggered

2021-11-23 09:46:35 - [MESSAGE][INFO] - Found 5 web elements with id: 'Object Repository/Butonlar/Butonlar' located by 'By.cssSelector: .panel.panel-default.text-center.footerPanel .btn,.btn.btn-primary.btnControls' in '10' second(s)

2021-11-23 09:46:35 - [MESSAGE][PASSED] - Method.TextDegerineEsitElementeTiklaEquals is PASSED

2021-11-23 09:46:35 - [MESSAGE][PASSED] - Call Test Case 'Test Cases/Butonlar/ButonaTikla' successfully

2021-11-23 09:46:35 - [MESSAGE][INFO] - Checking called Test Case

2021-11-23 09:46:35 - [MESSAGE][INFO] - Starting to call Test Case 'Test Cases/Sekmeler/YeniSekmeyeGec'

2021-11-23 09:46:35 - [TEST_CASE][PASSED] - Test Cases/Sekmeler/YeniSekmeyeGec: Test Cases/Sekmeler/YeniSekmeyeGec

2021-11-23 09:46:35 - [TEST_STEP][PASSED] - switchToWindowIndex(1): Switched to window with index: '1'

2021-11-23 09:46:35 - [MESSAGE][INFO] - Checking index

2021-11-23 09:46:35 - [MESSAGE][INFO] - Switching window with index: '1'

2021-11-23 09:46:35 - [MESSAGE][PASSED] - Switched to window with index: '1'

2021-11-23 09:46:35 - [MESSAGE][PASSED] - Call Test Case 'Test Cases/Sekmeler/YeniSekmeyeGec' successfully

2021-11-23 09:46:35 - [MESSAGE][INFO] - Checking called Test Case

2021-11-23 09:46:35 - [MESSAGE][INFO] - Starting to call Test Case 'Test Cases/Sekmeler/TagGeldiMi'

2021-11-23 09:46:35 - [TEST_CASE][PASSED] - Test Cases/Sekmeler/TagGeldiMi: Test Cases/Sekmeler/TagGeldiMi

2021-11-23 09:46:35 - [TEST_STEP][PASSED] - waitForElementPresent(findTestObject("Object Repository/Sekmeler/UBLTag"), 10): Object 'Object Repository/Sekmeler/UBLTag' is present

2021-11-23 09:46:35 - [MESSAGE][INFO] - Finding Test Object 'Object Repository/Sekmeler/UBLTag'

2021-11-23 09:46:35 - [MESSAGE][INFO] - Checking object

2021-11-23 09:46:35 - [MESSAGE][INFO] - Finding web element from Test Object's properties

2021-11-23 09:46:35 - [MESSAGE][INFO] - Checking timeout

2021-11-23 09:46:35 - [MESSAGE][INFO] - Finding web element with id: 'Object Repository/Sekmeler/UBLTag' located by 'By.cssSelector: #webkit-xml-viewer-source-xml>:first-child' in '10' second(s)

2021-11-23 09:46:35 - [MESSAGE][INFO] - Smart Wait Function is triggered

2021-11-23 09:46:36 - [MESSAGE][INFO] - Found 1 web elements with id: 'Object Repository/Sekmeler/UBLTag' located by 'By.cssSelector: #webkit-xml-viewer-source-xml>:first-child' in '10' second(s)

2021-11-23 09:46:36 - [MESSAGE][PASSED] - Object 'Object Repository/Sekmeler/UBLTag' is present

2021-11-23 09:46:36 - [TEST_STEP][PASSED] - println(toLowerCase().toString()): Found 1 web elements with id: 'Object Repository/Sekmeler/UBLTag' located by 'By.cssSelector: #webkit-xml-viewer-source-xml>:first-child' in '10' second(s)

2021-11-23 09:46:36 - [MESSAGE][INFO] - Finding Test Object 'Object Repository/Sekmeler/UBLTag'

2021-11-23 09:46:36 - [MESSAGE][INFO] - Finding web element from Test Object's properties

2021-11-23 09:46:36 - [MESSAGE][INFO] - Checking timeout

2021-11-23 09:46:36 - [MESSAGE][INFO] - Finding web element with id: 'Object Repository/Sekmeler/UBLTag' located by 'By.cssSelector: #webkit-xml-viewer-source-xml>:first-child' in '10' second(s)

2021-11-23 09:46:36 - [MESSAGE][INFO] - Smart Wait Function is triggered

2021-11-23 09:46:36 - [MESSAGE][INFO] - Found 1 web elements with id: 'Object Repository/Sekmeler/UBLTag' located by 'By.cssSelector: #webkit-xml-viewer-source-xml>:first-child' in '10' second(s)

2021-11-23 09:46:36 - [TEST_STEP][PASSED] - if (!(toString().contains(toString().toLowerCase()))): Found 1 web elements with id: 'Object Repository/Sekmeler/UBLTag' located by 'By.cssSelector: #webkit-xml-viewer-source-xml>:first-child' in '10' second(s)

2021-11-23 09:46:36 - [MESSAGE][INFO] - Finding Test Object 'Object Repository/Sekmeler/UBLTag'

2021-11-23 09:46:36 - [MESSAGE][INFO] - Finding web element from Test Object's properties

2021-11-23 09:46:36 - [MESSAGE][INFO] - Checking timeout

2021-11-23 09:46:36 - [MESSAGE][INFO] - Finding web element with id: 'Object Repository/Sekmeler/UBLTag' located by 'By.cssSelector: #webkit-xml-viewer-source-xml>:first-child' in '10' second(s)

2021-11-23 09:46:36 - [MESSAGE][INFO] - Smart Wait Function is triggered

2021-11-23 09:46:37 - [MESSAGE][INFO] - Found 1 web elements with id: 'Object Repository/Sekmeler/UBLTag' located by 'By.cssSelector: #webkit-xml-viewer-source-xml>:first-child' in '10' second(s)

2021-11-23 09:46:37 - [MESSAGE][PASSED] - Call Test Case 'Test Cases/Sekmeler/TagGeldiMi' successfully

2021-11-23 09:46:37 - [MESSAGE][INFO] - Checking called Test Case

2021-11-23 09:46:37 - [MESSAGE][INFO] - Starting to call Test Case 'Test Cases/Sekmeler/Ana_Sekmeye_Gec'

2021-11-23 09:46:37 - [TEST_CASE][PASSED] - Test Cases/Sekmeler/Ana_Sekmeye_Gec: Test Cases/Sekmeler/Ana_Sekmeye_Gec

2021-11-23 09:46:37 - [TEST_STEP][PASSED] - try: Window with index 1 is closed

2021-11-23 09:46:37 - [TEST_STEP][PASSED] - index = getWindowIndex(): Current window's index is: 1

2021-11-23 09:46:37 - [MESSAGE][INFO] - Getting current window's index

2021-11-23 09:46:37 - [MESSAGE][PASSED] - Current window's index is: 1

2021-11-23 09:46:37 - [TEST_STEP][PASSED] - closeWindowIndex(index): Window with index 1 is closed

2021-11-23 09:46:37 - [MESSAGE][INFO] - Checking index

2021-11-23 09:46:37 - [MESSAGE][INFO] - Closing window with index 1

2021-11-23 09:46:37 - [MESSAGE][PASSED] - Window with index 1 is closed

2021-11-23 09:46:37 - [TEST_STEP][PASSED] - switchToWindowIndex(0): Switched to window with index: '0'

2021-11-23 09:46:37 - [MESSAGE][INFO] - Checking index

2021-11-23 09:46:37 - [MESSAGE][INFO] - Switching window with index: '0'

2021-11-23 09:46:37 - [MESSAGE][PASSED] - Switched to window with index: '0'

2021-11-23 09:46:37 - [MESSAGE][PASSED] - Call Test Case 'Test Cases/Sekmeler/Ana_Sekmeye_Gec' successfully

2021-11-23 09:46:37 - [MESSAGE][INFO] - Checking called Test Case

2021-11-23 09:46:37 - [MESSAGE][INFO] - Starting to call Test Case 'Test Cases/Kullanici_Islemleri/KullaniciIslemlerindenSecimYapilir'

2021-11-23 09:46:37 - [TEST_CASE][PASSED] - Test Cases/Kullanici_Islemleri/KullaniciIslemlerindenSecimYapilir: Test Cases/Kullanici_Islemleri/KullaniciIslemlerindenSecimYapilir

2021-11-23 09:46:37 - [TEST_STEP][PASSED] - waitForElementClickable(findTestObject("Object Repository/Kullanici_Islemleri/KullaniciIslemleri"), 10): Object 'Object Repository/Kullanici_Islemleri/KullaniciIslemleri' is clickable

2021-11-23 09:46:37 - [MESSAGE][INFO] - Finding Test Object 'Object Repository/Kullanici_Islemleri/KullaniciIslemleri'

2021-11-23 09:46:37 - [MESSAGE][INFO] - Checking object

2021-11-23 09:46:37 - [MESSAGE][INFO] - Checking timeout

2021-11-23 09:46:37 - [MESSAGE][INFO] - Finding web element from Test Object's properties

2021-11-23 09:46:37 - [MESSAGE][INFO] - Checking timeout

2021-11-23 09:46:37 - [MESSAGE][INFO] - Finding web element with id: 'Object Repository/Kullanici_Islemleri/KullaniciIslemleri' located by 'By.cssSelector: .dropdown>a>img' in '10' second(s)

2021-11-23 09:46:37 - [MESSAGE][INFO] - Smart Wait Function is triggered

2021-11-23 09:46:37 - [MESSAGE][INFO] - Found 1 web elements with id: 'Object Repository/Kullanici_Islemleri/KullaniciIslemleri' located by 'By.cssSelector: .dropdown>a>img' in '10' second(s)

2021-11-23 09:46:37 - [MESSAGE][PASSED] - Object 'Object Repository/Kullanici_Islemleri/KullaniciIslemleri' is clickable

2021-11-23 09:46:37 - [TEST_STEP][PASSED] - click(findTestObject("Object Repository/Kullanici_Islemleri/KullaniciIslemleri")): Object: 'Object Repository/Kullanici_Islemleri/KullaniciIslemleri' is clicked on

2021-11-23 09:46:37 - [MESSAGE][INFO] - Finding Test Object 'Object Repository/Kullanici_Islemleri/KullaniciIslemleri'

2021-11-23 09:46:37 - [MESSAGE][INFO] - Checking object

2021-11-23 09:46:37 - [MESSAGE][INFO] - Finding web element from Test Object's properties

2021-11-23 09:46:37 - [MESSAGE][INFO] - Checking timeout

2021-11-23 09:46:37 - [MESSAGE][INFO] - Finding web element with id: 'Object Repository/Kullanici_Islemleri/KullaniciIslemleri' located by 'By.cssSelector: .dropdown>a>img' in '30' second(s)

2021-11-23 09:46:37 - [MESSAGE][INFO] - Smart Wait Function is triggered

2021-11-23 09:46:38 - [MESSAGE][INFO] - Found 1 web elements with id: 'Object Repository/Kullanici_Islemleri/KullaniciIslemleri' located by 'By.cssSelector: .dropdown>a>img' in '30' second(s)

2021-11-23 09:46:38 - [MESSAGE][INFO] - Clicking on object: 'Object Repository/Kullanici_Islemleri/KullaniciIslemleri'

2021-11-23 09:46:38 - [MESSAGE][PASSED] - Object: 'Object Repository/Kullanici_Islemleri/KullaniciIslemleri' is clicked on

2021-11-23 09:46:38 - [TEST_STEP][PASSED] - Method.TextDegerineEsitElementeTikla(findTestObject("Object Repository/Kullanici_Islemleri/Secenekler"), Islem): Method.TextDegerineEsitElementeTikla is PASSED

2021-11-23 09:46:38 - [MESSAGE][INFO] - Finding Test Object 'Object Repository/Kullanici_Islemleri/Secenekler'

2021-11-23 09:46:38 - [MESSAGE][INFO] - Checking timeout

2021-11-23 09:46:38 - [MESSAGE][INFO] - Finding web element with id: 'Object Repository/Kullanici_Islemleri/Secenekler' located by 'By.cssSelector: .nav.navbar-nav.navbar-right li a' in '10' second(s)

2021-11-23 09:46:38 - [MESSAGE][INFO] - Smart Wait Function is triggered

2021-11-23 09:46:38 - [MESSAGE][INFO] - Found 22 web elements with id: 'Object Repository/Kullanici_Islemleri/Secenekler' located by 'By.cssSelector: .nav.navbar-nav.navbar-right li a' in '10' second(s)

2021-11-23 09:46:40 - [MESSAGE][PASSED] - Method.TextDegerineEsitElementeTikla is PASSED

2021-11-23 09:46:40 - [TEST_STEP][PASSED] - verifyElementNotPresent(findTestObject("Object Repository/Kullanici_Islemleri/Secenekler"), 10): Web element with id: 'Object Repository/Kullanici_Islemleri/Secenekler' located by 'By.cssSelector: .nav.navbar-nav.navbar-right li a' is not present after '10' second(s)

2021-11-23 09:46:40 - [MESSAGE][INFO] - Finding Test Object 'Object Repository/Kullanici_Islemleri/Secenekler'

2021-11-23 09:46:40 - [MESSAGE][INFO] - Checking object

2021-11-23 09:46:40 - [MESSAGE][INFO] - Checking timeout

2021-11-23 09:46:40 - [MESSAGE][INFO] - Finding web element with id: 'Object Repository/Kullanici_Islemleri/Secenekler' located by 'By.cssSelector: .nav.navbar-nav.navbar-right li a' in '10' second(s)

2021-11-23 09:46:40 - [MESSAGE][INFO] - Smart Wait Function is triggered

2021-11-23 09:46:40 - [MESSAGE][PASSED] - Web element with id: 'Object Repository/Kullanici_Islemleri/Secenekler' located by 'By.cssSelector: .nav.navbar-nav.navbar-right li a' is not present after '10' second(s)

2021-11-23 09:46:40 - [MESSAGE][PASSED] - Call Test Case 'Test Cases/Kullanici_Islemleri/KullaniciIslemlerindenSecimYapilir' successfully

2021-11-23 09:46:40 - [TEST_CASE][PASSED] - Start Test Case : SCENARIO Gelen Zarf GIB: SCENARIO Gelen Zarf GIB

2021-11-23 09:46:40 - [TEST_STEP][PASSED] - Kullanıcı adı ELOGO6 ve Şifre 123456 olarak giriş yapılır: Kullanıcı adı ELOGO6 ve Şifre 123456 olarak giriş yapılır

2021-11-23 09:46:40 - [MESSAGE][PASSED] - Kullanıcı adı ELOGO6 ve Şifre 123456 olarak giriş yapılır

2021-11-23 09:46:40 - [TEST_STEP][PASSED] - Ana menüden Zarflar seçilir: Ana menüden Zarflar seçilir

2021-11-23 09:46:40 - [MESSAGE][PASSED] - Ana menüden Zarflar seçilir

2021-11-23 09:46:40 - [TEST_STEP][PASSED] - Alt menüden Gelen Zarflar seçilir: Alt menüden Gelen Zarflar seçilir

2021-11-23 09:46:40 - [MESSAGE][PASSED] - Alt menüden Gelen Zarflar seçilir

2021-11-23 09:46:40 - [TEST_STEP][PASSED] - Filtrelerden Oluşturma Tarihi filtresine 01.12.2020 baslangic degerini yaz: Filtrelerden Oluşturma Tarihi filtresine 01.12.2020 baslangic degerini yaz

2021-11-23 09:46:40 - [MESSAGE][PASSED] - Filtrelerden Oluşturma Tarihi filtresine 01.12.2020 baslangic degerini yaz

2021-11-23 09:46:40 - [TEST_STEP][PASSED] - Filtrelerden Oluşturma Tarihi filtresine 31.12.2020 bitis degerini yaz: Filtrelerden Oluşturma Tarihi filtresine 31.12.2020 bitis degerini yaz

2021-11-23 09:46:40 - [MESSAGE][PASSED] - Filtrelerden Oluşturma Tarihi filtresine 31.12.2020 bitis degerini yaz

2021-11-23 09:46:40 - [TEST_STEP][PASSED] - Filtre butonlarından Listele seçilir: Filtre butonlarından Listele seçilir

2021-11-23 09:46:40 - [MESSAGE][PASSED] - Filtre butonlarından Listele seçilir

2021-11-23 09:46:40 - [TEST_STEP][PASSED] - Tabloda veri var mı kontrol edilir: Tabloda veri var mı kontrol edilir

2021-11-23 09:46:40 - [MESSAGE][PASSED] - Tabloda veri var mı kontrol edilir

2021-11-23 09:46:40 - [TEST_STEP][PASSED] - Tablodan E LOGO 6 isimli veri seçilir: Tablodan E LOGO 6 isimli veri seçilir

2021-11-23 09:46:40 - [MESSAGE][PASSED] - Tablodan E LOGO 6 isimli veri seçilir

2021-11-23 09:46:40 - [TEST_STEP][PASSED] - Butonlardan UBL isimli butona tıklanır: Butonlardan UBL isimli butona tıklanır

2021-11-23 09:46:40 - [MESSAGE][PASSED] - Butonlardan UBL isimli butona tıklanır

2021-11-23 09:46:40 - [TEST_STEP][PASSED] - Yeni açılan sekmeye geçilir: Yeni açılan sekmeye geçilir

2021-11-23 09:46:40 - [MESSAGE][PASSED] - Yeni açılan sekmeye geçilir

2021-11-23 09:46:40 - [TEST_STEP][PASSED] - sh:StandardBusinessDocument tagli ubl geldi mi: sh:StandardBusinessDocument tagli ubl geldi mi

2021-11-23 09:46:40 - [MESSAGE][PASSED] - sh:StandardBusinessDocument tagli ubl geldi mi

2021-11-23 09:46:40 - [TEST_STEP][PASSED] - Ana sekmeye geçilir: Ana sekmeye geçilir

2021-11-23 09:46:40 - [MESSAGE][PASSED] - Ana sekmeye geçilir

2021-11-23 09:46:40 - [TEST_STEP][PASSED] - Kullanıcı işlemlerinden Çıkış seçilir: Kullanıcı işlemlerinden Çıkış seçilir

2021-11-23 09:46:40 - [MESSAGE][PASSED] - Kullanıcı işlemlerinden Çıkış seçilir

2021-11-23 09:46:40 - [MESSAGE][PASSED] - Feature file: 'Include/features/Zarflar/Gelen Zarflar/UBL-Goster.feature' was passed

2021-11-23 09:46:40 - [TEST_STEP][PASSED] - Start listener action : sampleAfterTestSuite: Invoke 'com.kms.katalon.core.annotation.AfterTestCase' method: 'Listener.sampleAfterTestSuite(...)' completed.

2021-11-23 09:46:40 - [MESSAGE][INFO] - Starting invoke 'com.kms.katalon.core.annotation.AfterTestCase' method: 'Listener.sampleAfterTestSuite(...)'

2021-11-23 09:46:40 - [TEST_STEP][PASSED] - closeBrowser(): Invoke 'com.kms.katalon.core.annotation.AfterTestCase' method: 'Listener.sampleAfterTestSuite(...)' completed.

2021-11-23 09:46:40 - [MESSAGE][INFO] - Closing browser

2021-11-23 09:46:41 - [MESSAGE][PASSED] - Browser is closed

2021-11-23 09:46:41 - [MESSAGE][INFO] - Invoke 'com.kms.katalon.core.annotation.AfterTestCase' method: 'Listener.sampleAfterTestSuite(...)' completed.]]></system-out>
         <system-err><![CDATA[]]></system-err>
      </testcase>
      <testcase name="Test Cases/Case Repository/Zarflar/Giden Zarflar/Ekran Kontrolu" time="75.905" classname="Test Cases/Case Repository/Zarflar/Giden Zarflar/Ekran Kontrolu" status="PASSED">
         <system-out><![CDATA[2021-11-23 09:46:41 - [TEST_CASE][PASSED] - Test Cases/Case Repository/Zarflar/Giden Zarflar/Ekran Kontrolu: Test Cases/Case Repository/Zarflar/Giden Zarflar/Ekran Kontrolu

2021-11-23 09:46:41 - [TEST_STEP][PASSED] - Start listener action : sampleBeforeTestSuite: Invoke 'com.kms.katalon.core.annotation.BeforeTestCase' method: 'Listener.sampleBeforeTestSuite(...)' completed.

2021-11-23 09:46:41 - [MESSAGE][INFO] - Starting invoke 'com.kms.katalon.core.annotation.BeforeTestCase' method: 'Listener.sampleBeforeTestSuite(...)'

2021-11-23 09:46:41 - [TEST_STEP][PASSED] - openBrowser(baseUrl): Browser is opened with url: 'https://efatura-stage.elogo.com.tr/'

2021-11-23 09:46:41 - [MESSAGE][INFO] - Opening browser

2021-11-23 09:46:41 - [MESSAGE][INFO] - Starting 'Chrome' driver

2021-11-23 09:46:41 - [MESSAGE][INFO] - User set preference: ['prefs', '{download.default_directory=C:\otomasyondownfiles}']

2021-11-23 09:46:41 - [MESSAGE][INFO] - Action delay is set to 0 milliseconds

2021-11-23 09:46:42 - [MESSAGE][INFO] - Navigating browser to: 'https://efatura-stage.elogo.com.tr/'

2021-11-23 09:46:50 - [MESSAGE][PASSED] - Browser is opened with url: 'https://efatura-stage.elogo.com.tr/'

2021-11-23 09:46:50 - [TEST_STEP][PASSED] - maximizeWindow(): Invoke 'com.kms.katalon.core.annotation.BeforeTestCase' method: 'Listener.sampleBeforeTestSuite(...)' completed.

2021-11-23 09:46:50 - [MESSAGE][INFO] - Maximizing current window

2021-11-23 09:46:51 - [MESSAGE][PASSED] - Current window maximized

2021-11-23 09:46:51 - [MESSAGE][INFO] - Invoke 'com.kms.katalon.core.annotation.BeforeTestCase' method: 'Listener.sampleBeforeTestSuite(...)' completed.

2021-11-23 09:46:51 - [TEST_STEP][PASSED] - runFeatureFile("Include/features/Zarflar/Giden Zarflar/Ekran Kontrolu.feature"): Feature file: 'Include/features/Zarflar/Giden Zarflar/Ekran Kontrolu.feature' was passed

2021-11-23 09:46:51 - [MESSAGE][INFO] - Starting run keyword runFeatureFile: 'Include/features/Zarflar/Giden Zarflar/Ekran Kontrolu.feature' and extract report to folder: 'C:\Users\DELL\Documents\GitHub\EES_KatalonLogo\Reports\20211123_091110\Suite Repository\Zarflar\20211123_091159/cucumber_report/1637650011518'...

2021-11-23 09:46:51 - [MESSAGE][INFO] - Glue: []

2021-11-23 09:46:53 - [MESSAGE][INFO] - Checking called Test Case

2021-11-23 09:46:53 - [MESSAGE][INFO] - Starting to call Test Case 'Test Cases/Sayfalar/Giris_Sayfasi/Login'

2021-11-23 09:46:53 - [TEST_CASE][PASSED] - Test Cases/Sayfalar/Giris_Sayfasi/Login: Test Cases/Sayfalar/Giris_Sayfasi/Login

2021-11-23 09:46:53 - [TEST_STEP][PASSED] - Sayfa_Basligi = getWindowTitle(): Current window's title is: 'LOGO e-Fatura'

2021-11-23 09:46:53 - [MESSAGE][INFO] - Getting current window's title

2021-11-23 09:46:53 - [MESSAGE][PASSED] - Current window's title is: 'LOGO e-Fatura'

2021-11-23 09:46:53 - [TEST_STEP][PASSED] - verifyMatch(Sayfa_Basligi, "LOGO e-Fatura", false): Actual text 'LOGO e-Fatura' and expected text 'LOGO e-Fatura' are matched 

2021-11-23 09:46:53 - [MESSAGE][INFO] - Matching actual text 'LOGO e-Fatura' with expected text 'LOGO e-Fatura'

2021-11-23 09:46:53 - [MESSAGE][PASSED] - Actual text 'LOGO e-Fatura' and expected text 'LOGO e-Fatura' are matched 

2021-11-23 09:46:53 - [TEST_STEP][PASSED] - sendKeys(findTestObject("Sayfalar/Giris_Sayfasi/Firma_Kodu"), KullaniciAdi): Keys 'ELOGO6' sent to object: 'Object Repository/Sayfalar/Giris_Sayfasi/Firma_Kodu'

2021-11-23 09:46:53 - [MESSAGE][INFO] - Finding Test Object 'Object Repository/Sayfalar/Giris_Sayfasi/Firma_Kodu'

2021-11-23 09:46:53 - [MESSAGE][INFO] - Sending keys 'ELOGO6' to object: 'Object Repository/Sayfalar/Giris_Sayfasi/Firma_Kodu'

2021-11-23 09:46:53 - [MESSAGE][INFO] - Finding web element from Test Object's properties

2021-11-23 09:46:53 - [MESSAGE][INFO] - Checking timeout

2021-11-23 09:46:53 - [MESSAGE][INFO] - Finding web element with id: 'Object Repository/Sayfalar/Giris_Sayfasi/Firma_Kodu' located by 'By.xpath: //*[@id = 'AccountName']' in '30' second(s)

2021-11-23 09:46:53 - [MESSAGE][INFO] - Smart Wait Function is triggered

2021-11-23 09:46:53 - [MESSAGE][INFO] - Found 1 web elements with id: 'Object Repository/Sayfalar/Giris_Sayfasi/Firma_Kodu' located by 'By.xpath: //*[@id = 'AccountName']' in '30' second(s)

2021-11-23 09:46:53 - [MESSAGE][PASSED] - Keys 'ELOGO6' sent to object: 'Object Repository/Sayfalar/Giris_Sayfasi/Firma_Kodu'

2021-11-23 09:46:53 - [TEST_STEP][PASSED] - sendKeys(findTestObject("Sayfalar/Giris_Sayfasi/Sifre"), Sifre): Keys '123456' sent to object: 'Object Repository/Sayfalar/Giris_Sayfasi/Sifre'

2021-11-23 09:46:53 - [MESSAGE][INFO] - Finding Test Object 'Object Repository/Sayfalar/Giris_Sayfasi/Sifre'

2021-11-23 09:46:53 - [MESSAGE][INFO] - Sending keys '123456' to object: 'Object Repository/Sayfalar/Giris_Sayfasi/Sifre'

2021-11-23 09:46:53 - [MESSAGE][INFO] - Finding web element from Test Object's properties

2021-11-23 09:46:53 - [MESSAGE][INFO] - Checking timeout

2021-11-23 09:46:53 - [MESSAGE][INFO] - Finding web element with id: 'Object Repository/Sayfalar/Giris_Sayfasi/Sifre' located by 'By.xpath: //*[@id = 'Password']' in '30' second(s)

2021-11-23 09:46:53 - [MESSAGE][INFO] - Smart Wait Function is triggered

2021-11-23 09:46:54 - [MESSAGE][INFO] - Found 1 web elements with id: 'Object Repository/Sayfalar/Giris_Sayfasi/Sifre' located by 'By.xpath: //*[@id = 'Password']' in '30' second(s)

2021-11-23 09:46:54 - [MESSAGE][PASSED] - Keys '123456' sent to object: 'Object Repository/Sayfalar/Giris_Sayfasi/Sifre'

2021-11-23 09:46:54 - [TEST_STEP][PASSED] - findWebElement(findTestObject("Sayfalar/Giris_Sayfasi/Giris_Butonu")).click(): Found 1 web elements with id: 'Object Repository/Sayfalar/Giris_Sayfasi/Giris_Butonu' located by 'By.cssSelector: #btnLogin' in '30' second(s)

2021-11-23 09:46:54 - [MESSAGE][INFO] - Finding Test Object 'Object Repository/Sayfalar/Giris_Sayfasi/Giris_Butonu'

2021-11-23 09:46:54 - [MESSAGE][INFO] - Finding web element from Test Object's properties

2021-11-23 09:46:54 - [MESSAGE][INFO] - Checking timeout

2021-11-23 09:46:54 - [MESSAGE][INFO] - Finding web element with id: 'Object Repository/Sayfalar/Giris_Sayfasi/Giris_Butonu' located by 'By.cssSelector: #btnLogin' in '30' second(s)

2021-11-23 09:46:54 - [MESSAGE][INFO] - Smart Wait Function is triggered

2021-11-23 09:46:54 - [MESSAGE][INFO] - Found 1 web elements with id: 'Object Repository/Sayfalar/Giris_Sayfasi/Giris_Butonu' located by 'By.cssSelector: #btnLogin' in '30' second(s)

2021-11-23 09:46:58 - [TEST_STEP][PASSED] - if (verifyElementPresent(findTestObject("Object Repository/Sayfalar/Giris_Sayfasi/RetveTamam_Butonu"), 5, OPTIONAL)): null

2021-11-23 09:46:58 - [MESSAGE][INFO] - Finding Test Object 'Object Repository/Sayfalar/Giris_Sayfasi/RetveTamam_Butonu'

2021-11-23 09:46:58 - [MESSAGE][INFO] - Checking object

2021-11-23 09:46:58 - [MESSAGE][INFO] - Finding web element from Test Object's properties

2021-11-23 09:46:58 - [MESSAGE][INFO] - Checking timeout

2021-11-23 09:46:58 - [MESSAGE][INFO] - Finding web element with id: 'Object Repository/Sayfalar/Giris_Sayfasi/RetveTamam_Butonu' located by 'By.xpath: //*[@class = 'btn btn-default']' in '5' second(s)

2021-11-23 09:46:58 - [MESSAGE][INFO] - Smart Wait Function is triggered

2021-11-23 09:46:59 - [MESSAGE][INFO] - Found 1 web elements with id: 'Object Repository/Sayfalar/Giris_Sayfasi/RetveTamam_Butonu' located by 'By.xpath: //*[@class = 'btn btn-default']' in '5' second(s)

2021-11-23 09:46:59 - [MESSAGE][PASSED] - Object 'Object Repository/Sayfalar/Giris_Sayfasi/RetveTamam_Butonu' is present

2021-11-23 09:46:59 - [TEST_STEP][PASSED] - click(findTestObject("Object Repository/Sayfalar/Giris_Sayfasi/RetveTamam_Butonu")): Object: 'Object Repository/Sayfalar/Giris_Sayfasi/RetveTamam_Butonu' is clicked on

2021-11-23 09:46:59 - [MESSAGE][INFO] - Finding Test Object 'Object Repository/Sayfalar/Giris_Sayfasi/RetveTamam_Butonu'

2021-11-23 09:46:59 - [MESSAGE][INFO] - Checking object

2021-11-23 09:46:59 - [MESSAGE][INFO] - Finding web element from Test Object's properties

2021-11-23 09:46:59 - [MESSAGE][INFO] - Checking timeout

2021-11-23 09:46:59 - [MESSAGE][INFO] - Finding web element with id: 'Object Repository/Sayfalar/Giris_Sayfasi/RetveTamam_Butonu' located by 'By.xpath: //*[@class = 'btn btn-default']' in '30' second(s)

2021-11-23 09:46:59 - [MESSAGE][INFO] - Smart Wait Function is triggered

2021-11-23 09:46:59 - [MESSAGE][INFO] - Found 1 web elements with id: 'Object Repository/Sayfalar/Giris_Sayfasi/RetveTamam_Butonu' located by 'By.xpath: //*[@class = 'btn btn-default']' in '30' second(s)

2021-11-23 09:46:59 - [MESSAGE][INFO] - Clicking on object: 'Object Repository/Sayfalar/Giris_Sayfasi/RetveTamam_Butonu'

2021-11-23 09:46:59 - [MESSAGE][PASSED] - Object: 'Object Repository/Sayfalar/Giris_Sayfasi/RetveTamam_Butonu' is clicked on

2021-11-23 09:46:59 - [TEST_STEP][PASSED] - click(findTestObject("Object Repository/Sayfalar/Giris_Sayfasi/RetveTamam_Butonu")): Object: 'Object Repository/Sayfalar/Giris_Sayfasi/RetveTamam_Butonu' is clicked on

2021-11-23 09:46:59 - [MESSAGE][INFO] - Finding Test Object 'Object Repository/Sayfalar/Giris_Sayfasi/RetveTamam_Butonu'

2021-11-23 09:46:59 - [MESSAGE][INFO] - Checking object

2021-11-23 09:46:59 - [MESSAGE][INFO] - Finding web element from Test Object's properties

2021-11-23 09:46:59 - [MESSAGE][INFO] - Checking timeout

2021-11-23 09:46:59 - [MESSAGE][INFO] - Finding web element with id: 'Object Repository/Sayfalar/Giris_Sayfasi/RetveTamam_Butonu' located by 'By.xpath: //*[@class = 'btn btn-default']' in '30' second(s)

2021-11-23 09:46:59 - [MESSAGE][INFO] - Smart Wait Function is triggered

2021-11-23 09:47:03 - [MESSAGE][INFO] - Found 1 web elements with id: 'Object Repository/Sayfalar/Giris_Sayfasi/RetveTamam_Butonu' located by 'By.xpath: //*[@class = 'btn btn-default']' in '30' second(s)

2021-11-23 09:47:03 - [MESSAGE][INFO] - Clicking on object: 'Object Repository/Sayfalar/Giris_Sayfasi/RetveTamam_Butonu'

2021-11-23 09:47:03 - [MESSAGE][PASSED] - Object: 'Object Repository/Sayfalar/Giris_Sayfasi/RetveTamam_Butonu' is clicked on

2021-11-23 09:47:03 - [TEST_STEP][PASSED] - if (verifyElementPresent(findTestObject("Sayfalar/Giris_Sayfasi/PopupOK"), 5, OPTIONAL)): null

2021-11-23 09:47:03 - [MESSAGE][INFO] - Finding Test Object 'Object Repository/Sayfalar/Giris_Sayfasi/PopupOK'

2021-11-23 09:47:03 - [MESSAGE][INFO] - Checking object

2021-11-23 09:47:03 - [MESSAGE][INFO] - Finding web element from Test Object's properties

2021-11-23 09:47:03 - [MESSAGE][INFO] - Checking timeout

2021-11-23 09:47:03 - [MESSAGE][INFO] - Finding web element with id: 'Object Repository/Sayfalar/Giris_Sayfasi/PopupOK' located by 'By.cssSelector: .btn.btn-success' in '5' second(s)

2021-11-23 09:47:03 - [MESSAGE][INFO] - Smart Wait Function is triggered

2021-11-23 09:47:04 - [MESSAGE][INFO] - Found 1 web elements with id: 'Object Repository/Sayfalar/Giris_Sayfasi/PopupOK' located by 'By.cssSelector: .btn.btn-success' in '5' second(s)

2021-11-23 09:47:04 - [MESSAGE][PASSED] - Object 'Object Repository/Sayfalar/Giris_Sayfasi/PopupOK' is present

2021-11-23 09:47:04 - [TEST_STEP][PASSED] - click(findTestObject("Object Repository/Sayfalar/Giris_Sayfasi/PopupCarpiGiris")): Object: 'Object Repository/Sayfalar/Giris_Sayfasi/PopupCarpiGiris' is clicked on

2021-11-23 09:47:04 - [MESSAGE][INFO] - Finding Test Object 'Object Repository/Sayfalar/Giris_Sayfasi/PopupCarpiGiris'

2021-11-23 09:47:04 - [MESSAGE][INFO] - Checking object

2021-11-23 09:47:04 - [MESSAGE][INFO] - Finding web element from Test Object's properties

2021-11-23 09:47:04 - [MESSAGE][INFO] - Checking timeout

2021-11-23 09:47:04 - [MESSAGE][INFO] - Finding web element with id: 'Object Repository/Sayfalar/Giris_Sayfasi/PopupCarpiGiris' located by 'By.cssSelector: .bootbox-close-button.close' in '30' second(s)

2021-11-23 09:47:04 - [MESSAGE][INFO] - Smart Wait Function is triggered

2021-11-23 09:47:05 - [MESSAGE][INFO] - Found 1 web elements with id: 'Object Repository/Sayfalar/Giris_Sayfasi/PopupCarpiGiris' located by 'By.cssSelector: .bootbox-close-button.close' in '30' second(s)

2021-11-23 09:47:05 - [MESSAGE][INFO] - Clicking on object: 'Object Repository/Sayfalar/Giris_Sayfasi/PopupCarpiGiris'

2021-11-23 09:47:05 - [MESSAGE][PASSED] - Object: 'Object Repository/Sayfalar/Giris_Sayfasi/PopupCarpiGiris' is clicked on

2021-11-23 09:47:05 - [TEST_STEP][PASSED] - verifyElementVisible(findTestObject("Object Repository/Kullanici_Islemleri/KullaniciIslemleri")): Object 'Object Repository/Kullanici_Islemleri/KullaniciIslemleri' is visible

2021-11-23 09:47:05 - [MESSAGE][INFO] - Finding Test Object 'Object Repository/Kullanici_Islemleri/KullaniciIslemleri'

2021-11-23 09:47:05 - [MESSAGE][INFO] - Checking object

2021-11-23 09:47:05 - [MESSAGE][INFO] - Finding web element from Test Object's properties

2021-11-23 09:47:05 - [MESSAGE][INFO] - Checking timeout

2021-11-23 09:47:05 - [MESSAGE][INFO] - Finding web element with id: 'Object Repository/Kullanici_Islemleri/KullaniciIslemleri' located by 'By.cssSelector: .dropdown>a>img' in '30' second(s)

2021-11-23 09:47:05 - [MESSAGE][INFO] - Smart Wait Function is triggered

2021-11-23 09:47:05 - [MESSAGE][INFO] - Found 1 web elements with id: 'Object Repository/Kullanici_Islemleri/KullaniciIslemleri' located by 'By.cssSelector: .dropdown>a>img' in '30' second(s)

2021-11-23 09:47:05 - [MESSAGE][PASSED] - Object 'Object Repository/Kullanici_Islemleri/KullaniciIslemleri' is visible

2021-11-23 09:47:05 - [MESSAGE][PASSED] - Call Test Case 'Test Cases/Sayfalar/Giris_Sayfasi/Login' successfully

2021-11-23 09:47:05 - [MESSAGE][INFO] - Checking called Test Case

2021-11-23 09:47:05 - [MESSAGE][INFO] - Starting to call Test Case 'Test Cases/Menu/AnaMenuSecimi'

2021-11-23 09:47:05 - [TEST_CASE][PASSED] - Test Cases/Menu/AnaMenuSecimi: Test Cases/Menu/AnaMenuSecimi

2021-11-23 09:47:05 - [TEST_STEP][PASSED] - Method.TextDegerineEsitElementeTikla(findTestObject("Menu/Ana_Menu"), Ana_Menu): Method.TextDegerineEsitElementeTikla is PASSED

2021-11-23 09:47:05 - [MESSAGE][INFO] - Finding Test Object 'Object Repository/Menu/Ana_Menu'

2021-11-23 09:47:05 - [MESSAGE][INFO] - Checking timeout

2021-11-23 09:47:05 - [MESSAGE][INFO] - Finding web element with id: 'Object Repository/Menu/Ana_Menu' located by 'By.xpath: //*[@class = 'dropdown-toggle']' in '10' second(s)

2021-11-23 09:47:05 - [MESSAGE][INFO] - Smart Wait Function is triggered

2021-11-23 09:47:06 - [MESSAGE][INFO] - Found 14 web elements with id: 'Object Repository/Menu/Ana_Menu' located by 'By.xpath: //*[@class = 'dropdown-toggle']' in '10' second(s)

2021-11-23 09:47:06 - [MESSAGE][PASSED] - Method.TextDegerineEsitElementeTikla is PASSED

2021-11-23 09:47:06 - [MESSAGE][PASSED] - Call Test Case 'Test Cases/Menu/AnaMenuSecimi' successfully

2021-11-23 09:47:06 - [MESSAGE][INFO] - Checking called Test Case

2021-11-23 09:47:06 - [MESSAGE][INFO] - Starting to call Test Case 'Test Cases/Menu/AltMenuSecimi'

2021-11-23 09:47:06 - [TEST_CASE][PASSED] - Test Cases/Menu/AltMenuSecimi: Test Cases/Menu/AltMenuSecimi

2021-11-23 09:47:06 - [TEST_STEP][PASSED] - Method.TextDegerineEsitElementeTikla(findTestObject("Menu/Alt_Menu"), Alt_Menu): Method.TextDegerineEsitElementeTikla is PASSED

2021-11-23 09:47:06 - [MESSAGE][INFO] - Finding Test Object 'Object Repository/Menu/Alt_Menu'

2021-11-23 09:47:06 - [MESSAGE][INFO] - Checking timeout

2021-11-23 09:47:06 - [MESSAGE][INFO] - Finding web element with id: 'Object Repository/Menu/Alt_Menu' located by 'By.xpath: //li[@class='dropdown dropdown-large open']//li[@class='dropdown-element']' in '10' second(s)

2021-11-23 09:47:06 - [MESSAGE][INFO] - Smart Wait Function is triggered

2021-11-23 09:47:06 - [MESSAGE][INFO] - Found 2 web elements with id: 'Object Repository/Menu/Alt_Menu' located by 'By.xpath: //li[@class='dropdown dropdown-large open']//li[@class='dropdown-element']' in '10' second(s)

2021-11-23 09:47:20 - [MESSAGE][PASSED] - Method.TextDegerineEsitElementeTikla is PASSED

2021-11-23 09:47:20 - [MESSAGE][PASSED] - Call Test Case 'Test Cases/Menu/AltMenuSecimi' successfully

2021-11-23 09:47:20 - [MESSAGE][INFO] - Checking called Test Case

2021-11-23 09:47:20 - [MESSAGE][INFO] - Starting to call Test Case 'Test Cases/Filtreler/BaslangicYaz'

2021-11-23 09:47:20 - [TEST_CASE][PASSED] - Test Cases/Filtreler/BaslangicYaz: Test Cases/Filtreler/BaslangicYaz

2021-11-23 09:47:20 - [TEST_STEP][PASSED] - delay(3): Delayed 3 second(s)

2021-11-23 09:47:20 - [MESSAGE][INFO] - Delaying browser in 3 second(s)

2021-11-23 09:47:23 - [MESSAGE][PASSED] - Delayed 3 second(s)

2021-11-23 09:47:23 - [TEST_STEP][PASSED] - Method.TextDegerineEsitElementinAltindakineTikla(findTestObject("Filtreler/Basliklar"), findTestObject("Filtreler/Basliga_Gore_Baslangic_Image"), Filtre_Adi): Method.TextDegerineEsitElementinAltindakineTikla is PASSED

2021-11-23 09:47:23 - [MESSAGE][INFO] - Finding Test Object 'Object Repository/Filtreler/Basliklar'

2021-11-23 09:47:23 - [MESSAGE][INFO] - Finding Test Object 'Object Repository/Filtreler/Basliga_Gore_Baslangic_Image'

2021-11-23 09:47:23 - [MESSAGE][INFO] - Checking timeout

2021-11-23 09:47:23 - [MESSAGE][INFO] - Finding web element with id: 'Object Repository/Filtreler/Basliklar' located by 'By.cssSelector: .control-label.col-sm-4.paddingMarginRLC' in '10' second(s)

2021-11-23 09:47:23 - [MESSAGE][INFO] - Smart Wait Function is triggered

2021-11-23 09:47:24 - [MESSAGE][INFO] - Found 8 web elements with id: 'Object Repository/Filtreler/Basliklar' located by 'By.cssSelector: .control-label.col-sm-4.paddingMarginRLC' in '10' second(s)

2021-11-23 09:47:24 - [MESSAGE][INFO] - Smart Wait Function is triggered

2021-11-23 09:47:24 - [MESSAGE][PASSED] - Method.TextDegerineEsitElementinAltindakineTikla is PASSED

2021-11-23 09:47:24 - [TEST_STEP][PASSED] - Method.TextDegerineEsitElementinAltindakiTextboxtaYaz(findTestObject("Filtreler/Basliklar"), findTestObject("Filtreler/Basliga_Gore_Baslangic"), Filtre_Adi, Filtre_Degeri): Method.TextDegerineEsitElementinAltindakiTextboxtaYaz is PASSED

2021-11-23 09:47:24 - [MESSAGE][INFO] - Finding Test Object 'Object Repository/Filtreler/Basliklar'

2021-11-23 09:47:24 - [MESSAGE][INFO] - Finding Test Object 'Object Repository/Filtreler/Basliga_Gore_Baslangic'

2021-11-23 09:47:24 - [MESSAGE][INFO] - Checking timeout

2021-11-23 09:47:24 - [MESSAGE][INFO] - Finding web element with id: 'Object Repository/Filtreler/Basliklar' located by 'By.cssSelector: .control-label.col-sm-4.paddingMarginRLC' in '10' second(s)

2021-11-23 09:47:24 - [MESSAGE][INFO] - Smart Wait Function is triggered

2021-11-23 09:47:24 - [MESSAGE][INFO] - Found 8 web elements with id: 'Object Repository/Filtreler/Basliklar' located by 'By.cssSelector: .control-label.col-sm-4.paddingMarginRLC' in '10' second(s)

2021-11-23 09:47:24 - [MESSAGE][INFO] - Smart Wait Function is triggered

2021-11-23 09:47:25 - [MESSAGE][PASSED] - Method.TextDegerineEsitElementinAltindakiTextboxtaYaz is PASSED

2021-11-23 09:47:25 - [MESSAGE][PASSED] - Call Test Case 'Test Cases/Filtreler/BaslangicYaz' successfully

2021-11-23 09:47:25 - [MESSAGE][INFO] - Checking called Test Case

2021-11-23 09:47:25 - [MESSAGE][INFO] - Starting to call Test Case 'Test Cases/Filtreler/BitisYaz'

2021-11-23 09:47:25 - [TEST_CASE][PASSED] - Test Cases/Filtreler/BitisYaz: Test Cases/Filtreler/BitisYaz

2021-11-23 09:47:25 - [TEST_STEP][PASSED] - Method.TextDegerineEsitElementinAltindakineTikla(findTestObject("Filtreler/Basliklar"), findTestObject("Filtreler/Basliga_Gore_Bitis_Image"), Filtre_Adi): Method.TextDegerineEsitElementinAltindakineTikla is PASSED

2021-11-23 09:47:25 - [MESSAGE][INFO] - Finding Test Object 'Object Repository/Filtreler/Basliklar'

2021-11-23 09:47:25 - [MESSAGE][INFO] - Finding Test Object 'Object Repository/Filtreler/Basliga_Gore_Bitis_Image'

2021-11-23 09:47:25 - [MESSAGE][INFO] - Checking timeout

2021-11-23 09:47:25 - [MESSAGE][INFO] - Finding web element with id: 'Object Repository/Filtreler/Basliklar' located by 'By.cssSelector: .control-label.col-sm-4.paddingMarginRLC' in '10' second(s)

2021-11-23 09:47:25 - [MESSAGE][INFO] - Smart Wait Function is triggered

2021-11-23 09:47:25 - [MESSAGE][INFO] - Found 8 web elements with id: 'Object Repository/Filtreler/Basliklar' located by 'By.cssSelector: .control-label.col-sm-4.paddingMarginRLC' in '10' second(s)

2021-11-23 09:47:25 - [MESSAGE][INFO] - Smart Wait Function is triggered

2021-11-23 09:47:26 - [MESSAGE][PASSED] - Method.TextDegerineEsitElementinAltindakineTikla is PASSED

2021-11-23 09:47:26 - [TEST_STEP][PASSED] - Method.TextDegerineEsitElementinAltindakiTextboxtaYaz(findTestObject("Filtreler/Basliklar"), findTestObject("Object Repository/Filtreler/Basliga_Gore_Bitis"), Filtre_Adi, Filtre_Degeri): Method.TextDegerineEsitElementinAltindakiTextboxtaYaz is PASSED

2021-11-23 09:47:26 - [MESSAGE][INFO] - Finding Test Object 'Object Repository/Filtreler/Basliklar'

2021-11-23 09:47:26 - [MESSAGE][INFO] - Finding Test Object 'Object Repository/Filtreler/Basliga_Gore_Bitis'

2021-11-23 09:47:26 - [MESSAGE][INFO] - Checking timeout

2021-11-23 09:47:26 - [MESSAGE][INFO] - Finding web element with id: 'Object Repository/Filtreler/Basliklar' located by 'By.cssSelector: .control-label.col-sm-4.paddingMarginRLC' in '10' second(s)

2021-11-23 09:47:26 - [MESSAGE][INFO] - Smart Wait Function is triggered

2021-11-23 09:47:26 - [MESSAGE][INFO] - Found 8 web elements with id: 'Object Repository/Filtreler/Basliklar' located by 'By.cssSelector: .control-label.col-sm-4.paddingMarginRLC' in '10' second(s)

2021-11-23 09:47:26 - [MESSAGE][INFO] - Smart Wait Function is triggered

2021-11-23 09:47:27 - [MESSAGE][PASSED] - Method.TextDegerineEsitElementinAltindakiTextboxtaYaz is PASSED

2021-11-23 09:47:27 - [MESSAGE][PASSED] - Call Test Case 'Test Cases/Filtreler/BitisYaz' successfully

2021-11-23 09:47:27 - [MESSAGE][INFO] - Checking called Test Case

2021-11-23 09:47:27 - [MESSAGE][INFO] - Starting to call Test Case 'Test Cases/Filtreler/ButonaTikla'

2021-11-23 09:47:27 - [TEST_CASE][PASSED] - Test Cases/Filtreler/ButonaTikla: Test Cases/Filtreler/ButonaTikla

2021-11-23 09:47:27 - [TEST_STEP][PASSED] - Method.TextDegerineEsitElementeTikla(findTestObject("Filtreler/Butonlar"), Filtre_Buton): Method.TextDegerineEsitElementeTikla is PASSED

2021-11-23 09:47:27 - [MESSAGE][INFO] - Finding Test Object 'Object Repository/Filtreler/Butonlar'

2021-11-23 09:47:27 - [MESSAGE][INFO] - Checking timeout

2021-11-23 09:47:27 - [MESSAGE][INFO] - Finding web element with id: 'Object Repository/Filtreler/Butonlar' located by 'By.cssSelector: .dxb>span' in '10' second(s)

2021-11-23 09:47:27 - [MESSAGE][INFO] - Smart Wait Function is triggered

2021-11-23 09:47:27 - [MESSAGE][INFO] - Found 3 web elements with id: 'Object Repository/Filtreler/Butonlar' located by 'By.cssSelector: .dxb>span' in '10' second(s)

2021-11-23 09:47:27 - [MESSAGE][PASSED] - Method.TextDegerineEsitElementeTikla is PASSED

2021-11-23 09:47:27 - [MESSAGE][PASSED] - Call Test Case 'Test Cases/Filtreler/ButonaTikla' successfully

2021-11-23 09:47:27 - [MESSAGE][INFO] - Checking called Test Case

2021-11-23 09:47:27 - [MESSAGE][INFO] - Starting to call Test Case 'Test Cases/Tablo/TablodakiVeriDetayi'

2021-11-23 09:47:27 - [TEST_CASE][PASSED] - Test Cases/Tablo/TablodakiVeriDetayi: Test Cases/Tablo/TablodakiVeriDetayi

2021-11-23 09:47:27 - [TEST_STEP][PASSED] - Method.TextDegerineEsitElementinAltindakineTikla(findTestObject("Tablo/Veriler"), findTestObject("Object Repository/Tablo/VerininArtiButonu"), Veri_Adi): Method.TextDegerineEsitElementinAltindakineTikla is PASSED

2021-11-23 09:47:27 - [MESSAGE][INFO] - Finding Test Object 'Object Repository/Tablo/Veriler'

2021-11-23 09:47:27 - [MESSAGE][INFO] - Finding Test Object 'Object Repository/Tablo/VerininArtiButonu'

2021-11-23 09:47:27 - [MESSAGE][INFO] - Checking timeout

2021-11-23 09:47:27 - [MESSAGE][INFO] - Finding web element with id: 'Object Repository/Tablo/Veriler' located by 'By.cssSelector: td.dxgv b ,td.dxgv' in '10' second(s)

2021-11-23 09:47:27 - [MESSAGE][INFO] - Smart Wait Function is triggered

2021-11-23 09:47:28 - [MESSAGE][INFO] - Found 110 web elements with id: 'Object Repository/Tablo/Veriler' located by 'By.cssSelector: td.dxgv b ,td.dxgv' in '10' second(s)

2021-11-23 09:47:28 - [MESSAGE][INFO] - Smart Wait Function is triggered

2021-11-23 09:47:28 - [MESSAGE][PASSED] - Method.TextDegerineEsitElementinAltindakineTikla is PASSED

2021-11-23 09:47:28 - [MESSAGE][PASSED] - Call Test Case 'Test Cases/Tablo/TablodakiVeriDetayi' successfully

2021-11-23 09:47:28 - [MESSAGE][INFO] - Checking called Test Case

2021-11-23 09:47:28 - [MESSAGE][INFO] - Starting to call Test Case 'Test Cases/Tablo/TablodakiVeriDetayi'

2021-11-23 09:47:28 - [TEST_CASE][PASSED] - Test Cases/Tablo/TablodakiVeriDetayi: Test Cases/Tablo/TablodakiVeriDetayi

2021-11-23 09:47:28 - [TEST_STEP][PASSED] - Method.TextDegerineEsitElementinAltindakineTikla(findTestObject("Tablo/Veriler"), findTestObject("Object Repository/Tablo/VerininArtiButonu"), Veri_Adi): Method.TextDegerineEsitElementinAltindakineTikla is PASSED

2021-11-23 09:47:28 - [MESSAGE][INFO] - Finding Test Object 'Object Repository/Tablo/Veriler'

2021-11-23 09:47:28 - [MESSAGE][INFO] - Finding Test Object 'Object Repository/Tablo/VerininArtiButonu'

2021-11-23 09:47:28 - [MESSAGE][INFO] - Checking timeout

2021-11-23 09:47:28 - [MESSAGE][INFO] - Finding web element with id: 'Object Repository/Tablo/Veriler' located by 'By.cssSelector: td.dxgv b ,td.dxgv' in '10' second(s)

2021-11-23 09:47:28 - [MESSAGE][INFO] - Smart Wait Function is triggered

2021-11-23 09:47:29 - [MESSAGE][INFO] - Found 133 web elements with id: 'Object Repository/Tablo/Veriler' located by 'By.cssSelector: td.dxgv b ,td.dxgv' in '10' second(s)

2021-11-23 09:47:29 - [MESSAGE][INFO] - Smart Wait Function is triggered

2021-11-23 09:47:29 - [MESSAGE][PASSED] - Method.TextDegerineEsitElementinAltindakineTikla is PASSED

2021-11-23 09:47:29 - [MESSAGE][PASSED] - Call Test Case 'Test Cases/Tablo/TablodakiVeriDetayi' successfully

2021-11-23 09:47:29 - [MESSAGE][INFO] - Checking called Test Case

2021-11-23 09:47:29 - [MESSAGE][INFO] - Starting to call Test Case 'Test Cases/Butonlar/NumaraliSayfayaGec'

2021-11-23 09:47:29 - [TEST_CASE][PASSED] - Test Cases/Butonlar/NumaraliSayfayaGec: Test Cases/Butonlar/NumaraliSayfayaGec

2021-11-23 09:47:29 - [TEST_STEP][PASSED] - waitForElementClickable(findTestObject("Butonlar/SayfaNumarasi"), 10): Object 'Object Repository/Butonlar/SayfaNumarasi' is clickable

2021-11-23 09:47:29 - [MESSAGE][INFO] - Finding Test Object 'Object Repository/Butonlar/SayfaNumarasi'

2021-11-23 09:47:29 - [MESSAGE][INFO] - Checking object

2021-11-23 09:47:29 - [MESSAGE][INFO] - Checking timeout

2021-11-23 09:47:29 - [MESSAGE][INFO] - Finding web element from Test Object's properties

2021-11-23 09:47:29 - [MESSAGE][INFO] - Checking timeout

2021-11-23 09:47:29 - [MESSAGE][INFO] - Finding web element with id: 'Object Repository/Butonlar/SayfaNumarasi' located by 'By.cssSelector: .dxp-num' in '10' second(s)

2021-11-23 09:47:29 - [MESSAGE][INFO] - Smart Wait Function is triggered

2021-11-23 09:47:30 - [MESSAGE][INFO] - Found 3 web elements with id: 'Object Repository/Butonlar/SayfaNumarasi' located by 'By.cssSelector: .dxp-num' in '10' second(s)

2021-11-23 09:47:30 - [MESSAGE][PASSED] - Object 'Object Repository/Butonlar/SayfaNumarasi' is clickable

2021-11-23 09:47:30 - [TEST_STEP][PASSED] - Method.TextDegerineEsitElementeTiklaEquals(findTestObject("Butonlar/SayfaNumarasi"), SayfaNumarasi): Method.TextDegerineEsitElementeTiklaEquals is PASSED

2021-11-23 09:47:30 - [MESSAGE][INFO] - Finding Test Object 'Object Repository/Butonlar/SayfaNumarasi'

2021-11-23 09:47:30 - [MESSAGE][INFO] - Checking timeout

2021-11-23 09:47:30 - [MESSAGE][INFO] - Finding web element with id: 'Object Repository/Butonlar/SayfaNumarasi' located by 'By.cssSelector: .dxp-num' in '10' second(s)

2021-11-23 09:47:30 - [MESSAGE][INFO] - Smart Wait Function is triggered

2021-11-23 09:47:30 - [MESSAGE][INFO] - Found 3 web elements with id: 'Object Repository/Butonlar/SayfaNumarasi' located by 'By.cssSelector: .dxp-num' in '10' second(s)

2021-11-23 09:47:30 - [MESSAGE][PASSED] - Method.TextDegerineEsitElementeTiklaEquals is PASSED

2021-11-23 09:47:30 - [MESSAGE][PASSED] - Call Test Case 'Test Cases/Butonlar/NumaraliSayfayaGec' successfully

2021-11-23 09:47:30 - [MESSAGE][INFO] - Checking called Test Case

2021-11-23 09:47:30 - [MESSAGE][INFO] - Starting to call Test Case 'Test Cases/Butonlar/NumaraliSayfayaGec'

2021-11-23 09:47:30 - [TEST_CASE][PASSED] - Test Cases/Butonlar/NumaraliSayfayaGec: Test Cases/Butonlar/NumaraliSayfayaGec

2021-11-23 09:47:30 - [TEST_STEP][PASSED] - waitForElementClickable(findTestObject("Butonlar/SayfaNumarasi"), 10): Object 'Object Repository/Butonlar/SayfaNumarasi' is clickable

2021-11-23 09:47:30 - [MESSAGE][INFO] - Finding Test Object 'Object Repository/Butonlar/SayfaNumarasi'

2021-11-23 09:47:31 - [MESSAGE][INFO] - Checking object

2021-11-23 09:47:31 - [MESSAGE][INFO] - Checking timeout

2021-11-23 09:47:31 - [MESSAGE][INFO] - Finding web element from Test Object's properties

2021-11-23 09:47:31 - [MESSAGE][INFO] - Checking timeout

2021-11-23 09:47:31 - [MESSAGE][INFO] - Finding web element with id: 'Object Repository/Butonlar/SayfaNumarasi' located by 'By.cssSelector: .dxp-num' in '10' second(s)

2021-11-23 09:47:31 - [MESSAGE][INFO] - Smart Wait Function is triggered

2021-11-23 09:47:31 - [MESSAGE][INFO] - Found 3 web elements with id: 'Object Repository/Butonlar/SayfaNumarasi' located by 'By.cssSelector: .dxp-num' in '10' second(s)

2021-11-23 09:47:31 - [MESSAGE][PASSED] - Object 'Object Repository/Butonlar/SayfaNumarasi' is clickable

2021-11-23 09:47:31 - [TEST_STEP][PASSED] - Method.TextDegerineEsitElementeTiklaEquals(findTestObject("Butonlar/SayfaNumarasi"), SayfaNumarasi): Method.TextDegerineEsitElementeTiklaEquals is PASSED

2021-11-23 09:47:31 - [MESSAGE][INFO] - Finding Test Object 'Object Repository/Butonlar/SayfaNumarasi'

2021-11-23 09:47:31 - [MESSAGE][INFO] - Checking timeout

2021-11-23 09:47:31 - [MESSAGE][INFO] - Finding web element with id: 'Object Repository/Butonlar/SayfaNumarasi' located by 'By.cssSelector: .dxp-num' in '10' second(s)

2021-11-23 09:47:31 - [MESSAGE][INFO] - Smart Wait Function is triggered

2021-11-23 09:47:31 - [MESSAGE][INFO] - Found 3 web elements with id: 'Object Repository/Butonlar/SayfaNumarasi' located by 'By.cssSelector: .dxp-num' in '10' second(s)

2021-11-23 09:47:31 - [MESSAGE][PASSED] - Method.TextDegerineEsitElementeTiklaEquals is PASSED

2021-11-23 09:47:31 - [MESSAGE][PASSED] - Call Test Case 'Test Cases/Butonlar/NumaraliSayfayaGec' successfully

2021-11-23 09:47:31 - [MESSAGE][INFO] - Checking called Test Case

2021-11-23 09:47:31 - [MESSAGE][INFO] - Starting to call Test Case 'Test Cases/Butonlar/NumaraliSayfayaGec'

2021-11-23 09:47:32 - [TEST_CASE][PASSED] - Test Cases/Butonlar/NumaraliSayfayaGec: Test Cases/Butonlar/NumaraliSayfayaGec

2021-11-23 09:47:32 - [TEST_STEP][PASSED] - waitForElementClickable(findTestObject("Butonlar/SayfaNumarasi"), 10): Object 'Object Repository/Butonlar/SayfaNumarasi' is clickable

2021-11-23 09:47:32 - [MESSAGE][INFO] - Finding Test Object 'Object Repository/Butonlar/SayfaNumarasi'

2021-11-23 09:47:32 - [MESSAGE][INFO] - Checking object

2021-11-23 09:47:32 - [MESSAGE][INFO] - Checking timeout

2021-11-23 09:47:32 - [MESSAGE][INFO] - Finding web element from Test Object's properties

2021-11-23 09:47:32 - [MESSAGE][INFO] - Checking timeout

2021-11-23 09:47:32 - [MESSAGE][INFO] - Finding web element with id: 'Object Repository/Butonlar/SayfaNumarasi' located by 'By.cssSelector: .dxp-num' in '10' second(s)

2021-11-23 09:47:32 - [MESSAGE][INFO] - Smart Wait Function is triggered

2021-11-23 09:47:32 - [MESSAGE][INFO] - Found 3 web elements with id: 'Object Repository/Butonlar/SayfaNumarasi' located by 'By.cssSelector: .dxp-num' in '10' second(s)

2021-11-23 09:47:32 - [MESSAGE][PASSED] - Object 'Object Repository/Butonlar/SayfaNumarasi' is clickable

2021-11-23 09:47:32 - [TEST_STEP][PASSED] - Method.TextDegerineEsitElementeTiklaEquals(findTestObject("Butonlar/SayfaNumarasi"), SayfaNumarasi): Method.TextDegerineEsitElementeTiklaEquals is PASSED

2021-11-23 09:47:32 - [MESSAGE][INFO] - Finding Test Object 'Object Repository/Butonlar/SayfaNumarasi'

2021-11-23 09:47:32 - [MESSAGE][INFO] - Checking timeout

2021-11-23 09:47:32 - [MESSAGE][INFO] - Finding web element with id: 'Object Repository/Butonlar/SayfaNumarasi' located by 'By.cssSelector: .dxp-num' in '10' second(s)

2021-11-23 09:47:32 - [MESSAGE][INFO] - Smart Wait Function is triggered

2021-11-23 09:47:32 - [MESSAGE][INFO] - Found 3 web elements with id: 'Object Repository/Butonlar/SayfaNumarasi' located by 'By.cssSelector: .dxp-num' in '10' second(s)

2021-11-23 09:47:33 - [MESSAGE][PASSED] - Method.TextDegerineEsitElementeTiklaEquals is PASSED

2021-11-23 09:47:33 - [MESSAGE][PASSED] - Call Test Case 'Test Cases/Butonlar/NumaraliSayfayaGec' successfully

2021-11-23 09:47:33 - [MESSAGE][INFO] - Checking called Test Case

2021-11-23 09:47:33 - [MESSAGE][INFO] - Starting to call Test Case 'Test Cases/Butonlar/SayfaBoyutuZarflar'

2021-11-23 09:47:33 - [TEST_CASE][PASSED] - Test Cases/Butonlar/SayfaBoyutuZarflar: Test Cases/Butonlar/SayfaBoyutuZarflar

2021-11-23 09:47:33 - [TEST_STEP][PASSED] - click(findTestObject("Object Repository/Butonlar/SayfaBoyutuDropdownZarflar")): Object: 'Object Repository/Butonlar/SayfaBoyutuDropdownZarflar' is clicked on

2021-11-23 09:47:33 - [MESSAGE][INFO] - Finding Test Object 'Object Repository/Butonlar/SayfaBoyutuDropdownZarflar'

2021-11-23 09:47:33 - [MESSAGE][INFO] - Checking object

2021-11-23 09:47:33 - [MESSAGE][INFO] - Finding web element from Test Object's properties

2021-11-23 09:47:33 - [MESSAGE][INFO] - Checking timeout

2021-11-23 09:47:33 - [MESSAGE][INFO] - Finding web element with id: 'Object Repository/Butonlar/SayfaBoyutuDropdownZarflar' located by 'By.xpath: //*[@id="GridViewEnvelope_DXPagerBottom_DDB"]' in '30' second(s)

2021-11-23 09:47:33 - [MESSAGE][INFO] - Smart Wait Function is triggered

2021-11-23 09:47:33 - [MESSAGE][INFO] - Found 1 web elements with id: 'Object Repository/Butonlar/SayfaBoyutuDropdownZarflar' located by 'By.xpath: //*[@id="GridViewEnvelope_DXPagerBottom_DDB"]' in '30' second(s)

2021-11-23 09:47:33 - [MESSAGE][INFO] - Clicking on object: 'Object Repository/Butonlar/SayfaBoyutuDropdownZarflar'

2021-11-23 09:47:33 - [MESSAGE][PASSED] - Object: 'Object Repository/Butonlar/SayfaBoyutuDropdownZarflar' is clicked on

2021-11-23 09:47:33 - [TEST_STEP][PASSED] - Method.TextDegerineEsitElementeTikla(findTestObject("Butonlar/SayfaBoyutu"), SayfaBoyutu): Method.TextDegerineEsitElementeTikla is PASSED

2021-11-23 09:47:33 - [MESSAGE][INFO] - Finding Test Object 'Object Repository/Butonlar/SayfaBoyutu'

2021-11-23 09:47:33 - [MESSAGE][INFO] - Checking timeout

2021-11-23 09:47:33 - [MESSAGE][INFO] - Finding web element with id: 'Object Repository/Butonlar/SayfaBoyutu' located by 'By.cssSelector: .dxm-item .dx-vam' in '10' second(s)

2021-11-23 09:47:33 - [MESSAGE][INFO] - Smart Wait Function is triggered

2021-11-23 09:47:34 - [MESSAGE][INFO] - Found 3 web elements with id: 'Object Repository/Butonlar/SayfaBoyutu' located by 'By.cssSelector: .dxm-item .dx-vam' in '10' second(s)

2021-11-23 09:47:34 - [MESSAGE][PASSED] - Method.TextDegerineEsitElementeTikla is PASSED

2021-11-23 09:47:34 - [MESSAGE][PASSED] - Call Test Case 'Test Cases/Butonlar/SayfaBoyutuZarflar' successfully

2021-11-23 09:47:34 - [MESSAGE][INFO] - Checking called Test Case

2021-11-23 09:47:34 - [MESSAGE][INFO] - Starting to call Test Case 'Test Cases/Butonlar/SayfaBoyutuZarflar'

2021-11-23 09:47:34 - [TEST_CASE][PASSED] - Test Cases/Butonlar/SayfaBoyutuZarflar: Test Cases/Butonlar/SayfaBoyutuZarflar

2021-11-23 09:47:34 - [TEST_STEP][PASSED] - click(findTestObject("Object Repository/Butonlar/SayfaBoyutuDropdownZarflar")): Object: 'Object Repository/Butonlar/SayfaBoyutuDropdownZarflar' is clicked on

2021-11-23 09:47:34 - [MESSAGE][INFO] - Finding Test Object 'Object Repository/Butonlar/SayfaBoyutuDropdownZarflar'

2021-11-23 09:47:34 - [MESSAGE][INFO] - Checking object

2021-11-23 09:47:34 - [MESSAGE][INFO] - Finding web element from Test Object's properties

2021-11-23 09:47:34 - [MESSAGE][INFO] - Checking timeout

2021-11-23 09:47:34 - [MESSAGE][INFO] - Finding web element with id: 'Object Repository/Butonlar/SayfaBoyutuDropdownZarflar' located by 'By.xpath: //*[@id="GridViewEnvelope_DXPagerBottom_DDB"]' in '30' second(s)

2021-11-23 09:47:34 - [MESSAGE][INFO] - Smart Wait Function is triggered

2021-11-23 09:47:34 - [MESSAGE][INFO] - Found 1 web elements with id: 'Object Repository/Butonlar/SayfaBoyutuDropdownZarflar' located by 'By.xpath: //*[@id="GridViewEnvelope_DXPagerBottom_DDB"]' in '30' second(s)

2021-11-23 09:47:34 - [MESSAGE][INFO] - Clicking on object: 'Object Repository/Butonlar/SayfaBoyutuDropdownZarflar'

2021-11-23 09:47:34 - [MESSAGE][PASSED] - Object: 'Object Repository/Butonlar/SayfaBoyutuDropdownZarflar' is clicked on

2021-11-23 09:47:34 - [TEST_STEP][PASSED] - Method.TextDegerineEsitElementeTikla(findTestObject("Butonlar/SayfaBoyutu"), SayfaBoyutu): Method.TextDegerineEsitElementeTikla is PASSED

2021-11-23 09:47:34 - [MESSAGE][INFO] - Finding Test Object 'Object Repository/Butonlar/SayfaBoyutu'

2021-11-23 09:47:34 - [MESSAGE][INFO] - Checking timeout

2021-11-23 09:47:34 - [MESSAGE][INFO] - Finding web element with id: 'Object Repository/Butonlar/SayfaBoyutu' located by 'By.cssSelector: .dxm-item .dx-vam' in '10' second(s)

2021-11-23 09:47:34 - [MESSAGE][INFO] - Smart Wait Function is triggered

2021-11-23 09:47:35 - [MESSAGE][INFO] - Found 3 web elements with id: 'Object Repository/Butonlar/SayfaBoyutu' located by 'By.cssSelector: .dxm-item .dx-vam' in '10' second(s)

2021-11-23 09:47:35 - [MESSAGE][PASSED] - Method.TextDegerineEsitElementeTikla is PASSED

2021-11-23 09:47:35 - [MESSAGE][PASSED] - Call Test Case 'Test Cases/Butonlar/SayfaBoyutuZarflar' successfully

2021-11-23 09:47:35 - [MESSAGE][INFO] - Checking called Test Case

2021-11-23 09:47:35 - [MESSAGE][INFO] - Starting to call Test Case 'Test Cases/Butonlar/SayfaBoyutuZarflar'

2021-11-23 09:47:35 - [TEST_CASE][PASSED] - Test Cases/Butonlar/SayfaBoyutuZarflar: Test Cases/Butonlar/SayfaBoyutuZarflar

2021-11-23 09:47:35 - [TEST_STEP][PASSED] - click(findTestObject("Object Repository/Butonlar/SayfaBoyutuDropdownZarflar")): Object: 'Object Repository/Butonlar/SayfaBoyutuDropdownZarflar' is clicked on

2021-11-23 09:47:35 - [MESSAGE][INFO] - Finding Test Object 'Object Repository/Butonlar/SayfaBoyutuDropdownZarflar'

2021-11-23 09:47:35 - [MESSAGE][INFO] - Checking object

2021-11-23 09:47:35 - [MESSAGE][INFO] - Finding web element from Test Object's properties

2021-11-23 09:47:35 - [MESSAGE][INFO] - Checking timeout

2021-11-23 09:47:35 - [MESSAGE][INFO] - Finding web element with id: 'Object Repository/Butonlar/SayfaBoyutuDropdownZarflar' located by 'By.xpath: //*[@id="GridViewEnvelope_DXPagerBottom_DDB"]' in '30' second(s)

2021-11-23 09:47:35 - [MESSAGE][INFO] - Smart Wait Function is triggered

2021-11-23 09:47:35 - [MESSAGE][INFO] - Found 1 web elements with id: 'Object Repository/Butonlar/SayfaBoyutuDropdownZarflar' located by 'By.xpath: //*[@id="GridViewEnvelope_DXPagerBottom_DDB"]' in '30' second(s)

2021-11-23 09:47:35 - [MESSAGE][INFO] - Clicking on object: 'Object Repository/Butonlar/SayfaBoyutuDropdownZarflar'

2021-11-23 09:47:36 - [MESSAGE][PASSED] - Object: 'Object Repository/Butonlar/SayfaBoyutuDropdownZarflar' is clicked on

2021-11-23 09:47:36 - [TEST_STEP][PASSED] - Method.TextDegerineEsitElementeTikla(findTestObject("Butonlar/SayfaBoyutu"), SayfaBoyutu): Method.TextDegerineEsitElementeTikla is PASSED

2021-11-23 09:47:36 - [MESSAGE][INFO] - Finding Test Object 'Object Repository/Butonlar/SayfaBoyutu'

2021-11-23 09:47:36 - [MESSAGE][INFO] - Checking timeout

2021-11-23 09:47:36 - [MESSAGE][INFO] - Finding web element with id: 'Object Repository/Butonlar/SayfaBoyutu' located by 'By.cssSelector: .dxm-item .dx-vam' in '10' second(s)

2021-11-23 09:47:36 - [MESSAGE][INFO] - Smart Wait Function is triggered

2021-11-23 09:47:36 - [MESSAGE][INFO] - Found 3 web elements with id: 'Object Repository/Butonlar/SayfaBoyutu' located by 'By.cssSelector: .dxm-item .dx-vam' in '10' second(s)

2021-11-23 09:47:36 - [MESSAGE][PASSED] - Method.TextDegerineEsitElementeTikla is PASSED

2021-11-23 09:47:36 - [MESSAGE][PASSED] - Call Test Case 'Test Cases/Butonlar/SayfaBoyutuZarflar' successfully

2021-11-23 09:47:36 - [MESSAGE][INFO] - Checking called Test Case

2021-11-23 09:47:36 - [MESSAGE][INFO] - Starting to call Test Case 'Test Cases/Filtreler/FiltreVarMi'

2021-11-23 09:47:36 - [TEST_CASE][PASSED] - Test Cases/Filtreler/FiltreVarMi: Test Cases/Filtreler/FiltreVarMi

2021-11-23 09:47:36 - [TEST_STEP][PASSED] - Method.TextDegerineEsitElementVarMi(findTestObject("Filtreler/Basliklar"), Filtre_alan): Method.TextDegerineEsitElementVarMi is PASSED

2021-11-23 09:47:36 - [MESSAGE][INFO] - Finding Test Object 'Object Repository/Filtreler/Basliklar'

2021-11-23 09:47:36 - [MESSAGE][INFO] - Checking timeout

2021-11-23 09:47:36 - [MESSAGE][INFO] - Finding web element with id: 'Object Repository/Filtreler/Basliklar' located by 'By.cssSelector: .control-label.col-sm-4.paddingMarginRLC' in '10' second(s)

2021-11-23 09:47:36 - [MESSAGE][INFO] - Smart Wait Function is triggered

2021-11-23 09:47:37 - [MESSAGE][INFO] - Found 8 web elements with id: 'Object Repository/Filtreler/Basliklar' located by 'By.cssSelector: .control-label.col-sm-4.paddingMarginRLC' in '10' second(s)

2021-11-23 09:47:37 - [MESSAGE][PASSED] - Method.TextDegerineEsitElementVarMi is PASSED

2021-11-23 09:47:37 - [MESSAGE][PASSED] - Call Test Case 'Test Cases/Filtreler/FiltreVarMi' successfully

2021-11-23 09:47:37 - [MESSAGE][INFO] - Checking called Test Case

2021-11-23 09:47:37 - [MESSAGE][INFO] - Starting to call Test Case 'Test Cases/Filtreler/FiltreVarMi'

2021-11-23 09:47:37 - [TEST_CASE][PASSED] - Test Cases/Filtreler/FiltreVarMi: Test Cases/Filtreler/FiltreVarMi

2021-11-23 09:47:37 - [TEST_STEP][PASSED] - Method.TextDegerineEsitElementVarMi(findTestObject("Filtreler/Basliklar"), Filtre_alan): Method.TextDegerineEsitElementVarMi is PASSED

2021-11-23 09:47:37 - [MESSAGE][INFO] - Finding Test Object 'Object Repository/Filtreler/Basliklar'

2021-11-23 09:47:37 - [MESSAGE][INFO] - Checking timeout

2021-11-23 09:47:37 - [MESSAGE][INFO] - Finding web element with id: 'Object Repository/Filtreler/Basliklar' located by 'By.cssSelector: .control-label.col-sm-4.paddingMarginRLC' in '10' second(s)

2021-11-23 09:47:37 - [MESSAGE][INFO] - Smart Wait Function is triggered

2021-11-23 09:47:37 - [MESSAGE][INFO] - Found 8 web elements with id: 'Object Repository/Filtreler/Basliklar' located by 'By.cssSelector: .control-label.col-sm-4.paddingMarginRLC' in '10' second(s)

2021-11-23 09:47:37 - [MESSAGE][PASSED] - Method.TextDegerineEsitElementVarMi is PASSED

2021-11-23 09:47:37 - [MESSAGE][PASSED] - Call Test Case 'Test Cases/Filtreler/FiltreVarMi' successfully

2021-11-23 09:47:37 - [MESSAGE][INFO] - Checking called Test Case

2021-11-23 09:47:37 - [MESSAGE][INFO] - Starting to call Test Case 'Test Cases/Filtreler/FiltreVarMi'

2021-11-23 09:47:37 - [TEST_CASE][PASSED] - Test Cases/Filtreler/FiltreVarMi: Test Cases/Filtreler/FiltreVarMi

2021-11-23 09:47:37 - [TEST_STEP][PASSED] - Method.TextDegerineEsitElementVarMi(findTestObject("Filtreler/Basliklar"), Filtre_alan): Method.TextDegerineEsitElementVarMi is PASSED

2021-11-23 09:47:37 - [MESSAGE][INFO] - Finding Test Object 'Object Repository/Filtreler/Basliklar'

2021-11-23 09:47:37 - [MESSAGE][INFO] - Checking timeout

2021-11-23 09:47:37 - [MESSAGE][INFO] - Finding web element with id: 'Object Repository/Filtreler/Basliklar' located by 'By.cssSelector: .control-label.col-sm-4.paddingMarginRLC' in '10' second(s)

2021-11-23 09:47:37 - [MESSAGE][INFO] - Smart Wait Function is triggered

2021-11-23 09:47:37 - [MESSAGE][INFO] - Found 8 web elements with id: 'Object Repository/Filtreler/Basliklar' located by 'By.cssSelector: .control-label.col-sm-4.paddingMarginRLC' in '10' second(s)

2021-11-23 09:47:37 - [MESSAGE][PASSED] - Method.TextDegerineEsitElementVarMi is PASSED

2021-11-23 09:47:37 - [MESSAGE][PASSED] - Call Test Case 'Test Cases/Filtreler/FiltreVarMi' successfully

2021-11-23 09:47:37 - [MESSAGE][INFO] - Checking called Test Case

2021-11-23 09:47:37 - [MESSAGE][INFO] - Starting to call Test Case 'Test Cases/Filtreler/FiltreVarMi'

2021-11-23 09:47:38 - [TEST_CASE][PASSED] - Test Cases/Filtreler/FiltreVarMi: Test Cases/Filtreler/FiltreVarMi

2021-11-23 09:47:38 - [TEST_STEP][PASSED] - Method.TextDegerineEsitElementVarMi(findTestObject("Filtreler/Basliklar"), Filtre_alan): Method.TextDegerineEsitElementVarMi is PASSED

2021-11-23 09:47:38 - [MESSAGE][INFO] - Finding Test Object 'Object Repository/Filtreler/Basliklar'

2021-11-23 09:47:38 - [MESSAGE][INFO] - Checking timeout

2021-11-23 09:47:38 - [MESSAGE][INFO] - Finding web element with id: 'Object Repository/Filtreler/Basliklar' located by 'By.cssSelector: .control-label.col-sm-4.paddingMarginRLC' in '10' second(s)

2021-11-23 09:47:38 - [MESSAGE][INFO] - Smart Wait Function is triggered

2021-11-23 09:47:38 - [MESSAGE][INFO] - Found 8 web elements with id: 'Object Repository/Filtreler/Basliklar' located by 'By.cssSelector: .control-label.col-sm-4.paddingMarginRLC' in '10' second(s)

2021-11-23 09:47:38 - [MESSAGE][PASSED] - Method.TextDegerineEsitElementVarMi is PASSED

2021-11-23 09:47:38 - [MESSAGE][PASSED] - Call Test Case 'Test Cases/Filtreler/FiltreVarMi' successfully

2021-11-23 09:47:38 - [MESSAGE][INFO] - Checking called Test Case

2021-11-23 09:47:38 - [MESSAGE][INFO] - Starting to call Test Case 'Test Cases/Filtreler/FiltreVarMi'

2021-11-23 09:47:38 - [TEST_CASE][PASSED] - Test Cases/Filtreler/FiltreVarMi: Test Cases/Filtreler/FiltreVarMi

2021-11-23 09:47:38 - [TEST_STEP][PASSED] - Method.TextDegerineEsitElementVarMi(findTestObject("Filtreler/Basliklar"), Filtre_alan): Method.TextDegerineEsitElementVarMi is PASSED

2021-11-23 09:47:38 - [MESSAGE][INFO] - Finding Test Object 'Object Repository/Filtreler/Basliklar'

2021-11-23 09:47:38 - [MESSAGE][INFO] - Checking timeout

2021-11-23 09:47:38 - [MESSAGE][INFO] - Finding web element with id: 'Object Repository/Filtreler/Basliklar' located by 'By.cssSelector: .control-label.col-sm-4.paddingMarginRLC' in '10' second(s)

2021-11-23 09:47:38 - [MESSAGE][INFO] - Smart Wait Function is triggered

2021-11-23 09:47:38 - [MESSAGE][INFO] - Found 8 web elements with id: 'Object Repository/Filtreler/Basliklar' located by 'By.cssSelector: .control-label.col-sm-4.paddingMarginRLC' in '10' second(s)

2021-11-23 09:47:38 - [MESSAGE][PASSED] - Method.TextDegerineEsitElementVarMi is PASSED

2021-11-23 09:47:38 - [MESSAGE][PASSED] - Call Test Case 'Test Cases/Filtreler/FiltreVarMi' successfully

2021-11-23 09:47:38 - [MESSAGE][INFO] - Checking called Test Case

2021-11-23 09:47:38 - [MESSAGE][INFO] - Starting to call Test Case 'Test Cases/Filtreler/FiltreVarMi'

2021-11-23 09:47:39 - [TEST_CASE][PASSED] - Test Cases/Filtreler/FiltreVarMi: Test Cases/Filtreler/FiltreVarMi

2021-11-23 09:47:39 - [TEST_STEP][PASSED] - Method.TextDegerineEsitElementVarMi(findTestObject("Filtreler/Basliklar"), Filtre_alan): Method.TextDegerineEsitElementVarMi is PASSED

2021-11-23 09:47:39 - [MESSAGE][INFO] - Finding Test Object 'Object Repository/Filtreler/Basliklar'

2021-11-23 09:47:39 - [MESSAGE][INFO] - Checking timeout

2021-11-23 09:47:39 - [MESSAGE][INFO] - Finding web element with id: 'Object Repository/Filtreler/Basliklar' located by 'By.cssSelector: .control-label.col-sm-4.paddingMarginRLC' in '10' second(s)

2021-11-23 09:47:39 - [MESSAGE][INFO] - Smart Wait Function is triggered

2021-11-23 09:47:39 - [MESSAGE][INFO] - Found 8 web elements with id: 'Object Repository/Filtreler/Basliklar' located by 'By.cssSelector: .control-label.col-sm-4.paddingMarginRLC' in '10' second(s)

2021-11-23 09:47:39 - [MESSAGE][PASSED] - Method.TextDegerineEsitElementVarMi is PASSED

2021-11-23 09:47:39 - [MESSAGE][PASSED] - Call Test Case 'Test Cases/Filtreler/FiltreVarMi' successfully

2021-11-23 09:47:39 - [MESSAGE][INFO] - Checking called Test Case

2021-11-23 09:47:39 - [MESSAGE][INFO] - Starting to call Test Case 'Test Cases/Filtreler/FiltreVarMi'

2021-11-23 09:47:39 - [TEST_CASE][PASSED] - Test Cases/Filtreler/FiltreVarMi: Test Cases/Filtreler/FiltreVarMi

2021-11-23 09:47:39 - [TEST_STEP][PASSED] - Method.TextDegerineEsitElementVarMi(findTestObject("Filtreler/Basliklar"), Filtre_alan): Method.TextDegerineEsitElementVarMi is PASSED

2021-11-23 09:47:39 - [MESSAGE][INFO] - Finding Test Object 'Object Repository/Filtreler/Basliklar'

2021-11-23 09:47:39 - [MESSAGE][INFO] - Checking timeout

2021-11-23 09:47:39 - [MESSAGE][INFO] - Finding web element with id: 'Object Repository/Filtreler/Basliklar' located by 'By.cssSelector: .control-label.col-sm-4.paddingMarginRLC' in '10' second(s)

2021-11-23 09:47:39 - [MESSAGE][INFO] - Smart Wait Function is triggered

2021-11-23 09:47:39 - [MESSAGE][INFO] - Found 8 web elements with id: 'Object Repository/Filtreler/Basliklar' located by 'By.cssSelector: .control-label.col-sm-4.paddingMarginRLC' in '10' second(s)

2021-11-23 09:47:39 - [MESSAGE][PASSED] - Method.TextDegerineEsitElementVarMi is PASSED

2021-11-23 09:47:39 - [MESSAGE][PASSED] - Call Test Case 'Test Cases/Filtreler/FiltreVarMi' successfully

2021-11-23 09:47:39 - [MESSAGE][INFO] - Checking called Test Case

2021-11-23 09:47:39 - [MESSAGE][INFO] - Starting to call Test Case 'Test Cases/Filtreler/FiltreVarMi'

2021-11-23 09:47:39 - [TEST_CASE][PASSED] - Test Cases/Filtreler/FiltreVarMi: Test Cases/Filtreler/FiltreVarMi

2021-11-23 09:47:39 - [TEST_STEP][PASSED] - Method.TextDegerineEsitElementVarMi(findTestObject("Filtreler/Basliklar"), Filtre_alan): Method.TextDegerineEsitElementVarMi is PASSED

2021-11-23 09:47:39 - [MESSAGE][INFO] - Finding Test Object 'Object Repository/Filtreler/Basliklar'

2021-11-23 09:47:40 - [MESSAGE][INFO] - Checking timeout

2021-11-23 09:47:40 - [MESSAGE][INFO] - Finding web element with id: 'Object Repository/Filtreler/Basliklar' located by 'By.cssSelector: .control-label.col-sm-4.paddingMarginRLC' in '10' second(s)

2021-11-23 09:47:40 - [MESSAGE][INFO] - Smart Wait Function is triggered

2021-11-23 09:47:40 - [MESSAGE][INFO] - Found 8 web elements with id: 'Object Repository/Filtreler/Basliklar' located by 'By.cssSelector: .control-label.col-sm-4.paddingMarginRLC' in '10' second(s)

2021-11-23 09:47:40 - [MESSAGE][PASSED] - Method.TextDegerineEsitElementVarMi is PASSED

2021-11-23 09:47:40 - [MESSAGE][PASSED] - Call Test Case 'Test Cases/Filtreler/FiltreVarMi' successfully

2021-11-23 09:47:40 - [MESSAGE][INFO] - Checking called Test Case

2021-11-23 09:47:40 - [MESSAGE][INFO] - Starting to call Test Case 'Test Cases/Filtreler/ButonVarMi'

2021-11-23 09:47:40 - [TEST_CASE][PASSED] - Test Cases/Filtreler/ButonVarMi: Test Cases/Filtreler/ButonVarMi

2021-11-23 09:47:40 - [TEST_STEP][PASSED] - Method.TextDegerineEsitElementVarMi(findTestObject("Filtreler/Butonlar"), Filtre_Buton): Method.TextDegerineEsitElementVarMi is PASSED

2021-11-23 09:47:40 - [MESSAGE][INFO] - Finding Test Object 'Object Repository/Filtreler/Butonlar'

2021-11-23 09:47:40 - [MESSAGE][INFO] - Checking timeout

2021-11-23 09:47:40 - [MESSAGE][INFO] - Finding web element with id: 'Object Repository/Filtreler/Butonlar' located by 'By.cssSelector: .dxb>span' in '10' second(s)

2021-11-23 09:47:40 - [MESSAGE][INFO] - Smart Wait Function is triggered

2021-11-23 09:47:40 - [MESSAGE][INFO] - Found 3 web elements with id: 'Object Repository/Filtreler/Butonlar' located by 'By.cssSelector: .dxb>span' in '10' second(s)

2021-11-23 09:47:40 - [MESSAGE][PASSED] - Method.TextDegerineEsitElementVarMi is PASSED

2021-11-23 09:47:40 - [MESSAGE][PASSED] - Call Test Case 'Test Cases/Filtreler/ButonVarMi' successfully

2021-11-23 09:47:40 - [MESSAGE][INFO] - Checking called Test Case

2021-11-23 09:47:40 - [MESSAGE][INFO] - Starting to call Test Case 'Test Cases/Filtreler/ButonVarMi'

2021-11-23 09:47:40 - [TEST_CASE][PASSED] - Test Cases/Filtreler/ButonVarMi: Test Cases/Filtreler/ButonVarMi

2021-11-23 09:47:40 - [TEST_STEP][PASSED] - Method.TextDegerineEsitElementVarMi(findTestObject("Filtreler/Butonlar"), Filtre_Buton): Method.TextDegerineEsitElementVarMi is PASSED

2021-11-23 09:47:40 - [MESSAGE][INFO] - Finding Test Object 'Object Repository/Filtreler/Butonlar'

2021-11-23 09:47:41 - [MESSAGE][INFO] - Checking timeout

2021-11-23 09:47:41 - [MESSAGE][INFO] - Finding web element with id: 'Object Repository/Filtreler/Butonlar' located by 'By.cssSelector: .dxb>span' in '10' second(s)

2021-11-23 09:47:41 - [MESSAGE][INFO] - Smart Wait Function is triggered

2021-11-23 09:47:41 - [MESSAGE][INFO] - Found 3 web elements with id: 'Object Repository/Filtreler/Butonlar' located by 'By.cssSelector: .dxb>span' in '10' second(s)

2021-11-23 09:47:41 - [MESSAGE][PASSED] - Method.TextDegerineEsitElementVarMi is PASSED

2021-11-23 09:47:41 - [MESSAGE][PASSED] - Call Test Case 'Test Cases/Filtreler/ButonVarMi' successfully

2021-11-23 09:47:41 - [MESSAGE][INFO] - Checking called Test Case

2021-11-23 09:47:41 - [MESSAGE][INFO] - Starting to call Test Case 'Test Cases/Filtreler/ButonVarMi'

2021-11-23 09:47:41 - [TEST_CASE][PASSED] - Test Cases/Filtreler/ButonVarMi: Test Cases/Filtreler/ButonVarMi

2021-11-23 09:47:41 - [TEST_STEP][PASSED] - Method.TextDegerineEsitElementVarMi(findTestObject("Filtreler/Butonlar"), Filtre_Buton): Method.TextDegerineEsitElementVarMi is PASSED

2021-11-23 09:47:41 - [MESSAGE][INFO] - Finding Test Object 'Object Repository/Filtreler/Butonlar'

2021-11-23 09:47:41 - [MESSAGE][INFO] - Checking timeout

2021-11-23 09:47:41 - [MESSAGE][INFO] - Finding web element with id: 'Object Repository/Filtreler/Butonlar' located by 'By.cssSelector: .dxb>span' in '10' second(s)

2021-11-23 09:47:41 - [MESSAGE][INFO] - Smart Wait Function is triggered

2021-11-23 09:47:41 - [MESSAGE][INFO] - Found 3 web elements with id: 'Object Repository/Filtreler/Butonlar' located by 'By.cssSelector: .dxb>span' in '10' second(s)

2021-11-23 09:47:41 - [MESSAGE][PASSED] - Method.TextDegerineEsitElementVarMi is PASSED

2021-11-23 09:47:41 - [MESSAGE][PASSED] - Call Test Case 'Test Cases/Filtreler/ButonVarMi' successfully

2021-11-23 09:47:41 - [MESSAGE][INFO] - Checking called Test Case

2021-11-23 09:47:41 - [MESSAGE][INFO] - Starting to call Test Case 'Test Cases/Butonlar/ButonVarMi'

2021-11-23 09:47:41 - [TEST_CASE][PASSED] - Test Cases/Butonlar/ButonVarMi: Test Cases/Butonlar/ButonVarMi

2021-11-23 09:47:41 - [TEST_STEP][PASSED] - Method.TextDegerineEsitElementVarMi(findTestObject("Butonlar/Butonlar"), Buton): Method.TextDegerineEsitElementVarMi is PASSED

2021-11-23 09:47:41 - [MESSAGE][INFO] - Finding Test Object 'Object Repository/Butonlar/Butonlar'

2021-11-23 09:47:41 - [MESSAGE][INFO] - Checking timeout

2021-11-23 09:47:41 - [MESSAGE][INFO] - Finding web element with id: 'Object Repository/Butonlar/Butonlar' located by 'By.cssSelector: .panel.panel-default.text-center.footerPanel .btn,.btn.btn-primary.btnControls' in '10' second(s)

2021-11-23 09:47:41 - [MESSAGE][INFO] - Smart Wait Function is triggered

2021-11-23 09:47:42 - [MESSAGE][INFO] - Found 6 web elements with id: 'Object Repository/Butonlar/Butonlar' located by 'By.cssSelector: .panel.panel-default.text-center.footerPanel .btn,.btn.btn-primary.btnControls' in '10' second(s)

2021-11-23 09:47:42 - [MESSAGE][PASSED] - Method.TextDegerineEsitElementVarMi is PASSED

2021-11-23 09:47:42 - [MESSAGE][PASSED] - Call Test Case 'Test Cases/Butonlar/ButonVarMi' successfully

2021-11-23 09:47:42 - [MESSAGE][INFO] - Checking called Test Case

2021-11-23 09:47:42 - [MESSAGE][INFO] - Starting to call Test Case 'Test Cases/Butonlar/ButonVarMi'

2021-11-23 09:47:42 - [TEST_CASE][PASSED] - Test Cases/Butonlar/ButonVarMi: Test Cases/Butonlar/ButonVarMi

2021-11-23 09:47:42 - [TEST_STEP][PASSED] - Method.TextDegerineEsitElementVarMi(findTestObject("Butonlar/Butonlar"), Buton): Method.TextDegerineEsitElementVarMi is PASSED

2021-11-23 09:47:42 - [MESSAGE][INFO] - Finding Test Object 'Object Repository/Butonlar/Butonlar'

2021-11-23 09:47:42 - [MESSAGE][INFO] - Checking timeout

2021-11-23 09:47:42 - [MESSAGE][INFO] - Finding web element with id: 'Object Repository/Butonlar/Butonlar' located by 'By.cssSelector: .panel.panel-default.text-center.footerPanel .btn,.btn.btn-primary.btnControls' in '10' second(s)

2021-11-23 09:47:42 - [MESSAGE][INFO] - Smart Wait Function is triggered

2021-11-23 09:47:42 - [MESSAGE][INFO] - Found 6 web elements with id: 'Object Repository/Butonlar/Butonlar' located by 'By.cssSelector: .panel.panel-default.text-center.footerPanel .btn,.btn.btn-primary.btnControls' in '10' second(s)

2021-11-23 09:47:42 - [MESSAGE][PASSED] - Method.TextDegerineEsitElementVarMi is PASSED

2021-11-23 09:47:42 - [MESSAGE][PASSED] - Call Test Case 'Test Cases/Butonlar/ButonVarMi' successfully

2021-11-23 09:47:42 - [MESSAGE][INFO] - Checking called Test Case

2021-11-23 09:47:42 - [MESSAGE][INFO] - Starting to call Test Case 'Test Cases/Butonlar/ButonVarMi'

2021-11-23 09:47:42 - [TEST_CASE][PASSED] - Test Cases/Butonlar/ButonVarMi: Test Cases/Butonlar/ButonVarMi

2021-11-23 09:47:42 - [TEST_STEP][PASSED] - Method.TextDegerineEsitElementVarMi(findTestObject("Butonlar/Butonlar"), Buton): Method.TextDegerineEsitElementVarMi is PASSED

2021-11-23 09:47:42 - [MESSAGE][INFO] - Finding Test Object 'Object Repository/Butonlar/Butonlar'

2021-11-23 09:47:42 - [MESSAGE][INFO] - Checking timeout

2021-11-23 09:47:42 - [MESSAGE][INFO] - Finding web element with id: 'Object Repository/Butonlar/Butonlar' located by 'By.cssSelector: .panel.panel-default.text-center.footerPanel .btn,.btn.btn-primary.btnControls' in '10' second(s)

2021-11-23 09:47:42 - [MESSAGE][INFO] - Smart Wait Function is triggered

2021-11-23 09:47:43 - [MESSAGE][INFO] - Found 6 web elements with id: 'Object Repository/Butonlar/Butonlar' located by 'By.cssSelector: .panel.panel-default.text-center.footerPanel .btn,.btn.btn-primary.btnControls' in '10' second(s)

2021-11-23 09:47:43 - [MESSAGE][PASSED] - Method.TextDegerineEsitElementVarMi is PASSED

2021-11-23 09:47:43 - [MESSAGE][PASSED] - Call Test Case 'Test Cases/Butonlar/ButonVarMi' successfully

2021-11-23 09:47:43 - [MESSAGE][INFO] - Checking called Test Case

2021-11-23 09:47:43 - [MESSAGE][INFO] - Starting to call Test Case 'Test Cases/Butonlar/ButonVarMi'

2021-11-23 09:47:43 - [TEST_CASE][PASSED] - Test Cases/Butonlar/ButonVarMi: Test Cases/Butonlar/ButonVarMi

2021-11-23 09:47:43 - [TEST_STEP][PASSED] - Method.TextDegerineEsitElementVarMi(findTestObject("Butonlar/Butonlar"), Buton): Method.TextDegerineEsitElementVarMi is PASSED

2021-11-23 09:47:43 - [MESSAGE][INFO] - Finding Test Object 'Object Repository/Butonlar/Butonlar'

2021-11-23 09:47:43 - [MESSAGE][INFO] - Checking timeout

2021-11-23 09:47:43 - [MESSAGE][INFO] - Finding web element with id: 'Object Repository/Butonlar/Butonlar' located by 'By.cssSelector: .panel.panel-default.text-center.footerPanel .btn,.btn.btn-primary.btnControls' in '10' second(s)

2021-11-23 09:47:43 - [MESSAGE][INFO] - Smart Wait Function is triggered

2021-11-23 09:47:43 - [MESSAGE][INFO] - Found 6 web elements with id: 'Object Repository/Butonlar/Butonlar' located by 'By.cssSelector: .panel.panel-default.text-center.footerPanel .btn,.btn.btn-primary.btnControls' in '10' second(s)

2021-11-23 09:47:43 - [MESSAGE][PASSED] - Method.TextDegerineEsitElementVarMi is PASSED

2021-11-23 09:47:43 - [MESSAGE][PASSED] - Call Test Case 'Test Cases/Butonlar/ButonVarMi' successfully

2021-11-23 09:47:43 - [MESSAGE][INFO] - Checking called Test Case

2021-11-23 09:47:43 - [MESSAGE][INFO] - Starting to call Test Case 'Test Cases/Butonlar/ButonVarMi'

2021-11-23 09:47:43 - [TEST_CASE][PASSED] - Test Cases/Butonlar/ButonVarMi: Test Cases/Butonlar/ButonVarMi

2021-11-23 09:47:43 - [TEST_STEP][PASSED] - Method.TextDegerineEsitElementVarMi(findTestObject("Butonlar/Butonlar"), Buton): Method.TextDegerineEsitElementVarMi is PASSED

2021-11-23 09:47:43 - [MESSAGE][INFO] - Finding Test Object 'Object Repository/Butonlar/Butonlar'

2021-11-23 09:47:43 - [MESSAGE][INFO] - Checking timeout

2021-11-23 09:47:43 - [MESSAGE][INFO] - Finding web element with id: 'Object Repository/Butonlar/Butonlar' located by 'By.cssSelector: .panel.panel-default.text-center.footerPanel .btn,.btn.btn-primary.btnControls' in '10' second(s)

2021-11-23 09:47:43 - [MESSAGE][INFO] - Smart Wait Function is triggered

2021-11-23 09:47:44 - [MESSAGE][INFO] - Found 6 web elements with id: 'Object Repository/Butonlar/Butonlar' located by 'By.cssSelector: .panel.panel-default.text-center.footerPanel .btn,.btn.btn-primary.btnControls' in '10' second(s)

2021-11-23 09:47:44 - [MESSAGE][PASSED] - Method.TextDegerineEsitElementVarMi is PASSED

2021-11-23 09:47:44 - [MESSAGE][PASSED] - Call Test Case 'Test Cases/Butonlar/ButonVarMi' successfully

2021-11-23 09:47:44 - [MESSAGE][INFO] - Checking called Test Case

2021-11-23 09:47:44 - [MESSAGE][INFO] - Starting to call Test Case 'Test Cases/Butonlar/ButonaTikla'

2021-11-23 09:47:44 - [TEST_CASE][PASSED] - Test Cases/Butonlar/ButonaTikla: Test Cases/Butonlar/ButonaTikla

2021-11-23 09:47:44 - [TEST_STEP][PASSED] - Method.TextDegerineEsitElementeTiklaEquals(findTestObject("Butonlar/Butonlar"), Buton_Adi): Method.TextDegerineEsitElementeTiklaEquals is PASSED

2021-11-23 09:47:44 - [MESSAGE][INFO] - Finding Test Object 'Object Repository/Butonlar/Butonlar'

2021-11-23 09:47:44 - [MESSAGE][INFO] - Checking timeout

2021-11-23 09:47:44 - [MESSAGE][INFO] - Finding web element with id: 'Object Repository/Butonlar/Butonlar' located by 'By.cssSelector: .panel.panel-default.text-center.footerPanel .btn,.btn.btn-primary.btnControls' in '10' second(s)

2021-11-23 09:47:44 - [MESSAGE][INFO] - Smart Wait Function is triggered

2021-11-23 09:47:44 - [MESSAGE][INFO] - Found 6 web elements with id: 'Object Repository/Butonlar/Butonlar' located by 'By.cssSelector: .panel.panel-default.text-center.footerPanel .btn,.btn.btn-primary.btnControls' in '10' second(s)

2021-11-23 09:47:44 - [MESSAGE][PASSED] - Method.TextDegerineEsitElementeTiklaEquals is PASSED

2021-11-23 09:47:44 - [MESSAGE][PASSED] - Call Test Case 'Test Cases/Butonlar/ButonaTikla' successfully

2021-11-23 09:47:44 - [MESSAGE][INFO] - Checking called Test Case

2021-11-23 09:47:44 - [MESSAGE][INFO] - Starting to call Test Case 'Test Cases/Butonlar/AltButonVarMi'

2021-11-23 09:47:44 - [TEST_CASE][PASSED] - Test Cases/Butonlar/AltButonVarMi: Test Cases/Butonlar/AltButonVarMi

2021-11-23 09:47:44 - [TEST_STEP][PASSED] - Method.TextDegerineEsitElementVarMi(findTestObject("Butonlar/AltButonlar"), AltButon): Method.TextDegerineEsitElementVarMi is PASSED

2021-11-23 09:47:44 - [MESSAGE][INFO] - Finding Test Object 'Object Repository/Butonlar/AltButonlar'

2021-11-23 09:47:44 - [MESSAGE][INFO] - Checking timeout

2021-11-23 09:47:44 - [MESSAGE][INFO] - Finding web element with id: 'Object Repository/Butonlar/AltButonlar' located by 'By.cssSelector: .btn-group.open li>a' in '10' second(s)

2021-11-23 09:47:44 - [MESSAGE][INFO] - Smart Wait Function is triggered

2021-11-23 09:47:45 - [MESSAGE][INFO] - Found 2 web elements with id: 'Object Repository/Butonlar/AltButonlar' located by 'By.cssSelector: .btn-group.open li>a' in '10' second(s)

2021-11-23 09:47:45 - [MESSAGE][PASSED] - Method.TextDegerineEsitElementVarMi is PASSED

2021-11-23 09:47:45 - [MESSAGE][PASSED] - Call Test Case 'Test Cases/Butonlar/AltButonVarMi' successfully

2021-11-23 09:47:45 - [MESSAGE][INFO] - Checking called Test Case

2021-11-23 09:47:45 - [MESSAGE][INFO] - Starting to call Test Case 'Test Cases/Butonlar/AltButonVarMi'

2021-11-23 09:47:45 - [TEST_CASE][PASSED] - Test Cases/Butonlar/AltButonVarMi: Test Cases/Butonlar/AltButonVarMi

2021-11-23 09:47:45 - [TEST_STEP][PASSED] - Method.TextDegerineEsitElementVarMi(findTestObject("Butonlar/AltButonlar"), AltButon): Method.TextDegerineEsitElementVarMi is PASSED

2021-11-23 09:47:45 - [MESSAGE][INFO] - Finding Test Object 'Object Repository/Butonlar/AltButonlar'

2021-11-23 09:47:45 - [MESSAGE][INFO] - Checking timeout

2021-11-23 09:47:45 - [MESSAGE][INFO] - Finding web element with id: 'Object Repository/Butonlar/AltButonlar' located by 'By.cssSelector: .btn-group.open li>a' in '10' second(s)

2021-11-23 09:47:45 - [MESSAGE][INFO] - Smart Wait Function is triggered

2021-11-23 09:47:45 - [MESSAGE][INFO] - Found 2 web elements with id: 'Object Repository/Butonlar/AltButonlar' located by 'By.cssSelector: .btn-group.open li>a' in '10' second(s)

2021-11-23 09:47:45 - [MESSAGE][PASSED] - Method.TextDegerineEsitElementVarMi is PASSED

2021-11-23 09:47:45 - [MESSAGE][PASSED] - Call Test Case 'Test Cases/Butonlar/AltButonVarMi' successfully

2021-11-23 09:47:45 - [MESSAGE][INFO] - Checking called Test Case

2021-11-23 09:47:45 - [MESSAGE][INFO] - Starting to call Test Case 'Test Cases/Butonlar/ButonaTikla'

2021-11-23 09:47:45 - [TEST_CASE][PASSED] - Test Cases/Butonlar/ButonaTikla: Test Cases/Butonlar/ButonaTikla

2021-11-23 09:47:45 - [TEST_STEP][PASSED] - Method.TextDegerineEsitElementeTiklaEquals(findTestObject("Butonlar/Butonlar"), Buton_Adi): Method.TextDegerineEsitElementeTiklaEquals is PASSED

2021-11-23 09:47:45 - [MESSAGE][INFO] - Finding Test Object 'Object Repository/Butonlar/Butonlar'

2021-11-23 09:47:45 - [MESSAGE][INFO] - Checking timeout

2021-11-23 09:47:45 - [MESSAGE][INFO] - Finding web element with id: 'Object Repository/Butonlar/Butonlar' located by 'By.cssSelector: .panel.panel-default.text-center.footerPanel .btn,.btn.btn-primary.btnControls' in '10' second(s)

2021-11-23 09:47:45 - [MESSAGE][INFO] - Smart Wait Function is triggered

2021-11-23 09:47:45 - [MESSAGE][INFO] - Found 6 web elements with id: 'Object Repository/Butonlar/Butonlar' located by 'By.cssSelector: .panel.panel-default.text-center.footerPanel .btn,.btn.btn-primary.btnControls' in '10' second(s)

2021-11-23 09:47:46 - [MESSAGE][PASSED] - Method.TextDegerineEsitElementeTiklaEquals is PASSED

2021-11-23 09:47:46 - [MESSAGE][PASSED] - Call Test Case 'Test Cases/Butonlar/ButonaTikla' successfully

2021-11-23 09:47:46 - [MESSAGE][INFO] - Checking called Test Case

2021-11-23 09:47:46 - [MESSAGE][INFO] - Starting to call Test Case 'Test Cases/Butonlar/AltButonVarMi'

2021-11-23 09:47:46 - [TEST_CASE][PASSED] - Test Cases/Butonlar/AltButonVarMi: Test Cases/Butonlar/AltButonVarMi

2021-11-23 09:47:46 - [TEST_STEP][PASSED] - Method.TextDegerineEsitElementVarMi(findTestObject("Butonlar/AltButonlar"), AltButon): Method.TextDegerineEsitElementVarMi is PASSED

2021-11-23 09:47:46 - [MESSAGE][INFO] - Finding Test Object 'Object Repository/Butonlar/AltButonlar'

2021-11-23 09:47:46 - [MESSAGE][INFO] - Checking timeout

2021-11-23 09:47:46 - [MESSAGE][INFO] - Finding web element with id: 'Object Repository/Butonlar/AltButonlar' located by 'By.cssSelector: .btn-group.open li>a' in '10' second(s)

2021-11-23 09:47:46 - [MESSAGE][INFO] - Smart Wait Function is triggered

2021-11-23 09:47:46 - [MESSAGE][INFO] - Found 2 web elements with id: 'Object Repository/Butonlar/AltButonlar' located by 'By.cssSelector: .btn-group.open li>a' in '10' second(s)

2021-11-23 09:47:46 - [MESSAGE][PASSED] - Method.TextDegerineEsitElementVarMi is PASSED

2021-11-23 09:47:46 - [MESSAGE][PASSED] - Call Test Case 'Test Cases/Butonlar/AltButonVarMi' successfully

2021-11-23 09:47:46 - [MESSAGE][INFO] - Checking called Test Case

2021-11-23 09:47:46 - [MESSAGE][INFO] - Starting to call Test Case 'Test Cases/Butonlar/AltButonVarMi'

2021-11-23 09:47:46 - [TEST_CASE][PASSED] - Test Cases/Butonlar/AltButonVarMi: Test Cases/Butonlar/AltButonVarMi

2021-11-23 09:47:46 - [TEST_STEP][PASSED] - Method.TextDegerineEsitElementVarMi(findTestObject("Butonlar/AltButonlar"), AltButon): Method.TextDegerineEsitElementVarMi is PASSED

2021-11-23 09:47:46 - [MESSAGE][INFO] - Finding Test Object 'Object Repository/Butonlar/AltButonlar'

2021-11-23 09:47:46 - [MESSAGE][INFO] - Checking timeout

2021-11-23 09:47:46 - [MESSAGE][INFO] - Finding web element with id: 'Object Repository/Butonlar/AltButonlar' located by 'By.cssSelector: .btn-group.open li>a' in '10' second(s)

2021-11-23 09:47:46 - [MESSAGE][INFO] - Smart Wait Function is triggered

2021-11-23 09:47:47 - [MESSAGE][INFO] - Found 2 web elements with id: 'Object Repository/Butonlar/AltButonlar' located by 'By.cssSelector: .btn-group.open li>a' in '10' second(s)

2021-11-23 09:47:47 - [MESSAGE][PASSED] - Method.TextDegerineEsitElementVarMi is PASSED

2021-11-23 09:47:47 - [MESSAGE][PASSED] - Call Test Case 'Test Cases/Butonlar/AltButonVarMi' successfully

2021-11-23 09:47:47 - [MESSAGE][INFO] - Checking called Test Case

2021-11-23 09:47:47 - [MESSAGE][INFO] - Starting to call Test Case 'Test Cases/Butonlar/ButonaTikla'

2021-11-23 09:47:47 - [TEST_CASE][PASSED] - Test Cases/Butonlar/ButonaTikla: Test Cases/Butonlar/ButonaTikla

2021-11-23 09:47:47 - [TEST_STEP][PASSED] - Method.TextDegerineEsitElementeTiklaEquals(findTestObject("Butonlar/Butonlar"), Buton_Adi): Method.TextDegerineEsitElementeTiklaEquals is PASSED

2021-11-23 09:47:47 - [MESSAGE][INFO] - Finding Test Object 'Object Repository/Butonlar/Butonlar'

2021-11-23 09:47:47 - [MESSAGE][INFO] - Checking timeout

2021-11-23 09:47:47 - [MESSAGE][INFO] - Finding web element with id: 'Object Repository/Butonlar/Butonlar' located by 'By.cssSelector: .panel.panel-default.text-center.footerPanel .btn,.btn.btn-primary.btnControls' in '10' second(s)

2021-11-23 09:47:47 - [MESSAGE][INFO] - Smart Wait Function is triggered

2021-11-23 09:47:47 - [MESSAGE][INFO] - Found 6 web elements with id: 'Object Repository/Butonlar/Butonlar' located by 'By.cssSelector: .panel.panel-default.text-center.footerPanel .btn,.btn.btn-primary.btnControls' in '10' second(s)

2021-11-23 09:47:47 - [MESSAGE][PASSED] - Method.TextDegerineEsitElementeTiklaEquals is PASSED

2021-11-23 09:47:47 - [MESSAGE][PASSED] - Call Test Case 'Test Cases/Butonlar/ButonaTikla' successfully

2021-11-23 09:47:47 - [MESSAGE][INFO] - Checking called Test Case

2021-11-23 09:47:47 - [MESSAGE][INFO] - Starting to call Test Case 'Test Cases/Butonlar/AltButonVarMi'

2021-11-23 09:47:47 - [TEST_CASE][PASSED] - Test Cases/Butonlar/AltButonVarMi: Test Cases/Butonlar/AltButonVarMi

2021-11-23 09:47:47 - [TEST_STEP][PASSED] - Method.TextDegerineEsitElementVarMi(findTestObject("Butonlar/AltButonlar"), AltButon): Method.TextDegerineEsitElementVarMi is PASSED

2021-11-23 09:47:47 - [MESSAGE][INFO] - Finding Test Object 'Object Repository/Butonlar/AltButonlar'

2021-11-23 09:47:47 - [MESSAGE][INFO] - Checking timeout

2021-11-23 09:47:47 - [MESSAGE][INFO] - Finding web element with id: 'Object Repository/Butonlar/AltButonlar' located by 'By.cssSelector: .btn-group.open li>a' in '10' second(s)

2021-11-23 09:47:47 - [MESSAGE][INFO] - Smart Wait Function is triggered

2021-11-23 09:47:48 - [MESSAGE][INFO] - Found 1 web elements with id: 'Object Repository/Butonlar/AltButonlar' located by 'By.cssSelector: .btn-group.open li>a' in '10' second(s)

2021-11-23 09:47:48 - [MESSAGE][PASSED] - Method.TextDegerineEsitElementVarMi is PASSED

2021-11-23 09:47:48 - [MESSAGE][PASSED] - Call Test Case 'Test Cases/Butonlar/AltButonVarMi' successfully

2021-11-23 09:47:48 - [MESSAGE][INFO] - Checking called Test Case

2021-11-23 09:47:48 - [MESSAGE][INFO] - Starting to call Test Case 'Test Cases/Tablo/TablodakiVeriDetayi'

2021-11-23 09:47:48 - [TEST_CASE][PASSED] - Test Cases/Tablo/TablodakiVeriDetayi: Test Cases/Tablo/TablodakiVeriDetayi

2021-11-23 09:47:48 - [TEST_STEP][PASSED] - Method.TextDegerineEsitElementinAltindakineTikla(findTestObject("Tablo/Veriler"), findTestObject("Object Repository/Tablo/VerininArtiButonu"), Veri_Adi): Method.TextDegerineEsitElementinAltindakineTikla is PASSED

2021-11-23 09:47:48 - [MESSAGE][INFO] - Finding Test Object 'Object Repository/Tablo/Veriler'

2021-11-23 09:47:48 - [MESSAGE][INFO] - Finding Test Object 'Object Repository/Tablo/VerininArtiButonu'

2021-11-23 09:47:48 - [MESSAGE][INFO] - Checking timeout

2021-11-23 09:47:48 - [MESSAGE][INFO] - Finding web element with id: 'Object Repository/Tablo/Veriler' located by 'By.cssSelector: td.dxgv b ,td.dxgv' in '10' second(s)

2021-11-23 09:47:48 - [MESSAGE][INFO] - Smart Wait Function is triggered

2021-11-23 09:47:48 - [MESSAGE][INFO] - Found 110 web elements with id: 'Object Repository/Tablo/Veriler' located by 'By.cssSelector: td.dxgv b ,td.dxgv' in '10' second(s)

2021-11-23 09:47:48 - [MESSAGE][INFO] - Smart Wait Function is triggered

2021-11-23 09:47:48 - [MESSAGE][PASSED] - Method.TextDegerineEsitElementinAltindakineTikla is PASSED

2021-11-23 09:47:48 - [MESSAGE][PASSED] - Call Test Case 'Test Cases/Tablo/TablodakiVeriDetayi' successfully

2021-11-23 09:47:48 - [MESSAGE][INFO] - Checking called Test Case

2021-11-23 09:47:48 - [MESSAGE][INFO] - Starting to call Test Case 'Test Cases/Tablo/ZarfaGitGidenZarflar'

2021-11-23 09:47:48 - [TEST_CASE][PASSED] - Test Cases/Tablo/ZarfaGitGidenZarflar: Test Cases/Tablo/ZarfaGitGidenZarflar

2021-11-23 09:47:49 - [TEST_STEP][PASSED] - waitForElementPresent(findTestObject("Object Repository/Tablo/ZarfaGitGiden"), 10, STOP_ON_FAILURE): Object 'Object Repository/Tablo/ZarfaGitGiden' is present

2021-11-23 09:47:49 - [MESSAGE][INFO] - Finding Test Object 'Object Repository/Tablo/ZarfaGitGiden'

2021-11-23 09:47:49 - [MESSAGE][INFO] - Checking object

2021-11-23 09:47:49 - [MESSAGE][INFO] - Finding web element from Test Object's properties

2021-11-23 09:47:49 - [MESSAGE][INFO] - Checking timeout

2021-11-23 09:47:49 - [MESSAGE][INFO] - Finding web element with id: 'Object Repository/Tablo/ZarfaGitGiden' located by 'By.xpath: //*[@id="GridViewSubEnvelope115944654_tccell0_0"]/a' in '10' second(s)

2021-11-23 09:47:49 - [MESSAGE][INFO] - Smart Wait Function is triggered

2021-11-23 09:47:49 - [MESSAGE][INFO] - Found 1 web elements with id: 'Object Repository/Tablo/ZarfaGitGiden' located by 'By.xpath: //*[@id="GridViewSubEnvelope115944654_tccell0_0"]/a' in '10' second(s)

2021-11-23 09:47:49 - [MESSAGE][PASSED] - Object 'Object Repository/Tablo/ZarfaGitGiden' is present

2021-11-23 09:47:49 - [TEST_STEP][PASSED] - click(findTestObject("Object Repository/Tablo/ZarfaGitGiden"), STOP_ON_FAILURE): Object: 'Object Repository/Tablo/ZarfaGitGiden' is clicked on

2021-11-23 09:47:49 - [MESSAGE][INFO] - Finding Test Object 'Object Repository/Tablo/ZarfaGitGiden'

2021-11-23 09:47:49 - [MESSAGE][INFO] - Checking object

2021-11-23 09:47:49 - [MESSAGE][INFO] - Finding web element from Test Object's properties

2021-11-23 09:47:49 - [MESSAGE][INFO] - Checking timeout

2021-11-23 09:47:49 - [MESSAGE][INFO] - Finding web element with id: 'Object Repository/Tablo/ZarfaGitGiden' located by 'By.xpath: //*[@id="GridViewSubEnvelope115944654_tccell0_0"]/a' in '30' second(s)

2021-11-23 09:47:49 - [MESSAGE][INFO] - Smart Wait Function is triggered

2021-11-23 09:47:50 - [MESSAGE][INFO] - Found 1 web elements with id: 'Object Repository/Tablo/ZarfaGitGiden' located by 'By.xpath: //*[@id="GridViewSubEnvelope115944654_tccell0_0"]/a' in '30' second(s)

2021-11-23 09:47:50 - [MESSAGE][INFO] - Clicking on object: 'Object Repository/Tablo/ZarfaGitGiden'

2021-11-23 09:47:50 - [MESSAGE][PASSED] - Object: 'Object Repository/Tablo/ZarfaGitGiden' is clicked on

2021-11-23 09:47:50 - [MESSAGE][PASSED] - Call Test Case 'Test Cases/Tablo/ZarfaGitGidenZarflar' successfully

2021-11-23 09:47:50 - [MESSAGE][INFO] - Checking called Test Case

2021-11-23 09:47:50 - [MESSAGE][INFO] - Starting to call Test Case 'Test Cases/Sekmeler/YeniSekmeyeGec'

2021-11-23 09:47:50 - [TEST_CASE][PASSED] - Test Cases/Sekmeler/YeniSekmeyeGec: Test Cases/Sekmeler/YeniSekmeyeGec

2021-11-23 09:47:50 - [TEST_STEP][PASSED] - switchToWindowIndex(1): Switched to window with index: '1'

2021-11-23 09:47:50 - [MESSAGE][INFO] - Checking index

2021-11-23 09:47:50 - [MESSAGE][INFO] - Switching window with index: '1'

2021-11-23 09:47:50 - [MESSAGE][PASSED] - Switched to window with index: '1'

2021-11-23 09:47:50 - [MESSAGE][PASSED] - Call Test Case 'Test Cases/Sekmeler/YeniSekmeyeGec' successfully

2021-11-23 09:47:50 - [MESSAGE][INFO] - Checking called Test Case

2021-11-23 09:47:50 - [MESSAGE][INFO] - Starting to call Test Case 'Test Cases/Tablo/TablodaVeriVarMi'

2021-11-23 09:47:50 - [TEST_CASE][PASSED] - Test Cases/Tablo/TablodaVeriVarMi: Test Cases/Tablo/TablodaVeriVarMi

2021-11-23 09:47:50 - [TEST_STEP][PASSED] - verifyTextNotPresent("Görüntülenecek veri yok", true): Text 'Görüntülenecek veri yok' is not present on page using regular expression

2021-11-23 09:47:50 - [MESSAGE][INFO] - Checking text present  using regular expression

2021-11-23 09:47:50 - [MESSAGE][INFO] - Smart Wait Function is triggered

2021-11-23 09:47:52 - [MESSAGE][INFO] - Finding text 'Görüntülenecek veri yok' on page  using regular expression

2021-11-23 09:47:52 - [MESSAGE][PASSED] - Text 'Görüntülenecek veri yok' is not present on page using regular expression

2021-11-23 09:47:52 - [MESSAGE][PASSED] - Call Test Case 'Test Cases/Tablo/TablodaVeriVarMi' successfully

2021-11-23 09:47:52 - [MESSAGE][INFO] - Checking called Test Case

2021-11-23 09:47:52 - [MESSAGE][INFO] - Starting to call Test Case 'Test Cases/Sekmeler/Ana_Sekmeye_Gec'

2021-11-23 09:47:52 - [TEST_CASE][PASSED] - Test Cases/Sekmeler/Ana_Sekmeye_Gec: Test Cases/Sekmeler/Ana_Sekmeye_Gec

2021-11-23 09:47:52 - [TEST_STEP][PASSED] - try: Window with index 1 is closed

2021-11-23 09:47:52 - [TEST_STEP][PASSED] - index = getWindowIndex(): Current window's index is: 1

2021-11-23 09:47:52 - [MESSAGE][INFO] - Getting current window's index

2021-11-23 09:47:52 - [MESSAGE][PASSED] - Current window's index is: 1

2021-11-23 09:47:52 - [TEST_STEP][PASSED] - closeWindowIndex(index): Window with index 1 is closed

2021-11-23 09:47:52 - [MESSAGE][INFO] - Checking index

2021-11-23 09:47:52 - [MESSAGE][INFO] - Closing window with index 1

2021-11-23 09:47:52 - [MESSAGE][PASSED] - Window with index 1 is closed

2021-11-23 09:47:52 - [TEST_STEP][PASSED] - switchToWindowIndex(0): Switched to window with index: '0'

2021-11-23 09:47:52 - [MESSAGE][INFO] - Checking index

2021-11-23 09:47:52 - [MESSAGE][INFO] - Switching window with index: '0'

2021-11-23 09:47:52 - [MESSAGE][PASSED] - Switched to window with index: '0'

2021-11-23 09:47:52 - [MESSAGE][PASSED] - Call Test Case 'Test Cases/Sekmeler/Ana_Sekmeye_Gec' successfully

2021-11-23 09:47:52 - [MESSAGE][INFO] - Checking called Test Case

2021-11-23 09:47:52 - [MESSAGE][INFO] - Starting to call Test Case 'Test Cases/Tablo/TablodakiVeriDetayi'

2021-11-23 09:47:52 - [TEST_CASE][PASSED] - Test Cases/Tablo/TablodakiVeriDetayi: Test Cases/Tablo/TablodakiVeriDetayi

2021-11-23 09:47:52 - [TEST_STEP][PASSED] - Method.TextDegerineEsitElementinAltindakineTikla(findTestObject("Tablo/Veriler"), findTestObject("Object Repository/Tablo/VerininArtiButonu"), Veri_Adi): Method.TextDegerineEsitElementinAltindakineTikla is PASSED

2021-11-23 09:47:52 - [MESSAGE][INFO] - Finding Test Object 'Object Repository/Tablo/Veriler'

2021-11-23 09:47:52 - [MESSAGE][INFO] - Finding Test Object 'Object Repository/Tablo/VerininArtiButonu'

2021-11-23 09:47:52 - [MESSAGE][INFO] - Checking timeout

2021-11-23 09:47:52 - [MESSAGE][INFO] - Finding web element with id: 'Object Repository/Tablo/Veriler' located by 'By.cssSelector: td.dxgv b ,td.dxgv' in '10' second(s)

2021-11-23 09:47:52 - [MESSAGE][INFO] - Smart Wait Function is triggered

2021-11-23 09:47:52 - [MESSAGE][INFO] - Found 133 web elements with id: 'Object Repository/Tablo/Veriler' located by 'By.cssSelector: td.dxgv b ,td.dxgv' in '10' second(s)

2021-11-23 09:47:52 - [MESSAGE][INFO] - Smart Wait Function is triggered

2021-11-23 09:47:53 - [MESSAGE][PASSED] - Method.TextDegerineEsitElementinAltindakineTikla is PASSED

2021-11-23 09:47:53 - [MESSAGE][PASSED] - Call Test Case 'Test Cases/Tablo/TablodakiVeriDetayi' successfully

2021-11-23 09:47:53 - [MESSAGE][INFO] - Checking called Test Case

2021-11-23 09:47:53 - [MESSAGE][INFO] - Starting to call Test Case 'Test Cases/Kullanici_Islemleri/KullaniciIslemlerindenSecimYapilir'

2021-11-23 09:47:53 - [TEST_CASE][PASSED] - Test Cases/Kullanici_Islemleri/KullaniciIslemlerindenSecimYapilir: Test Cases/Kullanici_Islemleri/KullaniciIslemlerindenSecimYapilir

2021-11-23 09:47:53 - [TEST_STEP][PASSED] - waitForElementClickable(findTestObject("Object Repository/Kullanici_Islemleri/KullaniciIslemleri"), 10): Object 'Object Repository/Kullanici_Islemleri/KullaniciIslemleri' is clickable

2021-11-23 09:47:53 - [MESSAGE][INFO] - Finding Test Object 'Object Repository/Kullanici_Islemleri/KullaniciIslemleri'

2021-11-23 09:47:53 - [MESSAGE][INFO] - Checking object

2021-11-23 09:47:53 - [MESSAGE][INFO] - Checking timeout

2021-11-23 09:47:53 - [MESSAGE][INFO] - Finding web element from Test Object's properties

2021-11-23 09:47:53 - [MESSAGE][INFO] - Checking timeout

2021-11-23 09:47:53 - [MESSAGE][INFO] - Finding web element with id: 'Object Repository/Kullanici_Islemleri/KullaniciIslemleri' located by 'By.cssSelector: .dropdown>a>img' in '10' second(s)

2021-11-23 09:47:53 - [MESSAGE][INFO] - Smart Wait Function is triggered

2021-11-23 09:47:53 - [MESSAGE][INFO] - Found 1 web elements with id: 'Object Repository/Kullanici_Islemleri/KullaniciIslemleri' located by 'By.cssSelector: .dropdown>a>img' in '10' second(s)

2021-11-23 09:47:53 - [MESSAGE][PASSED] - Object 'Object Repository/Kullanici_Islemleri/KullaniciIslemleri' is clickable

2021-11-23 09:47:53 - [TEST_STEP][PASSED] - click(findTestObject("Object Repository/Kullanici_Islemleri/KullaniciIslemleri")): Object: 'Object Repository/Kullanici_Islemleri/KullaniciIslemleri' is clicked on

2021-11-23 09:47:53 - [MESSAGE][INFO] - Finding Test Object 'Object Repository/Kullanici_Islemleri/KullaniciIslemleri'

2021-11-23 09:47:54 - [MESSAGE][INFO] - Checking object

2021-11-23 09:47:54 - [MESSAGE][INFO] - Finding web element from Test Object's properties

2021-11-23 09:47:54 - [MESSAGE][INFO] - Checking timeout

2021-11-23 09:47:54 - [MESSAGE][INFO] - Finding web element with id: 'Object Repository/Kullanici_Islemleri/KullaniciIslemleri' located by 'By.cssSelector: .dropdown>a>img' in '30' second(s)

2021-11-23 09:47:54 - [MESSAGE][INFO] - Smart Wait Function is triggered

2021-11-23 09:47:54 - [MESSAGE][INFO] - Found 1 web elements with id: 'Object Repository/Kullanici_Islemleri/KullaniciIslemleri' located by 'By.cssSelector: .dropdown>a>img' in '30' second(s)

2021-11-23 09:47:54 - [MESSAGE][INFO] - Clicking on object: 'Object Repository/Kullanici_Islemleri/KullaniciIslemleri'

2021-11-23 09:47:54 - [MESSAGE][PASSED] - Object: 'Object Repository/Kullanici_Islemleri/KullaniciIslemleri' is clicked on

2021-11-23 09:47:54 - [TEST_STEP][PASSED] - Method.TextDegerineEsitElementeTikla(findTestObject("Object Repository/Kullanici_Islemleri/Secenekler"), Islem): Method.TextDegerineEsitElementeTikla is PASSED

2021-11-23 09:47:54 - [MESSAGE][INFO] - Finding Test Object 'Object Repository/Kullanici_Islemleri/Secenekler'

2021-11-23 09:47:54 - [MESSAGE][INFO] - Checking timeout

2021-11-23 09:47:54 - [MESSAGE][INFO] - Finding web element with id: 'Object Repository/Kullanici_Islemleri/Secenekler' located by 'By.cssSelector: .nav.navbar-nav.navbar-right li a' in '10' second(s)

2021-11-23 09:47:54 - [MESSAGE][INFO] - Smart Wait Function is triggered

2021-11-23 09:47:54 - [MESSAGE][INFO] - Found 22 web elements with id: 'Object Repository/Kullanici_Islemleri/Secenekler' located by 'By.cssSelector: .nav.navbar-nav.navbar-right li a' in '10' second(s)

2021-11-23 09:47:56 - [MESSAGE][PASSED] - Method.TextDegerineEsitElementeTikla is PASSED

2021-11-23 09:47:56 - [TEST_STEP][PASSED] - verifyElementNotPresent(findTestObject("Object Repository/Kullanici_Islemleri/Secenekler"), 10): Web element with id: 'Object Repository/Kullanici_Islemleri/Secenekler' located by 'By.cssSelector: .nav.navbar-nav.navbar-right li a' is not present after '10' second(s)

2021-11-23 09:47:56 - [MESSAGE][INFO] - Finding Test Object 'Object Repository/Kullanici_Islemleri/Secenekler'

2021-11-23 09:47:56 - [MESSAGE][INFO] - Checking object

2021-11-23 09:47:56 - [MESSAGE][INFO] - Checking timeout

2021-11-23 09:47:56 - [MESSAGE][INFO] - Finding web element with id: 'Object Repository/Kullanici_Islemleri/Secenekler' located by 'By.cssSelector: .nav.navbar-nav.navbar-right li a' in '10' second(s)

2021-11-23 09:47:56 - [MESSAGE][INFO] - Smart Wait Function is triggered

2021-11-23 09:47:56 - [MESSAGE][PASSED] - Web element with id: 'Object Repository/Kullanici_Islemleri/Secenekler' located by 'By.cssSelector: .nav.navbar-nav.navbar-right li a' is not present after '10' second(s)

2021-11-23 09:47:56 - [MESSAGE][PASSED] - Call Test Case 'Test Cases/Kullanici_Islemleri/KullaniciIslemlerindenSecimYapilir' successfully

2021-11-23 09:47:56 - [TEST_CASE][PASSED] - Start Test Case : SCENARIO Giden Zarflar Buton Kontrolu: SCENARIO Giden Zarflar Buton Kontrolu

2021-11-23 09:47:56 - [TEST_STEP][PASSED] - Kullanıcı adı ELOGO6 ve Şifre 123456 olarak giriş yapılır: Kullanıcı adı ELOGO6 ve Şifre 123456 olarak giriş yapılır

2021-11-23 09:47:56 - [MESSAGE][PASSED] - Kullanıcı adı ELOGO6 ve Şifre 123456 olarak giriş yapılır

2021-11-23 09:47:56 - [TEST_STEP][PASSED] - Ana menüden Zarflar seçilir: Ana menüden Zarflar seçilir

2021-11-23 09:47:56 - [MESSAGE][PASSED] - Ana menüden Zarflar seçilir

2021-11-23 09:47:56 - [TEST_STEP][PASSED] - Alt menüden Giden Zarflar seçilir: Alt menüden Giden Zarflar seçilir

2021-11-23 09:47:56 - [MESSAGE][PASSED] - Alt menüden Giden Zarflar seçilir

2021-11-23 09:47:56 - [TEST_STEP][PASSED] - Filtrelerden Oluşturma Tarihi filtresine 01.01.2020 baslangic degerini yaz: Filtrelerden Oluşturma Tarihi filtresine 01.01.2020 baslangic degerini yaz

2021-11-23 09:47:56 - [MESSAGE][PASSED] - Filtrelerden Oluşturma Tarihi filtresine 01.01.2020 baslangic degerini yaz

2021-11-23 09:47:56 - [TEST_STEP][PASSED] - Filtrelerden Oluşturma Tarihi filtresine 31.01.2020 bitis degerini yaz: Filtrelerden Oluşturma Tarihi filtresine 31.01.2020 bitis degerini yaz

2021-11-23 09:47:56 - [MESSAGE][PASSED] - Filtrelerden Oluşturma Tarihi filtresine 31.01.2020 bitis degerini yaz

2021-11-23 09:47:56 - [TEST_STEP][PASSED] - Filtre butonlarından Listele seçilir: Filtre butonlarından Listele seçilir

2021-11-23 09:47:56 - [MESSAGE][PASSED] - Filtre butonlarından Listele seçilir

2021-11-23 09:47:56 - [TEST_STEP][PASSED] - Tablodan ELOGO2 isimli verinin detayı tıklanır: Tablodan ELOGO2 isimli verinin detayı tıklanır

2021-11-23 09:47:56 - [MESSAGE][PASSED] - Tablodan ELOGO2 isimli verinin detayı tıklanır

2021-11-23 09:47:56 - [TEST_STEP][PASSED] - Tablodan ELOGO2 isimli verinin detayı tıklanır: Tablodan ELOGO2 isimli verinin detayı tıklanır

2021-11-23 09:47:56 - [MESSAGE][PASSED] - Tablodan ELOGO2 isimli verinin detayı tıklanır

2021-11-23 09:47:56 - [TEST_STEP][PASSED] - Sayfa butonlarından 2 numaralı sayfa butonuna tıklanır: Sayfa butonlarından 2 numaralı sayfa butonuna tıklanır

2021-11-23 09:47:56 - [MESSAGE][PASSED] - Sayfa butonlarından 2 numaralı sayfa butonuna tıklanır

2021-11-23 09:47:56 - [TEST_STEP][PASSED] - Sayfa butonlarından 3 numaralı sayfa butonuna tıklanır: Sayfa butonlarından 3 numaralı sayfa butonuna tıklanır

2021-11-23 09:47:56 - [MESSAGE][PASSED] - Sayfa butonlarından 3 numaralı sayfa butonuna tıklanır

2021-11-23 09:47:56 - [TEST_STEP][PASSED] - Sayfa butonlarından 1 numaralı sayfa butonuna tıklanır: Sayfa butonlarından 1 numaralı sayfa butonuna tıklanır

2021-11-23 09:47:56 - [MESSAGE][PASSED] - Sayfa butonlarından 1 numaralı sayfa butonuna tıklanır

2021-11-23 09:47:56 - [TEST_STEP][PASSED] - Zarflar sayfa boyutu 20 olarak seçilir: Zarflar sayfa boyutu 20 olarak seçilir

2021-11-23 09:47:56 - [MESSAGE][PASSED] - Zarflar sayfa boyutu 20 olarak seçilir

2021-11-23 09:47:56 - [TEST_STEP][PASSED] - Zarflar sayfa boyutu 50 olarak seçilir: Zarflar sayfa boyutu 50 olarak seçilir

2021-11-23 09:47:56 - [MESSAGE][PASSED] - Zarflar sayfa boyutu 50 olarak seçilir

2021-11-23 09:47:56 - [TEST_STEP][PASSED] - Zarflar sayfa boyutu 10 olarak seçilir: Zarflar sayfa boyutu 10 olarak seçilir

2021-11-23 09:47:56 - [MESSAGE][PASSED] - Zarflar sayfa boyutu 10 olarak seçilir

2021-11-23 09:47:56 - [TEST_STEP][PASSED] - Filtre alanlarında Zarf ID var mı: Filtre alanlarında Zarf ID var mı

2021-11-23 09:47:56 - [MESSAGE][PASSED] - Filtre alanlarında Zarf ID var mı

2021-11-23 09:47:56 - [TEST_STEP][PASSED] - Filtre alanlarında Durum Kodu var mı: Filtre alanlarında Durum Kodu var mı

2021-11-23 09:47:56 - [MESSAGE][PASSED] - Filtre alanlarında Durum Kodu var mı

2021-11-23 09:47:56 - [TEST_STEP][PASSED] - Filtre alanlarında Oluşturma Tarihi var mı: Filtre alanlarında Oluşturma Tarihi var mı

2021-11-23 09:47:56 - [MESSAGE][PASSED] - Filtre alanlarında Oluşturma Tarihi var mı

2021-11-23 09:47:56 - [TEST_STEP][PASSED] - Filtre alanlarında Kullanıcı Kodu var mı: Filtre alanlarında Kullanıcı Kodu var mı

2021-11-23 09:47:56 - [MESSAGE][PASSED] - Filtre alanlarında Kullanıcı Kodu var mı

2021-11-23 09:47:56 - [TEST_STEP][PASSED] - Filtre alanlarında Alıcı VKN var mı: Filtre alanlarında Alıcı VKN var mı

2021-11-23 09:47:56 - [MESSAGE][PASSED] - Filtre alanlarında Alıcı VKN var mı

2021-11-23 09:47:56 - [TEST_STEP][PASSED] - Filtre alanlarında Alıcı Ünvan var mı: Filtre alanlarında Alıcı Ünvan var mı

2021-11-23 09:47:56 - [MESSAGE][PASSED] - Filtre alanlarında Alıcı Ünvan var mı

2021-11-23 09:47:56 - [TEST_STEP][PASSED] - Filtre alanlarında Belge Türü var mı: Filtre alanlarında Belge Türü var mı

2021-11-23 09:47:56 - [MESSAGE][PASSED] - Filtre alanlarında Belge Türü var mı

2021-11-23 09:47:56 - [TEST_STEP][PASSED] - Filtre alanlarında Tüm Hesaplar var mı: Filtre alanlarında Tüm Hesaplar var mı

2021-11-23 09:47:56 - [MESSAGE][PASSED] - Filtre alanlarında Tüm Hesaplar var mı

2021-11-23 09:47:56 - [TEST_STEP][PASSED] - Filtre butonlarında Filtreleri Kaydet var mı: Filtre butonlarında Filtreleri Kaydet var mı

2021-11-23 09:47:56 - [MESSAGE][PASSED] - Filtre butonlarında Filtreleri Kaydet var mı

2021-11-23 09:47:56 - [TEST_STEP][PASSED] - Filtre butonlarında Listele var mı: Filtre butonlarında Listele var mı

2021-11-23 09:47:56 - [MESSAGE][PASSED] - Filtre butonlarında Listele var mı

2021-11-23 09:47:56 - [TEST_STEP][PASSED] - Filtre butonlarında Temizle var mı: Filtre butonlarında Temizle var mı

2021-11-23 09:47:56 - [MESSAGE][PASSED] - Filtre butonlarında Temizle var mı

2021-11-23 09:47:56 - [TEST_STEP][PASSED] - Butonlardan Excel var mı: Butonlardan Excel var mı

2021-11-23 09:47:56 - [MESSAGE][PASSED] - Butonlardan Excel var mı

2021-11-23 09:47:56 - [TEST_STEP][PASSED] - Butonlardan Toplu İndirme var mı: Butonlardan Toplu İndirme var mı

2021-11-23 09:47:56 - [MESSAGE][PASSED] - Butonlardan Toplu İndirme var mı

2021-11-23 09:47:56 - [TEST_STEP][PASSED] - Butonlardan İndir var mı: Butonlardan İndir var mı

2021-11-23 09:47:56 - [MESSAGE][PASSED] - Butonlardan İndir var mı

2021-11-23 09:47:56 - [TEST_STEP][PASSED] - Butonlardan GİB var mı: Butonlardan GİB var mı

2021-11-23 09:47:56 - [MESSAGE][PASSED] - Butonlardan GİB var mı

2021-11-23 09:47:56 - [TEST_STEP][PASSED] - Butonlardan İzleme Kayıtları var mı: Butonlardan İzleme Kayıtları var mı

2021-11-23 09:47:56 - [MESSAGE][PASSED] - Butonlardan İzleme Kayıtları var mı

2021-11-23 09:47:56 - [TEST_STEP][PASSED] - Butonlardan Excel isimli butona tıklanır: Butonlardan Excel isimli butona tıklanır

2021-11-23 09:47:56 - [MESSAGE][PASSED] - Butonlardan Excel isimli butona tıklanır

2021-11-23 09:47:56 - [TEST_STEP][PASSED] - Alt butonlardan Seçilenleri Excel 'e Aktar var mı: Alt butonlardan Seçilenleri Excel 'e Aktar var mı

2021-11-23 09:47:56 - [MESSAGE][PASSED] - Alt butonlardan Seçilenleri Excel 'e Aktar var mı

2021-11-23 09:47:56 - [TEST_STEP][PASSED] - Alt butonlardan Tümünü Excel 'e Aktar var mı: Alt butonlardan Tümünü Excel 'e Aktar var mı

2021-11-23 09:47:56 - [MESSAGE][PASSED] - Alt butonlardan Tümünü Excel 'e Aktar var mı

2021-11-23 09:47:56 - [TEST_STEP][PASSED] - Butonlardan Toplu İndirme isimli butona tıklanır: Butonlardan Toplu İndirme isimli butona tıklanır

2021-11-23 09:47:56 - [MESSAGE][PASSED] - Butonlardan Toplu İndirme isimli butona tıklanır

2021-11-23 09:47:56 - [TEST_STEP][PASSED] - Alt butonlardan UBL Seçilenleri İndir var mı: Alt butonlardan UBL Seçilenleri İndir var mı

2021-11-23 09:47:56 - [MESSAGE][PASSED] - Alt butonlardan UBL Seçilenleri İndir var mı

2021-11-23 09:47:56 - [TEST_STEP][PASSED] - Alt butonlardan UBL Tümünü İndir var mı: Alt butonlardan UBL Tümünü İndir var mı

2021-11-23 09:47:56 - [MESSAGE][PASSED] - Alt butonlardan UBL Tümünü İndir var mı

2021-11-23 09:47:56 - [TEST_STEP][PASSED] - Butonlardan İndir isimli butona tıklanır: Butonlardan İndir isimli butona tıklanır

2021-11-23 09:47:56 - [MESSAGE][PASSED] - Butonlardan İndir isimli butona tıklanır

2021-11-23 09:47:56 - [TEST_STEP][PASSED] - Alt butonlardan İndir var mı: Alt butonlardan İndir var mı

2021-11-23 09:47:56 - [MESSAGE][PASSED] - Alt butonlardan İndir var mı

2021-11-23 09:47:56 - [TEST_STEP][PASSED] - Tablodan ELOGO2 isimli verinin detayı tıklanır: Tablodan ELOGO2 isimli verinin detayı tıklanır

2021-11-23 09:47:56 - [MESSAGE][PASSED] - Tablodan ELOGO2 isimli verinin detayı tıklanır

2021-11-23 09:47:56 - [TEST_STEP][PASSED] - Giden zarflar altındaki zarfa git butonuna tıklanır: Giden zarflar altındaki zarfa git butonuna tıklanır

2021-11-23 09:47:56 - [MESSAGE][PASSED] - Giden zarflar altındaki zarfa git butonuna tıklanır

2021-11-23 09:47:56 - [TEST_STEP][PASSED] - Yeni açılan sekmeye geçilir: Yeni açılan sekmeye geçilir

2021-11-23 09:47:56 - [MESSAGE][PASSED] - Yeni açılan sekmeye geçilir

2021-11-23 09:47:56 - [TEST_STEP][PASSED] - Tabloda veri var mı kontrol edilir: Tabloda veri var mı kontrol edilir

2021-11-23 09:47:56 - [MESSAGE][PASSED] - Tabloda veri var mı kontrol edilir

2021-11-23 09:47:56 - [TEST_STEP][PASSED] - Ana sekmeye geçilir: Ana sekmeye geçilir

2021-11-23 09:47:56 - [MESSAGE][PASSED] - Ana sekmeye geçilir

2021-11-23 09:47:56 - [TEST_STEP][PASSED] - Tablodan ELOGO2 isimli verinin detayı tıklanır: Tablodan ELOGO2 isimli verinin detayı tıklanır

2021-11-23 09:47:56 - [MESSAGE][PASSED] - Tablodan ELOGO2 isimli verinin detayı tıklanır

2021-11-23 09:47:56 - [TEST_STEP][PASSED] - Kullanıcı işlemlerinden Çıkış seçilir: Kullanıcı işlemlerinden Çıkış seçilir

2021-11-23 09:47:56 - [MESSAGE][PASSED] - Kullanıcı işlemlerinden Çıkış seçilir

2021-11-23 09:47:56 - [MESSAGE][PASSED] - Feature file: 'Include/features/Zarflar/Giden Zarflar/Ekran Kontrolu.feature' was passed

2021-11-23 09:47:56 - [TEST_STEP][PASSED] - Start listener action : sampleAfterTestSuite: Invoke 'com.kms.katalon.core.annotation.AfterTestCase' method: 'Listener.sampleAfterTestSuite(...)' completed.

2021-11-23 09:47:56 - [MESSAGE][INFO] - Starting invoke 'com.kms.katalon.core.annotation.AfterTestCase' method: 'Listener.sampleAfterTestSuite(...)'

2021-11-23 09:47:56 - [TEST_STEP][PASSED] - closeBrowser(): Invoke 'com.kms.katalon.core.annotation.AfterTestCase' method: 'Listener.sampleAfterTestSuite(...)' completed.

2021-11-23 09:47:56 - [MESSAGE][INFO] - Closing browser

2021-11-23 09:47:57 - [MESSAGE][PASSED] - Browser is closed

2021-11-23 09:47:57 - [MESSAGE][INFO] - Invoke 'com.kms.katalon.core.annotation.AfterTestCase' method: 'Listener.sampleAfterTestSuite(...)' completed.]]></system-out>
         <system-err><![CDATA[]]></system-err>
      </testcase>
      <testcase name="Test Cases/Case Repository/Zarflar/Giden Zarflar/GIB" time="56.827" classname="Test Cases/Case Repository/Zarflar/Giden Zarflar/GIB" status="PASSED">
         <system-out><![CDATA[2021-11-23 09:47:57 - [TEST_CASE][PASSED] - Test Cases/Case Repository/Zarflar/Giden Zarflar/GIB: Test Cases/Case Repository/Zarflar/Giden Zarflar/GIB

2021-11-23 09:47:57 - [TEST_STEP][PASSED] - Start listener action : sampleBeforeTestSuite: Invoke 'com.kms.katalon.core.annotation.BeforeTestCase' method: 'Listener.sampleBeforeTestSuite(...)' completed.

2021-11-23 09:47:57 - [MESSAGE][INFO] - Starting invoke 'com.kms.katalon.core.annotation.BeforeTestCase' method: 'Listener.sampleBeforeTestSuite(...)'

2021-11-23 09:47:57 - [TEST_STEP][PASSED] - openBrowser(baseUrl): Browser is opened with url: 'https://efatura-stage.elogo.com.tr/'

2021-11-23 09:47:57 - [MESSAGE][INFO] - Opening browser

2021-11-23 09:47:57 - [MESSAGE][INFO] - Starting 'Chrome' driver

2021-11-23 09:47:57 - [MESSAGE][INFO] - User set preference: ['prefs', '{download.default_directory=C:\otomasyondownfiles}']

2021-11-23 09:47:57 - [MESSAGE][INFO] - Action delay is set to 0 milliseconds

2021-11-23 09:47:58 - [MESSAGE][INFO] - Navigating browser to: 'https://efatura-stage.elogo.com.tr/'

2021-11-23 09:48:03 - [MESSAGE][PASSED] - Browser is opened with url: 'https://efatura-stage.elogo.com.tr/'

2021-11-23 09:48:03 - [TEST_STEP][PASSED] - maximizeWindow(): Invoke 'com.kms.katalon.core.annotation.BeforeTestCase' method: 'Listener.sampleBeforeTestSuite(...)' completed.

2021-11-23 09:48:03 - [MESSAGE][INFO] - Maximizing current window

2021-11-23 09:48:03 - [MESSAGE][PASSED] - Current window maximized

2021-11-23 09:48:03 - [MESSAGE][INFO] - Invoke 'com.kms.katalon.core.annotation.BeforeTestCase' method: 'Listener.sampleBeforeTestSuite(...)' completed.

2021-11-23 09:48:03 - [TEST_STEP][PASSED] - runFeatureFile("Include/features/Zarflar/Giden Zarflar/GIB.feature"): Feature file: 'Include/features/Zarflar/Giden Zarflar/GIB.feature' was passed

2021-11-23 09:48:03 - [MESSAGE][INFO] - Starting run keyword runFeatureFile: 'Include/features/Zarflar/Giden Zarflar/GIB.feature' and extract report to folder: 'C:\Users\DELL\Documents\GitHub\EES_KatalonLogo\Reports\20211123_091110\Suite Repository\Zarflar\20211123_091159/cucumber_report/1637650083612'...

2021-11-23 09:48:03 - [MESSAGE][INFO] - Glue: []

2021-11-23 09:48:05 - [MESSAGE][INFO] - Checking called Test Case

2021-11-23 09:48:05 - [MESSAGE][INFO] - Starting to call Test Case 'Test Cases/Sayfalar/Giris_Sayfasi/Login'

2021-11-23 09:48:05 - [TEST_CASE][PASSED] - Test Cases/Sayfalar/Giris_Sayfasi/Login: Test Cases/Sayfalar/Giris_Sayfasi/Login

2021-11-23 09:48:05 - [TEST_STEP][PASSED] - Sayfa_Basligi = getWindowTitle(): Current window's title is: 'LOGO e-Fatura'

2021-11-23 09:48:05 - [MESSAGE][INFO] - Getting current window's title

2021-11-23 09:48:05 - [MESSAGE][PASSED] - Current window's title is: 'LOGO e-Fatura'

2021-11-23 09:48:05 - [TEST_STEP][PASSED] - verifyMatch(Sayfa_Basligi, "LOGO e-Fatura", false): Actual text 'LOGO e-Fatura' and expected text 'LOGO e-Fatura' are matched 

2021-11-23 09:48:05 - [MESSAGE][INFO] - Matching actual text 'LOGO e-Fatura' with expected text 'LOGO e-Fatura'

2021-11-23 09:48:05 - [MESSAGE][PASSED] - Actual text 'LOGO e-Fatura' and expected text 'LOGO e-Fatura' are matched 

2021-11-23 09:48:05 - [TEST_STEP][PASSED] - sendKeys(findTestObject("Sayfalar/Giris_Sayfasi/Firma_Kodu"), KullaniciAdi): Keys 'ELOGO6' sent to object: 'Object Repository/Sayfalar/Giris_Sayfasi/Firma_Kodu'

2021-11-23 09:48:05 - [MESSAGE][INFO] - Finding Test Object 'Object Repository/Sayfalar/Giris_Sayfasi/Firma_Kodu'

2021-11-23 09:48:05 - [MESSAGE][INFO] - Sending keys 'ELOGO6' to object: 'Object Repository/Sayfalar/Giris_Sayfasi/Firma_Kodu'

2021-11-23 09:48:05 - [MESSAGE][INFO] - Finding web element from Test Object's properties

2021-11-23 09:48:05 - [MESSAGE][INFO] - Checking timeout

2021-11-23 09:48:05 - [MESSAGE][INFO] - Finding web element with id: 'Object Repository/Sayfalar/Giris_Sayfasi/Firma_Kodu' located by 'By.xpath: //*[@id = 'AccountName']' in '30' second(s)

2021-11-23 09:48:05 - [MESSAGE][INFO] - Smart Wait Function is triggered

2021-11-23 09:48:05 - [MESSAGE][INFO] - Found 1 web elements with id: 'Object Repository/Sayfalar/Giris_Sayfasi/Firma_Kodu' located by 'By.xpath: //*[@id = 'AccountName']' in '30' second(s)

2021-11-23 09:48:05 - [MESSAGE][PASSED] - Keys 'ELOGO6' sent to object: 'Object Repository/Sayfalar/Giris_Sayfasi/Firma_Kodu'

2021-11-23 09:48:05 - [TEST_STEP][PASSED] - sendKeys(findTestObject("Sayfalar/Giris_Sayfasi/Sifre"), Sifre): Keys '123456' sent to object: 'Object Repository/Sayfalar/Giris_Sayfasi/Sifre'

2021-11-23 09:48:05 - [MESSAGE][INFO] - Finding Test Object 'Object Repository/Sayfalar/Giris_Sayfasi/Sifre'

2021-11-23 09:48:06 - [MESSAGE][INFO] - Sending keys '123456' to object: 'Object Repository/Sayfalar/Giris_Sayfasi/Sifre'

2021-11-23 09:48:06 - [MESSAGE][INFO] - Finding web element from Test Object's properties

2021-11-23 09:48:06 - [MESSAGE][INFO] - Checking timeout

2021-11-23 09:48:06 - [MESSAGE][INFO] - Finding web element with id: 'Object Repository/Sayfalar/Giris_Sayfasi/Sifre' located by 'By.xpath: //*[@id = 'Password']' in '30' second(s)

2021-11-23 09:48:06 - [MESSAGE][INFO] - Smart Wait Function is triggered

2021-11-23 09:48:06 - [MESSAGE][INFO] - Found 1 web elements with id: 'Object Repository/Sayfalar/Giris_Sayfasi/Sifre' located by 'By.xpath: //*[@id = 'Password']' in '30' second(s)

2021-11-23 09:48:06 - [MESSAGE][PASSED] - Keys '123456' sent to object: 'Object Repository/Sayfalar/Giris_Sayfasi/Sifre'

2021-11-23 09:48:06 - [TEST_STEP][PASSED] - findWebElement(findTestObject("Sayfalar/Giris_Sayfasi/Giris_Butonu")).click(): Found 1 web elements with id: 'Object Repository/Sayfalar/Giris_Sayfasi/Giris_Butonu' located by 'By.cssSelector: #btnLogin' in '30' second(s)

2021-11-23 09:48:06 - [MESSAGE][INFO] - Finding Test Object 'Object Repository/Sayfalar/Giris_Sayfasi/Giris_Butonu'

2021-11-23 09:48:06 - [MESSAGE][INFO] - Finding web element from Test Object's properties

2021-11-23 09:48:06 - [MESSAGE][INFO] - Checking timeout

2021-11-23 09:48:06 - [MESSAGE][INFO] - Finding web element with id: 'Object Repository/Sayfalar/Giris_Sayfasi/Giris_Butonu' located by 'By.cssSelector: #btnLogin' in '30' second(s)

2021-11-23 09:48:06 - [MESSAGE][INFO] - Smart Wait Function is triggered

2021-11-23 09:48:06 - [MESSAGE][INFO] - Found 1 web elements with id: 'Object Repository/Sayfalar/Giris_Sayfasi/Giris_Butonu' located by 'By.cssSelector: #btnLogin' in '30' second(s)

2021-11-23 09:48:12 - [TEST_STEP][PASSED] - if (verifyElementPresent(findTestObject("Object Repository/Sayfalar/Giris_Sayfasi/RetveTamam_Butonu"), 5, OPTIONAL)): null

2021-11-23 09:48:12 - [MESSAGE][INFO] - Finding Test Object 'Object Repository/Sayfalar/Giris_Sayfasi/RetveTamam_Butonu'

2021-11-23 09:48:12 - [MESSAGE][INFO] - Checking object

2021-11-23 09:48:12 - [MESSAGE][INFO] - Finding web element from Test Object's properties

2021-11-23 09:48:12 - [MESSAGE][INFO] - Checking timeout

2021-11-23 09:48:12 - [MESSAGE][INFO] - Finding web element with id: 'Object Repository/Sayfalar/Giris_Sayfasi/RetveTamam_Butonu' located by 'By.xpath: //*[@class = 'btn btn-default']' in '5' second(s)

2021-11-23 09:48:12 - [MESSAGE][INFO] - Smart Wait Function is triggered

2021-11-23 09:48:12 - [MESSAGE][INFO] - Found 1 web elements with id: 'Object Repository/Sayfalar/Giris_Sayfasi/RetveTamam_Butonu' located by 'By.xpath: //*[@class = 'btn btn-default']' in '5' second(s)

2021-11-23 09:48:12 - [MESSAGE][PASSED] - Object 'Object Repository/Sayfalar/Giris_Sayfasi/RetveTamam_Butonu' is present

2021-11-23 09:48:12 - [TEST_STEP][PASSED] - click(findTestObject("Object Repository/Sayfalar/Giris_Sayfasi/RetveTamam_Butonu")): Object: 'Object Repository/Sayfalar/Giris_Sayfasi/RetveTamam_Butonu' is clicked on

2021-11-23 09:48:12 - [MESSAGE][INFO] - Finding Test Object 'Object Repository/Sayfalar/Giris_Sayfasi/RetveTamam_Butonu'

2021-11-23 09:48:12 - [MESSAGE][INFO] - Checking object

2021-11-23 09:48:12 - [MESSAGE][INFO] - Finding web element from Test Object's properties

2021-11-23 09:48:12 - [MESSAGE][INFO] - Checking timeout

2021-11-23 09:48:12 - [MESSAGE][INFO] - Finding web element with id: 'Object Repository/Sayfalar/Giris_Sayfasi/RetveTamam_Butonu' located by 'By.xpath: //*[@class = 'btn btn-default']' in '30' second(s)

2021-11-23 09:48:12 - [MESSAGE][INFO] - Smart Wait Function is triggered

2021-11-23 09:48:12 - [MESSAGE][INFO] - Found 1 web elements with id: 'Object Repository/Sayfalar/Giris_Sayfasi/RetveTamam_Butonu' located by 'By.xpath: //*[@class = 'btn btn-default']' in '30' second(s)

2021-11-23 09:48:12 - [MESSAGE][INFO] - Clicking on object: 'Object Repository/Sayfalar/Giris_Sayfasi/RetveTamam_Butonu'

2021-11-23 09:48:12 - [MESSAGE][PASSED] - Object: 'Object Repository/Sayfalar/Giris_Sayfasi/RetveTamam_Butonu' is clicked on

2021-11-23 09:48:12 - [TEST_STEP][PASSED] - click(findTestObject("Object Repository/Sayfalar/Giris_Sayfasi/RetveTamam_Butonu")): Object: 'Object Repository/Sayfalar/Giris_Sayfasi/RetveTamam_Butonu' is clicked on

2021-11-23 09:48:12 - [MESSAGE][INFO] - Finding Test Object 'Object Repository/Sayfalar/Giris_Sayfasi/RetveTamam_Butonu'

2021-11-23 09:48:12 - [MESSAGE][INFO] - Checking object

2021-11-23 09:48:12 - [MESSAGE][INFO] - Finding web element from Test Object's properties

2021-11-23 09:48:12 - [MESSAGE][INFO] - Checking timeout

2021-11-23 09:48:12 - [MESSAGE][INFO] - Finding web element with id: 'Object Repository/Sayfalar/Giris_Sayfasi/RetveTamam_Butonu' located by 'By.xpath: //*[@class = 'btn btn-default']' in '30' second(s)

2021-11-23 09:48:12 - [MESSAGE][INFO] - Smart Wait Function is triggered

2021-11-23 09:48:18 - [MESSAGE][INFO] - Found 1 web elements with id: 'Object Repository/Sayfalar/Giris_Sayfasi/RetveTamam_Butonu' located by 'By.xpath: //*[@class = 'btn btn-default']' in '30' second(s)

2021-11-23 09:48:18 - [MESSAGE][INFO] - Clicking on object: 'Object Repository/Sayfalar/Giris_Sayfasi/RetveTamam_Butonu'

2021-11-23 09:48:18 - [MESSAGE][PASSED] - Object: 'Object Repository/Sayfalar/Giris_Sayfasi/RetveTamam_Butonu' is clicked on

2021-11-23 09:48:18 - [TEST_STEP][PASSED] - if (verifyElementPresent(findTestObject("Sayfalar/Giris_Sayfasi/PopupOK"), 5, OPTIONAL)): null

2021-11-23 09:48:18 - [MESSAGE][INFO] - Finding Test Object 'Object Repository/Sayfalar/Giris_Sayfasi/PopupOK'

2021-11-23 09:48:18 - [MESSAGE][INFO] - Checking object

2021-11-23 09:48:18 - [MESSAGE][INFO] - Finding web element from Test Object's properties

2021-11-23 09:48:18 - [MESSAGE][INFO] - Checking timeout

2021-11-23 09:48:18 - [MESSAGE][INFO] - Finding web element with id: 'Object Repository/Sayfalar/Giris_Sayfasi/PopupOK' located by 'By.cssSelector: .btn.btn-success' in '5' second(s)

2021-11-23 09:48:18 - [MESSAGE][INFO] - Smart Wait Function is triggered

2021-11-23 09:48:19 - [MESSAGE][INFO] - Found 1 web elements with id: 'Object Repository/Sayfalar/Giris_Sayfasi/PopupOK' located by 'By.cssSelector: .btn.btn-success' in '5' second(s)

2021-11-23 09:48:19 - [MESSAGE][PASSED] - Object 'Object Repository/Sayfalar/Giris_Sayfasi/PopupOK' is present

2021-11-23 09:48:19 - [TEST_STEP][PASSED] - click(findTestObject("Object Repository/Sayfalar/Giris_Sayfasi/PopupCarpiGiris")): Object: 'Object Repository/Sayfalar/Giris_Sayfasi/PopupCarpiGiris' is clicked on

2021-11-23 09:48:19 - [MESSAGE][INFO] - Finding Test Object 'Object Repository/Sayfalar/Giris_Sayfasi/PopupCarpiGiris'

2021-11-23 09:48:19 - [MESSAGE][INFO] - Checking object

2021-11-23 09:48:19 - [MESSAGE][INFO] - Finding web element from Test Object's properties

2021-11-23 09:48:19 - [MESSAGE][INFO] - Checking timeout

2021-11-23 09:48:19 - [MESSAGE][INFO] - Finding web element with id: 'Object Repository/Sayfalar/Giris_Sayfasi/PopupCarpiGiris' located by 'By.cssSelector: .bootbox-close-button.close' in '30' second(s)

2021-11-23 09:48:19 - [MESSAGE][INFO] - Smart Wait Function is triggered

2021-11-23 09:48:19 - [MESSAGE][INFO] - Found 1 web elements with id: 'Object Repository/Sayfalar/Giris_Sayfasi/PopupCarpiGiris' located by 'By.cssSelector: .bootbox-close-button.close' in '30' second(s)

2021-11-23 09:48:19 - [MESSAGE][INFO] - Clicking on object: 'Object Repository/Sayfalar/Giris_Sayfasi/PopupCarpiGiris'

2021-11-23 09:48:19 - [MESSAGE][PASSED] - Object: 'Object Repository/Sayfalar/Giris_Sayfasi/PopupCarpiGiris' is clicked on

2021-11-23 09:48:19 - [TEST_STEP][PASSED] - verifyElementVisible(findTestObject("Object Repository/Kullanici_Islemleri/KullaniciIslemleri")): Object 'Object Repository/Kullanici_Islemleri/KullaniciIslemleri' is visible

2021-11-23 09:48:19 - [MESSAGE][INFO] - Finding Test Object 'Object Repository/Kullanici_Islemleri/KullaniciIslemleri'

2021-11-23 09:48:19 - [MESSAGE][INFO] - Checking object

2021-11-23 09:48:19 - [MESSAGE][INFO] - Finding web element from Test Object's properties

2021-11-23 09:48:19 - [MESSAGE][INFO] - Checking timeout

2021-11-23 09:48:19 - [MESSAGE][INFO] - Finding web element with id: 'Object Repository/Kullanici_Islemleri/KullaniciIslemleri' located by 'By.cssSelector: .dropdown>a>img' in '30' second(s)

2021-11-23 09:48:19 - [MESSAGE][INFO] - Smart Wait Function is triggered

2021-11-23 09:48:20 - [MESSAGE][INFO] - Found 1 web elements with id: 'Object Repository/Kullanici_Islemleri/KullaniciIslemleri' located by 'By.cssSelector: .dropdown>a>img' in '30' second(s)

2021-11-23 09:48:20 - [MESSAGE][PASSED] - Object 'Object Repository/Kullanici_Islemleri/KullaniciIslemleri' is visible

2021-11-23 09:48:20 - [MESSAGE][PASSED] - Call Test Case 'Test Cases/Sayfalar/Giris_Sayfasi/Login' successfully

2021-11-23 09:48:20 - [MESSAGE][INFO] - Checking called Test Case

2021-11-23 09:48:20 - [MESSAGE][INFO] - Starting to call Test Case 'Test Cases/Menu/AnaMenuSecimi'

2021-11-23 09:48:20 - [TEST_CASE][PASSED] - Test Cases/Menu/AnaMenuSecimi: Test Cases/Menu/AnaMenuSecimi

2021-11-23 09:48:20 - [TEST_STEP][PASSED] - Method.TextDegerineEsitElementeTikla(findTestObject("Menu/Ana_Menu"), Ana_Menu): Method.TextDegerineEsitElementeTikla is PASSED

2021-11-23 09:48:20 - [MESSAGE][INFO] - Finding Test Object 'Object Repository/Menu/Ana_Menu'

2021-11-23 09:48:20 - [MESSAGE][INFO] - Checking timeout

2021-11-23 09:48:20 - [MESSAGE][INFO] - Finding web element with id: 'Object Repository/Menu/Ana_Menu' located by 'By.xpath: //*[@class = 'dropdown-toggle']' in '10' second(s)

2021-11-23 09:48:20 - [MESSAGE][INFO] - Smart Wait Function is triggered

2021-11-23 09:48:20 - [MESSAGE][INFO] - Found 14 web elements with id: 'Object Repository/Menu/Ana_Menu' located by 'By.xpath: //*[@class = 'dropdown-toggle']' in '10' second(s)

2021-11-23 09:48:21 - [MESSAGE][PASSED] - Method.TextDegerineEsitElementeTikla is PASSED

2021-11-23 09:48:21 - [MESSAGE][PASSED] - Call Test Case 'Test Cases/Menu/AnaMenuSecimi' successfully

2021-11-23 09:48:21 - [MESSAGE][INFO] - Checking called Test Case

2021-11-23 09:48:21 - [MESSAGE][INFO] - Starting to call Test Case 'Test Cases/Menu/AltMenuSecimi'

2021-11-23 09:48:21 - [TEST_CASE][PASSED] - Test Cases/Menu/AltMenuSecimi: Test Cases/Menu/AltMenuSecimi

2021-11-23 09:48:21 - [TEST_STEP][PASSED] - Method.TextDegerineEsitElementeTikla(findTestObject("Menu/Alt_Menu"), Alt_Menu): Method.TextDegerineEsitElementeTikla is PASSED

2021-11-23 09:48:21 - [MESSAGE][INFO] - Finding Test Object 'Object Repository/Menu/Alt_Menu'

2021-11-23 09:48:21 - [MESSAGE][INFO] - Checking timeout

2021-11-23 09:48:21 - [MESSAGE][INFO] - Finding web element with id: 'Object Repository/Menu/Alt_Menu' located by 'By.xpath: //li[@class='dropdown dropdown-large open']//li[@class='dropdown-element']' in '10' second(s)

2021-11-23 09:48:21 - [MESSAGE][INFO] - Smart Wait Function is triggered

2021-11-23 09:48:21 - [MESSAGE][INFO] - Found 2 web elements with id: 'Object Repository/Menu/Alt_Menu' located by 'By.xpath: //li[@class='dropdown dropdown-large open']//li[@class='dropdown-element']' in '10' second(s)

2021-11-23 09:48:32 - [MESSAGE][PASSED] - Method.TextDegerineEsitElementeTikla is PASSED

2021-11-23 09:48:32 - [MESSAGE][PASSED] - Call Test Case 'Test Cases/Menu/AltMenuSecimi' successfully

2021-11-23 09:48:32 - [MESSAGE][INFO] - Checking called Test Case

2021-11-23 09:48:32 - [MESSAGE][INFO] - Starting to call Test Case 'Test Cases/Filtreler/BaslangicYaz'

2021-11-23 09:48:32 - [TEST_CASE][PASSED] - Test Cases/Filtreler/BaslangicYaz: Test Cases/Filtreler/BaslangicYaz

2021-11-23 09:48:32 - [TEST_STEP][PASSED] - delay(3): Delayed 3 second(s)

2021-11-23 09:48:32 - [MESSAGE][INFO] - Delaying browser in 3 second(s)

2021-11-23 09:48:35 - [MESSAGE][PASSED] - Delayed 3 second(s)

2021-11-23 09:48:35 - [TEST_STEP][PASSED] - Method.TextDegerineEsitElementinAltindakineTikla(findTestObject("Filtreler/Basliklar"), findTestObject("Filtreler/Basliga_Gore_Baslangic_Image"), Filtre_Adi): Method.TextDegerineEsitElementinAltindakineTikla is PASSED

2021-11-23 09:48:35 - [MESSAGE][INFO] - Finding Test Object 'Object Repository/Filtreler/Basliklar'

2021-11-23 09:48:35 - [MESSAGE][INFO] - Finding Test Object 'Object Repository/Filtreler/Basliga_Gore_Baslangic_Image'

2021-11-23 09:48:35 - [MESSAGE][INFO] - Checking timeout

2021-11-23 09:48:35 - [MESSAGE][INFO] - Finding web element with id: 'Object Repository/Filtreler/Basliklar' located by 'By.cssSelector: .control-label.col-sm-4.paddingMarginRLC' in '10' second(s)

2021-11-23 09:48:35 - [MESSAGE][INFO] - Smart Wait Function is triggered

2021-11-23 09:48:35 - [MESSAGE][INFO] - Found 8 web elements with id: 'Object Repository/Filtreler/Basliklar' located by 'By.cssSelector: .control-label.col-sm-4.paddingMarginRLC' in '10' second(s)

2021-11-23 09:48:35 - [MESSAGE][INFO] - Smart Wait Function is triggered

2021-11-23 09:48:35 - [MESSAGE][PASSED] - Method.TextDegerineEsitElementinAltindakineTikla is PASSED

2021-11-23 09:48:35 - [TEST_STEP][PASSED] - Method.TextDegerineEsitElementinAltindakiTextboxtaYaz(findTestObject("Filtreler/Basliklar"), findTestObject("Filtreler/Basliga_Gore_Baslangic"), Filtre_Adi, Filtre_Degeri): Method.TextDegerineEsitElementinAltindakiTextboxtaYaz is PASSED

2021-11-23 09:48:35 - [MESSAGE][INFO] - Finding Test Object 'Object Repository/Filtreler/Basliklar'

2021-11-23 09:48:36 - [MESSAGE][INFO] - Finding Test Object 'Object Repository/Filtreler/Basliga_Gore_Baslangic'

2021-11-23 09:48:36 - [MESSAGE][INFO] - Checking timeout

2021-11-23 09:48:36 - [MESSAGE][INFO] - Finding web element with id: 'Object Repository/Filtreler/Basliklar' located by 'By.cssSelector: .control-label.col-sm-4.paddingMarginRLC' in '10' second(s)

2021-11-23 09:48:36 - [MESSAGE][INFO] - Smart Wait Function is triggered

2021-11-23 09:48:36 - [MESSAGE][INFO] - Found 8 web elements with id: 'Object Repository/Filtreler/Basliklar' located by 'By.cssSelector: .control-label.col-sm-4.paddingMarginRLC' in '10' second(s)

2021-11-23 09:48:36 - [MESSAGE][INFO] - Smart Wait Function is triggered

2021-11-23 09:48:36 - [MESSAGE][PASSED] - Method.TextDegerineEsitElementinAltindakiTextboxtaYaz is PASSED

2021-11-23 09:48:36 - [MESSAGE][PASSED] - Call Test Case 'Test Cases/Filtreler/BaslangicYaz' successfully

2021-11-23 09:48:36 - [MESSAGE][INFO] - Checking called Test Case

2021-11-23 09:48:36 - [MESSAGE][INFO] - Starting to call Test Case 'Test Cases/Filtreler/BitisYaz'

2021-11-23 09:48:36 - [TEST_CASE][PASSED] - Test Cases/Filtreler/BitisYaz: Test Cases/Filtreler/BitisYaz

2021-11-23 09:48:36 - [TEST_STEP][PASSED] - Method.TextDegerineEsitElementinAltindakineTikla(findTestObject("Filtreler/Basliklar"), findTestObject("Filtreler/Basliga_Gore_Bitis_Image"), Filtre_Adi): Method.TextDegerineEsitElementinAltindakineTikla is PASSED

2021-11-23 09:48:36 - [MESSAGE][INFO] - Finding Test Object 'Object Repository/Filtreler/Basliklar'

2021-11-23 09:48:36 - [MESSAGE][INFO] - Finding Test Object 'Object Repository/Filtreler/Basliga_Gore_Bitis_Image'

2021-11-23 09:48:37 - [MESSAGE][INFO] - Checking timeout

2021-11-23 09:48:37 - [MESSAGE][INFO] - Finding web element with id: 'Object Repository/Filtreler/Basliklar' located by 'By.cssSelector: .control-label.col-sm-4.paddingMarginRLC' in '10' second(s)

2021-11-23 09:48:37 - [MESSAGE][INFO] - Smart Wait Function is triggered

2021-11-23 09:48:37 - [MESSAGE][INFO] - Found 8 web elements with id: 'Object Repository/Filtreler/Basliklar' located by 'By.cssSelector: .control-label.col-sm-4.paddingMarginRLC' in '10' second(s)

2021-11-23 09:48:37 - [MESSAGE][INFO] - Smart Wait Function is triggered

2021-11-23 09:48:37 - [MESSAGE][PASSED] - Method.TextDegerineEsitElementinAltindakineTikla is PASSED

2021-11-23 09:48:37 - [TEST_STEP][PASSED] - Method.TextDegerineEsitElementinAltindakiTextboxtaYaz(findTestObject("Filtreler/Basliklar"), findTestObject("Object Repository/Filtreler/Basliga_Gore_Bitis"), Filtre_Adi, Filtre_Degeri): Method.TextDegerineEsitElementinAltindakiTextboxtaYaz is PASSED

2021-11-23 09:48:37 - [MESSAGE][INFO] - Finding Test Object 'Object Repository/Filtreler/Basliklar'

2021-11-23 09:48:37 - [MESSAGE][INFO] - Finding Test Object 'Object Repository/Filtreler/Basliga_Gore_Bitis'

2021-11-23 09:48:37 - [MESSAGE][INFO] - Checking timeout

2021-11-23 09:48:37 - [MESSAGE][INFO] - Finding web element with id: 'Object Repository/Filtreler/Basliklar' located by 'By.cssSelector: .control-label.col-sm-4.paddingMarginRLC' in '10' second(s)

2021-11-23 09:48:37 - [MESSAGE][INFO] - Smart Wait Function is triggered

2021-11-23 09:48:38 - [MESSAGE][INFO] - Found 8 web elements with id: 'Object Repository/Filtreler/Basliklar' located by 'By.cssSelector: .control-label.col-sm-4.paddingMarginRLC' in '10' second(s)

2021-11-23 09:48:38 - [MESSAGE][INFO] - Smart Wait Function is triggered

2021-11-23 09:48:38 - [MESSAGE][PASSED] - Method.TextDegerineEsitElementinAltindakiTextboxtaYaz is PASSED

2021-11-23 09:48:38 - [MESSAGE][PASSED] - Call Test Case 'Test Cases/Filtreler/BitisYaz' successfully

2021-11-23 09:48:38 - [MESSAGE][INFO] - Checking called Test Case

2021-11-23 09:48:38 - [MESSAGE][INFO] - Starting to call Test Case 'Test Cases/Filtreler/ButonaTikla'

2021-11-23 09:48:38 - [TEST_CASE][PASSED] - Test Cases/Filtreler/ButonaTikla: Test Cases/Filtreler/ButonaTikla

2021-11-23 09:48:38 - [TEST_STEP][PASSED] - Method.TextDegerineEsitElementeTikla(findTestObject("Filtreler/Butonlar"), Filtre_Buton): Method.TextDegerineEsitElementeTikla is PASSED

2021-11-23 09:48:38 - [MESSAGE][INFO] - Finding Test Object 'Object Repository/Filtreler/Butonlar'

2021-11-23 09:48:38 - [MESSAGE][INFO] - Checking timeout

2021-11-23 09:48:38 - [MESSAGE][INFO] - Finding web element with id: 'Object Repository/Filtreler/Butonlar' located by 'By.cssSelector: .dxb>span' in '10' second(s)

2021-11-23 09:48:38 - [MESSAGE][INFO] - Smart Wait Function is triggered

2021-11-23 09:48:38 - [MESSAGE][INFO] - Found 3 web elements with id: 'Object Repository/Filtreler/Butonlar' located by 'By.cssSelector: .dxb>span' in '10' second(s)

2021-11-23 09:48:39 - [MESSAGE][PASSED] - Method.TextDegerineEsitElementeTikla is PASSED

2021-11-23 09:48:39 - [MESSAGE][PASSED] - Call Test Case 'Test Cases/Filtreler/ButonaTikla' successfully

2021-11-23 09:48:39 - [MESSAGE][INFO] - Checking called Test Case

2021-11-23 09:48:39 - [MESSAGE][INFO] - Starting to call Test Case 'Test Cases/Tablo/TablodaVeriVarMi'

2021-11-23 09:48:39 - [TEST_CASE][PASSED] - Test Cases/Tablo/TablodaVeriVarMi: Test Cases/Tablo/TablodaVeriVarMi

2021-11-23 09:48:39 - [TEST_STEP][PASSED] - verifyTextNotPresent("Görüntülenecek veri yok", true): Text 'Görüntülenecek veri yok' is not present on page using regular expression

2021-11-23 09:48:39 - [MESSAGE][INFO] - Checking text present  using regular expression

2021-11-23 09:48:39 - [MESSAGE][INFO] - Smart Wait Function is triggered

2021-11-23 09:48:39 - [MESSAGE][INFO] - Finding text 'Görüntülenecek veri yok' on page  using regular expression

2021-11-23 09:48:39 - [MESSAGE][PASSED] - Text 'Görüntülenecek veri yok' is not present on page using regular expression

2021-11-23 09:48:39 - [MESSAGE][PASSED] - Call Test Case 'Test Cases/Tablo/TablodaVeriVarMi' successfully

2021-11-23 09:48:39 - [MESSAGE][INFO] - Checking called Test Case

2021-11-23 09:48:39 - [MESSAGE][INFO] - Starting to call Test Case 'Test Cases/Tablo/TablodanVeriSec'

2021-11-23 09:48:39 - [TEST_CASE][PASSED] - Test Cases/Tablo/TablodanVeriSec: Test Cases/Tablo/TablodanVeriSec

2021-11-23 09:48:39 - [TEST_STEP][PASSED] - Method.TextDegerineEsitElementinAltindakineTikla(findTestObject("Tablo/Veriler"), findTestObject("Tablo/VerininCheckBoxi"), Veri_Adi): Method.TextDegerineEsitElementinAltindakineTikla is PASSED

2021-11-23 09:48:39 - [MESSAGE][INFO] - Finding Test Object 'Object Repository/Tablo/Veriler'

2021-11-23 09:48:40 - [MESSAGE][INFO] - Finding Test Object 'Object Repository/Tablo/VerininCheckBoxi'

2021-11-23 09:48:40 - [MESSAGE][INFO] - Checking timeout

2021-11-23 09:48:40 - [MESSAGE][INFO] - Finding web element with id: 'Object Repository/Tablo/Veriler' located by 'By.cssSelector: td.dxgv b ,td.dxgv' in '10' second(s)

2021-11-23 09:48:40 - [MESSAGE][INFO] - Smart Wait Function is triggered

2021-11-23 09:48:40 - [MESSAGE][INFO] - Found 110 web elements with id: 'Object Repository/Tablo/Veriler' located by 'By.cssSelector: td.dxgv b ,td.dxgv' in '10' second(s)

2021-11-23 09:48:41 - [MESSAGE][INFO] - Smart Wait Function is triggered

2021-11-23 09:48:41 - [MESSAGE][PASSED] - Method.TextDegerineEsitElementinAltindakineTikla is PASSED

2021-11-23 09:48:41 - [MESSAGE][PASSED] - Call Test Case 'Test Cases/Tablo/TablodanVeriSec' successfully

2021-11-23 09:48:41 - [MESSAGE][INFO] - Checking called Test Case

2021-11-23 09:48:41 - [MESSAGE][INFO] - Starting to call Test Case 'Test Cases/Butonlar/ButonaTikla'

2021-11-23 09:48:41 - [TEST_CASE][PASSED] - Test Cases/Butonlar/ButonaTikla: Test Cases/Butonlar/ButonaTikla

2021-11-23 09:48:41 - [TEST_STEP][PASSED] - Method.TextDegerineEsitElementeTiklaEquals(findTestObject("Butonlar/Butonlar"), Buton_Adi): Method.TextDegerineEsitElementeTiklaEquals is PASSED

2021-11-23 09:48:41 - [MESSAGE][INFO] - Finding Test Object 'Object Repository/Butonlar/Butonlar'

2021-11-23 09:48:42 - [MESSAGE][INFO] - Checking timeout

2021-11-23 09:48:42 - [MESSAGE][INFO] - Finding web element with id: 'Object Repository/Butonlar/Butonlar' located by 'By.cssSelector: .panel.panel-default.text-center.footerPanel .btn,.btn.btn-primary.btnControls' in '10' second(s)

2021-11-23 09:48:42 - [MESSAGE][INFO] - Smart Wait Function is triggered

2021-11-23 09:48:42 - [MESSAGE][INFO] - Found 6 web elements with id: 'Object Repository/Butonlar/Butonlar' located by 'By.cssSelector: .panel.panel-default.text-center.footerPanel .btn,.btn.btn-primary.btnControls' in '10' second(s)

2021-11-23 09:48:42 - [MESSAGE][PASSED] - Method.TextDegerineEsitElementeTiklaEquals is PASSED

2021-11-23 09:48:42 - [MESSAGE][PASSED] - Call Test Case 'Test Cases/Butonlar/ButonaTikla' successfully

2021-11-23 09:48:42 - [MESSAGE][INFO] - Checking called Test Case

2021-11-23 09:48:42 - [MESSAGE][INFO] - Starting to call Test Case 'Test Cases/Popup/PopupBasligiIceriyorMu'

2021-11-23 09:48:42 - [TEST_CASE][PASSED] - Test Cases/Popup/PopupBasligiIceriyorMu: Test Cases/Popup/PopupBasligiIceriyorMu

2021-11-23 09:48:43 - [TEST_STEP][PASSED] - verifyElementText(findTestObject("Object Repository/Popup/PopupBaslikIceriyorMu"), Name): Actual text and expected text of test object 'Object Repository/Popup/PopupBaslikIceriyorMu' are matched.

2021-11-23 09:48:43 - [MESSAGE][INFO] - Finding Test Object 'Object Repository/Popup/PopupBaslikIceriyorMu'

2021-11-23 09:48:43 - [MESSAGE][INFO] - Checking object

2021-11-23 09:48:43 - [MESSAGE][INFO] - Finding web element from Test Object's properties

2021-11-23 09:48:43 - [MESSAGE][INFO] - Checking timeout

2021-11-23 09:48:43 - [MESSAGE][INFO] - Finding web element with id: 'Object Repository/Popup/PopupBaslikIceriyorMu' located by 'By.xpath: //*[@id = 'modalTitle']' in '30' second(s)

2021-11-23 09:48:43 - [MESSAGE][INFO] - Smart Wait Function is triggered

2021-11-23 09:48:48 - [MESSAGE][INFO] - Found 1 web elements with id: 'Object Repository/Popup/PopupBaslikIceriyorMu' located by 'By.xpath: //*[@id = 'modalTitle']' in '30' second(s)

2021-11-23 09:48:48 - [MESSAGE][PASSED] - Actual text and expected text of test object 'Object Repository/Popup/PopupBaslikIceriyorMu' are matched.

2021-11-23 09:48:48 - [MESSAGE][PASSED] - Call Test Case 'Test Cases/Popup/PopupBasligiIceriyorMu' successfully

2021-11-23 09:48:48 - [MESSAGE][INFO] - Checking called Test Case

2021-11-23 09:48:48 - [MESSAGE][INFO] - Starting to call Test Case 'Test Cases/Popup/PopupKapatilir'

2021-11-23 09:48:48 - [TEST_CASE][PASSED] - Test Cases/Popup/PopupKapatilir: Test Cases/Popup/PopupKapatilir

2021-11-23 09:48:49 - [TEST_STEP][PASSED] - waitForElementClickable(findTestObject("Popup/Kapat"), 10): Object 'Object Repository/Popup/Kapat' is clickable

2021-11-23 09:48:49 - [MESSAGE][INFO] - Finding Test Object 'Object Repository/Popup/Kapat'

2021-11-23 09:48:49 - [MESSAGE][INFO] - Checking object

2021-11-23 09:48:49 - [MESSAGE][INFO] - Checking timeout

2021-11-23 09:48:49 - [MESSAGE][INFO] - Finding web element from Test Object's properties

2021-11-23 09:48:49 - [MESSAGE][INFO] - Checking timeout

2021-11-23 09:48:49 - [MESSAGE][INFO] - Finding web element with id: 'Object Repository/Popup/Kapat' located by 'By.cssSelector: .bootbox-close-button.close' in '10' second(s)

2021-11-23 09:48:49 - [MESSAGE][INFO] - Smart Wait Function is triggered

2021-11-23 09:48:49 - [MESSAGE][INFO] - Found 1 web elements with id: 'Object Repository/Popup/Kapat' located by 'By.cssSelector: .bootbox-close-button.close' in '10' second(s)

2021-11-23 09:48:49 - [MESSAGE][PASSED] - Object 'Object Repository/Popup/Kapat' is clickable

2021-11-23 09:48:49 - [TEST_STEP][PASSED] - click(findTestObject("Popup/Kapat")): Object: 'Object Repository/Popup/Kapat' is clicked on

2021-11-23 09:48:49 - [MESSAGE][INFO] - Finding Test Object 'Object Repository/Popup/Kapat'

2021-11-23 09:48:49 - [MESSAGE][INFO] - Checking object

2021-11-23 09:48:49 - [MESSAGE][INFO] - Finding web element from Test Object's properties

2021-11-23 09:48:49 - [MESSAGE][INFO] - Checking timeout

2021-11-23 09:48:49 - [MESSAGE][INFO] - Finding web element with id: 'Object Repository/Popup/Kapat' located by 'By.cssSelector: .bootbox-close-button.close' in '30' second(s)

2021-11-23 09:48:49 - [MESSAGE][INFO] - Smart Wait Function is triggered

2021-11-23 09:48:50 - [MESSAGE][INFO] - Found 1 web elements with id: 'Object Repository/Popup/Kapat' located by 'By.cssSelector: .bootbox-close-button.close' in '30' second(s)

2021-11-23 09:48:50 - [MESSAGE][INFO] - Clicking on object: 'Object Repository/Popup/Kapat'

2021-11-23 09:48:50 - [MESSAGE][PASSED] - Object: 'Object Repository/Popup/Kapat' is clicked on

2021-11-23 09:48:50 - [MESSAGE][PASSED] - Call Test Case 'Test Cases/Popup/PopupKapatilir' successfully

2021-11-23 09:48:50 - [MESSAGE][INFO] - Checking called Test Case

2021-11-23 09:48:50 - [MESSAGE][INFO] - Starting to call Test Case 'Test Cases/Kullanici_Islemleri/KullaniciIslemlerindenSecimYapilir'

2021-11-23 09:48:50 - [TEST_CASE][PASSED] - Test Cases/Kullanici_Islemleri/KullaniciIslemlerindenSecimYapilir: Test Cases/Kullanici_Islemleri/KullaniciIslemlerindenSecimYapilir

2021-11-23 09:48:50 - [TEST_STEP][PASSED] - waitForElementClickable(findTestObject("Object Repository/Kullanici_Islemleri/KullaniciIslemleri"), 10): Object 'Object Repository/Kullanici_Islemleri/KullaniciIslemleri' is clickable

2021-11-23 09:48:50 - [MESSAGE][INFO] - Finding Test Object 'Object Repository/Kullanici_Islemleri/KullaniciIslemleri'

2021-11-23 09:48:50 - [MESSAGE][INFO] - Checking object

2021-11-23 09:48:50 - [MESSAGE][INFO] - Checking timeout

2021-11-23 09:48:50 - [MESSAGE][INFO] - Finding web element from Test Object's properties

2021-11-23 09:48:50 - [MESSAGE][INFO] - Checking timeout

2021-11-23 09:48:50 - [MESSAGE][INFO] - Finding web element with id: 'Object Repository/Kullanici_Islemleri/KullaniciIslemleri' located by 'By.cssSelector: .dropdown>a>img' in '10' second(s)

2021-11-23 09:48:50 - [MESSAGE][INFO] - Smart Wait Function is triggered

2021-11-23 09:48:50 - [MESSAGE][INFO] - Found 1 web elements with id: 'Object Repository/Kullanici_Islemleri/KullaniciIslemleri' located by 'By.cssSelector: .dropdown>a>img' in '10' second(s)

2021-11-23 09:48:50 - [MESSAGE][PASSED] - Object 'Object Repository/Kullanici_Islemleri/KullaniciIslemleri' is clickable

2021-11-23 09:48:50 - [TEST_STEP][PASSED] - click(findTestObject("Object Repository/Kullanici_Islemleri/KullaniciIslemleri")): Object: 'Object Repository/Kullanici_Islemleri/KullaniciIslemleri' is clicked on

2021-11-23 09:48:50 - [MESSAGE][INFO] - Finding Test Object 'Object Repository/Kullanici_Islemleri/KullaniciIslemleri'

2021-11-23 09:48:51 - [MESSAGE][INFO] - Checking object

2021-11-23 09:48:51 - [MESSAGE][INFO] - Finding web element from Test Object's properties

2021-11-23 09:48:51 - [MESSAGE][INFO] - Checking timeout

2021-11-23 09:48:51 - [MESSAGE][INFO] - Finding web element with id: 'Object Repository/Kullanici_Islemleri/KullaniciIslemleri' located by 'By.cssSelector: .dropdown>a>img' in '30' second(s)

2021-11-23 09:48:51 - [MESSAGE][INFO] - Smart Wait Function is triggered

2021-11-23 09:48:51 - [MESSAGE][INFO] - Found 1 web elements with id: 'Object Repository/Kullanici_Islemleri/KullaniciIslemleri' located by 'By.cssSelector: .dropdown>a>img' in '30' second(s)

2021-11-23 09:48:51 - [MESSAGE][INFO] - Clicking on object: 'Object Repository/Kullanici_Islemleri/KullaniciIslemleri'

2021-11-23 09:48:51 - [MESSAGE][PASSED] - Object: 'Object Repository/Kullanici_Islemleri/KullaniciIslemleri' is clicked on

2021-11-23 09:48:51 - [TEST_STEP][PASSED] - Method.TextDegerineEsitElementeTikla(findTestObject("Object Repository/Kullanici_Islemleri/Secenekler"), Islem): Method.TextDegerineEsitElementeTikla is PASSED

2021-11-23 09:48:51 - [MESSAGE][INFO] - Finding Test Object 'Object Repository/Kullanici_Islemleri/Secenekler'

2021-11-23 09:48:51 - [MESSAGE][INFO] - Checking timeout

2021-11-23 09:48:51 - [MESSAGE][INFO] - Finding web element with id: 'Object Repository/Kullanici_Islemleri/Secenekler' located by 'By.cssSelector: .nav.navbar-nav.navbar-right li a' in '10' second(s)

2021-11-23 09:48:51 - [MESSAGE][INFO] - Smart Wait Function is triggered

2021-11-23 09:48:51 - [MESSAGE][INFO] - Found 22 web elements with id: 'Object Repository/Kullanici_Islemleri/Secenekler' located by 'By.cssSelector: .nav.navbar-nav.navbar-right li a' in '10' second(s)

2021-11-23 09:48:52 - [MESSAGE][PASSED] - Method.TextDegerineEsitElementeTikla is PASSED

2021-11-23 09:48:52 - [TEST_STEP][PASSED] - verifyElementNotPresent(findTestObject("Object Repository/Kullanici_Islemleri/Secenekler"), 10): Web element with id: 'Object Repository/Kullanici_Islemleri/Secenekler' located by 'By.cssSelector: .nav.navbar-nav.navbar-right li a' is not present after '10' second(s)

2021-11-23 09:48:52 - [MESSAGE][INFO] - Finding Test Object 'Object Repository/Kullanici_Islemleri/Secenekler'

2021-11-23 09:48:53 - [MESSAGE][INFO] - Checking object

2021-11-23 09:48:53 - [MESSAGE][INFO] - Checking timeout

2021-11-23 09:48:53 - [MESSAGE][INFO] - Finding web element with id: 'Object Repository/Kullanici_Islemleri/Secenekler' located by 'By.cssSelector: .nav.navbar-nav.navbar-right li a' in '10' second(s)

2021-11-23 09:48:53 - [MESSAGE][INFO] - Smart Wait Function is triggered

2021-11-23 09:48:53 - [MESSAGE][PASSED] - Web element with id: 'Object Repository/Kullanici_Islemleri/Secenekler' located by 'By.cssSelector: .nav.navbar-nav.navbar-right li a' is not present after '10' second(s)

2021-11-23 09:48:53 - [MESSAGE][PASSED] - Call Test Case 'Test Cases/Kullanici_Islemleri/KullaniciIslemlerindenSecimYapilir' successfully

2021-11-23 09:48:53 - [TEST_CASE][PASSED] - Start Test Case : SCENARIO Giden Zarf GIB: SCENARIO Giden Zarf GIB

2021-11-23 09:48:53 - [TEST_STEP][PASSED] - Kullanıcı adı ELOGO6 ve Şifre 123456 olarak giriş yapılır: Kullanıcı adı ELOGO6 ve Şifre 123456 olarak giriş yapılır

2021-11-23 09:48:53 - [MESSAGE][PASSED] - Kullanıcı adı ELOGO6 ve Şifre 123456 olarak giriş yapılır

2021-11-23 09:48:53 - [TEST_STEP][PASSED] - Ana menüden Zarflar seçilir: Ana menüden Zarflar seçilir

2021-11-23 09:48:53 - [MESSAGE][PASSED] - Ana menüden Zarflar seçilir

2021-11-23 09:48:53 - [TEST_STEP][PASSED] - Alt menüden Giden Zarflar seçilir: Alt menüden Giden Zarflar seçilir

2021-11-23 09:48:53 - [MESSAGE][PASSED] - Alt menüden Giden Zarflar seçilir

2021-11-23 09:48:53 - [TEST_STEP][PASSED] - Filtrelerden Oluşturma Tarihi filtresine 01.01.2020 baslangic degerini yaz: Filtrelerden Oluşturma Tarihi filtresine 01.01.2020 baslangic degerini yaz

2021-11-23 09:48:53 - [MESSAGE][PASSED] - Filtrelerden Oluşturma Tarihi filtresine 01.01.2020 baslangic degerini yaz

2021-11-23 09:48:53 - [TEST_STEP][PASSED] - Filtrelerden Oluşturma Tarihi filtresine 31.01.2020 bitis degerini yaz: Filtrelerden Oluşturma Tarihi filtresine 31.01.2020 bitis degerini yaz

2021-11-23 09:48:53 - [MESSAGE][PASSED] - Filtrelerden Oluşturma Tarihi filtresine 31.01.2020 bitis degerini yaz

2021-11-23 09:48:53 - [TEST_STEP][PASSED] - Filtre butonlarından Listele seçilir: Filtre butonlarından Listele seçilir

2021-11-23 09:48:53 - [MESSAGE][PASSED] - Filtre butonlarından Listele seçilir

2021-11-23 09:48:53 - [TEST_STEP][PASSED] - Tabloda veri var mı kontrol edilir: Tabloda veri var mı kontrol edilir

2021-11-23 09:48:53 - [MESSAGE][PASSED] - Tabloda veri var mı kontrol edilir

2021-11-23 09:48:53 - [TEST_STEP][PASSED] - Tablodan GÜMRÜK VE TİCARET BAKANLIĞI isimli veri seçilir: Tablodan GÜMRÜK VE TİCARET BAKANLIĞI isimli veri seçilir

2021-11-23 09:48:53 - [MESSAGE][PASSED] - Tablodan GÜMRÜK VE TİCARET BAKANLIĞI isimli veri seçilir

2021-11-23 09:48:53 - [TEST_STEP][PASSED] - Butonlardan GİB isimli butona tıklanır: Butonlardan GİB isimli butona tıklanır

2021-11-23 09:48:53 - [MESSAGE][PASSED] - Butonlardan GİB isimli butona tıklanır

2021-11-23 09:48:53 - [TEST_STEP][PASSED] - Popup başlığı GİB Durum Sorgulama içeriyor mu: Popup başlığı GİB Durum Sorgulama içeriyor mu

2021-11-23 09:48:53 - [MESSAGE][PASSED] - Popup başlığı GİB Durum Sorgulama içeriyor mu

2021-11-23 09:48:53 - [TEST_STEP][PASSED] - Popup kapatılır: Popup kapatılır

2021-11-23 09:48:53 - [MESSAGE][PASSED] - Popup kapatılır

2021-11-23 09:48:53 - [TEST_STEP][PASSED] - Kullanıcı işlemlerinden Çıkış seçilir: Kullanıcı işlemlerinden Çıkış seçilir

2021-11-23 09:48:53 - [MESSAGE][PASSED] - Kullanıcı işlemlerinden Çıkış seçilir

2021-11-23 09:48:53 - [MESSAGE][PASSED] - Feature file: 'Include/features/Zarflar/Giden Zarflar/GIB.feature' was passed

2021-11-23 09:48:53 - [TEST_STEP][PASSED] - Start listener action : sampleAfterTestSuite: Invoke 'com.kms.katalon.core.annotation.AfterTestCase' method: 'Listener.sampleAfterTestSuite(...)' completed.

2021-11-23 09:48:53 - [MESSAGE][INFO] - Starting invoke 'com.kms.katalon.core.annotation.AfterTestCase' method: 'Listener.sampleAfterTestSuite(...)'

2021-11-23 09:48:53 - [TEST_STEP][PASSED] - closeBrowser(): Invoke 'com.kms.katalon.core.annotation.AfterTestCase' method: 'Listener.sampleAfterTestSuite(...)' completed.

2021-11-23 09:48:53 - [MESSAGE][INFO] - Closing browser

2021-11-23 09:48:54 - [MESSAGE][PASSED] - Browser is closed

2021-11-23 09:48:54 - [MESSAGE][INFO] - Invoke 'com.kms.katalon.core.annotation.AfterTestCase' method: 'Listener.sampleAfterTestSuite(...)' completed.]]></system-out>
         <system-err><![CDATA[]]></system-err>
      </testcase>
      <testcase name="Test Cases/Case Repository/Zarflar/Giden Zarflar/Indir" time="35.677" classname="Test Cases/Case Repository/Zarflar/Giden Zarflar/Indir" status="PASSED">
         <system-out><![CDATA[2021-11-23 09:48:54 - [TEST_CASE][PASSED] - Test Cases/Case Repository/Zarflar/Giden Zarflar/Indir: Test Cases/Case Repository/Zarflar/Giden Zarflar/Indir

2021-11-23 09:48:54 - [TEST_STEP][PASSED] - Start listener action : sampleBeforeTestSuite: Invoke 'com.kms.katalon.core.annotation.BeforeTestCase' method: 'Listener.sampleBeforeTestSuite(...)' completed.

2021-11-23 09:48:54 - [MESSAGE][INFO] - Starting invoke 'com.kms.katalon.core.annotation.BeforeTestCase' method: 'Listener.sampleBeforeTestSuite(...)'

2021-11-23 09:48:54 - [TEST_STEP][PASSED] - openBrowser(baseUrl): Browser is opened with url: 'https://efatura-stage.elogo.com.tr/'

2021-11-23 09:48:54 - [MESSAGE][INFO] - Opening browser

2021-11-23 09:48:54 - [MESSAGE][INFO] - Starting 'Chrome' driver

2021-11-23 09:48:54 - [MESSAGE][INFO] - User set preference: ['prefs', '{download.default_directory=C:\otomasyondownfiles}']

2021-11-23 09:48:54 - [MESSAGE][INFO] - Action delay is set to 0 milliseconds

2021-11-23 09:48:55 - [MESSAGE][INFO] - Navigating browser to: 'https://efatura-stage.elogo.com.tr/'

2021-11-23 09:48:57 - [MESSAGE][PASSED] - Browser is opened with url: 'https://efatura-stage.elogo.com.tr/'

2021-11-23 09:48:57 - [TEST_STEP][PASSED] - maximizeWindow(): Invoke 'com.kms.katalon.core.annotation.BeforeTestCase' method: 'Listener.sampleBeforeTestSuite(...)' completed.

2021-11-23 09:48:57 - [MESSAGE][INFO] - Maximizing current window

2021-11-23 09:48:58 - [MESSAGE][PASSED] - Current window maximized

2021-11-23 09:48:58 - [MESSAGE][INFO] - Invoke 'com.kms.katalon.core.annotation.BeforeTestCase' method: 'Listener.sampleBeforeTestSuite(...)' completed.

2021-11-23 09:48:58 - [TEST_STEP][PASSED] - runFeatureFile("Include/features/Zarflar/Giden Zarflar/Indir.feature"): Feature file: 'Include/features/Zarflar/Giden Zarflar/Indir.feature' was passed

2021-11-23 09:48:58 - [MESSAGE][INFO] - Starting run keyword runFeatureFile: 'Include/features/Zarflar/Giden Zarflar/Indir.feature' and extract report to folder: 'C:\Users\DELL\Documents\GitHub\EES_KatalonLogo\Reports\20211123_091110\Suite Repository\Zarflar\20211123_091159/cucumber_report/1637650138628'...

2021-11-23 09:48:58 - [MESSAGE][INFO] - Glue: []

2021-11-23 09:49:00 - [MESSAGE][INFO] - Checking called Test Case

2021-11-23 09:49:00 - [MESSAGE][INFO] - Starting to call Test Case 'Test Cases/Sayfalar/Giris_Sayfasi/Login'

2021-11-23 09:49:00 - [TEST_CASE][PASSED] - Test Cases/Sayfalar/Giris_Sayfasi/Login: Test Cases/Sayfalar/Giris_Sayfasi/Login

2021-11-23 09:49:00 - [TEST_STEP][PASSED] - Sayfa_Basligi = getWindowTitle(): Current window's title is: 'LOGO e-Fatura'

2021-11-23 09:49:00 - [MESSAGE][INFO] - Getting current window's title

2021-11-23 09:49:00 - [MESSAGE][PASSED] - Current window's title is: 'LOGO e-Fatura'

2021-11-23 09:49:00 - [TEST_STEP][PASSED] - verifyMatch(Sayfa_Basligi, "LOGO e-Fatura", false): Actual text 'LOGO e-Fatura' and expected text 'LOGO e-Fatura' are matched 

2021-11-23 09:49:00 - [MESSAGE][INFO] - Matching actual text 'LOGO e-Fatura' with expected text 'LOGO e-Fatura'

2021-11-23 09:49:00 - [MESSAGE][PASSED] - Actual text 'LOGO e-Fatura' and expected text 'LOGO e-Fatura' are matched 

2021-11-23 09:49:00 - [TEST_STEP][PASSED] - sendKeys(findTestObject("Sayfalar/Giris_Sayfasi/Firma_Kodu"), KullaniciAdi): Keys 'ELOGO6' sent to object: 'Object Repository/Sayfalar/Giris_Sayfasi/Firma_Kodu'

2021-11-23 09:49:00 - [MESSAGE][INFO] - Finding Test Object 'Object Repository/Sayfalar/Giris_Sayfasi/Firma_Kodu'

2021-11-23 09:49:00 - [MESSAGE][INFO] - Sending keys 'ELOGO6' to object: 'Object Repository/Sayfalar/Giris_Sayfasi/Firma_Kodu'

2021-11-23 09:49:00 - [MESSAGE][INFO] - Finding web element from Test Object's properties

2021-11-23 09:49:00 - [MESSAGE][INFO] - Checking timeout

2021-11-23 09:49:00 - [MESSAGE][INFO] - Finding web element with id: 'Object Repository/Sayfalar/Giris_Sayfasi/Firma_Kodu' located by 'By.xpath: //*[@id = 'AccountName']' in '30' second(s)

2021-11-23 09:49:00 - [MESSAGE][INFO] - Smart Wait Function is triggered

2021-11-23 09:49:00 - [MESSAGE][INFO] - Found 1 web elements with id: 'Object Repository/Sayfalar/Giris_Sayfasi/Firma_Kodu' located by 'By.xpath: //*[@id = 'AccountName']' in '30' second(s)

2021-11-23 09:49:01 - [MESSAGE][PASSED] - Keys 'ELOGO6' sent to object: 'Object Repository/Sayfalar/Giris_Sayfasi/Firma_Kodu'

2021-11-23 09:49:01 - [TEST_STEP][PASSED] - sendKeys(findTestObject("Sayfalar/Giris_Sayfasi/Sifre"), Sifre): Keys '123456' sent to object: 'Object Repository/Sayfalar/Giris_Sayfasi/Sifre'

2021-11-23 09:49:01 - [MESSAGE][INFO] - Finding Test Object 'Object Repository/Sayfalar/Giris_Sayfasi/Sifre'

2021-11-23 09:49:01 - [MESSAGE][INFO] - Sending keys '123456' to object: 'Object Repository/Sayfalar/Giris_Sayfasi/Sifre'

2021-11-23 09:49:01 - [MESSAGE][INFO] - Finding web element from Test Object's properties

2021-11-23 09:49:01 - [MESSAGE][INFO] - Checking timeout

2021-11-23 09:49:01 - [MESSAGE][INFO] - Finding web element with id: 'Object Repository/Sayfalar/Giris_Sayfasi/Sifre' located by 'By.xpath: //*[@id = 'Password']' in '30' second(s)

2021-11-23 09:49:01 - [MESSAGE][INFO] - Smart Wait Function is triggered

2021-11-23 09:49:01 - [MESSAGE][INFO] - Found 1 web elements with id: 'Object Repository/Sayfalar/Giris_Sayfasi/Sifre' located by 'By.xpath: //*[@id = 'Password']' in '30' second(s)

2021-11-23 09:49:01 - [MESSAGE][PASSED] - Keys '123456' sent to object: 'Object Repository/Sayfalar/Giris_Sayfasi/Sifre'

2021-11-23 09:49:01 - [TEST_STEP][PASSED] - findWebElement(findTestObject("Sayfalar/Giris_Sayfasi/Giris_Butonu")).click(): Found 1 web elements with id: 'Object Repository/Sayfalar/Giris_Sayfasi/Giris_Butonu' located by 'By.cssSelector: #btnLogin' in '30' second(s)

2021-11-23 09:49:01 - [MESSAGE][INFO] - Finding Test Object 'Object Repository/Sayfalar/Giris_Sayfasi/Giris_Butonu'

2021-11-23 09:49:01 - [MESSAGE][INFO] - Finding web element from Test Object's properties

2021-11-23 09:49:01 - [MESSAGE][INFO] - Checking timeout

2021-11-23 09:49:01 - [MESSAGE][INFO] - Finding web element with id: 'Object Repository/Sayfalar/Giris_Sayfasi/Giris_Butonu' located by 'By.cssSelector: #btnLogin' in '30' second(s)

2021-11-23 09:49:01 - [MESSAGE][INFO] - Smart Wait Function is triggered

2021-11-23 09:49:01 - [MESSAGE][INFO] - Found 1 web elements with id: 'Object Repository/Sayfalar/Giris_Sayfasi/Giris_Butonu' located by 'By.cssSelector: #btnLogin' in '30' second(s)

2021-11-23 09:49:04 - [TEST_STEP][PASSED] - if (verifyElementPresent(findTestObject("Object Repository/Sayfalar/Giris_Sayfasi/RetveTamam_Butonu"), 5, OPTIONAL)): null

2021-11-23 09:49:04 - [MESSAGE][INFO] - Finding Test Object 'Object Repository/Sayfalar/Giris_Sayfasi/RetveTamam_Butonu'

2021-11-23 09:49:04 - [MESSAGE][INFO] - Checking object

2021-11-23 09:49:04 - [MESSAGE][INFO] - Finding web element from Test Object's properties

2021-11-23 09:49:04 - [MESSAGE][INFO] - Checking timeout

2021-11-23 09:49:04 - [MESSAGE][INFO] - Finding web element with id: 'Object Repository/Sayfalar/Giris_Sayfasi/RetveTamam_Butonu' located by 'By.xpath: //*[@class = 'btn btn-default']' in '5' second(s)

2021-11-23 09:49:04 - [MESSAGE][INFO] - Smart Wait Function is triggered

2021-11-23 09:49:04 - [MESSAGE][INFO] - Found 1 web elements with id: 'Object Repository/Sayfalar/Giris_Sayfasi/RetveTamam_Butonu' located by 'By.xpath: //*[@class = 'btn btn-default']' in '5' second(s)

2021-11-23 09:49:04 - [MESSAGE][PASSED] - Object 'Object Repository/Sayfalar/Giris_Sayfasi/RetveTamam_Butonu' is present

2021-11-23 09:49:04 - [TEST_STEP][PASSED] - click(findTestObject("Object Repository/Sayfalar/Giris_Sayfasi/RetveTamam_Butonu")): Object: 'Object Repository/Sayfalar/Giris_Sayfasi/RetveTamam_Butonu' is clicked on

2021-11-23 09:49:04 - [MESSAGE][INFO] - Finding Test Object 'Object Repository/Sayfalar/Giris_Sayfasi/RetveTamam_Butonu'

2021-11-23 09:49:04 - [MESSAGE][INFO] - Checking object

2021-11-23 09:49:04 - [MESSAGE][INFO] - Finding web element from Test Object's properties

2021-11-23 09:49:04 - [MESSAGE][INFO] - Checking timeout

2021-11-23 09:49:04 - [MESSAGE][INFO] - Finding web element with id: 'Object Repository/Sayfalar/Giris_Sayfasi/RetveTamam_Butonu' located by 'By.xpath: //*[@class = 'btn btn-default']' in '30' second(s)

2021-11-23 09:49:04 - [MESSAGE][INFO] - Smart Wait Function is triggered

2021-11-23 09:49:04 - [MESSAGE][INFO] - Found 1 web elements with id: 'Object Repository/Sayfalar/Giris_Sayfasi/RetveTamam_Butonu' located by 'By.xpath: //*[@class = 'btn btn-default']' in '30' second(s)

2021-11-23 09:49:04 - [MESSAGE][INFO] - Clicking on object: 'Object Repository/Sayfalar/Giris_Sayfasi/RetveTamam_Butonu'

2021-11-23 09:49:04 - [MESSAGE][PASSED] - Object: 'Object Repository/Sayfalar/Giris_Sayfasi/RetveTamam_Butonu' is clicked on

2021-11-23 09:49:04 - [TEST_STEP][PASSED] - click(findTestObject("Object Repository/Sayfalar/Giris_Sayfasi/RetveTamam_Butonu")): Object: 'Object Repository/Sayfalar/Giris_Sayfasi/RetveTamam_Butonu' is clicked on

2021-11-23 09:49:04 - [MESSAGE][INFO] - Finding Test Object 'Object Repository/Sayfalar/Giris_Sayfasi/RetveTamam_Butonu'

2021-11-23 09:49:05 - [MESSAGE][INFO] - Checking object

2021-11-23 09:49:05 - [MESSAGE][INFO] - Finding web element from Test Object's properties

2021-11-23 09:49:05 - [MESSAGE][INFO] - Checking timeout

2021-11-23 09:49:05 - [MESSAGE][INFO] - Finding web element with id: 'Object Repository/Sayfalar/Giris_Sayfasi/RetveTamam_Butonu' located by 'By.xpath: //*[@class = 'btn btn-default']' in '30' second(s)

2021-11-23 09:49:05 - [MESSAGE][INFO] - Smart Wait Function is triggered

2021-11-23 09:49:08 - [MESSAGE][INFO] - Found 1 web elements with id: 'Object Repository/Sayfalar/Giris_Sayfasi/RetveTamam_Butonu' located by 'By.xpath: //*[@class = 'btn btn-default']' in '30' second(s)

2021-11-23 09:49:08 - [MESSAGE][INFO] - Clicking on object: 'Object Repository/Sayfalar/Giris_Sayfasi/RetveTamam_Butonu'

2021-11-23 09:49:08 - [MESSAGE][PASSED] - Object: 'Object Repository/Sayfalar/Giris_Sayfasi/RetveTamam_Butonu' is clicked on

2021-11-23 09:49:08 - [TEST_STEP][PASSED] - if (verifyElementPresent(findTestObject("Sayfalar/Giris_Sayfasi/PopupOK"), 5, OPTIONAL)): null

2021-11-23 09:49:08 - [MESSAGE][INFO] - Finding Test Object 'Object Repository/Sayfalar/Giris_Sayfasi/PopupOK'

2021-11-23 09:49:08 - [MESSAGE][INFO] - Checking object

2021-11-23 09:49:08 - [MESSAGE][INFO] - Finding web element from Test Object's properties

2021-11-23 09:49:08 - [MESSAGE][INFO] - Checking timeout

2021-11-23 09:49:08 - [MESSAGE][INFO] - Finding web element with id: 'Object Repository/Sayfalar/Giris_Sayfasi/PopupOK' located by 'By.cssSelector: .btn.btn-success' in '5' second(s)

2021-11-23 09:49:08 - [MESSAGE][INFO] - Smart Wait Function is triggered

2021-11-23 09:49:08 - [MESSAGE][INFO] - Found 1 web elements with id: 'Object Repository/Sayfalar/Giris_Sayfasi/PopupOK' located by 'By.cssSelector: .btn.btn-success' in '5' second(s)

2021-11-23 09:49:08 - [MESSAGE][PASSED] - Object 'Object Repository/Sayfalar/Giris_Sayfasi/PopupOK' is present

2021-11-23 09:49:08 - [TEST_STEP][PASSED] - click(findTestObject("Object Repository/Sayfalar/Giris_Sayfasi/PopupCarpiGiris")): Object: 'Object Repository/Sayfalar/Giris_Sayfasi/PopupCarpiGiris' is clicked on

2021-11-23 09:49:08 - [MESSAGE][INFO] - Finding Test Object 'Object Repository/Sayfalar/Giris_Sayfasi/PopupCarpiGiris'

2021-11-23 09:49:09 - [MESSAGE][INFO] - Checking object

2021-11-23 09:49:09 - [MESSAGE][INFO] - Finding web element from Test Object's properties

2021-11-23 09:49:09 - [MESSAGE][INFO] - Checking timeout

2021-11-23 09:49:09 - [MESSAGE][INFO] - Finding web element with id: 'Object Repository/Sayfalar/Giris_Sayfasi/PopupCarpiGiris' located by 'By.cssSelector: .bootbox-close-button.close' in '30' second(s)

2021-11-23 09:49:09 - [MESSAGE][INFO] - Smart Wait Function is triggered

2021-11-23 09:49:09 - [MESSAGE][INFO] - Found 1 web elements with id: 'Object Repository/Sayfalar/Giris_Sayfasi/PopupCarpiGiris' located by 'By.cssSelector: .bootbox-close-button.close' in '30' second(s)

2021-11-23 09:49:09 - [MESSAGE][INFO] - Clicking on object: 'Object Repository/Sayfalar/Giris_Sayfasi/PopupCarpiGiris'

2021-11-23 09:49:09 - [MESSAGE][PASSED] - Object: 'Object Repository/Sayfalar/Giris_Sayfasi/PopupCarpiGiris' is clicked on

2021-11-23 09:49:09 - [TEST_STEP][PASSED] - verifyElementVisible(findTestObject("Object Repository/Kullanici_Islemleri/KullaniciIslemleri")): Object 'Object Repository/Kullanici_Islemleri/KullaniciIslemleri' is visible

2021-11-23 09:49:09 - [MESSAGE][INFO] - Finding Test Object 'Object Repository/Kullanici_Islemleri/KullaniciIslemleri'

2021-11-23 09:49:09 - [MESSAGE][INFO] - Checking object

2021-11-23 09:49:09 - [MESSAGE][INFO] - Finding web element from Test Object's properties

2021-11-23 09:49:09 - [MESSAGE][INFO] - Checking timeout

2021-11-23 09:49:09 - [MESSAGE][INFO] - Finding web element with id: 'Object Repository/Kullanici_Islemleri/KullaniciIslemleri' located by 'By.cssSelector: .dropdown>a>img' in '30' second(s)

2021-11-23 09:49:09 - [MESSAGE][INFO] - Smart Wait Function is triggered

2021-11-23 09:49:10 - [MESSAGE][INFO] - Found 1 web elements with id: 'Object Repository/Kullanici_Islemleri/KullaniciIslemleri' located by 'By.cssSelector: .dropdown>a>img' in '30' second(s)

2021-11-23 09:49:10 - [MESSAGE][PASSED] - Object 'Object Repository/Kullanici_Islemleri/KullaniciIslemleri' is visible

2021-11-23 09:49:10 - [MESSAGE][PASSED] - Call Test Case 'Test Cases/Sayfalar/Giris_Sayfasi/Login' successfully

2021-11-23 09:49:10 - [MESSAGE][INFO] - Checking called Test Case

2021-11-23 09:49:10 - [MESSAGE][INFO] - Starting to call Test Case 'Test Cases/Menu/AnaMenuSecimi'

2021-11-23 09:49:10 - [TEST_CASE][PASSED] - Test Cases/Menu/AnaMenuSecimi: Test Cases/Menu/AnaMenuSecimi

2021-11-23 09:49:10 - [TEST_STEP][PASSED] - Method.TextDegerineEsitElementeTikla(findTestObject("Menu/Ana_Menu"), Ana_Menu): Method.TextDegerineEsitElementeTikla is PASSED

2021-11-23 09:49:10 - [MESSAGE][INFO] - Finding Test Object 'Object Repository/Menu/Ana_Menu'

2021-11-23 09:49:10 - [MESSAGE][INFO] - Checking timeout

2021-11-23 09:49:10 - [MESSAGE][INFO] - Finding web element with id: 'Object Repository/Menu/Ana_Menu' located by 'By.xpath: //*[@class = 'dropdown-toggle']' in '10' second(s)

2021-11-23 09:49:10 - [MESSAGE][INFO] - Smart Wait Function is triggered

2021-11-23 09:49:10 - [MESSAGE][INFO] - Found 14 web elements with id: 'Object Repository/Menu/Ana_Menu' located by 'By.xpath: //*[@class = 'dropdown-toggle']' in '10' second(s)

2021-11-23 09:49:10 - [MESSAGE][PASSED] - Method.TextDegerineEsitElementeTikla is PASSED

2021-11-23 09:49:10 - [MESSAGE][PASSED] - Call Test Case 'Test Cases/Menu/AnaMenuSecimi' successfully

2021-11-23 09:49:10 - [MESSAGE][INFO] - Checking called Test Case

2021-11-23 09:49:10 - [MESSAGE][INFO] - Starting to call Test Case 'Test Cases/Menu/AltMenuSecimi'

2021-11-23 09:49:10 - [TEST_CASE][PASSED] - Test Cases/Menu/AltMenuSecimi: Test Cases/Menu/AltMenuSecimi

2021-11-23 09:49:10 - [TEST_STEP][PASSED] - Method.TextDegerineEsitElementeTikla(findTestObject("Menu/Alt_Menu"), Alt_Menu): Method.TextDegerineEsitElementeTikla is PASSED

2021-11-23 09:49:10 - [MESSAGE][INFO] - Finding Test Object 'Object Repository/Menu/Alt_Menu'

2021-11-23 09:49:10 - [MESSAGE][INFO] - Checking timeout

2021-11-23 09:49:10 - [MESSAGE][INFO] - Finding web element with id: 'Object Repository/Menu/Alt_Menu' located by 'By.xpath: //li[@class='dropdown dropdown-large open']//li[@class='dropdown-element']' in '10' second(s)

2021-11-23 09:49:10 - [MESSAGE][INFO] - Smart Wait Function is triggered

2021-11-23 09:49:11 - [MESSAGE][INFO] - Found 2 web elements with id: 'Object Repository/Menu/Alt_Menu' located by 'By.xpath: //li[@class='dropdown dropdown-large open']//li[@class='dropdown-element']' in '10' second(s)

2021-11-23 09:49:13 - [MESSAGE][PASSED] - Method.TextDegerineEsitElementeTikla is PASSED

2021-11-23 09:49:13 - [MESSAGE][PASSED] - Call Test Case 'Test Cases/Menu/AltMenuSecimi' successfully

2021-11-23 09:49:13 - [MESSAGE][INFO] - Checking called Test Case

2021-11-23 09:49:13 - [MESSAGE][INFO] - Starting to call Test Case 'Test Cases/Filtreler/BaslangicYaz'

2021-11-23 09:49:13 - [TEST_CASE][PASSED] - Test Cases/Filtreler/BaslangicYaz: Test Cases/Filtreler/BaslangicYaz

2021-11-23 09:49:13 - [TEST_STEP][PASSED] - delay(3): Delayed 3 second(s)

2021-11-23 09:49:13 - [MESSAGE][INFO] - Delaying browser in 3 second(s)

2021-11-23 09:49:16 - [MESSAGE][PASSED] - Delayed 3 second(s)

2021-11-23 09:49:16 - [TEST_STEP][PASSED] - Method.TextDegerineEsitElementinAltindakineTikla(findTestObject("Filtreler/Basliklar"), findTestObject("Filtreler/Basliga_Gore_Baslangic_Image"), Filtre_Adi): Method.TextDegerineEsitElementinAltindakineTikla is PASSED

2021-11-23 09:49:16 - [MESSAGE][INFO] - Finding Test Object 'Object Repository/Filtreler/Basliklar'

2021-11-23 09:49:16 - [MESSAGE][INFO] - Finding Test Object 'Object Repository/Filtreler/Basliga_Gore_Baslangic_Image'

2021-11-23 09:49:16 - [MESSAGE][INFO] - Checking timeout

2021-11-23 09:49:16 - [MESSAGE][INFO] - Finding web element with id: 'Object Repository/Filtreler/Basliklar' located by 'By.cssSelector: .control-label.col-sm-4.paddingMarginRLC' in '10' second(s)

2021-11-23 09:49:16 - [MESSAGE][INFO] - Smart Wait Function is triggered

2021-11-23 09:49:16 - [MESSAGE][INFO] - Found 8 web elements with id: 'Object Repository/Filtreler/Basliklar' located by 'By.cssSelector: .control-label.col-sm-4.paddingMarginRLC' in '10' second(s)

2021-11-23 09:49:16 - [MESSAGE][INFO] - Smart Wait Function is triggered

2021-11-23 09:49:16 - [MESSAGE][PASSED] - Method.TextDegerineEsitElementinAltindakineTikla is PASSED

2021-11-23 09:49:16 - [TEST_STEP][PASSED] - Method.TextDegerineEsitElementinAltindakiTextboxtaYaz(findTestObject("Filtreler/Basliklar"), findTestObject("Filtreler/Basliga_Gore_Baslangic"), Filtre_Adi, Filtre_Degeri): Method.TextDegerineEsitElementinAltindakiTextboxtaYaz is PASSED

2021-11-23 09:49:16 - [MESSAGE][INFO] - Finding Test Object 'Object Repository/Filtreler/Basliklar'

2021-11-23 09:49:17 - [MESSAGE][INFO] - Finding Test Object 'Object Repository/Filtreler/Basliga_Gore_Baslangic'

2021-11-23 09:49:17 - [MESSAGE][INFO] - Checking timeout

2021-11-23 09:49:17 - [MESSAGE][INFO] - Finding web element with id: 'Object Repository/Filtreler/Basliklar' located by 'By.cssSelector: .control-label.col-sm-4.paddingMarginRLC' in '10' second(s)

2021-11-23 09:49:17 - [MESSAGE][INFO] - Smart Wait Function is triggered

2021-11-23 09:49:17 - [MESSAGE][INFO] - Found 8 web elements with id: 'Object Repository/Filtreler/Basliklar' located by 'By.cssSelector: .control-label.col-sm-4.paddingMarginRLC' in '10' second(s)

2021-11-23 09:49:17 - [MESSAGE][INFO] - Smart Wait Function is triggered

2021-11-23 09:49:17 - [MESSAGE][PASSED] - Method.TextDegerineEsitElementinAltindakiTextboxtaYaz is PASSED

2021-11-23 09:49:17 - [MESSAGE][PASSED] - Call Test Case 'Test Cases/Filtreler/BaslangicYaz' successfully

2021-11-23 09:49:17 - [MESSAGE][INFO] - Checking called Test Case

2021-11-23 09:49:17 - [MESSAGE][INFO] - Starting to call Test Case 'Test Cases/Filtreler/BitisYaz'

2021-11-23 09:49:17 - [TEST_CASE][PASSED] - Test Cases/Filtreler/BitisYaz: Test Cases/Filtreler/BitisYaz

2021-11-23 09:49:17 - [TEST_STEP][PASSED] - Method.TextDegerineEsitElementinAltindakineTikla(findTestObject("Filtreler/Basliklar"), findTestObject("Filtreler/Basliga_Gore_Bitis_Image"), Filtre_Adi): Method.TextDegerineEsitElementinAltindakineTikla is PASSED

2021-11-23 09:49:17 - [MESSAGE][INFO] - Finding Test Object 'Object Repository/Filtreler/Basliklar'

2021-11-23 09:49:18 - [MESSAGE][INFO] - Finding Test Object 'Object Repository/Filtreler/Basliga_Gore_Bitis_Image'

2021-11-23 09:49:18 - [MESSAGE][INFO] - Checking timeout

2021-11-23 09:49:18 - [MESSAGE][INFO] - Finding web element with id: 'Object Repository/Filtreler/Basliklar' located by 'By.cssSelector: .control-label.col-sm-4.paddingMarginRLC' in '10' second(s)

2021-11-23 09:49:18 - [MESSAGE][INFO] - Smart Wait Function is triggered

2021-11-23 09:49:18 - [MESSAGE][INFO] - Found 8 web elements with id: 'Object Repository/Filtreler/Basliklar' located by 'By.cssSelector: .control-label.col-sm-4.paddingMarginRLC' in '10' second(s)

2021-11-23 09:49:18 - [MESSAGE][INFO] - Smart Wait Function is triggered

2021-11-23 09:49:18 - [MESSAGE][PASSED] - Method.TextDegerineEsitElementinAltindakineTikla is PASSED

2021-11-23 09:49:18 - [TEST_STEP][PASSED] - Method.TextDegerineEsitElementinAltindakiTextboxtaYaz(findTestObject("Filtreler/Basliklar"), findTestObject("Object Repository/Filtreler/Basliga_Gore_Bitis"), Filtre_Adi, Filtre_Degeri): Method.TextDegerineEsitElementinAltindakiTextboxtaYaz is PASSED

2021-11-23 09:49:18 - [MESSAGE][INFO] - Finding Test Object 'Object Repository/Filtreler/Basliklar'

2021-11-23 09:49:18 - [MESSAGE][INFO] - Finding Test Object 'Object Repository/Filtreler/Basliga_Gore_Bitis'

2021-11-23 09:49:18 - [MESSAGE][INFO] - Checking timeout

2021-11-23 09:49:18 - [MESSAGE][INFO] - Finding web element with id: 'Object Repository/Filtreler/Basliklar' located by 'By.cssSelector: .control-label.col-sm-4.paddingMarginRLC' in '10' second(s)

2021-11-23 09:49:18 - [MESSAGE][INFO] - Smart Wait Function is triggered

2021-11-23 09:49:19 - [MESSAGE][INFO] - Found 8 web elements with id: 'Object Repository/Filtreler/Basliklar' located by 'By.cssSelector: .control-label.col-sm-4.paddingMarginRLC' in '10' second(s)

2021-11-23 09:49:19 - [MESSAGE][INFO] - Smart Wait Function is triggered

2021-11-23 09:49:19 - [MESSAGE][PASSED] - Method.TextDegerineEsitElementinAltindakiTextboxtaYaz is PASSED

2021-11-23 09:49:19 - [MESSAGE][PASSED] - Call Test Case 'Test Cases/Filtreler/BitisYaz' successfully

2021-11-23 09:49:19 - [MESSAGE][INFO] - Checking called Test Case

2021-11-23 09:49:19 - [MESSAGE][INFO] - Starting to call Test Case 'Test Cases/Filtreler/ButonaTikla'

2021-11-23 09:49:19 - [TEST_CASE][PASSED] - Test Cases/Filtreler/ButonaTikla: Test Cases/Filtreler/ButonaTikla

2021-11-23 09:49:19 - [TEST_STEP][PASSED] - Method.TextDegerineEsitElementeTikla(findTestObject("Filtreler/Butonlar"), Filtre_Buton): Method.TextDegerineEsitElementeTikla is PASSED

2021-11-23 09:49:19 - [MESSAGE][INFO] - Finding Test Object 'Object Repository/Filtreler/Butonlar'

2021-11-23 09:49:19 - [MESSAGE][INFO] - Checking timeout

2021-11-23 09:49:19 - [MESSAGE][INFO] - Finding web element with id: 'Object Repository/Filtreler/Butonlar' located by 'By.cssSelector: .dxb>span' in '10' second(s)

2021-11-23 09:49:19 - [MESSAGE][INFO] - Smart Wait Function is triggered

2021-11-23 09:49:20 - [MESSAGE][INFO] - Found 3 web elements with id: 'Object Repository/Filtreler/Butonlar' located by 'By.cssSelector: .dxb>span' in '10' second(s)

2021-11-23 09:49:20 - [MESSAGE][PASSED] - Method.TextDegerineEsitElementeTikla is PASSED

2021-11-23 09:49:20 - [MESSAGE][PASSED] - Call Test Case 'Test Cases/Filtreler/ButonaTikla' successfully

2021-11-23 09:49:20 - [MESSAGE][INFO] - Checking called Test Case

2021-11-23 09:49:20 - [MESSAGE][INFO] - Starting to call Test Case 'Test Cases/Tablo/TablodaVeriVarMi'

2021-11-23 09:49:20 - [TEST_CASE][PASSED] - Test Cases/Tablo/TablodaVeriVarMi: Test Cases/Tablo/TablodaVeriVarMi

2021-11-23 09:49:20 - [TEST_STEP][PASSED] - verifyTextNotPresent("Görüntülenecek veri yok", true): Text 'Görüntülenecek veri yok' is not present on page using regular expression

2021-11-23 09:49:20 - [MESSAGE][INFO] - Checking text present  using regular expression

2021-11-23 09:49:20 - [MESSAGE][INFO] - Smart Wait Function is triggered

2021-11-23 09:49:20 - [MESSAGE][INFO] - Finding text 'Görüntülenecek veri yok' on page  using regular expression

2021-11-23 09:49:20 - [MESSAGE][PASSED] - Text 'Görüntülenecek veri yok' is not present on page using regular expression

2021-11-23 09:49:20 - [MESSAGE][PASSED] - Call Test Case 'Test Cases/Tablo/TablodaVeriVarMi' successfully

2021-11-23 09:49:20 - [MESSAGE][INFO] - Checking called Test Case

2021-11-23 09:49:20 - [MESSAGE][INFO] - Starting to call Test Case 'Test Cases/Tablo/TablodanVeriSec'

2021-11-23 09:49:21 - [TEST_CASE][PASSED] - Test Cases/Tablo/TablodanVeriSec: Test Cases/Tablo/TablodanVeriSec

2021-11-23 09:49:21 - [TEST_STEP][PASSED] - Method.TextDegerineEsitElementinAltindakineTikla(findTestObject("Tablo/Veriler"), findTestObject("Tablo/VerininCheckBoxi"), Veri_Adi): Method.TextDegerineEsitElementinAltindakineTikla is PASSED

2021-11-23 09:49:21 - [MESSAGE][INFO] - Finding Test Object 'Object Repository/Tablo/Veriler'

2021-11-23 09:49:21 - [MESSAGE][INFO] - Finding Test Object 'Object Repository/Tablo/VerininCheckBoxi'

2021-11-23 09:49:21 - [MESSAGE][INFO] - Checking timeout

2021-11-23 09:49:21 - [MESSAGE][INFO] - Finding web element with id: 'Object Repository/Tablo/Veriler' located by 'By.cssSelector: td.dxgv b ,td.dxgv' in '10' second(s)

2021-11-23 09:49:21 - [MESSAGE][INFO] - Smart Wait Function is triggered

2021-11-23 09:49:21 - [MESSAGE][INFO] - Found 110 web elements with id: 'Object Repository/Tablo/Veriler' located by 'By.cssSelector: td.dxgv b ,td.dxgv' in '10' second(s)

2021-11-23 09:49:21 - [MESSAGE][INFO] - Smart Wait Function is triggered

2021-11-23 09:49:21 - [MESSAGE][PASSED] - Method.TextDegerineEsitElementinAltindakineTikla is PASSED

2021-11-23 09:49:21 - [MESSAGE][PASSED] - Call Test Case 'Test Cases/Tablo/TablodanVeriSec' successfully

2021-11-23 09:49:21 - [MESSAGE][INFO] - Checking called Test Case

2021-11-23 09:49:21 - [MESSAGE][INFO] - Starting to call Test Case 'Test Cases/Butonlar/ButonaTikla'

2021-11-23 09:49:21 - [TEST_CASE][PASSED] - Test Cases/Butonlar/ButonaTikla: Test Cases/Butonlar/ButonaTikla

2021-11-23 09:49:21 - [TEST_STEP][PASSED] - Method.TextDegerineEsitElementeTiklaEquals(findTestObject("Butonlar/Butonlar"), Buton_Adi): Method.TextDegerineEsitElementeTiklaEquals is PASSED

2021-11-23 09:49:21 - [MESSAGE][INFO] - Finding Test Object 'Object Repository/Butonlar/Butonlar'

2021-11-23 09:49:22 - [MESSAGE][INFO] - Checking timeout

2021-11-23 09:49:22 - [MESSAGE][INFO] - Finding web element with id: 'Object Repository/Butonlar/Butonlar' located by 'By.cssSelector: .panel.panel-default.text-center.footerPanel .btn,.btn.btn-primary.btnControls' in '10' second(s)

2021-11-23 09:49:22 - [MESSAGE][INFO] - Smart Wait Function is triggered

2021-11-23 09:49:22 - [MESSAGE][INFO] - Found 6 web elements with id: 'Object Repository/Butonlar/Butonlar' located by 'By.cssSelector: .panel.panel-default.text-center.footerPanel .btn,.btn.btn-primary.btnControls' in '10' second(s)

2021-11-23 09:49:22 - [MESSAGE][PASSED] - Method.TextDegerineEsitElementeTiklaEquals is PASSED

2021-11-23 09:49:22 - [MESSAGE][PASSED] - Call Test Case 'Test Cases/Butonlar/ButonaTikla' successfully

2021-11-23 09:49:22 - [MESSAGE][INFO] - Checking called Test Case

2021-11-23 09:49:22 - [MESSAGE][INFO] - Starting to call Test Case 'Test Cases/Butonlar/AltButonaTikla'

2021-11-23 09:49:22 - [TEST_CASE][PASSED] - Test Cases/Butonlar/AltButonaTikla: Test Cases/Butonlar/AltButonaTikla

2021-11-23 09:49:22 - [TEST_STEP][PASSED] - Method.TextDegerineEsitElementeTikla(findTestObject("Butonlar/AltButonlar"), Alt_Buton): Method.TextDegerineEsitElementeTikla is PASSED

2021-11-23 09:49:22 - [MESSAGE][INFO] - Finding Test Object 'Object Repository/Butonlar/AltButonlar'

2021-11-23 09:49:22 - [MESSAGE][INFO] - Checking timeout

2021-11-23 09:49:22 - [MESSAGE][INFO] - Finding web element with id: 'Object Repository/Butonlar/AltButonlar' located by 'By.cssSelector: .btn-group.open li>a' in '10' second(s)

2021-11-23 09:49:22 - [MESSAGE][INFO] - Smart Wait Function is triggered

2021-11-23 09:49:22 - [MESSAGE][INFO] - Found 1 web elements with id: 'Object Repository/Butonlar/AltButonlar' located by 'By.cssSelector: .btn-group.open li>a' in '10' second(s)

2021-11-23 09:49:23 - [MESSAGE][PASSED] - Method.TextDegerineEsitElementeTikla is PASSED

2021-11-23 09:49:23 - [MESSAGE][PASSED] - Call Test Case 'Test Cases/Butonlar/AltButonaTikla' successfully

2021-11-23 09:49:23 - [MESSAGE][INFO] - Checking called Test Case

2021-11-23 09:49:23 - [MESSAGE][INFO] - Starting to call Test Case 'Test Cases/Butonlar/DosyaIndirildiMi'

2021-11-23 09:49:23 - [TEST_CASE][PASSED] - Test Cases/Butonlar/DosyaIndirildiMi: Test Cases/Butonlar/DosyaIndirildiMi

2021-11-23 09:49:23 - [TEST_STEP][PASSED] - Method.isimliDosyaIndirildiMi(DownloadFile, FileName): Method.isimliDosyaIndirildiMi is PASSED

2021-11-23 09:49:23 - [MESSAGE][INFO] - Delaying browser in 3 second(s)

2021-11-23 09:49:26 - [MESSAGE][PASSED] - Delayed 3 second(s)

2021-11-23 09:49:26 - [MESSAGE][PASSED] - Method.isimliDosyaIndirildiMi is PASSED

2021-11-23 09:49:26 - [MESSAGE][PASSED] - Call Test Case 'Test Cases/Butonlar/DosyaIndirildiMi' successfully

2021-11-23 09:49:26 - [MESSAGE][INFO] - Checking called Test Case

2021-11-23 09:49:26 - [MESSAGE][INFO] - Starting to call Test Case 'Test Cases/Kullanici_Islemleri/KullaniciIslemlerindenSecimYapilir'

2021-11-23 09:49:26 - [TEST_CASE][PASSED] - Test Cases/Kullanici_Islemleri/KullaniciIslemlerindenSecimYapilir: Test Cases/Kullanici_Islemleri/KullaniciIslemlerindenSecimYapilir

2021-11-23 09:49:26 - [TEST_STEP][PASSED] - waitForElementClickable(findTestObject("Object Repository/Kullanici_Islemleri/KullaniciIslemleri"), 10): Object 'Object Repository/Kullanici_Islemleri/KullaniciIslemleri' is clickable

2021-11-23 09:49:26 - [MESSAGE][INFO] - Finding Test Object 'Object Repository/Kullanici_Islemleri/KullaniciIslemleri'

2021-11-23 09:49:26 - [MESSAGE][INFO] - Checking object

2021-11-23 09:49:26 - [MESSAGE][INFO] - Checking timeout

2021-11-23 09:49:26 - [MESSAGE][INFO] - Finding web element from Test Object's properties

2021-11-23 09:49:26 - [MESSAGE][INFO] - Checking timeout

2021-11-23 09:49:26 - [MESSAGE][INFO] - Finding web element with id: 'Object Repository/Kullanici_Islemleri/KullaniciIslemleri' located by 'By.cssSelector: .dropdown>a>img' in '10' second(s)

2021-11-23 09:49:26 - [MESSAGE][INFO] - Smart Wait Function is triggered

2021-11-23 09:49:26 - [MESSAGE][INFO] - Found 1 web elements with id: 'Object Repository/Kullanici_Islemleri/KullaniciIslemleri' located by 'By.cssSelector: .dropdown>a>img' in '10' second(s)

2021-11-23 09:49:26 - [MESSAGE][PASSED] - Object 'Object Repository/Kullanici_Islemleri/KullaniciIslemleri' is clickable

2021-11-23 09:49:26 - [TEST_STEP][PASSED] - click(findTestObject("Object Repository/Kullanici_Islemleri/KullaniciIslemleri")): Object: 'Object Repository/Kullanici_Islemleri/KullaniciIslemleri' is clicked on

2021-11-23 09:49:26 - [MESSAGE][INFO] - Finding Test Object 'Object Repository/Kullanici_Islemleri/KullaniciIslemleri'

2021-11-23 09:49:26 - [MESSAGE][INFO] - Checking object

2021-11-23 09:49:26 - [MESSAGE][INFO] - Finding web element from Test Object's properties

2021-11-23 09:49:26 - [MESSAGE][INFO] - Checking timeout

2021-11-23 09:49:26 - [MESSAGE][INFO] - Finding web element with id: 'Object Repository/Kullanici_Islemleri/KullaniciIslemleri' located by 'By.cssSelector: .dropdown>a>img' in '30' second(s)

2021-11-23 09:49:26 - [MESSAGE][INFO] - Smart Wait Function is triggered

2021-11-23 09:49:27 - [MESSAGE][INFO] - Found 1 web elements with id: 'Object Repository/Kullanici_Islemleri/KullaniciIslemleri' located by 'By.cssSelector: .dropdown>a>img' in '30' second(s)

2021-11-23 09:49:27 - [MESSAGE][INFO] - Clicking on object: 'Object Repository/Kullanici_Islemleri/KullaniciIslemleri'

2021-11-23 09:49:27 - [MESSAGE][PASSED] - Object: 'Object Repository/Kullanici_Islemleri/KullaniciIslemleri' is clicked on

2021-11-23 09:49:27 - [TEST_STEP][PASSED] - Method.TextDegerineEsitElementeTikla(findTestObject("Object Repository/Kullanici_Islemleri/Secenekler"), Islem): Method.TextDegerineEsitElementeTikla is PASSED

2021-11-23 09:49:27 - [MESSAGE][INFO] - Finding Test Object 'Object Repository/Kullanici_Islemleri/Secenekler'

2021-11-23 09:49:27 - [MESSAGE][INFO] - Checking timeout

2021-11-23 09:49:27 - [MESSAGE][INFO] - Finding web element with id: 'Object Repository/Kullanici_Islemleri/Secenekler' located by 'By.cssSelector: .nav.navbar-nav.navbar-right li a' in '10' second(s)

2021-11-23 09:49:27 - [MESSAGE][INFO] - Smart Wait Function is triggered

2021-11-23 09:49:27 - [MESSAGE][INFO] - Found 22 web elements with id: 'Object Repository/Kullanici_Islemleri/Secenekler' located by 'By.cssSelector: .nav.navbar-nav.navbar-right li a' in '10' second(s)

2021-11-23 09:49:28 - [MESSAGE][PASSED] - Method.TextDegerineEsitElementeTikla is PASSED

2021-11-23 09:49:28 - [TEST_STEP][PASSED] - verifyElementNotPresent(findTestObject("Object Repository/Kullanici_Islemleri/Secenekler"), 10): Web element with id: 'Object Repository/Kullanici_Islemleri/Secenekler' located by 'By.cssSelector: .nav.navbar-nav.navbar-right li a' is not present after '10' second(s)

2021-11-23 09:49:28 - [MESSAGE][INFO] - Finding Test Object 'Object Repository/Kullanici_Islemleri/Secenekler'

2021-11-23 09:49:28 - [MESSAGE][INFO] - Checking object

2021-11-23 09:49:28 - [MESSAGE][INFO] - Checking timeout

2021-11-23 09:49:28 - [MESSAGE][INFO] - Finding web element with id: 'Object Repository/Kullanici_Islemleri/Secenekler' located by 'By.cssSelector: .nav.navbar-nav.navbar-right li a' in '10' second(s)

2021-11-23 09:49:28 - [MESSAGE][INFO] - Smart Wait Function is triggered

2021-11-23 09:49:29 - [MESSAGE][PASSED] - Web element with id: 'Object Repository/Kullanici_Islemleri/Secenekler' located by 'By.cssSelector: .nav.navbar-nav.navbar-right li a' is not present after '10' second(s)

2021-11-23 09:49:29 - [MESSAGE][PASSED] - Call Test Case 'Test Cases/Kullanici_Islemleri/KullaniciIslemlerindenSecimYapilir' successfully

2021-11-23 09:49:29 - [TEST_CASE][PASSED] - Start Test Case : SCENARIO Giden Zarf indirme: SCENARIO Giden Zarf indirme

2021-11-23 09:49:29 - [TEST_STEP][PASSED] - Kullanıcı adı ELOGO6 ve Şifre 123456 olarak giriş yapılır: Kullanıcı adı ELOGO6 ve Şifre 123456 olarak giriş yapılır

2021-11-23 09:49:29 - [MESSAGE][PASSED] - Kullanıcı adı ELOGO6 ve Şifre 123456 olarak giriş yapılır

2021-11-23 09:49:29 - [TEST_STEP][PASSED] - Ana menüden Zarflar seçilir: Ana menüden Zarflar seçilir

2021-11-23 09:49:29 - [MESSAGE][PASSED] - Ana menüden Zarflar seçilir

2021-11-23 09:49:29 - [TEST_STEP][PASSED] - Alt menüden Giden Zarflar seçilir: Alt menüden Giden Zarflar seçilir

2021-11-23 09:49:29 - [MESSAGE][PASSED] - Alt menüden Giden Zarflar seçilir

2021-11-23 09:49:29 - [TEST_STEP][PASSED] - Filtrelerden Oluşturma Tarihi filtresine 01.12.2020 baslangic degerini yaz: Filtrelerden Oluşturma Tarihi filtresine 01.12.2020 baslangic degerini yaz

2021-11-23 09:49:29 - [MESSAGE][PASSED] - Filtrelerden Oluşturma Tarihi filtresine 01.12.2020 baslangic degerini yaz

2021-11-23 09:49:29 - [TEST_STEP][PASSED] - Filtrelerden Oluşturma Tarihi filtresine 31.12.2020 bitis degerini yaz: Filtrelerden Oluşturma Tarihi filtresine 31.12.2020 bitis degerini yaz

2021-11-23 09:49:29 - [MESSAGE][PASSED] - Filtrelerden Oluşturma Tarihi filtresine 31.12.2020 bitis degerini yaz

2021-11-23 09:49:29 - [TEST_STEP][PASSED] - Filtre butonlarından Listele seçilir: Filtre butonlarından Listele seçilir

2021-11-23 09:49:29 - [MESSAGE][PASSED] - Filtre butonlarından Listele seçilir

2021-11-23 09:49:29 - [TEST_STEP][PASSED] - Tabloda veri var mı kontrol edilir: Tabloda veri var mı kontrol edilir

2021-11-23 09:49:29 - [MESSAGE][PASSED] - Tabloda veri var mı kontrol edilir

2021-11-23 09:49:29 - [TEST_STEP][PASSED] - Tablodan Test Kurum 6 isimli veri seçilir: Tablodan Test Kurum 6 isimli veri seçilir

2021-11-23 09:49:29 - [MESSAGE][PASSED] - Tablodan Test Kurum 6 isimli veri seçilir

2021-11-23 09:49:29 - [TEST_STEP][PASSED] - Butonlardan İndir isimli butona tıklanır: Butonlardan İndir isimli butona tıklanır

2021-11-23 09:49:29 - [MESSAGE][PASSED] - Butonlardan İndir isimli butona tıklanır

2021-11-23 09:49:29 - [TEST_STEP][PASSED] - Alt butonlardan İndir butonuna tıklanır: Alt butonlardan İndir butonuna tıklanır

2021-11-23 09:49:29 - [MESSAGE][PASSED] - Alt butonlardan İndir butonuna tıklanır

2021-11-23 09:49:29 - [TEST_STEP][PASSED] - Ön eki Envelope olan dosya indirildi mi: Ön eki Envelope olan dosya indirildi mi

2021-11-23 09:49:29 - [MESSAGE][PASSED] - Ön eki Envelope olan dosya indirildi mi

2021-11-23 09:49:29 - [TEST_STEP][PASSED] - Kullanıcı işlemlerinden Çıkış seçilir: Kullanıcı işlemlerinden Çıkış seçilir

2021-11-23 09:49:29 - [MESSAGE][PASSED] - Kullanıcı işlemlerinden Çıkış seçilir

2021-11-23 09:49:29 - [MESSAGE][PASSED] - Feature file: 'Include/features/Zarflar/Giden Zarflar/Indir.feature' was passed

2021-11-23 09:49:29 - [TEST_STEP][PASSED] - Start listener action : sampleAfterTestSuite: Invoke 'com.kms.katalon.core.annotation.AfterTestCase' method: 'Listener.sampleAfterTestSuite(...)' completed.

2021-11-23 09:49:29 - [MESSAGE][INFO] - Starting invoke 'com.kms.katalon.core.annotation.AfterTestCase' method: 'Listener.sampleAfterTestSuite(...)'

2021-11-23 09:49:29 - [TEST_STEP][PASSED] - closeBrowser(): Invoke 'com.kms.katalon.core.annotation.AfterTestCase' method: 'Listener.sampleAfterTestSuite(...)' completed.

2021-11-23 09:49:29 - [MESSAGE][INFO] - Closing browser

2021-11-23 09:49:29 - [MESSAGE][PASSED] - Browser is closed

2021-11-23 09:49:29 - [MESSAGE][INFO] - Invoke 'com.kms.katalon.core.annotation.AfterTestCase' method: 'Listener.sampleAfterTestSuite(...)' completed.]]></system-out>
         <system-err><![CDATA[]]></system-err>
      </testcase>
      <testcase name="Test Cases/Case Repository/Zarflar/Giden Zarflar/Izleme Kayitlari" time="48.816" classname="Test Cases/Case Repository/Zarflar/Giden Zarflar/Izleme Kayitlari" status="PASSED">
         <system-out><![CDATA[2021-11-23 09:49:29 - [TEST_CASE][PASSED] - Test Cases/Case Repository/Zarflar/Giden Zarflar/Izleme Kayitlari: Test Cases/Case Repository/Zarflar/Giden Zarflar/Izleme Kayitlari

2021-11-23 09:49:29 - [TEST_STEP][PASSED] - Start listener action : sampleBeforeTestSuite: Invoke 'com.kms.katalon.core.annotation.BeforeTestCase' method: 'Listener.sampleBeforeTestSuite(...)' completed.

2021-11-23 09:49:29 - [MESSAGE][INFO] - Starting invoke 'com.kms.katalon.core.annotation.BeforeTestCase' method: 'Listener.sampleBeforeTestSuite(...)'

2021-11-23 09:49:29 - [TEST_STEP][PASSED] - openBrowser(baseUrl): Browser is opened with url: 'https://efatura-stage.elogo.com.tr/'

2021-11-23 09:49:29 - [MESSAGE][INFO] - Opening browser

2021-11-23 09:49:29 - [MESSAGE][INFO] - Starting 'Chrome' driver

2021-11-23 09:49:29 - [MESSAGE][INFO] - User set preference: ['prefs', '{download.default_directory=C:\otomasyondownfiles}']

2021-11-23 09:49:29 - [MESSAGE][INFO] - Action delay is set to 0 milliseconds

2021-11-23 09:49:31 - [MESSAGE][INFO] - Navigating browser to: 'https://efatura-stage.elogo.com.tr/'

2021-11-23 09:49:36 - [MESSAGE][PASSED] - Browser is opened with url: 'https://efatura-stage.elogo.com.tr/'

2021-11-23 09:49:36 - [TEST_STEP][PASSED] - maximizeWindow(): Invoke 'com.kms.katalon.core.annotation.BeforeTestCase' method: 'Listener.sampleBeforeTestSuite(...)' completed.

2021-11-23 09:49:36 - [MESSAGE][INFO] - Maximizing current window

2021-11-23 09:49:36 - [MESSAGE][PASSED] - Current window maximized

2021-11-23 09:49:36 - [MESSAGE][INFO] - Invoke 'com.kms.katalon.core.annotation.BeforeTestCase' method: 'Listener.sampleBeforeTestSuite(...)' completed.

2021-11-23 09:49:36 - [TEST_STEP][PASSED] - runFeatureFile("Include/features/Zarflar/Giden Zarflar/Izleme Kayitlari.feature"): Feature file: 'Include/features/Zarflar/Giden Zarflar/Izleme Kayitlari.feature' was passed

2021-11-23 09:49:36 - [MESSAGE][INFO] - Starting run keyword runFeatureFile: 'Include/features/Zarflar/Giden Zarflar/Izleme Kayitlari.feature' and extract report to folder: 'C:\Users\DELL\Documents\GitHub\EES_KatalonLogo\Reports\20211123_091110\Suite Repository\Zarflar\20211123_091159/cucumber_report/1637650176740'...

2021-11-23 09:49:36 - [MESSAGE][INFO] - Glue: []

2021-11-23 09:49:38 - [MESSAGE][INFO] - Checking called Test Case

2021-11-23 09:49:38 - [MESSAGE][INFO] - Starting to call Test Case 'Test Cases/Sayfalar/Giris_Sayfasi/Login'

2021-11-23 09:49:38 - [TEST_CASE][PASSED] - Test Cases/Sayfalar/Giris_Sayfasi/Login: Test Cases/Sayfalar/Giris_Sayfasi/Login

2021-11-23 09:49:38 - [TEST_STEP][PASSED] - Sayfa_Basligi = getWindowTitle(): Current window's title is: 'LOGO e-Fatura'

2021-11-23 09:49:38 - [MESSAGE][INFO] - Getting current window's title

2021-11-23 09:49:38 - [MESSAGE][PASSED] - Current window's title is: 'LOGO e-Fatura'

2021-11-23 09:49:38 - [TEST_STEP][PASSED] - verifyMatch(Sayfa_Basligi, "LOGO e-Fatura", false): Actual text 'LOGO e-Fatura' and expected text 'LOGO e-Fatura' are matched 

2021-11-23 09:49:38 - [MESSAGE][INFO] - Matching actual text 'LOGO e-Fatura' with expected text 'LOGO e-Fatura'

2021-11-23 09:49:38 - [MESSAGE][PASSED] - Actual text 'LOGO e-Fatura' and expected text 'LOGO e-Fatura' are matched 

2021-11-23 09:49:38 - [TEST_STEP][PASSED] - sendKeys(findTestObject("Sayfalar/Giris_Sayfasi/Firma_Kodu"), KullaniciAdi): Keys 'ELOGO6' sent to object: 'Object Repository/Sayfalar/Giris_Sayfasi/Firma_Kodu'

2021-11-23 09:49:38 - [MESSAGE][INFO] - Finding Test Object 'Object Repository/Sayfalar/Giris_Sayfasi/Firma_Kodu'

2021-11-23 09:49:38 - [MESSAGE][INFO] - Sending keys 'ELOGO6' to object: 'Object Repository/Sayfalar/Giris_Sayfasi/Firma_Kodu'

2021-11-23 09:49:38 - [MESSAGE][INFO] - Finding web element from Test Object's properties

2021-11-23 09:49:38 - [MESSAGE][INFO] - Checking timeout

2021-11-23 09:49:38 - [MESSAGE][INFO] - Finding web element with id: 'Object Repository/Sayfalar/Giris_Sayfasi/Firma_Kodu' located by 'By.xpath: //*[@id = 'AccountName']' in '30' second(s)

2021-11-23 09:49:38 - [MESSAGE][INFO] - Smart Wait Function is triggered

2021-11-23 09:49:38 - [MESSAGE][INFO] - Found 1 web elements with id: 'Object Repository/Sayfalar/Giris_Sayfasi/Firma_Kodu' located by 'By.xpath: //*[@id = 'AccountName']' in '30' second(s)

2021-11-23 09:49:38 - [MESSAGE][PASSED] - Keys 'ELOGO6' sent to object: 'Object Repository/Sayfalar/Giris_Sayfasi/Firma_Kodu'

2021-11-23 09:49:38 - [TEST_STEP][PASSED] - sendKeys(findTestObject("Sayfalar/Giris_Sayfasi/Sifre"), Sifre): Keys '123456' sent to object: 'Object Repository/Sayfalar/Giris_Sayfasi/Sifre'

2021-11-23 09:49:38 - [MESSAGE][INFO] - Finding Test Object 'Object Repository/Sayfalar/Giris_Sayfasi/Sifre'

2021-11-23 09:49:38 - [MESSAGE][INFO] - Sending keys '123456' to object: 'Object Repository/Sayfalar/Giris_Sayfasi/Sifre'

2021-11-23 09:49:38 - [MESSAGE][INFO] - Finding web element from Test Object's properties

2021-11-23 09:49:38 - [MESSAGE][INFO] - Checking timeout

2021-11-23 09:49:38 - [MESSAGE][INFO] - Finding web element with id: 'Object Repository/Sayfalar/Giris_Sayfasi/Sifre' located by 'By.xpath: //*[@id = 'Password']' in '30' second(s)

2021-11-23 09:49:38 - [MESSAGE][INFO] - Smart Wait Function is triggered

2021-11-23 09:49:39 - [MESSAGE][INFO] - Found 1 web elements with id: 'Object Repository/Sayfalar/Giris_Sayfasi/Sifre' located by 'By.xpath: //*[@id = 'Password']' in '30' second(s)

2021-11-23 09:49:39 - [MESSAGE][PASSED] - Keys '123456' sent to object: 'Object Repository/Sayfalar/Giris_Sayfasi/Sifre'

2021-11-23 09:49:39 - [TEST_STEP][PASSED] - findWebElement(findTestObject("Sayfalar/Giris_Sayfasi/Giris_Butonu")).click(): Found 1 web elements with id: 'Object Repository/Sayfalar/Giris_Sayfasi/Giris_Butonu' located by 'By.cssSelector: #btnLogin' in '30' second(s)

2021-11-23 09:49:39 - [MESSAGE][INFO] - Finding Test Object 'Object Repository/Sayfalar/Giris_Sayfasi/Giris_Butonu'

2021-11-23 09:49:39 - [MESSAGE][INFO] - Finding web element from Test Object's properties

2021-11-23 09:49:39 - [MESSAGE][INFO] - Checking timeout

2021-11-23 09:49:39 - [MESSAGE][INFO] - Finding web element with id: 'Object Repository/Sayfalar/Giris_Sayfasi/Giris_Butonu' located by 'By.cssSelector: #btnLogin' in '30' second(s)

2021-11-23 09:49:39 - [MESSAGE][INFO] - Smart Wait Function is triggered

2021-11-23 09:49:39 - [MESSAGE][INFO] - Found 1 web elements with id: 'Object Repository/Sayfalar/Giris_Sayfasi/Giris_Butonu' located by 'By.cssSelector: #btnLogin' in '30' second(s)

2021-11-23 09:49:42 - [TEST_STEP][PASSED] - if (verifyElementPresent(findTestObject("Object Repository/Sayfalar/Giris_Sayfasi/RetveTamam_Butonu"), 5, OPTIONAL)): null

2021-11-23 09:49:42 - [MESSAGE][INFO] - Finding Test Object 'Object Repository/Sayfalar/Giris_Sayfasi/RetveTamam_Butonu'

2021-11-23 09:49:42 - [MESSAGE][INFO] - Checking object

2021-11-23 09:49:42 - [MESSAGE][INFO] - Finding web element from Test Object's properties

2021-11-23 09:49:42 - [MESSAGE][INFO] - Checking timeout

2021-11-23 09:49:42 - [MESSAGE][INFO] - Finding web element with id: 'Object Repository/Sayfalar/Giris_Sayfasi/RetveTamam_Butonu' located by 'By.xpath: //*[@class = 'btn btn-default']' in '5' second(s)

2021-11-23 09:49:42 - [MESSAGE][INFO] - Smart Wait Function is triggered

2021-11-23 09:49:42 - [MESSAGE][INFO] - Found 1 web elements with id: 'Object Repository/Sayfalar/Giris_Sayfasi/RetveTamam_Butonu' located by 'By.xpath: //*[@class = 'btn btn-default']' in '5' second(s)

2021-11-23 09:49:42 - [MESSAGE][PASSED] - Object 'Object Repository/Sayfalar/Giris_Sayfasi/RetveTamam_Butonu' is present

2021-11-23 09:49:42 - [TEST_STEP][PASSED] - click(findTestObject("Object Repository/Sayfalar/Giris_Sayfasi/RetveTamam_Butonu")): Object: 'Object Repository/Sayfalar/Giris_Sayfasi/RetveTamam_Butonu' is clicked on

2021-11-23 09:49:42 - [MESSAGE][INFO] - Finding Test Object 'Object Repository/Sayfalar/Giris_Sayfasi/RetveTamam_Butonu'

2021-11-23 09:49:42 - [MESSAGE][INFO] - Checking object

2021-11-23 09:49:42 - [MESSAGE][INFO] - Finding web element from Test Object's properties

2021-11-23 09:49:42 - [MESSAGE][INFO] - Checking timeout

2021-11-23 09:49:42 - [MESSAGE][INFO] - Finding web element with id: 'Object Repository/Sayfalar/Giris_Sayfasi/RetveTamam_Butonu' located by 'By.xpath: //*[@class = 'btn btn-default']' in '30' second(s)

2021-11-23 09:49:42 - [MESSAGE][INFO] - Smart Wait Function is triggered

2021-11-23 09:49:42 - [MESSAGE][INFO] - Found 1 web elements with id: 'Object Repository/Sayfalar/Giris_Sayfasi/RetveTamam_Butonu' located by 'By.xpath: //*[@class = 'btn btn-default']' in '30' second(s)

2021-11-23 09:49:42 - [MESSAGE][INFO] - Clicking on object: 'Object Repository/Sayfalar/Giris_Sayfasi/RetveTamam_Butonu'

2021-11-23 09:49:42 - [MESSAGE][PASSED] - Object: 'Object Repository/Sayfalar/Giris_Sayfasi/RetveTamam_Butonu' is clicked on

2021-11-23 09:49:42 - [TEST_STEP][PASSED] - click(findTestObject("Object Repository/Sayfalar/Giris_Sayfasi/RetveTamam_Butonu")): Object: 'Object Repository/Sayfalar/Giris_Sayfasi/RetveTamam_Butonu' is clicked on

2021-11-23 09:49:42 - [MESSAGE][INFO] - Finding Test Object 'Object Repository/Sayfalar/Giris_Sayfasi/RetveTamam_Butonu'

2021-11-23 09:49:42 - [MESSAGE][INFO] - Checking object

2021-11-23 09:49:42 - [MESSAGE][INFO] - Finding web element from Test Object's properties

2021-11-23 09:49:42 - [MESSAGE][INFO] - Checking timeout

2021-11-23 09:49:42 - [MESSAGE][INFO] - Finding web element with id: 'Object Repository/Sayfalar/Giris_Sayfasi/RetveTamam_Butonu' located by 'By.xpath: //*[@class = 'btn btn-default']' in '30' second(s)

2021-11-23 09:49:42 - [MESSAGE][INFO] - Smart Wait Function is triggered

2021-11-23 09:49:47 - [MESSAGE][INFO] - Found 1 web elements with id: 'Object Repository/Sayfalar/Giris_Sayfasi/RetveTamam_Butonu' located by 'By.xpath: //*[@class = 'btn btn-default']' in '30' second(s)

2021-11-23 09:49:47 - [MESSAGE][INFO] - Clicking on object: 'Object Repository/Sayfalar/Giris_Sayfasi/RetveTamam_Butonu'

2021-11-23 09:49:47 - [MESSAGE][PASSED] - Object: 'Object Repository/Sayfalar/Giris_Sayfasi/RetveTamam_Butonu' is clicked on

2021-11-23 09:49:47 - [TEST_STEP][PASSED] - if (verifyElementPresent(findTestObject("Sayfalar/Giris_Sayfasi/PopupOK"), 5, OPTIONAL)): null

2021-11-23 09:49:47 - [MESSAGE][INFO] - Finding Test Object 'Object Repository/Sayfalar/Giris_Sayfasi/PopupOK'

2021-11-23 09:49:47 - [MESSAGE][INFO] - Checking object

2021-11-23 09:49:47 - [MESSAGE][INFO] - Finding web element from Test Object's properties

2021-11-23 09:49:47 - [MESSAGE][INFO] - Checking timeout

2021-11-23 09:49:47 - [MESSAGE][INFO] - Finding web element with id: 'Object Repository/Sayfalar/Giris_Sayfasi/PopupOK' located by 'By.cssSelector: .btn.btn-success' in '5' second(s)

2021-11-23 09:49:47 - [MESSAGE][INFO] - Smart Wait Function is triggered

2021-11-23 09:49:48 - [MESSAGE][INFO] - Found 1 web elements with id: 'Object Repository/Sayfalar/Giris_Sayfasi/PopupOK' located by 'By.cssSelector: .btn.btn-success' in '5' second(s)

2021-11-23 09:49:48 - [MESSAGE][PASSED] - Object 'Object Repository/Sayfalar/Giris_Sayfasi/PopupOK' is present

2021-11-23 09:49:48 - [TEST_STEP][PASSED] - click(findTestObject("Object Repository/Sayfalar/Giris_Sayfasi/PopupCarpiGiris")): Object: 'Object Repository/Sayfalar/Giris_Sayfasi/PopupCarpiGiris' is clicked on

2021-11-23 09:49:48 - [MESSAGE][INFO] - Finding Test Object 'Object Repository/Sayfalar/Giris_Sayfasi/PopupCarpiGiris'

2021-11-23 09:49:48 - [MESSAGE][INFO] - Checking object

2021-11-23 09:49:48 - [MESSAGE][INFO] - Finding web element from Test Object's properties

2021-11-23 09:49:48 - [MESSAGE][INFO] - Checking timeout

2021-11-23 09:49:48 - [MESSAGE][INFO] - Finding web element with id: 'Object Repository/Sayfalar/Giris_Sayfasi/PopupCarpiGiris' located by 'By.cssSelector: .bootbox-close-button.close' in '30' second(s)

2021-11-23 09:49:48 - [MESSAGE][INFO] - Smart Wait Function is triggered

2021-11-23 09:49:48 - [MESSAGE][INFO] - Found 1 web elements with id: 'Object Repository/Sayfalar/Giris_Sayfasi/PopupCarpiGiris' located by 'By.cssSelector: .bootbox-close-button.close' in '30' second(s)

2021-11-23 09:49:48 - [MESSAGE][INFO] - Clicking on object: 'Object Repository/Sayfalar/Giris_Sayfasi/PopupCarpiGiris'

2021-11-23 09:49:48 - [MESSAGE][PASSED] - Object: 'Object Repository/Sayfalar/Giris_Sayfasi/PopupCarpiGiris' is clicked on

2021-11-23 09:49:48 - [TEST_STEP][PASSED] - verifyElementVisible(findTestObject("Object Repository/Kullanici_Islemleri/KullaniciIslemleri")): Object 'Object Repository/Kullanici_Islemleri/KullaniciIslemleri' is visible

2021-11-23 09:49:48 - [MESSAGE][INFO] - Finding Test Object 'Object Repository/Kullanici_Islemleri/KullaniciIslemleri'

2021-11-23 09:49:48 - [MESSAGE][INFO] - Checking object

2021-11-23 09:49:48 - [MESSAGE][INFO] - Finding web element from Test Object's properties

2021-11-23 09:49:48 - [MESSAGE][INFO] - Checking timeout

2021-11-23 09:49:48 - [MESSAGE][INFO] - Finding web element with id: 'Object Repository/Kullanici_Islemleri/KullaniciIslemleri' located by 'By.cssSelector: .dropdown>a>img' in '30' second(s)

2021-11-23 09:49:48 - [MESSAGE][INFO] - Smart Wait Function is triggered

2021-11-23 09:49:49 - [MESSAGE][INFO] - Found 1 web elements with id: 'Object Repository/Kullanici_Islemleri/KullaniciIslemleri' located by 'By.cssSelector: .dropdown>a>img' in '30' second(s)

2021-11-23 09:49:49 - [MESSAGE][PASSED] - Object 'Object Repository/Kullanici_Islemleri/KullaniciIslemleri' is visible

2021-11-23 09:49:49 - [MESSAGE][PASSED] - Call Test Case 'Test Cases/Sayfalar/Giris_Sayfasi/Login' successfully

2021-11-23 09:49:49 - [MESSAGE][INFO] - Checking called Test Case

2021-11-23 09:49:49 - [MESSAGE][INFO] - Starting to call Test Case 'Test Cases/Menu/AnaMenuSecimi'

2021-11-23 09:49:49 - [TEST_CASE][PASSED] - Test Cases/Menu/AnaMenuSecimi: Test Cases/Menu/AnaMenuSecimi

2021-11-23 09:49:49 - [TEST_STEP][PASSED] - Method.TextDegerineEsitElementeTikla(findTestObject("Menu/Ana_Menu"), Ana_Menu): Method.TextDegerineEsitElementeTikla is PASSED

2021-11-23 09:49:49 - [MESSAGE][INFO] - Finding Test Object 'Object Repository/Menu/Ana_Menu'

2021-11-23 09:49:49 - [MESSAGE][INFO] - Checking timeout

2021-11-23 09:49:49 - [MESSAGE][INFO] - Finding web element with id: 'Object Repository/Menu/Ana_Menu' located by 'By.xpath: //*[@class = 'dropdown-toggle']' in '10' second(s)

2021-11-23 09:49:49 - [MESSAGE][INFO] - Smart Wait Function is triggered

2021-11-23 09:49:49 - [MESSAGE][INFO] - Found 14 web elements with id: 'Object Repository/Menu/Ana_Menu' located by 'By.xpath: //*[@class = 'dropdown-toggle']' in '10' second(s)

2021-11-23 09:49:49 - [MESSAGE][PASSED] - Method.TextDegerineEsitElementeTikla is PASSED

2021-11-23 09:49:49 - [MESSAGE][PASSED] - Call Test Case 'Test Cases/Menu/AnaMenuSecimi' successfully

2021-11-23 09:49:49 - [MESSAGE][INFO] - Checking called Test Case

2021-11-23 09:49:49 - [MESSAGE][INFO] - Starting to call Test Case 'Test Cases/Menu/AltMenuSecimi'

2021-11-23 09:49:49 - [TEST_CASE][PASSED] - Test Cases/Menu/AltMenuSecimi: Test Cases/Menu/AltMenuSecimi

2021-11-23 09:49:49 - [TEST_STEP][PASSED] - Method.TextDegerineEsitElementeTikla(findTestObject("Menu/Alt_Menu"), Alt_Menu): Method.TextDegerineEsitElementeTikla is PASSED

2021-11-23 09:49:49 - [MESSAGE][INFO] - Finding Test Object 'Object Repository/Menu/Alt_Menu'

2021-11-23 09:49:50 - [MESSAGE][INFO] - Checking timeout

2021-11-23 09:49:50 - [MESSAGE][INFO] - Finding web element with id: 'Object Repository/Menu/Alt_Menu' located by 'By.xpath: //li[@class='dropdown dropdown-large open']//li[@class='dropdown-element']' in '10' second(s)

2021-11-23 09:49:50 - [MESSAGE][INFO] - Smart Wait Function is triggered

2021-11-23 09:49:50 - [MESSAGE][INFO] - Found 2 web elements with id: 'Object Repository/Menu/Alt_Menu' located by 'By.xpath: //li[@class='dropdown dropdown-large open']//li[@class='dropdown-element']' in '10' second(s)

2021-11-23 09:49:51 - [MESSAGE][PASSED] - Method.TextDegerineEsitElementeTikla is PASSED

2021-11-23 09:49:51 - [MESSAGE][PASSED] - Call Test Case 'Test Cases/Menu/AltMenuSecimi' successfully

2021-11-23 09:49:51 - [MESSAGE][INFO] - Checking called Test Case

2021-11-23 09:49:51 - [MESSAGE][INFO] - Starting to call Test Case 'Test Cases/Filtreler/BaslangicYaz'

2021-11-23 09:49:52 - [TEST_CASE][PASSED] - Test Cases/Filtreler/BaslangicYaz: Test Cases/Filtreler/BaslangicYaz

2021-11-23 09:49:52 - [TEST_STEP][PASSED] - delay(3): Delayed 3 second(s)

2021-11-23 09:49:52 - [MESSAGE][INFO] - Delaying browser in 3 second(s)

2021-11-23 09:49:55 - [MESSAGE][PASSED] - Delayed 3 second(s)

2021-11-23 09:49:55 - [TEST_STEP][PASSED] - Method.TextDegerineEsitElementinAltindakineTikla(findTestObject("Filtreler/Basliklar"), findTestObject("Filtreler/Basliga_Gore_Baslangic_Image"), Filtre_Adi): Method.TextDegerineEsitElementinAltindakineTikla is PASSED

2021-11-23 09:49:55 - [MESSAGE][INFO] - Finding Test Object 'Object Repository/Filtreler/Basliklar'

2021-11-23 09:49:55 - [MESSAGE][INFO] - Finding Test Object 'Object Repository/Filtreler/Basliga_Gore_Baslangic_Image'

2021-11-23 09:49:55 - [MESSAGE][INFO] - Checking timeout

2021-11-23 09:49:55 - [MESSAGE][INFO] - Finding web element with id: 'Object Repository/Filtreler/Basliklar' located by 'By.cssSelector: .control-label.col-sm-4.paddingMarginRLC' in '10' second(s)

2021-11-23 09:49:55 - [MESSAGE][INFO] - Smart Wait Function is triggered

2021-11-23 09:49:55 - [MESSAGE][INFO] - Found 8 web elements with id: 'Object Repository/Filtreler/Basliklar' located by 'By.cssSelector: .control-label.col-sm-4.paddingMarginRLC' in '10' second(s)

2021-11-23 09:49:55 - [MESSAGE][INFO] - Smart Wait Function is triggered

2021-11-23 09:49:55 - [MESSAGE][PASSED] - Method.TextDegerineEsitElementinAltindakineTikla is PASSED

2021-11-23 09:49:55 - [TEST_STEP][PASSED] - Method.TextDegerineEsitElementinAltindakiTextboxtaYaz(findTestObject("Filtreler/Basliklar"), findTestObject("Filtreler/Basliga_Gore_Baslangic"), Filtre_Adi, Filtre_Degeri): Method.TextDegerineEsitElementinAltindakiTextboxtaYaz is PASSED

2021-11-23 09:49:55 - [MESSAGE][INFO] - Finding Test Object 'Object Repository/Filtreler/Basliklar'

2021-11-23 09:49:56 - [MESSAGE][INFO] - Finding Test Object 'Object Repository/Filtreler/Basliga_Gore_Baslangic'

2021-11-23 09:49:56 - [MESSAGE][INFO] - Checking timeout

2021-11-23 09:49:56 - [MESSAGE][INFO] - Finding web element with id: 'Object Repository/Filtreler/Basliklar' located by 'By.cssSelector: .control-label.col-sm-4.paddingMarginRLC' in '10' second(s)

2021-11-23 09:49:56 - [MESSAGE][INFO] - Smart Wait Function is triggered

2021-11-23 09:49:56 - [MESSAGE][INFO] - Found 8 web elements with id: 'Object Repository/Filtreler/Basliklar' located by 'By.cssSelector: .control-label.col-sm-4.paddingMarginRLC' in '10' second(s)

2021-11-23 09:49:56 - [MESSAGE][INFO] - Smart Wait Function is triggered

2021-11-23 09:49:56 - [MESSAGE][PASSED] - Method.TextDegerineEsitElementinAltindakiTextboxtaYaz is PASSED

2021-11-23 09:49:56 - [MESSAGE][PASSED] - Call Test Case 'Test Cases/Filtreler/BaslangicYaz' successfully

2021-11-23 09:49:56 - [MESSAGE][INFO] - Checking called Test Case

2021-11-23 09:49:56 - [MESSAGE][INFO] - Starting to call Test Case 'Test Cases/Filtreler/BitisYaz'

2021-11-23 09:49:56 - [TEST_CASE][PASSED] - Test Cases/Filtreler/BitisYaz: Test Cases/Filtreler/BitisYaz

2021-11-23 09:49:56 - [TEST_STEP][PASSED] - Method.TextDegerineEsitElementinAltindakineTikla(findTestObject("Filtreler/Basliklar"), findTestObject("Filtreler/Basliga_Gore_Bitis_Image"), Filtre_Adi): Method.TextDegerineEsitElementinAltindakineTikla is PASSED

2021-11-23 09:49:56 - [MESSAGE][INFO] - Finding Test Object 'Object Repository/Filtreler/Basliklar'

2021-11-23 09:49:56 - [MESSAGE][INFO] - Finding Test Object 'Object Repository/Filtreler/Basliga_Gore_Bitis_Image'

2021-11-23 09:49:56 - [MESSAGE][INFO] - Checking timeout

2021-11-23 09:49:56 - [MESSAGE][INFO] - Finding web element with id: 'Object Repository/Filtreler/Basliklar' located by 'By.cssSelector: .control-label.col-sm-4.paddingMarginRLC' in '10' second(s)

2021-11-23 09:49:56 - [MESSAGE][INFO] - Smart Wait Function is triggered

2021-11-23 09:49:57 - [MESSAGE][INFO] - Found 8 web elements with id: 'Object Repository/Filtreler/Basliklar' located by 'By.cssSelector: .control-label.col-sm-4.paddingMarginRLC' in '10' second(s)

2021-11-23 09:49:57 - [MESSAGE][INFO] - Smart Wait Function is triggered

2021-11-23 09:49:57 - [MESSAGE][PASSED] - Method.TextDegerineEsitElementinAltindakineTikla is PASSED

2021-11-23 09:49:57 - [TEST_STEP][PASSED] - Method.TextDegerineEsitElementinAltindakiTextboxtaYaz(findTestObject("Filtreler/Basliklar"), findTestObject("Object Repository/Filtreler/Basliga_Gore_Bitis"), Filtre_Adi, Filtre_Degeri): Method.TextDegerineEsitElementinAltindakiTextboxtaYaz is PASSED

2021-11-23 09:49:57 - [MESSAGE][INFO] - Finding Test Object 'Object Repository/Filtreler/Basliklar'

2021-11-23 09:49:57 - [MESSAGE][INFO] - Finding Test Object 'Object Repository/Filtreler/Basliga_Gore_Bitis'

2021-11-23 09:49:57 - [MESSAGE][INFO] - Checking timeout

2021-11-23 09:49:57 - [MESSAGE][INFO] - Finding web element with id: 'Object Repository/Filtreler/Basliklar' located by 'By.cssSelector: .control-label.col-sm-4.paddingMarginRLC' in '10' second(s)

2021-11-23 09:49:57 - [MESSAGE][INFO] - Smart Wait Function is triggered

2021-11-23 09:49:58 - [MESSAGE][INFO] - Found 8 web elements with id: 'Object Repository/Filtreler/Basliklar' located by 'By.cssSelector: .control-label.col-sm-4.paddingMarginRLC' in '10' second(s)

2021-11-23 09:49:58 - [MESSAGE][INFO] - Smart Wait Function is triggered

2021-11-23 09:49:58 - [MESSAGE][PASSED] - Method.TextDegerineEsitElementinAltindakiTextboxtaYaz is PASSED

2021-11-23 09:49:58 - [MESSAGE][PASSED] - Call Test Case 'Test Cases/Filtreler/BitisYaz' successfully

2021-11-23 09:49:58 - [MESSAGE][INFO] - Checking called Test Case

2021-11-23 09:49:58 - [MESSAGE][INFO] - Starting to call Test Case 'Test Cases/Filtreler/ButonaTikla'

2021-11-23 09:49:58 - [TEST_CASE][PASSED] - Test Cases/Filtreler/ButonaTikla: Test Cases/Filtreler/ButonaTikla

2021-11-23 09:49:58 - [TEST_STEP][PASSED] - Method.TextDegerineEsitElementeTikla(findTestObject("Filtreler/Butonlar"), Filtre_Buton): Method.TextDegerineEsitElementeTikla is PASSED

2021-11-23 09:49:58 - [MESSAGE][INFO] - Finding Test Object 'Object Repository/Filtreler/Butonlar'

2021-11-23 09:49:58 - [MESSAGE][INFO] - Checking timeout

2021-11-23 09:49:58 - [MESSAGE][INFO] - Finding web element with id: 'Object Repository/Filtreler/Butonlar' located by 'By.cssSelector: .dxb>span' in '10' second(s)

2021-11-23 09:49:58 - [MESSAGE][INFO] - Smart Wait Function is triggered

2021-11-23 09:49:58 - [MESSAGE][INFO] - Found 3 web elements with id: 'Object Repository/Filtreler/Butonlar' located by 'By.cssSelector: .dxb>span' in '10' second(s)

2021-11-23 09:49:59 - [MESSAGE][PASSED] - Method.TextDegerineEsitElementeTikla is PASSED

2021-11-23 09:49:59 - [MESSAGE][PASSED] - Call Test Case 'Test Cases/Filtreler/ButonaTikla' successfully

2021-11-23 09:49:59 - [MESSAGE][INFO] - Checking called Test Case

2021-11-23 09:49:59 - [MESSAGE][INFO] - Starting to call Test Case 'Test Cases/Tablo/TablodaVeriVarMi'

2021-11-23 09:49:59 - [TEST_CASE][PASSED] - Test Cases/Tablo/TablodaVeriVarMi: Test Cases/Tablo/TablodaVeriVarMi

2021-11-23 09:49:59 - [TEST_STEP][PASSED] - verifyTextNotPresent("Görüntülenecek veri yok", true): Text 'Görüntülenecek veri yok' is not present on page using regular expression

2021-11-23 09:49:59 - [MESSAGE][INFO] - Checking text present  using regular expression

2021-11-23 09:49:59 - [MESSAGE][INFO] - Smart Wait Function is triggered

2021-11-23 09:49:59 - [MESSAGE][INFO] - Finding text 'Görüntülenecek veri yok' on page  using regular expression

2021-11-23 09:49:59 - [MESSAGE][PASSED] - Text 'Görüntülenecek veri yok' is not present on page using regular expression

2021-11-23 09:49:59 - [MESSAGE][PASSED] - Call Test Case 'Test Cases/Tablo/TablodaVeriVarMi' successfully

2021-11-23 09:49:59 - [MESSAGE][INFO] - Checking called Test Case

2021-11-23 09:49:59 - [MESSAGE][INFO] - Starting to call Test Case 'Test Cases/Tablo/TablodanVeriSec'

2021-11-23 09:49:59 - [TEST_CASE][PASSED] - Test Cases/Tablo/TablodanVeriSec: Test Cases/Tablo/TablodanVeriSec

2021-11-23 09:49:59 - [TEST_STEP][PASSED] - Method.TextDegerineEsitElementinAltindakineTikla(findTestObject("Tablo/Veriler"), findTestObject("Tablo/VerininCheckBoxi"), Veri_Adi): Method.TextDegerineEsitElementinAltindakineTikla is PASSED

2021-11-23 09:49:59 - [MESSAGE][INFO] - Finding Test Object 'Object Repository/Tablo/Veriler'

2021-11-23 09:50:00 - [MESSAGE][INFO] - Finding Test Object 'Object Repository/Tablo/VerininCheckBoxi'

2021-11-23 09:50:00 - [MESSAGE][INFO] - Checking timeout

2021-11-23 09:50:00 - [MESSAGE][INFO] - Finding web element with id: 'Object Repository/Tablo/Veriler' located by 'By.cssSelector: td.dxgv b ,td.dxgv' in '10' second(s)

2021-11-23 09:50:00 - [MESSAGE][INFO] - Smart Wait Function is triggered

2021-11-23 09:50:00 - [MESSAGE][INFO] - Found 110 web elements with id: 'Object Repository/Tablo/Veriler' located by 'By.cssSelector: td.dxgv b ,td.dxgv' in '10' second(s)

2021-11-23 09:50:00 - [MESSAGE][INFO] - Smart Wait Function is triggered

2021-11-23 09:50:00 - [MESSAGE][PASSED] - Method.TextDegerineEsitElementinAltindakineTikla is PASSED

2021-11-23 09:50:00 - [MESSAGE][PASSED] - Call Test Case 'Test Cases/Tablo/TablodanVeriSec' successfully

2021-11-23 09:50:01 - [MESSAGE][INFO] - Checking called Test Case

2021-11-23 09:50:01 - [MESSAGE][INFO] - Starting to call Test Case 'Test Cases/Butonlar/ButonaTikla'

2021-11-23 09:50:01 - [TEST_CASE][PASSED] - Test Cases/Butonlar/ButonaTikla: Test Cases/Butonlar/ButonaTikla

2021-11-23 09:50:01 - [TEST_STEP][PASSED] - Method.TextDegerineEsitElementeTiklaEquals(findTestObject("Butonlar/Butonlar"), Buton_Adi): Method.TextDegerineEsitElementeTiklaEquals is PASSED

2021-11-23 09:50:01 - [MESSAGE][INFO] - Finding Test Object 'Object Repository/Butonlar/Butonlar'

2021-11-23 09:50:01 - [MESSAGE][INFO] - Checking timeout

2021-11-23 09:50:01 - [MESSAGE][INFO] - Finding web element with id: 'Object Repository/Butonlar/Butonlar' located by 'By.cssSelector: .panel.panel-default.text-center.footerPanel .btn,.btn.btn-primary.btnControls' in '10' second(s)

2021-11-23 09:50:01 - [MESSAGE][INFO] - Smart Wait Function is triggered

2021-11-23 09:50:01 - [MESSAGE][INFO] - Found 6 web elements with id: 'Object Repository/Butonlar/Butonlar' located by 'By.cssSelector: .panel.panel-default.text-center.footerPanel .btn,.btn.btn-primary.btnControls' in '10' second(s)

2021-11-23 09:50:01 - [MESSAGE][PASSED] - Method.TextDegerineEsitElementeTiklaEquals is PASSED

2021-11-23 09:50:01 - [MESSAGE][PASSED] - Call Test Case 'Test Cases/Butonlar/ButonaTikla' successfully

2021-11-23 09:50:01 - [MESSAGE][INFO] - Checking called Test Case

2021-11-23 09:50:01 - [MESSAGE][INFO] - Starting to call Test Case 'Test Cases/Sekmeler/YeniSekmeyeGec'

2021-11-23 09:50:01 - [TEST_CASE][PASSED] - Test Cases/Sekmeler/YeniSekmeyeGec: Test Cases/Sekmeler/YeniSekmeyeGec

2021-11-23 09:50:01 - [TEST_STEP][PASSED] - switchToWindowIndex(1): Switched to window with index: '1'

2021-11-23 09:50:01 - [MESSAGE][INFO] - Checking index

2021-11-23 09:50:01 - [MESSAGE][INFO] - Switching window with index: '1'

2021-11-23 09:50:01 - [MESSAGE][PASSED] - Switched to window with index: '1'

2021-11-23 09:50:01 - [MESSAGE][PASSED] - Call Test Case 'Test Cases/Sekmeler/YeniSekmeyeGec' successfully

2021-11-23 09:50:01 - [MESSAGE][INFO] - Checking called Test Case

2021-11-23 09:50:01 - [MESSAGE][INFO] - Starting to call Test Case 'Test Cases/Sekmeler/GecmisGeldiMi'

2021-11-23 09:50:01 - [TEST_CASE][PASSED] - Test Cases/Sekmeler/GecmisGeldiMi: Test Cases/Sekmeler/GecmisGeldiMi

2021-11-23 09:50:01 - [TEST_STEP][PASSED] - waitForElementVisible(findTestObject("Object Repository/Sekmeler/GecmisBaslik"), 10): Object 'Object Repository/Sekmeler/GecmisBaslik' is visible

2021-11-23 09:50:01 - [MESSAGE][INFO] - Finding Test Object 'Object Repository/Sekmeler/GecmisBaslik'

2021-11-23 09:50:01 - [MESSAGE][INFO] - Checking object

2021-11-23 09:50:01 - [MESSAGE][INFO] - Checking timeout

2021-11-23 09:50:01 - [MESSAGE][INFO] - Finding web element from Test Object's properties

2021-11-23 09:50:01 - [MESSAGE][INFO] - Checking timeout

2021-11-23 09:50:01 - [MESSAGE][INFO] - Finding web element with id: 'Object Repository/Sekmeler/GecmisBaslik' located by 'By.cssSelector: .dxnb-ghtext.dx-vam' in '10' second(s)

2021-11-23 09:50:01 - [MESSAGE][INFO] - Smart Wait Function is triggered

2021-11-23 09:50:11 - [MESSAGE][INFO] - Found 1 web elements with id: 'Object Repository/Sekmeler/GecmisBaslik' located by 'By.cssSelector: .dxnb-ghtext.dx-vam' in '10' second(s)

2021-11-23 09:50:11 - [MESSAGE][PASSED] - Object 'Object Repository/Sekmeler/GecmisBaslik' is visible

2021-11-23 09:50:11 - [TEST_STEP][PASSED] - if (!(getText(findTestObject("Object Repository/Sekmeler/GecmisBaslik")).contains(Baslik))): Text of object 'Object Repository/Sekmeler/GecmisBaslik' is: 'Zarf İzleme Kayıtları - 116114834'

2021-11-23 09:50:11 - [MESSAGE][INFO] - Finding Test Object 'Object Repository/Sekmeler/GecmisBaslik'

2021-11-23 09:50:11 - [MESSAGE][INFO] - Checking object

2021-11-23 09:50:11 - [MESSAGE][INFO] - Finding web element from Test Object's properties

2021-11-23 09:50:11 - [MESSAGE][INFO] - Checking timeout

2021-11-23 09:50:11 - [MESSAGE][INFO] - Finding web element with id: 'Object Repository/Sekmeler/GecmisBaslik' located by 'By.cssSelector: .dxnb-ghtext.dx-vam' in '30' second(s)

2021-11-23 09:50:11 - [MESSAGE][INFO] - Smart Wait Function is triggered

2021-11-23 09:50:12 - [MESSAGE][INFO] - Found 1 web elements with id: 'Object Repository/Sekmeler/GecmisBaslik' located by 'By.cssSelector: .dxnb-ghtext.dx-vam' in '30' second(s)

2021-11-23 09:50:12 - [MESSAGE][INFO] - Getting text of object 'Object Repository/Sekmeler/GecmisBaslik'

2021-11-23 09:50:12 - [MESSAGE][PASSED] - Text of object 'Object Repository/Sekmeler/GecmisBaslik' is: 'Zarf İzleme Kayıtları - 116114834'

2021-11-23 09:50:12 - [MESSAGE][PASSED] - Call Test Case 'Test Cases/Sekmeler/GecmisGeldiMi' successfully

2021-11-23 09:50:12 - [MESSAGE][INFO] - Checking called Test Case

2021-11-23 09:50:12 - [MESSAGE][INFO] - Starting to call Test Case 'Test Cases/Sekmeler/Ana_Sekmeye_Gec'

2021-11-23 09:50:12 - [TEST_CASE][PASSED] - Test Cases/Sekmeler/Ana_Sekmeye_Gec: Test Cases/Sekmeler/Ana_Sekmeye_Gec

2021-11-23 09:50:12 - [TEST_STEP][PASSED] - try: Window with index 1 is closed

2021-11-23 09:50:12 - [TEST_STEP][PASSED] - index = getWindowIndex(): Current window's index is: 1

2021-11-23 09:50:12 - [MESSAGE][INFO] - Getting current window's index

2021-11-23 09:50:12 - [MESSAGE][PASSED] - Current window's index is: 1

2021-11-23 09:50:12 - [TEST_STEP][PASSED] - closeWindowIndex(index): Window with index 1 is closed

2021-11-23 09:50:12 - [MESSAGE][INFO] - Checking index

2021-11-23 09:50:12 - [MESSAGE][INFO] - Closing window with index 1

2021-11-23 09:50:12 - [MESSAGE][PASSED] - Window with index 1 is closed

2021-11-23 09:50:12 - [TEST_STEP][PASSED] - switchToWindowIndex(0): Switched to window with index: '0'

2021-11-23 09:50:12 - [MESSAGE][INFO] - Checking index

2021-11-23 09:50:12 - [MESSAGE][INFO] - Switching window with index: '0'

2021-11-23 09:50:12 - [MESSAGE][PASSED] - Switched to window with index: '0'

2021-11-23 09:50:12 - [MESSAGE][PASSED] - Call Test Case 'Test Cases/Sekmeler/Ana_Sekmeye_Gec' successfully

2021-11-23 09:50:12 - [MESSAGE][INFO] - Checking called Test Case

2021-11-23 09:50:12 - [MESSAGE][INFO] - Starting to call Test Case 'Test Cases/Kullanici_Islemleri/KullaniciIslemlerindenSecimYapilir'

2021-11-23 09:50:12 - [TEST_CASE][PASSED] - Test Cases/Kullanici_Islemleri/KullaniciIslemlerindenSecimYapilir: Test Cases/Kullanici_Islemleri/KullaniciIslemlerindenSecimYapilir

2021-11-23 09:50:12 - [TEST_STEP][PASSED] - waitForElementClickable(findTestObject("Object Repository/Kullanici_Islemleri/KullaniciIslemleri"), 10): Object 'Object Repository/Kullanici_Islemleri/KullaniciIslemleri' is clickable

2021-11-23 09:50:12 - [MESSAGE][INFO] - Finding Test Object 'Object Repository/Kullanici_Islemleri/KullaniciIslemleri'

2021-11-23 09:50:12 - [MESSAGE][INFO] - Checking object

2021-11-23 09:50:12 - [MESSAGE][INFO] - Checking timeout

2021-11-23 09:50:12 - [MESSAGE][INFO] - Finding web element from Test Object's properties

2021-11-23 09:50:12 - [MESSAGE][INFO] - Checking timeout

2021-11-23 09:50:12 - [MESSAGE][INFO] - Finding web element with id: 'Object Repository/Kullanici_Islemleri/KullaniciIslemleri' located by 'By.cssSelector: .dropdown>a>img' in '10' second(s)

2021-11-23 09:50:12 - [MESSAGE][INFO] - Smart Wait Function is triggered

2021-11-23 09:50:12 - [MESSAGE][INFO] - Found 1 web elements with id: 'Object Repository/Kullanici_Islemleri/KullaniciIslemleri' located by 'By.cssSelector: .dropdown>a>img' in '10' second(s)

2021-11-23 09:50:12 - [MESSAGE][PASSED] - Object 'Object Repository/Kullanici_Islemleri/KullaniciIslemleri' is clickable

2021-11-23 09:50:12 - [TEST_STEP][PASSED] - click(findTestObject("Object Repository/Kullanici_Islemleri/KullaniciIslemleri")): Object: 'Object Repository/Kullanici_Islemleri/KullaniciIslemleri' is clicked on

2021-11-23 09:50:12 - [MESSAGE][INFO] - Finding Test Object 'Object Repository/Kullanici_Islemleri/KullaniciIslemleri'

2021-11-23 09:50:13 - [MESSAGE][INFO] - Checking object

2021-11-23 09:50:13 - [MESSAGE][INFO] - Finding web element from Test Object's properties

2021-11-23 09:50:13 - [MESSAGE][INFO] - Checking timeout

2021-11-23 09:50:13 - [MESSAGE][INFO] - Finding web element with id: 'Object Repository/Kullanici_Islemleri/KullaniciIslemleri' located by 'By.cssSelector: .dropdown>a>img' in '30' second(s)

2021-11-23 09:50:13 - [MESSAGE][INFO] - Smart Wait Function is triggered

2021-11-23 09:50:13 - [MESSAGE][INFO] - Found 1 web elements with id: 'Object Repository/Kullanici_Islemleri/KullaniciIslemleri' located by 'By.cssSelector: .dropdown>a>img' in '30' second(s)

2021-11-23 09:50:13 - [MESSAGE][INFO] - Clicking on object: 'Object Repository/Kullanici_Islemleri/KullaniciIslemleri'

2021-11-23 09:50:13 - [MESSAGE][PASSED] - Object: 'Object Repository/Kullanici_Islemleri/KullaniciIslemleri' is clicked on

2021-11-23 09:50:13 - [TEST_STEP][PASSED] - Method.TextDegerineEsitElementeTikla(findTestObject("Object Repository/Kullanici_Islemleri/Secenekler"), Islem): Method.TextDegerineEsitElementeTikla is PASSED

2021-11-23 09:50:13 - [MESSAGE][INFO] - Finding Test Object 'Object Repository/Kullanici_Islemleri/Secenekler'

2021-11-23 09:50:13 - [MESSAGE][INFO] - Checking timeout

2021-11-23 09:50:13 - [MESSAGE][INFO] - Finding web element with id: 'Object Repository/Kullanici_Islemleri/Secenekler' located by 'By.cssSelector: .nav.navbar-nav.navbar-right li a' in '10' second(s)

2021-11-23 09:50:13 - [MESSAGE][INFO] - Smart Wait Function is triggered

2021-11-23 09:50:13 - [MESSAGE][INFO] - Found 22 web elements with id: 'Object Repository/Kullanici_Islemleri/Secenekler' located by 'By.cssSelector: .nav.navbar-nav.navbar-right li a' in '10' second(s)

2021-11-23 09:50:16 - [MESSAGE][PASSED] - Method.TextDegerineEsitElementeTikla is PASSED

2021-11-23 09:50:16 - [TEST_STEP][PASSED] - verifyElementNotPresent(findTestObject("Object Repository/Kullanici_Islemleri/Secenekler"), 10): Web element with id: 'Object Repository/Kullanici_Islemleri/Secenekler' located by 'By.cssSelector: .nav.navbar-nav.navbar-right li a' is not present after '10' second(s)

2021-11-23 09:50:16 - [MESSAGE][INFO] - Finding Test Object 'Object Repository/Kullanici_Islemleri/Secenekler'

2021-11-23 09:50:16 - [MESSAGE][INFO] - Checking object

2021-11-23 09:50:16 - [MESSAGE][INFO] - Checking timeout

2021-11-23 09:50:16 - [MESSAGE][INFO] - Finding web element with id: 'Object Repository/Kullanici_Islemleri/Secenekler' located by 'By.cssSelector: .nav.navbar-nav.navbar-right li a' in '10' second(s)

2021-11-23 09:50:16 - [MESSAGE][INFO] - Smart Wait Function is triggered

2021-11-23 09:50:17 - [MESSAGE][PASSED] - Web element with id: 'Object Repository/Kullanici_Islemleri/Secenekler' located by 'By.cssSelector: .nav.navbar-nav.navbar-right li a' is not present after '10' second(s)

2021-11-23 09:50:17 - [MESSAGE][PASSED] - Call Test Case 'Test Cases/Kullanici_Islemleri/KullaniciIslemlerindenSecimYapilir' successfully

2021-11-23 09:50:17 - [TEST_CASE][PASSED] - Start Test Case : SCENARIO Giden Zarf Gecmis: SCENARIO Giden Zarf Gecmis

2021-11-23 09:50:17 - [TEST_STEP][PASSED] - Kullanıcı adı ELOGO6 ve Şifre 123456 olarak giriş yapılır: Kullanıcı adı ELOGO6 ve Şifre 123456 olarak giriş yapılır

2021-11-23 09:50:17 - [MESSAGE][PASSED] - Kullanıcı adı ELOGO6 ve Şifre 123456 olarak giriş yapılır

2021-11-23 09:50:17 - [TEST_STEP][PASSED] - Ana menüden Zarflar seçilir: Ana menüden Zarflar seçilir

2021-11-23 09:50:17 - [MESSAGE][PASSED] - Ana menüden Zarflar seçilir

2021-11-23 09:50:17 - [TEST_STEP][PASSED] - Alt menüden Giden Zarflar seçilir: Alt menüden Giden Zarflar seçilir

2021-11-23 09:50:17 - [MESSAGE][PASSED] - Alt menüden Giden Zarflar seçilir

2021-11-23 09:50:17 - [TEST_STEP][PASSED] - Filtrelerden Oluşturma Tarihi filtresine 01.12.2020 baslangic degerini yaz: Filtrelerden Oluşturma Tarihi filtresine 01.12.2020 baslangic degerini yaz

2021-11-23 09:50:17 - [MESSAGE][PASSED] - Filtrelerden Oluşturma Tarihi filtresine 01.12.2020 baslangic degerini yaz

2021-11-23 09:50:17 - [TEST_STEP][PASSED] - Filtrelerden Oluşturma Tarihi filtresine 31.12.2020 bitis degerini yaz: Filtrelerden Oluşturma Tarihi filtresine 31.12.2020 bitis degerini yaz

2021-11-23 09:50:17 - [MESSAGE][PASSED] - Filtrelerden Oluşturma Tarihi filtresine 31.12.2020 bitis degerini yaz

2021-11-23 09:50:17 - [TEST_STEP][PASSED] - Filtre butonlarından Listele seçilir: Filtre butonlarından Listele seçilir

2021-11-23 09:50:17 - [MESSAGE][PASSED] - Filtre butonlarından Listele seçilir

2021-11-23 09:50:17 - [TEST_STEP][PASSED] - Tabloda veri var mı kontrol edilir: Tabloda veri var mı kontrol edilir

2021-11-23 09:50:17 - [MESSAGE][PASSED] - Tabloda veri var mı kontrol edilir

2021-11-23 09:50:17 - [TEST_STEP][PASSED] - Tablodan Test Kurum 6 isimli veri seçilir: Tablodan Test Kurum 6 isimli veri seçilir

2021-11-23 09:50:17 - [MESSAGE][PASSED] - Tablodan Test Kurum 6 isimli veri seçilir

2021-11-23 09:50:17 - [TEST_STEP][PASSED] - Butonlardan İzleme Kayıtları isimli butona tıklanır: Butonlardan İzleme Kayıtları isimli butona tıklanır

2021-11-23 09:50:17 - [MESSAGE][PASSED] - Butonlardan İzleme Kayıtları isimli butona tıklanır

2021-11-23 09:50:17 - [TEST_STEP][PASSED] - Yeni açılan sekmeye geçilir: Yeni açılan sekmeye geçilir

2021-11-23 09:50:17 - [MESSAGE][PASSED] - Yeni açılan sekmeye geçilir

2021-11-23 09:50:17 - [TEST_STEP][PASSED] - Zarf İzleme Kayıtları baslikli gecmis sayfasi geldi mi: Zarf İzleme Kayıtları baslikli gecmis sayfasi geldi mi

2021-11-23 09:50:17 - [MESSAGE][PASSED] - Zarf İzleme Kayıtları baslikli gecmis sayfasi geldi mi

2021-11-23 09:50:17 - [TEST_STEP][PASSED] - Ana sekmeye geçilir: Ana sekmeye geçilir

2021-11-23 09:50:17 - [MESSAGE][PASSED] - Ana sekmeye geçilir

2021-11-23 09:50:17 - [TEST_STEP][PASSED] - Kullanıcı işlemlerinden Çıkış seçilir: Kullanıcı işlemlerinden Çıkış seçilir

2021-11-23 09:50:17 - [MESSAGE][PASSED] - Kullanıcı işlemlerinden Çıkış seçilir

2021-11-23 09:50:17 - [MESSAGE][PASSED] - Feature file: 'Include/features/Zarflar/Giden Zarflar/Izleme Kayitlari.feature' was passed

2021-11-23 09:50:17 - [TEST_STEP][PASSED] - Start listener action : sampleAfterTestSuite: Invoke 'com.kms.katalon.core.annotation.AfterTestCase' method: 'Listener.sampleAfterTestSuite(...)' completed.

2021-11-23 09:50:17 - [MESSAGE][INFO] - Starting invoke 'com.kms.katalon.core.annotation.AfterTestCase' method: 'Listener.sampleAfterTestSuite(...)'

2021-11-23 09:50:17 - [TEST_STEP][PASSED] - closeBrowser(): Invoke 'com.kms.katalon.core.annotation.AfterTestCase' method: 'Listener.sampleAfterTestSuite(...)' completed.

2021-11-23 09:50:17 - [MESSAGE][INFO] - Closing browser

2021-11-23 09:50:18 - [MESSAGE][PASSED] - Browser is closed

2021-11-23 09:50:18 - [MESSAGE][INFO] - Invoke 'com.kms.katalon.core.annotation.AfterTestCase' method: 'Listener.sampleAfterTestSuite(...)' completed.]]></system-out>
         <system-err><![CDATA[]]></system-err>
      </testcase>
      <testcase name="Test Cases/Case Repository/Zarflar/Giden Zarflar/Tablodaki Verinin Irsaliyeleri" time="193.347" classname="Test Cases/Case Repository/Zarflar/Giden Zarflar/Tablodaki Verinin Irsaliyeleri" status="PASSED">
         <system-out><![CDATA[2021-11-23 09:50:18 - [TEST_CASE][PASSED] - Test Cases/Case Repository/Zarflar/Giden Zarflar/Tablodaki Verinin Irsaliyeleri: Test Cases/Case Repository/Zarflar/Giden Zarflar/Tablodaki Verinin Irsaliyeleri

2021-11-23 09:50:18 - [TEST_STEP][PASSED] - Start listener action : sampleBeforeTestSuite: Invoke 'com.kms.katalon.core.annotation.BeforeTestCase' method: 'Listener.sampleBeforeTestSuite(...)' completed.

2021-11-23 09:50:18 - [MESSAGE][INFO] - Starting invoke 'com.kms.katalon.core.annotation.BeforeTestCase' method: 'Listener.sampleBeforeTestSuite(...)'

2021-11-23 09:50:18 - [TEST_STEP][PASSED] - openBrowser(baseUrl): Browser is opened with url: 'https://efatura-stage.elogo.com.tr/'

2021-11-23 09:50:18 - [MESSAGE][INFO] - Opening browser

2021-11-23 09:50:18 - [MESSAGE][INFO] - Starting 'Chrome' driver

2021-11-23 09:50:18 - [MESSAGE][INFO] - User set preference: ['prefs', '{download.default_directory=C:\otomasyondownfiles}']

2021-11-23 09:50:18 - [MESSAGE][INFO] - Action delay is set to 0 milliseconds

2021-11-23 09:50:20 - [MESSAGE][INFO] - Navigating browser to: 'https://efatura-stage.elogo.com.tr/'

2021-11-23 09:50:22 - [MESSAGE][PASSED] - Browser is opened with url: 'https://efatura-stage.elogo.com.tr/'

2021-11-23 09:50:22 - [TEST_STEP][PASSED] - maximizeWindow(): Invoke 'com.kms.katalon.core.annotation.BeforeTestCase' method: 'Listener.sampleBeforeTestSuite(...)' completed.

2021-11-23 09:50:22 - [MESSAGE][INFO] - Maximizing current window

2021-11-23 09:50:22 - [MESSAGE][PASSED] - Current window maximized

2021-11-23 09:50:22 - [MESSAGE][INFO] - Invoke 'com.kms.katalon.core.annotation.BeforeTestCase' method: 'Listener.sampleBeforeTestSuite(...)' completed.

2021-11-23 09:50:23 - [TEST_STEP][PASSED] - runFeatureFile("Include/features/Zarflar/Giden Zarflar/Tablodaki Verinin Butonlari.feature"): Feature file: 'Include/features/Zarflar/Giden Zarflar/Tablodaki Verinin Butonlari.feature' was passed

2021-11-23 09:50:23 - [MESSAGE][INFO] - Starting run keyword runFeatureFile: 'Include/features/Zarflar/Giden Zarflar/Tablodaki Verinin Butonlari.feature' and extract report to folder: 'C:\Users\DELL\Documents\GitHub\EES_KatalonLogo\Reports\20211123_091110\Suite Repository\Zarflar\20211123_091159/cucumber_report/1637650223230'...

2021-11-23 09:50:23 - [MESSAGE][INFO] - Glue: []

2021-11-23 09:50:25 - [MESSAGE][INFO] - Checking called Test Case

2021-11-23 09:50:25 - [MESSAGE][INFO] - Starting to call Test Case 'Test Cases/Sayfalar/Giris_Sayfasi/Login'

2021-11-23 09:50:25 - [TEST_CASE][PASSED] - Test Cases/Sayfalar/Giris_Sayfasi/Login: Test Cases/Sayfalar/Giris_Sayfasi/Login

2021-11-23 09:50:25 - [TEST_STEP][PASSED] - Sayfa_Basligi = getWindowTitle(): Current window's title is: 'LOGO e-Fatura'

2021-11-23 09:50:25 - [MESSAGE][INFO] - Getting current window's title

2021-11-23 09:50:25 - [MESSAGE][PASSED] - Current window's title is: 'LOGO e-Fatura'

2021-11-23 09:50:25 - [TEST_STEP][PASSED] - verifyMatch(Sayfa_Basligi, "LOGO e-Fatura", false): Actual text 'LOGO e-Fatura' and expected text 'LOGO e-Fatura' are matched 

2021-11-23 09:50:25 - [MESSAGE][INFO] - Matching actual text 'LOGO e-Fatura' with expected text 'LOGO e-Fatura'

2021-11-23 09:50:25 - [MESSAGE][PASSED] - Actual text 'LOGO e-Fatura' and expected text 'LOGO e-Fatura' are matched 

2021-11-23 09:50:25 - [TEST_STEP][PASSED] - sendKeys(findTestObject("Sayfalar/Giris_Sayfasi/Firma_Kodu"), KullaniciAdi): Keys 'ELOGO6' sent to object: 'Object Repository/Sayfalar/Giris_Sayfasi/Firma_Kodu'

2021-11-23 09:50:25 - [MESSAGE][INFO] - Finding Test Object 'Object Repository/Sayfalar/Giris_Sayfasi/Firma_Kodu'

2021-11-23 09:50:25 - [MESSAGE][INFO] - Sending keys 'ELOGO6' to object: 'Object Repository/Sayfalar/Giris_Sayfasi/Firma_Kodu'

2021-11-23 09:50:25 - [MESSAGE][INFO] - Finding web element from Test Object's properties

2021-11-23 09:50:25 - [MESSAGE][INFO] - Checking timeout

2021-11-23 09:50:25 - [MESSAGE][INFO] - Finding web element with id: 'Object Repository/Sayfalar/Giris_Sayfasi/Firma_Kodu' located by 'By.xpath: //*[@id = 'AccountName']' in '30' second(s)

2021-11-23 09:50:25 - [MESSAGE][INFO] - Smart Wait Function is triggered

2021-11-23 09:50:25 - [MESSAGE][INFO] - Found 1 web elements with id: 'Object Repository/Sayfalar/Giris_Sayfasi/Firma_Kodu' located by 'By.xpath: //*[@id = 'AccountName']' in '30' second(s)

2021-11-23 09:50:25 - [MESSAGE][PASSED] - Keys 'ELOGO6' sent to object: 'Object Repository/Sayfalar/Giris_Sayfasi/Firma_Kodu'

2021-11-23 09:50:25 - [TEST_STEP][PASSED] - sendKeys(findTestObject("Sayfalar/Giris_Sayfasi/Sifre"), Sifre): Keys '123456' sent to object: 'Object Repository/Sayfalar/Giris_Sayfasi/Sifre'

2021-11-23 09:50:25 - [MESSAGE][INFO] - Finding Test Object 'Object Repository/Sayfalar/Giris_Sayfasi/Sifre'

2021-11-23 09:50:26 - [MESSAGE][INFO] - Sending keys '123456' to object: 'Object Repository/Sayfalar/Giris_Sayfasi/Sifre'

2021-11-23 09:50:26 - [MESSAGE][INFO] - Finding web element from Test Object's properties

2021-11-23 09:50:26 - [MESSAGE][INFO] - Checking timeout

2021-11-23 09:50:26 - [MESSAGE][INFO] - Finding web element with id: 'Object Repository/Sayfalar/Giris_Sayfasi/Sifre' located by 'By.xpath: //*[@id = 'Password']' in '30' second(s)

2021-11-23 09:50:26 - [MESSAGE][INFO] - Smart Wait Function is triggered

2021-11-23 09:50:26 - [MESSAGE][INFO] - Found 1 web elements with id: 'Object Repository/Sayfalar/Giris_Sayfasi/Sifre' located by 'By.xpath: //*[@id = 'Password']' in '30' second(s)

2021-11-23 09:50:26 - [MESSAGE][PASSED] - Keys '123456' sent to object: 'Object Repository/Sayfalar/Giris_Sayfasi/Sifre'

2021-11-23 09:50:26 - [TEST_STEP][PASSED] - findWebElement(findTestObject("Sayfalar/Giris_Sayfasi/Giris_Butonu")).click(): Found 1 web elements with id: 'Object Repository/Sayfalar/Giris_Sayfasi/Giris_Butonu' located by 'By.cssSelector: #btnLogin' in '30' second(s)

2021-11-23 09:50:26 - [MESSAGE][INFO] - Finding Test Object 'Object Repository/Sayfalar/Giris_Sayfasi/Giris_Butonu'

2021-11-23 09:50:26 - [MESSAGE][INFO] - Finding web element from Test Object's properties

2021-11-23 09:50:26 - [MESSAGE][INFO] - Checking timeout

2021-11-23 09:50:26 - [MESSAGE][INFO] - Finding web element with id: 'Object Repository/Sayfalar/Giris_Sayfasi/Giris_Butonu' located by 'By.cssSelector: #btnLogin' in '30' second(s)

2021-11-23 09:50:26 - [MESSAGE][INFO] - Smart Wait Function is triggered

2021-11-23 09:50:27 - [MESSAGE][INFO] - Found 1 web elements with id: 'Object Repository/Sayfalar/Giris_Sayfasi/Giris_Butonu' located by 'By.cssSelector: #btnLogin' in '30' second(s)

2021-11-23 09:50:29 - [TEST_STEP][PASSED] - if (verifyElementPresent(findTestObject("Object Repository/Sayfalar/Giris_Sayfasi/RetveTamam_Butonu"), 5, OPTIONAL)): null

2021-11-23 09:50:29 - [MESSAGE][INFO] - Finding Test Object 'Object Repository/Sayfalar/Giris_Sayfasi/RetveTamam_Butonu'

2021-11-23 09:50:29 - [MESSAGE][INFO] - Checking object

2021-11-23 09:50:29 - [MESSAGE][INFO] - Finding web element from Test Object's properties

2021-11-23 09:50:29 - [MESSAGE][INFO] - Checking timeout

2021-11-23 09:50:29 - [MESSAGE][INFO] - Finding web element with id: 'Object Repository/Sayfalar/Giris_Sayfasi/RetveTamam_Butonu' located by 'By.xpath: //*[@class = 'btn btn-default']' in '5' second(s)

2021-11-23 09:50:29 - [MESSAGE][INFO] - Smart Wait Function is triggered

2021-11-23 09:50:29 - [MESSAGE][INFO] - Found 1 web elements with id: 'Object Repository/Sayfalar/Giris_Sayfasi/RetveTamam_Butonu' located by 'By.xpath: //*[@class = 'btn btn-default']' in '5' second(s)

2021-11-23 09:50:29 - [MESSAGE][PASSED] - Object 'Object Repository/Sayfalar/Giris_Sayfasi/RetveTamam_Butonu' is present

2021-11-23 09:50:29 - [TEST_STEP][PASSED] - click(findTestObject("Object Repository/Sayfalar/Giris_Sayfasi/RetveTamam_Butonu")): Object: 'Object Repository/Sayfalar/Giris_Sayfasi/RetveTamam_Butonu' is clicked on

2021-11-23 09:50:29 - [MESSAGE][INFO] - Finding Test Object 'Object Repository/Sayfalar/Giris_Sayfasi/RetveTamam_Butonu'

2021-11-23 09:50:30 - [MESSAGE][INFO] - Checking object

2021-11-23 09:50:30 - [MESSAGE][INFO] - Finding web element from Test Object's properties

2021-11-23 09:50:30 - [MESSAGE][INFO] - Checking timeout

2021-11-23 09:50:30 - [MESSAGE][INFO] - Finding web element with id: 'Object Repository/Sayfalar/Giris_Sayfasi/RetveTamam_Butonu' located by 'By.xpath: //*[@class = 'btn btn-default']' in '30' second(s)

2021-11-23 09:50:30 - [MESSAGE][INFO] - Smart Wait Function is triggered

2021-11-23 09:50:30 - [MESSAGE][INFO] - Found 1 web elements with id: 'Object Repository/Sayfalar/Giris_Sayfasi/RetveTamam_Butonu' located by 'By.xpath: //*[@class = 'btn btn-default']' in '30' second(s)

2021-11-23 09:50:30 - [MESSAGE][INFO] - Clicking on object: 'Object Repository/Sayfalar/Giris_Sayfasi/RetveTamam_Butonu'

2021-11-23 09:50:30 - [MESSAGE][PASSED] - Object: 'Object Repository/Sayfalar/Giris_Sayfasi/RetveTamam_Butonu' is clicked on

2021-11-23 09:50:30 - [TEST_STEP][PASSED] - click(findTestObject("Object Repository/Sayfalar/Giris_Sayfasi/RetveTamam_Butonu")): Object: 'Object Repository/Sayfalar/Giris_Sayfasi/RetveTamam_Butonu' is clicked on

2021-11-23 09:50:30 - [MESSAGE][INFO] - Finding Test Object 'Object Repository/Sayfalar/Giris_Sayfasi/RetveTamam_Butonu'

2021-11-23 09:50:30 - [MESSAGE][INFO] - Checking object

2021-11-23 09:50:30 - [MESSAGE][INFO] - Finding web element from Test Object's properties

2021-11-23 09:50:30 - [MESSAGE][INFO] - Checking timeout

2021-11-23 09:50:30 - [MESSAGE][INFO] - Finding web element with id: 'Object Repository/Sayfalar/Giris_Sayfasi/RetveTamam_Butonu' located by 'By.xpath: //*[@class = 'btn btn-default']' in '30' second(s)

2021-11-23 09:50:30 - [MESSAGE][INFO] - Smart Wait Function is triggered

2021-11-23 09:50:34 - [MESSAGE][INFO] - Found 1 web elements with id: 'Object Repository/Sayfalar/Giris_Sayfasi/RetveTamam_Butonu' located by 'By.xpath: //*[@class = 'btn btn-default']' in '30' second(s)

2021-11-23 09:50:34 - [MESSAGE][INFO] - Clicking on object: 'Object Repository/Sayfalar/Giris_Sayfasi/RetveTamam_Butonu'

2021-11-23 09:50:34 - [MESSAGE][PASSED] - Object: 'Object Repository/Sayfalar/Giris_Sayfasi/RetveTamam_Butonu' is clicked on

2021-11-23 09:50:34 - [TEST_STEP][PASSED] - if (verifyElementPresent(findTestObject("Sayfalar/Giris_Sayfasi/PopupOK"), 5, OPTIONAL)): null

2021-11-23 09:50:34 - [MESSAGE][INFO] - Finding Test Object 'Object Repository/Sayfalar/Giris_Sayfasi/PopupOK'

2021-11-23 09:50:34 - [MESSAGE][INFO] - Checking object

2021-11-23 09:50:34 - [MESSAGE][INFO] - Finding web element from Test Object's properties

2021-11-23 09:50:34 - [MESSAGE][INFO] - Checking timeout

2021-11-23 09:50:34 - [MESSAGE][INFO] - Finding web element with id: 'Object Repository/Sayfalar/Giris_Sayfasi/PopupOK' located by 'By.cssSelector: .btn.btn-success' in '5' second(s)

2021-11-23 09:50:34 - [MESSAGE][INFO] - Smart Wait Function is triggered

2021-11-23 09:50:35 - [MESSAGE][INFO] - Found 1 web elements with id: 'Object Repository/Sayfalar/Giris_Sayfasi/PopupOK' located by 'By.cssSelector: .btn.btn-success' in '5' second(s)

2021-11-23 09:50:35 - [MESSAGE][PASSED] - Object 'Object Repository/Sayfalar/Giris_Sayfasi/PopupOK' is present

2021-11-23 09:50:35 - [TEST_STEP][PASSED] - click(findTestObject("Object Repository/Sayfalar/Giris_Sayfasi/PopupCarpiGiris")): Object: 'Object Repository/Sayfalar/Giris_Sayfasi/PopupCarpiGiris' is clicked on

2021-11-23 09:50:35 - [MESSAGE][INFO] - Finding Test Object 'Object Repository/Sayfalar/Giris_Sayfasi/PopupCarpiGiris'

2021-11-23 09:50:35 - [MESSAGE][INFO] - Checking object

2021-11-23 09:50:35 - [MESSAGE][INFO] - Finding web element from Test Object's properties

2021-11-23 09:50:35 - [MESSAGE][INFO] - Checking timeout

2021-11-23 09:50:35 - [MESSAGE][INFO] - Finding web element with id: 'Object Repository/Sayfalar/Giris_Sayfasi/PopupCarpiGiris' located by 'By.cssSelector: .bootbox-close-button.close' in '30' second(s)

2021-11-23 09:50:35 - [MESSAGE][INFO] - Smart Wait Function is triggered

2021-11-23 09:50:35 - [MESSAGE][INFO] - Found 1 web elements with id: 'Object Repository/Sayfalar/Giris_Sayfasi/PopupCarpiGiris' located by 'By.cssSelector: .bootbox-close-button.close' in '30' second(s)

2021-11-23 09:50:35 - [MESSAGE][INFO] - Clicking on object: 'Object Repository/Sayfalar/Giris_Sayfasi/PopupCarpiGiris'

2021-11-23 09:50:35 - [MESSAGE][PASSED] - Object: 'Object Repository/Sayfalar/Giris_Sayfasi/PopupCarpiGiris' is clicked on

2021-11-23 09:50:35 - [TEST_STEP][PASSED] - verifyElementVisible(findTestObject("Object Repository/Kullanici_Islemleri/KullaniciIslemleri")): Object 'Object Repository/Kullanici_Islemleri/KullaniciIslemleri' is visible

2021-11-23 09:50:35 - [MESSAGE][INFO] - Finding Test Object 'Object Repository/Kullanici_Islemleri/KullaniciIslemleri'

2021-11-23 09:50:35 - [MESSAGE][INFO] - Checking object

2021-11-23 09:50:35 - [MESSAGE][INFO] - Finding web element from Test Object's properties

2021-11-23 09:50:35 - [MESSAGE][INFO] - Checking timeout

2021-11-23 09:50:35 - [MESSAGE][INFO] - Finding web element with id: 'Object Repository/Kullanici_Islemleri/KullaniciIslemleri' located by 'By.cssSelector: .dropdown>a>img' in '30' second(s)

2021-11-23 09:50:35 - [MESSAGE][INFO] - Smart Wait Function is triggered

2021-11-23 09:50:36 - [MESSAGE][INFO] - Found 1 web elements with id: 'Object Repository/Kullanici_Islemleri/KullaniciIslemleri' located by 'By.cssSelector: .dropdown>a>img' in '30' second(s)

2021-11-23 09:50:36 - [MESSAGE][PASSED] - Object 'Object Repository/Kullanici_Islemleri/KullaniciIslemleri' is visible

2021-11-23 09:50:36 - [MESSAGE][PASSED] - Call Test Case 'Test Cases/Sayfalar/Giris_Sayfasi/Login' successfully

2021-11-23 09:50:36 - [MESSAGE][INFO] - Checking called Test Case

2021-11-23 09:50:36 - [MESSAGE][INFO] - Starting to call Test Case 'Test Cases/Menu/AnaMenuSecimi'

2021-11-23 09:50:36 - [TEST_CASE][PASSED] - Test Cases/Menu/AnaMenuSecimi: Test Cases/Menu/AnaMenuSecimi

2021-11-23 09:50:36 - [TEST_STEP][PASSED] - Method.TextDegerineEsitElementeTikla(findTestObject("Menu/Ana_Menu"), Ana_Menu): Method.TextDegerineEsitElementeTikla is PASSED

2021-11-23 09:50:36 - [MESSAGE][INFO] - Finding Test Object 'Object Repository/Menu/Ana_Menu'

2021-11-23 09:50:36 - [MESSAGE][INFO] - Checking timeout

2021-11-23 09:50:36 - [MESSAGE][INFO] - Finding web element with id: 'Object Repository/Menu/Ana_Menu' located by 'By.xpath: //*[@class = 'dropdown-toggle']' in '10' second(s)

2021-11-23 09:50:36 - [MESSAGE][INFO] - Smart Wait Function is triggered

2021-11-23 09:50:37 - [MESSAGE][INFO] - Found 14 web elements with id: 'Object Repository/Menu/Ana_Menu' located by 'By.xpath: //*[@class = 'dropdown-toggle']' in '10' second(s)

2021-11-23 09:50:37 - [MESSAGE][PASSED] - Method.TextDegerineEsitElementeTikla is PASSED

2021-11-23 09:50:37 - [MESSAGE][PASSED] - Call Test Case 'Test Cases/Menu/AnaMenuSecimi' successfully

2021-11-23 09:50:37 - [MESSAGE][INFO] - Checking called Test Case

2021-11-23 09:50:37 - [MESSAGE][INFO] - Starting to call Test Case 'Test Cases/Menu/AltMenuSecimi'

2021-11-23 09:50:37 - [TEST_CASE][PASSED] - Test Cases/Menu/AltMenuSecimi: Test Cases/Menu/AltMenuSecimi

2021-11-23 09:50:37 - [TEST_STEP][PASSED] - Method.TextDegerineEsitElementeTikla(findTestObject("Menu/Alt_Menu"), Alt_Menu): Method.TextDegerineEsitElementeTikla is PASSED

2021-11-23 09:50:37 - [MESSAGE][INFO] - Finding Test Object 'Object Repository/Menu/Alt_Menu'

2021-11-23 09:50:37 - [MESSAGE][INFO] - Checking timeout

2021-11-23 09:50:37 - [MESSAGE][INFO] - Finding web element with id: 'Object Repository/Menu/Alt_Menu' located by 'By.xpath: //li[@class='dropdown dropdown-large open']//li[@class='dropdown-element']' in '10' second(s)

2021-11-23 09:50:37 - [MESSAGE][INFO] - Smart Wait Function is triggered

2021-11-23 09:50:37 - [MESSAGE][INFO] - Found 2 web elements with id: 'Object Repository/Menu/Alt_Menu' located by 'By.xpath: //li[@class='dropdown dropdown-large open']//li[@class='dropdown-element']' in '10' second(s)

2021-11-23 09:50:39 - [MESSAGE][PASSED] - Method.TextDegerineEsitElementeTikla is PASSED

2021-11-23 09:50:39 - [MESSAGE][PASSED] - Call Test Case 'Test Cases/Menu/AltMenuSecimi' successfully

2021-11-23 09:50:39 - [MESSAGE][INFO] - Checking called Test Case

2021-11-23 09:50:39 - [MESSAGE][INFO] - Starting to call Test Case 'Test Cases/Filtreler/BaslangicYaz'

2021-11-23 09:50:39 - [TEST_CASE][PASSED] - Test Cases/Filtreler/BaslangicYaz: Test Cases/Filtreler/BaslangicYaz

2021-11-23 09:50:39 - [TEST_STEP][PASSED] - delay(3): Delayed 3 second(s)

2021-11-23 09:50:39 - [MESSAGE][INFO] - Delaying browser in 3 second(s)

2021-11-23 09:50:42 - [MESSAGE][PASSED] - Delayed 3 second(s)

2021-11-23 09:50:42 - [TEST_STEP][PASSED] - Method.TextDegerineEsitElementinAltindakineTikla(findTestObject("Filtreler/Basliklar"), findTestObject("Filtreler/Basliga_Gore_Baslangic_Image"), Filtre_Adi): Method.TextDegerineEsitElementinAltindakineTikla is PASSED

2021-11-23 09:50:42 - [MESSAGE][INFO] - Finding Test Object 'Object Repository/Filtreler/Basliklar'

2021-11-23 09:50:43 - [MESSAGE][INFO] - Finding Test Object 'Object Repository/Filtreler/Basliga_Gore_Baslangic_Image'

2021-11-23 09:50:43 - [MESSAGE][INFO] - Checking timeout

2021-11-23 09:50:43 - [MESSAGE][INFO] - Finding web element with id: 'Object Repository/Filtreler/Basliklar' located by 'By.cssSelector: .control-label.col-sm-4.paddingMarginRLC' in '10' second(s)

2021-11-23 09:50:43 - [MESSAGE][INFO] - Smart Wait Function is triggered

2021-11-23 09:50:43 - [MESSAGE][INFO] - Found 8 web elements with id: 'Object Repository/Filtreler/Basliklar' located by 'By.cssSelector: .control-label.col-sm-4.paddingMarginRLC' in '10' second(s)

2021-11-23 09:50:43 - [MESSAGE][INFO] - Smart Wait Function is triggered

2021-11-23 09:50:43 - [MESSAGE][PASSED] - Method.TextDegerineEsitElementinAltindakineTikla is PASSED

2021-11-23 09:50:43 - [TEST_STEP][PASSED] - Method.TextDegerineEsitElementinAltindakiTextboxtaYaz(findTestObject("Filtreler/Basliklar"), findTestObject("Filtreler/Basliga_Gore_Baslangic"), Filtre_Adi, Filtre_Degeri): Method.TextDegerineEsitElementinAltindakiTextboxtaYaz is PASSED

2021-11-23 09:50:43 - [MESSAGE][INFO] - Finding Test Object 'Object Repository/Filtreler/Basliklar'

2021-11-23 09:50:43 - [MESSAGE][INFO] - Finding Test Object 'Object Repository/Filtreler/Basliga_Gore_Baslangic'

2021-11-23 09:50:44 - [MESSAGE][INFO] - Checking timeout

2021-11-23 09:50:44 - [MESSAGE][INFO] - Finding web element with id: 'Object Repository/Filtreler/Basliklar' located by 'By.cssSelector: .control-label.col-sm-4.paddingMarginRLC' in '10' second(s)

2021-11-23 09:50:44 - [MESSAGE][INFO] - Smart Wait Function is triggered

2021-11-23 09:50:44 - [MESSAGE][INFO] - Found 8 web elements with id: 'Object Repository/Filtreler/Basliklar' located by 'By.cssSelector: .control-label.col-sm-4.paddingMarginRLC' in '10' second(s)

2021-11-23 09:50:44 - [MESSAGE][INFO] - Smart Wait Function is triggered

2021-11-23 09:50:44 - [MESSAGE][PASSED] - Method.TextDegerineEsitElementinAltindakiTextboxtaYaz is PASSED

2021-11-23 09:50:44 - [MESSAGE][PASSED] - Call Test Case 'Test Cases/Filtreler/BaslangicYaz' successfully

2021-11-23 09:50:44 - [MESSAGE][INFO] - Checking called Test Case

2021-11-23 09:50:44 - [MESSAGE][INFO] - Starting to call Test Case 'Test Cases/Filtreler/BitisYaz'

2021-11-23 09:50:44 - [TEST_CASE][PASSED] - Test Cases/Filtreler/BitisYaz: Test Cases/Filtreler/BitisYaz

2021-11-23 09:50:44 - [TEST_STEP][PASSED] - Method.TextDegerineEsitElementinAltindakineTikla(findTestObject("Filtreler/Basliklar"), findTestObject("Filtreler/Basliga_Gore_Bitis_Image"), Filtre_Adi): Method.TextDegerineEsitElementinAltindakineTikla is PASSED

2021-11-23 09:50:44 - [MESSAGE][INFO] - Finding Test Object 'Object Repository/Filtreler/Basliklar'

2021-11-23 09:50:44 - [MESSAGE][INFO] - Finding Test Object 'Object Repository/Filtreler/Basliga_Gore_Bitis_Image'

2021-11-23 09:50:45 - [MESSAGE][INFO] - Checking timeout

2021-11-23 09:50:45 - [MESSAGE][INFO] - Finding web element with id: 'Object Repository/Filtreler/Basliklar' located by 'By.cssSelector: .control-label.col-sm-4.paddingMarginRLC' in '10' second(s)

2021-11-23 09:50:45 - [MESSAGE][INFO] - Smart Wait Function is triggered

2021-11-23 09:50:45 - [MESSAGE][INFO] - Found 8 web elements with id: 'Object Repository/Filtreler/Basliklar' located by 'By.cssSelector: .control-label.col-sm-4.paddingMarginRLC' in '10' second(s)

2021-11-23 09:50:45 - [MESSAGE][INFO] - Smart Wait Function is triggered

2021-11-23 09:50:45 - [MESSAGE][PASSED] - Method.TextDegerineEsitElementinAltindakineTikla is PASSED

2021-11-23 09:50:45 - [TEST_STEP][PASSED] - Method.TextDegerineEsitElementinAltindakiTextboxtaYaz(findTestObject("Filtreler/Basliklar"), findTestObject("Object Repository/Filtreler/Basliga_Gore_Bitis"), Filtre_Adi, Filtre_Degeri): Method.TextDegerineEsitElementinAltindakiTextboxtaYaz is PASSED

2021-11-23 09:50:45 - [MESSAGE][INFO] - Finding Test Object 'Object Repository/Filtreler/Basliklar'

2021-11-23 09:50:45 - [MESSAGE][INFO] - Finding Test Object 'Object Repository/Filtreler/Basliga_Gore_Bitis'

2021-11-23 09:50:45 - [MESSAGE][INFO] - Checking timeout

2021-11-23 09:50:45 - [MESSAGE][INFO] - Finding web element with id: 'Object Repository/Filtreler/Basliklar' located by 'By.cssSelector: .control-label.col-sm-4.paddingMarginRLC' in '10' second(s)

2021-11-23 09:50:45 - [MESSAGE][INFO] - Smart Wait Function is triggered

2021-11-23 09:50:46 - [MESSAGE][INFO] - Found 8 web elements with id: 'Object Repository/Filtreler/Basliklar' located by 'By.cssSelector: .control-label.col-sm-4.paddingMarginRLC' in '10' second(s)

2021-11-23 09:50:46 - [MESSAGE][INFO] - Smart Wait Function is triggered

2021-11-23 09:50:46 - [MESSAGE][PASSED] - Method.TextDegerineEsitElementinAltindakiTextboxtaYaz is PASSED

2021-11-23 09:50:46 - [MESSAGE][PASSED] - Call Test Case 'Test Cases/Filtreler/BitisYaz' successfully

2021-11-23 09:50:46 - [MESSAGE][INFO] - Checking called Test Case

2021-11-23 09:50:46 - [MESSAGE][INFO] - Starting to call Test Case 'Test Cases/Filtreler/ButonaTikla'

2021-11-23 09:50:47 - [TEST_CASE][PASSED] - Test Cases/Filtreler/ButonaTikla: Test Cases/Filtreler/ButonaTikla

2021-11-23 09:50:47 - [TEST_STEP][PASSED] - Method.TextDegerineEsitElementeTikla(findTestObject("Filtreler/Butonlar"), Filtre_Buton): Method.TextDegerineEsitElementeTikla is PASSED

2021-11-23 09:50:47 - [MESSAGE][INFO] - Finding Test Object 'Object Repository/Filtreler/Butonlar'

2021-11-23 09:50:47 - [MESSAGE][INFO] - Checking timeout

2021-11-23 09:50:47 - [MESSAGE][INFO] - Finding web element with id: 'Object Repository/Filtreler/Butonlar' located by 'By.cssSelector: .dxb>span' in '10' second(s)

2021-11-23 09:50:47 - [MESSAGE][INFO] - Smart Wait Function is triggered

2021-11-23 09:50:47 - [MESSAGE][INFO] - Found 3 web elements with id: 'Object Repository/Filtreler/Butonlar' located by 'By.cssSelector: .dxb>span' in '10' second(s)

2021-11-23 09:50:47 - [MESSAGE][PASSED] - Method.TextDegerineEsitElementeTikla is PASSED

2021-11-23 09:50:47 - [MESSAGE][PASSED] - Call Test Case 'Test Cases/Filtreler/ButonaTikla' successfully

2021-11-23 09:50:47 - [MESSAGE][INFO] - Checking called Test Case

2021-11-23 09:50:47 - [MESSAGE][INFO] - Starting to call Test Case 'Test Cases/Tablo/TablodaVeriVarMi'

2021-11-23 09:50:47 - [TEST_CASE][PASSED] - Test Cases/Tablo/TablodaVeriVarMi: Test Cases/Tablo/TablodaVeriVarMi

2021-11-23 09:50:47 - [TEST_STEP][PASSED] - verifyTextNotPresent("Görüntülenecek veri yok", true): Text 'Görüntülenecek veri yok' is not present on page using regular expression

2021-11-23 09:50:47 - [MESSAGE][INFO] - Checking text present  using regular expression

2021-11-23 09:50:47 - [MESSAGE][INFO] - Smart Wait Function is triggered

2021-11-23 09:50:48 - [MESSAGE][INFO] - Finding text 'Görüntülenecek veri yok' on page  using regular expression

2021-11-23 09:50:48 - [MESSAGE][PASSED] - Text 'Görüntülenecek veri yok' is not present on page using regular expression

2021-11-23 09:50:48 - [MESSAGE][PASSED] - Call Test Case 'Test Cases/Tablo/TablodaVeriVarMi' successfully

2021-11-23 09:50:48 - [MESSAGE][INFO] - Checking called Test Case

2021-11-23 09:50:48 - [MESSAGE][INFO] - Starting to call Test Case 'Test Cases/Tablo/TablodanVeriSec'

2021-11-23 09:50:48 - [TEST_CASE][PASSED] - Test Cases/Tablo/TablodanVeriSec: Test Cases/Tablo/TablodanVeriSec

2021-11-23 09:50:48 - [TEST_STEP][PASSED] - Method.TextDegerineEsitElementinAltindakineTikla(findTestObject("Tablo/Veriler"), findTestObject("Tablo/VerininCheckBoxi"), Veri_Adi): Method.TextDegerineEsitElementinAltindakineTikla is PASSED

2021-11-23 09:50:48 - [MESSAGE][INFO] - Finding Test Object 'Object Repository/Tablo/Veriler'

2021-11-23 09:50:48 - [MESSAGE][INFO] - Finding Test Object 'Object Repository/Tablo/VerininCheckBoxi'

2021-11-23 09:50:48 - [MESSAGE][INFO] - Checking timeout

2021-11-23 09:50:48 - [MESSAGE][INFO] - Finding web element with id: 'Object Repository/Tablo/Veriler' located by 'By.cssSelector: td.dxgv b ,td.dxgv' in '10' second(s)

2021-11-23 09:50:48 - [MESSAGE][INFO] - Smart Wait Function is triggered

2021-11-23 09:50:49 - [MESSAGE][INFO] - Found 110 web elements with id: 'Object Repository/Tablo/Veriler' located by 'By.cssSelector: td.dxgv b ,td.dxgv' in '10' second(s)

2021-11-23 09:50:49 - [MESSAGE][INFO] - Smart Wait Function is triggered

2021-11-23 09:50:49 - [MESSAGE][PASSED] - Method.TextDegerineEsitElementinAltindakineTikla is PASSED

2021-11-23 09:50:49 - [MESSAGE][PASSED] - Call Test Case 'Test Cases/Tablo/TablodanVeriSec' successfully

2021-11-23 09:50:49 - [MESSAGE][INFO] - Checking called Test Case

2021-11-23 09:50:49 - [MESSAGE][INFO] - Starting to call Test Case 'Test Cases/Butonlar/ButonaTikla'

2021-11-23 09:50:50 - [TEST_CASE][PASSED] - Test Cases/Butonlar/ButonaTikla: Test Cases/Butonlar/ButonaTikla

2021-11-23 09:50:50 - [TEST_STEP][PASSED] - Method.TextDegerineEsitElementeTiklaEquals(findTestObject("Butonlar/Butonlar"), Buton_Adi): Method.TextDegerineEsitElementeTiklaEquals is PASSED

2021-11-23 09:50:50 - [MESSAGE][INFO] - Finding Test Object 'Object Repository/Butonlar/Butonlar'

2021-11-23 09:50:50 - [MESSAGE][INFO] - Checking timeout

2021-11-23 09:50:50 - [MESSAGE][INFO] - Finding web element with id: 'Object Repository/Butonlar/Butonlar' located by 'By.cssSelector: .panel.panel-default.text-center.footerPanel .btn,.btn.btn-primary.btnControls' in '10' second(s)

2021-11-23 09:50:50 - [MESSAGE][INFO] - Smart Wait Function is triggered

2021-11-23 09:50:50 - [MESSAGE][INFO] - Found 6 web elements with id: 'Object Repository/Butonlar/Butonlar' located by 'By.cssSelector: .panel.panel-default.text-center.footerPanel .btn,.btn.btn-primary.btnControls' in '10' second(s)

2021-11-23 09:50:50 - [MESSAGE][PASSED] - Method.TextDegerineEsitElementeTiklaEquals is PASSED

2021-11-23 09:50:50 - [MESSAGE][PASSED] - Call Test Case 'Test Cases/Butonlar/ButonaTikla' successfully

2021-11-23 09:50:50 - [MESSAGE][INFO] - Checking called Test Case

2021-11-23 09:50:50 - [MESSAGE][INFO] - Starting to call Test Case 'Test Cases/Sekmeler/YeniSekmeyeGec'

2021-11-23 09:50:50 - [TEST_CASE][PASSED] - Test Cases/Sekmeler/YeniSekmeyeGec: Test Cases/Sekmeler/YeniSekmeyeGec

2021-11-23 09:50:50 - [TEST_STEP][PASSED] - switchToWindowIndex(1): Switched to window with index: '1'

2021-11-23 09:50:50 - [MESSAGE][INFO] - Checking index

2021-11-23 09:50:50 - [MESSAGE][INFO] - Switching window with index: '1'

2021-11-23 09:50:50 - [MESSAGE][PASSED] - Switched to window with index: '1'

2021-11-23 09:50:50 - [MESSAGE][PASSED] - Call Test Case 'Test Cases/Sekmeler/YeniSekmeyeGec' successfully

2021-11-23 09:50:50 - [MESSAGE][INFO] - Checking called Test Case

2021-11-23 09:50:50 - [MESSAGE][INFO] - Starting to call Test Case 'Test Cases/Sekmeler/TagGeldiMi'

2021-11-23 09:50:50 - [TEST_CASE][PASSED] - Test Cases/Sekmeler/TagGeldiMi: Test Cases/Sekmeler/TagGeldiMi

2021-11-23 09:50:50 - [TEST_STEP][PASSED] - waitForElementPresent(findTestObject("Object Repository/Sekmeler/UBLTag"), 10): Object 'Object Repository/Sekmeler/UBLTag' is present

2021-11-23 09:50:50 - [MESSAGE][INFO] - Finding Test Object 'Object Repository/Sekmeler/UBLTag'

2021-11-23 09:50:50 - [MESSAGE][INFO] - Checking object

2021-11-23 09:50:50 - [MESSAGE][INFO] - Finding web element from Test Object's properties

2021-11-23 09:50:50 - [MESSAGE][INFO] - Checking timeout

2021-11-23 09:50:50 - [MESSAGE][INFO] - Finding web element with id: 'Object Repository/Sekmeler/UBLTag' located by 'By.cssSelector: #webkit-xml-viewer-source-xml>:first-child' in '10' second(s)

2021-11-23 09:50:50 - [MESSAGE][INFO] - Smart Wait Function is triggered

2021-11-23 09:50:50 - [MESSAGE][INFO] - Found 1 web elements with id: 'Object Repository/Sekmeler/UBLTag' located by 'By.cssSelector: #webkit-xml-viewer-source-xml>:first-child' in '10' second(s)

2021-11-23 09:50:50 - [MESSAGE][PASSED] - Object 'Object Repository/Sekmeler/UBLTag' is present

2021-11-23 09:50:50 - [TEST_STEP][PASSED] - println(toLowerCase().toString()): Found 1 web elements with id: 'Object Repository/Sekmeler/UBLTag' located by 'By.cssSelector: #webkit-xml-viewer-source-xml>:first-child' in '10' second(s)

2021-11-23 09:50:50 - [MESSAGE][INFO] - Finding Test Object 'Object Repository/Sekmeler/UBLTag'

2021-11-23 09:50:51 - [MESSAGE][INFO] - Finding web element from Test Object's properties

2021-11-23 09:50:51 - [MESSAGE][INFO] - Checking timeout

2021-11-23 09:50:51 - [MESSAGE][INFO] - Finding web element with id: 'Object Repository/Sekmeler/UBLTag' located by 'By.cssSelector: #webkit-xml-viewer-source-xml>:first-child' in '10' second(s)

2021-11-23 09:50:51 - [MESSAGE][INFO] - Smart Wait Function is triggered

2021-11-23 09:50:51 - [MESSAGE][INFO] - Found 1 web elements with id: 'Object Repository/Sekmeler/UBLTag' located by 'By.cssSelector: #webkit-xml-viewer-source-xml>:first-child' in '10' second(s)

2021-11-23 09:50:51 - [TEST_STEP][PASSED] - if (!(toString().contains(toString().toLowerCase()))): Found 1 web elements with id: 'Object Repository/Sekmeler/UBLTag' located by 'By.cssSelector: #webkit-xml-viewer-source-xml>:first-child' in '10' second(s)

2021-11-23 09:50:51 - [MESSAGE][INFO] - Finding Test Object 'Object Repository/Sekmeler/UBLTag'

2021-11-23 09:50:51 - [MESSAGE][INFO] - Finding web element from Test Object's properties

2021-11-23 09:50:51 - [MESSAGE][INFO] - Checking timeout

2021-11-23 09:50:51 - [MESSAGE][INFO] - Finding web element with id: 'Object Repository/Sekmeler/UBLTag' located by 'By.cssSelector: #webkit-xml-viewer-source-xml>:first-child' in '10' second(s)

2021-11-23 09:50:51 - [MESSAGE][INFO] - Smart Wait Function is triggered

2021-11-23 09:50:51 - [MESSAGE][INFO] - Found 1 web elements with id: 'Object Repository/Sekmeler/UBLTag' located by 'By.cssSelector: #webkit-xml-viewer-source-xml>:first-child' in '10' second(s)

2021-11-23 09:50:51 - [MESSAGE][PASSED] - Call Test Case 'Test Cases/Sekmeler/TagGeldiMi' successfully

2021-11-23 09:50:51 - [MESSAGE][INFO] - Checking called Test Case

2021-11-23 09:50:51 - [MESSAGE][INFO] - Starting to call Test Case 'Test Cases/Sekmeler/Ana_Sekmeye_Gec'

2021-11-23 09:50:51 - [TEST_CASE][PASSED] - Test Cases/Sekmeler/Ana_Sekmeye_Gec: Test Cases/Sekmeler/Ana_Sekmeye_Gec

2021-11-23 09:50:51 - [TEST_STEP][PASSED] - try: Window with index 1 is closed

2021-11-23 09:50:51 - [TEST_STEP][PASSED] - index = getWindowIndex(): Current window's index is: 1

2021-11-23 09:50:51 - [MESSAGE][INFO] - Getting current window's index

2021-11-23 09:50:51 - [MESSAGE][PASSED] - Current window's index is: 1

2021-11-23 09:50:51 - [TEST_STEP][PASSED] - closeWindowIndex(index): Window with index 1 is closed

2021-11-23 09:50:51 - [MESSAGE][INFO] - Checking index

2021-11-23 09:50:51 - [MESSAGE][INFO] - Closing window with index 1

2021-11-23 09:50:51 - [MESSAGE][PASSED] - Window with index 1 is closed

2021-11-23 09:50:51 - [TEST_STEP][PASSED] - switchToWindowIndex(0): Switched to window with index: '0'

2021-11-23 09:50:51 - [MESSAGE][INFO] - Checking index

2021-11-23 09:50:51 - [MESSAGE][INFO] - Switching window with index: '0'

2021-11-23 09:50:51 - [MESSAGE][PASSED] - Switched to window with index: '0'

2021-11-23 09:50:51 - [MESSAGE][PASSED] - Call Test Case 'Test Cases/Sekmeler/Ana_Sekmeye_Gec' successfully

2021-11-23 09:50:51 - [MESSAGE][INFO] - Checking called Test Case

2021-11-23 09:50:51 - [MESSAGE][INFO] - Starting to call Test Case 'Test Cases/Tablo/TablonunButonunaTikla'

2021-11-23 09:50:51 - [TEST_CASE][PASSED] - Test Cases/Tablo/TablonunButonunaTikla: Test Cases/Tablo/TablonunButonunaTikla

2021-11-23 09:50:51 - [TEST_STEP][PASSED] - Method.TextDegerineEsitElementinAltindakiTextDegerineEsitOlanaTikla(findTestObject("Tablo/Veriler"), findTestObject("Tablo/VerininButonu"), Veri, Buton_Adi): Method.TextDegerineEsitElementinAltindakiTextDegerineEsitOlanaTikla is PASSED

2021-11-23 09:50:51 - [MESSAGE][INFO] - Finding Test Object 'Object Repository/Tablo/Veriler'

2021-11-23 09:50:51 - [MESSAGE][INFO] - Finding Test Object 'Object Repository/Tablo/VerininButonu'

2021-11-23 09:50:51 - [MESSAGE][INFO] - Checking timeout

2021-11-23 09:50:51 - [MESSAGE][INFO] - Finding web element with id: 'Object Repository/Tablo/Veriler' located by 'By.cssSelector: td.dxgv b ,td.dxgv' in '10' second(s)

2021-11-23 09:50:51 - [MESSAGE][INFO] - Smart Wait Function is triggered

2021-11-23 09:50:52 - [MESSAGE][INFO] - Found 110 web elements with id: 'Object Repository/Tablo/Veriler' located by 'By.cssSelector: td.dxgv b ,td.dxgv' in '10' second(s)

2021-11-23 09:50:52 - [MESSAGE][INFO] - Smart Wait Function is triggered

2021-11-23 09:50:52 - [MESSAGE][PASSED] - Method.TextDegerineEsitElementinAltindakiTextDegerineEsitOlanaTikla is PASSED

2021-11-23 09:50:52 - [MESSAGE][PASSED] - Call Test Case 'Test Cases/Tablo/TablonunButonunaTikla' successfully

2021-11-23 09:50:52 - [MESSAGE][INFO] - Checking called Test Case

2021-11-23 09:50:52 - [MESSAGE][INFO] - Starting to call Test Case 'Test Cases/Sekmeler/YeniSekmeyeGec'

2021-11-23 09:50:53 - [TEST_CASE][PASSED] - Test Cases/Sekmeler/YeniSekmeyeGec: Test Cases/Sekmeler/YeniSekmeyeGec

2021-11-23 09:50:53 - [TEST_STEP][PASSED] - switchToWindowIndex(1): Switched to window with index: '1'

2021-11-23 09:50:53 - [MESSAGE][INFO] - Checking index

2021-11-23 09:50:53 - [MESSAGE][INFO] - Switching window with index: '1'

2021-11-23 09:50:53 - [MESSAGE][PASSED] - Switched to window with index: '1'

2021-11-23 09:50:53 - [MESSAGE][PASSED] - Call Test Case 'Test Cases/Sekmeler/YeniSekmeyeGec' successfully

2021-11-23 09:50:53 - [MESSAGE][INFO] - Checking called Test Case

2021-11-23 09:50:53 - [MESSAGE][INFO] - Starting to call Test Case 'Test Cases/Tablo/TablodaVeriVarMi'

2021-11-23 09:50:53 - [TEST_CASE][PASSED] - Test Cases/Tablo/TablodaVeriVarMi: Test Cases/Tablo/TablodaVeriVarMi

2021-11-23 09:50:53 - [TEST_STEP][PASSED] - verifyTextNotPresent("Görüntülenecek veri yok", true): Text 'Görüntülenecek veri yok' is not present on page using regular expression

2021-11-23 09:50:53 - [MESSAGE][INFO] - Checking text present  using regular expression

2021-11-23 09:50:53 - [MESSAGE][INFO] - Smart Wait Function is triggered

2021-11-23 09:50:54 - [MESSAGE][INFO] - Finding text 'Görüntülenecek veri yok' on page  using regular expression

2021-11-23 09:50:54 - [MESSAGE][PASSED] - Text 'Görüntülenecek veri yok' is not present on page using regular expression

2021-11-23 09:50:54 - [MESSAGE][PASSED] - Call Test Case 'Test Cases/Tablo/TablodaVeriVarMi' successfully

2021-11-23 09:50:54 - [MESSAGE][INFO] - Checking called Test Case

2021-11-23 09:50:54 - [MESSAGE][INFO] - Starting to call Test Case 'Test Cases/Sekmeler/Ana_Sekmeye_Gec'

2021-11-23 09:50:54 - [TEST_CASE][PASSED] - Test Cases/Sekmeler/Ana_Sekmeye_Gec: Test Cases/Sekmeler/Ana_Sekmeye_Gec

2021-11-23 09:50:54 - [TEST_STEP][PASSED] - try: Window with index 1 is closed

2021-11-23 09:50:54 - [TEST_STEP][PASSED] - index = getWindowIndex(): Current window's index is: 1

2021-11-23 09:50:55 - [MESSAGE][INFO] - Getting current window's index

2021-11-23 09:50:55 - [MESSAGE][PASSED] - Current window's index is: 1

2021-11-23 09:50:55 - [TEST_STEP][PASSED] - closeWindowIndex(index): Window with index 1 is closed

2021-11-23 09:50:55 - [MESSAGE][INFO] - Checking index

2021-11-23 09:50:55 - [MESSAGE][INFO] - Closing window with index 1

2021-11-23 09:50:55 - [MESSAGE][PASSED] - Window with index 1 is closed

2021-11-23 09:50:55 - [TEST_STEP][PASSED] - switchToWindowIndex(0): Switched to window with index: '0'

2021-11-23 09:50:55 - [MESSAGE][INFO] - Checking index

2021-11-23 09:50:55 - [MESSAGE][INFO] - Switching window with index: '0'

2021-11-23 09:50:55 - [MESSAGE][PASSED] - Switched to window with index: '0'

2021-11-23 09:50:55 - [MESSAGE][PASSED] - Call Test Case 'Test Cases/Sekmeler/Ana_Sekmeye_Gec' successfully

2021-11-23 09:50:55 - [MESSAGE][INFO] - Checking called Test Case

2021-11-23 09:50:55 - [MESSAGE][INFO] - Starting to call Test Case 'Test Cases/Butonlar/ButonaTikla'

2021-11-23 09:50:55 - [TEST_CASE][PASSED] - Test Cases/Butonlar/ButonaTikla: Test Cases/Butonlar/ButonaTikla

2021-11-23 09:50:55 - [TEST_STEP][PASSED] - Method.TextDegerineEsitElementeTiklaEquals(findTestObject("Butonlar/Butonlar"), Buton_Adi): Method.TextDegerineEsitElementeTiklaEquals is PASSED

2021-11-23 09:50:55 - [MESSAGE][INFO] - Finding Test Object 'Object Repository/Butonlar/Butonlar'

2021-11-23 09:50:55 - [MESSAGE][INFO] - Checking timeout

2021-11-23 09:50:55 - [MESSAGE][INFO] - Finding web element with id: 'Object Repository/Butonlar/Butonlar' located by 'By.cssSelector: .panel.panel-default.text-center.footerPanel .btn,.btn.btn-primary.btnControls' in '10' second(s)

2021-11-23 09:50:55 - [MESSAGE][INFO] - Smart Wait Function is triggered

2021-11-23 09:50:55 - [MESSAGE][INFO] - Found 6 web elements with id: 'Object Repository/Butonlar/Butonlar' located by 'By.cssSelector: .panel.panel-default.text-center.footerPanel .btn,.btn.btn-primary.btnControls' in '10' second(s)

2021-11-23 09:50:55 - [MESSAGE][PASSED] - Method.TextDegerineEsitElementeTiklaEquals is PASSED

2021-11-23 09:50:55 - [MESSAGE][PASSED] - Call Test Case 'Test Cases/Butonlar/ButonaTikla' successfully

2021-11-23 09:50:55 - [MESSAGE][INFO] - Checking called Test Case

2021-11-23 09:50:55 - [MESSAGE][INFO] - Starting to call Test Case 'Test Cases/Butonlar/AltButonaTikla'

2021-11-23 09:50:55 - [TEST_CASE][PASSED] - Test Cases/Butonlar/AltButonaTikla: Test Cases/Butonlar/AltButonaTikla

2021-11-23 09:50:55 - [TEST_STEP][PASSED] - Method.TextDegerineEsitElementeTikla(findTestObject("Butonlar/AltButonlar"), Alt_Buton): Method.TextDegerineEsitElementeTikla is PASSED

2021-11-23 09:50:55 - [MESSAGE][INFO] - Finding Test Object 'Object Repository/Butonlar/AltButonlar'

2021-11-23 09:50:55 - [MESSAGE][INFO] - Checking timeout

2021-11-23 09:50:55 - [MESSAGE][INFO] - Finding web element with id: 'Object Repository/Butonlar/AltButonlar' located by 'By.cssSelector: .btn-group.open li>a' in '10' second(s)

2021-11-23 09:50:55 - [MESSAGE][INFO] - Smart Wait Function is triggered

2021-11-23 09:50:56 - [MESSAGE][INFO] - Found 1 web elements with id: 'Object Repository/Butonlar/AltButonlar' located by 'By.cssSelector: .btn-group.open li>a' in '10' second(s)

2021-11-23 09:50:56 - [MESSAGE][PASSED] - Method.TextDegerineEsitElementeTikla is PASSED

2021-11-23 09:50:56 - [MESSAGE][PASSED] - Call Test Case 'Test Cases/Butonlar/AltButonaTikla' successfully

2021-11-23 09:50:56 - [MESSAGE][INFO] - Checking called Test Case

2021-11-23 09:50:56 - [MESSAGE][INFO] - Starting to call Test Case 'Test Cases/Butonlar/DosyaIndirildiMi'

2021-11-23 09:50:56 - [TEST_CASE][PASSED] - Test Cases/Butonlar/DosyaIndirildiMi: Test Cases/Butonlar/DosyaIndirildiMi

2021-11-23 09:50:56 - [TEST_STEP][PASSED] - Method.isimliDosyaIndirildiMi(DownloadFile, FileName): Method.isimliDosyaIndirildiMi is PASSED

2021-11-23 09:50:56 - [MESSAGE][INFO] - Delaying browser in 3 second(s)

2021-11-23 09:50:59 - [MESSAGE][PASSED] - Delayed 3 second(s)

2021-11-23 09:50:59 - [MESSAGE][PASSED] - Method.isimliDosyaIndirildiMi is PASSED

2021-11-23 09:50:59 - [MESSAGE][PASSED] - Call Test Case 'Test Cases/Butonlar/DosyaIndirildiMi' successfully

2021-11-23 09:50:59 - [MESSAGE][INFO] - Checking called Test Case

2021-11-23 09:50:59 - [MESSAGE][INFO] - Starting to call Test Case 'Test Cases/Butonlar/ButonaTikla'

2021-11-23 09:50:59 - [TEST_CASE][PASSED] - Test Cases/Butonlar/ButonaTikla: Test Cases/Butonlar/ButonaTikla

2021-11-23 09:50:59 - [TEST_STEP][PASSED] - Method.TextDegerineEsitElementeTiklaEquals(findTestObject("Butonlar/Butonlar"), Buton_Adi): Method.TextDegerineEsitElementeTiklaEquals is PASSED

2021-11-23 09:50:59 - [MESSAGE][INFO] - Finding Test Object 'Object Repository/Butonlar/Butonlar'

2021-11-23 09:50:59 - [MESSAGE][INFO] - Checking timeout

2021-11-23 09:50:59 - [MESSAGE][INFO] - Finding web element with id: 'Object Repository/Butonlar/Butonlar' located by 'By.cssSelector: .panel.panel-default.text-center.footerPanel .btn,.btn.btn-primary.btnControls' in '10' second(s)

2021-11-23 09:50:59 - [MESSAGE][INFO] - Smart Wait Function is triggered

2021-11-23 09:51:00 - [MESSAGE][INFO] - Found 6 web elements with id: 'Object Repository/Butonlar/Butonlar' located by 'By.cssSelector: .panel.panel-default.text-center.footerPanel .btn,.btn.btn-primary.btnControls' in '10' second(s)

2021-11-23 09:51:00 - [MESSAGE][PASSED] - Method.TextDegerineEsitElementeTiklaEquals is PASSED

2021-11-23 09:51:00 - [MESSAGE][PASSED] - Call Test Case 'Test Cases/Butonlar/ButonaTikla' successfully

2021-11-23 09:51:00 - [MESSAGE][INFO] - Checking called Test Case

2021-11-23 09:51:00 - [MESSAGE][INFO] - Starting to call Test Case 'Test Cases/Butonlar/AltButonaTikla'

2021-11-23 09:51:00 - [TEST_CASE][PASSED] - Test Cases/Butonlar/AltButonaTikla: Test Cases/Butonlar/AltButonaTikla

2021-11-23 09:51:00 - [TEST_STEP][PASSED] - Method.TextDegerineEsitElementeTikla(findTestObject("Butonlar/AltButonlar"), Alt_Buton): Method.TextDegerineEsitElementeTikla is PASSED

2021-11-23 09:51:00 - [MESSAGE][INFO] - Finding Test Object 'Object Repository/Butonlar/AltButonlar'

2021-11-23 09:51:00 - [MESSAGE][INFO] - Checking timeout

2021-11-23 09:51:00 - [MESSAGE][INFO] - Finding web element with id: 'Object Repository/Butonlar/AltButonlar' located by 'By.cssSelector: .btn-group.open li>a' in '10' second(s)

2021-11-23 09:51:00 - [MESSAGE][INFO] - Smart Wait Function is triggered

2021-11-23 09:51:00 - [MESSAGE][INFO] - Found 2 web elements with id: 'Object Repository/Butonlar/AltButonlar' located by 'By.cssSelector: .btn-group.open li>a' in '10' second(s)

2021-11-23 09:51:00 - [MESSAGE][PASSED] - Method.TextDegerineEsitElementeTikla is PASSED

2021-11-23 09:51:00 - [MESSAGE][PASSED] - Call Test Case 'Test Cases/Butonlar/AltButonaTikla' successfully

2021-11-23 09:51:00 - [MESSAGE][INFO] - Checking called Test Case

2021-11-23 09:51:00 - [MESSAGE][INFO] - Starting to call Test Case 'Test Cases/Popup/PopupMesajiIceriyorMu'

2021-11-23 09:51:00 - [TEST_CASE][PASSED] - Test Cases/Popup/PopupMesajiIceriyorMu: Test Cases/Popup/PopupMesajiIceriyorMu

2021-11-23 09:51:00 - [TEST_STEP][PASSED] - waitForElementVisible(findTestObject("Popup/Popup"), 10): Object 'Object Repository/Popup/Popup' is visible

2021-11-23 09:51:00 - [MESSAGE][INFO] - Finding Test Object 'Object Repository/Popup/Popup'

2021-11-23 09:51:00 - [MESSAGE][INFO] - Checking object

2021-11-23 09:51:00 - [MESSAGE][INFO] - Checking timeout

2021-11-23 09:51:00 - [MESSAGE][INFO] - Finding web element from Test Object's properties

2021-11-23 09:51:00 - [MESSAGE][INFO] - Checking timeout

2021-11-23 09:51:00 - [MESSAGE][INFO] - Finding web element with id: 'Object Repository/Popup/Popup' located by 'By.cssSelector: .bootbox-body' in '10' second(s)

2021-11-23 09:51:00 - [MESSAGE][INFO] - Smart Wait Function is triggered

2021-11-23 09:51:01 - [MESSAGE][INFO] - Found 1 web elements with id: 'Object Repository/Popup/Popup' located by 'By.cssSelector: .bootbox-body' in '10' second(s)

2021-11-23 09:51:01 - [MESSAGE][PASSED] - Object 'Object Repository/Popup/Popup' is visible

2021-11-23 09:51:01 - [TEST_STEP][PASSED] - if (!(getText(findTestObject("Popup/Popup")).contains(Mesaj))): Text of object 'Object Repository/Popup/Popup' is: 'Lütfen rapor bildiriminin gönderileceği e-posta adresini belirtiniz.
e-Posta Adresi'

2021-11-23 09:51:01 - [MESSAGE][INFO] - Finding Test Object 'Object Repository/Popup/Popup'

2021-11-23 09:51:01 - [MESSAGE][INFO] - Checking object

2021-11-23 09:51:01 - [MESSAGE][INFO] - Finding web element from Test Object's properties

2021-11-23 09:51:01 - [MESSAGE][INFO] - Checking timeout

2021-11-23 09:51:01 - [MESSAGE][INFO] - Finding web element with id: 'Object Repository/Popup/Popup' located by 'By.cssSelector: .bootbox-body' in '30' second(s)

2021-11-23 09:51:01 - [MESSAGE][INFO] - Smart Wait Function is triggered

2021-11-23 09:51:02 - [MESSAGE][INFO] - Found 1 web elements with id: 'Object Repository/Popup/Popup' located by 'By.cssSelector: .bootbox-body' in '30' second(s)

2021-11-23 09:51:02 - [MESSAGE][INFO] - Getting text of object 'Object Repository/Popup/Popup'

2021-11-23 09:51:02 - [MESSAGE][PASSED] - Text of object 'Object Repository/Popup/Popup' is: 'Lütfen rapor bildiriminin gönderileceği e-posta adresini belirtiniz.
e-Posta Adresi'

2021-11-23 09:51:02 - [TEST_STEP][PASSED] - RaporNo = getText(findTestObject("Popup/Popup")).substring(0, 6): Text of object 'Object Repository/Popup/Popup' is: 'Lütfen rapor bildiriminin gönderileceği e-posta adresini belirtiniz.
e-Posta Adresi'

2021-11-23 09:51:02 - [MESSAGE][INFO] - Finding Test Object 'Object Repository/Popup/Popup'

2021-11-23 09:51:02 - [MESSAGE][INFO] - Checking object

2021-11-23 09:51:02 - [MESSAGE][INFO] - Finding web element from Test Object's properties

2021-11-23 09:51:02 - [MESSAGE][INFO] - Checking timeout

2021-11-23 09:51:02 - [MESSAGE][INFO] - Finding web element with id: 'Object Repository/Popup/Popup' located by 'By.cssSelector: .bootbox-body' in '30' second(s)

2021-11-23 09:51:02 - [MESSAGE][INFO] - Smart Wait Function is triggered

2021-11-23 09:51:02 - [MESSAGE][INFO] - Found 1 web elements with id: 'Object Repository/Popup/Popup' located by 'By.cssSelector: .bootbox-body' in '30' second(s)

2021-11-23 09:51:02 - [MESSAGE][INFO] - Getting text of object 'Object Repository/Popup/Popup'

2021-11-23 09:51:02 - [MESSAGE][PASSED] - Text of object 'Object Repository/Popup/Popup' is: 'Lütfen rapor bildiriminin gönderileceği e-posta adresini belirtiniz.
e-Posta Adresi'

2021-11-23 09:51:02 - [TEST_STEP][PASSED] - Console.println(RaporNo): null

2021-11-23 09:51:02 - [MESSAGE][PASSED] - Call Test Case 'Test Cases/Popup/PopupMesajiIceriyorMu' successfully

2021-11-23 09:51:02 - [MESSAGE][INFO] - Checking called Test Case

2021-11-23 09:51:02 - [MESSAGE][INFO] - Starting to call Test Case 'Test Cases/Popup/PopupaEmailEklenir'

2021-11-23 09:51:02 - [TEST_CASE][PASSED] - Test Cases/Popup/PopupaEmailEklenir: Test Cases/Popup/PopupaEmailEklenir

2021-11-23 09:51:02 - [TEST_STEP][PASSED] - clearText(findTestObject("Popup/EmailText")): Text of object 'Object Repository/Popup/EmailText' is cleared

2021-11-23 09:51:02 - [MESSAGE][INFO] - Finding Test Object 'Object Repository/Popup/EmailText'

2021-11-23 09:51:02 - [MESSAGE][INFO] - Checking object

2021-11-23 09:51:02 - [MESSAGE][INFO] - Finding web element from Test Object's properties

2021-11-23 09:51:02 - [MESSAGE][INFO] - Checking timeout

2021-11-23 09:51:02 - [MESSAGE][INFO] - Finding web element with id: 'Object Repository/Popup/EmailText' located by 'By.xpath: //*[@id="eMails"]' in '30' second(s)

2021-11-23 09:51:02 - [MESSAGE][INFO] - Smart Wait Function is triggered

2021-11-23 09:51:03 - [MESSAGE][INFO] - Found 1 web elements with id: 'Object Repository/Popup/EmailText' located by 'By.xpath: //*[@id="eMails"]' in '30' second(s)

2021-11-23 09:51:03 - [MESSAGE][INFO] - Clearing text of object 'Object Repository/Popup/EmailText'

2021-11-23 09:51:03 - [MESSAGE][PASSED] - Text of object 'Object Repository/Popup/EmailText' is cleared

2021-11-23 09:51:03 - [TEST_STEP][PASSED] - sendKeys(findTestObject("Popup/EmailText"), Email): Keys 'elogotest@gmail.com;ali.kara@logo.com.tr' sent to object: 'Object Repository/Popup/EmailText'

2021-11-23 09:51:03 - [MESSAGE][INFO] - Finding Test Object 'Object Repository/Popup/EmailText'

2021-11-23 09:51:03 - [MESSAGE][INFO] - Sending keys 'elogotest@gmail.com;ali.kara@logo.com.tr' to object: 'Object Repository/Popup/EmailText'

2021-11-23 09:51:03 - [MESSAGE][INFO] - Finding web element from Test Object's properties

2021-11-23 09:51:03 - [MESSAGE][INFO] - Checking timeout

2021-11-23 09:51:03 - [MESSAGE][INFO] - Finding web element with id: 'Object Repository/Popup/EmailText' located by 'By.xpath: //*[@id="eMails"]' in '30' second(s)

2021-11-23 09:51:03 - [MESSAGE][INFO] - Smart Wait Function is triggered

2021-11-23 09:51:03 - [MESSAGE][INFO] - Found 1 web elements with id: 'Object Repository/Popup/EmailText' located by 'By.xpath: //*[@id="eMails"]' in '30' second(s)

2021-11-23 09:51:03 - [MESSAGE][PASSED] - Keys 'elogotest@gmail.com;ali.kara@logo.com.tr' sent to object: 'Object Repository/Popup/EmailText'

2021-11-23 09:51:03 - [MESSAGE][PASSED] - Call Test Case 'Test Cases/Popup/PopupaEmailEklenir' successfully

2021-11-23 09:51:03 - [MESSAGE][INFO] - Checking called Test Case

2021-11-23 09:51:03 - [MESSAGE][INFO] - Starting to call Test Case 'Test Cases/Popup/PopupButonSecilir'

2021-11-23 09:51:03 - [TEST_CASE][PASSED] - Test Cases/Popup/PopupButonSecilir: Test Cases/Popup/PopupButonSecilir

2021-11-23 09:51:03 - [TEST_STEP][PASSED] - Method.TextDegerineEsitElementeTikla(findTestObject("Popup/Popup_Butons"), Buton): Method.TextDegerineEsitElementeTikla is PASSED

2021-11-23 09:51:03 - [MESSAGE][INFO] - Finding Test Object 'Object Repository/Popup/Popup_Butons'

2021-11-23 09:51:03 - [MESSAGE][INFO] - Checking timeout

2021-11-23 09:51:03 - [MESSAGE][INFO] - Finding web element with id: 'Object Repository/Popup/Popup_Butons' located by 'By.cssSelector: .modal-footer>button' in '10' second(s)

2021-11-23 09:51:03 - [MESSAGE][INFO] - Smart Wait Function is triggered

2021-11-23 09:51:04 - [MESSAGE][INFO] - Found 2 web elements with id: 'Object Repository/Popup/Popup_Butons' located by 'By.cssSelector: .modal-footer>button' in '10' second(s)

2021-11-23 09:51:04 - [MESSAGE][PASSED] - Method.TextDegerineEsitElementeTikla is PASSED

2021-11-23 09:51:04 - [MESSAGE][PASSED] - Call Test Case 'Test Cases/Popup/PopupButonSecilir' successfully

2021-11-23 09:51:04 - [MESSAGE][INFO] - Checking called Test Case

2021-11-23 09:51:04 - [MESSAGE][INFO] - Starting to call Test Case 'Test Cases/Popup/PopupMesajiIceriyorMu'

2021-11-23 09:51:04 - [TEST_CASE][PASSED] - Test Cases/Popup/PopupMesajiIceriyorMu: Test Cases/Popup/PopupMesajiIceriyorMu

2021-11-23 09:51:04 - [TEST_STEP][PASSED] - waitForElementVisible(findTestObject("Popup/Popup"), 10): Object 'Object Repository/Popup/Popup' is visible

2021-11-23 09:51:04 - [MESSAGE][INFO] - Finding Test Object 'Object Repository/Popup/Popup'

2021-11-23 09:51:04 - [MESSAGE][INFO] - Checking object

2021-11-23 09:51:04 - [MESSAGE][INFO] - Checking timeout

2021-11-23 09:51:04 - [MESSAGE][INFO] - Finding web element from Test Object's properties

2021-11-23 09:51:04 - [MESSAGE][INFO] - Checking timeout

2021-11-23 09:51:04 - [MESSAGE][INFO] - Finding web element with id: 'Object Repository/Popup/Popup' located by 'By.cssSelector: .bootbox-body' in '10' second(s)

2021-11-23 09:51:04 - [MESSAGE][INFO] - Smart Wait Function is triggered

2021-11-23 09:51:04 - [MESSAGE][INFO] - Found 1 web elements with id: 'Object Repository/Popup/Popup' located by 'By.cssSelector: .bootbox-body' in '10' second(s)

2021-11-23 09:51:04 - [MESSAGE][PASSED] - Object 'Object Repository/Popup/Popup' is visible

2021-11-23 09:51:05 - [TEST_STEP][PASSED] - if (!(getText(findTestObject("Popup/Popup")).contains(Mesaj))): Text of object 'Object Repository/Popup/Popup' is: '17621 no’lu talebiniz işleme alınmıştır. Raporunuz hazırlandığında (elogotest@gmail.com;ali.kara@logo.com.tr) adresinize mail gönderilecektir.
Rapor durumunuzu Raporlar > Toplu Veri İndirme ekranından takip edebilir, hazırlandı durumundaki raporlarınızı ilgili menüden indirebilirsiniz.'

2021-11-23 09:51:05 - [MESSAGE][INFO] - Finding Test Object 'Object Repository/Popup/Popup'

2021-11-23 09:51:05 - [MESSAGE][INFO] - Checking object

2021-11-23 09:51:05 - [MESSAGE][INFO] - Finding web element from Test Object's properties

2021-11-23 09:51:05 - [MESSAGE][INFO] - Checking timeout

2021-11-23 09:51:05 - [MESSAGE][INFO] - Finding web element with id: 'Object Repository/Popup/Popup' located by 'By.cssSelector: .bootbox-body' in '30' second(s)

2021-11-23 09:51:05 - [MESSAGE][INFO] - Smart Wait Function is triggered

2021-11-23 09:51:05 - [MESSAGE][INFO] - Found 1 web elements with id: 'Object Repository/Popup/Popup' located by 'By.cssSelector: .bootbox-body' in '30' second(s)

2021-11-23 09:51:05 - [MESSAGE][INFO] - Getting text of object 'Object Repository/Popup/Popup'

2021-11-23 09:51:05 - [MESSAGE][PASSED] - Text of object 'Object Repository/Popup/Popup' is: '17621 no’lu talebiniz işleme alınmıştır. Raporunuz hazırlandığında (elogotest@gmail.com;ali.kara@logo.com.tr) adresinize mail gönderilecektir.
Rapor durumunuzu Raporlar > Toplu Veri İndirme ekranından takip edebilir, hazırlandı durumundaki raporlarınızı ilgili menüden indirebilirsiniz.'

2021-11-23 09:51:05 - [TEST_STEP][PASSED] - RaporNo = getText(findTestObject("Popup/Popup")).substring(0, 6): Text of object 'Object Repository/Popup/Popup' is: '17621 no’lu talebiniz işleme alınmıştır. Raporunuz hazırlandığında (elogotest@gmail.com;ali.kara@logo.com.tr) adresinize mail gönderilecektir.
Rapor durumunuzu Raporlar > Toplu Veri İndirme ekranından takip edebilir, hazırlandı durumundaki raporlarınızı ilgili menüden indirebilirsiniz.'

2021-11-23 09:51:05 - [MESSAGE][INFO] - Finding Test Object 'Object Repository/Popup/Popup'

2021-11-23 09:51:05 - [MESSAGE][INFO] - Checking object

2021-11-23 09:51:05 - [MESSAGE][INFO] - Finding web element from Test Object's properties

2021-11-23 09:51:05 - [MESSAGE][INFO] - Checking timeout

2021-11-23 09:51:05 - [MESSAGE][INFO] - Finding web element with id: 'Object Repository/Popup/Popup' located by 'By.cssSelector: .bootbox-body' in '30' second(s)

2021-11-23 09:51:05 - [MESSAGE][INFO] - Smart Wait Function is triggered

2021-11-23 09:51:05 - [MESSAGE][INFO] - Found 1 web elements with id: 'Object Repository/Popup/Popup' located by 'By.cssSelector: .bootbox-body' in '30' second(s)

2021-11-23 09:51:05 - [MESSAGE][INFO] - Getting text of object 'Object Repository/Popup/Popup'

2021-11-23 09:51:05 - [MESSAGE][PASSED] - Text of object 'Object Repository/Popup/Popup' is: '17621 no’lu talebiniz işleme alınmıştır. Raporunuz hazırlandığında (elogotest@gmail.com;ali.kara@logo.com.tr) adresinize mail gönderilecektir.
Rapor durumunuzu Raporlar > Toplu Veri İndirme ekranından takip edebilir, hazırlandı durumundaki raporlarınızı ilgili menüden indirebilirsiniz.'

2021-11-23 09:51:05 - [TEST_STEP][PASSED] - Console.println(RaporNo): null

2021-11-23 09:51:05 - [MESSAGE][PASSED] - Call Test Case 'Test Cases/Popup/PopupMesajiIceriyorMu' successfully

2021-11-23 09:51:05 - [MESSAGE][INFO] - Checking called Test Case

2021-11-23 09:51:05 - [MESSAGE][INFO] - Starting to call Test Case 'Test Cases/Popup/PopupButonSecilir'

2021-11-23 09:51:05 - [TEST_CASE][PASSED] - Test Cases/Popup/PopupButonSecilir: Test Cases/Popup/PopupButonSecilir

2021-11-23 09:51:05 - [TEST_STEP][PASSED] - Method.TextDegerineEsitElementeTikla(findTestObject("Popup/Popup_Butons"), Buton): Method.TextDegerineEsitElementeTikla is PASSED

2021-11-23 09:51:05 - [MESSAGE][INFO] - Finding Test Object 'Object Repository/Popup/Popup_Butons'

2021-11-23 09:51:05 - [MESSAGE][INFO] - Checking timeout

2021-11-23 09:51:05 - [MESSAGE][INFO] - Finding web element with id: 'Object Repository/Popup/Popup_Butons' located by 'By.cssSelector: .modal-footer>button' in '10' second(s)

2021-11-23 09:51:05 - [MESSAGE][INFO] - Smart Wait Function is triggered

2021-11-23 09:51:06 - [MESSAGE][INFO] - Found 1 web elements with id: 'Object Repository/Popup/Popup_Butons' located by 'By.cssSelector: .modal-footer>button' in '10' second(s)

2021-11-23 09:51:06 - [MESSAGE][PASSED] - Method.TextDegerineEsitElementeTikla is PASSED

2021-11-23 09:51:06 - [MESSAGE][PASSED] - Call Test Case 'Test Cases/Popup/PopupButonSecilir' successfully

2021-11-23 09:51:06 - [MESSAGE][INFO] - Checking called Test Case

2021-11-23 09:51:06 - [MESSAGE][INFO] - Starting to call Test Case 'Test Cases/Butonlar/ButonaTikla'

2021-11-23 09:51:06 - [TEST_CASE][PASSED] - Test Cases/Butonlar/ButonaTikla: Test Cases/Butonlar/ButonaTikla

2021-11-23 09:51:06 - [TEST_STEP][PASSED] - Method.TextDegerineEsitElementeTiklaEquals(findTestObject("Butonlar/Butonlar"), Buton_Adi): Method.TextDegerineEsitElementeTiklaEquals is PASSED

2021-11-23 09:51:06 - [MESSAGE][INFO] - Finding Test Object 'Object Repository/Butonlar/Butonlar'

2021-11-23 09:51:06 - [MESSAGE][INFO] - Checking timeout

2021-11-23 09:51:06 - [MESSAGE][INFO] - Finding web element with id: 'Object Repository/Butonlar/Butonlar' located by 'By.cssSelector: .panel.panel-default.text-center.footerPanel .btn,.btn.btn-primary.btnControls' in '10' second(s)

2021-11-23 09:51:06 - [MESSAGE][INFO] - Smart Wait Function is triggered

2021-11-23 09:51:07 - [MESSAGE][INFO] - Found 6 web elements with id: 'Object Repository/Butonlar/Butonlar' located by 'By.cssSelector: .panel.panel-default.text-center.footerPanel .btn,.btn.btn-primary.btnControls' in '10' second(s)

2021-11-23 09:51:07 - [MESSAGE][PASSED] - Method.TextDegerineEsitElementeTiklaEquals is PASSED

2021-11-23 09:51:07 - [MESSAGE][PASSED] - Call Test Case 'Test Cases/Butonlar/ButonaTikla' successfully

2021-11-23 09:51:07 - [MESSAGE][INFO] - Checking called Test Case

2021-11-23 09:51:07 - [MESSAGE][INFO] - Starting to call Test Case 'Test Cases/Butonlar/AltButonaTikla'

2021-11-23 09:51:07 - [TEST_CASE][PASSED] - Test Cases/Butonlar/AltButonaTikla: Test Cases/Butonlar/AltButonaTikla

2021-11-23 09:51:07 - [TEST_STEP][PASSED] - Method.TextDegerineEsitElementeTikla(findTestObject("Butonlar/AltButonlar"), Alt_Buton): Method.TextDegerineEsitElementeTikla is PASSED

2021-11-23 09:51:07 - [MESSAGE][INFO] - Finding Test Object 'Object Repository/Butonlar/AltButonlar'

2021-11-23 09:51:07 - [MESSAGE][INFO] - Checking timeout

2021-11-23 09:51:07 - [MESSAGE][INFO] - Finding web element with id: 'Object Repository/Butonlar/AltButonlar' located by 'By.cssSelector: .btn-group.open li>a' in '10' second(s)

2021-11-23 09:51:07 - [MESSAGE][INFO] - Smart Wait Function is triggered

2021-11-23 09:51:07 - [MESSAGE][INFO] - Found 2 web elements with id: 'Object Repository/Butonlar/AltButonlar' located by 'By.cssSelector: .btn-group.open li>a' in '10' second(s)

2021-11-23 09:51:07 - [MESSAGE][PASSED] - Method.TextDegerineEsitElementeTikla is PASSED

2021-11-23 09:51:07 - [MESSAGE][PASSED] - Call Test Case 'Test Cases/Butonlar/AltButonaTikla' successfully

2021-11-23 09:51:07 - [MESSAGE][INFO] - Checking called Test Case

2021-11-23 09:51:07 - [MESSAGE][INFO] - Starting to call Test Case 'Test Cases/Popup/PopupMesajiIceriyorMu'

2021-11-23 09:51:08 - [TEST_CASE][PASSED] - Test Cases/Popup/PopupMesajiIceriyorMu: Test Cases/Popup/PopupMesajiIceriyorMu

2021-11-23 09:51:08 - [TEST_STEP][PASSED] - waitForElementVisible(findTestObject("Popup/Popup"), 10): Object 'Object Repository/Popup/Popup' is visible

2021-11-23 09:51:08 - [MESSAGE][INFO] - Finding Test Object 'Object Repository/Popup/Popup'

2021-11-23 09:51:08 - [MESSAGE][INFO] - Checking object

2021-11-23 09:51:08 - [MESSAGE][INFO] - Checking timeout

2021-11-23 09:51:08 - [MESSAGE][INFO] - Finding web element from Test Object's properties

2021-11-23 09:51:08 - [MESSAGE][INFO] - Checking timeout

2021-11-23 09:51:08 - [MESSAGE][INFO] - Finding web element with id: 'Object Repository/Popup/Popup' located by 'By.cssSelector: .bootbox-body' in '10' second(s)

2021-11-23 09:51:08 - [MESSAGE][INFO] - Smart Wait Function is triggered

2021-11-23 09:51:08 - [MESSAGE][INFO] - Found 1 web elements with id: 'Object Repository/Popup/Popup' located by 'By.cssSelector: .bootbox-body' in '10' second(s)

2021-11-23 09:51:08 - [MESSAGE][PASSED] - Object 'Object Repository/Popup/Popup' is visible

2021-11-23 09:51:08 - [TEST_STEP][PASSED] - if (!(getText(findTestObject("Popup/Popup")).contains(Mesaj))): Text of object 'Object Repository/Popup/Popup' is: 'Lütfen rapor bildiriminin gönderileceği e-posta adresini belirtiniz.
e-Posta Adresi'

2021-11-23 09:51:08 - [MESSAGE][INFO] - Finding Test Object 'Object Repository/Popup/Popup'

2021-11-23 09:51:08 - [MESSAGE][INFO] - Checking object

2021-11-23 09:51:08 - [MESSAGE][INFO] - Finding web element from Test Object's properties

2021-11-23 09:51:08 - [MESSAGE][INFO] - Checking timeout

2021-11-23 09:51:08 - [MESSAGE][INFO] - Finding web element with id: 'Object Repository/Popup/Popup' located by 'By.cssSelector: .bootbox-body' in '30' second(s)

2021-11-23 09:51:08 - [MESSAGE][INFO] - Smart Wait Function is triggered

2021-11-23 09:51:09 - [MESSAGE][INFO] - Found 1 web elements with id: 'Object Repository/Popup/Popup' located by 'By.cssSelector: .bootbox-body' in '30' second(s)

2021-11-23 09:51:09 - [MESSAGE][INFO] - Getting text of object 'Object Repository/Popup/Popup'

2021-11-23 09:51:09 - [MESSAGE][PASSED] - Text of object 'Object Repository/Popup/Popup' is: 'Lütfen rapor bildiriminin gönderileceği e-posta adresini belirtiniz.
e-Posta Adresi'

2021-11-23 09:51:09 - [TEST_STEP][PASSED] - RaporNo = getText(findTestObject("Popup/Popup")).substring(0, 6): Text of object 'Object Repository/Popup/Popup' is: 'Lütfen rapor bildiriminin gönderileceği e-posta adresini belirtiniz.
e-Posta Adresi'

2021-11-23 09:51:09 - [MESSAGE][INFO] - Finding Test Object 'Object Repository/Popup/Popup'

2021-11-23 09:51:09 - [MESSAGE][INFO] - Checking object

2021-11-23 09:51:09 - [MESSAGE][INFO] - Finding web element from Test Object's properties

2021-11-23 09:51:09 - [MESSAGE][INFO] - Checking timeout

2021-11-23 09:51:09 - [MESSAGE][INFO] - Finding web element with id: 'Object Repository/Popup/Popup' located by 'By.cssSelector: .bootbox-body' in '30' second(s)

2021-11-23 09:51:09 - [MESSAGE][INFO] - Smart Wait Function is triggered

2021-11-23 09:51:09 - [MESSAGE][INFO] - Found 1 web elements with id: 'Object Repository/Popup/Popup' located by 'By.cssSelector: .bootbox-body' in '30' second(s)

2021-11-23 09:51:09 - [MESSAGE][INFO] - Getting text of object 'Object Repository/Popup/Popup'

2021-11-23 09:51:09 - [MESSAGE][PASSED] - Text of object 'Object Repository/Popup/Popup' is: 'Lütfen rapor bildiriminin gönderileceği e-posta adresini belirtiniz.
e-Posta Adresi'

2021-11-23 09:51:09 - [TEST_STEP][PASSED] - Console.println(RaporNo): null

2021-11-23 09:51:09 - [MESSAGE][PASSED] - Call Test Case 'Test Cases/Popup/PopupMesajiIceriyorMu' successfully

2021-11-23 09:51:09 - [MESSAGE][INFO] - Checking called Test Case

2021-11-23 09:51:09 - [MESSAGE][INFO] - Starting to call Test Case 'Test Cases/Popup/PopupaEmailEklenir'

2021-11-23 09:51:09 - [TEST_CASE][PASSED] - Test Cases/Popup/PopupaEmailEklenir: Test Cases/Popup/PopupaEmailEklenir

2021-11-23 09:51:09 - [TEST_STEP][PASSED] - clearText(findTestObject("Popup/EmailText")): Text of object 'Object Repository/Popup/EmailText' is cleared

2021-11-23 09:51:09 - [MESSAGE][INFO] - Finding Test Object 'Object Repository/Popup/EmailText'

2021-11-23 09:51:09 - [MESSAGE][INFO] - Checking object

2021-11-23 09:51:09 - [MESSAGE][INFO] - Finding web element from Test Object's properties

2021-11-23 09:51:09 - [MESSAGE][INFO] - Checking timeout

2021-11-23 09:51:09 - [MESSAGE][INFO] - Finding web element with id: 'Object Repository/Popup/EmailText' located by 'By.xpath: //*[@id="eMails"]' in '30' second(s)

2021-11-23 09:51:09 - [MESSAGE][INFO] - Smart Wait Function is triggered

2021-11-23 09:51:10 - [MESSAGE][INFO] - Found 1 web elements with id: 'Object Repository/Popup/EmailText' located by 'By.xpath: //*[@id="eMails"]' in '30' second(s)

2021-11-23 09:51:10 - [MESSAGE][INFO] - Clearing text of object 'Object Repository/Popup/EmailText'

2021-11-23 09:51:10 - [MESSAGE][PASSED] - Text of object 'Object Repository/Popup/EmailText' is cleared

2021-11-23 09:51:10 - [TEST_STEP][PASSED] - sendKeys(findTestObject("Popup/EmailText"), Email): Keys 'elogotest@gmail.com;ali.kara@logo.com.tr' sent to object: 'Object Repository/Popup/EmailText'

2021-11-23 09:51:10 - [MESSAGE][INFO] - Finding Test Object 'Object Repository/Popup/EmailText'

2021-11-23 09:51:10 - [MESSAGE][INFO] - Sending keys 'elogotest@gmail.com;ali.kara@logo.com.tr' to object: 'Object Repository/Popup/EmailText'

2021-11-23 09:51:10 - [MESSAGE][INFO] - Finding web element from Test Object's properties

2021-11-23 09:51:10 - [MESSAGE][INFO] - Checking timeout

2021-11-23 09:51:10 - [MESSAGE][INFO] - Finding web element with id: 'Object Repository/Popup/EmailText' located by 'By.xpath: //*[@id="eMails"]' in '30' second(s)

2021-11-23 09:51:10 - [MESSAGE][INFO] - Smart Wait Function is triggered

2021-11-23 09:51:10 - [MESSAGE][INFO] - Found 1 web elements with id: 'Object Repository/Popup/EmailText' located by 'By.xpath: //*[@id="eMails"]' in '30' second(s)

2021-11-23 09:51:10 - [MESSAGE][PASSED] - Keys 'elogotest@gmail.com;ali.kara@logo.com.tr' sent to object: 'Object Repository/Popup/EmailText'

2021-11-23 09:51:10 - [MESSAGE][PASSED] - Call Test Case 'Test Cases/Popup/PopupaEmailEklenir' successfully

2021-11-23 09:51:10 - [MESSAGE][INFO] - Checking called Test Case

2021-11-23 09:51:10 - [MESSAGE][INFO] - Starting to call Test Case 'Test Cases/Popup/PopupButonSecilir'

2021-11-23 09:51:10 - [TEST_CASE][PASSED] - Test Cases/Popup/PopupButonSecilir: Test Cases/Popup/PopupButonSecilir

2021-11-23 09:51:10 - [TEST_STEP][PASSED] - Method.TextDegerineEsitElementeTikla(findTestObject("Popup/Popup_Butons"), Buton): Method.TextDegerineEsitElementeTikla is PASSED

2021-11-23 09:51:10 - [MESSAGE][INFO] - Finding Test Object 'Object Repository/Popup/Popup_Butons'

2021-11-23 09:51:10 - [MESSAGE][INFO] - Checking timeout

2021-11-23 09:51:10 - [MESSAGE][INFO] - Finding web element with id: 'Object Repository/Popup/Popup_Butons' located by 'By.cssSelector: .modal-footer>button' in '10' second(s)

2021-11-23 09:51:10 - [MESSAGE][INFO] - Smart Wait Function is triggered

2021-11-23 09:51:11 - [MESSAGE][INFO] - Found 2 web elements with id: 'Object Repository/Popup/Popup_Butons' located by 'By.cssSelector: .modal-footer>button' in '10' second(s)

2021-11-23 09:51:11 - [MESSAGE][PASSED] - Method.TextDegerineEsitElementeTikla is PASSED

2021-11-23 09:51:11 - [MESSAGE][PASSED] - Call Test Case 'Test Cases/Popup/PopupButonSecilir' successfully

2021-11-23 09:51:11 - [MESSAGE][INFO] - Checking called Test Case

2021-11-23 09:51:11 - [MESSAGE][INFO] - Starting to call Test Case 'Test Cases/Popup/PopupMesajiIceriyorMu'

2021-11-23 09:51:11 - [TEST_CASE][PASSED] - Test Cases/Popup/PopupMesajiIceriyorMu: Test Cases/Popup/PopupMesajiIceriyorMu

2021-11-23 09:51:11 - [TEST_STEP][PASSED] - waitForElementVisible(findTestObject("Popup/Popup"), 10): Object 'Object Repository/Popup/Popup' is visible

2021-11-23 09:51:11 - [MESSAGE][INFO] - Finding Test Object 'Object Repository/Popup/Popup'

2021-11-23 09:51:11 - [MESSAGE][INFO] - Checking object

2021-11-23 09:51:11 - [MESSAGE][INFO] - Checking timeout

2021-11-23 09:51:11 - [MESSAGE][INFO] - Finding web element from Test Object's properties

2021-11-23 09:51:11 - [MESSAGE][INFO] - Checking timeout

2021-11-23 09:51:11 - [MESSAGE][INFO] - Finding web element with id: 'Object Repository/Popup/Popup' located by 'By.cssSelector: .bootbox-body' in '10' second(s)

2021-11-23 09:51:11 - [MESSAGE][INFO] - Smart Wait Function is triggered

2021-11-23 09:51:11 - [MESSAGE][INFO] - Found 1 web elements with id: 'Object Repository/Popup/Popup' located by 'By.cssSelector: .bootbox-body' in '10' second(s)

2021-11-23 09:51:12 - [MESSAGE][PASSED] - Object 'Object Repository/Popup/Popup' is visible

2021-11-23 09:51:12 - [TEST_STEP][PASSED] - if (!(getText(findTestObject("Popup/Popup")).contains(Mesaj))): Text of object 'Object Repository/Popup/Popup' is: '17622 no’lu talebiniz işleme alınmıştır. Raporunuz hazırlandığında (elogotest@gmail.com;ali.kara@logo.com.tr) adresinize mail gönderilecektir.
Rapor durumunuzu Raporlar > Toplu Veri İndirme ekranından takip edebilir, hazırlandı durumundaki raporlarınızı ilgili menüden indirebilirsiniz.'

2021-11-23 09:51:12 - [MESSAGE][INFO] - Finding Test Object 'Object Repository/Popup/Popup'

2021-11-23 09:51:12 - [MESSAGE][INFO] - Checking object

2021-11-23 09:51:12 - [MESSAGE][INFO] - Finding web element from Test Object's properties

2021-11-23 09:51:12 - [MESSAGE][INFO] - Checking timeout

2021-11-23 09:51:12 - [MESSAGE][INFO] - Finding web element with id: 'Object Repository/Popup/Popup' located by 'By.cssSelector: .bootbox-body' in '30' second(s)

2021-11-23 09:51:12 - [MESSAGE][INFO] - Smart Wait Function is triggered

2021-11-23 09:51:12 - [MESSAGE][INFO] - Found 1 web elements with id: 'Object Repository/Popup/Popup' located by 'By.cssSelector: .bootbox-body' in '30' second(s)

2021-11-23 09:51:12 - [MESSAGE][INFO] - Getting text of object 'Object Repository/Popup/Popup'

2021-11-23 09:51:12 - [MESSAGE][PASSED] - Text of object 'Object Repository/Popup/Popup' is: '17622 no’lu talebiniz işleme alınmıştır. Raporunuz hazırlandığında (elogotest@gmail.com;ali.kara@logo.com.tr) adresinize mail gönderilecektir.
Rapor durumunuzu Raporlar > Toplu Veri İndirme ekranından takip edebilir, hazırlandı durumundaki raporlarınızı ilgili menüden indirebilirsiniz.'

2021-11-23 09:51:12 - [TEST_STEP][PASSED] - RaporNo = getText(findTestObject("Popup/Popup")).substring(0, 6): Text of object 'Object Repository/Popup/Popup' is: '17622 no’lu talebiniz işleme alınmıştır. Raporunuz hazırlandığında (elogotest@gmail.com;ali.kara@logo.com.tr) adresinize mail gönderilecektir.
Rapor durumunuzu Raporlar > Toplu Veri İndirme ekranından takip edebilir, hazırlandı durumundaki raporlarınızı ilgili menüden indirebilirsiniz.'

2021-11-23 09:51:12 - [MESSAGE][INFO] - Finding Test Object 'Object Repository/Popup/Popup'

2021-11-23 09:51:12 - [MESSAGE][INFO] - Checking object

2021-11-23 09:51:12 - [MESSAGE][INFO] - Finding web element from Test Object's properties

2021-11-23 09:51:12 - [MESSAGE][INFO] - Checking timeout

2021-11-23 09:51:12 - [MESSAGE][INFO] - Finding web element with id: 'Object Repository/Popup/Popup' located by 'By.cssSelector: .bootbox-body' in '30' second(s)

2021-11-23 09:51:12 - [MESSAGE][INFO] - Smart Wait Function is triggered

2021-11-23 09:51:12 - [MESSAGE][INFO] - Found 1 web elements with id: 'Object Repository/Popup/Popup' located by 'By.cssSelector: .bootbox-body' in '30' second(s)

2021-11-23 09:51:12 - [MESSAGE][INFO] - Getting text of object 'Object Repository/Popup/Popup'

2021-11-23 09:51:12 - [MESSAGE][PASSED] - Text of object 'Object Repository/Popup/Popup' is: '17622 no’lu talebiniz işleme alınmıştır. Raporunuz hazırlandığında (elogotest@gmail.com;ali.kara@logo.com.tr) adresinize mail gönderilecektir.
Rapor durumunuzu Raporlar > Toplu Veri İndirme ekranından takip edebilir, hazırlandı durumundaki raporlarınızı ilgili menüden indirebilirsiniz.'

2021-11-23 09:51:12 - [TEST_STEP][PASSED] - Console.println(RaporNo): null

2021-11-23 09:51:12 - [MESSAGE][PASSED] - Call Test Case 'Test Cases/Popup/PopupMesajiIceriyorMu' successfully

2021-11-23 09:51:12 - [MESSAGE][INFO] - Checking called Test Case

2021-11-23 09:51:12 - [MESSAGE][INFO] - Starting to call Test Case 'Test Cases/Popup/PopupButonSecilir'

2021-11-23 09:51:12 - [TEST_CASE][PASSED] - Test Cases/Popup/PopupButonSecilir: Test Cases/Popup/PopupButonSecilir

2021-11-23 09:51:12 - [TEST_STEP][PASSED] - Method.TextDegerineEsitElementeTikla(findTestObject("Popup/Popup_Butons"), Buton): Method.TextDegerineEsitElementeTikla is PASSED

2021-11-23 09:51:12 - [MESSAGE][INFO] - Finding Test Object 'Object Repository/Popup/Popup_Butons'

2021-11-23 09:51:12 - [MESSAGE][INFO] - Checking timeout

2021-11-23 09:51:12 - [MESSAGE][INFO] - Finding web element with id: 'Object Repository/Popup/Popup_Butons' located by 'By.cssSelector: .modal-footer>button' in '10' second(s)

2021-11-23 09:51:12 - [MESSAGE][INFO] - Smart Wait Function is triggered

2021-11-23 09:51:13 - [MESSAGE][INFO] - Found 1 web elements with id: 'Object Repository/Popup/Popup_Butons' located by 'By.cssSelector: .modal-footer>button' in '10' second(s)

2021-11-23 09:51:13 - [MESSAGE][PASSED] - Method.TextDegerineEsitElementeTikla is PASSED

2021-11-23 09:51:13 - [MESSAGE][PASSED] - Call Test Case 'Test Cases/Popup/PopupButonSecilir' successfully

2021-11-23 09:51:13 - [MESSAGE][INFO] - Checking called Test Case

2021-11-23 09:51:13 - [MESSAGE][INFO] - Starting to call Test Case 'Test Cases/Filtreler/DropdownSec'

2021-11-23 09:51:13 - [TEST_CASE][PASSED] - Test Cases/Filtreler/DropdownSec: Test Cases/Filtreler/DropdownSec

2021-11-23 09:51:13 - [TEST_STEP][PASSED] - Method.TextDegerineEsitElementinAltindakineTikla(findTestObject("Filtreler/Basliklar"), findTestObject("Filtreler/Basliga_Gore_Baslangic_Image"), Filtre_Adi): Method.TextDegerineEsitElementinAltindakineTikla is PASSED

2021-11-23 09:51:13 - [MESSAGE][INFO] - Finding Test Object 'Object Repository/Filtreler/Basliklar'

2021-11-23 09:51:13 - [MESSAGE][INFO] - Finding Test Object 'Object Repository/Filtreler/Basliga_Gore_Baslangic_Image'

2021-11-23 09:51:13 - [MESSAGE][INFO] - Checking timeout

2021-11-23 09:51:13 - [MESSAGE][INFO] - Finding web element with id: 'Object Repository/Filtreler/Basliklar' located by 'By.cssSelector: .control-label.col-sm-4.paddingMarginRLC' in '10' second(s)

2021-11-23 09:51:13 - [MESSAGE][INFO] - Smart Wait Function is triggered

2021-11-23 09:51:14 - [MESSAGE][INFO] - Found 8 web elements with id: 'Object Repository/Filtreler/Basliklar' located by 'By.cssSelector: .control-label.col-sm-4.paddingMarginRLC' in '10' second(s)

2021-11-23 09:51:14 - [MESSAGE][INFO] - Smart Wait Function is triggered

2021-11-23 09:51:14 - [MESSAGE][PASSED] - Method.TextDegerineEsitElementinAltindakineTikla is PASSED

2021-11-23 09:51:14 - [TEST_STEP][PASSED] - Method.TextDegerineEsitElementeTikla(findTestObject("Object Repository/Filtreler/Basliga_Gore_Dropdown"), Filtre_Degeri): Method.TextDegerineEsitElementeTikla is PASSED

2021-11-23 09:51:14 - [MESSAGE][INFO] - Finding Test Object 'Object Repository/Filtreler/Basliga_Gore_Dropdown'

2021-11-23 09:51:14 - [MESSAGE][INFO] - Checking timeout

2021-11-23 09:51:14 - [MESSAGE][INFO] - Finding web element with id: 'Object Repository/Filtreler/Basliga_Gore_Dropdown' located by 'By.xpath: //*[@class = 'dxeListBoxItemRow_LECustomTheme']' in '10' second(s)

2021-11-23 09:51:14 - [MESSAGE][INFO] - Smart Wait Function is triggered

2021-11-23 09:51:14 - [MESSAGE][INFO] - Found 10 web elements with id: 'Object Repository/Filtreler/Basliga_Gore_Dropdown' located by 'By.xpath: //*[@class = 'dxeListBoxItemRow_LECustomTheme']' in '10' second(s)

2021-11-23 09:51:15 - [MESSAGE][PASSED] - Method.TextDegerineEsitElementeTikla is PASSED

2021-11-23 09:51:15 - [MESSAGE][PASSED] - Call Test Case 'Test Cases/Filtreler/DropdownSec' successfully

2021-11-23 09:51:15 - [MESSAGE][INFO] - Checking called Test Case

2021-11-23 09:51:15 - [MESSAGE][INFO] - Starting to call Test Case 'Test Cases/Filtreler/ButonaTikla'

2021-11-23 09:51:15 - [TEST_CASE][PASSED] - Test Cases/Filtreler/ButonaTikla: Test Cases/Filtreler/ButonaTikla

2021-11-23 09:51:15 - [TEST_STEP][PASSED] - Method.TextDegerineEsitElementeTikla(findTestObject("Filtreler/Butonlar"), Filtre_Buton): Method.TextDegerineEsitElementeTikla is PASSED

2021-11-23 09:51:15 - [MESSAGE][INFO] - Finding Test Object 'Object Repository/Filtreler/Butonlar'

2021-11-23 09:51:15 - [MESSAGE][INFO] - Checking timeout

2021-11-23 09:51:15 - [MESSAGE][INFO] - Finding web element with id: 'Object Repository/Filtreler/Butonlar' located by 'By.cssSelector: .dxb>span' in '10' second(s)

2021-11-23 09:51:15 - [MESSAGE][INFO] - Smart Wait Function is triggered

2021-11-23 09:51:15 - [MESSAGE][INFO] - Found 3 web elements with id: 'Object Repository/Filtreler/Butonlar' located by 'By.cssSelector: .dxb>span' in '10' second(s)

2021-11-23 09:51:15 - [MESSAGE][PASSED] - Method.TextDegerineEsitElementeTikla is PASSED

2021-11-23 09:51:15 - [MESSAGE][PASSED] - Call Test Case 'Test Cases/Filtreler/ButonaTikla' successfully

2021-11-23 09:51:16 - [MESSAGE][INFO] - Checking called Test Case

2021-11-23 09:51:16 - [MESSAGE][INFO] - Starting to call Test Case 'Test Cases/Tablo/TablonunButonunaTikla'

2021-11-23 09:51:16 - [TEST_CASE][PASSED] - Test Cases/Tablo/TablonunButonunaTikla: Test Cases/Tablo/TablonunButonunaTikla

2021-11-23 09:51:16 - [TEST_STEP][PASSED] - Method.TextDegerineEsitElementinAltindakiTextDegerineEsitOlanaTikla(findTestObject("Tablo/Veriler"), findTestObject("Tablo/VerininButonu"), Veri, Buton_Adi): Method.TextDegerineEsitElementinAltindakiTextDegerineEsitOlanaTikla is PASSED

2021-11-23 09:51:16 - [MESSAGE][INFO] - Finding Test Object 'Object Repository/Tablo/Veriler'

2021-11-23 09:51:16 - [MESSAGE][INFO] - Finding Test Object 'Object Repository/Tablo/VerininButonu'

2021-11-23 09:51:16 - [MESSAGE][INFO] - Checking timeout

2021-11-23 09:51:16 - [MESSAGE][INFO] - Finding web element with id: 'Object Repository/Tablo/Veriler' located by 'By.cssSelector: td.dxgv b ,td.dxgv' in '10' second(s)

2021-11-23 09:51:16 - [MESSAGE][INFO] - Smart Wait Function is triggered

2021-11-23 09:51:16 - [MESSAGE][INFO] - Found 110 web elements with id: 'Object Repository/Tablo/Veriler' located by 'By.cssSelector: td.dxgv b ,td.dxgv' in '10' second(s)

2021-11-23 09:51:16 - [MESSAGE][INFO] - Smart Wait Function is triggered

2021-11-23 09:51:17 - [MESSAGE][PASSED] - Method.TextDegerineEsitElementinAltindakiTextDegerineEsitOlanaTikla is PASSED

2021-11-23 09:51:17 - [MESSAGE][PASSED] - Call Test Case 'Test Cases/Tablo/TablonunButonunaTikla' successfully

2021-11-23 09:51:17 - [MESSAGE][INFO] - Checking called Test Case

2021-11-23 09:51:17 - [MESSAGE][INFO] - Starting to call Test Case 'Test Cases/Sekmeler/YeniSekmeyeGec'

2021-11-23 09:51:17 - [TEST_CASE][PASSED] - Test Cases/Sekmeler/YeniSekmeyeGec: Test Cases/Sekmeler/YeniSekmeyeGec

2021-11-23 09:51:17 - [TEST_STEP][PASSED] - switchToWindowIndex(1): Switched to window with index: '1'

2021-11-23 09:51:17 - [MESSAGE][INFO] - Checking index

2021-11-23 09:51:17 - [MESSAGE][INFO] - Switching window with index: '1'

2021-11-23 09:51:17 - [MESSAGE][PASSED] - Switched to window with index: '1'

2021-11-23 09:51:17 - [MESSAGE][PASSED] - Call Test Case 'Test Cases/Sekmeler/YeniSekmeyeGec' successfully

2021-11-23 09:51:17 - [MESSAGE][INFO] - Checking called Test Case

2021-11-23 09:51:17 - [MESSAGE][INFO] - Starting to call Test Case 'Test Cases/Tablo/TablodaVeriVarMi'

2021-11-23 09:51:17 - [TEST_CASE][PASSED] - Test Cases/Tablo/TablodaVeriVarMi: Test Cases/Tablo/TablodaVeriVarMi

2021-11-23 09:51:17 - [TEST_STEP][PASSED] - verifyTextNotPresent("Görüntülenecek veri yok", true): Text 'Görüntülenecek veri yok' is not present on page using regular expression

2021-11-23 09:51:17 - [MESSAGE][INFO] - Checking text present  using regular expression

2021-11-23 09:51:17 - [MESSAGE][INFO] - Smart Wait Function is triggered

2021-11-23 09:51:18 - [MESSAGE][INFO] - Finding text 'Görüntülenecek veri yok' on page  using regular expression

2021-11-23 09:51:18 - [MESSAGE][PASSED] - Text 'Görüntülenecek veri yok' is not present on page using regular expression

2021-11-23 09:51:18 - [MESSAGE][PASSED] - Call Test Case 'Test Cases/Tablo/TablodaVeriVarMi' successfully

2021-11-23 09:51:18 - [MESSAGE][INFO] - Checking called Test Case

2021-11-23 09:51:18 - [MESSAGE][INFO] - Starting to call Test Case 'Test Cases/Sekmeler/Ana_Sekmeye_Gec'

2021-11-23 09:51:18 - [TEST_CASE][PASSED] - Test Cases/Sekmeler/Ana_Sekmeye_Gec: Test Cases/Sekmeler/Ana_Sekmeye_Gec

2021-11-23 09:51:18 - [TEST_STEP][PASSED] - try: Window with index 1 is closed

2021-11-23 09:51:18 - [TEST_STEP][PASSED] - index = getWindowIndex(): Current window's index is: 1

2021-11-23 09:51:18 - [MESSAGE][INFO] - Getting current window's index

2021-11-23 09:51:18 - [MESSAGE][PASSED] - Current window's index is: 1

2021-11-23 09:51:18 - [TEST_STEP][PASSED] - closeWindowIndex(index): Window with index 1 is closed

2021-11-23 09:51:18 - [MESSAGE][INFO] - Checking index

2021-11-23 09:51:18 - [MESSAGE][INFO] - Closing window with index 1

2021-11-23 09:51:18 - [MESSAGE][PASSED] - Window with index 1 is closed

2021-11-23 09:51:18 - [TEST_STEP][PASSED] - switchToWindowIndex(0): Switched to window with index: '0'

2021-11-23 09:51:18 - [MESSAGE][INFO] - Checking index

2021-11-23 09:51:18 - [MESSAGE][INFO] - Switching window with index: '0'

2021-11-23 09:51:18 - [MESSAGE][PASSED] - Switched to window with index: '0'

2021-11-23 09:51:18 - [MESSAGE][PASSED] - Call Test Case 'Test Cases/Sekmeler/Ana_Sekmeye_Gec' successfully

2021-11-23 09:51:18 - [MESSAGE][INFO] - Checking called Test Case

2021-11-23 09:51:18 - [MESSAGE][INFO] - Starting to call Test Case 'Test Cases/Tablo/TablodaVeriVarMi'

2021-11-23 09:51:18 - [TEST_CASE][PASSED] - Test Cases/Tablo/TablodaVeriVarMi: Test Cases/Tablo/TablodaVeriVarMi

2021-11-23 09:51:18 - [TEST_STEP][PASSED] - verifyTextNotPresent("Görüntülenecek veri yok", true): Text 'Görüntülenecek veri yok' is not present on page using regular expression

2021-11-23 09:51:18 - [MESSAGE][INFO] - Checking text present  using regular expression

2021-11-23 09:51:18 - [MESSAGE][INFO] - Smart Wait Function is triggered

2021-11-23 09:51:18 - [MESSAGE][INFO] - Finding text 'Görüntülenecek veri yok' on page  using regular expression

2021-11-23 09:51:18 - [MESSAGE][PASSED] - Text 'Görüntülenecek veri yok' is not present on page using regular expression

2021-11-23 09:51:18 - [MESSAGE][PASSED] - Call Test Case 'Test Cases/Tablo/TablodaVeriVarMi' successfully

2021-11-23 09:51:18 - [MESSAGE][INFO] - Checking called Test Case

2021-11-23 09:51:18 - [MESSAGE][INFO] - Starting to call Test Case 'Test Cases/Tablo/TablodanVeriSec'

2021-11-23 09:51:18 - [TEST_CASE][PASSED] - Test Cases/Tablo/TablodanVeriSec: Test Cases/Tablo/TablodanVeriSec

2021-11-23 09:51:18 - [TEST_STEP][PASSED] - Method.TextDegerineEsitElementinAltindakineTikla(findTestObject("Tablo/Veriler"), findTestObject("Tablo/VerininCheckBoxi"), Veri_Adi): Method.TextDegerineEsitElementinAltindakineTikla is PASSED

2021-11-23 09:51:18 - [MESSAGE][INFO] - Finding Test Object 'Object Repository/Tablo/Veriler'

2021-11-23 09:51:18 - [MESSAGE][INFO] - Finding Test Object 'Object Repository/Tablo/VerininCheckBoxi'

2021-11-23 09:51:19 - [MESSAGE][INFO] - Checking timeout

2021-11-23 09:51:19 - [MESSAGE][INFO] - Finding web element with id: 'Object Repository/Tablo/Veriler' located by 'By.cssSelector: td.dxgv b ,td.dxgv' in '10' second(s)

2021-11-23 09:51:19 - [MESSAGE][INFO] - Smart Wait Function is triggered

2021-11-23 09:51:19 - [MESSAGE][INFO] - Found 110 web elements with id: 'Object Repository/Tablo/Veriler' located by 'By.cssSelector: td.dxgv b ,td.dxgv' in '10' second(s)

2021-11-23 09:51:19 - [MESSAGE][INFO] - Smart Wait Function is triggered

2021-11-23 09:51:19 - [MESSAGE][PASSED] - Method.TextDegerineEsitElementinAltindakineTikla is PASSED

2021-11-23 09:51:19 - [MESSAGE][PASSED] - Call Test Case 'Test Cases/Tablo/TablodanVeriSec' successfully

2021-11-23 09:51:19 - [MESSAGE][INFO] - Checking called Test Case

2021-11-23 09:51:19 - [MESSAGE][INFO] - Starting to call Test Case 'Test Cases/Butonlar/ButonaTikla'

2021-11-23 09:51:19 - [TEST_CASE][PASSED] - Test Cases/Butonlar/ButonaTikla: Test Cases/Butonlar/ButonaTikla

2021-11-23 09:51:19 - [TEST_STEP][PASSED] - Method.TextDegerineEsitElementeTiklaEquals(findTestObject("Butonlar/Butonlar"), Buton_Adi): Method.TextDegerineEsitElementeTiklaEquals is PASSED

2021-11-23 09:51:19 - [MESSAGE][INFO] - Finding Test Object 'Object Repository/Butonlar/Butonlar'

2021-11-23 09:51:20 - [MESSAGE][INFO] - Checking timeout

2021-11-23 09:51:20 - [MESSAGE][INFO] - Finding web element with id: 'Object Repository/Butonlar/Butonlar' located by 'By.cssSelector: .panel.panel-default.text-center.footerPanel .btn,.btn.btn-primary.btnControls' in '10' second(s)

2021-11-23 09:51:20 - [MESSAGE][INFO] - Smart Wait Function is triggered

2021-11-23 09:51:20 - [MESSAGE][INFO] - Found 6 web elements with id: 'Object Repository/Butonlar/Butonlar' located by 'By.cssSelector: .panel.panel-default.text-center.footerPanel .btn,.btn.btn-primary.btnControls' in '10' second(s)

2021-11-23 09:51:20 - [MESSAGE][PASSED] - Method.TextDegerineEsitElementeTiklaEquals is PASSED

2021-11-23 09:51:20 - [MESSAGE][PASSED] - Call Test Case 'Test Cases/Butonlar/ButonaTikla' successfully

2021-11-23 09:51:20 - [MESSAGE][INFO] - Checking called Test Case

2021-11-23 09:51:20 - [MESSAGE][INFO] - Starting to call Test Case 'Test Cases/Sekmeler/YeniSekmeyeGec'

2021-11-23 09:51:20 - [TEST_CASE][PASSED] - Test Cases/Sekmeler/YeniSekmeyeGec: Test Cases/Sekmeler/YeniSekmeyeGec

2021-11-23 09:51:20 - [TEST_STEP][PASSED] - switchToWindowIndex(1): Switched to window with index: '1'

2021-11-23 09:51:20 - [MESSAGE][INFO] - Checking index

2021-11-23 09:51:20 - [MESSAGE][INFO] - Switching window with index: '1'

2021-11-23 09:51:20 - [MESSAGE][PASSED] - Switched to window with index: '1'

2021-11-23 09:51:20 - [MESSAGE][PASSED] - Call Test Case 'Test Cases/Sekmeler/YeniSekmeyeGec' successfully

2021-11-23 09:51:20 - [MESSAGE][INFO] - Checking called Test Case

2021-11-23 09:51:20 - [MESSAGE][INFO] - Starting to call Test Case 'Test Cases/Sekmeler/TagGeldiMi'

2021-11-23 09:51:20 - [TEST_CASE][PASSED] - Test Cases/Sekmeler/TagGeldiMi: Test Cases/Sekmeler/TagGeldiMi

2021-11-23 09:51:20 - [TEST_STEP][PASSED] - waitForElementPresent(findTestObject("Object Repository/Sekmeler/UBLTag"), 10): Object 'Object Repository/Sekmeler/UBLTag' is present

2021-11-23 09:51:20 - [MESSAGE][INFO] - Finding Test Object 'Object Repository/Sekmeler/UBLTag'

2021-11-23 09:51:20 - [MESSAGE][INFO] - Checking object

2021-11-23 09:51:20 - [MESSAGE][INFO] - Finding web element from Test Object's properties

2021-11-23 09:51:20 - [MESSAGE][INFO] - Checking timeout

2021-11-23 09:51:20 - [MESSAGE][INFO] - Finding web element with id: 'Object Repository/Sekmeler/UBLTag' located by 'By.cssSelector: #webkit-xml-viewer-source-xml>:first-child' in '10' second(s)

2021-11-23 09:51:20 - [MESSAGE][INFO] - Smart Wait Function is triggered

2021-11-23 09:51:20 - [MESSAGE][INFO] - Found 1 web elements with id: 'Object Repository/Sekmeler/UBLTag' located by 'By.cssSelector: #webkit-xml-viewer-source-xml>:first-child' in '10' second(s)

2021-11-23 09:51:20 - [MESSAGE][PASSED] - Object 'Object Repository/Sekmeler/UBLTag' is present

2021-11-23 09:51:20 - [TEST_STEP][PASSED] - println(toLowerCase().toString()): Found 1 web elements with id: 'Object Repository/Sekmeler/UBLTag' located by 'By.cssSelector: #webkit-xml-viewer-source-xml>:first-child' in '10' second(s)

2021-11-23 09:51:20 - [MESSAGE][INFO] - Finding Test Object 'Object Repository/Sekmeler/UBLTag'

2021-11-23 09:51:20 - [MESSAGE][INFO] - Finding web element from Test Object's properties

2021-11-23 09:51:20 - [MESSAGE][INFO] - Checking timeout

2021-11-23 09:51:20 - [MESSAGE][INFO] - Finding web element with id: 'Object Repository/Sekmeler/UBLTag' located by 'By.cssSelector: #webkit-xml-viewer-source-xml>:first-child' in '10' second(s)

2021-11-23 09:51:20 - [MESSAGE][INFO] - Smart Wait Function is triggered

2021-11-23 09:51:20 - [MESSAGE][INFO] - Found 1 web elements with id: 'Object Repository/Sekmeler/UBLTag' located by 'By.cssSelector: #webkit-xml-viewer-source-xml>:first-child' in '10' second(s)

2021-11-23 09:51:20 - [TEST_STEP][PASSED] - if (!(toString().contains(toString().toLowerCase()))): Found 1 web elements with id: 'Object Repository/Sekmeler/UBLTag' located by 'By.cssSelector: #webkit-xml-viewer-source-xml>:first-child' in '10' second(s)

2021-11-23 09:51:20 - [MESSAGE][INFO] - Finding Test Object 'Object Repository/Sekmeler/UBLTag'

2021-11-23 09:51:21 - [MESSAGE][INFO] - Finding web element from Test Object's properties

2021-11-23 09:51:21 - [MESSAGE][INFO] - Checking timeout

2021-11-23 09:51:21 - [MESSAGE][INFO] - Finding web element with id: 'Object Repository/Sekmeler/UBLTag' located by 'By.cssSelector: #webkit-xml-viewer-source-xml>:first-child' in '10' second(s)

2021-11-23 09:51:21 - [MESSAGE][INFO] - Smart Wait Function is triggered

2021-11-23 09:51:21 - [MESSAGE][INFO] - Found 1 web elements with id: 'Object Repository/Sekmeler/UBLTag' located by 'By.cssSelector: #webkit-xml-viewer-source-xml>:first-child' in '10' second(s)

2021-11-23 09:51:21 - [MESSAGE][PASSED] - Call Test Case 'Test Cases/Sekmeler/TagGeldiMi' successfully

2021-11-23 09:51:21 - [MESSAGE][INFO] - Checking called Test Case

2021-11-23 09:51:21 - [MESSAGE][INFO] - Starting to call Test Case 'Test Cases/Sekmeler/Ana_Sekmeye_Gec'

2021-11-23 09:51:21 - [TEST_CASE][PASSED] - Test Cases/Sekmeler/Ana_Sekmeye_Gec: Test Cases/Sekmeler/Ana_Sekmeye_Gec

2021-11-23 09:51:21 - [TEST_STEP][PASSED] - try: Window with index 1 is closed

2021-11-23 09:51:21 - [TEST_STEP][PASSED] - index = getWindowIndex(): Current window's index is: 1

2021-11-23 09:51:21 - [MESSAGE][INFO] - Getting current window's index

2021-11-23 09:51:21 - [MESSAGE][PASSED] - Current window's index is: 1

2021-11-23 09:51:21 - [TEST_STEP][PASSED] - closeWindowIndex(index): Window with index 1 is closed

2021-11-23 09:51:21 - [MESSAGE][INFO] - Checking index

2021-11-23 09:51:21 - [MESSAGE][INFO] - Closing window with index 1

2021-11-23 09:51:21 - [MESSAGE][PASSED] - Window with index 1 is closed

2021-11-23 09:51:21 - [TEST_STEP][PASSED] - switchToWindowIndex(0): Switched to window with index: '0'

2021-11-23 09:51:21 - [MESSAGE][INFO] - Checking index

2021-11-23 09:51:21 - [MESSAGE][INFO] - Switching window with index: '0'

2021-11-23 09:51:21 - [MESSAGE][PASSED] - Switched to window with index: '0'

2021-11-23 09:51:21 - [MESSAGE][PASSED] - Call Test Case 'Test Cases/Sekmeler/Ana_Sekmeye_Gec' successfully

2021-11-23 09:51:21 - [MESSAGE][INFO] - Checking called Test Case

2021-11-23 09:51:21 - [MESSAGE][INFO] - Starting to call Test Case 'Test Cases/Butonlar/ButonaTikla'

2021-11-23 09:51:21 - [TEST_CASE][PASSED] - Test Cases/Butonlar/ButonaTikla: Test Cases/Butonlar/ButonaTikla

2021-11-23 09:51:21 - [TEST_STEP][PASSED] - Method.TextDegerineEsitElementeTiklaEquals(findTestObject("Butonlar/Butonlar"), Buton_Adi): Method.TextDegerineEsitElementeTiklaEquals is PASSED

2021-11-23 09:51:21 - [MESSAGE][INFO] - Finding Test Object 'Object Repository/Butonlar/Butonlar'

2021-11-23 09:51:21 - [MESSAGE][INFO] - Checking timeout

2021-11-23 09:51:21 - [MESSAGE][INFO] - Finding web element with id: 'Object Repository/Butonlar/Butonlar' located by 'By.cssSelector: .panel.panel-default.text-center.footerPanel .btn,.btn.btn-primary.btnControls' in '10' second(s)

2021-11-23 09:51:21 - [MESSAGE][INFO] - Smart Wait Function is triggered

2021-11-23 09:51:21 - [MESSAGE][INFO] - Found 6 web elements with id: 'Object Repository/Butonlar/Butonlar' located by 'By.cssSelector: .panel.panel-default.text-center.footerPanel .btn,.btn.btn-primary.btnControls' in '10' second(s)

2021-11-23 09:51:21 - [MESSAGE][PASSED] - Method.TextDegerineEsitElementeTiklaEquals is PASSED

2021-11-23 09:51:21 - [MESSAGE][PASSED] - Call Test Case 'Test Cases/Butonlar/ButonaTikla' successfully

2021-11-23 09:51:21 - [MESSAGE][INFO] - Checking called Test Case

2021-11-23 09:51:21 - [MESSAGE][INFO] - Starting to call Test Case 'Test Cases/Butonlar/AltButonaTikla'

2021-11-23 09:51:22 - [TEST_CASE][PASSED] - Test Cases/Butonlar/AltButonaTikla: Test Cases/Butonlar/AltButonaTikla

2021-11-23 09:51:22 - [TEST_STEP][PASSED] - Method.TextDegerineEsitElementeTikla(findTestObject("Butonlar/AltButonlar"), Alt_Buton): Method.TextDegerineEsitElementeTikla is PASSED

2021-11-23 09:51:22 - [MESSAGE][INFO] - Finding Test Object 'Object Repository/Butonlar/AltButonlar'

2021-11-23 09:51:22 - [MESSAGE][INFO] - Checking timeout

2021-11-23 09:51:22 - [MESSAGE][INFO] - Finding web element with id: 'Object Repository/Butonlar/AltButonlar' located by 'By.cssSelector: .btn-group.open li>a' in '10' second(s)

2021-11-23 09:51:22 - [MESSAGE][INFO] - Smart Wait Function is triggered

2021-11-23 09:51:22 - [MESSAGE][INFO] - Found 1 web elements with id: 'Object Repository/Butonlar/AltButonlar' located by 'By.cssSelector: .btn-group.open li>a' in '10' second(s)

2021-11-23 09:51:22 - [MESSAGE][PASSED] - Method.TextDegerineEsitElementeTikla is PASSED

2021-11-23 09:51:22 - [MESSAGE][PASSED] - Call Test Case 'Test Cases/Butonlar/AltButonaTikla' successfully

2021-11-23 09:51:22 - [MESSAGE][INFO] - Checking called Test Case

2021-11-23 09:51:22 - [MESSAGE][INFO] - Starting to call Test Case 'Test Cases/Butonlar/DosyaIndirildiMi'

2021-11-23 09:51:22 - [TEST_CASE][PASSED] - Test Cases/Butonlar/DosyaIndirildiMi: Test Cases/Butonlar/DosyaIndirildiMi

2021-11-23 09:51:22 - [TEST_STEP][PASSED] - Method.isimliDosyaIndirildiMi(DownloadFile, FileName): Method.isimliDosyaIndirildiMi is PASSED

2021-11-23 09:51:22 - [MESSAGE][INFO] - Delaying browser in 3 second(s)

2021-11-23 09:51:25 - [MESSAGE][PASSED] - Delayed 3 second(s)

2021-11-23 09:51:25 - [MESSAGE][PASSED] - Method.isimliDosyaIndirildiMi is PASSED

2021-11-23 09:51:25 - [MESSAGE][PASSED] - Call Test Case 'Test Cases/Butonlar/DosyaIndirildiMi' successfully

2021-11-23 09:51:25 - [MESSAGE][INFO] - Checking called Test Case

2021-11-23 09:51:25 - [MESSAGE][INFO] - Starting to call Test Case 'Test Cases/Butonlar/ButonaTikla'

2021-11-23 09:51:25 - [TEST_CASE][PASSED] - Test Cases/Butonlar/ButonaTikla: Test Cases/Butonlar/ButonaTikla

2021-11-23 09:51:25 - [TEST_STEP][PASSED] - Method.TextDegerineEsitElementeTiklaEquals(findTestObject("Butonlar/Butonlar"), Buton_Adi): Method.TextDegerineEsitElementeTiklaEquals is PASSED

2021-11-23 09:51:25 - [MESSAGE][INFO] - Finding Test Object 'Object Repository/Butonlar/Butonlar'

2021-11-23 09:51:25 - [MESSAGE][INFO] - Checking timeout

2021-11-23 09:51:25 - [MESSAGE][INFO] - Finding web element with id: 'Object Repository/Butonlar/Butonlar' located by 'By.cssSelector: .panel.panel-default.text-center.footerPanel .btn,.btn.btn-primary.btnControls' in '10' second(s)

2021-11-23 09:51:25 - [MESSAGE][INFO] - Smart Wait Function is triggered

2021-11-23 09:51:26 - [MESSAGE][INFO] - Found 6 web elements with id: 'Object Repository/Butonlar/Butonlar' located by 'By.cssSelector: .panel.panel-default.text-center.footerPanel .btn,.btn.btn-primary.btnControls' in '10' second(s)

2021-11-23 09:51:26 - [MESSAGE][PASSED] - Method.TextDegerineEsitElementeTiklaEquals is PASSED

2021-11-23 09:51:26 - [MESSAGE][PASSED] - Call Test Case 'Test Cases/Butonlar/ButonaTikla' successfully

2021-11-23 09:51:26 - [MESSAGE][INFO] - Checking called Test Case

2021-11-23 09:51:26 - [MESSAGE][INFO] - Starting to call Test Case 'Test Cases/Butonlar/AltButonaTikla'

2021-11-23 09:51:26 - [TEST_CASE][PASSED] - Test Cases/Butonlar/AltButonaTikla: Test Cases/Butonlar/AltButonaTikla

2021-11-23 09:51:26 - [TEST_STEP][PASSED] - Method.TextDegerineEsitElementeTikla(findTestObject("Butonlar/AltButonlar"), Alt_Buton): Method.TextDegerineEsitElementeTikla is PASSED

2021-11-23 09:51:26 - [MESSAGE][INFO] - Finding Test Object 'Object Repository/Butonlar/AltButonlar'

2021-11-23 09:51:26 - [MESSAGE][INFO] - Checking timeout

2021-11-23 09:51:26 - [MESSAGE][INFO] - Finding web element with id: 'Object Repository/Butonlar/AltButonlar' located by 'By.cssSelector: .btn-group.open li>a' in '10' second(s)

2021-11-23 09:51:26 - [MESSAGE][INFO] - Smart Wait Function is triggered

2021-11-23 09:51:26 - [MESSAGE][INFO] - Found 2 web elements with id: 'Object Repository/Butonlar/AltButonlar' located by 'By.cssSelector: .btn-group.open li>a' in '10' second(s)

2021-11-23 09:51:26 - [MESSAGE][PASSED] - Method.TextDegerineEsitElementeTikla is PASSED

2021-11-23 09:51:26 - [MESSAGE][PASSED] - Call Test Case 'Test Cases/Butonlar/AltButonaTikla' successfully

2021-11-23 09:51:26 - [MESSAGE][INFO] - Checking called Test Case

2021-11-23 09:51:26 - [MESSAGE][INFO] - Starting to call Test Case 'Test Cases/Popup/PopupMesajiIceriyorMu'

2021-11-23 09:51:26 - [TEST_CASE][PASSED] - Test Cases/Popup/PopupMesajiIceriyorMu: Test Cases/Popup/PopupMesajiIceriyorMu

2021-11-23 09:51:26 - [TEST_STEP][PASSED] - waitForElementVisible(findTestObject("Popup/Popup"), 10): Object 'Object Repository/Popup/Popup' is visible

2021-11-23 09:51:26 - [MESSAGE][INFO] - Finding Test Object 'Object Repository/Popup/Popup'

2021-11-23 09:51:27 - [MESSAGE][INFO] - Checking object

2021-11-23 09:51:27 - [MESSAGE][INFO] - Checking timeout

2021-11-23 09:51:27 - [MESSAGE][INFO] - Finding web element from Test Object's properties

2021-11-23 09:51:27 - [MESSAGE][INFO] - Checking timeout

2021-11-23 09:51:27 - [MESSAGE][INFO] - Finding web element with id: 'Object Repository/Popup/Popup' located by 'By.cssSelector: .bootbox-body' in '10' second(s)

2021-11-23 09:51:27 - [MESSAGE][INFO] - Smart Wait Function is triggered

2021-11-23 09:51:27 - [MESSAGE][INFO] - Found 1 web elements with id: 'Object Repository/Popup/Popup' located by 'By.cssSelector: .bootbox-body' in '10' second(s)

2021-11-23 09:51:27 - [MESSAGE][PASSED] - Object 'Object Repository/Popup/Popup' is visible

2021-11-23 09:51:27 - [TEST_STEP][PASSED] - if (!(getText(findTestObject("Popup/Popup")).contains(Mesaj))): Text of object 'Object Repository/Popup/Popup' is: 'Lütfen rapor bildiriminin gönderileceği e-posta adresini belirtiniz.
e-Posta Adresi'

2021-11-23 09:51:27 - [MESSAGE][INFO] - Finding Test Object 'Object Repository/Popup/Popup'

2021-11-23 09:51:27 - [MESSAGE][INFO] - Checking object

2021-11-23 09:51:27 - [MESSAGE][INFO] - Finding web element from Test Object's properties

2021-11-23 09:51:27 - [MESSAGE][INFO] - Checking timeout

2021-11-23 09:51:27 - [MESSAGE][INFO] - Finding web element with id: 'Object Repository/Popup/Popup' located by 'By.cssSelector: .bootbox-body' in '30' second(s)

2021-11-23 09:51:27 - [MESSAGE][INFO] - Smart Wait Function is triggered

2021-11-23 09:51:27 - [MESSAGE][INFO] - Found 1 web elements with id: 'Object Repository/Popup/Popup' located by 'By.cssSelector: .bootbox-body' in '30' second(s)

2021-11-23 09:51:27 - [MESSAGE][INFO] - Getting text of object 'Object Repository/Popup/Popup'

2021-11-23 09:51:27 - [MESSAGE][PASSED] - Text of object 'Object Repository/Popup/Popup' is: 'Lütfen rapor bildiriminin gönderileceği e-posta adresini belirtiniz.
e-Posta Adresi'

2021-11-23 09:51:27 - [TEST_STEP][PASSED] - RaporNo = getText(findTestObject("Popup/Popup")).substring(0, 6): Text of object 'Object Repository/Popup/Popup' is: 'Lütfen rapor bildiriminin gönderileceği e-posta adresini belirtiniz.
e-Posta Adresi'

2021-11-23 09:51:27 - [MESSAGE][INFO] - Finding Test Object 'Object Repository/Popup/Popup'

2021-11-23 09:51:27 - [MESSAGE][INFO] - Checking object

2021-11-23 09:51:27 - [MESSAGE][INFO] - Finding web element from Test Object's properties

2021-11-23 09:51:27 - [MESSAGE][INFO] - Checking timeout

2021-11-23 09:51:27 - [MESSAGE][INFO] - Finding web element with id: 'Object Repository/Popup/Popup' located by 'By.cssSelector: .bootbox-body' in '30' second(s)

2021-11-23 09:51:27 - [MESSAGE][INFO] - Smart Wait Function is triggered

2021-11-23 09:51:28 - [MESSAGE][INFO] - Found 1 web elements with id: 'Object Repository/Popup/Popup' located by 'By.cssSelector: .bootbox-body' in '30' second(s)

2021-11-23 09:51:28 - [MESSAGE][INFO] - Getting text of object 'Object Repository/Popup/Popup'

2021-11-23 09:51:28 - [MESSAGE][PASSED] - Text of object 'Object Repository/Popup/Popup' is: 'Lütfen rapor bildiriminin gönderileceği e-posta adresini belirtiniz.
e-Posta Adresi'

2021-11-23 09:51:28 - [TEST_STEP][PASSED] - Console.println(RaporNo): null

2021-11-23 09:51:28 - [MESSAGE][PASSED] - Call Test Case 'Test Cases/Popup/PopupMesajiIceriyorMu' successfully

2021-11-23 09:51:28 - [MESSAGE][INFO] - Checking called Test Case

2021-11-23 09:51:28 - [MESSAGE][INFO] - Starting to call Test Case 'Test Cases/Popup/PopupaEmailEklenir'

2021-11-23 09:51:28 - [TEST_CASE][PASSED] - Test Cases/Popup/PopupaEmailEklenir: Test Cases/Popup/PopupaEmailEklenir

2021-11-23 09:51:28 - [TEST_STEP][PASSED] - clearText(findTestObject("Popup/EmailText")): Text of object 'Object Repository/Popup/EmailText' is cleared

2021-11-23 09:51:28 - [MESSAGE][INFO] - Finding Test Object 'Object Repository/Popup/EmailText'

2021-11-23 09:51:28 - [MESSAGE][INFO] - Checking object

2021-11-23 09:51:28 - [MESSAGE][INFO] - Finding web element from Test Object's properties

2021-11-23 09:51:28 - [MESSAGE][INFO] - Checking timeout

2021-11-23 09:51:28 - [MESSAGE][INFO] - Finding web element with id: 'Object Repository/Popup/EmailText' located by 'By.xpath: //*[@id="eMails"]' in '30' second(s)

2021-11-23 09:51:28 - [MESSAGE][INFO] - Smart Wait Function is triggered

2021-11-23 09:51:28 - [MESSAGE][INFO] - Found 1 web elements with id: 'Object Repository/Popup/EmailText' located by 'By.xpath: //*[@id="eMails"]' in '30' second(s)

2021-11-23 09:51:28 - [MESSAGE][INFO] - Clearing text of object 'Object Repository/Popup/EmailText'

2021-11-23 09:51:28 - [MESSAGE][PASSED] - Text of object 'Object Repository/Popup/EmailText' is cleared

2021-11-23 09:51:28 - [TEST_STEP][PASSED] - sendKeys(findTestObject("Popup/EmailText"), Email): Keys 'elogotest@gmail.com;ali.kara@logo.com.tr' sent to object: 'Object Repository/Popup/EmailText'

2021-11-23 09:51:28 - [MESSAGE][INFO] - Finding Test Object 'Object Repository/Popup/EmailText'

2021-11-23 09:51:28 - [MESSAGE][INFO] - Sending keys 'elogotest@gmail.com;ali.kara@logo.com.tr' to object: 'Object Repository/Popup/EmailText'

2021-11-23 09:51:28 - [MESSAGE][INFO] - Finding web element from Test Object's properties

2021-11-23 09:51:28 - [MESSAGE][INFO] - Checking timeout

2021-11-23 09:51:28 - [MESSAGE][INFO] - Finding web element with id: 'Object Repository/Popup/EmailText' located by 'By.xpath: //*[@id="eMails"]' in '30' second(s)

2021-11-23 09:51:28 - [MESSAGE][INFO] - Smart Wait Function is triggered

2021-11-23 09:51:28 - [MESSAGE][INFO] - Found 1 web elements with id: 'Object Repository/Popup/EmailText' located by 'By.xpath: //*[@id="eMails"]' in '30' second(s)

2021-11-23 09:51:28 - [MESSAGE][PASSED] - Keys 'elogotest@gmail.com;ali.kara@logo.com.tr' sent to object: 'Object Repository/Popup/EmailText'

2021-11-23 09:51:28 - [MESSAGE][PASSED] - Call Test Case 'Test Cases/Popup/PopupaEmailEklenir' successfully

2021-11-23 09:51:28 - [MESSAGE][INFO] - Checking called Test Case

2021-11-23 09:51:28 - [MESSAGE][INFO] - Starting to call Test Case 'Test Cases/Popup/PopupButonSecilir'

2021-11-23 09:51:29 - [TEST_CASE][PASSED] - Test Cases/Popup/PopupButonSecilir: Test Cases/Popup/PopupButonSecilir

2021-11-23 09:51:29 - [TEST_STEP][PASSED] - Method.TextDegerineEsitElementeTikla(findTestObject("Popup/Popup_Butons"), Buton): Method.TextDegerineEsitElementeTikla is PASSED

2021-11-23 09:51:29 - [MESSAGE][INFO] - Finding Test Object 'Object Repository/Popup/Popup_Butons'

2021-11-23 09:51:29 - [MESSAGE][INFO] - Checking timeout

2021-11-23 09:51:29 - [MESSAGE][INFO] - Finding web element with id: 'Object Repository/Popup/Popup_Butons' located by 'By.cssSelector: .modal-footer>button' in '10' second(s)

2021-11-23 09:51:29 - [MESSAGE][INFO] - Smart Wait Function is triggered

2021-11-23 09:51:29 - [MESSAGE][INFO] - Found 2 web elements with id: 'Object Repository/Popup/Popup_Butons' located by 'By.cssSelector: .modal-footer>button' in '10' second(s)

2021-11-23 09:51:29 - [MESSAGE][PASSED] - Method.TextDegerineEsitElementeTikla is PASSED

2021-11-23 09:51:29 - [MESSAGE][PASSED] - Call Test Case 'Test Cases/Popup/PopupButonSecilir' successfully

2021-11-23 09:51:29 - [MESSAGE][INFO] - Checking called Test Case

2021-11-23 09:51:29 - [MESSAGE][INFO] - Starting to call Test Case 'Test Cases/Popup/PopupMesajiIceriyorMu'

2021-11-23 09:51:29 - [TEST_CASE][PASSED] - Test Cases/Popup/PopupMesajiIceriyorMu: Test Cases/Popup/PopupMesajiIceriyorMu

2021-11-23 09:51:29 - [TEST_STEP][PASSED] - waitForElementVisible(findTestObject("Popup/Popup"), 10): Object 'Object Repository/Popup/Popup' is visible

2021-11-23 09:51:29 - [MESSAGE][INFO] - Finding Test Object 'Object Repository/Popup/Popup'

2021-11-23 09:51:29 - [MESSAGE][INFO] - Checking object

2021-11-23 09:51:29 - [MESSAGE][INFO] - Checking timeout

2021-11-23 09:51:29 - [MESSAGE][INFO] - Finding web element from Test Object's properties

2021-11-23 09:51:29 - [MESSAGE][INFO] - Checking timeout

2021-11-23 09:51:29 - [MESSAGE][INFO] - Finding web element with id: 'Object Repository/Popup/Popup' located by 'By.cssSelector: .bootbox-body' in '10' second(s)

2021-11-23 09:51:29 - [MESSAGE][INFO] - Smart Wait Function is triggered

2021-11-23 09:51:30 - [MESSAGE][INFO] - Found 1 web elements with id: 'Object Repository/Popup/Popup' located by 'By.cssSelector: .bootbox-body' in '10' second(s)

2021-11-23 09:51:30 - [MESSAGE][PASSED] - Object 'Object Repository/Popup/Popup' is visible

2021-11-23 09:51:30 - [TEST_STEP][PASSED] - if (!(getText(findTestObject("Popup/Popup")).contains(Mesaj))): Text of object 'Object Repository/Popup/Popup' is: '17623 no’lu talebiniz işleme alınmıştır. Raporunuz hazırlandığında (elogotest@gmail.com;ali.kara@logo.com.tr) adresinize mail gönderilecektir.
Rapor durumunuzu Raporlar > Toplu Veri İndirme ekranından takip edebilir, hazırlandı durumundaki raporlarınızı ilgili menüden indirebilirsiniz.'

2021-11-23 09:51:30 - [MESSAGE][INFO] - Finding Test Object 'Object Repository/Popup/Popup'

2021-11-23 09:51:30 - [MESSAGE][INFO] - Checking object

2021-11-23 09:51:30 - [MESSAGE][INFO] - Finding web element from Test Object's properties

2021-11-23 09:51:30 - [MESSAGE][INFO] - Checking timeout

2021-11-23 09:51:30 - [MESSAGE][INFO] - Finding web element with id: 'Object Repository/Popup/Popup' located by 'By.cssSelector: .bootbox-body' in '30' second(s)

2021-11-23 09:51:30 - [MESSAGE][INFO] - Smart Wait Function is triggered

2021-11-23 09:51:30 - [MESSAGE][INFO] - Found 1 web elements with id: 'Object Repository/Popup/Popup' located by 'By.cssSelector: .bootbox-body' in '30' second(s)

2021-11-23 09:51:30 - [MESSAGE][INFO] - Getting text of object 'Object Repository/Popup/Popup'

2021-11-23 09:51:30 - [MESSAGE][PASSED] - Text of object 'Object Repository/Popup/Popup' is: '17623 no’lu talebiniz işleme alınmıştır. Raporunuz hazırlandığında (elogotest@gmail.com;ali.kara@logo.com.tr) adresinize mail gönderilecektir.
Rapor durumunuzu Raporlar > Toplu Veri İndirme ekranından takip edebilir, hazırlandı durumundaki raporlarınızı ilgili menüden indirebilirsiniz.'

2021-11-23 09:51:30 - [TEST_STEP][PASSED] - RaporNo = getText(findTestObject("Popup/Popup")).substring(0, 6): Text of object 'Object Repository/Popup/Popup' is: '17623 no’lu talebiniz işleme alınmıştır. Raporunuz hazırlandığında (elogotest@gmail.com;ali.kara@logo.com.tr) adresinize mail gönderilecektir.
Rapor durumunuzu Raporlar > Toplu Veri İndirme ekranından takip edebilir, hazırlandı durumundaki raporlarınızı ilgili menüden indirebilirsiniz.'

2021-11-23 09:51:30 - [MESSAGE][INFO] - Finding Test Object 'Object Repository/Popup/Popup'

2021-11-23 09:51:30 - [MESSAGE][INFO] - Checking object

2021-11-23 09:51:30 - [MESSAGE][INFO] - Finding web element from Test Object's properties

2021-11-23 09:51:30 - [MESSAGE][INFO] - Checking timeout

2021-11-23 09:51:30 - [MESSAGE][INFO] - Finding web element with id: 'Object Repository/Popup/Popup' located by 'By.cssSelector: .bootbox-body' in '30' second(s)

2021-11-23 09:51:30 - [MESSAGE][INFO] - Smart Wait Function is triggered

2021-11-23 09:51:31 - [MESSAGE][INFO] - Found 1 web elements with id: 'Object Repository/Popup/Popup' located by 'By.cssSelector: .bootbox-body' in '30' second(s)

2021-11-23 09:51:31 - [MESSAGE][INFO] - Getting text of object 'Object Repository/Popup/Popup'

2021-11-23 09:51:31 - [MESSAGE][PASSED] - Text of object 'Object Repository/Popup/Popup' is: '17623 no’lu talebiniz işleme alınmıştır. Raporunuz hazırlandığında (elogotest@gmail.com;ali.kara@logo.com.tr) adresinize mail gönderilecektir.
Rapor durumunuzu Raporlar > Toplu Veri İndirme ekranından takip edebilir, hazırlandı durumundaki raporlarınızı ilgili menüden indirebilirsiniz.'

2021-11-23 09:51:31 - [TEST_STEP][PASSED] - Console.println(RaporNo): null

2021-11-23 09:51:31 - [MESSAGE][PASSED] - Call Test Case 'Test Cases/Popup/PopupMesajiIceriyorMu' successfully

2021-11-23 09:51:31 - [MESSAGE][INFO] - Checking called Test Case

2021-11-23 09:51:31 - [MESSAGE][INFO] - Starting to call Test Case 'Test Cases/Popup/PopupButonSecilir'

2021-11-23 09:51:31 - [TEST_CASE][PASSED] - Test Cases/Popup/PopupButonSecilir: Test Cases/Popup/PopupButonSecilir

2021-11-23 09:51:31 - [TEST_STEP][PASSED] - Method.TextDegerineEsitElementeTikla(findTestObject("Popup/Popup_Butons"), Buton): Method.TextDegerineEsitElementeTikla is PASSED

2021-11-23 09:51:31 - [MESSAGE][INFO] - Finding Test Object 'Object Repository/Popup/Popup_Butons'

2021-11-23 09:51:31 - [MESSAGE][INFO] - Checking timeout

2021-11-23 09:51:31 - [MESSAGE][INFO] - Finding web element with id: 'Object Repository/Popup/Popup_Butons' located by 'By.cssSelector: .modal-footer>button' in '10' second(s)

2021-11-23 09:51:31 - [MESSAGE][INFO] - Smart Wait Function is triggered

2021-11-23 09:51:31 - [MESSAGE][INFO] - Found 1 web elements with id: 'Object Repository/Popup/Popup_Butons' located by 'By.cssSelector: .modal-footer>button' in '10' second(s)

2021-11-23 09:51:31 - [MESSAGE][PASSED] - Method.TextDegerineEsitElementeTikla is PASSED

2021-11-23 09:51:31 - [MESSAGE][PASSED] - Call Test Case 'Test Cases/Popup/PopupButonSecilir' successfully

2021-11-23 09:51:31 - [MESSAGE][INFO] - Checking called Test Case

2021-11-23 09:51:31 - [MESSAGE][INFO] - Starting to call Test Case 'Test Cases/Butonlar/ButonaTikla'

2021-11-23 09:51:31 - [TEST_CASE][PASSED] - Test Cases/Butonlar/ButonaTikla: Test Cases/Butonlar/ButonaTikla

2021-11-23 09:51:31 - [TEST_STEP][PASSED] - Method.TextDegerineEsitElementeTiklaEquals(findTestObject("Butonlar/Butonlar"), Buton_Adi): Method.TextDegerineEsitElementeTiklaEquals is PASSED

2021-11-23 09:51:31 - [MESSAGE][INFO] - Finding Test Object 'Object Repository/Butonlar/Butonlar'

2021-11-23 09:51:31 - [MESSAGE][INFO] - Checking timeout

2021-11-23 09:51:31 - [MESSAGE][INFO] - Finding web element with id: 'Object Repository/Butonlar/Butonlar' located by 'By.cssSelector: .panel.panel-default.text-center.footerPanel .btn,.btn.btn-primary.btnControls' in '10' second(s)

2021-11-23 09:51:31 - [MESSAGE][INFO] - Smart Wait Function is triggered

2021-11-23 09:51:32 - [MESSAGE][INFO] - Found 6 web elements with id: 'Object Repository/Butonlar/Butonlar' located by 'By.cssSelector: .panel.panel-default.text-center.footerPanel .btn,.btn.btn-primary.btnControls' in '10' second(s)

2021-11-23 09:51:32 - [MESSAGE][PASSED] - Method.TextDegerineEsitElementeTiklaEquals is PASSED

2021-11-23 09:51:32 - [MESSAGE][PASSED] - Call Test Case 'Test Cases/Butonlar/ButonaTikla' successfully

2021-11-23 09:51:32 - [MESSAGE][INFO] - Checking called Test Case

2021-11-23 09:51:32 - [MESSAGE][INFO] - Starting to call Test Case 'Test Cases/Butonlar/AltButonaTikla'

2021-11-23 09:51:32 - [TEST_CASE][PASSED] - Test Cases/Butonlar/AltButonaTikla: Test Cases/Butonlar/AltButonaTikla

2021-11-23 09:51:32 - [TEST_STEP][PASSED] - Method.TextDegerineEsitElementeTikla(findTestObject("Butonlar/AltButonlar"), Alt_Buton): Method.TextDegerineEsitElementeTikla is PASSED

2021-11-23 09:51:32 - [MESSAGE][INFO] - Finding Test Object 'Object Repository/Butonlar/AltButonlar'

2021-11-23 09:51:32 - [MESSAGE][INFO] - Checking timeout

2021-11-23 09:51:32 - [MESSAGE][INFO] - Finding web element with id: 'Object Repository/Butonlar/AltButonlar' located by 'By.cssSelector: .btn-group.open li>a' in '10' second(s)

2021-11-23 09:51:32 - [MESSAGE][INFO] - Smart Wait Function is triggered

2021-11-23 09:51:32 - [MESSAGE][INFO] - Found 2 web elements with id: 'Object Repository/Butonlar/AltButonlar' located by 'By.cssSelector: .btn-group.open li>a' in '10' second(s)

2021-11-23 09:51:32 - [MESSAGE][PASSED] - Method.TextDegerineEsitElementeTikla is PASSED

2021-11-23 09:51:32 - [MESSAGE][PASSED] - Call Test Case 'Test Cases/Butonlar/AltButonaTikla' successfully

2021-11-23 09:51:32 - [MESSAGE][INFO] - Checking called Test Case

2021-11-23 09:51:32 - [MESSAGE][INFO] - Starting to call Test Case 'Test Cases/Popup/PopupMesajiIceriyorMu'

2021-11-23 09:51:32 - [TEST_CASE][PASSED] - Test Cases/Popup/PopupMesajiIceriyorMu: Test Cases/Popup/PopupMesajiIceriyorMu

2021-11-23 09:51:32 - [TEST_STEP][PASSED] - waitForElementVisible(findTestObject("Popup/Popup"), 10): Object 'Object Repository/Popup/Popup' is visible

2021-11-23 09:51:32 - [MESSAGE][INFO] - Finding Test Object 'Object Repository/Popup/Popup'

2021-11-23 09:51:33 - [MESSAGE][INFO] - Checking object

2021-11-23 09:51:33 - [MESSAGE][INFO] - Checking timeout

2021-11-23 09:51:33 - [MESSAGE][INFO] - Finding web element from Test Object's properties

2021-11-23 09:51:33 - [MESSAGE][INFO] - Checking timeout

2021-11-23 09:51:33 - [MESSAGE][INFO] - Finding web element with id: 'Object Repository/Popup/Popup' located by 'By.cssSelector: .bootbox-body' in '10' second(s)

2021-11-23 09:51:33 - [MESSAGE][INFO] - Smart Wait Function is triggered

2021-11-23 09:51:33 - [MESSAGE][INFO] - Found 1 web elements with id: 'Object Repository/Popup/Popup' located by 'By.cssSelector: .bootbox-body' in '10' second(s)

2021-11-23 09:51:33 - [MESSAGE][PASSED] - Object 'Object Repository/Popup/Popup' is visible

2021-11-23 09:51:33 - [TEST_STEP][PASSED] - if (!(getText(findTestObject("Popup/Popup")).contains(Mesaj))): Text of object 'Object Repository/Popup/Popup' is: 'Lütfen rapor bildiriminin gönderileceği e-posta adresini belirtiniz.
e-Posta Adresi'

2021-11-23 09:51:33 - [MESSAGE][INFO] - Finding Test Object 'Object Repository/Popup/Popup'

2021-11-23 09:51:33 - [MESSAGE][INFO] - Checking object

2021-11-23 09:51:33 - [MESSAGE][INFO] - Finding web element from Test Object's properties

2021-11-23 09:51:33 - [MESSAGE][INFO] - Checking timeout

2021-11-23 09:51:33 - [MESSAGE][INFO] - Finding web element with id: 'Object Repository/Popup/Popup' located by 'By.cssSelector: .bootbox-body' in '30' second(s)

2021-11-23 09:51:33 - [MESSAGE][INFO] - Smart Wait Function is triggered

2021-11-23 09:51:33 - [MESSAGE][INFO] - Found 1 web elements with id: 'Object Repository/Popup/Popup' located by 'By.cssSelector: .bootbox-body' in '30' second(s)

2021-11-23 09:51:33 - [MESSAGE][INFO] - Getting text of object 'Object Repository/Popup/Popup'

2021-11-23 09:51:33 - [MESSAGE][PASSED] - Text of object 'Object Repository/Popup/Popup' is: 'Lütfen rapor bildiriminin gönderileceği e-posta adresini belirtiniz.
e-Posta Adresi'

2021-11-23 09:51:33 - [TEST_STEP][PASSED] - RaporNo = getText(findTestObject("Popup/Popup")).substring(0, 6): Text of object 'Object Repository/Popup/Popup' is: 'Lütfen rapor bildiriminin gönderileceği e-posta adresini belirtiniz.
e-Posta Adresi'

2021-11-23 09:51:33 - [MESSAGE][INFO] - Finding Test Object 'Object Repository/Popup/Popup'

2021-11-23 09:51:33 - [MESSAGE][INFO] - Checking object

2021-11-23 09:51:33 - [MESSAGE][INFO] - Finding web element from Test Object's properties

2021-11-23 09:51:33 - [MESSAGE][INFO] - Checking timeout

2021-11-23 09:51:33 - [MESSAGE][INFO] - Finding web element with id: 'Object Repository/Popup/Popup' located by 'By.cssSelector: .bootbox-body' in '30' second(s)

2021-11-23 09:51:33 - [MESSAGE][INFO] - Smart Wait Function is triggered

2021-11-23 09:51:34 - [MESSAGE][INFO] - Found 1 web elements with id: 'Object Repository/Popup/Popup' located by 'By.cssSelector: .bootbox-body' in '30' second(s)

2021-11-23 09:51:34 - [MESSAGE][INFO] - Getting text of object 'Object Repository/Popup/Popup'

2021-11-23 09:51:34 - [MESSAGE][PASSED] - Text of object 'Object Repository/Popup/Popup' is: 'Lütfen rapor bildiriminin gönderileceği e-posta adresini belirtiniz.
e-Posta Adresi'

2021-11-23 09:51:34 - [TEST_STEP][PASSED] - Console.println(RaporNo): null

2021-11-23 09:51:34 - [MESSAGE][PASSED] - Call Test Case 'Test Cases/Popup/PopupMesajiIceriyorMu' successfully

2021-11-23 09:51:34 - [MESSAGE][INFO] - Checking called Test Case

2021-11-23 09:51:34 - [MESSAGE][INFO] - Starting to call Test Case 'Test Cases/Popup/PopupaEmailEklenir'

2021-11-23 09:51:34 - [TEST_CASE][PASSED] - Test Cases/Popup/PopupaEmailEklenir: Test Cases/Popup/PopupaEmailEklenir

2021-11-23 09:51:34 - [TEST_STEP][PASSED] - clearText(findTestObject("Popup/EmailText")): Text of object 'Object Repository/Popup/EmailText' is cleared

2021-11-23 09:51:34 - [MESSAGE][INFO] - Finding Test Object 'Object Repository/Popup/EmailText'

2021-11-23 09:51:34 - [MESSAGE][INFO] - Checking object

2021-11-23 09:51:34 - [MESSAGE][INFO] - Finding web element from Test Object's properties

2021-11-23 09:51:34 - [MESSAGE][INFO] - Checking timeout

2021-11-23 09:51:34 - [MESSAGE][INFO] - Finding web element with id: 'Object Repository/Popup/EmailText' located by 'By.xpath: //*[@id="eMails"]' in '30' second(s)

2021-11-23 09:51:34 - [MESSAGE][INFO] - Smart Wait Function is triggered

2021-11-23 09:51:34 - [MESSAGE][INFO] - Found 1 web elements with id: 'Object Repository/Popup/EmailText' located by 'By.xpath: //*[@id="eMails"]' in '30' second(s)

2021-11-23 09:51:34 - [MESSAGE][INFO] - Clearing text of object 'Object Repository/Popup/EmailText'

2021-11-23 09:51:34 - [MESSAGE][PASSED] - Text of object 'Object Repository/Popup/EmailText' is cleared

2021-11-23 09:51:34 - [TEST_STEP][PASSED] - sendKeys(findTestObject("Popup/EmailText"), Email): Keys 'elogotest@gmail.com;ali.kara@logo.com.tr' sent to object: 'Object Repository/Popup/EmailText'

2021-11-23 09:51:34 - [MESSAGE][INFO] - Finding Test Object 'Object Repository/Popup/EmailText'

2021-11-23 09:51:34 - [MESSAGE][INFO] - Sending keys 'elogotest@gmail.com;ali.kara@logo.com.tr' to object: 'Object Repository/Popup/EmailText'

2021-11-23 09:51:34 - [MESSAGE][INFO] - Finding web element from Test Object's properties

2021-11-23 09:51:34 - [MESSAGE][INFO] - Checking timeout

2021-11-23 09:51:34 - [MESSAGE][INFO] - Finding web element with id: 'Object Repository/Popup/EmailText' located by 'By.xpath: //*[@id="eMails"]' in '30' second(s)

2021-11-23 09:51:34 - [MESSAGE][INFO] - Smart Wait Function is triggered

2021-11-23 09:51:35 - [MESSAGE][INFO] - Found 1 web elements with id: 'Object Repository/Popup/EmailText' located by 'By.xpath: //*[@id="eMails"]' in '30' second(s)

2021-11-23 09:51:35 - [MESSAGE][PASSED] - Keys 'elogotest@gmail.com;ali.kara@logo.com.tr' sent to object: 'Object Repository/Popup/EmailText'

2021-11-23 09:51:35 - [MESSAGE][PASSED] - Call Test Case 'Test Cases/Popup/PopupaEmailEklenir' successfully

2021-11-23 09:51:35 - [MESSAGE][INFO] - Checking called Test Case

2021-11-23 09:51:35 - [MESSAGE][INFO] - Starting to call Test Case 'Test Cases/Popup/PopupButonSecilir'

2021-11-23 09:51:35 - [TEST_CASE][PASSED] - Test Cases/Popup/PopupButonSecilir: Test Cases/Popup/PopupButonSecilir

2021-11-23 09:51:35 - [TEST_STEP][PASSED] - Method.TextDegerineEsitElementeTikla(findTestObject("Popup/Popup_Butons"), Buton): Method.TextDegerineEsitElementeTikla is PASSED

2021-11-23 09:51:35 - [MESSAGE][INFO] - Finding Test Object 'Object Repository/Popup/Popup_Butons'

2021-11-23 09:51:35 - [MESSAGE][INFO] - Checking timeout

2021-11-23 09:51:35 - [MESSAGE][INFO] - Finding web element with id: 'Object Repository/Popup/Popup_Butons' located by 'By.cssSelector: .modal-footer>button' in '10' second(s)

2021-11-23 09:51:35 - [MESSAGE][INFO] - Smart Wait Function is triggered

2021-11-23 09:51:35 - [MESSAGE][INFO] - Found 2 web elements with id: 'Object Repository/Popup/Popup_Butons' located by 'By.cssSelector: .modal-footer>button' in '10' second(s)

2021-11-23 09:51:35 - [MESSAGE][PASSED] - Method.TextDegerineEsitElementeTikla is PASSED

2021-11-23 09:51:35 - [MESSAGE][PASSED] - Call Test Case 'Test Cases/Popup/PopupButonSecilir' successfully

2021-11-23 09:51:35 - [MESSAGE][INFO] - Checking called Test Case

2021-11-23 09:51:35 - [MESSAGE][INFO] - Starting to call Test Case 'Test Cases/Popup/PopupMesajiIceriyorMu'

2021-11-23 09:51:35 - [TEST_CASE][PASSED] - Test Cases/Popup/PopupMesajiIceriyorMu: Test Cases/Popup/PopupMesajiIceriyorMu

2021-11-23 09:51:35 - [TEST_STEP][PASSED] - waitForElementVisible(findTestObject("Popup/Popup"), 10): Object 'Object Repository/Popup/Popup' is visible

2021-11-23 09:51:35 - [MESSAGE][INFO] - Finding Test Object 'Object Repository/Popup/Popup'

2021-11-23 09:51:36 - [MESSAGE][INFO] - Checking object

2021-11-23 09:51:36 - [MESSAGE][INFO] - Checking timeout

2021-11-23 09:51:36 - [MESSAGE][INFO] - Finding web element from Test Object's properties

2021-11-23 09:51:36 - [MESSAGE][INFO] - Checking timeout

2021-11-23 09:51:36 - [MESSAGE][INFO] - Finding web element with id: 'Object Repository/Popup/Popup' located by 'By.cssSelector: .bootbox-body' in '10' second(s)

2021-11-23 09:51:36 - [MESSAGE][INFO] - Smart Wait Function is triggered

2021-11-23 09:51:36 - [MESSAGE][INFO] - Found 1 web elements with id: 'Object Repository/Popup/Popup' located by 'By.cssSelector: .bootbox-body' in '10' second(s)

2021-11-23 09:51:36 - [MESSAGE][PASSED] - Object 'Object Repository/Popup/Popup' is visible

2021-11-23 09:51:36 - [TEST_STEP][PASSED] - if (!(getText(findTestObject("Popup/Popup")).contains(Mesaj))): Text of object 'Object Repository/Popup/Popup' is: '17624 no’lu talebiniz işleme alınmıştır. Raporunuz hazırlandığında (elogotest@gmail.com;ali.kara@logo.com.tr) adresinize mail gönderilecektir.
Rapor durumunuzu Raporlar > Toplu Veri İndirme ekranından takip edebilir, hazırlandı durumundaki raporlarınızı ilgili menüden indirebilirsiniz.'

2021-11-23 09:51:36 - [MESSAGE][INFO] - Finding Test Object 'Object Repository/Popup/Popup'

2021-11-23 09:51:36 - [MESSAGE][INFO] - Checking object

2021-11-23 09:51:36 - [MESSAGE][INFO] - Finding web element from Test Object's properties

2021-11-23 09:51:36 - [MESSAGE][INFO] - Checking timeout

2021-11-23 09:51:36 - [MESSAGE][INFO] - Finding web element with id: 'Object Repository/Popup/Popup' located by 'By.cssSelector: .bootbox-body' in '30' second(s)

2021-11-23 09:51:36 - [MESSAGE][INFO] - Smart Wait Function is triggered

2021-11-23 09:51:36 - [MESSAGE][INFO] - Found 1 web elements with id: 'Object Repository/Popup/Popup' located by 'By.cssSelector: .bootbox-body' in '30' second(s)

2021-11-23 09:51:36 - [MESSAGE][INFO] - Getting text of object 'Object Repository/Popup/Popup'

2021-11-23 09:51:36 - [MESSAGE][PASSED] - Text of object 'Object Repository/Popup/Popup' is: '17624 no’lu talebiniz işleme alınmıştır. Raporunuz hazırlandığında (elogotest@gmail.com;ali.kara@logo.com.tr) adresinize mail gönderilecektir.
Rapor durumunuzu Raporlar > Toplu Veri İndirme ekranından takip edebilir, hazırlandı durumundaki raporlarınızı ilgili menüden indirebilirsiniz.'

2021-11-23 09:51:36 - [TEST_STEP][PASSED] - RaporNo = getText(findTestObject("Popup/Popup")).substring(0, 6): Text of object 'Object Repository/Popup/Popup' is: '17624 no’lu talebiniz işleme alınmıştır. Raporunuz hazırlandığında (elogotest@gmail.com;ali.kara@logo.com.tr) adresinize mail gönderilecektir.
Rapor durumunuzu Raporlar > Toplu Veri İndirme ekranından takip edebilir, hazırlandı durumundaki raporlarınızı ilgili menüden indirebilirsiniz.'

2021-11-23 09:51:36 - [MESSAGE][INFO] - Finding Test Object 'Object Repository/Popup/Popup'

2021-11-23 09:51:37 - [MESSAGE][INFO] - Checking object

2021-11-23 09:51:37 - [MESSAGE][INFO] - Finding web element from Test Object's properties

2021-11-23 09:51:37 - [MESSAGE][INFO] - Checking timeout

2021-11-23 09:51:37 - [MESSAGE][INFO] - Finding web element with id: 'Object Repository/Popup/Popup' located by 'By.cssSelector: .bootbox-body' in '30' second(s)

2021-11-23 09:51:37 - [MESSAGE][INFO] - Smart Wait Function is triggered

2021-11-23 09:51:37 - [MESSAGE][INFO] - Found 1 web elements with id: 'Object Repository/Popup/Popup' located by 'By.cssSelector: .bootbox-body' in '30' second(s)

2021-11-23 09:51:37 - [MESSAGE][INFO] - Getting text of object 'Object Repository/Popup/Popup'

2021-11-23 09:51:37 - [MESSAGE][PASSED] - Text of object 'Object Repository/Popup/Popup' is: '17624 no’lu talebiniz işleme alınmıştır. Raporunuz hazırlandığında (elogotest@gmail.com;ali.kara@logo.com.tr) adresinize mail gönderilecektir.
Rapor durumunuzu Raporlar > Toplu Veri İndirme ekranından takip edebilir, hazırlandı durumundaki raporlarınızı ilgili menüden indirebilirsiniz.'

2021-11-23 09:51:37 - [TEST_STEP][PASSED] - Console.println(RaporNo): null

2021-11-23 09:51:37 - [MESSAGE][PASSED] - Call Test Case 'Test Cases/Popup/PopupMesajiIceriyorMu' successfully

2021-11-23 09:51:37 - [MESSAGE][INFO] - Checking called Test Case

2021-11-23 09:51:37 - [MESSAGE][INFO] - Starting to call Test Case 'Test Cases/Popup/PopupButonSecilir'

2021-11-23 09:51:37 - [TEST_CASE][PASSED] - Test Cases/Popup/PopupButonSecilir: Test Cases/Popup/PopupButonSecilir

2021-11-23 09:51:37 - [TEST_STEP][PASSED] - Method.TextDegerineEsitElementeTikla(findTestObject("Popup/Popup_Butons"), Buton): Method.TextDegerineEsitElementeTikla is PASSED

2021-11-23 09:51:37 - [MESSAGE][INFO] - Finding Test Object 'Object Repository/Popup/Popup_Butons'

2021-11-23 09:51:37 - [MESSAGE][INFO] - Checking timeout

2021-11-23 09:51:37 - [MESSAGE][INFO] - Finding web element with id: 'Object Repository/Popup/Popup_Butons' located by 'By.cssSelector: .modal-footer>button' in '10' second(s)

2021-11-23 09:51:37 - [MESSAGE][INFO] - Smart Wait Function is triggered

2021-11-23 09:51:37 - [MESSAGE][INFO] - Found 1 web elements with id: 'Object Repository/Popup/Popup_Butons' located by 'By.cssSelector: .modal-footer>button' in '10' second(s)

2021-11-23 09:51:38 - [MESSAGE][PASSED] - Method.TextDegerineEsitElementeTikla is PASSED

2021-11-23 09:51:38 - [MESSAGE][PASSED] - Call Test Case 'Test Cases/Popup/PopupButonSecilir' successfully

2021-11-23 09:51:38 - [MESSAGE][INFO] - Checking called Test Case

2021-11-23 09:51:38 - [MESSAGE][INFO] - Starting to call Test Case 'Test Cases/Filtreler/DropdownSec'

2021-11-23 09:51:38 - [TEST_CASE][PASSED] - Test Cases/Filtreler/DropdownSec: Test Cases/Filtreler/DropdownSec

2021-11-23 09:51:38 - [TEST_STEP][PASSED] - Method.TextDegerineEsitElementinAltindakineTikla(findTestObject("Filtreler/Basliklar"), findTestObject("Filtreler/Basliga_Gore_Baslangic_Image"), Filtre_Adi): Method.TextDegerineEsitElementinAltindakineTikla is PASSED

2021-11-23 09:51:38 - [MESSAGE][INFO] - Finding Test Object 'Object Repository/Filtreler/Basliklar'

2021-11-23 09:51:38 - [MESSAGE][INFO] - Finding Test Object 'Object Repository/Filtreler/Basliga_Gore_Baslangic_Image'

2021-11-23 09:51:38 - [MESSAGE][INFO] - Checking timeout

2021-11-23 09:51:38 - [MESSAGE][INFO] - Finding web element with id: 'Object Repository/Filtreler/Basliklar' located by 'By.cssSelector: .control-label.col-sm-4.paddingMarginRLC' in '10' second(s)

2021-11-23 09:51:38 - [MESSAGE][INFO] - Smart Wait Function is triggered

2021-11-23 09:51:38 - [MESSAGE][INFO] - Found 8 web elements with id: 'Object Repository/Filtreler/Basliklar' located by 'By.cssSelector: .control-label.col-sm-4.paddingMarginRLC' in '10' second(s)

2021-11-23 09:51:38 - [MESSAGE][INFO] - Smart Wait Function is triggered

2021-11-23 09:51:39 - [MESSAGE][PASSED] - Method.TextDegerineEsitElementinAltindakineTikla is PASSED

2021-11-23 09:51:39 - [TEST_STEP][PASSED] - Method.TextDegerineEsitElementeTikla(findTestObject("Object Repository/Filtreler/Basliga_Gore_Dropdown"), Filtre_Degeri): Method.TextDegerineEsitElementeTikla is PASSED

2021-11-23 09:51:39 - [MESSAGE][INFO] - Finding Test Object 'Object Repository/Filtreler/Basliga_Gore_Dropdown'

2021-11-23 09:51:39 - [MESSAGE][INFO] - Checking timeout

2021-11-23 09:51:39 - [MESSAGE][INFO] - Finding web element with id: 'Object Repository/Filtreler/Basliga_Gore_Dropdown' located by 'By.xpath: //*[@class = 'dxeListBoxItemRow_LECustomTheme']' in '10' second(s)

2021-11-23 09:51:39 - [MESSAGE][INFO] - Smart Wait Function is triggered

2021-11-23 09:51:39 - [MESSAGE][INFO] - Found 10 web elements with id: 'Object Repository/Filtreler/Basliga_Gore_Dropdown' located by 'By.xpath: //*[@class = 'dxeListBoxItemRow_LECustomTheme']' in '10' second(s)

2021-11-23 09:51:39 - [MESSAGE][PASSED] - Method.TextDegerineEsitElementeTikla is PASSED

2021-11-23 09:51:39 - [MESSAGE][PASSED] - Call Test Case 'Test Cases/Filtreler/DropdownSec' successfully

2021-11-23 09:51:39 - [MESSAGE][INFO] - Checking called Test Case

2021-11-23 09:51:39 - [MESSAGE][INFO] - Starting to call Test Case 'Test Cases/Filtreler/ButonaTikla'

2021-11-23 09:51:39 - [TEST_CASE][PASSED] - Test Cases/Filtreler/ButonaTikla: Test Cases/Filtreler/ButonaTikla

2021-11-23 09:51:39 - [TEST_STEP][PASSED] - Method.TextDegerineEsitElementeTikla(findTestObject("Filtreler/Butonlar"), Filtre_Buton): Method.TextDegerineEsitElementeTikla is PASSED

2021-11-23 09:51:39 - [MESSAGE][INFO] - Finding Test Object 'Object Repository/Filtreler/Butonlar'

2021-11-23 09:51:39 - [MESSAGE][INFO] - Checking timeout

2021-11-23 09:51:39 - [MESSAGE][INFO] - Finding web element with id: 'Object Repository/Filtreler/Butonlar' located by 'By.cssSelector: .dxb>span' in '10' second(s)

2021-11-23 09:51:39 - [MESSAGE][INFO] - Smart Wait Function is triggered

2021-11-23 09:51:40 - [MESSAGE][INFO] - Found 3 web elements with id: 'Object Repository/Filtreler/Butonlar' located by 'By.cssSelector: .dxb>span' in '10' second(s)

2021-11-23 09:51:40 - [MESSAGE][PASSED] - Method.TextDegerineEsitElementeTikla is PASSED

2021-11-23 09:51:40 - [MESSAGE][PASSED] - Call Test Case 'Test Cases/Filtreler/ButonaTikla' successfully

2021-11-23 09:51:40 - [MESSAGE][INFO] - Checking called Test Case

2021-11-23 09:51:40 - [MESSAGE][INFO] - Starting to call Test Case 'Test Cases/Tablo/TablodaVeriVarMi'

2021-11-23 09:51:40 - [TEST_CASE][PASSED] - Test Cases/Tablo/TablodaVeriVarMi: Test Cases/Tablo/TablodaVeriVarMi

2021-11-23 09:51:40 - [TEST_STEP][PASSED] - verifyTextNotPresent("Görüntülenecek veri yok", true): Text 'Görüntülenecek veri yok' is not present on page using regular expression

2021-11-23 09:51:40 - [MESSAGE][INFO] - Checking text present  using regular expression

2021-11-23 09:51:40 - [MESSAGE][INFO] - Smart Wait Function is triggered

2021-11-23 09:51:41 - [MESSAGE][INFO] - Finding text 'Görüntülenecek veri yok' on page  using regular expression

2021-11-23 09:51:41 - [MESSAGE][PASSED] - Text 'Görüntülenecek veri yok' is not present on page using regular expression

2021-11-23 09:51:41 - [MESSAGE][PASSED] - Call Test Case 'Test Cases/Tablo/TablodaVeriVarMi' successfully

2021-11-23 09:51:41 - [MESSAGE][INFO] - Checking called Test Case

2021-11-23 09:51:41 - [MESSAGE][INFO] - Starting to call Test Case 'Test Cases/Tablo/TablonunButonunaTikla'

2021-11-23 09:51:41 - [TEST_CASE][PASSED] - Test Cases/Tablo/TablonunButonunaTikla: Test Cases/Tablo/TablonunButonunaTikla

2021-11-23 09:51:41 - [TEST_STEP][PASSED] - Method.TextDegerineEsitElementinAltindakiTextDegerineEsitOlanaTikla(findTestObject("Tablo/Veriler"), findTestObject("Tablo/VerininButonu"), Veri, Buton_Adi): Method.TextDegerineEsitElementinAltindakiTextDegerineEsitOlanaTikla is PASSED

2021-11-23 09:51:41 - [MESSAGE][INFO] - Finding Test Object 'Object Repository/Tablo/Veriler'

2021-11-23 09:51:41 - [MESSAGE][INFO] - Finding Test Object 'Object Repository/Tablo/VerininButonu'

2021-11-23 09:51:41 - [MESSAGE][INFO] - Checking timeout

2021-11-23 09:51:41 - [MESSAGE][INFO] - Finding web element with id: 'Object Repository/Tablo/Veriler' located by 'By.cssSelector: td.dxgv b ,td.dxgv' in '10' second(s)

2021-11-23 09:51:41 - [MESSAGE][INFO] - Smart Wait Function is triggered

2021-11-23 09:51:41 - [MESSAGE][INFO] - Found 110 web elements with id: 'Object Repository/Tablo/Veriler' located by 'By.cssSelector: td.dxgv b ,td.dxgv' in '10' second(s)

2021-11-23 09:51:41 - [MESSAGE][INFO] - Smart Wait Function is triggered

2021-11-23 09:51:42 - [MESSAGE][PASSED] - Method.TextDegerineEsitElementinAltindakiTextDegerineEsitOlanaTikla is PASSED

2021-11-23 09:51:42 - [MESSAGE][PASSED] - Call Test Case 'Test Cases/Tablo/TablonunButonunaTikla' successfully

2021-11-23 09:51:42 - [MESSAGE][INFO] - Checking called Test Case

2021-11-23 09:51:42 - [MESSAGE][INFO] - Starting to call Test Case 'Test Cases/Sekmeler/YeniSekmeyeGec'

2021-11-23 09:51:42 - [TEST_CASE][PASSED] - Test Cases/Sekmeler/YeniSekmeyeGec: Test Cases/Sekmeler/YeniSekmeyeGec

2021-11-23 09:51:42 - [TEST_STEP][PASSED] - switchToWindowIndex(1): Switched to window with index: '1'

2021-11-23 09:51:42 - [MESSAGE][INFO] - Checking index

2021-11-23 09:51:42 - [MESSAGE][INFO] - Switching window with index: '1'

2021-11-23 09:51:42 - [MESSAGE][PASSED] - Switched to window with index: '1'

2021-11-23 09:51:42 - [MESSAGE][PASSED] - Call Test Case 'Test Cases/Sekmeler/YeniSekmeyeGec' successfully

2021-11-23 09:51:42 - [MESSAGE][INFO] - Checking called Test Case

2021-11-23 09:51:42 - [MESSAGE][INFO] - Starting to call Test Case 'Test Cases/Tablo/TablodaVeriVarMi'

2021-11-23 09:51:42 - [TEST_CASE][PASSED] - Test Cases/Tablo/TablodaVeriVarMi: Test Cases/Tablo/TablodaVeriVarMi

2021-11-23 09:51:42 - [TEST_STEP][PASSED] - verifyTextNotPresent("Görüntülenecek veri yok", true): Text 'Görüntülenecek veri yok' is not present on page using regular expression

2021-11-23 09:51:42 - [MESSAGE][INFO] - Checking text present  using regular expression

2021-11-23 09:51:42 - [MESSAGE][INFO] - Smart Wait Function is triggered

2021-11-23 09:51:43 - [MESSAGE][INFO] - Finding text 'Görüntülenecek veri yok' on page  using regular expression

2021-11-23 09:51:43 - [MESSAGE][PASSED] - Text 'Görüntülenecek veri yok' is not present on page using regular expression

2021-11-23 09:51:43 - [MESSAGE][PASSED] - Call Test Case 'Test Cases/Tablo/TablodaVeriVarMi' successfully

2021-11-23 09:51:43 - [MESSAGE][INFO] - Checking called Test Case

2021-11-23 09:51:43 - [MESSAGE][INFO] - Starting to call Test Case 'Test Cases/Sekmeler/Ana_Sekmeye_Gec'

2021-11-23 09:51:43 - [TEST_CASE][PASSED] - Test Cases/Sekmeler/Ana_Sekmeye_Gec: Test Cases/Sekmeler/Ana_Sekmeye_Gec

2021-11-23 09:51:43 - [TEST_STEP][PASSED] - try: Window with index 1 is closed

2021-11-23 09:51:43 - [TEST_STEP][PASSED] - index = getWindowIndex(): Current window's index is: 1

2021-11-23 09:51:43 - [MESSAGE][INFO] - Getting current window's index

2021-11-23 09:51:43 - [MESSAGE][PASSED] - Current window's index is: 1

2021-11-23 09:51:43 - [TEST_STEP][PASSED] - closeWindowIndex(index): Window with index 1 is closed

2021-11-23 09:51:43 - [MESSAGE][INFO] - Checking index

2021-11-23 09:51:43 - [MESSAGE][INFO] - Closing window with index 1

2021-11-23 09:51:43 - [MESSAGE][PASSED] - Window with index 1 is closed

2021-11-23 09:51:43 - [TEST_STEP][PASSED] - switchToWindowIndex(0): Switched to window with index: '0'

2021-11-23 09:51:43 - [MESSAGE][INFO] - Checking index

2021-11-23 09:51:43 - [MESSAGE][INFO] - Switching window with index: '0'

2021-11-23 09:51:43 - [MESSAGE][PASSED] - Switched to window with index: '0'

2021-11-23 09:51:43 - [MESSAGE][PASSED] - Call Test Case 'Test Cases/Sekmeler/Ana_Sekmeye_Gec' successfully

2021-11-23 09:51:43 - [MESSAGE][INFO] - Checking called Test Case

2021-11-23 09:51:43 - [MESSAGE][INFO] - Starting to call Test Case 'Test Cases/Tablo/TablodaVeriVarMi'

2021-11-23 09:51:43 - [TEST_CASE][PASSED] - Test Cases/Tablo/TablodaVeriVarMi: Test Cases/Tablo/TablodaVeriVarMi

2021-11-23 09:51:43 - [TEST_STEP][PASSED] - verifyTextNotPresent("Görüntülenecek veri yok", true): Text 'Görüntülenecek veri yok' is not present on page using regular expression

2021-11-23 09:51:43 - [MESSAGE][INFO] - Checking text present  using regular expression

2021-11-23 09:51:43 - [MESSAGE][INFO] - Smart Wait Function is triggered

2021-11-23 09:51:44 - [MESSAGE][INFO] - Finding text 'Görüntülenecek veri yok' on page  using regular expression

2021-11-23 09:51:44 - [MESSAGE][PASSED] - Text 'Görüntülenecek veri yok' is not present on page using regular expression

2021-11-23 09:51:44 - [MESSAGE][PASSED] - Call Test Case 'Test Cases/Tablo/TablodaVeriVarMi' successfully

2021-11-23 09:51:44 - [MESSAGE][INFO] - Checking called Test Case

2021-11-23 09:51:44 - [MESSAGE][INFO] - Starting to call Test Case 'Test Cases/Tablo/TablodanVeriSec'

2021-11-23 09:51:44 - [TEST_CASE][PASSED] - Test Cases/Tablo/TablodanVeriSec: Test Cases/Tablo/TablodanVeriSec

2021-11-23 09:51:44 - [TEST_STEP][PASSED] - Method.TextDegerineEsitElementinAltindakineTikla(findTestObject("Tablo/Veriler"), findTestObject("Tablo/VerininCheckBoxi"), Veri_Adi): Method.TextDegerineEsitElementinAltindakineTikla is PASSED

2021-11-23 09:51:44 - [MESSAGE][INFO] - Finding Test Object 'Object Repository/Tablo/Veriler'

2021-11-23 09:51:44 - [MESSAGE][INFO] - Finding Test Object 'Object Repository/Tablo/VerininCheckBoxi'

2021-11-23 09:51:44 - [MESSAGE][INFO] - Checking timeout

2021-11-23 09:51:44 - [MESSAGE][INFO] - Finding web element with id: 'Object Repository/Tablo/Veriler' located by 'By.cssSelector: td.dxgv b ,td.dxgv' in '10' second(s)

2021-11-23 09:51:44 - [MESSAGE][INFO] - Smart Wait Function is triggered

2021-11-23 09:51:44 - [MESSAGE][INFO] - Found 110 web elements with id: 'Object Repository/Tablo/Veriler' located by 'By.cssSelector: td.dxgv b ,td.dxgv' in '10' second(s)

2021-11-23 09:51:44 - [MESSAGE][INFO] - Smart Wait Function is triggered

2021-11-23 09:51:45 - [MESSAGE][PASSED] - Method.TextDegerineEsitElementinAltindakineTikla is PASSED

2021-11-23 09:51:45 - [MESSAGE][PASSED] - Call Test Case 'Test Cases/Tablo/TablodanVeriSec' successfully

2021-11-23 09:51:45 - [MESSAGE][INFO] - Checking called Test Case

2021-11-23 09:51:45 - [MESSAGE][INFO] - Starting to call Test Case 'Test Cases/Butonlar/ButonaTikla'

2021-11-23 09:51:45 - [TEST_CASE][PASSED] - Test Cases/Butonlar/ButonaTikla: Test Cases/Butonlar/ButonaTikla

2021-11-23 09:51:45 - [TEST_STEP][PASSED] - Method.TextDegerineEsitElementeTiklaEquals(findTestObject("Butonlar/Butonlar"), Buton_Adi): Method.TextDegerineEsitElementeTiklaEquals is PASSED

2021-11-23 09:51:45 - [MESSAGE][INFO] - Finding Test Object 'Object Repository/Butonlar/Butonlar'

2021-11-23 09:51:45 - [MESSAGE][INFO] - Checking timeout

2021-11-23 09:51:45 - [MESSAGE][INFO] - Finding web element with id: 'Object Repository/Butonlar/Butonlar' located by 'By.cssSelector: .panel.panel-default.text-center.footerPanel .btn,.btn.btn-primary.btnControls' in '10' second(s)

2021-11-23 09:51:45 - [MESSAGE][INFO] - Smart Wait Function is triggered

2021-11-23 09:51:45 - [MESSAGE][INFO] - Found 6 web elements with id: 'Object Repository/Butonlar/Butonlar' located by 'By.cssSelector: .panel.panel-default.text-center.footerPanel .btn,.btn.btn-primary.btnControls' in '10' second(s)

2021-11-23 09:51:45 - [MESSAGE][PASSED] - Method.TextDegerineEsitElementeTiklaEquals is PASSED

2021-11-23 09:51:45 - [MESSAGE][PASSED] - Call Test Case 'Test Cases/Butonlar/ButonaTikla' successfully

2021-11-23 09:51:45 - [MESSAGE][INFO] - Checking called Test Case

2021-11-23 09:51:45 - [MESSAGE][INFO] - Starting to call Test Case 'Test Cases/Sekmeler/YeniSekmeyeGec'

2021-11-23 09:51:45 - [TEST_CASE][PASSED] - Test Cases/Sekmeler/YeniSekmeyeGec: Test Cases/Sekmeler/YeniSekmeyeGec

2021-11-23 09:51:45 - [TEST_STEP][PASSED] - switchToWindowIndex(1): Switched to window with index: '1'

2021-11-23 09:51:45 - [MESSAGE][INFO] - Checking index

2021-11-23 09:51:45 - [MESSAGE][INFO] - Switching window with index: '1'

2021-11-23 09:51:45 - [MESSAGE][PASSED] - Switched to window with index: '1'

2021-11-23 09:51:45 - [MESSAGE][PASSED] - Call Test Case 'Test Cases/Sekmeler/YeniSekmeyeGec' successfully

2021-11-23 09:51:45 - [MESSAGE][INFO] - Checking called Test Case

2021-11-23 09:51:45 - [MESSAGE][INFO] - Starting to call Test Case 'Test Cases/Sekmeler/TagGeldiMi'

2021-11-23 09:51:46 - [TEST_CASE][PASSED] - Test Cases/Sekmeler/TagGeldiMi: Test Cases/Sekmeler/TagGeldiMi

2021-11-23 09:51:46 - [TEST_STEP][PASSED] - waitForElementPresent(findTestObject("Object Repository/Sekmeler/UBLTag"), 10): Object 'Object Repository/Sekmeler/UBLTag' is present

2021-11-23 09:51:46 - [MESSAGE][INFO] - Finding Test Object 'Object Repository/Sekmeler/UBLTag'

2021-11-23 09:51:46 - [MESSAGE][INFO] - Checking object

2021-11-23 09:51:46 - [MESSAGE][INFO] - Finding web element from Test Object's properties

2021-11-23 09:51:46 - [MESSAGE][INFO] - Checking timeout

2021-11-23 09:51:46 - [MESSAGE][INFO] - Finding web element with id: 'Object Repository/Sekmeler/UBLTag' located by 'By.cssSelector: #webkit-xml-viewer-source-xml>:first-child' in '10' second(s)

2021-11-23 09:51:46 - [MESSAGE][INFO] - Smart Wait Function is triggered

2021-11-23 09:51:46 - [MESSAGE][INFO] - Found 1 web elements with id: 'Object Repository/Sekmeler/UBLTag' located by 'By.cssSelector: #webkit-xml-viewer-source-xml>:first-child' in '10' second(s)

2021-11-23 09:51:46 - [MESSAGE][PASSED] - Object 'Object Repository/Sekmeler/UBLTag' is present

2021-11-23 09:51:46 - [TEST_STEP][PASSED] - println(toLowerCase().toString()): Found 1 web elements with id: 'Object Repository/Sekmeler/UBLTag' located by 'By.cssSelector: #webkit-xml-viewer-source-xml>:first-child' in '10' second(s)

2021-11-23 09:51:46 - [MESSAGE][INFO] - Finding Test Object 'Object Repository/Sekmeler/UBLTag'

2021-11-23 09:51:46 - [MESSAGE][INFO] - Finding web element from Test Object's properties

2021-11-23 09:51:46 - [MESSAGE][INFO] - Checking timeout

2021-11-23 09:51:46 - [MESSAGE][INFO] - Finding web element with id: 'Object Repository/Sekmeler/UBLTag' located by 'By.cssSelector: #webkit-xml-viewer-source-xml>:first-child' in '10' second(s)

2021-11-23 09:51:46 - [MESSAGE][INFO] - Smart Wait Function is triggered

2021-11-23 09:51:46 - [MESSAGE][INFO] - Found 1 web elements with id: 'Object Repository/Sekmeler/UBLTag' located by 'By.cssSelector: #webkit-xml-viewer-source-xml>:first-child' in '10' second(s)

2021-11-23 09:51:46 - [TEST_STEP][PASSED] - if (!(toString().contains(toString().toLowerCase()))): Found 1 web elements with id: 'Object Repository/Sekmeler/UBLTag' located by 'By.cssSelector: #webkit-xml-viewer-source-xml>:first-child' in '10' second(s)

2021-11-23 09:51:46 - [MESSAGE][INFO] - Finding Test Object 'Object Repository/Sekmeler/UBLTag'

2021-11-23 09:51:46 - [MESSAGE][INFO] - Finding web element from Test Object's properties

2021-11-23 09:51:46 - [MESSAGE][INFO] - Checking timeout

2021-11-23 09:51:46 - [MESSAGE][INFO] - Finding web element with id: 'Object Repository/Sekmeler/UBLTag' located by 'By.cssSelector: #webkit-xml-viewer-source-xml>:first-child' in '10' second(s)

2021-11-23 09:51:46 - [MESSAGE][INFO] - Smart Wait Function is triggered

2021-11-23 09:51:46 - [MESSAGE][INFO] - Found 1 web elements with id: 'Object Repository/Sekmeler/UBLTag' located by 'By.cssSelector: #webkit-xml-viewer-source-xml>:first-child' in '10' second(s)

2021-11-23 09:51:46 - [MESSAGE][PASSED] - Call Test Case 'Test Cases/Sekmeler/TagGeldiMi' successfully

2021-11-23 09:51:46 - [MESSAGE][INFO] - Checking called Test Case

2021-11-23 09:51:46 - [MESSAGE][INFO] - Starting to call Test Case 'Test Cases/Sekmeler/Ana_Sekmeye_Gec'

2021-11-23 09:51:46 - [TEST_CASE][PASSED] - Test Cases/Sekmeler/Ana_Sekmeye_Gec: Test Cases/Sekmeler/Ana_Sekmeye_Gec

2021-11-23 09:51:46 - [TEST_STEP][PASSED] - try: Window with index 1 is closed

2021-11-23 09:51:46 - [TEST_STEP][PASSED] - index = getWindowIndex(): Current window's index is: 1

2021-11-23 09:51:46 - [MESSAGE][INFO] - Getting current window's index

2021-11-23 09:51:46 - [MESSAGE][PASSED] - Current window's index is: 1

2021-11-23 09:51:46 - [TEST_STEP][PASSED] - closeWindowIndex(index): Window with index 1 is closed

2021-11-23 09:51:46 - [MESSAGE][INFO] - Checking index

2021-11-23 09:51:46 - [MESSAGE][INFO] - Closing window with index 1

2021-11-23 09:51:46 - [MESSAGE][PASSED] - Window with index 1 is closed

2021-11-23 09:51:46 - [TEST_STEP][PASSED] - switchToWindowIndex(0): Switched to window with index: '0'

2021-11-23 09:51:46 - [MESSAGE][INFO] - Checking index

2021-11-23 09:51:46 - [MESSAGE][INFO] - Switching window with index: '0'

2021-11-23 09:51:46 - [MESSAGE][PASSED] - Switched to window with index: '0'

2021-11-23 09:51:46 - [MESSAGE][PASSED] - Call Test Case 'Test Cases/Sekmeler/Ana_Sekmeye_Gec' successfully

2021-11-23 09:51:46 - [MESSAGE][INFO] - Checking called Test Case

2021-11-23 09:51:46 - [MESSAGE][INFO] - Starting to call Test Case 'Test Cases/Butonlar/ButonaTikla'

2021-11-23 09:51:46 - [TEST_CASE][PASSED] - Test Cases/Butonlar/ButonaTikla: Test Cases/Butonlar/ButonaTikla

2021-11-23 09:51:46 - [TEST_STEP][PASSED] - Method.TextDegerineEsitElementeTiklaEquals(findTestObject("Butonlar/Butonlar"), Buton_Adi): Method.TextDegerineEsitElementeTiklaEquals is PASSED

2021-11-23 09:51:46 - [MESSAGE][INFO] - Finding Test Object 'Object Repository/Butonlar/Butonlar'

2021-11-23 09:51:47 - [MESSAGE][INFO] - Checking timeout

2021-11-23 09:51:47 - [MESSAGE][INFO] - Finding web element with id: 'Object Repository/Butonlar/Butonlar' located by 'By.cssSelector: .panel.panel-default.text-center.footerPanel .btn,.btn.btn-primary.btnControls' in '10' second(s)

2021-11-23 09:51:47 - [MESSAGE][INFO] - Smart Wait Function is triggered

2021-11-23 09:51:47 - [MESSAGE][INFO] - Found 6 web elements with id: 'Object Repository/Butonlar/Butonlar' located by 'By.cssSelector: .panel.panel-default.text-center.footerPanel .btn,.btn.btn-primary.btnControls' in '10' second(s)

2021-11-23 09:51:47 - [MESSAGE][PASSED] - Method.TextDegerineEsitElementeTiklaEquals is PASSED

2021-11-23 09:51:47 - [MESSAGE][PASSED] - Call Test Case 'Test Cases/Butonlar/ButonaTikla' successfully

2021-11-23 09:51:47 - [MESSAGE][INFO] - Checking called Test Case

2021-11-23 09:51:47 - [MESSAGE][INFO] - Starting to call Test Case 'Test Cases/Popup/PopupBasligiIceriyorMu'

2021-11-23 09:51:47 - [TEST_CASE][PASSED] - Test Cases/Popup/PopupBasligiIceriyorMu: Test Cases/Popup/PopupBasligiIceriyorMu

2021-11-23 09:51:47 - [TEST_STEP][PASSED] - verifyElementText(findTestObject("Object Repository/Popup/PopupBaslikIceriyorMu"), Name): Actual text and expected text of test object 'Object Repository/Popup/PopupBaslikIceriyorMu' are matched.

2021-11-23 09:51:47 - [MESSAGE][INFO] - Finding Test Object 'Object Repository/Popup/PopupBaslikIceriyorMu'

2021-11-23 09:51:47 - [MESSAGE][INFO] - Checking object

2021-11-23 09:51:47 - [MESSAGE][INFO] - Finding web element from Test Object's properties

2021-11-23 09:51:47 - [MESSAGE][INFO] - Checking timeout

2021-11-23 09:51:47 - [MESSAGE][INFO] - Finding web element with id: 'Object Repository/Popup/PopupBaslikIceriyorMu' located by 'By.xpath: //*[@id = 'modalTitle']' in '30' second(s)

2021-11-23 09:51:47 - [MESSAGE][INFO] - Smart Wait Function is triggered

2021-11-23 09:51:48 - [MESSAGE][INFO] - Found 1 web elements with id: 'Object Repository/Popup/PopupBaslikIceriyorMu' located by 'By.xpath: //*[@id = 'modalTitle']' in '30' second(s)

2021-11-23 09:51:48 - [MESSAGE][PASSED] - Actual text and expected text of test object 'Object Repository/Popup/PopupBaslikIceriyorMu' are matched.

2021-11-23 09:51:48 - [MESSAGE][PASSED] - Call Test Case 'Test Cases/Popup/PopupBasligiIceriyorMu' successfully

2021-11-23 09:51:48 - [MESSAGE][INFO] - Checking called Test Case

2021-11-23 09:51:48 - [MESSAGE][INFO] - Starting to call Test Case 'Test Cases/Popup/PopupKapatilir'

2021-11-23 09:51:48 - [TEST_CASE][PASSED] - Test Cases/Popup/PopupKapatilir: Test Cases/Popup/PopupKapatilir

2021-11-23 09:51:48 - [TEST_STEP][PASSED] - waitForElementClickable(findTestObject("Popup/Kapat"), 10): Object 'Object Repository/Popup/Kapat' is clickable

2021-11-23 09:51:48 - [MESSAGE][INFO] - Finding Test Object 'Object Repository/Popup/Kapat'

2021-11-23 09:51:48 - [MESSAGE][INFO] - Checking object

2021-11-23 09:51:48 - [MESSAGE][INFO] - Checking timeout

2021-11-23 09:51:48 - [MESSAGE][INFO] - Finding web element from Test Object's properties

2021-11-23 09:51:48 - [MESSAGE][INFO] - Checking timeout

2021-11-23 09:51:48 - [MESSAGE][INFO] - Finding web element with id: 'Object Repository/Popup/Kapat' located by 'By.cssSelector: .bootbox-close-button.close' in '10' second(s)

2021-11-23 09:51:48 - [MESSAGE][INFO] - Smart Wait Function is triggered

2021-11-23 09:51:49 - [MESSAGE][INFO] - Found 1 web elements with id: 'Object Repository/Popup/Kapat' located by 'By.cssSelector: .bootbox-close-button.close' in '10' second(s)

2021-11-23 09:51:49 - [MESSAGE][PASSED] - Object 'Object Repository/Popup/Kapat' is clickable

2021-11-23 09:51:49 - [TEST_STEP][PASSED] - click(findTestObject("Popup/Kapat")): Object: 'Object Repository/Popup/Kapat' is clicked on

2021-11-23 09:51:49 - [MESSAGE][INFO] - Finding Test Object 'Object Repository/Popup/Kapat'

2021-11-23 09:51:49 - [MESSAGE][INFO] - Checking object

2021-11-23 09:51:49 - [MESSAGE][INFO] - Finding web element from Test Object's properties

2021-11-23 09:51:49 - [MESSAGE][INFO] - Checking timeout

2021-11-23 09:51:49 - [MESSAGE][INFO] - Finding web element with id: 'Object Repository/Popup/Kapat' located by 'By.cssSelector: .bootbox-close-button.close' in '30' second(s)

2021-11-23 09:51:49 - [MESSAGE][INFO] - Smart Wait Function is triggered

2021-11-23 09:51:49 - [MESSAGE][INFO] - Found 1 web elements with id: 'Object Repository/Popup/Kapat' located by 'By.cssSelector: .bootbox-close-button.close' in '30' second(s)

2021-11-23 09:51:49 - [MESSAGE][INFO] - Clicking on object: 'Object Repository/Popup/Kapat'

2021-11-23 09:51:49 - [MESSAGE][PASSED] - Object: 'Object Repository/Popup/Kapat' is clicked on

2021-11-23 09:51:49 - [MESSAGE][PASSED] - Call Test Case 'Test Cases/Popup/PopupKapatilir' successfully

2021-11-23 09:51:49 - [MESSAGE][INFO] - Checking called Test Case

2021-11-23 09:51:49 - [MESSAGE][INFO] - Starting to call Test Case 'Test Cases/Butonlar/ButonaTikla'

2021-11-23 09:51:49 - [TEST_CASE][PASSED] - Test Cases/Butonlar/ButonaTikla: Test Cases/Butonlar/ButonaTikla

2021-11-23 09:51:49 - [TEST_STEP][PASSED] - Method.TextDegerineEsitElementeTiklaEquals(findTestObject("Butonlar/Butonlar"), Buton_Adi): Method.TextDegerineEsitElementeTiklaEquals is PASSED

2021-11-23 09:51:49 - [MESSAGE][INFO] - Finding Test Object 'Object Repository/Butonlar/Butonlar'

2021-11-23 09:51:49 - [MESSAGE][INFO] - Checking timeout

2021-11-23 09:51:49 - [MESSAGE][INFO] - Finding web element with id: 'Object Repository/Butonlar/Butonlar' located by 'By.cssSelector: .panel.panel-default.text-center.footerPanel .btn,.btn.btn-primary.btnControls' in '10' second(s)

2021-11-23 09:51:49 - [MESSAGE][INFO] - Smart Wait Function is triggered

2021-11-23 09:51:50 - [MESSAGE][INFO] - Found 6 web elements with id: 'Object Repository/Butonlar/Butonlar' located by 'By.cssSelector: .panel.panel-default.text-center.footerPanel .btn,.btn.btn-primary.btnControls' in '10' second(s)

2021-11-23 09:51:50 - [MESSAGE][PASSED] - Method.TextDegerineEsitElementeTiklaEquals is PASSED

2021-11-23 09:51:50 - [MESSAGE][PASSED] - Call Test Case 'Test Cases/Butonlar/ButonaTikla' successfully

2021-11-23 09:51:50 - [MESSAGE][INFO] - Checking called Test Case

2021-11-23 09:51:50 - [MESSAGE][INFO] - Starting to call Test Case 'Test Cases/Sekmeler/YeniSekmeyeGec'

2021-11-23 09:51:50 - [TEST_CASE][PASSED] - Test Cases/Sekmeler/YeniSekmeyeGec: Test Cases/Sekmeler/YeniSekmeyeGec

2021-11-23 09:51:50 - [TEST_STEP][PASSED] - switchToWindowIndex(1): Switched to window with index: '1'

2021-11-23 09:51:50 - [MESSAGE][INFO] - Checking index

2021-11-23 09:51:50 - [MESSAGE][INFO] - Switching window with index: '1'

2021-11-23 09:51:50 - [MESSAGE][PASSED] - Switched to window with index: '1'

2021-11-23 09:51:50 - [MESSAGE][PASSED] - Call Test Case 'Test Cases/Sekmeler/YeniSekmeyeGec' successfully

2021-11-23 09:51:50 - [MESSAGE][INFO] - Checking called Test Case

2021-11-23 09:51:50 - [MESSAGE][INFO] - Starting to call Test Case 'Test Cases/Sekmeler/GecmisGeldiMi'

2021-11-23 09:51:50 - [TEST_CASE][PASSED] - Test Cases/Sekmeler/GecmisGeldiMi: Test Cases/Sekmeler/GecmisGeldiMi

2021-11-23 09:51:50 - [TEST_STEP][PASSED] - waitForElementVisible(findTestObject("Object Repository/Sekmeler/GecmisBaslik"), 10): Object 'Object Repository/Sekmeler/GecmisBaslik' is visible

2021-11-23 09:51:50 - [MESSAGE][INFO] - Finding Test Object 'Object Repository/Sekmeler/GecmisBaslik'

2021-11-23 09:51:50 - [MESSAGE][INFO] - Checking object

2021-11-23 09:51:50 - [MESSAGE][INFO] - Checking timeout

2021-11-23 09:51:50 - [MESSAGE][INFO] - Finding web element from Test Object's properties

2021-11-23 09:51:50 - [MESSAGE][INFO] - Checking timeout

2021-11-23 09:51:50 - [MESSAGE][INFO] - Finding web element with id: 'Object Repository/Sekmeler/GecmisBaslik' located by 'By.cssSelector: .dxnb-ghtext.dx-vam' in '10' second(s)

2021-11-23 09:51:50 - [MESSAGE][INFO] - Smart Wait Function is triggered

2021-11-23 09:52:00 - [MESSAGE][INFO] - Found 1 web elements with id: 'Object Repository/Sekmeler/GecmisBaslik' located by 'By.cssSelector: .dxnb-ghtext.dx-vam' in '10' second(s)

2021-11-23 09:52:00 - [MESSAGE][PASSED] - Object 'Object Repository/Sekmeler/GecmisBaslik' is visible

2021-11-23 09:52:00 - [TEST_STEP][PASSED] - if (!(getText(findTestObject("Object Repository/Sekmeler/GecmisBaslik")).contains(Baslik))): Text of object 'Object Repository/Sekmeler/GecmisBaslik' is: 'Zarf İzleme Kayıtları - 116114829'

2021-11-23 09:52:00 - [MESSAGE][INFO] - Finding Test Object 'Object Repository/Sekmeler/GecmisBaslik'

2021-11-23 09:52:00 - [MESSAGE][INFO] - Checking object

2021-11-23 09:52:00 - [MESSAGE][INFO] - Finding web element from Test Object's properties

2021-11-23 09:52:00 - [MESSAGE][INFO] - Checking timeout

2021-11-23 09:52:00 - [MESSAGE][INFO] - Finding web element with id: 'Object Repository/Sekmeler/GecmisBaslik' located by 'By.cssSelector: .dxnb-ghtext.dx-vam' in '30' second(s)

2021-11-23 09:52:00 - [MESSAGE][INFO] - Smart Wait Function is triggered

2021-11-23 09:52:00 - [MESSAGE][INFO] - Found 1 web elements with id: 'Object Repository/Sekmeler/GecmisBaslik' located by 'By.cssSelector: .dxnb-ghtext.dx-vam' in '30' second(s)

2021-11-23 09:52:00 - [MESSAGE][INFO] - Getting text of object 'Object Repository/Sekmeler/GecmisBaslik'

2021-11-23 09:52:00 - [MESSAGE][PASSED] - Text of object 'Object Repository/Sekmeler/GecmisBaslik' is: 'Zarf İzleme Kayıtları - 116114829'

2021-11-23 09:52:00 - [MESSAGE][PASSED] - Call Test Case 'Test Cases/Sekmeler/GecmisGeldiMi' successfully

2021-11-23 09:52:00 - [MESSAGE][INFO] - Checking called Test Case

2021-11-23 09:52:00 - [MESSAGE][INFO] - Starting to call Test Case 'Test Cases/Sekmeler/Ana_Sekmeye_Gec'

2021-11-23 09:52:00 - [TEST_CASE][PASSED] - Test Cases/Sekmeler/Ana_Sekmeye_Gec: Test Cases/Sekmeler/Ana_Sekmeye_Gec

2021-11-23 09:52:00 - [TEST_STEP][PASSED] - try: Window with index 1 is closed

2021-11-23 09:52:00 - [TEST_STEP][PASSED] - index = getWindowIndex(): Current window's index is: 1

2021-11-23 09:52:00 - [MESSAGE][INFO] - Getting current window's index

2021-11-23 09:52:00 - [MESSAGE][PASSED] - Current window's index is: 1

2021-11-23 09:52:00 - [TEST_STEP][PASSED] - closeWindowIndex(index): Window with index 1 is closed

2021-11-23 09:52:00 - [MESSAGE][INFO] - Checking index

2021-11-23 09:52:00 - [MESSAGE][INFO] - Closing window with index 1

2021-11-23 09:52:00 - [MESSAGE][PASSED] - Window with index 1 is closed

2021-11-23 09:52:00 - [TEST_STEP][PASSED] - switchToWindowIndex(0): Switched to window with index: '0'

2021-11-23 09:52:01 - [MESSAGE][INFO] - Checking index

2021-11-23 09:52:01 - [MESSAGE][INFO] - Switching window with index: '0'

2021-11-23 09:52:01 - [MESSAGE][PASSED] - Switched to window with index: '0'

2021-11-23 09:52:01 - [MESSAGE][PASSED] - Call Test Case 'Test Cases/Sekmeler/Ana_Sekmeye_Gec' successfully

2021-11-23 09:52:01 - [MESSAGE][INFO] - Checking called Test Case

2021-11-23 09:52:01 - [MESSAGE][INFO] - Starting to call Test Case 'Test Cases/Butonlar/ButonaTikla'

2021-11-23 09:52:01 - [TEST_CASE][PASSED] - Test Cases/Butonlar/ButonaTikla: Test Cases/Butonlar/ButonaTikla

2021-11-23 09:52:01 - [TEST_STEP][PASSED] - Method.TextDegerineEsitElementeTiklaEquals(findTestObject("Butonlar/Butonlar"), Buton_Adi): Method.TextDegerineEsitElementeTiklaEquals is PASSED

2021-11-23 09:52:01 - [MESSAGE][INFO] - Finding Test Object 'Object Repository/Butonlar/Butonlar'

2021-11-23 09:52:01 - [MESSAGE][INFO] - Checking timeout

2021-11-23 09:52:01 - [MESSAGE][INFO] - Finding web element with id: 'Object Repository/Butonlar/Butonlar' located by 'By.cssSelector: .panel.panel-default.text-center.footerPanel .btn,.btn.btn-primary.btnControls' in '10' second(s)

2021-11-23 09:52:01 - [MESSAGE][INFO] - Smart Wait Function is triggered

2021-11-23 09:52:01 - [MESSAGE][INFO] - Found 6 web elements with id: 'Object Repository/Butonlar/Butonlar' located by 'By.cssSelector: .panel.panel-default.text-center.footerPanel .btn,.btn.btn-primary.btnControls' in '10' second(s)

2021-11-23 09:52:01 - [MESSAGE][PASSED] - Method.TextDegerineEsitElementeTiklaEquals is PASSED

2021-11-23 09:52:01 - [MESSAGE][PASSED] - Call Test Case 'Test Cases/Butonlar/ButonaTikla' successfully

2021-11-23 09:52:01 - [MESSAGE][INFO] - Checking called Test Case

2021-11-23 09:52:01 - [MESSAGE][INFO] - Starting to call Test Case 'Test Cases/Butonlar/AltButonaTikla'

2021-11-23 09:52:01 - [TEST_CASE][PASSED] - Test Cases/Butonlar/AltButonaTikla: Test Cases/Butonlar/AltButonaTikla

2021-11-23 09:52:01 - [TEST_STEP][PASSED] - Method.TextDegerineEsitElementeTikla(findTestObject("Butonlar/AltButonlar"), Alt_Buton): Method.TextDegerineEsitElementeTikla is PASSED

2021-11-23 09:52:01 - [MESSAGE][INFO] - Finding Test Object 'Object Repository/Butonlar/AltButonlar'

2021-11-23 09:52:01 - [MESSAGE][INFO] - Checking timeout

2021-11-23 09:52:01 - [MESSAGE][INFO] - Finding web element with id: 'Object Repository/Butonlar/AltButonlar' located by 'By.cssSelector: .btn-group.open li>a' in '10' second(s)

2021-11-23 09:52:01 - [MESSAGE][INFO] - Smart Wait Function is triggered

2021-11-23 09:52:02 - [MESSAGE][INFO] - Found 1 web elements with id: 'Object Repository/Butonlar/AltButonlar' located by 'By.cssSelector: .btn-group.open li>a' in '10' second(s)

2021-11-23 09:52:02 - [MESSAGE][PASSED] - Method.TextDegerineEsitElementeTikla is PASSED

2021-11-23 09:52:02 - [MESSAGE][PASSED] - Call Test Case 'Test Cases/Butonlar/AltButonaTikla' successfully

2021-11-23 09:52:02 - [MESSAGE][INFO] - Checking called Test Case

2021-11-23 09:52:02 - [MESSAGE][INFO] - Starting to call Test Case 'Test Cases/Butonlar/DosyaIndirildiMi'

2021-11-23 09:52:02 - [TEST_CASE][PASSED] - Test Cases/Butonlar/DosyaIndirildiMi: Test Cases/Butonlar/DosyaIndirildiMi

2021-11-23 09:52:02 - [TEST_STEP][PASSED] - Method.isimliDosyaIndirildiMi(DownloadFile, FileName): Method.isimliDosyaIndirildiMi is PASSED

2021-11-23 09:52:02 - [MESSAGE][INFO] - Delaying browser in 3 second(s)

2021-11-23 09:52:05 - [MESSAGE][PASSED] - Delayed 3 second(s)

2021-11-23 09:52:05 - [MESSAGE][PASSED] - Method.isimliDosyaIndirildiMi is PASSED

2021-11-23 09:52:05 - [MESSAGE][PASSED] - Call Test Case 'Test Cases/Butonlar/DosyaIndirildiMi' successfully

2021-11-23 09:52:05 - [MESSAGE][INFO] - Checking called Test Case

2021-11-23 09:52:05 - [MESSAGE][INFO] - Starting to call Test Case 'Test Cases/Butonlar/ButonaTikla'

2021-11-23 09:52:05 - [TEST_CASE][PASSED] - Test Cases/Butonlar/ButonaTikla: Test Cases/Butonlar/ButonaTikla

2021-11-23 09:52:05 - [TEST_STEP][PASSED] - Method.TextDegerineEsitElementeTiklaEquals(findTestObject("Butonlar/Butonlar"), Buton_Adi): Method.TextDegerineEsitElementeTiklaEquals is PASSED

2021-11-23 09:52:05 - [MESSAGE][INFO] - Finding Test Object 'Object Repository/Butonlar/Butonlar'

2021-11-23 09:52:05 - [MESSAGE][INFO] - Checking timeout

2021-11-23 09:52:05 - [MESSAGE][INFO] - Finding web element with id: 'Object Repository/Butonlar/Butonlar' located by 'By.cssSelector: .panel.panel-default.text-center.footerPanel .btn,.btn.btn-primary.btnControls' in '10' second(s)

2021-11-23 09:52:05 - [MESSAGE][INFO] - Smart Wait Function is triggered

2021-11-23 09:52:05 - [MESSAGE][INFO] - Found 6 web elements with id: 'Object Repository/Butonlar/Butonlar' located by 'By.cssSelector: .panel.panel-default.text-center.footerPanel .btn,.btn.btn-primary.btnControls' in '10' second(s)

2021-11-23 09:52:05 - [MESSAGE][PASSED] - Method.TextDegerineEsitElementeTiklaEquals is PASSED

2021-11-23 09:52:05 - [MESSAGE][PASSED] - Call Test Case 'Test Cases/Butonlar/ButonaTikla' successfully

2021-11-23 09:52:05 - [MESSAGE][INFO] - Checking called Test Case

2021-11-23 09:52:05 - [MESSAGE][INFO] - Starting to call Test Case 'Test Cases/Butonlar/AltButonaTikla'

2021-11-23 09:52:05 - [TEST_CASE][PASSED] - Test Cases/Butonlar/AltButonaTikla: Test Cases/Butonlar/AltButonaTikla

2021-11-23 09:52:05 - [TEST_STEP][PASSED] - Method.TextDegerineEsitElementeTikla(findTestObject("Butonlar/AltButonlar"), Alt_Buton): Method.TextDegerineEsitElementeTikla is PASSED

2021-11-23 09:52:05 - [MESSAGE][INFO] - Finding Test Object 'Object Repository/Butonlar/AltButonlar'

2021-11-23 09:52:05 - [MESSAGE][INFO] - Checking timeout

2021-11-23 09:52:05 - [MESSAGE][INFO] - Finding web element with id: 'Object Repository/Butonlar/AltButonlar' located by 'By.cssSelector: .btn-group.open li>a' in '10' second(s)

2021-11-23 09:52:05 - [MESSAGE][INFO] - Smart Wait Function is triggered

2021-11-23 09:52:06 - [MESSAGE][INFO] - Found 2 web elements with id: 'Object Repository/Butonlar/AltButonlar' located by 'By.cssSelector: .btn-group.open li>a' in '10' second(s)

2021-11-23 09:52:06 - [MESSAGE][PASSED] - Method.TextDegerineEsitElementeTikla is PASSED

2021-11-23 09:52:06 - [MESSAGE][PASSED] - Call Test Case 'Test Cases/Butonlar/AltButonaTikla' successfully

2021-11-23 09:52:06 - [MESSAGE][INFO] - Checking called Test Case

2021-11-23 09:52:06 - [MESSAGE][INFO] - Starting to call Test Case 'Test Cases/Popup/PopupMesajiIceriyorMu'

2021-11-23 09:52:06 - [TEST_CASE][PASSED] - Test Cases/Popup/PopupMesajiIceriyorMu: Test Cases/Popup/PopupMesajiIceriyorMu

2021-11-23 09:52:06 - [TEST_STEP][PASSED] - waitForElementVisible(findTestObject("Popup/Popup"), 10): Object 'Object Repository/Popup/Popup' is visible

2021-11-23 09:52:06 - [MESSAGE][INFO] - Finding Test Object 'Object Repository/Popup/Popup'

2021-11-23 09:52:06 - [MESSAGE][INFO] - Checking object

2021-11-23 09:52:06 - [MESSAGE][INFO] - Checking timeout

2021-11-23 09:52:06 - [MESSAGE][INFO] - Finding web element from Test Object's properties

2021-11-23 09:52:06 - [MESSAGE][INFO] - Checking timeout

2021-11-23 09:52:06 - [MESSAGE][INFO] - Finding web element with id: 'Object Repository/Popup/Popup' located by 'By.cssSelector: .bootbox-body' in '10' second(s)

2021-11-23 09:52:06 - [MESSAGE][INFO] - Smart Wait Function is triggered

2021-11-23 09:52:06 - [MESSAGE][INFO] - Found 1 web elements with id: 'Object Repository/Popup/Popup' located by 'By.cssSelector: .bootbox-body' in '10' second(s)

2021-11-23 09:52:06 - [MESSAGE][PASSED] - Object 'Object Repository/Popup/Popup' is visible

2021-11-23 09:52:06 - [TEST_STEP][PASSED] - if (!(getText(findTestObject("Popup/Popup")).contains(Mesaj))): Text of object 'Object Repository/Popup/Popup' is: 'Lütfen rapor bildiriminin gönderileceği e-posta adresini belirtiniz.
e-Posta Adresi'

2021-11-23 09:52:06 - [MESSAGE][INFO] - Finding Test Object 'Object Repository/Popup/Popup'

2021-11-23 09:52:06 - [MESSAGE][INFO] - Checking object

2021-11-23 09:52:06 - [MESSAGE][INFO] - Finding web element from Test Object's properties

2021-11-23 09:52:06 - [MESSAGE][INFO] - Checking timeout

2021-11-23 09:52:06 - [MESSAGE][INFO] - Finding web element with id: 'Object Repository/Popup/Popup' located by 'By.cssSelector: .bootbox-body' in '30' second(s)

2021-11-23 09:52:06 - [MESSAGE][INFO] - Smart Wait Function is triggered

2021-11-23 09:52:07 - [MESSAGE][INFO] - Found 1 web elements with id: 'Object Repository/Popup/Popup' located by 'By.cssSelector: .bootbox-body' in '30' second(s)

2021-11-23 09:52:07 - [MESSAGE][INFO] - Getting text of object 'Object Repository/Popup/Popup'

2021-11-23 09:52:07 - [MESSAGE][PASSED] - Text of object 'Object Repository/Popup/Popup' is: 'Lütfen rapor bildiriminin gönderileceği e-posta adresini belirtiniz.
e-Posta Adresi'

2021-11-23 09:52:07 - [TEST_STEP][PASSED] - RaporNo = getText(findTestObject("Popup/Popup")).substring(0, 6): Text of object 'Object Repository/Popup/Popup' is: 'Lütfen rapor bildiriminin gönderileceği e-posta adresini belirtiniz.
e-Posta Adresi'

2021-11-23 09:52:07 - [MESSAGE][INFO] - Finding Test Object 'Object Repository/Popup/Popup'

2021-11-23 09:52:07 - [MESSAGE][INFO] - Checking object

2021-11-23 09:52:07 - [MESSAGE][INFO] - Finding web element from Test Object's properties

2021-11-23 09:52:07 - [MESSAGE][INFO] - Checking timeout

2021-11-23 09:52:07 - [MESSAGE][INFO] - Finding web element with id: 'Object Repository/Popup/Popup' located by 'By.cssSelector: .bootbox-body' in '30' second(s)

2021-11-23 09:52:07 - [MESSAGE][INFO] - Smart Wait Function is triggered

2021-11-23 09:52:07 - [MESSAGE][INFO] - Found 1 web elements with id: 'Object Repository/Popup/Popup' located by 'By.cssSelector: .bootbox-body' in '30' second(s)

2021-11-23 09:52:07 - [MESSAGE][INFO] - Getting text of object 'Object Repository/Popup/Popup'

2021-11-23 09:52:07 - [MESSAGE][PASSED] - Text of object 'Object Repository/Popup/Popup' is: 'Lütfen rapor bildiriminin gönderileceği e-posta adresini belirtiniz.
e-Posta Adresi'

2021-11-23 09:52:07 - [TEST_STEP][PASSED] - Console.println(RaporNo): null

2021-11-23 09:52:07 - [MESSAGE][PASSED] - Call Test Case 'Test Cases/Popup/PopupMesajiIceriyorMu' successfully

2021-11-23 09:52:07 - [MESSAGE][INFO] - Checking called Test Case

2021-11-23 09:52:07 - [MESSAGE][INFO] - Starting to call Test Case 'Test Cases/Popup/PopupaEmailEklenir'

2021-11-23 09:52:07 - [TEST_CASE][PASSED] - Test Cases/Popup/PopupaEmailEklenir: Test Cases/Popup/PopupaEmailEklenir

2021-11-23 09:52:07 - [TEST_STEP][PASSED] - clearText(findTestObject("Popup/EmailText")): Text of object 'Object Repository/Popup/EmailText' is cleared

2021-11-23 09:52:07 - [MESSAGE][INFO] - Finding Test Object 'Object Repository/Popup/EmailText'

2021-11-23 09:52:07 - [MESSAGE][INFO] - Checking object

2021-11-23 09:52:07 - [MESSAGE][INFO] - Finding web element from Test Object's properties

2021-11-23 09:52:07 - [MESSAGE][INFO] - Checking timeout

2021-11-23 09:52:07 - [MESSAGE][INFO] - Finding web element with id: 'Object Repository/Popup/EmailText' located by 'By.xpath: //*[@id="eMails"]' in '30' second(s)

2021-11-23 09:52:07 - [MESSAGE][INFO] - Smart Wait Function is triggered

2021-11-23 09:52:08 - [MESSAGE][INFO] - Found 1 web elements with id: 'Object Repository/Popup/EmailText' located by 'By.xpath: //*[@id="eMails"]' in '30' second(s)

2021-11-23 09:52:08 - [MESSAGE][INFO] - Clearing text of object 'Object Repository/Popup/EmailText'

2021-11-23 09:52:08 - [MESSAGE][PASSED] - Text of object 'Object Repository/Popup/EmailText' is cleared

2021-11-23 09:52:08 - [TEST_STEP][PASSED] - sendKeys(findTestObject("Popup/EmailText"), Email): Keys 'elogotest@gmail.com;ali.kara@logo.com.tr' sent to object: 'Object Repository/Popup/EmailText'

2021-11-23 09:52:08 - [MESSAGE][INFO] - Finding Test Object 'Object Repository/Popup/EmailText'

2021-11-23 09:52:08 - [MESSAGE][INFO] - Sending keys 'elogotest@gmail.com;ali.kara@logo.com.tr' to object: 'Object Repository/Popup/EmailText'

2021-11-23 09:52:08 - [MESSAGE][INFO] - Finding web element from Test Object's properties

2021-11-23 09:52:08 - [MESSAGE][INFO] - Checking timeout

2021-11-23 09:52:08 - [MESSAGE][INFO] - Finding web element with id: 'Object Repository/Popup/EmailText' located by 'By.xpath: //*[@id="eMails"]' in '30' second(s)

2021-11-23 09:52:08 - [MESSAGE][INFO] - Smart Wait Function is triggered

2021-11-23 09:52:08 - [MESSAGE][INFO] - Found 1 web elements with id: 'Object Repository/Popup/EmailText' located by 'By.xpath: //*[@id="eMails"]' in '30' second(s)

2021-11-23 09:52:08 - [MESSAGE][PASSED] - Keys 'elogotest@gmail.com;ali.kara@logo.com.tr' sent to object: 'Object Repository/Popup/EmailText'

2021-11-23 09:52:08 - [MESSAGE][PASSED] - Call Test Case 'Test Cases/Popup/PopupaEmailEklenir' successfully

2021-11-23 09:52:08 - [MESSAGE][INFO] - Checking called Test Case

2021-11-23 09:52:08 - [MESSAGE][INFO] - Starting to call Test Case 'Test Cases/Popup/PopupButonSecilir'

2021-11-23 09:52:08 - [TEST_CASE][PASSED] - Test Cases/Popup/PopupButonSecilir: Test Cases/Popup/PopupButonSecilir

2021-11-23 09:52:08 - [TEST_STEP][PASSED] - Method.TextDegerineEsitElementeTikla(findTestObject("Popup/Popup_Butons"), Buton): Method.TextDegerineEsitElementeTikla is PASSED

2021-11-23 09:52:08 - [MESSAGE][INFO] - Finding Test Object 'Object Repository/Popup/Popup_Butons'

2021-11-23 09:52:08 - [MESSAGE][INFO] - Checking timeout

2021-11-23 09:52:08 - [MESSAGE][INFO] - Finding web element with id: 'Object Repository/Popup/Popup_Butons' located by 'By.cssSelector: .modal-footer>button' in '10' second(s)

2021-11-23 09:52:08 - [MESSAGE][INFO] - Smart Wait Function is triggered

2021-11-23 09:52:08 - [MESSAGE][INFO] - Found 2 web elements with id: 'Object Repository/Popup/Popup_Butons' located by 'By.cssSelector: .modal-footer>button' in '10' second(s)

2021-11-23 09:52:09 - [MESSAGE][PASSED] - Method.TextDegerineEsitElementeTikla is PASSED

2021-11-23 09:52:09 - [MESSAGE][PASSED] - Call Test Case 'Test Cases/Popup/PopupButonSecilir' successfully

2021-11-23 09:52:09 - [MESSAGE][INFO] - Checking called Test Case

2021-11-23 09:52:09 - [MESSAGE][INFO] - Starting to call Test Case 'Test Cases/Popup/PopupMesajiIceriyorMu'

2021-11-23 09:52:09 - [TEST_CASE][PASSED] - Test Cases/Popup/PopupMesajiIceriyorMu: Test Cases/Popup/PopupMesajiIceriyorMu

2021-11-23 09:52:09 - [TEST_STEP][PASSED] - waitForElementVisible(findTestObject("Popup/Popup"), 10): Object 'Object Repository/Popup/Popup' is visible

2021-11-23 09:52:09 - [MESSAGE][INFO] - Finding Test Object 'Object Repository/Popup/Popup'

2021-11-23 09:52:09 - [MESSAGE][INFO] - Checking object

2021-11-23 09:52:09 - [MESSAGE][INFO] - Checking timeout

2021-11-23 09:52:09 - [MESSAGE][INFO] - Finding web element from Test Object's properties

2021-11-23 09:52:09 - [MESSAGE][INFO] - Checking timeout

2021-11-23 09:52:09 - [MESSAGE][INFO] - Finding web element with id: 'Object Repository/Popup/Popup' located by 'By.cssSelector: .bootbox-body' in '10' second(s)

2021-11-23 09:52:09 - [MESSAGE][INFO] - Smart Wait Function is triggered

2021-11-23 09:52:09 - [MESSAGE][INFO] - Found 1 web elements with id: 'Object Repository/Popup/Popup' located by 'By.cssSelector: .bootbox-body' in '10' second(s)

2021-11-23 09:52:09 - [MESSAGE][PASSED] - Object 'Object Repository/Popup/Popup' is visible

2021-11-23 09:52:09 - [TEST_STEP][PASSED] - if (!(getText(findTestObject("Popup/Popup")).contains(Mesaj))): Text of object 'Object Repository/Popup/Popup' is: '17627 no’lu talebiniz işleme alınmıştır. Raporunuz hazırlandığında (elogotest@gmail.com;ali.kara@logo.com.tr) adresinize mail gönderilecektir.
Rapor durumunuzu Raporlar > Toplu Veri İndirme ekranından takip edebilir, hazırlandı durumundaki raporlarınızı ilgili menüden indirebilirsiniz.'

2021-11-23 09:52:09 - [MESSAGE][INFO] - Finding Test Object 'Object Repository/Popup/Popup'

2021-11-23 09:52:10 - [MESSAGE][INFO] - Checking object

2021-11-23 09:52:10 - [MESSAGE][INFO] - Finding web element from Test Object's properties

2021-11-23 09:52:10 - [MESSAGE][INFO] - Checking timeout

2021-11-23 09:52:10 - [MESSAGE][INFO] - Finding web element with id: 'Object Repository/Popup/Popup' located by 'By.cssSelector: .bootbox-body' in '30' second(s)

2021-11-23 09:52:10 - [MESSAGE][INFO] - Smart Wait Function is triggered

2021-11-23 09:52:10 - [MESSAGE][INFO] - Found 1 web elements with id: 'Object Repository/Popup/Popup' located by 'By.cssSelector: .bootbox-body' in '30' second(s)

2021-11-23 09:52:10 - [MESSAGE][INFO] - Getting text of object 'Object Repository/Popup/Popup'

2021-11-23 09:52:10 - [MESSAGE][PASSED] - Text of object 'Object Repository/Popup/Popup' is: '17627 no’lu talebiniz işleme alınmıştır. Raporunuz hazırlandığında (elogotest@gmail.com;ali.kara@logo.com.tr) adresinize mail gönderilecektir.
Rapor durumunuzu Raporlar > Toplu Veri İndirme ekranından takip edebilir, hazırlandı durumundaki raporlarınızı ilgili menüden indirebilirsiniz.'

2021-11-23 09:52:10 - [TEST_STEP][PASSED] - RaporNo = getText(findTestObject("Popup/Popup")).substring(0, 6): Text of object 'Object Repository/Popup/Popup' is: '17627 no’lu talebiniz işleme alınmıştır. Raporunuz hazırlandığında (elogotest@gmail.com;ali.kara@logo.com.tr) adresinize mail gönderilecektir.
Rapor durumunuzu Raporlar > Toplu Veri İndirme ekranından takip edebilir, hazırlandı durumundaki raporlarınızı ilgili menüden indirebilirsiniz.'

2021-11-23 09:52:10 - [MESSAGE][INFO] - Finding Test Object 'Object Repository/Popup/Popup'

2021-11-23 09:52:10 - [MESSAGE][INFO] - Checking object

2021-11-23 09:52:10 - [MESSAGE][INFO] - Finding web element from Test Object's properties

2021-11-23 09:52:10 - [MESSAGE][INFO] - Checking timeout

2021-11-23 09:52:10 - [MESSAGE][INFO] - Finding web element with id: 'Object Repository/Popup/Popup' located by 'By.cssSelector: .bootbox-body' in '30' second(s)

2021-11-23 09:52:10 - [MESSAGE][INFO] - Smart Wait Function is triggered

2021-11-23 09:52:10 - [MESSAGE][INFO] - Found 1 web elements with id: 'Object Repository/Popup/Popup' located by 'By.cssSelector: .bootbox-body' in '30' second(s)

2021-11-23 09:52:10 - [MESSAGE][INFO] - Getting text of object 'Object Repository/Popup/Popup'

2021-11-23 09:52:10 - [MESSAGE][PASSED] - Text of object 'Object Repository/Popup/Popup' is: '17627 no’lu talebiniz işleme alınmıştır. Raporunuz hazırlandığında (elogotest@gmail.com;ali.kara@logo.com.tr) adresinize mail gönderilecektir.
Rapor durumunuzu Raporlar > Toplu Veri İndirme ekranından takip edebilir, hazırlandı durumundaki raporlarınızı ilgili menüden indirebilirsiniz.'

2021-11-23 09:52:10 - [TEST_STEP][PASSED] - Console.println(RaporNo): null

2021-11-23 09:52:10 - [MESSAGE][PASSED] - Call Test Case 'Test Cases/Popup/PopupMesajiIceriyorMu' successfully

2021-11-23 09:52:10 - [MESSAGE][INFO] - Checking called Test Case

2021-11-23 09:52:10 - [MESSAGE][INFO] - Starting to call Test Case 'Test Cases/Popup/PopupButonSecilir'

2021-11-23 09:52:10 - [TEST_CASE][PASSED] - Test Cases/Popup/PopupButonSecilir: Test Cases/Popup/PopupButonSecilir

2021-11-23 09:52:10 - [TEST_STEP][PASSED] - Method.TextDegerineEsitElementeTikla(findTestObject("Popup/Popup_Butons"), Buton): Method.TextDegerineEsitElementeTikla is PASSED

2021-11-23 09:52:10 - [MESSAGE][INFO] - Finding Test Object 'Object Repository/Popup/Popup_Butons'

2021-11-23 09:52:10 - [MESSAGE][INFO] - Checking timeout

2021-11-23 09:52:10 - [MESSAGE][INFO] - Finding web element with id: 'Object Repository/Popup/Popup_Butons' located by 'By.cssSelector: .modal-footer>button' in '10' second(s)

2021-11-23 09:52:10 - [MESSAGE][INFO] - Smart Wait Function is triggered

2021-11-23 09:52:11 - [MESSAGE][INFO] - Found 1 web elements with id: 'Object Repository/Popup/Popup_Butons' located by 'By.cssSelector: .modal-footer>button' in '10' second(s)

2021-11-23 09:52:11 - [MESSAGE][PASSED] - Method.TextDegerineEsitElementeTikla is PASSED

2021-11-23 09:52:11 - [MESSAGE][PASSED] - Call Test Case 'Test Cases/Popup/PopupButonSecilir' successfully

2021-11-23 09:52:11 - [MESSAGE][INFO] - Checking called Test Case

2021-11-23 09:52:11 - [MESSAGE][INFO] - Starting to call Test Case 'Test Cases/Butonlar/ButonaTikla'

2021-11-23 09:52:11 - [TEST_CASE][PASSED] - Test Cases/Butonlar/ButonaTikla: Test Cases/Butonlar/ButonaTikla

2021-11-23 09:52:11 - [TEST_STEP][PASSED] - Method.TextDegerineEsitElementeTiklaEquals(findTestObject("Butonlar/Butonlar"), Buton_Adi): Method.TextDegerineEsitElementeTiklaEquals is PASSED

2021-11-23 09:52:11 - [MESSAGE][INFO] - Finding Test Object 'Object Repository/Butonlar/Butonlar'

2021-11-23 09:52:11 - [MESSAGE][INFO] - Checking timeout

2021-11-23 09:52:11 - [MESSAGE][INFO] - Finding web element with id: 'Object Repository/Butonlar/Butonlar' located by 'By.cssSelector: .panel.panel-default.text-center.footerPanel .btn,.btn.btn-primary.btnControls' in '10' second(s)

2021-11-23 09:52:11 - [MESSAGE][INFO] - Smart Wait Function is triggered

2021-11-23 09:52:12 - [MESSAGE][INFO] - Found 6 web elements with id: 'Object Repository/Butonlar/Butonlar' located by 'By.cssSelector: .panel.panel-default.text-center.footerPanel .btn,.btn.btn-primary.btnControls' in '10' second(s)

2021-11-23 09:52:12 - [MESSAGE][PASSED] - Method.TextDegerineEsitElementeTiklaEquals is PASSED

2021-11-23 09:52:12 - [MESSAGE][PASSED] - Call Test Case 'Test Cases/Butonlar/ButonaTikla' successfully

2021-11-23 09:52:12 - [MESSAGE][INFO] - Checking called Test Case

2021-11-23 09:52:12 - [MESSAGE][INFO] - Starting to call Test Case 'Test Cases/Butonlar/AltButonaTikla'

2021-11-23 09:52:12 - [TEST_CASE][PASSED] - Test Cases/Butonlar/AltButonaTikla: Test Cases/Butonlar/AltButonaTikla

2021-11-23 09:52:12 - [TEST_STEP][PASSED] - Method.TextDegerineEsitElementeTikla(findTestObject("Butonlar/AltButonlar"), Alt_Buton): Method.TextDegerineEsitElementeTikla is PASSED

2021-11-23 09:52:12 - [MESSAGE][INFO] - Finding Test Object 'Object Repository/Butonlar/AltButonlar'

2021-11-23 09:52:12 - [MESSAGE][INFO] - Checking timeout

2021-11-23 09:52:12 - [MESSAGE][INFO] - Finding web element with id: 'Object Repository/Butonlar/AltButonlar' located by 'By.cssSelector: .btn-group.open li>a' in '10' second(s)

2021-11-23 09:52:12 - [MESSAGE][INFO] - Smart Wait Function is triggered

2021-11-23 09:52:12 - [MESSAGE][INFO] - Found 2 web elements with id: 'Object Repository/Butonlar/AltButonlar' located by 'By.cssSelector: .btn-group.open li>a' in '10' second(s)

2021-11-23 09:52:12 - [MESSAGE][PASSED] - Method.TextDegerineEsitElementeTikla is PASSED

2021-11-23 09:52:12 - [MESSAGE][PASSED] - Call Test Case 'Test Cases/Butonlar/AltButonaTikla' successfully

2021-11-23 09:52:12 - [MESSAGE][INFO] - Checking called Test Case

2021-11-23 09:52:12 - [MESSAGE][INFO] - Starting to call Test Case 'Test Cases/Popup/PopupMesajiIceriyorMu'

2021-11-23 09:52:12 - [TEST_CASE][PASSED] - Test Cases/Popup/PopupMesajiIceriyorMu: Test Cases/Popup/PopupMesajiIceriyorMu

2021-11-23 09:52:12 - [TEST_STEP][PASSED] - waitForElementVisible(findTestObject("Popup/Popup"), 10): Object 'Object Repository/Popup/Popup' is visible

2021-11-23 09:52:12 - [MESSAGE][INFO] - Finding Test Object 'Object Repository/Popup/Popup'

2021-11-23 09:52:12 - [MESSAGE][INFO] - Checking object

2021-11-23 09:52:12 - [MESSAGE][INFO] - Checking timeout

2021-11-23 09:52:12 - [MESSAGE][INFO] - Finding web element from Test Object's properties

2021-11-23 09:52:12 - [MESSAGE][INFO] - Checking timeout

2021-11-23 09:52:12 - [MESSAGE][INFO] - Finding web element with id: 'Object Repository/Popup/Popup' located by 'By.cssSelector: .bootbox-body' in '10' second(s)

2021-11-23 09:52:12 - [MESSAGE][INFO] - Smart Wait Function is triggered

2021-11-23 09:52:13 - [MESSAGE][INFO] - Found 1 web elements with id: 'Object Repository/Popup/Popup' located by 'By.cssSelector: .bootbox-body' in '10' second(s)

2021-11-23 09:52:13 - [MESSAGE][PASSED] - Object 'Object Repository/Popup/Popup' is visible

2021-11-23 09:52:13 - [TEST_STEP][PASSED] - if (!(getText(findTestObject("Popup/Popup")).contains(Mesaj))): Text of object 'Object Repository/Popup/Popup' is: 'Lütfen rapor bildiriminin gönderileceği e-posta adresini belirtiniz.
e-Posta Adresi'

2021-11-23 09:52:13 - [MESSAGE][INFO] - Finding Test Object 'Object Repository/Popup/Popup'

2021-11-23 09:52:13 - [MESSAGE][INFO] - Checking object

2021-11-23 09:52:13 - [MESSAGE][INFO] - Finding web element from Test Object's properties

2021-11-23 09:52:13 - [MESSAGE][INFO] - Checking timeout

2021-11-23 09:52:13 - [MESSAGE][INFO] - Finding web element with id: 'Object Repository/Popup/Popup' located by 'By.cssSelector: .bootbox-body' in '30' second(s)

2021-11-23 09:52:13 - [MESSAGE][INFO] - Smart Wait Function is triggered

2021-11-23 09:52:13 - [MESSAGE][INFO] - Found 1 web elements with id: 'Object Repository/Popup/Popup' located by 'By.cssSelector: .bootbox-body' in '30' second(s)

2021-11-23 09:52:13 - [MESSAGE][INFO] - Getting text of object 'Object Repository/Popup/Popup'

2021-11-23 09:52:13 - [MESSAGE][PASSED] - Text of object 'Object Repository/Popup/Popup' is: 'Lütfen rapor bildiriminin gönderileceği e-posta adresini belirtiniz.
e-Posta Adresi'

2021-11-23 09:52:13 - [TEST_STEP][PASSED] - RaporNo = getText(findTestObject("Popup/Popup")).substring(0, 6): Text of object 'Object Repository/Popup/Popup' is: 'Lütfen rapor bildiriminin gönderileceği e-posta adresini belirtiniz.
e-Posta Adresi'

2021-11-23 09:52:13 - [MESSAGE][INFO] - Finding Test Object 'Object Repository/Popup/Popup'

2021-11-23 09:52:13 - [MESSAGE][INFO] - Checking object

2021-11-23 09:52:13 - [MESSAGE][INFO] - Finding web element from Test Object's properties

2021-11-23 09:52:13 - [MESSAGE][INFO] - Checking timeout

2021-11-23 09:52:13 - [MESSAGE][INFO] - Finding web element with id: 'Object Repository/Popup/Popup' located by 'By.cssSelector: .bootbox-body' in '30' second(s)

2021-11-23 09:52:13 - [MESSAGE][INFO] - Smart Wait Function is triggered

2021-11-23 09:52:14 - [MESSAGE][INFO] - Found 1 web elements with id: 'Object Repository/Popup/Popup' located by 'By.cssSelector: .bootbox-body' in '30' second(s)

2021-11-23 09:52:14 - [MESSAGE][INFO] - Getting text of object 'Object Repository/Popup/Popup'

2021-11-23 09:52:14 - [MESSAGE][PASSED] - Text of object 'Object Repository/Popup/Popup' is: 'Lütfen rapor bildiriminin gönderileceği e-posta adresini belirtiniz.
e-Posta Adresi'

2021-11-23 09:52:14 - [TEST_STEP][PASSED] - Console.println(RaporNo): null

2021-11-23 09:52:14 - [MESSAGE][PASSED] - Call Test Case 'Test Cases/Popup/PopupMesajiIceriyorMu' successfully

2021-11-23 09:52:14 - [MESSAGE][INFO] - Checking called Test Case

2021-11-23 09:52:14 - [MESSAGE][INFO] - Starting to call Test Case 'Test Cases/Popup/PopupaEmailEklenir'

2021-11-23 09:52:14 - [TEST_CASE][PASSED] - Test Cases/Popup/PopupaEmailEklenir: Test Cases/Popup/PopupaEmailEklenir

2021-11-23 09:52:14 - [TEST_STEP][PASSED] - clearText(findTestObject("Popup/EmailText")): Text of object 'Object Repository/Popup/EmailText' is cleared

2021-11-23 09:52:14 - [MESSAGE][INFO] - Finding Test Object 'Object Repository/Popup/EmailText'

2021-11-23 09:52:14 - [MESSAGE][INFO] - Checking object

2021-11-23 09:52:14 - [MESSAGE][INFO] - Finding web element from Test Object's properties

2021-11-23 09:52:14 - [MESSAGE][INFO] - Checking timeout

2021-11-23 09:52:14 - [MESSAGE][INFO] - Finding web element with id: 'Object Repository/Popup/EmailText' located by 'By.xpath: //*[@id="eMails"]' in '30' second(s)

2021-11-23 09:52:14 - [MESSAGE][INFO] - Smart Wait Function is triggered

2021-11-23 09:52:14 - [MESSAGE][INFO] - Found 1 web elements with id: 'Object Repository/Popup/EmailText' located by 'By.xpath: //*[@id="eMails"]' in '30' second(s)

2021-11-23 09:52:14 - [MESSAGE][INFO] - Clearing text of object 'Object Repository/Popup/EmailText'

2021-11-23 09:52:14 - [MESSAGE][PASSED] - Text of object 'Object Repository/Popup/EmailText' is cleared

2021-11-23 09:52:14 - [TEST_STEP][PASSED] - sendKeys(findTestObject("Popup/EmailText"), Email): Keys 'elogotest@gmail.com;ali.kara@logo.com.tr' sent to object: 'Object Repository/Popup/EmailText'

2021-11-23 09:52:14 - [MESSAGE][INFO] - Finding Test Object 'Object Repository/Popup/EmailText'

2021-11-23 09:52:14 - [MESSAGE][INFO] - Sending keys 'elogotest@gmail.com;ali.kara@logo.com.tr' to object: 'Object Repository/Popup/EmailText'

2021-11-23 09:52:14 - [MESSAGE][INFO] - Finding web element from Test Object's properties

2021-11-23 09:52:14 - [MESSAGE][INFO] - Checking timeout

2021-11-23 09:52:14 - [MESSAGE][INFO] - Finding web element with id: 'Object Repository/Popup/EmailText' located by 'By.xpath: //*[@id="eMails"]' in '30' second(s)

2021-11-23 09:52:14 - [MESSAGE][INFO] - Smart Wait Function is triggered

2021-11-23 09:52:14 - [MESSAGE][INFO] - Found 1 web elements with id: 'Object Repository/Popup/EmailText' located by 'By.xpath: //*[@id="eMails"]' in '30' second(s)

2021-11-23 09:52:15 - [MESSAGE][PASSED] - Keys 'elogotest@gmail.com;ali.kara@logo.com.tr' sent to object: 'Object Repository/Popup/EmailText'

2021-11-23 09:52:15 - [MESSAGE][PASSED] - Call Test Case 'Test Cases/Popup/PopupaEmailEklenir' successfully

2021-11-23 09:52:15 - [MESSAGE][INFO] - Checking called Test Case

2021-11-23 09:52:15 - [MESSAGE][INFO] - Starting to call Test Case 'Test Cases/Popup/PopupButonSecilir'

2021-11-23 09:52:15 - [TEST_CASE][PASSED] - Test Cases/Popup/PopupButonSecilir: Test Cases/Popup/PopupButonSecilir

2021-11-23 09:52:15 - [TEST_STEP][PASSED] - Method.TextDegerineEsitElementeTikla(findTestObject("Popup/Popup_Butons"), Buton): Method.TextDegerineEsitElementeTikla is PASSED

2021-11-23 09:52:15 - [MESSAGE][INFO] - Finding Test Object 'Object Repository/Popup/Popup_Butons'

2021-11-23 09:52:15 - [MESSAGE][INFO] - Checking timeout

2021-11-23 09:52:15 - [MESSAGE][INFO] - Finding web element with id: 'Object Repository/Popup/Popup_Butons' located by 'By.cssSelector: .modal-footer>button' in '10' second(s)

2021-11-23 09:52:15 - [MESSAGE][INFO] - Smart Wait Function is triggered

2021-11-23 09:52:15 - [MESSAGE][INFO] - Found 2 web elements with id: 'Object Repository/Popup/Popup_Butons' located by 'By.cssSelector: .modal-footer>button' in '10' second(s)

2021-11-23 09:52:15 - [MESSAGE][PASSED] - Method.TextDegerineEsitElementeTikla is PASSED

2021-11-23 09:52:15 - [MESSAGE][PASSED] - Call Test Case 'Test Cases/Popup/PopupButonSecilir' successfully

2021-11-23 09:52:15 - [MESSAGE][INFO] - Checking called Test Case

2021-11-23 09:52:15 - [MESSAGE][INFO] - Starting to call Test Case 'Test Cases/Popup/PopupMesajiIceriyorMu'

2021-11-23 09:52:15 - [TEST_CASE][PASSED] - Test Cases/Popup/PopupMesajiIceriyorMu: Test Cases/Popup/PopupMesajiIceriyorMu

2021-11-23 09:52:15 - [TEST_STEP][PASSED] - waitForElementVisible(findTestObject("Popup/Popup"), 10): Object 'Object Repository/Popup/Popup' is visible

2021-11-23 09:52:15 - [MESSAGE][INFO] - Finding Test Object 'Object Repository/Popup/Popup'

2021-11-23 09:52:16 - [MESSAGE][INFO] - Checking object

2021-11-23 09:52:16 - [MESSAGE][INFO] - Checking timeout

2021-11-23 09:52:16 - [MESSAGE][INFO] - Finding web element from Test Object's properties

2021-11-23 09:52:16 - [MESSAGE][INFO] - Checking timeout

2021-11-23 09:52:16 - [MESSAGE][INFO] - Finding web element with id: 'Object Repository/Popup/Popup' located by 'By.cssSelector: .bootbox-body' in '10' second(s)

2021-11-23 09:52:16 - [MESSAGE][INFO] - Smart Wait Function is triggered

2021-11-23 09:52:16 - [MESSAGE][INFO] - Found 1 web elements with id: 'Object Repository/Popup/Popup' located by 'By.cssSelector: .bootbox-body' in '10' second(s)

2021-11-23 09:52:16 - [MESSAGE][PASSED] - Object 'Object Repository/Popup/Popup' is visible

2021-11-23 09:52:16 - [TEST_STEP][PASSED] - if (!(getText(findTestObject("Popup/Popup")).contains(Mesaj))): Text of object 'Object Repository/Popup/Popup' is: '17628 no’lu talebiniz işleme alınmıştır. Raporunuz hazırlandığında (elogotest@gmail.com;ali.kara@logo.com.tr) adresinize mail gönderilecektir.
Rapor durumunuzu Raporlar > Toplu Veri İndirme ekranından takip edebilir, hazırlandı durumundaki raporlarınızı ilgili menüden indirebilirsiniz.'

2021-11-23 09:52:16 - [MESSAGE][INFO] - Finding Test Object 'Object Repository/Popup/Popup'

2021-11-23 09:52:16 - [MESSAGE][INFO] - Checking object

2021-11-23 09:52:16 - [MESSAGE][INFO] - Finding web element from Test Object's properties

2021-11-23 09:52:16 - [MESSAGE][INFO] - Checking timeout

2021-11-23 09:52:16 - [MESSAGE][INFO] - Finding web element with id: 'Object Repository/Popup/Popup' located by 'By.cssSelector: .bootbox-body' in '30' second(s)

2021-11-23 09:52:16 - [MESSAGE][INFO] - Smart Wait Function is triggered

2021-11-23 09:52:16 - [MESSAGE][INFO] - Found 1 web elements with id: 'Object Repository/Popup/Popup' located by 'By.cssSelector: .bootbox-body' in '30' second(s)

2021-11-23 09:52:16 - [MESSAGE][INFO] - Getting text of object 'Object Repository/Popup/Popup'

2021-11-23 09:52:16 - [MESSAGE][PASSED] - Text of object 'Object Repository/Popup/Popup' is: '17628 no’lu talebiniz işleme alınmıştır. Raporunuz hazırlandığında (elogotest@gmail.com;ali.kara@logo.com.tr) adresinize mail gönderilecektir.
Rapor durumunuzu Raporlar > Toplu Veri İndirme ekranından takip edebilir, hazırlandı durumundaki raporlarınızı ilgili menüden indirebilirsiniz.'

2021-11-23 09:52:16 - [TEST_STEP][PASSED] - RaporNo = getText(findTestObject("Popup/Popup")).substring(0, 6): Text of object 'Object Repository/Popup/Popup' is: '17628 no’lu talebiniz işleme alınmıştır. Raporunuz hazırlandığında (elogotest@gmail.com;ali.kara@logo.com.tr) adresinize mail gönderilecektir.
Rapor durumunuzu Raporlar > Toplu Veri İndirme ekranından takip edebilir, hazırlandı durumundaki raporlarınızı ilgili menüden indirebilirsiniz.'

2021-11-23 09:52:16 - [MESSAGE][INFO] - Finding Test Object 'Object Repository/Popup/Popup'

2021-11-23 09:52:17 - [MESSAGE][INFO] - Checking object

2021-11-23 09:52:17 - [MESSAGE][INFO] - Finding web element from Test Object's properties

2021-11-23 09:52:17 - [MESSAGE][INFO] - Checking timeout

2021-11-23 09:52:17 - [MESSAGE][INFO] - Finding web element with id: 'Object Repository/Popup/Popup' located by 'By.cssSelector: .bootbox-body' in '30' second(s)

2021-11-23 09:52:17 - [MESSAGE][INFO] - Smart Wait Function is triggered

2021-11-23 09:52:17 - [MESSAGE][INFO] - Found 1 web elements with id: 'Object Repository/Popup/Popup' located by 'By.cssSelector: .bootbox-body' in '30' second(s)

2021-11-23 09:52:17 - [MESSAGE][INFO] - Getting text of object 'Object Repository/Popup/Popup'

2021-11-23 09:52:17 - [MESSAGE][PASSED] - Text of object 'Object Repository/Popup/Popup' is: '17628 no’lu talebiniz işleme alınmıştır. Raporunuz hazırlandığında (elogotest@gmail.com;ali.kara@logo.com.tr) adresinize mail gönderilecektir.
Rapor durumunuzu Raporlar > Toplu Veri İndirme ekranından takip edebilir, hazırlandı durumundaki raporlarınızı ilgili menüden indirebilirsiniz.'

2021-11-23 09:52:17 - [TEST_STEP][PASSED] - Console.println(RaporNo): null

2021-11-23 09:52:17 - [MESSAGE][PASSED] - Call Test Case 'Test Cases/Popup/PopupMesajiIceriyorMu' successfully

2021-11-23 09:52:17 - [MESSAGE][INFO] - Checking called Test Case

2021-11-23 09:52:17 - [MESSAGE][INFO] - Starting to call Test Case 'Test Cases/Popup/PopupButonSecilir'

2021-11-23 09:52:17 - [TEST_CASE][PASSED] - Test Cases/Popup/PopupButonSecilir: Test Cases/Popup/PopupButonSecilir

2021-11-23 09:52:17 - [TEST_STEP][PASSED] - Method.TextDegerineEsitElementeTikla(findTestObject("Popup/Popup_Butons"), Buton): Method.TextDegerineEsitElementeTikla is PASSED

2021-11-23 09:52:17 - [MESSAGE][INFO] - Finding Test Object 'Object Repository/Popup/Popup_Butons'

2021-11-23 09:52:17 - [MESSAGE][INFO] - Checking timeout

2021-11-23 09:52:17 - [MESSAGE][INFO] - Finding web element with id: 'Object Repository/Popup/Popup_Butons' located by 'By.cssSelector: .modal-footer>button' in '10' second(s)

2021-11-23 09:52:17 - [MESSAGE][INFO] - Smart Wait Function is triggered

2021-11-23 09:52:17 - [MESSAGE][INFO] - Found 1 web elements with id: 'Object Repository/Popup/Popup_Butons' located by 'By.cssSelector: .modal-footer>button' in '10' second(s)

2021-11-23 09:52:17 - [MESSAGE][PASSED] - Method.TextDegerineEsitElementeTikla is PASSED

2021-11-23 09:52:17 - [MESSAGE][PASSED] - Call Test Case 'Test Cases/Popup/PopupButonSecilir' successfully

2021-11-23 09:52:17 - [MESSAGE][INFO] - Checking called Test Case

2021-11-23 09:52:17 - [MESSAGE][INFO] - Starting to call Test Case 'Test Cases/Menu/AnaMenuSecimi'

2021-11-23 09:52:17 - [TEST_CASE][PASSED] - Test Cases/Menu/AnaMenuSecimi: Test Cases/Menu/AnaMenuSecimi

2021-11-23 09:52:17 - [TEST_STEP][PASSED] - Method.TextDegerineEsitElementeTikla(findTestObject("Menu/Ana_Menu"), Ana_Menu): Method.TextDegerineEsitElementeTikla is PASSED

2021-11-23 09:52:17 - [MESSAGE][INFO] - Finding Test Object 'Object Repository/Menu/Ana_Menu'

2021-11-23 09:52:18 - [MESSAGE][INFO] - Checking timeout

2021-11-23 09:52:18 - [MESSAGE][INFO] - Finding web element with id: 'Object Repository/Menu/Ana_Menu' located by 'By.xpath: //*[@class = 'dropdown-toggle']' in '10' second(s)

2021-11-23 09:52:18 - [MESSAGE][INFO] - Smart Wait Function is triggered

2021-11-23 09:52:18 - [MESSAGE][INFO] - Found 14 web elements with id: 'Object Repository/Menu/Ana_Menu' located by 'By.xpath: //*[@class = 'dropdown-toggle']' in '10' second(s)

2021-11-23 09:52:18 - [MESSAGE][PASSED] - Method.TextDegerineEsitElementeTikla is PASSED

2021-11-23 09:52:18 - [MESSAGE][PASSED] - Call Test Case 'Test Cases/Menu/AnaMenuSecimi' successfully

2021-11-23 09:52:18 - [MESSAGE][INFO] - Checking called Test Case

2021-11-23 09:52:18 - [MESSAGE][INFO] - Starting to call Test Case 'Test Cases/Menu/AltMenuSecimi'

2021-11-23 09:52:18 - [TEST_CASE][PASSED] - Test Cases/Menu/AltMenuSecimi: Test Cases/Menu/AltMenuSecimi

2021-11-23 09:52:18 - [TEST_STEP][PASSED] - Method.TextDegerineEsitElementeTikla(findTestObject("Menu/Alt_Menu"), Alt_Menu): Method.TextDegerineEsitElementeTikla is PASSED

2021-11-23 09:52:18 - [MESSAGE][INFO] - Finding Test Object 'Object Repository/Menu/Alt_Menu'

2021-11-23 09:52:18 - [MESSAGE][INFO] - Checking timeout

2021-11-23 09:52:18 - [MESSAGE][INFO] - Finding web element with id: 'Object Repository/Menu/Alt_Menu' located by 'By.xpath: //li[@class='dropdown dropdown-large open']//li[@class='dropdown-element']' in '10' second(s)

2021-11-23 09:52:18 - [MESSAGE][INFO] - Smart Wait Function is triggered

2021-11-23 09:52:19 - [MESSAGE][INFO] - Found 2 web elements with id: 'Object Repository/Menu/Alt_Menu' located by 'By.xpath: //li[@class='dropdown dropdown-large open']//li[@class='dropdown-element']' in '10' second(s)

2021-11-23 09:52:19 - [MESSAGE][PASSED] - Method.TextDegerineEsitElementeTikla is PASSED

2021-11-23 09:52:19 - [MESSAGE][PASSED] - Call Test Case 'Test Cases/Menu/AltMenuSecimi' successfully

2021-11-23 09:52:19 - [MESSAGE][INFO] - Checking called Test Case

2021-11-23 09:52:19 - [MESSAGE][INFO] - Starting to call Test Case 'Test Cases/Filtreler/DropdownSec'

2021-11-23 09:52:20 - [TEST_CASE][PASSED] - Test Cases/Filtreler/DropdownSec: Test Cases/Filtreler/DropdownSec

2021-11-23 09:52:20 - [TEST_STEP][PASSED] - Method.TextDegerineEsitElementinAltindakineTikla(findTestObject("Filtreler/Basliklar"), findTestObject("Filtreler/Basliga_Gore_Baslangic_Image"), Filtre_Adi): Method.TextDegerineEsitElementinAltindakineTikla is PASSED

2021-11-23 09:52:20 - [MESSAGE][INFO] - Finding Test Object 'Object Repository/Filtreler/Basliklar'

2021-11-23 09:52:20 - [MESSAGE][INFO] - Finding Test Object 'Object Repository/Filtreler/Basliga_Gore_Baslangic_Image'

2021-11-23 09:52:20 - [MESSAGE][INFO] - Checking timeout

2021-11-23 09:52:20 - [MESSAGE][INFO] - Finding web element with id: 'Object Repository/Filtreler/Basliklar' located by 'By.cssSelector: .control-label.col-sm-4.paddingMarginRLC' in '10' second(s)

2021-11-23 09:52:20 - [MESSAGE][INFO] - Smart Wait Function is triggered

2021-11-23 09:52:20 - [MESSAGE][INFO] - Found 8 web elements with id: 'Object Repository/Filtreler/Basliklar' located by 'By.cssSelector: .control-label.col-sm-4.paddingMarginRLC' in '10' second(s)

2021-11-23 09:52:20 - [MESSAGE][INFO] - Smart Wait Function is triggered

2021-11-23 09:52:20 - [MESSAGE][PASSED] - Method.TextDegerineEsitElementinAltindakineTikla is PASSED

2021-11-23 09:52:20 - [TEST_STEP][PASSED] - Method.TextDegerineEsitElementeTikla(findTestObject("Object Repository/Filtreler/Basliga_Gore_Dropdown"), Filtre_Degeri): Method.TextDegerineEsitElementeTikla is PASSED

2021-11-23 09:52:20 - [MESSAGE][INFO] - Finding Test Object 'Object Repository/Filtreler/Basliga_Gore_Dropdown'

2021-11-23 09:52:21 - [MESSAGE][INFO] - Checking timeout

2021-11-23 09:52:21 - [MESSAGE][INFO] - Finding web element with id: 'Object Repository/Filtreler/Basliga_Gore_Dropdown' located by 'By.xpath: //*[@class = 'dxeListBoxItemRow_LECustomTheme']' in '10' second(s)

2021-11-23 09:52:21 - [MESSAGE][INFO] - Smart Wait Function is triggered

2021-11-23 09:52:21 - [MESSAGE][INFO] - Found 10 web elements with id: 'Object Repository/Filtreler/Basliga_Gore_Dropdown' located by 'By.xpath: //*[@class = 'dxeListBoxItemRow_LECustomTheme']' in '10' second(s)

2021-11-23 09:52:21 - [MESSAGE][PASSED] - Method.TextDegerineEsitElementeTikla is PASSED

2021-11-23 09:52:21 - [MESSAGE][PASSED] - Call Test Case 'Test Cases/Filtreler/DropdownSec' successfully

2021-11-23 09:52:21 - [MESSAGE][INFO] - Checking called Test Case

2021-11-23 09:52:21 - [MESSAGE][INFO] - Starting to call Test Case 'Test Cases/Filtreler/BaslangicYaz'

2021-11-23 09:52:21 - [TEST_CASE][PASSED] - Test Cases/Filtreler/BaslangicYaz: Test Cases/Filtreler/BaslangicYaz

2021-11-23 09:52:21 - [TEST_STEP][PASSED] - delay(3): Delayed 3 second(s)

2021-11-23 09:52:21 - [MESSAGE][INFO] - Delaying browser in 3 second(s)

2021-11-23 09:52:24 - [MESSAGE][PASSED] - Delayed 3 second(s)

2021-11-23 09:52:24 - [TEST_STEP][PASSED] - Method.TextDegerineEsitElementinAltindakineTikla(findTestObject("Filtreler/Basliklar"), findTestObject("Filtreler/Basliga_Gore_Baslangic_Image"), Filtre_Adi): Method.TextDegerineEsitElementinAltindakineTikla is PASSED

2021-11-23 09:52:24 - [MESSAGE][INFO] - Finding Test Object 'Object Repository/Filtreler/Basliklar'

2021-11-23 09:52:24 - [MESSAGE][INFO] - Finding Test Object 'Object Repository/Filtreler/Basliga_Gore_Baslangic_Image'

2021-11-23 09:52:24 - [MESSAGE][INFO] - Checking timeout

2021-11-23 09:52:24 - [MESSAGE][INFO] - Finding web element with id: 'Object Repository/Filtreler/Basliklar' located by 'By.cssSelector: .control-label.col-sm-4.paddingMarginRLC' in '10' second(s)

2021-11-23 09:52:24 - [MESSAGE][INFO] - Smart Wait Function is triggered

2021-11-23 09:52:25 - [MESSAGE][INFO] - Found 8 web elements with id: 'Object Repository/Filtreler/Basliklar' located by 'By.cssSelector: .control-label.col-sm-4.paddingMarginRLC' in '10' second(s)

2021-11-23 09:52:25 - [MESSAGE][INFO] - Smart Wait Function is triggered

2021-11-23 09:52:25 - [MESSAGE][PASSED] - Method.TextDegerineEsitElementinAltindakineTikla is PASSED

2021-11-23 09:52:25 - [TEST_STEP][PASSED] - Method.TextDegerineEsitElementinAltindakiTextboxtaYaz(findTestObject("Filtreler/Basliklar"), findTestObject("Filtreler/Basliga_Gore_Baslangic"), Filtre_Adi, Filtre_Degeri): Method.TextDegerineEsitElementinAltindakiTextboxtaYaz is PASSED

2021-11-23 09:52:25 - [MESSAGE][INFO] - Finding Test Object 'Object Repository/Filtreler/Basliklar'

2021-11-23 09:52:25 - [MESSAGE][INFO] - Finding Test Object 'Object Repository/Filtreler/Basliga_Gore_Baslangic'

2021-11-23 09:52:25 - [MESSAGE][INFO] - Checking timeout

2021-11-23 09:52:25 - [MESSAGE][INFO] - Finding web element with id: 'Object Repository/Filtreler/Basliklar' located by 'By.cssSelector: .control-label.col-sm-4.paddingMarginRLC' in '10' second(s)

2021-11-23 09:52:25 - [MESSAGE][INFO] - Smart Wait Function is triggered

2021-11-23 09:52:25 - [MESSAGE][INFO] - Found 8 web elements with id: 'Object Repository/Filtreler/Basliklar' located by 'By.cssSelector: .control-label.col-sm-4.paddingMarginRLC' in '10' second(s)

2021-11-23 09:52:25 - [MESSAGE][INFO] - Smart Wait Function is triggered

2021-11-23 09:52:26 - [MESSAGE][PASSED] - Method.TextDegerineEsitElementinAltindakiTextboxtaYaz is PASSED

2021-11-23 09:52:26 - [MESSAGE][PASSED] - Call Test Case 'Test Cases/Filtreler/BaslangicYaz' successfully

2021-11-23 09:52:26 - [MESSAGE][INFO] - Checking called Test Case

2021-11-23 09:52:26 - [MESSAGE][INFO] - Starting to call Test Case 'Test Cases/Filtreler/BitisYaz'

2021-11-23 09:52:26 - [TEST_CASE][PASSED] - Test Cases/Filtreler/BitisYaz: Test Cases/Filtreler/BitisYaz

2021-11-23 09:52:26 - [TEST_STEP][PASSED] - Method.TextDegerineEsitElementinAltindakineTikla(findTestObject("Filtreler/Basliklar"), findTestObject("Filtreler/Basliga_Gore_Bitis_Image"), Filtre_Adi): Method.TextDegerineEsitElementinAltindakineTikla is PASSED

2021-11-23 09:52:26 - [MESSAGE][INFO] - Finding Test Object 'Object Repository/Filtreler/Basliklar'

2021-11-23 09:52:26 - [MESSAGE][INFO] - Finding Test Object 'Object Repository/Filtreler/Basliga_Gore_Bitis_Image'

2021-11-23 09:52:26 - [MESSAGE][INFO] - Checking timeout

2021-11-23 09:52:26 - [MESSAGE][INFO] - Finding web element with id: 'Object Repository/Filtreler/Basliklar' located by 'By.cssSelector: .control-label.col-sm-4.paddingMarginRLC' in '10' second(s)

2021-11-23 09:52:26 - [MESSAGE][INFO] - Smart Wait Function is triggered

2021-11-23 09:52:26 - [MESSAGE][INFO] - Found 8 web elements with id: 'Object Repository/Filtreler/Basliklar' located by 'By.cssSelector: .control-label.col-sm-4.paddingMarginRLC' in '10' second(s)

2021-11-23 09:52:26 - [MESSAGE][INFO] - Smart Wait Function is triggered

2021-11-23 09:52:27 - [MESSAGE][PASSED] - Method.TextDegerineEsitElementinAltindakineTikla is PASSED

2021-11-23 09:52:27 - [TEST_STEP][PASSED] - Method.TextDegerineEsitElementinAltindakiTextboxtaYaz(findTestObject("Filtreler/Basliklar"), findTestObject("Object Repository/Filtreler/Basliga_Gore_Bitis"), Filtre_Adi, Filtre_Degeri): Method.TextDegerineEsitElementinAltindakiTextboxtaYaz is PASSED

2021-11-23 09:52:27 - [MESSAGE][INFO] - Finding Test Object 'Object Repository/Filtreler/Basliklar'

2021-11-23 09:52:27 - [MESSAGE][INFO] - Finding Test Object 'Object Repository/Filtreler/Basliga_Gore_Bitis'

2021-11-23 09:52:27 - [MESSAGE][INFO] - Checking timeout

2021-11-23 09:52:27 - [MESSAGE][INFO] - Finding web element with id: 'Object Repository/Filtreler/Basliklar' located by 'By.cssSelector: .control-label.col-sm-4.paddingMarginRLC' in '10' second(s)

2021-11-23 09:52:27 - [MESSAGE][INFO] - Smart Wait Function is triggered

2021-11-23 09:52:27 - [MESSAGE][INFO] - Found 8 web elements with id: 'Object Repository/Filtreler/Basliklar' located by 'By.cssSelector: .control-label.col-sm-4.paddingMarginRLC' in '10' second(s)

2021-11-23 09:52:27 - [MESSAGE][INFO] - Smart Wait Function is triggered

2021-11-23 09:52:27 - [MESSAGE][PASSED] - Method.TextDegerineEsitElementinAltindakiTextboxtaYaz is PASSED

2021-11-23 09:52:27 - [MESSAGE][PASSED] - Call Test Case 'Test Cases/Filtreler/BitisYaz' successfully

2021-11-23 09:52:27 - [MESSAGE][INFO] - Checking called Test Case

2021-11-23 09:52:27 - [MESSAGE][INFO] - Starting to call Test Case 'Test Cases/Filtreler/ButonaTikla'

2021-11-23 09:52:27 - [TEST_CASE][PASSED] - Test Cases/Filtreler/ButonaTikla: Test Cases/Filtreler/ButonaTikla

2021-11-23 09:52:27 - [TEST_STEP][PASSED] - Method.TextDegerineEsitElementeTikla(findTestObject("Filtreler/Butonlar"), Filtre_Buton): Method.TextDegerineEsitElementeTikla is PASSED

2021-11-23 09:52:27 - [MESSAGE][INFO] - Finding Test Object 'Object Repository/Filtreler/Butonlar'

2021-11-23 09:52:28 - [MESSAGE][INFO] - Checking timeout

2021-11-23 09:52:28 - [MESSAGE][INFO] - Finding web element with id: 'Object Repository/Filtreler/Butonlar' located by 'By.cssSelector: .dxb>span' in '10' second(s)

2021-11-23 09:52:28 - [MESSAGE][INFO] - Smart Wait Function is triggered

2021-11-23 09:52:28 - [MESSAGE][INFO] - Found 3 web elements with id: 'Object Repository/Filtreler/Butonlar' located by 'By.cssSelector: .dxb>span' in '10' second(s)

2021-11-23 09:52:28 - [MESSAGE][PASSED] - Method.TextDegerineEsitElementeTikla is PASSED

2021-11-23 09:52:28 - [MESSAGE][PASSED] - Call Test Case 'Test Cases/Filtreler/ButonaTikla' successfully

2021-11-23 09:52:28 - [MESSAGE][INFO] - Checking called Test Case

2021-11-23 09:52:28 - [MESSAGE][INFO] - Starting to call Test Case 'Test Cases/Tablo/TablonunButonunaTikla'

2021-11-23 09:52:28 - [TEST_CASE][PASSED] - Test Cases/Tablo/TablonunButonunaTikla: Test Cases/Tablo/TablonunButonunaTikla

2021-11-23 09:52:28 - [TEST_STEP][PASSED] - Method.TextDegerineEsitElementinAltindakiTextDegerineEsitOlanaTikla(findTestObject("Tablo/Veriler"), findTestObject("Tablo/VerininButonu"), Veri, Buton_Adi): Method.TextDegerineEsitElementinAltindakiTextDegerineEsitOlanaTikla is PASSED

2021-11-23 09:52:28 - [MESSAGE][INFO] - Finding Test Object 'Object Repository/Tablo/Veriler'

2021-11-23 09:52:28 - [MESSAGE][INFO] - Finding Test Object 'Object Repository/Tablo/VerininButonu'

2021-11-23 09:52:28 - [MESSAGE][INFO] - Checking timeout

2021-11-23 09:52:28 - [MESSAGE][INFO] - Finding web element with id: 'Object Repository/Tablo/Veriler' located by 'By.cssSelector: td.dxgv b ,td.dxgv' in '10' second(s)

2021-11-23 09:52:28 - [MESSAGE][INFO] - Smart Wait Function is triggered

2021-11-23 09:52:29 - [MESSAGE][INFO] - Found 33 web elements with id: 'Object Repository/Tablo/Veriler' located by 'By.cssSelector: td.dxgv b ,td.dxgv' in '10' second(s)

2021-11-23 09:52:29 - [MESSAGE][INFO] - Smart Wait Function is triggered

2021-11-23 09:52:29 - [MESSAGE][PASSED] - Method.TextDegerineEsitElementinAltindakiTextDegerineEsitOlanaTikla is PASSED

2021-11-23 09:52:29 - [MESSAGE][PASSED] - Call Test Case 'Test Cases/Tablo/TablonunButonunaTikla' successfully

2021-11-23 09:52:29 - [MESSAGE][INFO] - Checking called Test Case

2021-11-23 09:52:29 - [MESSAGE][INFO] - Starting to call Test Case 'Test Cases/Sekmeler/YeniSekmeyeGec'

2021-11-23 09:52:29 - [TEST_CASE][PASSED] - Test Cases/Sekmeler/YeniSekmeyeGec: Test Cases/Sekmeler/YeniSekmeyeGec

2021-11-23 09:52:29 - [TEST_STEP][PASSED] - switchToWindowIndex(1): Switched to window with index: '1'

2021-11-23 09:52:29 - [MESSAGE][INFO] - Checking index

2021-11-23 09:52:29 - [MESSAGE][INFO] - Switching window with index: '1'

2021-11-23 09:52:29 - [MESSAGE][PASSED] - Switched to window with index: '1'

2021-11-23 09:52:29 - [MESSAGE][PASSED] - Call Test Case 'Test Cases/Sekmeler/YeniSekmeyeGec' successfully

2021-11-23 09:52:29 - [MESSAGE][INFO] - Checking called Test Case

2021-11-23 09:52:29 - [MESSAGE][INFO] - Starting to call Test Case 'Test Cases/Tablo/TablodaVeriVarMi'

2021-11-23 09:52:29 - [TEST_CASE][PASSED] - Test Cases/Tablo/TablodaVeriVarMi: Test Cases/Tablo/TablodaVeriVarMi

2021-11-23 09:52:29 - [TEST_STEP][PASSED] - verifyTextNotPresent("Görüntülenecek veri yok", true): Text 'Görüntülenecek veri yok' is not present on page using regular expression

2021-11-23 09:52:29 - [MESSAGE][INFO] - Checking text present  using regular expression

2021-11-23 09:52:29 - [MESSAGE][INFO] - Smart Wait Function is triggered

2021-11-23 09:52:31 - [MESSAGE][INFO] - Finding text 'Görüntülenecek veri yok' on page  using regular expression

2021-11-23 09:52:31 - [MESSAGE][PASSED] - Text 'Görüntülenecek veri yok' is not present on page using regular expression

2021-11-23 09:52:31 - [MESSAGE][PASSED] - Call Test Case 'Test Cases/Tablo/TablodaVeriVarMi' successfully

2021-11-23 09:52:31 - [MESSAGE][INFO] - Checking called Test Case

2021-11-23 09:52:31 - [MESSAGE][INFO] - Starting to call Test Case 'Test Cases/Sekmeler/Ana_Sekmeye_Gec'

2021-11-23 09:52:32 - [TEST_CASE][PASSED] - Test Cases/Sekmeler/Ana_Sekmeye_Gec: Test Cases/Sekmeler/Ana_Sekmeye_Gec

2021-11-23 09:52:32 - [TEST_STEP][PASSED] - try: Window with index 1 is closed

2021-11-23 09:52:32 - [TEST_STEP][PASSED] - index = getWindowIndex(): Current window's index is: 1

2021-11-23 09:52:32 - [MESSAGE][INFO] - Getting current window's index

2021-11-23 09:52:32 - [MESSAGE][PASSED] - Current window's index is: 1

2021-11-23 09:52:32 - [TEST_STEP][PASSED] - closeWindowIndex(index): Window with index 1 is closed

2021-11-23 09:52:32 - [MESSAGE][INFO] - Checking index

2021-11-23 09:52:32 - [MESSAGE][INFO] - Closing window with index 1

2021-11-23 09:52:32 - [MESSAGE][PASSED] - Window with index 1 is closed

2021-11-23 09:52:32 - [TEST_STEP][PASSED] - switchToWindowIndex(0): Switched to window with index: '0'

2021-11-23 09:52:32 - [MESSAGE][INFO] - Checking index

2021-11-23 09:52:32 - [MESSAGE][INFO] - Switching window with index: '0'

2021-11-23 09:52:32 - [MESSAGE][PASSED] - Switched to window with index: '0'

2021-11-23 09:52:32 - [MESSAGE][PASSED] - Call Test Case 'Test Cases/Sekmeler/Ana_Sekmeye_Gec' successfully

2021-11-23 09:52:32 - [MESSAGE][INFO] - Checking called Test Case

2021-11-23 09:52:32 - [MESSAGE][INFO] - Starting to call Test Case 'Test Cases/Tablo/TablodaVeriVarMi'

2021-11-23 09:52:32 - [TEST_CASE][PASSED] - Test Cases/Tablo/TablodaVeriVarMi: Test Cases/Tablo/TablodaVeriVarMi

2021-11-23 09:52:32 - [TEST_STEP][PASSED] - verifyTextNotPresent("Görüntülenecek veri yok", true): Text 'Görüntülenecek veri yok' is not present on page using regular expression

2021-11-23 09:52:32 - [MESSAGE][INFO] - Checking text present  using regular expression

2021-11-23 09:52:32 - [MESSAGE][INFO] - Smart Wait Function is triggered

2021-11-23 09:52:32 - [MESSAGE][INFO] - Finding text 'Görüntülenecek veri yok' on page  using regular expression

2021-11-23 09:52:32 - [MESSAGE][PASSED] - Text 'Görüntülenecek veri yok' is not present on page using regular expression

2021-11-23 09:52:32 - [MESSAGE][PASSED] - Call Test Case 'Test Cases/Tablo/TablodaVeriVarMi' successfully

2021-11-23 09:52:32 - [MESSAGE][INFO] - Checking called Test Case

2021-11-23 09:52:32 - [MESSAGE][INFO] - Starting to call Test Case 'Test Cases/Tablo/TablodanVeriSec'

2021-11-23 09:52:32 - [TEST_CASE][PASSED] - Test Cases/Tablo/TablodanVeriSec: Test Cases/Tablo/TablodanVeriSec

2021-11-23 09:52:32 - [TEST_STEP][PASSED] - Method.TextDegerineEsitElementinAltindakineTikla(findTestObject("Tablo/Veriler"), findTestObject("Tablo/VerininCheckBoxi"), Veri_Adi): Method.TextDegerineEsitElementinAltindakineTikla is PASSED

2021-11-23 09:52:32 - [MESSAGE][INFO] - Finding Test Object 'Object Repository/Tablo/Veriler'

2021-11-23 09:52:33 - [MESSAGE][INFO] - Finding Test Object 'Object Repository/Tablo/VerininCheckBoxi'

2021-11-23 09:52:33 - [MESSAGE][INFO] - Checking timeout

2021-11-23 09:52:33 - [MESSAGE][INFO] - Finding web element with id: 'Object Repository/Tablo/Veriler' located by 'By.cssSelector: td.dxgv b ,td.dxgv' in '10' second(s)

2021-11-23 09:52:33 - [MESSAGE][INFO] - Smart Wait Function is triggered

2021-11-23 09:52:33 - [MESSAGE][INFO] - Found 33 web elements with id: 'Object Repository/Tablo/Veriler' located by 'By.cssSelector: td.dxgv b ,td.dxgv' in '10' second(s)

2021-11-23 09:52:33 - [MESSAGE][INFO] - Smart Wait Function is triggered

2021-11-23 09:52:33 - [MESSAGE][PASSED] - Method.TextDegerineEsitElementinAltindakineTikla is PASSED

2021-11-23 09:52:33 - [MESSAGE][PASSED] - Call Test Case 'Test Cases/Tablo/TablodanVeriSec' successfully

2021-11-23 09:52:33 - [MESSAGE][INFO] - Checking called Test Case

2021-11-23 09:52:33 - [MESSAGE][INFO] - Starting to call Test Case 'Test Cases/Butonlar/ButonaTikla'

2021-11-23 09:52:33 - [TEST_CASE][PASSED] - Test Cases/Butonlar/ButonaTikla: Test Cases/Butonlar/ButonaTikla

2021-11-23 09:52:33 - [TEST_STEP][PASSED] - Method.TextDegerineEsitElementeTiklaEquals(findTestObject("Butonlar/Butonlar"), Buton_Adi): Method.TextDegerineEsitElementeTiklaEquals is PASSED

2021-11-23 09:52:33 - [MESSAGE][INFO] - Finding Test Object 'Object Repository/Butonlar/Butonlar'

2021-11-23 09:52:34 - [MESSAGE][INFO] - Checking timeout

2021-11-23 09:52:34 - [MESSAGE][INFO] - Finding web element with id: 'Object Repository/Butonlar/Butonlar' located by 'By.cssSelector: .panel.panel-default.text-center.footerPanel .btn,.btn.btn-primary.btnControls' in '10' second(s)

2021-11-23 09:52:34 - [MESSAGE][INFO] - Smart Wait Function is triggered

2021-11-23 09:52:34 - [MESSAGE][INFO] - Found 6 web elements with id: 'Object Repository/Butonlar/Butonlar' located by 'By.cssSelector: .panel.panel-default.text-center.footerPanel .btn,.btn.btn-primary.btnControls' in '10' second(s)

2021-11-23 09:52:34 - [MESSAGE][PASSED] - Method.TextDegerineEsitElementeTiklaEquals is PASSED

2021-11-23 09:52:34 - [MESSAGE][PASSED] - Call Test Case 'Test Cases/Butonlar/ButonaTikla' successfully

2021-11-23 09:52:34 - [MESSAGE][INFO] - Checking called Test Case

2021-11-23 09:52:34 - [MESSAGE][INFO] - Starting to call Test Case 'Test Cases/Sekmeler/YeniSekmeyeGec'

2021-11-23 09:52:34 - [TEST_CASE][PASSED] - Test Cases/Sekmeler/YeniSekmeyeGec: Test Cases/Sekmeler/YeniSekmeyeGec

2021-11-23 09:52:34 - [TEST_STEP][PASSED] - switchToWindowIndex(1): Switched to window with index: '1'

2021-11-23 09:52:34 - [MESSAGE][INFO] - Checking index

2021-11-23 09:52:34 - [MESSAGE][INFO] - Switching window with index: '1'

2021-11-23 09:52:34 - [MESSAGE][PASSED] - Switched to window with index: '1'

2021-11-23 09:52:34 - [MESSAGE][PASSED] - Call Test Case 'Test Cases/Sekmeler/YeniSekmeyeGec' successfully

2021-11-23 09:52:34 - [MESSAGE][INFO] - Checking called Test Case

2021-11-23 09:52:34 - [MESSAGE][INFO] - Starting to call Test Case 'Test Cases/Sekmeler/TagGeldiMi'

2021-11-23 09:52:34 - [TEST_CASE][PASSED] - Test Cases/Sekmeler/TagGeldiMi: Test Cases/Sekmeler/TagGeldiMi

2021-11-23 09:52:34 - [TEST_STEP][PASSED] - waitForElementPresent(findTestObject("Object Repository/Sekmeler/UBLTag"), 10): Object 'Object Repository/Sekmeler/UBLTag' is present

2021-11-23 09:52:34 - [MESSAGE][INFO] - Finding Test Object 'Object Repository/Sekmeler/UBLTag'

2021-11-23 09:52:34 - [MESSAGE][INFO] - Checking object

2021-11-23 09:52:34 - [MESSAGE][INFO] - Finding web element from Test Object's properties

2021-11-23 09:52:34 - [MESSAGE][INFO] - Checking timeout

2021-11-23 09:52:34 - [MESSAGE][INFO] - Finding web element with id: 'Object Repository/Sekmeler/UBLTag' located by 'By.cssSelector: #webkit-xml-viewer-source-xml>:first-child' in '10' second(s)

2021-11-23 09:52:34 - [MESSAGE][INFO] - Smart Wait Function is triggered

2021-11-23 09:52:34 - [MESSAGE][INFO] - Found 1 web elements with id: 'Object Repository/Sekmeler/UBLTag' located by 'By.cssSelector: #webkit-xml-viewer-source-xml>:first-child' in '10' second(s)

2021-11-23 09:52:34 - [MESSAGE][PASSED] - Object 'Object Repository/Sekmeler/UBLTag' is present

2021-11-23 09:52:34 - [TEST_STEP][PASSED] - println(toLowerCase().toString()): Found 1 web elements with id: 'Object Repository/Sekmeler/UBLTag' located by 'By.cssSelector: #webkit-xml-viewer-source-xml>:first-child' in '10' second(s)

2021-11-23 09:52:34 - [MESSAGE][INFO] - Finding Test Object 'Object Repository/Sekmeler/UBLTag'

2021-11-23 09:52:34 - [MESSAGE][INFO] - Finding web element from Test Object's properties

2021-11-23 09:52:34 - [MESSAGE][INFO] - Checking timeout

2021-11-23 09:52:34 - [MESSAGE][INFO] - Finding web element with id: 'Object Repository/Sekmeler/UBLTag' located by 'By.cssSelector: #webkit-xml-viewer-source-xml>:first-child' in '10' second(s)

2021-11-23 09:52:34 - [MESSAGE][INFO] - Smart Wait Function is triggered

2021-11-23 09:52:34 - [MESSAGE][INFO] - Found 1 web elements with id: 'Object Repository/Sekmeler/UBLTag' located by 'By.cssSelector: #webkit-xml-viewer-source-xml>:first-child' in '10' second(s)

2021-11-23 09:52:34 - [TEST_STEP][PASSED] - if (!(toString().contains(toString().toLowerCase()))): Found 1 web elements with id: 'Object Repository/Sekmeler/UBLTag' located by 'By.cssSelector: #webkit-xml-viewer-source-xml>:first-child' in '10' second(s)

2021-11-23 09:52:34 - [MESSAGE][INFO] - Finding Test Object 'Object Repository/Sekmeler/UBLTag'

2021-11-23 09:52:35 - [MESSAGE][INFO] - Finding web element from Test Object's properties

2021-11-23 09:52:35 - [MESSAGE][INFO] - Checking timeout

2021-11-23 09:52:35 - [MESSAGE][INFO] - Finding web element with id: 'Object Repository/Sekmeler/UBLTag' located by 'By.cssSelector: #webkit-xml-viewer-source-xml>:first-child' in '10' second(s)

2021-11-23 09:52:35 - [MESSAGE][INFO] - Smart Wait Function is triggered

2021-11-23 09:52:35 - [MESSAGE][INFO] - Found 1 web elements with id: 'Object Repository/Sekmeler/UBLTag' located by 'By.cssSelector: #webkit-xml-viewer-source-xml>:first-child' in '10' second(s)

2021-11-23 09:52:35 - [MESSAGE][PASSED] - Call Test Case 'Test Cases/Sekmeler/TagGeldiMi' successfully

2021-11-23 09:52:35 - [MESSAGE][INFO] - Checking called Test Case

2021-11-23 09:52:35 - [MESSAGE][INFO] - Starting to call Test Case 'Test Cases/Sekmeler/Ana_Sekmeye_Gec'

2021-11-23 09:52:35 - [TEST_CASE][PASSED] - Test Cases/Sekmeler/Ana_Sekmeye_Gec: Test Cases/Sekmeler/Ana_Sekmeye_Gec

2021-11-23 09:52:35 - [TEST_STEP][PASSED] - try: Window with index 1 is closed

2021-11-23 09:52:35 - [TEST_STEP][PASSED] - index = getWindowIndex(): Current window's index is: 1

2021-11-23 09:52:35 - [MESSAGE][INFO] - Getting current window's index

2021-11-23 09:52:35 - [MESSAGE][PASSED] - Current window's index is: 1

2021-11-23 09:52:35 - [TEST_STEP][PASSED] - closeWindowIndex(index): Window with index 1 is closed

2021-11-23 09:52:35 - [MESSAGE][INFO] - Checking index

2021-11-23 09:52:35 - [MESSAGE][INFO] - Closing window with index 1

2021-11-23 09:52:35 - [MESSAGE][PASSED] - Window with index 1 is closed

2021-11-23 09:52:35 - [TEST_STEP][PASSED] - switchToWindowIndex(0): Switched to window with index: '0'

2021-11-23 09:52:35 - [MESSAGE][INFO] - Checking index

2021-11-23 09:52:35 - [MESSAGE][INFO] - Switching window with index: '0'

2021-11-23 09:52:35 - [MESSAGE][PASSED] - Switched to window with index: '0'

2021-11-23 09:52:35 - [MESSAGE][PASSED] - Call Test Case 'Test Cases/Sekmeler/Ana_Sekmeye_Gec' successfully

2021-11-23 09:52:35 - [MESSAGE][INFO] - Checking called Test Case

2021-11-23 09:52:35 - [MESSAGE][INFO] - Starting to call Test Case 'Test Cases/Butonlar/ButonaTikla'

2021-11-23 09:52:35 - [TEST_CASE][PASSED] - Test Cases/Butonlar/ButonaTikla: Test Cases/Butonlar/ButonaTikla

2021-11-23 09:52:35 - [TEST_STEP][PASSED] - Method.TextDegerineEsitElementeTiklaEquals(findTestObject("Butonlar/Butonlar"), Buton_Adi): Method.TextDegerineEsitElementeTiklaEquals is PASSED

2021-11-23 09:52:35 - [MESSAGE][INFO] - Finding Test Object 'Object Repository/Butonlar/Butonlar'

2021-11-23 09:52:35 - [MESSAGE][INFO] - Checking timeout

2021-11-23 09:52:35 - [MESSAGE][INFO] - Finding web element with id: 'Object Repository/Butonlar/Butonlar' located by 'By.cssSelector: .panel.panel-default.text-center.footerPanel .btn,.btn.btn-primary.btnControls' in '10' second(s)

2021-11-23 09:52:35 - [MESSAGE][INFO] - Smart Wait Function is triggered

2021-11-23 09:52:35 - [MESSAGE][INFO] - Found 6 web elements with id: 'Object Repository/Butonlar/Butonlar' located by 'By.cssSelector: .panel.panel-default.text-center.footerPanel .btn,.btn.btn-primary.btnControls' in '10' second(s)

2021-11-23 09:52:35 - [MESSAGE][PASSED] - Method.TextDegerineEsitElementeTiklaEquals is PASSED

2021-11-23 09:52:35 - [MESSAGE][PASSED] - Call Test Case 'Test Cases/Butonlar/ButonaTikla' successfully

2021-11-23 09:52:35 - [MESSAGE][INFO] - Checking called Test Case

2021-11-23 09:52:35 - [MESSAGE][INFO] - Starting to call Test Case 'Test Cases/Butonlar/AltButonaTikla'

2021-11-23 09:52:35 - [TEST_CASE][PASSED] - Test Cases/Butonlar/AltButonaTikla: Test Cases/Butonlar/AltButonaTikla

2021-11-23 09:52:35 - [TEST_STEP][PASSED] - Method.TextDegerineEsitElementeTikla(findTestObject("Butonlar/AltButonlar"), Alt_Buton): Method.TextDegerineEsitElementeTikla is PASSED

2021-11-23 09:52:35 - [MESSAGE][INFO] - Finding Test Object 'Object Repository/Butonlar/AltButonlar'

2021-11-23 09:52:35 - [MESSAGE][INFO] - Checking timeout

2021-11-23 09:52:35 - [MESSAGE][INFO] - Finding web element with id: 'Object Repository/Butonlar/AltButonlar' located by 'By.cssSelector: .btn-group.open li>a' in '10' second(s)

2021-11-23 09:52:35 - [MESSAGE][INFO] - Smart Wait Function is triggered

2021-11-23 09:52:36 - [MESSAGE][INFO] - Found 1 web elements with id: 'Object Repository/Butonlar/AltButonlar' located by 'By.cssSelector: .btn-group.open li>a' in '10' second(s)

2021-11-23 09:52:36 - [MESSAGE][PASSED] - Method.TextDegerineEsitElementeTikla is PASSED

2021-11-23 09:52:36 - [MESSAGE][PASSED] - Call Test Case 'Test Cases/Butonlar/AltButonaTikla' successfully

2021-11-23 09:52:36 - [MESSAGE][INFO] - Checking called Test Case

2021-11-23 09:52:36 - [MESSAGE][INFO] - Starting to call Test Case 'Test Cases/Butonlar/DosyaIndirildiMi'

2021-11-23 09:52:36 - [TEST_CASE][PASSED] - Test Cases/Butonlar/DosyaIndirildiMi: Test Cases/Butonlar/DosyaIndirildiMi

2021-11-23 09:52:36 - [TEST_STEP][PASSED] - Method.isimliDosyaIndirildiMi(DownloadFile, FileName): Method.isimliDosyaIndirildiMi is PASSED

2021-11-23 09:52:36 - [MESSAGE][INFO] - Delaying browser in 3 second(s)

2021-11-23 09:52:39 - [MESSAGE][PASSED] - Delayed 3 second(s)

2021-11-23 09:52:39 - [MESSAGE][PASSED] - Method.isimliDosyaIndirildiMi is PASSED

2021-11-23 09:52:39 - [MESSAGE][PASSED] - Call Test Case 'Test Cases/Butonlar/DosyaIndirildiMi' successfully

2021-11-23 09:52:39 - [MESSAGE][INFO] - Checking called Test Case

2021-11-23 09:52:39 - [MESSAGE][INFO] - Starting to call Test Case 'Test Cases/Butonlar/ButonaTikla'

2021-11-23 09:52:39 - [TEST_CASE][PASSED] - Test Cases/Butonlar/ButonaTikla: Test Cases/Butonlar/ButonaTikla

2021-11-23 09:52:39 - [TEST_STEP][PASSED] - Method.TextDegerineEsitElementeTiklaEquals(findTestObject("Butonlar/Butonlar"), Buton_Adi): Method.TextDegerineEsitElementeTiklaEquals is PASSED

2021-11-23 09:52:39 - [MESSAGE][INFO] - Finding Test Object 'Object Repository/Butonlar/Butonlar'

2021-11-23 09:52:39 - [MESSAGE][INFO] - Checking timeout

2021-11-23 09:52:39 - [MESSAGE][INFO] - Finding web element with id: 'Object Repository/Butonlar/Butonlar' located by 'By.cssSelector: .panel.panel-default.text-center.footerPanel .btn,.btn.btn-primary.btnControls' in '10' second(s)

2021-11-23 09:52:39 - [MESSAGE][INFO] - Smart Wait Function is triggered

2021-11-23 09:52:39 - [MESSAGE][INFO] - Found 6 web elements with id: 'Object Repository/Butonlar/Butonlar' located by 'By.cssSelector: .panel.panel-default.text-center.footerPanel .btn,.btn.btn-primary.btnControls' in '10' second(s)

2021-11-23 09:52:40 - [MESSAGE][PASSED] - Method.TextDegerineEsitElementeTiklaEquals is PASSED

2021-11-23 09:52:40 - [MESSAGE][PASSED] - Call Test Case 'Test Cases/Butonlar/ButonaTikla' successfully

2021-11-23 09:52:40 - [MESSAGE][INFO] - Checking called Test Case

2021-11-23 09:52:40 - [MESSAGE][INFO] - Starting to call Test Case 'Test Cases/Butonlar/AltButonaTikla'

2021-11-23 09:52:40 - [TEST_CASE][PASSED] - Test Cases/Butonlar/AltButonaTikla: Test Cases/Butonlar/AltButonaTikla

2021-11-23 09:52:40 - [TEST_STEP][PASSED] - Method.TextDegerineEsitElementeTikla(findTestObject("Butonlar/AltButonlar"), Alt_Buton): Method.TextDegerineEsitElementeTikla is PASSED

2021-11-23 09:52:40 - [MESSAGE][INFO] - Finding Test Object 'Object Repository/Butonlar/AltButonlar'

2021-11-23 09:52:40 - [MESSAGE][INFO] - Checking timeout

2021-11-23 09:52:40 - [MESSAGE][INFO] - Finding web element with id: 'Object Repository/Butonlar/AltButonlar' located by 'By.cssSelector: .btn-group.open li>a' in '10' second(s)

2021-11-23 09:52:40 - [MESSAGE][INFO] - Smart Wait Function is triggered

2021-11-23 09:52:40 - [MESSAGE][INFO] - Found 2 web elements with id: 'Object Repository/Butonlar/AltButonlar' located by 'By.cssSelector: .btn-group.open li>a' in '10' second(s)

2021-11-23 09:52:40 - [MESSAGE][PASSED] - Method.TextDegerineEsitElementeTikla is PASSED

2021-11-23 09:52:40 - [MESSAGE][PASSED] - Call Test Case 'Test Cases/Butonlar/AltButonaTikla' successfully

2021-11-23 09:52:40 - [MESSAGE][INFO] - Checking called Test Case

2021-11-23 09:52:40 - [MESSAGE][INFO] - Starting to call Test Case 'Test Cases/Popup/PopupMesajiIceriyorMu'

2021-11-23 09:52:40 - [TEST_CASE][PASSED] - Test Cases/Popup/PopupMesajiIceriyorMu: Test Cases/Popup/PopupMesajiIceriyorMu

2021-11-23 09:52:40 - [TEST_STEP][PASSED] - waitForElementVisible(findTestObject("Popup/Popup"), 10): Object 'Object Repository/Popup/Popup' is visible

2021-11-23 09:52:40 - [MESSAGE][INFO] - Finding Test Object 'Object Repository/Popup/Popup'

2021-11-23 09:52:40 - [MESSAGE][INFO] - Checking object

2021-11-23 09:52:40 - [MESSAGE][INFO] - Checking timeout

2021-11-23 09:52:40 - [MESSAGE][INFO] - Finding web element from Test Object's properties

2021-11-23 09:52:40 - [MESSAGE][INFO] - Checking timeout

2021-11-23 09:52:40 - [MESSAGE][INFO] - Finding web element with id: 'Object Repository/Popup/Popup' located by 'By.cssSelector: .bootbox-body' in '10' second(s)

2021-11-23 09:52:40 - [MESSAGE][INFO] - Smart Wait Function is triggered

2021-11-23 09:52:41 - [MESSAGE][INFO] - Found 1 web elements with id: 'Object Repository/Popup/Popup' located by 'By.cssSelector: .bootbox-body' in '10' second(s)

2021-11-23 09:52:41 - [MESSAGE][PASSED] - Object 'Object Repository/Popup/Popup' is visible

2021-11-23 09:52:41 - [TEST_STEP][PASSED] - if (!(getText(findTestObject("Popup/Popup")).contains(Mesaj))): Text of object 'Object Repository/Popup/Popup' is: 'Lütfen rapor bildiriminin gönderileceği e-posta adresini belirtiniz.
e-Posta Adresi'

2021-11-23 09:52:41 - [MESSAGE][INFO] - Finding Test Object 'Object Repository/Popup/Popup'

2021-11-23 09:52:41 - [MESSAGE][INFO] - Checking object

2021-11-23 09:52:41 - [MESSAGE][INFO] - Finding web element from Test Object's properties

2021-11-23 09:52:41 - [MESSAGE][INFO] - Checking timeout

2021-11-23 09:52:41 - [MESSAGE][INFO] - Finding web element with id: 'Object Repository/Popup/Popup' located by 'By.cssSelector: .bootbox-body' in '30' second(s)

2021-11-23 09:52:41 - [MESSAGE][INFO] - Smart Wait Function is triggered

2021-11-23 09:52:41 - [MESSAGE][INFO] - Found 1 web elements with id: 'Object Repository/Popup/Popup' located by 'By.cssSelector: .bootbox-body' in '30' second(s)

2021-11-23 09:52:41 - [MESSAGE][INFO] - Getting text of object 'Object Repository/Popup/Popup'

2021-11-23 09:52:42 - [MESSAGE][PASSED] - Text of object 'Object Repository/Popup/Popup' is: 'Lütfen rapor bildiriminin gönderileceği e-posta adresini belirtiniz.
e-Posta Adresi'

2021-11-23 09:52:42 - [TEST_STEP][PASSED] - RaporNo = getText(findTestObject("Popup/Popup")).substring(0, 6): Text of object 'Object Repository/Popup/Popup' is: 'Lütfen rapor bildiriminin gönderileceği e-posta adresini belirtiniz.
e-Posta Adresi'

2021-11-23 09:52:42 - [MESSAGE][INFO] - Finding Test Object 'Object Repository/Popup/Popup'

2021-11-23 09:52:42 - [MESSAGE][INFO] - Checking object

2021-11-23 09:52:42 - [MESSAGE][INFO] - Finding web element from Test Object's properties

2021-11-23 09:52:42 - [MESSAGE][INFO] - Checking timeout

2021-11-23 09:52:42 - [MESSAGE][INFO] - Finding web element with id: 'Object Repository/Popup/Popup' located by 'By.cssSelector: .bootbox-body' in '30' second(s)

2021-11-23 09:52:42 - [MESSAGE][INFO] - Smart Wait Function is triggered

2021-11-23 09:52:42 - [MESSAGE][INFO] - Found 1 web elements with id: 'Object Repository/Popup/Popup' located by 'By.cssSelector: .bootbox-body' in '30' second(s)

2021-11-23 09:52:42 - [MESSAGE][INFO] - Getting text of object 'Object Repository/Popup/Popup'

2021-11-23 09:52:42 - [MESSAGE][PASSED] - Text of object 'Object Repository/Popup/Popup' is: 'Lütfen rapor bildiriminin gönderileceği e-posta adresini belirtiniz.
e-Posta Adresi'

2021-11-23 09:52:42 - [TEST_STEP][PASSED] - Console.println(RaporNo): null

2021-11-23 09:52:42 - [MESSAGE][PASSED] - Call Test Case 'Test Cases/Popup/PopupMesajiIceriyorMu' successfully

2021-11-23 09:52:42 - [MESSAGE][INFO] - Checking called Test Case

2021-11-23 09:52:42 - [MESSAGE][INFO] - Starting to call Test Case 'Test Cases/Popup/PopupaEmailEklenir'

2021-11-23 09:52:42 - [TEST_CASE][PASSED] - Test Cases/Popup/PopupaEmailEklenir: Test Cases/Popup/PopupaEmailEklenir

2021-11-23 09:52:42 - [TEST_STEP][PASSED] - clearText(findTestObject("Popup/EmailText")): Text of object 'Object Repository/Popup/EmailText' is cleared

2021-11-23 09:52:42 - [MESSAGE][INFO] - Finding Test Object 'Object Repository/Popup/EmailText'

2021-11-23 09:52:42 - [MESSAGE][INFO] - Checking object

2021-11-23 09:52:42 - [MESSAGE][INFO] - Finding web element from Test Object's properties

2021-11-23 09:52:42 - [MESSAGE][INFO] - Checking timeout

2021-11-23 09:52:42 - [MESSAGE][INFO] - Finding web element with id: 'Object Repository/Popup/EmailText' located by 'By.xpath: //*[@id="eMails"]' in '30' second(s)

2021-11-23 09:52:42 - [MESSAGE][INFO] - Smart Wait Function is triggered

2021-11-23 09:52:42 - [MESSAGE][INFO] - Found 1 web elements with id: 'Object Repository/Popup/EmailText' located by 'By.xpath: //*[@id="eMails"]' in '30' second(s)

2021-11-23 09:52:42 - [MESSAGE][INFO] - Clearing text of object 'Object Repository/Popup/EmailText'

2021-11-23 09:52:42 - [MESSAGE][PASSED] - Text of object 'Object Repository/Popup/EmailText' is cleared

2021-11-23 09:52:42 - [TEST_STEP][PASSED] - sendKeys(findTestObject("Popup/EmailText"), Email): Keys 'elogotest@gmail.com;ali.kara@logo.com.tr' sent to object: 'Object Repository/Popup/EmailText'

2021-11-23 09:52:42 - [MESSAGE][INFO] - Finding Test Object 'Object Repository/Popup/EmailText'

2021-11-23 09:52:42 - [MESSAGE][INFO] - Sending keys 'elogotest@gmail.com;ali.kara@logo.com.tr' to object: 'Object Repository/Popup/EmailText'

2021-11-23 09:52:42 - [MESSAGE][INFO] - Finding web element from Test Object's properties

2021-11-23 09:52:42 - [MESSAGE][INFO] - Checking timeout

2021-11-23 09:52:42 - [MESSAGE][INFO] - Finding web element with id: 'Object Repository/Popup/EmailText' located by 'By.xpath: //*[@id="eMails"]' in '30' second(s)

2021-11-23 09:52:42 - [MESSAGE][INFO] - Smart Wait Function is triggered

2021-11-23 09:52:43 - [MESSAGE][INFO] - Found 1 web elements with id: 'Object Repository/Popup/EmailText' located by 'By.xpath: //*[@id="eMails"]' in '30' second(s)

2021-11-23 09:52:43 - [MESSAGE][PASSED] - Keys 'elogotest@gmail.com;ali.kara@logo.com.tr' sent to object: 'Object Repository/Popup/EmailText'

2021-11-23 09:52:43 - [MESSAGE][PASSED] - Call Test Case 'Test Cases/Popup/PopupaEmailEklenir' successfully

2021-11-23 09:52:43 - [MESSAGE][INFO] - Checking called Test Case

2021-11-23 09:52:43 - [MESSAGE][INFO] - Starting to call Test Case 'Test Cases/Popup/PopupButonSecilir'

2021-11-23 09:52:43 - [TEST_CASE][PASSED] - Test Cases/Popup/PopupButonSecilir: Test Cases/Popup/PopupButonSecilir

2021-11-23 09:52:43 - [TEST_STEP][PASSED] - Method.TextDegerineEsitElementeTikla(findTestObject("Popup/Popup_Butons"), Buton): Method.TextDegerineEsitElementeTikla is PASSED

2021-11-23 09:52:43 - [MESSAGE][INFO] - Finding Test Object 'Object Repository/Popup/Popup_Butons'

2021-11-23 09:52:43 - [MESSAGE][INFO] - Checking timeout

2021-11-23 09:52:43 - [MESSAGE][INFO] - Finding web element with id: 'Object Repository/Popup/Popup_Butons' located by 'By.cssSelector: .modal-footer>button' in '10' second(s)

2021-11-23 09:52:43 - [MESSAGE][INFO] - Smart Wait Function is triggered

2021-11-23 09:52:43 - [MESSAGE][INFO] - Found 2 web elements with id: 'Object Repository/Popup/Popup_Butons' located by 'By.cssSelector: .modal-footer>button' in '10' second(s)

2021-11-23 09:52:43 - [MESSAGE][PASSED] - Method.TextDegerineEsitElementeTikla is PASSED

2021-11-23 09:52:43 - [MESSAGE][PASSED] - Call Test Case 'Test Cases/Popup/PopupButonSecilir' successfully

2021-11-23 09:52:43 - [MESSAGE][INFO] - Checking called Test Case

2021-11-23 09:52:43 - [MESSAGE][INFO] - Starting to call Test Case 'Test Cases/Popup/PopupMesajiIceriyorMu'

2021-11-23 09:52:43 - [TEST_CASE][PASSED] - Test Cases/Popup/PopupMesajiIceriyorMu: Test Cases/Popup/PopupMesajiIceriyorMu

2021-11-23 09:52:43 - [TEST_STEP][PASSED] - waitForElementVisible(findTestObject("Popup/Popup"), 10): Object 'Object Repository/Popup/Popup' is visible

2021-11-23 09:52:43 - [MESSAGE][INFO] - Finding Test Object 'Object Repository/Popup/Popup'

2021-11-23 09:52:44 - [MESSAGE][INFO] - Checking object

2021-11-23 09:52:44 - [MESSAGE][INFO] - Checking timeout

2021-11-23 09:52:44 - [MESSAGE][INFO] - Finding web element from Test Object's properties

2021-11-23 09:52:44 - [MESSAGE][INFO] - Checking timeout

2021-11-23 09:52:44 - [MESSAGE][INFO] - Finding web element with id: 'Object Repository/Popup/Popup' located by 'By.cssSelector: .bootbox-body' in '10' second(s)

2021-11-23 09:52:44 - [MESSAGE][INFO] - Smart Wait Function is triggered

2021-11-23 09:52:44 - [MESSAGE][INFO] - Found 1 web elements with id: 'Object Repository/Popup/Popup' located by 'By.cssSelector: .bootbox-body' in '10' second(s)

2021-11-23 09:52:44 - [MESSAGE][PASSED] - Object 'Object Repository/Popup/Popup' is visible

2021-11-23 09:52:44 - [TEST_STEP][PASSED] - if (!(getText(findTestObject("Popup/Popup")).contains(Mesaj))): Text of object 'Object Repository/Popup/Popup' is: '17629 no’lu talebiniz işleme alınmıştır. Raporunuz hazırlandığında (elogotest@gmail.com;ali.kara@logo.com.tr) adresinize mail gönderilecektir.
Rapor durumunuzu Raporlar > Toplu Veri İndirme ekranından takip edebilir, hazırlandı durumundaki raporlarınızı ilgili menüden indirebilirsiniz.'

2021-11-23 09:52:44 - [MESSAGE][INFO] - Finding Test Object 'Object Repository/Popup/Popup'

2021-11-23 09:52:44 - [MESSAGE][INFO] - Checking object

2021-11-23 09:52:44 - [MESSAGE][INFO] - Finding web element from Test Object's properties

2021-11-23 09:52:44 - [MESSAGE][INFO] - Checking timeout

2021-11-23 09:52:44 - [MESSAGE][INFO] - Finding web element with id: 'Object Repository/Popup/Popup' located by 'By.cssSelector: .bootbox-body' in '30' second(s)

2021-11-23 09:52:44 - [MESSAGE][INFO] - Smart Wait Function is triggered

2021-11-23 09:52:45 - [MESSAGE][INFO] - Found 1 web elements with id: 'Object Repository/Popup/Popup' located by 'By.cssSelector: .bootbox-body' in '30' second(s)

2021-11-23 09:52:45 - [MESSAGE][INFO] - Getting text of object 'Object Repository/Popup/Popup'

2021-11-23 09:52:45 - [MESSAGE][PASSED] - Text of object 'Object Repository/Popup/Popup' is: '17629 no’lu talebiniz işleme alınmıştır. Raporunuz hazırlandığında (elogotest@gmail.com;ali.kara@logo.com.tr) adresinize mail gönderilecektir.
Rapor durumunuzu Raporlar > Toplu Veri İndirme ekranından takip edebilir, hazırlandı durumundaki raporlarınızı ilgili menüden indirebilirsiniz.'

2021-11-23 09:52:45 - [TEST_STEP][PASSED] - RaporNo = getText(findTestObject("Popup/Popup")).substring(0, 6): Text of object 'Object Repository/Popup/Popup' is: '17629 no’lu talebiniz işleme alınmıştır. Raporunuz hazırlandığında (elogotest@gmail.com;ali.kara@logo.com.tr) adresinize mail gönderilecektir.
Rapor durumunuzu Raporlar > Toplu Veri İndirme ekranından takip edebilir, hazırlandı durumundaki raporlarınızı ilgili menüden indirebilirsiniz.'

2021-11-23 09:52:45 - [MESSAGE][INFO] - Finding Test Object 'Object Repository/Popup/Popup'

2021-11-23 09:52:45 - [MESSAGE][INFO] - Checking object

2021-11-23 09:52:45 - [MESSAGE][INFO] - Finding web element from Test Object's properties

2021-11-23 09:52:45 - [MESSAGE][INFO] - Checking timeout

2021-11-23 09:52:45 - [MESSAGE][INFO] - Finding web element with id: 'Object Repository/Popup/Popup' located by 'By.cssSelector: .bootbox-body' in '30' second(s)

2021-11-23 09:52:45 - [MESSAGE][INFO] - Smart Wait Function is triggered

2021-11-23 09:52:45 - [MESSAGE][INFO] - Found 1 web elements with id: 'Object Repository/Popup/Popup' located by 'By.cssSelector: .bootbox-body' in '30' second(s)

2021-11-23 09:52:45 - [MESSAGE][INFO] - Getting text of object 'Object Repository/Popup/Popup'

2021-11-23 09:52:45 - [MESSAGE][PASSED] - Text of object 'Object Repository/Popup/Popup' is: '17629 no’lu talebiniz işleme alınmıştır. Raporunuz hazırlandığında (elogotest@gmail.com;ali.kara@logo.com.tr) adresinize mail gönderilecektir.
Rapor durumunuzu Raporlar > Toplu Veri İndirme ekranından takip edebilir, hazırlandı durumundaki raporlarınızı ilgili menüden indirebilirsiniz.'

2021-11-23 09:52:45 - [TEST_STEP][PASSED] - Console.println(RaporNo): null

2021-11-23 09:52:45 - [MESSAGE][PASSED] - Call Test Case 'Test Cases/Popup/PopupMesajiIceriyorMu' successfully

2021-11-23 09:52:45 - [MESSAGE][INFO] - Checking called Test Case

2021-11-23 09:52:45 - [MESSAGE][INFO] - Starting to call Test Case 'Test Cases/Popup/PopupButonSecilir'

2021-11-23 09:52:45 - [TEST_CASE][PASSED] - Test Cases/Popup/PopupButonSecilir: Test Cases/Popup/PopupButonSecilir

2021-11-23 09:52:45 - [TEST_STEP][PASSED] - Method.TextDegerineEsitElementeTikla(findTestObject("Popup/Popup_Butons"), Buton): Method.TextDegerineEsitElementeTikla is PASSED

2021-11-23 09:52:45 - [MESSAGE][INFO] - Finding Test Object 'Object Repository/Popup/Popup_Butons'

2021-11-23 09:52:45 - [MESSAGE][INFO] - Checking timeout

2021-11-23 09:52:45 - [MESSAGE][INFO] - Finding web element with id: 'Object Repository/Popup/Popup_Butons' located by 'By.cssSelector: .modal-footer>button' in '10' second(s)

2021-11-23 09:52:45 - [MESSAGE][INFO] - Smart Wait Function is triggered

2021-11-23 09:52:45 - [MESSAGE][INFO] - Found 1 web elements with id: 'Object Repository/Popup/Popup_Butons' located by 'By.cssSelector: .modal-footer>button' in '10' second(s)

2021-11-23 09:52:46 - [MESSAGE][PASSED] - Method.TextDegerineEsitElementeTikla is PASSED

2021-11-23 09:52:46 - [MESSAGE][PASSED] - Call Test Case 'Test Cases/Popup/PopupButonSecilir' successfully

2021-11-23 09:52:46 - [MESSAGE][INFO] - Checking called Test Case

2021-11-23 09:52:46 - [MESSAGE][INFO] - Starting to call Test Case 'Test Cases/Butonlar/ButonaTikla'

2021-11-23 09:52:46 - [TEST_CASE][PASSED] - Test Cases/Butonlar/ButonaTikla: Test Cases/Butonlar/ButonaTikla

2021-11-23 09:52:46 - [TEST_STEP][PASSED] - Method.TextDegerineEsitElementeTiklaEquals(findTestObject("Butonlar/Butonlar"), Buton_Adi): Method.TextDegerineEsitElementeTiklaEquals is PASSED

2021-11-23 09:52:46 - [MESSAGE][INFO] - Finding Test Object 'Object Repository/Butonlar/Butonlar'

2021-11-23 09:52:46 - [MESSAGE][INFO] - Checking timeout

2021-11-23 09:52:46 - [MESSAGE][INFO] - Finding web element with id: 'Object Repository/Butonlar/Butonlar' located by 'By.cssSelector: .panel.panel-default.text-center.footerPanel .btn,.btn.btn-primary.btnControls' in '10' second(s)

2021-11-23 09:52:46 - [MESSAGE][INFO] - Smart Wait Function is triggered

2021-11-23 09:52:46 - [MESSAGE][INFO] - Found 6 web elements with id: 'Object Repository/Butonlar/Butonlar' located by 'By.cssSelector: .panel.panel-default.text-center.footerPanel .btn,.btn.btn-primary.btnControls' in '10' second(s)

2021-11-23 09:52:46 - [MESSAGE][PASSED] - Method.TextDegerineEsitElementeTiklaEquals is PASSED

2021-11-23 09:52:46 - [MESSAGE][PASSED] - Call Test Case 'Test Cases/Butonlar/ButonaTikla' successfully

2021-11-23 09:52:46 - [MESSAGE][INFO] - Checking called Test Case

2021-11-23 09:52:46 - [MESSAGE][INFO] - Starting to call Test Case 'Test Cases/Butonlar/AltButonaTikla'

2021-11-23 09:52:46 - [TEST_CASE][PASSED] - Test Cases/Butonlar/AltButonaTikla: Test Cases/Butonlar/AltButonaTikla

2021-11-23 09:52:46 - [TEST_STEP][PASSED] - Method.TextDegerineEsitElementeTikla(findTestObject("Butonlar/AltButonlar"), Alt_Buton): Method.TextDegerineEsitElementeTikla is PASSED

2021-11-23 09:52:46 - [MESSAGE][INFO] - Finding Test Object 'Object Repository/Butonlar/AltButonlar'

2021-11-23 09:52:47 - [MESSAGE][INFO] - Checking timeout

2021-11-23 09:52:47 - [MESSAGE][INFO] - Finding web element with id: 'Object Repository/Butonlar/AltButonlar' located by 'By.cssSelector: .btn-group.open li>a' in '10' second(s)

2021-11-23 09:52:47 - [MESSAGE][INFO] - Smart Wait Function is triggered

2021-11-23 09:52:47 - [MESSAGE][INFO] - Found 2 web elements with id: 'Object Repository/Butonlar/AltButonlar' located by 'By.cssSelector: .btn-group.open li>a' in '10' second(s)

2021-11-23 09:52:47 - [MESSAGE][PASSED] - Method.TextDegerineEsitElementeTikla is PASSED

2021-11-23 09:52:47 - [MESSAGE][PASSED] - Call Test Case 'Test Cases/Butonlar/AltButonaTikla' successfully

2021-11-23 09:52:47 - [MESSAGE][INFO] - Checking called Test Case

2021-11-23 09:52:47 - [MESSAGE][INFO] - Starting to call Test Case 'Test Cases/Popup/PopupMesajiIceriyorMu'

2021-11-23 09:52:47 - [TEST_CASE][PASSED] - Test Cases/Popup/PopupMesajiIceriyorMu: Test Cases/Popup/PopupMesajiIceriyorMu

2021-11-23 09:52:47 - [TEST_STEP][PASSED] - waitForElementVisible(findTestObject("Popup/Popup"), 10): Object 'Object Repository/Popup/Popup' is visible

2021-11-23 09:52:47 - [MESSAGE][INFO] - Finding Test Object 'Object Repository/Popup/Popup'

2021-11-23 09:52:47 - [MESSAGE][INFO] - Checking object

2021-11-23 09:52:47 - [MESSAGE][INFO] - Checking timeout

2021-11-23 09:52:47 - [MESSAGE][INFO] - Finding web element from Test Object's properties

2021-11-23 09:52:47 - [MESSAGE][INFO] - Checking timeout

2021-11-23 09:52:47 - [MESSAGE][INFO] - Finding web element with id: 'Object Repository/Popup/Popup' located by 'By.cssSelector: .bootbox-body' in '10' second(s)

2021-11-23 09:52:47 - [MESSAGE][INFO] - Smart Wait Function is triggered

2021-11-23 09:52:47 - [MESSAGE][INFO] - Found 1 web elements with id: 'Object Repository/Popup/Popup' located by 'By.cssSelector: .bootbox-body' in '10' second(s)

2021-11-23 09:52:47 - [MESSAGE][PASSED] - Object 'Object Repository/Popup/Popup' is visible

2021-11-23 09:52:47 - [TEST_STEP][PASSED] - if (!(getText(findTestObject("Popup/Popup")).contains(Mesaj))): Text of object 'Object Repository/Popup/Popup' is: 'Lütfen rapor bildiriminin gönderileceği e-posta adresini belirtiniz.
e-Posta Adresi'

2021-11-23 09:52:47 - [MESSAGE][INFO] - Finding Test Object 'Object Repository/Popup/Popup'

2021-11-23 09:52:48 - [MESSAGE][INFO] - Checking object

2021-11-23 09:52:48 - [MESSAGE][INFO] - Finding web element from Test Object's properties

2021-11-23 09:52:48 - [MESSAGE][INFO] - Checking timeout

2021-11-23 09:52:48 - [MESSAGE][INFO] - Finding web element with id: 'Object Repository/Popup/Popup' located by 'By.cssSelector: .bootbox-body' in '30' second(s)

2021-11-23 09:52:48 - [MESSAGE][INFO] - Smart Wait Function is triggered

2021-11-23 09:52:48 - [MESSAGE][INFO] - Found 1 web elements with id: 'Object Repository/Popup/Popup' located by 'By.cssSelector: .bootbox-body' in '30' second(s)

2021-11-23 09:52:48 - [MESSAGE][INFO] - Getting text of object 'Object Repository/Popup/Popup'

2021-11-23 09:52:48 - [MESSAGE][PASSED] - Text of object 'Object Repository/Popup/Popup' is: 'Lütfen rapor bildiriminin gönderileceği e-posta adresini belirtiniz.
e-Posta Adresi'

2021-11-23 09:52:48 - [TEST_STEP][PASSED] - RaporNo = getText(findTestObject("Popup/Popup")).substring(0, 6): Text of object 'Object Repository/Popup/Popup' is: 'Lütfen rapor bildiriminin gönderileceği e-posta adresini belirtiniz.
e-Posta Adresi'

2021-11-23 09:52:48 - [MESSAGE][INFO] - Finding Test Object 'Object Repository/Popup/Popup'

2021-11-23 09:52:48 - [MESSAGE][INFO] - Checking object

2021-11-23 09:52:48 - [MESSAGE][INFO] - Finding web element from Test Object's properties

2021-11-23 09:52:48 - [MESSAGE][INFO] - Checking timeout

2021-11-23 09:52:48 - [MESSAGE][INFO] - Finding web element with id: 'Object Repository/Popup/Popup' located by 'By.cssSelector: .bootbox-body' in '30' second(s)

2021-11-23 09:52:48 - [MESSAGE][INFO] - Smart Wait Function is triggered

2021-11-23 09:52:48 - [MESSAGE][INFO] - Found 1 web elements with id: 'Object Repository/Popup/Popup' located by 'By.cssSelector: .bootbox-body' in '30' second(s)

2021-11-23 09:52:48 - [MESSAGE][INFO] - Getting text of object 'Object Repository/Popup/Popup'

2021-11-23 09:52:48 - [MESSAGE][PASSED] - Text of object 'Object Repository/Popup/Popup' is: 'Lütfen rapor bildiriminin gönderileceği e-posta adresini belirtiniz.
e-Posta Adresi'

2021-11-23 09:52:48 - [TEST_STEP][PASSED] - Console.println(RaporNo): null

2021-11-23 09:52:48 - [MESSAGE][PASSED] - Call Test Case 'Test Cases/Popup/PopupMesajiIceriyorMu' successfully

2021-11-23 09:52:48 - [MESSAGE][INFO] - Checking called Test Case

2021-11-23 09:52:48 - [MESSAGE][INFO] - Starting to call Test Case 'Test Cases/Popup/PopupaEmailEklenir'

2021-11-23 09:52:48 - [TEST_CASE][PASSED] - Test Cases/Popup/PopupaEmailEklenir: Test Cases/Popup/PopupaEmailEklenir

2021-11-23 09:52:48 - [TEST_STEP][PASSED] - clearText(findTestObject("Popup/EmailText")): Text of object 'Object Repository/Popup/EmailText' is cleared

2021-11-23 09:52:48 - [MESSAGE][INFO] - Finding Test Object 'Object Repository/Popup/EmailText'

2021-11-23 09:52:48 - [MESSAGE][INFO] - Checking object

2021-11-23 09:52:48 - [MESSAGE][INFO] - Finding web element from Test Object's properties

2021-11-23 09:52:48 - [MESSAGE][INFO] - Checking timeout

2021-11-23 09:52:48 - [MESSAGE][INFO] - Finding web element with id: 'Object Repository/Popup/EmailText' located by 'By.xpath: //*[@id="eMails"]' in '30' second(s)

2021-11-23 09:52:48 - [MESSAGE][INFO] - Smart Wait Function is triggered

2021-11-23 09:52:49 - [MESSAGE][INFO] - Found 1 web elements with id: 'Object Repository/Popup/EmailText' located by 'By.xpath: //*[@id="eMails"]' in '30' second(s)

2021-11-23 09:52:49 - [MESSAGE][INFO] - Clearing text of object 'Object Repository/Popup/EmailText'

2021-11-23 09:52:49 - [MESSAGE][PASSED] - Text of object 'Object Repository/Popup/EmailText' is cleared

2021-11-23 09:52:49 - [TEST_STEP][PASSED] - sendKeys(findTestObject("Popup/EmailText"), Email): Keys 'elogotest@gmail.com;ali.kara@logo.com.tr' sent to object: 'Object Repository/Popup/EmailText'

2021-11-23 09:52:49 - [MESSAGE][INFO] - Finding Test Object 'Object Repository/Popup/EmailText'

2021-11-23 09:52:49 - [MESSAGE][INFO] - Sending keys 'elogotest@gmail.com;ali.kara@logo.com.tr' to object: 'Object Repository/Popup/EmailText'

2021-11-23 09:52:49 - [MESSAGE][INFO] - Finding web element from Test Object's properties

2021-11-23 09:52:49 - [MESSAGE][INFO] - Checking timeout

2021-11-23 09:52:49 - [MESSAGE][INFO] - Finding web element with id: 'Object Repository/Popup/EmailText' located by 'By.xpath: //*[@id="eMails"]' in '30' second(s)

2021-11-23 09:52:49 - [MESSAGE][INFO] - Smart Wait Function is triggered

2021-11-23 09:52:49 - [MESSAGE][INFO] - Found 1 web elements with id: 'Object Repository/Popup/EmailText' located by 'By.xpath: //*[@id="eMails"]' in '30' second(s)

2021-11-23 09:52:49 - [MESSAGE][PASSED] - Keys 'elogotest@gmail.com;ali.kara@logo.com.tr' sent to object: 'Object Repository/Popup/EmailText'

2021-11-23 09:52:49 - [MESSAGE][PASSED] - Call Test Case 'Test Cases/Popup/PopupaEmailEklenir' successfully

2021-11-23 09:52:49 - [MESSAGE][INFO] - Checking called Test Case

2021-11-23 09:52:49 - [MESSAGE][INFO] - Starting to call Test Case 'Test Cases/Popup/PopupButonSecilir'

2021-11-23 09:52:49 - [TEST_CASE][PASSED] - Test Cases/Popup/PopupButonSecilir: Test Cases/Popup/PopupButonSecilir

2021-11-23 09:52:49 - [TEST_STEP][PASSED] - Method.TextDegerineEsitElementeTikla(findTestObject("Popup/Popup_Butons"), Buton): Method.TextDegerineEsitElementeTikla is PASSED

2021-11-23 09:52:49 - [MESSAGE][INFO] - Finding Test Object 'Object Repository/Popup/Popup_Butons'

2021-11-23 09:52:49 - [MESSAGE][INFO] - Checking timeout

2021-11-23 09:52:49 - [MESSAGE][INFO] - Finding web element with id: 'Object Repository/Popup/Popup_Butons' located by 'By.cssSelector: .modal-footer>button' in '10' second(s)

2021-11-23 09:52:49 - [MESSAGE][INFO] - Smart Wait Function is triggered

2021-11-23 09:52:50 - [MESSAGE][INFO] - Found 2 web elements with id: 'Object Repository/Popup/Popup_Butons' located by 'By.cssSelector: .modal-footer>button' in '10' second(s)

2021-11-23 09:52:50 - [MESSAGE][PASSED] - Method.TextDegerineEsitElementeTikla is PASSED

2021-11-23 09:52:50 - [MESSAGE][PASSED] - Call Test Case 'Test Cases/Popup/PopupButonSecilir' successfully

2021-11-23 09:52:50 - [MESSAGE][INFO] - Checking called Test Case

2021-11-23 09:52:50 - [MESSAGE][INFO] - Starting to call Test Case 'Test Cases/Popup/PopupMesajiIceriyorMu'

2021-11-23 09:52:50 - [TEST_CASE][PASSED] - Test Cases/Popup/PopupMesajiIceriyorMu: Test Cases/Popup/PopupMesajiIceriyorMu

2021-11-23 09:52:50 - [TEST_STEP][PASSED] - waitForElementVisible(findTestObject("Popup/Popup"), 10): Object 'Object Repository/Popup/Popup' is visible

2021-11-23 09:52:50 - [MESSAGE][INFO] - Finding Test Object 'Object Repository/Popup/Popup'

2021-11-23 09:52:50 - [MESSAGE][INFO] - Checking object

2021-11-23 09:52:50 - [MESSAGE][INFO] - Checking timeout

2021-11-23 09:52:50 - [MESSAGE][INFO] - Finding web element from Test Object's properties

2021-11-23 09:52:50 - [MESSAGE][INFO] - Checking timeout

2021-11-23 09:52:50 - [MESSAGE][INFO] - Finding web element with id: 'Object Repository/Popup/Popup' located by 'By.cssSelector: .bootbox-body' in '10' second(s)

2021-11-23 09:52:50 - [MESSAGE][INFO] - Smart Wait Function is triggered

2021-11-23 09:52:51 - [MESSAGE][INFO] - Found 1 web elements with id: 'Object Repository/Popup/Popup' located by 'By.cssSelector: .bootbox-body' in '10' second(s)

2021-11-23 09:52:51 - [MESSAGE][PASSED] - Object 'Object Repository/Popup/Popup' is visible

2021-11-23 09:52:51 - [TEST_STEP][PASSED] - if (!(getText(findTestObject("Popup/Popup")).contains(Mesaj))): Text of object 'Object Repository/Popup/Popup' is: '17631 no’lu talebiniz işleme alınmıştır. Raporunuz hazırlandığında (elogotest@gmail.com;ali.kara@logo.com.tr) adresinize mail gönderilecektir.
Rapor durumunuzu Raporlar > Toplu Veri İndirme ekranından takip edebilir, hazırlandı durumundaki raporlarınızı ilgili menüden indirebilirsiniz.'

2021-11-23 09:52:51 - [MESSAGE][INFO] - Finding Test Object 'Object Repository/Popup/Popup'

2021-11-23 09:52:51 - [MESSAGE][INFO] - Checking object

2021-11-23 09:52:51 - [MESSAGE][INFO] - Finding web element from Test Object's properties

2021-11-23 09:52:51 - [MESSAGE][INFO] - Checking timeout

2021-11-23 09:52:51 - [MESSAGE][INFO] - Finding web element with id: 'Object Repository/Popup/Popup' located by 'By.cssSelector: .bootbox-body' in '30' second(s)

2021-11-23 09:52:51 - [MESSAGE][INFO] - Smart Wait Function is triggered

2021-11-23 09:52:51 - [MESSAGE][INFO] - Found 1 web elements with id: 'Object Repository/Popup/Popup' located by 'By.cssSelector: .bootbox-body' in '30' second(s)

2021-11-23 09:52:51 - [MESSAGE][INFO] - Getting text of object 'Object Repository/Popup/Popup'

2021-11-23 09:52:51 - [MESSAGE][PASSED] - Text of object 'Object Repository/Popup/Popup' is: '17631 no’lu talebiniz işleme alınmıştır. Raporunuz hazırlandığında (elogotest@gmail.com;ali.kara@logo.com.tr) adresinize mail gönderilecektir.
Rapor durumunuzu Raporlar > Toplu Veri İndirme ekranından takip edebilir, hazırlandı durumundaki raporlarınızı ilgili menüden indirebilirsiniz.'

2021-11-23 09:52:51 - [TEST_STEP][PASSED] - RaporNo = getText(findTestObject("Popup/Popup")).substring(0, 6): Text of object 'Object Repository/Popup/Popup' is: '17631 no’lu talebiniz işleme alınmıştır. Raporunuz hazırlandığında (elogotest@gmail.com;ali.kara@logo.com.tr) adresinize mail gönderilecektir.
Rapor durumunuzu Raporlar > Toplu Veri İndirme ekranından takip edebilir, hazırlandı durumundaki raporlarınızı ilgili menüden indirebilirsiniz.'

2021-11-23 09:52:51 - [MESSAGE][INFO] - Finding Test Object 'Object Repository/Popup/Popup'

2021-11-23 09:52:51 - [MESSAGE][INFO] - Checking object

2021-11-23 09:52:51 - [MESSAGE][INFO] - Finding web element from Test Object's properties

2021-11-23 09:52:51 - [MESSAGE][INFO] - Checking timeout

2021-11-23 09:52:51 - [MESSAGE][INFO] - Finding web element with id: 'Object Repository/Popup/Popup' located by 'By.cssSelector: .bootbox-body' in '30' second(s)

2021-11-23 09:52:51 - [MESSAGE][INFO] - Smart Wait Function is triggered

2021-11-23 09:52:51 - [MESSAGE][INFO] - Found 1 web elements with id: 'Object Repository/Popup/Popup' located by 'By.cssSelector: .bootbox-body' in '30' second(s)

2021-11-23 09:52:51 - [MESSAGE][INFO] - Getting text of object 'Object Repository/Popup/Popup'

2021-11-23 09:52:51 - [MESSAGE][PASSED] - Text of object 'Object Repository/Popup/Popup' is: '17631 no’lu talebiniz işleme alınmıştır. Raporunuz hazırlandığında (elogotest@gmail.com;ali.kara@logo.com.tr) adresinize mail gönderilecektir.
Rapor durumunuzu Raporlar > Toplu Veri İndirme ekranından takip edebilir, hazırlandı durumundaki raporlarınızı ilgili menüden indirebilirsiniz.'

2021-11-23 09:52:51 - [TEST_STEP][PASSED] - Console.println(RaporNo): null

2021-11-23 09:52:51 - [MESSAGE][PASSED] - Call Test Case 'Test Cases/Popup/PopupMesajiIceriyorMu' successfully

2021-11-23 09:52:51 - [MESSAGE][INFO] - Checking called Test Case

2021-11-23 09:52:51 - [MESSAGE][INFO] - Starting to call Test Case 'Test Cases/Popup/PopupButonSecilir'

2021-11-23 09:52:51 - [TEST_CASE][PASSED] - Test Cases/Popup/PopupButonSecilir: Test Cases/Popup/PopupButonSecilir

2021-11-23 09:52:51 - [TEST_STEP][PASSED] - Method.TextDegerineEsitElementeTikla(findTestObject("Popup/Popup_Butons"), Buton): Method.TextDegerineEsitElementeTikla is PASSED

2021-11-23 09:52:51 - [MESSAGE][INFO] - Finding Test Object 'Object Repository/Popup/Popup_Butons'

2021-11-23 09:52:51 - [MESSAGE][INFO] - Checking timeout

2021-11-23 09:52:51 - [MESSAGE][INFO] - Finding web element with id: 'Object Repository/Popup/Popup_Butons' located by 'By.cssSelector: .modal-footer>button' in '10' second(s)

2021-11-23 09:52:51 - [MESSAGE][INFO] - Smart Wait Function is triggered

2021-11-23 09:52:52 - [MESSAGE][INFO] - Found 1 web elements with id: 'Object Repository/Popup/Popup_Butons' located by 'By.cssSelector: .modal-footer>button' in '10' second(s)

2021-11-23 09:52:52 - [MESSAGE][PASSED] - Method.TextDegerineEsitElementeTikla is PASSED

2021-11-23 09:52:52 - [MESSAGE][PASSED] - Call Test Case 'Test Cases/Popup/PopupButonSecilir' successfully

2021-11-23 09:52:52 - [MESSAGE][INFO] - Checking called Test Case

2021-11-23 09:52:52 - [MESSAGE][INFO] - Starting to call Test Case 'Test Cases/Menu/AnaMenuSecimi'

2021-11-23 09:52:52 - [TEST_CASE][PASSED] - Test Cases/Menu/AnaMenuSecimi: Test Cases/Menu/AnaMenuSecimi

2021-11-23 09:52:52 - [TEST_STEP][PASSED] - Method.TextDegerineEsitElementeTikla(findTestObject("Menu/Ana_Menu"), Ana_Menu): Method.TextDegerineEsitElementeTikla is PASSED

2021-11-23 09:52:52 - [MESSAGE][INFO] - Finding Test Object 'Object Repository/Menu/Ana_Menu'

2021-11-23 09:52:52 - [MESSAGE][INFO] - Checking timeout

2021-11-23 09:52:52 - [MESSAGE][INFO] - Finding web element with id: 'Object Repository/Menu/Ana_Menu' located by 'By.xpath: //*[@class = 'dropdown-toggle']' in '10' second(s)

2021-11-23 09:52:52 - [MESSAGE][INFO] - Smart Wait Function is triggered

2021-11-23 09:52:53 - [MESSAGE][INFO] - Found 14 web elements with id: 'Object Repository/Menu/Ana_Menu' located by 'By.xpath: //*[@class = 'dropdown-toggle']' in '10' second(s)

2021-11-23 09:52:53 - [MESSAGE][PASSED] - Method.TextDegerineEsitElementeTikla is PASSED

2021-11-23 09:52:53 - [MESSAGE][PASSED] - Call Test Case 'Test Cases/Menu/AnaMenuSecimi' successfully

2021-11-23 09:52:53 - [MESSAGE][INFO] - Checking called Test Case

2021-11-23 09:52:53 - [MESSAGE][INFO] - Starting to call Test Case 'Test Cases/Menu/AltMenuSecimi'

2021-11-23 09:52:53 - [TEST_CASE][PASSED] - Test Cases/Menu/AltMenuSecimi: Test Cases/Menu/AltMenuSecimi

2021-11-23 09:52:53 - [TEST_STEP][PASSED] - Method.TextDegerineEsitElementeTikla(findTestObject("Menu/Alt_Menu"), Alt_Menu): Method.TextDegerineEsitElementeTikla is PASSED

2021-11-23 09:52:53 - [MESSAGE][INFO] - Finding Test Object 'Object Repository/Menu/Alt_Menu'

2021-11-23 09:52:53 - [MESSAGE][INFO] - Checking timeout

2021-11-23 09:52:53 - [MESSAGE][INFO] - Finding web element with id: 'Object Repository/Menu/Alt_Menu' located by 'By.xpath: //li[@class='dropdown dropdown-large open']//li[@class='dropdown-element']' in '10' second(s)

2021-11-23 09:52:53 - [MESSAGE][INFO] - Smart Wait Function is triggered

2021-11-23 09:52:53 - [MESSAGE][INFO] - Found 2 web elements with id: 'Object Repository/Menu/Alt_Menu' located by 'By.xpath: //li[@class='dropdown dropdown-large open']//li[@class='dropdown-element']' in '10' second(s)

2021-11-23 09:52:54 - [MESSAGE][PASSED] - Method.TextDegerineEsitElementeTikla is PASSED

2021-11-23 09:52:54 - [MESSAGE][PASSED] - Call Test Case 'Test Cases/Menu/AltMenuSecimi' successfully

2021-11-23 09:52:54 - [MESSAGE][INFO] - Checking called Test Case

2021-11-23 09:52:54 - [MESSAGE][INFO] - Starting to call Test Case 'Test Cases/Filtreler/DropdownSec'

2021-11-23 09:52:54 - [TEST_CASE][PASSED] - Test Cases/Filtreler/DropdownSec: Test Cases/Filtreler/DropdownSec

2021-11-23 09:52:54 - [TEST_STEP][PASSED] - Method.TextDegerineEsitElementinAltindakineTikla(findTestObject("Filtreler/Basliklar"), findTestObject("Filtreler/Basliga_Gore_Baslangic_Image"), Filtre_Adi): Method.TextDegerineEsitElementinAltindakineTikla is PASSED

2021-11-23 09:52:54 - [MESSAGE][INFO] - Finding Test Object 'Object Repository/Filtreler/Basliklar'

2021-11-23 09:52:54 - [MESSAGE][INFO] - Finding Test Object 'Object Repository/Filtreler/Basliga_Gore_Baslangic_Image'

2021-11-23 09:52:54 - [MESSAGE][INFO] - Checking timeout

2021-11-23 09:52:54 - [MESSAGE][INFO] - Finding web element with id: 'Object Repository/Filtreler/Basliklar' located by 'By.cssSelector: .control-label.col-sm-4.paddingMarginRLC' in '10' second(s)

2021-11-23 09:52:54 - [MESSAGE][INFO] - Smart Wait Function is triggered

2021-11-23 09:52:54 - [MESSAGE][INFO] - Found 8 web elements with id: 'Object Repository/Filtreler/Basliklar' located by 'By.cssSelector: .control-label.col-sm-4.paddingMarginRLC' in '10' second(s)

2021-11-23 09:52:54 - [MESSAGE][INFO] - Smart Wait Function is triggered

2021-11-23 09:52:55 - [MESSAGE][PASSED] - Method.TextDegerineEsitElementinAltindakineTikla is PASSED

2021-11-23 09:52:55 - [TEST_STEP][PASSED] - Method.TextDegerineEsitElementeTikla(findTestObject("Object Repository/Filtreler/Basliga_Gore_Dropdown"), Filtre_Degeri): Method.TextDegerineEsitElementeTikla is PASSED

2021-11-23 09:52:55 - [MESSAGE][INFO] - Finding Test Object 'Object Repository/Filtreler/Basliga_Gore_Dropdown'

2021-11-23 09:52:55 - [MESSAGE][INFO] - Checking timeout

2021-11-23 09:52:55 - [MESSAGE][INFO] - Finding web element with id: 'Object Repository/Filtreler/Basliga_Gore_Dropdown' located by 'By.xpath: //*[@class = 'dxeListBoxItemRow_LECustomTheme']' in '10' second(s)

2021-11-23 09:52:55 - [MESSAGE][INFO] - Smart Wait Function is triggered

2021-11-23 09:52:55 - [MESSAGE][INFO] - Found 10 web elements with id: 'Object Repository/Filtreler/Basliga_Gore_Dropdown' located by 'By.xpath: //*[@class = 'dxeListBoxItemRow_LECustomTheme']' in '10' second(s)

2021-11-23 09:52:55 - [MESSAGE][PASSED] - Method.TextDegerineEsitElementeTikla is PASSED

2021-11-23 09:52:55 - [MESSAGE][PASSED] - Call Test Case 'Test Cases/Filtreler/DropdownSec' successfully

2021-11-23 09:52:55 - [MESSAGE][INFO] - Checking called Test Case

2021-11-23 09:52:55 - [MESSAGE][INFO] - Starting to call Test Case 'Test Cases/Filtreler/BaslangicYaz'

2021-11-23 09:52:55 - [TEST_CASE][PASSED] - Test Cases/Filtreler/BaslangicYaz: Test Cases/Filtreler/BaslangicYaz

2021-11-23 09:52:55 - [TEST_STEP][PASSED] - delay(3): Delayed 3 second(s)

2021-11-23 09:52:55 - [MESSAGE][INFO] - Delaying browser in 3 second(s)

2021-11-23 09:52:58 - [MESSAGE][PASSED] - Delayed 3 second(s)

2021-11-23 09:52:58 - [TEST_STEP][PASSED] - Method.TextDegerineEsitElementinAltindakineTikla(findTestObject("Filtreler/Basliklar"), findTestObject("Filtreler/Basliga_Gore_Baslangic_Image"), Filtre_Adi): Method.TextDegerineEsitElementinAltindakineTikla is PASSED

2021-11-23 09:52:58 - [MESSAGE][INFO] - Finding Test Object 'Object Repository/Filtreler/Basliklar'

2021-11-23 09:52:58 - [MESSAGE][INFO] - Finding Test Object 'Object Repository/Filtreler/Basliga_Gore_Baslangic_Image'

2021-11-23 09:52:58 - [MESSAGE][INFO] - Checking timeout

2021-11-23 09:52:58 - [MESSAGE][INFO] - Finding web element with id: 'Object Repository/Filtreler/Basliklar' located by 'By.cssSelector: .control-label.col-sm-4.paddingMarginRLC' in '10' second(s)

2021-11-23 09:52:58 - [MESSAGE][INFO] - Smart Wait Function is triggered

2021-11-23 09:52:59 - [MESSAGE][INFO] - Found 8 web elements with id: 'Object Repository/Filtreler/Basliklar' located by 'By.cssSelector: .control-label.col-sm-4.paddingMarginRLC' in '10' second(s)

2021-11-23 09:52:59 - [MESSAGE][INFO] - Smart Wait Function is triggered

2021-11-23 09:52:59 - [MESSAGE][PASSED] - Method.TextDegerineEsitElementinAltindakineTikla is PASSED

2021-11-23 09:52:59 - [TEST_STEP][PASSED] - Method.TextDegerineEsitElementinAltindakiTextboxtaYaz(findTestObject("Filtreler/Basliklar"), findTestObject("Filtreler/Basliga_Gore_Baslangic"), Filtre_Adi, Filtre_Degeri): Method.TextDegerineEsitElementinAltindakiTextboxtaYaz is PASSED

2021-11-23 09:52:59 - [MESSAGE][INFO] - Finding Test Object 'Object Repository/Filtreler/Basliklar'

2021-11-23 09:52:59 - [MESSAGE][INFO] - Finding Test Object 'Object Repository/Filtreler/Basliga_Gore_Baslangic'

2021-11-23 09:52:59 - [MESSAGE][INFO] - Checking timeout

2021-11-23 09:52:59 - [MESSAGE][INFO] - Finding web element with id: 'Object Repository/Filtreler/Basliklar' located by 'By.cssSelector: .control-label.col-sm-4.paddingMarginRLC' in '10' second(s)

2021-11-23 09:52:59 - [MESSAGE][INFO] - Smart Wait Function is triggered

2021-11-23 09:53:00 - [MESSAGE][INFO] - Found 8 web elements with id: 'Object Repository/Filtreler/Basliklar' located by 'By.cssSelector: .control-label.col-sm-4.paddingMarginRLC' in '10' second(s)

2021-11-23 09:53:00 - [MESSAGE][INFO] - Smart Wait Function is triggered

2021-11-23 09:53:00 - [MESSAGE][PASSED] - Method.TextDegerineEsitElementinAltindakiTextboxtaYaz is PASSED

2021-11-23 09:53:00 - [MESSAGE][PASSED] - Call Test Case 'Test Cases/Filtreler/BaslangicYaz' successfully

2021-11-23 09:53:00 - [MESSAGE][INFO] - Checking called Test Case

2021-11-23 09:53:00 - [MESSAGE][INFO] - Starting to call Test Case 'Test Cases/Filtreler/BitisYaz'

2021-11-23 09:53:00 - [TEST_CASE][PASSED] - Test Cases/Filtreler/BitisYaz: Test Cases/Filtreler/BitisYaz

2021-11-23 09:53:00 - [TEST_STEP][PASSED] - Method.TextDegerineEsitElementinAltindakineTikla(findTestObject("Filtreler/Basliklar"), findTestObject("Filtreler/Basliga_Gore_Bitis_Image"), Filtre_Adi): Method.TextDegerineEsitElementinAltindakineTikla is PASSED

2021-11-23 09:53:00 - [MESSAGE][INFO] - Finding Test Object 'Object Repository/Filtreler/Basliklar'

2021-11-23 09:53:00 - [MESSAGE][INFO] - Finding Test Object 'Object Repository/Filtreler/Basliga_Gore_Bitis_Image'

2021-11-23 09:53:00 - [MESSAGE][INFO] - Checking timeout

2021-11-23 09:53:00 - [MESSAGE][INFO] - Finding web element with id: 'Object Repository/Filtreler/Basliklar' located by 'By.cssSelector: .control-label.col-sm-4.paddingMarginRLC' in '10' second(s)

2021-11-23 09:53:00 - [MESSAGE][INFO] - Smart Wait Function is triggered

2021-11-23 09:53:01 - [MESSAGE][INFO] - Found 8 web elements with id: 'Object Repository/Filtreler/Basliklar' located by 'By.cssSelector: .control-label.col-sm-4.paddingMarginRLC' in '10' second(s)

2021-11-23 09:53:01 - [MESSAGE][INFO] - Smart Wait Function is triggered

2021-11-23 09:53:01 - [MESSAGE][PASSED] - Method.TextDegerineEsitElementinAltindakineTikla is PASSED

2021-11-23 09:53:01 - [TEST_STEP][PASSED] - Method.TextDegerineEsitElementinAltindakiTextboxtaYaz(findTestObject("Filtreler/Basliklar"), findTestObject("Object Repository/Filtreler/Basliga_Gore_Bitis"), Filtre_Adi, Filtre_Degeri): Method.TextDegerineEsitElementinAltindakiTextboxtaYaz is PASSED

2021-11-23 09:53:01 - [MESSAGE][INFO] - Finding Test Object 'Object Repository/Filtreler/Basliklar'

2021-11-23 09:53:01 - [MESSAGE][INFO] - Finding Test Object 'Object Repository/Filtreler/Basliga_Gore_Bitis'

2021-11-23 09:53:01 - [MESSAGE][INFO] - Checking timeout

2021-11-23 09:53:01 - [MESSAGE][INFO] - Finding web element with id: 'Object Repository/Filtreler/Basliklar' located by 'By.cssSelector: .control-label.col-sm-4.paddingMarginRLC' in '10' second(s)

2021-11-23 09:53:01 - [MESSAGE][INFO] - Smart Wait Function is triggered

2021-11-23 09:53:01 - [MESSAGE][INFO] - Found 8 web elements with id: 'Object Repository/Filtreler/Basliklar' located by 'By.cssSelector: .control-label.col-sm-4.paddingMarginRLC' in '10' second(s)

2021-11-23 09:53:01 - [MESSAGE][INFO] - Smart Wait Function is triggered

2021-11-23 09:53:02 - [MESSAGE][PASSED] - Method.TextDegerineEsitElementinAltindakiTextboxtaYaz is PASSED

2021-11-23 09:53:02 - [MESSAGE][PASSED] - Call Test Case 'Test Cases/Filtreler/BitisYaz' successfully

2021-11-23 09:53:02 - [MESSAGE][INFO] - Checking called Test Case

2021-11-23 09:53:02 - [MESSAGE][INFO] - Starting to call Test Case 'Test Cases/Filtreler/ButonaTikla'

2021-11-23 09:53:02 - [TEST_CASE][PASSED] - Test Cases/Filtreler/ButonaTikla: Test Cases/Filtreler/ButonaTikla

2021-11-23 09:53:02 - [TEST_STEP][PASSED] - Method.TextDegerineEsitElementeTikla(findTestObject("Filtreler/Butonlar"), Filtre_Buton): Method.TextDegerineEsitElementeTikla is PASSED

2021-11-23 09:53:02 - [MESSAGE][INFO] - Finding Test Object 'Object Repository/Filtreler/Butonlar'

2021-11-23 09:53:02 - [MESSAGE][INFO] - Checking timeout

2021-11-23 09:53:02 - [MESSAGE][INFO] - Finding web element with id: 'Object Repository/Filtreler/Butonlar' located by 'By.cssSelector: .dxb>span' in '10' second(s)

2021-11-23 09:53:02 - [MESSAGE][INFO] - Smart Wait Function is triggered

2021-11-23 09:53:02 - [MESSAGE][INFO] - Found 3 web elements with id: 'Object Repository/Filtreler/Butonlar' located by 'By.cssSelector: .dxb>span' in '10' second(s)

2021-11-23 09:53:03 - [MESSAGE][PASSED] - Method.TextDegerineEsitElementeTikla is PASSED

2021-11-23 09:53:03 - [MESSAGE][PASSED] - Call Test Case 'Test Cases/Filtreler/ButonaTikla' successfully

2021-11-23 09:53:03 - [MESSAGE][INFO] - Checking called Test Case

2021-11-23 09:53:03 - [MESSAGE][INFO] - Starting to call Test Case 'Test Cases/Tablo/TablonunButonunaTikla'

2021-11-23 09:53:03 - [TEST_CASE][PASSED] - Test Cases/Tablo/TablonunButonunaTikla: Test Cases/Tablo/TablonunButonunaTikla

2021-11-23 09:53:03 - [TEST_STEP][PASSED] - Method.TextDegerineEsitElementinAltindakiTextDegerineEsitOlanaTikla(findTestObject("Tablo/Veriler"), findTestObject("Tablo/VerininButonu"), Veri, Buton_Adi): Method.TextDegerineEsitElementinAltindakiTextDegerineEsitOlanaTikla is PASSED

2021-11-23 09:53:03 - [MESSAGE][INFO] - Finding Test Object 'Object Repository/Tablo/Veriler'

2021-11-23 09:53:03 - [MESSAGE][INFO] - Finding Test Object 'Object Repository/Tablo/VerininButonu'

2021-11-23 09:53:03 - [MESSAGE][INFO] - Checking timeout

2021-11-23 09:53:03 - [MESSAGE][INFO] - Finding web element with id: 'Object Repository/Tablo/Veriler' located by 'By.cssSelector: td.dxgv b ,td.dxgv' in '10' second(s)

2021-11-23 09:53:03 - [MESSAGE][INFO] - Smart Wait Function is triggered

2021-11-23 09:53:03 - [MESSAGE][INFO] - Found 110 web elements with id: 'Object Repository/Tablo/Veriler' located by 'By.cssSelector: td.dxgv b ,td.dxgv' in '10' second(s)

2021-11-23 09:53:03 - [MESSAGE][INFO] - Smart Wait Function is triggered

2021-11-23 09:53:04 - [MESSAGE][PASSED] - Method.TextDegerineEsitElementinAltindakiTextDegerineEsitOlanaTikla is PASSED

2021-11-23 09:53:04 - [MESSAGE][PASSED] - Call Test Case 'Test Cases/Tablo/TablonunButonunaTikla' successfully

2021-11-23 09:53:04 - [MESSAGE][INFO] - Checking called Test Case

2021-11-23 09:53:04 - [MESSAGE][INFO] - Starting to call Test Case 'Test Cases/Sekmeler/YeniSekmeyeGec'

2021-11-23 09:53:04 - [TEST_CASE][PASSED] - Test Cases/Sekmeler/YeniSekmeyeGec: Test Cases/Sekmeler/YeniSekmeyeGec

2021-11-23 09:53:04 - [TEST_STEP][PASSED] - switchToWindowIndex(1): Switched to window with index: '1'

2021-11-23 09:53:04 - [MESSAGE][INFO] - Checking index

2021-11-23 09:53:04 - [MESSAGE][INFO] - Switching window with index: '1'

2021-11-23 09:53:04 - [MESSAGE][PASSED] - Switched to window with index: '1'

2021-11-23 09:53:04 - [MESSAGE][PASSED] - Call Test Case 'Test Cases/Sekmeler/YeniSekmeyeGec' successfully

2021-11-23 09:53:04 - [MESSAGE][INFO] - Checking called Test Case

2021-11-23 09:53:04 - [MESSAGE][INFO] - Starting to call Test Case 'Test Cases/Tablo/TablodaVeriVarMi'

2021-11-23 09:53:04 - [TEST_CASE][PASSED] - Test Cases/Tablo/TablodaVeriVarMi: Test Cases/Tablo/TablodaVeriVarMi

2021-11-23 09:53:04 - [TEST_STEP][PASSED] - verifyTextNotPresent("Görüntülenecek veri yok", true): Text 'Görüntülenecek veri yok' is not present on page using regular expression

2021-11-23 09:53:04 - [MESSAGE][INFO] - Checking text present  using regular expression

2021-11-23 09:53:04 - [MESSAGE][INFO] - Smart Wait Function is triggered

2021-11-23 09:53:06 - [MESSAGE][INFO] - Finding text 'Görüntülenecek veri yok' on page  using regular expression

2021-11-23 09:53:06 - [MESSAGE][PASSED] - Text 'Görüntülenecek veri yok' is not present on page using regular expression

2021-11-23 09:53:06 - [MESSAGE][PASSED] - Call Test Case 'Test Cases/Tablo/TablodaVeriVarMi' successfully

2021-11-23 09:53:06 - [MESSAGE][INFO] - Checking called Test Case

2021-11-23 09:53:06 - [MESSAGE][INFO] - Starting to call Test Case 'Test Cases/Sekmeler/Ana_Sekmeye_Gec'

2021-11-23 09:53:06 - [TEST_CASE][PASSED] - Test Cases/Sekmeler/Ana_Sekmeye_Gec: Test Cases/Sekmeler/Ana_Sekmeye_Gec

2021-11-23 09:53:06 - [TEST_STEP][PASSED] - try: Window with index 1 is closed

2021-11-23 09:53:06 - [TEST_STEP][PASSED] - index = getWindowIndex(): Current window's index is: 1

2021-11-23 09:53:06 - [MESSAGE][INFO] - Getting current window's index

2021-11-23 09:53:06 - [MESSAGE][PASSED] - Current window's index is: 1

2021-11-23 09:53:06 - [TEST_STEP][PASSED] - closeWindowIndex(index): Window with index 1 is closed

2021-11-23 09:53:06 - [MESSAGE][INFO] - Checking index

2021-11-23 09:53:06 - [MESSAGE][INFO] - Closing window with index 1

2021-11-23 09:53:06 - [MESSAGE][PASSED] - Window with index 1 is closed

2021-11-23 09:53:06 - [TEST_STEP][PASSED] - switchToWindowIndex(0): Switched to window with index: '0'

2021-11-23 09:53:06 - [MESSAGE][INFO] - Checking index

2021-11-23 09:53:06 - [MESSAGE][INFO] - Switching window with index: '0'

2021-11-23 09:53:06 - [MESSAGE][PASSED] - Switched to window with index: '0'

2021-11-23 09:53:06 - [MESSAGE][PASSED] - Call Test Case 'Test Cases/Sekmeler/Ana_Sekmeye_Gec' successfully

2021-11-23 09:53:06 - [MESSAGE][INFO] - Checking called Test Case

2021-11-23 09:53:06 - [MESSAGE][INFO] - Starting to call Test Case 'Test Cases/Tablo/TablodaVeriVarMi'

2021-11-23 09:53:06 - [TEST_CASE][PASSED] - Test Cases/Tablo/TablodaVeriVarMi: Test Cases/Tablo/TablodaVeriVarMi

2021-11-23 09:53:06 - [TEST_STEP][PASSED] - verifyTextNotPresent("Görüntülenecek veri yok", true): Text 'Görüntülenecek veri yok' is not present on page using regular expression

2021-11-23 09:53:06 - [MESSAGE][INFO] - Checking text present  using regular expression

2021-11-23 09:53:06 - [MESSAGE][INFO] - Smart Wait Function is triggered

2021-11-23 09:53:07 - [MESSAGE][INFO] - Finding text 'Görüntülenecek veri yok' on page  using regular expression

2021-11-23 09:53:07 - [MESSAGE][PASSED] - Text 'Görüntülenecek veri yok' is not present on page using regular expression

2021-11-23 09:53:07 - [MESSAGE][PASSED] - Call Test Case 'Test Cases/Tablo/TablodaVeriVarMi' successfully

2021-11-23 09:53:07 - [MESSAGE][INFO] - Checking called Test Case

2021-11-23 09:53:07 - [MESSAGE][INFO] - Starting to call Test Case 'Test Cases/Tablo/TablodanVeriSec'

2021-11-23 09:53:07 - [TEST_CASE][PASSED] - Test Cases/Tablo/TablodanVeriSec: Test Cases/Tablo/TablodanVeriSec

2021-11-23 09:53:07 - [TEST_STEP][PASSED] - Method.TextDegerineEsitElementinAltindakineTikla(findTestObject("Tablo/Veriler"), findTestObject("Tablo/VerininCheckBoxi"), Veri_Adi): Method.TextDegerineEsitElementinAltindakineTikla is PASSED

2021-11-23 09:53:07 - [MESSAGE][INFO] - Finding Test Object 'Object Repository/Tablo/Veriler'

2021-11-23 09:53:07 - [MESSAGE][INFO] - Finding Test Object 'Object Repository/Tablo/VerininCheckBoxi'

2021-11-23 09:53:07 - [MESSAGE][INFO] - Checking timeout

2021-11-23 09:53:07 - [MESSAGE][INFO] - Finding web element with id: 'Object Repository/Tablo/Veriler' located by 'By.cssSelector: td.dxgv b ,td.dxgv' in '10' second(s)

2021-11-23 09:53:07 - [MESSAGE][INFO] - Smart Wait Function is triggered

2021-11-23 09:53:07 - [MESSAGE][INFO] - Found 110 web elements with id: 'Object Repository/Tablo/Veriler' located by 'By.cssSelector: td.dxgv b ,td.dxgv' in '10' second(s)

2021-11-23 09:53:07 - [MESSAGE][INFO] - Smart Wait Function is triggered

2021-11-23 09:53:08 - [MESSAGE][PASSED] - Method.TextDegerineEsitElementinAltindakineTikla is PASSED

2021-11-23 09:53:08 - [MESSAGE][PASSED] - Call Test Case 'Test Cases/Tablo/TablodanVeriSec' successfully

2021-11-23 09:53:08 - [MESSAGE][INFO] - Checking called Test Case

2021-11-23 09:53:08 - [MESSAGE][INFO] - Starting to call Test Case 'Test Cases/Butonlar/ButonaTikla'

2021-11-23 09:53:08 - [TEST_CASE][PASSED] - Test Cases/Butonlar/ButonaTikla: Test Cases/Butonlar/ButonaTikla

2021-11-23 09:53:08 - [TEST_STEP][PASSED] - Method.TextDegerineEsitElementeTiklaEquals(findTestObject("Butonlar/Butonlar"), Buton_Adi): Method.TextDegerineEsitElementeTiklaEquals is PASSED

2021-11-23 09:53:08 - [MESSAGE][INFO] - Finding Test Object 'Object Repository/Butonlar/Butonlar'

2021-11-23 09:53:08 - [MESSAGE][INFO] - Checking timeout

2021-11-23 09:53:08 - [MESSAGE][INFO] - Finding web element with id: 'Object Repository/Butonlar/Butonlar' located by 'By.cssSelector: .panel.panel-default.text-center.footerPanel .btn,.btn.btn-primary.btnControls' in '10' second(s)

2021-11-23 09:53:08 - [MESSAGE][INFO] - Smart Wait Function is triggered

2021-11-23 09:53:08 - [MESSAGE][INFO] - Found 6 web elements with id: 'Object Repository/Butonlar/Butonlar' located by 'By.cssSelector: .panel.panel-default.text-center.footerPanel .btn,.btn.btn-primary.btnControls' in '10' second(s)

2021-11-23 09:53:08 - [MESSAGE][PASSED] - Method.TextDegerineEsitElementeTiklaEquals is PASSED

2021-11-23 09:53:08 - [MESSAGE][PASSED] - Call Test Case 'Test Cases/Butonlar/ButonaTikla' successfully

2021-11-23 09:53:08 - [MESSAGE][INFO] - Checking called Test Case

2021-11-23 09:53:08 - [MESSAGE][INFO] - Starting to call Test Case 'Test Cases/Sekmeler/YeniSekmeyeGec'

2021-11-23 09:53:08 - [TEST_CASE][PASSED] - Test Cases/Sekmeler/YeniSekmeyeGec: Test Cases/Sekmeler/YeniSekmeyeGec

2021-11-23 09:53:08 - [TEST_STEP][PASSED] - switchToWindowIndex(1): Switched to window with index: '1'

2021-11-23 09:53:08 - [MESSAGE][INFO] - Checking index

2021-11-23 09:53:08 - [MESSAGE][INFO] - Switching window with index: '1'

2021-11-23 09:53:08 - [MESSAGE][PASSED] - Switched to window with index: '1'

2021-11-23 09:53:08 - [MESSAGE][PASSED] - Call Test Case 'Test Cases/Sekmeler/YeniSekmeyeGec' successfully

2021-11-23 09:53:08 - [MESSAGE][INFO] - Checking called Test Case

2021-11-23 09:53:08 - [MESSAGE][INFO] - Starting to call Test Case 'Test Cases/Sekmeler/TagGeldiMi'

2021-11-23 09:53:08 - [TEST_CASE][PASSED] - Test Cases/Sekmeler/TagGeldiMi: Test Cases/Sekmeler/TagGeldiMi

2021-11-23 09:53:08 - [TEST_STEP][PASSED] - waitForElementPresent(findTestObject("Object Repository/Sekmeler/UBLTag"), 10): Object 'Object Repository/Sekmeler/UBLTag' is present

2021-11-23 09:53:08 - [MESSAGE][INFO] - Finding Test Object 'Object Repository/Sekmeler/UBLTag'

2021-11-23 09:53:09 - [MESSAGE][INFO] - Checking object

2021-11-23 09:53:09 - [MESSAGE][INFO] - Finding web element from Test Object's properties

2021-11-23 09:53:09 - [MESSAGE][INFO] - Checking timeout

2021-11-23 09:53:09 - [MESSAGE][INFO] - Finding web element with id: 'Object Repository/Sekmeler/UBLTag' located by 'By.cssSelector: #webkit-xml-viewer-source-xml>:first-child' in '10' second(s)

2021-11-23 09:53:09 - [MESSAGE][INFO] - Smart Wait Function is triggered

2021-11-23 09:53:09 - [MESSAGE][INFO] - Found 1 web elements with id: 'Object Repository/Sekmeler/UBLTag' located by 'By.cssSelector: #webkit-xml-viewer-source-xml>:first-child' in '10' second(s)

2021-11-23 09:53:09 - [MESSAGE][PASSED] - Object 'Object Repository/Sekmeler/UBLTag' is present

2021-11-23 09:53:09 - [TEST_STEP][PASSED] - println(toLowerCase().toString()): Found 1 web elements with id: 'Object Repository/Sekmeler/UBLTag' located by 'By.cssSelector: #webkit-xml-viewer-source-xml>:first-child' in '10' second(s)

2021-11-23 09:53:09 - [MESSAGE][INFO] - Finding Test Object 'Object Repository/Sekmeler/UBLTag'

2021-11-23 09:53:09 - [MESSAGE][INFO] - Finding web element from Test Object's properties

2021-11-23 09:53:09 - [MESSAGE][INFO] - Checking timeout

2021-11-23 09:53:09 - [MESSAGE][INFO] - Finding web element with id: 'Object Repository/Sekmeler/UBLTag' located by 'By.cssSelector: #webkit-xml-viewer-source-xml>:first-child' in '10' second(s)

2021-11-23 09:53:09 - [MESSAGE][INFO] - Smart Wait Function is triggered

2021-11-23 09:53:09 - [MESSAGE][INFO] - Found 1 web elements with id: 'Object Repository/Sekmeler/UBLTag' located by 'By.cssSelector: #webkit-xml-viewer-source-xml>:first-child' in '10' second(s)

2021-11-23 09:53:09 - [TEST_STEP][PASSED] - if (!(toString().contains(toString().toLowerCase()))): Found 1 web elements with id: 'Object Repository/Sekmeler/UBLTag' located by 'By.cssSelector: #webkit-xml-viewer-source-xml>:first-child' in '10' second(s)

2021-11-23 09:53:09 - [MESSAGE][INFO] - Finding Test Object 'Object Repository/Sekmeler/UBLTag'

2021-11-23 09:53:09 - [MESSAGE][INFO] - Finding web element from Test Object's properties

2021-11-23 09:53:09 - [MESSAGE][INFO] - Checking timeout

2021-11-23 09:53:09 - [MESSAGE][INFO] - Finding web element with id: 'Object Repository/Sekmeler/UBLTag' located by 'By.cssSelector: #webkit-xml-viewer-source-xml>:first-child' in '10' second(s)

2021-11-23 09:53:09 - [MESSAGE][INFO] - Smart Wait Function is triggered

2021-11-23 09:53:09 - [MESSAGE][INFO] - Found 1 web elements with id: 'Object Repository/Sekmeler/UBLTag' located by 'By.cssSelector: #webkit-xml-viewer-source-xml>:first-child' in '10' second(s)

2021-11-23 09:53:09 - [MESSAGE][PASSED] - Call Test Case 'Test Cases/Sekmeler/TagGeldiMi' successfully

2021-11-23 09:53:09 - [MESSAGE][INFO] - Checking called Test Case

2021-11-23 09:53:09 - [MESSAGE][INFO] - Starting to call Test Case 'Test Cases/Sekmeler/Ana_Sekmeye_Gec'

2021-11-23 09:53:10 - [TEST_CASE][PASSED] - Test Cases/Sekmeler/Ana_Sekmeye_Gec: Test Cases/Sekmeler/Ana_Sekmeye_Gec

2021-11-23 09:53:10 - [TEST_STEP][PASSED] - try: Window with index 1 is closed

2021-11-23 09:53:10 - [TEST_STEP][PASSED] - index = getWindowIndex(): Current window's index is: 1

2021-11-23 09:53:10 - [MESSAGE][INFO] - Getting current window's index

2021-11-23 09:53:10 - [MESSAGE][PASSED] - Current window's index is: 1

2021-11-23 09:53:10 - [TEST_STEP][PASSED] - closeWindowIndex(index): Window with index 1 is closed

2021-11-23 09:53:10 - [MESSAGE][INFO] - Checking index

2021-11-23 09:53:10 - [MESSAGE][INFO] - Closing window with index 1

2021-11-23 09:53:10 - [MESSAGE][PASSED] - Window with index 1 is closed

2021-11-23 09:53:10 - [TEST_STEP][PASSED] - switchToWindowIndex(0): Switched to window with index: '0'

2021-11-23 09:53:10 - [MESSAGE][INFO] - Checking index

2021-11-23 09:53:10 - [MESSAGE][INFO] - Switching window with index: '0'

2021-11-23 09:53:10 - [MESSAGE][PASSED] - Switched to window with index: '0'

2021-11-23 09:53:10 - [MESSAGE][PASSED] - Call Test Case 'Test Cases/Sekmeler/Ana_Sekmeye_Gec' successfully

2021-11-23 09:53:10 - [MESSAGE][INFO] - Checking called Test Case

2021-11-23 09:53:10 - [MESSAGE][INFO] - Starting to call Test Case 'Test Cases/Butonlar/ButonaTikla'

2021-11-23 09:53:10 - [TEST_CASE][PASSED] - Test Cases/Butonlar/ButonaTikla: Test Cases/Butonlar/ButonaTikla

2021-11-23 09:53:10 - [TEST_STEP][PASSED] - Method.TextDegerineEsitElementeTiklaEquals(findTestObject("Butonlar/Butonlar"), Buton_Adi): Method.TextDegerineEsitElementeTiklaEquals is PASSED

2021-11-23 09:53:10 - [MESSAGE][INFO] - Finding Test Object 'Object Repository/Butonlar/Butonlar'

2021-11-23 09:53:10 - [MESSAGE][INFO] - Checking timeout

2021-11-23 09:53:10 - [MESSAGE][INFO] - Finding web element with id: 'Object Repository/Butonlar/Butonlar' located by 'By.cssSelector: .panel.panel-default.text-center.footerPanel .btn,.btn.btn-primary.btnControls' in '10' second(s)

2021-11-23 09:53:10 - [MESSAGE][INFO] - Smart Wait Function is triggered

2021-11-23 09:53:10 - [MESSAGE][INFO] - Found 6 web elements with id: 'Object Repository/Butonlar/Butonlar' located by 'By.cssSelector: .panel.panel-default.text-center.footerPanel .btn,.btn.btn-primary.btnControls' in '10' second(s)

2021-11-23 09:53:10 - [MESSAGE][PASSED] - Method.TextDegerineEsitElementeTiklaEquals is PASSED

2021-11-23 09:53:10 - [MESSAGE][PASSED] - Call Test Case 'Test Cases/Butonlar/ButonaTikla' successfully

2021-11-23 09:53:10 - [MESSAGE][INFO] - Checking called Test Case

2021-11-23 09:53:10 - [MESSAGE][INFO] - Starting to call Test Case 'Test Cases/Butonlar/AltButonaTikla'

2021-11-23 09:53:10 - [TEST_CASE][PASSED] - Test Cases/Butonlar/AltButonaTikla: Test Cases/Butonlar/AltButonaTikla

2021-11-23 09:53:10 - [TEST_STEP][PASSED] - Method.TextDegerineEsitElementeTikla(findTestObject("Butonlar/AltButonlar"), Alt_Buton): Method.TextDegerineEsitElementeTikla is PASSED

2021-11-23 09:53:10 - [MESSAGE][INFO] - Finding Test Object 'Object Repository/Butonlar/AltButonlar'

2021-11-23 09:53:10 - [MESSAGE][INFO] - Checking timeout

2021-11-23 09:53:10 - [MESSAGE][INFO] - Finding web element with id: 'Object Repository/Butonlar/AltButonlar' located by 'By.cssSelector: .btn-group.open li>a' in '10' second(s)

2021-11-23 09:53:10 - [MESSAGE][INFO] - Smart Wait Function is triggered

2021-11-23 09:53:11 - [MESSAGE][INFO] - Found 1 web elements with id: 'Object Repository/Butonlar/AltButonlar' located by 'By.cssSelector: .btn-group.open li>a' in '10' second(s)

2021-11-23 09:53:11 - [MESSAGE][PASSED] - Method.TextDegerineEsitElementeTikla is PASSED

2021-11-23 09:53:11 - [MESSAGE][PASSED] - Call Test Case 'Test Cases/Butonlar/AltButonaTikla' successfully

2021-11-23 09:53:11 - [MESSAGE][INFO] - Checking called Test Case

2021-11-23 09:53:11 - [MESSAGE][INFO] - Starting to call Test Case 'Test Cases/Butonlar/DosyaIndirildiMi'

2021-11-23 09:53:11 - [TEST_CASE][PASSED] - Test Cases/Butonlar/DosyaIndirildiMi: Test Cases/Butonlar/DosyaIndirildiMi

2021-11-23 09:53:11 - [TEST_STEP][PASSED] - Method.isimliDosyaIndirildiMi(DownloadFile, FileName): Method.isimliDosyaIndirildiMi is PASSED

2021-11-23 09:53:11 - [MESSAGE][INFO] - Delaying browser in 3 second(s)

2021-11-23 09:53:14 - [MESSAGE][PASSED] - Delayed 3 second(s)

2021-11-23 09:53:14 - [MESSAGE][PASSED] - Method.isimliDosyaIndirildiMi is PASSED

2021-11-23 09:53:14 - [MESSAGE][PASSED] - Call Test Case 'Test Cases/Butonlar/DosyaIndirildiMi' successfully

2021-11-23 09:53:14 - [MESSAGE][INFO] - Checking called Test Case

2021-11-23 09:53:14 - [MESSAGE][INFO] - Starting to call Test Case 'Test Cases/Butonlar/ButonaTikla'

2021-11-23 09:53:14 - [TEST_CASE][PASSED] - Test Cases/Butonlar/ButonaTikla: Test Cases/Butonlar/ButonaTikla

2021-11-23 09:53:14 - [TEST_STEP][PASSED] - Method.TextDegerineEsitElementeTiklaEquals(findTestObject("Butonlar/Butonlar"), Buton_Adi): Method.TextDegerineEsitElementeTiklaEquals is PASSED

2021-11-23 09:53:14 - [MESSAGE][INFO] - Finding Test Object 'Object Repository/Butonlar/Butonlar'

2021-11-23 09:53:14 - [MESSAGE][INFO] - Checking timeout

2021-11-23 09:53:14 - [MESSAGE][INFO] - Finding web element with id: 'Object Repository/Butonlar/Butonlar' located by 'By.cssSelector: .panel.panel-default.text-center.footerPanel .btn,.btn.btn-primary.btnControls' in '10' second(s)

2021-11-23 09:53:14 - [MESSAGE][INFO] - Smart Wait Function is triggered

2021-11-23 09:53:14 - [MESSAGE][INFO] - Found 6 web elements with id: 'Object Repository/Butonlar/Butonlar' located by 'By.cssSelector: .panel.panel-default.text-center.footerPanel .btn,.btn.btn-primary.btnControls' in '10' second(s)

2021-11-23 09:53:15 - [MESSAGE][PASSED] - Method.TextDegerineEsitElementeTiklaEquals is PASSED

2021-11-23 09:53:15 - [MESSAGE][PASSED] - Call Test Case 'Test Cases/Butonlar/ButonaTikla' successfully

2021-11-23 09:53:15 - [MESSAGE][INFO] - Checking called Test Case

2021-11-23 09:53:15 - [MESSAGE][INFO] - Starting to call Test Case 'Test Cases/Butonlar/AltButonaTikla'

2021-11-23 09:53:15 - [TEST_CASE][PASSED] - Test Cases/Butonlar/AltButonaTikla: Test Cases/Butonlar/AltButonaTikla

2021-11-23 09:53:15 - [TEST_STEP][PASSED] - Method.TextDegerineEsitElementeTikla(findTestObject("Butonlar/AltButonlar"), Alt_Buton): Method.TextDegerineEsitElementeTikla is PASSED

2021-11-23 09:53:15 - [MESSAGE][INFO] - Finding Test Object 'Object Repository/Butonlar/AltButonlar'

2021-11-23 09:53:15 - [MESSAGE][INFO] - Checking timeout

2021-11-23 09:53:15 - [MESSAGE][INFO] - Finding web element with id: 'Object Repository/Butonlar/AltButonlar' located by 'By.cssSelector: .btn-group.open li>a' in '10' second(s)

2021-11-23 09:53:15 - [MESSAGE][INFO] - Smart Wait Function is triggered

2021-11-23 09:53:15 - [MESSAGE][INFO] - Found 2 web elements with id: 'Object Repository/Butonlar/AltButonlar' located by 'By.cssSelector: .btn-group.open li>a' in '10' second(s)

2021-11-23 09:53:15 - [MESSAGE][PASSED] - Method.TextDegerineEsitElementeTikla is PASSED

2021-11-23 09:53:15 - [MESSAGE][PASSED] - Call Test Case 'Test Cases/Butonlar/AltButonaTikla' successfully

2021-11-23 09:53:15 - [MESSAGE][INFO] - Checking called Test Case

2021-11-23 09:53:15 - [MESSAGE][INFO] - Starting to call Test Case 'Test Cases/Popup/PopupMesajiIceriyorMu'

2021-11-23 09:53:15 - [TEST_CASE][PASSED] - Test Cases/Popup/PopupMesajiIceriyorMu: Test Cases/Popup/PopupMesajiIceriyorMu

2021-11-23 09:53:15 - [TEST_STEP][PASSED] - waitForElementVisible(findTestObject("Popup/Popup"), 10): Object 'Object Repository/Popup/Popup' is visible

2021-11-23 09:53:15 - [MESSAGE][INFO] - Finding Test Object 'Object Repository/Popup/Popup'

2021-11-23 09:53:15 - [MESSAGE][INFO] - Checking object

2021-11-23 09:53:15 - [MESSAGE][INFO] - Checking timeout

2021-11-23 09:53:15 - [MESSAGE][INFO] - Finding web element from Test Object's properties

2021-11-23 09:53:15 - [MESSAGE][INFO] - Checking timeout

2021-11-23 09:53:15 - [MESSAGE][INFO] - Finding web element with id: 'Object Repository/Popup/Popup' located by 'By.cssSelector: .bootbox-body' in '10' second(s)

2021-11-23 09:53:15 - [MESSAGE][INFO] - Smart Wait Function is triggered

2021-11-23 09:53:16 - [MESSAGE][INFO] - Found 1 web elements with id: 'Object Repository/Popup/Popup' located by 'By.cssSelector: .bootbox-body' in '10' second(s)

2021-11-23 09:53:16 - [MESSAGE][PASSED] - Object 'Object Repository/Popup/Popup' is visible

2021-11-23 09:53:16 - [TEST_STEP][PASSED] - if (!(getText(findTestObject("Popup/Popup")).contains(Mesaj))): Text of object 'Object Repository/Popup/Popup' is: 'Lütfen rapor bildiriminin gönderileceği e-posta adresini belirtiniz.
e-Posta Adresi'

2021-11-23 09:53:16 - [MESSAGE][INFO] - Finding Test Object 'Object Repository/Popup/Popup'

2021-11-23 09:53:16 - [MESSAGE][INFO] - Checking object

2021-11-23 09:53:16 - [MESSAGE][INFO] - Finding web element from Test Object's properties

2021-11-23 09:53:16 - [MESSAGE][INFO] - Checking timeout

2021-11-23 09:53:16 - [MESSAGE][INFO] - Finding web element with id: 'Object Repository/Popup/Popup' located by 'By.cssSelector: .bootbox-body' in '30' second(s)

2021-11-23 09:53:16 - [MESSAGE][INFO] - Smart Wait Function is triggered

2021-11-23 09:53:17 - [MESSAGE][INFO] - Found 1 web elements with id: 'Object Repository/Popup/Popup' located by 'By.cssSelector: .bootbox-body' in '30' second(s)

2021-11-23 09:53:17 - [MESSAGE][INFO] - Getting text of object 'Object Repository/Popup/Popup'

2021-11-23 09:53:17 - [MESSAGE][PASSED] - Text of object 'Object Repository/Popup/Popup' is: 'Lütfen rapor bildiriminin gönderileceği e-posta adresini belirtiniz.
e-Posta Adresi'

2021-11-23 09:53:17 - [TEST_STEP][PASSED] - RaporNo = getText(findTestObject("Popup/Popup")).substring(0, 6): Text of object 'Object Repository/Popup/Popup' is: 'Lütfen rapor bildiriminin gönderileceği e-posta adresini belirtiniz.
e-Posta Adresi'

2021-11-23 09:53:17 - [MESSAGE][INFO] - Finding Test Object 'Object Repository/Popup/Popup'

2021-11-23 09:53:17 - [MESSAGE][INFO] - Checking object

2021-11-23 09:53:17 - [MESSAGE][INFO] - Finding web element from Test Object's properties

2021-11-23 09:53:17 - [MESSAGE][INFO] - Checking timeout

2021-11-23 09:53:17 - [MESSAGE][INFO] - Finding web element with id: 'Object Repository/Popup/Popup' located by 'By.cssSelector: .bootbox-body' in '30' second(s)

2021-11-23 09:53:17 - [MESSAGE][INFO] - Smart Wait Function is triggered

2021-11-23 09:53:17 - [MESSAGE][INFO] - Found 1 web elements with id: 'Object Repository/Popup/Popup' located by 'By.cssSelector: .bootbox-body' in '30' second(s)

2021-11-23 09:53:17 - [MESSAGE][INFO] - Getting text of object 'Object Repository/Popup/Popup'

2021-11-23 09:53:17 - [MESSAGE][PASSED] - Text of object 'Object Repository/Popup/Popup' is: 'Lütfen rapor bildiriminin gönderileceği e-posta adresini belirtiniz.
e-Posta Adresi'

2021-11-23 09:53:17 - [TEST_STEP][PASSED] - Console.println(RaporNo): null

2021-11-23 09:53:17 - [MESSAGE][PASSED] - Call Test Case 'Test Cases/Popup/PopupMesajiIceriyorMu' successfully

2021-11-23 09:53:17 - [MESSAGE][INFO] - Checking called Test Case

2021-11-23 09:53:17 - [MESSAGE][INFO] - Starting to call Test Case 'Test Cases/Popup/PopupaEmailEklenir'

2021-11-23 09:53:17 - [TEST_CASE][PASSED] - Test Cases/Popup/PopupaEmailEklenir: Test Cases/Popup/PopupaEmailEklenir

2021-11-23 09:53:17 - [TEST_STEP][PASSED] - clearText(findTestObject("Popup/EmailText")): Text of object 'Object Repository/Popup/EmailText' is cleared

2021-11-23 09:53:17 - [MESSAGE][INFO] - Finding Test Object 'Object Repository/Popup/EmailText'

2021-11-23 09:53:17 - [MESSAGE][INFO] - Checking object

2021-11-23 09:53:17 - [MESSAGE][INFO] - Finding web element from Test Object's properties

2021-11-23 09:53:17 - [MESSAGE][INFO] - Checking timeout

2021-11-23 09:53:17 - [MESSAGE][INFO] - Finding web element with id: 'Object Repository/Popup/EmailText' located by 'By.xpath: //*[@id="eMails"]' in '30' second(s)

2021-11-23 09:53:17 - [MESSAGE][INFO] - Smart Wait Function is triggered

2021-11-23 09:53:18 - [MESSAGE][INFO] - Found 1 web elements with id: 'Object Repository/Popup/EmailText' located by 'By.xpath: //*[@id="eMails"]' in '30' second(s)

2021-11-23 09:53:18 - [MESSAGE][INFO] - Clearing text of object 'Object Repository/Popup/EmailText'

2021-11-23 09:53:18 - [MESSAGE][PASSED] - Text of object 'Object Repository/Popup/EmailText' is cleared

2021-11-23 09:53:18 - [TEST_STEP][PASSED] - sendKeys(findTestObject("Popup/EmailText"), Email): Keys 'elogotest@gmail.com;ali.kara@logo.com.tr' sent to object: 'Object Repository/Popup/EmailText'

2021-11-23 09:53:18 - [MESSAGE][INFO] - Finding Test Object 'Object Repository/Popup/EmailText'

2021-11-23 09:53:18 - [MESSAGE][INFO] - Sending keys 'elogotest@gmail.com;ali.kara@logo.com.tr' to object: 'Object Repository/Popup/EmailText'

2021-11-23 09:53:18 - [MESSAGE][INFO] - Finding web element from Test Object's properties

2021-11-23 09:53:18 - [MESSAGE][INFO] - Checking timeout

2021-11-23 09:53:18 - [MESSAGE][INFO] - Finding web element with id: 'Object Repository/Popup/EmailText' located by 'By.xpath: //*[@id="eMails"]' in '30' second(s)

2021-11-23 09:53:18 - [MESSAGE][INFO] - Smart Wait Function is triggered

2021-11-23 09:53:18 - [MESSAGE][INFO] - Found 1 web elements with id: 'Object Repository/Popup/EmailText' located by 'By.xpath: //*[@id="eMails"]' in '30' second(s)

2021-11-23 09:53:18 - [MESSAGE][PASSED] - Keys 'elogotest@gmail.com;ali.kara@logo.com.tr' sent to object: 'Object Repository/Popup/EmailText'

2021-11-23 09:53:18 - [MESSAGE][PASSED] - Call Test Case 'Test Cases/Popup/PopupaEmailEklenir' successfully

2021-11-23 09:53:18 - [MESSAGE][INFO] - Checking called Test Case

2021-11-23 09:53:18 - [MESSAGE][INFO] - Starting to call Test Case 'Test Cases/Popup/PopupButonSecilir'

2021-11-23 09:53:18 - [TEST_CASE][PASSED] - Test Cases/Popup/PopupButonSecilir: Test Cases/Popup/PopupButonSecilir

2021-11-23 09:53:18 - [TEST_STEP][PASSED] - Method.TextDegerineEsitElementeTikla(findTestObject("Popup/Popup_Butons"), Buton): Method.TextDegerineEsitElementeTikla is PASSED

2021-11-23 09:53:18 - [MESSAGE][INFO] - Finding Test Object 'Object Repository/Popup/Popup_Butons'

2021-11-23 09:53:19 - [MESSAGE][INFO] - Checking timeout

2021-11-23 09:53:19 - [MESSAGE][INFO] - Finding web element with id: 'Object Repository/Popup/Popup_Butons' located by 'By.cssSelector: .modal-footer>button' in '10' second(s)

2021-11-23 09:53:19 - [MESSAGE][INFO] - Smart Wait Function is triggered

2021-11-23 09:53:19 - [MESSAGE][INFO] - Found 2 web elements with id: 'Object Repository/Popup/Popup_Butons' located by 'By.cssSelector: .modal-footer>button' in '10' second(s)

2021-11-23 09:53:19 - [MESSAGE][PASSED] - Method.TextDegerineEsitElementeTikla is PASSED

2021-11-23 09:53:19 - [MESSAGE][PASSED] - Call Test Case 'Test Cases/Popup/PopupButonSecilir' successfully

2021-11-23 09:53:19 - [MESSAGE][INFO] - Checking called Test Case

2021-11-23 09:53:19 - [MESSAGE][INFO] - Starting to call Test Case 'Test Cases/Popup/PopupMesajiIceriyorMu'

2021-11-23 09:53:19 - [TEST_CASE][PASSED] - Test Cases/Popup/PopupMesajiIceriyorMu: Test Cases/Popup/PopupMesajiIceriyorMu

2021-11-23 09:53:19 - [TEST_STEP][PASSED] - waitForElementVisible(findTestObject("Popup/Popup"), 10): Object 'Object Repository/Popup/Popup' is visible

2021-11-23 09:53:19 - [MESSAGE][INFO] - Finding Test Object 'Object Repository/Popup/Popup'

2021-11-23 09:53:19 - [MESSAGE][INFO] - Checking object

2021-11-23 09:53:19 - [MESSAGE][INFO] - Checking timeout

2021-11-23 09:53:19 - [MESSAGE][INFO] - Finding web element from Test Object's properties

2021-11-23 09:53:19 - [MESSAGE][INFO] - Checking timeout

2021-11-23 09:53:19 - [MESSAGE][INFO] - Finding web element with id: 'Object Repository/Popup/Popup' located by 'By.cssSelector: .bootbox-body' in '10' second(s)

2021-11-23 09:53:19 - [MESSAGE][INFO] - Smart Wait Function is triggered

2021-11-23 09:53:20 - [MESSAGE][INFO] - Found 1 web elements with id: 'Object Repository/Popup/Popup' located by 'By.cssSelector: .bootbox-body' in '10' second(s)

2021-11-23 09:53:20 - [MESSAGE][PASSED] - Object 'Object Repository/Popup/Popup' is visible

2021-11-23 09:53:20 - [TEST_STEP][PASSED] - if (!(getText(findTestObject("Popup/Popup")).contains(Mesaj))): Text of object 'Object Repository/Popup/Popup' is: '17633 no’lu talebiniz işleme alınmıştır. Raporunuz hazırlandığında (elogotest@gmail.com;ali.kara@logo.com.tr) adresinize mail gönderilecektir.
Rapor durumunuzu Raporlar > Toplu Veri İndirme ekranından takip edebilir, hazırlandı durumundaki raporlarınızı ilgili menüden indirebilirsiniz.'

2021-11-23 09:53:20 - [MESSAGE][INFO] - Finding Test Object 'Object Repository/Popup/Popup'

2021-11-23 09:53:20 - [MESSAGE][INFO] - Checking object

2021-11-23 09:53:20 - [MESSAGE][INFO] - Finding web element from Test Object's properties

2021-11-23 09:53:20 - [MESSAGE][INFO] - Checking timeout

2021-11-23 09:53:20 - [MESSAGE][INFO] - Finding web element with id: 'Object Repository/Popup/Popup' located by 'By.cssSelector: .bootbox-body' in '30' second(s)

2021-11-23 09:53:20 - [MESSAGE][INFO] - Smart Wait Function is triggered

2021-11-23 09:53:20 - [MESSAGE][INFO] - Found 1 web elements with id: 'Object Repository/Popup/Popup' located by 'By.cssSelector: .bootbox-body' in '30' second(s)

2021-11-23 09:53:20 - [MESSAGE][INFO] - Getting text of object 'Object Repository/Popup/Popup'

2021-11-23 09:53:20 - [MESSAGE][PASSED] - Text of object 'Object Repository/Popup/Popup' is: '17633 no’lu talebiniz işleme alınmıştır. Raporunuz hazırlandığında (elogotest@gmail.com;ali.kara@logo.com.tr) adresinize mail gönderilecektir.
Rapor durumunuzu Raporlar > Toplu Veri İndirme ekranından takip edebilir, hazırlandı durumundaki raporlarınızı ilgili menüden indirebilirsiniz.'

2021-11-23 09:53:20 - [TEST_STEP][PASSED] - RaporNo = getText(findTestObject("Popup/Popup")).substring(0, 6): Text of object 'Object Repository/Popup/Popup' is: '17633 no’lu talebiniz işleme alınmıştır. Raporunuz hazırlandığında (elogotest@gmail.com;ali.kara@logo.com.tr) adresinize mail gönderilecektir.
Rapor durumunuzu Raporlar > Toplu Veri İndirme ekranından takip edebilir, hazırlandı durumundaki raporlarınızı ilgili menüden indirebilirsiniz.'

2021-11-23 09:53:20 - [MESSAGE][INFO] - Finding Test Object 'Object Repository/Popup/Popup'

2021-11-23 09:53:20 - [MESSAGE][INFO] - Checking object

2021-11-23 09:53:20 - [MESSAGE][INFO] - Finding web element from Test Object's properties

2021-11-23 09:53:20 - [MESSAGE][INFO] - Checking timeout

2021-11-23 09:53:20 - [MESSAGE][INFO] - Finding web element with id: 'Object Repository/Popup/Popup' located by 'By.cssSelector: .bootbox-body' in '30' second(s)

2021-11-23 09:53:20 - [MESSAGE][INFO] - Smart Wait Function is triggered

2021-11-23 09:53:20 - [MESSAGE][INFO] - Found 1 web elements with id: 'Object Repository/Popup/Popup' located by 'By.cssSelector: .bootbox-body' in '30' second(s)

2021-11-23 09:53:20 - [MESSAGE][INFO] - Getting text of object 'Object Repository/Popup/Popup'

2021-11-23 09:53:20 - [MESSAGE][PASSED] - Text of object 'Object Repository/Popup/Popup' is: '17633 no’lu talebiniz işleme alınmıştır. Raporunuz hazırlandığında (elogotest@gmail.com;ali.kara@logo.com.tr) adresinize mail gönderilecektir.
Rapor durumunuzu Raporlar > Toplu Veri İndirme ekranından takip edebilir, hazırlandı durumundaki raporlarınızı ilgili menüden indirebilirsiniz.'

2021-11-23 09:53:20 - [TEST_STEP][PASSED] - Console.println(RaporNo): null

2021-11-23 09:53:20 - [MESSAGE][PASSED] - Call Test Case 'Test Cases/Popup/PopupMesajiIceriyorMu' successfully

2021-11-23 09:53:20 - [MESSAGE][INFO] - Checking called Test Case

2021-11-23 09:53:20 - [MESSAGE][INFO] - Starting to call Test Case 'Test Cases/Popup/PopupButonSecilir'

2021-11-23 09:53:21 - [TEST_CASE][PASSED] - Test Cases/Popup/PopupButonSecilir: Test Cases/Popup/PopupButonSecilir

2021-11-23 09:53:21 - [TEST_STEP][PASSED] - Method.TextDegerineEsitElementeTikla(findTestObject("Popup/Popup_Butons"), Buton): Method.TextDegerineEsitElementeTikla is PASSED

2021-11-23 09:53:21 - [MESSAGE][INFO] - Finding Test Object 'Object Repository/Popup/Popup_Butons'

2021-11-23 09:53:21 - [MESSAGE][INFO] - Checking timeout

2021-11-23 09:53:21 - [MESSAGE][INFO] - Finding web element with id: 'Object Repository/Popup/Popup_Butons' located by 'By.cssSelector: .modal-footer>button' in '10' second(s)

2021-11-23 09:53:21 - [MESSAGE][INFO] - Smart Wait Function is triggered

2021-11-23 09:53:21 - [MESSAGE][INFO] - Found 1 web elements with id: 'Object Repository/Popup/Popup_Butons' located by 'By.cssSelector: .modal-footer>button' in '10' second(s)

2021-11-23 09:53:21 - [MESSAGE][PASSED] - Method.TextDegerineEsitElementeTikla is PASSED

2021-11-23 09:53:21 - [MESSAGE][PASSED] - Call Test Case 'Test Cases/Popup/PopupButonSecilir' successfully

2021-11-23 09:53:21 - [MESSAGE][INFO] - Checking called Test Case

2021-11-23 09:53:21 - [MESSAGE][INFO] - Starting to call Test Case 'Test Cases/Butonlar/ButonaTikla'

2021-11-23 09:53:21 - [TEST_CASE][PASSED] - Test Cases/Butonlar/ButonaTikla: Test Cases/Butonlar/ButonaTikla

2021-11-23 09:53:21 - [TEST_STEP][PASSED] - Method.TextDegerineEsitElementeTiklaEquals(findTestObject("Butonlar/Butonlar"), Buton_Adi): Method.TextDegerineEsitElementeTiklaEquals is PASSED

2021-11-23 09:53:21 - [MESSAGE][INFO] - Finding Test Object 'Object Repository/Butonlar/Butonlar'

2021-11-23 09:53:21 - [MESSAGE][INFO] - Checking timeout

2021-11-23 09:53:21 - [MESSAGE][INFO] - Finding web element with id: 'Object Repository/Butonlar/Butonlar' located by 'By.cssSelector: .panel.panel-default.text-center.footerPanel .btn,.btn.btn-primary.btnControls' in '10' second(s)

2021-11-23 09:53:21 - [MESSAGE][INFO] - Smart Wait Function is triggered

2021-11-23 09:53:22 - [MESSAGE][INFO] - Found 6 web elements with id: 'Object Repository/Butonlar/Butonlar' located by 'By.cssSelector: .panel.panel-default.text-center.footerPanel .btn,.btn.btn-primary.btnControls' in '10' second(s)

2021-11-23 09:53:22 - [MESSAGE][PASSED] - Method.TextDegerineEsitElementeTiklaEquals is PASSED

2021-11-23 09:53:22 - [MESSAGE][PASSED] - Call Test Case 'Test Cases/Butonlar/ButonaTikla' successfully

2021-11-23 09:53:22 - [MESSAGE][INFO] - Checking called Test Case

2021-11-23 09:53:22 - [MESSAGE][INFO] - Starting to call Test Case 'Test Cases/Butonlar/AltButonaTikla'

2021-11-23 09:53:22 - [TEST_CASE][PASSED] - Test Cases/Butonlar/AltButonaTikla: Test Cases/Butonlar/AltButonaTikla

2021-11-23 09:53:22 - [TEST_STEP][PASSED] - Method.TextDegerineEsitElementeTikla(findTestObject("Butonlar/AltButonlar"), Alt_Buton): Method.TextDegerineEsitElementeTikla is PASSED

2021-11-23 09:53:22 - [MESSAGE][INFO] - Finding Test Object 'Object Repository/Butonlar/AltButonlar'

2021-11-23 09:53:22 - [MESSAGE][INFO] - Checking timeout

2021-11-23 09:53:22 - [MESSAGE][INFO] - Finding web element with id: 'Object Repository/Butonlar/AltButonlar' located by 'By.cssSelector: .btn-group.open li>a' in '10' second(s)

2021-11-23 09:53:22 - [MESSAGE][INFO] - Smart Wait Function is triggered

2021-11-23 09:53:22 - [MESSAGE][INFO] - Found 2 web elements with id: 'Object Repository/Butonlar/AltButonlar' located by 'By.cssSelector: .btn-group.open li>a' in '10' second(s)

2021-11-23 09:53:22 - [MESSAGE][PASSED] - Method.TextDegerineEsitElementeTikla is PASSED

2021-11-23 09:53:22 - [MESSAGE][PASSED] - Call Test Case 'Test Cases/Butonlar/AltButonaTikla' successfully

2021-11-23 09:53:22 - [MESSAGE][INFO] - Checking called Test Case

2021-11-23 09:53:22 - [MESSAGE][INFO] - Starting to call Test Case 'Test Cases/Popup/PopupMesajiIceriyorMu'

2021-11-23 09:53:22 - [TEST_CASE][PASSED] - Test Cases/Popup/PopupMesajiIceriyorMu: Test Cases/Popup/PopupMesajiIceriyorMu

2021-11-23 09:53:22 - [TEST_STEP][PASSED] - waitForElementVisible(findTestObject("Popup/Popup"), 10): Object 'Object Repository/Popup/Popup' is visible

2021-11-23 09:53:22 - [MESSAGE][INFO] - Finding Test Object 'Object Repository/Popup/Popup'

2021-11-23 09:53:23 - [MESSAGE][INFO] - Checking object

2021-11-23 09:53:23 - [MESSAGE][INFO] - Checking timeout

2021-11-23 09:53:23 - [MESSAGE][INFO] - Finding web element from Test Object's properties

2021-11-23 09:53:23 - [MESSAGE][INFO] - Checking timeout

2021-11-23 09:53:23 - [MESSAGE][INFO] - Finding web element with id: 'Object Repository/Popup/Popup' located by 'By.cssSelector: .bootbox-body' in '10' second(s)

2021-11-23 09:53:23 - [MESSAGE][INFO] - Smart Wait Function is triggered

2021-11-23 09:53:23 - [MESSAGE][INFO] - Found 1 web elements with id: 'Object Repository/Popup/Popup' located by 'By.cssSelector: .bootbox-body' in '10' second(s)

2021-11-23 09:53:23 - [MESSAGE][PASSED] - Object 'Object Repository/Popup/Popup' is visible

2021-11-23 09:53:23 - [TEST_STEP][PASSED] - if (!(getText(findTestObject("Popup/Popup")).contains(Mesaj))): Text of object 'Object Repository/Popup/Popup' is: 'Lütfen rapor bildiriminin gönderileceği e-posta adresini belirtiniz.
e-Posta Adresi'

2021-11-23 09:53:23 - [MESSAGE][INFO] - Finding Test Object 'Object Repository/Popup/Popup'

2021-11-23 09:53:23 - [MESSAGE][INFO] - Checking object

2021-11-23 09:53:23 - [MESSAGE][INFO] - Finding web element from Test Object's properties

2021-11-23 09:53:23 - [MESSAGE][INFO] - Checking timeout

2021-11-23 09:53:23 - [MESSAGE][INFO] - Finding web element with id: 'Object Repository/Popup/Popup' located by 'By.cssSelector: .bootbox-body' in '30' second(s)

2021-11-23 09:53:23 - [MESSAGE][INFO] - Smart Wait Function is triggered

2021-11-23 09:53:23 - [MESSAGE][INFO] - Found 1 web elements with id: 'Object Repository/Popup/Popup' located by 'By.cssSelector: .bootbox-body' in '30' second(s)

2021-11-23 09:53:23 - [MESSAGE][INFO] - Getting text of object 'Object Repository/Popup/Popup'

2021-11-23 09:53:23 - [MESSAGE][PASSED] - Text of object 'Object Repository/Popup/Popup' is: 'Lütfen rapor bildiriminin gönderileceği e-posta adresini belirtiniz.
e-Posta Adresi'

2021-11-23 09:53:23 - [TEST_STEP][PASSED] - RaporNo = getText(findTestObject("Popup/Popup")).substring(0, 6): Text of object 'Object Repository/Popup/Popup' is: 'Lütfen rapor bildiriminin gönderileceği e-posta adresini belirtiniz.
e-Posta Adresi'

2021-11-23 09:53:23 - [MESSAGE][INFO] - Finding Test Object 'Object Repository/Popup/Popup'

2021-11-23 09:53:23 - [MESSAGE][INFO] - Checking object

2021-11-23 09:53:23 - [MESSAGE][INFO] - Finding web element from Test Object's properties

2021-11-23 09:53:23 - [MESSAGE][INFO] - Checking timeout

2021-11-23 09:53:23 - [MESSAGE][INFO] - Finding web element with id: 'Object Repository/Popup/Popup' located by 'By.cssSelector: .bootbox-body' in '30' second(s)

2021-11-23 09:53:23 - [MESSAGE][INFO] - Smart Wait Function is triggered

2021-11-23 09:53:24 - [MESSAGE][INFO] - Found 1 web elements with id: 'Object Repository/Popup/Popup' located by 'By.cssSelector: .bootbox-body' in '30' second(s)

2021-11-23 09:53:24 - [MESSAGE][INFO] - Getting text of object 'Object Repository/Popup/Popup'

2021-11-23 09:53:24 - [MESSAGE][PASSED] - Text of object 'Object Repository/Popup/Popup' is: 'Lütfen rapor bildiriminin gönderileceği e-posta adresini belirtiniz.
e-Posta Adresi'

2021-11-23 09:53:24 - [TEST_STEP][PASSED] - Console.println(RaporNo): null

2021-11-23 09:53:24 - [MESSAGE][PASSED] - Call Test Case 'Test Cases/Popup/PopupMesajiIceriyorMu' successfully

2021-11-23 09:53:24 - [MESSAGE][INFO] - Checking called Test Case

2021-11-23 09:53:24 - [MESSAGE][INFO] - Starting to call Test Case 'Test Cases/Popup/PopupaEmailEklenir'

2021-11-23 09:53:24 - [TEST_CASE][PASSED] - Test Cases/Popup/PopupaEmailEklenir: Test Cases/Popup/PopupaEmailEklenir

2021-11-23 09:53:24 - [TEST_STEP][PASSED] - clearText(findTestObject("Popup/EmailText")): Text of object 'Object Repository/Popup/EmailText' is cleared

2021-11-23 09:53:24 - [MESSAGE][INFO] - Finding Test Object 'Object Repository/Popup/EmailText'

2021-11-23 09:53:24 - [MESSAGE][INFO] - Checking object

2021-11-23 09:53:24 - [MESSAGE][INFO] - Finding web element from Test Object's properties

2021-11-23 09:53:24 - [MESSAGE][INFO] - Checking timeout

2021-11-23 09:53:24 - [MESSAGE][INFO] - Finding web element with id: 'Object Repository/Popup/EmailText' located by 'By.xpath: //*[@id="eMails"]' in '30' second(s)

2021-11-23 09:53:24 - [MESSAGE][INFO] - Smart Wait Function is triggered

2021-11-23 09:53:24 - [MESSAGE][INFO] - Found 1 web elements with id: 'Object Repository/Popup/EmailText' located by 'By.xpath: //*[@id="eMails"]' in '30' second(s)

2021-11-23 09:53:24 - [MESSAGE][INFO] - Clearing text of object 'Object Repository/Popup/EmailText'

2021-11-23 09:53:24 - [MESSAGE][PASSED] - Text of object 'Object Repository/Popup/EmailText' is cleared

2021-11-23 09:53:24 - [TEST_STEP][PASSED] - sendKeys(findTestObject("Popup/EmailText"), Email): Keys 'elogotest@gmail.com;ali.kara@logo.com.tr' sent to object: 'Object Repository/Popup/EmailText'

2021-11-23 09:53:24 - [MESSAGE][INFO] - Finding Test Object 'Object Repository/Popup/EmailText'

2021-11-23 09:53:24 - [MESSAGE][INFO] - Sending keys 'elogotest@gmail.com;ali.kara@logo.com.tr' to object: 'Object Repository/Popup/EmailText'

2021-11-23 09:53:24 - [MESSAGE][INFO] - Finding web element from Test Object's properties

2021-11-23 09:53:24 - [MESSAGE][INFO] - Checking timeout

2021-11-23 09:53:24 - [MESSAGE][INFO] - Finding web element with id: 'Object Repository/Popup/EmailText' located by 'By.xpath: //*[@id="eMails"]' in '30' second(s)

2021-11-23 09:53:24 - [MESSAGE][INFO] - Smart Wait Function is triggered

2021-11-23 09:53:25 - [MESSAGE][INFO] - Found 1 web elements with id: 'Object Repository/Popup/EmailText' located by 'By.xpath: //*[@id="eMails"]' in '30' second(s)

2021-11-23 09:53:25 - [MESSAGE][PASSED] - Keys 'elogotest@gmail.com;ali.kara@logo.com.tr' sent to object: 'Object Repository/Popup/EmailText'

2021-11-23 09:53:25 - [MESSAGE][PASSED] - Call Test Case 'Test Cases/Popup/PopupaEmailEklenir' successfully

2021-11-23 09:53:25 - [MESSAGE][INFO] - Checking called Test Case

2021-11-23 09:53:25 - [MESSAGE][INFO] - Starting to call Test Case 'Test Cases/Popup/PopupButonSecilir'

2021-11-23 09:53:25 - [TEST_CASE][PASSED] - Test Cases/Popup/PopupButonSecilir: Test Cases/Popup/PopupButonSecilir

2021-11-23 09:53:25 - [TEST_STEP][PASSED] - Method.TextDegerineEsitElementeTikla(findTestObject("Popup/Popup_Butons"), Buton): Method.TextDegerineEsitElementeTikla is PASSED

2021-11-23 09:53:25 - [MESSAGE][INFO] - Finding Test Object 'Object Repository/Popup/Popup_Butons'

2021-11-23 09:53:25 - [MESSAGE][INFO] - Checking timeout

2021-11-23 09:53:25 - [MESSAGE][INFO] - Finding web element with id: 'Object Repository/Popup/Popup_Butons' located by 'By.cssSelector: .modal-footer>button' in '10' second(s)

2021-11-23 09:53:25 - [MESSAGE][INFO] - Smart Wait Function is triggered

2021-11-23 09:53:25 - [MESSAGE][INFO] - Found 2 web elements with id: 'Object Repository/Popup/Popup_Butons' located by 'By.cssSelector: .modal-footer>button' in '10' second(s)

2021-11-23 09:53:25 - [MESSAGE][PASSED] - Method.TextDegerineEsitElementeTikla is PASSED

2021-11-23 09:53:25 - [MESSAGE][PASSED] - Call Test Case 'Test Cases/Popup/PopupButonSecilir' successfully

2021-11-23 09:53:25 - [MESSAGE][INFO] - Checking called Test Case

2021-11-23 09:53:25 - [MESSAGE][INFO] - Starting to call Test Case 'Test Cases/Popup/PopupMesajiIceriyorMu'

2021-11-23 09:53:25 - [TEST_CASE][PASSED] - Test Cases/Popup/PopupMesajiIceriyorMu: Test Cases/Popup/PopupMesajiIceriyorMu

2021-11-23 09:53:25 - [TEST_STEP][PASSED] - waitForElementVisible(findTestObject("Popup/Popup"), 10): Object 'Object Repository/Popup/Popup' is visible

2021-11-23 09:53:25 - [MESSAGE][INFO] - Finding Test Object 'Object Repository/Popup/Popup'

2021-11-23 09:53:25 - [MESSAGE][INFO] - Checking object

2021-11-23 09:53:25 - [MESSAGE][INFO] - Checking timeout

2021-11-23 09:53:25 - [MESSAGE][INFO] - Finding web element from Test Object's properties

2021-11-23 09:53:25 - [MESSAGE][INFO] - Checking timeout

2021-11-23 09:53:25 - [MESSAGE][INFO] - Finding web element with id: 'Object Repository/Popup/Popup' located by 'By.cssSelector: .bootbox-body' in '10' second(s)

2021-11-23 09:53:25 - [MESSAGE][INFO] - Smart Wait Function is triggered

2021-11-23 09:53:26 - [MESSAGE][INFO] - Found 1 web elements with id: 'Object Repository/Popup/Popup' located by 'By.cssSelector: .bootbox-body' in '10' second(s)

2021-11-23 09:53:26 - [MESSAGE][PASSED] - Object 'Object Repository/Popup/Popup' is visible

2021-11-23 09:53:26 - [TEST_STEP][PASSED] - if (!(getText(findTestObject("Popup/Popup")).contains(Mesaj))): Text of object 'Object Repository/Popup/Popup' is: '17634 no’lu talebiniz işleme alınmıştır. Raporunuz hazırlandığında (elogotest@gmail.com;ali.kara@logo.com.tr) adresinize mail gönderilecektir.
Rapor durumunuzu Raporlar > Toplu Veri İndirme ekranından takip edebilir, hazırlandı durumundaki raporlarınızı ilgili menüden indirebilirsiniz.'

2021-11-23 09:53:26 - [MESSAGE][INFO] - Finding Test Object 'Object Repository/Popup/Popup'

2021-11-23 09:53:26 - [MESSAGE][INFO] - Checking object

2021-11-23 09:53:26 - [MESSAGE][INFO] - Finding web element from Test Object's properties

2021-11-23 09:53:26 - [MESSAGE][INFO] - Checking timeout

2021-11-23 09:53:26 - [MESSAGE][INFO] - Finding web element with id: 'Object Repository/Popup/Popup' located by 'By.cssSelector: .bootbox-body' in '30' second(s)

2021-11-23 09:53:26 - [MESSAGE][INFO] - Smart Wait Function is triggered

2021-11-23 09:53:26 - [MESSAGE][INFO] - Found 1 web elements with id: 'Object Repository/Popup/Popup' located by 'By.cssSelector: .bootbox-body' in '30' second(s)

2021-11-23 09:53:26 - [MESSAGE][INFO] - Getting text of object 'Object Repository/Popup/Popup'

2021-11-23 09:53:26 - [MESSAGE][PASSED] - Text of object 'Object Repository/Popup/Popup' is: '17634 no’lu talebiniz işleme alınmıştır. Raporunuz hazırlandığında (elogotest@gmail.com;ali.kara@logo.com.tr) adresinize mail gönderilecektir.
Rapor durumunuzu Raporlar > Toplu Veri İndirme ekranından takip edebilir, hazırlandı durumundaki raporlarınızı ilgili menüden indirebilirsiniz.'

2021-11-23 09:53:26 - [TEST_STEP][PASSED] - RaporNo = getText(findTestObject("Popup/Popup")).substring(0, 6): Text of object 'Object Repository/Popup/Popup' is: '17634 no’lu talebiniz işleme alınmıştır. Raporunuz hazırlandığında (elogotest@gmail.com;ali.kara@logo.com.tr) adresinize mail gönderilecektir.
Rapor durumunuzu Raporlar > Toplu Veri İndirme ekranından takip edebilir, hazırlandı durumundaki raporlarınızı ilgili menüden indirebilirsiniz.'

2021-11-23 09:53:26 - [MESSAGE][INFO] - Finding Test Object 'Object Repository/Popup/Popup'

2021-11-23 09:53:26 - [MESSAGE][INFO] - Checking object

2021-11-23 09:53:26 - [MESSAGE][INFO] - Finding web element from Test Object's properties

2021-11-23 09:53:26 - [MESSAGE][INFO] - Checking timeout

2021-11-23 09:53:26 - [MESSAGE][INFO] - Finding web element with id: 'Object Repository/Popup/Popup' located by 'By.cssSelector: .bootbox-body' in '30' second(s)

2021-11-23 09:53:26 - [MESSAGE][INFO] - Smart Wait Function is triggered

2021-11-23 09:53:27 - [MESSAGE][INFO] - Found 1 web elements with id: 'Object Repository/Popup/Popup' located by 'By.cssSelector: .bootbox-body' in '30' second(s)

2021-11-23 09:53:27 - [MESSAGE][INFO] - Getting text of object 'Object Repository/Popup/Popup'

2021-11-23 09:53:27 - [MESSAGE][PASSED] - Text of object 'Object Repository/Popup/Popup' is: '17634 no’lu talebiniz işleme alınmıştır. Raporunuz hazırlandığında (elogotest@gmail.com;ali.kara@logo.com.tr) adresinize mail gönderilecektir.
Rapor durumunuzu Raporlar > Toplu Veri İndirme ekranından takip edebilir, hazırlandı durumundaki raporlarınızı ilgili menüden indirebilirsiniz.'

2021-11-23 09:53:27 - [TEST_STEP][PASSED] - Console.println(RaporNo): null

2021-11-23 09:53:27 - [MESSAGE][PASSED] - Call Test Case 'Test Cases/Popup/PopupMesajiIceriyorMu' successfully

2021-11-23 09:53:27 - [MESSAGE][INFO] - Checking called Test Case

2021-11-23 09:53:27 - [MESSAGE][INFO] - Starting to call Test Case 'Test Cases/Popup/PopupButonSecilir'

2021-11-23 09:53:27 - [TEST_CASE][PASSED] - Test Cases/Popup/PopupButonSecilir: Test Cases/Popup/PopupButonSecilir

2021-11-23 09:53:27 - [TEST_STEP][PASSED] - Method.TextDegerineEsitElementeTikla(findTestObject("Popup/Popup_Butons"), Buton): Method.TextDegerineEsitElementeTikla is PASSED

2021-11-23 09:53:27 - [MESSAGE][INFO] - Finding Test Object 'Object Repository/Popup/Popup_Butons'

2021-11-23 09:53:27 - [MESSAGE][INFO] - Checking timeout

2021-11-23 09:53:27 - [MESSAGE][INFO] - Finding web element with id: 'Object Repository/Popup/Popup_Butons' located by 'By.cssSelector: .modal-footer>button' in '10' second(s)

2021-11-23 09:53:27 - [MESSAGE][INFO] - Smart Wait Function is triggered

2021-11-23 09:53:27 - [MESSAGE][INFO] - Found 1 web elements with id: 'Object Repository/Popup/Popup_Butons' located by 'By.cssSelector: .modal-footer>button' in '10' second(s)

2021-11-23 09:53:27 - [MESSAGE][PASSED] - Method.TextDegerineEsitElementeTikla is PASSED

2021-11-23 09:53:27 - [MESSAGE][PASSED] - Call Test Case 'Test Cases/Popup/PopupButonSecilir' successfully

2021-11-23 09:53:27 - [MESSAGE][INFO] - Checking called Test Case

2021-11-23 09:53:27 - [MESSAGE][INFO] - Starting to call Test Case 'Test Cases/Kullanici_Islemleri/KullaniciIslemlerindenSecimYapilir'

2021-11-23 09:53:27 - [TEST_CASE][PASSED] - Test Cases/Kullanici_Islemleri/KullaniciIslemlerindenSecimYapilir: Test Cases/Kullanici_Islemleri/KullaniciIslemlerindenSecimYapilir

2021-11-23 09:53:27 - [TEST_STEP][PASSED] - waitForElementClickable(findTestObject("Object Repository/Kullanici_Islemleri/KullaniciIslemleri"), 10): Object 'Object Repository/Kullanici_Islemleri/KullaniciIslemleri' is clickable

2021-11-23 09:53:27 - [MESSAGE][INFO] - Finding Test Object 'Object Repository/Kullanici_Islemleri/KullaniciIslemleri'

2021-11-23 09:53:27 - [MESSAGE][INFO] - Checking object

2021-11-23 09:53:27 - [MESSAGE][INFO] - Checking timeout

2021-11-23 09:53:27 - [MESSAGE][INFO] - Finding web element from Test Object's properties

2021-11-23 09:53:27 - [MESSAGE][INFO] - Checking timeout

2021-11-23 09:53:27 - [MESSAGE][INFO] - Finding web element with id: 'Object Repository/Kullanici_Islemleri/KullaniciIslemleri' located by 'By.cssSelector: .dropdown>a>img' in '10' second(s)

2021-11-23 09:53:27 - [MESSAGE][INFO] - Smart Wait Function is triggered

2021-11-23 09:53:28 - [MESSAGE][INFO] - Found 1 web elements with id: 'Object Repository/Kullanici_Islemleri/KullaniciIslemleri' located by 'By.cssSelector: .dropdown>a>img' in '10' second(s)

2021-11-23 09:53:28 - [MESSAGE][PASSED] - Object 'Object Repository/Kullanici_Islemleri/KullaniciIslemleri' is clickable

2021-11-23 09:53:28 - [TEST_STEP][PASSED] - click(findTestObject("Object Repository/Kullanici_Islemleri/KullaniciIslemleri")): Object: 'Object Repository/Kullanici_Islemleri/KullaniciIslemleri' is clicked on

2021-11-23 09:53:28 - [MESSAGE][INFO] - Finding Test Object 'Object Repository/Kullanici_Islemleri/KullaniciIslemleri'

2021-11-23 09:53:28 - [MESSAGE][INFO] - Checking object

2021-11-23 09:53:28 - [MESSAGE][INFO] - Finding web element from Test Object's properties

2021-11-23 09:53:28 - [MESSAGE][INFO] - Checking timeout

2021-11-23 09:53:28 - [MESSAGE][INFO] - Finding web element with id: 'Object Repository/Kullanici_Islemleri/KullaniciIslemleri' located by 'By.cssSelector: .dropdown>a>img' in '30' second(s)

2021-11-23 09:53:28 - [MESSAGE][INFO] - Smart Wait Function is triggered

2021-11-23 09:53:28 - [MESSAGE][INFO] - Found 1 web elements with id: 'Object Repository/Kullanici_Islemleri/KullaniciIslemleri' located by 'By.cssSelector: .dropdown>a>img' in '30' second(s)

2021-11-23 09:53:28 - [MESSAGE][INFO] - Clicking on object: 'Object Repository/Kullanici_Islemleri/KullaniciIslemleri'

2021-11-23 09:53:28 - [MESSAGE][PASSED] - Object: 'Object Repository/Kullanici_Islemleri/KullaniciIslemleri' is clicked on

2021-11-23 09:53:28 - [TEST_STEP][PASSED] - Method.TextDegerineEsitElementeTikla(findTestObject("Object Repository/Kullanici_Islemleri/Secenekler"), Islem): Method.TextDegerineEsitElementeTikla is PASSED

2021-11-23 09:53:28 - [MESSAGE][INFO] - Finding Test Object 'Object Repository/Kullanici_Islemleri/Secenekler'

2021-11-23 09:53:28 - [MESSAGE][INFO] - Checking timeout

2021-11-23 09:53:28 - [MESSAGE][INFO] - Finding web element with id: 'Object Repository/Kullanici_Islemleri/Secenekler' located by 'By.cssSelector: .nav.navbar-nav.navbar-right li a' in '10' second(s)

2021-11-23 09:53:28 - [MESSAGE][INFO] - Smart Wait Function is triggered

2021-11-23 09:53:29 - [MESSAGE][INFO] - Found 22 web elements with id: 'Object Repository/Kullanici_Islemleri/Secenekler' located by 'By.cssSelector: .nav.navbar-nav.navbar-right li a' in '10' second(s)

2021-11-23 09:53:30 - [MESSAGE][PASSED] - Method.TextDegerineEsitElementeTikla is PASSED

2021-11-23 09:53:30 - [TEST_STEP][PASSED] - verifyElementNotPresent(findTestObject("Object Repository/Kullanici_Islemleri/Secenekler"), 10): Web element with id: 'Object Repository/Kullanici_Islemleri/Secenekler' located by 'By.cssSelector: .nav.navbar-nav.navbar-right li a' is not present after '10' second(s)

2021-11-23 09:53:30 - [MESSAGE][INFO] - Finding Test Object 'Object Repository/Kullanici_Islemleri/Secenekler'

2021-11-23 09:53:30 - [MESSAGE][INFO] - Checking object

2021-11-23 09:53:30 - [MESSAGE][INFO] - Checking timeout

2021-11-23 09:53:30 - [MESSAGE][INFO] - Finding web element with id: 'Object Repository/Kullanici_Islemleri/Secenekler' located by 'By.cssSelector: .nav.navbar-nav.navbar-right li a' in '10' second(s)

2021-11-23 09:53:30 - [MESSAGE][INFO] - Smart Wait Function is triggered

2021-11-23 09:53:31 - [MESSAGE][PASSED] - Web element with id: 'Object Repository/Kullanici_Islemleri/Secenekler' located by 'By.cssSelector: .nav.navbar-nav.navbar-right li a' is not present after '10' second(s)

2021-11-23 09:53:31 - [MESSAGE][PASSED] - Call Test Case 'Test Cases/Kullanici_Islemleri/KullaniciIslemlerindenSecimYapilir' successfully

2021-11-23 09:53:31 - [TEST_CASE][PASSED] - Start Test Case : SCENARIO Giden Zarf Tablodaki Verinin Irsaliyeleri: SCENARIO Giden Zarf Tablodaki Verinin Irsaliyeleri

2021-11-23 09:53:31 - [TEST_STEP][PASSED] - Kullanıcı adı ELOGO6 ve Şifre 123456 olarak giriş yapılır: Kullanıcı adı ELOGO6 ve Şifre 123456 olarak giriş yapılır

2021-11-23 09:53:31 - [MESSAGE][PASSED] - Kullanıcı adı ELOGO6 ve Şifre 123456 olarak giriş yapılır

2021-11-23 09:53:31 - [TEST_STEP][PASSED] - Ana menüden Zarflar seçilir: Ana menüden Zarflar seçilir

2021-11-23 09:53:31 - [MESSAGE][PASSED] - Ana menüden Zarflar seçilir

2021-11-23 09:53:31 - [TEST_STEP][PASSED] - Alt menüden Giden Zarflar seçilir: Alt menüden Giden Zarflar seçilir

2021-11-23 09:53:31 - [MESSAGE][PASSED] - Alt menüden Giden Zarflar seçilir

2021-11-23 09:53:31 - [TEST_STEP][PASSED] - Filtrelerden Oluşturma Tarihi filtresine 01.12.2020 baslangic degerini yaz: Filtrelerden Oluşturma Tarihi filtresine 01.12.2020 baslangic degerini yaz

2021-11-23 09:53:31 - [MESSAGE][PASSED] - Filtrelerden Oluşturma Tarihi filtresine 01.12.2020 baslangic degerini yaz

2021-11-23 09:53:31 - [TEST_STEP][PASSED] - Filtrelerden Oluşturma Tarihi filtresine 31.12.2020 bitis degerini yaz: Filtrelerden Oluşturma Tarihi filtresine 31.12.2020 bitis degerini yaz

2021-11-23 09:53:31 - [MESSAGE][PASSED] - Filtrelerden Oluşturma Tarihi filtresine 31.12.2020 bitis degerini yaz

2021-11-23 09:53:31 - [TEST_STEP][PASSED] - Filtre butonlarından Listele seçilir: Filtre butonlarından Listele seçilir

2021-11-23 09:53:31 - [MESSAGE][PASSED] - Filtre butonlarından Listele seçilir

2021-11-23 09:53:31 - [TEST_STEP][PASSED] - Tabloda veri var mı kontrol edilir: Tabloda veri var mı kontrol edilir

2021-11-23 09:53:31 - [MESSAGE][PASSED] - Tabloda veri var mı kontrol edilir

2021-11-23 09:53:31 - [TEST_STEP][PASSED] - Tablodan Test Kurum 6 isimli veri seçilir: Tablodan Test Kurum 6 isimli veri seçilir

2021-11-23 09:53:31 - [MESSAGE][PASSED] - Tablodan Test Kurum 6 isimli veri seçilir

2021-11-23 09:53:31 - [TEST_STEP][PASSED] - Butonlardan UBL isimli butona tıklanır: Butonlardan UBL isimli butona tıklanır

2021-11-23 09:53:31 - [MESSAGE][PASSED] - Butonlardan UBL isimli butona tıklanır

2021-11-23 09:53:31 - [TEST_STEP][PASSED] - Yeni açılan sekmeye geçilir: Yeni açılan sekmeye geçilir

2021-11-23 09:53:31 - [MESSAGE][PASSED] - Yeni açılan sekmeye geçilir

2021-11-23 09:53:31 - [TEST_STEP][PASSED] - StandardBusinessDocument tagli ubl geldi mi: StandardBusinessDocument tagli ubl geldi mi

2021-11-23 09:53:31 - [MESSAGE][PASSED] - StandardBusinessDocument tagli ubl geldi mi

2021-11-23 09:53:31 - [TEST_STEP][PASSED] - Ana sekmeye geçilir: Ana sekmeye geçilir

2021-11-23 09:53:31 - [MESSAGE][PASSED] - Ana sekmeye geçilir

2021-11-23 09:53:31 - [TEST_STEP][PASSED] - Tablodaki Test Kurum 6 isimli verinin Uygulama Yanıtları adlı butonuna tıklanır: Tablodaki Test Kurum 6 isimli verinin Uygulama Yanıtları adlı butonuna tıklanır

2021-11-23 09:53:31 - [MESSAGE][PASSED] - Tablodaki Test Kurum 6 isimli verinin Uygulama Yanıtları adlı butonuna tıklanır

2021-11-23 09:53:31 - [TEST_STEP][PASSED] - Yeni açılan sekmeye geçilir: Yeni açılan sekmeye geçilir

2021-11-23 09:53:31 - [MESSAGE][PASSED] - Yeni açılan sekmeye geçilir

2021-11-23 09:53:31 - [TEST_STEP][PASSED] - Tabloda veri var mı kontrol edilir: Tabloda veri var mı kontrol edilir

2021-11-23 09:53:31 - [MESSAGE][PASSED] - Tabloda veri var mı kontrol edilir

2021-11-23 09:53:31 - [TEST_STEP][PASSED] - Ana sekmeye geçilir: Ana sekmeye geçilir

2021-11-23 09:53:31 - [MESSAGE][PASSED] - Ana sekmeye geçilir

2021-11-23 09:53:31 - [TEST_STEP][PASSED] - Butonlardan İndir isimli butona tıklanır: Butonlardan İndir isimli butona tıklanır

2021-11-23 09:53:31 - [MESSAGE][PASSED] - Butonlardan İndir isimli butona tıklanır

2021-11-23 09:53:31 - [TEST_STEP][PASSED] - Alt butonlardan İndir butonuna tıklanır: Alt butonlardan İndir butonuna tıklanır

2021-11-23 09:53:31 - [MESSAGE][PASSED] - Alt butonlardan İndir butonuna tıklanır

2021-11-23 09:53:31 - [TEST_STEP][PASSED] - Ön eki Envelope olan dosya indirildi mi: Ön eki Envelope olan dosya indirildi mi

2021-11-23 09:53:31 - [MESSAGE][PASSED] - Ön eki Envelope olan dosya indirildi mi

2021-11-23 09:53:31 - [TEST_STEP][PASSED] - Butonlardan Excel isimli butona tıklanır: Butonlardan Excel isimli butona tıklanır

2021-11-23 09:53:31 - [MESSAGE][PASSED] - Butonlardan Excel isimli butona tıklanır

2021-11-23 09:53:31 - [TEST_STEP][PASSED] - Alt butonlardan Seçilenleri Excel'e Aktar butonuna tıklanır: Alt butonlardan Seçilenleri Excel'e Aktar butonuna tıklanır

2021-11-23 09:53:31 - [MESSAGE][PASSED] - Alt butonlardan Seçilenleri Excel'e Aktar butonuna tıklanır

2021-11-23 09:53:31 - [TEST_STEP][PASSED] - Popup mesajı Lütfen rapor bildiriminin gönderileceği e-posta adresini belirtiniz. içeriyor mu: Popup mesajı Lütfen rapor bildiriminin gönderileceği e-posta adresini belirtiniz. içeriyor mu

2021-11-23 09:53:31 - [MESSAGE][PASSED] - Popup mesajı Lütfen rapor bildiriminin gönderileceği e-posta adresini belirtiniz. içeriyor mu

2021-11-23 09:53:31 - [TEST_STEP][PASSED] - Popup email elogotest@gmail.com;ali.kara@logo.com.tr olarak girilir: Popup email elogotest@gmail.com;ali.kara@logo.com.tr olarak girilir

2021-11-23 09:53:31 - [MESSAGE][PASSED] - Popup email elogotest@gmail.com;ali.kara@logo.com.tr olarak girilir

2021-11-23 09:53:31 - [TEST_STEP][PASSED] - Yönetim popupında Gönder seçilir: Yönetim popupında Gönder seçilir

2021-11-23 09:53:31 - [MESSAGE][PASSED] - Yönetim popupında Gönder seçilir

2021-11-23 09:53:31 - [TEST_STEP][PASSED] - Popup mesajı Toplu Veri İndirme içeriyor mu: Popup mesajı Toplu Veri İndirme içeriyor mu

2021-11-23 09:53:31 - [MESSAGE][PASSED] - Popup mesajı Toplu Veri İndirme içeriyor mu

2021-11-23 09:53:31 - [TEST_STEP][PASSED] - Yönetim popupında Tamam seçilir: Yönetim popupında Tamam seçilir

2021-11-23 09:53:31 - [MESSAGE][PASSED] - Yönetim popupında Tamam seçilir

2021-11-23 09:53:31 - [TEST_STEP][PASSED] - Butonlardan Toplu İndirme isimli butona tıklanır: Butonlardan Toplu İndirme isimli butona tıklanır

2021-11-23 09:53:31 - [MESSAGE][PASSED] - Butonlardan Toplu İndirme isimli butona tıklanır

2021-11-23 09:53:31 - [TEST_STEP][PASSED] - Alt butonlardan UBL Seçilenleri İndir butonuna tıklanır: Alt butonlardan UBL Seçilenleri İndir butonuna tıklanır

2021-11-23 09:53:31 - [MESSAGE][PASSED] - Alt butonlardan UBL Seçilenleri İndir butonuna tıklanır

2021-11-23 09:53:31 - [TEST_STEP][PASSED] - Popup mesajı rapor bildiriminin gönderileceği e-posta adresini belirtiniz içeriyor mu: Popup mesajı rapor bildiriminin gönderileceği e-posta adresini belirtiniz içeriyor mu

2021-11-23 09:53:31 - [MESSAGE][PASSED] - Popup mesajı rapor bildiriminin gönderileceği e-posta adresini belirtiniz içeriyor mu

2021-11-23 09:53:31 - [TEST_STEP][PASSED] - Popup email elogotest@gmail.com;ali.kara@logo.com.tr olarak girilir: Popup email elogotest@gmail.com;ali.kara@logo.com.tr olarak girilir

2021-11-23 09:53:31 - [MESSAGE][PASSED] - Popup email elogotest@gmail.com;ali.kara@logo.com.tr olarak girilir

2021-11-23 09:53:31 - [TEST_STEP][PASSED] - Yönetim popupında Gönder seçilir: Yönetim popupında Gönder seçilir

2021-11-23 09:53:31 - [MESSAGE][PASSED] - Yönetim popupında Gönder seçilir

2021-11-23 09:53:31 - [TEST_STEP][PASSED] - Popup mesajı talebiniz işleme alınmıştır içeriyor mu: Popup mesajı talebiniz işleme alınmıştır içeriyor mu

2021-11-23 09:53:31 - [MESSAGE][PASSED] - Popup mesajı talebiniz işleme alınmıştır içeriyor mu

2021-11-23 09:53:31 - [TEST_STEP][PASSED] - Yönetim popupında Tamam seçilir: Yönetim popupında Tamam seçilir

2021-11-23 09:53:31 - [MESSAGE][PASSED] - Yönetim popupında Tamam seçilir

2021-11-23 09:53:31 - [TEST_STEP][PASSED] - Filtrelerden Belge Türü filtresine Sistem Yanıtı dropdowndan degeri seçilir: Filtrelerden Belge Türü filtresine Sistem Yanıtı dropdowndan degeri seçilir

2021-11-23 09:53:31 - [MESSAGE][PASSED] - Filtrelerden Belge Türü filtresine Sistem Yanıtı dropdowndan degeri seçilir

2021-11-23 09:53:31 - [TEST_STEP][PASSED] - Filtre butonlarından Listele seçilir: Filtre butonlarından Listele seçilir

2021-11-23 09:53:31 - [MESSAGE][PASSED] - Filtre butonlarından Listele seçilir

2021-11-23 09:53:31 - [TEST_STEP][PASSED] - Tablodaki E LOGO 6 isimli verinin Yanıt adlı butonuna tıklanır: Tablodaki E LOGO 6 isimli verinin Yanıt adlı butonuna tıklanır

2021-11-23 09:53:31 - [MESSAGE][PASSED] - Tablodaki E LOGO 6 isimli verinin Yanıt adlı butonuna tıklanır

2021-11-23 09:53:31 - [TEST_STEP][PASSED] - Yeni açılan sekmeye geçilir: Yeni açılan sekmeye geçilir

2021-11-23 09:53:31 - [MESSAGE][PASSED] - Yeni açılan sekmeye geçilir

2021-11-23 09:53:31 - [TEST_STEP][PASSED] - Tabloda veri var mı kontrol edilir: Tabloda veri var mı kontrol edilir

2021-11-23 09:53:31 - [MESSAGE][PASSED] - Tabloda veri var mı kontrol edilir

2021-11-23 09:53:31 - [TEST_STEP][PASSED] - Ana sekmeye geçilir: Ana sekmeye geçilir

2021-11-23 09:53:31 - [MESSAGE][PASSED] - Ana sekmeye geçilir

2021-11-23 09:53:31 - [TEST_STEP][PASSED] - Tabloda veri var mı kontrol edilir: Tabloda veri var mı kontrol edilir

2021-11-23 09:53:31 - [MESSAGE][PASSED] - Tabloda veri var mı kontrol edilir

2021-11-23 09:53:31 - [TEST_STEP][PASSED] - Tablodan E LOGO 6 isimli veri seçilir: Tablodan E LOGO 6 isimli veri seçilir

2021-11-23 09:53:31 - [MESSAGE][PASSED] - Tablodan E LOGO 6 isimli veri seçilir

2021-11-23 09:53:31 - [TEST_STEP][PASSED] - Butonlardan UBL isimli butona tıklanır: Butonlardan UBL isimli butona tıklanır

2021-11-23 09:53:31 - [MESSAGE][PASSED] - Butonlardan UBL isimli butona tıklanır

2021-11-23 09:53:31 - [TEST_STEP][PASSED] - Yeni açılan sekmeye geçilir: Yeni açılan sekmeye geçilir

2021-11-23 09:53:31 - [MESSAGE][PASSED] - Yeni açılan sekmeye geçilir

2021-11-23 09:53:31 - [TEST_STEP][PASSED] - StandardBusinessDocument tagli ubl geldi mi: StandardBusinessDocument tagli ubl geldi mi

2021-11-23 09:53:31 - [MESSAGE][PASSED] - StandardBusinessDocument tagli ubl geldi mi

2021-11-23 09:53:31 - [TEST_STEP][PASSED] - Ana sekmeye geçilir: Ana sekmeye geçilir

2021-11-23 09:53:31 - [MESSAGE][PASSED] - Ana sekmeye geçilir

2021-11-23 09:53:31 - [TEST_STEP][PASSED] - Butonlardan İndir isimli butona tıklanır: Butonlardan İndir isimli butona tıklanır

2021-11-23 09:53:31 - [MESSAGE][PASSED] - Butonlardan İndir isimli butona tıklanır

2021-11-23 09:53:31 - [TEST_STEP][PASSED] - Alt butonlardan İndir butonuna tıklanır: Alt butonlardan İndir butonuna tıklanır

2021-11-23 09:53:31 - [MESSAGE][PASSED] - Alt butonlardan İndir butonuna tıklanır

2021-11-23 09:53:31 - [TEST_STEP][PASSED] - Ön eki Envelope olan dosya indirildi mi: Ön eki Envelope olan dosya indirildi mi

2021-11-23 09:53:31 - [MESSAGE][PASSED] - Ön eki Envelope olan dosya indirildi mi

2021-11-23 09:53:31 - [TEST_STEP][PASSED] - Butonlardan Excel isimli butona tıklanır: Butonlardan Excel isimli butona tıklanır

2021-11-23 09:53:31 - [MESSAGE][PASSED] - Butonlardan Excel isimli butona tıklanır

2021-11-23 09:53:31 - [TEST_STEP][PASSED] - Alt butonlardan Seçilenleri Excel'e Aktar butonuna tıklanır: Alt butonlardan Seçilenleri Excel'e Aktar butonuna tıklanır

2021-11-23 09:53:31 - [MESSAGE][PASSED] - Alt butonlardan Seçilenleri Excel'e Aktar butonuna tıklanır

2021-11-23 09:53:31 - [TEST_STEP][PASSED] - Popup mesajı Lütfen rapor bildiriminin gönderileceği e-posta adresini belirtiniz. içeriyor mu: Popup mesajı Lütfen rapor bildiriminin gönderileceği e-posta adresini belirtiniz. içeriyor mu

2021-11-23 09:53:31 - [MESSAGE][PASSED] - Popup mesajı Lütfen rapor bildiriminin gönderileceği e-posta adresini belirtiniz. içeriyor mu

2021-11-23 09:53:31 - [TEST_STEP][PASSED] - Popup email elogotest@gmail.com;ali.kara@logo.com.tr olarak girilir: Popup email elogotest@gmail.com;ali.kara@logo.com.tr olarak girilir

2021-11-23 09:53:31 - [MESSAGE][PASSED] - Popup email elogotest@gmail.com;ali.kara@logo.com.tr olarak girilir

2021-11-23 09:53:31 - [TEST_STEP][PASSED] - Yönetim popupında Gönder seçilir: Yönetim popupında Gönder seçilir

2021-11-23 09:53:31 - [MESSAGE][PASSED] - Yönetim popupında Gönder seçilir

2021-11-23 09:53:31 - [TEST_STEP][PASSED] - Popup mesajı Toplu Veri İndirme içeriyor mu: Popup mesajı Toplu Veri İndirme içeriyor mu

2021-11-23 09:53:31 - [MESSAGE][PASSED] - Popup mesajı Toplu Veri İndirme içeriyor mu

2021-11-23 09:53:31 - [TEST_STEP][PASSED] - Yönetim popupında Tamam seçilir: Yönetim popupında Tamam seçilir

2021-11-23 09:53:31 - [MESSAGE][PASSED] - Yönetim popupında Tamam seçilir

2021-11-23 09:53:31 - [TEST_STEP][PASSED] - Butonlardan Toplu İndirme isimli butona tıklanır: Butonlardan Toplu İndirme isimli butona tıklanır

2021-11-23 09:53:31 - [MESSAGE][PASSED] - Butonlardan Toplu İndirme isimli butona tıklanır

2021-11-23 09:53:31 - [TEST_STEP][PASSED] - Alt butonlardan UBL Seçilenleri İndir butonuna tıklanır: Alt butonlardan UBL Seçilenleri İndir butonuna tıklanır

2021-11-23 09:53:31 - [MESSAGE][PASSED] - Alt butonlardan UBL Seçilenleri İndir butonuna tıklanır

2021-11-23 09:53:31 - [TEST_STEP][PASSED] - Popup mesajı rapor bildiriminin gönderileceği e-posta adresini belirtiniz içeriyor mu: Popup mesajı rapor bildiriminin gönderileceği e-posta adresini belirtiniz içeriyor mu

2021-11-23 09:53:31 - [MESSAGE][PASSED] - Popup mesajı rapor bildiriminin gönderileceği e-posta adresini belirtiniz içeriyor mu

2021-11-23 09:53:31 - [TEST_STEP][PASSED] - Popup email elogotest@gmail.com;ali.kara@logo.com.tr olarak girilir: Popup email elogotest@gmail.com;ali.kara@logo.com.tr olarak girilir

2021-11-23 09:53:31 - [MESSAGE][PASSED] - Popup email elogotest@gmail.com;ali.kara@logo.com.tr olarak girilir

2021-11-23 09:53:31 - [TEST_STEP][PASSED] - Yönetim popupında Gönder seçilir: Yönetim popupında Gönder seçilir

2021-11-23 09:53:31 - [MESSAGE][PASSED] - Yönetim popupında Gönder seçilir

2021-11-23 09:53:31 - [TEST_STEP][PASSED] - Popup mesajı talebiniz işleme alınmıştır içeriyor mu: Popup mesajı talebiniz işleme alınmıştır içeriyor mu

2021-11-23 09:53:31 - [MESSAGE][PASSED] - Popup mesajı talebiniz işleme alınmıştır içeriyor mu

2021-11-23 09:53:31 - [TEST_STEP][PASSED] - Yönetim popupında Tamam seçilir: Yönetim popupında Tamam seçilir

2021-11-23 09:53:31 - [MESSAGE][PASSED] - Yönetim popupında Tamam seçilir

2021-11-23 09:53:31 - [TEST_STEP][PASSED] - Filtrelerden Belge Türü filtresine e-Fatura dropdowndan degeri seçilir: Filtrelerden Belge Türü filtresine e-Fatura dropdowndan degeri seçilir

2021-11-23 09:53:31 - [MESSAGE][PASSED] - Filtrelerden Belge Türü filtresine e-Fatura dropdowndan degeri seçilir

2021-11-23 09:53:31 - [TEST_STEP][PASSED] - Filtre butonlarından Listele seçilir: Filtre butonlarından Listele seçilir

2021-11-23 09:53:31 - [MESSAGE][PASSED] - Filtre butonlarından Listele seçilir

2021-11-23 09:53:31 - [TEST_STEP][PASSED] - Tabloda veri var mı kontrol edilir: Tabloda veri var mı kontrol edilir

2021-11-23 09:53:31 - [MESSAGE][PASSED] - Tabloda veri var mı kontrol edilir

2021-11-23 09:53:31 - [TEST_STEP][PASSED] - Tablodaki Test Kurum 6 isimli verinin Faturalar adlı butonuna tıklanır: Tablodaki Test Kurum 6 isimli verinin Faturalar adlı butonuna tıklanır

2021-11-23 09:53:31 - [MESSAGE][PASSED] - Tablodaki Test Kurum 6 isimli verinin Faturalar adlı butonuna tıklanır

2021-11-23 09:53:31 - [TEST_STEP][PASSED] - Yeni açılan sekmeye geçilir: Yeni açılan sekmeye geçilir

2021-11-23 09:53:31 - [MESSAGE][PASSED] - Yeni açılan sekmeye geçilir

2021-11-23 09:53:31 - [TEST_STEP][PASSED] - Tabloda veri var mı kontrol edilir: Tabloda veri var mı kontrol edilir

2021-11-23 09:53:31 - [MESSAGE][PASSED] - Tabloda veri var mı kontrol edilir

2021-11-23 09:53:31 - [TEST_STEP][PASSED] - Ana sekmeye geçilir: Ana sekmeye geçilir

2021-11-23 09:53:31 - [MESSAGE][PASSED] - Ana sekmeye geçilir

2021-11-23 09:53:31 - [TEST_STEP][PASSED] - Tabloda veri var mı kontrol edilir: Tabloda veri var mı kontrol edilir

2021-11-23 09:53:31 - [MESSAGE][PASSED] - Tabloda veri var mı kontrol edilir

2021-11-23 09:53:31 - [TEST_STEP][PASSED] - Tablodan Test Kurum 6 isimli veri seçilir: Tablodan Test Kurum 6 isimli veri seçilir

2021-11-23 09:53:31 - [MESSAGE][PASSED] - Tablodan Test Kurum 6 isimli veri seçilir

2021-11-23 09:53:31 - [TEST_STEP][PASSED] - Butonlardan UBL isimli butona tıklanır: Butonlardan UBL isimli butona tıklanır

2021-11-23 09:53:31 - [MESSAGE][PASSED] - Butonlardan UBL isimli butona tıklanır

2021-11-23 09:53:31 - [TEST_STEP][PASSED] - Yeni açılan sekmeye geçilir: Yeni açılan sekmeye geçilir

2021-11-23 09:53:31 - [MESSAGE][PASSED] - Yeni açılan sekmeye geçilir

2021-11-23 09:53:31 - [TEST_STEP][PASSED] - StandardBusinessDocument tagli ubl geldi mi: StandardBusinessDocument tagli ubl geldi mi

2021-11-23 09:53:31 - [MESSAGE][PASSED] - StandardBusinessDocument tagli ubl geldi mi

2021-11-23 09:53:31 - [TEST_STEP][PASSED] - Ana sekmeye geçilir: Ana sekmeye geçilir

2021-11-23 09:53:31 - [MESSAGE][PASSED] - Ana sekmeye geçilir

2021-11-23 09:53:31 - [TEST_STEP][PASSED] - Butonlardan GİB isimli butona tıklanır: Butonlardan GİB isimli butona tıklanır

2021-11-23 09:53:31 - [MESSAGE][PASSED] - Butonlardan GİB isimli butona tıklanır

2021-11-23 09:53:31 - [TEST_STEP][PASSED] - Popup başlığı GİB Durum Sorgulama içeriyor mu: Popup başlığı GİB Durum Sorgulama içeriyor mu

2021-11-23 09:53:31 - [MESSAGE][PASSED] - Popup başlığı GİB Durum Sorgulama içeriyor mu

2021-11-23 09:53:31 - [TEST_STEP][PASSED] - Popup kapatılır: Popup kapatılır

2021-11-23 09:53:31 - [MESSAGE][PASSED] - Popup kapatılır

2021-11-23 09:53:31 - [TEST_STEP][PASSED] - Butonlardan İzleme Kayıtları isimli butona tıklanır: Butonlardan İzleme Kayıtları isimli butona tıklanır

2021-11-23 09:53:31 - [MESSAGE][PASSED] - Butonlardan İzleme Kayıtları isimli butona tıklanır

2021-11-23 09:53:31 - [TEST_STEP][PASSED] - Yeni açılan sekmeye geçilir: Yeni açılan sekmeye geçilir

2021-11-23 09:53:31 - [MESSAGE][PASSED] - Yeni açılan sekmeye geçilir

2021-11-23 09:53:31 - [TEST_STEP][PASSED] - Zarf İzleme Kayıtları baslikli gecmis sayfasi geldi mi: Zarf İzleme Kayıtları baslikli gecmis sayfasi geldi mi

2021-11-23 09:53:31 - [MESSAGE][PASSED] - Zarf İzleme Kayıtları baslikli gecmis sayfasi geldi mi

2021-11-23 09:53:31 - [TEST_STEP][PASSED] - Ana sekmeye geçilir: Ana sekmeye geçilir

2021-11-23 09:53:31 - [MESSAGE][PASSED] - Ana sekmeye geçilir

2021-11-23 09:53:31 - [TEST_STEP][PASSED] - Butonlardan İndir isimli butona tıklanır: Butonlardan İndir isimli butona tıklanır

2021-11-23 09:53:31 - [MESSAGE][PASSED] - Butonlardan İndir isimli butona tıklanır

2021-11-23 09:53:31 - [TEST_STEP][PASSED] - Alt butonlardan İndir butonuna tıklanır: Alt butonlardan İndir butonuna tıklanır

2021-11-23 09:53:31 - [MESSAGE][PASSED] - Alt butonlardan İndir butonuna tıklanır

2021-11-23 09:53:31 - [TEST_STEP][PASSED] - Ön eki Envelope olan dosya indirildi mi: Ön eki Envelope olan dosya indirildi mi

2021-11-23 09:53:31 - [MESSAGE][PASSED] - Ön eki Envelope olan dosya indirildi mi

2021-11-23 09:53:31 - [TEST_STEP][PASSED] - Butonlardan Excel isimli butona tıklanır: Butonlardan Excel isimli butona tıklanır

2021-11-23 09:53:31 - [MESSAGE][PASSED] - Butonlardan Excel isimli butona tıklanır

2021-11-23 09:53:31 - [TEST_STEP][PASSED] - Alt butonlardan Seçilenleri Excel'e Aktar butonuna tıklanır: Alt butonlardan Seçilenleri Excel'e Aktar butonuna tıklanır

2021-11-23 09:53:31 - [MESSAGE][PASSED] - Alt butonlardan Seçilenleri Excel'e Aktar butonuna tıklanır

2021-11-23 09:53:31 - [TEST_STEP][PASSED] - Popup mesajı Lütfen rapor bildiriminin gönderileceği e-posta adresini belirtiniz. içeriyor mu: Popup mesajı Lütfen rapor bildiriminin gönderileceği e-posta adresini belirtiniz. içeriyor mu

2021-11-23 09:53:31 - [MESSAGE][PASSED] - Popup mesajı Lütfen rapor bildiriminin gönderileceği e-posta adresini belirtiniz. içeriyor mu

2021-11-23 09:53:31 - [TEST_STEP][PASSED] - Popup email elogotest@gmail.com;ali.kara@logo.com.tr olarak girilir: Popup email elogotest@gmail.com;ali.kara@logo.com.tr olarak girilir

2021-11-23 09:53:31 - [MESSAGE][PASSED] - Popup email elogotest@gmail.com;ali.kara@logo.com.tr olarak girilir

2021-11-23 09:53:31 - [TEST_STEP][PASSED] - Yönetim popupında Gönder seçilir: Yönetim popupında Gönder seçilir

2021-11-23 09:53:31 - [MESSAGE][PASSED] - Yönetim popupında Gönder seçilir

2021-11-23 09:53:31 - [TEST_STEP][PASSED] - Popup mesajı Toplu Veri İndirme içeriyor mu: Popup mesajı Toplu Veri İndirme içeriyor mu

2021-11-23 09:53:31 - [MESSAGE][PASSED] - Popup mesajı Toplu Veri İndirme içeriyor mu

2021-11-23 09:53:31 - [TEST_STEP][PASSED] - Yönetim popupında Tamam seçilir: Yönetim popupında Tamam seçilir

2021-11-23 09:53:31 - [MESSAGE][PASSED] - Yönetim popupında Tamam seçilir

2021-11-23 09:53:31 - [TEST_STEP][PASSED] - Butonlardan Toplu İndirme isimli butona tıklanır: Butonlardan Toplu İndirme isimli butona tıklanır

2021-11-23 09:53:31 - [MESSAGE][PASSED] - Butonlardan Toplu İndirme isimli butona tıklanır

2021-11-23 09:53:31 - [TEST_STEP][PASSED] - Alt butonlardan UBL Seçilenleri İndir butonuna tıklanır: Alt butonlardan UBL Seçilenleri İndir butonuna tıklanır

2021-11-23 09:53:31 - [MESSAGE][PASSED] - Alt butonlardan UBL Seçilenleri İndir butonuna tıklanır

2021-11-23 09:53:31 - [TEST_STEP][PASSED] - Popup mesajı rapor bildiriminin gönderileceği e-posta adresini belirtiniz içeriyor mu: Popup mesajı rapor bildiriminin gönderileceği e-posta adresini belirtiniz içeriyor mu

2021-11-23 09:53:31 - [MESSAGE][PASSED] - Popup mesajı rapor bildiriminin gönderileceği e-posta adresini belirtiniz içeriyor mu

2021-11-23 09:53:31 - [TEST_STEP][PASSED] - Popup email elogotest@gmail.com;ali.kara@logo.com.tr olarak girilir: Popup email elogotest@gmail.com;ali.kara@logo.com.tr olarak girilir

2021-11-23 09:53:31 - [MESSAGE][PASSED] - Popup email elogotest@gmail.com;ali.kara@logo.com.tr olarak girilir

2021-11-23 09:53:31 - [TEST_STEP][PASSED] - Yönetim popupında Gönder seçilir: Yönetim popupında Gönder seçilir

2021-11-23 09:53:31 - [MESSAGE][PASSED] - Yönetim popupında Gönder seçilir

2021-11-23 09:53:31 - [TEST_STEP][PASSED] - Popup mesajı talebiniz işleme alınmıştır içeriyor mu: Popup mesajı talebiniz işleme alınmıştır içeriyor mu

2021-11-23 09:53:31 - [MESSAGE][PASSED] - Popup mesajı talebiniz işleme alınmıştır içeriyor mu

2021-11-23 09:53:31 - [TEST_STEP][PASSED] - Yönetim popupında Tamam seçilir: Yönetim popupında Tamam seçilir

2021-11-23 09:53:31 - [MESSAGE][PASSED] - Yönetim popupında Tamam seçilir

2021-11-23 09:53:31 - [TEST_STEP][PASSED] - Ana menüden Zarflar seçilir: Ana menüden Zarflar seçilir

2021-11-23 09:53:31 - [MESSAGE][PASSED] - Ana menüden Zarflar seçilir

2021-11-23 09:53:31 - [TEST_STEP][PASSED] - Alt menüden Giden Zarflar seçilir: Alt menüden Giden Zarflar seçilir

2021-11-23 09:53:31 - [MESSAGE][PASSED] - Alt menüden Giden Zarflar seçilir

2021-11-23 09:53:31 - [TEST_STEP][PASSED] - Filtrelerden Belge Türü filtresine İrsaliye Yanıtı dropdowndan degeri seçilir: Filtrelerden Belge Türü filtresine İrsaliye Yanıtı dropdowndan degeri seçilir

2021-11-23 09:53:31 - [MESSAGE][PASSED] - Filtrelerden Belge Türü filtresine İrsaliye Yanıtı dropdowndan degeri seçilir

2021-11-23 09:53:31 - [TEST_STEP][PASSED] - Filtrelerden Oluşturma Tarihi filtresine 01.07.2020 baslangic degerini yaz: Filtrelerden Oluşturma Tarihi filtresine 01.07.2020 baslangic degerini yaz

2021-11-23 09:53:31 - [MESSAGE][PASSED] - Filtrelerden Oluşturma Tarihi filtresine 01.07.2020 baslangic degerini yaz

2021-11-23 09:53:31 - [TEST_STEP][PASSED] - Filtrelerden Oluşturma Tarihi filtresine 31.07.2020 bitis degerini yaz: Filtrelerden Oluşturma Tarihi filtresine 31.07.2020 bitis degerini yaz

2021-11-23 09:53:31 - [MESSAGE][PASSED] - Filtrelerden Oluşturma Tarihi filtresine 31.07.2020 bitis degerini yaz

2021-11-23 09:53:31 - [TEST_STEP][PASSED] - Filtre butonlarından Listele seçilir: Filtre butonlarından Listele seçilir

2021-11-23 09:53:31 - [MESSAGE][PASSED] - Filtre butonlarından Listele seçilir

2021-11-23 09:53:31 - [TEST_STEP][PASSED] - Tablodaki LOGO ELEKTRONİK TİCARET HİZMETLERİ ANONİM ŞİRKETİ isimli verinin İrsaliye Yanıtları adlı butonuna tıklanır: Tablodaki LOGO ELEKTRONİK TİCARET HİZMETLERİ ANONİM ŞİRKETİ isimli verinin İrsaliye Yanıtları adlı butonuna tıklanır

2021-11-23 09:53:31 - [MESSAGE][PASSED] - Tablodaki LOGO ELEKTRONİK TİCARET HİZMETLERİ ANONİM ŞİRKETİ isimli verinin İrsaliye Yanıtları adlı butonuna tıklanır

2021-11-23 09:53:31 - [TEST_STEP][PASSED] - Yeni açılan sekmeye geçilir: Yeni açılan sekmeye geçilir

2021-11-23 09:53:31 - [MESSAGE][PASSED] - Yeni açılan sekmeye geçilir

2021-11-23 09:53:31 - [TEST_STEP][PASSED] - Tabloda veri var mı kontrol edilir: Tabloda veri var mı kontrol edilir

2021-11-23 09:53:31 - [MESSAGE][PASSED] - Tabloda veri var mı kontrol edilir

2021-11-23 09:53:31 - [TEST_STEP][PASSED] - Ana sekmeye geçilir: Ana sekmeye geçilir

2021-11-23 09:53:31 - [MESSAGE][PASSED] - Ana sekmeye geçilir

2021-11-23 09:53:31 - [TEST_STEP][PASSED] - Tabloda veri var mı kontrol edilir: Tabloda veri var mı kontrol edilir

2021-11-23 09:53:31 - [MESSAGE][PASSED] - Tabloda veri var mı kontrol edilir

2021-11-23 09:53:31 - [TEST_STEP][PASSED] - Tablodan LOGO ELEKTRONİK TİCARET HİZMETLERİ ANONİM ŞİRKETİ isimli veri seçilir: Tablodan LOGO ELEKTRONİK TİCARET HİZMETLERİ ANONİM ŞİRKETİ isimli veri seçilir

2021-11-23 09:53:31 - [MESSAGE][PASSED] - Tablodan LOGO ELEKTRONİK TİCARET HİZMETLERİ ANONİM ŞİRKETİ isimli veri seçilir

2021-11-23 09:53:31 - [TEST_STEP][PASSED] - Butonlardan UBL isimli butona tıklanır: Butonlardan UBL isimli butona tıklanır

2021-11-23 09:53:31 - [MESSAGE][PASSED] - Butonlardan UBL isimli butona tıklanır

2021-11-23 09:53:31 - [TEST_STEP][PASSED] - Yeni açılan sekmeye geçilir: Yeni açılan sekmeye geçilir

2021-11-23 09:53:31 - [MESSAGE][PASSED] - Yeni açılan sekmeye geçilir

2021-11-23 09:53:31 - [TEST_STEP][PASSED] - StandardBusinessDocument tagli ubl geldi mi: StandardBusinessDocument tagli ubl geldi mi

2021-11-23 09:53:31 - [MESSAGE][PASSED] - StandardBusinessDocument tagli ubl geldi mi

2021-11-23 09:53:31 - [TEST_STEP][PASSED] - Ana sekmeye geçilir: Ana sekmeye geçilir

2021-11-23 09:53:31 - [MESSAGE][PASSED] - Ana sekmeye geçilir

2021-11-23 09:53:31 - [TEST_STEP][PASSED] - Butonlardan İndir isimli butona tıklanır: Butonlardan İndir isimli butona tıklanır

2021-11-23 09:53:31 - [MESSAGE][PASSED] - Butonlardan İndir isimli butona tıklanır

2021-11-23 09:53:31 - [TEST_STEP][PASSED] - Alt butonlardan İndir butonuna tıklanır: Alt butonlardan İndir butonuna tıklanır

2021-11-23 09:53:31 - [MESSAGE][PASSED] - Alt butonlardan İndir butonuna tıklanır

2021-11-23 09:53:31 - [TEST_STEP][PASSED] - Ön eki Envelope olan dosya indirildi mi: Ön eki Envelope olan dosya indirildi mi

2021-11-23 09:53:31 - [MESSAGE][PASSED] - Ön eki Envelope olan dosya indirildi mi

2021-11-23 09:53:31 - [TEST_STEP][PASSED] - Butonlardan Excel isimli butona tıklanır: Butonlardan Excel isimli butona tıklanır

2021-11-23 09:53:31 - [MESSAGE][PASSED] - Butonlardan Excel isimli butona tıklanır

2021-11-23 09:53:31 - [TEST_STEP][PASSED] - Alt butonlardan Seçilenleri Excel'e Aktar butonuna tıklanır: Alt butonlardan Seçilenleri Excel'e Aktar butonuna tıklanır

2021-11-23 09:53:31 - [MESSAGE][PASSED] - Alt butonlardan Seçilenleri Excel'e Aktar butonuna tıklanır

2021-11-23 09:53:31 - [TEST_STEP][PASSED] - Popup mesajı Lütfen rapor bildiriminin gönderileceği e-posta adresini belirtiniz. içeriyor mu: Popup mesajı Lütfen rapor bildiriminin gönderileceği e-posta adresini belirtiniz. içeriyor mu

2021-11-23 09:53:31 - [MESSAGE][PASSED] - Popup mesajı Lütfen rapor bildiriminin gönderileceği e-posta adresini belirtiniz. içeriyor mu

2021-11-23 09:53:31 - [TEST_STEP][PASSED] - Popup email elogotest@gmail.com;ali.kara@logo.com.tr olarak girilir: Popup email elogotest@gmail.com;ali.kara@logo.com.tr olarak girilir

2021-11-23 09:53:31 - [MESSAGE][PASSED] - Popup email elogotest@gmail.com;ali.kara@logo.com.tr olarak girilir

2021-11-23 09:53:31 - [TEST_STEP][PASSED] - Yönetim popupında Gönder seçilir: Yönetim popupında Gönder seçilir

2021-11-23 09:53:31 - [MESSAGE][PASSED] - Yönetim popupında Gönder seçilir

2021-11-23 09:53:31 - [TEST_STEP][PASSED] - Popup mesajı Toplu Veri İndirme içeriyor mu: Popup mesajı Toplu Veri İndirme içeriyor mu

2021-11-23 09:53:31 - [MESSAGE][PASSED] - Popup mesajı Toplu Veri İndirme içeriyor mu

2021-11-23 09:53:31 - [TEST_STEP][PASSED] - Yönetim popupında Tamam seçilir: Yönetim popupında Tamam seçilir

2021-11-23 09:53:31 - [MESSAGE][PASSED] - Yönetim popupında Tamam seçilir

2021-11-23 09:53:31 - [TEST_STEP][PASSED] - Butonlardan Toplu İndirme isimli butona tıklanır: Butonlardan Toplu İndirme isimli butona tıklanır

2021-11-23 09:53:31 - [MESSAGE][PASSED] - Butonlardan Toplu İndirme isimli butona tıklanır

2021-11-23 09:53:31 - [TEST_STEP][PASSED] - Alt butonlardan UBL Seçilenleri İndir butonuna tıklanır: Alt butonlardan UBL Seçilenleri İndir butonuna tıklanır

2021-11-23 09:53:31 - [MESSAGE][PASSED] - Alt butonlardan UBL Seçilenleri İndir butonuna tıklanır

2021-11-23 09:53:31 - [TEST_STEP][PASSED] - Popup mesajı rapor bildiriminin gönderileceği e-posta adresini belirtiniz içeriyor mu: Popup mesajı rapor bildiriminin gönderileceği e-posta adresini belirtiniz içeriyor mu

2021-11-23 09:53:31 - [MESSAGE][PASSED] - Popup mesajı rapor bildiriminin gönderileceği e-posta adresini belirtiniz içeriyor mu

2021-11-23 09:53:31 - [TEST_STEP][PASSED] - Popup email elogotest@gmail.com;ali.kara@logo.com.tr olarak girilir: Popup email elogotest@gmail.com;ali.kara@logo.com.tr olarak girilir

2021-11-23 09:53:31 - [MESSAGE][PASSED] - Popup email elogotest@gmail.com;ali.kara@logo.com.tr olarak girilir

2021-11-23 09:53:31 - [TEST_STEP][PASSED] - Yönetim popupında Gönder seçilir: Yönetim popupında Gönder seçilir

2021-11-23 09:53:31 - [MESSAGE][PASSED] - Yönetim popupında Gönder seçilir

2021-11-23 09:53:31 - [TEST_STEP][PASSED] - Popup mesajı talebiniz işleme alınmıştır içeriyor mu: Popup mesajı talebiniz işleme alınmıştır içeriyor mu

2021-11-23 09:53:31 - [MESSAGE][PASSED] - Popup mesajı talebiniz işleme alınmıştır içeriyor mu

2021-11-23 09:53:31 - [TEST_STEP][PASSED] - Yönetim popupında Tamam seçilir: Yönetim popupında Tamam seçilir

2021-11-23 09:53:31 - [MESSAGE][PASSED] - Yönetim popupında Tamam seçilir

2021-11-23 09:53:31 - [TEST_STEP][PASSED] - Ana menüden Zarflar seçilir: Ana menüden Zarflar seçilir

2021-11-23 09:53:31 - [MESSAGE][PASSED] - Ana menüden Zarflar seçilir

2021-11-23 09:53:31 - [TEST_STEP][PASSED] - Alt menüden Giden Zarflar seçilir: Alt menüden Giden Zarflar seçilir

2021-11-23 09:53:31 - [MESSAGE][PASSED] - Alt menüden Giden Zarflar seçilir

2021-11-23 09:53:31 - [TEST_STEP][PASSED] - Filtrelerden Belge Türü filtresine e-İrsaliye dropdowndan degeri seçilir: Filtrelerden Belge Türü filtresine e-İrsaliye dropdowndan degeri seçilir

2021-11-23 09:53:31 - [MESSAGE][PASSED] - Filtrelerden Belge Türü filtresine e-İrsaliye dropdowndan degeri seçilir

2021-11-23 09:53:31 - [TEST_STEP][PASSED] - Filtrelerden Oluşturma Tarihi filtresine 01.10.2021 baslangic degerini yaz: Filtrelerden Oluşturma Tarihi filtresine 01.10.2021 baslangic degerini yaz

2021-11-23 09:53:31 - [MESSAGE][PASSED] - Filtrelerden Oluşturma Tarihi filtresine 01.10.2021 baslangic degerini yaz

2021-11-23 09:53:31 - [TEST_STEP][PASSED] - Filtrelerden Oluşturma Tarihi filtresine 31.10.2021 bitis degerini yaz: Filtrelerden Oluşturma Tarihi filtresine 31.10.2021 bitis degerini yaz

2021-11-23 09:53:31 - [MESSAGE][PASSED] - Filtrelerden Oluşturma Tarihi filtresine 31.10.2021 bitis degerini yaz

2021-11-23 09:53:31 - [TEST_STEP][PASSED] - Filtre butonlarından Listele seçilir: Filtre butonlarından Listele seçilir

2021-11-23 09:53:31 - [MESSAGE][PASSED] - Filtre butonlarından Listele seçilir

2021-11-23 09:53:31 - [TEST_STEP][PASSED] - Tablodaki Test Kurum 6 isimli verinin İrsaliyeler adlı butonuna tıklanır: Tablodaki Test Kurum 6 isimli verinin İrsaliyeler adlı butonuna tıklanır

2021-11-23 09:53:31 - [MESSAGE][PASSED] - Tablodaki Test Kurum 6 isimli verinin İrsaliyeler adlı butonuna tıklanır

2021-11-23 09:53:31 - [TEST_STEP][PASSED] - Yeni açılan sekmeye geçilir: Yeni açılan sekmeye geçilir

2021-11-23 09:53:31 - [MESSAGE][PASSED] - Yeni açılan sekmeye geçilir

2021-11-23 09:53:31 - [TEST_STEP][PASSED] - Tabloda veri var mı kontrol edilir: Tabloda veri var mı kontrol edilir

2021-11-23 09:53:31 - [MESSAGE][PASSED] - Tabloda veri var mı kontrol edilir

2021-11-23 09:53:31 - [TEST_STEP][PASSED] - Ana sekmeye geçilir: Ana sekmeye geçilir

2021-11-23 09:53:31 - [MESSAGE][PASSED] - Ana sekmeye geçilir

2021-11-23 09:53:31 - [TEST_STEP][PASSED] - Tabloda veri var mı kontrol edilir: Tabloda veri var mı kontrol edilir

2021-11-23 09:53:31 - [MESSAGE][PASSED] - Tabloda veri var mı kontrol edilir

2021-11-23 09:53:31 - [TEST_STEP][PASSED] - Tablodan Test Kurum 6 isimli veri seçilir: Tablodan Test Kurum 6 isimli veri seçilir

2021-11-23 09:53:31 - [MESSAGE][PASSED] - Tablodan Test Kurum 6 isimli veri seçilir

2021-11-23 09:53:31 - [TEST_STEP][PASSED] - Butonlardan UBL isimli butona tıklanır: Butonlardan UBL isimli butona tıklanır

2021-11-23 09:53:31 - [MESSAGE][PASSED] - Butonlardan UBL isimli butona tıklanır

2021-11-23 09:53:31 - [TEST_STEP][PASSED] - Yeni açılan sekmeye geçilir: Yeni açılan sekmeye geçilir

2021-11-23 09:53:31 - [MESSAGE][PASSED] - Yeni açılan sekmeye geçilir

2021-11-23 09:53:31 - [TEST_STEP][PASSED] - StandardBusinessDocument tagli ubl geldi mi: StandardBusinessDocument tagli ubl geldi mi

2021-11-23 09:53:31 - [MESSAGE][PASSED] - StandardBusinessDocument tagli ubl geldi mi

2021-11-23 09:53:31 - [TEST_STEP][PASSED] - Ana sekmeye geçilir: Ana sekmeye geçilir

2021-11-23 09:53:31 - [MESSAGE][PASSED] - Ana sekmeye geçilir

2021-11-23 09:53:31 - [TEST_STEP][PASSED] - Butonlardan İndir isimli butona tıklanır: Butonlardan İndir isimli butona tıklanır

2021-11-23 09:53:31 - [MESSAGE][PASSED] - Butonlardan İndir isimli butona tıklanır

2021-11-23 09:53:31 - [TEST_STEP][PASSED] - Alt butonlardan İndir butonuna tıklanır: Alt butonlardan İndir butonuna tıklanır

2021-11-23 09:53:31 - [MESSAGE][PASSED] - Alt butonlardan İndir butonuna tıklanır

2021-11-23 09:53:31 - [TEST_STEP][PASSED] - Ön eki Envelope olan dosya indirildi mi: Ön eki Envelope olan dosya indirildi mi

2021-11-23 09:53:31 - [MESSAGE][PASSED] - Ön eki Envelope olan dosya indirildi mi

2021-11-23 09:53:31 - [TEST_STEP][PASSED] - Butonlardan Excel isimli butona tıklanır: Butonlardan Excel isimli butona tıklanır

2021-11-23 09:53:31 - [MESSAGE][PASSED] - Butonlardan Excel isimli butona tıklanır

2021-11-23 09:53:31 - [TEST_STEP][PASSED] - Alt butonlardan Seçilenleri Excel'e Aktar butonuna tıklanır: Alt butonlardan Seçilenleri Excel'e Aktar butonuna tıklanır

2021-11-23 09:53:31 - [MESSAGE][PASSED] - Alt butonlardan Seçilenleri Excel'e Aktar butonuna tıklanır

2021-11-23 09:53:31 - [TEST_STEP][PASSED] - Popup mesajı Lütfen rapor bildiriminin gönderileceği e-posta adresini belirtiniz. içeriyor mu: Popup mesajı Lütfen rapor bildiriminin gönderileceği e-posta adresini belirtiniz. içeriyor mu

2021-11-23 09:53:31 - [MESSAGE][PASSED] - Popup mesajı Lütfen rapor bildiriminin gönderileceği e-posta adresini belirtiniz. içeriyor mu

2021-11-23 09:53:31 - [TEST_STEP][PASSED] - Popup email elogotest@gmail.com;ali.kara@logo.com.tr olarak girilir: Popup email elogotest@gmail.com;ali.kara@logo.com.tr olarak girilir

2021-11-23 09:53:31 - [MESSAGE][PASSED] - Popup email elogotest@gmail.com;ali.kara@logo.com.tr olarak girilir

2021-11-23 09:53:31 - [TEST_STEP][PASSED] - Yönetim popupında Gönder seçilir: Yönetim popupında Gönder seçilir

2021-11-23 09:53:31 - [MESSAGE][PASSED] - Yönetim popupında Gönder seçilir

2021-11-23 09:53:31 - [TEST_STEP][PASSED] - Popup mesajı Toplu Veri İndirme içeriyor mu: Popup mesajı Toplu Veri İndirme içeriyor mu

2021-11-23 09:53:31 - [MESSAGE][PASSED] - Popup mesajı Toplu Veri İndirme içeriyor mu

2021-11-23 09:53:31 - [TEST_STEP][PASSED] - Yönetim popupında Tamam seçilir: Yönetim popupında Tamam seçilir

2021-11-23 09:53:31 - [MESSAGE][PASSED] - Yönetim popupında Tamam seçilir

2021-11-23 09:53:31 - [TEST_STEP][PASSED] - Butonlardan Toplu İndirme isimli butona tıklanır: Butonlardan Toplu İndirme isimli butona tıklanır

2021-11-23 09:53:31 - [MESSAGE][PASSED] - Butonlardan Toplu İndirme isimli butona tıklanır

2021-11-23 09:53:31 - [TEST_STEP][PASSED] - Alt butonlardan UBL Seçilenleri İndir butonuna tıklanır: Alt butonlardan UBL Seçilenleri İndir butonuna tıklanır

2021-11-23 09:53:31 - [MESSAGE][PASSED] - Alt butonlardan UBL Seçilenleri İndir butonuna tıklanır

2021-11-23 09:53:31 - [TEST_STEP][PASSED] - Popup mesajı rapor bildiriminin gönderileceği e-posta adresini belirtiniz içeriyor mu: Popup mesajı rapor bildiriminin gönderileceği e-posta adresini belirtiniz içeriyor mu

2021-11-23 09:53:31 - [MESSAGE][PASSED] - Popup mesajı rapor bildiriminin gönderileceği e-posta adresini belirtiniz içeriyor mu

2021-11-23 09:53:31 - [TEST_STEP][PASSED] - Popup email elogotest@gmail.com;ali.kara@logo.com.tr olarak girilir: Popup email elogotest@gmail.com;ali.kara@logo.com.tr olarak girilir

2021-11-23 09:53:31 - [MESSAGE][PASSED] - Popup email elogotest@gmail.com;ali.kara@logo.com.tr olarak girilir

2021-11-23 09:53:31 - [TEST_STEP][PASSED] - Yönetim popupında Gönder seçilir: Yönetim popupında Gönder seçilir

2021-11-23 09:53:31 - [MESSAGE][PASSED] - Yönetim popupında Gönder seçilir

2021-11-23 09:53:31 - [TEST_STEP][PASSED] - Popup mesajı talebiniz işleme alınmıştır içeriyor mu: Popup mesajı talebiniz işleme alınmıştır içeriyor mu

2021-11-23 09:53:31 - [MESSAGE][PASSED] - Popup mesajı talebiniz işleme alınmıştır içeriyor mu

2021-11-23 09:53:31 - [TEST_STEP][PASSED] - Yönetim popupında Tamam seçilir: Yönetim popupında Tamam seçilir

2021-11-23 09:53:31 - [MESSAGE][PASSED] - Yönetim popupında Tamam seçilir

2021-11-23 09:53:31 - [TEST_STEP][PASSED] - Kullanıcı işlemlerinden Çıkış seçilir: Kullanıcı işlemlerinden Çıkış seçilir

2021-11-23 09:53:31 - [MESSAGE][PASSED] - Kullanıcı işlemlerinden Çıkış seçilir

2021-11-23 09:53:31 - [MESSAGE][PASSED] - Feature file: 'Include/features/Zarflar/Giden Zarflar/Tablodaki Verinin Butonlari.feature' was passed

2021-11-23 09:53:31 - [TEST_STEP][PASSED] - Start listener action : sampleAfterTestSuite: Invoke 'com.kms.katalon.core.annotation.AfterTestCase' method: 'Listener.sampleAfterTestSuite(...)' completed.

2021-11-23 09:53:31 - [MESSAGE][INFO] - Starting invoke 'com.kms.katalon.core.annotation.AfterTestCase' method: 'Listener.sampleAfterTestSuite(...)'

2021-11-23 09:53:31 - [TEST_STEP][PASSED] - closeBrowser(): Invoke 'com.kms.katalon.core.annotation.AfterTestCase' method: 'Listener.sampleAfterTestSuite(...)' completed.

2021-11-23 09:53:31 - [MESSAGE][INFO] - Closing browser

2021-11-23 09:53:32 - [MESSAGE][PASSED] - Browser is closed

2021-11-23 09:53:32 - [MESSAGE][INFO] - Invoke 'com.kms.katalon.core.annotation.AfterTestCase' method: 'Listener.sampleAfterTestSuite(...)' completed.]]></system-out>
         <system-err><![CDATA[]]></system-err>
      </testcase>
      <testcase name="Test Cases/Case Repository/Zarflar/Erisim Kontrol" time="225.227" classname="Test Cases/Case Repository/Zarflar/Erisim Kontrol" status="PASSED">
         <system-out><![CDATA[2021-11-23 09:53:32 - [TEST_CASE][PASSED] - Test Cases/Case Repository/Zarflar/Erisim Kontrol: Test Cases/Case Repository/Zarflar/Erisim Kontrol

2021-11-23 09:53:32 - [TEST_STEP][PASSED] - Start listener action : sampleBeforeTestSuite: Invoke 'com.kms.katalon.core.annotation.BeforeTestCase' method: 'Listener.sampleBeforeTestSuite(...)' completed.

2021-11-23 09:53:32 - [MESSAGE][INFO] - Starting invoke 'com.kms.katalon.core.annotation.BeforeTestCase' method: 'Listener.sampleBeforeTestSuite(...)'

2021-11-23 09:53:32 - [TEST_STEP][PASSED] - openBrowser(baseUrl): Browser is opened with url: 'https://efatura-stage.elogo.com.tr/'

2021-11-23 09:53:32 - [MESSAGE][INFO] - Opening browser

2021-11-23 09:53:32 - [MESSAGE][INFO] - Starting 'Chrome' driver

2021-11-23 09:53:32 - [MESSAGE][INFO] - User set preference: ['prefs', '{download.default_directory=C:\otomasyondownfiles}']

2021-11-23 09:53:32 - [MESSAGE][INFO] - Action delay is set to 0 milliseconds

2021-11-23 09:53:33 - [MESSAGE][INFO] - Navigating browser to: 'https://efatura-stage.elogo.com.tr/'

2021-11-23 09:53:36 - [MESSAGE][PASSED] - Browser is opened with url: 'https://efatura-stage.elogo.com.tr/'

2021-11-23 09:53:36 - [TEST_STEP][PASSED] - maximizeWindow(): Invoke 'com.kms.katalon.core.annotation.BeforeTestCase' method: 'Listener.sampleBeforeTestSuite(...)' completed.

2021-11-23 09:53:36 - [MESSAGE][INFO] - Maximizing current window

2021-11-23 09:53:36 - [MESSAGE][PASSED] - Current window maximized

2021-11-23 09:53:36 - [MESSAGE][INFO] - Invoke 'com.kms.katalon.core.annotation.BeforeTestCase' method: 'Listener.sampleBeforeTestSuite(...)' completed.

2021-11-23 09:53:37 - [TEST_STEP][PASSED] - runFeatureFile("Include/features/Zarflar/Erisim Kontrol.feature"): Feature file: 'Include/features/Zarflar/Erisim Kontrol.feature' was passed

2021-11-23 09:53:37 - [MESSAGE][INFO] - Starting run keyword runFeatureFile: 'Include/features/Zarflar/Erisim Kontrol.feature' and extract report to folder: 'C:\Users\DELL\Documents\GitHub\EES_KatalonLogo\Reports\20211123_091110\Suite Repository\Zarflar\20211123_091159/cucumber_report/1637650417865'...

2021-11-23 09:53:37 - [MESSAGE][INFO] - Glue: []

2021-11-23 09:53:40 - [MESSAGE][INFO] - Checking called Test Case

2021-11-23 09:53:40 - [MESSAGE][INFO] - Starting to call Test Case 'Test Cases/Sayfalar/Giris_Sayfasi/Login'

2021-11-23 09:53:40 - [TEST_CASE][PASSED] - Test Cases/Sayfalar/Giris_Sayfasi/Login: Test Cases/Sayfalar/Giris_Sayfasi/Login

2021-11-23 09:53:40 - [TEST_STEP][PASSED] - Sayfa_Basligi = getWindowTitle(): Current window's title is: 'LOGO e-Fatura'

2021-11-23 09:53:40 - [MESSAGE][INFO] - Getting current window's title

2021-11-23 09:53:40 - [MESSAGE][PASSED] - Current window's title is: 'LOGO e-Fatura'

2021-11-23 09:53:40 - [TEST_STEP][PASSED] - verifyMatch(Sayfa_Basligi, "LOGO e-Fatura", false): Actual text 'LOGO e-Fatura' and expected text 'LOGO e-Fatura' are matched 

2021-11-23 09:53:40 - [MESSAGE][INFO] - Matching actual text 'LOGO e-Fatura' with expected text 'LOGO e-Fatura'

2021-11-23 09:53:40 - [MESSAGE][PASSED] - Actual text 'LOGO e-Fatura' and expected text 'LOGO e-Fatura' are matched 

2021-11-23 09:53:40 - [TEST_STEP][PASSED] - sendKeys(findTestObject("Sayfalar/Giris_Sayfasi/Firma_Kodu"), KullaniciAdi): Keys 'ELOGO6' sent to object: 'Object Repository/Sayfalar/Giris_Sayfasi/Firma_Kodu'

2021-11-23 09:53:40 - [MESSAGE][INFO] - Finding Test Object 'Object Repository/Sayfalar/Giris_Sayfasi/Firma_Kodu'

2021-11-23 09:53:40 - [MESSAGE][INFO] - Sending keys 'ELOGO6' to object: 'Object Repository/Sayfalar/Giris_Sayfasi/Firma_Kodu'

2021-11-23 09:53:40 - [MESSAGE][INFO] - Finding web element from Test Object's properties

2021-11-23 09:53:40 - [MESSAGE][INFO] - Checking timeout

2021-11-23 09:53:40 - [MESSAGE][INFO] - Finding web element with id: 'Object Repository/Sayfalar/Giris_Sayfasi/Firma_Kodu' located by 'By.xpath: //*[@id = 'AccountName']' in '30' second(s)

2021-11-23 09:53:40 - [MESSAGE][INFO] - Smart Wait Function is triggered

2021-11-23 09:53:41 - [MESSAGE][INFO] - Found 1 web elements with id: 'Object Repository/Sayfalar/Giris_Sayfasi/Firma_Kodu' located by 'By.xpath: //*[@id = 'AccountName']' in '30' second(s)

2021-11-23 09:53:41 - [MESSAGE][PASSED] - Keys 'ELOGO6' sent to object: 'Object Repository/Sayfalar/Giris_Sayfasi/Firma_Kodu'

2021-11-23 09:53:41 - [TEST_STEP][PASSED] - sendKeys(findTestObject("Sayfalar/Giris_Sayfasi/Sifre"), Sifre): Keys '123456' sent to object: 'Object Repository/Sayfalar/Giris_Sayfasi/Sifre'

2021-11-23 09:53:41 - [MESSAGE][INFO] - Finding Test Object 'Object Repository/Sayfalar/Giris_Sayfasi/Sifre'

2021-11-23 09:53:41 - [MESSAGE][INFO] - Sending keys '123456' to object: 'Object Repository/Sayfalar/Giris_Sayfasi/Sifre'

2021-11-23 09:53:41 - [MESSAGE][INFO] - Finding web element from Test Object's properties

2021-11-23 09:53:41 - [MESSAGE][INFO] - Checking timeout

2021-11-23 09:53:41 - [MESSAGE][INFO] - Finding web element with id: 'Object Repository/Sayfalar/Giris_Sayfasi/Sifre' located by 'By.xpath: //*[@id = 'Password']' in '30' second(s)

2021-11-23 09:53:41 - [MESSAGE][INFO] - Smart Wait Function is triggered

2021-11-23 09:53:41 - [MESSAGE][INFO] - Found 1 web elements with id: 'Object Repository/Sayfalar/Giris_Sayfasi/Sifre' located by 'By.xpath: //*[@id = 'Password']' in '30' second(s)

2021-11-23 09:53:41 - [MESSAGE][PASSED] - Keys '123456' sent to object: 'Object Repository/Sayfalar/Giris_Sayfasi/Sifre'

2021-11-23 09:53:41 - [TEST_STEP][PASSED] - findWebElement(findTestObject("Sayfalar/Giris_Sayfasi/Giris_Butonu")).click(): Found 1 web elements with id: 'Object Repository/Sayfalar/Giris_Sayfasi/Giris_Butonu' located by 'By.cssSelector: #btnLogin' in '30' second(s)

2021-11-23 09:53:41 - [MESSAGE][INFO] - Finding Test Object 'Object Repository/Sayfalar/Giris_Sayfasi/Giris_Butonu'

2021-11-23 09:53:41 - [MESSAGE][INFO] - Finding web element from Test Object's properties

2021-11-23 09:53:41 - [MESSAGE][INFO] - Checking timeout

2021-11-23 09:53:41 - [MESSAGE][INFO] - Finding web element with id: 'Object Repository/Sayfalar/Giris_Sayfasi/Giris_Butonu' located by 'By.cssSelector: #btnLogin' in '30' second(s)

2021-11-23 09:53:41 - [MESSAGE][INFO] - Smart Wait Function is triggered

2021-11-23 09:53:42 - [MESSAGE][INFO] - Found 1 web elements with id: 'Object Repository/Sayfalar/Giris_Sayfasi/Giris_Butonu' located by 'By.cssSelector: #btnLogin' in '30' second(s)

2021-11-23 09:53:44 - [TEST_STEP][PASSED] - if (verifyElementPresent(findTestObject("Object Repository/Sayfalar/Giris_Sayfasi/RetveTamam_Butonu"), 5, OPTIONAL)): null

2021-11-23 09:53:44 - [MESSAGE][INFO] - Finding Test Object 'Object Repository/Sayfalar/Giris_Sayfasi/RetveTamam_Butonu'

2021-11-23 09:53:44 - [MESSAGE][INFO] - Checking object

2021-11-23 09:53:44 - [MESSAGE][INFO] - Finding web element from Test Object's properties

2021-11-23 09:53:44 - [MESSAGE][INFO] - Checking timeout

2021-11-23 09:53:44 - [MESSAGE][INFO] - Finding web element with id: 'Object Repository/Sayfalar/Giris_Sayfasi/RetveTamam_Butonu' located by 'By.xpath: //*[@class = 'btn btn-default']' in '5' second(s)

2021-11-23 09:53:44 - [MESSAGE][INFO] - Smart Wait Function is triggered

2021-11-23 09:53:44 - [MESSAGE][INFO] - Found 1 web elements with id: 'Object Repository/Sayfalar/Giris_Sayfasi/RetveTamam_Butonu' located by 'By.xpath: //*[@class = 'btn btn-default']' in '5' second(s)

2021-11-23 09:53:44 - [MESSAGE][PASSED] - Object 'Object Repository/Sayfalar/Giris_Sayfasi/RetveTamam_Butonu' is present

2021-11-23 09:53:44 - [TEST_STEP][PASSED] - click(findTestObject("Object Repository/Sayfalar/Giris_Sayfasi/RetveTamam_Butonu")): Object: 'Object Repository/Sayfalar/Giris_Sayfasi/RetveTamam_Butonu' is clicked on

2021-11-23 09:53:44 - [MESSAGE][INFO] - Finding Test Object 'Object Repository/Sayfalar/Giris_Sayfasi/RetveTamam_Butonu'

2021-11-23 09:53:45 - [MESSAGE][INFO] - Checking object

2021-11-23 09:53:45 - [MESSAGE][INFO] - Finding web element from Test Object's properties

2021-11-23 09:53:45 - [MESSAGE][INFO] - Checking timeout

2021-11-23 09:53:45 - [MESSAGE][INFO] - Finding web element with id: 'Object Repository/Sayfalar/Giris_Sayfasi/RetveTamam_Butonu' located by 'By.xpath: //*[@class = 'btn btn-default']' in '30' second(s)

2021-11-23 09:53:45 - [MESSAGE][INFO] - Smart Wait Function is triggered

2021-11-23 09:53:45 - [MESSAGE][INFO] - Found 1 web elements with id: 'Object Repository/Sayfalar/Giris_Sayfasi/RetveTamam_Butonu' located by 'By.xpath: //*[@class = 'btn btn-default']' in '30' second(s)

2021-11-23 09:53:45 - [MESSAGE][INFO] - Clicking on object: 'Object Repository/Sayfalar/Giris_Sayfasi/RetveTamam_Butonu'

2021-11-23 09:53:45 - [MESSAGE][PASSED] - Object: 'Object Repository/Sayfalar/Giris_Sayfasi/RetveTamam_Butonu' is clicked on

2021-11-23 09:53:45 - [TEST_STEP][PASSED] - click(findTestObject("Object Repository/Sayfalar/Giris_Sayfasi/RetveTamam_Butonu")): Object: 'Object Repository/Sayfalar/Giris_Sayfasi/RetveTamam_Butonu' is clicked on

2021-11-23 09:53:45 - [MESSAGE][INFO] - Finding Test Object 'Object Repository/Sayfalar/Giris_Sayfasi/RetveTamam_Butonu'

2021-11-23 09:53:45 - [MESSAGE][INFO] - Checking object

2021-11-23 09:53:45 - [MESSAGE][INFO] - Finding web element from Test Object's properties

2021-11-23 09:53:45 - [MESSAGE][INFO] - Checking timeout

2021-11-23 09:53:45 - [MESSAGE][INFO] - Finding web element with id: 'Object Repository/Sayfalar/Giris_Sayfasi/RetveTamam_Butonu' located by 'By.xpath: //*[@class = 'btn btn-default']' in '30' second(s)

2021-11-23 09:53:45 - [MESSAGE][INFO] - Smart Wait Function is triggered

2021-11-23 09:53:52 - [MESSAGE][INFO] - Found 1 web elements with id: 'Object Repository/Sayfalar/Giris_Sayfasi/RetveTamam_Butonu' located by 'By.xpath: //*[@class = 'btn btn-default']' in '30' second(s)

2021-11-23 09:53:52 - [MESSAGE][INFO] - Clicking on object: 'Object Repository/Sayfalar/Giris_Sayfasi/RetveTamam_Butonu'

2021-11-23 09:53:52 - [MESSAGE][PASSED] - Object: 'Object Repository/Sayfalar/Giris_Sayfasi/RetveTamam_Butonu' is clicked on

2021-11-23 09:53:52 - [TEST_STEP][PASSED] - if (verifyElementPresent(findTestObject("Sayfalar/Giris_Sayfasi/PopupOK"), 5, OPTIONAL)): null

2021-11-23 09:53:52 - [MESSAGE][INFO] - Finding Test Object 'Object Repository/Sayfalar/Giris_Sayfasi/PopupOK'

2021-11-23 09:53:52 - [MESSAGE][INFO] - Checking object

2021-11-23 09:53:52 - [MESSAGE][INFO] - Finding web element from Test Object's properties

2021-11-23 09:53:52 - [MESSAGE][INFO] - Checking timeout

2021-11-23 09:53:52 - [MESSAGE][INFO] - Finding web element with id: 'Object Repository/Sayfalar/Giris_Sayfasi/PopupOK' located by 'By.cssSelector: .btn.btn-success' in '5' second(s)

2021-11-23 09:53:52 - [MESSAGE][INFO] - Smart Wait Function is triggered

2021-11-23 09:53:53 - [MESSAGE][INFO] - Found 1 web elements with id: 'Object Repository/Sayfalar/Giris_Sayfasi/PopupOK' located by 'By.cssSelector: .btn.btn-success' in '5' second(s)

2021-11-23 09:53:53 - [MESSAGE][PASSED] - Object 'Object Repository/Sayfalar/Giris_Sayfasi/PopupOK' is present

2021-11-23 09:53:53 - [TEST_STEP][PASSED] - click(findTestObject("Object Repository/Sayfalar/Giris_Sayfasi/PopupCarpiGiris")): Object: 'Object Repository/Sayfalar/Giris_Sayfasi/PopupCarpiGiris' is clicked on

2021-11-23 09:53:53 - [MESSAGE][INFO] - Finding Test Object 'Object Repository/Sayfalar/Giris_Sayfasi/PopupCarpiGiris'

2021-11-23 09:53:53 - [MESSAGE][INFO] - Checking object

2021-11-23 09:53:53 - [MESSAGE][INFO] - Finding web element from Test Object's properties

2021-11-23 09:53:53 - [MESSAGE][INFO] - Checking timeout

2021-11-23 09:53:53 - [MESSAGE][INFO] - Finding web element with id: 'Object Repository/Sayfalar/Giris_Sayfasi/PopupCarpiGiris' located by 'By.cssSelector: .bootbox-close-button.close' in '30' second(s)

2021-11-23 09:53:53 - [MESSAGE][INFO] - Smart Wait Function is triggered

2021-11-23 09:53:53 - [MESSAGE][INFO] - Found 1 web elements with id: 'Object Repository/Sayfalar/Giris_Sayfasi/PopupCarpiGiris' located by 'By.cssSelector: .bootbox-close-button.close' in '30' second(s)

2021-11-23 09:53:53 - [MESSAGE][INFO] - Clicking on object: 'Object Repository/Sayfalar/Giris_Sayfasi/PopupCarpiGiris'

2021-11-23 09:53:53 - [MESSAGE][PASSED] - Object: 'Object Repository/Sayfalar/Giris_Sayfasi/PopupCarpiGiris' is clicked on

2021-11-23 09:53:53 - [TEST_STEP][PASSED] - verifyElementVisible(findTestObject("Object Repository/Kullanici_Islemleri/KullaniciIslemleri")): Object 'Object Repository/Kullanici_Islemleri/KullaniciIslemleri' is visible

2021-11-23 09:53:53 - [MESSAGE][INFO] - Finding Test Object 'Object Repository/Kullanici_Islemleri/KullaniciIslemleri'

2021-11-23 09:53:53 - [MESSAGE][INFO] - Checking object

2021-11-23 09:53:53 - [MESSAGE][INFO] - Finding web element from Test Object's properties

2021-11-23 09:53:53 - [MESSAGE][INFO] - Checking timeout

2021-11-23 09:53:53 - [MESSAGE][INFO] - Finding web element with id: 'Object Repository/Kullanici_Islemleri/KullaniciIslemleri' located by 'By.cssSelector: .dropdown>a>img' in '30' second(s)

2021-11-23 09:53:53 - [MESSAGE][INFO] - Smart Wait Function is triggered

2021-11-23 09:53:54 - [MESSAGE][INFO] - Found 1 web elements with id: 'Object Repository/Kullanici_Islemleri/KullaniciIslemleri' located by 'By.cssSelector: .dropdown>a>img' in '30' second(s)

2021-11-23 09:53:54 - [MESSAGE][PASSED] - Object 'Object Repository/Kullanici_Islemleri/KullaniciIslemleri' is visible

2021-11-23 09:53:54 - [MESSAGE][PASSED] - Call Test Case 'Test Cases/Sayfalar/Giris_Sayfasi/Login' successfully

2021-11-23 09:53:54 - [MESSAGE][INFO] - Checking called Test Case

2021-11-23 09:53:54 - [MESSAGE][INFO] - Starting to call Test Case 'Test Cases/Sekmeler/LinkSecilir'

2021-11-23 09:53:54 - [TEST_CASE][PASSED] - Test Cases/Sekmeler/LinkSecilir: Test Cases/Sekmeler/LinkSecilir

2021-11-23 09:53:55 - [TEST_STEP][PASSED] - navigateToUrl(Link, STOP_ON_FAILURE): Navigate to 'https://efatura-stage.elogo.com.tr/Envelope/OutgoingEnvelopeDisplayUbl?id=116183191' successfully

2021-11-23 09:53:55 - [MESSAGE][INFO] - Checking url

2021-11-23 09:53:55 - [MESSAGE][INFO] - Navigating to 'https://efatura-stage.elogo.com.tr/Envelope/OutgoingEnvelopeDisplayUbl?id=116183191'

2021-11-23 09:53:55 - [MESSAGE][PASSED] - Navigate to 'https://efatura-stage.elogo.com.tr/Envelope/OutgoingEnvelopeDisplayUbl?id=116183191' successfully

2021-11-23 09:53:55 - [TEST_STEP][PASSED] - delay(2): Delayed 2 second(s)

2021-11-23 09:53:55 - [MESSAGE][INFO] - Delaying browser in 2 second(s)

2021-11-23 09:53:57 - [MESSAGE][PASSED] - Delayed 2 second(s)

2021-11-23 09:53:57 - [MESSAGE][PASSED] - Call Test Case 'Test Cases/Sekmeler/LinkSecilir' successfully

2021-11-23 09:53:57 - [MESSAGE][INFO] - Checking called Test Case

2021-11-23 09:53:57 - [MESSAGE][INFO] - Starting to call Test Case 'Test Cases/Sekmeler/TagGeldiMi'

2021-11-23 09:53:57 - [TEST_CASE][PASSED] - Test Cases/Sekmeler/TagGeldiMi: Test Cases/Sekmeler/TagGeldiMi

2021-11-23 09:53:57 - [TEST_STEP][PASSED] - waitForElementPresent(findTestObject("Object Repository/Sekmeler/UBLTag"), 10): Object 'Object Repository/Sekmeler/UBLTag' is present

2021-11-23 09:53:57 - [MESSAGE][INFO] - Finding Test Object 'Object Repository/Sekmeler/UBLTag'

2021-11-23 09:53:58 - [MESSAGE][INFO] - Checking object

2021-11-23 09:53:58 - [MESSAGE][INFO] - Finding web element from Test Object's properties

2021-11-23 09:53:58 - [MESSAGE][INFO] - Checking timeout

2021-11-23 09:53:58 - [MESSAGE][INFO] - Finding web element with id: 'Object Repository/Sekmeler/UBLTag' located by 'By.cssSelector: #webkit-xml-viewer-source-xml>:first-child' in '10' second(s)

2021-11-23 09:53:58 - [MESSAGE][INFO] - Smart Wait Function is triggered

2021-11-23 09:53:58 - [MESSAGE][INFO] - Found 1 web elements with id: 'Object Repository/Sekmeler/UBLTag' located by 'By.cssSelector: #webkit-xml-viewer-source-xml>:first-child' in '10' second(s)

2021-11-23 09:53:58 - [MESSAGE][PASSED] - Object 'Object Repository/Sekmeler/UBLTag' is present

2021-11-23 09:53:58 - [TEST_STEP][PASSED] - println(toLowerCase().toString()): Found 1 web elements with id: 'Object Repository/Sekmeler/UBLTag' located by 'By.cssSelector: #webkit-xml-viewer-source-xml>:first-child' in '10' second(s)

2021-11-23 09:53:58 - [MESSAGE][INFO] - Finding Test Object 'Object Repository/Sekmeler/UBLTag'

2021-11-23 09:53:58 - [MESSAGE][INFO] - Finding web element from Test Object's properties

2021-11-23 09:53:58 - [MESSAGE][INFO] - Checking timeout

2021-11-23 09:53:58 - [MESSAGE][INFO] - Finding web element with id: 'Object Repository/Sekmeler/UBLTag' located by 'By.cssSelector: #webkit-xml-viewer-source-xml>:first-child' in '10' second(s)

2021-11-23 09:53:58 - [MESSAGE][INFO] - Smart Wait Function is triggered

2021-11-23 09:53:58 - [MESSAGE][INFO] - Found 1 web elements with id: 'Object Repository/Sekmeler/UBLTag' located by 'By.cssSelector: #webkit-xml-viewer-source-xml>:first-child' in '10' second(s)

2021-11-23 09:53:58 - [TEST_STEP][PASSED] - if (!(toString().contains(toString().toLowerCase()))): Found 1 web elements with id: 'Object Repository/Sekmeler/UBLTag' located by 'By.cssSelector: #webkit-xml-viewer-source-xml>:first-child' in '10' second(s)

2021-11-23 09:53:58 - [MESSAGE][INFO] - Finding Test Object 'Object Repository/Sekmeler/UBLTag'

2021-11-23 09:53:58 - [MESSAGE][INFO] - Finding web element from Test Object's properties

2021-11-23 09:53:58 - [MESSAGE][INFO] - Checking timeout

2021-11-23 09:53:58 - [MESSAGE][INFO] - Finding web element with id: 'Object Repository/Sekmeler/UBLTag' located by 'By.cssSelector: #webkit-xml-viewer-source-xml>:first-child' in '10' second(s)

2021-11-23 09:53:58 - [MESSAGE][INFO] - Smart Wait Function is triggered

2021-11-23 09:53:58 - [MESSAGE][INFO] - Found 1 web elements with id: 'Object Repository/Sekmeler/UBLTag' located by 'By.cssSelector: #webkit-xml-viewer-source-xml>:first-child' in '10' second(s)

2021-11-23 09:53:58 - [MESSAGE][PASSED] - Call Test Case 'Test Cases/Sekmeler/TagGeldiMi' successfully

2021-11-23 09:53:58 - [MESSAGE][INFO] - Checking called Test Case

2021-11-23 09:53:58 - [MESSAGE][INFO] - Starting to call Test Case 'Test Cases/Sekmeler/LinkSecilir'

2021-11-23 09:53:58 - [TEST_CASE][PASSED] - Test Cases/Sekmeler/LinkSecilir: Test Cases/Sekmeler/LinkSecilir

2021-11-23 09:53:58 - [TEST_STEP][PASSED] - navigateToUrl(Link, STOP_ON_FAILURE): Navigate to 'https://efatura-stage.elogo.com.tr/Envelope/OutgoingEnvelopeDisplayUbl?id=116176233' successfully

2021-11-23 09:53:58 - [MESSAGE][INFO] - Checking url

2021-11-23 09:53:58 - [MESSAGE][INFO] - Navigating to 'https://efatura-stage.elogo.com.tr/Envelope/OutgoingEnvelopeDisplayUbl?id=116176233'

2021-11-23 09:54:14 - [MESSAGE][PASSED] - Navigate to 'https://efatura-stage.elogo.com.tr/Envelope/OutgoingEnvelopeDisplayUbl?id=116176233' successfully

2021-11-23 09:54:14 - [TEST_STEP][PASSED] - delay(2): Delayed 2 second(s)

2021-11-23 09:54:14 - [MESSAGE][INFO] - Delaying browser in 2 second(s)

2021-11-23 09:54:16 - [MESSAGE][PASSED] - Delayed 2 second(s)

2021-11-23 09:54:16 - [MESSAGE][PASSED] - Call Test Case 'Test Cases/Sekmeler/LinkSecilir' successfully

2021-11-23 09:54:16 - [MESSAGE][INFO] - Checking called Test Case

2021-11-23 09:54:16 - [MESSAGE][INFO] - Starting to call Test Case 'Test Cases/Sekmeler/MesajGeldiMi'

2021-11-23 09:54:16 - [TEST_CASE][PASSED] - Test Cases/Sekmeler/MesajGeldiMi: Test Cases/Sekmeler/MesajGeldiMi

2021-11-23 09:54:17 - [TEST_STEP][PASSED] - Method.TextDegerineEsitElementVarMi(findTestObject("Object Repository/Sekmeler/HataMesaji"), Mesaj): Method.TextDegerineEsitElementVarMi is PASSED

2021-11-23 09:54:17 - [MESSAGE][INFO] - Finding Test Object 'Object Repository/Sekmeler/HataMesaji'

2021-11-23 09:54:17 - [MESSAGE][INFO] - Checking timeout

2021-11-23 09:54:17 - [MESSAGE][INFO] - Finding web element with id: 'Object Repository/Sekmeler/HataMesaji' located by 'By.xpath: /html/body' in '10' second(s)

2021-11-23 09:54:17 - [MESSAGE][INFO] - Smart Wait Function is triggered

2021-11-23 09:54:17 - [MESSAGE][INFO] - Found 1 web elements with id: 'Object Repository/Sekmeler/HataMesaji' located by 'By.xpath: /html/body' in '10' second(s)

2021-11-23 09:54:17 - [MESSAGE][PASSED] - Method.TextDegerineEsitElementVarMi is PASSED

2021-11-23 09:54:17 - [MESSAGE][PASSED] - Call Test Case 'Test Cases/Sekmeler/MesajGeldiMi' successfully

2021-11-23 09:54:17 - [MESSAGE][INFO] - Checking called Test Case

2021-11-23 09:54:17 - [MESSAGE][INFO] - Starting to call Test Case 'Test Cases/Sekmeler/LinkSecilir'

2021-11-23 09:54:17 - [TEST_CASE][PASSED] - Test Cases/Sekmeler/LinkSecilir: Test Cases/Sekmeler/LinkSecilir

2021-11-23 09:54:17 - [TEST_STEP][PASSED] - navigateToUrl(Link, STOP_ON_FAILURE): Navigate to 'https://efatura-stage.elogo.com.tr/Envelope/OutgoingEnvelopeDisplayUbl?id=116182583' successfully

2021-11-23 09:54:17 - [MESSAGE][INFO] - Checking url

2021-11-23 09:54:17 - [MESSAGE][INFO] - Navigating to 'https://efatura-stage.elogo.com.tr/Envelope/OutgoingEnvelopeDisplayUbl?id=116182583'

2021-11-23 09:54:17 - [MESSAGE][PASSED] - Navigate to 'https://efatura-stage.elogo.com.tr/Envelope/OutgoingEnvelopeDisplayUbl?id=116182583' successfully

2021-11-23 09:54:17 - [TEST_STEP][PASSED] - delay(2): Delayed 2 second(s)

2021-11-23 09:54:17 - [MESSAGE][INFO] - Delaying browser in 2 second(s)

2021-11-23 09:54:19 - [MESSAGE][PASSED] - Delayed 2 second(s)

2021-11-23 09:54:19 - [MESSAGE][PASSED] - Call Test Case 'Test Cases/Sekmeler/LinkSecilir' successfully

2021-11-23 09:54:19 - [MESSAGE][INFO] - Checking called Test Case

2021-11-23 09:54:19 - [MESSAGE][INFO] - Starting to call Test Case 'Test Cases/Sekmeler/TagGeldiMi'

2021-11-23 09:54:20 - [TEST_CASE][PASSED] - Test Cases/Sekmeler/TagGeldiMi: Test Cases/Sekmeler/TagGeldiMi

2021-11-23 09:54:20 - [TEST_STEP][PASSED] - waitForElementPresent(findTestObject("Object Repository/Sekmeler/UBLTag"), 10): Object 'Object Repository/Sekmeler/UBLTag' is present

2021-11-23 09:54:20 - [MESSAGE][INFO] - Finding Test Object 'Object Repository/Sekmeler/UBLTag'

2021-11-23 09:54:20 - [MESSAGE][INFO] - Checking object

2021-11-23 09:54:20 - [MESSAGE][INFO] - Finding web element from Test Object's properties

2021-11-23 09:54:20 - [MESSAGE][INFO] - Checking timeout

2021-11-23 09:54:20 - [MESSAGE][INFO] - Finding web element with id: 'Object Repository/Sekmeler/UBLTag' located by 'By.cssSelector: #webkit-xml-viewer-source-xml>:first-child' in '10' second(s)

2021-11-23 09:54:20 - [MESSAGE][INFO] - Smart Wait Function is triggered

2021-11-23 09:54:20 - [MESSAGE][INFO] - Found 1 web elements with id: 'Object Repository/Sekmeler/UBLTag' located by 'By.cssSelector: #webkit-xml-viewer-source-xml>:first-child' in '10' second(s)

2021-11-23 09:54:20 - [MESSAGE][PASSED] - Object 'Object Repository/Sekmeler/UBLTag' is present

2021-11-23 09:54:20 - [TEST_STEP][PASSED] - println(toLowerCase().toString()): Found 1 web elements with id: 'Object Repository/Sekmeler/UBLTag' located by 'By.cssSelector: #webkit-xml-viewer-source-xml>:first-child' in '10' second(s)

2021-11-23 09:54:20 - [MESSAGE][INFO] - Finding Test Object 'Object Repository/Sekmeler/UBLTag'

2021-11-23 09:54:20 - [MESSAGE][INFO] - Finding web element from Test Object's properties

2021-11-23 09:54:20 - [MESSAGE][INFO] - Checking timeout

2021-11-23 09:54:20 - [MESSAGE][INFO] - Finding web element with id: 'Object Repository/Sekmeler/UBLTag' located by 'By.cssSelector: #webkit-xml-viewer-source-xml>:first-child' in '10' second(s)

2021-11-23 09:54:20 - [MESSAGE][INFO] - Smart Wait Function is triggered

2021-11-23 09:54:20 - [MESSAGE][INFO] - Found 1 web elements with id: 'Object Repository/Sekmeler/UBLTag' located by 'By.cssSelector: #webkit-xml-viewer-source-xml>:first-child' in '10' second(s)

2021-11-23 09:54:20 - [TEST_STEP][PASSED] - if (!(toString().contains(toString().toLowerCase()))): Found 1 web elements with id: 'Object Repository/Sekmeler/UBLTag' located by 'By.cssSelector: #webkit-xml-viewer-source-xml>:first-child' in '10' second(s)

2021-11-23 09:54:20 - [MESSAGE][INFO] - Finding Test Object 'Object Repository/Sekmeler/UBLTag'

2021-11-23 09:54:20 - [MESSAGE][INFO] - Finding web element from Test Object's properties

2021-11-23 09:54:20 - [MESSAGE][INFO] - Checking timeout

2021-11-23 09:54:20 - [MESSAGE][INFO] - Finding web element with id: 'Object Repository/Sekmeler/UBLTag' located by 'By.cssSelector: #webkit-xml-viewer-source-xml>:first-child' in '10' second(s)

2021-11-23 09:54:20 - [MESSAGE][INFO] - Smart Wait Function is triggered

2021-11-23 09:54:20 - [MESSAGE][INFO] - Found 1 web elements with id: 'Object Repository/Sekmeler/UBLTag' located by 'By.cssSelector: #webkit-xml-viewer-source-xml>:first-child' in '10' second(s)

2021-11-23 09:54:20 - [MESSAGE][PASSED] - Call Test Case 'Test Cases/Sekmeler/TagGeldiMi' successfully

2021-11-23 09:54:20 - [MESSAGE][INFO] - Checking called Test Case

2021-11-23 09:54:20 - [MESSAGE][INFO] - Starting to call Test Case 'Test Cases/Sekmeler/LinkSecilir'

2021-11-23 09:54:20 - [TEST_CASE][PASSED] - Test Cases/Sekmeler/LinkSecilir: Test Cases/Sekmeler/LinkSecilir

2021-11-23 09:54:20 - [TEST_STEP][PASSED] - navigateToUrl(Link, STOP_ON_FAILURE): Navigate to 'https://efatura-stage.elogo.com.tr/Envelope/OutgoingEnvelopeDisplayUbl?id=116142419' successfully

2021-11-23 09:54:20 - [MESSAGE][INFO] - Checking url

2021-11-23 09:54:20 - [MESSAGE][INFO] - Navigating to 'https://efatura-stage.elogo.com.tr/Envelope/OutgoingEnvelopeDisplayUbl?id=116142419'

2021-11-23 09:54:24 - [MESSAGE][PASSED] - Navigate to 'https://efatura-stage.elogo.com.tr/Envelope/OutgoingEnvelopeDisplayUbl?id=116142419' successfully

2021-11-23 09:54:24 - [TEST_STEP][PASSED] - delay(2): Delayed 2 second(s)

2021-11-23 09:54:24 - [MESSAGE][INFO] - Delaying browser in 2 second(s)

2021-11-23 09:54:26 - [MESSAGE][PASSED] - Delayed 2 second(s)

2021-11-23 09:54:26 - [MESSAGE][PASSED] - Call Test Case 'Test Cases/Sekmeler/LinkSecilir' successfully

2021-11-23 09:54:26 - [MESSAGE][INFO] - Checking called Test Case

2021-11-23 09:54:26 - [MESSAGE][INFO] - Starting to call Test Case 'Test Cases/Sekmeler/MesajGeldiMi'

2021-11-23 09:54:26 - [TEST_CASE][PASSED] - Test Cases/Sekmeler/MesajGeldiMi: Test Cases/Sekmeler/MesajGeldiMi

2021-11-23 09:54:26 - [TEST_STEP][PASSED] - Method.TextDegerineEsitElementVarMi(findTestObject("Object Repository/Sekmeler/HataMesaji"), Mesaj): Method.TextDegerineEsitElementVarMi is PASSED

2021-11-23 09:54:26 - [MESSAGE][INFO] - Finding Test Object 'Object Repository/Sekmeler/HataMesaji'

2021-11-23 09:54:26 - [MESSAGE][INFO] - Checking timeout

2021-11-23 09:54:26 - [MESSAGE][INFO] - Finding web element with id: 'Object Repository/Sekmeler/HataMesaji' located by 'By.xpath: /html/body' in '10' second(s)

2021-11-23 09:54:26 - [MESSAGE][INFO] - Smart Wait Function is triggered

2021-11-23 09:54:26 - [MESSAGE][INFO] - Found 1 web elements with id: 'Object Repository/Sekmeler/HataMesaji' located by 'By.xpath: /html/body' in '10' second(s)

2021-11-23 09:54:26 - [MESSAGE][PASSED] - Method.TextDegerineEsitElementVarMi is PASSED

2021-11-23 09:54:26 - [MESSAGE][PASSED] - Call Test Case 'Test Cases/Sekmeler/MesajGeldiMi' successfully

2021-11-23 09:54:26 - [MESSAGE][INFO] - Checking called Test Case

2021-11-23 09:54:26 - [MESSAGE][INFO] - Starting to call Test Case 'Test Cases/Sekmeler/LinkSecilir'

2021-11-23 09:54:26 - [TEST_CASE][PASSED] - Test Cases/Sekmeler/LinkSecilir: Test Cases/Sekmeler/LinkSecilir

2021-11-23 09:54:26 - [TEST_STEP][PASSED] - navigateToUrl(Link, STOP_ON_FAILURE): Navigate to 'https://efatura-stage.elogo.com.tr/Envelope/OutgoingEnvelopeDisplayUbl?id=116183131' successfully

2021-11-23 09:54:26 - [MESSAGE][INFO] - Checking url

2021-11-23 09:54:26 - [MESSAGE][INFO] - Navigating to 'https://efatura-stage.elogo.com.tr/Envelope/OutgoingEnvelopeDisplayUbl?id=116183131'

2021-11-23 09:54:28 - [MESSAGE][PASSED] - Navigate to 'https://efatura-stage.elogo.com.tr/Envelope/OutgoingEnvelopeDisplayUbl?id=116183131' successfully

2021-11-23 09:54:28 - [TEST_STEP][PASSED] - delay(2): Delayed 2 second(s)

2021-11-23 09:54:28 - [MESSAGE][INFO] - Delaying browser in 2 second(s)

2021-11-23 09:54:30 - [MESSAGE][PASSED] - Delayed 2 second(s)

2021-11-23 09:54:30 - [MESSAGE][PASSED] - Call Test Case 'Test Cases/Sekmeler/LinkSecilir' successfully

2021-11-23 09:54:30 - [MESSAGE][INFO] - Checking called Test Case

2021-11-23 09:54:30 - [MESSAGE][INFO] - Starting to call Test Case 'Test Cases/Sekmeler/TagGeldiMi'

2021-11-23 09:54:31 - [TEST_CASE][PASSED] - Test Cases/Sekmeler/TagGeldiMi: Test Cases/Sekmeler/TagGeldiMi

2021-11-23 09:54:31 - [TEST_STEP][PASSED] - waitForElementPresent(findTestObject("Object Repository/Sekmeler/UBLTag"), 10): Object 'Object Repository/Sekmeler/UBLTag' is present

2021-11-23 09:54:31 - [MESSAGE][INFO] - Finding Test Object 'Object Repository/Sekmeler/UBLTag'

2021-11-23 09:54:31 - [MESSAGE][INFO] - Checking object

2021-11-23 09:54:31 - [MESSAGE][INFO] - Finding web element from Test Object's properties

2021-11-23 09:54:31 - [MESSAGE][INFO] - Checking timeout

2021-11-23 09:54:31 - [MESSAGE][INFO] - Finding web element with id: 'Object Repository/Sekmeler/UBLTag' located by 'By.cssSelector: #webkit-xml-viewer-source-xml>:first-child' in '10' second(s)

2021-11-23 09:54:31 - [MESSAGE][INFO] - Smart Wait Function is triggered

2021-11-23 09:54:31 - [MESSAGE][INFO] - Found 1 web elements with id: 'Object Repository/Sekmeler/UBLTag' located by 'By.cssSelector: #webkit-xml-viewer-source-xml>:first-child' in '10' second(s)

2021-11-23 09:54:31 - [MESSAGE][PASSED] - Object 'Object Repository/Sekmeler/UBLTag' is present

2021-11-23 09:54:31 - [TEST_STEP][PASSED] - println(toLowerCase().toString()): Found 1 web elements with id: 'Object Repository/Sekmeler/UBLTag' located by 'By.cssSelector: #webkit-xml-viewer-source-xml>:first-child' in '10' second(s)

2021-11-23 09:54:31 - [MESSAGE][INFO] - Finding Test Object 'Object Repository/Sekmeler/UBLTag'

2021-11-23 09:54:31 - [MESSAGE][INFO] - Finding web element from Test Object's properties

2021-11-23 09:54:31 - [MESSAGE][INFO] - Checking timeout

2021-11-23 09:54:31 - [MESSAGE][INFO] - Finding web element with id: 'Object Repository/Sekmeler/UBLTag' located by 'By.cssSelector: #webkit-xml-viewer-source-xml>:first-child' in '10' second(s)

2021-11-23 09:54:31 - [MESSAGE][INFO] - Smart Wait Function is triggered

2021-11-23 09:54:31 - [MESSAGE][INFO] - Found 1 web elements with id: 'Object Repository/Sekmeler/UBLTag' located by 'By.cssSelector: #webkit-xml-viewer-source-xml>:first-child' in '10' second(s)

2021-11-23 09:54:31 - [TEST_STEP][PASSED] - if (!(toString().contains(toString().toLowerCase()))): Found 1 web elements with id: 'Object Repository/Sekmeler/UBLTag' located by 'By.cssSelector: #webkit-xml-viewer-source-xml>:first-child' in '10' second(s)

2021-11-23 09:54:31 - [MESSAGE][INFO] - Finding Test Object 'Object Repository/Sekmeler/UBLTag'

2021-11-23 09:54:31 - [MESSAGE][INFO] - Finding web element from Test Object's properties

2021-11-23 09:54:31 - [MESSAGE][INFO] - Checking timeout

2021-11-23 09:54:31 - [MESSAGE][INFO] - Finding web element with id: 'Object Repository/Sekmeler/UBLTag' located by 'By.cssSelector: #webkit-xml-viewer-source-xml>:first-child' in '10' second(s)

2021-11-23 09:54:31 - [MESSAGE][INFO] - Smart Wait Function is triggered

2021-11-23 09:54:31 - [MESSAGE][INFO] - Found 1 web elements with id: 'Object Repository/Sekmeler/UBLTag' located by 'By.cssSelector: #webkit-xml-viewer-source-xml>:first-child' in '10' second(s)

2021-11-23 09:54:31 - [MESSAGE][PASSED] - Call Test Case 'Test Cases/Sekmeler/TagGeldiMi' successfully

2021-11-23 09:54:31 - [MESSAGE][INFO] - Checking called Test Case

2021-11-23 09:54:31 - [MESSAGE][INFO] - Starting to call Test Case 'Test Cases/Sekmeler/LinkSecilir'

2021-11-23 09:54:31 - [TEST_CASE][PASSED] - Test Cases/Sekmeler/LinkSecilir: Test Cases/Sekmeler/LinkSecilir

2021-11-23 09:54:31 - [TEST_STEP][PASSED] - navigateToUrl(Link, STOP_ON_FAILURE): Navigate to 'https://efatura-stage.elogo.com.tr/Envelope/OutgoingEnvelopeDisplayUbl?id=116175588' successfully

2021-11-23 09:54:31 - [MESSAGE][INFO] - Checking url

2021-11-23 09:54:31 - [MESSAGE][INFO] - Navigating to 'https://efatura-stage.elogo.com.tr/Envelope/OutgoingEnvelopeDisplayUbl?id=116175588'

2021-11-23 09:54:42 - [MESSAGE][PASSED] - Navigate to 'https://efatura-stage.elogo.com.tr/Envelope/OutgoingEnvelopeDisplayUbl?id=116175588' successfully

2021-11-23 09:54:42 - [TEST_STEP][PASSED] - delay(2): Delayed 2 second(s)

2021-11-23 09:54:42 - [MESSAGE][INFO] - Delaying browser in 2 second(s)

2021-11-23 09:54:44 - [MESSAGE][PASSED] - Delayed 2 second(s)

2021-11-23 09:54:44 - [MESSAGE][PASSED] - Call Test Case 'Test Cases/Sekmeler/LinkSecilir' successfully

2021-11-23 09:54:44 - [MESSAGE][INFO] - Checking called Test Case

2021-11-23 09:54:44 - [MESSAGE][INFO] - Starting to call Test Case 'Test Cases/Sekmeler/MesajGeldiMi'

2021-11-23 09:54:44 - [TEST_CASE][PASSED] - Test Cases/Sekmeler/MesajGeldiMi: Test Cases/Sekmeler/MesajGeldiMi

2021-11-23 09:54:44 - [TEST_STEP][PASSED] - Method.TextDegerineEsitElementVarMi(findTestObject("Object Repository/Sekmeler/HataMesaji"), Mesaj): Method.TextDegerineEsitElementVarMi is PASSED

2021-11-23 09:54:44 - [MESSAGE][INFO] - Finding Test Object 'Object Repository/Sekmeler/HataMesaji'

2021-11-23 09:54:44 - [MESSAGE][INFO] - Checking timeout

2021-11-23 09:54:44 - [MESSAGE][INFO] - Finding web element with id: 'Object Repository/Sekmeler/HataMesaji' located by 'By.xpath: /html/body' in '10' second(s)

2021-11-23 09:54:44 - [MESSAGE][INFO] - Smart Wait Function is triggered

2021-11-23 09:54:45 - [MESSAGE][INFO] - Found 1 web elements with id: 'Object Repository/Sekmeler/HataMesaji' located by 'By.xpath: /html/body' in '10' second(s)

2021-11-23 09:54:45 - [MESSAGE][PASSED] - Method.TextDegerineEsitElementVarMi is PASSED

2021-11-23 09:54:45 - [MESSAGE][PASSED] - Call Test Case 'Test Cases/Sekmeler/MesajGeldiMi' successfully

2021-11-23 09:54:45 - [MESSAGE][INFO] - Checking called Test Case

2021-11-23 09:54:45 - [MESSAGE][INFO] - Starting to call Test Case 'Test Cases/Sekmeler/LinkSecilir'

2021-11-23 09:54:45 - [TEST_CASE][PASSED] - Test Cases/Sekmeler/LinkSecilir: Test Cases/Sekmeler/LinkSecilir

2021-11-23 09:54:45 - [TEST_STEP][PASSED] - navigateToUrl(Link, STOP_ON_FAILURE): Navigate to 'https://efatura-stage.elogo.com.tr/Envelope/OutgoingEnvelopeDisplayUbl?id=116182204' successfully

2021-11-23 09:54:45 - [MESSAGE][INFO] - Checking url

2021-11-23 09:54:45 - [MESSAGE][INFO] - Navigating to 'https://efatura-stage.elogo.com.tr/Envelope/OutgoingEnvelopeDisplayUbl?id=116182204'

2021-11-23 09:54:45 - [MESSAGE][PASSED] - Navigate to 'https://efatura-stage.elogo.com.tr/Envelope/OutgoingEnvelopeDisplayUbl?id=116182204' successfully

2021-11-23 09:54:45 - [TEST_STEP][PASSED] - delay(2): Delayed 2 second(s)

2021-11-23 09:54:45 - [MESSAGE][INFO] - Delaying browser in 2 second(s)

2021-11-23 09:54:47 - [MESSAGE][PASSED] - Delayed 2 second(s)

2021-11-23 09:54:47 - [MESSAGE][PASSED] - Call Test Case 'Test Cases/Sekmeler/LinkSecilir' successfully

2021-11-23 09:54:47 - [MESSAGE][INFO] - Checking called Test Case

2021-11-23 09:54:47 - [MESSAGE][INFO] - Starting to call Test Case 'Test Cases/Sekmeler/TagGeldiMi'

2021-11-23 09:54:47 - [TEST_CASE][PASSED] - Test Cases/Sekmeler/TagGeldiMi: Test Cases/Sekmeler/TagGeldiMi

2021-11-23 09:54:47 - [TEST_STEP][PASSED] - waitForElementPresent(findTestObject("Object Repository/Sekmeler/UBLTag"), 10): Object 'Object Repository/Sekmeler/UBLTag' is present

2021-11-23 09:54:47 - [MESSAGE][INFO] - Finding Test Object 'Object Repository/Sekmeler/UBLTag'

2021-11-23 09:54:47 - [MESSAGE][INFO] - Checking object

2021-11-23 09:54:47 - [MESSAGE][INFO] - Finding web element from Test Object's properties

2021-11-23 09:54:47 - [MESSAGE][INFO] - Checking timeout

2021-11-23 09:54:47 - [MESSAGE][INFO] - Finding web element with id: 'Object Repository/Sekmeler/UBLTag' located by 'By.cssSelector: #webkit-xml-viewer-source-xml>:first-child' in '10' second(s)

2021-11-23 09:54:47 - [MESSAGE][INFO] - Smart Wait Function is triggered

2021-11-23 09:54:47 - [MESSAGE][INFO] - Found 1 web elements with id: 'Object Repository/Sekmeler/UBLTag' located by 'By.cssSelector: #webkit-xml-viewer-source-xml>:first-child' in '10' second(s)

2021-11-23 09:54:47 - [MESSAGE][PASSED] - Object 'Object Repository/Sekmeler/UBLTag' is present

2021-11-23 09:54:47 - [TEST_STEP][PASSED] - println(toLowerCase().toString()): Found 1 web elements with id: 'Object Repository/Sekmeler/UBLTag' located by 'By.cssSelector: #webkit-xml-viewer-source-xml>:first-child' in '10' second(s)

2021-11-23 09:54:47 - [MESSAGE][INFO] - Finding Test Object 'Object Repository/Sekmeler/UBLTag'

2021-11-23 09:54:48 - [MESSAGE][INFO] - Finding web element from Test Object's properties

2021-11-23 09:54:48 - [MESSAGE][INFO] - Checking timeout

2021-11-23 09:54:48 - [MESSAGE][INFO] - Finding web element with id: 'Object Repository/Sekmeler/UBLTag' located by 'By.cssSelector: #webkit-xml-viewer-source-xml>:first-child' in '10' second(s)

2021-11-23 09:54:48 - [MESSAGE][INFO] - Smart Wait Function is triggered

2021-11-23 09:54:48 - [MESSAGE][INFO] - Found 1 web elements with id: 'Object Repository/Sekmeler/UBLTag' located by 'By.cssSelector: #webkit-xml-viewer-source-xml>:first-child' in '10' second(s)

2021-11-23 09:54:48 - [TEST_STEP][PASSED] - if (!(toString().contains(toString().toLowerCase()))): Found 1 web elements with id: 'Object Repository/Sekmeler/UBLTag' located by 'By.cssSelector: #webkit-xml-viewer-source-xml>:first-child' in '10' second(s)

2021-11-23 09:54:48 - [MESSAGE][INFO] - Finding Test Object 'Object Repository/Sekmeler/UBLTag'

2021-11-23 09:54:48 - [MESSAGE][INFO] - Finding web element from Test Object's properties

2021-11-23 09:54:48 - [MESSAGE][INFO] - Checking timeout

2021-11-23 09:54:48 - [MESSAGE][INFO] - Finding web element with id: 'Object Repository/Sekmeler/UBLTag' located by 'By.cssSelector: #webkit-xml-viewer-source-xml>:first-child' in '10' second(s)

2021-11-23 09:54:48 - [MESSAGE][INFO] - Smart Wait Function is triggered

2021-11-23 09:54:48 - [MESSAGE][INFO] - Found 1 web elements with id: 'Object Repository/Sekmeler/UBLTag' located by 'By.cssSelector: #webkit-xml-viewer-source-xml>:first-child' in '10' second(s)

2021-11-23 09:54:48 - [MESSAGE][PASSED] - Call Test Case 'Test Cases/Sekmeler/TagGeldiMi' successfully

2021-11-23 09:54:48 - [MESSAGE][INFO] - Checking called Test Case

2021-11-23 09:54:48 - [MESSAGE][INFO] - Starting to call Test Case 'Test Cases/Sekmeler/LinkSecilir'

2021-11-23 09:54:48 - [TEST_CASE][PASSED] - Test Cases/Sekmeler/LinkSecilir: Test Cases/Sekmeler/LinkSecilir

2021-11-23 09:54:48 - [TEST_STEP][PASSED] - navigateToUrl(Link, STOP_ON_FAILURE): Navigate to 'https://efatura-stage.elogo.com.tr/Envelope/OutgoingEnvelopeDisplayUbl?id=116112585' successfully

2021-11-23 09:54:48 - [MESSAGE][INFO] - Checking url

2021-11-23 09:54:48 - [MESSAGE][INFO] - Navigating to 'https://efatura-stage.elogo.com.tr/Envelope/OutgoingEnvelopeDisplayUbl?id=116112585'

2021-11-23 09:54:56 - [MESSAGE][PASSED] - Navigate to 'https://efatura-stage.elogo.com.tr/Envelope/OutgoingEnvelopeDisplayUbl?id=116112585' successfully

2021-11-23 09:54:56 - [TEST_STEP][PASSED] - delay(2): Delayed 2 second(s)

2021-11-23 09:54:56 - [MESSAGE][INFO] - Delaying browser in 2 second(s)

2021-11-23 09:54:59 - [MESSAGE][PASSED] - Delayed 2 second(s)

2021-11-23 09:54:59 - [MESSAGE][PASSED] - Call Test Case 'Test Cases/Sekmeler/LinkSecilir' successfully

2021-11-23 09:54:59 - [MESSAGE][INFO] - Checking called Test Case

2021-11-23 09:54:59 - [MESSAGE][INFO] - Starting to call Test Case 'Test Cases/Sekmeler/MesajGeldiMi'

2021-11-23 09:54:59 - [TEST_CASE][PASSED] - Test Cases/Sekmeler/MesajGeldiMi: Test Cases/Sekmeler/MesajGeldiMi

2021-11-23 09:54:59 - [TEST_STEP][PASSED] - Method.TextDegerineEsitElementVarMi(findTestObject("Object Repository/Sekmeler/HataMesaji"), Mesaj): Method.TextDegerineEsitElementVarMi is PASSED

2021-11-23 09:54:59 - [MESSAGE][INFO] - Finding Test Object 'Object Repository/Sekmeler/HataMesaji'

2021-11-23 09:54:59 - [MESSAGE][INFO] - Checking timeout

2021-11-23 09:54:59 - [MESSAGE][INFO] - Finding web element with id: 'Object Repository/Sekmeler/HataMesaji' located by 'By.xpath: /html/body' in '10' second(s)

2021-11-23 09:54:59 - [MESSAGE][INFO] - Smart Wait Function is triggered

2021-11-23 09:54:59 - [MESSAGE][INFO] - Found 1 web elements with id: 'Object Repository/Sekmeler/HataMesaji' located by 'By.xpath: /html/body' in '10' second(s)

2021-11-23 09:54:59 - [MESSAGE][PASSED] - Method.TextDegerineEsitElementVarMi is PASSED

2021-11-23 09:54:59 - [MESSAGE][PASSED] - Call Test Case 'Test Cases/Sekmeler/MesajGeldiMi' successfully

2021-11-23 09:54:59 - [MESSAGE][INFO] - Checking called Test Case

2021-11-23 09:54:59 - [MESSAGE][INFO] - Starting to call Test Case 'Test Cases/Sekmeler/LinkSecilir'

2021-11-23 09:54:59 - [TEST_CASE][PASSED] - Test Cases/Sekmeler/LinkSecilir: Test Cases/Sekmeler/LinkSecilir

2021-11-23 09:54:59 - [TEST_STEP][PASSED] - navigateToUrl(Link, STOP_ON_FAILURE): Navigate to 'https://efatura-stage.elogo.com.tr/Envelope/OutgoingEnvelopeDisplayUbl?id=116114821' successfully

2021-11-23 09:54:59 - [MESSAGE][INFO] - Checking url

2021-11-23 09:54:59 - [MESSAGE][INFO] - Navigating to 'https://efatura-stage.elogo.com.tr/Envelope/OutgoingEnvelopeDisplayUbl?id=116114821'

2021-11-23 09:54:59 - [MESSAGE][PASSED] - Navigate to 'https://efatura-stage.elogo.com.tr/Envelope/OutgoingEnvelopeDisplayUbl?id=116114821' successfully

2021-11-23 09:54:59 - [TEST_STEP][PASSED] - delay(2): Delayed 2 second(s)

2021-11-23 09:54:59 - [MESSAGE][INFO] - Delaying browser in 2 second(s)

2021-11-23 09:55:01 - [MESSAGE][PASSED] - Delayed 2 second(s)

2021-11-23 09:55:01 - [MESSAGE][PASSED] - Call Test Case 'Test Cases/Sekmeler/LinkSecilir' successfully

2021-11-23 09:55:01 - [MESSAGE][INFO] - Checking called Test Case

2021-11-23 09:55:01 - [MESSAGE][INFO] - Starting to call Test Case 'Test Cases/Sekmeler/TagGeldiMi'

2021-11-23 09:55:01 - [TEST_CASE][PASSED] - Test Cases/Sekmeler/TagGeldiMi: Test Cases/Sekmeler/TagGeldiMi

2021-11-23 09:55:01 - [TEST_STEP][PASSED] - waitForElementPresent(findTestObject("Object Repository/Sekmeler/UBLTag"), 10): Object 'Object Repository/Sekmeler/UBLTag' is present

2021-11-23 09:55:01 - [MESSAGE][INFO] - Finding Test Object 'Object Repository/Sekmeler/UBLTag'

2021-11-23 09:55:02 - [MESSAGE][INFO] - Checking object

2021-11-23 09:55:02 - [MESSAGE][INFO] - Finding web element from Test Object's properties

2021-11-23 09:55:02 - [MESSAGE][INFO] - Checking timeout

2021-11-23 09:55:02 - [MESSAGE][INFO] - Finding web element with id: 'Object Repository/Sekmeler/UBLTag' located by 'By.cssSelector: #webkit-xml-viewer-source-xml>:first-child' in '10' second(s)

2021-11-23 09:55:02 - [MESSAGE][INFO] - Smart Wait Function is triggered

2021-11-23 09:55:02 - [MESSAGE][INFO] - Found 1 web elements with id: 'Object Repository/Sekmeler/UBLTag' located by 'By.cssSelector: #webkit-xml-viewer-source-xml>:first-child' in '10' second(s)

2021-11-23 09:55:02 - [MESSAGE][PASSED] - Object 'Object Repository/Sekmeler/UBLTag' is present

2021-11-23 09:55:02 - [TEST_STEP][PASSED] - println(toLowerCase().toString()): Found 1 web elements with id: 'Object Repository/Sekmeler/UBLTag' located by 'By.cssSelector: #webkit-xml-viewer-source-xml>:first-child' in '10' second(s)

2021-11-23 09:55:02 - [MESSAGE][INFO] - Finding Test Object 'Object Repository/Sekmeler/UBLTag'

2021-11-23 09:55:02 - [MESSAGE][INFO] - Finding web element from Test Object's properties

2021-11-23 09:55:02 - [MESSAGE][INFO] - Checking timeout

2021-11-23 09:55:02 - [MESSAGE][INFO] - Finding web element with id: 'Object Repository/Sekmeler/UBLTag' located by 'By.cssSelector: #webkit-xml-viewer-source-xml>:first-child' in '10' second(s)

2021-11-23 09:55:02 - [MESSAGE][INFO] - Smart Wait Function is triggered

2021-11-23 09:55:02 - [MESSAGE][INFO] - Found 1 web elements with id: 'Object Repository/Sekmeler/UBLTag' located by 'By.cssSelector: #webkit-xml-viewer-source-xml>:first-child' in '10' second(s)

2021-11-23 09:55:02 - [TEST_STEP][PASSED] - if (!(toString().contains(toString().toLowerCase()))): Found 1 web elements with id: 'Object Repository/Sekmeler/UBLTag' located by 'By.cssSelector: #webkit-xml-viewer-source-xml>:first-child' in '10' second(s)

2021-11-23 09:55:02 - [MESSAGE][INFO] - Finding Test Object 'Object Repository/Sekmeler/UBLTag'

2021-11-23 09:55:02 - [MESSAGE][INFO] - Finding web element from Test Object's properties

2021-11-23 09:55:02 - [MESSAGE][INFO] - Checking timeout

2021-11-23 09:55:02 - [MESSAGE][INFO] - Finding web element with id: 'Object Repository/Sekmeler/UBLTag' located by 'By.cssSelector: #webkit-xml-viewer-source-xml>:first-child' in '10' second(s)

2021-11-23 09:55:02 - [MESSAGE][INFO] - Smart Wait Function is triggered

2021-11-23 09:55:02 - [MESSAGE][INFO] - Found 1 web elements with id: 'Object Repository/Sekmeler/UBLTag' located by 'By.cssSelector: #webkit-xml-viewer-source-xml>:first-child' in '10' second(s)

2021-11-23 09:55:02 - [MESSAGE][PASSED] - Call Test Case 'Test Cases/Sekmeler/TagGeldiMi' successfully

2021-11-23 09:55:02 - [MESSAGE][INFO] - Checking called Test Case

2021-11-23 09:55:02 - [MESSAGE][INFO] - Starting to call Test Case 'Test Cases/Sekmeler/LinkSecilir'

2021-11-23 09:55:02 - [TEST_CASE][PASSED] - Test Cases/Sekmeler/LinkSecilir: Test Cases/Sekmeler/LinkSecilir

2021-11-23 09:55:02 - [TEST_STEP][PASSED] - navigateToUrl(Link, STOP_ON_FAILURE): Navigate to 'https://efatura-stage.elogo.com.tr/Envelope/OutgoingEnvelopeDisplayUbl?id=115951196' successfully

2021-11-23 09:55:02 - [MESSAGE][INFO] - Checking url

2021-11-23 09:55:02 - [MESSAGE][INFO] - Navigating to 'https://efatura-stage.elogo.com.tr/Envelope/OutgoingEnvelopeDisplayUbl?id=115951196'

2021-11-23 09:55:13 - [MESSAGE][PASSED] - Navigate to 'https://efatura-stage.elogo.com.tr/Envelope/OutgoingEnvelopeDisplayUbl?id=115951196' successfully

2021-11-23 09:55:13 - [TEST_STEP][PASSED] - delay(2): Delayed 2 second(s)

2021-11-23 09:55:13 - [MESSAGE][INFO] - Delaying browser in 2 second(s)

2021-11-23 09:55:15 - [MESSAGE][PASSED] - Delayed 2 second(s)

2021-11-23 09:55:15 - [MESSAGE][PASSED] - Call Test Case 'Test Cases/Sekmeler/LinkSecilir' successfully

2021-11-23 09:55:15 - [MESSAGE][INFO] - Checking called Test Case

2021-11-23 09:55:15 - [MESSAGE][INFO] - Starting to call Test Case 'Test Cases/Sekmeler/MesajGeldiMi'

2021-11-23 09:55:15 - [TEST_CASE][PASSED] - Test Cases/Sekmeler/MesajGeldiMi: Test Cases/Sekmeler/MesajGeldiMi

2021-11-23 09:55:15 - [TEST_STEP][PASSED] - Method.TextDegerineEsitElementVarMi(findTestObject("Object Repository/Sekmeler/HataMesaji"), Mesaj): Method.TextDegerineEsitElementVarMi is PASSED

2021-11-23 09:55:15 - [MESSAGE][INFO] - Finding Test Object 'Object Repository/Sekmeler/HataMesaji'

2021-11-23 09:55:15 - [MESSAGE][INFO] - Checking timeout

2021-11-23 09:55:15 - [MESSAGE][INFO] - Finding web element with id: 'Object Repository/Sekmeler/HataMesaji' located by 'By.xpath: /html/body' in '10' second(s)

2021-11-23 09:55:15 - [MESSAGE][INFO] - Smart Wait Function is triggered

2021-11-23 09:55:16 - [MESSAGE][INFO] - Found 1 web elements with id: 'Object Repository/Sekmeler/HataMesaji' located by 'By.xpath: /html/body' in '10' second(s)

2021-11-23 09:55:16 - [MESSAGE][PASSED] - Method.TextDegerineEsitElementVarMi is PASSED

2021-11-23 09:55:16 - [MESSAGE][PASSED] - Call Test Case 'Test Cases/Sekmeler/MesajGeldiMi' successfully

2021-11-23 09:55:16 - [MESSAGE][INFO] - Checking called Test Case

2021-11-23 09:55:16 - [MESSAGE][INFO] - Starting to call Test Case 'Test Cases/Sekmeler/LinkSecilir'

2021-11-23 09:55:16 - [TEST_CASE][PASSED] - Test Cases/Sekmeler/LinkSecilir: Test Cases/Sekmeler/LinkSecilir

2021-11-23 09:55:16 - [TEST_STEP][PASSED] - navigateToUrl(Link, STOP_ON_FAILURE): Navigate to 'https://efatura-stage.elogo.com.tr/Envelope/IncomingEnvelopeDisplayUbl?id=116183207' successfully

2021-11-23 09:55:16 - [MESSAGE][INFO] - Checking url

2021-11-23 09:55:16 - [MESSAGE][INFO] - Navigating to 'https://efatura-stage.elogo.com.tr/Envelope/IncomingEnvelopeDisplayUbl?id=116183207'

2021-11-23 09:55:16 - [MESSAGE][PASSED] - Navigate to 'https://efatura-stage.elogo.com.tr/Envelope/IncomingEnvelopeDisplayUbl?id=116183207' successfully

2021-11-23 09:55:16 - [TEST_STEP][PASSED] - delay(2): Delayed 2 second(s)

2021-11-23 09:55:16 - [MESSAGE][INFO] - Delaying browser in 2 second(s)

2021-11-23 09:55:18 - [MESSAGE][PASSED] - Delayed 2 second(s)

2021-11-23 09:55:18 - [MESSAGE][PASSED] - Call Test Case 'Test Cases/Sekmeler/LinkSecilir' successfully

2021-11-23 09:55:18 - [MESSAGE][INFO] - Checking called Test Case

2021-11-23 09:55:18 - [MESSAGE][INFO] - Starting to call Test Case 'Test Cases/Sekmeler/TagGeldiMi'

2021-11-23 09:55:18 - [TEST_CASE][PASSED] - Test Cases/Sekmeler/TagGeldiMi: Test Cases/Sekmeler/TagGeldiMi

2021-11-23 09:55:18 - [TEST_STEP][PASSED] - waitForElementPresent(findTestObject("Object Repository/Sekmeler/UBLTag"), 10): Object 'Object Repository/Sekmeler/UBLTag' is present

2021-11-23 09:55:18 - [MESSAGE][INFO] - Finding Test Object 'Object Repository/Sekmeler/UBLTag'

2021-11-23 09:55:19 - [MESSAGE][INFO] - Checking object

2021-11-23 09:55:19 - [MESSAGE][INFO] - Finding web element from Test Object's properties

2021-11-23 09:55:19 - [MESSAGE][INFO] - Checking timeout

2021-11-23 09:55:19 - [MESSAGE][INFO] - Finding web element with id: 'Object Repository/Sekmeler/UBLTag' located by 'By.cssSelector: #webkit-xml-viewer-source-xml>:first-child' in '10' second(s)

2021-11-23 09:55:19 - [MESSAGE][INFO] - Smart Wait Function is triggered

2021-11-23 09:55:19 - [MESSAGE][INFO] - Found 1 web elements with id: 'Object Repository/Sekmeler/UBLTag' located by 'By.cssSelector: #webkit-xml-viewer-source-xml>:first-child' in '10' second(s)

2021-11-23 09:55:19 - [MESSAGE][PASSED] - Object 'Object Repository/Sekmeler/UBLTag' is present

2021-11-23 09:55:19 - [TEST_STEP][PASSED] - println(toLowerCase().toString()): Found 1 web elements with id: 'Object Repository/Sekmeler/UBLTag' located by 'By.cssSelector: #webkit-xml-viewer-source-xml>:first-child' in '10' second(s)

2021-11-23 09:55:19 - [MESSAGE][INFO] - Finding Test Object 'Object Repository/Sekmeler/UBLTag'

2021-11-23 09:55:19 - [MESSAGE][INFO] - Finding web element from Test Object's properties

2021-11-23 09:55:19 - [MESSAGE][INFO] - Checking timeout

2021-11-23 09:55:19 - [MESSAGE][INFO] - Finding web element with id: 'Object Repository/Sekmeler/UBLTag' located by 'By.cssSelector: #webkit-xml-viewer-source-xml>:first-child' in '10' second(s)

2021-11-23 09:55:19 - [MESSAGE][INFO] - Smart Wait Function is triggered

2021-11-23 09:55:19 - [MESSAGE][INFO] - Found 1 web elements with id: 'Object Repository/Sekmeler/UBLTag' located by 'By.cssSelector: #webkit-xml-viewer-source-xml>:first-child' in '10' second(s)

2021-11-23 09:55:19 - [TEST_STEP][PASSED] - if (!(toString().contains(toString().toLowerCase()))): Found 1 web elements with id: 'Object Repository/Sekmeler/UBLTag' located by 'By.cssSelector: #webkit-xml-viewer-source-xml>:first-child' in '10' second(s)

2021-11-23 09:55:19 - [MESSAGE][INFO] - Finding Test Object 'Object Repository/Sekmeler/UBLTag'

2021-11-23 09:55:19 - [MESSAGE][INFO] - Finding web element from Test Object's properties

2021-11-23 09:55:19 - [MESSAGE][INFO] - Checking timeout

2021-11-23 09:55:19 - [MESSAGE][INFO] - Finding web element with id: 'Object Repository/Sekmeler/UBLTag' located by 'By.cssSelector: #webkit-xml-viewer-source-xml>:first-child' in '10' second(s)

2021-11-23 09:55:19 - [MESSAGE][INFO] - Smart Wait Function is triggered

2021-11-23 09:55:19 - [MESSAGE][INFO] - Found 1 web elements with id: 'Object Repository/Sekmeler/UBLTag' located by 'By.cssSelector: #webkit-xml-viewer-source-xml>:first-child' in '10' second(s)

2021-11-23 09:55:19 - [MESSAGE][PASSED] - Call Test Case 'Test Cases/Sekmeler/TagGeldiMi' successfully

2021-11-23 09:55:19 - [MESSAGE][INFO] - Checking called Test Case

2021-11-23 09:55:19 - [MESSAGE][INFO] - Starting to call Test Case 'Test Cases/Sekmeler/LinkSecilir'

2021-11-23 09:55:19 - [TEST_CASE][PASSED] - Test Cases/Sekmeler/LinkSecilir: Test Cases/Sekmeler/LinkSecilir

2021-11-23 09:55:19 - [TEST_STEP][PASSED] - navigateToUrl(Link, STOP_ON_FAILURE): Navigate to 'https://efatura-stage.elogo.com.tr/Envelope/IncomingEnvelopeDisplayUbl?id=115951195' successfully

2021-11-23 09:55:19 - [MESSAGE][INFO] - Checking url

2021-11-23 09:55:19 - [MESSAGE][INFO] - Navigating to 'https://efatura-stage.elogo.com.tr/Envelope/IncomingEnvelopeDisplayUbl?id=115951195'

2021-11-23 09:55:25 - [MESSAGE][PASSED] - Navigate to 'https://efatura-stage.elogo.com.tr/Envelope/IncomingEnvelopeDisplayUbl?id=115951195' successfully

2021-11-23 09:55:25 - [TEST_STEP][PASSED] - delay(2): Delayed 2 second(s)

2021-11-23 09:55:25 - [MESSAGE][INFO] - Delaying browser in 2 second(s)

2021-11-23 09:55:27 - [MESSAGE][PASSED] - Delayed 2 second(s)

2021-11-23 09:55:27 - [MESSAGE][PASSED] - Call Test Case 'Test Cases/Sekmeler/LinkSecilir' successfully

2021-11-23 09:55:27 - [MESSAGE][INFO] - Checking called Test Case

2021-11-23 09:55:27 - [MESSAGE][INFO] - Starting to call Test Case 'Test Cases/Sekmeler/MesajGeldiMi'

2021-11-23 09:55:27 - [TEST_CASE][PASSED] - Test Cases/Sekmeler/MesajGeldiMi: Test Cases/Sekmeler/MesajGeldiMi

2021-11-23 09:55:27 - [TEST_STEP][PASSED] - Method.TextDegerineEsitElementVarMi(findTestObject("Object Repository/Sekmeler/HataMesaji"), Mesaj): Method.TextDegerineEsitElementVarMi is PASSED

2021-11-23 09:55:27 - [MESSAGE][INFO] - Finding Test Object 'Object Repository/Sekmeler/HataMesaji'

2021-11-23 09:55:27 - [MESSAGE][INFO] - Checking timeout

2021-11-23 09:55:27 - [MESSAGE][INFO] - Finding web element with id: 'Object Repository/Sekmeler/HataMesaji' located by 'By.xpath: /html/body' in '10' second(s)

2021-11-23 09:55:27 - [MESSAGE][INFO] - Smart Wait Function is triggered

2021-11-23 09:55:28 - [MESSAGE][INFO] - Found 1 web elements with id: 'Object Repository/Sekmeler/HataMesaji' located by 'By.xpath: /html/body' in '10' second(s)

2021-11-23 09:55:28 - [MESSAGE][PASSED] - Method.TextDegerineEsitElementVarMi is PASSED

2021-11-23 09:55:28 - [MESSAGE][PASSED] - Call Test Case 'Test Cases/Sekmeler/MesajGeldiMi' successfully

2021-11-23 09:55:28 - [MESSAGE][INFO] - Checking called Test Case

2021-11-23 09:55:28 - [MESSAGE][INFO] - Starting to call Test Case 'Test Cases/Sekmeler/LinkSecilir'

2021-11-23 09:55:28 - [TEST_CASE][PASSED] - Test Cases/Sekmeler/LinkSecilir: Test Cases/Sekmeler/LinkSecilir

2021-11-23 09:55:28 - [TEST_STEP][PASSED] - navigateToUrl(Link, STOP_ON_FAILURE): Navigate to 'https://efatura-stage.elogo.com.tr/Envelope/IncomingEnvelopeDisplayUbl?id=116183159' successfully

2021-11-23 09:55:28 - [MESSAGE][INFO] - Checking url

2021-11-23 09:55:28 - [MESSAGE][INFO] - Navigating to 'https://efatura-stage.elogo.com.tr/Envelope/IncomingEnvelopeDisplayUbl?id=116183159'

2021-11-23 09:55:28 - [MESSAGE][PASSED] - Navigate to 'https://efatura-stage.elogo.com.tr/Envelope/IncomingEnvelopeDisplayUbl?id=116183159' successfully

2021-11-23 09:55:28 - [TEST_STEP][PASSED] - delay(2): Delayed 2 second(s)

2021-11-23 09:55:28 - [MESSAGE][INFO] - Delaying browser in 2 second(s)

2021-11-23 09:55:30 - [MESSAGE][PASSED] - Delayed 2 second(s)

2021-11-23 09:55:30 - [MESSAGE][PASSED] - Call Test Case 'Test Cases/Sekmeler/LinkSecilir' successfully

2021-11-23 09:55:30 - [MESSAGE][INFO] - Checking called Test Case

2021-11-23 09:55:30 - [MESSAGE][INFO] - Starting to call Test Case 'Test Cases/Sekmeler/TagGeldiMi'

2021-11-23 09:55:31 - [TEST_CASE][PASSED] - Test Cases/Sekmeler/TagGeldiMi: Test Cases/Sekmeler/TagGeldiMi

2021-11-23 09:55:31 - [TEST_STEP][PASSED] - waitForElementPresent(findTestObject("Object Repository/Sekmeler/UBLTag"), 10): Object 'Object Repository/Sekmeler/UBLTag' is present

2021-11-23 09:55:31 - [MESSAGE][INFO] - Finding Test Object 'Object Repository/Sekmeler/UBLTag'

2021-11-23 09:55:31 - [MESSAGE][INFO] - Checking object

2021-11-23 09:55:31 - [MESSAGE][INFO] - Finding web element from Test Object's properties

2021-11-23 09:55:31 - [MESSAGE][INFO] - Checking timeout

2021-11-23 09:55:31 - [MESSAGE][INFO] - Finding web element with id: 'Object Repository/Sekmeler/UBLTag' located by 'By.cssSelector: #webkit-xml-viewer-source-xml>:first-child' in '10' second(s)

2021-11-23 09:55:31 - [MESSAGE][INFO] - Smart Wait Function is triggered

2021-11-23 09:55:31 - [MESSAGE][INFO] - Found 1 web elements with id: 'Object Repository/Sekmeler/UBLTag' located by 'By.cssSelector: #webkit-xml-viewer-source-xml>:first-child' in '10' second(s)

2021-11-23 09:55:31 - [MESSAGE][PASSED] - Object 'Object Repository/Sekmeler/UBLTag' is present

2021-11-23 09:55:31 - [TEST_STEP][PASSED] - println(toLowerCase().toString()): Found 1 web elements with id: 'Object Repository/Sekmeler/UBLTag' located by 'By.cssSelector: #webkit-xml-viewer-source-xml>:first-child' in '10' second(s)

2021-11-23 09:55:31 - [MESSAGE][INFO] - Finding Test Object 'Object Repository/Sekmeler/UBLTag'

2021-11-23 09:55:31 - [MESSAGE][INFO] - Finding web element from Test Object's properties

2021-11-23 09:55:31 - [MESSAGE][INFO] - Checking timeout

2021-11-23 09:55:31 - [MESSAGE][INFO] - Finding web element with id: 'Object Repository/Sekmeler/UBLTag' located by 'By.cssSelector: #webkit-xml-viewer-source-xml>:first-child' in '10' second(s)

2021-11-23 09:55:31 - [MESSAGE][INFO] - Smart Wait Function is triggered

2021-11-23 09:55:31 - [MESSAGE][INFO] - Found 1 web elements with id: 'Object Repository/Sekmeler/UBLTag' located by 'By.cssSelector: #webkit-xml-viewer-source-xml>:first-child' in '10' second(s)

2021-11-23 09:55:31 - [TEST_STEP][PASSED] - if (!(toString().contains(toString().toLowerCase()))): Found 1 web elements with id: 'Object Repository/Sekmeler/UBLTag' located by 'By.cssSelector: #webkit-xml-viewer-source-xml>:first-child' in '10' second(s)

2021-11-23 09:55:31 - [MESSAGE][INFO] - Finding Test Object 'Object Repository/Sekmeler/UBLTag'

2021-11-23 09:55:31 - [MESSAGE][INFO] - Finding web element from Test Object's properties

2021-11-23 09:55:31 - [MESSAGE][INFO] - Checking timeout

2021-11-23 09:55:31 - [MESSAGE][INFO] - Finding web element with id: 'Object Repository/Sekmeler/UBLTag' located by 'By.cssSelector: #webkit-xml-viewer-source-xml>:first-child' in '10' second(s)

2021-11-23 09:55:31 - [MESSAGE][INFO] - Smart Wait Function is triggered

2021-11-23 09:55:31 - [MESSAGE][INFO] - Found 1 web elements with id: 'Object Repository/Sekmeler/UBLTag' located by 'By.cssSelector: #webkit-xml-viewer-source-xml>:first-child' in '10' second(s)

2021-11-23 09:55:31 - [MESSAGE][PASSED] - Call Test Case 'Test Cases/Sekmeler/TagGeldiMi' successfully

2021-11-23 09:55:31 - [MESSAGE][INFO] - Checking called Test Case

2021-11-23 09:55:31 - [MESSAGE][INFO] - Starting to call Test Case 'Test Cases/Sekmeler/LinkSecilir'

2021-11-23 09:55:31 - [TEST_CASE][PASSED] - Test Cases/Sekmeler/LinkSecilir: Test Cases/Sekmeler/LinkSecilir

2021-11-23 09:55:31 - [TEST_STEP][PASSED] - navigateToUrl(Link, STOP_ON_FAILURE): Navigate to 'https://efatura-stage.elogo.com.tr/Envelope/IncomingEnvelopeDisplayUbl?id=115949239' successfully

2021-11-23 09:55:31 - [MESSAGE][INFO] - Checking url

2021-11-23 09:55:31 - [MESSAGE][INFO] - Navigating to 'https://efatura-stage.elogo.com.tr/Envelope/IncomingEnvelopeDisplayUbl?id=115949239'

2021-11-23 09:55:39 - [MESSAGE][PASSED] - Navigate to 'https://efatura-stage.elogo.com.tr/Envelope/IncomingEnvelopeDisplayUbl?id=115949239' successfully

2021-11-23 09:55:39 - [TEST_STEP][PASSED] - delay(2): Delayed 2 second(s)

2021-11-23 09:55:39 - [MESSAGE][INFO] - Delaying browser in 2 second(s)

2021-11-23 09:55:41 - [MESSAGE][PASSED] - Delayed 2 second(s)

2021-11-23 09:55:41 - [MESSAGE][PASSED] - Call Test Case 'Test Cases/Sekmeler/LinkSecilir' successfully

2021-11-23 09:55:41 - [MESSAGE][INFO] - Checking called Test Case

2021-11-23 09:55:41 - [MESSAGE][INFO] - Starting to call Test Case 'Test Cases/Sekmeler/MesajGeldiMi'

2021-11-23 09:55:41 - [TEST_CASE][PASSED] - Test Cases/Sekmeler/MesajGeldiMi: Test Cases/Sekmeler/MesajGeldiMi

2021-11-23 09:55:41 - [TEST_STEP][PASSED] - Method.TextDegerineEsitElementVarMi(findTestObject("Object Repository/Sekmeler/HataMesaji"), Mesaj): Method.TextDegerineEsitElementVarMi is PASSED

2021-11-23 09:55:41 - [MESSAGE][INFO] - Finding Test Object 'Object Repository/Sekmeler/HataMesaji'

2021-11-23 09:55:41 - [MESSAGE][INFO] - Checking timeout

2021-11-23 09:55:41 - [MESSAGE][INFO] - Finding web element with id: 'Object Repository/Sekmeler/HataMesaji' located by 'By.xpath: /html/body' in '10' second(s)

2021-11-23 09:55:41 - [MESSAGE][INFO] - Smart Wait Function is triggered

2021-11-23 09:55:41 - [MESSAGE][INFO] - Found 1 web elements with id: 'Object Repository/Sekmeler/HataMesaji' located by 'By.xpath: /html/body' in '10' second(s)

2021-11-23 09:55:41 - [MESSAGE][PASSED] - Method.TextDegerineEsitElementVarMi is PASSED

2021-11-23 09:55:41 - [MESSAGE][PASSED] - Call Test Case 'Test Cases/Sekmeler/MesajGeldiMi' successfully

2021-11-23 09:55:41 - [MESSAGE][INFO] - Checking called Test Case

2021-11-23 09:55:41 - [MESSAGE][INFO] - Starting to call Test Case 'Test Cases/Sekmeler/LinkSecilir'

2021-11-23 09:55:41 - [TEST_CASE][PASSED] - Test Cases/Sekmeler/LinkSecilir: Test Cases/Sekmeler/LinkSecilir

2021-11-23 09:55:41 - [TEST_STEP][PASSED] - navigateToUrl(Link, STOP_ON_FAILURE): Navigate to 'https://efatura-stage.elogo.com.tr/Envelope/IncomingEnvelopeDisplayUbl?id=116183260' successfully

2021-11-23 09:55:41 - [MESSAGE][INFO] - Checking url

2021-11-23 09:55:41 - [MESSAGE][INFO] - Navigating to 'https://efatura-stage.elogo.com.tr/Envelope/IncomingEnvelopeDisplayUbl?id=116183260'

2021-11-23 09:55:41 - [MESSAGE][PASSED] - Navigate to 'https://efatura-stage.elogo.com.tr/Envelope/IncomingEnvelopeDisplayUbl?id=116183260' successfully

2021-11-23 09:55:41 - [TEST_STEP][PASSED] - delay(2): Delayed 2 second(s)

2021-11-23 09:55:41 - [MESSAGE][INFO] - Delaying browser in 2 second(s)

2021-11-23 09:55:43 - [MESSAGE][PASSED] - Delayed 2 second(s)

2021-11-23 09:55:43 - [MESSAGE][PASSED] - Call Test Case 'Test Cases/Sekmeler/LinkSecilir' successfully

2021-11-23 09:55:43 - [MESSAGE][INFO] - Checking called Test Case

2021-11-23 09:55:43 - [MESSAGE][INFO] - Starting to call Test Case 'Test Cases/Sekmeler/TagGeldiMi'

2021-11-23 09:55:43 - [TEST_CASE][PASSED] - Test Cases/Sekmeler/TagGeldiMi: Test Cases/Sekmeler/TagGeldiMi

2021-11-23 09:55:43 - [TEST_STEP][PASSED] - waitForElementPresent(findTestObject("Object Repository/Sekmeler/UBLTag"), 10): Object 'Object Repository/Sekmeler/UBLTag' is present

2021-11-23 09:55:43 - [MESSAGE][INFO] - Finding Test Object 'Object Repository/Sekmeler/UBLTag'

2021-11-23 09:55:43 - [MESSAGE][INFO] - Checking object

2021-11-23 09:55:43 - [MESSAGE][INFO] - Finding web element from Test Object's properties

2021-11-23 09:55:43 - [MESSAGE][INFO] - Checking timeout

2021-11-23 09:55:43 - [MESSAGE][INFO] - Finding web element with id: 'Object Repository/Sekmeler/UBLTag' located by 'By.cssSelector: #webkit-xml-viewer-source-xml>:first-child' in '10' second(s)

2021-11-23 09:55:43 - [MESSAGE][INFO] - Smart Wait Function is triggered

2021-11-23 09:55:44 - [MESSAGE][INFO] - Found 1 web elements with id: 'Object Repository/Sekmeler/UBLTag' located by 'By.cssSelector: #webkit-xml-viewer-source-xml>:first-child' in '10' second(s)

2021-11-23 09:55:44 - [MESSAGE][PASSED] - Object 'Object Repository/Sekmeler/UBLTag' is present

2021-11-23 09:55:44 - [TEST_STEP][PASSED] - println(toLowerCase().toString()): Found 1 web elements with id: 'Object Repository/Sekmeler/UBLTag' located by 'By.cssSelector: #webkit-xml-viewer-source-xml>:first-child' in '10' second(s)

2021-11-23 09:55:44 - [MESSAGE][INFO] - Finding Test Object 'Object Repository/Sekmeler/UBLTag'

2021-11-23 09:55:44 - [MESSAGE][INFO] - Finding web element from Test Object's properties

2021-11-23 09:55:44 - [MESSAGE][INFO] - Checking timeout

2021-11-23 09:55:44 - [MESSAGE][INFO] - Finding web element with id: 'Object Repository/Sekmeler/UBLTag' located by 'By.cssSelector: #webkit-xml-viewer-source-xml>:first-child' in '10' second(s)

2021-11-23 09:55:44 - [MESSAGE][INFO] - Smart Wait Function is triggered

2021-11-23 09:55:44 - [MESSAGE][INFO] - Found 1 web elements with id: 'Object Repository/Sekmeler/UBLTag' located by 'By.cssSelector: #webkit-xml-viewer-source-xml>:first-child' in '10' second(s)

2021-11-23 09:55:44 - [TEST_STEP][PASSED] - if (!(toString().contains(toString().toLowerCase()))): Found 1 web elements with id: 'Object Repository/Sekmeler/UBLTag' located by 'By.cssSelector: #webkit-xml-viewer-source-xml>:first-child' in '10' second(s)

2021-11-23 09:55:44 - [MESSAGE][INFO] - Finding Test Object 'Object Repository/Sekmeler/UBLTag'

2021-11-23 09:55:44 - [MESSAGE][INFO] - Finding web element from Test Object's properties

2021-11-23 09:55:44 - [MESSAGE][INFO] - Checking timeout

2021-11-23 09:55:44 - [MESSAGE][INFO] - Finding web element with id: 'Object Repository/Sekmeler/UBLTag' located by 'By.cssSelector: #webkit-xml-viewer-source-xml>:first-child' in '10' second(s)

2021-11-23 09:55:44 - [MESSAGE][INFO] - Smart Wait Function is triggered

2021-11-23 09:55:44 - [MESSAGE][INFO] - Found 1 web elements with id: 'Object Repository/Sekmeler/UBLTag' located by 'By.cssSelector: #webkit-xml-viewer-source-xml>:first-child' in '10' second(s)

2021-11-23 09:55:44 - [MESSAGE][PASSED] - Call Test Case 'Test Cases/Sekmeler/TagGeldiMi' successfully

2021-11-23 09:55:44 - [MESSAGE][INFO] - Checking called Test Case

2021-11-23 09:55:44 - [MESSAGE][INFO] - Starting to call Test Case 'Test Cases/Sekmeler/LinkSecilir'

2021-11-23 09:55:44 - [TEST_CASE][PASSED] - Test Cases/Sekmeler/LinkSecilir: Test Cases/Sekmeler/LinkSecilir

2021-11-23 09:55:44 - [TEST_STEP][PASSED] - navigateToUrl(Link, STOP_ON_FAILURE): Navigate to 'https://efatura-stage.elogo.com.tr/Envelope/IncomingEnvelopeDisplayUbl?id=116156311' successfully

2021-11-23 09:55:44 - [MESSAGE][INFO] - Checking url

2021-11-23 09:55:44 - [MESSAGE][INFO] - Navigating to 'https://efatura-stage.elogo.com.tr/Envelope/IncomingEnvelopeDisplayUbl?id=116156311'

2021-11-23 09:55:50 - [MESSAGE][PASSED] - Navigate to 'https://efatura-stage.elogo.com.tr/Envelope/IncomingEnvelopeDisplayUbl?id=116156311' successfully

2021-11-23 09:55:50 - [TEST_STEP][PASSED] - delay(2): Delayed 2 second(s)

2021-11-23 09:55:50 - [MESSAGE][INFO] - Delaying browser in 2 second(s)

2021-11-23 09:55:52 - [MESSAGE][PASSED] - Delayed 2 second(s)

2021-11-23 09:55:52 - [MESSAGE][PASSED] - Call Test Case 'Test Cases/Sekmeler/LinkSecilir' successfully

2021-11-23 09:55:52 - [MESSAGE][INFO] - Checking called Test Case

2021-11-23 09:55:52 - [MESSAGE][INFO] - Starting to call Test Case 'Test Cases/Sekmeler/MesajGeldiMi'

2021-11-23 09:55:52 - [TEST_CASE][PASSED] - Test Cases/Sekmeler/MesajGeldiMi: Test Cases/Sekmeler/MesajGeldiMi

2021-11-23 09:55:52 - [TEST_STEP][PASSED] - Method.TextDegerineEsitElementVarMi(findTestObject("Object Repository/Sekmeler/HataMesaji"), Mesaj): Method.TextDegerineEsitElementVarMi is PASSED

2021-11-23 09:55:52 - [MESSAGE][INFO] - Finding Test Object 'Object Repository/Sekmeler/HataMesaji'

2021-11-23 09:55:52 - [MESSAGE][INFO] - Checking timeout

2021-11-23 09:55:52 - [MESSAGE][INFO] - Finding web element with id: 'Object Repository/Sekmeler/HataMesaji' located by 'By.xpath: /html/body' in '10' second(s)

2021-11-23 09:55:52 - [MESSAGE][INFO] - Smart Wait Function is triggered

2021-11-23 09:55:53 - [MESSAGE][INFO] - Found 1 web elements with id: 'Object Repository/Sekmeler/HataMesaji' located by 'By.xpath: /html/body' in '10' second(s)

2021-11-23 09:55:53 - [MESSAGE][PASSED] - Method.TextDegerineEsitElementVarMi is PASSED

2021-11-23 09:55:53 - [MESSAGE][PASSED] - Call Test Case 'Test Cases/Sekmeler/MesajGeldiMi' successfully

2021-11-23 09:55:53 - [MESSAGE][INFO] - Checking called Test Case

2021-11-23 09:55:53 - [MESSAGE][INFO] - Starting to call Test Case 'Test Cases/Sekmeler/LinkSecilir'

2021-11-23 09:55:53 - [TEST_CASE][PASSED] - Test Cases/Sekmeler/LinkSecilir: Test Cases/Sekmeler/LinkSecilir

2021-11-23 09:55:53 - [TEST_STEP][PASSED] - navigateToUrl(Link, STOP_ON_FAILURE): Navigate to 'https://efatura-stage.elogo.com.tr/Invoice/PostboxIncomingInvoice?Option=0&CreationStartDate=18.10.2021&EnvelopeId=aec43a95-f33f-4c56-b669-b56abcdcc7f6' successfully

2021-11-23 09:55:53 - [MESSAGE][INFO] - Checking url

2021-11-23 09:55:53 - [MESSAGE][INFO] - Navigating to 'https://efatura-stage.elogo.com.tr/Invoice/PostboxIncomingInvoice?Option=0&CreationStartDate=18.10.2021&EnvelopeId=aec43a95-f33f-4c56-b669-b56abcdcc7f6'

2021-11-23 09:55:55 - [MESSAGE][PASSED] - Navigate to 'https://efatura-stage.elogo.com.tr/Invoice/PostboxIncomingInvoice?Option=0&CreationStartDate=18.10.2021&EnvelopeId=aec43a95-f33f-4c56-b669-b56abcdcc7f6' successfully

2021-11-23 09:55:55 - [TEST_STEP][PASSED] - delay(2): Delayed 2 second(s)

2021-11-23 09:55:55 - [MESSAGE][INFO] - Delaying browser in 2 second(s)

2021-11-23 09:55:57 - [MESSAGE][PASSED] - Delayed 2 second(s)

2021-11-23 09:55:57 - [MESSAGE][PASSED] - Call Test Case 'Test Cases/Sekmeler/LinkSecilir' successfully

2021-11-23 09:55:57 - [MESSAGE][INFO] - Checking called Test Case

2021-11-23 09:55:57 - [MESSAGE][INFO] - Starting to call Test Case 'Test Cases/Tablo/TablodaVeriVarMi'

2021-11-23 09:55:57 - [TEST_CASE][PASSED] - Test Cases/Tablo/TablodaVeriVarMi: Test Cases/Tablo/TablodaVeriVarMi

2021-11-23 09:55:57 - [TEST_STEP][PASSED] - verifyTextNotPresent("Görüntülenecek veri yok", true): Text 'Görüntülenecek veri yok' is not present on page using regular expression

2021-11-23 09:55:57 - [MESSAGE][INFO] - Checking text present  using regular expression

2021-11-23 09:55:57 - [MESSAGE][INFO] - Smart Wait Function is triggered

2021-11-23 09:55:58 - [MESSAGE][INFO] - Finding text 'Görüntülenecek veri yok' on page  using regular expression

2021-11-23 09:55:58 - [MESSAGE][PASSED] - Text 'Görüntülenecek veri yok' is not present on page using regular expression

2021-11-23 09:55:58 - [MESSAGE][PASSED] - Call Test Case 'Test Cases/Tablo/TablodaVeriVarMi' successfully

2021-11-23 09:55:58 - [MESSAGE][INFO] - Checking called Test Case

2021-11-23 09:55:58 - [MESSAGE][INFO] - Starting to call Test Case 'Test Cases/Sekmeler/LinkSecilir'

2021-11-23 09:55:58 - [TEST_CASE][PASSED] - Test Cases/Sekmeler/LinkSecilir: Test Cases/Sekmeler/LinkSecilir

2021-11-23 09:55:58 - [TEST_STEP][PASSED] - navigateToUrl(Link, STOP_ON_FAILURE): Navigate to 'https://efatura-stage.elogo.com.tr/Invoice/PostboxIncomingInvoice?Option=0&CreationStartDate=17.06.2021&EnvelopeId=7ddc3134-418e-4eb3-a359-40a137535db4' successfully

2021-11-23 09:55:58 - [MESSAGE][INFO] - Checking url

2021-11-23 09:55:58 - [MESSAGE][INFO] - Navigating to 'https://efatura-stage.elogo.com.tr/Invoice/PostboxIncomingInvoice?Option=0&CreationStartDate=17.06.2021&EnvelopeId=7ddc3134-418e-4eb3-a359-40a137535db4'

2021-11-23 09:55:59 - [MESSAGE][PASSED] - Navigate to 'https://efatura-stage.elogo.com.tr/Invoice/PostboxIncomingInvoice?Option=0&CreationStartDate=17.06.2021&EnvelopeId=7ddc3134-418e-4eb3-a359-40a137535db4' successfully

2021-11-23 09:55:59 - [TEST_STEP][PASSED] - delay(2): Delayed 2 second(s)

2021-11-23 09:55:59 - [MESSAGE][INFO] - Delaying browser in 2 second(s)

2021-11-23 09:56:01 - [MESSAGE][PASSED] - Delayed 2 second(s)

2021-11-23 09:56:01 - [MESSAGE][PASSED] - Call Test Case 'Test Cases/Sekmeler/LinkSecilir' successfully

2021-11-23 09:56:01 - [MESSAGE][INFO] - Checking called Test Case

2021-11-23 09:56:01 - [MESSAGE][INFO] - Starting to call Test Case 'Test Cases/Tablo/TablodaVeriYokMu'

2021-11-23 09:56:01 - [TEST_CASE][PASSED] - Test Cases/Tablo/TablodaVeriYokMu: Test Cases/Tablo/TablodaVeriYokMu

2021-11-23 09:56:01 - [TEST_STEP][PASSED] - verifyTextPresent("Görüntülenecek veri yok", true): Text 'Görüntülenecek veri yok' is present on page  using regular expression

2021-11-23 09:56:01 - [MESSAGE][INFO] - Checking text present  using regular expression

2021-11-23 09:56:01 - [MESSAGE][INFO] - Smart Wait Function is triggered

2021-11-23 09:56:02 - [MESSAGE][INFO] - Finding text 'Görüntülenecek veri yok' on page  using regular expression

2021-11-23 09:56:02 - [MESSAGE][PASSED] - Text 'Görüntülenecek veri yok' is present on page  using regular expression

2021-11-23 09:56:02 - [MESSAGE][PASSED] - Call Test Case 'Test Cases/Tablo/TablodaVeriYokMu' successfully

2021-11-23 09:56:02 - [MESSAGE][INFO] - Checking called Test Case

2021-11-23 09:56:02 - [MESSAGE][INFO] - Starting to call Test Case 'Test Cases/Sekmeler/LinkSecilir'

2021-11-23 09:56:02 - [TEST_CASE][PASSED] - Test Cases/Sekmeler/LinkSecilir: Test Cases/Sekmeler/LinkSecilir

2021-11-23 09:56:02 - [TEST_STEP][PASSED] - navigateToUrl(Link, STOP_ON_FAILURE): Navigate to 'https://efatura-stage.elogo.com.tr/Despatch/DespatchAdviceIncoming?EnvelopeId=c9749719-f7d1-4076-b93f-add82ef38ab8&CreationStartDate=17.10.2021' successfully

2021-11-23 09:56:02 - [MESSAGE][INFO] - Checking url

2021-11-23 09:56:02 - [MESSAGE][INFO] - Navigating to 'https://efatura-stage.elogo.com.tr/Despatch/DespatchAdviceIncoming?EnvelopeId=c9749719-f7d1-4076-b93f-add82ef38ab8&CreationStartDate=17.10.2021'

2021-11-23 09:56:03 - [MESSAGE][PASSED] - Navigate to 'https://efatura-stage.elogo.com.tr/Despatch/DespatchAdviceIncoming?EnvelopeId=c9749719-f7d1-4076-b93f-add82ef38ab8&CreationStartDate=17.10.2021' successfully

2021-11-23 09:56:03 - [TEST_STEP][PASSED] - delay(2): Delayed 2 second(s)

2021-11-23 09:56:03 - [MESSAGE][INFO] - Delaying browser in 2 second(s)

2021-11-23 09:56:05 - [MESSAGE][PASSED] - Delayed 2 second(s)

2021-11-23 09:56:05 - [MESSAGE][PASSED] - Call Test Case 'Test Cases/Sekmeler/LinkSecilir' successfully

2021-11-23 09:56:05 - [MESSAGE][INFO] - Checking called Test Case

2021-11-23 09:56:05 - [MESSAGE][INFO] - Starting to call Test Case 'Test Cases/Tablo/TablodaVeriVarMi'

2021-11-23 09:56:05 - [TEST_CASE][PASSED] - Test Cases/Tablo/TablodaVeriVarMi: Test Cases/Tablo/TablodaVeriVarMi

2021-11-23 09:56:05 - [TEST_STEP][PASSED] - verifyTextNotPresent("Görüntülenecek veri yok", true): Text 'Görüntülenecek veri yok' is not present on page using regular expression

2021-11-23 09:56:05 - [MESSAGE][INFO] - Checking text present  using regular expression

2021-11-23 09:56:05 - [MESSAGE][INFO] - Smart Wait Function is triggered

2021-11-23 09:56:05 - [MESSAGE][INFO] - Finding text 'Görüntülenecek veri yok' on page  using regular expression

2021-11-23 09:56:05 - [MESSAGE][PASSED] - Text 'Görüntülenecek veri yok' is not present on page using regular expression

2021-11-23 09:56:05 - [MESSAGE][PASSED] - Call Test Case 'Test Cases/Tablo/TablodaVeriVarMi' successfully

2021-11-23 09:56:05 - [MESSAGE][INFO] - Checking called Test Case

2021-11-23 09:56:05 - [MESSAGE][INFO] - Starting to call Test Case 'Test Cases/Sekmeler/LinkSecilir'

2021-11-23 09:56:05 - [TEST_CASE][PASSED] - Test Cases/Sekmeler/LinkSecilir: Test Cases/Sekmeler/LinkSecilir

2021-11-23 09:56:05 - [TEST_STEP][PASSED] - navigateToUrl(Link, STOP_ON_FAILURE): Navigate to 'https://efatura-stage.elogo.com.tr/Despatch/DespatchAdviceIncoming?EnvelopeId=64dd8fe9-81ee-468d-be84-7efb5c0d99c5&CreationStartDate=03.03.2020' successfully

2021-11-23 09:56:05 - [MESSAGE][INFO] - Checking url

2021-11-23 09:56:05 - [MESSAGE][INFO] - Navigating to 'https://efatura-stage.elogo.com.tr/Despatch/DespatchAdviceIncoming?EnvelopeId=64dd8fe9-81ee-468d-be84-7efb5c0d99c5&CreationStartDate=03.03.2020'

2021-11-23 09:56:06 - [MESSAGE][PASSED] - Navigate to 'https://efatura-stage.elogo.com.tr/Despatch/DespatchAdviceIncoming?EnvelopeId=64dd8fe9-81ee-468d-be84-7efb5c0d99c5&CreationStartDate=03.03.2020' successfully

2021-11-23 09:56:06 - [TEST_STEP][PASSED] - delay(2): Delayed 2 second(s)

2021-11-23 09:56:06 - [MESSAGE][INFO] - Delaying browser in 2 second(s)

2021-11-23 09:56:08 - [MESSAGE][PASSED] - Delayed 2 second(s)

2021-11-23 09:56:08 - [MESSAGE][PASSED] - Call Test Case 'Test Cases/Sekmeler/LinkSecilir' successfully

2021-11-23 09:56:08 - [MESSAGE][INFO] - Checking called Test Case

2021-11-23 09:56:08 - [MESSAGE][INFO] - Starting to call Test Case 'Test Cases/Tablo/TablodaVeriYokMu'

2021-11-23 09:56:08 - [TEST_CASE][PASSED] - Test Cases/Tablo/TablodaVeriYokMu: Test Cases/Tablo/TablodaVeriYokMu

2021-11-23 09:56:08 - [TEST_STEP][PASSED] - verifyTextPresent("Görüntülenecek veri yok", true): Text 'Görüntülenecek veri yok' is present on page  using regular expression

2021-11-23 09:56:08 - [MESSAGE][INFO] - Checking text present  using regular expression

2021-11-23 09:56:08 - [MESSAGE][INFO] - Smart Wait Function is triggered

2021-11-23 09:56:09 - [MESSAGE][INFO] - Finding text 'Görüntülenecek veri yok' on page  using regular expression

2021-11-23 09:56:09 - [MESSAGE][PASSED] - Text 'Görüntülenecek veri yok' is present on page  using regular expression

2021-11-23 09:56:09 - [MESSAGE][PASSED] - Call Test Case 'Test Cases/Tablo/TablodaVeriYokMu' successfully

2021-11-23 09:56:09 - [MESSAGE][INFO] - Checking called Test Case

2021-11-23 09:56:09 - [MESSAGE][INFO] - Starting to call Test Case 'Test Cases/Sekmeler/LinkSecilir'

2021-11-23 09:56:09 - [TEST_CASE][PASSED] - Test Cases/Sekmeler/LinkSecilir: Test Cases/Sekmeler/LinkSecilir

2021-11-23 09:56:09 - [TEST_STEP][PASSED] - navigateToUrl(Link, STOP_ON_FAILURE): Navigate to 'https://efatura-stage.elogo.com.tr/Invoice/PostboxOutgoingInvoice?Option=0&CreationStartDate=20.10.2021&EnvelopeId=454b51cc-b702-4ea4-99b8-49dc571ad498' successfully

2021-11-23 09:56:09 - [MESSAGE][INFO] - Checking url

2021-11-23 09:56:09 - [MESSAGE][INFO] - Navigating to 'https://efatura-stage.elogo.com.tr/Invoice/PostboxOutgoingInvoice?Option=0&CreationStartDate=20.10.2021&EnvelopeId=454b51cc-b702-4ea4-99b8-49dc571ad498'

2021-11-23 09:56:10 - [MESSAGE][PASSED] - Navigate to 'https://efatura-stage.elogo.com.tr/Invoice/PostboxOutgoingInvoice?Option=0&CreationStartDate=20.10.2021&EnvelopeId=454b51cc-b702-4ea4-99b8-49dc571ad498' successfully

2021-11-23 09:56:10 - [TEST_STEP][PASSED] - delay(2): Delayed 2 second(s)

2021-11-23 09:56:10 - [MESSAGE][INFO] - Delaying browser in 2 second(s)

2021-11-23 09:56:12 - [MESSAGE][PASSED] - Delayed 2 second(s)

2021-11-23 09:56:12 - [MESSAGE][PASSED] - Call Test Case 'Test Cases/Sekmeler/LinkSecilir' successfully

2021-11-23 09:56:12 - [MESSAGE][INFO] - Checking called Test Case

2021-11-23 09:56:12 - [MESSAGE][INFO] - Starting to call Test Case 'Test Cases/Tablo/TablodaVeriVarMi'

2021-11-23 09:56:12 - [TEST_CASE][PASSED] - Test Cases/Tablo/TablodaVeriVarMi: Test Cases/Tablo/TablodaVeriVarMi

2021-11-23 09:56:12 - [TEST_STEP][PASSED] - verifyTextNotPresent("Görüntülenecek veri yok", true): Text 'Görüntülenecek veri yok' is not present on page using regular expression

2021-11-23 09:56:12 - [MESSAGE][INFO] - Checking text present  using regular expression

2021-11-23 09:56:12 - [MESSAGE][INFO] - Smart Wait Function is triggered

2021-11-23 09:56:13 - [MESSAGE][INFO] - Finding text 'Görüntülenecek veri yok' on page  using regular expression

2021-11-23 09:56:13 - [MESSAGE][PASSED] - Text 'Görüntülenecek veri yok' is not present on page using regular expression

2021-11-23 09:56:13 - [MESSAGE][PASSED] - Call Test Case 'Test Cases/Tablo/TablodaVeriVarMi' successfully

2021-11-23 09:56:13 - [MESSAGE][INFO] - Checking called Test Case

2021-11-23 09:56:13 - [MESSAGE][INFO] - Starting to call Test Case 'Test Cases/Sekmeler/LinkSecilir'

2021-11-23 09:56:13 - [TEST_CASE][PASSED] - Test Cases/Sekmeler/LinkSecilir: Test Cases/Sekmeler/LinkSecilir

2021-11-23 09:56:13 - [TEST_STEP][PASSED] - navigateToUrl(Link, STOP_ON_FAILURE): Navigate to 'https://efatura-stage.elogo.com.tr/Invoice/PostboxOutgoingInvoice?Option=0&CreationStartDate=09.08.2021&EnvelopeId=95db7a24-70f9-444b-9131-117885ec655f' successfully

2021-11-23 09:56:13 - [MESSAGE][INFO] - Checking url

2021-11-23 09:56:13 - [MESSAGE][INFO] - Navigating to 'https://efatura-stage.elogo.com.tr/Invoice/PostboxOutgoingInvoice?Option=0&CreationStartDate=09.08.2021&EnvelopeId=95db7a24-70f9-444b-9131-117885ec655f'

2021-11-23 09:56:14 - [MESSAGE][PASSED] - Navigate to 'https://efatura-stage.elogo.com.tr/Invoice/PostboxOutgoingInvoice?Option=0&CreationStartDate=09.08.2021&EnvelopeId=95db7a24-70f9-444b-9131-117885ec655f' successfully

2021-11-23 09:56:14 - [TEST_STEP][PASSED] - delay(2): Delayed 2 second(s)

2021-11-23 09:56:14 - [MESSAGE][INFO] - Delaying browser in 2 second(s)

2021-11-23 09:56:16 - [MESSAGE][PASSED] - Delayed 2 second(s)

2021-11-23 09:56:16 - [MESSAGE][PASSED] - Call Test Case 'Test Cases/Sekmeler/LinkSecilir' successfully

2021-11-23 09:56:16 - [MESSAGE][INFO] - Checking called Test Case

2021-11-23 09:56:16 - [MESSAGE][INFO] - Starting to call Test Case 'Test Cases/Tablo/TablodaVeriYokMu'

2021-11-23 09:56:16 - [TEST_CASE][PASSED] - Test Cases/Tablo/TablodaVeriYokMu: Test Cases/Tablo/TablodaVeriYokMu

2021-11-23 09:56:16 - [TEST_STEP][PASSED] - verifyTextPresent("Görüntülenecek veri yok", true): Text 'Görüntülenecek veri yok' is present on page  using regular expression

2021-11-23 09:56:16 - [MESSAGE][INFO] - Checking text present  using regular expression

2021-11-23 09:56:16 - [MESSAGE][INFO] - Smart Wait Function is triggered

2021-11-23 09:56:17 - [MESSAGE][INFO] - Finding text 'Görüntülenecek veri yok' on page  using regular expression

2021-11-23 09:56:17 - [MESSAGE][PASSED] - Text 'Görüntülenecek veri yok' is present on page  using regular expression

2021-11-23 09:56:17 - [MESSAGE][PASSED] - Call Test Case 'Test Cases/Tablo/TablodaVeriYokMu' successfully

2021-11-23 09:56:17 - [MESSAGE][INFO] - Checking called Test Case

2021-11-23 09:56:17 - [MESSAGE][INFO] - Starting to call Test Case 'Test Cases/Sekmeler/LinkSecilir'

2021-11-23 09:56:17 - [TEST_CASE][PASSED] - Test Cases/Sekmeler/LinkSecilir: Test Cases/Sekmeler/LinkSecilir

2021-11-23 09:56:17 - [TEST_STEP][PASSED] - navigateToUrl(Link, STOP_ON_FAILURE): Navigate to 'https://efatura-stage.elogo.com.tr/ApplicationResponses/PostboxOutgoingApplicationResponses?Option=0&CreationStartDate=%2014.10.2021&EnvelopeUuid=3d5c7ca8-de46-445f-a3c3-976c3c25dafd' successfully

2021-11-23 09:56:17 - [MESSAGE][INFO] - Checking url

2021-11-23 09:56:17 - [MESSAGE][INFO] - Navigating to 'https://efatura-stage.elogo.com.tr/ApplicationResponses/PostboxOutgoingApplicationResponses?Option=0&CreationStartDate=%2014.10.2021&EnvelopeUuid=3d5c7ca8-de46-445f-a3c3-976c3c25dafd'

2021-11-23 09:56:18 - [MESSAGE][PASSED] - Navigate to 'https://efatura-stage.elogo.com.tr/ApplicationResponses/PostboxOutgoingApplicationResponses?Option=0&CreationStartDate=%2014.10.2021&EnvelopeUuid=3d5c7ca8-de46-445f-a3c3-976c3c25dafd' successfully

2021-11-23 09:56:18 - [TEST_STEP][PASSED] - delay(2): Delayed 2 second(s)

2021-11-23 09:56:18 - [MESSAGE][INFO] - Delaying browser in 2 second(s)

2021-11-23 09:56:20 - [MESSAGE][PASSED] - Delayed 2 second(s)

2021-11-23 09:56:20 - [MESSAGE][PASSED] - Call Test Case 'Test Cases/Sekmeler/LinkSecilir' successfully

2021-11-23 09:56:20 - [MESSAGE][INFO] - Checking called Test Case

2021-11-23 09:56:20 - [MESSAGE][INFO] - Starting to call Test Case 'Test Cases/Tablo/TablodaVeriVarMi'

2021-11-23 09:56:20 - [TEST_CASE][PASSED] - Test Cases/Tablo/TablodaVeriVarMi: Test Cases/Tablo/TablodaVeriVarMi

2021-11-23 09:56:20 - [TEST_STEP][PASSED] - verifyTextNotPresent("Görüntülenecek veri yok", true): Text 'Görüntülenecek veri yok' is not present on page using regular expression

2021-11-23 09:56:20 - [MESSAGE][INFO] - Checking text present  using regular expression

2021-11-23 09:56:20 - [MESSAGE][INFO] - Smart Wait Function is triggered

2021-11-23 09:56:20 - [MESSAGE][INFO] - Finding text 'Görüntülenecek veri yok' on page  using regular expression

2021-11-23 09:56:20 - [MESSAGE][PASSED] - Text 'Görüntülenecek veri yok' is not present on page using regular expression

2021-11-23 09:56:20 - [MESSAGE][PASSED] - Call Test Case 'Test Cases/Tablo/TablodaVeriVarMi' successfully

2021-11-23 09:56:20 - [MESSAGE][INFO] - Checking called Test Case

2021-11-23 09:56:20 - [MESSAGE][INFO] - Starting to call Test Case 'Test Cases/Sekmeler/LinkSecilir'

2021-11-23 09:56:20 - [TEST_CASE][PASSED] - Test Cases/Sekmeler/LinkSecilir: Test Cases/Sekmeler/LinkSecilir

2021-11-23 09:56:20 - [TEST_STEP][PASSED] - navigateToUrl(Link, STOP_ON_FAILURE): Navigate to 'https://efatura-stage.elogo.com.tr/ApplicationResponses/PostboxOutgoingApplicationResponses?Option=0&CreationStartDate=%2024.05.2021&EnvelopeUuid=1e640671-a0e9-4ec1-b19a-ae4b2feaab93' successfully

2021-11-23 09:56:20 - [MESSAGE][INFO] - Checking url

2021-11-23 09:56:20 - [MESSAGE][INFO] - Navigating to 'https://efatura-stage.elogo.com.tr/ApplicationResponses/PostboxOutgoingApplicationResponses?Option=0&CreationStartDate=%2024.05.2021&EnvelopeUuid=1e640671-a0e9-4ec1-b19a-ae4b2feaab93'

2021-11-23 09:56:21 - [MESSAGE][PASSED] - Navigate to 'https://efatura-stage.elogo.com.tr/ApplicationResponses/PostboxOutgoingApplicationResponses?Option=0&CreationStartDate=%2024.05.2021&EnvelopeUuid=1e640671-a0e9-4ec1-b19a-ae4b2feaab93' successfully

2021-11-23 09:56:21 - [TEST_STEP][PASSED] - delay(2): Delayed 2 second(s)

2021-11-23 09:56:21 - [MESSAGE][INFO] - Delaying browser in 2 second(s)

2021-11-23 09:56:23 - [MESSAGE][PASSED] - Delayed 2 second(s)

2021-11-23 09:56:23 - [MESSAGE][PASSED] - Call Test Case 'Test Cases/Sekmeler/LinkSecilir' successfully

2021-11-23 09:56:23 - [MESSAGE][INFO] - Checking called Test Case

2021-11-23 09:56:23 - [MESSAGE][INFO] - Starting to call Test Case 'Test Cases/Tablo/TablodaVeriYokMu'

2021-11-23 09:56:23 - [TEST_CASE][PASSED] - Test Cases/Tablo/TablodaVeriYokMu: Test Cases/Tablo/TablodaVeriYokMu

2021-11-23 09:56:23 - [TEST_STEP][PASSED] - verifyTextPresent("Görüntülenecek veri yok", true): Text 'Görüntülenecek veri yok' is present on page  using regular expression

2021-11-23 09:56:23 - [MESSAGE][INFO] - Checking text present  using regular expression

2021-11-23 09:56:23 - [MESSAGE][INFO] - Smart Wait Function is triggered

2021-11-23 09:56:23 - [MESSAGE][INFO] - Finding text 'Görüntülenecek veri yok' on page  using regular expression

2021-11-23 09:56:23 - [MESSAGE][PASSED] - Text 'Görüntülenecek veri yok' is present on page  using regular expression

2021-11-23 09:56:23 - [MESSAGE][PASSED] - Call Test Case 'Test Cases/Tablo/TablodaVeriYokMu' successfully

2021-11-23 09:56:23 - [MESSAGE][INFO] - Checking called Test Case

2021-11-23 09:56:23 - [MESSAGE][INFO] - Starting to call Test Case 'Test Cases/Sekmeler/LinkSecilir'

2021-11-23 09:56:23 - [TEST_CASE][PASSED] - Test Cases/Sekmeler/LinkSecilir: Test Cases/Sekmeler/LinkSecilir

2021-11-23 09:56:23 - [TEST_STEP][PASSED] - navigateToUrl(Link, STOP_ON_FAILURE): Navigate to 'https://efatura-stage.elogo.com.tr/Despatch/DespatchAdviceOutgoing?EnvelopeId=58bb7fc3-6a16-4626-bd0f-ea848df231e1&CreationStartDate=19.10.2021' successfully

2021-11-23 09:56:23 - [MESSAGE][INFO] - Checking url

2021-11-23 09:56:23 - [MESSAGE][INFO] - Navigating to 'https://efatura-stage.elogo.com.tr/Despatch/DespatchAdviceOutgoing?EnvelopeId=58bb7fc3-6a16-4626-bd0f-ea848df231e1&CreationStartDate=19.10.2021'

2021-11-23 09:56:24 - [MESSAGE][PASSED] - Navigate to 'https://efatura-stage.elogo.com.tr/Despatch/DespatchAdviceOutgoing?EnvelopeId=58bb7fc3-6a16-4626-bd0f-ea848df231e1&CreationStartDate=19.10.2021' successfully

2021-11-23 09:56:24 - [TEST_STEP][PASSED] - delay(2): Delayed 2 second(s)

2021-11-23 09:56:24 - [MESSAGE][INFO] - Delaying browser in 2 second(s)

2021-11-23 09:56:26 - [MESSAGE][PASSED] - Delayed 2 second(s)

2021-11-23 09:56:26 - [MESSAGE][PASSED] - Call Test Case 'Test Cases/Sekmeler/LinkSecilir' successfully

2021-11-23 09:56:26 - [MESSAGE][INFO] - Checking called Test Case

2021-11-23 09:56:26 - [MESSAGE][INFO] - Starting to call Test Case 'Test Cases/Tablo/TablodaVeriVarMi'

2021-11-23 09:56:26 - [TEST_CASE][PASSED] - Test Cases/Tablo/TablodaVeriVarMi: Test Cases/Tablo/TablodaVeriVarMi

2021-11-23 09:56:26 - [TEST_STEP][PASSED] - verifyTextNotPresent("Görüntülenecek veri yok", true): Text 'Görüntülenecek veri yok' is not present on page using regular expression

2021-11-23 09:56:26 - [MESSAGE][INFO] - Checking text present  using regular expression

2021-11-23 09:56:26 - [MESSAGE][INFO] - Smart Wait Function is triggered

2021-11-23 09:56:27 - [MESSAGE][INFO] - Finding text 'Görüntülenecek veri yok' on page  using regular expression

2021-11-23 09:56:27 - [MESSAGE][PASSED] - Text 'Görüntülenecek veri yok' is not present on page using regular expression

2021-11-23 09:56:27 - [MESSAGE][PASSED] - Call Test Case 'Test Cases/Tablo/TablodaVeriVarMi' successfully

2021-11-23 09:56:27 - [MESSAGE][INFO] - Checking called Test Case

2021-11-23 09:56:27 - [MESSAGE][INFO] - Starting to call Test Case 'Test Cases/Sekmeler/LinkSecilir'

2021-11-23 09:56:27 - [TEST_CASE][PASSED] - Test Cases/Sekmeler/LinkSecilir: Test Cases/Sekmeler/LinkSecilir

2021-11-23 09:56:27 - [TEST_STEP][PASSED] - navigateToUrl(Link, STOP_ON_FAILURE): Navigate to 'https://efatura-stage.elogo.com.tr/Despatch/DespatchAdviceOutgoing?EnvelopeId=b1710935-338d-40fb-a67f-59d2728f56b0&CreationStartDate=06.10.2021' successfully

2021-11-23 09:56:27 - [MESSAGE][INFO] - Checking url

2021-11-23 09:56:27 - [MESSAGE][INFO] - Navigating to 'https://efatura-stage.elogo.com.tr/Despatch/DespatchAdviceOutgoing?EnvelopeId=b1710935-338d-40fb-a67f-59d2728f56b0&CreationStartDate=06.10.2021'

2021-11-23 09:56:28 - [MESSAGE][PASSED] - Navigate to 'https://efatura-stage.elogo.com.tr/Despatch/DespatchAdviceOutgoing?EnvelopeId=b1710935-338d-40fb-a67f-59d2728f56b0&CreationStartDate=06.10.2021' successfully

2021-11-23 09:56:28 - [TEST_STEP][PASSED] - delay(2): Delayed 2 second(s)

2021-11-23 09:56:28 - [MESSAGE][INFO] - Delaying browser in 2 second(s)

2021-11-23 09:56:30 - [MESSAGE][PASSED] - Delayed 2 second(s)

2021-11-23 09:56:30 - [MESSAGE][PASSED] - Call Test Case 'Test Cases/Sekmeler/LinkSecilir' successfully

2021-11-23 09:56:30 - [MESSAGE][INFO] - Checking called Test Case

2021-11-23 09:56:30 - [MESSAGE][INFO] - Starting to call Test Case 'Test Cases/Tablo/TablodaVeriYokMu'

2021-11-23 09:56:30 - [TEST_CASE][PASSED] - Test Cases/Tablo/TablodaVeriYokMu: Test Cases/Tablo/TablodaVeriYokMu

2021-11-23 09:56:30 - [TEST_STEP][PASSED] - verifyTextPresent("Görüntülenecek veri yok", true): Text 'Görüntülenecek veri yok' is present on page  using regular expression

2021-11-23 09:56:30 - [MESSAGE][INFO] - Checking text present  using regular expression

2021-11-23 09:56:30 - [MESSAGE][INFO] - Smart Wait Function is triggered

2021-11-23 09:56:30 - [MESSAGE][INFO] - Finding text 'Görüntülenecek veri yok' on page  using regular expression

2021-11-23 09:56:30 - [MESSAGE][PASSED] - Text 'Görüntülenecek veri yok' is present on page  using regular expression

2021-11-23 09:56:30 - [MESSAGE][PASSED] - Call Test Case 'Test Cases/Tablo/TablodaVeriYokMu' successfully

2021-11-23 09:56:30 - [MESSAGE][INFO] - Checking called Test Case

2021-11-23 09:56:30 - [MESSAGE][INFO] - Starting to call Test Case 'Test Cases/Sekmeler/LinkSecilir'

2021-11-23 09:56:30 - [TEST_CASE][PASSED] - Test Cases/Sekmeler/LinkSecilir: Test Cases/Sekmeler/LinkSecilir

2021-11-23 09:56:30 - [TEST_STEP][PASSED] - navigateToUrl(Link, STOP_ON_FAILURE): Navigate to 'https://efatura-stage.elogo.com.tr/Despatch/ReceiptAdviceOutgoing?Option=0&CreationStartDate=14.10.2021&EnvelopeId=2aaadaee-6254-4520-97e3-92c0d540eb82' successfully

2021-11-23 09:56:30 - [MESSAGE][INFO] - Checking url

2021-11-23 09:56:30 - [MESSAGE][INFO] - Navigating to 'https://efatura-stage.elogo.com.tr/Despatch/ReceiptAdviceOutgoing?Option=0&CreationStartDate=14.10.2021&EnvelopeId=2aaadaee-6254-4520-97e3-92c0d540eb82'

2021-11-23 09:56:31 - [MESSAGE][PASSED] - Navigate to 'https://efatura-stage.elogo.com.tr/Despatch/ReceiptAdviceOutgoing?Option=0&CreationStartDate=14.10.2021&EnvelopeId=2aaadaee-6254-4520-97e3-92c0d540eb82' successfully

2021-11-23 09:56:31 - [TEST_STEP][PASSED] - delay(2): Delayed 2 second(s)

2021-11-23 09:56:31 - [MESSAGE][INFO] - Delaying browser in 2 second(s)

2021-11-23 09:56:33 - [MESSAGE][PASSED] - Delayed 2 second(s)

2021-11-23 09:56:33 - [MESSAGE][PASSED] - Call Test Case 'Test Cases/Sekmeler/LinkSecilir' successfully

2021-11-23 09:56:33 - [MESSAGE][INFO] - Checking called Test Case

2021-11-23 09:56:33 - [MESSAGE][INFO] - Starting to call Test Case 'Test Cases/Tablo/TablodaVeriVarMi'

2021-11-23 09:56:33 - [TEST_CASE][PASSED] - Test Cases/Tablo/TablodaVeriVarMi: Test Cases/Tablo/TablodaVeriVarMi

2021-11-23 09:56:34 - [TEST_STEP][PASSED] - verifyTextNotPresent("Görüntülenecek veri yok", true): Text 'Görüntülenecek veri yok' is not present on page using regular expression

2021-11-23 09:56:34 - [MESSAGE][INFO] - Checking text present  using regular expression

2021-11-23 09:56:34 - [MESSAGE][INFO] - Smart Wait Function is triggered

2021-11-23 09:56:34 - [MESSAGE][INFO] - Finding text 'Görüntülenecek veri yok' on page  using regular expression

2021-11-23 09:56:34 - [MESSAGE][PASSED] - Text 'Görüntülenecek veri yok' is not present on page using regular expression

2021-11-23 09:56:34 - [MESSAGE][PASSED] - Call Test Case 'Test Cases/Tablo/TablodaVeriVarMi' successfully

2021-11-23 09:56:34 - [MESSAGE][INFO] - Checking called Test Case

2021-11-23 09:56:34 - [MESSAGE][INFO] - Starting to call Test Case 'Test Cases/Sekmeler/LinkSecilir'

2021-11-23 09:56:34 - [TEST_CASE][PASSED] - Test Cases/Sekmeler/LinkSecilir: Test Cases/Sekmeler/LinkSecilir

2021-11-23 09:56:34 - [TEST_STEP][PASSED] - navigateToUrl(Link, STOP_ON_FAILURE): Navigate to 'https://efatura-stage.elogo.com.tr/Despatch/ReceiptAdviceOutgoing?Option=0&CreationStartDate=03.12.2020&EnvelopeId=d1bd76b8-261f-4421-885c-1454271a4dd1' successfully

2021-11-23 09:56:34 - [MESSAGE][INFO] - Checking url

2021-11-23 09:56:34 - [MESSAGE][INFO] - Navigating to 'https://efatura-stage.elogo.com.tr/Despatch/ReceiptAdviceOutgoing?Option=0&CreationStartDate=03.12.2020&EnvelopeId=d1bd76b8-261f-4421-885c-1454271a4dd1'

2021-11-23 09:56:35 - [MESSAGE][PASSED] - Navigate to 'https://efatura-stage.elogo.com.tr/Despatch/ReceiptAdviceOutgoing?Option=0&CreationStartDate=03.12.2020&EnvelopeId=d1bd76b8-261f-4421-885c-1454271a4dd1' successfully

2021-11-23 09:56:35 - [TEST_STEP][PASSED] - delay(2): Delayed 2 second(s)

2021-11-23 09:56:35 - [MESSAGE][INFO] - Delaying browser in 2 second(s)

2021-11-23 09:56:37 - [MESSAGE][PASSED] - Delayed 2 second(s)

2021-11-23 09:56:37 - [MESSAGE][PASSED] - Call Test Case 'Test Cases/Sekmeler/LinkSecilir' successfully

2021-11-23 09:56:37 - [MESSAGE][INFO] - Checking called Test Case

2021-11-23 09:56:37 - [MESSAGE][INFO] - Starting to call Test Case 'Test Cases/Tablo/TablodaVeriYokMu'

2021-11-23 09:56:37 - [TEST_CASE][PASSED] - Test Cases/Tablo/TablodaVeriYokMu: Test Cases/Tablo/TablodaVeriYokMu

2021-11-23 09:56:37 - [TEST_STEP][PASSED] - verifyTextPresent("Görüntülenecek veri yok", true): Text 'Görüntülenecek veri yok' is present on page  using regular expression

2021-11-23 09:56:37 - [MESSAGE][INFO] - Checking text present  using regular expression

2021-11-23 09:56:37 - [MESSAGE][INFO] - Smart Wait Function is triggered

2021-11-23 09:56:38 - [MESSAGE][INFO] - Finding text 'Görüntülenecek veri yok' on page  using regular expression

2021-11-23 09:56:38 - [MESSAGE][PASSED] - Text 'Görüntülenecek veri yok' is present on page  using regular expression

2021-11-23 09:56:38 - [MESSAGE][PASSED] - Call Test Case 'Test Cases/Tablo/TablodaVeriYokMu' successfully

2021-11-23 09:56:38 - [MESSAGE][INFO] - Checking called Test Case

2021-11-23 09:56:38 - [MESSAGE][INFO] - Starting to call Test Case 'Test Cases/Sekmeler/LinkSecilir'

2021-11-23 09:56:38 - [TEST_CASE][PASSED] - Test Cases/Sekmeler/LinkSecilir: Test Cases/Sekmeler/LinkSecilir

2021-11-23 09:56:38 - [TEST_STEP][PASSED] - navigateToUrl(Link, STOP_ON_FAILURE): Navigate to 'https://efatura-stage.elogo.com.tr/Despatch/DespatchAdvice?Param=0-2' successfully

2021-11-23 09:56:38 - [MESSAGE][INFO] - Checking url

2021-11-23 09:56:38 - [MESSAGE][INFO] - Navigating to 'https://efatura-stage.elogo.com.tr/Despatch/DespatchAdvice?Param=0-2'

2021-11-23 09:56:39 - [MESSAGE][PASSED] - Navigate to 'https://efatura-stage.elogo.com.tr/Despatch/DespatchAdvice?Param=0-2' successfully

2021-11-23 09:56:39 - [TEST_STEP][PASSED] - delay(2): Delayed 2 second(s)

2021-11-23 09:56:39 - [MESSAGE][INFO] - Delaying browser in 2 second(s)

2021-11-23 09:56:41 - [MESSAGE][PASSED] - Delayed 2 second(s)

2021-11-23 09:56:41 - [MESSAGE][PASSED] - Call Test Case 'Test Cases/Sekmeler/LinkSecilir' successfully

2021-11-23 09:56:41 - [MESSAGE][INFO] - Checking called Test Case

2021-11-23 09:56:41 - [MESSAGE][INFO] - Starting to call Test Case 'Test Cases/Kullanici_Islemleri/KullaniciIslemlerindenSecimYapilir'

2021-11-23 09:56:42 - [TEST_CASE][PASSED] - Test Cases/Kullanici_Islemleri/KullaniciIslemlerindenSecimYapilir: Test Cases/Kullanici_Islemleri/KullaniciIslemlerindenSecimYapilir

2021-11-23 09:56:42 - [TEST_STEP][PASSED] - waitForElementClickable(findTestObject("Object Repository/Kullanici_Islemleri/KullaniciIslemleri"), 10): Object 'Object Repository/Kullanici_Islemleri/KullaniciIslemleri' is clickable

2021-11-23 09:56:42 - [MESSAGE][INFO] - Finding Test Object 'Object Repository/Kullanici_Islemleri/KullaniciIslemleri'

2021-11-23 09:56:42 - [MESSAGE][INFO] - Checking object

2021-11-23 09:56:42 - [MESSAGE][INFO] - Checking timeout

2021-11-23 09:56:42 - [MESSAGE][INFO] - Finding web element from Test Object's properties

2021-11-23 09:56:42 - [MESSAGE][INFO] - Checking timeout

2021-11-23 09:56:42 - [MESSAGE][INFO] - Finding web element with id: 'Object Repository/Kullanici_Islemleri/KullaniciIslemleri' located by 'By.cssSelector: .dropdown>a>img' in '10' second(s)

2021-11-23 09:56:42 - [MESSAGE][INFO] - Smart Wait Function is triggered

2021-11-23 09:56:42 - [MESSAGE][INFO] - Found 1 web elements with id: 'Object Repository/Kullanici_Islemleri/KullaniciIslemleri' located by 'By.cssSelector: .dropdown>a>img' in '10' second(s)

2021-11-23 09:56:42 - [MESSAGE][PASSED] - Object 'Object Repository/Kullanici_Islemleri/KullaniciIslemleri' is clickable

2021-11-23 09:56:42 - [TEST_STEP][PASSED] - click(findTestObject("Object Repository/Kullanici_Islemleri/KullaniciIslemleri")): Object: 'Object Repository/Kullanici_Islemleri/KullaniciIslemleri' is clicked on

2021-11-23 09:56:42 - [MESSAGE][INFO] - Finding Test Object 'Object Repository/Kullanici_Islemleri/KullaniciIslemleri'

2021-11-23 09:56:42 - [MESSAGE][INFO] - Checking object

2021-11-23 09:56:42 - [MESSAGE][INFO] - Finding web element from Test Object's properties

2021-11-23 09:56:42 - [MESSAGE][INFO] - Checking timeout

2021-11-23 09:56:42 - [MESSAGE][INFO] - Finding web element with id: 'Object Repository/Kullanici_Islemleri/KullaniciIslemleri' located by 'By.cssSelector: .dropdown>a>img' in '30' second(s)

2021-11-23 09:56:42 - [MESSAGE][INFO] - Smart Wait Function is triggered

2021-11-23 09:56:42 - [MESSAGE][INFO] - Found 1 web elements with id: 'Object Repository/Kullanici_Islemleri/KullaniciIslemleri' located by 'By.cssSelector: .dropdown>a>img' in '30' second(s)

2021-11-23 09:56:42 - [MESSAGE][INFO] - Clicking on object: 'Object Repository/Kullanici_Islemleri/KullaniciIslemleri'

2021-11-23 09:56:42 - [MESSAGE][PASSED] - Object: 'Object Repository/Kullanici_Islemleri/KullaniciIslemleri' is clicked on

2021-11-23 09:56:42 - [TEST_STEP][PASSED] - Method.TextDegerineEsitElementeTikla(findTestObject("Object Repository/Kullanici_Islemleri/Secenekler"), Islem): Method.TextDegerineEsitElementeTikla is PASSED

2021-11-23 09:56:42 - [MESSAGE][INFO] - Finding Test Object 'Object Repository/Kullanici_Islemleri/Secenekler'

2021-11-23 09:56:43 - [MESSAGE][INFO] - Checking timeout

2021-11-23 09:56:43 - [MESSAGE][INFO] - Finding web element with id: 'Object Repository/Kullanici_Islemleri/Secenekler' located by 'By.cssSelector: .nav.navbar-nav.navbar-right li a' in '10' second(s)

2021-11-23 09:56:43 - [MESSAGE][INFO] - Smart Wait Function is triggered

2021-11-23 09:56:43 - [MESSAGE][INFO] - Found 22 web elements with id: 'Object Repository/Kullanici_Islemleri/Secenekler' located by 'By.cssSelector: .nav.navbar-nav.navbar-right li a' in '10' second(s)

2021-11-23 09:56:44 - [MESSAGE][PASSED] - Method.TextDegerineEsitElementeTikla is PASSED

2021-11-23 09:56:44 - [TEST_STEP][PASSED] - verifyElementNotPresent(findTestObject("Object Repository/Kullanici_Islemleri/Secenekler"), 10): Web element with id: 'Object Repository/Kullanici_Islemleri/Secenekler' located by 'By.cssSelector: .nav.navbar-nav.navbar-right li a' is not present after '10' second(s)

2021-11-23 09:56:44 - [MESSAGE][INFO] - Finding Test Object 'Object Repository/Kullanici_Islemleri/Secenekler'

2021-11-23 09:56:44 - [MESSAGE][INFO] - Checking object

2021-11-23 09:56:44 - [MESSAGE][INFO] - Checking timeout

2021-11-23 09:56:44 - [MESSAGE][INFO] - Finding web element with id: 'Object Repository/Kullanici_Islemleri/Secenekler' located by 'By.cssSelector: .nav.navbar-nav.navbar-right li a' in '10' second(s)

2021-11-23 09:56:44 - [MESSAGE][INFO] - Smart Wait Function is triggered

2021-11-23 09:56:45 - [MESSAGE][PASSED] - Web element with id: 'Object Repository/Kullanici_Islemleri/Secenekler' located by 'By.cssSelector: .nav.navbar-nav.navbar-right li a' is not present after '10' second(s)

2021-11-23 09:56:45 - [MESSAGE][PASSED] - Call Test Case 'Test Cases/Kullanici_Islemleri/KullaniciIslemlerindenSecimYapilir' successfully

2021-11-23 09:56:45 - [MESSAGE][INFO] - Checking called Test Case

2021-11-23 09:56:45 - [MESSAGE][INFO] - Starting to call Test Case 'Test Cases/Sayfalar/Giris_Sayfasi/Login'

2021-11-23 09:56:45 - [TEST_CASE][PASSED] - Test Cases/Sayfalar/Giris_Sayfasi/Login: Test Cases/Sayfalar/Giris_Sayfasi/Login

2021-11-23 09:56:45 - [TEST_STEP][PASSED] - Sayfa_Basligi = getWindowTitle(): Current window's title is: 'LOGO e-Fatura'

2021-11-23 09:56:45 - [MESSAGE][INFO] - Getting current window's title

2021-11-23 09:56:45 - [MESSAGE][PASSED] - Current window's title is: 'LOGO e-Fatura'

2021-11-23 09:56:45 - [TEST_STEP][PASSED] - verifyMatch(Sayfa_Basligi, "LOGO e-Fatura", false): Actual text 'LOGO e-Fatura' and expected text 'LOGO e-Fatura' are matched 

2021-11-23 09:56:45 - [MESSAGE][INFO] - Matching actual text 'LOGO e-Fatura' with expected text 'LOGO e-Fatura'

2021-11-23 09:56:45 - [MESSAGE][PASSED] - Actual text 'LOGO e-Fatura' and expected text 'LOGO e-Fatura' are matched 

2021-11-23 09:56:45 - [TEST_STEP][PASSED] - sendKeys(findTestObject("Sayfalar/Giris_Sayfasi/Firma_Kodu"), KullaniciAdi): Keys 'ELOGOGIB' sent to object: 'Object Repository/Sayfalar/Giris_Sayfasi/Firma_Kodu'

2021-11-23 09:56:45 - [MESSAGE][INFO] - Finding Test Object 'Object Repository/Sayfalar/Giris_Sayfasi/Firma_Kodu'

2021-11-23 09:56:45 - [MESSAGE][INFO] - Sending keys 'ELOGOGIB' to object: 'Object Repository/Sayfalar/Giris_Sayfasi/Firma_Kodu'

2021-11-23 09:56:45 - [MESSAGE][INFO] - Finding web element from Test Object's properties

2021-11-23 09:56:45 - [MESSAGE][INFO] - Checking timeout

2021-11-23 09:56:45 - [MESSAGE][INFO] - Finding web element with id: 'Object Repository/Sayfalar/Giris_Sayfasi/Firma_Kodu' located by 'By.xpath: //*[@id = 'AccountName']' in '30' second(s)

2021-11-23 09:56:45 - [MESSAGE][INFO] - Smart Wait Function is triggered

2021-11-23 09:56:45 - [MESSAGE][INFO] - Found 1 web elements with id: 'Object Repository/Sayfalar/Giris_Sayfasi/Firma_Kodu' located by 'By.xpath: //*[@id = 'AccountName']' in '30' second(s)

2021-11-23 09:56:45 - [MESSAGE][PASSED] - Keys 'ELOGOGIB' sent to object: 'Object Repository/Sayfalar/Giris_Sayfasi/Firma_Kodu'

2021-11-23 09:56:45 - [TEST_STEP][PASSED] - sendKeys(findTestObject("Sayfalar/Giris_Sayfasi/Sifre"), Sifre): Keys '123456' sent to object: 'Object Repository/Sayfalar/Giris_Sayfasi/Sifre'

2021-11-23 09:56:45 - [MESSAGE][INFO] - Finding Test Object 'Object Repository/Sayfalar/Giris_Sayfasi/Sifre'

2021-11-23 09:56:46 - [MESSAGE][INFO] - Sending keys '123456' to object: 'Object Repository/Sayfalar/Giris_Sayfasi/Sifre'

2021-11-23 09:56:46 - [MESSAGE][INFO] - Finding web element from Test Object's properties

2021-11-23 09:56:46 - [MESSAGE][INFO] - Checking timeout

2021-11-23 09:56:46 - [MESSAGE][INFO] - Finding web element with id: 'Object Repository/Sayfalar/Giris_Sayfasi/Sifre' located by 'By.xpath: //*[@id = 'Password']' in '30' second(s)

2021-11-23 09:56:46 - [MESSAGE][INFO] - Smart Wait Function is triggered

2021-11-23 09:56:46 - [MESSAGE][INFO] - Found 1 web elements with id: 'Object Repository/Sayfalar/Giris_Sayfasi/Sifre' located by 'By.xpath: //*[@id = 'Password']' in '30' second(s)

2021-11-23 09:56:46 - [MESSAGE][PASSED] - Keys '123456' sent to object: 'Object Repository/Sayfalar/Giris_Sayfasi/Sifre'

2021-11-23 09:56:46 - [TEST_STEP][PASSED] - findWebElement(findTestObject("Sayfalar/Giris_Sayfasi/Giris_Butonu")).click(): Found 1 web elements with id: 'Object Repository/Sayfalar/Giris_Sayfasi/Giris_Butonu' located by 'By.cssSelector: #btnLogin' in '30' second(s)

2021-11-23 09:56:46 - [MESSAGE][INFO] - Finding Test Object 'Object Repository/Sayfalar/Giris_Sayfasi/Giris_Butonu'

2021-11-23 09:56:46 - [MESSAGE][INFO] - Finding web element from Test Object's properties

2021-11-23 09:56:46 - [MESSAGE][INFO] - Checking timeout

2021-11-23 09:56:46 - [MESSAGE][INFO] - Finding web element with id: 'Object Repository/Sayfalar/Giris_Sayfasi/Giris_Butonu' located by 'By.cssSelector: #btnLogin' in '30' second(s)

2021-11-23 09:56:46 - [MESSAGE][INFO] - Smart Wait Function is triggered

2021-11-23 09:56:46 - [MESSAGE][INFO] - Found 1 web elements with id: 'Object Repository/Sayfalar/Giris_Sayfasi/Giris_Butonu' located by 'By.cssSelector: #btnLogin' in '30' second(s)

2021-11-23 09:56:47 - [TEST_STEP][PASSED] - if (verifyElementPresent(findTestObject("Object Repository/Sayfalar/Giris_Sayfasi/RetveTamam_Butonu"), 5, OPTIONAL)): null

2021-11-23 09:56:47 - [MESSAGE][INFO] - Finding Test Object 'Object Repository/Sayfalar/Giris_Sayfasi/RetveTamam_Butonu'

2021-11-23 09:56:47 - [MESSAGE][INFO] - Checking object

2021-11-23 09:56:47 - [MESSAGE][INFO] - Finding web element from Test Object's properties

2021-11-23 09:56:47 - [MESSAGE][INFO] - Checking timeout

2021-11-23 09:56:47 - [MESSAGE][INFO] - Finding web element with id: 'Object Repository/Sayfalar/Giris_Sayfasi/RetveTamam_Butonu' located by 'By.xpath: //*[@class = 'btn btn-default']' in '5' second(s)

2021-11-23 09:56:47 - [MESSAGE][INFO] - Smart Wait Function is triggered

2021-11-23 09:56:48 - [MESSAGE][INFO] - Found 1 web elements with id: 'Object Repository/Sayfalar/Giris_Sayfasi/RetveTamam_Butonu' located by 'By.xpath: //*[@class = 'btn btn-default']' in '5' second(s)

2021-11-23 09:56:48 - [MESSAGE][PASSED] - Object 'Object Repository/Sayfalar/Giris_Sayfasi/RetveTamam_Butonu' is present

2021-11-23 09:56:48 - [TEST_STEP][PASSED] - click(findTestObject("Object Repository/Sayfalar/Giris_Sayfasi/RetveTamam_Butonu")): Object: 'Object Repository/Sayfalar/Giris_Sayfasi/RetveTamam_Butonu' is clicked on

2021-11-23 09:56:48 - [MESSAGE][INFO] - Finding Test Object 'Object Repository/Sayfalar/Giris_Sayfasi/RetveTamam_Butonu'

2021-11-23 09:56:48 - [MESSAGE][INFO] - Checking object

2021-11-23 09:56:48 - [MESSAGE][INFO] - Finding web element from Test Object's properties

2021-11-23 09:56:48 - [MESSAGE][INFO] - Checking timeout

2021-11-23 09:56:48 - [MESSAGE][INFO] - Finding web element with id: 'Object Repository/Sayfalar/Giris_Sayfasi/RetveTamam_Butonu' located by 'By.xpath: //*[@class = 'btn btn-default']' in '30' second(s)

2021-11-23 09:56:48 - [MESSAGE][INFO] - Smart Wait Function is triggered

2021-11-23 09:56:48 - [MESSAGE][INFO] - Found 1 web elements with id: 'Object Repository/Sayfalar/Giris_Sayfasi/RetveTamam_Butonu' located by 'By.xpath: //*[@class = 'btn btn-default']' in '30' second(s)

2021-11-23 09:56:48 - [MESSAGE][INFO] - Clicking on object: 'Object Repository/Sayfalar/Giris_Sayfasi/RetveTamam_Butonu'

2021-11-23 09:56:48 - [MESSAGE][PASSED] - Object: 'Object Repository/Sayfalar/Giris_Sayfasi/RetveTamam_Butonu' is clicked on

2021-11-23 09:56:48 - [TEST_STEP][PASSED] - click(findTestObject("Object Repository/Sayfalar/Giris_Sayfasi/RetveTamam_Butonu")): Object: 'Object Repository/Sayfalar/Giris_Sayfasi/RetveTamam_Butonu' is clicked on

2021-11-23 09:56:48 - [MESSAGE][INFO] - Finding Test Object 'Object Repository/Sayfalar/Giris_Sayfasi/RetveTamam_Butonu'

2021-11-23 09:56:48 - [MESSAGE][INFO] - Checking object

2021-11-23 09:56:48 - [MESSAGE][INFO] - Finding web element from Test Object's properties

2021-11-23 09:56:48 - [MESSAGE][INFO] - Checking timeout

2021-11-23 09:56:48 - [MESSAGE][INFO] - Finding web element with id: 'Object Repository/Sayfalar/Giris_Sayfasi/RetveTamam_Butonu' located by 'By.xpath: //*[@class = 'btn btn-default']' in '30' second(s)

2021-11-23 09:56:48 - [MESSAGE][INFO] - Smart Wait Function is triggered

2021-11-23 09:56:55 - [MESSAGE][INFO] - Found 1 web elements with id: 'Object Repository/Sayfalar/Giris_Sayfasi/RetveTamam_Butonu' located by 'By.xpath: //*[@class = 'btn btn-default']' in '30' second(s)

2021-11-23 09:56:55 - [MESSAGE][INFO] - Clicking on object: 'Object Repository/Sayfalar/Giris_Sayfasi/RetveTamam_Butonu'

2021-11-23 09:56:55 - [MESSAGE][PASSED] - Object: 'Object Repository/Sayfalar/Giris_Sayfasi/RetveTamam_Butonu' is clicked on

2021-11-23 09:56:55 - [TEST_STEP][PASSED] - if (verifyElementPresent(findTestObject("Sayfalar/Giris_Sayfasi/PopupOK"), 5, OPTIONAL)): null

2021-11-23 09:56:55 - [MESSAGE][INFO] - Finding Test Object 'Object Repository/Sayfalar/Giris_Sayfasi/PopupOK'

2021-11-23 09:56:55 - [MESSAGE][INFO] - Checking object

2021-11-23 09:56:55 - [MESSAGE][INFO] - Finding web element from Test Object's properties

2021-11-23 09:56:55 - [MESSAGE][INFO] - Checking timeout

2021-11-23 09:56:55 - [MESSAGE][INFO] - Finding web element with id: 'Object Repository/Sayfalar/Giris_Sayfasi/PopupOK' located by 'By.cssSelector: .btn.btn-success' in '5' second(s)

2021-11-23 09:56:55 - [MESSAGE][INFO] - Smart Wait Function is triggered

2021-11-23 09:56:56 - [MESSAGE][INFO] - Found 1 web elements with id: 'Object Repository/Sayfalar/Giris_Sayfasi/PopupOK' located by 'By.cssSelector: .btn.btn-success' in '5' second(s)

2021-11-23 09:56:56 - [MESSAGE][PASSED] - Object 'Object Repository/Sayfalar/Giris_Sayfasi/PopupOK' is present

2021-11-23 09:56:56 - [TEST_STEP][PASSED] - click(findTestObject("Object Repository/Sayfalar/Giris_Sayfasi/PopupCarpiGiris")): Object: 'Object Repository/Sayfalar/Giris_Sayfasi/PopupCarpiGiris' is clicked on

2021-11-23 09:56:56 - [MESSAGE][INFO] - Finding Test Object 'Object Repository/Sayfalar/Giris_Sayfasi/PopupCarpiGiris'

2021-11-23 09:56:56 - [MESSAGE][INFO] - Checking object

2021-11-23 09:56:56 - [MESSAGE][INFO] - Finding web element from Test Object's properties

2021-11-23 09:56:56 - [MESSAGE][INFO] - Checking timeout

2021-11-23 09:56:56 - [MESSAGE][INFO] - Finding web element with id: 'Object Repository/Sayfalar/Giris_Sayfasi/PopupCarpiGiris' located by 'By.cssSelector: .bootbox-close-button.close' in '30' second(s)

2021-11-23 09:56:56 - [MESSAGE][INFO] - Smart Wait Function is triggered

2021-11-23 09:56:56 - [MESSAGE][INFO] - Found 1 web elements with id: 'Object Repository/Sayfalar/Giris_Sayfasi/PopupCarpiGiris' located by 'By.cssSelector: .bootbox-close-button.close' in '30' second(s)

2021-11-23 09:56:56 - [MESSAGE][INFO] - Clicking on object: 'Object Repository/Sayfalar/Giris_Sayfasi/PopupCarpiGiris'

2021-11-23 09:56:56 - [MESSAGE][PASSED] - Object: 'Object Repository/Sayfalar/Giris_Sayfasi/PopupCarpiGiris' is clicked on

2021-11-23 09:56:56 - [TEST_STEP][PASSED] - verifyElementVisible(findTestObject("Object Repository/Kullanici_Islemleri/KullaniciIslemleri")): Object 'Object Repository/Kullanici_Islemleri/KullaniciIslemleri' is visible

2021-11-23 09:56:56 - [MESSAGE][INFO] - Finding Test Object 'Object Repository/Kullanici_Islemleri/KullaniciIslemleri'

2021-11-23 09:56:56 - [MESSAGE][INFO] - Checking object

2021-11-23 09:56:56 - [MESSAGE][INFO] - Finding web element from Test Object's properties

2021-11-23 09:56:56 - [MESSAGE][INFO] - Checking timeout

2021-11-23 09:56:56 - [MESSAGE][INFO] - Finding web element with id: 'Object Repository/Kullanici_Islemleri/KullaniciIslemleri' located by 'By.cssSelector: .dropdown>a>img' in '30' second(s)

2021-11-23 09:56:56 - [MESSAGE][INFO] - Smart Wait Function is triggered

2021-11-23 09:56:57 - [MESSAGE][INFO] - Found 1 web elements with id: 'Object Repository/Kullanici_Islemleri/KullaniciIslemleri' located by 'By.cssSelector: .dropdown>a>img' in '30' second(s)

2021-11-23 09:56:57 - [MESSAGE][PASSED] - Object 'Object Repository/Kullanici_Islemleri/KullaniciIslemleri' is visible

2021-11-23 09:56:57 - [MESSAGE][PASSED] - Call Test Case 'Test Cases/Sayfalar/Giris_Sayfasi/Login' successfully

2021-11-23 09:56:57 - [MESSAGE][INFO] - Checking called Test Case

2021-11-23 09:56:57 - [MESSAGE][INFO] - Starting to call Test Case 'Test Cases/Sekmeler/LinkSecilir'

2021-11-23 09:56:57 - [TEST_CASE][PASSED] - Test Cases/Sekmeler/LinkSecilir: Test Cases/Sekmeler/LinkSecilir

2021-11-23 09:56:57 - [TEST_STEP][PASSED] - navigateToUrl(Link, STOP_ON_FAILURE): Navigate to 'https://efatura-stage.elogo.com.tr/Envelope/OutgoingEnvelopeDisplayUbl?id=116184130' successfully

2021-11-23 09:56:57 - [MESSAGE][INFO] - Checking url

2021-11-23 09:56:57 - [MESSAGE][INFO] - Navigating to 'https://efatura-stage.elogo.com.tr/Envelope/OutgoingEnvelopeDisplayUbl?id=116184130'

2021-11-23 09:57:07 - [MESSAGE][PASSED] - Navigate to 'https://efatura-stage.elogo.com.tr/Envelope/OutgoingEnvelopeDisplayUbl?id=116184130' successfully

2021-11-23 09:57:07 - [TEST_STEP][PASSED] - delay(2): Delayed 2 second(s)

2021-11-23 09:57:07 - [MESSAGE][INFO] - Delaying browser in 2 second(s)

2021-11-23 09:57:09 - [MESSAGE][PASSED] - Delayed 2 second(s)

2021-11-23 09:57:09 - [MESSAGE][PASSED] - Call Test Case 'Test Cases/Sekmeler/LinkSecilir' successfully

2021-11-23 09:57:09 - [MESSAGE][INFO] - Checking called Test Case

2021-11-23 09:57:09 - [MESSAGE][INFO] - Starting to call Test Case 'Test Cases/Sekmeler/MesajGeldiMi'

2021-11-23 09:57:09 - [TEST_CASE][PASSED] - Test Cases/Sekmeler/MesajGeldiMi: Test Cases/Sekmeler/MesajGeldiMi

2021-11-23 09:57:09 - [TEST_STEP][PASSED] - Method.TextDegerineEsitElementVarMi(findTestObject("Object Repository/Sekmeler/HataMesaji"), Mesaj): Method.TextDegerineEsitElementVarMi is PASSED

2021-11-23 09:57:09 - [MESSAGE][INFO] - Finding Test Object 'Object Repository/Sekmeler/HataMesaji'

2021-11-23 09:57:09 - [MESSAGE][INFO] - Checking timeout

2021-11-23 09:57:09 - [MESSAGE][INFO] - Finding web element with id: 'Object Repository/Sekmeler/HataMesaji' located by 'By.xpath: /html/body' in '10' second(s)

2021-11-23 09:57:09 - [MESSAGE][INFO] - Smart Wait Function is triggered

2021-11-23 09:57:10 - [MESSAGE][INFO] - Found 1 web elements with id: 'Object Repository/Sekmeler/HataMesaji' located by 'By.xpath: /html/body' in '10' second(s)

2021-11-23 09:57:10 - [MESSAGE][PASSED] - Method.TextDegerineEsitElementVarMi is PASSED

2021-11-23 09:57:10 - [MESSAGE][PASSED] - Call Test Case 'Test Cases/Sekmeler/MesajGeldiMi' successfully

2021-11-23 09:57:10 - [MESSAGE][INFO] - Checking called Test Case

2021-11-23 09:57:10 - [MESSAGE][INFO] - Starting to call Test Case 'Test Cases/Sekmeler/LinkSecilir'

2021-11-23 09:57:10 - [TEST_CASE][PASSED] - Test Cases/Sekmeler/LinkSecilir: Test Cases/Sekmeler/LinkSecilir

2021-11-23 09:57:10 - [TEST_STEP][PASSED] - navigateToUrl(Link, STOP_ON_FAILURE): Navigate to 'https://efatura-stage.elogo.com.tr/Despatch/DespatchAdvice?Param=0-2' successfully

2021-11-23 09:57:10 - [MESSAGE][INFO] - Checking url

2021-11-23 09:57:10 - [MESSAGE][INFO] - Navigating to 'https://efatura-stage.elogo.com.tr/Despatch/DespatchAdvice?Param=0-2'

2021-11-23 09:57:11 - [MESSAGE][PASSED] - Navigate to 'https://efatura-stage.elogo.com.tr/Despatch/DespatchAdvice?Param=0-2' successfully

2021-11-23 09:57:11 - [TEST_STEP][PASSED] - delay(2): Delayed 2 second(s)

2021-11-23 09:57:11 - [MESSAGE][INFO] - Delaying browser in 2 second(s)

2021-11-23 09:57:13 - [MESSAGE][PASSED] - Delayed 2 second(s)

2021-11-23 09:57:13 - [MESSAGE][PASSED] - Call Test Case 'Test Cases/Sekmeler/LinkSecilir' successfully

2021-11-23 09:57:13 - [MESSAGE][INFO] - Checking called Test Case

2021-11-23 09:57:13 - [MESSAGE][INFO] - Starting to call Test Case 'Test Cases/Kullanici_Islemleri/KullaniciIslemlerindenSecimYapilir'

2021-11-23 09:57:13 - [TEST_CASE][PASSED] - Test Cases/Kullanici_Islemleri/KullaniciIslemlerindenSecimYapilir: Test Cases/Kullanici_Islemleri/KullaniciIslemlerindenSecimYapilir

2021-11-23 09:57:13 - [TEST_STEP][PASSED] - waitForElementClickable(findTestObject("Object Repository/Kullanici_Islemleri/KullaniciIslemleri"), 10): Object 'Object Repository/Kullanici_Islemleri/KullaniciIslemleri' is clickable

2021-11-23 09:57:13 - [MESSAGE][INFO] - Finding Test Object 'Object Repository/Kullanici_Islemleri/KullaniciIslemleri'

2021-11-23 09:57:13 - [MESSAGE][INFO] - Checking object

2021-11-23 09:57:13 - [MESSAGE][INFO] - Checking timeout

2021-11-23 09:57:13 - [MESSAGE][INFO] - Finding web element from Test Object's properties

2021-11-23 09:57:13 - [MESSAGE][INFO] - Checking timeout

2021-11-23 09:57:13 - [MESSAGE][INFO] - Finding web element with id: 'Object Repository/Kullanici_Islemleri/KullaniciIslemleri' located by 'By.cssSelector: .dropdown>a>img' in '10' second(s)

2021-11-23 09:57:13 - [MESSAGE][INFO] - Smart Wait Function is triggered

2021-11-23 09:57:13 - [MESSAGE][INFO] - Found 1 web elements with id: 'Object Repository/Kullanici_Islemleri/KullaniciIslemleri' located by 'By.cssSelector: .dropdown>a>img' in '10' second(s)

2021-11-23 09:57:13 - [MESSAGE][PASSED] - Object 'Object Repository/Kullanici_Islemleri/KullaniciIslemleri' is clickable

2021-11-23 09:57:13 - [TEST_STEP][PASSED] - click(findTestObject("Object Repository/Kullanici_Islemleri/KullaniciIslemleri")): Object: 'Object Repository/Kullanici_Islemleri/KullaniciIslemleri' is clicked on

2021-11-23 09:57:13 - [MESSAGE][INFO] - Finding Test Object 'Object Repository/Kullanici_Islemleri/KullaniciIslemleri'

2021-11-23 09:57:13 - [MESSAGE][INFO] - Checking object

2021-11-23 09:57:13 - [MESSAGE][INFO] - Finding web element from Test Object's properties

2021-11-23 09:57:13 - [MESSAGE][INFO] - Checking timeout

2021-11-23 09:57:13 - [MESSAGE][INFO] - Finding web element with id: 'Object Repository/Kullanici_Islemleri/KullaniciIslemleri' located by 'By.cssSelector: .dropdown>a>img' in '30' second(s)

2021-11-23 09:57:13 - [MESSAGE][INFO] - Smart Wait Function is triggered

2021-11-23 09:57:14 - [MESSAGE][INFO] - Found 1 web elements with id: 'Object Repository/Kullanici_Islemleri/KullaniciIslemleri' located by 'By.cssSelector: .dropdown>a>img' in '30' second(s)

2021-11-23 09:57:14 - [MESSAGE][INFO] - Clicking on object: 'Object Repository/Kullanici_Islemleri/KullaniciIslemleri'

2021-11-23 09:57:14 - [MESSAGE][PASSED] - Object: 'Object Repository/Kullanici_Islemleri/KullaniciIslemleri' is clicked on

2021-11-23 09:57:14 - [TEST_STEP][PASSED] - Method.TextDegerineEsitElementeTikla(findTestObject("Object Repository/Kullanici_Islemleri/Secenekler"), Islem): Method.TextDegerineEsitElementeTikla is PASSED

2021-11-23 09:57:14 - [MESSAGE][INFO] - Finding Test Object 'Object Repository/Kullanici_Islemleri/Secenekler'

2021-11-23 09:57:14 - [MESSAGE][INFO] - Checking timeout

2021-11-23 09:57:14 - [MESSAGE][INFO] - Finding web element with id: 'Object Repository/Kullanici_Islemleri/Secenekler' located by 'By.cssSelector: .nav.navbar-nav.navbar-right li a' in '10' second(s)

2021-11-23 09:57:14 - [MESSAGE][INFO] - Smart Wait Function is triggered

2021-11-23 09:57:14 - [MESSAGE][INFO] - Found 22 web elements with id: 'Object Repository/Kullanici_Islemleri/Secenekler' located by 'By.cssSelector: .nav.navbar-nav.navbar-right li a' in '10' second(s)

2021-11-23 09:57:16 - [MESSAGE][PASSED] - Method.TextDegerineEsitElementeTikla is PASSED

2021-11-23 09:57:16 - [TEST_STEP][PASSED] - verifyElementNotPresent(findTestObject("Object Repository/Kullanici_Islemleri/Secenekler"), 10): Web element with id: 'Object Repository/Kullanici_Islemleri/Secenekler' located by 'By.cssSelector: .nav.navbar-nav.navbar-right li a' is not present after '10' second(s)

2021-11-23 09:57:16 - [MESSAGE][INFO] - Finding Test Object 'Object Repository/Kullanici_Islemleri/Secenekler'

2021-11-23 09:57:16 - [MESSAGE][INFO] - Checking object

2021-11-23 09:57:16 - [MESSAGE][INFO] - Checking timeout

2021-11-23 09:57:16 - [MESSAGE][INFO] - Finding web element with id: 'Object Repository/Kullanici_Islemleri/Secenekler' located by 'By.cssSelector: .nav.navbar-nav.navbar-right li a' in '10' second(s)

2021-11-23 09:57:16 - [MESSAGE][INFO] - Smart Wait Function is triggered

2021-11-23 09:57:16 - [MESSAGE][PASSED] - Web element with id: 'Object Repository/Kullanici_Islemleri/Secenekler' located by 'By.cssSelector: .nav.navbar-nav.navbar-right li a' is not present after '10' second(s)

2021-11-23 09:57:16 - [MESSAGE][PASSED] - Call Test Case 'Test Cases/Kullanici_Islemleri/KullaniciIslemlerindenSecimYapilir' successfully

2021-11-23 09:57:16 - [TEST_CASE][PASSED] - Start Test Case : SCENARIO Zarflar Erisim Kontrol: SCENARIO Zarflar Erisim Kontrol

2021-11-23 09:57:16 - [TEST_STEP][PASSED] - Kullanıcı adı ELOGO6 ve Şifre 123456 olarak giriş yapılır: Kullanıcı adı ELOGO6 ve Şifre 123456 olarak giriş yapılır

2021-11-23 09:57:16 - [MESSAGE][PASSED] - Kullanıcı adı ELOGO6 ve Şifre 123456 olarak giriş yapılır

2021-11-23 09:57:16 - [TEST_STEP][PASSED] - https://efatura-stage.elogo.com.tr/Envelope/OutgoingEnvelopeDisplayUbl?id=116183191 isimli linke gidilir: https://efatura-stage.elogo.com.tr/Envelope/OutgoingEnvelopeDisplayUbl?id=116183191 isimli linke gidilir

2021-11-23 09:57:16 - [MESSAGE][PASSED] - https://efatura-stage.elogo.com.tr/Envelope/OutgoingEnvelopeDisplayUbl?id=116183191 isimli linke gidilir

2021-11-23 09:57:16 - [TEST_STEP][PASSED] - StandardBusinessDocument tagli ubl geldi mi: StandardBusinessDocument tagli ubl geldi mi

2021-11-23 09:57:16 - [MESSAGE][PASSED] - StandardBusinessDocument tagli ubl geldi mi

2021-11-23 09:57:16 - [TEST_STEP][PASSED] - https://efatura-stage.elogo.com.tr/Envelope/OutgoingEnvelopeDisplayUbl?id=116176233 isimli linke gidilir: https://efatura-stage.elogo.com.tr/Envelope/OutgoingEnvelopeDisplayUbl?id=116176233 isimli linke gidilir

2021-11-23 09:57:16 - [MESSAGE][PASSED] - https://efatura-stage.elogo.com.tr/Envelope/OutgoingEnvelopeDisplayUbl?id=116176233 isimli linke gidilir

2021-11-23 09:57:16 - [TEST_STEP][PASSED] - Gerekli hata mesaji Faturanız, fatura içerisindeki görünüm dosyası ile görüntülenememiştir. Faturanızı Varsayılan İle Göster butonu ile görüntülemeyi deneyebilirsiniz.: 116176233 geldi mi: Gerekli hata mesaji Faturanız, fatura içerisindeki görünüm dosyası ile görüntülenememiştir. Faturanızı Varsayılan İle Göster butonu ile görüntülemeyi deneyebilirsiniz.: 116176233 geldi mi

2021-11-23 09:57:16 - [MESSAGE][PASSED] - Gerekli hata mesaji Faturanız, fatura içerisindeki görünüm dosyası ile görüntülenememiştir. Faturanızı Varsayılan İle Göster butonu ile görüntülemeyi deneyebilirsiniz.: 116176233 geldi mi

2021-11-23 09:57:16 - [TEST_STEP][PASSED] - https://efatura-stage.elogo.com.tr/Envelope/OutgoingEnvelopeDisplayUbl?id=116182583 isimli linke gidilir: https://efatura-stage.elogo.com.tr/Envelope/OutgoingEnvelopeDisplayUbl?id=116182583 isimli linke gidilir

2021-11-23 09:57:16 - [MESSAGE][PASSED] - https://efatura-stage.elogo.com.tr/Envelope/OutgoingEnvelopeDisplayUbl?id=116182583 isimli linke gidilir

2021-11-23 09:57:16 - [TEST_STEP][PASSED] - StandardBusinessDocument tagli ubl geldi mi: StandardBusinessDocument tagli ubl geldi mi

2021-11-23 09:57:16 - [MESSAGE][PASSED] - StandardBusinessDocument tagli ubl geldi mi

2021-11-23 09:57:16 - [TEST_STEP][PASSED] - https://efatura-stage.elogo.com.tr/Envelope/OutgoingEnvelopeDisplayUbl?id=116142419 isimli linke gidilir: https://efatura-stage.elogo.com.tr/Envelope/OutgoingEnvelopeDisplayUbl?id=116142419 isimli linke gidilir

2021-11-23 09:57:16 - [MESSAGE][PASSED] - https://efatura-stage.elogo.com.tr/Envelope/OutgoingEnvelopeDisplayUbl?id=116142419 isimli linke gidilir

2021-11-23 09:57:16 - [TEST_STEP][PASSED] - Gerekli hata mesaji Faturanız, fatura içerisindeki görünüm dosyası ile görüntülenememiştir. Faturanızı Varsayılan İle Göster butonu ile görüntülemeyi deneyebilirsiniz.: 116142419 geldi mi: Gerekli hata mesaji Faturanız, fatura içerisindeki görünüm dosyası ile görüntülenememiştir. Faturanızı Varsayılan İle Göster butonu ile görüntülemeyi deneyebilirsiniz.: 116142419 geldi mi

2021-11-23 09:57:16 - [MESSAGE][PASSED] - Gerekli hata mesaji Faturanız, fatura içerisindeki görünüm dosyası ile görüntülenememiştir. Faturanızı Varsayılan İle Göster butonu ile görüntülemeyi deneyebilirsiniz.: 116142419 geldi mi

2021-11-23 09:57:16 - [TEST_STEP][PASSED] - https://efatura-stage.elogo.com.tr/Envelope/OutgoingEnvelopeDisplayUbl?id=116183131 isimli linke gidilir: https://efatura-stage.elogo.com.tr/Envelope/OutgoingEnvelopeDisplayUbl?id=116183131 isimli linke gidilir

2021-11-23 09:57:16 - [MESSAGE][PASSED] - https://efatura-stage.elogo.com.tr/Envelope/OutgoingEnvelopeDisplayUbl?id=116183131 isimli linke gidilir

2021-11-23 09:57:16 - [TEST_STEP][PASSED] - StandardBusinessDocument tagli ubl geldi mi: StandardBusinessDocument tagli ubl geldi mi

2021-11-23 09:57:16 - [MESSAGE][PASSED] - StandardBusinessDocument tagli ubl geldi mi

2021-11-23 09:57:16 - [TEST_STEP][PASSED] - https://efatura-stage.elogo.com.tr/Envelope/OutgoingEnvelopeDisplayUbl?id=116175588 isimli linke gidilir: https://efatura-stage.elogo.com.tr/Envelope/OutgoingEnvelopeDisplayUbl?id=116175588 isimli linke gidilir

2021-11-23 09:57:16 - [MESSAGE][PASSED] - https://efatura-stage.elogo.com.tr/Envelope/OutgoingEnvelopeDisplayUbl?id=116175588 isimli linke gidilir

2021-11-23 09:57:16 - [TEST_STEP][PASSED] - Gerekli hata mesaji Faturanız, fatura içerisindeki görünüm dosyası ile görüntülenememiştir. Faturanızı Varsayılan İle Göster butonu ile görüntülemeyi deneyebilirsiniz.: 116175588 geldi mi: Gerekli hata mesaji Faturanız, fatura içerisindeki görünüm dosyası ile görüntülenememiştir. Faturanızı Varsayılan İle Göster butonu ile görüntülemeyi deneyebilirsiniz.: 116175588 geldi mi

2021-11-23 09:57:16 - [MESSAGE][PASSED] - Gerekli hata mesaji Faturanız, fatura içerisindeki görünüm dosyası ile görüntülenememiştir. Faturanızı Varsayılan İle Göster butonu ile görüntülemeyi deneyebilirsiniz.: 116175588 geldi mi

2021-11-23 09:57:16 - [TEST_STEP][PASSED] - https://efatura-stage.elogo.com.tr/Envelope/OutgoingEnvelopeDisplayUbl?id=116182204 isimli linke gidilir: https://efatura-stage.elogo.com.tr/Envelope/OutgoingEnvelopeDisplayUbl?id=116182204 isimli linke gidilir

2021-11-23 09:57:16 - [MESSAGE][PASSED] - https://efatura-stage.elogo.com.tr/Envelope/OutgoingEnvelopeDisplayUbl?id=116182204 isimli linke gidilir

2021-11-23 09:57:16 - [TEST_STEP][PASSED] - StandardBusinessDocument tagli ubl geldi mi: StandardBusinessDocument tagli ubl geldi mi

2021-11-23 09:57:16 - [MESSAGE][PASSED] - StandardBusinessDocument tagli ubl geldi mi

2021-11-23 09:57:16 - [TEST_STEP][PASSED] - https://efatura-stage.elogo.com.tr/Envelope/OutgoingEnvelopeDisplayUbl?id=116112585 isimli linke gidilir: https://efatura-stage.elogo.com.tr/Envelope/OutgoingEnvelopeDisplayUbl?id=116112585 isimli linke gidilir

2021-11-23 09:57:16 - [MESSAGE][PASSED] - https://efatura-stage.elogo.com.tr/Envelope/OutgoingEnvelopeDisplayUbl?id=116112585 isimli linke gidilir

2021-11-23 09:57:16 - [TEST_STEP][PASSED] - Gerekli hata mesaji Faturanız, fatura içerisindeki görünüm dosyası ile görüntülenememiştir. Faturanızı Varsayılan İle Göster butonu ile görüntülemeyi deneyebilirsiniz.: 116112585 geldi mi: Gerekli hata mesaji Faturanız, fatura içerisindeki görünüm dosyası ile görüntülenememiştir. Faturanızı Varsayılan İle Göster butonu ile görüntülemeyi deneyebilirsiniz.: 116112585 geldi mi

2021-11-23 09:57:16 - [MESSAGE][PASSED] - Gerekli hata mesaji Faturanız, fatura içerisindeki görünüm dosyası ile görüntülenememiştir. Faturanızı Varsayılan İle Göster butonu ile görüntülemeyi deneyebilirsiniz.: 116112585 geldi mi

2021-11-23 09:57:16 - [TEST_STEP][PASSED] - https://efatura-stage.elogo.com.tr/Envelope/OutgoingEnvelopeDisplayUbl?id=116114821 isimli linke gidilir: https://efatura-stage.elogo.com.tr/Envelope/OutgoingEnvelopeDisplayUbl?id=116114821 isimli linke gidilir

2021-11-23 09:57:16 - [MESSAGE][PASSED] - https://efatura-stage.elogo.com.tr/Envelope/OutgoingEnvelopeDisplayUbl?id=116114821 isimli linke gidilir

2021-11-23 09:57:16 - [TEST_STEP][PASSED] - StandardBusinessDocument tagli ubl geldi mi: StandardBusinessDocument tagli ubl geldi mi

2021-11-23 09:57:16 - [MESSAGE][PASSED] - StandardBusinessDocument tagli ubl geldi mi

2021-11-23 09:57:16 - [TEST_STEP][PASSED] - https://efatura-stage.elogo.com.tr/Envelope/OutgoingEnvelopeDisplayUbl?id=115951196 isimli linke gidilir: https://efatura-stage.elogo.com.tr/Envelope/OutgoingEnvelopeDisplayUbl?id=115951196 isimli linke gidilir

2021-11-23 09:57:16 - [MESSAGE][PASSED] - https://efatura-stage.elogo.com.tr/Envelope/OutgoingEnvelopeDisplayUbl?id=115951196 isimli linke gidilir

2021-11-23 09:57:16 - [TEST_STEP][PASSED] - Gerekli hata mesaji Faturanız, fatura içerisindeki görünüm dosyası ile görüntülenememiştir. Faturanızı Varsayılan İle Göster butonu ile görüntülemeyi deneyebilirsiniz.: 115951196 geldi mi: Gerekli hata mesaji Faturanız, fatura içerisindeki görünüm dosyası ile görüntülenememiştir. Faturanızı Varsayılan İle Göster butonu ile görüntülemeyi deneyebilirsiniz.: 115951196 geldi mi

2021-11-23 09:57:16 - [MESSAGE][PASSED] - Gerekli hata mesaji Faturanız, fatura içerisindeki görünüm dosyası ile görüntülenememiştir. Faturanızı Varsayılan İle Göster butonu ile görüntülemeyi deneyebilirsiniz.: 115951196 geldi mi

2021-11-23 09:57:16 - [TEST_STEP][PASSED] - https://efatura-stage.elogo.com.tr/Envelope/IncomingEnvelopeDisplayUbl?id=116183207 isimli linke gidilir: https://efatura-stage.elogo.com.tr/Envelope/IncomingEnvelopeDisplayUbl?id=116183207 isimli linke gidilir

2021-11-23 09:57:16 - [MESSAGE][PASSED] - https://efatura-stage.elogo.com.tr/Envelope/IncomingEnvelopeDisplayUbl?id=116183207 isimli linke gidilir

2021-11-23 09:57:16 - [TEST_STEP][PASSED] - StandardBusinessDocument tagli ubl geldi mi: StandardBusinessDocument tagli ubl geldi mi

2021-11-23 09:57:16 - [MESSAGE][PASSED] - StandardBusinessDocument tagli ubl geldi mi

2021-11-23 09:57:16 - [TEST_STEP][PASSED] - https://efatura-stage.elogo.com.tr/Envelope/IncomingEnvelopeDisplayUbl?id=115951195 isimli linke gidilir: https://efatura-stage.elogo.com.tr/Envelope/IncomingEnvelopeDisplayUbl?id=115951195 isimli linke gidilir

2021-11-23 09:57:16 - [MESSAGE][PASSED] - https://efatura-stage.elogo.com.tr/Envelope/IncomingEnvelopeDisplayUbl?id=115951195 isimli linke gidilir

2021-11-23 09:57:16 - [TEST_STEP][PASSED] - Gerekli hata mesaji Faturanız, fatura içerisindeki görünüm dosyası ile görüntülenememiştir. Faturanızı Varsayılan İle Göster butonu ile görüntülemeyi deneyebilirsiniz.: 115951195 geldi mi: Gerekli hata mesaji Faturanız, fatura içerisindeki görünüm dosyası ile görüntülenememiştir. Faturanızı Varsayılan İle Göster butonu ile görüntülemeyi deneyebilirsiniz.: 115951195 geldi mi

2021-11-23 09:57:16 - [MESSAGE][PASSED] - Gerekli hata mesaji Faturanız, fatura içerisindeki görünüm dosyası ile görüntülenememiştir. Faturanızı Varsayılan İle Göster butonu ile görüntülemeyi deneyebilirsiniz.: 115951195 geldi mi

2021-11-23 09:57:16 - [TEST_STEP][PASSED] - https://efatura-stage.elogo.com.tr/Envelope/IncomingEnvelopeDisplayUbl?id=116183159 isimli linke gidilir: https://efatura-stage.elogo.com.tr/Envelope/IncomingEnvelopeDisplayUbl?id=116183159 isimli linke gidilir

2021-11-23 09:57:16 - [MESSAGE][PASSED] - https://efatura-stage.elogo.com.tr/Envelope/IncomingEnvelopeDisplayUbl?id=116183159 isimli linke gidilir

2021-11-23 09:57:16 - [TEST_STEP][PASSED] - StandardBusinessDocument tagli ubl geldi mi: StandardBusinessDocument tagli ubl geldi mi

2021-11-23 09:57:16 - [MESSAGE][PASSED] - StandardBusinessDocument tagli ubl geldi mi

2021-11-23 09:57:16 - [TEST_STEP][PASSED] - https://efatura-stage.elogo.com.tr/Envelope/IncomingEnvelopeDisplayUbl?id=115949239 isimli linke gidilir: https://efatura-stage.elogo.com.tr/Envelope/IncomingEnvelopeDisplayUbl?id=115949239 isimli linke gidilir

2021-11-23 09:57:16 - [MESSAGE][PASSED] - https://efatura-stage.elogo.com.tr/Envelope/IncomingEnvelopeDisplayUbl?id=115949239 isimli linke gidilir

2021-11-23 09:57:16 - [TEST_STEP][PASSED] - Gerekli hata mesaji Faturanız, fatura içerisindeki görünüm dosyası ile görüntülenememiştir. Faturanızı Varsayılan İle Göster butonu ile görüntülemeyi deneyebilirsiniz.: 115949239 geldi mi: Gerekli hata mesaji Faturanız, fatura içerisindeki görünüm dosyası ile görüntülenememiştir. Faturanızı Varsayılan İle Göster butonu ile görüntülemeyi deneyebilirsiniz.: 115949239 geldi mi

2021-11-23 09:57:16 - [MESSAGE][PASSED] - Gerekli hata mesaji Faturanız, fatura içerisindeki görünüm dosyası ile görüntülenememiştir. Faturanızı Varsayılan İle Göster butonu ile görüntülemeyi deneyebilirsiniz.: 115949239 geldi mi

2021-11-23 09:57:16 - [TEST_STEP][PASSED] - https://efatura-stage.elogo.com.tr/Envelope/IncomingEnvelopeDisplayUbl?id=116183260 isimli linke gidilir: https://efatura-stage.elogo.com.tr/Envelope/IncomingEnvelopeDisplayUbl?id=116183260 isimli linke gidilir

2021-11-23 09:57:16 - [MESSAGE][PASSED] - https://efatura-stage.elogo.com.tr/Envelope/IncomingEnvelopeDisplayUbl?id=116183260 isimli linke gidilir

2021-11-23 09:57:16 - [TEST_STEP][PASSED] - StandardBusinessDocument tagli ubl geldi mi: StandardBusinessDocument tagli ubl geldi mi

2021-11-23 09:57:16 - [MESSAGE][PASSED] - StandardBusinessDocument tagli ubl geldi mi

2021-11-23 09:57:16 - [TEST_STEP][PASSED] - https://efatura-stage.elogo.com.tr/Envelope/IncomingEnvelopeDisplayUbl?id=116156311 isimli linke gidilir: https://efatura-stage.elogo.com.tr/Envelope/IncomingEnvelopeDisplayUbl?id=116156311 isimli linke gidilir

2021-11-23 09:57:16 - [MESSAGE][PASSED] - https://efatura-stage.elogo.com.tr/Envelope/IncomingEnvelopeDisplayUbl?id=116156311 isimli linke gidilir

2021-11-23 09:57:16 - [TEST_STEP][PASSED] - Gerekli hata mesaji Faturanız, fatura içerisindeki görünüm dosyası ile görüntülenememiştir. Faturanızı Varsayılan İle Göster butonu ile görüntülemeyi deneyebilirsiniz.: 116156311 geldi mi: Gerekli hata mesaji Faturanız, fatura içerisindeki görünüm dosyası ile görüntülenememiştir. Faturanızı Varsayılan İle Göster butonu ile görüntülemeyi deneyebilirsiniz.: 116156311 geldi mi

2021-11-23 09:57:16 - [MESSAGE][PASSED] - Gerekli hata mesaji Faturanız, fatura içerisindeki görünüm dosyası ile görüntülenememiştir. Faturanızı Varsayılan İle Göster butonu ile görüntülemeyi deneyebilirsiniz.: 116156311 geldi mi

2021-11-23 09:57:16 - [TEST_STEP][PASSED] - https://efatura-stage.elogo.com.tr/Invoice/PostboxIncomingInvoice?Option=0&CreationStartDate=18.10.2021&EnvelopeId=aec43a95-f33f-4c56-b669-b56abcdcc7f6 isimli linke gidilir: https://efatura-stage.elogo.com.tr/Invoice/PostboxIncomingInvoice?Option=0&CreationStartDate=18.10.2021&EnvelopeId=aec43a95-f33f-4c56-b669-b56abcdcc7f6 isimli linke gidilir

2021-11-23 09:57:16 - [MESSAGE][PASSED] - https://efatura-stage.elogo.com.tr/Invoice/PostboxIncomingInvoice?Option=0&CreationStartDate=18.10.2021&EnvelopeId=aec43a95-f33f-4c56-b669-b56abcdcc7f6 isimli linke gidilir

2021-11-23 09:57:16 - [TEST_STEP][PASSED] - Tabloda veri var mı kontrol edilir: Tabloda veri var mı kontrol edilir

2021-11-23 09:57:16 - [MESSAGE][PASSED] - Tabloda veri var mı kontrol edilir

2021-11-23 09:57:16 - [TEST_STEP][PASSED] - https://efatura-stage.elogo.com.tr/Invoice/PostboxIncomingInvoice?Option=0&CreationStartDate=17.06.2021&EnvelopeId=7ddc3134-418e-4eb3-a359-40a137535db4 isimli linke gidilir: https://efatura-stage.elogo.com.tr/Invoice/PostboxIncomingInvoice?Option=0&CreationStartDate=17.06.2021&EnvelopeId=7ddc3134-418e-4eb3-a359-40a137535db4 isimli linke gidilir

2021-11-23 09:57:16 - [MESSAGE][PASSED] - https://efatura-stage.elogo.com.tr/Invoice/PostboxIncomingInvoice?Option=0&CreationStartDate=17.06.2021&EnvelopeId=7ddc3134-418e-4eb3-a359-40a137535db4 isimli linke gidilir

2021-11-23 09:57:16 - [TEST_STEP][PASSED] - Tabloda veri yok mu kontrol edilir: Tabloda veri yok mu kontrol edilir

2021-11-23 09:57:16 - [MESSAGE][PASSED] - Tabloda veri yok mu kontrol edilir

2021-11-23 09:57:16 - [TEST_STEP][PASSED] - https://efatura-stage.elogo.com.tr/Despatch/DespatchAdviceIncoming?EnvelopeId=c9749719-f7d1-4076-b93f-add82ef38ab8&CreationStartDate=17.10.2021 isimli linke gidilir: https://efatura-stage.elogo.com.tr/Despatch/DespatchAdviceIncoming?EnvelopeId=c9749719-f7d1-4076-b93f-add82ef38ab8&CreationStartDate=17.10.2021 isimli linke gidilir

2021-11-23 09:57:16 - [MESSAGE][PASSED] - https://efatura-stage.elogo.com.tr/Despatch/DespatchAdviceIncoming?EnvelopeId=c9749719-f7d1-4076-b93f-add82ef38ab8&CreationStartDate=17.10.2021 isimli linke gidilir

2021-11-23 09:57:16 - [TEST_STEP][PASSED] - Tabloda veri var mı kontrol edilir: Tabloda veri var mı kontrol edilir

2021-11-23 09:57:16 - [MESSAGE][PASSED] - Tabloda veri var mı kontrol edilir

2021-11-23 09:57:16 - [TEST_STEP][PASSED] - https://efatura-stage.elogo.com.tr/Despatch/DespatchAdviceIncoming?EnvelopeId=64dd8fe9-81ee-468d-be84-7efb5c0d99c5&CreationStartDate=03.03.2020 isimli linke gidilir: https://efatura-stage.elogo.com.tr/Despatch/DespatchAdviceIncoming?EnvelopeId=64dd8fe9-81ee-468d-be84-7efb5c0d99c5&CreationStartDate=03.03.2020 isimli linke gidilir

2021-11-23 09:57:16 - [MESSAGE][PASSED] - https://efatura-stage.elogo.com.tr/Despatch/DespatchAdviceIncoming?EnvelopeId=64dd8fe9-81ee-468d-be84-7efb5c0d99c5&CreationStartDate=03.03.2020 isimli linke gidilir

2021-11-23 09:57:16 - [TEST_STEP][PASSED] - Tabloda veri yok mu kontrol edilir: Tabloda veri yok mu kontrol edilir

2021-11-23 09:57:16 - [MESSAGE][PASSED] - Tabloda veri yok mu kontrol edilir

2021-11-23 09:57:16 - [TEST_STEP][PASSED] - https://efatura-stage.elogo.com.tr/Invoice/PostboxOutgoingInvoice?Option=0&CreationStartDate=20.10.2021&EnvelopeId=454b51cc-b702-4ea4-99b8-49dc571ad498 isimli linke gidilir: https://efatura-stage.elogo.com.tr/Invoice/PostboxOutgoingInvoice?Option=0&CreationStartDate=20.10.2021&EnvelopeId=454b51cc-b702-4ea4-99b8-49dc571ad498 isimli linke gidilir

2021-11-23 09:57:16 - [MESSAGE][PASSED] - https://efatura-stage.elogo.com.tr/Invoice/PostboxOutgoingInvoice?Option=0&CreationStartDate=20.10.2021&EnvelopeId=454b51cc-b702-4ea4-99b8-49dc571ad498 isimli linke gidilir

2021-11-23 09:57:16 - [TEST_STEP][PASSED] - Tabloda veri var mı kontrol edilir: Tabloda veri var mı kontrol edilir

2021-11-23 09:57:16 - [MESSAGE][PASSED] - Tabloda veri var mı kontrol edilir

2021-11-23 09:57:16 - [TEST_STEP][PASSED] - https://efatura-stage.elogo.com.tr/Invoice/PostboxOutgoingInvoice?Option=0&CreationStartDate=09.08.2021&EnvelopeId=95db7a24-70f9-444b-9131-117885ec655f isimli linke gidilir: https://efatura-stage.elogo.com.tr/Invoice/PostboxOutgoingInvoice?Option=0&CreationStartDate=09.08.2021&EnvelopeId=95db7a24-70f9-444b-9131-117885ec655f isimli linke gidilir

2021-11-23 09:57:16 - [MESSAGE][PASSED] - https://efatura-stage.elogo.com.tr/Invoice/PostboxOutgoingInvoice?Option=0&CreationStartDate=09.08.2021&EnvelopeId=95db7a24-70f9-444b-9131-117885ec655f isimli linke gidilir

2021-11-23 09:57:16 - [TEST_STEP][PASSED] - Tabloda veri yok mu kontrol edilir: Tabloda veri yok mu kontrol edilir

2021-11-23 09:57:16 - [MESSAGE][PASSED] - Tabloda veri yok mu kontrol edilir

2021-11-23 09:57:16 - [TEST_STEP][PASSED] - https://efatura-stage.elogo.com.tr/ApplicationResponses/PostboxOutgoingApplicationResponses?Option=0&CreationStartDate=%2014.10.2021&EnvelopeUuid=3d5c7ca8-de46-445f-a3c3-976c3c25dafd isimli linke gidilir: https://efatura-stage.elogo.com.tr/ApplicationResponses/PostboxOutgoingApplicationResponses?Option=0&CreationStartDate=%2014.10.2021&EnvelopeUuid=3d5c7ca8-de46-445f-a3c3-976c3c25dafd isimli linke gidilir

2021-11-23 09:57:16 - [MESSAGE][PASSED] - https://efatura-stage.elogo.com.tr/ApplicationResponses/PostboxOutgoingApplicationResponses?Option=0&CreationStartDate=%2014.10.2021&EnvelopeUuid=3d5c7ca8-de46-445f-a3c3-976c3c25dafd isimli linke gidilir

2021-11-23 09:57:16 - [TEST_STEP][PASSED] - Tabloda veri var mı kontrol edilir: Tabloda veri var mı kontrol edilir

2021-11-23 09:57:16 - [MESSAGE][PASSED] - Tabloda veri var mı kontrol edilir

2021-11-23 09:57:16 - [TEST_STEP][PASSED] - https://efatura-stage.elogo.com.tr/ApplicationResponses/PostboxOutgoingApplicationResponses?Option=0&CreationStartDate=%2024.05.2021&EnvelopeUuid=1e640671-a0e9-4ec1-b19a-ae4b2feaab93 isimli linke gidilir: https://efatura-stage.elogo.com.tr/ApplicationResponses/PostboxOutgoingApplicationResponses?Option=0&CreationStartDate=%2024.05.2021&EnvelopeUuid=1e640671-a0e9-4ec1-b19a-ae4b2feaab93 isimli linke gidilir

2021-11-23 09:57:16 - [MESSAGE][PASSED] - https://efatura-stage.elogo.com.tr/ApplicationResponses/PostboxOutgoingApplicationResponses?Option=0&CreationStartDate=%2024.05.2021&EnvelopeUuid=1e640671-a0e9-4ec1-b19a-ae4b2feaab93 isimli linke gidilir

2021-11-23 09:57:16 - [TEST_STEP][PASSED] - Tabloda veri yok mu kontrol edilir: Tabloda veri yok mu kontrol edilir

2021-11-23 09:57:16 - [MESSAGE][PASSED] - Tabloda veri yok mu kontrol edilir

2021-11-23 09:57:16 - [TEST_STEP][PASSED] - https://efatura-stage.elogo.com.tr/Despatch/DespatchAdviceOutgoing?EnvelopeId=58bb7fc3-6a16-4626-bd0f-ea848df231e1&CreationStartDate=19.10.2021 isimli linke gidilir: https://efatura-stage.elogo.com.tr/Despatch/DespatchAdviceOutgoing?EnvelopeId=58bb7fc3-6a16-4626-bd0f-ea848df231e1&CreationStartDate=19.10.2021 isimli linke gidilir

2021-11-23 09:57:16 - [MESSAGE][PASSED] - https://efatura-stage.elogo.com.tr/Despatch/DespatchAdviceOutgoing?EnvelopeId=58bb7fc3-6a16-4626-bd0f-ea848df231e1&CreationStartDate=19.10.2021 isimli linke gidilir

2021-11-23 09:57:16 - [TEST_STEP][PASSED] - Tabloda veri var mı kontrol edilir: Tabloda veri var mı kontrol edilir

2021-11-23 09:57:16 - [MESSAGE][PASSED] - Tabloda veri var mı kontrol edilir

2021-11-23 09:57:16 - [TEST_STEP][PASSED] - https://efatura-stage.elogo.com.tr/Despatch/DespatchAdviceOutgoing?EnvelopeId=b1710935-338d-40fb-a67f-59d2728f56b0&CreationStartDate=06.10.2021 isimli linke gidilir: https://efatura-stage.elogo.com.tr/Despatch/DespatchAdviceOutgoing?EnvelopeId=b1710935-338d-40fb-a67f-59d2728f56b0&CreationStartDate=06.10.2021 isimli linke gidilir

2021-11-23 09:57:16 - [MESSAGE][PASSED] - https://efatura-stage.elogo.com.tr/Despatch/DespatchAdviceOutgoing?EnvelopeId=b1710935-338d-40fb-a67f-59d2728f56b0&CreationStartDate=06.10.2021 isimli linke gidilir

2021-11-23 09:57:16 - [TEST_STEP][PASSED] - Tabloda veri yok mu kontrol edilir: Tabloda veri yok mu kontrol edilir

2021-11-23 09:57:16 - [MESSAGE][PASSED] - Tabloda veri yok mu kontrol edilir

2021-11-23 09:57:16 - [TEST_STEP][PASSED] - https://efatura-stage.elogo.com.tr/Despatch/ReceiptAdviceOutgoing?Option=0&CreationStartDate=14.10.2021&EnvelopeId=2aaadaee-6254-4520-97e3-92c0d540eb82 isimli linke gidilir: https://efatura-stage.elogo.com.tr/Despatch/ReceiptAdviceOutgoing?Option=0&CreationStartDate=14.10.2021&EnvelopeId=2aaadaee-6254-4520-97e3-92c0d540eb82 isimli linke gidilir

2021-11-23 09:57:16 - [MESSAGE][PASSED] - https://efatura-stage.elogo.com.tr/Despatch/ReceiptAdviceOutgoing?Option=0&CreationStartDate=14.10.2021&EnvelopeId=2aaadaee-6254-4520-97e3-92c0d540eb82 isimli linke gidilir

2021-11-23 09:57:16 - [TEST_STEP][PASSED] - Tabloda veri var mı kontrol edilir: Tabloda veri var mı kontrol edilir

2021-11-23 09:57:16 - [MESSAGE][PASSED] - Tabloda veri var mı kontrol edilir

2021-11-23 09:57:16 - [TEST_STEP][PASSED] - https://efatura-stage.elogo.com.tr/Despatch/ReceiptAdviceOutgoing?Option=0&CreationStartDate=03.12.2020&EnvelopeId=d1bd76b8-261f-4421-885c-1454271a4dd1 isimli linke gidilir: https://efatura-stage.elogo.com.tr/Despatch/ReceiptAdviceOutgoing?Option=0&CreationStartDate=03.12.2020&EnvelopeId=d1bd76b8-261f-4421-885c-1454271a4dd1 isimli linke gidilir

2021-11-23 09:57:16 - [MESSAGE][PASSED] - https://efatura-stage.elogo.com.tr/Despatch/ReceiptAdviceOutgoing?Option=0&CreationStartDate=03.12.2020&EnvelopeId=d1bd76b8-261f-4421-885c-1454271a4dd1 isimli linke gidilir

2021-11-23 09:57:16 - [TEST_STEP][PASSED] - Tabloda veri yok mu kontrol edilir: Tabloda veri yok mu kontrol edilir

2021-11-23 09:57:16 - [MESSAGE][PASSED] - Tabloda veri yok mu kontrol edilir

2021-11-23 09:57:16 - [TEST_STEP][PASSED] - https://efatura-stage.elogo.com.tr/Despatch/DespatchAdvice?Param=0-2 isimli linke gidilir: https://efatura-stage.elogo.com.tr/Despatch/DespatchAdvice?Param=0-2 isimli linke gidilir

2021-11-23 09:57:16 - [MESSAGE][PASSED] - https://efatura-stage.elogo.com.tr/Despatch/DespatchAdvice?Param=0-2 isimli linke gidilir

2021-11-23 09:57:16 - [TEST_STEP][PASSED] - Kullanıcı işlemlerinden Çıkış seçilir: Kullanıcı işlemlerinden Çıkış seçilir

2021-11-23 09:57:16 - [MESSAGE][PASSED] - Kullanıcı işlemlerinden Çıkış seçilir

2021-11-23 09:57:16 - [TEST_STEP][PASSED] - Kullanıcı adı ELOGOGIB ve Şifre 123456 olarak giriş yapılır: Kullanıcı adı ELOGOGIB ve Şifre 123456 olarak giriş yapılır

2021-11-23 09:57:16 - [MESSAGE][PASSED] - Kullanıcı adı ELOGOGIB ve Şifre 123456 olarak giriş yapılır

2021-11-23 09:57:16 - [TEST_STEP][PASSED] - https://efatura-stage.elogo.com.tr/Envelope/OutgoingEnvelopeDisplayUbl?id=116184130 isimli linke gidilir: https://efatura-stage.elogo.com.tr/Envelope/OutgoingEnvelopeDisplayUbl?id=116184130 isimli linke gidilir

2021-11-23 09:57:16 - [MESSAGE][PASSED] - https://efatura-stage.elogo.com.tr/Envelope/OutgoingEnvelopeDisplayUbl?id=116184130 isimli linke gidilir

2021-11-23 09:57:16 - [TEST_STEP][PASSED] - Gerekli hata mesaji Faturanız, fatura içerisindeki görünüm dosyası ile görüntülenememiştir. Faturanızı Varsayılan İle Göster butonu ile görüntülemeyi deneyebilirsiniz.: 116184130 geldi mi: Gerekli hata mesaji Faturanız, fatura içerisindeki görünüm dosyası ile görüntülenememiştir. Faturanızı Varsayılan İle Göster butonu ile görüntülemeyi deneyebilirsiniz.: 116184130 geldi mi

2021-11-23 09:57:16 - [MESSAGE][PASSED] - Gerekli hata mesaji Faturanız, fatura içerisindeki görünüm dosyası ile görüntülenememiştir. Faturanızı Varsayılan İle Göster butonu ile görüntülemeyi deneyebilirsiniz.: 116184130 geldi mi

2021-11-23 09:57:16 - [TEST_STEP][PASSED] - https://efatura-stage.elogo.com.tr/Despatch/DespatchAdvice?Param=0-2 isimli linke gidilir: https://efatura-stage.elogo.com.tr/Despatch/DespatchAdvice?Param=0-2 isimli linke gidilir

2021-11-23 09:57:16 - [MESSAGE][PASSED] - https://efatura-stage.elogo.com.tr/Despatch/DespatchAdvice?Param=0-2 isimli linke gidilir

2021-11-23 09:57:16 - [TEST_STEP][PASSED] - Kullanıcı işlemlerinden Çıkış seçilir: Kullanıcı işlemlerinden Çıkış seçilir

2021-11-23 09:57:16 - [MESSAGE][PASSED] - Kullanıcı işlemlerinden Çıkış seçilir

2021-11-23 09:57:16 - [MESSAGE][PASSED] - Feature file: 'Include/features/Zarflar/Erisim Kontrol.feature' was passed

2021-11-23 09:57:16 - [TEST_STEP][PASSED] - Start listener action : sampleAfterTestSuite: Invoke 'com.kms.katalon.core.annotation.AfterTestCase' method: 'Listener.sampleAfterTestSuite(...)' completed.

2021-11-23 09:57:16 - [MESSAGE][INFO] - Starting invoke 'com.kms.katalon.core.annotation.AfterTestCase' method: 'Listener.sampleAfterTestSuite(...)'

2021-11-23 09:57:16 - [TEST_STEP][PASSED] - closeBrowser(): Invoke 'com.kms.katalon.core.annotation.AfterTestCase' method: 'Listener.sampleAfterTestSuite(...)' completed.

2021-11-23 09:57:16 - [MESSAGE][INFO] - Closing browser

2021-11-23 09:57:17 - [MESSAGE][PASSED] - Browser is closed

2021-11-23 09:57:17 - [MESSAGE][INFO] - Invoke 'com.kms.katalon.core.annotation.AfterTestCase' method: 'Listener.sampleAfterTestSuite(...)' completed.]]></system-out>
         <system-err><![CDATA[]]></system-err>
      </testcase>
      <testcase name="Test Cases/Case Repository/Zarflar/Giden Zarflar/UBL-Goster" time="41.34" classname="Test Cases/Case Repository/Zarflar/Giden Zarflar/UBL-Goster" status="PASSED">
         <system-out><![CDATA[2021-11-23 09:57:17 - [TEST_CASE][PASSED] - Test Cases/Case Repository/Zarflar/Giden Zarflar/UBL-Goster: Test Cases/Case Repository/Zarflar/Giden Zarflar/UBL-Goster

2021-11-23 09:57:17 - [TEST_STEP][PASSED] - Start listener action : sampleBeforeTestSuite: Invoke 'com.kms.katalon.core.annotation.BeforeTestCase' method: 'Listener.sampleBeforeTestSuite(...)' completed.

2021-11-23 09:57:17 - [MESSAGE][INFO] - Starting invoke 'com.kms.katalon.core.annotation.BeforeTestCase' method: 'Listener.sampleBeforeTestSuite(...)'

2021-11-23 09:57:17 - [TEST_STEP][PASSED] - openBrowser(baseUrl): Browser is opened with url: 'https://efatura-stage.elogo.com.tr/'

2021-11-23 09:57:17 - [MESSAGE][INFO] - Opening browser

2021-11-23 09:57:17 - [MESSAGE][INFO] - Starting 'Chrome' driver

2021-11-23 09:57:17 - [MESSAGE][INFO] - User set preference: ['prefs', '{download.default_directory=C:\otomasyondownfiles}']

2021-11-23 09:57:17 - [MESSAGE][INFO] - Action delay is set to 0 milliseconds

2021-11-23 09:57:18 - [MESSAGE][INFO] - Navigating browser to: 'https://efatura-stage.elogo.com.tr/'

2021-11-23 09:57:20 - [MESSAGE][PASSED] - Browser is opened with url: 'https://efatura-stage.elogo.com.tr/'

2021-11-23 09:57:20 - [TEST_STEP][PASSED] - maximizeWindow(): Invoke 'com.kms.katalon.core.annotation.BeforeTestCase' method: 'Listener.sampleBeforeTestSuite(...)' completed.

2021-11-23 09:57:20 - [MESSAGE][INFO] - Maximizing current window

2021-11-23 09:57:20 - [MESSAGE][PASSED] - Current window maximized

2021-11-23 09:57:20 - [MESSAGE][INFO] - Invoke 'com.kms.katalon.core.annotation.BeforeTestCase' method: 'Listener.sampleBeforeTestSuite(...)' completed.

2021-11-23 09:57:21 - [TEST_STEP][PASSED] - runFeatureFile("Include/features/Zarflar/Giden Zarflar/UBL-Goster.feature"): Feature file: 'Include/features/Zarflar/Giden Zarflar/UBL-Goster.feature' was passed

2021-11-23 09:57:21 - [MESSAGE][INFO] - Starting run keyword runFeatureFile: 'Include/features/Zarflar/Giden Zarflar/UBL-Goster.feature' and extract report to folder: 'C:\Users\DELL\Documents\GitHub\EES_KatalonLogo\Reports\20211123_091110\Suite Repository\Zarflar\20211123_091159/cucumber_report/1637650641433'...

2021-11-23 09:57:21 - [MESSAGE][INFO] - Glue: []

2021-11-23 09:57:24 - [MESSAGE][INFO] - Checking called Test Case

2021-11-23 09:57:24 - [MESSAGE][INFO] - Starting to call Test Case 'Test Cases/Sayfalar/Giris_Sayfasi/Login'

2021-11-23 09:57:24 - [TEST_CASE][PASSED] - Test Cases/Sayfalar/Giris_Sayfasi/Login: Test Cases/Sayfalar/Giris_Sayfasi/Login

2021-11-23 09:57:24 - [TEST_STEP][PASSED] - Sayfa_Basligi = getWindowTitle(): Current window's title is: 'LOGO e-Fatura'

2021-11-23 09:57:24 - [MESSAGE][INFO] - Getting current window's title

2021-11-23 09:57:24 - [MESSAGE][PASSED] - Current window's title is: 'LOGO e-Fatura'

2021-11-23 09:57:24 - [TEST_STEP][PASSED] - verifyMatch(Sayfa_Basligi, "LOGO e-Fatura", false): Actual text 'LOGO e-Fatura' and expected text 'LOGO e-Fatura' are matched 

2021-11-23 09:57:24 - [MESSAGE][INFO] - Matching actual text 'LOGO e-Fatura' with expected text 'LOGO e-Fatura'

2021-11-23 09:57:24 - [MESSAGE][PASSED] - Actual text 'LOGO e-Fatura' and expected text 'LOGO e-Fatura' are matched 

2021-11-23 09:57:24 - [TEST_STEP][PASSED] - sendKeys(findTestObject("Sayfalar/Giris_Sayfasi/Firma_Kodu"), KullaniciAdi): Keys 'ELOGO6' sent to object: 'Object Repository/Sayfalar/Giris_Sayfasi/Firma_Kodu'

2021-11-23 09:57:24 - [MESSAGE][INFO] - Finding Test Object 'Object Repository/Sayfalar/Giris_Sayfasi/Firma_Kodu'

2021-11-23 09:57:24 - [MESSAGE][INFO] - Sending keys 'ELOGO6' to object: 'Object Repository/Sayfalar/Giris_Sayfasi/Firma_Kodu'

2021-11-23 09:57:24 - [MESSAGE][INFO] - Finding web element from Test Object's properties

2021-11-23 09:57:24 - [MESSAGE][INFO] - Checking timeout

2021-11-23 09:57:24 - [MESSAGE][INFO] - Finding web element with id: 'Object Repository/Sayfalar/Giris_Sayfasi/Firma_Kodu' located by 'By.xpath: //*[@id = 'AccountName']' in '30' second(s)

2021-11-23 09:57:24 - [MESSAGE][INFO] - Smart Wait Function is triggered

2021-11-23 09:57:24 - [MESSAGE][INFO] - Found 1 web elements with id: 'Object Repository/Sayfalar/Giris_Sayfasi/Firma_Kodu' located by 'By.xpath: //*[@id = 'AccountName']' in '30' second(s)

2021-11-23 09:57:24 - [MESSAGE][PASSED] - Keys 'ELOGO6' sent to object: 'Object Repository/Sayfalar/Giris_Sayfasi/Firma_Kodu'

2021-11-23 09:57:24 - [TEST_STEP][PASSED] - sendKeys(findTestObject("Sayfalar/Giris_Sayfasi/Sifre"), Sifre): Keys '123456' sent to object: 'Object Repository/Sayfalar/Giris_Sayfasi/Sifre'

2021-11-23 09:57:24 - [MESSAGE][INFO] - Finding Test Object 'Object Repository/Sayfalar/Giris_Sayfasi/Sifre'

2021-11-23 09:57:24 - [MESSAGE][INFO] - Sending keys '123456' to object: 'Object Repository/Sayfalar/Giris_Sayfasi/Sifre'

2021-11-23 09:57:24 - [MESSAGE][INFO] - Finding web element from Test Object's properties

2021-11-23 09:57:24 - [MESSAGE][INFO] - Checking timeout

2021-11-23 09:57:24 - [MESSAGE][INFO] - Finding web element with id: 'Object Repository/Sayfalar/Giris_Sayfasi/Sifre' located by 'By.xpath: //*[@id = 'Password']' in '30' second(s)

2021-11-23 09:57:24 - [MESSAGE][INFO] - Smart Wait Function is triggered

2021-11-23 09:57:25 - [MESSAGE][INFO] - Found 1 web elements with id: 'Object Repository/Sayfalar/Giris_Sayfasi/Sifre' located by 'By.xpath: //*[@id = 'Password']' in '30' second(s)

2021-11-23 09:57:25 - [MESSAGE][PASSED] - Keys '123456' sent to object: 'Object Repository/Sayfalar/Giris_Sayfasi/Sifre'

2021-11-23 09:57:25 - [TEST_STEP][PASSED] - findWebElement(findTestObject("Sayfalar/Giris_Sayfasi/Giris_Butonu")).click(): Found 1 web elements with id: 'Object Repository/Sayfalar/Giris_Sayfasi/Giris_Butonu' located by 'By.cssSelector: #btnLogin' in '30' second(s)

2021-11-23 09:57:25 - [MESSAGE][INFO] - Finding Test Object 'Object Repository/Sayfalar/Giris_Sayfasi/Giris_Butonu'

2021-11-23 09:57:25 - [MESSAGE][INFO] - Finding web element from Test Object's properties

2021-11-23 09:57:25 - [MESSAGE][INFO] - Checking timeout

2021-11-23 09:57:25 - [MESSAGE][INFO] - Finding web element with id: 'Object Repository/Sayfalar/Giris_Sayfasi/Giris_Butonu' located by 'By.cssSelector: #btnLogin' in '30' second(s)

2021-11-23 09:57:25 - [MESSAGE][INFO] - Smart Wait Function is triggered

2021-11-23 09:57:25 - [MESSAGE][INFO] - Found 1 web elements with id: 'Object Repository/Sayfalar/Giris_Sayfasi/Giris_Butonu' located by 'By.cssSelector: #btnLogin' in '30' second(s)

2021-11-23 09:57:28 - [TEST_STEP][PASSED] - if (verifyElementPresent(findTestObject("Object Repository/Sayfalar/Giris_Sayfasi/RetveTamam_Butonu"), 5, OPTIONAL)): null

2021-11-23 09:57:28 - [MESSAGE][INFO] - Finding Test Object 'Object Repository/Sayfalar/Giris_Sayfasi/RetveTamam_Butonu'

2021-11-23 09:57:28 - [MESSAGE][INFO] - Checking object

2021-11-23 09:57:28 - [MESSAGE][INFO] - Finding web element from Test Object's properties

2021-11-23 09:57:28 - [MESSAGE][INFO] - Checking timeout

2021-11-23 09:57:28 - [MESSAGE][INFO] - Finding web element with id: 'Object Repository/Sayfalar/Giris_Sayfasi/RetveTamam_Butonu' located by 'By.xpath: //*[@class = 'btn btn-default']' in '5' second(s)

2021-11-23 09:57:28 - [MESSAGE][INFO] - Smart Wait Function is triggered

2021-11-23 09:57:28 - [MESSAGE][INFO] - Found 1 web elements with id: 'Object Repository/Sayfalar/Giris_Sayfasi/RetveTamam_Butonu' located by 'By.xpath: //*[@class = 'btn btn-default']' in '5' second(s)

2021-11-23 09:57:28 - [MESSAGE][PASSED] - Object 'Object Repository/Sayfalar/Giris_Sayfasi/RetveTamam_Butonu' is present

2021-11-23 09:57:28 - [TEST_STEP][PASSED] - click(findTestObject("Object Repository/Sayfalar/Giris_Sayfasi/RetveTamam_Butonu")): Object: 'Object Repository/Sayfalar/Giris_Sayfasi/RetveTamam_Butonu' is clicked on

2021-11-23 09:57:28 - [MESSAGE][INFO] - Finding Test Object 'Object Repository/Sayfalar/Giris_Sayfasi/RetveTamam_Butonu'

2021-11-23 09:57:28 - [MESSAGE][INFO] - Checking object

2021-11-23 09:57:28 - [MESSAGE][INFO] - Finding web element from Test Object's properties

2021-11-23 09:57:28 - [MESSAGE][INFO] - Checking timeout

2021-11-23 09:57:28 - [MESSAGE][INFO] - Finding web element with id: 'Object Repository/Sayfalar/Giris_Sayfasi/RetveTamam_Butonu' located by 'By.xpath: //*[@class = 'btn btn-default']' in '30' second(s)

2021-11-23 09:57:28 - [MESSAGE][INFO] - Smart Wait Function is triggered

2021-11-23 09:57:29 - [MESSAGE][INFO] - Found 1 web elements with id: 'Object Repository/Sayfalar/Giris_Sayfasi/RetveTamam_Butonu' located by 'By.xpath: //*[@class = 'btn btn-default']' in '30' second(s)

2021-11-23 09:57:29 - [MESSAGE][INFO] - Clicking on object: 'Object Repository/Sayfalar/Giris_Sayfasi/RetveTamam_Butonu'

2021-11-23 09:57:29 - [MESSAGE][PASSED] - Object: 'Object Repository/Sayfalar/Giris_Sayfasi/RetveTamam_Butonu' is clicked on

2021-11-23 09:57:29 - [TEST_STEP][PASSED] - click(findTestObject("Object Repository/Sayfalar/Giris_Sayfasi/RetveTamam_Butonu")): Object: 'Object Repository/Sayfalar/Giris_Sayfasi/RetveTamam_Butonu' is clicked on

2021-11-23 09:57:29 - [MESSAGE][INFO] - Finding Test Object 'Object Repository/Sayfalar/Giris_Sayfasi/RetveTamam_Butonu'

2021-11-23 09:57:29 - [MESSAGE][INFO] - Checking object

2021-11-23 09:57:29 - [MESSAGE][INFO] - Finding web element from Test Object's properties

2021-11-23 09:57:29 - [MESSAGE][INFO] - Checking timeout

2021-11-23 09:57:29 - [MESSAGE][INFO] - Finding web element with id: 'Object Repository/Sayfalar/Giris_Sayfasi/RetveTamam_Butonu' located by 'By.xpath: //*[@class = 'btn btn-default']' in '30' second(s)

2021-11-23 09:57:29 - [MESSAGE][INFO] - Smart Wait Function is triggered

2021-11-23 09:57:38 - [MESSAGE][INFO] - Found 1 web elements with id: 'Object Repository/Sayfalar/Giris_Sayfasi/RetveTamam_Butonu' located by 'By.xpath: //*[@class = 'btn btn-default']' in '30' second(s)

2021-11-23 09:57:38 - [MESSAGE][INFO] - Clicking on object: 'Object Repository/Sayfalar/Giris_Sayfasi/RetveTamam_Butonu'

2021-11-23 09:57:38 - [MESSAGE][PASSED] - Object: 'Object Repository/Sayfalar/Giris_Sayfasi/RetveTamam_Butonu' is clicked on

2021-11-23 09:57:38 - [TEST_STEP][PASSED] - if (verifyElementPresent(findTestObject("Sayfalar/Giris_Sayfasi/PopupOK"), 5, OPTIONAL)): null

2021-11-23 09:57:38 - [MESSAGE][INFO] - Finding Test Object 'Object Repository/Sayfalar/Giris_Sayfasi/PopupOK'

2021-11-23 09:57:38 - [MESSAGE][INFO] - Checking object

2021-11-23 09:57:38 - [MESSAGE][INFO] - Finding web element from Test Object's properties

2021-11-23 09:57:38 - [MESSAGE][INFO] - Checking timeout

2021-11-23 09:57:38 - [MESSAGE][INFO] - Finding web element with id: 'Object Repository/Sayfalar/Giris_Sayfasi/PopupOK' located by 'By.cssSelector: .btn.btn-success' in '5' second(s)

2021-11-23 09:57:38 - [MESSAGE][INFO] - Smart Wait Function is triggered

2021-11-23 09:57:39 - [MESSAGE][INFO] - Found 1 web elements with id: 'Object Repository/Sayfalar/Giris_Sayfasi/PopupOK' located by 'By.cssSelector: .btn.btn-success' in '5' second(s)

2021-11-23 09:57:39 - [MESSAGE][PASSED] - Object 'Object Repository/Sayfalar/Giris_Sayfasi/PopupOK' is present

2021-11-23 09:57:39 - [TEST_STEP][PASSED] - click(findTestObject("Object Repository/Sayfalar/Giris_Sayfasi/PopupCarpiGiris")): Object: 'Object Repository/Sayfalar/Giris_Sayfasi/PopupCarpiGiris' is clicked on

2021-11-23 09:57:39 - [MESSAGE][INFO] - Finding Test Object 'Object Repository/Sayfalar/Giris_Sayfasi/PopupCarpiGiris'

2021-11-23 09:57:39 - [MESSAGE][INFO] - Checking object

2021-11-23 09:57:39 - [MESSAGE][INFO] - Finding web element from Test Object's properties

2021-11-23 09:57:39 - [MESSAGE][INFO] - Checking timeout

2021-11-23 09:57:39 - [MESSAGE][INFO] - Finding web element with id: 'Object Repository/Sayfalar/Giris_Sayfasi/PopupCarpiGiris' located by 'By.cssSelector: .bootbox-close-button.close' in '30' second(s)

2021-11-23 09:57:39 - [MESSAGE][INFO] - Smart Wait Function is triggered

2021-11-23 09:57:39 - [MESSAGE][INFO] - Found 1 web elements with id: 'Object Repository/Sayfalar/Giris_Sayfasi/PopupCarpiGiris' located by 'By.cssSelector: .bootbox-close-button.close' in '30' second(s)

2021-11-23 09:57:39 - [MESSAGE][INFO] - Clicking on object: 'Object Repository/Sayfalar/Giris_Sayfasi/PopupCarpiGiris'

2021-11-23 09:57:39 - [MESSAGE][PASSED] - Object: 'Object Repository/Sayfalar/Giris_Sayfasi/PopupCarpiGiris' is clicked on

2021-11-23 09:57:39 - [TEST_STEP][PASSED] - verifyElementVisible(findTestObject("Object Repository/Kullanici_Islemleri/KullaniciIslemleri")): Object 'Object Repository/Kullanici_Islemleri/KullaniciIslemleri' is visible

2021-11-23 09:57:39 - [MESSAGE][INFO] - Finding Test Object 'Object Repository/Kullanici_Islemleri/KullaniciIslemleri'

2021-11-23 09:57:39 - [MESSAGE][INFO] - Checking object

2021-11-23 09:57:39 - [MESSAGE][INFO] - Finding web element from Test Object's properties

2021-11-23 09:57:39 - [MESSAGE][INFO] - Checking timeout

2021-11-23 09:57:39 - [MESSAGE][INFO] - Finding web element with id: 'Object Repository/Kullanici_Islemleri/KullaniciIslemleri' located by 'By.cssSelector: .dropdown>a>img' in '30' second(s)

2021-11-23 09:57:39 - [MESSAGE][INFO] - Smart Wait Function is triggered

2021-11-23 09:57:40 - [MESSAGE][INFO] - Found 1 web elements with id: 'Object Repository/Kullanici_Islemleri/KullaniciIslemleri' located by 'By.cssSelector: .dropdown>a>img' in '30' second(s)

2021-11-23 09:57:40 - [MESSAGE][PASSED] - Object 'Object Repository/Kullanici_Islemleri/KullaniciIslemleri' is visible

2021-11-23 09:57:40 - [MESSAGE][PASSED] - Call Test Case 'Test Cases/Sayfalar/Giris_Sayfasi/Login' successfully

2021-11-23 09:57:40 - [MESSAGE][INFO] - Checking called Test Case

2021-11-23 09:57:40 - [MESSAGE][INFO] - Starting to call Test Case 'Test Cases/Menu/AnaMenuSecimi'

2021-11-23 09:57:40 - [TEST_CASE][PASSED] - Test Cases/Menu/AnaMenuSecimi: Test Cases/Menu/AnaMenuSecimi

2021-11-23 09:57:40 - [TEST_STEP][PASSED] - Method.TextDegerineEsitElementeTikla(findTestObject("Menu/Ana_Menu"), Ana_Menu): Method.TextDegerineEsitElementeTikla is PASSED

2021-11-23 09:57:40 - [MESSAGE][INFO] - Finding Test Object 'Object Repository/Menu/Ana_Menu'

2021-11-23 09:57:40 - [MESSAGE][INFO] - Checking timeout

2021-11-23 09:57:40 - [MESSAGE][INFO] - Finding web element with id: 'Object Repository/Menu/Ana_Menu' located by 'By.xpath: //*[@class = 'dropdown-toggle']' in '10' second(s)

2021-11-23 09:57:40 - [MESSAGE][INFO] - Smart Wait Function is triggered

2021-11-23 09:57:41 - [MESSAGE][INFO] - Found 14 web elements with id: 'Object Repository/Menu/Ana_Menu' located by 'By.xpath: //*[@class = 'dropdown-toggle']' in '10' second(s)

2021-11-23 09:57:41 - [MESSAGE][PASSED] - Method.TextDegerineEsitElementeTikla is PASSED

2021-11-23 09:57:41 - [MESSAGE][PASSED] - Call Test Case 'Test Cases/Menu/AnaMenuSecimi' successfully

2021-11-23 09:57:41 - [MESSAGE][INFO] - Checking called Test Case

2021-11-23 09:57:41 - [MESSAGE][INFO] - Starting to call Test Case 'Test Cases/Menu/AltMenuSecimi'

2021-11-23 09:57:41 - [TEST_CASE][PASSED] - Test Cases/Menu/AltMenuSecimi: Test Cases/Menu/AltMenuSecimi

2021-11-23 09:57:41 - [TEST_STEP][PASSED] - Method.TextDegerineEsitElementeTikla(findTestObject("Menu/Alt_Menu"), Alt_Menu): Method.TextDegerineEsitElementeTikla is PASSED

2021-11-23 09:57:41 - [MESSAGE][INFO] - Finding Test Object 'Object Repository/Menu/Alt_Menu'

2021-11-23 09:57:41 - [MESSAGE][INFO] - Checking timeout

2021-11-23 09:57:41 - [MESSAGE][INFO] - Finding web element with id: 'Object Repository/Menu/Alt_Menu' located by 'By.xpath: //li[@class='dropdown dropdown-large open']//li[@class='dropdown-element']' in '10' second(s)

2021-11-23 09:57:41 - [MESSAGE][INFO] - Smart Wait Function is triggered

2021-11-23 09:57:41 - [MESSAGE][INFO] - Found 2 web elements with id: 'Object Repository/Menu/Alt_Menu' located by 'By.xpath: //li[@class='dropdown dropdown-large open']//li[@class='dropdown-element']' in '10' second(s)

2021-11-23 09:57:43 - [MESSAGE][PASSED] - Method.TextDegerineEsitElementeTikla is PASSED

2021-11-23 09:57:43 - [MESSAGE][PASSED] - Call Test Case 'Test Cases/Menu/AltMenuSecimi' successfully

2021-11-23 09:57:43 - [MESSAGE][INFO] - Checking called Test Case

2021-11-23 09:57:43 - [MESSAGE][INFO] - Starting to call Test Case 'Test Cases/Filtreler/BaslangicYaz'

2021-11-23 09:57:43 - [TEST_CASE][PASSED] - Test Cases/Filtreler/BaslangicYaz: Test Cases/Filtreler/BaslangicYaz

2021-11-23 09:57:43 - [TEST_STEP][PASSED] - delay(3): Delayed 3 second(s)

2021-11-23 09:57:43 - [MESSAGE][INFO] - Delaying browser in 3 second(s)

2021-11-23 09:57:46 - [MESSAGE][PASSED] - Delayed 3 second(s)

2021-11-23 09:57:46 - [TEST_STEP][PASSED] - Method.TextDegerineEsitElementinAltindakineTikla(findTestObject("Filtreler/Basliklar"), findTestObject("Filtreler/Basliga_Gore_Baslangic_Image"), Filtre_Adi): Method.TextDegerineEsitElementinAltindakineTikla is PASSED

2021-11-23 09:57:46 - [MESSAGE][INFO] - Finding Test Object 'Object Repository/Filtreler/Basliklar'

2021-11-23 09:57:46 - [MESSAGE][INFO] - Finding Test Object 'Object Repository/Filtreler/Basliga_Gore_Baslangic_Image'

2021-11-23 09:57:47 - [MESSAGE][INFO] - Checking timeout

2021-11-23 09:57:47 - [MESSAGE][INFO] - Finding web element with id: 'Object Repository/Filtreler/Basliklar' located by 'By.cssSelector: .control-label.col-sm-4.paddingMarginRLC' in '10' second(s)

2021-11-23 09:57:47 - [MESSAGE][INFO] - Smart Wait Function is triggered

2021-11-23 09:57:47 - [MESSAGE][INFO] - Found 8 web elements with id: 'Object Repository/Filtreler/Basliklar' located by 'By.cssSelector: .control-label.col-sm-4.paddingMarginRLC' in '10' second(s)

2021-11-23 09:57:47 - [MESSAGE][INFO] - Smart Wait Function is triggered

2021-11-23 09:57:47 - [MESSAGE][PASSED] - Method.TextDegerineEsitElementinAltindakineTikla is PASSED

2021-11-23 09:57:47 - [TEST_STEP][PASSED] - Method.TextDegerineEsitElementinAltindakiTextboxtaYaz(findTestObject("Filtreler/Basliklar"), findTestObject("Filtreler/Basliga_Gore_Baslangic"), Filtre_Adi, Filtre_Degeri): Method.TextDegerineEsitElementinAltindakiTextboxtaYaz is PASSED

2021-11-23 09:57:47 - [MESSAGE][INFO] - Finding Test Object 'Object Repository/Filtreler/Basliklar'

2021-11-23 09:57:47 - [MESSAGE][INFO] - Finding Test Object 'Object Repository/Filtreler/Basliga_Gore_Baslangic'

2021-11-23 09:57:47 - [MESSAGE][INFO] - Checking timeout

2021-11-23 09:57:47 - [MESSAGE][INFO] - Finding web element with id: 'Object Repository/Filtreler/Basliklar' located by 'By.cssSelector: .control-label.col-sm-4.paddingMarginRLC' in '10' second(s)

2021-11-23 09:57:47 - [MESSAGE][INFO] - Smart Wait Function is triggered

2021-11-23 09:57:48 - [MESSAGE][INFO] - Found 8 web elements with id: 'Object Repository/Filtreler/Basliklar' located by 'By.cssSelector: .control-label.col-sm-4.paddingMarginRLC' in '10' second(s)

2021-11-23 09:57:48 - [MESSAGE][INFO] - Smart Wait Function is triggered

2021-11-23 09:57:48 - [MESSAGE][PASSED] - Method.TextDegerineEsitElementinAltindakiTextboxtaYaz is PASSED

2021-11-23 09:57:48 - [MESSAGE][PASSED] - Call Test Case 'Test Cases/Filtreler/BaslangicYaz' successfully

2021-11-23 09:57:48 - [MESSAGE][INFO] - Checking called Test Case

2021-11-23 09:57:48 - [MESSAGE][INFO] - Starting to call Test Case 'Test Cases/Filtreler/BitisYaz'

2021-11-23 09:57:48 - [TEST_CASE][PASSED] - Test Cases/Filtreler/BitisYaz: Test Cases/Filtreler/BitisYaz

2021-11-23 09:57:48 - [TEST_STEP][PASSED] - Method.TextDegerineEsitElementinAltindakineTikla(findTestObject("Filtreler/Basliklar"), findTestObject("Filtreler/Basliga_Gore_Bitis_Image"), Filtre_Adi): Method.TextDegerineEsitElementinAltindakineTikla is PASSED

2021-11-23 09:57:48 - [MESSAGE][INFO] - Finding Test Object 'Object Repository/Filtreler/Basliklar'

2021-11-23 09:57:48 - [MESSAGE][INFO] - Finding Test Object 'Object Repository/Filtreler/Basliga_Gore_Bitis_Image'

2021-11-23 09:57:48 - [MESSAGE][INFO] - Checking timeout

2021-11-23 09:57:48 - [MESSAGE][INFO] - Finding web element with id: 'Object Repository/Filtreler/Basliklar' located by 'By.cssSelector: .control-label.col-sm-4.paddingMarginRLC' in '10' second(s)

2021-11-23 09:57:48 - [MESSAGE][INFO] - Smart Wait Function is triggered

2021-11-23 09:57:49 - [MESSAGE][INFO] - Found 8 web elements with id: 'Object Repository/Filtreler/Basliklar' located by 'By.cssSelector: .control-label.col-sm-4.paddingMarginRLC' in '10' second(s)

2021-11-23 09:57:49 - [MESSAGE][INFO] - Smart Wait Function is triggered

2021-11-23 09:57:49 - [MESSAGE][PASSED] - Method.TextDegerineEsitElementinAltindakineTikla is PASSED

2021-11-23 09:57:49 - [TEST_STEP][PASSED] - Method.TextDegerineEsitElementinAltindakiTextboxtaYaz(findTestObject("Filtreler/Basliklar"), findTestObject("Object Repository/Filtreler/Basliga_Gore_Bitis"), Filtre_Adi, Filtre_Degeri): Method.TextDegerineEsitElementinAltindakiTextboxtaYaz is PASSED

2021-11-23 09:57:49 - [MESSAGE][INFO] - Finding Test Object 'Object Repository/Filtreler/Basliklar'

2021-11-23 09:57:49 - [MESSAGE][INFO] - Finding Test Object 'Object Repository/Filtreler/Basliga_Gore_Bitis'

2021-11-23 09:57:49 - [MESSAGE][INFO] - Checking timeout

2021-11-23 09:57:49 - [MESSAGE][INFO] - Finding web element with id: 'Object Repository/Filtreler/Basliklar' located by 'By.cssSelector: .control-label.col-sm-4.paddingMarginRLC' in '10' second(s)

2021-11-23 09:57:49 - [MESSAGE][INFO] - Smart Wait Function is triggered

2021-11-23 09:57:49 - [MESSAGE][INFO] - Found 8 web elements with id: 'Object Repository/Filtreler/Basliklar' located by 'By.cssSelector: .control-label.col-sm-4.paddingMarginRLC' in '10' second(s)

2021-11-23 09:57:49 - [MESSAGE][INFO] - Smart Wait Function is triggered

2021-11-23 09:57:50 - [MESSAGE][PASSED] - Method.TextDegerineEsitElementinAltindakiTextboxtaYaz is PASSED

2021-11-23 09:57:50 - [MESSAGE][PASSED] - Call Test Case 'Test Cases/Filtreler/BitisYaz' successfully

2021-11-23 09:57:50 - [MESSAGE][INFO] - Checking called Test Case

2021-11-23 09:57:50 - [MESSAGE][INFO] - Starting to call Test Case 'Test Cases/Filtreler/ButonaTikla'

2021-11-23 09:57:50 - [TEST_CASE][PASSED] - Test Cases/Filtreler/ButonaTikla: Test Cases/Filtreler/ButonaTikla

2021-11-23 09:57:50 - [TEST_STEP][PASSED] - Method.TextDegerineEsitElementeTikla(findTestObject("Filtreler/Butonlar"), Filtre_Buton): Method.TextDegerineEsitElementeTikla is PASSED

2021-11-23 09:57:50 - [MESSAGE][INFO] - Finding Test Object 'Object Repository/Filtreler/Butonlar'

2021-11-23 09:57:50 - [MESSAGE][INFO] - Checking timeout

2021-11-23 09:57:50 - [MESSAGE][INFO] - Finding web element with id: 'Object Repository/Filtreler/Butonlar' located by 'By.cssSelector: .dxb>span' in '10' second(s)

2021-11-23 09:57:50 - [MESSAGE][INFO] - Smart Wait Function is triggered

2021-11-23 09:57:50 - [MESSAGE][INFO] - Found 3 web elements with id: 'Object Repository/Filtreler/Butonlar' located by 'By.cssSelector: .dxb>span' in '10' second(s)

2021-11-23 09:57:50 - [MESSAGE][PASSED] - Method.TextDegerineEsitElementeTikla is PASSED

2021-11-23 09:57:50 - [MESSAGE][PASSED] - Call Test Case 'Test Cases/Filtreler/ButonaTikla' successfully

2021-11-23 09:57:50 - [MESSAGE][INFO] - Checking called Test Case

2021-11-23 09:57:50 - [MESSAGE][INFO] - Starting to call Test Case 'Test Cases/Tablo/TablodaVeriVarMi'

2021-11-23 09:57:50 - [TEST_CASE][PASSED] - Test Cases/Tablo/TablodaVeriVarMi: Test Cases/Tablo/TablodaVeriVarMi

2021-11-23 09:57:50 - [TEST_STEP][PASSED] - verifyTextNotPresent("Görüntülenecek veri yok", true): Text 'Görüntülenecek veri yok' is not present on page using regular expression

2021-11-23 09:57:50 - [MESSAGE][INFO] - Checking text present  using regular expression

2021-11-23 09:57:50 - [MESSAGE][INFO] - Smart Wait Function is triggered

2021-11-23 09:57:51 - [MESSAGE][INFO] - Finding text 'Görüntülenecek veri yok' on page  using regular expression

2021-11-23 09:57:51 - [MESSAGE][PASSED] - Text 'Görüntülenecek veri yok' is not present on page using regular expression

2021-11-23 09:57:51 - [MESSAGE][PASSED] - Call Test Case 'Test Cases/Tablo/TablodaVeriVarMi' successfully

2021-11-23 09:57:51 - [MESSAGE][INFO] - Checking called Test Case

2021-11-23 09:57:51 - [MESSAGE][INFO] - Starting to call Test Case 'Test Cases/Tablo/TablodanVeriSec'

2021-11-23 09:57:51 - [TEST_CASE][PASSED] - Test Cases/Tablo/TablodanVeriSec: Test Cases/Tablo/TablodanVeriSec

2021-11-23 09:57:51 - [TEST_STEP][PASSED] - Method.TextDegerineEsitElementinAltindakineTikla(findTestObject("Tablo/Veriler"), findTestObject("Tablo/VerininCheckBoxi"), Veri_Adi): Method.TextDegerineEsitElementinAltindakineTikla is PASSED

2021-11-23 09:57:51 - [MESSAGE][INFO] - Finding Test Object 'Object Repository/Tablo/Veriler'

2021-11-23 09:57:51 - [MESSAGE][INFO] - Finding Test Object 'Object Repository/Tablo/VerininCheckBoxi'

2021-11-23 09:57:51 - [MESSAGE][INFO] - Checking timeout

2021-11-23 09:57:51 - [MESSAGE][INFO] - Finding web element with id: 'Object Repository/Tablo/Veriler' located by 'By.cssSelector: td.dxgv b ,td.dxgv' in '10' second(s)

2021-11-23 09:57:51 - [MESSAGE][INFO] - Smart Wait Function is triggered

2021-11-23 09:57:52 - [MESSAGE][INFO] - Found 110 web elements with id: 'Object Repository/Tablo/Veriler' located by 'By.cssSelector: td.dxgv b ,td.dxgv' in '10' second(s)

2021-11-23 09:57:52 - [MESSAGE][INFO] - Smart Wait Function is triggered

2021-11-23 09:57:52 - [MESSAGE][PASSED] - Method.TextDegerineEsitElementinAltindakineTikla is PASSED

2021-11-23 09:57:52 - [MESSAGE][PASSED] - Call Test Case 'Test Cases/Tablo/TablodanVeriSec' successfully

2021-11-23 09:57:52 - [MESSAGE][INFO] - Checking called Test Case

2021-11-23 09:57:52 - [MESSAGE][INFO] - Starting to call Test Case 'Test Cases/Butonlar/ButonaTikla'

2021-11-23 09:57:52 - [TEST_CASE][PASSED] - Test Cases/Butonlar/ButonaTikla: Test Cases/Butonlar/ButonaTikla

2021-11-23 09:57:52 - [TEST_STEP][PASSED] - Method.TextDegerineEsitElementeTiklaEquals(findTestObject("Butonlar/Butonlar"), Buton_Adi): Method.TextDegerineEsitElementeTiklaEquals is PASSED

2021-11-23 09:57:52 - [MESSAGE][INFO] - Finding Test Object 'Object Repository/Butonlar/Butonlar'

2021-11-23 09:57:52 - [MESSAGE][INFO] - Checking timeout

2021-11-23 09:57:52 - [MESSAGE][INFO] - Finding web element with id: 'Object Repository/Butonlar/Butonlar' located by 'By.cssSelector: .panel.panel-default.text-center.footerPanel .btn,.btn.btn-primary.btnControls' in '10' second(s)

2021-11-23 09:57:52 - [MESSAGE][INFO] - Smart Wait Function is triggered

2021-11-23 09:57:53 - [MESSAGE][INFO] - Found 6 web elements with id: 'Object Repository/Butonlar/Butonlar' located by 'By.cssSelector: .panel.panel-default.text-center.footerPanel .btn,.btn.btn-primary.btnControls' in '10' second(s)

2021-11-23 09:57:53 - [MESSAGE][PASSED] - Method.TextDegerineEsitElementeTiklaEquals is PASSED

2021-11-23 09:57:53 - [MESSAGE][PASSED] - Call Test Case 'Test Cases/Butonlar/ButonaTikla' successfully

2021-11-23 09:57:53 - [MESSAGE][INFO] - Checking called Test Case

2021-11-23 09:57:53 - [MESSAGE][INFO] - Starting to call Test Case 'Test Cases/Sekmeler/YeniSekmeyeGec'

2021-11-23 09:57:53 - [TEST_CASE][PASSED] - Test Cases/Sekmeler/YeniSekmeyeGec: Test Cases/Sekmeler/YeniSekmeyeGec

2021-11-23 09:57:53 - [TEST_STEP][PASSED] - switchToWindowIndex(1): Switched to window with index: '1'

2021-11-23 09:57:53 - [MESSAGE][INFO] - Checking index

2021-11-23 09:57:53 - [MESSAGE][INFO] - Switching window with index: '1'

2021-11-23 09:57:53 - [MESSAGE][PASSED] - Switched to window with index: '1'

2021-11-23 09:57:53 - [MESSAGE][PASSED] - Call Test Case 'Test Cases/Sekmeler/YeniSekmeyeGec' successfully

2021-11-23 09:57:53 - [MESSAGE][INFO] - Checking called Test Case

2021-11-23 09:57:53 - [MESSAGE][INFO] - Starting to call Test Case 'Test Cases/Sekmeler/TagGeldiMi'

2021-11-23 09:57:53 - [TEST_CASE][PASSED] - Test Cases/Sekmeler/TagGeldiMi: Test Cases/Sekmeler/TagGeldiMi

2021-11-23 09:57:53 - [TEST_STEP][PASSED] - waitForElementPresent(findTestObject("Object Repository/Sekmeler/UBLTag"), 10): Object 'Object Repository/Sekmeler/UBLTag' is present

2021-11-23 09:57:53 - [MESSAGE][INFO] - Finding Test Object 'Object Repository/Sekmeler/UBLTag'

2021-11-23 09:57:53 - [MESSAGE][INFO] - Checking object

2021-11-23 09:57:53 - [MESSAGE][INFO] - Finding web element from Test Object's properties

2021-11-23 09:57:53 - [MESSAGE][INFO] - Checking timeout

2021-11-23 09:57:53 - [MESSAGE][INFO] - Finding web element with id: 'Object Repository/Sekmeler/UBLTag' located by 'By.cssSelector: #webkit-xml-viewer-source-xml>:first-child' in '10' second(s)

2021-11-23 09:57:53 - [MESSAGE][INFO] - Smart Wait Function is triggered

2021-11-23 09:57:53 - [MESSAGE][INFO] - Found 1 web elements with id: 'Object Repository/Sekmeler/UBLTag' located by 'By.cssSelector: #webkit-xml-viewer-source-xml>:first-child' in '10' second(s)

2021-11-23 09:57:53 - [MESSAGE][PASSED] - Object 'Object Repository/Sekmeler/UBLTag' is present

2021-11-23 09:57:53 - [TEST_STEP][PASSED] - println(toLowerCase().toString()): Found 1 web elements with id: 'Object Repository/Sekmeler/UBLTag' located by 'By.cssSelector: #webkit-xml-viewer-source-xml>:first-child' in '10' second(s)

2021-11-23 09:57:53 - [MESSAGE][INFO] - Finding Test Object 'Object Repository/Sekmeler/UBLTag'

2021-11-23 09:57:53 - [MESSAGE][INFO] - Finding web element from Test Object's properties

2021-11-23 09:57:53 - [MESSAGE][INFO] - Checking timeout

2021-11-23 09:57:53 - [MESSAGE][INFO] - Finding web element with id: 'Object Repository/Sekmeler/UBLTag' located by 'By.cssSelector: #webkit-xml-viewer-source-xml>:first-child' in '10' second(s)

2021-11-23 09:57:53 - [MESSAGE][INFO] - Smart Wait Function is triggered

2021-11-23 09:57:53 - [MESSAGE][INFO] - Found 1 web elements with id: 'Object Repository/Sekmeler/UBLTag' located by 'By.cssSelector: #webkit-xml-viewer-source-xml>:first-child' in '10' second(s)

2021-11-23 09:57:53 - [TEST_STEP][PASSED] - if (!(toString().contains(toString().toLowerCase()))): Found 1 web elements with id: 'Object Repository/Sekmeler/UBLTag' located by 'By.cssSelector: #webkit-xml-viewer-source-xml>:first-child' in '10' second(s)

2021-11-23 09:57:53 - [MESSAGE][INFO] - Finding Test Object 'Object Repository/Sekmeler/UBLTag'

2021-11-23 09:57:53 - [MESSAGE][INFO] - Finding web element from Test Object's properties

2021-11-23 09:57:53 - [MESSAGE][INFO] - Checking timeout

2021-11-23 09:57:53 - [MESSAGE][INFO] - Finding web element with id: 'Object Repository/Sekmeler/UBLTag' located by 'By.cssSelector: #webkit-xml-viewer-source-xml>:first-child' in '10' second(s)

2021-11-23 09:57:53 - [MESSAGE][INFO] - Smart Wait Function is triggered

2021-11-23 09:57:53 - [MESSAGE][INFO] - Found 1 web elements with id: 'Object Repository/Sekmeler/UBLTag' located by 'By.cssSelector: #webkit-xml-viewer-source-xml>:first-child' in '10' second(s)

2021-11-23 09:57:53 - [MESSAGE][PASSED] - Call Test Case 'Test Cases/Sekmeler/TagGeldiMi' successfully

2021-11-23 09:57:53 - [MESSAGE][INFO] - Checking called Test Case

2021-11-23 09:57:53 - [MESSAGE][INFO] - Starting to call Test Case 'Test Cases/Sekmeler/Ana_Sekmeye_Gec'

2021-11-23 09:57:53 - [TEST_CASE][PASSED] - Test Cases/Sekmeler/Ana_Sekmeye_Gec: Test Cases/Sekmeler/Ana_Sekmeye_Gec

2021-11-23 09:57:53 - [TEST_STEP][PASSED] - try: Window with index 1 is closed

2021-11-23 09:57:53 - [TEST_STEP][PASSED] - index = getWindowIndex(): Current window's index is: 1

2021-11-23 09:57:53 - [MESSAGE][INFO] - Getting current window's index

2021-11-23 09:57:53 - [MESSAGE][PASSED] - Current window's index is: 1

2021-11-23 09:57:53 - [TEST_STEP][PASSED] - closeWindowIndex(index): Window with index 1 is closed

2021-11-23 09:57:53 - [MESSAGE][INFO] - Checking index

2021-11-23 09:57:53 - [MESSAGE][INFO] - Closing window with index 1

2021-11-23 09:57:54 - [MESSAGE][PASSED] - Window with index 1 is closed

2021-11-23 09:57:54 - [TEST_STEP][PASSED] - switchToWindowIndex(0): Switched to window with index: '0'

2021-11-23 09:57:54 - [MESSAGE][INFO] - Checking index

2021-11-23 09:57:54 - [MESSAGE][INFO] - Switching window with index: '0'

2021-11-23 09:57:54 - [MESSAGE][PASSED] - Switched to window with index: '0'

2021-11-23 09:57:54 - [MESSAGE][PASSED] - Call Test Case 'Test Cases/Sekmeler/Ana_Sekmeye_Gec' successfully

2021-11-23 09:57:54 - [MESSAGE][INFO] - Checking called Test Case

2021-11-23 09:57:54 - [MESSAGE][INFO] - Starting to call Test Case 'Test Cases/Kullanici_Islemleri/KullaniciIslemlerindenSecimYapilir'

2021-11-23 09:57:54 - [TEST_CASE][PASSED] - Test Cases/Kullanici_Islemleri/KullaniciIslemlerindenSecimYapilir: Test Cases/Kullanici_Islemleri/KullaniciIslemlerindenSecimYapilir

2021-11-23 09:57:54 - [TEST_STEP][PASSED] - waitForElementClickable(findTestObject("Object Repository/Kullanici_Islemleri/KullaniciIslemleri"), 10): Object 'Object Repository/Kullanici_Islemleri/KullaniciIslemleri' is clickable

2021-11-23 09:57:54 - [MESSAGE][INFO] - Finding Test Object 'Object Repository/Kullanici_Islemleri/KullaniciIslemleri'

2021-11-23 09:57:54 - [MESSAGE][INFO] - Checking object

2021-11-23 09:57:54 - [MESSAGE][INFO] - Checking timeout

2021-11-23 09:57:54 - [MESSAGE][INFO] - Finding web element from Test Object's properties

2021-11-23 09:57:54 - [MESSAGE][INFO] - Checking timeout

2021-11-23 09:57:54 - [MESSAGE][INFO] - Finding web element with id: 'Object Repository/Kullanici_Islemleri/KullaniciIslemleri' located by 'By.cssSelector: .dropdown>a>img' in '10' second(s)

2021-11-23 09:57:54 - [MESSAGE][INFO] - Smart Wait Function is triggered

2021-11-23 09:57:54 - [MESSAGE][INFO] - Found 1 web elements with id: 'Object Repository/Kullanici_Islemleri/KullaniciIslemleri' located by 'By.cssSelector: .dropdown>a>img' in '10' second(s)

2021-11-23 09:57:54 - [MESSAGE][PASSED] - Object 'Object Repository/Kullanici_Islemleri/KullaniciIslemleri' is clickable

2021-11-23 09:57:54 - [TEST_STEP][PASSED] - click(findTestObject("Object Repository/Kullanici_Islemleri/KullaniciIslemleri")): Object: 'Object Repository/Kullanici_Islemleri/KullaniciIslemleri' is clicked on

2021-11-23 09:57:54 - [MESSAGE][INFO] - Finding Test Object 'Object Repository/Kullanici_Islemleri/KullaniciIslemleri'

2021-11-23 09:57:54 - [MESSAGE][INFO] - Checking object

2021-11-23 09:57:54 - [MESSAGE][INFO] - Finding web element from Test Object's properties

2021-11-23 09:57:54 - [MESSAGE][INFO] - Checking timeout

2021-11-23 09:57:54 - [MESSAGE][INFO] - Finding web element with id: 'Object Repository/Kullanici_Islemleri/KullaniciIslemleri' located by 'By.cssSelector: .dropdown>a>img' in '30' second(s)

2021-11-23 09:57:54 - [MESSAGE][INFO] - Smart Wait Function is triggered

2021-11-23 09:57:54 - [MESSAGE][INFO] - Found 1 web elements with id: 'Object Repository/Kullanici_Islemleri/KullaniciIslemleri' located by 'By.cssSelector: .dropdown>a>img' in '30' second(s)

2021-11-23 09:57:54 - [MESSAGE][INFO] - Clicking on object: 'Object Repository/Kullanici_Islemleri/KullaniciIslemleri'

2021-11-23 09:57:54 - [MESSAGE][PASSED] - Object: 'Object Repository/Kullanici_Islemleri/KullaniciIslemleri' is clicked on

2021-11-23 09:57:54 - [TEST_STEP][PASSED] - Method.TextDegerineEsitElementeTikla(findTestObject("Object Repository/Kullanici_Islemleri/Secenekler"), Islem): Method.TextDegerineEsitElementeTikla is PASSED

2021-11-23 09:57:54 - [MESSAGE][INFO] - Finding Test Object 'Object Repository/Kullanici_Islemleri/Secenekler'

2021-11-23 09:57:55 - [MESSAGE][INFO] - Checking timeout

2021-11-23 09:57:55 - [MESSAGE][INFO] - Finding web element with id: 'Object Repository/Kullanici_Islemleri/Secenekler' located by 'By.cssSelector: .nav.navbar-nav.navbar-right li a' in '10' second(s)

2021-11-23 09:57:55 - [MESSAGE][INFO] - Smart Wait Function is triggered

2021-11-23 09:57:55 - [MESSAGE][INFO] - Found 22 web elements with id: 'Object Repository/Kullanici_Islemleri/Secenekler' located by 'By.cssSelector: .nav.navbar-nav.navbar-right li a' in '10' second(s)

2021-11-23 09:57:56 - [MESSAGE][PASSED] - Method.TextDegerineEsitElementeTikla is PASSED

2021-11-23 09:57:56 - [TEST_STEP][PASSED] - verifyElementNotPresent(findTestObject("Object Repository/Kullanici_Islemleri/Secenekler"), 10): Web element with id: 'Object Repository/Kullanici_Islemleri/Secenekler' located by 'By.cssSelector: .nav.navbar-nav.navbar-right li a' is not present after '10' second(s)

2021-11-23 09:57:56 - [MESSAGE][INFO] - Finding Test Object 'Object Repository/Kullanici_Islemleri/Secenekler'

2021-11-23 09:57:56 - [MESSAGE][INFO] - Checking object

2021-11-23 09:57:56 - [MESSAGE][INFO] - Checking timeout

2021-11-23 09:57:56 - [MESSAGE][INFO] - Finding web element with id: 'Object Repository/Kullanici_Islemleri/Secenekler' located by 'By.cssSelector: .nav.navbar-nav.navbar-right li a' in '10' second(s)

2021-11-23 09:57:56 - [MESSAGE][INFO] - Smart Wait Function is triggered

2021-11-23 09:57:57 - [MESSAGE][PASSED] - Web element with id: 'Object Repository/Kullanici_Islemleri/Secenekler' located by 'By.cssSelector: .nav.navbar-nav.navbar-right li a' is not present after '10' second(s)

2021-11-23 09:57:57 - [MESSAGE][PASSED] - Call Test Case 'Test Cases/Kullanici_Islemleri/KullaniciIslemlerindenSecimYapilir' successfully

2021-11-23 09:57:57 - [TEST_CASE][PASSED] - Start Test Case : SCENARIO Giden Zarf GIB: SCENARIO Giden Zarf GIB

2021-11-23 09:57:57 - [TEST_STEP][PASSED] - Kullanıcı adı ELOGO6 ve Şifre 123456 olarak giriş yapılır: Kullanıcı adı ELOGO6 ve Şifre 123456 olarak giriş yapılır

2021-11-23 09:57:57 - [MESSAGE][PASSED] - Kullanıcı adı ELOGO6 ve Şifre 123456 olarak giriş yapılır

2021-11-23 09:57:57 - [TEST_STEP][PASSED] - Ana menüden Zarflar seçilir: Ana menüden Zarflar seçilir

2021-11-23 09:57:57 - [MESSAGE][PASSED] - Ana menüden Zarflar seçilir

2021-11-23 09:57:57 - [TEST_STEP][PASSED] - Alt menüden Giden Zarflar seçilir: Alt menüden Giden Zarflar seçilir

2021-11-23 09:57:57 - [MESSAGE][PASSED] - Alt menüden Giden Zarflar seçilir

2021-11-23 09:57:57 - [TEST_STEP][PASSED] - Filtrelerden Oluşturma Tarihi filtresine 01.12.2020 baslangic degerini yaz: Filtrelerden Oluşturma Tarihi filtresine 01.12.2020 baslangic degerini yaz

2021-11-23 09:57:57 - [MESSAGE][PASSED] - Filtrelerden Oluşturma Tarihi filtresine 01.12.2020 baslangic degerini yaz

2021-11-23 09:57:57 - [TEST_STEP][PASSED] - Filtrelerden Oluşturma Tarihi filtresine 31.12.2020 bitis degerini yaz: Filtrelerden Oluşturma Tarihi filtresine 31.12.2020 bitis degerini yaz

2021-11-23 09:57:57 - [MESSAGE][PASSED] - Filtrelerden Oluşturma Tarihi filtresine 31.12.2020 bitis degerini yaz

2021-11-23 09:57:57 - [TEST_STEP][PASSED] - Filtre butonlarından Listele seçilir: Filtre butonlarından Listele seçilir

2021-11-23 09:57:57 - [MESSAGE][PASSED] - Filtre butonlarından Listele seçilir

2021-11-23 09:57:57 - [TEST_STEP][PASSED] - Tabloda veri var mı kontrol edilir: Tabloda veri var mı kontrol edilir

2021-11-23 09:57:57 - [MESSAGE][PASSED] - Tabloda veri var mı kontrol edilir

2021-11-23 09:57:57 - [TEST_STEP][PASSED] - Tablodan E LOGO 6 isimli veri seçilir: Tablodan E LOGO 6 isimli veri seçilir

2021-11-23 09:57:57 - [MESSAGE][PASSED] - Tablodan E LOGO 6 isimli veri seçilir

2021-11-23 09:57:57 - [TEST_STEP][PASSED] - Butonlardan UBL isimli butona tıklanır: Butonlardan UBL isimli butona tıklanır

2021-11-23 09:57:57 - [MESSAGE][PASSED] - Butonlardan UBL isimli butona tıklanır

2021-11-23 09:57:57 - [TEST_STEP][PASSED] - Yeni açılan sekmeye geçilir: Yeni açılan sekmeye geçilir

2021-11-23 09:57:57 - [MESSAGE][PASSED] - Yeni açılan sekmeye geçilir

2021-11-23 09:57:57 - [TEST_STEP][PASSED] - sh:StandardBusinessDocument tagli ubl geldi mi: sh:StandardBusinessDocument tagli ubl geldi mi

2021-11-23 09:57:57 - [MESSAGE][PASSED] - sh:StandardBusinessDocument tagli ubl geldi mi

2021-11-23 09:57:57 - [TEST_STEP][PASSED] - Ana sekmeye geçilir: Ana sekmeye geçilir

2021-11-23 09:57:57 - [MESSAGE][PASSED] - Ana sekmeye geçilir

2021-11-23 09:57:57 - [TEST_STEP][PASSED] - Kullanıcı işlemlerinden Çıkış seçilir: Kullanıcı işlemlerinden Çıkış seçilir

2021-11-23 09:57:57 - [MESSAGE][PASSED] - Kullanıcı işlemlerinden Çıkış seçilir

2021-11-23 09:57:57 - [MESSAGE][PASSED] - Feature file: 'Include/features/Zarflar/Giden Zarflar/UBL-Goster.feature' was passed

2021-11-23 09:57:57 - [TEST_STEP][PASSED] - Start listener action : sampleAfterTestSuite: Invoke 'com.kms.katalon.core.annotation.AfterTestCase' method: 'Listener.sampleAfterTestSuite(...)' completed.

2021-11-23 09:57:57 - [MESSAGE][INFO] - Starting invoke 'com.kms.katalon.core.annotation.AfterTestCase' method: 'Listener.sampleAfterTestSuite(...)'

2021-11-23 09:57:57 - [TEST_STEP][PASSED] - closeBrowser(): Invoke 'com.kms.katalon.core.annotation.AfterTestCase' method: 'Listener.sampleAfterTestSuite(...)' completed.

2021-11-23 09:57:57 - [MESSAGE][INFO] - Closing browser

2021-11-23 09:57:58 - [MESSAGE][PASSED] - Browser is closed

2021-11-23 09:57:58 - [MESSAGE][INFO] - Invoke 'com.kms.katalon.core.annotation.AfterTestCase' method: 'Listener.sampleAfterTestSuite(...)' completed.]]></system-out>
         <system-err><![CDATA[]]></system-err>
      </testcase>
      <system-out><![CDATA[2021-11-23 09:38:42 - [TEST_SUITE][PASSED] - Zarflar: Test Cases/Case Repository/Zarflar/Giden Zarflar/UBL-Goster]]></system-out>
      <system-err><![CDATA[]]></system-err>
   </testsuite>
</testsuites>
