<?xml version="1.0" encoding="UTF-8"?>
<testsuites name="e-Makbuz" time="1351.308" tests="29" failures="0" errors="0">
   <testsuite name="e-Makbuz" tests="29" failures="0" errors="0" time="1351.308" skipped="0" timestamp="2021-10-21 14:06:08" hostname="DELL - DESKTOP-QBVMTUG" id="">
      <properties>
         <property name="deviceName" value=""/>
         <property name="devicePlatform" value=""/>
         <property name="logFolder" value="C:\\Users\\DELL\\Downloads\\EES_Katalon-main\\Reports\\20211021_140437\\Suite Repository\\e-Makbuz\\20211021_140511"/>
         <property name="logFiles" value="C:\\Users\\DELL\\Downloads\\EES_Katalon-main\\Reports\\20211021_140437\\Suite Repository\\e-Makbuz\\20211021_140511\\execution0.log, C:\\Users\\DELL\\Downloads\\EES_Katalon-main\\Reports\\20211021_140437\\Suite Repository\\e-Makbuz\\20211021_140511\\execution1.log"/>
         <property name="attachments" value=""/>
         <property name="hostName" value="DELL - DESKTOP-QBVMTUG"/>
         <property name="os" value="Windows 10 64bit"/>
         <property name="katalonVersion" value="8.0.5.208"/>
         <property name="browser" value="Chrome 95.0.4638.54"/>
         <property name="hostAddress" value="192.168.1.20"/>
         <property name="sessionId" value="3e167193e38bd11ceed0b7bc98a67ae3"/>
         <property name="seleniumVersion" value="3.141.59"/>
         <property name="proxyInformation" value="ProxyInformation { proxyOption=NO_PROXY, proxyServerType=HTTP, username=, password=********, proxyServerAddress=, proxyServerPort=0, executionList=&quot;&quot;, isApplyToDesiredCapabilities=true }"/>
         <property name="platform" value="Windows 10"/>
      </properties>
      <testcase name="Test Cases/Case Repository/e-Makbuz/e-Mustahsil Uygulamasi/e-Mustahsil Makbuzlari/Departman Ata-Geri Al" time="70.93" classname="Test Cases/Case Repository/e-Makbuz/e-Mustahsil Uygulamasi/e-Mustahsil Makbuzlari/Departman Ata-Geri Al" status="PASSED">
         <system-out><![CDATA[2021-10-21 14:06:10 - [TEST_CASE][PASSED] - Test Cases/Case Repository/e-Makbuz/e-Mustahsil Uygulamasi/e-Mustahsil Makbuzlari/Departman Ata-Geri Al: Test Cases/Case Repository/e-Makbuz/e-Mustahsil Uygulamasi/e-Mustahsil Makbuzlari/Departman Ata-Geri Al

2021-10-21 14:06:10 - [TEST_STEP][PASSED] - Start listener action : sampleBeforeTestSuite: Invoke 'com.kms.katalon.core.annotation.BeforeTestCase' method: 'Listener.sampleBeforeTestSuite(...)' completed.

2021-10-21 14:06:10 - [MESSAGE][INFO] - Starting invoke 'com.kms.katalon.core.annotation.BeforeTestCase' method: 'Listener.sampleBeforeTestSuite(...)'

2021-10-21 14:06:10 - [TEST_STEP][PASSED] - openBrowser(baseUrl): Browser is opened with url: 'https://efatura-stage.elogo.com.tr/'

2021-10-21 14:06:11 - [MESSAGE][INFO] - Opening browser

2021-10-21 14:06:11 - [MESSAGE][INFO] - Starting 'Chrome' driver

2021-10-21 14:06:11 - [MESSAGE][INFO] - User set preference: ['prefs', '{download.default_directory=C:\otomasyondownfiles}']

2021-10-21 14:06:11 - [MESSAGE][INFO] - Action delay is set to 0 milliseconds

2021-10-21 14:06:15 - [MESSAGE][INFO] - Navigating browser to: 'https://efatura-stage.elogo.com.tr/'

2021-10-21 14:06:20 - [MESSAGE][PASSED] - Browser is opened with url: 'https://efatura-stage.elogo.com.tr/'

2021-10-21 14:06:20 - [TEST_STEP][PASSED] - maximizeWindow(): Invoke 'com.kms.katalon.core.annotation.BeforeTestCase' method: 'Listener.sampleBeforeTestSuite(...)' completed.

2021-10-21 14:06:20 - [MESSAGE][INFO] - Maximizing current window

2021-10-21 14:06:20 - [MESSAGE][PASSED] - Current window maximized

2021-10-21 14:06:20 - [MESSAGE][INFO] - Invoke 'com.kms.katalon.core.annotation.BeforeTestCase' method: 'Listener.sampleBeforeTestSuite(...)' completed.

2021-10-21 14:06:21 - [TEST_STEP][PASSED] - runFeatureFile("Include/features/e-Makbuz/e-Mustahsil Uygulamasi/e-Mustahsil Makbuzlari/Departman Ata-Geri Al.feature"): Feature file: 'Include/features/e-Makbuz/e-Mustahsil Uygulamasi/e-Mustahsil Makbuzlari/Departman Ata-Geri Al.feature' was passed

2021-10-21 14:06:21 - [MESSAGE][INFO] - Starting run keyword runFeatureFile: 'Include/features/e-Makbuz/e-Mustahsil Uygulamasi/e-Mustahsil Makbuzlari/Departman Ata-Geri Al.feature' and extract report to folder: 'C:\Users\DELL\Downloads\EES_Katalon-main\Reports\20211021_140437\Suite Repository\e-Makbuz\20211021_140511/cucumber_report/1634814381548'...

2021-10-21 14:06:21 - [MESSAGE][INFO] - Glue: []

2021-10-21 14:06:23 - [MESSAGE][INFO] - Checking called Test Case

2021-10-21 14:06:23 - [MESSAGE][INFO] - Starting to call Test Case 'Test Cases/Sayfalar/Giris_Sayfasi/Login'

2021-10-21 14:06:24 - [TEST_CASE][PASSED] - Test Cases/Sayfalar/Giris_Sayfasi/Login: Test Cases/Sayfalar/Giris_Sayfasi/Login

2021-10-21 14:06:25 - [TEST_STEP][PASSED] - Sayfa_Basligi = getWindowTitle(): Current window's title is: 'LOGO e-Fatura'

2021-10-21 14:06:25 - [MESSAGE][INFO] - Getting current window's title

2021-10-21 14:06:25 - [MESSAGE][PASSED] - Current window's title is: 'LOGO e-Fatura'

2021-10-21 14:06:25 - [TEST_STEP][PASSED] - verifyMatch(Sayfa_Basligi, "LOGO e-Fatura", false): Actual text 'LOGO e-Fatura' and expected text 'LOGO e-Fatura' are matched 

2021-10-21 14:06:25 - [MESSAGE][INFO] - Matching actual text 'LOGO e-Fatura' with expected text 'LOGO e-Fatura'

2021-10-21 14:06:25 - [MESSAGE][PASSED] - Actual text 'LOGO e-Fatura' and expected text 'LOGO e-Fatura' are matched 

2021-10-21 14:06:25 - [TEST_STEP][PASSED] - sendKeys(findTestObject("Sayfalar/Giris_Sayfasi/Firma_Kodu"), KullaniciAdi): Keys 'ELOGO6' sent to object: 'Object Repository/Sayfalar/Giris_Sayfasi/Firma_Kodu'

2021-10-21 14:06:25 - [MESSAGE][INFO] - Finding Test Object 'Object Repository/Sayfalar/Giris_Sayfasi/Firma_Kodu'

2021-10-21 14:06:25 - [MESSAGE][INFO] - Sending keys 'ELOGO6' to object: 'Object Repository/Sayfalar/Giris_Sayfasi/Firma_Kodu'

2021-10-21 14:06:25 - [MESSAGE][INFO] - Finding web element from Test Object's properties

2021-10-21 14:06:25 - [MESSAGE][INFO] - Checking timeout

2021-10-21 14:06:25 - [MESSAGE][INFO] - Finding web element with id: 'Object Repository/Sayfalar/Giris_Sayfasi/Firma_Kodu' located by 'By.xpath: //*[@id = 'AccountName']' in '30' second(s)

2021-10-21 14:06:25 - [MESSAGE][INFO] - Smart Wait Function is triggered

2021-10-21 14:06:26 - [MESSAGE][INFO] - Found 1 web elements with id: 'Object Repository/Sayfalar/Giris_Sayfasi/Firma_Kodu' located by 'By.xpath: //*[@id = 'AccountName']' in '30' second(s)

2021-10-21 14:06:26 - [MESSAGE][PASSED] - Keys 'ELOGO6' sent to object: 'Object Repository/Sayfalar/Giris_Sayfasi/Firma_Kodu'

2021-10-21 14:06:26 - [TEST_STEP][PASSED] - sendKeys(findTestObject("Sayfalar/Giris_Sayfasi/Sifre"), Sifre): Keys '123456' sent to object: 'Object Repository/Sayfalar/Giris_Sayfasi/Sifre'

2021-10-21 14:06:26 - [MESSAGE][INFO] - Finding Test Object 'Object Repository/Sayfalar/Giris_Sayfasi/Sifre'

2021-10-21 14:06:26 - [MESSAGE][INFO] - Sending keys '123456' to object: 'Object Repository/Sayfalar/Giris_Sayfasi/Sifre'

2021-10-21 14:06:26 - [MESSAGE][INFO] - Finding web element from Test Object's properties

2021-10-21 14:06:26 - [MESSAGE][INFO] - Checking timeout

2021-10-21 14:06:26 - [MESSAGE][INFO] - Finding web element with id: 'Object Repository/Sayfalar/Giris_Sayfasi/Sifre' located by 'By.xpath: //*[@id = 'Password']' in '30' second(s)

2021-10-21 14:06:26 - [MESSAGE][INFO] - Smart Wait Function is triggered

2021-10-21 14:06:27 - [MESSAGE][INFO] - Found 1 web elements with id: 'Object Repository/Sayfalar/Giris_Sayfasi/Sifre' located by 'By.xpath: //*[@id = 'Password']' in '30' second(s)

2021-10-21 14:06:27 - [MESSAGE][PASSED] - Keys '123456' sent to object: 'Object Repository/Sayfalar/Giris_Sayfasi/Sifre'

2021-10-21 14:06:27 - [TEST_STEP][PASSED] - findWebElement(findTestObject("Sayfalar/Giris_Sayfasi/Giris_Butonu")).click(): Found 1 web elements with id: 'Object Repository/Sayfalar/Giris_Sayfasi/Giris_Butonu' located by 'By.cssSelector: #btnLogin' in '30' second(s)

2021-10-21 14:06:27 - [MESSAGE][INFO] - Finding Test Object 'Object Repository/Sayfalar/Giris_Sayfasi/Giris_Butonu'

2021-10-21 14:06:27 - [MESSAGE][INFO] - Finding web element from Test Object's properties

2021-10-21 14:06:27 - [MESSAGE][INFO] - Checking timeout

2021-10-21 14:06:27 - [MESSAGE][INFO] - Finding web element with id: 'Object Repository/Sayfalar/Giris_Sayfasi/Giris_Butonu' located by 'By.cssSelector: #btnLogin' in '30' second(s)

2021-10-21 14:06:27 - [MESSAGE][INFO] - Smart Wait Function is triggered

2021-10-21 14:06:27 - [MESSAGE][INFO] - Found 1 web elements with id: 'Object Repository/Sayfalar/Giris_Sayfasi/Giris_Butonu' located by 'By.cssSelector: #btnLogin' in '30' second(s)

2021-10-21 14:06:34 - [TEST_STEP][PASSED] - if (verifyElementPresent(findTestObject("Object Repository/Sayfalar/Giris_Sayfasi/RetveTamam_Butonu"), 5, OPTIONAL)): null

2021-10-21 14:06:34 - [MESSAGE][INFO] - Finding Test Object 'Object Repository/Sayfalar/Giris_Sayfasi/RetveTamam_Butonu'

2021-10-21 14:06:34 - [MESSAGE][INFO] - Checking object

2021-10-21 14:06:34 - [MESSAGE][INFO] - Finding web element from Test Object's properties

2021-10-21 14:06:34 - [MESSAGE][INFO] - Checking timeout

2021-10-21 14:06:34 - [MESSAGE][INFO] - Finding web element with id: 'Object Repository/Sayfalar/Giris_Sayfasi/RetveTamam_Butonu' located by 'By.xpath: //*[@class = 'btn btn-default']' in '5' second(s)

2021-10-21 14:06:34 - [MESSAGE][INFO] - Smart Wait Function is triggered

2021-10-21 14:06:34 - [MESSAGE][INFO] - Found 1 web elements with id: 'Object Repository/Sayfalar/Giris_Sayfasi/RetveTamam_Butonu' located by 'By.xpath: //*[@class = 'btn btn-default']' in '5' second(s)

2021-10-21 14:06:34 - [MESSAGE][PASSED] - Object 'Object Repository/Sayfalar/Giris_Sayfasi/RetveTamam_Butonu' is present

2021-10-21 14:06:34 - [TEST_STEP][PASSED] - click(findTestObject("Object Repository/Sayfalar/Giris_Sayfasi/RetveTamam_Butonu")): Object: 'Object Repository/Sayfalar/Giris_Sayfasi/RetveTamam_Butonu' is clicked on

2021-10-21 14:06:34 - [MESSAGE][INFO] - Finding Test Object 'Object Repository/Sayfalar/Giris_Sayfasi/RetveTamam_Butonu'

2021-10-21 14:06:34 - [MESSAGE][INFO] - Checking object

2021-10-21 14:06:34 - [MESSAGE][INFO] - Finding web element from Test Object's properties

2021-10-21 14:06:34 - [MESSAGE][INFO] - Checking timeout

2021-10-21 14:06:34 - [MESSAGE][INFO] - Finding web element with id: 'Object Repository/Sayfalar/Giris_Sayfasi/RetveTamam_Butonu' located by 'By.xpath: //*[@class = 'btn btn-default']' in '30' second(s)

2021-10-21 14:06:34 - [MESSAGE][INFO] - Smart Wait Function is triggered

2021-10-21 14:06:35 - [MESSAGE][INFO] - Found 1 web elements with id: 'Object Repository/Sayfalar/Giris_Sayfasi/RetveTamam_Butonu' located by 'By.xpath: //*[@class = 'btn btn-default']' in '30' second(s)

2021-10-21 14:06:35 - [MESSAGE][INFO] - Clicking on object: 'Object Repository/Sayfalar/Giris_Sayfasi/RetveTamam_Butonu'

2021-10-21 14:06:35 - [MESSAGE][PASSED] - Object: 'Object Repository/Sayfalar/Giris_Sayfasi/RetveTamam_Butonu' is clicked on

2021-10-21 14:06:35 - [TEST_STEP][PASSED] - click(findTestObject("Object Repository/Sayfalar/Giris_Sayfasi/RetveTamam_Butonu")): Object: 'Object Repository/Sayfalar/Giris_Sayfasi/RetveTamam_Butonu' is clicked on

2021-10-21 14:06:35 - [MESSAGE][INFO] - Finding Test Object 'Object Repository/Sayfalar/Giris_Sayfasi/RetveTamam_Butonu'

2021-10-21 14:06:35 - [MESSAGE][INFO] - Checking object

2021-10-21 14:06:35 - [MESSAGE][INFO] - Finding web element from Test Object's properties

2021-10-21 14:06:35 - [MESSAGE][INFO] - Checking timeout

2021-10-21 14:06:35 - [MESSAGE][INFO] - Finding web element with id: 'Object Repository/Sayfalar/Giris_Sayfasi/RetveTamam_Butonu' located by 'By.xpath: //*[@class = 'btn btn-default']' in '30' second(s)

2021-10-21 14:06:35 - [MESSAGE][INFO] - Smart Wait Function is triggered

2021-10-21 14:06:37 - [MESSAGE][INFO] - Found 1 web elements with id: 'Object Repository/Sayfalar/Giris_Sayfasi/RetveTamam_Butonu' located by 'By.xpath: //*[@class = 'btn btn-default']' in '30' second(s)

2021-10-21 14:06:37 - [MESSAGE][INFO] - Clicking on object: 'Object Repository/Sayfalar/Giris_Sayfasi/RetveTamam_Butonu'

2021-10-21 14:06:37 - [MESSAGE][PASSED] - Object: 'Object Repository/Sayfalar/Giris_Sayfasi/RetveTamam_Butonu' is clicked on

2021-10-21 14:06:37 - [TEST_STEP][PASSED] - if (verifyElementPresent(findTestObject("Sayfalar/Giris_Sayfasi/PopupOK"), 5, OPTIONAL)): null

2021-10-21 14:06:37 - [MESSAGE][INFO] - Finding Test Object 'Object Repository/Sayfalar/Giris_Sayfasi/PopupOK'

2021-10-21 14:06:37 - [MESSAGE][INFO] - Checking object

2021-10-21 14:06:37 - [MESSAGE][INFO] - Finding web element from Test Object's properties

2021-10-21 14:06:37 - [MESSAGE][INFO] - Checking timeout

2021-10-21 14:06:37 - [MESSAGE][INFO] - Finding web element with id: 'Object Repository/Sayfalar/Giris_Sayfasi/PopupOK' located by 'By.cssSelector: .btn.btn-success' in '5' second(s)

2021-10-21 14:06:37 - [MESSAGE][INFO] - Smart Wait Function is triggered

2021-10-21 14:06:37 - [MESSAGE][INFO] - Found 1 web elements with id: 'Object Repository/Sayfalar/Giris_Sayfasi/PopupOK' located by 'By.cssSelector: .btn.btn-success' in '5' second(s)

2021-10-21 14:06:37 - [MESSAGE][PASSED] - Object 'Object Repository/Sayfalar/Giris_Sayfasi/PopupOK' is present

2021-10-21 14:06:37 - [TEST_STEP][PASSED] - click(findTestObject("Object Repository/Sayfalar/Giris_Sayfasi/PopupCarpiGiris")): Object: 'Object Repository/Sayfalar/Giris_Sayfasi/PopupCarpiGiris' is clicked on

2021-10-21 14:06:37 - [MESSAGE][INFO] - Finding Test Object 'Object Repository/Sayfalar/Giris_Sayfasi/PopupCarpiGiris'

2021-10-21 14:06:38 - [MESSAGE][INFO] - Checking object

2021-10-21 14:06:38 - [MESSAGE][INFO] - Finding web element from Test Object's properties

2021-10-21 14:06:38 - [MESSAGE][INFO] - Checking timeout

2021-10-21 14:06:38 - [MESSAGE][INFO] - Finding web element with id: 'Object Repository/Sayfalar/Giris_Sayfasi/PopupCarpiGiris' located by 'By.cssSelector: .bootbox-close-button.close' in '30' second(s)

2021-10-21 14:06:38 - [MESSAGE][INFO] - Smart Wait Function is triggered

2021-10-21 14:06:38 - [MESSAGE][INFO] - Found 1 web elements with id: 'Object Repository/Sayfalar/Giris_Sayfasi/PopupCarpiGiris' located by 'By.cssSelector: .bootbox-close-button.close' in '30' second(s)

2021-10-21 14:06:38 - [MESSAGE][INFO] - Clicking on object: 'Object Repository/Sayfalar/Giris_Sayfasi/PopupCarpiGiris'

2021-10-21 14:06:38 - [MESSAGE][PASSED] - Object: 'Object Repository/Sayfalar/Giris_Sayfasi/PopupCarpiGiris' is clicked on

2021-10-21 14:06:38 - [TEST_STEP][PASSED] - verifyElementVisible(findTestObject("Object Repository/Kullanici_Islemleri/KullaniciIslemleri")): Object 'Object Repository/Kullanici_Islemleri/KullaniciIslemleri' is visible

2021-10-21 14:06:38 - [MESSAGE][INFO] - Finding Test Object 'Object Repository/Kullanici_Islemleri/KullaniciIslemleri'

2021-10-21 14:06:38 - [MESSAGE][INFO] - Checking object

2021-10-21 14:06:38 - [MESSAGE][INFO] - Finding web element from Test Object's properties

2021-10-21 14:06:38 - [MESSAGE][INFO] - Checking timeout

2021-10-21 14:06:38 - [MESSAGE][INFO] - Finding web element with id: 'Object Repository/Kullanici_Islemleri/KullaniciIslemleri' located by 'By.cssSelector: .dropdown>a>img' in '30' second(s)

2021-10-21 14:06:38 - [MESSAGE][INFO] - Smart Wait Function is triggered

2021-10-21 14:06:39 - [MESSAGE][INFO] - Found 1 web elements with id: 'Object Repository/Kullanici_Islemleri/KullaniciIslemleri' located by 'By.cssSelector: .dropdown>a>img' in '30' second(s)

2021-10-21 14:06:39 - [MESSAGE][PASSED] - Object 'Object Repository/Kullanici_Islemleri/KullaniciIslemleri' is visible

2021-10-21 14:06:39 - [MESSAGE][PASSED] - Call Test Case 'Test Cases/Sayfalar/Giris_Sayfasi/Login' successfully

2021-10-21 14:06:39 - [MESSAGE][INFO] - Checking called Test Case

2021-10-21 14:06:39 - [MESSAGE][INFO] - Starting to call Test Case 'Test Cases/Menu/AnaMenuSecimi'

2021-10-21 14:06:39 - [TEST_CASE][PASSED] - Test Cases/Menu/AnaMenuSecimi: Test Cases/Menu/AnaMenuSecimi

2021-10-21 14:06:39 - [TEST_STEP][PASSED] - Method.TextDegerineEsitElementeTikla(findTestObject("Menu/Ana_Menu"), Ana_Menu): Method.TextDegerineEsitElementeTikla is PASSED

2021-10-21 14:06:39 - [MESSAGE][INFO] - Finding Test Object 'Object Repository/Menu/Ana_Menu'

2021-10-21 14:06:39 - [MESSAGE][INFO] - Checking timeout

2021-10-21 14:06:39 - [MESSAGE][INFO] - Finding web element with id: 'Object Repository/Menu/Ana_Menu' located by 'By.xpath: //*[@class = 'dropdown-toggle']' in '10' second(s)

2021-10-21 14:06:39 - [MESSAGE][INFO] - Smart Wait Function is triggered

2021-10-21 14:06:40 - [MESSAGE][INFO] - Found 14 web elements with id: 'Object Repository/Menu/Ana_Menu' located by 'By.xpath: //*[@class = 'dropdown-toggle']' in '10' second(s)

2021-10-21 14:06:40 - [MESSAGE][PASSED] - Method.TextDegerineEsitElementeTikla is PASSED

2021-10-21 14:06:40 - [MESSAGE][PASSED] - Call Test Case 'Test Cases/Menu/AnaMenuSecimi' successfully

2021-10-21 14:06:40 - [MESSAGE][INFO] - Checking called Test Case

2021-10-21 14:06:40 - [MESSAGE][INFO] - Starting to call Test Case 'Test Cases/Menu/BasligaGoreAltMenuSecimi'

2021-10-21 14:06:40 - [TEST_CASE][PASSED] - Test Cases/Menu/BasligaGoreAltMenuSecimi: Test Cases/Menu/BasligaGoreAltMenuSecimi

2021-10-21 14:06:41 - [TEST_STEP][PASSED] - Method.TextDegerineEsitElementinAltindakiTextDegerineEsitOlanaTikla(findTestObject("Menu/Menu_Basligi"), findTestObject("Menu/Basliga_Gore_Alt_Menu"), Baslik, Alt_Menu): Method.TextDegerineEsitElementinAltindakiTextDegerineEsitOlanaTikla is PASSED

2021-10-21 14:06:41 - [MESSAGE][INFO] - Finding Test Object 'Object Repository/Menu/Menu_Basligi'

2021-10-21 14:06:41 - [MESSAGE][INFO] - Finding Test Object 'Object Repository/Menu/Basliga_Gore_Alt_Menu'

2021-10-21 14:06:41 - [MESSAGE][INFO] - Checking timeout

2021-10-21 14:06:41 - [MESSAGE][INFO] - Finding web element with id: 'Object Repository/Menu/Menu_Basligi' located by 'By.xpath: //li[@class='dropdown dropdown-large open']//li[@class='dropdown-header']' in '10' second(s)

2021-10-21 14:06:41 - [MESSAGE][INFO] - Smart Wait Function is triggered

2021-10-21 14:06:41 - [MESSAGE][INFO] - Found 2 web elements with id: 'Object Repository/Menu/Menu_Basligi' located by 'By.xpath: //li[@class='dropdown dropdown-large open']//li[@class='dropdown-header']' in '10' second(s)

2021-10-21 14:06:41 - [MESSAGE][INFO] - Smart Wait Function is triggered

2021-10-21 14:06:53 - [MESSAGE][PASSED] - Method.TextDegerineEsitElementinAltindakiTextDegerineEsitOlanaTikla is PASSED

2021-10-21 14:06:53 - [MESSAGE][PASSED] - Call Test Case 'Test Cases/Menu/BasligaGoreAltMenuSecimi' successfully

2021-10-21 14:06:53 - [MESSAGE][INFO] - Checking called Test Case

2021-10-21 14:06:53 - [MESSAGE][INFO] - Starting to call Test Case 'Test Cases/Filtreler/BaslangicYaz'

2021-10-21 14:06:53 - [TEST_CASE][PASSED] - Test Cases/Filtreler/BaslangicYaz: Test Cases/Filtreler/BaslangicYaz

2021-10-21 14:06:54 - [TEST_STEP][PASSED] - Method.TextDegerineEsitElementinAltindakineTikla(findTestObject("Filtreler/Basliklar"), findTestObject("Filtreler/Basliga_Gore_Baslangic_Image"), Filtre_Adi): Method.TextDegerineEsitElementinAltindakineTikla is PASSED

2021-10-21 14:06:54 - [MESSAGE][INFO] - Finding Test Object 'Object Repository/Filtreler/Basliklar'

2021-10-21 14:06:54 - [MESSAGE][INFO] - Finding Test Object 'Object Repository/Filtreler/Basliga_Gore_Baslangic_Image'

2021-10-21 14:06:54 - [MESSAGE][INFO] - Checking timeout

2021-10-21 14:06:54 - [MESSAGE][INFO] - Finding web element with id: 'Object Repository/Filtreler/Basliklar' located by 'By.cssSelector: .control-label.col-sm-4.paddingMarginRLC' in '10' second(s)

2021-10-21 14:06:54 - [MESSAGE][INFO] - Smart Wait Function is triggered

2021-10-21 14:06:54 - [MESSAGE][INFO] - Found 14 web elements with id: 'Object Repository/Filtreler/Basliklar' located by 'By.cssSelector: .control-label.col-sm-4.paddingMarginRLC' in '10' second(s)

2021-10-21 14:06:54 - [MESSAGE][INFO] - Smart Wait Function is triggered

2021-10-21 14:06:55 - [MESSAGE][PASSED] - Method.TextDegerineEsitElementinAltindakineTikla is PASSED

2021-10-21 14:06:55 - [TEST_STEP][PASSED] - Method.TextDegerineEsitElementinAltindakiTextboxtaYaz(findTestObject("Filtreler/Basliklar"), findTestObject("Filtreler/Basliga_Gore_Baslangic"), Filtre_Adi, Filtre_Degeri): Method.TextDegerineEsitElementinAltindakiTextboxtaYaz is PASSED

2021-10-21 14:06:55 - [MESSAGE][INFO] - Finding Test Object 'Object Repository/Filtreler/Basliklar'

2021-10-21 14:06:55 - [MESSAGE][INFO] - Finding Test Object 'Object Repository/Filtreler/Basliga_Gore_Baslangic'

2021-10-21 14:06:55 - [MESSAGE][INFO] - Checking timeout

2021-10-21 14:06:55 - [MESSAGE][INFO] - Finding web element with id: 'Object Repository/Filtreler/Basliklar' located by 'By.cssSelector: .control-label.col-sm-4.paddingMarginRLC' in '10' second(s)

2021-10-21 14:06:55 - [MESSAGE][INFO] - Smart Wait Function is triggered

2021-10-21 14:06:55 - [MESSAGE][INFO] - Found 14 web elements with id: 'Object Repository/Filtreler/Basliklar' located by 'By.cssSelector: .control-label.col-sm-4.paddingMarginRLC' in '10' second(s)

2021-10-21 14:06:55 - [MESSAGE][INFO] - Smart Wait Function is triggered

2021-10-21 14:06:56 - [MESSAGE][PASSED] - Method.TextDegerineEsitElementinAltindakiTextboxtaYaz is PASSED

2021-10-21 14:06:56 - [MESSAGE][PASSED] - Call Test Case 'Test Cases/Filtreler/BaslangicYaz' successfully

2021-10-21 14:06:56 - [MESSAGE][INFO] - Checking called Test Case

2021-10-21 14:06:56 - [MESSAGE][INFO] - Starting to call Test Case 'Test Cases/Filtreler/BitisYaz'

2021-10-21 14:06:56 - [TEST_CASE][PASSED] - Test Cases/Filtreler/BitisYaz: Test Cases/Filtreler/BitisYaz

2021-10-21 14:06:57 - [TEST_STEP][PASSED] - Method.TextDegerineEsitElementinAltindakineTikla(findTestObject("Filtreler/Basliklar"), findTestObject("Filtreler/Basliga_Gore_Bitis_Image"), Filtre_Adi): Method.TextDegerineEsitElementinAltindakineTikla is PASSED

2021-10-21 14:06:57 - [MESSAGE][INFO] - Finding Test Object 'Object Repository/Filtreler/Basliklar'

2021-10-21 14:06:57 - [MESSAGE][INFO] - Finding Test Object 'Object Repository/Filtreler/Basliga_Gore_Bitis_Image'

2021-10-21 14:06:57 - [MESSAGE][INFO] - Checking timeout

2021-10-21 14:06:57 - [MESSAGE][INFO] - Finding web element with id: 'Object Repository/Filtreler/Basliklar' located by 'By.cssSelector: .control-label.col-sm-4.paddingMarginRLC' in '10' second(s)

2021-10-21 14:06:57 - [MESSAGE][INFO] - Smart Wait Function is triggered

2021-10-21 14:06:57 - [MESSAGE][INFO] - Found 14 web elements with id: 'Object Repository/Filtreler/Basliklar' located by 'By.cssSelector: .control-label.col-sm-4.paddingMarginRLC' in '10' second(s)

2021-10-21 14:06:57 - [MESSAGE][INFO] - Smart Wait Function is triggered

2021-10-21 14:06:58 - [MESSAGE][PASSED] - Method.TextDegerineEsitElementinAltindakineTikla is PASSED

2021-10-21 14:06:58 - [TEST_STEP][PASSED] - Method.TextDegerineEsitElementinAltindakiTextboxtaYaz(findTestObject("Filtreler/Basliklar"), findTestObject("Object Repository/Filtreler/Basliga_Gore_Bitis"), Filtre_Adi, Filtre_Degeri): Method.TextDegerineEsitElementinAltindakiTextboxtaYaz is PASSED

2021-10-21 14:06:58 - [MESSAGE][INFO] - Finding Test Object 'Object Repository/Filtreler/Basliklar'

2021-10-21 14:06:58 - [MESSAGE][INFO] - Finding Test Object 'Object Repository/Filtreler/Basliga_Gore_Bitis'

2021-10-21 14:06:58 - [MESSAGE][INFO] - Checking timeout

2021-10-21 14:06:58 - [MESSAGE][INFO] - Finding web element with id: 'Object Repository/Filtreler/Basliklar' located by 'By.cssSelector: .control-label.col-sm-4.paddingMarginRLC' in '10' second(s)

2021-10-21 14:06:58 - [MESSAGE][INFO] - Smart Wait Function is triggered

2021-10-21 14:06:58 - [MESSAGE][INFO] - Found 14 web elements with id: 'Object Repository/Filtreler/Basliklar' located by 'By.cssSelector: .control-label.col-sm-4.paddingMarginRLC' in '10' second(s)

2021-10-21 14:06:58 - [MESSAGE][INFO] - Smart Wait Function is triggered

2021-10-21 14:06:59 - [MESSAGE][PASSED] - Method.TextDegerineEsitElementinAltindakiTextboxtaYaz is PASSED

2021-10-21 14:06:59 - [MESSAGE][PASSED] - Call Test Case 'Test Cases/Filtreler/BitisYaz' successfully

2021-10-21 14:06:59 - [MESSAGE][INFO] - Checking called Test Case

2021-10-21 14:06:59 - [MESSAGE][INFO] - Starting to call Test Case 'Test Cases/Filtreler/ButonaTikla'

2021-10-21 14:06:59 - [TEST_CASE][PASSED] - Test Cases/Filtreler/ButonaTikla: Test Cases/Filtreler/ButonaTikla

2021-10-21 14:06:59 - [TEST_STEP][PASSED] - Method.TextDegerineEsitElementeTikla(findTestObject("Filtreler/Butonlar"), Filtre_Buton): Method.TextDegerineEsitElementeTikla is PASSED

2021-10-21 14:06:59 - [MESSAGE][INFO] - Finding Test Object 'Object Repository/Filtreler/Butonlar'

2021-10-21 14:06:59 - [MESSAGE][INFO] - Checking timeout

2021-10-21 14:06:59 - [MESSAGE][INFO] - Finding web element with id: 'Object Repository/Filtreler/Butonlar' located by 'By.cssSelector: .dxb>span' in '10' second(s)

2021-10-21 14:06:59 - [MESSAGE][INFO] - Smart Wait Function is triggered

2021-10-21 14:07:00 - [MESSAGE][INFO] - Found 3 web elements with id: 'Object Repository/Filtreler/Butonlar' located by 'By.cssSelector: .dxb>span' in '10' second(s)

2021-10-21 14:07:00 - [MESSAGE][PASSED] - Method.TextDegerineEsitElementeTikla is PASSED

2021-10-21 14:07:00 - [MESSAGE][PASSED] - Call Test Case 'Test Cases/Filtreler/ButonaTikla' successfully

2021-10-21 14:07:00 - [MESSAGE][INFO] - Checking called Test Case

2021-10-21 14:07:00 - [MESSAGE][INFO] - Starting to call Test Case 'Test Cases/Tablo/TablodaVeriVarMi'

2021-10-21 14:07:00 - [TEST_CASE][PASSED] - Test Cases/Tablo/TablodaVeriVarMi: Test Cases/Tablo/TablodaVeriVarMi

2021-10-21 14:07:01 - [TEST_STEP][PASSED] - verifyTextNotPresent("Görüntülenecek veri yok", true): Text 'Görüntülenecek veri yok' is not present on page using regular expression

2021-10-21 14:07:01 - [MESSAGE][INFO] - Checking text present  using regular expression

2021-10-21 14:07:01 - [MESSAGE][INFO] - Smart Wait Function is triggered

2021-10-21 14:07:01 - [MESSAGE][INFO] - Finding text 'Görüntülenecek veri yok' on page  using regular expression

2021-10-21 14:07:01 - [MESSAGE][PASSED] - Text 'Görüntülenecek veri yok' is not present on page using regular expression

2021-10-21 14:07:01 - [MESSAGE][PASSED] - Call Test Case 'Test Cases/Tablo/TablodaVeriVarMi' successfully

2021-10-21 14:07:01 - [MESSAGE][INFO] - Checking called Test Case

2021-10-21 14:07:01 - [MESSAGE][INFO] - Starting to call Test Case 'Test Cases/Tablo/TablodanVeriSec'

2021-10-21 14:07:01 - [TEST_CASE][PASSED] - Test Cases/Tablo/TablodanVeriSec: Test Cases/Tablo/TablodanVeriSec

2021-10-21 14:07:02 - [TEST_STEP][PASSED] - Method.TextDegerineEsitElementinAltindakineTikla(findTestObject("Tablo/Veriler"), findTestObject("Tablo/VerininCheckBoxi"), Veri_Adi): Method.TextDegerineEsitElementinAltindakineTikla is PASSED

2021-10-21 14:07:02 - [MESSAGE][INFO] - Finding Test Object 'Object Repository/Tablo/Veriler'

2021-10-21 14:07:02 - [MESSAGE][INFO] - Finding Test Object 'Object Repository/Tablo/VerininCheckBoxi'

2021-10-21 14:07:02 - [MESSAGE][INFO] - Checking timeout

2021-10-21 14:07:02 - [MESSAGE][INFO] - Finding web element with id: 'Object Repository/Tablo/Veriler' located by 'By.cssSelector: td.dxgv b ,td.dxgv' in '10' second(s)

2021-10-21 14:07:02 - [MESSAGE][INFO] - Smart Wait Function is triggered

2021-10-21 14:07:02 - [MESSAGE][INFO] - Found 13 web elements with id: 'Object Repository/Tablo/Veriler' located by 'By.cssSelector: td.dxgv b ,td.dxgv' in '10' second(s)

2021-10-21 14:07:02 - [MESSAGE][INFO] - Smart Wait Function is triggered

2021-10-21 14:07:03 - [MESSAGE][PASSED] - Method.TextDegerineEsitElementinAltindakineTikla is PASSED

2021-10-21 14:07:03 - [MESSAGE][PASSED] - Call Test Case 'Test Cases/Tablo/TablodanVeriSec' successfully

2021-10-21 14:07:03 - [MESSAGE][INFO] - Checking called Test Case

2021-10-21 14:07:03 - [MESSAGE][INFO] - Starting to call Test Case 'Test Cases/Butonlar/ButonaTikla'

2021-10-21 14:07:03 - [TEST_CASE][PASSED] - Test Cases/Butonlar/ButonaTikla: Test Cases/Butonlar/ButonaTikla

2021-10-21 14:07:03 - [TEST_STEP][PASSED] - Method.TextDegerineEsitElementeTiklaEquals(findTestObject("Butonlar/Butonlar"), Buton_Adi): Method.TextDegerineEsitElementeTiklaEquals is PASSED

2021-10-21 14:07:03 - [MESSAGE][INFO] - Finding Test Object 'Object Repository/Butonlar/Butonlar'

2021-10-21 14:07:03 - [MESSAGE][INFO] - Checking timeout

2021-10-21 14:07:03 - [MESSAGE][INFO] - Finding web element with id: 'Object Repository/Butonlar/Butonlar' located by 'By.cssSelector: .panel.panel-default.text-center.footerPanel .btn,.btn.btn-primary.btnControls' in '10' second(s)

2021-10-21 14:07:03 - [MESSAGE][INFO] - Smart Wait Function is triggered

2021-10-21 14:07:04 - [MESSAGE][INFO] - Found 13 web elements with id: 'Object Repository/Butonlar/Butonlar' located by 'By.cssSelector: .panel.panel-default.text-center.footerPanel .btn,.btn.btn-primary.btnControls' in '10' second(s)

2021-10-21 14:07:04 - [MESSAGE][PASSED] - Method.TextDegerineEsitElementeTiklaEquals is PASSED

2021-10-21 14:07:04 - [MESSAGE][PASSED] - Call Test Case 'Test Cases/Butonlar/ButonaTikla' successfully

2021-10-21 14:07:04 - [MESSAGE][INFO] - Checking called Test Case

2021-10-21 14:07:04 - [MESSAGE][INFO] - Starting to call Test Case 'Test Cases/Sekmeler/YeniSekmeyeGec'

2021-10-21 14:07:04 - [TEST_CASE][PASSED] - Test Cases/Sekmeler/YeniSekmeyeGec: Test Cases/Sekmeler/YeniSekmeyeGec

2021-10-21 14:07:04 - [TEST_STEP][PASSED] - switchToWindowIndex(1): Switched to window with index: '1'

2021-10-21 14:07:04 - [MESSAGE][INFO] - Checking index

2021-10-21 14:07:04 - [MESSAGE][INFO] - Switching window with index: '1'

2021-10-21 14:07:04 - [MESSAGE][PASSED] - Switched to window with index: '1'

2021-10-21 14:07:04 - [MESSAGE][PASSED] - Call Test Case 'Test Cases/Sekmeler/YeniSekmeyeGec' successfully

2021-10-21 14:07:05 - [MESSAGE][INFO] - Checking called Test Case

2021-10-21 14:07:05 - [MESSAGE][INFO] - Starting to call Test Case 'Test Cases/Sekmeler/DepartmanCheckboxiSecilir'

2021-10-21 14:07:05 - [TEST_CASE][PASSED] - Test Cases/Sekmeler/DepartmanCheckboxiSecilir: Test Cases/Sekmeler/DepartmanCheckboxiSecilir

2021-10-21 14:07:05 - [TEST_STEP][PASSED] - Method.TextDegerineEsitElementeTikla(findTestObject("Object Repository/Sekmeler/DepartmanCheckboxi"), Departman): Method.TextDegerineEsitElementeTikla is PASSED

2021-10-21 14:07:05 - [MESSAGE][INFO] - Finding Test Object 'Object Repository/Sekmeler/DepartmanCheckboxi'

2021-10-21 14:07:05 - [MESSAGE][INFO] - Checking timeout

2021-10-21 14:07:05 - [MESSAGE][INFO] - Finding web element with id: 'Object Repository/Sekmeler/DepartmanCheckboxi' located by 'By.cssSelector: .dx-wrap' in '10' second(s)

2021-10-21 14:07:05 - [MESSAGE][INFO] - Smart Wait Function is triggered

2021-10-21 14:07:05 - [MESSAGE][INFO] - Found 4 web elements with id: 'Object Repository/Sekmeler/DepartmanCheckboxi' located by 'By.cssSelector: .dx-wrap' in '10' second(s)

2021-10-21 14:07:06 - [MESSAGE][PASSED] - Method.TextDegerineEsitElementeTikla is PASSED

2021-10-21 14:07:06 - [MESSAGE][PASSED] - Call Test Case 'Test Cases/Sekmeler/DepartmanCheckboxiSecilir' successfully

2021-10-21 14:07:06 - [MESSAGE][INFO] - Checking called Test Case

2021-10-21 14:07:06 - [MESSAGE][INFO] - Starting to call Test Case 'Test Cases/Sekmeler/DepartmanKaydedilir'

2021-10-21 14:07:06 - [TEST_CASE][PASSED] - Test Cases/Sekmeler/DepartmanKaydedilir: Test Cases/Sekmeler/DepartmanKaydedilir

2021-10-21 14:07:06 - [TEST_STEP][PASSED] - waitForElementClickable(findTestObject("Object Repository/Sekmeler/DepartmanKaydetButoni"), 10): Object 'Object Repository/Sekmeler/DepartmanKaydetButoni' is clickable

2021-10-21 14:07:06 - [MESSAGE][INFO] - Finding Test Object 'Object Repository/Sekmeler/DepartmanKaydetButoni'

2021-10-21 14:07:06 - [MESSAGE][INFO] - Checking object

2021-10-21 14:07:06 - [MESSAGE][INFO] - Checking timeout

2021-10-21 14:07:06 - [MESSAGE][INFO] - Finding web element from Test Object's properties

2021-10-21 14:07:06 - [MESSAGE][INFO] - Checking timeout

2021-10-21 14:07:06 - [MESSAGE][INFO] - Finding web element with id: 'Object Repository/Sekmeler/DepartmanKaydetButoni' located by 'By.cssSelector: .dx-vam' in '10' second(s)

2021-10-21 14:07:06 - [MESSAGE][INFO] - Smart Wait Function is triggered

2021-10-21 14:07:07 - [MESSAGE][INFO] - Found 1 web elements with id: 'Object Repository/Sekmeler/DepartmanKaydetButoni' located by 'By.cssSelector: .dx-vam' in '10' second(s)

2021-10-21 14:07:07 - [MESSAGE][PASSED] - Object 'Object Repository/Sekmeler/DepartmanKaydetButoni' is clickable

2021-10-21 14:07:07 - [TEST_STEP][PASSED] - click(findTestObject("Object Repository/Sekmeler/DepartmanKaydetButoni")): Object: 'Object Repository/Sekmeler/DepartmanKaydetButoni' is clicked on

2021-10-21 14:07:07 - [MESSAGE][INFO] - Finding Test Object 'Object Repository/Sekmeler/DepartmanKaydetButoni'

2021-10-21 14:07:07 - [MESSAGE][INFO] - Checking object

2021-10-21 14:07:07 - [MESSAGE][INFO] - Finding web element from Test Object's properties

2021-10-21 14:07:07 - [MESSAGE][INFO] - Checking timeout

2021-10-21 14:07:07 - [MESSAGE][INFO] - Finding web element with id: 'Object Repository/Sekmeler/DepartmanKaydetButoni' located by 'By.cssSelector: .dx-vam' in '30' second(s)

2021-10-21 14:07:07 - [MESSAGE][INFO] - Smart Wait Function is triggered

2021-10-21 14:07:07 - [MESSAGE][INFO] - Found 1 web elements with id: 'Object Repository/Sekmeler/DepartmanKaydetButoni' located by 'By.cssSelector: .dx-vam' in '30' second(s)

2021-10-21 14:07:07 - [MESSAGE][INFO] - Clicking on object: 'Object Repository/Sekmeler/DepartmanKaydetButoni'

2021-10-21 14:07:07 - [MESSAGE][PASSED] - Object: 'Object Repository/Sekmeler/DepartmanKaydetButoni' is clicked on

2021-10-21 14:07:07 - [MESSAGE][PASSED] - Call Test Case 'Test Cases/Sekmeler/DepartmanKaydedilir' successfully

2021-10-21 14:07:07 - [MESSAGE][INFO] - Checking called Test Case

2021-10-21 14:07:07 - [MESSAGE][INFO] - Starting to call Test Case 'Test Cases/Popup/PopupMesajiIceriyorMu'

2021-10-21 14:07:07 - [TEST_CASE][PASSED] - Test Cases/Popup/PopupMesajiIceriyorMu: Test Cases/Popup/PopupMesajiIceriyorMu

2021-10-21 14:07:08 - [TEST_STEP][PASSED] - waitForElementVisible(findTestObject("Popup/Popup"), 10): Object 'Object Repository/Popup/Popup' is visible

2021-10-21 14:07:08 - [MESSAGE][INFO] - Finding Test Object 'Object Repository/Popup/Popup'

2021-10-21 14:07:08 - [MESSAGE][INFO] - Checking object

2021-10-21 14:07:08 - [MESSAGE][INFO] - Checking timeout

2021-10-21 14:07:08 - [MESSAGE][INFO] - Finding web element from Test Object's properties

2021-10-21 14:07:08 - [MESSAGE][INFO] - Checking timeout

2021-10-21 14:07:08 - [MESSAGE][INFO] - Finding web element with id: 'Object Repository/Popup/Popup' located by 'By.cssSelector: .bootbox-body' in '10' second(s)

2021-10-21 14:07:08 - [MESSAGE][INFO] - Smart Wait Function is triggered

2021-10-21 14:07:08 - [MESSAGE][INFO] - Found 1 web elements with id: 'Object Repository/Popup/Popup' located by 'By.cssSelector: .bootbox-body' in '10' second(s)

2021-10-21 14:07:08 - [MESSAGE][PASSED] - Object 'Object Repository/Popup/Popup' is visible

2021-10-21 14:07:08 - [TEST_STEP][PASSED] - if (!(getText(findTestObject("Popup/Popup")).contains(Mesaj))): Text of object 'Object Repository/Popup/Popup' is: 'Seçilen belgeler ilgili departmanlara aktarılmıştır.'

2021-10-21 14:07:08 - [MESSAGE][INFO] - Finding Test Object 'Object Repository/Popup/Popup'

2021-10-21 14:07:08 - [MESSAGE][INFO] - Checking object

2021-10-21 14:07:08 - [MESSAGE][INFO] - Finding web element from Test Object's properties

2021-10-21 14:07:08 - [MESSAGE][INFO] - Checking timeout

2021-10-21 14:07:08 - [MESSAGE][INFO] - Finding web element with id: 'Object Repository/Popup/Popup' located by 'By.cssSelector: .bootbox-body' in '30' second(s)

2021-10-21 14:07:08 - [MESSAGE][INFO] - Smart Wait Function is triggered

2021-10-21 14:07:09 - [MESSAGE][INFO] - Found 1 web elements with id: 'Object Repository/Popup/Popup' located by 'By.cssSelector: .bootbox-body' in '30' second(s)

2021-10-21 14:07:09 - [MESSAGE][INFO] - Getting text of object 'Object Repository/Popup/Popup'

2021-10-21 14:07:09 - [MESSAGE][PASSED] - Text of object 'Object Repository/Popup/Popup' is: 'Seçilen belgeler ilgili departmanlara aktarılmıştır.'

2021-10-21 14:07:09 - [TEST_STEP][PASSED] - RaporNo = getText(findTestObject("Popup/Popup")).substring(0, 6): Text of object 'Object Repository/Popup/Popup' is: 'Seçilen belgeler ilgili departmanlara aktarılmıştır.'

2021-10-21 14:07:09 - [MESSAGE][INFO] - Finding Test Object 'Object Repository/Popup/Popup'

2021-10-21 14:07:09 - [MESSAGE][INFO] - Checking object

2021-10-21 14:07:09 - [MESSAGE][INFO] - Finding web element from Test Object's properties

2021-10-21 14:07:09 - [MESSAGE][INFO] - Checking timeout

2021-10-21 14:07:09 - [MESSAGE][INFO] - Finding web element with id: 'Object Repository/Popup/Popup' located by 'By.cssSelector: .bootbox-body' in '30' second(s)

2021-10-21 14:07:09 - [MESSAGE][INFO] - Smart Wait Function is triggered

2021-10-21 14:07:09 - [MESSAGE][INFO] - Found 1 web elements with id: 'Object Repository/Popup/Popup' located by 'By.cssSelector: .bootbox-body' in '30' second(s)

2021-10-21 14:07:09 - [MESSAGE][INFO] - Getting text of object 'Object Repository/Popup/Popup'

2021-10-21 14:07:09 - [MESSAGE][PASSED] - Text of object 'Object Repository/Popup/Popup' is: 'Seçilen belgeler ilgili departmanlara aktarılmıştır.'

2021-10-21 14:07:09 - [TEST_STEP][PASSED] - Console.println(RaporNo): null

2021-10-21 14:07:09 - [MESSAGE][PASSED] - Call Test Case 'Test Cases/Popup/PopupMesajiIceriyorMu' successfully

2021-10-21 14:07:09 - [MESSAGE][INFO] - Checking called Test Case

2021-10-21 14:07:09 - [MESSAGE][INFO] - Starting to call Test Case 'Test Cases/Popup/PopupButonSecilir'

2021-10-21 14:07:09 - [TEST_CASE][PASSED] - Test Cases/Popup/PopupButonSecilir: Test Cases/Popup/PopupButonSecilir

2021-10-21 14:07:10 - [TEST_STEP][PASSED] - Method.TextDegerineEsitElementeTikla(findTestObject("Popup/Popup_Butons"), Buton): Method.TextDegerineEsitElementeTikla is PASSED

2021-10-21 14:07:10 - [MESSAGE][INFO] - Finding Test Object 'Object Repository/Popup/Popup_Butons'

2021-10-21 14:07:10 - [MESSAGE][INFO] - Checking timeout

2021-10-21 14:07:10 - [MESSAGE][INFO] - Finding web element with id: 'Object Repository/Popup/Popup_Butons' located by 'By.cssSelector: .modal-footer>button' in '10' second(s)

2021-10-21 14:07:10 - [MESSAGE][INFO] - Smart Wait Function is triggered

2021-10-21 14:07:10 - [MESSAGE][INFO] - Found 1 web elements with id: 'Object Repository/Popup/Popup_Butons' located by 'By.cssSelector: .modal-footer>button' in '10' second(s)

2021-10-21 14:07:10 - [MESSAGE][PASSED] - Method.TextDegerineEsitElementeTikla is PASSED

2021-10-21 14:07:10 - [MESSAGE][PASSED] - Call Test Case 'Test Cases/Popup/PopupButonSecilir' successfully

2021-10-21 14:07:10 - [MESSAGE][INFO] - Checking called Test Case

2021-10-21 14:07:10 - [MESSAGE][INFO] - Starting to call Test Case 'Test Cases/Sekmeler/Ana_Sekmeye_Gec'

2021-10-21 14:07:10 - [TEST_CASE][PASSED] - Test Cases/Sekmeler/Ana_Sekmeye_Gec: Test Cases/Sekmeler/Ana_Sekmeye_Gec

2021-10-21 14:07:10 - [TEST_STEP][FAILED] - try: Unable to get the index of the current window (Root cause: com.kms.katalon.core.exception.StepFailedException: Unable to get the index of the current window
	at com.kms.katalon.core.webui.keyword.internal.WebUIKeywordMain.stepFailed(WebUIKeywordMain.groovy:64)
	at com.kms.katalon.core.webui.keyword.internal.WebUIKeywordMain.runKeywordAndReturnInt(WebUIKeywordMain.groovy:56)
	at com.kms.katalon.core.webui.keyword.builtin.GetWindowIndexKeyword.getWindowIndex(GetWindowIndexKeyword.groovy:71)
	at com.kms.katalon.core.webui.keyword.builtin.GetWindowIndexKeyword.execute(GetWindowIndexKeyword.groovy:66)
	at com.kms.katalon.core.keyword.internal.KeywordExecutor.executeKeywordForPlatform(KeywordExecutor.groovy:73)
	at com.kms.katalon.core.webui.keyword.WebUiBuiltInKeywords.getWindowIndex(WebUiBuiltInKeywords.groovy:262)
	at com.kms.katalon.core.webui.keyword.WebUiBuiltInKeywords$getWindowIndex$13.call(Unknown Source)
	at Ana_Sekmeye_Gec.run(Ana_Sekmeye_Gec:18)
	at com.kms.katalon.core.main.ScriptEngine.run(ScriptEngine.java:194)
	at com.kms.katalon.core.main.ScriptEngine.runScriptAsRawText(ScriptEngine.java:119)
	at com.kms.katalon.core.main.TestCaseExecutor.runScript(TestCaseExecutor.java:369)
	at com.kms.katalon.core.main.TestCaseExecutor.doExecute(TestCaseExecutor.java:360)
	at com.kms.katalon.core.main.TestCaseExecutor.processExecutionPhase(TestCaseExecutor.java:339)
	at com.kms.katalon.core.main.TestCaseExecutor.accessMainPhase(TestCaseExecutor.java:331)
	at com.kms.katalon.core.main.TestCaseExecutor.execute(TestCaseExecutor.java:248)
	at com.kms.katalon.core.main.TestCaseMain.runTestCase(TestCaseMain.java:138)
	at com.kms.katalon.core.keyword.builtin.CallTestCaseKeyword$_callTestCase_closure1.doCall(CallTestCaseKeyword.groovy:59)
	at com.kms.katalon.core.keyword.builtin.CallTestCaseKeyword$_callTestCase_closure1.call(CallTestCaseKeyword.groovy)
	at com.kms.katalon.core.keyword.internal.KeywordMain.runKeyword(KeywordMain.groovy:68)
	at com.kms.katalon.core.keyword.builtin.CallTestCaseKeyword.callTestCase(CallTestCaseKeyword.groovy:81)
	at com.kms.katalon.core.keyword.builtin.CallTestCaseKeyword.execute(CallTestCaseKeyword.groovy:44)
	at com.kms.katalon.core.keyword.internal.KeywordExecutor.executeKeywordForPlatform(KeywordExecutor.groovy:73)
	at com.kms.katalon.core.keyword.BuiltinKeywords.callTestCase(BuiltinKeywords.groovy:334)
	at sekmeler.sekmeler.anaSekmeyeGecilir(sekmeler.groovy:55)
	at cucumber.runtime.Utils$1.call(Utils.java:26)
	at cucumber.runtime.Timeout.timeout(Timeout.java:16)
	at cucumber.runtime.Utils.invoke(Utils.java:20)
	at cucumber.runtime.java.JavaStepDefinition.execute(JavaStepDefinition.java:49)
	at cucumber.runner.PickleStepDefinitionMatch.runStep(PickleStepDefinitionMatch.java:50)
	at cucumber.runner.TestStep.executeStep(TestStep.java:63)
	at cucumber.runner.TestStep.run(TestStep.java:49)
	at cucumber.runner.PickleStepTestStep.run(PickleStepTestStep.java:43)
	at cucumber.runner.TestCase.run(TestCase.java:44)
	at cucumber.runner.Runner.runPickle(Runner.java:40)
	at cucumber.runtime.Runtime$1.run(Runtime.java:84)
	at cucumber.runtime.Runtime$SameThreadExecutorService.execute(Runtime.java:220)
	at cucumber.runtime.Runtime.run(Runtime.java:81)
	at cucumber.api.cli.Main.run(Main.java:26)
	at cucumber.api.cli.Main$run.call(Unknown Source)
	at com.kms.katalon.core.cucumber.keyword.CucumberBuiltinKeywords$_runFeatureFile_closure1.doCall(CucumberBuiltinKeywords.groovy:106)
	at com.kms.katalon.core.cucumber.keyword.CucumberBuiltinKeywords$_runFeatureFile_closure1.doCall(CucumberBuiltinKeywords.groovy)
	at com.kms.katalon.core.keyword.internal.KeywordMain.runKeyword(KeywordMain.groovy:68)
	at com.kms.katalon.core.keyword.internal.KeywordMain$runKeyword.call(Unknown Source)
	at com.kms.katalon.core.cucumber.keyword.CucumberBuiltinKeywords.runFeatureFile(CucumberBuiltinKeywords.groovy:73)
	at com.kms.katalon.core.cucumber.keyword.CucumberBuiltinKeywords$runFeatureFile$0.callStatic(Unknown Source)
	at com.kms.katalon.core.cucumber.keyword.CucumberBuiltinKeywords.runFeatureFile(CucumberBuiltinKeywords.groovy:246)
	at com.kms.katalon.core.cucumber.keyword.CucumberBuiltinKeywords$runFeatureFile.call(Unknown Source)
	at Departman Ata-Geri Al.run(Departman Ata-Geri Al:18)
	at com.kms.katalon.core.main.ScriptEngine.run(ScriptEngine.java:194)
	at com.kms.katalon.core.main.ScriptEngine.runScriptAsRawText(ScriptEngine.java:119)
	at com.kms.katalon.core.main.TestCaseExecutor.runScript(TestCaseExecutor.java:369)
	at com.kms.katalon.core.main.TestCaseExecutor.doExecute(TestCaseExecutor.java:360)
	at com.kms.katalon.core.main.TestCaseExecutor.processExecutionPhase(TestCaseExecutor.java:339)
	at com.kms.katalon.core.main.TestCaseExecutor.accessMainPhase(TestCaseExecutor.java:331)
	at com.kms.katalon.core.main.TestCaseExecutor.execute(TestCaseExecutor.java:248)
	at com.kms.katalon.core.main.TestSuiteExecutor.accessTestCaseMainPhase(TestSuiteExecutor.java:191)
	at com.kms.katalon.core.main.TestSuiteExecutor.accessTestSuiteMainPhase(TestSuiteExecutor.java:140)
	at com.kms.katalon.core.main.TestSuiteExecutor.execute(TestSuiteExecutor.java:89)
	at com.kms.katalon.core.main.TestCaseMain.startTestSuite(TestCaseMain.java:181)
	at com.kms.katalon.core.main.TestCaseMain$startTestSuite$0.call(Unknown Source)
	at TempTestSuite1634814311783.run(TempTestSuite1634814311783.groovy:39)
Caused by: org.openqa.selenium.NoSuchWindowException: no such window: window was already closed
  (Session info: chrome=95.0.4638.54)
Build info: version: '3.141.59', revision: 'e82be7d358', time: '2018-11-14T08:25:53'
System info: host: 'DESKTOP-QBVMTUG', ip: '192.168.1.20', os.name: 'Windows 10', os.arch: 'amd64', os.version: '10.0', java.version: '1.8.0_282'
Driver info: com.kms.katalon.selenium.driver.CChromeDriver
Capabilities {acceptInsecureCerts: false, browserName: chrome, browserVersion: 95.0.4638.54, chrome: {chromedriverVersion: 94.0.4606.61 (418b78f5838ed..., userDataDir: C:\Users\DELL\AppData\Local...}, goog:chromeOptions: {debuggerAddress: localhost:58285}, javascriptEnabled: true, networkConnectionEnabled: false, pageLoadStrategy: normal, platform: WINDOWS, platformName: WINDOWS, proxy: Proxy(), setWindowRect: true, strictFileInteractability: false, timeouts: {implicit: 0, pageLoad: 300000, script: 30000}, unhandledPromptBehavior: dismiss and notify, webauthn:extension:credBlob: true, webauthn:extension:largeBlob: true, webauthn:virtualAuthenticators: true}
Session ID: bdf4c16d1f6a259ecc2d6fb24c783354
	at org.openqa.selenium.remote.http.W3CHttpResponseCodec.createException(W3CHttpResponseCodec.java:187)
	at org.openqa.selenium.remote.http.W3CHttpResponseCodec.decode(W3CHttpResponseCodec.java:122)
	at org.openqa.selenium.remote.http.W3CHttpResponseCodec.decode(W3CHttpResponseCodec.java:49)
	at org.openqa.selenium.remote.HttpCommandExecutor.execute(HttpCommandExecutor.java:158)
	at org.openqa.selenium.remote.service.DriverCommandExecutor.execute(DriverCommandExecutor.java:83)
	at org.openqa.selenium.remote.RemoteWebDriver.execute(RemoteWebDriver.java:552)
	at com.kms.katalon.selenium.driver.CChromeDriver.execute(CChromeDriver.java:19)
	at org.openqa.selenium.remote.RemoteWebDriver.execute(RemoteWebDriver.java:609)
	at org.openqa.selenium.remote.RemoteWebDriver.getWindowHandle(RemoteWebDriver.java:472)
	at org.openqa.selenium.support.events.EventFiringWebDriver.lambda$new$1(EventFiringWebDriver.java:105)
	at com.sun.proxy.$Proxy12.getWindowHandle(Unknown Source)
	at org.openqa.selenium.support.events.EventFiringWebDriver.getWindowHandle(EventFiringWebDriver.java:221)
	at com.kms.katalon.core.webui.driver.DriverFactory.getCurrentWindowIndex(DriverFactory.java:1072)
	at com.kms.katalon.core.webui.keyword.builtin.GetWindowIndexKeyword$_getWindowIndex_closure1.doCall(GetWindowIndexKeyword.groovy:73)
	at com.kms.katalon.core.webui.keyword.builtin.GetWindowIndexKeyword$_getWindowIndex_closure1.call(GetWindowIndexKeyword.groovy)
	at com.kms.katalon.core.webui.keyword.internal.WebUIKeywordMain.runKeywordAndReturnInt(WebUIKeywordMain.groovy:50)
	at com.kms.katalon.core.webui.keyword.builtin.GetWindowIndexKeyword.getWindowIndex(GetWindowIndexKeyword.groovy:71)
	at com.kms.katalon.core.webui.keyword.builtin.GetWindowIndexKeyword.execute(GetWindowIndexKeyword.groovy:66)
	at com.kms.katalon.core.keyword.internal.KeywordExecutor.executeKeywordForPlatform(KeywordExecutor.groovy:73)
	at com.kms.katalon.core.webui.keyword.WebUiBuiltInKeywords.getWindowIndex(WebUiBuiltInKeywords.groovy:262)
	at com.kms.katalon.core.webui.keyword.WebUiBuiltInKeywords$getWindowIndex$13.call(Unknown Source)
	at Script1586261051750.run(Script1586261051750.groovy:18)
	at com.kms.katalon.core.main.ScriptEngine.run(ScriptEngine.java:194)
	at com.kms.katalon.core.main.ScriptEngine.runScriptAsRawText(ScriptEngine.java:119)
	at com.kms.katalon.core.main.TestCaseExecutor.runScript(TestCaseExecutor.java:369)
	at com.kms.katalon.core.main.TestCaseExecutor.doExecute(TestCaseExecutor.java:360)
	at com.kms.katalon.core.main.TestCaseExecutor.processExecutionPhase(TestCaseExecutor.java:339)
	at com.kms.katalon.core.main.TestCaseExecutor.accessMainPhase(TestCaseExecutor.java:331)
	at com.kms.katalon.core.main.TestCaseExecutor.execute(TestCaseExecutor.java:248)
	at com.kms.katalon.core.main.TestCaseMain.runTestCase(TestCaseMain.java:138)
	at com.kms.katalon.core.keyword.builtin.CallTestCaseKeyword$_callTestCase_closure1.doCall(CallTestCaseKeyword.groovy:59)
	at com.kms.katalon.core.keyword.builtin.CallTestCaseKeyword$_callTestCase_closure1.call(CallTestCaseKeyword.groovy)
	at com.kms.katalon.core.keyword.internal.KeywordMain.runKeyword(KeywordMain.groovy:68)
	at com.kms.katalon.core.keyword.builtin.CallTestCaseKeyword.callTestCase(CallTestCaseKeyword.groovy:81)
	at com.kms.katalon.core.keyword.builtin.CallTestCaseKeyword.execute(CallTestCaseKeyword.groovy:44)
	at com.kms.katalon.core.keyword.internal.KeywordExecutor.executeKeywordForPlatform(KeywordExecutor.groovy:73)
	at com.kms.katalon.core.keyword.BuiltinKeywords.callTestCase(BuiltinKeywords.groovy:334)
	at sekmeler.sekmeler.anaSekmeyeGecilir(sekmeler.groovy:55)
	at cucumber.runtime.Utils$1.call(Utils.java:26)
	at cucumber.runtime.Timeout.timeout(Timeout.java:16)
	at cucumber.runtime.Utils.invoke(Utils.java:20)
	at cucumber.runtime.java.JavaStepDefinition.execute(JavaStepDefinition.java:49)
	at cucumber.runner.PickleStepDefinitionMatch.runStep(PickleStepDefinitionMatch.java:50)
	at cucumber.runner.TestStep.executeStep(TestStep.java:63)
	at cucumber.runner.TestStep.run(TestStep.java:49)
	at cucumber.runner.PickleStepTestStep.run(PickleStepTestStep.java:43)
	at cucumber.runner.TestCase.run(TestCase.java:44)
	at cucumber.runner.Runner.runPickle(Runner.java:40)
	at cucumber.runtime.Runtime$1.run(Runtime.java:84)
	at cucumber.runtime.Runtime$SameThreadExecutorService.execute(Runtime.java:220)
	at cucumber.runtime.Runtime.run(Runtime.java:81)
	at cucumber.api.cli.Main.run(Main.java:26)
	at cucumber.api.cli.Main$run.call(Unknown Source)
	at com.kms.katalon.core.cucumber.keyword.CucumberBuiltinKeywords$_runFeatureFile_closure1.doCall(CucumberBuiltinKeywords.groovy:106)
	at com.kms.katalon.core.cucumber.keyword.CucumberBuiltinKeywords$_runFeatureFile_closure1.doCall(CucumberBuiltinKeywords.groovy)
	at com.kms.katalon.core.keyword.internal.KeywordMain.runKeyword(KeywordMain.groovy:68)
	at com.kms.katalon.core.keyword.internal.KeywordMain$runKeyword.call(Unknown Source)
	at com.kms.katalon.core.cucumber.keyword.CucumberBuiltinKeywords.runFeatureFile(CucumberBuiltinKeywords.groovy:73)
	at com.kms.katalon.core.cucumber.keyword.CucumberBuiltinKeywords$runFeatureFile$0.callStatic(Unknown Source)
	at com.kms.katalon.core.cucumber.keyword.CucumberBuiltinKeywords.runFeatureFile(CucumberBuiltinKeywords.groovy:246)
	at com.kms.katalon.core.cucumber.keyword.CucumberBuiltinKeywords$runFeatureFile.call(Unknown Source)
	at Script1602067995109.run(Script1602067995109.groovy:18)
	... 13 more
)

2021-10-21 14:07:10 - [TEST_STEP][FAILED] - index = getWindowIndex(): Unable to get the index of the current window (Root cause: com.kms.katalon.core.exception.StepFailedException: Unable to get the index of the current window
	at com.kms.katalon.core.webui.keyword.internal.WebUIKeywordMain.stepFailed(WebUIKeywordMain.groovy:64)
	at com.kms.katalon.core.webui.keyword.internal.WebUIKeywordMain.runKeywordAndReturnInt(WebUIKeywordMain.groovy:56)
	at com.kms.katalon.core.webui.keyword.builtin.GetWindowIndexKeyword.getWindowIndex(GetWindowIndexKeyword.groovy:71)
	at com.kms.katalon.core.webui.keyword.builtin.GetWindowIndexKeyword.execute(GetWindowIndexKeyword.groovy:66)
	at com.kms.katalon.core.keyword.internal.KeywordExecutor.executeKeywordForPlatform(KeywordExecutor.groovy:73)
	at com.kms.katalon.core.webui.keyword.WebUiBuiltInKeywords.getWindowIndex(WebUiBuiltInKeywords.groovy:262)
	at com.kms.katalon.core.webui.keyword.WebUiBuiltInKeywords$getWindowIndex$13.call(Unknown Source)
	at Ana_Sekmeye_Gec.run(Ana_Sekmeye_Gec:18)
	at com.kms.katalon.core.main.ScriptEngine.run(ScriptEngine.java:194)
	at com.kms.katalon.core.main.ScriptEngine.runScriptAsRawText(ScriptEngine.java:119)
	at com.kms.katalon.core.main.TestCaseExecutor.runScript(TestCaseExecutor.java:369)
	at com.kms.katalon.core.main.TestCaseExecutor.doExecute(TestCaseExecutor.java:360)
	at com.kms.katalon.core.main.TestCaseExecutor.processExecutionPhase(TestCaseExecutor.java:339)
	at com.kms.katalon.core.main.TestCaseExecutor.accessMainPhase(TestCaseExecutor.java:331)
	at com.kms.katalon.core.main.TestCaseExecutor.execute(TestCaseExecutor.java:248)
	at com.kms.katalon.core.main.TestCaseMain.runTestCase(TestCaseMain.java:138)
	at com.kms.katalon.core.keyword.builtin.CallTestCaseKeyword$_callTestCase_closure1.doCall(CallTestCaseKeyword.groovy:59)
	at com.kms.katalon.core.keyword.builtin.CallTestCaseKeyword$_callTestCase_closure1.call(CallTestCaseKeyword.groovy)
	at com.kms.katalon.core.keyword.internal.KeywordMain.runKeyword(KeywordMain.groovy:68)
	at com.kms.katalon.core.keyword.builtin.CallTestCaseKeyword.callTestCase(CallTestCaseKeyword.groovy:81)
	at com.kms.katalon.core.keyword.builtin.CallTestCaseKeyword.execute(CallTestCaseKeyword.groovy:44)
	at com.kms.katalon.core.keyword.internal.KeywordExecutor.executeKeywordForPlatform(KeywordExecutor.groovy:73)
	at com.kms.katalon.core.keyword.BuiltinKeywords.callTestCase(BuiltinKeywords.groovy:334)
	at sekmeler.sekmeler.anaSekmeyeGecilir(sekmeler.groovy:55)
	at cucumber.runtime.Utils$1.call(Utils.java:26)
	at cucumber.runtime.Timeout.timeout(Timeout.java:16)
	at cucumber.runtime.Utils.invoke(Utils.java:20)
	at cucumber.runtime.java.JavaStepDefinition.execute(JavaStepDefinition.java:49)
	at cucumber.runner.PickleStepDefinitionMatch.runStep(PickleStepDefinitionMatch.java:50)
	at cucumber.runner.TestStep.executeStep(TestStep.java:63)
	at cucumber.runner.TestStep.run(TestStep.java:49)
	at cucumber.runner.PickleStepTestStep.run(PickleStepTestStep.java:43)
	at cucumber.runner.TestCase.run(TestCase.java:44)
	at cucumber.runner.Runner.runPickle(Runner.java:40)
	at cucumber.runtime.Runtime$1.run(Runtime.java:84)
	at cucumber.runtime.Runtime$SameThreadExecutorService.execute(Runtime.java:220)
	at cucumber.runtime.Runtime.run(Runtime.java:81)
	at cucumber.api.cli.Main.run(Main.java:26)
	at cucumber.api.cli.Main$run.call(Unknown Source)
	at com.kms.katalon.core.cucumber.keyword.CucumberBuiltinKeywords$_runFeatureFile_closure1.doCall(CucumberBuiltinKeywords.groovy:106)
	at com.kms.katalon.core.cucumber.keyword.CucumberBuiltinKeywords$_runFeatureFile_closure1.doCall(CucumberBuiltinKeywords.groovy)
	at com.kms.katalon.core.keyword.internal.KeywordMain.runKeyword(KeywordMain.groovy:68)
	at com.kms.katalon.core.keyword.internal.KeywordMain$runKeyword.call(Unknown Source)
	at com.kms.katalon.core.cucumber.keyword.CucumberBuiltinKeywords.runFeatureFile(CucumberBuiltinKeywords.groovy:73)
	at com.kms.katalon.core.cucumber.keyword.CucumberBuiltinKeywords$runFeatureFile$0.callStatic(Unknown Source)
	at com.kms.katalon.core.cucumber.keyword.CucumberBuiltinKeywords.runFeatureFile(CucumberBuiltinKeywords.groovy:246)
	at com.kms.katalon.core.cucumber.keyword.CucumberBuiltinKeywords$runFeatureFile.call(Unknown Source)
	at Departman Ata-Geri Al.run(Departman Ata-Geri Al:18)
	at com.kms.katalon.core.main.ScriptEngine.run(ScriptEngine.java:194)
	at com.kms.katalon.core.main.ScriptEngine.runScriptAsRawText(ScriptEngine.java:119)
	at com.kms.katalon.core.main.TestCaseExecutor.runScript(TestCaseExecutor.java:369)
	at com.kms.katalon.core.main.TestCaseExecutor.doExecute(TestCaseExecutor.java:360)
	at com.kms.katalon.core.main.TestCaseExecutor.processExecutionPhase(TestCaseExecutor.java:339)
	at com.kms.katalon.core.main.TestCaseExecutor.accessMainPhase(TestCaseExecutor.java:331)
	at com.kms.katalon.core.main.TestCaseExecutor.execute(TestCaseExecutor.java:248)
	at com.kms.katalon.core.main.TestSuiteExecutor.accessTestCaseMainPhase(TestSuiteExecutor.java:191)
	at com.kms.katalon.core.main.TestSuiteExecutor.accessTestSuiteMainPhase(TestSuiteExecutor.java:140)
	at com.kms.katalon.core.main.TestSuiteExecutor.execute(TestSuiteExecutor.java:89)
	at com.kms.katalon.core.main.TestCaseMain.startTestSuite(TestCaseMain.java:181)
	at com.kms.katalon.core.main.TestCaseMain$startTestSuite$0.call(Unknown Source)
	at TempTestSuite1634814311783.run(TempTestSuite1634814311783.groovy:39)
Caused by: org.openqa.selenium.NoSuchWindowException: no such window: window was already closed
  (Session info: chrome=95.0.4638.54)
Build info: version: '3.141.59', revision: 'e82be7d358', time: '2018-11-14T08:25:53'
System info: host: 'DESKTOP-QBVMTUG', ip: '192.168.1.20', os.name: 'Windows 10', os.arch: 'amd64', os.version: '10.0', java.version: '1.8.0_282'
Driver info: com.kms.katalon.selenium.driver.CChromeDriver
Capabilities {acceptInsecureCerts: false, browserName: chrome, browserVersion: 95.0.4638.54, chrome: {chromedriverVersion: 94.0.4606.61 (418b78f5838ed..., userDataDir: C:\Users\DELL\AppData\Local...}, goog:chromeOptions: {debuggerAddress: localhost:58285}, javascriptEnabled: true, networkConnectionEnabled: false, pageLoadStrategy: normal, platform: WINDOWS, platformName: WINDOWS, proxy: Proxy(), setWindowRect: true, strictFileInteractability: false, timeouts: {implicit: 0, pageLoad: 300000, script: 30000}, unhandledPromptBehavior: dismiss and notify, webauthn:extension:credBlob: true, webauthn:extension:largeBlob: true, webauthn:virtualAuthenticators: true}
Session ID: bdf4c16d1f6a259ecc2d6fb24c783354
	at org.openqa.selenium.remote.http.W3CHttpResponseCodec.createException(W3CHttpResponseCodec.java:187)
	at org.openqa.selenium.remote.http.W3CHttpResponseCodec.decode(W3CHttpResponseCodec.java:122)
	at org.openqa.selenium.remote.http.W3CHttpResponseCodec.decode(W3CHttpResponseCodec.java:49)
	at org.openqa.selenium.remote.HttpCommandExecutor.execute(HttpCommandExecutor.java:158)
	at org.openqa.selenium.remote.service.DriverCommandExecutor.execute(DriverCommandExecutor.java:83)
	at org.openqa.selenium.remote.RemoteWebDriver.execute(RemoteWebDriver.java:552)
	at com.kms.katalon.selenium.driver.CChromeDriver.execute(CChromeDriver.java:19)
	at org.openqa.selenium.remote.RemoteWebDriver.execute(RemoteWebDriver.java:609)
	at org.openqa.selenium.remote.RemoteWebDriver.getWindowHandle(RemoteWebDriver.java:472)
	at org.openqa.selenium.support.events.EventFiringWebDriver.lambda$new$1(EventFiringWebDriver.java:105)
	at com.sun.proxy.$Proxy12.getWindowHandle(Unknown Source)
	at org.openqa.selenium.support.events.EventFiringWebDriver.getWindowHandle(EventFiringWebDriver.java:221)
	at com.kms.katalon.core.webui.driver.DriverFactory.getCurrentWindowIndex(DriverFactory.java:1072)
	at com.kms.katalon.core.webui.keyword.builtin.GetWindowIndexKeyword$_getWindowIndex_closure1.doCall(GetWindowIndexKeyword.groovy:73)
	at com.kms.katalon.core.webui.keyword.builtin.GetWindowIndexKeyword$_getWindowIndex_closure1.call(GetWindowIndexKeyword.groovy)
	at com.kms.katalon.core.webui.keyword.internal.WebUIKeywordMain.runKeywordAndReturnInt(WebUIKeywordMain.groovy:50)
	at com.kms.katalon.core.webui.keyword.builtin.GetWindowIndexKeyword.getWindowIndex(GetWindowIndexKeyword.groovy:71)
	at com.kms.katalon.core.webui.keyword.builtin.GetWindowIndexKeyword.execute(GetWindowIndexKeyword.groovy:66)
	at com.kms.katalon.core.keyword.internal.KeywordExecutor.executeKeywordForPlatform(KeywordExecutor.groovy:73)
	at com.kms.katalon.core.webui.keyword.WebUiBuiltInKeywords.getWindowIndex(WebUiBuiltInKeywords.groovy:262)
	at com.kms.katalon.core.webui.keyword.WebUiBuiltInKeywords$getWindowIndex$13.call(Unknown Source)
	at Script1586261051750.run(Script1586261051750.groovy:18)
	at com.kms.katalon.core.main.ScriptEngine.run(ScriptEngine.java:194)
	at com.kms.katalon.core.main.ScriptEngine.runScriptAsRawText(ScriptEngine.java:119)
	at com.kms.katalon.core.main.TestCaseExecutor.runScript(TestCaseExecutor.java:369)
	at com.kms.katalon.core.main.TestCaseExecutor.doExecute(TestCaseExecutor.java:360)
	at com.kms.katalon.core.main.TestCaseExecutor.processExecutionPhase(TestCaseExecutor.java:339)
	at com.kms.katalon.core.main.TestCaseExecutor.accessMainPhase(TestCaseExecutor.java:331)
	at com.kms.katalon.core.main.TestCaseExecutor.execute(TestCaseExecutor.java:248)
	at com.kms.katalon.core.main.TestCaseMain.runTestCase(TestCaseMain.java:138)
	at com.kms.katalon.core.keyword.builtin.CallTestCaseKeyword$_callTestCase_closure1.doCall(CallTestCaseKeyword.groovy:59)
	at com.kms.katalon.core.keyword.builtin.CallTestCaseKeyword$_callTestCase_closure1.call(CallTestCaseKeyword.groovy)
	at com.kms.katalon.core.keyword.internal.KeywordMain.runKeyword(KeywordMain.groovy:68)
	at com.kms.katalon.core.keyword.builtin.CallTestCaseKeyword.callTestCase(CallTestCaseKeyword.groovy:81)
	at com.kms.katalon.core.keyword.builtin.CallTestCaseKeyword.execute(CallTestCaseKeyword.groovy:44)
	at com.kms.katalon.core.keyword.internal.KeywordExecutor.executeKeywordForPlatform(KeywordExecutor.groovy:73)
	at com.kms.katalon.core.keyword.BuiltinKeywords.callTestCase(BuiltinKeywords.groovy:334)
	at sekmeler.sekmeler.anaSekmeyeGecilir(sekmeler.groovy:55)
	at cucumber.runtime.Utils$1.call(Utils.java:26)
	at cucumber.runtime.Timeout.timeout(Timeout.java:16)
	at cucumber.runtime.Utils.invoke(Utils.java:20)
	at cucumber.runtime.java.JavaStepDefinition.execute(JavaStepDefinition.java:49)
	at cucumber.runner.PickleStepDefinitionMatch.runStep(PickleStepDefinitionMatch.java:50)
	at cucumber.runner.TestStep.executeStep(TestStep.java:63)
	at cucumber.runner.TestStep.run(TestStep.java:49)
	at cucumber.runner.PickleStepTestStep.run(PickleStepTestStep.java:43)
	at cucumber.runner.TestCase.run(TestCase.java:44)
	at cucumber.runner.Runner.runPickle(Runner.java:40)
	at cucumber.runtime.Runtime$1.run(Runtime.java:84)
	at cucumber.runtime.Runtime$SameThreadExecutorService.execute(Runtime.java:220)
	at cucumber.runtime.Runtime.run(Runtime.java:81)
	at cucumber.api.cli.Main.run(Main.java:26)
	at cucumber.api.cli.Main$run.call(Unknown Source)
	at com.kms.katalon.core.cucumber.keyword.CucumberBuiltinKeywords$_runFeatureFile_closure1.doCall(CucumberBuiltinKeywords.groovy:106)
	at com.kms.katalon.core.cucumber.keyword.CucumberBuiltinKeywords$_runFeatureFile_closure1.doCall(CucumberBuiltinKeywords.groovy)
	at com.kms.katalon.core.keyword.internal.KeywordMain.runKeyword(KeywordMain.groovy:68)
	at com.kms.katalon.core.keyword.internal.KeywordMain$runKeyword.call(Unknown Source)
	at com.kms.katalon.core.cucumber.keyword.CucumberBuiltinKeywords.runFeatureFile(CucumberBuiltinKeywords.groovy:73)
	at com.kms.katalon.core.cucumber.keyword.CucumberBuiltinKeywords$runFeatureFile$0.callStatic(Unknown Source)
	at com.kms.katalon.core.cucumber.keyword.CucumberBuiltinKeywords.runFeatureFile(CucumberBuiltinKeywords.groovy:246)
	at com.kms.katalon.core.cucumber.keyword.CucumberBuiltinKeywords$runFeatureFile.call(Unknown Source)
	at Script1602067995109.run(Script1602067995109.groovy:18)
	... 13 more
)

2021-10-21 14:07:11 - [MESSAGE][INFO] - Getting current window's index

2021-10-21 14:07:11 - [MESSAGE][FAILED] - Unable to get the index of the current window (Root cause: com.kms.katalon.core.exception.StepFailedException: Unable to get the index of the current window
	at com.kms.katalon.core.webui.keyword.internal.WebUIKeywordMain.stepFailed(WebUIKeywordMain.groovy:64)
	at com.kms.katalon.core.webui.keyword.internal.WebUIKeywordMain.runKeywordAndReturnInt(WebUIKeywordMain.groovy:56)
	at com.kms.katalon.core.webui.keyword.builtin.GetWindowIndexKeyword.getWindowIndex(GetWindowIndexKeyword.groovy:71)
	at com.kms.katalon.core.webui.keyword.builtin.GetWindowIndexKeyword.execute(GetWindowIndexKeyword.groovy:66)
	at com.kms.katalon.core.keyword.internal.KeywordExecutor.executeKeywordForPlatform(KeywordExecutor.groovy:73)
	at com.kms.katalon.core.webui.keyword.WebUiBuiltInKeywords.getWindowIndex(WebUiBuiltInKeywords.groovy:262)
	at com.kms.katalon.core.webui.keyword.WebUiBuiltInKeywords$getWindowIndex$13.call(Unknown Source)
	at Ana_Sekmeye_Gec.run(Ana_Sekmeye_Gec:18)
	at com.kms.katalon.core.main.ScriptEngine.run(ScriptEngine.java:194)
	at com.kms.katalon.core.main.ScriptEngine.runScriptAsRawText(ScriptEngine.java:119)
	at com.kms.katalon.core.main.TestCaseExecutor.runScript(TestCaseExecutor.java:369)
	at com.kms.katalon.core.main.TestCaseExecutor.doExecute(TestCaseExecutor.java:360)
	at com.kms.katalon.core.main.TestCaseExecutor.processExecutionPhase(TestCaseExecutor.java:339)
	at com.kms.katalon.core.main.TestCaseExecutor.accessMainPhase(TestCaseExecutor.java:331)
	at com.kms.katalon.core.main.TestCaseExecutor.execute(TestCaseExecutor.java:248)
	at com.kms.katalon.core.main.TestCaseMain.runTestCase(TestCaseMain.java:138)
	at com.kms.katalon.core.keyword.builtin.CallTestCaseKeyword$_callTestCase_closure1.doCall(CallTestCaseKeyword.groovy:59)
	at com.kms.katalon.core.keyword.builtin.CallTestCaseKeyword$_callTestCase_closure1.call(CallTestCaseKeyword.groovy)
	at com.kms.katalon.core.keyword.internal.KeywordMain.runKeyword(KeywordMain.groovy:68)
	at com.kms.katalon.core.keyword.builtin.CallTestCaseKeyword.callTestCase(CallTestCaseKeyword.groovy:81)
	at com.kms.katalon.core.keyword.builtin.CallTestCaseKeyword.execute(CallTestCaseKeyword.groovy:44)
	at com.kms.katalon.core.keyword.internal.KeywordExecutor.executeKeywordForPlatform(KeywordExecutor.groovy:73)
	at com.kms.katalon.core.keyword.BuiltinKeywords.callTestCase(BuiltinKeywords.groovy:334)
	at sekmeler.sekmeler.anaSekmeyeGecilir(sekmeler.groovy:55)
	at cucumber.runtime.Utils$1.call(Utils.java:26)
	at cucumber.runtime.Timeout.timeout(Timeout.java:16)
	at cucumber.runtime.Utils.invoke(Utils.java:20)
	at cucumber.runtime.java.JavaStepDefinition.execute(JavaStepDefinition.java:49)
	at cucumber.runner.PickleStepDefinitionMatch.runStep(PickleStepDefinitionMatch.java:50)
	at cucumber.runner.TestStep.executeStep(TestStep.java:63)
	at cucumber.runner.TestStep.run(TestStep.java:49)
	at cucumber.runner.PickleStepTestStep.run(PickleStepTestStep.java:43)
	at cucumber.runner.TestCase.run(TestCase.java:44)
	at cucumber.runner.Runner.runPickle(Runner.java:40)
	at cucumber.runtime.Runtime$1.run(Runtime.java:84)
	at cucumber.runtime.Runtime$SameThreadExecutorService.execute(Runtime.java:220)
	at cucumber.runtime.Runtime.run(Runtime.java:81)
	at cucumber.api.cli.Main.run(Main.java:26)
	at cucumber.api.cli.Main$run.call(Unknown Source)
	at com.kms.katalon.core.cucumber.keyword.CucumberBuiltinKeywords$_runFeatureFile_closure1.doCall(CucumberBuiltinKeywords.groovy:106)
	at com.kms.katalon.core.cucumber.keyword.CucumberBuiltinKeywords$_runFeatureFile_closure1.doCall(CucumberBuiltinKeywords.groovy)
	at com.kms.katalon.core.keyword.internal.KeywordMain.runKeyword(KeywordMain.groovy:68)
	at com.kms.katalon.core.keyword.internal.KeywordMain$runKeyword.call(Unknown Source)
	at com.kms.katalon.core.cucumber.keyword.CucumberBuiltinKeywords.runFeatureFile(CucumberBuiltinKeywords.groovy:73)
	at com.kms.katalon.core.cucumber.keyword.CucumberBuiltinKeywords$runFeatureFile$0.callStatic(Unknown Source)
	at com.kms.katalon.core.cucumber.keyword.CucumberBuiltinKeywords.runFeatureFile(CucumberBuiltinKeywords.groovy:246)
	at com.kms.katalon.core.cucumber.keyword.CucumberBuiltinKeywords$runFeatureFile.call(Unknown Source)
	at Departman Ata-Geri Al.run(Departman Ata-Geri Al:18)
	at com.kms.katalon.core.main.ScriptEngine.run(ScriptEngine.java:194)
	at com.kms.katalon.core.main.ScriptEngine.runScriptAsRawText(ScriptEngine.java:119)
	at com.kms.katalon.core.main.TestCaseExecutor.runScript(TestCaseExecutor.java:369)
	at com.kms.katalon.core.main.TestCaseExecutor.doExecute(TestCaseExecutor.java:360)
	at com.kms.katalon.core.main.TestCaseExecutor.processExecutionPhase(TestCaseExecutor.java:339)
	at com.kms.katalon.core.main.TestCaseExecutor.accessMainPhase(TestCaseExecutor.java:331)
	at com.kms.katalon.core.main.TestCaseExecutor.execute(TestCaseExecutor.java:248)
	at com.kms.katalon.core.main.TestSuiteExecutor.accessTestCaseMainPhase(TestSuiteExecutor.java:191)
	at com.kms.katalon.core.main.TestSuiteExecutor.accessTestSuiteMainPhase(TestSuiteExecutor.java:140)
	at com.kms.katalon.core.main.TestSuiteExecutor.execute(TestSuiteExecutor.java:89)
	at com.kms.katalon.core.main.TestCaseMain.startTestSuite(TestCaseMain.java:181)
	at com.kms.katalon.core.main.TestCaseMain$startTestSuite$0.call(Unknown Source)
	at TempTestSuite1634814311783.run(TempTestSuite1634814311783.groovy:39)
Caused by: org.openqa.selenium.NoSuchWindowException: no such window: window was already closed
  (Session info: chrome=95.0.4638.54)
Build info: version: '3.141.59', revision: 'e82be7d358', time: '2018-11-14T08:25:53'
System info: host: 'DESKTOP-QBVMTUG', ip: '192.168.1.20', os.name: 'Windows 10', os.arch: 'amd64', os.version: '10.0', java.version: '1.8.0_282'
Driver info: com.kms.katalon.selenium.driver.CChromeDriver
Capabilities {acceptInsecureCerts: false, browserName: chrome, browserVersion: 95.0.4638.54, chrome: {chromedriverVersion: 94.0.4606.61 (418b78f5838ed..., userDataDir: C:\Users\DELL\AppData\Local...}, goog:chromeOptions: {debuggerAddress: localhost:58285}, javascriptEnabled: true, networkConnectionEnabled: false, pageLoadStrategy: normal, platform: WINDOWS, platformName: WINDOWS, proxy: Proxy(), setWindowRect: true, strictFileInteractability: false, timeouts: {implicit: 0, pageLoad: 300000, script: 30000}, unhandledPromptBehavior: dismiss and notify, webauthn:extension:credBlob: true, webauthn:extension:largeBlob: true, webauthn:virtualAuthenticators: true}
Session ID: bdf4c16d1f6a259ecc2d6fb24c783354
	at org.openqa.selenium.remote.http.W3CHttpResponseCodec.createException(W3CHttpResponseCodec.java:187)
	at org.openqa.selenium.remote.http.W3CHttpResponseCodec.decode(W3CHttpResponseCodec.java:122)
	at org.openqa.selenium.remote.http.W3CHttpResponseCodec.decode(W3CHttpResponseCodec.java:49)
	at org.openqa.selenium.remote.HttpCommandExecutor.execute(HttpCommandExecutor.java:158)
	at org.openqa.selenium.remote.service.DriverCommandExecutor.execute(DriverCommandExecutor.java:83)
	at org.openqa.selenium.remote.RemoteWebDriver.execute(RemoteWebDriver.java:552)
	at com.kms.katalon.selenium.driver.CChromeDriver.execute(CChromeDriver.java:19)
	at org.openqa.selenium.remote.RemoteWebDriver.execute(RemoteWebDriver.java:609)
	at org.openqa.selenium.remote.RemoteWebDriver.getWindowHandle(RemoteWebDriver.java:472)
	at org.openqa.selenium.support.events.EventFiringWebDriver.lambda$new$1(EventFiringWebDriver.java:105)
	at com.sun.proxy.$Proxy12.getWindowHandle(Unknown Source)
	at org.openqa.selenium.support.events.EventFiringWebDriver.getWindowHandle(EventFiringWebDriver.java:221)
	at com.kms.katalon.core.webui.driver.DriverFactory.getCurrentWindowIndex(DriverFactory.java:1072)
	at com.kms.katalon.core.webui.keyword.builtin.GetWindowIndexKeyword$_getWindowIndex_closure1.doCall(GetWindowIndexKeyword.groovy:73)
	at com.kms.katalon.core.webui.keyword.builtin.GetWindowIndexKeyword$_getWindowIndex_closure1.call(GetWindowIndexKeyword.groovy)
	at com.kms.katalon.core.webui.keyword.internal.WebUIKeywordMain.runKeywordAndReturnInt(WebUIKeywordMain.groovy:50)
	at com.kms.katalon.core.webui.keyword.builtin.GetWindowIndexKeyword.getWindowIndex(GetWindowIndexKeyword.groovy:71)
	at com.kms.katalon.core.webui.keyword.builtin.GetWindowIndexKeyword.execute(GetWindowIndexKeyword.groovy:66)
	at com.kms.katalon.core.keyword.internal.KeywordExecutor.executeKeywordForPlatform(KeywordExecutor.groovy:73)
	at com.kms.katalon.core.webui.keyword.WebUiBuiltInKeywords.getWindowIndex(WebUiBuiltInKeywords.groovy:262)
	at com.kms.katalon.core.webui.keyword.WebUiBuiltInKeywords$getWindowIndex$13.call(Unknown Source)
	at Script1586261051750.run(Script1586261051750.groovy:18)
	at com.kms.katalon.core.main.ScriptEngine.run(ScriptEngine.java:194)
	at com.kms.katalon.core.main.ScriptEngine.runScriptAsRawText(ScriptEngine.java:119)
	at com.kms.katalon.core.main.TestCaseExecutor.runScript(TestCaseExecutor.java:369)
	at com.kms.katalon.core.main.TestCaseExecutor.doExecute(TestCaseExecutor.java:360)
	at com.kms.katalon.core.main.TestCaseExecutor.processExecutionPhase(TestCaseExecutor.java:339)
	at com.kms.katalon.core.main.TestCaseExecutor.accessMainPhase(TestCaseExecutor.java:331)
	at com.kms.katalon.core.main.TestCaseExecutor.execute(TestCaseExecutor.java:248)
	at com.kms.katalon.core.main.TestCaseMain.runTestCase(TestCaseMain.java:138)
	at com.kms.katalon.core.keyword.builtin.CallTestCaseKeyword$_callTestCase_closure1.doCall(CallTestCaseKeyword.groovy:59)
	at com.kms.katalon.core.keyword.builtin.CallTestCaseKeyword$_callTestCase_closure1.call(CallTestCaseKeyword.groovy)
	at com.kms.katalon.core.keyword.internal.KeywordMain.runKeyword(KeywordMain.groovy:68)
	at com.kms.katalon.core.keyword.builtin.CallTestCaseKeyword.callTestCase(CallTestCaseKeyword.groovy:81)
	at com.kms.katalon.core.keyword.builtin.CallTestCaseKeyword.execute(CallTestCaseKeyword.groovy:44)
	at com.kms.katalon.core.keyword.internal.KeywordExecutor.executeKeywordForPlatform(KeywordExecutor.groovy:73)
	at com.kms.katalon.core.keyword.BuiltinKeywords.callTestCase(BuiltinKeywords.groovy:334)
	at sekmeler.sekmeler.anaSekmeyeGecilir(sekmeler.groovy:55)
	at cucumber.runtime.Utils$1.call(Utils.java:26)
	at cucumber.runtime.Timeout.timeout(Timeout.java:16)
	at cucumber.runtime.Utils.invoke(Utils.java:20)
	at cucumber.runtime.java.JavaStepDefinition.execute(JavaStepDefinition.java:49)
	at cucumber.runner.PickleStepDefinitionMatch.runStep(PickleStepDefinitionMatch.java:50)
	at cucumber.runner.TestStep.executeStep(TestStep.java:63)
	at cucumber.runner.TestStep.run(TestStep.java:49)
	at cucumber.runner.PickleStepTestStep.run(PickleStepTestStep.java:43)
	at cucumber.runner.TestCase.run(TestCase.java:44)
	at cucumber.runner.Runner.runPickle(Runner.java:40)
	at cucumber.runtime.Runtime$1.run(Runtime.java:84)
	at cucumber.runtime.Runtime$SameThreadExecutorService.execute(Runtime.java:220)
	at cucumber.runtime.Runtime.run(Runtime.java:81)
	at cucumber.api.cli.Main.run(Main.java:26)
	at cucumber.api.cli.Main$run.call(Unknown Source)
	at com.kms.katalon.core.cucumber.keyword.CucumberBuiltinKeywords$_runFeatureFile_closure1.doCall(CucumberBuiltinKeywords.groovy:106)
	at com.kms.katalon.core.cucumber.keyword.CucumberBuiltinKeywords$_runFeatureFile_closure1.doCall(CucumberBuiltinKeywords.groovy)
	at com.kms.katalon.core.keyword.internal.KeywordMain.runKeyword(KeywordMain.groovy:68)
	at com.kms.katalon.core.keyword.internal.KeywordMain$runKeyword.call(Unknown Source)
	at com.kms.katalon.core.cucumber.keyword.CucumberBuiltinKeywords.runFeatureFile(CucumberBuiltinKeywords.groovy:73)
	at com.kms.katalon.core.cucumber.keyword.CucumberBuiltinKeywords$runFeatureFile$0.callStatic(Unknown Source)
	at com.kms.katalon.core.cucumber.keyword.CucumberBuiltinKeywords.runFeatureFile(CucumberBuiltinKeywords.groovy:246)
	at com.kms.katalon.core.cucumber.keyword.CucumberBuiltinKeywords$runFeatureFile.call(Unknown Source)
	at Script1602067995109.run(Script1602067995109.groovy:18)
	... 13 more
)

2021-10-21 14:07:11 - [TEST_STEP][PASSED] - catch (Exception e): null

2021-10-21 14:07:11 - [TEST_STEP][PASSED] - switchToWindowIndex(0): Switched to window with index: '0'

2021-10-21 14:07:11 - [MESSAGE][INFO] - Checking index

2021-10-21 14:07:11 - [MESSAGE][INFO] - Switching window with index: '0'

2021-10-21 14:07:11 - [MESSAGE][PASSED] - Switched to window with index: '0'

2021-10-21 14:07:11 - [MESSAGE][PASSED] - Call Test Case 'Test Cases/Sekmeler/Ana_Sekmeye_Gec' successfully

2021-10-21 14:07:11 - [MESSAGE][INFO] - Checking called Test Case

2021-10-21 14:07:11 - [MESSAGE][INFO] - Starting to call Test Case 'Test Cases/Butonlar/ButonaTikla'

2021-10-21 14:07:11 - [TEST_CASE][PASSED] - Test Cases/Butonlar/ButonaTikla: Test Cases/Butonlar/ButonaTikla

2021-10-21 14:07:11 - [TEST_STEP][PASSED] - Method.TextDegerineEsitElementeTiklaEquals(findTestObject("Butonlar/Butonlar"), Buton_Adi): Method.TextDegerineEsitElementeTiklaEquals is PASSED

2021-10-21 14:07:11 - [MESSAGE][INFO] - Finding Test Object 'Object Repository/Butonlar/Butonlar'

2021-10-21 14:07:11 - [MESSAGE][INFO] - Checking timeout

2021-10-21 14:07:11 - [MESSAGE][INFO] - Finding web element with id: 'Object Repository/Butonlar/Butonlar' located by 'By.cssSelector: .panel.panel-default.text-center.footerPanel .btn,.btn.btn-primary.btnControls' in '10' second(s)

2021-10-21 14:07:11 - [MESSAGE][INFO] - Smart Wait Function is triggered

2021-10-21 14:07:11 - [MESSAGE][INFO] - Found 13 web elements with id: 'Object Repository/Butonlar/Butonlar' located by 'By.cssSelector: .panel.panel-default.text-center.footerPanel .btn,.btn.btn-primary.btnControls' in '10' second(s)

2021-10-21 14:07:11 - [MESSAGE][PASSED] - Method.TextDegerineEsitElementeTiklaEquals is PASSED

2021-10-21 14:07:11 - [MESSAGE][PASSED] - Call Test Case 'Test Cases/Butonlar/ButonaTikla' successfully

2021-10-21 14:07:11 - [MESSAGE][INFO] - Checking called Test Case

2021-10-21 14:07:11 - [MESSAGE][INFO] - Starting to call Test Case 'Test Cases/Sekmeler/YeniSekmeyeGec'

2021-10-21 14:07:11 - [TEST_CASE][PASSED] - Test Cases/Sekmeler/YeniSekmeyeGec: Test Cases/Sekmeler/YeniSekmeyeGec

2021-10-21 14:07:11 - [TEST_STEP][PASSED] - switchToWindowIndex(1): Switched to window with index: '1'

2021-10-21 14:07:11 - [MESSAGE][INFO] - Checking index

2021-10-21 14:07:11 - [MESSAGE][INFO] - Switching window with index: '1'

2021-10-21 14:07:11 - [MESSAGE][PASSED] - Switched to window with index: '1'

2021-10-21 14:07:11 - [MESSAGE][PASSED] - Call Test Case 'Test Cases/Sekmeler/YeniSekmeyeGec' successfully

2021-10-21 14:07:11 - [MESSAGE][INFO] - Checking called Test Case

2021-10-21 14:07:11 - [MESSAGE][INFO] - Starting to call Test Case 'Test Cases/Sekmeler/DepartmanCheckboxiSecilir'

2021-10-21 14:07:11 - [TEST_CASE][PASSED] - Test Cases/Sekmeler/DepartmanCheckboxiSecilir: Test Cases/Sekmeler/DepartmanCheckboxiSecilir

2021-10-21 14:07:11 - [TEST_STEP][PASSED] - Method.TextDegerineEsitElementeTikla(findTestObject("Object Repository/Sekmeler/DepartmanCheckboxi"), Departman): Method.TextDegerineEsitElementeTikla is PASSED

2021-10-21 14:07:11 - [MESSAGE][INFO] - Finding Test Object 'Object Repository/Sekmeler/DepartmanCheckboxi'

2021-10-21 14:07:12 - [MESSAGE][INFO] - Checking timeout

2021-10-21 14:07:12 - [MESSAGE][INFO] - Finding web element with id: 'Object Repository/Sekmeler/DepartmanCheckboxi' located by 'By.cssSelector: .dx-wrap' in '10' second(s)

2021-10-21 14:07:12 - [MESSAGE][INFO] - Smart Wait Function is triggered

2021-10-21 14:07:12 - [MESSAGE][INFO] - Found 4 web elements with id: 'Object Repository/Sekmeler/DepartmanCheckboxi' located by 'By.cssSelector: .dx-wrap' in '10' second(s)

2021-10-21 14:07:12 - [MESSAGE][PASSED] - Method.TextDegerineEsitElementeTikla is PASSED

2021-10-21 14:07:12 - [MESSAGE][PASSED] - Call Test Case 'Test Cases/Sekmeler/DepartmanCheckboxiSecilir' successfully

2021-10-21 14:07:12 - [MESSAGE][INFO] - Checking called Test Case

2021-10-21 14:07:12 - [MESSAGE][INFO] - Starting to call Test Case 'Test Cases/Sekmeler/DepartmanKaydedilir'

2021-10-21 14:07:12 - [TEST_CASE][PASSED] - Test Cases/Sekmeler/DepartmanKaydedilir: Test Cases/Sekmeler/DepartmanKaydedilir

2021-10-21 14:07:12 - [TEST_STEP][PASSED] - waitForElementClickable(findTestObject("Object Repository/Sekmeler/DepartmanKaydetButoni"), 10): Object 'Object Repository/Sekmeler/DepartmanKaydetButoni' is clickable

2021-10-21 14:07:12 - [MESSAGE][INFO] - Finding Test Object 'Object Repository/Sekmeler/DepartmanKaydetButoni'

2021-10-21 14:07:12 - [MESSAGE][INFO] - Checking object

2021-10-21 14:07:12 - [MESSAGE][INFO] - Checking timeout

2021-10-21 14:07:12 - [MESSAGE][INFO] - Finding web element from Test Object's properties

2021-10-21 14:07:12 - [MESSAGE][INFO] - Checking timeout

2021-10-21 14:07:12 - [MESSAGE][INFO] - Finding web element with id: 'Object Repository/Sekmeler/DepartmanKaydetButoni' located by 'By.cssSelector: .dx-vam' in '10' second(s)

2021-10-21 14:07:12 - [MESSAGE][INFO] - Smart Wait Function is triggered

2021-10-21 14:07:13 - [MESSAGE][INFO] - Found 1 web elements with id: 'Object Repository/Sekmeler/DepartmanKaydetButoni' located by 'By.cssSelector: .dx-vam' in '10' second(s)

2021-10-21 14:07:13 - [MESSAGE][PASSED] - Object 'Object Repository/Sekmeler/DepartmanKaydetButoni' is clickable

2021-10-21 14:07:13 - [TEST_STEP][PASSED] - click(findTestObject("Object Repository/Sekmeler/DepartmanKaydetButoni")): Object: 'Object Repository/Sekmeler/DepartmanKaydetButoni' is clicked on

2021-10-21 14:07:13 - [MESSAGE][INFO] - Finding Test Object 'Object Repository/Sekmeler/DepartmanKaydetButoni'

2021-10-21 14:07:13 - [MESSAGE][INFO] - Checking object

2021-10-21 14:07:13 - [MESSAGE][INFO] - Finding web element from Test Object's properties

2021-10-21 14:07:13 - [MESSAGE][INFO] - Checking timeout

2021-10-21 14:07:13 - [MESSAGE][INFO] - Finding web element with id: 'Object Repository/Sekmeler/DepartmanKaydetButoni' located by 'By.cssSelector: .dx-vam' in '30' second(s)

2021-10-21 14:07:13 - [MESSAGE][INFO] - Smart Wait Function is triggered

2021-10-21 14:07:13 - [MESSAGE][INFO] - Found 1 web elements with id: 'Object Repository/Sekmeler/DepartmanKaydetButoni' located by 'By.cssSelector: .dx-vam' in '30' second(s)

2021-10-21 14:07:13 - [MESSAGE][INFO] - Clicking on object: 'Object Repository/Sekmeler/DepartmanKaydetButoni'

2021-10-21 14:07:13 - [MESSAGE][PASSED] - Object: 'Object Repository/Sekmeler/DepartmanKaydetButoni' is clicked on

2021-10-21 14:07:13 - [MESSAGE][PASSED] - Call Test Case 'Test Cases/Sekmeler/DepartmanKaydedilir' successfully

2021-10-21 14:07:13 - [MESSAGE][INFO] - Checking called Test Case

2021-10-21 14:07:13 - [MESSAGE][INFO] - Starting to call Test Case 'Test Cases/Popup/PopupMesajiIceriyorMu'

2021-10-21 14:07:13 - [TEST_CASE][PASSED] - Test Cases/Popup/PopupMesajiIceriyorMu: Test Cases/Popup/PopupMesajiIceriyorMu

2021-10-21 14:07:13 - [TEST_STEP][PASSED] - waitForElementVisible(findTestObject("Popup/Popup"), 10): Object 'Object Repository/Popup/Popup' is visible

2021-10-21 14:07:13 - [MESSAGE][INFO] - Finding Test Object 'Object Repository/Popup/Popup'

2021-10-21 14:07:13 - [MESSAGE][INFO] - Checking object

2021-10-21 14:07:13 - [MESSAGE][INFO] - Checking timeout

2021-10-21 14:07:13 - [MESSAGE][INFO] - Finding web element from Test Object's properties

2021-10-21 14:07:13 - [MESSAGE][INFO] - Checking timeout

2021-10-21 14:07:13 - [MESSAGE][INFO] - Finding web element with id: 'Object Repository/Popup/Popup' located by 'By.cssSelector: .bootbox-body' in '10' second(s)

2021-10-21 14:07:13 - [MESSAGE][INFO] - Smart Wait Function is triggered

2021-10-21 14:07:14 - [MESSAGE][INFO] - Found 1 web elements with id: 'Object Repository/Popup/Popup' located by 'By.cssSelector: .bootbox-body' in '10' second(s)

2021-10-21 14:07:14 - [MESSAGE][PASSED] - Object 'Object Repository/Popup/Popup' is visible

2021-10-21 14:07:14 - [TEST_STEP][PASSED] - if (!(getText(findTestObject("Popup/Popup")).contains(Mesaj))): Text of object 'Object Repository/Popup/Popup' is: 'Seçilen belgelerin ilgili departmanlardaki yetkisi kaldırılmıştır.'

2021-10-21 14:07:14 - [MESSAGE][INFO] - Finding Test Object 'Object Repository/Popup/Popup'

2021-10-21 14:07:14 - [MESSAGE][INFO] - Checking object

2021-10-21 14:07:14 - [MESSAGE][INFO] - Finding web element from Test Object's properties

2021-10-21 14:07:14 - [MESSAGE][INFO] - Checking timeout

2021-10-21 14:07:14 - [MESSAGE][INFO] - Finding web element with id: 'Object Repository/Popup/Popup' located by 'By.cssSelector: .bootbox-body' in '30' second(s)

2021-10-21 14:07:14 - [MESSAGE][INFO] - Smart Wait Function is triggered

2021-10-21 14:07:15 - [MESSAGE][INFO] - Found 1 web elements with id: 'Object Repository/Popup/Popup' located by 'By.cssSelector: .bootbox-body' in '30' second(s)

2021-10-21 14:07:15 - [MESSAGE][INFO] - Getting text of object 'Object Repository/Popup/Popup'

2021-10-21 14:07:15 - [MESSAGE][PASSED] - Text of object 'Object Repository/Popup/Popup' is: 'Seçilen belgelerin ilgili departmanlardaki yetkisi kaldırılmıştır.'

2021-10-21 14:07:15 - [TEST_STEP][PASSED] - RaporNo = getText(findTestObject("Popup/Popup")).substring(0, 6): Text of object 'Object Repository/Popup/Popup' is: 'Seçilen belgelerin ilgili departmanlardaki yetkisi kaldırılmıştır.'

2021-10-21 14:07:15 - [MESSAGE][INFO] - Finding Test Object 'Object Repository/Popup/Popup'

2021-10-21 14:07:15 - [MESSAGE][INFO] - Checking object

2021-10-21 14:07:15 - [MESSAGE][INFO] - Finding web element from Test Object's properties

2021-10-21 14:07:15 - [MESSAGE][INFO] - Checking timeout

2021-10-21 14:07:15 - [MESSAGE][INFO] - Finding web element with id: 'Object Repository/Popup/Popup' located by 'By.cssSelector: .bootbox-body' in '30' second(s)

2021-10-21 14:07:15 - [MESSAGE][INFO] - Smart Wait Function is triggered

2021-10-21 14:07:15 - [MESSAGE][INFO] - Found 1 web elements with id: 'Object Repository/Popup/Popup' located by 'By.cssSelector: .bootbox-body' in '30' second(s)

2021-10-21 14:07:15 - [MESSAGE][INFO] - Getting text of object 'Object Repository/Popup/Popup'

2021-10-21 14:07:15 - [MESSAGE][PASSED] - Text of object 'Object Repository/Popup/Popup' is: 'Seçilen belgelerin ilgili departmanlardaki yetkisi kaldırılmıştır.'

2021-10-21 14:07:15 - [TEST_STEP][PASSED] - Console.println(RaporNo): null

2021-10-21 14:07:15 - [MESSAGE][PASSED] - Call Test Case 'Test Cases/Popup/PopupMesajiIceriyorMu' successfully

2021-10-21 14:07:15 - [MESSAGE][INFO] - Checking called Test Case

2021-10-21 14:07:15 - [MESSAGE][INFO] - Starting to call Test Case 'Test Cases/Popup/PopupButonSecilir'

2021-10-21 14:07:15 - [TEST_CASE][PASSED] - Test Cases/Popup/PopupButonSecilir: Test Cases/Popup/PopupButonSecilir

2021-10-21 14:07:15 - [TEST_STEP][PASSED] - Method.TextDegerineEsitElementeTikla(findTestObject("Popup/Popup_Butons"), Buton): Method.TextDegerineEsitElementeTikla is PASSED

2021-10-21 14:07:15 - [MESSAGE][INFO] - Finding Test Object 'Object Repository/Popup/Popup_Butons'

2021-10-21 14:07:15 - [MESSAGE][INFO] - Checking timeout

2021-10-21 14:07:15 - [MESSAGE][INFO] - Finding web element with id: 'Object Repository/Popup/Popup_Butons' located by 'By.cssSelector: .modal-footer>button' in '10' second(s)

2021-10-21 14:07:15 - [MESSAGE][INFO] - Smart Wait Function is triggered

2021-10-21 14:07:15 - [MESSAGE][INFO] - Found 1 web elements with id: 'Object Repository/Popup/Popup_Butons' located by 'By.cssSelector: .modal-footer>button' in '10' second(s)

2021-10-21 14:07:16 - [MESSAGE][PASSED] - Method.TextDegerineEsitElementeTikla is PASSED

2021-10-21 14:07:16 - [MESSAGE][PASSED] - Call Test Case 'Test Cases/Popup/PopupButonSecilir' successfully

2021-10-21 14:07:16 - [MESSAGE][INFO] - Checking called Test Case

2021-10-21 14:07:16 - [MESSAGE][INFO] - Starting to call Test Case 'Test Cases/Sekmeler/Ana_Sekmeye_Gec'

2021-10-21 14:07:16 - [TEST_CASE][PASSED] - Test Cases/Sekmeler/Ana_Sekmeye_Gec: Test Cases/Sekmeler/Ana_Sekmeye_Gec

2021-10-21 14:07:16 - [TEST_STEP][FAILED] - try: Unable to get the index of the current window (Root cause: com.kms.katalon.core.exception.StepFailedException: Unable to get the index of the current window
	at com.kms.katalon.core.webui.keyword.internal.WebUIKeywordMain.stepFailed(WebUIKeywordMain.groovy:64)
	at com.kms.katalon.core.webui.keyword.internal.WebUIKeywordMain.runKeywordAndReturnInt(WebUIKeywordMain.groovy:56)
	at com.kms.katalon.core.webui.keyword.builtin.GetWindowIndexKeyword.getWindowIndex(GetWindowIndexKeyword.groovy:71)
	at com.kms.katalon.core.webui.keyword.builtin.GetWindowIndexKeyword.execute(GetWindowIndexKeyword.groovy:66)
	at com.kms.katalon.core.keyword.internal.KeywordExecutor.executeKeywordForPlatform(KeywordExecutor.groovy:73)
	at com.kms.katalon.core.webui.keyword.WebUiBuiltInKeywords.getWindowIndex(WebUiBuiltInKeywords.groovy:262)
	at com.kms.katalon.core.webui.keyword.WebUiBuiltInKeywords$getWindowIndex$13.call(Unknown Source)
	at Ana_Sekmeye_Gec.run(Ana_Sekmeye_Gec:18)
	at com.kms.katalon.core.main.ScriptEngine.run(ScriptEngine.java:194)
	at com.kms.katalon.core.main.ScriptEngine.runScriptAsRawText(ScriptEngine.java:119)
	at com.kms.katalon.core.main.TestCaseExecutor.runScript(TestCaseExecutor.java:369)
	at com.kms.katalon.core.main.TestCaseExecutor.doExecute(TestCaseExecutor.java:360)
	at com.kms.katalon.core.main.TestCaseExecutor.processExecutionPhase(TestCaseExecutor.java:339)
	at com.kms.katalon.core.main.TestCaseExecutor.accessMainPhase(TestCaseExecutor.java:331)
	at com.kms.katalon.core.main.TestCaseExecutor.execute(TestCaseExecutor.java:248)
	at com.kms.katalon.core.main.TestCaseMain.runTestCase(TestCaseMain.java:138)
	at com.kms.katalon.core.keyword.builtin.CallTestCaseKeyword$_callTestCase_closure1.doCall(CallTestCaseKeyword.groovy:59)
	at com.kms.katalon.core.keyword.builtin.CallTestCaseKeyword$_callTestCase_closure1.call(CallTestCaseKeyword.groovy)
	at com.kms.katalon.core.keyword.internal.KeywordMain.runKeyword(KeywordMain.groovy:68)
	at com.kms.katalon.core.keyword.builtin.CallTestCaseKeyword.callTestCase(CallTestCaseKeyword.groovy:81)
	at com.kms.katalon.core.keyword.builtin.CallTestCaseKeyword.execute(CallTestCaseKeyword.groovy:44)
	at com.kms.katalon.core.keyword.internal.KeywordExecutor.executeKeywordForPlatform(KeywordExecutor.groovy:73)
	at com.kms.katalon.core.keyword.BuiltinKeywords.callTestCase(BuiltinKeywords.groovy:334)
	at sekmeler.sekmeler.anaSekmeyeGecilir(sekmeler.groovy:55)
	at cucumber.runtime.Utils$1.call(Utils.java:26)
	at cucumber.runtime.Timeout.timeout(Timeout.java:16)
	at cucumber.runtime.Utils.invoke(Utils.java:20)
	at cucumber.runtime.java.JavaStepDefinition.execute(JavaStepDefinition.java:49)
	at cucumber.runner.PickleStepDefinitionMatch.runStep(PickleStepDefinitionMatch.java:50)
	at cucumber.runner.TestStep.executeStep(TestStep.java:63)
	at cucumber.runner.TestStep.run(TestStep.java:49)
	at cucumber.runner.PickleStepTestStep.run(PickleStepTestStep.java:43)
	at cucumber.runner.TestCase.run(TestCase.java:44)
	at cucumber.runner.Runner.runPickle(Runner.java:40)
	at cucumber.runtime.Runtime$1.run(Runtime.java:84)
	at cucumber.runtime.Runtime$SameThreadExecutorService.execute(Runtime.java:220)
	at cucumber.runtime.Runtime.run(Runtime.java:81)
	at cucumber.api.cli.Main.run(Main.java:26)
	at cucumber.api.cli.Main$run.call(Unknown Source)
	at com.kms.katalon.core.cucumber.keyword.CucumberBuiltinKeywords$_runFeatureFile_closure1.doCall(CucumberBuiltinKeywords.groovy:106)
	at com.kms.katalon.core.cucumber.keyword.CucumberBuiltinKeywords$_runFeatureFile_closure1.doCall(CucumberBuiltinKeywords.groovy)
	at com.kms.katalon.core.keyword.internal.KeywordMain.runKeyword(KeywordMain.groovy:68)
	at com.kms.katalon.core.keyword.internal.KeywordMain$runKeyword.call(Unknown Source)
	at com.kms.katalon.core.cucumber.keyword.CucumberBuiltinKeywords.runFeatureFile(CucumberBuiltinKeywords.groovy:73)
	at com.kms.katalon.core.cucumber.keyword.CucumberBuiltinKeywords$runFeatureFile$0.callStatic(Unknown Source)
	at com.kms.katalon.core.cucumber.keyword.CucumberBuiltinKeywords.runFeatureFile(CucumberBuiltinKeywords.groovy:246)
	at com.kms.katalon.core.cucumber.keyword.CucumberBuiltinKeywords$runFeatureFile.call(Unknown Source)
	at Departman Ata-Geri Al.run(Departman Ata-Geri Al:18)
	at com.kms.katalon.core.main.ScriptEngine.run(ScriptEngine.java:194)
	at com.kms.katalon.core.main.ScriptEngine.runScriptAsRawText(ScriptEngine.java:119)
	at com.kms.katalon.core.main.TestCaseExecutor.runScript(TestCaseExecutor.java:369)
	at com.kms.katalon.core.main.TestCaseExecutor.doExecute(TestCaseExecutor.java:360)
	at com.kms.katalon.core.main.TestCaseExecutor.processExecutionPhase(TestCaseExecutor.java:339)
	at com.kms.katalon.core.main.TestCaseExecutor.accessMainPhase(TestCaseExecutor.java:331)
	at com.kms.katalon.core.main.TestCaseExecutor.execute(TestCaseExecutor.java:248)
	at com.kms.katalon.core.main.TestSuiteExecutor.accessTestCaseMainPhase(TestSuiteExecutor.java:191)
	at com.kms.katalon.core.main.TestSuiteExecutor.accessTestSuiteMainPhase(TestSuiteExecutor.java:140)
	at com.kms.katalon.core.main.TestSuiteExecutor.execute(TestSuiteExecutor.java:89)
	at com.kms.katalon.core.main.TestCaseMain.startTestSuite(TestCaseMain.java:181)
	at com.kms.katalon.core.main.TestCaseMain$startTestSuite$0.call(Unknown Source)
	at TempTestSuite1634814311783.run(TempTestSuite1634814311783.groovy:39)
Caused by: org.openqa.selenium.NoSuchWindowException: no such window: window was already closed
  (Session info: chrome=95.0.4638.54)
Build info: version: '3.141.59', revision: 'e82be7d358', time: '2018-11-14T08:25:53'
System info: host: 'DESKTOP-QBVMTUG', ip: '192.168.1.20', os.name: 'Windows 10', os.arch: 'amd64', os.version: '10.0', java.version: '1.8.0_282'
Driver info: com.kms.katalon.selenium.driver.CChromeDriver
Capabilities {acceptInsecureCerts: false, browserName: chrome, browserVersion: 95.0.4638.54, chrome: {chromedriverVersion: 94.0.4606.61 (418b78f5838ed..., userDataDir: C:\Users\DELL\AppData\Local...}, goog:chromeOptions: {debuggerAddress: localhost:58285}, javascriptEnabled: true, networkConnectionEnabled: false, pageLoadStrategy: normal, platform: WINDOWS, platformName: WINDOWS, proxy: Proxy(), setWindowRect: true, strictFileInteractability: false, timeouts: {implicit: 0, pageLoad: 300000, script: 30000}, unhandledPromptBehavior: dismiss and notify, webauthn:extension:credBlob: true, webauthn:extension:largeBlob: true, webauthn:virtualAuthenticators: true}
Session ID: bdf4c16d1f6a259ecc2d6fb24c783354
	at org.openqa.selenium.remote.http.W3CHttpResponseCodec.createException(W3CHttpResponseCodec.java:187)
	at org.openqa.selenium.remote.http.W3CHttpResponseCodec.decode(W3CHttpResponseCodec.java:122)
	at org.openqa.selenium.remote.http.W3CHttpResponseCodec.decode(W3CHttpResponseCodec.java:49)
	at org.openqa.selenium.remote.HttpCommandExecutor.execute(HttpCommandExecutor.java:158)
	at org.openqa.selenium.remote.service.DriverCommandExecutor.execute(DriverCommandExecutor.java:83)
	at org.openqa.selenium.remote.RemoteWebDriver.execute(RemoteWebDriver.java:552)
	at com.kms.katalon.selenium.driver.CChromeDriver.execute(CChromeDriver.java:19)
	at org.openqa.selenium.remote.RemoteWebDriver.execute(RemoteWebDriver.java:609)
	at org.openqa.selenium.remote.RemoteWebDriver.getWindowHandle(RemoteWebDriver.java:472)
	at org.openqa.selenium.support.events.EventFiringWebDriver.lambda$new$1(EventFiringWebDriver.java:105)
	at com.sun.proxy.$Proxy12.getWindowHandle(Unknown Source)
	at org.openqa.selenium.support.events.EventFiringWebDriver.getWindowHandle(EventFiringWebDriver.java:221)
	at com.kms.katalon.core.webui.driver.DriverFactory.getCurrentWindowIndex(DriverFactory.java:1072)
	at com.kms.katalon.core.webui.keyword.builtin.GetWindowIndexKeyword$_getWindowIndex_closure1.doCall(GetWindowIndexKeyword.groovy:73)
	at com.kms.katalon.core.webui.keyword.builtin.GetWindowIndexKeyword$_getWindowIndex_closure1.call(GetWindowIndexKeyword.groovy)
	at com.kms.katalon.core.webui.keyword.internal.WebUIKeywordMain.runKeywordAndReturnInt(WebUIKeywordMain.groovy:50)
	at com.kms.katalon.core.webui.keyword.builtin.GetWindowIndexKeyword.getWindowIndex(GetWindowIndexKeyword.groovy:71)
	at com.kms.katalon.core.webui.keyword.builtin.GetWindowIndexKeyword.execute(GetWindowIndexKeyword.groovy:66)
	at com.kms.katalon.core.keyword.internal.KeywordExecutor.executeKeywordForPlatform(KeywordExecutor.groovy:73)
	at com.kms.katalon.core.webui.keyword.WebUiBuiltInKeywords.getWindowIndex(WebUiBuiltInKeywords.groovy:262)
	at com.kms.katalon.core.webui.keyword.WebUiBuiltInKeywords$getWindowIndex$13.call(Unknown Source)
	at Script1586261051750.run(Script1586261051750.groovy:18)
	at com.kms.katalon.core.main.ScriptEngine.run(ScriptEngine.java:194)
	at com.kms.katalon.core.main.ScriptEngine.runScriptAsRawText(ScriptEngine.java:119)
	at com.kms.katalon.core.main.TestCaseExecutor.runScript(TestCaseExecutor.java:369)
	at com.kms.katalon.core.main.TestCaseExecutor.doExecute(TestCaseExecutor.java:360)
	at com.kms.katalon.core.main.TestCaseExecutor.processExecutionPhase(TestCaseExecutor.java:339)
	at com.kms.katalon.core.main.TestCaseExecutor.accessMainPhase(TestCaseExecutor.java:331)
	at com.kms.katalon.core.main.TestCaseExecutor.execute(TestCaseExecutor.java:248)
	at com.kms.katalon.core.main.TestCaseMain.runTestCase(TestCaseMain.java:138)
	at com.kms.katalon.core.keyword.builtin.CallTestCaseKeyword$_callTestCase_closure1.doCall(CallTestCaseKeyword.groovy:59)
	at com.kms.katalon.core.keyword.builtin.CallTestCaseKeyword$_callTestCase_closure1.call(CallTestCaseKeyword.groovy)
	at com.kms.katalon.core.keyword.internal.KeywordMain.runKeyword(KeywordMain.groovy:68)
	at com.kms.katalon.core.keyword.builtin.CallTestCaseKeyword.callTestCase(CallTestCaseKeyword.groovy:81)
	at com.kms.katalon.core.keyword.builtin.CallTestCaseKeyword.execute(CallTestCaseKeyword.groovy:44)
	at com.kms.katalon.core.keyword.internal.KeywordExecutor.executeKeywordForPlatform(KeywordExecutor.groovy:73)
	at com.kms.katalon.core.keyword.BuiltinKeywords.callTestCase(BuiltinKeywords.groovy:334)
	at sekmeler.sekmeler.anaSekmeyeGecilir(sekmeler.groovy:55)
	at cucumber.runtime.Utils$1.call(Utils.java:26)
	at cucumber.runtime.Timeout.timeout(Timeout.java:16)
	at cucumber.runtime.Utils.invoke(Utils.java:20)
	at cucumber.runtime.java.JavaStepDefinition.execute(JavaStepDefinition.java:49)
	at cucumber.runner.PickleStepDefinitionMatch.runStep(PickleStepDefinitionMatch.java:50)
	at cucumber.runner.TestStep.executeStep(TestStep.java:63)
	at cucumber.runner.TestStep.run(TestStep.java:49)
	at cucumber.runner.PickleStepTestStep.run(PickleStepTestStep.java:43)
	at cucumber.runner.TestCase.run(TestCase.java:44)
	at cucumber.runner.Runner.runPickle(Runner.java:40)
	at cucumber.runtime.Runtime$1.run(Runtime.java:84)
	at cucumber.runtime.Runtime$SameThreadExecutorService.execute(Runtime.java:220)
	at cucumber.runtime.Runtime.run(Runtime.java:81)
	at cucumber.api.cli.Main.run(Main.java:26)
	at cucumber.api.cli.Main$run.call(Unknown Source)
	at com.kms.katalon.core.cucumber.keyword.CucumberBuiltinKeywords$_runFeatureFile_closure1.doCall(CucumberBuiltinKeywords.groovy:106)
	at com.kms.katalon.core.cucumber.keyword.CucumberBuiltinKeywords$_runFeatureFile_closure1.doCall(CucumberBuiltinKeywords.groovy)
	at com.kms.katalon.core.keyword.internal.KeywordMain.runKeyword(KeywordMain.groovy:68)
	at com.kms.katalon.core.keyword.internal.KeywordMain$runKeyword.call(Unknown Source)
	at com.kms.katalon.core.cucumber.keyword.CucumberBuiltinKeywords.runFeatureFile(CucumberBuiltinKeywords.groovy:73)
	at com.kms.katalon.core.cucumber.keyword.CucumberBuiltinKeywords$runFeatureFile$0.callStatic(Unknown Source)
	at com.kms.katalon.core.cucumber.keyword.CucumberBuiltinKeywords.runFeatureFile(CucumberBuiltinKeywords.groovy:246)
	at com.kms.katalon.core.cucumber.keyword.CucumberBuiltinKeywords$runFeatureFile.call(Unknown Source)
	at Script1602067995109.run(Script1602067995109.groovy:18)
	... 13 more
)

2021-10-21 14:07:16 - [TEST_STEP][FAILED] - index = getWindowIndex(): Unable to get the index of the current window (Root cause: com.kms.katalon.core.exception.StepFailedException: Unable to get the index of the current window
	at com.kms.katalon.core.webui.keyword.internal.WebUIKeywordMain.stepFailed(WebUIKeywordMain.groovy:64)
	at com.kms.katalon.core.webui.keyword.internal.WebUIKeywordMain.runKeywordAndReturnInt(WebUIKeywordMain.groovy:56)
	at com.kms.katalon.core.webui.keyword.builtin.GetWindowIndexKeyword.getWindowIndex(GetWindowIndexKeyword.groovy:71)
	at com.kms.katalon.core.webui.keyword.builtin.GetWindowIndexKeyword.execute(GetWindowIndexKeyword.groovy:66)
	at com.kms.katalon.core.keyword.internal.KeywordExecutor.executeKeywordForPlatform(KeywordExecutor.groovy:73)
	at com.kms.katalon.core.webui.keyword.WebUiBuiltInKeywords.getWindowIndex(WebUiBuiltInKeywords.groovy:262)
	at com.kms.katalon.core.webui.keyword.WebUiBuiltInKeywords$getWindowIndex$13.call(Unknown Source)
	at Ana_Sekmeye_Gec.run(Ana_Sekmeye_Gec:18)
	at com.kms.katalon.core.main.ScriptEngine.run(ScriptEngine.java:194)
	at com.kms.katalon.core.main.ScriptEngine.runScriptAsRawText(ScriptEngine.java:119)
	at com.kms.katalon.core.main.TestCaseExecutor.runScript(TestCaseExecutor.java:369)
	at com.kms.katalon.core.main.TestCaseExecutor.doExecute(TestCaseExecutor.java:360)
	at com.kms.katalon.core.main.TestCaseExecutor.processExecutionPhase(TestCaseExecutor.java:339)
	at com.kms.katalon.core.main.TestCaseExecutor.accessMainPhase(TestCaseExecutor.java:331)
	at com.kms.katalon.core.main.TestCaseExecutor.execute(TestCaseExecutor.java:248)
	at com.kms.katalon.core.main.TestCaseMain.runTestCase(TestCaseMain.java:138)
	at com.kms.katalon.core.keyword.builtin.CallTestCaseKeyword$_callTestCase_closure1.doCall(CallTestCaseKeyword.groovy:59)
	at com.kms.katalon.core.keyword.builtin.CallTestCaseKeyword$_callTestCase_closure1.call(CallTestCaseKeyword.groovy)
	at com.kms.katalon.core.keyword.internal.KeywordMain.runKeyword(KeywordMain.groovy:68)
	at com.kms.katalon.core.keyword.builtin.CallTestCaseKeyword.callTestCase(CallTestCaseKeyword.groovy:81)
	at com.kms.katalon.core.keyword.builtin.CallTestCaseKeyword.execute(CallTestCaseKeyword.groovy:44)
	at com.kms.katalon.core.keyword.internal.KeywordExecutor.executeKeywordForPlatform(KeywordExecutor.groovy:73)
	at com.kms.katalon.core.keyword.BuiltinKeywords.callTestCase(BuiltinKeywords.groovy:334)
	at sekmeler.sekmeler.anaSekmeyeGecilir(sekmeler.groovy:55)
	at cucumber.runtime.Utils$1.call(Utils.java:26)
	at cucumber.runtime.Timeout.timeout(Timeout.java:16)
	at cucumber.runtime.Utils.invoke(Utils.java:20)
	at cucumber.runtime.java.JavaStepDefinition.execute(JavaStepDefinition.java:49)
	at cucumber.runner.PickleStepDefinitionMatch.runStep(PickleStepDefinitionMatch.java:50)
	at cucumber.runner.TestStep.executeStep(TestStep.java:63)
	at cucumber.runner.TestStep.run(TestStep.java:49)
	at cucumber.runner.PickleStepTestStep.run(PickleStepTestStep.java:43)
	at cucumber.runner.TestCase.run(TestCase.java:44)
	at cucumber.runner.Runner.runPickle(Runner.java:40)
	at cucumber.runtime.Runtime$1.run(Runtime.java:84)
	at cucumber.runtime.Runtime$SameThreadExecutorService.execute(Runtime.java:220)
	at cucumber.runtime.Runtime.run(Runtime.java:81)
	at cucumber.api.cli.Main.run(Main.java:26)
	at cucumber.api.cli.Main$run.call(Unknown Source)
	at com.kms.katalon.core.cucumber.keyword.CucumberBuiltinKeywords$_runFeatureFile_closure1.doCall(CucumberBuiltinKeywords.groovy:106)
	at com.kms.katalon.core.cucumber.keyword.CucumberBuiltinKeywords$_runFeatureFile_closure1.doCall(CucumberBuiltinKeywords.groovy)
	at com.kms.katalon.core.keyword.internal.KeywordMain.runKeyword(KeywordMain.groovy:68)
	at com.kms.katalon.core.keyword.internal.KeywordMain$runKeyword.call(Unknown Source)
	at com.kms.katalon.core.cucumber.keyword.CucumberBuiltinKeywords.runFeatureFile(CucumberBuiltinKeywords.groovy:73)
	at com.kms.katalon.core.cucumber.keyword.CucumberBuiltinKeywords$runFeatureFile$0.callStatic(Unknown Source)
	at com.kms.katalon.core.cucumber.keyword.CucumberBuiltinKeywords.runFeatureFile(CucumberBuiltinKeywords.groovy:246)
	at com.kms.katalon.core.cucumber.keyword.CucumberBuiltinKeywords$runFeatureFile.call(Unknown Source)
	at Departman Ata-Geri Al.run(Departman Ata-Geri Al:18)
	at com.kms.katalon.core.main.ScriptEngine.run(ScriptEngine.java:194)
	at com.kms.katalon.core.main.ScriptEngine.runScriptAsRawText(ScriptEngine.java:119)
	at com.kms.katalon.core.main.TestCaseExecutor.runScript(TestCaseExecutor.java:369)
	at com.kms.katalon.core.main.TestCaseExecutor.doExecute(TestCaseExecutor.java:360)
	at com.kms.katalon.core.main.TestCaseExecutor.processExecutionPhase(TestCaseExecutor.java:339)
	at com.kms.katalon.core.main.TestCaseExecutor.accessMainPhase(TestCaseExecutor.java:331)
	at com.kms.katalon.core.main.TestCaseExecutor.execute(TestCaseExecutor.java:248)
	at com.kms.katalon.core.main.TestSuiteExecutor.accessTestCaseMainPhase(TestSuiteExecutor.java:191)
	at com.kms.katalon.core.main.TestSuiteExecutor.accessTestSuiteMainPhase(TestSuiteExecutor.java:140)
	at com.kms.katalon.core.main.TestSuiteExecutor.execute(TestSuiteExecutor.java:89)
	at com.kms.katalon.core.main.TestCaseMain.startTestSuite(TestCaseMain.java:181)
	at com.kms.katalon.core.main.TestCaseMain$startTestSuite$0.call(Unknown Source)
	at TempTestSuite1634814311783.run(TempTestSuite1634814311783.groovy:39)
Caused by: org.openqa.selenium.NoSuchWindowException: no such window: window was already closed
  (Session info: chrome=95.0.4638.54)
Build info: version: '3.141.59', revision: 'e82be7d358', time: '2018-11-14T08:25:53'
System info: host: 'DESKTOP-QBVMTUG', ip: '192.168.1.20', os.name: 'Windows 10', os.arch: 'amd64', os.version: '10.0', java.version: '1.8.0_282'
Driver info: com.kms.katalon.selenium.driver.CChromeDriver
Capabilities {acceptInsecureCerts: false, browserName: chrome, browserVersion: 95.0.4638.54, chrome: {chromedriverVersion: 94.0.4606.61 (418b78f5838ed..., userDataDir: C:\Users\DELL\AppData\Local...}, goog:chromeOptions: {debuggerAddress: localhost:58285}, javascriptEnabled: true, networkConnectionEnabled: false, pageLoadStrategy: normal, platform: WINDOWS, platformName: WINDOWS, proxy: Proxy(), setWindowRect: true, strictFileInteractability: false, timeouts: {implicit: 0, pageLoad: 300000, script: 30000}, unhandledPromptBehavior: dismiss and notify, webauthn:extension:credBlob: true, webauthn:extension:largeBlob: true, webauthn:virtualAuthenticators: true}
Session ID: bdf4c16d1f6a259ecc2d6fb24c783354
	at org.openqa.selenium.remote.http.W3CHttpResponseCodec.createException(W3CHttpResponseCodec.java:187)
	at org.openqa.selenium.remote.http.W3CHttpResponseCodec.decode(W3CHttpResponseCodec.java:122)
	at org.openqa.selenium.remote.http.W3CHttpResponseCodec.decode(W3CHttpResponseCodec.java:49)
	at org.openqa.selenium.remote.HttpCommandExecutor.execute(HttpCommandExecutor.java:158)
	at org.openqa.selenium.remote.service.DriverCommandExecutor.execute(DriverCommandExecutor.java:83)
	at org.openqa.selenium.remote.RemoteWebDriver.execute(RemoteWebDriver.java:552)
	at com.kms.katalon.selenium.driver.CChromeDriver.execute(CChromeDriver.java:19)
	at org.openqa.selenium.remote.RemoteWebDriver.execute(RemoteWebDriver.java:609)
	at org.openqa.selenium.remote.RemoteWebDriver.getWindowHandle(RemoteWebDriver.java:472)
	at org.openqa.selenium.support.events.EventFiringWebDriver.lambda$new$1(EventFiringWebDriver.java:105)
	at com.sun.proxy.$Proxy12.getWindowHandle(Unknown Source)
	at org.openqa.selenium.support.events.EventFiringWebDriver.getWindowHandle(EventFiringWebDriver.java:221)
	at com.kms.katalon.core.webui.driver.DriverFactory.getCurrentWindowIndex(DriverFactory.java:1072)
	at com.kms.katalon.core.webui.keyword.builtin.GetWindowIndexKeyword$_getWindowIndex_closure1.doCall(GetWindowIndexKeyword.groovy:73)
	at com.kms.katalon.core.webui.keyword.builtin.GetWindowIndexKeyword$_getWindowIndex_closure1.call(GetWindowIndexKeyword.groovy)
	at com.kms.katalon.core.webui.keyword.internal.WebUIKeywordMain.runKeywordAndReturnInt(WebUIKeywordMain.groovy:50)
	at com.kms.katalon.core.webui.keyword.builtin.GetWindowIndexKeyword.getWindowIndex(GetWindowIndexKeyword.groovy:71)
	at com.kms.katalon.core.webui.keyword.builtin.GetWindowIndexKeyword.execute(GetWindowIndexKeyword.groovy:66)
	at com.kms.katalon.core.keyword.internal.KeywordExecutor.executeKeywordForPlatform(KeywordExecutor.groovy:73)
	at com.kms.katalon.core.webui.keyword.WebUiBuiltInKeywords.getWindowIndex(WebUiBuiltInKeywords.groovy:262)
	at com.kms.katalon.core.webui.keyword.WebUiBuiltInKeywords$getWindowIndex$13.call(Unknown Source)
	at Script1586261051750.run(Script1586261051750.groovy:18)
	at com.kms.katalon.core.main.ScriptEngine.run(ScriptEngine.java:194)
	at com.kms.katalon.core.main.ScriptEngine.runScriptAsRawText(ScriptEngine.java:119)
	at com.kms.katalon.core.main.TestCaseExecutor.runScript(TestCaseExecutor.java:369)
	at com.kms.katalon.core.main.TestCaseExecutor.doExecute(TestCaseExecutor.java:360)
	at com.kms.katalon.core.main.TestCaseExecutor.processExecutionPhase(TestCaseExecutor.java:339)
	at com.kms.katalon.core.main.TestCaseExecutor.accessMainPhase(TestCaseExecutor.java:331)
	at com.kms.katalon.core.main.TestCaseExecutor.execute(TestCaseExecutor.java:248)
	at com.kms.katalon.core.main.TestCaseMain.runTestCase(TestCaseMain.java:138)
	at com.kms.katalon.core.keyword.builtin.CallTestCaseKeyword$_callTestCase_closure1.doCall(CallTestCaseKeyword.groovy:59)
	at com.kms.katalon.core.keyword.builtin.CallTestCaseKeyword$_callTestCase_closure1.call(CallTestCaseKeyword.groovy)
	at com.kms.katalon.core.keyword.internal.KeywordMain.runKeyword(KeywordMain.groovy:68)
	at com.kms.katalon.core.keyword.builtin.CallTestCaseKeyword.callTestCase(CallTestCaseKeyword.groovy:81)
	at com.kms.katalon.core.keyword.builtin.CallTestCaseKeyword.execute(CallTestCaseKeyword.groovy:44)
	at com.kms.katalon.core.keyword.internal.KeywordExecutor.executeKeywordForPlatform(KeywordExecutor.groovy:73)
	at com.kms.katalon.core.keyword.BuiltinKeywords.callTestCase(BuiltinKeywords.groovy:334)
	at sekmeler.sekmeler.anaSekmeyeGecilir(sekmeler.groovy:55)
	at cucumber.runtime.Utils$1.call(Utils.java:26)
	at cucumber.runtime.Timeout.timeout(Timeout.java:16)
	at cucumber.runtime.Utils.invoke(Utils.java:20)
	at cucumber.runtime.java.JavaStepDefinition.execute(JavaStepDefinition.java:49)
	at cucumber.runner.PickleStepDefinitionMatch.runStep(PickleStepDefinitionMatch.java:50)
	at cucumber.runner.TestStep.executeStep(TestStep.java:63)
	at cucumber.runner.TestStep.run(TestStep.java:49)
	at cucumber.runner.PickleStepTestStep.run(PickleStepTestStep.java:43)
	at cucumber.runner.TestCase.run(TestCase.java:44)
	at cucumber.runner.Runner.runPickle(Runner.java:40)
	at cucumber.runtime.Runtime$1.run(Runtime.java:84)
	at cucumber.runtime.Runtime$SameThreadExecutorService.execute(Runtime.java:220)
	at cucumber.runtime.Runtime.run(Runtime.java:81)
	at cucumber.api.cli.Main.run(Main.java:26)
	at cucumber.api.cli.Main$run.call(Unknown Source)
	at com.kms.katalon.core.cucumber.keyword.CucumberBuiltinKeywords$_runFeatureFile_closure1.doCall(CucumberBuiltinKeywords.groovy:106)
	at com.kms.katalon.core.cucumber.keyword.CucumberBuiltinKeywords$_runFeatureFile_closure1.doCall(CucumberBuiltinKeywords.groovy)
	at com.kms.katalon.core.keyword.internal.KeywordMain.runKeyword(KeywordMain.groovy:68)
	at com.kms.katalon.core.keyword.internal.KeywordMain$runKeyword.call(Unknown Source)
	at com.kms.katalon.core.cucumber.keyword.CucumberBuiltinKeywords.runFeatureFile(CucumberBuiltinKeywords.groovy:73)
	at com.kms.katalon.core.cucumber.keyword.CucumberBuiltinKeywords$runFeatureFile$0.callStatic(Unknown Source)
	at com.kms.katalon.core.cucumber.keyword.CucumberBuiltinKeywords.runFeatureFile(CucumberBuiltinKeywords.groovy:246)
	at com.kms.katalon.core.cucumber.keyword.CucumberBuiltinKeywords$runFeatureFile.call(Unknown Source)
	at Script1602067995109.run(Script1602067995109.groovy:18)
	... 13 more
)

2021-10-21 14:07:16 - [MESSAGE][INFO] - Getting current window's index

2021-10-21 14:07:16 - [MESSAGE][FAILED] - Unable to get the index of the current window (Root cause: com.kms.katalon.core.exception.StepFailedException: Unable to get the index of the current window
	at com.kms.katalon.core.webui.keyword.internal.WebUIKeywordMain.stepFailed(WebUIKeywordMain.groovy:64)
	at com.kms.katalon.core.webui.keyword.internal.WebUIKeywordMain.runKeywordAndReturnInt(WebUIKeywordMain.groovy:56)
	at com.kms.katalon.core.webui.keyword.builtin.GetWindowIndexKeyword.getWindowIndex(GetWindowIndexKeyword.groovy:71)
	at com.kms.katalon.core.webui.keyword.builtin.GetWindowIndexKeyword.execute(GetWindowIndexKeyword.groovy:66)
	at com.kms.katalon.core.keyword.internal.KeywordExecutor.executeKeywordForPlatform(KeywordExecutor.groovy:73)
	at com.kms.katalon.core.webui.keyword.WebUiBuiltInKeywords.getWindowIndex(WebUiBuiltInKeywords.groovy:262)
	at com.kms.katalon.core.webui.keyword.WebUiBuiltInKeywords$getWindowIndex$13.call(Unknown Source)
	at Ana_Sekmeye_Gec.run(Ana_Sekmeye_Gec:18)
	at com.kms.katalon.core.main.ScriptEngine.run(ScriptEngine.java:194)
	at com.kms.katalon.core.main.ScriptEngine.runScriptAsRawText(ScriptEngine.java:119)
	at com.kms.katalon.core.main.TestCaseExecutor.runScript(TestCaseExecutor.java:369)
	at com.kms.katalon.core.main.TestCaseExecutor.doExecute(TestCaseExecutor.java:360)
	at com.kms.katalon.core.main.TestCaseExecutor.processExecutionPhase(TestCaseExecutor.java:339)
	at com.kms.katalon.core.main.TestCaseExecutor.accessMainPhase(TestCaseExecutor.java:331)
	at com.kms.katalon.core.main.TestCaseExecutor.execute(TestCaseExecutor.java:248)
	at com.kms.katalon.core.main.TestCaseMain.runTestCase(TestCaseMain.java:138)
	at com.kms.katalon.core.keyword.builtin.CallTestCaseKeyword$_callTestCase_closure1.doCall(CallTestCaseKeyword.groovy:59)
	at com.kms.katalon.core.keyword.builtin.CallTestCaseKeyword$_callTestCase_closure1.call(CallTestCaseKeyword.groovy)
	at com.kms.katalon.core.keyword.internal.KeywordMain.runKeyword(KeywordMain.groovy:68)
	at com.kms.katalon.core.keyword.builtin.CallTestCaseKeyword.callTestCase(CallTestCaseKeyword.groovy:81)
	at com.kms.katalon.core.keyword.builtin.CallTestCaseKeyword.execute(CallTestCaseKeyword.groovy:44)
	at com.kms.katalon.core.keyword.internal.KeywordExecutor.executeKeywordForPlatform(KeywordExecutor.groovy:73)
	at com.kms.katalon.core.keyword.BuiltinKeywords.callTestCase(BuiltinKeywords.groovy:334)
	at sekmeler.sekmeler.anaSekmeyeGecilir(sekmeler.groovy:55)
	at cucumber.runtime.Utils$1.call(Utils.java:26)
	at cucumber.runtime.Timeout.timeout(Timeout.java:16)
	at cucumber.runtime.Utils.invoke(Utils.java:20)
	at cucumber.runtime.java.JavaStepDefinition.execute(JavaStepDefinition.java:49)
	at cucumber.runner.PickleStepDefinitionMatch.runStep(PickleStepDefinitionMatch.java:50)
	at cucumber.runner.TestStep.executeStep(TestStep.java:63)
	at cucumber.runner.TestStep.run(TestStep.java:49)
	at cucumber.runner.PickleStepTestStep.run(PickleStepTestStep.java:43)
	at cucumber.runner.TestCase.run(TestCase.java:44)
	at cucumber.runner.Runner.runPickle(Runner.java:40)
	at cucumber.runtime.Runtime$1.run(Runtime.java:84)
	at cucumber.runtime.Runtime$SameThreadExecutorService.execute(Runtime.java:220)
	at cucumber.runtime.Runtime.run(Runtime.java:81)
	at cucumber.api.cli.Main.run(Main.java:26)
	at cucumber.api.cli.Main$run.call(Unknown Source)
	at com.kms.katalon.core.cucumber.keyword.CucumberBuiltinKeywords$_runFeatureFile_closure1.doCall(CucumberBuiltinKeywords.groovy:106)
	at com.kms.katalon.core.cucumber.keyword.CucumberBuiltinKeywords$_runFeatureFile_closure1.doCall(CucumberBuiltinKeywords.groovy)
	at com.kms.katalon.core.keyword.internal.KeywordMain.runKeyword(KeywordMain.groovy:68)
	at com.kms.katalon.core.keyword.internal.KeywordMain$runKeyword.call(Unknown Source)
	at com.kms.katalon.core.cucumber.keyword.CucumberBuiltinKeywords.runFeatureFile(CucumberBuiltinKeywords.groovy:73)
	at com.kms.katalon.core.cucumber.keyword.CucumberBuiltinKeywords$runFeatureFile$0.callStatic(Unknown Source)
	at com.kms.katalon.core.cucumber.keyword.CucumberBuiltinKeywords.runFeatureFile(CucumberBuiltinKeywords.groovy:246)
	at com.kms.katalon.core.cucumber.keyword.CucumberBuiltinKeywords$runFeatureFile.call(Unknown Source)
	at Departman Ata-Geri Al.run(Departman Ata-Geri Al:18)
	at com.kms.katalon.core.main.ScriptEngine.run(ScriptEngine.java:194)
	at com.kms.katalon.core.main.ScriptEngine.runScriptAsRawText(ScriptEngine.java:119)
	at com.kms.katalon.core.main.TestCaseExecutor.runScript(TestCaseExecutor.java:369)
	at com.kms.katalon.core.main.TestCaseExecutor.doExecute(TestCaseExecutor.java:360)
	at com.kms.katalon.core.main.TestCaseExecutor.processExecutionPhase(TestCaseExecutor.java:339)
	at com.kms.katalon.core.main.TestCaseExecutor.accessMainPhase(TestCaseExecutor.java:331)
	at com.kms.katalon.core.main.TestCaseExecutor.execute(TestCaseExecutor.java:248)
	at com.kms.katalon.core.main.TestSuiteExecutor.accessTestCaseMainPhase(TestSuiteExecutor.java:191)
	at com.kms.katalon.core.main.TestSuiteExecutor.accessTestSuiteMainPhase(TestSuiteExecutor.java:140)
	at com.kms.katalon.core.main.TestSuiteExecutor.execute(TestSuiteExecutor.java:89)
	at com.kms.katalon.core.main.TestCaseMain.startTestSuite(TestCaseMain.java:181)
	at com.kms.katalon.core.main.TestCaseMain$startTestSuite$0.call(Unknown Source)
	at TempTestSuite1634814311783.run(TempTestSuite1634814311783.groovy:39)
Caused by: org.openqa.selenium.NoSuchWindowException: no such window: window was already closed
  (Session info: chrome=95.0.4638.54)
Build info: version: '3.141.59', revision: 'e82be7d358', time: '2018-11-14T08:25:53'
System info: host: 'DESKTOP-QBVMTUG', ip: '192.168.1.20', os.name: 'Windows 10', os.arch: 'amd64', os.version: '10.0', java.version: '1.8.0_282'
Driver info: com.kms.katalon.selenium.driver.CChromeDriver
Capabilities {acceptInsecureCerts: false, browserName: chrome, browserVersion: 95.0.4638.54, chrome: {chromedriverVersion: 94.0.4606.61 (418b78f5838ed..., userDataDir: C:\Users\DELL\AppData\Local...}, goog:chromeOptions: {debuggerAddress: localhost:58285}, javascriptEnabled: true, networkConnectionEnabled: false, pageLoadStrategy: normal, platform: WINDOWS, platformName: WINDOWS, proxy: Proxy(), setWindowRect: true, strictFileInteractability: false, timeouts: {implicit: 0, pageLoad: 300000, script: 30000}, unhandledPromptBehavior: dismiss and notify, webauthn:extension:credBlob: true, webauthn:extension:largeBlob: true, webauthn:virtualAuthenticators: true}
Session ID: bdf4c16d1f6a259ecc2d6fb24c783354
	at org.openqa.selenium.remote.http.W3CHttpResponseCodec.createException(W3CHttpResponseCodec.java:187)
	at org.openqa.selenium.remote.http.W3CHttpResponseCodec.decode(W3CHttpResponseCodec.java:122)
	at org.openqa.selenium.remote.http.W3CHttpResponseCodec.decode(W3CHttpResponseCodec.java:49)
	at org.openqa.selenium.remote.HttpCommandExecutor.execute(HttpCommandExecutor.java:158)
	at org.openqa.selenium.remote.service.DriverCommandExecutor.execute(DriverCommandExecutor.java:83)
	at org.openqa.selenium.remote.RemoteWebDriver.execute(RemoteWebDriver.java:552)
	at com.kms.katalon.selenium.driver.CChromeDriver.execute(CChromeDriver.java:19)
	at org.openqa.selenium.remote.RemoteWebDriver.execute(RemoteWebDriver.java:609)
	at org.openqa.selenium.remote.RemoteWebDriver.getWindowHandle(RemoteWebDriver.java:472)
	at org.openqa.selenium.support.events.EventFiringWebDriver.lambda$new$1(EventFiringWebDriver.java:105)
	at com.sun.proxy.$Proxy12.getWindowHandle(Unknown Source)
	at org.openqa.selenium.support.events.EventFiringWebDriver.getWindowHandle(EventFiringWebDriver.java:221)
	at com.kms.katalon.core.webui.driver.DriverFactory.getCurrentWindowIndex(DriverFactory.java:1072)
	at com.kms.katalon.core.webui.keyword.builtin.GetWindowIndexKeyword$_getWindowIndex_closure1.doCall(GetWindowIndexKeyword.groovy:73)
	at com.kms.katalon.core.webui.keyword.builtin.GetWindowIndexKeyword$_getWindowIndex_closure1.call(GetWindowIndexKeyword.groovy)
	at com.kms.katalon.core.webui.keyword.internal.WebUIKeywordMain.runKeywordAndReturnInt(WebUIKeywordMain.groovy:50)
	at com.kms.katalon.core.webui.keyword.builtin.GetWindowIndexKeyword.getWindowIndex(GetWindowIndexKeyword.groovy:71)
	at com.kms.katalon.core.webui.keyword.builtin.GetWindowIndexKeyword.execute(GetWindowIndexKeyword.groovy:66)
	at com.kms.katalon.core.keyword.internal.KeywordExecutor.executeKeywordForPlatform(KeywordExecutor.groovy:73)
	at com.kms.katalon.core.webui.keyword.WebUiBuiltInKeywords.getWindowIndex(WebUiBuiltInKeywords.groovy:262)
	at com.kms.katalon.core.webui.keyword.WebUiBuiltInKeywords$getWindowIndex$13.call(Unknown Source)
	at Script1586261051750.run(Script1586261051750.groovy:18)
	at com.kms.katalon.core.main.ScriptEngine.run(ScriptEngine.java:194)
	at com.kms.katalon.core.main.ScriptEngine.runScriptAsRawText(ScriptEngine.java:119)
	at com.kms.katalon.core.main.TestCaseExecutor.runScript(TestCaseExecutor.java:369)
	at com.kms.katalon.core.main.TestCaseExecutor.doExecute(TestCaseExecutor.java:360)
	at com.kms.katalon.core.main.TestCaseExecutor.processExecutionPhase(TestCaseExecutor.java:339)
	at com.kms.katalon.core.main.TestCaseExecutor.accessMainPhase(TestCaseExecutor.java:331)
	at com.kms.katalon.core.main.TestCaseExecutor.execute(TestCaseExecutor.java:248)
	at com.kms.katalon.core.main.TestCaseMain.runTestCase(TestCaseMain.java:138)
	at com.kms.katalon.core.keyword.builtin.CallTestCaseKeyword$_callTestCase_closure1.doCall(CallTestCaseKeyword.groovy:59)
	at com.kms.katalon.core.keyword.builtin.CallTestCaseKeyword$_callTestCase_closure1.call(CallTestCaseKeyword.groovy)
	at com.kms.katalon.core.keyword.internal.KeywordMain.runKeyword(KeywordMain.groovy:68)
	at com.kms.katalon.core.keyword.builtin.CallTestCaseKeyword.callTestCase(CallTestCaseKeyword.groovy:81)
	at com.kms.katalon.core.keyword.builtin.CallTestCaseKeyword.execute(CallTestCaseKeyword.groovy:44)
	at com.kms.katalon.core.keyword.internal.KeywordExecutor.executeKeywordForPlatform(KeywordExecutor.groovy:73)
	at com.kms.katalon.core.keyword.BuiltinKeywords.callTestCase(BuiltinKeywords.groovy:334)
	at sekmeler.sekmeler.anaSekmeyeGecilir(sekmeler.groovy:55)
	at cucumber.runtime.Utils$1.call(Utils.java:26)
	at cucumber.runtime.Timeout.timeout(Timeout.java:16)
	at cucumber.runtime.Utils.invoke(Utils.java:20)
	at cucumber.runtime.java.JavaStepDefinition.execute(JavaStepDefinition.java:49)
	at cucumber.runner.PickleStepDefinitionMatch.runStep(PickleStepDefinitionMatch.java:50)
	at cucumber.runner.TestStep.executeStep(TestStep.java:63)
	at cucumber.runner.TestStep.run(TestStep.java:49)
	at cucumber.runner.PickleStepTestStep.run(PickleStepTestStep.java:43)
	at cucumber.runner.TestCase.run(TestCase.java:44)
	at cucumber.runner.Runner.runPickle(Runner.java:40)
	at cucumber.runtime.Runtime$1.run(Runtime.java:84)
	at cucumber.runtime.Runtime$SameThreadExecutorService.execute(Runtime.java:220)
	at cucumber.runtime.Runtime.run(Runtime.java:81)
	at cucumber.api.cli.Main.run(Main.java:26)
	at cucumber.api.cli.Main$run.call(Unknown Source)
	at com.kms.katalon.core.cucumber.keyword.CucumberBuiltinKeywords$_runFeatureFile_closure1.doCall(CucumberBuiltinKeywords.groovy:106)
	at com.kms.katalon.core.cucumber.keyword.CucumberBuiltinKeywords$_runFeatureFile_closure1.doCall(CucumberBuiltinKeywords.groovy)
	at com.kms.katalon.core.keyword.internal.KeywordMain.runKeyword(KeywordMain.groovy:68)
	at com.kms.katalon.core.keyword.internal.KeywordMain$runKeyword.call(Unknown Source)
	at com.kms.katalon.core.cucumber.keyword.CucumberBuiltinKeywords.runFeatureFile(CucumberBuiltinKeywords.groovy:73)
	at com.kms.katalon.core.cucumber.keyword.CucumberBuiltinKeywords$runFeatureFile$0.callStatic(Unknown Source)
	at com.kms.katalon.core.cucumber.keyword.CucumberBuiltinKeywords.runFeatureFile(CucumberBuiltinKeywords.groovy:246)
	at com.kms.katalon.core.cucumber.keyword.CucumberBuiltinKeywords$runFeatureFile.call(Unknown Source)
	at Script1602067995109.run(Script1602067995109.groovy:18)
	... 13 more
)

2021-10-21 14:07:16 - [TEST_STEP][PASSED] - catch (Exception e): null

2021-10-21 14:07:16 - [TEST_STEP][PASSED] - switchToWindowIndex(0): Switched to window with index: '0'

2021-10-21 14:07:16 - [MESSAGE][INFO] - Checking index

2021-10-21 14:07:16 - [MESSAGE][INFO] - Switching window with index: '0'

2021-10-21 14:07:16 - [MESSAGE][PASSED] - Switched to window with index: '0'

2021-10-21 14:07:16 - [MESSAGE][PASSED] - Call Test Case 'Test Cases/Sekmeler/Ana_Sekmeye_Gec' successfully

2021-10-21 14:07:16 - [MESSAGE][INFO] - Checking called Test Case

2021-10-21 14:07:16 - [MESSAGE][INFO] - Starting to call Test Case 'Test Cases/Kullanici_Islemleri/KullaniciIslemlerindenSecimYapilir'

2021-10-21 14:07:16 - [TEST_CASE][PASSED] - Test Cases/Kullanici_Islemleri/KullaniciIslemlerindenSecimYapilir: Test Cases/Kullanici_Islemleri/KullaniciIslemlerindenSecimYapilir

2021-10-21 14:07:16 - [TEST_STEP][PASSED] - waitForElementClickable(findTestObject("Object Repository/Kullanici_Islemleri/KullaniciIslemleri"), 10): Object 'Object Repository/Kullanici_Islemleri/KullaniciIslemleri' is clickable

2021-10-21 14:07:16 - [MESSAGE][INFO] - Finding Test Object 'Object Repository/Kullanici_Islemleri/KullaniciIslemleri'

2021-10-21 14:07:16 - [MESSAGE][INFO] - Checking object

2021-10-21 14:07:16 - [MESSAGE][INFO] - Checking timeout

2021-10-21 14:07:16 - [MESSAGE][INFO] - Finding web element from Test Object's properties

2021-10-21 14:07:16 - [MESSAGE][INFO] - Checking timeout

2021-10-21 14:07:16 - [MESSAGE][INFO] - Finding web element with id: 'Object Repository/Kullanici_Islemleri/KullaniciIslemleri' located by 'By.cssSelector: .dropdown>a>img' in '10' second(s)

2021-10-21 14:07:16 - [MESSAGE][INFO] - Smart Wait Function is triggered

2021-10-21 14:07:17 - [MESSAGE][INFO] - Found 1 web elements with id: 'Object Repository/Kullanici_Islemleri/KullaniciIslemleri' located by 'By.cssSelector: .dropdown>a>img' in '10' second(s)

2021-10-21 14:07:17 - [MESSAGE][PASSED] - Object 'Object Repository/Kullanici_Islemleri/KullaniciIslemleri' is clickable

2021-10-21 14:07:17 - [TEST_STEP][PASSED] - click(findTestObject("Object Repository/Kullanici_Islemleri/KullaniciIslemleri")): Object: 'Object Repository/Kullanici_Islemleri/KullaniciIslemleri' is clicked on

2021-10-21 14:07:17 - [MESSAGE][INFO] - Finding Test Object 'Object Repository/Kullanici_Islemleri/KullaniciIslemleri'

2021-10-21 14:07:17 - [MESSAGE][INFO] - Checking object

2021-10-21 14:07:17 - [MESSAGE][INFO] - Finding web element from Test Object's properties

2021-10-21 14:07:17 - [MESSAGE][INFO] - Checking timeout

2021-10-21 14:07:17 - [MESSAGE][INFO] - Finding web element with id: 'Object Repository/Kullanici_Islemleri/KullaniciIslemleri' located by 'By.cssSelector: .dropdown>a>img' in '30' second(s)

2021-10-21 14:07:17 - [MESSAGE][INFO] - Smart Wait Function is triggered

2021-10-21 14:07:17 - [MESSAGE][INFO] - Found 1 web elements with id: 'Object Repository/Kullanici_Islemleri/KullaniciIslemleri' located by 'By.cssSelector: .dropdown>a>img' in '30' second(s)

2021-10-21 14:07:17 - [MESSAGE][INFO] - Clicking on object: 'Object Repository/Kullanici_Islemleri/KullaniciIslemleri'

2021-10-21 14:07:17 - [MESSAGE][PASSED] - Object: 'Object Repository/Kullanici_Islemleri/KullaniciIslemleri' is clicked on

2021-10-21 14:07:17 - [TEST_STEP][PASSED] - Method.TextDegerineEsitElementeTikla(findTestObject("Object Repository/Kullanici_Islemleri/Secenekler"), Islem): Method.TextDegerineEsitElementeTikla is PASSED

2021-10-21 14:07:17 - [MESSAGE][INFO] - Finding Test Object 'Object Repository/Kullanici_Islemleri/Secenekler'

2021-10-21 14:07:17 - [MESSAGE][INFO] - Checking timeout

2021-10-21 14:07:17 - [MESSAGE][INFO] - Finding web element with id: 'Object Repository/Kullanici_Islemleri/Secenekler' located by 'By.cssSelector: .nav.navbar-nav.navbar-right li a' in '10' second(s)

2021-10-21 14:07:17 - [MESSAGE][INFO] - Smart Wait Function is triggered

2021-10-21 14:07:17 - [MESSAGE][INFO] - Found 22 web elements with id: 'Object Repository/Kullanici_Islemleri/Secenekler' located by 'By.cssSelector: .nav.navbar-nav.navbar-right li a' in '10' second(s)

2021-10-21 14:07:19 - [MESSAGE][PASSED] - Method.TextDegerineEsitElementeTikla is PASSED

2021-10-21 14:07:19 - [TEST_STEP][PASSED] - verifyElementNotPresent(findTestObject("Object Repository/Kullanici_Islemleri/Secenekler"), 10): Web element with id: 'Object Repository/Kullanici_Islemleri/Secenekler' located by 'By.cssSelector: .nav.navbar-nav.navbar-right li a' is not present after '10' second(s)

2021-10-21 14:07:19 - [MESSAGE][INFO] - Finding Test Object 'Object Repository/Kullanici_Islemleri/Secenekler'

2021-10-21 14:07:19 - [MESSAGE][INFO] - Checking object

2021-10-21 14:07:19 - [MESSAGE][INFO] - Checking timeout

2021-10-21 14:07:19 - [MESSAGE][INFO] - Finding web element with id: 'Object Repository/Kullanici_Islemleri/Secenekler' located by 'By.cssSelector: .nav.navbar-nav.navbar-right li a' in '10' second(s)

2021-10-21 14:07:19 - [MESSAGE][INFO] - Smart Wait Function is triggered

2021-10-21 14:07:20 - [MESSAGE][PASSED] - Web element with id: 'Object Repository/Kullanici_Islemleri/Secenekler' located by 'By.cssSelector: .nav.navbar-nav.navbar-right li a' is not present after '10' second(s)

2021-10-21 14:07:20 - [MESSAGE][PASSED] - Call Test Case 'Test Cases/Kullanici_Islemleri/KullaniciIslemlerindenSecimYapilir' successfully

2021-10-21 14:07:20 - [TEST_CASE][PASSED] - Start Test Case : SCENARIO e-Mustahsil Makbuzu Departman Ata: SCENARIO e-Mustahsil Makbuzu Departman Ata

2021-10-21 14:07:20 - [TEST_STEP][PASSED] - Kullanıcı adı ELOGO6 ve Şifre 123456 olarak giriş yapılır: Kullanıcı adı ELOGO6 ve Şifre 123456 olarak giriş yapılır

2021-10-21 14:07:20 - [MESSAGE][PASSED] - Kullanıcı adı ELOGO6 ve Şifre 123456 olarak giriş yapılır

2021-10-21 14:07:20 - [TEST_STEP][PASSED] - Ana menüden e-Makbuz seçilir: Ana menüden e-Makbuz seçilir

2021-10-21 14:07:20 - [MESSAGE][PASSED] - Ana menüden e-Makbuz seçilir

2021-10-21 14:07:20 - [TEST_STEP][PASSED] - Alt menü e-Müstahsil Uygulaması başlığı altındaki e-Müstahsil Makbuzları seçilir: Alt menü e-Müstahsil Uygulaması başlığı altındaki e-Müstahsil Makbuzları seçilir

2021-10-21 14:07:20 - [MESSAGE][PASSED] - Alt menü e-Müstahsil Uygulaması başlığı altındaki e-Müstahsil Makbuzları seçilir

2021-10-21 14:07:20 - [TEST_STEP][PASSED] - Filtrelerden Oluşturma Tarihi filtresine 01.12.2020 baslangic degerini yaz: Filtrelerden Oluşturma Tarihi filtresine 01.12.2020 baslangic degerini yaz

2021-10-21 14:07:20 - [MESSAGE][PASSED] - Filtrelerden Oluşturma Tarihi filtresine 01.12.2020 baslangic degerini yaz

2021-10-21 14:07:20 - [TEST_STEP][PASSED] - Filtrelerden Oluşturma Tarihi filtresine 31.12.2020 bitis degerini yaz: Filtrelerden Oluşturma Tarihi filtresine 31.12.2020 bitis degerini yaz

2021-10-21 14:07:20 - [MESSAGE][PASSED] - Filtrelerden Oluşturma Tarihi filtresine 31.12.2020 bitis degerini yaz

2021-10-21 14:07:20 - [TEST_STEP][PASSED] - Filtre butonlarından Listele seçilir: Filtre butonlarından Listele seçilir

2021-10-21 14:07:20 - [MESSAGE][PASSED] - Filtre butonlarından Listele seçilir

2021-10-21 14:07:20 - [TEST_STEP][PASSED] - Tabloda veri var mı kontrol edilir: Tabloda veri var mı kontrol edilir

2021-10-21 14:07:20 - [MESSAGE][PASSED] - Tabloda veri var mı kontrol edilir

2021-10-21 14:07:20 - [TEST_STEP][PASSED] - Tablodan ELOGO5 isimli veri seçilir: Tablodan ELOGO5 isimli veri seçilir

2021-10-21 14:07:20 - [MESSAGE][PASSED] - Tablodan ELOGO5 isimli veri seçilir

2021-10-21 14:07:20 - [TEST_STEP][PASSED] - Butonlardan Departman Ata isimli butona tıklanır: Butonlardan Departman Ata isimli butona tıklanır

2021-10-21 14:07:20 - [MESSAGE][PASSED] - Butonlardan Departman Ata isimli butona tıklanır

2021-10-21 14:07:20 - [TEST_STEP][PASSED] - Yeni açılan sekmeye geçilir: Yeni açılan sekmeye geçilir

2021-10-21 14:07:20 - [MESSAGE][PASSED] - Yeni açılan sekmeye geçilir

2021-10-21 14:07:20 - [TEST_STEP][PASSED] - otomasyon isimli departman checkboxı seçilir: otomasyon isimli departman checkboxı seçilir

2021-10-21 14:07:20 - [MESSAGE][PASSED] - otomasyon isimli departman checkboxı seçilir

2021-10-21 14:07:20 - [TEST_STEP][PASSED] - Departman kaydedilir: Departman kaydedilir

2021-10-21 14:07:20 - [MESSAGE][PASSED] - Departman kaydedilir

2021-10-21 14:07:20 - [TEST_STEP][PASSED] - Popup mesajı Seçilen belgeler ilgili departmanlara aktarılmıştır içeriyor mu: Popup mesajı Seçilen belgeler ilgili departmanlara aktarılmıştır içeriyor mu

2021-10-21 14:07:20 - [MESSAGE][PASSED] - Popup mesajı Seçilen belgeler ilgili departmanlara aktarılmıştır içeriyor mu

2021-10-21 14:07:20 - [TEST_STEP][PASSED] - Yönetim popupında Tamam seçilir: Yönetim popupında Tamam seçilir

2021-10-21 14:07:20 - [MESSAGE][PASSED] - Yönetim popupında Tamam seçilir

2021-10-21 14:07:20 - [TEST_STEP][PASSED] - Ana sekmeye geçilir: Ana sekmeye geçilir

2021-10-21 14:07:20 - [MESSAGE][PASSED] - Ana sekmeye geçilir

2021-10-21 14:07:20 - [TEST_STEP][PASSED] - Butonlardan Departman Geri Al isimli butona tıklanır: Butonlardan Departman Geri Al isimli butona tıklanır

2021-10-21 14:07:20 - [MESSAGE][PASSED] - Butonlardan Departman Geri Al isimli butona tıklanır

2021-10-21 14:07:20 - [TEST_STEP][PASSED] - Yeni açılan sekmeye geçilir: Yeni açılan sekmeye geçilir

2021-10-21 14:07:20 - [MESSAGE][PASSED] - Yeni açılan sekmeye geçilir

2021-10-21 14:07:20 - [TEST_STEP][PASSED] - otomasyon isimli departman checkboxı seçilir: otomasyon isimli departman checkboxı seçilir

2021-10-21 14:07:20 - [MESSAGE][PASSED] - otomasyon isimli departman checkboxı seçilir

2021-10-21 14:07:20 - [TEST_STEP][PASSED] - Departman kaydedilir: Departman kaydedilir

2021-10-21 14:07:20 - [MESSAGE][PASSED] - Departman kaydedilir

2021-10-21 14:07:20 - [TEST_STEP][PASSED] - Popup mesajı Seçilen belgelerin ilgili departmanlardaki yetkisi kaldırılmıştır içeriyor mu: Popup mesajı Seçilen belgelerin ilgili departmanlardaki yetkisi kaldırılmıştır içeriyor mu

2021-10-21 14:07:20 - [MESSAGE][PASSED] - Popup mesajı Seçilen belgelerin ilgili departmanlardaki yetkisi kaldırılmıştır içeriyor mu

2021-10-21 14:07:20 - [TEST_STEP][PASSED] - Yönetim popupında Tamam seçilir: Yönetim popupında Tamam seçilir

2021-10-21 14:07:20 - [MESSAGE][PASSED] - Yönetim popupında Tamam seçilir

2021-10-21 14:07:20 - [TEST_STEP][PASSED] - Ana sekmeye geçilir: Ana sekmeye geçilir

2021-10-21 14:07:20 - [MESSAGE][PASSED] - Ana sekmeye geçilir

2021-10-21 14:07:20 - [TEST_STEP][PASSED] - Kullanıcı işlemlerinden Çıkış seçilir: Kullanıcı işlemlerinden Çıkış seçilir

2021-10-21 14:07:20 - [MESSAGE][PASSED] - Kullanıcı işlemlerinden Çıkış seçilir

2021-10-21 14:07:20 - [MESSAGE][PASSED] - Feature file: 'Include/features/e-Makbuz/e-Mustahsil Uygulamasi/e-Mustahsil Makbuzlari/Departman Ata-Geri Al.feature' was passed

2021-10-21 14:07:20 - [TEST_STEP][PASSED] - Start listener action : sampleAfterTestSuite: Invoke 'com.kms.katalon.core.annotation.AfterTestCase' method: 'Listener.sampleAfterTestSuite(...)' completed.

2021-10-21 14:07:20 - [MESSAGE][INFO] - Starting invoke 'com.kms.katalon.core.annotation.AfterTestCase' method: 'Listener.sampleAfterTestSuite(...)'

2021-10-21 14:07:20 - [TEST_STEP][PASSED] - closeBrowser(): Invoke 'com.kms.katalon.core.annotation.AfterTestCase' method: 'Listener.sampleAfterTestSuite(...)' completed.

2021-10-21 14:07:20 - [MESSAGE][INFO] - Closing browser

2021-10-21 14:07:20 - [MESSAGE][PASSED] - Browser is closed

2021-10-21 14:07:20 - [MESSAGE][INFO] - Invoke 'com.kms.katalon.core.annotation.AfterTestCase' method: 'Listener.sampleAfterTestSuite(...)' completed.]]></system-out>
         <system-err><![CDATA[]]></system-err>
      </testcase>
      <testcase name="Test Cases/Case Repository/e-Makbuz/e-Mustahsil Uygulamasi/e-Mustahsil Makbuzlari/Ekran Kontrolu" time="76.392" classname="Test Cases/Case Repository/e-Makbuz/e-Mustahsil Uygulamasi/e-Mustahsil Makbuzlari/Ekran Kontrolu" status="PASSED">
         <system-out><![CDATA[2021-10-21 14:07:20 - [TEST_CASE][PASSED] - Test Cases/Case Repository/e-Makbuz/e-Mustahsil Uygulamasi/e-Mustahsil Makbuzlari/Ekran Kontrolu: Test Cases/Case Repository/e-Makbuz/e-Mustahsil Uygulamasi/e-Mustahsil Makbuzlari/Ekran Kontrolu

2021-10-21 14:07:20 - [TEST_STEP][PASSED] - Start listener action : sampleBeforeTestSuite: Invoke 'com.kms.katalon.core.annotation.BeforeTestCase' method: 'Listener.sampleBeforeTestSuite(...)' completed.

2021-10-21 14:07:20 - [MESSAGE][INFO] - Starting invoke 'com.kms.katalon.core.annotation.BeforeTestCase' method: 'Listener.sampleBeforeTestSuite(...)'

2021-10-21 14:07:20 - [TEST_STEP][PASSED] - openBrowser(baseUrl): Browser is opened with url: 'https://efatura-stage.elogo.com.tr/'

2021-10-21 14:07:20 - [MESSAGE][INFO] - Opening browser

2021-10-21 14:07:20 - [MESSAGE][INFO] - Starting 'Chrome' driver

2021-10-21 14:07:20 - [MESSAGE][INFO] - User set preference: ['prefs', '{download.default_directory=C:\otomasyondownfiles}']

2021-10-21 14:07:20 - [MESSAGE][INFO] - Action delay is set to 0 milliseconds

2021-10-21 14:07:22 - [MESSAGE][INFO] - Navigating browser to: 'https://efatura-stage.elogo.com.tr/'

2021-10-21 14:07:29 - [MESSAGE][PASSED] - Browser is opened with url: 'https://efatura-stage.elogo.com.tr/'

2021-10-21 14:07:29 - [TEST_STEP][PASSED] - maximizeWindow(): Invoke 'com.kms.katalon.core.annotation.BeforeTestCase' method: 'Listener.sampleBeforeTestSuite(...)' completed.

2021-10-21 14:07:29 - [MESSAGE][INFO] - Maximizing current window

2021-10-21 14:07:29 - [MESSAGE][PASSED] - Current window maximized

2021-10-21 14:07:29 - [MESSAGE][INFO] - Invoke 'com.kms.katalon.core.annotation.BeforeTestCase' method: 'Listener.sampleBeforeTestSuite(...)' completed.

2021-10-21 14:07:29 - [TEST_STEP][PASSED] - runFeatureFile("Include/features/e-Makbuz/e-Mustahsil Uygulamasi/e-Mustahsil Makbuzlari/Ekran Kontrolu.feature"): Feature file: 'Include/features/e-Makbuz/e-Mustahsil Uygulamasi/e-Mustahsil Makbuzlari/Ekran Kontrolu.feature' was passed

2021-10-21 14:07:29 - [MESSAGE][INFO] - Starting run keyword runFeatureFile: 'Include/features/e-Makbuz/e-Mustahsil Uygulamasi/e-Mustahsil Makbuzlari/Ekran Kontrolu.feature' and extract report to folder: 'C:\Users\DELL\Downloads\EES_Katalon-main\Reports\20211021_140437\Suite Repository\e-Makbuz\20211021_140511/cucumber_report/1634814449987'...

2021-10-21 14:07:29 - [MESSAGE][INFO] - Glue: []

2021-10-21 14:07:30 - [MESSAGE][INFO] - Checking called Test Case

2021-10-21 14:07:30 - [MESSAGE][INFO] - Starting to call Test Case 'Test Cases/Sayfalar/Giris_Sayfasi/Login'

2021-10-21 14:07:30 - [TEST_CASE][PASSED] - Test Cases/Sayfalar/Giris_Sayfasi/Login: Test Cases/Sayfalar/Giris_Sayfasi/Login

2021-10-21 14:07:30 - [TEST_STEP][PASSED] - Sayfa_Basligi = getWindowTitle(): Current window's title is: 'LOGO e-Fatura'

2021-10-21 14:07:30 - [MESSAGE][INFO] - Getting current window's title

2021-10-21 14:07:30 - [MESSAGE][PASSED] - Current window's title is: 'LOGO e-Fatura'

2021-10-21 14:07:30 - [TEST_STEP][PASSED] - verifyMatch(Sayfa_Basligi, "LOGO e-Fatura", false): Actual text 'LOGO e-Fatura' and expected text 'LOGO e-Fatura' are matched 

2021-10-21 14:07:30 - [MESSAGE][INFO] - Matching actual text 'LOGO e-Fatura' with expected text 'LOGO e-Fatura'

2021-10-21 14:07:30 - [MESSAGE][PASSED] - Actual text 'LOGO e-Fatura' and expected text 'LOGO e-Fatura' are matched 

2021-10-21 14:07:31 - [TEST_STEP][PASSED] - sendKeys(findTestObject("Sayfalar/Giris_Sayfasi/Firma_Kodu"), KullaniciAdi): Keys 'ELOGO6' sent to object: 'Object Repository/Sayfalar/Giris_Sayfasi/Firma_Kodu'

2021-10-21 14:07:31 - [MESSAGE][INFO] - Finding Test Object 'Object Repository/Sayfalar/Giris_Sayfasi/Firma_Kodu'

2021-10-21 14:07:31 - [MESSAGE][INFO] - Sending keys 'ELOGO6' to object: 'Object Repository/Sayfalar/Giris_Sayfasi/Firma_Kodu'

2021-10-21 14:07:31 - [MESSAGE][INFO] - Finding web element from Test Object's properties

2021-10-21 14:07:31 - [MESSAGE][INFO] - Checking timeout

2021-10-21 14:07:31 - [MESSAGE][INFO] - Finding web element with id: 'Object Repository/Sayfalar/Giris_Sayfasi/Firma_Kodu' located by 'By.xpath: //*[@id = 'AccountName']' in '30' second(s)

2021-10-21 14:07:31 - [MESSAGE][INFO] - Smart Wait Function is triggered

2021-10-21 14:07:31 - [MESSAGE][INFO] - Found 1 web elements with id: 'Object Repository/Sayfalar/Giris_Sayfasi/Firma_Kodu' located by 'By.xpath: //*[@id = 'AccountName']' in '30' second(s)

2021-10-21 14:07:31 - [MESSAGE][PASSED] - Keys 'ELOGO6' sent to object: 'Object Repository/Sayfalar/Giris_Sayfasi/Firma_Kodu'

2021-10-21 14:07:31 - [TEST_STEP][PASSED] - sendKeys(findTestObject("Sayfalar/Giris_Sayfasi/Sifre"), Sifre): Keys '123456' sent to object: 'Object Repository/Sayfalar/Giris_Sayfasi/Sifre'

2021-10-21 14:07:31 - [MESSAGE][INFO] - Finding Test Object 'Object Repository/Sayfalar/Giris_Sayfasi/Sifre'

2021-10-21 14:07:31 - [MESSAGE][INFO] - Sending keys '123456' to object: 'Object Repository/Sayfalar/Giris_Sayfasi/Sifre'

2021-10-21 14:07:31 - [MESSAGE][INFO] - Finding web element from Test Object's properties

2021-10-21 14:07:31 - [MESSAGE][INFO] - Checking timeout

2021-10-21 14:07:31 - [MESSAGE][INFO] - Finding web element with id: 'Object Repository/Sayfalar/Giris_Sayfasi/Sifre' located by 'By.xpath: //*[@id = 'Password']' in '30' second(s)

2021-10-21 14:07:31 - [MESSAGE][INFO] - Smart Wait Function is triggered

2021-10-21 14:07:31 - [MESSAGE][INFO] - Found 1 web elements with id: 'Object Repository/Sayfalar/Giris_Sayfasi/Sifre' located by 'By.xpath: //*[@id = 'Password']' in '30' second(s)

2021-10-21 14:07:31 - [MESSAGE][PASSED] - Keys '123456' sent to object: 'Object Repository/Sayfalar/Giris_Sayfasi/Sifre'

2021-10-21 14:07:31 - [TEST_STEP][PASSED] - findWebElement(findTestObject("Sayfalar/Giris_Sayfasi/Giris_Butonu")).click(): Found 1 web elements with id: 'Object Repository/Sayfalar/Giris_Sayfasi/Giris_Butonu' located by 'By.cssSelector: #btnLogin' in '30' second(s)

2021-10-21 14:07:31 - [MESSAGE][INFO] - Finding Test Object 'Object Repository/Sayfalar/Giris_Sayfasi/Giris_Butonu'

2021-10-21 14:07:32 - [MESSAGE][INFO] - Finding web element from Test Object's properties

2021-10-21 14:07:32 - [MESSAGE][INFO] - Checking timeout

2021-10-21 14:07:32 - [MESSAGE][INFO] - Finding web element with id: 'Object Repository/Sayfalar/Giris_Sayfasi/Giris_Butonu' located by 'By.cssSelector: #btnLogin' in '30' second(s)

2021-10-21 14:07:32 - [MESSAGE][INFO] - Smart Wait Function is triggered

2021-10-21 14:07:32 - [MESSAGE][INFO] - Found 1 web elements with id: 'Object Repository/Sayfalar/Giris_Sayfasi/Giris_Butonu' located by 'By.cssSelector: #btnLogin' in '30' second(s)

2021-10-21 14:07:35 - [TEST_STEP][PASSED] - if (verifyElementPresent(findTestObject("Object Repository/Sayfalar/Giris_Sayfasi/RetveTamam_Butonu"), 5, OPTIONAL)): null

2021-10-21 14:07:35 - [MESSAGE][INFO] - Finding Test Object 'Object Repository/Sayfalar/Giris_Sayfasi/RetveTamam_Butonu'

2021-10-21 14:07:35 - [MESSAGE][INFO] - Checking object

2021-10-21 14:07:35 - [MESSAGE][INFO] - Finding web element from Test Object's properties

2021-10-21 14:07:35 - [MESSAGE][INFO] - Checking timeout

2021-10-21 14:07:35 - [MESSAGE][INFO] - Finding web element with id: 'Object Repository/Sayfalar/Giris_Sayfasi/RetveTamam_Butonu' located by 'By.xpath: //*[@class = 'btn btn-default']' in '5' second(s)

2021-10-21 14:07:35 - [MESSAGE][INFO] - Smart Wait Function is triggered

2021-10-21 14:07:35 - [MESSAGE][INFO] - Found 1 web elements with id: 'Object Repository/Sayfalar/Giris_Sayfasi/RetveTamam_Butonu' located by 'By.xpath: //*[@class = 'btn btn-default']' in '5' second(s)

2021-10-21 14:07:35 - [MESSAGE][PASSED] - Object 'Object Repository/Sayfalar/Giris_Sayfasi/RetveTamam_Butonu' is present

2021-10-21 14:07:35 - [TEST_STEP][PASSED] - click(findTestObject("Object Repository/Sayfalar/Giris_Sayfasi/RetveTamam_Butonu")): Object: 'Object Repository/Sayfalar/Giris_Sayfasi/RetveTamam_Butonu' is clicked on

2021-10-21 14:07:35 - [MESSAGE][INFO] - Finding Test Object 'Object Repository/Sayfalar/Giris_Sayfasi/RetveTamam_Butonu'

2021-10-21 14:07:35 - [MESSAGE][INFO] - Checking object

2021-10-21 14:07:35 - [MESSAGE][INFO] - Finding web element from Test Object's properties

2021-10-21 14:07:35 - [MESSAGE][INFO] - Checking timeout

2021-10-21 14:07:35 - [MESSAGE][INFO] - Finding web element with id: 'Object Repository/Sayfalar/Giris_Sayfasi/RetveTamam_Butonu' located by 'By.xpath: //*[@class = 'btn btn-default']' in '30' second(s)

2021-10-21 14:07:35 - [MESSAGE][INFO] - Smart Wait Function is triggered

2021-10-21 14:07:35 - [MESSAGE][INFO] - Found 1 web elements with id: 'Object Repository/Sayfalar/Giris_Sayfasi/RetveTamam_Butonu' located by 'By.xpath: //*[@class = 'btn btn-default']' in '30' second(s)

2021-10-21 14:07:35 - [MESSAGE][INFO] - Clicking on object: 'Object Repository/Sayfalar/Giris_Sayfasi/RetveTamam_Butonu'

2021-10-21 14:07:35 - [MESSAGE][PASSED] - Object: 'Object Repository/Sayfalar/Giris_Sayfasi/RetveTamam_Butonu' is clicked on

2021-10-21 14:07:35 - [TEST_STEP][PASSED] - click(findTestObject("Object Repository/Sayfalar/Giris_Sayfasi/RetveTamam_Butonu")): Object: 'Object Repository/Sayfalar/Giris_Sayfasi/RetveTamam_Butonu' is clicked on

2021-10-21 14:07:35 - [MESSAGE][INFO] - Finding Test Object 'Object Repository/Sayfalar/Giris_Sayfasi/RetveTamam_Butonu'

2021-10-21 14:07:35 - [MESSAGE][INFO] - Checking object

2021-10-21 14:07:35 - [MESSAGE][INFO] - Finding web element from Test Object's properties

2021-10-21 14:07:35 - [MESSAGE][INFO] - Checking timeout

2021-10-21 14:07:35 - [MESSAGE][INFO] - Finding web element with id: 'Object Repository/Sayfalar/Giris_Sayfasi/RetveTamam_Butonu' located by 'By.xpath: //*[@class = 'btn btn-default']' in '30' second(s)

2021-10-21 14:07:35 - [MESSAGE][INFO] - Smart Wait Function is triggered

2021-10-21 14:07:37 - [MESSAGE][INFO] - Found 1 web elements with id: 'Object Repository/Sayfalar/Giris_Sayfasi/RetveTamam_Butonu' located by 'By.xpath: //*[@class = 'btn btn-default']' in '30' second(s)

2021-10-21 14:07:37 - [MESSAGE][INFO] - Clicking on object: 'Object Repository/Sayfalar/Giris_Sayfasi/RetveTamam_Butonu'

2021-10-21 14:07:37 - [MESSAGE][PASSED] - Object: 'Object Repository/Sayfalar/Giris_Sayfasi/RetveTamam_Butonu' is clicked on

2021-10-21 14:07:37 - [TEST_STEP][PASSED] - if (verifyElementPresent(findTestObject("Sayfalar/Giris_Sayfasi/PopupOK"), 5, OPTIONAL)): null

2021-10-21 14:07:37 - [MESSAGE][INFO] - Finding Test Object 'Object Repository/Sayfalar/Giris_Sayfasi/PopupOK'

2021-10-21 14:07:38 - [MESSAGE][INFO] - Checking object

2021-10-21 14:07:38 - [MESSAGE][INFO] - Finding web element from Test Object's properties

2021-10-21 14:07:38 - [MESSAGE][INFO] - Checking timeout

2021-10-21 14:07:38 - [MESSAGE][INFO] - Finding web element with id: 'Object Repository/Sayfalar/Giris_Sayfasi/PopupOK' located by 'By.cssSelector: .btn.btn-success' in '5' second(s)

2021-10-21 14:07:38 - [MESSAGE][INFO] - Smart Wait Function is triggered

2021-10-21 14:07:38 - [MESSAGE][INFO] - Found 1 web elements with id: 'Object Repository/Sayfalar/Giris_Sayfasi/PopupOK' located by 'By.cssSelector: .btn.btn-success' in '5' second(s)

2021-10-21 14:07:38 - [MESSAGE][PASSED] - Object 'Object Repository/Sayfalar/Giris_Sayfasi/PopupOK' is present

2021-10-21 14:07:38 - [TEST_STEP][PASSED] - click(findTestObject("Object Repository/Sayfalar/Giris_Sayfasi/PopupCarpiGiris")): Object: 'Object Repository/Sayfalar/Giris_Sayfasi/PopupCarpiGiris' is clicked on

2021-10-21 14:07:38 - [MESSAGE][INFO] - Finding Test Object 'Object Repository/Sayfalar/Giris_Sayfasi/PopupCarpiGiris'

2021-10-21 14:07:38 - [MESSAGE][INFO] - Checking object

2021-10-21 14:07:38 - [MESSAGE][INFO] - Finding web element from Test Object's properties

2021-10-21 14:07:38 - [MESSAGE][INFO] - Checking timeout

2021-10-21 14:07:38 - [MESSAGE][INFO] - Finding web element with id: 'Object Repository/Sayfalar/Giris_Sayfasi/PopupCarpiGiris' located by 'By.cssSelector: .bootbox-close-button.close' in '30' second(s)

2021-10-21 14:07:38 - [MESSAGE][INFO] - Smart Wait Function is triggered

2021-10-21 14:07:39 - [MESSAGE][INFO] - Found 1 web elements with id: 'Object Repository/Sayfalar/Giris_Sayfasi/PopupCarpiGiris' located by 'By.cssSelector: .bootbox-close-button.close' in '30' second(s)

2021-10-21 14:07:39 - [MESSAGE][INFO] - Clicking on object: 'Object Repository/Sayfalar/Giris_Sayfasi/PopupCarpiGiris'

2021-10-21 14:07:39 - [MESSAGE][PASSED] - Object: 'Object Repository/Sayfalar/Giris_Sayfasi/PopupCarpiGiris' is clicked on

2021-10-21 14:07:39 - [TEST_STEP][PASSED] - verifyElementVisible(findTestObject("Object Repository/Kullanici_Islemleri/KullaniciIslemleri")): Object 'Object Repository/Kullanici_Islemleri/KullaniciIslemleri' is visible

2021-10-21 14:07:39 - [MESSAGE][INFO] - Finding Test Object 'Object Repository/Kullanici_Islemleri/KullaniciIslemleri'

2021-10-21 14:07:39 - [MESSAGE][INFO] - Checking object

2021-10-21 14:07:39 - [MESSAGE][INFO] - Finding web element from Test Object's properties

2021-10-21 14:07:39 - [MESSAGE][INFO] - Checking timeout

2021-10-21 14:07:39 - [MESSAGE][INFO] - Finding web element with id: 'Object Repository/Kullanici_Islemleri/KullaniciIslemleri' located by 'By.cssSelector: .dropdown>a>img' in '30' second(s)

2021-10-21 14:07:39 - [MESSAGE][INFO] - Smart Wait Function is triggered

2021-10-21 14:07:39 - [MESSAGE][INFO] - Found 1 web elements with id: 'Object Repository/Kullanici_Islemleri/KullaniciIslemleri' located by 'By.cssSelector: .dropdown>a>img' in '30' second(s)

2021-10-21 14:07:40 - [MESSAGE][PASSED] - Object 'Object Repository/Kullanici_Islemleri/KullaniciIslemleri' is visible

2021-10-21 14:07:40 - [MESSAGE][PASSED] - Call Test Case 'Test Cases/Sayfalar/Giris_Sayfasi/Login' successfully

2021-10-21 14:07:40 - [MESSAGE][INFO] - Checking called Test Case

2021-10-21 14:07:40 - [MESSAGE][INFO] - Starting to call Test Case 'Test Cases/Menu/AnaMenuSecimi'

2021-10-21 14:07:40 - [TEST_CASE][PASSED] - Test Cases/Menu/AnaMenuSecimi: Test Cases/Menu/AnaMenuSecimi

2021-10-21 14:07:40 - [TEST_STEP][PASSED] - Method.TextDegerineEsitElementeTikla(findTestObject("Menu/Ana_Menu"), Ana_Menu): Method.TextDegerineEsitElementeTikla is PASSED

2021-10-21 14:07:40 - [MESSAGE][INFO] - Finding Test Object 'Object Repository/Menu/Ana_Menu'

2021-10-21 14:07:40 - [MESSAGE][INFO] - Checking timeout

2021-10-21 14:07:40 - [MESSAGE][INFO] - Finding web element with id: 'Object Repository/Menu/Ana_Menu' located by 'By.xpath: //*[@class = 'dropdown-toggle']' in '10' second(s)

2021-10-21 14:07:40 - [MESSAGE][INFO] - Smart Wait Function is triggered

2021-10-21 14:07:40 - [MESSAGE][INFO] - Found 14 web elements with id: 'Object Repository/Menu/Ana_Menu' located by 'By.xpath: //*[@class = 'dropdown-toggle']' in '10' second(s)

2021-10-21 14:07:40 - [MESSAGE][PASSED] - Method.TextDegerineEsitElementeTikla is PASSED

2021-10-21 14:07:40 - [MESSAGE][PASSED] - Call Test Case 'Test Cases/Menu/AnaMenuSecimi' successfully

2021-10-21 14:07:40 - [MESSAGE][INFO] - Checking called Test Case

2021-10-21 14:07:40 - [MESSAGE][INFO] - Starting to call Test Case 'Test Cases/Menu/BasligaGoreAltMenuSecimi'

2021-10-21 14:07:40 - [TEST_CASE][PASSED] - Test Cases/Menu/BasligaGoreAltMenuSecimi: Test Cases/Menu/BasligaGoreAltMenuSecimi

2021-10-21 14:07:40 - [TEST_STEP][PASSED] - Method.TextDegerineEsitElementinAltindakiTextDegerineEsitOlanaTikla(findTestObject("Menu/Menu_Basligi"), findTestObject("Menu/Basliga_Gore_Alt_Menu"), Baslik, Alt_Menu): Method.TextDegerineEsitElementinAltindakiTextDegerineEsitOlanaTikla is PASSED

2021-10-21 14:07:40 - [MESSAGE][INFO] - Finding Test Object 'Object Repository/Menu/Menu_Basligi'

2021-10-21 14:07:40 - [MESSAGE][INFO] - Finding Test Object 'Object Repository/Menu/Basliga_Gore_Alt_Menu'

2021-10-21 14:07:40 - [MESSAGE][INFO] - Checking timeout

2021-10-21 14:07:40 - [MESSAGE][INFO] - Finding web element with id: 'Object Repository/Menu/Menu_Basligi' located by 'By.xpath: //li[@class='dropdown dropdown-large open']//li[@class='dropdown-header']' in '10' second(s)

2021-10-21 14:07:40 - [MESSAGE][INFO] - Smart Wait Function is triggered

2021-10-21 14:07:41 - [MESSAGE][INFO] - Found 2 web elements with id: 'Object Repository/Menu/Menu_Basligi' located by 'By.xpath: //li[@class='dropdown dropdown-large open']//li[@class='dropdown-header']' in '10' second(s)

2021-10-21 14:07:41 - [MESSAGE][INFO] - Smart Wait Function is triggered

2021-10-21 14:07:47 - [MESSAGE][PASSED] - Method.TextDegerineEsitElementinAltindakiTextDegerineEsitOlanaTikla is PASSED

2021-10-21 14:07:47 - [MESSAGE][PASSED] - Call Test Case 'Test Cases/Menu/BasligaGoreAltMenuSecimi' successfully

2021-10-21 14:07:47 - [MESSAGE][INFO] - Checking called Test Case

2021-10-21 14:07:47 - [MESSAGE][INFO] - Starting to call Test Case 'Test Cases/Filtreler/BaslangicYaz'

2021-10-21 14:07:47 - [TEST_CASE][PASSED] - Test Cases/Filtreler/BaslangicYaz: Test Cases/Filtreler/BaslangicYaz

2021-10-21 14:07:47 - [TEST_STEP][PASSED] - Method.TextDegerineEsitElementinAltindakineTikla(findTestObject("Filtreler/Basliklar"), findTestObject("Filtreler/Basliga_Gore_Baslangic_Image"), Filtre_Adi): Method.TextDegerineEsitElementinAltindakineTikla is PASSED

2021-10-21 14:07:47 - [MESSAGE][INFO] - Finding Test Object 'Object Repository/Filtreler/Basliklar'

2021-10-21 14:07:47 - [MESSAGE][INFO] - Finding Test Object 'Object Repository/Filtreler/Basliga_Gore_Baslangic_Image'

2021-10-21 14:07:47 - [MESSAGE][INFO] - Checking timeout

2021-10-21 14:07:47 - [MESSAGE][INFO] - Finding web element with id: 'Object Repository/Filtreler/Basliklar' located by 'By.cssSelector: .control-label.col-sm-4.paddingMarginRLC' in '10' second(s)

2021-10-21 14:07:47 - [MESSAGE][INFO] - Smart Wait Function is triggered

2021-10-21 14:07:47 - [MESSAGE][INFO] - Found 14 web elements with id: 'Object Repository/Filtreler/Basliklar' located by 'By.cssSelector: .control-label.col-sm-4.paddingMarginRLC' in '10' second(s)

2021-10-21 14:07:47 - [MESSAGE][INFO] - Smart Wait Function is triggered

2021-10-21 14:07:48 - [MESSAGE][PASSED] - Method.TextDegerineEsitElementinAltindakineTikla is PASSED

2021-10-21 14:07:48 - [TEST_STEP][PASSED] - Method.TextDegerineEsitElementinAltindakiTextboxtaYaz(findTestObject("Filtreler/Basliklar"), findTestObject("Filtreler/Basliga_Gore_Baslangic"), Filtre_Adi, Filtre_Degeri): Method.TextDegerineEsitElementinAltindakiTextboxtaYaz is PASSED

2021-10-21 14:07:48 - [MESSAGE][INFO] - Finding Test Object 'Object Repository/Filtreler/Basliklar'

2021-10-21 14:07:48 - [MESSAGE][INFO] - Finding Test Object 'Object Repository/Filtreler/Basliga_Gore_Baslangic'

2021-10-21 14:07:48 - [MESSAGE][INFO] - Checking timeout

2021-10-21 14:07:48 - [MESSAGE][INFO] - Finding web element with id: 'Object Repository/Filtreler/Basliklar' located by 'By.cssSelector: .control-label.col-sm-4.paddingMarginRLC' in '10' second(s)

2021-10-21 14:07:48 - [MESSAGE][INFO] - Smart Wait Function is triggered

2021-10-21 14:07:48 - [MESSAGE][INFO] - Found 14 web elements with id: 'Object Repository/Filtreler/Basliklar' located by 'By.cssSelector: .control-label.col-sm-4.paddingMarginRLC' in '10' second(s)

2021-10-21 14:07:48 - [MESSAGE][INFO] - Smart Wait Function is triggered

2021-10-21 14:07:48 - [MESSAGE][PASSED] - Method.TextDegerineEsitElementinAltindakiTextboxtaYaz is PASSED

2021-10-21 14:07:48 - [MESSAGE][PASSED] - Call Test Case 'Test Cases/Filtreler/BaslangicYaz' successfully

2021-10-21 14:07:48 - [MESSAGE][INFO] - Checking called Test Case

2021-10-21 14:07:48 - [MESSAGE][INFO] - Starting to call Test Case 'Test Cases/Filtreler/BitisYaz'

2021-10-21 14:07:49 - [TEST_CASE][PASSED] - Test Cases/Filtreler/BitisYaz: Test Cases/Filtreler/BitisYaz

2021-10-21 14:07:49 - [TEST_STEP][PASSED] - Method.TextDegerineEsitElementinAltindakineTikla(findTestObject("Filtreler/Basliklar"), findTestObject("Filtreler/Basliga_Gore_Bitis_Image"), Filtre_Adi): Method.TextDegerineEsitElementinAltindakineTikla is PASSED

2021-10-21 14:07:49 - [MESSAGE][INFO] - Finding Test Object 'Object Repository/Filtreler/Basliklar'

2021-10-21 14:07:49 - [MESSAGE][INFO] - Finding Test Object 'Object Repository/Filtreler/Basliga_Gore_Bitis_Image'

2021-10-21 14:07:49 - [MESSAGE][INFO] - Checking timeout

2021-10-21 14:07:49 - [MESSAGE][INFO] - Finding web element with id: 'Object Repository/Filtreler/Basliklar' located by 'By.cssSelector: .control-label.col-sm-4.paddingMarginRLC' in '10' second(s)

2021-10-21 14:07:49 - [MESSAGE][INFO] - Smart Wait Function is triggered

2021-10-21 14:07:49 - [MESSAGE][INFO] - Found 14 web elements with id: 'Object Repository/Filtreler/Basliklar' located by 'By.cssSelector: .control-label.col-sm-4.paddingMarginRLC' in '10' second(s)

2021-10-21 14:07:49 - [MESSAGE][INFO] - Smart Wait Function is triggered

2021-10-21 14:07:49 - [MESSAGE][PASSED] - Method.TextDegerineEsitElementinAltindakineTikla is PASSED

2021-10-21 14:07:49 - [TEST_STEP][PASSED] - Method.TextDegerineEsitElementinAltindakiTextboxtaYaz(findTestObject("Filtreler/Basliklar"), findTestObject("Object Repository/Filtreler/Basliga_Gore_Bitis"), Filtre_Adi, Filtre_Degeri): Method.TextDegerineEsitElementinAltindakiTextboxtaYaz is PASSED

2021-10-21 14:07:49 - [MESSAGE][INFO] - Finding Test Object 'Object Repository/Filtreler/Basliklar'

2021-10-21 14:07:49 - [MESSAGE][INFO] - Finding Test Object 'Object Repository/Filtreler/Basliga_Gore_Bitis'

2021-10-21 14:07:49 - [MESSAGE][INFO] - Checking timeout

2021-10-21 14:07:49 - [MESSAGE][INFO] - Finding web element with id: 'Object Repository/Filtreler/Basliklar' located by 'By.cssSelector: .control-label.col-sm-4.paddingMarginRLC' in '10' second(s)

2021-10-21 14:07:49 - [MESSAGE][INFO] - Smart Wait Function is triggered

2021-10-21 14:07:50 - [MESSAGE][INFO] - Found 14 web elements with id: 'Object Repository/Filtreler/Basliklar' located by 'By.cssSelector: .control-label.col-sm-4.paddingMarginRLC' in '10' second(s)

2021-10-21 14:07:50 - [MESSAGE][INFO] - Smart Wait Function is triggered

2021-10-21 14:07:50 - [MESSAGE][PASSED] - Method.TextDegerineEsitElementinAltindakiTextboxtaYaz is PASSED

2021-10-21 14:07:50 - [MESSAGE][PASSED] - Call Test Case 'Test Cases/Filtreler/BitisYaz' successfully

2021-10-21 14:07:50 - [MESSAGE][INFO] - Checking called Test Case

2021-10-21 14:07:50 - [MESSAGE][INFO] - Starting to call Test Case 'Test Cases/Filtreler/ButonaTikla'

2021-10-21 14:07:50 - [TEST_CASE][PASSED] - Test Cases/Filtreler/ButonaTikla: Test Cases/Filtreler/ButonaTikla

2021-10-21 14:07:50 - [TEST_STEP][PASSED] - Method.TextDegerineEsitElementeTikla(findTestObject("Filtreler/Butonlar"), Filtre_Buton): Method.TextDegerineEsitElementeTikla is PASSED

2021-10-21 14:07:50 - [MESSAGE][INFO] - Finding Test Object 'Object Repository/Filtreler/Butonlar'

2021-10-21 14:07:50 - [MESSAGE][INFO] - Checking timeout

2021-10-21 14:07:50 - [MESSAGE][INFO] - Finding web element with id: 'Object Repository/Filtreler/Butonlar' located by 'By.cssSelector: .dxb>span' in '10' second(s)

2021-10-21 14:07:50 - [MESSAGE][INFO] - Smart Wait Function is triggered

2021-10-21 14:07:51 - [MESSAGE][INFO] - Found 3 web elements with id: 'Object Repository/Filtreler/Butonlar' located by 'By.cssSelector: .dxb>span' in '10' second(s)

2021-10-21 14:07:51 - [MESSAGE][PASSED] - Method.TextDegerineEsitElementeTikla is PASSED

2021-10-21 14:07:51 - [MESSAGE][PASSED] - Call Test Case 'Test Cases/Filtreler/ButonaTikla' successfully

2021-10-21 14:07:51 - [MESSAGE][INFO] - Checking called Test Case

2021-10-21 14:07:51 - [MESSAGE][INFO] - Starting to call Test Case 'Test Cases/Tablo/TablodakiVeriDetayi'

2021-10-21 14:07:51 - [TEST_CASE][PASSED] - Test Cases/Tablo/TablodakiVeriDetayi: Test Cases/Tablo/TablodakiVeriDetayi

2021-10-21 14:07:51 - [TEST_STEP][PASSED] - Method.TextDegerineEsitElementinAltindakineTikla(findTestObject("Tablo/Veriler"), findTestObject("Object Repository/Tablo/VerininArtiButonu"), Veri_Adi): Method.TextDegerineEsitElementinAltindakineTikla is PASSED

2021-10-21 14:07:51 - [MESSAGE][INFO] - Finding Test Object 'Object Repository/Tablo/Veriler'

2021-10-21 14:07:51 - [MESSAGE][INFO] - Finding Test Object 'Object Repository/Tablo/VerininArtiButonu'

2021-10-21 14:07:52 - [MESSAGE][INFO] - Checking timeout

2021-10-21 14:07:52 - [MESSAGE][INFO] - Finding web element with id: 'Object Repository/Tablo/Veriler' located by 'By.cssSelector: td.dxgv b ,td.dxgv' in '10' second(s)

2021-10-21 14:07:52 - [MESSAGE][INFO] - Smart Wait Function is triggered

2021-10-21 14:07:52 - [MESSAGE][INFO] - Found 26 web elements with id: 'Object Repository/Tablo/Veriler' located by 'By.cssSelector: td.dxgv b ,td.dxgv' in '10' second(s)

2021-10-21 14:07:52 - [MESSAGE][INFO] - Smart Wait Function is triggered

2021-10-21 14:07:52 - [MESSAGE][PASSED] - Method.TextDegerineEsitElementinAltindakineTikla is PASSED

2021-10-21 14:07:52 - [MESSAGE][PASSED] - Call Test Case 'Test Cases/Tablo/TablodakiVeriDetayi' successfully

2021-10-21 14:07:52 - [MESSAGE][INFO] - Checking called Test Case

2021-10-21 14:07:52 - [MESSAGE][INFO] - Starting to call Test Case 'Test Cases/Tablo/TablodakiVeriDetayi'

2021-10-21 14:07:52 - [TEST_CASE][PASSED] - Test Cases/Tablo/TablodakiVeriDetayi: Test Cases/Tablo/TablodakiVeriDetayi

2021-10-21 14:07:52 - [TEST_STEP][PASSED] - Method.TextDegerineEsitElementinAltindakineTikla(findTestObject("Tablo/Veriler"), findTestObject("Object Repository/Tablo/VerininArtiButonu"), Veri_Adi): Method.TextDegerineEsitElementinAltindakineTikla is PASSED

2021-10-21 14:07:52 - [MESSAGE][INFO] - Finding Test Object 'Object Repository/Tablo/Veriler'

2021-10-21 14:07:52 - [MESSAGE][INFO] - Finding Test Object 'Object Repository/Tablo/VerininArtiButonu'

2021-10-21 14:07:52 - [MESSAGE][INFO] - Checking timeout

2021-10-21 14:07:52 - [MESSAGE][INFO] - Finding web element with id: 'Object Repository/Tablo/Veriler' located by 'By.cssSelector: td.dxgv b ,td.dxgv' in '10' second(s)

2021-10-21 14:07:52 - [MESSAGE][INFO] - Smart Wait Function is triggered

2021-10-21 14:07:53 - [MESSAGE][INFO] - Found 28 web elements with id: 'Object Repository/Tablo/Veriler' located by 'By.cssSelector: td.dxgv b ,td.dxgv' in '10' second(s)

2021-10-21 14:07:53 - [MESSAGE][INFO] - Smart Wait Function is triggered

2021-10-21 14:07:53 - [MESSAGE][PASSED] - Method.TextDegerineEsitElementinAltindakineTikla is PASSED

2021-10-21 14:07:53 - [MESSAGE][PASSED] - Call Test Case 'Test Cases/Tablo/TablodakiVeriDetayi' successfully

2021-10-21 14:07:53 - [MESSAGE][INFO] - Checking called Test Case

2021-10-21 14:07:53 - [MESSAGE][INFO] - Starting to call Test Case 'Test Cases/Filtreler/ListelenenOgeSayisi'

2021-10-21 14:07:53 - [TEST_CASE][PASSED] - Test Cases/Filtreler/ListelenenOgeSayisi: Test Cases/Filtreler/ListelenenOgeSayisi

2021-10-21 14:07:54 - [TEST_STEP][PASSED] - waitForElementPresent(findTestObject("Filtreler/OgeSayisi"), 10): Object 'Object Repository/Filtreler/OgeSayisi' is present

2021-10-21 14:07:54 - [MESSAGE][INFO] - Finding Test Object 'Object Repository/Filtreler/OgeSayisi'

2021-10-21 14:07:54 - [MESSAGE][INFO] - Checking object

2021-10-21 14:07:54 - [MESSAGE][INFO] - Finding web element from Test Object's properties

2021-10-21 14:07:54 - [MESSAGE][INFO] - Checking timeout

2021-10-21 14:07:54 - [MESSAGE][INFO] - Finding web element with id: 'Object Repository/Filtreler/OgeSayisi' located by 'By.cssSelector: .dxp-lead.dxp-summary' in '10' second(s)

2021-10-21 14:07:54 - [MESSAGE][INFO] - Smart Wait Function is triggered

2021-10-21 14:07:54 - [MESSAGE][INFO] - Found 1 web elements with id: 'Object Repository/Filtreler/OgeSayisi' located by 'By.cssSelector: .dxp-lead.dxp-summary' in '10' second(s)

2021-10-21 14:07:54 - [MESSAGE][PASSED] - Object 'Object Repository/Filtreler/OgeSayisi' is present

2021-10-21 14:07:54 - [TEST_STEP][PASSED] - verifyElementText(findTestObject("Filtreler/OgeSayisi"), OgeSayisi): Actual text and expected text of test object 'Object Repository/Filtreler/OgeSayisi' are matched.

2021-10-21 14:07:54 - [MESSAGE][INFO] - Finding Test Object 'Object Repository/Filtreler/OgeSayisi'

2021-10-21 14:07:55 - [MESSAGE][INFO] - Checking object

2021-10-21 14:07:55 - [MESSAGE][INFO] - Finding web element from Test Object's properties

2021-10-21 14:07:55 - [MESSAGE][INFO] - Checking timeout

2021-10-21 14:07:55 - [MESSAGE][INFO] - Finding web element with id: 'Object Repository/Filtreler/OgeSayisi' located by 'By.cssSelector: .dxp-lead.dxp-summary' in '30' second(s)

2021-10-21 14:07:55 - [MESSAGE][INFO] - Smart Wait Function is triggered

2021-10-21 14:07:55 - [MESSAGE][INFO] - Found 1 web elements with id: 'Object Repository/Filtreler/OgeSayisi' located by 'By.cssSelector: .dxp-lead.dxp-summary' in '30' second(s)

2021-10-21 14:07:55 - [MESSAGE][PASSED] - Actual text and expected text of test object 'Object Repository/Filtreler/OgeSayisi' are matched.

2021-10-21 14:07:55 - [MESSAGE][PASSED] - Call Test Case 'Test Cases/Filtreler/ListelenenOgeSayisi' successfully

2021-10-21 14:07:55 - [MESSAGE][INFO] - Checking called Test Case

2021-10-21 14:07:55 - [MESSAGE][INFO] - Starting to call Test Case 'Test Cases/Sayfalar/AnaSayfa/AnaSayfayaDonulur'

2021-10-21 14:07:55 - [TEST_CASE][PASSED] - Test Cases/Sayfalar/AnaSayfa/AnaSayfayaDonulur: Test Cases/Sayfalar/AnaSayfa/AnaSayfayaDonulur

2021-10-21 14:07:55 - [TEST_STEP][PASSED] - click(findTestObject("Sayfalar/AnaSayfa/AnaSayfa")): Object: 'Object Repository/Sayfalar/AnaSayfa/AnaSayfa' is clicked on

2021-10-21 14:07:55 - [MESSAGE][INFO] - Finding Test Object 'Object Repository/Sayfalar/AnaSayfa/AnaSayfa'

2021-10-21 14:07:55 - [MESSAGE][INFO] - Checking object

2021-10-21 14:07:55 - [MESSAGE][INFO] - Finding web element from Test Object's properties

2021-10-21 14:07:55 - [MESSAGE][INFO] - Checking timeout

2021-10-21 14:07:55 - [MESSAGE][INFO] - Finding web element with id: 'Object Repository/Sayfalar/AnaSayfa/AnaSayfa' located by 'By.cssSelector: div.navbar-header > a > img' in '30' second(s)

2021-10-21 14:07:55 - [MESSAGE][INFO] - Smart Wait Function is triggered

2021-10-21 14:07:56 - [MESSAGE][INFO] - Found 1 web elements with id: 'Object Repository/Sayfalar/AnaSayfa/AnaSayfa' located by 'By.cssSelector: div.navbar-header > a > img' in '30' second(s)

2021-10-21 14:07:56 - [MESSAGE][INFO] - Clicking on object: 'Object Repository/Sayfalar/AnaSayfa/AnaSayfa'

2021-10-21 14:07:57 - [MESSAGE][PASSED] - Object: 'Object Repository/Sayfalar/AnaSayfa/AnaSayfa' is clicked on

2021-10-21 14:07:57 - [TEST_STEP][PASSED] - if (verifyElementPresent(findTestObject("Sayfalar/Giris_Sayfasi/PopupOK"), 5, OPTIONAL)): null

2021-10-21 14:07:57 - [MESSAGE][INFO] - Finding Test Object 'Object Repository/Sayfalar/Giris_Sayfasi/PopupOK'

2021-10-21 14:07:57 - [MESSAGE][INFO] - Checking object

2021-10-21 14:07:57 - [MESSAGE][INFO] - Finding web element from Test Object's properties

2021-10-21 14:07:57 - [MESSAGE][INFO] - Checking timeout

2021-10-21 14:07:57 - [MESSAGE][INFO] - Finding web element with id: 'Object Repository/Sayfalar/Giris_Sayfasi/PopupOK' located by 'By.cssSelector: .btn.btn-success' in '5' second(s)

2021-10-21 14:07:57 - [MESSAGE][INFO] - Smart Wait Function is triggered

2021-10-21 14:07:58 - [MESSAGE][INFO] - Found 1 web elements with id: 'Object Repository/Sayfalar/Giris_Sayfasi/PopupOK' located by 'By.cssSelector: .btn.btn-success' in '5' second(s)

2021-10-21 14:07:58 - [MESSAGE][PASSED] - Object 'Object Repository/Sayfalar/Giris_Sayfasi/PopupOK' is present

2021-10-21 14:07:58 - [TEST_STEP][PASSED] - click(findTestObject("Sayfalar/Giris_Sayfasi/PopupOK")): Object: 'Object Repository/Sayfalar/Giris_Sayfasi/PopupOK' is clicked on

2021-10-21 14:07:58 - [MESSAGE][INFO] - Finding Test Object 'Object Repository/Sayfalar/Giris_Sayfasi/PopupOK'

2021-10-21 14:07:58 - [MESSAGE][INFO] - Checking object

2021-10-21 14:07:58 - [MESSAGE][INFO] - Finding web element from Test Object's properties

2021-10-21 14:07:58 - [MESSAGE][INFO] - Checking timeout

2021-10-21 14:07:58 - [MESSAGE][INFO] - Finding web element with id: 'Object Repository/Sayfalar/Giris_Sayfasi/PopupOK' located by 'By.cssSelector: .btn.btn-success' in '30' second(s)

2021-10-21 14:07:58 - [MESSAGE][INFO] - Smart Wait Function is triggered

2021-10-21 14:07:58 - [MESSAGE][INFO] - Found 1 web elements with id: 'Object Repository/Sayfalar/Giris_Sayfasi/PopupOK' located by 'By.cssSelector: .btn.btn-success' in '30' second(s)

2021-10-21 14:07:58 - [MESSAGE][INFO] - Clicking on object: 'Object Repository/Sayfalar/Giris_Sayfasi/PopupOK'

2021-10-21 14:07:58 - [MESSAGE][PASSED] - Object: 'Object Repository/Sayfalar/Giris_Sayfasi/PopupOK' is clicked on

2021-10-21 14:07:58 - [TEST_STEP][PASSED] - verifyElementVisible(findTestObject("Object Repository/Kullanici_Islemleri/KullaniciIslemleri")): Object 'Object Repository/Kullanici_Islemleri/KullaniciIslemleri' is visible

2021-10-21 14:07:58 - [MESSAGE][INFO] - Finding Test Object 'Object Repository/Kullanici_Islemleri/KullaniciIslemleri'

2021-10-21 14:07:58 - [MESSAGE][INFO] - Checking object

2021-10-21 14:07:58 - [MESSAGE][INFO] - Finding web element from Test Object's properties

2021-10-21 14:07:58 - [MESSAGE][INFO] - Checking timeout

2021-10-21 14:07:58 - [MESSAGE][INFO] - Finding web element with id: 'Object Repository/Kullanici_Islemleri/KullaniciIslemleri' located by 'By.cssSelector: .dropdown>a>img' in '30' second(s)

2021-10-21 14:07:58 - [MESSAGE][INFO] - Smart Wait Function is triggered

2021-10-21 14:07:59 - [MESSAGE][INFO] - Found 1 web elements with id: 'Object Repository/Kullanici_Islemleri/KullaniciIslemleri' located by 'By.cssSelector: .dropdown>a>img' in '30' second(s)

2021-10-21 14:07:59 - [MESSAGE][PASSED] - Object 'Object Repository/Kullanici_Islemleri/KullaniciIslemleri' is visible

2021-10-21 14:07:59 - [MESSAGE][PASSED] - Call Test Case 'Test Cases/Sayfalar/AnaSayfa/AnaSayfayaDonulur' successfully

2021-10-21 14:07:59 - [MESSAGE][INFO] - Checking called Test Case

2021-10-21 14:07:59 - [MESSAGE][INFO] - Starting to call Test Case 'Test Cases/Menu/AnaMenuSecimi'

2021-10-21 14:07:59 - [TEST_CASE][PASSED] - Test Cases/Menu/AnaMenuSecimi: Test Cases/Menu/AnaMenuSecimi

2021-10-21 14:07:59 - [TEST_STEP][PASSED] - Method.TextDegerineEsitElementeTikla(findTestObject("Menu/Ana_Menu"), Ana_Menu): Method.TextDegerineEsitElementeTikla is PASSED

2021-10-21 14:07:59 - [MESSAGE][INFO] - Finding Test Object 'Object Repository/Menu/Ana_Menu'

2021-10-21 14:07:59 - [MESSAGE][INFO] - Checking timeout

2021-10-21 14:07:59 - [MESSAGE][INFO] - Finding web element with id: 'Object Repository/Menu/Ana_Menu' located by 'By.xpath: //*[@class = 'dropdown-toggle']' in '10' second(s)

2021-10-21 14:07:59 - [MESSAGE][INFO] - Smart Wait Function is triggered

2021-10-21 14:07:59 - [MESSAGE][INFO] - Found 14 web elements with id: 'Object Repository/Menu/Ana_Menu' located by 'By.xpath: //*[@class = 'dropdown-toggle']' in '10' second(s)

2021-10-21 14:07:59 - [MESSAGE][PASSED] - Method.TextDegerineEsitElementeTikla is PASSED

2021-10-21 14:07:59 - [MESSAGE][PASSED] - Call Test Case 'Test Cases/Menu/AnaMenuSecimi' successfully

2021-10-21 14:07:59 - [MESSAGE][INFO] - Checking called Test Case

2021-10-21 14:07:59 - [MESSAGE][INFO] - Starting to call Test Case 'Test Cases/Menu/BasligaGoreAltMenuSecimi'

2021-10-21 14:07:59 - [TEST_CASE][PASSED] - Test Cases/Menu/BasligaGoreAltMenuSecimi: Test Cases/Menu/BasligaGoreAltMenuSecimi

2021-10-21 14:07:59 - [TEST_STEP][PASSED] - Method.TextDegerineEsitElementinAltindakiTextDegerineEsitOlanaTikla(findTestObject("Menu/Menu_Basligi"), findTestObject("Menu/Basliga_Gore_Alt_Menu"), Baslik, Alt_Menu): Method.TextDegerineEsitElementinAltindakiTextDegerineEsitOlanaTikla is PASSED

2021-10-21 14:07:59 - [MESSAGE][INFO] - Finding Test Object 'Object Repository/Menu/Menu_Basligi'

2021-10-21 14:07:59 - [MESSAGE][INFO] - Finding Test Object 'Object Repository/Menu/Basliga_Gore_Alt_Menu'

2021-10-21 14:08:00 - [MESSAGE][INFO] - Checking timeout

2021-10-21 14:08:00 - [MESSAGE][INFO] - Finding web element with id: 'Object Repository/Menu/Menu_Basligi' located by 'By.xpath: //li[@class='dropdown dropdown-large open']//li[@class='dropdown-header']' in '10' second(s)

2021-10-21 14:08:00 - [MESSAGE][INFO] - Smart Wait Function is triggered

2021-10-21 14:08:00 - [MESSAGE][INFO] - Found 2 web elements with id: 'Object Repository/Menu/Menu_Basligi' located by 'By.xpath: //li[@class='dropdown dropdown-large open']//li[@class='dropdown-header']' in '10' second(s)

2021-10-21 14:08:00 - [MESSAGE][INFO] - Smart Wait Function is triggered

2021-10-21 14:08:01 - [MESSAGE][PASSED] - Method.TextDegerineEsitElementinAltindakiTextDegerineEsitOlanaTikla is PASSED

2021-10-21 14:08:01 - [MESSAGE][PASSED] - Call Test Case 'Test Cases/Menu/BasligaGoreAltMenuSecimi' successfully

2021-10-21 14:08:01 - [MESSAGE][INFO] - Checking called Test Case

2021-10-21 14:08:01 - [MESSAGE][INFO] - Starting to call Test Case 'Test Cases/Filtreler/BaslangicYaz'

2021-10-21 14:08:01 - [TEST_CASE][PASSED] - Test Cases/Filtreler/BaslangicYaz: Test Cases/Filtreler/BaslangicYaz

2021-10-21 14:08:01 - [TEST_STEP][PASSED] - Method.TextDegerineEsitElementinAltindakineTikla(findTestObject("Filtreler/Basliklar"), findTestObject("Filtreler/Basliga_Gore_Baslangic_Image"), Filtre_Adi): Method.TextDegerineEsitElementinAltindakineTikla is PASSED

2021-10-21 14:08:01 - [MESSAGE][INFO] - Finding Test Object 'Object Repository/Filtreler/Basliklar'

2021-10-21 14:08:01 - [MESSAGE][INFO] - Finding Test Object 'Object Repository/Filtreler/Basliga_Gore_Baslangic_Image'

2021-10-21 14:08:02 - [MESSAGE][INFO] - Checking timeout

2021-10-21 14:08:02 - [MESSAGE][INFO] - Finding web element with id: 'Object Repository/Filtreler/Basliklar' located by 'By.cssSelector: .control-label.col-sm-4.paddingMarginRLC' in '10' second(s)

2021-10-21 14:08:02 - [MESSAGE][INFO] - Smart Wait Function is triggered

2021-10-21 14:08:02 - [MESSAGE][INFO] - Found 14 web elements with id: 'Object Repository/Filtreler/Basliklar' located by 'By.cssSelector: .control-label.col-sm-4.paddingMarginRLC' in '10' second(s)

2021-10-21 14:08:02 - [MESSAGE][INFO] - Smart Wait Function is triggered

2021-10-21 14:08:02 - [MESSAGE][PASSED] - Method.TextDegerineEsitElementinAltindakineTikla is PASSED

2021-10-21 14:08:02 - [TEST_STEP][PASSED] - Method.TextDegerineEsitElementinAltindakiTextboxtaYaz(findTestObject("Filtreler/Basliklar"), findTestObject("Filtreler/Basliga_Gore_Baslangic"), Filtre_Adi, Filtre_Degeri): Method.TextDegerineEsitElementinAltindakiTextboxtaYaz is PASSED

2021-10-21 14:08:02 - [MESSAGE][INFO] - Finding Test Object 'Object Repository/Filtreler/Basliklar'

2021-10-21 14:08:02 - [MESSAGE][INFO] - Finding Test Object 'Object Repository/Filtreler/Basliga_Gore_Baslangic'

2021-10-21 14:08:02 - [MESSAGE][INFO] - Checking timeout

2021-10-21 14:08:02 - [MESSAGE][INFO] - Finding web element with id: 'Object Repository/Filtreler/Basliklar' located by 'By.cssSelector: .control-label.col-sm-4.paddingMarginRLC' in '10' second(s)

2021-10-21 14:08:02 - [MESSAGE][INFO] - Smart Wait Function is triggered

2021-10-21 14:08:03 - [MESSAGE][INFO] - Found 14 web elements with id: 'Object Repository/Filtreler/Basliklar' located by 'By.cssSelector: .control-label.col-sm-4.paddingMarginRLC' in '10' second(s)

2021-10-21 14:08:03 - [MESSAGE][INFO] - Smart Wait Function is triggered

2021-10-21 14:08:03 - [MESSAGE][PASSED] - Method.TextDegerineEsitElementinAltindakiTextboxtaYaz is PASSED

2021-10-21 14:08:03 - [MESSAGE][PASSED] - Call Test Case 'Test Cases/Filtreler/BaslangicYaz' successfully

2021-10-21 14:08:03 - [MESSAGE][INFO] - Checking called Test Case

2021-10-21 14:08:03 - [MESSAGE][INFO] - Starting to call Test Case 'Test Cases/Filtreler/BitisYaz'

2021-10-21 14:08:03 - [TEST_CASE][PASSED] - Test Cases/Filtreler/BitisYaz: Test Cases/Filtreler/BitisYaz

2021-10-21 14:08:03 - [TEST_STEP][PASSED] - Method.TextDegerineEsitElementinAltindakineTikla(findTestObject("Filtreler/Basliklar"), findTestObject("Filtreler/Basliga_Gore_Bitis_Image"), Filtre_Adi): Method.TextDegerineEsitElementinAltindakineTikla is PASSED

2021-10-21 14:08:03 - [MESSAGE][INFO] - Finding Test Object 'Object Repository/Filtreler/Basliklar'

2021-10-21 14:08:04 - [MESSAGE][INFO] - Finding Test Object 'Object Repository/Filtreler/Basliga_Gore_Bitis_Image'

2021-10-21 14:08:04 - [MESSAGE][INFO] - Checking timeout

2021-10-21 14:08:04 - [MESSAGE][INFO] - Finding web element with id: 'Object Repository/Filtreler/Basliklar' located by 'By.cssSelector: .control-label.col-sm-4.paddingMarginRLC' in '10' second(s)

2021-10-21 14:08:04 - [MESSAGE][INFO] - Smart Wait Function is triggered

2021-10-21 14:08:04 - [MESSAGE][INFO] - Found 14 web elements with id: 'Object Repository/Filtreler/Basliklar' located by 'By.cssSelector: .control-label.col-sm-4.paddingMarginRLC' in '10' second(s)

2021-10-21 14:08:04 - [MESSAGE][INFO] - Smart Wait Function is triggered

2021-10-21 14:08:04 - [MESSAGE][PASSED] - Method.TextDegerineEsitElementinAltindakineTikla is PASSED

2021-10-21 14:08:04 - [TEST_STEP][PASSED] - Method.TextDegerineEsitElementinAltindakiTextboxtaYaz(findTestObject("Filtreler/Basliklar"), findTestObject("Object Repository/Filtreler/Basliga_Gore_Bitis"), Filtre_Adi, Filtre_Degeri): Method.TextDegerineEsitElementinAltindakiTextboxtaYaz is PASSED

2021-10-21 14:08:04 - [MESSAGE][INFO] - Finding Test Object 'Object Repository/Filtreler/Basliklar'

2021-10-21 14:08:04 - [MESSAGE][INFO] - Finding Test Object 'Object Repository/Filtreler/Basliga_Gore_Bitis'

2021-10-21 14:08:04 - [MESSAGE][INFO] - Checking timeout

2021-10-21 14:08:04 - [MESSAGE][INFO] - Finding web element with id: 'Object Repository/Filtreler/Basliklar' located by 'By.cssSelector: .control-label.col-sm-4.paddingMarginRLC' in '10' second(s)

2021-10-21 14:08:04 - [MESSAGE][INFO] - Smart Wait Function is triggered

2021-10-21 14:08:05 - [MESSAGE][INFO] - Found 14 web elements with id: 'Object Repository/Filtreler/Basliklar' located by 'By.cssSelector: .control-label.col-sm-4.paddingMarginRLC' in '10' second(s)

2021-10-21 14:08:05 - [MESSAGE][INFO] - Smart Wait Function is triggered

2021-10-21 14:08:05 - [MESSAGE][PASSED] - Method.TextDegerineEsitElementinAltindakiTextboxtaYaz is PASSED

2021-10-21 14:08:05 - [MESSAGE][PASSED] - Call Test Case 'Test Cases/Filtreler/BitisYaz' successfully

2021-10-21 14:08:05 - [MESSAGE][INFO] - Checking called Test Case

2021-10-21 14:08:05 - [MESSAGE][INFO] - Starting to call Test Case 'Test Cases/Filtreler/BaslangicYaz'

2021-10-21 14:08:05 - [TEST_CASE][PASSED] - Test Cases/Filtreler/BaslangicYaz: Test Cases/Filtreler/BaslangicYaz

2021-10-21 14:08:05 - [TEST_STEP][PASSED] - Method.TextDegerineEsitElementinAltindakineTikla(findTestObject("Filtreler/Basliklar"), findTestObject("Filtreler/Basliga_Gore_Baslangic_Image"), Filtre_Adi): Method.TextDegerineEsitElementinAltindakineTikla is PASSED

2021-10-21 14:08:05 - [MESSAGE][INFO] - Finding Test Object 'Object Repository/Filtreler/Basliklar'

2021-10-21 14:08:05 - [MESSAGE][INFO] - Finding Test Object 'Object Repository/Filtreler/Basliga_Gore_Baslangic_Image'

2021-10-21 14:08:06 - [MESSAGE][INFO] - Checking timeout

2021-10-21 14:08:06 - [MESSAGE][INFO] - Finding web element with id: 'Object Repository/Filtreler/Basliklar' located by 'By.cssSelector: .control-label.col-sm-4.paddingMarginRLC' in '10' second(s)

2021-10-21 14:08:06 - [MESSAGE][INFO] - Smart Wait Function is triggered

2021-10-21 14:08:06 - [MESSAGE][INFO] - Found 14 web elements with id: 'Object Repository/Filtreler/Basliklar' located by 'By.cssSelector: .control-label.col-sm-4.paddingMarginRLC' in '10' second(s)

2021-10-21 14:08:06 - [MESSAGE][INFO] - Smart Wait Function is triggered

2021-10-21 14:08:06 - [MESSAGE][PASSED] - Method.TextDegerineEsitElementinAltindakineTikla is PASSED

2021-10-21 14:08:06 - [TEST_STEP][PASSED] - Method.TextDegerineEsitElementinAltindakiTextboxtaYaz(findTestObject("Filtreler/Basliklar"), findTestObject("Filtreler/Basliga_Gore_Baslangic"), Filtre_Adi, Filtre_Degeri): Method.TextDegerineEsitElementinAltindakiTextboxtaYaz is PASSED

2021-10-21 14:08:06 - [MESSAGE][INFO] - Finding Test Object 'Object Repository/Filtreler/Basliklar'

2021-10-21 14:08:06 - [MESSAGE][INFO] - Finding Test Object 'Object Repository/Filtreler/Basliga_Gore_Baslangic'

2021-10-21 14:08:06 - [MESSAGE][INFO] - Checking timeout

2021-10-21 14:08:06 - [MESSAGE][INFO] - Finding web element with id: 'Object Repository/Filtreler/Basliklar' located by 'By.cssSelector: .control-label.col-sm-4.paddingMarginRLC' in '10' second(s)

2021-10-21 14:08:06 - [MESSAGE][INFO] - Smart Wait Function is triggered

2021-10-21 14:08:07 - [MESSAGE][INFO] - Found 14 web elements with id: 'Object Repository/Filtreler/Basliklar' located by 'By.cssSelector: .control-label.col-sm-4.paddingMarginRLC' in '10' second(s)

2021-10-21 14:08:07 - [MESSAGE][INFO] - Smart Wait Function is triggered

2021-10-21 14:08:07 - [MESSAGE][PASSED] - Method.TextDegerineEsitElementinAltindakiTextboxtaYaz is PASSED

2021-10-21 14:08:07 - [MESSAGE][PASSED] - Call Test Case 'Test Cases/Filtreler/BaslangicYaz' successfully

2021-10-21 14:08:07 - [MESSAGE][INFO] - Checking called Test Case

2021-10-21 14:08:07 - [MESSAGE][INFO] - Starting to call Test Case 'Test Cases/Filtreler/BitisYaz'

2021-10-21 14:08:07 - [TEST_CASE][PASSED] - Test Cases/Filtreler/BitisYaz: Test Cases/Filtreler/BitisYaz

2021-10-21 14:08:07 - [TEST_STEP][PASSED] - Method.TextDegerineEsitElementinAltindakineTikla(findTestObject("Filtreler/Basliklar"), findTestObject("Filtreler/Basliga_Gore_Bitis_Image"), Filtre_Adi): Method.TextDegerineEsitElementinAltindakineTikla is PASSED

2021-10-21 14:08:07 - [MESSAGE][INFO] - Finding Test Object 'Object Repository/Filtreler/Basliklar'

2021-10-21 14:08:07 - [MESSAGE][INFO] - Finding Test Object 'Object Repository/Filtreler/Basliga_Gore_Bitis_Image'

2021-10-21 14:08:07 - [MESSAGE][INFO] - Checking timeout

2021-10-21 14:08:07 - [MESSAGE][INFO] - Finding web element with id: 'Object Repository/Filtreler/Basliklar' located by 'By.cssSelector: .control-label.col-sm-4.paddingMarginRLC' in '10' second(s)

2021-10-21 14:08:07 - [MESSAGE][INFO] - Smart Wait Function is triggered

2021-10-21 14:08:08 - [MESSAGE][INFO] - Found 14 web elements with id: 'Object Repository/Filtreler/Basliklar' located by 'By.cssSelector: .control-label.col-sm-4.paddingMarginRLC' in '10' second(s)

2021-10-21 14:08:08 - [MESSAGE][INFO] - Smart Wait Function is triggered

2021-10-21 14:08:08 - [MESSAGE][PASSED] - Method.TextDegerineEsitElementinAltindakineTikla is PASSED

2021-10-21 14:08:08 - [TEST_STEP][PASSED] - Method.TextDegerineEsitElementinAltindakiTextboxtaYaz(findTestObject("Filtreler/Basliklar"), findTestObject("Object Repository/Filtreler/Basliga_Gore_Bitis"), Filtre_Adi, Filtre_Degeri): Method.TextDegerineEsitElementinAltindakiTextboxtaYaz is PASSED

2021-10-21 14:08:08 - [MESSAGE][INFO] - Finding Test Object 'Object Repository/Filtreler/Basliklar'

2021-10-21 14:08:08 - [MESSAGE][INFO] - Finding Test Object 'Object Repository/Filtreler/Basliga_Gore_Bitis'

2021-10-21 14:08:08 - [MESSAGE][INFO] - Checking timeout

2021-10-21 14:08:08 - [MESSAGE][INFO] - Finding web element with id: 'Object Repository/Filtreler/Basliklar' located by 'By.cssSelector: .control-label.col-sm-4.paddingMarginRLC' in '10' second(s)

2021-10-21 14:08:08 - [MESSAGE][INFO] - Smart Wait Function is triggered

2021-10-21 14:08:08 - [MESSAGE][INFO] - Found 14 web elements with id: 'Object Repository/Filtreler/Basliklar' located by 'By.cssSelector: .control-label.col-sm-4.paddingMarginRLC' in '10' second(s)

2021-10-21 14:08:08 - [MESSAGE][INFO] - Smart Wait Function is triggered

2021-10-21 14:08:09 - [MESSAGE][PASSED] - Method.TextDegerineEsitElementinAltindakiTextboxtaYaz is PASSED

2021-10-21 14:08:09 - [MESSAGE][PASSED] - Call Test Case 'Test Cases/Filtreler/BitisYaz' successfully

2021-10-21 14:08:09 - [MESSAGE][INFO] - Checking called Test Case

2021-10-21 14:08:09 - [MESSAGE][INFO] - Starting to call Test Case 'Test Cases/Filtreler/ButonaTikla'

2021-10-21 14:08:09 - [TEST_CASE][PASSED] - Test Cases/Filtreler/ButonaTikla: Test Cases/Filtreler/ButonaTikla

2021-10-21 14:08:09 - [TEST_STEP][PASSED] - Method.TextDegerineEsitElementeTikla(findTestObject("Filtreler/Butonlar"), Filtre_Buton): Method.TextDegerineEsitElementeTikla is PASSED

2021-10-21 14:08:09 - [MESSAGE][INFO] - Finding Test Object 'Object Repository/Filtreler/Butonlar'

2021-10-21 14:08:09 - [MESSAGE][INFO] - Checking timeout

2021-10-21 14:08:09 - [MESSAGE][INFO] - Finding web element with id: 'Object Repository/Filtreler/Butonlar' located by 'By.cssSelector: .dxb>span' in '10' second(s)

2021-10-21 14:08:09 - [MESSAGE][INFO] - Smart Wait Function is triggered

2021-10-21 14:08:09 - [MESSAGE][INFO] - Found 3 web elements with id: 'Object Repository/Filtreler/Butonlar' located by 'By.cssSelector: .dxb>span' in '10' second(s)

2021-10-21 14:08:10 - [MESSAGE][PASSED] - Method.TextDegerineEsitElementeTikla is PASSED

2021-10-21 14:08:10 - [MESSAGE][PASSED] - Call Test Case 'Test Cases/Filtreler/ButonaTikla' successfully

2021-10-21 14:08:10 - [MESSAGE][INFO] - Checking called Test Case

2021-10-21 14:08:10 - [MESSAGE][INFO] - Starting to call Test Case 'Test Cases/Filtreler/ListelenenOgeSayisi'

2021-10-21 14:08:10 - [TEST_CASE][PASSED] - Test Cases/Filtreler/ListelenenOgeSayisi: Test Cases/Filtreler/ListelenenOgeSayisi

2021-10-21 14:08:10 - [TEST_STEP][PASSED] - waitForElementPresent(findTestObject("Filtreler/OgeSayisi"), 10): Object 'Object Repository/Filtreler/OgeSayisi' is present

2021-10-21 14:08:10 - [MESSAGE][INFO] - Finding Test Object 'Object Repository/Filtreler/OgeSayisi'

2021-10-21 14:08:10 - [MESSAGE][INFO] - Checking object

2021-10-21 14:08:10 - [MESSAGE][INFO] - Finding web element from Test Object's properties

2021-10-21 14:08:10 - [MESSAGE][INFO] - Checking timeout

2021-10-21 14:08:10 - [MESSAGE][INFO] - Finding web element with id: 'Object Repository/Filtreler/OgeSayisi' located by 'By.cssSelector: .dxp-lead.dxp-summary' in '10' second(s)

2021-10-21 14:08:10 - [MESSAGE][INFO] - Smart Wait Function is triggered

2021-10-21 14:08:10 - [MESSAGE][INFO] - Found 1 web elements with id: 'Object Repository/Filtreler/OgeSayisi' located by 'By.cssSelector: .dxp-lead.dxp-summary' in '10' second(s)

2021-10-21 14:08:10 - [MESSAGE][PASSED] - Object 'Object Repository/Filtreler/OgeSayisi' is present

2021-10-21 14:08:10 - [TEST_STEP][PASSED] - verifyElementText(findTestObject("Filtreler/OgeSayisi"), OgeSayisi): Actual text and expected text of test object 'Object Repository/Filtreler/OgeSayisi' are matched.

2021-10-21 14:08:10 - [MESSAGE][INFO] - Finding Test Object 'Object Repository/Filtreler/OgeSayisi'

2021-10-21 14:08:10 - [MESSAGE][INFO] - Checking object

2021-10-21 14:08:10 - [MESSAGE][INFO] - Finding web element from Test Object's properties

2021-10-21 14:08:10 - [MESSAGE][INFO] - Checking timeout

2021-10-21 14:08:10 - [MESSAGE][INFO] - Finding web element with id: 'Object Repository/Filtreler/OgeSayisi' located by 'By.cssSelector: .dxp-lead.dxp-summary' in '30' second(s)

2021-10-21 14:08:10 - [MESSAGE][INFO] - Smart Wait Function is triggered

2021-10-21 14:08:11 - [MESSAGE][INFO] - Found 1 web elements with id: 'Object Repository/Filtreler/OgeSayisi' located by 'By.cssSelector: .dxp-lead.dxp-summary' in '30' second(s)

2021-10-21 14:08:11 - [MESSAGE][PASSED] - Actual text and expected text of test object 'Object Repository/Filtreler/OgeSayisi' are matched.

2021-10-21 14:08:11 - [MESSAGE][PASSED] - Call Test Case 'Test Cases/Filtreler/ListelenenOgeSayisi' successfully

2021-10-21 14:08:11 - [MESSAGE][INFO] - Checking called Test Case

2021-10-21 14:08:11 - [MESSAGE][INFO] - Starting to call Test Case 'Test Cases/Filtreler/FiltreVarMi'

2021-10-21 14:08:11 - [TEST_CASE][PASSED] - Test Cases/Filtreler/FiltreVarMi: Test Cases/Filtreler/FiltreVarMi

2021-10-21 14:08:11 - [TEST_STEP][PASSED] - Method.TextDegerineEsitElementVarMi(findTestObject("Filtreler/Basliklar"), Filtre_alan): Method.TextDegerineEsitElementVarMi is PASSED

2021-10-21 14:08:11 - [MESSAGE][INFO] - Finding Test Object 'Object Repository/Filtreler/Basliklar'

2021-10-21 14:08:12 - [MESSAGE][INFO] - Checking timeout

2021-10-21 14:08:12 - [MESSAGE][INFO] - Finding web element with id: 'Object Repository/Filtreler/Basliklar' located by 'By.cssSelector: .control-label.col-sm-4.paddingMarginRLC' in '10' second(s)

2021-10-21 14:08:12 - [MESSAGE][INFO] - Smart Wait Function is triggered

2021-10-21 14:08:12 - [MESSAGE][INFO] - Found 14 web elements with id: 'Object Repository/Filtreler/Basliklar' located by 'By.cssSelector: .control-label.col-sm-4.paddingMarginRLC' in '10' second(s)

2021-10-21 14:08:12 - [MESSAGE][PASSED] - Method.TextDegerineEsitElementVarMi is PASSED

2021-10-21 14:08:12 - [MESSAGE][PASSED] - Call Test Case 'Test Cases/Filtreler/FiltreVarMi' successfully

2021-10-21 14:08:12 - [MESSAGE][INFO] - Checking called Test Case

2021-10-21 14:08:12 - [MESSAGE][INFO] - Starting to call Test Case 'Test Cases/Filtreler/FiltreVarMi'

2021-10-21 14:08:12 - [TEST_CASE][PASSED] - Test Cases/Filtreler/FiltreVarMi: Test Cases/Filtreler/FiltreVarMi

2021-10-21 14:08:12 - [TEST_STEP][PASSED] - Method.TextDegerineEsitElementVarMi(findTestObject("Filtreler/Basliklar"), Filtre_alan): Method.TextDegerineEsitElementVarMi is PASSED

2021-10-21 14:08:12 - [MESSAGE][INFO] - Finding Test Object 'Object Repository/Filtreler/Basliklar'

2021-10-21 14:08:12 - [MESSAGE][INFO] - Checking timeout

2021-10-21 14:08:12 - [MESSAGE][INFO] - Finding web element with id: 'Object Repository/Filtreler/Basliklar' located by 'By.cssSelector: .control-label.col-sm-4.paddingMarginRLC' in '10' second(s)

2021-10-21 14:08:12 - [MESSAGE][INFO] - Smart Wait Function is triggered

2021-10-21 14:08:12 - [MESSAGE][INFO] - Found 14 web elements with id: 'Object Repository/Filtreler/Basliklar' located by 'By.cssSelector: .control-label.col-sm-4.paddingMarginRLC' in '10' second(s)

2021-10-21 14:08:12 - [MESSAGE][PASSED] - Method.TextDegerineEsitElementVarMi is PASSED

2021-10-21 14:08:12 - [MESSAGE][PASSED] - Call Test Case 'Test Cases/Filtreler/FiltreVarMi' successfully

2021-10-21 14:08:12 - [MESSAGE][INFO] - Checking called Test Case

2021-10-21 14:08:12 - [MESSAGE][INFO] - Starting to call Test Case 'Test Cases/Filtreler/FiltreVarMi'

2021-10-21 14:08:12 - [TEST_CASE][PASSED] - Test Cases/Filtreler/FiltreVarMi: Test Cases/Filtreler/FiltreVarMi

2021-10-21 14:08:12 - [TEST_STEP][PASSED] - Method.TextDegerineEsitElementVarMi(findTestObject("Filtreler/Basliklar"), Filtre_alan): Method.TextDegerineEsitElementVarMi is PASSED

2021-10-21 14:08:12 - [MESSAGE][INFO] - Finding Test Object 'Object Repository/Filtreler/Basliklar'

2021-10-21 14:08:12 - [MESSAGE][INFO] - Checking timeout

2021-10-21 14:08:12 - [MESSAGE][INFO] - Finding web element with id: 'Object Repository/Filtreler/Basliklar' located by 'By.cssSelector: .control-label.col-sm-4.paddingMarginRLC' in '10' second(s)

2021-10-21 14:08:12 - [MESSAGE][INFO] - Smart Wait Function is triggered

2021-10-21 14:08:13 - [MESSAGE][INFO] - Found 14 web elements with id: 'Object Repository/Filtreler/Basliklar' located by 'By.cssSelector: .control-label.col-sm-4.paddingMarginRLC' in '10' second(s)

2021-10-21 14:08:13 - [MESSAGE][PASSED] - Method.TextDegerineEsitElementVarMi is PASSED

2021-10-21 14:08:13 - [MESSAGE][PASSED] - Call Test Case 'Test Cases/Filtreler/FiltreVarMi' successfully

2021-10-21 14:08:13 - [MESSAGE][INFO] - Checking called Test Case

2021-10-21 14:08:13 - [MESSAGE][INFO] - Starting to call Test Case 'Test Cases/Filtreler/FiltreVarMi'

2021-10-21 14:08:13 - [TEST_CASE][PASSED] - Test Cases/Filtreler/FiltreVarMi: Test Cases/Filtreler/FiltreVarMi

2021-10-21 14:08:13 - [TEST_STEP][PASSED] - Method.TextDegerineEsitElementVarMi(findTestObject("Filtreler/Basliklar"), Filtre_alan): Method.TextDegerineEsitElementVarMi is PASSED

2021-10-21 14:08:13 - [MESSAGE][INFO] - Finding Test Object 'Object Repository/Filtreler/Basliklar'

2021-10-21 14:08:13 - [MESSAGE][INFO] - Checking timeout

2021-10-21 14:08:13 - [MESSAGE][INFO] - Finding web element with id: 'Object Repository/Filtreler/Basliklar' located by 'By.cssSelector: .control-label.col-sm-4.paddingMarginRLC' in '10' second(s)

2021-10-21 14:08:13 - [MESSAGE][INFO] - Smart Wait Function is triggered

2021-10-21 14:08:13 - [MESSAGE][INFO] - Found 14 web elements with id: 'Object Repository/Filtreler/Basliklar' located by 'By.cssSelector: .control-label.col-sm-4.paddingMarginRLC' in '10' second(s)

2021-10-21 14:08:13 - [MESSAGE][PASSED] - Method.TextDegerineEsitElementVarMi is PASSED

2021-10-21 14:08:13 - [MESSAGE][PASSED] - Call Test Case 'Test Cases/Filtreler/FiltreVarMi' successfully

2021-10-21 14:08:13 - [MESSAGE][INFO] - Checking called Test Case

2021-10-21 14:08:13 - [MESSAGE][INFO] - Starting to call Test Case 'Test Cases/Filtreler/FiltreVarMi'

2021-10-21 14:08:13 - [TEST_CASE][PASSED] - Test Cases/Filtreler/FiltreVarMi: Test Cases/Filtreler/FiltreVarMi

2021-10-21 14:08:13 - [TEST_STEP][PASSED] - Method.TextDegerineEsitElementVarMi(findTestObject("Filtreler/Basliklar"), Filtre_alan): Method.TextDegerineEsitElementVarMi is PASSED

2021-10-21 14:08:13 - [MESSAGE][INFO] - Finding Test Object 'Object Repository/Filtreler/Basliklar'

2021-10-21 14:08:14 - [MESSAGE][INFO] - Checking timeout

2021-10-21 14:08:14 - [MESSAGE][INFO] - Finding web element with id: 'Object Repository/Filtreler/Basliklar' located by 'By.cssSelector: .control-label.col-sm-4.paddingMarginRLC' in '10' second(s)

2021-10-21 14:08:14 - [MESSAGE][INFO] - Smart Wait Function is triggered

2021-10-21 14:08:14 - [MESSAGE][INFO] - Found 14 web elements with id: 'Object Repository/Filtreler/Basliklar' located by 'By.cssSelector: .control-label.col-sm-4.paddingMarginRLC' in '10' second(s)

2021-10-21 14:08:14 - [MESSAGE][PASSED] - Method.TextDegerineEsitElementVarMi is PASSED

2021-10-21 14:08:14 - [MESSAGE][PASSED] - Call Test Case 'Test Cases/Filtreler/FiltreVarMi' successfully

2021-10-21 14:08:14 - [MESSAGE][INFO] - Checking called Test Case

2021-10-21 14:08:14 - [MESSAGE][INFO] - Starting to call Test Case 'Test Cases/Filtreler/FiltreVarMi'

2021-10-21 14:08:14 - [TEST_CASE][PASSED] - Test Cases/Filtreler/FiltreVarMi: Test Cases/Filtreler/FiltreVarMi

2021-10-21 14:08:14 - [TEST_STEP][PASSED] - Method.TextDegerineEsitElementVarMi(findTestObject("Filtreler/Basliklar"), Filtre_alan): Method.TextDegerineEsitElementVarMi is PASSED

2021-10-21 14:08:14 - [MESSAGE][INFO] - Finding Test Object 'Object Repository/Filtreler/Basliklar'

2021-10-21 14:08:14 - [MESSAGE][INFO] - Checking timeout

2021-10-21 14:08:14 - [MESSAGE][INFO] - Finding web element with id: 'Object Repository/Filtreler/Basliklar' located by 'By.cssSelector: .control-label.col-sm-4.paddingMarginRLC' in '10' second(s)

2021-10-21 14:08:14 - [MESSAGE][INFO] - Smart Wait Function is triggered

2021-10-21 14:08:14 - [MESSAGE][INFO] - Found 14 web elements with id: 'Object Repository/Filtreler/Basliklar' located by 'By.cssSelector: .control-label.col-sm-4.paddingMarginRLC' in '10' second(s)

2021-10-21 14:08:14 - [MESSAGE][PASSED] - Method.TextDegerineEsitElementVarMi is PASSED

2021-10-21 14:08:14 - [MESSAGE][PASSED] - Call Test Case 'Test Cases/Filtreler/FiltreVarMi' successfully

2021-10-21 14:08:14 - [MESSAGE][INFO] - Checking called Test Case

2021-10-21 14:08:14 - [MESSAGE][INFO] - Starting to call Test Case 'Test Cases/Filtreler/FiltreVarMi'

2021-10-21 14:08:15 - [TEST_CASE][PASSED] - Test Cases/Filtreler/FiltreVarMi: Test Cases/Filtreler/FiltreVarMi

2021-10-21 14:08:15 - [TEST_STEP][PASSED] - Method.TextDegerineEsitElementVarMi(findTestObject("Filtreler/Basliklar"), Filtre_alan): Method.TextDegerineEsitElementVarMi is PASSED

2021-10-21 14:08:15 - [MESSAGE][INFO] - Finding Test Object 'Object Repository/Filtreler/Basliklar'

2021-10-21 14:08:15 - [MESSAGE][INFO] - Checking timeout

2021-10-21 14:08:15 - [MESSAGE][INFO] - Finding web element with id: 'Object Repository/Filtreler/Basliklar' located by 'By.cssSelector: .control-label.col-sm-4.paddingMarginRLC' in '10' second(s)

2021-10-21 14:08:15 - [MESSAGE][INFO] - Smart Wait Function is triggered

2021-10-21 14:08:15 - [MESSAGE][INFO] - Found 14 web elements with id: 'Object Repository/Filtreler/Basliklar' located by 'By.cssSelector: .control-label.col-sm-4.paddingMarginRLC' in '10' second(s)

2021-10-21 14:08:15 - [MESSAGE][PASSED] - Method.TextDegerineEsitElementVarMi is PASSED

2021-10-21 14:08:15 - [MESSAGE][PASSED] - Call Test Case 'Test Cases/Filtreler/FiltreVarMi' successfully

2021-10-21 14:08:15 - [MESSAGE][INFO] - Checking called Test Case

2021-10-21 14:08:15 - [MESSAGE][INFO] - Starting to call Test Case 'Test Cases/Filtreler/FiltreVarMi'

2021-10-21 14:08:15 - [TEST_CASE][PASSED] - Test Cases/Filtreler/FiltreVarMi: Test Cases/Filtreler/FiltreVarMi

2021-10-21 14:08:15 - [TEST_STEP][PASSED] - Method.TextDegerineEsitElementVarMi(findTestObject("Filtreler/Basliklar"), Filtre_alan): Method.TextDegerineEsitElementVarMi is PASSED

2021-10-21 14:08:15 - [MESSAGE][INFO] - Finding Test Object 'Object Repository/Filtreler/Basliklar'

2021-10-21 14:08:15 - [MESSAGE][INFO] - Checking timeout

2021-10-21 14:08:15 - [MESSAGE][INFO] - Finding web element with id: 'Object Repository/Filtreler/Basliklar' located by 'By.cssSelector: .control-label.col-sm-4.paddingMarginRLC' in '10' second(s)

2021-10-21 14:08:15 - [MESSAGE][INFO] - Smart Wait Function is triggered

2021-10-21 14:08:15 - [MESSAGE][INFO] - Found 14 web elements with id: 'Object Repository/Filtreler/Basliklar' located by 'By.cssSelector: .control-label.col-sm-4.paddingMarginRLC' in '10' second(s)

2021-10-21 14:08:15 - [MESSAGE][PASSED] - Method.TextDegerineEsitElementVarMi is PASSED

2021-10-21 14:08:15 - [MESSAGE][PASSED] - Call Test Case 'Test Cases/Filtreler/FiltreVarMi' successfully

2021-10-21 14:08:15 - [MESSAGE][INFO] - Checking called Test Case

2021-10-21 14:08:15 - [MESSAGE][INFO] - Starting to call Test Case 'Test Cases/Filtreler/FiltreVarMi'

2021-10-21 14:08:15 - [TEST_CASE][PASSED] - Test Cases/Filtreler/FiltreVarMi: Test Cases/Filtreler/FiltreVarMi

2021-10-21 14:08:15 - [TEST_STEP][PASSED] - Method.TextDegerineEsitElementVarMi(findTestObject("Filtreler/Basliklar"), Filtre_alan): Method.TextDegerineEsitElementVarMi is PASSED

2021-10-21 14:08:15 - [MESSAGE][INFO] - Finding Test Object 'Object Repository/Filtreler/Basliklar'

2021-10-21 14:08:16 - [MESSAGE][INFO] - Checking timeout

2021-10-21 14:08:16 - [MESSAGE][INFO] - Finding web element with id: 'Object Repository/Filtreler/Basliklar' located by 'By.cssSelector: .control-label.col-sm-4.paddingMarginRLC' in '10' second(s)

2021-10-21 14:08:16 - [MESSAGE][INFO] - Smart Wait Function is triggered

2021-10-21 14:08:16 - [MESSAGE][INFO] - Found 14 web elements with id: 'Object Repository/Filtreler/Basliklar' located by 'By.cssSelector: .control-label.col-sm-4.paddingMarginRLC' in '10' second(s)

2021-10-21 14:08:16 - [MESSAGE][PASSED] - Method.TextDegerineEsitElementVarMi is PASSED

2021-10-21 14:08:16 - [MESSAGE][PASSED] - Call Test Case 'Test Cases/Filtreler/FiltreVarMi' successfully

2021-10-21 14:08:16 - [MESSAGE][INFO] - Checking called Test Case

2021-10-21 14:08:16 - [MESSAGE][INFO] - Starting to call Test Case 'Test Cases/Filtreler/FiltreVarMi'

2021-10-21 14:08:16 - [TEST_CASE][PASSED] - Test Cases/Filtreler/FiltreVarMi: Test Cases/Filtreler/FiltreVarMi

2021-10-21 14:08:16 - [TEST_STEP][PASSED] - Method.TextDegerineEsitElementVarMi(findTestObject("Filtreler/Basliklar"), Filtre_alan): Method.TextDegerineEsitElementVarMi is PASSED

2021-10-21 14:08:16 - [MESSAGE][INFO] - Finding Test Object 'Object Repository/Filtreler/Basliklar'

2021-10-21 14:08:16 - [MESSAGE][INFO] - Checking timeout

2021-10-21 14:08:16 - [MESSAGE][INFO] - Finding web element with id: 'Object Repository/Filtreler/Basliklar' located by 'By.cssSelector: .control-label.col-sm-4.paddingMarginRLC' in '10' second(s)

2021-10-21 14:08:16 - [MESSAGE][INFO] - Smart Wait Function is triggered

2021-10-21 14:08:16 - [MESSAGE][INFO] - Found 14 web elements with id: 'Object Repository/Filtreler/Basliklar' located by 'By.cssSelector: .control-label.col-sm-4.paddingMarginRLC' in '10' second(s)

2021-10-21 14:08:16 - [MESSAGE][PASSED] - Method.TextDegerineEsitElementVarMi is PASSED

2021-10-21 14:08:16 - [MESSAGE][PASSED] - Call Test Case 'Test Cases/Filtreler/FiltreVarMi' successfully

2021-10-21 14:08:16 - [MESSAGE][INFO] - Checking called Test Case

2021-10-21 14:08:16 - [MESSAGE][INFO] - Starting to call Test Case 'Test Cases/Filtreler/FiltreVarMi'

2021-10-21 14:08:16 - [TEST_CASE][PASSED] - Test Cases/Filtreler/FiltreVarMi: Test Cases/Filtreler/FiltreVarMi

2021-10-21 14:08:16 - [TEST_STEP][PASSED] - Method.TextDegerineEsitElementVarMi(findTestObject("Filtreler/Basliklar"), Filtre_alan): Method.TextDegerineEsitElementVarMi is PASSED

2021-10-21 14:08:16 - [MESSAGE][INFO] - Finding Test Object 'Object Repository/Filtreler/Basliklar'

2021-10-21 14:08:17 - [MESSAGE][INFO] - Checking timeout

2021-10-21 14:08:17 - [MESSAGE][INFO] - Finding web element with id: 'Object Repository/Filtreler/Basliklar' located by 'By.cssSelector: .control-label.col-sm-4.paddingMarginRLC' in '10' second(s)

2021-10-21 14:08:17 - [MESSAGE][INFO] - Smart Wait Function is triggered

2021-10-21 14:08:17 - [MESSAGE][INFO] - Found 14 web elements with id: 'Object Repository/Filtreler/Basliklar' located by 'By.cssSelector: .control-label.col-sm-4.paddingMarginRLC' in '10' second(s)

2021-10-21 14:08:17 - [MESSAGE][PASSED] - Method.TextDegerineEsitElementVarMi is PASSED

2021-10-21 14:08:17 - [MESSAGE][PASSED] - Call Test Case 'Test Cases/Filtreler/FiltreVarMi' successfully

2021-10-21 14:08:17 - [MESSAGE][INFO] - Checking called Test Case

2021-10-21 14:08:17 - [MESSAGE][INFO] - Starting to call Test Case 'Test Cases/Filtreler/FiltreVarMi'

2021-10-21 14:08:17 - [TEST_CASE][PASSED] - Test Cases/Filtreler/FiltreVarMi: Test Cases/Filtreler/FiltreVarMi

2021-10-21 14:08:17 - [TEST_STEP][PASSED] - Method.TextDegerineEsitElementVarMi(findTestObject("Filtreler/Basliklar"), Filtre_alan): Method.TextDegerineEsitElementVarMi is PASSED

2021-10-21 14:08:17 - [MESSAGE][INFO] - Finding Test Object 'Object Repository/Filtreler/Basliklar'

2021-10-21 14:08:17 - [MESSAGE][INFO] - Checking timeout

2021-10-21 14:08:17 - [MESSAGE][INFO] - Finding web element with id: 'Object Repository/Filtreler/Basliklar' located by 'By.cssSelector: .control-label.col-sm-4.paddingMarginRLC' in '10' second(s)

2021-10-21 14:08:17 - [MESSAGE][INFO] - Smart Wait Function is triggered

2021-10-21 14:08:17 - [MESSAGE][INFO] - Found 14 web elements with id: 'Object Repository/Filtreler/Basliklar' located by 'By.cssSelector: .control-label.col-sm-4.paddingMarginRLC' in '10' second(s)

2021-10-21 14:08:17 - [MESSAGE][PASSED] - Method.TextDegerineEsitElementVarMi is PASSED

2021-10-21 14:08:17 - [MESSAGE][PASSED] - Call Test Case 'Test Cases/Filtreler/FiltreVarMi' successfully

2021-10-21 14:08:17 - [MESSAGE][INFO] - Checking called Test Case

2021-10-21 14:08:17 - [MESSAGE][INFO] - Starting to call Test Case 'Test Cases/Filtreler/FiltreVarMi'

2021-10-21 14:08:17 - [TEST_CASE][PASSED] - Test Cases/Filtreler/FiltreVarMi: Test Cases/Filtreler/FiltreVarMi

2021-10-21 14:08:17 - [TEST_STEP][PASSED] - Method.TextDegerineEsitElementVarMi(findTestObject("Filtreler/Basliklar"), Filtre_alan): Method.TextDegerineEsitElementVarMi is PASSED

2021-10-21 14:08:17 - [MESSAGE][INFO] - Finding Test Object 'Object Repository/Filtreler/Basliklar'

2021-10-21 14:08:18 - [MESSAGE][INFO] - Checking timeout

2021-10-21 14:08:18 - [MESSAGE][INFO] - Finding web element with id: 'Object Repository/Filtreler/Basliklar' located by 'By.cssSelector: .control-label.col-sm-4.paddingMarginRLC' in '10' second(s)

2021-10-21 14:08:18 - [MESSAGE][INFO] - Smart Wait Function is triggered

2021-10-21 14:08:18 - [MESSAGE][INFO] - Found 14 web elements with id: 'Object Repository/Filtreler/Basliklar' located by 'By.cssSelector: .control-label.col-sm-4.paddingMarginRLC' in '10' second(s)

2021-10-21 14:08:18 - [MESSAGE][PASSED] - Method.TextDegerineEsitElementVarMi is PASSED

2021-10-21 14:08:18 - [MESSAGE][PASSED] - Call Test Case 'Test Cases/Filtreler/FiltreVarMi' successfully

2021-10-21 14:08:18 - [MESSAGE][INFO] - Checking called Test Case

2021-10-21 14:08:18 - [MESSAGE][INFO] - Starting to call Test Case 'Test Cases/Filtreler/FiltreVarMi'

2021-10-21 14:08:18 - [TEST_CASE][PASSED] - Test Cases/Filtreler/FiltreVarMi: Test Cases/Filtreler/FiltreVarMi

2021-10-21 14:08:18 - [TEST_STEP][PASSED] - Method.TextDegerineEsitElementVarMi(findTestObject("Filtreler/Basliklar"), Filtre_alan): Method.TextDegerineEsitElementVarMi is PASSED

2021-10-21 14:08:18 - [MESSAGE][INFO] - Finding Test Object 'Object Repository/Filtreler/Basliklar'

2021-10-21 14:08:18 - [MESSAGE][INFO] - Checking timeout

2021-10-21 14:08:18 - [MESSAGE][INFO] - Finding web element with id: 'Object Repository/Filtreler/Basliklar' located by 'By.cssSelector: .control-label.col-sm-4.paddingMarginRLC' in '10' second(s)

2021-10-21 14:08:18 - [MESSAGE][INFO] - Smart Wait Function is triggered

2021-10-21 14:08:18 - [MESSAGE][INFO] - Found 14 web elements with id: 'Object Repository/Filtreler/Basliklar' located by 'By.cssSelector: .control-label.col-sm-4.paddingMarginRLC' in '10' second(s)

2021-10-21 14:08:18 - [MESSAGE][PASSED] - Method.TextDegerineEsitElementVarMi is PASSED

2021-10-21 14:08:18 - [MESSAGE][PASSED] - Call Test Case 'Test Cases/Filtreler/FiltreVarMi' successfully

2021-10-21 14:08:18 - [MESSAGE][INFO] - Checking called Test Case

2021-10-21 14:08:18 - [MESSAGE][INFO] - Starting to call Test Case 'Test Cases/Filtreler/ButonVarMi'

2021-10-21 14:08:19 - [TEST_CASE][PASSED] - Test Cases/Filtreler/ButonVarMi: Test Cases/Filtreler/ButonVarMi

2021-10-21 14:08:19 - [TEST_STEP][PASSED] - Method.TextDegerineEsitElementVarMi(findTestObject("Filtreler/Butonlar"), Filtre_Buton): Method.TextDegerineEsitElementVarMi is PASSED

2021-10-21 14:08:19 - [MESSAGE][INFO] - Finding Test Object 'Object Repository/Filtreler/Butonlar'

2021-10-21 14:08:19 - [MESSAGE][INFO] - Checking timeout

2021-10-21 14:08:19 - [MESSAGE][INFO] - Finding web element with id: 'Object Repository/Filtreler/Butonlar' located by 'By.cssSelector: .dxb>span' in '10' second(s)

2021-10-21 14:08:19 - [MESSAGE][INFO] - Smart Wait Function is triggered

2021-10-21 14:08:20 - [MESSAGE][INFO] - Found 3 web elements with id: 'Object Repository/Filtreler/Butonlar' located by 'By.cssSelector: .dxb>span' in '10' second(s)

2021-10-21 14:08:20 - [MESSAGE][PASSED] - Method.TextDegerineEsitElementVarMi is PASSED

2021-10-21 14:08:20 - [MESSAGE][PASSED] - Call Test Case 'Test Cases/Filtreler/ButonVarMi' successfully

2021-10-21 14:08:20 - [MESSAGE][INFO] - Checking called Test Case

2021-10-21 14:08:20 - [MESSAGE][INFO] - Starting to call Test Case 'Test Cases/Filtreler/ButonVarMi'

2021-10-21 14:08:20 - [TEST_CASE][PASSED] - Test Cases/Filtreler/ButonVarMi: Test Cases/Filtreler/ButonVarMi

2021-10-21 14:08:20 - [TEST_STEP][PASSED] - Method.TextDegerineEsitElementVarMi(findTestObject("Filtreler/Butonlar"), Filtre_Buton): Method.TextDegerineEsitElementVarMi is PASSED

2021-10-21 14:08:20 - [MESSAGE][INFO] - Finding Test Object 'Object Repository/Filtreler/Butonlar'

2021-10-21 14:08:20 - [MESSAGE][INFO] - Checking timeout

2021-10-21 14:08:20 - [MESSAGE][INFO] - Finding web element with id: 'Object Repository/Filtreler/Butonlar' located by 'By.cssSelector: .dxb>span' in '10' second(s)

2021-10-21 14:08:20 - [MESSAGE][INFO] - Smart Wait Function is triggered

2021-10-21 14:08:20 - [MESSAGE][INFO] - Found 3 web elements with id: 'Object Repository/Filtreler/Butonlar' located by 'By.cssSelector: .dxb>span' in '10' second(s)

2021-10-21 14:08:20 - [MESSAGE][PASSED] - Method.TextDegerineEsitElementVarMi is PASSED

2021-10-21 14:08:20 - [MESSAGE][PASSED] - Call Test Case 'Test Cases/Filtreler/ButonVarMi' successfully

2021-10-21 14:08:20 - [MESSAGE][INFO] - Checking called Test Case

2021-10-21 14:08:20 - [MESSAGE][INFO] - Starting to call Test Case 'Test Cases/Filtreler/ButonVarMi'

2021-10-21 14:08:20 - [TEST_CASE][PASSED] - Test Cases/Filtreler/ButonVarMi: Test Cases/Filtreler/ButonVarMi

2021-10-21 14:08:20 - [TEST_STEP][PASSED] - Method.TextDegerineEsitElementVarMi(findTestObject("Filtreler/Butonlar"), Filtre_Buton): Method.TextDegerineEsitElementVarMi is PASSED

2021-10-21 14:08:20 - [MESSAGE][INFO] - Finding Test Object 'Object Repository/Filtreler/Butonlar'

2021-10-21 14:08:20 - [MESSAGE][INFO] - Checking timeout

2021-10-21 14:08:20 - [MESSAGE][INFO] - Finding web element with id: 'Object Repository/Filtreler/Butonlar' located by 'By.cssSelector: .dxb>span' in '10' second(s)

2021-10-21 14:08:20 - [MESSAGE][INFO] - Smart Wait Function is triggered

2021-10-21 14:08:20 - [MESSAGE][INFO] - Found 3 web elements with id: 'Object Repository/Filtreler/Butonlar' located by 'By.cssSelector: .dxb>span' in '10' second(s)

2021-10-21 14:08:20 - [MESSAGE][PASSED] - Method.TextDegerineEsitElementVarMi is PASSED

2021-10-21 14:08:20 - [MESSAGE][PASSED] - Call Test Case 'Test Cases/Filtreler/ButonVarMi' successfully

2021-10-21 14:08:20 - [MESSAGE][INFO] - Checking called Test Case

2021-10-21 14:08:20 - [MESSAGE][INFO] - Starting to call Test Case 'Test Cases/Butonlar/ButonVarMi'

2021-10-21 14:08:21 - [TEST_CASE][PASSED] - Test Cases/Butonlar/ButonVarMi: Test Cases/Butonlar/ButonVarMi

2021-10-21 14:08:21 - [TEST_STEP][PASSED] - Method.TextDegerineEsitElementVarMi(findTestObject("Butonlar/Butonlar"), Buton): Method.TextDegerineEsitElementVarMi is PASSED

2021-10-21 14:08:21 - [MESSAGE][INFO] - Finding Test Object 'Object Repository/Butonlar/Butonlar'

2021-10-21 14:08:21 - [MESSAGE][INFO] - Checking timeout

2021-10-21 14:08:21 - [MESSAGE][INFO] - Finding web element with id: 'Object Repository/Butonlar/Butonlar' located by 'By.cssSelector: .panel.panel-default.text-center.footerPanel .btn,.btn.btn-primary.btnControls' in '10' second(s)

2021-10-21 14:08:21 - [MESSAGE][INFO] - Smart Wait Function is triggered

2021-10-21 14:08:21 - [MESSAGE][INFO] - Found 13 web elements with id: 'Object Repository/Butonlar/Butonlar' located by 'By.cssSelector: .panel.panel-default.text-center.footerPanel .btn,.btn.btn-primary.btnControls' in '10' second(s)

2021-10-21 14:08:21 - [MESSAGE][PASSED] - Method.TextDegerineEsitElementVarMi is PASSED

2021-10-21 14:08:21 - [MESSAGE][PASSED] - Call Test Case 'Test Cases/Butonlar/ButonVarMi' successfully

2021-10-21 14:08:21 - [MESSAGE][INFO] - Checking called Test Case

2021-10-21 14:08:21 - [MESSAGE][INFO] - Starting to call Test Case 'Test Cases/Butonlar/ButonVarMi'

2021-10-21 14:08:22 - [TEST_CASE][PASSED] - Test Cases/Butonlar/ButonVarMi: Test Cases/Butonlar/ButonVarMi

2021-10-21 14:08:22 - [TEST_STEP][PASSED] - Method.TextDegerineEsitElementVarMi(findTestObject("Butonlar/Butonlar"), Buton): Method.TextDegerineEsitElementVarMi is PASSED

2021-10-21 14:08:22 - [MESSAGE][INFO] - Finding Test Object 'Object Repository/Butonlar/Butonlar'

2021-10-21 14:08:22 - [MESSAGE][INFO] - Checking timeout

2021-10-21 14:08:22 - [MESSAGE][INFO] - Finding web element with id: 'Object Repository/Butonlar/Butonlar' located by 'By.cssSelector: .panel.panel-default.text-center.footerPanel .btn,.btn.btn-primary.btnControls' in '10' second(s)

2021-10-21 14:08:22 - [MESSAGE][INFO] - Smart Wait Function is triggered

2021-10-21 14:08:22 - [MESSAGE][INFO] - Found 13 web elements with id: 'Object Repository/Butonlar/Butonlar' located by 'By.cssSelector: .panel.panel-default.text-center.footerPanel .btn,.btn.btn-primary.btnControls' in '10' second(s)

2021-10-21 14:08:22 - [MESSAGE][PASSED] - Method.TextDegerineEsitElementVarMi is PASSED

2021-10-21 14:08:22 - [MESSAGE][PASSED] - Call Test Case 'Test Cases/Butonlar/ButonVarMi' successfully

2021-10-21 14:08:22 - [MESSAGE][INFO] - Checking called Test Case

2021-10-21 14:08:22 - [MESSAGE][INFO] - Starting to call Test Case 'Test Cases/Butonlar/ButonVarMi'

2021-10-21 14:08:22 - [TEST_CASE][PASSED] - Test Cases/Butonlar/ButonVarMi: Test Cases/Butonlar/ButonVarMi

2021-10-21 14:08:22 - [TEST_STEP][PASSED] - Method.TextDegerineEsitElementVarMi(findTestObject("Butonlar/Butonlar"), Buton): Method.TextDegerineEsitElementVarMi is PASSED

2021-10-21 14:08:22 - [MESSAGE][INFO] - Finding Test Object 'Object Repository/Butonlar/Butonlar'

2021-10-21 14:08:22 - [MESSAGE][INFO] - Checking timeout

2021-10-21 14:08:22 - [MESSAGE][INFO] - Finding web element with id: 'Object Repository/Butonlar/Butonlar' located by 'By.cssSelector: .panel.panel-default.text-center.footerPanel .btn,.btn.btn-primary.btnControls' in '10' second(s)

2021-10-21 14:08:22 - [MESSAGE][INFO] - Smart Wait Function is triggered

2021-10-21 14:08:22 - [MESSAGE][INFO] - Found 13 web elements with id: 'Object Repository/Butonlar/Butonlar' located by 'By.cssSelector: .panel.panel-default.text-center.footerPanel .btn,.btn.btn-primary.btnControls' in '10' second(s)

2021-10-21 14:08:22 - [MESSAGE][PASSED] - Method.TextDegerineEsitElementVarMi is PASSED

2021-10-21 14:08:22 - [MESSAGE][PASSED] - Call Test Case 'Test Cases/Butonlar/ButonVarMi' successfully

2021-10-21 14:08:22 - [MESSAGE][INFO] - Checking called Test Case

2021-10-21 14:08:22 - [MESSAGE][INFO] - Starting to call Test Case 'Test Cases/Butonlar/ButonVarMi'

2021-10-21 14:08:23 - [TEST_CASE][PASSED] - Test Cases/Butonlar/ButonVarMi: Test Cases/Butonlar/ButonVarMi

2021-10-21 14:08:23 - [TEST_STEP][PASSED] - Method.TextDegerineEsitElementVarMi(findTestObject("Butonlar/Butonlar"), Buton): Method.TextDegerineEsitElementVarMi is PASSED

2021-10-21 14:08:23 - [MESSAGE][INFO] - Finding Test Object 'Object Repository/Butonlar/Butonlar'

2021-10-21 14:08:23 - [MESSAGE][INFO] - Checking timeout

2021-10-21 14:08:23 - [MESSAGE][INFO] - Finding web element with id: 'Object Repository/Butonlar/Butonlar' located by 'By.cssSelector: .panel.panel-default.text-center.footerPanel .btn,.btn.btn-primary.btnControls' in '10' second(s)

2021-10-21 14:08:23 - [MESSAGE][INFO] - Smart Wait Function is triggered

2021-10-21 14:08:23 - [MESSAGE][INFO] - Found 13 web elements with id: 'Object Repository/Butonlar/Butonlar' located by 'By.cssSelector: .panel.panel-default.text-center.footerPanel .btn,.btn.btn-primary.btnControls' in '10' second(s)

2021-10-21 14:08:23 - [MESSAGE][PASSED] - Method.TextDegerineEsitElementVarMi is PASSED

2021-10-21 14:08:23 - [MESSAGE][PASSED] - Call Test Case 'Test Cases/Butonlar/ButonVarMi' successfully

2021-10-21 14:08:23 - [MESSAGE][INFO] - Checking called Test Case

2021-10-21 14:08:23 - [MESSAGE][INFO] - Starting to call Test Case 'Test Cases/Butonlar/ButonVarMi'

2021-10-21 14:08:23 - [TEST_CASE][PASSED] - Test Cases/Butonlar/ButonVarMi: Test Cases/Butonlar/ButonVarMi

2021-10-21 14:08:23 - [TEST_STEP][PASSED] - Method.TextDegerineEsitElementVarMi(findTestObject("Butonlar/Butonlar"), Buton): Method.TextDegerineEsitElementVarMi is PASSED

2021-10-21 14:08:23 - [MESSAGE][INFO] - Finding Test Object 'Object Repository/Butonlar/Butonlar'

2021-10-21 14:08:23 - [MESSAGE][INFO] - Checking timeout

2021-10-21 14:08:23 - [MESSAGE][INFO] - Finding web element with id: 'Object Repository/Butonlar/Butonlar' located by 'By.cssSelector: .panel.panel-default.text-center.footerPanel .btn,.btn.btn-primary.btnControls' in '10' second(s)

2021-10-21 14:08:23 - [MESSAGE][INFO] - Smart Wait Function is triggered

2021-10-21 14:08:23 - [MESSAGE][INFO] - Found 13 web elements with id: 'Object Repository/Butonlar/Butonlar' located by 'By.cssSelector: .panel.panel-default.text-center.footerPanel .btn,.btn.btn-primary.btnControls' in '10' second(s)

2021-10-21 14:08:23 - [MESSAGE][PASSED] - Method.TextDegerineEsitElementVarMi is PASSED

2021-10-21 14:08:23 - [MESSAGE][PASSED] - Call Test Case 'Test Cases/Butonlar/ButonVarMi' successfully

2021-10-21 14:08:23 - [MESSAGE][INFO] - Checking called Test Case

2021-10-21 14:08:23 - [MESSAGE][INFO] - Starting to call Test Case 'Test Cases/Butonlar/ButonVarMi'

2021-10-21 14:08:23 - [TEST_CASE][PASSED] - Test Cases/Butonlar/ButonVarMi: Test Cases/Butonlar/ButonVarMi

2021-10-21 14:08:23 - [TEST_STEP][PASSED] - Method.TextDegerineEsitElementVarMi(findTestObject("Butonlar/Butonlar"), Buton): Method.TextDegerineEsitElementVarMi is PASSED

2021-10-21 14:08:23 - [MESSAGE][INFO] - Finding Test Object 'Object Repository/Butonlar/Butonlar'

2021-10-21 14:08:24 - [MESSAGE][INFO] - Checking timeout

2021-10-21 14:08:24 - [MESSAGE][INFO] - Finding web element with id: 'Object Repository/Butonlar/Butonlar' located by 'By.cssSelector: .panel.panel-default.text-center.footerPanel .btn,.btn.btn-primary.btnControls' in '10' second(s)

2021-10-21 14:08:24 - [MESSAGE][INFO] - Smart Wait Function is triggered

2021-10-21 14:08:24 - [MESSAGE][INFO] - Found 13 web elements with id: 'Object Repository/Butonlar/Butonlar' located by 'By.cssSelector: .panel.panel-default.text-center.footerPanel .btn,.btn.btn-primary.btnControls' in '10' second(s)

2021-10-21 14:08:24 - [MESSAGE][PASSED] - Method.TextDegerineEsitElementVarMi is PASSED

2021-10-21 14:08:24 - [MESSAGE][PASSED] - Call Test Case 'Test Cases/Butonlar/ButonVarMi' successfully

2021-10-21 14:08:24 - [MESSAGE][INFO] - Checking called Test Case

2021-10-21 14:08:24 - [MESSAGE][INFO] - Starting to call Test Case 'Test Cases/Butonlar/ButonVarMi'

2021-10-21 14:08:24 - [TEST_CASE][PASSED] - Test Cases/Butonlar/ButonVarMi: Test Cases/Butonlar/ButonVarMi

2021-10-21 14:08:24 - [TEST_STEP][PASSED] - Method.TextDegerineEsitElementVarMi(findTestObject("Butonlar/Butonlar"), Buton): Method.TextDegerineEsitElementVarMi is PASSED

2021-10-21 14:08:24 - [MESSAGE][INFO] - Finding Test Object 'Object Repository/Butonlar/Butonlar'

2021-10-21 14:08:24 - [MESSAGE][INFO] - Checking timeout

2021-10-21 14:08:24 - [MESSAGE][INFO] - Finding web element with id: 'Object Repository/Butonlar/Butonlar' located by 'By.cssSelector: .panel.panel-default.text-center.footerPanel .btn,.btn.btn-primary.btnControls' in '10' second(s)

2021-10-21 14:08:24 - [MESSAGE][INFO] - Smart Wait Function is triggered

2021-10-21 14:08:24 - [MESSAGE][INFO] - Found 13 web elements with id: 'Object Repository/Butonlar/Butonlar' located by 'By.cssSelector: .panel.panel-default.text-center.footerPanel .btn,.btn.btn-primary.btnControls' in '10' second(s)

2021-10-21 14:08:24 - [MESSAGE][PASSED] - Method.TextDegerineEsitElementVarMi is PASSED

2021-10-21 14:08:24 - [MESSAGE][PASSED] - Call Test Case 'Test Cases/Butonlar/ButonVarMi' successfully

2021-10-21 14:08:24 - [MESSAGE][INFO] - Checking called Test Case

2021-10-21 14:08:24 - [MESSAGE][INFO] - Starting to call Test Case 'Test Cases/Butonlar/ButonVarMi'

2021-10-21 14:08:24 - [TEST_CASE][PASSED] - Test Cases/Butonlar/ButonVarMi: Test Cases/Butonlar/ButonVarMi

2021-10-21 14:08:24 - [TEST_STEP][PASSED] - Method.TextDegerineEsitElementVarMi(findTestObject("Butonlar/Butonlar"), Buton): Method.TextDegerineEsitElementVarMi is PASSED

2021-10-21 14:08:24 - [MESSAGE][INFO] - Finding Test Object 'Object Repository/Butonlar/Butonlar'

2021-10-21 14:08:25 - [MESSAGE][INFO] - Checking timeout

2021-10-21 14:08:25 - [MESSAGE][INFO] - Finding web element with id: 'Object Repository/Butonlar/Butonlar' located by 'By.cssSelector: .panel.panel-default.text-center.footerPanel .btn,.btn.btn-primary.btnControls' in '10' second(s)

2021-10-21 14:08:25 - [MESSAGE][INFO] - Smart Wait Function is triggered

2021-10-21 14:08:25 - [MESSAGE][INFO] - Found 13 web elements with id: 'Object Repository/Butonlar/Butonlar' located by 'By.cssSelector: .panel.panel-default.text-center.footerPanel .btn,.btn.btn-primary.btnControls' in '10' second(s)

2021-10-21 14:08:25 - [MESSAGE][PASSED] - Method.TextDegerineEsitElementVarMi is PASSED

2021-10-21 14:08:25 - [MESSAGE][PASSED] - Call Test Case 'Test Cases/Butonlar/ButonVarMi' successfully

2021-10-21 14:08:25 - [MESSAGE][INFO] - Checking called Test Case

2021-10-21 14:08:25 - [MESSAGE][INFO] - Starting to call Test Case 'Test Cases/Butonlar/ButonVarMi'

2021-10-21 14:08:25 - [TEST_CASE][PASSED] - Test Cases/Butonlar/ButonVarMi: Test Cases/Butonlar/ButonVarMi

2021-10-21 14:08:25 - [TEST_STEP][PASSED] - Method.TextDegerineEsitElementVarMi(findTestObject("Butonlar/Butonlar"), Buton): Method.TextDegerineEsitElementVarMi is PASSED

2021-10-21 14:08:25 - [MESSAGE][INFO] - Finding Test Object 'Object Repository/Butonlar/Butonlar'

2021-10-21 14:08:25 - [MESSAGE][INFO] - Checking timeout

2021-10-21 14:08:25 - [MESSAGE][INFO] - Finding web element with id: 'Object Repository/Butonlar/Butonlar' located by 'By.cssSelector: .panel.panel-default.text-center.footerPanel .btn,.btn.btn-primary.btnControls' in '10' second(s)

2021-10-21 14:08:25 - [MESSAGE][INFO] - Smart Wait Function is triggered

2021-10-21 14:08:25 - [MESSAGE][INFO] - Found 13 web elements with id: 'Object Repository/Butonlar/Butonlar' located by 'By.cssSelector: .panel.panel-default.text-center.footerPanel .btn,.btn.btn-primary.btnControls' in '10' second(s)

2021-10-21 14:08:25 - [MESSAGE][PASSED] - Method.TextDegerineEsitElementVarMi is PASSED

2021-10-21 14:08:25 - [MESSAGE][PASSED] - Call Test Case 'Test Cases/Butonlar/ButonVarMi' successfully

2021-10-21 14:08:25 - [MESSAGE][INFO] - Checking called Test Case

2021-10-21 14:08:25 - [MESSAGE][INFO] - Starting to call Test Case 'Test Cases/Butonlar/ButonVarMi'

2021-10-21 14:08:26 - [TEST_CASE][PASSED] - Test Cases/Butonlar/ButonVarMi: Test Cases/Butonlar/ButonVarMi

2021-10-21 14:08:26 - [TEST_STEP][PASSED] - Method.TextDegerineEsitElementVarMi(findTestObject("Butonlar/Butonlar"), Buton): Method.TextDegerineEsitElementVarMi is PASSED

2021-10-21 14:08:26 - [MESSAGE][INFO] - Finding Test Object 'Object Repository/Butonlar/Butonlar'

2021-10-21 14:08:26 - [MESSAGE][INFO] - Checking timeout

2021-10-21 14:08:26 - [MESSAGE][INFO] - Finding web element with id: 'Object Repository/Butonlar/Butonlar' located by 'By.cssSelector: .panel.panel-default.text-center.footerPanel .btn,.btn.btn-primary.btnControls' in '10' second(s)

2021-10-21 14:08:26 - [MESSAGE][INFO] - Smart Wait Function is triggered

2021-10-21 14:08:26 - [MESSAGE][INFO] - Found 13 web elements with id: 'Object Repository/Butonlar/Butonlar' located by 'By.cssSelector: .panel.panel-default.text-center.footerPanel .btn,.btn.btn-primary.btnControls' in '10' second(s)

2021-10-21 14:08:26 - [MESSAGE][PASSED] - Method.TextDegerineEsitElementVarMi is PASSED

2021-10-21 14:08:26 - [MESSAGE][PASSED] - Call Test Case 'Test Cases/Butonlar/ButonVarMi' successfully

2021-10-21 14:08:26 - [MESSAGE][INFO] - Checking called Test Case

2021-10-21 14:08:26 - [MESSAGE][INFO] - Starting to call Test Case 'Test Cases/Butonlar/ButonVarMi'

2021-10-21 14:08:26 - [TEST_CASE][PASSED] - Test Cases/Butonlar/ButonVarMi: Test Cases/Butonlar/ButonVarMi

2021-10-21 14:08:26 - [TEST_STEP][PASSED] - Method.TextDegerineEsitElementVarMi(findTestObject("Butonlar/Butonlar"), Buton): Method.TextDegerineEsitElementVarMi is PASSED

2021-10-21 14:08:26 - [MESSAGE][INFO] - Finding Test Object 'Object Repository/Butonlar/Butonlar'

2021-10-21 14:08:26 - [MESSAGE][INFO] - Checking timeout

2021-10-21 14:08:26 - [MESSAGE][INFO] - Finding web element with id: 'Object Repository/Butonlar/Butonlar' located by 'By.cssSelector: .panel.panel-default.text-center.footerPanel .btn,.btn.btn-primary.btnControls' in '10' second(s)

2021-10-21 14:08:26 - [MESSAGE][INFO] - Smart Wait Function is triggered

2021-10-21 14:08:27 - [MESSAGE][INFO] - Found 13 web elements with id: 'Object Repository/Butonlar/Butonlar' located by 'By.cssSelector: .panel.panel-default.text-center.footerPanel .btn,.btn.btn-primary.btnControls' in '10' second(s)

2021-10-21 14:08:27 - [MESSAGE][PASSED] - Method.TextDegerineEsitElementVarMi is PASSED

2021-10-21 14:08:27 - [MESSAGE][PASSED] - Call Test Case 'Test Cases/Butonlar/ButonVarMi' successfully

2021-10-21 14:08:27 - [MESSAGE][INFO] - Checking called Test Case

2021-10-21 14:08:27 - [MESSAGE][INFO] - Starting to call Test Case 'Test Cases/Butonlar/ButonaTikla'

2021-10-21 14:08:27 - [TEST_CASE][PASSED] - Test Cases/Butonlar/ButonaTikla: Test Cases/Butonlar/ButonaTikla

2021-10-21 14:08:27 - [TEST_STEP][PASSED] - Method.TextDegerineEsitElementeTiklaEquals(findTestObject("Butonlar/Butonlar"), Buton_Adi): Method.TextDegerineEsitElementeTiklaEquals is PASSED

2021-10-21 14:08:27 - [MESSAGE][INFO] - Finding Test Object 'Object Repository/Butonlar/Butonlar'

2021-10-21 14:08:27 - [MESSAGE][INFO] - Checking timeout

2021-10-21 14:08:27 - [MESSAGE][INFO] - Finding web element with id: 'Object Repository/Butonlar/Butonlar' located by 'By.cssSelector: .panel.panel-default.text-center.footerPanel .btn,.btn.btn-primary.btnControls' in '10' second(s)

2021-10-21 14:08:27 - [MESSAGE][INFO] - Smart Wait Function is triggered

2021-10-21 14:08:27 - [MESSAGE][INFO] - Found 13 web elements with id: 'Object Repository/Butonlar/Butonlar' located by 'By.cssSelector: .panel.panel-default.text-center.footerPanel .btn,.btn.btn-primary.btnControls' in '10' second(s)

2021-10-21 14:08:27 - [MESSAGE][PASSED] - Method.TextDegerineEsitElementeTiklaEquals is PASSED

2021-10-21 14:08:27 - [MESSAGE][PASSED] - Call Test Case 'Test Cases/Butonlar/ButonaTikla' successfully

2021-10-21 14:08:27 - [MESSAGE][INFO] - Checking called Test Case

2021-10-21 14:08:27 - [MESSAGE][INFO] - Starting to call Test Case 'Test Cases/Butonlar/AltButonVarMi'

2021-10-21 14:08:27 - [TEST_CASE][PASSED] - Test Cases/Butonlar/AltButonVarMi: Test Cases/Butonlar/AltButonVarMi

2021-10-21 14:08:28 - [TEST_STEP][PASSED] - Method.TextDegerineEsitElementVarMi(findTestObject("Butonlar/AltButonlar"), AltButon): Method.TextDegerineEsitElementVarMi is PASSED

2021-10-21 14:08:28 - [MESSAGE][INFO] - Finding Test Object 'Object Repository/Butonlar/AltButonlar'

2021-10-21 14:08:28 - [MESSAGE][INFO] - Checking timeout

2021-10-21 14:08:28 - [MESSAGE][INFO] - Finding web element with id: 'Object Repository/Butonlar/AltButonlar' located by 'By.cssSelector: .btn-group.open li>a' in '10' second(s)

2021-10-21 14:08:28 - [MESSAGE][INFO] - Smart Wait Function is triggered

2021-10-21 14:08:28 - [MESSAGE][INFO] - Found 2 web elements with id: 'Object Repository/Butonlar/AltButonlar' located by 'By.cssSelector: .btn-group.open li>a' in '10' second(s)

2021-10-21 14:08:28 - [MESSAGE][PASSED] - Method.TextDegerineEsitElementVarMi is PASSED

2021-10-21 14:08:28 - [MESSAGE][PASSED] - Call Test Case 'Test Cases/Butonlar/AltButonVarMi' successfully

2021-10-21 14:08:28 - [MESSAGE][INFO] - Checking called Test Case

2021-10-21 14:08:28 - [MESSAGE][INFO] - Starting to call Test Case 'Test Cases/Butonlar/AltButonVarMi'

2021-10-21 14:08:28 - [TEST_CASE][PASSED] - Test Cases/Butonlar/AltButonVarMi: Test Cases/Butonlar/AltButonVarMi

2021-10-21 14:08:28 - [TEST_STEP][PASSED] - Method.TextDegerineEsitElementVarMi(findTestObject("Butonlar/AltButonlar"), AltButon): Method.TextDegerineEsitElementVarMi is PASSED

2021-10-21 14:08:28 - [MESSAGE][INFO] - Finding Test Object 'Object Repository/Butonlar/AltButonlar'

2021-10-21 14:08:28 - [MESSAGE][INFO] - Checking timeout

2021-10-21 14:08:28 - [MESSAGE][INFO] - Finding web element with id: 'Object Repository/Butonlar/AltButonlar' located by 'By.cssSelector: .btn-group.open li>a' in '10' second(s)

2021-10-21 14:08:28 - [MESSAGE][INFO] - Smart Wait Function is triggered

2021-10-21 14:08:29 - [MESSAGE][INFO] - Found 2 web elements with id: 'Object Repository/Butonlar/AltButonlar' located by 'By.cssSelector: .btn-group.open li>a' in '10' second(s)

2021-10-21 14:08:29 - [MESSAGE][PASSED] - Method.TextDegerineEsitElementVarMi is PASSED

2021-10-21 14:08:29 - [MESSAGE][PASSED] - Call Test Case 'Test Cases/Butonlar/AltButonVarMi' successfully

2021-10-21 14:08:29 - [MESSAGE][INFO] - Checking called Test Case

2021-10-21 14:08:29 - [MESSAGE][INFO] - Starting to call Test Case 'Test Cases/Butonlar/ButonaTikla'

2021-10-21 14:08:29 - [TEST_CASE][PASSED] - Test Cases/Butonlar/ButonaTikla: Test Cases/Butonlar/ButonaTikla

2021-10-21 14:08:29 - [TEST_STEP][PASSED] - Method.TextDegerineEsitElementeTiklaEquals(findTestObject("Butonlar/Butonlar"), Buton_Adi): Method.TextDegerineEsitElementeTiklaEquals is PASSED

2021-10-21 14:08:29 - [MESSAGE][INFO] - Finding Test Object 'Object Repository/Butonlar/Butonlar'

2021-10-21 14:08:29 - [MESSAGE][INFO] - Checking timeout

2021-10-21 14:08:29 - [MESSAGE][INFO] - Finding web element with id: 'Object Repository/Butonlar/Butonlar' located by 'By.cssSelector: .panel.panel-default.text-center.footerPanel .btn,.btn.btn-primary.btnControls' in '10' second(s)

2021-10-21 14:08:29 - [MESSAGE][INFO] - Smart Wait Function is triggered

2021-10-21 14:08:29 - [MESSAGE][INFO] - Found 13 web elements with id: 'Object Repository/Butonlar/Butonlar' located by 'By.cssSelector: .panel.panel-default.text-center.footerPanel .btn,.btn.btn-primary.btnControls' in '10' second(s)

2021-10-21 14:08:29 - [MESSAGE][PASSED] - Method.TextDegerineEsitElementeTiklaEquals is PASSED

2021-10-21 14:08:29 - [MESSAGE][PASSED] - Call Test Case 'Test Cases/Butonlar/ButonaTikla' successfully

2021-10-21 14:08:29 - [MESSAGE][INFO] - Checking called Test Case

2021-10-21 14:08:29 - [MESSAGE][INFO] - Starting to call Test Case 'Test Cases/Butonlar/AltButonVarMi'

2021-10-21 14:08:29 - [TEST_CASE][PASSED] - Test Cases/Butonlar/AltButonVarMi: Test Cases/Butonlar/AltButonVarMi

2021-10-21 14:08:29 - [TEST_STEP][PASSED] - Method.TextDegerineEsitElementVarMi(findTestObject("Butonlar/AltButonlar"), AltButon): Method.TextDegerineEsitElementVarMi is PASSED

2021-10-21 14:08:29 - [MESSAGE][INFO] - Finding Test Object 'Object Repository/Butonlar/AltButonlar'

2021-10-21 14:08:29 - [MESSAGE][INFO] - Checking timeout

2021-10-21 14:08:29 - [MESSAGE][INFO] - Finding web element with id: 'Object Repository/Butonlar/AltButonlar' located by 'By.cssSelector: .btn-group.open li>a' in '10' second(s)

2021-10-21 14:08:29 - [MESSAGE][INFO] - Smart Wait Function is triggered

2021-10-21 14:08:30 - [MESSAGE][INFO] - Found 4 web elements with id: 'Object Repository/Butonlar/AltButonlar' located by 'By.cssSelector: .btn-group.open li>a' in '10' second(s)

2021-10-21 14:08:30 - [MESSAGE][PASSED] - Method.TextDegerineEsitElementVarMi is PASSED

2021-10-21 14:08:30 - [MESSAGE][PASSED] - Call Test Case 'Test Cases/Butonlar/AltButonVarMi' successfully

2021-10-21 14:08:30 - [MESSAGE][INFO] - Checking called Test Case

2021-10-21 14:08:30 - [MESSAGE][INFO] - Starting to call Test Case 'Test Cases/Butonlar/AltButonVarMi'

2021-10-21 14:08:30 - [TEST_CASE][PASSED] - Test Cases/Butonlar/AltButonVarMi: Test Cases/Butonlar/AltButonVarMi

2021-10-21 14:08:30 - [TEST_STEP][PASSED] - Method.TextDegerineEsitElementVarMi(findTestObject("Butonlar/AltButonlar"), AltButon): Method.TextDegerineEsitElementVarMi is PASSED

2021-10-21 14:08:30 - [MESSAGE][INFO] - Finding Test Object 'Object Repository/Butonlar/AltButonlar'

2021-10-21 14:08:30 - [MESSAGE][INFO] - Checking timeout

2021-10-21 14:08:30 - [MESSAGE][INFO] - Finding web element with id: 'Object Repository/Butonlar/AltButonlar' located by 'By.cssSelector: .btn-group.open li>a' in '10' second(s)

2021-10-21 14:08:30 - [MESSAGE][INFO] - Smart Wait Function is triggered

2021-10-21 14:08:30 - [MESSAGE][INFO] - Found 4 web elements with id: 'Object Repository/Butonlar/AltButonlar' located by 'By.cssSelector: .btn-group.open li>a' in '10' second(s)

2021-10-21 14:08:30 - [MESSAGE][PASSED] - Method.TextDegerineEsitElementVarMi is PASSED

2021-10-21 14:08:30 - [MESSAGE][PASSED] - Call Test Case 'Test Cases/Butonlar/AltButonVarMi' successfully

2021-10-21 14:08:30 - [MESSAGE][INFO] - Checking called Test Case

2021-10-21 14:08:30 - [MESSAGE][INFO] - Starting to call Test Case 'Test Cases/Butonlar/ButonaTikla'

2021-10-21 14:08:30 - [TEST_CASE][PASSED] - Test Cases/Butonlar/ButonaTikla: Test Cases/Butonlar/ButonaTikla

2021-10-21 14:08:30 - [TEST_STEP][PASSED] - Method.TextDegerineEsitElementeTiklaEquals(findTestObject("Butonlar/Butonlar"), Buton_Adi): Method.TextDegerineEsitElementeTiklaEquals is PASSED

2021-10-21 14:08:30 - [MESSAGE][INFO] - Finding Test Object 'Object Repository/Butonlar/Butonlar'

2021-10-21 14:08:30 - [MESSAGE][INFO] - Checking timeout

2021-10-21 14:08:30 - [MESSAGE][INFO] - Finding web element with id: 'Object Repository/Butonlar/Butonlar' located by 'By.cssSelector: .panel.panel-default.text-center.footerPanel .btn,.btn.btn-primary.btnControls' in '10' second(s)

2021-10-21 14:08:30 - [MESSAGE][INFO] - Smart Wait Function is triggered

2021-10-21 14:08:31 - [MESSAGE][INFO] - Found 13 web elements with id: 'Object Repository/Butonlar/Butonlar' located by 'By.cssSelector: .panel.panel-default.text-center.footerPanel .btn,.btn.btn-primary.btnControls' in '10' second(s)

2021-10-21 14:08:31 - [MESSAGE][PASSED] - Method.TextDegerineEsitElementeTiklaEquals is PASSED

2021-10-21 14:08:31 - [MESSAGE][PASSED] - Call Test Case 'Test Cases/Butonlar/ButonaTikla' successfully

2021-10-21 14:08:31 - [MESSAGE][INFO] - Checking called Test Case

2021-10-21 14:08:31 - [MESSAGE][INFO] - Starting to call Test Case 'Test Cases/Butonlar/AltButonVarMi'

2021-10-21 14:08:31 - [TEST_CASE][PASSED] - Test Cases/Butonlar/AltButonVarMi: Test Cases/Butonlar/AltButonVarMi

2021-10-21 14:08:31 - [TEST_STEP][PASSED] - Method.TextDegerineEsitElementVarMi(findTestObject("Butonlar/AltButonlar"), AltButon): Method.TextDegerineEsitElementVarMi is PASSED

2021-10-21 14:08:31 - [MESSAGE][INFO] - Finding Test Object 'Object Repository/Butonlar/AltButonlar'

2021-10-21 14:08:31 - [MESSAGE][INFO] - Checking timeout

2021-10-21 14:08:31 - [MESSAGE][INFO] - Finding web element with id: 'Object Repository/Butonlar/AltButonlar' located by 'By.cssSelector: .btn-group.open li>a' in '10' second(s)

2021-10-21 14:08:31 - [MESSAGE][INFO] - Smart Wait Function is triggered

2021-10-21 14:08:31 - [MESSAGE][INFO] - Found 2 web elements with id: 'Object Repository/Butonlar/AltButonlar' located by 'By.cssSelector: .btn-group.open li>a' in '10' second(s)

2021-10-21 14:08:31 - [MESSAGE][PASSED] - Method.TextDegerineEsitElementVarMi is PASSED

2021-10-21 14:08:31 - [MESSAGE][PASSED] - Call Test Case 'Test Cases/Butonlar/AltButonVarMi' successfully

2021-10-21 14:08:31 - [MESSAGE][INFO] - Checking called Test Case

2021-10-21 14:08:31 - [MESSAGE][INFO] - Starting to call Test Case 'Test Cases/Butonlar/AltButonVarMi'

2021-10-21 14:08:31 - [TEST_CASE][PASSED] - Test Cases/Butonlar/AltButonVarMi: Test Cases/Butonlar/AltButonVarMi

2021-10-21 14:08:31 - [TEST_STEP][PASSED] - Method.TextDegerineEsitElementVarMi(findTestObject("Butonlar/AltButonlar"), AltButon): Method.TextDegerineEsitElementVarMi is PASSED

2021-10-21 14:08:31 - [MESSAGE][INFO] - Finding Test Object 'Object Repository/Butonlar/AltButonlar'

2021-10-21 14:08:31 - [MESSAGE][INFO] - Checking timeout

2021-10-21 14:08:31 - [MESSAGE][INFO] - Finding web element with id: 'Object Repository/Butonlar/AltButonlar' located by 'By.cssSelector: .btn-group.open li>a' in '10' second(s)

2021-10-21 14:08:31 - [MESSAGE][INFO] - Smart Wait Function is triggered

2021-10-21 14:08:32 - [MESSAGE][INFO] - Found 2 web elements with id: 'Object Repository/Butonlar/AltButonlar' located by 'By.cssSelector: .btn-group.open li>a' in '10' second(s)

2021-10-21 14:08:32 - [MESSAGE][PASSED] - Method.TextDegerineEsitElementVarMi is PASSED

2021-10-21 14:08:32 - [MESSAGE][PASSED] - Call Test Case 'Test Cases/Butonlar/AltButonVarMi' successfully

2021-10-21 14:08:32 - [MESSAGE][INFO] - Checking called Test Case

2021-10-21 14:08:32 - [MESSAGE][INFO] - Starting to call Test Case 'Test Cases/Butonlar/ButonaTikla'

2021-10-21 14:08:32 - [TEST_CASE][PASSED] - Test Cases/Butonlar/ButonaTikla: Test Cases/Butonlar/ButonaTikla

2021-10-21 14:08:32 - [TEST_STEP][PASSED] - Method.TextDegerineEsitElementeTiklaEquals(findTestObject("Butonlar/Butonlar"), Buton_Adi): Method.TextDegerineEsitElementeTiklaEquals is PASSED

2021-10-21 14:08:32 - [MESSAGE][INFO] - Finding Test Object 'Object Repository/Butonlar/Butonlar'

2021-10-21 14:08:32 - [MESSAGE][INFO] - Checking timeout

2021-10-21 14:08:32 - [MESSAGE][INFO] - Finding web element with id: 'Object Repository/Butonlar/Butonlar' located by 'By.cssSelector: .panel.panel-default.text-center.footerPanel .btn,.btn.btn-primary.btnControls' in '10' second(s)

2021-10-21 14:08:32 - [MESSAGE][INFO] - Smart Wait Function is triggered

2021-10-21 14:08:32 - [MESSAGE][INFO] - Found 13 web elements with id: 'Object Repository/Butonlar/Butonlar' located by 'By.cssSelector: .panel.panel-default.text-center.footerPanel .btn,.btn.btn-primary.btnControls' in '10' second(s)

2021-10-21 14:08:32 - [MESSAGE][PASSED] - Method.TextDegerineEsitElementeTiklaEquals is PASSED

2021-10-21 14:08:32 - [MESSAGE][PASSED] - Call Test Case 'Test Cases/Butonlar/ButonaTikla' successfully

2021-10-21 14:08:32 - [MESSAGE][INFO] - Checking called Test Case

2021-10-21 14:08:32 - [MESSAGE][INFO] - Starting to call Test Case 'Test Cases/Butonlar/AltButonVarMi'

2021-10-21 14:08:32 - [TEST_CASE][PASSED] - Test Cases/Butonlar/AltButonVarMi: Test Cases/Butonlar/AltButonVarMi

2021-10-21 14:08:32 - [TEST_STEP][PASSED] - Method.TextDegerineEsitElementVarMi(findTestObject("Butonlar/AltButonlar"), AltButon): Method.TextDegerineEsitElementVarMi is PASSED

2021-10-21 14:08:32 - [MESSAGE][INFO] - Finding Test Object 'Object Repository/Butonlar/AltButonlar'

2021-10-21 14:08:32 - [MESSAGE][INFO] - Checking timeout

2021-10-21 14:08:32 - [MESSAGE][INFO] - Finding web element with id: 'Object Repository/Butonlar/AltButonlar' located by 'By.cssSelector: .btn-group.open li>a' in '10' second(s)

2021-10-21 14:08:32 - [MESSAGE][INFO] - Smart Wait Function is triggered

2021-10-21 14:08:33 - [MESSAGE][INFO] - Found 2 web elements with id: 'Object Repository/Butonlar/AltButonlar' located by 'By.cssSelector: .btn-group.open li>a' in '10' second(s)

2021-10-21 14:08:33 - [MESSAGE][PASSED] - Method.TextDegerineEsitElementVarMi is PASSED

2021-10-21 14:08:33 - [MESSAGE][PASSED] - Call Test Case 'Test Cases/Butonlar/AltButonVarMi' successfully

2021-10-21 14:08:33 - [MESSAGE][INFO] - Checking called Test Case

2021-10-21 14:08:33 - [MESSAGE][INFO] - Starting to call Test Case 'Test Cases/Kullanici_Islemleri/KullaniciIslemlerindenSecimYapilir'

2021-10-21 14:08:33 - [TEST_CASE][PASSED] - Test Cases/Kullanici_Islemleri/KullaniciIslemlerindenSecimYapilir: Test Cases/Kullanici_Islemleri/KullaniciIslemlerindenSecimYapilir

2021-10-21 14:08:33 - [TEST_STEP][PASSED] - waitForElementClickable(findTestObject("Object Repository/Kullanici_Islemleri/KullaniciIslemleri"), 10): Object 'Object Repository/Kullanici_Islemleri/KullaniciIslemleri' is clickable

2021-10-21 14:08:33 - [MESSAGE][INFO] - Finding Test Object 'Object Repository/Kullanici_Islemleri/KullaniciIslemleri'

2021-10-21 14:08:33 - [MESSAGE][INFO] - Checking object

2021-10-21 14:08:33 - [MESSAGE][INFO] - Checking timeout

2021-10-21 14:08:33 - [MESSAGE][INFO] - Finding web element from Test Object's properties

2021-10-21 14:08:33 - [MESSAGE][INFO] - Checking timeout

2021-10-21 14:08:33 - [MESSAGE][INFO] - Finding web element with id: 'Object Repository/Kullanici_Islemleri/KullaniciIslemleri' located by 'By.cssSelector: .dropdown>a>img' in '10' second(s)

2021-10-21 14:08:33 - [MESSAGE][INFO] - Smart Wait Function is triggered

2021-10-21 14:08:33 - [MESSAGE][INFO] - Found 1 web elements with id: 'Object Repository/Kullanici_Islemleri/KullaniciIslemleri' located by 'By.cssSelector: .dropdown>a>img' in '10' second(s)

2021-10-21 14:08:33 - [MESSAGE][PASSED] - Object 'Object Repository/Kullanici_Islemleri/KullaniciIslemleri' is clickable

2021-10-21 14:08:33 - [TEST_STEP][PASSED] - click(findTestObject("Object Repository/Kullanici_Islemleri/KullaniciIslemleri")): Object: 'Object Repository/Kullanici_Islemleri/KullaniciIslemleri' is clicked on

2021-10-21 14:08:33 - [MESSAGE][INFO] - Finding Test Object 'Object Repository/Kullanici_Islemleri/KullaniciIslemleri'

2021-10-21 14:08:33 - [MESSAGE][INFO] - Checking object

2021-10-21 14:08:33 - [MESSAGE][INFO] - Finding web element from Test Object's properties

2021-10-21 14:08:33 - [MESSAGE][INFO] - Checking timeout

2021-10-21 14:08:33 - [MESSAGE][INFO] - Finding web element with id: 'Object Repository/Kullanici_Islemleri/KullaniciIslemleri' located by 'By.cssSelector: .dropdown>a>img' in '30' second(s)

2021-10-21 14:08:33 - [MESSAGE][INFO] - Smart Wait Function is triggered

2021-10-21 14:08:34 - [MESSAGE][INFO] - Found 1 web elements with id: 'Object Repository/Kullanici_Islemleri/KullaniciIslemleri' located by 'By.cssSelector: .dropdown>a>img' in '30' second(s)

2021-10-21 14:08:34 - [MESSAGE][INFO] - Clicking on object: 'Object Repository/Kullanici_Islemleri/KullaniciIslemleri'

2021-10-21 14:08:34 - [MESSAGE][PASSED] - Object: 'Object Repository/Kullanici_Islemleri/KullaniciIslemleri' is clicked on

2021-10-21 14:08:34 - [TEST_STEP][PASSED] - Method.TextDegerineEsitElementeTikla(findTestObject("Object Repository/Kullanici_Islemleri/Secenekler"), Islem): Method.TextDegerineEsitElementeTikla is PASSED

2021-10-21 14:08:34 - [MESSAGE][INFO] - Finding Test Object 'Object Repository/Kullanici_Islemleri/Secenekler'

2021-10-21 14:08:34 - [MESSAGE][INFO] - Checking timeout

2021-10-21 14:08:34 - [MESSAGE][INFO] - Finding web element with id: 'Object Repository/Kullanici_Islemleri/Secenekler' located by 'By.cssSelector: .nav.navbar-nav.navbar-right li a' in '10' second(s)

2021-10-21 14:08:34 - [MESSAGE][INFO] - Smart Wait Function is triggered

2021-10-21 14:08:34 - [MESSAGE][INFO] - Found 22 web elements with id: 'Object Repository/Kullanici_Islemleri/Secenekler' located by 'By.cssSelector: .nav.navbar-nav.navbar-right li a' in '10' second(s)

2021-10-21 14:08:36 - [MESSAGE][PASSED] - Method.TextDegerineEsitElementeTikla is PASSED

2021-10-21 14:08:36 - [TEST_STEP][PASSED] - verifyElementNotPresent(findTestObject("Object Repository/Kullanici_Islemleri/Secenekler"), 10): Web element with id: 'Object Repository/Kullanici_Islemleri/Secenekler' located by 'By.cssSelector: .nav.navbar-nav.navbar-right li a' is not present after '10' second(s)

2021-10-21 14:08:36 - [MESSAGE][INFO] - Finding Test Object 'Object Repository/Kullanici_Islemleri/Secenekler'

2021-10-21 14:08:36 - [MESSAGE][INFO] - Checking object

2021-10-21 14:08:36 - [MESSAGE][INFO] - Checking timeout

2021-10-21 14:08:36 - [MESSAGE][INFO] - Finding web element with id: 'Object Repository/Kullanici_Islemleri/Secenekler' located by 'By.cssSelector: .nav.navbar-nav.navbar-right li a' in '10' second(s)

2021-10-21 14:08:36 - [MESSAGE][INFO] - Smart Wait Function is triggered

2021-10-21 14:08:36 - [MESSAGE][PASSED] - Web element with id: 'Object Repository/Kullanici_Islemleri/Secenekler' located by 'By.cssSelector: .nav.navbar-nav.navbar-right li a' is not present after '10' second(s)

2021-10-21 14:08:36 - [MESSAGE][PASSED] - Call Test Case 'Test Cases/Kullanici_Islemleri/KullaniciIslemlerindenSecimYapilir' successfully

2021-10-21 14:08:36 - [TEST_CASE][PASSED] - Start Test Case : SCENARIO e-Mustahsil Makbuzlari Buton Kontrolu: SCENARIO e-Mustahsil Makbuzlari Buton Kontrolu

2021-10-21 14:08:36 - [TEST_STEP][PASSED] - Kullanıcı adı ELOGO6 ve Şifre 123456 olarak giriş yapılır: Kullanıcı adı ELOGO6 ve Şifre 123456 olarak giriş yapılır

2021-10-21 14:08:36 - [MESSAGE][PASSED] - Kullanıcı adı ELOGO6 ve Şifre 123456 olarak giriş yapılır

2021-10-21 14:08:36 - [TEST_STEP][PASSED] - Ana menüden e-Makbuz seçilir: Ana menüden e-Makbuz seçilir

2021-10-21 14:08:36 - [MESSAGE][PASSED] - Ana menüden e-Makbuz seçilir

2021-10-21 14:08:36 - [TEST_STEP][PASSED] - Alt menü e-Müstahsil Uygulaması başlığı altındaki e-Müstahsil Makbuzları seçilir: Alt menü e-Müstahsil Uygulaması başlığı altındaki e-Müstahsil Makbuzları seçilir

2021-10-21 14:08:36 - [MESSAGE][PASSED] - Alt menü e-Müstahsil Uygulaması başlığı altındaki e-Müstahsil Makbuzları seçilir

2021-10-21 14:08:36 - [TEST_STEP][PASSED] - Filtrelerden Oluşturma Tarihi filtresine 01.01.2020 baslangic degerini yaz: Filtrelerden Oluşturma Tarihi filtresine 01.01.2020 baslangic degerini yaz

2021-10-21 14:08:36 - [MESSAGE][PASSED] - Filtrelerden Oluşturma Tarihi filtresine 01.01.2020 baslangic degerini yaz

2021-10-21 14:08:36 - [TEST_STEP][PASSED] - Filtrelerden Oluşturma Tarihi filtresine 31.12.2020 bitis degerini yaz: Filtrelerden Oluşturma Tarihi filtresine 31.12.2020 bitis degerini yaz

2021-10-21 14:08:36 - [MESSAGE][PASSED] - Filtrelerden Oluşturma Tarihi filtresine 31.12.2020 bitis degerini yaz

2021-10-21 14:08:36 - [TEST_STEP][PASSED] - Filtre butonlarından Listele seçilir: Filtre butonlarından Listele seçilir

2021-10-21 14:08:36 - [MESSAGE][PASSED] - Filtre butonlarından Listele seçilir

2021-10-21 14:08:36 - [TEST_STEP][PASSED] - Tablodan ELOGO5 isimli verinin detayı tıklanır: Tablodan ELOGO5 isimli verinin detayı tıklanır

2021-10-21 14:08:36 - [MESSAGE][PASSED] - Tablodan ELOGO5 isimli verinin detayı tıklanır

2021-10-21 14:08:36 - [TEST_STEP][PASSED] - Tablodan ELOGO5 isimli verinin detayı tıklanır: Tablodan ELOGO5 isimli verinin detayı tıklanır

2021-10-21 14:08:36 - [MESSAGE][PASSED] - Tablodan ELOGO5 isimli verinin detayı tıklanır

2021-10-21 14:08:36 - [TEST_STEP][PASSED] - Listelenen öğe sayısı Sayfa 1 / 1 (2 öğe) mi: Listelenen öğe sayısı Sayfa 1 / 1 (2 öğe) mi

2021-10-21 14:08:36 - [MESSAGE][PASSED] - Listelenen öğe sayısı Sayfa 1 / 1 (2 öğe) mi

2021-10-21 14:08:36 - [TEST_STEP][PASSED] - Anasayfaya geri dönülür: Anasayfaya geri dönülür

2021-10-21 14:08:36 - [MESSAGE][PASSED] - Anasayfaya geri dönülür

2021-10-21 14:08:36 - [TEST_STEP][PASSED] - Ana menüden e-Makbuz seçilir: Ana menüden e-Makbuz seçilir

2021-10-21 14:08:36 - [MESSAGE][PASSED] - Ana menüden e-Makbuz seçilir

2021-10-21 14:08:36 - [TEST_STEP][PASSED] - Alt menü e-Müstahsil Uygulaması başlığı altındaki e-Müstahsil Makbuzları seçilir: Alt menü e-Müstahsil Uygulaması başlığı altındaki e-Müstahsil Makbuzları seçilir

2021-10-21 14:08:36 - [MESSAGE][PASSED] - Alt menü e-Müstahsil Uygulaması başlığı altındaki e-Müstahsil Makbuzları seçilir

2021-10-21 14:08:36 - [TEST_STEP][PASSED] - Filtrelerden Oluşturma Tarihi filtresine 01.01.2020 baslangic degerini yaz: Filtrelerden Oluşturma Tarihi filtresine 01.01.2020 baslangic degerini yaz

2021-10-21 14:08:36 - [MESSAGE][PASSED] - Filtrelerden Oluşturma Tarihi filtresine 01.01.2020 baslangic degerini yaz

2021-10-21 14:08:36 - [TEST_STEP][PASSED] - Filtrelerden Oluşturma Tarihi filtresine 31.12.2020 bitis degerini yaz: Filtrelerden Oluşturma Tarihi filtresine 31.12.2020 bitis degerini yaz

2021-10-21 14:08:36 - [MESSAGE][PASSED] - Filtrelerden Oluşturma Tarihi filtresine 31.12.2020 bitis degerini yaz

2021-10-21 14:08:36 - [TEST_STEP][PASSED] - Filtrelerden Makbuz Tarihi filtresine 01.11.2020 baslangic degerini yaz: Filtrelerden Makbuz Tarihi filtresine 01.11.2020 baslangic degerini yaz

2021-10-21 14:08:36 - [MESSAGE][PASSED] - Filtrelerden Makbuz Tarihi filtresine 01.11.2020 baslangic degerini yaz

2021-10-21 14:08:36 - [TEST_STEP][PASSED] - Filtrelerden Makbuz Tarihi filtresine 27.11.2020 bitis degerini yaz: Filtrelerden Makbuz Tarihi filtresine 27.11.2020 bitis degerini yaz

2021-10-21 14:08:36 - [MESSAGE][PASSED] - Filtrelerden Makbuz Tarihi filtresine 27.11.2020 bitis degerini yaz

2021-10-21 14:08:36 - [TEST_STEP][PASSED] - Filtre butonlarından Listele seçilir: Filtre butonlarından Listele seçilir

2021-10-21 14:08:36 - [MESSAGE][PASSED] - Filtre butonlarından Listele seçilir

2021-10-21 14:08:36 - [TEST_STEP][PASSED] - Listelenen öğe sayısı Sayfa 1 / 1 (1 öğe) mi: Listelenen öğe sayısı Sayfa 1 / 1 (1 öğe) mi

2021-10-21 14:08:36 - [MESSAGE][PASSED] - Listelenen öğe sayısı Sayfa 1 / 1 (1 öğe) mi

2021-10-21 14:08:36 - [TEST_STEP][PASSED] - Filtre alanlarında Oluşturma Tarihi var mı: Filtre alanlarında Oluşturma Tarihi var mı

2021-10-21 14:08:36 - [MESSAGE][PASSED] - Filtre alanlarında Oluşturma Tarihi var mı

2021-10-21 14:08:36 - [TEST_STEP][PASSED] - Filtre alanlarında Müstahsil Ad Soyad var mı: Filtre alanlarında Müstahsil Ad Soyad var mı

2021-10-21 14:08:36 - [MESSAGE][PASSED] - Filtre alanlarında Müstahsil Ad Soyad var mı

2021-10-21 14:08:36 - [TEST_STEP][PASSED] - Filtre alanlarında Müstahsil TCKN var mı: Filtre alanlarında Müstahsil TCKN var mı

2021-10-21 14:08:36 - [MESSAGE][PASSED] - Filtre alanlarında Müstahsil TCKN var mı

2021-10-21 14:08:36 - [TEST_STEP][PASSED] - Filtre alanlarında ETTN var mı: Filtre alanlarında ETTN var mı

2021-10-21 14:08:36 - [MESSAGE][PASSED] - Filtre alanlarında ETTN var mı

2021-10-21 14:08:36 - [TEST_STEP][PASSED] - Filtre alanlarında Makbuz No var mı: Filtre alanlarında Makbuz No var mı

2021-10-21 14:08:36 - [MESSAGE][PASSED] - Filtre alanlarında Makbuz No var mı

2021-10-21 14:08:36 - [TEST_STEP][PASSED] - Filtre alanlarında Atanan Departman var mı: Filtre alanlarında Atanan Departman var mı

2021-10-21 14:08:36 - [MESSAGE][PASSED] - Filtre alanlarında Atanan Departman var mı

2021-10-21 14:08:36 - [TEST_STEP][PASSED] - Filtre alanlarında Makbuz Tarihi var mı: Filtre alanlarında Makbuz Tarihi var mı

2021-10-21 14:08:36 - [MESSAGE][PASSED] - Filtre alanlarında Makbuz Tarihi var mı

2021-10-21 14:08:36 - [TEST_STEP][PASSED] - Filtre alanlarında Toplam Tutar var mı: Filtre alanlarında Toplam Tutar var mı

2021-10-21 14:08:36 - [MESSAGE][PASSED] - Filtre alanlarında Toplam Tutar var mı

2021-10-21 14:08:36 - [TEST_STEP][PASSED] - Filtre alanlarında Vergi Kesintisi Toplamı var mı: Filtre alanlarında Vergi Kesintisi Toplamı var mı

2021-10-21 14:08:36 - [MESSAGE][PASSED] - Filtre alanlarında Vergi Kesintisi Toplamı var mı

2021-10-21 14:08:36 - [TEST_STEP][PASSED] - Filtre alanlarında Ödenecek Tutar var mı: Filtre alanlarında Ödenecek Tutar var mı

2021-10-21 14:08:36 - [MESSAGE][PASSED] - Filtre alanlarında Ödenecek Tutar var mı

2021-10-21 14:08:36 - [TEST_STEP][PASSED] - Filtre alanlarında İptal Tarihi var mı: Filtre alanlarında İptal Tarihi var mı

2021-10-21 14:08:36 - [MESSAGE][PASSED] - Filtre alanlarında İptal Tarihi var mı

2021-10-21 14:08:36 - [TEST_STEP][PASSED] - Filtre alanlarında Durum var mı: Filtre alanlarında Durum var mı

2021-10-21 14:08:36 - [MESSAGE][PASSED] - Filtre alanlarında Durum var mı

2021-10-21 14:08:36 - [TEST_STEP][PASSED] - Filtre alanlarında Rapor Bilgisi var mı: Filtre alanlarında Rapor Bilgisi var mı

2021-10-21 14:08:36 - [MESSAGE][PASSED] - Filtre alanlarında Rapor Bilgisi var mı

2021-10-21 14:08:36 - [TEST_STEP][PASSED] - Filtre alanlarında Belge Statüsü var mı: Filtre alanlarında Belge Statüsü var mı

2021-10-21 14:08:36 - [MESSAGE][PASSED] - Filtre alanlarında Belge Statüsü var mı

2021-10-21 14:08:36 - [TEST_STEP][PASSED] - Filtre butonlarında Filtreleri Kaydet var mı: Filtre butonlarında Filtreleri Kaydet var mı

2021-10-21 14:08:36 - [MESSAGE][PASSED] - Filtre butonlarında Filtreleri Kaydet var mı

2021-10-21 14:08:36 - [TEST_STEP][PASSED] - Filtre butonlarında Listele var mı: Filtre butonlarında Listele var mı

2021-10-21 14:08:36 - [MESSAGE][PASSED] - Filtre butonlarında Listele var mı

2021-10-21 14:08:36 - [TEST_STEP][PASSED] - Filtre butonlarında Temizle var mı: Filtre butonlarında Temizle var mı

2021-10-21 14:08:36 - [MESSAGE][PASSED] - Filtre butonlarında Temizle var mı

2021-10-21 14:08:36 - [TEST_STEP][PASSED] - Butonlardan Excel var mı: Butonlardan Excel var mı

2021-10-21 14:08:36 - [MESSAGE][PASSED] - Butonlardan Excel var mı

2021-10-21 14:08:36 - [TEST_STEP][PASSED] - Butonlardan Toplu İndirme var mı: Butonlardan Toplu İndirme var mı

2021-10-21 14:08:36 - [MESSAGE][PASSED] - Butonlardan Toplu İndirme var mı

2021-10-21 14:08:36 - [TEST_STEP][PASSED] - Butonlardan Yazdır var mı: Butonlardan Yazdır var mı

2021-10-21 14:08:36 - [MESSAGE][PASSED] - Butonlardan Yazdır var mı

2021-10-21 14:08:36 - [TEST_STEP][PASSED] - Butonlardan UBL var mı: Butonlardan UBL var mı

2021-10-21 14:08:36 - [MESSAGE][PASSED] - Butonlardan UBL var mı

2021-10-21 14:08:36 - [TEST_STEP][PASSED] - Butonlardan PDF var mı: Butonlardan PDF var mı

2021-10-21 14:08:36 - [MESSAGE][PASSED] - Butonlardan PDF var mı

2021-10-21 14:08:36 - [TEST_STEP][PASSED] - Butonlardan İptal Et var mı: Butonlardan İptal Et var mı

2021-10-21 14:08:36 - [MESSAGE][PASSED] - Butonlardan İptal Et var mı

2021-10-21 14:08:36 - [TEST_STEP][PASSED] - Butonlardan İptal Geri Al var mı: Butonlardan İptal Geri Al var mı

2021-10-21 14:08:36 - [MESSAGE][PASSED] - Butonlardan İptal Geri Al var mı

2021-10-21 14:08:36 - [TEST_STEP][PASSED] - Butonlardan İzleme Kayıtları var mı: Butonlardan İzleme Kayıtları var mı

2021-10-21 14:08:36 - [MESSAGE][PASSED] - Butonlardan İzleme Kayıtları var mı

2021-10-21 14:08:36 - [TEST_STEP][PASSED] - Butonlardan Departman Ata var mı: Butonlardan Departman Ata var mı

2021-10-21 14:08:36 - [MESSAGE][PASSED] - Butonlardan Departman Ata var mı

2021-10-21 14:08:36 - [TEST_STEP][PASSED] - Butonlardan Departman Geri Al var mı: Butonlardan Departman Geri Al var mı

2021-10-21 14:08:36 - [MESSAGE][PASSED] - Butonlardan Departman Geri Al var mı

2021-10-21 14:08:36 - [TEST_STEP][PASSED] - Butonlardan Statü Ata var mı: Butonlardan Statü Ata var mı

2021-10-21 14:08:36 - [MESSAGE][PASSED] - Butonlardan Statü Ata var mı

2021-10-21 14:08:36 - [TEST_STEP][PASSED] - Butonlardan Excel isimli butona tıklanır: Butonlardan Excel isimli butona tıklanır

2021-10-21 14:08:36 - [MESSAGE][PASSED] - Butonlardan Excel isimli butona tıklanır

2021-10-21 14:08:36 - [TEST_STEP][PASSED] - Alt butonlardan Excel 'e Aktar var mı: Alt butonlardan Excel 'e Aktar var mı

2021-10-21 14:08:36 - [MESSAGE][PASSED] - Alt butonlardan Excel 'e Aktar var mı

2021-10-21 14:08:36 - [TEST_STEP][PASSED] - Alt butonlardan Tümünü Excel 'e Aktar var mı: Alt butonlardan Tümünü Excel 'e Aktar var mı

2021-10-21 14:08:36 - [MESSAGE][PASSED] - Alt butonlardan Tümünü Excel 'e Aktar var mı

2021-10-21 14:08:36 - [TEST_STEP][PASSED] - Butonlardan Toplu İndirme isimli butona tıklanır: Butonlardan Toplu İndirme isimli butona tıklanır

2021-10-21 14:08:36 - [MESSAGE][PASSED] - Butonlardan Toplu İndirme isimli butona tıklanır

2021-10-21 14:08:36 - [TEST_STEP][PASSED] - Alt butonlardan PDF Seçilenleri İndir var mı: Alt butonlardan PDF Seçilenleri İndir var mı

2021-10-21 14:08:36 - [MESSAGE][PASSED] - Alt butonlardan PDF Seçilenleri İndir var mı

2021-10-21 14:08:36 - [TEST_STEP][PASSED] - Alt butonlardan PDF Tümünü İndir var mı: Alt butonlardan PDF Tümünü İndir var mı

2021-10-21 14:08:36 - [MESSAGE][PASSED] - Alt butonlardan PDF Tümünü İndir var mı

2021-10-21 14:08:36 - [TEST_STEP][PASSED] - Butonlardan PDF isimli butona tıklanır: Butonlardan PDF isimli butona tıklanır

2021-10-21 14:08:36 - [MESSAGE][PASSED] - Butonlardan PDF isimli butona tıklanır

2021-10-21 14:08:36 - [TEST_STEP][PASSED] - Alt butonlardan Göster var mı: Alt butonlardan Göster var mı

2021-10-21 14:08:36 - [MESSAGE][PASSED] - Alt butonlardan Göster var mı

2021-10-21 14:08:36 - [TEST_STEP][PASSED] - Alt butonlardan İndir var mı: Alt butonlardan İndir var mı

2021-10-21 14:08:36 - [MESSAGE][PASSED] - Alt butonlardan İndir var mı

2021-10-21 14:08:36 - [TEST_STEP][PASSED] - Butonlardan Statü Ata isimli butona tıklanır: Butonlardan Statü Ata isimli butona tıklanır

2021-10-21 14:08:36 - [MESSAGE][PASSED] - Butonlardan Statü Ata isimli butona tıklanır

2021-10-21 14:08:36 - [TEST_STEP][PASSED] - Alt butonlardan Öndeğer var mı: Alt butonlardan Öndeğer var mı

2021-10-21 14:08:36 - [MESSAGE][PASSED] - Alt butonlardan Öndeğer var mı

2021-10-21 14:08:36 - [TEST_STEP][PASSED] - Kullanıcı işlemlerinden Çıkış seçilir: Kullanıcı işlemlerinden Çıkış seçilir

2021-10-21 14:08:36 - [MESSAGE][PASSED] - Kullanıcı işlemlerinden Çıkış seçilir

2021-10-21 14:08:36 - [MESSAGE][PASSED] - Feature file: 'Include/features/e-Makbuz/e-Mustahsil Uygulamasi/e-Mustahsil Makbuzlari/Ekran Kontrolu.feature' was passed

2021-10-21 14:08:36 - [TEST_STEP][PASSED] - Start listener action : sampleAfterTestSuite: Invoke 'com.kms.katalon.core.annotation.AfterTestCase' method: 'Listener.sampleAfterTestSuite(...)' completed.

2021-10-21 14:08:36 - [MESSAGE][INFO] - Starting invoke 'com.kms.katalon.core.annotation.AfterTestCase' method: 'Listener.sampleAfterTestSuite(...)'

2021-10-21 14:08:36 - [TEST_STEP][PASSED] - closeBrowser(): Invoke 'com.kms.katalon.core.annotation.AfterTestCase' method: 'Listener.sampleAfterTestSuite(...)' completed.

2021-10-21 14:08:36 - [MESSAGE][INFO] - Closing browser

2021-10-21 14:08:37 - [MESSAGE][PASSED] - Browser is closed

2021-10-21 14:08:37 - [MESSAGE][INFO] - Invoke 'com.kms.katalon.core.annotation.AfterTestCase' method: 'Listener.sampleAfterTestSuite(...)' completed.]]></system-out>
         <system-err><![CDATA[]]></system-err>
      </testcase>
      <testcase name="Test Cases/Case Repository/e-Makbuz/e-Mustahsil Uygulamasi/e-Mustahsil Makbuzlari/Goruntule" time="32.802" classname="Test Cases/Case Repository/e-Makbuz/e-Mustahsil Uygulamasi/e-Mustahsil Makbuzlari/Goruntule" status="PASSED">
         <system-out><![CDATA[2021-10-21 14:08:37 - [TEST_CASE][PASSED] - Test Cases/Case Repository/e-Makbuz/e-Mustahsil Uygulamasi/e-Mustahsil Makbuzlari/Goruntule: Test Cases/Case Repository/e-Makbuz/e-Mustahsil Uygulamasi/e-Mustahsil Makbuzlari/Goruntule

2021-10-21 14:08:37 - [TEST_STEP][PASSED] - Start listener action : sampleBeforeTestSuite: Invoke 'com.kms.katalon.core.annotation.BeforeTestCase' method: 'Listener.sampleBeforeTestSuite(...)' completed.

2021-10-21 14:08:37 - [MESSAGE][INFO] - Starting invoke 'com.kms.katalon.core.annotation.BeforeTestCase' method: 'Listener.sampleBeforeTestSuite(...)'

2021-10-21 14:08:37 - [TEST_STEP][PASSED] - openBrowser(baseUrl): Browser is opened with url: 'https://efatura-stage.elogo.com.tr/'

2021-10-21 14:08:37 - [MESSAGE][INFO] - Opening browser

2021-10-21 14:08:37 - [MESSAGE][INFO] - Starting 'Chrome' driver

2021-10-21 14:08:37 - [MESSAGE][INFO] - User set preference: ['prefs', '{download.default_directory=C:\otomasyondownfiles}']

2021-10-21 14:08:37 - [MESSAGE][INFO] - Action delay is set to 0 milliseconds

2021-10-21 14:08:38 - [MESSAGE][INFO] - Navigating browser to: 'https://efatura-stage.elogo.com.tr/'

2021-10-21 14:08:42 - [MESSAGE][PASSED] - Browser is opened with url: 'https://efatura-stage.elogo.com.tr/'

2021-10-21 14:08:42 - [TEST_STEP][PASSED] - maximizeWindow(): Invoke 'com.kms.katalon.core.annotation.BeforeTestCase' method: 'Listener.sampleBeforeTestSuite(...)' completed.

2021-10-21 14:08:42 - [MESSAGE][INFO] - Maximizing current window

2021-10-21 14:08:42 - [MESSAGE][PASSED] - Current window maximized

2021-10-21 14:08:42 - [MESSAGE][INFO] - Invoke 'com.kms.katalon.core.annotation.BeforeTestCase' method: 'Listener.sampleBeforeTestSuite(...)' completed.

2021-10-21 14:08:42 - [TEST_STEP][PASSED] - runFeatureFile("Include/features/e-Makbuz/e-Mustahsil Uygulamasi/e-Mustahsil Makbuzlari/Goruntule.feature"): Feature file: 'Include/features/e-Makbuz/e-Mustahsil Uygulamasi/e-Mustahsil Makbuzlari/Goruntule.feature' was passed

2021-10-21 14:08:42 - [MESSAGE][INFO] - Starting run keyword runFeatureFile: 'Include/features/e-Makbuz/e-Mustahsil Uygulamasi/e-Mustahsil Makbuzlari/Goruntule.feature' and extract report to folder: 'C:\Users\DELL\Downloads\EES_Katalon-main\Reports\20211021_140437\Suite Repository\e-Makbuz\20211021_140511/cucumber_report/1634814522800'...

2021-10-21 14:08:42 - [MESSAGE][INFO] - Glue: []

2021-10-21 14:08:43 - [MESSAGE][INFO] - Checking called Test Case

2021-10-21 14:08:43 - [MESSAGE][INFO] - Starting to call Test Case 'Test Cases/Sayfalar/Giris_Sayfasi/Login'

2021-10-21 14:08:43 - [TEST_CASE][PASSED] - Test Cases/Sayfalar/Giris_Sayfasi/Login: Test Cases/Sayfalar/Giris_Sayfasi/Login

2021-10-21 14:08:43 - [TEST_STEP][PASSED] - Sayfa_Basligi = getWindowTitle(): Current window's title is: 'LOGO e-Fatura'

2021-10-21 14:08:43 - [MESSAGE][INFO] - Getting current window's title

2021-10-21 14:08:43 - [MESSAGE][PASSED] - Current window's title is: 'LOGO e-Fatura'

2021-10-21 14:08:43 - [TEST_STEP][PASSED] - verifyMatch(Sayfa_Basligi, "LOGO e-Fatura", false): Actual text 'LOGO e-Fatura' and expected text 'LOGO e-Fatura' are matched 

2021-10-21 14:08:43 - [MESSAGE][INFO] - Matching actual text 'LOGO e-Fatura' with expected text 'LOGO e-Fatura'

2021-10-21 14:08:43 - [MESSAGE][PASSED] - Actual text 'LOGO e-Fatura' and expected text 'LOGO e-Fatura' are matched 

2021-10-21 14:08:43 - [TEST_STEP][PASSED] - sendKeys(findTestObject("Sayfalar/Giris_Sayfasi/Firma_Kodu"), KullaniciAdi): Keys 'ELOGO6' sent to object: 'Object Repository/Sayfalar/Giris_Sayfasi/Firma_Kodu'

2021-10-21 14:08:43 - [MESSAGE][INFO] - Finding Test Object 'Object Repository/Sayfalar/Giris_Sayfasi/Firma_Kodu'

2021-10-21 14:08:43 - [MESSAGE][INFO] - Sending keys 'ELOGO6' to object: 'Object Repository/Sayfalar/Giris_Sayfasi/Firma_Kodu'

2021-10-21 14:08:43 - [MESSAGE][INFO] - Finding web element from Test Object's properties

2021-10-21 14:08:43 - [MESSAGE][INFO] - Checking timeout

2021-10-21 14:08:43 - [MESSAGE][INFO] - Finding web element with id: 'Object Repository/Sayfalar/Giris_Sayfasi/Firma_Kodu' located by 'By.xpath: //*[@id = 'AccountName']' in '30' second(s)

2021-10-21 14:08:43 - [MESSAGE][INFO] - Smart Wait Function is triggered

2021-10-21 14:08:44 - [MESSAGE][INFO] - Found 1 web elements with id: 'Object Repository/Sayfalar/Giris_Sayfasi/Firma_Kodu' located by 'By.xpath: //*[@id = 'AccountName']' in '30' second(s)

2021-10-21 14:08:44 - [MESSAGE][PASSED] - Keys 'ELOGO6' sent to object: 'Object Repository/Sayfalar/Giris_Sayfasi/Firma_Kodu'

2021-10-21 14:08:44 - [TEST_STEP][PASSED] - sendKeys(findTestObject("Sayfalar/Giris_Sayfasi/Sifre"), Sifre): Keys '123456' sent to object: 'Object Repository/Sayfalar/Giris_Sayfasi/Sifre'

2021-10-21 14:08:44 - [MESSAGE][INFO] - Finding Test Object 'Object Repository/Sayfalar/Giris_Sayfasi/Sifre'

2021-10-21 14:08:44 - [MESSAGE][INFO] - Sending keys '123456' to object: 'Object Repository/Sayfalar/Giris_Sayfasi/Sifre'

2021-10-21 14:08:44 - [MESSAGE][INFO] - Finding web element from Test Object's properties

2021-10-21 14:08:44 - [MESSAGE][INFO] - Checking timeout

2021-10-21 14:08:44 - [MESSAGE][INFO] - Finding web element with id: 'Object Repository/Sayfalar/Giris_Sayfasi/Sifre' located by 'By.xpath: //*[@id = 'Password']' in '30' second(s)

2021-10-21 14:08:44 - [MESSAGE][INFO] - Smart Wait Function is triggered

2021-10-21 14:08:44 - [MESSAGE][INFO] - Found 1 web elements with id: 'Object Repository/Sayfalar/Giris_Sayfasi/Sifre' located by 'By.xpath: //*[@id = 'Password']' in '30' second(s)

2021-10-21 14:08:44 - [MESSAGE][PASSED] - Keys '123456' sent to object: 'Object Repository/Sayfalar/Giris_Sayfasi/Sifre'

2021-10-21 14:08:44 - [TEST_STEP][PASSED] - findWebElement(findTestObject("Sayfalar/Giris_Sayfasi/Giris_Butonu")).click(): Found 1 web elements with id: 'Object Repository/Sayfalar/Giris_Sayfasi/Giris_Butonu' located by 'By.cssSelector: #btnLogin' in '30' second(s)

2021-10-21 14:08:44 - [MESSAGE][INFO] - Finding Test Object 'Object Repository/Sayfalar/Giris_Sayfasi/Giris_Butonu'

2021-10-21 14:08:44 - [MESSAGE][INFO] - Finding web element from Test Object's properties

2021-10-21 14:08:44 - [MESSAGE][INFO] - Checking timeout

2021-10-21 14:08:44 - [MESSAGE][INFO] - Finding web element with id: 'Object Repository/Sayfalar/Giris_Sayfasi/Giris_Butonu' located by 'By.cssSelector: #btnLogin' in '30' second(s)

2021-10-21 14:08:44 - [MESSAGE][INFO] - Smart Wait Function is triggered

2021-10-21 14:08:45 - [MESSAGE][INFO] - Found 1 web elements with id: 'Object Repository/Sayfalar/Giris_Sayfasi/Giris_Butonu' located by 'By.cssSelector: #btnLogin' in '30' second(s)

2021-10-21 14:08:47 - [TEST_STEP][PASSED] - if (verifyElementPresent(findTestObject("Object Repository/Sayfalar/Giris_Sayfasi/RetveTamam_Butonu"), 5, OPTIONAL)): null

2021-10-21 14:08:47 - [MESSAGE][INFO] - Finding Test Object 'Object Repository/Sayfalar/Giris_Sayfasi/RetveTamam_Butonu'

2021-10-21 14:08:47 - [MESSAGE][INFO] - Checking object

2021-10-21 14:08:47 - [MESSAGE][INFO] - Finding web element from Test Object's properties

2021-10-21 14:08:47 - [MESSAGE][INFO] - Checking timeout

2021-10-21 14:08:47 - [MESSAGE][INFO] - Finding web element with id: 'Object Repository/Sayfalar/Giris_Sayfasi/RetveTamam_Butonu' located by 'By.xpath: //*[@class = 'btn btn-default']' in '5' second(s)

2021-10-21 14:08:47 - [MESSAGE][INFO] - Smart Wait Function is triggered

2021-10-21 14:08:48 - [MESSAGE][INFO] - Found 1 web elements with id: 'Object Repository/Sayfalar/Giris_Sayfasi/RetveTamam_Butonu' located by 'By.xpath: //*[@class = 'btn btn-default']' in '5' second(s)

2021-10-21 14:08:48 - [MESSAGE][PASSED] - Object 'Object Repository/Sayfalar/Giris_Sayfasi/RetveTamam_Butonu' is present

2021-10-21 14:08:48 - [TEST_STEP][PASSED] - click(findTestObject("Object Repository/Sayfalar/Giris_Sayfasi/RetveTamam_Butonu")): Object: 'Object Repository/Sayfalar/Giris_Sayfasi/RetveTamam_Butonu' is clicked on

2021-10-21 14:08:48 - [MESSAGE][INFO] - Finding Test Object 'Object Repository/Sayfalar/Giris_Sayfasi/RetveTamam_Butonu'

2021-10-21 14:08:48 - [MESSAGE][INFO] - Checking object

2021-10-21 14:08:48 - [MESSAGE][INFO] - Finding web element from Test Object's properties

2021-10-21 14:08:48 - [MESSAGE][INFO] - Checking timeout

2021-10-21 14:08:48 - [MESSAGE][INFO] - Finding web element with id: 'Object Repository/Sayfalar/Giris_Sayfasi/RetveTamam_Butonu' located by 'By.xpath: //*[@class = 'btn btn-default']' in '30' second(s)

2021-10-21 14:08:48 - [MESSAGE][INFO] - Smart Wait Function is triggered

2021-10-21 14:08:48 - [MESSAGE][INFO] - Found 1 web elements with id: 'Object Repository/Sayfalar/Giris_Sayfasi/RetveTamam_Butonu' located by 'By.xpath: //*[@class = 'btn btn-default']' in '30' second(s)

2021-10-21 14:08:48 - [MESSAGE][INFO] - Clicking on object: 'Object Repository/Sayfalar/Giris_Sayfasi/RetveTamam_Butonu'

2021-10-21 14:08:48 - [MESSAGE][PASSED] - Object: 'Object Repository/Sayfalar/Giris_Sayfasi/RetveTamam_Butonu' is clicked on

2021-10-21 14:08:48 - [TEST_STEP][PASSED] - click(findTestObject("Object Repository/Sayfalar/Giris_Sayfasi/RetveTamam_Butonu")): Object: 'Object Repository/Sayfalar/Giris_Sayfasi/RetveTamam_Butonu' is clicked on

2021-10-21 14:08:48 - [MESSAGE][INFO] - Finding Test Object 'Object Repository/Sayfalar/Giris_Sayfasi/RetveTamam_Butonu'

2021-10-21 14:08:48 - [MESSAGE][INFO] - Checking object

2021-10-21 14:08:48 - [MESSAGE][INFO] - Finding web element from Test Object's properties

2021-10-21 14:08:48 - [MESSAGE][INFO] - Checking timeout

2021-10-21 14:08:48 - [MESSAGE][INFO] - Finding web element with id: 'Object Repository/Sayfalar/Giris_Sayfasi/RetveTamam_Butonu' located by 'By.xpath: //*[@class = 'btn btn-default']' in '30' second(s)

2021-10-21 14:08:48 - [MESSAGE][INFO] - Smart Wait Function is triggered

2021-10-21 14:08:50 - [MESSAGE][INFO] - Found 1 web elements with id: 'Object Repository/Sayfalar/Giris_Sayfasi/RetveTamam_Butonu' located by 'By.xpath: //*[@class = 'btn btn-default']' in '30' second(s)

2021-10-21 14:08:50 - [MESSAGE][INFO] - Clicking on object: 'Object Repository/Sayfalar/Giris_Sayfasi/RetveTamam_Butonu'

2021-10-21 14:08:50 - [MESSAGE][PASSED] - Object: 'Object Repository/Sayfalar/Giris_Sayfasi/RetveTamam_Butonu' is clicked on

2021-10-21 14:08:50 - [TEST_STEP][PASSED] - if (verifyElementPresent(findTestObject("Sayfalar/Giris_Sayfasi/PopupOK"), 5, OPTIONAL)): null

2021-10-21 14:08:50 - [MESSAGE][INFO] - Finding Test Object 'Object Repository/Sayfalar/Giris_Sayfasi/PopupOK'

2021-10-21 14:08:50 - [MESSAGE][INFO] - Checking object

2021-10-21 14:08:50 - [MESSAGE][INFO] - Finding web element from Test Object's properties

2021-10-21 14:08:50 - [MESSAGE][INFO] - Checking timeout

2021-10-21 14:08:50 - [MESSAGE][INFO] - Finding web element with id: 'Object Repository/Sayfalar/Giris_Sayfasi/PopupOK' located by 'By.cssSelector: .btn.btn-success' in '5' second(s)

2021-10-21 14:08:50 - [MESSAGE][INFO] - Smart Wait Function is triggered

2021-10-21 14:08:51 - [MESSAGE][INFO] - Found 1 web elements with id: 'Object Repository/Sayfalar/Giris_Sayfasi/PopupOK' located by 'By.cssSelector: .btn.btn-success' in '5' second(s)

2021-10-21 14:08:51 - [MESSAGE][PASSED] - Object 'Object Repository/Sayfalar/Giris_Sayfasi/PopupOK' is present

2021-10-21 14:08:51 - [TEST_STEP][PASSED] - click(findTestObject("Object Repository/Sayfalar/Giris_Sayfasi/PopupCarpiGiris")): Object: 'Object Repository/Sayfalar/Giris_Sayfasi/PopupCarpiGiris' is clicked on

2021-10-21 14:08:51 - [MESSAGE][INFO] - Finding Test Object 'Object Repository/Sayfalar/Giris_Sayfasi/PopupCarpiGiris'

2021-10-21 14:08:51 - [MESSAGE][INFO] - Checking object

2021-10-21 14:08:51 - [MESSAGE][INFO] - Finding web element from Test Object's properties

2021-10-21 14:08:51 - [MESSAGE][INFO] - Checking timeout

2021-10-21 14:08:51 - [MESSAGE][INFO] - Finding web element with id: 'Object Repository/Sayfalar/Giris_Sayfasi/PopupCarpiGiris' located by 'By.cssSelector: .bootbox-close-button.close' in '30' second(s)

2021-10-21 14:08:51 - [MESSAGE][INFO] - Smart Wait Function is triggered

2021-10-21 14:08:51 - [MESSAGE][INFO] - Found 1 web elements with id: 'Object Repository/Sayfalar/Giris_Sayfasi/PopupCarpiGiris' located by 'By.cssSelector: .bootbox-close-button.close' in '30' second(s)

2021-10-21 14:08:51 - [MESSAGE][INFO] - Clicking on object: 'Object Repository/Sayfalar/Giris_Sayfasi/PopupCarpiGiris'

2021-10-21 14:08:51 - [MESSAGE][PASSED] - Object: 'Object Repository/Sayfalar/Giris_Sayfasi/PopupCarpiGiris' is clicked on

2021-10-21 14:08:51 - [TEST_STEP][PASSED] - verifyElementVisible(findTestObject("Object Repository/Kullanici_Islemleri/KullaniciIslemleri")): Object 'Object Repository/Kullanici_Islemleri/KullaniciIslemleri' is visible

2021-10-21 14:08:51 - [MESSAGE][INFO] - Finding Test Object 'Object Repository/Kullanici_Islemleri/KullaniciIslemleri'

2021-10-21 14:08:52 - [MESSAGE][INFO] - Checking object

2021-10-21 14:08:52 - [MESSAGE][INFO] - Finding web element from Test Object's properties

2021-10-21 14:08:52 - [MESSAGE][INFO] - Checking timeout

2021-10-21 14:08:52 - [MESSAGE][INFO] - Finding web element with id: 'Object Repository/Kullanici_Islemleri/KullaniciIslemleri' located by 'By.cssSelector: .dropdown>a>img' in '30' second(s)

2021-10-21 14:08:52 - [MESSAGE][INFO] - Smart Wait Function is triggered

2021-10-21 14:08:52 - [MESSAGE][INFO] - Found 1 web elements with id: 'Object Repository/Kullanici_Islemleri/KullaniciIslemleri' located by 'By.cssSelector: .dropdown>a>img' in '30' second(s)

2021-10-21 14:08:52 - [MESSAGE][PASSED] - Object 'Object Repository/Kullanici_Islemleri/KullaniciIslemleri' is visible

2021-10-21 14:08:52 - [MESSAGE][PASSED] - Call Test Case 'Test Cases/Sayfalar/Giris_Sayfasi/Login' successfully

2021-10-21 14:08:52 - [MESSAGE][INFO] - Checking called Test Case

2021-10-21 14:08:52 - [MESSAGE][INFO] - Starting to call Test Case 'Test Cases/Menu/AnaMenuSecimi'

2021-10-21 14:08:52 - [TEST_CASE][PASSED] - Test Cases/Menu/AnaMenuSecimi: Test Cases/Menu/AnaMenuSecimi

2021-10-21 14:08:52 - [TEST_STEP][PASSED] - Method.TextDegerineEsitElementeTikla(findTestObject("Menu/Ana_Menu"), Ana_Menu): Method.TextDegerineEsitElementeTikla is PASSED

2021-10-21 14:08:52 - [MESSAGE][INFO] - Finding Test Object 'Object Repository/Menu/Ana_Menu'

2021-10-21 14:08:52 - [MESSAGE][INFO] - Checking timeout

2021-10-21 14:08:52 - [MESSAGE][INFO] - Finding web element with id: 'Object Repository/Menu/Ana_Menu' located by 'By.xpath: //*[@class = 'dropdown-toggle']' in '10' second(s)

2021-10-21 14:08:52 - [MESSAGE][INFO] - Smart Wait Function is triggered

2021-10-21 14:08:53 - [MESSAGE][INFO] - Found 14 web elements with id: 'Object Repository/Menu/Ana_Menu' located by 'By.xpath: //*[@class = 'dropdown-toggle']' in '10' second(s)

2021-10-21 14:08:53 - [MESSAGE][PASSED] - Method.TextDegerineEsitElementeTikla is PASSED

2021-10-21 14:08:53 - [MESSAGE][PASSED] - Call Test Case 'Test Cases/Menu/AnaMenuSecimi' successfully

2021-10-21 14:08:53 - [MESSAGE][INFO] - Checking called Test Case

2021-10-21 14:08:53 - [MESSAGE][INFO] - Starting to call Test Case 'Test Cases/Menu/BasligaGoreAltMenuSecimi'

2021-10-21 14:08:53 - [TEST_CASE][PASSED] - Test Cases/Menu/BasligaGoreAltMenuSecimi: Test Cases/Menu/BasligaGoreAltMenuSecimi

2021-10-21 14:08:53 - [TEST_STEP][PASSED] - Method.TextDegerineEsitElementinAltindakiTextDegerineEsitOlanaTikla(findTestObject("Menu/Menu_Basligi"), findTestObject("Menu/Basliga_Gore_Alt_Menu"), Baslik, Alt_Menu): Method.TextDegerineEsitElementinAltindakiTextDegerineEsitOlanaTikla is PASSED

2021-10-21 14:08:53 - [MESSAGE][INFO] - Finding Test Object 'Object Repository/Menu/Menu_Basligi'

2021-10-21 14:08:53 - [MESSAGE][INFO] - Finding Test Object 'Object Repository/Menu/Basliga_Gore_Alt_Menu'

2021-10-21 14:08:53 - [MESSAGE][INFO] - Checking timeout

2021-10-21 14:08:53 - [MESSAGE][INFO] - Finding web element with id: 'Object Repository/Menu/Menu_Basligi' located by 'By.xpath: //li[@class='dropdown dropdown-large open']//li[@class='dropdown-header']' in '10' second(s)

2021-10-21 14:08:53 - [MESSAGE][INFO] - Smart Wait Function is triggered

2021-10-21 14:08:53 - [MESSAGE][INFO] - Found 2 web elements with id: 'Object Repository/Menu/Menu_Basligi' located by 'By.xpath: //li[@class='dropdown dropdown-large open']//li[@class='dropdown-header']' in '10' second(s)

2021-10-21 14:08:53 - [MESSAGE][INFO] - Smart Wait Function is triggered

2021-10-21 14:08:57 - [MESSAGE][PASSED] - Method.TextDegerineEsitElementinAltindakiTextDegerineEsitOlanaTikla is PASSED

2021-10-21 14:08:57 - [MESSAGE][PASSED] - Call Test Case 'Test Cases/Menu/BasligaGoreAltMenuSecimi' successfully

2021-10-21 14:08:57 - [MESSAGE][INFO] - Checking called Test Case

2021-10-21 14:08:57 - [MESSAGE][INFO] - Starting to call Test Case 'Test Cases/Filtreler/BaslangicYaz'

2021-10-21 14:08:57 - [TEST_CASE][PASSED] - Test Cases/Filtreler/BaslangicYaz: Test Cases/Filtreler/BaslangicYaz

2021-10-21 14:08:57 - [TEST_STEP][PASSED] - Method.TextDegerineEsitElementinAltindakineTikla(findTestObject("Filtreler/Basliklar"), findTestObject("Filtreler/Basliga_Gore_Baslangic_Image"), Filtre_Adi): Method.TextDegerineEsitElementinAltindakineTikla is PASSED

2021-10-21 14:08:57 - [MESSAGE][INFO] - Finding Test Object 'Object Repository/Filtreler/Basliklar'

2021-10-21 14:08:57 - [MESSAGE][INFO] - Finding Test Object 'Object Repository/Filtreler/Basliga_Gore_Baslangic_Image'

2021-10-21 14:08:57 - [MESSAGE][INFO] - Checking timeout

2021-10-21 14:08:57 - [MESSAGE][INFO] - Finding web element with id: 'Object Repository/Filtreler/Basliklar' located by 'By.cssSelector: .control-label.col-sm-4.paddingMarginRLC' in '10' second(s)

2021-10-21 14:08:57 - [MESSAGE][INFO] - Smart Wait Function is triggered

2021-10-21 14:08:58 - [MESSAGE][INFO] - Found 14 web elements with id: 'Object Repository/Filtreler/Basliklar' located by 'By.cssSelector: .control-label.col-sm-4.paddingMarginRLC' in '10' second(s)

2021-10-21 14:08:58 - [MESSAGE][INFO] - Smart Wait Function is triggered

2021-10-21 14:08:58 - [MESSAGE][PASSED] - Method.TextDegerineEsitElementinAltindakineTikla is PASSED

2021-10-21 14:08:58 - [TEST_STEP][PASSED] - Method.TextDegerineEsitElementinAltindakiTextboxtaYaz(findTestObject("Filtreler/Basliklar"), findTestObject("Filtreler/Basliga_Gore_Baslangic"), Filtre_Adi, Filtre_Degeri): Method.TextDegerineEsitElementinAltindakiTextboxtaYaz is PASSED

2021-10-21 14:08:58 - [MESSAGE][INFO] - Finding Test Object 'Object Repository/Filtreler/Basliklar'

2021-10-21 14:08:58 - [MESSAGE][INFO] - Finding Test Object 'Object Repository/Filtreler/Basliga_Gore_Baslangic'

2021-10-21 14:08:58 - [MESSAGE][INFO] - Checking timeout

2021-10-21 14:08:58 - [MESSAGE][INFO] - Finding web element with id: 'Object Repository/Filtreler/Basliklar' located by 'By.cssSelector: .control-label.col-sm-4.paddingMarginRLC' in '10' second(s)

2021-10-21 14:08:58 - [MESSAGE][INFO] - Smart Wait Function is triggered

2021-10-21 14:08:58 - [MESSAGE][INFO] - Found 14 web elements with id: 'Object Repository/Filtreler/Basliklar' located by 'By.cssSelector: .control-label.col-sm-4.paddingMarginRLC' in '10' second(s)

2021-10-21 14:08:58 - [MESSAGE][INFO] - Smart Wait Function is triggered

2021-10-21 14:08:59 - [MESSAGE][PASSED] - Method.TextDegerineEsitElementinAltindakiTextboxtaYaz is PASSED

2021-10-21 14:08:59 - [MESSAGE][PASSED] - Call Test Case 'Test Cases/Filtreler/BaslangicYaz' successfully

2021-10-21 14:08:59 - [MESSAGE][INFO] - Checking called Test Case

2021-10-21 14:08:59 - [MESSAGE][INFO] - Starting to call Test Case 'Test Cases/Filtreler/BitisYaz'

2021-10-21 14:08:59 - [TEST_CASE][PASSED] - Test Cases/Filtreler/BitisYaz: Test Cases/Filtreler/BitisYaz

2021-10-21 14:08:59 - [TEST_STEP][PASSED] - Method.TextDegerineEsitElementinAltindakineTikla(findTestObject("Filtreler/Basliklar"), findTestObject("Filtreler/Basliga_Gore_Bitis_Image"), Filtre_Adi): Method.TextDegerineEsitElementinAltindakineTikla is PASSED

2021-10-21 14:08:59 - [MESSAGE][INFO] - Finding Test Object 'Object Repository/Filtreler/Basliklar'

2021-10-21 14:08:59 - [MESSAGE][INFO] - Finding Test Object 'Object Repository/Filtreler/Basliga_Gore_Bitis_Image'

2021-10-21 14:08:59 - [MESSAGE][INFO] - Checking timeout

2021-10-21 14:08:59 - [MESSAGE][INFO] - Finding web element with id: 'Object Repository/Filtreler/Basliklar' located by 'By.cssSelector: .control-label.col-sm-4.paddingMarginRLC' in '10' second(s)

2021-10-21 14:08:59 - [MESSAGE][INFO] - Smart Wait Function is triggered

2021-10-21 14:08:59 - [MESSAGE][INFO] - Found 14 web elements with id: 'Object Repository/Filtreler/Basliklar' located by 'By.cssSelector: .control-label.col-sm-4.paddingMarginRLC' in '10' second(s)

2021-10-21 14:08:59 - [MESSAGE][INFO] - Smart Wait Function is triggered

2021-10-21 14:09:00 - [MESSAGE][PASSED] - Method.TextDegerineEsitElementinAltindakineTikla is PASSED

2021-10-21 14:09:00 - [TEST_STEP][PASSED] - Method.TextDegerineEsitElementinAltindakiTextboxtaYaz(findTestObject("Filtreler/Basliklar"), findTestObject("Object Repository/Filtreler/Basliga_Gore_Bitis"), Filtre_Adi, Filtre_Degeri): Method.TextDegerineEsitElementinAltindakiTextboxtaYaz is PASSED

2021-10-21 14:09:00 - [MESSAGE][INFO] - Finding Test Object 'Object Repository/Filtreler/Basliklar'

2021-10-21 14:09:00 - [MESSAGE][INFO] - Finding Test Object 'Object Repository/Filtreler/Basliga_Gore_Bitis'

2021-10-21 14:09:00 - [MESSAGE][INFO] - Checking timeout

2021-10-21 14:09:00 - [MESSAGE][INFO] - Finding web element with id: 'Object Repository/Filtreler/Basliklar' located by 'By.cssSelector: .control-label.col-sm-4.paddingMarginRLC' in '10' second(s)

2021-10-21 14:09:00 - [MESSAGE][INFO] - Smart Wait Function is triggered

2021-10-21 14:09:00 - [MESSAGE][INFO] - Found 14 web elements with id: 'Object Repository/Filtreler/Basliklar' located by 'By.cssSelector: .control-label.col-sm-4.paddingMarginRLC' in '10' second(s)

2021-10-21 14:09:00 - [MESSAGE][INFO] - Smart Wait Function is triggered

2021-10-21 14:09:01 - [MESSAGE][PASSED] - Method.TextDegerineEsitElementinAltindakiTextboxtaYaz is PASSED

2021-10-21 14:09:01 - [MESSAGE][PASSED] - Call Test Case 'Test Cases/Filtreler/BitisYaz' successfully

2021-10-21 14:09:01 - [MESSAGE][INFO] - Checking called Test Case

2021-10-21 14:09:01 - [MESSAGE][INFO] - Starting to call Test Case 'Test Cases/Filtreler/ButonaTikla'

2021-10-21 14:09:01 - [TEST_CASE][PASSED] - Test Cases/Filtreler/ButonaTikla: Test Cases/Filtreler/ButonaTikla

2021-10-21 14:09:01 - [TEST_STEP][PASSED] - Method.TextDegerineEsitElementeTikla(findTestObject("Filtreler/Butonlar"), Filtre_Buton): Method.TextDegerineEsitElementeTikla is PASSED

2021-10-21 14:09:01 - [MESSAGE][INFO] - Finding Test Object 'Object Repository/Filtreler/Butonlar'

2021-10-21 14:09:01 - [MESSAGE][INFO] - Checking timeout

2021-10-21 14:09:01 - [MESSAGE][INFO] - Finding web element with id: 'Object Repository/Filtreler/Butonlar' located by 'By.cssSelector: .dxb>span' in '10' second(s)

2021-10-21 14:09:01 - [MESSAGE][INFO] - Smart Wait Function is triggered

2021-10-21 14:09:01 - [MESSAGE][INFO] - Found 3 web elements with id: 'Object Repository/Filtreler/Butonlar' located by 'By.cssSelector: .dxb>span' in '10' second(s)

2021-10-21 14:09:01 - [MESSAGE][PASSED] - Method.TextDegerineEsitElementeTikla is PASSED

2021-10-21 14:09:01 - [MESSAGE][PASSED] - Call Test Case 'Test Cases/Filtreler/ButonaTikla' successfully

2021-10-21 14:09:01 - [MESSAGE][INFO] - Checking called Test Case

2021-10-21 14:09:01 - [MESSAGE][INFO] - Starting to call Test Case 'Test Cases/Tablo/TablodaVeriVarMi'

2021-10-21 14:09:01 - [TEST_CASE][PASSED] - Test Cases/Tablo/TablodaVeriVarMi: Test Cases/Tablo/TablodaVeriVarMi

2021-10-21 14:09:01 - [TEST_STEP][PASSED] - verifyTextNotPresent("Görüntülenecek veri yok", true): Text 'Görüntülenecek veri yok' is not present on page using regular expression

2021-10-21 14:09:01 - [MESSAGE][INFO] - Checking text present  using regular expression

2021-10-21 14:09:02 - [MESSAGE][INFO] - Smart Wait Function is triggered

2021-10-21 14:09:02 - [MESSAGE][INFO] - Finding text 'Görüntülenecek veri yok' on page  using regular expression

2021-10-21 14:09:02 - [MESSAGE][PASSED] - Text 'Görüntülenecek veri yok' is not present on page using regular expression

2021-10-21 14:09:02 - [MESSAGE][PASSED] - Call Test Case 'Test Cases/Tablo/TablodaVeriVarMi' successfully

2021-10-21 14:09:02 - [MESSAGE][INFO] - Checking called Test Case

2021-10-21 14:09:02 - [MESSAGE][INFO] - Starting to call Test Case 'Test Cases/Tablo/TablonunButonunaTikla'

2021-10-21 14:09:03 - [TEST_CASE][PASSED] - Test Cases/Tablo/TablonunButonunaTikla: Test Cases/Tablo/TablonunButonunaTikla

2021-10-21 14:09:03 - [TEST_STEP][PASSED] - Method.TextDegerineEsitElementinAltindakiTextDegerineEsitOlanaTikla(findTestObject("Tablo/Veriler"), findTestObject("Tablo/VerininButonu"), Veri, Buton_Adi): Method.TextDegerineEsitElementinAltindakiTextDegerineEsitOlanaTikla is PASSED

2021-10-21 14:09:03 - [MESSAGE][INFO] - Finding Test Object 'Object Repository/Tablo/Veriler'

2021-10-21 14:09:03 - [MESSAGE][INFO] - Finding Test Object 'Object Repository/Tablo/VerininButonu'

2021-10-21 14:09:03 - [MESSAGE][INFO] - Checking timeout

2021-10-21 14:09:03 - [MESSAGE][INFO] - Finding web element with id: 'Object Repository/Tablo/Veriler' located by 'By.cssSelector: td.dxgv b ,td.dxgv' in '10' second(s)

2021-10-21 14:09:03 - [MESSAGE][INFO] - Smart Wait Function is triggered

2021-10-21 14:09:04 - [MESSAGE][INFO] - Found 13 web elements with id: 'Object Repository/Tablo/Veriler' located by 'By.cssSelector: td.dxgv b ,td.dxgv' in '10' second(s)

2021-10-21 14:09:04 - [MESSAGE][INFO] - Smart Wait Function is triggered

2021-10-21 14:09:04 - [MESSAGE][PASSED] - Method.TextDegerineEsitElementinAltindakiTextDegerineEsitOlanaTikla is PASSED

2021-10-21 14:09:04 - [MESSAGE][PASSED] - Call Test Case 'Test Cases/Tablo/TablonunButonunaTikla' successfully

2021-10-21 14:09:04 - [MESSAGE][INFO] - Checking called Test Case

2021-10-21 14:09:04 - [MESSAGE][INFO] - Starting to call Test Case 'Test Cases/Sekmeler/YeniSekmeyeGec'

2021-10-21 14:09:04 - [TEST_CASE][PASSED] - Test Cases/Sekmeler/YeniSekmeyeGec: Test Cases/Sekmeler/YeniSekmeyeGec

2021-10-21 14:09:04 - [TEST_STEP][PASSED] - switchToWindowIndex(1): Switched to window with index: '1'

2021-10-21 14:09:04 - [MESSAGE][INFO] - Checking index

2021-10-21 14:09:04 - [MESSAGE][INFO] - Switching window with index: '1'

2021-10-21 14:09:04 - [MESSAGE][PASSED] - Switched to window with index: '1'

2021-10-21 14:09:04 - [MESSAGE][PASSED] - Call Test Case 'Test Cases/Sekmeler/YeniSekmeyeGec' successfully

2021-10-21 14:09:04 - [MESSAGE][INFO] - Checking called Test Case

2021-10-21 14:09:04 - [MESSAGE][INFO] - Starting to call Test Case 'Test Cases/Sekmeler/YeniSekmeBasligindaVarMi'

2021-10-21 14:09:04 - [TEST_CASE][PASSED] - Test Cases/Sekmeler/YeniSekmeBasligindaVarMi: Test Cases/Sekmeler/YeniSekmeBasligindaVarMi

2021-10-21 14:09:05 - [TEST_STEP][PASSED] - verifyElementText(findTestObject("Object Repository/Sekmeler/Olusturma_Goster_Baslik"), Title): Actual text and expected text of test object 'Object Repository/Sekmeler/Olusturma_Goster_Baslik' are matched.

2021-10-21 14:09:05 - [MESSAGE][INFO] - Finding Test Object 'Object Repository/Sekmeler/Olusturma_Goster_Baslik'

2021-10-21 14:09:05 - [MESSAGE][INFO] - Checking object

2021-10-21 14:09:05 - [MESSAGE][INFO] - Finding web element from Test Object's properties

2021-10-21 14:09:05 - [MESSAGE][INFO] - Checking timeout

2021-10-21 14:09:05 - [MESSAGE][INFO] - Finding web element with id: 'Object Repository/Sekmeler/Olusturma_Goster_Baslik' located by 'By.cssSelector: h1>span,td>font,font' in '30' second(s)

2021-10-21 14:09:05 - [MESSAGE][INFO] - Smart Wait Function is triggered

2021-10-21 14:09:06 - [MESSAGE][INFO] - Found 1 web elements with id: 'Object Repository/Sekmeler/Olusturma_Goster_Baslik' located by 'By.cssSelector: h1>span,td>font,font' in '30' second(s)

2021-10-21 14:09:06 - [MESSAGE][PASSED] - Actual text and expected text of test object 'Object Repository/Sekmeler/Olusturma_Goster_Baslik' are matched.

2021-10-21 14:09:06 - [MESSAGE][PASSED] - Call Test Case 'Test Cases/Sekmeler/YeniSekmeBasligindaVarMi' successfully

2021-10-21 14:09:06 - [MESSAGE][INFO] - Checking called Test Case

2021-10-21 14:09:06 - [MESSAGE][INFO] - Starting to call Test Case 'Test Cases/Sekmeler/Ana_Sekmeye_Gec'

2021-10-21 14:09:06 - [TEST_CASE][PASSED] - Test Cases/Sekmeler/Ana_Sekmeye_Gec: Test Cases/Sekmeler/Ana_Sekmeye_Gec

2021-10-21 14:09:06 - [TEST_STEP][PASSED] - try: Window with index 1 is closed

2021-10-21 14:09:06 - [TEST_STEP][PASSED] - index = getWindowIndex(): Current window's index is: 1

2021-10-21 14:09:06 - [MESSAGE][INFO] - Getting current window's index

2021-10-21 14:09:06 - [MESSAGE][PASSED] - Current window's index is: 1

2021-10-21 14:09:06 - [TEST_STEP][PASSED] - closeWindowIndex(index): Window with index 1 is closed

2021-10-21 14:09:06 - [MESSAGE][INFO] - Checking index

2021-10-21 14:09:06 - [MESSAGE][INFO] - Closing window with index 1

2021-10-21 14:09:06 - [MESSAGE][PASSED] - Window with index 1 is closed

2021-10-21 14:09:06 - [TEST_STEP][PASSED] - switchToWindowIndex(0): Switched to window with index: '0'

2021-10-21 14:09:06 - [MESSAGE][INFO] - Checking index

2021-10-21 14:09:06 - [MESSAGE][INFO] - Switching window with index: '0'

2021-10-21 14:09:06 - [MESSAGE][PASSED] - Switched to window with index: '0'

2021-10-21 14:09:06 - [MESSAGE][PASSED] - Call Test Case 'Test Cases/Sekmeler/Ana_Sekmeye_Gec' successfully

2021-10-21 14:09:06 - [MESSAGE][INFO] - Checking called Test Case

2021-10-21 14:09:06 - [MESSAGE][INFO] - Starting to call Test Case 'Test Cases/Kullanici_Islemleri/KullaniciIslemlerindenSecimYapilir'

2021-10-21 14:09:06 - [TEST_CASE][PASSED] - Test Cases/Kullanici_Islemleri/KullaniciIslemlerindenSecimYapilir: Test Cases/Kullanici_Islemleri/KullaniciIslemlerindenSecimYapilir

2021-10-21 14:09:06 - [TEST_STEP][PASSED] - waitForElementClickable(findTestObject("Object Repository/Kullanici_Islemleri/KullaniciIslemleri"), 10): Object 'Object Repository/Kullanici_Islemleri/KullaniciIslemleri' is clickable

2021-10-21 14:09:06 - [MESSAGE][INFO] - Finding Test Object 'Object Repository/Kullanici_Islemleri/KullaniciIslemleri'

2021-10-21 14:09:06 - [MESSAGE][INFO] - Checking object

2021-10-21 14:09:06 - [MESSAGE][INFO] - Checking timeout

2021-10-21 14:09:06 - [MESSAGE][INFO] - Finding web element from Test Object's properties

2021-10-21 14:09:06 - [MESSAGE][INFO] - Checking timeout

2021-10-21 14:09:06 - [MESSAGE][INFO] - Finding web element with id: 'Object Repository/Kullanici_Islemleri/KullaniciIslemleri' located by 'By.cssSelector: .dropdown>a>img' in '10' second(s)

2021-10-21 14:09:06 - [MESSAGE][INFO] - Smart Wait Function is triggered

2021-10-21 14:09:06 - [MESSAGE][INFO] - Found 1 web elements with id: 'Object Repository/Kullanici_Islemleri/KullaniciIslemleri' located by 'By.cssSelector: .dropdown>a>img' in '10' second(s)

2021-10-21 14:09:06 - [MESSAGE][PASSED] - Object 'Object Repository/Kullanici_Islemleri/KullaniciIslemleri' is clickable

2021-10-21 14:09:06 - [TEST_STEP][PASSED] - click(findTestObject("Object Repository/Kullanici_Islemleri/KullaniciIslemleri")): Object: 'Object Repository/Kullanici_Islemleri/KullaniciIslemleri' is clicked on

2021-10-21 14:09:06 - [MESSAGE][INFO] - Finding Test Object 'Object Repository/Kullanici_Islemleri/KullaniciIslemleri'

2021-10-21 14:09:06 - [MESSAGE][INFO] - Checking object

2021-10-21 14:09:06 - [MESSAGE][INFO] - Finding web element from Test Object's properties

2021-10-21 14:09:06 - [MESSAGE][INFO] - Checking timeout

2021-10-21 14:09:06 - [MESSAGE][INFO] - Finding web element with id: 'Object Repository/Kullanici_Islemleri/KullaniciIslemleri' located by 'By.cssSelector: .dropdown>a>img' in '30' second(s)

2021-10-21 14:09:06 - [MESSAGE][INFO] - Smart Wait Function is triggered

2021-10-21 14:09:07 - [MESSAGE][INFO] - Found 1 web elements with id: 'Object Repository/Kullanici_Islemleri/KullaniciIslemleri' located by 'By.cssSelector: .dropdown>a>img' in '30' second(s)

2021-10-21 14:09:07 - [MESSAGE][INFO] - Clicking on object: 'Object Repository/Kullanici_Islemleri/KullaniciIslemleri'

2021-10-21 14:09:07 - [MESSAGE][PASSED] - Object: 'Object Repository/Kullanici_Islemleri/KullaniciIslemleri' is clicked on

2021-10-21 14:09:07 - [TEST_STEP][PASSED] - Method.TextDegerineEsitElementeTikla(findTestObject("Object Repository/Kullanici_Islemleri/Secenekler"), Islem): Method.TextDegerineEsitElementeTikla is PASSED

2021-10-21 14:09:07 - [MESSAGE][INFO] - Finding Test Object 'Object Repository/Kullanici_Islemleri/Secenekler'

2021-10-21 14:09:07 - [MESSAGE][INFO] - Checking timeout

2021-10-21 14:09:07 - [MESSAGE][INFO] - Finding web element with id: 'Object Repository/Kullanici_Islemleri/Secenekler' located by 'By.cssSelector: .nav.navbar-nav.navbar-right li a' in '10' second(s)

2021-10-21 14:09:07 - [MESSAGE][INFO] - Smart Wait Function is triggered

2021-10-21 14:09:07 - [MESSAGE][INFO] - Found 22 web elements with id: 'Object Repository/Kullanici_Islemleri/Secenekler' located by 'By.cssSelector: .nav.navbar-nav.navbar-right li a' in '10' second(s)

2021-10-21 14:09:08 - [MESSAGE][PASSED] - Method.TextDegerineEsitElementeTikla is PASSED

2021-10-21 14:09:08 - [TEST_STEP][PASSED] - verifyElementNotPresent(findTestObject("Object Repository/Kullanici_Islemleri/Secenekler"), 10): Web element with id: 'Object Repository/Kullanici_Islemleri/Secenekler' located by 'By.cssSelector: .nav.navbar-nav.navbar-right li a' is not present after '10' second(s)

2021-10-21 14:09:08 - [MESSAGE][INFO] - Finding Test Object 'Object Repository/Kullanici_Islemleri/Secenekler'

2021-10-21 14:09:09 - [MESSAGE][INFO] - Checking object

2021-10-21 14:09:09 - [MESSAGE][INFO] - Checking timeout

2021-10-21 14:09:09 - [MESSAGE][INFO] - Finding web element with id: 'Object Repository/Kullanici_Islemleri/Secenekler' located by 'By.cssSelector: .nav.navbar-nav.navbar-right li a' in '10' second(s)

2021-10-21 14:09:09 - [MESSAGE][INFO] - Smart Wait Function is triggered

2021-10-21 14:09:09 - [MESSAGE][PASSED] - Web element with id: 'Object Repository/Kullanici_Islemleri/Secenekler' located by 'By.cssSelector: .nav.navbar-nav.navbar-right li a' is not present after '10' second(s)

2021-10-21 14:09:09 - [MESSAGE][PASSED] - Call Test Case 'Test Cases/Kullanici_Islemleri/KullaniciIslemlerindenSecimYapilir' successfully

2021-10-21 14:09:09 - [TEST_CASE][PASSED] - Start Test Case : SCENARIO e-Mustahsil Makbuzu Goruntule: SCENARIO e-Mustahsil Makbuzu Goruntule

2021-10-21 14:09:09 - [TEST_STEP][PASSED] - Kullanıcı adı ELOGO6 ve Şifre 123456 olarak giriş yapılır: Kullanıcı adı ELOGO6 ve Şifre 123456 olarak giriş yapılır

2021-10-21 14:09:09 - [MESSAGE][PASSED] - Kullanıcı adı ELOGO6 ve Şifre 123456 olarak giriş yapılır

2021-10-21 14:09:09 - [TEST_STEP][PASSED] - Ana menüden e-Makbuz seçilir: Ana menüden e-Makbuz seçilir

2021-10-21 14:09:09 - [MESSAGE][PASSED] - Ana menüden e-Makbuz seçilir

2021-10-21 14:09:09 - [TEST_STEP][PASSED] - Alt menü e-Müstahsil Uygulaması başlığı altındaki e-Müstahsil Makbuzları seçilir: Alt menü e-Müstahsil Uygulaması başlığı altındaki e-Müstahsil Makbuzları seçilir

2021-10-21 14:09:09 - [MESSAGE][PASSED] - Alt menü e-Müstahsil Uygulaması başlığı altındaki e-Müstahsil Makbuzları seçilir

2021-10-21 14:09:09 - [TEST_STEP][PASSED] - Filtrelerden Oluşturma Tarihi filtresine 01.12.2020 baslangic degerini yaz: Filtrelerden Oluşturma Tarihi filtresine 01.12.2020 baslangic degerini yaz

2021-10-21 14:09:09 - [MESSAGE][PASSED] - Filtrelerden Oluşturma Tarihi filtresine 01.12.2020 baslangic degerini yaz

2021-10-21 14:09:09 - [TEST_STEP][PASSED] - Filtrelerden Oluşturma Tarihi filtresine 31.12.2020 bitis degerini yaz: Filtrelerden Oluşturma Tarihi filtresine 31.12.2020 bitis degerini yaz

2021-10-21 14:09:09 - [MESSAGE][PASSED] - Filtrelerden Oluşturma Tarihi filtresine 31.12.2020 bitis degerini yaz

2021-10-21 14:09:09 - [TEST_STEP][PASSED] - Filtre butonlarından Listele seçilir: Filtre butonlarından Listele seçilir

2021-10-21 14:09:09 - [MESSAGE][PASSED] - Filtre butonlarından Listele seçilir

2021-10-21 14:09:09 - [TEST_STEP][PASSED] - Tabloda veri var mı kontrol edilir: Tabloda veri var mı kontrol edilir

2021-10-21 14:09:09 - [MESSAGE][PASSED] - Tabloda veri var mı kontrol edilir

2021-10-21 14:09:09 - [TEST_STEP][PASSED] - Tablodaki ELOGO5 isimli verinin Görüntüle adlı butonuna tıklanır: Tablodaki ELOGO5 isimli verinin Görüntüle adlı butonuna tıklanır

2021-10-21 14:09:09 - [MESSAGE][PASSED] - Tablodaki ELOGO5 isimli verinin Görüntüle adlı butonuna tıklanır

2021-10-21 14:09:09 - [TEST_STEP][PASSED] - Yeni açılan sekmeye geçilir: Yeni açılan sekmeye geçilir

2021-10-21 14:09:09 - [MESSAGE][PASSED] - Yeni açılan sekmeye geçilir

2021-10-21 14:09:09 - [TEST_STEP][PASSED] - Yeni sekme başlığında e-Müstahsil Makbuzu var mı kontrol edilir: Yeni sekme başlığında e-Müstahsil Makbuzu var mı kontrol edilir

2021-10-21 14:09:09 - [MESSAGE][PASSED] - Yeni sekme başlığında e-Müstahsil Makbuzu var mı kontrol edilir

2021-10-21 14:09:09 - [TEST_STEP][PASSED] - Ana sekmeye geçilir: Ana sekmeye geçilir

2021-10-21 14:09:09 - [MESSAGE][PASSED] - Ana sekmeye geçilir

2021-10-21 14:09:09 - [TEST_STEP][PASSED] - Kullanıcı işlemlerinden Çıkış seçilir: Kullanıcı işlemlerinden Çıkış seçilir

2021-10-21 14:09:09 - [MESSAGE][PASSED] - Kullanıcı işlemlerinden Çıkış seçilir

2021-10-21 14:09:09 - [MESSAGE][PASSED] - Feature file: 'Include/features/e-Makbuz/e-Mustahsil Uygulamasi/e-Mustahsil Makbuzlari/Goruntule.feature' was passed

2021-10-21 14:09:09 - [TEST_STEP][PASSED] - Start listener action : sampleAfterTestSuite: Invoke 'com.kms.katalon.core.annotation.AfterTestCase' method: 'Listener.sampleAfterTestSuite(...)' completed.

2021-10-21 14:09:09 - [MESSAGE][INFO] - Starting invoke 'com.kms.katalon.core.annotation.AfterTestCase' method: 'Listener.sampleAfterTestSuite(...)'

2021-10-21 14:09:09 - [TEST_STEP][PASSED] - closeBrowser(): Invoke 'com.kms.katalon.core.annotation.AfterTestCase' method: 'Listener.sampleAfterTestSuite(...)' completed.

2021-10-21 14:09:09 - [MESSAGE][INFO] - Closing browser

2021-10-21 14:09:10 - [MESSAGE][PASSED] - Browser is closed

2021-10-21 14:09:10 - [MESSAGE][INFO] - Invoke 'com.kms.katalon.core.annotation.AfterTestCase' method: 'Listener.sampleAfterTestSuite(...)' completed.]]></system-out>
         <system-err><![CDATA[]]></system-err>
      </testcase>
      <testcase name="Test Cases/Case Repository/e-Makbuz/e-Mustahsil Uygulamasi/e-Mustahsil Makbuzlari/Iptal Et-Geri Al" time="41.324" classname="Test Cases/Case Repository/e-Makbuz/e-Mustahsil Uygulamasi/e-Mustahsil Makbuzlari/Iptal Et-Geri Al" status="PASSED">
         <system-out><![CDATA[2021-10-21 14:09:10 - [TEST_CASE][PASSED] - Test Cases/Case Repository/e-Makbuz/e-Mustahsil Uygulamasi/e-Mustahsil Makbuzlari/Iptal Et-Geri Al: Test Cases/Case Repository/e-Makbuz/e-Mustahsil Uygulamasi/e-Mustahsil Makbuzlari/Iptal Et-Geri Al

2021-10-21 14:09:10 - [TEST_STEP][PASSED] - Start listener action : sampleBeforeTestSuite: Invoke 'com.kms.katalon.core.annotation.BeforeTestCase' method: 'Listener.sampleBeforeTestSuite(...)' completed.

2021-10-21 14:09:10 - [MESSAGE][INFO] - Starting invoke 'com.kms.katalon.core.annotation.BeforeTestCase' method: 'Listener.sampleBeforeTestSuite(...)'

2021-10-21 14:09:10 - [TEST_STEP][PASSED] - openBrowser(baseUrl): Browser is opened with url: 'https://efatura-stage.elogo.com.tr/'

2021-10-21 14:09:10 - [MESSAGE][INFO] - Opening browser

2021-10-21 14:09:10 - [MESSAGE][INFO] - Starting 'Chrome' driver

2021-10-21 14:09:10 - [MESSAGE][INFO] - User set preference: ['prefs', '{download.default_directory=C:\otomasyondownfiles}']

2021-10-21 14:09:10 - [MESSAGE][INFO] - Action delay is set to 0 milliseconds

2021-10-21 14:09:11 - [MESSAGE][INFO] - Navigating browser to: 'https://efatura-stage.elogo.com.tr/'

2021-10-21 14:09:14 - [MESSAGE][PASSED] - Browser is opened with url: 'https://efatura-stage.elogo.com.tr/'

2021-10-21 14:09:14 - [TEST_STEP][PASSED] - maximizeWindow(): Invoke 'com.kms.katalon.core.annotation.BeforeTestCase' method: 'Listener.sampleBeforeTestSuite(...)' completed.

2021-10-21 14:09:14 - [MESSAGE][INFO] - Maximizing current window

2021-10-21 14:09:14 - [MESSAGE][PASSED] - Current window maximized

2021-10-21 14:09:14 - [MESSAGE][INFO] - Invoke 'com.kms.katalon.core.annotation.BeforeTestCase' method: 'Listener.sampleBeforeTestSuite(...)' completed.

2021-10-21 14:09:15 - [TEST_STEP][PASSED] - runFeatureFile("Include/features/e-Makbuz/e-Mustahsil Uygulamasi/e-Mustahsil Makbuzlari/Iptal Et-Geri Al.feature"): Feature file: 'Include/features/e-Makbuz/e-Mustahsil Uygulamasi/e-Mustahsil Makbuzlari/Iptal Et-Geri Al.feature' was passed

2021-10-21 14:09:15 - [MESSAGE][INFO] - Starting run keyword runFeatureFile: 'Include/features/e-Makbuz/e-Mustahsil Uygulamasi/e-Mustahsil Makbuzlari/Iptal Et-Geri Al.feature' and extract report to folder: 'C:\Users\DELL\Downloads\EES_Katalon-main\Reports\20211021_140437\Suite Repository\e-Makbuz\20211021_140511/cucumber_report/1634814555297'...

2021-10-21 14:09:15 - [MESSAGE][INFO] - Glue: []

2021-10-21 14:09:16 - [MESSAGE][INFO] - Checking called Test Case

2021-10-21 14:09:16 - [MESSAGE][INFO] - Starting to call Test Case 'Test Cases/Sayfalar/Giris_Sayfasi/Login'

2021-10-21 14:09:16 - [TEST_CASE][PASSED] - Test Cases/Sayfalar/Giris_Sayfasi/Login: Test Cases/Sayfalar/Giris_Sayfasi/Login

2021-10-21 14:09:16 - [TEST_STEP][PASSED] - Sayfa_Basligi = getWindowTitle(): Current window's title is: 'LOGO e-Fatura'

2021-10-21 14:09:16 - [MESSAGE][INFO] - Getting current window's title

2021-10-21 14:09:16 - [MESSAGE][PASSED] - Current window's title is: 'LOGO e-Fatura'

2021-10-21 14:09:16 - [TEST_STEP][PASSED] - verifyMatch(Sayfa_Basligi, "LOGO e-Fatura", false): Actual text 'LOGO e-Fatura' and expected text 'LOGO e-Fatura' are matched 

2021-10-21 14:09:16 - [MESSAGE][INFO] - Matching actual text 'LOGO e-Fatura' with expected text 'LOGO e-Fatura'

2021-10-21 14:09:16 - [MESSAGE][PASSED] - Actual text 'LOGO e-Fatura' and expected text 'LOGO e-Fatura' are matched 

2021-10-21 14:09:16 - [TEST_STEP][PASSED] - sendKeys(findTestObject("Sayfalar/Giris_Sayfasi/Firma_Kodu"), KullaniciAdi): Keys 'ELOGO6' sent to object: 'Object Repository/Sayfalar/Giris_Sayfasi/Firma_Kodu'

2021-10-21 14:09:16 - [MESSAGE][INFO] - Finding Test Object 'Object Repository/Sayfalar/Giris_Sayfasi/Firma_Kodu'

2021-10-21 14:09:16 - [MESSAGE][INFO] - Sending keys 'ELOGO6' to object: 'Object Repository/Sayfalar/Giris_Sayfasi/Firma_Kodu'

2021-10-21 14:09:16 - [MESSAGE][INFO] - Finding web element from Test Object's properties

2021-10-21 14:09:16 - [MESSAGE][INFO] - Checking timeout

2021-10-21 14:09:16 - [MESSAGE][INFO] - Finding web element with id: 'Object Repository/Sayfalar/Giris_Sayfasi/Firma_Kodu' located by 'By.xpath: //*[@id = 'AccountName']' in '30' second(s)

2021-10-21 14:09:16 - [MESSAGE][INFO] - Smart Wait Function is triggered

2021-10-21 14:09:16 - [MESSAGE][INFO] - Found 1 web elements with id: 'Object Repository/Sayfalar/Giris_Sayfasi/Firma_Kodu' located by 'By.xpath: //*[@id = 'AccountName']' in '30' second(s)

2021-10-21 14:09:16 - [MESSAGE][PASSED] - Keys 'ELOGO6' sent to object: 'Object Repository/Sayfalar/Giris_Sayfasi/Firma_Kodu'

2021-10-21 14:09:16 - [TEST_STEP][PASSED] - sendKeys(findTestObject("Sayfalar/Giris_Sayfasi/Sifre"), Sifre): Keys '123456' sent to object: 'Object Repository/Sayfalar/Giris_Sayfasi/Sifre'

2021-10-21 14:09:16 - [MESSAGE][INFO] - Finding Test Object 'Object Repository/Sayfalar/Giris_Sayfasi/Sifre'

2021-10-21 14:09:16 - [MESSAGE][INFO] - Sending keys '123456' to object: 'Object Repository/Sayfalar/Giris_Sayfasi/Sifre'

2021-10-21 14:09:16 - [MESSAGE][INFO] - Finding web element from Test Object's properties

2021-10-21 14:09:16 - [MESSAGE][INFO] - Checking timeout

2021-10-21 14:09:16 - [MESSAGE][INFO] - Finding web element with id: 'Object Repository/Sayfalar/Giris_Sayfasi/Sifre' located by 'By.xpath: //*[@id = 'Password']' in '30' second(s)

2021-10-21 14:09:16 - [MESSAGE][INFO] - Smart Wait Function is triggered

2021-10-21 14:09:17 - [MESSAGE][INFO] - Found 1 web elements with id: 'Object Repository/Sayfalar/Giris_Sayfasi/Sifre' located by 'By.xpath: //*[@id = 'Password']' in '30' second(s)

2021-10-21 14:09:17 - [MESSAGE][PASSED] - Keys '123456' sent to object: 'Object Repository/Sayfalar/Giris_Sayfasi/Sifre'

2021-10-21 14:09:17 - [TEST_STEP][PASSED] - findWebElement(findTestObject("Sayfalar/Giris_Sayfasi/Giris_Butonu")).click(): Found 1 web elements with id: 'Object Repository/Sayfalar/Giris_Sayfasi/Giris_Butonu' located by 'By.cssSelector: #btnLogin' in '30' second(s)

2021-10-21 14:09:17 - [MESSAGE][INFO] - Finding Test Object 'Object Repository/Sayfalar/Giris_Sayfasi/Giris_Butonu'

2021-10-21 14:09:17 - [MESSAGE][INFO] - Finding web element from Test Object's properties

2021-10-21 14:09:17 - [MESSAGE][INFO] - Checking timeout

2021-10-21 14:09:17 - [MESSAGE][INFO] - Finding web element with id: 'Object Repository/Sayfalar/Giris_Sayfasi/Giris_Butonu' located by 'By.cssSelector: #btnLogin' in '30' second(s)

2021-10-21 14:09:17 - [MESSAGE][INFO] - Smart Wait Function is triggered

2021-10-21 14:09:17 - [MESSAGE][INFO] - Found 1 web elements with id: 'Object Repository/Sayfalar/Giris_Sayfasi/Giris_Butonu' located by 'By.cssSelector: #btnLogin' in '30' second(s)

2021-10-21 14:09:20 - [TEST_STEP][PASSED] - if (verifyElementPresent(findTestObject("Object Repository/Sayfalar/Giris_Sayfasi/RetveTamam_Butonu"), 5, OPTIONAL)): null

2021-10-21 14:09:20 - [MESSAGE][INFO] - Finding Test Object 'Object Repository/Sayfalar/Giris_Sayfasi/RetveTamam_Butonu'

2021-10-21 14:09:20 - [MESSAGE][INFO] - Checking object

2021-10-21 14:09:20 - [MESSAGE][INFO] - Finding web element from Test Object's properties

2021-10-21 14:09:20 - [MESSAGE][INFO] - Checking timeout

2021-10-21 14:09:20 - [MESSAGE][INFO] - Finding web element with id: 'Object Repository/Sayfalar/Giris_Sayfasi/RetveTamam_Butonu' located by 'By.xpath: //*[@class = 'btn btn-default']' in '5' second(s)

2021-10-21 14:09:20 - [MESSAGE][INFO] - Smart Wait Function is triggered

2021-10-21 14:09:20 - [MESSAGE][INFO] - Found 1 web elements with id: 'Object Repository/Sayfalar/Giris_Sayfasi/RetveTamam_Butonu' located by 'By.xpath: //*[@class = 'btn btn-default']' in '5' second(s)

2021-10-21 14:09:20 - [MESSAGE][PASSED] - Object 'Object Repository/Sayfalar/Giris_Sayfasi/RetveTamam_Butonu' is present

2021-10-21 14:09:20 - [TEST_STEP][PASSED] - click(findTestObject("Object Repository/Sayfalar/Giris_Sayfasi/RetveTamam_Butonu")): Object: 'Object Repository/Sayfalar/Giris_Sayfasi/RetveTamam_Butonu' is clicked on

2021-10-21 14:09:20 - [MESSAGE][INFO] - Finding Test Object 'Object Repository/Sayfalar/Giris_Sayfasi/RetveTamam_Butonu'

2021-10-21 14:09:20 - [MESSAGE][INFO] - Checking object

2021-10-21 14:09:20 - [MESSAGE][INFO] - Finding web element from Test Object's properties

2021-10-21 14:09:20 - [MESSAGE][INFO] - Checking timeout

2021-10-21 14:09:20 - [MESSAGE][INFO] - Finding web element with id: 'Object Repository/Sayfalar/Giris_Sayfasi/RetveTamam_Butonu' located by 'By.xpath: //*[@class = 'btn btn-default']' in '30' second(s)

2021-10-21 14:09:20 - [MESSAGE][INFO] - Smart Wait Function is triggered

2021-10-21 14:09:21 - [MESSAGE][INFO] - Found 1 web elements with id: 'Object Repository/Sayfalar/Giris_Sayfasi/RetveTamam_Butonu' located by 'By.xpath: //*[@class = 'btn btn-default']' in '30' second(s)

2021-10-21 14:09:21 - [MESSAGE][INFO] - Clicking on object: 'Object Repository/Sayfalar/Giris_Sayfasi/RetveTamam_Butonu'

2021-10-21 14:09:21 - [MESSAGE][PASSED] - Object: 'Object Repository/Sayfalar/Giris_Sayfasi/RetveTamam_Butonu' is clicked on

2021-10-21 14:09:21 - [TEST_STEP][PASSED] - click(findTestObject("Object Repository/Sayfalar/Giris_Sayfasi/RetveTamam_Butonu")): Object: 'Object Repository/Sayfalar/Giris_Sayfasi/RetveTamam_Butonu' is clicked on

2021-10-21 14:09:21 - [MESSAGE][INFO] - Finding Test Object 'Object Repository/Sayfalar/Giris_Sayfasi/RetveTamam_Butonu'

2021-10-21 14:09:21 - [MESSAGE][INFO] - Checking object

2021-10-21 14:09:21 - [MESSAGE][INFO] - Finding web element from Test Object's properties

2021-10-21 14:09:21 - [MESSAGE][INFO] - Checking timeout

2021-10-21 14:09:21 - [MESSAGE][INFO] - Finding web element with id: 'Object Repository/Sayfalar/Giris_Sayfasi/RetveTamam_Butonu' located by 'By.xpath: //*[@class = 'btn btn-default']' in '30' second(s)

2021-10-21 14:09:21 - [MESSAGE][INFO] - Smart Wait Function is triggered

2021-10-21 14:09:25 - [MESSAGE][INFO] - Found 1 web elements with id: 'Object Repository/Sayfalar/Giris_Sayfasi/RetveTamam_Butonu' located by 'By.xpath: //*[@class = 'btn btn-default']' in '30' second(s)

2021-10-21 14:09:25 - [MESSAGE][INFO] - Clicking on object: 'Object Repository/Sayfalar/Giris_Sayfasi/RetveTamam_Butonu'

2021-10-21 14:09:25 - [MESSAGE][PASSED] - Object: 'Object Repository/Sayfalar/Giris_Sayfasi/RetveTamam_Butonu' is clicked on

2021-10-21 14:09:25 - [TEST_STEP][PASSED] - if (verifyElementPresent(findTestObject("Sayfalar/Giris_Sayfasi/PopupOK"), 5, OPTIONAL)): null

2021-10-21 14:09:25 - [MESSAGE][INFO] - Finding Test Object 'Object Repository/Sayfalar/Giris_Sayfasi/PopupOK'

2021-10-21 14:09:25 - [MESSAGE][INFO] - Checking object

2021-10-21 14:09:25 - [MESSAGE][INFO] - Finding web element from Test Object's properties

2021-10-21 14:09:25 - [MESSAGE][INFO] - Checking timeout

2021-10-21 14:09:25 - [MESSAGE][INFO] - Finding web element with id: 'Object Repository/Sayfalar/Giris_Sayfasi/PopupOK' located by 'By.cssSelector: .btn.btn-success' in '5' second(s)

2021-10-21 14:09:25 - [MESSAGE][INFO] - Smart Wait Function is triggered

2021-10-21 14:09:26 - [MESSAGE][INFO] - Found 1 web elements with id: 'Object Repository/Sayfalar/Giris_Sayfasi/PopupOK' located by 'By.cssSelector: .btn.btn-success' in '5' second(s)

2021-10-21 14:09:26 - [MESSAGE][PASSED] - Object 'Object Repository/Sayfalar/Giris_Sayfasi/PopupOK' is present

2021-10-21 14:09:26 - [TEST_STEP][PASSED] - click(findTestObject("Object Repository/Sayfalar/Giris_Sayfasi/PopupCarpiGiris")): Object: 'Object Repository/Sayfalar/Giris_Sayfasi/PopupCarpiGiris' is clicked on

2021-10-21 14:09:26 - [MESSAGE][INFO] - Finding Test Object 'Object Repository/Sayfalar/Giris_Sayfasi/PopupCarpiGiris'

2021-10-21 14:09:26 - [MESSAGE][INFO] - Checking object

2021-10-21 14:09:26 - [MESSAGE][INFO] - Finding web element from Test Object's properties

2021-10-21 14:09:26 - [MESSAGE][INFO] - Checking timeout

2021-10-21 14:09:26 - [MESSAGE][INFO] - Finding web element with id: 'Object Repository/Sayfalar/Giris_Sayfasi/PopupCarpiGiris' located by 'By.cssSelector: .bootbox-close-button.close' in '30' second(s)

2021-10-21 14:09:26 - [MESSAGE][INFO] - Smart Wait Function is triggered

2021-10-21 14:09:26 - [MESSAGE][INFO] - Found 1 web elements with id: 'Object Repository/Sayfalar/Giris_Sayfasi/PopupCarpiGiris' located by 'By.cssSelector: .bootbox-close-button.close' in '30' second(s)

2021-10-21 14:09:26 - [MESSAGE][INFO] - Clicking on object: 'Object Repository/Sayfalar/Giris_Sayfasi/PopupCarpiGiris'

2021-10-21 14:09:26 - [MESSAGE][PASSED] - Object: 'Object Repository/Sayfalar/Giris_Sayfasi/PopupCarpiGiris' is clicked on

2021-10-21 14:09:26 - [TEST_STEP][PASSED] - verifyElementVisible(findTestObject("Object Repository/Kullanici_Islemleri/KullaniciIslemleri")): Object 'Object Repository/Kullanici_Islemleri/KullaniciIslemleri' is visible

2021-10-21 14:09:26 - [MESSAGE][INFO] - Finding Test Object 'Object Repository/Kullanici_Islemleri/KullaniciIslemleri'

2021-10-21 14:09:27 - [MESSAGE][INFO] - Checking object

2021-10-21 14:09:27 - [MESSAGE][INFO] - Finding web element from Test Object's properties

2021-10-21 14:09:27 - [MESSAGE][INFO] - Checking timeout

2021-10-21 14:09:27 - [MESSAGE][INFO] - Finding web element with id: 'Object Repository/Kullanici_Islemleri/KullaniciIslemleri' located by 'By.cssSelector: .dropdown>a>img' in '30' second(s)

2021-10-21 14:09:27 - [MESSAGE][INFO] - Smart Wait Function is triggered

2021-10-21 14:09:27 - [MESSAGE][INFO] - Found 1 web elements with id: 'Object Repository/Kullanici_Islemleri/KullaniciIslemleri' located by 'By.cssSelector: .dropdown>a>img' in '30' second(s)

2021-10-21 14:09:27 - [MESSAGE][PASSED] - Object 'Object Repository/Kullanici_Islemleri/KullaniciIslemleri' is visible

2021-10-21 14:09:27 - [MESSAGE][PASSED] - Call Test Case 'Test Cases/Sayfalar/Giris_Sayfasi/Login' successfully

2021-10-21 14:09:27 - [MESSAGE][INFO] - Checking called Test Case

2021-10-21 14:09:27 - [MESSAGE][INFO] - Starting to call Test Case 'Test Cases/Menu/AnaMenuSecimi'

2021-10-21 14:09:27 - [TEST_CASE][PASSED] - Test Cases/Menu/AnaMenuSecimi: Test Cases/Menu/AnaMenuSecimi

2021-10-21 14:09:27 - [TEST_STEP][PASSED] - Method.TextDegerineEsitElementeTikla(findTestObject("Menu/Ana_Menu"), Ana_Menu): Method.TextDegerineEsitElementeTikla is PASSED

2021-10-21 14:09:27 - [MESSAGE][INFO] - Finding Test Object 'Object Repository/Menu/Ana_Menu'

2021-10-21 14:09:27 - [MESSAGE][INFO] - Checking timeout

2021-10-21 14:09:27 - [MESSAGE][INFO] - Finding web element with id: 'Object Repository/Menu/Ana_Menu' located by 'By.xpath: //*[@class = 'dropdown-toggle']' in '10' second(s)

2021-10-21 14:09:27 - [MESSAGE][INFO] - Smart Wait Function is triggered

2021-10-21 14:09:28 - [MESSAGE][INFO] - Found 14 web elements with id: 'Object Repository/Menu/Ana_Menu' located by 'By.xpath: //*[@class = 'dropdown-toggle']' in '10' second(s)

2021-10-21 14:09:28 - [MESSAGE][PASSED] - Method.TextDegerineEsitElementeTikla is PASSED

2021-10-21 14:09:28 - [MESSAGE][PASSED] - Call Test Case 'Test Cases/Menu/AnaMenuSecimi' successfully

2021-10-21 14:09:28 - [MESSAGE][INFO] - Checking called Test Case

2021-10-21 14:09:28 - [MESSAGE][INFO] - Starting to call Test Case 'Test Cases/Menu/BasligaGoreAltMenuSecimi'

2021-10-21 14:09:28 - [TEST_CASE][PASSED] - Test Cases/Menu/BasligaGoreAltMenuSecimi: Test Cases/Menu/BasligaGoreAltMenuSecimi

2021-10-21 14:09:28 - [TEST_STEP][PASSED] - Method.TextDegerineEsitElementinAltindakiTextDegerineEsitOlanaTikla(findTestObject("Menu/Menu_Basligi"), findTestObject("Menu/Basliga_Gore_Alt_Menu"), Baslik, Alt_Menu): Method.TextDegerineEsitElementinAltindakiTextDegerineEsitOlanaTikla is PASSED

2021-10-21 14:09:28 - [MESSAGE][INFO] - Finding Test Object 'Object Repository/Menu/Menu_Basligi'

2021-10-21 14:09:28 - [MESSAGE][INFO] - Finding Test Object 'Object Repository/Menu/Basliga_Gore_Alt_Menu'

2021-10-21 14:09:28 - [MESSAGE][INFO] - Checking timeout

2021-10-21 14:09:28 - [MESSAGE][INFO] - Finding web element with id: 'Object Repository/Menu/Menu_Basligi' located by 'By.xpath: //li[@class='dropdown dropdown-large open']//li[@class='dropdown-header']' in '10' second(s)

2021-10-21 14:09:28 - [MESSAGE][INFO] - Smart Wait Function is triggered

2021-10-21 14:09:28 - [MESSAGE][INFO] - Found 2 web elements with id: 'Object Repository/Menu/Menu_Basligi' located by 'By.xpath: //li[@class='dropdown dropdown-large open']//li[@class='dropdown-header']' in '10' second(s)

2021-10-21 14:09:28 - [MESSAGE][INFO] - Smart Wait Function is triggered

2021-10-21 14:09:31 - [MESSAGE][PASSED] - Method.TextDegerineEsitElementinAltindakiTextDegerineEsitOlanaTikla is PASSED

2021-10-21 14:09:31 - [MESSAGE][PASSED] - Call Test Case 'Test Cases/Menu/BasligaGoreAltMenuSecimi' successfully

2021-10-21 14:09:31 - [MESSAGE][INFO] - Checking called Test Case

2021-10-21 14:09:31 - [MESSAGE][INFO] - Starting to call Test Case 'Test Cases/Filtreler/BaslangicYaz'

2021-10-21 14:09:31 - [TEST_CASE][PASSED] - Test Cases/Filtreler/BaslangicYaz: Test Cases/Filtreler/BaslangicYaz

2021-10-21 14:09:31 - [TEST_STEP][PASSED] - Method.TextDegerineEsitElementinAltindakineTikla(findTestObject("Filtreler/Basliklar"), findTestObject("Filtreler/Basliga_Gore_Baslangic_Image"), Filtre_Adi): Method.TextDegerineEsitElementinAltindakineTikla is PASSED

2021-10-21 14:09:31 - [MESSAGE][INFO] - Finding Test Object 'Object Repository/Filtreler/Basliklar'

2021-10-21 14:09:31 - [MESSAGE][INFO] - Finding Test Object 'Object Repository/Filtreler/Basliga_Gore_Baslangic_Image'

2021-10-21 14:09:31 - [MESSAGE][INFO] - Checking timeout

2021-10-21 14:09:31 - [MESSAGE][INFO] - Finding web element with id: 'Object Repository/Filtreler/Basliklar' located by 'By.cssSelector: .control-label.col-sm-4.paddingMarginRLC' in '10' second(s)

2021-10-21 14:09:31 - [MESSAGE][INFO] - Smart Wait Function is triggered

2021-10-21 14:09:31 - [MESSAGE][INFO] - Found 14 web elements with id: 'Object Repository/Filtreler/Basliklar' located by 'By.cssSelector: .control-label.col-sm-4.paddingMarginRLC' in '10' second(s)

2021-10-21 14:09:31 - [MESSAGE][INFO] - Smart Wait Function is triggered

2021-10-21 14:09:32 - [MESSAGE][PASSED] - Method.TextDegerineEsitElementinAltindakineTikla is PASSED

2021-10-21 14:09:32 - [TEST_STEP][PASSED] - Method.TextDegerineEsitElementinAltindakiTextboxtaYaz(findTestObject("Filtreler/Basliklar"), findTestObject("Filtreler/Basliga_Gore_Baslangic"), Filtre_Adi, Filtre_Degeri): Method.TextDegerineEsitElementinAltindakiTextboxtaYaz is PASSED

2021-10-21 14:09:32 - [MESSAGE][INFO] - Finding Test Object 'Object Repository/Filtreler/Basliklar'

2021-10-21 14:09:32 - [MESSAGE][INFO] - Finding Test Object 'Object Repository/Filtreler/Basliga_Gore_Baslangic'

2021-10-21 14:09:32 - [MESSAGE][INFO] - Checking timeout

2021-10-21 14:09:32 - [MESSAGE][INFO] - Finding web element with id: 'Object Repository/Filtreler/Basliklar' located by 'By.cssSelector: .control-label.col-sm-4.paddingMarginRLC' in '10' second(s)

2021-10-21 14:09:32 - [MESSAGE][INFO] - Smart Wait Function is triggered

2021-10-21 14:09:32 - [MESSAGE][INFO] - Found 14 web elements with id: 'Object Repository/Filtreler/Basliklar' located by 'By.cssSelector: .control-label.col-sm-4.paddingMarginRLC' in '10' second(s)

2021-10-21 14:09:32 - [MESSAGE][INFO] - Smart Wait Function is triggered

2021-10-21 14:09:33 - [MESSAGE][PASSED] - Method.TextDegerineEsitElementinAltindakiTextboxtaYaz is PASSED

2021-10-21 14:09:33 - [MESSAGE][PASSED] - Call Test Case 'Test Cases/Filtreler/BaslangicYaz' successfully

2021-10-21 14:09:33 - [MESSAGE][INFO] - Checking called Test Case

2021-10-21 14:09:33 - [MESSAGE][INFO] - Starting to call Test Case 'Test Cases/Filtreler/BitisYaz'

2021-10-21 14:09:33 - [TEST_CASE][PASSED] - Test Cases/Filtreler/BitisYaz: Test Cases/Filtreler/BitisYaz

2021-10-21 14:09:33 - [TEST_STEP][PASSED] - Method.TextDegerineEsitElementinAltindakineTikla(findTestObject("Filtreler/Basliklar"), findTestObject("Filtreler/Basliga_Gore_Bitis_Image"), Filtre_Adi): Method.TextDegerineEsitElementinAltindakineTikla is PASSED

2021-10-21 14:09:33 - [MESSAGE][INFO] - Finding Test Object 'Object Repository/Filtreler/Basliklar'

2021-10-21 14:09:33 - [MESSAGE][INFO] - Finding Test Object 'Object Repository/Filtreler/Basliga_Gore_Bitis_Image'

2021-10-21 14:09:33 - [MESSAGE][INFO] - Checking timeout

2021-10-21 14:09:33 - [MESSAGE][INFO] - Finding web element with id: 'Object Repository/Filtreler/Basliklar' located by 'By.cssSelector: .control-label.col-sm-4.paddingMarginRLC' in '10' second(s)

2021-10-21 14:09:33 - [MESSAGE][INFO] - Smart Wait Function is triggered

2021-10-21 14:09:33 - [MESSAGE][INFO] - Found 14 web elements with id: 'Object Repository/Filtreler/Basliklar' located by 'By.cssSelector: .control-label.col-sm-4.paddingMarginRLC' in '10' second(s)

2021-10-21 14:09:33 - [MESSAGE][INFO] - Smart Wait Function is triggered

2021-10-21 14:09:33 - [MESSAGE][PASSED] - Method.TextDegerineEsitElementinAltindakineTikla is PASSED

2021-10-21 14:09:33 - [TEST_STEP][PASSED] - Method.TextDegerineEsitElementinAltindakiTextboxtaYaz(findTestObject("Filtreler/Basliklar"), findTestObject("Object Repository/Filtreler/Basliga_Gore_Bitis"), Filtre_Adi, Filtre_Degeri): Method.TextDegerineEsitElementinAltindakiTextboxtaYaz is PASSED

2021-10-21 14:09:33 - [MESSAGE][INFO] - Finding Test Object 'Object Repository/Filtreler/Basliklar'

2021-10-21 14:09:34 - [MESSAGE][INFO] - Finding Test Object 'Object Repository/Filtreler/Basliga_Gore_Bitis'

2021-10-21 14:09:34 - [MESSAGE][INFO] - Checking timeout

2021-10-21 14:09:34 - [MESSAGE][INFO] - Finding web element with id: 'Object Repository/Filtreler/Basliklar' located by 'By.cssSelector: .control-label.col-sm-4.paddingMarginRLC' in '10' second(s)

2021-10-21 14:09:34 - [MESSAGE][INFO] - Smart Wait Function is triggered

2021-10-21 14:09:34 - [MESSAGE][INFO] - Found 14 web elements with id: 'Object Repository/Filtreler/Basliklar' located by 'By.cssSelector: .control-label.col-sm-4.paddingMarginRLC' in '10' second(s)

2021-10-21 14:09:34 - [MESSAGE][INFO] - Smart Wait Function is triggered

2021-10-21 14:09:34 - [MESSAGE][PASSED] - Method.TextDegerineEsitElementinAltindakiTextboxtaYaz is PASSED

2021-10-21 14:09:34 - [MESSAGE][PASSED] - Call Test Case 'Test Cases/Filtreler/BitisYaz' successfully

2021-10-21 14:09:34 - [MESSAGE][INFO] - Checking called Test Case

2021-10-21 14:09:34 - [MESSAGE][INFO] - Starting to call Test Case 'Test Cases/Filtreler/ButonaTikla'

2021-10-21 14:09:34 - [TEST_CASE][PASSED] - Test Cases/Filtreler/ButonaTikla: Test Cases/Filtreler/ButonaTikla

2021-10-21 14:09:34 - [TEST_STEP][PASSED] - Method.TextDegerineEsitElementeTikla(findTestObject("Filtreler/Butonlar"), Filtre_Buton): Method.TextDegerineEsitElementeTikla is PASSED

2021-10-21 14:09:34 - [MESSAGE][INFO] - Finding Test Object 'Object Repository/Filtreler/Butonlar'

2021-10-21 14:09:34 - [MESSAGE][INFO] - Checking timeout

2021-10-21 14:09:34 - [MESSAGE][INFO] - Finding web element with id: 'Object Repository/Filtreler/Butonlar' located by 'By.cssSelector: .dxb>span' in '10' second(s)

2021-10-21 14:09:34 - [MESSAGE][INFO] - Smart Wait Function is triggered

2021-10-21 14:09:35 - [MESSAGE][INFO] - Found 3 web elements with id: 'Object Repository/Filtreler/Butonlar' located by 'By.cssSelector: .dxb>span' in '10' second(s)

2021-10-21 14:09:35 - [MESSAGE][PASSED] - Method.TextDegerineEsitElementeTikla is PASSED

2021-10-21 14:09:35 - [MESSAGE][PASSED] - Call Test Case 'Test Cases/Filtreler/ButonaTikla' successfully

2021-10-21 14:09:35 - [MESSAGE][INFO] - Checking called Test Case

2021-10-21 14:09:35 - [MESSAGE][INFO] - Starting to call Test Case 'Test Cases/Tablo/TablodaVeriVarMi'

2021-10-21 14:09:35 - [TEST_CASE][PASSED] - Test Cases/Tablo/TablodaVeriVarMi: Test Cases/Tablo/TablodaVeriVarMi

2021-10-21 14:09:35 - [TEST_STEP][PASSED] - verifyTextNotPresent("Görüntülenecek veri yok", true): Text 'Görüntülenecek veri yok' is not present on page using regular expression

2021-10-21 14:09:35 - [MESSAGE][INFO] - Checking text present  using regular expression

2021-10-21 14:09:35 - [MESSAGE][INFO] - Smart Wait Function is triggered

2021-10-21 14:09:36 - [MESSAGE][INFO] - Finding text 'Görüntülenecek veri yok' on page  using regular expression

2021-10-21 14:09:36 - [MESSAGE][PASSED] - Text 'Görüntülenecek veri yok' is not present on page using regular expression

2021-10-21 14:09:36 - [MESSAGE][PASSED] - Call Test Case 'Test Cases/Tablo/TablodaVeriVarMi' successfully

2021-10-21 14:09:36 - [MESSAGE][INFO] - Checking called Test Case

2021-10-21 14:09:36 - [MESSAGE][INFO] - Starting to call Test Case 'Test Cases/Tablo/TablodanVeriSec'

2021-10-21 14:09:36 - [TEST_CASE][PASSED] - Test Cases/Tablo/TablodanVeriSec: Test Cases/Tablo/TablodanVeriSec

2021-10-21 14:09:36 - [TEST_STEP][PASSED] - Method.TextDegerineEsitElementinAltindakineTikla(findTestObject("Tablo/Veriler"), findTestObject("Tablo/VerininCheckBoxi"), Veri_Adi): Method.TextDegerineEsitElementinAltindakineTikla is PASSED

2021-10-21 14:09:36 - [MESSAGE][INFO] - Finding Test Object 'Object Repository/Tablo/Veriler'

2021-10-21 14:09:36 - [MESSAGE][INFO] - Finding Test Object 'Object Repository/Tablo/VerininCheckBoxi'

2021-10-21 14:09:36 - [MESSAGE][INFO] - Checking timeout

2021-10-21 14:09:36 - [MESSAGE][INFO] - Finding web element with id: 'Object Repository/Tablo/Veriler' located by 'By.cssSelector: td.dxgv b ,td.dxgv' in '10' second(s)

2021-10-21 14:09:36 - [MESSAGE][INFO] - Smart Wait Function is triggered

2021-10-21 14:09:36 - [MESSAGE][INFO] - Found 130 web elements with id: 'Object Repository/Tablo/Veriler' located by 'By.cssSelector: td.dxgv b ,td.dxgv' in '10' second(s)

2021-10-21 14:09:37 - [MESSAGE][INFO] - Smart Wait Function is triggered

2021-10-21 14:09:37 - [MESSAGE][PASSED] - Method.TextDegerineEsitElementinAltindakineTikla is PASSED

2021-10-21 14:09:37 - [MESSAGE][PASSED] - Call Test Case 'Test Cases/Tablo/TablodanVeriSec' successfully

2021-10-21 14:09:37 - [MESSAGE][INFO] - Checking called Test Case

2021-10-21 14:09:37 - [MESSAGE][INFO] - Starting to call Test Case 'Test Cases/Butonlar/ButonaTikla'

2021-10-21 14:09:37 - [TEST_CASE][PASSED] - Test Cases/Butonlar/ButonaTikla: Test Cases/Butonlar/ButonaTikla

2021-10-21 14:09:37 - [TEST_STEP][PASSED] - Method.TextDegerineEsitElementeTiklaEquals(findTestObject("Butonlar/Butonlar"), Buton_Adi): Method.TextDegerineEsitElementeTiklaEquals is PASSED

2021-10-21 14:09:37 - [MESSAGE][INFO] - Finding Test Object 'Object Repository/Butonlar/Butonlar'

2021-10-21 14:09:37 - [MESSAGE][INFO] - Checking timeout

2021-10-21 14:09:37 - [MESSAGE][INFO] - Finding web element with id: 'Object Repository/Butonlar/Butonlar' located by 'By.cssSelector: .panel.panel-default.text-center.footerPanel .btn,.btn.btn-primary.btnControls' in '10' second(s)

2021-10-21 14:09:37 - [MESSAGE][INFO] - Smart Wait Function is triggered

2021-10-21 14:09:37 - [MESSAGE][INFO] - Found 13 web elements with id: 'Object Repository/Butonlar/Butonlar' located by 'By.cssSelector: .panel.panel-default.text-center.footerPanel .btn,.btn.btn-primary.btnControls' in '10' second(s)

2021-10-21 14:09:38 - [MESSAGE][PASSED] - Method.TextDegerineEsitElementeTiklaEquals is PASSED

2021-10-21 14:09:38 - [MESSAGE][PASSED] - Call Test Case 'Test Cases/Butonlar/ButonaTikla' successfully

2021-10-21 14:09:38 - [MESSAGE][INFO] - Checking called Test Case

2021-10-21 14:09:38 - [MESSAGE][INFO] - Starting to call Test Case 'Test Cases/Popup/PopupMesajiIceriyorMu'

2021-10-21 14:09:38 - [TEST_CASE][PASSED] - Test Cases/Popup/PopupMesajiIceriyorMu: Test Cases/Popup/PopupMesajiIceriyorMu

2021-10-21 14:09:38 - [TEST_STEP][PASSED] - waitForElementVisible(findTestObject("Popup/Popup"), 10): Object 'Object Repository/Popup/Popup' is visible

2021-10-21 14:09:38 - [MESSAGE][INFO] - Finding Test Object 'Object Repository/Popup/Popup'

2021-10-21 14:09:38 - [MESSAGE][INFO] - Checking object

2021-10-21 14:09:38 - [MESSAGE][INFO] - Checking timeout

2021-10-21 14:09:38 - [MESSAGE][INFO] - Finding web element from Test Object's properties

2021-10-21 14:09:38 - [MESSAGE][INFO] - Checking timeout

2021-10-21 14:09:38 - [MESSAGE][INFO] - Finding web element with id: 'Object Repository/Popup/Popup' located by 'By.cssSelector: .bootbox-body' in '10' second(s)

2021-10-21 14:09:38 - [MESSAGE][INFO] - Smart Wait Function is triggered

2021-10-21 14:09:38 - [MESSAGE][INFO] - Found 1 web elements with id: 'Object Repository/Popup/Popup' located by 'By.cssSelector: .bootbox-body' in '10' second(s)

2021-10-21 14:09:38 - [MESSAGE][PASSED] - Object 'Object Repository/Popup/Popup' is visible

2021-10-21 14:09:38 - [TEST_STEP][PASSED] - if (!(getText(findTestObject("Popup/Popup")).contains(Mesaj))): Text of object 'Object Repository/Popup/Popup' is: 'Seçilen makbuzlardan başarılı durumunda olanlar iptal edilecektir onaylıyor musunuz?'

2021-10-21 14:09:38 - [MESSAGE][INFO] - Finding Test Object 'Object Repository/Popup/Popup'

2021-10-21 14:09:39 - [MESSAGE][INFO] - Checking object

2021-10-21 14:09:39 - [MESSAGE][INFO] - Finding web element from Test Object's properties

2021-10-21 14:09:39 - [MESSAGE][INFO] - Checking timeout

2021-10-21 14:09:39 - [MESSAGE][INFO] - Finding web element with id: 'Object Repository/Popup/Popup' located by 'By.cssSelector: .bootbox-body' in '30' second(s)

2021-10-21 14:09:39 - [MESSAGE][INFO] - Smart Wait Function is triggered

2021-10-21 14:09:39 - [MESSAGE][INFO] - Found 1 web elements with id: 'Object Repository/Popup/Popup' located by 'By.cssSelector: .bootbox-body' in '30' second(s)

2021-10-21 14:09:39 - [MESSAGE][INFO] - Getting text of object 'Object Repository/Popup/Popup'

2021-10-21 14:09:39 - [MESSAGE][PASSED] - Text of object 'Object Repository/Popup/Popup' is: 'Seçilen makbuzlardan başarılı durumunda olanlar iptal edilecektir onaylıyor musunuz?'

2021-10-21 14:09:39 - [TEST_STEP][PASSED] - RaporNo = getText(findTestObject("Popup/Popup")).substring(0, 6): Text of object 'Object Repository/Popup/Popup' is: 'Seçilen makbuzlardan başarılı durumunda olanlar iptal edilecektir onaylıyor musunuz?'

2021-10-21 14:09:39 - [MESSAGE][INFO] - Finding Test Object 'Object Repository/Popup/Popup'

2021-10-21 14:09:39 - [MESSAGE][INFO] - Checking object

2021-10-21 14:09:39 - [MESSAGE][INFO] - Finding web element from Test Object's properties

2021-10-21 14:09:39 - [MESSAGE][INFO] - Checking timeout

2021-10-21 14:09:39 - [MESSAGE][INFO] - Finding web element with id: 'Object Repository/Popup/Popup' located by 'By.cssSelector: .bootbox-body' in '30' second(s)

2021-10-21 14:09:39 - [MESSAGE][INFO] - Smart Wait Function is triggered

2021-10-21 14:09:39 - [MESSAGE][INFO] - Found 1 web elements with id: 'Object Repository/Popup/Popup' located by 'By.cssSelector: .bootbox-body' in '30' second(s)

2021-10-21 14:09:39 - [MESSAGE][INFO] - Getting text of object 'Object Repository/Popup/Popup'

2021-10-21 14:09:39 - [MESSAGE][PASSED] - Text of object 'Object Repository/Popup/Popup' is: 'Seçilen makbuzlardan başarılı durumunda olanlar iptal edilecektir onaylıyor musunuz?'

2021-10-21 14:09:39 - [TEST_STEP][PASSED] - Console.println(RaporNo): null

2021-10-21 14:09:39 - [MESSAGE][PASSED] - Call Test Case 'Test Cases/Popup/PopupMesajiIceriyorMu' successfully

2021-10-21 14:09:39 - [MESSAGE][INFO] - Checking called Test Case

2021-10-21 14:09:39 - [MESSAGE][INFO] - Starting to call Test Case 'Test Cases/Popup/PopupButonSecilir'

2021-10-21 14:09:39 - [TEST_CASE][PASSED] - Test Cases/Popup/PopupButonSecilir: Test Cases/Popup/PopupButonSecilir

2021-10-21 14:09:39 - [TEST_STEP][PASSED] - Method.TextDegerineEsitElementeTikla(findTestObject("Popup/Popup_Butons"), Buton): Method.TextDegerineEsitElementeTikla is PASSED

2021-10-21 14:09:39 - [MESSAGE][INFO] - Finding Test Object 'Object Repository/Popup/Popup_Butons'

2021-10-21 14:09:39 - [MESSAGE][INFO] - Checking timeout

2021-10-21 14:09:39 - [MESSAGE][INFO] - Finding web element with id: 'Object Repository/Popup/Popup_Butons' located by 'By.cssSelector: .modal-footer>button' in '10' second(s)

2021-10-21 14:09:39 - [MESSAGE][INFO] - Smart Wait Function is triggered

2021-10-21 14:09:40 - [MESSAGE][INFO] - Found 2 web elements with id: 'Object Repository/Popup/Popup_Butons' located by 'By.cssSelector: .modal-footer>button' in '10' second(s)

2021-10-21 14:09:40 - [MESSAGE][PASSED] - Method.TextDegerineEsitElementeTikla is PASSED

2021-10-21 14:09:40 - [MESSAGE][PASSED] - Call Test Case 'Test Cases/Popup/PopupButonSecilir' successfully

2021-10-21 14:09:40 - [MESSAGE][INFO] - Checking called Test Case

2021-10-21 14:09:40 - [MESSAGE][INFO] - Starting to call Test Case 'Test Cases/Popup/PopupMesajiIceriyorMu'

2021-10-21 14:09:40 - [TEST_CASE][PASSED] - Test Cases/Popup/PopupMesajiIceriyorMu: Test Cases/Popup/PopupMesajiIceriyorMu

2021-10-21 14:09:40 - [TEST_STEP][PASSED] - waitForElementVisible(findTestObject("Popup/Popup"), 10): Object 'Object Repository/Popup/Popup' is visible

2021-10-21 14:09:40 - [MESSAGE][INFO] - Finding Test Object 'Object Repository/Popup/Popup'

2021-10-21 14:09:40 - [MESSAGE][INFO] - Checking object

2021-10-21 14:09:40 - [MESSAGE][INFO] - Checking timeout

2021-10-21 14:09:40 - [MESSAGE][INFO] - Finding web element from Test Object's properties

2021-10-21 14:09:40 - [MESSAGE][INFO] - Checking timeout

2021-10-21 14:09:40 - [MESSAGE][INFO] - Finding web element with id: 'Object Repository/Popup/Popup' located by 'By.cssSelector: .bootbox-body' in '10' second(s)

2021-10-21 14:09:40 - [MESSAGE][INFO] - Smart Wait Function is triggered

2021-10-21 14:09:41 - [MESSAGE][INFO] - Found 1 web elements with id: 'Object Repository/Popup/Popup' located by 'By.cssSelector: .bootbox-body' in '10' second(s)

2021-10-21 14:09:41 - [MESSAGE][PASSED] - Object 'Object Repository/Popup/Popup' is visible

2021-10-21 14:09:41 - [TEST_STEP][PASSED] - if (!(getText(findTestObject("Popup/Popup")).contains(Mesaj))): Text of object 'Object Repository/Popup/Popup' is: 'Başarılı durumdaki belgeler iptal edilmiştir.'

2021-10-21 14:09:41 - [MESSAGE][INFO] - Finding Test Object 'Object Repository/Popup/Popup'

2021-10-21 14:09:41 - [MESSAGE][INFO] - Checking object

2021-10-21 14:09:41 - [MESSAGE][INFO] - Finding web element from Test Object's properties

2021-10-21 14:09:41 - [MESSAGE][INFO] - Checking timeout

2021-10-21 14:09:41 - [MESSAGE][INFO] - Finding web element with id: 'Object Repository/Popup/Popup' located by 'By.cssSelector: .bootbox-body' in '30' second(s)

2021-10-21 14:09:41 - [MESSAGE][INFO] - Smart Wait Function is triggered

2021-10-21 14:09:41 - [MESSAGE][INFO] - Found 1 web elements with id: 'Object Repository/Popup/Popup' located by 'By.cssSelector: .bootbox-body' in '30' second(s)

2021-10-21 14:09:41 - [MESSAGE][INFO] - Getting text of object 'Object Repository/Popup/Popup'

2021-10-21 14:09:41 - [MESSAGE][PASSED] - Text of object 'Object Repository/Popup/Popup' is: 'Başarılı durumdaki belgeler iptal edilmiştir.'

2021-10-21 14:09:41 - [TEST_STEP][PASSED] - RaporNo = getText(findTestObject("Popup/Popup")).substring(0, 6): Text of object 'Object Repository/Popup/Popup' is: 'Başarılı durumdaki belgeler iptal edilmiştir.'

2021-10-21 14:09:41 - [MESSAGE][INFO] - Finding Test Object 'Object Repository/Popup/Popup'

2021-10-21 14:09:41 - [MESSAGE][INFO] - Checking object

2021-10-21 14:09:41 - [MESSAGE][INFO] - Finding web element from Test Object's properties

2021-10-21 14:09:41 - [MESSAGE][INFO] - Checking timeout

2021-10-21 14:09:41 - [MESSAGE][INFO] - Finding web element with id: 'Object Repository/Popup/Popup' located by 'By.cssSelector: .bootbox-body' in '30' second(s)

2021-10-21 14:09:41 - [MESSAGE][INFO] - Smart Wait Function is triggered

2021-10-21 14:09:42 - [MESSAGE][INFO] - Found 1 web elements with id: 'Object Repository/Popup/Popup' located by 'By.cssSelector: .bootbox-body' in '30' second(s)

2021-10-21 14:09:42 - [MESSAGE][INFO] - Getting text of object 'Object Repository/Popup/Popup'

2021-10-21 14:09:42 - [MESSAGE][PASSED] - Text of object 'Object Repository/Popup/Popup' is: 'Başarılı durumdaki belgeler iptal edilmiştir.'

2021-10-21 14:09:42 - [TEST_STEP][PASSED] - Console.println(RaporNo): null

2021-10-21 14:09:42 - [MESSAGE][PASSED] - Call Test Case 'Test Cases/Popup/PopupMesajiIceriyorMu' successfully

2021-10-21 14:09:42 - [MESSAGE][INFO] - Checking called Test Case

2021-10-21 14:09:42 - [MESSAGE][INFO] - Starting to call Test Case 'Test Cases/Popup/PopupButonSecilir'

2021-10-21 14:09:42 - [TEST_CASE][PASSED] - Test Cases/Popup/PopupButonSecilir: Test Cases/Popup/PopupButonSecilir

2021-10-21 14:09:42 - [TEST_STEP][PASSED] - Method.TextDegerineEsitElementeTikla(findTestObject("Popup/Popup_Butons"), Buton): Method.TextDegerineEsitElementeTikla is PASSED

2021-10-21 14:09:42 - [MESSAGE][INFO] - Finding Test Object 'Object Repository/Popup/Popup_Butons'

2021-10-21 14:09:42 - [MESSAGE][INFO] - Checking timeout

2021-10-21 14:09:42 - [MESSAGE][INFO] - Finding web element with id: 'Object Repository/Popup/Popup_Butons' located by 'By.cssSelector: .modal-footer>button' in '10' second(s)

2021-10-21 14:09:42 - [MESSAGE][INFO] - Smart Wait Function is triggered

2021-10-21 14:09:42 - [MESSAGE][INFO] - Found 1 web elements with id: 'Object Repository/Popup/Popup_Butons' located by 'By.cssSelector: .modal-footer>button' in '10' second(s)

2021-10-21 14:09:42 - [MESSAGE][PASSED] - Method.TextDegerineEsitElementeTikla is PASSED

2021-10-21 14:09:42 - [MESSAGE][PASSED] - Call Test Case 'Test Cases/Popup/PopupButonSecilir' successfully

2021-10-21 14:09:42 - [MESSAGE][INFO] - Checking called Test Case

2021-10-21 14:09:42 - [MESSAGE][INFO] - Starting to call Test Case 'Test Cases/Butonlar/ButonaTikla'

2021-10-21 14:09:42 - [TEST_CASE][PASSED] - Test Cases/Butonlar/ButonaTikla: Test Cases/Butonlar/ButonaTikla

2021-10-21 14:09:42 - [TEST_STEP][PASSED] - Method.TextDegerineEsitElementeTiklaEquals(findTestObject("Butonlar/Butonlar"), Buton_Adi): Method.TextDegerineEsitElementeTiklaEquals is PASSED

2021-10-21 14:09:42 - [MESSAGE][INFO] - Finding Test Object 'Object Repository/Butonlar/Butonlar'

2021-10-21 14:09:42 - [MESSAGE][INFO] - Checking timeout

2021-10-21 14:09:42 - [MESSAGE][INFO] - Finding web element with id: 'Object Repository/Butonlar/Butonlar' located by 'By.cssSelector: .panel.panel-default.text-center.footerPanel .btn,.btn.btn-primary.btnControls' in '10' second(s)

2021-10-21 14:09:42 - [MESSAGE][INFO] - Smart Wait Function is triggered

2021-10-21 14:09:43 - [MESSAGE][INFO] - Found 13 web elements with id: 'Object Repository/Butonlar/Butonlar' located by 'By.cssSelector: .panel.panel-default.text-center.footerPanel .btn,.btn.btn-primary.btnControls' in '10' second(s)

2021-10-21 14:09:43 - [MESSAGE][PASSED] - Method.TextDegerineEsitElementeTiklaEquals is PASSED

2021-10-21 14:09:43 - [MESSAGE][PASSED] - Call Test Case 'Test Cases/Butonlar/ButonaTikla' successfully

2021-10-21 14:09:43 - [MESSAGE][INFO] - Checking called Test Case

2021-10-21 14:09:43 - [MESSAGE][INFO] - Starting to call Test Case 'Test Cases/Popup/PopupMesajiIceriyorMu'

2021-10-21 14:09:43 - [TEST_CASE][PASSED] - Test Cases/Popup/PopupMesajiIceriyorMu: Test Cases/Popup/PopupMesajiIceriyorMu

2021-10-21 14:09:43 - [TEST_STEP][PASSED] - waitForElementVisible(findTestObject("Popup/Popup"), 10): Object 'Object Repository/Popup/Popup' is visible

2021-10-21 14:09:43 - [MESSAGE][INFO] - Finding Test Object 'Object Repository/Popup/Popup'

2021-10-21 14:09:43 - [MESSAGE][INFO] - Checking object

2021-10-21 14:09:43 - [MESSAGE][INFO] - Checking timeout

2021-10-21 14:09:43 - [MESSAGE][INFO] - Finding web element from Test Object's properties

2021-10-21 14:09:43 - [MESSAGE][INFO] - Checking timeout

2021-10-21 14:09:43 - [MESSAGE][INFO] - Finding web element with id: 'Object Repository/Popup/Popup' located by 'By.cssSelector: .bootbox-body' in '10' second(s)

2021-10-21 14:09:43 - [MESSAGE][INFO] - Smart Wait Function is triggered

2021-10-21 14:09:43 - [MESSAGE][INFO] - Found 1 web elements with id: 'Object Repository/Popup/Popup' located by 'By.cssSelector: .bootbox-body' in '10' second(s)

2021-10-21 14:09:43 - [MESSAGE][PASSED] - Object 'Object Repository/Popup/Popup' is visible

2021-10-21 14:09:43 - [TEST_STEP][PASSED] - if (!(getText(findTestObject("Popup/Popup")).contains(Mesaj))): Text of object 'Object Repository/Popup/Popup' is: 'Seçilen makbuzlar için iptal işlemi geri alınacaktır onaylıyor musunuz?'

2021-10-21 14:09:43 - [MESSAGE][INFO] - Finding Test Object 'Object Repository/Popup/Popup'

2021-10-21 14:09:43 - [MESSAGE][INFO] - Checking object

2021-10-21 14:09:43 - [MESSAGE][INFO] - Finding web element from Test Object's properties

2021-10-21 14:09:43 - [MESSAGE][INFO] - Checking timeout

2021-10-21 14:09:43 - [MESSAGE][INFO] - Finding web element with id: 'Object Repository/Popup/Popup' located by 'By.cssSelector: .bootbox-body' in '30' second(s)

2021-10-21 14:09:43 - [MESSAGE][INFO] - Smart Wait Function is triggered

2021-10-21 14:09:44 - [MESSAGE][INFO] - Found 1 web elements with id: 'Object Repository/Popup/Popup' located by 'By.cssSelector: .bootbox-body' in '30' second(s)

2021-10-21 14:09:44 - [MESSAGE][INFO] - Getting text of object 'Object Repository/Popup/Popup'

2021-10-21 14:09:44 - [MESSAGE][PASSED] - Text of object 'Object Repository/Popup/Popup' is: 'Seçilen makbuzlar için iptal işlemi geri alınacaktır onaylıyor musunuz?'

2021-10-21 14:09:44 - [TEST_STEP][PASSED] - RaporNo = getText(findTestObject("Popup/Popup")).substring(0, 6): Text of object 'Object Repository/Popup/Popup' is: 'Seçilen makbuzlar için iptal işlemi geri alınacaktır onaylıyor musunuz?'

2021-10-21 14:09:44 - [MESSAGE][INFO] - Finding Test Object 'Object Repository/Popup/Popup'

2021-10-21 14:09:44 - [MESSAGE][INFO] - Checking object

2021-10-21 14:09:44 - [MESSAGE][INFO] - Finding web element from Test Object's properties

2021-10-21 14:09:44 - [MESSAGE][INFO] - Checking timeout

2021-10-21 14:09:44 - [MESSAGE][INFO] - Finding web element with id: 'Object Repository/Popup/Popup' located by 'By.cssSelector: .bootbox-body' in '30' second(s)

2021-10-21 14:09:44 - [MESSAGE][INFO] - Smart Wait Function is triggered

2021-10-21 14:09:44 - [MESSAGE][INFO] - Found 1 web elements with id: 'Object Repository/Popup/Popup' located by 'By.cssSelector: .bootbox-body' in '30' second(s)

2021-10-21 14:09:44 - [MESSAGE][INFO] - Getting text of object 'Object Repository/Popup/Popup'

2021-10-21 14:09:44 - [MESSAGE][PASSED] - Text of object 'Object Repository/Popup/Popup' is: 'Seçilen makbuzlar için iptal işlemi geri alınacaktır onaylıyor musunuz?'

2021-10-21 14:09:44 - [TEST_STEP][PASSED] - Console.println(RaporNo): null

2021-10-21 14:09:44 - [MESSAGE][PASSED] - Call Test Case 'Test Cases/Popup/PopupMesajiIceriyorMu' successfully

2021-10-21 14:09:44 - [MESSAGE][INFO] - Checking called Test Case

2021-10-21 14:09:44 - [MESSAGE][INFO] - Starting to call Test Case 'Test Cases/Popup/PopupButonSecilir'

2021-10-21 14:09:44 - [TEST_CASE][PASSED] - Test Cases/Popup/PopupButonSecilir: Test Cases/Popup/PopupButonSecilir

2021-10-21 14:09:44 - [TEST_STEP][PASSED] - Method.TextDegerineEsitElementeTikla(findTestObject("Popup/Popup_Butons"), Buton): Method.TextDegerineEsitElementeTikla is PASSED

2021-10-21 14:09:44 - [MESSAGE][INFO] - Finding Test Object 'Object Repository/Popup/Popup_Butons'

2021-10-21 14:09:44 - [MESSAGE][INFO] - Checking timeout

2021-10-21 14:09:44 - [MESSAGE][INFO] - Finding web element with id: 'Object Repository/Popup/Popup_Butons' located by 'By.cssSelector: .modal-footer>button' in '10' second(s)

2021-10-21 14:09:44 - [MESSAGE][INFO] - Smart Wait Function is triggered

2021-10-21 14:09:45 - [MESSAGE][INFO] - Found 2 web elements with id: 'Object Repository/Popup/Popup_Butons' located by 'By.cssSelector: .modal-footer>button' in '10' second(s)

2021-10-21 14:09:45 - [MESSAGE][PASSED] - Method.TextDegerineEsitElementeTikla is PASSED

2021-10-21 14:09:45 - [MESSAGE][PASSED] - Call Test Case 'Test Cases/Popup/PopupButonSecilir' successfully

2021-10-21 14:09:45 - [MESSAGE][INFO] - Checking called Test Case

2021-10-21 14:09:45 - [MESSAGE][INFO] - Starting to call Test Case 'Test Cases/Popup/PopupMesajiIceriyorMu'

2021-10-21 14:09:45 - [TEST_CASE][PASSED] - Test Cases/Popup/PopupMesajiIceriyorMu: Test Cases/Popup/PopupMesajiIceriyorMu

2021-10-21 14:09:45 - [TEST_STEP][PASSED] - waitForElementVisible(findTestObject("Popup/Popup"), 10): Object 'Object Repository/Popup/Popup' is visible

2021-10-21 14:09:45 - [MESSAGE][INFO] - Finding Test Object 'Object Repository/Popup/Popup'

2021-10-21 14:09:45 - [MESSAGE][INFO] - Checking object

2021-10-21 14:09:45 - [MESSAGE][INFO] - Checking timeout

2021-10-21 14:09:45 - [MESSAGE][INFO] - Finding web element from Test Object's properties

2021-10-21 14:09:45 - [MESSAGE][INFO] - Checking timeout

2021-10-21 14:09:45 - [MESSAGE][INFO] - Finding web element with id: 'Object Repository/Popup/Popup' located by 'By.cssSelector: .bootbox-body' in '10' second(s)

2021-10-21 14:09:45 - [MESSAGE][INFO] - Smart Wait Function is triggered

2021-10-21 14:09:45 - [MESSAGE][INFO] - Found 1 web elements with id: 'Object Repository/Popup/Popup' located by 'By.cssSelector: .bootbox-body' in '10' second(s)

2021-10-21 14:09:45 - [MESSAGE][PASSED] - Object 'Object Repository/Popup/Popup' is visible

2021-10-21 14:09:45 - [TEST_STEP][PASSED] - if (!(getText(findTestObject("Popup/Popup")).contains(Mesaj))): Text of object 'Object Repository/Popup/Popup' is: 'İptal Edildi durumunda olan ve raporlanmayan 1 adet belge için iptal işlemi geri alınmıştır.'

2021-10-21 14:09:45 - [MESSAGE][INFO] - Finding Test Object 'Object Repository/Popup/Popup'

2021-10-21 14:09:46 - [MESSAGE][INFO] - Checking object

2021-10-21 14:09:46 - [MESSAGE][INFO] - Finding web element from Test Object's properties

2021-10-21 14:09:46 - [MESSAGE][INFO] - Checking timeout

2021-10-21 14:09:46 - [MESSAGE][INFO] - Finding web element with id: 'Object Repository/Popup/Popup' located by 'By.cssSelector: .bootbox-body' in '30' second(s)

2021-10-21 14:09:46 - [MESSAGE][INFO] - Smart Wait Function is triggered

2021-10-21 14:09:46 - [MESSAGE][INFO] - Found 1 web elements with id: 'Object Repository/Popup/Popup' located by 'By.cssSelector: .bootbox-body' in '30' second(s)

2021-10-21 14:09:46 - [MESSAGE][INFO] - Getting text of object 'Object Repository/Popup/Popup'

2021-10-21 14:09:46 - [MESSAGE][PASSED] - Text of object 'Object Repository/Popup/Popup' is: 'İptal Edildi durumunda olan ve raporlanmayan 1 adet belge için iptal işlemi geri alınmıştır.'

2021-10-21 14:09:46 - [TEST_STEP][PASSED] - RaporNo = getText(findTestObject("Popup/Popup")).substring(0, 6): Text of object 'Object Repository/Popup/Popup' is: 'İptal Edildi durumunda olan ve raporlanmayan 1 adet belge için iptal işlemi geri alınmıştır.'

2021-10-21 14:09:46 - [MESSAGE][INFO] - Finding Test Object 'Object Repository/Popup/Popup'

2021-10-21 14:09:46 - [MESSAGE][INFO] - Checking object

2021-10-21 14:09:46 - [MESSAGE][INFO] - Finding web element from Test Object's properties

2021-10-21 14:09:46 - [MESSAGE][INFO] - Checking timeout

2021-10-21 14:09:46 - [MESSAGE][INFO] - Finding web element with id: 'Object Repository/Popup/Popup' located by 'By.cssSelector: .bootbox-body' in '30' second(s)

2021-10-21 14:09:46 - [MESSAGE][INFO] - Smart Wait Function is triggered

2021-10-21 14:09:46 - [MESSAGE][INFO] - Found 1 web elements with id: 'Object Repository/Popup/Popup' located by 'By.cssSelector: .bootbox-body' in '30' second(s)

2021-10-21 14:09:46 - [MESSAGE][INFO] - Getting text of object 'Object Repository/Popup/Popup'

2021-10-21 14:09:46 - [MESSAGE][PASSED] - Text of object 'Object Repository/Popup/Popup' is: 'İptal Edildi durumunda olan ve raporlanmayan 1 adet belge için iptal işlemi geri alınmıştır.'

2021-10-21 14:09:46 - [TEST_STEP][PASSED] - Console.println(RaporNo): null

2021-10-21 14:09:46 - [MESSAGE][PASSED] - Call Test Case 'Test Cases/Popup/PopupMesajiIceriyorMu' successfully

2021-10-21 14:09:46 - [MESSAGE][INFO] - Checking called Test Case

2021-10-21 14:09:46 - [MESSAGE][INFO] - Starting to call Test Case 'Test Cases/Popup/PopupButonSecilir'

2021-10-21 14:09:46 - [TEST_CASE][PASSED] - Test Cases/Popup/PopupButonSecilir: Test Cases/Popup/PopupButonSecilir

2021-10-21 14:09:46 - [TEST_STEP][PASSED] - Method.TextDegerineEsitElementeTikla(findTestObject("Popup/Popup_Butons"), Buton): Method.TextDegerineEsitElementeTikla is PASSED

2021-10-21 14:09:46 - [MESSAGE][INFO] - Finding Test Object 'Object Repository/Popup/Popup_Butons'

2021-10-21 14:09:46 - [MESSAGE][INFO] - Checking timeout

2021-10-21 14:09:46 - [MESSAGE][INFO] - Finding web element with id: 'Object Repository/Popup/Popup_Butons' located by 'By.cssSelector: .modal-footer>button' in '10' second(s)

2021-10-21 14:09:46 - [MESSAGE][INFO] - Smart Wait Function is triggered

2021-10-21 14:09:47 - [MESSAGE][INFO] - Found 1 web elements with id: 'Object Repository/Popup/Popup_Butons' located by 'By.cssSelector: .modal-footer>button' in '10' second(s)

2021-10-21 14:09:47 - [MESSAGE][PASSED] - Method.TextDegerineEsitElementeTikla is PASSED

2021-10-21 14:09:47 - [MESSAGE][PASSED] - Call Test Case 'Test Cases/Popup/PopupButonSecilir' successfully

2021-10-21 14:09:47 - [MESSAGE][INFO] - Checking called Test Case

2021-10-21 14:09:47 - [MESSAGE][INFO] - Starting to call Test Case 'Test Cases/Kullanici_Islemleri/KullaniciIslemlerindenSecimYapilir'

2021-10-21 14:09:47 - [TEST_CASE][PASSED] - Test Cases/Kullanici_Islemleri/KullaniciIslemlerindenSecimYapilir: Test Cases/Kullanici_Islemleri/KullaniciIslemlerindenSecimYapilir

2021-10-21 14:09:47 - [TEST_STEP][PASSED] - waitForElementClickable(findTestObject("Object Repository/Kullanici_Islemleri/KullaniciIslemleri"), 10): Object 'Object Repository/Kullanici_Islemleri/KullaniciIslemleri' is clickable

2021-10-21 14:09:47 - [MESSAGE][INFO] - Finding Test Object 'Object Repository/Kullanici_Islemleri/KullaniciIslemleri'

2021-10-21 14:09:47 - [MESSAGE][INFO] - Checking object

2021-10-21 14:09:47 - [MESSAGE][INFO] - Checking timeout

2021-10-21 14:09:47 - [MESSAGE][INFO] - Finding web element from Test Object's properties

2021-10-21 14:09:47 - [MESSAGE][INFO] - Checking timeout

2021-10-21 14:09:47 - [MESSAGE][INFO] - Finding web element with id: 'Object Repository/Kullanici_Islemleri/KullaniciIslemleri' located by 'By.cssSelector: .dropdown>a>img' in '10' second(s)

2021-10-21 14:09:47 - [MESSAGE][INFO] - Smart Wait Function is triggered

2021-10-21 14:09:47 - [MESSAGE][INFO] - Found 1 web elements with id: 'Object Repository/Kullanici_Islemleri/KullaniciIslemleri' located by 'By.cssSelector: .dropdown>a>img' in '10' second(s)

2021-10-21 14:09:47 - [MESSAGE][PASSED] - Object 'Object Repository/Kullanici_Islemleri/KullaniciIslemleri' is clickable

2021-10-21 14:09:47 - [TEST_STEP][PASSED] - click(findTestObject("Object Repository/Kullanici_Islemleri/KullaniciIslemleri")): Object: 'Object Repository/Kullanici_Islemleri/KullaniciIslemleri' is clicked on

2021-10-21 14:09:47 - [MESSAGE][INFO] - Finding Test Object 'Object Repository/Kullanici_Islemleri/KullaniciIslemleri'

2021-10-21 14:09:48 - [MESSAGE][INFO] - Checking object

2021-10-21 14:09:48 - [MESSAGE][INFO] - Finding web element from Test Object's properties

2021-10-21 14:09:48 - [MESSAGE][INFO] - Checking timeout

2021-10-21 14:09:48 - [MESSAGE][INFO] - Finding web element with id: 'Object Repository/Kullanici_Islemleri/KullaniciIslemleri' located by 'By.cssSelector: .dropdown>a>img' in '30' second(s)

2021-10-21 14:09:48 - [MESSAGE][INFO] - Smart Wait Function is triggered

2021-10-21 14:09:48 - [MESSAGE][INFO] - Found 1 web elements with id: 'Object Repository/Kullanici_Islemleri/KullaniciIslemleri' located by 'By.cssSelector: .dropdown>a>img' in '30' second(s)

2021-10-21 14:09:48 - [MESSAGE][INFO] - Clicking on object: 'Object Repository/Kullanici_Islemleri/KullaniciIslemleri'

2021-10-21 14:09:48 - [MESSAGE][PASSED] - Object: 'Object Repository/Kullanici_Islemleri/KullaniciIslemleri' is clicked on

2021-10-21 14:09:48 - [TEST_STEP][PASSED] - Method.TextDegerineEsitElementeTikla(findTestObject("Object Repository/Kullanici_Islemleri/Secenekler"), Islem): Method.TextDegerineEsitElementeTikla is PASSED

2021-10-21 14:09:48 - [MESSAGE][INFO] - Finding Test Object 'Object Repository/Kullanici_Islemleri/Secenekler'

2021-10-21 14:09:48 - [MESSAGE][INFO] - Checking timeout

2021-10-21 14:09:48 - [MESSAGE][INFO] - Finding web element with id: 'Object Repository/Kullanici_Islemleri/Secenekler' located by 'By.cssSelector: .nav.navbar-nav.navbar-right li a' in '10' second(s)

2021-10-21 14:09:48 - [MESSAGE][INFO] - Smart Wait Function is triggered

2021-10-21 14:09:48 - [MESSAGE][INFO] - Found 22 web elements with id: 'Object Repository/Kullanici_Islemleri/Secenekler' located by 'By.cssSelector: .nav.navbar-nav.navbar-right li a' in '10' second(s)

2021-10-21 14:09:50 - [MESSAGE][PASSED] - Method.TextDegerineEsitElementeTikla is PASSED

2021-10-21 14:09:50 - [TEST_STEP][PASSED] - verifyElementNotPresent(findTestObject("Object Repository/Kullanici_Islemleri/Secenekler"), 10): Web element with id: 'Object Repository/Kullanici_Islemleri/Secenekler' located by 'By.cssSelector: .nav.navbar-nav.navbar-right li a' is not present after '10' second(s)

2021-10-21 14:09:50 - [MESSAGE][INFO] - Finding Test Object 'Object Repository/Kullanici_Islemleri/Secenekler'

2021-10-21 14:09:50 - [MESSAGE][INFO] - Checking object

2021-10-21 14:09:50 - [MESSAGE][INFO] - Checking timeout

2021-10-21 14:09:50 - [MESSAGE][INFO] - Finding web element with id: 'Object Repository/Kullanici_Islemleri/Secenekler' located by 'By.cssSelector: .nav.navbar-nav.navbar-right li a' in '10' second(s)

2021-10-21 14:09:50 - [MESSAGE][INFO] - Smart Wait Function is triggered

2021-10-21 14:09:50 - [MESSAGE][PASSED] - Web element with id: 'Object Repository/Kullanici_Islemleri/Secenekler' located by 'By.cssSelector: .nav.navbar-nav.navbar-right li a' is not present after '10' second(s)

2021-10-21 14:09:50 - [MESSAGE][PASSED] - Call Test Case 'Test Cases/Kullanici_Islemleri/KullaniciIslemlerindenSecimYapilir' successfully

2021-10-21 14:09:50 - [TEST_CASE][PASSED] - Start Test Case : SCENARIO e-Mustahsil Makbuzu Iptal Et: SCENARIO e-Mustahsil Makbuzu Iptal Et

2021-10-21 14:09:50 - [TEST_STEP][PASSED] - Kullanıcı adı ELOGO6 ve Şifre 123456 olarak giriş yapılır: Kullanıcı adı ELOGO6 ve Şifre 123456 olarak giriş yapılır

2021-10-21 14:09:50 - [MESSAGE][PASSED] - Kullanıcı adı ELOGO6 ve Şifre 123456 olarak giriş yapılır

2021-10-21 14:09:50 - [TEST_STEP][PASSED] - Ana menüden e-Makbuz seçilir: Ana menüden e-Makbuz seçilir

2021-10-21 14:09:50 - [MESSAGE][PASSED] - Ana menüden e-Makbuz seçilir

2021-10-21 14:09:50 - [TEST_STEP][PASSED] - Alt menü e-Müstahsil Uygulaması başlığı altındaki e-Müstahsil Makbuzları seçilir: Alt menü e-Müstahsil Uygulaması başlığı altındaki e-Müstahsil Makbuzları seçilir

2021-10-21 14:09:50 - [MESSAGE][PASSED] - Alt menü e-Müstahsil Uygulaması başlığı altındaki e-Müstahsil Makbuzları seçilir

2021-10-21 14:09:50 - [TEST_STEP][PASSED] - Filtrelerden Oluşturma Tarihi filtresine 31.08.2021 baslangic degerini yaz: Filtrelerden Oluşturma Tarihi filtresine 31.08.2021 baslangic degerini yaz

2021-10-21 14:09:50 - [MESSAGE][PASSED] - Filtrelerden Oluşturma Tarihi filtresine 31.08.2021 baslangic degerini yaz

2021-10-21 14:09:50 - [TEST_STEP][PASSED] - Filtrelerden Oluşturma Tarihi filtresine 31.08.2021 bitis degerini yaz: Filtrelerden Oluşturma Tarihi filtresine 31.08.2021 bitis degerini yaz

2021-10-21 14:09:50 - [MESSAGE][PASSED] - Filtrelerden Oluşturma Tarihi filtresine 31.08.2021 bitis degerini yaz

2021-10-21 14:09:50 - [TEST_STEP][PASSED] - Filtre butonlarından Listele seçilir: Filtre butonlarından Listele seçilir

2021-10-21 14:09:50 - [MESSAGE][PASSED] - Filtre butonlarından Listele seçilir

2021-10-21 14:09:50 - [TEST_STEP][PASSED] - Tabloda veri var mı kontrol edilir: Tabloda veri var mı kontrol edilir

2021-10-21 14:09:50 - [MESSAGE][PASSED] - Tabloda veri var mı kontrol edilir

2021-10-21 14:09:50 - [TEST_STEP][PASSED] - Tablodan Test Kurum Üç isimli veri seçilir: Tablodan Test Kurum Üç isimli veri seçilir

2021-10-21 14:09:50 - [MESSAGE][PASSED] - Tablodan Test Kurum Üç isimli veri seçilir

2021-10-21 14:09:50 - [TEST_STEP][PASSED] - Butonlardan İptal Et isimli butona tıklanır: Butonlardan İptal Et isimli butona tıklanır

2021-10-21 14:09:50 - [MESSAGE][PASSED] - Butonlardan İptal Et isimli butona tıklanır

2021-10-21 14:09:50 - [TEST_STEP][PASSED] - Popup mesajı Seçilen makbuzlardan başarılı durumunda olanlar iptal edilecektir onaylıyor musunuz içeriyor mu: Popup mesajı Seçilen makbuzlardan başarılı durumunda olanlar iptal edilecektir onaylıyor musunuz içeriyor mu

2021-10-21 14:09:50 - [MESSAGE][PASSED] - Popup mesajı Seçilen makbuzlardan başarılı durumunda olanlar iptal edilecektir onaylıyor musunuz içeriyor mu

2021-10-21 14:09:50 - [TEST_STEP][PASSED] - Yönetim popupında Evet seçilir: Yönetim popupında Evet seçilir

2021-10-21 14:09:50 - [MESSAGE][PASSED] - Yönetim popupında Evet seçilir

2021-10-21 14:09:50 - [TEST_STEP][PASSED] - Popup mesajı Başarılı durumdaki belgeler iptal edilmiştir içeriyor mu: Popup mesajı Başarılı durumdaki belgeler iptal edilmiştir içeriyor mu

2021-10-21 14:09:50 - [MESSAGE][PASSED] - Popup mesajı Başarılı durumdaki belgeler iptal edilmiştir içeriyor mu

2021-10-21 14:09:50 - [TEST_STEP][PASSED] - Yönetim popupında Tamam seçilir: Yönetim popupında Tamam seçilir

2021-10-21 14:09:50 - [MESSAGE][PASSED] - Yönetim popupında Tamam seçilir

2021-10-21 14:09:50 - [TEST_STEP][PASSED] - Butonlardan İptal Geri Al isimli butona tıklanır: Butonlardan İptal Geri Al isimli butona tıklanır

2021-10-21 14:09:50 - [MESSAGE][PASSED] - Butonlardan İptal Geri Al isimli butona tıklanır

2021-10-21 14:09:50 - [TEST_STEP][PASSED] - Popup mesajı Seçilen makbuzlar için iptal işlemi geri alınacaktır onaylıyor musunuz? içeriyor mu: Popup mesajı Seçilen makbuzlar için iptal işlemi geri alınacaktır onaylıyor musunuz? içeriyor mu

2021-10-21 14:09:50 - [MESSAGE][PASSED] - Popup mesajı Seçilen makbuzlar için iptal işlemi geri alınacaktır onaylıyor musunuz? içeriyor mu

2021-10-21 14:09:50 - [TEST_STEP][PASSED] - Yönetim popupında Onayla seçilir: Yönetim popupında Onayla seçilir

2021-10-21 14:09:50 - [MESSAGE][PASSED] - Yönetim popupında Onayla seçilir

2021-10-21 14:09:50 - [TEST_STEP][PASSED] - Popup mesajı İptal Edildi durumunda olan ve raporlanmayan 1 adet belge için iptal işlemi geri alınmıştır. içeriyor mu: Popup mesajı İptal Edildi durumunda olan ve raporlanmayan 1 adet belge için iptal işlemi geri alınmıştır. içeriyor mu

2021-10-21 14:09:50 - [MESSAGE][PASSED] - Popup mesajı İptal Edildi durumunda olan ve raporlanmayan 1 adet belge için iptal işlemi geri alınmıştır. içeriyor mu

2021-10-21 14:09:50 - [TEST_STEP][PASSED] - Yönetim popupında Tamam seçilir: Yönetim popupında Tamam seçilir

2021-10-21 14:09:50 - [MESSAGE][PASSED] - Yönetim popupında Tamam seçilir

2021-10-21 14:09:50 - [TEST_STEP][PASSED] - Kullanıcı işlemlerinden Çıkış seçilir: Kullanıcı işlemlerinden Çıkış seçilir

2021-10-21 14:09:50 - [MESSAGE][PASSED] - Kullanıcı işlemlerinden Çıkış seçilir

2021-10-21 14:09:50 - [MESSAGE][PASSED] - Feature file: 'Include/features/e-Makbuz/e-Mustahsil Uygulamasi/e-Mustahsil Makbuzlari/Iptal Et-Geri Al.feature' was passed

2021-10-21 14:09:50 - [TEST_STEP][PASSED] - Start listener action : sampleAfterTestSuite: Invoke 'com.kms.katalon.core.annotation.AfterTestCase' method: 'Listener.sampleAfterTestSuite(...)' completed.

2021-10-21 14:09:50 - [MESSAGE][INFO] - Starting invoke 'com.kms.katalon.core.annotation.AfterTestCase' method: 'Listener.sampleAfterTestSuite(...)'

2021-10-21 14:09:50 - [TEST_STEP][PASSED] - closeBrowser(): Invoke 'com.kms.katalon.core.annotation.AfterTestCase' method: 'Listener.sampleAfterTestSuite(...)' completed.

2021-10-21 14:09:50 - [MESSAGE][INFO] - Closing browser

2021-10-21 14:09:51 - [MESSAGE][PASSED] - Browser is closed

2021-10-21 14:09:51 - [MESSAGE][INFO] - Invoke 'com.kms.katalon.core.annotation.AfterTestCase' method: 'Listener.sampleAfterTestSuite(...)' completed.]]></system-out>
         <system-err><![CDATA[]]></system-err>
      </testcase>
      <testcase name="Test Cases/Case Repository/e-Makbuz/e-Mustahsil Uygulamasi/e-Mustahsil Makbuzlari/Izleme Kayitlari" time="62.441" classname="Test Cases/Case Repository/e-Makbuz/e-Mustahsil Uygulamasi/e-Mustahsil Makbuzlari/Izleme Kayitlari" status="PASSED">
         <system-out><![CDATA[2021-10-21 14:09:51 - [TEST_CASE][PASSED] - Test Cases/Case Repository/e-Makbuz/e-Mustahsil Uygulamasi/e-Mustahsil Makbuzlari/Izleme Kayitlari: Test Cases/Case Repository/e-Makbuz/e-Mustahsil Uygulamasi/e-Mustahsil Makbuzlari/Izleme Kayitlari

2021-10-21 14:09:51 - [TEST_STEP][PASSED] - Start listener action : sampleBeforeTestSuite: Invoke 'com.kms.katalon.core.annotation.BeforeTestCase' method: 'Listener.sampleBeforeTestSuite(...)' completed.

2021-10-21 14:09:51 - [MESSAGE][INFO] - Starting invoke 'com.kms.katalon.core.annotation.BeforeTestCase' method: 'Listener.sampleBeforeTestSuite(...)'

2021-10-21 14:09:51 - [TEST_STEP][PASSED] - openBrowser(baseUrl): Browser is opened with url: 'https://efatura-stage.elogo.com.tr/'

2021-10-21 14:09:51 - [MESSAGE][INFO] - Opening browser

2021-10-21 14:09:51 - [MESSAGE][INFO] - Starting 'Chrome' driver

2021-10-21 14:09:51 - [MESSAGE][INFO] - User set preference: ['prefs', '{download.default_directory=C:\otomasyondownfiles}']

2021-10-21 14:09:51 - [MESSAGE][INFO] - Action delay is set to 0 milliseconds

2021-10-21 14:09:53 - [MESSAGE][INFO] - Navigating browser to: 'https://efatura-stage.elogo.com.tr/'

2021-10-21 14:09:56 - [MESSAGE][PASSED] - Browser is opened with url: 'https://efatura-stage.elogo.com.tr/'

2021-10-21 14:09:56 - [TEST_STEP][PASSED] - maximizeWindow(): Invoke 'com.kms.katalon.core.annotation.BeforeTestCase' method: 'Listener.sampleBeforeTestSuite(...)' completed.

2021-10-21 14:09:56 - [MESSAGE][INFO] - Maximizing current window

2021-10-21 14:09:56 - [MESSAGE][PASSED] - Current window maximized

2021-10-21 14:09:56 - [MESSAGE][INFO] - Invoke 'com.kms.katalon.core.annotation.BeforeTestCase' method: 'Listener.sampleBeforeTestSuite(...)' completed.

2021-10-21 14:09:57 - [TEST_STEP][PASSED] - runFeatureFile("Include/features/e-Makbuz/e-Mustahsil Uygulamasi/e-Mustahsil Makbuzlari/Izleme Kayitlari.feature"): Feature file: 'Include/features/e-Makbuz/e-Mustahsil Uygulamasi/e-Mustahsil Makbuzlari/Izleme Kayitlari.feature' was passed

2021-10-21 14:09:57 - [MESSAGE][INFO] - Starting run keyword runFeatureFile: 'Include/features/e-Makbuz/e-Mustahsil Uygulamasi/e-Mustahsil Makbuzlari/Izleme Kayitlari.feature' and extract report to folder: 'C:\Users\DELL\Downloads\EES_Katalon-main\Reports\20211021_140437\Suite Repository\e-Makbuz\20211021_140511/cucumber_report/1634814597085'...

2021-10-21 14:09:57 - [MESSAGE][INFO] - Glue: []

2021-10-21 14:09:58 - [MESSAGE][INFO] - Checking called Test Case

2021-10-21 14:09:58 - [MESSAGE][INFO] - Starting to call Test Case 'Test Cases/Sayfalar/Giris_Sayfasi/Login'

2021-10-21 14:09:58 - [TEST_CASE][PASSED] - Test Cases/Sayfalar/Giris_Sayfasi/Login: Test Cases/Sayfalar/Giris_Sayfasi/Login

2021-10-21 14:09:58 - [TEST_STEP][PASSED] - Sayfa_Basligi = getWindowTitle(): Current window's title is: 'LOGO e-Fatura'

2021-10-21 14:09:58 - [MESSAGE][INFO] - Getting current window's title

2021-10-21 14:09:58 - [MESSAGE][PASSED] - Current window's title is: 'LOGO e-Fatura'

2021-10-21 14:09:58 - [TEST_STEP][PASSED] - verifyMatch(Sayfa_Basligi, "LOGO e-Fatura", false): Actual text 'LOGO e-Fatura' and expected text 'LOGO e-Fatura' are matched 

2021-10-21 14:09:58 - [MESSAGE][INFO] - Matching actual text 'LOGO e-Fatura' with expected text 'LOGO e-Fatura'

2021-10-21 14:09:58 - [MESSAGE][PASSED] - Actual text 'LOGO e-Fatura' and expected text 'LOGO e-Fatura' are matched 

2021-10-21 14:09:58 - [TEST_STEP][PASSED] - sendKeys(findTestObject("Sayfalar/Giris_Sayfasi/Firma_Kodu"), KullaniciAdi): Keys 'ELOGO6' sent to object: 'Object Repository/Sayfalar/Giris_Sayfasi/Firma_Kodu'

2021-10-21 14:09:58 - [MESSAGE][INFO] - Finding Test Object 'Object Repository/Sayfalar/Giris_Sayfasi/Firma_Kodu'

2021-10-21 14:09:58 - [MESSAGE][INFO] - Sending keys 'ELOGO6' to object: 'Object Repository/Sayfalar/Giris_Sayfasi/Firma_Kodu'

2021-10-21 14:09:58 - [MESSAGE][INFO] - Finding web element from Test Object's properties

2021-10-21 14:09:58 - [MESSAGE][INFO] - Checking timeout

2021-10-21 14:09:58 - [MESSAGE][INFO] - Finding web element with id: 'Object Repository/Sayfalar/Giris_Sayfasi/Firma_Kodu' located by 'By.xpath: //*[@id = 'AccountName']' in '30' second(s)

2021-10-21 14:09:58 - [MESSAGE][INFO] - Smart Wait Function is triggered

2021-10-21 14:09:58 - [MESSAGE][INFO] - Found 1 web elements with id: 'Object Repository/Sayfalar/Giris_Sayfasi/Firma_Kodu' located by 'By.xpath: //*[@id = 'AccountName']' in '30' second(s)

2021-10-21 14:09:59 - [MESSAGE][PASSED] - Keys 'ELOGO6' sent to object: 'Object Repository/Sayfalar/Giris_Sayfasi/Firma_Kodu'

2021-10-21 14:09:59 - [TEST_STEP][PASSED] - sendKeys(findTestObject("Sayfalar/Giris_Sayfasi/Sifre"), Sifre): Keys '123456' sent to object: 'Object Repository/Sayfalar/Giris_Sayfasi/Sifre'

2021-10-21 14:09:59 - [MESSAGE][INFO] - Finding Test Object 'Object Repository/Sayfalar/Giris_Sayfasi/Sifre'

2021-10-21 14:09:59 - [MESSAGE][INFO] - Sending keys '123456' to object: 'Object Repository/Sayfalar/Giris_Sayfasi/Sifre'

2021-10-21 14:09:59 - [MESSAGE][INFO] - Finding web element from Test Object's properties

2021-10-21 14:09:59 - [MESSAGE][INFO] - Checking timeout

2021-10-21 14:09:59 - [MESSAGE][INFO] - Finding web element with id: 'Object Repository/Sayfalar/Giris_Sayfasi/Sifre' located by 'By.xpath: //*[@id = 'Password']' in '30' second(s)

2021-10-21 14:09:59 - [MESSAGE][INFO] - Smart Wait Function is triggered

2021-10-21 14:09:59 - [MESSAGE][INFO] - Found 1 web elements with id: 'Object Repository/Sayfalar/Giris_Sayfasi/Sifre' located by 'By.xpath: //*[@id = 'Password']' in '30' second(s)

2021-10-21 14:09:59 - [MESSAGE][PASSED] - Keys '123456' sent to object: 'Object Repository/Sayfalar/Giris_Sayfasi/Sifre'

2021-10-21 14:09:59 - [TEST_STEP][PASSED] - findWebElement(findTestObject("Sayfalar/Giris_Sayfasi/Giris_Butonu")).click(): Found 1 web elements with id: 'Object Repository/Sayfalar/Giris_Sayfasi/Giris_Butonu' located by 'By.cssSelector: #btnLogin' in '30' second(s)

2021-10-21 14:09:59 - [MESSAGE][INFO] - Finding Test Object 'Object Repository/Sayfalar/Giris_Sayfasi/Giris_Butonu'

2021-10-21 14:09:59 - [MESSAGE][INFO] - Finding web element from Test Object's properties

2021-10-21 14:09:59 - [MESSAGE][INFO] - Checking timeout

2021-10-21 14:09:59 - [MESSAGE][INFO] - Finding web element with id: 'Object Repository/Sayfalar/Giris_Sayfasi/Giris_Butonu' located by 'By.cssSelector: #btnLogin' in '30' second(s)

2021-10-21 14:09:59 - [MESSAGE][INFO] - Smart Wait Function is triggered

2021-10-21 14:10:00 - [MESSAGE][INFO] - Found 1 web elements with id: 'Object Repository/Sayfalar/Giris_Sayfasi/Giris_Butonu' located by 'By.cssSelector: #btnLogin' in '30' second(s)

2021-10-21 14:10:02 - [TEST_STEP][PASSED] - if (verifyElementPresent(findTestObject("Object Repository/Sayfalar/Giris_Sayfasi/RetveTamam_Butonu"), 5, OPTIONAL)): null

2021-10-21 14:10:02 - [MESSAGE][INFO] - Finding Test Object 'Object Repository/Sayfalar/Giris_Sayfasi/RetveTamam_Butonu'

2021-10-21 14:10:03 - [MESSAGE][INFO] - Checking object

2021-10-21 14:10:03 - [MESSAGE][INFO] - Finding web element from Test Object's properties

2021-10-21 14:10:03 - [MESSAGE][INFO] - Checking timeout

2021-10-21 14:10:03 - [MESSAGE][INFO] - Finding web element with id: 'Object Repository/Sayfalar/Giris_Sayfasi/RetveTamam_Butonu' located by 'By.xpath: //*[@class = 'btn btn-default']' in '5' second(s)

2021-10-21 14:10:03 - [MESSAGE][INFO] - Smart Wait Function is triggered

2021-10-21 14:10:03 - [MESSAGE][INFO] - Found 1 web elements with id: 'Object Repository/Sayfalar/Giris_Sayfasi/RetveTamam_Butonu' located by 'By.xpath: //*[@class = 'btn btn-default']' in '5' second(s)

2021-10-21 14:10:03 - [MESSAGE][PASSED] - Object 'Object Repository/Sayfalar/Giris_Sayfasi/RetveTamam_Butonu' is present

2021-10-21 14:10:03 - [TEST_STEP][PASSED] - click(findTestObject("Object Repository/Sayfalar/Giris_Sayfasi/RetveTamam_Butonu")): Object: 'Object Repository/Sayfalar/Giris_Sayfasi/RetveTamam_Butonu' is clicked on

2021-10-21 14:10:03 - [MESSAGE][INFO] - Finding Test Object 'Object Repository/Sayfalar/Giris_Sayfasi/RetveTamam_Butonu'

2021-10-21 14:10:03 - [MESSAGE][INFO] - Checking object

2021-10-21 14:10:03 - [MESSAGE][INFO] - Finding web element from Test Object's properties

2021-10-21 14:10:03 - [MESSAGE][INFO] - Checking timeout

2021-10-21 14:10:03 - [MESSAGE][INFO] - Finding web element with id: 'Object Repository/Sayfalar/Giris_Sayfasi/RetveTamam_Butonu' located by 'By.xpath: //*[@class = 'btn btn-default']' in '30' second(s)

2021-10-21 14:10:03 - [MESSAGE][INFO] - Smart Wait Function is triggered

2021-10-21 14:10:03 - [MESSAGE][INFO] - Found 1 web elements with id: 'Object Repository/Sayfalar/Giris_Sayfasi/RetveTamam_Butonu' located by 'By.xpath: //*[@class = 'btn btn-default']' in '30' second(s)

2021-10-21 14:10:03 - [MESSAGE][INFO] - Clicking on object: 'Object Repository/Sayfalar/Giris_Sayfasi/RetveTamam_Butonu'

2021-10-21 14:10:03 - [MESSAGE][PASSED] - Object: 'Object Repository/Sayfalar/Giris_Sayfasi/RetveTamam_Butonu' is clicked on

2021-10-21 14:10:03 - [TEST_STEP][PASSED] - click(findTestObject("Object Repository/Sayfalar/Giris_Sayfasi/RetveTamam_Butonu")): Object: 'Object Repository/Sayfalar/Giris_Sayfasi/RetveTamam_Butonu' is clicked on

2021-10-21 14:10:03 - [MESSAGE][INFO] - Finding Test Object 'Object Repository/Sayfalar/Giris_Sayfasi/RetveTamam_Butonu'

2021-10-21 14:10:03 - [MESSAGE][INFO] - Checking object

2021-10-21 14:10:03 - [MESSAGE][INFO] - Finding web element from Test Object's properties

2021-10-21 14:10:03 - [MESSAGE][INFO] - Checking timeout

2021-10-21 14:10:03 - [MESSAGE][INFO] - Finding web element with id: 'Object Repository/Sayfalar/Giris_Sayfasi/RetveTamam_Butonu' located by 'By.xpath: //*[@class = 'btn btn-default']' in '30' second(s)

2021-10-21 14:10:03 - [MESSAGE][INFO] - Smart Wait Function is triggered

2021-10-21 14:10:08 - [MESSAGE][INFO] - Found 1 web elements with id: 'Object Repository/Sayfalar/Giris_Sayfasi/RetveTamam_Butonu' located by 'By.xpath: //*[@class = 'btn btn-default']' in '30' second(s)

2021-10-21 14:10:08 - [MESSAGE][INFO] - Clicking on object: 'Object Repository/Sayfalar/Giris_Sayfasi/RetveTamam_Butonu'

2021-10-21 14:10:08 - [MESSAGE][PASSED] - Object: 'Object Repository/Sayfalar/Giris_Sayfasi/RetveTamam_Butonu' is clicked on

2021-10-21 14:10:08 - [TEST_STEP][PASSED] - if (verifyElementPresent(findTestObject("Sayfalar/Giris_Sayfasi/PopupOK"), 5, OPTIONAL)): null

2021-10-21 14:10:08 - [MESSAGE][INFO] - Finding Test Object 'Object Repository/Sayfalar/Giris_Sayfasi/PopupOK'

2021-10-21 14:10:08 - [MESSAGE][INFO] - Checking object

2021-10-21 14:10:08 - [MESSAGE][INFO] - Finding web element from Test Object's properties

2021-10-21 14:10:08 - [MESSAGE][INFO] - Checking timeout

2021-10-21 14:10:08 - [MESSAGE][INFO] - Finding web element with id: 'Object Repository/Sayfalar/Giris_Sayfasi/PopupOK' located by 'By.cssSelector: .btn.btn-success' in '5' second(s)

2021-10-21 14:10:08 - [MESSAGE][INFO] - Smart Wait Function is triggered

2021-10-21 14:10:09 - [MESSAGE][INFO] - Found 1 web elements with id: 'Object Repository/Sayfalar/Giris_Sayfasi/PopupOK' located by 'By.cssSelector: .btn.btn-success' in '5' second(s)

2021-10-21 14:10:09 - [MESSAGE][PASSED] - Object 'Object Repository/Sayfalar/Giris_Sayfasi/PopupOK' is present

2021-10-21 14:10:09 - [TEST_STEP][PASSED] - click(findTestObject("Object Repository/Sayfalar/Giris_Sayfasi/PopupCarpiGiris")): Object: 'Object Repository/Sayfalar/Giris_Sayfasi/PopupCarpiGiris' is clicked on

2021-10-21 14:10:09 - [MESSAGE][INFO] - Finding Test Object 'Object Repository/Sayfalar/Giris_Sayfasi/PopupCarpiGiris'

2021-10-21 14:10:09 - [MESSAGE][INFO] - Checking object

2021-10-21 14:10:09 - [MESSAGE][INFO] - Finding web element from Test Object's properties

2021-10-21 14:10:09 - [MESSAGE][INFO] - Checking timeout

2021-10-21 14:10:09 - [MESSAGE][INFO] - Finding web element with id: 'Object Repository/Sayfalar/Giris_Sayfasi/PopupCarpiGiris' located by 'By.cssSelector: .bootbox-close-button.close' in '30' second(s)

2021-10-21 14:10:09 - [MESSAGE][INFO] - Smart Wait Function is triggered

2021-10-21 14:10:09 - [MESSAGE][INFO] - Found 1 web elements with id: 'Object Repository/Sayfalar/Giris_Sayfasi/PopupCarpiGiris' located by 'By.cssSelector: .bootbox-close-button.close' in '30' second(s)

2021-10-21 14:10:09 - [MESSAGE][INFO] - Clicking on object: 'Object Repository/Sayfalar/Giris_Sayfasi/PopupCarpiGiris'

2021-10-21 14:10:09 - [MESSAGE][PASSED] - Object: 'Object Repository/Sayfalar/Giris_Sayfasi/PopupCarpiGiris' is clicked on

2021-10-21 14:10:09 - [TEST_STEP][PASSED] - verifyElementVisible(findTestObject("Object Repository/Kullanici_Islemleri/KullaniciIslemleri")): Object 'Object Repository/Kullanici_Islemleri/KullaniciIslemleri' is visible

2021-10-21 14:10:09 - [MESSAGE][INFO] - Finding Test Object 'Object Repository/Kullanici_Islemleri/KullaniciIslemleri'

2021-10-21 14:10:09 - [MESSAGE][INFO] - Checking object

2021-10-21 14:10:09 - [MESSAGE][INFO] - Finding web element from Test Object's properties

2021-10-21 14:10:09 - [MESSAGE][INFO] - Checking timeout

2021-10-21 14:10:09 - [MESSAGE][INFO] - Finding web element with id: 'Object Repository/Kullanici_Islemleri/KullaniciIslemleri' located by 'By.cssSelector: .dropdown>a>img' in '30' second(s)

2021-10-21 14:10:09 - [MESSAGE][INFO] - Smart Wait Function is triggered

2021-10-21 14:10:10 - [MESSAGE][INFO] - Found 1 web elements with id: 'Object Repository/Kullanici_Islemleri/KullaniciIslemleri' located by 'By.cssSelector: .dropdown>a>img' in '30' second(s)

2021-10-21 14:10:10 - [MESSAGE][PASSED] - Object 'Object Repository/Kullanici_Islemleri/KullaniciIslemleri' is visible

2021-10-21 14:10:10 - [MESSAGE][PASSED] - Call Test Case 'Test Cases/Sayfalar/Giris_Sayfasi/Login' successfully

2021-10-21 14:10:10 - [MESSAGE][INFO] - Checking called Test Case

2021-10-21 14:10:10 - [MESSAGE][INFO] - Starting to call Test Case 'Test Cases/Menu/AnaMenuSecimi'

2021-10-21 14:10:10 - [TEST_CASE][PASSED] - Test Cases/Menu/AnaMenuSecimi: Test Cases/Menu/AnaMenuSecimi

2021-10-21 14:10:10 - [TEST_STEP][PASSED] - Method.TextDegerineEsitElementeTikla(findTestObject("Menu/Ana_Menu"), Ana_Menu): Method.TextDegerineEsitElementeTikla is PASSED

2021-10-21 14:10:10 - [MESSAGE][INFO] - Finding Test Object 'Object Repository/Menu/Ana_Menu'

2021-10-21 14:10:10 - [MESSAGE][INFO] - Checking timeout

2021-10-21 14:10:10 - [MESSAGE][INFO] - Finding web element with id: 'Object Repository/Menu/Ana_Menu' located by 'By.xpath: //*[@class = 'dropdown-toggle']' in '10' second(s)

2021-10-21 14:10:10 - [MESSAGE][INFO] - Smart Wait Function is triggered

2021-10-21 14:10:10 - [MESSAGE][INFO] - Found 14 web elements with id: 'Object Repository/Menu/Ana_Menu' located by 'By.xpath: //*[@class = 'dropdown-toggle']' in '10' second(s)

2021-10-21 14:10:11 - [MESSAGE][PASSED] - Method.TextDegerineEsitElementeTikla is PASSED

2021-10-21 14:10:11 - [MESSAGE][PASSED] - Call Test Case 'Test Cases/Menu/AnaMenuSecimi' successfully

2021-10-21 14:10:11 - [MESSAGE][INFO] - Checking called Test Case

2021-10-21 14:10:11 - [MESSAGE][INFO] - Starting to call Test Case 'Test Cases/Menu/BasligaGoreAltMenuSecimi'

2021-10-21 14:10:11 - [TEST_CASE][PASSED] - Test Cases/Menu/BasligaGoreAltMenuSecimi: Test Cases/Menu/BasligaGoreAltMenuSecimi

2021-10-21 14:10:11 - [TEST_STEP][PASSED] - Method.TextDegerineEsitElementinAltindakiTextDegerineEsitOlanaTikla(findTestObject("Menu/Menu_Basligi"), findTestObject("Menu/Basliga_Gore_Alt_Menu"), Baslik, Alt_Menu): Method.TextDegerineEsitElementinAltindakiTextDegerineEsitOlanaTikla is PASSED

2021-10-21 14:10:11 - [MESSAGE][INFO] - Finding Test Object 'Object Repository/Menu/Menu_Basligi'

2021-10-21 14:10:11 - [MESSAGE][INFO] - Finding Test Object 'Object Repository/Menu/Basliga_Gore_Alt_Menu'

2021-10-21 14:10:11 - [MESSAGE][INFO] - Checking timeout

2021-10-21 14:10:11 - [MESSAGE][INFO] - Finding web element with id: 'Object Repository/Menu/Menu_Basligi' located by 'By.xpath: //li[@class='dropdown dropdown-large open']//li[@class='dropdown-header']' in '10' second(s)

2021-10-21 14:10:11 - [MESSAGE][INFO] - Smart Wait Function is triggered

2021-10-21 14:10:11 - [MESSAGE][INFO] - Found 2 web elements with id: 'Object Repository/Menu/Menu_Basligi' located by 'By.xpath: //li[@class='dropdown dropdown-large open']//li[@class='dropdown-header']' in '10' second(s)

2021-10-21 14:10:11 - [MESSAGE][INFO] - Smart Wait Function is triggered

2021-10-21 14:10:13 - [MESSAGE][PASSED] - Method.TextDegerineEsitElementinAltindakiTextDegerineEsitOlanaTikla is PASSED

2021-10-21 14:10:13 - [MESSAGE][PASSED] - Call Test Case 'Test Cases/Menu/BasligaGoreAltMenuSecimi' successfully

2021-10-21 14:10:13 - [MESSAGE][INFO] - Checking called Test Case

2021-10-21 14:10:13 - [MESSAGE][INFO] - Starting to call Test Case 'Test Cases/Filtreler/BaslangicYaz'

2021-10-21 14:10:13 - [TEST_CASE][PASSED] - Test Cases/Filtreler/BaslangicYaz: Test Cases/Filtreler/BaslangicYaz

2021-10-21 14:10:13 - [TEST_STEP][PASSED] - Method.TextDegerineEsitElementinAltindakineTikla(findTestObject("Filtreler/Basliklar"), findTestObject("Filtreler/Basliga_Gore_Baslangic_Image"), Filtre_Adi): Method.TextDegerineEsitElementinAltindakineTikla is PASSED

2021-10-21 14:10:13 - [MESSAGE][INFO] - Finding Test Object 'Object Repository/Filtreler/Basliklar'

2021-10-21 14:10:13 - [MESSAGE][INFO] - Finding Test Object 'Object Repository/Filtreler/Basliga_Gore_Baslangic_Image'

2021-10-21 14:10:14 - [MESSAGE][INFO] - Checking timeout

2021-10-21 14:10:14 - [MESSAGE][INFO] - Finding web element with id: 'Object Repository/Filtreler/Basliklar' located by 'By.cssSelector: .control-label.col-sm-4.paddingMarginRLC' in '10' second(s)

2021-10-21 14:10:14 - [MESSAGE][INFO] - Smart Wait Function is triggered

2021-10-21 14:10:14 - [MESSAGE][INFO] - Found 14 web elements with id: 'Object Repository/Filtreler/Basliklar' located by 'By.cssSelector: .control-label.col-sm-4.paddingMarginRLC' in '10' second(s)

2021-10-21 14:10:14 - [MESSAGE][INFO] - Smart Wait Function is triggered

2021-10-21 14:10:14 - [MESSAGE][PASSED] - Method.TextDegerineEsitElementinAltindakineTikla is PASSED

2021-10-21 14:10:14 - [TEST_STEP][PASSED] - Method.TextDegerineEsitElementinAltindakiTextboxtaYaz(findTestObject("Filtreler/Basliklar"), findTestObject("Filtreler/Basliga_Gore_Baslangic"), Filtre_Adi, Filtre_Degeri): Method.TextDegerineEsitElementinAltindakiTextboxtaYaz is PASSED

2021-10-21 14:10:14 - [MESSAGE][INFO] - Finding Test Object 'Object Repository/Filtreler/Basliklar'

2021-10-21 14:10:14 - [MESSAGE][INFO] - Finding Test Object 'Object Repository/Filtreler/Basliga_Gore_Baslangic'

2021-10-21 14:10:14 - [MESSAGE][INFO] - Checking timeout

2021-10-21 14:10:14 - [MESSAGE][INFO] - Finding web element with id: 'Object Repository/Filtreler/Basliklar' located by 'By.cssSelector: .control-label.col-sm-4.paddingMarginRLC' in '10' second(s)

2021-10-21 14:10:14 - [MESSAGE][INFO] - Smart Wait Function is triggered

2021-10-21 14:10:15 - [MESSAGE][INFO] - Found 14 web elements with id: 'Object Repository/Filtreler/Basliklar' located by 'By.cssSelector: .control-label.col-sm-4.paddingMarginRLC' in '10' second(s)

2021-10-21 14:10:15 - [MESSAGE][INFO] - Smart Wait Function is triggered

2021-10-21 14:10:15 - [MESSAGE][PASSED] - Method.TextDegerineEsitElementinAltindakiTextboxtaYaz is PASSED

2021-10-21 14:10:15 - [MESSAGE][PASSED] - Call Test Case 'Test Cases/Filtreler/BaslangicYaz' successfully

2021-10-21 14:10:15 - [MESSAGE][INFO] - Checking called Test Case

2021-10-21 14:10:15 - [MESSAGE][INFO] - Starting to call Test Case 'Test Cases/Filtreler/BitisYaz'

2021-10-21 14:10:15 - [TEST_CASE][PASSED] - Test Cases/Filtreler/BitisYaz: Test Cases/Filtreler/BitisYaz

2021-10-21 14:10:15 - [TEST_STEP][PASSED] - Method.TextDegerineEsitElementinAltindakineTikla(findTestObject("Filtreler/Basliklar"), findTestObject("Filtreler/Basliga_Gore_Bitis_Image"), Filtre_Adi): Method.TextDegerineEsitElementinAltindakineTikla is PASSED

2021-10-21 14:10:15 - [MESSAGE][INFO] - Finding Test Object 'Object Repository/Filtreler/Basliklar'

2021-10-21 14:10:15 - [MESSAGE][INFO] - Finding Test Object 'Object Repository/Filtreler/Basliga_Gore_Bitis_Image'

2021-10-21 14:10:15 - [MESSAGE][INFO] - Checking timeout

2021-10-21 14:10:15 - [MESSAGE][INFO] - Finding web element with id: 'Object Repository/Filtreler/Basliklar' located by 'By.cssSelector: .control-label.col-sm-4.paddingMarginRLC' in '10' second(s)

2021-10-21 14:10:15 - [MESSAGE][INFO] - Smart Wait Function is triggered

2021-10-21 14:10:16 - [MESSAGE][INFO] - Found 14 web elements with id: 'Object Repository/Filtreler/Basliklar' located by 'By.cssSelector: .control-label.col-sm-4.paddingMarginRLC' in '10' second(s)

2021-10-21 14:10:16 - [MESSAGE][INFO] - Smart Wait Function is triggered

2021-10-21 14:10:16 - [MESSAGE][PASSED] - Method.TextDegerineEsitElementinAltindakineTikla is PASSED

2021-10-21 14:10:16 - [TEST_STEP][PASSED] - Method.TextDegerineEsitElementinAltindakiTextboxtaYaz(findTestObject("Filtreler/Basliklar"), findTestObject("Object Repository/Filtreler/Basliga_Gore_Bitis"), Filtre_Adi, Filtre_Degeri): Method.TextDegerineEsitElementinAltindakiTextboxtaYaz is PASSED

2021-10-21 14:10:16 - [MESSAGE][INFO] - Finding Test Object 'Object Repository/Filtreler/Basliklar'

2021-10-21 14:10:16 - [MESSAGE][INFO] - Finding Test Object 'Object Repository/Filtreler/Basliga_Gore_Bitis'

2021-10-21 14:10:16 - [MESSAGE][INFO] - Checking timeout

2021-10-21 14:10:16 - [MESSAGE][INFO] - Finding web element with id: 'Object Repository/Filtreler/Basliklar' located by 'By.cssSelector: .control-label.col-sm-4.paddingMarginRLC' in '10' second(s)

2021-10-21 14:10:16 - [MESSAGE][INFO] - Smart Wait Function is triggered

2021-10-21 14:10:16 - [MESSAGE][INFO] - Found 14 web elements with id: 'Object Repository/Filtreler/Basliklar' located by 'By.cssSelector: .control-label.col-sm-4.paddingMarginRLC' in '10' second(s)

2021-10-21 14:10:16 - [MESSAGE][INFO] - Smart Wait Function is triggered

2021-10-21 14:10:17 - [MESSAGE][PASSED] - Method.TextDegerineEsitElementinAltindakiTextboxtaYaz is PASSED

2021-10-21 14:10:17 - [MESSAGE][PASSED] - Call Test Case 'Test Cases/Filtreler/BitisYaz' successfully

2021-10-21 14:10:17 - [MESSAGE][INFO] - Checking called Test Case

2021-10-21 14:10:17 - [MESSAGE][INFO] - Starting to call Test Case 'Test Cases/Filtreler/ButonaTikla'

2021-10-21 14:10:17 - [TEST_CASE][PASSED] - Test Cases/Filtreler/ButonaTikla: Test Cases/Filtreler/ButonaTikla

2021-10-21 14:10:17 - [TEST_STEP][PASSED] - Method.TextDegerineEsitElementeTikla(findTestObject("Filtreler/Butonlar"), Filtre_Buton): Method.TextDegerineEsitElementeTikla is PASSED

2021-10-21 14:10:17 - [MESSAGE][INFO] - Finding Test Object 'Object Repository/Filtreler/Butonlar'

2021-10-21 14:10:17 - [MESSAGE][INFO] - Checking timeout

2021-10-21 14:10:17 - [MESSAGE][INFO] - Finding web element with id: 'Object Repository/Filtreler/Butonlar' located by 'By.cssSelector: .dxb>span' in '10' second(s)

2021-10-21 14:10:17 - [MESSAGE][INFO] - Smart Wait Function is triggered

2021-10-21 14:10:17 - [MESSAGE][INFO] - Found 3 web elements with id: 'Object Repository/Filtreler/Butonlar' located by 'By.cssSelector: .dxb>span' in '10' second(s)

2021-10-21 14:10:18 - [MESSAGE][PASSED] - Method.TextDegerineEsitElementeTikla is PASSED

2021-10-21 14:10:18 - [MESSAGE][PASSED] - Call Test Case 'Test Cases/Filtreler/ButonaTikla' successfully

2021-10-21 14:10:18 - [MESSAGE][INFO] - Checking called Test Case

2021-10-21 14:10:18 - [MESSAGE][INFO] - Starting to call Test Case 'Test Cases/Tablo/TablodaVeriVarMi'

2021-10-21 14:10:18 - [TEST_CASE][PASSED] - Test Cases/Tablo/TablodaVeriVarMi: Test Cases/Tablo/TablodaVeriVarMi

2021-10-21 14:10:18 - [TEST_STEP][PASSED] - verifyTextNotPresent("Görüntülenecek veri yok", true): Text 'Görüntülenecek veri yok' is not present on page using regular expression

2021-10-21 14:10:18 - [MESSAGE][INFO] - Checking text present  using regular expression

2021-10-21 14:10:18 - [MESSAGE][INFO] - Smart Wait Function is triggered

2021-10-21 14:10:19 - [MESSAGE][INFO] - Finding text 'Görüntülenecek veri yok' on page  using regular expression

2021-10-21 14:10:19 - [MESSAGE][PASSED] - Text 'Görüntülenecek veri yok' is not present on page using regular expression

2021-10-21 14:10:19 - [MESSAGE][PASSED] - Call Test Case 'Test Cases/Tablo/TablodaVeriVarMi' successfully

2021-10-21 14:10:19 - [MESSAGE][INFO] - Checking called Test Case

2021-10-21 14:10:19 - [MESSAGE][INFO] - Starting to call Test Case 'Test Cases/Tablo/TablodanVeriSec'

2021-10-21 14:10:19 - [TEST_CASE][PASSED] - Test Cases/Tablo/TablodanVeriSec: Test Cases/Tablo/TablodanVeriSec

2021-10-21 14:10:19 - [TEST_STEP][PASSED] - Method.TextDegerineEsitElementinAltindakineTikla(findTestObject("Tablo/Veriler"), findTestObject("Tablo/VerininCheckBoxi"), Veri_Adi): Method.TextDegerineEsitElementinAltindakineTikla is PASSED

2021-10-21 14:10:19 - [MESSAGE][INFO] - Finding Test Object 'Object Repository/Tablo/Veriler'

2021-10-21 14:10:19 - [MESSAGE][INFO] - Finding Test Object 'Object Repository/Tablo/VerininCheckBoxi'

2021-10-21 14:10:19 - [MESSAGE][INFO] - Checking timeout

2021-10-21 14:10:19 - [MESSAGE][INFO] - Finding web element with id: 'Object Repository/Tablo/Veriler' located by 'By.cssSelector: td.dxgv b ,td.dxgv' in '10' second(s)

2021-10-21 14:10:19 - [MESSAGE][INFO] - Smart Wait Function is triggered

2021-10-21 14:10:19 - [MESSAGE][INFO] - Found 13 web elements with id: 'Object Repository/Tablo/Veriler' located by 'By.cssSelector: td.dxgv b ,td.dxgv' in '10' second(s)

2021-10-21 14:10:19 - [MESSAGE][INFO] - Smart Wait Function is triggered

2021-10-21 14:10:20 - [MESSAGE][PASSED] - Method.TextDegerineEsitElementinAltindakineTikla is PASSED

2021-10-21 14:10:20 - [MESSAGE][PASSED] - Call Test Case 'Test Cases/Tablo/TablodanVeriSec' successfully

2021-10-21 14:10:20 - [MESSAGE][INFO] - Checking called Test Case

2021-10-21 14:10:20 - [MESSAGE][INFO] - Starting to call Test Case 'Test Cases/Butonlar/ButonaTikla'

2021-10-21 14:10:20 - [TEST_CASE][PASSED] - Test Cases/Butonlar/ButonaTikla: Test Cases/Butonlar/ButonaTikla

2021-10-21 14:10:20 - [TEST_STEP][PASSED] - Method.TextDegerineEsitElementeTiklaEquals(findTestObject("Butonlar/Butonlar"), Buton_Adi): Method.TextDegerineEsitElementeTiklaEquals is PASSED

2021-10-21 14:10:20 - [MESSAGE][INFO] - Finding Test Object 'Object Repository/Butonlar/Butonlar'

2021-10-21 14:10:20 - [MESSAGE][INFO] - Checking timeout

2021-10-21 14:10:20 - [MESSAGE][INFO] - Finding web element with id: 'Object Repository/Butonlar/Butonlar' located by 'By.cssSelector: .panel.panel-default.text-center.footerPanel .btn,.btn.btn-primary.btnControls' in '10' second(s)

2021-10-21 14:10:20 - [MESSAGE][INFO] - Smart Wait Function is triggered

2021-10-21 14:10:20 - [MESSAGE][INFO] - Found 13 web elements with id: 'Object Repository/Butonlar/Butonlar' located by 'By.cssSelector: .panel.panel-default.text-center.footerPanel .btn,.btn.btn-primary.btnControls' in '10' second(s)

2021-10-21 14:10:21 - [MESSAGE][PASSED] - Method.TextDegerineEsitElementeTiklaEquals is PASSED

2021-10-21 14:10:21 - [MESSAGE][PASSED] - Call Test Case 'Test Cases/Butonlar/ButonaTikla' successfully

2021-10-21 14:10:21 - [MESSAGE][INFO] - Checking called Test Case

2021-10-21 14:10:21 - [MESSAGE][INFO] - Starting to call Test Case 'Test Cases/Sekmeler/YeniSekmeyeGec'

2021-10-21 14:10:21 - [TEST_CASE][PASSED] - Test Cases/Sekmeler/YeniSekmeyeGec: Test Cases/Sekmeler/YeniSekmeyeGec

2021-10-21 14:10:21 - [TEST_STEP][PASSED] - switchToWindowIndex(1): Switched to window with index: '1'

2021-10-21 14:10:21 - [MESSAGE][INFO] - Checking index

2021-10-21 14:10:21 - [MESSAGE][INFO] - Switching window with index: '1'

2021-10-21 14:10:21 - [MESSAGE][PASSED] - Switched to window with index: '1'

2021-10-21 14:10:21 - [MESSAGE][PASSED] - Call Test Case 'Test Cases/Sekmeler/YeniSekmeyeGec' successfully

2021-10-21 14:10:21 - [MESSAGE][INFO] - Checking called Test Case

2021-10-21 14:10:21 - [MESSAGE][INFO] - Starting to call Test Case 'Test Cases/Sekmeler/GecmisGeldiMi'

2021-10-21 14:10:21 - [TEST_CASE][PASSED] - Test Cases/Sekmeler/GecmisGeldiMi: Test Cases/Sekmeler/GecmisGeldiMi

2021-10-21 14:10:22 - [TEST_STEP][PASSED] - waitForElementVisible(findTestObject("Object Repository/Sekmeler/GecmisBaslik"), 10): Object 'Object Repository/Sekmeler/GecmisBaslik' is visible

2021-10-21 14:10:22 - [MESSAGE][INFO] - Finding Test Object 'Object Repository/Sekmeler/GecmisBaslik'

2021-10-21 14:10:22 - [MESSAGE][INFO] - Checking object

2021-10-21 14:10:22 - [MESSAGE][INFO] - Checking timeout

2021-10-21 14:10:22 - [MESSAGE][INFO] - Finding web element from Test Object's properties

2021-10-21 14:10:22 - [MESSAGE][INFO] - Checking timeout

2021-10-21 14:10:22 - [MESSAGE][INFO] - Finding web element with id: 'Object Repository/Sekmeler/GecmisBaslik' located by 'By.cssSelector: .dxnb-ghtext.dx-vam' in '10' second(s)

2021-10-21 14:10:22 - [MESSAGE][INFO] - Smart Wait Function is triggered

2021-10-21 14:10:47 - [MESSAGE][INFO] - Found 1 web elements with id: 'Object Repository/Sekmeler/GecmisBaslik' located by 'By.cssSelector: .dxnb-ghtext.dx-vam' in '10' second(s)

2021-10-21 14:10:47 - [MESSAGE][PASSED] - Object 'Object Repository/Sekmeler/GecmisBaslik' is visible

2021-10-21 14:10:47 - [TEST_STEP][PASSED] - if (!(getText(findTestObject("Object Repository/Sekmeler/GecmisBaslik")).contains(Baslik))): Text of object 'Object Repository/Sekmeler/GecmisBaslik' is: 'Müstahsil Makbuzu İzleme Kayıtları - 1551'

2021-10-21 14:10:47 - [MESSAGE][INFO] - Finding Test Object 'Object Repository/Sekmeler/GecmisBaslik'

2021-10-21 14:10:47 - [MESSAGE][INFO] - Checking object

2021-10-21 14:10:47 - [MESSAGE][INFO] - Finding web element from Test Object's properties

2021-10-21 14:10:47 - [MESSAGE][INFO] - Checking timeout

2021-10-21 14:10:47 - [MESSAGE][INFO] - Finding web element with id: 'Object Repository/Sekmeler/GecmisBaslik' located by 'By.cssSelector: .dxnb-ghtext.dx-vam' in '30' second(s)

2021-10-21 14:10:47 - [MESSAGE][INFO] - Smart Wait Function is triggered

2021-10-21 14:10:48 - [MESSAGE][INFO] - Found 1 web elements with id: 'Object Repository/Sekmeler/GecmisBaslik' located by 'By.cssSelector: .dxnb-ghtext.dx-vam' in '30' second(s)

2021-10-21 14:10:48 - [MESSAGE][INFO] - Getting text of object 'Object Repository/Sekmeler/GecmisBaslik'

2021-10-21 14:10:48 - [MESSAGE][PASSED] - Text of object 'Object Repository/Sekmeler/GecmisBaslik' is: 'Müstahsil Makbuzu İzleme Kayıtları - 1551'

2021-10-21 14:10:48 - [MESSAGE][PASSED] - Call Test Case 'Test Cases/Sekmeler/GecmisGeldiMi' successfully

2021-10-21 14:10:48 - [MESSAGE][INFO] - Checking called Test Case

2021-10-21 14:10:48 - [MESSAGE][INFO] - Starting to call Test Case 'Test Cases/Sekmeler/Ana_Sekmeye_Gec'

2021-10-21 14:10:48 - [TEST_CASE][PASSED] - Test Cases/Sekmeler/Ana_Sekmeye_Gec: Test Cases/Sekmeler/Ana_Sekmeye_Gec

2021-10-21 14:10:48 - [TEST_STEP][PASSED] - try: Window with index 1 is closed

2021-10-21 14:10:48 - [TEST_STEP][PASSED] - index = getWindowIndex(): Current window's index is: 1

2021-10-21 14:10:48 - [MESSAGE][INFO] - Getting current window's index

2021-10-21 14:10:48 - [MESSAGE][PASSED] - Current window's index is: 1

2021-10-21 14:10:48 - [TEST_STEP][PASSED] - closeWindowIndex(index): Window with index 1 is closed

2021-10-21 14:10:48 - [MESSAGE][INFO] - Checking index

2021-10-21 14:10:48 - [MESSAGE][INFO] - Closing window with index 1

2021-10-21 14:10:48 - [MESSAGE][PASSED] - Window with index 1 is closed

2021-10-21 14:10:48 - [TEST_STEP][PASSED] - switchToWindowIndex(0): Switched to window with index: '0'

2021-10-21 14:10:48 - [MESSAGE][INFO] - Checking index

2021-10-21 14:10:48 - [MESSAGE][INFO] - Switching window with index: '0'

2021-10-21 14:10:48 - [MESSAGE][PASSED] - Switched to window with index: '0'

2021-10-21 14:10:48 - [MESSAGE][PASSED] - Call Test Case 'Test Cases/Sekmeler/Ana_Sekmeye_Gec' successfully

2021-10-21 14:10:48 - [MESSAGE][INFO] - Checking called Test Case

2021-10-21 14:10:48 - [MESSAGE][INFO] - Starting to call Test Case 'Test Cases/Kullanici_Islemleri/KullaniciIslemlerindenSecimYapilir'

2021-10-21 14:10:48 - [TEST_CASE][PASSED] - Test Cases/Kullanici_Islemleri/KullaniciIslemlerindenSecimYapilir: Test Cases/Kullanici_Islemleri/KullaniciIslemlerindenSecimYapilir

2021-10-21 14:10:48 - [TEST_STEP][PASSED] - waitForElementClickable(findTestObject("Object Repository/Kullanici_Islemleri/KullaniciIslemleri"), 10): Object 'Object Repository/Kullanici_Islemleri/KullaniciIslemleri' is clickable

2021-10-21 14:10:48 - [MESSAGE][INFO] - Finding Test Object 'Object Repository/Kullanici_Islemleri/KullaniciIslemleri'

2021-10-21 14:10:48 - [MESSAGE][INFO] - Checking object

2021-10-21 14:10:48 - [MESSAGE][INFO] - Checking timeout

2021-10-21 14:10:48 - [MESSAGE][INFO] - Finding web element from Test Object's properties

2021-10-21 14:10:48 - [MESSAGE][INFO] - Checking timeout

2021-10-21 14:10:48 - [MESSAGE][INFO] - Finding web element with id: 'Object Repository/Kullanici_Islemleri/KullaniciIslemleri' located by 'By.cssSelector: .dropdown>a>img' in '10' second(s)

2021-10-21 14:10:48 - [MESSAGE][INFO] - Smart Wait Function is triggered

2021-10-21 14:10:49 - [MESSAGE][INFO] - Found 1 web elements with id: 'Object Repository/Kullanici_Islemleri/KullaniciIslemleri' located by 'By.cssSelector: .dropdown>a>img' in '10' second(s)

2021-10-21 14:10:49 - [MESSAGE][PASSED] - Object 'Object Repository/Kullanici_Islemleri/KullaniciIslemleri' is clickable

2021-10-21 14:10:49 - [TEST_STEP][PASSED] - click(findTestObject("Object Repository/Kullanici_Islemleri/KullaniciIslemleri")): Object: 'Object Repository/Kullanici_Islemleri/KullaniciIslemleri' is clicked on

2021-10-21 14:10:49 - [MESSAGE][INFO] - Finding Test Object 'Object Repository/Kullanici_Islemleri/KullaniciIslemleri'

2021-10-21 14:10:49 - [MESSAGE][INFO] - Checking object

2021-10-21 14:10:49 - [MESSAGE][INFO] - Finding web element from Test Object's properties

2021-10-21 14:10:49 - [MESSAGE][INFO] - Checking timeout

2021-10-21 14:10:49 - [MESSAGE][INFO] - Finding web element with id: 'Object Repository/Kullanici_Islemleri/KullaniciIslemleri' located by 'By.cssSelector: .dropdown>a>img' in '30' second(s)

2021-10-21 14:10:49 - [MESSAGE][INFO] - Smart Wait Function is triggered

2021-10-21 14:10:49 - [MESSAGE][INFO] - Found 1 web elements with id: 'Object Repository/Kullanici_Islemleri/KullaniciIslemleri' located by 'By.cssSelector: .dropdown>a>img' in '30' second(s)

2021-10-21 14:10:49 - [MESSAGE][INFO] - Clicking on object: 'Object Repository/Kullanici_Islemleri/KullaniciIslemleri'

2021-10-21 14:10:49 - [MESSAGE][PASSED] - Object: 'Object Repository/Kullanici_Islemleri/KullaniciIslemleri' is clicked on

2021-10-21 14:10:49 - [TEST_STEP][PASSED] - Method.TextDegerineEsitElementeTikla(findTestObject("Object Repository/Kullanici_Islemleri/Secenekler"), Islem): Method.TextDegerineEsitElementeTikla is PASSED

2021-10-21 14:10:49 - [MESSAGE][INFO] - Finding Test Object 'Object Repository/Kullanici_Islemleri/Secenekler'

2021-10-21 14:10:49 - [MESSAGE][INFO] - Checking timeout

2021-10-21 14:10:49 - [MESSAGE][INFO] - Finding web element with id: 'Object Repository/Kullanici_Islemleri/Secenekler' located by 'By.cssSelector: .nav.navbar-nav.navbar-right li a' in '10' second(s)

2021-10-21 14:10:49 - [MESSAGE][INFO] - Smart Wait Function is triggered

2021-10-21 14:10:49 - [MESSAGE][INFO] - Found 22 web elements with id: 'Object Repository/Kullanici_Islemleri/Secenekler' located by 'By.cssSelector: .nav.navbar-nav.navbar-right li a' in '10' second(s)

2021-10-21 14:10:52 - [MESSAGE][PASSED] - Method.TextDegerineEsitElementeTikla is PASSED

2021-10-21 14:10:52 - [TEST_STEP][PASSED] - verifyElementNotPresent(findTestObject("Object Repository/Kullanici_Islemleri/Secenekler"), 10): Web element with id: 'Object Repository/Kullanici_Islemleri/Secenekler' located by 'By.cssSelector: .nav.navbar-nav.navbar-right li a' is not present after '10' second(s)

2021-10-21 14:10:52 - [MESSAGE][INFO] - Finding Test Object 'Object Repository/Kullanici_Islemleri/Secenekler'

2021-10-21 14:10:52 - [MESSAGE][INFO] - Checking object

2021-10-21 14:10:52 - [MESSAGE][INFO] - Checking timeout

2021-10-21 14:10:52 - [MESSAGE][INFO] - Finding web element with id: 'Object Repository/Kullanici_Islemleri/Secenekler' located by 'By.cssSelector: .nav.navbar-nav.navbar-right li a' in '10' second(s)

2021-10-21 14:10:52 - [MESSAGE][INFO] - Smart Wait Function is triggered

2021-10-21 14:10:53 - [MESSAGE][PASSED] - Web element with id: 'Object Repository/Kullanici_Islemleri/Secenekler' located by 'By.cssSelector: .nav.navbar-nav.navbar-right li a' is not present after '10' second(s)

2021-10-21 14:10:53 - [MESSAGE][PASSED] - Call Test Case 'Test Cases/Kullanici_Islemleri/KullaniciIslemlerindenSecimYapilir' successfully

2021-10-21 14:10:53 - [TEST_CASE][PASSED] - Start Test Case : SCENARIO e-Mustahsil Makbuzu Gecmis: SCENARIO e-Mustahsil Makbuzu Gecmis

2021-10-21 14:10:53 - [TEST_STEP][PASSED] - Kullanıcı adı ELOGO6 ve Şifre 123456 olarak giriş yapılır: Kullanıcı adı ELOGO6 ve Şifre 123456 olarak giriş yapılır

2021-10-21 14:10:53 - [MESSAGE][PASSED] - Kullanıcı adı ELOGO6 ve Şifre 123456 olarak giriş yapılır

2021-10-21 14:10:53 - [TEST_STEP][PASSED] - Ana menüden e-Makbuz seçilir: Ana menüden e-Makbuz seçilir

2021-10-21 14:10:53 - [MESSAGE][PASSED] - Ana menüden e-Makbuz seçilir

2021-10-21 14:10:53 - [TEST_STEP][PASSED] - Alt menü e-Müstahsil Uygulaması başlığı altındaki e-Müstahsil Makbuzları seçilir: Alt menü e-Müstahsil Uygulaması başlığı altındaki e-Müstahsil Makbuzları seçilir

2021-10-21 14:10:53 - [MESSAGE][PASSED] - Alt menü e-Müstahsil Uygulaması başlığı altındaki e-Müstahsil Makbuzları seçilir

2021-10-21 14:10:53 - [TEST_STEP][PASSED] - Filtrelerden Oluşturma Tarihi filtresine 01.12.2020 baslangic degerini yaz: Filtrelerden Oluşturma Tarihi filtresine 01.12.2020 baslangic degerini yaz

2021-10-21 14:10:53 - [MESSAGE][PASSED] - Filtrelerden Oluşturma Tarihi filtresine 01.12.2020 baslangic degerini yaz

2021-10-21 14:10:53 - [TEST_STEP][PASSED] - Filtrelerden Oluşturma Tarihi filtresine 31.12.2020 bitis degerini yaz: Filtrelerden Oluşturma Tarihi filtresine 31.12.2020 bitis degerini yaz

2021-10-21 14:10:53 - [MESSAGE][PASSED] - Filtrelerden Oluşturma Tarihi filtresine 31.12.2020 bitis degerini yaz

2021-10-21 14:10:53 - [TEST_STEP][PASSED] - Filtre butonlarından Listele seçilir: Filtre butonlarından Listele seçilir

2021-10-21 14:10:53 - [MESSAGE][PASSED] - Filtre butonlarından Listele seçilir

2021-10-21 14:10:53 - [TEST_STEP][PASSED] - Tabloda veri var mı kontrol edilir: Tabloda veri var mı kontrol edilir

2021-10-21 14:10:53 - [MESSAGE][PASSED] - Tabloda veri var mı kontrol edilir

2021-10-21 14:10:53 - [TEST_STEP][PASSED] - Tablodan ELOGO5 isimli veri seçilir: Tablodan ELOGO5 isimli veri seçilir

2021-10-21 14:10:53 - [MESSAGE][PASSED] - Tablodan ELOGO5 isimli veri seçilir

2021-10-21 14:10:53 - [TEST_STEP][PASSED] - Butonlardan İzleme Kayıtları isimli butona tıklanır: Butonlardan İzleme Kayıtları isimli butona tıklanır

2021-10-21 14:10:53 - [MESSAGE][PASSED] - Butonlardan İzleme Kayıtları isimli butona tıklanır

2021-10-21 14:10:53 - [TEST_STEP][PASSED] - Yeni açılan sekmeye geçilir: Yeni açılan sekmeye geçilir

2021-10-21 14:10:53 - [MESSAGE][PASSED] - Yeni açılan sekmeye geçilir

2021-10-21 14:10:53 - [TEST_STEP][PASSED] - Müstahsil Makbuzu baslikli gecmis sayfasi geldi mi: Müstahsil Makbuzu baslikli gecmis sayfasi geldi mi

2021-10-21 14:10:53 - [MESSAGE][PASSED] - Müstahsil Makbuzu baslikli gecmis sayfasi geldi mi

2021-10-21 14:10:53 - [TEST_STEP][PASSED] - Ana sekmeye geçilir: Ana sekmeye geçilir

2021-10-21 14:10:53 - [MESSAGE][PASSED] - Ana sekmeye geçilir

2021-10-21 14:10:53 - [TEST_STEP][PASSED] - Kullanıcı işlemlerinden Çıkış seçilir: Kullanıcı işlemlerinden Çıkış seçilir

2021-10-21 14:10:53 - [MESSAGE][PASSED] - Kullanıcı işlemlerinden Çıkış seçilir

2021-10-21 14:10:53 - [MESSAGE][PASSED] - Feature file: 'Include/features/e-Makbuz/e-Mustahsil Uygulamasi/e-Mustahsil Makbuzlari/Izleme Kayitlari.feature' was passed

2021-10-21 14:10:53 - [TEST_STEP][PASSED] - Start listener action : sampleAfterTestSuite: Invoke 'com.kms.katalon.core.annotation.AfterTestCase' method: 'Listener.sampleAfterTestSuite(...)' completed.

2021-10-21 14:10:53 - [MESSAGE][INFO] - Starting invoke 'com.kms.katalon.core.annotation.AfterTestCase' method: 'Listener.sampleAfterTestSuite(...)'

2021-10-21 14:10:53 - [TEST_STEP][PASSED] - closeBrowser(): Invoke 'com.kms.katalon.core.annotation.AfterTestCase' method: 'Listener.sampleAfterTestSuite(...)' completed.

2021-10-21 14:10:53 - [MESSAGE][INFO] - Closing browser

2021-10-21 14:10:53 - [MESSAGE][PASSED] - Browser is closed

2021-10-21 14:10:53 - [MESSAGE][INFO] - Invoke 'com.kms.katalon.core.annotation.AfterTestCase' method: 'Listener.sampleAfterTestSuite(...)' completed.]]></system-out>
         <system-err><![CDATA[]]></system-err>
      </testcase>
      <testcase name="Test Cases/Case Repository/e-Makbuz/e-Mustahsil Uygulamasi/e-Mustahsil Makbuzlari/Statu Ata" time="37.9" classname="Test Cases/Case Repository/e-Makbuz/e-Mustahsil Uygulamasi/e-Mustahsil Makbuzlari/Statu Ata" status="PASSED">
         <system-out><![CDATA[2021-10-21 14:10:54 - [TEST_CASE][PASSED] - Test Cases/Case Repository/e-Makbuz/e-Mustahsil Uygulamasi/e-Mustahsil Makbuzlari/Statu Ata: Test Cases/Case Repository/e-Makbuz/e-Mustahsil Uygulamasi/e-Mustahsil Makbuzlari/Statu Ata

2021-10-21 14:10:54 - [TEST_STEP][PASSED] - Start listener action : sampleBeforeTestSuite: Invoke 'com.kms.katalon.core.annotation.BeforeTestCase' method: 'Listener.sampleBeforeTestSuite(...)' completed.

2021-10-21 14:10:54 - [MESSAGE][INFO] - Starting invoke 'com.kms.katalon.core.annotation.BeforeTestCase' method: 'Listener.sampleBeforeTestSuite(...)'

2021-10-21 14:10:54 - [TEST_STEP][PASSED] - openBrowser(baseUrl): Browser is opened with url: 'https://efatura-stage.elogo.com.tr/'

2021-10-21 14:10:54 - [MESSAGE][INFO] - Opening browser

2021-10-21 14:10:54 - [MESSAGE][INFO] - Starting 'Chrome' driver

2021-10-21 14:10:54 - [MESSAGE][INFO] - User set preference: ['prefs', '{download.default_directory=C:\otomasyondownfiles}']

2021-10-21 14:10:54 - [MESSAGE][INFO] - Action delay is set to 0 milliseconds

2021-10-21 14:10:55 - [MESSAGE][INFO] - Navigating browser to: 'https://efatura-stage.elogo.com.tr/'

2021-10-21 14:10:58 - [MESSAGE][PASSED] - Browser is opened with url: 'https://efatura-stage.elogo.com.tr/'

2021-10-21 14:10:58 - [TEST_STEP][PASSED] - maximizeWindow(): Invoke 'com.kms.katalon.core.annotation.BeforeTestCase' method: 'Listener.sampleBeforeTestSuite(...)' completed.

2021-10-21 14:10:58 - [MESSAGE][INFO] - Maximizing current window

2021-10-21 14:10:58 - [MESSAGE][PASSED] - Current window maximized

2021-10-21 14:10:58 - [MESSAGE][INFO] - Invoke 'com.kms.katalon.core.annotation.BeforeTestCase' method: 'Listener.sampleBeforeTestSuite(...)' completed.

2021-10-21 14:10:59 - [TEST_STEP][PASSED] - runFeatureFile("Include/features/e-Makbuz/e-Mustahsil Uygulamasi/e-Mustahsil Makbuzlari/Statu Ata.feature"): Feature file: 'Include/features/e-Makbuz/e-Mustahsil Uygulamasi/e-Mustahsil Makbuzlari/Statu Ata.feature' was passed

2021-10-21 14:10:59 - [MESSAGE][INFO] - Starting run keyword runFeatureFile: 'Include/features/e-Makbuz/e-Mustahsil Uygulamasi/e-Mustahsil Makbuzlari/Statu Ata.feature' and extract report to folder: 'C:\Users\DELL\Downloads\EES_Katalon-main\Reports\20211021_140437\Suite Repository\e-Makbuz\20211021_140511/cucumber_report/1634814659287'...

2021-10-21 14:10:59 - [MESSAGE][INFO] - Glue: []

2021-10-21 14:11:00 - [MESSAGE][INFO] - Checking called Test Case

2021-10-21 14:11:00 - [MESSAGE][INFO] - Starting to call Test Case 'Test Cases/Sayfalar/Giris_Sayfasi/Login'

2021-10-21 14:11:00 - [TEST_CASE][PASSED] - Test Cases/Sayfalar/Giris_Sayfasi/Login: Test Cases/Sayfalar/Giris_Sayfasi/Login

2021-10-21 14:11:00 - [TEST_STEP][PASSED] - Sayfa_Basligi = getWindowTitle(): Current window's title is: 'LOGO e-Fatura'

2021-10-21 14:11:00 - [MESSAGE][INFO] - Getting current window's title

2021-10-21 14:11:00 - [MESSAGE][PASSED] - Current window's title is: 'LOGO e-Fatura'

2021-10-21 14:11:00 - [TEST_STEP][PASSED] - verifyMatch(Sayfa_Basligi, "LOGO e-Fatura", false): Actual text 'LOGO e-Fatura' and expected text 'LOGO e-Fatura' are matched 

2021-10-21 14:11:00 - [MESSAGE][INFO] - Matching actual text 'LOGO e-Fatura' with expected text 'LOGO e-Fatura'

2021-10-21 14:11:00 - [MESSAGE][PASSED] - Actual text 'LOGO e-Fatura' and expected text 'LOGO e-Fatura' are matched 

2021-10-21 14:11:00 - [TEST_STEP][PASSED] - sendKeys(findTestObject("Sayfalar/Giris_Sayfasi/Firma_Kodu"), KullaniciAdi): Keys 'ELOGO6' sent to object: 'Object Repository/Sayfalar/Giris_Sayfasi/Firma_Kodu'

2021-10-21 14:11:00 - [MESSAGE][INFO] - Finding Test Object 'Object Repository/Sayfalar/Giris_Sayfasi/Firma_Kodu'

2021-10-21 14:11:00 - [MESSAGE][INFO] - Sending keys 'ELOGO6' to object: 'Object Repository/Sayfalar/Giris_Sayfasi/Firma_Kodu'

2021-10-21 14:11:00 - [MESSAGE][INFO] - Finding web element from Test Object's properties

2021-10-21 14:11:00 - [MESSAGE][INFO] - Checking timeout

2021-10-21 14:11:00 - [MESSAGE][INFO] - Finding web element with id: 'Object Repository/Sayfalar/Giris_Sayfasi/Firma_Kodu' located by 'By.xpath: //*[@id = 'AccountName']' in '30' second(s)

2021-10-21 14:11:00 - [MESSAGE][INFO] - Smart Wait Function is triggered

2021-10-21 14:11:00 - [MESSAGE][INFO] - Found 1 web elements with id: 'Object Repository/Sayfalar/Giris_Sayfasi/Firma_Kodu' located by 'By.xpath: //*[@id = 'AccountName']' in '30' second(s)

2021-10-21 14:11:00 - [MESSAGE][PASSED] - Keys 'ELOGO6' sent to object: 'Object Repository/Sayfalar/Giris_Sayfasi/Firma_Kodu'

2021-10-21 14:11:00 - [TEST_STEP][PASSED] - sendKeys(findTestObject("Sayfalar/Giris_Sayfasi/Sifre"), Sifre): Keys '123456' sent to object: 'Object Repository/Sayfalar/Giris_Sayfasi/Sifre'

2021-10-21 14:11:00 - [MESSAGE][INFO] - Finding Test Object 'Object Repository/Sayfalar/Giris_Sayfasi/Sifre'

2021-10-21 14:11:01 - [MESSAGE][INFO] - Sending keys '123456' to object: 'Object Repository/Sayfalar/Giris_Sayfasi/Sifre'

2021-10-21 14:11:01 - [MESSAGE][INFO] - Finding web element from Test Object's properties

2021-10-21 14:11:01 - [MESSAGE][INFO] - Checking timeout

2021-10-21 14:11:01 - [MESSAGE][INFO] - Finding web element with id: 'Object Repository/Sayfalar/Giris_Sayfasi/Sifre' located by 'By.xpath: //*[@id = 'Password']' in '30' second(s)

2021-10-21 14:11:01 - [MESSAGE][INFO] - Smart Wait Function is triggered

2021-10-21 14:11:01 - [MESSAGE][INFO] - Found 1 web elements with id: 'Object Repository/Sayfalar/Giris_Sayfasi/Sifre' located by 'By.xpath: //*[@id = 'Password']' in '30' second(s)

2021-10-21 14:11:01 - [MESSAGE][PASSED] - Keys '123456' sent to object: 'Object Repository/Sayfalar/Giris_Sayfasi/Sifre'

2021-10-21 14:11:01 - [TEST_STEP][PASSED] - findWebElement(findTestObject("Sayfalar/Giris_Sayfasi/Giris_Butonu")).click(): Found 1 web elements with id: 'Object Repository/Sayfalar/Giris_Sayfasi/Giris_Butonu' located by 'By.cssSelector: #btnLogin' in '30' second(s)

2021-10-21 14:11:01 - [MESSAGE][INFO] - Finding Test Object 'Object Repository/Sayfalar/Giris_Sayfasi/Giris_Butonu'

2021-10-21 14:11:01 - [MESSAGE][INFO] - Finding web element from Test Object's properties

2021-10-21 14:11:01 - [MESSAGE][INFO] - Checking timeout

2021-10-21 14:11:01 - [MESSAGE][INFO] - Finding web element with id: 'Object Repository/Sayfalar/Giris_Sayfasi/Giris_Butonu' located by 'By.cssSelector: #btnLogin' in '30' second(s)

2021-10-21 14:11:01 - [MESSAGE][INFO] - Smart Wait Function is triggered

2021-10-21 14:11:01 - [MESSAGE][INFO] - Found 1 web elements with id: 'Object Repository/Sayfalar/Giris_Sayfasi/Giris_Butonu' located by 'By.cssSelector: #btnLogin' in '30' second(s)

2021-10-21 14:11:04 - [TEST_STEP][PASSED] - if (verifyElementPresent(findTestObject("Object Repository/Sayfalar/Giris_Sayfasi/RetveTamam_Butonu"), 5, OPTIONAL)): null

2021-10-21 14:11:04 - [MESSAGE][INFO] - Finding Test Object 'Object Repository/Sayfalar/Giris_Sayfasi/RetveTamam_Butonu'

2021-10-21 14:11:04 - [MESSAGE][INFO] - Checking object

2021-10-21 14:11:04 - [MESSAGE][INFO] - Finding web element from Test Object's properties

2021-10-21 14:11:04 - [MESSAGE][INFO] - Checking timeout

2021-10-21 14:11:04 - [MESSAGE][INFO] - Finding web element with id: 'Object Repository/Sayfalar/Giris_Sayfasi/RetveTamam_Butonu' located by 'By.xpath: //*[@class = 'btn btn-default']' in '5' second(s)

2021-10-21 14:11:04 - [MESSAGE][INFO] - Smart Wait Function is triggered

2021-10-21 14:11:05 - [MESSAGE][INFO] - Found 1 web elements with id: 'Object Repository/Sayfalar/Giris_Sayfasi/RetveTamam_Butonu' located by 'By.xpath: //*[@class = 'btn btn-default']' in '5' second(s)

2021-10-21 14:11:05 - [MESSAGE][PASSED] - Object 'Object Repository/Sayfalar/Giris_Sayfasi/RetveTamam_Butonu' is present

2021-10-21 14:11:05 - [TEST_STEP][PASSED] - click(findTestObject("Object Repository/Sayfalar/Giris_Sayfasi/RetveTamam_Butonu")): Object: 'Object Repository/Sayfalar/Giris_Sayfasi/RetveTamam_Butonu' is clicked on

2021-10-21 14:11:05 - [MESSAGE][INFO] - Finding Test Object 'Object Repository/Sayfalar/Giris_Sayfasi/RetveTamam_Butonu'

2021-10-21 14:11:05 - [MESSAGE][INFO] - Checking object

2021-10-21 14:11:05 - [MESSAGE][INFO] - Finding web element from Test Object's properties

2021-10-21 14:11:05 - [MESSAGE][INFO] - Checking timeout

2021-10-21 14:11:05 - [MESSAGE][INFO] - Finding web element with id: 'Object Repository/Sayfalar/Giris_Sayfasi/RetveTamam_Butonu' located by 'By.xpath: //*[@class = 'btn btn-default']' in '30' second(s)

2021-10-21 14:11:05 - [MESSAGE][INFO] - Smart Wait Function is triggered

2021-10-21 14:11:05 - [MESSAGE][INFO] - Found 1 web elements with id: 'Object Repository/Sayfalar/Giris_Sayfasi/RetveTamam_Butonu' located by 'By.xpath: //*[@class = 'btn btn-default']' in '30' second(s)

2021-10-21 14:11:05 - [MESSAGE][INFO] - Clicking on object: 'Object Repository/Sayfalar/Giris_Sayfasi/RetveTamam_Butonu'

2021-10-21 14:11:05 - [MESSAGE][PASSED] - Object: 'Object Repository/Sayfalar/Giris_Sayfasi/RetveTamam_Butonu' is clicked on

2021-10-21 14:11:05 - [TEST_STEP][PASSED] - click(findTestObject("Object Repository/Sayfalar/Giris_Sayfasi/RetveTamam_Butonu")): Object: 'Object Repository/Sayfalar/Giris_Sayfasi/RetveTamam_Butonu' is clicked on

2021-10-21 14:11:05 - [MESSAGE][INFO] - Finding Test Object 'Object Repository/Sayfalar/Giris_Sayfasi/RetveTamam_Butonu'

2021-10-21 14:11:05 - [MESSAGE][INFO] - Checking object

2021-10-21 14:11:05 - [MESSAGE][INFO] - Finding web element from Test Object's properties

2021-10-21 14:11:05 - [MESSAGE][INFO] - Checking timeout

2021-10-21 14:11:05 - [MESSAGE][INFO] - Finding web element with id: 'Object Repository/Sayfalar/Giris_Sayfasi/RetveTamam_Butonu' located by 'By.xpath: //*[@class = 'btn btn-default']' in '30' second(s)

2021-10-21 14:11:05 - [MESSAGE][INFO] - Smart Wait Function is triggered

2021-10-21 14:11:08 - [MESSAGE][INFO] - Found 1 web elements with id: 'Object Repository/Sayfalar/Giris_Sayfasi/RetveTamam_Butonu' located by 'By.xpath: //*[@class = 'btn btn-default']' in '30' second(s)

2021-10-21 14:11:08 - [MESSAGE][INFO] - Clicking on object: 'Object Repository/Sayfalar/Giris_Sayfasi/RetveTamam_Butonu'

2021-10-21 14:11:08 - [MESSAGE][PASSED] - Object: 'Object Repository/Sayfalar/Giris_Sayfasi/RetveTamam_Butonu' is clicked on

2021-10-21 14:11:08 - [TEST_STEP][PASSED] - if (verifyElementPresent(findTestObject("Sayfalar/Giris_Sayfasi/PopupOK"), 5, OPTIONAL)): null

2021-10-21 14:11:08 - [MESSAGE][INFO] - Finding Test Object 'Object Repository/Sayfalar/Giris_Sayfasi/PopupOK'

2021-10-21 14:11:08 - [MESSAGE][INFO] - Checking object

2021-10-21 14:11:08 - [MESSAGE][INFO] - Finding web element from Test Object's properties

2021-10-21 14:11:08 - [MESSAGE][INFO] - Checking timeout

2021-10-21 14:11:08 - [MESSAGE][INFO] - Finding web element with id: 'Object Repository/Sayfalar/Giris_Sayfasi/PopupOK' located by 'By.cssSelector: .btn.btn-success' in '5' second(s)

2021-10-21 14:11:08 - [MESSAGE][INFO] - Smart Wait Function is triggered

2021-10-21 14:11:09 - [MESSAGE][INFO] - Found 1 web elements with id: 'Object Repository/Sayfalar/Giris_Sayfasi/PopupOK' located by 'By.cssSelector: .btn.btn-success' in '5' second(s)

2021-10-21 14:11:09 - [MESSAGE][PASSED] - Object 'Object Repository/Sayfalar/Giris_Sayfasi/PopupOK' is present

2021-10-21 14:11:09 - [TEST_STEP][PASSED] - click(findTestObject("Object Repository/Sayfalar/Giris_Sayfasi/PopupCarpiGiris")): Object: 'Object Repository/Sayfalar/Giris_Sayfasi/PopupCarpiGiris' is clicked on

2021-10-21 14:11:09 - [MESSAGE][INFO] - Finding Test Object 'Object Repository/Sayfalar/Giris_Sayfasi/PopupCarpiGiris'

2021-10-21 14:11:09 - [MESSAGE][INFO] - Checking object

2021-10-21 14:11:09 - [MESSAGE][INFO] - Finding web element from Test Object's properties

2021-10-21 14:11:09 - [MESSAGE][INFO] - Checking timeout

2021-10-21 14:11:09 - [MESSAGE][INFO] - Finding web element with id: 'Object Repository/Sayfalar/Giris_Sayfasi/PopupCarpiGiris' located by 'By.cssSelector: .bootbox-close-button.close' in '30' second(s)

2021-10-21 14:11:09 - [MESSAGE][INFO] - Smart Wait Function is triggered

2021-10-21 14:11:10 - [MESSAGE][INFO] - Found 1 web elements with id: 'Object Repository/Sayfalar/Giris_Sayfasi/PopupCarpiGiris' located by 'By.cssSelector: .bootbox-close-button.close' in '30' second(s)

2021-10-21 14:11:10 - [MESSAGE][INFO] - Clicking on object: 'Object Repository/Sayfalar/Giris_Sayfasi/PopupCarpiGiris'

2021-10-21 14:11:10 - [MESSAGE][PASSED] - Object: 'Object Repository/Sayfalar/Giris_Sayfasi/PopupCarpiGiris' is clicked on

2021-10-21 14:11:10 - [TEST_STEP][PASSED] - verifyElementVisible(findTestObject("Object Repository/Kullanici_Islemleri/KullaniciIslemleri")): Object 'Object Repository/Kullanici_Islemleri/KullaniciIslemleri' is visible

2021-10-21 14:11:10 - [MESSAGE][INFO] - Finding Test Object 'Object Repository/Kullanici_Islemleri/KullaniciIslemleri'

2021-10-21 14:11:10 - [MESSAGE][INFO] - Checking object

2021-10-21 14:11:10 - [MESSAGE][INFO] - Finding web element from Test Object's properties

2021-10-21 14:11:10 - [MESSAGE][INFO] - Checking timeout

2021-10-21 14:11:10 - [MESSAGE][INFO] - Finding web element with id: 'Object Repository/Kullanici_Islemleri/KullaniciIslemleri' located by 'By.cssSelector: .dropdown>a>img' in '30' second(s)

2021-10-21 14:11:10 - [MESSAGE][INFO] - Smart Wait Function is triggered

2021-10-21 14:11:10 - [MESSAGE][INFO] - Found 1 web elements with id: 'Object Repository/Kullanici_Islemleri/KullaniciIslemleri' located by 'By.cssSelector: .dropdown>a>img' in '30' second(s)

2021-10-21 14:11:10 - [MESSAGE][PASSED] - Object 'Object Repository/Kullanici_Islemleri/KullaniciIslemleri' is visible

2021-10-21 14:11:10 - [MESSAGE][PASSED] - Call Test Case 'Test Cases/Sayfalar/Giris_Sayfasi/Login' successfully

2021-10-21 14:11:10 - [MESSAGE][INFO] - Checking called Test Case

2021-10-21 14:11:10 - [MESSAGE][INFO] - Starting to call Test Case 'Test Cases/Menu/AnaMenuSecimi'

2021-10-21 14:11:11 - [TEST_CASE][PASSED] - Test Cases/Menu/AnaMenuSecimi: Test Cases/Menu/AnaMenuSecimi

2021-10-21 14:11:11 - [TEST_STEP][PASSED] - Method.TextDegerineEsitElementeTikla(findTestObject("Menu/Ana_Menu"), Ana_Menu): Method.TextDegerineEsitElementeTikla is PASSED

2021-10-21 14:11:11 - [MESSAGE][INFO] - Finding Test Object 'Object Repository/Menu/Ana_Menu'

2021-10-21 14:11:11 - [MESSAGE][INFO] - Checking timeout

2021-10-21 14:11:11 - [MESSAGE][INFO] - Finding web element with id: 'Object Repository/Menu/Ana_Menu' located by 'By.xpath: //*[@class = 'dropdown-toggle']' in '10' second(s)

2021-10-21 14:11:11 - [MESSAGE][INFO] - Smart Wait Function is triggered

2021-10-21 14:11:11 - [MESSAGE][INFO] - Found 14 web elements with id: 'Object Repository/Menu/Ana_Menu' located by 'By.xpath: //*[@class = 'dropdown-toggle']' in '10' second(s)

2021-10-21 14:11:11 - [MESSAGE][PASSED] - Method.TextDegerineEsitElementeTikla is PASSED

2021-10-21 14:11:11 - [MESSAGE][PASSED] - Call Test Case 'Test Cases/Menu/AnaMenuSecimi' successfully

2021-10-21 14:11:11 - [MESSAGE][INFO] - Checking called Test Case

2021-10-21 14:11:11 - [MESSAGE][INFO] - Starting to call Test Case 'Test Cases/Menu/BasligaGoreAltMenuSecimi'

2021-10-21 14:11:11 - [TEST_CASE][PASSED] - Test Cases/Menu/BasligaGoreAltMenuSecimi: Test Cases/Menu/BasligaGoreAltMenuSecimi

2021-10-21 14:11:11 - [TEST_STEP][PASSED] - Method.TextDegerineEsitElementinAltindakiTextDegerineEsitOlanaTikla(findTestObject("Menu/Menu_Basligi"), findTestObject("Menu/Basliga_Gore_Alt_Menu"), Baslik, Alt_Menu): Method.TextDegerineEsitElementinAltindakiTextDegerineEsitOlanaTikla is PASSED

2021-10-21 14:11:11 - [MESSAGE][INFO] - Finding Test Object 'Object Repository/Menu/Menu_Basligi'

2021-10-21 14:11:11 - [MESSAGE][INFO] - Finding Test Object 'Object Repository/Menu/Basliga_Gore_Alt_Menu'

2021-10-21 14:11:11 - [MESSAGE][INFO] - Checking timeout

2021-10-21 14:11:11 - [MESSAGE][INFO] - Finding web element with id: 'Object Repository/Menu/Menu_Basligi' located by 'By.xpath: //li[@class='dropdown dropdown-large open']//li[@class='dropdown-header']' in '10' second(s)

2021-10-21 14:11:11 - [MESSAGE][INFO] - Smart Wait Function is triggered

2021-10-21 14:11:12 - [MESSAGE][INFO] - Found 2 web elements with id: 'Object Repository/Menu/Menu_Basligi' located by 'By.xpath: //li[@class='dropdown dropdown-large open']//li[@class='dropdown-header']' in '10' second(s)

2021-10-21 14:11:12 - [MESSAGE][INFO] - Smart Wait Function is triggered

2021-10-21 14:11:15 - [MESSAGE][PASSED] - Method.TextDegerineEsitElementinAltindakiTextDegerineEsitOlanaTikla is PASSED

2021-10-21 14:11:15 - [MESSAGE][PASSED] - Call Test Case 'Test Cases/Menu/BasligaGoreAltMenuSecimi' successfully

2021-10-21 14:11:15 - [MESSAGE][INFO] - Checking called Test Case

2021-10-21 14:11:15 - [MESSAGE][INFO] - Starting to call Test Case 'Test Cases/Filtreler/BaslangicYaz'

2021-10-21 14:11:15 - [TEST_CASE][PASSED] - Test Cases/Filtreler/BaslangicYaz: Test Cases/Filtreler/BaslangicYaz

2021-10-21 14:11:15 - [TEST_STEP][PASSED] - Method.TextDegerineEsitElementinAltindakineTikla(findTestObject("Filtreler/Basliklar"), findTestObject("Filtreler/Basliga_Gore_Baslangic_Image"), Filtre_Adi): Method.TextDegerineEsitElementinAltindakineTikla is PASSED

2021-10-21 14:11:15 - [MESSAGE][INFO] - Finding Test Object 'Object Repository/Filtreler/Basliklar'

2021-10-21 14:11:15 - [MESSAGE][INFO] - Finding Test Object 'Object Repository/Filtreler/Basliga_Gore_Baslangic_Image'

2021-10-21 14:11:16 - [MESSAGE][INFO] - Checking timeout

2021-10-21 14:11:16 - [MESSAGE][INFO] - Finding web element with id: 'Object Repository/Filtreler/Basliklar' located by 'By.cssSelector: .control-label.col-sm-4.paddingMarginRLC' in '10' second(s)

2021-10-21 14:11:16 - [MESSAGE][INFO] - Smart Wait Function is triggered

2021-10-21 14:11:16 - [MESSAGE][INFO] - Found 14 web elements with id: 'Object Repository/Filtreler/Basliklar' located by 'By.cssSelector: .control-label.col-sm-4.paddingMarginRLC' in '10' second(s)

2021-10-21 14:11:16 - [MESSAGE][INFO] - Smart Wait Function is triggered

2021-10-21 14:11:16 - [MESSAGE][PASSED] - Method.TextDegerineEsitElementinAltindakineTikla is PASSED

2021-10-21 14:11:16 - [TEST_STEP][PASSED] - Method.TextDegerineEsitElementinAltindakiTextboxtaYaz(findTestObject("Filtreler/Basliklar"), findTestObject("Filtreler/Basliga_Gore_Baslangic"), Filtre_Adi, Filtre_Degeri): Method.TextDegerineEsitElementinAltindakiTextboxtaYaz is PASSED

2021-10-21 14:11:16 - [MESSAGE][INFO] - Finding Test Object 'Object Repository/Filtreler/Basliklar'

2021-10-21 14:11:16 - [MESSAGE][INFO] - Finding Test Object 'Object Repository/Filtreler/Basliga_Gore_Baslangic'

2021-10-21 14:11:16 - [MESSAGE][INFO] - Checking timeout

2021-10-21 14:11:16 - [MESSAGE][INFO] - Finding web element with id: 'Object Repository/Filtreler/Basliklar' located by 'By.cssSelector: .control-label.col-sm-4.paddingMarginRLC' in '10' second(s)

2021-10-21 14:11:16 - [MESSAGE][INFO] - Smart Wait Function is triggered

2021-10-21 14:11:17 - [MESSAGE][INFO] - Found 14 web elements with id: 'Object Repository/Filtreler/Basliklar' located by 'By.cssSelector: .control-label.col-sm-4.paddingMarginRLC' in '10' second(s)

2021-10-21 14:11:17 - [MESSAGE][INFO] - Smart Wait Function is triggered

2021-10-21 14:11:17 - [MESSAGE][PASSED] - Method.TextDegerineEsitElementinAltindakiTextboxtaYaz is PASSED

2021-10-21 14:11:17 - [MESSAGE][PASSED] - Call Test Case 'Test Cases/Filtreler/BaslangicYaz' successfully

2021-10-21 14:11:17 - [MESSAGE][INFO] - Checking called Test Case

2021-10-21 14:11:17 - [MESSAGE][INFO] - Starting to call Test Case 'Test Cases/Filtreler/BitisYaz'

2021-10-21 14:11:17 - [TEST_CASE][PASSED] - Test Cases/Filtreler/BitisYaz: Test Cases/Filtreler/BitisYaz

2021-10-21 14:11:17 - [TEST_STEP][PASSED] - Method.TextDegerineEsitElementinAltindakineTikla(findTestObject("Filtreler/Basliklar"), findTestObject("Filtreler/Basliga_Gore_Bitis_Image"), Filtre_Adi): Method.TextDegerineEsitElementinAltindakineTikla is PASSED

2021-10-21 14:11:17 - [MESSAGE][INFO] - Finding Test Object 'Object Repository/Filtreler/Basliklar'

2021-10-21 14:11:17 - [MESSAGE][INFO] - Finding Test Object 'Object Repository/Filtreler/Basliga_Gore_Bitis_Image'

2021-10-21 14:11:18 - [MESSAGE][INFO] - Checking timeout

2021-10-21 14:11:18 - [MESSAGE][INFO] - Finding web element with id: 'Object Repository/Filtreler/Basliklar' located by 'By.cssSelector: .control-label.col-sm-4.paddingMarginRLC' in '10' second(s)

2021-10-21 14:11:18 - [MESSAGE][INFO] - Smart Wait Function is triggered

2021-10-21 14:11:18 - [MESSAGE][INFO] - Found 14 web elements with id: 'Object Repository/Filtreler/Basliklar' located by 'By.cssSelector: .control-label.col-sm-4.paddingMarginRLC' in '10' second(s)

2021-10-21 14:11:18 - [MESSAGE][INFO] - Smart Wait Function is triggered

2021-10-21 14:11:18 - [MESSAGE][PASSED] - Method.TextDegerineEsitElementinAltindakineTikla is PASSED

2021-10-21 14:11:18 - [TEST_STEP][PASSED] - Method.TextDegerineEsitElementinAltindakiTextboxtaYaz(findTestObject("Filtreler/Basliklar"), findTestObject("Object Repository/Filtreler/Basliga_Gore_Bitis"), Filtre_Adi, Filtre_Degeri): Method.TextDegerineEsitElementinAltindakiTextboxtaYaz is PASSED

2021-10-21 14:11:18 - [MESSAGE][INFO] - Finding Test Object 'Object Repository/Filtreler/Basliklar'

2021-10-21 14:11:18 - [MESSAGE][INFO] - Finding Test Object 'Object Repository/Filtreler/Basliga_Gore_Bitis'

2021-10-21 14:11:18 - [MESSAGE][INFO] - Checking timeout

2021-10-21 14:11:18 - [MESSAGE][INFO] - Finding web element with id: 'Object Repository/Filtreler/Basliklar' located by 'By.cssSelector: .control-label.col-sm-4.paddingMarginRLC' in '10' second(s)

2021-10-21 14:11:18 - [MESSAGE][INFO] - Smart Wait Function is triggered

2021-10-21 14:11:19 - [MESSAGE][INFO] - Found 14 web elements with id: 'Object Repository/Filtreler/Basliklar' located by 'By.cssSelector: .control-label.col-sm-4.paddingMarginRLC' in '10' second(s)

2021-10-21 14:11:19 - [MESSAGE][INFO] - Smart Wait Function is triggered

2021-10-21 14:11:19 - [MESSAGE][PASSED] - Method.TextDegerineEsitElementinAltindakiTextboxtaYaz is PASSED

2021-10-21 14:11:19 - [MESSAGE][PASSED] - Call Test Case 'Test Cases/Filtreler/BitisYaz' successfully

2021-10-21 14:11:19 - [MESSAGE][INFO] - Checking called Test Case

2021-10-21 14:11:19 - [MESSAGE][INFO] - Starting to call Test Case 'Test Cases/Filtreler/ButonaTikla'

2021-10-21 14:11:19 - [TEST_CASE][PASSED] - Test Cases/Filtreler/ButonaTikla: Test Cases/Filtreler/ButonaTikla

2021-10-21 14:11:19 - [TEST_STEP][PASSED] - Method.TextDegerineEsitElementeTikla(findTestObject("Filtreler/Butonlar"), Filtre_Buton): Method.TextDegerineEsitElementeTikla is PASSED

2021-10-21 14:11:19 - [MESSAGE][INFO] - Finding Test Object 'Object Repository/Filtreler/Butonlar'

2021-10-21 14:11:19 - [MESSAGE][INFO] - Checking timeout

2021-10-21 14:11:19 - [MESSAGE][INFO] - Finding web element with id: 'Object Repository/Filtreler/Butonlar' located by 'By.cssSelector: .dxb>span' in '10' second(s)

2021-10-21 14:11:19 - [MESSAGE][INFO] - Smart Wait Function is triggered

2021-10-21 14:11:19 - [MESSAGE][INFO] - Found 3 web elements with id: 'Object Repository/Filtreler/Butonlar' located by 'By.cssSelector: .dxb>span' in '10' second(s)

2021-10-21 14:11:20 - [MESSAGE][PASSED] - Method.TextDegerineEsitElementeTikla is PASSED

2021-10-21 14:11:20 - [MESSAGE][PASSED] - Call Test Case 'Test Cases/Filtreler/ButonaTikla' successfully

2021-10-21 14:11:20 - [MESSAGE][INFO] - Checking called Test Case

2021-10-21 14:11:20 - [MESSAGE][INFO] - Starting to call Test Case 'Test Cases/Tablo/TablodaVeriVarMi'

2021-10-21 14:11:20 - [TEST_CASE][PASSED] - Test Cases/Tablo/TablodaVeriVarMi: Test Cases/Tablo/TablodaVeriVarMi

2021-10-21 14:11:20 - [TEST_STEP][PASSED] - verifyTextNotPresent("Görüntülenecek veri yok", true): Text 'Görüntülenecek veri yok' is not present on page using regular expression

2021-10-21 14:11:20 - [MESSAGE][INFO] - Checking text present  using regular expression

2021-10-21 14:11:20 - [MESSAGE][INFO] - Smart Wait Function is triggered

2021-10-21 14:11:21 - [MESSAGE][INFO] - Finding text 'Görüntülenecek veri yok' on page  using regular expression

2021-10-21 14:11:21 - [MESSAGE][PASSED] - Text 'Görüntülenecek veri yok' is not present on page using regular expression

2021-10-21 14:11:21 - [MESSAGE][PASSED] - Call Test Case 'Test Cases/Tablo/TablodaVeriVarMi' successfully

2021-10-21 14:11:21 - [MESSAGE][INFO] - Checking called Test Case

2021-10-21 14:11:21 - [MESSAGE][INFO] - Starting to call Test Case 'Test Cases/Tablo/TablodanVeriSec'

2021-10-21 14:11:21 - [TEST_CASE][PASSED] - Test Cases/Tablo/TablodanVeriSec: Test Cases/Tablo/TablodanVeriSec

2021-10-21 14:11:21 - [TEST_STEP][PASSED] - Method.TextDegerineEsitElementinAltindakineTikla(findTestObject("Tablo/Veriler"), findTestObject("Tablo/VerininCheckBoxi"), Veri_Adi): Method.TextDegerineEsitElementinAltindakineTikla is PASSED

2021-10-21 14:11:21 - [MESSAGE][INFO] - Finding Test Object 'Object Repository/Tablo/Veriler'

2021-10-21 14:11:21 - [MESSAGE][INFO] - Finding Test Object 'Object Repository/Tablo/VerininCheckBoxi'

2021-10-21 14:11:21 - [MESSAGE][INFO] - Checking timeout

2021-10-21 14:11:21 - [MESSAGE][INFO] - Finding web element with id: 'Object Repository/Tablo/Veriler' located by 'By.cssSelector: td.dxgv b ,td.dxgv' in '10' second(s)

2021-10-21 14:11:21 - [MESSAGE][INFO] - Smart Wait Function is triggered

2021-10-21 14:11:21 - [MESSAGE][INFO] - Found 13 web elements with id: 'Object Repository/Tablo/Veriler' located by 'By.cssSelector: td.dxgv b ,td.dxgv' in '10' second(s)

2021-10-21 14:11:21 - [MESSAGE][INFO] - Smart Wait Function is triggered

2021-10-21 14:11:22 - [MESSAGE][PASSED] - Method.TextDegerineEsitElementinAltindakineTikla is PASSED

2021-10-21 14:11:22 - [MESSAGE][PASSED] - Call Test Case 'Test Cases/Tablo/TablodanVeriSec' successfully

2021-10-21 14:11:22 - [MESSAGE][INFO] - Checking called Test Case

2021-10-21 14:11:22 - [MESSAGE][INFO] - Starting to call Test Case 'Test Cases/Butonlar/ButonaTikla'

2021-10-21 14:11:22 - [TEST_CASE][PASSED] - Test Cases/Butonlar/ButonaTikla: Test Cases/Butonlar/ButonaTikla

2021-10-21 14:11:22 - [TEST_STEP][PASSED] - Method.TextDegerineEsitElementeTiklaEquals(findTestObject("Butonlar/Butonlar"), Buton_Adi): Method.TextDegerineEsitElementeTiklaEquals is PASSED

2021-10-21 14:11:22 - [MESSAGE][INFO] - Finding Test Object 'Object Repository/Butonlar/Butonlar'

2021-10-21 14:11:22 - [MESSAGE][INFO] - Checking timeout

2021-10-21 14:11:22 - [MESSAGE][INFO] - Finding web element with id: 'Object Repository/Butonlar/Butonlar' located by 'By.cssSelector: .panel.panel-default.text-center.footerPanel .btn,.btn.btn-primary.btnControls' in '10' second(s)

2021-10-21 14:11:22 - [MESSAGE][INFO] - Smart Wait Function is triggered

2021-10-21 14:11:22 - [MESSAGE][INFO] - Found 13 web elements with id: 'Object Repository/Butonlar/Butonlar' located by 'By.cssSelector: .panel.panel-default.text-center.footerPanel .btn,.btn.btn-primary.btnControls' in '10' second(s)

2021-10-21 14:11:22 - [MESSAGE][PASSED] - Method.TextDegerineEsitElementeTiklaEquals is PASSED

2021-10-21 14:11:22 - [MESSAGE][PASSED] - Call Test Case 'Test Cases/Butonlar/ButonaTikla' successfully

2021-10-21 14:11:22 - [MESSAGE][INFO] - Checking called Test Case

2021-10-21 14:11:22 - [MESSAGE][INFO] - Starting to call Test Case 'Test Cases/Butonlar/AltButonaTikla'

2021-10-21 14:11:22 - [TEST_CASE][PASSED] - Test Cases/Butonlar/AltButonaTikla: Test Cases/Butonlar/AltButonaTikla

2021-10-21 14:11:23 - [TEST_STEP][PASSED] - Method.TextDegerineEsitElementeTikla(findTestObject("Butonlar/AltButonlar"), Alt_Buton): Method.TextDegerineEsitElementeTikla is PASSED

2021-10-21 14:11:23 - [MESSAGE][INFO] - Finding Test Object 'Object Repository/Butonlar/AltButonlar'

2021-10-21 14:11:23 - [MESSAGE][INFO] - Checking timeout

2021-10-21 14:11:23 - [MESSAGE][INFO] - Finding web element with id: 'Object Repository/Butonlar/AltButonlar' located by 'By.cssSelector: .btn-group.open li>a' in '10' second(s)

2021-10-21 14:11:23 - [MESSAGE][INFO] - Smart Wait Function is triggered

2021-10-21 14:11:23 - [MESSAGE][INFO] - Found 2 web elements with id: 'Object Repository/Butonlar/AltButonlar' located by 'By.cssSelector: .btn-group.open li>a' in '10' second(s)

2021-10-21 14:11:23 - [MESSAGE][PASSED] - Method.TextDegerineEsitElementeTikla is PASSED

2021-10-21 14:11:23 - [MESSAGE][PASSED] - Call Test Case 'Test Cases/Butonlar/AltButonaTikla' successfully

2021-10-21 14:11:23 - [MESSAGE][INFO] - Checking called Test Case

2021-10-21 14:11:23 - [MESSAGE][INFO] - Starting to call Test Case 'Test Cases/Popup/PopupMesajiIceriyorMu'

2021-10-21 14:11:23 - [TEST_CASE][PASSED] - Test Cases/Popup/PopupMesajiIceriyorMu: Test Cases/Popup/PopupMesajiIceriyorMu

2021-10-21 14:11:23 - [TEST_STEP][PASSED] - waitForElementVisible(findTestObject("Popup/Popup"), 10): Object 'Object Repository/Popup/Popup' is visible

2021-10-21 14:11:23 - [MESSAGE][INFO] - Finding Test Object 'Object Repository/Popup/Popup'

2021-10-21 14:11:23 - [MESSAGE][INFO] - Checking object

2021-10-21 14:11:23 - [MESSAGE][INFO] - Checking timeout

2021-10-21 14:11:23 - [MESSAGE][INFO] - Finding web element from Test Object's properties

2021-10-21 14:11:23 - [MESSAGE][INFO] - Checking timeout

2021-10-21 14:11:23 - [MESSAGE][INFO] - Finding web element with id: 'Object Repository/Popup/Popup' located by 'By.cssSelector: .bootbox-body' in '10' second(s)

2021-10-21 14:11:23 - [MESSAGE][INFO] - Smart Wait Function is triggered

2021-10-21 14:11:24 - [MESSAGE][INFO] - Found 1 web elements with id: 'Object Repository/Popup/Popup' located by 'By.cssSelector: .bootbox-body' in '10' second(s)

2021-10-21 14:11:24 - [MESSAGE][PASSED] - Object 'Object Repository/Popup/Popup' is visible

2021-10-21 14:11:24 - [TEST_STEP][PASSED] - if (!(getText(findTestObject("Popup/Popup")).contains(Mesaj))): Text of object 'Object Repository/Popup/Popup' is: 'Statü Başarılı Olarak Güncellendi'

2021-10-21 14:11:24 - [MESSAGE][INFO] - Finding Test Object 'Object Repository/Popup/Popup'

2021-10-21 14:11:24 - [MESSAGE][INFO] - Checking object

2021-10-21 14:11:24 - [MESSAGE][INFO] - Finding web element from Test Object's properties

2021-10-21 14:11:24 - [MESSAGE][INFO] - Checking timeout

2021-10-21 14:11:24 - [MESSAGE][INFO] - Finding web element with id: 'Object Repository/Popup/Popup' located by 'By.cssSelector: .bootbox-body' in '30' second(s)

2021-10-21 14:11:24 - [MESSAGE][INFO] - Smart Wait Function is triggered

2021-10-21 14:11:25 - [MESSAGE][INFO] - Found 1 web elements with id: 'Object Repository/Popup/Popup' located by 'By.cssSelector: .bootbox-body' in '30' second(s)

2021-10-21 14:11:25 - [MESSAGE][INFO] - Getting text of object 'Object Repository/Popup/Popup'

2021-10-21 14:11:25 - [MESSAGE][PASSED] - Text of object 'Object Repository/Popup/Popup' is: 'Statü Başarılı Olarak Güncellendi'

2021-10-21 14:11:25 - [TEST_STEP][PASSED] - RaporNo = getText(findTestObject("Popup/Popup")).substring(0, 6): Text of object 'Object Repository/Popup/Popup' is: 'Statü Başarılı Olarak Güncellendi'

2021-10-21 14:11:25 - [MESSAGE][INFO] - Finding Test Object 'Object Repository/Popup/Popup'

2021-10-21 14:11:25 - [MESSAGE][INFO] - Checking object

2021-10-21 14:11:25 - [MESSAGE][INFO] - Finding web element from Test Object's properties

2021-10-21 14:11:25 - [MESSAGE][INFO] - Checking timeout

2021-10-21 14:11:25 - [MESSAGE][INFO] - Finding web element with id: 'Object Repository/Popup/Popup' located by 'By.cssSelector: .bootbox-body' in '30' second(s)

2021-10-21 14:11:25 - [MESSAGE][INFO] - Smart Wait Function is triggered

2021-10-21 14:11:25 - [MESSAGE][INFO] - Found 1 web elements with id: 'Object Repository/Popup/Popup' located by 'By.cssSelector: .bootbox-body' in '30' second(s)

2021-10-21 14:11:25 - [MESSAGE][INFO] - Getting text of object 'Object Repository/Popup/Popup'

2021-10-21 14:11:25 - [MESSAGE][PASSED] - Text of object 'Object Repository/Popup/Popup' is: 'Statü Başarılı Olarak Güncellendi'

2021-10-21 14:11:25 - [TEST_STEP][PASSED] - Console.println(RaporNo): null

2021-10-21 14:11:25 - [MESSAGE][PASSED] - Call Test Case 'Test Cases/Popup/PopupMesajiIceriyorMu' successfully

2021-10-21 14:11:25 - [MESSAGE][INFO] - Checking called Test Case

2021-10-21 14:11:25 - [MESSAGE][INFO] - Starting to call Test Case 'Test Cases/Popup/PopupButonSecilir'

2021-10-21 14:11:25 - [TEST_CASE][PASSED] - Test Cases/Popup/PopupButonSecilir: Test Cases/Popup/PopupButonSecilir

2021-10-21 14:11:25 - [TEST_STEP][PASSED] - Method.TextDegerineEsitElementeTikla(findTestObject("Popup/Popup_Butons"), Buton): Method.TextDegerineEsitElementeTikla is PASSED

2021-10-21 14:11:25 - [MESSAGE][INFO] - Finding Test Object 'Object Repository/Popup/Popup_Butons'

2021-10-21 14:11:25 - [MESSAGE][INFO] - Checking timeout

2021-10-21 14:11:25 - [MESSAGE][INFO] - Finding web element with id: 'Object Repository/Popup/Popup_Butons' located by 'By.cssSelector: .modal-footer>button' in '10' second(s)

2021-10-21 14:11:25 - [MESSAGE][INFO] - Smart Wait Function is triggered

2021-10-21 14:11:25 - [MESSAGE][INFO] - Found 1 web elements with id: 'Object Repository/Popup/Popup_Butons' located by 'By.cssSelector: .modal-footer>button' in '10' second(s)

2021-10-21 14:11:26 - [MESSAGE][PASSED] - Method.TextDegerineEsitElementeTikla is PASSED

2021-10-21 14:11:26 - [MESSAGE][PASSED] - Call Test Case 'Test Cases/Popup/PopupButonSecilir' successfully

2021-10-21 14:11:26 - [MESSAGE][INFO] - Checking called Test Case

2021-10-21 14:11:26 - [MESSAGE][INFO] - Starting to call Test Case 'Test Cases/Kullanici_Islemleri/KullaniciIslemlerindenSecimYapilir'

2021-10-21 14:11:26 - [TEST_CASE][PASSED] - Test Cases/Kullanici_Islemleri/KullaniciIslemlerindenSecimYapilir: Test Cases/Kullanici_Islemleri/KullaniciIslemlerindenSecimYapilir

2021-10-21 14:11:26 - [TEST_STEP][PASSED] - waitForElementClickable(findTestObject("Object Repository/Kullanici_Islemleri/KullaniciIslemleri"), 10): Object 'Object Repository/Kullanici_Islemleri/KullaniciIslemleri' is clickable

2021-10-21 14:11:26 - [MESSAGE][INFO] - Finding Test Object 'Object Repository/Kullanici_Islemleri/KullaniciIslemleri'

2021-10-21 14:11:26 - [MESSAGE][INFO] - Checking object

2021-10-21 14:11:26 - [MESSAGE][INFO] - Checking timeout

2021-10-21 14:11:26 - [MESSAGE][INFO] - Finding web element from Test Object's properties

2021-10-21 14:11:26 - [MESSAGE][INFO] - Checking timeout

2021-10-21 14:11:26 - [MESSAGE][INFO] - Finding web element with id: 'Object Repository/Kullanici_Islemleri/KullaniciIslemleri' located by 'By.cssSelector: .dropdown>a>img' in '10' second(s)

2021-10-21 14:11:26 - [MESSAGE][INFO] - Smart Wait Function is triggered

2021-10-21 14:11:26 - [MESSAGE][INFO] - Found 1 web elements with id: 'Object Repository/Kullanici_Islemleri/KullaniciIslemleri' located by 'By.cssSelector: .dropdown>a>img' in '10' second(s)

2021-10-21 14:11:26 - [MESSAGE][PASSED] - Object 'Object Repository/Kullanici_Islemleri/KullaniciIslemleri' is clickable

2021-10-21 14:11:26 - [TEST_STEP][PASSED] - click(findTestObject("Object Repository/Kullanici_Islemleri/KullaniciIslemleri")): Object: 'Object Repository/Kullanici_Islemleri/KullaniciIslemleri' is clicked on

2021-10-21 14:11:26 - [MESSAGE][INFO] - Finding Test Object 'Object Repository/Kullanici_Islemleri/KullaniciIslemleri'

2021-10-21 14:11:26 - [MESSAGE][INFO] - Checking object

2021-10-21 14:11:26 - [MESSAGE][INFO] - Finding web element from Test Object's properties

2021-10-21 14:11:26 - [MESSAGE][INFO] - Checking timeout

2021-10-21 14:11:26 - [MESSAGE][INFO] - Finding web element with id: 'Object Repository/Kullanici_Islemleri/KullaniciIslemleri' located by 'By.cssSelector: .dropdown>a>img' in '30' second(s)

2021-10-21 14:11:26 - [MESSAGE][INFO] - Smart Wait Function is triggered

2021-10-21 14:11:27 - [MESSAGE][INFO] - Found 1 web elements with id: 'Object Repository/Kullanici_Islemleri/KullaniciIslemleri' located by 'By.cssSelector: .dropdown>a>img' in '30' second(s)

2021-10-21 14:11:27 - [MESSAGE][INFO] - Clicking on object: 'Object Repository/Kullanici_Islemleri/KullaniciIslemleri'

2021-10-21 14:11:27 - [MESSAGE][PASSED] - Object: 'Object Repository/Kullanici_Islemleri/KullaniciIslemleri' is clicked on

2021-10-21 14:11:27 - [TEST_STEP][PASSED] - Method.TextDegerineEsitElementeTikla(findTestObject("Object Repository/Kullanici_Islemleri/Secenekler"), Islem): Method.TextDegerineEsitElementeTikla is PASSED

2021-10-21 14:11:27 - [MESSAGE][INFO] - Finding Test Object 'Object Repository/Kullanici_Islemleri/Secenekler'

2021-10-21 14:11:27 - [MESSAGE][INFO] - Checking timeout

2021-10-21 14:11:27 - [MESSAGE][INFO] - Finding web element with id: 'Object Repository/Kullanici_Islemleri/Secenekler' located by 'By.cssSelector: .nav.navbar-nav.navbar-right li a' in '10' second(s)

2021-10-21 14:11:27 - [MESSAGE][INFO] - Smart Wait Function is triggered

2021-10-21 14:11:27 - [MESSAGE][INFO] - Found 22 web elements with id: 'Object Repository/Kullanici_Islemleri/Secenekler' located by 'By.cssSelector: .nav.navbar-nav.navbar-right li a' in '10' second(s)

2021-10-21 14:11:30 - [MESSAGE][PASSED] - Method.TextDegerineEsitElementeTikla is PASSED

2021-10-21 14:11:30 - [TEST_STEP][PASSED] - verifyElementNotPresent(findTestObject("Object Repository/Kullanici_Islemleri/Secenekler"), 10): Web element with id: 'Object Repository/Kullanici_Islemleri/Secenekler' located by 'By.cssSelector: .nav.navbar-nav.navbar-right li a' is not present after '10' second(s)

2021-10-21 14:11:30 - [MESSAGE][INFO] - Finding Test Object 'Object Repository/Kullanici_Islemleri/Secenekler'

2021-10-21 14:11:30 - [MESSAGE][INFO] - Checking object

2021-10-21 14:11:30 - [MESSAGE][INFO] - Checking timeout

2021-10-21 14:11:30 - [MESSAGE][INFO] - Finding web element with id: 'Object Repository/Kullanici_Islemleri/Secenekler' located by 'By.cssSelector: .nav.navbar-nav.navbar-right li a' in '10' second(s)

2021-10-21 14:11:30 - [MESSAGE][INFO] - Smart Wait Function is triggered

2021-10-21 14:11:31 - [MESSAGE][PASSED] - Web element with id: 'Object Repository/Kullanici_Islemleri/Secenekler' located by 'By.cssSelector: .nav.navbar-nav.navbar-right li a' is not present after '10' second(s)

2021-10-21 14:11:31 - [MESSAGE][PASSED] - Call Test Case 'Test Cases/Kullanici_Islemleri/KullaniciIslemlerindenSecimYapilir' successfully

2021-10-21 14:11:31 - [TEST_CASE][PASSED] - Start Test Case : SCENARIO e-Mustahsil Makbuzu Statu Ata: SCENARIO e-Mustahsil Makbuzu Statu Ata

2021-10-21 14:11:31 - [TEST_STEP][PASSED] - Kullanıcı adı ELOGO6 ve Şifre 123456 olarak giriş yapılır: Kullanıcı adı ELOGO6 ve Şifre 123456 olarak giriş yapılır

2021-10-21 14:11:31 - [MESSAGE][PASSED] - Kullanıcı adı ELOGO6 ve Şifre 123456 olarak giriş yapılır

2021-10-21 14:11:31 - [TEST_STEP][PASSED] - Ana menüden e-Makbuz seçilir: Ana menüden e-Makbuz seçilir

2021-10-21 14:11:31 - [MESSAGE][PASSED] - Ana menüden e-Makbuz seçilir

2021-10-21 14:11:31 - [TEST_STEP][PASSED] - Alt menü e-Müstahsil Uygulaması başlığı altındaki e-Müstahsil Makbuzları seçilir: Alt menü e-Müstahsil Uygulaması başlığı altındaki e-Müstahsil Makbuzları seçilir

2021-10-21 14:11:31 - [MESSAGE][PASSED] - Alt menü e-Müstahsil Uygulaması başlığı altındaki e-Müstahsil Makbuzları seçilir

2021-10-21 14:11:31 - [TEST_STEP][PASSED] - Filtrelerden Oluşturma Tarihi filtresine 01.12.2020 baslangic degerini yaz: Filtrelerden Oluşturma Tarihi filtresine 01.12.2020 baslangic degerini yaz

2021-10-21 14:11:31 - [MESSAGE][PASSED] - Filtrelerden Oluşturma Tarihi filtresine 01.12.2020 baslangic degerini yaz

2021-10-21 14:11:31 - [TEST_STEP][PASSED] - Filtrelerden Oluşturma Tarihi filtresine 31.12.2020 bitis degerini yaz: Filtrelerden Oluşturma Tarihi filtresine 31.12.2020 bitis degerini yaz

2021-10-21 14:11:31 - [MESSAGE][PASSED] - Filtrelerden Oluşturma Tarihi filtresine 31.12.2020 bitis degerini yaz

2021-10-21 14:11:31 - [TEST_STEP][PASSED] - Filtre butonlarından Listele seçilir: Filtre butonlarından Listele seçilir

2021-10-21 14:11:31 - [MESSAGE][PASSED] - Filtre butonlarından Listele seçilir

2021-10-21 14:11:31 - [TEST_STEP][PASSED] - Tabloda veri var mı kontrol edilir: Tabloda veri var mı kontrol edilir

2021-10-21 14:11:31 - [MESSAGE][PASSED] - Tabloda veri var mı kontrol edilir

2021-10-21 14:11:31 - [TEST_STEP][PASSED] - Tablodan ELOGO5 isimli veri seçilir: Tablodan ELOGO5 isimli veri seçilir

2021-10-21 14:11:31 - [MESSAGE][PASSED] - Tablodan ELOGO5 isimli veri seçilir

2021-10-21 14:11:31 - [TEST_STEP][PASSED] - Butonlardan Statü Ata isimli butona tıklanır: Butonlardan Statü Ata isimli butona tıklanır

2021-10-21 14:11:31 - [MESSAGE][PASSED] - Butonlardan Statü Ata isimli butona tıklanır

2021-10-21 14:11:31 - [TEST_STEP][PASSED] - Alt butonlardan Öndeğer butonuna tıklanır: Alt butonlardan Öndeğer butonuna tıklanır

2021-10-21 14:11:31 - [MESSAGE][PASSED] - Alt butonlardan Öndeğer butonuna tıklanır

2021-10-21 14:11:31 - [TEST_STEP][PASSED] - Popup mesajı Statü Başarılı Olarak Güncellendi içeriyor mu: Popup mesajı Statü Başarılı Olarak Güncellendi içeriyor mu

2021-10-21 14:11:31 - [MESSAGE][PASSED] - Popup mesajı Statü Başarılı Olarak Güncellendi içeriyor mu

2021-10-21 14:11:31 - [TEST_STEP][PASSED] - Yönetim popupında Tamam seçilir: Yönetim popupında Tamam seçilir

2021-10-21 14:11:31 - [MESSAGE][PASSED] - Yönetim popupında Tamam seçilir

2021-10-21 14:11:31 - [TEST_STEP][PASSED] - Kullanıcı işlemlerinden Çıkış seçilir: Kullanıcı işlemlerinden Çıkış seçilir

2021-10-21 14:11:31 - [MESSAGE][PASSED] - Kullanıcı işlemlerinden Çıkış seçilir

2021-10-21 14:11:31 - [MESSAGE][PASSED] - Feature file: 'Include/features/e-Makbuz/e-Mustahsil Uygulamasi/e-Mustahsil Makbuzlari/Statu Ata.feature' was passed

2021-10-21 14:11:31 - [TEST_STEP][PASSED] - Start listener action : sampleAfterTestSuite: Invoke 'com.kms.katalon.core.annotation.AfterTestCase' method: 'Listener.sampleAfterTestSuite(...)' completed.

2021-10-21 14:11:31 - [MESSAGE][INFO] - Starting invoke 'com.kms.katalon.core.annotation.AfterTestCase' method: 'Listener.sampleAfterTestSuite(...)'

2021-10-21 14:11:31 - [TEST_STEP][PASSED] - closeBrowser(): Invoke 'com.kms.katalon.core.annotation.AfterTestCase' method: 'Listener.sampleAfterTestSuite(...)' completed.

2021-10-21 14:11:31 - [MESSAGE][INFO] - Closing browser

2021-10-21 14:11:31 - [MESSAGE][PASSED] - Browser is closed

2021-10-21 14:11:31 - [MESSAGE][INFO] - Invoke 'com.kms.katalon.core.annotation.AfterTestCase' method: 'Listener.sampleAfterTestSuite(...)' completed.]]></system-out>
         <system-err><![CDATA[]]></system-err>
      </testcase>
      <testcase name="Test Cases/Case Repository/e-Makbuz/e-Mustahsil Uygulamasi/e-Mustahsil Makbuzlari/UBL" time="31.037" classname="Test Cases/Case Repository/e-Makbuz/e-Mustahsil Uygulamasi/e-Mustahsil Makbuzlari/UBL" status="PASSED">
         <system-out><![CDATA[2021-10-21 14:11:31 - [TEST_CASE][PASSED] - Test Cases/Case Repository/e-Makbuz/e-Mustahsil Uygulamasi/e-Mustahsil Makbuzlari/UBL: Test Cases/Case Repository/e-Makbuz/e-Mustahsil Uygulamasi/e-Mustahsil Makbuzlari/UBL

2021-10-21 14:11:31 - [TEST_STEP][PASSED] - Start listener action : sampleBeforeTestSuite: Invoke 'com.kms.katalon.core.annotation.BeforeTestCase' method: 'Listener.sampleBeforeTestSuite(...)' completed.

2021-10-21 14:11:31 - [MESSAGE][INFO] - Starting invoke 'com.kms.katalon.core.annotation.BeforeTestCase' method: 'Listener.sampleBeforeTestSuite(...)'

2021-10-21 14:11:31 - [TEST_STEP][PASSED] - openBrowser(baseUrl): Browser is opened with url: 'https://efatura-stage.elogo.com.tr/'

2021-10-21 14:11:31 - [MESSAGE][INFO] - Opening browser

2021-10-21 14:11:31 - [MESSAGE][INFO] - Starting 'Chrome' driver

2021-10-21 14:11:31 - [MESSAGE][INFO] - User set preference: ['prefs', '{download.default_directory=C:\otomasyondownfiles}']

2021-10-21 14:11:31 - [MESSAGE][INFO] - Action delay is set to 0 milliseconds

2021-10-21 14:11:33 - [MESSAGE][INFO] - Navigating browser to: 'https://efatura-stage.elogo.com.tr/'

2021-10-21 14:11:35 - [MESSAGE][PASSED] - Browser is opened with url: 'https://efatura-stage.elogo.com.tr/'

2021-10-21 14:11:35 - [TEST_STEP][PASSED] - maximizeWindow(): Invoke 'com.kms.katalon.core.annotation.BeforeTestCase' method: 'Listener.sampleBeforeTestSuite(...)' completed.

2021-10-21 14:11:35 - [MESSAGE][INFO] - Maximizing current window

2021-10-21 14:11:36 - [MESSAGE][PASSED] - Current window maximized

2021-10-21 14:11:36 - [MESSAGE][INFO] - Invoke 'com.kms.katalon.core.annotation.BeforeTestCase' method: 'Listener.sampleBeforeTestSuite(...)' completed.

2021-10-21 14:11:36 - [TEST_STEP][PASSED] - runFeatureFile("Include/features/e-Makbuz/e-Mustahsil Uygulamasi/e-Mustahsil Makbuzlari/UBL.feature"): Feature file: 'Include/features/e-Makbuz/e-Mustahsil Uygulamasi/e-Mustahsil Makbuzlari/UBL.feature' was passed

2021-10-21 14:11:36 - [MESSAGE][INFO] - Starting run keyword runFeatureFile: 'Include/features/e-Makbuz/e-Mustahsil Uygulamasi/e-Mustahsil Makbuzlari/UBL.feature' and extract report to folder: 'C:\Users\DELL\Downloads\EES_Katalon-main\Reports\20211021_140437\Suite Repository\e-Makbuz\20211021_140511/cucumber_report/1634814696727'...

2021-10-21 14:11:36 - [MESSAGE][INFO] - Glue: []

2021-10-21 14:11:38 - [MESSAGE][INFO] - Checking called Test Case

2021-10-21 14:11:38 - [MESSAGE][INFO] - Starting to call Test Case 'Test Cases/Sayfalar/Giris_Sayfasi/Login'

2021-10-21 14:11:38 - [TEST_CASE][PASSED] - Test Cases/Sayfalar/Giris_Sayfasi/Login: Test Cases/Sayfalar/Giris_Sayfasi/Login

2021-10-21 14:11:38 - [TEST_STEP][PASSED] - Sayfa_Basligi = getWindowTitle(): Current window's title is: 'LOGO e-Fatura'

2021-10-21 14:11:38 - [MESSAGE][INFO] - Getting current window's title

2021-10-21 14:11:38 - [MESSAGE][PASSED] - Current window's title is: 'LOGO e-Fatura'

2021-10-21 14:11:38 - [TEST_STEP][PASSED] - verifyMatch(Sayfa_Basligi, "LOGO e-Fatura", false): Actual text 'LOGO e-Fatura' and expected text 'LOGO e-Fatura' are matched 

2021-10-21 14:11:38 - [MESSAGE][INFO] - Matching actual text 'LOGO e-Fatura' with expected text 'LOGO e-Fatura'

2021-10-21 14:11:38 - [MESSAGE][PASSED] - Actual text 'LOGO e-Fatura' and expected text 'LOGO e-Fatura' are matched 

2021-10-21 14:11:38 - [TEST_STEP][PASSED] - sendKeys(findTestObject("Sayfalar/Giris_Sayfasi/Firma_Kodu"), KullaniciAdi): Keys 'ELOGO6' sent to object: 'Object Repository/Sayfalar/Giris_Sayfasi/Firma_Kodu'

2021-10-21 14:11:38 - [MESSAGE][INFO] - Finding Test Object 'Object Repository/Sayfalar/Giris_Sayfasi/Firma_Kodu'

2021-10-21 14:11:38 - [MESSAGE][INFO] - Sending keys 'ELOGO6' to object: 'Object Repository/Sayfalar/Giris_Sayfasi/Firma_Kodu'

2021-10-21 14:11:38 - [MESSAGE][INFO] - Finding web element from Test Object's properties

2021-10-21 14:11:38 - [MESSAGE][INFO] - Checking timeout

2021-10-21 14:11:38 - [MESSAGE][INFO] - Finding web element with id: 'Object Repository/Sayfalar/Giris_Sayfasi/Firma_Kodu' located by 'By.xpath: //*[@id = 'AccountName']' in '30' second(s)

2021-10-21 14:11:38 - [MESSAGE][INFO] - Smart Wait Function is triggered

2021-10-21 14:11:38 - [MESSAGE][INFO] - Found 1 web elements with id: 'Object Repository/Sayfalar/Giris_Sayfasi/Firma_Kodu' located by 'By.xpath: //*[@id = 'AccountName']' in '30' second(s)

2021-10-21 14:11:38 - [MESSAGE][PASSED] - Keys 'ELOGO6' sent to object: 'Object Repository/Sayfalar/Giris_Sayfasi/Firma_Kodu'

2021-10-21 14:11:38 - [TEST_STEP][PASSED] - sendKeys(findTestObject("Sayfalar/Giris_Sayfasi/Sifre"), Sifre): Keys '123456' sent to object: 'Object Repository/Sayfalar/Giris_Sayfasi/Sifre'

2021-10-21 14:11:38 - [MESSAGE][INFO] - Finding Test Object 'Object Repository/Sayfalar/Giris_Sayfasi/Sifre'

2021-10-21 14:11:38 - [MESSAGE][INFO] - Sending keys '123456' to object: 'Object Repository/Sayfalar/Giris_Sayfasi/Sifre'

2021-10-21 14:11:38 - [MESSAGE][INFO] - Finding web element from Test Object's properties

2021-10-21 14:11:38 - [MESSAGE][INFO] - Checking timeout

2021-10-21 14:11:38 - [MESSAGE][INFO] - Finding web element with id: 'Object Repository/Sayfalar/Giris_Sayfasi/Sifre' located by 'By.xpath: //*[@id = 'Password']' in '30' second(s)

2021-10-21 14:11:38 - [MESSAGE][INFO] - Smart Wait Function is triggered

2021-10-21 14:11:39 - [MESSAGE][INFO] - Found 1 web elements with id: 'Object Repository/Sayfalar/Giris_Sayfasi/Sifre' located by 'By.xpath: //*[@id = 'Password']' in '30' second(s)

2021-10-21 14:11:39 - [MESSAGE][PASSED] - Keys '123456' sent to object: 'Object Repository/Sayfalar/Giris_Sayfasi/Sifre'

2021-10-21 14:11:39 - [TEST_STEP][PASSED] - findWebElement(findTestObject("Sayfalar/Giris_Sayfasi/Giris_Butonu")).click(): Found 1 web elements with id: 'Object Repository/Sayfalar/Giris_Sayfasi/Giris_Butonu' located by 'By.cssSelector: #btnLogin' in '30' second(s)

2021-10-21 14:11:39 - [MESSAGE][INFO] - Finding Test Object 'Object Repository/Sayfalar/Giris_Sayfasi/Giris_Butonu'

2021-10-21 14:11:39 - [MESSAGE][INFO] - Finding web element from Test Object's properties

2021-10-21 14:11:39 - [MESSAGE][INFO] - Checking timeout

2021-10-21 14:11:39 - [MESSAGE][INFO] - Finding web element with id: 'Object Repository/Sayfalar/Giris_Sayfasi/Giris_Butonu' located by 'By.cssSelector: #btnLogin' in '30' second(s)

2021-10-21 14:11:39 - [MESSAGE][INFO] - Smart Wait Function is triggered

2021-10-21 14:11:39 - [MESSAGE][INFO] - Found 1 web elements with id: 'Object Repository/Sayfalar/Giris_Sayfasi/Giris_Butonu' located by 'By.cssSelector: #btnLogin' in '30' second(s)

2021-10-21 14:11:42 - [TEST_STEP][PASSED] - if (verifyElementPresent(findTestObject("Object Repository/Sayfalar/Giris_Sayfasi/RetveTamam_Butonu"), 5, OPTIONAL)): null

2021-10-21 14:11:42 - [MESSAGE][INFO] - Finding Test Object 'Object Repository/Sayfalar/Giris_Sayfasi/RetveTamam_Butonu'

2021-10-21 14:11:42 - [MESSAGE][INFO] - Checking object

2021-10-21 14:11:42 - [MESSAGE][INFO] - Finding web element from Test Object's properties

2021-10-21 14:11:42 - [MESSAGE][INFO] - Checking timeout

2021-10-21 14:11:42 - [MESSAGE][INFO] - Finding web element with id: 'Object Repository/Sayfalar/Giris_Sayfasi/RetveTamam_Butonu' located by 'By.xpath: //*[@class = 'btn btn-default']' in '5' second(s)

2021-10-21 14:11:42 - [MESSAGE][INFO] - Smart Wait Function is triggered

2021-10-21 14:11:43 - [MESSAGE][INFO] - Found 1 web elements with id: 'Object Repository/Sayfalar/Giris_Sayfasi/RetveTamam_Butonu' located by 'By.xpath: //*[@class = 'btn btn-default']' in '5' second(s)

2021-10-21 14:11:43 - [MESSAGE][PASSED] - Object 'Object Repository/Sayfalar/Giris_Sayfasi/RetveTamam_Butonu' is present

2021-10-21 14:11:43 - [TEST_STEP][PASSED] - click(findTestObject("Object Repository/Sayfalar/Giris_Sayfasi/RetveTamam_Butonu")): Object: 'Object Repository/Sayfalar/Giris_Sayfasi/RetveTamam_Butonu' is clicked on

2021-10-21 14:11:43 - [MESSAGE][INFO] - Finding Test Object 'Object Repository/Sayfalar/Giris_Sayfasi/RetveTamam_Butonu'

2021-10-21 14:11:43 - [MESSAGE][INFO] - Checking object

2021-10-21 14:11:43 - [MESSAGE][INFO] - Finding web element from Test Object's properties

2021-10-21 14:11:43 - [MESSAGE][INFO] - Checking timeout

2021-10-21 14:11:43 - [MESSAGE][INFO] - Finding web element with id: 'Object Repository/Sayfalar/Giris_Sayfasi/RetveTamam_Butonu' located by 'By.xpath: //*[@class = 'btn btn-default']' in '30' second(s)

2021-10-21 14:11:43 - [MESSAGE][INFO] - Smart Wait Function is triggered

2021-10-21 14:11:43 - [MESSAGE][INFO] - Found 1 web elements with id: 'Object Repository/Sayfalar/Giris_Sayfasi/RetveTamam_Butonu' located by 'By.xpath: //*[@class = 'btn btn-default']' in '30' second(s)

2021-10-21 14:11:43 - [MESSAGE][INFO] - Clicking on object: 'Object Repository/Sayfalar/Giris_Sayfasi/RetveTamam_Butonu'

2021-10-21 14:11:43 - [MESSAGE][PASSED] - Object: 'Object Repository/Sayfalar/Giris_Sayfasi/RetveTamam_Butonu' is clicked on

2021-10-21 14:11:43 - [TEST_STEP][PASSED] - click(findTestObject("Object Repository/Sayfalar/Giris_Sayfasi/RetveTamam_Butonu")): Object: 'Object Repository/Sayfalar/Giris_Sayfasi/RetveTamam_Butonu' is clicked on

2021-10-21 14:11:43 - [MESSAGE][INFO] - Finding Test Object 'Object Repository/Sayfalar/Giris_Sayfasi/RetveTamam_Butonu'

2021-10-21 14:11:43 - [MESSAGE][INFO] - Checking object

2021-10-21 14:11:43 - [MESSAGE][INFO] - Finding web element from Test Object's properties

2021-10-21 14:11:43 - [MESSAGE][INFO] - Checking timeout

2021-10-21 14:11:43 - [MESSAGE][INFO] - Finding web element with id: 'Object Repository/Sayfalar/Giris_Sayfasi/RetveTamam_Butonu' located by 'By.xpath: //*[@class = 'btn btn-default']' in '30' second(s)

2021-10-21 14:11:43 - [MESSAGE][INFO] - Smart Wait Function is triggered

2021-10-21 14:11:45 - [MESSAGE][INFO] - Found 1 web elements with id: 'Object Repository/Sayfalar/Giris_Sayfasi/RetveTamam_Butonu' located by 'By.xpath: //*[@class = 'btn btn-default']' in '30' second(s)

2021-10-21 14:11:45 - [MESSAGE][INFO] - Clicking on object: 'Object Repository/Sayfalar/Giris_Sayfasi/RetveTamam_Butonu'

2021-10-21 14:11:45 - [MESSAGE][PASSED] - Object: 'Object Repository/Sayfalar/Giris_Sayfasi/RetveTamam_Butonu' is clicked on

2021-10-21 14:11:45 - [TEST_STEP][PASSED] - if (verifyElementPresent(findTestObject("Sayfalar/Giris_Sayfasi/PopupOK"), 5, OPTIONAL)): null

2021-10-21 14:11:45 - [MESSAGE][INFO] - Finding Test Object 'Object Repository/Sayfalar/Giris_Sayfasi/PopupOK'

2021-10-21 14:11:45 - [MESSAGE][INFO] - Checking object

2021-10-21 14:11:45 - [MESSAGE][INFO] - Finding web element from Test Object's properties

2021-10-21 14:11:45 - [MESSAGE][INFO] - Checking timeout

2021-10-21 14:11:45 - [MESSAGE][INFO] - Finding web element with id: 'Object Repository/Sayfalar/Giris_Sayfasi/PopupOK' located by 'By.cssSelector: .btn.btn-success' in '5' second(s)

2021-10-21 14:11:45 - [MESSAGE][INFO] - Smart Wait Function is triggered

2021-10-21 14:11:46 - [MESSAGE][INFO] - Found 1 web elements with id: 'Object Repository/Sayfalar/Giris_Sayfasi/PopupOK' located by 'By.cssSelector: .btn.btn-success' in '5' second(s)

2021-10-21 14:11:46 - [MESSAGE][PASSED] - Object 'Object Repository/Sayfalar/Giris_Sayfasi/PopupOK' is present

2021-10-21 14:11:46 - [TEST_STEP][PASSED] - click(findTestObject("Object Repository/Sayfalar/Giris_Sayfasi/PopupCarpiGiris")): Object: 'Object Repository/Sayfalar/Giris_Sayfasi/PopupCarpiGiris' is clicked on

2021-10-21 14:11:46 - [MESSAGE][INFO] - Finding Test Object 'Object Repository/Sayfalar/Giris_Sayfasi/PopupCarpiGiris'

2021-10-21 14:11:46 - [MESSAGE][INFO] - Checking object

2021-10-21 14:11:46 - [MESSAGE][INFO] - Finding web element from Test Object's properties

2021-10-21 14:11:46 - [MESSAGE][INFO] - Checking timeout

2021-10-21 14:11:46 - [MESSAGE][INFO] - Finding web element with id: 'Object Repository/Sayfalar/Giris_Sayfasi/PopupCarpiGiris' located by 'By.cssSelector: .bootbox-close-button.close' in '30' second(s)

2021-10-21 14:11:46 - [MESSAGE][INFO] - Smart Wait Function is triggered

2021-10-21 14:11:46 - [MESSAGE][INFO] - Found 1 web elements with id: 'Object Repository/Sayfalar/Giris_Sayfasi/PopupCarpiGiris' located by 'By.cssSelector: .bootbox-close-button.close' in '30' second(s)

2021-10-21 14:11:46 - [MESSAGE][INFO] - Clicking on object: 'Object Repository/Sayfalar/Giris_Sayfasi/PopupCarpiGiris'

2021-10-21 14:11:46 - [MESSAGE][PASSED] - Object: 'Object Repository/Sayfalar/Giris_Sayfasi/PopupCarpiGiris' is clicked on

2021-10-21 14:11:46 - [TEST_STEP][PASSED] - verifyElementVisible(findTestObject("Object Repository/Kullanici_Islemleri/KullaniciIslemleri")): Object 'Object Repository/Kullanici_Islemleri/KullaniciIslemleri' is visible

2021-10-21 14:11:46 - [MESSAGE][INFO] - Finding Test Object 'Object Repository/Kullanici_Islemleri/KullaniciIslemleri'

2021-10-21 14:11:46 - [MESSAGE][INFO] - Checking object

2021-10-21 14:11:46 - [MESSAGE][INFO] - Finding web element from Test Object's properties

2021-10-21 14:11:46 - [MESSAGE][INFO] - Checking timeout

2021-10-21 14:11:46 - [MESSAGE][INFO] - Finding web element with id: 'Object Repository/Kullanici_Islemleri/KullaniciIslemleri' located by 'By.cssSelector: .dropdown>a>img' in '30' second(s)

2021-10-21 14:11:46 - [MESSAGE][INFO] - Smart Wait Function is triggered

2021-10-21 14:11:47 - [MESSAGE][INFO] - Found 1 web elements with id: 'Object Repository/Kullanici_Islemleri/KullaniciIslemleri' located by 'By.cssSelector: .dropdown>a>img' in '30' second(s)

2021-10-21 14:11:47 - [MESSAGE][PASSED] - Object 'Object Repository/Kullanici_Islemleri/KullaniciIslemleri' is visible

2021-10-21 14:11:47 - [MESSAGE][PASSED] - Call Test Case 'Test Cases/Sayfalar/Giris_Sayfasi/Login' successfully

2021-10-21 14:11:47 - [MESSAGE][INFO] - Checking called Test Case

2021-10-21 14:11:47 - [MESSAGE][INFO] - Starting to call Test Case 'Test Cases/Menu/AnaMenuSecimi'

2021-10-21 14:11:47 - [TEST_CASE][PASSED] - Test Cases/Menu/AnaMenuSecimi: Test Cases/Menu/AnaMenuSecimi

2021-10-21 14:11:47 - [TEST_STEP][PASSED] - Method.TextDegerineEsitElementeTikla(findTestObject("Menu/Ana_Menu"), Ana_Menu): Method.TextDegerineEsitElementeTikla is PASSED

2021-10-21 14:11:47 - [MESSAGE][INFO] - Finding Test Object 'Object Repository/Menu/Ana_Menu'

2021-10-21 14:11:47 - [MESSAGE][INFO] - Checking timeout

2021-10-21 14:11:47 - [MESSAGE][INFO] - Finding web element with id: 'Object Repository/Menu/Ana_Menu' located by 'By.xpath: //*[@class = 'dropdown-toggle']' in '10' second(s)

2021-10-21 14:11:47 - [MESSAGE][INFO] - Smart Wait Function is triggered

2021-10-21 14:11:47 - [MESSAGE][INFO] - Found 14 web elements with id: 'Object Repository/Menu/Ana_Menu' located by 'By.xpath: //*[@class = 'dropdown-toggle']' in '10' second(s)

2021-10-21 14:11:48 - [MESSAGE][PASSED] - Method.TextDegerineEsitElementeTikla is PASSED

2021-10-21 14:11:48 - [MESSAGE][PASSED] - Call Test Case 'Test Cases/Menu/AnaMenuSecimi' successfully

2021-10-21 14:11:48 - [MESSAGE][INFO] - Checking called Test Case

2021-10-21 14:11:48 - [MESSAGE][INFO] - Starting to call Test Case 'Test Cases/Menu/BasligaGoreAltMenuSecimi'

2021-10-21 14:11:48 - [TEST_CASE][PASSED] - Test Cases/Menu/BasligaGoreAltMenuSecimi: Test Cases/Menu/BasligaGoreAltMenuSecimi

2021-10-21 14:11:48 - [TEST_STEP][PASSED] - Method.TextDegerineEsitElementinAltindakiTextDegerineEsitOlanaTikla(findTestObject("Menu/Menu_Basligi"), findTestObject("Menu/Basliga_Gore_Alt_Menu"), Baslik, Alt_Menu): Method.TextDegerineEsitElementinAltindakiTextDegerineEsitOlanaTikla is PASSED

2021-10-21 14:11:48 - [MESSAGE][INFO] - Finding Test Object 'Object Repository/Menu/Menu_Basligi'

2021-10-21 14:11:48 - [MESSAGE][INFO] - Finding Test Object 'Object Repository/Menu/Basliga_Gore_Alt_Menu'

2021-10-21 14:11:48 - [MESSAGE][INFO] - Checking timeout

2021-10-21 14:11:48 - [MESSAGE][INFO] - Finding web element with id: 'Object Repository/Menu/Menu_Basligi' located by 'By.xpath: //li[@class='dropdown dropdown-large open']//li[@class='dropdown-header']' in '10' second(s)

2021-10-21 14:11:48 - [MESSAGE][INFO] - Smart Wait Function is triggered

2021-10-21 14:11:48 - [MESSAGE][INFO] - Found 2 web elements with id: 'Object Repository/Menu/Menu_Basligi' located by 'By.xpath: //li[@class='dropdown dropdown-large open']//li[@class='dropdown-header']' in '10' second(s)

2021-10-21 14:11:48 - [MESSAGE][INFO] - Smart Wait Function is triggered

2021-10-21 14:11:50 - [MESSAGE][PASSED] - Method.TextDegerineEsitElementinAltindakiTextDegerineEsitOlanaTikla is PASSED

2021-10-21 14:11:50 - [MESSAGE][PASSED] - Call Test Case 'Test Cases/Menu/BasligaGoreAltMenuSecimi' successfully

2021-10-21 14:11:50 - [MESSAGE][INFO] - Checking called Test Case

2021-10-21 14:11:50 - [MESSAGE][INFO] - Starting to call Test Case 'Test Cases/Filtreler/BaslangicYaz'

2021-10-21 14:11:50 - [TEST_CASE][PASSED] - Test Cases/Filtreler/BaslangicYaz: Test Cases/Filtreler/BaslangicYaz

2021-10-21 14:11:50 - [TEST_STEP][PASSED] - Method.TextDegerineEsitElementinAltindakineTikla(findTestObject("Filtreler/Basliklar"), findTestObject("Filtreler/Basliga_Gore_Baslangic_Image"), Filtre_Adi): Method.TextDegerineEsitElementinAltindakineTikla is PASSED

2021-10-21 14:11:50 - [MESSAGE][INFO] - Finding Test Object 'Object Repository/Filtreler/Basliklar'

2021-10-21 14:11:50 - [MESSAGE][INFO] - Finding Test Object 'Object Repository/Filtreler/Basliga_Gore_Baslangic_Image'

2021-10-21 14:11:51 - [MESSAGE][INFO] - Checking timeout

2021-10-21 14:11:51 - [MESSAGE][INFO] - Finding web element with id: 'Object Repository/Filtreler/Basliklar' located by 'By.cssSelector: .control-label.col-sm-4.paddingMarginRLC' in '10' second(s)

2021-10-21 14:11:51 - [MESSAGE][INFO] - Smart Wait Function is triggered

2021-10-21 14:11:51 - [MESSAGE][INFO] - Found 14 web elements with id: 'Object Repository/Filtreler/Basliklar' located by 'By.cssSelector: .control-label.col-sm-4.paddingMarginRLC' in '10' second(s)

2021-10-21 14:11:51 - [MESSAGE][INFO] - Smart Wait Function is triggered

2021-10-21 14:11:51 - [MESSAGE][PASSED] - Method.TextDegerineEsitElementinAltindakineTikla is PASSED

2021-10-21 14:11:51 - [TEST_STEP][PASSED] - Method.TextDegerineEsitElementinAltindakiTextboxtaYaz(findTestObject("Filtreler/Basliklar"), findTestObject("Filtreler/Basliga_Gore_Baslangic"), Filtre_Adi, Filtre_Degeri): Method.TextDegerineEsitElementinAltindakiTextboxtaYaz is PASSED

2021-10-21 14:11:51 - [MESSAGE][INFO] - Finding Test Object 'Object Repository/Filtreler/Basliklar'

2021-10-21 14:11:51 - [MESSAGE][INFO] - Finding Test Object 'Object Repository/Filtreler/Basliga_Gore_Baslangic'

2021-10-21 14:11:51 - [MESSAGE][INFO] - Checking timeout

2021-10-21 14:11:51 - [MESSAGE][INFO] - Finding web element with id: 'Object Repository/Filtreler/Basliklar' located by 'By.cssSelector: .control-label.col-sm-4.paddingMarginRLC' in '10' second(s)

2021-10-21 14:11:51 - [MESSAGE][INFO] - Smart Wait Function is triggered

2021-10-21 14:11:52 - [MESSAGE][INFO] - Found 14 web elements with id: 'Object Repository/Filtreler/Basliklar' located by 'By.cssSelector: .control-label.col-sm-4.paddingMarginRLC' in '10' second(s)

2021-10-21 14:11:52 - [MESSAGE][INFO] - Smart Wait Function is triggered

2021-10-21 14:11:52 - [MESSAGE][PASSED] - Method.TextDegerineEsitElementinAltindakiTextboxtaYaz is PASSED

2021-10-21 14:11:52 - [MESSAGE][PASSED] - Call Test Case 'Test Cases/Filtreler/BaslangicYaz' successfully

2021-10-21 14:11:52 - [MESSAGE][INFO] - Checking called Test Case

2021-10-21 14:11:52 - [MESSAGE][INFO] - Starting to call Test Case 'Test Cases/Filtreler/BitisYaz'

2021-10-21 14:11:52 - [TEST_CASE][PASSED] - Test Cases/Filtreler/BitisYaz: Test Cases/Filtreler/BitisYaz

2021-10-21 14:11:52 - [TEST_STEP][PASSED] - Method.TextDegerineEsitElementinAltindakineTikla(findTestObject("Filtreler/Basliklar"), findTestObject("Filtreler/Basliga_Gore_Bitis_Image"), Filtre_Adi): Method.TextDegerineEsitElementinAltindakineTikla is PASSED

2021-10-21 14:11:52 - [MESSAGE][INFO] - Finding Test Object 'Object Repository/Filtreler/Basliklar'

2021-10-21 14:11:52 - [MESSAGE][INFO] - Finding Test Object 'Object Repository/Filtreler/Basliga_Gore_Bitis_Image'

2021-10-21 14:11:52 - [MESSAGE][INFO] - Checking timeout

2021-10-21 14:11:52 - [MESSAGE][INFO] - Finding web element with id: 'Object Repository/Filtreler/Basliklar' located by 'By.cssSelector: .control-label.col-sm-4.paddingMarginRLC' in '10' second(s)

2021-10-21 14:11:52 - [MESSAGE][INFO] - Smart Wait Function is triggered

2021-10-21 14:11:53 - [MESSAGE][INFO] - Found 14 web elements with id: 'Object Repository/Filtreler/Basliklar' located by 'By.cssSelector: .control-label.col-sm-4.paddingMarginRLC' in '10' second(s)

2021-10-21 14:11:53 - [MESSAGE][INFO] - Smart Wait Function is triggered

2021-10-21 14:11:53 - [MESSAGE][PASSED] - Method.TextDegerineEsitElementinAltindakineTikla is PASSED

2021-10-21 14:11:53 - [TEST_STEP][PASSED] - Method.TextDegerineEsitElementinAltindakiTextboxtaYaz(findTestObject("Filtreler/Basliklar"), findTestObject("Object Repository/Filtreler/Basliga_Gore_Bitis"), Filtre_Adi, Filtre_Degeri): Method.TextDegerineEsitElementinAltindakiTextboxtaYaz is PASSED

2021-10-21 14:11:53 - [MESSAGE][INFO] - Finding Test Object 'Object Repository/Filtreler/Basliklar'

2021-10-21 14:11:53 - [MESSAGE][INFO] - Finding Test Object 'Object Repository/Filtreler/Basliga_Gore_Bitis'

2021-10-21 14:11:53 - [MESSAGE][INFO] - Checking timeout

2021-10-21 14:11:53 - [MESSAGE][INFO] - Finding web element with id: 'Object Repository/Filtreler/Basliklar' located by 'By.cssSelector: .control-label.col-sm-4.paddingMarginRLC' in '10' second(s)

2021-10-21 14:11:53 - [MESSAGE][INFO] - Smart Wait Function is triggered

2021-10-21 14:11:53 - [MESSAGE][INFO] - Found 14 web elements with id: 'Object Repository/Filtreler/Basliklar' located by 'By.cssSelector: .control-label.col-sm-4.paddingMarginRLC' in '10' second(s)

2021-10-21 14:11:53 - [MESSAGE][INFO] - Smart Wait Function is triggered

2021-10-21 14:11:54 - [MESSAGE][PASSED] - Method.TextDegerineEsitElementinAltindakiTextboxtaYaz is PASSED

2021-10-21 14:11:54 - [MESSAGE][PASSED] - Call Test Case 'Test Cases/Filtreler/BitisYaz' successfully

2021-10-21 14:11:54 - [MESSAGE][INFO] - Checking called Test Case

2021-10-21 14:11:54 - [MESSAGE][INFO] - Starting to call Test Case 'Test Cases/Filtreler/ButonaTikla'

2021-10-21 14:11:54 - [TEST_CASE][PASSED] - Test Cases/Filtreler/ButonaTikla: Test Cases/Filtreler/ButonaTikla

2021-10-21 14:11:54 - [TEST_STEP][PASSED] - Method.TextDegerineEsitElementeTikla(findTestObject("Filtreler/Butonlar"), Filtre_Buton): Method.TextDegerineEsitElementeTikla is PASSED

2021-10-21 14:11:54 - [MESSAGE][INFO] - Finding Test Object 'Object Repository/Filtreler/Butonlar'

2021-10-21 14:11:54 - [MESSAGE][INFO] - Checking timeout

2021-10-21 14:11:54 - [MESSAGE][INFO] - Finding web element with id: 'Object Repository/Filtreler/Butonlar' located by 'By.cssSelector: .dxb>span' in '10' second(s)

2021-10-21 14:11:54 - [MESSAGE][INFO] - Smart Wait Function is triggered

2021-10-21 14:11:54 - [MESSAGE][INFO] - Found 3 web elements with id: 'Object Repository/Filtreler/Butonlar' located by 'By.cssSelector: .dxb>span' in '10' second(s)

2021-10-21 14:11:54 - [MESSAGE][PASSED] - Method.TextDegerineEsitElementeTikla is PASSED

2021-10-21 14:11:55 - [MESSAGE][PASSED] - Call Test Case 'Test Cases/Filtreler/ButonaTikla' successfully

2021-10-21 14:11:55 - [MESSAGE][INFO] - Checking called Test Case

2021-10-21 14:11:55 - [MESSAGE][INFO] - Starting to call Test Case 'Test Cases/Tablo/TablodaVeriVarMi'

2021-10-21 14:11:55 - [TEST_CASE][PASSED] - Test Cases/Tablo/TablodaVeriVarMi: Test Cases/Tablo/TablodaVeriVarMi

2021-10-21 14:11:55 - [TEST_STEP][PASSED] - verifyTextNotPresent("Görüntülenecek veri yok", true): Text 'Görüntülenecek veri yok' is not present on page using regular expression

2021-10-21 14:11:55 - [MESSAGE][INFO] - Checking text present  using regular expression

2021-10-21 14:11:55 - [MESSAGE][INFO] - Smart Wait Function is triggered

2021-10-21 14:11:55 - [MESSAGE][INFO] - Finding text 'Görüntülenecek veri yok' on page  using regular expression

2021-10-21 14:11:55 - [MESSAGE][PASSED] - Text 'Görüntülenecek veri yok' is not present on page using regular expression

2021-10-21 14:11:55 - [MESSAGE][PASSED] - Call Test Case 'Test Cases/Tablo/TablodaVeriVarMi' successfully

2021-10-21 14:11:55 - [MESSAGE][INFO] - Checking called Test Case

2021-10-21 14:11:55 - [MESSAGE][INFO] - Starting to call Test Case 'Test Cases/Tablo/TablodanVeriSec'

2021-10-21 14:11:55 - [TEST_CASE][PASSED] - Test Cases/Tablo/TablodanVeriSec: Test Cases/Tablo/TablodanVeriSec

2021-10-21 14:11:55 - [TEST_STEP][PASSED] - Method.TextDegerineEsitElementinAltindakineTikla(findTestObject("Tablo/Veriler"), findTestObject("Tablo/VerininCheckBoxi"), Veri_Adi): Method.TextDegerineEsitElementinAltindakineTikla is PASSED

2021-10-21 14:11:55 - [MESSAGE][INFO] - Finding Test Object 'Object Repository/Tablo/Veriler'

2021-10-21 14:11:56 - [MESSAGE][INFO] - Finding Test Object 'Object Repository/Tablo/VerininCheckBoxi'

2021-10-21 14:11:56 - [MESSAGE][INFO] - Checking timeout

2021-10-21 14:11:56 - [MESSAGE][INFO] - Finding web element with id: 'Object Repository/Tablo/Veriler' located by 'By.cssSelector: td.dxgv b ,td.dxgv' in '10' second(s)

2021-10-21 14:11:56 - [MESSAGE][INFO] - Smart Wait Function is triggered

2021-10-21 14:11:56 - [MESSAGE][INFO] - Found 13 web elements with id: 'Object Repository/Tablo/Veriler' located by 'By.cssSelector: td.dxgv b ,td.dxgv' in '10' second(s)

2021-10-21 14:11:56 - [MESSAGE][INFO] - Smart Wait Function is triggered

2021-10-21 14:11:56 - [MESSAGE][PASSED] - Method.TextDegerineEsitElementinAltindakineTikla is PASSED

2021-10-21 14:11:56 - [MESSAGE][PASSED] - Call Test Case 'Test Cases/Tablo/TablodanVeriSec' successfully

2021-10-21 14:11:56 - [MESSAGE][INFO] - Checking called Test Case

2021-10-21 14:11:56 - [MESSAGE][INFO] - Starting to call Test Case 'Test Cases/Butonlar/ButonaTikla'

2021-10-21 14:11:56 - [TEST_CASE][PASSED] - Test Cases/Butonlar/ButonaTikla: Test Cases/Butonlar/ButonaTikla

2021-10-21 14:11:56 - [TEST_STEP][PASSED] - Method.TextDegerineEsitElementeTiklaEquals(findTestObject("Butonlar/Butonlar"), Buton_Adi): Method.TextDegerineEsitElementeTiklaEquals is PASSED

2021-10-21 14:11:56 - [MESSAGE][INFO] - Finding Test Object 'Object Repository/Butonlar/Butonlar'

2021-10-21 14:11:57 - [MESSAGE][INFO] - Checking timeout

2021-10-21 14:11:57 - [MESSAGE][INFO] - Finding web element with id: 'Object Repository/Butonlar/Butonlar' located by 'By.cssSelector: .panel.panel-default.text-center.footerPanel .btn,.btn.btn-primary.btnControls' in '10' second(s)

2021-10-21 14:11:57 - [MESSAGE][INFO] - Smart Wait Function is triggered

2021-10-21 14:11:57 - [MESSAGE][INFO] - Found 13 web elements with id: 'Object Repository/Butonlar/Butonlar' located by 'By.cssSelector: .panel.panel-default.text-center.footerPanel .btn,.btn.btn-primary.btnControls' in '10' second(s)

2021-10-21 14:11:57 - [MESSAGE][PASSED] - Method.TextDegerineEsitElementeTiklaEquals is PASSED

2021-10-21 14:11:57 - [MESSAGE][PASSED] - Call Test Case 'Test Cases/Butonlar/ButonaTikla' successfully

2021-10-21 14:11:57 - [MESSAGE][INFO] - Checking called Test Case

2021-10-21 14:11:57 - [MESSAGE][INFO] - Starting to call Test Case 'Test Cases/Sekmeler/YeniSekmeyeGec'

2021-10-21 14:11:57 - [TEST_CASE][PASSED] - Test Cases/Sekmeler/YeniSekmeyeGec: Test Cases/Sekmeler/YeniSekmeyeGec

2021-10-21 14:11:57 - [TEST_STEP][PASSED] - switchToWindowIndex(1): Switched to window with index: '1'

2021-10-21 14:11:57 - [MESSAGE][INFO] - Checking index

2021-10-21 14:11:57 - [MESSAGE][INFO] - Switching window with index: '1'

2021-10-21 14:11:57 - [MESSAGE][PASSED] - Switched to window with index: '1'

2021-10-21 14:11:57 - [MESSAGE][PASSED] - Call Test Case 'Test Cases/Sekmeler/YeniSekmeyeGec' successfully

2021-10-21 14:11:57 - [MESSAGE][INFO] - Checking called Test Case

2021-10-21 14:11:57 - [MESSAGE][INFO] - Starting to call Test Case 'Test Cases/Sekmeler/TagGeldiMi'

2021-10-21 14:11:57 - [TEST_CASE][PASSED] - Test Cases/Sekmeler/TagGeldiMi: Test Cases/Sekmeler/TagGeldiMi

2021-10-21 14:11:58 - [TEST_STEP][PASSED] - waitForElementPresent(findTestObject("Object Repository/Sekmeler/UBLTag"), 10): Object 'Object Repository/Sekmeler/UBLTag' is present

2021-10-21 14:11:58 - [MESSAGE][INFO] - Finding Test Object 'Object Repository/Sekmeler/UBLTag'

2021-10-21 14:11:58 - [MESSAGE][INFO] - Checking object

2021-10-21 14:11:58 - [MESSAGE][INFO] - Finding web element from Test Object's properties

2021-10-21 14:11:58 - [MESSAGE][INFO] - Checking timeout

2021-10-21 14:11:58 - [MESSAGE][INFO] - Finding web element with id: 'Object Repository/Sekmeler/UBLTag' located by 'By.cssSelector: #webkit-xml-viewer-source-xml>:first-child' in '10' second(s)

2021-10-21 14:11:58 - [MESSAGE][INFO] - Smart Wait Function is triggered

2021-10-21 14:11:58 - [MESSAGE][INFO] - Found 1 web elements with id: 'Object Repository/Sekmeler/UBLTag' located by 'By.cssSelector: #webkit-xml-viewer-source-xml>:first-child' in '10' second(s)

2021-10-21 14:11:58 - [MESSAGE][PASSED] - Object 'Object Repository/Sekmeler/UBLTag' is present

2021-10-21 14:11:58 - [TEST_STEP][PASSED] - println(toLowerCase().toString()): Found 1 web elements with id: 'Object Repository/Sekmeler/UBLTag' located by 'By.cssSelector: #webkit-xml-viewer-source-xml>:first-child' in '10' second(s)

2021-10-21 14:11:58 - [MESSAGE][INFO] - Finding Test Object 'Object Repository/Sekmeler/UBLTag'

2021-10-21 14:11:58 - [MESSAGE][INFO] - Finding web element from Test Object's properties

2021-10-21 14:11:58 - [MESSAGE][INFO] - Checking timeout

2021-10-21 14:11:58 - [MESSAGE][INFO] - Finding web element with id: 'Object Repository/Sekmeler/UBLTag' located by 'By.cssSelector: #webkit-xml-viewer-source-xml>:first-child' in '10' second(s)

2021-10-21 14:11:58 - [MESSAGE][INFO] - Smart Wait Function is triggered

2021-10-21 14:11:58 - [MESSAGE][INFO] - Found 1 web elements with id: 'Object Repository/Sekmeler/UBLTag' located by 'By.cssSelector: #webkit-xml-viewer-source-xml>:first-child' in '10' second(s)

2021-10-21 14:11:58 - [TEST_STEP][PASSED] - if (!(toString().contains(toString().toLowerCase()))): Found 1 web elements with id: 'Object Repository/Sekmeler/UBLTag' located by 'By.cssSelector: #webkit-xml-viewer-source-xml>:first-child' in '10' second(s)

2021-10-21 14:11:58 - [MESSAGE][INFO] - Finding Test Object 'Object Repository/Sekmeler/UBLTag'

2021-10-21 14:11:58 - [MESSAGE][INFO] - Finding web element from Test Object's properties

2021-10-21 14:11:58 - [MESSAGE][INFO] - Checking timeout

2021-10-21 14:11:58 - [MESSAGE][INFO] - Finding web element with id: 'Object Repository/Sekmeler/UBLTag' located by 'By.cssSelector: #webkit-xml-viewer-source-xml>:first-child' in '10' second(s)

2021-10-21 14:11:58 - [MESSAGE][INFO] - Smart Wait Function is triggered

2021-10-21 14:11:58 - [MESSAGE][INFO] - Found 1 web elements with id: 'Object Repository/Sekmeler/UBLTag' located by 'By.cssSelector: #webkit-xml-viewer-source-xml>:first-child' in '10' second(s)

2021-10-21 14:11:58 - [MESSAGE][PASSED] - Call Test Case 'Test Cases/Sekmeler/TagGeldiMi' successfully

2021-10-21 14:11:58 - [MESSAGE][INFO] - Checking called Test Case

2021-10-21 14:11:58 - [MESSAGE][INFO] - Starting to call Test Case 'Test Cases/Sekmeler/Ana_Sekmeye_Gec'

2021-10-21 14:11:58 - [TEST_CASE][PASSED] - Test Cases/Sekmeler/Ana_Sekmeye_Gec: Test Cases/Sekmeler/Ana_Sekmeye_Gec

2021-10-21 14:11:58 - [TEST_STEP][PASSED] - try: Window with index 1 is closed

2021-10-21 14:11:58 - [TEST_STEP][PASSED] - index = getWindowIndex(): Current window's index is: 1

2021-10-21 14:11:58 - [MESSAGE][INFO] - Getting current window's index

2021-10-21 14:11:58 - [MESSAGE][PASSED] - Current window's index is: 1

2021-10-21 14:11:58 - [TEST_STEP][PASSED] - closeWindowIndex(index): Window with index 1 is closed

2021-10-21 14:11:58 - [MESSAGE][INFO] - Checking index

2021-10-21 14:11:58 - [MESSAGE][INFO] - Closing window with index 1

2021-10-21 14:11:59 - [MESSAGE][PASSED] - Window with index 1 is closed

2021-10-21 14:11:59 - [TEST_STEP][PASSED] - switchToWindowIndex(0): Switched to window with index: '0'

2021-10-21 14:11:59 - [MESSAGE][INFO] - Checking index

2021-10-21 14:11:59 - [MESSAGE][INFO] - Switching window with index: '0'

2021-10-21 14:11:59 - [MESSAGE][PASSED] - Switched to window with index: '0'

2021-10-21 14:11:59 - [MESSAGE][PASSED] - Call Test Case 'Test Cases/Sekmeler/Ana_Sekmeye_Gec' successfully

2021-10-21 14:11:59 - [MESSAGE][INFO] - Checking called Test Case

2021-10-21 14:11:59 - [MESSAGE][INFO] - Starting to call Test Case 'Test Cases/Kullanici_Islemleri/KullaniciIslemlerindenSecimYapilir'

2021-10-21 14:11:59 - [TEST_CASE][PASSED] - Test Cases/Kullanici_Islemleri/KullaniciIslemlerindenSecimYapilir: Test Cases/Kullanici_Islemleri/KullaniciIslemlerindenSecimYapilir

2021-10-21 14:11:59 - [TEST_STEP][PASSED] - waitForElementClickable(findTestObject("Object Repository/Kullanici_Islemleri/KullaniciIslemleri"), 10): Object 'Object Repository/Kullanici_Islemleri/KullaniciIslemleri' is clickable

2021-10-21 14:11:59 - [MESSAGE][INFO] - Finding Test Object 'Object Repository/Kullanici_Islemleri/KullaniciIslemleri'

2021-10-21 14:11:59 - [MESSAGE][INFO] - Checking object

2021-10-21 14:11:59 - [MESSAGE][INFO] - Checking timeout

2021-10-21 14:11:59 - [MESSAGE][INFO] - Finding web element from Test Object's properties

2021-10-21 14:11:59 - [MESSAGE][INFO] - Checking timeout

2021-10-21 14:11:59 - [MESSAGE][INFO] - Finding web element with id: 'Object Repository/Kullanici_Islemleri/KullaniciIslemleri' located by 'By.cssSelector: .dropdown>a>img' in '10' second(s)

2021-10-21 14:11:59 - [MESSAGE][INFO] - Smart Wait Function is triggered

2021-10-21 14:11:59 - [MESSAGE][INFO] - Found 1 web elements with id: 'Object Repository/Kullanici_Islemleri/KullaniciIslemleri' located by 'By.cssSelector: .dropdown>a>img' in '10' second(s)

2021-10-21 14:11:59 - [MESSAGE][PASSED] - Object 'Object Repository/Kullanici_Islemleri/KullaniciIslemleri' is clickable

2021-10-21 14:11:59 - [TEST_STEP][PASSED] - click(findTestObject("Object Repository/Kullanici_Islemleri/KullaniciIslemleri")): Object: 'Object Repository/Kullanici_Islemleri/KullaniciIslemleri' is clicked on

2021-10-21 14:11:59 - [MESSAGE][INFO] - Finding Test Object 'Object Repository/Kullanici_Islemleri/KullaniciIslemleri'

2021-10-21 14:11:59 - [MESSAGE][INFO] - Checking object

2021-10-21 14:11:59 - [MESSAGE][INFO] - Finding web element from Test Object's properties

2021-10-21 14:11:59 - [MESSAGE][INFO] - Checking timeout

2021-10-21 14:11:59 - [MESSAGE][INFO] - Finding web element with id: 'Object Repository/Kullanici_Islemleri/KullaniciIslemleri' located by 'By.cssSelector: .dropdown>a>img' in '30' second(s)

2021-10-21 14:11:59 - [MESSAGE][INFO] - Smart Wait Function is triggered

2021-10-21 14:11:59 - [MESSAGE][INFO] - Found 1 web elements with id: 'Object Repository/Kullanici_Islemleri/KullaniciIslemleri' located by 'By.cssSelector: .dropdown>a>img' in '30' second(s)

2021-10-21 14:11:59 - [MESSAGE][INFO] - Clicking on object: 'Object Repository/Kullanici_Islemleri/KullaniciIslemleri'

2021-10-21 14:11:59 - [MESSAGE][PASSED] - Object: 'Object Repository/Kullanici_Islemleri/KullaniciIslemleri' is clicked on

2021-10-21 14:11:59 - [TEST_STEP][PASSED] - Method.TextDegerineEsitElementeTikla(findTestObject("Object Repository/Kullanici_Islemleri/Secenekler"), Islem): Method.TextDegerineEsitElementeTikla is PASSED

2021-10-21 14:11:59 - [MESSAGE][INFO] - Finding Test Object 'Object Repository/Kullanici_Islemleri/Secenekler'

2021-10-21 14:12:00 - [MESSAGE][INFO] - Checking timeout

2021-10-21 14:12:00 - [MESSAGE][INFO] - Finding web element with id: 'Object Repository/Kullanici_Islemleri/Secenekler' located by 'By.cssSelector: .nav.navbar-nav.navbar-right li a' in '10' second(s)

2021-10-21 14:12:00 - [MESSAGE][INFO] - Smart Wait Function is triggered

2021-10-21 14:12:00 - [MESSAGE][INFO] - Found 22 web elements with id: 'Object Repository/Kullanici_Islemleri/Secenekler' located by 'By.cssSelector: .nav.navbar-nav.navbar-right li a' in '10' second(s)

2021-10-21 14:12:01 - [MESSAGE][PASSED] - Method.TextDegerineEsitElementeTikla is PASSED

2021-10-21 14:12:01 - [TEST_STEP][PASSED] - verifyElementNotPresent(findTestObject("Object Repository/Kullanici_Islemleri/Secenekler"), 10): Web element with id: 'Object Repository/Kullanici_Islemleri/Secenekler' located by 'By.cssSelector: .nav.navbar-nav.navbar-right li a' is not present after '10' second(s)

2021-10-21 14:12:01 - [MESSAGE][INFO] - Finding Test Object 'Object Repository/Kullanici_Islemleri/Secenekler'

2021-10-21 14:12:01 - [MESSAGE][INFO] - Checking object

2021-10-21 14:12:01 - [MESSAGE][INFO] - Checking timeout

2021-10-21 14:12:01 - [MESSAGE][INFO] - Finding web element with id: 'Object Repository/Kullanici_Islemleri/Secenekler' located by 'By.cssSelector: .nav.navbar-nav.navbar-right li a' in '10' second(s)

2021-10-21 14:12:01 - [MESSAGE][INFO] - Smart Wait Function is triggered

2021-10-21 14:12:02 - [MESSAGE][PASSED] - Web element with id: 'Object Repository/Kullanici_Islemleri/Secenekler' located by 'By.cssSelector: .nav.navbar-nav.navbar-right li a' is not present after '10' second(s)

2021-10-21 14:12:02 - [MESSAGE][PASSED] - Call Test Case 'Test Cases/Kullanici_Islemleri/KullaniciIslemlerindenSecimYapilir' successfully

2021-10-21 14:12:02 - [TEST_CASE][PASSED] - Start Test Case : SCENARIO e-Mustahsil Makbuzu UBL: SCENARIO e-Mustahsil Makbuzu UBL

2021-10-21 14:12:02 - [TEST_STEP][PASSED] - Kullanıcı adı ELOGO6 ve Şifre 123456 olarak giriş yapılır: Kullanıcı adı ELOGO6 ve Şifre 123456 olarak giriş yapılır

2021-10-21 14:12:02 - [MESSAGE][PASSED] - Kullanıcı adı ELOGO6 ve Şifre 123456 olarak giriş yapılır

2021-10-21 14:12:02 - [TEST_STEP][PASSED] - Ana menüden e-Makbuz seçilir: Ana menüden e-Makbuz seçilir

2021-10-21 14:12:02 - [MESSAGE][PASSED] - Ana menüden e-Makbuz seçilir

2021-10-21 14:12:02 - [TEST_STEP][PASSED] - Alt menü e-Müstahsil Uygulaması başlığı altındaki e-Müstahsil Makbuzları seçilir: Alt menü e-Müstahsil Uygulaması başlığı altındaki e-Müstahsil Makbuzları seçilir

2021-10-21 14:12:02 - [MESSAGE][PASSED] - Alt menü e-Müstahsil Uygulaması başlığı altındaki e-Müstahsil Makbuzları seçilir

2021-10-21 14:12:02 - [TEST_STEP][PASSED] - Filtrelerden Oluşturma Tarihi filtresine 01.12.2020 baslangic degerini yaz: Filtrelerden Oluşturma Tarihi filtresine 01.12.2020 baslangic degerini yaz

2021-10-21 14:12:02 - [MESSAGE][PASSED] - Filtrelerden Oluşturma Tarihi filtresine 01.12.2020 baslangic degerini yaz

2021-10-21 14:12:02 - [TEST_STEP][PASSED] - Filtrelerden Oluşturma Tarihi filtresine 31.12.2020 bitis degerini yaz: Filtrelerden Oluşturma Tarihi filtresine 31.12.2020 bitis degerini yaz

2021-10-21 14:12:02 - [MESSAGE][PASSED] - Filtrelerden Oluşturma Tarihi filtresine 31.12.2020 bitis degerini yaz

2021-10-21 14:12:02 - [TEST_STEP][PASSED] - Filtre butonlarından Listele seçilir: Filtre butonlarından Listele seçilir

2021-10-21 14:12:02 - [MESSAGE][PASSED] - Filtre butonlarından Listele seçilir

2021-10-21 14:12:02 - [TEST_STEP][PASSED] - Tabloda veri var mı kontrol edilir: Tabloda veri var mı kontrol edilir

2021-10-21 14:12:02 - [MESSAGE][PASSED] - Tabloda veri var mı kontrol edilir

2021-10-21 14:12:02 - [TEST_STEP][PASSED] - Tablodan ELOGO5 isimli veri seçilir: Tablodan ELOGO5 isimli veri seçilir

2021-10-21 14:12:02 - [MESSAGE][PASSED] - Tablodan ELOGO5 isimli veri seçilir

2021-10-21 14:12:02 - [TEST_STEP][PASSED] - Butonlardan UBL isimli butona tıklanır: Butonlardan UBL isimli butona tıklanır

2021-10-21 14:12:02 - [MESSAGE][PASSED] - Butonlardan UBL isimli butona tıklanır

2021-10-21 14:12:02 - [TEST_STEP][PASSED] - Yeni açılan sekmeye geçilir: Yeni açılan sekmeye geçilir

2021-10-21 14:12:02 - [MESSAGE][PASSED] - Yeni açılan sekmeye geçilir

2021-10-21 14:12:02 - [TEST_STEP][PASSED] - CreditNote tagli ubl geldi mi: CreditNote tagli ubl geldi mi

2021-10-21 14:12:02 - [MESSAGE][PASSED] - CreditNote tagli ubl geldi mi

2021-10-21 14:12:02 - [TEST_STEP][PASSED] - Ana sekmeye geçilir: Ana sekmeye geçilir

2021-10-21 14:12:02 - [MESSAGE][PASSED] - Ana sekmeye geçilir

2021-10-21 14:12:02 - [TEST_STEP][PASSED] - Kullanıcı işlemlerinden Çıkış seçilir: Kullanıcı işlemlerinden Çıkış seçilir

2021-10-21 14:12:02 - [MESSAGE][PASSED] - Kullanıcı işlemlerinden Çıkış seçilir

2021-10-21 14:12:02 - [MESSAGE][PASSED] - Feature file: 'Include/features/e-Makbuz/e-Mustahsil Uygulamasi/e-Mustahsil Makbuzlari/UBL.feature' was passed

2021-10-21 14:12:02 - [TEST_STEP][PASSED] - Start listener action : sampleAfterTestSuite: Invoke 'com.kms.katalon.core.annotation.AfterTestCase' method: 'Listener.sampleAfterTestSuite(...)' completed.

2021-10-21 14:12:02 - [MESSAGE][INFO] - Starting invoke 'com.kms.katalon.core.annotation.AfterTestCase' method: 'Listener.sampleAfterTestSuite(...)'

2021-10-21 14:12:02 - [TEST_STEP][PASSED] - closeBrowser(): Invoke 'com.kms.katalon.core.annotation.AfterTestCase' method: 'Listener.sampleAfterTestSuite(...)' completed.

2021-10-21 14:12:02 - [MESSAGE][INFO] - Closing browser

2021-10-21 14:12:02 - [MESSAGE][PASSED] - Browser is closed

2021-10-21 14:12:02 - [MESSAGE][INFO] - Invoke 'com.kms.katalon.core.annotation.AfterTestCase' method: 'Listener.sampleAfterTestSuite(...)' completed.]]></system-out>
         <system-err><![CDATA[]]></system-err>
      </testcase>
      <testcase name="Test Cases/Case Repository/e-Makbuz/e-Mustahsil Uygulamasi/e-Mustahsil Makbuzu Olusturma/Ekle" time="107.183" classname="Test Cases/Case Repository/e-Makbuz/e-Mustahsil Uygulamasi/e-Mustahsil Makbuzu Olusturma/Ekle" status="PASSED">
         <system-out><![CDATA[2021-10-21 14:12:02 - [TEST_CASE][PASSED] - Test Cases/Case Repository/e-Makbuz/e-Mustahsil Uygulamasi/e-Mustahsil Makbuzu Olusturma/Ekle: Test Cases/Case Repository/e-Makbuz/e-Mustahsil Uygulamasi/e-Mustahsil Makbuzu Olusturma/Ekle

2021-10-21 14:12:02 - [TEST_STEP][PASSED] - Start listener action : sampleBeforeTestSuite: Invoke 'com.kms.katalon.core.annotation.BeforeTestCase' method: 'Listener.sampleBeforeTestSuite(...)' completed.

2021-10-21 14:12:02 - [MESSAGE][INFO] - Starting invoke 'com.kms.katalon.core.annotation.BeforeTestCase' method: 'Listener.sampleBeforeTestSuite(...)'

2021-10-21 14:12:02 - [TEST_STEP][PASSED] - openBrowser(baseUrl): Browser is opened with url: 'https://efatura-stage.elogo.com.tr/'

2021-10-21 14:12:02 - [MESSAGE][INFO] - Opening browser

2021-10-21 14:12:02 - [MESSAGE][INFO] - Starting 'Chrome' driver

2021-10-21 14:12:02 - [MESSAGE][INFO] - User set preference: ['prefs', '{download.default_directory=C:\otomasyondownfiles}']

2021-10-21 14:12:02 - [MESSAGE][INFO] - Action delay is set to 0 milliseconds

2021-10-21 14:12:04 - [MESSAGE][INFO] - Navigating browser to: 'https://efatura-stage.elogo.com.tr/'

2021-10-21 14:12:06 - [MESSAGE][PASSED] - Browser is opened with url: 'https://efatura-stage.elogo.com.tr/'

2021-10-21 14:12:06 - [TEST_STEP][PASSED] - maximizeWindow(): Invoke 'com.kms.katalon.core.annotation.BeforeTestCase' method: 'Listener.sampleBeforeTestSuite(...)' completed.

2021-10-21 14:12:06 - [MESSAGE][INFO] - Maximizing current window

2021-10-21 14:12:06 - [MESSAGE][PASSED] - Current window maximized

2021-10-21 14:12:06 - [MESSAGE][INFO] - Invoke 'com.kms.katalon.core.annotation.BeforeTestCase' method: 'Listener.sampleBeforeTestSuite(...)' completed.

2021-10-21 14:12:06 - [TEST_STEP][PASSED] - runFeatureFile("Include/features/e-Makbuz/e-Mustahsil Uygulamasi/e-Mustahsil Makbuzu Olusturma/Ekle.feature"): Feature file: 'Include/features/e-Makbuz/e-Mustahsil Uygulamasi/e-Mustahsil Makbuzu Olusturma/Ekle.feature' was passed

2021-10-21 14:12:06 - [MESSAGE][INFO] - Starting run keyword runFeatureFile: 'Include/features/e-Makbuz/e-Mustahsil Uygulamasi/e-Mustahsil Makbuzu Olusturma/Ekle.feature' and extract report to folder: 'C:\Users\DELL\Downloads\EES_Katalon-main\Reports\20211021_140437\Suite Repository\e-Makbuz\20211021_140511/cucumber_report/1634814726956'...

2021-10-21 14:12:06 - [MESSAGE][INFO] - Glue: []

2021-10-21 14:12:07 - [MESSAGE][INFO] - Checking called Test Case

2021-10-21 14:12:07 - [MESSAGE][INFO] - Starting to call Test Case 'Test Cases/Sayfalar/Giris_Sayfasi/Login'

2021-10-21 14:12:07 - [TEST_CASE][PASSED] - Test Cases/Sayfalar/Giris_Sayfasi/Login: Test Cases/Sayfalar/Giris_Sayfasi/Login

2021-10-21 14:12:07 - [TEST_STEP][PASSED] - Sayfa_Basligi = getWindowTitle(): Current window's title is: 'LOGO e-Fatura'

2021-10-21 14:12:07 - [MESSAGE][INFO] - Getting current window's title

2021-10-21 14:12:07 - [MESSAGE][PASSED] - Current window's title is: 'LOGO e-Fatura'

2021-10-21 14:12:07 - [TEST_STEP][PASSED] - verifyMatch(Sayfa_Basligi, "LOGO e-Fatura", false): Actual text 'LOGO e-Fatura' and expected text 'LOGO e-Fatura' are matched 

2021-10-21 14:12:07 - [MESSAGE][INFO] - Matching actual text 'LOGO e-Fatura' with expected text 'LOGO e-Fatura'

2021-10-21 14:12:07 - [MESSAGE][PASSED] - Actual text 'LOGO e-Fatura' and expected text 'LOGO e-Fatura' are matched 

2021-10-21 14:12:07 - [TEST_STEP][PASSED] - sendKeys(findTestObject("Sayfalar/Giris_Sayfasi/Firma_Kodu"), KullaniciAdi): Keys 'ELOGO6' sent to object: 'Object Repository/Sayfalar/Giris_Sayfasi/Firma_Kodu'

2021-10-21 14:12:07 - [MESSAGE][INFO] - Finding Test Object 'Object Repository/Sayfalar/Giris_Sayfasi/Firma_Kodu'

2021-10-21 14:12:07 - [MESSAGE][INFO] - Sending keys 'ELOGO6' to object: 'Object Repository/Sayfalar/Giris_Sayfasi/Firma_Kodu'

2021-10-21 14:12:07 - [MESSAGE][INFO] - Finding web element from Test Object's properties

2021-10-21 14:12:07 - [MESSAGE][INFO] - Checking timeout

2021-10-21 14:12:07 - [MESSAGE][INFO] - Finding web element with id: 'Object Repository/Sayfalar/Giris_Sayfasi/Firma_Kodu' located by 'By.xpath: //*[@id = 'AccountName']' in '30' second(s)

2021-10-21 14:12:07 - [MESSAGE][INFO] - Smart Wait Function is triggered

2021-10-21 14:12:08 - [MESSAGE][INFO] - Found 1 web elements with id: 'Object Repository/Sayfalar/Giris_Sayfasi/Firma_Kodu' located by 'By.xpath: //*[@id = 'AccountName']' in '30' second(s)

2021-10-21 14:12:08 - [MESSAGE][PASSED] - Keys 'ELOGO6' sent to object: 'Object Repository/Sayfalar/Giris_Sayfasi/Firma_Kodu'

2021-10-21 14:12:08 - [TEST_STEP][PASSED] - sendKeys(findTestObject("Sayfalar/Giris_Sayfasi/Sifre"), Sifre): Keys '123456' sent to object: 'Object Repository/Sayfalar/Giris_Sayfasi/Sifre'

2021-10-21 14:12:08 - [MESSAGE][INFO] - Finding Test Object 'Object Repository/Sayfalar/Giris_Sayfasi/Sifre'

2021-10-21 14:12:08 - [MESSAGE][INFO] - Sending keys '123456' to object: 'Object Repository/Sayfalar/Giris_Sayfasi/Sifre'

2021-10-21 14:12:08 - [MESSAGE][INFO] - Finding web element from Test Object's properties

2021-10-21 14:12:08 - [MESSAGE][INFO] - Checking timeout

2021-10-21 14:12:08 - [MESSAGE][INFO] - Finding web element with id: 'Object Repository/Sayfalar/Giris_Sayfasi/Sifre' located by 'By.xpath: //*[@id = 'Password']' in '30' second(s)

2021-10-21 14:12:08 - [MESSAGE][INFO] - Smart Wait Function is triggered

2021-10-21 14:12:08 - [MESSAGE][INFO] - Found 1 web elements with id: 'Object Repository/Sayfalar/Giris_Sayfasi/Sifre' located by 'By.xpath: //*[@id = 'Password']' in '30' second(s)

2021-10-21 14:12:08 - [MESSAGE][PASSED] - Keys '123456' sent to object: 'Object Repository/Sayfalar/Giris_Sayfasi/Sifre'

2021-10-21 14:12:08 - [TEST_STEP][PASSED] - findWebElement(findTestObject("Sayfalar/Giris_Sayfasi/Giris_Butonu")).click(): Found 1 web elements with id: 'Object Repository/Sayfalar/Giris_Sayfasi/Giris_Butonu' located by 'By.cssSelector: #btnLogin' in '30' second(s)

2021-10-21 14:12:08 - [MESSAGE][INFO] - Finding Test Object 'Object Repository/Sayfalar/Giris_Sayfasi/Giris_Butonu'

2021-10-21 14:12:08 - [MESSAGE][INFO] - Finding web element from Test Object's properties

2021-10-21 14:12:08 - [MESSAGE][INFO] - Checking timeout

2021-10-21 14:12:08 - [MESSAGE][INFO] - Finding web element with id: 'Object Repository/Sayfalar/Giris_Sayfasi/Giris_Butonu' located by 'By.cssSelector: #btnLogin' in '30' second(s)

2021-10-21 14:12:08 - [MESSAGE][INFO] - Smart Wait Function is triggered

2021-10-21 14:12:09 - [MESSAGE][INFO] - Found 1 web elements with id: 'Object Repository/Sayfalar/Giris_Sayfasi/Giris_Butonu' located by 'By.cssSelector: #btnLogin' in '30' second(s)

2021-10-21 14:12:11 - [TEST_STEP][PASSED] - if (verifyElementPresent(findTestObject("Object Repository/Sayfalar/Giris_Sayfasi/RetveTamam_Butonu"), 5, OPTIONAL)): null

2021-10-21 14:12:11 - [MESSAGE][INFO] - Finding Test Object 'Object Repository/Sayfalar/Giris_Sayfasi/RetveTamam_Butonu'

2021-10-21 14:12:11 - [MESSAGE][INFO] - Checking object

2021-10-21 14:12:11 - [MESSAGE][INFO] - Finding web element from Test Object's properties

2021-10-21 14:12:11 - [MESSAGE][INFO] - Checking timeout

2021-10-21 14:12:11 - [MESSAGE][INFO] - Finding web element with id: 'Object Repository/Sayfalar/Giris_Sayfasi/RetveTamam_Butonu' located by 'By.xpath: //*[@class = 'btn btn-default']' in '5' second(s)

2021-10-21 14:12:11 - [MESSAGE][INFO] - Smart Wait Function is triggered

2021-10-21 14:12:11 - [MESSAGE][INFO] - Found 1 web elements with id: 'Object Repository/Sayfalar/Giris_Sayfasi/RetveTamam_Butonu' located by 'By.xpath: //*[@class = 'btn btn-default']' in '5' second(s)

2021-10-21 14:12:11 - [MESSAGE][PASSED] - Object 'Object Repository/Sayfalar/Giris_Sayfasi/RetveTamam_Butonu' is present

2021-10-21 14:12:11 - [TEST_STEP][PASSED] - click(findTestObject("Object Repository/Sayfalar/Giris_Sayfasi/RetveTamam_Butonu")): Object: 'Object Repository/Sayfalar/Giris_Sayfasi/RetveTamam_Butonu' is clicked on

2021-10-21 14:12:11 - [MESSAGE][INFO] - Finding Test Object 'Object Repository/Sayfalar/Giris_Sayfasi/RetveTamam_Butonu'

2021-10-21 14:12:11 - [MESSAGE][INFO] - Checking object

2021-10-21 14:12:11 - [MESSAGE][INFO] - Finding web element from Test Object's properties

2021-10-21 14:12:11 - [MESSAGE][INFO] - Checking timeout

2021-10-21 14:12:11 - [MESSAGE][INFO] - Finding web element with id: 'Object Repository/Sayfalar/Giris_Sayfasi/RetveTamam_Butonu' located by 'By.xpath: //*[@class = 'btn btn-default']' in '30' second(s)

2021-10-21 14:12:11 - [MESSAGE][INFO] - Smart Wait Function is triggered

2021-10-21 14:12:12 - [MESSAGE][INFO] - Found 1 web elements with id: 'Object Repository/Sayfalar/Giris_Sayfasi/RetveTamam_Butonu' located by 'By.xpath: //*[@class = 'btn btn-default']' in '30' second(s)

2021-10-21 14:12:12 - [MESSAGE][INFO] - Clicking on object: 'Object Repository/Sayfalar/Giris_Sayfasi/RetveTamam_Butonu'

2021-10-21 14:12:12 - [MESSAGE][PASSED] - Object: 'Object Repository/Sayfalar/Giris_Sayfasi/RetveTamam_Butonu' is clicked on

2021-10-21 14:12:12 - [TEST_STEP][PASSED] - click(findTestObject("Object Repository/Sayfalar/Giris_Sayfasi/RetveTamam_Butonu")): Object: 'Object Repository/Sayfalar/Giris_Sayfasi/RetveTamam_Butonu' is clicked on

2021-10-21 14:12:12 - [MESSAGE][INFO] - Finding Test Object 'Object Repository/Sayfalar/Giris_Sayfasi/RetveTamam_Butonu'

2021-10-21 14:12:12 - [MESSAGE][INFO] - Checking object

2021-10-21 14:12:12 - [MESSAGE][INFO] - Finding web element from Test Object's properties

2021-10-21 14:12:12 - [MESSAGE][INFO] - Checking timeout

2021-10-21 14:12:12 - [MESSAGE][INFO] - Finding web element with id: 'Object Repository/Sayfalar/Giris_Sayfasi/RetveTamam_Butonu' located by 'By.xpath: //*[@class = 'btn btn-default']' in '30' second(s)

2021-10-21 14:12:12 - [MESSAGE][INFO] - Smart Wait Function is triggered

2021-10-21 14:12:20 - [MESSAGE][INFO] - Found 1 web elements with id: 'Object Repository/Sayfalar/Giris_Sayfasi/RetveTamam_Butonu' located by 'By.xpath: //*[@class = 'btn btn-default']' in '30' second(s)

2021-10-21 14:12:20 - [MESSAGE][INFO] - Clicking on object: 'Object Repository/Sayfalar/Giris_Sayfasi/RetveTamam_Butonu'

2021-10-21 14:12:20 - [MESSAGE][PASSED] - Object: 'Object Repository/Sayfalar/Giris_Sayfasi/RetveTamam_Butonu' is clicked on

2021-10-21 14:12:20 - [TEST_STEP][PASSED] - if (verifyElementPresent(findTestObject("Sayfalar/Giris_Sayfasi/PopupOK"), 5, OPTIONAL)): null

2021-10-21 14:12:20 - [MESSAGE][INFO] - Finding Test Object 'Object Repository/Sayfalar/Giris_Sayfasi/PopupOK'

2021-10-21 14:12:20 - [MESSAGE][INFO] - Checking object

2021-10-21 14:12:20 - [MESSAGE][INFO] - Finding web element from Test Object's properties

2021-10-21 14:12:20 - [MESSAGE][INFO] - Checking timeout

2021-10-21 14:12:20 - [MESSAGE][INFO] - Finding web element with id: 'Object Repository/Sayfalar/Giris_Sayfasi/PopupOK' located by 'By.cssSelector: .btn.btn-success' in '5' second(s)

2021-10-21 14:12:20 - [MESSAGE][INFO] - Smart Wait Function is triggered

2021-10-21 14:12:21 - [MESSAGE][INFO] - Found 1 web elements with id: 'Object Repository/Sayfalar/Giris_Sayfasi/PopupOK' located by 'By.cssSelector: .btn.btn-success' in '5' second(s)

2021-10-21 14:12:21 - [MESSAGE][PASSED] - Object 'Object Repository/Sayfalar/Giris_Sayfasi/PopupOK' is present

2021-10-21 14:12:21 - [TEST_STEP][PASSED] - click(findTestObject("Object Repository/Sayfalar/Giris_Sayfasi/PopupCarpiGiris")): Object: 'Object Repository/Sayfalar/Giris_Sayfasi/PopupCarpiGiris' is clicked on

2021-10-21 14:12:21 - [MESSAGE][INFO] - Finding Test Object 'Object Repository/Sayfalar/Giris_Sayfasi/PopupCarpiGiris'

2021-10-21 14:12:21 - [MESSAGE][INFO] - Checking object

2021-10-21 14:12:21 - [MESSAGE][INFO] - Finding web element from Test Object's properties

2021-10-21 14:12:21 - [MESSAGE][INFO] - Checking timeout

2021-10-21 14:12:21 - [MESSAGE][INFO] - Finding web element with id: 'Object Repository/Sayfalar/Giris_Sayfasi/PopupCarpiGiris' located by 'By.cssSelector: .bootbox-close-button.close' in '30' second(s)

2021-10-21 14:12:21 - [MESSAGE][INFO] - Smart Wait Function is triggered

2021-10-21 14:12:21 - [MESSAGE][INFO] - Found 1 web elements with id: 'Object Repository/Sayfalar/Giris_Sayfasi/PopupCarpiGiris' located by 'By.cssSelector: .bootbox-close-button.close' in '30' second(s)

2021-10-21 14:12:21 - [MESSAGE][INFO] - Clicking on object: 'Object Repository/Sayfalar/Giris_Sayfasi/PopupCarpiGiris'

2021-10-21 14:12:21 - [MESSAGE][PASSED] - Object: 'Object Repository/Sayfalar/Giris_Sayfasi/PopupCarpiGiris' is clicked on

2021-10-21 14:12:21 - [TEST_STEP][PASSED] - verifyElementVisible(findTestObject("Object Repository/Kullanici_Islemleri/KullaniciIslemleri")): Object 'Object Repository/Kullanici_Islemleri/KullaniciIslemleri' is visible

2021-10-21 14:12:21 - [MESSAGE][INFO] - Finding Test Object 'Object Repository/Kullanici_Islemleri/KullaniciIslemleri'

2021-10-21 14:12:21 - [MESSAGE][INFO] - Checking object

2021-10-21 14:12:21 - [MESSAGE][INFO] - Finding web element from Test Object's properties

2021-10-21 14:12:21 - [MESSAGE][INFO] - Checking timeout

2021-10-21 14:12:21 - [MESSAGE][INFO] - Finding web element with id: 'Object Repository/Kullanici_Islemleri/KullaniciIslemleri' located by 'By.cssSelector: .dropdown>a>img' in '30' second(s)

2021-10-21 14:12:21 - [MESSAGE][INFO] - Smart Wait Function is triggered

2021-10-21 14:12:22 - [MESSAGE][INFO] - Found 1 web elements with id: 'Object Repository/Kullanici_Islemleri/KullaniciIslemleri' located by 'By.cssSelector: .dropdown>a>img' in '30' second(s)

2021-10-21 14:12:22 - [MESSAGE][PASSED] - Object 'Object Repository/Kullanici_Islemleri/KullaniciIslemleri' is visible

2021-10-21 14:12:22 - [MESSAGE][PASSED] - Call Test Case 'Test Cases/Sayfalar/Giris_Sayfasi/Login' successfully

2021-10-21 14:12:22 - [MESSAGE][INFO] - Checking called Test Case

2021-10-21 14:12:22 - [MESSAGE][INFO] - Starting to call Test Case 'Test Cases/Menu/AnaMenuSecimi'

2021-10-21 14:12:22 - [TEST_CASE][PASSED] - Test Cases/Menu/AnaMenuSecimi: Test Cases/Menu/AnaMenuSecimi

2021-10-21 14:12:22 - [TEST_STEP][PASSED] - Method.TextDegerineEsitElementeTikla(findTestObject("Menu/Ana_Menu"), Ana_Menu): Method.TextDegerineEsitElementeTikla is PASSED

2021-10-21 14:12:22 - [MESSAGE][INFO] - Finding Test Object 'Object Repository/Menu/Ana_Menu'

2021-10-21 14:12:22 - [MESSAGE][INFO] - Checking timeout

2021-10-21 14:12:22 - [MESSAGE][INFO] - Finding web element with id: 'Object Repository/Menu/Ana_Menu' located by 'By.xpath: //*[@class = 'dropdown-toggle']' in '10' second(s)

2021-10-21 14:12:22 - [MESSAGE][INFO] - Smart Wait Function is triggered

2021-10-21 14:12:23 - [MESSAGE][INFO] - Found 14 web elements with id: 'Object Repository/Menu/Ana_Menu' located by 'By.xpath: //*[@class = 'dropdown-toggle']' in '10' second(s)

2021-10-21 14:12:23 - [MESSAGE][PASSED] - Method.TextDegerineEsitElementeTikla is PASSED

2021-10-21 14:12:23 - [MESSAGE][PASSED] - Call Test Case 'Test Cases/Menu/AnaMenuSecimi' successfully

2021-10-21 14:12:23 - [MESSAGE][INFO] - Checking called Test Case

2021-10-21 14:12:23 - [MESSAGE][INFO] - Starting to call Test Case 'Test Cases/Menu/BasligaGoreAltMenuSecimi'

2021-10-21 14:12:23 - [TEST_CASE][PASSED] - Test Cases/Menu/BasligaGoreAltMenuSecimi: Test Cases/Menu/BasligaGoreAltMenuSecimi

2021-10-21 14:12:23 - [TEST_STEP][PASSED] - Method.TextDegerineEsitElementinAltindakiTextDegerineEsitOlanaTikla(findTestObject("Menu/Menu_Basligi"), findTestObject("Menu/Basliga_Gore_Alt_Menu"), Baslik, Alt_Menu): Method.TextDegerineEsitElementinAltindakiTextDegerineEsitOlanaTikla is PASSED

2021-10-21 14:12:23 - [MESSAGE][INFO] - Finding Test Object 'Object Repository/Menu/Menu_Basligi'

2021-10-21 14:12:23 - [MESSAGE][INFO] - Finding Test Object 'Object Repository/Menu/Basliga_Gore_Alt_Menu'

2021-10-21 14:12:23 - [MESSAGE][INFO] - Checking timeout

2021-10-21 14:12:23 - [MESSAGE][INFO] - Finding web element with id: 'Object Repository/Menu/Menu_Basligi' located by 'By.xpath: //li[@class='dropdown dropdown-large open']//li[@class='dropdown-header']' in '10' second(s)

2021-10-21 14:12:23 - [MESSAGE][INFO] - Smart Wait Function is triggered

2021-10-21 14:12:24 - [MESSAGE][INFO] - Found 2 web elements with id: 'Object Repository/Menu/Menu_Basligi' located by 'By.xpath: //li[@class='dropdown dropdown-large open']//li[@class='dropdown-header']' in '10' second(s)

2021-10-21 14:12:24 - [MESSAGE][INFO] - Smart Wait Function is triggered

2021-10-21 14:12:33 - [MESSAGE][PASSED] - Method.TextDegerineEsitElementinAltindakiTextDegerineEsitOlanaTikla is PASSED

2021-10-21 14:12:33 - [MESSAGE][PASSED] - Call Test Case 'Test Cases/Menu/BasligaGoreAltMenuSecimi' successfully

2021-10-21 14:12:33 - [MESSAGE][INFO] - Checking called Test Case

2021-10-21 14:12:33 - [MESSAGE][INFO] - Starting to call Test Case 'Test Cases/Tablo/Olusturma Tarihi'

2021-10-21 14:12:33 - [TEST_CASE][PASSED] - Test Cases/Tablo/Olusturma Tarihi: Test Cases/Tablo/Olusturma Tarihi

2021-10-21 14:12:33 - [TEST_STEP][PASSED] - if (verifyTextNotPresent("Görüntülenecek veri yok", true, OPTIONAL)): null

2021-10-21 14:12:33 - [MESSAGE][INFO] - Checking text present  using regular expression

2021-10-21 14:12:33 - [MESSAGE][INFO] - Smart Wait Function is triggered

2021-10-21 14:12:34 - [MESSAGE][INFO] - Finding text 'Görüntülenecek veri yok' on page  using regular expression

2021-10-21 14:12:34 - [MESSAGE][PASSED] - Text 'Görüntülenecek veri yok' is not present on page using regular expression

2021-10-21 14:12:34 - [TEST_STEP][PASSED] - click(findTestObject("Temizle/Olusturma_Tarihi_CheckBox")): Object: 'Object Repository/Temizle/Olusturma_Tarihi_CheckBox' is clicked on

2021-10-21 14:12:34 - [MESSAGE][INFO] - Finding Test Object 'Object Repository/Temizle/Olusturma_Tarihi_CheckBox'

2021-10-21 14:12:34 - [MESSAGE][INFO] - Checking object

2021-10-21 14:12:34 - [MESSAGE][INFO] - Finding web element from Test Object's properties

2021-10-21 14:12:34 - [MESSAGE][INFO] - Checking timeout

2021-10-21 14:12:34 - [MESSAGE][INFO] - Finding web element with id: 'Object Repository/Temizle/Olusturma_Tarihi_CheckBox' located by 'By.xpath: //*[@title = 'Bu sayfadaki tüm satırları Seç']' in '30' second(s)

2021-10-21 14:12:34 - [MESSAGE][INFO] - Smart Wait Function is triggered

2021-10-21 14:12:34 - [MESSAGE][INFO] - Found 1 web elements with id: 'Object Repository/Temizle/Olusturma_Tarihi_CheckBox' located by 'By.xpath: //*[@title = 'Bu sayfadaki tüm satırları Seç']' in '30' second(s)

2021-10-21 14:12:34 - [MESSAGE][INFO] - Clicking on object: 'Object Repository/Temizle/Olusturma_Tarihi_CheckBox'

2021-10-21 14:12:34 - [MESSAGE][PASSED] - Object: 'Object Repository/Temizle/Olusturma_Tarihi_CheckBox' is clicked on

2021-10-21 14:12:34 - [TEST_STEP][PASSED] - Method.TextDegerineEsitElementeTiklaEquals(findTestObject("Butonlar/Butonlar"), "Sil"): Method.TextDegerineEsitElementeTiklaEquals is PASSED

2021-10-21 14:12:34 - [MESSAGE][INFO] - Finding Test Object 'Object Repository/Butonlar/Butonlar'

2021-10-21 14:12:34 - [MESSAGE][INFO] - Checking timeout

2021-10-21 14:12:34 - [MESSAGE][INFO] - Finding web element with id: 'Object Repository/Butonlar/Butonlar' located by 'By.cssSelector: .panel.panel-default.text-center.footerPanel .btn,.btn.btn-primary.btnControls' in '10' second(s)

2021-10-21 14:12:34 - [MESSAGE][INFO] - Smart Wait Function is triggered

2021-10-21 14:12:35 - [MESSAGE][INFO] - Found 7 web elements with id: 'Object Repository/Butonlar/Butonlar' located by 'By.cssSelector: .panel.panel-default.text-center.footerPanel .btn,.btn.btn-primary.btnControls' in '10' second(s)

2021-10-21 14:12:35 - [MESSAGE][PASSED] - Method.TextDegerineEsitElementeTiklaEquals is PASSED

2021-10-21 14:12:35 - [TEST_STEP][PASSED] - Method.TextDegerineEsitElementeTikla(findTestObject("Popup/Popup_Butons"), "Evet"): Method.TextDegerineEsitElementeTikla is PASSED

2021-10-21 14:12:35 - [MESSAGE][INFO] - Finding Test Object 'Object Repository/Popup/Popup_Butons'

2021-10-21 14:12:35 - [MESSAGE][INFO] - Checking timeout

2021-10-21 14:12:35 - [MESSAGE][INFO] - Finding web element with id: 'Object Repository/Popup/Popup_Butons' located by 'By.cssSelector: .modal-footer>button' in '10' second(s)

2021-10-21 14:12:35 - [MESSAGE][INFO] - Smart Wait Function is triggered

2021-10-21 14:12:36 - [MESSAGE][INFO] - Found 2 web elements with id: 'Object Repository/Popup/Popup_Butons' located by 'By.cssSelector: .modal-footer>button' in '10' second(s)

2021-10-21 14:12:36 - [MESSAGE][PASSED] - Method.TextDegerineEsitElementeTikla is PASSED

2021-10-21 14:12:36 - [TEST_STEP][PASSED] - Method.TextDegerineEsitElementeTikla(findTestObject("Popup/Popup_Butons"), "Tamam"): Method.TextDegerineEsitElementeTikla is PASSED

2021-10-21 14:12:36 - [MESSAGE][INFO] - Finding Test Object 'Object Repository/Popup/Popup_Butons'

2021-10-21 14:12:36 - [MESSAGE][INFO] - Checking timeout

2021-10-21 14:12:36 - [MESSAGE][INFO] - Finding web element with id: 'Object Repository/Popup/Popup_Butons' located by 'By.cssSelector: .modal-footer>button' in '10' second(s)

2021-10-21 14:12:36 - [MESSAGE][INFO] - Smart Wait Function is triggered

2021-10-21 14:12:37 - [MESSAGE][INFO] - Found 1 web elements with id: 'Object Repository/Popup/Popup_Butons' located by 'By.cssSelector: .modal-footer>button' in '10' second(s)

2021-10-21 14:12:37 - [MESSAGE][PASSED] - Method.TextDegerineEsitElementeTikla is PASSED

2021-10-21 14:12:37 - [MESSAGE][PASSED] - Call Test Case 'Test Cases/Tablo/Olusturma Tarihi' successfully

2021-10-21 14:12:37 - [MESSAGE][INFO] - Checking called Test Case

2021-10-21 14:12:37 - [MESSAGE][INFO] - Starting to call Test Case 'Test Cases/Butonlar/ButonaTikla'

2021-10-21 14:12:37 - [TEST_CASE][PASSED] - Test Cases/Butonlar/ButonaTikla: Test Cases/Butonlar/ButonaTikla

2021-10-21 14:12:37 - [TEST_STEP][PASSED] - Method.TextDegerineEsitElementeTiklaEquals(findTestObject("Butonlar/Butonlar"), Buton_Adi): Method.TextDegerineEsitElementeTiklaEquals is PASSED

2021-10-21 14:12:37 - [MESSAGE][INFO] - Finding Test Object 'Object Repository/Butonlar/Butonlar'

2021-10-21 14:12:37 - [MESSAGE][INFO] - Checking timeout

2021-10-21 14:12:37 - [MESSAGE][INFO] - Finding web element with id: 'Object Repository/Butonlar/Butonlar' located by 'By.cssSelector: .panel.panel-default.text-center.footerPanel .btn,.btn.btn-primary.btnControls' in '10' second(s)

2021-10-21 14:12:37 - [MESSAGE][INFO] - Smart Wait Function is triggered

2021-10-21 14:12:38 - [MESSAGE][INFO] - Found 7 web elements with id: 'Object Repository/Butonlar/Butonlar' located by 'By.cssSelector: .panel.panel-default.text-center.footerPanel .btn,.btn.btn-primary.btnControls' in '10' second(s)

2021-10-21 14:12:38 - [MESSAGE][PASSED] - Method.TextDegerineEsitElementeTiklaEquals is PASSED

2021-10-21 14:12:38 - [MESSAGE][PASSED] - Call Test Case 'Test Cases/Butonlar/ButonaTikla' successfully

2021-10-21 14:12:38 - [MESSAGE][INFO] - Checking called Test Case

2021-10-21 14:12:38 - [MESSAGE][INFO] - Starting to call Test Case 'Test Cases/Olusturma/Genel/GorselTasarimSayfasıBasligiIceriyorMu'

2021-10-21 14:12:38 - [TEST_CASE][PASSED] - Test Cases/Olusturma/Genel/GorselTasarimSayfasıBasligiIceriyorMu: Test Cases/Olusturma/Genel/GorselTasarimSayfasıBasligiIceriyorMu

2021-10-21 14:12:39 - [TEST_STEP][PASSED] - verifyElementText(findTestObject("Object Repository/Olusturma/Genel/GorselTasarimBaslik"), Baslik): Actual text and expected text of test object 'Object Repository/Olusturma/Genel/GorselTasarimBaslik' are matched.

2021-10-21 14:12:39 - [MESSAGE][INFO] - Finding Test Object 'Object Repository/Olusturma/Genel/GorselTasarimBaslik'

2021-10-21 14:12:39 - [MESSAGE][INFO] - Checking object

2021-10-21 14:12:39 - [MESSAGE][INFO] - Finding web element from Test Object's properties

2021-10-21 14:12:39 - [MESSAGE][INFO] - Checking timeout

2021-10-21 14:12:39 - [MESSAGE][INFO] - Finding web element with id: 'Object Repository/Olusturma/Genel/GorselTasarimBaslik' located by 'By.cssSelector: #flAlici_0>div>span' in '30' second(s)

2021-10-21 14:12:39 - [MESSAGE][INFO] - Smart Wait Function is triggered

2021-10-21 14:12:41 - [MESSAGE][INFO] - Found 1 web elements with id: 'Object Repository/Olusturma/Genel/GorselTasarimBaslik' located by 'By.cssSelector: #flAlici_0>div>span' in '30' second(s)

2021-10-21 14:12:41 - [MESSAGE][PASSED] - Actual text and expected text of test object 'Object Repository/Olusturma/Genel/GorselTasarimBaslik' are matched.

2021-10-21 14:12:41 - [MESSAGE][PASSED] - Call Test Case 'Test Cases/Olusturma/Genel/GorselTasarimSayfasıBasligiIceriyorMu' successfully

2021-10-21 14:12:41 - [MESSAGE][INFO] - Checking called Test Case

2021-10-21 14:12:41 - [MESSAGE][INFO] - Starting to call Test Case 'Test Cases/Olusturma/Genel/AliciSecilir'

2021-10-21 14:12:41 - [TEST_CASE][PASSED] - Test Cases/Olusturma/Genel/AliciSecilir: Test Cases/Olusturma/Genel/AliciSecilir

2021-10-21 14:12:41 - [TEST_STEP][PASSED] - click(findTestObject("Olusturma/Genel/AliciBilgisi/Alici_Ara")): Object: 'Object Repository/Olusturma/Genel/AliciBilgisi/Alici_Ara' is clicked on

2021-10-21 14:12:41 - [MESSAGE][INFO] - Finding Test Object 'Object Repository/Olusturma/Genel/AliciBilgisi/Alici_Ara'

2021-10-21 14:12:41 - [MESSAGE][INFO] - Checking object

2021-10-21 14:12:41 - [MESSAGE][INFO] - Finding web element from Test Object's properties

2021-10-21 14:12:41 - [MESSAGE][INFO] - Checking timeout

2021-10-21 14:12:41 - [MESSAGE][INFO] - Finding web element with id: 'Object Repository/Olusturma/Genel/AliciBilgisi/Alici_Ara' located by 'By.xpath: //td[@id='txtCustomerText_B-1']' in '30' second(s)

2021-10-21 14:12:41 - [MESSAGE][INFO] - Smart Wait Function is triggered

2021-10-21 14:12:42 - [MESSAGE][INFO] - Found 1 web elements with id: 'Object Repository/Olusturma/Genel/AliciBilgisi/Alici_Ara' located by 'By.xpath: //td[@id='txtCustomerText_B-1']' in '30' second(s)

2021-10-21 14:12:42 - [MESSAGE][INFO] - Clicking on object: 'Object Repository/Olusturma/Genel/AliciBilgisi/Alici_Ara'

2021-10-21 14:12:42 - [MESSAGE][PASSED] - Object: 'Object Repository/Olusturma/Genel/AliciBilgisi/Alici_Ara' is clicked on

2021-10-21 14:12:42 - [TEST_STEP][PASSED] - click(findTestObject("Olusturma/Genel/AliciBilgisi/Alici_Bilgisi")): Object: 'Object Repository/Olusturma/Genel/AliciBilgisi/Alici_Bilgisi' is clicked on

2021-10-21 14:12:42 - [MESSAGE][INFO] - Finding Test Object 'Object Repository/Olusturma/Genel/AliciBilgisi/Alici_Bilgisi'

2021-10-21 14:12:42 - [MESSAGE][INFO] - Checking object

2021-10-21 14:12:42 - [MESSAGE][INFO] - Finding web element from Test Object's properties

2021-10-21 14:12:42 - [MESSAGE][INFO] - Checking timeout

2021-10-21 14:12:42 - [MESSAGE][INFO] - Finding web element with id: 'Object Repository/Olusturma/Genel/AliciBilgisi/Alici_Bilgisi' located by 'By.xpath: //iframe[@id='customerselectiframe']' in '30' second(s)

2021-10-21 14:12:42 - [MESSAGE][INFO] - Smart Wait Function is triggered

2021-10-21 14:12:42 - [MESSAGE][INFO] - Found 1 web elements with id: 'Object Repository/Olusturma/Genel/AliciBilgisi/Alici_Bilgisi' located by 'By.xpath: //iframe[@id='customerselectiframe']' in '30' second(s)

2021-10-21 14:12:42 - [MESSAGE][INFO] - Clicking on object: 'Object Repository/Olusturma/Genel/AliciBilgisi/Alici_Bilgisi'

2021-10-21 14:12:42 - [MESSAGE][PASSED] - Object: 'Object Repository/Olusturma/Genel/AliciBilgisi/Alici_Bilgisi' is clicked on

2021-10-21 14:12:42 - [TEST_STEP][PASSED] - setText(findTestObject("Olusturma/Genel/AliciBilgisi/Alici_Gir"), Alici_Adi): Switching to default content

2021-10-21 14:12:42 - [MESSAGE][INFO] - Finding Test Object 'Object Repository/Olusturma/Genel/AliciBilgisi/Alici_Gir'

2021-10-21 14:12:42 - [MESSAGE][INFO] - Finding Test Object 'Object Repository/Olusturma/Genel/AliciBilgisi/Alici_Bilgisi'

2021-10-21 14:12:43 - [MESSAGE][INFO] - Checking object

2021-10-21 14:12:43 - [MESSAGE][INFO] - Checking text

2021-10-21 14:12:43 - [MESSAGE][INFO] - Object: 'Object Repository/Olusturma/Genel/AliciBilgisi/Alici_Gir' has parent object(s)

2021-10-21 14:12:43 - [MESSAGE][INFO] - Switching to iframe: 'Object Repository/Olusturma/Genel/AliciBilgisi/Alici_Bilgisi'

2021-10-21 14:12:43 - [MESSAGE][INFO] - Finding web element from Test Object's properties

2021-10-21 14:12:43 - [MESSAGE][INFO] - Checking timeout

2021-10-21 14:12:43 - [MESSAGE][INFO] - Finding web element with id: 'Object Repository/Olusturma/Genel/AliciBilgisi/Alici_Bilgisi' located by 'By.xpath: //iframe[@id='customerselectiframe']' in '30' second(s)

2021-10-21 14:12:43 - [MESSAGE][INFO] - Smart Wait Function is triggered

2021-10-21 14:12:43 - [MESSAGE][INFO] - Found 1 web elements with id: 'Object Repository/Olusturma/Genel/AliciBilgisi/Alici_Bilgisi' located by 'By.xpath: //iframe[@id='customerselectiframe']' in '30' second(s)

2021-10-21 14:12:43 - [MESSAGE][INFO] - Switched to iframe: 'Object Repository/Olusturma/Genel/AliciBilgisi/Alici_Bilgisi'

2021-10-21 14:12:43 - [MESSAGE][INFO] - Finding web element from Test Object's properties

2021-10-21 14:12:43 - [MESSAGE][INFO] - Checking timeout

2021-10-21 14:12:43 - [MESSAGE][INFO] - Finding web element with id: 'Object Repository/Olusturma/Genel/AliciBilgisi/Alici_Gir' located by 'By.xpath: //input[@id='GridViewCustomer_DXFREditorcol1_I']' in '30' second(s)

2021-10-21 14:12:43 - [MESSAGE][INFO] - Smart Wait Function is triggered

2021-10-21 14:12:43 - [MESSAGE][INFO] - Found 1 web elements with id: 'Object Repository/Olusturma/Genel/AliciBilgisi/Alici_Gir' located by 'By.xpath: //input[@id='GridViewCustomer_DXFREditorcol1_I']' in '30' second(s)

2021-10-21 14:12:43 - [MESSAGE][INFO] - Clearing text of object 'Object Repository/Olusturma/Genel/AliciBilgisi/Alici_Gir'

2021-10-21 14:12:43 - [MESSAGE][INFO] - Finding web element from Test Object's properties

2021-10-21 14:12:43 - [MESSAGE][INFO] - Checking timeout

2021-10-21 14:12:43 - [MESSAGE][INFO] - Finding web element with id: 'Object Repository/Olusturma/Genel/AliciBilgisi/Alici_Gir' located by 'By.xpath: //input[@id='GridViewCustomer_DXFREditorcol1_I']' in '30' second(s)

2021-10-21 14:12:43 - [MESSAGE][INFO] - Smart Wait Function is triggered

2021-10-21 14:12:43 - [MESSAGE][INFO] - Found 1 web elements with id: 'Object Repository/Olusturma/Genel/AliciBilgisi/Alici_Gir' located by 'By.xpath: //input[@id='GridViewCustomer_DXFREditorcol1_I']' in '30' second(s)

2021-10-21 14:12:43 - [MESSAGE][INFO] - Setting text of object 'Object Repository/Olusturma/Genel/AliciBilgisi/Alici_Gir' to value 'UC0045'

2021-10-21 14:12:43 - [MESSAGE][PASSED] - Text 'UC0045' is set on object 'Object Repository/Olusturma/Genel/AliciBilgisi/Alici_Gir'

2021-10-21 14:12:43 - [MESSAGE][INFO] - Switching to default content

2021-10-21 14:12:43 - [TEST_STEP][PASSED] - waitForElementClickable(findTestObject("Olusturma/Genel/AliciBilgisi/Alici_Adi"), 10): Switching to default content

2021-10-21 14:12:43 - [MESSAGE][INFO] - Finding Test Object 'Object Repository/Olusturma/Genel/AliciBilgisi/Alici_Adi'

2021-10-21 14:12:43 - [MESSAGE][INFO] - Finding Test Object 'Object Repository/Olusturma/Genel/AliciBilgisi/iframe_Alc Bilgisi_customerselectiframe'

2021-10-21 14:12:43 - [MESSAGE][INFO] - Checking object

2021-10-21 14:12:43 - [MESSAGE][INFO] - Checking timeout

2021-10-21 14:12:43 - [MESSAGE][INFO] - Object: 'Object Repository/Olusturma/Genel/AliciBilgisi/Alici_Adi' has parent object(s)

2021-10-21 14:12:43 - [MESSAGE][INFO] - Switching to iframe: 'Object Repository/Olusturma/Genel/AliciBilgisi/iframe_Alc Bilgisi_customerselectiframe'

2021-10-21 14:12:43 - [MESSAGE][INFO] - Finding web element from Test Object's properties

2021-10-21 14:12:43 - [MESSAGE][INFO] - Checking timeout

2021-10-21 14:12:43 - [MESSAGE][INFO] - Finding web element with id: 'Object Repository/Olusturma/Genel/AliciBilgisi/iframe_Alc Bilgisi_customerselectiframe' located by 'By.xpath: //iframe[@id='customerselectiframe']' in '10' second(s)

2021-10-21 14:12:43 - [MESSAGE][INFO] - Smart Wait Function is triggered

2021-10-21 14:12:44 - [MESSAGE][INFO] - Found 1 web elements with id: 'Object Repository/Olusturma/Genel/AliciBilgisi/iframe_Alc Bilgisi_customerselectiframe' located by 'By.xpath: //iframe[@id='customerselectiframe']' in '10' second(s)

2021-10-21 14:12:44 - [MESSAGE][INFO] - Switched to iframe: 'Object Repository/Olusturma/Genel/AliciBilgisi/iframe_Alc Bilgisi_customerselectiframe'

2021-10-21 14:12:44 - [MESSAGE][INFO] - Finding web element from Test Object's properties

2021-10-21 14:12:44 - [MESSAGE][INFO] - Checking timeout

2021-10-21 14:12:44 - [MESSAGE][INFO] - Finding web element with id: 'Object Repository/Olusturma/Genel/AliciBilgisi/Alici_Adi' located by 'By.xpath: //tr[@id='GridViewCustomer_DXDataRow0']/td[2]' in '10' second(s)

2021-10-21 14:12:44 - [MESSAGE][INFO] - Smart Wait Function is triggered

2021-10-21 14:12:44 - [MESSAGE][INFO] - Found 1 web elements with id: 'Object Repository/Olusturma/Genel/AliciBilgisi/Alici_Adi' located by 'By.xpath: //tr[@id='GridViewCustomer_DXDataRow0']/td[2]' in '10' second(s)

2021-10-21 14:12:44 - [MESSAGE][PASSED] - Object 'Object Repository/Olusturma/Genel/AliciBilgisi/Alici_Adi' is clickable

2021-10-21 14:12:44 - [MESSAGE][INFO] - Switching to default content

2021-10-21 14:12:44 - [TEST_STEP][PASSED] - click(findTestObject("Olusturma/Genel/AliciBilgisi/frame")): Switching to default content

2021-10-21 14:12:44 - [MESSAGE][INFO] - Finding Test Object 'Object Repository/Olusturma/Genel/AliciBilgisi/frame'

2021-10-21 14:12:44 - [MESSAGE][INFO] - Finding Test Object 'Object Repository/Olusturma/Genel/AliciBilgisi/iframe_Alc Bilgisi_customerselectiframe'

2021-10-21 14:12:44 - [MESSAGE][INFO] - Checking object

2021-10-21 14:12:44 - [MESSAGE][INFO] - Object: 'Object Repository/Olusturma/Genel/AliciBilgisi/frame' has parent object(s)

2021-10-21 14:12:44 - [MESSAGE][INFO] - Switching to iframe: 'Object Repository/Olusturma/Genel/AliciBilgisi/iframe_Alc Bilgisi_customerselectiframe'

2021-10-21 14:12:44 - [MESSAGE][INFO] - Finding web element from Test Object's properties

2021-10-21 14:12:44 - [MESSAGE][INFO] - Checking timeout

2021-10-21 14:12:44 - [MESSAGE][INFO] - Finding web element with id: 'Object Repository/Olusturma/Genel/AliciBilgisi/iframe_Alc Bilgisi_customerselectiframe' located by 'By.xpath: //iframe[@id='customerselectiframe']' in '30' second(s)

2021-10-21 14:12:44 - [MESSAGE][INFO] - Smart Wait Function is triggered

2021-10-21 14:12:44 - [MESSAGE][INFO] - Found 1 web elements with id: 'Object Repository/Olusturma/Genel/AliciBilgisi/iframe_Alc Bilgisi_customerselectiframe' located by 'By.xpath: //iframe[@id='customerselectiframe']' in '30' second(s)

2021-10-21 14:12:44 - [MESSAGE][INFO] - Switched to iframe: 'Object Repository/Olusturma/Genel/AliciBilgisi/iframe_Alc Bilgisi_customerselectiframe'

2021-10-21 14:12:44 - [MESSAGE][INFO] - Finding web element from Test Object's properties

2021-10-21 14:12:44 - [MESSAGE][INFO] - Checking timeout

2021-10-21 14:12:44 - [MESSAGE][INFO] - Finding web element with id: 'Object Repository/Olusturma/Genel/AliciBilgisi/frame' located by 'By.xpath: //*/text()[normalize-space(.)='']/parent::*' in '30' second(s)

2021-10-21 14:12:44 - [MESSAGE][INFO] - Smart Wait Function is triggered

2021-10-21 14:12:44 - [MESSAGE][INFO] - Found 73 web elements with id: 'Object Repository/Olusturma/Genel/AliciBilgisi/frame' located by 'By.xpath: //*/text()[normalize-space(.)='']/parent::*' in '30' second(s)

2021-10-21 14:12:44 - [MESSAGE][INFO] - Clicking on object: 'Object Repository/Olusturma/Genel/AliciBilgisi/frame'

2021-10-21 14:12:44 - [MESSAGE][PASSED] - Object: 'Object Repository/Olusturma/Genel/AliciBilgisi/frame' is clicked on

2021-10-21 14:12:44 - [MESSAGE][INFO] - Switching to default content

2021-10-21 14:12:44 - [TEST_STEP][PASSED] - click(findTestObject("Olusturma/Genel/AliciBilgisi/Alici_Adi")): Switching to default content

2021-10-21 14:12:44 - [MESSAGE][INFO] - Finding Test Object 'Object Repository/Olusturma/Genel/AliciBilgisi/Alici_Adi'

2021-10-21 14:12:44 - [MESSAGE][INFO] - Finding Test Object 'Object Repository/Olusturma/Genel/AliciBilgisi/iframe_Alc Bilgisi_customerselectiframe'

2021-10-21 14:12:45 - [MESSAGE][INFO] - Checking object

2021-10-21 14:12:45 - [MESSAGE][INFO] - Object: 'Object Repository/Olusturma/Genel/AliciBilgisi/Alici_Adi' has parent object(s)

2021-10-21 14:12:45 - [MESSAGE][INFO] - Switching to iframe: 'Object Repository/Olusturma/Genel/AliciBilgisi/iframe_Alc Bilgisi_customerselectiframe'

2021-10-21 14:12:45 - [MESSAGE][INFO] - Finding web element from Test Object's properties

2021-10-21 14:12:45 - [MESSAGE][INFO] - Checking timeout

2021-10-21 14:12:45 - [MESSAGE][INFO] - Finding web element with id: 'Object Repository/Olusturma/Genel/AliciBilgisi/iframe_Alc Bilgisi_customerselectiframe' located by 'By.xpath: //iframe[@id='customerselectiframe']' in '30' second(s)

2021-10-21 14:12:45 - [MESSAGE][INFO] - Smart Wait Function is triggered

2021-10-21 14:12:45 - [MESSAGE][INFO] - Found 1 web elements with id: 'Object Repository/Olusturma/Genel/AliciBilgisi/iframe_Alc Bilgisi_customerselectiframe' located by 'By.xpath: //iframe[@id='customerselectiframe']' in '30' second(s)

2021-10-21 14:12:45 - [MESSAGE][INFO] - Switched to iframe: 'Object Repository/Olusturma/Genel/AliciBilgisi/iframe_Alc Bilgisi_customerselectiframe'

2021-10-21 14:12:45 - [MESSAGE][INFO] - Finding web element from Test Object's properties

2021-10-21 14:12:45 - [MESSAGE][INFO] - Checking timeout

2021-10-21 14:12:45 - [MESSAGE][INFO] - Finding web element with id: 'Object Repository/Olusturma/Genel/AliciBilgisi/Alici_Adi' located by 'By.xpath: //tr[@id='GridViewCustomer_DXDataRow0']/td[2]' in '30' second(s)

2021-10-21 14:12:45 - [MESSAGE][INFO] - Smart Wait Function is triggered

2021-10-21 14:12:45 - [MESSAGE][INFO] - Found 1 web elements with id: 'Object Repository/Olusturma/Genel/AliciBilgisi/Alici_Adi' located by 'By.xpath: //tr[@id='GridViewCustomer_DXDataRow0']/td[2]' in '30' second(s)

2021-10-21 14:12:45 - [MESSAGE][INFO] - Clicking on object: 'Object Repository/Olusturma/Genel/AliciBilgisi/Alici_Adi'

2021-10-21 14:12:45 - [MESSAGE][PASSED] - Object: 'Object Repository/Olusturma/Genel/AliciBilgisi/Alici_Adi' is clicked on

2021-10-21 14:12:45 - [MESSAGE][INFO] - Switching to default content

2021-10-21 14:12:45 - [TEST_STEP][PASSED] - click(findTestObject("Olusturma/Genel/AliciBilgisi/Tamam_Bosluk")): Switching to default content

2021-10-21 14:12:45 - [MESSAGE][INFO] - Finding Test Object 'Object Repository/Olusturma/Genel/AliciBilgisi/Tamam_Bosluk'

2021-10-21 14:12:45 - [MESSAGE][INFO] - Finding Test Object 'Object Repository/Olusturma/Genel/AliciBilgisi/Alici_Bilgisi'

2021-10-21 14:12:45 - [MESSAGE][INFO] - Checking object

2021-10-21 14:12:45 - [MESSAGE][INFO] - Object: 'Object Repository/Olusturma/Genel/AliciBilgisi/Tamam_Bosluk' has parent object(s)

2021-10-21 14:12:45 - [MESSAGE][INFO] - Switching to iframe: 'Object Repository/Olusturma/Genel/AliciBilgisi/Alici_Bilgisi'

2021-10-21 14:12:45 - [MESSAGE][INFO] - Finding web element from Test Object's properties

2021-10-21 14:12:45 - [MESSAGE][INFO] - Checking timeout

2021-10-21 14:12:45 - [MESSAGE][INFO] - Finding web element with id: 'Object Repository/Olusturma/Genel/AliciBilgisi/Alici_Bilgisi' located by 'By.xpath: //iframe[@id='customerselectiframe']' in '30' second(s)

2021-10-21 14:12:45 - [MESSAGE][INFO] - Smart Wait Function is triggered

2021-10-21 14:12:45 - [MESSAGE][INFO] - Found 1 web elements with id: 'Object Repository/Olusturma/Genel/AliciBilgisi/Alici_Bilgisi' located by 'By.xpath: //iframe[@id='customerselectiframe']' in '30' second(s)

2021-10-21 14:12:45 - [MESSAGE][INFO] - Switched to iframe: 'Object Repository/Olusturma/Genel/AliciBilgisi/Alici_Bilgisi'

2021-10-21 14:12:45 - [MESSAGE][INFO] - Finding web element from Test Object's properties

2021-10-21 14:12:45 - [MESSAGE][INFO] - Checking timeout

2021-10-21 14:12:45 - [MESSAGE][INFO] - Finding web element with id: 'Object Repository/Olusturma/Genel/AliciBilgisi/Tamam_Bosluk' located by 'By.xpath: (.//*[normalize-space(text()) and normalize-space(.)='Sayfa Boyutu:'])[1]/following::div[7]' in '30' second(s)

2021-10-21 14:12:45 - [MESSAGE][INFO] - Smart Wait Function is triggered

2021-10-21 14:12:45 - [MESSAGE][INFO] - Found 1 web elements with id: 'Object Repository/Olusturma/Genel/AliciBilgisi/Tamam_Bosluk' located by 'By.xpath: (.//*[normalize-space(text()) and normalize-space(.)='Sayfa Boyutu:'])[1]/following::div[7]' in '30' second(s)

2021-10-21 14:12:45 - [MESSAGE][INFO] - Clicking on object: 'Object Repository/Olusturma/Genel/AliciBilgisi/Tamam_Bosluk'

2021-10-21 14:12:46 - [MESSAGE][PASSED] - Object: 'Object Repository/Olusturma/Genel/AliciBilgisi/Tamam_Bosluk' is clicked on

2021-10-21 14:12:46 - [MESSAGE][INFO] - Switching to default content

2021-10-21 14:12:46 - [TEST_STEP][PASSED] - waitForElementClickable(findTestObject("Olusturma/Genel/AliciBilgisi/Tamam_Butonu"), 10): Switching to default content

2021-10-21 14:12:46 - [MESSAGE][INFO] - Finding Test Object 'Object Repository/Olusturma/Genel/AliciBilgisi/Tamam_Butonu'

2021-10-21 14:12:46 - [MESSAGE][INFO] - Finding Test Object 'Object Repository/Olusturma/Genel/AliciBilgisi/Alici_Bilgisi'

2021-10-21 14:12:46 - [MESSAGE][INFO] - Checking object

2021-10-21 14:12:46 - [MESSAGE][INFO] - Checking timeout

2021-10-21 14:12:46 - [MESSAGE][INFO] - Object: 'Object Repository/Olusturma/Genel/AliciBilgisi/Tamam_Butonu' has parent object(s)

2021-10-21 14:12:46 - [MESSAGE][INFO] - Switching to iframe: 'Object Repository/Olusturma/Genel/AliciBilgisi/Alici_Bilgisi'

2021-10-21 14:12:46 - [MESSAGE][INFO] - Finding web element from Test Object's properties

2021-10-21 14:12:46 - [MESSAGE][INFO] - Checking timeout

2021-10-21 14:12:46 - [MESSAGE][INFO] - Finding web element with id: 'Object Repository/Olusturma/Genel/AliciBilgisi/Alici_Bilgisi' located by 'By.xpath: //iframe[@id='customerselectiframe']' in '10' second(s)

2021-10-21 14:12:46 - [MESSAGE][INFO] - Smart Wait Function is triggered

2021-10-21 14:12:46 - [MESSAGE][INFO] - Found 1 web elements with id: 'Object Repository/Olusturma/Genel/AliciBilgisi/Alici_Bilgisi' located by 'By.xpath: //iframe[@id='customerselectiframe']' in '10' second(s)

2021-10-21 14:12:46 - [MESSAGE][INFO] - Switched to iframe: 'Object Repository/Olusturma/Genel/AliciBilgisi/Alici_Bilgisi'

2021-10-21 14:12:46 - [MESSAGE][INFO] - Finding web element from Test Object's properties

2021-10-21 14:12:46 - [MESSAGE][INFO] - Checking timeout

2021-10-21 14:12:46 - [MESSAGE][INFO] - Finding web element with id: 'Object Repository/Olusturma/Genel/AliciBilgisi/Tamam_Butonu' located by 'By.xpath: //div[@id='btnSelectCustomer_CD']/span' in '10' second(s)

2021-10-21 14:12:46 - [MESSAGE][INFO] - Smart Wait Function is triggered

2021-10-21 14:12:46 - [MESSAGE][INFO] - Found 1 web elements with id: 'Object Repository/Olusturma/Genel/AliciBilgisi/Tamam_Butonu' located by 'By.xpath: //div[@id='btnSelectCustomer_CD']/span' in '10' second(s)

2021-10-21 14:12:46 - [MESSAGE][PASSED] - Object 'Object Repository/Olusturma/Genel/AliciBilgisi/Tamam_Butonu' is clickable

2021-10-21 14:12:46 - [MESSAGE][INFO] - Switching to default content

2021-10-21 14:12:46 - [TEST_STEP][PASSED] - click(findTestObject("Olusturma/Genel/AliciBilgisi/Tamam_Butonu")): Switching to default content

2021-10-21 14:12:46 - [MESSAGE][INFO] - Finding Test Object 'Object Repository/Olusturma/Genel/AliciBilgisi/Tamam_Butonu'

2021-10-21 14:12:46 - [MESSAGE][INFO] - Finding Test Object 'Object Repository/Olusturma/Genel/AliciBilgisi/Alici_Bilgisi'

2021-10-21 14:12:46 - [MESSAGE][INFO] - Checking object

2021-10-21 14:12:46 - [MESSAGE][INFO] - Object: 'Object Repository/Olusturma/Genel/AliciBilgisi/Tamam_Butonu' has parent object(s)

2021-10-21 14:12:46 - [MESSAGE][INFO] - Switching to iframe: 'Object Repository/Olusturma/Genel/AliciBilgisi/Alici_Bilgisi'

2021-10-21 14:12:46 - [MESSAGE][INFO] - Finding web element from Test Object's properties

2021-10-21 14:12:46 - [MESSAGE][INFO] - Checking timeout

2021-10-21 14:12:46 - [MESSAGE][INFO] - Finding web element with id: 'Object Repository/Olusturma/Genel/AliciBilgisi/Alici_Bilgisi' located by 'By.xpath: //iframe[@id='customerselectiframe']' in '30' second(s)

2021-10-21 14:12:46 - [MESSAGE][INFO] - Smart Wait Function is triggered

2021-10-21 14:12:47 - [MESSAGE][INFO] - Found 1 web elements with id: 'Object Repository/Olusturma/Genel/AliciBilgisi/Alici_Bilgisi' located by 'By.xpath: //iframe[@id='customerselectiframe']' in '30' second(s)

2021-10-21 14:12:47 - [MESSAGE][INFO] - Switched to iframe: 'Object Repository/Olusturma/Genel/AliciBilgisi/Alici_Bilgisi'

2021-10-21 14:12:47 - [MESSAGE][INFO] - Finding web element from Test Object's properties

2021-10-21 14:12:47 - [MESSAGE][INFO] - Checking timeout

2021-10-21 14:12:47 - [MESSAGE][INFO] - Finding web element with id: 'Object Repository/Olusturma/Genel/AliciBilgisi/Tamam_Butonu' located by 'By.xpath: //div[@id='btnSelectCustomer_CD']/span' in '30' second(s)

2021-10-21 14:12:47 - [MESSAGE][INFO] - Smart Wait Function is triggered

2021-10-21 14:12:47 - [MESSAGE][INFO] - Found 1 web elements with id: 'Object Repository/Olusturma/Genel/AliciBilgisi/Tamam_Butonu' located by 'By.xpath: //div[@id='btnSelectCustomer_CD']/span' in '30' second(s)

2021-10-21 14:12:47 - [MESSAGE][INFO] - Clicking on object: 'Object Repository/Olusturma/Genel/AliciBilgisi/Tamam_Butonu'

2021-10-21 14:12:47 - [MESSAGE][PASSED] - Object: 'Object Repository/Olusturma/Genel/AliciBilgisi/Tamam_Butonu' is clicked on

2021-10-21 14:12:47 - [MESSAGE][INFO] - Switching to default content

2021-10-21 14:12:47 - [TEST_STEP][PASSED] - waitForElementPresent(findTestObject("Olusturma/Genel/AliciBilgisi/VKN-TCKN"), 10): Object 'Object Repository/Olusturma/Genel/AliciBilgisi/VKN-TCKN' is present

2021-10-21 14:12:47 - [MESSAGE][INFO] - Finding Test Object 'Object Repository/Olusturma/Genel/AliciBilgisi/VKN-TCKN'

2021-10-21 14:12:47 - [MESSAGE][INFO] - Checking object

2021-10-21 14:12:47 - [MESSAGE][INFO] - Finding web element from Test Object's properties

2021-10-21 14:12:47 - [MESSAGE][INFO] - Checking timeout

2021-10-21 14:12:47 - [MESSAGE][INFO] - Finding web element with id: 'Object Repository/Olusturma/Genel/AliciBilgisi/VKN-TCKN' located by 'By.xpath: //*[@id = 'txtVknTckn_I']' in '10' second(s)

2021-10-21 14:12:47 - [MESSAGE][INFO] - Smart Wait Function is triggered

2021-10-21 14:12:47 - [MESSAGE][INFO] - Found 1 web elements with id: 'Object Repository/Olusturma/Genel/AliciBilgisi/VKN-TCKN' located by 'By.xpath: //*[@id = 'txtVknTckn_I']' in '10' second(s)

2021-10-21 14:12:47 - [MESSAGE][PASSED] - Object 'Object Repository/Olusturma/Genel/AliciBilgisi/VKN-TCKN' is present

2021-10-21 14:12:47 - [TEST_STEP][PASSED] - text = getAttribute(findTestObject("Olusturma/Genel/AliciBilgisi/VKN-TCKN"), "value"): Attribute 'value' of object 'Object Repository/Olusturma/Genel/AliciBilgisi/VKN-TCKN' is: '0748742193'

2021-10-21 14:12:47 - [MESSAGE][INFO] - Finding Test Object 'Object Repository/Olusturma/Genel/AliciBilgisi/VKN-TCKN'

2021-10-21 14:12:48 - [MESSAGE][INFO] - Checking object

2021-10-21 14:12:48 - [MESSAGE][INFO] - Checking attribute

2021-10-21 14:12:48 - [MESSAGE][INFO] - Finding web element from Test Object's properties

2021-10-21 14:12:48 - [MESSAGE][INFO] - Checking timeout

2021-10-21 14:12:48 - [MESSAGE][INFO] - Finding web element with id: 'Object Repository/Olusturma/Genel/AliciBilgisi/VKN-TCKN' located by 'By.xpath: //*[@id = 'txtVknTckn_I']' in '30' second(s)

2021-10-21 14:12:48 - [MESSAGE][INFO] - Smart Wait Function is triggered

2021-10-21 14:12:48 - [MESSAGE][INFO] - Found 1 web elements with id: 'Object Repository/Olusturma/Genel/AliciBilgisi/VKN-TCKN' located by 'By.xpath: //*[@id = 'txtVknTckn_I']' in '30' second(s)

2021-10-21 14:12:48 - [MESSAGE][INFO] - Getting attribute 'value' of object 'Object Repository/Olusturma/Genel/AliciBilgisi/VKN-TCKN'

2021-10-21 14:12:48 - [MESSAGE][PASSED] - Attribute 'value' of object 'Object Repository/Olusturma/Genel/AliciBilgisi/VKN-TCKN' is: '0748742193'

2021-10-21 14:12:48 - [TEST_STEP][PASSED] - if (text.equals("")): null

2021-10-21 14:12:48 - [MESSAGE][PASSED] - Call Test Case 'Test Cases/Olusturma/Genel/AliciSecilir' successfully

2021-10-21 14:12:48 - [MESSAGE][INFO] - Checking called Test Case

2021-10-21 14:12:48 - [MESSAGE][INFO] - Starting to call Test Case 'Test Cases/Olusturma/Genel/EkleButonunaBasilir'

2021-10-21 14:12:48 - [TEST_CASE][PASSED] - Test Cases/Olusturma/Genel/EkleButonunaBasilir: Test Cases/Olusturma/Genel/EkleButonunaBasilir

2021-10-21 14:12:49 - [TEST_STEP][PASSED] - waitForElementClickable(findTestObject("Object Repository/Olusturma/Genel/Olusturma/Ekle"), 10): Object 'Object Repository/Olusturma/Genel/Olusturma/Ekle' is clickable

2021-10-21 14:12:49 - [MESSAGE][INFO] - Finding Test Object 'Object Repository/Olusturma/Genel/Olusturma/Ekle'

2021-10-21 14:12:49 - [MESSAGE][INFO] - Checking object

2021-10-21 14:12:49 - [MESSAGE][INFO] - Checking timeout

2021-10-21 14:12:49 - [MESSAGE][INFO] - Finding web element from Test Object's properties

2021-10-21 14:12:49 - [MESSAGE][INFO] - Checking timeout

2021-10-21 14:12:49 - [MESSAGE][INFO] - Finding web element with id: 'Object Repository/Olusturma/Genel/Olusturma/Ekle' located by 'By.cssSelector: #divmalhizmet i.fa.fa-plus.fa-lg.text-muted' in '10' second(s)

2021-10-21 14:12:49 - [MESSAGE][INFO] - Smart Wait Function is triggered

2021-10-21 14:12:49 - [MESSAGE][INFO] - Found 1 web elements with id: 'Object Repository/Olusturma/Genel/Olusturma/Ekle' located by 'By.cssSelector: #divmalhizmet i.fa.fa-plus.fa-lg.text-muted' in '10' second(s)

2021-10-21 14:12:49 - [MESSAGE][PASSED] - Object 'Object Repository/Olusturma/Genel/Olusturma/Ekle' is clickable

2021-10-21 14:12:49 - [TEST_STEP][PASSED] - click(findTestObject("Object Repository/Olusturma/Genel/Olusturma/Ekle")): Object: 'Object Repository/Olusturma/Genel/Olusturma/Ekle' is clicked on

2021-10-21 14:12:49 - [MESSAGE][INFO] - Finding Test Object 'Object Repository/Olusturma/Genel/Olusturma/Ekle'

2021-10-21 14:12:49 - [MESSAGE][INFO] - Checking object

2021-10-21 14:12:49 - [MESSAGE][INFO] - Finding web element from Test Object's properties

2021-10-21 14:12:49 - [MESSAGE][INFO] - Checking timeout

2021-10-21 14:12:49 - [MESSAGE][INFO] - Finding web element with id: 'Object Repository/Olusturma/Genel/Olusturma/Ekle' located by 'By.cssSelector: #divmalhizmet i.fa.fa-plus.fa-lg.text-muted' in '30' second(s)

2021-10-21 14:12:49 - [MESSAGE][INFO] - Smart Wait Function is triggered

2021-10-21 14:12:49 - [MESSAGE][INFO] - Found 1 web elements with id: 'Object Repository/Olusturma/Genel/Olusturma/Ekle' located by 'By.cssSelector: #divmalhizmet i.fa.fa-plus.fa-lg.text-muted' in '30' second(s)

2021-10-21 14:12:49 - [MESSAGE][INFO] - Clicking on object: 'Object Repository/Olusturma/Genel/Olusturma/Ekle'

2021-10-21 14:12:49 - [MESSAGE][PASSED] - Object: 'Object Repository/Olusturma/Genel/Olusturma/Ekle' is clicked on

2021-10-21 14:12:49 - [TEST_STEP][PASSED] - waitForElementClickable(findTestObject("Olusturma/Genel/Olusturma/EklenenSatirCarpiImage"), 10): Object 'Object Repository/Olusturma/Genel/Olusturma/EklenenSatirCarpiImage' is clickable

2021-10-21 14:12:49 - [MESSAGE][INFO] - Finding Test Object 'Object Repository/Olusturma/Genel/Olusturma/EklenenSatirCarpiImage'

2021-10-21 14:12:49 - [MESSAGE][INFO] - Checking object

2021-10-21 14:12:49 - [MESSAGE][INFO] - Checking timeout

2021-10-21 14:12:49 - [MESSAGE][INFO] - Finding web element from Test Object's properties

2021-10-21 14:12:49 - [MESSAGE][INFO] - Checking timeout

2021-10-21 14:12:49 - [MESSAGE][INFO] - Finding web element with id: 'Object Repository/Olusturma/Genel/Olusturma/EklenenSatirCarpiImage' located by 'By.cssSelector: .fa.fa-times.fa-lg.text-primary' in '10' second(s)

2021-10-21 14:12:49 - [MESSAGE][INFO] - Smart Wait Function is triggered

2021-10-21 14:12:50 - [MESSAGE][INFO] - Smart Wait Function is triggered

2021-10-21 14:12:51 - [MESSAGE][INFO] - Found 1 web elements with id: 'Object Repository/Olusturma/Genel/Olusturma/EklenenSatirCarpiImage' located by 'By.cssSelector: .fa.fa-times.fa-lg.text-primary' in '10' second(s)

2021-10-21 14:12:51 - [MESSAGE][PASSED] - Object 'Object Repository/Olusturma/Genel/Olusturma/EklenenSatirCarpiImage' is clickable

2021-10-21 14:12:51 - [MESSAGE][PASSED] - Call Test Case 'Test Cases/Olusturma/Genel/EkleButonunaBasilir' successfully

2021-10-21 14:12:51 - [MESSAGE][INFO] - Checking called Test Case

2021-10-21 14:12:51 - [MESSAGE][INFO] - Starting to call Test Case 'Test Cases/Olusturma/Genel/Olusturma'

2021-10-21 14:12:51 - [TEST_CASE][PASSED] - Test Cases/Olusturma/Genel/Olusturma: Test Cases/Olusturma/Genel/Olusturma

2021-10-21 14:12:52 - [TEST_STEP][PASSED] - driver = getWebDriver(): null

2021-10-21 14:12:52 - [TEST_STEP][PASSED] - action = new org.openqa.selenium.interactions.Actions(driver): null

2021-10-21 14:12:52 - [TEST_STEP][PASSED] - baslikElement = <not implemented yet for class: org.codehaus.groovy.ast.expr.EmptyExpression>: null

2021-10-21 14:12:52 - [TEST_STEP][PASSED] - sonElement = <not implemented yet for class: org.codehaus.groovy.ast.expr.EmptyExpression>: null

2021-10-21 14:12:52 - [TEST_STEP][PASSED] - attr = <not implemented yet for class: org.codehaus.groovy.ast.expr.EmptyExpression>: null

2021-10-21 14:12:52 - [TEST_STEP][PASSED] - a = 0: null

2021-10-21 14:12:52 - [TEST_STEP][PASSED] - elements = findWebElements(findTestObject("Object Repository/Olusturma/Genel/Olusturma/TabloBasliklari"), 10): Found 7 web elements with id: 'Object Repository/Olusturma/Genel/Olusturma/TabloBasliklari' located by 'By.cssSelector: div#divmalhizmet .dxgvTable_LECustomTheme td.dxgvHeader_LECustomTheme tr>td:nth-child(1)' in '10' second(s)

2021-10-21 14:12:52 - [MESSAGE][INFO] - Finding Test Object 'Object Repository/Olusturma/Genel/Olusturma/TabloBasliklari'

2021-10-21 14:12:52 - [MESSAGE][INFO] - Checking timeout

2021-10-21 14:12:52 - [MESSAGE][INFO] - Finding web element with id: 'Object Repository/Olusturma/Genel/Olusturma/TabloBasliklari' located by 'By.cssSelector: div#divmalhizmet .dxgvTable_LECustomTheme td.dxgvHeader_LECustomTheme tr>td:nth-child(1)' in '10' second(s)

2021-10-21 14:12:52 - [MESSAGE][INFO] - Smart Wait Function is triggered

2021-10-21 14:12:52 - [MESSAGE][INFO] - Found 7 web elements with id: 'Object Repository/Olusturma/Genel/Olusturma/TabloBasliklari' located by 'By.cssSelector: div#divmalhizmet .dxgvTable_LECustomTheme td.dxgvHeader_LECustomTheme tr>td:nth-child(1)' in '10' second(s)

2021-10-21 14:12:52 - [TEST_STEP][PASSED] - for (def element : elements): null

2021-10-21 14:12:52 - [TEST_STEP][PASSED] - build().perform(): null

2021-10-21 14:12:52 - [TEST_STEP][PASSED] - if (getText().equals(Baslik)): null

2021-10-21 14:12:52 - [TEST_STEP][PASSED] - baslikElement = element.findElement(By.xpath("../../../..")): Smart Wait Function is triggered

2021-10-21 14:12:52 - [MESSAGE][INFO] - Smart Wait Function is triggered

2021-10-21 14:12:53 - [TEST_STEP][PASSED] - attr = baslikElement.getAttribute("id"): null

2021-10-21 14:12:53 - [TEST_STEP][PASSED] - println("girdi ve idsini aldı = " + attr): null

2021-10-21 14:12:53 - [TEST_STEP][PASSED] - break: null

2021-10-21 14:12:53 - [TEST_STEP][PASSED] - countElement = baslikElement.findElements(By.xpath("../td")): Smart Wait Function is triggered

2021-10-21 14:12:53 - [MESSAGE][INFO] - Smart Wait Function is triggered

2021-10-21 14:12:53 - [TEST_STEP][PASSED] - for (def element : countElement): null

2021-10-21 14:12:53 - [TEST_STEP][PASSED] - if (toString().equals(attr.toString())): null

2021-10-21 14:12:53 - [TEST_STEP][PASSED] - (a++): null

2021-10-21 14:12:53 - [TEST_STEP][PASSED] - if (toString().equals(attr.toString())): null

2021-10-21 14:12:53 - [TEST_STEP][PASSED] - break: null

2021-10-21 14:12:53 - [TEST_STEP][PASSED] - son = findWebElement(findTestObject("Object Repository/Olusturma/Genel/Olusturma/EklenenSatir")).findElement(By.xpath("td[@class='dxgvInlineEditCell_LECustomTheme dxgv'][" + a + "]//td[@class='dxic']/input")): Smart Wait Function is triggered

2021-10-21 14:12:53 - [MESSAGE][INFO] - Finding Test Object 'Object Repository/Olusturma/Genel/Olusturma/EklenenSatir'

2021-10-21 14:12:53 - [MESSAGE][INFO] - Finding web element from Test Object's properties

2021-10-21 14:12:53 - [MESSAGE][INFO] - Checking timeout

2021-10-21 14:12:53 - [MESSAGE][INFO] - Finding web element with id: 'Object Repository/Olusturma/Genel/Olusturma/EklenenSatir' located by 'By.cssSelector: #divmalhizmet .dxgvInlineEditRow_LECustomTheme' in '30' second(s)

2021-10-21 14:12:53 - [MESSAGE][INFO] - Smart Wait Function is triggered

2021-10-21 14:12:53 - [MESSAGE][INFO] - Found 1 web elements with id: 'Object Repository/Olusturma/Genel/Olusturma/EklenenSatir' located by 'By.cssSelector: #divmalhizmet .dxgvInlineEditRow_LECustomTheme' in '30' second(s)

2021-10-21 14:12:53 - [MESSAGE][INFO] - Smart Wait Function is triggered

2021-10-21 14:12:54 - [TEST_STEP][PASSED] - if (!(getAttribute("value").contains("Vkn"))): null

2021-10-21 14:12:54 - [TEST_STEP][PASSED] - son.clear(): null

2021-10-21 14:12:54 - [TEST_STEP][PASSED] - son.sendKeys(Deger): null

2021-10-21 14:12:54 - [MESSAGE][PASSED] - Call Test Case 'Test Cases/Olusturma/Genel/Olusturma' successfully

2021-10-21 14:12:54 - [MESSAGE][INFO] - Checking called Test Case

2021-10-21 14:12:54 - [MESSAGE][INFO] - Starting to call Test Case 'Test Cases/Olusturma/Genel/Olusturma'

2021-10-21 14:12:54 - [TEST_CASE][PASSED] - Test Cases/Olusturma/Genel/Olusturma: Test Cases/Olusturma/Genel/Olusturma

2021-10-21 14:12:54 - [TEST_STEP][PASSED] - driver = getWebDriver(): null

2021-10-21 14:12:54 - [TEST_STEP][PASSED] - action = new org.openqa.selenium.interactions.Actions(driver): null

2021-10-21 14:12:54 - [TEST_STEP][PASSED] - baslikElement = <not implemented yet for class: org.codehaus.groovy.ast.expr.EmptyExpression>: null

2021-10-21 14:12:54 - [TEST_STEP][PASSED] - sonElement = <not implemented yet for class: org.codehaus.groovy.ast.expr.EmptyExpression>: null

2021-10-21 14:12:54 - [TEST_STEP][PASSED] - attr = <not implemented yet for class: org.codehaus.groovy.ast.expr.EmptyExpression>: null

2021-10-21 14:12:54 - [TEST_STEP][PASSED] - a = 0: null

2021-10-21 14:12:54 - [TEST_STEP][PASSED] - elements = findWebElements(findTestObject("Object Repository/Olusturma/Genel/Olusturma/TabloBasliklari"), 10): Found 7 web elements with id: 'Object Repository/Olusturma/Genel/Olusturma/TabloBasliklari' located by 'By.cssSelector: div#divmalhizmet .dxgvTable_LECustomTheme td.dxgvHeader_LECustomTheme tr>td:nth-child(1)' in '10' second(s)

2021-10-21 14:12:54 - [MESSAGE][INFO] - Finding Test Object 'Object Repository/Olusturma/Genel/Olusturma/TabloBasliklari'

2021-10-21 14:12:54 - [MESSAGE][INFO] - Checking timeout

2021-10-21 14:12:54 - [MESSAGE][INFO] - Finding web element with id: 'Object Repository/Olusturma/Genel/Olusturma/TabloBasliklari' located by 'By.cssSelector: div#divmalhizmet .dxgvTable_LECustomTheme td.dxgvHeader_LECustomTheme tr>td:nth-child(1)' in '10' second(s)

2021-10-21 14:12:54 - [MESSAGE][INFO] - Smart Wait Function is triggered

2021-10-21 14:12:55 - [MESSAGE][INFO] - Found 7 web elements with id: 'Object Repository/Olusturma/Genel/Olusturma/TabloBasliklari' located by 'By.cssSelector: div#divmalhizmet .dxgvTable_LECustomTheme td.dxgvHeader_LECustomTheme tr>td:nth-child(1)' in '10' second(s)

2021-10-21 14:12:55 - [TEST_STEP][PASSED] - for (def element : elements): null

2021-10-21 14:12:55 - [TEST_STEP][PASSED] - build().perform(): null

2021-10-21 14:12:55 - [TEST_STEP][PASSED] - if (getText().equals(Baslik)): null

2021-10-21 14:12:55 - [TEST_STEP][PASSED] - build().perform(): null

2021-10-21 14:12:55 - [TEST_STEP][PASSED] - if (getText().equals(Baslik)): null

2021-10-21 14:12:55 - [TEST_STEP][PASSED] - baslikElement = element.findElement(By.xpath("../../../..")): Smart Wait Function is triggered

2021-10-21 14:12:55 - [MESSAGE][INFO] - Smart Wait Function is triggered

2021-10-21 14:12:55 - [TEST_STEP][PASSED] - attr = baslikElement.getAttribute("id"): null

2021-10-21 14:12:55 - [TEST_STEP][PASSED] - println("girdi ve idsini aldı = " + attr): null

2021-10-21 14:12:55 - [TEST_STEP][PASSED] - break: null

2021-10-21 14:12:55 - [TEST_STEP][PASSED] - countElement = baslikElement.findElements(By.xpath("../td")): Smart Wait Function is triggered

2021-10-21 14:12:55 - [MESSAGE][INFO] - Smart Wait Function is triggered

2021-10-21 14:12:56 - [TEST_STEP][PASSED] - for (def element : countElement): null

2021-10-21 14:12:56 - [TEST_STEP][PASSED] - if (toString().equals(attr.toString())): null

2021-10-21 14:12:56 - [TEST_STEP][PASSED] - (a++): null

2021-10-21 14:12:56 - [TEST_STEP][PASSED] - if (toString().equals(attr.toString())): null

2021-10-21 14:12:56 - [TEST_STEP][PASSED] - (a++): null

2021-10-21 14:12:56 - [TEST_STEP][PASSED] - if (toString().equals(attr.toString())): null

2021-10-21 14:12:56 - [TEST_STEP][PASSED] - break: null

2021-10-21 14:12:56 - [TEST_STEP][PASSED] - son = findWebElement(findTestObject("Object Repository/Olusturma/Genel/Olusturma/EklenenSatir")).findElement(By.xpath("td[@class='dxgvInlineEditCell_LECustomTheme dxgv'][" + a + "]//td[@class='dxic']/input")): Smart Wait Function is triggered

2021-10-21 14:12:56 - [MESSAGE][INFO] - Finding Test Object 'Object Repository/Olusturma/Genel/Olusturma/EklenenSatir'

2021-10-21 14:12:56 - [MESSAGE][INFO] - Finding web element from Test Object's properties

2021-10-21 14:12:56 - [MESSAGE][INFO] - Checking timeout

2021-10-21 14:12:56 - [MESSAGE][INFO] - Finding web element with id: 'Object Repository/Olusturma/Genel/Olusturma/EklenenSatir' located by 'By.cssSelector: #divmalhizmet .dxgvInlineEditRow_LECustomTheme' in '30' second(s)

2021-10-21 14:12:56 - [MESSAGE][INFO] - Smart Wait Function is triggered

2021-10-21 14:12:56 - [MESSAGE][INFO] - Found 1 web elements with id: 'Object Repository/Olusturma/Genel/Olusturma/EklenenSatir' located by 'By.cssSelector: #divmalhizmet .dxgvInlineEditRow_LECustomTheme' in '30' second(s)

2021-10-21 14:12:56 - [MESSAGE][INFO] - Smart Wait Function is triggered

2021-10-21 14:12:56 - [TEST_STEP][PASSED] - if (!(getAttribute("value").contains("Vkn"))): null

2021-10-21 14:12:56 - [TEST_STEP][PASSED] - son.clear(): null

2021-10-21 14:12:56 - [TEST_STEP][PASSED] - son.sendKeys(Deger): null

2021-10-21 14:12:56 - [MESSAGE][PASSED] - Call Test Case 'Test Cases/Olusturma/Genel/Olusturma' successfully

2021-10-21 14:12:56 - [MESSAGE][INFO] - Checking called Test Case

2021-10-21 14:12:56 - [MESSAGE][INFO] - Starting to call Test Case 'Test Cases/Olusturma/Genel/Olusturma'

2021-10-21 14:12:57 - [TEST_CASE][PASSED] - Test Cases/Olusturma/Genel/Olusturma: Test Cases/Olusturma/Genel/Olusturma

2021-10-21 14:12:57 - [TEST_STEP][PASSED] - driver = getWebDriver(): null

2021-10-21 14:12:57 - [TEST_STEP][PASSED] - action = new org.openqa.selenium.interactions.Actions(driver): null

2021-10-21 14:12:57 - [TEST_STEP][PASSED] - baslikElement = <not implemented yet for class: org.codehaus.groovy.ast.expr.EmptyExpression>: null

2021-10-21 14:12:57 - [TEST_STEP][PASSED] - sonElement = <not implemented yet for class: org.codehaus.groovy.ast.expr.EmptyExpression>: null

2021-10-21 14:12:57 - [TEST_STEP][PASSED] - attr = <not implemented yet for class: org.codehaus.groovy.ast.expr.EmptyExpression>: null

2021-10-21 14:12:57 - [TEST_STEP][PASSED] - a = 0: null

2021-10-21 14:12:57 - [TEST_STEP][PASSED] - elements = findWebElements(findTestObject("Object Repository/Olusturma/Genel/Olusturma/TabloBasliklari"), 10): Found 7 web elements with id: 'Object Repository/Olusturma/Genel/Olusturma/TabloBasliklari' located by 'By.cssSelector: div#divmalhizmet .dxgvTable_LECustomTheme td.dxgvHeader_LECustomTheme tr>td:nth-child(1)' in '10' second(s)

2021-10-21 14:12:57 - [MESSAGE][INFO] - Finding Test Object 'Object Repository/Olusturma/Genel/Olusturma/TabloBasliklari'

2021-10-21 14:12:57 - [MESSAGE][INFO] - Checking timeout

2021-10-21 14:12:57 - [MESSAGE][INFO] - Finding web element with id: 'Object Repository/Olusturma/Genel/Olusturma/TabloBasliklari' located by 'By.cssSelector: div#divmalhizmet .dxgvTable_LECustomTheme td.dxgvHeader_LECustomTheme tr>td:nth-child(1)' in '10' second(s)

2021-10-21 14:12:57 - [MESSAGE][INFO] - Smart Wait Function is triggered

2021-10-21 14:12:57 - [MESSAGE][INFO] - Found 7 web elements with id: 'Object Repository/Olusturma/Genel/Olusturma/TabloBasliklari' located by 'By.cssSelector: div#divmalhizmet .dxgvTable_LECustomTheme td.dxgvHeader_LECustomTheme tr>td:nth-child(1)' in '10' second(s)

2021-10-21 14:12:57 - [TEST_STEP][PASSED] - for (def element : elements): null

2021-10-21 14:12:57 - [TEST_STEP][PASSED] - build().perform(): null

2021-10-21 14:12:57 - [TEST_STEP][PASSED] - if (getText().equals(Baslik)): null

2021-10-21 14:12:57 - [TEST_STEP][PASSED] - build().perform(): null

2021-10-21 14:12:57 - [TEST_STEP][PASSED] - if (getText().equals(Baslik)): null

2021-10-21 14:12:57 - [TEST_STEP][PASSED] - build().perform(): null

2021-10-21 14:12:57 - [TEST_STEP][PASSED] - if (getText().equals(Baslik)): null

2021-10-21 14:12:57 - [TEST_STEP][PASSED] - build().perform(): null

2021-10-21 14:12:58 - [TEST_STEP][PASSED] - if (getText().equals(Baslik)): null

2021-10-21 14:12:58 - [TEST_STEP][PASSED] - build().perform(): null

2021-10-21 14:12:58 - [TEST_STEP][PASSED] - if (getText().equals(Baslik)): null

2021-10-21 14:12:58 - [TEST_STEP][PASSED] - build().perform(): null

2021-10-21 14:12:58 - [TEST_STEP][PASSED] - if (getText().equals(Baslik)): null

2021-10-21 14:12:58 - [TEST_STEP][PASSED] - baslikElement = element.findElement(By.xpath("../../../..")): Smart Wait Function is triggered

2021-10-21 14:12:58 - [MESSAGE][INFO] - Smart Wait Function is triggered

2021-10-21 14:12:58 - [TEST_STEP][PASSED] - attr = baslikElement.getAttribute("id"): null

2021-10-21 14:12:58 - [TEST_STEP][PASSED] - println("girdi ve idsini aldı = " + attr): null

2021-10-21 14:12:58 - [TEST_STEP][PASSED] - break: null

2021-10-21 14:12:58 - [TEST_STEP][PASSED] - countElement = baslikElement.findElements(By.xpath("../td")): Smart Wait Function is triggered

2021-10-21 14:12:58 - [MESSAGE][INFO] - Smart Wait Function is triggered

2021-10-21 14:12:58 - [TEST_STEP][PASSED] - for (def element : countElement): null

2021-10-21 14:12:58 - [TEST_STEP][PASSED] - if (toString().equals(attr.toString())): null

2021-10-21 14:12:58 - [TEST_STEP][PASSED] - (a++): null

2021-10-21 14:12:58 - [TEST_STEP][PASSED] - if (toString().equals(attr.toString())): null

2021-10-21 14:12:58 - [TEST_STEP][PASSED] - (a++): null

2021-10-21 14:12:58 - [TEST_STEP][PASSED] - if (toString().equals(attr.toString())): null

2021-10-21 14:12:59 - [TEST_STEP][PASSED] - (a++): null

2021-10-21 14:12:59 - [TEST_STEP][PASSED] - if (toString().equals(attr.toString())): null

2021-10-21 14:12:59 - [TEST_STEP][PASSED] - (a++): null

2021-10-21 14:12:59 - [TEST_STEP][PASSED] - if (toString().equals(attr.toString())): null

2021-10-21 14:12:59 - [TEST_STEP][PASSED] - (a++): null

2021-10-21 14:12:59 - [TEST_STEP][PASSED] - if (toString().equals(attr.toString())): null

2021-10-21 14:12:59 - [TEST_STEP][PASSED] - (a++): null

2021-10-21 14:12:59 - [TEST_STEP][PASSED] - if (toString().equals(attr.toString())): null

2021-10-21 14:12:59 - [TEST_STEP][PASSED] - break: null

2021-10-21 14:12:59 - [TEST_STEP][PASSED] - son = findWebElement(findTestObject("Object Repository/Olusturma/Genel/Olusturma/EklenenSatir")).findElement(By.xpath("td[@class='dxgvInlineEditCell_LECustomTheme dxgv'][" + a + "]//td[@class='dxic']/input")): Smart Wait Function is triggered

2021-10-21 14:12:59 - [MESSAGE][INFO] - Finding Test Object 'Object Repository/Olusturma/Genel/Olusturma/EklenenSatir'

2021-10-21 14:12:59 - [MESSAGE][INFO] - Finding web element from Test Object's properties

2021-10-21 14:12:59 - [MESSAGE][INFO] - Checking timeout

2021-10-21 14:12:59 - [MESSAGE][INFO] - Finding web element with id: 'Object Repository/Olusturma/Genel/Olusturma/EklenenSatir' located by 'By.cssSelector: #divmalhizmet .dxgvInlineEditRow_LECustomTheme' in '30' second(s)

2021-10-21 14:12:59 - [MESSAGE][INFO] - Smart Wait Function is triggered

2021-10-21 14:12:59 - [MESSAGE][INFO] - Found 1 web elements with id: 'Object Repository/Olusturma/Genel/Olusturma/EklenenSatir' located by 'By.cssSelector: #divmalhizmet .dxgvInlineEditRow_LECustomTheme' in '30' second(s)

2021-10-21 14:12:59 - [MESSAGE][INFO] - Smart Wait Function is triggered

2021-10-21 14:12:59 - [TEST_STEP][PASSED] - if (!(getAttribute("value").contains("Vkn"))): null

2021-10-21 14:12:59 - [TEST_STEP][PASSED] - son.clear(): null

2021-10-21 14:12:59 - [TEST_STEP][PASSED] - son.sendKeys(Deger): null

2021-10-21 14:13:00 - [MESSAGE][PASSED] - Call Test Case 'Test Cases/Olusturma/Genel/Olusturma' successfully

2021-10-21 14:13:00 - [MESSAGE][INFO] - Checking called Test Case

2021-10-21 14:13:00 - [MESSAGE][INFO] - Starting to call Test Case 'Test Cases/Olusturma/Genel/NotGirilir'

2021-10-21 14:13:00 - [TEST_CASE][PASSED] - Test Cases/Olusturma/Genel/NotGirilir: Test Cases/Olusturma/Genel/NotGirilir

2021-10-21 14:13:00 - [TEST_STEP][PASSED] - i = 0: null

2021-10-21 14:13:00 - [TEST_STEP][PASSED] - waitForElementClickable(findTestObject("Olusturma/Genel/Not/Notlar"), 10): Object 'Object Repository/Olusturma/Genel/Not/Notlar' is clickable

2021-10-21 14:13:00 - [MESSAGE][INFO] - Finding Test Object 'Object Repository/Olusturma/Genel/Not/Notlar'

2021-10-21 14:13:01 - [MESSAGE][INFO] - Checking object

2021-10-21 14:13:01 - [MESSAGE][INFO] - Checking timeout

2021-10-21 14:13:01 - [MESSAGE][INFO] - Finding web element from Test Object's properties

2021-10-21 14:13:01 - [MESSAGE][INFO] - Checking timeout

2021-10-21 14:13:01 - [MESSAGE][INFO] - Finding web element with id: 'Object Repository/Olusturma/Genel/Not/Notlar' located by 'By.xpath: //*[@id = 'txtNote_I']' in '10' second(s)

2021-10-21 14:13:01 - [MESSAGE][INFO] - Smart Wait Function is triggered

2021-10-21 14:13:01 - [MESSAGE][INFO] - Found 1 web elements with id: 'Object Repository/Olusturma/Genel/Not/Notlar' located by 'By.xpath: //*[@id = 'txtNote_I']' in '10' second(s)

2021-10-21 14:13:01 - [MESSAGE][PASSED] - Object 'Object Repository/Olusturma/Genel/Not/Notlar' is clickable

2021-10-21 14:13:01 - [TEST_STEP][PASSED] - clearText(findTestObject("Olusturma/Genel/Not/Notlar")): Text of object 'Object Repository/Olusturma/Genel/Not/Notlar' is cleared

2021-10-21 14:13:01 - [MESSAGE][INFO] - Finding Test Object 'Object Repository/Olusturma/Genel/Not/Notlar'

2021-10-21 14:13:01 - [MESSAGE][INFO] - Checking object

2021-10-21 14:13:01 - [MESSAGE][INFO] - Finding web element from Test Object's properties

2021-10-21 14:13:01 - [MESSAGE][INFO] - Checking timeout

2021-10-21 14:13:01 - [MESSAGE][INFO] - Finding web element with id: 'Object Repository/Olusturma/Genel/Not/Notlar' located by 'By.xpath: //*[@id = 'txtNote_I']' in '30' second(s)

2021-10-21 14:13:01 - [MESSAGE][INFO] - Smart Wait Function is triggered

2021-10-21 14:13:01 - [MESSAGE][INFO] - Found 1 web elements with id: 'Object Repository/Olusturma/Genel/Not/Notlar' located by 'By.xpath: //*[@id = 'txtNote_I']' in '30' second(s)

2021-10-21 14:13:01 - [MESSAGE][INFO] - Clearing text of object 'Object Repository/Olusturma/Genel/Not/Notlar'

2021-10-21 14:13:01 - [MESSAGE][PASSED] - Text of object 'Object Repository/Olusturma/Genel/Not/Notlar' is cleared

2021-10-21 14:13:01 - [TEST_STEP][PASSED] - click(findTestObject("Olusturma/Genel/Not/Notlar")): Object: 'Object Repository/Olusturma/Genel/Not/Notlar' is clicked on

2021-10-21 14:13:01 - [MESSAGE][INFO] - Finding Test Object 'Object Repository/Olusturma/Genel/Not/Notlar'

2021-10-21 14:13:02 - [MESSAGE][INFO] - Checking object

2021-10-21 14:13:02 - [MESSAGE][INFO] - Finding web element from Test Object's properties

2021-10-21 14:13:02 - [MESSAGE][INFO] - Checking timeout

2021-10-21 14:13:02 - [MESSAGE][INFO] - Finding web element with id: 'Object Repository/Olusturma/Genel/Not/Notlar' located by 'By.xpath: //*[@id = 'txtNote_I']' in '30' second(s)

2021-10-21 14:13:02 - [MESSAGE][INFO] - Smart Wait Function is triggered

2021-10-21 14:13:02 - [MESSAGE][INFO] - Found 1 web elements with id: 'Object Repository/Olusturma/Genel/Not/Notlar' located by 'By.xpath: //*[@id = 'txtNote_I']' in '30' second(s)

2021-10-21 14:13:02 - [MESSAGE][INFO] - Clicking on object: 'Object Repository/Olusturma/Genel/Not/Notlar'

2021-10-21 14:13:02 - [MESSAGE][PASSED] - Object: 'Object Repository/Olusturma/Genel/Not/Notlar' is clicked on

2021-10-21 14:13:02 - [TEST_STEP][PASSED] - while (true): null

2021-10-21 14:13:02 - [TEST_STEP][PASSED] - delay(1): Delayed 1 second(s)

2021-10-21 14:13:02 - [MESSAGE][INFO] - Delaying browser in 1 second(s)

2021-10-21 14:13:03 - [MESSAGE][PASSED] - Delayed 1 second(s)

2021-10-21 14:13:03 - [TEST_STEP][PASSED] - ajaxIsComplete = executeJavaScript("return jQuery.active == 0", null): Execute JavaScript 'return jQuery.active == 0' successfully

2021-10-21 14:13:03 - [MESSAGE][PASSED] - Execute JavaScript 'return jQuery.active == 0' successfully

2021-10-21 14:13:03 - [TEST_STEP][PASSED] - if (ajaxIsComplete): null

2021-10-21 14:13:03 - [TEST_STEP][PASSED] - break: null

2021-10-21 14:13:03 - [TEST_STEP][PASSED] - sendKeys(findTestObject("Olusturma/Genel/Not/Notlar"), Not): Keys 'Otomasyon Not' sent to object: 'Object Repository/Olusturma/Genel/Not/Notlar'

2021-10-21 14:13:03 - [MESSAGE][INFO] - Finding Test Object 'Object Repository/Olusturma/Genel/Not/Notlar'

2021-10-21 14:13:03 - [MESSAGE][INFO] - Sending keys 'Otomasyon Not' to object: 'Object Repository/Olusturma/Genel/Not/Notlar'

2021-10-21 14:13:03 - [MESSAGE][INFO] - Finding web element from Test Object's properties

2021-10-21 14:13:03 - [MESSAGE][INFO] - Checking timeout

2021-10-21 14:13:03 - [MESSAGE][INFO] - Finding web element with id: 'Object Repository/Olusturma/Genel/Not/Notlar' located by 'By.xpath: //*[@id = 'txtNote_I']' in '30' second(s)

2021-10-21 14:13:03 - [MESSAGE][INFO] - Smart Wait Function is triggered

2021-10-21 14:13:03 - [MESSAGE][INFO] - Found 1 web elements with id: 'Object Repository/Olusturma/Genel/Not/Notlar' located by 'By.xpath: //*[@id = 'txtNote_I']' in '30' second(s)

2021-10-21 14:13:04 - [MESSAGE][PASSED] - Keys 'Otomasyon Not' sent to object: 'Object Repository/Olusturma/Genel/Not/Notlar'

2021-10-21 14:13:04 - [MESSAGE][PASSED] - Call Test Case 'Test Cases/Olusturma/Genel/NotGirilir' successfully

2021-10-21 14:13:04 - [MESSAGE][INFO] - Checking called Test Case

2021-10-21 14:13:04 - [MESSAGE][INFO] - Starting to call Test Case 'Test Cases/Olusturma/Genel/EttnBilgisiKayitEdilir'

2021-10-21 14:13:04 - [TEST_CASE][PASSED] - Test Cases/Olusturma/Genel/EttnBilgisiKayitEdilir: Test Cases/Olusturma/Genel/EttnBilgisiKayitEdilir

2021-10-21 14:13:04 - [TEST_STEP][PASSED] - verifyElementPresent(findTestObject("Object Repository/Olusturma/Genel/Olusturma/eArsivEttnBilgisi"), 7): Object 'Object Repository/Olusturma/Genel/Olusturma/eArsivEttnBilgisi' is present

2021-10-21 14:13:04 - [MESSAGE][INFO] - Finding Test Object 'Object Repository/Olusturma/Genel/Olusturma/eArsivEttnBilgisi'

2021-10-21 14:13:04 - [MESSAGE][INFO] - Checking object

2021-10-21 14:13:04 - [MESSAGE][INFO] - Finding web element from Test Object's properties

2021-10-21 14:13:04 - [MESSAGE][INFO] - Checking timeout

2021-10-21 14:13:04 - [MESSAGE][INFO] - Finding web element with id: 'Object Repository/Olusturma/Genel/Olusturma/eArsivEttnBilgisi' located by 'By.xpath: //*[@id = 'Uuid_I']' in '7' second(s)

2021-10-21 14:13:04 - [MESSAGE][INFO] - Smart Wait Function is triggered

2021-10-21 14:13:05 - [MESSAGE][INFO] - Found 1 web elements with id: 'Object Repository/Olusturma/Genel/Olusturma/eArsivEttnBilgisi' located by 'By.xpath: //*[@id = 'Uuid_I']' in '7' second(s)

2021-10-21 14:13:05 - [MESSAGE][PASSED] - Object 'Object Repository/Olusturma/Genel/Olusturma/eArsivEttnBilgisi' is present

2021-10-21 14:13:05 - [TEST_STEP][PASSED] - ettn = getAttribute(findTestObject("Object Repository/Olusturma/Genel/Olusturma/eArsivEttnBilgisi"), "value"): Attribute 'value' of object 'Object Repository/Olusturma/Genel/Olusturma/eArsivEttnBilgisi' is: 'e84d227d-f00c-48e2-bd8d-600b54a3a270'

2021-10-21 14:13:05 - [MESSAGE][INFO] - Finding Test Object 'Object Repository/Olusturma/Genel/Olusturma/eArsivEttnBilgisi'

2021-10-21 14:13:05 - [MESSAGE][INFO] - Checking object

2021-10-21 14:13:05 - [MESSAGE][INFO] - Checking attribute

2021-10-21 14:13:05 - [MESSAGE][INFO] - Finding web element from Test Object's properties

2021-10-21 14:13:05 - [MESSAGE][INFO] - Checking timeout

2021-10-21 14:13:05 - [MESSAGE][INFO] - Finding web element with id: 'Object Repository/Olusturma/Genel/Olusturma/eArsivEttnBilgisi' located by 'By.xpath: //*[@id = 'Uuid_I']' in '30' second(s)

2021-10-21 14:13:05 - [MESSAGE][INFO] - Smart Wait Function is triggered

2021-10-21 14:13:05 - [MESSAGE][INFO] - Found 1 web elements with id: 'Object Repository/Olusturma/Genel/Olusturma/eArsivEttnBilgisi' located by 'By.xpath: //*[@id = 'Uuid_I']' in '30' second(s)

2021-10-21 14:13:05 - [MESSAGE][INFO] - Getting attribute 'value' of object 'Object Repository/Olusturma/Genel/Olusturma/eArsivEttnBilgisi'

2021-10-21 14:13:05 - [MESSAGE][PASSED] - Attribute 'value' of object 'Object Repository/Olusturma/Genel/Olusturma/eArsivEttnBilgisi' is: 'e84d227d-f00c-48e2-bd8d-600b54a3a270'

2021-10-21 14:13:05 - [MESSAGE][PASSED] - Call Test Case 'Test Cases/Olusturma/Genel/EttnBilgisiKayitEdilir' successfully

2021-10-21 14:13:05 - [MESSAGE][INFO] - Checking called Test Case

2021-10-21 14:13:05 - [MESSAGE][INFO] - Starting to call Test Case 'Test Cases/Olusturma/Genel/KaydetButonunaTiklanir'

2021-10-21 14:13:05 - [TEST_CASE][PASSED] - Test Cases/Olusturma/Genel/KaydetButonunaTiklanir: Test Cases/Olusturma/Genel/KaydetButonunaTiklanir

2021-10-21 14:13:06 - [TEST_STEP][PASSED] - i = 0: null

2021-10-21 14:13:06 - [TEST_STEP][PASSED] - waitForElementPresent(findTestObject("Olusturma/Genel/Not/Notlar"), 10): Object 'Object Repository/Olusturma/Genel/Not/Notlar' is present

2021-10-21 14:13:06 - [MESSAGE][INFO] - Finding Test Object 'Object Repository/Olusturma/Genel/Not/Notlar'

2021-10-21 14:13:06 - [MESSAGE][INFO] - Checking object

2021-10-21 14:13:06 - [MESSAGE][INFO] - Finding web element from Test Object's properties

2021-10-21 14:13:06 - [MESSAGE][INFO] - Checking timeout

2021-10-21 14:13:06 - [MESSAGE][INFO] - Finding web element with id: 'Object Repository/Olusturma/Genel/Not/Notlar' located by 'By.xpath: //*[@id = 'txtNote_I']' in '10' second(s)

2021-10-21 14:13:06 - [MESSAGE][INFO] - Smart Wait Function is triggered

2021-10-21 14:13:06 - [MESSAGE][INFO] - Found 1 web elements with id: 'Object Repository/Olusturma/Genel/Not/Notlar' located by 'By.xpath: //*[@id = 'txtNote_I']' in '10' second(s)

2021-10-21 14:13:06 - [MESSAGE][PASSED] - Object 'Object Repository/Olusturma/Genel/Not/Notlar' is present

2021-10-21 14:13:06 - [TEST_STEP][PASSED] - click(findTestObject("Olusturma/Genel/Not/Notlar")): Object: 'Object Repository/Olusturma/Genel/Not/Notlar' is clicked on

2021-10-21 14:13:06 - [MESSAGE][INFO] - Finding Test Object 'Object Repository/Olusturma/Genel/Not/Notlar'

2021-10-21 14:13:06 - [MESSAGE][INFO] - Checking object

2021-10-21 14:13:06 - [MESSAGE][INFO] - Finding web element from Test Object's properties

2021-10-21 14:13:06 - [MESSAGE][INFO] - Checking timeout

2021-10-21 14:13:06 - [MESSAGE][INFO] - Finding web element with id: 'Object Repository/Olusturma/Genel/Not/Notlar' located by 'By.xpath: //*[@id = 'txtNote_I']' in '30' second(s)

2021-10-21 14:13:06 - [MESSAGE][INFO] - Smart Wait Function is triggered

2021-10-21 14:13:06 - [MESSAGE][INFO] - Found 1 web elements with id: 'Object Repository/Olusturma/Genel/Not/Notlar' located by 'By.xpath: //*[@id = 'txtNote_I']' in '30' second(s)

2021-10-21 14:13:06 - [MESSAGE][INFO] - Clicking on object: 'Object Repository/Olusturma/Genel/Not/Notlar'

2021-10-21 14:13:06 - [MESSAGE][PASSED] - Object: 'Object Repository/Olusturma/Genel/Not/Notlar' is clicked on

2021-10-21 14:13:06 - [TEST_STEP][PASSED] - while (true): null

2021-10-21 14:13:06 - [TEST_STEP][PASSED] - delay(1): Delayed 1 second(s)

2021-10-21 14:13:06 - [MESSAGE][INFO] - Delaying browser in 1 second(s)

2021-10-21 14:13:07 - [MESSAGE][PASSED] - Delayed 1 second(s)

2021-10-21 14:13:07 - [TEST_STEP][PASSED] - ajaxIsComplete = executeJavaScript("return jQuery.active == 0", null): Execute JavaScript 'return jQuery.active == 0' successfully

2021-10-21 14:13:07 - [MESSAGE][PASSED] - Execute JavaScript 'return jQuery.active == 0' successfully

2021-10-21 14:13:07 - [TEST_STEP][PASSED] - if (ajaxIsComplete): null

2021-10-21 14:13:07 - [TEST_STEP][PASSED] - break: null

2021-10-21 14:13:07 - [TEST_STEP][PASSED] - waitForElementClickable(findTestObject("Object Repository/Olusturma/Genel/Buton"), 10): Object 'Object Repository/Olusturma/Genel/Buton' is clickable

2021-10-21 14:13:07 - [MESSAGE][INFO] - Finding Test Object 'Object Repository/Olusturma/Genel/Buton'

2021-10-21 14:13:08 - [MESSAGE][INFO] - Checking object

2021-10-21 14:13:08 - [MESSAGE][INFO] - Checking timeout

2021-10-21 14:13:08 - [MESSAGE][INFO] - Finding web element from Test Object's properties

2021-10-21 14:13:08 - [MESSAGE][INFO] - Checking timeout

2021-10-21 14:13:08 - [MESSAGE][INFO] - Finding web element with id: 'Object Repository/Olusturma/Genel/Buton' located by 'By.xpath: //*[@id = 'btnKaydet']' in '10' second(s)

2021-10-21 14:13:08 - [MESSAGE][INFO] - Smart Wait Function is triggered

2021-10-21 14:13:08 - [MESSAGE][INFO] - Found 1 web elements with id: 'Object Repository/Olusturma/Genel/Buton' located by 'By.xpath: //*[@id = 'btnKaydet']' in '10' second(s)

2021-10-21 14:13:08 - [MESSAGE][PASSED] - Object 'Object Repository/Olusturma/Genel/Buton' is clickable

2021-10-21 14:13:08 - [TEST_STEP][PASSED] - click(findTestObject("Object Repository/Olusturma/Genel/Buton")): Object: 'Object Repository/Olusturma/Genel/Buton' is clicked on

2021-10-21 14:13:08 - [MESSAGE][INFO] - Finding Test Object 'Object Repository/Olusturma/Genel/Buton'

2021-10-21 14:13:08 - [MESSAGE][INFO] - Checking object

2021-10-21 14:13:08 - [MESSAGE][INFO] - Finding web element from Test Object's properties

2021-10-21 14:13:08 - [MESSAGE][INFO] - Checking timeout

2021-10-21 14:13:08 - [MESSAGE][INFO] - Finding web element with id: 'Object Repository/Olusturma/Genel/Buton' located by 'By.xpath: //*[@id = 'btnKaydet']' in '30' second(s)

2021-10-21 14:13:08 - [MESSAGE][INFO] - Smart Wait Function is triggered

2021-10-21 14:13:08 - [MESSAGE][INFO] - Found 1 web elements with id: 'Object Repository/Olusturma/Genel/Buton' located by 'By.xpath: //*[@id = 'btnKaydet']' in '30' second(s)

2021-10-21 14:13:08 - [MESSAGE][INFO] - Clicking on object: 'Object Repository/Olusturma/Genel/Buton'

2021-10-21 14:13:09 - [MESSAGE][PASSED] - Object: 'Object Repository/Olusturma/Genel/Buton' is clicked on

2021-10-21 14:13:09 - [MESSAGE][PASSED] - Call Test Case 'Test Cases/Olusturma/Genel/KaydetButonunaTiklanir' successfully

2021-10-21 14:13:09 - [MESSAGE][INFO] - Checking called Test Case

2021-10-21 14:13:09 - [MESSAGE][INFO] - Starting to call Test Case 'Test Cases/Tablo/TablodaUnvanliVeriOlusturulduMu'

2021-10-21 14:13:09 - [TEST_CASE][PASSED] - Test Cases/Tablo/TablodaUnvanliVeriOlusturulduMu: Test Cases/Tablo/TablodaUnvanliVeriOlusturulduMu

2021-10-21 14:13:10 - [TEST_STEP][PASSED] - waitForElementVisible(findTestObject("Tablo/OlusturulanVeri"), 10, STOP_ON_FAILURE): Object 'Object Repository/Tablo/OlusturulanVeri' is visible

2021-10-21 14:13:10 - [MESSAGE][INFO] - Finding Test Object 'Object Repository/Tablo/OlusturulanVeri'

2021-10-21 14:13:10 - [MESSAGE][INFO] - Checking object

2021-10-21 14:13:10 - [MESSAGE][INFO] - Checking timeout

2021-10-21 14:13:10 - [MESSAGE][INFO] - Finding web element from Test Object's properties

2021-10-21 14:13:10 - [MESSAGE][INFO] - Checking timeout

2021-10-21 14:13:10 - [MESSAGE][INFO] - Finding web element with id: 'Object Repository/Tablo/OlusturulanVeri' located by 'By.cssSelector: table.dxgvTable_LECustomTheme>tbody>tr:nth-child(3)>td.dxgv b,table.dxgvTable_LECustomTheme>tbody>tr:nth-child(3)>td.dxgv' in '10' second(s)

2021-10-21 14:13:10 - [MESSAGE][INFO] - Smart Wait Function is triggered

2021-10-21 14:13:10 - [MESSAGE][INFO] - Found 10 web elements with id: 'Object Repository/Tablo/OlusturulanVeri' located by 'By.cssSelector: table.dxgvTable_LECustomTheme>tbody>tr:nth-child(3)>td.dxgv b,table.dxgvTable_LECustomTheme>tbody>tr:nth-child(3)>td.dxgv' in '10' second(s)

2021-10-21 14:13:11 - [MESSAGE][PASSED] - Object 'Object Repository/Tablo/OlusturulanVeri' is visible

2021-10-21 14:13:11 - [TEST_STEP][PASSED] - Method.TextDegerineEsitElementVarMi(findTestObject("Tablo/OlusturulanVeri"), Unvan): Method.TextDegerineEsitElementVarMi is PASSED

2021-10-21 14:13:11 - [MESSAGE][INFO] - Finding Test Object 'Object Repository/Tablo/OlusturulanVeri'

2021-10-21 14:13:11 - [MESSAGE][INFO] - Checking timeout

2021-10-21 14:13:11 - [MESSAGE][INFO] - Finding web element with id: 'Object Repository/Tablo/OlusturulanVeri' located by 'By.cssSelector: table.dxgvTable_LECustomTheme>tbody>tr:nth-child(3)>td.dxgv b,table.dxgvTable_LECustomTheme>tbody>tr:nth-child(3)>td.dxgv' in '10' second(s)

2021-10-21 14:13:11 - [MESSAGE][INFO] - Smart Wait Function is triggered

2021-10-21 14:13:11 - [MESSAGE][INFO] - Found 10 web elements with id: 'Object Repository/Tablo/OlusturulanVeri' located by 'By.cssSelector: table.dxgvTable_LECustomTheme>tbody>tr:nth-child(3)>td.dxgv b,table.dxgvTable_LECustomTheme>tbody>tr:nth-child(3)>td.dxgv' in '10' second(s)

2021-10-21 14:13:11 - [MESSAGE][PASSED] - Method.TextDegerineEsitElementVarMi is PASSED

2021-10-21 14:13:11 - [MESSAGE][PASSED] - Call Test Case 'Test Cases/Tablo/TablodaUnvanliVeriOlusturulduMu' successfully

2021-10-21 14:13:11 - [MESSAGE][INFO] - Checking called Test Case

2021-10-21 14:13:11 - [MESSAGE][INFO] - Starting to call Test Case 'Test Cases/Tablo/TablodanVeriSec'

2021-10-21 14:13:11 - [TEST_CASE][PASSED] - Test Cases/Tablo/TablodanVeriSec: Test Cases/Tablo/TablodanVeriSec

2021-10-21 14:13:11 - [TEST_STEP][PASSED] - Method.TextDegerineEsitElementinAltindakineTikla(findTestObject("Tablo/Veriler"), findTestObject("Tablo/VerininCheckBoxi"), Veri_Adi): Method.TextDegerineEsitElementinAltindakineTikla is PASSED

2021-10-21 14:13:11 - [MESSAGE][INFO] - Finding Test Object 'Object Repository/Tablo/Veriler'

2021-10-21 14:13:11 - [MESSAGE][INFO] - Finding Test Object 'Object Repository/Tablo/VerininCheckBoxi'

2021-10-21 14:13:11 - [MESSAGE][INFO] - Checking timeout

2021-10-21 14:13:11 - [MESSAGE][INFO] - Finding web element with id: 'Object Repository/Tablo/Veriler' located by 'By.cssSelector: td.dxgv b ,td.dxgv' in '10' second(s)

2021-10-21 14:13:11 - [MESSAGE][INFO] - Smart Wait Function is triggered

2021-10-21 14:13:12 - [MESSAGE][INFO] - Found 30 web elements with id: 'Object Repository/Tablo/Veriler' located by 'By.cssSelector: td.dxgv b ,td.dxgv' in '10' second(s)

2021-10-21 14:13:12 - [MESSAGE][INFO] - Smart Wait Function is triggered

2021-10-21 14:13:12 - [MESSAGE][PASSED] - Method.TextDegerineEsitElementinAltindakineTikla is PASSED

2021-10-21 14:13:12 - [MESSAGE][PASSED] - Call Test Case 'Test Cases/Tablo/TablodanVeriSec' successfully

2021-10-21 14:13:12 - [MESSAGE][INFO] - Checking called Test Case

2021-10-21 14:13:12 - [MESSAGE][INFO] - Starting to call Test Case 'Test Cases/Butonlar/ButonaTikla'

2021-10-21 14:13:12 - [TEST_CASE][PASSED] - Test Cases/Butonlar/ButonaTikla: Test Cases/Butonlar/ButonaTikla

2021-10-21 14:13:12 - [TEST_STEP][PASSED] - Method.TextDegerineEsitElementeTiklaEquals(findTestObject("Butonlar/Butonlar"), Buton_Adi): Method.TextDegerineEsitElementeTiklaEquals is PASSED

2021-10-21 14:13:12 - [MESSAGE][INFO] - Finding Test Object 'Object Repository/Butonlar/Butonlar'

2021-10-21 14:13:12 - [MESSAGE][INFO] - Checking timeout

2021-10-21 14:13:12 - [MESSAGE][INFO] - Finding web element with id: 'Object Repository/Butonlar/Butonlar' located by 'By.cssSelector: .panel.panel-default.text-center.footerPanel .btn,.btn.btn-primary.btnControls' in '10' second(s)

2021-10-21 14:13:12 - [MESSAGE][INFO] - Smart Wait Function is triggered

2021-10-21 14:13:12 - [MESSAGE][INFO] - Found 7 web elements with id: 'Object Repository/Butonlar/Butonlar' located by 'By.cssSelector: .panel.panel-default.text-center.footerPanel .btn,.btn.btn-primary.btnControls' in '10' second(s)

2021-10-21 14:13:14 - [MESSAGE][PASSED] - Method.TextDegerineEsitElementeTiklaEquals is PASSED

2021-10-21 14:13:14 - [MESSAGE][PASSED] - Call Test Case 'Test Cases/Butonlar/ButonaTikla' successfully

2021-10-21 14:13:14 - [MESSAGE][INFO] - Checking called Test Case

2021-10-21 14:13:14 - [MESSAGE][INFO] - Starting to call Test Case 'Test Cases/Olusturma/Genel/GorselTasarimSayfasıBasligiIceriyorMu'

2021-10-21 14:13:14 - [TEST_CASE][PASSED] - Test Cases/Olusturma/Genel/GorselTasarimSayfasıBasligiIceriyorMu: Test Cases/Olusturma/Genel/GorselTasarimSayfasıBasligiIceriyorMu

2021-10-21 14:13:14 - [TEST_STEP][PASSED] - verifyElementText(findTestObject("Object Repository/Olusturma/Genel/GorselTasarimBaslik"), Baslik): Actual text and expected text of test object 'Object Repository/Olusturma/Genel/GorselTasarimBaslik' are matched.

2021-10-21 14:13:14 - [MESSAGE][INFO] - Finding Test Object 'Object Repository/Olusturma/Genel/GorselTasarimBaslik'

2021-10-21 14:13:14 - [MESSAGE][INFO] - Checking object

2021-10-21 14:13:14 - [MESSAGE][INFO] - Finding web element from Test Object's properties

2021-10-21 14:13:14 - [MESSAGE][INFO] - Checking timeout

2021-10-21 14:13:14 - [MESSAGE][INFO] - Finding web element with id: 'Object Repository/Olusturma/Genel/GorselTasarimBaslik' located by 'By.cssSelector: #flAlici_0>div>span' in '30' second(s)

2021-10-21 14:13:14 - [MESSAGE][INFO] - Smart Wait Function is triggered

2021-10-21 14:13:15 - [MESSAGE][INFO] - Found 1 web elements with id: 'Object Repository/Olusturma/Genel/GorselTasarimBaslik' located by 'By.cssSelector: #flAlici_0>div>span' in '30' second(s)

2021-10-21 14:13:15 - [MESSAGE][PASSED] - Actual text and expected text of test object 'Object Repository/Olusturma/Genel/GorselTasarimBaslik' are matched.

2021-10-21 14:13:15 - [MESSAGE][PASSED] - Call Test Case 'Test Cases/Olusturma/Genel/GorselTasarimSayfasıBasligiIceriyorMu' successfully

2021-10-21 14:13:15 - [MESSAGE][INFO] - Checking called Test Case

2021-10-21 14:13:15 - [MESSAGE][INFO] - Starting to call Test Case 'Test Cases/Olusturma/Genel/NotGirilir'

2021-10-21 14:13:15 - [TEST_CASE][PASSED] - Test Cases/Olusturma/Genel/NotGirilir: Test Cases/Olusturma/Genel/NotGirilir

2021-10-21 14:13:15 - [TEST_STEP][PASSED] - i = 0: null

2021-10-21 14:13:15 - [TEST_STEP][PASSED] - waitForElementClickable(findTestObject("Olusturma/Genel/Not/Notlar"), 10): Object 'Object Repository/Olusturma/Genel/Not/Notlar' is clickable

2021-10-21 14:13:15 - [MESSAGE][INFO] - Finding Test Object 'Object Repository/Olusturma/Genel/Not/Notlar'

2021-10-21 14:13:15 - [MESSAGE][INFO] - Checking object

2021-10-21 14:13:15 - [MESSAGE][INFO] - Checking timeout

2021-10-21 14:13:15 - [MESSAGE][INFO] - Finding web element from Test Object's properties

2021-10-21 14:13:15 - [MESSAGE][INFO] - Checking timeout

2021-10-21 14:13:15 - [MESSAGE][INFO] - Finding web element with id: 'Object Repository/Olusturma/Genel/Not/Notlar' located by 'By.xpath: //*[@id = 'txtNote_I']' in '10' second(s)

2021-10-21 14:13:15 - [MESSAGE][INFO] - Smart Wait Function is triggered

2021-10-21 14:13:15 - [MESSAGE][INFO] - Found 1 web elements with id: 'Object Repository/Olusturma/Genel/Not/Notlar' located by 'By.xpath: //*[@id = 'txtNote_I']' in '10' second(s)

2021-10-21 14:13:15 - [MESSAGE][PASSED] - Object 'Object Repository/Olusturma/Genel/Not/Notlar' is clickable

2021-10-21 14:13:15 - [TEST_STEP][PASSED] - clearText(findTestObject("Olusturma/Genel/Not/Notlar")): Text of object 'Object Repository/Olusturma/Genel/Not/Notlar' is cleared

2021-10-21 14:13:15 - [MESSAGE][INFO] - Finding Test Object 'Object Repository/Olusturma/Genel/Not/Notlar'

2021-10-21 14:13:15 - [MESSAGE][INFO] - Checking object

2021-10-21 14:13:15 - [MESSAGE][INFO] - Finding web element from Test Object's properties

2021-10-21 14:13:15 - [MESSAGE][INFO] - Checking timeout

2021-10-21 14:13:15 - [MESSAGE][INFO] - Finding web element with id: 'Object Repository/Olusturma/Genel/Not/Notlar' located by 'By.xpath: //*[@id = 'txtNote_I']' in '30' second(s)

2021-10-21 14:13:15 - [MESSAGE][INFO] - Smart Wait Function is triggered

2021-10-21 14:13:15 - [MESSAGE][INFO] - Found 1 web elements with id: 'Object Repository/Olusturma/Genel/Not/Notlar' located by 'By.xpath: //*[@id = 'txtNote_I']' in '30' second(s)

2021-10-21 14:13:15 - [MESSAGE][INFO] - Clearing text of object 'Object Repository/Olusturma/Genel/Not/Notlar'

2021-10-21 14:13:15 - [MESSAGE][PASSED] - Text of object 'Object Repository/Olusturma/Genel/Not/Notlar' is cleared

2021-10-21 14:13:15 - [TEST_STEP][PASSED] - click(findTestObject("Olusturma/Genel/Not/Notlar")): Object: 'Object Repository/Olusturma/Genel/Not/Notlar' is clicked on

2021-10-21 14:13:15 - [MESSAGE][INFO] - Finding Test Object 'Object Repository/Olusturma/Genel/Not/Notlar'

2021-10-21 14:13:16 - [MESSAGE][INFO] - Checking object

2021-10-21 14:13:16 - [MESSAGE][INFO] - Finding web element from Test Object's properties

2021-10-21 14:13:16 - [MESSAGE][INFO] - Checking timeout

2021-10-21 14:13:16 - [MESSAGE][INFO] - Finding web element with id: 'Object Repository/Olusturma/Genel/Not/Notlar' located by 'By.xpath: //*[@id = 'txtNote_I']' in '30' second(s)

2021-10-21 14:13:16 - [MESSAGE][INFO] - Smart Wait Function is triggered

2021-10-21 14:13:16 - [MESSAGE][INFO] - Found 1 web elements with id: 'Object Repository/Olusturma/Genel/Not/Notlar' located by 'By.xpath: //*[@id = 'txtNote_I']' in '30' second(s)

2021-10-21 14:13:16 - [MESSAGE][INFO] - Clicking on object: 'Object Repository/Olusturma/Genel/Not/Notlar'

2021-10-21 14:13:16 - [MESSAGE][PASSED] - Object: 'Object Repository/Olusturma/Genel/Not/Notlar' is clicked on

2021-10-21 14:13:16 - [TEST_STEP][PASSED] - while (true): null

2021-10-21 14:13:16 - [TEST_STEP][PASSED] - delay(1): Delayed 1 second(s)

2021-10-21 14:13:16 - [MESSAGE][INFO] - Delaying browser in 1 second(s)

2021-10-21 14:13:17 - [MESSAGE][PASSED] - Delayed 1 second(s)

2021-10-21 14:13:17 - [TEST_STEP][PASSED] - ajaxIsComplete = executeJavaScript("return jQuery.active == 0", null): Execute JavaScript 'return jQuery.active == 0' successfully

2021-10-21 14:13:17 - [MESSAGE][PASSED] - Execute JavaScript 'return jQuery.active == 0' successfully

2021-10-21 14:13:17 - [TEST_STEP][PASSED] - if (ajaxIsComplete): null

2021-10-21 14:13:17 - [TEST_STEP][PASSED] - break: null

2021-10-21 14:13:17 - [TEST_STEP][PASSED] - sendKeys(findTestObject("Olusturma/Genel/Not/Notlar"), Not): Keys 'Otomasyon Not Değiştir' sent to object: 'Object Repository/Olusturma/Genel/Not/Notlar'

2021-10-21 14:13:17 - [MESSAGE][INFO] - Finding Test Object 'Object Repository/Olusturma/Genel/Not/Notlar'

2021-10-21 14:13:17 - [MESSAGE][INFO] - Sending keys 'Otomasyon Not Değiştir' to object: 'Object Repository/Olusturma/Genel/Not/Notlar'

2021-10-21 14:13:17 - [MESSAGE][INFO] - Finding web element from Test Object's properties

2021-10-21 14:13:17 - [MESSAGE][INFO] - Checking timeout

2021-10-21 14:13:17 - [MESSAGE][INFO] - Finding web element with id: 'Object Repository/Olusturma/Genel/Not/Notlar' located by 'By.xpath: //*[@id = 'txtNote_I']' in '30' second(s)

2021-10-21 14:13:17 - [MESSAGE][INFO] - Smart Wait Function is triggered

2021-10-21 14:13:17 - [MESSAGE][INFO] - Found 1 web elements with id: 'Object Repository/Olusturma/Genel/Not/Notlar' located by 'By.xpath: //*[@id = 'txtNote_I']' in '30' second(s)

2021-10-21 14:13:17 - [MESSAGE][PASSED] - Keys 'Otomasyon Not Değiştir' sent to object: 'Object Repository/Olusturma/Genel/Not/Notlar'

2021-10-21 14:13:17 - [MESSAGE][PASSED] - Call Test Case 'Test Cases/Olusturma/Genel/NotGirilir' successfully

2021-10-21 14:13:17 - [MESSAGE][INFO] - Checking called Test Case

2021-10-21 14:13:17 - [MESSAGE][INFO] - Starting to call Test Case 'Test Cases/Olusturma/Genel/KaydetButonunaTiklanir'

2021-10-21 14:13:18 - [TEST_CASE][PASSED] - Test Cases/Olusturma/Genel/KaydetButonunaTiklanir: Test Cases/Olusturma/Genel/KaydetButonunaTiklanir

2021-10-21 14:13:18 - [TEST_STEP][PASSED] - i = 0: null

2021-10-21 14:13:18 - [TEST_STEP][PASSED] - waitForElementPresent(findTestObject("Olusturma/Genel/Not/Notlar"), 10): Object 'Object Repository/Olusturma/Genel/Not/Notlar' is present

2021-10-21 14:13:18 - [MESSAGE][INFO] - Finding Test Object 'Object Repository/Olusturma/Genel/Not/Notlar'

2021-10-21 14:13:18 - [MESSAGE][INFO] - Checking object

2021-10-21 14:13:18 - [MESSAGE][INFO] - Finding web element from Test Object's properties

2021-10-21 14:13:18 - [MESSAGE][INFO] - Checking timeout

2021-10-21 14:13:18 - [MESSAGE][INFO] - Finding web element with id: 'Object Repository/Olusturma/Genel/Not/Notlar' located by 'By.xpath: //*[@id = 'txtNote_I']' in '10' second(s)

2021-10-21 14:13:18 - [MESSAGE][INFO] - Smart Wait Function is triggered

2021-10-21 14:13:18 - [MESSAGE][INFO] - Found 1 web elements with id: 'Object Repository/Olusturma/Genel/Not/Notlar' located by 'By.xpath: //*[@id = 'txtNote_I']' in '10' second(s)

2021-10-21 14:13:18 - [MESSAGE][PASSED] - Object 'Object Repository/Olusturma/Genel/Not/Notlar' is present

2021-10-21 14:13:18 - [TEST_STEP][PASSED] - click(findTestObject("Olusturma/Genel/Not/Notlar")): Object: 'Object Repository/Olusturma/Genel/Not/Notlar' is clicked on

2021-10-21 14:13:18 - [MESSAGE][INFO] - Finding Test Object 'Object Repository/Olusturma/Genel/Not/Notlar'

2021-10-21 14:13:18 - [MESSAGE][INFO] - Checking object

2021-10-21 14:13:18 - [MESSAGE][INFO] - Finding web element from Test Object's properties

2021-10-21 14:13:18 - [MESSAGE][INFO] - Checking timeout

2021-10-21 14:13:18 - [MESSAGE][INFO] - Finding web element with id: 'Object Repository/Olusturma/Genel/Not/Notlar' located by 'By.xpath: //*[@id = 'txtNote_I']' in '30' second(s)

2021-10-21 14:13:18 - [MESSAGE][INFO] - Smart Wait Function is triggered

2021-10-21 14:13:18 - [MESSAGE][INFO] - Found 1 web elements with id: 'Object Repository/Olusturma/Genel/Not/Notlar' located by 'By.xpath: //*[@id = 'txtNote_I']' in '30' second(s)

2021-10-21 14:13:18 - [MESSAGE][INFO] - Clicking on object: 'Object Repository/Olusturma/Genel/Not/Notlar'

2021-10-21 14:13:18 - [MESSAGE][PASSED] - Object: 'Object Repository/Olusturma/Genel/Not/Notlar' is clicked on

2021-10-21 14:13:18 - [TEST_STEP][PASSED] - while (true): null

2021-10-21 14:13:18 - [TEST_STEP][PASSED] - delay(1): Delayed 1 second(s)

2021-10-21 14:13:18 - [MESSAGE][INFO] - Delaying browser in 1 second(s)

2021-10-21 14:13:19 - [MESSAGE][PASSED] - Delayed 1 second(s)

2021-10-21 14:13:19 - [TEST_STEP][PASSED] - ajaxIsComplete = executeJavaScript("return jQuery.active == 0", null): Execute JavaScript 'return jQuery.active == 0' successfully

2021-10-21 14:13:19 - [MESSAGE][PASSED] - Execute JavaScript 'return jQuery.active == 0' successfully

2021-10-21 14:13:19 - [TEST_STEP][PASSED] - if (ajaxIsComplete): null

2021-10-21 14:13:19 - [TEST_STEP][PASSED] - break: null

2021-10-21 14:13:19 - [TEST_STEP][PASSED] - waitForElementClickable(findTestObject("Object Repository/Olusturma/Genel/Buton"), 10): Object 'Object Repository/Olusturma/Genel/Buton' is clickable

2021-10-21 14:13:19 - [MESSAGE][INFO] - Finding Test Object 'Object Repository/Olusturma/Genel/Buton'

2021-10-21 14:13:19 - [MESSAGE][INFO] - Checking object

2021-10-21 14:13:19 - [MESSAGE][INFO] - Checking timeout

2021-10-21 14:13:19 - [MESSAGE][INFO] - Finding web element from Test Object's properties

2021-10-21 14:13:19 - [MESSAGE][INFO] - Checking timeout

2021-10-21 14:13:19 - [MESSAGE][INFO] - Finding web element with id: 'Object Repository/Olusturma/Genel/Buton' located by 'By.xpath: //*[@id = 'btnKaydet']' in '10' second(s)

2021-10-21 14:13:19 - [MESSAGE][INFO] - Smart Wait Function is triggered

2021-10-21 14:13:20 - [MESSAGE][INFO] - Found 1 web elements with id: 'Object Repository/Olusturma/Genel/Buton' located by 'By.xpath: //*[@id = 'btnKaydet']' in '10' second(s)

2021-10-21 14:13:20 - [MESSAGE][PASSED] - Object 'Object Repository/Olusturma/Genel/Buton' is clickable

2021-10-21 14:13:20 - [TEST_STEP][PASSED] - click(findTestObject("Object Repository/Olusturma/Genel/Buton")): Object: 'Object Repository/Olusturma/Genel/Buton' is clicked on

2021-10-21 14:13:20 - [MESSAGE][INFO] - Finding Test Object 'Object Repository/Olusturma/Genel/Buton'

2021-10-21 14:13:20 - [MESSAGE][INFO] - Checking object

2021-10-21 14:13:20 - [MESSAGE][INFO] - Finding web element from Test Object's properties

2021-10-21 14:13:20 - [MESSAGE][INFO] - Checking timeout

2021-10-21 14:13:20 - [MESSAGE][INFO] - Finding web element with id: 'Object Repository/Olusturma/Genel/Buton' located by 'By.xpath: //*[@id = 'btnKaydet']' in '30' second(s)

2021-10-21 14:13:20 - [MESSAGE][INFO] - Smart Wait Function is triggered

2021-10-21 14:13:20 - [MESSAGE][INFO] - Found 1 web elements with id: 'Object Repository/Olusturma/Genel/Buton' located by 'By.xpath: //*[@id = 'btnKaydet']' in '30' second(s)

2021-10-21 14:13:20 - [MESSAGE][INFO] - Clicking on object: 'Object Repository/Olusturma/Genel/Buton'

2021-10-21 14:13:21 - [MESSAGE][PASSED] - Object: 'Object Repository/Olusturma/Genel/Buton' is clicked on

2021-10-21 14:13:21 - [MESSAGE][PASSED] - Call Test Case 'Test Cases/Olusturma/Genel/KaydetButonunaTiklanir' successfully

2021-10-21 14:13:21 - [MESSAGE][INFO] - Checking called Test Case

2021-10-21 14:13:21 - [MESSAGE][INFO] - Starting to call Test Case 'Test Cases/Tablo/TablodaUnvanliVeriOlusturulduMu'

2021-10-21 14:13:21 - [TEST_CASE][PASSED] - Test Cases/Tablo/TablodaUnvanliVeriOlusturulduMu: Test Cases/Tablo/TablodaUnvanliVeriOlusturulduMu

2021-10-21 14:13:21 - [TEST_STEP][PASSED] - waitForElementVisible(findTestObject("Tablo/OlusturulanVeri"), 10, STOP_ON_FAILURE): Object 'Object Repository/Tablo/OlusturulanVeri' is visible

2021-10-21 14:13:21 - [MESSAGE][INFO] - Finding Test Object 'Object Repository/Tablo/OlusturulanVeri'

2021-10-21 14:13:21 - [MESSAGE][INFO] - Checking object

2021-10-21 14:13:21 - [MESSAGE][INFO] - Checking timeout

2021-10-21 14:13:21 - [MESSAGE][INFO] - Finding web element from Test Object's properties

2021-10-21 14:13:21 - [MESSAGE][INFO] - Checking timeout

2021-10-21 14:13:21 - [MESSAGE][INFO] - Finding web element with id: 'Object Repository/Tablo/OlusturulanVeri' located by 'By.cssSelector: table.dxgvTable_LECustomTheme>tbody>tr:nth-child(3)>td.dxgv b,table.dxgvTable_LECustomTheme>tbody>tr:nth-child(3)>td.dxgv' in '10' second(s)

2021-10-21 14:13:21 - [MESSAGE][INFO] - Smart Wait Function is triggered

2021-10-21 14:13:21 - [MESSAGE][INFO] - Found 10 web elements with id: 'Object Repository/Tablo/OlusturulanVeri' located by 'By.cssSelector: table.dxgvTable_LECustomTheme>tbody>tr:nth-child(3)>td.dxgv b,table.dxgvTable_LECustomTheme>tbody>tr:nth-child(3)>td.dxgv' in '10' second(s)

2021-10-21 14:13:21 - [MESSAGE][PASSED] - Object 'Object Repository/Tablo/OlusturulanVeri' is visible

2021-10-21 14:13:21 - [TEST_STEP][PASSED] - Method.TextDegerineEsitElementVarMi(findTestObject("Tablo/OlusturulanVeri"), Unvan): Method.TextDegerineEsitElementVarMi is PASSED

2021-10-21 14:13:21 - [MESSAGE][INFO] - Finding Test Object 'Object Repository/Tablo/OlusturulanVeri'

2021-10-21 14:13:22 - [MESSAGE][INFO] - Checking timeout

2021-10-21 14:13:22 - [MESSAGE][INFO] - Finding web element with id: 'Object Repository/Tablo/OlusturulanVeri' located by 'By.cssSelector: table.dxgvTable_LECustomTheme>tbody>tr:nth-child(3)>td.dxgv b,table.dxgvTable_LECustomTheme>tbody>tr:nth-child(3)>td.dxgv' in '10' second(s)

2021-10-21 14:13:22 - [MESSAGE][INFO] - Smart Wait Function is triggered

2021-10-21 14:13:22 - [MESSAGE][INFO] - Found 10 web elements with id: 'Object Repository/Tablo/OlusturulanVeri' located by 'By.cssSelector: table.dxgvTable_LECustomTheme>tbody>tr:nth-child(3)>td.dxgv b,table.dxgvTable_LECustomTheme>tbody>tr:nth-child(3)>td.dxgv' in '10' second(s)

2021-10-21 14:13:22 - [MESSAGE][PASSED] - Method.TextDegerineEsitElementVarMi is PASSED

2021-10-21 14:13:22 - [MESSAGE][PASSED] - Call Test Case 'Test Cases/Tablo/TablodaUnvanliVeriOlusturulduMu' successfully

2021-10-21 14:13:22 - [MESSAGE][INFO] - Checking called Test Case

2021-10-21 14:13:22 - [MESSAGE][INFO] - Starting to call Test Case 'Test Cases/Tablo/TablodanVeriSec'

2021-10-21 14:13:22 - [TEST_CASE][PASSED] - Test Cases/Tablo/TablodanVeriSec: Test Cases/Tablo/TablodanVeriSec

2021-10-21 14:13:22 - [TEST_STEP][PASSED] - Method.TextDegerineEsitElementinAltindakineTikla(findTestObject("Tablo/Veriler"), findTestObject("Tablo/VerininCheckBoxi"), Veri_Adi): Method.TextDegerineEsitElementinAltindakineTikla is PASSED

2021-10-21 14:13:22 - [MESSAGE][INFO] - Finding Test Object 'Object Repository/Tablo/Veriler'

2021-10-21 14:13:22 - [MESSAGE][INFO] - Finding Test Object 'Object Repository/Tablo/VerininCheckBoxi'

2021-10-21 14:13:22 - [MESSAGE][INFO] - Checking timeout

2021-10-21 14:13:22 - [MESSAGE][INFO] - Finding web element with id: 'Object Repository/Tablo/Veriler' located by 'By.cssSelector: td.dxgv b ,td.dxgv' in '10' second(s)

2021-10-21 14:13:22 - [MESSAGE][INFO] - Smart Wait Function is triggered

2021-10-21 14:13:23 - [MESSAGE][INFO] - Found 30 web elements with id: 'Object Repository/Tablo/Veriler' located by 'By.cssSelector: td.dxgv b ,td.dxgv' in '10' second(s)

2021-10-21 14:13:23 - [MESSAGE][INFO] - Smart Wait Function is triggered

2021-10-21 14:13:23 - [MESSAGE][PASSED] - Method.TextDegerineEsitElementinAltindakineTikla is PASSED

2021-10-21 14:13:23 - [MESSAGE][PASSED] - Call Test Case 'Test Cases/Tablo/TablodanVeriSec' successfully

2021-10-21 14:13:23 - [MESSAGE][INFO] - Checking called Test Case

2021-10-21 14:13:23 - [MESSAGE][INFO] - Starting to call Test Case 'Test Cases/Butonlar/ButonaTikla'

2021-10-21 14:13:23 - [TEST_CASE][PASSED] - Test Cases/Butonlar/ButonaTikla: Test Cases/Butonlar/ButonaTikla

2021-10-21 14:13:23 - [TEST_STEP][PASSED] - Method.TextDegerineEsitElementeTiklaEquals(findTestObject("Butonlar/Butonlar"), Buton_Adi): Method.TextDegerineEsitElementeTiklaEquals is PASSED

2021-10-21 14:13:23 - [MESSAGE][INFO] - Finding Test Object 'Object Repository/Butonlar/Butonlar'

2021-10-21 14:13:23 - [MESSAGE][INFO] - Checking timeout

2021-10-21 14:13:23 - [MESSAGE][INFO] - Finding web element with id: 'Object Repository/Butonlar/Butonlar' located by 'By.cssSelector: .panel.panel-default.text-center.footerPanel .btn,.btn.btn-primary.btnControls' in '10' second(s)

2021-10-21 14:13:23 - [MESSAGE][INFO] - Smart Wait Function is triggered

2021-10-21 14:13:23 - [MESSAGE][INFO] - Found 7 web elements with id: 'Object Repository/Butonlar/Butonlar' located by 'By.cssSelector: .panel.panel-default.text-center.footerPanel .btn,.btn.btn-primary.btnControls' in '10' second(s)

2021-10-21 14:13:24 - [MESSAGE][PASSED] - Method.TextDegerineEsitElementeTiklaEquals is PASSED

2021-10-21 14:13:24 - [MESSAGE][PASSED] - Call Test Case 'Test Cases/Butonlar/ButonaTikla' successfully

2021-10-21 14:13:24 - [MESSAGE][INFO] - Checking called Test Case

2021-10-21 14:13:24 - [MESSAGE][INFO] - Starting to call Test Case 'Test Cases/Popup/PopupMesajiIceriyorMu'

2021-10-21 14:13:24 - [TEST_CASE][PASSED] - Test Cases/Popup/PopupMesajiIceriyorMu: Test Cases/Popup/PopupMesajiIceriyorMu

2021-10-21 14:13:24 - [TEST_STEP][PASSED] - waitForElementVisible(findTestObject("Popup/Popup"), 10): Object 'Object Repository/Popup/Popup' is visible

2021-10-21 14:13:24 - [MESSAGE][INFO] - Finding Test Object 'Object Repository/Popup/Popup'

2021-10-21 14:13:24 - [MESSAGE][INFO] - Checking object

2021-10-21 14:13:24 - [MESSAGE][INFO] - Checking timeout

2021-10-21 14:13:24 - [MESSAGE][INFO] - Finding web element from Test Object's properties

2021-10-21 14:13:24 - [MESSAGE][INFO] - Checking timeout

2021-10-21 14:13:24 - [MESSAGE][INFO] - Finding web element with id: 'Object Repository/Popup/Popup' located by 'By.cssSelector: .bootbox-body' in '10' second(s)

2021-10-21 14:13:24 - [MESSAGE][INFO] - Smart Wait Function is triggered

2021-10-21 14:13:25 - [MESSAGE][INFO] - Found 1 web elements with id: 'Object Repository/Popup/Popup' located by 'By.cssSelector: .bootbox-body' in '10' second(s)

2021-10-21 14:13:25 - [MESSAGE][PASSED] - Object 'Object Repository/Popup/Popup' is visible

2021-10-21 14:13:25 - [TEST_STEP][PASSED] - if (!(getText(findTestObject("Popup/Popup")).contains(Mesaj))): Text of object 'Object Repository/Popup/Popup' is: 'Oluşturulacak makbuz numarası : EMM2021000000391 Makbuz numarası oluşturulduktan sonra makbuz silinemez. Makbuz numarası, tarihi ve ön eki değiştirilemez. Devam etmek istiyor musunuz?'

2021-10-21 14:13:25 - [MESSAGE][INFO] - Finding Test Object 'Object Repository/Popup/Popup'

2021-10-21 14:13:25 - [MESSAGE][INFO] - Checking object

2021-10-21 14:13:25 - [MESSAGE][INFO] - Finding web element from Test Object's properties

2021-10-21 14:13:25 - [MESSAGE][INFO] - Checking timeout

2021-10-21 14:13:25 - [MESSAGE][INFO] - Finding web element with id: 'Object Repository/Popup/Popup' located by 'By.cssSelector: .bootbox-body' in '30' second(s)

2021-10-21 14:13:25 - [MESSAGE][INFO] - Smart Wait Function is triggered

2021-10-21 14:13:25 - [MESSAGE][INFO] - Found 1 web elements with id: 'Object Repository/Popup/Popup' located by 'By.cssSelector: .bootbox-body' in '30' second(s)

2021-10-21 14:13:25 - [MESSAGE][INFO] - Getting text of object 'Object Repository/Popup/Popup'

2021-10-21 14:13:25 - [MESSAGE][PASSED] - Text of object 'Object Repository/Popup/Popup' is: 'Oluşturulacak makbuz numarası : EMM2021000000391 Makbuz numarası oluşturulduktan sonra makbuz silinemez. Makbuz numarası, tarihi ve ön eki değiştirilemez. Devam etmek istiyor musunuz?'

2021-10-21 14:13:25 - [TEST_STEP][PASSED] - RaporNo = getText(findTestObject("Popup/Popup")).substring(0, 6): Text of object 'Object Repository/Popup/Popup' is: 'Oluşturulacak makbuz numarası : EMM2021000000391 Makbuz numarası oluşturulduktan sonra makbuz silinemez. Makbuz numarası, tarihi ve ön eki değiştirilemez. Devam etmek istiyor musunuz?'

2021-10-21 14:13:25 - [MESSAGE][INFO] - Finding Test Object 'Object Repository/Popup/Popup'

2021-10-21 14:13:25 - [MESSAGE][INFO] - Checking object

2021-10-21 14:13:25 - [MESSAGE][INFO] - Finding web element from Test Object's properties

2021-10-21 14:13:25 - [MESSAGE][INFO] - Checking timeout

2021-10-21 14:13:25 - [MESSAGE][INFO] - Finding web element with id: 'Object Repository/Popup/Popup' located by 'By.cssSelector: .bootbox-body' in '30' second(s)

2021-10-21 14:13:25 - [MESSAGE][INFO] - Smart Wait Function is triggered

2021-10-21 14:13:26 - [MESSAGE][INFO] - Found 1 web elements with id: 'Object Repository/Popup/Popup' located by 'By.cssSelector: .bootbox-body' in '30' second(s)

2021-10-21 14:13:26 - [MESSAGE][INFO] - Getting text of object 'Object Repository/Popup/Popup'

2021-10-21 14:13:26 - [MESSAGE][PASSED] - Text of object 'Object Repository/Popup/Popup' is: 'Oluşturulacak makbuz numarası : EMM2021000000391 Makbuz numarası oluşturulduktan sonra makbuz silinemez. Makbuz numarası, tarihi ve ön eki değiştirilemez. Devam etmek istiyor musunuz?'

2021-10-21 14:13:26 - [TEST_STEP][PASSED] - Console.println(RaporNo): null

2021-10-21 14:13:26 - [MESSAGE][PASSED] - Call Test Case 'Test Cases/Popup/PopupMesajiIceriyorMu' successfully

2021-10-21 14:13:26 - [MESSAGE][INFO] - Checking called Test Case

2021-10-21 14:13:26 - [MESSAGE][INFO] - Starting to call Test Case 'Test Cases/Popup/PopupButonSecilir'

2021-10-21 14:13:26 - [TEST_CASE][PASSED] - Test Cases/Popup/PopupButonSecilir: Test Cases/Popup/PopupButonSecilir

2021-10-21 14:13:26 - [TEST_STEP][PASSED] - Method.TextDegerineEsitElementeTikla(findTestObject("Popup/Popup_Butons"), Buton): Method.TextDegerineEsitElementeTikla is PASSED

2021-10-21 14:13:26 - [MESSAGE][INFO] - Finding Test Object 'Object Repository/Popup/Popup_Butons'

2021-10-21 14:13:26 - [MESSAGE][INFO] - Checking timeout

2021-10-21 14:13:26 - [MESSAGE][INFO] - Finding web element with id: 'Object Repository/Popup/Popup_Butons' located by 'By.cssSelector: .modal-footer>button' in '10' second(s)

2021-10-21 14:13:26 - [MESSAGE][INFO] - Smart Wait Function is triggered

2021-10-21 14:13:26 - [MESSAGE][INFO] - Found 2 web elements with id: 'Object Repository/Popup/Popup_Butons' located by 'By.cssSelector: .modal-footer>button' in '10' second(s)

2021-10-21 14:13:26 - [MESSAGE][PASSED] - Method.TextDegerineEsitElementeTikla is PASSED

2021-10-21 14:13:26 - [MESSAGE][PASSED] - Call Test Case 'Test Cases/Popup/PopupButonSecilir' successfully

2021-10-21 14:13:26 - [MESSAGE][INFO] - Checking called Test Case

2021-10-21 14:13:26 - [MESSAGE][INFO] - Starting to call Test Case 'Test Cases/Popup/PopupMesajiIceriyorMu'

2021-10-21 14:13:26 - [TEST_CASE][PASSED] - Test Cases/Popup/PopupMesajiIceriyorMu: Test Cases/Popup/PopupMesajiIceriyorMu

2021-10-21 14:13:26 - [TEST_STEP][PASSED] - waitForElementVisible(findTestObject("Popup/Popup"), 10): Object 'Object Repository/Popup/Popup' is visible

2021-10-21 14:13:26 - [MESSAGE][INFO] - Finding Test Object 'Object Repository/Popup/Popup'

2021-10-21 14:13:27 - [MESSAGE][INFO] - Checking object

2021-10-21 14:13:27 - [MESSAGE][INFO] - Checking timeout

2021-10-21 14:13:27 - [MESSAGE][INFO] - Finding web element from Test Object's properties

2021-10-21 14:13:27 - [MESSAGE][INFO] - Checking timeout

2021-10-21 14:13:27 - [MESSAGE][INFO] - Finding web element with id: 'Object Repository/Popup/Popup' located by 'By.cssSelector: .bootbox-body' in '10' second(s)

2021-10-21 14:13:27 - [MESSAGE][INFO] - Smart Wait Function is triggered

2021-10-21 14:13:27 - [MESSAGE][INFO] - Found 1 web elements with id: 'Object Repository/Popup/Popup' located by 'By.cssSelector: .bootbox-body' in '10' second(s)

2021-10-21 14:13:27 - [MESSAGE][PASSED] - Object 'Object Repository/Popup/Popup' is visible

2021-10-21 14:13:27 - [TEST_STEP][PASSED] - if (!(getText(findTestObject("Popup/Popup")).contains(Mesaj))): Text of object 'Object Repository/Popup/Popup' is: 'Makbuz numaranız EMM2021000000391 olarak oluşmuştur.'

2021-10-21 14:13:27 - [MESSAGE][INFO] - Finding Test Object 'Object Repository/Popup/Popup'

2021-10-21 14:13:27 - [MESSAGE][INFO] - Checking object

2021-10-21 14:13:27 - [MESSAGE][INFO] - Finding web element from Test Object's properties

2021-10-21 14:13:27 - [MESSAGE][INFO] - Checking timeout

2021-10-21 14:13:27 - [MESSAGE][INFO] - Finding web element with id: 'Object Repository/Popup/Popup' located by 'By.cssSelector: .bootbox-body' in '30' second(s)

2021-10-21 14:13:27 - [MESSAGE][INFO] - Smart Wait Function is triggered

2021-10-21 14:13:28 - [MESSAGE][INFO] - Found 1 web elements with id: 'Object Repository/Popup/Popup' located by 'By.cssSelector: .bootbox-body' in '30' second(s)

2021-10-21 14:13:28 - [MESSAGE][INFO] - Getting text of object 'Object Repository/Popup/Popup'

2021-10-21 14:13:28 - [MESSAGE][PASSED] - Text of object 'Object Repository/Popup/Popup' is: 'Makbuz numaranız EMM2021000000391 olarak oluşmuştur.'

2021-10-21 14:13:28 - [TEST_STEP][PASSED] - RaporNo = getText(findTestObject("Popup/Popup")).substring(0, 6): Text of object 'Object Repository/Popup/Popup' is: 'Makbuz numaranız EMM2021000000391 olarak oluşmuştur.'

2021-10-21 14:13:28 - [MESSAGE][INFO] - Finding Test Object 'Object Repository/Popup/Popup'

2021-10-21 14:13:28 - [MESSAGE][INFO] - Checking object

2021-10-21 14:13:28 - [MESSAGE][INFO] - Finding web element from Test Object's properties

2021-10-21 14:13:28 - [MESSAGE][INFO] - Checking timeout

2021-10-21 14:13:28 - [MESSAGE][INFO] - Finding web element with id: 'Object Repository/Popup/Popup' located by 'By.cssSelector: .bootbox-body' in '30' second(s)

2021-10-21 14:13:28 - [MESSAGE][INFO] - Smart Wait Function is triggered

2021-10-21 14:13:28 - [MESSAGE][INFO] - Found 1 web elements with id: 'Object Repository/Popup/Popup' located by 'By.cssSelector: .bootbox-body' in '30' second(s)

2021-10-21 14:13:28 - [MESSAGE][INFO] - Getting text of object 'Object Repository/Popup/Popup'

2021-10-21 14:13:28 - [MESSAGE][PASSED] - Text of object 'Object Repository/Popup/Popup' is: 'Makbuz numaranız EMM2021000000391 olarak oluşmuştur.'

2021-10-21 14:13:28 - [TEST_STEP][PASSED] - Console.println(RaporNo): null

2021-10-21 14:13:28 - [MESSAGE][PASSED] - Call Test Case 'Test Cases/Popup/PopupMesajiIceriyorMu' successfully

2021-10-21 14:13:28 - [MESSAGE][INFO] - Checking called Test Case

2021-10-21 14:13:28 - [MESSAGE][INFO] - Starting to call Test Case 'Test Cases/Popup/PopupButonSecilir'

2021-10-21 14:13:28 - [TEST_CASE][PASSED] - Test Cases/Popup/PopupButonSecilir: Test Cases/Popup/PopupButonSecilir

2021-10-21 14:13:28 - [TEST_STEP][PASSED] - Method.TextDegerineEsitElementeTikla(findTestObject("Popup/Popup_Butons"), Buton): Method.TextDegerineEsitElementeTikla is PASSED

2021-10-21 14:13:28 - [MESSAGE][INFO] - Finding Test Object 'Object Repository/Popup/Popup_Butons'

2021-10-21 14:13:28 - [MESSAGE][INFO] - Checking timeout

2021-10-21 14:13:28 - [MESSAGE][INFO] - Finding web element with id: 'Object Repository/Popup/Popup_Butons' located by 'By.cssSelector: .modal-footer>button' in '10' second(s)

2021-10-21 14:13:28 - [MESSAGE][INFO] - Smart Wait Function is triggered

2021-10-21 14:13:28 - [MESSAGE][INFO] - Found 1 web elements with id: 'Object Repository/Popup/Popup_Butons' located by 'By.cssSelector: .modal-footer>button' in '10' second(s)

2021-10-21 14:13:28 - [MESSAGE][PASSED] - Method.TextDegerineEsitElementeTikla is PASSED

2021-10-21 14:13:28 - [MESSAGE][PASSED] - Call Test Case 'Test Cases/Popup/PopupButonSecilir' successfully

2021-10-21 14:13:28 - [MESSAGE][INFO] - Checking called Test Case

2021-10-21 14:13:28 - [MESSAGE][INFO] - Starting to call Test Case 'Test Cases/Tablo/TablodanVeriSec'

2021-10-21 14:13:28 - [TEST_CASE][PASSED] - Test Cases/Tablo/TablodanVeriSec: Test Cases/Tablo/TablodanVeriSec

2021-10-21 14:13:29 - [TEST_STEP][PASSED] - Method.TextDegerineEsitElementinAltindakineTikla(findTestObject("Tablo/Veriler"), findTestObject("Tablo/VerininCheckBoxi"), Veri_Adi): Method.TextDegerineEsitElementinAltindakineTikla is PASSED

2021-10-21 14:13:29 - [MESSAGE][INFO] - Finding Test Object 'Object Repository/Tablo/Veriler'

2021-10-21 14:13:29 - [MESSAGE][INFO] - Finding Test Object 'Object Repository/Tablo/VerininCheckBoxi'

2021-10-21 14:13:29 - [MESSAGE][INFO] - Checking timeout

2021-10-21 14:13:29 - [MESSAGE][INFO] - Finding web element with id: 'Object Repository/Tablo/Veriler' located by 'By.cssSelector: td.dxgv b ,td.dxgv' in '10' second(s)

2021-10-21 14:13:29 - [MESSAGE][INFO] - Smart Wait Function is triggered

2021-10-21 14:13:29 - [MESSAGE][INFO] - Found 30 web elements with id: 'Object Repository/Tablo/Veriler' located by 'By.cssSelector: td.dxgv b ,td.dxgv' in '10' second(s)

2021-10-21 14:13:29 - [MESSAGE][INFO] - Smart Wait Function is triggered

2021-10-21 14:13:30 - [MESSAGE][PASSED] - Method.TextDegerineEsitElementinAltindakineTikla is PASSED

2021-10-21 14:13:30 - [MESSAGE][PASSED] - Call Test Case 'Test Cases/Tablo/TablodanVeriSec' successfully

2021-10-21 14:13:30 - [MESSAGE][INFO] - Checking called Test Case

2021-10-21 14:13:30 - [MESSAGE][INFO] - Starting to call Test Case 'Test Cases/Butonlar/ButonaTikla'

2021-10-21 14:13:30 - [TEST_CASE][PASSED] - Test Cases/Butonlar/ButonaTikla: Test Cases/Butonlar/ButonaTikla

2021-10-21 14:13:30 - [TEST_STEP][PASSED] - Method.TextDegerineEsitElementeTiklaEquals(findTestObject("Butonlar/Butonlar"), Buton_Adi): Method.TextDegerineEsitElementeTiklaEquals is PASSED

2021-10-21 14:13:30 - [MESSAGE][INFO] - Finding Test Object 'Object Repository/Butonlar/Butonlar'

2021-10-21 14:13:30 - [MESSAGE][INFO] - Checking timeout

2021-10-21 14:13:30 - [MESSAGE][INFO] - Finding web element with id: 'Object Repository/Butonlar/Butonlar' located by 'By.cssSelector: .panel.panel-default.text-center.footerPanel .btn,.btn.btn-primary.btnControls' in '10' second(s)

2021-10-21 14:13:30 - [MESSAGE][INFO] - Smart Wait Function is triggered

2021-10-21 14:13:30 - [MESSAGE][INFO] - Found 7 web elements with id: 'Object Repository/Butonlar/Butonlar' located by 'By.cssSelector: .panel.panel-default.text-center.footerPanel .btn,.btn.btn-primary.btnControls' in '10' second(s)

2021-10-21 14:13:30 - [MESSAGE][PASSED] - Method.TextDegerineEsitElementeTiklaEquals is PASSED

2021-10-21 14:13:30 - [MESSAGE][PASSED] - Call Test Case 'Test Cases/Butonlar/ButonaTikla' successfully

2021-10-21 14:13:30 - [MESSAGE][INFO] - Checking called Test Case

2021-10-21 14:13:30 - [MESSAGE][INFO] - Starting to call Test Case 'Test Cases/Sekmeler/YeniSekmeyeGec'

2021-10-21 14:13:30 - [TEST_CASE][PASSED] - Test Cases/Sekmeler/YeniSekmeyeGec: Test Cases/Sekmeler/YeniSekmeyeGec

2021-10-21 14:13:30 - [TEST_STEP][PASSED] - switchToWindowIndex(1): Switched to window with index: '1'

2021-10-21 14:13:30 - [MESSAGE][INFO] - Checking index

2021-10-21 14:13:30 - [MESSAGE][INFO] - Switching window with index: '1'

2021-10-21 14:13:30 - [MESSAGE][PASSED] - Switched to window with index: '1'

2021-10-21 14:13:30 - [MESSAGE][PASSED] - Call Test Case 'Test Cases/Sekmeler/YeniSekmeyeGec' successfully

2021-10-21 14:13:30 - [MESSAGE][INFO] - Checking called Test Case

2021-10-21 14:13:30 - [MESSAGE][INFO] - Starting to call Test Case 'Test Cases/Sekmeler/YeniSekmeBasligindaVarMi'

2021-10-21 14:13:30 - [TEST_CASE][PASSED] - Test Cases/Sekmeler/YeniSekmeBasligindaVarMi: Test Cases/Sekmeler/YeniSekmeBasligindaVarMi

2021-10-21 14:13:30 - [TEST_STEP][PASSED] - verifyElementText(findTestObject("Object Repository/Sekmeler/Olusturma_Goster_Baslik"), Title): Actual text and expected text of test object 'Object Repository/Sekmeler/Olusturma_Goster_Baslik' are matched.

2021-10-21 14:13:30 - [MESSAGE][INFO] - Finding Test Object 'Object Repository/Sekmeler/Olusturma_Goster_Baslik'

2021-10-21 14:13:31 - [MESSAGE][INFO] - Checking object

2021-10-21 14:13:31 - [MESSAGE][INFO] - Finding web element from Test Object's properties

2021-10-21 14:13:31 - [MESSAGE][INFO] - Checking timeout

2021-10-21 14:13:31 - [MESSAGE][INFO] - Finding web element with id: 'Object Repository/Sekmeler/Olusturma_Goster_Baslik' located by 'By.cssSelector: h1>span,td>font,font' in '30' second(s)

2021-10-21 14:13:31 - [MESSAGE][INFO] - Smart Wait Function is triggered

2021-10-21 14:13:31 - [MESSAGE][INFO] - Found 1 web elements with id: 'Object Repository/Sekmeler/Olusturma_Goster_Baslik' located by 'By.cssSelector: h1>span,td>font,font' in '30' second(s)

2021-10-21 14:13:31 - [MESSAGE][PASSED] - Actual text and expected text of test object 'Object Repository/Sekmeler/Olusturma_Goster_Baslik' are matched.

2021-10-21 14:13:31 - [MESSAGE][PASSED] - Call Test Case 'Test Cases/Sekmeler/YeniSekmeBasligindaVarMi' successfully

2021-10-21 14:13:31 - [MESSAGE][INFO] - Checking called Test Case

2021-10-21 14:13:31 - [MESSAGE][INFO] - Starting to call Test Case 'Test Cases/Sekmeler/Ana_Sekmeye_Gec'

2021-10-21 14:13:31 - [TEST_CASE][PASSED] - Test Cases/Sekmeler/Ana_Sekmeye_Gec: Test Cases/Sekmeler/Ana_Sekmeye_Gec

2021-10-21 14:13:31 - [TEST_STEP][PASSED] - try: Window with index 1 is closed

2021-10-21 14:13:31 - [TEST_STEP][PASSED] - index = getWindowIndex(): Current window's index is: 1

2021-10-21 14:13:31 - [MESSAGE][INFO] - Getting current window's index

2021-10-21 14:13:31 - [MESSAGE][PASSED] - Current window's index is: 1

2021-10-21 14:13:31 - [TEST_STEP][PASSED] - closeWindowIndex(index): Window with index 1 is closed

2021-10-21 14:13:31 - [MESSAGE][INFO] - Checking index

2021-10-21 14:13:31 - [MESSAGE][INFO] - Closing window with index 1

2021-10-21 14:13:31 - [MESSAGE][PASSED] - Window with index 1 is closed

2021-10-21 14:13:31 - [TEST_STEP][PASSED] - switchToWindowIndex(0): Switched to window with index: '0'

2021-10-21 14:13:31 - [MESSAGE][INFO] - Checking index

2021-10-21 14:13:31 - [MESSAGE][INFO] - Switching window with index: '0'

2021-10-21 14:13:31 - [MESSAGE][PASSED] - Switched to window with index: '0'

2021-10-21 14:13:31 - [MESSAGE][PASSED] - Call Test Case 'Test Cases/Sekmeler/Ana_Sekmeye_Gec' successfully

2021-10-21 14:13:31 - [MESSAGE][INFO] - Checking called Test Case

2021-10-21 14:13:31 - [MESSAGE][INFO] - Starting to call Test Case 'Test Cases/Butonlar/ButonaTikla'

2021-10-21 14:13:31 - [TEST_CASE][PASSED] - Test Cases/Butonlar/ButonaTikla: Test Cases/Butonlar/ButonaTikla

2021-10-21 14:13:31 - [TEST_STEP][PASSED] - Method.TextDegerineEsitElementeTiklaEquals(findTestObject("Butonlar/Butonlar"), Buton_Adi): Method.TextDegerineEsitElementeTiklaEquals is PASSED

2021-10-21 14:13:31 - [MESSAGE][INFO] - Finding Test Object 'Object Repository/Butonlar/Butonlar'

2021-10-21 14:13:31 - [MESSAGE][INFO] - Checking timeout

2021-10-21 14:13:31 - [MESSAGE][INFO] - Finding web element with id: 'Object Repository/Butonlar/Butonlar' located by 'By.cssSelector: .panel.panel-default.text-center.footerPanel .btn,.btn.btn-primary.btnControls' in '10' second(s)

2021-10-21 14:13:31 - [MESSAGE][INFO] - Smart Wait Function is triggered

2021-10-21 14:13:32 - [MESSAGE][INFO] - Found 7 web elements with id: 'Object Repository/Butonlar/Butonlar' located by 'By.cssSelector: .panel.panel-default.text-center.footerPanel .btn,.btn.btn-primary.btnControls' in '10' second(s)

2021-10-21 14:13:32 - [MESSAGE][PASSED] - Method.TextDegerineEsitElementeTiklaEquals is PASSED

2021-10-21 14:13:32 - [MESSAGE][PASSED] - Call Test Case 'Test Cases/Butonlar/ButonaTikla' successfully

2021-10-21 14:13:32 - [MESSAGE][INFO] - Checking called Test Case

2021-10-21 14:13:32 - [MESSAGE][INFO] - Starting to call Test Case 'Test Cases/Sekmeler/YeniSekmeyeGec'

2021-10-21 14:13:32 - [TEST_CASE][PASSED] - Test Cases/Sekmeler/YeniSekmeyeGec: Test Cases/Sekmeler/YeniSekmeyeGec

2021-10-21 14:13:32 - [TEST_STEP][PASSED] - switchToWindowIndex(1): Switched to window with index: '1'

2021-10-21 14:13:32 - [MESSAGE][INFO] - Checking index

2021-10-21 14:13:32 - [MESSAGE][INFO] - Switching window with index: '1'

2021-10-21 14:13:32 - [MESSAGE][PASSED] - Switched to window with index: '1'

2021-10-21 14:13:32 - [MESSAGE][PASSED] - Call Test Case 'Test Cases/Sekmeler/YeniSekmeyeGec' successfully

2021-10-21 14:13:32 - [MESSAGE][INFO] - Checking called Test Case

2021-10-21 14:13:32 - [MESSAGE][INFO] - Starting to call Test Case 'Test Cases/Sekmeler/TagGeldiMi'

2021-10-21 14:13:32 - [TEST_CASE][PASSED] - Test Cases/Sekmeler/TagGeldiMi: Test Cases/Sekmeler/TagGeldiMi

2021-10-21 14:13:32 - [TEST_STEP][PASSED] - waitForElementPresent(findTestObject("Object Repository/Sekmeler/UBLTag"), 10): Object 'Object Repository/Sekmeler/UBLTag' is present

2021-10-21 14:13:32 - [MESSAGE][INFO] - Finding Test Object 'Object Repository/Sekmeler/UBLTag'

2021-10-21 14:13:32 - [MESSAGE][INFO] - Checking object

2021-10-21 14:13:32 - [MESSAGE][INFO] - Finding web element from Test Object's properties

2021-10-21 14:13:32 - [MESSAGE][INFO] - Checking timeout

2021-10-21 14:13:32 - [MESSAGE][INFO] - Finding web element with id: 'Object Repository/Sekmeler/UBLTag' located by 'By.cssSelector: #webkit-xml-viewer-source-xml>:first-child' in '10' second(s)

2021-10-21 14:13:32 - [MESSAGE][INFO] - Smart Wait Function is triggered

2021-10-21 14:13:33 - [MESSAGE][INFO] - Found 1 web elements with id: 'Object Repository/Sekmeler/UBLTag' located by 'By.cssSelector: #webkit-xml-viewer-source-xml>:first-child' in '10' second(s)

2021-10-21 14:13:33 - [MESSAGE][PASSED] - Object 'Object Repository/Sekmeler/UBLTag' is present

2021-10-21 14:13:33 - [TEST_STEP][PASSED] - println(toLowerCase().toString()): Found 1 web elements with id: 'Object Repository/Sekmeler/UBLTag' located by 'By.cssSelector: #webkit-xml-viewer-source-xml>:first-child' in '10' second(s)

2021-10-21 14:13:33 - [MESSAGE][INFO] - Finding Test Object 'Object Repository/Sekmeler/UBLTag'

2021-10-21 14:13:33 - [MESSAGE][INFO] - Finding web element from Test Object's properties

2021-10-21 14:13:33 - [MESSAGE][INFO] - Checking timeout

2021-10-21 14:13:33 - [MESSAGE][INFO] - Finding web element with id: 'Object Repository/Sekmeler/UBLTag' located by 'By.cssSelector: #webkit-xml-viewer-source-xml>:first-child' in '10' second(s)

2021-10-21 14:13:33 - [MESSAGE][INFO] - Smart Wait Function is triggered

2021-10-21 14:13:33 - [MESSAGE][INFO] - Found 1 web elements with id: 'Object Repository/Sekmeler/UBLTag' located by 'By.cssSelector: #webkit-xml-viewer-source-xml>:first-child' in '10' second(s)

2021-10-21 14:13:33 - [TEST_STEP][PASSED] - if (!(toString().contains(toString().toLowerCase()))): Found 1 web elements with id: 'Object Repository/Sekmeler/UBLTag' located by 'By.cssSelector: #webkit-xml-viewer-source-xml>:first-child' in '10' second(s)

2021-10-21 14:13:33 - [MESSAGE][INFO] - Finding Test Object 'Object Repository/Sekmeler/UBLTag'

2021-10-21 14:13:33 - [MESSAGE][INFO] - Finding web element from Test Object's properties

2021-10-21 14:13:33 - [MESSAGE][INFO] - Checking timeout

2021-10-21 14:13:33 - [MESSAGE][INFO] - Finding web element with id: 'Object Repository/Sekmeler/UBLTag' located by 'By.cssSelector: #webkit-xml-viewer-source-xml>:first-child' in '10' second(s)

2021-10-21 14:13:33 - [MESSAGE][INFO] - Smart Wait Function is triggered

2021-10-21 14:13:33 - [MESSAGE][INFO] - Found 1 web elements with id: 'Object Repository/Sekmeler/UBLTag' located by 'By.cssSelector: #webkit-xml-viewer-source-xml>:first-child' in '10' second(s)

2021-10-21 14:13:33 - [MESSAGE][PASSED] - Call Test Case 'Test Cases/Sekmeler/TagGeldiMi' successfully

2021-10-21 14:13:33 - [MESSAGE][INFO] - Checking called Test Case

2021-10-21 14:13:33 - [MESSAGE][INFO] - Starting to call Test Case 'Test Cases/Sekmeler/Ana_Sekmeye_Gec'

2021-10-21 14:13:33 - [TEST_CASE][PASSED] - Test Cases/Sekmeler/Ana_Sekmeye_Gec: Test Cases/Sekmeler/Ana_Sekmeye_Gec

2021-10-21 14:13:33 - [TEST_STEP][PASSED] - try: Window with index 1 is closed

2021-10-21 14:13:33 - [TEST_STEP][PASSED] - index = getWindowIndex(): Current window's index is: 1

2021-10-21 14:13:33 - [MESSAGE][INFO] - Getting current window's index

2021-10-21 14:13:33 - [MESSAGE][PASSED] - Current window's index is: 1

2021-10-21 14:13:33 - [TEST_STEP][PASSED] - closeWindowIndex(index): Window with index 1 is closed

2021-10-21 14:13:33 - [MESSAGE][INFO] - Checking index

2021-10-21 14:13:33 - [MESSAGE][INFO] - Closing window with index 1

2021-10-21 14:13:33 - [MESSAGE][PASSED] - Window with index 1 is closed

2021-10-21 14:13:33 - [TEST_STEP][PASSED] - switchToWindowIndex(0): Switched to window with index: '0'

2021-10-21 14:13:33 - [MESSAGE][INFO] - Checking index

2021-10-21 14:13:33 - [MESSAGE][INFO] - Switching window with index: '0'

2021-10-21 14:13:33 - [MESSAGE][PASSED] - Switched to window with index: '0'

2021-10-21 14:13:33 - [MESSAGE][PASSED] - Call Test Case 'Test Cases/Sekmeler/Ana_Sekmeye_Gec' successfully

2021-10-21 14:13:33 - [MESSAGE][INFO] - Checking called Test Case

2021-10-21 14:13:33 - [MESSAGE][INFO] - Starting to call Test Case 'Test Cases/Butonlar/ButonaTikla'

2021-10-21 14:13:33 - [TEST_CASE][PASSED] - Test Cases/Butonlar/ButonaTikla: Test Cases/Butonlar/ButonaTikla

2021-10-21 14:13:33 - [TEST_STEP][PASSED] - Method.TextDegerineEsitElementeTiklaEquals(findTestObject("Butonlar/Butonlar"), Buton_Adi): Method.TextDegerineEsitElementeTiklaEquals is PASSED

2021-10-21 14:13:33 - [MESSAGE][INFO] - Finding Test Object 'Object Repository/Butonlar/Butonlar'

2021-10-21 14:13:33 - [MESSAGE][INFO] - Checking timeout

2021-10-21 14:13:33 - [MESSAGE][INFO] - Finding web element with id: 'Object Repository/Butonlar/Butonlar' located by 'By.cssSelector: .panel.panel-default.text-center.footerPanel .btn,.btn.btn-primary.btnControls' in '10' second(s)

2021-10-21 14:13:33 - [MESSAGE][INFO] - Smart Wait Function is triggered

2021-10-21 14:13:34 - [MESSAGE][INFO] - Found 7 web elements with id: 'Object Repository/Butonlar/Butonlar' located by 'By.cssSelector: .panel.panel-default.text-center.footerPanel .btn,.btn.btn-primary.btnControls' in '10' second(s)

2021-10-21 14:13:34 - [MESSAGE][PASSED] - Method.TextDegerineEsitElementeTiklaEquals is PASSED

2021-10-21 14:13:34 - [MESSAGE][PASSED] - Call Test Case 'Test Cases/Butonlar/ButonaTikla' successfully

2021-10-21 14:13:34 - [MESSAGE][INFO] - Checking called Test Case

2021-10-21 14:13:34 - [MESSAGE][INFO] - Starting to call Test Case 'Test Cases/Popup/PopupMesajiIceriyorMu'

2021-10-21 14:13:34 - [TEST_CASE][PASSED] - Test Cases/Popup/PopupMesajiIceriyorMu: Test Cases/Popup/PopupMesajiIceriyorMu

2021-10-21 14:13:34 - [TEST_STEP][PASSED] - waitForElementVisible(findTestObject("Popup/Popup"), 10): Object 'Object Repository/Popup/Popup' is visible

2021-10-21 14:13:34 - [MESSAGE][INFO] - Finding Test Object 'Object Repository/Popup/Popup'

2021-10-21 14:13:34 - [MESSAGE][INFO] - Checking object

2021-10-21 14:13:34 - [MESSAGE][INFO] - Checking timeout

2021-10-21 14:13:34 - [MESSAGE][INFO] - Finding web element from Test Object's properties

2021-10-21 14:13:34 - [MESSAGE][INFO] - Checking timeout

2021-10-21 14:13:34 - [MESSAGE][INFO] - Finding web element with id: 'Object Repository/Popup/Popup' located by 'By.cssSelector: .bootbox-body' in '10' second(s)

2021-10-21 14:13:34 - [MESSAGE][INFO] - Smart Wait Function is triggered

2021-10-21 14:13:35 - [MESSAGE][INFO] - Found 1 web elements with id: 'Object Repository/Popup/Popup' located by 'By.cssSelector: .bootbox-body' in '10' second(s)

2021-10-21 14:13:35 - [MESSAGE][PASSED] - Object 'Object Repository/Popup/Popup' is visible

2021-10-21 14:13:35 - [TEST_STEP][PASSED] - if (!(getText(findTestObject("Popup/Popup")).contains(Mesaj))): Text of object 'Object Repository/Popup/Popup' is: 'EMM serisi için onaylanmamış belge(leri)niz bulunmaktadır.
Devam etmek istiyor musunuz?'

2021-10-21 14:13:35 - [MESSAGE][INFO] - Finding Test Object 'Object Repository/Popup/Popup'

2021-10-21 14:13:35 - [MESSAGE][INFO] - Checking object

2021-10-21 14:13:35 - [MESSAGE][INFO] - Finding web element from Test Object's properties

2021-10-21 14:13:35 - [MESSAGE][INFO] - Checking timeout

2021-10-21 14:13:35 - [MESSAGE][INFO] - Finding web element with id: 'Object Repository/Popup/Popup' located by 'By.cssSelector: .bootbox-body' in '30' second(s)

2021-10-21 14:13:35 - [MESSAGE][INFO] - Smart Wait Function is triggered

2021-10-21 14:13:35 - [MESSAGE][INFO] - Found 1 web elements with id: 'Object Repository/Popup/Popup' located by 'By.cssSelector: .bootbox-body' in '30' second(s)

2021-10-21 14:13:35 - [MESSAGE][INFO] - Getting text of object 'Object Repository/Popup/Popup'

2021-10-21 14:13:35 - [MESSAGE][PASSED] - Text of object 'Object Repository/Popup/Popup' is: 'EMM serisi için onaylanmamış belge(leri)niz bulunmaktadır.
Devam etmek istiyor musunuz?'

2021-10-21 14:13:35 - [TEST_STEP][PASSED] - RaporNo = getText(findTestObject("Popup/Popup")).substring(0, 6): Text of object 'Object Repository/Popup/Popup' is: 'EMM serisi için onaylanmamış belge(leri)niz bulunmaktadır.
Devam etmek istiyor musunuz?'

2021-10-21 14:13:35 - [MESSAGE][INFO] - Finding Test Object 'Object Repository/Popup/Popup'

2021-10-21 14:13:35 - [MESSAGE][INFO] - Checking object

2021-10-21 14:13:35 - [MESSAGE][INFO] - Finding web element from Test Object's properties

2021-10-21 14:13:35 - [MESSAGE][INFO] - Checking timeout

2021-10-21 14:13:35 - [MESSAGE][INFO] - Finding web element with id: 'Object Repository/Popup/Popup' located by 'By.cssSelector: .bootbox-body' in '30' second(s)

2021-10-21 14:13:35 - [MESSAGE][INFO] - Smart Wait Function is triggered

2021-10-21 14:13:35 - [MESSAGE][INFO] - Found 1 web elements with id: 'Object Repository/Popup/Popup' located by 'By.cssSelector: .bootbox-body' in '30' second(s)

2021-10-21 14:13:35 - [MESSAGE][INFO] - Getting text of object 'Object Repository/Popup/Popup'

2021-10-21 14:13:36 - [MESSAGE][PASSED] - Text of object 'Object Repository/Popup/Popup' is: 'EMM serisi için onaylanmamış belge(leri)niz bulunmaktadır.
Devam etmek istiyor musunuz?'

2021-10-21 14:13:36 - [TEST_STEP][PASSED] - Console.println(RaporNo): null

2021-10-21 14:13:36 - [MESSAGE][PASSED] - Call Test Case 'Test Cases/Popup/PopupMesajiIceriyorMu' successfully

2021-10-21 14:13:36 - [MESSAGE][INFO] - Checking called Test Case

2021-10-21 14:13:36 - [MESSAGE][INFO] - Starting to call Test Case 'Test Cases/Popup/PopupButonSecilir'

2021-10-21 14:13:36 - [TEST_CASE][PASSED] - Test Cases/Popup/PopupButonSecilir: Test Cases/Popup/PopupButonSecilir

2021-10-21 14:13:36 - [TEST_STEP][PASSED] - Method.TextDegerineEsitElementeTikla(findTestObject("Popup/Popup_Butons"), Buton): Method.TextDegerineEsitElementeTikla is PASSED

2021-10-21 14:13:36 - [MESSAGE][INFO] - Finding Test Object 'Object Repository/Popup/Popup_Butons'

2021-10-21 14:13:36 - [MESSAGE][INFO] - Checking timeout

2021-10-21 14:13:36 - [MESSAGE][INFO] - Finding web element with id: 'Object Repository/Popup/Popup_Butons' located by 'By.cssSelector: .modal-footer>button' in '10' second(s)

2021-10-21 14:13:36 - [MESSAGE][INFO] - Smart Wait Function is triggered

2021-10-21 14:13:36 - [MESSAGE][INFO] - Found 2 web elements with id: 'Object Repository/Popup/Popup_Butons' located by 'By.cssSelector: .modal-footer>button' in '10' second(s)

2021-10-21 14:13:36 - [MESSAGE][PASSED] - Method.TextDegerineEsitElementeTikla is PASSED

2021-10-21 14:13:36 - [MESSAGE][PASSED] - Call Test Case 'Test Cases/Popup/PopupButonSecilir' successfully

2021-10-21 14:13:36 - [MESSAGE][INFO] - Checking called Test Case

2021-10-21 14:13:36 - [MESSAGE][INFO] - Starting to call Test Case 'Test Cases/Menu/AnaMenuSecimi'

2021-10-21 14:13:36 - [TEST_CASE][PASSED] - Test Cases/Menu/AnaMenuSecimi: Test Cases/Menu/AnaMenuSecimi

2021-10-21 14:13:36 - [TEST_STEP][PASSED] - Method.TextDegerineEsitElementeTikla(findTestObject("Menu/Ana_Menu"), Ana_Menu): Method.TextDegerineEsitElementeTikla is PASSED

2021-10-21 14:13:36 - [MESSAGE][INFO] - Finding Test Object 'Object Repository/Menu/Ana_Menu'

2021-10-21 14:13:36 - [MESSAGE][INFO] - Checking timeout

2021-10-21 14:13:36 - [MESSAGE][INFO] - Finding web element with id: 'Object Repository/Menu/Ana_Menu' located by 'By.xpath: //*[@class = 'dropdown-toggle']' in '10' second(s)

2021-10-21 14:13:36 - [MESSAGE][INFO] - Smart Wait Function is triggered

2021-10-21 14:13:38 - [MESSAGE][INFO] - Found 14 web elements with id: 'Object Repository/Menu/Ana_Menu' located by 'By.xpath: //*[@class = 'dropdown-toggle']' in '10' second(s)

2021-10-21 14:13:38 - [MESSAGE][PASSED] - Method.TextDegerineEsitElementeTikla is PASSED

2021-10-21 14:13:38 - [MESSAGE][PASSED] - Call Test Case 'Test Cases/Menu/AnaMenuSecimi' successfully

2021-10-21 14:13:38 - [MESSAGE][INFO] - Checking called Test Case

2021-10-21 14:13:38 - [MESSAGE][INFO] - Starting to call Test Case 'Test Cases/Menu/BasligaGoreAltMenuSecimi'

2021-10-21 14:13:38 - [TEST_CASE][PASSED] - Test Cases/Menu/BasligaGoreAltMenuSecimi: Test Cases/Menu/BasligaGoreAltMenuSecimi

2021-10-21 14:13:38 - [TEST_STEP][PASSED] - Method.TextDegerineEsitElementinAltindakiTextDegerineEsitOlanaTikla(findTestObject("Menu/Menu_Basligi"), findTestObject("Menu/Basliga_Gore_Alt_Menu"), Baslik, Alt_Menu): Method.TextDegerineEsitElementinAltindakiTextDegerineEsitOlanaTikla is PASSED

2021-10-21 14:13:38 - [MESSAGE][INFO] - Finding Test Object 'Object Repository/Menu/Menu_Basligi'

2021-10-21 14:13:38 - [MESSAGE][INFO] - Finding Test Object 'Object Repository/Menu/Basliga_Gore_Alt_Menu'

2021-10-21 14:13:38 - [MESSAGE][INFO] - Checking timeout

2021-10-21 14:13:38 - [MESSAGE][INFO] - Finding web element with id: 'Object Repository/Menu/Menu_Basligi' located by 'By.xpath: //li[@class='dropdown dropdown-large open']//li[@class='dropdown-header']' in '10' second(s)

2021-10-21 14:13:38 - [MESSAGE][INFO] - Smart Wait Function is triggered

2021-10-21 14:13:38 - [MESSAGE][INFO] - Found 2 web elements with id: 'Object Repository/Menu/Menu_Basligi' located by 'By.xpath: //li[@class='dropdown dropdown-large open']//li[@class='dropdown-header']' in '10' second(s)

2021-10-21 14:13:39 - [MESSAGE][INFO] - Smart Wait Function is triggered

2021-10-21 14:13:40 - [MESSAGE][PASSED] - Method.TextDegerineEsitElementinAltindakiTextDegerineEsitOlanaTikla is PASSED

2021-10-21 14:13:40 - [MESSAGE][PASSED] - Call Test Case 'Test Cases/Menu/BasligaGoreAltMenuSecimi' successfully

2021-10-21 14:13:40 - [MESSAGE][INFO] - Checking called Test Case

2021-10-21 14:13:40 - [MESSAGE][INFO] - Starting to call Test Case 'Test Cases/Filtreler/EttnYaz'

2021-10-21 14:13:40 - [TEST_CASE][PASSED] - Test Cases/Filtreler/EttnYaz: Test Cases/Filtreler/EttnYaz

2021-10-21 14:13:41 - [TEST_STEP][PASSED] - Method.TextDegerineEsitElementinAltindakiTextboxtaYaz(findTestObject("Filtreler/Basliklar"), findTestObject("Filtreler/Basliga_Gore_Textbox"), "ETTN", ettn): Method.TextDegerineEsitElementinAltindakiTextboxtaYaz is PASSED

2021-10-21 14:13:41 - [MESSAGE][INFO] - Finding Test Object 'Object Repository/Filtreler/Basliklar'

2021-10-21 14:13:41 - [MESSAGE][INFO] - Finding Test Object 'Object Repository/Filtreler/Basliga_Gore_Textbox'

2021-10-21 14:13:41 - [MESSAGE][INFO] - Checking timeout

2021-10-21 14:13:41 - [MESSAGE][INFO] - Finding web element with id: 'Object Repository/Filtreler/Basliklar' located by 'By.cssSelector: .control-label.col-sm-4.paddingMarginRLC' in '10' second(s)

2021-10-21 14:13:41 - [MESSAGE][INFO] - Smart Wait Function is triggered

2021-10-21 14:13:41 - [MESSAGE][INFO] - Found 14 web elements with id: 'Object Repository/Filtreler/Basliklar' located by 'By.cssSelector: .control-label.col-sm-4.paddingMarginRLC' in '10' second(s)

2021-10-21 14:13:41 - [MESSAGE][INFO] - Smart Wait Function is triggered

2021-10-21 14:13:42 - [MESSAGE][PASSED] - Method.TextDegerineEsitElementinAltindakiTextboxtaYaz is PASSED

2021-10-21 14:13:42 - [MESSAGE][PASSED] - Call Test Case 'Test Cases/Filtreler/EttnYaz' successfully

2021-10-21 14:13:42 - [MESSAGE][INFO] - Checking called Test Case

2021-10-21 14:13:42 - [MESSAGE][INFO] - Starting to call Test Case 'Test Cases/Filtreler/ButonaTikla'

2021-10-21 14:13:42 - [TEST_CASE][PASSED] - Test Cases/Filtreler/ButonaTikla: Test Cases/Filtreler/ButonaTikla

2021-10-21 14:13:42 - [TEST_STEP][PASSED] - Method.TextDegerineEsitElementeTikla(findTestObject("Filtreler/Butonlar"), Filtre_Buton): Method.TextDegerineEsitElementeTikla is PASSED

2021-10-21 14:13:42 - [MESSAGE][INFO] - Finding Test Object 'Object Repository/Filtreler/Butonlar'

2021-10-21 14:13:42 - [MESSAGE][INFO] - Checking timeout

2021-10-21 14:13:42 - [MESSAGE][INFO] - Finding web element with id: 'Object Repository/Filtreler/Butonlar' located by 'By.cssSelector: .dxb>span' in '10' second(s)

2021-10-21 14:13:42 - [MESSAGE][INFO] - Smart Wait Function is triggered

2021-10-21 14:13:42 - [MESSAGE][INFO] - Found 3 web elements with id: 'Object Repository/Filtreler/Butonlar' located by 'By.cssSelector: .dxb>span' in '10' second(s)

2021-10-21 14:13:43 - [MESSAGE][PASSED] - Method.TextDegerineEsitElementeTikla is PASSED

2021-10-21 14:13:43 - [MESSAGE][PASSED] - Call Test Case 'Test Cases/Filtreler/ButonaTikla' successfully

2021-10-21 14:13:43 - [MESSAGE][INFO] - Checking called Test Case

2021-10-21 14:13:43 - [MESSAGE][INFO] - Starting to call Test Case 'Test Cases/Tablo/TablodaVeriVarMi'

2021-10-21 14:13:43 - [TEST_CASE][PASSED] - Test Cases/Tablo/TablodaVeriVarMi: Test Cases/Tablo/TablodaVeriVarMi

2021-10-21 14:13:43 - [TEST_STEP][PASSED] - verifyTextNotPresent("Görüntülenecek veri yok", true): Text 'Görüntülenecek veri yok' is not present on page using regular expression

2021-10-21 14:13:43 - [MESSAGE][INFO] - Checking text present  using regular expression

2021-10-21 14:13:43 - [MESSAGE][INFO] - Smart Wait Function is triggered

2021-10-21 14:13:44 - [MESSAGE][INFO] - Finding text 'Görüntülenecek veri yok' on page  using regular expression

2021-10-21 14:13:44 - [MESSAGE][PASSED] - Text 'Görüntülenecek veri yok' is not present on page using regular expression

2021-10-21 14:13:44 - [MESSAGE][PASSED] - Call Test Case 'Test Cases/Tablo/TablodaVeriVarMi' successfully

2021-10-21 14:13:44 - [MESSAGE][INFO] - Checking called Test Case

2021-10-21 14:13:44 - [MESSAGE][INFO] - Starting to call Test Case 'Test Cases/Tablo/TablodaVeriBasariliMiEmm'

2021-10-21 14:13:44 - [TEST_CASE][PASSED] - Test Cases/Tablo/TablodaVeriBasariliMiEmm: Test Cases/Tablo/TablodaVeriBasariliMiEmm

2021-10-21 14:13:44 - [TEST_STEP][PASSED] - sayac = 80: null

2021-10-21 14:13:44 - [TEST_STEP][PASSED] - while (verifyElementText(findTestObject("Object Repository/Tablo/DurumBilgisiEmm"), "Henüz Sonuçlanmadı", OPTIONAL)): Actual text 'Başarılı' and expected text 'Henüz Sonuçlanmadı' of test object 'Object Repository/Tablo/DurumBilgisiEmm' are NOT matched. (Root cause: com.kms.katalon.core.exception.StepFailedException: Actual text 'Başarılı' and expected text 'Henüz Sonuçlanmadı' of test object 'Object Repository/Tablo/DurumBilgisiEmm' are NOT matched.
	at com.kms.katalon.core.webui.keyword.internal.WebUIKeywordMain.stepFailed(WebUIKeywordMain.groovy:64)
	at com.kms.katalon.core.webui.keyword.builtin.VerifyElementTextKeyword$_verifyElementText_closure1.doCall(VerifyElementTextKeyword.groovy:57)
	at com.kms.katalon.core.webui.keyword.builtin.VerifyElementTextKeyword$_verifyElementText_closure1.call(VerifyElementTextKeyword.groovy)
	at com.kms.katalon.core.webui.keyword.internal.WebUIKeywordMain.runKeyword(WebUIKeywordMain.groovy:20)
	at com.kms.katalon.core.webui.keyword.builtin.VerifyElementTextKeyword.verifyElementText(VerifyElementTextKeyword.groovy:72)
	at com.kms.katalon.core.webui.keyword.builtin.VerifyElementTextKeyword.execute(VerifyElementTextKeyword.groovy:40)
	at com.kms.katalon.core.keyword.internal.KeywordExecutor.executeKeywordForPlatform(KeywordExecutor.groovy:73)
	at com.kms.katalon.core.webui.keyword.WebUiBuiltInKeywords.verifyElementText(WebUiBuiltInKeywords.groovy:4733)
	at com.kms.katalon.core.webui.keyword.WebUiBuiltInKeywords$verifyElementText$27.call(Unknown Source)
	at TablodaVeriBasariliMiEmm.run(TablodaVeriBasariliMiEmm:22)
	at com.kms.katalon.core.main.ScriptEngine.run(ScriptEngine.java:194)
	at com.kms.katalon.core.main.ScriptEngine.runScriptAsRawText(ScriptEngine.java:119)
	at com.kms.katalon.core.main.TestCaseExecutor.runScript(TestCaseExecutor.java:369)
	at com.kms.katalon.core.main.TestCaseExecutor.doExecute(TestCaseExecutor.java:360)
	at com.kms.katalon.core.main.TestCaseExecutor.processExecutionPhase(TestCaseExecutor.java:339)
	at com.kms.katalon.core.main.TestCaseExecutor.accessMainPhase(TestCaseExecutor.java:331)
	at com.kms.katalon.core.main.TestCaseExecutor.execute(TestCaseExecutor.java:248)
	at com.kms.katalon.core.main.TestCaseMain.runTestCase(TestCaseMain.java:138)
	at com.kms.katalon.core.keyword.builtin.CallTestCaseKeyword$_callTestCase_closure1.doCall(CallTestCaseKeyword.groovy:59)
	at com.kms.katalon.core.keyword.builtin.CallTestCaseKeyword$_callTestCase_closure1.call(CallTestCaseKeyword.groovy)
	at com.kms.katalon.core.keyword.internal.KeywordMain.runKeyword(KeywordMain.groovy:68)
	at com.kms.katalon.core.keyword.builtin.CallTestCaseKeyword.callTestCase(CallTestCaseKeyword.groovy:81)
	at com.kms.katalon.core.keyword.builtin.CallTestCaseKeyword.execute(CallTestCaseKeyword.groovy:44)
	at com.kms.katalon.core.keyword.internal.KeywordExecutor.executeKeywordForPlatform(KeywordExecutor.groovy:73)
	at com.kms.katalon.core.keyword.BuiltinKeywords.callTestCase(BuiltinKeywords.groovy:334)
	at tablo.tablo.tablodaVeriBasariliMiEmm(tablo.groovy:100)
	at cucumber.runtime.Utils$1.call(Utils.java:26)
	at cucumber.runtime.Timeout.timeout(Timeout.java:16)
	at cucumber.runtime.Utils.invoke(Utils.java:20)
	at cucumber.runtime.java.JavaStepDefinition.execute(JavaStepDefinition.java:49)
	at cucumber.runner.PickleStepDefinitionMatch.runStep(PickleStepDefinitionMatch.java:50)
	at cucumber.runner.TestStep.executeStep(TestStep.java:63)
	at cucumber.runner.TestStep.run(TestStep.java:49)
	at cucumber.runner.PickleStepTestStep.run(PickleStepTestStep.java:43)
	at cucumber.runner.TestCase.run(TestCase.java:44)
	at cucumber.runner.Runner.runPickle(Runner.java:40)
	at cucumber.runtime.Runtime$1.run(Runtime.java:84)
	at cucumber.runtime.Runtime$SameThreadExecutorService.execute(Runtime.java:220)
	at cucumber.runtime.Runtime.run(Runtime.java:81)
	at cucumber.api.cli.Main.run(Main.java:26)
	at cucumber.api.cli.Main$run.call(Unknown Source)
	at com.kms.katalon.core.cucumber.keyword.CucumberBuiltinKeywords$_runFeatureFile_closure1.doCall(CucumberBuiltinKeywords.groovy:106)
	at com.kms.katalon.core.cucumber.keyword.CucumberBuiltinKeywords$_runFeatureFile_closure1.doCall(CucumberBuiltinKeywords.groovy)
	at com.kms.katalon.core.keyword.internal.KeywordMain.runKeyword(KeywordMain.groovy:68)
	at com.kms.katalon.core.keyword.internal.KeywordMain$runKeyword.call(Unknown Source)
	at com.kms.katalon.core.cucumber.keyword.CucumberBuiltinKeywords.runFeatureFile(CucumberBuiltinKeywords.groovy:73)
	at com.kms.katalon.core.cucumber.keyword.CucumberBuiltinKeywords$runFeatureFile$0.callStatic(Unknown Source)
	at com.kms.katalon.core.cucumber.keyword.CucumberBuiltinKeywords.runFeatureFile(CucumberBuiltinKeywords.groovy:246)
	at com.kms.katalon.core.cucumber.keyword.CucumberBuiltinKeywords$runFeatureFile.call(Unknown Source)
	at Ekle.run(Ekle:17)
	at com.kms.katalon.core.main.ScriptEngine.run(ScriptEngine.java:194)
	at com.kms.katalon.core.main.ScriptEngine.runScriptAsRawText(ScriptEngine.java:119)
	at com.kms.katalon.core.main.TestCaseExecutor.runScript(TestCaseExecutor.java:369)
	at com.kms.katalon.core.main.TestCaseExecutor.doExecute(TestCaseExecutor.java:360)
	at com.kms.katalon.core.main.TestCaseExecutor.processExecutionPhase(TestCaseExecutor.java:339)
	at com.kms.katalon.core.main.TestCaseExecutor.accessMainPhase(TestCaseExecutor.java:331)
	at com.kms.katalon.core.main.TestCaseExecutor.execute(TestCaseExecutor.java:248)
	at com.kms.katalon.core.main.TestSuiteExecutor.accessTestCaseMainPhase(TestSuiteExecutor.java:191)
	at com.kms.katalon.core.main.TestSuiteExecutor.accessTestSuiteMainPhase(TestSuiteExecutor.java:140)
	at com.kms.katalon.core.main.TestSuiteExecutor.execute(TestSuiteExecutor.java:89)
	at com.kms.katalon.core.main.TestCaseMain.startTestSuite(TestCaseMain.java:181)
	at com.kms.katalon.core.main.TestCaseMain$startTestSuite$0.call(Unknown Source)
	at TempTestSuite1634814311783.run(TempTestSuite1634814311783.groovy:39)
)

2021-10-21 14:13:44 - [MESSAGE][INFO] - Finding Test Object 'Object Repository/Tablo/DurumBilgisiEmm'

2021-10-21 14:13:44 - [MESSAGE][INFO] - Checking object

2021-10-21 14:13:44 - [MESSAGE][INFO] - Finding web element from Test Object's properties

2021-10-21 14:13:44 - [MESSAGE][INFO] - Checking timeout

2021-10-21 14:13:44 - [MESSAGE][INFO] - Finding web element with id: 'Object Repository/Tablo/DurumBilgisiEmm' located by 'By.xpath: //*[@id = 'GridViewEPReceipt_tccell0_10']' in '30' second(s)

2021-10-21 14:13:44 - [MESSAGE][INFO] - Smart Wait Function is triggered

2021-10-21 14:13:45 - [MESSAGE][INFO] - Found 1 web elements with id: 'Object Repository/Tablo/DurumBilgisiEmm' located by 'By.xpath: //*[@id = 'GridViewEPReceipt_tccell0_10']' in '30' second(s)

2021-10-21 14:13:45 - [MESSAGE][WARNING] - Actual text 'Başarılı' and expected text 'Henüz Sonuçlanmadı' of test object 'Object Repository/Tablo/DurumBilgisiEmm' are NOT matched. (Root cause: com.kms.katalon.core.exception.StepFailedException: Actual text 'Başarılı' and expected text 'Henüz Sonuçlanmadı' of test object 'Object Repository/Tablo/DurumBilgisiEmm' are NOT matched.
	at com.kms.katalon.core.webui.keyword.internal.WebUIKeywordMain.stepFailed(WebUIKeywordMain.groovy:64)
	at com.kms.katalon.core.webui.keyword.builtin.VerifyElementTextKeyword$_verifyElementText_closure1.doCall(VerifyElementTextKeyword.groovy:57)
	at com.kms.katalon.core.webui.keyword.builtin.VerifyElementTextKeyword$_verifyElementText_closure1.call(VerifyElementTextKeyword.groovy)
	at com.kms.katalon.core.webui.keyword.internal.WebUIKeywordMain.runKeyword(WebUIKeywordMain.groovy:20)
	at com.kms.katalon.core.webui.keyword.builtin.VerifyElementTextKeyword.verifyElementText(VerifyElementTextKeyword.groovy:72)
	at com.kms.katalon.core.webui.keyword.builtin.VerifyElementTextKeyword.execute(VerifyElementTextKeyword.groovy:40)
	at com.kms.katalon.core.keyword.internal.KeywordExecutor.executeKeywordForPlatform(KeywordExecutor.groovy:73)
	at com.kms.katalon.core.webui.keyword.WebUiBuiltInKeywords.verifyElementText(WebUiBuiltInKeywords.groovy:4733)
	at com.kms.katalon.core.webui.keyword.WebUiBuiltInKeywords$verifyElementText$27.call(Unknown Source)
	at TablodaVeriBasariliMiEmm.run(TablodaVeriBasariliMiEmm:22)
	at com.kms.katalon.core.main.ScriptEngine.run(ScriptEngine.java:194)
	at com.kms.katalon.core.main.ScriptEngine.runScriptAsRawText(ScriptEngine.java:119)
	at com.kms.katalon.core.main.TestCaseExecutor.runScript(TestCaseExecutor.java:369)
	at com.kms.katalon.core.main.TestCaseExecutor.doExecute(TestCaseExecutor.java:360)
	at com.kms.katalon.core.main.TestCaseExecutor.processExecutionPhase(TestCaseExecutor.java:339)
	at com.kms.katalon.core.main.TestCaseExecutor.accessMainPhase(TestCaseExecutor.java:331)
	at com.kms.katalon.core.main.TestCaseExecutor.execute(TestCaseExecutor.java:248)
	at com.kms.katalon.core.main.TestCaseMain.runTestCase(TestCaseMain.java:138)
	at com.kms.katalon.core.keyword.builtin.CallTestCaseKeyword$_callTestCase_closure1.doCall(CallTestCaseKeyword.groovy:59)
	at com.kms.katalon.core.keyword.builtin.CallTestCaseKeyword$_callTestCase_closure1.call(CallTestCaseKeyword.groovy)
	at com.kms.katalon.core.keyword.internal.KeywordMain.runKeyword(KeywordMain.groovy:68)
	at com.kms.katalon.core.keyword.builtin.CallTestCaseKeyword.callTestCase(CallTestCaseKeyword.groovy:81)
	at com.kms.katalon.core.keyword.builtin.CallTestCaseKeyword.execute(CallTestCaseKeyword.groovy:44)
	at com.kms.katalon.core.keyword.internal.KeywordExecutor.executeKeywordForPlatform(KeywordExecutor.groovy:73)
	at com.kms.katalon.core.keyword.BuiltinKeywords.callTestCase(BuiltinKeywords.groovy:334)
	at tablo.tablo.tablodaVeriBasariliMiEmm(tablo.groovy:100)
	at cucumber.runtime.Utils$1.call(Utils.java:26)
	at cucumber.runtime.Timeout.timeout(Timeout.java:16)
	at cucumber.runtime.Utils.invoke(Utils.java:20)
	at cucumber.runtime.java.JavaStepDefinition.execute(JavaStepDefinition.java:49)
	at cucumber.runner.PickleStepDefinitionMatch.runStep(PickleStepDefinitionMatch.java:50)
	at cucumber.runner.TestStep.executeStep(TestStep.java:63)
	at cucumber.runner.TestStep.run(TestStep.java:49)
	at cucumber.runner.PickleStepTestStep.run(PickleStepTestStep.java:43)
	at cucumber.runner.TestCase.run(TestCase.java:44)
	at cucumber.runner.Runner.runPickle(Runner.java:40)
	at cucumber.runtime.Runtime$1.run(Runtime.java:84)
	at cucumber.runtime.Runtime$SameThreadExecutorService.execute(Runtime.java:220)
	at cucumber.runtime.Runtime.run(Runtime.java:81)
	at cucumber.api.cli.Main.run(Main.java:26)
	at cucumber.api.cli.Main$run.call(Unknown Source)
	at com.kms.katalon.core.cucumber.keyword.CucumberBuiltinKeywords$_runFeatureFile_closure1.doCall(CucumberBuiltinKeywords.groovy:106)
	at com.kms.katalon.core.cucumber.keyword.CucumberBuiltinKeywords$_runFeatureFile_closure1.doCall(CucumberBuiltinKeywords.groovy)
	at com.kms.katalon.core.keyword.internal.KeywordMain.runKeyword(KeywordMain.groovy:68)
	at com.kms.katalon.core.keyword.internal.KeywordMain$runKeyword.call(Unknown Source)
	at com.kms.katalon.core.cucumber.keyword.CucumberBuiltinKeywords.runFeatureFile(CucumberBuiltinKeywords.groovy:73)
	at com.kms.katalon.core.cucumber.keyword.CucumberBuiltinKeywords$runFeatureFile$0.callStatic(Unknown Source)
	at com.kms.katalon.core.cucumber.keyword.CucumberBuiltinKeywords.runFeatureFile(CucumberBuiltinKeywords.groovy:246)
	at com.kms.katalon.core.cucumber.keyword.CucumberBuiltinKeywords$runFeatureFile.call(Unknown Source)
	at Ekle.run(Ekle:17)
	at com.kms.katalon.core.main.ScriptEngine.run(ScriptEngine.java:194)
	at com.kms.katalon.core.main.ScriptEngine.runScriptAsRawText(ScriptEngine.java:119)
	at com.kms.katalon.core.main.TestCaseExecutor.runScript(TestCaseExecutor.java:369)
	at com.kms.katalon.core.main.TestCaseExecutor.doExecute(TestCaseExecutor.java:360)
	at com.kms.katalon.core.main.TestCaseExecutor.processExecutionPhase(TestCaseExecutor.java:339)
	at com.kms.katalon.core.main.TestCaseExecutor.accessMainPhase(TestCaseExecutor.java:331)
	at com.kms.katalon.core.main.TestCaseExecutor.execute(TestCaseExecutor.java:248)
	at com.kms.katalon.core.main.TestSuiteExecutor.accessTestCaseMainPhase(TestSuiteExecutor.java:191)
	at com.kms.katalon.core.main.TestSuiteExecutor.accessTestSuiteMainPhase(TestSuiteExecutor.java:140)
	at com.kms.katalon.core.main.TestSuiteExecutor.execute(TestSuiteExecutor.java:89)
	at com.kms.katalon.core.main.TestCaseMain.startTestSuite(TestCaseMain.java:181)
	at com.kms.katalon.core.main.TestCaseMain$startTestSuite$0.call(Unknown Source)
	at TempTestSuite1634814311783.run(TempTestSuite1634814311783.groovy:39)
)

2021-10-21 14:13:45 - [TEST_STEP][PASSED] - Method.TextDegerineEsitElementVarMi(findTestObject("Object Repository/Tablo/DurumBilgisiEmm"), "Başarılı"): Method.TextDegerineEsitElementVarMi is PASSED

2021-10-21 14:13:45 - [MESSAGE][INFO] - Finding Test Object 'Object Repository/Tablo/DurumBilgisiEmm'

2021-10-21 14:13:45 - [MESSAGE][INFO] - Checking timeout

2021-10-21 14:13:45 - [MESSAGE][INFO] - Finding web element with id: 'Object Repository/Tablo/DurumBilgisiEmm' located by 'By.xpath: //*[@id = 'GridViewEPReceipt_tccell0_10']' in '10' second(s)

2021-10-21 14:13:45 - [MESSAGE][INFO] - Smart Wait Function is triggered

2021-10-21 14:13:45 - [MESSAGE][INFO] - Found 1 web elements with id: 'Object Repository/Tablo/DurumBilgisiEmm' located by 'By.xpath: //*[@id = 'GridViewEPReceipt_tccell0_10']' in '10' second(s)

2021-10-21 14:13:45 - [MESSAGE][PASSED] - Method.TextDegerineEsitElementVarMi is PASSED

2021-10-21 14:13:45 - [MESSAGE][PASSED] - Call Test Case 'Test Cases/Tablo/TablodaVeriBasariliMiEmm' successfully

2021-10-21 14:13:45 - [MESSAGE][INFO] - Checking called Test Case

2021-10-21 14:13:45 - [MESSAGE][INFO] - Starting to call Test Case 'Test Cases/Kullanici_Islemleri/KullaniciIslemlerindenSecimYapilir'

2021-10-21 14:13:45 - [TEST_CASE][PASSED] - Test Cases/Kullanici_Islemleri/KullaniciIslemlerindenSecimYapilir: Test Cases/Kullanici_Islemleri/KullaniciIslemlerindenSecimYapilir

2021-10-21 14:13:45 - [TEST_STEP][PASSED] - waitForElementClickable(findTestObject("Object Repository/Kullanici_Islemleri/KullaniciIslemleri"), 10): Object 'Object Repository/Kullanici_Islemleri/KullaniciIslemleri' is clickable

2021-10-21 14:13:45 - [MESSAGE][INFO] - Finding Test Object 'Object Repository/Kullanici_Islemleri/KullaniciIslemleri'

2021-10-21 14:13:45 - [MESSAGE][INFO] - Checking object

2021-10-21 14:13:45 - [MESSAGE][INFO] - Checking timeout

2021-10-21 14:13:45 - [MESSAGE][INFO] - Finding web element from Test Object's properties

2021-10-21 14:13:45 - [MESSAGE][INFO] - Checking timeout

2021-10-21 14:13:45 - [MESSAGE][INFO] - Finding web element with id: 'Object Repository/Kullanici_Islemleri/KullaniciIslemleri' located by 'By.cssSelector: .dropdown>a>img' in '10' second(s)

2021-10-21 14:13:45 - [MESSAGE][INFO] - Smart Wait Function is triggered

2021-10-21 14:13:46 - [MESSAGE][INFO] - Found 1 web elements with id: 'Object Repository/Kullanici_Islemleri/KullaniciIslemleri' located by 'By.cssSelector: .dropdown>a>img' in '10' second(s)

2021-10-21 14:13:46 - [MESSAGE][PASSED] - Object 'Object Repository/Kullanici_Islemleri/KullaniciIslemleri' is clickable

2021-10-21 14:13:46 - [TEST_STEP][PASSED] - click(findTestObject("Object Repository/Kullanici_Islemleri/KullaniciIslemleri")): Object: 'Object Repository/Kullanici_Islemleri/KullaniciIslemleri' is clicked on

2021-10-21 14:13:46 - [MESSAGE][INFO] - Finding Test Object 'Object Repository/Kullanici_Islemleri/KullaniciIslemleri'

2021-10-21 14:13:46 - [MESSAGE][INFO] - Checking object

2021-10-21 14:13:46 - [MESSAGE][INFO] - Finding web element from Test Object's properties

2021-10-21 14:13:46 - [MESSAGE][INFO] - Checking timeout

2021-10-21 14:13:46 - [MESSAGE][INFO] - Finding web element with id: 'Object Repository/Kullanici_Islemleri/KullaniciIslemleri' located by 'By.cssSelector: .dropdown>a>img' in '30' second(s)

2021-10-21 14:13:46 - [MESSAGE][INFO] - Smart Wait Function is triggered

2021-10-21 14:13:46 - [MESSAGE][INFO] - Found 1 web elements with id: 'Object Repository/Kullanici_Islemleri/KullaniciIslemleri' located by 'By.cssSelector: .dropdown>a>img' in '30' second(s)

2021-10-21 14:13:46 - [MESSAGE][INFO] - Clicking on object: 'Object Repository/Kullanici_Islemleri/KullaniciIslemleri'

2021-10-21 14:13:46 - [MESSAGE][PASSED] - Object: 'Object Repository/Kullanici_Islemleri/KullaniciIslemleri' is clicked on

2021-10-21 14:13:46 - [TEST_STEP][PASSED] - Method.TextDegerineEsitElementeTikla(findTestObject("Object Repository/Kullanici_Islemleri/Secenekler"), Islem): Method.TextDegerineEsitElementeTikla is PASSED

2021-10-21 14:13:46 - [MESSAGE][INFO] - Finding Test Object 'Object Repository/Kullanici_Islemleri/Secenekler'

2021-10-21 14:13:46 - [MESSAGE][INFO] - Checking timeout

2021-10-21 14:13:46 - [MESSAGE][INFO] - Finding web element with id: 'Object Repository/Kullanici_Islemleri/Secenekler' located by 'By.cssSelector: .nav.navbar-nav.navbar-right li a' in '10' second(s)

2021-10-21 14:13:46 - [MESSAGE][INFO] - Smart Wait Function is triggered

2021-10-21 14:13:47 - [MESSAGE][INFO] - Found 22 web elements with id: 'Object Repository/Kullanici_Islemleri/Secenekler' located by 'By.cssSelector: .nav.navbar-nav.navbar-right li a' in '10' second(s)

2021-10-21 14:13:48 - [MESSAGE][PASSED] - Method.TextDegerineEsitElementeTikla is PASSED

2021-10-21 14:13:48 - [TEST_STEP][PASSED] - verifyElementNotPresent(findTestObject("Object Repository/Kullanici_Islemleri/Secenekler"), 10): Web element with id: 'Object Repository/Kullanici_Islemleri/Secenekler' located by 'By.cssSelector: .nav.navbar-nav.navbar-right li a' is not present after '10' second(s)

2021-10-21 14:13:48 - [MESSAGE][INFO] - Finding Test Object 'Object Repository/Kullanici_Islemleri/Secenekler'

2021-10-21 14:13:49 - [MESSAGE][INFO] - Checking object

2021-10-21 14:13:49 - [MESSAGE][INFO] - Checking timeout

2021-10-21 14:13:49 - [MESSAGE][INFO] - Finding web element with id: 'Object Repository/Kullanici_Islemleri/Secenekler' located by 'By.cssSelector: .nav.navbar-nav.navbar-right li a' in '10' second(s)

2021-10-21 14:13:49 - [MESSAGE][INFO] - Smart Wait Function is triggered

2021-10-21 14:13:49 - [MESSAGE][PASSED] - Web element with id: 'Object Repository/Kullanici_Islemleri/Secenekler' located by 'By.cssSelector: .nav.navbar-nav.navbar-right li a' is not present after '10' second(s)

2021-10-21 14:13:49 - [MESSAGE][PASSED] - Call Test Case 'Test Cases/Kullanici_Islemleri/KullaniciIslemlerindenSecimYapilir' successfully

2021-10-21 14:13:49 - [TEST_CASE][PASSED] - Start Test Case : SCENARIO e-Mustahsil Makbuzu Olusturma: SCENARIO e-Mustahsil Makbuzu Olusturma

2021-10-21 14:13:49 - [TEST_STEP][PASSED] - Kullanıcı adı ELOGO6 ve Şifre 123456 olarak giriş yapılır: Kullanıcı adı ELOGO6 ve Şifre 123456 olarak giriş yapılır

2021-10-21 14:13:49 - [MESSAGE][PASSED] - Kullanıcı adı ELOGO6 ve Şifre 123456 olarak giriş yapılır

2021-10-21 14:13:49 - [TEST_STEP][PASSED] - Ana menüden e-Makbuz seçilir: Ana menüden e-Makbuz seçilir

2021-10-21 14:13:49 - [MESSAGE][PASSED] - Ana menüden e-Makbuz seçilir

2021-10-21 14:13:49 - [TEST_STEP][PASSED] - Alt menü e-Müstahsil Uygulaması başlığı altındaki e-Müstahsil Makbuzu Oluşturma seçilir: Alt menü e-Müstahsil Uygulaması başlığı altındaki e-Müstahsil Makbuzu Oluşturma seçilir

2021-10-21 14:13:49 - [MESSAGE][PASSED] - Alt menü e-Müstahsil Uygulaması başlığı altındaki e-Müstahsil Makbuzu Oluşturma seçilir

2021-10-21 14:13:49 - [TEST_STEP][PASSED] - Tablodaki tüm veriler silinir: Tablodaki tüm veriler silinir

2021-10-21 14:13:49 - [MESSAGE][PASSED] - Tablodaki tüm veriler silinir

2021-10-21 14:13:49 - [TEST_STEP][PASSED] - Butonlardan Ekle isimli butona tıklanır: Butonlardan Ekle isimli butona tıklanır

2021-10-21 14:13:49 - [MESSAGE][PASSED] - Butonlardan Ekle isimli butona tıklanır

2021-10-21 14:13:49 - [TEST_STEP][PASSED] - Görsel tasarım sayfasının Makbuz Bilgileri başlığını içerdiği kontrol edilir: Görsel tasarım sayfasının Makbuz Bilgileri başlığını içerdiği kontrol edilir

2021-10-21 14:13:49 - [MESSAGE][PASSED] - Görsel tasarım sayfasının Makbuz Bilgileri başlığını içerdiği kontrol edilir

2021-10-21 14:13:49 - [TEST_STEP][PASSED] - Alıcı adı alanına UC0045 girilir: Alıcı adı alanına UC0045 girilir

2021-10-21 14:13:49 - [MESSAGE][PASSED] - Alıcı adı alanına UC0045 girilir

2021-10-21 14:13:49 - [TEST_STEP][PASSED] - Ekle butonuna basılır: Ekle butonuna basılır

2021-10-21 14:13:49 - [MESSAGE][PASSED] - Ekle butonuna basılır

2021-10-21 14:13:49 - [TEST_STEP][PASSED] - Ürün ekleme alanında Mal/Hizmet başlığına Otomasyon girilir: Ürün ekleme alanında Mal/Hizmet başlığına Otomasyon girilir

2021-10-21 14:13:49 - [MESSAGE][PASSED] - Ürün ekleme alanında Mal/Hizmet başlığına Otomasyon girilir

2021-10-21 14:13:49 - [TEST_STEP][PASSED] - Ürün ekleme alanında Miktarı başlığına 400 girilir: Ürün ekleme alanında Miktarı başlığına 400 girilir

2021-10-21 14:13:49 - [MESSAGE][PASSED] - Ürün ekleme alanında Miktarı başlığına 400 girilir

2021-10-21 14:13:49 - [TEST_STEP][PASSED] - Ürün ekleme alanında G.V Stopaj Oranı% başlığına 10 girilir: Ürün ekleme alanında G.V Stopaj Oranı% başlığına 10 girilir

2021-10-21 14:13:49 - [MESSAGE][PASSED] - Ürün ekleme alanında G.V Stopaj Oranı% başlığına 10 girilir

2021-10-21 14:13:49 - [TEST_STEP][PASSED] - Notlar alanına Otomasyon Not girilir: Notlar alanına Otomasyon Not girilir

2021-10-21 14:13:49 - [MESSAGE][PASSED] - Notlar alanına Otomasyon Not girilir

2021-10-21 14:13:49 - [TEST_STEP][PASSED] - Ettn bilgisi kayıt edilir: Ettn bilgisi kayıt edilir

2021-10-21 14:13:49 - [MESSAGE][PASSED] - Ettn bilgisi kayıt edilir

2021-10-21 14:13:49 - [TEST_STEP][PASSED] - Kaydet butonu seçilir: Kaydet butonu seçilir

2021-10-21 14:13:49 - [MESSAGE][PASSED] - Kaydet butonu seçilir

2021-10-21 14:13:49 - [TEST_STEP][PASSED] - Tabloda VirgosolOtomasyonTEST ünvanlı veri oluşturuldu mu: Tabloda VirgosolOtomasyonTEST ünvanlı veri oluşturuldu mu

2021-10-21 14:13:49 - [MESSAGE][PASSED] - Tabloda VirgosolOtomasyonTEST ünvanlı veri oluşturuldu mu

2021-10-21 14:13:49 - [TEST_STEP][PASSED] - Tablodan VirgosolOtomasyonTEST isimli veri seçilir: Tablodan VirgosolOtomasyonTEST isimli veri seçilir

2021-10-21 14:13:49 - [MESSAGE][PASSED] - Tablodan VirgosolOtomasyonTEST isimli veri seçilir

2021-10-21 14:13:49 - [TEST_STEP][PASSED] - Butonlardan Değiştir isimli butona tıklanır: Butonlardan Değiştir isimli butona tıklanır

2021-10-21 14:13:49 - [MESSAGE][PASSED] - Butonlardan Değiştir isimli butona tıklanır

2021-10-21 14:13:49 - [TEST_STEP][PASSED] - Görsel tasarım sayfasının Makbuz Bilgileri başlığını içerdiği kontrol edilir: Görsel tasarım sayfasının Makbuz Bilgileri başlığını içerdiği kontrol edilir

2021-10-21 14:13:49 - [MESSAGE][PASSED] - Görsel tasarım sayfasının Makbuz Bilgileri başlığını içerdiği kontrol edilir

2021-10-21 14:13:49 - [TEST_STEP][PASSED] - Notlar alanına Otomasyon Not Değiştir girilir: Notlar alanına Otomasyon Not Değiştir girilir

2021-10-21 14:13:49 - [MESSAGE][PASSED] - Notlar alanına Otomasyon Not Değiştir girilir

2021-10-21 14:13:49 - [TEST_STEP][PASSED] - Kaydet butonu seçilir: Kaydet butonu seçilir

2021-10-21 14:13:49 - [MESSAGE][PASSED] - Kaydet butonu seçilir

2021-10-21 14:13:49 - [TEST_STEP][PASSED] - Tabloda VirgosolOtomasyonTEST ünvanlı veri oluşturuldu mu: Tabloda VirgosolOtomasyonTEST ünvanlı veri oluşturuldu mu

2021-10-21 14:13:49 - [MESSAGE][PASSED] - Tabloda VirgosolOtomasyonTEST ünvanlı veri oluşturuldu mu

2021-10-21 14:13:49 - [TEST_STEP][PASSED] - Tablodan VirgosolOtomasyonTEST isimli veri seçilir: Tablodan VirgosolOtomasyonTEST isimli veri seçilir

2021-10-21 14:13:49 - [MESSAGE][PASSED] - Tablodan VirgosolOtomasyonTEST isimli veri seçilir

2021-10-21 14:13:49 - [TEST_STEP][PASSED] - Butonlardan Numara Oluştur isimli butona tıklanır: Butonlardan Numara Oluştur isimli butona tıklanır

2021-10-21 14:13:49 - [MESSAGE][PASSED] - Butonlardan Numara Oluştur isimli butona tıklanır

2021-10-21 14:13:49 - [TEST_STEP][PASSED] - Popup mesajı Devam etmek istiyor musunuz içeriyor mu: Popup mesajı Devam etmek istiyor musunuz içeriyor mu

2021-10-21 14:13:49 - [MESSAGE][PASSED] - Popup mesajı Devam etmek istiyor musunuz içeriyor mu

2021-10-21 14:13:49 - [TEST_STEP][PASSED] - Yönetim popupında Evet seçilir: Yönetim popupında Evet seçilir

2021-10-21 14:13:49 - [MESSAGE][PASSED] - Yönetim popupında Evet seçilir

2021-10-21 14:13:49 - [TEST_STEP][PASSED] - Popup mesajı oluşmuştur içeriyor mu: Popup mesajı oluşmuştur içeriyor mu

2021-10-21 14:13:49 - [MESSAGE][PASSED] - Popup mesajı oluşmuştur içeriyor mu

2021-10-21 14:13:49 - [TEST_STEP][PASSED] - Yönetim popupında Tamam seçilir: Yönetim popupında Tamam seçilir

2021-10-21 14:13:49 - [MESSAGE][PASSED] - Yönetim popupında Tamam seçilir

2021-10-21 14:13:49 - [TEST_STEP][PASSED] - Tablodan VirgosolOtomasyonTEST isimli veri seçilir: Tablodan VirgosolOtomasyonTEST isimli veri seçilir

2021-10-21 14:13:49 - [MESSAGE][PASSED] - Tablodan VirgosolOtomasyonTEST isimli veri seçilir

2021-10-21 14:13:49 - [TEST_STEP][PASSED] - Butonlardan Göster isimli butona tıklanır: Butonlardan Göster isimli butona tıklanır

2021-10-21 14:13:49 - [MESSAGE][PASSED] - Butonlardan Göster isimli butona tıklanır

2021-10-21 14:13:49 - [TEST_STEP][PASSED] - Yeni açılan sekmeye geçilir: Yeni açılan sekmeye geçilir

2021-10-21 14:13:49 - [MESSAGE][PASSED] - Yeni açılan sekmeye geçilir

2021-10-21 14:13:49 - [TEST_STEP][PASSED] - Yeni sekme başlığında e-Müstahsil Makbuzu var mı kontrol edilir: Yeni sekme başlığında e-Müstahsil Makbuzu var mı kontrol edilir

2021-10-21 14:13:49 - [MESSAGE][PASSED] - Yeni sekme başlığında e-Müstahsil Makbuzu var mı kontrol edilir

2021-10-21 14:13:49 - [TEST_STEP][PASSED] - Ana sekmeye geçilir: Ana sekmeye geçilir

2021-10-21 14:13:49 - [MESSAGE][PASSED] - Ana sekmeye geçilir

2021-10-21 14:13:49 - [TEST_STEP][PASSED] - Butonlardan UBL isimli butona tıklanır: Butonlardan UBL isimli butona tıklanır

2021-10-21 14:13:49 - [MESSAGE][PASSED] - Butonlardan UBL isimli butona tıklanır

2021-10-21 14:13:49 - [TEST_STEP][PASSED] - Yeni açılan sekmeye geçilir: Yeni açılan sekmeye geçilir

2021-10-21 14:13:49 - [MESSAGE][PASSED] - Yeni açılan sekmeye geçilir

2021-10-21 14:13:49 - [TEST_STEP][PASSED] - CreditNote tagli ubl geldi mi: CreditNote tagli ubl geldi mi

2021-10-21 14:13:49 - [MESSAGE][PASSED] - CreditNote tagli ubl geldi mi

2021-10-21 14:13:49 - [TEST_STEP][PASSED] - Ana sekmeye geçilir: Ana sekmeye geçilir

2021-10-21 14:13:49 - [MESSAGE][PASSED] - Ana sekmeye geçilir

2021-10-21 14:13:49 - [TEST_STEP][PASSED] - Butonlardan Gönder isimli butona tıklanır: Butonlardan Gönder isimli butona tıklanır

2021-10-21 14:13:49 - [MESSAGE][PASSED] - Butonlardan Gönder isimli butona tıklanır

2021-10-21 14:13:49 - [TEST_STEP][PASSED] - Popup mesajı Devam etmek istiyor musunuz içeriyor mu: Popup mesajı Devam etmek istiyor musunuz içeriyor mu

2021-10-21 14:13:49 - [MESSAGE][PASSED] - Popup mesajı Devam etmek istiyor musunuz içeriyor mu

2021-10-21 14:13:49 - [TEST_STEP][PASSED] - Yönetim popupında Evet seçilir: Yönetim popupında Evet seçilir

2021-10-21 14:13:49 - [MESSAGE][PASSED] - Yönetim popupında Evet seçilir

2021-10-21 14:13:49 - [TEST_STEP][PASSED] - Ana menüden e-Makbuz seçilir: Ana menüden e-Makbuz seçilir

2021-10-21 14:13:49 - [MESSAGE][PASSED] - Ana menüden e-Makbuz seçilir

2021-10-21 14:13:49 - [TEST_STEP][PASSED] - Alt menü e-Müstahsil Uygulaması başlığı altındaki e-Müstahsil Makbuzları seçilir: Alt menü e-Müstahsil Uygulaması başlığı altındaki e-Müstahsil Makbuzları seçilir

2021-10-21 14:13:49 - [MESSAGE][PASSED] - Alt menü e-Müstahsil Uygulaması başlığı altındaki e-Müstahsil Makbuzları seçilir

2021-10-21 14:13:49 - [TEST_STEP][PASSED] - Filtrelerden Ettn filtresine Ettn bilgisi yaz: Filtrelerden Ettn filtresine Ettn bilgisi yaz

2021-10-21 14:13:49 - [MESSAGE][PASSED] - Filtrelerden Ettn filtresine Ettn bilgisi yaz

2021-10-21 14:13:49 - [TEST_STEP][PASSED] - Filtre butonlarından Listele seçilir: Filtre butonlarından Listele seçilir

2021-10-21 14:13:49 - [MESSAGE][PASSED] - Filtre butonlarından Listele seçilir

2021-10-21 14:13:49 - [TEST_STEP][PASSED] - Tabloda veri var mı kontrol edilir: Tabloda veri var mı kontrol edilir

2021-10-21 14:13:49 - [MESSAGE][PASSED] - Tabloda veri var mı kontrol edilir

2021-10-21 14:13:49 - [TEST_STEP][PASSED] - Tabloda yeni oluşturulan emm verisi başarılı mı: Tabloda yeni oluşturulan emm verisi başarılı mı

2021-10-21 14:13:49 - [MESSAGE][PASSED] - Tabloda yeni oluşturulan emm verisi başarılı mı

2021-10-21 14:13:49 - [TEST_STEP][PASSED] - Kullanıcı işlemlerinden Çıkış seçilir: Kullanıcı işlemlerinden Çıkış seçilir

2021-10-21 14:13:49 - [MESSAGE][PASSED] - Kullanıcı işlemlerinden Çıkış seçilir

2021-10-21 14:13:49 - [MESSAGE][PASSED] - Feature file: 'Include/features/e-Makbuz/e-Mustahsil Uygulamasi/e-Mustahsil Makbuzu Olusturma/Ekle.feature' was passed

2021-10-21 14:13:49 - [TEST_STEP][PASSED] - Start listener action : sampleAfterTestSuite: Invoke 'com.kms.katalon.core.annotation.AfterTestCase' method: 'Listener.sampleAfterTestSuite(...)' completed.

2021-10-21 14:13:49 - [MESSAGE][INFO] - Starting invoke 'com.kms.katalon.core.annotation.AfterTestCase' method: 'Listener.sampleAfterTestSuite(...)'

2021-10-21 14:13:49 - [TEST_STEP][PASSED] - closeBrowser(): Invoke 'com.kms.katalon.core.annotation.AfterTestCase' method: 'Listener.sampleAfterTestSuite(...)' completed.

2021-10-21 14:13:49 - [MESSAGE][INFO] - Closing browser

2021-10-21 14:13:50 - [MESSAGE][PASSED] - Browser is closed

2021-10-21 14:13:50 - [MESSAGE][INFO] - Invoke 'com.kms.katalon.core.annotation.AfterTestCase' method: 'Listener.sampleAfterTestSuite(...)' completed.]]></system-out>
         <system-err><![CDATA[]]></system-err>
      </testcase>
      <testcase name="Test Cases/Case Repository/e-Makbuz/e-Mustahsil Uygulamasi/e-Mustahsil Makbuzu Olusturma/Ekran Kontrolu" time="34.782" classname="Test Cases/Case Repository/e-Makbuz/e-Mustahsil Uygulamasi/e-Mustahsil Makbuzu Olusturma/Ekran Kontrolu" status="PASSED">
         <system-out><![CDATA[2021-10-21 14:13:50 - [TEST_CASE][PASSED] - Test Cases/Case Repository/e-Makbuz/e-Mustahsil Uygulamasi/e-Mustahsil Makbuzu Olusturma/Ekran Kontrolu: Test Cases/Case Repository/e-Makbuz/e-Mustahsil Uygulamasi/e-Mustahsil Makbuzu Olusturma/Ekran Kontrolu

2021-10-21 14:13:50 - [TEST_STEP][PASSED] - Start listener action : sampleBeforeTestSuite: Invoke 'com.kms.katalon.core.annotation.BeforeTestCase' method: 'Listener.sampleBeforeTestSuite(...)' completed.

2021-10-21 14:13:50 - [MESSAGE][INFO] - Starting invoke 'com.kms.katalon.core.annotation.BeforeTestCase' method: 'Listener.sampleBeforeTestSuite(...)'

2021-10-21 14:13:50 - [TEST_STEP][PASSED] - openBrowser(baseUrl): Browser is opened with url: 'https://efatura-stage.elogo.com.tr/'

2021-10-21 14:13:50 - [MESSAGE][INFO] - Opening browser

2021-10-21 14:13:50 - [MESSAGE][INFO] - Starting 'Chrome' driver

2021-10-21 14:13:50 - [MESSAGE][INFO] - User set preference: ['prefs', '{download.default_directory=C:\otomasyondownfiles}']

2021-10-21 14:13:50 - [MESSAGE][INFO] - Action delay is set to 0 milliseconds

2021-10-21 14:13:51 - [MESSAGE][INFO] - Navigating browser to: 'https://efatura-stage.elogo.com.tr/'

2021-10-21 14:13:56 - [MESSAGE][PASSED] - Browser is opened with url: 'https://efatura-stage.elogo.com.tr/'

2021-10-21 14:13:56 - [TEST_STEP][PASSED] - maximizeWindow(): Invoke 'com.kms.katalon.core.annotation.BeforeTestCase' method: 'Listener.sampleBeforeTestSuite(...)' completed.

2021-10-21 14:13:56 - [MESSAGE][INFO] - Maximizing current window

2021-10-21 14:13:56 - [MESSAGE][PASSED] - Current window maximized

2021-10-21 14:13:56 - [MESSAGE][INFO] - Invoke 'com.kms.katalon.core.annotation.BeforeTestCase' method: 'Listener.sampleBeforeTestSuite(...)' completed.

2021-10-21 14:13:56 - [TEST_STEP][PASSED] - runFeatureFile("Include/features/e-Makbuz/e-Mustahsil Uygulamasi/e-Mustahsil Makbuzu Olusturma/Ekran Kontrolu.feature"): Feature file: 'Include/features/e-Makbuz/e-Mustahsil Uygulamasi/e-Mustahsil Makbuzu Olusturma/Ekran Kontrolu.feature' was passed

2021-10-21 14:13:56 - [MESSAGE][INFO] - Starting run keyword runFeatureFile: 'Include/features/e-Makbuz/e-Mustahsil Uygulamasi/e-Mustahsil Makbuzu Olusturma/Ekran Kontrolu.feature' and extract report to folder: 'C:\Users\DELL\Downloads\EES_Katalon-main\Reports\20211021_140437\Suite Repository\e-Makbuz\20211021_140511/cucumber_report/1634814836783'...

2021-10-21 14:13:56 - [MESSAGE][INFO] - Glue: []

2021-10-21 14:13:58 - [MESSAGE][INFO] - Checking called Test Case

2021-10-21 14:13:58 - [MESSAGE][INFO] - Starting to call Test Case 'Test Cases/Sayfalar/Giris_Sayfasi/Login'

2021-10-21 14:13:58 - [TEST_CASE][PASSED] - Test Cases/Sayfalar/Giris_Sayfasi/Login: Test Cases/Sayfalar/Giris_Sayfasi/Login

2021-10-21 14:13:58 - [TEST_STEP][PASSED] - Sayfa_Basligi = getWindowTitle(): Current window's title is: 'LOGO e-Fatura'

2021-10-21 14:13:58 - [MESSAGE][INFO] - Getting current window's title

2021-10-21 14:13:58 - [MESSAGE][PASSED] - Current window's title is: 'LOGO e-Fatura'

2021-10-21 14:13:58 - [TEST_STEP][PASSED] - verifyMatch(Sayfa_Basligi, "LOGO e-Fatura", false): Actual text 'LOGO e-Fatura' and expected text 'LOGO e-Fatura' are matched 

2021-10-21 14:13:58 - [MESSAGE][INFO] - Matching actual text 'LOGO e-Fatura' with expected text 'LOGO e-Fatura'

2021-10-21 14:13:58 - [MESSAGE][PASSED] - Actual text 'LOGO e-Fatura' and expected text 'LOGO e-Fatura' are matched 

2021-10-21 14:13:58 - [TEST_STEP][PASSED] - sendKeys(findTestObject("Sayfalar/Giris_Sayfasi/Firma_Kodu"), KullaniciAdi): Keys 'ELOGO6' sent to object: 'Object Repository/Sayfalar/Giris_Sayfasi/Firma_Kodu'

2021-10-21 14:13:58 - [MESSAGE][INFO] - Finding Test Object 'Object Repository/Sayfalar/Giris_Sayfasi/Firma_Kodu'

2021-10-21 14:13:58 - [MESSAGE][INFO] - Sending keys 'ELOGO6' to object: 'Object Repository/Sayfalar/Giris_Sayfasi/Firma_Kodu'

2021-10-21 14:13:58 - [MESSAGE][INFO] - Finding web element from Test Object's properties

2021-10-21 14:13:58 - [MESSAGE][INFO] - Checking timeout

2021-10-21 14:13:58 - [MESSAGE][INFO] - Finding web element with id: 'Object Repository/Sayfalar/Giris_Sayfasi/Firma_Kodu' located by 'By.xpath: //*[@id = 'AccountName']' in '30' second(s)

2021-10-21 14:13:58 - [MESSAGE][INFO] - Smart Wait Function is triggered

2021-10-21 14:13:58 - [MESSAGE][INFO] - Found 1 web elements with id: 'Object Repository/Sayfalar/Giris_Sayfasi/Firma_Kodu' located by 'By.xpath: //*[@id = 'AccountName']' in '30' second(s)

2021-10-21 14:13:58 - [MESSAGE][PASSED] - Keys 'ELOGO6' sent to object: 'Object Repository/Sayfalar/Giris_Sayfasi/Firma_Kodu'

2021-10-21 14:13:58 - [TEST_STEP][PASSED] - sendKeys(findTestObject("Sayfalar/Giris_Sayfasi/Sifre"), Sifre): Keys '123456' sent to object: 'Object Repository/Sayfalar/Giris_Sayfasi/Sifre'

2021-10-21 14:13:58 - [MESSAGE][INFO] - Finding Test Object 'Object Repository/Sayfalar/Giris_Sayfasi/Sifre'

2021-10-21 14:13:58 - [MESSAGE][INFO] - Sending keys '123456' to object: 'Object Repository/Sayfalar/Giris_Sayfasi/Sifre'

2021-10-21 14:13:58 - [MESSAGE][INFO] - Finding web element from Test Object's properties

2021-10-21 14:13:58 - [MESSAGE][INFO] - Checking timeout

2021-10-21 14:13:58 - [MESSAGE][INFO] - Finding web element with id: 'Object Repository/Sayfalar/Giris_Sayfasi/Sifre' located by 'By.xpath: //*[@id = 'Password']' in '30' second(s)

2021-10-21 14:13:58 - [MESSAGE][INFO] - Smart Wait Function is triggered

2021-10-21 14:13:59 - [MESSAGE][INFO] - Found 1 web elements with id: 'Object Repository/Sayfalar/Giris_Sayfasi/Sifre' located by 'By.xpath: //*[@id = 'Password']' in '30' second(s)

2021-10-21 14:13:59 - [MESSAGE][PASSED] - Keys '123456' sent to object: 'Object Repository/Sayfalar/Giris_Sayfasi/Sifre'

2021-10-21 14:13:59 - [TEST_STEP][PASSED] - findWebElement(findTestObject("Sayfalar/Giris_Sayfasi/Giris_Butonu")).click(): Found 1 web elements with id: 'Object Repository/Sayfalar/Giris_Sayfasi/Giris_Butonu' located by 'By.cssSelector: #btnLogin' in '30' second(s)

2021-10-21 14:13:59 - [MESSAGE][INFO] - Finding Test Object 'Object Repository/Sayfalar/Giris_Sayfasi/Giris_Butonu'

2021-10-21 14:13:59 - [MESSAGE][INFO] - Finding web element from Test Object's properties

2021-10-21 14:13:59 - [MESSAGE][INFO] - Checking timeout

2021-10-21 14:13:59 - [MESSAGE][INFO] - Finding web element with id: 'Object Repository/Sayfalar/Giris_Sayfasi/Giris_Butonu' located by 'By.cssSelector: #btnLogin' in '30' second(s)

2021-10-21 14:13:59 - [MESSAGE][INFO] - Smart Wait Function is triggered

2021-10-21 14:13:59 - [MESSAGE][INFO] - Found 1 web elements with id: 'Object Repository/Sayfalar/Giris_Sayfasi/Giris_Butonu' located by 'By.cssSelector: #btnLogin' in '30' second(s)

2021-10-21 14:14:02 - [TEST_STEP][PASSED] - if (verifyElementPresent(findTestObject("Object Repository/Sayfalar/Giris_Sayfasi/RetveTamam_Butonu"), 5, OPTIONAL)): null

2021-10-21 14:14:02 - [MESSAGE][INFO] - Finding Test Object 'Object Repository/Sayfalar/Giris_Sayfasi/RetveTamam_Butonu'

2021-10-21 14:14:02 - [MESSAGE][INFO] - Checking object

2021-10-21 14:14:02 - [MESSAGE][INFO] - Finding web element from Test Object's properties

2021-10-21 14:14:02 - [MESSAGE][INFO] - Checking timeout

2021-10-21 14:14:02 - [MESSAGE][INFO] - Finding web element with id: 'Object Repository/Sayfalar/Giris_Sayfasi/RetveTamam_Butonu' located by 'By.xpath: //*[@class = 'btn btn-default']' in '5' second(s)

2021-10-21 14:14:02 - [MESSAGE][INFO] - Smart Wait Function is triggered

2021-10-21 14:14:02 - [MESSAGE][INFO] - Found 1 web elements with id: 'Object Repository/Sayfalar/Giris_Sayfasi/RetveTamam_Butonu' located by 'By.xpath: //*[@class = 'btn btn-default']' in '5' second(s)

2021-10-21 14:14:02 - [MESSAGE][PASSED] - Object 'Object Repository/Sayfalar/Giris_Sayfasi/RetveTamam_Butonu' is present

2021-10-21 14:14:02 - [TEST_STEP][PASSED] - click(findTestObject("Object Repository/Sayfalar/Giris_Sayfasi/RetveTamam_Butonu")): Object: 'Object Repository/Sayfalar/Giris_Sayfasi/RetveTamam_Butonu' is clicked on

2021-10-21 14:14:02 - [MESSAGE][INFO] - Finding Test Object 'Object Repository/Sayfalar/Giris_Sayfasi/RetveTamam_Butonu'

2021-10-21 14:14:02 - [MESSAGE][INFO] - Checking object

2021-10-21 14:14:02 - [MESSAGE][INFO] - Finding web element from Test Object's properties

2021-10-21 14:14:02 - [MESSAGE][INFO] - Checking timeout

2021-10-21 14:14:02 - [MESSAGE][INFO] - Finding web element with id: 'Object Repository/Sayfalar/Giris_Sayfasi/RetveTamam_Butonu' located by 'By.xpath: //*[@class = 'btn btn-default']' in '30' second(s)

2021-10-21 14:14:02 - [MESSAGE][INFO] - Smart Wait Function is triggered

2021-10-21 14:14:02 - [MESSAGE][INFO] - Found 1 web elements with id: 'Object Repository/Sayfalar/Giris_Sayfasi/RetveTamam_Butonu' located by 'By.xpath: //*[@class = 'btn btn-default']' in '30' second(s)

2021-10-21 14:14:02 - [MESSAGE][INFO] - Clicking on object: 'Object Repository/Sayfalar/Giris_Sayfasi/RetveTamam_Butonu'

2021-10-21 14:14:02 - [MESSAGE][PASSED] - Object: 'Object Repository/Sayfalar/Giris_Sayfasi/RetveTamam_Butonu' is clicked on

2021-10-21 14:14:02 - [TEST_STEP][PASSED] - click(findTestObject("Object Repository/Sayfalar/Giris_Sayfasi/RetveTamam_Butonu")): Object: 'Object Repository/Sayfalar/Giris_Sayfasi/RetveTamam_Butonu' is clicked on

2021-10-21 14:14:02 - [MESSAGE][INFO] - Finding Test Object 'Object Repository/Sayfalar/Giris_Sayfasi/RetveTamam_Butonu'

2021-10-21 14:14:03 - [MESSAGE][INFO] - Checking object

2021-10-21 14:14:03 - [MESSAGE][INFO] - Finding web element from Test Object's properties

2021-10-21 14:14:03 - [MESSAGE][INFO] - Checking timeout

2021-10-21 14:14:03 - [MESSAGE][INFO] - Finding web element with id: 'Object Repository/Sayfalar/Giris_Sayfasi/RetveTamam_Butonu' located by 'By.xpath: //*[@class = 'btn btn-default']' in '30' second(s)

2021-10-21 14:14:03 - [MESSAGE][INFO] - Smart Wait Function is triggered

2021-10-21 14:14:06 - [MESSAGE][INFO] - Found 1 web elements with id: 'Object Repository/Sayfalar/Giris_Sayfasi/RetveTamam_Butonu' located by 'By.xpath: //*[@class = 'btn btn-default']' in '30' second(s)

2021-10-21 14:14:06 - [MESSAGE][INFO] - Clicking on object: 'Object Repository/Sayfalar/Giris_Sayfasi/RetveTamam_Butonu'

2021-10-21 14:14:06 - [MESSAGE][PASSED] - Object: 'Object Repository/Sayfalar/Giris_Sayfasi/RetveTamam_Butonu' is clicked on

2021-10-21 14:14:06 - [TEST_STEP][PASSED] - if (verifyElementPresent(findTestObject("Sayfalar/Giris_Sayfasi/PopupOK"), 5, OPTIONAL)): null

2021-10-21 14:14:06 - [MESSAGE][INFO] - Finding Test Object 'Object Repository/Sayfalar/Giris_Sayfasi/PopupOK'

2021-10-21 14:14:06 - [MESSAGE][INFO] - Checking object

2021-10-21 14:14:06 - [MESSAGE][INFO] - Finding web element from Test Object's properties

2021-10-21 14:14:06 - [MESSAGE][INFO] - Checking timeout

2021-10-21 14:14:06 - [MESSAGE][INFO] - Finding web element with id: 'Object Repository/Sayfalar/Giris_Sayfasi/PopupOK' located by 'By.cssSelector: .btn.btn-success' in '5' second(s)

2021-10-21 14:14:06 - [MESSAGE][INFO] - Smart Wait Function is triggered

2021-10-21 14:14:07 - [MESSAGE][INFO] - Found 1 web elements with id: 'Object Repository/Sayfalar/Giris_Sayfasi/PopupOK' located by 'By.cssSelector: .btn.btn-success' in '5' second(s)

2021-10-21 14:14:07 - [MESSAGE][PASSED] - Object 'Object Repository/Sayfalar/Giris_Sayfasi/PopupOK' is present

2021-10-21 14:14:07 - [TEST_STEP][PASSED] - click(findTestObject("Object Repository/Sayfalar/Giris_Sayfasi/PopupCarpiGiris")): Object: 'Object Repository/Sayfalar/Giris_Sayfasi/PopupCarpiGiris' is clicked on

2021-10-21 14:14:07 - [MESSAGE][INFO] - Finding Test Object 'Object Repository/Sayfalar/Giris_Sayfasi/PopupCarpiGiris'

2021-10-21 14:14:07 - [MESSAGE][INFO] - Checking object

2021-10-21 14:14:07 - [MESSAGE][INFO] - Finding web element from Test Object's properties

2021-10-21 14:14:07 - [MESSAGE][INFO] - Checking timeout

2021-10-21 14:14:07 - [MESSAGE][INFO] - Finding web element with id: 'Object Repository/Sayfalar/Giris_Sayfasi/PopupCarpiGiris' located by 'By.cssSelector: .bootbox-close-button.close' in '30' second(s)

2021-10-21 14:14:07 - [MESSAGE][INFO] - Smart Wait Function is triggered

2021-10-21 14:14:07 - [MESSAGE][INFO] - Found 1 web elements with id: 'Object Repository/Sayfalar/Giris_Sayfasi/PopupCarpiGiris' located by 'By.cssSelector: .bootbox-close-button.close' in '30' second(s)

2021-10-21 14:14:07 - [MESSAGE][INFO] - Clicking on object: 'Object Repository/Sayfalar/Giris_Sayfasi/PopupCarpiGiris'

2021-10-21 14:14:07 - [MESSAGE][PASSED] - Object: 'Object Repository/Sayfalar/Giris_Sayfasi/PopupCarpiGiris' is clicked on

2021-10-21 14:14:07 - [TEST_STEP][PASSED] - verifyElementVisible(findTestObject("Object Repository/Kullanici_Islemleri/KullaniciIslemleri")): Object 'Object Repository/Kullanici_Islemleri/KullaniciIslemleri' is visible

2021-10-21 14:14:07 - [MESSAGE][INFO] - Finding Test Object 'Object Repository/Kullanici_Islemleri/KullaniciIslemleri'

2021-10-21 14:14:07 - [MESSAGE][INFO] - Checking object

2021-10-21 14:14:07 - [MESSAGE][INFO] - Finding web element from Test Object's properties

2021-10-21 14:14:07 - [MESSAGE][INFO] - Checking timeout

2021-10-21 14:14:07 - [MESSAGE][INFO] - Finding web element with id: 'Object Repository/Kullanici_Islemleri/KullaniciIslemleri' located by 'By.cssSelector: .dropdown>a>img' in '30' second(s)

2021-10-21 14:14:07 - [MESSAGE][INFO] - Smart Wait Function is triggered

2021-10-21 14:14:08 - [MESSAGE][INFO] - Found 1 web elements with id: 'Object Repository/Kullanici_Islemleri/KullaniciIslemleri' located by 'By.cssSelector: .dropdown>a>img' in '30' second(s)

2021-10-21 14:14:08 - [MESSAGE][PASSED] - Object 'Object Repository/Kullanici_Islemleri/KullaniciIslemleri' is visible

2021-10-21 14:14:08 - [MESSAGE][PASSED] - Call Test Case 'Test Cases/Sayfalar/Giris_Sayfasi/Login' successfully

2021-10-21 14:14:08 - [MESSAGE][INFO] - Checking called Test Case

2021-10-21 14:14:08 - [MESSAGE][INFO] - Starting to call Test Case 'Test Cases/Menu/AnaMenuSecimi'

2021-10-21 14:14:08 - [TEST_CASE][PASSED] - Test Cases/Menu/AnaMenuSecimi: Test Cases/Menu/AnaMenuSecimi

2021-10-21 14:14:08 - [TEST_STEP][PASSED] - Method.TextDegerineEsitElementeTikla(findTestObject("Menu/Ana_Menu"), Ana_Menu): Method.TextDegerineEsitElementeTikla is PASSED

2021-10-21 14:14:08 - [MESSAGE][INFO] - Finding Test Object 'Object Repository/Menu/Ana_Menu'

2021-10-21 14:14:08 - [MESSAGE][INFO] - Checking timeout

2021-10-21 14:14:08 - [MESSAGE][INFO] - Finding web element with id: 'Object Repository/Menu/Ana_Menu' located by 'By.xpath: //*[@class = 'dropdown-toggle']' in '10' second(s)

2021-10-21 14:14:08 - [MESSAGE][INFO] - Smart Wait Function is triggered

2021-10-21 14:14:09 - [MESSAGE][INFO] - Found 14 web elements with id: 'Object Repository/Menu/Ana_Menu' located by 'By.xpath: //*[@class = 'dropdown-toggle']' in '10' second(s)

2021-10-21 14:14:09 - [MESSAGE][PASSED] - Method.TextDegerineEsitElementeTikla is PASSED

2021-10-21 14:14:09 - [MESSAGE][PASSED] - Call Test Case 'Test Cases/Menu/AnaMenuSecimi' successfully

2021-10-21 14:14:09 - [MESSAGE][INFO] - Checking called Test Case

2021-10-21 14:14:09 - [MESSAGE][INFO] - Starting to call Test Case 'Test Cases/Menu/BasligaGoreAltMenuSecimi'

2021-10-21 14:14:09 - [TEST_CASE][PASSED] - Test Cases/Menu/BasligaGoreAltMenuSecimi: Test Cases/Menu/BasligaGoreAltMenuSecimi

2021-10-21 14:14:09 - [TEST_STEP][PASSED] - Method.TextDegerineEsitElementinAltindakiTextDegerineEsitOlanaTikla(findTestObject("Menu/Menu_Basligi"), findTestObject("Menu/Basliga_Gore_Alt_Menu"), Baslik, Alt_Menu): Method.TextDegerineEsitElementinAltindakiTextDegerineEsitOlanaTikla is PASSED

2021-10-21 14:14:09 - [MESSAGE][INFO] - Finding Test Object 'Object Repository/Menu/Menu_Basligi'

2021-10-21 14:14:09 - [MESSAGE][INFO] - Finding Test Object 'Object Repository/Menu/Basliga_Gore_Alt_Menu'

2021-10-21 14:14:09 - [MESSAGE][INFO] - Checking timeout

2021-10-21 14:14:09 - [MESSAGE][INFO] - Finding web element with id: 'Object Repository/Menu/Menu_Basligi' located by 'By.xpath: //li[@class='dropdown dropdown-large open']//li[@class='dropdown-header']' in '10' second(s)

2021-10-21 14:14:09 - [MESSAGE][INFO] - Smart Wait Function is triggered

2021-10-21 14:14:09 - [MESSAGE][INFO] - Found 2 web elements with id: 'Object Repository/Menu/Menu_Basligi' located by 'By.xpath: //li[@class='dropdown dropdown-large open']//li[@class='dropdown-header']' in '10' second(s)

2021-10-21 14:14:09 - [MESSAGE][INFO] - Smart Wait Function is triggered

2021-10-21 14:14:12 - [MESSAGE][PASSED] - Method.TextDegerineEsitElementinAltindakiTextDegerineEsitOlanaTikla is PASSED

2021-10-21 14:14:12 - [MESSAGE][PASSED] - Call Test Case 'Test Cases/Menu/BasligaGoreAltMenuSecimi' successfully

2021-10-21 14:14:12 - [MESSAGE][INFO] - Checking called Test Case

2021-10-21 14:14:12 - [MESSAGE][INFO] - Starting to call Test Case 'Test Cases/Filtreler/FiltreVarMi'

2021-10-21 14:14:12 - [TEST_CASE][PASSED] - Test Cases/Filtreler/FiltreVarMi: Test Cases/Filtreler/FiltreVarMi

2021-10-21 14:14:12 - [TEST_STEP][PASSED] - Method.TextDegerineEsitElementVarMi(findTestObject("Filtreler/Basliklar"), Filtre_alan): Method.TextDegerineEsitElementVarMi is PASSED

2021-10-21 14:14:12 - [MESSAGE][INFO] - Finding Test Object 'Object Repository/Filtreler/Basliklar'

2021-10-21 14:14:13 - [MESSAGE][INFO] - Checking timeout

2021-10-21 14:14:13 - [MESSAGE][INFO] - Finding web element with id: 'Object Repository/Filtreler/Basliklar' located by 'By.cssSelector: .control-label.col-sm-4.paddingMarginRLC' in '10' second(s)

2021-10-21 14:14:13 - [MESSAGE][INFO] - Smart Wait Function is triggered

2021-10-21 14:14:13 - [MESSAGE][INFO] - Found 7 web elements with id: 'Object Repository/Filtreler/Basliklar' located by 'By.cssSelector: .control-label.col-sm-4.paddingMarginRLC' in '10' second(s)

2021-10-21 14:14:13 - [MESSAGE][PASSED] - Method.TextDegerineEsitElementVarMi is PASSED

2021-10-21 14:14:13 - [MESSAGE][PASSED] - Call Test Case 'Test Cases/Filtreler/FiltreVarMi' successfully

2021-10-21 14:14:13 - [MESSAGE][INFO] - Checking called Test Case

2021-10-21 14:14:13 - [MESSAGE][INFO] - Starting to call Test Case 'Test Cases/Filtreler/FiltreVarMi'

2021-10-21 14:14:13 - [TEST_CASE][PASSED] - Test Cases/Filtreler/FiltreVarMi: Test Cases/Filtreler/FiltreVarMi

2021-10-21 14:14:13 - [TEST_STEP][PASSED] - Method.TextDegerineEsitElementVarMi(findTestObject("Filtreler/Basliklar"), Filtre_alan): Method.TextDegerineEsitElementVarMi is PASSED

2021-10-21 14:14:13 - [MESSAGE][INFO] - Finding Test Object 'Object Repository/Filtreler/Basliklar'

2021-10-21 14:14:13 - [MESSAGE][INFO] - Checking timeout

2021-10-21 14:14:13 - [MESSAGE][INFO] - Finding web element with id: 'Object Repository/Filtreler/Basliklar' located by 'By.cssSelector: .control-label.col-sm-4.paddingMarginRLC' in '10' second(s)

2021-10-21 14:14:13 - [MESSAGE][INFO] - Smart Wait Function is triggered

2021-10-21 14:14:13 - [MESSAGE][INFO] - Found 7 web elements with id: 'Object Repository/Filtreler/Basliklar' located by 'By.cssSelector: .control-label.col-sm-4.paddingMarginRLC' in '10' second(s)

2021-10-21 14:14:13 - [MESSAGE][PASSED] - Method.TextDegerineEsitElementVarMi is PASSED

2021-10-21 14:14:13 - [MESSAGE][PASSED] - Call Test Case 'Test Cases/Filtreler/FiltreVarMi' successfully

2021-10-21 14:14:13 - [MESSAGE][INFO] - Checking called Test Case

2021-10-21 14:14:13 - [MESSAGE][INFO] - Starting to call Test Case 'Test Cases/Filtreler/FiltreVarMi'

2021-10-21 14:14:13 - [TEST_CASE][PASSED] - Test Cases/Filtreler/FiltreVarMi: Test Cases/Filtreler/FiltreVarMi

2021-10-21 14:14:13 - [TEST_STEP][PASSED] - Method.TextDegerineEsitElementVarMi(findTestObject("Filtreler/Basliklar"), Filtre_alan): Method.TextDegerineEsitElementVarMi is PASSED

2021-10-21 14:14:13 - [MESSAGE][INFO] - Finding Test Object 'Object Repository/Filtreler/Basliklar'

2021-10-21 14:14:14 - [MESSAGE][INFO] - Checking timeout

2021-10-21 14:14:14 - [MESSAGE][INFO] - Finding web element with id: 'Object Repository/Filtreler/Basliklar' located by 'By.cssSelector: .control-label.col-sm-4.paddingMarginRLC' in '10' second(s)

2021-10-21 14:14:14 - [MESSAGE][INFO] - Smart Wait Function is triggered

2021-10-21 14:14:14 - [MESSAGE][INFO] - Found 7 web elements with id: 'Object Repository/Filtreler/Basliklar' located by 'By.cssSelector: .control-label.col-sm-4.paddingMarginRLC' in '10' second(s)

2021-10-21 14:14:14 - [MESSAGE][PASSED] - Method.TextDegerineEsitElementVarMi is PASSED

2021-10-21 14:14:14 - [MESSAGE][PASSED] - Call Test Case 'Test Cases/Filtreler/FiltreVarMi' successfully

2021-10-21 14:14:14 - [MESSAGE][INFO] - Checking called Test Case

2021-10-21 14:14:14 - [MESSAGE][INFO] - Starting to call Test Case 'Test Cases/Filtreler/FiltreVarMi'

2021-10-21 14:14:14 - [TEST_CASE][PASSED] - Test Cases/Filtreler/FiltreVarMi: Test Cases/Filtreler/FiltreVarMi

2021-10-21 14:14:14 - [TEST_STEP][PASSED] - Method.TextDegerineEsitElementVarMi(findTestObject("Filtreler/Basliklar"), Filtre_alan): Method.TextDegerineEsitElementVarMi is PASSED

2021-10-21 14:14:14 - [MESSAGE][INFO] - Finding Test Object 'Object Repository/Filtreler/Basliklar'

2021-10-21 14:14:14 - [MESSAGE][INFO] - Checking timeout

2021-10-21 14:14:14 - [MESSAGE][INFO] - Finding web element with id: 'Object Repository/Filtreler/Basliklar' located by 'By.cssSelector: .control-label.col-sm-4.paddingMarginRLC' in '10' second(s)

2021-10-21 14:14:14 - [MESSAGE][INFO] - Smart Wait Function is triggered

2021-10-21 14:14:14 - [MESSAGE][INFO] - Found 7 web elements with id: 'Object Repository/Filtreler/Basliklar' located by 'By.cssSelector: .control-label.col-sm-4.paddingMarginRLC' in '10' second(s)

2021-10-21 14:14:14 - [MESSAGE][PASSED] - Method.TextDegerineEsitElementVarMi is PASSED

2021-10-21 14:14:14 - [MESSAGE][PASSED] - Call Test Case 'Test Cases/Filtreler/FiltreVarMi' successfully

2021-10-21 14:14:14 - [MESSAGE][INFO] - Checking called Test Case

2021-10-21 14:14:14 - [MESSAGE][INFO] - Starting to call Test Case 'Test Cases/Filtreler/FiltreVarMi'

2021-10-21 14:14:14 - [TEST_CASE][PASSED] - Test Cases/Filtreler/FiltreVarMi: Test Cases/Filtreler/FiltreVarMi

2021-10-21 14:14:14 - [TEST_STEP][PASSED] - Method.TextDegerineEsitElementVarMi(findTestObject("Filtreler/Basliklar"), Filtre_alan): Method.TextDegerineEsitElementVarMi is PASSED

2021-10-21 14:14:14 - [MESSAGE][INFO] - Finding Test Object 'Object Repository/Filtreler/Basliklar'

2021-10-21 14:14:15 - [MESSAGE][INFO] - Checking timeout

2021-10-21 14:14:15 - [MESSAGE][INFO] - Finding web element with id: 'Object Repository/Filtreler/Basliklar' located by 'By.cssSelector: .control-label.col-sm-4.paddingMarginRLC' in '10' second(s)

2021-10-21 14:14:15 - [MESSAGE][INFO] - Smart Wait Function is triggered

2021-10-21 14:14:15 - [MESSAGE][INFO] - Found 7 web elements with id: 'Object Repository/Filtreler/Basliklar' located by 'By.cssSelector: .control-label.col-sm-4.paddingMarginRLC' in '10' second(s)

2021-10-21 14:14:15 - [MESSAGE][PASSED] - Method.TextDegerineEsitElementVarMi is PASSED

2021-10-21 14:14:15 - [MESSAGE][PASSED] - Call Test Case 'Test Cases/Filtreler/FiltreVarMi' successfully

2021-10-21 14:14:15 - [MESSAGE][INFO] - Checking called Test Case

2021-10-21 14:14:15 - [MESSAGE][INFO] - Starting to call Test Case 'Test Cases/Filtreler/FiltreVarMi'

2021-10-21 14:14:15 - [TEST_CASE][PASSED] - Test Cases/Filtreler/FiltreVarMi: Test Cases/Filtreler/FiltreVarMi

2021-10-21 14:14:15 - [TEST_STEP][PASSED] - Method.TextDegerineEsitElementVarMi(findTestObject("Filtreler/Basliklar"), Filtre_alan): Method.TextDegerineEsitElementVarMi is PASSED

2021-10-21 14:14:15 - [MESSAGE][INFO] - Finding Test Object 'Object Repository/Filtreler/Basliklar'

2021-10-21 14:14:15 - [MESSAGE][INFO] - Checking timeout

2021-10-21 14:14:15 - [MESSAGE][INFO] - Finding web element with id: 'Object Repository/Filtreler/Basliklar' located by 'By.cssSelector: .control-label.col-sm-4.paddingMarginRLC' in '10' second(s)

2021-10-21 14:14:15 - [MESSAGE][INFO] - Smart Wait Function is triggered

2021-10-21 14:14:15 - [MESSAGE][INFO] - Found 7 web elements with id: 'Object Repository/Filtreler/Basliklar' located by 'By.cssSelector: .control-label.col-sm-4.paddingMarginRLC' in '10' second(s)

2021-10-21 14:14:15 - [MESSAGE][PASSED] - Method.TextDegerineEsitElementVarMi is PASSED

2021-10-21 14:14:15 - [MESSAGE][PASSED] - Call Test Case 'Test Cases/Filtreler/FiltreVarMi' successfully

2021-10-21 14:14:15 - [MESSAGE][INFO] - Checking called Test Case

2021-10-21 14:14:15 - [MESSAGE][INFO] - Starting to call Test Case 'Test Cases/Filtreler/FiltreVarMi'

2021-10-21 14:14:15 - [TEST_CASE][PASSED] - Test Cases/Filtreler/FiltreVarMi: Test Cases/Filtreler/FiltreVarMi

2021-10-21 14:14:15 - [TEST_STEP][PASSED] - Method.TextDegerineEsitElementVarMi(findTestObject("Filtreler/Basliklar"), Filtre_alan): Method.TextDegerineEsitElementVarMi is PASSED

2021-10-21 14:14:15 - [MESSAGE][INFO] - Finding Test Object 'Object Repository/Filtreler/Basliklar'

2021-10-21 14:14:15 - [MESSAGE][INFO] - Checking timeout

2021-10-21 14:14:15 - [MESSAGE][INFO] - Finding web element with id: 'Object Repository/Filtreler/Basliklar' located by 'By.cssSelector: .control-label.col-sm-4.paddingMarginRLC' in '10' second(s)

2021-10-21 14:14:15 - [MESSAGE][INFO] - Smart Wait Function is triggered

2021-10-21 14:14:16 - [MESSAGE][INFO] - Found 7 web elements with id: 'Object Repository/Filtreler/Basliklar' located by 'By.cssSelector: .control-label.col-sm-4.paddingMarginRLC' in '10' second(s)

2021-10-21 14:14:16 - [MESSAGE][PASSED] - Method.TextDegerineEsitElementVarMi is PASSED

2021-10-21 14:14:16 - [MESSAGE][PASSED] - Call Test Case 'Test Cases/Filtreler/FiltreVarMi' successfully

2021-10-21 14:14:16 - [MESSAGE][INFO] - Checking called Test Case

2021-10-21 14:14:16 - [MESSAGE][INFO] - Starting to call Test Case 'Test Cases/Filtreler/ButonVarMi'

2021-10-21 14:14:16 - [TEST_CASE][PASSED] - Test Cases/Filtreler/ButonVarMi: Test Cases/Filtreler/ButonVarMi

2021-10-21 14:14:16 - [TEST_STEP][PASSED] - Method.TextDegerineEsitElementVarMi(findTestObject("Filtreler/Butonlar"), Filtre_Buton): Method.TextDegerineEsitElementVarMi is PASSED

2021-10-21 14:14:16 - [MESSAGE][INFO] - Finding Test Object 'Object Repository/Filtreler/Butonlar'

2021-10-21 14:14:16 - [MESSAGE][INFO] - Checking timeout

2021-10-21 14:14:16 - [MESSAGE][INFO] - Finding web element with id: 'Object Repository/Filtreler/Butonlar' located by 'By.cssSelector: .dxb>span' in '10' second(s)

2021-10-21 14:14:16 - [MESSAGE][INFO] - Smart Wait Function is triggered

2021-10-21 14:14:16 - [MESSAGE][INFO] - Found 2 web elements with id: 'Object Repository/Filtreler/Butonlar' located by 'By.cssSelector: .dxb>span' in '10' second(s)

2021-10-21 14:14:16 - [MESSAGE][PASSED] - Method.TextDegerineEsitElementVarMi is PASSED

2021-10-21 14:14:16 - [MESSAGE][PASSED] - Call Test Case 'Test Cases/Filtreler/ButonVarMi' successfully

2021-10-21 14:14:16 - [MESSAGE][INFO] - Checking called Test Case

2021-10-21 14:14:16 - [MESSAGE][INFO] - Starting to call Test Case 'Test Cases/Filtreler/ButonVarMi'

2021-10-21 14:14:16 - [TEST_CASE][PASSED] - Test Cases/Filtreler/ButonVarMi: Test Cases/Filtreler/ButonVarMi

2021-10-21 14:14:16 - [TEST_STEP][PASSED] - Method.TextDegerineEsitElementVarMi(findTestObject("Filtreler/Butonlar"), Filtre_Buton): Method.TextDegerineEsitElementVarMi is PASSED

2021-10-21 14:14:16 - [MESSAGE][INFO] - Finding Test Object 'Object Repository/Filtreler/Butonlar'

2021-10-21 14:14:16 - [MESSAGE][INFO] - Checking timeout

2021-10-21 14:14:16 - [MESSAGE][INFO] - Finding web element with id: 'Object Repository/Filtreler/Butonlar' located by 'By.cssSelector: .dxb>span' in '10' second(s)

2021-10-21 14:14:16 - [MESSAGE][INFO] - Smart Wait Function is triggered

2021-10-21 14:14:17 - [MESSAGE][INFO] - Found 2 web elements with id: 'Object Repository/Filtreler/Butonlar' located by 'By.cssSelector: .dxb>span' in '10' second(s)

2021-10-21 14:14:17 - [MESSAGE][PASSED] - Method.TextDegerineEsitElementVarMi is PASSED

2021-10-21 14:14:17 - [MESSAGE][PASSED] - Call Test Case 'Test Cases/Filtreler/ButonVarMi' successfully

2021-10-21 14:14:17 - [MESSAGE][INFO] - Checking called Test Case

2021-10-21 14:14:17 - [MESSAGE][INFO] - Starting to call Test Case 'Test Cases/Butonlar/ButonVarMi'

2021-10-21 14:14:17 - [TEST_CASE][PASSED] - Test Cases/Butonlar/ButonVarMi: Test Cases/Butonlar/ButonVarMi

2021-10-21 14:14:17 - [TEST_STEP][PASSED] - Method.TextDegerineEsitElementVarMi(findTestObject("Butonlar/Butonlar"), Buton): Method.TextDegerineEsitElementVarMi is PASSED

2021-10-21 14:14:17 - [MESSAGE][INFO] - Finding Test Object 'Object Repository/Butonlar/Butonlar'

2021-10-21 14:14:17 - [MESSAGE][INFO] - Checking timeout

2021-10-21 14:14:17 - [MESSAGE][INFO] - Finding web element with id: 'Object Repository/Butonlar/Butonlar' located by 'By.cssSelector: .panel.panel-default.text-center.footerPanel .btn,.btn.btn-primary.btnControls' in '10' second(s)

2021-10-21 14:14:17 - [MESSAGE][INFO] - Smart Wait Function is triggered

2021-10-21 14:14:17 - [MESSAGE][INFO] - Found 7 web elements with id: 'Object Repository/Butonlar/Butonlar' located by 'By.cssSelector: .panel.panel-default.text-center.footerPanel .btn,.btn.btn-primary.btnControls' in '10' second(s)

2021-10-21 14:14:17 - [MESSAGE][PASSED] - Method.TextDegerineEsitElementVarMi is PASSED

2021-10-21 14:14:17 - [MESSAGE][PASSED] - Call Test Case 'Test Cases/Butonlar/ButonVarMi' successfully

2021-10-21 14:14:17 - [MESSAGE][INFO] - Checking called Test Case

2021-10-21 14:14:17 - [MESSAGE][INFO] - Starting to call Test Case 'Test Cases/Butonlar/ButonVarMi'

2021-10-21 14:14:17 - [TEST_CASE][PASSED] - Test Cases/Butonlar/ButonVarMi: Test Cases/Butonlar/ButonVarMi

2021-10-21 14:14:17 - [TEST_STEP][PASSED] - Method.TextDegerineEsitElementVarMi(findTestObject("Butonlar/Butonlar"), Buton): Method.TextDegerineEsitElementVarMi is PASSED

2021-10-21 14:14:17 - [MESSAGE][INFO] - Finding Test Object 'Object Repository/Butonlar/Butonlar'

2021-10-21 14:14:17 - [MESSAGE][INFO] - Checking timeout

2021-10-21 14:14:17 - [MESSAGE][INFO] - Finding web element with id: 'Object Repository/Butonlar/Butonlar' located by 'By.cssSelector: .panel.panel-default.text-center.footerPanel .btn,.btn.btn-primary.btnControls' in '10' second(s)

2021-10-21 14:14:17 - [MESSAGE][INFO] - Smart Wait Function is triggered

2021-10-21 14:14:18 - [MESSAGE][INFO] - Found 7 web elements with id: 'Object Repository/Butonlar/Butonlar' located by 'By.cssSelector: .panel.panel-default.text-center.footerPanel .btn,.btn.btn-primary.btnControls' in '10' second(s)

2021-10-21 14:14:18 - [MESSAGE][PASSED] - Method.TextDegerineEsitElementVarMi is PASSED

2021-10-21 14:14:18 - [MESSAGE][PASSED] - Call Test Case 'Test Cases/Butonlar/ButonVarMi' successfully

2021-10-21 14:14:18 - [MESSAGE][INFO] - Checking called Test Case

2021-10-21 14:14:18 - [MESSAGE][INFO] - Starting to call Test Case 'Test Cases/Butonlar/ButonVarMi'

2021-10-21 14:14:18 - [TEST_CASE][PASSED] - Test Cases/Butonlar/ButonVarMi: Test Cases/Butonlar/ButonVarMi

2021-10-21 14:14:18 - [TEST_STEP][PASSED] - Method.TextDegerineEsitElementVarMi(findTestObject("Butonlar/Butonlar"), Buton): Method.TextDegerineEsitElementVarMi is PASSED

2021-10-21 14:14:18 - [MESSAGE][INFO] - Finding Test Object 'Object Repository/Butonlar/Butonlar'

2021-10-21 14:14:18 - [MESSAGE][INFO] - Checking timeout

2021-10-21 14:14:18 - [MESSAGE][INFO] - Finding web element with id: 'Object Repository/Butonlar/Butonlar' located by 'By.cssSelector: .panel.panel-default.text-center.footerPanel .btn,.btn.btn-primary.btnControls' in '10' second(s)

2021-10-21 14:14:18 - [MESSAGE][INFO] - Smart Wait Function is triggered

2021-10-21 14:14:18 - [MESSAGE][INFO] - Found 7 web elements with id: 'Object Repository/Butonlar/Butonlar' located by 'By.cssSelector: .panel.panel-default.text-center.footerPanel .btn,.btn.btn-primary.btnControls' in '10' second(s)

2021-10-21 14:14:18 - [MESSAGE][PASSED] - Method.TextDegerineEsitElementVarMi is PASSED

2021-10-21 14:14:18 - [MESSAGE][PASSED] - Call Test Case 'Test Cases/Butonlar/ButonVarMi' successfully

2021-10-21 14:14:18 - [MESSAGE][INFO] - Checking called Test Case

2021-10-21 14:14:18 - [MESSAGE][INFO] - Starting to call Test Case 'Test Cases/Butonlar/ButonVarMi'

2021-10-21 14:14:18 - [TEST_CASE][PASSED] - Test Cases/Butonlar/ButonVarMi: Test Cases/Butonlar/ButonVarMi

2021-10-21 14:14:18 - [TEST_STEP][PASSED] - Method.TextDegerineEsitElementVarMi(findTestObject("Butonlar/Butonlar"), Buton): Method.TextDegerineEsitElementVarMi is PASSED

2021-10-21 14:14:18 - [MESSAGE][INFO] - Finding Test Object 'Object Repository/Butonlar/Butonlar'

2021-10-21 14:14:18 - [MESSAGE][INFO] - Checking timeout

2021-10-21 14:14:18 - [MESSAGE][INFO] - Finding web element with id: 'Object Repository/Butonlar/Butonlar' located by 'By.cssSelector: .panel.panel-default.text-center.footerPanel .btn,.btn.btn-primary.btnControls' in '10' second(s)

2021-10-21 14:14:18 - [MESSAGE][INFO] - Smart Wait Function is triggered

2021-10-21 14:14:19 - [MESSAGE][INFO] - Found 7 web elements with id: 'Object Repository/Butonlar/Butonlar' located by 'By.cssSelector: .panel.panel-default.text-center.footerPanel .btn,.btn.btn-primary.btnControls' in '10' second(s)

2021-10-21 14:14:19 - [MESSAGE][PASSED] - Method.TextDegerineEsitElementVarMi is PASSED

2021-10-21 14:14:19 - [MESSAGE][PASSED] - Call Test Case 'Test Cases/Butonlar/ButonVarMi' successfully

2021-10-21 14:14:19 - [MESSAGE][INFO] - Checking called Test Case

2021-10-21 14:14:19 - [MESSAGE][INFO] - Starting to call Test Case 'Test Cases/Butonlar/ButonVarMi'

2021-10-21 14:14:19 - [TEST_CASE][PASSED] - Test Cases/Butonlar/ButonVarMi: Test Cases/Butonlar/ButonVarMi

2021-10-21 14:14:19 - [TEST_STEP][PASSED] - Method.TextDegerineEsitElementVarMi(findTestObject("Butonlar/Butonlar"), Buton): Method.TextDegerineEsitElementVarMi is PASSED

2021-10-21 14:14:19 - [MESSAGE][INFO] - Finding Test Object 'Object Repository/Butonlar/Butonlar'

2021-10-21 14:14:19 - [MESSAGE][INFO] - Checking timeout

2021-10-21 14:14:19 - [MESSAGE][INFO] - Finding web element with id: 'Object Repository/Butonlar/Butonlar' located by 'By.cssSelector: .panel.panel-default.text-center.footerPanel .btn,.btn.btn-primary.btnControls' in '10' second(s)

2021-10-21 14:14:19 - [MESSAGE][INFO] - Smart Wait Function is triggered

2021-10-21 14:14:19 - [MESSAGE][INFO] - Found 7 web elements with id: 'Object Repository/Butonlar/Butonlar' located by 'By.cssSelector: .panel.panel-default.text-center.footerPanel .btn,.btn.btn-primary.btnControls' in '10' second(s)

2021-10-21 14:14:19 - [MESSAGE][PASSED] - Method.TextDegerineEsitElementVarMi is PASSED

2021-10-21 14:14:19 - [MESSAGE][PASSED] - Call Test Case 'Test Cases/Butonlar/ButonVarMi' successfully

2021-10-21 14:14:19 - [MESSAGE][INFO] - Checking called Test Case

2021-10-21 14:14:19 - [MESSAGE][INFO] - Starting to call Test Case 'Test Cases/Butonlar/ButonVarMi'

2021-10-21 14:14:19 - [TEST_CASE][PASSED] - Test Cases/Butonlar/ButonVarMi: Test Cases/Butonlar/ButonVarMi

2021-10-21 14:14:19 - [TEST_STEP][PASSED] - Method.TextDegerineEsitElementVarMi(findTestObject("Butonlar/Butonlar"), Buton): Method.TextDegerineEsitElementVarMi is PASSED

2021-10-21 14:14:19 - [MESSAGE][INFO] - Finding Test Object 'Object Repository/Butonlar/Butonlar'

2021-10-21 14:14:19 - [MESSAGE][INFO] - Checking timeout

2021-10-21 14:14:19 - [MESSAGE][INFO] - Finding web element with id: 'Object Repository/Butonlar/Butonlar' located by 'By.cssSelector: .panel.panel-default.text-center.footerPanel .btn,.btn.btn-primary.btnControls' in '10' second(s)

2021-10-21 14:14:19 - [MESSAGE][INFO] - Smart Wait Function is triggered

2021-10-21 14:14:20 - [MESSAGE][INFO] - Found 7 web elements with id: 'Object Repository/Butonlar/Butonlar' located by 'By.cssSelector: .panel.panel-default.text-center.footerPanel .btn,.btn.btn-primary.btnControls' in '10' second(s)

2021-10-21 14:14:20 - [MESSAGE][PASSED] - Method.TextDegerineEsitElementVarMi is PASSED

2021-10-21 14:14:20 - [MESSAGE][PASSED] - Call Test Case 'Test Cases/Butonlar/ButonVarMi' successfully

2021-10-21 14:14:20 - [MESSAGE][INFO] - Checking called Test Case

2021-10-21 14:14:20 - [MESSAGE][INFO] - Starting to call Test Case 'Test Cases/Butonlar/ButonVarMi'

2021-10-21 14:14:20 - [TEST_CASE][PASSED] - Test Cases/Butonlar/ButonVarMi: Test Cases/Butonlar/ButonVarMi

2021-10-21 14:14:20 - [TEST_STEP][PASSED] - Method.TextDegerineEsitElementVarMi(findTestObject("Butonlar/Butonlar"), Buton): Method.TextDegerineEsitElementVarMi is PASSED

2021-10-21 14:14:20 - [MESSAGE][INFO] - Finding Test Object 'Object Repository/Butonlar/Butonlar'

2021-10-21 14:14:20 - [MESSAGE][INFO] - Checking timeout

2021-10-21 14:14:20 - [MESSAGE][INFO] - Finding web element with id: 'Object Repository/Butonlar/Butonlar' located by 'By.cssSelector: .panel.panel-default.text-center.footerPanel .btn,.btn.btn-primary.btnControls' in '10' second(s)

2021-10-21 14:14:20 - [MESSAGE][INFO] - Smart Wait Function is triggered

2021-10-21 14:14:20 - [MESSAGE][INFO] - Found 7 web elements with id: 'Object Repository/Butonlar/Butonlar' located by 'By.cssSelector: .panel.panel-default.text-center.footerPanel .btn,.btn.btn-primary.btnControls' in '10' second(s)

2021-10-21 14:14:20 - [MESSAGE][PASSED] - Method.TextDegerineEsitElementVarMi is PASSED

2021-10-21 14:14:20 - [MESSAGE][PASSED] - Call Test Case 'Test Cases/Butonlar/ButonVarMi' successfully

2021-10-21 14:14:20 - [MESSAGE][INFO] - Checking called Test Case

2021-10-21 14:14:20 - [MESSAGE][INFO] - Starting to call Test Case 'Test Cases/Kullanici_Islemleri/KullaniciIslemlerindenSecimYapilir'

2021-10-21 14:14:20 - [TEST_CASE][PASSED] - Test Cases/Kullanici_Islemleri/KullaniciIslemlerindenSecimYapilir: Test Cases/Kullanici_Islemleri/KullaniciIslemlerindenSecimYapilir

2021-10-21 14:14:20 - [TEST_STEP][PASSED] - waitForElementClickable(findTestObject("Object Repository/Kullanici_Islemleri/KullaniciIslemleri"), 10): Object 'Object Repository/Kullanici_Islemleri/KullaniciIslemleri' is clickable

2021-10-21 14:14:20 - [MESSAGE][INFO] - Finding Test Object 'Object Repository/Kullanici_Islemleri/KullaniciIslemleri'

2021-10-21 14:14:20 - [MESSAGE][INFO] - Checking object

2021-10-21 14:14:20 - [MESSAGE][INFO] - Checking timeout

2021-10-21 14:14:20 - [MESSAGE][INFO] - Finding web element from Test Object's properties

2021-10-21 14:14:20 - [MESSAGE][INFO] - Checking timeout

2021-10-21 14:14:20 - [MESSAGE][INFO] - Finding web element with id: 'Object Repository/Kullanici_Islemleri/KullaniciIslemleri' located by 'By.cssSelector: .dropdown>a>img' in '10' second(s)

2021-10-21 14:14:20 - [MESSAGE][INFO] - Smart Wait Function is triggered

2021-10-21 14:14:21 - [MESSAGE][INFO] - Found 1 web elements with id: 'Object Repository/Kullanici_Islemleri/KullaniciIslemleri' located by 'By.cssSelector: .dropdown>a>img' in '10' second(s)

2021-10-21 14:14:21 - [MESSAGE][PASSED] - Object 'Object Repository/Kullanici_Islemleri/KullaniciIslemleri' is clickable

2021-10-21 14:14:21 - [TEST_STEP][PASSED] - click(findTestObject("Object Repository/Kullanici_Islemleri/KullaniciIslemleri")): Object: 'Object Repository/Kullanici_Islemleri/KullaniciIslemleri' is clicked on

2021-10-21 14:14:21 - [MESSAGE][INFO] - Finding Test Object 'Object Repository/Kullanici_Islemleri/KullaniciIslemleri'

2021-10-21 14:14:21 - [MESSAGE][INFO] - Checking object

2021-10-21 14:14:21 - [MESSAGE][INFO] - Finding web element from Test Object's properties

2021-10-21 14:14:21 - [MESSAGE][INFO] - Checking timeout

2021-10-21 14:14:21 - [MESSAGE][INFO] - Finding web element with id: 'Object Repository/Kullanici_Islemleri/KullaniciIslemleri' located by 'By.cssSelector: .dropdown>a>img' in '30' second(s)

2021-10-21 14:14:21 - [MESSAGE][INFO] - Smart Wait Function is triggered

2021-10-21 14:14:21 - [MESSAGE][INFO] - Found 1 web elements with id: 'Object Repository/Kullanici_Islemleri/KullaniciIslemleri' located by 'By.cssSelector: .dropdown>a>img' in '30' second(s)

2021-10-21 14:14:21 - [MESSAGE][INFO] - Clicking on object: 'Object Repository/Kullanici_Islemleri/KullaniciIslemleri'

2021-10-21 14:14:21 - [MESSAGE][PASSED] - Object: 'Object Repository/Kullanici_Islemleri/KullaniciIslemleri' is clicked on

2021-10-21 14:14:21 - [TEST_STEP][PASSED] - Method.TextDegerineEsitElementeTikla(findTestObject("Object Repository/Kullanici_Islemleri/Secenekler"), Islem): Method.TextDegerineEsitElementeTikla is PASSED

2021-10-21 14:14:21 - [MESSAGE][INFO] - Finding Test Object 'Object Repository/Kullanici_Islemleri/Secenekler'

2021-10-21 14:14:21 - [MESSAGE][INFO] - Checking timeout

2021-10-21 14:14:21 - [MESSAGE][INFO] - Finding web element with id: 'Object Repository/Kullanici_Islemleri/Secenekler' located by 'By.cssSelector: .nav.navbar-nav.navbar-right li a' in '10' second(s)

2021-10-21 14:14:21 - [MESSAGE][INFO] - Smart Wait Function is triggered

2021-10-21 14:14:21 - [MESSAGE][INFO] - Found 22 web elements with id: 'Object Repository/Kullanici_Islemleri/Secenekler' located by 'By.cssSelector: .nav.navbar-nav.navbar-right li a' in '10' second(s)

2021-10-21 14:14:23 - [MESSAGE][PASSED] - Method.TextDegerineEsitElementeTikla is PASSED

2021-10-21 14:14:23 - [TEST_STEP][PASSED] - verifyElementNotPresent(findTestObject("Object Repository/Kullanici_Islemleri/Secenekler"), 10): Web element with id: 'Object Repository/Kullanici_Islemleri/Secenekler' located by 'By.cssSelector: .nav.navbar-nav.navbar-right li a' is not present after '10' second(s)

2021-10-21 14:14:23 - [MESSAGE][INFO] - Finding Test Object 'Object Repository/Kullanici_Islemleri/Secenekler'

2021-10-21 14:14:23 - [MESSAGE][INFO] - Checking object

2021-10-21 14:14:23 - [MESSAGE][INFO] - Checking timeout

2021-10-21 14:14:23 - [MESSAGE][INFO] - Finding web element with id: 'Object Repository/Kullanici_Islemleri/Secenekler' located by 'By.cssSelector: .nav.navbar-nav.navbar-right li a' in '10' second(s)

2021-10-21 14:14:23 - [MESSAGE][INFO] - Smart Wait Function is triggered

2021-10-21 14:14:24 - [MESSAGE][PASSED] - Web element with id: 'Object Repository/Kullanici_Islemleri/Secenekler' located by 'By.cssSelector: .nav.navbar-nav.navbar-right li a' is not present after '10' second(s)

2021-10-21 14:14:24 - [MESSAGE][PASSED] - Call Test Case 'Test Cases/Kullanici_Islemleri/KullaniciIslemlerindenSecimYapilir' successfully

2021-10-21 14:14:24 - [TEST_CASE][PASSED] - Start Test Case : SCENARIO e-Mustahsil Makbuzu Olusturma Buton Kontrolu: SCENARIO e-Mustahsil Makbuzu Olusturma Buton Kontrolu

2021-10-21 14:14:24 - [TEST_STEP][PASSED] - Kullanıcı adı ELOGO6 ve Şifre 123456 olarak giriş yapılır: Kullanıcı adı ELOGO6 ve Şifre 123456 olarak giriş yapılır

2021-10-21 14:14:24 - [MESSAGE][PASSED] - Kullanıcı adı ELOGO6 ve Şifre 123456 olarak giriş yapılır

2021-10-21 14:14:24 - [TEST_STEP][PASSED] - Ana menüden e-Makbuz seçilir: Ana menüden e-Makbuz seçilir

2021-10-21 14:14:24 - [MESSAGE][PASSED] - Ana menüden e-Makbuz seçilir

2021-10-21 14:14:24 - [TEST_STEP][PASSED] - Alt menü e-Müstahsil Uygulaması başlığı altındaki e-Müstahsil Makbuzu Oluşturma seçilir: Alt menü e-Müstahsil Uygulaması başlığı altındaki e-Müstahsil Makbuzu Oluşturma seçilir

2021-10-21 14:14:24 - [MESSAGE][PASSED] - Alt menü e-Müstahsil Uygulaması başlığı altındaki e-Müstahsil Makbuzu Oluşturma seçilir

2021-10-21 14:14:24 - [TEST_STEP][PASSED] - Filtre alanlarında Durumu var mı: Filtre alanlarında Durumu var mı

2021-10-21 14:14:24 - [MESSAGE][PASSED] - Filtre alanlarında Durumu var mı

2021-10-21 14:14:24 - [TEST_STEP][PASSED] - Filtre alanlarında Oluşturma Tarihi var mı: Filtre alanlarında Oluşturma Tarihi var mı

2021-10-21 14:14:24 - [MESSAGE][PASSED] - Filtre alanlarında Oluşturma Tarihi var mı

2021-10-21 14:14:24 - [TEST_STEP][PASSED] - Filtre alanlarında Toplam Tutar var mı: Filtre alanlarında Toplam Tutar var mı

2021-10-21 14:14:24 - [MESSAGE][PASSED] - Filtre alanlarında Toplam Tutar var mı

2021-10-21 14:14:24 - [TEST_STEP][PASSED] - Filtre alanlarında Alıcı Unvan var mı: Filtre alanlarında Alıcı Unvan var mı

2021-10-21 14:14:24 - [MESSAGE][PASSED] - Filtre alanlarında Alıcı Unvan var mı

2021-10-21 14:14:24 - [TEST_STEP][PASSED] - Filtre alanlarında Makbuz Tarihi var mı: Filtre alanlarında Makbuz Tarihi var mı

2021-10-21 14:14:24 - [MESSAGE][PASSED] - Filtre alanlarında Makbuz Tarihi var mı

2021-10-21 14:14:24 - [TEST_STEP][PASSED] - Filtre alanlarında Makbuz No var mı: Filtre alanlarında Makbuz No var mı

2021-10-21 14:14:24 - [MESSAGE][PASSED] - Filtre alanlarında Makbuz No var mı

2021-10-21 14:14:24 - [TEST_STEP][PASSED] - Filtre alanlarında Makbuz ETTN var mı: Filtre alanlarında Makbuz ETTN var mı

2021-10-21 14:14:24 - [MESSAGE][PASSED] - Filtre alanlarında Makbuz ETTN var mı

2021-10-21 14:14:24 - [TEST_STEP][PASSED] - Filtre butonlarında Listele var mı: Filtre butonlarında Listele var mı

2021-10-21 14:14:24 - [MESSAGE][PASSED] - Filtre butonlarında Listele var mı

2021-10-21 14:14:24 - [TEST_STEP][PASSED] - Filtre butonlarında Temizle var mı: Filtre butonlarında Temizle var mı

2021-10-21 14:14:24 - [MESSAGE][PASSED] - Filtre butonlarında Temizle var mı

2021-10-21 14:14:24 - [TEST_STEP][PASSED] - Butonlardan Ekle var mı: Butonlardan Ekle var mı

2021-10-21 14:14:24 - [MESSAGE][PASSED] - Butonlardan Ekle var mı

2021-10-21 14:14:24 - [TEST_STEP][PASSED] - Butonlardan Numara Oluştur var mı: Butonlardan Numara Oluştur var mı

2021-10-21 14:14:24 - [MESSAGE][PASSED] - Butonlardan Numara Oluştur var mı

2021-10-21 14:14:24 - [TEST_STEP][PASSED] - Butonlardan Gönder var mı: Butonlardan Gönder var mı

2021-10-21 14:14:24 - [MESSAGE][PASSED] - Butonlardan Gönder var mı

2021-10-21 14:14:24 - [TEST_STEP][PASSED] - Butonlardan Değiştir var mı: Butonlardan Değiştir var mı

2021-10-21 14:14:24 - [MESSAGE][PASSED] - Butonlardan Değiştir var mı

2021-10-21 14:14:24 - [TEST_STEP][PASSED] - Butonlardan Göster var mı: Butonlardan Göster var mı

2021-10-21 14:14:24 - [MESSAGE][PASSED] - Butonlardan Göster var mı

2021-10-21 14:14:24 - [TEST_STEP][PASSED] - Butonlardan UBL var mı: Butonlardan UBL var mı

2021-10-21 14:14:24 - [MESSAGE][PASSED] - Butonlardan UBL var mı

2021-10-21 14:14:24 - [TEST_STEP][PASSED] - Butonlardan Sil var mı: Butonlardan Sil var mı

2021-10-21 14:14:24 - [MESSAGE][PASSED] - Butonlardan Sil var mı

2021-10-21 14:14:24 - [TEST_STEP][PASSED] - Kullanıcı işlemlerinden Çıkış seçilir: Kullanıcı işlemlerinden Çıkış seçilir

2021-10-21 14:14:24 - [MESSAGE][PASSED] - Kullanıcı işlemlerinden Çıkış seçilir

2021-10-21 14:14:24 - [MESSAGE][PASSED] - Feature file: 'Include/features/e-Makbuz/e-Mustahsil Uygulamasi/e-Mustahsil Makbuzu Olusturma/Ekran Kontrolu.feature' was passed

2021-10-21 14:14:24 - [TEST_STEP][PASSED] - Start listener action : sampleAfterTestSuite: Invoke 'com.kms.katalon.core.annotation.AfterTestCase' method: 'Listener.sampleAfterTestSuite(...)' completed.

2021-10-21 14:14:24 - [MESSAGE][INFO] - Starting invoke 'com.kms.katalon.core.annotation.AfterTestCase' method: 'Listener.sampleAfterTestSuite(...)'

2021-10-21 14:14:24 - [TEST_STEP][PASSED] - closeBrowser(): Invoke 'com.kms.katalon.core.annotation.AfterTestCase' method: 'Listener.sampleAfterTestSuite(...)' completed.

2021-10-21 14:14:24 - [MESSAGE][INFO] - Closing browser

2021-10-21 14:14:24 - [MESSAGE][PASSED] - Browser is closed

2021-10-21 14:14:24 - [MESSAGE][INFO] - Invoke 'com.kms.katalon.core.annotation.AfterTestCase' method: 'Listener.sampleAfterTestSuite(...)' completed.]]></system-out>
         <system-err><![CDATA[]]></system-err>
      </testcase>
      <testcase name="Test Cases/Case Repository/e-Makbuz/e-Mustahsil Uygulamasi/e-Mustahsil Makbuzu Raporlari/Ekran Kontrolu" time="41.225" classname="Test Cases/Case Repository/e-Makbuz/e-Mustahsil Uygulamasi/e-Mustahsil Makbuzu Raporlari/Ekran Kontrolu" status="PASSED">
         <system-out><![CDATA[2021-10-21 14:14:24 - [TEST_CASE][PASSED] - Test Cases/Case Repository/e-Makbuz/e-Mustahsil Uygulamasi/e-Mustahsil Makbuzu Raporlari/Ekran Kontrolu: Test Cases/Case Repository/e-Makbuz/e-Mustahsil Uygulamasi/e-Mustahsil Makbuzu Raporlari/Ekran Kontrolu

2021-10-21 14:14:24 - [TEST_STEP][PASSED] - Start listener action : sampleBeforeTestSuite: Invoke 'com.kms.katalon.core.annotation.BeforeTestCase' method: 'Listener.sampleBeforeTestSuite(...)' completed.

2021-10-21 14:14:24 - [MESSAGE][INFO] - Starting invoke 'com.kms.katalon.core.annotation.BeforeTestCase' method: 'Listener.sampleBeforeTestSuite(...)'

2021-10-21 14:14:24 - [TEST_STEP][PASSED] - openBrowser(baseUrl): Browser is opened with url: 'https://efatura-stage.elogo.com.tr/'

2021-10-21 14:14:24 - [MESSAGE][INFO] - Opening browser

2021-10-21 14:14:24 - [MESSAGE][INFO] - Starting 'Chrome' driver

2021-10-21 14:14:24 - [MESSAGE][INFO] - User set preference: ['prefs', '{download.default_directory=C:\otomasyondownfiles}']

2021-10-21 14:14:24 - [MESSAGE][INFO] - Action delay is set to 0 milliseconds

2021-10-21 14:14:26 - [MESSAGE][INFO] - Navigating browser to: 'https://efatura-stage.elogo.com.tr/'

2021-10-21 14:14:29 - [MESSAGE][PASSED] - Browser is opened with url: 'https://efatura-stage.elogo.com.tr/'

2021-10-21 14:14:29 - [TEST_STEP][PASSED] - maximizeWindow(): Invoke 'com.kms.katalon.core.annotation.BeforeTestCase' method: 'Listener.sampleBeforeTestSuite(...)' completed.

2021-10-21 14:14:29 - [MESSAGE][INFO] - Maximizing current window

2021-10-21 14:14:29 - [MESSAGE][PASSED] - Current window maximized

2021-10-21 14:14:29 - [MESSAGE][INFO] - Invoke 'com.kms.katalon.core.annotation.BeforeTestCase' method: 'Listener.sampleBeforeTestSuite(...)' completed.

2021-10-21 14:14:30 - [TEST_STEP][PASSED] - runFeatureFile("Include/features/e-Makbuz/e-Mustahsil Uygulamasi/e-Mustahsil Makbuzu Raporlari/Ekran Kontrolu.feature"): Feature file: 'Include/features/e-Makbuz/e-Mustahsil Uygulamasi/e-Mustahsil Makbuzu Raporlari/Ekran Kontrolu.feature' was passed

2021-10-21 14:14:30 - [MESSAGE][INFO] - Starting run keyword runFeatureFile: 'Include/features/e-Makbuz/e-Mustahsil Uygulamasi/e-Mustahsil Makbuzu Raporlari/Ekran Kontrolu.feature' and extract report to folder: 'C:\Users\DELL\Downloads\EES_Katalon-main\Reports\20211021_140437\Suite Repository\e-Makbuz\20211021_140511/cucumber_report/1634814870100'...

2021-10-21 14:14:30 - [MESSAGE][INFO] - Glue: []

2021-10-21 14:14:30 - [MESSAGE][INFO] - Checking called Test Case

2021-10-21 14:14:30 - [MESSAGE][INFO] - Starting to call Test Case 'Test Cases/Sayfalar/Giris_Sayfasi/Login'

2021-10-21 14:14:31 - [TEST_CASE][PASSED] - Test Cases/Sayfalar/Giris_Sayfasi/Login: Test Cases/Sayfalar/Giris_Sayfasi/Login

2021-10-21 14:14:31 - [TEST_STEP][PASSED] - Sayfa_Basligi = getWindowTitle(): Current window's title is: 'LOGO e-Fatura'

2021-10-21 14:14:31 - [MESSAGE][INFO] - Getting current window's title

2021-10-21 14:14:31 - [MESSAGE][PASSED] - Current window's title is: 'LOGO e-Fatura'

2021-10-21 14:14:31 - [TEST_STEP][PASSED] - verifyMatch(Sayfa_Basligi, "LOGO e-Fatura", false): Actual text 'LOGO e-Fatura' and expected text 'LOGO e-Fatura' are matched 

2021-10-21 14:14:31 - [MESSAGE][INFO] - Matching actual text 'LOGO e-Fatura' with expected text 'LOGO e-Fatura'

2021-10-21 14:14:31 - [MESSAGE][PASSED] - Actual text 'LOGO e-Fatura' and expected text 'LOGO e-Fatura' are matched 

2021-10-21 14:14:31 - [TEST_STEP][PASSED] - sendKeys(findTestObject("Sayfalar/Giris_Sayfasi/Firma_Kodu"), KullaniciAdi): Keys 'ELOGO6' sent to object: 'Object Repository/Sayfalar/Giris_Sayfasi/Firma_Kodu'

2021-10-21 14:14:31 - [MESSAGE][INFO] - Finding Test Object 'Object Repository/Sayfalar/Giris_Sayfasi/Firma_Kodu'

2021-10-21 14:14:31 - [MESSAGE][INFO] - Sending keys 'ELOGO6' to object: 'Object Repository/Sayfalar/Giris_Sayfasi/Firma_Kodu'

2021-10-21 14:14:31 - [MESSAGE][INFO] - Finding web element from Test Object's properties

2021-10-21 14:14:31 - [MESSAGE][INFO] - Checking timeout

2021-10-21 14:14:31 - [MESSAGE][INFO] - Finding web element with id: 'Object Repository/Sayfalar/Giris_Sayfasi/Firma_Kodu' located by 'By.xpath: //*[@id = 'AccountName']' in '30' second(s)

2021-10-21 14:14:31 - [MESSAGE][INFO] - Smart Wait Function is triggered

2021-10-21 14:14:31 - [MESSAGE][INFO] - Found 1 web elements with id: 'Object Repository/Sayfalar/Giris_Sayfasi/Firma_Kodu' located by 'By.xpath: //*[@id = 'AccountName']' in '30' second(s)

2021-10-21 14:14:31 - [MESSAGE][PASSED] - Keys 'ELOGO6' sent to object: 'Object Repository/Sayfalar/Giris_Sayfasi/Firma_Kodu'

2021-10-21 14:14:31 - [TEST_STEP][PASSED] - sendKeys(findTestObject("Sayfalar/Giris_Sayfasi/Sifre"), Sifre): Keys '123456' sent to object: 'Object Repository/Sayfalar/Giris_Sayfasi/Sifre'

2021-10-21 14:14:31 - [MESSAGE][INFO] - Finding Test Object 'Object Repository/Sayfalar/Giris_Sayfasi/Sifre'

2021-10-21 14:14:31 - [MESSAGE][INFO] - Sending keys '123456' to object: 'Object Repository/Sayfalar/Giris_Sayfasi/Sifre'

2021-10-21 14:14:31 - [MESSAGE][INFO] - Finding web element from Test Object's properties

2021-10-21 14:14:31 - [MESSAGE][INFO] - Checking timeout

2021-10-21 14:14:31 - [MESSAGE][INFO] - Finding web element with id: 'Object Repository/Sayfalar/Giris_Sayfasi/Sifre' located by 'By.xpath: //*[@id = 'Password']' in '30' second(s)

2021-10-21 14:14:31 - [MESSAGE][INFO] - Smart Wait Function is triggered

2021-10-21 14:14:31 - [MESSAGE][INFO] - Found 1 web elements with id: 'Object Repository/Sayfalar/Giris_Sayfasi/Sifre' located by 'By.xpath: //*[@id = 'Password']' in '30' second(s)

2021-10-21 14:14:31 - [MESSAGE][PASSED] - Keys '123456' sent to object: 'Object Repository/Sayfalar/Giris_Sayfasi/Sifre'

2021-10-21 14:14:31 - [TEST_STEP][PASSED] - findWebElement(findTestObject("Sayfalar/Giris_Sayfasi/Giris_Butonu")).click(): Found 1 web elements with id: 'Object Repository/Sayfalar/Giris_Sayfasi/Giris_Butonu' located by 'By.cssSelector: #btnLogin' in '30' second(s)

2021-10-21 14:14:31 - [MESSAGE][INFO] - Finding Test Object 'Object Repository/Sayfalar/Giris_Sayfasi/Giris_Butonu'

2021-10-21 14:14:31 - [MESSAGE][INFO] - Finding web element from Test Object's properties

2021-10-21 14:14:31 - [MESSAGE][INFO] - Checking timeout

2021-10-21 14:14:31 - [MESSAGE][INFO] - Finding web element with id: 'Object Repository/Sayfalar/Giris_Sayfasi/Giris_Butonu' located by 'By.cssSelector: #btnLogin' in '30' second(s)

2021-10-21 14:14:31 - [MESSAGE][INFO] - Smart Wait Function is triggered

2021-10-21 14:14:32 - [MESSAGE][INFO] - Found 1 web elements with id: 'Object Repository/Sayfalar/Giris_Sayfasi/Giris_Butonu' located by 'By.cssSelector: #btnLogin' in '30' second(s)

2021-10-21 14:14:34 - [TEST_STEP][PASSED] - if (verifyElementPresent(findTestObject("Object Repository/Sayfalar/Giris_Sayfasi/RetveTamam_Butonu"), 5, OPTIONAL)): null

2021-10-21 14:14:34 - [MESSAGE][INFO] - Finding Test Object 'Object Repository/Sayfalar/Giris_Sayfasi/RetveTamam_Butonu'

2021-10-21 14:14:34 - [MESSAGE][INFO] - Checking object

2021-10-21 14:14:34 - [MESSAGE][INFO] - Finding web element from Test Object's properties

2021-10-21 14:14:34 - [MESSAGE][INFO] - Checking timeout

2021-10-21 14:14:34 - [MESSAGE][INFO] - Finding web element with id: 'Object Repository/Sayfalar/Giris_Sayfasi/RetveTamam_Butonu' located by 'By.xpath: //*[@class = 'btn btn-default']' in '5' second(s)

2021-10-21 14:14:34 - [MESSAGE][INFO] - Smart Wait Function is triggered

2021-10-21 14:14:35 - [MESSAGE][INFO] - Found 1 web elements with id: 'Object Repository/Sayfalar/Giris_Sayfasi/RetveTamam_Butonu' located by 'By.xpath: //*[@class = 'btn btn-default']' in '5' second(s)

2021-10-21 14:14:35 - [MESSAGE][PASSED] - Object 'Object Repository/Sayfalar/Giris_Sayfasi/RetveTamam_Butonu' is present

2021-10-21 14:14:35 - [TEST_STEP][PASSED] - click(findTestObject("Object Repository/Sayfalar/Giris_Sayfasi/RetveTamam_Butonu")): Object: 'Object Repository/Sayfalar/Giris_Sayfasi/RetveTamam_Butonu' is clicked on

2021-10-21 14:14:35 - [MESSAGE][INFO] - Finding Test Object 'Object Repository/Sayfalar/Giris_Sayfasi/RetveTamam_Butonu'

2021-10-21 14:14:35 - [MESSAGE][INFO] - Checking object

2021-10-21 14:14:35 - [MESSAGE][INFO] - Finding web element from Test Object's properties

2021-10-21 14:14:35 - [MESSAGE][INFO] - Checking timeout

2021-10-21 14:14:35 - [MESSAGE][INFO] - Finding web element with id: 'Object Repository/Sayfalar/Giris_Sayfasi/RetveTamam_Butonu' located by 'By.xpath: //*[@class = 'btn btn-default']' in '30' second(s)

2021-10-21 14:14:35 - [MESSAGE][INFO] - Smart Wait Function is triggered

2021-10-21 14:14:35 - [MESSAGE][INFO] - Found 1 web elements with id: 'Object Repository/Sayfalar/Giris_Sayfasi/RetveTamam_Butonu' located by 'By.xpath: //*[@class = 'btn btn-default']' in '30' second(s)

2021-10-21 14:14:35 - [MESSAGE][INFO] - Clicking on object: 'Object Repository/Sayfalar/Giris_Sayfasi/RetveTamam_Butonu'

2021-10-21 14:14:35 - [MESSAGE][PASSED] - Object: 'Object Repository/Sayfalar/Giris_Sayfasi/RetveTamam_Butonu' is clicked on

2021-10-21 14:14:35 - [TEST_STEP][PASSED] - click(findTestObject("Object Repository/Sayfalar/Giris_Sayfasi/RetveTamam_Butonu")): Object: 'Object Repository/Sayfalar/Giris_Sayfasi/RetveTamam_Butonu' is clicked on

2021-10-21 14:14:35 - [MESSAGE][INFO] - Finding Test Object 'Object Repository/Sayfalar/Giris_Sayfasi/RetveTamam_Butonu'

2021-10-21 14:14:35 - [MESSAGE][INFO] - Checking object

2021-10-21 14:14:35 - [MESSAGE][INFO] - Finding web element from Test Object's properties

2021-10-21 14:14:35 - [MESSAGE][INFO] - Checking timeout

2021-10-21 14:14:35 - [MESSAGE][INFO] - Finding web element with id: 'Object Repository/Sayfalar/Giris_Sayfasi/RetveTamam_Butonu' located by 'By.xpath: //*[@class = 'btn btn-default']' in '30' second(s)

2021-10-21 14:14:35 - [MESSAGE][INFO] - Smart Wait Function is triggered

2021-10-21 14:14:38 - [MESSAGE][INFO] - Found 1 web elements with id: 'Object Repository/Sayfalar/Giris_Sayfasi/RetveTamam_Butonu' located by 'By.xpath: //*[@class = 'btn btn-default']' in '30' second(s)

2021-10-21 14:14:38 - [MESSAGE][INFO] - Clicking on object: 'Object Repository/Sayfalar/Giris_Sayfasi/RetveTamam_Butonu'

2021-10-21 14:14:38 - [MESSAGE][PASSED] - Object: 'Object Repository/Sayfalar/Giris_Sayfasi/RetveTamam_Butonu' is clicked on

2021-10-21 14:14:38 - [TEST_STEP][PASSED] - if (verifyElementPresent(findTestObject("Sayfalar/Giris_Sayfasi/PopupOK"), 5, OPTIONAL)): null

2021-10-21 14:14:38 - [MESSAGE][INFO] - Finding Test Object 'Object Repository/Sayfalar/Giris_Sayfasi/PopupOK'

2021-10-21 14:14:38 - [MESSAGE][INFO] - Checking object

2021-10-21 14:14:38 - [MESSAGE][INFO] - Finding web element from Test Object's properties

2021-10-21 14:14:38 - [MESSAGE][INFO] - Checking timeout

2021-10-21 14:14:38 - [MESSAGE][INFO] - Finding web element with id: 'Object Repository/Sayfalar/Giris_Sayfasi/PopupOK' located by 'By.cssSelector: .btn.btn-success' in '5' second(s)

2021-10-21 14:14:38 - [MESSAGE][INFO] - Smart Wait Function is triggered

2021-10-21 14:14:39 - [MESSAGE][INFO] - Found 1 web elements with id: 'Object Repository/Sayfalar/Giris_Sayfasi/PopupOK' located by 'By.cssSelector: .btn.btn-success' in '5' second(s)

2021-10-21 14:14:39 - [MESSAGE][PASSED] - Object 'Object Repository/Sayfalar/Giris_Sayfasi/PopupOK' is present

2021-10-21 14:14:39 - [TEST_STEP][PASSED] - click(findTestObject("Object Repository/Sayfalar/Giris_Sayfasi/PopupCarpiGiris")): Object: 'Object Repository/Sayfalar/Giris_Sayfasi/PopupCarpiGiris' is clicked on

2021-10-21 14:14:39 - [MESSAGE][INFO] - Finding Test Object 'Object Repository/Sayfalar/Giris_Sayfasi/PopupCarpiGiris'

2021-10-21 14:14:39 - [MESSAGE][INFO] - Checking object

2021-10-21 14:14:39 - [MESSAGE][INFO] - Finding web element from Test Object's properties

2021-10-21 14:14:39 - [MESSAGE][INFO] - Checking timeout

2021-10-21 14:14:39 - [MESSAGE][INFO] - Finding web element with id: 'Object Repository/Sayfalar/Giris_Sayfasi/PopupCarpiGiris' located by 'By.cssSelector: .bootbox-close-button.close' in '30' second(s)

2021-10-21 14:14:39 - [MESSAGE][INFO] - Smart Wait Function is triggered

2021-10-21 14:14:40 - [MESSAGE][INFO] - Found 1 web elements with id: 'Object Repository/Sayfalar/Giris_Sayfasi/PopupCarpiGiris' located by 'By.cssSelector: .bootbox-close-button.close' in '30' second(s)

2021-10-21 14:14:40 - [MESSAGE][INFO] - Clicking on object: 'Object Repository/Sayfalar/Giris_Sayfasi/PopupCarpiGiris'

2021-10-21 14:14:40 - [MESSAGE][PASSED] - Object: 'Object Repository/Sayfalar/Giris_Sayfasi/PopupCarpiGiris' is clicked on

2021-10-21 14:14:40 - [TEST_STEP][PASSED] - verifyElementVisible(findTestObject("Object Repository/Kullanici_Islemleri/KullaniciIslemleri")): Object 'Object Repository/Kullanici_Islemleri/KullaniciIslemleri' is visible

2021-10-21 14:14:40 - [MESSAGE][INFO] - Finding Test Object 'Object Repository/Kullanici_Islemleri/KullaniciIslemleri'

2021-10-21 14:14:40 - [MESSAGE][INFO] - Checking object

2021-10-21 14:14:40 - [MESSAGE][INFO] - Finding web element from Test Object's properties

2021-10-21 14:14:40 - [MESSAGE][INFO] - Checking timeout

2021-10-21 14:14:40 - [MESSAGE][INFO] - Finding web element with id: 'Object Repository/Kullanici_Islemleri/KullaniciIslemleri' located by 'By.cssSelector: .dropdown>a>img' in '30' second(s)

2021-10-21 14:14:40 - [MESSAGE][INFO] - Smart Wait Function is triggered

2021-10-21 14:14:40 - [MESSAGE][INFO] - Found 1 web elements with id: 'Object Repository/Kullanici_Islemleri/KullaniciIslemleri' located by 'By.cssSelector: .dropdown>a>img' in '30' second(s)

2021-10-21 14:14:40 - [MESSAGE][PASSED] - Object 'Object Repository/Kullanici_Islemleri/KullaniciIslemleri' is visible

2021-10-21 14:14:40 - [MESSAGE][PASSED] - Call Test Case 'Test Cases/Sayfalar/Giris_Sayfasi/Login' successfully

2021-10-21 14:14:40 - [MESSAGE][INFO] - Checking called Test Case

2021-10-21 14:14:40 - [MESSAGE][INFO] - Starting to call Test Case 'Test Cases/Menu/AnaMenuSecimi'

2021-10-21 14:14:41 - [TEST_CASE][PASSED] - Test Cases/Menu/AnaMenuSecimi: Test Cases/Menu/AnaMenuSecimi

2021-10-21 14:14:41 - [TEST_STEP][PASSED] - Method.TextDegerineEsitElementeTikla(findTestObject("Menu/Ana_Menu"), Ana_Menu): Method.TextDegerineEsitElementeTikla is PASSED

2021-10-21 14:14:41 - [MESSAGE][INFO] - Finding Test Object 'Object Repository/Menu/Ana_Menu'

2021-10-21 14:14:41 - [MESSAGE][INFO] - Checking timeout

2021-10-21 14:14:41 - [MESSAGE][INFO] - Finding web element with id: 'Object Repository/Menu/Ana_Menu' located by 'By.xpath: //*[@class = 'dropdown-toggle']' in '10' second(s)

2021-10-21 14:14:41 - [MESSAGE][INFO] - Smart Wait Function is triggered

2021-10-21 14:14:41 - [MESSAGE][INFO] - Found 14 web elements with id: 'Object Repository/Menu/Ana_Menu' located by 'By.xpath: //*[@class = 'dropdown-toggle']' in '10' second(s)

2021-10-21 14:14:41 - [MESSAGE][PASSED] - Method.TextDegerineEsitElementeTikla is PASSED

2021-10-21 14:14:41 - [MESSAGE][PASSED] - Call Test Case 'Test Cases/Menu/AnaMenuSecimi' successfully

2021-10-21 14:14:41 - [MESSAGE][INFO] - Checking called Test Case

2021-10-21 14:14:41 - [MESSAGE][INFO] - Starting to call Test Case 'Test Cases/Menu/BasligaGoreAltMenuSecimi'

2021-10-21 14:14:41 - [TEST_CASE][PASSED] - Test Cases/Menu/BasligaGoreAltMenuSecimi: Test Cases/Menu/BasligaGoreAltMenuSecimi

2021-10-21 14:14:41 - [TEST_STEP][PASSED] - Method.TextDegerineEsitElementinAltindakiTextDegerineEsitOlanaTikla(findTestObject("Menu/Menu_Basligi"), findTestObject("Menu/Basliga_Gore_Alt_Menu"), Baslik, Alt_Menu): Method.TextDegerineEsitElementinAltindakiTextDegerineEsitOlanaTikla is PASSED

2021-10-21 14:14:41 - [MESSAGE][INFO] - Finding Test Object 'Object Repository/Menu/Menu_Basligi'

2021-10-21 14:14:41 - [MESSAGE][INFO] - Finding Test Object 'Object Repository/Menu/Basliga_Gore_Alt_Menu'

2021-10-21 14:14:41 - [MESSAGE][INFO] - Checking timeout

2021-10-21 14:14:41 - [MESSAGE][INFO] - Finding web element with id: 'Object Repository/Menu/Menu_Basligi' located by 'By.xpath: //li[@class='dropdown dropdown-large open']//li[@class='dropdown-header']' in '10' second(s)

2021-10-21 14:14:41 - [MESSAGE][INFO] - Smart Wait Function is triggered

2021-10-21 14:14:42 - [MESSAGE][INFO] - Found 2 web elements with id: 'Object Repository/Menu/Menu_Basligi' located by 'By.xpath: //li[@class='dropdown dropdown-large open']//li[@class='dropdown-header']' in '10' second(s)

2021-10-21 14:14:42 - [MESSAGE][INFO] - Smart Wait Function is triggered

2021-10-21 14:14:44 - [MESSAGE][PASSED] - Method.TextDegerineEsitElementinAltindakiTextDegerineEsitOlanaTikla is PASSED

2021-10-21 14:14:44 - [MESSAGE][PASSED] - Call Test Case 'Test Cases/Menu/BasligaGoreAltMenuSecimi' successfully

2021-10-21 14:14:44 - [MESSAGE][INFO] - Checking called Test Case

2021-10-21 14:14:44 - [MESSAGE][INFO] - Starting to call Test Case 'Test Cases/Filtreler/DropdownSec'

2021-10-21 14:14:44 - [TEST_CASE][PASSED] - Test Cases/Filtreler/DropdownSec: Test Cases/Filtreler/DropdownSec

2021-10-21 14:14:45 - [TEST_STEP][PASSED] - Method.TextDegerineEsitElementinAltindakineTikla(findTestObject("Filtreler/Basliklar"), findTestObject("Filtreler/Basliga_Gore_Baslangic_Image"), Filtre_Adi): Method.TextDegerineEsitElementinAltindakineTikla is PASSED

2021-10-21 14:14:45 - [MESSAGE][INFO] - Finding Test Object 'Object Repository/Filtreler/Basliklar'

2021-10-21 14:14:45 - [MESSAGE][INFO] - Finding Test Object 'Object Repository/Filtreler/Basliga_Gore_Baslangic_Image'

2021-10-21 14:14:46 - [MESSAGE][INFO] - Checking timeout

2021-10-21 14:14:46 - [MESSAGE][INFO] - Finding web element with id: 'Object Repository/Filtreler/Basliklar' located by 'By.cssSelector: .control-label.col-sm-4.paddingMarginRLC' in '10' second(s)

2021-10-21 14:14:46 - [MESSAGE][INFO] - Smart Wait Function is triggered

2021-10-21 14:14:46 - [MESSAGE][INFO] - Found 5 web elements with id: 'Object Repository/Filtreler/Basliklar' located by 'By.cssSelector: .control-label.col-sm-4.paddingMarginRLC' in '10' second(s)

2021-10-21 14:14:46 - [MESSAGE][INFO] - Smart Wait Function is triggered

2021-10-21 14:14:46 - [MESSAGE][PASSED] - Method.TextDegerineEsitElementinAltindakineTikla is PASSED

2021-10-21 14:14:46 - [TEST_STEP][PASSED] - Method.TextDegerineEsitElementeTikla(findTestObject("Object Repository/Filtreler/Basliga_Gore_Dropdown"), Filtre_Degeri): Method.TextDegerineEsitElementeTikla is PASSED

2021-10-21 14:14:46 - [MESSAGE][INFO] - Finding Test Object 'Object Repository/Filtreler/Basliga_Gore_Dropdown'

2021-10-21 14:14:46 - [MESSAGE][INFO] - Checking timeout

2021-10-21 14:14:46 - [MESSAGE][INFO] - Finding web element with id: 'Object Repository/Filtreler/Basliga_Gore_Dropdown' located by 'By.xpath: //*[@class = 'dxeListBoxItemRow_LECustomTheme']' in '10' second(s)

2021-10-21 14:14:46 - [MESSAGE][INFO] - Smart Wait Function is triggered

2021-10-21 14:14:47 - [MESSAGE][INFO] - Found 58 web elements with id: 'Object Repository/Filtreler/Basliga_Gore_Dropdown' located by 'By.xpath: //*[@class = 'dxeListBoxItemRow_LECustomTheme']' in '10' second(s)

2021-10-21 14:14:47 - [MESSAGE][PASSED] - Method.TextDegerineEsitElementeTikla is PASSED

2021-10-21 14:14:47 - [MESSAGE][PASSED] - Call Test Case 'Test Cases/Filtreler/DropdownSec' successfully

2021-10-21 14:14:47 - [MESSAGE][INFO] - Checking called Test Case

2021-10-21 14:14:47 - [MESSAGE][INFO] - Starting to call Test Case 'Test Cases/Filtreler/BaslangicYaz'

2021-10-21 14:14:47 - [TEST_CASE][PASSED] - Test Cases/Filtreler/BaslangicYaz: Test Cases/Filtreler/BaslangicYaz

2021-10-21 14:14:47 - [TEST_STEP][PASSED] - Method.TextDegerineEsitElementinAltindakineTikla(findTestObject("Filtreler/Basliklar"), findTestObject("Filtreler/Basliga_Gore_Baslangic_Image"), Filtre_Adi): Method.TextDegerineEsitElementinAltindakineTikla is PASSED

2021-10-21 14:14:47 - [MESSAGE][INFO] - Finding Test Object 'Object Repository/Filtreler/Basliklar'

2021-10-21 14:14:47 - [MESSAGE][INFO] - Finding Test Object 'Object Repository/Filtreler/Basliga_Gore_Baslangic_Image'

2021-10-21 14:14:47 - [MESSAGE][INFO] - Checking timeout

2021-10-21 14:14:47 - [MESSAGE][INFO] - Finding web element with id: 'Object Repository/Filtreler/Basliklar' located by 'By.cssSelector: .control-label.col-sm-4.paddingMarginRLC' in '10' second(s)

2021-10-21 14:14:47 - [MESSAGE][INFO] - Smart Wait Function is triggered

2021-10-21 14:14:48 - [MESSAGE][INFO] - Found 5 web elements with id: 'Object Repository/Filtreler/Basliklar' located by 'By.cssSelector: .control-label.col-sm-4.paddingMarginRLC' in '10' second(s)

2021-10-21 14:14:48 - [MESSAGE][INFO] - Smart Wait Function is triggered

2021-10-21 14:14:48 - [MESSAGE][PASSED] - Method.TextDegerineEsitElementinAltindakineTikla is PASSED

2021-10-21 14:14:48 - [TEST_STEP][PASSED] - Method.TextDegerineEsitElementinAltindakiTextboxtaYaz(findTestObject("Filtreler/Basliklar"), findTestObject("Filtreler/Basliga_Gore_Baslangic"), Filtre_Adi, Filtre_Degeri): Method.TextDegerineEsitElementinAltindakiTextboxtaYaz is PASSED

2021-10-21 14:14:48 - [MESSAGE][INFO] - Finding Test Object 'Object Repository/Filtreler/Basliklar'

2021-10-21 14:14:48 - [MESSAGE][INFO] - Finding Test Object 'Object Repository/Filtreler/Basliga_Gore_Baslangic'

2021-10-21 14:14:48 - [MESSAGE][INFO] - Checking timeout

2021-10-21 14:14:48 - [MESSAGE][INFO] - Finding web element with id: 'Object Repository/Filtreler/Basliklar' located by 'By.cssSelector: .control-label.col-sm-4.paddingMarginRLC' in '10' second(s)

2021-10-21 14:14:48 - [MESSAGE][INFO] - Smart Wait Function is triggered

2021-10-21 14:14:48 - [MESSAGE][INFO] - Found 5 web elements with id: 'Object Repository/Filtreler/Basliklar' located by 'By.cssSelector: .control-label.col-sm-4.paddingMarginRLC' in '10' second(s)

2021-10-21 14:14:49 - [MESSAGE][INFO] - Smart Wait Function is triggered

2021-10-21 14:14:49 - [MESSAGE][PASSED] - Method.TextDegerineEsitElementinAltindakiTextboxtaYaz is PASSED

2021-10-21 14:14:49 - [MESSAGE][PASSED] - Call Test Case 'Test Cases/Filtreler/BaslangicYaz' successfully

2021-10-21 14:14:49 - [MESSAGE][INFO] - Checking called Test Case

2021-10-21 14:14:49 - [MESSAGE][INFO] - Starting to call Test Case 'Test Cases/Filtreler/BitisYaz'

2021-10-21 14:14:49 - [TEST_CASE][PASSED] - Test Cases/Filtreler/BitisYaz: Test Cases/Filtreler/BitisYaz

2021-10-21 14:14:49 - [TEST_STEP][PASSED] - Method.TextDegerineEsitElementinAltindakineTikla(findTestObject("Filtreler/Basliklar"), findTestObject("Filtreler/Basliga_Gore_Bitis_Image"), Filtre_Adi): Method.TextDegerineEsitElementinAltindakineTikla is PASSED

2021-10-21 14:14:49 - [MESSAGE][INFO] - Finding Test Object 'Object Repository/Filtreler/Basliklar'

2021-10-21 14:14:49 - [MESSAGE][INFO] - Finding Test Object 'Object Repository/Filtreler/Basliga_Gore_Bitis_Image'

2021-10-21 14:14:49 - [MESSAGE][INFO] - Checking timeout

2021-10-21 14:14:49 - [MESSAGE][INFO] - Finding web element with id: 'Object Repository/Filtreler/Basliklar' located by 'By.cssSelector: .control-label.col-sm-4.paddingMarginRLC' in '10' second(s)

2021-10-21 14:14:49 - [MESSAGE][INFO] - Smart Wait Function is triggered

2021-10-21 14:14:50 - [MESSAGE][INFO] - Found 5 web elements with id: 'Object Repository/Filtreler/Basliklar' located by 'By.cssSelector: .control-label.col-sm-4.paddingMarginRLC' in '10' second(s)

2021-10-21 14:14:50 - [MESSAGE][INFO] - Smart Wait Function is triggered

2021-10-21 14:14:50 - [MESSAGE][PASSED] - Method.TextDegerineEsitElementinAltindakineTikla is PASSED

2021-10-21 14:14:50 - [TEST_STEP][PASSED] - Method.TextDegerineEsitElementinAltindakiTextboxtaYaz(findTestObject("Filtreler/Basliklar"), findTestObject("Object Repository/Filtreler/Basliga_Gore_Bitis"), Filtre_Adi, Filtre_Degeri): Method.TextDegerineEsitElementinAltindakiTextboxtaYaz is PASSED

2021-10-21 14:14:50 - [MESSAGE][INFO] - Finding Test Object 'Object Repository/Filtreler/Basliklar'

2021-10-21 14:14:50 - [MESSAGE][INFO] - Finding Test Object 'Object Repository/Filtreler/Basliga_Gore_Bitis'

2021-10-21 14:14:50 - [MESSAGE][INFO] - Checking timeout

2021-10-21 14:14:50 - [MESSAGE][INFO] - Finding web element with id: 'Object Repository/Filtreler/Basliklar' located by 'By.cssSelector: .control-label.col-sm-4.paddingMarginRLC' in '10' second(s)

2021-10-21 14:14:50 - [MESSAGE][INFO] - Smart Wait Function is triggered

2021-10-21 14:14:50 - [MESSAGE][INFO] - Found 5 web elements with id: 'Object Repository/Filtreler/Basliklar' located by 'By.cssSelector: .control-label.col-sm-4.paddingMarginRLC' in '10' second(s)

2021-10-21 14:14:50 - [MESSAGE][INFO] - Smart Wait Function is triggered

2021-10-21 14:14:51 - [MESSAGE][PASSED] - Method.TextDegerineEsitElementinAltindakiTextboxtaYaz is PASSED

2021-10-21 14:14:51 - [MESSAGE][PASSED] - Call Test Case 'Test Cases/Filtreler/BitisYaz' successfully

2021-10-21 14:14:51 - [MESSAGE][INFO] - Checking called Test Case

2021-10-21 14:14:51 - [MESSAGE][INFO] - Starting to call Test Case 'Test Cases/Filtreler/ButonaTikla'

2021-10-21 14:14:51 - [TEST_CASE][PASSED] - Test Cases/Filtreler/ButonaTikla: Test Cases/Filtreler/ButonaTikla

2021-10-21 14:14:51 - [TEST_STEP][PASSED] - Method.TextDegerineEsitElementeTikla(findTestObject("Filtreler/Butonlar"), Filtre_Buton): Method.TextDegerineEsitElementeTikla is PASSED

2021-10-21 14:14:51 - [MESSAGE][INFO] - Finding Test Object 'Object Repository/Filtreler/Butonlar'

2021-10-21 14:14:51 - [MESSAGE][INFO] - Checking timeout

2021-10-21 14:14:51 - [MESSAGE][INFO] - Finding web element with id: 'Object Repository/Filtreler/Butonlar' located by 'By.cssSelector: .dxb>span' in '10' second(s)

2021-10-21 14:14:51 - [MESSAGE][INFO] - Smart Wait Function is triggered

2021-10-21 14:14:51 - [MESSAGE][INFO] - Found 3 web elements with id: 'Object Repository/Filtreler/Butonlar' located by 'By.cssSelector: .dxb>span' in '10' second(s)

2021-10-21 14:14:52 - [MESSAGE][PASSED] - Method.TextDegerineEsitElementeTikla is PASSED

2021-10-21 14:14:52 - [MESSAGE][PASSED] - Call Test Case 'Test Cases/Filtreler/ButonaTikla' successfully

2021-10-21 14:14:52 - [MESSAGE][INFO] - Checking called Test Case

2021-10-21 14:14:52 - [MESSAGE][INFO] - Starting to call Test Case 'Test Cases/Tablo/TablodakiVeriDetayi'

2021-10-21 14:14:52 - [TEST_CASE][PASSED] - Test Cases/Tablo/TablodakiVeriDetayi: Test Cases/Tablo/TablodakiVeriDetayi

2021-10-21 14:14:52 - [TEST_STEP][PASSED] - Method.TextDegerineEsitElementinAltindakineTikla(findTestObject("Tablo/Veriler"), findTestObject("Object Repository/Tablo/VerininArtiButonu"), Veri_Adi): Method.TextDegerineEsitElementinAltindakineTikla is PASSED

2021-10-21 14:14:52 - [MESSAGE][INFO] - Finding Test Object 'Object Repository/Tablo/Veriler'

2021-10-21 14:14:52 - [MESSAGE][INFO] - Finding Test Object 'Object Repository/Tablo/VerininArtiButonu'

2021-10-21 14:14:52 - [MESSAGE][INFO] - Checking timeout

2021-10-21 14:14:52 - [MESSAGE][INFO] - Finding web element with id: 'Object Repository/Tablo/Veriler' located by 'By.cssSelector: td.dxgv b ,td.dxgv' in '10' second(s)

2021-10-21 14:14:52 - [MESSAGE][INFO] - Smart Wait Function is triggered

2021-10-21 14:14:52 - [MESSAGE][INFO] - Found 130 web elements with id: 'Object Repository/Tablo/Veriler' located by 'By.cssSelector: td.dxgv b ,td.dxgv' in '10' second(s)

2021-10-21 14:14:52 - [MESSAGE][INFO] - Smart Wait Function is triggered

2021-10-21 14:14:53 - [MESSAGE][PASSED] - Method.TextDegerineEsitElementinAltindakineTikla is PASSED

2021-10-21 14:14:53 - [MESSAGE][PASSED] - Call Test Case 'Test Cases/Tablo/TablodakiVeriDetayi' successfully

2021-10-21 14:14:53 - [MESSAGE][INFO] - Checking called Test Case

2021-10-21 14:14:53 - [MESSAGE][INFO] - Starting to call Test Case 'Test Cases/Tablo/TablodakiVeriDetayi'

2021-10-21 14:14:53 - [TEST_CASE][PASSED] - Test Cases/Tablo/TablodakiVeriDetayi: Test Cases/Tablo/TablodakiVeriDetayi

2021-10-21 14:14:53 - [TEST_STEP][PASSED] - Method.TextDegerineEsitElementinAltindakineTikla(findTestObject("Tablo/Veriler"), findTestObject("Object Repository/Tablo/VerininArtiButonu"), Veri_Adi): Method.TextDegerineEsitElementinAltindakineTikla is PASSED

2021-10-21 14:14:53 - [MESSAGE][INFO] - Finding Test Object 'Object Repository/Tablo/Veriler'

2021-10-21 14:14:53 - [MESSAGE][INFO] - Finding Test Object 'Object Repository/Tablo/VerininArtiButonu'

2021-10-21 14:14:53 - [MESSAGE][INFO] - Checking timeout

2021-10-21 14:14:53 - [MESSAGE][INFO] - Finding web element with id: 'Object Repository/Tablo/Veriler' located by 'By.cssSelector: td.dxgv b ,td.dxgv' in '10' second(s)

2021-10-21 14:14:53 - [MESSAGE][INFO] - Smart Wait Function is triggered

2021-10-21 14:14:54 - [MESSAGE][INFO] - Found 132 web elements with id: 'Object Repository/Tablo/Veriler' located by 'By.cssSelector: td.dxgv b ,td.dxgv' in '10' second(s)

2021-10-21 14:14:54 - [MESSAGE][INFO] - Smart Wait Function is triggered

2021-10-21 14:14:54 - [MESSAGE][PASSED] - Method.TextDegerineEsitElementinAltindakineTikla is PASSED

2021-10-21 14:14:54 - [MESSAGE][PASSED] - Call Test Case 'Test Cases/Tablo/TablodakiVeriDetayi' successfully

2021-10-21 14:14:54 - [MESSAGE][INFO] - Checking called Test Case

2021-10-21 14:14:54 - [MESSAGE][INFO] - Starting to call Test Case 'Test Cases/Filtreler/FiltreVarMi'

2021-10-21 14:14:54 - [TEST_CASE][PASSED] - Test Cases/Filtreler/FiltreVarMi: Test Cases/Filtreler/FiltreVarMi

2021-10-21 14:14:54 - [TEST_STEP][PASSED] - Method.TextDegerineEsitElementVarMi(findTestObject("Filtreler/Basliklar"), Filtre_alan): Method.TextDegerineEsitElementVarMi is PASSED

2021-10-21 14:14:54 - [MESSAGE][INFO] - Finding Test Object 'Object Repository/Filtreler/Basliklar'

2021-10-21 14:14:54 - [MESSAGE][INFO] - Checking timeout

2021-10-21 14:14:54 - [MESSAGE][INFO] - Finding web element with id: 'Object Repository/Filtreler/Basliklar' located by 'By.cssSelector: .control-label.col-sm-4.paddingMarginRLC' in '10' second(s)

2021-10-21 14:14:54 - [MESSAGE][INFO] - Smart Wait Function is triggered

2021-10-21 14:14:55 - [MESSAGE][INFO] - Found 5 web elements with id: 'Object Repository/Filtreler/Basliklar' located by 'By.cssSelector: .control-label.col-sm-4.paddingMarginRLC' in '10' second(s)

2021-10-21 14:14:55 - [MESSAGE][PASSED] - Method.TextDegerineEsitElementVarMi is PASSED

2021-10-21 14:14:55 - [MESSAGE][PASSED] - Call Test Case 'Test Cases/Filtreler/FiltreVarMi' successfully

2021-10-21 14:14:55 - [MESSAGE][INFO] - Checking called Test Case

2021-10-21 14:14:55 - [MESSAGE][INFO] - Starting to call Test Case 'Test Cases/Filtreler/FiltreVarMi'

2021-10-21 14:14:55 - [TEST_CASE][PASSED] - Test Cases/Filtreler/FiltreVarMi: Test Cases/Filtreler/FiltreVarMi

2021-10-21 14:14:55 - [TEST_STEP][PASSED] - Method.TextDegerineEsitElementVarMi(findTestObject("Filtreler/Basliklar"), Filtre_alan): Method.TextDegerineEsitElementVarMi is PASSED

2021-10-21 14:14:55 - [MESSAGE][INFO] - Finding Test Object 'Object Repository/Filtreler/Basliklar'

2021-10-21 14:14:55 - [MESSAGE][INFO] - Checking timeout

2021-10-21 14:14:55 - [MESSAGE][INFO] - Finding web element with id: 'Object Repository/Filtreler/Basliklar' located by 'By.cssSelector: .control-label.col-sm-4.paddingMarginRLC' in '10' second(s)

2021-10-21 14:14:55 - [MESSAGE][INFO] - Smart Wait Function is triggered

2021-10-21 14:14:56 - [MESSAGE][INFO] - Found 5 web elements with id: 'Object Repository/Filtreler/Basliklar' located by 'By.cssSelector: .control-label.col-sm-4.paddingMarginRLC' in '10' second(s)

2021-10-21 14:14:56 - [MESSAGE][PASSED] - Method.TextDegerineEsitElementVarMi is PASSED

2021-10-21 14:14:56 - [MESSAGE][PASSED] - Call Test Case 'Test Cases/Filtreler/FiltreVarMi' successfully

2021-10-21 14:14:56 - [MESSAGE][INFO] - Checking called Test Case

2021-10-21 14:14:56 - [MESSAGE][INFO] - Starting to call Test Case 'Test Cases/Filtreler/FiltreVarMi'

2021-10-21 14:14:56 - [TEST_CASE][PASSED] - Test Cases/Filtreler/FiltreVarMi: Test Cases/Filtreler/FiltreVarMi

2021-10-21 14:14:56 - [TEST_STEP][PASSED] - Method.TextDegerineEsitElementVarMi(findTestObject("Filtreler/Basliklar"), Filtre_alan): Method.TextDegerineEsitElementVarMi is PASSED

2021-10-21 14:14:56 - [MESSAGE][INFO] - Finding Test Object 'Object Repository/Filtreler/Basliklar'

2021-10-21 14:14:56 - [MESSAGE][INFO] - Checking timeout

2021-10-21 14:14:56 - [MESSAGE][INFO] - Finding web element with id: 'Object Repository/Filtreler/Basliklar' located by 'By.cssSelector: .control-label.col-sm-4.paddingMarginRLC' in '10' second(s)

2021-10-21 14:14:56 - [MESSAGE][INFO] - Smart Wait Function is triggered

2021-10-21 14:14:56 - [MESSAGE][INFO] - Found 5 web elements with id: 'Object Repository/Filtreler/Basliklar' located by 'By.cssSelector: .control-label.col-sm-4.paddingMarginRLC' in '10' second(s)

2021-10-21 14:14:56 - [MESSAGE][PASSED] - Method.TextDegerineEsitElementVarMi is PASSED

2021-10-21 14:14:56 - [MESSAGE][PASSED] - Call Test Case 'Test Cases/Filtreler/FiltreVarMi' successfully

2021-10-21 14:14:56 - [MESSAGE][INFO] - Checking called Test Case

2021-10-21 14:14:56 - [MESSAGE][INFO] - Starting to call Test Case 'Test Cases/Filtreler/FiltreVarMi'

2021-10-21 14:14:56 - [TEST_CASE][PASSED] - Test Cases/Filtreler/FiltreVarMi: Test Cases/Filtreler/FiltreVarMi

2021-10-21 14:14:56 - [TEST_STEP][PASSED] - Method.TextDegerineEsitElementVarMi(findTestObject("Filtreler/Basliklar"), Filtre_alan): Method.TextDegerineEsitElementVarMi is PASSED

2021-10-21 14:14:56 - [MESSAGE][INFO] - Finding Test Object 'Object Repository/Filtreler/Basliklar'

2021-10-21 14:14:56 - [MESSAGE][INFO] - Checking timeout

2021-10-21 14:14:56 - [MESSAGE][INFO] - Finding web element with id: 'Object Repository/Filtreler/Basliklar' located by 'By.cssSelector: .control-label.col-sm-4.paddingMarginRLC' in '10' second(s)

2021-10-21 14:14:56 - [MESSAGE][INFO] - Smart Wait Function is triggered

2021-10-21 14:14:57 - [MESSAGE][INFO] - Found 5 web elements with id: 'Object Repository/Filtreler/Basliklar' located by 'By.cssSelector: .control-label.col-sm-4.paddingMarginRLC' in '10' second(s)

2021-10-21 14:14:57 - [MESSAGE][PASSED] - Method.TextDegerineEsitElementVarMi is PASSED

2021-10-21 14:14:57 - [MESSAGE][PASSED] - Call Test Case 'Test Cases/Filtreler/FiltreVarMi' successfully

2021-10-21 14:14:57 - [MESSAGE][INFO] - Checking called Test Case

2021-10-21 14:14:57 - [MESSAGE][INFO] - Starting to call Test Case 'Test Cases/Filtreler/FiltreVarMi'

2021-10-21 14:14:57 - [TEST_CASE][PASSED] - Test Cases/Filtreler/FiltreVarMi: Test Cases/Filtreler/FiltreVarMi

2021-10-21 14:14:57 - [TEST_STEP][PASSED] - Method.TextDegerineEsitElementVarMi(findTestObject("Filtreler/Basliklar"), Filtre_alan): Method.TextDegerineEsitElementVarMi is PASSED

2021-10-21 14:14:57 - [MESSAGE][INFO] - Finding Test Object 'Object Repository/Filtreler/Basliklar'

2021-10-21 14:14:57 - [MESSAGE][INFO] - Checking timeout

2021-10-21 14:14:57 - [MESSAGE][INFO] - Finding web element with id: 'Object Repository/Filtreler/Basliklar' located by 'By.cssSelector: .control-label.col-sm-4.paddingMarginRLC' in '10' second(s)

2021-10-21 14:14:57 - [MESSAGE][INFO] - Smart Wait Function is triggered

2021-10-21 14:14:57 - [MESSAGE][INFO] - Found 5 web elements with id: 'Object Repository/Filtreler/Basliklar' located by 'By.cssSelector: .control-label.col-sm-4.paddingMarginRLC' in '10' second(s)

2021-10-21 14:14:57 - [MESSAGE][PASSED] - Method.TextDegerineEsitElementVarMi is PASSED

2021-10-21 14:14:57 - [MESSAGE][PASSED] - Call Test Case 'Test Cases/Filtreler/FiltreVarMi' successfully

2021-10-21 14:14:57 - [MESSAGE][INFO] - Checking called Test Case

2021-10-21 14:14:57 - [MESSAGE][INFO] - Starting to call Test Case 'Test Cases/Filtreler/ButonVarMi'

2021-10-21 14:14:57 - [TEST_CASE][PASSED] - Test Cases/Filtreler/ButonVarMi: Test Cases/Filtreler/ButonVarMi

2021-10-21 14:14:57 - [TEST_STEP][PASSED] - Method.TextDegerineEsitElementVarMi(findTestObject("Filtreler/Butonlar"), Filtre_Buton): Method.TextDegerineEsitElementVarMi is PASSED

2021-10-21 14:14:57 - [MESSAGE][INFO] - Finding Test Object 'Object Repository/Filtreler/Butonlar'

2021-10-21 14:14:57 - [MESSAGE][INFO] - Checking timeout

2021-10-21 14:14:57 - [MESSAGE][INFO] - Finding web element with id: 'Object Repository/Filtreler/Butonlar' located by 'By.cssSelector: .dxb>span' in '10' second(s)

2021-10-21 14:14:57 - [MESSAGE][INFO] - Smart Wait Function is triggered

2021-10-21 14:14:58 - [MESSAGE][INFO] - Found 3 web elements with id: 'Object Repository/Filtreler/Butonlar' located by 'By.cssSelector: .dxb>span' in '10' second(s)

2021-10-21 14:14:58 - [MESSAGE][PASSED] - Method.TextDegerineEsitElementVarMi is PASSED

2021-10-21 14:14:58 - [MESSAGE][PASSED] - Call Test Case 'Test Cases/Filtreler/ButonVarMi' successfully

2021-10-21 14:14:58 - [MESSAGE][INFO] - Checking called Test Case

2021-10-21 14:14:58 - [MESSAGE][INFO] - Starting to call Test Case 'Test Cases/Filtreler/ButonVarMi'

2021-10-21 14:14:58 - [TEST_CASE][PASSED] - Test Cases/Filtreler/ButonVarMi: Test Cases/Filtreler/ButonVarMi

2021-10-21 14:14:58 - [TEST_STEP][PASSED] - Method.TextDegerineEsitElementVarMi(findTestObject("Filtreler/Butonlar"), Filtre_Buton): Method.TextDegerineEsitElementVarMi is PASSED

2021-10-21 14:14:58 - [MESSAGE][INFO] - Finding Test Object 'Object Repository/Filtreler/Butonlar'

2021-10-21 14:14:58 - [MESSAGE][INFO] - Checking timeout

2021-10-21 14:14:58 - [MESSAGE][INFO] - Finding web element with id: 'Object Repository/Filtreler/Butonlar' located by 'By.cssSelector: .dxb>span' in '10' second(s)

2021-10-21 14:14:58 - [MESSAGE][INFO] - Smart Wait Function is triggered

2021-10-21 14:14:58 - [MESSAGE][INFO] - Found 3 web elements with id: 'Object Repository/Filtreler/Butonlar' located by 'By.cssSelector: .dxb>span' in '10' second(s)

2021-10-21 14:14:58 - [MESSAGE][PASSED] - Method.TextDegerineEsitElementVarMi is PASSED

2021-10-21 14:14:58 - [MESSAGE][PASSED] - Call Test Case 'Test Cases/Filtreler/ButonVarMi' successfully

2021-10-21 14:14:58 - [MESSAGE][INFO] - Checking called Test Case

2021-10-21 14:14:58 - [MESSAGE][INFO] - Starting to call Test Case 'Test Cases/Filtreler/ButonVarMi'

2021-10-21 14:14:58 - [TEST_CASE][PASSED] - Test Cases/Filtreler/ButonVarMi: Test Cases/Filtreler/ButonVarMi

2021-10-21 14:14:58 - [TEST_STEP][PASSED] - Method.TextDegerineEsitElementVarMi(findTestObject("Filtreler/Butonlar"), Filtre_Buton): Method.TextDegerineEsitElementVarMi is PASSED

2021-10-21 14:14:58 - [MESSAGE][INFO] - Finding Test Object 'Object Repository/Filtreler/Butonlar'

2021-10-21 14:14:58 - [MESSAGE][INFO] - Checking timeout

2021-10-21 14:14:58 - [MESSAGE][INFO] - Finding web element with id: 'Object Repository/Filtreler/Butonlar' located by 'By.cssSelector: .dxb>span' in '10' second(s)

2021-10-21 14:14:58 - [MESSAGE][INFO] - Smart Wait Function is triggered

2021-10-21 14:14:58 - [MESSAGE][INFO] - Found 3 web elements with id: 'Object Repository/Filtreler/Butonlar' located by 'By.cssSelector: .dxb>span' in '10' second(s)

2021-10-21 14:14:58 - [MESSAGE][PASSED] - Method.TextDegerineEsitElementVarMi is PASSED

2021-10-21 14:14:58 - [MESSAGE][PASSED] - Call Test Case 'Test Cases/Filtreler/ButonVarMi' successfully

2021-10-21 14:14:58 - [MESSAGE][INFO] - Checking called Test Case

2021-10-21 14:14:58 - [MESSAGE][INFO] - Starting to call Test Case 'Test Cases/Butonlar/ButonVarMi'

2021-10-21 14:14:58 - [TEST_CASE][PASSED] - Test Cases/Butonlar/ButonVarMi: Test Cases/Butonlar/ButonVarMi

2021-10-21 14:14:58 - [TEST_STEP][PASSED] - Method.TextDegerineEsitElementVarMi(findTestObject("Butonlar/Butonlar"), Buton): Method.TextDegerineEsitElementVarMi is PASSED

2021-10-21 14:14:58 - [MESSAGE][INFO] - Finding Test Object 'Object Repository/Butonlar/Butonlar'

2021-10-21 14:14:59 - [MESSAGE][INFO] - Checking timeout

2021-10-21 14:14:59 - [MESSAGE][INFO] - Finding web element with id: 'Object Repository/Butonlar/Butonlar' located by 'By.cssSelector: .panel.panel-default.text-center.footerPanel .btn,.btn.btn-primary.btnControls' in '10' second(s)

2021-10-21 14:14:59 - [MESSAGE][INFO] - Smart Wait Function is triggered

2021-10-21 14:14:59 - [MESSAGE][INFO] - Found 6 web elements with id: 'Object Repository/Butonlar/Butonlar' located by 'By.cssSelector: .panel.panel-default.text-center.footerPanel .btn,.btn.btn-primary.btnControls' in '10' second(s)

2021-10-21 14:14:59 - [MESSAGE][PASSED] - Method.TextDegerineEsitElementVarMi is PASSED

2021-10-21 14:14:59 - [MESSAGE][PASSED] - Call Test Case 'Test Cases/Butonlar/ButonVarMi' successfully

2021-10-21 14:14:59 - [MESSAGE][INFO] - Checking called Test Case

2021-10-21 14:14:59 - [MESSAGE][INFO] - Starting to call Test Case 'Test Cases/Butonlar/ButonVarMi'

2021-10-21 14:14:59 - [TEST_CASE][PASSED] - Test Cases/Butonlar/ButonVarMi: Test Cases/Butonlar/ButonVarMi

2021-10-21 14:14:59 - [TEST_STEP][PASSED] - Method.TextDegerineEsitElementVarMi(findTestObject("Butonlar/Butonlar"), Buton): Method.TextDegerineEsitElementVarMi is PASSED

2021-10-21 14:14:59 - [MESSAGE][INFO] - Finding Test Object 'Object Repository/Butonlar/Butonlar'

2021-10-21 14:14:59 - [MESSAGE][INFO] - Checking timeout

2021-10-21 14:14:59 - [MESSAGE][INFO] - Finding web element with id: 'Object Repository/Butonlar/Butonlar' located by 'By.cssSelector: .panel.panel-default.text-center.footerPanel .btn,.btn.btn-primary.btnControls' in '10' second(s)

2021-10-21 14:14:59 - [MESSAGE][INFO] - Smart Wait Function is triggered

2021-10-21 14:14:59 - [MESSAGE][INFO] - Found 6 web elements with id: 'Object Repository/Butonlar/Butonlar' located by 'By.cssSelector: .panel.panel-default.text-center.footerPanel .btn,.btn.btn-primary.btnControls' in '10' second(s)

2021-10-21 14:14:59 - [MESSAGE][PASSED] - Method.TextDegerineEsitElementVarMi is PASSED

2021-10-21 14:14:59 - [MESSAGE][PASSED] - Call Test Case 'Test Cases/Butonlar/ButonVarMi' successfully

2021-10-21 14:14:59 - [MESSAGE][INFO] - Checking called Test Case

2021-10-21 14:14:59 - [MESSAGE][INFO] - Starting to call Test Case 'Test Cases/Butonlar/ButonVarMi'

2021-10-21 14:14:59 - [TEST_CASE][PASSED] - Test Cases/Butonlar/ButonVarMi: Test Cases/Butonlar/ButonVarMi

2021-10-21 14:14:59 - [TEST_STEP][PASSED] - Method.TextDegerineEsitElementVarMi(findTestObject("Butonlar/Butonlar"), Buton): Method.TextDegerineEsitElementVarMi is PASSED

2021-10-21 14:14:59 - [MESSAGE][INFO] - Finding Test Object 'Object Repository/Butonlar/Butonlar'

2021-10-21 14:14:59 - [MESSAGE][INFO] - Checking timeout

2021-10-21 14:14:59 - [MESSAGE][INFO] - Finding web element with id: 'Object Repository/Butonlar/Butonlar' located by 'By.cssSelector: .panel.panel-default.text-center.footerPanel .btn,.btn.btn-primary.btnControls' in '10' second(s)

2021-10-21 14:14:59 - [MESSAGE][INFO] - Smart Wait Function is triggered

2021-10-21 14:15:00 - [MESSAGE][INFO] - Found 6 web elements with id: 'Object Repository/Butonlar/Butonlar' located by 'By.cssSelector: .panel.panel-default.text-center.footerPanel .btn,.btn.btn-primary.btnControls' in '10' second(s)

2021-10-21 14:15:00 - [MESSAGE][PASSED] - Method.TextDegerineEsitElementVarMi is PASSED

2021-10-21 14:15:00 - [MESSAGE][PASSED] - Call Test Case 'Test Cases/Butonlar/ButonVarMi' successfully

2021-10-21 14:15:00 - [MESSAGE][INFO] - Checking called Test Case

2021-10-21 14:15:00 - [MESSAGE][INFO] - Starting to call Test Case 'Test Cases/Butonlar/ButonVarMi'

2021-10-21 14:15:00 - [TEST_CASE][PASSED] - Test Cases/Butonlar/ButonVarMi: Test Cases/Butonlar/ButonVarMi

2021-10-21 14:15:00 - [TEST_STEP][PASSED] - Method.TextDegerineEsitElementVarMi(findTestObject("Butonlar/Butonlar"), Buton): Method.TextDegerineEsitElementVarMi is PASSED

2021-10-21 14:15:00 - [MESSAGE][INFO] - Finding Test Object 'Object Repository/Butonlar/Butonlar'

2021-10-21 14:15:00 - [MESSAGE][INFO] - Checking timeout

2021-10-21 14:15:00 - [MESSAGE][INFO] - Finding web element with id: 'Object Repository/Butonlar/Butonlar' located by 'By.cssSelector: .panel.panel-default.text-center.footerPanel .btn,.btn.btn-primary.btnControls' in '10' second(s)

2021-10-21 14:15:00 - [MESSAGE][INFO] - Smart Wait Function is triggered

2021-10-21 14:15:00 - [MESSAGE][INFO] - Found 6 web elements with id: 'Object Repository/Butonlar/Butonlar' located by 'By.cssSelector: .panel.panel-default.text-center.footerPanel .btn,.btn.btn-primary.btnControls' in '10' second(s)

2021-10-21 14:15:00 - [MESSAGE][PASSED] - Method.TextDegerineEsitElementVarMi is PASSED

2021-10-21 14:15:00 - [MESSAGE][PASSED] - Call Test Case 'Test Cases/Butonlar/ButonVarMi' successfully

2021-10-21 14:15:00 - [MESSAGE][INFO] - Checking called Test Case

2021-10-21 14:15:00 - [MESSAGE][INFO] - Starting to call Test Case 'Test Cases/Butonlar/ButonaTikla'

2021-10-21 14:15:00 - [TEST_CASE][PASSED] - Test Cases/Butonlar/ButonaTikla: Test Cases/Butonlar/ButonaTikla

2021-10-21 14:15:00 - [TEST_STEP][PASSED] - Method.TextDegerineEsitElementeTiklaEquals(findTestObject("Butonlar/Butonlar"), Buton_Adi): Method.TextDegerineEsitElementeTiklaEquals is PASSED

2021-10-21 14:15:00 - [MESSAGE][INFO] - Finding Test Object 'Object Repository/Butonlar/Butonlar'

2021-10-21 14:15:00 - [MESSAGE][INFO] - Checking timeout

2021-10-21 14:15:00 - [MESSAGE][INFO] - Finding web element with id: 'Object Repository/Butonlar/Butonlar' located by 'By.cssSelector: .panel.panel-default.text-center.footerPanel .btn,.btn.btn-primary.btnControls' in '10' second(s)

2021-10-21 14:15:00 - [MESSAGE][INFO] - Smart Wait Function is triggered

2021-10-21 14:15:01 - [MESSAGE][INFO] - Found 6 web elements with id: 'Object Repository/Butonlar/Butonlar' located by 'By.cssSelector: .panel.panel-default.text-center.footerPanel .btn,.btn.btn-primary.btnControls' in '10' second(s)

2021-10-21 14:15:01 - [MESSAGE][PASSED] - Method.TextDegerineEsitElementeTiklaEquals is PASSED

2021-10-21 14:15:01 - [MESSAGE][PASSED] - Call Test Case 'Test Cases/Butonlar/ButonaTikla' successfully

2021-10-21 14:15:01 - [MESSAGE][INFO] - Checking called Test Case

2021-10-21 14:15:01 - [MESSAGE][INFO] - Starting to call Test Case 'Test Cases/Butonlar/AltButonVarMi'

2021-10-21 14:15:01 - [TEST_CASE][PASSED] - Test Cases/Butonlar/AltButonVarMi: Test Cases/Butonlar/AltButonVarMi

2021-10-21 14:15:01 - [TEST_STEP][PASSED] - Method.TextDegerineEsitElementVarMi(findTestObject("Butonlar/AltButonlar"), AltButon): Method.TextDegerineEsitElementVarMi is PASSED

2021-10-21 14:15:01 - [MESSAGE][INFO] - Finding Test Object 'Object Repository/Butonlar/AltButonlar'

2021-10-21 14:15:01 - [MESSAGE][INFO] - Checking timeout

2021-10-21 14:15:01 - [MESSAGE][INFO] - Finding web element with id: 'Object Repository/Butonlar/AltButonlar' located by 'By.cssSelector: .btn-group.open li>a' in '10' second(s)

2021-10-21 14:15:01 - [MESSAGE][INFO] - Smart Wait Function is triggered

2021-10-21 14:15:01 - [MESSAGE][INFO] - Found 2 web elements with id: 'Object Repository/Butonlar/AltButonlar' located by 'By.cssSelector: .btn-group.open li>a' in '10' second(s)

2021-10-21 14:15:01 - [MESSAGE][PASSED] - Method.TextDegerineEsitElementVarMi is PASSED

2021-10-21 14:15:01 - [MESSAGE][PASSED] - Call Test Case 'Test Cases/Butonlar/AltButonVarMi' successfully

2021-10-21 14:15:01 - [MESSAGE][INFO] - Checking called Test Case

2021-10-21 14:15:01 - [MESSAGE][INFO] - Starting to call Test Case 'Test Cases/Butonlar/AltButonVarMi'

2021-10-21 14:15:01 - [TEST_CASE][PASSED] - Test Cases/Butonlar/AltButonVarMi: Test Cases/Butonlar/AltButonVarMi

2021-10-21 14:15:01 - [TEST_STEP][PASSED] - Method.TextDegerineEsitElementVarMi(findTestObject("Butonlar/AltButonlar"), AltButon): Method.TextDegerineEsitElementVarMi is PASSED

2021-10-21 14:15:01 - [MESSAGE][INFO] - Finding Test Object 'Object Repository/Butonlar/AltButonlar'

2021-10-21 14:15:01 - [MESSAGE][INFO] - Checking timeout

2021-10-21 14:15:01 - [MESSAGE][INFO] - Finding web element with id: 'Object Repository/Butonlar/AltButonlar' located by 'By.cssSelector: .btn-group.open li>a' in '10' second(s)

2021-10-21 14:15:01 - [MESSAGE][INFO] - Smart Wait Function is triggered

2021-10-21 14:15:02 - [MESSAGE][INFO] - Found 2 web elements with id: 'Object Repository/Butonlar/AltButonlar' located by 'By.cssSelector: .btn-group.open li>a' in '10' second(s)

2021-10-21 14:15:02 - [MESSAGE][PASSED] - Method.TextDegerineEsitElementVarMi is PASSED

2021-10-21 14:15:02 - [MESSAGE][PASSED] - Call Test Case 'Test Cases/Butonlar/AltButonVarMi' successfully

2021-10-21 14:15:02 - [MESSAGE][INFO] - Checking called Test Case

2021-10-21 14:15:02 - [MESSAGE][INFO] - Starting to call Test Case 'Test Cases/Kullanici_Islemleri/KullaniciIslemlerindenSecimYapilir'

2021-10-21 14:15:02 - [TEST_CASE][PASSED] - Test Cases/Kullanici_Islemleri/KullaniciIslemlerindenSecimYapilir: Test Cases/Kullanici_Islemleri/KullaniciIslemlerindenSecimYapilir

2021-10-21 14:15:02 - [TEST_STEP][PASSED] - waitForElementClickable(findTestObject("Object Repository/Kullanici_Islemleri/KullaniciIslemleri"), 10): Object 'Object Repository/Kullanici_Islemleri/KullaniciIslemleri' is clickable

2021-10-21 14:15:02 - [MESSAGE][INFO] - Finding Test Object 'Object Repository/Kullanici_Islemleri/KullaniciIslemleri'

2021-10-21 14:15:02 - [MESSAGE][INFO] - Checking object

2021-10-21 14:15:02 - [MESSAGE][INFO] - Checking timeout

2021-10-21 14:15:02 - [MESSAGE][INFO] - Finding web element from Test Object's properties

2021-10-21 14:15:02 - [MESSAGE][INFO] - Checking timeout

2021-10-21 14:15:02 - [MESSAGE][INFO] - Finding web element with id: 'Object Repository/Kullanici_Islemleri/KullaniciIslemleri' located by 'By.cssSelector: .dropdown>a>img' in '10' second(s)

2021-10-21 14:15:02 - [MESSAGE][INFO] - Smart Wait Function is triggered

2021-10-21 14:15:02 - [MESSAGE][INFO] - Found 1 web elements with id: 'Object Repository/Kullanici_Islemleri/KullaniciIslemleri' located by 'By.cssSelector: .dropdown>a>img' in '10' second(s)

2021-10-21 14:15:02 - [MESSAGE][PASSED] - Object 'Object Repository/Kullanici_Islemleri/KullaniciIslemleri' is clickable

2021-10-21 14:15:02 - [TEST_STEP][PASSED] - click(findTestObject("Object Repository/Kullanici_Islemleri/KullaniciIslemleri")): Object: 'Object Repository/Kullanici_Islemleri/KullaniciIslemleri' is clicked on

2021-10-21 14:15:02 - [MESSAGE][INFO] - Finding Test Object 'Object Repository/Kullanici_Islemleri/KullaniciIslemleri'

2021-10-21 14:15:02 - [MESSAGE][INFO] - Checking object

2021-10-21 14:15:02 - [MESSAGE][INFO] - Finding web element from Test Object's properties

2021-10-21 14:15:02 - [MESSAGE][INFO] - Checking timeout

2021-10-21 14:15:02 - [MESSAGE][INFO] - Finding web element with id: 'Object Repository/Kullanici_Islemleri/KullaniciIslemleri' located by 'By.cssSelector: .dropdown>a>img' in '30' second(s)

2021-10-21 14:15:02 - [MESSAGE][INFO] - Smart Wait Function is triggered

2021-10-21 14:15:02 - [MESSAGE][INFO] - Found 1 web elements with id: 'Object Repository/Kullanici_Islemleri/KullaniciIslemleri' located by 'By.cssSelector: .dropdown>a>img' in '30' second(s)

2021-10-21 14:15:02 - [MESSAGE][INFO] - Clicking on object: 'Object Repository/Kullanici_Islemleri/KullaniciIslemleri'

2021-10-21 14:15:02 - [MESSAGE][PASSED] - Object: 'Object Repository/Kullanici_Islemleri/KullaniciIslemleri' is clicked on

2021-10-21 14:15:02 - [TEST_STEP][PASSED] - Method.TextDegerineEsitElementeTikla(findTestObject("Object Repository/Kullanici_Islemleri/Secenekler"), Islem): Method.TextDegerineEsitElementeTikla is PASSED

2021-10-21 14:15:02 - [MESSAGE][INFO] - Finding Test Object 'Object Repository/Kullanici_Islemleri/Secenekler'

2021-10-21 14:15:03 - [MESSAGE][INFO] - Checking timeout

2021-10-21 14:15:03 - [MESSAGE][INFO] - Finding web element with id: 'Object Repository/Kullanici_Islemleri/Secenekler' located by 'By.cssSelector: .nav.navbar-nav.navbar-right li a' in '10' second(s)

2021-10-21 14:15:03 - [MESSAGE][INFO] - Smart Wait Function is triggered

2021-10-21 14:15:03 - [MESSAGE][INFO] - Found 22 web elements with id: 'Object Repository/Kullanici_Islemleri/Secenekler' located by 'By.cssSelector: .nav.navbar-nav.navbar-right li a' in '10' second(s)

2021-10-21 14:15:04 - [MESSAGE][PASSED] - Method.TextDegerineEsitElementeTikla is PASSED

2021-10-21 14:15:04 - [TEST_STEP][PASSED] - verifyElementNotPresent(findTestObject("Object Repository/Kullanici_Islemleri/Secenekler"), 10): Web element with id: 'Object Repository/Kullanici_Islemleri/Secenekler' located by 'By.cssSelector: .nav.navbar-nav.navbar-right li a' is not present after '10' second(s)

2021-10-21 14:15:04 - [MESSAGE][INFO] - Finding Test Object 'Object Repository/Kullanici_Islemleri/Secenekler'

2021-10-21 14:15:05 - [MESSAGE][INFO] - Checking object

2021-10-21 14:15:05 - [MESSAGE][INFO] - Checking timeout

2021-10-21 14:15:05 - [MESSAGE][INFO] - Finding web element with id: 'Object Repository/Kullanici_Islemleri/Secenekler' located by 'By.cssSelector: .nav.navbar-nav.navbar-right li a' in '10' second(s)

2021-10-21 14:15:05 - [MESSAGE][INFO] - Smart Wait Function is triggered

2021-10-21 14:15:05 - [MESSAGE][PASSED] - Web element with id: 'Object Repository/Kullanici_Islemleri/Secenekler' located by 'By.cssSelector: .nav.navbar-nav.navbar-right li a' is not present after '10' second(s)

2021-10-21 14:15:05 - [MESSAGE][PASSED] - Call Test Case 'Test Cases/Kullanici_Islemleri/KullaniciIslemlerindenSecimYapilir' successfully

2021-10-21 14:15:05 - [TEST_CASE][PASSED] - Start Test Case : SCENARIO e-Mustahsil Makbuzu Raporlari Buton Kontrolu: SCENARIO e-Mustahsil Makbuzu Raporlari Buton Kontrolu

2021-10-21 14:15:05 - [TEST_STEP][PASSED] - Kullanıcı adı ELOGO6 ve Şifre 123456 olarak giriş yapılır: Kullanıcı adı ELOGO6 ve Şifre 123456 olarak giriş yapılır

2021-10-21 14:15:05 - [MESSAGE][PASSED] - Kullanıcı adı ELOGO6 ve Şifre 123456 olarak giriş yapılır

2021-10-21 14:15:05 - [TEST_STEP][PASSED] - Ana menüden e-Makbuz seçilir: Ana menüden e-Makbuz seçilir

2021-10-21 14:15:05 - [MESSAGE][PASSED] - Ana menüden e-Makbuz seçilir

2021-10-21 14:15:05 - [TEST_STEP][PASSED] - Alt menü e-Müstahsil Uygulaması başlığı altındaki e-Müstahsil Makbuzu Raporları seçilir: Alt menü e-Müstahsil Uygulaması başlığı altındaki e-Müstahsil Makbuzu Raporları seçilir

2021-10-21 14:15:05 - [MESSAGE][PASSED] - Alt menü e-Müstahsil Uygulaması başlığı altındaki e-Müstahsil Makbuzu Raporları seçilir

2021-10-21 14:15:05 - [TEST_STEP][PASSED] - Filtrelerden Dönem Tarihi filtresine 2021 Ocak dropdowndan degeri seçilir: Filtrelerden Dönem Tarihi filtresine 2021 Ocak dropdowndan degeri seçilir

2021-10-21 14:15:05 - [MESSAGE][PASSED] - Filtrelerden Dönem Tarihi filtresine 2021 Ocak dropdowndan degeri seçilir

2021-10-21 14:15:05 - [TEST_STEP][PASSED] - Filtrelerden Bölüm Tarihi filtresine 09.01.2021 baslangic degerini yaz: Filtrelerden Bölüm Tarihi filtresine 09.01.2021 baslangic degerini yaz

2021-10-21 14:15:05 - [MESSAGE][PASSED] - Filtrelerden Bölüm Tarihi filtresine 09.01.2021 baslangic degerini yaz

2021-10-21 14:15:05 - [TEST_STEP][PASSED] - Filtrelerden Bölüm Tarihi filtresine 09.01.2021 bitis degerini yaz: Filtrelerden Bölüm Tarihi filtresine 09.01.2021 bitis degerini yaz

2021-10-21 14:15:05 - [MESSAGE][PASSED] - Filtrelerden Bölüm Tarihi filtresine 09.01.2021 bitis degerini yaz

2021-10-21 14:15:05 - [TEST_STEP][PASSED] - Filtre butonlarından Listele seçilir: Filtre butonlarından Listele seçilir

2021-10-21 14:15:05 - [MESSAGE][PASSED] - Filtre butonlarından Listele seçilir

2021-10-21 14:15:05 - [TEST_STEP][PASSED] - Tablodan 2902 isimli verinin detayı tıklanır: Tablodan 2902 isimli verinin detayı tıklanır

2021-10-21 14:15:05 - [MESSAGE][PASSED] - Tablodan 2902 isimli verinin detayı tıklanır

2021-10-21 14:15:05 - [TEST_STEP][PASSED] - Tablodan 2902 isimli verinin detayı tıklanır: Tablodan 2902 isimli verinin detayı tıklanır

2021-10-21 14:15:05 - [MESSAGE][PASSED] - Tablodan 2902 isimli verinin detayı tıklanır

2021-10-21 14:15:05 - [TEST_STEP][PASSED] - Filtre alanlarında Dönem Tarihi var mı: Filtre alanlarında Dönem Tarihi var mı

2021-10-21 14:15:05 - [MESSAGE][PASSED] - Filtre alanlarında Dönem Tarihi var mı

2021-10-21 14:15:05 - [TEST_STEP][PASSED] - Filtre alanlarında Bölüm Tarihi var mı: Filtre alanlarında Bölüm Tarihi var mı

2021-10-21 14:15:05 - [MESSAGE][PASSED] - Filtre alanlarında Bölüm Tarihi var mı

2021-10-21 14:15:05 - [TEST_STEP][PASSED] - Filtre alanlarında ETTN var mı: Filtre alanlarında ETTN var mı

2021-10-21 14:15:05 - [MESSAGE][PASSED] - Filtre alanlarında ETTN var mı

2021-10-21 14:15:05 - [TEST_STEP][PASSED] - Filtre alanlarında Rapor No var mı: Filtre alanlarında Rapor No var mı

2021-10-21 14:15:05 - [MESSAGE][PASSED] - Filtre alanlarında Rapor No var mı

2021-10-21 14:15:05 - [TEST_STEP][PASSED] - Filtre alanlarında Durum var mı: Filtre alanlarında Durum var mı

2021-10-21 14:15:05 - [MESSAGE][PASSED] - Filtre alanlarında Durum var mı

2021-10-21 14:15:05 - [TEST_STEP][PASSED] - Filtre butonlarında Filtreleri Kaydet var mı: Filtre butonlarında Filtreleri Kaydet var mı

2021-10-21 14:15:05 - [MESSAGE][PASSED] - Filtre butonlarında Filtreleri Kaydet var mı

2021-10-21 14:15:05 - [TEST_STEP][PASSED] - Filtre butonlarında Listele var mı: Filtre butonlarında Listele var mı

2021-10-21 14:15:05 - [MESSAGE][PASSED] - Filtre butonlarında Listele var mı

2021-10-21 14:15:05 - [TEST_STEP][PASSED] - Filtre butonlarında Temizle var mı: Filtre butonlarında Temizle var mı

2021-10-21 14:15:05 - [MESSAGE][PASSED] - Filtre butonlarında Temizle var mı

2021-10-21 14:15:05 - [TEST_STEP][PASSED] - Butonlardan Excel var mı: Butonlardan Excel var mı

2021-10-21 14:15:05 - [MESSAGE][PASSED] - Butonlardan Excel var mı

2021-10-21 14:15:05 - [TEST_STEP][PASSED] - Butonlardan XML var mı: Butonlardan XML var mı

2021-10-21 14:15:05 - [MESSAGE][PASSED] - Butonlardan XML var mı

2021-10-21 14:15:05 - [TEST_STEP][PASSED] - Butonlardan Rapor var mı: Butonlardan Rapor var mı

2021-10-21 14:15:05 - [MESSAGE][PASSED] - Butonlardan Rapor var mı

2021-10-21 14:15:05 - [TEST_STEP][PASSED] - Butonlardan İzleme Kayıtları var mı: Butonlardan İzleme Kayıtları var mı

2021-10-21 14:15:05 - [MESSAGE][PASSED] - Butonlardan İzleme Kayıtları var mı

2021-10-21 14:15:05 - [TEST_STEP][PASSED] - Butonlardan Excel isimli butona tıklanır: Butonlardan Excel isimli butona tıklanır

2021-10-21 14:15:05 - [MESSAGE][PASSED] - Butonlardan Excel isimli butona tıklanır

2021-10-21 14:15:05 - [TEST_STEP][PASSED] - Alt butonlardan Excel 'e Aktar var mı: Alt butonlardan Excel 'e Aktar var mı

2021-10-21 14:15:05 - [MESSAGE][PASSED] - Alt butonlardan Excel 'e Aktar var mı

2021-10-21 14:15:05 - [TEST_STEP][PASSED] - Alt butonlardan Tümünü Excel 'e Aktar var mı: Alt butonlardan Tümünü Excel 'e Aktar var mı

2021-10-21 14:15:05 - [MESSAGE][PASSED] - Alt butonlardan Tümünü Excel 'e Aktar var mı

2021-10-21 14:15:05 - [TEST_STEP][PASSED] - Kullanıcı işlemlerinden Çıkış seçilir: Kullanıcı işlemlerinden Çıkış seçilir

2021-10-21 14:15:05 - [MESSAGE][PASSED] - Kullanıcı işlemlerinden Çıkış seçilir

2021-10-21 14:15:05 - [MESSAGE][PASSED] - Feature file: 'Include/features/e-Makbuz/e-Mustahsil Uygulamasi/e-Mustahsil Makbuzu Raporlari/Ekran Kontrolu.feature' was passed

2021-10-21 14:15:05 - [TEST_STEP][PASSED] - Start listener action : sampleAfterTestSuite: Invoke 'com.kms.katalon.core.annotation.AfterTestCase' method: 'Listener.sampleAfterTestSuite(...)' completed.

2021-10-21 14:15:05 - [MESSAGE][INFO] - Starting invoke 'com.kms.katalon.core.annotation.AfterTestCase' method: 'Listener.sampleAfterTestSuite(...)'

2021-10-21 14:15:05 - [TEST_STEP][PASSED] - closeBrowser(): Invoke 'com.kms.katalon.core.annotation.AfterTestCase' method: 'Listener.sampleAfterTestSuite(...)' completed.

2021-10-21 14:15:05 - [MESSAGE][INFO] - Closing browser

2021-10-21 14:15:06 - [MESSAGE][PASSED] - Browser is closed

2021-10-21 14:15:06 - [MESSAGE][INFO] - Invoke 'com.kms.katalon.core.annotation.AfterTestCase' method: 'Listener.sampleAfterTestSuite(...)' completed.]]></system-out>
         <system-err><![CDATA[]]></system-err>
      </testcase>
      <testcase name="Test Cases/Case Repository/e-Makbuz/e-Mustahsil Uygulamasi/e-Mustahsil Makbuzu Raporlari/GIBe Gonder" time="38.846" classname="Test Cases/Case Repository/e-Makbuz/e-Mustahsil Uygulamasi/e-Mustahsil Makbuzu Raporlari/GIBe Gonder" status="PASSED">
         <system-out><![CDATA[2021-10-21 14:15:06 - [TEST_CASE][PASSED] - Test Cases/Case Repository/e-Makbuz/e-Mustahsil Uygulamasi/e-Mustahsil Makbuzu Raporlari/GIBe Gonder: Test Cases/Case Repository/e-Makbuz/e-Mustahsil Uygulamasi/e-Mustahsil Makbuzu Raporlari/GIBe Gonder

2021-10-21 14:15:06 - [TEST_STEP][PASSED] - Start listener action : sampleBeforeTestSuite: Invoke 'com.kms.katalon.core.annotation.BeforeTestCase' method: 'Listener.sampleBeforeTestSuite(...)' completed.

2021-10-21 14:15:06 - [MESSAGE][INFO] - Starting invoke 'com.kms.katalon.core.annotation.BeforeTestCase' method: 'Listener.sampleBeforeTestSuite(...)'

2021-10-21 14:15:06 - [TEST_STEP][PASSED] - openBrowser(baseUrl): Browser is opened with url: 'https://efatura-stage.elogo.com.tr/'

2021-10-21 14:15:06 - [MESSAGE][INFO] - Opening browser

2021-10-21 14:15:06 - [MESSAGE][INFO] - Starting 'Chrome' driver

2021-10-21 14:15:06 - [MESSAGE][INFO] - User set preference: ['prefs', '{download.default_directory=C:\otomasyondownfiles}']

2021-10-21 14:15:06 - [MESSAGE][INFO] - Action delay is set to 0 milliseconds

2021-10-21 14:15:07 - [MESSAGE][INFO] - Navigating browser to: 'https://efatura-stage.elogo.com.tr/'

2021-10-21 14:15:11 - [MESSAGE][PASSED] - Browser is opened with url: 'https://efatura-stage.elogo.com.tr/'

2021-10-21 14:15:11 - [TEST_STEP][PASSED] - maximizeWindow(): Invoke 'com.kms.katalon.core.annotation.BeforeTestCase' method: 'Listener.sampleBeforeTestSuite(...)' completed.

2021-10-21 14:15:11 - [MESSAGE][INFO] - Maximizing current window

2021-10-21 14:15:11 - [MESSAGE][PASSED] - Current window maximized

2021-10-21 14:15:11 - [MESSAGE][INFO] - Invoke 'com.kms.katalon.core.annotation.BeforeTestCase' method: 'Listener.sampleBeforeTestSuite(...)' completed.

2021-10-21 14:15:12 - [TEST_STEP][PASSED] - runFeatureFile("Include/features/e-Makbuz/e-Mustahsil Uygulamasi/e-Mustahsil Makbuzu Raporlari/GIBe Gonder.feature"): Feature file: 'Include/features/e-Makbuz/e-Mustahsil Uygulamasi/e-Mustahsil Makbuzu Raporlari/GIBe Gonder.feature' was passed

2021-10-21 14:15:12 - [MESSAGE][INFO] - Starting run keyword runFeatureFile: 'Include/features/e-Makbuz/e-Mustahsil Uygulamasi/e-Mustahsil Makbuzu Raporlari/GIBe Gonder.feature' and extract report to folder: 'C:\Users\DELL\Downloads\EES_Katalon-main\Reports\20211021_140437\Suite Repository\e-Makbuz\20211021_140511/cucumber_report/1634814912223'...

2021-10-21 14:15:12 - [MESSAGE][INFO] - Glue: []

2021-10-21 14:15:13 - [MESSAGE][INFO] - Checking called Test Case

2021-10-21 14:15:13 - [MESSAGE][INFO] - Starting to call Test Case 'Test Cases/Sayfalar/Giris_Sayfasi/Login'

2021-10-21 14:15:13 - [TEST_CASE][PASSED] - Test Cases/Sayfalar/Giris_Sayfasi/Login: Test Cases/Sayfalar/Giris_Sayfasi/Login

2021-10-21 14:15:13 - [TEST_STEP][PASSED] - Sayfa_Basligi = getWindowTitle(): Current window's title is: 'LOGO e-Fatura'

2021-10-21 14:15:13 - [MESSAGE][INFO] - Getting current window's title

2021-10-21 14:15:13 - [MESSAGE][PASSED] - Current window's title is: 'LOGO e-Fatura'

2021-10-21 14:15:13 - [TEST_STEP][PASSED] - verifyMatch(Sayfa_Basligi, "LOGO e-Fatura", false): Actual text 'LOGO e-Fatura' and expected text 'LOGO e-Fatura' are matched 

2021-10-21 14:15:13 - [MESSAGE][INFO] - Matching actual text 'LOGO e-Fatura' with expected text 'LOGO e-Fatura'

2021-10-21 14:15:13 - [MESSAGE][PASSED] - Actual text 'LOGO e-Fatura' and expected text 'LOGO e-Fatura' are matched 

2021-10-21 14:15:13 - [TEST_STEP][PASSED] - sendKeys(findTestObject("Sayfalar/Giris_Sayfasi/Firma_Kodu"), KullaniciAdi): Keys 'ELOGO6' sent to object: 'Object Repository/Sayfalar/Giris_Sayfasi/Firma_Kodu'

2021-10-21 14:15:13 - [MESSAGE][INFO] - Finding Test Object 'Object Repository/Sayfalar/Giris_Sayfasi/Firma_Kodu'

2021-10-21 14:15:13 - [MESSAGE][INFO] - Sending keys 'ELOGO6' to object: 'Object Repository/Sayfalar/Giris_Sayfasi/Firma_Kodu'

2021-10-21 14:15:13 - [MESSAGE][INFO] - Finding web element from Test Object's properties

2021-10-21 14:15:13 - [MESSAGE][INFO] - Checking timeout

2021-10-21 14:15:13 - [MESSAGE][INFO] - Finding web element with id: 'Object Repository/Sayfalar/Giris_Sayfasi/Firma_Kodu' located by 'By.xpath: //*[@id = 'AccountName']' in '30' second(s)

2021-10-21 14:15:13 - [MESSAGE][INFO] - Smart Wait Function is triggered

2021-10-21 14:15:14 - [MESSAGE][INFO] - Found 1 web elements with id: 'Object Repository/Sayfalar/Giris_Sayfasi/Firma_Kodu' located by 'By.xpath: //*[@id = 'AccountName']' in '30' second(s)

2021-10-21 14:15:14 - [MESSAGE][PASSED] - Keys 'ELOGO6' sent to object: 'Object Repository/Sayfalar/Giris_Sayfasi/Firma_Kodu'

2021-10-21 14:15:14 - [TEST_STEP][PASSED] - sendKeys(findTestObject("Sayfalar/Giris_Sayfasi/Sifre"), Sifre): Keys '123456' sent to object: 'Object Repository/Sayfalar/Giris_Sayfasi/Sifre'

2021-10-21 14:15:14 - [MESSAGE][INFO] - Finding Test Object 'Object Repository/Sayfalar/Giris_Sayfasi/Sifre'

2021-10-21 14:15:14 - [MESSAGE][INFO] - Sending keys '123456' to object: 'Object Repository/Sayfalar/Giris_Sayfasi/Sifre'

2021-10-21 14:15:14 - [MESSAGE][INFO] - Finding web element from Test Object's properties

2021-10-21 14:15:14 - [MESSAGE][INFO] - Checking timeout

2021-10-21 14:15:14 - [MESSAGE][INFO] - Finding web element with id: 'Object Repository/Sayfalar/Giris_Sayfasi/Sifre' located by 'By.xpath: //*[@id = 'Password']' in '30' second(s)

2021-10-21 14:15:14 - [MESSAGE][INFO] - Smart Wait Function is triggered

2021-10-21 14:15:14 - [MESSAGE][INFO] - Found 1 web elements with id: 'Object Repository/Sayfalar/Giris_Sayfasi/Sifre' located by 'By.xpath: //*[@id = 'Password']' in '30' second(s)

2021-10-21 14:15:14 - [MESSAGE][PASSED] - Keys '123456' sent to object: 'Object Repository/Sayfalar/Giris_Sayfasi/Sifre'

2021-10-21 14:15:14 - [TEST_STEP][PASSED] - findWebElement(findTestObject("Sayfalar/Giris_Sayfasi/Giris_Butonu")).click(): Found 1 web elements with id: 'Object Repository/Sayfalar/Giris_Sayfasi/Giris_Butonu' located by 'By.cssSelector: #btnLogin' in '30' second(s)

2021-10-21 14:15:14 - [MESSAGE][INFO] - Finding Test Object 'Object Repository/Sayfalar/Giris_Sayfasi/Giris_Butonu'

2021-10-21 14:15:14 - [MESSAGE][INFO] - Finding web element from Test Object's properties

2021-10-21 14:15:14 - [MESSAGE][INFO] - Checking timeout

2021-10-21 14:15:14 - [MESSAGE][INFO] - Finding web element with id: 'Object Repository/Sayfalar/Giris_Sayfasi/Giris_Butonu' located by 'By.cssSelector: #btnLogin' in '30' second(s)

2021-10-21 14:15:14 - [MESSAGE][INFO] - Smart Wait Function is triggered

2021-10-21 14:15:15 - [MESSAGE][INFO] - Found 1 web elements with id: 'Object Repository/Sayfalar/Giris_Sayfasi/Giris_Butonu' located by 'By.cssSelector: #btnLogin' in '30' second(s)

2021-10-21 14:15:17 - [TEST_STEP][PASSED] - if (verifyElementPresent(findTestObject("Object Repository/Sayfalar/Giris_Sayfasi/RetveTamam_Butonu"), 5, OPTIONAL)): null

2021-10-21 14:15:17 - [MESSAGE][INFO] - Finding Test Object 'Object Repository/Sayfalar/Giris_Sayfasi/RetveTamam_Butonu'

2021-10-21 14:15:17 - [MESSAGE][INFO] - Checking object

2021-10-21 14:15:17 - [MESSAGE][INFO] - Finding web element from Test Object's properties

2021-10-21 14:15:17 - [MESSAGE][INFO] - Checking timeout

2021-10-21 14:15:17 - [MESSAGE][INFO] - Finding web element with id: 'Object Repository/Sayfalar/Giris_Sayfasi/RetveTamam_Butonu' located by 'By.xpath: //*[@class = 'btn btn-default']' in '5' second(s)

2021-10-21 14:15:17 - [MESSAGE][INFO] - Smart Wait Function is triggered

2021-10-21 14:15:17 - [MESSAGE][INFO] - Found 1 web elements with id: 'Object Repository/Sayfalar/Giris_Sayfasi/RetveTamam_Butonu' located by 'By.xpath: //*[@class = 'btn btn-default']' in '5' second(s)

2021-10-21 14:15:17 - [MESSAGE][PASSED] - Object 'Object Repository/Sayfalar/Giris_Sayfasi/RetveTamam_Butonu' is present

2021-10-21 14:15:17 - [TEST_STEP][PASSED] - click(findTestObject("Object Repository/Sayfalar/Giris_Sayfasi/RetveTamam_Butonu")): Object: 'Object Repository/Sayfalar/Giris_Sayfasi/RetveTamam_Butonu' is clicked on

2021-10-21 14:15:17 - [MESSAGE][INFO] - Finding Test Object 'Object Repository/Sayfalar/Giris_Sayfasi/RetveTamam_Butonu'

2021-10-21 14:15:17 - [MESSAGE][INFO] - Checking object

2021-10-21 14:15:17 - [MESSAGE][INFO] - Finding web element from Test Object's properties

2021-10-21 14:15:17 - [MESSAGE][INFO] - Checking timeout

2021-10-21 14:15:17 - [MESSAGE][INFO] - Finding web element with id: 'Object Repository/Sayfalar/Giris_Sayfasi/RetveTamam_Butonu' located by 'By.xpath: //*[@class = 'btn btn-default']' in '30' second(s)

2021-10-21 14:15:17 - [MESSAGE][INFO] - Smart Wait Function is triggered

2021-10-21 14:15:18 - [MESSAGE][INFO] - Found 1 web elements with id: 'Object Repository/Sayfalar/Giris_Sayfasi/RetveTamam_Butonu' located by 'By.xpath: //*[@class = 'btn btn-default']' in '30' second(s)

2021-10-21 14:15:18 - [MESSAGE][INFO] - Clicking on object: 'Object Repository/Sayfalar/Giris_Sayfasi/RetveTamam_Butonu'

2021-10-21 14:15:18 - [MESSAGE][PASSED] - Object: 'Object Repository/Sayfalar/Giris_Sayfasi/RetveTamam_Butonu' is clicked on

2021-10-21 14:15:18 - [TEST_STEP][PASSED] - click(findTestObject("Object Repository/Sayfalar/Giris_Sayfasi/RetveTamam_Butonu")): Object: 'Object Repository/Sayfalar/Giris_Sayfasi/RetveTamam_Butonu' is clicked on

2021-10-21 14:15:18 - [MESSAGE][INFO] - Finding Test Object 'Object Repository/Sayfalar/Giris_Sayfasi/RetveTamam_Butonu'

2021-10-21 14:15:18 - [MESSAGE][INFO] - Checking object

2021-10-21 14:15:18 - [MESSAGE][INFO] - Finding web element from Test Object's properties

2021-10-21 14:15:18 - [MESSAGE][INFO] - Checking timeout

2021-10-21 14:15:18 - [MESSAGE][INFO] - Finding web element with id: 'Object Repository/Sayfalar/Giris_Sayfasi/RetveTamam_Butonu' located by 'By.xpath: //*[@class = 'btn btn-default']' in '30' second(s)

2021-10-21 14:15:18 - [MESSAGE][INFO] - Smart Wait Function is triggered

2021-10-21 14:15:21 - [MESSAGE][INFO] - Found 1 web elements with id: 'Object Repository/Sayfalar/Giris_Sayfasi/RetveTamam_Butonu' located by 'By.xpath: //*[@class = 'btn btn-default']' in '30' second(s)

2021-10-21 14:15:21 - [MESSAGE][INFO] - Clicking on object: 'Object Repository/Sayfalar/Giris_Sayfasi/RetveTamam_Butonu'

2021-10-21 14:15:21 - [MESSAGE][PASSED] - Object: 'Object Repository/Sayfalar/Giris_Sayfasi/RetveTamam_Butonu' is clicked on

2021-10-21 14:15:21 - [TEST_STEP][PASSED] - if (verifyElementPresent(findTestObject("Sayfalar/Giris_Sayfasi/PopupOK"), 5, OPTIONAL)): null

2021-10-21 14:15:21 - [MESSAGE][INFO] - Finding Test Object 'Object Repository/Sayfalar/Giris_Sayfasi/PopupOK'

2021-10-21 14:15:21 - [MESSAGE][INFO] - Checking object

2021-10-21 14:15:21 - [MESSAGE][INFO] - Finding web element from Test Object's properties

2021-10-21 14:15:21 - [MESSAGE][INFO] - Checking timeout

2021-10-21 14:15:21 - [MESSAGE][INFO] - Finding web element with id: 'Object Repository/Sayfalar/Giris_Sayfasi/PopupOK' located by 'By.cssSelector: .btn.btn-success' in '5' second(s)

2021-10-21 14:15:21 - [MESSAGE][INFO] - Smart Wait Function is triggered

2021-10-21 14:15:22 - [MESSAGE][INFO] - Found 1 web elements with id: 'Object Repository/Sayfalar/Giris_Sayfasi/PopupOK' located by 'By.cssSelector: .btn.btn-success' in '5' second(s)

2021-10-21 14:15:22 - [MESSAGE][PASSED] - Object 'Object Repository/Sayfalar/Giris_Sayfasi/PopupOK' is present

2021-10-21 14:15:22 - [TEST_STEP][PASSED] - click(findTestObject("Object Repository/Sayfalar/Giris_Sayfasi/PopupCarpiGiris")): Object: 'Object Repository/Sayfalar/Giris_Sayfasi/PopupCarpiGiris' is clicked on

2021-10-21 14:15:22 - [MESSAGE][INFO] - Finding Test Object 'Object Repository/Sayfalar/Giris_Sayfasi/PopupCarpiGiris'

2021-10-21 14:15:22 - [MESSAGE][INFO] - Checking object

2021-10-21 14:15:22 - [MESSAGE][INFO] - Finding web element from Test Object's properties

2021-10-21 14:15:22 - [MESSAGE][INFO] - Checking timeout

2021-10-21 14:15:22 - [MESSAGE][INFO] - Finding web element with id: 'Object Repository/Sayfalar/Giris_Sayfasi/PopupCarpiGiris' located by 'By.cssSelector: .bootbox-close-button.close' in '30' second(s)

2021-10-21 14:15:22 - [MESSAGE][INFO] - Smart Wait Function is triggered

2021-10-21 14:15:22 - [MESSAGE][INFO] - Found 1 web elements with id: 'Object Repository/Sayfalar/Giris_Sayfasi/PopupCarpiGiris' located by 'By.cssSelector: .bootbox-close-button.close' in '30' second(s)

2021-10-21 14:15:22 - [MESSAGE][INFO] - Clicking on object: 'Object Repository/Sayfalar/Giris_Sayfasi/PopupCarpiGiris'

2021-10-21 14:15:22 - [MESSAGE][PASSED] - Object: 'Object Repository/Sayfalar/Giris_Sayfasi/PopupCarpiGiris' is clicked on

2021-10-21 14:15:22 - [TEST_STEP][PASSED] - verifyElementVisible(findTestObject("Object Repository/Kullanici_Islemleri/KullaniciIslemleri")): Object 'Object Repository/Kullanici_Islemleri/KullaniciIslemleri' is visible

2021-10-21 14:15:22 - [MESSAGE][INFO] - Finding Test Object 'Object Repository/Kullanici_Islemleri/KullaniciIslemleri'

2021-10-21 14:15:22 - [MESSAGE][INFO] - Checking object

2021-10-21 14:15:22 - [MESSAGE][INFO] - Finding web element from Test Object's properties

2021-10-21 14:15:22 - [MESSAGE][INFO] - Checking timeout

2021-10-21 14:15:22 - [MESSAGE][INFO] - Finding web element with id: 'Object Repository/Kullanici_Islemleri/KullaniciIslemleri' located by 'By.cssSelector: .dropdown>a>img' in '30' second(s)

2021-10-21 14:15:22 - [MESSAGE][INFO] - Smart Wait Function is triggered

2021-10-21 14:15:23 - [MESSAGE][INFO] - Found 1 web elements with id: 'Object Repository/Kullanici_Islemleri/KullaniciIslemleri' located by 'By.cssSelector: .dropdown>a>img' in '30' second(s)

2021-10-21 14:15:23 - [MESSAGE][PASSED] - Object 'Object Repository/Kullanici_Islemleri/KullaniciIslemleri' is visible

2021-10-21 14:15:23 - [MESSAGE][PASSED] - Call Test Case 'Test Cases/Sayfalar/Giris_Sayfasi/Login' successfully

2021-10-21 14:15:23 - [MESSAGE][INFO] - Checking called Test Case

2021-10-21 14:15:23 - [MESSAGE][INFO] - Starting to call Test Case 'Test Cases/Menu/AnaMenuSecimi'

2021-10-21 14:15:23 - [TEST_CASE][PASSED] - Test Cases/Menu/AnaMenuSecimi: Test Cases/Menu/AnaMenuSecimi

2021-10-21 14:15:23 - [TEST_STEP][PASSED] - Method.TextDegerineEsitElementeTikla(findTestObject("Menu/Ana_Menu"), Ana_Menu): Method.TextDegerineEsitElementeTikla is PASSED

2021-10-21 14:15:23 - [MESSAGE][INFO] - Finding Test Object 'Object Repository/Menu/Ana_Menu'

2021-10-21 14:15:23 - [MESSAGE][INFO] - Checking timeout

2021-10-21 14:15:23 - [MESSAGE][INFO] - Finding web element with id: 'Object Repository/Menu/Ana_Menu' located by 'By.xpath: //*[@class = 'dropdown-toggle']' in '10' second(s)

2021-10-21 14:15:23 - [MESSAGE][INFO] - Smart Wait Function is triggered

2021-10-21 14:15:24 - [MESSAGE][INFO] - Found 14 web elements with id: 'Object Repository/Menu/Ana_Menu' located by 'By.xpath: //*[@class = 'dropdown-toggle']' in '10' second(s)

2021-10-21 14:15:24 - [MESSAGE][PASSED] - Method.TextDegerineEsitElementeTikla is PASSED

2021-10-21 14:15:24 - [MESSAGE][PASSED] - Call Test Case 'Test Cases/Menu/AnaMenuSecimi' successfully

2021-10-21 14:15:24 - [MESSAGE][INFO] - Checking called Test Case

2021-10-21 14:15:24 - [MESSAGE][INFO] - Starting to call Test Case 'Test Cases/Menu/BasligaGoreAltMenuSecimi'

2021-10-21 14:15:24 - [TEST_CASE][PASSED] - Test Cases/Menu/BasligaGoreAltMenuSecimi: Test Cases/Menu/BasligaGoreAltMenuSecimi

2021-10-21 14:15:24 - [TEST_STEP][PASSED] - Method.TextDegerineEsitElementinAltindakiTextDegerineEsitOlanaTikla(findTestObject("Menu/Menu_Basligi"), findTestObject("Menu/Basliga_Gore_Alt_Menu"), Baslik, Alt_Menu): Method.TextDegerineEsitElementinAltindakiTextDegerineEsitOlanaTikla is PASSED

2021-10-21 14:15:24 - [MESSAGE][INFO] - Finding Test Object 'Object Repository/Menu/Menu_Basligi'

2021-10-21 14:15:24 - [MESSAGE][INFO] - Finding Test Object 'Object Repository/Menu/Basliga_Gore_Alt_Menu'

2021-10-21 14:15:24 - [MESSAGE][INFO] - Checking timeout

2021-10-21 14:15:24 - [MESSAGE][INFO] - Finding web element with id: 'Object Repository/Menu/Menu_Basligi' located by 'By.xpath: //li[@class='dropdown dropdown-large open']//li[@class='dropdown-header']' in '10' second(s)

2021-10-21 14:15:24 - [MESSAGE][INFO] - Smart Wait Function is triggered

2021-10-21 14:15:24 - [MESSAGE][INFO] - Found 2 web elements with id: 'Object Repository/Menu/Menu_Basligi' located by 'By.xpath: //li[@class='dropdown dropdown-large open']//li[@class='dropdown-header']' in '10' second(s)

2021-10-21 14:15:24 - [MESSAGE][INFO] - Smart Wait Function is triggered

2021-10-21 14:15:27 - [MESSAGE][PASSED] - Method.TextDegerineEsitElementinAltindakiTextDegerineEsitOlanaTikla is PASSED

2021-10-21 14:15:27 - [MESSAGE][PASSED] - Call Test Case 'Test Cases/Menu/BasligaGoreAltMenuSecimi' successfully

2021-10-21 14:15:27 - [MESSAGE][INFO] - Checking called Test Case

2021-10-21 14:15:27 - [MESSAGE][INFO] - Starting to call Test Case 'Test Cases/Filtreler/DropdownSec'

2021-10-21 14:15:27 - [TEST_CASE][PASSED] - Test Cases/Filtreler/DropdownSec: Test Cases/Filtreler/DropdownSec

2021-10-21 14:15:27 - [TEST_STEP][PASSED] - Method.TextDegerineEsitElementinAltindakineTikla(findTestObject("Filtreler/Basliklar"), findTestObject("Filtreler/Basliga_Gore_Baslangic_Image"), Filtre_Adi): Method.TextDegerineEsitElementinAltindakineTikla is PASSED

2021-10-21 14:15:27 - [MESSAGE][INFO] - Finding Test Object 'Object Repository/Filtreler/Basliklar'

2021-10-21 14:15:27 - [MESSAGE][INFO] - Finding Test Object 'Object Repository/Filtreler/Basliga_Gore_Baslangic_Image'

2021-10-21 14:15:27 - [MESSAGE][INFO] - Checking timeout

2021-10-21 14:15:27 - [MESSAGE][INFO] - Finding web element with id: 'Object Repository/Filtreler/Basliklar' located by 'By.cssSelector: .control-label.col-sm-4.paddingMarginRLC' in '10' second(s)

2021-10-21 14:15:27 - [MESSAGE][INFO] - Smart Wait Function is triggered

2021-10-21 14:15:27 - [MESSAGE][INFO] - Found 5 web elements with id: 'Object Repository/Filtreler/Basliklar' located by 'By.cssSelector: .control-label.col-sm-4.paddingMarginRLC' in '10' second(s)

2021-10-21 14:15:27 - [MESSAGE][INFO] - Smart Wait Function is triggered

2021-10-21 14:15:28 - [MESSAGE][PASSED] - Method.TextDegerineEsitElementinAltindakineTikla is PASSED

2021-10-21 14:15:28 - [TEST_STEP][PASSED] - Method.TextDegerineEsitElementeTikla(findTestObject("Object Repository/Filtreler/Basliga_Gore_Dropdown"), Filtre_Degeri): Method.TextDegerineEsitElementeTikla is PASSED

2021-10-21 14:15:28 - [MESSAGE][INFO] - Finding Test Object 'Object Repository/Filtreler/Basliga_Gore_Dropdown'

2021-10-21 14:15:28 - [MESSAGE][INFO] - Checking timeout

2021-10-21 14:15:28 - [MESSAGE][INFO] - Finding web element with id: 'Object Repository/Filtreler/Basliga_Gore_Dropdown' located by 'By.xpath: //*[@class = 'dxeListBoxItemRow_LECustomTheme']' in '10' second(s)

2021-10-21 14:15:28 - [MESSAGE][INFO] - Smart Wait Function is triggered

2021-10-21 14:15:28 - [MESSAGE][INFO] - Found 58 web elements with id: 'Object Repository/Filtreler/Basliga_Gore_Dropdown' located by 'By.xpath: //*[@class = 'dxeListBoxItemRow_LECustomTheme']' in '10' second(s)

2021-10-21 14:15:29 - [MESSAGE][PASSED] - Method.TextDegerineEsitElementeTikla is PASSED

2021-10-21 14:15:29 - [MESSAGE][PASSED] - Call Test Case 'Test Cases/Filtreler/DropdownSec' successfully

2021-10-21 14:15:29 - [MESSAGE][INFO] - Checking called Test Case

2021-10-21 14:15:29 - [MESSAGE][INFO] - Starting to call Test Case 'Test Cases/Filtreler/BaslangicYaz'

2021-10-21 14:15:29 - [TEST_CASE][PASSED] - Test Cases/Filtreler/BaslangicYaz: Test Cases/Filtreler/BaslangicYaz

2021-10-21 14:15:29 - [TEST_STEP][PASSED] - Method.TextDegerineEsitElementinAltindakineTikla(findTestObject("Filtreler/Basliklar"), findTestObject("Filtreler/Basliga_Gore_Baslangic_Image"), Filtre_Adi): Method.TextDegerineEsitElementinAltindakineTikla is PASSED

2021-10-21 14:15:29 - [MESSAGE][INFO] - Finding Test Object 'Object Repository/Filtreler/Basliklar'

2021-10-21 14:15:29 - [MESSAGE][INFO] - Finding Test Object 'Object Repository/Filtreler/Basliga_Gore_Baslangic_Image'

2021-10-21 14:15:29 - [MESSAGE][INFO] - Checking timeout

2021-10-21 14:15:29 - [MESSAGE][INFO] - Finding web element with id: 'Object Repository/Filtreler/Basliklar' located by 'By.cssSelector: .control-label.col-sm-4.paddingMarginRLC' in '10' second(s)

2021-10-21 14:15:29 - [MESSAGE][INFO] - Smart Wait Function is triggered

2021-10-21 14:15:29 - [MESSAGE][INFO] - Found 5 web elements with id: 'Object Repository/Filtreler/Basliklar' located by 'By.cssSelector: .control-label.col-sm-4.paddingMarginRLC' in '10' second(s)

2021-10-21 14:15:29 - [MESSAGE][INFO] - Smart Wait Function is triggered

2021-10-21 14:15:30 - [MESSAGE][PASSED] - Method.TextDegerineEsitElementinAltindakineTikla is PASSED

2021-10-21 14:15:30 - [TEST_STEP][PASSED] - Method.TextDegerineEsitElementinAltindakiTextboxtaYaz(findTestObject("Filtreler/Basliklar"), findTestObject("Filtreler/Basliga_Gore_Baslangic"), Filtre_Adi, Filtre_Degeri): Method.TextDegerineEsitElementinAltindakiTextboxtaYaz is PASSED

2021-10-21 14:15:30 - [MESSAGE][INFO] - Finding Test Object 'Object Repository/Filtreler/Basliklar'

2021-10-21 14:15:30 - [MESSAGE][INFO] - Finding Test Object 'Object Repository/Filtreler/Basliga_Gore_Baslangic'

2021-10-21 14:15:30 - [MESSAGE][INFO] - Checking timeout

2021-10-21 14:15:30 - [MESSAGE][INFO] - Finding web element with id: 'Object Repository/Filtreler/Basliklar' located by 'By.cssSelector: .control-label.col-sm-4.paddingMarginRLC' in '10' second(s)

2021-10-21 14:15:30 - [MESSAGE][INFO] - Smart Wait Function is triggered

2021-10-21 14:15:30 - [MESSAGE][INFO] - Found 5 web elements with id: 'Object Repository/Filtreler/Basliklar' located by 'By.cssSelector: .control-label.col-sm-4.paddingMarginRLC' in '10' second(s)

2021-10-21 14:15:30 - [MESSAGE][INFO] - Smart Wait Function is triggered

2021-10-21 14:15:31 - [MESSAGE][PASSED] - Method.TextDegerineEsitElementinAltindakiTextboxtaYaz is PASSED

2021-10-21 14:15:31 - [MESSAGE][PASSED] - Call Test Case 'Test Cases/Filtreler/BaslangicYaz' successfully

2021-10-21 14:15:31 - [MESSAGE][INFO] - Checking called Test Case

2021-10-21 14:15:31 - [MESSAGE][INFO] - Starting to call Test Case 'Test Cases/Filtreler/BitisYaz'

2021-10-21 14:15:31 - [TEST_CASE][PASSED] - Test Cases/Filtreler/BitisYaz: Test Cases/Filtreler/BitisYaz

2021-10-21 14:15:31 - [TEST_STEP][PASSED] - Method.TextDegerineEsitElementinAltindakineTikla(findTestObject("Filtreler/Basliklar"), findTestObject("Filtreler/Basliga_Gore_Bitis_Image"), Filtre_Adi): Method.TextDegerineEsitElementinAltindakineTikla is PASSED

2021-10-21 14:15:31 - [MESSAGE][INFO] - Finding Test Object 'Object Repository/Filtreler/Basliklar'

2021-10-21 14:15:31 - [MESSAGE][INFO] - Finding Test Object 'Object Repository/Filtreler/Basliga_Gore_Bitis_Image'

2021-10-21 14:15:31 - [MESSAGE][INFO] - Checking timeout

2021-10-21 14:15:31 - [MESSAGE][INFO] - Finding web element with id: 'Object Repository/Filtreler/Basliklar' located by 'By.cssSelector: .control-label.col-sm-4.paddingMarginRLC' in '10' second(s)

2021-10-21 14:15:31 - [MESSAGE][INFO] - Smart Wait Function is triggered

2021-10-21 14:15:32 - [MESSAGE][INFO] - Found 5 web elements with id: 'Object Repository/Filtreler/Basliklar' located by 'By.cssSelector: .control-label.col-sm-4.paddingMarginRLC' in '10' second(s)

2021-10-21 14:15:32 - [MESSAGE][INFO] - Smart Wait Function is triggered

2021-10-21 14:15:32 - [MESSAGE][PASSED] - Method.TextDegerineEsitElementinAltindakineTikla is PASSED

2021-10-21 14:15:32 - [TEST_STEP][PASSED] - Method.TextDegerineEsitElementinAltindakiTextboxtaYaz(findTestObject("Filtreler/Basliklar"), findTestObject("Object Repository/Filtreler/Basliga_Gore_Bitis"), Filtre_Adi, Filtre_Degeri): Method.TextDegerineEsitElementinAltindakiTextboxtaYaz is PASSED

2021-10-21 14:15:32 - [MESSAGE][INFO] - Finding Test Object 'Object Repository/Filtreler/Basliklar'

2021-10-21 14:15:32 - [MESSAGE][INFO] - Finding Test Object 'Object Repository/Filtreler/Basliga_Gore_Bitis'

2021-10-21 14:15:32 - [MESSAGE][INFO] - Checking timeout

2021-10-21 14:15:32 - [MESSAGE][INFO] - Finding web element with id: 'Object Repository/Filtreler/Basliklar' located by 'By.cssSelector: .control-label.col-sm-4.paddingMarginRLC' in '10' second(s)

2021-10-21 14:15:32 - [MESSAGE][INFO] - Smart Wait Function is triggered

2021-10-21 14:15:32 - [MESSAGE][INFO] - Found 5 web elements with id: 'Object Repository/Filtreler/Basliklar' located by 'By.cssSelector: .control-label.col-sm-4.paddingMarginRLC' in '10' second(s)

2021-10-21 14:15:32 - [MESSAGE][INFO] - Smart Wait Function is triggered

2021-10-21 14:15:33 - [MESSAGE][PASSED] - Method.TextDegerineEsitElementinAltindakiTextboxtaYaz is PASSED

2021-10-21 14:15:33 - [MESSAGE][PASSED] - Call Test Case 'Test Cases/Filtreler/BitisYaz' successfully

2021-10-21 14:15:33 - [MESSAGE][INFO] - Checking called Test Case

2021-10-21 14:15:33 - [MESSAGE][INFO] - Starting to call Test Case 'Test Cases/Filtreler/ButonaTikla'

2021-10-21 14:15:33 - [TEST_CASE][PASSED] - Test Cases/Filtreler/ButonaTikla: Test Cases/Filtreler/ButonaTikla

2021-10-21 14:15:33 - [TEST_STEP][PASSED] - Method.TextDegerineEsitElementeTikla(findTestObject("Filtreler/Butonlar"), Filtre_Buton): Method.TextDegerineEsitElementeTikla is PASSED

2021-10-21 14:15:33 - [MESSAGE][INFO] - Finding Test Object 'Object Repository/Filtreler/Butonlar'

2021-10-21 14:15:33 - [MESSAGE][INFO] - Checking timeout

2021-10-21 14:15:33 - [MESSAGE][INFO] - Finding web element with id: 'Object Repository/Filtreler/Butonlar' located by 'By.cssSelector: .dxb>span' in '10' second(s)

2021-10-21 14:15:33 - [MESSAGE][INFO] - Smart Wait Function is triggered

2021-10-21 14:15:33 - [MESSAGE][INFO] - Found 3 web elements with id: 'Object Repository/Filtreler/Butonlar' located by 'By.cssSelector: .dxb>span' in '10' second(s)

2021-10-21 14:15:34 - [MESSAGE][PASSED] - Method.TextDegerineEsitElementeTikla is PASSED

2021-10-21 14:15:34 - [MESSAGE][PASSED] - Call Test Case 'Test Cases/Filtreler/ButonaTikla' successfully

2021-10-21 14:15:34 - [MESSAGE][INFO] - Checking called Test Case

2021-10-21 14:15:34 - [MESSAGE][INFO] - Starting to call Test Case 'Test Cases/Tablo/TablodaVeriVarMi'

2021-10-21 14:15:34 - [TEST_CASE][PASSED] - Test Cases/Tablo/TablodaVeriVarMi: Test Cases/Tablo/TablodaVeriVarMi

2021-10-21 14:15:34 - [TEST_STEP][PASSED] - verifyTextNotPresent("Görüntülenecek veri yok", true): Text 'Görüntülenecek veri yok' is not present on page using regular expression

2021-10-21 14:15:34 - [MESSAGE][INFO] - Checking text present  using regular expression

2021-10-21 14:15:34 - [MESSAGE][INFO] - Smart Wait Function is triggered

2021-10-21 14:15:35 - [MESSAGE][INFO] - Finding text 'Görüntülenecek veri yok' on page  using regular expression

2021-10-21 14:15:35 - [MESSAGE][PASSED] - Text 'Görüntülenecek veri yok' is not present on page using regular expression

2021-10-21 14:15:35 - [MESSAGE][PASSED] - Call Test Case 'Test Cases/Tablo/TablodaVeriVarMi' successfully

2021-10-21 14:15:35 - [MESSAGE][INFO] - Checking called Test Case

2021-10-21 14:15:35 - [MESSAGE][INFO] - Starting to call Test Case 'Test Cases/Tablo/TablodanVeriSec'

2021-10-21 14:15:35 - [TEST_CASE][PASSED] - Test Cases/Tablo/TablodanVeriSec: Test Cases/Tablo/TablodanVeriSec

2021-10-21 14:15:35 - [TEST_STEP][PASSED] - Method.TextDegerineEsitElementinAltindakineTikla(findTestObject("Tablo/Veriler"), findTestObject("Tablo/VerininCheckBoxi"), Veri_Adi): Method.TextDegerineEsitElementinAltindakineTikla is PASSED

2021-10-21 14:15:35 - [MESSAGE][INFO] - Finding Test Object 'Object Repository/Tablo/Veriler'

2021-10-21 14:15:35 - [MESSAGE][INFO] - Finding Test Object 'Object Repository/Tablo/VerininCheckBoxi'

2021-10-21 14:15:35 - [MESSAGE][INFO] - Checking timeout

2021-10-21 14:15:35 - [MESSAGE][INFO] - Finding web element with id: 'Object Repository/Tablo/Veriler' located by 'By.cssSelector: td.dxgv b ,td.dxgv' in '10' second(s)

2021-10-21 14:15:35 - [MESSAGE][INFO] - Smart Wait Function is triggered

2021-10-21 14:15:35 - [MESSAGE][INFO] - Found 130 web elements with id: 'Object Repository/Tablo/Veriler' located by 'By.cssSelector: td.dxgv b ,td.dxgv' in '10' second(s)

2021-10-21 14:15:36 - [MESSAGE][INFO] - Smart Wait Function is triggered

2021-10-21 14:15:37 - [MESSAGE][PASSED] - Method.TextDegerineEsitElementinAltindakineTikla is PASSED

2021-10-21 14:15:37 - [MESSAGE][PASSED] - Call Test Case 'Test Cases/Tablo/TablodanVeriSec' successfully

2021-10-21 14:15:37 - [MESSAGE][INFO] - Checking called Test Case

2021-10-21 14:15:37 - [MESSAGE][INFO] - Starting to call Test Case 'Test Cases/Butonlar/ButonaTikla'

2021-10-21 14:15:37 - [TEST_CASE][PASSED] - Test Cases/Butonlar/ButonaTikla: Test Cases/Butonlar/ButonaTikla

2021-10-21 14:15:37 - [TEST_STEP][PASSED] - Method.TextDegerineEsitElementeTiklaEquals(findTestObject("Butonlar/Butonlar"), Buton_Adi): Method.TextDegerineEsitElementeTiklaEquals is PASSED

2021-10-21 14:15:37 - [MESSAGE][INFO] - Finding Test Object 'Object Repository/Butonlar/Butonlar'

2021-10-21 14:15:37 - [MESSAGE][INFO] - Checking timeout

2021-10-21 14:15:37 - [MESSAGE][INFO] - Finding web element with id: 'Object Repository/Butonlar/Butonlar' located by 'By.cssSelector: .panel.panel-default.text-center.footerPanel .btn,.btn.btn-primary.btnControls' in '10' second(s)

2021-10-21 14:15:37 - [MESSAGE][INFO] - Smart Wait Function is triggered

2021-10-21 14:15:37 - [MESSAGE][INFO] - Found 6 web elements with id: 'Object Repository/Butonlar/Butonlar' located by 'By.cssSelector: .panel.panel-default.text-center.footerPanel .btn,.btn.btn-primary.btnControls' in '10' second(s)

2021-10-21 14:15:37 - [MESSAGE][PASSED] - Method.TextDegerineEsitElementeTiklaEquals is PASSED

2021-10-21 14:15:37 - [MESSAGE][PASSED] - Call Test Case 'Test Cases/Butonlar/ButonaTikla' successfully

2021-10-21 14:15:37 - [MESSAGE][INFO] - Checking called Test Case

2021-10-21 14:15:37 - [MESSAGE][INFO] - Starting to call Test Case 'Test Cases/Popup/PopupMesajiIceriyorMu'

2021-10-21 14:15:37 - [TEST_CASE][PASSED] - Test Cases/Popup/PopupMesajiIceriyorMu: Test Cases/Popup/PopupMesajiIceriyorMu

2021-10-21 14:15:37 - [TEST_STEP][PASSED] - waitForElementVisible(findTestObject("Popup/Popup"), 10): Object 'Object Repository/Popup/Popup' is visible

2021-10-21 14:15:37 - [MESSAGE][INFO] - Finding Test Object 'Object Repository/Popup/Popup'

2021-10-21 14:15:37 - [MESSAGE][INFO] - Checking object

2021-10-21 14:15:37 - [MESSAGE][INFO] - Checking timeout

2021-10-21 14:15:37 - [MESSAGE][INFO] - Finding web element from Test Object's properties

2021-10-21 14:15:37 - [MESSAGE][INFO] - Checking timeout

2021-10-21 14:15:37 - [MESSAGE][INFO] - Finding web element with id: 'Object Repository/Popup/Popup' located by 'By.cssSelector: .bootbox-body' in '10' second(s)

2021-10-21 14:15:37 - [MESSAGE][INFO] - Smart Wait Function is triggered

2021-10-21 14:15:39 - [MESSAGE][INFO] - Found 1 web elements with id: 'Object Repository/Popup/Popup' located by 'By.cssSelector: .bootbox-body' in '10' second(s)

2021-10-21 14:15:39 - [MESSAGE][PASSED] - Object 'Object Repository/Popup/Popup' is visible

2021-10-21 14:15:39 - [TEST_STEP][PASSED] - if (!(getText(findTestObject("Popup/Popup")).contains(Mesaj))): Text of object 'Object Repository/Popup/Popup' is: 'Seçtiğiniz kayıtlardan 1 adedi GİB'e göndermek için uygun değildir.'

2021-10-21 14:15:39 - [MESSAGE][INFO] - Finding Test Object 'Object Repository/Popup/Popup'

2021-10-21 14:15:39 - [MESSAGE][INFO] - Checking object

2021-10-21 14:15:39 - [MESSAGE][INFO] - Finding web element from Test Object's properties

2021-10-21 14:15:39 - [MESSAGE][INFO] - Checking timeout

2021-10-21 14:15:39 - [MESSAGE][INFO] - Finding web element with id: 'Object Repository/Popup/Popup' located by 'By.cssSelector: .bootbox-body' in '30' second(s)

2021-10-21 14:15:39 - [MESSAGE][INFO] - Smart Wait Function is triggered

2021-10-21 14:15:39 - [MESSAGE][INFO] - Found 1 web elements with id: 'Object Repository/Popup/Popup' located by 'By.cssSelector: .bootbox-body' in '30' second(s)

2021-10-21 14:15:39 - [MESSAGE][INFO] - Getting text of object 'Object Repository/Popup/Popup'

2021-10-21 14:15:39 - [MESSAGE][PASSED] - Text of object 'Object Repository/Popup/Popup' is: 'Seçtiğiniz kayıtlardan 1 adedi GİB'e göndermek için uygun değildir.'

2021-10-21 14:15:39 - [TEST_STEP][PASSED] - RaporNo = getText(findTestObject("Popup/Popup")).substring(0, 6): Text of object 'Object Repository/Popup/Popup' is: 'Seçtiğiniz kayıtlardan 1 adedi GİB'e göndermek için uygun değildir.'

2021-10-21 14:15:39 - [MESSAGE][INFO] - Finding Test Object 'Object Repository/Popup/Popup'

2021-10-21 14:15:39 - [MESSAGE][INFO] - Checking object

2021-10-21 14:15:39 - [MESSAGE][INFO] - Finding web element from Test Object's properties

2021-10-21 14:15:39 - [MESSAGE][INFO] - Checking timeout

2021-10-21 14:15:39 - [MESSAGE][INFO] - Finding web element with id: 'Object Repository/Popup/Popup' located by 'By.cssSelector: .bootbox-body' in '30' second(s)

2021-10-21 14:15:39 - [MESSAGE][INFO] - Smart Wait Function is triggered

2021-10-21 14:15:40 - [MESSAGE][INFO] - Found 1 web elements with id: 'Object Repository/Popup/Popup' located by 'By.cssSelector: .bootbox-body' in '30' second(s)

2021-10-21 14:15:40 - [MESSAGE][INFO] - Getting text of object 'Object Repository/Popup/Popup'

2021-10-21 14:15:40 - [MESSAGE][PASSED] - Text of object 'Object Repository/Popup/Popup' is: 'Seçtiğiniz kayıtlardan 1 adedi GİB'e göndermek için uygun değildir.'

2021-10-21 14:15:40 - [TEST_STEP][PASSED] - Console.println(RaporNo): null

2021-10-21 14:15:40 - [MESSAGE][PASSED] - Call Test Case 'Test Cases/Popup/PopupMesajiIceriyorMu' successfully

2021-10-21 14:15:40 - [MESSAGE][INFO] - Checking called Test Case

2021-10-21 14:15:40 - [MESSAGE][INFO] - Starting to call Test Case 'Test Cases/Popup/PopupButonSecilir'

2021-10-21 14:15:40 - [TEST_CASE][PASSED] - Test Cases/Popup/PopupButonSecilir: Test Cases/Popup/PopupButonSecilir

2021-10-21 14:15:40 - [TEST_STEP][PASSED] - Method.TextDegerineEsitElementeTikla(findTestObject("Popup/Popup_Butons"), Buton): Method.TextDegerineEsitElementeTikla is PASSED

2021-10-21 14:15:40 - [MESSAGE][INFO] - Finding Test Object 'Object Repository/Popup/Popup_Butons'

2021-10-21 14:15:40 - [MESSAGE][INFO] - Checking timeout

2021-10-21 14:15:40 - [MESSAGE][INFO] - Finding web element with id: 'Object Repository/Popup/Popup_Butons' located by 'By.cssSelector: .modal-footer>button' in '10' second(s)

2021-10-21 14:15:40 - [MESSAGE][INFO] - Smart Wait Function is triggered

2021-10-21 14:15:40 - [MESSAGE][INFO] - Found 1 web elements with id: 'Object Repository/Popup/Popup_Butons' located by 'By.cssSelector: .modal-footer>button' in '10' second(s)

2021-10-21 14:15:40 - [MESSAGE][PASSED] - Method.TextDegerineEsitElementeTikla is PASSED

2021-10-21 14:15:40 - [MESSAGE][PASSED] - Call Test Case 'Test Cases/Popup/PopupButonSecilir' successfully

2021-10-21 14:15:40 - [MESSAGE][INFO] - Checking called Test Case

2021-10-21 14:15:40 - [MESSAGE][INFO] - Starting to call Test Case 'Test Cases/Kullanici_Islemleri/KullaniciIslemlerindenSecimYapilir'

2021-10-21 14:15:40 - [TEST_CASE][PASSED] - Test Cases/Kullanici_Islemleri/KullaniciIslemlerindenSecimYapilir: Test Cases/Kullanici_Islemleri/KullaniciIslemlerindenSecimYapilir

2021-10-21 14:15:40 - [TEST_STEP][PASSED] - waitForElementClickable(findTestObject("Object Repository/Kullanici_Islemleri/KullaniciIslemleri"), 10): Object 'Object Repository/Kullanici_Islemleri/KullaniciIslemleri' is clickable

2021-10-21 14:15:40 - [MESSAGE][INFO] - Finding Test Object 'Object Repository/Kullanici_Islemleri/KullaniciIslemleri'

2021-10-21 14:15:40 - [MESSAGE][INFO] - Checking object

2021-10-21 14:15:40 - [MESSAGE][INFO] - Checking timeout

2021-10-21 14:15:40 - [MESSAGE][INFO] - Finding web element from Test Object's properties

2021-10-21 14:15:40 - [MESSAGE][INFO] - Checking timeout

2021-10-21 14:15:40 - [MESSAGE][INFO] - Finding web element with id: 'Object Repository/Kullanici_Islemleri/KullaniciIslemleri' located by 'By.cssSelector: .dropdown>a>img' in '10' second(s)

2021-10-21 14:15:40 - [MESSAGE][INFO] - Smart Wait Function is triggered

2021-10-21 14:15:41 - [MESSAGE][INFO] - Found 1 web elements with id: 'Object Repository/Kullanici_Islemleri/KullaniciIslemleri' located by 'By.cssSelector: .dropdown>a>img' in '10' second(s)

2021-10-21 14:15:41 - [MESSAGE][PASSED] - Object 'Object Repository/Kullanici_Islemleri/KullaniciIslemleri' is clickable

2021-10-21 14:15:41 - [TEST_STEP][PASSED] - click(findTestObject("Object Repository/Kullanici_Islemleri/KullaniciIslemleri")): Object: 'Object Repository/Kullanici_Islemleri/KullaniciIslemleri' is clicked on

2021-10-21 14:15:41 - [MESSAGE][INFO] - Finding Test Object 'Object Repository/Kullanici_Islemleri/KullaniciIslemleri'

2021-10-21 14:15:41 - [MESSAGE][INFO] - Checking object

2021-10-21 14:15:41 - [MESSAGE][INFO] - Finding web element from Test Object's properties

2021-10-21 14:15:41 - [MESSAGE][INFO] - Checking timeout

2021-10-21 14:15:41 - [MESSAGE][INFO] - Finding web element with id: 'Object Repository/Kullanici_Islemleri/KullaniciIslemleri' located by 'By.cssSelector: .dropdown>a>img' in '30' second(s)

2021-10-21 14:15:41 - [MESSAGE][INFO] - Smart Wait Function is triggered

2021-10-21 14:15:41 - [MESSAGE][INFO] - Found 1 web elements with id: 'Object Repository/Kullanici_Islemleri/KullaniciIslemleri' located by 'By.cssSelector: .dropdown>a>img' in '30' second(s)

2021-10-21 14:15:41 - [MESSAGE][INFO] - Clicking on object: 'Object Repository/Kullanici_Islemleri/KullaniciIslemleri'

2021-10-21 14:15:41 - [MESSAGE][PASSED] - Object: 'Object Repository/Kullanici_Islemleri/KullaniciIslemleri' is clicked on

2021-10-21 14:15:41 - [TEST_STEP][PASSED] - Method.TextDegerineEsitElementeTikla(findTestObject("Object Repository/Kullanici_Islemleri/Secenekler"), Islem): Method.TextDegerineEsitElementeTikla is PASSED

2021-10-21 14:15:41 - [MESSAGE][INFO] - Finding Test Object 'Object Repository/Kullanici_Islemleri/Secenekler'

2021-10-21 14:15:41 - [MESSAGE][INFO] - Checking timeout

2021-10-21 14:15:41 - [MESSAGE][INFO] - Finding web element with id: 'Object Repository/Kullanici_Islemleri/Secenekler' located by 'By.cssSelector: .nav.navbar-nav.navbar-right li a' in '10' second(s)

2021-10-21 14:15:41 - [MESSAGE][INFO] - Smart Wait Function is triggered

2021-10-21 14:15:42 - [MESSAGE][INFO] - Found 22 web elements with id: 'Object Repository/Kullanici_Islemleri/Secenekler' located by 'By.cssSelector: .nav.navbar-nav.navbar-right li a' in '10' second(s)

2021-10-21 14:15:43 - [MESSAGE][PASSED] - Method.TextDegerineEsitElementeTikla is PASSED

2021-10-21 14:15:43 - [TEST_STEP][PASSED] - verifyElementNotPresent(findTestObject("Object Repository/Kullanici_Islemleri/Secenekler"), 10): Web element with id: 'Object Repository/Kullanici_Islemleri/Secenekler' located by 'By.cssSelector: .nav.navbar-nav.navbar-right li a' is not present after '10' second(s)

2021-10-21 14:15:43 - [MESSAGE][INFO] - Finding Test Object 'Object Repository/Kullanici_Islemleri/Secenekler'

2021-10-21 14:15:43 - [MESSAGE][INFO] - Checking object

2021-10-21 14:15:43 - [MESSAGE][INFO] - Checking timeout

2021-10-21 14:15:43 - [MESSAGE][INFO] - Finding web element with id: 'Object Repository/Kullanici_Islemleri/Secenekler' located by 'By.cssSelector: .nav.navbar-nav.navbar-right li a' in '10' second(s)

2021-10-21 14:15:43 - [MESSAGE][INFO] - Smart Wait Function is triggered

2021-10-21 14:15:44 - [MESSAGE][PASSED] - Web element with id: 'Object Repository/Kullanici_Islemleri/Secenekler' located by 'By.cssSelector: .nav.navbar-nav.navbar-right li a' is not present after '10' second(s)

2021-10-21 14:15:44 - [MESSAGE][PASSED] - Call Test Case 'Test Cases/Kullanici_Islemleri/KullaniciIslemlerindenSecimYapilir' successfully

2021-10-21 14:15:44 - [TEST_CASE][PASSED] - Start Test Case : SCENARIO e-Mustahsil Makbuzu Raporlari GIBe Gonder: SCENARIO e-Mustahsil Makbuzu Raporlari GIBe Gonder

2021-10-21 14:15:44 - [TEST_STEP][PASSED] - Kullanıcı adı ELOGO6 ve Şifre 123456 olarak giriş yapılır: Kullanıcı adı ELOGO6 ve Şifre 123456 olarak giriş yapılır

2021-10-21 14:15:44 - [MESSAGE][PASSED] - Kullanıcı adı ELOGO6 ve Şifre 123456 olarak giriş yapılır

2021-10-21 14:15:44 - [TEST_STEP][PASSED] - Ana menüden e-Makbuz seçilir: Ana menüden e-Makbuz seçilir

2021-10-21 14:15:44 - [MESSAGE][PASSED] - Ana menüden e-Makbuz seçilir

2021-10-21 14:15:44 - [TEST_STEP][PASSED] - Alt menü e-Müstahsil Uygulaması başlığı altındaki e-Müstahsil Makbuzu Raporları seçilir: Alt menü e-Müstahsil Uygulaması başlığı altındaki e-Müstahsil Makbuzu Raporları seçilir

2021-10-21 14:15:44 - [MESSAGE][PASSED] - Alt menü e-Müstahsil Uygulaması başlığı altındaki e-Müstahsil Makbuzu Raporları seçilir

2021-10-21 14:15:44 - [TEST_STEP][PASSED] - Filtrelerden Dönem Tarihi filtresine 2021 Ocak dropdowndan degeri seçilir: Filtrelerden Dönem Tarihi filtresine 2021 Ocak dropdowndan degeri seçilir

2021-10-21 14:15:44 - [MESSAGE][PASSED] - Filtrelerden Dönem Tarihi filtresine 2021 Ocak dropdowndan degeri seçilir

2021-10-21 14:15:44 - [TEST_STEP][PASSED] - Filtrelerden Bölüm Tarihi filtresine 09.01.2021 baslangic degerini yaz: Filtrelerden Bölüm Tarihi filtresine 09.01.2021 baslangic degerini yaz

2021-10-21 14:15:44 - [MESSAGE][PASSED] - Filtrelerden Bölüm Tarihi filtresine 09.01.2021 baslangic degerini yaz

2021-10-21 14:15:44 - [TEST_STEP][PASSED] - Filtrelerden Bölüm Tarihi filtresine 09.01.2021 bitis degerini yaz: Filtrelerden Bölüm Tarihi filtresine 09.01.2021 bitis degerini yaz

2021-10-21 14:15:44 - [MESSAGE][PASSED] - Filtrelerden Bölüm Tarihi filtresine 09.01.2021 bitis degerini yaz

2021-10-21 14:15:44 - [TEST_STEP][PASSED] - Filtre butonlarından Listele seçilir: Filtre butonlarından Listele seçilir

2021-10-21 14:15:44 - [MESSAGE][PASSED] - Filtre butonlarından Listele seçilir

2021-10-21 14:15:44 - [TEST_STEP][PASSED] - Tabloda veri var mı kontrol edilir: Tabloda veri var mı kontrol edilir

2021-10-21 14:15:44 - [MESSAGE][PASSED] - Tabloda veri var mı kontrol edilir

2021-10-21 14:15:44 - [TEST_STEP][PASSED] - Tablodan 2891 isimli veri seçilir: Tablodan 2891 isimli veri seçilir

2021-10-21 14:15:44 - [MESSAGE][PASSED] - Tablodan 2891 isimli veri seçilir

2021-10-21 14:15:44 - [TEST_STEP][PASSED] - Butonlardan GİB'e Gönder isimli butona tıklanır: Butonlardan GİB'e Gönder isimli butona tıklanır

2021-10-21 14:15:44 - [MESSAGE][PASSED] - Butonlardan GİB'e Gönder isimli butona tıklanır

2021-10-21 14:15:44 - [TEST_STEP][PASSED] - Popup mesajı Seçtiğiniz kayıtlardan 1 adedi GİB'e göndermek için uygun değildir. içeriyor mu: Popup mesajı Seçtiğiniz kayıtlardan 1 adedi GİB'e göndermek için uygun değildir. içeriyor mu

2021-10-21 14:15:44 - [MESSAGE][PASSED] - Popup mesajı Seçtiğiniz kayıtlardan 1 adedi GİB'e göndermek için uygun değildir. içeriyor mu

2021-10-21 14:15:44 - [TEST_STEP][PASSED] - Yönetim popupında Tamam seçilir: Yönetim popupında Tamam seçilir

2021-10-21 14:15:44 - [MESSAGE][PASSED] - Yönetim popupında Tamam seçilir

2021-10-21 14:15:44 - [TEST_STEP][PASSED] - Kullanıcı işlemlerinden Çıkış seçilir: Kullanıcı işlemlerinden Çıkış seçilir

2021-10-21 14:15:44 - [MESSAGE][PASSED] - Kullanıcı işlemlerinden Çıkış seçilir

2021-10-21 14:15:44 - [MESSAGE][PASSED] - Feature file: 'Include/features/e-Makbuz/e-Mustahsil Uygulamasi/e-Mustahsil Makbuzu Raporlari/GIBe Gonder.feature' was passed

2021-10-21 14:15:44 - [TEST_STEP][PASSED] - Start listener action : sampleAfterTestSuite: Invoke 'com.kms.katalon.core.annotation.AfterTestCase' method: 'Listener.sampleAfterTestSuite(...)' completed.

2021-10-21 14:15:44 - [MESSAGE][INFO] - Starting invoke 'com.kms.katalon.core.annotation.AfterTestCase' method: 'Listener.sampleAfterTestSuite(...)'

2021-10-21 14:15:44 - [TEST_STEP][PASSED] - closeBrowser(): Invoke 'com.kms.katalon.core.annotation.AfterTestCase' method: 'Listener.sampleAfterTestSuite(...)' completed.

2021-10-21 14:15:44 - [MESSAGE][INFO] - Closing browser

2021-10-21 14:15:45 - [MESSAGE][PASSED] - Browser is closed

2021-10-21 14:15:45 - [MESSAGE][INFO] - Invoke 'com.kms.katalon.core.annotation.AfterTestCase' method: 'Listener.sampleAfterTestSuite(...)' completed.]]></system-out>
         <system-err><![CDATA[]]></system-err>
      </testcase>
      <testcase name="Test Cases/Case Repository/e-Makbuz/e-Mustahsil Uygulamasi/e-Mustahsil Makbuzu Raporlari/Izleme Kayitlari" time="41.589" classname="Test Cases/Case Repository/e-Makbuz/e-Mustahsil Uygulamasi/e-Mustahsil Makbuzu Raporlari/Izleme Kayitlari" status="PASSED">
         <system-out><![CDATA[2021-10-21 14:15:45 - [TEST_CASE][PASSED] - Test Cases/Case Repository/e-Makbuz/e-Mustahsil Uygulamasi/e-Mustahsil Makbuzu Raporlari/Izleme Kayitlari: Test Cases/Case Repository/e-Makbuz/e-Mustahsil Uygulamasi/e-Mustahsil Makbuzu Raporlari/Izleme Kayitlari

2021-10-21 14:15:45 - [TEST_STEP][PASSED] - Start listener action : sampleBeforeTestSuite: Invoke 'com.kms.katalon.core.annotation.BeforeTestCase' method: 'Listener.sampleBeforeTestSuite(...)' completed.

2021-10-21 14:15:45 - [MESSAGE][INFO] - Starting invoke 'com.kms.katalon.core.annotation.BeforeTestCase' method: 'Listener.sampleBeforeTestSuite(...)'

2021-10-21 14:15:45 - [TEST_STEP][PASSED] - openBrowser(baseUrl): Browser is opened with url: 'https://efatura-stage.elogo.com.tr/'

2021-10-21 14:15:45 - [MESSAGE][INFO] - Opening browser

2021-10-21 14:15:45 - [MESSAGE][INFO] - Starting 'Chrome' driver

2021-10-21 14:15:45 - [MESSAGE][INFO] - User set preference: ['prefs', '{download.default_directory=C:\otomasyondownfiles}']

2021-10-21 14:15:45 - [MESSAGE][INFO] - Action delay is set to 0 milliseconds

2021-10-21 14:15:46 - [MESSAGE][INFO] - Navigating browser to: 'https://efatura-stage.elogo.com.tr/'

2021-10-21 14:15:48 - [MESSAGE][PASSED] - Browser is opened with url: 'https://efatura-stage.elogo.com.tr/'

2021-10-21 14:15:48 - [TEST_STEP][PASSED] - maximizeWindow(): Invoke 'com.kms.katalon.core.annotation.BeforeTestCase' method: 'Listener.sampleBeforeTestSuite(...)' completed.

2021-10-21 14:15:48 - [MESSAGE][INFO] - Maximizing current window

2021-10-21 14:15:49 - [MESSAGE][PASSED] - Current window maximized

2021-10-21 14:15:49 - [MESSAGE][INFO] - Invoke 'com.kms.katalon.core.annotation.BeforeTestCase' method: 'Listener.sampleBeforeTestSuite(...)' completed.

2021-10-21 14:15:49 - [TEST_STEP][PASSED] - runFeatureFile("Include/features/e-Makbuz/e-Mustahsil Uygulamasi/e-Mustahsil Makbuzu Raporlari/Izleme Kayitlari.feature"): Feature file: 'Include/features/e-Makbuz/e-Mustahsil Uygulamasi/e-Mustahsil Makbuzu Raporlari/Izleme Kayitlari.feature' was passed

2021-10-21 14:15:49 - [MESSAGE][INFO] - Starting run keyword runFeatureFile: 'Include/features/e-Makbuz/e-Mustahsil Uygulamasi/e-Mustahsil Makbuzu Raporlari/Izleme Kayitlari.feature' and extract report to folder: 'C:\Users\DELL\Downloads\EES_Katalon-main\Reports\20211021_140437\Suite Repository\e-Makbuz\20211021_140511/cucumber_report/1634814949668'...

2021-10-21 14:15:49 - [MESSAGE][INFO] - Glue: []

2021-10-21 14:15:50 - [MESSAGE][INFO] - Checking called Test Case

2021-10-21 14:15:50 - [MESSAGE][INFO] - Starting to call Test Case 'Test Cases/Sayfalar/Giris_Sayfasi/Login'

2021-10-21 14:15:50 - [TEST_CASE][PASSED] - Test Cases/Sayfalar/Giris_Sayfasi/Login: Test Cases/Sayfalar/Giris_Sayfasi/Login

2021-10-21 14:15:50 - [TEST_STEP][PASSED] - Sayfa_Basligi = getWindowTitle(): Current window's title is: 'LOGO e-Fatura'

2021-10-21 14:15:50 - [MESSAGE][INFO] - Getting current window's title

2021-10-21 14:15:50 - [MESSAGE][PASSED] - Current window's title is: 'LOGO e-Fatura'

2021-10-21 14:15:50 - [TEST_STEP][PASSED] - verifyMatch(Sayfa_Basligi, "LOGO e-Fatura", false): Actual text 'LOGO e-Fatura' and expected text 'LOGO e-Fatura' are matched 

2021-10-21 14:15:50 - [MESSAGE][INFO] - Matching actual text 'LOGO e-Fatura' with expected text 'LOGO e-Fatura'

2021-10-21 14:15:50 - [MESSAGE][PASSED] - Actual text 'LOGO e-Fatura' and expected text 'LOGO e-Fatura' are matched 

2021-10-21 14:15:50 - [TEST_STEP][PASSED] - sendKeys(findTestObject("Sayfalar/Giris_Sayfasi/Firma_Kodu"), KullaniciAdi): Keys 'ELOGO6' sent to object: 'Object Repository/Sayfalar/Giris_Sayfasi/Firma_Kodu'

2021-10-21 14:15:50 - [MESSAGE][INFO] - Finding Test Object 'Object Repository/Sayfalar/Giris_Sayfasi/Firma_Kodu'

2021-10-21 14:15:50 - [MESSAGE][INFO] - Sending keys 'ELOGO6' to object: 'Object Repository/Sayfalar/Giris_Sayfasi/Firma_Kodu'

2021-10-21 14:15:50 - [MESSAGE][INFO] - Finding web element from Test Object's properties

2021-10-21 14:15:50 - [MESSAGE][INFO] - Checking timeout

2021-10-21 14:15:50 - [MESSAGE][INFO] - Finding web element with id: 'Object Repository/Sayfalar/Giris_Sayfasi/Firma_Kodu' located by 'By.xpath: //*[@id = 'AccountName']' in '30' second(s)

2021-10-21 14:15:50 - [MESSAGE][INFO] - Smart Wait Function is triggered

2021-10-21 14:15:51 - [MESSAGE][INFO] - Found 1 web elements with id: 'Object Repository/Sayfalar/Giris_Sayfasi/Firma_Kodu' located by 'By.xpath: //*[@id = 'AccountName']' in '30' second(s)

2021-10-21 14:15:51 - [MESSAGE][PASSED] - Keys 'ELOGO6' sent to object: 'Object Repository/Sayfalar/Giris_Sayfasi/Firma_Kodu'

2021-10-21 14:15:51 - [TEST_STEP][PASSED] - sendKeys(findTestObject("Sayfalar/Giris_Sayfasi/Sifre"), Sifre): Keys '123456' sent to object: 'Object Repository/Sayfalar/Giris_Sayfasi/Sifre'

2021-10-21 14:15:51 - [MESSAGE][INFO] - Finding Test Object 'Object Repository/Sayfalar/Giris_Sayfasi/Sifre'

2021-10-21 14:15:51 - [MESSAGE][INFO] - Sending keys '123456' to object: 'Object Repository/Sayfalar/Giris_Sayfasi/Sifre'

2021-10-21 14:15:51 - [MESSAGE][INFO] - Finding web element from Test Object's properties

2021-10-21 14:15:51 - [MESSAGE][INFO] - Checking timeout

2021-10-21 14:15:51 - [MESSAGE][INFO] - Finding web element with id: 'Object Repository/Sayfalar/Giris_Sayfasi/Sifre' located by 'By.xpath: //*[@id = 'Password']' in '30' second(s)

2021-10-21 14:15:51 - [MESSAGE][INFO] - Smart Wait Function is triggered

2021-10-21 14:15:51 - [MESSAGE][INFO] - Found 1 web elements with id: 'Object Repository/Sayfalar/Giris_Sayfasi/Sifre' located by 'By.xpath: //*[@id = 'Password']' in '30' second(s)

2021-10-21 14:15:51 - [MESSAGE][PASSED] - Keys '123456' sent to object: 'Object Repository/Sayfalar/Giris_Sayfasi/Sifre'

2021-10-21 14:15:51 - [TEST_STEP][PASSED] - findWebElement(findTestObject("Sayfalar/Giris_Sayfasi/Giris_Butonu")).click(): Found 1 web elements with id: 'Object Repository/Sayfalar/Giris_Sayfasi/Giris_Butonu' located by 'By.cssSelector: #btnLogin' in '30' second(s)

2021-10-21 14:15:51 - [MESSAGE][INFO] - Finding Test Object 'Object Repository/Sayfalar/Giris_Sayfasi/Giris_Butonu'

2021-10-21 14:15:51 - [MESSAGE][INFO] - Finding web element from Test Object's properties

2021-10-21 14:15:51 - [MESSAGE][INFO] - Checking timeout

2021-10-21 14:15:51 - [MESSAGE][INFO] - Finding web element with id: 'Object Repository/Sayfalar/Giris_Sayfasi/Giris_Butonu' located by 'By.cssSelector: #btnLogin' in '30' second(s)

2021-10-21 14:15:51 - [MESSAGE][INFO] - Smart Wait Function is triggered

2021-10-21 14:15:52 - [MESSAGE][INFO] - Found 1 web elements with id: 'Object Repository/Sayfalar/Giris_Sayfasi/Giris_Butonu' located by 'By.cssSelector: #btnLogin' in '30' second(s)

2021-10-21 14:15:55 - [TEST_STEP][PASSED] - if (verifyElementPresent(findTestObject("Object Repository/Sayfalar/Giris_Sayfasi/RetveTamam_Butonu"), 5, OPTIONAL)): null

2021-10-21 14:15:55 - [MESSAGE][INFO] - Finding Test Object 'Object Repository/Sayfalar/Giris_Sayfasi/RetveTamam_Butonu'

2021-10-21 14:15:55 - [MESSAGE][INFO] - Checking object

2021-10-21 14:15:55 - [MESSAGE][INFO] - Finding web element from Test Object's properties

2021-10-21 14:15:55 - [MESSAGE][INFO] - Checking timeout

2021-10-21 14:15:55 - [MESSAGE][INFO] - Finding web element with id: 'Object Repository/Sayfalar/Giris_Sayfasi/RetveTamam_Butonu' located by 'By.xpath: //*[@class = 'btn btn-default']' in '5' second(s)

2021-10-21 14:15:55 - [MESSAGE][INFO] - Smart Wait Function is triggered

2021-10-21 14:15:55 - [MESSAGE][INFO] - Found 1 web elements with id: 'Object Repository/Sayfalar/Giris_Sayfasi/RetveTamam_Butonu' located by 'By.xpath: //*[@class = 'btn btn-default']' in '5' second(s)

2021-10-21 14:15:55 - [MESSAGE][PASSED] - Object 'Object Repository/Sayfalar/Giris_Sayfasi/RetveTamam_Butonu' is present

2021-10-21 14:15:55 - [TEST_STEP][PASSED] - click(findTestObject("Object Repository/Sayfalar/Giris_Sayfasi/RetveTamam_Butonu")): Object: 'Object Repository/Sayfalar/Giris_Sayfasi/RetveTamam_Butonu' is clicked on

2021-10-21 14:15:55 - [MESSAGE][INFO] - Finding Test Object 'Object Repository/Sayfalar/Giris_Sayfasi/RetveTamam_Butonu'

2021-10-21 14:15:55 - [MESSAGE][INFO] - Checking object

2021-10-21 14:15:55 - [MESSAGE][INFO] - Finding web element from Test Object's properties

2021-10-21 14:15:55 - [MESSAGE][INFO] - Checking timeout

2021-10-21 14:15:55 - [MESSAGE][INFO] - Finding web element with id: 'Object Repository/Sayfalar/Giris_Sayfasi/RetveTamam_Butonu' located by 'By.xpath: //*[@class = 'btn btn-default']' in '30' second(s)

2021-10-21 14:15:55 - [MESSAGE][INFO] - Smart Wait Function is triggered

2021-10-21 14:15:55 - [MESSAGE][INFO] - Found 1 web elements with id: 'Object Repository/Sayfalar/Giris_Sayfasi/RetveTamam_Butonu' located by 'By.xpath: //*[@class = 'btn btn-default']' in '30' second(s)

2021-10-21 14:15:55 - [MESSAGE][INFO] - Clicking on object: 'Object Repository/Sayfalar/Giris_Sayfasi/RetveTamam_Butonu'

2021-10-21 14:15:56 - [MESSAGE][PASSED] - Object: 'Object Repository/Sayfalar/Giris_Sayfasi/RetveTamam_Butonu' is clicked on

2021-10-21 14:15:56 - [TEST_STEP][PASSED] - click(findTestObject("Object Repository/Sayfalar/Giris_Sayfasi/RetveTamam_Butonu")): Object: 'Object Repository/Sayfalar/Giris_Sayfasi/RetveTamam_Butonu' is clicked on

2021-10-21 14:15:56 - [MESSAGE][INFO] - Finding Test Object 'Object Repository/Sayfalar/Giris_Sayfasi/RetveTamam_Butonu'

2021-10-21 14:15:56 - [MESSAGE][INFO] - Checking object

2021-10-21 14:15:56 - [MESSAGE][INFO] - Finding web element from Test Object's properties

2021-10-21 14:15:56 - [MESSAGE][INFO] - Checking timeout

2021-10-21 14:15:56 - [MESSAGE][INFO] - Finding web element with id: 'Object Repository/Sayfalar/Giris_Sayfasi/RetveTamam_Butonu' located by 'By.xpath: //*[@class = 'btn btn-default']' in '30' second(s)

2021-10-21 14:15:56 - [MESSAGE][INFO] - Smart Wait Function is triggered

2021-10-21 14:15:57 - [MESSAGE][INFO] - Found 1 web elements with id: 'Object Repository/Sayfalar/Giris_Sayfasi/RetveTamam_Butonu' located by 'By.xpath: //*[@class = 'btn btn-default']' in '30' second(s)

2021-10-21 14:15:57 - [MESSAGE][INFO] - Clicking on object: 'Object Repository/Sayfalar/Giris_Sayfasi/RetveTamam_Butonu'

2021-10-21 14:15:57 - [MESSAGE][PASSED] - Object: 'Object Repository/Sayfalar/Giris_Sayfasi/RetveTamam_Butonu' is clicked on

2021-10-21 14:15:57 - [TEST_STEP][PASSED] - if (verifyElementPresent(findTestObject("Sayfalar/Giris_Sayfasi/PopupOK"), 5, OPTIONAL)): null

2021-10-21 14:15:57 - [MESSAGE][INFO] - Finding Test Object 'Object Repository/Sayfalar/Giris_Sayfasi/PopupOK'

2021-10-21 14:15:58 - [MESSAGE][INFO] - Checking object

2021-10-21 14:15:58 - [MESSAGE][INFO] - Finding web element from Test Object's properties

2021-10-21 14:15:58 - [MESSAGE][INFO] - Checking timeout

2021-10-21 14:15:58 - [MESSAGE][INFO] - Finding web element with id: 'Object Repository/Sayfalar/Giris_Sayfasi/PopupOK' located by 'By.cssSelector: .btn.btn-success' in '5' second(s)

2021-10-21 14:15:58 - [MESSAGE][INFO] - Smart Wait Function is triggered

2021-10-21 14:15:58 - [MESSAGE][INFO] - Found 1 web elements with id: 'Object Repository/Sayfalar/Giris_Sayfasi/PopupOK' located by 'By.cssSelector: .btn.btn-success' in '5' second(s)

2021-10-21 14:15:58 - [MESSAGE][PASSED] - Object 'Object Repository/Sayfalar/Giris_Sayfasi/PopupOK' is present

2021-10-21 14:15:58 - [TEST_STEP][PASSED] - click(findTestObject("Object Repository/Sayfalar/Giris_Sayfasi/PopupCarpiGiris")): Object: 'Object Repository/Sayfalar/Giris_Sayfasi/PopupCarpiGiris' is clicked on

2021-10-21 14:15:58 - [MESSAGE][INFO] - Finding Test Object 'Object Repository/Sayfalar/Giris_Sayfasi/PopupCarpiGiris'

2021-10-21 14:15:58 - [MESSAGE][INFO] - Checking object

2021-10-21 14:15:58 - [MESSAGE][INFO] - Finding web element from Test Object's properties

2021-10-21 14:15:58 - [MESSAGE][INFO] - Checking timeout

2021-10-21 14:15:58 - [MESSAGE][INFO] - Finding web element with id: 'Object Repository/Sayfalar/Giris_Sayfasi/PopupCarpiGiris' located by 'By.cssSelector: .bootbox-close-button.close' in '30' second(s)

2021-10-21 14:15:58 - [MESSAGE][INFO] - Smart Wait Function is triggered

2021-10-21 14:15:58 - [MESSAGE][INFO] - Found 1 web elements with id: 'Object Repository/Sayfalar/Giris_Sayfasi/PopupCarpiGiris' located by 'By.cssSelector: .bootbox-close-button.close' in '30' second(s)

2021-10-21 14:15:58 - [MESSAGE][INFO] - Clicking on object: 'Object Repository/Sayfalar/Giris_Sayfasi/PopupCarpiGiris'

2021-10-21 14:15:58 - [MESSAGE][PASSED] - Object: 'Object Repository/Sayfalar/Giris_Sayfasi/PopupCarpiGiris' is clicked on

2021-10-21 14:15:58 - [TEST_STEP][PASSED] - verifyElementVisible(findTestObject("Object Repository/Kullanici_Islemleri/KullaniciIslemleri")): Object 'Object Repository/Kullanici_Islemleri/KullaniciIslemleri' is visible

2021-10-21 14:15:58 - [MESSAGE][INFO] - Finding Test Object 'Object Repository/Kullanici_Islemleri/KullaniciIslemleri'

2021-10-21 14:15:59 - [MESSAGE][INFO] - Checking object

2021-10-21 14:15:59 - [MESSAGE][INFO] - Finding web element from Test Object's properties

2021-10-21 14:15:59 - [MESSAGE][INFO] - Checking timeout

2021-10-21 14:15:59 - [MESSAGE][INFO] - Finding web element with id: 'Object Repository/Kullanici_Islemleri/KullaniciIslemleri' located by 'By.cssSelector: .dropdown>a>img' in '30' second(s)

2021-10-21 14:15:59 - [MESSAGE][INFO] - Smart Wait Function is triggered

2021-10-21 14:15:59 - [MESSAGE][INFO] - Found 1 web elements with id: 'Object Repository/Kullanici_Islemleri/KullaniciIslemleri' located by 'By.cssSelector: .dropdown>a>img' in '30' second(s)

2021-10-21 14:15:59 - [MESSAGE][PASSED] - Object 'Object Repository/Kullanici_Islemleri/KullaniciIslemleri' is visible

2021-10-21 14:15:59 - [MESSAGE][PASSED] - Call Test Case 'Test Cases/Sayfalar/Giris_Sayfasi/Login' successfully

2021-10-21 14:15:59 - [MESSAGE][INFO] - Checking called Test Case

2021-10-21 14:15:59 - [MESSAGE][INFO] - Starting to call Test Case 'Test Cases/Menu/AnaMenuSecimi'

2021-10-21 14:15:59 - [TEST_CASE][PASSED] - Test Cases/Menu/AnaMenuSecimi: Test Cases/Menu/AnaMenuSecimi

2021-10-21 14:15:59 - [TEST_STEP][PASSED] - Method.TextDegerineEsitElementeTikla(findTestObject("Menu/Ana_Menu"), Ana_Menu): Method.TextDegerineEsitElementeTikla is PASSED

2021-10-21 14:15:59 - [MESSAGE][INFO] - Finding Test Object 'Object Repository/Menu/Ana_Menu'

2021-10-21 14:15:59 - [MESSAGE][INFO] - Checking timeout

2021-10-21 14:15:59 - [MESSAGE][INFO] - Finding web element with id: 'Object Repository/Menu/Ana_Menu' located by 'By.xpath: //*[@class = 'dropdown-toggle']' in '10' second(s)

2021-10-21 14:15:59 - [MESSAGE][INFO] - Smart Wait Function is triggered

2021-10-21 14:16:00 - [MESSAGE][INFO] - Found 14 web elements with id: 'Object Repository/Menu/Ana_Menu' located by 'By.xpath: //*[@class = 'dropdown-toggle']' in '10' second(s)

2021-10-21 14:16:00 - [MESSAGE][PASSED] - Method.TextDegerineEsitElementeTikla is PASSED

2021-10-21 14:16:00 - [MESSAGE][PASSED] - Call Test Case 'Test Cases/Menu/AnaMenuSecimi' successfully

2021-10-21 14:16:00 - [MESSAGE][INFO] - Checking called Test Case

2021-10-21 14:16:00 - [MESSAGE][INFO] - Starting to call Test Case 'Test Cases/Menu/BasligaGoreAltMenuSecimi'

2021-10-21 14:16:00 - [TEST_CASE][PASSED] - Test Cases/Menu/BasligaGoreAltMenuSecimi: Test Cases/Menu/BasligaGoreAltMenuSecimi

2021-10-21 14:16:00 - [TEST_STEP][PASSED] - Method.TextDegerineEsitElementinAltindakiTextDegerineEsitOlanaTikla(findTestObject("Menu/Menu_Basligi"), findTestObject("Menu/Basliga_Gore_Alt_Menu"), Baslik, Alt_Menu): Method.TextDegerineEsitElementinAltindakiTextDegerineEsitOlanaTikla is PASSED

2021-10-21 14:16:00 - [MESSAGE][INFO] - Finding Test Object 'Object Repository/Menu/Menu_Basligi'

2021-10-21 14:16:00 - [MESSAGE][INFO] - Finding Test Object 'Object Repository/Menu/Basliga_Gore_Alt_Menu'

2021-10-21 14:16:00 - [MESSAGE][INFO] - Checking timeout

2021-10-21 14:16:00 - [MESSAGE][INFO] - Finding web element with id: 'Object Repository/Menu/Menu_Basligi' located by 'By.xpath: //li[@class='dropdown dropdown-large open']//li[@class='dropdown-header']' in '10' second(s)

2021-10-21 14:16:00 - [MESSAGE][INFO] - Smart Wait Function is triggered

2021-10-21 14:16:00 - [MESSAGE][INFO] - Found 2 web elements with id: 'Object Repository/Menu/Menu_Basligi' located by 'By.xpath: //li[@class='dropdown dropdown-large open']//li[@class='dropdown-header']' in '10' second(s)

2021-10-21 14:16:00 - [MESSAGE][INFO] - Smart Wait Function is triggered

2021-10-21 14:16:02 - [MESSAGE][PASSED] - Method.TextDegerineEsitElementinAltindakiTextDegerineEsitOlanaTikla is PASSED

2021-10-21 14:16:02 - [MESSAGE][PASSED] - Call Test Case 'Test Cases/Menu/BasligaGoreAltMenuSecimi' successfully

2021-10-21 14:16:02 - [MESSAGE][INFO] - Checking called Test Case

2021-10-21 14:16:02 - [MESSAGE][INFO] - Starting to call Test Case 'Test Cases/Filtreler/DropdownSec'

2021-10-21 14:16:02 - [TEST_CASE][PASSED] - Test Cases/Filtreler/DropdownSec: Test Cases/Filtreler/DropdownSec

2021-10-21 14:16:02 - [TEST_STEP][PASSED] - Method.TextDegerineEsitElementinAltindakineTikla(findTestObject("Filtreler/Basliklar"), findTestObject("Filtreler/Basliga_Gore_Baslangic_Image"), Filtre_Adi): Method.TextDegerineEsitElementinAltindakineTikla is PASSED

2021-10-21 14:16:02 - [MESSAGE][INFO] - Finding Test Object 'Object Repository/Filtreler/Basliklar'

2021-10-21 14:16:02 - [MESSAGE][INFO] - Finding Test Object 'Object Repository/Filtreler/Basliga_Gore_Baslangic_Image'

2021-10-21 14:16:03 - [MESSAGE][INFO] - Checking timeout

2021-10-21 14:16:03 - [MESSAGE][INFO] - Finding web element with id: 'Object Repository/Filtreler/Basliklar' located by 'By.cssSelector: .control-label.col-sm-4.paddingMarginRLC' in '10' second(s)

2021-10-21 14:16:03 - [MESSAGE][INFO] - Smart Wait Function is triggered

2021-10-21 14:16:03 - [MESSAGE][INFO] - Found 5 web elements with id: 'Object Repository/Filtreler/Basliklar' located by 'By.cssSelector: .control-label.col-sm-4.paddingMarginRLC' in '10' second(s)

2021-10-21 14:16:03 - [MESSAGE][INFO] - Smart Wait Function is triggered

2021-10-21 14:16:03 - [MESSAGE][PASSED] - Method.TextDegerineEsitElementinAltindakineTikla is PASSED

2021-10-21 14:16:03 - [TEST_STEP][PASSED] - Method.TextDegerineEsitElementeTikla(findTestObject("Object Repository/Filtreler/Basliga_Gore_Dropdown"), Filtre_Degeri): Method.TextDegerineEsitElementeTikla is PASSED

2021-10-21 14:16:03 - [MESSAGE][INFO] - Finding Test Object 'Object Repository/Filtreler/Basliga_Gore_Dropdown'

2021-10-21 14:16:03 - [MESSAGE][INFO] - Checking timeout

2021-10-21 14:16:03 - [MESSAGE][INFO] - Finding web element with id: 'Object Repository/Filtreler/Basliga_Gore_Dropdown' located by 'By.xpath: //*[@class = 'dxeListBoxItemRow_LECustomTheme']' in '10' second(s)

2021-10-21 14:16:03 - [MESSAGE][INFO] - Smart Wait Function is triggered

2021-10-21 14:16:04 - [MESSAGE][INFO] - Found 58 web elements with id: 'Object Repository/Filtreler/Basliga_Gore_Dropdown' located by 'By.xpath: //*[@class = 'dxeListBoxItemRow_LECustomTheme']' in '10' second(s)

2021-10-21 14:16:04 - [MESSAGE][PASSED] - Method.TextDegerineEsitElementeTikla is PASSED

2021-10-21 14:16:04 - [MESSAGE][PASSED] - Call Test Case 'Test Cases/Filtreler/DropdownSec' successfully

2021-10-21 14:16:04 - [MESSAGE][INFO] - Checking called Test Case

2021-10-21 14:16:04 - [MESSAGE][INFO] - Starting to call Test Case 'Test Cases/Filtreler/BaslangicYaz'

2021-10-21 14:16:04 - [TEST_CASE][PASSED] - Test Cases/Filtreler/BaslangicYaz: Test Cases/Filtreler/BaslangicYaz

2021-10-21 14:16:04 - [TEST_STEP][PASSED] - Method.TextDegerineEsitElementinAltindakineTikla(findTestObject("Filtreler/Basliklar"), findTestObject("Filtreler/Basliga_Gore_Baslangic_Image"), Filtre_Adi): Method.TextDegerineEsitElementinAltindakineTikla is PASSED

2021-10-21 14:16:04 - [MESSAGE][INFO] - Finding Test Object 'Object Repository/Filtreler/Basliklar'

2021-10-21 14:16:04 - [MESSAGE][INFO] - Finding Test Object 'Object Repository/Filtreler/Basliga_Gore_Baslangic_Image'

2021-10-21 14:16:04 - [MESSAGE][INFO] - Checking timeout

2021-10-21 14:16:04 - [MESSAGE][INFO] - Finding web element with id: 'Object Repository/Filtreler/Basliklar' located by 'By.cssSelector: .control-label.col-sm-4.paddingMarginRLC' in '10' second(s)

2021-10-21 14:16:04 - [MESSAGE][INFO] - Smart Wait Function is triggered

2021-10-21 14:16:04 - [MESSAGE][INFO] - Found 5 web elements with id: 'Object Repository/Filtreler/Basliklar' located by 'By.cssSelector: .control-label.col-sm-4.paddingMarginRLC' in '10' second(s)

2021-10-21 14:16:04 - [MESSAGE][INFO] - Smart Wait Function is triggered

2021-10-21 14:16:05 - [MESSAGE][PASSED] - Method.TextDegerineEsitElementinAltindakineTikla is PASSED

2021-10-21 14:16:05 - [TEST_STEP][PASSED] - Method.TextDegerineEsitElementinAltindakiTextboxtaYaz(findTestObject("Filtreler/Basliklar"), findTestObject("Filtreler/Basliga_Gore_Baslangic"), Filtre_Adi, Filtre_Degeri): Method.TextDegerineEsitElementinAltindakiTextboxtaYaz is PASSED

2021-10-21 14:16:05 - [MESSAGE][INFO] - Finding Test Object 'Object Repository/Filtreler/Basliklar'

2021-10-21 14:16:05 - [MESSAGE][INFO] - Finding Test Object 'Object Repository/Filtreler/Basliga_Gore_Baslangic'

2021-10-21 14:16:05 - [MESSAGE][INFO] - Checking timeout

2021-10-21 14:16:05 - [MESSAGE][INFO] - Finding web element with id: 'Object Repository/Filtreler/Basliklar' located by 'By.cssSelector: .control-label.col-sm-4.paddingMarginRLC' in '10' second(s)

2021-10-21 14:16:05 - [MESSAGE][INFO] - Smart Wait Function is triggered

2021-10-21 14:16:05 - [MESSAGE][INFO] - Found 5 web elements with id: 'Object Repository/Filtreler/Basliklar' located by 'By.cssSelector: .control-label.col-sm-4.paddingMarginRLC' in '10' second(s)

2021-10-21 14:16:05 - [MESSAGE][INFO] - Smart Wait Function is triggered

2021-10-21 14:16:06 - [MESSAGE][PASSED] - Method.TextDegerineEsitElementinAltindakiTextboxtaYaz is PASSED

2021-10-21 14:16:06 - [MESSAGE][PASSED] - Call Test Case 'Test Cases/Filtreler/BaslangicYaz' successfully

2021-10-21 14:16:06 - [MESSAGE][INFO] - Checking called Test Case

2021-10-21 14:16:06 - [MESSAGE][INFO] - Starting to call Test Case 'Test Cases/Filtreler/BitisYaz'

2021-10-21 14:16:06 - [TEST_CASE][PASSED] - Test Cases/Filtreler/BitisYaz: Test Cases/Filtreler/BitisYaz

2021-10-21 14:16:06 - [TEST_STEP][PASSED] - Method.TextDegerineEsitElementinAltindakineTikla(findTestObject("Filtreler/Basliklar"), findTestObject("Filtreler/Basliga_Gore_Bitis_Image"), Filtre_Adi): Method.TextDegerineEsitElementinAltindakineTikla is PASSED

2021-10-21 14:16:06 - [MESSAGE][INFO] - Finding Test Object 'Object Repository/Filtreler/Basliklar'

2021-10-21 14:16:06 - [MESSAGE][INFO] - Finding Test Object 'Object Repository/Filtreler/Basliga_Gore_Bitis_Image'

2021-10-21 14:16:06 - [MESSAGE][INFO] - Checking timeout

2021-10-21 14:16:06 - [MESSAGE][INFO] - Finding web element with id: 'Object Repository/Filtreler/Basliklar' located by 'By.cssSelector: .control-label.col-sm-4.paddingMarginRLC' in '10' second(s)

2021-10-21 14:16:06 - [MESSAGE][INFO] - Smart Wait Function is triggered

2021-10-21 14:16:06 - [MESSAGE][INFO] - Found 5 web elements with id: 'Object Repository/Filtreler/Basliklar' located by 'By.cssSelector: .control-label.col-sm-4.paddingMarginRLC' in '10' second(s)

2021-10-21 14:16:06 - [MESSAGE][INFO] - Smart Wait Function is triggered

2021-10-21 14:16:07 - [MESSAGE][PASSED] - Method.TextDegerineEsitElementinAltindakineTikla is PASSED

2021-10-21 14:16:07 - [TEST_STEP][PASSED] - Method.TextDegerineEsitElementinAltindakiTextboxtaYaz(findTestObject("Filtreler/Basliklar"), findTestObject("Object Repository/Filtreler/Basliga_Gore_Bitis"), Filtre_Adi, Filtre_Degeri): Method.TextDegerineEsitElementinAltindakiTextboxtaYaz is PASSED

2021-10-21 14:16:07 - [MESSAGE][INFO] - Finding Test Object 'Object Repository/Filtreler/Basliklar'

2021-10-21 14:16:07 - [MESSAGE][INFO] - Finding Test Object 'Object Repository/Filtreler/Basliga_Gore_Bitis'

2021-10-21 14:16:07 - [MESSAGE][INFO] - Checking timeout

2021-10-21 14:16:07 - [MESSAGE][INFO] - Finding web element with id: 'Object Repository/Filtreler/Basliklar' located by 'By.cssSelector: .control-label.col-sm-4.paddingMarginRLC' in '10' second(s)

2021-10-21 14:16:07 - [MESSAGE][INFO] - Smart Wait Function is triggered

2021-10-21 14:16:07 - [MESSAGE][INFO] - Found 5 web elements with id: 'Object Repository/Filtreler/Basliklar' located by 'By.cssSelector: .control-label.col-sm-4.paddingMarginRLC' in '10' second(s)

2021-10-21 14:16:07 - [MESSAGE][INFO] - Smart Wait Function is triggered

2021-10-21 14:16:08 - [MESSAGE][PASSED] - Method.TextDegerineEsitElementinAltindakiTextboxtaYaz is PASSED

2021-10-21 14:16:08 - [MESSAGE][PASSED] - Call Test Case 'Test Cases/Filtreler/BitisYaz' successfully

2021-10-21 14:16:08 - [MESSAGE][INFO] - Checking called Test Case

2021-10-21 14:16:08 - [MESSAGE][INFO] - Starting to call Test Case 'Test Cases/Filtreler/ButonaTikla'

2021-10-21 14:16:08 - [TEST_CASE][PASSED] - Test Cases/Filtreler/ButonaTikla: Test Cases/Filtreler/ButonaTikla

2021-10-21 14:16:08 - [TEST_STEP][PASSED] - Method.TextDegerineEsitElementeTikla(findTestObject("Filtreler/Butonlar"), Filtre_Buton): Method.TextDegerineEsitElementeTikla is PASSED

2021-10-21 14:16:08 - [MESSAGE][INFO] - Finding Test Object 'Object Repository/Filtreler/Butonlar'

2021-10-21 14:16:08 - [MESSAGE][INFO] - Checking timeout

2021-10-21 14:16:08 - [MESSAGE][INFO] - Finding web element with id: 'Object Repository/Filtreler/Butonlar' located by 'By.cssSelector: .dxb>span' in '10' second(s)

2021-10-21 14:16:08 - [MESSAGE][INFO] - Smart Wait Function is triggered

2021-10-21 14:16:08 - [MESSAGE][INFO] - Found 3 web elements with id: 'Object Repository/Filtreler/Butonlar' located by 'By.cssSelector: .dxb>span' in '10' second(s)

2021-10-21 14:16:09 - [MESSAGE][PASSED] - Method.TextDegerineEsitElementeTikla is PASSED

2021-10-21 14:16:09 - [MESSAGE][PASSED] - Call Test Case 'Test Cases/Filtreler/ButonaTikla' successfully

2021-10-21 14:16:09 - [MESSAGE][INFO] - Checking called Test Case

2021-10-21 14:16:09 - [MESSAGE][INFO] - Starting to call Test Case 'Test Cases/Tablo/TablodaVeriVarMi'

2021-10-21 14:16:09 - [TEST_CASE][PASSED] - Test Cases/Tablo/TablodaVeriVarMi: Test Cases/Tablo/TablodaVeriVarMi

2021-10-21 14:16:09 - [TEST_STEP][PASSED] - verifyTextNotPresent("Görüntülenecek veri yok", true): Text 'Görüntülenecek veri yok' is not present on page using regular expression

2021-10-21 14:16:09 - [MESSAGE][INFO] - Checking text present  using regular expression

2021-10-21 14:16:09 - [MESSAGE][INFO] - Smart Wait Function is triggered

2021-10-21 14:16:09 - [MESSAGE][INFO] - Finding text 'Görüntülenecek veri yok' on page  using regular expression

2021-10-21 14:16:09 - [MESSAGE][PASSED] - Text 'Görüntülenecek veri yok' is not present on page using regular expression

2021-10-21 14:16:09 - [MESSAGE][PASSED] - Call Test Case 'Test Cases/Tablo/TablodaVeriVarMi' successfully

2021-10-21 14:16:09 - [MESSAGE][INFO] - Checking called Test Case

2021-10-21 14:16:09 - [MESSAGE][INFO] - Starting to call Test Case 'Test Cases/Tablo/TablodanVeriSec'

2021-10-21 14:16:09 - [TEST_CASE][PASSED] - Test Cases/Tablo/TablodanVeriSec: Test Cases/Tablo/TablodanVeriSec

2021-10-21 14:16:09 - [TEST_STEP][PASSED] - Method.TextDegerineEsitElementinAltindakineTikla(findTestObject("Tablo/Veriler"), findTestObject("Tablo/VerininCheckBoxi"), Veri_Adi): Method.TextDegerineEsitElementinAltindakineTikla is PASSED

2021-10-21 14:16:09 - [MESSAGE][INFO] - Finding Test Object 'Object Repository/Tablo/Veriler'

2021-10-21 14:16:09 - [MESSAGE][INFO] - Finding Test Object 'Object Repository/Tablo/VerininCheckBoxi'

2021-10-21 14:16:10 - [MESSAGE][INFO] - Checking timeout

2021-10-21 14:16:10 - [MESSAGE][INFO] - Finding web element with id: 'Object Repository/Tablo/Veriler' located by 'By.cssSelector: td.dxgv b ,td.dxgv' in '10' second(s)

2021-10-21 14:16:10 - [MESSAGE][INFO] - Smart Wait Function is triggered

2021-10-21 14:16:10 - [MESSAGE][INFO] - Found 130 web elements with id: 'Object Repository/Tablo/Veriler' located by 'By.cssSelector: td.dxgv b ,td.dxgv' in '10' second(s)

2021-10-21 14:16:11 - [MESSAGE][INFO] - Smart Wait Function is triggered

2021-10-21 14:16:11 - [MESSAGE][PASSED] - Method.TextDegerineEsitElementinAltindakineTikla is PASSED

2021-10-21 14:16:11 - [MESSAGE][PASSED] - Call Test Case 'Test Cases/Tablo/TablodanVeriSec' successfully

2021-10-21 14:16:11 - [MESSAGE][INFO] - Checking called Test Case

2021-10-21 14:16:11 - [MESSAGE][INFO] - Starting to call Test Case 'Test Cases/Butonlar/ButonaTikla'

2021-10-21 14:16:11 - [TEST_CASE][PASSED] - Test Cases/Butonlar/ButonaTikla: Test Cases/Butonlar/ButonaTikla

2021-10-21 14:16:11 - [TEST_STEP][PASSED] - Method.TextDegerineEsitElementeTiklaEquals(findTestObject("Butonlar/Butonlar"), Buton_Adi): Method.TextDegerineEsitElementeTiklaEquals is PASSED

2021-10-21 14:16:11 - [MESSAGE][INFO] - Finding Test Object 'Object Repository/Butonlar/Butonlar'

2021-10-21 14:16:11 - [MESSAGE][INFO] - Checking timeout

2021-10-21 14:16:11 - [MESSAGE][INFO] - Finding web element with id: 'Object Repository/Butonlar/Butonlar' located by 'By.cssSelector: .panel.panel-default.text-center.footerPanel .btn,.btn.btn-primary.btnControls' in '10' second(s)

2021-10-21 14:16:11 - [MESSAGE][INFO] - Smart Wait Function is triggered

2021-10-21 14:16:11 - [MESSAGE][INFO] - Found 6 web elements with id: 'Object Repository/Butonlar/Butonlar' located by 'By.cssSelector: .panel.panel-default.text-center.footerPanel .btn,.btn.btn-primary.btnControls' in '10' second(s)

2021-10-21 14:16:11 - [MESSAGE][PASSED] - Method.TextDegerineEsitElementeTiklaEquals is PASSED

2021-10-21 14:16:11 - [MESSAGE][PASSED] - Call Test Case 'Test Cases/Butonlar/ButonaTikla' successfully

2021-10-21 14:16:12 - [MESSAGE][INFO] - Checking called Test Case

2021-10-21 14:16:12 - [MESSAGE][INFO] - Starting to call Test Case 'Test Cases/Sekmeler/YeniSekmeyeGec'

2021-10-21 14:16:12 - [TEST_CASE][PASSED] - Test Cases/Sekmeler/YeniSekmeyeGec: Test Cases/Sekmeler/YeniSekmeyeGec

2021-10-21 14:16:12 - [TEST_STEP][PASSED] - switchToWindowIndex(1): Switched to window with index: '1'

2021-10-21 14:16:12 - [MESSAGE][INFO] - Checking index

2021-10-21 14:16:12 - [MESSAGE][INFO] - Switching window with index: '1'

2021-10-21 14:16:12 - [MESSAGE][PASSED] - Switched to window with index: '1'

2021-10-21 14:16:12 - [MESSAGE][PASSED] - Call Test Case 'Test Cases/Sekmeler/YeniSekmeyeGec' successfully

2021-10-21 14:16:12 - [MESSAGE][INFO] - Checking called Test Case

2021-10-21 14:16:12 - [MESSAGE][INFO] - Starting to call Test Case 'Test Cases/Sekmeler/GecmisGeldiMi'

2021-10-21 14:16:12 - [TEST_CASE][PASSED] - Test Cases/Sekmeler/GecmisGeldiMi: Test Cases/Sekmeler/GecmisGeldiMi

2021-10-21 14:16:12 - [TEST_STEP][PASSED] - waitForElementVisible(findTestObject("Object Repository/Sekmeler/GecmisBaslik"), 10): Object 'Object Repository/Sekmeler/GecmisBaslik' is visible

2021-10-21 14:16:12 - [MESSAGE][INFO] - Finding Test Object 'Object Repository/Sekmeler/GecmisBaslik'

2021-10-21 14:16:12 - [MESSAGE][INFO] - Checking object

2021-10-21 14:16:12 - [MESSAGE][INFO] - Checking timeout

2021-10-21 14:16:12 - [MESSAGE][INFO] - Finding web element from Test Object's properties

2021-10-21 14:16:12 - [MESSAGE][INFO] - Checking timeout

2021-10-21 14:16:12 - [MESSAGE][INFO] - Finding web element with id: 'Object Repository/Sekmeler/GecmisBaslik' located by 'By.cssSelector: .dxnb-ghtext.dx-vam' in '10' second(s)

2021-10-21 14:16:12 - [MESSAGE][INFO] - Smart Wait Function is triggered

2021-10-21 14:16:21 - [MESSAGE][INFO] - Found 1 web elements with id: 'Object Repository/Sekmeler/GecmisBaslik' located by 'By.cssSelector: .dxnb-ghtext.dx-vam' in '10' second(s)

2021-10-21 14:16:21 - [MESSAGE][PASSED] - Object 'Object Repository/Sekmeler/GecmisBaslik' is visible

2021-10-21 14:16:21 - [TEST_STEP][PASSED] - if (!(getText(findTestObject("Object Repository/Sekmeler/GecmisBaslik")).contains(Baslik))): Text of object 'Object Repository/Sekmeler/GecmisBaslik' is: 'Müstahsil Makbuzu Rapor İzleme Kayıtları - 2891'

2021-10-21 14:16:21 - [MESSAGE][INFO] - Finding Test Object 'Object Repository/Sekmeler/GecmisBaslik'

2021-10-21 14:16:21 - [MESSAGE][INFO] - Checking object

2021-10-21 14:16:21 - [MESSAGE][INFO] - Finding web element from Test Object's properties

2021-10-21 14:16:21 - [MESSAGE][INFO] - Checking timeout

2021-10-21 14:16:21 - [MESSAGE][INFO] - Finding web element with id: 'Object Repository/Sekmeler/GecmisBaslik' located by 'By.cssSelector: .dxnb-ghtext.dx-vam' in '30' second(s)

2021-10-21 14:16:21 - [MESSAGE][INFO] - Smart Wait Function is triggered

2021-10-21 14:16:22 - [MESSAGE][INFO] - Found 1 web elements with id: 'Object Repository/Sekmeler/GecmisBaslik' located by 'By.cssSelector: .dxnb-ghtext.dx-vam' in '30' second(s)

2021-10-21 14:16:22 - [MESSAGE][INFO] - Getting text of object 'Object Repository/Sekmeler/GecmisBaslik'

2021-10-21 14:16:22 - [MESSAGE][PASSED] - Text of object 'Object Repository/Sekmeler/GecmisBaslik' is: 'Müstahsil Makbuzu Rapor İzleme Kayıtları - 2891'

2021-10-21 14:16:22 - [MESSAGE][PASSED] - Call Test Case 'Test Cases/Sekmeler/GecmisGeldiMi' successfully

2021-10-21 14:16:22 - [MESSAGE][INFO] - Checking called Test Case

2021-10-21 14:16:22 - [MESSAGE][INFO] - Starting to call Test Case 'Test Cases/Sekmeler/Ana_Sekmeye_Gec'

2021-10-21 14:16:22 - [TEST_CASE][PASSED] - Test Cases/Sekmeler/Ana_Sekmeye_Gec: Test Cases/Sekmeler/Ana_Sekmeye_Gec

2021-10-21 14:16:22 - [TEST_STEP][PASSED] - try: Window with index 1 is closed

2021-10-21 14:16:22 - [TEST_STEP][PASSED] - index = getWindowIndex(): Current window's index is: 1

2021-10-21 14:16:22 - [MESSAGE][INFO] - Getting current window's index

2021-10-21 14:16:22 - [MESSAGE][PASSED] - Current window's index is: 1

2021-10-21 14:16:22 - [TEST_STEP][PASSED] - closeWindowIndex(index): Window with index 1 is closed

2021-10-21 14:16:22 - [MESSAGE][INFO] - Checking index

2021-10-21 14:16:22 - [MESSAGE][INFO] - Closing window with index 1

2021-10-21 14:16:22 - [MESSAGE][PASSED] - Window with index 1 is closed

2021-10-21 14:16:22 - [TEST_STEP][PASSED] - switchToWindowIndex(0): Switched to window with index: '0'

2021-10-21 14:16:22 - [MESSAGE][INFO] - Checking index

2021-10-21 14:16:22 - [MESSAGE][INFO] - Switching window with index: '0'

2021-10-21 14:16:22 - [MESSAGE][PASSED] - Switched to window with index: '0'

2021-10-21 14:16:22 - [MESSAGE][PASSED] - Call Test Case 'Test Cases/Sekmeler/Ana_Sekmeye_Gec' successfully

2021-10-21 14:16:22 - [MESSAGE][INFO] - Checking called Test Case

2021-10-21 14:16:22 - [MESSAGE][INFO] - Starting to call Test Case 'Test Cases/Kullanici_Islemleri/KullaniciIslemlerindenSecimYapilir'

2021-10-21 14:16:22 - [TEST_CASE][PASSED] - Test Cases/Kullanici_Islemleri/KullaniciIslemlerindenSecimYapilir: Test Cases/Kullanici_Islemleri/KullaniciIslemlerindenSecimYapilir

2021-10-21 14:16:22 - [TEST_STEP][PASSED] - waitForElementClickable(findTestObject("Object Repository/Kullanici_Islemleri/KullaniciIslemleri"), 10): Object 'Object Repository/Kullanici_Islemleri/KullaniciIslemleri' is clickable

2021-10-21 14:16:22 - [MESSAGE][INFO] - Finding Test Object 'Object Repository/Kullanici_Islemleri/KullaniciIslemleri'

2021-10-21 14:16:22 - [MESSAGE][INFO] - Checking object

2021-10-21 14:16:22 - [MESSAGE][INFO] - Checking timeout

2021-10-21 14:16:22 - [MESSAGE][INFO] - Finding web element from Test Object's properties

2021-10-21 14:16:22 - [MESSAGE][INFO] - Checking timeout

2021-10-21 14:16:22 - [MESSAGE][INFO] - Finding web element with id: 'Object Repository/Kullanici_Islemleri/KullaniciIslemleri' located by 'By.cssSelector: .dropdown>a>img' in '10' second(s)

2021-10-21 14:16:22 - [MESSAGE][INFO] - Smart Wait Function is triggered

2021-10-21 14:16:22 - [MESSAGE][INFO] - Found 1 web elements with id: 'Object Repository/Kullanici_Islemleri/KullaniciIslemleri' located by 'By.cssSelector: .dropdown>a>img' in '10' second(s)

2021-10-21 14:16:22 - [MESSAGE][PASSED] - Object 'Object Repository/Kullanici_Islemleri/KullaniciIslemleri' is clickable

2021-10-21 14:16:22 - [TEST_STEP][PASSED] - click(findTestObject("Object Repository/Kullanici_Islemleri/KullaniciIslemleri")): Object: 'Object Repository/Kullanici_Islemleri/KullaniciIslemleri' is clicked on

2021-10-21 14:16:22 - [MESSAGE][INFO] - Finding Test Object 'Object Repository/Kullanici_Islemleri/KullaniciIslemleri'

2021-10-21 14:16:22 - [MESSAGE][INFO] - Checking object

2021-10-21 14:16:22 - [MESSAGE][INFO] - Finding web element from Test Object's properties

2021-10-21 14:16:22 - [MESSAGE][INFO] - Checking timeout

2021-10-21 14:16:22 - [MESSAGE][INFO] - Finding web element with id: 'Object Repository/Kullanici_Islemleri/KullaniciIslemleri' located by 'By.cssSelector: .dropdown>a>img' in '30' second(s)

2021-10-21 14:16:22 - [MESSAGE][INFO] - Smart Wait Function is triggered

2021-10-21 14:16:23 - [MESSAGE][INFO] - Found 1 web elements with id: 'Object Repository/Kullanici_Islemleri/KullaniciIslemleri' located by 'By.cssSelector: .dropdown>a>img' in '30' second(s)

2021-10-21 14:16:23 - [MESSAGE][INFO] - Clicking on object: 'Object Repository/Kullanici_Islemleri/KullaniciIslemleri'

2021-10-21 14:16:23 - [MESSAGE][PASSED] - Object: 'Object Repository/Kullanici_Islemleri/KullaniciIslemleri' is clicked on

2021-10-21 14:16:23 - [TEST_STEP][PASSED] - Method.TextDegerineEsitElementeTikla(findTestObject("Object Repository/Kullanici_Islemleri/Secenekler"), Islem): Method.TextDegerineEsitElementeTikla is PASSED

2021-10-21 14:16:23 - [MESSAGE][INFO] - Finding Test Object 'Object Repository/Kullanici_Islemleri/Secenekler'

2021-10-21 14:16:23 - [MESSAGE][INFO] - Checking timeout

2021-10-21 14:16:23 - [MESSAGE][INFO] - Finding web element with id: 'Object Repository/Kullanici_Islemleri/Secenekler' located by 'By.cssSelector: .nav.navbar-nav.navbar-right li a' in '10' second(s)

2021-10-21 14:16:23 - [MESSAGE][INFO] - Smart Wait Function is triggered

2021-10-21 14:16:23 - [MESSAGE][INFO] - Found 22 web elements with id: 'Object Repository/Kullanici_Islemleri/Secenekler' located by 'By.cssSelector: .nav.navbar-nav.navbar-right li a' in '10' second(s)

2021-10-21 14:16:25 - [MESSAGE][PASSED] - Method.TextDegerineEsitElementeTikla is PASSED

2021-10-21 14:16:25 - [TEST_STEP][PASSED] - verifyElementNotPresent(findTestObject("Object Repository/Kullanici_Islemleri/Secenekler"), 10): Web element with id: 'Object Repository/Kullanici_Islemleri/Secenekler' located by 'By.cssSelector: .nav.navbar-nav.navbar-right li a' is not present after '10' second(s)

2021-10-21 14:16:25 - [MESSAGE][INFO] - Finding Test Object 'Object Repository/Kullanici_Islemleri/Secenekler'

2021-10-21 14:16:25 - [MESSAGE][INFO] - Checking object

2021-10-21 14:16:25 - [MESSAGE][INFO] - Checking timeout

2021-10-21 14:16:25 - [MESSAGE][INFO] - Finding web element with id: 'Object Repository/Kullanici_Islemleri/Secenekler' located by 'By.cssSelector: .nav.navbar-nav.navbar-right li a' in '10' second(s)

2021-10-21 14:16:25 - [MESSAGE][INFO] - Smart Wait Function is triggered

2021-10-21 14:16:25 - [MESSAGE][PASSED] - Web element with id: 'Object Repository/Kullanici_Islemleri/Secenekler' located by 'By.cssSelector: .nav.navbar-nav.navbar-right li a' is not present after '10' second(s)

2021-10-21 14:16:25 - [MESSAGE][PASSED] - Call Test Case 'Test Cases/Kullanici_Islemleri/KullaniciIslemlerindenSecimYapilir' successfully

2021-10-21 14:16:25 - [TEST_CASE][PASSED] - Start Test Case : SCENARIO e-Mustahsil Makbuzu Raporlari gecmisi: SCENARIO e-Mustahsil Makbuzu Raporlari gecmisi

2021-10-21 14:16:25 - [TEST_STEP][PASSED] - Kullanıcı adı ELOGO6 ve Şifre 123456 olarak giriş yapılır: Kullanıcı adı ELOGO6 ve Şifre 123456 olarak giriş yapılır

2021-10-21 14:16:25 - [MESSAGE][PASSED] - Kullanıcı adı ELOGO6 ve Şifre 123456 olarak giriş yapılır

2021-10-21 14:16:25 - [TEST_STEP][PASSED] - Ana menüden e-Makbuz seçilir: Ana menüden e-Makbuz seçilir

2021-10-21 14:16:25 - [MESSAGE][PASSED] - Ana menüden e-Makbuz seçilir

2021-10-21 14:16:25 - [TEST_STEP][PASSED] - Alt menü e-Müstahsil Uygulaması başlığı altındaki e-Müstahsil Makbuzu Raporları seçilir: Alt menü e-Müstahsil Uygulaması başlığı altındaki e-Müstahsil Makbuzu Raporları seçilir

2021-10-21 14:16:25 - [MESSAGE][PASSED] - Alt menü e-Müstahsil Uygulaması başlığı altındaki e-Müstahsil Makbuzu Raporları seçilir

2021-10-21 14:16:25 - [TEST_STEP][PASSED] - Filtrelerden Dönem Tarihi filtresine 2021 Ocak dropdowndan degeri seçilir: Filtrelerden Dönem Tarihi filtresine 2021 Ocak dropdowndan degeri seçilir

2021-10-21 14:16:25 - [MESSAGE][PASSED] - Filtrelerden Dönem Tarihi filtresine 2021 Ocak dropdowndan degeri seçilir

2021-10-21 14:16:25 - [TEST_STEP][PASSED] - Filtrelerden Bölüm Tarihi filtresine 09.01.2021 baslangic degerini yaz: Filtrelerden Bölüm Tarihi filtresine 09.01.2021 baslangic degerini yaz

2021-10-21 14:16:25 - [MESSAGE][PASSED] - Filtrelerden Bölüm Tarihi filtresine 09.01.2021 baslangic degerini yaz

2021-10-21 14:16:25 - [TEST_STEP][PASSED] - Filtrelerden Bölüm Tarihi filtresine 09.01.2021 bitis degerini yaz: Filtrelerden Bölüm Tarihi filtresine 09.01.2021 bitis degerini yaz

2021-10-21 14:16:25 - [MESSAGE][PASSED] - Filtrelerden Bölüm Tarihi filtresine 09.01.2021 bitis degerini yaz

2021-10-21 14:16:25 - [TEST_STEP][PASSED] - Filtre butonlarından Listele seçilir: Filtre butonlarından Listele seçilir

2021-10-21 14:16:25 - [MESSAGE][PASSED] - Filtre butonlarından Listele seçilir

2021-10-21 14:16:25 - [TEST_STEP][PASSED] - Tabloda veri var mı kontrol edilir: Tabloda veri var mı kontrol edilir

2021-10-21 14:16:25 - [MESSAGE][PASSED] - Tabloda veri var mı kontrol edilir

2021-10-21 14:16:25 - [TEST_STEP][PASSED] - Tablodan 2891 isimli veri seçilir: Tablodan 2891 isimli veri seçilir

2021-10-21 14:16:25 - [MESSAGE][PASSED] - Tablodan 2891 isimli veri seçilir

2021-10-21 14:16:25 - [TEST_STEP][PASSED] - Butonlardan İzleme Kayıtları isimli butona tıklanır: Butonlardan İzleme Kayıtları isimli butona tıklanır

2021-10-21 14:16:25 - [MESSAGE][PASSED] - Butonlardan İzleme Kayıtları isimli butona tıklanır

2021-10-21 14:16:25 - [TEST_STEP][PASSED] - Yeni açılan sekmeye geçilir: Yeni açılan sekmeye geçilir

2021-10-21 14:16:25 - [MESSAGE][PASSED] - Yeni açılan sekmeye geçilir

2021-10-21 14:16:25 - [TEST_STEP][PASSED] - Müstahsil Makbuzu Rapor İzleme Kayıtları baslikli gecmis sayfasi geldi mi: Müstahsil Makbuzu Rapor İzleme Kayıtları baslikli gecmis sayfasi geldi mi

2021-10-21 14:16:25 - [MESSAGE][PASSED] - Müstahsil Makbuzu Rapor İzleme Kayıtları baslikli gecmis sayfasi geldi mi

2021-10-21 14:16:25 - [TEST_STEP][PASSED] - Ana sekmeye geçilir: Ana sekmeye geçilir

2021-10-21 14:16:25 - [MESSAGE][PASSED] - Ana sekmeye geçilir

2021-10-21 14:16:25 - [TEST_STEP][PASSED] - Kullanıcı işlemlerinden Çıkış seçilir: Kullanıcı işlemlerinden Çıkış seçilir

2021-10-21 14:16:25 - [MESSAGE][PASSED] - Kullanıcı işlemlerinden Çıkış seçilir

2021-10-21 14:16:25 - [MESSAGE][PASSED] - Feature file: 'Include/features/e-Makbuz/e-Mustahsil Uygulamasi/e-Mustahsil Makbuzu Raporlari/Izleme Kayitlari.feature' was passed

2021-10-21 14:16:25 - [TEST_STEP][PASSED] - Start listener action : sampleAfterTestSuite: Invoke 'com.kms.katalon.core.annotation.AfterTestCase' method: 'Listener.sampleAfterTestSuite(...)' completed.

2021-10-21 14:16:25 - [MESSAGE][INFO] - Starting invoke 'com.kms.katalon.core.annotation.AfterTestCase' method: 'Listener.sampleAfterTestSuite(...)'

2021-10-21 14:16:25 - [TEST_STEP][PASSED] - closeBrowser(): Invoke 'com.kms.katalon.core.annotation.AfterTestCase' method: 'Listener.sampleAfterTestSuite(...)' completed.

2021-10-21 14:16:25 - [MESSAGE][INFO] - Closing browser

2021-10-21 14:16:26 - [MESSAGE][PASSED] - Browser is closed

2021-10-21 14:16:26 - [MESSAGE][INFO] - Invoke 'com.kms.katalon.core.annotation.AfterTestCase' method: 'Listener.sampleAfterTestSuite(...)' completed.]]></system-out>
         <system-err><![CDATA[]]></system-err>
      </testcase>
      <testcase name="Test Cases/Case Repository/e-Makbuz/e-Mustahsil Uygulamasi/e-Mustahsil Makbuzu Raporlari/Rapor" time="34.999" classname="Test Cases/Case Repository/e-Makbuz/e-Mustahsil Uygulamasi/e-Mustahsil Makbuzu Raporlari/Rapor" status="PASSED">
         <system-out><![CDATA[2021-10-21 14:16:26 - [TEST_CASE][PASSED] - Test Cases/Case Repository/e-Makbuz/e-Mustahsil Uygulamasi/e-Mustahsil Makbuzu Raporlari/Rapor: Test Cases/Case Repository/e-Makbuz/e-Mustahsil Uygulamasi/e-Mustahsil Makbuzu Raporlari/Rapor

2021-10-21 14:16:26 - [TEST_STEP][PASSED] - Start listener action : sampleBeforeTestSuite: Invoke 'com.kms.katalon.core.annotation.BeforeTestCase' method: 'Listener.sampleBeforeTestSuite(...)' completed.

2021-10-21 14:16:26 - [MESSAGE][INFO] - Starting invoke 'com.kms.katalon.core.annotation.BeforeTestCase' method: 'Listener.sampleBeforeTestSuite(...)'

2021-10-21 14:16:26 - [TEST_STEP][PASSED] - openBrowser(baseUrl): Browser is opened with url: 'https://efatura-stage.elogo.com.tr/'

2021-10-21 14:16:26 - [MESSAGE][INFO] - Opening browser

2021-10-21 14:16:26 - [MESSAGE][INFO] - Starting 'Chrome' driver

2021-10-21 14:16:26 - [MESSAGE][INFO] - User set preference: ['prefs', '{download.default_directory=C:\otomasyondownfiles}']

2021-10-21 14:16:26 - [MESSAGE][INFO] - Action delay is set to 0 milliseconds

2021-10-21 14:16:28 - [MESSAGE][INFO] - Navigating browser to: 'https://efatura-stage.elogo.com.tr/'

2021-10-21 14:16:30 - [MESSAGE][PASSED] - Browser is opened with url: 'https://efatura-stage.elogo.com.tr/'

2021-10-21 14:16:30 - [TEST_STEP][PASSED] - maximizeWindow(): Invoke 'com.kms.katalon.core.annotation.BeforeTestCase' method: 'Listener.sampleBeforeTestSuite(...)' completed.

2021-10-21 14:16:30 - [MESSAGE][INFO] - Maximizing current window

2021-10-21 14:16:30 - [MESSAGE][PASSED] - Current window maximized

2021-10-21 14:16:30 - [MESSAGE][INFO] - Invoke 'com.kms.katalon.core.annotation.BeforeTestCase' method: 'Listener.sampleBeforeTestSuite(...)' completed.

2021-10-21 14:16:31 - [TEST_STEP][PASSED] - runFeatureFile("Include/features/e-Makbuz/e-Mustahsil Uygulamasi/e-Mustahsil Makbuzu Raporlari/Rapor.feature"): Feature file: 'Include/features/e-Makbuz/e-Mustahsil Uygulamasi/e-Mustahsil Makbuzu Raporlari/Rapor.feature' was passed

2021-10-21 14:16:31 - [MESSAGE][INFO] - Starting run keyword runFeatureFile: 'Include/features/e-Makbuz/e-Mustahsil Uygulamasi/e-Mustahsil Makbuzu Raporlari/Rapor.feature' and extract report to folder: 'C:\Users\DELL\Downloads\EES_Katalon-main\Reports\20211021_140437\Suite Repository\e-Makbuz\20211021_140511/cucumber_report/1634814991167'...

2021-10-21 14:16:31 - [MESSAGE][INFO] - Glue: []

2021-10-21 14:16:32 - [MESSAGE][INFO] - Checking called Test Case

2021-10-21 14:16:32 - [MESSAGE][INFO] - Starting to call Test Case 'Test Cases/Sayfalar/Giris_Sayfasi/Login'

2021-10-21 14:16:32 - [TEST_CASE][PASSED] - Test Cases/Sayfalar/Giris_Sayfasi/Login: Test Cases/Sayfalar/Giris_Sayfasi/Login

2021-10-21 14:16:32 - [TEST_STEP][PASSED] - Sayfa_Basligi = getWindowTitle(): Current window's title is: 'LOGO e-Fatura'

2021-10-21 14:16:32 - [MESSAGE][INFO] - Getting current window's title

2021-10-21 14:16:32 - [MESSAGE][PASSED] - Current window's title is: 'LOGO e-Fatura'

2021-10-21 14:16:32 - [TEST_STEP][PASSED] - verifyMatch(Sayfa_Basligi, "LOGO e-Fatura", false): Actual text 'LOGO e-Fatura' and expected text 'LOGO e-Fatura' are matched 

2021-10-21 14:16:32 - [MESSAGE][INFO] - Matching actual text 'LOGO e-Fatura' with expected text 'LOGO e-Fatura'

2021-10-21 14:16:32 - [MESSAGE][PASSED] - Actual text 'LOGO e-Fatura' and expected text 'LOGO e-Fatura' are matched 

2021-10-21 14:16:32 - [TEST_STEP][PASSED] - sendKeys(findTestObject("Sayfalar/Giris_Sayfasi/Firma_Kodu"), KullaniciAdi): Keys 'ELOGO6' sent to object: 'Object Repository/Sayfalar/Giris_Sayfasi/Firma_Kodu'

2021-10-21 14:16:32 - [MESSAGE][INFO] - Finding Test Object 'Object Repository/Sayfalar/Giris_Sayfasi/Firma_Kodu'

2021-10-21 14:16:32 - [MESSAGE][INFO] - Sending keys 'ELOGO6' to object: 'Object Repository/Sayfalar/Giris_Sayfasi/Firma_Kodu'

2021-10-21 14:16:32 - [MESSAGE][INFO] - Finding web element from Test Object's properties

2021-10-21 14:16:32 - [MESSAGE][INFO] - Checking timeout

2021-10-21 14:16:32 - [MESSAGE][INFO] - Finding web element with id: 'Object Repository/Sayfalar/Giris_Sayfasi/Firma_Kodu' located by 'By.xpath: //*[@id = 'AccountName']' in '30' second(s)

2021-10-21 14:16:32 - [MESSAGE][INFO] - Smart Wait Function is triggered

2021-10-21 14:16:33 - [MESSAGE][INFO] - Found 1 web elements with id: 'Object Repository/Sayfalar/Giris_Sayfasi/Firma_Kodu' located by 'By.xpath: //*[@id = 'AccountName']' in '30' second(s)

2021-10-21 14:16:33 - [MESSAGE][PASSED] - Keys 'ELOGO6' sent to object: 'Object Repository/Sayfalar/Giris_Sayfasi/Firma_Kodu'

2021-10-21 14:16:33 - [TEST_STEP][PASSED] - sendKeys(findTestObject("Sayfalar/Giris_Sayfasi/Sifre"), Sifre): Keys '123456' sent to object: 'Object Repository/Sayfalar/Giris_Sayfasi/Sifre'

2021-10-21 14:16:33 - [MESSAGE][INFO] - Finding Test Object 'Object Repository/Sayfalar/Giris_Sayfasi/Sifre'

2021-10-21 14:16:33 - [MESSAGE][INFO] - Sending keys '123456' to object: 'Object Repository/Sayfalar/Giris_Sayfasi/Sifre'

2021-10-21 14:16:33 - [MESSAGE][INFO] - Finding web element from Test Object's properties

2021-10-21 14:16:33 - [MESSAGE][INFO] - Checking timeout

2021-10-21 14:16:33 - [MESSAGE][INFO] - Finding web element with id: 'Object Repository/Sayfalar/Giris_Sayfasi/Sifre' located by 'By.xpath: //*[@id = 'Password']' in '30' second(s)

2021-10-21 14:16:33 - [MESSAGE][INFO] - Smart Wait Function is triggered

2021-10-21 14:16:33 - [MESSAGE][INFO] - Found 1 web elements with id: 'Object Repository/Sayfalar/Giris_Sayfasi/Sifre' located by 'By.xpath: //*[@id = 'Password']' in '30' second(s)

2021-10-21 14:16:33 - [MESSAGE][PASSED] - Keys '123456' sent to object: 'Object Repository/Sayfalar/Giris_Sayfasi/Sifre'

2021-10-21 14:16:33 - [TEST_STEP][PASSED] - findWebElement(findTestObject("Sayfalar/Giris_Sayfasi/Giris_Butonu")).click(): Found 1 web elements with id: 'Object Repository/Sayfalar/Giris_Sayfasi/Giris_Butonu' located by 'By.cssSelector: #btnLogin' in '30' second(s)

2021-10-21 14:16:33 - [MESSAGE][INFO] - Finding Test Object 'Object Repository/Sayfalar/Giris_Sayfasi/Giris_Butonu'

2021-10-21 14:16:33 - [MESSAGE][INFO] - Finding web element from Test Object's properties

2021-10-21 14:16:33 - [MESSAGE][INFO] - Checking timeout

2021-10-21 14:16:33 - [MESSAGE][INFO] - Finding web element with id: 'Object Repository/Sayfalar/Giris_Sayfasi/Giris_Butonu' located by 'By.cssSelector: #btnLogin' in '30' second(s)

2021-10-21 14:16:33 - [MESSAGE][INFO] - Smart Wait Function is triggered

2021-10-21 14:16:34 - [MESSAGE][INFO] - Found 1 web elements with id: 'Object Repository/Sayfalar/Giris_Sayfasi/Giris_Butonu' located by 'By.cssSelector: #btnLogin' in '30' second(s)

2021-10-21 14:16:36 - [TEST_STEP][PASSED] - if (verifyElementPresent(findTestObject("Object Repository/Sayfalar/Giris_Sayfasi/RetveTamam_Butonu"), 5, OPTIONAL)): null

2021-10-21 14:16:36 - [MESSAGE][INFO] - Finding Test Object 'Object Repository/Sayfalar/Giris_Sayfasi/RetveTamam_Butonu'

2021-10-21 14:16:36 - [MESSAGE][INFO] - Checking object

2021-10-21 14:16:36 - [MESSAGE][INFO] - Finding web element from Test Object's properties

2021-10-21 14:16:36 - [MESSAGE][INFO] - Checking timeout

2021-10-21 14:16:36 - [MESSAGE][INFO] - Finding web element with id: 'Object Repository/Sayfalar/Giris_Sayfasi/RetveTamam_Butonu' located by 'By.xpath: //*[@class = 'btn btn-default']' in '5' second(s)

2021-10-21 14:16:36 - [MESSAGE][INFO] - Smart Wait Function is triggered

2021-10-21 14:16:37 - [MESSAGE][INFO] - Found 1 web elements with id: 'Object Repository/Sayfalar/Giris_Sayfasi/RetveTamam_Butonu' located by 'By.xpath: //*[@class = 'btn btn-default']' in '5' second(s)

2021-10-21 14:16:37 - [MESSAGE][PASSED] - Object 'Object Repository/Sayfalar/Giris_Sayfasi/RetveTamam_Butonu' is present

2021-10-21 14:16:37 - [TEST_STEP][PASSED] - click(findTestObject("Object Repository/Sayfalar/Giris_Sayfasi/RetveTamam_Butonu")): Object: 'Object Repository/Sayfalar/Giris_Sayfasi/RetveTamam_Butonu' is clicked on

2021-10-21 14:16:37 - [MESSAGE][INFO] - Finding Test Object 'Object Repository/Sayfalar/Giris_Sayfasi/RetveTamam_Butonu'

2021-10-21 14:16:37 - [MESSAGE][INFO] - Checking object

2021-10-21 14:16:37 - [MESSAGE][INFO] - Finding web element from Test Object's properties

2021-10-21 14:16:37 - [MESSAGE][INFO] - Checking timeout

2021-10-21 14:16:37 - [MESSAGE][INFO] - Finding web element with id: 'Object Repository/Sayfalar/Giris_Sayfasi/RetveTamam_Butonu' located by 'By.xpath: //*[@class = 'btn btn-default']' in '30' second(s)

2021-10-21 14:16:37 - [MESSAGE][INFO] - Smart Wait Function is triggered

2021-10-21 14:16:37 - [MESSAGE][INFO] - Found 1 web elements with id: 'Object Repository/Sayfalar/Giris_Sayfasi/RetveTamam_Butonu' located by 'By.xpath: //*[@class = 'btn btn-default']' in '30' second(s)

2021-10-21 14:16:37 - [MESSAGE][INFO] - Clicking on object: 'Object Repository/Sayfalar/Giris_Sayfasi/RetveTamam_Butonu'

2021-10-21 14:16:37 - [MESSAGE][PASSED] - Object: 'Object Repository/Sayfalar/Giris_Sayfasi/RetveTamam_Butonu' is clicked on

2021-10-21 14:16:37 - [TEST_STEP][PASSED] - click(findTestObject("Object Repository/Sayfalar/Giris_Sayfasi/RetveTamam_Butonu")): Object: 'Object Repository/Sayfalar/Giris_Sayfasi/RetveTamam_Butonu' is clicked on

2021-10-21 14:16:37 - [MESSAGE][INFO] - Finding Test Object 'Object Repository/Sayfalar/Giris_Sayfasi/RetveTamam_Butonu'

2021-10-21 14:16:37 - [MESSAGE][INFO] - Checking object

2021-10-21 14:16:37 - [MESSAGE][INFO] - Finding web element from Test Object's properties

2021-10-21 14:16:37 - [MESSAGE][INFO] - Checking timeout

2021-10-21 14:16:37 - [MESSAGE][INFO] - Finding web element with id: 'Object Repository/Sayfalar/Giris_Sayfasi/RetveTamam_Butonu' located by 'By.xpath: //*[@class = 'btn btn-default']' in '30' second(s)

2021-10-21 14:16:37 - [MESSAGE][INFO] - Smart Wait Function is triggered

2021-10-21 14:16:39 - [MESSAGE][INFO] - Found 1 web elements with id: 'Object Repository/Sayfalar/Giris_Sayfasi/RetveTamam_Butonu' located by 'By.xpath: //*[@class = 'btn btn-default']' in '30' second(s)

2021-10-21 14:16:39 - [MESSAGE][INFO] - Clicking on object: 'Object Repository/Sayfalar/Giris_Sayfasi/RetveTamam_Butonu'

2021-10-21 14:16:39 - [MESSAGE][PASSED] - Object: 'Object Repository/Sayfalar/Giris_Sayfasi/RetveTamam_Butonu' is clicked on

2021-10-21 14:16:39 - [TEST_STEP][PASSED] - if (verifyElementPresent(findTestObject("Sayfalar/Giris_Sayfasi/PopupOK"), 5, OPTIONAL)): null

2021-10-21 14:16:39 - [MESSAGE][INFO] - Finding Test Object 'Object Repository/Sayfalar/Giris_Sayfasi/PopupOK'

2021-10-21 14:16:39 - [MESSAGE][INFO] - Checking object

2021-10-21 14:16:39 - [MESSAGE][INFO] - Finding web element from Test Object's properties

2021-10-21 14:16:39 - [MESSAGE][INFO] - Checking timeout

2021-10-21 14:16:39 - [MESSAGE][INFO] - Finding web element with id: 'Object Repository/Sayfalar/Giris_Sayfasi/PopupOK' located by 'By.cssSelector: .btn.btn-success' in '5' second(s)

2021-10-21 14:16:39 - [MESSAGE][INFO] - Smart Wait Function is triggered

2021-10-21 14:16:40 - [MESSAGE][INFO] - Found 1 web elements with id: 'Object Repository/Sayfalar/Giris_Sayfasi/PopupOK' located by 'By.cssSelector: .btn.btn-success' in '5' second(s)

2021-10-21 14:16:40 - [MESSAGE][PASSED] - Object 'Object Repository/Sayfalar/Giris_Sayfasi/PopupOK' is present

2021-10-21 14:16:40 - [TEST_STEP][PASSED] - click(findTestObject("Object Repository/Sayfalar/Giris_Sayfasi/PopupCarpiGiris")): Object: 'Object Repository/Sayfalar/Giris_Sayfasi/PopupCarpiGiris' is clicked on

2021-10-21 14:16:40 - [MESSAGE][INFO] - Finding Test Object 'Object Repository/Sayfalar/Giris_Sayfasi/PopupCarpiGiris'

2021-10-21 14:16:40 - [MESSAGE][INFO] - Checking object

2021-10-21 14:16:40 - [MESSAGE][INFO] - Finding web element from Test Object's properties

2021-10-21 14:16:40 - [MESSAGE][INFO] - Checking timeout

2021-10-21 14:16:40 - [MESSAGE][INFO] - Finding web element with id: 'Object Repository/Sayfalar/Giris_Sayfasi/PopupCarpiGiris' located by 'By.cssSelector: .bootbox-close-button.close' in '30' second(s)

2021-10-21 14:16:40 - [MESSAGE][INFO] - Smart Wait Function is triggered

2021-10-21 14:16:40 - [MESSAGE][INFO] - Found 1 web elements with id: 'Object Repository/Sayfalar/Giris_Sayfasi/PopupCarpiGiris' located by 'By.cssSelector: .bootbox-close-button.close' in '30' second(s)

2021-10-21 14:16:40 - [MESSAGE][INFO] - Clicking on object: 'Object Repository/Sayfalar/Giris_Sayfasi/PopupCarpiGiris'

2021-10-21 14:16:41 - [MESSAGE][PASSED] - Object: 'Object Repository/Sayfalar/Giris_Sayfasi/PopupCarpiGiris' is clicked on

2021-10-21 14:16:41 - [TEST_STEP][PASSED] - verifyElementVisible(findTestObject("Object Repository/Kullanici_Islemleri/KullaniciIslemleri")): Object 'Object Repository/Kullanici_Islemleri/KullaniciIslemleri' is visible

2021-10-21 14:16:41 - [MESSAGE][INFO] - Finding Test Object 'Object Repository/Kullanici_Islemleri/KullaniciIslemleri'

2021-10-21 14:16:41 - [MESSAGE][INFO] - Checking object

2021-10-21 14:16:41 - [MESSAGE][INFO] - Finding web element from Test Object's properties

2021-10-21 14:16:41 - [MESSAGE][INFO] - Checking timeout

2021-10-21 14:16:41 - [MESSAGE][INFO] - Finding web element with id: 'Object Repository/Kullanici_Islemleri/KullaniciIslemleri' located by 'By.cssSelector: .dropdown>a>img' in '30' second(s)

2021-10-21 14:16:41 - [MESSAGE][INFO] - Smart Wait Function is triggered

2021-10-21 14:16:41 - [MESSAGE][INFO] - Found 1 web elements with id: 'Object Repository/Kullanici_Islemleri/KullaniciIslemleri' located by 'By.cssSelector: .dropdown>a>img' in '30' second(s)

2021-10-21 14:16:41 - [MESSAGE][PASSED] - Object 'Object Repository/Kullanici_Islemleri/KullaniciIslemleri' is visible

2021-10-21 14:16:41 - [MESSAGE][PASSED] - Call Test Case 'Test Cases/Sayfalar/Giris_Sayfasi/Login' successfully

2021-10-21 14:16:41 - [MESSAGE][INFO] - Checking called Test Case

2021-10-21 14:16:41 - [MESSAGE][INFO] - Starting to call Test Case 'Test Cases/Menu/AnaMenuSecimi'

2021-10-21 14:16:41 - [TEST_CASE][PASSED] - Test Cases/Menu/AnaMenuSecimi: Test Cases/Menu/AnaMenuSecimi

2021-10-21 14:16:41 - [TEST_STEP][PASSED] - Method.TextDegerineEsitElementeTikla(findTestObject("Menu/Ana_Menu"), Ana_Menu): Method.TextDegerineEsitElementeTikla is PASSED

2021-10-21 14:16:41 - [MESSAGE][INFO] - Finding Test Object 'Object Repository/Menu/Ana_Menu'

2021-10-21 14:16:41 - [MESSAGE][INFO] - Checking timeout

2021-10-21 14:16:41 - [MESSAGE][INFO] - Finding web element with id: 'Object Repository/Menu/Ana_Menu' located by 'By.xpath: //*[@class = 'dropdown-toggle']' in '10' second(s)

2021-10-21 14:16:41 - [MESSAGE][INFO] - Smart Wait Function is triggered

2021-10-21 14:16:42 - [MESSAGE][INFO] - Found 14 web elements with id: 'Object Repository/Menu/Ana_Menu' located by 'By.xpath: //*[@class = 'dropdown-toggle']' in '10' second(s)

2021-10-21 14:16:42 - [MESSAGE][PASSED] - Method.TextDegerineEsitElementeTikla is PASSED

2021-10-21 14:16:42 - [MESSAGE][PASSED] - Call Test Case 'Test Cases/Menu/AnaMenuSecimi' successfully

2021-10-21 14:16:42 - [MESSAGE][INFO] - Checking called Test Case

2021-10-21 14:16:42 - [MESSAGE][INFO] - Starting to call Test Case 'Test Cases/Menu/BasligaGoreAltMenuSecimi'

2021-10-21 14:16:42 - [TEST_CASE][PASSED] - Test Cases/Menu/BasligaGoreAltMenuSecimi: Test Cases/Menu/BasligaGoreAltMenuSecimi

2021-10-21 14:16:42 - [TEST_STEP][PASSED] - Method.TextDegerineEsitElementinAltindakiTextDegerineEsitOlanaTikla(findTestObject("Menu/Menu_Basligi"), findTestObject("Menu/Basliga_Gore_Alt_Menu"), Baslik, Alt_Menu): Method.TextDegerineEsitElementinAltindakiTextDegerineEsitOlanaTikla is PASSED

2021-10-21 14:16:42 - [MESSAGE][INFO] - Finding Test Object 'Object Repository/Menu/Menu_Basligi'

2021-10-21 14:16:42 - [MESSAGE][INFO] - Finding Test Object 'Object Repository/Menu/Basliga_Gore_Alt_Menu'

2021-10-21 14:16:42 - [MESSAGE][INFO] - Checking timeout

2021-10-21 14:16:42 - [MESSAGE][INFO] - Finding web element with id: 'Object Repository/Menu/Menu_Basligi' located by 'By.xpath: //li[@class='dropdown dropdown-large open']//li[@class='dropdown-header']' in '10' second(s)

2021-10-21 14:16:42 - [MESSAGE][INFO] - Smart Wait Function is triggered

2021-10-21 14:16:42 - [MESSAGE][INFO] - Found 2 web elements with id: 'Object Repository/Menu/Menu_Basligi' located by 'By.xpath: //li[@class='dropdown dropdown-large open']//li[@class='dropdown-header']' in '10' second(s)

2021-10-21 14:16:42 - [MESSAGE][INFO] - Smart Wait Function is triggered

2021-10-21 14:16:46 - [MESSAGE][PASSED] - Method.TextDegerineEsitElementinAltindakiTextDegerineEsitOlanaTikla is PASSED

2021-10-21 14:16:46 - [MESSAGE][PASSED] - Call Test Case 'Test Cases/Menu/BasligaGoreAltMenuSecimi' successfully

2021-10-21 14:16:46 - [MESSAGE][INFO] - Checking called Test Case

2021-10-21 14:16:46 - [MESSAGE][INFO] - Starting to call Test Case 'Test Cases/Filtreler/DropdownSec'

2021-10-21 14:16:47 - [TEST_CASE][PASSED] - Test Cases/Filtreler/DropdownSec: Test Cases/Filtreler/DropdownSec

2021-10-21 14:16:47 - [TEST_STEP][PASSED] - Method.TextDegerineEsitElementinAltindakineTikla(findTestObject("Filtreler/Basliklar"), findTestObject("Filtreler/Basliga_Gore_Baslangic_Image"), Filtre_Adi): Method.TextDegerineEsitElementinAltindakineTikla is PASSED

2021-10-21 14:16:47 - [MESSAGE][INFO] - Finding Test Object 'Object Repository/Filtreler/Basliklar'

2021-10-21 14:16:47 - [MESSAGE][INFO] - Finding Test Object 'Object Repository/Filtreler/Basliga_Gore_Baslangic_Image'

2021-10-21 14:16:47 - [MESSAGE][INFO] - Checking timeout

2021-10-21 14:16:47 - [MESSAGE][INFO] - Finding web element with id: 'Object Repository/Filtreler/Basliklar' located by 'By.cssSelector: .control-label.col-sm-4.paddingMarginRLC' in '10' second(s)

2021-10-21 14:16:47 - [MESSAGE][INFO] - Smart Wait Function is triggered

2021-10-21 14:16:47 - [MESSAGE][INFO] - Found 5 web elements with id: 'Object Repository/Filtreler/Basliklar' located by 'By.cssSelector: .control-label.col-sm-4.paddingMarginRLC' in '10' second(s)

2021-10-21 14:16:47 - [MESSAGE][INFO] - Smart Wait Function is triggered

2021-10-21 14:16:47 - [MESSAGE][PASSED] - Method.TextDegerineEsitElementinAltindakineTikla is PASSED

2021-10-21 14:16:47 - [TEST_STEP][PASSED] - Method.TextDegerineEsitElementeTikla(findTestObject("Object Repository/Filtreler/Basliga_Gore_Dropdown"), Filtre_Degeri): Method.TextDegerineEsitElementeTikla is PASSED

2021-10-21 14:16:47 - [MESSAGE][INFO] - Finding Test Object 'Object Repository/Filtreler/Basliga_Gore_Dropdown'

2021-10-21 14:16:48 - [MESSAGE][INFO] - Checking timeout

2021-10-21 14:16:48 - [MESSAGE][INFO] - Finding web element with id: 'Object Repository/Filtreler/Basliga_Gore_Dropdown' located by 'By.xpath: //*[@class = 'dxeListBoxItemRow_LECustomTheme']' in '10' second(s)

2021-10-21 14:16:48 - [MESSAGE][INFO] - Smart Wait Function is triggered

2021-10-21 14:16:48 - [MESSAGE][INFO] - Found 58 web elements with id: 'Object Repository/Filtreler/Basliga_Gore_Dropdown' located by 'By.xpath: //*[@class = 'dxeListBoxItemRow_LECustomTheme']' in '10' second(s)

2021-10-21 14:16:48 - [MESSAGE][PASSED] - Method.TextDegerineEsitElementeTikla is PASSED

2021-10-21 14:16:48 - [MESSAGE][PASSED] - Call Test Case 'Test Cases/Filtreler/DropdownSec' successfully

2021-10-21 14:16:48 - [MESSAGE][INFO] - Checking called Test Case

2021-10-21 14:16:48 - [MESSAGE][INFO] - Starting to call Test Case 'Test Cases/Filtreler/BaslangicYaz'

2021-10-21 14:16:48 - [TEST_CASE][PASSED] - Test Cases/Filtreler/BaslangicYaz: Test Cases/Filtreler/BaslangicYaz

2021-10-21 14:16:48 - [TEST_STEP][PASSED] - Method.TextDegerineEsitElementinAltindakineTikla(findTestObject("Filtreler/Basliklar"), findTestObject("Filtreler/Basliga_Gore_Baslangic_Image"), Filtre_Adi): Method.TextDegerineEsitElementinAltindakineTikla is PASSED

2021-10-21 14:16:48 - [MESSAGE][INFO] - Finding Test Object 'Object Repository/Filtreler/Basliklar'

2021-10-21 14:16:48 - [MESSAGE][INFO] - Finding Test Object 'Object Repository/Filtreler/Basliga_Gore_Baslangic_Image'

2021-10-21 14:16:49 - [MESSAGE][INFO] - Checking timeout

2021-10-21 14:16:49 - [MESSAGE][INFO] - Finding web element with id: 'Object Repository/Filtreler/Basliklar' located by 'By.cssSelector: .control-label.col-sm-4.paddingMarginRLC' in '10' second(s)

2021-10-21 14:16:49 - [MESSAGE][INFO] - Smart Wait Function is triggered

2021-10-21 14:16:49 - [MESSAGE][INFO] - Found 5 web elements with id: 'Object Repository/Filtreler/Basliklar' located by 'By.cssSelector: .control-label.col-sm-4.paddingMarginRLC' in '10' second(s)

2021-10-21 14:16:49 - [MESSAGE][INFO] - Smart Wait Function is triggered

2021-10-21 14:16:49 - [MESSAGE][PASSED] - Method.TextDegerineEsitElementinAltindakineTikla is PASSED

2021-10-21 14:16:49 - [TEST_STEP][PASSED] - Method.TextDegerineEsitElementinAltindakiTextboxtaYaz(findTestObject("Filtreler/Basliklar"), findTestObject("Filtreler/Basliga_Gore_Baslangic"), Filtre_Adi, Filtre_Degeri): Method.TextDegerineEsitElementinAltindakiTextboxtaYaz is PASSED

2021-10-21 14:16:49 - [MESSAGE][INFO] - Finding Test Object 'Object Repository/Filtreler/Basliklar'

2021-10-21 14:16:49 - [MESSAGE][INFO] - Finding Test Object 'Object Repository/Filtreler/Basliga_Gore_Baslangic'

2021-10-21 14:16:49 - [MESSAGE][INFO] - Checking timeout

2021-10-21 14:16:49 - [MESSAGE][INFO] - Finding web element with id: 'Object Repository/Filtreler/Basliklar' located by 'By.cssSelector: .control-label.col-sm-4.paddingMarginRLC' in '10' second(s)

2021-10-21 14:16:49 - [MESSAGE][INFO] - Smart Wait Function is triggered

2021-10-21 14:16:50 - [MESSAGE][INFO] - Found 5 web elements with id: 'Object Repository/Filtreler/Basliklar' located by 'By.cssSelector: .control-label.col-sm-4.paddingMarginRLC' in '10' second(s)

2021-10-21 14:16:50 - [MESSAGE][INFO] - Smart Wait Function is triggered

2021-10-21 14:16:50 - [MESSAGE][PASSED] - Method.TextDegerineEsitElementinAltindakiTextboxtaYaz is PASSED

2021-10-21 14:16:50 - [MESSAGE][PASSED] - Call Test Case 'Test Cases/Filtreler/BaslangicYaz' successfully

2021-10-21 14:16:50 - [MESSAGE][INFO] - Checking called Test Case

2021-10-21 14:16:50 - [MESSAGE][INFO] - Starting to call Test Case 'Test Cases/Filtreler/BitisYaz'

2021-10-21 14:16:50 - [TEST_CASE][PASSED] - Test Cases/Filtreler/BitisYaz: Test Cases/Filtreler/BitisYaz

2021-10-21 14:16:50 - [TEST_STEP][PASSED] - Method.TextDegerineEsitElementinAltindakineTikla(findTestObject("Filtreler/Basliklar"), findTestObject("Filtreler/Basliga_Gore_Bitis_Image"), Filtre_Adi): Method.TextDegerineEsitElementinAltindakineTikla is PASSED

2021-10-21 14:16:50 - [MESSAGE][INFO] - Finding Test Object 'Object Repository/Filtreler/Basliklar'

2021-10-21 14:16:50 - [MESSAGE][INFO] - Finding Test Object 'Object Repository/Filtreler/Basliga_Gore_Bitis_Image'

2021-10-21 14:16:50 - [MESSAGE][INFO] - Checking timeout

2021-10-21 14:16:50 - [MESSAGE][INFO] - Finding web element with id: 'Object Repository/Filtreler/Basliklar' located by 'By.cssSelector: .control-label.col-sm-4.paddingMarginRLC' in '10' second(s)

2021-10-21 14:16:50 - [MESSAGE][INFO] - Smart Wait Function is triggered

2021-10-21 14:16:51 - [MESSAGE][INFO] - Found 5 web elements with id: 'Object Repository/Filtreler/Basliklar' located by 'By.cssSelector: .control-label.col-sm-4.paddingMarginRLC' in '10' second(s)

2021-10-21 14:16:51 - [MESSAGE][INFO] - Smart Wait Function is triggered

2021-10-21 14:16:51 - [MESSAGE][PASSED] - Method.TextDegerineEsitElementinAltindakineTikla is PASSED

2021-10-21 14:16:51 - [TEST_STEP][PASSED] - Method.TextDegerineEsitElementinAltindakiTextboxtaYaz(findTestObject("Filtreler/Basliklar"), findTestObject("Object Repository/Filtreler/Basliga_Gore_Bitis"), Filtre_Adi, Filtre_Degeri): Method.TextDegerineEsitElementinAltindakiTextboxtaYaz is PASSED

2021-10-21 14:16:51 - [MESSAGE][INFO] - Finding Test Object 'Object Repository/Filtreler/Basliklar'

2021-10-21 14:16:51 - [MESSAGE][INFO] - Finding Test Object 'Object Repository/Filtreler/Basliga_Gore_Bitis'

2021-10-21 14:16:51 - [MESSAGE][INFO] - Checking timeout

2021-10-21 14:16:51 - [MESSAGE][INFO] - Finding web element with id: 'Object Repository/Filtreler/Basliklar' located by 'By.cssSelector: .control-label.col-sm-4.paddingMarginRLC' in '10' second(s)

2021-10-21 14:16:51 - [MESSAGE][INFO] - Smart Wait Function is triggered

2021-10-21 14:16:52 - [MESSAGE][INFO] - Found 5 web elements with id: 'Object Repository/Filtreler/Basliklar' located by 'By.cssSelector: .control-label.col-sm-4.paddingMarginRLC' in '10' second(s)

2021-10-21 14:16:52 - [MESSAGE][INFO] - Smart Wait Function is triggered

2021-10-21 14:16:52 - [MESSAGE][PASSED] - Method.TextDegerineEsitElementinAltindakiTextboxtaYaz is PASSED

2021-10-21 14:16:52 - [MESSAGE][PASSED] - Call Test Case 'Test Cases/Filtreler/BitisYaz' successfully

2021-10-21 14:16:52 - [MESSAGE][INFO] - Checking called Test Case

2021-10-21 14:16:52 - [MESSAGE][INFO] - Starting to call Test Case 'Test Cases/Filtreler/ButonaTikla'

2021-10-21 14:16:52 - [TEST_CASE][PASSED] - Test Cases/Filtreler/ButonaTikla: Test Cases/Filtreler/ButonaTikla

2021-10-21 14:16:52 - [TEST_STEP][PASSED] - Method.TextDegerineEsitElementeTikla(findTestObject("Filtreler/Butonlar"), Filtre_Buton): Method.TextDegerineEsitElementeTikla is PASSED

2021-10-21 14:16:52 - [MESSAGE][INFO] - Finding Test Object 'Object Repository/Filtreler/Butonlar'

2021-10-21 14:16:52 - [MESSAGE][INFO] - Checking timeout

2021-10-21 14:16:52 - [MESSAGE][INFO] - Finding web element with id: 'Object Repository/Filtreler/Butonlar' located by 'By.cssSelector: .dxb>span' in '10' second(s)

2021-10-21 14:16:52 - [MESSAGE][INFO] - Smart Wait Function is triggered

2021-10-21 14:16:52 - [MESSAGE][INFO] - Found 3 web elements with id: 'Object Repository/Filtreler/Butonlar' located by 'By.cssSelector: .dxb>span' in '10' second(s)

2021-10-21 14:16:53 - [MESSAGE][PASSED] - Method.TextDegerineEsitElementeTikla is PASSED

2021-10-21 14:16:53 - [MESSAGE][PASSED] - Call Test Case 'Test Cases/Filtreler/ButonaTikla' successfully

2021-10-21 14:16:53 - [MESSAGE][INFO] - Checking called Test Case

2021-10-21 14:16:53 - [MESSAGE][INFO] - Starting to call Test Case 'Test Cases/Tablo/TablodaVeriVarMi'

2021-10-21 14:16:53 - [TEST_CASE][PASSED] - Test Cases/Tablo/TablodaVeriVarMi: Test Cases/Tablo/TablodaVeriVarMi

2021-10-21 14:16:53 - [TEST_STEP][PASSED] - verifyTextNotPresent("Görüntülenecek veri yok", true): Text 'Görüntülenecek veri yok' is not present on page using regular expression

2021-10-21 14:16:53 - [MESSAGE][INFO] - Checking text present  using regular expression

2021-10-21 14:16:53 - [MESSAGE][INFO] - Smart Wait Function is triggered

2021-10-21 14:16:53 - [MESSAGE][INFO] - Finding text 'Görüntülenecek veri yok' on page  using regular expression

2021-10-21 14:16:53 - [MESSAGE][PASSED] - Text 'Görüntülenecek veri yok' is not present on page using regular expression

2021-10-21 14:16:53 - [MESSAGE][PASSED] - Call Test Case 'Test Cases/Tablo/TablodaVeriVarMi' successfully

2021-10-21 14:16:53 - [MESSAGE][INFO] - Checking called Test Case

2021-10-21 14:16:53 - [MESSAGE][INFO] - Starting to call Test Case 'Test Cases/Tablo/TablodanVeriSec'

2021-10-21 14:16:53 - [TEST_CASE][PASSED] - Test Cases/Tablo/TablodanVeriSec: Test Cases/Tablo/TablodanVeriSec

2021-10-21 14:16:53 - [TEST_STEP][PASSED] - Method.TextDegerineEsitElementinAltindakineTikla(findTestObject("Tablo/Veriler"), findTestObject("Tablo/VerininCheckBoxi"), Veri_Adi): Method.TextDegerineEsitElementinAltindakineTikla is PASSED

2021-10-21 14:16:53 - [MESSAGE][INFO] - Finding Test Object 'Object Repository/Tablo/Veriler'

2021-10-21 14:16:54 - [MESSAGE][INFO] - Finding Test Object 'Object Repository/Tablo/VerininCheckBoxi'

2021-10-21 14:16:54 - [MESSAGE][INFO] - Checking timeout

2021-10-21 14:16:54 - [MESSAGE][INFO] - Finding web element with id: 'Object Repository/Tablo/Veriler' located by 'By.cssSelector: td.dxgv b ,td.dxgv' in '10' second(s)

2021-10-21 14:16:54 - [MESSAGE][INFO] - Smart Wait Function is triggered

2021-10-21 14:16:54 - [MESSAGE][INFO] - Found 130 web elements with id: 'Object Repository/Tablo/Veriler' located by 'By.cssSelector: td.dxgv b ,td.dxgv' in '10' second(s)

2021-10-21 14:16:55 - [MESSAGE][INFO] - Smart Wait Function is triggered

2021-10-21 14:16:55 - [MESSAGE][PASSED] - Method.TextDegerineEsitElementinAltindakineTikla is PASSED

2021-10-21 14:16:55 - [MESSAGE][PASSED] - Call Test Case 'Test Cases/Tablo/TablodanVeriSec' successfully

2021-10-21 14:16:55 - [MESSAGE][INFO] - Checking called Test Case

2021-10-21 14:16:55 - [MESSAGE][INFO] - Starting to call Test Case 'Test Cases/Butonlar/ButonaTikla'

2021-10-21 14:16:55 - [TEST_CASE][PASSED] - Test Cases/Butonlar/ButonaTikla: Test Cases/Butonlar/ButonaTikla

2021-10-21 14:16:55 - [TEST_STEP][PASSED] - Method.TextDegerineEsitElementeTiklaEquals(findTestObject("Butonlar/Butonlar"), Buton_Adi): Method.TextDegerineEsitElementeTiklaEquals is PASSED

2021-10-21 14:16:55 - [MESSAGE][INFO] - Finding Test Object 'Object Repository/Butonlar/Butonlar'

2021-10-21 14:16:55 - [MESSAGE][INFO] - Checking timeout

2021-10-21 14:16:55 - [MESSAGE][INFO] - Finding web element with id: 'Object Repository/Butonlar/Butonlar' located by 'By.cssSelector: .panel.panel-default.text-center.footerPanel .btn,.btn.btn-primary.btnControls' in '10' second(s)

2021-10-21 14:16:55 - [MESSAGE][INFO] - Smart Wait Function is triggered

2021-10-21 14:16:55 - [MESSAGE][INFO] - Found 6 web elements with id: 'Object Repository/Butonlar/Butonlar' located by 'By.cssSelector: .panel.panel-default.text-center.footerPanel .btn,.btn.btn-primary.btnControls' in '10' second(s)

2021-10-21 14:16:56 - [MESSAGE][PASSED] - Method.TextDegerineEsitElementeTiklaEquals is PASSED

2021-10-21 14:16:56 - [MESSAGE][PASSED] - Call Test Case 'Test Cases/Butonlar/ButonaTikla' successfully

2021-10-21 14:16:56 - [MESSAGE][INFO] - Checking called Test Case

2021-10-21 14:16:56 - [MESSAGE][INFO] - Starting to call Test Case 'Test Cases/Sekmeler/YeniSekmeyeGec'

2021-10-21 14:16:56 - [TEST_CASE][PASSED] - Test Cases/Sekmeler/YeniSekmeyeGec: Test Cases/Sekmeler/YeniSekmeyeGec

2021-10-21 14:16:56 - [TEST_STEP][PASSED] - switchToWindowIndex(1): Switched to window with index: '1'

2021-10-21 14:16:56 - [MESSAGE][INFO] - Checking index

2021-10-21 14:16:56 - [MESSAGE][INFO] - Switching window with index: '1'

2021-10-21 14:16:56 - [MESSAGE][PASSED] - Switched to window with index: '1'

2021-10-21 14:16:56 - [MESSAGE][PASSED] - Call Test Case 'Test Cases/Sekmeler/YeniSekmeyeGec' successfully

2021-10-21 14:16:56 - [MESSAGE][INFO] - Checking called Test Case

2021-10-21 14:16:56 - [MESSAGE][INFO] - Starting to call Test Case 'Test Cases/Popup/PopupAcildimi'

2021-10-21 14:16:56 - [TEST_CASE][PASSED] - Test Cases/Popup/PopupAcildimi: Test Cases/Popup/PopupAcildimi

2021-10-21 14:16:56 - [TEST_STEP][PASSED] - verifyElementText(findTestObject("Object Repository/Popup/PopupBaslik"), Name): Actual text and expected text of test object 'Object Repository/Popup/PopupBaslik' are matched.

2021-10-21 14:16:56 - [MESSAGE][INFO] - Finding Test Object 'Object Repository/Popup/PopupBaslik'

2021-10-21 14:16:56 - [MESSAGE][INFO] - Checking object

2021-10-21 14:16:56 - [MESSAGE][INFO] - Finding web element from Test Object's properties

2021-10-21 14:16:56 - [MESSAGE][INFO] - Checking timeout

2021-10-21 14:16:56 - [MESSAGE][INFO] - Finding web element with id: 'Object Repository/Popup/PopupBaslik' located by 'By.cssSelector: body h4' in '30' second(s)

2021-10-21 14:16:56 - [MESSAGE][INFO] - Smart Wait Function is triggered

2021-10-21 14:16:57 - [MESSAGE][INFO] - Found 1 web elements with id: 'Object Repository/Popup/PopupBaslik' located by 'By.cssSelector: body h4' in '30' second(s)

2021-10-21 14:16:57 - [MESSAGE][PASSED] - Actual text and expected text of test object 'Object Repository/Popup/PopupBaslik' are matched.

2021-10-21 14:16:57 - [MESSAGE][PASSED] - Call Test Case 'Test Cases/Popup/PopupAcildimi' successfully

2021-10-21 14:16:57 - [MESSAGE][INFO] - Checking called Test Case

2021-10-21 14:16:57 - [MESSAGE][INFO] - Starting to call Test Case 'Test Cases/Sekmeler/Ana_Sekmeye_Gec'

2021-10-21 14:16:57 - [TEST_CASE][PASSED] - Test Cases/Sekmeler/Ana_Sekmeye_Gec: Test Cases/Sekmeler/Ana_Sekmeye_Gec

2021-10-21 14:16:57 - [TEST_STEP][PASSED] - try: Window with index 1 is closed

2021-10-21 14:16:57 - [TEST_STEP][PASSED] - index = getWindowIndex(): Current window's index is: 1

2021-10-21 14:16:57 - [MESSAGE][INFO] - Getting current window's index

2021-10-21 14:16:57 - [MESSAGE][PASSED] - Current window's index is: 1

2021-10-21 14:16:57 - [TEST_STEP][PASSED] - closeWindowIndex(index): Window with index 1 is closed

2021-10-21 14:16:57 - [MESSAGE][INFO] - Checking index

2021-10-21 14:16:57 - [MESSAGE][INFO] - Closing window with index 1

2021-10-21 14:16:57 - [MESSAGE][PASSED] - Window with index 1 is closed

2021-10-21 14:16:57 - [TEST_STEP][PASSED] - switchToWindowIndex(0): Switched to window with index: '0'

2021-10-21 14:16:57 - [MESSAGE][INFO] - Checking index

2021-10-21 14:16:57 - [MESSAGE][INFO] - Switching window with index: '0'

2021-10-21 14:16:57 - [MESSAGE][PASSED] - Switched to window with index: '0'

2021-10-21 14:16:57 - [MESSAGE][PASSED] - Call Test Case 'Test Cases/Sekmeler/Ana_Sekmeye_Gec' successfully

2021-10-21 14:16:57 - [MESSAGE][INFO] - Checking called Test Case

2021-10-21 14:16:57 - [MESSAGE][INFO] - Starting to call Test Case 'Test Cases/Kullanici_Islemleri/KullaniciIslemlerindenSecimYapilir'

2021-10-21 14:16:57 - [TEST_CASE][PASSED] - Test Cases/Kullanici_Islemleri/KullaniciIslemlerindenSecimYapilir: Test Cases/Kullanici_Islemleri/KullaniciIslemlerindenSecimYapilir

2021-10-21 14:16:57 - [TEST_STEP][PASSED] - waitForElementClickable(findTestObject("Object Repository/Kullanici_Islemleri/KullaniciIslemleri"), 10): Object 'Object Repository/Kullanici_Islemleri/KullaniciIslemleri' is clickable

2021-10-21 14:16:57 - [MESSAGE][INFO] - Finding Test Object 'Object Repository/Kullanici_Islemleri/KullaniciIslemleri'

2021-10-21 14:16:57 - [MESSAGE][INFO] - Checking object

2021-10-21 14:16:57 - [MESSAGE][INFO] - Checking timeout

2021-10-21 14:16:57 - [MESSAGE][INFO] - Finding web element from Test Object's properties

2021-10-21 14:16:57 - [MESSAGE][INFO] - Checking timeout

2021-10-21 14:16:57 - [MESSAGE][INFO] - Finding web element with id: 'Object Repository/Kullanici_Islemleri/KullaniciIslemleri' located by 'By.cssSelector: .dropdown>a>img' in '10' second(s)

2021-10-21 14:16:57 - [MESSAGE][INFO] - Smart Wait Function is triggered

2021-10-21 14:16:58 - [MESSAGE][INFO] - Found 1 web elements with id: 'Object Repository/Kullanici_Islemleri/KullaniciIslemleri' located by 'By.cssSelector: .dropdown>a>img' in '10' second(s)

2021-10-21 14:16:58 - [MESSAGE][PASSED] - Object 'Object Repository/Kullanici_Islemleri/KullaniciIslemleri' is clickable

2021-10-21 14:16:58 - [TEST_STEP][PASSED] - click(findTestObject("Object Repository/Kullanici_Islemleri/KullaniciIslemleri")): Object: 'Object Repository/Kullanici_Islemleri/KullaniciIslemleri' is clicked on

2021-10-21 14:16:58 - [MESSAGE][INFO] - Finding Test Object 'Object Repository/Kullanici_Islemleri/KullaniciIslemleri'

2021-10-21 14:16:58 - [MESSAGE][INFO] - Checking object

2021-10-21 14:16:58 - [MESSAGE][INFO] - Finding web element from Test Object's properties

2021-10-21 14:16:58 - [MESSAGE][INFO] - Checking timeout

2021-10-21 14:16:58 - [MESSAGE][INFO] - Finding web element with id: 'Object Repository/Kullanici_Islemleri/KullaniciIslemleri' located by 'By.cssSelector: .dropdown>a>img' in '30' second(s)

2021-10-21 14:16:58 - [MESSAGE][INFO] - Smart Wait Function is triggered

2021-10-21 14:16:58 - [MESSAGE][INFO] - Found 1 web elements with id: 'Object Repository/Kullanici_Islemleri/KullaniciIslemleri' located by 'By.cssSelector: .dropdown>a>img' in '30' second(s)

2021-10-21 14:16:58 - [MESSAGE][INFO] - Clicking on object: 'Object Repository/Kullanici_Islemleri/KullaniciIslemleri'

2021-10-21 14:16:58 - [MESSAGE][PASSED] - Object: 'Object Repository/Kullanici_Islemleri/KullaniciIslemleri' is clicked on

2021-10-21 14:16:58 - [TEST_STEP][PASSED] - Method.TextDegerineEsitElementeTikla(findTestObject("Object Repository/Kullanici_Islemleri/Secenekler"), Islem): Method.TextDegerineEsitElementeTikla is PASSED

2021-10-21 14:16:58 - [MESSAGE][INFO] - Finding Test Object 'Object Repository/Kullanici_Islemleri/Secenekler'

2021-10-21 14:16:58 - [MESSAGE][INFO] - Checking timeout

2021-10-21 14:16:58 - [MESSAGE][INFO] - Finding web element with id: 'Object Repository/Kullanici_Islemleri/Secenekler' located by 'By.cssSelector: .nav.navbar-nav.navbar-right li a' in '10' second(s)

2021-10-21 14:16:58 - [MESSAGE][INFO] - Smart Wait Function is triggered

2021-10-21 14:16:58 - [MESSAGE][INFO] - Found 22 web elements with id: 'Object Repository/Kullanici_Islemleri/Secenekler' located by 'By.cssSelector: .nav.navbar-nav.navbar-right li a' in '10' second(s)

2021-10-21 14:17:00 - [MESSAGE][PASSED] - Method.TextDegerineEsitElementeTikla is PASSED

2021-10-21 14:17:00 - [TEST_STEP][PASSED] - verifyElementNotPresent(findTestObject("Object Repository/Kullanici_Islemleri/Secenekler"), 10): Web element with id: 'Object Repository/Kullanici_Islemleri/Secenekler' located by 'By.cssSelector: .nav.navbar-nav.navbar-right li a' is not present after '10' second(s)

2021-10-21 14:17:00 - [MESSAGE][INFO] - Finding Test Object 'Object Repository/Kullanici_Islemleri/Secenekler'

2021-10-21 14:17:00 - [MESSAGE][INFO] - Checking object

2021-10-21 14:17:00 - [MESSAGE][INFO] - Checking timeout

2021-10-21 14:17:00 - [MESSAGE][INFO] - Finding web element with id: 'Object Repository/Kullanici_Islemleri/Secenekler' located by 'By.cssSelector: .nav.navbar-nav.navbar-right li a' in '10' second(s)

2021-10-21 14:17:00 - [MESSAGE][INFO] - Smart Wait Function is triggered

2021-10-21 14:17:00 - [MESSAGE][PASSED] - Web element with id: 'Object Repository/Kullanici_Islemleri/Secenekler' located by 'By.cssSelector: .nav.navbar-nav.navbar-right li a' is not present after '10' second(s)

2021-10-21 14:17:00 - [MESSAGE][PASSED] - Call Test Case 'Test Cases/Kullanici_Islemleri/KullaniciIslemlerindenSecimYapilir' successfully

2021-10-21 14:17:00 - [TEST_CASE][PASSED] - Start Test Case : SCENARIO e-Mustahsil Makbuzu Raporlari Rapor: SCENARIO e-Mustahsil Makbuzu Raporlari Rapor

2021-10-21 14:17:00 - [TEST_STEP][PASSED] - Kullanıcı adı ELOGO6 ve Şifre 123456 olarak giriş yapılır: Kullanıcı adı ELOGO6 ve Şifre 123456 olarak giriş yapılır

2021-10-21 14:17:00 - [MESSAGE][PASSED] - Kullanıcı adı ELOGO6 ve Şifre 123456 olarak giriş yapılır

2021-10-21 14:17:00 - [TEST_STEP][PASSED] - Ana menüden e-Makbuz seçilir: Ana menüden e-Makbuz seçilir

2021-10-21 14:17:00 - [MESSAGE][PASSED] - Ana menüden e-Makbuz seçilir

2021-10-21 14:17:00 - [TEST_STEP][PASSED] - Alt menü e-Müstahsil Uygulaması başlığı altındaki e-Müstahsil Makbuzu Raporları seçilir: Alt menü e-Müstahsil Uygulaması başlığı altındaki e-Müstahsil Makbuzu Raporları seçilir

2021-10-21 14:17:00 - [MESSAGE][PASSED] - Alt menü e-Müstahsil Uygulaması başlığı altındaki e-Müstahsil Makbuzu Raporları seçilir

2021-10-21 14:17:00 - [TEST_STEP][PASSED] - Filtrelerden Dönem Tarihi filtresine 2021 Ocak dropdowndan degeri seçilir: Filtrelerden Dönem Tarihi filtresine 2021 Ocak dropdowndan degeri seçilir

2021-10-21 14:17:00 - [MESSAGE][PASSED] - Filtrelerden Dönem Tarihi filtresine 2021 Ocak dropdowndan degeri seçilir

2021-10-21 14:17:00 - [TEST_STEP][PASSED] - Filtrelerden Bölüm Tarihi filtresine 09.01.2021 baslangic degerini yaz: Filtrelerden Bölüm Tarihi filtresine 09.01.2021 baslangic degerini yaz

2021-10-21 14:17:00 - [MESSAGE][PASSED] - Filtrelerden Bölüm Tarihi filtresine 09.01.2021 baslangic degerini yaz

2021-10-21 14:17:00 - [TEST_STEP][PASSED] - Filtrelerden Bölüm Tarihi filtresine 09.01.2021 bitis degerini yaz: Filtrelerden Bölüm Tarihi filtresine 09.01.2021 bitis degerini yaz

2021-10-21 14:17:01 - [MESSAGE][PASSED] - Filtrelerden Bölüm Tarihi filtresine 09.01.2021 bitis degerini yaz

2021-10-21 14:17:01 - [TEST_STEP][PASSED] - Filtre butonlarından Listele seçilir: Filtre butonlarından Listele seçilir

2021-10-21 14:17:01 - [MESSAGE][PASSED] - Filtre butonlarından Listele seçilir

2021-10-21 14:17:01 - [TEST_STEP][PASSED] - Tabloda veri var mı kontrol edilir: Tabloda veri var mı kontrol edilir

2021-10-21 14:17:01 - [MESSAGE][PASSED] - Tabloda veri var mı kontrol edilir

2021-10-21 14:17:01 - [TEST_STEP][PASSED] - Tablodan 2891 isimli veri seçilir: Tablodan 2891 isimli veri seçilir

2021-10-21 14:17:01 - [MESSAGE][PASSED] - Tablodan 2891 isimli veri seçilir

2021-10-21 14:17:01 - [TEST_STEP][PASSED] - Butonlardan Rapor isimli butona tıklanır: Butonlardan Rapor isimli butona tıklanır

2021-10-21 14:17:01 - [MESSAGE][PASSED] - Butonlardan Rapor isimli butona tıklanır

2021-10-21 14:17:01 - [TEST_STEP][PASSED] - Yeni açılan sekmeye geçilir: Yeni açılan sekmeye geçilir

2021-10-21 14:17:01 - [MESSAGE][PASSED] - Yeni açılan sekmeye geçilir

2021-10-21 14:17:01 - [TEST_STEP][PASSED] - e-Müstahsil Makbuzu Raporu popupı açıldı mı: e-Müstahsil Makbuzu Raporu popupı açıldı mı

2021-10-21 14:17:01 - [MESSAGE][PASSED] - e-Müstahsil Makbuzu Raporu popupı açıldı mı

2021-10-21 14:17:01 - [TEST_STEP][PASSED] - Ana sekmeye geçilir: Ana sekmeye geçilir

2021-10-21 14:17:01 - [MESSAGE][PASSED] - Ana sekmeye geçilir

2021-10-21 14:17:01 - [TEST_STEP][PASSED] - Kullanıcı işlemlerinden Çıkış seçilir: Kullanıcı işlemlerinden Çıkış seçilir

2021-10-21 14:17:01 - [MESSAGE][PASSED] - Kullanıcı işlemlerinden Çıkış seçilir

2021-10-21 14:17:01 - [MESSAGE][PASSED] - Feature file: 'Include/features/e-Makbuz/e-Mustahsil Uygulamasi/e-Mustahsil Makbuzu Raporlari/Rapor.feature' was passed

2021-10-21 14:17:01 - [TEST_STEP][PASSED] - Start listener action : sampleAfterTestSuite: Invoke 'com.kms.katalon.core.annotation.AfterTestCase' method: 'Listener.sampleAfterTestSuite(...)' completed.

2021-10-21 14:17:01 - [MESSAGE][INFO] - Starting invoke 'com.kms.katalon.core.annotation.AfterTestCase' method: 'Listener.sampleAfterTestSuite(...)'

2021-10-21 14:17:01 - [TEST_STEP][PASSED] - closeBrowser(): Invoke 'com.kms.katalon.core.annotation.AfterTestCase' method: 'Listener.sampleAfterTestSuite(...)' completed.

2021-10-21 14:17:01 - [MESSAGE][INFO] - Closing browser

2021-10-21 14:17:01 - [MESSAGE][PASSED] - Browser is closed

2021-10-21 14:17:01 - [MESSAGE][INFO] - Invoke 'com.kms.katalon.core.annotation.AfterTestCase' method: 'Listener.sampleAfterTestSuite(...)' completed.]]></system-out>
         <system-err><![CDATA[]]></system-err>
      </testcase>
      <testcase name="Test Cases/Case Repository/e-Makbuz/e-Mustahsil Uygulamasi/e-Mustahsil Makbuzu Raporlari/XML" time="41.813" classname="Test Cases/Case Repository/e-Makbuz/e-Mustahsil Uygulamasi/e-Mustahsil Makbuzu Raporlari/XML" status="PASSED">
         <system-out><![CDATA[2021-10-21 14:17:01 - [TEST_CASE][PASSED] - Test Cases/Case Repository/e-Makbuz/e-Mustahsil Uygulamasi/e-Mustahsil Makbuzu Raporlari/XML: Test Cases/Case Repository/e-Makbuz/e-Mustahsil Uygulamasi/e-Mustahsil Makbuzu Raporlari/XML

2021-10-21 14:17:01 - [TEST_STEP][PASSED] - Start listener action : sampleBeforeTestSuite: Invoke 'com.kms.katalon.core.annotation.BeforeTestCase' method: 'Listener.sampleBeforeTestSuite(...)' completed.

2021-10-21 14:17:01 - [MESSAGE][INFO] - Starting invoke 'com.kms.katalon.core.annotation.BeforeTestCase' method: 'Listener.sampleBeforeTestSuite(...)'

2021-10-21 14:17:01 - [TEST_STEP][PASSED] - openBrowser(baseUrl): Browser is opened with url: 'https://efatura-stage.elogo.com.tr/'

2021-10-21 14:17:01 - [MESSAGE][INFO] - Opening browser

2021-10-21 14:17:01 - [MESSAGE][INFO] - Starting 'Chrome' driver

2021-10-21 14:17:01 - [MESSAGE][INFO] - User set preference: ['prefs', '{download.default_directory=C:\otomasyondownfiles}']

2021-10-21 14:17:01 - [MESSAGE][INFO] - Action delay is set to 0 milliseconds

2021-10-21 14:17:03 - [MESSAGE][INFO] - Navigating browser to: 'https://efatura-stage.elogo.com.tr/'

2021-10-21 14:17:06 - [MESSAGE][PASSED] - Browser is opened with url: 'https://efatura-stage.elogo.com.tr/'

2021-10-21 14:17:06 - [TEST_STEP][PASSED] - maximizeWindow(): Invoke 'com.kms.katalon.core.annotation.BeforeTestCase' method: 'Listener.sampleBeforeTestSuite(...)' completed.

2021-10-21 14:17:06 - [MESSAGE][INFO] - Maximizing current window

2021-10-21 14:17:06 - [MESSAGE][PASSED] - Current window maximized

2021-10-21 14:17:06 - [MESSAGE][INFO] - Invoke 'com.kms.katalon.core.annotation.BeforeTestCase' method: 'Listener.sampleBeforeTestSuite(...)' completed.

2021-10-21 14:17:07 - [TEST_STEP][PASSED] - runFeatureFile("Include/features/e-Makbuz/e-Mustahsil Uygulamasi/e-Mustahsil Makbuzu Raporlari/XML.feature"): Feature file: 'Include/features/e-Makbuz/e-Mustahsil Uygulamasi/e-Mustahsil Makbuzu Raporlari/XML.feature' was passed

2021-10-21 14:17:07 - [MESSAGE][INFO] - Starting run keyword runFeatureFile: 'Include/features/e-Makbuz/e-Mustahsil Uygulamasi/e-Mustahsil Makbuzu Raporlari/XML.feature' and extract report to folder: 'C:\Users\DELL\Downloads\EES_Katalon-main\Reports\20211021_140437\Suite Repository\e-Makbuz\20211021_140511/cucumber_report/1634815027516'...

2021-10-21 14:17:07 - [MESSAGE][INFO] - Glue: []

2021-10-21 14:17:08 - [MESSAGE][INFO] - Checking called Test Case

2021-10-21 14:17:08 - [MESSAGE][INFO] - Starting to call Test Case 'Test Cases/Sayfalar/Giris_Sayfasi/Login'

2021-10-21 14:17:08 - [TEST_CASE][PASSED] - Test Cases/Sayfalar/Giris_Sayfasi/Login: Test Cases/Sayfalar/Giris_Sayfasi/Login

2021-10-21 14:17:08 - [TEST_STEP][PASSED] - Sayfa_Basligi = getWindowTitle(): Current window's title is: 'LOGO e-Fatura'

2021-10-21 14:17:08 - [MESSAGE][INFO] - Getting current window's title

2021-10-21 14:17:08 - [MESSAGE][PASSED] - Current window's title is: 'LOGO e-Fatura'

2021-10-21 14:17:08 - [TEST_STEP][PASSED] - verifyMatch(Sayfa_Basligi, "LOGO e-Fatura", false): Actual text 'LOGO e-Fatura' and expected text 'LOGO e-Fatura' are matched 

2021-10-21 14:17:08 - [MESSAGE][INFO] - Matching actual text 'LOGO e-Fatura' with expected text 'LOGO e-Fatura'

2021-10-21 14:17:08 - [MESSAGE][PASSED] - Actual text 'LOGO e-Fatura' and expected text 'LOGO e-Fatura' are matched 

2021-10-21 14:17:08 - [TEST_STEP][PASSED] - sendKeys(findTestObject("Sayfalar/Giris_Sayfasi/Firma_Kodu"), KullaniciAdi): Keys 'ELOGO6' sent to object: 'Object Repository/Sayfalar/Giris_Sayfasi/Firma_Kodu'

2021-10-21 14:17:08 - [MESSAGE][INFO] - Finding Test Object 'Object Repository/Sayfalar/Giris_Sayfasi/Firma_Kodu'

2021-10-21 14:17:08 - [MESSAGE][INFO] - Sending keys 'ELOGO6' to object: 'Object Repository/Sayfalar/Giris_Sayfasi/Firma_Kodu'

2021-10-21 14:17:08 - [MESSAGE][INFO] - Finding web element from Test Object's properties

2021-10-21 14:17:08 - [MESSAGE][INFO] - Checking timeout

2021-10-21 14:17:08 - [MESSAGE][INFO] - Finding web element with id: 'Object Repository/Sayfalar/Giris_Sayfasi/Firma_Kodu' located by 'By.xpath: //*[@id = 'AccountName']' in '30' second(s)

2021-10-21 14:17:08 - [MESSAGE][INFO] - Smart Wait Function is triggered

2021-10-21 14:17:09 - [MESSAGE][INFO] - Found 1 web elements with id: 'Object Repository/Sayfalar/Giris_Sayfasi/Firma_Kodu' located by 'By.xpath: //*[@id = 'AccountName']' in '30' second(s)

2021-10-21 14:17:09 - [MESSAGE][PASSED] - Keys 'ELOGO6' sent to object: 'Object Repository/Sayfalar/Giris_Sayfasi/Firma_Kodu'

2021-10-21 14:17:09 - [TEST_STEP][PASSED] - sendKeys(findTestObject("Sayfalar/Giris_Sayfasi/Sifre"), Sifre): Keys '123456' sent to object: 'Object Repository/Sayfalar/Giris_Sayfasi/Sifre'

2021-10-21 14:17:09 - [MESSAGE][INFO] - Finding Test Object 'Object Repository/Sayfalar/Giris_Sayfasi/Sifre'

2021-10-21 14:17:09 - [MESSAGE][INFO] - Sending keys '123456' to object: 'Object Repository/Sayfalar/Giris_Sayfasi/Sifre'

2021-10-21 14:17:09 - [MESSAGE][INFO] - Finding web element from Test Object's properties

2021-10-21 14:17:09 - [MESSAGE][INFO] - Checking timeout

2021-10-21 14:17:09 - [MESSAGE][INFO] - Finding web element with id: 'Object Repository/Sayfalar/Giris_Sayfasi/Sifre' located by 'By.xpath: //*[@id = 'Password']' in '30' second(s)

2021-10-21 14:17:09 - [MESSAGE][INFO] - Smart Wait Function is triggered

2021-10-21 14:17:09 - [MESSAGE][INFO] - Found 1 web elements with id: 'Object Repository/Sayfalar/Giris_Sayfasi/Sifre' located by 'By.xpath: //*[@id = 'Password']' in '30' second(s)

2021-10-21 14:17:10 - [MESSAGE][PASSED] - Keys '123456' sent to object: 'Object Repository/Sayfalar/Giris_Sayfasi/Sifre'

2021-10-21 14:17:10 - [TEST_STEP][PASSED] - findWebElement(findTestObject("Sayfalar/Giris_Sayfasi/Giris_Butonu")).click(): Found 1 web elements with id: 'Object Repository/Sayfalar/Giris_Sayfasi/Giris_Butonu' located by 'By.cssSelector: #btnLogin' in '30' second(s)

2021-10-21 14:17:10 - [MESSAGE][INFO] - Finding Test Object 'Object Repository/Sayfalar/Giris_Sayfasi/Giris_Butonu'

2021-10-21 14:17:10 - [MESSAGE][INFO] - Finding web element from Test Object's properties

2021-10-21 14:17:10 - [MESSAGE][INFO] - Checking timeout

2021-10-21 14:17:10 - [MESSAGE][INFO] - Finding web element with id: 'Object Repository/Sayfalar/Giris_Sayfasi/Giris_Butonu' located by 'By.cssSelector: #btnLogin' in '30' second(s)

2021-10-21 14:17:10 - [MESSAGE][INFO] - Smart Wait Function is triggered

2021-10-21 14:17:10 - [MESSAGE][INFO] - Found 1 web elements with id: 'Object Repository/Sayfalar/Giris_Sayfasi/Giris_Butonu' located by 'By.cssSelector: #btnLogin' in '30' second(s)

2021-10-21 14:17:13 - [TEST_STEP][PASSED] - if (verifyElementPresent(findTestObject("Object Repository/Sayfalar/Giris_Sayfasi/RetveTamam_Butonu"), 5, OPTIONAL)): null

2021-10-21 14:17:13 - [MESSAGE][INFO] - Finding Test Object 'Object Repository/Sayfalar/Giris_Sayfasi/RetveTamam_Butonu'

2021-10-21 14:17:13 - [MESSAGE][INFO] - Checking object

2021-10-21 14:17:13 - [MESSAGE][INFO] - Finding web element from Test Object's properties

2021-10-21 14:17:13 - [MESSAGE][INFO] - Checking timeout

2021-10-21 14:17:13 - [MESSAGE][INFO] - Finding web element with id: 'Object Repository/Sayfalar/Giris_Sayfasi/RetveTamam_Butonu' located by 'By.xpath: //*[@class = 'btn btn-default']' in '5' second(s)

2021-10-21 14:17:13 - [MESSAGE][INFO] - Smart Wait Function is triggered

2021-10-21 14:17:13 - [MESSAGE][INFO] - Found 1 web elements with id: 'Object Repository/Sayfalar/Giris_Sayfasi/RetveTamam_Butonu' located by 'By.xpath: //*[@class = 'btn btn-default']' in '5' second(s)

2021-10-21 14:17:13 - [MESSAGE][PASSED] - Object 'Object Repository/Sayfalar/Giris_Sayfasi/RetveTamam_Butonu' is present

2021-10-21 14:17:13 - [TEST_STEP][PASSED] - click(findTestObject("Object Repository/Sayfalar/Giris_Sayfasi/RetveTamam_Butonu")): Object: 'Object Repository/Sayfalar/Giris_Sayfasi/RetveTamam_Butonu' is clicked on

2021-10-21 14:17:13 - [MESSAGE][INFO] - Finding Test Object 'Object Repository/Sayfalar/Giris_Sayfasi/RetveTamam_Butonu'

2021-10-21 14:17:14 - [MESSAGE][INFO] - Checking object

2021-10-21 14:17:14 - [MESSAGE][INFO] - Finding web element from Test Object's properties

2021-10-21 14:17:14 - [MESSAGE][INFO] - Checking timeout

2021-10-21 14:17:14 - [MESSAGE][INFO] - Finding web element with id: 'Object Repository/Sayfalar/Giris_Sayfasi/RetveTamam_Butonu' located by 'By.xpath: //*[@class = 'btn btn-default']' in '30' second(s)

2021-10-21 14:17:14 - [MESSAGE][INFO] - Smart Wait Function is triggered

2021-10-21 14:17:14 - [MESSAGE][INFO] - Found 1 web elements with id: 'Object Repository/Sayfalar/Giris_Sayfasi/RetveTamam_Butonu' located by 'By.xpath: //*[@class = 'btn btn-default']' in '30' second(s)

2021-10-21 14:17:14 - [MESSAGE][INFO] - Clicking on object: 'Object Repository/Sayfalar/Giris_Sayfasi/RetveTamam_Butonu'

2021-10-21 14:17:14 - [MESSAGE][PASSED] - Object: 'Object Repository/Sayfalar/Giris_Sayfasi/RetveTamam_Butonu' is clicked on

2021-10-21 14:17:14 - [TEST_STEP][PASSED] - click(findTestObject("Object Repository/Sayfalar/Giris_Sayfasi/RetveTamam_Butonu")): Object: 'Object Repository/Sayfalar/Giris_Sayfasi/RetveTamam_Butonu' is clicked on

2021-10-21 14:17:14 - [MESSAGE][INFO] - Finding Test Object 'Object Repository/Sayfalar/Giris_Sayfasi/RetveTamam_Butonu'

2021-10-21 14:17:14 - [MESSAGE][INFO] - Checking object

2021-10-21 14:17:14 - [MESSAGE][INFO] - Finding web element from Test Object's properties

2021-10-21 14:17:14 - [MESSAGE][INFO] - Checking timeout

2021-10-21 14:17:14 - [MESSAGE][INFO] - Finding web element with id: 'Object Repository/Sayfalar/Giris_Sayfasi/RetveTamam_Butonu' located by 'By.xpath: //*[@class = 'btn btn-default']' in '30' second(s)

2021-10-21 14:17:14 - [MESSAGE][INFO] - Smart Wait Function is triggered

2021-10-21 14:17:21 - [MESSAGE][INFO] - Found 1 web elements with id: 'Object Repository/Sayfalar/Giris_Sayfasi/RetveTamam_Butonu' located by 'By.xpath: //*[@class = 'btn btn-default']' in '30' second(s)

2021-10-21 14:17:21 - [MESSAGE][INFO] - Clicking on object: 'Object Repository/Sayfalar/Giris_Sayfasi/RetveTamam_Butonu'

2021-10-21 14:17:21 - [MESSAGE][PASSED] - Object: 'Object Repository/Sayfalar/Giris_Sayfasi/RetveTamam_Butonu' is clicked on

2021-10-21 14:17:21 - [TEST_STEP][PASSED] - if (verifyElementPresent(findTestObject("Sayfalar/Giris_Sayfasi/PopupOK"), 5, OPTIONAL)): null

2021-10-21 14:17:21 - [MESSAGE][INFO] - Finding Test Object 'Object Repository/Sayfalar/Giris_Sayfasi/PopupOK'

2021-10-21 14:17:21 - [MESSAGE][INFO] - Checking object

2021-10-21 14:17:21 - [MESSAGE][INFO] - Finding web element from Test Object's properties

2021-10-21 14:17:21 - [MESSAGE][INFO] - Checking timeout

2021-10-21 14:17:21 - [MESSAGE][INFO] - Finding web element with id: 'Object Repository/Sayfalar/Giris_Sayfasi/PopupOK' located by 'By.cssSelector: .btn.btn-success' in '5' second(s)

2021-10-21 14:17:21 - [MESSAGE][INFO] - Smart Wait Function is triggered

2021-10-21 14:17:22 - [MESSAGE][INFO] - Found 1 web elements with id: 'Object Repository/Sayfalar/Giris_Sayfasi/PopupOK' located by 'By.cssSelector: .btn.btn-success' in '5' second(s)

2021-10-21 14:17:22 - [MESSAGE][PASSED] - Object 'Object Repository/Sayfalar/Giris_Sayfasi/PopupOK' is present

2021-10-21 14:17:22 - [TEST_STEP][PASSED] - click(findTestObject("Object Repository/Sayfalar/Giris_Sayfasi/PopupCarpiGiris")): Object: 'Object Repository/Sayfalar/Giris_Sayfasi/PopupCarpiGiris' is clicked on

2021-10-21 14:17:22 - [MESSAGE][INFO] - Finding Test Object 'Object Repository/Sayfalar/Giris_Sayfasi/PopupCarpiGiris'

2021-10-21 14:17:22 - [MESSAGE][INFO] - Checking object

2021-10-21 14:17:22 - [MESSAGE][INFO] - Finding web element from Test Object's properties

2021-10-21 14:17:22 - [MESSAGE][INFO] - Checking timeout

2021-10-21 14:17:22 - [MESSAGE][INFO] - Finding web element with id: 'Object Repository/Sayfalar/Giris_Sayfasi/PopupCarpiGiris' located by 'By.cssSelector: .bootbox-close-button.close' in '30' second(s)

2021-10-21 14:17:22 - [MESSAGE][INFO] - Smart Wait Function is triggered

2021-10-21 14:17:22 - [MESSAGE][INFO] - Found 1 web elements with id: 'Object Repository/Sayfalar/Giris_Sayfasi/PopupCarpiGiris' located by 'By.cssSelector: .bootbox-close-button.close' in '30' second(s)

2021-10-21 14:17:22 - [MESSAGE][INFO] - Clicking on object: 'Object Repository/Sayfalar/Giris_Sayfasi/PopupCarpiGiris'

2021-10-21 14:17:22 - [MESSAGE][PASSED] - Object: 'Object Repository/Sayfalar/Giris_Sayfasi/PopupCarpiGiris' is clicked on

2021-10-21 14:17:22 - [TEST_STEP][PASSED] - verifyElementVisible(findTestObject("Object Repository/Kullanici_Islemleri/KullaniciIslemleri")): Object 'Object Repository/Kullanici_Islemleri/KullaniciIslemleri' is visible

2021-10-21 14:17:22 - [MESSAGE][INFO] - Finding Test Object 'Object Repository/Kullanici_Islemleri/KullaniciIslemleri'

2021-10-21 14:17:22 - [MESSAGE][INFO] - Checking object

2021-10-21 14:17:22 - [MESSAGE][INFO] - Finding web element from Test Object's properties

2021-10-21 14:17:22 - [MESSAGE][INFO] - Checking timeout

2021-10-21 14:17:22 - [MESSAGE][INFO] - Finding web element with id: 'Object Repository/Kullanici_Islemleri/KullaniciIslemleri' located by 'By.cssSelector: .dropdown>a>img' in '30' second(s)

2021-10-21 14:17:22 - [MESSAGE][INFO] - Smart Wait Function is triggered

2021-10-21 14:17:23 - [MESSAGE][INFO] - Found 1 web elements with id: 'Object Repository/Kullanici_Islemleri/KullaniciIslemleri' located by 'By.cssSelector: .dropdown>a>img' in '30' second(s)

2021-10-21 14:17:23 - [MESSAGE][PASSED] - Object 'Object Repository/Kullanici_Islemleri/KullaniciIslemleri' is visible

2021-10-21 14:17:23 - [MESSAGE][PASSED] - Call Test Case 'Test Cases/Sayfalar/Giris_Sayfasi/Login' successfully

2021-10-21 14:17:23 - [MESSAGE][INFO] - Checking called Test Case

2021-10-21 14:17:23 - [MESSAGE][INFO] - Starting to call Test Case 'Test Cases/Menu/AnaMenuSecimi'

2021-10-21 14:17:23 - [TEST_CASE][PASSED] - Test Cases/Menu/AnaMenuSecimi: Test Cases/Menu/AnaMenuSecimi

2021-10-21 14:17:23 - [TEST_STEP][PASSED] - Method.TextDegerineEsitElementeTikla(findTestObject("Menu/Ana_Menu"), Ana_Menu): Method.TextDegerineEsitElementeTikla is PASSED

2021-10-21 14:17:23 - [MESSAGE][INFO] - Finding Test Object 'Object Repository/Menu/Ana_Menu'

2021-10-21 14:17:23 - [MESSAGE][INFO] - Checking timeout

2021-10-21 14:17:23 - [MESSAGE][INFO] - Finding web element with id: 'Object Repository/Menu/Ana_Menu' located by 'By.xpath: //*[@class = 'dropdown-toggle']' in '10' second(s)

2021-10-21 14:17:23 - [MESSAGE][INFO] - Smart Wait Function is triggered

2021-10-21 14:17:23 - [MESSAGE][INFO] - Found 14 web elements with id: 'Object Repository/Menu/Ana_Menu' located by 'By.xpath: //*[@class = 'dropdown-toggle']' in '10' second(s)

2021-10-21 14:17:24 - [MESSAGE][PASSED] - Method.TextDegerineEsitElementeTikla is PASSED

2021-10-21 14:17:24 - [MESSAGE][PASSED] - Call Test Case 'Test Cases/Menu/AnaMenuSecimi' successfully

2021-10-21 14:17:24 - [MESSAGE][INFO] - Checking called Test Case

2021-10-21 14:17:24 - [MESSAGE][INFO] - Starting to call Test Case 'Test Cases/Menu/BasligaGoreAltMenuSecimi'

2021-10-21 14:17:24 - [TEST_CASE][PASSED] - Test Cases/Menu/BasligaGoreAltMenuSecimi: Test Cases/Menu/BasligaGoreAltMenuSecimi

2021-10-21 14:17:24 - [TEST_STEP][PASSED] - Method.TextDegerineEsitElementinAltindakiTextDegerineEsitOlanaTikla(findTestObject("Menu/Menu_Basligi"), findTestObject("Menu/Basliga_Gore_Alt_Menu"), Baslik, Alt_Menu): Method.TextDegerineEsitElementinAltindakiTextDegerineEsitOlanaTikla is PASSED

2021-10-21 14:17:24 - [MESSAGE][INFO] - Finding Test Object 'Object Repository/Menu/Menu_Basligi'

2021-10-21 14:17:24 - [MESSAGE][INFO] - Finding Test Object 'Object Repository/Menu/Basliga_Gore_Alt_Menu'

2021-10-21 14:17:24 - [MESSAGE][INFO] - Checking timeout

2021-10-21 14:17:24 - [MESSAGE][INFO] - Finding web element with id: 'Object Repository/Menu/Menu_Basligi' located by 'By.xpath: //li[@class='dropdown dropdown-large open']//li[@class='dropdown-header']' in '10' second(s)

2021-10-21 14:17:24 - [MESSAGE][INFO] - Smart Wait Function is triggered

2021-10-21 14:17:24 - [MESSAGE][INFO] - Found 2 web elements with id: 'Object Repository/Menu/Menu_Basligi' located by 'By.xpath: //li[@class='dropdown dropdown-large open']//li[@class='dropdown-header']' in '10' second(s)

2021-10-21 14:17:24 - [MESSAGE][INFO] - Smart Wait Function is triggered

2021-10-21 14:17:27 - [MESSAGE][PASSED] - Method.TextDegerineEsitElementinAltindakiTextDegerineEsitOlanaTikla is PASSED

2021-10-21 14:17:27 - [MESSAGE][PASSED] - Call Test Case 'Test Cases/Menu/BasligaGoreAltMenuSecimi' successfully

2021-10-21 14:17:27 - [MESSAGE][INFO] - Checking called Test Case

2021-10-21 14:17:27 - [MESSAGE][INFO] - Starting to call Test Case 'Test Cases/Filtreler/DropdownSec'

2021-10-21 14:17:27 - [TEST_CASE][PASSED] - Test Cases/Filtreler/DropdownSec: Test Cases/Filtreler/DropdownSec

2021-10-21 14:17:27 - [TEST_STEP][PASSED] - Method.TextDegerineEsitElementinAltindakineTikla(findTestObject("Filtreler/Basliklar"), findTestObject("Filtreler/Basliga_Gore_Baslangic_Image"), Filtre_Adi): Method.TextDegerineEsitElementinAltindakineTikla is PASSED

2021-10-21 14:17:27 - [MESSAGE][INFO] - Finding Test Object 'Object Repository/Filtreler/Basliklar'

2021-10-21 14:17:28 - [MESSAGE][INFO] - Finding Test Object 'Object Repository/Filtreler/Basliga_Gore_Baslangic_Image'

2021-10-21 14:17:28 - [MESSAGE][INFO] - Checking timeout

2021-10-21 14:17:28 - [MESSAGE][INFO] - Finding web element with id: 'Object Repository/Filtreler/Basliklar' located by 'By.cssSelector: .control-label.col-sm-4.paddingMarginRLC' in '10' second(s)

2021-10-21 14:17:28 - [MESSAGE][INFO] - Smart Wait Function is triggered

2021-10-21 14:17:28 - [MESSAGE][INFO] - Found 5 web elements with id: 'Object Repository/Filtreler/Basliklar' located by 'By.cssSelector: .control-label.col-sm-4.paddingMarginRLC' in '10' second(s)

2021-10-21 14:17:28 - [MESSAGE][INFO] - Smart Wait Function is triggered

2021-10-21 14:17:28 - [MESSAGE][PASSED] - Method.TextDegerineEsitElementinAltindakineTikla is PASSED

2021-10-21 14:17:28 - [TEST_STEP][PASSED] - Method.TextDegerineEsitElementeTikla(findTestObject("Object Repository/Filtreler/Basliga_Gore_Dropdown"), Filtre_Degeri): Method.TextDegerineEsitElementeTikla is PASSED

2021-10-21 14:17:28 - [MESSAGE][INFO] - Finding Test Object 'Object Repository/Filtreler/Basliga_Gore_Dropdown'

2021-10-21 14:17:28 - [MESSAGE][INFO] - Checking timeout

2021-10-21 14:17:28 - [MESSAGE][INFO] - Finding web element with id: 'Object Repository/Filtreler/Basliga_Gore_Dropdown' located by 'By.xpath: //*[@class = 'dxeListBoxItemRow_LECustomTheme']' in '10' second(s)

2021-10-21 14:17:28 - [MESSAGE][INFO] - Smart Wait Function is triggered

2021-10-21 14:17:29 - [MESSAGE][INFO] - Found 58 web elements with id: 'Object Repository/Filtreler/Basliga_Gore_Dropdown' located by 'By.xpath: //*[@class = 'dxeListBoxItemRow_LECustomTheme']' in '10' second(s)

2021-10-21 14:17:29 - [MESSAGE][PASSED] - Method.TextDegerineEsitElementeTikla is PASSED

2021-10-21 14:17:29 - [MESSAGE][PASSED] - Call Test Case 'Test Cases/Filtreler/DropdownSec' successfully

2021-10-21 14:17:29 - [MESSAGE][INFO] - Checking called Test Case

2021-10-21 14:17:29 - [MESSAGE][INFO] - Starting to call Test Case 'Test Cases/Filtreler/BaslangicYaz'

2021-10-21 14:17:29 - [TEST_CASE][PASSED] - Test Cases/Filtreler/BaslangicYaz: Test Cases/Filtreler/BaslangicYaz

2021-10-21 14:17:29 - [TEST_STEP][PASSED] - Method.TextDegerineEsitElementinAltindakineTikla(findTestObject("Filtreler/Basliklar"), findTestObject("Filtreler/Basliga_Gore_Baslangic_Image"), Filtre_Adi): Method.TextDegerineEsitElementinAltindakineTikla is PASSED

2021-10-21 14:17:29 - [MESSAGE][INFO] - Finding Test Object 'Object Repository/Filtreler/Basliklar'

2021-10-21 14:17:29 - [MESSAGE][INFO] - Finding Test Object 'Object Repository/Filtreler/Basliga_Gore_Baslangic_Image'

2021-10-21 14:17:29 - [MESSAGE][INFO] - Checking timeout

2021-10-21 14:17:29 - [MESSAGE][INFO] - Finding web element with id: 'Object Repository/Filtreler/Basliklar' located by 'By.cssSelector: .control-label.col-sm-4.paddingMarginRLC' in '10' second(s)

2021-10-21 14:17:29 - [MESSAGE][INFO] - Smart Wait Function is triggered

2021-10-21 14:17:30 - [MESSAGE][INFO] - Found 5 web elements with id: 'Object Repository/Filtreler/Basliklar' located by 'By.cssSelector: .control-label.col-sm-4.paddingMarginRLC' in '10' second(s)

2021-10-21 14:17:30 - [MESSAGE][INFO] - Smart Wait Function is triggered

2021-10-21 14:17:30 - [MESSAGE][PASSED] - Method.TextDegerineEsitElementinAltindakineTikla is PASSED

2021-10-21 14:17:30 - [TEST_STEP][PASSED] - Method.TextDegerineEsitElementinAltindakiTextboxtaYaz(findTestObject("Filtreler/Basliklar"), findTestObject("Filtreler/Basliga_Gore_Baslangic"), Filtre_Adi, Filtre_Degeri): Method.TextDegerineEsitElementinAltindakiTextboxtaYaz is PASSED

2021-10-21 14:17:30 - [MESSAGE][INFO] - Finding Test Object 'Object Repository/Filtreler/Basliklar'

2021-10-21 14:17:30 - [MESSAGE][INFO] - Finding Test Object 'Object Repository/Filtreler/Basliga_Gore_Baslangic'

2021-10-21 14:17:30 - [MESSAGE][INFO] - Checking timeout

2021-10-21 14:17:30 - [MESSAGE][INFO] - Finding web element with id: 'Object Repository/Filtreler/Basliklar' located by 'By.cssSelector: .control-label.col-sm-4.paddingMarginRLC' in '10' second(s)

2021-10-21 14:17:30 - [MESSAGE][INFO] - Smart Wait Function is triggered

2021-10-21 14:17:30 - [MESSAGE][INFO] - Found 5 web elements with id: 'Object Repository/Filtreler/Basliklar' located by 'By.cssSelector: .control-label.col-sm-4.paddingMarginRLC' in '10' second(s)

2021-10-21 14:17:31 - [MESSAGE][INFO] - Smart Wait Function is triggered

2021-10-21 14:17:31 - [MESSAGE][PASSED] - Method.TextDegerineEsitElementinAltindakiTextboxtaYaz is PASSED

2021-10-21 14:17:31 - [MESSAGE][PASSED] - Call Test Case 'Test Cases/Filtreler/BaslangicYaz' successfully

2021-10-21 14:17:31 - [MESSAGE][INFO] - Checking called Test Case

2021-10-21 14:17:31 - [MESSAGE][INFO] - Starting to call Test Case 'Test Cases/Filtreler/BitisYaz'

2021-10-21 14:17:31 - [TEST_CASE][PASSED] - Test Cases/Filtreler/BitisYaz: Test Cases/Filtreler/BitisYaz

2021-10-21 14:17:31 - [TEST_STEP][PASSED] - Method.TextDegerineEsitElementinAltindakineTikla(findTestObject("Filtreler/Basliklar"), findTestObject("Filtreler/Basliga_Gore_Bitis_Image"), Filtre_Adi): Method.TextDegerineEsitElementinAltindakineTikla is PASSED

2021-10-21 14:17:31 - [MESSAGE][INFO] - Finding Test Object 'Object Repository/Filtreler/Basliklar'

2021-10-21 14:17:31 - [MESSAGE][INFO] - Finding Test Object 'Object Repository/Filtreler/Basliga_Gore_Bitis_Image'

2021-10-21 14:17:31 - [MESSAGE][INFO] - Checking timeout

2021-10-21 14:17:31 - [MESSAGE][INFO] - Finding web element with id: 'Object Repository/Filtreler/Basliklar' located by 'By.cssSelector: .control-label.col-sm-4.paddingMarginRLC' in '10' second(s)

2021-10-21 14:17:31 - [MESSAGE][INFO] - Smart Wait Function is triggered

2021-10-21 14:17:31 - [MESSAGE][INFO] - Found 5 web elements with id: 'Object Repository/Filtreler/Basliklar' located by 'By.cssSelector: .control-label.col-sm-4.paddingMarginRLC' in '10' second(s)

2021-10-21 14:17:32 - [MESSAGE][INFO] - Smart Wait Function is triggered

2021-10-21 14:17:32 - [MESSAGE][PASSED] - Method.TextDegerineEsitElementinAltindakineTikla is PASSED

2021-10-21 14:17:32 - [TEST_STEP][PASSED] - Method.TextDegerineEsitElementinAltindakiTextboxtaYaz(findTestObject("Filtreler/Basliklar"), findTestObject("Object Repository/Filtreler/Basliga_Gore_Bitis"), Filtre_Adi, Filtre_Degeri): Method.TextDegerineEsitElementinAltindakiTextboxtaYaz is PASSED

2021-10-21 14:17:32 - [MESSAGE][INFO] - Finding Test Object 'Object Repository/Filtreler/Basliklar'

2021-10-21 14:17:32 - [MESSAGE][INFO] - Finding Test Object 'Object Repository/Filtreler/Basliga_Gore_Bitis'

2021-10-21 14:17:32 - [MESSAGE][INFO] - Checking timeout

2021-10-21 14:17:32 - [MESSAGE][INFO] - Finding web element with id: 'Object Repository/Filtreler/Basliklar' located by 'By.cssSelector: .control-label.col-sm-4.paddingMarginRLC' in '10' second(s)

2021-10-21 14:17:32 - [MESSAGE][INFO] - Smart Wait Function is triggered

2021-10-21 14:17:33 - [MESSAGE][INFO] - Found 5 web elements with id: 'Object Repository/Filtreler/Basliklar' located by 'By.cssSelector: .control-label.col-sm-4.paddingMarginRLC' in '10' second(s)

2021-10-21 14:17:33 - [MESSAGE][INFO] - Smart Wait Function is triggered

2021-10-21 14:17:33 - [MESSAGE][PASSED] - Method.TextDegerineEsitElementinAltindakiTextboxtaYaz is PASSED

2021-10-21 14:17:33 - [MESSAGE][PASSED] - Call Test Case 'Test Cases/Filtreler/BitisYaz' successfully

2021-10-21 14:17:33 - [MESSAGE][INFO] - Checking called Test Case

2021-10-21 14:17:33 - [MESSAGE][INFO] - Starting to call Test Case 'Test Cases/Filtreler/ButonaTikla'

2021-10-21 14:17:33 - [TEST_CASE][PASSED] - Test Cases/Filtreler/ButonaTikla: Test Cases/Filtreler/ButonaTikla

2021-10-21 14:17:33 - [TEST_STEP][PASSED] - Method.TextDegerineEsitElementeTikla(findTestObject("Filtreler/Butonlar"), Filtre_Buton): Method.TextDegerineEsitElementeTikla is PASSED

2021-10-21 14:17:33 - [MESSAGE][INFO] - Finding Test Object 'Object Repository/Filtreler/Butonlar'

2021-10-21 14:17:33 - [MESSAGE][INFO] - Checking timeout

2021-10-21 14:17:33 - [MESSAGE][INFO] - Finding web element with id: 'Object Repository/Filtreler/Butonlar' located by 'By.cssSelector: .dxb>span' in '10' second(s)

2021-10-21 14:17:33 - [MESSAGE][INFO] - Smart Wait Function is triggered

2021-10-21 14:17:34 - [MESSAGE][INFO] - Found 3 web elements with id: 'Object Repository/Filtreler/Butonlar' located by 'By.cssSelector: .dxb>span' in '10' second(s)

2021-10-21 14:17:34 - [MESSAGE][PASSED] - Method.TextDegerineEsitElementeTikla is PASSED

2021-10-21 14:17:34 - [MESSAGE][PASSED] - Call Test Case 'Test Cases/Filtreler/ButonaTikla' successfully

2021-10-21 14:17:34 - [MESSAGE][INFO] - Checking called Test Case

2021-10-21 14:17:34 - [MESSAGE][INFO] - Starting to call Test Case 'Test Cases/Tablo/TablodaVeriVarMi'

2021-10-21 14:17:34 - [TEST_CASE][PASSED] - Test Cases/Tablo/TablodaVeriVarMi: Test Cases/Tablo/TablodaVeriVarMi

2021-10-21 14:17:34 - [TEST_STEP][PASSED] - verifyTextNotPresent("Görüntülenecek veri yok", true): Text 'Görüntülenecek veri yok' is not present on page using regular expression

2021-10-21 14:17:34 - [MESSAGE][INFO] - Checking text present  using regular expression

2021-10-21 14:17:34 - [MESSAGE][INFO] - Smart Wait Function is triggered

2021-10-21 14:17:35 - [MESSAGE][INFO] - Finding text 'Görüntülenecek veri yok' on page  using regular expression

2021-10-21 14:17:35 - [MESSAGE][PASSED] - Text 'Görüntülenecek veri yok' is not present on page using regular expression

2021-10-21 14:17:35 - [MESSAGE][PASSED] - Call Test Case 'Test Cases/Tablo/TablodaVeriVarMi' successfully

2021-10-21 14:17:35 - [MESSAGE][INFO] - Checking called Test Case

2021-10-21 14:17:35 - [MESSAGE][INFO] - Starting to call Test Case 'Test Cases/Tablo/TablodanVeriSec'

2021-10-21 14:17:35 - [TEST_CASE][PASSED] - Test Cases/Tablo/TablodanVeriSec: Test Cases/Tablo/TablodanVeriSec

2021-10-21 14:17:35 - [TEST_STEP][PASSED] - Method.TextDegerineEsitElementinAltindakineTikla(findTestObject("Tablo/Veriler"), findTestObject("Tablo/VerininCheckBoxi"), Veri_Adi): Method.TextDegerineEsitElementinAltindakineTikla is PASSED

2021-10-21 14:17:35 - [MESSAGE][INFO] - Finding Test Object 'Object Repository/Tablo/Veriler'

2021-10-21 14:17:35 - [MESSAGE][INFO] - Finding Test Object 'Object Repository/Tablo/VerininCheckBoxi'

2021-10-21 14:17:35 - [MESSAGE][INFO] - Checking timeout

2021-10-21 14:17:35 - [MESSAGE][INFO] - Finding web element with id: 'Object Repository/Tablo/Veriler' located by 'By.cssSelector: td.dxgv b ,td.dxgv' in '10' second(s)

2021-10-21 14:17:35 - [MESSAGE][INFO] - Smart Wait Function is triggered

2021-10-21 14:17:35 - [MESSAGE][INFO] - Found 130 web elements with id: 'Object Repository/Tablo/Veriler' located by 'By.cssSelector: td.dxgv b ,td.dxgv' in '10' second(s)

2021-10-21 14:17:36 - [MESSAGE][INFO] - Smart Wait Function is triggered

2021-10-21 14:17:37 - [MESSAGE][PASSED] - Method.TextDegerineEsitElementinAltindakineTikla is PASSED

2021-10-21 14:17:37 - [MESSAGE][PASSED] - Call Test Case 'Test Cases/Tablo/TablodanVeriSec' successfully

2021-10-21 14:17:37 - [MESSAGE][INFO] - Checking called Test Case

2021-10-21 14:17:37 - [MESSAGE][INFO] - Starting to call Test Case 'Test Cases/Butonlar/ButonaTikla'

2021-10-21 14:17:37 - [TEST_CASE][PASSED] - Test Cases/Butonlar/ButonaTikla: Test Cases/Butonlar/ButonaTikla

2021-10-21 14:17:37 - [TEST_STEP][PASSED] - Method.TextDegerineEsitElementeTiklaEquals(findTestObject("Butonlar/Butonlar"), Buton_Adi): Method.TextDegerineEsitElementeTiklaEquals is PASSED

2021-10-21 14:17:37 - [MESSAGE][INFO] - Finding Test Object 'Object Repository/Butonlar/Butonlar'

2021-10-21 14:17:37 - [MESSAGE][INFO] - Checking timeout

2021-10-21 14:17:37 - [MESSAGE][INFO] - Finding web element with id: 'Object Repository/Butonlar/Butonlar' located by 'By.cssSelector: .panel.panel-default.text-center.footerPanel .btn,.btn.btn-primary.btnControls' in '10' second(s)

2021-10-21 14:17:37 - [MESSAGE][INFO] - Smart Wait Function is triggered

2021-10-21 14:17:37 - [MESSAGE][INFO] - Found 6 web elements with id: 'Object Repository/Butonlar/Butonlar' located by 'By.cssSelector: .panel.panel-default.text-center.footerPanel .btn,.btn.btn-primary.btnControls' in '10' second(s)

2021-10-21 14:17:37 - [MESSAGE][PASSED] - Method.TextDegerineEsitElementeTiklaEquals is PASSED

2021-10-21 14:17:37 - [MESSAGE][PASSED] - Call Test Case 'Test Cases/Butonlar/ButonaTikla' successfully

2021-10-21 14:17:37 - [MESSAGE][INFO] - Checking called Test Case

2021-10-21 14:17:37 - [MESSAGE][INFO] - Starting to call Test Case 'Test Cases/Sekmeler/YeniSekmeyeGec'

2021-10-21 14:17:37 - [TEST_CASE][PASSED] - Test Cases/Sekmeler/YeniSekmeyeGec: Test Cases/Sekmeler/YeniSekmeyeGec

2021-10-21 14:17:37 - [TEST_STEP][PASSED] - switchToWindowIndex(1): Switched to window with index: '1'

2021-10-21 14:17:37 - [MESSAGE][INFO] - Checking index

2021-10-21 14:17:37 - [MESSAGE][INFO] - Switching window with index: '1'

2021-10-21 14:17:38 - [MESSAGE][PASSED] - Switched to window with index: '1'

2021-10-21 14:17:38 - [MESSAGE][PASSED] - Call Test Case 'Test Cases/Sekmeler/YeniSekmeyeGec' successfully

2021-10-21 14:17:38 - [MESSAGE][INFO] - Checking called Test Case

2021-10-21 14:17:38 - [MESSAGE][INFO] - Starting to call Test Case 'Test Cases/Sekmeler/TagGeldiMi'

2021-10-21 14:17:38 - [TEST_CASE][PASSED] - Test Cases/Sekmeler/TagGeldiMi: Test Cases/Sekmeler/TagGeldiMi

2021-10-21 14:17:38 - [TEST_STEP][PASSED] - waitForElementPresent(findTestObject("Object Repository/Sekmeler/UBLTag"), 10): Object 'Object Repository/Sekmeler/UBLTag' is present

2021-10-21 14:17:38 - [MESSAGE][INFO] - Finding Test Object 'Object Repository/Sekmeler/UBLTag'

2021-10-21 14:17:38 - [MESSAGE][INFO] - Checking object

2021-10-21 14:17:38 - [MESSAGE][INFO] - Finding web element from Test Object's properties

2021-10-21 14:17:38 - [MESSAGE][INFO] - Checking timeout

2021-10-21 14:17:38 - [MESSAGE][INFO] - Finding web element with id: 'Object Repository/Sekmeler/UBLTag' located by 'By.cssSelector: #webkit-xml-viewer-source-xml>:first-child' in '10' second(s)

2021-10-21 14:17:38 - [MESSAGE][INFO] - Smart Wait Function is triggered

2021-10-21 14:17:38 - [MESSAGE][INFO] - Found 1 web elements with id: 'Object Repository/Sekmeler/UBLTag' located by 'By.cssSelector: #webkit-xml-viewer-source-xml>:first-child' in '10' second(s)

2021-10-21 14:17:38 - [MESSAGE][PASSED] - Object 'Object Repository/Sekmeler/UBLTag' is present

2021-10-21 14:17:38 - [TEST_STEP][PASSED] - println(toLowerCase().toString()): Found 1 web elements with id: 'Object Repository/Sekmeler/UBLTag' located by 'By.cssSelector: #webkit-xml-viewer-source-xml>:first-child' in '10' second(s)

2021-10-21 14:17:38 - [MESSAGE][INFO] - Finding Test Object 'Object Repository/Sekmeler/UBLTag'

2021-10-21 14:17:38 - [MESSAGE][INFO] - Finding web element from Test Object's properties

2021-10-21 14:17:38 - [MESSAGE][INFO] - Checking timeout

2021-10-21 14:17:38 - [MESSAGE][INFO] - Finding web element with id: 'Object Repository/Sekmeler/UBLTag' located by 'By.cssSelector: #webkit-xml-viewer-source-xml>:first-child' in '10' second(s)

2021-10-21 14:17:38 - [MESSAGE][INFO] - Smart Wait Function is triggered

2021-10-21 14:17:38 - [MESSAGE][INFO] - Found 1 web elements with id: 'Object Repository/Sekmeler/UBLTag' located by 'By.cssSelector: #webkit-xml-viewer-source-xml>:first-child' in '10' second(s)

2021-10-21 14:17:38 - [TEST_STEP][PASSED] - if (!(toString().contains(toString().toLowerCase()))): Found 1 web elements with id: 'Object Repository/Sekmeler/UBLTag' located by 'By.cssSelector: #webkit-xml-viewer-source-xml>:first-child' in '10' second(s)

2021-10-21 14:17:38 - [MESSAGE][INFO] - Finding Test Object 'Object Repository/Sekmeler/UBLTag'

2021-10-21 14:17:38 - [MESSAGE][INFO] - Finding web element from Test Object's properties

2021-10-21 14:17:38 - [MESSAGE][INFO] - Checking timeout

2021-10-21 14:17:38 - [MESSAGE][INFO] - Finding web element with id: 'Object Repository/Sekmeler/UBLTag' located by 'By.cssSelector: #webkit-xml-viewer-source-xml>:first-child' in '10' second(s)

2021-10-21 14:17:38 - [MESSAGE][INFO] - Smart Wait Function is triggered

2021-10-21 14:17:38 - [MESSAGE][INFO] - Found 1 web elements with id: 'Object Repository/Sekmeler/UBLTag' located by 'By.cssSelector: #webkit-xml-viewer-source-xml>:first-child' in '10' second(s)

2021-10-21 14:17:38 - [MESSAGE][PASSED] - Call Test Case 'Test Cases/Sekmeler/TagGeldiMi' successfully

2021-10-21 14:17:38 - [MESSAGE][INFO] - Checking called Test Case

2021-10-21 14:17:38 - [MESSAGE][INFO] - Starting to call Test Case 'Test Cases/Sekmeler/Ana_Sekmeye_Gec'

2021-10-21 14:17:38 - [TEST_CASE][PASSED] - Test Cases/Sekmeler/Ana_Sekmeye_Gec: Test Cases/Sekmeler/Ana_Sekmeye_Gec

2021-10-21 14:17:38 - [TEST_STEP][PASSED] - try: Window with index 1 is closed

2021-10-21 14:17:38 - [TEST_STEP][PASSED] - index = getWindowIndex(): Current window's index is: 1

2021-10-21 14:17:38 - [MESSAGE][INFO] - Getting current window's index

2021-10-21 14:17:38 - [MESSAGE][PASSED] - Current window's index is: 1

2021-10-21 14:17:38 - [TEST_STEP][PASSED] - closeWindowIndex(index): Window with index 1 is closed

2021-10-21 14:17:38 - [MESSAGE][INFO] - Checking index

2021-10-21 14:17:38 - [MESSAGE][INFO] - Closing window with index 1

2021-10-21 14:17:38 - [MESSAGE][PASSED] - Window with index 1 is closed

2021-10-21 14:17:38 - [TEST_STEP][PASSED] - switchToWindowIndex(0): Switched to window with index: '0'

2021-10-21 14:17:38 - [MESSAGE][INFO] - Checking index

2021-10-21 14:17:38 - [MESSAGE][INFO] - Switching window with index: '0'

2021-10-21 14:17:38 - [MESSAGE][PASSED] - Switched to window with index: '0'

2021-10-21 14:17:38 - [MESSAGE][PASSED] - Call Test Case 'Test Cases/Sekmeler/Ana_Sekmeye_Gec' successfully

2021-10-21 14:17:38 - [MESSAGE][INFO] - Checking called Test Case

2021-10-21 14:17:38 - [MESSAGE][INFO] - Starting to call Test Case 'Test Cases/Kullanici_Islemleri/KullaniciIslemlerindenSecimYapilir'

2021-10-21 14:17:39 - [TEST_CASE][PASSED] - Test Cases/Kullanici_Islemleri/KullaniciIslemlerindenSecimYapilir: Test Cases/Kullanici_Islemleri/KullaniciIslemlerindenSecimYapilir

2021-10-21 14:17:39 - [TEST_STEP][PASSED] - waitForElementClickable(findTestObject("Object Repository/Kullanici_Islemleri/KullaniciIslemleri"), 10): Object 'Object Repository/Kullanici_Islemleri/KullaniciIslemleri' is clickable

2021-10-21 14:17:39 - [MESSAGE][INFO] - Finding Test Object 'Object Repository/Kullanici_Islemleri/KullaniciIslemleri'

2021-10-21 14:17:39 - [MESSAGE][INFO] - Checking object

2021-10-21 14:17:39 - [MESSAGE][INFO] - Checking timeout

2021-10-21 14:17:39 - [MESSAGE][INFO] - Finding web element from Test Object's properties

2021-10-21 14:17:39 - [MESSAGE][INFO] - Checking timeout

2021-10-21 14:17:39 - [MESSAGE][INFO] - Finding web element with id: 'Object Repository/Kullanici_Islemleri/KullaniciIslemleri' located by 'By.cssSelector: .dropdown>a>img' in '10' second(s)

2021-10-21 14:17:39 - [MESSAGE][INFO] - Smart Wait Function is triggered

2021-10-21 14:17:39 - [MESSAGE][INFO] - Found 1 web elements with id: 'Object Repository/Kullanici_Islemleri/KullaniciIslemleri' located by 'By.cssSelector: .dropdown>a>img' in '10' second(s)

2021-10-21 14:17:39 - [MESSAGE][PASSED] - Object 'Object Repository/Kullanici_Islemleri/KullaniciIslemleri' is clickable

2021-10-21 14:17:39 - [TEST_STEP][PASSED] - click(findTestObject("Object Repository/Kullanici_Islemleri/KullaniciIslemleri")): Object: 'Object Repository/Kullanici_Islemleri/KullaniciIslemleri' is clicked on

2021-10-21 14:17:39 - [MESSAGE][INFO] - Finding Test Object 'Object Repository/Kullanici_Islemleri/KullaniciIslemleri'

2021-10-21 14:17:39 - [MESSAGE][INFO] - Checking object

2021-10-21 14:17:39 - [MESSAGE][INFO] - Finding web element from Test Object's properties

2021-10-21 14:17:39 - [MESSAGE][INFO] - Checking timeout

2021-10-21 14:17:39 - [MESSAGE][INFO] - Finding web element with id: 'Object Repository/Kullanici_Islemleri/KullaniciIslemleri' located by 'By.cssSelector: .dropdown>a>img' in '30' second(s)

2021-10-21 14:17:39 - [MESSAGE][INFO] - Smart Wait Function is triggered

2021-10-21 14:17:39 - [MESSAGE][INFO] - Found 1 web elements with id: 'Object Repository/Kullanici_Islemleri/KullaniciIslemleri' located by 'By.cssSelector: .dropdown>a>img' in '30' second(s)

2021-10-21 14:17:39 - [MESSAGE][INFO] - Clicking on object: 'Object Repository/Kullanici_Islemleri/KullaniciIslemleri'

2021-10-21 14:17:39 - [MESSAGE][PASSED] - Object: 'Object Repository/Kullanici_Islemleri/KullaniciIslemleri' is clicked on

2021-10-21 14:17:39 - [TEST_STEP][PASSED] - Method.TextDegerineEsitElementeTikla(findTestObject("Object Repository/Kullanici_Islemleri/Secenekler"), Islem): Method.TextDegerineEsitElementeTikla is PASSED

2021-10-21 14:17:39 - [MESSAGE][INFO] - Finding Test Object 'Object Repository/Kullanici_Islemleri/Secenekler'

2021-10-21 14:17:40 - [MESSAGE][INFO] - Checking timeout

2021-10-21 14:17:40 - [MESSAGE][INFO] - Finding web element with id: 'Object Repository/Kullanici_Islemleri/Secenekler' located by 'By.cssSelector: .nav.navbar-nav.navbar-right li a' in '10' second(s)

2021-10-21 14:17:40 - [MESSAGE][INFO] - Smart Wait Function is triggered

2021-10-21 14:17:40 - [MESSAGE][INFO] - Found 22 web elements with id: 'Object Repository/Kullanici_Islemleri/Secenekler' located by 'By.cssSelector: .nav.navbar-nav.navbar-right li a' in '10' second(s)

2021-10-21 14:17:42 - [MESSAGE][PASSED] - Method.TextDegerineEsitElementeTikla is PASSED

2021-10-21 14:17:42 - [TEST_STEP][PASSED] - verifyElementNotPresent(findTestObject("Object Repository/Kullanici_Islemleri/Secenekler"), 10): Web element with id: 'Object Repository/Kullanici_Islemleri/Secenekler' located by 'By.cssSelector: .nav.navbar-nav.navbar-right li a' is not present after '10' second(s)

2021-10-21 14:17:42 - [MESSAGE][INFO] - Finding Test Object 'Object Repository/Kullanici_Islemleri/Secenekler'

2021-10-21 14:17:42 - [MESSAGE][INFO] - Checking object

2021-10-21 14:17:42 - [MESSAGE][INFO] - Checking timeout

2021-10-21 14:17:42 - [MESSAGE][INFO] - Finding web element with id: 'Object Repository/Kullanici_Islemleri/Secenekler' located by 'By.cssSelector: .nav.navbar-nav.navbar-right li a' in '10' second(s)

2021-10-21 14:17:42 - [MESSAGE][INFO] - Smart Wait Function is triggered

2021-10-21 14:17:42 - [MESSAGE][PASSED] - Web element with id: 'Object Repository/Kullanici_Islemleri/Secenekler' located by 'By.cssSelector: .nav.navbar-nav.navbar-right li a' is not present after '10' second(s)

2021-10-21 14:17:42 - [MESSAGE][PASSED] - Call Test Case 'Test Cases/Kullanici_Islemleri/KullaniciIslemlerindenSecimYapilir' successfully

2021-10-21 14:17:42 - [TEST_CASE][PASSED] - Start Test Case : SCENARIO e-Mustahsil Makbuzu Raporlari XML: SCENARIO e-Mustahsil Makbuzu Raporlari XML

2021-10-21 14:17:42 - [TEST_STEP][PASSED] - Kullanıcı adı ELOGO6 ve Şifre 123456 olarak giriş yapılır: Kullanıcı adı ELOGO6 ve Şifre 123456 olarak giriş yapılır

2021-10-21 14:17:42 - [MESSAGE][PASSED] - Kullanıcı adı ELOGO6 ve Şifre 123456 olarak giriş yapılır

2021-10-21 14:17:42 - [TEST_STEP][PASSED] - Ana menüden e-Makbuz seçilir: Ana menüden e-Makbuz seçilir

2021-10-21 14:17:42 - [MESSAGE][PASSED] - Ana menüden e-Makbuz seçilir

2021-10-21 14:17:42 - [TEST_STEP][PASSED] - Alt menü e-Müstahsil Uygulaması başlığı altındaki e-Müstahsil Makbuzu Raporları seçilir: Alt menü e-Müstahsil Uygulaması başlığı altındaki e-Müstahsil Makbuzu Raporları seçilir

2021-10-21 14:17:42 - [MESSAGE][PASSED] - Alt menü e-Müstahsil Uygulaması başlığı altındaki e-Müstahsil Makbuzu Raporları seçilir

2021-10-21 14:17:42 - [TEST_STEP][PASSED] - Filtrelerden Dönem Tarihi filtresine 2021 Ocak dropdowndan degeri seçilir: Filtrelerden Dönem Tarihi filtresine 2021 Ocak dropdowndan degeri seçilir

2021-10-21 14:17:42 - [MESSAGE][PASSED] - Filtrelerden Dönem Tarihi filtresine 2021 Ocak dropdowndan degeri seçilir

2021-10-21 14:17:42 - [TEST_STEP][PASSED] - Filtrelerden Bölüm Tarihi filtresine 09.01.2021 baslangic degerini yaz: Filtrelerden Bölüm Tarihi filtresine 09.01.2021 baslangic degerini yaz

2021-10-21 14:17:42 - [MESSAGE][PASSED] - Filtrelerden Bölüm Tarihi filtresine 09.01.2021 baslangic degerini yaz

2021-10-21 14:17:42 - [TEST_STEP][PASSED] - Filtrelerden Bölüm Tarihi filtresine 09.01.2021 bitis degerini yaz: Filtrelerden Bölüm Tarihi filtresine 09.01.2021 bitis degerini yaz

2021-10-21 14:17:42 - [MESSAGE][PASSED] - Filtrelerden Bölüm Tarihi filtresine 09.01.2021 bitis degerini yaz

2021-10-21 14:17:42 - [TEST_STEP][PASSED] - Filtre butonlarından Listele seçilir: Filtre butonlarından Listele seçilir

2021-10-21 14:17:42 - [MESSAGE][PASSED] - Filtre butonlarından Listele seçilir

2021-10-21 14:17:42 - [TEST_STEP][PASSED] - Tabloda veri var mı kontrol edilir: Tabloda veri var mı kontrol edilir

2021-10-21 14:17:42 - [MESSAGE][PASSED] - Tabloda veri var mı kontrol edilir

2021-10-21 14:17:42 - [TEST_STEP][PASSED] - Tablodan 2891 isimli veri seçilir: Tablodan 2891 isimli veri seçilir

2021-10-21 14:17:42 - [MESSAGE][PASSED] - Tablodan 2891 isimli veri seçilir

2021-10-21 14:17:42 - [TEST_STEP][PASSED] - Butonlardan XML isimli butona tıklanır: Butonlardan XML isimli butona tıklanır

2021-10-21 14:17:42 - [MESSAGE][PASSED] - Butonlardan XML isimli butona tıklanır

2021-10-21 14:17:42 - [TEST_STEP][PASSED] - Yeni açılan sekmeye geçilir: Yeni açılan sekmeye geçilir

2021-10-21 14:17:42 - [MESSAGE][PASSED] - Yeni açılan sekmeye geçilir

2021-10-21 14:17:42 - [TEST_STEP][PASSED] - earsiv:eArsivRaporu tagli ubl geldi mi: earsiv:eArsivRaporu tagli ubl geldi mi

2021-10-21 14:17:42 - [MESSAGE][PASSED] - earsiv:eArsivRaporu tagli ubl geldi mi

2021-10-21 14:17:42 - [TEST_STEP][PASSED] - Ana sekmeye geçilir: Ana sekmeye geçilir

2021-10-21 14:17:42 - [MESSAGE][PASSED] - Ana sekmeye geçilir

2021-10-21 14:17:42 - [TEST_STEP][PASSED] - Kullanıcı işlemlerinden Çıkış seçilir: Kullanıcı işlemlerinden Çıkış seçilir

2021-10-21 14:17:42 - [MESSAGE][PASSED] - Kullanıcı işlemlerinden Çıkış seçilir

2021-10-21 14:17:42 - [MESSAGE][PASSED] - Feature file: 'Include/features/e-Makbuz/e-Mustahsil Uygulamasi/e-Mustahsil Makbuzu Raporlari/XML.feature' was passed

2021-10-21 14:17:42 - [TEST_STEP][PASSED] - Start listener action : sampleAfterTestSuite: Invoke 'com.kms.katalon.core.annotation.AfterTestCase' method: 'Listener.sampleAfterTestSuite(...)' completed.

2021-10-21 14:17:42 - [MESSAGE][INFO] - Starting invoke 'com.kms.katalon.core.annotation.AfterTestCase' method: 'Listener.sampleAfterTestSuite(...)'

2021-10-21 14:17:42 - [TEST_STEP][PASSED] - closeBrowser(): Invoke 'com.kms.katalon.core.annotation.AfterTestCase' method: 'Listener.sampleAfterTestSuite(...)' completed.

2021-10-21 14:17:42 - [MESSAGE][INFO] - Closing browser

2021-10-21 14:17:43 - [MESSAGE][PASSED] - Browser is closed

2021-10-21 14:17:43 - [MESSAGE][INFO] - Invoke 'com.kms.katalon.core.annotation.AfterTestCase' method: 'Listener.sampleAfterTestSuite(...)' completed.]]></system-out>
         <system-err><![CDATA[]]></system-err>
      </testcase>
      <testcase name="Test Cases/Case Repository/e-Makbuz/e-Mustahsil Uygulamasi/e-Mustahsil Makbuzu Raporlari/Yeniden Olustur" time="39.272" classname="Test Cases/Case Repository/e-Makbuz/e-Mustahsil Uygulamasi/e-Mustahsil Makbuzu Raporlari/Yeniden Olustur" status="PASSED">
         <system-out><![CDATA[2021-10-21 14:17:43 - [TEST_CASE][PASSED] - Test Cases/Case Repository/e-Makbuz/e-Mustahsil Uygulamasi/e-Mustahsil Makbuzu Raporlari/Yeniden Olustur: Test Cases/Case Repository/e-Makbuz/e-Mustahsil Uygulamasi/e-Mustahsil Makbuzu Raporlari/Yeniden Olustur

2021-10-21 14:17:43 - [TEST_STEP][PASSED] - Start listener action : sampleBeforeTestSuite: Invoke 'com.kms.katalon.core.annotation.BeforeTestCase' method: 'Listener.sampleBeforeTestSuite(...)' completed.

2021-10-21 14:17:43 - [MESSAGE][INFO] - Starting invoke 'com.kms.katalon.core.annotation.BeforeTestCase' method: 'Listener.sampleBeforeTestSuite(...)'

2021-10-21 14:17:43 - [TEST_STEP][PASSED] - openBrowser(baseUrl): Browser is opened with url: 'https://efatura-stage.elogo.com.tr/'

2021-10-21 14:17:43 - [MESSAGE][INFO] - Opening browser

2021-10-21 14:17:43 - [MESSAGE][INFO] - Starting 'Chrome' driver

2021-10-21 14:17:43 - [MESSAGE][INFO] - User set preference: ['prefs', '{download.default_directory=C:\otomasyondownfiles}']

2021-10-21 14:17:43 - [MESSAGE][INFO] - Action delay is set to 0 milliseconds

2021-10-21 14:17:45 - [MESSAGE][INFO] - Navigating browser to: 'https://efatura-stage.elogo.com.tr/'

2021-10-21 14:17:47 - [MESSAGE][PASSED] - Browser is opened with url: 'https://efatura-stage.elogo.com.tr/'

2021-10-21 14:17:47 - [TEST_STEP][PASSED] - maximizeWindow(): Invoke 'com.kms.katalon.core.annotation.BeforeTestCase' method: 'Listener.sampleBeforeTestSuite(...)' completed.

2021-10-21 14:17:47 - [MESSAGE][INFO] - Maximizing current window

2021-10-21 14:17:47 - [MESSAGE][PASSED] - Current window maximized

2021-10-21 14:17:47 - [MESSAGE][INFO] - Invoke 'com.kms.katalon.core.annotation.BeforeTestCase' method: 'Listener.sampleBeforeTestSuite(...)' completed.

2021-10-21 14:17:48 - [TEST_STEP][PASSED] - runFeatureFile("Include/features/e-Makbuz/e-Mustahsil Uygulamasi/e-Mustahsil Makbuzu Raporlari/Yeniden Olustur.feature"): Feature file: 'Include/features/e-Makbuz/e-Mustahsil Uygulamasi/e-Mustahsil Makbuzu Raporlari/Yeniden Olustur.feature' was passed

2021-10-21 14:17:48 - [MESSAGE][INFO] - Starting run keyword runFeatureFile: 'Include/features/e-Makbuz/e-Mustahsil Uygulamasi/e-Mustahsil Makbuzu Raporlari/Yeniden Olustur.feature' and extract report to folder: 'C:\Users\DELL\Downloads\EES_Katalon-main\Reports\20211021_140437\Suite Repository\e-Makbuz\20211021_140511/cucumber_report/1634815068256'...

2021-10-21 14:17:48 - [MESSAGE][INFO] - Glue: []

2021-10-21 14:17:49 - [MESSAGE][INFO] - Checking called Test Case

2021-10-21 14:17:49 - [MESSAGE][INFO] - Starting to call Test Case 'Test Cases/Sayfalar/Giris_Sayfasi/Login'

2021-10-21 14:17:49 - [TEST_CASE][PASSED] - Test Cases/Sayfalar/Giris_Sayfasi/Login: Test Cases/Sayfalar/Giris_Sayfasi/Login

2021-10-21 14:17:49 - [TEST_STEP][PASSED] - Sayfa_Basligi = getWindowTitle(): Current window's title is: 'LOGO e-Fatura'

2021-10-21 14:17:49 - [MESSAGE][INFO] - Getting current window's title

2021-10-21 14:17:49 - [MESSAGE][PASSED] - Current window's title is: 'LOGO e-Fatura'

2021-10-21 14:17:49 - [TEST_STEP][PASSED] - verifyMatch(Sayfa_Basligi, "LOGO e-Fatura", false): Actual text 'LOGO e-Fatura' and expected text 'LOGO e-Fatura' are matched 

2021-10-21 14:17:49 - [MESSAGE][INFO] - Matching actual text 'LOGO e-Fatura' with expected text 'LOGO e-Fatura'

2021-10-21 14:17:49 - [MESSAGE][PASSED] - Actual text 'LOGO e-Fatura' and expected text 'LOGO e-Fatura' are matched 

2021-10-21 14:17:49 - [TEST_STEP][PASSED] - sendKeys(findTestObject("Sayfalar/Giris_Sayfasi/Firma_Kodu"), KullaniciAdi): Keys 'ELOGO6' sent to object: 'Object Repository/Sayfalar/Giris_Sayfasi/Firma_Kodu'

2021-10-21 14:17:49 - [MESSAGE][INFO] - Finding Test Object 'Object Repository/Sayfalar/Giris_Sayfasi/Firma_Kodu'

2021-10-21 14:17:49 - [MESSAGE][INFO] - Sending keys 'ELOGO6' to object: 'Object Repository/Sayfalar/Giris_Sayfasi/Firma_Kodu'

2021-10-21 14:17:49 - [MESSAGE][INFO] - Finding web element from Test Object's properties

2021-10-21 14:17:49 - [MESSAGE][INFO] - Checking timeout

2021-10-21 14:17:49 - [MESSAGE][INFO] - Finding web element with id: 'Object Repository/Sayfalar/Giris_Sayfasi/Firma_Kodu' located by 'By.xpath: //*[@id = 'AccountName']' in '30' second(s)

2021-10-21 14:17:49 - [MESSAGE][INFO] - Smart Wait Function is triggered

2021-10-21 14:17:49 - [MESSAGE][INFO] - Found 1 web elements with id: 'Object Repository/Sayfalar/Giris_Sayfasi/Firma_Kodu' located by 'By.xpath: //*[@id = 'AccountName']' in '30' second(s)

2021-10-21 14:17:49 - [MESSAGE][PASSED] - Keys 'ELOGO6' sent to object: 'Object Repository/Sayfalar/Giris_Sayfasi/Firma_Kodu'

2021-10-21 14:17:49 - [TEST_STEP][PASSED] - sendKeys(findTestObject("Sayfalar/Giris_Sayfasi/Sifre"), Sifre): Keys '123456' sent to object: 'Object Repository/Sayfalar/Giris_Sayfasi/Sifre'

2021-10-21 14:17:49 - [MESSAGE][INFO] - Finding Test Object 'Object Repository/Sayfalar/Giris_Sayfasi/Sifre'

2021-10-21 14:17:50 - [MESSAGE][INFO] - Sending keys '123456' to object: 'Object Repository/Sayfalar/Giris_Sayfasi/Sifre'

2021-10-21 14:17:50 - [MESSAGE][INFO] - Finding web element from Test Object's properties

2021-10-21 14:17:50 - [MESSAGE][INFO] - Checking timeout

2021-10-21 14:17:50 - [MESSAGE][INFO] - Finding web element with id: 'Object Repository/Sayfalar/Giris_Sayfasi/Sifre' located by 'By.xpath: //*[@id = 'Password']' in '30' second(s)

2021-10-21 14:17:50 - [MESSAGE][INFO] - Smart Wait Function is triggered

2021-10-21 14:17:50 - [MESSAGE][INFO] - Found 1 web elements with id: 'Object Repository/Sayfalar/Giris_Sayfasi/Sifre' located by 'By.xpath: //*[@id = 'Password']' in '30' second(s)

2021-10-21 14:17:50 - [MESSAGE][PASSED] - Keys '123456' sent to object: 'Object Repository/Sayfalar/Giris_Sayfasi/Sifre'

2021-10-21 14:17:50 - [TEST_STEP][PASSED] - findWebElement(findTestObject("Sayfalar/Giris_Sayfasi/Giris_Butonu")).click(): Found 1 web elements with id: 'Object Repository/Sayfalar/Giris_Sayfasi/Giris_Butonu' located by 'By.cssSelector: #btnLogin' in '30' second(s)

2021-10-21 14:17:50 - [MESSAGE][INFO] - Finding Test Object 'Object Repository/Sayfalar/Giris_Sayfasi/Giris_Butonu'

2021-10-21 14:17:50 - [MESSAGE][INFO] - Finding web element from Test Object's properties

2021-10-21 14:17:50 - [MESSAGE][INFO] - Checking timeout

2021-10-21 14:17:50 - [MESSAGE][INFO] - Finding web element with id: 'Object Repository/Sayfalar/Giris_Sayfasi/Giris_Butonu' located by 'By.cssSelector: #btnLogin' in '30' second(s)

2021-10-21 14:17:50 - [MESSAGE][INFO] - Smart Wait Function is triggered

2021-10-21 14:17:50 - [MESSAGE][INFO] - Found 1 web elements with id: 'Object Repository/Sayfalar/Giris_Sayfasi/Giris_Butonu' located by 'By.cssSelector: #btnLogin' in '30' second(s)

2021-10-21 14:17:53 - [TEST_STEP][PASSED] - if (verifyElementPresent(findTestObject("Object Repository/Sayfalar/Giris_Sayfasi/RetveTamam_Butonu"), 5, OPTIONAL)): null

2021-10-21 14:17:53 - [MESSAGE][INFO] - Finding Test Object 'Object Repository/Sayfalar/Giris_Sayfasi/RetveTamam_Butonu'

2021-10-21 14:17:53 - [MESSAGE][INFO] - Checking object

2021-10-21 14:17:53 - [MESSAGE][INFO] - Finding web element from Test Object's properties

2021-10-21 14:17:53 - [MESSAGE][INFO] - Checking timeout

2021-10-21 14:17:53 - [MESSAGE][INFO] - Finding web element with id: 'Object Repository/Sayfalar/Giris_Sayfasi/RetveTamam_Butonu' located by 'By.xpath: //*[@class = 'btn btn-default']' in '5' second(s)

2021-10-21 14:17:53 - [MESSAGE][INFO] - Smart Wait Function is triggered

2021-10-21 14:17:53 - [MESSAGE][INFO] - Found 1 web elements with id: 'Object Repository/Sayfalar/Giris_Sayfasi/RetveTamam_Butonu' located by 'By.xpath: //*[@class = 'btn btn-default']' in '5' second(s)

2021-10-21 14:17:53 - [MESSAGE][PASSED] - Object 'Object Repository/Sayfalar/Giris_Sayfasi/RetveTamam_Butonu' is present

2021-10-21 14:17:53 - [TEST_STEP][PASSED] - click(findTestObject("Object Repository/Sayfalar/Giris_Sayfasi/RetveTamam_Butonu")): Object: 'Object Repository/Sayfalar/Giris_Sayfasi/RetveTamam_Butonu' is clicked on

2021-10-21 14:17:53 - [MESSAGE][INFO] - Finding Test Object 'Object Repository/Sayfalar/Giris_Sayfasi/RetveTamam_Butonu'

2021-10-21 14:17:53 - [MESSAGE][INFO] - Checking object

2021-10-21 14:17:53 - [MESSAGE][INFO] - Finding web element from Test Object's properties

2021-10-21 14:17:53 - [MESSAGE][INFO] - Checking timeout

2021-10-21 14:17:53 - [MESSAGE][INFO] - Finding web element with id: 'Object Repository/Sayfalar/Giris_Sayfasi/RetveTamam_Butonu' located by 'By.xpath: //*[@class = 'btn btn-default']' in '30' second(s)

2021-10-21 14:17:53 - [MESSAGE][INFO] - Smart Wait Function is triggered

2021-10-21 14:17:54 - [MESSAGE][INFO] - Found 1 web elements with id: 'Object Repository/Sayfalar/Giris_Sayfasi/RetveTamam_Butonu' located by 'By.xpath: //*[@class = 'btn btn-default']' in '30' second(s)

2021-10-21 14:17:54 - [MESSAGE][INFO] - Clicking on object: 'Object Repository/Sayfalar/Giris_Sayfasi/RetveTamam_Butonu'

2021-10-21 14:17:54 - [MESSAGE][PASSED] - Object: 'Object Repository/Sayfalar/Giris_Sayfasi/RetveTamam_Butonu' is clicked on

2021-10-21 14:17:54 - [TEST_STEP][PASSED] - click(findTestObject("Object Repository/Sayfalar/Giris_Sayfasi/RetveTamam_Butonu")): Object: 'Object Repository/Sayfalar/Giris_Sayfasi/RetveTamam_Butonu' is clicked on

2021-10-21 14:17:54 - [MESSAGE][INFO] - Finding Test Object 'Object Repository/Sayfalar/Giris_Sayfasi/RetveTamam_Butonu'

2021-10-21 14:17:54 - [MESSAGE][INFO] - Checking object

2021-10-21 14:17:54 - [MESSAGE][INFO] - Finding web element from Test Object's properties

2021-10-21 14:17:54 - [MESSAGE][INFO] - Checking timeout

2021-10-21 14:17:54 - [MESSAGE][INFO] - Finding web element with id: 'Object Repository/Sayfalar/Giris_Sayfasi/RetveTamam_Butonu' located by 'By.xpath: //*[@class = 'btn btn-default']' in '30' second(s)

2021-10-21 14:17:54 - [MESSAGE][INFO] - Smart Wait Function is triggered

2021-10-21 14:17:57 - [MESSAGE][INFO] - Found 1 web elements with id: 'Object Repository/Sayfalar/Giris_Sayfasi/RetveTamam_Butonu' located by 'By.xpath: //*[@class = 'btn btn-default']' in '30' second(s)

2021-10-21 14:17:57 - [MESSAGE][INFO] - Clicking on object: 'Object Repository/Sayfalar/Giris_Sayfasi/RetveTamam_Butonu'

2021-10-21 14:17:57 - [MESSAGE][PASSED] - Object: 'Object Repository/Sayfalar/Giris_Sayfasi/RetveTamam_Butonu' is clicked on

2021-10-21 14:17:57 - [TEST_STEP][PASSED] - if (verifyElementPresent(findTestObject("Sayfalar/Giris_Sayfasi/PopupOK"), 5, OPTIONAL)): null

2021-10-21 14:17:57 - [MESSAGE][INFO] - Finding Test Object 'Object Repository/Sayfalar/Giris_Sayfasi/PopupOK'

2021-10-21 14:17:57 - [MESSAGE][INFO] - Checking object

2021-10-21 14:17:57 - [MESSAGE][INFO] - Finding web element from Test Object's properties

2021-10-21 14:17:57 - [MESSAGE][INFO] - Checking timeout

2021-10-21 14:17:57 - [MESSAGE][INFO] - Finding web element with id: 'Object Repository/Sayfalar/Giris_Sayfasi/PopupOK' located by 'By.cssSelector: .btn.btn-success' in '5' second(s)

2021-10-21 14:17:57 - [MESSAGE][INFO] - Smart Wait Function is triggered

2021-10-21 14:17:58 - [MESSAGE][INFO] - Found 1 web elements with id: 'Object Repository/Sayfalar/Giris_Sayfasi/PopupOK' located by 'By.cssSelector: .btn.btn-success' in '5' second(s)

2021-10-21 14:17:58 - [MESSAGE][PASSED] - Object 'Object Repository/Sayfalar/Giris_Sayfasi/PopupOK' is present

2021-10-21 14:17:58 - [TEST_STEP][PASSED] - click(findTestObject("Object Repository/Sayfalar/Giris_Sayfasi/PopupCarpiGiris")): Object: 'Object Repository/Sayfalar/Giris_Sayfasi/PopupCarpiGiris' is clicked on

2021-10-21 14:17:58 - [MESSAGE][INFO] - Finding Test Object 'Object Repository/Sayfalar/Giris_Sayfasi/PopupCarpiGiris'

2021-10-21 14:17:58 - [MESSAGE][INFO] - Checking object

2021-10-21 14:17:58 - [MESSAGE][INFO] - Finding web element from Test Object's properties

2021-10-21 14:17:58 - [MESSAGE][INFO] - Checking timeout

2021-10-21 14:17:58 - [MESSAGE][INFO] - Finding web element with id: 'Object Repository/Sayfalar/Giris_Sayfasi/PopupCarpiGiris' located by 'By.cssSelector: .bootbox-close-button.close' in '30' second(s)

2021-10-21 14:17:58 - [MESSAGE][INFO] - Smart Wait Function is triggered

2021-10-21 14:17:58 - [MESSAGE][INFO] - Found 1 web elements with id: 'Object Repository/Sayfalar/Giris_Sayfasi/PopupCarpiGiris' located by 'By.cssSelector: .bootbox-close-button.close' in '30' second(s)

2021-10-21 14:17:58 - [MESSAGE][INFO] - Clicking on object: 'Object Repository/Sayfalar/Giris_Sayfasi/PopupCarpiGiris'

2021-10-21 14:17:58 - [MESSAGE][PASSED] - Object: 'Object Repository/Sayfalar/Giris_Sayfasi/PopupCarpiGiris' is clicked on

2021-10-21 14:17:58 - [TEST_STEP][PASSED] - verifyElementVisible(findTestObject("Object Repository/Kullanici_Islemleri/KullaniciIslemleri")): Object 'Object Repository/Kullanici_Islemleri/KullaniciIslemleri' is visible

2021-10-21 14:17:58 - [MESSAGE][INFO] - Finding Test Object 'Object Repository/Kullanici_Islemleri/KullaniciIslemleri'

2021-10-21 14:17:58 - [MESSAGE][INFO] - Checking object

2021-10-21 14:17:58 - [MESSAGE][INFO] - Finding web element from Test Object's properties

2021-10-21 14:17:58 - [MESSAGE][INFO] - Checking timeout

2021-10-21 14:17:58 - [MESSAGE][INFO] - Finding web element with id: 'Object Repository/Kullanici_Islemleri/KullaniciIslemleri' located by 'By.cssSelector: .dropdown>a>img' in '30' second(s)

2021-10-21 14:17:58 - [MESSAGE][INFO] - Smart Wait Function is triggered

2021-10-21 14:17:59 - [MESSAGE][INFO] - Found 1 web elements with id: 'Object Repository/Kullanici_Islemleri/KullaniciIslemleri' located by 'By.cssSelector: .dropdown>a>img' in '30' second(s)

2021-10-21 14:17:59 - [MESSAGE][PASSED] - Object 'Object Repository/Kullanici_Islemleri/KullaniciIslemleri' is visible

2021-10-21 14:17:59 - [MESSAGE][PASSED] - Call Test Case 'Test Cases/Sayfalar/Giris_Sayfasi/Login' successfully

2021-10-21 14:17:59 - [MESSAGE][INFO] - Checking called Test Case

2021-10-21 14:17:59 - [MESSAGE][INFO] - Starting to call Test Case 'Test Cases/Menu/AnaMenuSecimi'

2021-10-21 14:17:59 - [TEST_CASE][PASSED] - Test Cases/Menu/AnaMenuSecimi: Test Cases/Menu/AnaMenuSecimi

2021-10-21 14:17:59 - [TEST_STEP][PASSED] - Method.TextDegerineEsitElementeTikla(findTestObject("Menu/Ana_Menu"), Ana_Menu): Method.TextDegerineEsitElementeTikla is PASSED

2021-10-21 14:17:59 - [MESSAGE][INFO] - Finding Test Object 'Object Repository/Menu/Ana_Menu'

2021-10-21 14:17:59 - [MESSAGE][INFO] - Checking timeout

2021-10-21 14:17:59 - [MESSAGE][INFO] - Finding web element with id: 'Object Repository/Menu/Ana_Menu' located by 'By.xpath: //*[@class = 'dropdown-toggle']' in '10' second(s)

2021-10-21 14:17:59 - [MESSAGE][INFO] - Smart Wait Function is triggered

2021-10-21 14:17:59 - [MESSAGE][INFO] - Found 14 web elements with id: 'Object Repository/Menu/Ana_Menu' located by 'By.xpath: //*[@class = 'dropdown-toggle']' in '10' second(s)

2021-10-21 14:17:59 - [MESSAGE][PASSED] - Method.TextDegerineEsitElementeTikla is PASSED

2021-10-21 14:17:59 - [MESSAGE][PASSED] - Call Test Case 'Test Cases/Menu/AnaMenuSecimi' successfully

2021-10-21 14:17:59 - [MESSAGE][INFO] - Checking called Test Case

2021-10-21 14:17:59 - [MESSAGE][INFO] - Starting to call Test Case 'Test Cases/Menu/BasligaGoreAltMenuSecimi'

2021-10-21 14:18:00 - [TEST_CASE][PASSED] - Test Cases/Menu/BasligaGoreAltMenuSecimi: Test Cases/Menu/BasligaGoreAltMenuSecimi

2021-10-21 14:18:00 - [TEST_STEP][PASSED] - Method.TextDegerineEsitElementinAltindakiTextDegerineEsitOlanaTikla(findTestObject("Menu/Menu_Basligi"), findTestObject("Menu/Basliga_Gore_Alt_Menu"), Baslik, Alt_Menu): Method.TextDegerineEsitElementinAltindakiTextDegerineEsitOlanaTikla is PASSED

2021-10-21 14:18:00 - [MESSAGE][INFO] - Finding Test Object 'Object Repository/Menu/Menu_Basligi'

2021-10-21 14:18:00 - [MESSAGE][INFO] - Finding Test Object 'Object Repository/Menu/Basliga_Gore_Alt_Menu'

2021-10-21 14:18:00 - [MESSAGE][INFO] - Checking timeout

2021-10-21 14:18:00 - [MESSAGE][INFO] - Finding web element with id: 'Object Repository/Menu/Menu_Basligi' located by 'By.xpath: //li[@class='dropdown dropdown-large open']//li[@class='dropdown-header']' in '10' second(s)

2021-10-21 14:18:00 - [MESSAGE][INFO] - Smart Wait Function is triggered

2021-10-21 14:18:00 - [MESSAGE][INFO] - Found 2 web elements with id: 'Object Repository/Menu/Menu_Basligi' located by 'By.xpath: //li[@class='dropdown dropdown-large open']//li[@class='dropdown-header']' in '10' second(s)

2021-10-21 14:18:00 - [MESSAGE][INFO] - Smart Wait Function is triggered

2021-10-21 14:18:02 - [MESSAGE][PASSED] - Method.TextDegerineEsitElementinAltindakiTextDegerineEsitOlanaTikla is PASSED

2021-10-21 14:18:02 - [MESSAGE][PASSED] - Call Test Case 'Test Cases/Menu/BasligaGoreAltMenuSecimi' successfully

2021-10-21 14:18:02 - [MESSAGE][INFO] - Checking called Test Case

2021-10-21 14:18:02 - [MESSAGE][INFO] - Starting to call Test Case 'Test Cases/Filtreler/DropdownSec'

2021-10-21 14:18:02 - [TEST_CASE][PASSED] - Test Cases/Filtreler/DropdownSec: Test Cases/Filtreler/DropdownSec

2021-10-21 14:18:02 - [TEST_STEP][PASSED] - Method.TextDegerineEsitElementinAltindakineTikla(findTestObject("Filtreler/Basliklar"), findTestObject("Filtreler/Basliga_Gore_Baslangic_Image"), Filtre_Adi): Method.TextDegerineEsitElementinAltindakineTikla is PASSED

2021-10-21 14:18:02 - [MESSAGE][INFO] - Finding Test Object 'Object Repository/Filtreler/Basliklar'

2021-10-21 14:18:02 - [MESSAGE][INFO] - Finding Test Object 'Object Repository/Filtreler/Basliga_Gore_Baslangic_Image'

2021-10-21 14:18:02 - [MESSAGE][INFO] - Checking timeout

2021-10-21 14:18:02 - [MESSAGE][INFO] - Finding web element with id: 'Object Repository/Filtreler/Basliklar' located by 'By.cssSelector: .control-label.col-sm-4.paddingMarginRLC' in '10' second(s)

2021-10-21 14:18:02 - [MESSAGE][INFO] - Smart Wait Function is triggered

2021-10-21 14:18:02 - [MESSAGE][INFO] - Found 5 web elements with id: 'Object Repository/Filtreler/Basliklar' located by 'By.cssSelector: .control-label.col-sm-4.paddingMarginRLC' in '10' second(s)

2021-10-21 14:18:02 - [MESSAGE][INFO] - Smart Wait Function is triggered

2021-10-21 14:18:03 - [MESSAGE][PASSED] - Method.TextDegerineEsitElementinAltindakineTikla is PASSED

2021-10-21 14:18:03 - [TEST_STEP][PASSED] - Method.TextDegerineEsitElementeTikla(findTestObject("Object Repository/Filtreler/Basliga_Gore_Dropdown"), Filtre_Degeri): Method.TextDegerineEsitElementeTikla is PASSED

2021-10-21 14:18:03 - [MESSAGE][INFO] - Finding Test Object 'Object Repository/Filtreler/Basliga_Gore_Dropdown'

2021-10-21 14:18:03 - [MESSAGE][INFO] - Checking timeout

2021-10-21 14:18:03 - [MESSAGE][INFO] - Finding web element with id: 'Object Repository/Filtreler/Basliga_Gore_Dropdown' located by 'By.xpath: //*[@class = 'dxeListBoxItemRow_LECustomTheme']' in '10' second(s)

2021-10-21 14:18:03 - [MESSAGE][INFO] - Smart Wait Function is triggered

2021-10-21 14:18:03 - [MESSAGE][INFO] - Found 58 web elements with id: 'Object Repository/Filtreler/Basliga_Gore_Dropdown' located by 'By.xpath: //*[@class = 'dxeListBoxItemRow_LECustomTheme']' in '10' second(s)

2021-10-21 14:18:03 - [MESSAGE][PASSED] - Method.TextDegerineEsitElementeTikla is PASSED

2021-10-21 14:18:03 - [MESSAGE][PASSED] - Call Test Case 'Test Cases/Filtreler/DropdownSec' successfully

2021-10-21 14:18:03 - [MESSAGE][INFO] - Checking called Test Case

2021-10-21 14:18:03 - [MESSAGE][INFO] - Starting to call Test Case 'Test Cases/Filtreler/BaslangicYaz'

2021-10-21 14:18:03 - [TEST_CASE][PASSED] - Test Cases/Filtreler/BaslangicYaz: Test Cases/Filtreler/BaslangicYaz

2021-10-21 14:18:03 - [TEST_STEP][PASSED] - Method.TextDegerineEsitElementinAltindakineTikla(findTestObject("Filtreler/Basliklar"), findTestObject("Filtreler/Basliga_Gore_Baslangic_Image"), Filtre_Adi): Method.TextDegerineEsitElementinAltindakineTikla is PASSED

2021-10-21 14:18:03 - [MESSAGE][INFO] - Finding Test Object 'Object Repository/Filtreler/Basliklar'

2021-10-21 14:18:04 - [MESSAGE][INFO] - Finding Test Object 'Object Repository/Filtreler/Basliga_Gore_Baslangic_Image'

2021-10-21 14:18:04 - [MESSAGE][INFO] - Checking timeout

2021-10-21 14:18:04 - [MESSAGE][INFO] - Finding web element with id: 'Object Repository/Filtreler/Basliklar' located by 'By.cssSelector: .control-label.col-sm-4.paddingMarginRLC' in '10' second(s)

2021-10-21 14:18:04 - [MESSAGE][INFO] - Smart Wait Function is triggered

2021-10-21 14:18:04 - [MESSAGE][INFO] - Found 5 web elements with id: 'Object Repository/Filtreler/Basliklar' located by 'By.cssSelector: .control-label.col-sm-4.paddingMarginRLC' in '10' second(s)

2021-10-21 14:18:04 - [MESSAGE][INFO] - Smart Wait Function is triggered

2021-10-21 14:18:04 - [MESSAGE][PASSED] - Method.TextDegerineEsitElementinAltindakineTikla is PASSED

2021-10-21 14:18:04 - [TEST_STEP][PASSED] - Method.TextDegerineEsitElementinAltindakiTextboxtaYaz(findTestObject("Filtreler/Basliklar"), findTestObject("Filtreler/Basliga_Gore_Baslangic"), Filtre_Adi, Filtre_Degeri): Method.TextDegerineEsitElementinAltindakiTextboxtaYaz is PASSED

2021-10-21 14:18:04 - [MESSAGE][INFO] - Finding Test Object 'Object Repository/Filtreler/Basliklar'

2021-10-21 14:18:04 - [MESSAGE][INFO] - Finding Test Object 'Object Repository/Filtreler/Basliga_Gore_Baslangic'

2021-10-21 14:18:04 - [MESSAGE][INFO] - Checking timeout

2021-10-21 14:18:04 - [MESSAGE][INFO] - Finding web element with id: 'Object Repository/Filtreler/Basliklar' located by 'By.cssSelector: .control-label.col-sm-4.paddingMarginRLC' in '10' second(s)

2021-10-21 14:18:04 - [MESSAGE][INFO] - Smart Wait Function is triggered

2021-10-21 14:18:05 - [MESSAGE][INFO] - Found 5 web elements with id: 'Object Repository/Filtreler/Basliklar' located by 'By.cssSelector: .control-label.col-sm-4.paddingMarginRLC' in '10' second(s)

2021-10-21 14:18:05 - [MESSAGE][INFO] - Smart Wait Function is triggered

2021-10-21 14:18:05 - [MESSAGE][PASSED] - Method.TextDegerineEsitElementinAltindakiTextboxtaYaz is PASSED

2021-10-21 14:18:05 - [MESSAGE][PASSED] - Call Test Case 'Test Cases/Filtreler/BaslangicYaz' successfully

2021-10-21 14:18:05 - [MESSAGE][INFO] - Checking called Test Case

2021-10-21 14:18:05 - [MESSAGE][INFO] - Starting to call Test Case 'Test Cases/Filtreler/BitisYaz'

2021-10-21 14:18:05 - [TEST_CASE][PASSED] - Test Cases/Filtreler/BitisYaz: Test Cases/Filtreler/BitisYaz

2021-10-21 14:18:05 - [TEST_STEP][PASSED] - Method.TextDegerineEsitElementinAltindakineTikla(findTestObject("Filtreler/Basliklar"), findTestObject("Filtreler/Basliga_Gore_Bitis_Image"), Filtre_Adi): Method.TextDegerineEsitElementinAltindakineTikla is PASSED

2021-10-21 14:18:05 - [MESSAGE][INFO] - Finding Test Object 'Object Repository/Filtreler/Basliklar'

2021-10-21 14:18:05 - [MESSAGE][INFO] - Finding Test Object 'Object Repository/Filtreler/Basliga_Gore_Bitis_Image'

2021-10-21 14:18:05 - [MESSAGE][INFO] - Checking timeout

2021-10-21 14:18:05 - [MESSAGE][INFO] - Finding web element with id: 'Object Repository/Filtreler/Basliklar' located by 'By.cssSelector: .control-label.col-sm-4.paddingMarginRLC' in '10' second(s)

2021-10-21 14:18:05 - [MESSAGE][INFO] - Smart Wait Function is triggered

2021-10-21 14:18:06 - [MESSAGE][INFO] - Found 5 web elements with id: 'Object Repository/Filtreler/Basliklar' located by 'By.cssSelector: .control-label.col-sm-4.paddingMarginRLC' in '10' second(s)

2021-10-21 14:18:06 - [MESSAGE][INFO] - Smart Wait Function is triggered

2021-10-21 14:18:06 - [MESSAGE][PASSED] - Method.TextDegerineEsitElementinAltindakineTikla is PASSED

2021-10-21 14:18:06 - [TEST_STEP][PASSED] - Method.TextDegerineEsitElementinAltindakiTextboxtaYaz(findTestObject("Filtreler/Basliklar"), findTestObject("Object Repository/Filtreler/Basliga_Gore_Bitis"), Filtre_Adi, Filtre_Degeri): Method.TextDegerineEsitElementinAltindakiTextboxtaYaz is PASSED

2021-10-21 14:18:06 - [MESSAGE][INFO] - Finding Test Object 'Object Repository/Filtreler/Basliklar'

2021-10-21 14:18:06 - [MESSAGE][INFO] - Finding Test Object 'Object Repository/Filtreler/Basliga_Gore_Bitis'

2021-10-21 14:18:06 - [MESSAGE][INFO] - Checking timeout

2021-10-21 14:18:06 - [MESSAGE][INFO] - Finding web element with id: 'Object Repository/Filtreler/Basliklar' located by 'By.cssSelector: .control-label.col-sm-4.paddingMarginRLC' in '10' second(s)

2021-10-21 14:18:06 - [MESSAGE][INFO] - Smart Wait Function is triggered

2021-10-21 14:18:07 - [MESSAGE][INFO] - Found 5 web elements with id: 'Object Repository/Filtreler/Basliklar' located by 'By.cssSelector: .control-label.col-sm-4.paddingMarginRLC' in '10' second(s)

2021-10-21 14:18:07 - [MESSAGE][INFO] - Smart Wait Function is triggered

2021-10-21 14:18:07 - [MESSAGE][PASSED] - Method.TextDegerineEsitElementinAltindakiTextboxtaYaz is PASSED

2021-10-21 14:18:07 - [MESSAGE][PASSED] - Call Test Case 'Test Cases/Filtreler/BitisYaz' successfully

2021-10-21 14:18:07 - [MESSAGE][INFO] - Checking called Test Case

2021-10-21 14:18:07 - [MESSAGE][INFO] - Starting to call Test Case 'Test Cases/Filtreler/ButonaTikla'

2021-10-21 14:18:07 - [TEST_CASE][PASSED] - Test Cases/Filtreler/ButonaTikla: Test Cases/Filtreler/ButonaTikla

2021-10-21 14:18:07 - [TEST_STEP][PASSED] - Method.TextDegerineEsitElementeTikla(findTestObject("Filtreler/Butonlar"), Filtre_Buton): Method.TextDegerineEsitElementeTikla is PASSED

2021-10-21 14:18:07 - [MESSAGE][INFO] - Finding Test Object 'Object Repository/Filtreler/Butonlar'

2021-10-21 14:18:07 - [MESSAGE][INFO] - Checking timeout

2021-10-21 14:18:07 - [MESSAGE][INFO] - Finding web element with id: 'Object Repository/Filtreler/Butonlar' located by 'By.cssSelector: .dxb>span' in '10' second(s)

2021-10-21 14:18:07 - [MESSAGE][INFO] - Smart Wait Function is triggered

2021-10-21 14:18:08 - [MESSAGE][INFO] - Found 3 web elements with id: 'Object Repository/Filtreler/Butonlar' located by 'By.cssSelector: .dxb>span' in '10' second(s)

2021-10-21 14:18:08 - [MESSAGE][PASSED] - Method.TextDegerineEsitElementeTikla is PASSED

2021-10-21 14:18:08 - [MESSAGE][PASSED] - Call Test Case 'Test Cases/Filtreler/ButonaTikla' successfully

2021-10-21 14:18:08 - [MESSAGE][INFO] - Checking called Test Case

2021-10-21 14:18:08 - [MESSAGE][INFO] - Starting to call Test Case 'Test Cases/Tablo/TablodaVeriVarMi'

2021-10-21 14:18:08 - [TEST_CASE][PASSED] - Test Cases/Tablo/TablodaVeriVarMi: Test Cases/Tablo/TablodaVeriVarMi

2021-10-21 14:18:08 - [TEST_STEP][PASSED] - verifyTextNotPresent("Görüntülenecek veri yok", true): Text 'Görüntülenecek veri yok' is not present on page using regular expression

2021-10-21 14:18:08 - [MESSAGE][INFO] - Checking text present  using regular expression

2021-10-21 14:18:08 - [MESSAGE][INFO] - Smart Wait Function is triggered

2021-10-21 14:18:09 - [MESSAGE][INFO] - Finding text 'Görüntülenecek veri yok' on page  using regular expression

2021-10-21 14:18:09 - [MESSAGE][PASSED] - Text 'Görüntülenecek veri yok' is not present on page using regular expression

2021-10-21 14:18:09 - [MESSAGE][PASSED] - Call Test Case 'Test Cases/Tablo/TablodaVeriVarMi' successfully

2021-10-21 14:18:09 - [MESSAGE][INFO] - Checking called Test Case

2021-10-21 14:18:09 - [MESSAGE][INFO] - Starting to call Test Case 'Test Cases/Tablo/TablodanVeriSec'

2021-10-21 14:18:09 - [TEST_CASE][PASSED] - Test Cases/Tablo/TablodanVeriSec: Test Cases/Tablo/TablodanVeriSec

2021-10-21 14:18:09 - [TEST_STEP][PASSED] - Method.TextDegerineEsitElementinAltindakineTikla(findTestObject("Tablo/Veriler"), findTestObject("Tablo/VerininCheckBoxi"), Veri_Adi): Method.TextDegerineEsitElementinAltindakineTikla is PASSED

2021-10-21 14:18:09 - [MESSAGE][INFO] - Finding Test Object 'Object Repository/Tablo/Veriler'

2021-10-21 14:18:09 - [MESSAGE][INFO] - Finding Test Object 'Object Repository/Tablo/VerininCheckBoxi'

2021-10-21 14:18:09 - [MESSAGE][INFO] - Checking timeout

2021-10-21 14:18:09 - [MESSAGE][INFO] - Finding web element with id: 'Object Repository/Tablo/Veriler' located by 'By.cssSelector: td.dxgv b ,td.dxgv' in '10' second(s)

2021-10-21 14:18:09 - [MESSAGE][INFO] - Smart Wait Function is triggered

2021-10-21 14:18:09 - [MESSAGE][INFO] - Found 39 web elements with id: 'Object Repository/Tablo/Veriler' located by 'By.cssSelector: td.dxgv b ,td.dxgv' in '10' second(s)

2021-10-21 14:18:09 - [MESSAGE][INFO] - Smart Wait Function is triggered

2021-10-21 14:18:09 - [MESSAGE][PASSED] - Method.TextDegerineEsitElementinAltindakineTikla is PASSED

2021-10-21 14:18:09 - [MESSAGE][PASSED] - Call Test Case 'Test Cases/Tablo/TablodanVeriSec' successfully

2021-10-21 14:18:09 - [MESSAGE][INFO] - Checking called Test Case

2021-10-21 14:18:09 - [MESSAGE][INFO] - Starting to call Test Case 'Test Cases/Butonlar/ButonaTikla'

2021-10-21 14:18:10 - [TEST_CASE][PASSED] - Test Cases/Butonlar/ButonaTikla: Test Cases/Butonlar/ButonaTikla

2021-10-21 14:18:10 - [TEST_STEP][PASSED] - Method.TextDegerineEsitElementeTiklaEquals(findTestObject("Butonlar/Butonlar"), Buton_Adi): Method.TextDegerineEsitElementeTiklaEquals is PASSED

2021-10-21 14:18:10 - [MESSAGE][INFO] - Finding Test Object 'Object Repository/Butonlar/Butonlar'

2021-10-21 14:18:10 - [MESSAGE][INFO] - Checking timeout

2021-10-21 14:18:10 - [MESSAGE][INFO] - Finding web element with id: 'Object Repository/Butonlar/Butonlar' located by 'By.cssSelector: .panel.panel-default.text-center.footerPanel .btn,.btn.btn-primary.btnControls' in '10' second(s)

2021-10-21 14:18:10 - [MESSAGE][INFO] - Smart Wait Function is triggered

2021-10-21 14:18:10 - [MESSAGE][INFO] - Found 6 web elements with id: 'Object Repository/Butonlar/Butonlar' located by 'By.cssSelector: .panel.panel-default.text-center.footerPanel .btn,.btn.btn-primary.btnControls' in '10' second(s)

2021-10-21 14:18:10 - [MESSAGE][PASSED] - Method.TextDegerineEsitElementeTiklaEquals is PASSED

2021-10-21 14:18:10 - [MESSAGE][PASSED] - Call Test Case 'Test Cases/Butonlar/ButonaTikla' successfully

2021-10-21 14:18:10 - [MESSAGE][INFO] - Checking called Test Case

2021-10-21 14:18:10 - [MESSAGE][INFO] - Starting to call Test Case 'Test Cases/Popup/PopupMesajiIceriyorMu'

2021-10-21 14:18:10 - [TEST_CASE][PASSED] - Test Cases/Popup/PopupMesajiIceriyorMu: Test Cases/Popup/PopupMesajiIceriyorMu

2021-10-21 14:18:10 - [TEST_STEP][PASSED] - waitForElementVisible(findTestObject("Popup/Popup"), 10): Object 'Object Repository/Popup/Popup' is visible

2021-10-21 14:18:10 - [MESSAGE][INFO] - Finding Test Object 'Object Repository/Popup/Popup'

2021-10-21 14:18:10 - [MESSAGE][INFO] - Checking object

2021-10-21 14:18:10 - [MESSAGE][INFO] - Checking timeout

2021-10-21 14:18:10 - [MESSAGE][INFO] - Finding web element from Test Object's properties

2021-10-21 14:18:10 - [MESSAGE][INFO] - Checking timeout

2021-10-21 14:18:10 - [MESSAGE][INFO] - Finding web element with id: 'Object Repository/Popup/Popup' located by 'By.cssSelector: .bootbox-body' in '10' second(s)

2021-10-21 14:18:10 - [MESSAGE][INFO] - Smart Wait Function is triggered

2021-10-21 14:18:11 - [MESSAGE][INFO] - Found 1 web elements with id: 'Object Repository/Popup/Popup' located by 'By.cssSelector: .bootbox-body' in '10' second(s)

2021-10-21 14:18:11 - [MESSAGE][PASSED] - Object 'Object Repository/Popup/Popup' is visible

2021-10-21 14:18:11 - [TEST_STEP][PASSED] - if (!(getText(findTestObject("Popup/Popup")).contains(Mesaj))): Text of object 'Object Repository/Popup/Popup' is: 'Seçtiğiniz e-Belge raporları yeniden oluşturulacaktır. Devam etmek istiyor musunuz?'

2021-10-21 14:18:11 - [MESSAGE][INFO] - Finding Test Object 'Object Repository/Popup/Popup'

2021-10-21 14:18:11 - [MESSAGE][INFO] - Checking object

2021-10-21 14:18:11 - [MESSAGE][INFO] - Finding web element from Test Object's properties

2021-10-21 14:18:11 - [MESSAGE][INFO] - Checking timeout

2021-10-21 14:18:11 - [MESSAGE][INFO] - Finding web element with id: 'Object Repository/Popup/Popup' located by 'By.cssSelector: .bootbox-body' in '30' second(s)

2021-10-21 14:18:11 - [MESSAGE][INFO] - Smart Wait Function is triggered

2021-10-21 14:18:12 - [MESSAGE][INFO] - Found 1 web elements with id: 'Object Repository/Popup/Popup' located by 'By.cssSelector: .bootbox-body' in '30' second(s)

2021-10-21 14:18:12 - [MESSAGE][INFO] - Getting text of object 'Object Repository/Popup/Popup'

2021-10-21 14:18:12 - [MESSAGE][PASSED] - Text of object 'Object Repository/Popup/Popup' is: 'Seçtiğiniz e-Belge raporları yeniden oluşturulacaktır. Devam etmek istiyor musunuz?'

2021-10-21 14:18:12 - [TEST_STEP][PASSED] - RaporNo = getText(findTestObject("Popup/Popup")).substring(0, 6): Text of object 'Object Repository/Popup/Popup' is: 'Seçtiğiniz e-Belge raporları yeniden oluşturulacaktır. Devam etmek istiyor musunuz?'

2021-10-21 14:18:12 - [MESSAGE][INFO] - Finding Test Object 'Object Repository/Popup/Popup'

2021-10-21 14:18:12 - [MESSAGE][INFO] - Checking object

2021-10-21 14:18:12 - [MESSAGE][INFO] - Finding web element from Test Object's properties

2021-10-21 14:18:12 - [MESSAGE][INFO] - Checking timeout

2021-10-21 14:18:12 - [MESSAGE][INFO] - Finding web element with id: 'Object Repository/Popup/Popup' located by 'By.cssSelector: .bootbox-body' in '30' second(s)

2021-10-21 14:18:12 - [MESSAGE][INFO] - Smart Wait Function is triggered

2021-10-21 14:18:12 - [MESSAGE][INFO] - Found 1 web elements with id: 'Object Repository/Popup/Popup' located by 'By.cssSelector: .bootbox-body' in '30' second(s)

2021-10-21 14:18:12 - [MESSAGE][INFO] - Getting text of object 'Object Repository/Popup/Popup'

2021-10-21 14:18:12 - [MESSAGE][PASSED] - Text of object 'Object Repository/Popup/Popup' is: 'Seçtiğiniz e-Belge raporları yeniden oluşturulacaktır. Devam etmek istiyor musunuz?'

2021-10-21 14:18:12 - [TEST_STEP][PASSED] - Console.println(RaporNo): null

2021-10-21 14:18:12 - [MESSAGE][PASSED] - Call Test Case 'Test Cases/Popup/PopupMesajiIceriyorMu' successfully

2021-10-21 14:18:12 - [MESSAGE][INFO] - Checking called Test Case

2021-10-21 14:18:12 - [MESSAGE][INFO] - Starting to call Test Case 'Test Cases/Popup/PopupButonSecilir'

2021-10-21 14:18:12 - [TEST_CASE][PASSED] - Test Cases/Popup/PopupButonSecilir: Test Cases/Popup/PopupButonSecilir

2021-10-21 14:18:12 - [TEST_STEP][PASSED] - Method.TextDegerineEsitElementeTikla(findTestObject("Popup/Popup_Butons"), Buton): Method.TextDegerineEsitElementeTikla is PASSED

2021-10-21 14:18:12 - [MESSAGE][INFO] - Finding Test Object 'Object Repository/Popup/Popup_Butons'

2021-10-21 14:18:12 - [MESSAGE][INFO] - Checking timeout

2021-10-21 14:18:12 - [MESSAGE][INFO] - Finding web element with id: 'Object Repository/Popup/Popup_Butons' located by 'By.cssSelector: .modal-footer>button' in '10' second(s)

2021-10-21 14:18:12 - [MESSAGE][INFO] - Smart Wait Function is triggered

2021-10-21 14:18:12 - [MESSAGE][INFO] - Found 2 web elements with id: 'Object Repository/Popup/Popup_Butons' located by 'By.cssSelector: .modal-footer>button' in '10' second(s)

2021-10-21 14:18:13 - [MESSAGE][PASSED] - Method.TextDegerineEsitElementeTikla is PASSED

2021-10-21 14:18:13 - [MESSAGE][PASSED] - Call Test Case 'Test Cases/Popup/PopupButonSecilir' successfully

2021-10-21 14:18:13 - [MESSAGE][INFO] - Checking called Test Case

2021-10-21 14:18:13 - [MESSAGE][INFO] - Starting to call Test Case 'Test Cases/Popup/PopupMesajiIceriyorMu'

2021-10-21 14:18:13 - [TEST_CASE][PASSED] - Test Cases/Popup/PopupMesajiIceriyorMu: Test Cases/Popup/PopupMesajiIceriyorMu

2021-10-21 14:18:13 - [TEST_STEP][PASSED] - waitForElementVisible(findTestObject("Popup/Popup"), 10): Object 'Object Repository/Popup/Popup' is visible

2021-10-21 14:18:13 - [MESSAGE][INFO] - Finding Test Object 'Object Repository/Popup/Popup'

2021-10-21 14:18:13 - [MESSAGE][INFO] - Checking object

2021-10-21 14:18:13 - [MESSAGE][INFO] - Checking timeout

2021-10-21 14:18:13 - [MESSAGE][INFO] - Finding web element from Test Object's properties

2021-10-21 14:18:13 - [MESSAGE][INFO] - Checking timeout

2021-10-21 14:18:13 - [MESSAGE][INFO] - Finding web element with id: 'Object Repository/Popup/Popup' located by 'By.cssSelector: .bootbox-body' in '10' second(s)

2021-10-21 14:18:13 - [MESSAGE][INFO] - Smart Wait Function is triggered

2021-10-21 14:18:13 - [MESSAGE][INFO] - Found 1 web elements with id: 'Object Repository/Popup/Popup' located by 'By.cssSelector: .bootbox-body' in '10' second(s)

2021-10-21 14:18:13 - [MESSAGE][PASSED] - Object 'Object Repository/Popup/Popup' is visible

2021-10-21 14:18:13 - [TEST_STEP][PASSED] - if (!(getText(findTestObject("Popup/Popup")).contains(Mesaj))): Text of object 'Object Repository/Popup/Popup' is: 'Seçilen raporlar yeniden oluşturulacaktır. Devam etmek istiyor musunuz?'

2021-10-21 14:18:13 - [MESSAGE][INFO] - Finding Test Object 'Object Repository/Popup/Popup'

2021-10-21 14:18:14 - [MESSAGE][INFO] - Checking object

2021-10-21 14:18:14 - [MESSAGE][INFO] - Finding web element from Test Object's properties

2021-10-21 14:18:14 - [MESSAGE][INFO] - Checking timeout

2021-10-21 14:18:14 - [MESSAGE][INFO] - Finding web element with id: 'Object Repository/Popup/Popup' located by 'By.cssSelector: .bootbox-body' in '30' second(s)

2021-10-21 14:18:14 - [MESSAGE][INFO] - Smart Wait Function is triggered

2021-10-21 14:18:14 - [MESSAGE][INFO] - Found 1 web elements with id: 'Object Repository/Popup/Popup' located by 'By.cssSelector: .bootbox-body' in '30' second(s)

2021-10-21 14:18:14 - [MESSAGE][INFO] - Getting text of object 'Object Repository/Popup/Popup'

2021-10-21 14:18:14 - [MESSAGE][PASSED] - Text of object 'Object Repository/Popup/Popup' is: 'Seçilen raporlar yeniden oluşturulacaktır. Devam etmek istiyor musunuz?'

2021-10-21 14:18:14 - [TEST_STEP][PASSED] - RaporNo = getText(findTestObject("Popup/Popup")).substring(0, 6): Text of object 'Object Repository/Popup/Popup' is: 'Seçilen raporlar yeniden oluşturulacaktır. Devam etmek istiyor musunuz?'

2021-10-21 14:18:14 - [MESSAGE][INFO] - Finding Test Object 'Object Repository/Popup/Popup'

2021-10-21 14:18:14 - [MESSAGE][INFO] - Checking object

2021-10-21 14:18:14 - [MESSAGE][INFO] - Finding web element from Test Object's properties

2021-10-21 14:18:14 - [MESSAGE][INFO] - Checking timeout

2021-10-21 14:18:14 - [MESSAGE][INFO] - Finding web element with id: 'Object Repository/Popup/Popup' located by 'By.cssSelector: .bootbox-body' in '30' second(s)

2021-10-21 14:18:14 - [MESSAGE][INFO] - Smart Wait Function is triggered

2021-10-21 14:18:14 - [MESSAGE][INFO] - Found 1 web elements with id: 'Object Repository/Popup/Popup' located by 'By.cssSelector: .bootbox-body' in '30' second(s)

2021-10-21 14:18:14 - [MESSAGE][INFO] - Getting text of object 'Object Repository/Popup/Popup'

2021-10-21 14:18:14 - [MESSAGE][PASSED] - Text of object 'Object Repository/Popup/Popup' is: 'Seçilen raporlar yeniden oluşturulacaktır. Devam etmek istiyor musunuz?'

2021-10-21 14:18:14 - [TEST_STEP][PASSED] - Console.println(RaporNo): null

2021-10-21 14:18:14 - [MESSAGE][PASSED] - Call Test Case 'Test Cases/Popup/PopupMesajiIceriyorMu' successfully

2021-10-21 14:18:14 - [MESSAGE][INFO] - Checking called Test Case

2021-10-21 14:18:14 - [MESSAGE][INFO] - Starting to call Test Case 'Test Cases/Popup/PopupButonSecilir'

2021-10-21 14:18:14 - [TEST_CASE][PASSED] - Test Cases/Popup/PopupButonSecilir: Test Cases/Popup/PopupButonSecilir

2021-10-21 14:18:14 - [TEST_STEP][PASSED] - Method.TextDegerineEsitElementeTikla(findTestObject("Popup/Popup_Butons"), Buton): Method.TextDegerineEsitElementeTikla is PASSED

2021-10-21 14:18:14 - [MESSAGE][INFO] - Finding Test Object 'Object Repository/Popup/Popup_Butons'

2021-10-21 14:18:14 - [MESSAGE][INFO] - Checking timeout

2021-10-21 14:18:14 - [MESSAGE][INFO] - Finding web element with id: 'Object Repository/Popup/Popup_Butons' located by 'By.cssSelector: .modal-footer>button' in '10' second(s)

2021-10-21 14:18:14 - [MESSAGE][INFO] - Smart Wait Function is triggered

2021-10-21 14:18:15 - [MESSAGE][INFO] - Found 2 web elements with id: 'Object Repository/Popup/Popup_Butons' located by 'By.cssSelector: .modal-footer>button' in '10' second(s)

2021-10-21 14:18:15 - [MESSAGE][PASSED] - Method.TextDegerineEsitElementeTikla is PASSED

2021-10-21 14:18:15 - [MESSAGE][PASSED] - Call Test Case 'Test Cases/Popup/PopupButonSecilir' successfully

2021-10-21 14:18:15 - [MESSAGE][INFO] - Checking called Test Case

2021-10-21 14:18:15 - [MESSAGE][INFO] - Starting to call Test Case 'Test Cases/Popup/PopupMesajiIceriyorMu'

2021-10-21 14:18:15 - [TEST_CASE][PASSED] - Test Cases/Popup/PopupMesajiIceriyorMu: Test Cases/Popup/PopupMesajiIceriyorMu

2021-10-21 14:18:15 - [TEST_STEP][PASSED] - waitForElementVisible(findTestObject("Popup/Popup"), 10): Object 'Object Repository/Popup/Popup' is visible

2021-10-21 14:18:15 - [MESSAGE][INFO] - Finding Test Object 'Object Repository/Popup/Popup'

2021-10-21 14:18:15 - [MESSAGE][INFO] - Checking object

2021-10-21 14:18:15 - [MESSAGE][INFO] - Checking timeout

2021-10-21 14:18:15 - [MESSAGE][INFO] - Finding web element from Test Object's properties

2021-10-21 14:18:15 - [MESSAGE][INFO] - Checking timeout

2021-10-21 14:18:15 - [MESSAGE][INFO] - Finding web element with id: 'Object Repository/Popup/Popup' located by 'By.cssSelector: .bootbox-body' in '10' second(s)

2021-10-21 14:18:15 - [MESSAGE][INFO] - Smart Wait Function is triggered

2021-10-21 14:18:16 - [MESSAGE][INFO] - Found 1 web elements with id: 'Object Repository/Popup/Popup' located by 'By.cssSelector: .bootbox-body' in '10' second(s)

2021-10-21 14:18:16 - [MESSAGE][PASSED] - Object 'Object Repository/Popup/Popup' is visible

2021-10-21 14:18:16 - [TEST_STEP][PASSED] - if (!(getText(findTestObject("Popup/Popup")).contains(Mesaj))): Text of object 'Object Repository/Popup/Popup' is: 'Seçtiğiniz kayıtlardan 1 adedi tekrar oluşturmak üzere kuyruğa kaydedildi.'

2021-10-21 14:18:16 - [MESSAGE][INFO] - Finding Test Object 'Object Repository/Popup/Popup'

2021-10-21 14:18:16 - [MESSAGE][INFO] - Checking object

2021-10-21 14:18:16 - [MESSAGE][INFO] - Finding web element from Test Object's properties

2021-10-21 14:18:16 - [MESSAGE][INFO] - Checking timeout

2021-10-21 14:18:16 - [MESSAGE][INFO] - Finding web element with id: 'Object Repository/Popup/Popup' located by 'By.cssSelector: .bootbox-body' in '30' second(s)

2021-10-21 14:18:16 - [MESSAGE][INFO] - Smart Wait Function is triggered

2021-10-21 14:18:16 - [MESSAGE][INFO] - Found 1 web elements with id: 'Object Repository/Popup/Popup' located by 'By.cssSelector: .bootbox-body' in '30' second(s)

2021-10-21 14:18:16 - [MESSAGE][INFO] - Getting text of object 'Object Repository/Popup/Popup'

2021-10-21 14:18:16 - [MESSAGE][PASSED] - Text of object 'Object Repository/Popup/Popup' is: 'Seçtiğiniz kayıtlardan 1 adedi tekrar oluşturmak üzere kuyruğa kaydedildi.'

2021-10-21 14:18:16 - [TEST_STEP][PASSED] - RaporNo = getText(findTestObject("Popup/Popup")).substring(0, 6): Text of object 'Object Repository/Popup/Popup' is: 'Seçtiğiniz kayıtlardan 1 adedi tekrar oluşturmak üzere kuyruğa kaydedildi.'

2021-10-21 14:18:16 - [MESSAGE][INFO] - Finding Test Object 'Object Repository/Popup/Popup'

2021-10-21 14:18:16 - [MESSAGE][INFO] - Checking object

2021-10-21 14:18:16 - [MESSAGE][INFO] - Finding web element from Test Object's properties

2021-10-21 14:18:16 - [MESSAGE][INFO] - Checking timeout

2021-10-21 14:18:16 - [MESSAGE][INFO] - Finding web element with id: 'Object Repository/Popup/Popup' located by 'By.cssSelector: .bootbox-body' in '30' second(s)

2021-10-21 14:18:16 - [MESSAGE][INFO] - Smart Wait Function is triggered

2021-10-21 14:18:17 - [MESSAGE][INFO] - Found 1 web elements with id: 'Object Repository/Popup/Popup' located by 'By.cssSelector: .bootbox-body' in '30' second(s)

2021-10-21 14:18:17 - [MESSAGE][INFO] - Getting text of object 'Object Repository/Popup/Popup'

2021-10-21 14:18:17 - [MESSAGE][PASSED] - Text of object 'Object Repository/Popup/Popup' is: 'Seçtiğiniz kayıtlardan 1 adedi tekrar oluşturmak üzere kuyruğa kaydedildi.'

2021-10-21 14:18:17 - [TEST_STEP][PASSED] - Console.println(RaporNo): null

2021-10-21 14:18:17 - [MESSAGE][PASSED] - Call Test Case 'Test Cases/Popup/PopupMesajiIceriyorMu' successfully

2021-10-21 14:18:17 - [MESSAGE][INFO] - Checking called Test Case

2021-10-21 14:18:17 - [MESSAGE][INFO] - Starting to call Test Case 'Test Cases/Popup/PopupButonSecilir'

2021-10-21 14:18:17 - [TEST_CASE][PASSED] - Test Cases/Popup/PopupButonSecilir: Test Cases/Popup/PopupButonSecilir

2021-10-21 14:18:17 - [TEST_STEP][PASSED] - Method.TextDegerineEsitElementeTikla(findTestObject("Popup/Popup_Butons"), Buton): Method.TextDegerineEsitElementeTikla is PASSED

2021-10-21 14:18:17 - [MESSAGE][INFO] - Finding Test Object 'Object Repository/Popup/Popup_Butons'

2021-10-21 14:18:17 - [MESSAGE][INFO] - Checking timeout

2021-10-21 14:18:17 - [MESSAGE][INFO] - Finding web element with id: 'Object Repository/Popup/Popup_Butons' located by 'By.cssSelector: .modal-footer>button' in '10' second(s)

2021-10-21 14:18:17 - [MESSAGE][INFO] - Smart Wait Function is triggered

2021-10-21 14:18:17 - [MESSAGE][INFO] - Found 1 web elements with id: 'Object Repository/Popup/Popup_Butons' located by 'By.cssSelector: .modal-footer>button' in '10' second(s)

2021-10-21 14:18:17 - [MESSAGE][PASSED] - Method.TextDegerineEsitElementeTikla is PASSED

2021-10-21 14:18:17 - [MESSAGE][PASSED] - Call Test Case 'Test Cases/Popup/PopupButonSecilir' successfully

2021-10-21 14:18:17 - [MESSAGE][INFO] - Checking called Test Case

2021-10-21 14:18:17 - [MESSAGE][INFO] - Starting to call Test Case 'Test Cases/Kullanici_Islemleri/KullaniciIslemlerindenSecimYapilir'

2021-10-21 14:18:17 - [TEST_CASE][PASSED] - Test Cases/Kullanici_Islemleri/KullaniciIslemlerindenSecimYapilir: Test Cases/Kullanici_Islemleri/KullaniciIslemlerindenSecimYapilir

2021-10-21 14:18:17 - [TEST_STEP][PASSED] - waitForElementClickable(findTestObject("Object Repository/Kullanici_Islemleri/KullaniciIslemleri"), 10): Object 'Object Repository/Kullanici_Islemleri/KullaniciIslemleri' is clickable

2021-10-21 14:18:17 - [MESSAGE][INFO] - Finding Test Object 'Object Repository/Kullanici_Islemleri/KullaniciIslemleri'

2021-10-21 14:18:18 - [MESSAGE][INFO] - Checking object

2021-10-21 14:18:18 - [MESSAGE][INFO] - Checking timeout

2021-10-21 14:18:18 - [MESSAGE][INFO] - Finding web element from Test Object's properties

2021-10-21 14:18:18 - [MESSAGE][INFO] - Checking timeout

2021-10-21 14:18:18 - [MESSAGE][INFO] - Finding web element with id: 'Object Repository/Kullanici_Islemleri/KullaniciIslemleri' located by 'By.cssSelector: .dropdown>a>img' in '10' second(s)

2021-10-21 14:18:18 - [MESSAGE][INFO] - Smart Wait Function is triggered

2021-10-21 14:18:18 - [MESSAGE][INFO] - Found 1 web elements with id: 'Object Repository/Kullanici_Islemleri/KullaniciIslemleri' located by 'By.cssSelector: .dropdown>a>img' in '10' second(s)

2021-10-21 14:18:18 - [MESSAGE][PASSED] - Object 'Object Repository/Kullanici_Islemleri/KullaniciIslemleri' is clickable

2021-10-21 14:18:18 - [TEST_STEP][PASSED] - click(findTestObject("Object Repository/Kullanici_Islemleri/KullaniciIslemleri")): Object: 'Object Repository/Kullanici_Islemleri/KullaniciIslemleri' is clicked on

2021-10-21 14:18:18 - [MESSAGE][INFO] - Finding Test Object 'Object Repository/Kullanici_Islemleri/KullaniciIslemleri'

2021-10-21 14:18:18 - [MESSAGE][INFO] - Checking object

2021-10-21 14:18:18 - [MESSAGE][INFO] - Finding web element from Test Object's properties

2021-10-21 14:18:18 - [MESSAGE][INFO] - Checking timeout

2021-10-21 14:18:18 - [MESSAGE][INFO] - Finding web element with id: 'Object Repository/Kullanici_Islemleri/KullaniciIslemleri' located by 'By.cssSelector: .dropdown>a>img' in '30' second(s)

2021-10-21 14:18:18 - [MESSAGE][INFO] - Smart Wait Function is triggered

2021-10-21 14:18:19 - [MESSAGE][INFO] - Found 1 web elements with id: 'Object Repository/Kullanici_Islemleri/KullaniciIslemleri' located by 'By.cssSelector: .dropdown>a>img' in '30' second(s)

2021-10-21 14:18:19 - [MESSAGE][INFO] - Clicking on object: 'Object Repository/Kullanici_Islemleri/KullaniciIslemleri'

2021-10-21 14:18:19 - [MESSAGE][PASSED] - Object: 'Object Repository/Kullanici_Islemleri/KullaniciIslemleri' is clicked on

2021-10-21 14:18:19 - [TEST_STEP][PASSED] - Method.TextDegerineEsitElementeTikla(findTestObject("Object Repository/Kullanici_Islemleri/Secenekler"), Islem): Method.TextDegerineEsitElementeTikla is PASSED

2021-10-21 14:18:19 - [MESSAGE][INFO] - Finding Test Object 'Object Repository/Kullanici_Islemleri/Secenekler'

2021-10-21 14:18:19 - [MESSAGE][INFO] - Checking timeout

2021-10-21 14:18:19 - [MESSAGE][INFO] - Finding web element with id: 'Object Repository/Kullanici_Islemleri/Secenekler' located by 'By.cssSelector: .nav.navbar-nav.navbar-right li a' in '10' second(s)

2021-10-21 14:18:19 - [MESSAGE][INFO] - Smart Wait Function is triggered

2021-10-21 14:18:19 - [MESSAGE][INFO] - Found 22 web elements with id: 'Object Repository/Kullanici_Islemleri/Secenekler' located by 'By.cssSelector: .nav.navbar-nav.navbar-right li a' in '10' second(s)

2021-10-21 14:18:21 - [MESSAGE][PASSED] - Method.TextDegerineEsitElementeTikla is PASSED

2021-10-21 14:18:21 - [TEST_STEP][PASSED] - verifyElementNotPresent(findTestObject("Object Repository/Kullanici_Islemleri/Secenekler"), 10): Web element with id: 'Object Repository/Kullanici_Islemleri/Secenekler' located by 'By.cssSelector: .nav.navbar-nav.navbar-right li a' is not present after '10' second(s)

2021-10-21 14:18:21 - [MESSAGE][INFO] - Finding Test Object 'Object Repository/Kullanici_Islemleri/Secenekler'

2021-10-21 14:18:21 - [MESSAGE][INFO] - Checking object

2021-10-21 14:18:21 - [MESSAGE][INFO] - Checking timeout

2021-10-21 14:18:21 - [MESSAGE][INFO] - Finding web element with id: 'Object Repository/Kullanici_Islemleri/Secenekler' located by 'By.cssSelector: .nav.navbar-nav.navbar-right li a' in '10' second(s)

2021-10-21 14:18:21 - [MESSAGE][INFO] - Smart Wait Function is triggered

2021-10-21 14:18:21 - [MESSAGE][PASSED] - Web element with id: 'Object Repository/Kullanici_Islemleri/Secenekler' located by 'By.cssSelector: .nav.navbar-nav.navbar-right li a' is not present after '10' second(s)

2021-10-21 14:18:21 - [MESSAGE][PASSED] - Call Test Case 'Test Cases/Kullanici_Islemleri/KullaniciIslemlerindenSecimYapilir' successfully

2021-10-21 14:18:21 - [TEST_CASE][PASSED] - Start Test Case : SCENARIO e-Mustahsil Makbuzu Raporlari Yeniden Olustur: SCENARIO e-Mustahsil Makbuzu Raporlari Yeniden Olustur

2021-10-21 14:18:21 - [TEST_STEP][PASSED] - Kullanıcı adı ELOGO6 ve Şifre 123456 olarak giriş yapılır: Kullanıcı adı ELOGO6 ve Şifre 123456 olarak giriş yapılır

2021-10-21 14:18:21 - [MESSAGE][PASSED] - Kullanıcı adı ELOGO6 ve Şifre 123456 olarak giriş yapılır

2021-10-21 14:18:21 - [TEST_STEP][PASSED] - Ana menüden e-Makbuz seçilir: Ana menüden e-Makbuz seçilir

2021-10-21 14:18:21 - [MESSAGE][PASSED] - Ana menüden e-Makbuz seçilir

2021-10-21 14:18:21 - [TEST_STEP][PASSED] - Alt menü e-Müstahsil Uygulaması başlığı altındaki e-Müstahsil Makbuzu Raporları seçilir: Alt menü e-Müstahsil Uygulaması başlığı altındaki e-Müstahsil Makbuzu Raporları seçilir

2021-10-21 14:18:21 - [MESSAGE][PASSED] - Alt menü e-Müstahsil Uygulaması başlığı altındaki e-Müstahsil Makbuzu Raporları seçilir

2021-10-21 14:18:21 - [TEST_STEP][PASSED] - Filtrelerden Dönem Tarihi filtresine 2021 Ocak dropdowndan degeri seçilir: Filtrelerden Dönem Tarihi filtresine 2021 Ocak dropdowndan degeri seçilir

2021-10-21 14:18:21 - [MESSAGE][PASSED] - Filtrelerden Dönem Tarihi filtresine 2021 Ocak dropdowndan degeri seçilir

2021-10-21 14:18:21 - [TEST_STEP][PASSED] - Filtrelerden Bölüm Tarihi filtresine 01.01.2021 baslangic degerini yaz: Filtrelerden Bölüm Tarihi filtresine 01.01.2021 baslangic degerini yaz

2021-10-21 14:18:21 - [MESSAGE][PASSED] - Filtrelerden Bölüm Tarihi filtresine 01.01.2021 baslangic degerini yaz

2021-10-21 14:18:21 - [TEST_STEP][PASSED] - Filtrelerden Bölüm Tarihi filtresine 03.01.2021 bitis degerini yaz: Filtrelerden Bölüm Tarihi filtresine 03.01.2021 bitis degerini yaz

2021-10-21 14:18:21 - [MESSAGE][PASSED] - Filtrelerden Bölüm Tarihi filtresine 03.01.2021 bitis degerini yaz

2021-10-21 14:18:21 - [TEST_STEP][PASSED] - Filtre butonlarından Listele seçilir: Filtre butonlarından Listele seçilir

2021-10-21 14:18:21 - [MESSAGE][PASSED] - Filtre butonlarından Listele seçilir

2021-10-21 14:18:21 - [TEST_STEP][PASSED] - Tabloda veri var mı kontrol edilir: Tabloda veri var mı kontrol edilir

2021-10-21 14:18:21 - [MESSAGE][PASSED] - Tabloda veri var mı kontrol edilir

2021-10-21 14:18:21 - [TEST_STEP][PASSED] - Tablodan 2856 isimli veri seçilir: Tablodan 2856 isimli veri seçilir

2021-10-21 14:18:21 - [MESSAGE][PASSED] - Tablodan 2856 isimli veri seçilir

2021-10-21 14:18:21 - [TEST_STEP][PASSED] - Butonlardan Yeniden Oluştur isimli butona tıklanır: Butonlardan Yeniden Oluştur isimli butona tıklanır

2021-10-21 14:18:21 - [MESSAGE][PASSED] - Butonlardan Yeniden Oluştur isimli butona tıklanır

2021-10-21 14:18:21 - [TEST_STEP][PASSED] - Popup mesajı Seçtiğiniz e-Belge raporları yeniden oluşturulacaktır. Devam etmek istiyor musunuz? içeriyor mu: Popup mesajı Seçtiğiniz e-Belge raporları yeniden oluşturulacaktır. Devam etmek istiyor musunuz? içeriyor mu

2021-10-21 14:18:21 - [MESSAGE][PASSED] - Popup mesajı Seçtiğiniz e-Belge raporları yeniden oluşturulacaktır. Devam etmek istiyor musunuz? içeriyor mu

2021-10-21 14:18:21 - [TEST_STEP][PASSED] - Yönetim popupında Evet seçilir: Yönetim popupında Evet seçilir

2021-10-21 14:18:21 - [MESSAGE][PASSED] - Yönetim popupında Evet seçilir

2021-10-21 14:18:21 - [TEST_STEP][PASSED] - Popup mesajı Seçilen raporlar yeniden oluşturulacaktır. Devam etmek istiyor musunuz? içeriyor mu: Popup mesajı Seçilen raporlar yeniden oluşturulacaktır. Devam etmek istiyor musunuz? içeriyor mu

2021-10-21 14:18:21 - [MESSAGE][PASSED] - Popup mesajı Seçilen raporlar yeniden oluşturulacaktır. Devam etmek istiyor musunuz? içeriyor mu

2021-10-21 14:18:21 - [TEST_STEP][PASSED] - Yönetim popupında Evet seçilir: Yönetim popupında Evet seçilir

2021-10-21 14:18:21 - [MESSAGE][PASSED] - Yönetim popupında Evet seçilir

2021-10-21 14:18:21 - [TEST_STEP][PASSED] - Popup mesajı Seçtiğiniz kayıtlardan 1 adedi tekrar oluşturmak üzere kuyruğa kaydedildi. içeriyor mu: Popup mesajı Seçtiğiniz kayıtlardan 1 adedi tekrar oluşturmak üzere kuyruğa kaydedildi. içeriyor mu

2021-10-21 14:18:21 - [MESSAGE][PASSED] - Popup mesajı Seçtiğiniz kayıtlardan 1 adedi tekrar oluşturmak üzere kuyruğa kaydedildi. içeriyor mu

2021-10-21 14:18:21 - [TEST_STEP][PASSED] - Yönetim popupında Tamam seçilir: Yönetim popupında Tamam seçilir

2021-10-21 14:18:21 - [MESSAGE][PASSED] - Yönetim popupında Tamam seçilir

2021-10-21 14:18:21 - [TEST_STEP][PASSED] - Kullanıcı işlemlerinden Çıkış seçilir: Kullanıcı işlemlerinden Çıkış seçilir

2021-10-21 14:18:21 - [MESSAGE][PASSED] - Kullanıcı işlemlerinden Çıkış seçilir

2021-10-21 14:18:21 - [MESSAGE][PASSED] - Feature file: 'Include/features/e-Makbuz/e-Mustahsil Uygulamasi/e-Mustahsil Makbuzu Raporlari/Yeniden Olustur.feature' was passed

2021-10-21 14:18:21 - [TEST_STEP][PASSED] - Start listener action : sampleAfterTestSuite: Invoke 'com.kms.katalon.core.annotation.AfterTestCase' method: 'Listener.sampleAfterTestSuite(...)' completed.

2021-10-21 14:18:21 - [MESSAGE][INFO] - Starting invoke 'com.kms.katalon.core.annotation.AfterTestCase' method: 'Listener.sampleAfterTestSuite(...)'

2021-10-21 14:18:21 - [TEST_STEP][PASSED] - closeBrowser(): Invoke 'com.kms.katalon.core.annotation.AfterTestCase' method: 'Listener.sampleAfterTestSuite(...)' completed.

2021-10-21 14:18:21 - [MESSAGE][INFO] - Closing browser

2021-10-21 14:18:22 - [MESSAGE][PASSED] - Browser is closed

2021-10-21 14:18:22 - [MESSAGE][INFO] - Invoke 'com.kms.katalon.core.annotation.AfterTestCase' method: 'Listener.sampleAfterTestSuite(...)' completed.]]></system-out>
         <system-err><![CDATA[]]></system-err>
      </testcase>
      <testcase name="Test Cases/Case Repository/e-Makbuz/e-Serbest Meslek Uygulamasi/e-Serbest Meslek Makbuz Raporlari/Ekran Kontrolu" time="42.114" classname="Test Cases/Case Repository/e-Makbuz/e-Serbest Meslek Uygulamasi/e-Serbest Meslek Makbuz Raporlari/Ekran Kontrolu" status="PASSED">
         <system-out><![CDATA[2021-10-21 14:18:22 - [TEST_CASE][PASSED] - Test Cases/Case Repository/e-Makbuz/e-Serbest Meslek Uygulamasi/e-Serbest Meslek Makbuz Raporlari/Ekran Kontrolu: Test Cases/Case Repository/e-Makbuz/e-Serbest Meslek Uygulamasi/e-Serbest Meslek Makbuz Raporlari/Ekran Kontrolu

2021-10-21 14:18:22 - [TEST_STEP][PASSED] - Start listener action : sampleBeforeTestSuite: Invoke 'com.kms.katalon.core.annotation.BeforeTestCase' method: 'Listener.sampleBeforeTestSuite(...)' completed.

2021-10-21 14:18:22 - [MESSAGE][INFO] - Starting invoke 'com.kms.katalon.core.annotation.BeforeTestCase' method: 'Listener.sampleBeforeTestSuite(...)'

2021-10-21 14:18:22 - [TEST_STEP][PASSED] - openBrowser(baseUrl): Browser is opened with url: 'https://efatura-stage.elogo.com.tr/'

2021-10-21 14:18:22 - [MESSAGE][INFO] - Opening browser

2021-10-21 14:18:22 - [MESSAGE][INFO] - Starting 'Chrome' driver

2021-10-21 14:18:22 - [MESSAGE][INFO] - User set preference: ['prefs', '{download.default_directory=C:\otomasyondownfiles}']

2021-10-21 14:18:22 - [MESSAGE][INFO] - Action delay is set to 0 milliseconds

2021-10-21 14:18:24 - [MESSAGE][INFO] - Navigating browser to: 'https://efatura-stage.elogo.com.tr/'

2021-10-21 14:18:27 - [MESSAGE][PASSED] - Browser is opened with url: 'https://efatura-stage.elogo.com.tr/'

2021-10-21 14:18:27 - [TEST_STEP][PASSED] - maximizeWindow(): Invoke 'com.kms.katalon.core.annotation.BeforeTestCase' method: 'Listener.sampleBeforeTestSuite(...)' completed.

2021-10-21 14:18:27 - [MESSAGE][INFO] - Maximizing current window

2021-10-21 14:18:27 - [MESSAGE][PASSED] - Current window maximized

2021-10-21 14:18:27 - [MESSAGE][INFO] - Invoke 'com.kms.katalon.core.annotation.BeforeTestCase' method: 'Listener.sampleBeforeTestSuite(...)' completed.

2021-10-21 14:18:28 - [TEST_STEP][PASSED] - runFeatureFile("Include/features/e-Makbuz/e-Serbest Meslek Uygulaması/e-Serbest Meslek Makbuz Raporlari/Ekran Kontrolu.feature"): Feature file: 'Include/features/e-Makbuz/e-Serbest Meslek Uygulaması/e-Serbest Meslek Makbuz Raporlari/Ekran Kontrolu.feature' was passed

2021-10-21 14:18:28 - [MESSAGE][INFO] - Starting run keyword runFeatureFile: 'Include/features/e-Makbuz/e-Serbest Meslek Uygulaması/e-Serbest Meslek Makbuz Raporlari/Ekran Kontrolu.feature' and extract report to folder: 'C:\Users\DELL\Downloads\EES_Katalon-main\Reports\20211021_140437\Suite Repository\e-Makbuz\20211021_140511/cucumber_report/1634815108239'...

2021-10-21 14:18:28 - [MESSAGE][INFO] - Glue: []

2021-10-21 14:18:29 - [MESSAGE][INFO] - Checking called Test Case

2021-10-21 14:18:29 - [MESSAGE][INFO] - Starting to call Test Case 'Test Cases/Sayfalar/Giris_Sayfasi/Login'

2021-10-21 14:18:29 - [TEST_CASE][PASSED] - Test Cases/Sayfalar/Giris_Sayfasi/Login: Test Cases/Sayfalar/Giris_Sayfasi/Login

2021-10-21 14:18:29 - [TEST_STEP][PASSED] - Sayfa_Basligi = getWindowTitle(): Current window's title is: 'LOGO e-Fatura'

2021-10-21 14:18:29 - [MESSAGE][INFO] - Getting current window's title

2021-10-21 14:18:29 - [MESSAGE][PASSED] - Current window's title is: 'LOGO e-Fatura'

2021-10-21 14:18:29 - [TEST_STEP][PASSED] - verifyMatch(Sayfa_Basligi, "LOGO e-Fatura", false): Actual text 'LOGO e-Fatura' and expected text 'LOGO e-Fatura' are matched 

2021-10-21 14:18:29 - [MESSAGE][INFO] - Matching actual text 'LOGO e-Fatura' with expected text 'LOGO e-Fatura'

2021-10-21 14:18:29 - [MESSAGE][PASSED] - Actual text 'LOGO e-Fatura' and expected text 'LOGO e-Fatura' are matched 

2021-10-21 14:18:29 - [TEST_STEP][PASSED] - sendKeys(findTestObject("Sayfalar/Giris_Sayfasi/Firma_Kodu"), KullaniciAdi): Keys 'ELOGO6' sent to object: 'Object Repository/Sayfalar/Giris_Sayfasi/Firma_Kodu'

2021-10-21 14:18:29 - [MESSAGE][INFO] - Finding Test Object 'Object Repository/Sayfalar/Giris_Sayfasi/Firma_Kodu'

2021-10-21 14:18:29 - [MESSAGE][INFO] - Sending keys 'ELOGO6' to object: 'Object Repository/Sayfalar/Giris_Sayfasi/Firma_Kodu'

2021-10-21 14:18:29 - [MESSAGE][INFO] - Finding web element from Test Object's properties

2021-10-21 14:18:29 - [MESSAGE][INFO] - Checking timeout

2021-10-21 14:18:29 - [MESSAGE][INFO] - Finding web element with id: 'Object Repository/Sayfalar/Giris_Sayfasi/Firma_Kodu' located by 'By.xpath: //*[@id = 'AccountName']' in '30' second(s)

2021-10-21 14:18:29 - [MESSAGE][INFO] - Smart Wait Function is triggered

2021-10-21 14:18:29 - [MESSAGE][INFO] - Found 1 web elements with id: 'Object Repository/Sayfalar/Giris_Sayfasi/Firma_Kodu' located by 'By.xpath: //*[@id = 'AccountName']' in '30' second(s)

2021-10-21 14:18:29 - [MESSAGE][PASSED] - Keys 'ELOGO6' sent to object: 'Object Repository/Sayfalar/Giris_Sayfasi/Firma_Kodu'

2021-10-21 14:18:29 - [TEST_STEP][PASSED] - sendKeys(findTestObject("Sayfalar/Giris_Sayfasi/Sifre"), Sifre): Keys '123456' sent to object: 'Object Repository/Sayfalar/Giris_Sayfasi/Sifre'

2021-10-21 14:18:29 - [MESSAGE][INFO] - Finding Test Object 'Object Repository/Sayfalar/Giris_Sayfasi/Sifre'

2021-10-21 14:18:29 - [MESSAGE][INFO] - Sending keys '123456' to object: 'Object Repository/Sayfalar/Giris_Sayfasi/Sifre'

2021-10-21 14:18:29 - [MESSAGE][INFO] - Finding web element from Test Object's properties

2021-10-21 14:18:29 - [MESSAGE][INFO] - Checking timeout

2021-10-21 14:18:29 - [MESSAGE][INFO] - Finding web element with id: 'Object Repository/Sayfalar/Giris_Sayfasi/Sifre' located by 'By.xpath: //*[@id = 'Password']' in '30' second(s)

2021-10-21 14:18:29 - [MESSAGE][INFO] - Smart Wait Function is triggered

2021-10-21 14:18:30 - [MESSAGE][INFO] - Found 1 web elements with id: 'Object Repository/Sayfalar/Giris_Sayfasi/Sifre' located by 'By.xpath: //*[@id = 'Password']' in '30' second(s)

2021-10-21 14:18:30 - [MESSAGE][PASSED] - Keys '123456' sent to object: 'Object Repository/Sayfalar/Giris_Sayfasi/Sifre'

2021-10-21 14:18:30 - [TEST_STEP][PASSED] - findWebElement(findTestObject("Sayfalar/Giris_Sayfasi/Giris_Butonu")).click(): Found 1 web elements with id: 'Object Repository/Sayfalar/Giris_Sayfasi/Giris_Butonu' located by 'By.cssSelector: #btnLogin' in '30' second(s)

2021-10-21 14:18:30 - [MESSAGE][INFO] - Finding Test Object 'Object Repository/Sayfalar/Giris_Sayfasi/Giris_Butonu'

2021-10-21 14:18:30 - [MESSAGE][INFO] - Finding web element from Test Object's properties

2021-10-21 14:18:30 - [MESSAGE][INFO] - Checking timeout

2021-10-21 14:18:30 - [MESSAGE][INFO] - Finding web element with id: 'Object Repository/Sayfalar/Giris_Sayfasi/Giris_Butonu' located by 'By.cssSelector: #btnLogin' in '30' second(s)

2021-10-21 14:18:30 - [MESSAGE][INFO] - Smart Wait Function is triggered

2021-10-21 14:18:30 - [MESSAGE][INFO] - Found 1 web elements with id: 'Object Repository/Sayfalar/Giris_Sayfasi/Giris_Butonu' located by 'By.cssSelector: #btnLogin' in '30' second(s)

2021-10-21 14:18:33 - [TEST_STEP][PASSED] - if (verifyElementPresent(findTestObject("Object Repository/Sayfalar/Giris_Sayfasi/RetveTamam_Butonu"), 5, OPTIONAL)): null

2021-10-21 14:18:33 - [MESSAGE][INFO] - Finding Test Object 'Object Repository/Sayfalar/Giris_Sayfasi/RetveTamam_Butonu'

2021-10-21 14:18:33 - [MESSAGE][INFO] - Checking object

2021-10-21 14:18:33 - [MESSAGE][INFO] - Finding web element from Test Object's properties

2021-10-21 14:18:33 - [MESSAGE][INFO] - Checking timeout

2021-10-21 14:18:33 - [MESSAGE][INFO] - Finding web element with id: 'Object Repository/Sayfalar/Giris_Sayfasi/RetveTamam_Butonu' located by 'By.xpath: //*[@class = 'btn btn-default']' in '5' second(s)

2021-10-21 14:18:33 - [MESSAGE][INFO] - Smart Wait Function is triggered

2021-10-21 14:18:33 - [MESSAGE][INFO] - Found 1 web elements with id: 'Object Repository/Sayfalar/Giris_Sayfasi/RetveTamam_Butonu' located by 'By.xpath: //*[@class = 'btn btn-default']' in '5' second(s)

2021-10-21 14:18:33 - [MESSAGE][PASSED] - Object 'Object Repository/Sayfalar/Giris_Sayfasi/RetveTamam_Butonu' is present

2021-10-21 14:18:33 - [TEST_STEP][PASSED] - click(findTestObject("Object Repository/Sayfalar/Giris_Sayfasi/RetveTamam_Butonu")): Object: 'Object Repository/Sayfalar/Giris_Sayfasi/RetveTamam_Butonu' is clicked on

2021-10-21 14:18:33 - [MESSAGE][INFO] - Finding Test Object 'Object Repository/Sayfalar/Giris_Sayfasi/RetveTamam_Butonu'

2021-10-21 14:18:33 - [MESSAGE][INFO] - Checking object

2021-10-21 14:18:33 - [MESSAGE][INFO] - Finding web element from Test Object's properties

2021-10-21 14:18:33 - [MESSAGE][INFO] - Checking timeout

2021-10-21 14:18:33 - [MESSAGE][INFO] - Finding web element with id: 'Object Repository/Sayfalar/Giris_Sayfasi/RetveTamam_Butonu' located by 'By.xpath: //*[@class = 'btn btn-default']' in '30' second(s)

2021-10-21 14:18:33 - [MESSAGE][INFO] - Smart Wait Function is triggered

2021-10-21 14:18:34 - [MESSAGE][INFO] - Found 1 web elements with id: 'Object Repository/Sayfalar/Giris_Sayfasi/RetveTamam_Butonu' located by 'By.xpath: //*[@class = 'btn btn-default']' in '30' second(s)

2021-10-21 14:18:34 - [MESSAGE][INFO] - Clicking on object: 'Object Repository/Sayfalar/Giris_Sayfasi/RetveTamam_Butonu'

2021-10-21 14:18:34 - [MESSAGE][PASSED] - Object: 'Object Repository/Sayfalar/Giris_Sayfasi/RetveTamam_Butonu' is clicked on

2021-10-21 14:18:34 - [TEST_STEP][PASSED] - click(findTestObject("Object Repository/Sayfalar/Giris_Sayfasi/RetveTamam_Butonu")): Object: 'Object Repository/Sayfalar/Giris_Sayfasi/RetveTamam_Butonu' is clicked on

2021-10-21 14:18:34 - [MESSAGE][INFO] - Finding Test Object 'Object Repository/Sayfalar/Giris_Sayfasi/RetveTamam_Butonu'

2021-10-21 14:18:34 - [MESSAGE][INFO] - Checking object

2021-10-21 14:18:34 - [MESSAGE][INFO] - Finding web element from Test Object's properties

2021-10-21 14:18:34 - [MESSAGE][INFO] - Checking timeout

2021-10-21 14:18:34 - [MESSAGE][INFO] - Finding web element with id: 'Object Repository/Sayfalar/Giris_Sayfasi/RetveTamam_Butonu' located by 'By.xpath: //*[@class = 'btn btn-default']' in '30' second(s)

2021-10-21 14:18:34 - [MESSAGE][INFO] - Smart Wait Function is triggered

2021-10-21 14:18:37 - [MESSAGE][INFO] - Found 1 web elements with id: 'Object Repository/Sayfalar/Giris_Sayfasi/RetveTamam_Butonu' located by 'By.xpath: //*[@class = 'btn btn-default']' in '30' second(s)

2021-10-21 14:18:37 - [MESSAGE][INFO] - Clicking on object: 'Object Repository/Sayfalar/Giris_Sayfasi/RetveTamam_Butonu'

2021-10-21 14:18:37 - [MESSAGE][PASSED] - Object: 'Object Repository/Sayfalar/Giris_Sayfasi/RetveTamam_Butonu' is clicked on

2021-10-21 14:18:37 - [TEST_STEP][PASSED] - if (verifyElementPresent(findTestObject("Sayfalar/Giris_Sayfasi/PopupOK"), 5, OPTIONAL)): null

2021-10-21 14:18:37 - [MESSAGE][INFO] - Finding Test Object 'Object Repository/Sayfalar/Giris_Sayfasi/PopupOK'

2021-10-21 14:18:37 - [MESSAGE][INFO] - Checking object

2021-10-21 14:18:37 - [MESSAGE][INFO] - Finding web element from Test Object's properties

2021-10-21 14:18:37 - [MESSAGE][INFO] - Checking timeout

2021-10-21 14:18:37 - [MESSAGE][INFO] - Finding web element with id: 'Object Repository/Sayfalar/Giris_Sayfasi/PopupOK' located by 'By.cssSelector: .btn.btn-success' in '5' second(s)

2021-10-21 14:18:37 - [MESSAGE][INFO] - Smart Wait Function is triggered

2021-10-21 14:18:38 - [MESSAGE][INFO] - Found 1 web elements with id: 'Object Repository/Sayfalar/Giris_Sayfasi/PopupOK' located by 'By.cssSelector: .btn.btn-success' in '5' second(s)

2021-10-21 14:18:38 - [MESSAGE][PASSED] - Object 'Object Repository/Sayfalar/Giris_Sayfasi/PopupOK' is present

2021-10-21 14:18:38 - [TEST_STEP][PASSED] - click(findTestObject("Object Repository/Sayfalar/Giris_Sayfasi/PopupCarpiGiris")): Object: 'Object Repository/Sayfalar/Giris_Sayfasi/PopupCarpiGiris' is clicked on

2021-10-21 14:18:38 - [MESSAGE][INFO] - Finding Test Object 'Object Repository/Sayfalar/Giris_Sayfasi/PopupCarpiGiris'

2021-10-21 14:18:38 - [MESSAGE][INFO] - Checking object

2021-10-21 14:18:38 - [MESSAGE][INFO] - Finding web element from Test Object's properties

2021-10-21 14:18:38 - [MESSAGE][INFO] - Checking timeout

2021-10-21 14:18:38 - [MESSAGE][INFO] - Finding web element with id: 'Object Repository/Sayfalar/Giris_Sayfasi/PopupCarpiGiris' located by 'By.cssSelector: .bootbox-close-button.close' in '30' second(s)

2021-10-21 14:18:38 - [MESSAGE][INFO] - Smart Wait Function is triggered

2021-10-21 14:18:38 - [MESSAGE][INFO] - Found 1 web elements with id: 'Object Repository/Sayfalar/Giris_Sayfasi/PopupCarpiGiris' located by 'By.cssSelector: .bootbox-close-button.close' in '30' second(s)

2021-10-21 14:18:38 - [MESSAGE][INFO] - Clicking on object: 'Object Repository/Sayfalar/Giris_Sayfasi/PopupCarpiGiris'

2021-10-21 14:18:38 - [MESSAGE][PASSED] - Object: 'Object Repository/Sayfalar/Giris_Sayfasi/PopupCarpiGiris' is clicked on

2021-10-21 14:18:38 - [TEST_STEP][PASSED] - verifyElementVisible(findTestObject("Object Repository/Kullanici_Islemleri/KullaniciIslemleri")): Object 'Object Repository/Kullanici_Islemleri/KullaniciIslemleri' is visible

2021-10-21 14:18:38 - [MESSAGE][INFO] - Finding Test Object 'Object Repository/Kullanici_Islemleri/KullaniciIslemleri'

2021-10-21 14:18:39 - [MESSAGE][INFO] - Checking object

2021-10-21 14:18:39 - [MESSAGE][INFO] - Finding web element from Test Object's properties

2021-10-21 14:18:39 - [MESSAGE][INFO] - Checking timeout

2021-10-21 14:18:39 - [MESSAGE][INFO] - Finding web element with id: 'Object Repository/Kullanici_Islemleri/KullaniciIslemleri' located by 'By.cssSelector: .dropdown>a>img' in '30' second(s)

2021-10-21 14:18:39 - [MESSAGE][INFO] - Smart Wait Function is triggered

2021-10-21 14:18:39 - [MESSAGE][INFO] - Found 1 web elements with id: 'Object Repository/Kullanici_Islemleri/KullaniciIslemleri' located by 'By.cssSelector: .dropdown>a>img' in '30' second(s)

2021-10-21 14:18:39 - [MESSAGE][PASSED] - Object 'Object Repository/Kullanici_Islemleri/KullaniciIslemleri' is visible

2021-10-21 14:18:39 - [MESSAGE][PASSED] - Call Test Case 'Test Cases/Sayfalar/Giris_Sayfasi/Login' successfully

2021-10-21 14:18:39 - [MESSAGE][INFO] - Checking called Test Case

2021-10-21 14:18:39 - [MESSAGE][INFO] - Starting to call Test Case 'Test Cases/Menu/AnaMenuSecimi'

2021-10-21 14:18:39 - [TEST_CASE][PASSED] - Test Cases/Menu/AnaMenuSecimi: Test Cases/Menu/AnaMenuSecimi

2021-10-21 14:18:39 - [TEST_STEP][PASSED] - Method.TextDegerineEsitElementeTikla(findTestObject("Menu/Ana_Menu"), Ana_Menu): Method.TextDegerineEsitElementeTikla is PASSED

2021-10-21 14:18:39 - [MESSAGE][INFO] - Finding Test Object 'Object Repository/Menu/Ana_Menu'

2021-10-21 14:18:39 - [MESSAGE][INFO] - Checking timeout

2021-10-21 14:18:39 - [MESSAGE][INFO] - Finding web element with id: 'Object Repository/Menu/Ana_Menu' located by 'By.xpath: //*[@class = 'dropdown-toggle']' in '10' second(s)

2021-10-21 14:18:39 - [MESSAGE][INFO] - Smart Wait Function is triggered

2021-10-21 14:18:40 - [MESSAGE][INFO] - Found 14 web elements with id: 'Object Repository/Menu/Ana_Menu' located by 'By.xpath: //*[@class = 'dropdown-toggle']' in '10' second(s)

2021-10-21 14:18:40 - [MESSAGE][PASSED] - Method.TextDegerineEsitElementeTikla is PASSED

2021-10-21 14:18:40 - [MESSAGE][PASSED] - Call Test Case 'Test Cases/Menu/AnaMenuSecimi' successfully

2021-10-21 14:18:40 - [MESSAGE][INFO] - Checking called Test Case

2021-10-21 14:18:40 - [MESSAGE][INFO] - Starting to call Test Case 'Test Cases/Menu/BasligaGoreAltMenuSecimi'

2021-10-21 14:18:40 - [TEST_CASE][PASSED] - Test Cases/Menu/BasligaGoreAltMenuSecimi: Test Cases/Menu/BasligaGoreAltMenuSecimi

2021-10-21 14:18:40 - [TEST_STEP][PASSED] - Method.TextDegerineEsitElementinAltindakiTextDegerineEsitOlanaTikla(findTestObject("Menu/Menu_Basligi"), findTestObject("Menu/Basliga_Gore_Alt_Menu"), Baslik, Alt_Menu): Method.TextDegerineEsitElementinAltindakiTextDegerineEsitOlanaTikla is PASSED

2021-10-21 14:18:40 - [MESSAGE][INFO] - Finding Test Object 'Object Repository/Menu/Menu_Basligi'

2021-10-21 14:18:40 - [MESSAGE][INFO] - Finding Test Object 'Object Repository/Menu/Basliga_Gore_Alt_Menu'

2021-10-21 14:18:40 - [MESSAGE][INFO] - Checking timeout

2021-10-21 14:18:40 - [MESSAGE][INFO] - Finding web element with id: 'Object Repository/Menu/Menu_Basligi' located by 'By.xpath: //li[@class='dropdown dropdown-large open']//li[@class='dropdown-header']' in '10' second(s)

2021-10-21 14:18:40 - [MESSAGE][INFO] - Smart Wait Function is triggered

2021-10-21 14:18:40 - [MESSAGE][INFO] - Found 2 web elements with id: 'Object Repository/Menu/Menu_Basligi' located by 'By.xpath: //li[@class='dropdown dropdown-large open']//li[@class='dropdown-header']' in '10' second(s)

2021-10-21 14:18:40 - [MESSAGE][INFO] - Smart Wait Function is triggered

2021-10-21 14:18:44 - [MESSAGE][PASSED] - Method.TextDegerineEsitElementinAltindakiTextDegerineEsitOlanaTikla is PASSED

2021-10-21 14:18:44 - [MESSAGE][PASSED] - Call Test Case 'Test Cases/Menu/BasligaGoreAltMenuSecimi' successfully

2021-10-21 14:18:44 - [MESSAGE][INFO] - Checking called Test Case

2021-10-21 14:18:44 - [MESSAGE][INFO] - Starting to call Test Case 'Test Cases/Filtreler/DropdownSec'

2021-10-21 14:18:44 - [TEST_CASE][PASSED] - Test Cases/Filtreler/DropdownSec: Test Cases/Filtreler/DropdownSec

2021-10-21 14:18:44 - [TEST_STEP][PASSED] - Method.TextDegerineEsitElementinAltindakineTikla(findTestObject("Filtreler/Basliklar"), findTestObject("Filtreler/Basliga_Gore_Baslangic_Image"), Filtre_Adi): Method.TextDegerineEsitElementinAltindakineTikla is PASSED

2021-10-21 14:18:44 - [MESSAGE][INFO] - Finding Test Object 'Object Repository/Filtreler/Basliklar'

2021-10-21 14:18:44 - [MESSAGE][INFO] - Finding Test Object 'Object Repository/Filtreler/Basliga_Gore_Baslangic_Image'

2021-10-21 14:18:44 - [MESSAGE][INFO] - Checking timeout

2021-10-21 14:18:44 - [MESSAGE][INFO] - Finding web element with id: 'Object Repository/Filtreler/Basliklar' located by 'By.cssSelector: .control-label.col-sm-4.paddingMarginRLC' in '10' second(s)

2021-10-21 14:18:44 - [MESSAGE][INFO] - Smart Wait Function is triggered

2021-10-21 14:18:44 - [MESSAGE][INFO] - Found 5 web elements with id: 'Object Repository/Filtreler/Basliklar' located by 'By.cssSelector: .control-label.col-sm-4.paddingMarginRLC' in '10' second(s)

2021-10-21 14:18:44 - [MESSAGE][INFO] - Smart Wait Function is triggered

2021-10-21 14:18:44 - [MESSAGE][PASSED] - Method.TextDegerineEsitElementinAltindakineTikla is PASSED

2021-10-21 14:18:44 - [TEST_STEP][PASSED] - Method.TextDegerineEsitElementeTikla(findTestObject("Object Repository/Filtreler/Basliga_Gore_Dropdown"), Filtre_Degeri): Method.TextDegerineEsitElementeTikla is PASSED

2021-10-21 14:18:44 - [MESSAGE][INFO] - Finding Test Object 'Object Repository/Filtreler/Basliga_Gore_Dropdown'

2021-10-21 14:18:45 - [MESSAGE][INFO] - Checking timeout

2021-10-21 14:18:45 - [MESSAGE][INFO] - Finding web element with id: 'Object Repository/Filtreler/Basliga_Gore_Dropdown' located by 'By.xpath: //*[@class = 'dxeListBoxItemRow_LECustomTheme']' in '10' second(s)

2021-10-21 14:18:45 - [MESSAGE][INFO] - Smart Wait Function is triggered

2021-10-21 14:18:45 - [MESSAGE][INFO] - Found 58 web elements with id: 'Object Repository/Filtreler/Basliga_Gore_Dropdown' located by 'By.xpath: //*[@class = 'dxeListBoxItemRow_LECustomTheme']' in '10' second(s)

2021-10-21 14:18:45 - [MESSAGE][PASSED] - Method.TextDegerineEsitElementeTikla is PASSED

2021-10-21 14:18:45 - [MESSAGE][PASSED] - Call Test Case 'Test Cases/Filtreler/DropdownSec' successfully

2021-10-21 14:18:45 - [MESSAGE][INFO] - Checking called Test Case

2021-10-21 14:18:45 - [MESSAGE][INFO] - Starting to call Test Case 'Test Cases/Filtreler/BaslangicYaz'

2021-10-21 14:18:45 - [TEST_CASE][PASSED] - Test Cases/Filtreler/BaslangicYaz: Test Cases/Filtreler/BaslangicYaz

2021-10-21 14:18:45 - [TEST_STEP][PASSED] - Method.TextDegerineEsitElementinAltindakineTikla(findTestObject("Filtreler/Basliklar"), findTestObject("Filtreler/Basliga_Gore_Baslangic_Image"), Filtre_Adi): Method.TextDegerineEsitElementinAltindakineTikla is PASSED

2021-10-21 14:18:45 - [MESSAGE][INFO] - Finding Test Object 'Object Repository/Filtreler/Basliklar'

2021-10-21 14:18:45 - [MESSAGE][INFO] - Finding Test Object 'Object Repository/Filtreler/Basliga_Gore_Baslangic_Image'

2021-10-21 14:18:46 - [MESSAGE][INFO] - Checking timeout

2021-10-21 14:18:46 - [MESSAGE][INFO] - Finding web element with id: 'Object Repository/Filtreler/Basliklar' located by 'By.cssSelector: .control-label.col-sm-4.paddingMarginRLC' in '10' second(s)

2021-10-21 14:18:46 - [MESSAGE][INFO] - Smart Wait Function is triggered

2021-10-21 14:18:46 - [MESSAGE][INFO] - Found 5 web elements with id: 'Object Repository/Filtreler/Basliklar' located by 'By.cssSelector: .control-label.col-sm-4.paddingMarginRLC' in '10' second(s)

2021-10-21 14:18:46 - [MESSAGE][INFO] - Smart Wait Function is triggered

2021-10-21 14:18:46 - [MESSAGE][PASSED] - Method.TextDegerineEsitElementinAltindakineTikla is PASSED

2021-10-21 14:18:46 - [TEST_STEP][PASSED] - Method.TextDegerineEsitElementinAltindakiTextboxtaYaz(findTestObject("Filtreler/Basliklar"), findTestObject("Filtreler/Basliga_Gore_Baslangic"), Filtre_Adi, Filtre_Degeri): Method.TextDegerineEsitElementinAltindakiTextboxtaYaz is PASSED

2021-10-21 14:18:46 - [MESSAGE][INFO] - Finding Test Object 'Object Repository/Filtreler/Basliklar'

2021-10-21 14:18:46 - [MESSAGE][INFO] - Finding Test Object 'Object Repository/Filtreler/Basliga_Gore_Baslangic'

2021-10-21 14:18:46 - [MESSAGE][INFO] - Checking timeout

2021-10-21 14:18:46 - [MESSAGE][INFO] - Finding web element with id: 'Object Repository/Filtreler/Basliklar' located by 'By.cssSelector: .control-label.col-sm-4.paddingMarginRLC' in '10' second(s)

2021-10-21 14:18:46 - [MESSAGE][INFO] - Smart Wait Function is triggered

2021-10-21 14:18:47 - [MESSAGE][INFO] - Found 5 web elements with id: 'Object Repository/Filtreler/Basliklar' located by 'By.cssSelector: .control-label.col-sm-4.paddingMarginRLC' in '10' second(s)

2021-10-21 14:18:47 - [MESSAGE][INFO] - Smart Wait Function is triggered

2021-10-21 14:18:47 - [MESSAGE][PASSED] - Method.TextDegerineEsitElementinAltindakiTextboxtaYaz is PASSED

2021-10-21 14:18:47 - [MESSAGE][PASSED] - Call Test Case 'Test Cases/Filtreler/BaslangicYaz' successfully

2021-10-21 14:18:47 - [MESSAGE][INFO] - Checking called Test Case

2021-10-21 14:18:47 - [MESSAGE][INFO] - Starting to call Test Case 'Test Cases/Filtreler/BitisYaz'

2021-10-21 14:18:47 - [TEST_CASE][PASSED] - Test Cases/Filtreler/BitisYaz: Test Cases/Filtreler/BitisYaz

2021-10-21 14:18:47 - [TEST_STEP][PASSED] - Method.TextDegerineEsitElementinAltindakineTikla(findTestObject("Filtreler/Basliklar"), findTestObject("Filtreler/Basliga_Gore_Bitis_Image"), Filtre_Adi): Method.TextDegerineEsitElementinAltindakineTikla is PASSED

2021-10-21 14:18:47 - [MESSAGE][INFO] - Finding Test Object 'Object Repository/Filtreler/Basliklar'

2021-10-21 14:18:47 - [MESSAGE][INFO] - Finding Test Object 'Object Repository/Filtreler/Basliga_Gore_Bitis_Image'

2021-10-21 14:18:48 - [MESSAGE][INFO] - Checking timeout

2021-10-21 14:18:48 - [MESSAGE][INFO] - Finding web element with id: 'Object Repository/Filtreler/Basliklar' located by 'By.cssSelector: .control-label.col-sm-4.paddingMarginRLC' in '10' second(s)

2021-10-21 14:18:48 - [MESSAGE][INFO] - Smart Wait Function is triggered

2021-10-21 14:18:48 - [MESSAGE][INFO] - Found 5 web elements with id: 'Object Repository/Filtreler/Basliklar' located by 'By.cssSelector: .control-label.col-sm-4.paddingMarginRLC' in '10' second(s)

2021-10-21 14:18:48 - [MESSAGE][INFO] - Smart Wait Function is triggered

2021-10-21 14:18:48 - [MESSAGE][PASSED] - Method.TextDegerineEsitElementinAltindakineTikla is PASSED

2021-10-21 14:18:48 - [TEST_STEP][PASSED] - Method.TextDegerineEsitElementinAltindakiTextboxtaYaz(findTestObject("Filtreler/Basliklar"), findTestObject("Object Repository/Filtreler/Basliga_Gore_Bitis"), Filtre_Adi, Filtre_Degeri): Method.TextDegerineEsitElementinAltindakiTextboxtaYaz is PASSED

2021-10-21 14:18:48 - [MESSAGE][INFO] - Finding Test Object 'Object Repository/Filtreler/Basliklar'

2021-10-21 14:18:48 - [MESSAGE][INFO] - Finding Test Object 'Object Repository/Filtreler/Basliga_Gore_Bitis'

2021-10-21 14:18:48 - [MESSAGE][INFO] - Checking timeout

2021-10-21 14:18:48 - [MESSAGE][INFO] - Finding web element with id: 'Object Repository/Filtreler/Basliklar' located by 'By.cssSelector: .control-label.col-sm-4.paddingMarginRLC' in '10' second(s)

2021-10-21 14:18:48 - [MESSAGE][INFO] - Smart Wait Function is triggered

2021-10-21 14:18:49 - [MESSAGE][INFO] - Found 5 web elements with id: 'Object Repository/Filtreler/Basliklar' located by 'By.cssSelector: .control-label.col-sm-4.paddingMarginRLC' in '10' second(s)

2021-10-21 14:18:49 - [MESSAGE][INFO] - Smart Wait Function is triggered

2021-10-21 14:18:49 - [MESSAGE][PASSED] - Method.TextDegerineEsitElementinAltindakiTextboxtaYaz is PASSED

2021-10-21 14:18:49 - [MESSAGE][PASSED] - Call Test Case 'Test Cases/Filtreler/BitisYaz' successfully

2021-10-21 14:18:49 - [MESSAGE][INFO] - Checking called Test Case

2021-10-21 14:18:49 - [MESSAGE][INFO] - Starting to call Test Case 'Test Cases/Filtreler/ButonaTikla'

2021-10-21 14:18:49 - [TEST_CASE][PASSED] - Test Cases/Filtreler/ButonaTikla: Test Cases/Filtreler/ButonaTikla

2021-10-21 14:18:49 - [TEST_STEP][PASSED] - Method.TextDegerineEsitElementeTikla(findTestObject("Filtreler/Butonlar"), Filtre_Buton): Method.TextDegerineEsitElementeTikla is PASSED

2021-10-21 14:18:49 - [MESSAGE][INFO] - Finding Test Object 'Object Repository/Filtreler/Butonlar'

2021-10-21 14:18:49 - [MESSAGE][INFO] - Checking timeout

2021-10-21 14:18:49 - [MESSAGE][INFO] - Finding web element with id: 'Object Repository/Filtreler/Butonlar' located by 'By.cssSelector: .dxb>span' in '10' second(s)

2021-10-21 14:18:49 - [MESSAGE][INFO] - Smart Wait Function is triggered

2021-10-21 14:18:50 - [MESSAGE][INFO] - Found 3 web elements with id: 'Object Repository/Filtreler/Butonlar' located by 'By.cssSelector: .dxb>span' in '10' second(s)

2021-10-21 14:18:50 - [MESSAGE][PASSED] - Method.TextDegerineEsitElementeTikla is PASSED

2021-10-21 14:18:50 - [MESSAGE][PASSED] - Call Test Case 'Test Cases/Filtreler/ButonaTikla' successfully

2021-10-21 14:18:50 - [MESSAGE][INFO] - Checking called Test Case

2021-10-21 14:18:50 - [MESSAGE][INFO] - Starting to call Test Case 'Test Cases/Tablo/TablodakiVeriDetayi'

2021-10-21 14:18:50 - [TEST_CASE][PASSED] - Test Cases/Tablo/TablodakiVeriDetayi: Test Cases/Tablo/TablodakiVeriDetayi

2021-10-21 14:18:50 - [TEST_STEP][PASSED] - Method.TextDegerineEsitElementinAltindakineTikla(findTestObject("Tablo/Veriler"), findTestObject("Object Repository/Tablo/VerininArtiButonu"), Veri_Adi): Method.TextDegerineEsitElementinAltindakineTikla is PASSED

2021-10-21 14:18:50 - [MESSAGE][INFO] - Finding Test Object 'Object Repository/Tablo/Veriler'

2021-10-21 14:18:50 - [MESSAGE][INFO] - Finding Test Object 'Object Repository/Tablo/VerininArtiButonu'

2021-10-21 14:18:50 - [MESSAGE][INFO] - Checking timeout

2021-10-21 14:18:50 - [MESSAGE][INFO] - Finding web element with id: 'Object Repository/Tablo/Veriler' located by 'By.cssSelector: td.dxgv b ,td.dxgv' in '10' second(s)

2021-10-21 14:18:50 - [MESSAGE][INFO] - Smart Wait Function is triggered

2021-10-21 14:18:50 - [MESSAGE][INFO] - Found 120 web elements with id: 'Object Repository/Tablo/Veriler' located by 'By.cssSelector: td.dxgv b ,td.dxgv' in '10' second(s)

2021-10-21 14:18:50 - [MESSAGE][INFO] - Smart Wait Function is triggered

2021-10-21 14:18:51 - [MESSAGE][PASSED] - Method.TextDegerineEsitElementinAltindakineTikla is PASSED

2021-10-21 14:18:51 - [MESSAGE][PASSED] - Call Test Case 'Test Cases/Tablo/TablodakiVeriDetayi' successfully

2021-10-21 14:18:51 - [MESSAGE][INFO] - Checking called Test Case

2021-10-21 14:18:51 - [MESSAGE][INFO] - Starting to call Test Case 'Test Cases/Tablo/TablodakiVeriDetayi'

2021-10-21 14:18:51 - [TEST_CASE][PASSED] - Test Cases/Tablo/TablodakiVeriDetayi: Test Cases/Tablo/TablodakiVeriDetayi

2021-10-21 14:18:51 - [TEST_STEP][PASSED] - Method.TextDegerineEsitElementinAltindakineTikla(findTestObject("Tablo/Veriler"), findTestObject("Object Repository/Tablo/VerininArtiButonu"), Veri_Adi): Method.TextDegerineEsitElementinAltindakineTikla is PASSED

2021-10-21 14:18:51 - [MESSAGE][INFO] - Finding Test Object 'Object Repository/Tablo/Veriler'

2021-10-21 14:18:51 - [MESSAGE][INFO] - Finding Test Object 'Object Repository/Tablo/VerininArtiButonu'

2021-10-21 14:18:51 - [MESSAGE][INFO] - Checking timeout

2021-10-21 14:18:51 - [MESSAGE][INFO] - Finding web element with id: 'Object Repository/Tablo/Veriler' located by 'By.cssSelector: td.dxgv b ,td.dxgv' in '10' second(s)

2021-10-21 14:18:51 - [MESSAGE][INFO] - Smart Wait Function is triggered

2021-10-21 14:18:52 - [MESSAGE][INFO] - Found 122 web elements with id: 'Object Repository/Tablo/Veriler' located by 'By.cssSelector: td.dxgv b ,td.dxgv' in '10' second(s)

2021-10-21 14:18:52 - [MESSAGE][INFO] - Smart Wait Function is triggered

2021-10-21 14:18:52 - [MESSAGE][PASSED] - Method.TextDegerineEsitElementinAltindakineTikla is PASSED

2021-10-21 14:18:52 - [MESSAGE][PASSED] - Call Test Case 'Test Cases/Tablo/TablodakiVeriDetayi' successfully

2021-10-21 14:18:52 - [MESSAGE][INFO] - Checking called Test Case

2021-10-21 14:18:52 - [MESSAGE][INFO] - Starting to call Test Case 'Test Cases/Filtreler/FiltreVarMi'

2021-10-21 14:18:52 - [TEST_CASE][PASSED] - Test Cases/Filtreler/FiltreVarMi: Test Cases/Filtreler/FiltreVarMi

2021-10-21 14:18:52 - [TEST_STEP][PASSED] - Method.TextDegerineEsitElementVarMi(findTestObject("Filtreler/Basliklar"), Filtre_alan): Method.TextDegerineEsitElementVarMi is PASSED

2021-10-21 14:18:52 - [MESSAGE][INFO] - Finding Test Object 'Object Repository/Filtreler/Basliklar'

2021-10-21 14:18:52 - [MESSAGE][INFO] - Checking timeout

2021-10-21 14:18:52 - [MESSAGE][INFO] - Finding web element with id: 'Object Repository/Filtreler/Basliklar' located by 'By.cssSelector: .control-label.col-sm-4.paddingMarginRLC' in '10' second(s)

2021-10-21 14:18:52 - [MESSAGE][INFO] - Smart Wait Function is triggered

2021-10-21 14:18:53 - [MESSAGE][INFO] - Found 5 web elements with id: 'Object Repository/Filtreler/Basliklar' located by 'By.cssSelector: .control-label.col-sm-4.paddingMarginRLC' in '10' second(s)

2021-10-21 14:18:53 - [MESSAGE][PASSED] - Method.TextDegerineEsitElementVarMi is PASSED

2021-10-21 14:18:53 - [MESSAGE][PASSED] - Call Test Case 'Test Cases/Filtreler/FiltreVarMi' successfully

2021-10-21 14:18:53 - [MESSAGE][INFO] - Checking called Test Case

2021-10-21 14:18:53 - [MESSAGE][INFO] - Starting to call Test Case 'Test Cases/Filtreler/FiltreVarMi'

2021-10-21 14:18:53 - [TEST_CASE][PASSED] - Test Cases/Filtreler/FiltreVarMi: Test Cases/Filtreler/FiltreVarMi

2021-10-21 14:18:53 - [TEST_STEP][PASSED] - Method.TextDegerineEsitElementVarMi(findTestObject("Filtreler/Basliklar"), Filtre_alan): Method.TextDegerineEsitElementVarMi is PASSED

2021-10-21 14:18:53 - [MESSAGE][INFO] - Finding Test Object 'Object Repository/Filtreler/Basliklar'

2021-10-21 14:18:53 - [MESSAGE][INFO] - Checking timeout

2021-10-21 14:18:53 - [MESSAGE][INFO] - Finding web element with id: 'Object Repository/Filtreler/Basliklar' located by 'By.cssSelector: .control-label.col-sm-4.paddingMarginRLC' in '10' second(s)

2021-10-21 14:18:53 - [MESSAGE][INFO] - Smart Wait Function is triggered

2021-10-21 14:18:53 - [MESSAGE][INFO] - Found 5 web elements with id: 'Object Repository/Filtreler/Basliklar' located by 'By.cssSelector: .control-label.col-sm-4.paddingMarginRLC' in '10' second(s)

2021-10-21 14:18:53 - [MESSAGE][PASSED] - Method.TextDegerineEsitElementVarMi is PASSED

2021-10-21 14:18:53 - [MESSAGE][PASSED] - Call Test Case 'Test Cases/Filtreler/FiltreVarMi' successfully

2021-10-21 14:18:53 - [MESSAGE][INFO] - Checking called Test Case

2021-10-21 14:18:53 - [MESSAGE][INFO] - Starting to call Test Case 'Test Cases/Filtreler/FiltreVarMi'

2021-10-21 14:18:53 - [TEST_CASE][PASSED] - Test Cases/Filtreler/FiltreVarMi: Test Cases/Filtreler/FiltreVarMi

2021-10-21 14:18:53 - [TEST_STEP][PASSED] - Method.TextDegerineEsitElementVarMi(findTestObject("Filtreler/Basliklar"), Filtre_alan): Method.TextDegerineEsitElementVarMi is PASSED

2021-10-21 14:18:53 - [MESSAGE][INFO] - Finding Test Object 'Object Repository/Filtreler/Basliklar'

2021-10-21 14:18:53 - [MESSAGE][INFO] - Checking timeout

2021-10-21 14:18:53 - [MESSAGE][INFO] - Finding web element with id: 'Object Repository/Filtreler/Basliklar' located by 'By.cssSelector: .control-label.col-sm-4.paddingMarginRLC' in '10' second(s)

2021-10-21 14:18:53 - [MESSAGE][INFO] - Smart Wait Function is triggered

2021-10-21 14:18:54 - [MESSAGE][INFO] - Found 5 web elements with id: 'Object Repository/Filtreler/Basliklar' located by 'By.cssSelector: .control-label.col-sm-4.paddingMarginRLC' in '10' second(s)

2021-10-21 14:18:54 - [MESSAGE][PASSED] - Method.TextDegerineEsitElementVarMi is PASSED

2021-10-21 14:18:54 - [MESSAGE][PASSED] - Call Test Case 'Test Cases/Filtreler/FiltreVarMi' successfully

2021-10-21 14:18:54 - [MESSAGE][INFO] - Checking called Test Case

2021-10-21 14:18:54 - [MESSAGE][INFO] - Starting to call Test Case 'Test Cases/Filtreler/FiltreVarMi'

2021-10-21 14:18:54 - [TEST_CASE][PASSED] - Test Cases/Filtreler/FiltreVarMi: Test Cases/Filtreler/FiltreVarMi

2021-10-21 14:18:54 - [TEST_STEP][PASSED] - Method.TextDegerineEsitElementVarMi(findTestObject("Filtreler/Basliklar"), Filtre_alan): Method.TextDegerineEsitElementVarMi is PASSED

2021-10-21 14:18:54 - [MESSAGE][INFO] - Finding Test Object 'Object Repository/Filtreler/Basliklar'

2021-10-21 14:18:54 - [MESSAGE][INFO] - Checking timeout

2021-10-21 14:18:54 - [MESSAGE][INFO] - Finding web element with id: 'Object Repository/Filtreler/Basliklar' located by 'By.cssSelector: .control-label.col-sm-4.paddingMarginRLC' in '10' second(s)

2021-10-21 14:18:54 - [MESSAGE][INFO] - Smart Wait Function is triggered

2021-10-21 14:18:54 - [MESSAGE][INFO] - Found 5 web elements with id: 'Object Repository/Filtreler/Basliklar' located by 'By.cssSelector: .control-label.col-sm-4.paddingMarginRLC' in '10' second(s)

2021-10-21 14:18:54 - [MESSAGE][PASSED] - Method.TextDegerineEsitElementVarMi is PASSED

2021-10-21 14:18:54 - [MESSAGE][PASSED] - Call Test Case 'Test Cases/Filtreler/FiltreVarMi' successfully

2021-10-21 14:18:54 - [MESSAGE][INFO] - Checking called Test Case

2021-10-21 14:18:54 - [MESSAGE][INFO] - Starting to call Test Case 'Test Cases/Filtreler/FiltreVarMi'

2021-10-21 14:18:54 - [TEST_CASE][PASSED] - Test Cases/Filtreler/FiltreVarMi: Test Cases/Filtreler/FiltreVarMi

2021-10-21 14:18:54 - [TEST_STEP][PASSED] - Method.TextDegerineEsitElementVarMi(findTestObject("Filtreler/Basliklar"), Filtre_alan): Method.TextDegerineEsitElementVarMi is PASSED

2021-10-21 14:18:54 - [MESSAGE][INFO] - Finding Test Object 'Object Repository/Filtreler/Basliklar'

2021-10-21 14:18:54 - [MESSAGE][INFO] - Checking timeout

2021-10-21 14:18:54 - [MESSAGE][INFO] - Finding web element with id: 'Object Repository/Filtreler/Basliklar' located by 'By.cssSelector: .control-label.col-sm-4.paddingMarginRLC' in '10' second(s)

2021-10-21 14:18:54 - [MESSAGE][INFO] - Smart Wait Function is triggered

2021-10-21 14:18:55 - [MESSAGE][INFO] - Found 5 web elements with id: 'Object Repository/Filtreler/Basliklar' located by 'By.cssSelector: .control-label.col-sm-4.paddingMarginRLC' in '10' second(s)

2021-10-21 14:18:55 - [MESSAGE][PASSED] - Method.TextDegerineEsitElementVarMi is PASSED

2021-10-21 14:18:55 - [MESSAGE][PASSED] - Call Test Case 'Test Cases/Filtreler/FiltreVarMi' successfully

2021-10-21 14:18:55 - [MESSAGE][INFO] - Checking called Test Case

2021-10-21 14:18:55 - [MESSAGE][INFO] - Starting to call Test Case 'Test Cases/Filtreler/ButonVarMi'

2021-10-21 14:18:55 - [TEST_CASE][PASSED] - Test Cases/Filtreler/ButonVarMi: Test Cases/Filtreler/ButonVarMi

2021-10-21 14:18:55 - [TEST_STEP][PASSED] - Method.TextDegerineEsitElementVarMi(findTestObject("Filtreler/Butonlar"), Filtre_Buton): Method.TextDegerineEsitElementVarMi is PASSED

2021-10-21 14:18:55 - [MESSAGE][INFO] - Finding Test Object 'Object Repository/Filtreler/Butonlar'

2021-10-21 14:18:55 - [MESSAGE][INFO] - Checking timeout

2021-10-21 14:18:55 - [MESSAGE][INFO] - Finding web element with id: 'Object Repository/Filtreler/Butonlar' located by 'By.cssSelector: .dxb>span' in '10' second(s)

2021-10-21 14:18:55 - [MESSAGE][INFO] - Smart Wait Function is triggered

2021-10-21 14:18:55 - [MESSAGE][INFO] - Found 3 web elements with id: 'Object Repository/Filtreler/Butonlar' located by 'By.cssSelector: .dxb>span' in '10' second(s)

2021-10-21 14:18:55 - [MESSAGE][PASSED] - Method.TextDegerineEsitElementVarMi is PASSED

2021-10-21 14:18:55 - [MESSAGE][PASSED] - Call Test Case 'Test Cases/Filtreler/ButonVarMi' successfully

2021-10-21 14:18:55 - [MESSAGE][INFO] - Checking called Test Case

2021-10-21 14:18:55 - [MESSAGE][INFO] - Starting to call Test Case 'Test Cases/Filtreler/ButonVarMi'

2021-10-21 14:18:55 - [TEST_CASE][PASSED] - Test Cases/Filtreler/ButonVarMi: Test Cases/Filtreler/ButonVarMi

2021-10-21 14:18:55 - [TEST_STEP][PASSED] - Method.TextDegerineEsitElementVarMi(findTestObject("Filtreler/Butonlar"), Filtre_Buton): Method.TextDegerineEsitElementVarMi is PASSED

2021-10-21 14:18:55 - [MESSAGE][INFO] - Finding Test Object 'Object Repository/Filtreler/Butonlar'

2021-10-21 14:18:55 - [MESSAGE][INFO] - Checking timeout

2021-10-21 14:18:55 - [MESSAGE][INFO] - Finding web element with id: 'Object Repository/Filtreler/Butonlar' located by 'By.cssSelector: .dxb>span' in '10' second(s)

2021-10-21 14:18:55 - [MESSAGE][INFO] - Smart Wait Function is triggered

2021-10-21 14:18:56 - [MESSAGE][INFO] - Found 3 web elements with id: 'Object Repository/Filtreler/Butonlar' located by 'By.cssSelector: .dxb>span' in '10' second(s)

2021-10-21 14:18:56 - [MESSAGE][PASSED] - Method.TextDegerineEsitElementVarMi is PASSED

2021-10-21 14:18:56 - [MESSAGE][PASSED] - Call Test Case 'Test Cases/Filtreler/ButonVarMi' successfully

2021-10-21 14:18:56 - [MESSAGE][INFO] - Checking called Test Case

2021-10-21 14:18:56 - [MESSAGE][INFO] - Starting to call Test Case 'Test Cases/Filtreler/ButonVarMi'

2021-10-21 14:18:56 - [TEST_CASE][PASSED] - Test Cases/Filtreler/ButonVarMi: Test Cases/Filtreler/ButonVarMi

2021-10-21 14:18:56 - [TEST_STEP][PASSED] - Method.TextDegerineEsitElementVarMi(findTestObject("Filtreler/Butonlar"), Filtre_Buton): Method.TextDegerineEsitElementVarMi is PASSED

2021-10-21 14:18:56 - [MESSAGE][INFO] - Finding Test Object 'Object Repository/Filtreler/Butonlar'

2021-10-21 14:18:56 - [MESSAGE][INFO] - Checking timeout

2021-10-21 14:18:56 - [MESSAGE][INFO] - Finding web element with id: 'Object Repository/Filtreler/Butonlar' located by 'By.cssSelector: .dxb>span' in '10' second(s)

2021-10-21 14:18:56 - [MESSAGE][INFO] - Smart Wait Function is triggered

2021-10-21 14:18:56 - [MESSAGE][INFO] - Found 3 web elements with id: 'Object Repository/Filtreler/Butonlar' located by 'By.cssSelector: .dxb>span' in '10' second(s)

2021-10-21 14:18:56 - [MESSAGE][PASSED] - Method.TextDegerineEsitElementVarMi is PASSED

2021-10-21 14:18:56 - [MESSAGE][PASSED] - Call Test Case 'Test Cases/Filtreler/ButonVarMi' successfully

2021-10-21 14:18:56 - [MESSAGE][INFO] - Checking called Test Case

2021-10-21 14:18:56 - [MESSAGE][INFO] - Starting to call Test Case 'Test Cases/Butonlar/ButonVarMi'

2021-10-21 14:18:56 - [TEST_CASE][PASSED] - Test Cases/Butonlar/ButonVarMi: Test Cases/Butonlar/ButonVarMi

2021-10-21 14:18:56 - [TEST_STEP][PASSED] - Method.TextDegerineEsitElementVarMi(findTestObject("Butonlar/Butonlar"), Buton): Method.TextDegerineEsitElementVarMi is PASSED

2021-10-21 14:18:56 - [MESSAGE][INFO] - Finding Test Object 'Object Repository/Butonlar/Butonlar'

2021-10-21 14:18:56 - [MESSAGE][INFO] - Checking timeout

2021-10-21 14:18:56 - [MESSAGE][INFO] - Finding web element with id: 'Object Repository/Butonlar/Butonlar' located by 'By.cssSelector: .panel.panel-default.text-center.footerPanel .btn,.btn.btn-primary.btnControls' in '10' second(s)

2021-10-21 14:18:56 - [MESSAGE][INFO] - Smart Wait Function is triggered

2021-10-21 14:18:57 - [MESSAGE][INFO] - Found 6 web elements with id: 'Object Repository/Butonlar/Butonlar' located by 'By.cssSelector: .panel.panel-default.text-center.footerPanel .btn,.btn.btn-primary.btnControls' in '10' second(s)

2021-10-21 14:18:57 - [MESSAGE][PASSED] - Method.TextDegerineEsitElementVarMi is PASSED

2021-10-21 14:18:57 - [MESSAGE][PASSED] - Call Test Case 'Test Cases/Butonlar/ButonVarMi' successfully

2021-10-21 14:18:57 - [MESSAGE][INFO] - Checking called Test Case

2021-10-21 14:18:57 - [MESSAGE][INFO] - Starting to call Test Case 'Test Cases/Butonlar/ButonVarMi'

2021-10-21 14:18:57 - [TEST_CASE][PASSED] - Test Cases/Butonlar/ButonVarMi: Test Cases/Butonlar/ButonVarMi

2021-10-21 14:18:57 - [TEST_STEP][PASSED] - Method.TextDegerineEsitElementVarMi(findTestObject("Butonlar/Butonlar"), Buton): Method.TextDegerineEsitElementVarMi is PASSED

2021-10-21 14:18:57 - [MESSAGE][INFO] - Finding Test Object 'Object Repository/Butonlar/Butonlar'

2021-10-21 14:18:57 - [MESSAGE][INFO] - Checking timeout

2021-10-21 14:18:57 - [MESSAGE][INFO] - Finding web element with id: 'Object Repository/Butonlar/Butonlar' located by 'By.cssSelector: .panel.panel-default.text-center.footerPanel .btn,.btn.btn-primary.btnControls' in '10' second(s)

2021-10-21 14:18:57 - [MESSAGE][INFO] - Smart Wait Function is triggered

2021-10-21 14:18:57 - [MESSAGE][INFO] - Found 6 web elements with id: 'Object Repository/Butonlar/Butonlar' located by 'By.cssSelector: .panel.panel-default.text-center.footerPanel .btn,.btn.btn-primary.btnControls' in '10' second(s)

2021-10-21 14:18:57 - [MESSAGE][PASSED] - Method.TextDegerineEsitElementVarMi is PASSED

2021-10-21 14:18:57 - [MESSAGE][PASSED] - Call Test Case 'Test Cases/Butonlar/ButonVarMi' successfully

2021-10-21 14:18:57 - [MESSAGE][INFO] - Checking called Test Case

2021-10-21 14:18:57 - [MESSAGE][INFO] - Starting to call Test Case 'Test Cases/Butonlar/ButonVarMi'

2021-10-21 14:18:57 - [TEST_CASE][PASSED] - Test Cases/Butonlar/ButonVarMi: Test Cases/Butonlar/ButonVarMi

2021-10-21 14:18:57 - [TEST_STEP][PASSED] - Method.TextDegerineEsitElementVarMi(findTestObject("Butonlar/Butonlar"), Buton): Method.TextDegerineEsitElementVarMi is PASSED

2021-10-21 14:18:57 - [MESSAGE][INFO] - Finding Test Object 'Object Repository/Butonlar/Butonlar'

2021-10-21 14:18:57 - [MESSAGE][INFO] - Checking timeout

2021-10-21 14:18:57 - [MESSAGE][INFO] - Finding web element with id: 'Object Repository/Butonlar/Butonlar' located by 'By.cssSelector: .panel.panel-default.text-center.footerPanel .btn,.btn.btn-primary.btnControls' in '10' second(s)

2021-10-21 14:18:57 - [MESSAGE][INFO] - Smart Wait Function is triggered

2021-10-21 14:18:58 - [MESSAGE][INFO] - Found 6 web elements with id: 'Object Repository/Butonlar/Butonlar' located by 'By.cssSelector: .panel.panel-default.text-center.footerPanel .btn,.btn.btn-primary.btnControls' in '10' second(s)

2021-10-21 14:18:58 - [MESSAGE][PASSED] - Method.TextDegerineEsitElementVarMi is PASSED

2021-10-21 14:18:58 - [MESSAGE][PASSED] - Call Test Case 'Test Cases/Butonlar/ButonVarMi' successfully

2021-10-21 14:18:58 - [MESSAGE][INFO] - Checking called Test Case

2021-10-21 14:18:58 - [MESSAGE][INFO] - Starting to call Test Case 'Test Cases/Butonlar/ButonVarMi'

2021-10-21 14:18:58 - [TEST_CASE][PASSED] - Test Cases/Butonlar/ButonVarMi: Test Cases/Butonlar/ButonVarMi

2021-10-21 14:18:58 - [TEST_STEP][PASSED] - Method.TextDegerineEsitElementVarMi(findTestObject("Butonlar/Butonlar"), Buton): Method.TextDegerineEsitElementVarMi is PASSED

2021-10-21 14:18:58 - [MESSAGE][INFO] - Finding Test Object 'Object Repository/Butonlar/Butonlar'

2021-10-21 14:18:58 - [MESSAGE][INFO] - Checking timeout

2021-10-21 14:18:58 - [MESSAGE][INFO] - Finding web element with id: 'Object Repository/Butonlar/Butonlar' located by 'By.cssSelector: .panel.panel-default.text-center.footerPanel .btn,.btn.btn-primary.btnControls' in '10' second(s)

2021-10-21 14:18:58 - [MESSAGE][INFO] - Smart Wait Function is triggered

2021-10-21 14:18:58 - [MESSAGE][INFO] - Found 6 web elements with id: 'Object Repository/Butonlar/Butonlar' located by 'By.cssSelector: .panel.panel-default.text-center.footerPanel .btn,.btn.btn-primary.btnControls' in '10' second(s)

2021-10-21 14:18:58 - [MESSAGE][PASSED] - Method.TextDegerineEsitElementVarMi is PASSED

2021-10-21 14:18:58 - [MESSAGE][PASSED] - Call Test Case 'Test Cases/Butonlar/ButonVarMi' successfully

2021-10-21 14:18:58 - [MESSAGE][INFO] - Checking called Test Case

2021-10-21 14:18:58 - [MESSAGE][INFO] - Starting to call Test Case 'Test Cases/Butonlar/ButonaTikla'

2021-10-21 14:18:58 - [TEST_CASE][PASSED] - Test Cases/Butonlar/ButonaTikla: Test Cases/Butonlar/ButonaTikla

2021-10-21 14:18:58 - [TEST_STEP][PASSED] - Method.TextDegerineEsitElementeTiklaEquals(findTestObject("Butonlar/Butonlar"), Buton_Adi): Method.TextDegerineEsitElementeTiklaEquals is PASSED

2021-10-21 14:18:58 - [MESSAGE][INFO] - Finding Test Object 'Object Repository/Butonlar/Butonlar'

2021-10-21 14:18:58 - [MESSAGE][INFO] - Checking timeout

2021-10-21 14:18:58 - [MESSAGE][INFO] - Finding web element with id: 'Object Repository/Butonlar/Butonlar' located by 'By.cssSelector: .panel.panel-default.text-center.footerPanel .btn,.btn.btn-primary.btnControls' in '10' second(s)

2021-10-21 14:18:58 - [MESSAGE][INFO] - Smart Wait Function is triggered

2021-10-21 14:18:59 - [MESSAGE][INFO] - Found 6 web elements with id: 'Object Repository/Butonlar/Butonlar' located by 'By.cssSelector: .panel.panel-default.text-center.footerPanel .btn,.btn.btn-primary.btnControls' in '10' second(s)

2021-10-21 14:18:59 - [MESSAGE][PASSED] - Method.TextDegerineEsitElementeTiklaEquals is PASSED

2021-10-21 14:18:59 - [MESSAGE][PASSED] - Call Test Case 'Test Cases/Butonlar/ButonaTikla' successfully

2021-10-21 14:18:59 - [MESSAGE][INFO] - Checking called Test Case

2021-10-21 14:18:59 - [MESSAGE][INFO] - Starting to call Test Case 'Test Cases/Butonlar/AltButonVarMi'

2021-10-21 14:18:59 - [TEST_CASE][PASSED] - Test Cases/Butonlar/AltButonVarMi: Test Cases/Butonlar/AltButonVarMi

2021-10-21 14:18:59 - [TEST_STEP][PASSED] - Method.TextDegerineEsitElementVarMi(findTestObject("Butonlar/AltButonlar"), AltButon): Method.TextDegerineEsitElementVarMi is PASSED

2021-10-21 14:18:59 - [MESSAGE][INFO] - Finding Test Object 'Object Repository/Butonlar/AltButonlar'

2021-10-21 14:18:59 - [MESSAGE][INFO] - Checking timeout

2021-10-21 14:18:59 - [MESSAGE][INFO] - Finding web element with id: 'Object Repository/Butonlar/AltButonlar' located by 'By.cssSelector: .btn-group.open li>a' in '10' second(s)

2021-10-21 14:18:59 - [MESSAGE][INFO] - Smart Wait Function is triggered

2021-10-21 14:18:59 - [MESSAGE][INFO] - Found 2 web elements with id: 'Object Repository/Butonlar/AltButonlar' located by 'By.cssSelector: .btn-group.open li>a' in '10' second(s)

2021-10-21 14:18:59 - [MESSAGE][PASSED] - Method.TextDegerineEsitElementVarMi is PASSED

2021-10-21 14:18:59 - [MESSAGE][PASSED] - Call Test Case 'Test Cases/Butonlar/AltButonVarMi' successfully

2021-10-21 14:18:59 - [MESSAGE][INFO] - Checking called Test Case

2021-10-21 14:18:59 - [MESSAGE][INFO] - Starting to call Test Case 'Test Cases/Butonlar/AltButonVarMi'

2021-10-21 14:18:59 - [TEST_CASE][PASSED] - Test Cases/Butonlar/AltButonVarMi: Test Cases/Butonlar/AltButonVarMi

2021-10-21 14:18:59 - [TEST_STEP][PASSED] - Method.TextDegerineEsitElementVarMi(findTestObject("Butonlar/AltButonlar"), AltButon): Method.TextDegerineEsitElementVarMi is PASSED

2021-10-21 14:18:59 - [MESSAGE][INFO] - Finding Test Object 'Object Repository/Butonlar/AltButonlar'

2021-10-21 14:18:59 - [MESSAGE][INFO] - Checking timeout

2021-10-21 14:18:59 - [MESSAGE][INFO] - Finding web element with id: 'Object Repository/Butonlar/AltButonlar' located by 'By.cssSelector: .btn-group.open li>a' in '10' second(s)

2021-10-21 14:18:59 - [MESSAGE][INFO] - Smart Wait Function is triggered

2021-10-21 14:19:00 - [MESSAGE][INFO] - Found 2 web elements with id: 'Object Repository/Butonlar/AltButonlar' located by 'By.cssSelector: .btn-group.open li>a' in '10' second(s)

2021-10-21 14:19:00 - [MESSAGE][PASSED] - Method.TextDegerineEsitElementVarMi is PASSED

2021-10-21 14:19:00 - [MESSAGE][PASSED] - Call Test Case 'Test Cases/Butonlar/AltButonVarMi' successfully

2021-10-21 14:19:00 - [MESSAGE][INFO] - Checking called Test Case

2021-10-21 14:19:00 - [MESSAGE][INFO] - Starting to call Test Case 'Test Cases/Kullanici_Islemleri/KullaniciIslemlerindenSecimYapilir'

2021-10-21 14:19:00 - [TEST_CASE][PASSED] - Test Cases/Kullanici_Islemleri/KullaniciIslemlerindenSecimYapilir: Test Cases/Kullanici_Islemleri/KullaniciIslemlerindenSecimYapilir

2021-10-21 14:19:00 - [TEST_STEP][PASSED] - waitForElementClickable(findTestObject("Object Repository/Kullanici_Islemleri/KullaniciIslemleri"), 10): Object 'Object Repository/Kullanici_Islemleri/KullaniciIslemleri' is clickable

2021-10-21 14:19:00 - [MESSAGE][INFO] - Finding Test Object 'Object Repository/Kullanici_Islemleri/KullaniciIslemleri'

2021-10-21 14:19:00 - [MESSAGE][INFO] - Checking object

2021-10-21 14:19:00 - [MESSAGE][INFO] - Checking timeout

2021-10-21 14:19:00 - [MESSAGE][INFO] - Finding web element from Test Object's properties

2021-10-21 14:19:00 - [MESSAGE][INFO] - Checking timeout

2021-10-21 14:19:00 - [MESSAGE][INFO] - Finding web element with id: 'Object Repository/Kullanici_Islemleri/KullaniciIslemleri' located by 'By.cssSelector: .dropdown>a>img' in '10' second(s)

2021-10-21 14:19:00 - [MESSAGE][INFO] - Smart Wait Function is triggered

2021-10-21 14:19:00 - [MESSAGE][INFO] - Found 1 web elements with id: 'Object Repository/Kullanici_Islemleri/KullaniciIslemleri' located by 'By.cssSelector: .dropdown>a>img' in '10' second(s)

2021-10-21 14:19:00 - [MESSAGE][PASSED] - Object 'Object Repository/Kullanici_Islemleri/KullaniciIslemleri' is clickable

2021-10-21 14:19:00 - [TEST_STEP][PASSED] - click(findTestObject("Object Repository/Kullanici_Islemleri/KullaniciIslemleri")): Object: 'Object Repository/Kullanici_Islemleri/KullaniciIslemleri' is clicked on

2021-10-21 14:19:00 - [MESSAGE][INFO] - Finding Test Object 'Object Repository/Kullanici_Islemleri/KullaniciIslemleri'

2021-10-21 14:19:00 - [MESSAGE][INFO] - Checking object

2021-10-21 14:19:00 - [MESSAGE][INFO] - Finding web element from Test Object's properties

2021-10-21 14:19:00 - [MESSAGE][INFO] - Checking timeout

2021-10-21 14:19:00 - [MESSAGE][INFO] - Finding web element with id: 'Object Repository/Kullanici_Islemleri/KullaniciIslemleri' located by 'By.cssSelector: .dropdown>a>img' in '30' second(s)

2021-10-21 14:19:00 - [MESSAGE][INFO] - Smart Wait Function is triggered

2021-10-21 14:19:01 - [MESSAGE][INFO] - Found 1 web elements with id: 'Object Repository/Kullanici_Islemleri/KullaniciIslemleri' located by 'By.cssSelector: .dropdown>a>img' in '30' second(s)

2021-10-21 14:19:01 - [MESSAGE][INFO] - Clicking on object: 'Object Repository/Kullanici_Islemleri/KullaniciIslemleri'

2021-10-21 14:19:01 - [MESSAGE][PASSED] - Object: 'Object Repository/Kullanici_Islemleri/KullaniciIslemleri' is clicked on

2021-10-21 14:19:01 - [TEST_STEP][PASSED] - Method.TextDegerineEsitElementeTikla(findTestObject("Object Repository/Kullanici_Islemleri/Secenekler"), Islem): Method.TextDegerineEsitElementeTikla is PASSED

2021-10-21 14:19:01 - [MESSAGE][INFO] - Finding Test Object 'Object Repository/Kullanici_Islemleri/Secenekler'

2021-10-21 14:19:01 - [MESSAGE][INFO] - Checking timeout

2021-10-21 14:19:01 - [MESSAGE][INFO] - Finding web element with id: 'Object Repository/Kullanici_Islemleri/Secenekler' located by 'By.cssSelector: .nav.navbar-nav.navbar-right li a' in '10' second(s)

2021-10-21 14:19:01 - [MESSAGE][INFO] - Smart Wait Function is triggered

2021-10-21 14:19:01 - [MESSAGE][INFO] - Found 22 web elements with id: 'Object Repository/Kullanici_Islemleri/Secenekler' located by 'By.cssSelector: .nav.navbar-nav.navbar-right li a' in '10' second(s)

2021-10-21 14:19:03 - [MESSAGE][PASSED] - Method.TextDegerineEsitElementeTikla is PASSED

2021-10-21 14:19:03 - [TEST_STEP][PASSED] - verifyElementNotPresent(findTestObject("Object Repository/Kullanici_Islemleri/Secenekler"), 10): Web element with id: 'Object Repository/Kullanici_Islemleri/Secenekler' located by 'By.cssSelector: .nav.navbar-nav.navbar-right li a' is not present after '10' second(s)

2021-10-21 14:19:03 - [MESSAGE][INFO] - Finding Test Object 'Object Repository/Kullanici_Islemleri/Secenekler'

2021-10-21 14:19:03 - [MESSAGE][INFO] - Checking object

2021-10-21 14:19:03 - [MESSAGE][INFO] - Checking timeout

2021-10-21 14:19:03 - [MESSAGE][INFO] - Finding web element with id: 'Object Repository/Kullanici_Islemleri/Secenekler' located by 'By.cssSelector: .nav.navbar-nav.navbar-right li a' in '10' second(s)

2021-10-21 14:19:03 - [MESSAGE][INFO] - Smart Wait Function is triggered

2021-10-21 14:19:04 - [MESSAGE][PASSED] - Web element with id: 'Object Repository/Kullanici_Islemleri/Secenekler' located by 'By.cssSelector: .nav.navbar-nav.navbar-right li a' is not present after '10' second(s)

2021-10-21 14:19:04 - [MESSAGE][PASSED] - Call Test Case 'Test Cases/Kullanici_Islemleri/KullaniciIslemlerindenSecimYapilir' successfully

2021-10-21 14:19:04 - [TEST_CASE][PASSED] - Start Test Case : SCENARIO e-Serbest Meslek Makbuz Raporlari Buton Kontrolu: SCENARIO e-Serbest Meslek Makbuz Raporlari Buton Kontrolu

2021-10-21 14:19:04 - [TEST_STEP][PASSED] - Kullanıcı adı ELOGO6 ve Şifre 123456 olarak giriş yapılır: Kullanıcı adı ELOGO6 ve Şifre 123456 olarak giriş yapılır

2021-10-21 14:19:04 - [MESSAGE][PASSED] - Kullanıcı adı ELOGO6 ve Şifre 123456 olarak giriş yapılır

2021-10-21 14:19:04 - [TEST_STEP][PASSED] - Ana menüden e-Makbuz seçilir: Ana menüden e-Makbuz seçilir

2021-10-21 14:19:04 - [MESSAGE][PASSED] - Ana menüden e-Makbuz seçilir

2021-10-21 14:19:04 - [TEST_STEP][PASSED] - Alt menü e-Serbest Meslek Uygulaması başlığı altındaki e-Serbest Meslek Makbuz Raporları seçilir: Alt menü e-Serbest Meslek Uygulaması başlığı altındaki e-Serbest Meslek Makbuz Raporları seçilir

2021-10-21 14:19:04 - [MESSAGE][PASSED] - Alt menü e-Serbest Meslek Uygulaması başlığı altındaki e-Serbest Meslek Makbuz Raporları seçilir

2021-10-21 14:19:04 - [TEST_STEP][PASSED] - Filtrelerden Dönem Tarihi filtresine 2021 Ocak dropdowndan degeri seçilir: Filtrelerden Dönem Tarihi filtresine 2021 Ocak dropdowndan degeri seçilir

2021-10-21 14:19:04 - [MESSAGE][PASSED] - Filtrelerden Dönem Tarihi filtresine 2021 Ocak dropdowndan degeri seçilir

2021-10-21 14:19:04 - [TEST_STEP][PASSED] - Filtrelerden Bölüm Tarihi filtresine 11.01.2021 baslangic degerini yaz: Filtrelerden Bölüm Tarihi filtresine 11.01.2021 baslangic degerini yaz

2021-10-21 14:19:04 - [MESSAGE][PASSED] - Filtrelerden Bölüm Tarihi filtresine 11.01.2021 baslangic degerini yaz

2021-10-21 14:19:04 - [TEST_STEP][PASSED] - Filtrelerden Bölüm Tarihi filtresine 11.01.2021 bitis degerini yaz: Filtrelerden Bölüm Tarihi filtresine 11.01.2021 bitis degerini yaz

2021-10-21 14:19:04 - [MESSAGE][PASSED] - Filtrelerden Bölüm Tarihi filtresine 11.01.2021 bitis degerini yaz

2021-10-21 14:19:04 - [TEST_STEP][PASSED] - Filtre butonlarından Listele seçilir: Filtre butonlarından Listele seçilir

2021-10-21 14:19:04 - [MESSAGE][PASSED] - Filtre butonlarından Listele seçilir

2021-10-21 14:19:04 - [TEST_STEP][PASSED] - Tablodan 1659 isimli verinin detayı tıklanır: Tablodan 1659 isimli verinin detayı tıklanır

2021-10-21 14:19:04 - [MESSAGE][PASSED] - Tablodan 1659 isimli verinin detayı tıklanır

2021-10-21 14:19:04 - [TEST_STEP][PASSED] - Tablodan 1659 isimli verinin detayı tıklanır: Tablodan 1659 isimli verinin detayı tıklanır

2021-10-21 14:19:04 - [MESSAGE][PASSED] - Tablodan 1659 isimli verinin detayı tıklanır

2021-10-21 14:19:04 - [TEST_STEP][PASSED] - Filtre alanlarında Dönem Tarihi var mı: Filtre alanlarında Dönem Tarihi var mı

2021-10-21 14:19:04 - [MESSAGE][PASSED] - Filtre alanlarında Dönem Tarihi var mı

2021-10-21 14:19:04 - [TEST_STEP][PASSED] - Filtre alanlarında Bölüm Tarihi var mı: Filtre alanlarında Bölüm Tarihi var mı

2021-10-21 14:19:04 - [MESSAGE][PASSED] - Filtre alanlarında Bölüm Tarihi var mı

2021-10-21 14:19:04 - [TEST_STEP][PASSED] - Filtre alanlarında ETTN var mı: Filtre alanlarında ETTN var mı

2021-10-21 14:19:04 - [MESSAGE][PASSED] - Filtre alanlarında ETTN var mı

2021-10-21 14:19:04 - [TEST_STEP][PASSED] - Filtre alanlarında Rapor No var mı: Filtre alanlarında Rapor No var mı

2021-10-21 14:19:04 - [MESSAGE][PASSED] - Filtre alanlarında Rapor No var mı

2021-10-21 14:19:04 - [TEST_STEP][PASSED] - Filtre alanlarında Durum var mı: Filtre alanlarında Durum var mı

2021-10-21 14:19:04 - [MESSAGE][PASSED] - Filtre alanlarında Durum var mı

2021-10-21 14:19:04 - [TEST_STEP][PASSED] - Filtre butonlarında Filtreleri Kaydet var mı: Filtre butonlarında Filtreleri Kaydet var mı

2021-10-21 14:19:04 - [MESSAGE][PASSED] - Filtre butonlarında Filtreleri Kaydet var mı

2021-10-21 14:19:04 - [TEST_STEP][PASSED] - Filtre butonlarında Listele var mı: Filtre butonlarında Listele var mı

2021-10-21 14:19:04 - [MESSAGE][PASSED] - Filtre butonlarında Listele var mı

2021-10-21 14:19:04 - [TEST_STEP][PASSED] - Filtre butonlarında Temizle var mı: Filtre butonlarında Temizle var mı

2021-10-21 14:19:04 - [MESSAGE][PASSED] - Filtre butonlarında Temizle var mı

2021-10-21 14:19:04 - [TEST_STEP][PASSED] - Butonlardan Excel var mı: Butonlardan Excel var mı

2021-10-21 14:19:04 - [MESSAGE][PASSED] - Butonlardan Excel var mı

2021-10-21 14:19:04 - [TEST_STEP][PASSED] - Butonlardan XML var mı: Butonlardan XML var mı

2021-10-21 14:19:04 - [MESSAGE][PASSED] - Butonlardan XML var mı

2021-10-21 14:19:04 - [TEST_STEP][PASSED] - Butonlardan Rapor var mı: Butonlardan Rapor var mı

2021-10-21 14:19:04 - [MESSAGE][PASSED] - Butonlardan Rapor var mı

2021-10-21 14:19:04 - [TEST_STEP][PASSED] - Butonlardan İzleme Kayıtları var mı: Butonlardan İzleme Kayıtları var mı

2021-10-21 14:19:04 - [MESSAGE][PASSED] - Butonlardan İzleme Kayıtları var mı

2021-10-21 14:19:04 - [TEST_STEP][PASSED] - Butonlardan Excel isimli butona tıklanır: Butonlardan Excel isimli butona tıklanır

2021-10-21 14:19:04 - [MESSAGE][PASSED] - Butonlardan Excel isimli butona tıklanır

2021-10-21 14:19:04 - [TEST_STEP][PASSED] - Alt butonlardan Excel 'e Aktar var mı: Alt butonlardan Excel 'e Aktar var mı

2021-10-21 14:19:04 - [MESSAGE][PASSED] - Alt butonlardan Excel 'e Aktar var mı

2021-10-21 14:19:04 - [TEST_STEP][PASSED] - Alt butonlardan Tümünü Excel 'e Aktar var mı: Alt butonlardan Tümünü Excel 'e Aktar var mı

2021-10-21 14:19:04 - [MESSAGE][PASSED] - Alt butonlardan Tümünü Excel 'e Aktar var mı

2021-10-21 14:19:04 - [TEST_STEP][PASSED] - Kullanıcı işlemlerinden Çıkış seçilir: Kullanıcı işlemlerinden Çıkış seçilir

2021-10-21 14:19:04 - [MESSAGE][PASSED] - Kullanıcı işlemlerinden Çıkış seçilir

2021-10-21 14:19:04 - [MESSAGE][PASSED] - Feature file: 'Include/features/e-Makbuz/e-Serbest Meslek Uygulaması/e-Serbest Meslek Makbuz Raporlari/Ekran Kontrolu.feature' was passed

2021-10-21 14:19:04 - [TEST_STEP][PASSED] - Start listener action : sampleAfterTestSuite: Invoke 'com.kms.katalon.core.annotation.AfterTestCase' method: 'Listener.sampleAfterTestSuite(...)' completed.

2021-10-21 14:19:04 - [MESSAGE][INFO] - Starting invoke 'com.kms.katalon.core.annotation.AfterTestCase' method: 'Listener.sampleAfterTestSuite(...)'

2021-10-21 14:19:04 - [TEST_STEP][PASSED] - closeBrowser(): Invoke 'com.kms.katalon.core.annotation.AfterTestCase' method: 'Listener.sampleAfterTestSuite(...)' completed.

2021-10-21 14:19:04 - [MESSAGE][INFO] - Closing browser

2021-10-21 14:19:04 - [MESSAGE][PASSED] - Browser is closed

2021-10-21 14:19:04 - [MESSAGE][INFO] - Invoke 'com.kms.katalon.core.annotation.AfterTestCase' method: 'Listener.sampleAfterTestSuite(...)' completed.]]></system-out>
         <system-err><![CDATA[]]></system-err>
      </testcase>
      <testcase name="Test Cases/Case Repository/e-Makbuz/e-Serbest Meslek Uygulamasi/e-Serbest Meslek Makbuz Raporlari/GIBe Gonder" time="36.096" classname="Test Cases/Case Repository/e-Makbuz/e-Serbest Meslek Uygulamasi/e-Serbest Meslek Makbuz Raporlari/GIBe Gonder" status="PASSED">
         <system-out><![CDATA[2021-10-21 14:19:04 - [TEST_CASE][PASSED] - Test Cases/Case Repository/e-Makbuz/e-Serbest Meslek Uygulamasi/e-Serbest Meslek Makbuz Raporlari/GIBe Gonder: Test Cases/Case Repository/e-Makbuz/e-Serbest Meslek Uygulamasi/e-Serbest Meslek Makbuz Raporlari/GIBe Gonder

2021-10-21 14:19:05 - [TEST_STEP][PASSED] - Start listener action : sampleBeforeTestSuite: Invoke 'com.kms.katalon.core.annotation.BeforeTestCase' method: 'Listener.sampleBeforeTestSuite(...)' completed.

2021-10-21 14:19:05 - [MESSAGE][INFO] - Starting invoke 'com.kms.katalon.core.annotation.BeforeTestCase' method: 'Listener.sampleBeforeTestSuite(...)'

2021-10-21 14:19:05 - [TEST_STEP][PASSED] - openBrowser(baseUrl): Browser is opened with url: 'https://efatura-stage.elogo.com.tr/'

2021-10-21 14:19:05 - [MESSAGE][INFO] - Opening browser

2021-10-21 14:19:05 - [MESSAGE][INFO] - Starting 'Chrome' driver

2021-10-21 14:19:05 - [MESSAGE][INFO] - User set preference: ['prefs', '{download.default_directory=C:\otomasyondownfiles}']

2021-10-21 14:19:05 - [MESSAGE][INFO] - Action delay is set to 0 milliseconds

2021-10-21 14:19:06 - [MESSAGE][INFO] - Navigating browser to: 'https://efatura-stage.elogo.com.tr/'

2021-10-21 14:19:09 - [MESSAGE][PASSED] - Browser is opened with url: 'https://efatura-stage.elogo.com.tr/'

2021-10-21 14:19:09 - [TEST_STEP][PASSED] - maximizeWindow(): Invoke 'com.kms.katalon.core.annotation.BeforeTestCase' method: 'Listener.sampleBeforeTestSuite(...)' completed.

2021-10-21 14:19:09 - [MESSAGE][INFO] - Maximizing current window

2021-10-21 14:19:09 - [MESSAGE][PASSED] - Current window maximized

2021-10-21 14:19:09 - [MESSAGE][INFO] - Invoke 'com.kms.katalon.core.annotation.BeforeTestCase' method: 'Listener.sampleBeforeTestSuite(...)' completed.

2021-10-21 14:19:09 - [TEST_STEP][PASSED] - runFeatureFile("Include/features/e-Makbuz/e-Serbest Meslek Uygulaması/e-Serbest Meslek Makbuz Raporlari/GIBe Gonder.feature"): Feature file: 'Include/features/e-Makbuz/e-Serbest Meslek Uygulaması/e-Serbest Meslek Makbuz Raporlari/GIBe Gonder.feature' was passed

2021-10-21 14:19:09 - [MESSAGE][INFO] - Starting run keyword runFeatureFile: 'Include/features/e-Makbuz/e-Serbest Meslek Uygulaması/e-Serbest Meslek Makbuz Raporlari/GIBe Gonder.feature' and extract report to folder: 'C:\Users\DELL\Downloads\EES_Katalon-main\Reports\20211021_140437\Suite Repository\e-Makbuz\20211021_140511/cucumber_report/1634815149966'...

2021-10-21 14:19:09 - [MESSAGE][INFO] - Glue: []

2021-10-21 14:19:11 - [MESSAGE][INFO] - Checking called Test Case

2021-10-21 14:19:11 - [MESSAGE][INFO] - Starting to call Test Case 'Test Cases/Sayfalar/Giris_Sayfasi/Login'

2021-10-21 14:19:11 - [TEST_CASE][PASSED] - Test Cases/Sayfalar/Giris_Sayfasi/Login: Test Cases/Sayfalar/Giris_Sayfasi/Login

2021-10-21 14:19:11 - [TEST_STEP][PASSED] - Sayfa_Basligi = getWindowTitle(): Current window's title is: 'LOGO e-Fatura'

2021-10-21 14:19:11 - [MESSAGE][INFO] - Getting current window's title

2021-10-21 14:19:11 - [MESSAGE][PASSED] - Current window's title is: 'LOGO e-Fatura'

2021-10-21 14:19:11 - [TEST_STEP][PASSED] - verifyMatch(Sayfa_Basligi, "LOGO e-Fatura", false): Actual text 'LOGO e-Fatura' and expected text 'LOGO e-Fatura' are matched 

2021-10-21 14:19:11 - [MESSAGE][INFO] - Matching actual text 'LOGO e-Fatura' with expected text 'LOGO e-Fatura'

2021-10-21 14:19:11 - [MESSAGE][PASSED] - Actual text 'LOGO e-Fatura' and expected text 'LOGO e-Fatura' are matched 

2021-10-21 14:19:11 - [TEST_STEP][PASSED] - sendKeys(findTestObject("Sayfalar/Giris_Sayfasi/Firma_Kodu"), KullaniciAdi): Keys 'ELOGO6' sent to object: 'Object Repository/Sayfalar/Giris_Sayfasi/Firma_Kodu'

2021-10-21 14:19:11 - [MESSAGE][INFO] - Finding Test Object 'Object Repository/Sayfalar/Giris_Sayfasi/Firma_Kodu'

2021-10-21 14:19:11 - [MESSAGE][INFO] - Sending keys 'ELOGO6' to object: 'Object Repository/Sayfalar/Giris_Sayfasi/Firma_Kodu'

2021-10-21 14:19:11 - [MESSAGE][INFO] - Finding web element from Test Object's properties

2021-10-21 14:19:11 - [MESSAGE][INFO] - Checking timeout

2021-10-21 14:19:11 - [MESSAGE][INFO] - Finding web element with id: 'Object Repository/Sayfalar/Giris_Sayfasi/Firma_Kodu' located by 'By.xpath: //*[@id = 'AccountName']' in '30' second(s)

2021-10-21 14:19:11 - [MESSAGE][INFO] - Smart Wait Function is triggered

2021-10-21 14:19:11 - [MESSAGE][INFO] - Found 1 web elements with id: 'Object Repository/Sayfalar/Giris_Sayfasi/Firma_Kodu' located by 'By.xpath: //*[@id = 'AccountName']' in '30' second(s)

2021-10-21 14:19:11 - [MESSAGE][PASSED] - Keys 'ELOGO6' sent to object: 'Object Repository/Sayfalar/Giris_Sayfasi/Firma_Kodu'

2021-10-21 14:19:11 - [TEST_STEP][PASSED] - sendKeys(findTestObject("Sayfalar/Giris_Sayfasi/Sifre"), Sifre): Keys '123456' sent to object: 'Object Repository/Sayfalar/Giris_Sayfasi/Sifre'

2021-10-21 14:19:11 - [MESSAGE][INFO] - Finding Test Object 'Object Repository/Sayfalar/Giris_Sayfasi/Sifre'

2021-10-21 14:19:11 - [MESSAGE][INFO] - Sending keys '123456' to object: 'Object Repository/Sayfalar/Giris_Sayfasi/Sifre'

2021-10-21 14:19:11 - [MESSAGE][INFO] - Finding web element from Test Object's properties

2021-10-21 14:19:11 - [MESSAGE][INFO] - Checking timeout

2021-10-21 14:19:11 - [MESSAGE][INFO] - Finding web element with id: 'Object Repository/Sayfalar/Giris_Sayfasi/Sifre' located by 'By.xpath: //*[@id = 'Password']' in '30' second(s)

2021-10-21 14:19:11 - [MESSAGE][INFO] - Smart Wait Function is triggered

2021-10-21 14:19:12 - [MESSAGE][INFO] - Found 1 web elements with id: 'Object Repository/Sayfalar/Giris_Sayfasi/Sifre' located by 'By.xpath: //*[@id = 'Password']' in '30' second(s)

2021-10-21 14:19:12 - [MESSAGE][PASSED] - Keys '123456' sent to object: 'Object Repository/Sayfalar/Giris_Sayfasi/Sifre'

2021-10-21 14:19:12 - [TEST_STEP][PASSED] - findWebElement(findTestObject("Sayfalar/Giris_Sayfasi/Giris_Butonu")).click(): Found 1 web elements with id: 'Object Repository/Sayfalar/Giris_Sayfasi/Giris_Butonu' located by 'By.cssSelector: #btnLogin' in '30' second(s)

2021-10-21 14:19:12 - [MESSAGE][INFO] - Finding Test Object 'Object Repository/Sayfalar/Giris_Sayfasi/Giris_Butonu'

2021-10-21 14:19:12 - [MESSAGE][INFO] - Finding web element from Test Object's properties

2021-10-21 14:19:12 - [MESSAGE][INFO] - Checking timeout

2021-10-21 14:19:12 - [MESSAGE][INFO] - Finding web element with id: 'Object Repository/Sayfalar/Giris_Sayfasi/Giris_Butonu' located by 'By.cssSelector: #btnLogin' in '30' second(s)

2021-10-21 14:19:12 - [MESSAGE][INFO] - Smart Wait Function is triggered

2021-10-21 14:19:12 - [MESSAGE][INFO] - Found 1 web elements with id: 'Object Repository/Sayfalar/Giris_Sayfasi/Giris_Butonu' located by 'By.cssSelector: #btnLogin' in '30' second(s)

2021-10-21 14:19:15 - [TEST_STEP][PASSED] - if (verifyElementPresent(findTestObject("Object Repository/Sayfalar/Giris_Sayfasi/RetveTamam_Butonu"), 5, OPTIONAL)): null

2021-10-21 14:19:15 - [MESSAGE][INFO] - Finding Test Object 'Object Repository/Sayfalar/Giris_Sayfasi/RetveTamam_Butonu'

2021-10-21 14:19:15 - [MESSAGE][INFO] - Checking object

2021-10-21 14:19:15 - [MESSAGE][INFO] - Finding web element from Test Object's properties

2021-10-21 14:19:15 - [MESSAGE][INFO] - Checking timeout

2021-10-21 14:19:15 - [MESSAGE][INFO] - Finding web element with id: 'Object Repository/Sayfalar/Giris_Sayfasi/RetveTamam_Butonu' located by 'By.xpath: //*[@class = 'btn btn-default']' in '5' second(s)

2021-10-21 14:19:15 - [MESSAGE][INFO] - Smart Wait Function is triggered

2021-10-21 14:19:15 - [MESSAGE][INFO] - Found 1 web elements with id: 'Object Repository/Sayfalar/Giris_Sayfasi/RetveTamam_Butonu' located by 'By.xpath: //*[@class = 'btn btn-default']' in '5' second(s)

2021-10-21 14:19:15 - [MESSAGE][PASSED] - Object 'Object Repository/Sayfalar/Giris_Sayfasi/RetveTamam_Butonu' is present

2021-10-21 14:19:15 - [TEST_STEP][PASSED] - click(findTestObject("Object Repository/Sayfalar/Giris_Sayfasi/RetveTamam_Butonu")): Object: 'Object Repository/Sayfalar/Giris_Sayfasi/RetveTamam_Butonu' is clicked on

2021-10-21 14:19:15 - [MESSAGE][INFO] - Finding Test Object 'Object Repository/Sayfalar/Giris_Sayfasi/RetveTamam_Butonu'

2021-10-21 14:19:16 - [MESSAGE][INFO] - Checking object

2021-10-21 14:19:16 - [MESSAGE][INFO] - Finding web element from Test Object's properties

2021-10-21 14:19:16 - [MESSAGE][INFO] - Checking timeout

2021-10-21 14:19:16 - [MESSAGE][INFO] - Finding web element with id: 'Object Repository/Sayfalar/Giris_Sayfasi/RetveTamam_Butonu' located by 'By.xpath: //*[@class = 'btn btn-default']' in '30' second(s)

2021-10-21 14:19:16 - [MESSAGE][INFO] - Smart Wait Function is triggered

2021-10-21 14:19:16 - [MESSAGE][INFO] - Found 1 web elements with id: 'Object Repository/Sayfalar/Giris_Sayfasi/RetveTamam_Butonu' located by 'By.xpath: //*[@class = 'btn btn-default']' in '30' second(s)

2021-10-21 14:19:16 - [MESSAGE][INFO] - Clicking on object: 'Object Repository/Sayfalar/Giris_Sayfasi/RetveTamam_Butonu'

2021-10-21 14:19:16 - [MESSAGE][PASSED] - Object: 'Object Repository/Sayfalar/Giris_Sayfasi/RetveTamam_Butonu' is clicked on

2021-10-21 14:19:16 - [TEST_STEP][PASSED] - click(findTestObject("Object Repository/Sayfalar/Giris_Sayfasi/RetveTamam_Butonu")): Object: 'Object Repository/Sayfalar/Giris_Sayfasi/RetveTamam_Butonu' is clicked on

2021-10-21 14:19:16 - [MESSAGE][INFO] - Finding Test Object 'Object Repository/Sayfalar/Giris_Sayfasi/RetveTamam_Butonu'

2021-10-21 14:19:16 - [MESSAGE][INFO] - Checking object

2021-10-21 14:19:16 - [MESSAGE][INFO] - Finding web element from Test Object's properties

2021-10-21 14:19:16 - [MESSAGE][INFO] - Checking timeout

2021-10-21 14:19:16 - [MESSAGE][INFO] - Finding web element with id: 'Object Repository/Sayfalar/Giris_Sayfasi/RetveTamam_Butonu' located by 'By.xpath: //*[@class = 'btn btn-default']' in '30' second(s)

2021-10-21 14:19:16 - [MESSAGE][INFO] - Smart Wait Function is triggered

2021-10-21 14:19:18 - [MESSAGE][INFO] - Found 1 web elements with id: 'Object Repository/Sayfalar/Giris_Sayfasi/RetveTamam_Butonu' located by 'By.xpath: //*[@class = 'btn btn-default']' in '30' second(s)

2021-10-21 14:19:18 - [MESSAGE][INFO] - Clicking on object: 'Object Repository/Sayfalar/Giris_Sayfasi/RetveTamam_Butonu'

2021-10-21 14:19:18 - [MESSAGE][PASSED] - Object: 'Object Repository/Sayfalar/Giris_Sayfasi/RetveTamam_Butonu' is clicked on

2021-10-21 14:19:18 - [TEST_STEP][PASSED] - if (verifyElementPresent(findTestObject("Sayfalar/Giris_Sayfasi/PopupOK"), 5, OPTIONAL)): null

2021-10-21 14:19:18 - [MESSAGE][INFO] - Finding Test Object 'Object Repository/Sayfalar/Giris_Sayfasi/PopupOK'

2021-10-21 14:19:18 - [MESSAGE][INFO] - Checking object

2021-10-21 14:19:18 - [MESSAGE][INFO] - Finding web element from Test Object's properties

2021-10-21 14:19:18 - [MESSAGE][INFO] - Checking timeout

2021-10-21 14:19:18 - [MESSAGE][INFO] - Finding web element with id: 'Object Repository/Sayfalar/Giris_Sayfasi/PopupOK' located by 'By.cssSelector: .btn.btn-success' in '5' second(s)

2021-10-21 14:19:18 - [MESSAGE][INFO] - Smart Wait Function is triggered

2021-10-21 14:19:19 - [MESSAGE][INFO] - Found 1 web elements with id: 'Object Repository/Sayfalar/Giris_Sayfasi/PopupOK' located by 'By.cssSelector: .btn.btn-success' in '5' second(s)

2021-10-21 14:19:19 - [MESSAGE][PASSED] - Object 'Object Repository/Sayfalar/Giris_Sayfasi/PopupOK' is present

2021-10-21 14:19:19 - [TEST_STEP][PASSED] - click(findTestObject("Object Repository/Sayfalar/Giris_Sayfasi/PopupCarpiGiris")): Object: 'Object Repository/Sayfalar/Giris_Sayfasi/PopupCarpiGiris' is clicked on

2021-10-21 14:19:19 - [MESSAGE][INFO] - Finding Test Object 'Object Repository/Sayfalar/Giris_Sayfasi/PopupCarpiGiris'

2021-10-21 14:19:19 - [MESSAGE][INFO] - Checking object

2021-10-21 14:19:19 - [MESSAGE][INFO] - Finding web element from Test Object's properties

2021-10-21 14:19:19 - [MESSAGE][INFO] - Checking timeout

2021-10-21 14:19:19 - [MESSAGE][INFO] - Finding web element with id: 'Object Repository/Sayfalar/Giris_Sayfasi/PopupCarpiGiris' located by 'By.cssSelector: .bootbox-close-button.close' in '30' second(s)

2021-10-21 14:19:19 - [MESSAGE][INFO] - Smart Wait Function is triggered

2021-10-21 14:19:19 - [MESSAGE][INFO] - Found 1 web elements with id: 'Object Repository/Sayfalar/Giris_Sayfasi/PopupCarpiGiris' located by 'By.cssSelector: .bootbox-close-button.close' in '30' second(s)

2021-10-21 14:19:19 - [MESSAGE][INFO] - Clicking on object: 'Object Repository/Sayfalar/Giris_Sayfasi/PopupCarpiGiris'

2021-10-21 14:19:19 - [MESSAGE][PASSED] - Object: 'Object Repository/Sayfalar/Giris_Sayfasi/PopupCarpiGiris' is clicked on

2021-10-21 14:19:19 - [TEST_STEP][PASSED] - verifyElementVisible(findTestObject("Object Repository/Kullanici_Islemleri/KullaniciIslemleri")): Object 'Object Repository/Kullanici_Islemleri/KullaniciIslemleri' is visible

2021-10-21 14:19:19 - [MESSAGE][INFO] - Finding Test Object 'Object Repository/Kullanici_Islemleri/KullaniciIslemleri'

2021-10-21 14:19:19 - [MESSAGE][INFO] - Checking object

2021-10-21 14:19:19 - [MESSAGE][INFO] - Finding web element from Test Object's properties

2021-10-21 14:19:19 - [MESSAGE][INFO] - Checking timeout

2021-10-21 14:19:19 - [MESSAGE][INFO] - Finding web element with id: 'Object Repository/Kullanici_Islemleri/KullaniciIslemleri' located by 'By.cssSelector: .dropdown>a>img' in '30' second(s)

2021-10-21 14:19:19 - [MESSAGE][INFO] - Smart Wait Function is triggered

2021-10-21 14:19:20 - [MESSAGE][INFO] - Found 1 web elements with id: 'Object Repository/Kullanici_Islemleri/KullaniciIslemleri' located by 'By.cssSelector: .dropdown>a>img' in '30' second(s)

2021-10-21 14:19:20 - [MESSAGE][PASSED] - Object 'Object Repository/Kullanici_Islemleri/KullaniciIslemleri' is visible

2021-10-21 14:19:20 - [MESSAGE][PASSED] - Call Test Case 'Test Cases/Sayfalar/Giris_Sayfasi/Login' successfully

2021-10-21 14:19:20 - [MESSAGE][INFO] - Checking called Test Case

2021-10-21 14:19:20 - [MESSAGE][INFO] - Starting to call Test Case 'Test Cases/Menu/AnaMenuSecimi'

2021-10-21 14:19:20 - [TEST_CASE][PASSED] - Test Cases/Menu/AnaMenuSecimi: Test Cases/Menu/AnaMenuSecimi

2021-10-21 14:19:20 - [TEST_STEP][PASSED] - Method.TextDegerineEsitElementeTikla(findTestObject("Menu/Ana_Menu"), Ana_Menu): Method.TextDegerineEsitElementeTikla is PASSED

2021-10-21 14:19:20 - [MESSAGE][INFO] - Finding Test Object 'Object Repository/Menu/Ana_Menu'

2021-10-21 14:19:20 - [MESSAGE][INFO] - Checking timeout

2021-10-21 14:19:20 - [MESSAGE][INFO] - Finding web element with id: 'Object Repository/Menu/Ana_Menu' located by 'By.xpath: //*[@class = 'dropdown-toggle']' in '10' second(s)

2021-10-21 14:19:20 - [MESSAGE][INFO] - Smart Wait Function is triggered

2021-10-21 14:19:20 - [MESSAGE][INFO] - Found 14 web elements with id: 'Object Repository/Menu/Ana_Menu' located by 'By.xpath: //*[@class = 'dropdown-toggle']' in '10' second(s)

2021-10-21 14:19:20 - [MESSAGE][PASSED] - Method.TextDegerineEsitElementeTikla is PASSED

2021-10-21 14:19:20 - [MESSAGE][PASSED] - Call Test Case 'Test Cases/Menu/AnaMenuSecimi' successfully

2021-10-21 14:19:20 - [MESSAGE][INFO] - Checking called Test Case

2021-10-21 14:19:20 - [MESSAGE][INFO] - Starting to call Test Case 'Test Cases/Menu/BasligaGoreAltMenuSecimi'

2021-10-21 14:19:21 - [TEST_CASE][PASSED] - Test Cases/Menu/BasligaGoreAltMenuSecimi: Test Cases/Menu/BasligaGoreAltMenuSecimi

2021-10-21 14:19:21 - [TEST_STEP][PASSED] - Method.TextDegerineEsitElementinAltindakiTextDegerineEsitOlanaTikla(findTestObject("Menu/Menu_Basligi"), findTestObject("Menu/Basliga_Gore_Alt_Menu"), Baslik, Alt_Menu): Method.TextDegerineEsitElementinAltindakiTextDegerineEsitOlanaTikla is PASSED

2021-10-21 14:19:21 - [MESSAGE][INFO] - Finding Test Object 'Object Repository/Menu/Menu_Basligi'

2021-10-21 14:19:21 - [MESSAGE][INFO] - Finding Test Object 'Object Repository/Menu/Basliga_Gore_Alt_Menu'

2021-10-21 14:19:21 - [MESSAGE][INFO] - Checking timeout

2021-10-21 14:19:21 - [MESSAGE][INFO] - Finding web element with id: 'Object Repository/Menu/Menu_Basligi' located by 'By.xpath: //li[@class='dropdown dropdown-large open']//li[@class='dropdown-header']' in '10' second(s)

2021-10-21 14:19:21 - [MESSAGE][INFO] - Smart Wait Function is triggered

2021-10-21 14:19:21 - [MESSAGE][INFO] - Found 2 web elements with id: 'Object Repository/Menu/Menu_Basligi' located by 'By.xpath: //li[@class='dropdown dropdown-large open']//li[@class='dropdown-header']' in '10' second(s)

2021-10-21 14:19:21 - [MESSAGE][INFO] - Smart Wait Function is triggered

2021-10-21 14:19:23 - [MESSAGE][PASSED] - Method.TextDegerineEsitElementinAltindakiTextDegerineEsitOlanaTikla is PASSED

2021-10-21 14:19:23 - [MESSAGE][PASSED] - Call Test Case 'Test Cases/Menu/BasligaGoreAltMenuSecimi' successfully

2021-10-21 14:19:23 - [MESSAGE][INFO] - Checking called Test Case

2021-10-21 14:19:23 - [MESSAGE][INFO] - Starting to call Test Case 'Test Cases/Filtreler/DropdownSec'

2021-10-21 14:19:23 - [TEST_CASE][PASSED] - Test Cases/Filtreler/DropdownSec: Test Cases/Filtreler/DropdownSec

2021-10-21 14:19:23 - [TEST_STEP][PASSED] - Method.TextDegerineEsitElementinAltindakineTikla(findTestObject("Filtreler/Basliklar"), findTestObject("Filtreler/Basliga_Gore_Baslangic_Image"), Filtre_Adi): Method.TextDegerineEsitElementinAltindakineTikla is PASSED

2021-10-21 14:19:23 - [MESSAGE][INFO] - Finding Test Object 'Object Repository/Filtreler/Basliklar'

2021-10-21 14:19:24 - [MESSAGE][INFO] - Finding Test Object 'Object Repository/Filtreler/Basliga_Gore_Baslangic_Image'

2021-10-21 14:19:24 - [MESSAGE][INFO] - Checking timeout

2021-10-21 14:19:24 - [MESSAGE][INFO] - Finding web element with id: 'Object Repository/Filtreler/Basliklar' located by 'By.cssSelector: .control-label.col-sm-4.paddingMarginRLC' in '10' second(s)

2021-10-21 14:19:24 - [MESSAGE][INFO] - Smart Wait Function is triggered

2021-10-21 14:19:24 - [MESSAGE][INFO] - Found 5 web elements with id: 'Object Repository/Filtreler/Basliklar' located by 'By.cssSelector: .control-label.col-sm-4.paddingMarginRLC' in '10' second(s)

2021-10-21 14:19:24 - [MESSAGE][INFO] - Smart Wait Function is triggered

2021-10-21 14:19:24 - [MESSAGE][PASSED] - Method.TextDegerineEsitElementinAltindakineTikla is PASSED

2021-10-21 14:19:24 - [TEST_STEP][PASSED] - Method.TextDegerineEsitElementeTikla(findTestObject("Object Repository/Filtreler/Basliga_Gore_Dropdown"), Filtre_Degeri): Method.TextDegerineEsitElementeTikla is PASSED

2021-10-21 14:19:24 - [MESSAGE][INFO] - Finding Test Object 'Object Repository/Filtreler/Basliga_Gore_Dropdown'

2021-10-21 14:19:24 - [MESSAGE][INFO] - Checking timeout

2021-10-21 14:19:24 - [MESSAGE][INFO] - Finding web element with id: 'Object Repository/Filtreler/Basliga_Gore_Dropdown' located by 'By.xpath: //*[@class = 'dxeListBoxItemRow_LECustomTheme']' in '10' second(s)

2021-10-21 14:19:24 - [MESSAGE][INFO] - Smart Wait Function is triggered

2021-10-21 14:19:25 - [MESSAGE][INFO] - Found 58 web elements with id: 'Object Repository/Filtreler/Basliga_Gore_Dropdown' located by 'By.xpath: //*[@class = 'dxeListBoxItemRow_LECustomTheme']' in '10' second(s)

2021-10-21 14:19:25 - [MESSAGE][PASSED] - Method.TextDegerineEsitElementeTikla is PASSED

2021-10-21 14:19:25 - [MESSAGE][PASSED] - Call Test Case 'Test Cases/Filtreler/DropdownSec' successfully

2021-10-21 14:19:25 - [MESSAGE][INFO] - Checking called Test Case

2021-10-21 14:19:25 - [MESSAGE][INFO] - Starting to call Test Case 'Test Cases/Filtreler/BaslangicYaz'

2021-10-21 14:19:25 - [TEST_CASE][PASSED] - Test Cases/Filtreler/BaslangicYaz: Test Cases/Filtreler/BaslangicYaz

2021-10-21 14:19:25 - [TEST_STEP][PASSED] - Method.TextDegerineEsitElementinAltindakineTikla(findTestObject("Filtreler/Basliklar"), findTestObject("Filtreler/Basliga_Gore_Baslangic_Image"), Filtre_Adi): Method.TextDegerineEsitElementinAltindakineTikla is PASSED

2021-10-21 14:19:25 - [MESSAGE][INFO] - Finding Test Object 'Object Repository/Filtreler/Basliklar'

2021-10-21 14:19:25 - [MESSAGE][INFO] - Finding Test Object 'Object Repository/Filtreler/Basliga_Gore_Baslangic_Image'

2021-10-21 14:19:25 - [MESSAGE][INFO] - Checking timeout

2021-10-21 14:19:25 - [MESSAGE][INFO] - Finding web element with id: 'Object Repository/Filtreler/Basliklar' located by 'By.cssSelector: .control-label.col-sm-4.paddingMarginRLC' in '10' second(s)

2021-10-21 14:19:25 - [MESSAGE][INFO] - Smart Wait Function is triggered

2021-10-21 14:19:26 - [MESSAGE][INFO] - Found 5 web elements with id: 'Object Repository/Filtreler/Basliklar' located by 'By.cssSelector: .control-label.col-sm-4.paddingMarginRLC' in '10' second(s)

2021-10-21 14:19:26 - [MESSAGE][INFO] - Smart Wait Function is triggered

2021-10-21 14:19:26 - [MESSAGE][PASSED] - Method.TextDegerineEsitElementinAltindakineTikla is PASSED

2021-10-21 14:19:26 - [TEST_STEP][PASSED] - Method.TextDegerineEsitElementinAltindakiTextboxtaYaz(findTestObject("Filtreler/Basliklar"), findTestObject("Filtreler/Basliga_Gore_Baslangic"), Filtre_Adi, Filtre_Degeri): Method.TextDegerineEsitElementinAltindakiTextboxtaYaz is PASSED

2021-10-21 14:19:26 - [MESSAGE][INFO] - Finding Test Object 'Object Repository/Filtreler/Basliklar'

2021-10-21 14:19:26 - [MESSAGE][INFO] - Finding Test Object 'Object Repository/Filtreler/Basliga_Gore_Baslangic'

2021-10-21 14:19:26 - [MESSAGE][INFO] - Checking timeout

2021-10-21 14:19:26 - [MESSAGE][INFO] - Finding web element with id: 'Object Repository/Filtreler/Basliklar' located by 'By.cssSelector: .control-label.col-sm-4.paddingMarginRLC' in '10' second(s)

2021-10-21 14:19:26 - [MESSAGE][INFO] - Smart Wait Function is triggered

2021-10-21 14:19:26 - [MESSAGE][INFO] - Found 5 web elements with id: 'Object Repository/Filtreler/Basliklar' located by 'By.cssSelector: .control-label.col-sm-4.paddingMarginRLC' in '10' second(s)

2021-10-21 14:19:26 - [MESSAGE][INFO] - Smart Wait Function is triggered

2021-10-21 14:19:27 - [MESSAGE][PASSED] - Method.TextDegerineEsitElementinAltindakiTextboxtaYaz is PASSED

2021-10-21 14:19:27 - [MESSAGE][PASSED] - Call Test Case 'Test Cases/Filtreler/BaslangicYaz' successfully

2021-10-21 14:19:27 - [MESSAGE][INFO] - Checking called Test Case

2021-10-21 14:19:27 - [MESSAGE][INFO] - Starting to call Test Case 'Test Cases/Filtreler/BitisYaz'

2021-10-21 14:19:27 - [TEST_CASE][PASSED] - Test Cases/Filtreler/BitisYaz: Test Cases/Filtreler/BitisYaz

2021-10-21 14:19:27 - [TEST_STEP][PASSED] - Method.TextDegerineEsitElementinAltindakineTikla(findTestObject("Filtreler/Basliklar"), findTestObject("Filtreler/Basliga_Gore_Bitis_Image"), Filtre_Adi): Method.TextDegerineEsitElementinAltindakineTikla is PASSED

2021-10-21 14:19:27 - [MESSAGE][INFO] - Finding Test Object 'Object Repository/Filtreler/Basliklar'

2021-10-21 14:19:27 - [MESSAGE][INFO] - Finding Test Object 'Object Repository/Filtreler/Basliga_Gore_Bitis_Image'

2021-10-21 14:19:27 - [MESSAGE][INFO] - Checking timeout

2021-10-21 14:19:27 - [MESSAGE][INFO] - Finding web element with id: 'Object Repository/Filtreler/Basliklar' located by 'By.cssSelector: .control-label.col-sm-4.paddingMarginRLC' in '10' second(s)

2021-10-21 14:19:27 - [MESSAGE][INFO] - Smart Wait Function is triggered

2021-10-21 14:19:27 - [MESSAGE][INFO] - Found 5 web elements with id: 'Object Repository/Filtreler/Basliklar' located by 'By.cssSelector: .control-label.col-sm-4.paddingMarginRLC' in '10' second(s)

2021-10-21 14:19:28 - [MESSAGE][INFO] - Smart Wait Function is triggered

2021-10-21 14:19:28 - [MESSAGE][PASSED] - Method.TextDegerineEsitElementinAltindakineTikla is PASSED

2021-10-21 14:19:28 - [TEST_STEP][PASSED] - Method.TextDegerineEsitElementinAltindakiTextboxtaYaz(findTestObject("Filtreler/Basliklar"), findTestObject("Object Repository/Filtreler/Basliga_Gore_Bitis"), Filtre_Adi, Filtre_Degeri): Method.TextDegerineEsitElementinAltindakiTextboxtaYaz is PASSED

2021-10-21 14:19:28 - [MESSAGE][INFO] - Finding Test Object 'Object Repository/Filtreler/Basliklar'

2021-10-21 14:19:28 - [MESSAGE][INFO] - Finding Test Object 'Object Repository/Filtreler/Basliga_Gore_Bitis'

2021-10-21 14:19:28 - [MESSAGE][INFO] - Checking timeout

2021-10-21 14:19:28 - [MESSAGE][INFO] - Finding web element with id: 'Object Repository/Filtreler/Basliklar' located by 'By.cssSelector: .control-label.col-sm-4.paddingMarginRLC' in '10' second(s)

2021-10-21 14:19:28 - [MESSAGE][INFO] - Smart Wait Function is triggered

2021-10-21 14:19:28 - [MESSAGE][INFO] - Found 5 web elements with id: 'Object Repository/Filtreler/Basliklar' located by 'By.cssSelector: .control-label.col-sm-4.paddingMarginRLC' in '10' second(s)

2021-10-21 14:19:28 - [MESSAGE][INFO] - Smart Wait Function is triggered

2021-10-21 14:19:29 - [MESSAGE][PASSED] - Method.TextDegerineEsitElementinAltindakiTextboxtaYaz is PASSED

2021-10-21 14:19:29 - [MESSAGE][PASSED] - Call Test Case 'Test Cases/Filtreler/BitisYaz' successfully

2021-10-21 14:19:29 - [MESSAGE][INFO] - Checking called Test Case

2021-10-21 14:19:29 - [MESSAGE][INFO] - Starting to call Test Case 'Test Cases/Filtreler/ButonaTikla'

2021-10-21 14:19:29 - [TEST_CASE][PASSED] - Test Cases/Filtreler/ButonaTikla: Test Cases/Filtreler/ButonaTikla

2021-10-21 14:19:29 - [TEST_STEP][PASSED] - Method.TextDegerineEsitElementeTikla(findTestObject("Filtreler/Butonlar"), Filtre_Buton): Method.TextDegerineEsitElementeTikla is PASSED

2021-10-21 14:19:29 - [MESSAGE][INFO] - Finding Test Object 'Object Repository/Filtreler/Butonlar'

2021-10-21 14:19:29 - [MESSAGE][INFO] - Checking timeout

2021-10-21 14:19:29 - [MESSAGE][INFO] - Finding web element with id: 'Object Repository/Filtreler/Butonlar' located by 'By.cssSelector: .dxb>span' in '10' second(s)

2021-10-21 14:19:29 - [MESSAGE][INFO] - Smart Wait Function is triggered

2021-10-21 14:19:29 - [MESSAGE][INFO] - Found 3 web elements with id: 'Object Repository/Filtreler/Butonlar' located by 'By.cssSelector: .dxb>span' in '10' second(s)

2021-10-21 14:19:29 - [MESSAGE][PASSED] - Method.TextDegerineEsitElementeTikla is PASSED

2021-10-21 14:19:29 - [MESSAGE][PASSED] - Call Test Case 'Test Cases/Filtreler/ButonaTikla' successfully

2021-10-21 14:19:29 - [MESSAGE][INFO] - Checking called Test Case

2021-10-21 14:19:29 - [MESSAGE][INFO] - Starting to call Test Case 'Test Cases/Filtreler/ButonaTikla'

2021-10-21 14:19:29 - [TEST_CASE][PASSED] - Test Cases/Filtreler/ButonaTikla: Test Cases/Filtreler/ButonaTikla

2021-10-21 14:19:29 - [TEST_STEP][PASSED] - Method.TextDegerineEsitElementeTikla(findTestObject("Filtreler/Butonlar"), Filtre_Buton): Method.TextDegerineEsitElementeTikla is PASSED

2021-10-21 14:19:29 - [MESSAGE][INFO] - Finding Test Object 'Object Repository/Filtreler/Butonlar'

2021-10-21 14:19:30 - [MESSAGE][INFO] - Checking timeout

2021-10-21 14:19:30 - [MESSAGE][INFO] - Finding web element with id: 'Object Repository/Filtreler/Butonlar' located by 'By.cssSelector: .dxb>span' in '10' second(s)

2021-10-21 14:19:30 - [MESSAGE][INFO] - Smart Wait Function is triggered

2021-10-21 14:19:30 - [MESSAGE][INFO] - Found 3 web elements with id: 'Object Repository/Filtreler/Butonlar' located by 'By.cssSelector: .dxb>span' in '10' second(s)

2021-10-21 14:19:30 - [MESSAGE][PASSED] - Method.TextDegerineEsitElementeTikla is PASSED

2021-10-21 14:19:30 - [MESSAGE][PASSED] - Call Test Case 'Test Cases/Filtreler/ButonaTikla' successfully

2021-10-21 14:19:30 - [MESSAGE][INFO] - Checking called Test Case

2021-10-21 14:19:30 - [MESSAGE][INFO] - Starting to call Test Case 'Test Cases/Tablo/TablodaVeriVarMi'

2021-10-21 14:19:30 - [TEST_CASE][PASSED] - Test Cases/Tablo/TablodaVeriVarMi: Test Cases/Tablo/TablodaVeriVarMi

2021-10-21 14:19:30 - [TEST_STEP][PASSED] - verifyTextNotPresent("Görüntülenecek veri yok", true): Text 'Görüntülenecek veri yok' is not present on page using regular expression

2021-10-21 14:19:30 - [MESSAGE][INFO] - Checking text present  using regular expression

2021-10-21 14:19:30 - [MESSAGE][INFO] - Smart Wait Function is triggered

2021-10-21 14:19:31 - [MESSAGE][INFO] - Finding text 'Görüntülenecek veri yok' on page  using regular expression

2021-10-21 14:19:31 - [MESSAGE][PASSED] - Text 'Görüntülenecek veri yok' is not present on page using regular expression

2021-10-21 14:19:31 - [MESSAGE][PASSED] - Call Test Case 'Test Cases/Tablo/TablodaVeriVarMi' successfully

2021-10-21 14:19:31 - [MESSAGE][INFO] - Checking called Test Case

2021-10-21 14:19:31 - [MESSAGE][INFO] - Starting to call Test Case 'Test Cases/Tablo/TablodanVeriSec'

2021-10-21 14:19:31 - [TEST_CASE][PASSED] - Test Cases/Tablo/TablodanVeriSec: Test Cases/Tablo/TablodanVeriSec

2021-10-21 14:19:31 - [TEST_STEP][PASSED] - Method.TextDegerineEsitElementinAltindakineTikla(findTestObject("Tablo/Veriler"), findTestObject("Tablo/VerininCheckBoxi"), Veri_Adi): Method.TextDegerineEsitElementinAltindakineTikla is PASSED

2021-10-21 14:19:31 - [MESSAGE][INFO] - Finding Test Object 'Object Repository/Tablo/Veriler'

2021-10-21 14:19:31 - [MESSAGE][INFO] - Finding Test Object 'Object Repository/Tablo/VerininCheckBoxi'

2021-10-21 14:19:31 - [MESSAGE][INFO] - Checking timeout

2021-10-21 14:19:31 - [MESSAGE][INFO] - Finding web element with id: 'Object Repository/Tablo/Veriler' located by 'By.cssSelector: td.dxgv b ,td.dxgv' in '10' second(s)

2021-10-21 14:19:31 - [MESSAGE][INFO] - Smart Wait Function is triggered

2021-10-21 14:19:32 - [MESSAGE][INFO] - Found 120 web elements with id: 'Object Repository/Tablo/Veriler' located by 'By.cssSelector: td.dxgv b ,td.dxgv' in '10' second(s)

2021-10-21 14:19:32 - [MESSAGE][INFO] - Smart Wait Function is triggered

2021-10-21 14:19:32 - [MESSAGE][PASSED] - Method.TextDegerineEsitElementinAltindakineTikla is PASSED

2021-10-21 14:19:32 - [MESSAGE][PASSED] - Call Test Case 'Test Cases/Tablo/TablodanVeriSec' successfully

2021-10-21 14:19:32 - [MESSAGE][INFO] - Checking called Test Case

2021-10-21 14:19:32 - [MESSAGE][INFO] - Starting to call Test Case 'Test Cases/Butonlar/ButonaTikla'

2021-10-21 14:19:32 - [TEST_CASE][PASSED] - Test Cases/Butonlar/ButonaTikla: Test Cases/Butonlar/ButonaTikla

2021-10-21 14:19:32 - [TEST_STEP][PASSED] - Method.TextDegerineEsitElementeTiklaEquals(findTestObject("Butonlar/Butonlar"), Buton_Adi): Method.TextDegerineEsitElementeTiklaEquals is PASSED

2021-10-21 14:19:32 - [MESSAGE][INFO] - Finding Test Object 'Object Repository/Butonlar/Butonlar'

2021-10-21 14:19:32 - [MESSAGE][INFO] - Checking timeout

2021-10-21 14:19:32 - [MESSAGE][INFO] - Finding web element with id: 'Object Repository/Butonlar/Butonlar' located by 'By.cssSelector: .panel.panel-default.text-center.footerPanel .btn,.btn.btn-primary.btnControls' in '10' second(s)

2021-10-21 14:19:32 - [MESSAGE][INFO] - Smart Wait Function is triggered

2021-10-21 14:19:32 - [MESSAGE][INFO] - Found 6 web elements with id: 'Object Repository/Butonlar/Butonlar' located by 'By.cssSelector: .panel.panel-default.text-center.footerPanel .btn,.btn.btn-primary.btnControls' in '10' second(s)

2021-10-21 14:19:33 - [MESSAGE][PASSED] - Method.TextDegerineEsitElementeTiklaEquals is PASSED

2021-10-21 14:19:33 - [MESSAGE][PASSED] - Call Test Case 'Test Cases/Butonlar/ButonaTikla' successfully

2021-10-21 14:19:33 - [MESSAGE][INFO] - Checking called Test Case

2021-10-21 14:19:33 - [MESSAGE][INFO] - Starting to call Test Case 'Test Cases/Popup/PopupMesajiIceriyorMu'

2021-10-21 14:19:33 - [TEST_CASE][PASSED] - Test Cases/Popup/PopupMesajiIceriyorMu: Test Cases/Popup/PopupMesajiIceriyorMu

2021-10-21 14:19:33 - [TEST_STEP][PASSED] - waitForElementVisible(findTestObject("Popup/Popup"), 10): Object 'Object Repository/Popup/Popup' is visible

2021-10-21 14:19:33 - [MESSAGE][INFO] - Finding Test Object 'Object Repository/Popup/Popup'

2021-10-21 14:19:33 - [MESSAGE][INFO] - Checking object

2021-10-21 14:19:33 - [MESSAGE][INFO] - Checking timeout

2021-10-21 14:19:33 - [MESSAGE][INFO] - Finding web element from Test Object's properties

2021-10-21 14:19:33 - [MESSAGE][INFO] - Checking timeout

2021-10-21 14:19:33 - [MESSAGE][INFO] - Finding web element with id: 'Object Repository/Popup/Popup' located by 'By.cssSelector: .bootbox-body' in '10' second(s)

2021-10-21 14:19:33 - [MESSAGE][INFO] - Smart Wait Function is triggered

2021-10-21 14:19:34 - [MESSAGE][INFO] - Found 1 web elements with id: 'Object Repository/Popup/Popup' located by 'By.cssSelector: .bootbox-body' in '10' second(s)

2021-10-21 14:19:34 - [MESSAGE][PASSED] - Object 'Object Repository/Popup/Popup' is visible

2021-10-21 14:19:34 - [TEST_STEP][PASSED] - if (!(getText(findTestObject("Popup/Popup")).contains(Mesaj))): Text of object 'Object Repository/Popup/Popup' is: 'Seçtiğiniz kayıtlardan 1 adedinde e-SMM makbuz sayısı ve e-SMM iptal makbuz sayısı 0 olduğu için GİB'e gönderilemez.

Aşağıda listelenen e-SMM makbuzlarınız rapora dahil edilmemiş veya raporun yanıt kodu Paket Başarıyla İşlendi durumunda değildir. Öncelikle bu faturaların rapora dahil edilmesini ve GİB'den başarılı yanıt kodunu almasını sağlayınız.
Makbuz No: SMM2021000000001 Makbuz Tarihi: 09.01.2021'

2021-10-21 14:19:34 - [MESSAGE][INFO] - Finding Test Object 'Object Repository/Popup/Popup'

2021-10-21 14:19:34 - [MESSAGE][INFO] - Checking object

2021-10-21 14:19:34 - [MESSAGE][INFO] - Finding web element from Test Object's properties

2021-10-21 14:19:34 - [MESSAGE][INFO] - Checking timeout

2021-10-21 14:19:34 - [MESSAGE][INFO] - Finding web element with id: 'Object Repository/Popup/Popup' located by 'By.cssSelector: .bootbox-body' in '30' second(s)

2021-10-21 14:19:34 - [MESSAGE][INFO] - Smart Wait Function is triggered

2021-10-21 14:19:35 - [MESSAGE][INFO] - Found 1 web elements with id: 'Object Repository/Popup/Popup' located by 'By.cssSelector: .bootbox-body' in '30' second(s)

2021-10-21 14:19:35 - [MESSAGE][INFO] - Getting text of object 'Object Repository/Popup/Popup'

2021-10-21 14:19:35 - [MESSAGE][PASSED] - Text of object 'Object Repository/Popup/Popup' is: 'Seçtiğiniz kayıtlardan 1 adedinde e-SMM makbuz sayısı ve e-SMM iptal makbuz sayısı 0 olduğu için GİB'e gönderilemez.

Aşağıda listelenen e-SMM makbuzlarınız rapora dahil edilmemiş veya raporun yanıt kodu Paket Başarıyla İşlendi durumunda değildir. Öncelikle bu faturaların rapora dahil edilmesini ve GİB'den başarılı yanıt kodunu almasını sağlayınız.
Makbuz No: SMM2021000000001 Makbuz Tarihi: 09.01.2021'

2021-10-21 14:19:35 - [TEST_STEP][PASSED] - RaporNo = getText(findTestObject("Popup/Popup")).substring(0, 6): Text of object 'Object Repository/Popup/Popup' is: 'Seçtiğiniz kayıtlardan 1 adedinde e-SMM makbuz sayısı ve e-SMM iptal makbuz sayısı 0 olduğu için GİB'e gönderilemez.

Aşağıda listelenen e-SMM makbuzlarınız rapora dahil edilmemiş veya raporun yanıt kodu Paket Başarıyla İşlendi durumunda değildir. Öncelikle bu faturaların rapora dahil edilmesini ve GİB'den başarılı yanıt kodunu almasını sağlayınız.
Makbuz No: SMM2021000000001 Makbuz Tarihi: 09.01.2021'

2021-10-21 14:19:35 - [MESSAGE][INFO] - Finding Test Object 'Object Repository/Popup/Popup'

2021-10-21 14:19:35 - [MESSAGE][INFO] - Checking object

2021-10-21 14:19:35 - [MESSAGE][INFO] - Finding web element from Test Object's properties

2021-10-21 14:19:35 - [MESSAGE][INFO] - Checking timeout

2021-10-21 14:19:35 - [MESSAGE][INFO] - Finding web element with id: 'Object Repository/Popup/Popup' located by 'By.cssSelector: .bootbox-body' in '30' second(s)

2021-10-21 14:19:35 - [MESSAGE][INFO] - Smart Wait Function is triggered

2021-10-21 14:19:35 - [MESSAGE][INFO] - Found 1 web elements with id: 'Object Repository/Popup/Popup' located by 'By.cssSelector: .bootbox-body' in '30' second(s)

2021-10-21 14:19:35 - [MESSAGE][INFO] - Getting text of object 'Object Repository/Popup/Popup'

2021-10-21 14:19:35 - [MESSAGE][PASSED] - Text of object 'Object Repository/Popup/Popup' is: 'Seçtiğiniz kayıtlardan 1 adedinde e-SMM makbuz sayısı ve e-SMM iptal makbuz sayısı 0 olduğu için GİB'e gönderilemez.

Aşağıda listelenen e-SMM makbuzlarınız rapora dahil edilmemiş veya raporun yanıt kodu Paket Başarıyla İşlendi durumunda değildir. Öncelikle bu faturaların rapora dahil edilmesini ve GİB'den başarılı yanıt kodunu almasını sağlayınız.
Makbuz No: SMM2021000000001 Makbuz Tarihi: 09.01.2021'

2021-10-21 14:19:35 - [TEST_STEP][PASSED] - Console.println(RaporNo): null

2021-10-21 14:19:35 - [MESSAGE][PASSED] - Call Test Case 'Test Cases/Popup/PopupMesajiIceriyorMu' successfully

2021-10-21 14:19:35 - [MESSAGE][INFO] - Checking called Test Case

2021-10-21 14:19:35 - [MESSAGE][INFO] - Starting to call Test Case 'Test Cases/Popup/PopupButonSecilir'

2021-10-21 14:19:35 - [TEST_CASE][PASSED] - Test Cases/Popup/PopupButonSecilir: Test Cases/Popup/PopupButonSecilir

2021-10-21 14:19:35 - [TEST_STEP][PASSED] - Method.TextDegerineEsitElementeTikla(findTestObject("Popup/Popup_Butons"), Buton): Method.TextDegerineEsitElementeTikla is PASSED

2021-10-21 14:19:35 - [MESSAGE][INFO] - Finding Test Object 'Object Repository/Popup/Popup_Butons'

2021-10-21 14:19:35 - [MESSAGE][INFO] - Checking timeout

2021-10-21 14:19:35 - [MESSAGE][INFO] - Finding web element with id: 'Object Repository/Popup/Popup_Butons' located by 'By.cssSelector: .modal-footer>button' in '10' second(s)

2021-10-21 14:19:35 - [MESSAGE][INFO] - Smart Wait Function is triggered

2021-10-21 14:19:36 - [MESSAGE][INFO] - Found 1 web elements with id: 'Object Repository/Popup/Popup_Butons' located by 'By.cssSelector: .modal-footer>button' in '10' second(s)

2021-10-21 14:19:36 - [MESSAGE][PASSED] - Method.TextDegerineEsitElementeTikla is PASSED

2021-10-21 14:19:36 - [MESSAGE][PASSED] - Call Test Case 'Test Cases/Popup/PopupButonSecilir' successfully

2021-10-21 14:19:36 - [MESSAGE][INFO] - Checking called Test Case

2021-10-21 14:19:36 - [MESSAGE][INFO] - Starting to call Test Case 'Test Cases/Kullanici_Islemleri/KullaniciIslemlerindenSecimYapilir'

2021-10-21 14:19:36 - [TEST_CASE][PASSED] - Test Cases/Kullanici_Islemleri/KullaniciIslemlerindenSecimYapilir: Test Cases/Kullanici_Islemleri/KullaniciIslemlerindenSecimYapilir

2021-10-21 14:19:36 - [TEST_STEP][PASSED] - waitForElementClickable(findTestObject("Object Repository/Kullanici_Islemleri/KullaniciIslemleri"), 10): Object 'Object Repository/Kullanici_Islemleri/KullaniciIslemleri' is clickable

2021-10-21 14:19:36 - [MESSAGE][INFO] - Finding Test Object 'Object Repository/Kullanici_Islemleri/KullaniciIslemleri'

2021-10-21 14:19:36 - [MESSAGE][INFO] - Checking object

2021-10-21 14:19:36 - [MESSAGE][INFO] - Checking timeout

2021-10-21 14:19:36 - [MESSAGE][INFO] - Finding web element from Test Object's properties

2021-10-21 14:19:36 - [MESSAGE][INFO] - Checking timeout

2021-10-21 14:19:36 - [MESSAGE][INFO] - Finding web element with id: 'Object Repository/Kullanici_Islemleri/KullaniciIslemleri' located by 'By.cssSelector: .dropdown>a>img' in '10' second(s)

2021-10-21 14:19:36 - [MESSAGE][INFO] - Smart Wait Function is triggered

2021-10-21 14:19:36 - [MESSAGE][INFO] - Found 1 web elements with id: 'Object Repository/Kullanici_Islemleri/KullaniciIslemleri' located by 'By.cssSelector: .dropdown>a>img' in '10' second(s)

2021-10-21 14:19:36 - [MESSAGE][PASSED] - Object 'Object Repository/Kullanici_Islemleri/KullaniciIslemleri' is clickable

2021-10-21 14:19:36 - [TEST_STEP][PASSED] - click(findTestObject("Object Repository/Kullanici_Islemleri/KullaniciIslemleri")): Object: 'Object Repository/Kullanici_Islemleri/KullaniciIslemleri' is clicked on

2021-10-21 14:19:36 - [MESSAGE][INFO] - Finding Test Object 'Object Repository/Kullanici_Islemleri/KullaniciIslemleri'

2021-10-21 14:19:37 - [MESSAGE][INFO] - Checking object

2021-10-21 14:19:37 - [MESSAGE][INFO] - Finding web element from Test Object's properties

2021-10-21 14:19:37 - [MESSAGE][INFO] - Checking timeout

2021-10-21 14:19:37 - [MESSAGE][INFO] - Finding web element with id: 'Object Repository/Kullanici_Islemleri/KullaniciIslemleri' located by 'By.cssSelector: .dropdown>a>img' in '30' second(s)

2021-10-21 14:19:37 - [MESSAGE][INFO] - Smart Wait Function is triggered

2021-10-21 14:19:37 - [MESSAGE][INFO] - Found 1 web elements with id: 'Object Repository/Kullanici_Islemleri/KullaniciIslemleri' located by 'By.cssSelector: .dropdown>a>img' in '30' second(s)

2021-10-21 14:19:37 - [MESSAGE][INFO] - Clicking on object: 'Object Repository/Kullanici_Islemleri/KullaniciIslemleri'

2021-10-21 14:19:37 - [MESSAGE][PASSED] - Object: 'Object Repository/Kullanici_Islemleri/KullaniciIslemleri' is clicked on

2021-10-21 14:19:37 - [TEST_STEP][PASSED] - Method.TextDegerineEsitElementeTikla(findTestObject("Object Repository/Kullanici_Islemleri/Secenekler"), Islem): Method.TextDegerineEsitElementeTikla is PASSED

2021-10-21 14:19:37 - [MESSAGE][INFO] - Finding Test Object 'Object Repository/Kullanici_Islemleri/Secenekler'

2021-10-21 14:19:37 - [MESSAGE][INFO] - Checking timeout

2021-10-21 14:19:37 - [MESSAGE][INFO] - Finding web element with id: 'Object Repository/Kullanici_Islemleri/Secenekler' located by 'By.cssSelector: .nav.navbar-nav.navbar-right li a' in '10' second(s)

2021-10-21 14:19:37 - [MESSAGE][INFO] - Smart Wait Function is triggered

2021-10-21 14:19:37 - [MESSAGE][INFO] - Found 22 web elements with id: 'Object Repository/Kullanici_Islemleri/Secenekler' located by 'By.cssSelector: .nav.navbar-nav.navbar-right li a' in '10' second(s)

2021-10-21 14:19:39 - [MESSAGE][PASSED] - Method.TextDegerineEsitElementeTikla is PASSED

2021-10-21 14:19:39 - [TEST_STEP][PASSED] - verifyElementNotPresent(findTestObject("Object Repository/Kullanici_Islemleri/Secenekler"), 10): Web element with id: 'Object Repository/Kullanici_Islemleri/Secenekler' located by 'By.cssSelector: .nav.navbar-nav.navbar-right li a' is not present after '10' second(s)

2021-10-21 14:19:39 - [MESSAGE][INFO] - Finding Test Object 'Object Repository/Kullanici_Islemleri/Secenekler'

2021-10-21 14:19:39 - [MESSAGE][INFO] - Checking object

2021-10-21 14:19:39 - [MESSAGE][INFO] - Checking timeout

2021-10-21 14:19:39 - [MESSAGE][INFO] - Finding web element with id: 'Object Repository/Kullanici_Islemleri/Secenekler' located by 'By.cssSelector: .nav.navbar-nav.navbar-right li a' in '10' second(s)

2021-10-21 14:19:39 - [MESSAGE][INFO] - Smart Wait Function is triggered

2021-10-21 14:19:40 - [MESSAGE][PASSED] - Web element with id: 'Object Repository/Kullanici_Islemleri/Secenekler' located by 'By.cssSelector: .nav.navbar-nav.navbar-right li a' is not present after '10' second(s)

2021-10-21 14:19:40 - [MESSAGE][PASSED] - Call Test Case 'Test Cases/Kullanici_Islemleri/KullaniciIslemlerindenSecimYapilir' successfully

2021-10-21 14:19:40 - [TEST_CASE][PASSED] - Start Test Case : SCENARIO e-Serbest Makbuzu Raporlari GIBe Gonder: SCENARIO e-Serbest Makbuzu Raporlari GIBe Gonder

2021-10-21 14:19:40 - [TEST_STEP][PASSED] - Kullanıcı adı ELOGO6 ve Şifre 123456 olarak giriş yapılır: Kullanıcı adı ELOGO6 ve Şifre 123456 olarak giriş yapılır

2021-10-21 14:19:40 - [MESSAGE][PASSED] - Kullanıcı adı ELOGO6 ve Şifre 123456 olarak giriş yapılır

2021-10-21 14:19:40 - [TEST_STEP][PASSED] - Ana menüden e-Makbuz seçilir: Ana menüden e-Makbuz seçilir

2021-10-21 14:19:40 - [MESSAGE][PASSED] - Ana menüden e-Makbuz seçilir

2021-10-21 14:19:40 - [TEST_STEP][PASSED] - Alt menü e-Serbest Meslek Uygulaması başlığı altındaki e-Serbest Meslek Makbuz Raporları seçilir: Alt menü e-Serbest Meslek Uygulaması başlığı altındaki e-Serbest Meslek Makbuz Raporları seçilir

2021-10-21 14:19:40 - [MESSAGE][PASSED] - Alt menü e-Serbest Meslek Uygulaması başlığı altındaki e-Serbest Meslek Makbuz Raporları seçilir

2021-10-21 14:19:40 - [TEST_STEP][PASSED] - Filtrelerden Dönem Tarihi filtresine 2021 Ocak dropdowndan degeri seçilir: Filtrelerden Dönem Tarihi filtresine 2021 Ocak dropdowndan degeri seçilir

2021-10-21 14:19:40 - [MESSAGE][PASSED] - Filtrelerden Dönem Tarihi filtresine 2021 Ocak dropdowndan degeri seçilir

2021-10-21 14:19:40 - [TEST_STEP][PASSED] - Filtrelerden Bölüm Tarihi filtresine 09.01.2021 baslangic degerini yaz: Filtrelerden Bölüm Tarihi filtresine 09.01.2021 baslangic degerini yaz

2021-10-21 14:19:40 - [MESSAGE][PASSED] - Filtrelerden Bölüm Tarihi filtresine 09.01.2021 baslangic degerini yaz

2021-10-21 14:19:40 - [TEST_STEP][PASSED] - Filtrelerden Bölüm Tarihi filtresine 09.01.2021 bitis degerini yaz: Filtrelerden Bölüm Tarihi filtresine 09.01.2021 bitis degerini yaz

2021-10-21 14:19:40 - [MESSAGE][PASSED] - Filtrelerden Bölüm Tarihi filtresine 09.01.2021 bitis degerini yaz

2021-10-21 14:19:40 - [TEST_STEP][PASSED] - Filtre butonlarından Listele seçilir: Filtre butonlarından Listele seçilir

2021-10-21 14:19:40 - [MESSAGE][PASSED] - Filtre butonlarından Listele seçilir

2021-10-21 14:19:40 - [TEST_STEP][PASSED] - Filtre butonlarından Listele seçilir: Filtre butonlarından Listele seçilir

2021-10-21 14:19:40 - [MESSAGE][PASSED] - Filtre butonlarından Listele seçilir

2021-10-21 14:19:40 - [TEST_STEP][PASSED] - Tabloda veri var mı kontrol edilir: Tabloda veri var mı kontrol edilir

2021-10-21 14:19:40 - [MESSAGE][PASSED] - Tabloda veri var mı kontrol edilir

2021-10-21 14:19:40 - [TEST_STEP][PASSED] - Tablodan 1637 isimli veri seçilir: Tablodan 1637 isimli veri seçilir

2021-10-21 14:19:40 - [MESSAGE][PASSED] - Tablodan 1637 isimli veri seçilir

2021-10-21 14:19:40 - [TEST_STEP][PASSED] - Butonlardan GİB'e Gönder isimli butona tıklanır: Butonlardan GİB'e Gönder isimli butona tıklanır

2021-10-21 14:19:40 - [MESSAGE][PASSED] - Butonlardan GİB'e Gönder isimli butona tıklanır

2021-10-21 14:19:40 - [TEST_STEP][PASSED] - Popup mesajı makbuz sayısı 0 olduğu için GİB'e gönderilemez içeriyor mu: Popup mesajı makbuz sayısı 0 olduğu için GİB'e gönderilemez içeriyor mu

2021-10-21 14:19:40 - [MESSAGE][PASSED] - Popup mesajı makbuz sayısı 0 olduğu için GİB'e gönderilemez içeriyor mu

2021-10-21 14:19:40 - [TEST_STEP][PASSED] - Yönetim popupında Tamam seçilir: Yönetim popupında Tamam seçilir

2021-10-21 14:19:40 - [MESSAGE][PASSED] - Yönetim popupında Tamam seçilir

2021-10-21 14:19:40 - [TEST_STEP][PASSED] - Kullanıcı işlemlerinden Çıkış seçilir: Kullanıcı işlemlerinden Çıkış seçilir

2021-10-21 14:19:40 - [MESSAGE][PASSED] - Kullanıcı işlemlerinden Çıkış seçilir

2021-10-21 14:19:40 - [MESSAGE][PASSED] - Feature file: 'Include/features/e-Makbuz/e-Serbest Meslek Uygulaması/e-Serbest Meslek Makbuz Raporlari/GIBe Gonder.feature' was passed

2021-10-21 14:19:40 - [TEST_STEP][PASSED] - Start listener action : sampleAfterTestSuite: Invoke 'com.kms.katalon.core.annotation.AfterTestCase' method: 'Listener.sampleAfterTestSuite(...)' completed.

2021-10-21 14:19:40 - [MESSAGE][INFO] - Starting invoke 'com.kms.katalon.core.annotation.AfterTestCase' method: 'Listener.sampleAfterTestSuite(...)'

2021-10-21 14:19:40 - [TEST_STEP][PASSED] - closeBrowser(): Invoke 'com.kms.katalon.core.annotation.AfterTestCase' method: 'Listener.sampleAfterTestSuite(...)' completed.

2021-10-21 14:19:40 - [MESSAGE][INFO] - Closing browser

2021-10-21 14:19:41 - [MESSAGE][PASSED] - Browser is closed

2021-10-21 14:19:41 - [MESSAGE][INFO] - Invoke 'com.kms.katalon.core.annotation.AfterTestCase' method: 'Listener.sampleAfterTestSuite(...)' completed.]]></system-out>
         <system-err><![CDATA[]]></system-err>
      </testcase>
      <testcase name="Test Cases/Case Repository/e-Makbuz/e-Serbest Meslek Uygulamasi/e-Serbest Meslek Makbuz Raporlari/Izleme Kayitlari" time="51.566" classname="Test Cases/Case Repository/e-Makbuz/e-Serbest Meslek Uygulamasi/e-Serbest Meslek Makbuz Raporlari/Izleme Kayitlari" status="PASSED">
         <system-out><![CDATA[2021-10-21 14:19:41 - [TEST_CASE][PASSED] - Test Cases/Case Repository/e-Makbuz/e-Serbest Meslek Uygulamasi/e-Serbest Meslek Makbuz Raporlari/Izleme Kayitlari: Test Cases/Case Repository/e-Makbuz/e-Serbest Meslek Uygulamasi/e-Serbest Meslek Makbuz Raporlari/Izleme Kayitlari

2021-10-21 14:19:41 - [TEST_STEP][PASSED] - Start listener action : sampleBeforeTestSuite: Invoke 'com.kms.katalon.core.annotation.BeforeTestCase' method: 'Listener.sampleBeforeTestSuite(...)' completed.

2021-10-21 14:19:41 - [MESSAGE][INFO] - Starting invoke 'com.kms.katalon.core.annotation.BeforeTestCase' method: 'Listener.sampleBeforeTestSuite(...)'

2021-10-21 14:19:41 - [TEST_STEP][PASSED] - openBrowser(baseUrl): Browser is opened with url: 'https://efatura-stage.elogo.com.tr/'

2021-10-21 14:19:41 - [MESSAGE][INFO] - Opening browser

2021-10-21 14:19:41 - [MESSAGE][INFO] - Starting 'Chrome' driver

2021-10-21 14:19:41 - [MESSAGE][INFO] - User set preference: ['prefs', '{download.default_directory=C:\otomasyondownfiles}']

2021-10-21 14:19:41 - [MESSAGE][INFO] - Action delay is set to 0 milliseconds

2021-10-21 14:19:42 - [MESSAGE][INFO] - Navigating browser to: 'https://efatura-stage.elogo.com.tr/'

2021-10-21 14:19:45 - [MESSAGE][PASSED] - Browser is opened with url: 'https://efatura-stage.elogo.com.tr/'

2021-10-21 14:19:45 - [TEST_STEP][PASSED] - maximizeWindow(): Invoke 'com.kms.katalon.core.annotation.BeforeTestCase' method: 'Listener.sampleBeforeTestSuite(...)' completed.

2021-10-21 14:19:45 - [MESSAGE][INFO] - Maximizing current window

2021-10-21 14:19:45 - [MESSAGE][PASSED] - Current window maximized

2021-10-21 14:19:45 - [MESSAGE][INFO] - Invoke 'com.kms.katalon.core.annotation.BeforeTestCase' method: 'Listener.sampleBeforeTestSuite(...)' completed.

2021-10-21 14:19:45 - [TEST_STEP][PASSED] - runFeatureFile("Include/features/e-Makbuz/e-Serbest Meslek Uygulaması/e-Serbest Meslek Makbuz Raporlari/Izleme Kayitlari.feature"): Feature file: 'Include/features/e-Makbuz/e-Serbest Meslek Uygulaması/e-Serbest Meslek Makbuz Raporlari/Izleme Kayitlari.feature' was passed

2021-10-21 14:19:45 - [MESSAGE][INFO] - Starting run keyword runFeatureFile: 'Include/features/e-Makbuz/e-Serbest Meslek Uygulaması/e-Serbest Meslek Makbuz Raporlari/Izleme Kayitlari.feature' and extract report to folder: 'C:\Users\DELL\Downloads\EES_Katalon-main\Reports\20211021_140437\Suite Repository\e-Makbuz\20211021_140511/cucumber_report/1634815185960'...

2021-10-21 14:19:45 - [MESSAGE][INFO] - Glue: []

2021-10-21 14:19:47 - [MESSAGE][INFO] - Checking called Test Case

2021-10-21 14:19:47 - [MESSAGE][INFO] - Starting to call Test Case 'Test Cases/Sayfalar/Giris_Sayfasi/Login'

2021-10-21 14:19:47 - [TEST_CASE][PASSED] - Test Cases/Sayfalar/Giris_Sayfasi/Login: Test Cases/Sayfalar/Giris_Sayfasi/Login

2021-10-21 14:19:47 - [TEST_STEP][PASSED] - Sayfa_Basligi = getWindowTitle(): Current window's title is: 'LOGO e-Fatura'

2021-10-21 14:19:47 - [MESSAGE][INFO] - Getting current window's title

2021-10-21 14:19:47 - [MESSAGE][PASSED] - Current window's title is: 'LOGO e-Fatura'

2021-10-21 14:19:47 - [TEST_STEP][PASSED] - verifyMatch(Sayfa_Basligi, "LOGO e-Fatura", false): Actual text 'LOGO e-Fatura' and expected text 'LOGO e-Fatura' are matched 

2021-10-21 14:19:47 - [MESSAGE][INFO] - Matching actual text 'LOGO e-Fatura' with expected text 'LOGO e-Fatura'

2021-10-21 14:19:47 - [MESSAGE][PASSED] - Actual text 'LOGO e-Fatura' and expected text 'LOGO e-Fatura' are matched 

2021-10-21 14:19:47 - [TEST_STEP][PASSED] - sendKeys(findTestObject("Sayfalar/Giris_Sayfasi/Firma_Kodu"), KullaniciAdi): Keys 'ELOGO6' sent to object: 'Object Repository/Sayfalar/Giris_Sayfasi/Firma_Kodu'

2021-10-21 14:19:47 - [MESSAGE][INFO] - Finding Test Object 'Object Repository/Sayfalar/Giris_Sayfasi/Firma_Kodu'

2021-10-21 14:19:47 - [MESSAGE][INFO] - Sending keys 'ELOGO6' to object: 'Object Repository/Sayfalar/Giris_Sayfasi/Firma_Kodu'

2021-10-21 14:19:47 - [MESSAGE][INFO] - Finding web element from Test Object's properties

2021-10-21 14:19:47 - [MESSAGE][INFO] - Checking timeout

2021-10-21 14:19:47 - [MESSAGE][INFO] - Finding web element with id: 'Object Repository/Sayfalar/Giris_Sayfasi/Firma_Kodu' located by 'By.xpath: //*[@id = 'AccountName']' in '30' second(s)

2021-10-21 14:19:47 - [MESSAGE][INFO] - Smart Wait Function is triggered

2021-10-21 14:19:47 - [MESSAGE][INFO] - Found 1 web elements with id: 'Object Repository/Sayfalar/Giris_Sayfasi/Firma_Kodu' located by 'By.xpath: //*[@id = 'AccountName']' in '30' second(s)

2021-10-21 14:19:47 - [MESSAGE][PASSED] - Keys 'ELOGO6' sent to object: 'Object Repository/Sayfalar/Giris_Sayfasi/Firma_Kodu'

2021-10-21 14:19:47 - [TEST_STEP][PASSED] - sendKeys(findTestObject("Sayfalar/Giris_Sayfasi/Sifre"), Sifre): Keys '123456' sent to object: 'Object Repository/Sayfalar/Giris_Sayfasi/Sifre'

2021-10-21 14:19:47 - [MESSAGE][INFO] - Finding Test Object 'Object Repository/Sayfalar/Giris_Sayfasi/Sifre'

2021-10-21 14:19:48 - [MESSAGE][INFO] - Sending keys '123456' to object: 'Object Repository/Sayfalar/Giris_Sayfasi/Sifre'

2021-10-21 14:19:48 - [MESSAGE][INFO] - Finding web element from Test Object's properties

2021-10-21 14:19:48 - [MESSAGE][INFO] - Checking timeout

2021-10-21 14:19:48 - [MESSAGE][INFO] - Finding web element with id: 'Object Repository/Sayfalar/Giris_Sayfasi/Sifre' located by 'By.xpath: //*[@id = 'Password']' in '30' second(s)

2021-10-21 14:19:48 - [MESSAGE][INFO] - Smart Wait Function is triggered

2021-10-21 14:19:48 - [MESSAGE][INFO] - Found 1 web elements with id: 'Object Repository/Sayfalar/Giris_Sayfasi/Sifre' located by 'By.xpath: //*[@id = 'Password']' in '30' second(s)

2021-10-21 14:19:48 - [MESSAGE][PASSED] - Keys '123456' sent to object: 'Object Repository/Sayfalar/Giris_Sayfasi/Sifre'

2021-10-21 14:19:48 - [TEST_STEP][PASSED] - findWebElement(findTestObject("Sayfalar/Giris_Sayfasi/Giris_Butonu")).click(): Found 1 web elements with id: 'Object Repository/Sayfalar/Giris_Sayfasi/Giris_Butonu' located by 'By.cssSelector: #btnLogin' in '30' second(s)

2021-10-21 14:19:48 - [MESSAGE][INFO] - Finding Test Object 'Object Repository/Sayfalar/Giris_Sayfasi/Giris_Butonu'

2021-10-21 14:19:48 - [MESSAGE][INFO] - Finding web element from Test Object's properties

2021-10-21 14:19:48 - [MESSAGE][INFO] - Checking timeout

2021-10-21 14:19:48 - [MESSAGE][INFO] - Finding web element with id: 'Object Repository/Sayfalar/Giris_Sayfasi/Giris_Butonu' located by 'By.cssSelector: #btnLogin' in '30' second(s)

2021-10-21 14:19:48 - [MESSAGE][INFO] - Smart Wait Function is triggered

2021-10-21 14:19:49 - [MESSAGE][INFO] - Found 1 web elements with id: 'Object Repository/Sayfalar/Giris_Sayfasi/Giris_Butonu' located by 'By.cssSelector: #btnLogin' in '30' second(s)

2021-10-21 14:19:51 - [TEST_STEP][PASSED] - if (verifyElementPresent(findTestObject("Object Repository/Sayfalar/Giris_Sayfasi/RetveTamam_Butonu"), 5, OPTIONAL)): null

2021-10-21 14:19:51 - [MESSAGE][INFO] - Finding Test Object 'Object Repository/Sayfalar/Giris_Sayfasi/RetveTamam_Butonu'

2021-10-21 14:19:52 - [MESSAGE][INFO] - Checking object

2021-10-21 14:19:52 - [MESSAGE][INFO] - Finding web element from Test Object's properties

2021-10-21 14:19:52 - [MESSAGE][INFO] - Checking timeout

2021-10-21 14:19:52 - [MESSAGE][INFO] - Finding web element with id: 'Object Repository/Sayfalar/Giris_Sayfasi/RetveTamam_Butonu' located by 'By.xpath: //*[@class = 'btn btn-default']' in '5' second(s)

2021-10-21 14:19:52 - [MESSAGE][INFO] - Smart Wait Function is triggered

2021-10-21 14:19:52 - [MESSAGE][INFO] - Found 1 web elements with id: 'Object Repository/Sayfalar/Giris_Sayfasi/RetveTamam_Butonu' located by 'By.xpath: //*[@class = 'btn btn-default']' in '5' second(s)

2021-10-21 14:19:52 - [MESSAGE][PASSED] - Object 'Object Repository/Sayfalar/Giris_Sayfasi/RetveTamam_Butonu' is present

2021-10-21 14:19:52 - [TEST_STEP][PASSED] - click(findTestObject("Object Repository/Sayfalar/Giris_Sayfasi/RetveTamam_Butonu")): Object: 'Object Repository/Sayfalar/Giris_Sayfasi/RetveTamam_Butonu' is clicked on

2021-10-21 14:19:52 - [MESSAGE][INFO] - Finding Test Object 'Object Repository/Sayfalar/Giris_Sayfasi/RetveTamam_Butonu'

2021-10-21 14:19:52 - [MESSAGE][INFO] - Checking object

2021-10-21 14:19:52 - [MESSAGE][INFO] - Finding web element from Test Object's properties

2021-10-21 14:19:52 - [MESSAGE][INFO] - Checking timeout

2021-10-21 14:19:52 - [MESSAGE][INFO] - Finding web element with id: 'Object Repository/Sayfalar/Giris_Sayfasi/RetveTamam_Butonu' located by 'By.xpath: //*[@class = 'btn btn-default']' in '30' second(s)

2021-10-21 14:19:52 - [MESSAGE][INFO] - Smart Wait Function is triggered

2021-10-21 14:19:52 - [MESSAGE][INFO] - Found 1 web elements with id: 'Object Repository/Sayfalar/Giris_Sayfasi/RetveTamam_Butonu' located by 'By.xpath: //*[@class = 'btn btn-default']' in '30' second(s)

2021-10-21 14:19:52 - [MESSAGE][INFO] - Clicking on object: 'Object Repository/Sayfalar/Giris_Sayfasi/RetveTamam_Butonu'

2021-10-21 14:19:52 - [MESSAGE][PASSED] - Object: 'Object Repository/Sayfalar/Giris_Sayfasi/RetveTamam_Butonu' is clicked on

2021-10-21 14:19:52 - [TEST_STEP][PASSED] - click(findTestObject("Object Repository/Sayfalar/Giris_Sayfasi/RetveTamam_Butonu")): Object: 'Object Repository/Sayfalar/Giris_Sayfasi/RetveTamam_Butonu' is clicked on

2021-10-21 14:19:52 - [MESSAGE][INFO] - Finding Test Object 'Object Repository/Sayfalar/Giris_Sayfasi/RetveTamam_Butonu'

2021-10-21 14:19:53 - [MESSAGE][INFO] - Checking object

2021-10-21 14:19:53 - [MESSAGE][INFO] - Finding web element from Test Object's properties

2021-10-21 14:19:53 - [MESSAGE][INFO] - Checking timeout

2021-10-21 14:19:53 - [MESSAGE][INFO] - Finding web element with id: 'Object Repository/Sayfalar/Giris_Sayfasi/RetveTamam_Butonu' located by 'By.xpath: //*[@class = 'btn btn-default']' in '30' second(s)

2021-10-21 14:19:53 - [MESSAGE][INFO] - Smart Wait Function is triggered

2021-10-21 14:19:56 - [MESSAGE][INFO] - Found 1 web elements with id: 'Object Repository/Sayfalar/Giris_Sayfasi/RetveTamam_Butonu' located by 'By.xpath: //*[@class = 'btn btn-default']' in '30' second(s)

2021-10-21 14:19:56 - [MESSAGE][INFO] - Clicking on object: 'Object Repository/Sayfalar/Giris_Sayfasi/RetveTamam_Butonu'

2021-10-21 14:19:56 - [MESSAGE][PASSED] - Object: 'Object Repository/Sayfalar/Giris_Sayfasi/RetveTamam_Butonu' is clicked on

2021-10-21 14:19:56 - [TEST_STEP][PASSED] - if (verifyElementPresent(findTestObject("Sayfalar/Giris_Sayfasi/PopupOK"), 5, OPTIONAL)): null

2021-10-21 14:19:56 - [MESSAGE][INFO] - Finding Test Object 'Object Repository/Sayfalar/Giris_Sayfasi/PopupOK'

2021-10-21 14:19:56 - [MESSAGE][INFO] - Checking object

2021-10-21 14:19:56 - [MESSAGE][INFO] - Finding web element from Test Object's properties

2021-10-21 14:19:56 - [MESSAGE][INFO] - Checking timeout

2021-10-21 14:19:56 - [MESSAGE][INFO] - Finding web element with id: 'Object Repository/Sayfalar/Giris_Sayfasi/PopupOK' located by 'By.cssSelector: .btn.btn-success' in '5' second(s)

2021-10-21 14:19:56 - [MESSAGE][INFO] - Smart Wait Function is triggered

2021-10-21 14:19:57 - [MESSAGE][INFO] - Found 1 web elements with id: 'Object Repository/Sayfalar/Giris_Sayfasi/PopupOK' located by 'By.cssSelector: .btn.btn-success' in '5' second(s)

2021-10-21 14:19:57 - [MESSAGE][PASSED] - Object 'Object Repository/Sayfalar/Giris_Sayfasi/PopupOK' is present

2021-10-21 14:19:57 - [TEST_STEP][PASSED] - click(findTestObject("Object Repository/Sayfalar/Giris_Sayfasi/PopupCarpiGiris")): Object: 'Object Repository/Sayfalar/Giris_Sayfasi/PopupCarpiGiris' is clicked on

2021-10-21 14:19:57 - [MESSAGE][INFO] - Finding Test Object 'Object Repository/Sayfalar/Giris_Sayfasi/PopupCarpiGiris'

2021-10-21 14:19:57 - [MESSAGE][INFO] - Checking object

2021-10-21 14:19:57 - [MESSAGE][INFO] - Finding web element from Test Object's properties

2021-10-21 14:19:57 - [MESSAGE][INFO] - Checking timeout

2021-10-21 14:19:57 - [MESSAGE][INFO] - Finding web element with id: 'Object Repository/Sayfalar/Giris_Sayfasi/PopupCarpiGiris' located by 'By.cssSelector: .bootbox-close-button.close' in '30' second(s)

2021-10-21 14:19:57 - [MESSAGE][INFO] - Smart Wait Function is triggered

2021-10-21 14:19:57 - [MESSAGE][INFO] - Found 1 web elements with id: 'Object Repository/Sayfalar/Giris_Sayfasi/PopupCarpiGiris' located by 'By.cssSelector: .bootbox-close-button.close' in '30' second(s)

2021-10-21 14:19:57 - [MESSAGE][INFO] - Clicking on object: 'Object Repository/Sayfalar/Giris_Sayfasi/PopupCarpiGiris'

2021-10-21 14:19:57 - [MESSAGE][PASSED] - Object: 'Object Repository/Sayfalar/Giris_Sayfasi/PopupCarpiGiris' is clicked on

2021-10-21 14:19:57 - [TEST_STEP][PASSED] - verifyElementVisible(findTestObject("Object Repository/Kullanici_Islemleri/KullaniciIslemleri")): Object 'Object Repository/Kullanici_Islemleri/KullaniciIslemleri' is visible

2021-10-21 14:19:57 - [MESSAGE][INFO] - Finding Test Object 'Object Repository/Kullanici_Islemleri/KullaniciIslemleri'

2021-10-21 14:19:57 - [MESSAGE][INFO] - Checking object

2021-10-21 14:19:57 - [MESSAGE][INFO] - Finding web element from Test Object's properties

2021-10-21 14:19:57 - [MESSAGE][INFO] - Checking timeout

2021-10-21 14:19:57 - [MESSAGE][INFO] - Finding web element with id: 'Object Repository/Kullanici_Islemleri/KullaniciIslemleri' located by 'By.cssSelector: .dropdown>a>img' in '30' second(s)

2021-10-21 14:19:57 - [MESSAGE][INFO] - Smart Wait Function is triggered

2021-10-21 14:19:58 - [MESSAGE][INFO] - Found 1 web elements with id: 'Object Repository/Kullanici_Islemleri/KullaniciIslemleri' located by 'By.cssSelector: .dropdown>a>img' in '30' second(s)

2021-10-21 14:19:58 - [MESSAGE][PASSED] - Object 'Object Repository/Kullanici_Islemleri/KullaniciIslemleri' is visible

2021-10-21 14:19:58 - [MESSAGE][PASSED] - Call Test Case 'Test Cases/Sayfalar/Giris_Sayfasi/Login' successfully

2021-10-21 14:19:58 - [MESSAGE][INFO] - Checking called Test Case

2021-10-21 14:19:58 - [MESSAGE][INFO] - Starting to call Test Case 'Test Cases/Menu/AnaMenuSecimi'

2021-10-21 14:19:58 - [TEST_CASE][PASSED] - Test Cases/Menu/AnaMenuSecimi: Test Cases/Menu/AnaMenuSecimi

2021-10-21 14:19:58 - [TEST_STEP][PASSED] - Method.TextDegerineEsitElementeTikla(findTestObject("Menu/Ana_Menu"), Ana_Menu): Method.TextDegerineEsitElementeTikla is PASSED

2021-10-21 14:19:58 - [MESSAGE][INFO] - Finding Test Object 'Object Repository/Menu/Ana_Menu'

2021-10-21 14:19:58 - [MESSAGE][INFO] - Checking timeout

2021-10-21 14:19:58 - [MESSAGE][INFO] - Finding web element with id: 'Object Repository/Menu/Ana_Menu' located by 'By.xpath: //*[@class = 'dropdown-toggle']' in '10' second(s)

2021-10-21 14:19:58 - [MESSAGE][INFO] - Smart Wait Function is triggered

2021-10-21 14:19:58 - [MESSAGE][INFO] - Found 14 web elements with id: 'Object Repository/Menu/Ana_Menu' located by 'By.xpath: //*[@class = 'dropdown-toggle']' in '10' second(s)

2021-10-21 14:19:58 - [MESSAGE][PASSED] - Method.TextDegerineEsitElementeTikla is PASSED

2021-10-21 14:19:58 - [MESSAGE][PASSED] - Call Test Case 'Test Cases/Menu/AnaMenuSecimi' successfully

2021-10-21 14:19:58 - [MESSAGE][INFO] - Checking called Test Case

2021-10-21 14:19:58 - [MESSAGE][INFO] - Starting to call Test Case 'Test Cases/Menu/BasligaGoreAltMenuSecimi'

2021-10-21 14:19:58 - [TEST_CASE][PASSED] - Test Cases/Menu/BasligaGoreAltMenuSecimi: Test Cases/Menu/BasligaGoreAltMenuSecimi

2021-10-21 14:19:58 - [TEST_STEP][PASSED] - Method.TextDegerineEsitElementinAltindakiTextDegerineEsitOlanaTikla(findTestObject("Menu/Menu_Basligi"), findTestObject("Menu/Basliga_Gore_Alt_Menu"), Baslik, Alt_Menu): Method.TextDegerineEsitElementinAltindakiTextDegerineEsitOlanaTikla is PASSED

2021-10-21 14:19:58 - [MESSAGE][INFO] - Finding Test Object 'Object Repository/Menu/Menu_Basligi'

2021-10-21 14:19:59 - [MESSAGE][INFO] - Finding Test Object 'Object Repository/Menu/Basliga_Gore_Alt_Menu'

2021-10-21 14:19:59 - [MESSAGE][INFO] - Checking timeout

2021-10-21 14:19:59 - [MESSAGE][INFO] - Finding web element with id: 'Object Repository/Menu/Menu_Basligi' located by 'By.xpath: //li[@class='dropdown dropdown-large open']//li[@class='dropdown-header']' in '10' second(s)

2021-10-21 14:19:59 - [MESSAGE][INFO] - Smart Wait Function is triggered

2021-10-21 14:19:59 - [MESSAGE][INFO] - Found 2 web elements with id: 'Object Repository/Menu/Menu_Basligi' located by 'By.xpath: //li[@class='dropdown dropdown-large open']//li[@class='dropdown-header']' in '10' second(s)

2021-10-21 14:19:59 - [MESSAGE][INFO] - Smart Wait Function is triggered

2021-10-21 14:20:02 - [MESSAGE][PASSED] - Method.TextDegerineEsitElementinAltindakiTextDegerineEsitOlanaTikla is PASSED

2021-10-21 14:20:02 - [MESSAGE][PASSED] - Call Test Case 'Test Cases/Menu/BasligaGoreAltMenuSecimi' successfully

2021-10-21 14:20:02 - [MESSAGE][INFO] - Checking called Test Case

2021-10-21 14:20:02 - [MESSAGE][INFO] - Starting to call Test Case 'Test Cases/Filtreler/DropdownSec'

2021-10-21 14:20:02 - [TEST_CASE][PASSED] - Test Cases/Filtreler/DropdownSec: Test Cases/Filtreler/DropdownSec

2021-10-21 14:20:02 - [TEST_STEP][PASSED] - Method.TextDegerineEsitElementinAltindakineTikla(findTestObject("Filtreler/Basliklar"), findTestObject("Filtreler/Basliga_Gore_Baslangic_Image"), Filtre_Adi): Method.TextDegerineEsitElementinAltindakineTikla is PASSED

2021-10-21 14:20:02 - [MESSAGE][INFO] - Finding Test Object 'Object Repository/Filtreler/Basliklar'

2021-10-21 14:20:02 - [MESSAGE][INFO] - Finding Test Object 'Object Repository/Filtreler/Basliga_Gore_Baslangic_Image'

2021-10-21 14:20:02 - [MESSAGE][INFO] - Checking timeout

2021-10-21 14:20:02 - [MESSAGE][INFO] - Finding web element with id: 'Object Repository/Filtreler/Basliklar' located by 'By.cssSelector: .control-label.col-sm-4.paddingMarginRLC' in '10' second(s)

2021-10-21 14:20:02 - [MESSAGE][INFO] - Smart Wait Function is triggered

2021-10-21 14:20:02 - [MESSAGE][INFO] - Found 5 web elements with id: 'Object Repository/Filtreler/Basliklar' located by 'By.cssSelector: .control-label.col-sm-4.paddingMarginRLC' in '10' second(s)

2021-10-21 14:20:02 - [MESSAGE][INFO] - Smart Wait Function is triggered

2021-10-21 14:20:02 - [MESSAGE][PASSED] - Method.TextDegerineEsitElementinAltindakineTikla is PASSED

2021-10-21 14:20:02 - [TEST_STEP][PASSED] - Method.TextDegerineEsitElementeTikla(findTestObject("Object Repository/Filtreler/Basliga_Gore_Dropdown"), Filtre_Degeri): Method.TextDegerineEsitElementeTikla is PASSED

2021-10-21 14:20:02 - [MESSAGE][INFO] - Finding Test Object 'Object Repository/Filtreler/Basliga_Gore_Dropdown'

2021-10-21 14:20:03 - [MESSAGE][INFO] - Checking timeout

2021-10-21 14:20:03 - [MESSAGE][INFO] - Finding web element with id: 'Object Repository/Filtreler/Basliga_Gore_Dropdown' located by 'By.xpath: //*[@class = 'dxeListBoxItemRow_LECustomTheme']' in '10' second(s)

2021-10-21 14:20:03 - [MESSAGE][INFO] - Smart Wait Function is triggered

2021-10-21 14:20:03 - [MESSAGE][INFO] - Found 58 web elements with id: 'Object Repository/Filtreler/Basliga_Gore_Dropdown' located by 'By.xpath: //*[@class = 'dxeListBoxItemRow_LECustomTheme']' in '10' second(s)

2021-10-21 14:20:03 - [MESSAGE][PASSED] - Method.TextDegerineEsitElementeTikla is PASSED

2021-10-21 14:20:03 - [MESSAGE][PASSED] - Call Test Case 'Test Cases/Filtreler/DropdownSec' successfully

2021-10-21 14:20:03 - [MESSAGE][INFO] - Checking called Test Case

2021-10-21 14:20:03 - [MESSAGE][INFO] - Starting to call Test Case 'Test Cases/Filtreler/BaslangicYaz'

2021-10-21 14:20:03 - [TEST_CASE][PASSED] - Test Cases/Filtreler/BaslangicYaz: Test Cases/Filtreler/BaslangicYaz

2021-10-21 14:20:03 - [TEST_STEP][PASSED] - Method.TextDegerineEsitElementinAltindakineTikla(findTestObject("Filtreler/Basliklar"), findTestObject("Filtreler/Basliga_Gore_Baslangic_Image"), Filtre_Adi): Method.TextDegerineEsitElementinAltindakineTikla is PASSED

2021-10-21 14:20:03 - [MESSAGE][INFO] - Finding Test Object 'Object Repository/Filtreler/Basliklar'

2021-10-21 14:20:03 - [MESSAGE][INFO] - Finding Test Object 'Object Repository/Filtreler/Basliga_Gore_Baslangic_Image'

2021-10-21 14:20:03 - [MESSAGE][INFO] - Checking timeout

2021-10-21 14:20:03 - [MESSAGE][INFO] - Finding web element with id: 'Object Repository/Filtreler/Basliklar' located by 'By.cssSelector: .control-label.col-sm-4.paddingMarginRLC' in '10' second(s)

2021-10-21 14:20:03 - [MESSAGE][INFO] - Smart Wait Function is triggered

2021-10-21 14:20:04 - [MESSAGE][INFO] - Found 5 web elements with id: 'Object Repository/Filtreler/Basliklar' located by 'By.cssSelector: .control-label.col-sm-4.paddingMarginRLC' in '10' second(s)

2021-10-21 14:20:04 - [MESSAGE][INFO] - Smart Wait Function is triggered

2021-10-21 14:20:04 - [MESSAGE][PASSED] - Method.TextDegerineEsitElementinAltindakineTikla is PASSED

2021-10-21 14:20:04 - [TEST_STEP][PASSED] - Method.TextDegerineEsitElementinAltindakiTextboxtaYaz(findTestObject("Filtreler/Basliklar"), findTestObject("Filtreler/Basliga_Gore_Baslangic"), Filtre_Adi, Filtre_Degeri): Method.TextDegerineEsitElementinAltindakiTextboxtaYaz is PASSED

2021-10-21 14:20:04 - [MESSAGE][INFO] - Finding Test Object 'Object Repository/Filtreler/Basliklar'

2021-10-21 14:20:04 - [MESSAGE][INFO] - Finding Test Object 'Object Repository/Filtreler/Basliga_Gore_Baslangic'

2021-10-21 14:20:04 - [MESSAGE][INFO] - Checking timeout

2021-10-21 14:20:04 - [MESSAGE][INFO] - Finding web element with id: 'Object Repository/Filtreler/Basliklar' located by 'By.cssSelector: .control-label.col-sm-4.paddingMarginRLC' in '10' second(s)

2021-10-21 14:20:04 - [MESSAGE][INFO] - Smart Wait Function is triggered

2021-10-21 14:20:05 - [MESSAGE][INFO] - Found 5 web elements with id: 'Object Repository/Filtreler/Basliklar' located by 'By.cssSelector: .control-label.col-sm-4.paddingMarginRLC' in '10' second(s)

2021-10-21 14:20:05 - [MESSAGE][INFO] - Smart Wait Function is triggered

2021-10-21 14:20:05 - [MESSAGE][PASSED] - Method.TextDegerineEsitElementinAltindakiTextboxtaYaz is PASSED

2021-10-21 14:20:05 - [MESSAGE][PASSED] - Call Test Case 'Test Cases/Filtreler/BaslangicYaz' successfully

2021-10-21 14:20:05 - [MESSAGE][INFO] - Checking called Test Case

2021-10-21 14:20:05 - [MESSAGE][INFO] - Starting to call Test Case 'Test Cases/Filtreler/BitisYaz'

2021-10-21 14:20:05 - [TEST_CASE][PASSED] - Test Cases/Filtreler/BitisYaz: Test Cases/Filtreler/BitisYaz

2021-10-21 14:20:05 - [TEST_STEP][PASSED] - Method.TextDegerineEsitElementinAltindakineTikla(findTestObject("Filtreler/Basliklar"), findTestObject("Filtreler/Basliga_Gore_Bitis_Image"), Filtre_Adi): Method.TextDegerineEsitElementinAltindakineTikla is PASSED

2021-10-21 14:20:05 - [MESSAGE][INFO] - Finding Test Object 'Object Repository/Filtreler/Basliklar'

2021-10-21 14:20:05 - [MESSAGE][INFO] - Finding Test Object 'Object Repository/Filtreler/Basliga_Gore_Bitis_Image'

2021-10-21 14:20:05 - [MESSAGE][INFO] - Checking timeout

2021-10-21 14:20:05 - [MESSAGE][INFO] - Finding web element with id: 'Object Repository/Filtreler/Basliklar' located by 'By.cssSelector: .control-label.col-sm-4.paddingMarginRLC' in '10' second(s)

2021-10-21 14:20:05 - [MESSAGE][INFO] - Smart Wait Function is triggered

2021-10-21 14:20:06 - [MESSAGE][INFO] - Found 5 web elements with id: 'Object Repository/Filtreler/Basliklar' located by 'By.cssSelector: .control-label.col-sm-4.paddingMarginRLC' in '10' second(s)

2021-10-21 14:20:06 - [MESSAGE][INFO] - Smart Wait Function is triggered

2021-10-21 14:20:06 - [MESSAGE][PASSED] - Method.TextDegerineEsitElementinAltindakineTikla is PASSED

2021-10-21 14:20:06 - [TEST_STEP][PASSED] - Method.TextDegerineEsitElementinAltindakiTextboxtaYaz(findTestObject("Filtreler/Basliklar"), findTestObject("Object Repository/Filtreler/Basliga_Gore_Bitis"), Filtre_Adi, Filtre_Degeri): Method.TextDegerineEsitElementinAltindakiTextboxtaYaz is PASSED

2021-10-21 14:20:06 - [MESSAGE][INFO] - Finding Test Object 'Object Repository/Filtreler/Basliklar'

2021-10-21 14:20:06 - [MESSAGE][INFO] - Finding Test Object 'Object Repository/Filtreler/Basliga_Gore_Bitis'

2021-10-21 14:20:06 - [MESSAGE][INFO] - Checking timeout

2021-10-21 14:20:06 - [MESSAGE][INFO] - Finding web element with id: 'Object Repository/Filtreler/Basliklar' located by 'By.cssSelector: .control-label.col-sm-4.paddingMarginRLC' in '10' second(s)

2021-10-21 14:20:06 - [MESSAGE][INFO] - Smart Wait Function is triggered

2021-10-21 14:20:07 - [MESSAGE][INFO] - Found 5 web elements with id: 'Object Repository/Filtreler/Basliklar' located by 'By.cssSelector: .control-label.col-sm-4.paddingMarginRLC' in '10' second(s)

2021-10-21 14:20:07 - [MESSAGE][INFO] - Smart Wait Function is triggered

2021-10-21 14:20:07 - [MESSAGE][PASSED] - Method.TextDegerineEsitElementinAltindakiTextboxtaYaz is PASSED

2021-10-21 14:20:07 - [MESSAGE][PASSED] - Call Test Case 'Test Cases/Filtreler/BitisYaz' successfully

2021-10-21 14:20:07 - [MESSAGE][INFO] - Checking called Test Case

2021-10-21 14:20:07 - [MESSAGE][INFO] - Starting to call Test Case 'Test Cases/Filtreler/ButonaTikla'

2021-10-21 14:20:07 - [TEST_CASE][PASSED] - Test Cases/Filtreler/ButonaTikla: Test Cases/Filtreler/ButonaTikla

2021-10-21 14:20:07 - [TEST_STEP][PASSED] - Method.TextDegerineEsitElementeTikla(findTestObject("Filtreler/Butonlar"), Filtre_Buton): Method.TextDegerineEsitElementeTikla is PASSED

2021-10-21 14:20:07 - [MESSAGE][INFO] - Finding Test Object 'Object Repository/Filtreler/Butonlar'

2021-10-21 14:20:07 - [MESSAGE][INFO] - Checking timeout

2021-10-21 14:20:07 - [MESSAGE][INFO] - Finding web element with id: 'Object Repository/Filtreler/Butonlar' located by 'By.cssSelector: .dxb>span' in '10' second(s)

2021-10-21 14:20:07 - [MESSAGE][INFO] - Smart Wait Function is triggered

2021-10-21 14:20:08 - [MESSAGE][INFO] - Found 3 web elements with id: 'Object Repository/Filtreler/Butonlar' located by 'By.cssSelector: .dxb>span' in '10' second(s)

2021-10-21 14:20:08 - [MESSAGE][PASSED] - Method.TextDegerineEsitElementeTikla is PASSED

2021-10-21 14:20:08 - [MESSAGE][PASSED] - Call Test Case 'Test Cases/Filtreler/ButonaTikla' successfully

2021-10-21 14:20:08 - [MESSAGE][INFO] - Checking called Test Case

2021-10-21 14:20:08 - [MESSAGE][INFO] - Starting to call Test Case 'Test Cases/Tablo/TablodaVeriVarMi'

2021-10-21 14:20:08 - [TEST_CASE][PASSED] - Test Cases/Tablo/TablodaVeriVarMi: Test Cases/Tablo/TablodaVeriVarMi

2021-10-21 14:20:08 - [TEST_STEP][PASSED] - verifyTextNotPresent("Görüntülenecek veri yok", true): Text 'Görüntülenecek veri yok' is not present on page using regular expression

2021-10-21 14:20:08 - [MESSAGE][INFO] - Checking text present  using regular expression

2021-10-21 14:20:08 - [MESSAGE][INFO] - Smart Wait Function is triggered

2021-10-21 14:20:09 - [MESSAGE][INFO] - Finding text 'Görüntülenecek veri yok' on page  using regular expression

2021-10-21 14:20:09 - [MESSAGE][PASSED] - Text 'Görüntülenecek veri yok' is not present on page using regular expression

2021-10-21 14:20:09 - [MESSAGE][PASSED] - Call Test Case 'Test Cases/Tablo/TablodaVeriVarMi' successfully

2021-10-21 14:20:09 - [MESSAGE][INFO] - Checking called Test Case

2021-10-21 14:20:09 - [MESSAGE][INFO] - Starting to call Test Case 'Test Cases/Tablo/TablodanVeriSec'

2021-10-21 14:20:09 - [TEST_CASE][PASSED] - Test Cases/Tablo/TablodanVeriSec: Test Cases/Tablo/TablodanVeriSec

2021-10-21 14:20:09 - [TEST_STEP][PASSED] - Method.TextDegerineEsitElementinAltindakineTikla(findTestObject("Tablo/Veriler"), findTestObject("Tablo/VerininCheckBoxi"), Veri_Adi): Method.TextDegerineEsitElementinAltindakineTikla is PASSED

2021-10-21 14:20:09 - [MESSAGE][INFO] - Finding Test Object 'Object Repository/Tablo/Veriler'

2021-10-21 14:20:09 - [MESSAGE][INFO] - Finding Test Object 'Object Repository/Tablo/VerininCheckBoxi'

2021-10-21 14:20:09 - [MESSAGE][INFO] - Checking timeout

2021-10-21 14:20:09 - [MESSAGE][INFO] - Finding web element with id: 'Object Repository/Tablo/Veriler' located by 'By.cssSelector: td.dxgv b ,td.dxgv' in '10' second(s)

2021-10-21 14:20:09 - [MESSAGE][INFO] - Smart Wait Function is triggered

2021-10-21 14:20:09 - [MESSAGE][INFO] - Found 120 web elements with id: 'Object Repository/Tablo/Veriler' located by 'By.cssSelector: td.dxgv b ,td.dxgv' in '10' second(s)

2021-10-21 14:20:10 - [MESSAGE][INFO] - Smart Wait Function is triggered

2021-10-21 14:20:10 - [MESSAGE][PASSED] - Method.TextDegerineEsitElementinAltindakineTikla is PASSED

2021-10-21 14:20:10 - [MESSAGE][PASSED] - Call Test Case 'Test Cases/Tablo/TablodanVeriSec' successfully

2021-10-21 14:20:10 - [MESSAGE][INFO] - Checking called Test Case

2021-10-21 14:20:10 - [MESSAGE][INFO] - Starting to call Test Case 'Test Cases/Butonlar/ButonaTikla'

2021-10-21 14:20:11 - [TEST_CASE][PASSED] - Test Cases/Butonlar/ButonaTikla: Test Cases/Butonlar/ButonaTikla

2021-10-21 14:20:11 - [TEST_STEP][PASSED] - Method.TextDegerineEsitElementeTiklaEquals(findTestObject("Butonlar/Butonlar"), Buton_Adi): Method.TextDegerineEsitElementeTiklaEquals is PASSED

2021-10-21 14:20:11 - [MESSAGE][INFO] - Finding Test Object 'Object Repository/Butonlar/Butonlar'

2021-10-21 14:20:11 - [MESSAGE][INFO] - Checking timeout

2021-10-21 14:20:11 - [MESSAGE][INFO] - Finding web element with id: 'Object Repository/Butonlar/Butonlar' located by 'By.cssSelector: .panel.panel-default.text-center.footerPanel .btn,.btn.btn-primary.btnControls' in '10' second(s)

2021-10-21 14:20:11 - [MESSAGE][INFO] - Smart Wait Function is triggered

2021-10-21 14:20:11 - [MESSAGE][INFO] - Found 6 web elements with id: 'Object Repository/Butonlar/Butonlar' located by 'By.cssSelector: .panel.panel-default.text-center.footerPanel .btn,.btn.btn-primary.btnControls' in '10' second(s)

2021-10-21 14:20:11 - [MESSAGE][PASSED] - Method.TextDegerineEsitElementeTiklaEquals is PASSED

2021-10-21 14:20:11 - [MESSAGE][PASSED] - Call Test Case 'Test Cases/Butonlar/ButonaTikla' successfully

2021-10-21 14:20:11 - [MESSAGE][INFO] - Checking called Test Case

2021-10-21 14:20:11 - [MESSAGE][INFO] - Starting to call Test Case 'Test Cases/Sekmeler/YeniSekmeyeGec'

2021-10-21 14:20:11 - [TEST_CASE][PASSED] - Test Cases/Sekmeler/YeniSekmeyeGec: Test Cases/Sekmeler/YeniSekmeyeGec

2021-10-21 14:20:11 - [TEST_STEP][PASSED] - switchToWindowIndex(1): Switched to window with index: '1'

2021-10-21 14:20:11 - [MESSAGE][INFO] - Checking index

2021-10-21 14:20:11 - [MESSAGE][INFO] - Switching window with index: '1'

2021-10-21 14:20:11 - [MESSAGE][PASSED] - Switched to window with index: '1'

2021-10-21 14:20:11 - [MESSAGE][PASSED] - Call Test Case 'Test Cases/Sekmeler/YeniSekmeyeGec' successfully

2021-10-21 14:20:11 - [MESSAGE][INFO] - Checking called Test Case

2021-10-21 14:20:11 - [MESSAGE][INFO] - Starting to call Test Case 'Test Cases/Sekmeler/GecmisGeldiMi'

2021-10-21 14:20:11 - [TEST_CASE][PASSED] - Test Cases/Sekmeler/GecmisGeldiMi: Test Cases/Sekmeler/GecmisGeldiMi

2021-10-21 14:20:11 - [TEST_STEP][PASSED] - waitForElementVisible(findTestObject("Object Repository/Sekmeler/GecmisBaslik"), 10): Object 'Object Repository/Sekmeler/GecmisBaslik' is visible

2021-10-21 14:20:11 - [MESSAGE][INFO] - Finding Test Object 'Object Repository/Sekmeler/GecmisBaslik'

2021-10-21 14:20:12 - [MESSAGE][INFO] - Checking object

2021-10-21 14:20:12 - [MESSAGE][INFO] - Checking timeout

2021-10-21 14:20:12 - [MESSAGE][INFO] - Finding web element from Test Object's properties

2021-10-21 14:20:12 - [MESSAGE][INFO] - Checking timeout

2021-10-21 14:20:12 - [MESSAGE][INFO] - Finding web element with id: 'Object Repository/Sekmeler/GecmisBaslik' located by 'By.cssSelector: .dxnb-ghtext.dx-vam' in '10' second(s)

2021-10-21 14:20:12 - [MESSAGE][INFO] - Smart Wait Function is triggered

2021-10-21 14:20:27 - [MESSAGE][INFO] - Found 1 web elements with id: 'Object Repository/Sekmeler/GecmisBaslik' located by 'By.cssSelector: .dxnb-ghtext.dx-vam' in '10' second(s)

2021-10-21 14:20:27 - [MESSAGE][PASSED] - Object 'Object Repository/Sekmeler/GecmisBaslik' is visible

2021-10-21 14:20:27 - [TEST_STEP][PASSED] - if (!(getText(findTestObject("Object Repository/Sekmeler/GecmisBaslik")).contains(Baslik))): Text of object 'Object Repository/Sekmeler/GecmisBaslik' is: 'Serbest Meslek Makbuzu Rapor İzleme Kayıtları - 1641'

2021-10-21 14:20:27 - [MESSAGE][INFO] - Finding Test Object 'Object Repository/Sekmeler/GecmisBaslik'

2021-10-21 14:20:27 - [MESSAGE][INFO] - Checking object

2021-10-21 14:20:27 - [MESSAGE][INFO] - Finding web element from Test Object's properties

2021-10-21 14:20:27 - [MESSAGE][INFO] - Checking timeout

2021-10-21 14:20:27 - [MESSAGE][INFO] - Finding web element with id: 'Object Repository/Sekmeler/GecmisBaslik' located by 'By.cssSelector: .dxnb-ghtext.dx-vam' in '30' second(s)

2021-10-21 14:20:27 - [MESSAGE][INFO] - Smart Wait Function is triggered

2021-10-21 14:20:27 - [MESSAGE][INFO] - Found 1 web elements with id: 'Object Repository/Sekmeler/GecmisBaslik' located by 'By.cssSelector: .dxnb-ghtext.dx-vam' in '30' second(s)

2021-10-21 14:20:27 - [MESSAGE][INFO] - Getting text of object 'Object Repository/Sekmeler/GecmisBaslik'

2021-10-21 14:20:27 - [MESSAGE][PASSED] - Text of object 'Object Repository/Sekmeler/GecmisBaslik' is: 'Serbest Meslek Makbuzu Rapor İzleme Kayıtları - 1641'

2021-10-21 14:20:27 - [MESSAGE][PASSED] - Call Test Case 'Test Cases/Sekmeler/GecmisGeldiMi' successfully

2021-10-21 14:20:27 - [MESSAGE][INFO] - Checking called Test Case

2021-10-21 14:20:27 - [MESSAGE][INFO] - Starting to call Test Case 'Test Cases/Sekmeler/Ana_Sekmeye_Gec'

2021-10-21 14:20:28 - [TEST_CASE][PASSED] - Test Cases/Sekmeler/Ana_Sekmeye_Gec: Test Cases/Sekmeler/Ana_Sekmeye_Gec

2021-10-21 14:20:28 - [TEST_STEP][PASSED] - try: Window with index 1 is closed

2021-10-21 14:20:28 - [TEST_STEP][PASSED] - index = getWindowIndex(): Current window's index is: 1

2021-10-21 14:20:28 - [MESSAGE][INFO] - Getting current window's index

2021-10-21 14:20:28 - [MESSAGE][PASSED] - Current window's index is: 1

2021-10-21 14:20:28 - [TEST_STEP][PASSED] - closeWindowIndex(index): Window with index 1 is closed

2021-10-21 14:20:28 - [MESSAGE][INFO] - Checking index

2021-10-21 14:20:28 - [MESSAGE][INFO] - Closing window with index 1

2021-10-21 14:20:28 - [MESSAGE][PASSED] - Window with index 1 is closed

2021-10-21 14:20:28 - [TEST_STEP][PASSED] - switchToWindowIndex(0): Switched to window with index: '0'

2021-10-21 14:20:28 - [MESSAGE][INFO] - Checking index

2021-10-21 14:20:28 - [MESSAGE][INFO] - Switching window with index: '0'

2021-10-21 14:20:28 - [MESSAGE][PASSED] - Switched to window with index: '0'

2021-10-21 14:20:28 - [MESSAGE][PASSED] - Call Test Case 'Test Cases/Sekmeler/Ana_Sekmeye_Gec' successfully

2021-10-21 14:20:28 - [MESSAGE][INFO] - Checking called Test Case

2021-10-21 14:20:28 - [MESSAGE][INFO] - Starting to call Test Case 'Test Cases/Kullanici_Islemleri/KullaniciIslemlerindenSecimYapilir'

2021-10-21 14:20:28 - [TEST_CASE][PASSED] - Test Cases/Kullanici_Islemleri/KullaniciIslemlerindenSecimYapilir: Test Cases/Kullanici_Islemleri/KullaniciIslemlerindenSecimYapilir

2021-10-21 14:20:28 - [TEST_STEP][PASSED] - waitForElementClickable(findTestObject("Object Repository/Kullanici_Islemleri/KullaniciIslemleri"), 10): Object 'Object Repository/Kullanici_Islemleri/KullaniciIslemleri' is clickable

2021-10-21 14:20:28 - [MESSAGE][INFO] - Finding Test Object 'Object Repository/Kullanici_Islemleri/KullaniciIslemleri'

2021-10-21 14:20:28 - [MESSAGE][INFO] - Checking object

2021-10-21 14:20:28 - [MESSAGE][INFO] - Checking timeout

2021-10-21 14:20:28 - [MESSAGE][INFO] - Finding web element from Test Object's properties

2021-10-21 14:20:28 - [MESSAGE][INFO] - Checking timeout

2021-10-21 14:20:28 - [MESSAGE][INFO] - Finding web element with id: 'Object Repository/Kullanici_Islemleri/KullaniciIslemleri' located by 'By.cssSelector: .dropdown>a>img' in '10' second(s)

2021-10-21 14:20:28 - [MESSAGE][INFO] - Smart Wait Function is triggered

2021-10-21 14:20:28 - [MESSAGE][INFO] - Found 1 web elements with id: 'Object Repository/Kullanici_Islemleri/KullaniciIslemleri' located by 'By.cssSelector: .dropdown>a>img' in '10' second(s)

2021-10-21 14:20:28 - [MESSAGE][PASSED] - Object 'Object Repository/Kullanici_Islemleri/KullaniciIslemleri' is clickable

2021-10-21 14:20:28 - [TEST_STEP][PASSED] - click(findTestObject("Object Repository/Kullanici_Islemleri/KullaniciIslemleri")): Object: 'Object Repository/Kullanici_Islemleri/KullaniciIslemleri' is clicked on

2021-10-21 14:20:28 - [MESSAGE][INFO] - Finding Test Object 'Object Repository/Kullanici_Islemleri/KullaniciIslemleri'

2021-10-21 14:20:28 - [MESSAGE][INFO] - Checking object

2021-10-21 14:20:28 - [MESSAGE][INFO] - Finding web element from Test Object's properties

2021-10-21 14:20:28 - [MESSAGE][INFO] - Checking timeout

2021-10-21 14:20:28 - [MESSAGE][INFO] - Finding web element with id: 'Object Repository/Kullanici_Islemleri/KullaniciIslemleri' located by 'By.cssSelector: .dropdown>a>img' in '30' second(s)

2021-10-21 14:20:28 - [MESSAGE][INFO] - Smart Wait Function is triggered

2021-10-21 14:20:29 - [MESSAGE][INFO] - Found 1 web elements with id: 'Object Repository/Kullanici_Islemleri/KullaniciIslemleri' located by 'By.cssSelector: .dropdown>a>img' in '30' second(s)

2021-10-21 14:20:29 - [MESSAGE][INFO] - Clicking on object: 'Object Repository/Kullanici_Islemleri/KullaniciIslemleri'

2021-10-21 14:20:29 - [MESSAGE][PASSED] - Object: 'Object Repository/Kullanici_Islemleri/KullaniciIslemleri' is clicked on

2021-10-21 14:20:29 - [TEST_STEP][PASSED] - Method.TextDegerineEsitElementeTikla(findTestObject("Object Repository/Kullanici_Islemleri/Secenekler"), Islem): Method.TextDegerineEsitElementeTikla is PASSED

2021-10-21 14:20:29 - [MESSAGE][INFO] - Finding Test Object 'Object Repository/Kullanici_Islemleri/Secenekler'

2021-10-21 14:20:29 - [MESSAGE][INFO] - Checking timeout

2021-10-21 14:20:29 - [MESSAGE][INFO] - Finding web element with id: 'Object Repository/Kullanici_Islemleri/Secenekler' located by 'By.cssSelector: .nav.navbar-nav.navbar-right li a' in '10' second(s)

2021-10-21 14:20:29 - [MESSAGE][INFO] - Smart Wait Function is triggered

2021-10-21 14:20:29 - [MESSAGE][INFO] - Found 22 web elements with id: 'Object Repository/Kullanici_Islemleri/Secenekler' located by 'By.cssSelector: .nav.navbar-nav.navbar-right li a' in '10' second(s)

2021-10-21 14:20:31 - [MESSAGE][PASSED] - Method.TextDegerineEsitElementeTikla is PASSED

2021-10-21 14:20:31 - [TEST_STEP][PASSED] - verifyElementNotPresent(findTestObject("Object Repository/Kullanici_Islemleri/Secenekler"), 10): Web element with id: 'Object Repository/Kullanici_Islemleri/Secenekler' located by 'By.cssSelector: .nav.navbar-nav.navbar-right li a' is not present after '10' second(s)

2021-10-21 14:20:31 - [MESSAGE][INFO] - Finding Test Object 'Object Repository/Kullanici_Islemleri/Secenekler'

2021-10-21 14:20:31 - [MESSAGE][INFO] - Checking object

2021-10-21 14:20:31 - [MESSAGE][INFO] - Checking timeout

2021-10-21 14:20:31 - [MESSAGE][INFO] - Finding web element with id: 'Object Repository/Kullanici_Islemleri/Secenekler' located by 'By.cssSelector: .nav.navbar-nav.navbar-right li a' in '10' second(s)

2021-10-21 14:20:31 - [MESSAGE][INFO] - Smart Wait Function is triggered

2021-10-21 14:20:31 - [MESSAGE][PASSED] - Web element with id: 'Object Repository/Kullanici_Islemleri/Secenekler' located by 'By.cssSelector: .nav.navbar-nav.navbar-right li a' is not present after '10' second(s)

2021-10-21 14:20:31 - [MESSAGE][PASSED] - Call Test Case 'Test Cases/Kullanici_Islemleri/KullaniciIslemlerindenSecimYapilir' successfully

2021-10-21 14:20:31 - [TEST_CASE][PASSED] - Start Test Case : SCENARIO e-Serbest Meslek Makbuz Raporlari: SCENARIO e-Serbest Meslek Makbuz Raporlari

2021-10-21 14:20:31 - [TEST_STEP][PASSED] - Kullanıcı adı ELOGO6 ve Şifre 123456 olarak giriş yapılır: Kullanıcı adı ELOGO6 ve Şifre 123456 olarak giriş yapılır

2021-10-21 14:20:31 - [MESSAGE][PASSED] - Kullanıcı adı ELOGO6 ve Şifre 123456 olarak giriş yapılır

2021-10-21 14:20:31 - [TEST_STEP][PASSED] - Ana menüden e-Makbuz seçilir: Ana menüden e-Makbuz seçilir

2021-10-21 14:20:31 - [MESSAGE][PASSED] - Ana menüden e-Makbuz seçilir

2021-10-21 14:20:31 - [TEST_STEP][PASSED] - Alt menü e-Serbest Meslek Uygulaması başlığı altındaki e-Serbest Meslek Makbuz Raporları seçilir: Alt menü e-Serbest Meslek Uygulaması başlığı altındaki e-Serbest Meslek Makbuz Raporları seçilir

2021-10-21 14:20:31 - [MESSAGE][PASSED] - Alt menü e-Serbest Meslek Uygulaması başlığı altındaki e-Serbest Meslek Makbuz Raporları seçilir

2021-10-21 14:20:31 - [TEST_STEP][PASSED] - Filtrelerden Dönem Tarihi filtresine 2021 Ocak dropdowndan degeri seçilir: Filtrelerden Dönem Tarihi filtresine 2021 Ocak dropdowndan degeri seçilir

2021-10-21 14:20:31 - [MESSAGE][PASSED] - Filtrelerden Dönem Tarihi filtresine 2021 Ocak dropdowndan degeri seçilir

2021-10-21 14:20:31 - [TEST_STEP][PASSED] - Filtrelerden Bölüm Tarihi filtresine 11.01.2021 baslangic degerini yaz: Filtrelerden Bölüm Tarihi filtresine 11.01.2021 baslangic degerini yaz

2021-10-21 14:20:31 - [MESSAGE][PASSED] - Filtrelerden Bölüm Tarihi filtresine 11.01.2021 baslangic degerini yaz

2021-10-21 14:20:31 - [TEST_STEP][PASSED] - Filtrelerden Bölüm Tarihi filtresine 11.01.2021 bitis degerini yaz: Filtrelerden Bölüm Tarihi filtresine 11.01.2021 bitis degerini yaz

2021-10-21 14:20:31 - [MESSAGE][PASSED] - Filtrelerden Bölüm Tarihi filtresine 11.01.2021 bitis degerini yaz

2021-10-21 14:20:31 - [TEST_STEP][PASSED] - Filtre butonlarından Listele seçilir: Filtre butonlarından Listele seçilir

2021-10-21 14:20:31 - [MESSAGE][PASSED] - Filtre butonlarından Listele seçilir

2021-10-21 14:20:31 - [TEST_STEP][PASSED] - Tabloda veri var mı kontrol edilir: Tabloda veri var mı kontrol edilir

2021-10-21 14:20:31 - [MESSAGE][PASSED] - Tabloda veri var mı kontrol edilir

2021-10-21 14:20:31 - [TEST_STEP][PASSED] - Tablodan 1641 isimli veri seçilir: Tablodan 1641 isimli veri seçilir

2021-10-21 14:20:31 - [MESSAGE][PASSED] - Tablodan 1641 isimli veri seçilir

2021-10-21 14:20:31 - [TEST_STEP][PASSED] - Butonlardan İzleme Kayıtları isimli butona tıklanır: Butonlardan İzleme Kayıtları isimli butona tıklanır

2021-10-21 14:20:31 - [MESSAGE][PASSED] - Butonlardan İzleme Kayıtları isimli butona tıklanır

2021-10-21 14:20:31 - [TEST_STEP][PASSED] - Yeni açılan sekmeye geçilir: Yeni açılan sekmeye geçilir

2021-10-21 14:20:31 - [MESSAGE][PASSED] - Yeni açılan sekmeye geçilir

2021-10-21 14:20:31 - [TEST_STEP][PASSED] - Serbest Meslek Makbuzu Rapor İzleme Kayıtları baslikli gecmis sayfasi geldi mi: Serbest Meslek Makbuzu Rapor İzleme Kayıtları baslikli gecmis sayfasi geldi mi

2021-10-21 14:20:31 - [MESSAGE][PASSED] - Serbest Meslek Makbuzu Rapor İzleme Kayıtları baslikli gecmis sayfasi geldi mi

2021-10-21 14:20:31 - [TEST_STEP][PASSED] - Ana sekmeye geçilir: Ana sekmeye geçilir

2021-10-21 14:20:31 - [MESSAGE][PASSED] - Ana sekmeye geçilir

2021-10-21 14:20:31 - [TEST_STEP][PASSED] - Kullanıcı işlemlerinden Çıkış seçilir: Kullanıcı işlemlerinden Çıkış seçilir

2021-10-21 14:20:31 - [MESSAGE][PASSED] - Kullanıcı işlemlerinden Çıkış seçilir

2021-10-21 14:20:31 - [MESSAGE][PASSED] - Feature file: 'Include/features/e-Makbuz/e-Serbest Meslek Uygulaması/e-Serbest Meslek Makbuz Raporlari/Izleme Kayitlari.feature' was passed

2021-10-21 14:20:31 - [TEST_STEP][PASSED] - Start listener action : sampleAfterTestSuite: Invoke 'com.kms.katalon.core.annotation.AfterTestCase' method: 'Listener.sampleAfterTestSuite(...)' completed.

2021-10-21 14:20:31 - [MESSAGE][INFO] - Starting invoke 'com.kms.katalon.core.annotation.AfterTestCase' method: 'Listener.sampleAfterTestSuite(...)'

2021-10-21 14:20:31 - [TEST_STEP][PASSED] - closeBrowser(): Invoke 'com.kms.katalon.core.annotation.AfterTestCase' method: 'Listener.sampleAfterTestSuite(...)' completed.

2021-10-21 14:20:31 - [MESSAGE][INFO] - Closing browser

2021-10-21 14:20:32 - [MESSAGE][PASSED] - Browser is closed

2021-10-21 14:20:32 - [MESSAGE][INFO] - Invoke 'com.kms.katalon.core.annotation.AfterTestCase' method: 'Listener.sampleAfterTestSuite(...)' completed.]]></system-out>
         <system-err><![CDATA[]]></system-err>
      </testcase>
      <testcase name="Test Cases/Case Repository/e-Makbuz/e-Serbest Meslek Uygulamasi/e-Serbest Meslek Makbuz Raporlari/Rapor" time="36.165" classname="Test Cases/Case Repository/e-Makbuz/e-Serbest Meslek Uygulamasi/e-Serbest Meslek Makbuz Raporlari/Rapor" status="PASSED">
         <system-out><![CDATA[2021-10-21 14:20:32 - [TEST_CASE][PASSED] - Test Cases/Case Repository/e-Makbuz/e-Serbest Meslek Uygulamasi/e-Serbest Meslek Makbuz Raporlari/Rapor: Test Cases/Case Repository/e-Makbuz/e-Serbest Meslek Uygulamasi/e-Serbest Meslek Makbuz Raporlari/Rapor

2021-10-21 14:20:32 - [TEST_STEP][PASSED] - Start listener action : sampleBeforeTestSuite: Invoke 'com.kms.katalon.core.annotation.BeforeTestCase' method: 'Listener.sampleBeforeTestSuite(...)' completed.

2021-10-21 14:20:32 - [MESSAGE][INFO] - Starting invoke 'com.kms.katalon.core.annotation.BeforeTestCase' method: 'Listener.sampleBeforeTestSuite(...)'

2021-10-21 14:20:32 - [TEST_STEP][PASSED] - openBrowser(baseUrl): Browser is opened with url: 'https://efatura-stage.elogo.com.tr/'

2021-10-21 14:20:32 - [MESSAGE][INFO] - Opening browser

2021-10-21 14:20:32 - [MESSAGE][INFO] - Starting 'Chrome' driver

2021-10-21 14:20:32 - [MESSAGE][INFO] - User set preference: ['prefs', '{download.default_directory=C:\otomasyondownfiles}']

2021-10-21 14:20:32 - [MESSAGE][INFO] - Action delay is set to 0 milliseconds

2021-10-21 14:20:34 - [MESSAGE][INFO] - Navigating browser to: 'https://efatura-stage.elogo.com.tr/'

2021-10-21 14:20:36 - [MESSAGE][PASSED] - Browser is opened with url: 'https://efatura-stage.elogo.com.tr/'

2021-10-21 14:20:36 - [TEST_STEP][PASSED] - maximizeWindow(): Invoke 'com.kms.katalon.core.annotation.BeforeTestCase' method: 'Listener.sampleBeforeTestSuite(...)' completed.

2021-10-21 14:20:36 - [MESSAGE][INFO] - Maximizing current window

2021-10-21 14:20:37 - [MESSAGE][PASSED] - Current window maximized

2021-10-21 14:20:37 - [MESSAGE][INFO] - Invoke 'com.kms.katalon.core.annotation.BeforeTestCase' method: 'Listener.sampleBeforeTestSuite(...)' completed.

2021-10-21 14:20:37 - [TEST_STEP][PASSED] - runFeatureFile("Include/features/e-Makbuz/e-Serbest Meslek Uygulaması/e-Serbest Meslek Makbuz Raporlari/Rapor.feature"): Feature file: 'Include/features/e-Makbuz/e-Serbest Meslek Uygulaması/e-Serbest Meslek Makbuz Raporlari/Rapor.feature' was passed

2021-10-21 14:20:37 - [MESSAGE][INFO] - Starting run keyword runFeatureFile: 'Include/features/e-Makbuz/e-Serbest Meslek Uygulaması/e-Serbest Meslek Makbuz Raporlari/Rapor.feature' and extract report to folder: 'C:\Users\DELL\Downloads\EES_Katalon-main\Reports\20211021_140437\Suite Repository\e-Makbuz\20211021_140511/cucumber_report/1634815237702'...

2021-10-21 14:20:37 - [MESSAGE][INFO] - Glue: []

2021-10-21 14:20:38 - [MESSAGE][INFO] - Checking called Test Case

2021-10-21 14:20:38 - [MESSAGE][INFO] - Starting to call Test Case 'Test Cases/Sayfalar/Giris_Sayfasi/Login'

2021-10-21 14:20:38 - [TEST_CASE][PASSED] - Test Cases/Sayfalar/Giris_Sayfasi/Login: Test Cases/Sayfalar/Giris_Sayfasi/Login

2021-10-21 14:20:38 - [TEST_STEP][PASSED] - Sayfa_Basligi = getWindowTitle(): Current window's title is: 'LOGO e-Fatura'

2021-10-21 14:20:38 - [MESSAGE][INFO] - Getting current window's title

2021-10-21 14:20:38 - [MESSAGE][PASSED] - Current window's title is: 'LOGO e-Fatura'

2021-10-21 14:20:38 - [TEST_STEP][PASSED] - verifyMatch(Sayfa_Basligi, "LOGO e-Fatura", false): Actual text 'LOGO e-Fatura' and expected text 'LOGO e-Fatura' are matched 

2021-10-21 14:20:38 - [MESSAGE][INFO] - Matching actual text 'LOGO e-Fatura' with expected text 'LOGO e-Fatura'

2021-10-21 14:20:38 - [MESSAGE][PASSED] - Actual text 'LOGO e-Fatura' and expected text 'LOGO e-Fatura' are matched 

2021-10-21 14:20:38 - [TEST_STEP][PASSED] - sendKeys(findTestObject("Sayfalar/Giris_Sayfasi/Firma_Kodu"), KullaniciAdi): Keys 'ELOGO6' sent to object: 'Object Repository/Sayfalar/Giris_Sayfasi/Firma_Kodu'

2021-10-21 14:20:38 - [MESSAGE][INFO] - Finding Test Object 'Object Repository/Sayfalar/Giris_Sayfasi/Firma_Kodu'

2021-10-21 14:20:38 - [MESSAGE][INFO] - Sending keys 'ELOGO6' to object: 'Object Repository/Sayfalar/Giris_Sayfasi/Firma_Kodu'

2021-10-21 14:20:38 - [MESSAGE][INFO] - Finding web element from Test Object's properties

2021-10-21 14:20:38 - [MESSAGE][INFO] - Checking timeout

2021-10-21 14:20:38 - [MESSAGE][INFO] - Finding web element with id: 'Object Repository/Sayfalar/Giris_Sayfasi/Firma_Kodu' located by 'By.xpath: //*[@id = 'AccountName']' in '30' second(s)

2021-10-21 14:20:38 - [MESSAGE][INFO] - Smart Wait Function is triggered

2021-10-21 14:20:39 - [MESSAGE][INFO] - Found 1 web elements with id: 'Object Repository/Sayfalar/Giris_Sayfasi/Firma_Kodu' located by 'By.xpath: //*[@id = 'AccountName']' in '30' second(s)

2021-10-21 14:20:39 - [MESSAGE][PASSED] - Keys 'ELOGO6' sent to object: 'Object Repository/Sayfalar/Giris_Sayfasi/Firma_Kodu'

2021-10-21 14:20:39 - [TEST_STEP][PASSED] - sendKeys(findTestObject("Sayfalar/Giris_Sayfasi/Sifre"), Sifre): Keys '123456' sent to object: 'Object Repository/Sayfalar/Giris_Sayfasi/Sifre'

2021-10-21 14:20:39 - [MESSAGE][INFO] - Finding Test Object 'Object Repository/Sayfalar/Giris_Sayfasi/Sifre'

2021-10-21 14:20:39 - [MESSAGE][INFO] - Sending keys '123456' to object: 'Object Repository/Sayfalar/Giris_Sayfasi/Sifre'

2021-10-21 14:20:39 - [MESSAGE][INFO] - Finding web element from Test Object's properties

2021-10-21 14:20:39 - [MESSAGE][INFO] - Checking timeout

2021-10-21 14:20:39 - [MESSAGE][INFO] - Finding web element with id: 'Object Repository/Sayfalar/Giris_Sayfasi/Sifre' located by 'By.xpath: //*[@id = 'Password']' in '30' second(s)

2021-10-21 14:20:39 - [MESSAGE][INFO] - Smart Wait Function is triggered

2021-10-21 14:20:39 - [MESSAGE][INFO] - Found 1 web elements with id: 'Object Repository/Sayfalar/Giris_Sayfasi/Sifre' located by 'By.xpath: //*[@id = 'Password']' in '30' second(s)

2021-10-21 14:20:40 - [MESSAGE][PASSED] - Keys '123456' sent to object: 'Object Repository/Sayfalar/Giris_Sayfasi/Sifre'

2021-10-21 14:20:40 - [TEST_STEP][PASSED] - findWebElement(findTestObject("Sayfalar/Giris_Sayfasi/Giris_Butonu")).click(): Found 1 web elements with id: 'Object Repository/Sayfalar/Giris_Sayfasi/Giris_Butonu' located by 'By.cssSelector: #btnLogin' in '30' second(s)

2021-10-21 14:20:40 - [MESSAGE][INFO] - Finding Test Object 'Object Repository/Sayfalar/Giris_Sayfasi/Giris_Butonu'

2021-10-21 14:20:40 - [MESSAGE][INFO] - Finding web element from Test Object's properties

2021-10-21 14:20:40 - [MESSAGE][INFO] - Checking timeout

2021-10-21 14:20:40 - [MESSAGE][INFO] - Finding web element with id: 'Object Repository/Sayfalar/Giris_Sayfasi/Giris_Butonu' located by 'By.cssSelector: #btnLogin' in '30' second(s)

2021-10-21 14:20:40 - [MESSAGE][INFO] - Smart Wait Function is triggered

2021-10-21 14:20:40 - [MESSAGE][INFO] - Found 1 web elements with id: 'Object Repository/Sayfalar/Giris_Sayfasi/Giris_Butonu' located by 'By.cssSelector: #btnLogin' in '30' second(s)

2021-10-21 14:20:43 - [TEST_STEP][PASSED] - if (verifyElementPresent(findTestObject("Object Repository/Sayfalar/Giris_Sayfasi/RetveTamam_Butonu"), 5, OPTIONAL)): null

2021-10-21 14:20:43 - [MESSAGE][INFO] - Finding Test Object 'Object Repository/Sayfalar/Giris_Sayfasi/RetveTamam_Butonu'

2021-10-21 14:20:43 - [MESSAGE][INFO] - Checking object

2021-10-21 14:20:43 - [MESSAGE][INFO] - Finding web element from Test Object's properties

2021-10-21 14:20:43 - [MESSAGE][INFO] - Checking timeout

2021-10-21 14:20:43 - [MESSAGE][INFO] - Finding web element with id: 'Object Repository/Sayfalar/Giris_Sayfasi/RetveTamam_Butonu' located by 'By.xpath: //*[@class = 'btn btn-default']' in '5' second(s)

2021-10-21 14:20:43 - [MESSAGE][INFO] - Smart Wait Function is triggered

2021-10-21 14:20:43 - [MESSAGE][INFO] - Found 1 web elements with id: 'Object Repository/Sayfalar/Giris_Sayfasi/RetveTamam_Butonu' located by 'By.xpath: //*[@class = 'btn btn-default']' in '5' second(s)

2021-10-21 14:20:43 - [MESSAGE][PASSED] - Object 'Object Repository/Sayfalar/Giris_Sayfasi/RetveTamam_Butonu' is present

2021-10-21 14:20:43 - [TEST_STEP][PASSED] - click(findTestObject("Object Repository/Sayfalar/Giris_Sayfasi/RetveTamam_Butonu")): Object: 'Object Repository/Sayfalar/Giris_Sayfasi/RetveTamam_Butonu' is clicked on

2021-10-21 14:20:43 - [MESSAGE][INFO] - Finding Test Object 'Object Repository/Sayfalar/Giris_Sayfasi/RetveTamam_Butonu'

2021-10-21 14:20:43 - [MESSAGE][INFO] - Checking object

2021-10-21 14:20:43 - [MESSAGE][INFO] - Finding web element from Test Object's properties

2021-10-21 14:20:43 - [MESSAGE][INFO] - Checking timeout

2021-10-21 14:20:43 - [MESSAGE][INFO] - Finding web element with id: 'Object Repository/Sayfalar/Giris_Sayfasi/RetveTamam_Butonu' located by 'By.xpath: //*[@class = 'btn btn-default']' in '30' second(s)

2021-10-21 14:20:43 - [MESSAGE][INFO] - Smart Wait Function is triggered

2021-10-21 14:20:44 - [MESSAGE][INFO] - Found 1 web elements with id: 'Object Repository/Sayfalar/Giris_Sayfasi/RetveTamam_Butonu' located by 'By.xpath: //*[@class = 'btn btn-default']' in '30' second(s)

2021-10-21 14:20:44 - [MESSAGE][INFO] - Clicking on object: 'Object Repository/Sayfalar/Giris_Sayfasi/RetveTamam_Butonu'

2021-10-21 14:20:44 - [MESSAGE][PASSED] - Object: 'Object Repository/Sayfalar/Giris_Sayfasi/RetveTamam_Butonu' is clicked on

2021-10-21 14:20:44 - [TEST_STEP][PASSED] - click(findTestObject("Object Repository/Sayfalar/Giris_Sayfasi/RetveTamam_Butonu")): Object: 'Object Repository/Sayfalar/Giris_Sayfasi/RetveTamam_Butonu' is clicked on

2021-10-21 14:20:44 - [MESSAGE][INFO] - Finding Test Object 'Object Repository/Sayfalar/Giris_Sayfasi/RetveTamam_Butonu'

2021-10-21 14:20:44 - [MESSAGE][INFO] - Checking object

2021-10-21 14:20:44 - [MESSAGE][INFO] - Finding web element from Test Object's properties

2021-10-21 14:20:44 - [MESSAGE][INFO] - Checking timeout

2021-10-21 14:20:44 - [MESSAGE][INFO] - Finding web element with id: 'Object Repository/Sayfalar/Giris_Sayfasi/RetveTamam_Butonu' located by 'By.xpath: //*[@class = 'btn btn-default']' in '30' second(s)

2021-10-21 14:20:44 - [MESSAGE][INFO] - Smart Wait Function is triggered

2021-10-21 14:20:46 - [MESSAGE][INFO] - Found 1 web elements with id: 'Object Repository/Sayfalar/Giris_Sayfasi/RetveTamam_Butonu' located by 'By.xpath: //*[@class = 'btn btn-default']' in '30' second(s)

2021-10-21 14:20:46 - [MESSAGE][INFO] - Clicking on object: 'Object Repository/Sayfalar/Giris_Sayfasi/RetveTamam_Butonu'

2021-10-21 14:20:46 - [MESSAGE][PASSED] - Object: 'Object Repository/Sayfalar/Giris_Sayfasi/RetveTamam_Butonu' is clicked on

2021-10-21 14:20:46 - [TEST_STEP][PASSED] - if (verifyElementPresent(findTestObject("Sayfalar/Giris_Sayfasi/PopupOK"), 5, OPTIONAL)): null

2021-10-21 14:20:46 - [MESSAGE][INFO] - Finding Test Object 'Object Repository/Sayfalar/Giris_Sayfasi/PopupOK'

2021-10-21 14:20:46 - [MESSAGE][INFO] - Checking object

2021-10-21 14:20:46 - [MESSAGE][INFO] - Finding web element from Test Object's properties

2021-10-21 14:20:46 - [MESSAGE][INFO] - Checking timeout

2021-10-21 14:20:46 - [MESSAGE][INFO] - Finding web element with id: 'Object Repository/Sayfalar/Giris_Sayfasi/PopupOK' located by 'By.cssSelector: .btn.btn-success' in '5' second(s)

2021-10-21 14:20:46 - [MESSAGE][INFO] - Smart Wait Function is triggered

2021-10-21 14:20:47 - [MESSAGE][INFO] - Found 1 web elements with id: 'Object Repository/Sayfalar/Giris_Sayfasi/PopupOK' located by 'By.cssSelector: .btn.btn-success' in '5' second(s)

2021-10-21 14:20:47 - [MESSAGE][PASSED] - Object 'Object Repository/Sayfalar/Giris_Sayfasi/PopupOK' is present

2021-10-21 14:20:47 - [TEST_STEP][PASSED] - click(findTestObject("Object Repository/Sayfalar/Giris_Sayfasi/PopupCarpiGiris")): Object: 'Object Repository/Sayfalar/Giris_Sayfasi/PopupCarpiGiris' is clicked on

2021-10-21 14:20:47 - [MESSAGE][INFO] - Finding Test Object 'Object Repository/Sayfalar/Giris_Sayfasi/PopupCarpiGiris'

2021-10-21 14:20:47 - [MESSAGE][INFO] - Checking object

2021-10-21 14:20:47 - [MESSAGE][INFO] - Finding web element from Test Object's properties

2021-10-21 14:20:47 - [MESSAGE][INFO] - Checking timeout

2021-10-21 14:20:47 - [MESSAGE][INFO] - Finding web element with id: 'Object Repository/Sayfalar/Giris_Sayfasi/PopupCarpiGiris' located by 'By.cssSelector: .bootbox-close-button.close' in '30' second(s)

2021-10-21 14:20:47 - [MESSAGE][INFO] - Smart Wait Function is triggered

2021-10-21 14:20:47 - [MESSAGE][INFO] - Found 1 web elements with id: 'Object Repository/Sayfalar/Giris_Sayfasi/PopupCarpiGiris' located by 'By.cssSelector: .bootbox-close-button.close' in '30' second(s)

2021-10-21 14:20:47 - [MESSAGE][INFO] - Clicking on object: 'Object Repository/Sayfalar/Giris_Sayfasi/PopupCarpiGiris'

2021-10-21 14:20:47 - [MESSAGE][PASSED] - Object: 'Object Repository/Sayfalar/Giris_Sayfasi/PopupCarpiGiris' is clicked on

2021-10-21 14:20:47 - [TEST_STEP][PASSED] - verifyElementVisible(findTestObject("Object Repository/Kullanici_Islemleri/KullaniciIslemleri")): Object 'Object Repository/Kullanici_Islemleri/KullaniciIslemleri' is visible

2021-10-21 14:20:47 - [MESSAGE][INFO] - Finding Test Object 'Object Repository/Kullanici_Islemleri/KullaniciIslemleri'

2021-10-21 14:20:47 - [MESSAGE][INFO] - Checking object

2021-10-21 14:20:47 - [MESSAGE][INFO] - Finding web element from Test Object's properties

2021-10-21 14:20:47 - [MESSAGE][INFO] - Checking timeout

2021-10-21 14:20:47 - [MESSAGE][INFO] - Finding web element with id: 'Object Repository/Kullanici_Islemleri/KullaniciIslemleri' located by 'By.cssSelector: .dropdown>a>img' in '30' second(s)

2021-10-21 14:20:47 - [MESSAGE][INFO] - Smart Wait Function is triggered

2021-10-21 14:20:48 - [MESSAGE][INFO] - Found 1 web elements with id: 'Object Repository/Kullanici_Islemleri/KullaniciIslemleri' located by 'By.cssSelector: .dropdown>a>img' in '30' second(s)

2021-10-21 14:20:48 - [MESSAGE][PASSED] - Object 'Object Repository/Kullanici_Islemleri/KullaniciIslemleri' is visible

2021-10-21 14:20:48 - [MESSAGE][PASSED] - Call Test Case 'Test Cases/Sayfalar/Giris_Sayfasi/Login' successfully

2021-10-21 14:20:48 - [MESSAGE][INFO] - Checking called Test Case

2021-10-21 14:20:48 - [MESSAGE][INFO] - Starting to call Test Case 'Test Cases/Menu/AnaMenuSecimi'

2021-10-21 14:20:48 - [TEST_CASE][PASSED] - Test Cases/Menu/AnaMenuSecimi: Test Cases/Menu/AnaMenuSecimi

2021-10-21 14:20:48 - [TEST_STEP][PASSED] - Method.TextDegerineEsitElementeTikla(findTestObject("Menu/Ana_Menu"), Ana_Menu): Method.TextDegerineEsitElementeTikla is PASSED

2021-10-21 14:20:48 - [MESSAGE][INFO] - Finding Test Object 'Object Repository/Menu/Ana_Menu'

2021-10-21 14:20:48 - [MESSAGE][INFO] - Checking timeout

2021-10-21 14:20:48 - [MESSAGE][INFO] - Finding web element with id: 'Object Repository/Menu/Ana_Menu' located by 'By.xpath: //*[@class = 'dropdown-toggle']' in '10' second(s)

2021-10-21 14:20:48 - [MESSAGE][INFO] - Smart Wait Function is triggered

2021-10-21 14:20:48 - [MESSAGE][INFO] - Found 14 web elements with id: 'Object Repository/Menu/Ana_Menu' located by 'By.xpath: //*[@class = 'dropdown-toggle']' in '10' second(s)

2021-10-21 14:20:49 - [MESSAGE][PASSED] - Method.TextDegerineEsitElementeTikla is PASSED

2021-10-21 14:20:49 - [MESSAGE][PASSED] - Call Test Case 'Test Cases/Menu/AnaMenuSecimi' successfully

2021-10-21 14:20:49 - [MESSAGE][INFO] - Checking called Test Case

2021-10-21 14:20:49 - [MESSAGE][INFO] - Starting to call Test Case 'Test Cases/Menu/BasligaGoreAltMenuSecimi'

2021-10-21 14:20:49 - [TEST_CASE][PASSED] - Test Cases/Menu/BasligaGoreAltMenuSecimi: Test Cases/Menu/BasligaGoreAltMenuSecimi

2021-10-21 14:20:49 - [TEST_STEP][PASSED] - Method.TextDegerineEsitElementinAltindakiTextDegerineEsitOlanaTikla(findTestObject("Menu/Menu_Basligi"), findTestObject("Menu/Basliga_Gore_Alt_Menu"), Baslik, Alt_Menu): Method.TextDegerineEsitElementinAltindakiTextDegerineEsitOlanaTikla is PASSED

2021-10-21 14:20:49 - [MESSAGE][INFO] - Finding Test Object 'Object Repository/Menu/Menu_Basligi'

2021-10-21 14:20:49 - [MESSAGE][INFO] - Finding Test Object 'Object Repository/Menu/Basliga_Gore_Alt_Menu'

2021-10-21 14:20:49 - [MESSAGE][INFO] - Checking timeout

2021-10-21 14:20:49 - [MESSAGE][INFO] - Finding web element with id: 'Object Repository/Menu/Menu_Basligi' located by 'By.xpath: //li[@class='dropdown dropdown-large open']//li[@class='dropdown-header']' in '10' second(s)

2021-10-21 14:20:49 - [MESSAGE][INFO] - Smart Wait Function is triggered

2021-10-21 14:20:49 - [MESSAGE][INFO] - Found 2 web elements with id: 'Object Repository/Menu/Menu_Basligi' located by 'By.xpath: //li[@class='dropdown dropdown-large open']//li[@class='dropdown-header']' in '10' second(s)

2021-10-21 14:20:49 - [MESSAGE][INFO] - Smart Wait Function is triggered

2021-10-21 14:20:53 - [MESSAGE][PASSED] - Method.TextDegerineEsitElementinAltindakiTextDegerineEsitOlanaTikla is PASSED

2021-10-21 14:20:53 - [MESSAGE][PASSED] - Call Test Case 'Test Cases/Menu/BasligaGoreAltMenuSecimi' successfully

2021-10-21 14:20:53 - [MESSAGE][INFO] - Checking called Test Case

2021-10-21 14:20:53 - [MESSAGE][INFO] - Starting to call Test Case 'Test Cases/Filtreler/DropdownSec'

2021-10-21 14:20:53 - [TEST_CASE][PASSED] - Test Cases/Filtreler/DropdownSec: Test Cases/Filtreler/DropdownSec

2021-10-21 14:20:53 - [TEST_STEP][PASSED] - Method.TextDegerineEsitElementinAltindakineTikla(findTestObject("Filtreler/Basliklar"), findTestObject("Filtreler/Basliga_Gore_Baslangic_Image"), Filtre_Adi): Method.TextDegerineEsitElementinAltindakineTikla is PASSED

2021-10-21 14:20:53 - [MESSAGE][INFO] - Finding Test Object 'Object Repository/Filtreler/Basliklar'

2021-10-21 14:20:53 - [MESSAGE][INFO] - Finding Test Object 'Object Repository/Filtreler/Basliga_Gore_Baslangic_Image'

2021-10-21 14:20:53 - [MESSAGE][INFO] - Checking timeout

2021-10-21 14:20:53 - [MESSAGE][INFO] - Finding web element with id: 'Object Repository/Filtreler/Basliklar' located by 'By.cssSelector: .control-label.col-sm-4.paddingMarginRLC' in '10' second(s)

2021-10-21 14:20:53 - [MESSAGE][INFO] - Smart Wait Function is triggered

2021-10-21 14:20:53 - [MESSAGE][INFO] - Found 5 web elements with id: 'Object Repository/Filtreler/Basliklar' located by 'By.cssSelector: .control-label.col-sm-4.paddingMarginRLC' in '10' second(s)

2021-10-21 14:20:53 - [MESSAGE][INFO] - Smart Wait Function is triggered

2021-10-21 14:20:54 - [MESSAGE][PASSED] - Method.TextDegerineEsitElementinAltindakineTikla is PASSED

2021-10-21 14:20:54 - [TEST_STEP][PASSED] - Method.TextDegerineEsitElementeTikla(findTestObject("Object Repository/Filtreler/Basliga_Gore_Dropdown"), Filtre_Degeri): Method.TextDegerineEsitElementeTikla is PASSED

2021-10-21 14:20:54 - [MESSAGE][INFO] - Finding Test Object 'Object Repository/Filtreler/Basliga_Gore_Dropdown'

2021-10-21 14:20:54 - [MESSAGE][INFO] - Checking timeout

2021-10-21 14:20:54 - [MESSAGE][INFO] - Finding web element with id: 'Object Repository/Filtreler/Basliga_Gore_Dropdown' located by 'By.xpath: //*[@class = 'dxeListBoxItemRow_LECustomTheme']' in '10' second(s)

2021-10-21 14:20:54 - [MESSAGE][INFO] - Smart Wait Function is triggered

2021-10-21 14:20:54 - [MESSAGE][INFO] - Found 58 web elements with id: 'Object Repository/Filtreler/Basliga_Gore_Dropdown' located by 'By.xpath: //*[@class = 'dxeListBoxItemRow_LECustomTheme']' in '10' second(s)

2021-10-21 14:20:55 - [MESSAGE][PASSED] - Method.TextDegerineEsitElementeTikla is PASSED

2021-10-21 14:20:55 - [MESSAGE][PASSED] - Call Test Case 'Test Cases/Filtreler/DropdownSec' successfully

2021-10-21 14:20:55 - [MESSAGE][INFO] - Checking called Test Case

2021-10-21 14:20:55 - [MESSAGE][INFO] - Starting to call Test Case 'Test Cases/Filtreler/BaslangicYaz'

2021-10-21 14:20:55 - [TEST_CASE][PASSED] - Test Cases/Filtreler/BaslangicYaz: Test Cases/Filtreler/BaslangicYaz

2021-10-21 14:20:55 - [TEST_STEP][PASSED] - Method.TextDegerineEsitElementinAltindakineTikla(findTestObject("Filtreler/Basliklar"), findTestObject("Filtreler/Basliga_Gore_Baslangic_Image"), Filtre_Adi): Method.TextDegerineEsitElementinAltindakineTikla is PASSED

2021-10-21 14:20:55 - [MESSAGE][INFO] - Finding Test Object 'Object Repository/Filtreler/Basliklar'

2021-10-21 14:20:55 - [MESSAGE][INFO] - Finding Test Object 'Object Repository/Filtreler/Basliga_Gore_Baslangic_Image'

2021-10-21 14:20:55 - [MESSAGE][INFO] - Checking timeout

2021-10-21 14:20:55 - [MESSAGE][INFO] - Finding web element with id: 'Object Repository/Filtreler/Basliklar' located by 'By.cssSelector: .control-label.col-sm-4.paddingMarginRLC' in '10' second(s)

2021-10-21 14:20:55 - [MESSAGE][INFO] - Smart Wait Function is triggered

2021-10-21 14:20:56 - [MESSAGE][INFO] - Found 5 web elements with id: 'Object Repository/Filtreler/Basliklar' located by 'By.cssSelector: .control-label.col-sm-4.paddingMarginRLC' in '10' second(s)

2021-10-21 14:20:56 - [MESSAGE][INFO] - Smart Wait Function is triggered

2021-10-21 14:20:56 - [MESSAGE][PASSED] - Method.TextDegerineEsitElementinAltindakineTikla is PASSED

2021-10-21 14:20:56 - [TEST_STEP][PASSED] - Method.TextDegerineEsitElementinAltindakiTextboxtaYaz(findTestObject("Filtreler/Basliklar"), findTestObject("Filtreler/Basliga_Gore_Baslangic"), Filtre_Adi, Filtre_Degeri): Method.TextDegerineEsitElementinAltindakiTextboxtaYaz is PASSED

2021-10-21 14:20:56 - [MESSAGE][INFO] - Finding Test Object 'Object Repository/Filtreler/Basliklar'

2021-10-21 14:20:56 - [MESSAGE][INFO] - Finding Test Object 'Object Repository/Filtreler/Basliga_Gore_Baslangic'

2021-10-21 14:20:56 - [MESSAGE][INFO] - Checking timeout

2021-10-21 14:20:56 - [MESSAGE][INFO] - Finding web element with id: 'Object Repository/Filtreler/Basliklar' located by 'By.cssSelector: .control-label.col-sm-4.paddingMarginRLC' in '10' second(s)

2021-10-21 14:20:56 - [MESSAGE][INFO] - Smart Wait Function is triggered

2021-10-21 14:20:57 - [MESSAGE][INFO] - Found 5 web elements with id: 'Object Repository/Filtreler/Basliklar' located by 'By.cssSelector: .control-label.col-sm-4.paddingMarginRLC' in '10' second(s)

2021-10-21 14:20:57 - [MESSAGE][INFO] - Smart Wait Function is triggered

2021-10-21 14:20:57 - [MESSAGE][PASSED] - Method.TextDegerineEsitElementinAltindakiTextboxtaYaz is PASSED

2021-10-21 14:20:57 - [MESSAGE][PASSED] - Call Test Case 'Test Cases/Filtreler/BaslangicYaz' successfully

2021-10-21 14:20:57 - [MESSAGE][INFO] - Checking called Test Case

2021-10-21 14:20:57 - [MESSAGE][INFO] - Starting to call Test Case 'Test Cases/Filtreler/BitisYaz'

2021-10-21 14:20:57 - [TEST_CASE][PASSED] - Test Cases/Filtreler/BitisYaz: Test Cases/Filtreler/BitisYaz

2021-10-21 14:20:57 - [TEST_STEP][PASSED] - Method.TextDegerineEsitElementinAltindakineTikla(findTestObject("Filtreler/Basliklar"), findTestObject("Filtreler/Basliga_Gore_Bitis_Image"), Filtre_Adi): Method.TextDegerineEsitElementinAltindakineTikla is PASSED

2021-10-21 14:20:57 - [MESSAGE][INFO] - Finding Test Object 'Object Repository/Filtreler/Basliklar'

2021-10-21 14:20:57 - [MESSAGE][INFO] - Finding Test Object 'Object Repository/Filtreler/Basliga_Gore_Bitis_Image'

2021-10-21 14:20:57 - [MESSAGE][INFO] - Checking timeout

2021-10-21 14:20:57 - [MESSAGE][INFO] - Finding web element with id: 'Object Repository/Filtreler/Basliklar' located by 'By.cssSelector: .control-label.col-sm-4.paddingMarginRLC' in '10' second(s)

2021-10-21 14:20:57 - [MESSAGE][INFO] - Smart Wait Function is triggered

2021-10-21 14:20:58 - [MESSAGE][INFO] - Found 5 web elements with id: 'Object Repository/Filtreler/Basliklar' located by 'By.cssSelector: .control-label.col-sm-4.paddingMarginRLC' in '10' second(s)

2021-10-21 14:20:58 - [MESSAGE][INFO] - Smart Wait Function is triggered

2021-10-21 14:20:58 - [MESSAGE][PASSED] - Method.TextDegerineEsitElementinAltindakineTikla is PASSED

2021-10-21 14:20:58 - [TEST_STEP][PASSED] - Method.TextDegerineEsitElementinAltindakiTextboxtaYaz(findTestObject("Filtreler/Basliklar"), findTestObject("Object Repository/Filtreler/Basliga_Gore_Bitis"), Filtre_Adi, Filtre_Degeri): Method.TextDegerineEsitElementinAltindakiTextboxtaYaz is PASSED

2021-10-21 14:20:58 - [MESSAGE][INFO] - Finding Test Object 'Object Repository/Filtreler/Basliklar'

2021-10-21 14:20:58 - [MESSAGE][INFO] - Finding Test Object 'Object Repository/Filtreler/Basliga_Gore_Bitis'

2021-10-21 14:20:58 - [MESSAGE][INFO] - Checking timeout

2021-10-21 14:20:58 - [MESSAGE][INFO] - Finding web element with id: 'Object Repository/Filtreler/Basliklar' located by 'By.cssSelector: .control-label.col-sm-4.paddingMarginRLC' in '10' second(s)

2021-10-21 14:20:58 - [MESSAGE][INFO] - Smart Wait Function is triggered

2021-10-21 14:20:59 - [MESSAGE][INFO] - Found 5 web elements with id: 'Object Repository/Filtreler/Basliklar' located by 'By.cssSelector: .control-label.col-sm-4.paddingMarginRLC' in '10' second(s)

2021-10-21 14:20:59 - [MESSAGE][INFO] - Smart Wait Function is triggered

2021-10-21 14:20:59 - [MESSAGE][PASSED] - Method.TextDegerineEsitElementinAltindakiTextboxtaYaz is PASSED

2021-10-21 14:20:59 - [MESSAGE][PASSED] - Call Test Case 'Test Cases/Filtreler/BitisYaz' successfully

2021-10-21 14:20:59 - [MESSAGE][INFO] - Checking called Test Case

2021-10-21 14:20:59 - [MESSAGE][INFO] - Starting to call Test Case 'Test Cases/Filtreler/ButonaTikla'

2021-10-21 14:20:59 - [TEST_CASE][PASSED] - Test Cases/Filtreler/ButonaTikla: Test Cases/Filtreler/ButonaTikla

2021-10-21 14:20:59 - [TEST_STEP][PASSED] - Method.TextDegerineEsitElementeTikla(findTestObject("Filtreler/Butonlar"), Filtre_Buton): Method.TextDegerineEsitElementeTikla is PASSED

2021-10-21 14:20:59 - [MESSAGE][INFO] - Finding Test Object 'Object Repository/Filtreler/Butonlar'

2021-10-21 14:20:59 - [MESSAGE][INFO] - Checking timeout

2021-10-21 14:20:59 - [MESSAGE][INFO] - Finding web element with id: 'Object Repository/Filtreler/Butonlar' located by 'By.cssSelector: .dxb>span' in '10' second(s)

2021-10-21 14:20:59 - [MESSAGE][INFO] - Smart Wait Function is triggered

2021-10-21 14:21:00 - [MESSAGE][INFO] - Found 3 web elements with id: 'Object Repository/Filtreler/Butonlar' located by 'By.cssSelector: .dxb>span' in '10' second(s)

2021-10-21 14:21:00 - [MESSAGE][PASSED] - Method.TextDegerineEsitElementeTikla is PASSED

2021-10-21 14:21:00 - [MESSAGE][PASSED] - Call Test Case 'Test Cases/Filtreler/ButonaTikla' successfully

2021-10-21 14:21:00 - [MESSAGE][INFO] - Checking called Test Case

2021-10-21 14:21:00 - [MESSAGE][INFO] - Starting to call Test Case 'Test Cases/Tablo/TablodaVeriVarMi'

2021-10-21 14:21:00 - [TEST_CASE][PASSED] - Test Cases/Tablo/TablodaVeriVarMi: Test Cases/Tablo/TablodaVeriVarMi

2021-10-21 14:21:00 - [TEST_STEP][PASSED] - verifyTextNotPresent("Görüntülenecek veri yok", true): Text 'Görüntülenecek veri yok' is not present on page using regular expression

2021-10-21 14:21:00 - [MESSAGE][INFO] - Checking text present  using regular expression

2021-10-21 14:21:00 - [MESSAGE][INFO] - Smart Wait Function is triggered

2021-10-21 14:21:01 - [MESSAGE][INFO] - Finding text 'Görüntülenecek veri yok' on page  using regular expression

2021-10-21 14:21:01 - [MESSAGE][PASSED] - Text 'Görüntülenecek veri yok' is not present on page using regular expression

2021-10-21 14:21:01 - [MESSAGE][PASSED] - Call Test Case 'Test Cases/Tablo/TablodaVeriVarMi' successfully

2021-10-21 14:21:01 - [MESSAGE][INFO] - Checking called Test Case

2021-10-21 14:21:01 - [MESSAGE][INFO] - Starting to call Test Case 'Test Cases/Tablo/TablodanVeriSec'

2021-10-21 14:21:01 - [TEST_CASE][PASSED] - Test Cases/Tablo/TablodanVeriSec: Test Cases/Tablo/TablodanVeriSec

2021-10-21 14:21:01 - [TEST_STEP][PASSED] - Method.TextDegerineEsitElementinAltindakineTikla(findTestObject("Tablo/Veriler"), findTestObject("Tablo/VerininCheckBoxi"), Veri_Adi): Method.TextDegerineEsitElementinAltindakineTikla is PASSED

2021-10-21 14:21:01 - [MESSAGE][INFO] - Finding Test Object 'Object Repository/Tablo/Veriler'

2021-10-21 14:21:01 - [MESSAGE][INFO] - Finding Test Object 'Object Repository/Tablo/VerininCheckBoxi'

2021-10-21 14:21:01 - [MESSAGE][INFO] - Checking timeout

2021-10-21 14:21:01 - [MESSAGE][INFO] - Finding web element with id: 'Object Repository/Tablo/Veriler' located by 'By.cssSelector: td.dxgv b ,td.dxgv' in '10' second(s)

2021-10-21 14:21:01 - [MESSAGE][INFO] - Smart Wait Function is triggered

2021-10-21 14:21:01 - [MESSAGE][INFO] - Found 120 web elements with id: 'Object Repository/Tablo/Veriler' located by 'By.cssSelector: td.dxgv b ,td.dxgv' in '10' second(s)

2021-10-21 14:21:02 - [MESSAGE][INFO] - Smart Wait Function is triggered

2021-10-21 14:21:02 - [MESSAGE][PASSED] - Method.TextDegerineEsitElementinAltindakineTikla is PASSED

2021-10-21 14:21:02 - [MESSAGE][PASSED] - Call Test Case 'Test Cases/Tablo/TablodanVeriSec' successfully

2021-10-21 14:21:02 - [MESSAGE][INFO] - Checking called Test Case

2021-10-21 14:21:02 - [MESSAGE][INFO] - Starting to call Test Case 'Test Cases/Butonlar/ButonaTikla'

2021-10-21 14:21:03 - [TEST_CASE][PASSED] - Test Cases/Butonlar/ButonaTikla: Test Cases/Butonlar/ButonaTikla

2021-10-21 14:21:03 - [TEST_STEP][PASSED] - Method.TextDegerineEsitElementeTiklaEquals(findTestObject("Butonlar/Butonlar"), Buton_Adi): Method.TextDegerineEsitElementeTiklaEquals is PASSED

2021-10-21 14:21:03 - [MESSAGE][INFO] - Finding Test Object 'Object Repository/Butonlar/Butonlar'

2021-10-21 14:21:03 - [MESSAGE][INFO] - Checking timeout

2021-10-21 14:21:03 - [MESSAGE][INFO] - Finding web element with id: 'Object Repository/Butonlar/Butonlar' located by 'By.cssSelector: .panel.panel-default.text-center.footerPanel .btn,.btn.btn-primary.btnControls' in '10' second(s)

2021-10-21 14:21:03 - [MESSAGE][INFO] - Smart Wait Function is triggered

2021-10-21 14:21:03 - [MESSAGE][INFO] - Found 6 web elements with id: 'Object Repository/Butonlar/Butonlar' located by 'By.cssSelector: .panel.panel-default.text-center.footerPanel .btn,.btn.btn-primary.btnControls' in '10' second(s)

2021-10-21 14:21:03 - [MESSAGE][PASSED] - Method.TextDegerineEsitElementeTiklaEquals is PASSED

2021-10-21 14:21:03 - [MESSAGE][PASSED] - Call Test Case 'Test Cases/Butonlar/ButonaTikla' successfully

2021-10-21 14:21:03 - [MESSAGE][INFO] - Checking called Test Case

2021-10-21 14:21:03 - [MESSAGE][INFO] - Starting to call Test Case 'Test Cases/Sekmeler/YeniSekmeyeGec'

2021-10-21 14:21:03 - [TEST_CASE][PASSED] - Test Cases/Sekmeler/YeniSekmeyeGec: Test Cases/Sekmeler/YeniSekmeyeGec

2021-10-21 14:21:03 - [TEST_STEP][PASSED] - switchToWindowIndex(1): Switched to window with index: '1'

2021-10-21 14:21:03 - [MESSAGE][INFO] - Checking index

2021-10-21 14:21:03 - [MESSAGE][INFO] - Switching window with index: '1'

2021-10-21 14:21:03 - [MESSAGE][PASSED] - Switched to window with index: '1'

2021-10-21 14:21:03 - [MESSAGE][PASSED] - Call Test Case 'Test Cases/Sekmeler/YeniSekmeyeGec' successfully

2021-10-21 14:21:03 - [MESSAGE][INFO] - Checking called Test Case

2021-10-21 14:21:03 - [MESSAGE][INFO] - Starting to call Test Case 'Test Cases/Popup/PopupAcildimi'

2021-10-21 14:21:03 - [TEST_CASE][PASSED] - Test Cases/Popup/PopupAcildimi: Test Cases/Popup/PopupAcildimi

2021-10-21 14:21:03 - [TEST_STEP][PASSED] - verifyElementText(findTestObject("Object Repository/Popup/PopupBaslik"), Name): Actual text and expected text of test object 'Object Repository/Popup/PopupBaslik' are matched.

2021-10-21 14:21:03 - [MESSAGE][INFO] - Finding Test Object 'Object Repository/Popup/PopupBaslik'

2021-10-21 14:21:03 - [MESSAGE][INFO] - Checking object

2021-10-21 14:21:03 - [MESSAGE][INFO] - Finding web element from Test Object's properties

2021-10-21 14:21:03 - [MESSAGE][INFO] - Checking timeout

2021-10-21 14:21:03 - [MESSAGE][INFO] - Finding web element with id: 'Object Repository/Popup/PopupBaslik' located by 'By.cssSelector: body h4' in '30' second(s)

2021-10-21 14:21:03 - [MESSAGE][INFO] - Smart Wait Function is triggered

2021-10-21 14:21:04 - [MESSAGE][INFO] - Found 1 web elements with id: 'Object Repository/Popup/PopupBaslik' located by 'By.cssSelector: body h4' in '30' second(s)

2021-10-21 14:21:04 - [MESSAGE][PASSED] - Actual text and expected text of test object 'Object Repository/Popup/PopupBaslik' are matched.

2021-10-21 14:21:04 - [MESSAGE][PASSED] - Call Test Case 'Test Cases/Popup/PopupAcildimi' successfully

2021-10-21 14:21:04 - [MESSAGE][INFO] - Checking called Test Case

2021-10-21 14:21:04 - [MESSAGE][INFO] - Starting to call Test Case 'Test Cases/Sekmeler/Ana_Sekmeye_Gec'

2021-10-21 14:21:04 - [TEST_CASE][PASSED] - Test Cases/Sekmeler/Ana_Sekmeye_Gec: Test Cases/Sekmeler/Ana_Sekmeye_Gec

2021-10-21 14:21:04 - [TEST_STEP][PASSED] - try: Window with index 1 is closed

2021-10-21 14:21:04 - [TEST_STEP][PASSED] - index = getWindowIndex(): Current window's index is: 1

2021-10-21 14:21:04 - [MESSAGE][INFO] - Getting current window's index

2021-10-21 14:21:04 - [MESSAGE][PASSED] - Current window's index is: 1

2021-10-21 14:21:04 - [TEST_STEP][PASSED] - closeWindowIndex(index): Window with index 1 is closed

2021-10-21 14:21:04 - [MESSAGE][INFO] - Checking index

2021-10-21 14:21:04 - [MESSAGE][INFO] - Closing window with index 1

2021-10-21 14:21:04 - [MESSAGE][PASSED] - Window with index 1 is closed

2021-10-21 14:21:04 - [TEST_STEP][PASSED] - switchToWindowIndex(0): Switched to window with index: '0'

2021-10-21 14:21:04 - [MESSAGE][INFO] - Checking index

2021-10-21 14:21:04 - [MESSAGE][INFO] - Switching window with index: '0'

2021-10-21 14:21:04 - [MESSAGE][PASSED] - Switched to window with index: '0'

2021-10-21 14:21:04 - [MESSAGE][PASSED] - Call Test Case 'Test Cases/Sekmeler/Ana_Sekmeye_Gec' successfully

2021-10-21 14:21:04 - [MESSAGE][INFO] - Checking called Test Case

2021-10-21 14:21:04 - [MESSAGE][INFO] - Starting to call Test Case 'Test Cases/Kullanici_Islemleri/KullaniciIslemlerindenSecimYapilir'

2021-10-21 14:21:04 - [TEST_CASE][PASSED] - Test Cases/Kullanici_Islemleri/KullaniciIslemlerindenSecimYapilir: Test Cases/Kullanici_Islemleri/KullaniciIslemlerindenSecimYapilir

2021-10-21 14:21:04 - [TEST_STEP][PASSED] - waitForElementClickable(findTestObject("Object Repository/Kullanici_Islemleri/KullaniciIslemleri"), 10): Object 'Object Repository/Kullanici_Islemleri/KullaniciIslemleri' is clickable

2021-10-21 14:21:04 - [MESSAGE][INFO] - Finding Test Object 'Object Repository/Kullanici_Islemleri/KullaniciIslemleri'

2021-10-21 14:21:04 - [MESSAGE][INFO] - Checking object

2021-10-21 14:21:04 - [MESSAGE][INFO] - Checking timeout

2021-10-21 14:21:04 - [MESSAGE][INFO] - Finding web element from Test Object's properties

2021-10-21 14:21:04 - [MESSAGE][INFO] - Checking timeout

2021-10-21 14:21:04 - [MESSAGE][INFO] - Finding web element with id: 'Object Repository/Kullanici_Islemleri/KullaniciIslemleri' located by 'By.cssSelector: .dropdown>a>img' in '10' second(s)

2021-10-21 14:21:04 - [MESSAGE][INFO] - Smart Wait Function is triggered

2021-10-21 14:21:04 - [MESSAGE][INFO] - Found 1 web elements with id: 'Object Repository/Kullanici_Islemleri/KullaniciIslemleri' located by 'By.cssSelector: .dropdown>a>img' in '10' second(s)

2021-10-21 14:21:04 - [MESSAGE][PASSED] - Object 'Object Repository/Kullanici_Islemleri/KullaniciIslemleri' is clickable

2021-10-21 14:21:04 - [TEST_STEP][PASSED] - click(findTestObject("Object Repository/Kullanici_Islemleri/KullaniciIslemleri")): Object: 'Object Repository/Kullanici_Islemleri/KullaniciIslemleri' is clicked on

2021-10-21 14:21:04 - [MESSAGE][INFO] - Finding Test Object 'Object Repository/Kullanici_Islemleri/KullaniciIslemleri'

2021-10-21 14:21:04 - [MESSAGE][INFO] - Checking object

2021-10-21 14:21:04 - [MESSAGE][INFO] - Finding web element from Test Object's properties

2021-10-21 14:21:04 - [MESSAGE][INFO] - Checking timeout

2021-10-21 14:21:04 - [MESSAGE][INFO] - Finding web element with id: 'Object Repository/Kullanici_Islemleri/KullaniciIslemleri' located by 'By.cssSelector: .dropdown>a>img' in '30' second(s)

2021-10-21 14:21:04 - [MESSAGE][INFO] - Smart Wait Function is triggered

2021-10-21 14:21:05 - [MESSAGE][INFO] - Found 1 web elements with id: 'Object Repository/Kullanici_Islemleri/KullaniciIslemleri' located by 'By.cssSelector: .dropdown>a>img' in '30' second(s)

2021-10-21 14:21:05 - [MESSAGE][INFO] - Clicking on object: 'Object Repository/Kullanici_Islemleri/KullaniciIslemleri'

2021-10-21 14:21:05 - [MESSAGE][PASSED] - Object: 'Object Repository/Kullanici_Islemleri/KullaniciIslemleri' is clicked on

2021-10-21 14:21:05 - [TEST_STEP][PASSED] - Method.TextDegerineEsitElementeTikla(findTestObject("Object Repository/Kullanici_Islemleri/Secenekler"), Islem): Method.TextDegerineEsitElementeTikla is PASSED

2021-10-21 14:21:05 - [MESSAGE][INFO] - Finding Test Object 'Object Repository/Kullanici_Islemleri/Secenekler'

2021-10-21 14:21:05 - [MESSAGE][INFO] - Checking timeout

2021-10-21 14:21:05 - [MESSAGE][INFO] - Finding web element with id: 'Object Repository/Kullanici_Islemleri/Secenekler' located by 'By.cssSelector: .nav.navbar-nav.navbar-right li a' in '10' second(s)

2021-10-21 14:21:05 - [MESSAGE][INFO] - Smart Wait Function is triggered

2021-10-21 14:21:05 - [MESSAGE][INFO] - Found 22 web elements with id: 'Object Repository/Kullanici_Islemleri/Secenekler' located by 'By.cssSelector: .nav.navbar-nav.navbar-right li a' in '10' second(s)

2021-10-21 14:21:07 - [MESSAGE][PASSED] - Method.TextDegerineEsitElementeTikla is PASSED

2021-10-21 14:21:07 - [TEST_STEP][PASSED] - verifyElementNotPresent(findTestObject("Object Repository/Kullanici_Islemleri/Secenekler"), 10): Web element with id: 'Object Repository/Kullanici_Islemleri/Secenekler' located by 'By.cssSelector: .nav.navbar-nav.navbar-right li a' is not present after '10' second(s)

2021-10-21 14:21:07 - [MESSAGE][INFO] - Finding Test Object 'Object Repository/Kullanici_Islemleri/Secenekler'

2021-10-21 14:21:07 - [MESSAGE][INFO] - Checking object

2021-10-21 14:21:07 - [MESSAGE][INFO] - Checking timeout

2021-10-21 14:21:07 - [MESSAGE][INFO] - Finding web element with id: 'Object Repository/Kullanici_Islemleri/Secenekler' located by 'By.cssSelector: .nav.navbar-nav.navbar-right li a' in '10' second(s)

2021-10-21 14:21:07 - [MESSAGE][INFO] - Smart Wait Function is triggered

2021-10-21 14:21:08 - [MESSAGE][PASSED] - Web element with id: 'Object Repository/Kullanici_Islemleri/Secenekler' located by 'By.cssSelector: .nav.navbar-nav.navbar-right li a' is not present after '10' second(s)

2021-10-21 14:21:08 - [MESSAGE][PASSED] - Call Test Case 'Test Cases/Kullanici_Islemleri/KullaniciIslemlerindenSecimYapilir' successfully

2021-10-21 14:21:08 - [TEST_CASE][PASSED] - Start Test Case : SCENARIO e-Serbest Meslek Makbuz Raporlari Rapor: SCENARIO e-Serbest Meslek Makbuz Raporlari Rapor

2021-10-21 14:21:08 - [TEST_STEP][PASSED] - Kullanıcı adı ELOGO6 ve Şifre 123456 olarak giriş yapılır: Kullanıcı adı ELOGO6 ve Şifre 123456 olarak giriş yapılır

2021-10-21 14:21:08 - [MESSAGE][PASSED] - Kullanıcı adı ELOGO6 ve Şifre 123456 olarak giriş yapılır

2021-10-21 14:21:08 - [TEST_STEP][PASSED] - Ana menüden e-Makbuz seçilir: Ana menüden e-Makbuz seçilir

2021-10-21 14:21:08 - [MESSAGE][PASSED] - Ana menüden e-Makbuz seçilir

2021-10-21 14:21:08 - [TEST_STEP][PASSED] - Alt menü e-Serbest Meslek Uygulaması başlığı altındaki e-Serbest Meslek Makbuz Raporları seçilir: Alt menü e-Serbest Meslek Uygulaması başlığı altındaki e-Serbest Meslek Makbuz Raporları seçilir

2021-10-21 14:21:08 - [MESSAGE][PASSED] - Alt menü e-Serbest Meslek Uygulaması başlığı altındaki e-Serbest Meslek Makbuz Raporları seçilir

2021-10-21 14:21:08 - [TEST_STEP][PASSED] - Filtrelerden Dönem Tarihi filtresine 2021 Ocak dropdowndan degeri seçilir: Filtrelerden Dönem Tarihi filtresine 2021 Ocak dropdowndan degeri seçilir

2021-10-21 14:21:08 - [MESSAGE][PASSED] - Filtrelerden Dönem Tarihi filtresine 2021 Ocak dropdowndan degeri seçilir

2021-10-21 14:21:08 - [TEST_STEP][PASSED] - Filtrelerden Bölüm Tarihi filtresine 11.01.2021 baslangic degerini yaz: Filtrelerden Bölüm Tarihi filtresine 11.01.2021 baslangic degerini yaz

2021-10-21 14:21:08 - [MESSAGE][PASSED] - Filtrelerden Bölüm Tarihi filtresine 11.01.2021 baslangic degerini yaz

2021-10-21 14:21:08 - [TEST_STEP][PASSED] - Filtrelerden Bölüm Tarihi filtresine 11.01.2021 bitis degerini yaz: Filtrelerden Bölüm Tarihi filtresine 11.01.2021 bitis degerini yaz

2021-10-21 14:21:08 - [MESSAGE][PASSED] - Filtrelerden Bölüm Tarihi filtresine 11.01.2021 bitis degerini yaz

2021-10-21 14:21:08 - [TEST_STEP][PASSED] - Filtre butonlarından Listele seçilir: Filtre butonlarından Listele seçilir

2021-10-21 14:21:08 - [MESSAGE][PASSED] - Filtre butonlarından Listele seçilir

2021-10-21 14:21:08 - [TEST_STEP][PASSED] - Tabloda veri var mı kontrol edilir: Tabloda veri var mı kontrol edilir

2021-10-21 14:21:08 - [MESSAGE][PASSED] - Tabloda veri var mı kontrol edilir

2021-10-21 14:21:08 - [TEST_STEP][PASSED] - Tablodan 1641 isimli veri seçilir: Tablodan 1641 isimli veri seçilir

2021-10-21 14:21:08 - [MESSAGE][PASSED] - Tablodan 1641 isimli veri seçilir

2021-10-21 14:21:08 - [TEST_STEP][PASSED] - Butonlardan Rapor isimli butona tıklanır: Butonlardan Rapor isimli butona tıklanır

2021-10-21 14:21:08 - [MESSAGE][PASSED] - Butonlardan Rapor isimli butona tıklanır

2021-10-21 14:21:08 - [TEST_STEP][PASSED] - Yeni açılan sekmeye geçilir: Yeni açılan sekmeye geçilir

2021-10-21 14:21:08 - [MESSAGE][PASSED] - Yeni açılan sekmeye geçilir

2021-10-21 14:21:08 - [TEST_STEP][PASSED] - e-Serbest Meslek Makbuzu Raporu popupı açıldı mı: e-Serbest Meslek Makbuzu Raporu popupı açıldı mı

2021-10-21 14:21:08 - [MESSAGE][PASSED] - e-Serbest Meslek Makbuzu Raporu popupı açıldı mı

2021-10-21 14:21:08 - [TEST_STEP][PASSED] - Ana sekmeye geçilir: Ana sekmeye geçilir

2021-10-21 14:21:08 - [MESSAGE][PASSED] - Ana sekmeye geçilir

2021-10-21 14:21:08 - [TEST_STEP][PASSED] - Kullanıcı işlemlerinden Çıkış seçilir: Kullanıcı işlemlerinden Çıkış seçilir

2021-10-21 14:21:08 - [MESSAGE][PASSED] - Kullanıcı işlemlerinden Çıkış seçilir

2021-10-21 14:21:08 - [MESSAGE][PASSED] - Feature file: 'Include/features/e-Makbuz/e-Serbest Meslek Uygulaması/e-Serbest Meslek Makbuz Raporlari/Rapor.feature' was passed

2021-10-21 14:21:08 - [TEST_STEP][PASSED] - Start listener action : sampleAfterTestSuite: Invoke 'com.kms.katalon.core.annotation.AfterTestCase' method: 'Listener.sampleAfterTestSuite(...)' completed.

2021-10-21 14:21:08 - [MESSAGE][INFO] - Starting invoke 'com.kms.katalon.core.annotation.AfterTestCase' method: 'Listener.sampleAfterTestSuite(...)'

2021-10-21 14:21:08 - [TEST_STEP][PASSED] - closeBrowser(): Invoke 'com.kms.katalon.core.annotation.AfterTestCase' method: 'Listener.sampleAfterTestSuite(...)' completed.

2021-10-21 14:21:08 - [MESSAGE][INFO] - Closing browser

2021-10-21 14:21:08 - [MESSAGE][PASSED] - Browser is closed

2021-10-21 14:21:08 - [MESSAGE][INFO] - Invoke 'com.kms.katalon.core.annotation.AfterTestCase' method: 'Listener.sampleAfterTestSuite(...)' completed.]]></system-out>
         <system-err><![CDATA[]]></system-err>
      </testcase>
      <testcase name="Test Cases/Case Repository/e-Makbuz/e-Serbest Meslek Uygulamasi/e-Serbest Meslek Makbuz Raporlari/XML" time="39.379" classname="Test Cases/Case Repository/e-Makbuz/e-Serbest Meslek Uygulamasi/e-Serbest Meslek Makbuz Raporlari/XML" status="PASSED">
         <system-out><![CDATA[2021-10-21 14:21:08 - [TEST_CASE][PASSED] - Test Cases/Case Repository/e-Makbuz/e-Serbest Meslek Uygulamasi/e-Serbest Meslek Makbuz Raporlari/XML: Test Cases/Case Repository/e-Makbuz/e-Serbest Meslek Uygulamasi/e-Serbest Meslek Makbuz Raporlari/XML

2021-10-21 14:21:08 - [TEST_STEP][PASSED] - Start listener action : sampleBeforeTestSuite: Invoke 'com.kms.katalon.core.annotation.BeforeTestCase' method: 'Listener.sampleBeforeTestSuite(...)' completed.

2021-10-21 14:21:08 - [MESSAGE][INFO] - Starting invoke 'com.kms.katalon.core.annotation.BeforeTestCase' method: 'Listener.sampleBeforeTestSuite(...)'

2021-10-21 14:21:08 - [TEST_STEP][PASSED] - openBrowser(baseUrl): Browser is opened with url: 'https://efatura-stage.elogo.com.tr/'

2021-10-21 14:21:08 - [MESSAGE][INFO] - Opening browser

2021-10-21 14:21:08 - [MESSAGE][INFO] - Starting 'Chrome' driver

2021-10-21 14:21:08 - [MESSAGE][INFO] - User set preference: ['prefs', '{download.default_directory=C:\otomasyondownfiles}']

2021-10-21 14:21:08 - [MESSAGE][INFO] - Action delay is set to 0 milliseconds

2021-10-21 14:21:10 - [MESSAGE][INFO] - Navigating browser to: 'https://efatura-stage.elogo.com.tr/'

2021-10-21 14:21:13 - [MESSAGE][PASSED] - Browser is opened with url: 'https://efatura-stage.elogo.com.tr/'

2021-10-21 14:21:13 - [TEST_STEP][PASSED] - maximizeWindow(): Invoke 'com.kms.katalon.core.annotation.BeforeTestCase' method: 'Listener.sampleBeforeTestSuite(...)' completed.

2021-10-21 14:21:13 - [MESSAGE][INFO] - Maximizing current window

2021-10-21 14:21:13 - [MESSAGE][PASSED] - Current window maximized

2021-10-21 14:21:13 - [MESSAGE][INFO] - Invoke 'com.kms.katalon.core.annotation.BeforeTestCase' method: 'Listener.sampleBeforeTestSuite(...)' completed.

2021-10-21 14:21:13 - [TEST_STEP][PASSED] - runFeatureFile("Include/features/e-Makbuz/e-Serbest Meslek Uygulaması/e-Serbest Meslek Makbuz Raporlari/XML.feature"): Feature file: 'Include/features/e-Makbuz/e-Serbest Meslek Uygulaması/e-Serbest Meslek Makbuz Raporlari/XML.feature' was passed

2021-10-21 14:21:13 - [MESSAGE][INFO] - Starting run keyword runFeatureFile: 'Include/features/e-Makbuz/e-Serbest Meslek Uygulaması/e-Serbest Meslek Makbuz Raporlari/XML.feature' and extract report to folder: 'C:\Users\DELL\Downloads\EES_Katalon-main\Reports\20211021_140437\Suite Repository\e-Makbuz\20211021_140511/cucumber_report/1634815273945'...

2021-10-21 14:21:13 - [MESSAGE][INFO] - Glue: []

2021-10-21 14:21:14 - [MESSAGE][INFO] - Checking called Test Case

2021-10-21 14:21:14 - [MESSAGE][INFO] - Starting to call Test Case 'Test Cases/Sayfalar/Giris_Sayfasi/Login'

2021-10-21 14:21:14 - [TEST_CASE][PASSED] - Test Cases/Sayfalar/Giris_Sayfasi/Login: Test Cases/Sayfalar/Giris_Sayfasi/Login

2021-10-21 14:21:14 - [TEST_STEP][PASSED] - Sayfa_Basligi = getWindowTitle(): Current window's title is: 'LOGO e-Fatura'

2021-10-21 14:21:14 - [MESSAGE][INFO] - Getting current window's title

2021-10-21 14:21:14 - [MESSAGE][PASSED] - Current window's title is: 'LOGO e-Fatura'

2021-10-21 14:21:14 - [TEST_STEP][PASSED] - verifyMatch(Sayfa_Basligi, "LOGO e-Fatura", false): Actual text 'LOGO e-Fatura' and expected text 'LOGO e-Fatura' are matched 

2021-10-21 14:21:14 - [MESSAGE][INFO] - Matching actual text 'LOGO e-Fatura' with expected text 'LOGO e-Fatura'

2021-10-21 14:21:14 - [MESSAGE][PASSED] - Actual text 'LOGO e-Fatura' and expected text 'LOGO e-Fatura' are matched 

2021-10-21 14:21:14 - [TEST_STEP][PASSED] - sendKeys(findTestObject("Sayfalar/Giris_Sayfasi/Firma_Kodu"), KullaniciAdi): Keys 'ELOGO6' sent to object: 'Object Repository/Sayfalar/Giris_Sayfasi/Firma_Kodu'

2021-10-21 14:21:14 - [MESSAGE][INFO] - Finding Test Object 'Object Repository/Sayfalar/Giris_Sayfasi/Firma_Kodu'

2021-10-21 14:21:15 - [MESSAGE][INFO] - Sending keys 'ELOGO6' to object: 'Object Repository/Sayfalar/Giris_Sayfasi/Firma_Kodu'

2021-10-21 14:21:15 - [MESSAGE][INFO] - Finding web element from Test Object's properties

2021-10-21 14:21:15 - [MESSAGE][INFO] - Checking timeout

2021-10-21 14:21:15 - [MESSAGE][INFO] - Finding web element with id: 'Object Repository/Sayfalar/Giris_Sayfasi/Firma_Kodu' located by 'By.xpath: //*[@id = 'AccountName']' in '30' second(s)

2021-10-21 14:21:15 - [MESSAGE][INFO] - Smart Wait Function is triggered

2021-10-21 14:21:15 - [MESSAGE][INFO] - Found 1 web elements with id: 'Object Repository/Sayfalar/Giris_Sayfasi/Firma_Kodu' located by 'By.xpath: //*[@id = 'AccountName']' in '30' second(s)

2021-10-21 14:21:15 - [MESSAGE][PASSED] - Keys 'ELOGO6' sent to object: 'Object Repository/Sayfalar/Giris_Sayfasi/Firma_Kodu'

2021-10-21 14:21:15 - [TEST_STEP][PASSED] - sendKeys(findTestObject("Sayfalar/Giris_Sayfasi/Sifre"), Sifre): Keys '123456' sent to object: 'Object Repository/Sayfalar/Giris_Sayfasi/Sifre'

2021-10-21 14:21:15 - [MESSAGE][INFO] - Finding Test Object 'Object Repository/Sayfalar/Giris_Sayfasi/Sifre'

2021-10-21 14:21:15 - [MESSAGE][INFO] - Sending keys '123456' to object: 'Object Repository/Sayfalar/Giris_Sayfasi/Sifre'

2021-10-21 14:21:15 - [MESSAGE][INFO] - Finding web element from Test Object's properties

2021-10-21 14:21:15 - [MESSAGE][INFO] - Checking timeout

2021-10-21 14:21:15 - [MESSAGE][INFO] - Finding web element with id: 'Object Repository/Sayfalar/Giris_Sayfasi/Sifre' located by 'By.xpath: //*[@id = 'Password']' in '30' second(s)

2021-10-21 14:21:15 - [MESSAGE][INFO] - Smart Wait Function is triggered

2021-10-21 14:21:16 - [MESSAGE][INFO] - Found 1 web elements with id: 'Object Repository/Sayfalar/Giris_Sayfasi/Sifre' located by 'By.xpath: //*[@id = 'Password']' in '30' second(s)

2021-10-21 14:21:16 - [MESSAGE][PASSED] - Keys '123456' sent to object: 'Object Repository/Sayfalar/Giris_Sayfasi/Sifre'

2021-10-21 14:21:16 - [TEST_STEP][PASSED] - findWebElement(findTestObject("Sayfalar/Giris_Sayfasi/Giris_Butonu")).click(): Found 1 web elements with id: 'Object Repository/Sayfalar/Giris_Sayfasi/Giris_Butonu' located by 'By.cssSelector: #btnLogin' in '30' second(s)

2021-10-21 14:21:16 - [MESSAGE][INFO] - Finding Test Object 'Object Repository/Sayfalar/Giris_Sayfasi/Giris_Butonu'

2021-10-21 14:21:16 - [MESSAGE][INFO] - Finding web element from Test Object's properties

2021-10-21 14:21:16 - [MESSAGE][INFO] - Checking timeout

2021-10-21 14:21:16 - [MESSAGE][INFO] - Finding web element with id: 'Object Repository/Sayfalar/Giris_Sayfasi/Giris_Butonu' located by 'By.cssSelector: #btnLogin' in '30' second(s)

2021-10-21 14:21:16 - [MESSAGE][INFO] - Smart Wait Function is triggered

2021-10-21 14:21:16 - [MESSAGE][INFO] - Found 1 web elements with id: 'Object Repository/Sayfalar/Giris_Sayfasi/Giris_Butonu' located by 'By.cssSelector: #btnLogin' in '30' second(s)

2021-10-21 14:21:19 - [TEST_STEP][PASSED] - if (verifyElementPresent(findTestObject("Object Repository/Sayfalar/Giris_Sayfasi/RetveTamam_Butonu"), 5, OPTIONAL)): null

2021-10-21 14:21:19 - [MESSAGE][INFO] - Finding Test Object 'Object Repository/Sayfalar/Giris_Sayfasi/RetveTamam_Butonu'

2021-10-21 14:21:19 - [MESSAGE][INFO] - Checking object

2021-10-21 14:21:19 - [MESSAGE][INFO] - Finding web element from Test Object's properties

2021-10-21 14:21:19 - [MESSAGE][INFO] - Checking timeout

2021-10-21 14:21:19 - [MESSAGE][INFO] - Finding web element with id: 'Object Repository/Sayfalar/Giris_Sayfasi/RetveTamam_Butonu' located by 'By.xpath: //*[@class = 'btn btn-default']' in '5' second(s)

2021-10-21 14:21:19 - [MESSAGE][INFO] - Smart Wait Function is triggered

2021-10-21 14:21:20 - [MESSAGE][INFO] - Found 1 web elements with id: 'Object Repository/Sayfalar/Giris_Sayfasi/RetveTamam_Butonu' located by 'By.xpath: //*[@class = 'btn btn-default']' in '5' second(s)

2021-10-21 14:21:20 - [MESSAGE][PASSED] - Object 'Object Repository/Sayfalar/Giris_Sayfasi/RetveTamam_Butonu' is present

2021-10-21 14:21:20 - [TEST_STEP][PASSED] - click(findTestObject("Object Repository/Sayfalar/Giris_Sayfasi/RetveTamam_Butonu")): Object: 'Object Repository/Sayfalar/Giris_Sayfasi/RetveTamam_Butonu' is clicked on

2021-10-21 14:21:20 - [MESSAGE][INFO] - Finding Test Object 'Object Repository/Sayfalar/Giris_Sayfasi/RetveTamam_Butonu'

2021-10-21 14:21:20 - [MESSAGE][INFO] - Checking object

2021-10-21 14:21:20 - [MESSAGE][INFO] - Finding web element from Test Object's properties

2021-10-21 14:21:20 - [MESSAGE][INFO] - Checking timeout

2021-10-21 14:21:20 - [MESSAGE][INFO] - Finding web element with id: 'Object Repository/Sayfalar/Giris_Sayfasi/RetveTamam_Butonu' located by 'By.xpath: //*[@class = 'btn btn-default']' in '30' second(s)

2021-10-21 14:21:20 - [MESSAGE][INFO] - Smart Wait Function is triggered

2021-10-21 14:21:20 - [MESSAGE][INFO] - Found 1 web elements with id: 'Object Repository/Sayfalar/Giris_Sayfasi/RetveTamam_Butonu' located by 'By.xpath: //*[@class = 'btn btn-default']' in '30' second(s)

2021-10-21 14:21:20 - [MESSAGE][INFO] - Clicking on object: 'Object Repository/Sayfalar/Giris_Sayfasi/RetveTamam_Butonu'

2021-10-21 14:21:20 - [MESSAGE][PASSED] - Object: 'Object Repository/Sayfalar/Giris_Sayfasi/RetveTamam_Butonu' is clicked on

2021-10-21 14:21:20 - [TEST_STEP][PASSED] - click(findTestObject("Object Repository/Sayfalar/Giris_Sayfasi/RetveTamam_Butonu")): Object: 'Object Repository/Sayfalar/Giris_Sayfasi/RetveTamam_Butonu' is clicked on

2021-10-21 14:21:20 - [MESSAGE][INFO] - Finding Test Object 'Object Repository/Sayfalar/Giris_Sayfasi/RetveTamam_Butonu'

2021-10-21 14:21:20 - [MESSAGE][INFO] - Checking object

2021-10-21 14:21:20 - [MESSAGE][INFO] - Finding web element from Test Object's properties

2021-10-21 14:21:20 - [MESSAGE][INFO] - Checking timeout

2021-10-21 14:21:20 - [MESSAGE][INFO] - Finding web element with id: 'Object Repository/Sayfalar/Giris_Sayfasi/RetveTamam_Butonu' located by 'By.xpath: //*[@class = 'btn btn-default']' in '30' second(s)

2021-10-21 14:21:20 - [MESSAGE][INFO] - Smart Wait Function is triggered

2021-10-21 14:21:28 - [MESSAGE][INFO] - Found 1 web elements with id: 'Object Repository/Sayfalar/Giris_Sayfasi/RetveTamam_Butonu' located by 'By.xpath: //*[@class = 'btn btn-default']' in '30' second(s)

2021-10-21 14:21:28 - [MESSAGE][INFO] - Clicking on object: 'Object Repository/Sayfalar/Giris_Sayfasi/RetveTamam_Butonu'

2021-10-21 14:21:28 - [MESSAGE][PASSED] - Object: 'Object Repository/Sayfalar/Giris_Sayfasi/RetveTamam_Butonu' is clicked on

2021-10-21 14:21:28 - [TEST_STEP][PASSED] - if (verifyElementPresent(findTestObject("Sayfalar/Giris_Sayfasi/PopupOK"), 5, OPTIONAL)): null

2021-10-21 14:21:28 - [MESSAGE][INFO] - Finding Test Object 'Object Repository/Sayfalar/Giris_Sayfasi/PopupOK'

2021-10-21 14:21:28 - [MESSAGE][INFO] - Checking object

2021-10-21 14:21:28 - [MESSAGE][INFO] - Finding web element from Test Object's properties

2021-10-21 14:21:28 - [MESSAGE][INFO] - Checking timeout

2021-10-21 14:21:28 - [MESSAGE][INFO] - Finding web element with id: 'Object Repository/Sayfalar/Giris_Sayfasi/PopupOK' located by 'By.cssSelector: .btn.btn-success' in '5' second(s)

2021-10-21 14:21:28 - [MESSAGE][INFO] - Smart Wait Function is triggered

2021-10-21 14:21:29 - [MESSAGE][INFO] - Found 1 web elements with id: 'Object Repository/Sayfalar/Giris_Sayfasi/PopupOK' located by 'By.cssSelector: .btn.btn-success' in '5' second(s)

2021-10-21 14:21:29 - [MESSAGE][PASSED] - Object 'Object Repository/Sayfalar/Giris_Sayfasi/PopupOK' is present

2021-10-21 14:21:29 - [TEST_STEP][PASSED] - click(findTestObject("Object Repository/Sayfalar/Giris_Sayfasi/PopupCarpiGiris")): Object: 'Object Repository/Sayfalar/Giris_Sayfasi/PopupCarpiGiris' is clicked on

2021-10-21 14:21:29 - [MESSAGE][INFO] - Finding Test Object 'Object Repository/Sayfalar/Giris_Sayfasi/PopupCarpiGiris'

2021-10-21 14:21:29 - [MESSAGE][INFO] - Checking object

2021-10-21 14:21:29 - [MESSAGE][INFO] - Finding web element from Test Object's properties

2021-10-21 14:21:29 - [MESSAGE][INFO] - Checking timeout

2021-10-21 14:21:29 - [MESSAGE][INFO] - Finding web element with id: 'Object Repository/Sayfalar/Giris_Sayfasi/PopupCarpiGiris' located by 'By.cssSelector: .bootbox-close-button.close' in '30' second(s)

2021-10-21 14:21:29 - [MESSAGE][INFO] - Smart Wait Function is triggered

2021-10-21 14:21:29 - [MESSAGE][INFO] - Found 1 web elements with id: 'Object Repository/Sayfalar/Giris_Sayfasi/PopupCarpiGiris' located by 'By.cssSelector: .bootbox-close-button.close' in '30' second(s)

2021-10-21 14:21:29 - [MESSAGE][INFO] - Clicking on object: 'Object Repository/Sayfalar/Giris_Sayfasi/PopupCarpiGiris'

2021-10-21 14:21:29 - [MESSAGE][PASSED] - Object: 'Object Repository/Sayfalar/Giris_Sayfasi/PopupCarpiGiris' is clicked on

2021-10-21 14:21:29 - [TEST_STEP][PASSED] - verifyElementVisible(findTestObject("Object Repository/Kullanici_Islemleri/KullaniciIslemleri")): Object 'Object Repository/Kullanici_Islemleri/KullaniciIslemleri' is visible

2021-10-21 14:21:29 - [MESSAGE][INFO] - Finding Test Object 'Object Repository/Kullanici_Islemleri/KullaniciIslemleri'

2021-10-21 14:21:30 - [MESSAGE][INFO] - Checking object

2021-10-21 14:21:30 - [MESSAGE][INFO] - Finding web element from Test Object's properties

2021-10-21 14:21:30 - [MESSAGE][INFO] - Checking timeout

2021-10-21 14:21:30 - [MESSAGE][INFO] - Finding web element with id: 'Object Repository/Kullanici_Islemleri/KullaniciIslemleri' located by 'By.cssSelector: .dropdown>a>img' in '30' second(s)

2021-10-21 14:21:30 - [MESSAGE][INFO] - Smart Wait Function is triggered

2021-10-21 14:21:30 - [MESSAGE][INFO] - Found 1 web elements with id: 'Object Repository/Kullanici_Islemleri/KullaniciIslemleri' located by 'By.cssSelector: .dropdown>a>img' in '30' second(s)

2021-10-21 14:21:30 - [MESSAGE][PASSED] - Object 'Object Repository/Kullanici_Islemleri/KullaniciIslemleri' is visible

2021-10-21 14:21:30 - [MESSAGE][PASSED] - Call Test Case 'Test Cases/Sayfalar/Giris_Sayfasi/Login' successfully

2021-10-21 14:21:30 - [MESSAGE][INFO] - Checking called Test Case

2021-10-21 14:21:30 - [MESSAGE][INFO] - Starting to call Test Case 'Test Cases/Menu/AnaMenuSecimi'

2021-10-21 14:21:30 - [TEST_CASE][PASSED] - Test Cases/Menu/AnaMenuSecimi: Test Cases/Menu/AnaMenuSecimi

2021-10-21 14:21:30 - [TEST_STEP][PASSED] - Method.TextDegerineEsitElementeTikla(findTestObject("Menu/Ana_Menu"), Ana_Menu): Method.TextDegerineEsitElementeTikla is PASSED

2021-10-21 14:21:30 - [MESSAGE][INFO] - Finding Test Object 'Object Repository/Menu/Ana_Menu'

2021-10-21 14:21:30 - [MESSAGE][INFO] - Checking timeout

2021-10-21 14:21:30 - [MESSAGE][INFO] - Finding web element with id: 'Object Repository/Menu/Ana_Menu' located by 'By.xpath: //*[@class = 'dropdown-toggle']' in '10' second(s)

2021-10-21 14:21:30 - [MESSAGE][INFO] - Smart Wait Function is triggered

2021-10-21 14:21:31 - [MESSAGE][INFO] - Found 14 web elements with id: 'Object Repository/Menu/Ana_Menu' located by 'By.xpath: //*[@class = 'dropdown-toggle']' in '10' second(s)

2021-10-21 14:21:31 - [MESSAGE][PASSED] - Method.TextDegerineEsitElementeTikla is PASSED

2021-10-21 14:21:31 - [MESSAGE][PASSED] - Call Test Case 'Test Cases/Menu/AnaMenuSecimi' successfully

2021-10-21 14:21:31 - [MESSAGE][INFO] - Checking called Test Case

2021-10-21 14:21:31 - [MESSAGE][INFO] - Starting to call Test Case 'Test Cases/Menu/BasligaGoreAltMenuSecimi'

2021-10-21 14:21:31 - [TEST_CASE][PASSED] - Test Cases/Menu/BasligaGoreAltMenuSecimi: Test Cases/Menu/BasligaGoreAltMenuSecimi

2021-10-21 14:21:31 - [TEST_STEP][PASSED] - Method.TextDegerineEsitElementinAltindakiTextDegerineEsitOlanaTikla(findTestObject("Menu/Menu_Basligi"), findTestObject("Menu/Basliga_Gore_Alt_Menu"), Baslik, Alt_Menu): Method.TextDegerineEsitElementinAltindakiTextDegerineEsitOlanaTikla is PASSED

2021-10-21 14:21:31 - [MESSAGE][INFO] - Finding Test Object 'Object Repository/Menu/Menu_Basligi'

2021-10-21 14:21:31 - [MESSAGE][INFO] - Finding Test Object 'Object Repository/Menu/Basliga_Gore_Alt_Menu'

2021-10-21 14:21:31 - [MESSAGE][INFO] - Checking timeout

2021-10-21 14:21:31 - [MESSAGE][INFO] - Finding web element with id: 'Object Repository/Menu/Menu_Basligi' located by 'By.xpath: //li[@class='dropdown dropdown-large open']//li[@class='dropdown-header']' in '10' second(s)

2021-10-21 14:21:31 - [MESSAGE][INFO] - Smart Wait Function is triggered

2021-10-21 14:21:31 - [MESSAGE][INFO] - Found 2 web elements with id: 'Object Repository/Menu/Menu_Basligi' located by 'By.xpath: //li[@class='dropdown dropdown-large open']//li[@class='dropdown-header']' in '10' second(s)

2021-10-21 14:21:31 - [MESSAGE][INFO] - Smart Wait Function is triggered

2021-10-21 14:21:34 - [MESSAGE][PASSED] - Method.TextDegerineEsitElementinAltindakiTextDegerineEsitOlanaTikla is PASSED

2021-10-21 14:21:34 - [MESSAGE][PASSED] - Call Test Case 'Test Cases/Menu/BasligaGoreAltMenuSecimi' successfully

2021-10-21 14:21:34 - [MESSAGE][INFO] - Checking called Test Case

2021-10-21 14:21:34 - [MESSAGE][INFO] - Starting to call Test Case 'Test Cases/Filtreler/DropdownSec'

2021-10-21 14:21:34 - [TEST_CASE][PASSED] - Test Cases/Filtreler/DropdownSec: Test Cases/Filtreler/DropdownSec

2021-10-21 14:21:34 - [TEST_STEP][PASSED] - Method.TextDegerineEsitElementinAltindakineTikla(findTestObject("Filtreler/Basliklar"), findTestObject("Filtreler/Basliga_Gore_Baslangic_Image"), Filtre_Adi): Method.TextDegerineEsitElementinAltindakineTikla is PASSED

2021-10-21 14:21:34 - [MESSAGE][INFO] - Finding Test Object 'Object Repository/Filtreler/Basliklar'

2021-10-21 14:21:34 - [MESSAGE][INFO] - Finding Test Object 'Object Repository/Filtreler/Basliga_Gore_Baslangic_Image'

2021-10-21 14:21:34 - [MESSAGE][INFO] - Checking timeout

2021-10-21 14:21:34 - [MESSAGE][INFO] - Finding web element with id: 'Object Repository/Filtreler/Basliklar' located by 'By.cssSelector: .control-label.col-sm-4.paddingMarginRLC' in '10' second(s)

2021-10-21 14:21:34 - [MESSAGE][INFO] - Smart Wait Function is triggered

2021-10-21 14:21:34 - [MESSAGE][INFO] - Found 5 web elements with id: 'Object Repository/Filtreler/Basliklar' located by 'By.cssSelector: .control-label.col-sm-4.paddingMarginRLC' in '10' second(s)

2021-10-21 14:21:34 - [MESSAGE][INFO] - Smart Wait Function is triggered

2021-10-21 14:21:35 - [MESSAGE][PASSED] - Method.TextDegerineEsitElementinAltindakineTikla is PASSED

2021-10-21 14:21:35 - [TEST_STEP][PASSED] - Method.TextDegerineEsitElementeTikla(findTestObject("Object Repository/Filtreler/Basliga_Gore_Dropdown"), Filtre_Degeri): Method.TextDegerineEsitElementeTikla is PASSED

2021-10-21 14:21:35 - [MESSAGE][INFO] - Finding Test Object 'Object Repository/Filtreler/Basliga_Gore_Dropdown'

2021-10-21 14:21:35 - [MESSAGE][INFO] - Checking timeout

2021-10-21 14:21:35 - [MESSAGE][INFO] - Finding web element with id: 'Object Repository/Filtreler/Basliga_Gore_Dropdown' located by 'By.xpath: //*[@class = 'dxeListBoxItemRow_LECustomTheme']' in '10' second(s)

2021-10-21 14:21:35 - [MESSAGE][INFO] - Smart Wait Function is triggered

2021-10-21 14:21:35 - [MESSAGE][INFO] - Found 58 web elements with id: 'Object Repository/Filtreler/Basliga_Gore_Dropdown' located by 'By.xpath: //*[@class = 'dxeListBoxItemRow_LECustomTheme']' in '10' second(s)

2021-10-21 14:21:36 - [MESSAGE][PASSED] - Method.TextDegerineEsitElementeTikla is PASSED

2021-10-21 14:21:36 - [MESSAGE][PASSED] - Call Test Case 'Test Cases/Filtreler/DropdownSec' successfully

2021-10-21 14:21:36 - [MESSAGE][INFO] - Checking called Test Case

2021-10-21 14:21:36 - [MESSAGE][INFO] - Starting to call Test Case 'Test Cases/Filtreler/BaslangicYaz'

2021-10-21 14:21:36 - [TEST_CASE][PASSED] - Test Cases/Filtreler/BaslangicYaz: Test Cases/Filtreler/BaslangicYaz

2021-10-21 14:21:36 - [TEST_STEP][PASSED] - Method.TextDegerineEsitElementinAltindakineTikla(findTestObject("Filtreler/Basliklar"), findTestObject("Filtreler/Basliga_Gore_Baslangic_Image"), Filtre_Adi): Method.TextDegerineEsitElementinAltindakineTikla is PASSED

2021-10-21 14:21:36 - [MESSAGE][INFO] - Finding Test Object 'Object Repository/Filtreler/Basliklar'

2021-10-21 14:21:36 - [MESSAGE][INFO] - Finding Test Object 'Object Repository/Filtreler/Basliga_Gore_Baslangic_Image'

2021-10-21 14:21:36 - [MESSAGE][INFO] - Checking timeout

2021-10-21 14:21:36 - [MESSAGE][INFO] - Finding web element with id: 'Object Repository/Filtreler/Basliklar' located by 'By.cssSelector: .control-label.col-sm-4.paddingMarginRLC' in '10' second(s)

2021-10-21 14:21:36 - [MESSAGE][INFO] - Smart Wait Function is triggered

2021-10-21 14:21:36 - [MESSAGE][INFO] - Found 5 web elements with id: 'Object Repository/Filtreler/Basliklar' located by 'By.cssSelector: .control-label.col-sm-4.paddingMarginRLC' in '10' second(s)

2021-10-21 14:21:36 - [MESSAGE][INFO] - Smart Wait Function is triggered

2021-10-21 14:21:36 - [MESSAGE][PASSED] - Method.TextDegerineEsitElementinAltindakineTikla is PASSED

2021-10-21 14:21:36 - [TEST_STEP][PASSED] - Method.TextDegerineEsitElementinAltindakiTextboxtaYaz(findTestObject("Filtreler/Basliklar"), findTestObject("Filtreler/Basliga_Gore_Baslangic"), Filtre_Adi, Filtre_Degeri): Method.TextDegerineEsitElementinAltindakiTextboxtaYaz is PASSED

2021-10-21 14:21:36 - [MESSAGE][INFO] - Finding Test Object 'Object Repository/Filtreler/Basliklar'

2021-10-21 14:21:37 - [MESSAGE][INFO] - Finding Test Object 'Object Repository/Filtreler/Basliga_Gore_Baslangic'

2021-10-21 14:21:37 - [MESSAGE][INFO] - Checking timeout

2021-10-21 14:21:37 - [MESSAGE][INFO] - Finding web element with id: 'Object Repository/Filtreler/Basliklar' located by 'By.cssSelector: .control-label.col-sm-4.paddingMarginRLC' in '10' second(s)

2021-10-21 14:21:37 - [MESSAGE][INFO] - Smart Wait Function is triggered

2021-10-21 14:21:37 - [MESSAGE][INFO] - Found 5 web elements with id: 'Object Repository/Filtreler/Basliklar' located by 'By.cssSelector: .control-label.col-sm-4.paddingMarginRLC' in '10' second(s)

2021-10-21 14:21:37 - [MESSAGE][INFO] - Smart Wait Function is triggered

2021-10-21 14:21:37 - [MESSAGE][PASSED] - Method.TextDegerineEsitElementinAltindakiTextboxtaYaz is PASSED

2021-10-21 14:21:37 - [MESSAGE][PASSED] - Call Test Case 'Test Cases/Filtreler/BaslangicYaz' successfully

2021-10-21 14:21:37 - [MESSAGE][INFO] - Checking called Test Case

2021-10-21 14:21:37 - [MESSAGE][INFO] - Starting to call Test Case 'Test Cases/Filtreler/BitisYaz'

2021-10-21 14:21:37 - [TEST_CASE][PASSED] - Test Cases/Filtreler/BitisYaz: Test Cases/Filtreler/BitisYaz

2021-10-21 14:21:37 - [TEST_STEP][PASSED] - Method.TextDegerineEsitElementinAltindakineTikla(findTestObject("Filtreler/Basliklar"), findTestObject("Filtreler/Basliga_Gore_Bitis_Image"), Filtre_Adi): Method.TextDegerineEsitElementinAltindakineTikla is PASSED

2021-10-21 14:21:37 - [MESSAGE][INFO] - Finding Test Object 'Object Repository/Filtreler/Basliklar'

2021-10-21 14:21:37 - [MESSAGE][INFO] - Finding Test Object 'Object Repository/Filtreler/Basliga_Gore_Bitis_Image'

2021-10-21 14:21:37 - [MESSAGE][INFO] - Checking timeout

2021-10-21 14:21:37 - [MESSAGE][INFO] - Finding web element with id: 'Object Repository/Filtreler/Basliklar' located by 'By.cssSelector: .control-label.col-sm-4.paddingMarginRLC' in '10' second(s)

2021-10-21 14:21:37 - [MESSAGE][INFO] - Smart Wait Function is triggered

2021-10-21 14:21:38 - [MESSAGE][INFO] - Found 5 web elements with id: 'Object Repository/Filtreler/Basliklar' located by 'By.cssSelector: .control-label.col-sm-4.paddingMarginRLC' in '10' second(s)

2021-10-21 14:21:38 - [MESSAGE][INFO] - Smart Wait Function is triggered

2021-10-21 14:21:38 - [MESSAGE][PASSED] - Method.TextDegerineEsitElementinAltindakineTikla is PASSED

2021-10-21 14:21:38 - [TEST_STEP][PASSED] - Method.TextDegerineEsitElementinAltindakiTextboxtaYaz(findTestObject("Filtreler/Basliklar"), findTestObject("Object Repository/Filtreler/Basliga_Gore_Bitis"), Filtre_Adi, Filtre_Degeri): Method.TextDegerineEsitElementinAltindakiTextboxtaYaz is PASSED

2021-10-21 14:21:38 - [MESSAGE][INFO] - Finding Test Object 'Object Repository/Filtreler/Basliklar'

2021-10-21 14:21:38 - [MESSAGE][INFO] - Finding Test Object 'Object Repository/Filtreler/Basliga_Gore_Bitis'

2021-10-21 14:21:38 - [MESSAGE][INFO] - Checking timeout

2021-10-21 14:21:38 - [MESSAGE][INFO] - Finding web element with id: 'Object Repository/Filtreler/Basliklar' located by 'By.cssSelector: .control-label.col-sm-4.paddingMarginRLC' in '10' second(s)

2021-10-21 14:21:38 - [MESSAGE][INFO] - Smart Wait Function is triggered

2021-10-21 14:21:39 - [MESSAGE][INFO] - Found 5 web elements with id: 'Object Repository/Filtreler/Basliklar' located by 'By.cssSelector: .control-label.col-sm-4.paddingMarginRLC' in '10' second(s)

2021-10-21 14:21:39 - [MESSAGE][INFO] - Smart Wait Function is triggered

2021-10-21 14:21:39 - [MESSAGE][PASSED] - Method.TextDegerineEsitElementinAltindakiTextboxtaYaz is PASSED

2021-10-21 14:21:39 - [MESSAGE][PASSED] - Call Test Case 'Test Cases/Filtreler/BitisYaz' successfully

2021-10-21 14:21:39 - [MESSAGE][INFO] - Checking called Test Case

2021-10-21 14:21:39 - [MESSAGE][INFO] - Starting to call Test Case 'Test Cases/Filtreler/ButonaTikla'

2021-10-21 14:21:39 - [TEST_CASE][PASSED] - Test Cases/Filtreler/ButonaTikla: Test Cases/Filtreler/ButonaTikla

2021-10-21 14:21:39 - [TEST_STEP][PASSED] - Method.TextDegerineEsitElementeTikla(findTestObject("Filtreler/Butonlar"), Filtre_Buton): Method.TextDegerineEsitElementeTikla is PASSED

2021-10-21 14:21:39 - [MESSAGE][INFO] - Finding Test Object 'Object Repository/Filtreler/Butonlar'

2021-10-21 14:21:39 - [MESSAGE][INFO] - Checking timeout

2021-10-21 14:21:39 - [MESSAGE][INFO] - Finding web element with id: 'Object Repository/Filtreler/Butonlar' located by 'By.cssSelector: .dxb>span' in '10' second(s)

2021-10-21 14:21:39 - [MESSAGE][INFO] - Smart Wait Function is triggered

2021-10-21 14:21:39 - [MESSAGE][INFO] - Found 3 web elements with id: 'Object Repository/Filtreler/Butonlar' located by 'By.cssSelector: .dxb>span' in '10' second(s)

2021-10-21 14:21:39 - [MESSAGE][PASSED] - Method.TextDegerineEsitElementeTikla is PASSED

2021-10-21 14:21:39 - [MESSAGE][PASSED] - Call Test Case 'Test Cases/Filtreler/ButonaTikla' successfully

2021-10-21 14:21:39 - [MESSAGE][INFO] - Checking called Test Case

2021-10-21 14:21:39 - [MESSAGE][INFO] - Starting to call Test Case 'Test Cases/Tablo/TablodaVeriVarMi'

2021-10-21 14:21:40 - [TEST_CASE][PASSED] - Test Cases/Tablo/TablodaVeriVarMi: Test Cases/Tablo/TablodaVeriVarMi

2021-10-21 14:21:40 - [TEST_STEP][PASSED] - verifyTextNotPresent("Görüntülenecek veri yok", true): Text 'Görüntülenecek veri yok' is not present on page using regular expression

2021-10-21 14:21:40 - [MESSAGE][INFO] - Checking text present  using regular expression

2021-10-21 14:21:40 - [MESSAGE][INFO] - Smart Wait Function is triggered

2021-10-21 14:21:40 - [MESSAGE][INFO] - Finding text 'Görüntülenecek veri yok' on page  using regular expression

2021-10-21 14:21:40 - [MESSAGE][PASSED] - Text 'Görüntülenecek veri yok' is not present on page using regular expression

2021-10-21 14:21:40 - [MESSAGE][PASSED] - Call Test Case 'Test Cases/Tablo/TablodaVeriVarMi' successfully

2021-10-21 14:21:40 - [MESSAGE][INFO] - Checking called Test Case

2021-10-21 14:21:40 - [MESSAGE][INFO] - Starting to call Test Case 'Test Cases/Tablo/TablodanVeriSec'

2021-10-21 14:21:40 - [TEST_CASE][PASSED] - Test Cases/Tablo/TablodanVeriSec: Test Cases/Tablo/TablodanVeriSec

2021-10-21 14:21:40 - [TEST_STEP][PASSED] - Method.TextDegerineEsitElementinAltindakineTikla(findTestObject("Tablo/Veriler"), findTestObject("Tablo/VerininCheckBoxi"), Veri_Adi): Method.TextDegerineEsitElementinAltindakineTikla is PASSED

2021-10-21 14:21:40 - [MESSAGE][INFO] - Finding Test Object 'Object Repository/Tablo/Veriler'

2021-10-21 14:21:40 - [MESSAGE][INFO] - Finding Test Object 'Object Repository/Tablo/VerininCheckBoxi'

2021-10-21 14:21:41 - [MESSAGE][INFO] - Checking timeout

2021-10-21 14:21:41 - [MESSAGE][INFO] - Finding web element with id: 'Object Repository/Tablo/Veriler' located by 'By.cssSelector: td.dxgv b ,td.dxgv' in '10' second(s)

2021-10-21 14:21:41 - [MESSAGE][INFO] - Smart Wait Function is triggered

2021-10-21 14:21:41 - [MESSAGE][INFO] - Found 120 web elements with id: 'Object Repository/Tablo/Veriler' located by 'By.cssSelector: td.dxgv b ,td.dxgv' in '10' second(s)

2021-10-21 14:21:41 - [MESSAGE][INFO] - Smart Wait Function is triggered

2021-10-21 14:21:42 - [MESSAGE][PASSED] - Method.TextDegerineEsitElementinAltindakineTikla is PASSED

2021-10-21 14:21:42 - [MESSAGE][PASSED] - Call Test Case 'Test Cases/Tablo/TablodanVeriSec' successfully

2021-10-21 14:21:42 - [MESSAGE][INFO] - Checking called Test Case

2021-10-21 14:21:42 - [MESSAGE][INFO] - Starting to call Test Case 'Test Cases/Butonlar/ButonaTikla'

2021-10-21 14:21:42 - [TEST_CASE][PASSED] - Test Cases/Butonlar/ButonaTikla: Test Cases/Butonlar/ButonaTikla

2021-10-21 14:21:42 - [TEST_STEP][PASSED] - Method.TextDegerineEsitElementeTiklaEquals(findTestObject("Butonlar/Butonlar"), Buton_Adi): Method.TextDegerineEsitElementeTiklaEquals is PASSED

2021-10-21 14:21:42 - [MESSAGE][INFO] - Finding Test Object 'Object Repository/Butonlar/Butonlar'

2021-10-21 14:21:42 - [MESSAGE][INFO] - Checking timeout

2021-10-21 14:21:42 - [MESSAGE][INFO] - Finding web element with id: 'Object Repository/Butonlar/Butonlar' located by 'By.cssSelector: .panel.panel-default.text-center.footerPanel .btn,.btn.btn-primary.btnControls' in '10' second(s)

2021-10-21 14:21:42 - [MESSAGE][INFO] - Smart Wait Function is triggered

2021-10-21 14:21:42 - [MESSAGE][INFO] - Found 6 web elements with id: 'Object Repository/Butonlar/Butonlar' located by 'By.cssSelector: .panel.panel-default.text-center.footerPanel .btn,.btn.btn-primary.btnControls' in '10' second(s)

2021-10-21 14:21:42 - [MESSAGE][PASSED] - Method.TextDegerineEsitElementeTiklaEquals is PASSED

2021-10-21 14:21:42 - [MESSAGE][PASSED] - Call Test Case 'Test Cases/Butonlar/ButonaTikla' successfully

2021-10-21 14:21:42 - [MESSAGE][INFO] - Checking called Test Case

2021-10-21 14:21:42 - [MESSAGE][INFO] - Starting to call Test Case 'Test Cases/Sekmeler/YeniSekmeyeGec'

2021-10-21 14:21:42 - [TEST_CASE][PASSED] - Test Cases/Sekmeler/YeniSekmeyeGec: Test Cases/Sekmeler/YeniSekmeyeGec

2021-10-21 14:21:42 - [TEST_STEP][PASSED] - switchToWindowIndex(1): Switched to window with index: '1'

2021-10-21 14:21:42 - [MESSAGE][INFO] - Checking index

2021-10-21 14:21:42 - [MESSAGE][INFO] - Switching window with index: '1'

2021-10-21 14:21:42 - [MESSAGE][PASSED] - Switched to window with index: '1'

2021-10-21 14:21:42 - [MESSAGE][PASSED] - Call Test Case 'Test Cases/Sekmeler/YeniSekmeyeGec' successfully

2021-10-21 14:21:42 - [MESSAGE][INFO] - Checking called Test Case

2021-10-21 14:21:42 - [MESSAGE][INFO] - Starting to call Test Case 'Test Cases/Sekmeler/TagGeldiMi'

2021-10-21 14:21:42 - [TEST_CASE][PASSED] - Test Cases/Sekmeler/TagGeldiMi: Test Cases/Sekmeler/TagGeldiMi

2021-10-21 14:21:43 - [TEST_STEP][PASSED] - waitForElementPresent(findTestObject("Object Repository/Sekmeler/UBLTag"), 10): Object 'Object Repository/Sekmeler/UBLTag' is present

2021-10-21 14:21:43 - [MESSAGE][INFO] - Finding Test Object 'Object Repository/Sekmeler/UBLTag'

2021-10-21 14:21:43 - [MESSAGE][INFO] - Checking object

2021-10-21 14:21:43 - [MESSAGE][INFO] - Finding web element from Test Object's properties

2021-10-21 14:21:43 - [MESSAGE][INFO] - Checking timeout

2021-10-21 14:21:43 - [MESSAGE][INFO] - Finding web element with id: 'Object Repository/Sekmeler/UBLTag' located by 'By.cssSelector: #webkit-xml-viewer-source-xml>:first-child' in '10' second(s)

2021-10-21 14:21:43 - [MESSAGE][INFO] - Smart Wait Function is triggered

2021-10-21 14:21:43 - [MESSAGE][INFO] - Found 1 web elements with id: 'Object Repository/Sekmeler/UBLTag' located by 'By.cssSelector: #webkit-xml-viewer-source-xml>:first-child' in '10' second(s)

2021-10-21 14:21:43 - [MESSAGE][PASSED] - Object 'Object Repository/Sekmeler/UBLTag' is present

2021-10-21 14:21:43 - [TEST_STEP][PASSED] - println(toLowerCase().toString()): Found 1 web elements with id: 'Object Repository/Sekmeler/UBLTag' located by 'By.cssSelector: #webkit-xml-viewer-source-xml>:first-child' in '10' second(s)

2021-10-21 14:21:43 - [MESSAGE][INFO] - Finding Test Object 'Object Repository/Sekmeler/UBLTag'

2021-10-21 14:21:43 - [MESSAGE][INFO] - Finding web element from Test Object's properties

2021-10-21 14:21:43 - [MESSAGE][INFO] - Checking timeout

2021-10-21 14:21:43 - [MESSAGE][INFO] - Finding web element with id: 'Object Repository/Sekmeler/UBLTag' located by 'By.cssSelector: #webkit-xml-viewer-source-xml>:first-child' in '10' second(s)

2021-10-21 14:21:43 - [MESSAGE][INFO] - Smart Wait Function is triggered

2021-10-21 14:21:43 - [MESSAGE][INFO] - Found 1 web elements with id: 'Object Repository/Sekmeler/UBLTag' located by 'By.cssSelector: #webkit-xml-viewer-source-xml>:first-child' in '10' second(s)

2021-10-21 14:21:43 - [TEST_STEP][PASSED] - if (!(toString().contains(toString().toLowerCase()))): Found 1 web elements with id: 'Object Repository/Sekmeler/UBLTag' located by 'By.cssSelector: #webkit-xml-viewer-source-xml>:first-child' in '10' second(s)

2021-10-21 14:21:43 - [MESSAGE][INFO] - Finding Test Object 'Object Repository/Sekmeler/UBLTag'

2021-10-21 14:21:43 - [MESSAGE][INFO] - Finding web element from Test Object's properties

2021-10-21 14:21:43 - [MESSAGE][INFO] - Checking timeout

2021-10-21 14:21:43 - [MESSAGE][INFO] - Finding web element with id: 'Object Repository/Sekmeler/UBLTag' located by 'By.cssSelector: #webkit-xml-viewer-source-xml>:first-child' in '10' second(s)

2021-10-21 14:21:43 - [MESSAGE][INFO] - Smart Wait Function is triggered

2021-10-21 14:21:43 - [MESSAGE][INFO] - Found 1 web elements with id: 'Object Repository/Sekmeler/UBLTag' located by 'By.cssSelector: #webkit-xml-viewer-source-xml>:first-child' in '10' second(s)

2021-10-21 14:21:43 - [MESSAGE][PASSED] - Call Test Case 'Test Cases/Sekmeler/TagGeldiMi' successfully

2021-10-21 14:21:43 - [MESSAGE][INFO] - Checking called Test Case

2021-10-21 14:21:43 - [MESSAGE][INFO] - Starting to call Test Case 'Test Cases/Sekmeler/Ana_Sekmeye_Gec'

2021-10-21 14:21:43 - [TEST_CASE][PASSED] - Test Cases/Sekmeler/Ana_Sekmeye_Gec: Test Cases/Sekmeler/Ana_Sekmeye_Gec

2021-10-21 14:21:43 - [TEST_STEP][PASSED] - try: Window with index 1 is closed

2021-10-21 14:21:43 - [TEST_STEP][PASSED] - index = getWindowIndex(): Current window's index is: 1

2021-10-21 14:21:43 - [MESSAGE][INFO] - Getting current window's index

2021-10-21 14:21:43 - [MESSAGE][PASSED] - Current window's index is: 1

2021-10-21 14:21:43 - [TEST_STEP][PASSED] - closeWindowIndex(index): Window with index 1 is closed

2021-10-21 14:21:43 - [MESSAGE][INFO] - Checking index

2021-10-21 14:21:43 - [MESSAGE][INFO] - Closing window with index 1

2021-10-21 14:21:43 - [MESSAGE][PASSED] - Window with index 1 is closed

2021-10-21 14:21:43 - [TEST_STEP][PASSED] - switchToWindowIndex(0): Switched to window with index: '0'

2021-10-21 14:21:43 - [MESSAGE][INFO] - Checking index

2021-10-21 14:21:43 - [MESSAGE][INFO] - Switching window with index: '0'

2021-10-21 14:21:43 - [MESSAGE][PASSED] - Switched to window with index: '0'

2021-10-21 14:21:43 - [MESSAGE][PASSED] - Call Test Case 'Test Cases/Sekmeler/Ana_Sekmeye_Gec' successfully

2021-10-21 14:21:43 - [MESSAGE][INFO] - Checking called Test Case

2021-10-21 14:21:43 - [MESSAGE][INFO] - Starting to call Test Case 'Test Cases/Kullanici_Islemleri/KullaniciIslemlerindenSecimYapilir'

2021-10-21 14:21:43 - [TEST_CASE][PASSED] - Test Cases/Kullanici_Islemleri/KullaniciIslemlerindenSecimYapilir: Test Cases/Kullanici_Islemleri/KullaniciIslemlerindenSecimYapilir

2021-10-21 14:21:43 - [TEST_STEP][PASSED] - waitForElementClickable(findTestObject("Object Repository/Kullanici_Islemleri/KullaniciIslemleri"), 10): Object 'Object Repository/Kullanici_Islemleri/KullaniciIslemleri' is clickable

2021-10-21 14:21:43 - [MESSAGE][INFO] - Finding Test Object 'Object Repository/Kullanici_Islemleri/KullaniciIslemleri'

2021-10-21 14:21:44 - [MESSAGE][INFO] - Checking object

2021-10-21 14:21:44 - [MESSAGE][INFO] - Checking timeout

2021-10-21 14:21:44 - [MESSAGE][INFO] - Finding web element from Test Object's properties

2021-10-21 14:21:44 - [MESSAGE][INFO] - Checking timeout

2021-10-21 14:21:44 - [MESSAGE][INFO] - Finding web element with id: 'Object Repository/Kullanici_Islemleri/KullaniciIslemleri' located by 'By.cssSelector: .dropdown>a>img' in '10' second(s)

2021-10-21 14:21:44 - [MESSAGE][INFO] - Smart Wait Function is triggered

2021-10-21 14:21:44 - [MESSAGE][INFO] - Found 1 web elements with id: 'Object Repository/Kullanici_Islemleri/KullaniciIslemleri' located by 'By.cssSelector: .dropdown>a>img' in '10' second(s)

2021-10-21 14:21:44 - [MESSAGE][PASSED] - Object 'Object Repository/Kullanici_Islemleri/KullaniciIslemleri' is clickable

2021-10-21 14:21:44 - [TEST_STEP][PASSED] - click(findTestObject("Object Repository/Kullanici_Islemleri/KullaniciIslemleri")): Object: 'Object Repository/Kullanici_Islemleri/KullaniciIslemleri' is clicked on

2021-10-21 14:21:44 - [MESSAGE][INFO] - Finding Test Object 'Object Repository/Kullanici_Islemleri/KullaniciIslemleri'

2021-10-21 14:21:44 - [MESSAGE][INFO] - Checking object

2021-10-21 14:21:44 - [MESSAGE][INFO] - Finding web element from Test Object's properties

2021-10-21 14:21:44 - [MESSAGE][INFO] - Checking timeout

2021-10-21 14:21:44 - [MESSAGE][INFO] - Finding web element with id: 'Object Repository/Kullanici_Islemleri/KullaniciIslemleri' located by 'By.cssSelector: .dropdown>a>img' in '30' second(s)

2021-10-21 14:21:44 - [MESSAGE][INFO] - Smart Wait Function is triggered

2021-10-21 14:21:44 - [MESSAGE][INFO] - Found 1 web elements with id: 'Object Repository/Kullanici_Islemleri/KullaniciIslemleri' located by 'By.cssSelector: .dropdown>a>img' in '30' second(s)

2021-10-21 14:21:44 - [MESSAGE][INFO] - Clicking on object: 'Object Repository/Kullanici_Islemleri/KullaniciIslemleri'

2021-10-21 14:21:44 - [MESSAGE][PASSED] - Object: 'Object Repository/Kullanici_Islemleri/KullaniciIslemleri' is clicked on

2021-10-21 14:21:44 - [TEST_STEP][PASSED] - Method.TextDegerineEsitElementeTikla(findTestObject("Object Repository/Kullanici_Islemleri/Secenekler"), Islem): Method.TextDegerineEsitElementeTikla is PASSED

2021-10-21 14:21:44 - [MESSAGE][INFO] - Finding Test Object 'Object Repository/Kullanici_Islemleri/Secenekler'

2021-10-21 14:21:44 - [MESSAGE][INFO] - Checking timeout

2021-10-21 14:21:44 - [MESSAGE][INFO] - Finding web element with id: 'Object Repository/Kullanici_Islemleri/Secenekler' located by 'By.cssSelector: .nav.navbar-nav.navbar-right li a' in '10' second(s)

2021-10-21 14:21:44 - [MESSAGE][INFO] - Smart Wait Function is triggered

2021-10-21 14:21:45 - [MESSAGE][INFO] - Found 22 web elements with id: 'Object Repository/Kullanici_Islemleri/Secenekler' located by 'By.cssSelector: .nav.navbar-nav.navbar-right li a' in '10' second(s)

2021-10-21 14:21:46 - [MESSAGE][PASSED] - Method.TextDegerineEsitElementeTikla is PASSED

2021-10-21 14:21:46 - [TEST_STEP][PASSED] - verifyElementNotPresent(findTestObject("Object Repository/Kullanici_Islemleri/Secenekler"), 10): Web element with id: 'Object Repository/Kullanici_Islemleri/Secenekler' located by 'By.cssSelector: .nav.navbar-nav.navbar-right li a' is not present after '10' second(s)

2021-10-21 14:21:46 - [MESSAGE][INFO] - Finding Test Object 'Object Repository/Kullanici_Islemleri/Secenekler'

2021-10-21 14:21:47 - [MESSAGE][INFO] - Checking object

2021-10-21 14:21:47 - [MESSAGE][INFO] - Checking timeout

2021-10-21 14:21:47 - [MESSAGE][INFO] - Finding web element with id: 'Object Repository/Kullanici_Islemleri/Secenekler' located by 'By.cssSelector: .nav.navbar-nav.navbar-right li a' in '10' second(s)

2021-10-21 14:21:47 - [MESSAGE][INFO] - Smart Wait Function is triggered

2021-10-21 14:21:47 - [MESSAGE][PASSED] - Web element with id: 'Object Repository/Kullanici_Islemleri/Secenekler' located by 'By.cssSelector: .nav.navbar-nav.navbar-right li a' is not present after '10' second(s)

2021-10-21 14:21:47 - [MESSAGE][PASSED] - Call Test Case 'Test Cases/Kullanici_Islemleri/KullaniciIslemlerindenSecimYapilir' successfully

2021-10-21 14:21:47 - [TEST_CASE][PASSED] - Start Test Case : SCENARIO e-Serbest Meslek Makbuz Raporlari XML: SCENARIO e-Serbest Meslek Makbuz Raporlari XML

2021-10-21 14:21:47 - [TEST_STEP][PASSED] - Kullanıcı adı ELOGO6 ve Şifre 123456 olarak giriş yapılır: Kullanıcı adı ELOGO6 ve Şifre 123456 olarak giriş yapılır

2021-10-21 14:21:47 - [MESSAGE][PASSED] - Kullanıcı adı ELOGO6 ve Şifre 123456 olarak giriş yapılır

2021-10-21 14:21:47 - [TEST_STEP][PASSED] - Ana menüden e-Makbuz seçilir: Ana menüden e-Makbuz seçilir

2021-10-21 14:21:47 - [MESSAGE][PASSED] - Ana menüden e-Makbuz seçilir

2021-10-21 14:21:47 - [TEST_STEP][PASSED] - Alt menü e-Serbest Meslek Uygulaması başlığı altındaki e-Serbest Meslek Makbuz Raporları seçilir: Alt menü e-Serbest Meslek Uygulaması başlığı altındaki e-Serbest Meslek Makbuz Raporları seçilir

2021-10-21 14:21:47 - [MESSAGE][PASSED] - Alt menü e-Serbest Meslek Uygulaması başlığı altındaki e-Serbest Meslek Makbuz Raporları seçilir

2021-10-21 14:21:47 - [TEST_STEP][PASSED] - Filtrelerden Dönem Tarihi filtresine 2021 Ocak dropdowndan degeri seçilir: Filtrelerden Dönem Tarihi filtresine 2021 Ocak dropdowndan degeri seçilir

2021-10-21 14:21:47 - [MESSAGE][PASSED] - Filtrelerden Dönem Tarihi filtresine 2021 Ocak dropdowndan degeri seçilir

2021-10-21 14:21:47 - [TEST_STEP][PASSED] - Filtrelerden Bölüm Tarihi filtresine 11.01.2021 baslangic degerini yaz: Filtrelerden Bölüm Tarihi filtresine 11.01.2021 baslangic degerini yaz

2021-10-21 14:21:47 - [MESSAGE][PASSED] - Filtrelerden Bölüm Tarihi filtresine 11.01.2021 baslangic degerini yaz

2021-10-21 14:21:47 - [TEST_STEP][PASSED] - Filtrelerden Bölüm Tarihi filtresine 11.01.2021 bitis degerini yaz: Filtrelerden Bölüm Tarihi filtresine 11.01.2021 bitis degerini yaz

2021-10-21 14:21:47 - [MESSAGE][PASSED] - Filtrelerden Bölüm Tarihi filtresine 11.01.2021 bitis degerini yaz

2021-10-21 14:21:47 - [TEST_STEP][PASSED] - Filtre butonlarından Listele seçilir: Filtre butonlarından Listele seçilir

2021-10-21 14:21:47 - [MESSAGE][PASSED] - Filtre butonlarından Listele seçilir

2021-10-21 14:21:47 - [TEST_STEP][PASSED] - Tabloda veri var mı kontrol edilir: Tabloda veri var mı kontrol edilir

2021-10-21 14:21:47 - [MESSAGE][PASSED] - Tabloda veri var mı kontrol edilir

2021-10-21 14:21:47 - [TEST_STEP][PASSED] - Tablodan 1641 isimli veri seçilir: Tablodan 1641 isimli veri seçilir

2021-10-21 14:21:47 - [MESSAGE][PASSED] - Tablodan 1641 isimli veri seçilir

2021-10-21 14:21:47 - [TEST_STEP][PASSED] - Butonlardan XML isimli butona tıklanır: Butonlardan XML isimli butona tıklanır

2021-10-21 14:21:47 - [MESSAGE][PASSED] - Butonlardan XML isimli butona tıklanır

2021-10-21 14:21:47 - [TEST_STEP][PASSED] - Yeni açılan sekmeye geçilir: Yeni açılan sekmeye geçilir

2021-10-21 14:21:47 - [MESSAGE][PASSED] - Yeni açılan sekmeye geçilir

2021-10-21 14:21:47 - [TEST_STEP][PASSED] - earsiv:eArsivRaporu tagli ubl geldi mi: earsiv:eArsivRaporu tagli ubl geldi mi

2021-10-21 14:21:47 - [MESSAGE][PASSED] - earsiv:eArsivRaporu tagli ubl geldi mi

2021-10-21 14:21:47 - [TEST_STEP][PASSED] - Ana sekmeye geçilir: Ana sekmeye geçilir

2021-10-21 14:21:47 - [MESSAGE][PASSED] - Ana sekmeye geçilir

2021-10-21 14:21:47 - [TEST_STEP][PASSED] - Kullanıcı işlemlerinden Çıkış seçilir: Kullanıcı işlemlerinden Çıkış seçilir

2021-10-21 14:21:47 - [MESSAGE][PASSED] - Kullanıcı işlemlerinden Çıkış seçilir

2021-10-21 14:21:47 - [MESSAGE][PASSED] - Feature file: 'Include/features/e-Makbuz/e-Serbest Meslek Uygulaması/e-Serbest Meslek Makbuz Raporlari/XML.feature' was passed

2021-10-21 14:21:47 - [TEST_STEP][PASSED] - Start listener action : sampleAfterTestSuite: Invoke 'com.kms.katalon.core.annotation.AfterTestCase' method: 'Listener.sampleAfterTestSuite(...)' completed.

2021-10-21 14:21:47 - [MESSAGE][INFO] - Starting invoke 'com.kms.katalon.core.annotation.AfterTestCase' method: 'Listener.sampleAfterTestSuite(...)'

2021-10-21 14:21:47 - [TEST_STEP][PASSED] - closeBrowser(): Invoke 'com.kms.katalon.core.annotation.AfterTestCase' method: 'Listener.sampleAfterTestSuite(...)' completed.

2021-10-21 14:21:47 - [MESSAGE][INFO] - Closing browser

2021-10-21 14:21:48 - [MESSAGE][PASSED] - Browser is closed

2021-10-21 14:21:48 - [MESSAGE][INFO] - Invoke 'com.kms.katalon.core.annotation.AfterTestCase' method: 'Listener.sampleAfterTestSuite(...)' completed.]]></system-out>
         <system-err><![CDATA[]]></system-err>
      </testcase>
      <testcase name="Test Cases/Case Repository/e-Makbuz/e-Serbest Meslek Uygulamasi/e-Serbest Meslek Makbuz Raporlari/Yeniden Olustur" time="39.361" classname="Test Cases/Case Repository/e-Makbuz/e-Serbest Meslek Uygulamasi/e-Serbest Meslek Makbuz Raporlari/Yeniden Olustur" status="PASSED">
         <system-out><![CDATA[2021-10-21 14:21:48 - [TEST_CASE][PASSED] - Test Cases/Case Repository/e-Makbuz/e-Serbest Meslek Uygulamasi/e-Serbest Meslek Makbuz Raporlari/Yeniden Olustur: Test Cases/Case Repository/e-Makbuz/e-Serbest Meslek Uygulamasi/e-Serbest Meslek Makbuz Raporlari/Yeniden Olustur

2021-10-21 14:21:48 - [TEST_STEP][PASSED] - Start listener action : sampleBeforeTestSuite: Invoke 'com.kms.katalon.core.annotation.BeforeTestCase' method: 'Listener.sampleBeforeTestSuite(...)' completed.

2021-10-21 14:21:48 - [MESSAGE][INFO] - Starting invoke 'com.kms.katalon.core.annotation.BeforeTestCase' method: 'Listener.sampleBeforeTestSuite(...)'

2021-10-21 14:21:48 - [TEST_STEP][PASSED] - openBrowser(baseUrl): Browser is opened with url: 'https://efatura-stage.elogo.com.tr/'

2021-10-21 14:21:48 - [MESSAGE][INFO] - Opening browser

2021-10-21 14:21:48 - [MESSAGE][INFO] - Starting 'Chrome' driver

2021-10-21 14:21:48 - [MESSAGE][INFO] - User set preference: ['prefs', '{download.default_directory=C:\otomasyondownfiles}']

2021-10-21 14:21:48 - [MESSAGE][INFO] - Action delay is set to 0 milliseconds

2021-10-21 14:21:49 - [MESSAGE][INFO] - Navigating browser to: 'https://efatura-stage.elogo.com.tr/'

2021-10-21 14:21:51 - [MESSAGE][PASSED] - Browser is opened with url: 'https://efatura-stage.elogo.com.tr/'

2021-10-21 14:21:51 - [TEST_STEP][PASSED] - maximizeWindow(): Invoke 'com.kms.katalon.core.annotation.BeforeTestCase' method: 'Listener.sampleBeforeTestSuite(...)' completed.

2021-10-21 14:21:51 - [MESSAGE][INFO] - Maximizing current window

2021-10-21 14:21:51 - [MESSAGE][PASSED] - Current window maximized

2021-10-21 14:21:51 - [MESSAGE][INFO] - Invoke 'com.kms.katalon.core.annotation.BeforeTestCase' method: 'Listener.sampleBeforeTestSuite(...)' completed.

2021-10-21 14:21:52 - [TEST_STEP][PASSED] - runFeatureFile("Include/features/e-Makbuz/e-Serbest Meslek Uygulaması/e-Serbest Meslek Makbuz Raporlari/Yeniden Olustur.feature"): Feature file: 'Include/features/e-Makbuz/e-Serbest Meslek Uygulaması/e-Serbest Meslek Makbuz Raporlari/Yeniden Olustur.feature' was passed

2021-10-21 14:21:52 - [MESSAGE][INFO] - Starting run keyword runFeatureFile: 'Include/features/e-Makbuz/e-Serbest Meslek Uygulaması/e-Serbest Meslek Makbuz Raporlari/Yeniden Olustur.feature' and extract report to folder: 'C:\Users\DELL\Downloads\EES_Katalon-main\Reports\20211021_140437\Suite Repository\e-Makbuz\20211021_140511/cucumber_report/1634815312541'...

2021-10-21 14:21:52 - [MESSAGE][INFO] - Glue: []

2021-10-21 14:21:53 - [MESSAGE][INFO] - Checking called Test Case

2021-10-21 14:21:53 - [MESSAGE][INFO] - Starting to call Test Case 'Test Cases/Sayfalar/Giris_Sayfasi/Login'

2021-10-21 14:21:53 - [TEST_CASE][PASSED] - Test Cases/Sayfalar/Giris_Sayfasi/Login: Test Cases/Sayfalar/Giris_Sayfasi/Login

2021-10-21 14:21:53 - [TEST_STEP][PASSED] - Sayfa_Basligi = getWindowTitle(): Current window's title is: 'LOGO e-Fatura'

2021-10-21 14:21:53 - [MESSAGE][INFO] - Getting current window's title

2021-10-21 14:21:53 - [MESSAGE][PASSED] - Current window's title is: 'LOGO e-Fatura'

2021-10-21 14:21:53 - [TEST_STEP][PASSED] - verifyMatch(Sayfa_Basligi, "LOGO e-Fatura", false): Actual text 'LOGO e-Fatura' and expected text 'LOGO e-Fatura' are matched 

2021-10-21 14:21:53 - [MESSAGE][INFO] - Matching actual text 'LOGO e-Fatura' with expected text 'LOGO e-Fatura'

2021-10-21 14:21:53 - [MESSAGE][PASSED] - Actual text 'LOGO e-Fatura' and expected text 'LOGO e-Fatura' are matched 

2021-10-21 14:21:53 - [TEST_STEP][PASSED] - sendKeys(findTestObject("Sayfalar/Giris_Sayfasi/Firma_Kodu"), KullaniciAdi): Keys 'ELOGO6' sent to object: 'Object Repository/Sayfalar/Giris_Sayfasi/Firma_Kodu'

2021-10-21 14:21:53 - [MESSAGE][INFO] - Finding Test Object 'Object Repository/Sayfalar/Giris_Sayfasi/Firma_Kodu'

2021-10-21 14:21:53 - [MESSAGE][INFO] - Sending keys 'ELOGO6' to object: 'Object Repository/Sayfalar/Giris_Sayfasi/Firma_Kodu'

2021-10-21 14:21:53 - [MESSAGE][INFO] - Finding web element from Test Object's properties

2021-10-21 14:21:53 - [MESSAGE][INFO] - Checking timeout

2021-10-21 14:21:53 - [MESSAGE][INFO] - Finding web element with id: 'Object Repository/Sayfalar/Giris_Sayfasi/Firma_Kodu' located by 'By.xpath: //*[@id = 'AccountName']' in '30' second(s)

2021-10-21 14:21:53 - [MESSAGE][INFO] - Smart Wait Function is triggered

2021-10-21 14:21:54 - [MESSAGE][INFO] - Found 1 web elements with id: 'Object Repository/Sayfalar/Giris_Sayfasi/Firma_Kodu' located by 'By.xpath: //*[@id = 'AccountName']' in '30' second(s)

2021-10-21 14:21:54 - [MESSAGE][PASSED] - Keys 'ELOGO6' sent to object: 'Object Repository/Sayfalar/Giris_Sayfasi/Firma_Kodu'

2021-10-21 14:21:54 - [TEST_STEP][PASSED] - sendKeys(findTestObject("Sayfalar/Giris_Sayfasi/Sifre"), Sifre): Keys '123456' sent to object: 'Object Repository/Sayfalar/Giris_Sayfasi/Sifre'

2021-10-21 14:21:54 - [MESSAGE][INFO] - Finding Test Object 'Object Repository/Sayfalar/Giris_Sayfasi/Sifre'

2021-10-21 14:21:54 - [MESSAGE][INFO] - Sending keys '123456' to object: 'Object Repository/Sayfalar/Giris_Sayfasi/Sifre'

2021-10-21 14:21:54 - [MESSAGE][INFO] - Finding web element from Test Object's properties

2021-10-21 14:21:54 - [MESSAGE][INFO] - Checking timeout

2021-10-21 14:21:54 - [MESSAGE][INFO] - Finding web element with id: 'Object Repository/Sayfalar/Giris_Sayfasi/Sifre' located by 'By.xpath: //*[@id = 'Password']' in '30' second(s)

2021-10-21 14:21:54 - [MESSAGE][INFO] - Smart Wait Function is triggered

2021-10-21 14:21:54 - [MESSAGE][INFO] - Found 1 web elements with id: 'Object Repository/Sayfalar/Giris_Sayfasi/Sifre' located by 'By.xpath: //*[@id = 'Password']' in '30' second(s)

2021-10-21 14:21:54 - [MESSAGE][PASSED] - Keys '123456' sent to object: 'Object Repository/Sayfalar/Giris_Sayfasi/Sifre'

2021-10-21 14:21:54 - [TEST_STEP][PASSED] - findWebElement(findTestObject("Sayfalar/Giris_Sayfasi/Giris_Butonu")).click(): Found 1 web elements with id: 'Object Repository/Sayfalar/Giris_Sayfasi/Giris_Butonu' located by 'By.cssSelector: #btnLogin' in '30' second(s)

2021-10-21 14:21:54 - [MESSAGE][INFO] - Finding Test Object 'Object Repository/Sayfalar/Giris_Sayfasi/Giris_Butonu'

2021-10-21 14:21:54 - [MESSAGE][INFO] - Finding web element from Test Object's properties

2021-10-21 14:21:54 - [MESSAGE][INFO] - Checking timeout

2021-10-21 14:21:54 - [MESSAGE][INFO] - Finding web element with id: 'Object Repository/Sayfalar/Giris_Sayfasi/Giris_Butonu' located by 'By.cssSelector: #btnLogin' in '30' second(s)

2021-10-21 14:21:54 - [MESSAGE][INFO] - Smart Wait Function is triggered

2021-10-21 14:21:54 - [MESSAGE][INFO] - Found 1 web elements with id: 'Object Repository/Sayfalar/Giris_Sayfasi/Giris_Butonu' located by 'By.cssSelector: #btnLogin' in '30' second(s)

2021-10-21 14:21:57 - [TEST_STEP][PASSED] - if (verifyElementPresent(findTestObject("Object Repository/Sayfalar/Giris_Sayfasi/RetveTamam_Butonu"), 5, OPTIONAL)): null

2021-10-21 14:21:57 - [MESSAGE][INFO] - Finding Test Object 'Object Repository/Sayfalar/Giris_Sayfasi/RetveTamam_Butonu'

2021-10-21 14:21:57 - [MESSAGE][INFO] - Checking object

2021-10-21 14:21:57 - [MESSAGE][INFO] - Finding web element from Test Object's properties

2021-10-21 14:21:57 - [MESSAGE][INFO] - Checking timeout

2021-10-21 14:21:57 - [MESSAGE][INFO] - Finding web element with id: 'Object Repository/Sayfalar/Giris_Sayfasi/RetveTamam_Butonu' located by 'By.xpath: //*[@class = 'btn btn-default']' in '5' second(s)

2021-10-21 14:21:57 - [MESSAGE][INFO] - Smart Wait Function is triggered

2021-10-21 14:21:57 - [MESSAGE][INFO] - Found 1 web elements with id: 'Object Repository/Sayfalar/Giris_Sayfasi/RetveTamam_Butonu' located by 'By.xpath: //*[@class = 'btn btn-default']' in '5' second(s)

2021-10-21 14:21:57 - [MESSAGE][PASSED] - Object 'Object Repository/Sayfalar/Giris_Sayfasi/RetveTamam_Butonu' is present

2021-10-21 14:21:57 - [TEST_STEP][PASSED] - click(findTestObject("Object Repository/Sayfalar/Giris_Sayfasi/RetveTamam_Butonu")): Object: 'Object Repository/Sayfalar/Giris_Sayfasi/RetveTamam_Butonu' is clicked on

2021-10-21 14:21:57 - [MESSAGE][INFO] - Finding Test Object 'Object Repository/Sayfalar/Giris_Sayfasi/RetveTamam_Butonu'

2021-10-21 14:21:58 - [MESSAGE][INFO] - Checking object

2021-10-21 14:21:58 - [MESSAGE][INFO] - Finding web element from Test Object's properties

2021-10-21 14:21:58 - [MESSAGE][INFO] - Checking timeout

2021-10-21 14:21:58 - [MESSAGE][INFO] - Finding web element with id: 'Object Repository/Sayfalar/Giris_Sayfasi/RetveTamam_Butonu' located by 'By.xpath: //*[@class = 'btn btn-default']' in '30' second(s)

2021-10-21 14:21:58 - [MESSAGE][INFO] - Smart Wait Function is triggered

2021-10-21 14:21:58 - [MESSAGE][INFO] - Found 1 web elements with id: 'Object Repository/Sayfalar/Giris_Sayfasi/RetveTamam_Butonu' located by 'By.xpath: //*[@class = 'btn btn-default']' in '30' second(s)

2021-10-21 14:21:58 - [MESSAGE][INFO] - Clicking on object: 'Object Repository/Sayfalar/Giris_Sayfasi/RetveTamam_Butonu'

2021-10-21 14:21:58 - [MESSAGE][PASSED] - Object: 'Object Repository/Sayfalar/Giris_Sayfasi/RetveTamam_Butonu' is clicked on

2021-10-21 14:21:58 - [TEST_STEP][PASSED] - click(findTestObject("Object Repository/Sayfalar/Giris_Sayfasi/RetveTamam_Butonu")): Object: 'Object Repository/Sayfalar/Giris_Sayfasi/RetveTamam_Butonu' is clicked on

2021-10-21 14:21:58 - [MESSAGE][INFO] - Finding Test Object 'Object Repository/Sayfalar/Giris_Sayfasi/RetveTamam_Butonu'

2021-10-21 14:21:58 - [MESSAGE][INFO] - Checking object

2021-10-21 14:21:58 - [MESSAGE][INFO] - Finding web element from Test Object's properties

2021-10-21 14:21:58 - [MESSAGE][INFO] - Checking timeout

2021-10-21 14:21:58 - [MESSAGE][INFO] - Finding web element with id: 'Object Repository/Sayfalar/Giris_Sayfasi/RetveTamam_Butonu' located by 'By.xpath: //*[@class = 'btn btn-default']' in '30' second(s)

2021-10-21 14:21:58 - [MESSAGE][INFO] - Smart Wait Function is triggered

2021-10-21 14:22:01 - [MESSAGE][INFO] - Found 1 web elements with id: 'Object Repository/Sayfalar/Giris_Sayfasi/RetveTamam_Butonu' located by 'By.xpath: //*[@class = 'btn btn-default']' in '30' second(s)

2021-10-21 14:22:01 - [MESSAGE][INFO] - Clicking on object: 'Object Repository/Sayfalar/Giris_Sayfasi/RetveTamam_Butonu'

2021-10-21 14:22:01 - [MESSAGE][PASSED] - Object: 'Object Repository/Sayfalar/Giris_Sayfasi/RetveTamam_Butonu' is clicked on

2021-10-21 14:22:01 - [TEST_STEP][PASSED] - if (verifyElementPresent(findTestObject("Sayfalar/Giris_Sayfasi/PopupOK"), 5, OPTIONAL)): null

2021-10-21 14:22:01 - [MESSAGE][INFO] - Finding Test Object 'Object Repository/Sayfalar/Giris_Sayfasi/PopupOK'

2021-10-21 14:22:01 - [MESSAGE][INFO] - Checking object

2021-10-21 14:22:01 - [MESSAGE][INFO] - Finding web element from Test Object's properties

2021-10-21 14:22:01 - [MESSAGE][INFO] - Checking timeout

2021-10-21 14:22:01 - [MESSAGE][INFO] - Finding web element with id: 'Object Repository/Sayfalar/Giris_Sayfasi/PopupOK' located by 'By.cssSelector: .btn.btn-success' in '5' second(s)

2021-10-21 14:22:01 - [MESSAGE][INFO] - Smart Wait Function is triggered

2021-10-21 14:22:02 - [MESSAGE][INFO] - Found 1 web elements with id: 'Object Repository/Sayfalar/Giris_Sayfasi/PopupOK' located by 'By.cssSelector: .btn.btn-success' in '5' second(s)

2021-10-21 14:22:02 - [MESSAGE][PASSED] - Object 'Object Repository/Sayfalar/Giris_Sayfasi/PopupOK' is present

2021-10-21 14:22:02 - [TEST_STEP][PASSED] - click(findTestObject("Object Repository/Sayfalar/Giris_Sayfasi/PopupCarpiGiris")): Object: 'Object Repository/Sayfalar/Giris_Sayfasi/PopupCarpiGiris' is clicked on

2021-10-21 14:22:02 - [MESSAGE][INFO] - Finding Test Object 'Object Repository/Sayfalar/Giris_Sayfasi/PopupCarpiGiris'

2021-10-21 14:22:02 - [MESSAGE][INFO] - Checking object

2021-10-21 14:22:02 - [MESSAGE][INFO] - Finding web element from Test Object's properties

2021-10-21 14:22:02 - [MESSAGE][INFO] - Checking timeout

2021-10-21 14:22:02 - [MESSAGE][INFO] - Finding web element with id: 'Object Repository/Sayfalar/Giris_Sayfasi/PopupCarpiGiris' located by 'By.cssSelector: .bootbox-close-button.close' in '30' second(s)

2021-10-21 14:22:02 - [MESSAGE][INFO] - Smart Wait Function is triggered

2021-10-21 14:22:02 - [MESSAGE][INFO] - Found 1 web elements with id: 'Object Repository/Sayfalar/Giris_Sayfasi/PopupCarpiGiris' located by 'By.cssSelector: .bootbox-close-button.close' in '30' second(s)

2021-10-21 14:22:02 - [MESSAGE][INFO] - Clicking on object: 'Object Repository/Sayfalar/Giris_Sayfasi/PopupCarpiGiris'

2021-10-21 14:22:03 - [MESSAGE][PASSED] - Object: 'Object Repository/Sayfalar/Giris_Sayfasi/PopupCarpiGiris' is clicked on

2021-10-21 14:22:03 - [TEST_STEP][PASSED] - verifyElementVisible(findTestObject("Object Repository/Kullanici_Islemleri/KullaniciIslemleri")): Object 'Object Repository/Kullanici_Islemleri/KullaniciIslemleri' is visible

2021-10-21 14:22:03 - [MESSAGE][INFO] - Finding Test Object 'Object Repository/Kullanici_Islemleri/KullaniciIslemleri'

2021-10-21 14:22:03 - [MESSAGE][INFO] - Checking object

2021-10-21 14:22:03 - [MESSAGE][INFO] - Finding web element from Test Object's properties

2021-10-21 14:22:03 - [MESSAGE][INFO] - Checking timeout

2021-10-21 14:22:03 - [MESSAGE][INFO] - Finding web element with id: 'Object Repository/Kullanici_Islemleri/KullaniciIslemleri' located by 'By.cssSelector: .dropdown>a>img' in '30' second(s)

2021-10-21 14:22:03 - [MESSAGE][INFO] - Smart Wait Function is triggered

2021-10-21 14:22:03 - [MESSAGE][INFO] - Found 1 web elements with id: 'Object Repository/Kullanici_Islemleri/KullaniciIslemleri' located by 'By.cssSelector: .dropdown>a>img' in '30' second(s)

2021-10-21 14:22:03 - [MESSAGE][PASSED] - Object 'Object Repository/Kullanici_Islemleri/KullaniciIslemleri' is visible

2021-10-21 14:22:03 - [MESSAGE][PASSED] - Call Test Case 'Test Cases/Sayfalar/Giris_Sayfasi/Login' successfully

2021-10-21 14:22:03 - [MESSAGE][INFO] - Checking called Test Case

2021-10-21 14:22:03 - [MESSAGE][INFO] - Starting to call Test Case 'Test Cases/Menu/AnaMenuSecimi'

2021-10-21 14:22:03 - [TEST_CASE][PASSED] - Test Cases/Menu/AnaMenuSecimi: Test Cases/Menu/AnaMenuSecimi

2021-10-21 14:22:03 - [TEST_STEP][PASSED] - Method.TextDegerineEsitElementeTikla(findTestObject("Menu/Ana_Menu"), Ana_Menu): Method.TextDegerineEsitElementeTikla is PASSED

2021-10-21 14:22:03 - [MESSAGE][INFO] - Finding Test Object 'Object Repository/Menu/Ana_Menu'

2021-10-21 14:22:04 - [MESSAGE][INFO] - Checking timeout

2021-10-21 14:22:04 - [MESSAGE][INFO] - Finding web element with id: 'Object Repository/Menu/Ana_Menu' located by 'By.xpath: //*[@class = 'dropdown-toggle']' in '10' second(s)

2021-10-21 14:22:04 - [MESSAGE][INFO] - Smart Wait Function is triggered

2021-10-21 14:22:04 - [MESSAGE][INFO] - Found 14 web elements with id: 'Object Repository/Menu/Ana_Menu' located by 'By.xpath: //*[@class = 'dropdown-toggle']' in '10' second(s)

2021-10-21 14:22:04 - [MESSAGE][PASSED] - Method.TextDegerineEsitElementeTikla is PASSED

2021-10-21 14:22:04 - [MESSAGE][PASSED] - Call Test Case 'Test Cases/Menu/AnaMenuSecimi' successfully

2021-10-21 14:22:04 - [MESSAGE][INFO] - Checking called Test Case

2021-10-21 14:22:04 - [MESSAGE][INFO] - Starting to call Test Case 'Test Cases/Menu/BasligaGoreAltMenuSecimi'

2021-10-21 14:22:04 - [TEST_CASE][PASSED] - Test Cases/Menu/BasligaGoreAltMenuSecimi: Test Cases/Menu/BasligaGoreAltMenuSecimi

2021-10-21 14:22:04 - [TEST_STEP][PASSED] - Method.TextDegerineEsitElementinAltindakiTextDegerineEsitOlanaTikla(findTestObject("Menu/Menu_Basligi"), findTestObject("Menu/Basliga_Gore_Alt_Menu"), Baslik, Alt_Menu): Method.TextDegerineEsitElementinAltindakiTextDegerineEsitOlanaTikla is PASSED

2021-10-21 14:22:04 - [MESSAGE][INFO] - Finding Test Object 'Object Repository/Menu/Menu_Basligi'

2021-10-21 14:22:04 - [MESSAGE][INFO] - Finding Test Object 'Object Repository/Menu/Basliga_Gore_Alt_Menu'

2021-10-21 14:22:05 - [MESSAGE][INFO] - Checking timeout

2021-10-21 14:22:05 - [MESSAGE][INFO] - Finding web element with id: 'Object Repository/Menu/Menu_Basligi' located by 'By.xpath: //li[@class='dropdown dropdown-large open']//li[@class='dropdown-header']' in '10' second(s)

2021-10-21 14:22:05 - [MESSAGE][INFO] - Smart Wait Function is triggered

2021-10-21 14:22:05 - [MESSAGE][INFO] - Found 2 web elements with id: 'Object Repository/Menu/Menu_Basligi' located by 'By.xpath: //li[@class='dropdown dropdown-large open']//li[@class='dropdown-header']' in '10' second(s)

2021-10-21 14:22:05 - [MESSAGE][INFO] - Smart Wait Function is triggered

2021-10-21 14:22:07 - [MESSAGE][PASSED] - Method.TextDegerineEsitElementinAltindakiTextDegerineEsitOlanaTikla is PASSED

2021-10-21 14:22:07 - [MESSAGE][PASSED] - Call Test Case 'Test Cases/Menu/BasligaGoreAltMenuSecimi' successfully

2021-10-21 14:22:07 - [MESSAGE][INFO] - Checking called Test Case

2021-10-21 14:22:07 - [MESSAGE][INFO] - Starting to call Test Case 'Test Cases/Filtreler/DropdownSec'

2021-10-21 14:22:07 - [TEST_CASE][PASSED] - Test Cases/Filtreler/DropdownSec: Test Cases/Filtreler/DropdownSec

2021-10-21 14:22:07 - [TEST_STEP][PASSED] - Method.TextDegerineEsitElementinAltindakineTikla(findTestObject("Filtreler/Basliklar"), findTestObject("Filtreler/Basliga_Gore_Baslangic_Image"), Filtre_Adi): Method.TextDegerineEsitElementinAltindakineTikla is PASSED

2021-10-21 14:22:07 - [MESSAGE][INFO] - Finding Test Object 'Object Repository/Filtreler/Basliklar'

2021-10-21 14:22:07 - [MESSAGE][INFO] - Finding Test Object 'Object Repository/Filtreler/Basliga_Gore_Baslangic_Image'

2021-10-21 14:22:07 - [MESSAGE][INFO] - Checking timeout

2021-10-21 14:22:07 - [MESSAGE][INFO] - Finding web element with id: 'Object Repository/Filtreler/Basliklar' located by 'By.cssSelector: .control-label.col-sm-4.paddingMarginRLC' in '10' second(s)

2021-10-21 14:22:07 - [MESSAGE][INFO] - Smart Wait Function is triggered

2021-10-21 14:22:08 - [MESSAGE][INFO] - Found 5 web elements with id: 'Object Repository/Filtreler/Basliklar' located by 'By.cssSelector: .control-label.col-sm-4.paddingMarginRLC' in '10' second(s)

2021-10-21 14:22:08 - [MESSAGE][INFO] - Smart Wait Function is triggered

2021-10-21 14:22:08 - [MESSAGE][PASSED] - Method.TextDegerineEsitElementinAltindakineTikla is PASSED

2021-10-21 14:22:08 - [TEST_STEP][PASSED] - Method.TextDegerineEsitElementeTikla(findTestObject("Object Repository/Filtreler/Basliga_Gore_Dropdown"), Filtre_Degeri): Method.TextDegerineEsitElementeTikla is PASSED

2021-10-21 14:22:08 - [MESSAGE][INFO] - Finding Test Object 'Object Repository/Filtreler/Basliga_Gore_Dropdown'

2021-10-21 14:22:08 - [MESSAGE][INFO] - Checking timeout

2021-10-21 14:22:08 - [MESSAGE][INFO] - Finding web element with id: 'Object Repository/Filtreler/Basliga_Gore_Dropdown' located by 'By.xpath: //*[@class = 'dxeListBoxItemRow_LECustomTheme']' in '10' second(s)

2021-10-21 14:22:08 - [MESSAGE][INFO] - Smart Wait Function is triggered

2021-10-21 14:22:08 - [MESSAGE][INFO] - Found 58 web elements with id: 'Object Repository/Filtreler/Basliga_Gore_Dropdown' located by 'By.xpath: //*[@class = 'dxeListBoxItemRow_LECustomTheme']' in '10' second(s)

2021-10-21 14:22:09 - [MESSAGE][PASSED] - Method.TextDegerineEsitElementeTikla is PASSED

2021-10-21 14:22:09 - [MESSAGE][PASSED] - Call Test Case 'Test Cases/Filtreler/DropdownSec' successfully

2021-10-21 14:22:09 - [MESSAGE][INFO] - Checking called Test Case

2021-10-21 14:22:09 - [MESSAGE][INFO] - Starting to call Test Case 'Test Cases/Filtreler/BaslangicYaz'

2021-10-21 14:22:09 - [TEST_CASE][PASSED] - Test Cases/Filtreler/BaslangicYaz: Test Cases/Filtreler/BaslangicYaz

2021-10-21 14:22:09 - [TEST_STEP][PASSED] - Method.TextDegerineEsitElementinAltindakineTikla(findTestObject("Filtreler/Basliklar"), findTestObject("Filtreler/Basliga_Gore_Baslangic_Image"), Filtre_Adi): Method.TextDegerineEsitElementinAltindakineTikla is PASSED

2021-10-21 14:22:09 - [MESSAGE][INFO] - Finding Test Object 'Object Repository/Filtreler/Basliklar'

2021-10-21 14:22:09 - [MESSAGE][INFO] - Finding Test Object 'Object Repository/Filtreler/Basliga_Gore_Baslangic_Image'

2021-10-21 14:22:09 - [MESSAGE][INFO] - Checking timeout

2021-10-21 14:22:09 - [MESSAGE][INFO] - Finding web element with id: 'Object Repository/Filtreler/Basliklar' located by 'By.cssSelector: .control-label.col-sm-4.paddingMarginRLC' in '10' second(s)

2021-10-21 14:22:09 - [MESSAGE][INFO] - Smart Wait Function is triggered

2021-10-21 14:22:09 - [MESSAGE][INFO] - Found 5 web elements with id: 'Object Repository/Filtreler/Basliklar' located by 'By.cssSelector: .control-label.col-sm-4.paddingMarginRLC' in '10' second(s)

2021-10-21 14:22:09 - [MESSAGE][INFO] - Smart Wait Function is triggered

2021-10-21 14:22:10 - [MESSAGE][PASSED] - Method.TextDegerineEsitElementinAltindakineTikla is PASSED

2021-10-21 14:22:10 - [TEST_STEP][PASSED] - Method.TextDegerineEsitElementinAltindakiTextboxtaYaz(findTestObject("Filtreler/Basliklar"), findTestObject("Filtreler/Basliga_Gore_Baslangic"), Filtre_Adi, Filtre_Degeri): Method.TextDegerineEsitElementinAltindakiTextboxtaYaz is PASSED

2021-10-21 14:22:10 - [MESSAGE][INFO] - Finding Test Object 'Object Repository/Filtreler/Basliklar'

2021-10-21 14:22:10 - [MESSAGE][INFO] - Finding Test Object 'Object Repository/Filtreler/Basliga_Gore_Baslangic'

2021-10-21 14:22:10 - [MESSAGE][INFO] - Checking timeout

2021-10-21 14:22:10 - [MESSAGE][INFO] - Finding web element with id: 'Object Repository/Filtreler/Basliklar' located by 'By.cssSelector: .control-label.col-sm-4.paddingMarginRLC' in '10' second(s)

2021-10-21 14:22:10 - [MESSAGE][INFO] - Smart Wait Function is triggered

2021-10-21 14:22:10 - [MESSAGE][INFO] - Found 5 web elements with id: 'Object Repository/Filtreler/Basliklar' located by 'By.cssSelector: .control-label.col-sm-4.paddingMarginRLC' in '10' second(s)

2021-10-21 14:22:10 - [MESSAGE][INFO] - Smart Wait Function is triggered

2021-10-21 14:22:11 - [MESSAGE][PASSED] - Method.TextDegerineEsitElementinAltindakiTextboxtaYaz is PASSED

2021-10-21 14:22:11 - [MESSAGE][PASSED] - Call Test Case 'Test Cases/Filtreler/BaslangicYaz' successfully

2021-10-21 14:22:11 - [MESSAGE][INFO] - Checking called Test Case

2021-10-21 14:22:11 - [MESSAGE][INFO] - Starting to call Test Case 'Test Cases/Filtreler/BitisYaz'

2021-10-21 14:22:11 - [TEST_CASE][PASSED] - Test Cases/Filtreler/BitisYaz: Test Cases/Filtreler/BitisYaz

2021-10-21 14:22:11 - [TEST_STEP][PASSED] - Method.TextDegerineEsitElementinAltindakineTikla(findTestObject("Filtreler/Basliklar"), findTestObject("Filtreler/Basliga_Gore_Bitis_Image"), Filtre_Adi): Method.TextDegerineEsitElementinAltindakineTikla is PASSED

2021-10-21 14:22:11 - [MESSAGE][INFO] - Finding Test Object 'Object Repository/Filtreler/Basliklar'

2021-10-21 14:22:11 - [MESSAGE][INFO] - Finding Test Object 'Object Repository/Filtreler/Basliga_Gore_Bitis_Image'

2021-10-21 14:22:11 - [MESSAGE][INFO] - Checking timeout

2021-10-21 14:22:11 - [MESSAGE][INFO] - Finding web element with id: 'Object Repository/Filtreler/Basliklar' located by 'By.cssSelector: .control-label.col-sm-4.paddingMarginRLC' in '10' second(s)

2021-10-21 14:22:11 - [MESSAGE][INFO] - Smart Wait Function is triggered

2021-10-21 14:22:11 - [MESSAGE][INFO] - Found 5 web elements with id: 'Object Repository/Filtreler/Basliklar' located by 'By.cssSelector: .control-label.col-sm-4.paddingMarginRLC' in '10' second(s)

2021-10-21 14:22:11 - [MESSAGE][INFO] - Smart Wait Function is triggered

2021-10-21 14:22:12 - [MESSAGE][PASSED] - Method.TextDegerineEsitElementinAltindakineTikla is PASSED

2021-10-21 14:22:12 - [TEST_STEP][PASSED] - Method.TextDegerineEsitElementinAltindakiTextboxtaYaz(findTestObject("Filtreler/Basliklar"), findTestObject("Object Repository/Filtreler/Basliga_Gore_Bitis"), Filtre_Adi, Filtre_Degeri): Method.TextDegerineEsitElementinAltindakiTextboxtaYaz is PASSED

2021-10-21 14:22:12 - [MESSAGE][INFO] - Finding Test Object 'Object Repository/Filtreler/Basliklar'

2021-10-21 14:22:12 - [MESSAGE][INFO] - Finding Test Object 'Object Repository/Filtreler/Basliga_Gore_Bitis'

2021-10-21 14:22:12 - [MESSAGE][INFO] - Checking timeout

2021-10-21 14:22:12 - [MESSAGE][INFO] - Finding web element with id: 'Object Repository/Filtreler/Basliklar' located by 'By.cssSelector: .control-label.col-sm-4.paddingMarginRLC' in '10' second(s)

2021-10-21 14:22:12 - [MESSAGE][INFO] - Smart Wait Function is triggered

2021-10-21 14:22:12 - [MESSAGE][INFO] - Found 5 web elements with id: 'Object Repository/Filtreler/Basliklar' located by 'By.cssSelector: .control-label.col-sm-4.paddingMarginRLC' in '10' second(s)

2021-10-21 14:22:12 - [MESSAGE][INFO] - Smart Wait Function is triggered

2021-10-21 14:22:13 - [MESSAGE][PASSED] - Method.TextDegerineEsitElementinAltindakiTextboxtaYaz is PASSED

2021-10-21 14:22:13 - [MESSAGE][PASSED] - Call Test Case 'Test Cases/Filtreler/BitisYaz' successfully

2021-10-21 14:22:13 - [MESSAGE][INFO] - Checking called Test Case

2021-10-21 14:22:13 - [MESSAGE][INFO] - Starting to call Test Case 'Test Cases/Filtreler/ButonaTikla'

2021-10-21 14:22:13 - [TEST_CASE][PASSED] - Test Cases/Filtreler/ButonaTikla: Test Cases/Filtreler/ButonaTikla

2021-10-21 14:22:13 - [TEST_STEP][PASSED] - Method.TextDegerineEsitElementeTikla(findTestObject("Filtreler/Butonlar"), Filtre_Buton): Method.TextDegerineEsitElementeTikla is PASSED

2021-10-21 14:22:13 - [MESSAGE][INFO] - Finding Test Object 'Object Repository/Filtreler/Butonlar'

2021-10-21 14:22:13 - [MESSAGE][INFO] - Checking timeout

2021-10-21 14:22:13 - [MESSAGE][INFO] - Finding web element with id: 'Object Repository/Filtreler/Butonlar' located by 'By.cssSelector: .dxb>span' in '10' second(s)

2021-10-21 14:22:13 - [MESSAGE][INFO] - Smart Wait Function is triggered

2021-10-21 14:22:13 - [MESSAGE][INFO] - Found 3 web elements with id: 'Object Repository/Filtreler/Butonlar' located by 'By.cssSelector: .dxb>span' in '10' second(s)

2021-10-21 14:22:13 - [MESSAGE][PASSED] - Method.TextDegerineEsitElementeTikla is PASSED

2021-10-21 14:22:13 - [MESSAGE][PASSED] - Call Test Case 'Test Cases/Filtreler/ButonaTikla' successfully

2021-10-21 14:22:13 - [MESSAGE][INFO] - Checking called Test Case

2021-10-21 14:22:13 - [MESSAGE][INFO] - Starting to call Test Case 'Test Cases/Tablo/TablodaVeriVarMi'

2021-10-21 14:22:13 - [TEST_CASE][PASSED] - Test Cases/Tablo/TablodaVeriVarMi: Test Cases/Tablo/TablodaVeriVarMi

2021-10-21 14:22:13 - [TEST_STEP][PASSED] - verifyTextNotPresent("Görüntülenecek veri yok", true): Text 'Görüntülenecek veri yok' is not present on page using regular expression

2021-10-21 14:22:13 - [MESSAGE][INFO] - Checking text present  using regular expression

2021-10-21 14:22:13 - [MESSAGE][INFO] - Smart Wait Function is triggered

2021-10-21 14:22:14 - [MESSAGE][INFO] - Finding text 'Görüntülenecek veri yok' on page  using regular expression

2021-10-21 14:22:14 - [MESSAGE][PASSED] - Text 'Görüntülenecek veri yok' is not present on page using regular expression

2021-10-21 14:22:14 - [MESSAGE][PASSED] - Call Test Case 'Test Cases/Tablo/TablodaVeriVarMi' successfully

2021-10-21 14:22:14 - [MESSAGE][INFO] - Checking called Test Case

2021-10-21 14:22:14 - [MESSAGE][INFO] - Starting to call Test Case 'Test Cases/Tablo/TablodanVeriSec'

2021-10-21 14:22:14 - [TEST_CASE][PASSED] - Test Cases/Tablo/TablodanVeriSec: Test Cases/Tablo/TablodanVeriSec

2021-10-21 14:22:14 - [TEST_STEP][PASSED] - Method.TextDegerineEsitElementinAltindakineTikla(findTestObject("Tablo/Veriler"), findTestObject("Tablo/VerininCheckBoxi"), Veri_Adi): Method.TextDegerineEsitElementinAltindakineTikla is PASSED

2021-10-21 14:22:14 - [MESSAGE][INFO] - Finding Test Object 'Object Repository/Tablo/Veriler'

2021-10-21 14:22:14 - [MESSAGE][INFO] - Finding Test Object 'Object Repository/Tablo/VerininCheckBoxi'

2021-10-21 14:22:15 - [MESSAGE][INFO] - Checking timeout

2021-10-21 14:22:15 - [MESSAGE][INFO] - Finding web element with id: 'Object Repository/Tablo/Veriler' located by 'By.cssSelector: td.dxgv b ,td.dxgv' in '10' second(s)

2021-10-21 14:22:15 - [MESSAGE][INFO] - Smart Wait Function is triggered

2021-10-21 14:22:15 - [MESSAGE][INFO] - Found 36 web elements with id: 'Object Repository/Tablo/Veriler' located by 'By.cssSelector: td.dxgv b ,td.dxgv' in '10' second(s)

2021-10-21 14:22:15 - [MESSAGE][INFO] - Smart Wait Function is triggered

2021-10-21 14:22:15 - [MESSAGE][PASSED] - Method.TextDegerineEsitElementinAltindakineTikla is PASSED

2021-10-21 14:22:15 - [MESSAGE][PASSED] - Call Test Case 'Test Cases/Tablo/TablodanVeriSec' successfully

2021-10-21 14:22:15 - [MESSAGE][INFO] - Checking called Test Case

2021-10-21 14:22:15 - [MESSAGE][INFO] - Starting to call Test Case 'Test Cases/Butonlar/ButonaTikla'

2021-10-21 14:22:15 - [TEST_CASE][PASSED] - Test Cases/Butonlar/ButonaTikla: Test Cases/Butonlar/ButonaTikla

2021-10-21 14:22:15 - [TEST_STEP][PASSED] - Method.TextDegerineEsitElementeTiklaEquals(findTestObject("Butonlar/Butonlar"), Buton_Adi): Method.TextDegerineEsitElementeTiklaEquals is PASSED

2021-10-21 14:22:15 - [MESSAGE][INFO] - Finding Test Object 'Object Repository/Butonlar/Butonlar'

2021-10-21 14:22:16 - [MESSAGE][INFO] - Checking timeout

2021-10-21 14:22:16 - [MESSAGE][INFO] - Finding web element with id: 'Object Repository/Butonlar/Butonlar' located by 'By.cssSelector: .panel.panel-default.text-center.footerPanel .btn,.btn.btn-primary.btnControls' in '10' second(s)

2021-10-21 14:22:16 - [MESSAGE][INFO] - Smart Wait Function is triggered

2021-10-21 14:22:16 - [MESSAGE][INFO] - Found 6 web elements with id: 'Object Repository/Butonlar/Butonlar' located by 'By.cssSelector: .panel.panel-default.text-center.footerPanel .btn,.btn.btn-primary.btnControls' in '10' second(s)

2021-10-21 14:22:16 - [MESSAGE][PASSED] - Method.TextDegerineEsitElementeTiklaEquals is PASSED

2021-10-21 14:22:16 - [MESSAGE][PASSED] - Call Test Case 'Test Cases/Butonlar/ButonaTikla' successfully

2021-10-21 14:22:16 - [MESSAGE][INFO] - Checking called Test Case

2021-10-21 14:22:16 - [MESSAGE][INFO] - Starting to call Test Case 'Test Cases/Popup/PopupMesajiIceriyorMu'

2021-10-21 14:22:16 - [TEST_CASE][PASSED] - Test Cases/Popup/PopupMesajiIceriyorMu: Test Cases/Popup/PopupMesajiIceriyorMu

2021-10-21 14:22:16 - [TEST_STEP][PASSED] - waitForElementVisible(findTestObject("Popup/Popup"), 10): Object 'Object Repository/Popup/Popup' is visible

2021-10-21 14:22:16 - [MESSAGE][INFO] - Finding Test Object 'Object Repository/Popup/Popup'

2021-10-21 14:22:16 - [MESSAGE][INFO] - Checking object

2021-10-21 14:22:16 - [MESSAGE][INFO] - Checking timeout

2021-10-21 14:22:16 - [MESSAGE][INFO] - Finding web element from Test Object's properties

2021-10-21 14:22:16 - [MESSAGE][INFO] - Checking timeout

2021-10-21 14:22:16 - [MESSAGE][INFO] - Finding web element with id: 'Object Repository/Popup/Popup' located by 'By.cssSelector: .bootbox-body' in '10' second(s)

2021-10-21 14:22:16 - [MESSAGE][INFO] - Smart Wait Function is triggered

2021-10-21 14:22:17 - [MESSAGE][INFO] - Found 1 web elements with id: 'Object Repository/Popup/Popup' located by 'By.cssSelector: .bootbox-body' in '10' second(s)

2021-10-21 14:22:17 - [MESSAGE][PASSED] - Object 'Object Repository/Popup/Popup' is visible

2021-10-21 14:22:17 - [TEST_STEP][PASSED] - if (!(getText(findTestObject("Popup/Popup")).contains(Mesaj))): Text of object 'Object Repository/Popup/Popup' is: 'Seçtiğiniz e-Belge raporları yeniden oluşturulacaktır. Devam etmek istiyor musunuz?'

2021-10-21 14:22:17 - [MESSAGE][INFO] - Finding Test Object 'Object Repository/Popup/Popup'

2021-10-21 14:22:17 - [MESSAGE][INFO] - Checking object

2021-10-21 14:22:17 - [MESSAGE][INFO] - Finding web element from Test Object's properties

2021-10-21 14:22:17 - [MESSAGE][INFO] - Checking timeout

2021-10-21 14:22:17 - [MESSAGE][INFO] - Finding web element with id: 'Object Repository/Popup/Popup' located by 'By.cssSelector: .bootbox-body' in '30' second(s)

2021-10-21 14:22:17 - [MESSAGE][INFO] - Smart Wait Function is triggered

2021-10-21 14:22:17 - [MESSAGE][INFO] - Found 1 web elements with id: 'Object Repository/Popup/Popup' located by 'By.cssSelector: .bootbox-body' in '30' second(s)

2021-10-21 14:22:17 - [MESSAGE][INFO] - Getting text of object 'Object Repository/Popup/Popup'

2021-10-21 14:22:17 - [MESSAGE][PASSED] - Text of object 'Object Repository/Popup/Popup' is: 'Seçtiğiniz e-Belge raporları yeniden oluşturulacaktır. Devam etmek istiyor musunuz?'

2021-10-21 14:22:17 - [TEST_STEP][PASSED] - RaporNo = getText(findTestObject("Popup/Popup")).substring(0, 6): Text of object 'Object Repository/Popup/Popup' is: 'Seçtiğiniz e-Belge raporları yeniden oluşturulacaktır. Devam etmek istiyor musunuz?'

2021-10-21 14:22:17 - [MESSAGE][INFO] - Finding Test Object 'Object Repository/Popup/Popup'

2021-10-21 14:22:18 - [MESSAGE][INFO] - Checking object

2021-10-21 14:22:18 - [MESSAGE][INFO] - Finding web element from Test Object's properties

2021-10-21 14:22:18 - [MESSAGE][INFO] - Checking timeout

2021-10-21 14:22:18 - [MESSAGE][INFO] - Finding web element with id: 'Object Repository/Popup/Popup' located by 'By.cssSelector: .bootbox-body' in '30' second(s)

2021-10-21 14:22:18 - [MESSAGE][INFO] - Smart Wait Function is triggered

2021-10-21 14:22:18 - [MESSAGE][INFO] - Found 1 web elements with id: 'Object Repository/Popup/Popup' located by 'By.cssSelector: .bootbox-body' in '30' second(s)

2021-10-21 14:22:18 - [MESSAGE][INFO] - Getting text of object 'Object Repository/Popup/Popup'

2021-10-21 14:22:18 - [MESSAGE][PASSED] - Text of object 'Object Repository/Popup/Popup' is: 'Seçtiğiniz e-Belge raporları yeniden oluşturulacaktır. Devam etmek istiyor musunuz?'

2021-10-21 14:22:18 - [TEST_STEP][PASSED] - Console.println(RaporNo): null

2021-10-21 14:22:18 - [MESSAGE][PASSED] - Call Test Case 'Test Cases/Popup/PopupMesajiIceriyorMu' successfully

2021-10-21 14:22:18 - [MESSAGE][INFO] - Checking called Test Case

2021-10-21 14:22:18 - [MESSAGE][INFO] - Starting to call Test Case 'Test Cases/Popup/PopupButonSecilir'

2021-10-21 14:22:18 - [TEST_CASE][PASSED] - Test Cases/Popup/PopupButonSecilir: Test Cases/Popup/PopupButonSecilir

2021-10-21 14:22:18 - [TEST_STEP][PASSED] - Method.TextDegerineEsitElementeTikla(findTestObject("Popup/Popup_Butons"), Buton): Method.TextDegerineEsitElementeTikla is PASSED

2021-10-21 14:22:18 - [MESSAGE][INFO] - Finding Test Object 'Object Repository/Popup/Popup_Butons'

2021-10-21 14:22:18 - [MESSAGE][INFO] - Checking timeout

2021-10-21 14:22:18 - [MESSAGE][INFO] - Finding web element with id: 'Object Repository/Popup/Popup_Butons' located by 'By.cssSelector: .modal-footer>button' in '10' second(s)

2021-10-21 14:22:18 - [MESSAGE][INFO] - Smart Wait Function is triggered

2021-10-21 14:22:18 - [MESSAGE][INFO] - Found 2 web elements with id: 'Object Repository/Popup/Popup_Butons' located by 'By.cssSelector: .modal-footer>button' in '10' second(s)

2021-10-21 14:22:19 - [MESSAGE][PASSED] - Method.TextDegerineEsitElementeTikla is PASSED

2021-10-21 14:22:19 - [MESSAGE][PASSED] - Call Test Case 'Test Cases/Popup/PopupButonSecilir' successfully

2021-10-21 14:22:19 - [MESSAGE][INFO] - Checking called Test Case

2021-10-21 14:22:19 - [MESSAGE][INFO] - Starting to call Test Case 'Test Cases/Popup/PopupMesajiIceriyorMu'

2021-10-21 14:22:19 - [TEST_CASE][PASSED] - Test Cases/Popup/PopupMesajiIceriyorMu: Test Cases/Popup/PopupMesajiIceriyorMu

2021-10-21 14:22:19 - [TEST_STEP][PASSED] - waitForElementVisible(findTestObject("Popup/Popup"), 10): Object 'Object Repository/Popup/Popup' is visible

2021-10-21 14:22:19 - [MESSAGE][INFO] - Finding Test Object 'Object Repository/Popup/Popup'

2021-10-21 14:22:19 - [MESSAGE][INFO] - Checking object

2021-10-21 14:22:19 - [MESSAGE][INFO] - Checking timeout

2021-10-21 14:22:19 - [MESSAGE][INFO] - Finding web element from Test Object's properties

2021-10-21 14:22:19 - [MESSAGE][INFO] - Checking timeout

2021-10-21 14:22:19 - [MESSAGE][INFO] - Finding web element with id: 'Object Repository/Popup/Popup' located by 'By.cssSelector: .bootbox-body' in '10' second(s)

2021-10-21 14:22:19 - [MESSAGE][INFO] - Smart Wait Function is triggered

2021-10-21 14:22:19 - [MESSAGE][INFO] - Found 1 web elements with id: 'Object Repository/Popup/Popup' located by 'By.cssSelector: .bootbox-body' in '10' second(s)

2021-10-21 14:22:19 - [MESSAGE][PASSED] - Object 'Object Repository/Popup/Popup' is visible

2021-10-21 14:22:19 - [TEST_STEP][PASSED] - if (!(getText(findTestObject("Popup/Popup")).contains(Mesaj))): Text of object 'Object Repository/Popup/Popup' is: 'Seçilen raporlar yeniden oluşturulacaktır. Devam etmek istiyor musunuz?'

2021-10-21 14:22:19 - [MESSAGE][INFO] - Finding Test Object 'Object Repository/Popup/Popup'

2021-10-21 14:22:20 - [MESSAGE][INFO] - Checking object

2021-10-21 14:22:20 - [MESSAGE][INFO] - Finding web element from Test Object's properties

2021-10-21 14:22:20 - [MESSAGE][INFO] - Checking timeout

2021-10-21 14:22:20 - [MESSAGE][INFO] - Finding web element with id: 'Object Repository/Popup/Popup' located by 'By.cssSelector: .bootbox-body' in '30' second(s)

2021-10-21 14:22:20 - [MESSAGE][INFO] - Smart Wait Function is triggered

2021-10-21 14:22:20 - [MESSAGE][INFO] - Found 1 web elements with id: 'Object Repository/Popup/Popup' located by 'By.cssSelector: .bootbox-body' in '30' second(s)

2021-10-21 14:22:20 - [MESSAGE][INFO] - Getting text of object 'Object Repository/Popup/Popup'

2021-10-21 14:22:20 - [MESSAGE][PASSED] - Text of object 'Object Repository/Popup/Popup' is: 'Seçilen raporlar yeniden oluşturulacaktır. Devam etmek istiyor musunuz?'

2021-10-21 14:22:20 - [TEST_STEP][PASSED] - RaporNo = getText(findTestObject("Popup/Popup")).substring(0, 6): Text of object 'Object Repository/Popup/Popup' is: 'Seçilen raporlar yeniden oluşturulacaktır. Devam etmek istiyor musunuz?'

2021-10-21 14:22:20 - [MESSAGE][INFO] - Finding Test Object 'Object Repository/Popup/Popup'

2021-10-21 14:22:20 - [MESSAGE][INFO] - Checking object

2021-10-21 14:22:20 - [MESSAGE][INFO] - Finding web element from Test Object's properties

2021-10-21 14:22:20 - [MESSAGE][INFO] - Checking timeout

2021-10-21 14:22:20 - [MESSAGE][INFO] - Finding web element with id: 'Object Repository/Popup/Popup' located by 'By.cssSelector: .bootbox-body' in '30' second(s)

2021-10-21 14:22:20 - [MESSAGE][INFO] - Smart Wait Function is triggered

2021-10-21 14:22:20 - [MESSAGE][INFO] - Found 1 web elements with id: 'Object Repository/Popup/Popup' located by 'By.cssSelector: .bootbox-body' in '30' second(s)

2021-10-21 14:22:20 - [MESSAGE][INFO] - Getting text of object 'Object Repository/Popup/Popup'

2021-10-21 14:22:20 - [MESSAGE][PASSED] - Text of object 'Object Repository/Popup/Popup' is: 'Seçilen raporlar yeniden oluşturulacaktır. Devam etmek istiyor musunuz?'

2021-10-21 14:22:20 - [TEST_STEP][PASSED] - Console.println(RaporNo): null

2021-10-21 14:22:20 - [MESSAGE][PASSED] - Call Test Case 'Test Cases/Popup/PopupMesajiIceriyorMu' successfully

2021-10-21 14:22:20 - [MESSAGE][INFO] - Checking called Test Case

2021-10-21 14:22:20 - [MESSAGE][INFO] - Starting to call Test Case 'Test Cases/Popup/PopupButonSecilir'

2021-10-21 14:22:20 - [TEST_CASE][PASSED] - Test Cases/Popup/PopupButonSecilir: Test Cases/Popup/PopupButonSecilir

2021-10-21 14:22:20 - [TEST_STEP][PASSED] - Method.TextDegerineEsitElementeTikla(findTestObject("Popup/Popup_Butons"), Buton): Method.TextDegerineEsitElementeTikla is PASSED

2021-10-21 14:22:20 - [MESSAGE][INFO] - Finding Test Object 'Object Repository/Popup/Popup_Butons'

2021-10-21 14:22:20 - [MESSAGE][INFO] - Checking timeout

2021-10-21 14:22:20 - [MESSAGE][INFO] - Finding web element with id: 'Object Repository/Popup/Popup_Butons' located by 'By.cssSelector: .modal-footer>button' in '10' second(s)

2021-10-21 14:22:20 - [MESSAGE][INFO] - Smart Wait Function is triggered

2021-10-21 14:22:21 - [MESSAGE][INFO] - Found 2 web elements with id: 'Object Repository/Popup/Popup_Butons' located by 'By.cssSelector: .modal-footer>button' in '10' second(s)

2021-10-21 14:22:21 - [MESSAGE][PASSED] - Method.TextDegerineEsitElementeTikla is PASSED

2021-10-21 14:22:21 - [MESSAGE][PASSED] - Call Test Case 'Test Cases/Popup/PopupButonSecilir' successfully

2021-10-21 14:22:21 - [MESSAGE][INFO] - Checking called Test Case

2021-10-21 14:22:21 - [MESSAGE][INFO] - Starting to call Test Case 'Test Cases/Popup/PopupMesajiIceriyorMu'

2021-10-21 14:22:21 - [TEST_CASE][PASSED] - Test Cases/Popup/PopupMesajiIceriyorMu: Test Cases/Popup/PopupMesajiIceriyorMu

2021-10-21 14:22:21 - [TEST_STEP][PASSED] - waitForElementVisible(findTestObject("Popup/Popup"), 10): Object 'Object Repository/Popup/Popup' is visible

2021-10-21 14:22:21 - [MESSAGE][INFO] - Finding Test Object 'Object Repository/Popup/Popup'

2021-10-21 14:22:21 - [MESSAGE][INFO] - Checking object

2021-10-21 14:22:21 - [MESSAGE][INFO] - Checking timeout

2021-10-21 14:22:21 - [MESSAGE][INFO] - Finding web element from Test Object's properties

2021-10-21 14:22:21 - [MESSAGE][INFO] - Checking timeout

2021-10-21 14:22:21 - [MESSAGE][INFO] - Finding web element with id: 'Object Repository/Popup/Popup' located by 'By.cssSelector: .bootbox-body' in '10' second(s)

2021-10-21 14:22:21 - [MESSAGE][INFO] - Smart Wait Function is triggered

2021-10-21 14:22:22 - [MESSAGE][INFO] - Found 1 web elements with id: 'Object Repository/Popup/Popup' located by 'By.cssSelector: .bootbox-body' in '10' second(s)

2021-10-21 14:22:22 - [MESSAGE][PASSED] - Object 'Object Repository/Popup/Popup' is visible

2021-10-21 14:22:22 - [TEST_STEP][PASSED] - if (!(getText(findTestObject("Popup/Popup")).contains(Mesaj))): Text of object 'Object Repository/Popup/Popup' is: 'Seçtiğiniz kayıtlardan 1 adedi tekrar oluşturmak üzere kuyruğa kaydedildi.'

2021-10-21 14:22:22 - [MESSAGE][INFO] - Finding Test Object 'Object Repository/Popup/Popup'

2021-10-21 14:22:22 - [MESSAGE][INFO] - Checking object

2021-10-21 14:22:22 - [MESSAGE][INFO] - Finding web element from Test Object's properties

2021-10-21 14:22:22 - [MESSAGE][INFO] - Checking timeout

2021-10-21 14:22:22 - [MESSAGE][INFO] - Finding web element with id: 'Object Repository/Popup/Popup' located by 'By.cssSelector: .bootbox-body' in '30' second(s)

2021-10-21 14:22:22 - [MESSAGE][INFO] - Smart Wait Function is triggered

2021-10-21 14:22:22 - [MESSAGE][INFO] - Found 1 web elements with id: 'Object Repository/Popup/Popup' located by 'By.cssSelector: .bootbox-body' in '30' second(s)

2021-10-21 14:22:22 - [MESSAGE][INFO] - Getting text of object 'Object Repository/Popup/Popup'

2021-10-21 14:22:22 - [MESSAGE][PASSED] - Text of object 'Object Repository/Popup/Popup' is: 'Seçtiğiniz kayıtlardan 1 adedi tekrar oluşturmak üzere kuyruğa kaydedildi.'

2021-10-21 14:22:22 - [TEST_STEP][PASSED] - RaporNo = getText(findTestObject("Popup/Popup")).substring(0, 6): Text of object 'Object Repository/Popup/Popup' is: 'Seçtiğiniz kayıtlardan 1 adedi tekrar oluşturmak üzere kuyruğa kaydedildi.'

2021-10-21 14:22:22 - [MESSAGE][INFO] - Finding Test Object 'Object Repository/Popup/Popup'

2021-10-21 14:22:22 - [MESSAGE][INFO] - Checking object

2021-10-21 14:22:22 - [MESSAGE][INFO] - Finding web element from Test Object's properties

2021-10-21 14:22:22 - [MESSAGE][INFO] - Checking timeout

2021-10-21 14:22:22 - [MESSAGE][INFO] - Finding web element with id: 'Object Repository/Popup/Popup' located by 'By.cssSelector: .bootbox-body' in '30' second(s)

2021-10-21 14:22:22 - [MESSAGE][INFO] - Smart Wait Function is triggered

2021-10-21 14:22:22 - [MESSAGE][INFO] - Found 1 web elements with id: 'Object Repository/Popup/Popup' located by 'By.cssSelector: .bootbox-body' in '30' second(s)

2021-10-21 14:22:22 - [MESSAGE][INFO] - Getting text of object 'Object Repository/Popup/Popup'

2021-10-21 14:22:22 - [MESSAGE][PASSED] - Text of object 'Object Repository/Popup/Popup' is: 'Seçtiğiniz kayıtlardan 1 adedi tekrar oluşturmak üzere kuyruğa kaydedildi.'

2021-10-21 14:22:22 - [TEST_STEP][PASSED] - Console.println(RaporNo): null

2021-10-21 14:22:22 - [MESSAGE][PASSED] - Call Test Case 'Test Cases/Popup/PopupMesajiIceriyorMu' successfully

2021-10-21 14:22:22 - [MESSAGE][INFO] - Checking called Test Case

2021-10-21 14:22:22 - [MESSAGE][INFO] - Starting to call Test Case 'Test Cases/Popup/PopupButonSecilir'

2021-10-21 14:22:23 - [TEST_CASE][PASSED] - Test Cases/Popup/PopupButonSecilir: Test Cases/Popup/PopupButonSecilir

2021-10-21 14:22:23 - [TEST_STEP][PASSED] - Method.TextDegerineEsitElementeTikla(findTestObject("Popup/Popup_Butons"), Buton): Method.TextDegerineEsitElementeTikla is PASSED

2021-10-21 14:22:23 - [MESSAGE][INFO] - Finding Test Object 'Object Repository/Popup/Popup_Butons'

2021-10-21 14:22:23 - [MESSAGE][INFO] - Checking timeout

2021-10-21 14:22:23 - [MESSAGE][INFO] - Finding web element with id: 'Object Repository/Popup/Popup_Butons' located by 'By.cssSelector: .modal-footer>button' in '10' second(s)

2021-10-21 14:22:23 - [MESSAGE][INFO] - Smart Wait Function is triggered

2021-10-21 14:22:23 - [MESSAGE][INFO] - Found 1 web elements with id: 'Object Repository/Popup/Popup_Butons' located by 'By.cssSelector: .modal-footer>button' in '10' second(s)

2021-10-21 14:22:23 - [MESSAGE][PASSED] - Method.TextDegerineEsitElementeTikla is PASSED

2021-10-21 14:22:23 - [MESSAGE][PASSED] - Call Test Case 'Test Cases/Popup/PopupButonSecilir' successfully

2021-10-21 14:22:23 - [MESSAGE][INFO] - Checking called Test Case

2021-10-21 14:22:23 - [MESSAGE][INFO] - Starting to call Test Case 'Test Cases/Kullanici_Islemleri/KullaniciIslemlerindenSecimYapilir'

2021-10-21 14:22:23 - [TEST_CASE][PASSED] - Test Cases/Kullanici_Islemleri/KullaniciIslemlerindenSecimYapilir: Test Cases/Kullanici_Islemleri/KullaniciIslemlerindenSecimYapilir

2021-10-21 14:22:23 - [TEST_STEP][PASSED] - waitForElementClickable(findTestObject("Object Repository/Kullanici_Islemleri/KullaniciIslemleri"), 10): Object 'Object Repository/Kullanici_Islemleri/KullaniciIslemleri' is clickable

2021-10-21 14:22:23 - [MESSAGE][INFO] - Finding Test Object 'Object Repository/Kullanici_Islemleri/KullaniciIslemleri'

2021-10-21 14:22:23 - [MESSAGE][INFO] - Checking object

2021-10-21 14:22:23 - [MESSAGE][INFO] - Checking timeout

2021-10-21 14:22:23 - [MESSAGE][INFO] - Finding web element from Test Object's properties

2021-10-21 14:22:23 - [MESSAGE][INFO] - Checking timeout

2021-10-21 14:22:23 - [MESSAGE][INFO] - Finding web element with id: 'Object Repository/Kullanici_Islemleri/KullaniciIslemleri' located by 'By.cssSelector: .dropdown>a>img' in '10' second(s)

2021-10-21 14:22:23 - [MESSAGE][INFO] - Smart Wait Function is triggered

2021-10-21 14:22:24 - [MESSAGE][INFO] - Found 1 web elements with id: 'Object Repository/Kullanici_Islemleri/KullaniciIslemleri' located by 'By.cssSelector: .dropdown>a>img' in '10' second(s)

2021-10-21 14:22:24 - [MESSAGE][PASSED] - Object 'Object Repository/Kullanici_Islemleri/KullaniciIslemleri' is clickable

2021-10-21 14:22:24 - [TEST_STEP][PASSED] - click(findTestObject("Object Repository/Kullanici_Islemleri/KullaniciIslemleri")): Object: 'Object Repository/Kullanici_Islemleri/KullaniciIslemleri' is clicked on

2021-10-21 14:22:24 - [MESSAGE][INFO] - Finding Test Object 'Object Repository/Kullanici_Islemleri/KullaniciIslemleri'

2021-10-21 14:22:24 - [MESSAGE][INFO] - Checking object

2021-10-21 14:22:24 - [MESSAGE][INFO] - Finding web element from Test Object's properties

2021-10-21 14:22:24 - [MESSAGE][INFO] - Checking timeout

2021-10-21 14:22:24 - [MESSAGE][INFO] - Finding web element with id: 'Object Repository/Kullanici_Islemleri/KullaniciIslemleri' located by 'By.cssSelector: .dropdown>a>img' in '30' second(s)

2021-10-21 14:22:24 - [MESSAGE][INFO] - Smart Wait Function is triggered

2021-10-21 14:22:24 - [MESSAGE][INFO] - Found 1 web elements with id: 'Object Repository/Kullanici_Islemleri/KullaniciIslemleri' located by 'By.cssSelector: .dropdown>a>img' in '30' second(s)

2021-10-21 14:22:24 - [MESSAGE][INFO] - Clicking on object: 'Object Repository/Kullanici_Islemleri/KullaniciIslemleri'

2021-10-21 14:22:24 - [MESSAGE][PASSED] - Object: 'Object Repository/Kullanici_Islemleri/KullaniciIslemleri' is clicked on

2021-10-21 14:22:24 - [TEST_STEP][PASSED] - Method.TextDegerineEsitElementeTikla(findTestObject("Object Repository/Kullanici_Islemleri/Secenekler"), Islem): Method.TextDegerineEsitElementeTikla is PASSED

2021-10-21 14:22:24 - [MESSAGE][INFO] - Finding Test Object 'Object Repository/Kullanici_Islemleri/Secenekler'

2021-10-21 14:22:24 - [MESSAGE][INFO] - Checking timeout

2021-10-21 14:22:24 - [MESSAGE][INFO] - Finding web element with id: 'Object Repository/Kullanici_Islemleri/Secenekler' located by 'By.cssSelector: .nav.navbar-nav.navbar-right li a' in '10' second(s)

2021-10-21 14:22:24 - [MESSAGE][INFO] - Smart Wait Function is triggered

2021-10-21 14:22:24 - [MESSAGE][INFO] - Found 22 web elements with id: 'Object Repository/Kullanici_Islemleri/Secenekler' located by 'By.cssSelector: .nav.navbar-nav.navbar-right li a' in '10' second(s)

2021-10-21 14:22:26 - [MESSAGE][PASSED] - Method.TextDegerineEsitElementeTikla is PASSED

2021-10-21 14:22:26 - [TEST_STEP][PASSED] - verifyElementNotPresent(findTestObject("Object Repository/Kullanici_Islemleri/Secenekler"), 10): Web element with id: 'Object Repository/Kullanici_Islemleri/Secenekler' located by 'By.cssSelector: .nav.navbar-nav.navbar-right li a' is not present after '10' second(s)

2021-10-21 14:22:26 - [MESSAGE][INFO] - Finding Test Object 'Object Repository/Kullanici_Islemleri/Secenekler'

2021-10-21 14:22:26 - [MESSAGE][INFO] - Checking object

2021-10-21 14:22:26 - [MESSAGE][INFO] - Checking timeout

2021-10-21 14:22:26 - [MESSAGE][INFO] - Finding web element with id: 'Object Repository/Kullanici_Islemleri/Secenekler' located by 'By.cssSelector: .nav.navbar-nav.navbar-right li a' in '10' second(s)

2021-10-21 14:22:26 - [MESSAGE][INFO] - Smart Wait Function is triggered

2021-10-21 14:22:26 - [MESSAGE][PASSED] - Web element with id: 'Object Repository/Kullanici_Islemleri/Secenekler' located by 'By.cssSelector: .nav.navbar-nav.navbar-right li a' is not present after '10' second(s)

2021-10-21 14:22:26 - [MESSAGE][PASSED] - Call Test Case 'Test Cases/Kullanici_Islemleri/KullaniciIslemlerindenSecimYapilir' successfully

2021-10-21 14:22:26 - [TEST_CASE][PASSED] - Start Test Case : SCENARIO e-Serbest Makbuzu Raporlari Yeniden Olustur: SCENARIO e-Serbest Makbuzu Raporlari Yeniden Olustur

2021-10-21 14:22:26 - [TEST_STEP][PASSED] - Kullanıcı adı ELOGO6 ve Şifre 123456 olarak giriş yapılır: Kullanıcı adı ELOGO6 ve Şifre 123456 olarak giriş yapılır

2021-10-21 14:22:26 - [MESSAGE][PASSED] - Kullanıcı adı ELOGO6 ve Şifre 123456 olarak giriş yapılır

2021-10-21 14:22:26 - [TEST_STEP][PASSED] - Ana menüden e-Makbuz seçilir: Ana menüden e-Makbuz seçilir

2021-10-21 14:22:26 - [MESSAGE][PASSED] - Ana menüden e-Makbuz seçilir

2021-10-21 14:22:26 - [TEST_STEP][PASSED] - Alt menü e-Serbest Meslek Uygulaması başlığı altındaki e-Serbest Meslek Makbuz Raporları seçilir: Alt menü e-Serbest Meslek Uygulaması başlığı altındaki e-Serbest Meslek Makbuz Raporları seçilir

2021-10-21 14:22:26 - [MESSAGE][PASSED] - Alt menü e-Serbest Meslek Uygulaması başlığı altındaki e-Serbest Meslek Makbuz Raporları seçilir

2021-10-21 14:22:26 - [TEST_STEP][PASSED] - Filtrelerden Dönem Tarihi filtresine 2021 Ocak dropdowndan degeri seçilir: Filtrelerden Dönem Tarihi filtresine 2021 Ocak dropdowndan degeri seçilir

2021-10-21 14:22:26 - [MESSAGE][PASSED] - Filtrelerden Dönem Tarihi filtresine 2021 Ocak dropdowndan degeri seçilir

2021-10-21 14:22:26 - [TEST_STEP][PASSED] - Filtrelerden Bölüm Tarihi filtresine 01.01.2021 baslangic degerini yaz: Filtrelerden Bölüm Tarihi filtresine 01.01.2021 baslangic degerini yaz

2021-10-21 14:22:26 - [MESSAGE][PASSED] - Filtrelerden Bölüm Tarihi filtresine 01.01.2021 baslangic degerini yaz

2021-10-21 14:22:26 - [TEST_STEP][PASSED] - Filtrelerden Bölüm Tarihi filtresine 03.01.2021 bitis degerini yaz: Filtrelerden Bölüm Tarihi filtresine 03.01.2021 bitis degerini yaz

2021-10-21 14:22:26 - [MESSAGE][PASSED] - Filtrelerden Bölüm Tarihi filtresine 03.01.2021 bitis degerini yaz

2021-10-21 14:22:26 - [TEST_STEP][PASSED] - Filtre butonlarından Listele seçilir: Filtre butonlarından Listele seçilir

2021-10-21 14:22:26 - [MESSAGE][PASSED] - Filtre butonlarından Listele seçilir

2021-10-21 14:22:26 - [TEST_STEP][PASSED] - Tabloda veri var mı kontrol edilir: Tabloda veri var mı kontrol edilir

2021-10-21 14:22:26 - [MESSAGE][PASSED] - Tabloda veri var mı kontrol edilir

2021-10-21 14:22:26 - [TEST_STEP][PASSED] - Tablodan 1565 isimli veri seçilir: Tablodan 1565 isimli veri seçilir

2021-10-21 14:22:26 - [MESSAGE][PASSED] - Tablodan 1565 isimli veri seçilir

2021-10-21 14:22:26 - [TEST_STEP][PASSED] - Butonlardan Yeniden Oluştur isimli butona tıklanır: Butonlardan Yeniden Oluştur isimli butona tıklanır

2021-10-21 14:22:26 - [MESSAGE][PASSED] - Butonlardan Yeniden Oluştur isimli butona tıklanır

2021-10-21 14:22:26 - [TEST_STEP][PASSED] - Popup mesajı Seçtiğiniz e-Belge raporları yeniden oluşturulacaktır. Devam etmek istiyor musunuz? içeriyor mu: Popup mesajı Seçtiğiniz e-Belge raporları yeniden oluşturulacaktır. Devam etmek istiyor musunuz? içeriyor mu

2021-10-21 14:22:26 - [MESSAGE][PASSED] - Popup mesajı Seçtiğiniz e-Belge raporları yeniden oluşturulacaktır. Devam etmek istiyor musunuz? içeriyor mu

2021-10-21 14:22:26 - [TEST_STEP][PASSED] - Yönetim popupında Evet seçilir: Yönetim popupında Evet seçilir

2021-10-21 14:22:26 - [MESSAGE][PASSED] - Yönetim popupında Evet seçilir

2021-10-21 14:22:26 - [TEST_STEP][PASSED] - Popup mesajı Seçilen raporlar yeniden oluşturulacaktır. Devam etmek istiyor musunuz? içeriyor mu: Popup mesajı Seçilen raporlar yeniden oluşturulacaktır. Devam etmek istiyor musunuz? içeriyor mu

2021-10-21 14:22:26 - [MESSAGE][PASSED] - Popup mesajı Seçilen raporlar yeniden oluşturulacaktır. Devam etmek istiyor musunuz? içeriyor mu

2021-10-21 14:22:26 - [TEST_STEP][PASSED] - Yönetim popupında Evet seçilir: Yönetim popupında Evet seçilir

2021-10-21 14:22:26 - [MESSAGE][PASSED] - Yönetim popupında Evet seçilir

2021-10-21 14:22:26 - [TEST_STEP][PASSED] - Popup mesajı Seçtiğiniz kayıtlardan 1 adedi tekrar oluşturmak üzere kuyruğa kaydedildi. içeriyor mu: Popup mesajı Seçtiğiniz kayıtlardan 1 adedi tekrar oluşturmak üzere kuyruğa kaydedildi. içeriyor mu

2021-10-21 14:22:26 - [MESSAGE][PASSED] - Popup mesajı Seçtiğiniz kayıtlardan 1 adedi tekrar oluşturmak üzere kuyruğa kaydedildi. içeriyor mu

2021-10-21 14:22:26 - [TEST_STEP][PASSED] - Yönetim popupında Tamam seçilir: Yönetim popupında Tamam seçilir

2021-10-21 14:22:26 - [MESSAGE][PASSED] - Yönetim popupında Tamam seçilir

2021-10-21 14:22:26 - [TEST_STEP][PASSED] - Kullanıcı işlemlerinden Çıkış seçilir: Kullanıcı işlemlerinden Çıkış seçilir

2021-10-21 14:22:26 - [MESSAGE][PASSED] - Kullanıcı işlemlerinden Çıkış seçilir

2021-10-21 14:22:26 - [MESSAGE][PASSED] - Feature file: 'Include/features/e-Makbuz/e-Serbest Meslek Uygulaması/e-Serbest Meslek Makbuz Raporlari/Yeniden Olustur.feature' was passed

2021-10-21 14:22:26 - [TEST_STEP][PASSED] - Start listener action : sampleAfterTestSuite: Invoke 'com.kms.katalon.core.annotation.AfterTestCase' method: 'Listener.sampleAfterTestSuite(...)' completed.

2021-10-21 14:22:26 - [MESSAGE][INFO] - Starting invoke 'com.kms.katalon.core.annotation.AfterTestCase' method: 'Listener.sampleAfterTestSuite(...)'

2021-10-21 14:22:26 - [TEST_STEP][PASSED] - closeBrowser(): Invoke 'com.kms.katalon.core.annotation.AfterTestCase' method: 'Listener.sampleAfterTestSuite(...)' completed.

2021-10-21 14:22:26 - [MESSAGE][INFO] - Closing browser

2021-10-21 14:22:27 - [MESSAGE][PASSED] - Browser is closed

2021-10-21 14:22:27 - [MESSAGE][INFO] - Invoke 'com.kms.katalon.core.annotation.AfterTestCase' method: 'Listener.sampleAfterTestSuite(...)' completed.]]></system-out>
         <system-err><![CDATA[]]></system-err>
      </testcase>
      <testcase name="Test Cases/Case Repository/e-Makbuz/e-Serbest Meslek Uygulamasi/e-Serbest Meslek Makbuzlari/Ekran Kontrolu" time="65.061" classname="Test Cases/Case Repository/e-Makbuz/e-Serbest Meslek Uygulamasi/e-Serbest Meslek Makbuzlari/Ekran Kontrolu" status="PASSED">
         <system-out><![CDATA[2021-10-21 14:22:27 - [TEST_CASE][PASSED] - Test Cases/Case Repository/e-Makbuz/e-Serbest Meslek Uygulamasi/e-Serbest Meslek Makbuzlari/Ekran Kontrolu: Test Cases/Case Repository/e-Makbuz/e-Serbest Meslek Uygulamasi/e-Serbest Meslek Makbuzlari/Ekran Kontrolu

2021-10-21 14:22:27 - [TEST_STEP][PASSED] - Start listener action : sampleBeforeTestSuite: Invoke 'com.kms.katalon.core.annotation.BeforeTestCase' method: 'Listener.sampleBeforeTestSuite(...)' completed.

2021-10-21 14:22:27 - [MESSAGE][INFO] - Starting invoke 'com.kms.katalon.core.annotation.BeforeTestCase' method: 'Listener.sampleBeforeTestSuite(...)'

2021-10-21 14:22:27 - [TEST_STEP][PASSED] - openBrowser(baseUrl): Browser is opened with url: 'https://efatura-stage.elogo.com.tr/'

2021-10-21 14:22:27 - [MESSAGE][INFO] - Opening browser

2021-10-21 14:22:27 - [MESSAGE][INFO] - Starting 'Chrome' driver

2021-10-21 14:22:27 - [MESSAGE][INFO] - User set preference: ['prefs', '{download.default_directory=C:\otomasyondownfiles}']

2021-10-21 14:22:27 - [MESSAGE][INFO] - Action delay is set to 0 milliseconds

2021-10-21 14:22:28 - [MESSAGE][INFO] - Navigating browser to: 'https://efatura-stage.elogo.com.tr/'

2021-10-21 14:22:31 - [MESSAGE][PASSED] - Browser is opened with url: 'https://efatura-stage.elogo.com.tr/'

2021-10-21 14:22:31 - [TEST_STEP][PASSED] - maximizeWindow(): Invoke 'com.kms.katalon.core.annotation.BeforeTestCase' method: 'Listener.sampleBeforeTestSuite(...)' completed.

2021-10-21 14:22:31 - [MESSAGE][INFO] - Maximizing current window

2021-10-21 14:22:31 - [MESSAGE][PASSED] - Current window maximized

2021-10-21 14:22:31 - [MESSAGE][INFO] - Invoke 'com.kms.katalon.core.annotation.BeforeTestCase' method: 'Listener.sampleBeforeTestSuite(...)' completed.

2021-10-21 14:22:31 - [TEST_STEP][PASSED] - runFeatureFile("Include/features/e-Makbuz/e-Serbest Meslek Uygulaması/e-Serbest Meslek Makbuzlari/Ekran Kontrolu.feature"): Feature file: 'Include/features/e-Makbuz/e-Serbest Meslek Uygulaması/e-Serbest Meslek Makbuzlari/Ekran Kontrolu.feature' was passed

2021-10-21 14:22:31 - [MESSAGE][INFO] - Starting run keyword runFeatureFile: 'Include/features/e-Makbuz/e-Serbest Meslek Uygulaması/e-Serbest Meslek Makbuzlari/Ekran Kontrolu.feature' and extract report to folder: 'C:\Users\DELL\Downloads\EES_Katalon-main\Reports\20211021_140437\Suite Repository\e-Makbuz\20211021_140511/cucumber_report/1634815351796'...

2021-10-21 14:22:31 - [MESSAGE][INFO] - Glue: []

2021-10-21 14:22:32 - [MESSAGE][INFO] - Checking called Test Case

2021-10-21 14:22:32 - [MESSAGE][INFO] - Starting to call Test Case 'Test Cases/Sayfalar/Giris_Sayfasi/Login'

2021-10-21 14:22:32 - [TEST_CASE][PASSED] - Test Cases/Sayfalar/Giris_Sayfasi/Login: Test Cases/Sayfalar/Giris_Sayfasi/Login

2021-10-21 14:22:32 - [TEST_STEP][PASSED] - Sayfa_Basligi = getWindowTitle(): Current window's title is: 'LOGO e-Fatura'

2021-10-21 14:22:32 - [MESSAGE][INFO] - Getting current window's title

2021-10-21 14:22:32 - [MESSAGE][PASSED] - Current window's title is: 'LOGO e-Fatura'

2021-10-21 14:22:32 - [TEST_STEP][PASSED] - verifyMatch(Sayfa_Basligi, "LOGO e-Fatura", false): Actual text 'LOGO e-Fatura' and expected text 'LOGO e-Fatura' are matched 

2021-10-21 14:22:32 - [MESSAGE][INFO] - Matching actual text 'LOGO e-Fatura' with expected text 'LOGO e-Fatura'

2021-10-21 14:22:32 - [MESSAGE][PASSED] - Actual text 'LOGO e-Fatura' and expected text 'LOGO e-Fatura' are matched 

2021-10-21 14:22:32 - [TEST_STEP][PASSED] - sendKeys(findTestObject("Sayfalar/Giris_Sayfasi/Firma_Kodu"), KullaniciAdi): Keys 'ELOGO6' sent to object: 'Object Repository/Sayfalar/Giris_Sayfasi/Firma_Kodu'

2021-10-21 14:22:32 - [MESSAGE][INFO] - Finding Test Object 'Object Repository/Sayfalar/Giris_Sayfasi/Firma_Kodu'

2021-10-21 14:22:32 - [MESSAGE][INFO] - Sending keys 'ELOGO6' to object: 'Object Repository/Sayfalar/Giris_Sayfasi/Firma_Kodu'

2021-10-21 14:22:32 - [MESSAGE][INFO] - Finding web element from Test Object's properties

2021-10-21 14:22:32 - [MESSAGE][INFO] - Checking timeout

2021-10-21 14:22:32 - [MESSAGE][INFO] - Finding web element with id: 'Object Repository/Sayfalar/Giris_Sayfasi/Firma_Kodu' located by 'By.xpath: //*[@id = 'AccountName']' in '30' second(s)

2021-10-21 14:22:32 - [MESSAGE][INFO] - Smart Wait Function is triggered

2021-10-21 14:22:33 - [MESSAGE][INFO] - Found 1 web elements with id: 'Object Repository/Sayfalar/Giris_Sayfasi/Firma_Kodu' located by 'By.xpath: //*[@id = 'AccountName']' in '30' second(s)

2021-10-21 14:22:33 - [MESSAGE][PASSED] - Keys 'ELOGO6' sent to object: 'Object Repository/Sayfalar/Giris_Sayfasi/Firma_Kodu'

2021-10-21 14:22:33 - [TEST_STEP][PASSED] - sendKeys(findTestObject("Sayfalar/Giris_Sayfasi/Sifre"), Sifre): Keys '123456' sent to object: 'Object Repository/Sayfalar/Giris_Sayfasi/Sifre'

2021-10-21 14:22:33 - [MESSAGE][INFO] - Finding Test Object 'Object Repository/Sayfalar/Giris_Sayfasi/Sifre'

2021-10-21 14:22:33 - [MESSAGE][INFO] - Sending keys '123456' to object: 'Object Repository/Sayfalar/Giris_Sayfasi/Sifre'

2021-10-21 14:22:33 - [MESSAGE][INFO] - Finding web element from Test Object's properties

2021-10-21 14:22:33 - [MESSAGE][INFO] - Checking timeout

2021-10-21 14:22:33 - [MESSAGE][INFO] - Finding web element with id: 'Object Repository/Sayfalar/Giris_Sayfasi/Sifre' located by 'By.xpath: //*[@id = 'Password']' in '30' second(s)

2021-10-21 14:22:33 - [MESSAGE][INFO] - Smart Wait Function is triggered

2021-10-21 14:22:33 - [MESSAGE][INFO] - Found 1 web elements with id: 'Object Repository/Sayfalar/Giris_Sayfasi/Sifre' located by 'By.xpath: //*[@id = 'Password']' in '30' second(s)

2021-10-21 14:22:33 - [MESSAGE][PASSED] - Keys '123456' sent to object: 'Object Repository/Sayfalar/Giris_Sayfasi/Sifre'

2021-10-21 14:22:33 - [TEST_STEP][PASSED] - findWebElement(findTestObject("Sayfalar/Giris_Sayfasi/Giris_Butonu")).click(): Found 1 web elements with id: 'Object Repository/Sayfalar/Giris_Sayfasi/Giris_Butonu' located by 'By.cssSelector: #btnLogin' in '30' second(s)

2021-10-21 14:22:33 - [MESSAGE][INFO] - Finding Test Object 'Object Repository/Sayfalar/Giris_Sayfasi/Giris_Butonu'

2021-10-21 14:22:33 - [MESSAGE][INFO] - Finding web element from Test Object's properties

2021-10-21 14:22:33 - [MESSAGE][INFO] - Checking timeout

2021-10-21 14:22:33 - [MESSAGE][INFO] - Finding web element with id: 'Object Repository/Sayfalar/Giris_Sayfasi/Giris_Butonu' located by 'By.cssSelector: #btnLogin' in '30' second(s)

2021-10-21 14:22:33 - [MESSAGE][INFO] - Smart Wait Function is triggered

2021-10-21 14:22:33 - [MESSAGE][INFO] - Found 1 web elements with id: 'Object Repository/Sayfalar/Giris_Sayfasi/Giris_Butonu' located by 'By.cssSelector: #btnLogin' in '30' second(s)

2021-10-21 14:22:36 - [TEST_STEP][PASSED] - if (verifyElementPresent(findTestObject("Object Repository/Sayfalar/Giris_Sayfasi/RetveTamam_Butonu"), 5, OPTIONAL)): null

2021-10-21 14:22:36 - [MESSAGE][INFO] - Finding Test Object 'Object Repository/Sayfalar/Giris_Sayfasi/RetveTamam_Butonu'

2021-10-21 14:22:36 - [MESSAGE][INFO] - Checking object

2021-10-21 14:22:36 - [MESSAGE][INFO] - Finding web element from Test Object's properties

2021-10-21 14:22:36 - [MESSAGE][INFO] - Checking timeout

2021-10-21 14:22:36 - [MESSAGE][INFO] - Finding web element with id: 'Object Repository/Sayfalar/Giris_Sayfasi/RetveTamam_Butonu' located by 'By.xpath: //*[@class = 'btn btn-default']' in '5' second(s)

2021-10-21 14:22:36 - [MESSAGE][INFO] - Smart Wait Function is triggered

2021-10-21 14:22:36 - [MESSAGE][INFO] - Found 1 web elements with id: 'Object Repository/Sayfalar/Giris_Sayfasi/RetveTamam_Butonu' located by 'By.xpath: //*[@class = 'btn btn-default']' in '5' second(s)

2021-10-21 14:22:36 - [MESSAGE][PASSED] - Object 'Object Repository/Sayfalar/Giris_Sayfasi/RetveTamam_Butonu' is present

2021-10-21 14:22:36 - [TEST_STEP][PASSED] - click(findTestObject("Object Repository/Sayfalar/Giris_Sayfasi/RetveTamam_Butonu")): Object: 'Object Repository/Sayfalar/Giris_Sayfasi/RetveTamam_Butonu' is clicked on

2021-10-21 14:22:36 - [MESSAGE][INFO] - Finding Test Object 'Object Repository/Sayfalar/Giris_Sayfasi/RetveTamam_Butonu'

2021-10-21 14:22:36 - [MESSAGE][INFO] - Checking object

2021-10-21 14:22:36 - [MESSAGE][INFO] - Finding web element from Test Object's properties

2021-10-21 14:22:36 - [MESSAGE][INFO] - Checking timeout

2021-10-21 14:22:36 - [MESSAGE][INFO] - Finding web element with id: 'Object Repository/Sayfalar/Giris_Sayfasi/RetveTamam_Butonu' located by 'By.xpath: //*[@class = 'btn btn-default']' in '30' second(s)

2021-10-21 14:22:36 - [MESSAGE][INFO] - Smart Wait Function is triggered

2021-10-21 14:22:36 - [MESSAGE][INFO] - Found 1 web elements with id: 'Object Repository/Sayfalar/Giris_Sayfasi/RetveTamam_Butonu' located by 'By.xpath: //*[@class = 'btn btn-default']' in '30' second(s)

2021-10-21 14:22:36 - [MESSAGE][INFO] - Clicking on object: 'Object Repository/Sayfalar/Giris_Sayfasi/RetveTamam_Butonu'

2021-10-21 14:22:36 - [MESSAGE][PASSED] - Object: 'Object Repository/Sayfalar/Giris_Sayfasi/RetveTamam_Butonu' is clicked on

2021-10-21 14:22:36 - [TEST_STEP][PASSED] - click(findTestObject("Object Repository/Sayfalar/Giris_Sayfasi/RetveTamam_Butonu")): Object: 'Object Repository/Sayfalar/Giris_Sayfasi/RetveTamam_Butonu' is clicked on

2021-10-21 14:22:36 - [MESSAGE][INFO] - Finding Test Object 'Object Repository/Sayfalar/Giris_Sayfasi/RetveTamam_Butonu'

2021-10-21 14:22:37 - [MESSAGE][INFO] - Checking object

2021-10-21 14:22:37 - [MESSAGE][INFO] - Finding web element from Test Object's properties

2021-10-21 14:22:37 - [MESSAGE][INFO] - Checking timeout

2021-10-21 14:22:37 - [MESSAGE][INFO] - Finding web element with id: 'Object Repository/Sayfalar/Giris_Sayfasi/RetveTamam_Butonu' located by 'By.xpath: //*[@class = 'btn btn-default']' in '30' second(s)

2021-10-21 14:22:37 - [MESSAGE][INFO] - Smart Wait Function is triggered

2021-10-21 14:22:38 - [MESSAGE][INFO] - Found 1 web elements with id: 'Object Repository/Sayfalar/Giris_Sayfasi/RetveTamam_Butonu' located by 'By.xpath: //*[@class = 'btn btn-default']' in '30' second(s)

2021-10-21 14:22:38 - [MESSAGE][INFO] - Clicking on object: 'Object Repository/Sayfalar/Giris_Sayfasi/RetveTamam_Butonu'

2021-10-21 14:22:38 - [MESSAGE][PASSED] - Object: 'Object Repository/Sayfalar/Giris_Sayfasi/RetveTamam_Butonu' is clicked on

2021-10-21 14:22:38 - [TEST_STEP][PASSED] - if (verifyElementPresent(findTestObject("Sayfalar/Giris_Sayfasi/PopupOK"), 5, OPTIONAL)): null

2021-10-21 14:22:38 - [MESSAGE][INFO] - Finding Test Object 'Object Repository/Sayfalar/Giris_Sayfasi/PopupOK'

2021-10-21 14:22:39 - [MESSAGE][INFO] - Checking object

2021-10-21 14:22:39 - [MESSAGE][INFO] - Finding web element from Test Object's properties

2021-10-21 14:22:39 - [MESSAGE][INFO] - Checking timeout

2021-10-21 14:22:39 - [MESSAGE][INFO] - Finding web element with id: 'Object Repository/Sayfalar/Giris_Sayfasi/PopupOK' located by 'By.cssSelector: .btn.btn-success' in '5' second(s)

2021-10-21 14:22:39 - [MESSAGE][INFO] - Smart Wait Function is triggered

2021-10-21 14:22:39 - [MESSAGE][INFO] - Found 1 web elements with id: 'Object Repository/Sayfalar/Giris_Sayfasi/PopupOK' located by 'By.cssSelector: .btn.btn-success' in '5' second(s)

2021-10-21 14:22:39 - [MESSAGE][PASSED] - Object 'Object Repository/Sayfalar/Giris_Sayfasi/PopupOK' is present

2021-10-21 14:22:39 - [TEST_STEP][PASSED] - click(findTestObject("Object Repository/Sayfalar/Giris_Sayfasi/PopupCarpiGiris")): Object: 'Object Repository/Sayfalar/Giris_Sayfasi/PopupCarpiGiris' is clicked on

2021-10-21 14:22:39 - [MESSAGE][INFO] - Finding Test Object 'Object Repository/Sayfalar/Giris_Sayfasi/PopupCarpiGiris'

2021-10-21 14:22:39 - [MESSAGE][INFO] - Checking object

2021-10-21 14:22:39 - [MESSAGE][INFO] - Finding web element from Test Object's properties

2021-10-21 14:22:39 - [MESSAGE][INFO] - Checking timeout

2021-10-21 14:22:39 - [MESSAGE][INFO] - Finding web element with id: 'Object Repository/Sayfalar/Giris_Sayfasi/PopupCarpiGiris' located by 'By.cssSelector: .bootbox-close-button.close' in '30' second(s)

2021-10-21 14:22:39 - [MESSAGE][INFO] - Smart Wait Function is triggered

2021-10-21 14:22:40 - [MESSAGE][INFO] - Found 1 web elements with id: 'Object Repository/Sayfalar/Giris_Sayfasi/PopupCarpiGiris' located by 'By.cssSelector: .bootbox-close-button.close' in '30' second(s)

2021-10-21 14:22:40 - [MESSAGE][INFO] - Clicking on object: 'Object Repository/Sayfalar/Giris_Sayfasi/PopupCarpiGiris'

2021-10-21 14:22:40 - [MESSAGE][PASSED] - Object: 'Object Repository/Sayfalar/Giris_Sayfasi/PopupCarpiGiris' is clicked on

2021-10-21 14:22:40 - [TEST_STEP][PASSED] - verifyElementVisible(findTestObject("Object Repository/Kullanici_Islemleri/KullaniciIslemleri")): Object 'Object Repository/Kullanici_Islemleri/KullaniciIslemleri' is visible

2021-10-21 14:22:40 - [MESSAGE][INFO] - Finding Test Object 'Object Repository/Kullanici_Islemleri/KullaniciIslemleri'

2021-10-21 14:22:40 - [MESSAGE][INFO] - Checking object

2021-10-21 14:22:40 - [MESSAGE][INFO] - Finding web element from Test Object's properties

2021-10-21 14:22:40 - [MESSAGE][INFO] - Checking timeout

2021-10-21 14:22:40 - [MESSAGE][INFO] - Finding web element with id: 'Object Repository/Kullanici_Islemleri/KullaniciIslemleri' located by 'By.cssSelector: .dropdown>a>img' in '30' second(s)

2021-10-21 14:22:40 - [MESSAGE][INFO] - Smart Wait Function is triggered

2021-10-21 14:22:41 - [MESSAGE][INFO] - Found 1 web elements with id: 'Object Repository/Kullanici_Islemleri/KullaniciIslemleri' located by 'By.cssSelector: .dropdown>a>img' in '30' second(s)

2021-10-21 14:22:41 - [MESSAGE][PASSED] - Object 'Object Repository/Kullanici_Islemleri/KullaniciIslemleri' is visible

2021-10-21 14:22:41 - [MESSAGE][PASSED] - Call Test Case 'Test Cases/Sayfalar/Giris_Sayfasi/Login' successfully

2021-10-21 14:22:41 - [MESSAGE][INFO] - Checking called Test Case

2021-10-21 14:22:41 - [MESSAGE][INFO] - Starting to call Test Case 'Test Cases/Menu/AnaMenuSecimi'

2021-10-21 14:22:41 - [TEST_CASE][PASSED] - Test Cases/Menu/AnaMenuSecimi: Test Cases/Menu/AnaMenuSecimi

2021-10-21 14:22:41 - [TEST_STEP][PASSED] - Method.TextDegerineEsitElementeTikla(findTestObject("Menu/Ana_Menu"), Ana_Menu): Method.TextDegerineEsitElementeTikla is PASSED

2021-10-21 14:22:41 - [MESSAGE][INFO] - Finding Test Object 'Object Repository/Menu/Ana_Menu'

2021-10-21 14:22:41 - [MESSAGE][INFO] - Checking timeout

2021-10-21 14:22:41 - [MESSAGE][INFO] - Finding web element with id: 'Object Repository/Menu/Ana_Menu' located by 'By.xpath: //*[@class = 'dropdown-toggle']' in '10' second(s)

2021-10-21 14:22:41 - [MESSAGE][INFO] - Smart Wait Function is triggered

2021-10-21 14:22:41 - [MESSAGE][INFO] - Found 14 web elements with id: 'Object Repository/Menu/Ana_Menu' located by 'By.xpath: //*[@class = 'dropdown-toggle']' in '10' second(s)

2021-10-21 14:22:41 - [MESSAGE][PASSED] - Method.TextDegerineEsitElementeTikla is PASSED

2021-10-21 14:22:41 - [MESSAGE][PASSED] - Call Test Case 'Test Cases/Menu/AnaMenuSecimi' successfully

2021-10-21 14:22:41 - [MESSAGE][INFO] - Checking called Test Case

2021-10-21 14:22:41 - [MESSAGE][INFO] - Starting to call Test Case 'Test Cases/Menu/BasligaGoreAltMenuSecimi'

2021-10-21 14:22:41 - [TEST_CASE][PASSED] - Test Cases/Menu/BasligaGoreAltMenuSecimi: Test Cases/Menu/BasligaGoreAltMenuSecimi

2021-10-21 14:22:41 - [TEST_STEP][PASSED] - Method.TextDegerineEsitElementinAltindakiTextDegerineEsitOlanaTikla(findTestObject("Menu/Menu_Basligi"), findTestObject("Menu/Basliga_Gore_Alt_Menu"), Baslik, Alt_Menu): Method.TextDegerineEsitElementinAltindakiTextDegerineEsitOlanaTikla is PASSED

2021-10-21 14:22:41 - [MESSAGE][INFO] - Finding Test Object 'Object Repository/Menu/Menu_Basligi'

2021-10-21 14:22:42 - [MESSAGE][INFO] - Finding Test Object 'Object Repository/Menu/Basliga_Gore_Alt_Menu'

2021-10-21 14:22:42 - [MESSAGE][INFO] - Checking timeout

2021-10-21 14:22:42 - [MESSAGE][INFO] - Finding web element with id: 'Object Repository/Menu/Menu_Basligi' located by 'By.xpath: //li[@class='dropdown dropdown-large open']//li[@class='dropdown-header']' in '10' second(s)

2021-10-21 14:22:42 - [MESSAGE][INFO] - Smart Wait Function is triggered

2021-10-21 14:22:42 - [MESSAGE][INFO] - Found 2 web elements with id: 'Object Repository/Menu/Menu_Basligi' located by 'By.xpath: //li[@class='dropdown dropdown-large open']//li[@class='dropdown-header']' in '10' second(s)

2021-10-21 14:22:42 - [MESSAGE][INFO] - Smart Wait Function is triggered

2021-10-21 14:22:45 - [MESSAGE][PASSED] - Method.TextDegerineEsitElementinAltindakiTextDegerineEsitOlanaTikla is PASSED

2021-10-21 14:22:45 - [MESSAGE][PASSED] - Call Test Case 'Test Cases/Menu/BasligaGoreAltMenuSecimi' successfully

2021-10-21 14:22:45 - [MESSAGE][INFO] - Checking called Test Case

2021-10-21 14:22:45 - [MESSAGE][INFO] - Starting to call Test Case 'Test Cases/Filtreler/BaslangicYaz'

2021-10-21 14:22:45 - [TEST_CASE][PASSED] - Test Cases/Filtreler/BaslangicYaz: Test Cases/Filtreler/BaslangicYaz

2021-10-21 14:22:45 - [TEST_STEP][PASSED] - Method.TextDegerineEsitElementinAltindakineTikla(findTestObject("Filtreler/Basliklar"), findTestObject("Filtreler/Basliga_Gore_Baslangic_Image"), Filtre_Adi): Method.TextDegerineEsitElementinAltindakineTikla is PASSED

2021-10-21 14:22:45 - [MESSAGE][INFO] - Finding Test Object 'Object Repository/Filtreler/Basliklar'

2021-10-21 14:22:45 - [MESSAGE][INFO] - Finding Test Object 'Object Repository/Filtreler/Basliga_Gore_Baslangic_Image'

2021-10-21 14:22:45 - [MESSAGE][INFO] - Checking timeout

2021-10-21 14:22:45 - [MESSAGE][INFO] - Finding web element with id: 'Object Repository/Filtreler/Basliklar' located by 'By.cssSelector: .control-label.col-sm-4.paddingMarginRLC' in '10' second(s)

2021-10-21 14:22:45 - [MESSAGE][INFO] - Smart Wait Function is triggered

2021-10-21 14:22:45 - [MESSAGE][INFO] - Found 13 web elements with id: 'Object Repository/Filtreler/Basliklar' located by 'By.cssSelector: .control-label.col-sm-4.paddingMarginRLC' in '10' second(s)

2021-10-21 14:22:45 - [MESSAGE][INFO] - Smart Wait Function is triggered

2021-10-21 14:22:46 - [MESSAGE][PASSED] - Method.TextDegerineEsitElementinAltindakineTikla is PASSED

2021-10-21 14:22:46 - [TEST_STEP][PASSED] - Method.TextDegerineEsitElementinAltindakiTextboxtaYaz(findTestObject("Filtreler/Basliklar"), findTestObject("Filtreler/Basliga_Gore_Baslangic"), Filtre_Adi, Filtre_Degeri): Method.TextDegerineEsitElementinAltindakiTextboxtaYaz is PASSED

2021-10-21 14:22:46 - [MESSAGE][INFO] - Finding Test Object 'Object Repository/Filtreler/Basliklar'

2021-10-21 14:22:46 - [MESSAGE][INFO] - Finding Test Object 'Object Repository/Filtreler/Basliga_Gore_Baslangic'

2021-10-21 14:22:46 - [MESSAGE][INFO] - Checking timeout

2021-10-21 14:22:46 - [MESSAGE][INFO] - Finding web element with id: 'Object Repository/Filtreler/Basliklar' located by 'By.cssSelector: .control-label.col-sm-4.paddingMarginRLC' in '10' second(s)

2021-10-21 14:22:46 - [MESSAGE][INFO] - Smart Wait Function is triggered

2021-10-21 14:22:46 - [MESSAGE][INFO] - Found 13 web elements with id: 'Object Repository/Filtreler/Basliklar' located by 'By.cssSelector: .control-label.col-sm-4.paddingMarginRLC' in '10' second(s)

2021-10-21 14:22:46 - [MESSAGE][INFO] - Smart Wait Function is triggered

2021-10-21 14:22:47 - [MESSAGE][PASSED] - Method.TextDegerineEsitElementinAltindakiTextboxtaYaz is PASSED

2021-10-21 14:22:47 - [MESSAGE][PASSED] - Call Test Case 'Test Cases/Filtreler/BaslangicYaz' successfully

2021-10-21 14:22:47 - [MESSAGE][INFO] - Checking called Test Case

2021-10-21 14:22:47 - [MESSAGE][INFO] - Starting to call Test Case 'Test Cases/Filtreler/BitisYaz'

2021-10-21 14:22:47 - [TEST_CASE][PASSED] - Test Cases/Filtreler/BitisYaz: Test Cases/Filtreler/BitisYaz

2021-10-21 14:22:47 - [TEST_STEP][PASSED] - Method.TextDegerineEsitElementinAltindakineTikla(findTestObject("Filtreler/Basliklar"), findTestObject("Filtreler/Basliga_Gore_Bitis_Image"), Filtre_Adi): Method.TextDegerineEsitElementinAltindakineTikla is PASSED

2021-10-21 14:22:47 - [MESSAGE][INFO] - Finding Test Object 'Object Repository/Filtreler/Basliklar'

2021-10-21 14:22:47 - [MESSAGE][INFO] - Finding Test Object 'Object Repository/Filtreler/Basliga_Gore_Bitis_Image'

2021-10-21 14:22:47 - [MESSAGE][INFO] - Checking timeout

2021-10-21 14:22:47 - [MESSAGE][INFO] - Finding web element with id: 'Object Repository/Filtreler/Basliklar' located by 'By.cssSelector: .control-label.col-sm-4.paddingMarginRLC' in '10' second(s)

2021-10-21 14:22:47 - [MESSAGE][INFO] - Smart Wait Function is triggered

2021-10-21 14:22:48 - [MESSAGE][INFO] - Found 13 web elements with id: 'Object Repository/Filtreler/Basliklar' located by 'By.cssSelector: .control-label.col-sm-4.paddingMarginRLC' in '10' second(s)

2021-10-21 14:22:48 - [MESSAGE][INFO] - Smart Wait Function is triggered

2021-10-21 14:22:48 - [MESSAGE][PASSED] - Method.TextDegerineEsitElementinAltindakineTikla is PASSED

2021-10-21 14:22:48 - [TEST_STEP][PASSED] - Method.TextDegerineEsitElementinAltindakiTextboxtaYaz(findTestObject("Filtreler/Basliklar"), findTestObject("Object Repository/Filtreler/Basliga_Gore_Bitis"), Filtre_Adi, Filtre_Degeri): Method.TextDegerineEsitElementinAltindakiTextboxtaYaz is PASSED

2021-10-21 14:22:48 - [MESSAGE][INFO] - Finding Test Object 'Object Repository/Filtreler/Basliklar'

2021-10-21 14:22:48 - [MESSAGE][INFO] - Finding Test Object 'Object Repository/Filtreler/Basliga_Gore_Bitis'

2021-10-21 14:22:48 - [MESSAGE][INFO] - Checking timeout

2021-10-21 14:22:48 - [MESSAGE][INFO] - Finding web element with id: 'Object Repository/Filtreler/Basliklar' located by 'By.cssSelector: .control-label.col-sm-4.paddingMarginRLC' in '10' second(s)

2021-10-21 14:22:48 - [MESSAGE][INFO] - Smart Wait Function is triggered

2021-10-21 14:22:49 - [MESSAGE][INFO] - Found 13 web elements with id: 'Object Repository/Filtreler/Basliklar' located by 'By.cssSelector: .control-label.col-sm-4.paddingMarginRLC' in '10' second(s)

2021-10-21 14:22:49 - [MESSAGE][INFO] - Smart Wait Function is triggered

2021-10-21 14:22:50 - [MESSAGE][PASSED] - Method.TextDegerineEsitElementinAltindakiTextboxtaYaz is PASSED

2021-10-21 14:22:50 - [MESSAGE][PASSED] - Call Test Case 'Test Cases/Filtreler/BitisYaz' successfully

2021-10-21 14:22:50 - [MESSAGE][INFO] - Checking called Test Case

2021-10-21 14:22:50 - [MESSAGE][INFO] - Starting to call Test Case 'Test Cases/Filtreler/ButonaTikla'

2021-10-21 14:22:50 - [TEST_CASE][PASSED] - Test Cases/Filtreler/ButonaTikla: Test Cases/Filtreler/ButonaTikla

2021-10-21 14:22:50 - [TEST_STEP][PASSED] - Method.TextDegerineEsitElementeTikla(findTestObject("Filtreler/Butonlar"), Filtre_Buton): Method.TextDegerineEsitElementeTikla is PASSED

2021-10-21 14:22:50 - [MESSAGE][INFO] - Finding Test Object 'Object Repository/Filtreler/Butonlar'

2021-10-21 14:22:50 - [MESSAGE][INFO] - Checking timeout

2021-10-21 14:22:50 - [MESSAGE][INFO] - Finding web element with id: 'Object Repository/Filtreler/Butonlar' located by 'By.cssSelector: .dxb>span' in '10' second(s)

2021-10-21 14:22:50 - [MESSAGE][INFO] - Smart Wait Function is triggered

2021-10-21 14:22:50 - [MESSAGE][INFO] - Found 3 web elements with id: 'Object Repository/Filtreler/Butonlar' located by 'By.cssSelector: .dxb>span' in '10' second(s)

2021-10-21 14:22:50 - [MESSAGE][PASSED] - Method.TextDegerineEsitElementeTikla is PASSED

2021-10-21 14:22:50 - [MESSAGE][PASSED] - Call Test Case 'Test Cases/Filtreler/ButonaTikla' successfully

2021-10-21 14:22:51 - [MESSAGE][INFO] - Checking called Test Case

2021-10-21 14:22:51 - [MESSAGE][INFO] - Starting to call Test Case 'Test Cases/Tablo/TablodakiVeriDetayi'

2021-10-21 14:22:51 - [TEST_CASE][PASSED] - Test Cases/Tablo/TablodakiVeriDetayi: Test Cases/Tablo/TablodakiVeriDetayi

2021-10-21 14:22:51 - [TEST_STEP][PASSED] - Method.TextDegerineEsitElementinAltindakineTikla(findTestObject("Tablo/Veriler"), findTestObject("Object Repository/Tablo/VerininArtiButonu"), Veri_Adi): Method.TextDegerineEsitElementinAltindakineTikla is PASSED

2021-10-21 14:22:51 - [MESSAGE][INFO] - Finding Test Object 'Object Repository/Tablo/Veriler'

2021-10-21 14:22:51 - [MESSAGE][INFO] - Finding Test Object 'Object Repository/Tablo/VerininArtiButonu'

2021-10-21 14:22:51 - [MESSAGE][INFO] - Checking timeout

2021-10-21 14:22:51 - [MESSAGE][INFO] - Finding web element with id: 'Object Repository/Tablo/Veriler' located by 'By.cssSelector: td.dxgv b ,td.dxgv' in '10' second(s)

2021-10-21 14:22:51 - [MESSAGE][INFO] - Smart Wait Function is triggered

2021-10-21 14:22:51 - [MESSAGE][INFO] - Found 52 web elements with id: 'Object Repository/Tablo/Veriler' located by 'By.cssSelector: td.dxgv b ,td.dxgv' in '10' second(s)

2021-10-21 14:22:52 - [MESSAGE][INFO] - Smart Wait Function is triggered

2021-10-21 14:22:53 - [MESSAGE][PASSED] - Method.TextDegerineEsitElementinAltindakineTikla is PASSED

2021-10-21 14:22:53 - [MESSAGE][PASSED] - Call Test Case 'Test Cases/Tablo/TablodakiVeriDetayi' successfully

2021-10-21 14:22:53 - [MESSAGE][INFO] - Checking called Test Case

2021-10-21 14:22:53 - [MESSAGE][INFO] - Starting to call Test Case 'Test Cases/Tablo/TablodakiVeriDetayi'

2021-10-21 14:22:53 - [TEST_CASE][PASSED] - Test Cases/Tablo/TablodakiVeriDetayi: Test Cases/Tablo/TablodakiVeriDetayi

2021-10-21 14:22:53 - [TEST_STEP][PASSED] - Method.TextDegerineEsitElementinAltindakineTikla(findTestObject("Tablo/Veriler"), findTestObject("Object Repository/Tablo/VerininArtiButonu"), Veri_Adi): Method.TextDegerineEsitElementinAltindakineTikla is PASSED

2021-10-21 14:22:53 - [MESSAGE][INFO] - Finding Test Object 'Object Repository/Tablo/Veriler'

2021-10-21 14:22:53 - [MESSAGE][INFO] - Finding Test Object 'Object Repository/Tablo/VerininArtiButonu'

2021-10-21 14:22:53 - [MESSAGE][INFO] - Checking timeout

2021-10-21 14:22:53 - [MESSAGE][INFO] - Finding web element with id: 'Object Repository/Tablo/Veriler' located by 'By.cssSelector: td.dxgv b ,td.dxgv' in '10' second(s)

2021-10-21 14:22:53 - [MESSAGE][INFO] - Smart Wait Function is triggered

2021-10-21 14:22:53 - [MESSAGE][INFO] - Found 54 web elements with id: 'Object Repository/Tablo/Veriler' located by 'By.cssSelector: td.dxgv b ,td.dxgv' in '10' second(s)

2021-10-21 14:22:53 - [MESSAGE][INFO] - Smart Wait Function is triggered

2021-10-21 14:22:54 - [MESSAGE][PASSED] - Method.TextDegerineEsitElementinAltindakineTikla is PASSED

2021-10-21 14:22:54 - [MESSAGE][PASSED] - Call Test Case 'Test Cases/Tablo/TablodakiVeriDetayi' successfully

2021-10-21 14:22:54 - [MESSAGE][INFO] - Checking called Test Case

2021-10-21 14:22:54 - [MESSAGE][INFO] - Starting to call Test Case 'Test Cases/Filtreler/ListelenenOgeSayisi'

2021-10-21 14:22:54 - [TEST_CASE][PASSED] - Test Cases/Filtreler/ListelenenOgeSayisi: Test Cases/Filtreler/ListelenenOgeSayisi

2021-10-21 14:22:54 - [TEST_STEP][PASSED] - waitForElementPresent(findTestObject("Filtreler/OgeSayisi"), 10): Object 'Object Repository/Filtreler/OgeSayisi' is present

2021-10-21 14:22:54 - [MESSAGE][INFO] - Finding Test Object 'Object Repository/Filtreler/OgeSayisi'

2021-10-21 14:22:54 - [MESSAGE][INFO] - Checking object

2021-10-21 14:22:54 - [MESSAGE][INFO] - Finding web element from Test Object's properties

2021-10-21 14:22:54 - [MESSAGE][INFO] - Checking timeout

2021-10-21 14:22:54 - [MESSAGE][INFO] - Finding web element with id: 'Object Repository/Filtreler/OgeSayisi' located by 'By.cssSelector: .dxp-lead.dxp-summary' in '10' second(s)

2021-10-21 14:22:54 - [MESSAGE][INFO] - Smart Wait Function is triggered

2021-10-21 14:22:54 - [MESSAGE][INFO] - Found 1 web elements with id: 'Object Repository/Filtreler/OgeSayisi' located by 'By.cssSelector: .dxp-lead.dxp-summary' in '10' second(s)

2021-10-21 14:22:54 - [MESSAGE][PASSED] - Object 'Object Repository/Filtreler/OgeSayisi' is present

2021-10-21 14:22:55 - [TEST_STEP][PASSED] - verifyElementText(findTestObject("Filtreler/OgeSayisi"), OgeSayisi): Actual text and expected text of test object 'Object Repository/Filtreler/OgeSayisi' are matched.

2021-10-21 14:22:55 - [MESSAGE][INFO] - Finding Test Object 'Object Repository/Filtreler/OgeSayisi'

2021-10-21 14:22:55 - [MESSAGE][INFO] - Checking object

2021-10-21 14:22:55 - [MESSAGE][INFO] - Finding web element from Test Object's properties

2021-10-21 14:22:55 - [MESSAGE][INFO] - Checking timeout

2021-10-21 14:22:55 - [MESSAGE][INFO] - Finding web element with id: 'Object Repository/Filtreler/OgeSayisi' located by 'By.cssSelector: .dxp-lead.dxp-summary' in '30' second(s)

2021-10-21 14:22:55 - [MESSAGE][INFO] - Smart Wait Function is triggered

2021-10-21 14:22:55 - [MESSAGE][INFO] - Found 1 web elements with id: 'Object Repository/Filtreler/OgeSayisi' located by 'By.cssSelector: .dxp-lead.dxp-summary' in '30' second(s)

2021-10-21 14:22:55 - [MESSAGE][PASSED] - Actual text and expected text of test object 'Object Repository/Filtreler/OgeSayisi' are matched.

2021-10-21 14:22:55 - [MESSAGE][PASSED] - Call Test Case 'Test Cases/Filtreler/ListelenenOgeSayisi' successfully

2021-10-21 14:22:55 - [MESSAGE][INFO] - Checking called Test Case

2021-10-21 14:22:55 - [MESSAGE][INFO] - Starting to call Test Case 'Test Cases/Sayfalar/AnaSayfa/AnaSayfayaDonulur'

2021-10-21 14:22:55 - [TEST_CASE][PASSED] - Test Cases/Sayfalar/AnaSayfa/AnaSayfayaDonulur: Test Cases/Sayfalar/AnaSayfa/AnaSayfayaDonulur

2021-10-21 14:22:55 - [TEST_STEP][PASSED] - click(findTestObject("Sayfalar/AnaSayfa/AnaSayfa")): Object: 'Object Repository/Sayfalar/AnaSayfa/AnaSayfa' is clicked on

2021-10-21 14:22:55 - [MESSAGE][INFO] - Finding Test Object 'Object Repository/Sayfalar/AnaSayfa/AnaSayfa'

2021-10-21 14:22:55 - [MESSAGE][INFO] - Checking object

2021-10-21 14:22:55 - [MESSAGE][INFO] - Finding web element from Test Object's properties

2021-10-21 14:22:55 - [MESSAGE][INFO] - Checking timeout

2021-10-21 14:22:55 - [MESSAGE][INFO] - Finding web element with id: 'Object Repository/Sayfalar/AnaSayfa/AnaSayfa' located by 'By.cssSelector: div.navbar-header > a > img' in '30' second(s)

2021-10-21 14:22:55 - [MESSAGE][INFO] - Smart Wait Function is triggered

2021-10-21 14:22:55 - [MESSAGE][INFO] - Found 1 web elements with id: 'Object Repository/Sayfalar/AnaSayfa/AnaSayfa' located by 'By.cssSelector: div.navbar-header > a > img' in '30' second(s)

2021-10-21 14:22:55 - [MESSAGE][INFO] - Clicking on object: 'Object Repository/Sayfalar/AnaSayfa/AnaSayfa'

2021-10-21 14:22:57 - [MESSAGE][PASSED] - Object: 'Object Repository/Sayfalar/AnaSayfa/AnaSayfa' is clicked on

2021-10-21 14:22:57 - [TEST_STEP][PASSED] - if (verifyElementPresent(findTestObject("Sayfalar/Giris_Sayfasi/PopupOK"), 5, OPTIONAL)): null

2021-10-21 14:22:57 - [MESSAGE][INFO] - Finding Test Object 'Object Repository/Sayfalar/Giris_Sayfasi/PopupOK'

2021-10-21 14:22:57 - [MESSAGE][INFO] - Checking object

2021-10-21 14:22:57 - [MESSAGE][INFO] - Finding web element from Test Object's properties

2021-10-21 14:22:57 - [MESSAGE][INFO] - Checking timeout

2021-10-21 14:22:57 - [MESSAGE][INFO] - Finding web element with id: 'Object Repository/Sayfalar/Giris_Sayfasi/PopupOK' located by 'By.cssSelector: .btn.btn-success' in '5' second(s)

2021-10-21 14:22:57 - [MESSAGE][INFO] - Smart Wait Function is triggered

2021-10-21 14:22:57 - [MESSAGE][INFO] - Found 1 web elements with id: 'Object Repository/Sayfalar/Giris_Sayfasi/PopupOK' located by 'By.cssSelector: .btn.btn-success' in '5' second(s)

2021-10-21 14:22:57 - [MESSAGE][PASSED] - Object 'Object Repository/Sayfalar/Giris_Sayfasi/PopupOK' is present

2021-10-21 14:22:57 - [TEST_STEP][PASSED] - click(findTestObject("Sayfalar/Giris_Sayfasi/PopupOK")): Object: 'Object Repository/Sayfalar/Giris_Sayfasi/PopupOK' is clicked on

2021-10-21 14:22:57 - [MESSAGE][INFO] - Finding Test Object 'Object Repository/Sayfalar/Giris_Sayfasi/PopupOK'

2021-10-21 14:22:57 - [MESSAGE][INFO] - Checking object

2021-10-21 14:22:57 - [MESSAGE][INFO] - Finding web element from Test Object's properties

2021-10-21 14:22:57 - [MESSAGE][INFO] - Checking timeout

2021-10-21 14:22:57 - [MESSAGE][INFO] - Finding web element with id: 'Object Repository/Sayfalar/Giris_Sayfasi/PopupOK' located by 'By.cssSelector: .btn.btn-success' in '30' second(s)

2021-10-21 14:22:57 - [MESSAGE][INFO] - Smart Wait Function is triggered

2021-10-21 14:22:58 - [MESSAGE][INFO] - Found 1 web elements with id: 'Object Repository/Sayfalar/Giris_Sayfasi/PopupOK' located by 'By.cssSelector: .btn.btn-success' in '30' second(s)

2021-10-21 14:22:58 - [MESSAGE][INFO] - Clicking on object: 'Object Repository/Sayfalar/Giris_Sayfasi/PopupOK'

2021-10-21 14:22:58 - [MESSAGE][PASSED] - Object: 'Object Repository/Sayfalar/Giris_Sayfasi/PopupOK' is clicked on

2021-10-21 14:22:58 - [TEST_STEP][PASSED] - verifyElementVisible(findTestObject("Object Repository/Kullanici_Islemleri/KullaniciIslemleri")): Object 'Object Repository/Kullanici_Islemleri/KullaniciIslemleri' is visible

2021-10-21 14:22:58 - [MESSAGE][INFO] - Finding Test Object 'Object Repository/Kullanici_Islemleri/KullaniciIslemleri'

2021-10-21 14:22:58 - [MESSAGE][INFO] - Checking object

2021-10-21 14:22:58 - [MESSAGE][INFO] - Finding web element from Test Object's properties

2021-10-21 14:22:58 - [MESSAGE][INFO] - Checking timeout

2021-10-21 14:22:58 - [MESSAGE][INFO] - Finding web element with id: 'Object Repository/Kullanici_Islemleri/KullaniciIslemleri' located by 'By.cssSelector: .dropdown>a>img' in '30' second(s)

2021-10-21 14:22:58 - [MESSAGE][INFO] - Smart Wait Function is triggered

2021-10-21 14:22:59 - [MESSAGE][INFO] - Found 1 web elements with id: 'Object Repository/Kullanici_Islemleri/KullaniciIslemleri' located by 'By.cssSelector: .dropdown>a>img' in '30' second(s)

2021-10-21 14:22:59 - [MESSAGE][PASSED] - Object 'Object Repository/Kullanici_Islemleri/KullaniciIslemleri' is visible

2021-10-21 14:22:59 - [MESSAGE][PASSED] - Call Test Case 'Test Cases/Sayfalar/AnaSayfa/AnaSayfayaDonulur' successfully

2021-10-21 14:22:59 - [MESSAGE][INFO] - Checking called Test Case

2021-10-21 14:22:59 - [MESSAGE][INFO] - Starting to call Test Case 'Test Cases/Menu/AnaMenuSecimi'

2021-10-21 14:22:59 - [TEST_CASE][PASSED] - Test Cases/Menu/AnaMenuSecimi: Test Cases/Menu/AnaMenuSecimi

2021-10-21 14:22:59 - [TEST_STEP][PASSED] - Method.TextDegerineEsitElementeTikla(findTestObject("Menu/Ana_Menu"), Ana_Menu): Method.TextDegerineEsitElementeTikla is PASSED

2021-10-21 14:22:59 - [MESSAGE][INFO] - Finding Test Object 'Object Repository/Menu/Ana_Menu'

2021-10-21 14:22:59 - [MESSAGE][INFO] - Checking timeout

2021-10-21 14:22:59 - [MESSAGE][INFO] - Finding web element with id: 'Object Repository/Menu/Ana_Menu' located by 'By.xpath: //*[@class = 'dropdown-toggle']' in '10' second(s)

2021-10-21 14:22:59 - [MESSAGE][INFO] - Smart Wait Function is triggered

2021-10-21 14:22:59 - [MESSAGE][INFO] - Found 14 web elements with id: 'Object Repository/Menu/Ana_Menu' located by 'By.xpath: //*[@class = 'dropdown-toggle']' in '10' second(s)

2021-10-21 14:22:59 - [MESSAGE][PASSED] - Method.TextDegerineEsitElementeTikla is PASSED

2021-10-21 14:22:59 - [MESSAGE][PASSED] - Call Test Case 'Test Cases/Menu/AnaMenuSecimi' successfully

2021-10-21 14:22:59 - [MESSAGE][INFO] - Checking called Test Case

2021-10-21 14:22:59 - [MESSAGE][INFO] - Starting to call Test Case 'Test Cases/Menu/BasligaGoreAltMenuSecimi'

2021-10-21 14:23:00 - [TEST_CASE][PASSED] - Test Cases/Menu/BasligaGoreAltMenuSecimi: Test Cases/Menu/BasligaGoreAltMenuSecimi

2021-10-21 14:23:00 - [TEST_STEP][PASSED] - Method.TextDegerineEsitElementinAltindakiTextDegerineEsitOlanaTikla(findTestObject("Menu/Menu_Basligi"), findTestObject("Menu/Basliga_Gore_Alt_Menu"), Baslik, Alt_Menu): Method.TextDegerineEsitElementinAltindakiTextDegerineEsitOlanaTikla is PASSED

2021-10-21 14:23:00 - [MESSAGE][INFO] - Finding Test Object 'Object Repository/Menu/Menu_Basligi'

2021-10-21 14:23:00 - [MESSAGE][INFO] - Finding Test Object 'Object Repository/Menu/Basliga_Gore_Alt_Menu'

2021-10-21 14:23:00 - [MESSAGE][INFO] - Checking timeout

2021-10-21 14:23:00 - [MESSAGE][INFO] - Finding web element with id: 'Object Repository/Menu/Menu_Basligi' located by 'By.xpath: //li[@class='dropdown dropdown-large open']//li[@class='dropdown-header']' in '10' second(s)

2021-10-21 14:23:00 - [MESSAGE][INFO] - Smart Wait Function is triggered

2021-10-21 14:23:00 - [MESSAGE][INFO] - Found 2 web elements with id: 'Object Repository/Menu/Menu_Basligi' located by 'By.xpath: //li[@class='dropdown dropdown-large open']//li[@class='dropdown-header']' in '10' second(s)

2021-10-21 14:23:00 - [MESSAGE][INFO] - Smart Wait Function is triggered

2021-10-21 14:23:01 - [MESSAGE][PASSED] - Method.TextDegerineEsitElementinAltindakiTextDegerineEsitOlanaTikla is PASSED

2021-10-21 14:23:01 - [MESSAGE][PASSED] - Call Test Case 'Test Cases/Menu/BasligaGoreAltMenuSecimi' successfully

2021-10-21 14:23:01 - [MESSAGE][INFO] - Checking called Test Case

2021-10-21 14:23:01 - [MESSAGE][INFO] - Starting to call Test Case 'Test Cases/Filtreler/BaslangicYaz'

2021-10-21 14:23:01 - [TEST_CASE][PASSED] - Test Cases/Filtreler/BaslangicYaz: Test Cases/Filtreler/BaslangicYaz

2021-10-21 14:23:01 - [TEST_STEP][PASSED] - Method.TextDegerineEsitElementinAltindakineTikla(findTestObject("Filtreler/Basliklar"), findTestObject("Filtreler/Basliga_Gore_Baslangic_Image"), Filtre_Adi): Method.TextDegerineEsitElementinAltindakineTikla is PASSED

2021-10-21 14:23:01 - [MESSAGE][INFO] - Finding Test Object 'Object Repository/Filtreler/Basliklar'

2021-10-21 14:23:02 - [MESSAGE][INFO] - Finding Test Object 'Object Repository/Filtreler/Basliga_Gore_Baslangic_Image'

2021-10-21 14:23:02 - [MESSAGE][INFO] - Checking timeout

2021-10-21 14:23:02 - [MESSAGE][INFO] - Finding web element with id: 'Object Repository/Filtreler/Basliklar' located by 'By.cssSelector: .control-label.col-sm-4.paddingMarginRLC' in '10' second(s)

2021-10-21 14:23:02 - [MESSAGE][INFO] - Smart Wait Function is triggered

2021-10-21 14:23:02 - [MESSAGE][INFO] - Found 13 web elements with id: 'Object Repository/Filtreler/Basliklar' located by 'By.cssSelector: .control-label.col-sm-4.paddingMarginRLC' in '10' second(s)

2021-10-21 14:23:02 - [MESSAGE][INFO] - Smart Wait Function is triggered

2021-10-21 14:23:02 - [MESSAGE][PASSED] - Method.TextDegerineEsitElementinAltindakineTikla is PASSED

2021-10-21 14:23:02 - [TEST_STEP][PASSED] - Method.TextDegerineEsitElementinAltindakiTextboxtaYaz(findTestObject("Filtreler/Basliklar"), findTestObject("Filtreler/Basliga_Gore_Baslangic"), Filtre_Adi, Filtre_Degeri): Method.TextDegerineEsitElementinAltindakiTextboxtaYaz is PASSED

2021-10-21 14:23:02 - [MESSAGE][INFO] - Finding Test Object 'Object Repository/Filtreler/Basliklar'

2021-10-21 14:23:02 - [MESSAGE][INFO] - Finding Test Object 'Object Repository/Filtreler/Basliga_Gore_Baslangic'

2021-10-21 14:23:03 - [MESSAGE][INFO] - Checking timeout

2021-10-21 14:23:03 - [MESSAGE][INFO] - Finding web element with id: 'Object Repository/Filtreler/Basliklar' located by 'By.cssSelector: .control-label.col-sm-4.paddingMarginRLC' in '10' second(s)

2021-10-21 14:23:03 - [MESSAGE][INFO] - Smart Wait Function is triggered

2021-10-21 14:23:03 - [MESSAGE][INFO] - Found 13 web elements with id: 'Object Repository/Filtreler/Basliklar' located by 'By.cssSelector: .control-label.col-sm-4.paddingMarginRLC' in '10' second(s)

2021-10-21 14:23:03 - [MESSAGE][INFO] - Smart Wait Function is triggered

2021-10-21 14:23:03 - [MESSAGE][PASSED] - Method.TextDegerineEsitElementinAltindakiTextboxtaYaz is PASSED

2021-10-21 14:23:03 - [MESSAGE][PASSED] - Call Test Case 'Test Cases/Filtreler/BaslangicYaz' successfully

2021-10-21 14:23:03 - [MESSAGE][INFO] - Checking called Test Case

2021-10-21 14:23:03 - [MESSAGE][INFO] - Starting to call Test Case 'Test Cases/Filtreler/BitisYaz'

2021-10-21 14:23:03 - [TEST_CASE][PASSED] - Test Cases/Filtreler/BitisYaz: Test Cases/Filtreler/BitisYaz

2021-10-21 14:23:03 - [TEST_STEP][PASSED] - Method.TextDegerineEsitElementinAltindakineTikla(findTestObject("Filtreler/Basliklar"), findTestObject("Filtreler/Basliga_Gore_Bitis_Image"), Filtre_Adi): Method.TextDegerineEsitElementinAltindakineTikla is PASSED

2021-10-21 14:23:03 - [MESSAGE][INFO] - Finding Test Object 'Object Repository/Filtreler/Basliklar'

2021-10-21 14:23:03 - [MESSAGE][INFO] - Finding Test Object 'Object Repository/Filtreler/Basliga_Gore_Bitis_Image'

2021-10-21 14:23:04 - [MESSAGE][INFO] - Checking timeout

2021-10-21 14:23:04 - [MESSAGE][INFO] - Finding web element with id: 'Object Repository/Filtreler/Basliklar' located by 'By.cssSelector: .control-label.col-sm-4.paddingMarginRLC' in '10' second(s)

2021-10-21 14:23:04 - [MESSAGE][INFO] - Smart Wait Function is triggered

2021-10-21 14:23:04 - [MESSAGE][INFO] - Found 13 web elements with id: 'Object Repository/Filtreler/Basliklar' located by 'By.cssSelector: .control-label.col-sm-4.paddingMarginRLC' in '10' second(s)

2021-10-21 14:23:04 - [MESSAGE][INFO] - Smart Wait Function is triggered

2021-10-21 14:23:04 - [MESSAGE][PASSED] - Method.TextDegerineEsitElementinAltindakineTikla is PASSED

2021-10-21 14:23:04 - [TEST_STEP][PASSED] - Method.TextDegerineEsitElementinAltindakiTextboxtaYaz(findTestObject("Filtreler/Basliklar"), findTestObject("Object Repository/Filtreler/Basliga_Gore_Bitis"), Filtre_Adi, Filtre_Degeri): Method.TextDegerineEsitElementinAltindakiTextboxtaYaz is PASSED

2021-10-21 14:23:04 - [MESSAGE][INFO] - Finding Test Object 'Object Repository/Filtreler/Basliklar'

2021-10-21 14:23:04 - [MESSAGE][INFO] - Finding Test Object 'Object Repository/Filtreler/Basliga_Gore_Bitis'

2021-10-21 14:23:04 - [MESSAGE][INFO] - Checking timeout

2021-10-21 14:23:04 - [MESSAGE][INFO] - Finding web element with id: 'Object Repository/Filtreler/Basliklar' located by 'By.cssSelector: .control-label.col-sm-4.paddingMarginRLC' in '10' second(s)

2021-10-21 14:23:04 - [MESSAGE][INFO] - Smart Wait Function is triggered

2021-10-21 14:23:05 - [MESSAGE][INFO] - Found 13 web elements with id: 'Object Repository/Filtreler/Basliklar' located by 'By.cssSelector: .control-label.col-sm-4.paddingMarginRLC' in '10' second(s)

2021-10-21 14:23:05 - [MESSAGE][INFO] - Smart Wait Function is triggered

2021-10-21 14:23:05 - [MESSAGE][PASSED] - Method.TextDegerineEsitElementinAltindakiTextboxtaYaz is PASSED

2021-10-21 14:23:05 - [MESSAGE][PASSED] - Call Test Case 'Test Cases/Filtreler/BitisYaz' successfully

2021-10-21 14:23:05 - [MESSAGE][INFO] - Checking called Test Case

2021-10-21 14:23:05 - [MESSAGE][INFO] - Starting to call Test Case 'Test Cases/Filtreler/TexboxaYaz'

2021-10-21 14:23:05 - [TEST_CASE][PASSED] - Test Cases/Filtreler/TexboxaYaz: Test Cases/Filtreler/TexboxaYaz

2021-10-21 14:23:06 - [TEST_STEP][PASSED] - Method.TextDegerineEsitElementinAltindakiTextboxtaYaz(findTestObject("Filtreler/Basliklar"), findTestObject("Filtreler/Basliga_Gore_Textbox"), Filtre_Adi, Filtre_Degeri): Method.TextDegerineEsitElementinAltindakiTextboxtaYaz is PASSED

2021-10-21 14:23:06 - [MESSAGE][INFO] - Finding Test Object 'Object Repository/Filtreler/Basliklar'

2021-10-21 14:23:06 - [MESSAGE][INFO] - Finding Test Object 'Object Repository/Filtreler/Basliga_Gore_Textbox'

2021-10-21 14:23:06 - [MESSAGE][INFO] - Checking timeout

2021-10-21 14:23:06 - [MESSAGE][INFO] - Finding web element with id: 'Object Repository/Filtreler/Basliklar' located by 'By.cssSelector: .control-label.col-sm-4.paddingMarginRLC' in '10' second(s)

2021-10-21 14:23:06 - [MESSAGE][INFO] - Smart Wait Function is triggered

2021-10-21 14:23:07 - [MESSAGE][INFO] - Found 13 web elements with id: 'Object Repository/Filtreler/Basliklar' located by 'By.cssSelector: .control-label.col-sm-4.paddingMarginRLC' in '10' second(s)

2021-10-21 14:23:07 - [MESSAGE][INFO] - Smart Wait Function is triggered

2021-10-21 14:23:07 - [MESSAGE][PASSED] - Method.TextDegerineEsitElementinAltindakiTextboxtaYaz is PASSED

2021-10-21 14:23:07 - [MESSAGE][PASSED] - Call Test Case 'Test Cases/Filtreler/TexboxaYaz' successfully

2021-10-21 14:23:07 - [MESSAGE][INFO] - Checking called Test Case

2021-10-21 14:23:07 - [MESSAGE][INFO] - Starting to call Test Case 'Test Cases/Filtreler/ButonaTikla'

2021-10-21 14:23:07 - [TEST_CASE][PASSED] - Test Cases/Filtreler/ButonaTikla: Test Cases/Filtreler/ButonaTikla

2021-10-21 14:23:07 - [TEST_STEP][PASSED] - Method.TextDegerineEsitElementeTikla(findTestObject("Filtreler/Butonlar"), Filtre_Buton): Method.TextDegerineEsitElementeTikla is PASSED

2021-10-21 14:23:07 - [MESSAGE][INFO] - Finding Test Object 'Object Repository/Filtreler/Butonlar'

2021-10-21 14:23:07 - [MESSAGE][INFO] - Checking timeout

2021-10-21 14:23:07 - [MESSAGE][INFO] - Finding web element with id: 'Object Repository/Filtreler/Butonlar' located by 'By.cssSelector: .dxb>span' in '10' second(s)

2021-10-21 14:23:07 - [MESSAGE][INFO] - Smart Wait Function is triggered

2021-10-21 14:23:07 - [MESSAGE][INFO] - Found 3 web elements with id: 'Object Repository/Filtreler/Butonlar' located by 'By.cssSelector: .dxb>span' in '10' second(s)

2021-10-21 14:23:08 - [MESSAGE][PASSED] - Method.TextDegerineEsitElementeTikla is PASSED

2021-10-21 14:23:08 - [MESSAGE][PASSED] - Call Test Case 'Test Cases/Filtreler/ButonaTikla' successfully

2021-10-21 14:23:08 - [MESSAGE][INFO] - Checking called Test Case

2021-10-21 14:23:08 - [MESSAGE][INFO] - Starting to call Test Case 'Test Cases/Filtreler/ListelenenOgeSayisi'

2021-10-21 14:23:08 - [TEST_CASE][PASSED] - Test Cases/Filtreler/ListelenenOgeSayisi: Test Cases/Filtreler/ListelenenOgeSayisi

2021-10-21 14:23:08 - [TEST_STEP][PASSED] - waitForElementPresent(findTestObject("Filtreler/OgeSayisi"), 10): Object 'Object Repository/Filtreler/OgeSayisi' is present

2021-10-21 14:23:08 - [MESSAGE][INFO] - Finding Test Object 'Object Repository/Filtreler/OgeSayisi'

2021-10-21 14:23:08 - [MESSAGE][INFO] - Checking object

2021-10-21 14:23:08 - [MESSAGE][INFO] - Finding web element from Test Object's properties

2021-10-21 14:23:08 - [MESSAGE][INFO] - Checking timeout

2021-10-21 14:23:08 - [MESSAGE][INFO] - Finding web element with id: 'Object Repository/Filtreler/OgeSayisi' located by 'By.cssSelector: .dxp-lead.dxp-summary' in '10' second(s)

2021-10-21 14:23:08 - [MESSAGE][INFO] - Smart Wait Function is triggered

2021-10-21 14:23:08 - [MESSAGE][INFO] - Found 1 web elements with id: 'Object Repository/Filtreler/OgeSayisi' located by 'By.cssSelector: .dxp-lead.dxp-summary' in '10' second(s)

2021-10-21 14:23:08 - [MESSAGE][PASSED] - Object 'Object Repository/Filtreler/OgeSayisi' is present

2021-10-21 14:23:08 - [TEST_STEP][PASSED] - verifyElementText(findTestObject("Filtreler/OgeSayisi"), OgeSayisi): Actual text and expected text of test object 'Object Repository/Filtreler/OgeSayisi' are matched.

2021-10-21 14:23:08 - [MESSAGE][INFO] - Finding Test Object 'Object Repository/Filtreler/OgeSayisi'

2021-10-21 14:23:08 - [MESSAGE][INFO] - Checking object

2021-10-21 14:23:08 - [MESSAGE][INFO] - Finding web element from Test Object's properties

2021-10-21 14:23:08 - [MESSAGE][INFO] - Checking timeout

2021-10-21 14:23:08 - [MESSAGE][INFO] - Finding web element with id: 'Object Repository/Filtreler/OgeSayisi' located by 'By.cssSelector: .dxp-lead.dxp-summary' in '30' second(s)

2021-10-21 14:23:08 - [MESSAGE][INFO] - Smart Wait Function is triggered

2021-10-21 14:23:09 - [MESSAGE][INFO] - Found 1 web elements with id: 'Object Repository/Filtreler/OgeSayisi' located by 'By.cssSelector: .dxp-lead.dxp-summary' in '30' second(s)

2021-10-21 14:23:09 - [MESSAGE][PASSED] - Actual text and expected text of test object 'Object Repository/Filtreler/OgeSayisi' are matched.

2021-10-21 14:23:09 - [MESSAGE][PASSED] - Call Test Case 'Test Cases/Filtreler/ListelenenOgeSayisi' successfully

2021-10-21 14:23:09 - [MESSAGE][INFO] - Checking called Test Case

2021-10-21 14:23:09 - [MESSAGE][INFO] - Starting to call Test Case 'Test Cases/Filtreler/FiltreVarMi'

2021-10-21 14:23:09 - [TEST_CASE][PASSED] - Test Cases/Filtreler/FiltreVarMi: Test Cases/Filtreler/FiltreVarMi

2021-10-21 14:23:09 - [TEST_STEP][PASSED] - Method.TextDegerineEsitElementVarMi(findTestObject("Filtreler/Basliklar"), Filtre_alan): Method.TextDegerineEsitElementVarMi is PASSED

2021-10-21 14:23:09 - [MESSAGE][INFO] - Finding Test Object 'Object Repository/Filtreler/Basliklar'

2021-10-21 14:23:09 - [MESSAGE][INFO] - Checking timeout

2021-10-21 14:23:09 - [MESSAGE][INFO] - Finding web element with id: 'Object Repository/Filtreler/Basliklar' located by 'By.cssSelector: .control-label.col-sm-4.paddingMarginRLC' in '10' second(s)

2021-10-21 14:23:09 - [MESSAGE][INFO] - Smart Wait Function is triggered

2021-10-21 14:23:09 - [MESSAGE][INFO] - Found 13 web elements with id: 'Object Repository/Filtreler/Basliklar' located by 'By.cssSelector: .control-label.col-sm-4.paddingMarginRLC' in '10' second(s)

2021-10-21 14:23:09 - [MESSAGE][PASSED] - Method.TextDegerineEsitElementVarMi is PASSED

2021-10-21 14:23:09 - [MESSAGE][PASSED] - Call Test Case 'Test Cases/Filtreler/FiltreVarMi' successfully

2021-10-21 14:23:09 - [MESSAGE][INFO] - Checking called Test Case

2021-10-21 14:23:09 - [MESSAGE][INFO] - Starting to call Test Case 'Test Cases/Filtreler/FiltreVarMi'

2021-10-21 14:23:09 - [TEST_CASE][PASSED] - Test Cases/Filtreler/FiltreVarMi: Test Cases/Filtreler/FiltreVarMi

2021-10-21 14:23:09 - [TEST_STEP][PASSED] - Method.TextDegerineEsitElementVarMi(findTestObject("Filtreler/Basliklar"), Filtre_alan): Method.TextDegerineEsitElementVarMi is PASSED

2021-10-21 14:23:09 - [MESSAGE][INFO] - Finding Test Object 'Object Repository/Filtreler/Basliklar'

2021-10-21 14:23:09 - [MESSAGE][INFO] - Checking timeout

2021-10-21 14:23:09 - [MESSAGE][INFO] - Finding web element with id: 'Object Repository/Filtreler/Basliklar' located by 'By.cssSelector: .control-label.col-sm-4.paddingMarginRLC' in '10' second(s)

2021-10-21 14:23:09 - [MESSAGE][INFO] - Smart Wait Function is triggered

2021-10-21 14:23:10 - [MESSAGE][INFO] - Found 13 web elements with id: 'Object Repository/Filtreler/Basliklar' located by 'By.cssSelector: .control-label.col-sm-4.paddingMarginRLC' in '10' second(s)

2021-10-21 14:23:10 - [MESSAGE][PASSED] - Method.TextDegerineEsitElementVarMi is PASSED

2021-10-21 14:23:10 - [MESSAGE][PASSED] - Call Test Case 'Test Cases/Filtreler/FiltreVarMi' successfully

2021-10-21 14:23:10 - [MESSAGE][INFO] - Checking called Test Case

2021-10-21 14:23:10 - [MESSAGE][INFO] - Starting to call Test Case 'Test Cases/Filtreler/FiltreVarMi'

2021-10-21 14:23:10 - [TEST_CASE][PASSED] - Test Cases/Filtreler/FiltreVarMi: Test Cases/Filtreler/FiltreVarMi

2021-10-21 14:23:10 - [TEST_STEP][PASSED] - Method.TextDegerineEsitElementVarMi(findTestObject("Filtreler/Basliklar"), Filtre_alan): Method.TextDegerineEsitElementVarMi is PASSED

2021-10-21 14:23:10 - [MESSAGE][INFO] - Finding Test Object 'Object Repository/Filtreler/Basliklar'

2021-10-21 14:23:10 - [MESSAGE][INFO] - Checking timeout

2021-10-21 14:23:10 - [MESSAGE][INFO] - Finding web element with id: 'Object Repository/Filtreler/Basliklar' located by 'By.cssSelector: .control-label.col-sm-4.paddingMarginRLC' in '10' second(s)

2021-10-21 14:23:10 - [MESSAGE][INFO] - Smart Wait Function is triggered

2021-10-21 14:23:10 - [MESSAGE][INFO] - Found 13 web elements with id: 'Object Repository/Filtreler/Basliklar' located by 'By.cssSelector: .control-label.col-sm-4.paddingMarginRLC' in '10' second(s)

2021-10-21 14:23:10 - [MESSAGE][PASSED] - Method.TextDegerineEsitElementVarMi is PASSED

2021-10-21 14:23:10 - [MESSAGE][PASSED] - Call Test Case 'Test Cases/Filtreler/FiltreVarMi' successfully

2021-10-21 14:23:10 - [MESSAGE][INFO] - Checking called Test Case

2021-10-21 14:23:10 - [MESSAGE][INFO] - Starting to call Test Case 'Test Cases/Filtreler/FiltreVarMi'

2021-10-21 14:23:10 - [TEST_CASE][PASSED] - Test Cases/Filtreler/FiltreVarMi: Test Cases/Filtreler/FiltreVarMi

2021-10-21 14:23:10 - [TEST_STEP][PASSED] - Method.TextDegerineEsitElementVarMi(findTestObject("Filtreler/Basliklar"), Filtre_alan): Method.TextDegerineEsitElementVarMi is PASSED

2021-10-21 14:23:10 - [MESSAGE][INFO] - Finding Test Object 'Object Repository/Filtreler/Basliklar'

2021-10-21 14:23:11 - [MESSAGE][INFO] - Checking timeout

2021-10-21 14:23:11 - [MESSAGE][INFO] - Finding web element with id: 'Object Repository/Filtreler/Basliklar' located by 'By.cssSelector: .control-label.col-sm-4.paddingMarginRLC' in '10' second(s)

2021-10-21 14:23:11 - [MESSAGE][INFO] - Smart Wait Function is triggered

2021-10-21 14:23:11 - [MESSAGE][INFO] - Found 13 web elements with id: 'Object Repository/Filtreler/Basliklar' located by 'By.cssSelector: .control-label.col-sm-4.paddingMarginRLC' in '10' second(s)

2021-10-21 14:23:11 - [MESSAGE][PASSED] - Method.TextDegerineEsitElementVarMi is PASSED

2021-10-21 14:23:11 - [MESSAGE][PASSED] - Call Test Case 'Test Cases/Filtreler/FiltreVarMi' successfully

2021-10-21 14:23:11 - [MESSAGE][INFO] - Checking called Test Case

2021-10-21 14:23:11 - [MESSAGE][INFO] - Starting to call Test Case 'Test Cases/Filtreler/FiltreVarMi'

2021-10-21 14:23:11 - [TEST_CASE][PASSED] - Test Cases/Filtreler/FiltreVarMi: Test Cases/Filtreler/FiltreVarMi

2021-10-21 14:23:11 - [TEST_STEP][PASSED] - Method.TextDegerineEsitElementVarMi(findTestObject("Filtreler/Basliklar"), Filtre_alan): Method.TextDegerineEsitElementVarMi is PASSED

2021-10-21 14:23:11 - [MESSAGE][INFO] - Finding Test Object 'Object Repository/Filtreler/Basliklar'

2021-10-21 14:23:11 - [MESSAGE][INFO] - Checking timeout

2021-10-21 14:23:11 - [MESSAGE][INFO] - Finding web element with id: 'Object Repository/Filtreler/Basliklar' located by 'By.cssSelector: .control-label.col-sm-4.paddingMarginRLC' in '10' second(s)

2021-10-21 14:23:11 - [MESSAGE][INFO] - Smart Wait Function is triggered

2021-10-21 14:23:11 - [MESSAGE][INFO] - Found 13 web elements with id: 'Object Repository/Filtreler/Basliklar' located by 'By.cssSelector: .control-label.col-sm-4.paddingMarginRLC' in '10' second(s)

2021-10-21 14:23:12 - [MESSAGE][PASSED] - Method.TextDegerineEsitElementVarMi is PASSED

2021-10-21 14:23:12 - [MESSAGE][PASSED] - Call Test Case 'Test Cases/Filtreler/FiltreVarMi' successfully

2021-10-21 14:23:12 - [MESSAGE][INFO] - Checking called Test Case

2021-10-21 14:23:12 - [MESSAGE][INFO] - Starting to call Test Case 'Test Cases/Filtreler/FiltreVarMi'

2021-10-21 14:23:12 - [TEST_CASE][PASSED] - Test Cases/Filtreler/FiltreVarMi: Test Cases/Filtreler/FiltreVarMi

2021-10-21 14:23:12 - [TEST_STEP][PASSED] - Method.TextDegerineEsitElementVarMi(findTestObject("Filtreler/Basliklar"), Filtre_alan): Method.TextDegerineEsitElementVarMi is PASSED

2021-10-21 14:23:12 - [MESSAGE][INFO] - Finding Test Object 'Object Repository/Filtreler/Basliklar'

2021-10-21 14:23:12 - [MESSAGE][INFO] - Checking timeout

2021-10-21 14:23:12 - [MESSAGE][INFO] - Finding web element with id: 'Object Repository/Filtreler/Basliklar' located by 'By.cssSelector: .control-label.col-sm-4.paddingMarginRLC' in '10' second(s)

2021-10-21 14:23:12 - [MESSAGE][INFO] - Smart Wait Function is triggered

2021-10-21 14:23:12 - [MESSAGE][INFO] - Found 13 web elements with id: 'Object Repository/Filtreler/Basliklar' located by 'By.cssSelector: .control-label.col-sm-4.paddingMarginRLC' in '10' second(s)

2021-10-21 14:23:12 - [MESSAGE][PASSED] - Method.TextDegerineEsitElementVarMi is PASSED

2021-10-21 14:23:12 - [MESSAGE][PASSED] - Call Test Case 'Test Cases/Filtreler/FiltreVarMi' successfully

2021-10-21 14:23:12 - [MESSAGE][INFO] - Checking called Test Case

2021-10-21 14:23:12 - [MESSAGE][INFO] - Starting to call Test Case 'Test Cases/Filtreler/FiltreVarMi'

2021-10-21 14:23:12 - [TEST_CASE][PASSED] - Test Cases/Filtreler/FiltreVarMi: Test Cases/Filtreler/FiltreVarMi

2021-10-21 14:23:12 - [TEST_STEP][PASSED] - Method.TextDegerineEsitElementVarMi(findTestObject("Filtreler/Basliklar"), Filtre_alan): Method.TextDegerineEsitElementVarMi is PASSED

2021-10-21 14:23:12 - [MESSAGE][INFO] - Finding Test Object 'Object Repository/Filtreler/Basliklar'

2021-10-21 14:23:12 - [MESSAGE][INFO] - Checking timeout

2021-10-21 14:23:12 - [MESSAGE][INFO] - Finding web element with id: 'Object Repository/Filtreler/Basliklar' located by 'By.cssSelector: .control-label.col-sm-4.paddingMarginRLC' in '10' second(s)

2021-10-21 14:23:12 - [MESSAGE][INFO] - Smart Wait Function is triggered

2021-10-21 14:23:12 - [MESSAGE][INFO] - Found 13 web elements with id: 'Object Repository/Filtreler/Basliklar' located by 'By.cssSelector: .control-label.col-sm-4.paddingMarginRLC' in '10' second(s)

2021-10-21 14:23:12 - [MESSAGE][PASSED] - Method.TextDegerineEsitElementVarMi is PASSED

2021-10-21 14:23:12 - [MESSAGE][PASSED] - Call Test Case 'Test Cases/Filtreler/FiltreVarMi' successfully

2021-10-21 14:23:12 - [MESSAGE][INFO] - Checking called Test Case

2021-10-21 14:23:12 - [MESSAGE][INFO] - Starting to call Test Case 'Test Cases/Filtreler/FiltreVarMi'

2021-10-21 14:23:13 - [TEST_CASE][PASSED] - Test Cases/Filtreler/FiltreVarMi: Test Cases/Filtreler/FiltreVarMi

2021-10-21 14:23:13 - [TEST_STEP][PASSED] - Method.TextDegerineEsitElementVarMi(findTestObject("Filtreler/Basliklar"), Filtre_alan): Method.TextDegerineEsitElementVarMi is PASSED

2021-10-21 14:23:13 - [MESSAGE][INFO] - Finding Test Object 'Object Repository/Filtreler/Basliklar'

2021-10-21 14:23:13 - [MESSAGE][INFO] - Checking timeout

2021-10-21 14:23:13 - [MESSAGE][INFO] - Finding web element with id: 'Object Repository/Filtreler/Basliklar' located by 'By.cssSelector: .control-label.col-sm-4.paddingMarginRLC' in '10' second(s)

2021-10-21 14:23:13 - [MESSAGE][INFO] - Smart Wait Function is triggered

2021-10-21 14:23:13 - [MESSAGE][INFO] - Found 13 web elements with id: 'Object Repository/Filtreler/Basliklar' located by 'By.cssSelector: .control-label.col-sm-4.paddingMarginRLC' in '10' second(s)

2021-10-21 14:23:13 - [MESSAGE][PASSED] - Method.TextDegerineEsitElementVarMi is PASSED

2021-10-21 14:23:13 - [MESSAGE][PASSED] - Call Test Case 'Test Cases/Filtreler/FiltreVarMi' successfully

2021-10-21 14:23:13 - [MESSAGE][INFO] - Checking called Test Case

2021-10-21 14:23:13 - [MESSAGE][INFO] - Starting to call Test Case 'Test Cases/Filtreler/FiltreVarMi'

2021-10-21 14:23:13 - [TEST_CASE][PASSED] - Test Cases/Filtreler/FiltreVarMi: Test Cases/Filtreler/FiltreVarMi

2021-10-21 14:23:13 - [TEST_STEP][PASSED] - Method.TextDegerineEsitElementVarMi(findTestObject("Filtreler/Basliklar"), Filtre_alan): Method.TextDegerineEsitElementVarMi is PASSED

2021-10-21 14:23:13 - [MESSAGE][INFO] - Finding Test Object 'Object Repository/Filtreler/Basliklar'

2021-10-21 14:23:13 - [MESSAGE][INFO] - Checking timeout

2021-10-21 14:23:13 - [MESSAGE][INFO] - Finding web element with id: 'Object Repository/Filtreler/Basliklar' located by 'By.cssSelector: .control-label.col-sm-4.paddingMarginRLC' in '10' second(s)

2021-10-21 14:23:13 - [MESSAGE][INFO] - Smart Wait Function is triggered

2021-10-21 14:23:14 - [MESSAGE][INFO] - Found 13 web elements with id: 'Object Repository/Filtreler/Basliklar' located by 'By.cssSelector: .control-label.col-sm-4.paddingMarginRLC' in '10' second(s)

2021-10-21 14:23:14 - [MESSAGE][PASSED] - Method.TextDegerineEsitElementVarMi is PASSED

2021-10-21 14:23:14 - [MESSAGE][PASSED] - Call Test Case 'Test Cases/Filtreler/FiltreVarMi' successfully

2021-10-21 14:23:14 - [MESSAGE][INFO] - Checking called Test Case

2021-10-21 14:23:14 - [MESSAGE][INFO] - Starting to call Test Case 'Test Cases/Filtreler/FiltreVarMi'

2021-10-21 14:23:14 - [TEST_CASE][PASSED] - Test Cases/Filtreler/FiltreVarMi: Test Cases/Filtreler/FiltreVarMi

2021-10-21 14:23:14 - [TEST_STEP][PASSED] - Method.TextDegerineEsitElementVarMi(findTestObject("Filtreler/Basliklar"), Filtre_alan): Method.TextDegerineEsitElementVarMi is PASSED

2021-10-21 14:23:14 - [MESSAGE][INFO] - Finding Test Object 'Object Repository/Filtreler/Basliklar'

2021-10-21 14:23:14 - [MESSAGE][INFO] - Checking timeout

2021-10-21 14:23:14 - [MESSAGE][INFO] - Finding web element with id: 'Object Repository/Filtreler/Basliklar' located by 'By.cssSelector: .control-label.col-sm-4.paddingMarginRLC' in '10' second(s)

2021-10-21 14:23:14 - [MESSAGE][INFO] - Smart Wait Function is triggered

2021-10-21 14:23:14 - [MESSAGE][INFO] - Found 13 web elements with id: 'Object Repository/Filtreler/Basliklar' located by 'By.cssSelector: .control-label.col-sm-4.paddingMarginRLC' in '10' second(s)

2021-10-21 14:23:14 - [MESSAGE][PASSED] - Method.TextDegerineEsitElementVarMi is PASSED

2021-10-21 14:23:14 - [MESSAGE][PASSED] - Call Test Case 'Test Cases/Filtreler/FiltreVarMi' successfully

2021-10-21 14:23:14 - [MESSAGE][INFO] - Checking called Test Case

2021-10-21 14:23:14 - [MESSAGE][INFO] - Starting to call Test Case 'Test Cases/Filtreler/FiltreVarMi'

2021-10-21 14:23:14 - [TEST_CASE][PASSED] - Test Cases/Filtreler/FiltreVarMi: Test Cases/Filtreler/FiltreVarMi

2021-10-21 14:23:14 - [TEST_STEP][PASSED] - Method.TextDegerineEsitElementVarMi(findTestObject("Filtreler/Basliklar"), Filtre_alan): Method.TextDegerineEsitElementVarMi is PASSED

2021-10-21 14:23:14 - [MESSAGE][INFO] - Finding Test Object 'Object Repository/Filtreler/Basliklar'

2021-10-21 14:23:14 - [MESSAGE][INFO] - Checking timeout

2021-10-21 14:23:14 - [MESSAGE][INFO] - Finding web element with id: 'Object Repository/Filtreler/Basliklar' located by 'By.cssSelector: .control-label.col-sm-4.paddingMarginRLC' in '10' second(s)

2021-10-21 14:23:14 - [MESSAGE][INFO] - Smart Wait Function is triggered

2021-10-21 14:23:15 - [MESSAGE][INFO] - Found 13 web elements with id: 'Object Repository/Filtreler/Basliklar' located by 'By.cssSelector: .control-label.col-sm-4.paddingMarginRLC' in '10' second(s)

2021-10-21 14:23:15 - [MESSAGE][PASSED] - Method.TextDegerineEsitElementVarMi is PASSED

2021-10-21 14:23:15 - [MESSAGE][PASSED] - Call Test Case 'Test Cases/Filtreler/FiltreVarMi' successfully

2021-10-21 14:23:15 - [MESSAGE][INFO] - Checking called Test Case

2021-10-21 14:23:15 - [MESSAGE][INFO] - Starting to call Test Case 'Test Cases/Filtreler/FiltreVarMi'

2021-10-21 14:23:15 - [TEST_CASE][PASSED] - Test Cases/Filtreler/FiltreVarMi: Test Cases/Filtreler/FiltreVarMi

2021-10-21 14:23:15 - [TEST_STEP][PASSED] - Method.TextDegerineEsitElementVarMi(findTestObject("Filtreler/Basliklar"), Filtre_alan): Method.TextDegerineEsitElementVarMi is PASSED

2021-10-21 14:23:15 - [MESSAGE][INFO] - Finding Test Object 'Object Repository/Filtreler/Basliklar'

2021-10-21 14:23:15 - [MESSAGE][INFO] - Checking timeout

2021-10-21 14:23:15 - [MESSAGE][INFO] - Finding web element with id: 'Object Repository/Filtreler/Basliklar' located by 'By.cssSelector: .control-label.col-sm-4.paddingMarginRLC' in '10' second(s)

2021-10-21 14:23:15 - [MESSAGE][INFO] - Smart Wait Function is triggered

2021-10-21 14:23:15 - [MESSAGE][INFO] - Found 13 web elements with id: 'Object Repository/Filtreler/Basliklar' located by 'By.cssSelector: .control-label.col-sm-4.paddingMarginRLC' in '10' second(s)

2021-10-21 14:23:15 - [MESSAGE][PASSED] - Method.TextDegerineEsitElementVarMi is PASSED

2021-10-21 14:23:15 - [MESSAGE][PASSED] - Call Test Case 'Test Cases/Filtreler/FiltreVarMi' successfully

2021-10-21 14:23:15 - [MESSAGE][INFO] - Checking called Test Case

2021-10-21 14:23:15 - [MESSAGE][INFO] - Starting to call Test Case 'Test Cases/Filtreler/FiltreVarMi'

2021-10-21 14:23:15 - [TEST_CASE][PASSED] - Test Cases/Filtreler/FiltreVarMi: Test Cases/Filtreler/FiltreVarMi

2021-10-21 14:23:15 - [TEST_STEP][PASSED] - Method.TextDegerineEsitElementVarMi(findTestObject("Filtreler/Basliklar"), Filtre_alan): Method.TextDegerineEsitElementVarMi is PASSED

2021-10-21 14:23:15 - [MESSAGE][INFO] - Finding Test Object 'Object Repository/Filtreler/Basliklar'

2021-10-21 14:23:16 - [MESSAGE][INFO] - Checking timeout

2021-10-21 14:23:16 - [MESSAGE][INFO] - Finding web element with id: 'Object Repository/Filtreler/Basliklar' located by 'By.cssSelector: .control-label.col-sm-4.paddingMarginRLC' in '10' second(s)

2021-10-21 14:23:16 - [MESSAGE][INFO] - Smart Wait Function is triggered

2021-10-21 14:23:16 - [MESSAGE][INFO] - Found 13 web elements with id: 'Object Repository/Filtreler/Basliklar' located by 'By.cssSelector: .control-label.col-sm-4.paddingMarginRLC' in '10' second(s)

2021-10-21 14:23:16 - [MESSAGE][PASSED] - Method.TextDegerineEsitElementVarMi is PASSED

2021-10-21 14:23:16 - [MESSAGE][PASSED] - Call Test Case 'Test Cases/Filtreler/FiltreVarMi' successfully

2021-10-21 14:23:16 - [MESSAGE][INFO] - Checking called Test Case

2021-10-21 14:23:16 - [MESSAGE][INFO] - Starting to call Test Case 'Test Cases/Filtreler/ButonVarMi'

2021-10-21 14:23:16 - [TEST_CASE][PASSED] - Test Cases/Filtreler/ButonVarMi: Test Cases/Filtreler/ButonVarMi

2021-10-21 14:23:16 - [TEST_STEP][PASSED] - Method.TextDegerineEsitElementVarMi(findTestObject("Filtreler/Butonlar"), Filtre_Buton): Method.TextDegerineEsitElementVarMi is PASSED

2021-10-21 14:23:16 - [MESSAGE][INFO] - Finding Test Object 'Object Repository/Filtreler/Butonlar'

2021-10-21 14:23:16 - [MESSAGE][INFO] - Checking timeout

2021-10-21 14:23:16 - [MESSAGE][INFO] - Finding web element with id: 'Object Repository/Filtreler/Butonlar' located by 'By.cssSelector: .dxb>span' in '10' second(s)

2021-10-21 14:23:16 - [MESSAGE][INFO] - Smart Wait Function is triggered

2021-10-21 14:23:16 - [MESSAGE][INFO] - Found 3 web elements with id: 'Object Repository/Filtreler/Butonlar' located by 'By.cssSelector: .dxb>span' in '10' second(s)

2021-10-21 14:23:16 - [MESSAGE][PASSED] - Method.TextDegerineEsitElementVarMi is PASSED

2021-10-21 14:23:16 - [MESSAGE][PASSED] - Call Test Case 'Test Cases/Filtreler/ButonVarMi' successfully

2021-10-21 14:23:16 - [MESSAGE][INFO] - Checking called Test Case

2021-10-21 14:23:16 - [MESSAGE][INFO] - Starting to call Test Case 'Test Cases/Filtreler/ButonVarMi'

2021-10-21 14:23:16 - [TEST_CASE][PASSED] - Test Cases/Filtreler/ButonVarMi: Test Cases/Filtreler/ButonVarMi

2021-10-21 14:23:16 - [TEST_STEP][PASSED] - Method.TextDegerineEsitElementVarMi(findTestObject("Filtreler/Butonlar"), Filtre_Buton): Method.TextDegerineEsitElementVarMi is PASSED

2021-10-21 14:23:16 - [MESSAGE][INFO] - Finding Test Object 'Object Repository/Filtreler/Butonlar'

2021-10-21 14:23:17 - [MESSAGE][INFO] - Checking timeout

2021-10-21 14:23:17 - [MESSAGE][INFO] - Finding web element with id: 'Object Repository/Filtreler/Butonlar' located by 'By.cssSelector: .dxb>span' in '10' second(s)

2021-10-21 14:23:17 - [MESSAGE][INFO] - Smart Wait Function is triggered

2021-10-21 14:23:17 - [MESSAGE][INFO] - Found 3 web elements with id: 'Object Repository/Filtreler/Butonlar' located by 'By.cssSelector: .dxb>span' in '10' second(s)

2021-10-21 14:23:17 - [MESSAGE][PASSED] - Method.TextDegerineEsitElementVarMi is PASSED

2021-10-21 14:23:17 - [MESSAGE][PASSED] - Call Test Case 'Test Cases/Filtreler/ButonVarMi' successfully

2021-10-21 14:23:17 - [MESSAGE][INFO] - Checking called Test Case

2021-10-21 14:23:17 - [MESSAGE][INFO] - Starting to call Test Case 'Test Cases/Filtreler/ButonVarMi'

2021-10-21 14:23:17 - [TEST_CASE][PASSED] - Test Cases/Filtreler/ButonVarMi: Test Cases/Filtreler/ButonVarMi

2021-10-21 14:23:17 - [TEST_STEP][PASSED] - Method.TextDegerineEsitElementVarMi(findTestObject("Filtreler/Butonlar"), Filtre_Buton): Method.TextDegerineEsitElementVarMi is PASSED

2021-10-21 14:23:17 - [MESSAGE][INFO] - Finding Test Object 'Object Repository/Filtreler/Butonlar'

2021-10-21 14:23:17 - [MESSAGE][INFO] - Checking timeout

2021-10-21 14:23:17 - [MESSAGE][INFO] - Finding web element with id: 'Object Repository/Filtreler/Butonlar' located by 'By.cssSelector: .dxb>span' in '10' second(s)

2021-10-21 14:23:17 - [MESSAGE][INFO] - Smart Wait Function is triggered

2021-10-21 14:23:17 - [MESSAGE][INFO] - Found 3 web elements with id: 'Object Repository/Filtreler/Butonlar' located by 'By.cssSelector: .dxb>span' in '10' second(s)

2021-10-21 14:23:17 - [MESSAGE][PASSED] - Method.TextDegerineEsitElementVarMi is PASSED

2021-10-21 14:23:17 - [MESSAGE][PASSED] - Call Test Case 'Test Cases/Filtreler/ButonVarMi' successfully

2021-10-21 14:23:17 - [MESSAGE][INFO] - Checking called Test Case

2021-10-21 14:23:17 - [MESSAGE][INFO] - Starting to call Test Case 'Test Cases/Butonlar/ButonVarMi'

2021-10-21 14:23:17 - [TEST_CASE][PASSED] - Test Cases/Butonlar/ButonVarMi: Test Cases/Butonlar/ButonVarMi

2021-10-21 14:23:17 - [TEST_STEP][PASSED] - Method.TextDegerineEsitElementVarMi(findTestObject("Butonlar/Butonlar"), Buton): Method.TextDegerineEsitElementVarMi is PASSED

2021-10-21 14:23:17 - [MESSAGE][INFO] - Finding Test Object 'Object Repository/Butonlar/Butonlar'

2021-10-21 14:23:18 - [MESSAGE][INFO] - Checking timeout

2021-10-21 14:23:18 - [MESSAGE][INFO] - Finding web element with id: 'Object Repository/Butonlar/Butonlar' located by 'By.cssSelector: .panel.panel-default.text-center.footerPanel .btn,.btn.btn-primary.btnControls' in '10' second(s)

2021-10-21 14:23:18 - [MESSAGE][INFO] - Smart Wait Function is triggered

2021-10-21 14:23:18 - [MESSAGE][INFO] - Found 11 web elements with id: 'Object Repository/Butonlar/Butonlar' located by 'By.cssSelector: .panel.panel-default.text-center.footerPanel .btn,.btn.btn-primary.btnControls' in '10' second(s)

2021-10-21 14:23:18 - [MESSAGE][PASSED] - Method.TextDegerineEsitElementVarMi is PASSED

2021-10-21 14:23:18 - [MESSAGE][PASSED] - Call Test Case 'Test Cases/Butonlar/ButonVarMi' successfully

2021-10-21 14:23:18 - [MESSAGE][INFO] - Checking called Test Case

2021-10-21 14:23:18 - [MESSAGE][INFO] - Starting to call Test Case 'Test Cases/Butonlar/ButonVarMi'

2021-10-21 14:23:18 - [TEST_CASE][PASSED] - Test Cases/Butonlar/ButonVarMi: Test Cases/Butonlar/ButonVarMi

2021-10-21 14:23:18 - [TEST_STEP][PASSED] - Method.TextDegerineEsitElementVarMi(findTestObject("Butonlar/Butonlar"), Buton): Method.TextDegerineEsitElementVarMi is PASSED

2021-10-21 14:23:18 - [MESSAGE][INFO] - Finding Test Object 'Object Repository/Butonlar/Butonlar'

2021-10-21 14:23:18 - [MESSAGE][INFO] - Checking timeout

2021-10-21 14:23:18 - [MESSAGE][INFO] - Finding web element with id: 'Object Repository/Butonlar/Butonlar' located by 'By.cssSelector: .panel.panel-default.text-center.footerPanel .btn,.btn.btn-primary.btnControls' in '10' second(s)

2021-10-21 14:23:18 - [MESSAGE][INFO] - Smart Wait Function is triggered

2021-10-21 14:23:18 - [MESSAGE][INFO] - Found 11 web elements with id: 'Object Repository/Butonlar/Butonlar' located by 'By.cssSelector: .panel.panel-default.text-center.footerPanel .btn,.btn.btn-primary.btnControls' in '10' second(s)

2021-10-21 14:23:18 - [MESSAGE][PASSED] - Method.TextDegerineEsitElementVarMi is PASSED

2021-10-21 14:23:18 - [MESSAGE][PASSED] - Call Test Case 'Test Cases/Butonlar/ButonVarMi' successfully

2021-10-21 14:23:18 - [MESSAGE][INFO] - Checking called Test Case

2021-10-21 14:23:18 - [MESSAGE][INFO] - Starting to call Test Case 'Test Cases/Butonlar/ButonVarMi'

2021-10-21 14:23:18 - [TEST_CASE][PASSED] - Test Cases/Butonlar/ButonVarMi: Test Cases/Butonlar/ButonVarMi

2021-10-21 14:23:18 - [TEST_STEP][PASSED] - Method.TextDegerineEsitElementVarMi(findTestObject("Butonlar/Butonlar"), Buton): Method.TextDegerineEsitElementVarMi is PASSED

2021-10-21 14:23:18 - [MESSAGE][INFO] - Finding Test Object 'Object Repository/Butonlar/Butonlar'

2021-10-21 14:23:19 - [MESSAGE][INFO] - Checking timeout

2021-10-21 14:23:19 - [MESSAGE][INFO] - Finding web element with id: 'Object Repository/Butonlar/Butonlar' located by 'By.cssSelector: .panel.panel-default.text-center.footerPanel .btn,.btn.btn-primary.btnControls' in '10' second(s)

2021-10-21 14:23:19 - [MESSAGE][INFO] - Smart Wait Function is triggered

2021-10-21 14:23:19 - [MESSAGE][INFO] - Found 11 web elements with id: 'Object Repository/Butonlar/Butonlar' located by 'By.cssSelector: .panel.panel-default.text-center.footerPanel .btn,.btn.btn-primary.btnControls' in '10' second(s)

2021-10-21 14:23:19 - [MESSAGE][PASSED] - Method.TextDegerineEsitElementVarMi is PASSED

2021-10-21 14:23:19 - [MESSAGE][PASSED] - Call Test Case 'Test Cases/Butonlar/ButonVarMi' successfully

2021-10-21 14:23:19 - [MESSAGE][INFO] - Checking called Test Case

2021-10-21 14:23:19 - [MESSAGE][INFO] - Starting to call Test Case 'Test Cases/Butonlar/ButonVarMi'

2021-10-21 14:23:19 - [TEST_CASE][PASSED] - Test Cases/Butonlar/ButonVarMi: Test Cases/Butonlar/ButonVarMi

2021-10-21 14:23:19 - [TEST_STEP][PASSED] - Method.TextDegerineEsitElementVarMi(findTestObject("Butonlar/Butonlar"), Buton): Method.TextDegerineEsitElementVarMi is PASSED

2021-10-21 14:23:19 - [MESSAGE][INFO] - Finding Test Object 'Object Repository/Butonlar/Butonlar'

2021-10-21 14:23:19 - [MESSAGE][INFO] - Checking timeout

2021-10-21 14:23:19 - [MESSAGE][INFO] - Finding web element with id: 'Object Repository/Butonlar/Butonlar' located by 'By.cssSelector: .panel.panel-default.text-center.footerPanel .btn,.btn.btn-primary.btnControls' in '10' second(s)

2021-10-21 14:23:19 - [MESSAGE][INFO] - Smart Wait Function is triggered

2021-10-21 14:23:19 - [MESSAGE][INFO] - Found 11 web elements with id: 'Object Repository/Butonlar/Butonlar' located by 'By.cssSelector: .panel.panel-default.text-center.footerPanel .btn,.btn.btn-primary.btnControls' in '10' second(s)

2021-10-21 14:23:19 - [MESSAGE][PASSED] - Method.TextDegerineEsitElementVarMi is PASSED

2021-10-21 14:23:19 - [MESSAGE][PASSED] - Call Test Case 'Test Cases/Butonlar/ButonVarMi' successfully

2021-10-21 14:23:19 - [MESSAGE][INFO] - Checking called Test Case

2021-10-21 14:23:19 - [MESSAGE][INFO] - Starting to call Test Case 'Test Cases/Butonlar/ButonVarMi'

2021-10-21 14:23:20 - [TEST_CASE][PASSED] - Test Cases/Butonlar/ButonVarMi: Test Cases/Butonlar/ButonVarMi

2021-10-21 14:23:20 - [TEST_STEP][PASSED] - Method.TextDegerineEsitElementVarMi(findTestObject("Butonlar/Butonlar"), Buton): Method.TextDegerineEsitElementVarMi is PASSED

2021-10-21 14:23:20 - [MESSAGE][INFO] - Finding Test Object 'Object Repository/Butonlar/Butonlar'

2021-10-21 14:23:20 - [MESSAGE][INFO] - Checking timeout

2021-10-21 14:23:20 - [MESSAGE][INFO] - Finding web element with id: 'Object Repository/Butonlar/Butonlar' located by 'By.cssSelector: .panel.panel-default.text-center.footerPanel .btn,.btn.btn-primary.btnControls' in '10' second(s)

2021-10-21 14:23:20 - [MESSAGE][INFO] - Smart Wait Function is triggered

2021-10-21 14:23:20 - [MESSAGE][INFO] - Found 11 web elements with id: 'Object Repository/Butonlar/Butonlar' located by 'By.cssSelector: .panel.panel-default.text-center.footerPanel .btn,.btn.btn-primary.btnControls' in '10' second(s)

2021-10-21 14:23:20 - [MESSAGE][PASSED] - Method.TextDegerineEsitElementVarMi is PASSED

2021-10-21 14:23:20 - [MESSAGE][PASSED] - Call Test Case 'Test Cases/Butonlar/ButonVarMi' successfully

2021-10-21 14:23:20 - [MESSAGE][INFO] - Checking called Test Case

2021-10-21 14:23:20 - [MESSAGE][INFO] - Starting to call Test Case 'Test Cases/Butonlar/ButonVarMi'

2021-10-21 14:23:20 - [TEST_CASE][PASSED] - Test Cases/Butonlar/ButonVarMi: Test Cases/Butonlar/ButonVarMi

2021-10-21 14:23:20 - [TEST_STEP][PASSED] - Method.TextDegerineEsitElementVarMi(findTestObject("Butonlar/Butonlar"), Buton): Method.TextDegerineEsitElementVarMi is PASSED

2021-10-21 14:23:20 - [MESSAGE][INFO] - Finding Test Object 'Object Repository/Butonlar/Butonlar'

2021-10-21 14:23:20 - [MESSAGE][INFO] - Checking timeout

2021-10-21 14:23:20 - [MESSAGE][INFO] - Finding web element with id: 'Object Repository/Butonlar/Butonlar' located by 'By.cssSelector: .panel.panel-default.text-center.footerPanel .btn,.btn.btn-primary.btnControls' in '10' second(s)

2021-10-21 14:23:20 - [MESSAGE][INFO] - Smart Wait Function is triggered

2021-10-21 14:23:20 - [MESSAGE][INFO] - Found 11 web elements with id: 'Object Repository/Butonlar/Butonlar' located by 'By.cssSelector: .panel.panel-default.text-center.footerPanel .btn,.btn.btn-primary.btnControls' in '10' second(s)

2021-10-21 14:23:20 - [MESSAGE][PASSED] - Method.TextDegerineEsitElementVarMi is PASSED

2021-10-21 14:23:20 - [MESSAGE][PASSED] - Call Test Case 'Test Cases/Butonlar/ButonVarMi' successfully

2021-10-21 14:23:20 - [MESSAGE][INFO] - Checking called Test Case

2021-10-21 14:23:20 - [MESSAGE][INFO] - Starting to call Test Case 'Test Cases/Butonlar/ButonVarMi'

2021-10-21 14:23:21 - [TEST_CASE][PASSED] - Test Cases/Butonlar/ButonVarMi: Test Cases/Butonlar/ButonVarMi

2021-10-21 14:23:21 - [TEST_STEP][PASSED] - Method.TextDegerineEsitElementVarMi(findTestObject("Butonlar/Butonlar"), Buton): Method.TextDegerineEsitElementVarMi is PASSED

2021-10-21 14:23:21 - [MESSAGE][INFO] - Finding Test Object 'Object Repository/Butonlar/Butonlar'

2021-10-21 14:23:21 - [MESSAGE][INFO] - Checking timeout

2021-10-21 14:23:21 - [MESSAGE][INFO] - Finding web element with id: 'Object Repository/Butonlar/Butonlar' located by 'By.cssSelector: .panel.panel-default.text-center.footerPanel .btn,.btn.btn-primary.btnControls' in '10' second(s)

2021-10-21 14:23:21 - [MESSAGE][INFO] - Smart Wait Function is triggered

2021-10-21 14:23:21 - [MESSAGE][INFO] - Found 11 web elements with id: 'Object Repository/Butonlar/Butonlar' located by 'By.cssSelector: .panel.panel-default.text-center.footerPanel .btn,.btn.btn-primary.btnControls' in '10' second(s)

2021-10-21 14:23:21 - [MESSAGE][PASSED] - Method.TextDegerineEsitElementVarMi is PASSED

2021-10-21 14:23:21 - [MESSAGE][PASSED] - Call Test Case 'Test Cases/Butonlar/ButonVarMi' successfully

2021-10-21 14:23:21 - [MESSAGE][INFO] - Checking called Test Case

2021-10-21 14:23:21 - [MESSAGE][INFO] - Starting to call Test Case 'Test Cases/Butonlar/ButonVarMi'

2021-10-21 14:23:21 - [TEST_CASE][PASSED] - Test Cases/Butonlar/ButonVarMi: Test Cases/Butonlar/ButonVarMi

2021-10-21 14:23:21 - [TEST_STEP][PASSED] - Method.TextDegerineEsitElementVarMi(findTestObject("Butonlar/Butonlar"), Buton): Method.TextDegerineEsitElementVarMi is PASSED

2021-10-21 14:23:21 - [MESSAGE][INFO] - Finding Test Object 'Object Repository/Butonlar/Butonlar'

2021-10-21 14:23:21 - [MESSAGE][INFO] - Checking timeout

2021-10-21 14:23:21 - [MESSAGE][INFO] - Finding web element with id: 'Object Repository/Butonlar/Butonlar' located by 'By.cssSelector: .panel.panel-default.text-center.footerPanel .btn,.btn.btn-primary.btnControls' in '10' second(s)

2021-10-21 14:23:21 - [MESSAGE][INFO] - Smart Wait Function is triggered

2021-10-21 14:23:21 - [MESSAGE][INFO] - Found 11 web elements with id: 'Object Repository/Butonlar/Butonlar' located by 'By.cssSelector: .panel.panel-default.text-center.footerPanel .btn,.btn.btn-primary.btnControls' in '10' second(s)

2021-10-21 14:23:22 - [MESSAGE][PASSED] - Method.TextDegerineEsitElementVarMi is PASSED

2021-10-21 14:23:22 - [MESSAGE][PASSED] - Call Test Case 'Test Cases/Butonlar/ButonVarMi' successfully

2021-10-21 14:23:22 - [MESSAGE][INFO] - Checking called Test Case

2021-10-21 14:23:22 - [MESSAGE][INFO] - Starting to call Test Case 'Test Cases/Butonlar/ButonVarMi'

2021-10-21 14:23:22 - [TEST_CASE][PASSED] - Test Cases/Butonlar/ButonVarMi: Test Cases/Butonlar/ButonVarMi

2021-10-21 14:23:22 - [TEST_STEP][PASSED] - Method.TextDegerineEsitElementVarMi(findTestObject("Butonlar/Butonlar"), Buton): Method.TextDegerineEsitElementVarMi is PASSED

2021-10-21 14:23:22 - [MESSAGE][INFO] - Finding Test Object 'Object Repository/Butonlar/Butonlar'

2021-10-21 14:23:22 - [MESSAGE][INFO] - Checking timeout

2021-10-21 14:23:22 - [MESSAGE][INFO] - Finding web element with id: 'Object Repository/Butonlar/Butonlar' located by 'By.cssSelector: .panel.panel-default.text-center.footerPanel .btn,.btn.btn-primary.btnControls' in '10' second(s)

2021-10-21 14:23:22 - [MESSAGE][INFO] - Smart Wait Function is triggered

2021-10-21 14:23:22 - [MESSAGE][INFO] - Found 11 web elements with id: 'Object Repository/Butonlar/Butonlar' located by 'By.cssSelector: .panel.panel-default.text-center.footerPanel .btn,.btn.btn-primary.btnControls' in '10' second(s)

2021-10-21 14:23:22 - [MESSAGE][PASSED] - Method.TextDegerineEsitElementVarMi is PASSED

2021-10-21 14:23:22 - [MESSAGE][PASSED] - Call Test Case 'Test Cases/Butonlar/ButonVarMi' successfully

2021-10-21 14:23:22 - [MESSAGE][INFO] - Checking called Test Case

2021-10-21 14:23:22 - [MESSAGE][INFO] - Starting to call Test Case 'Test Cases/Butonlar/ButonaTikla'

2021-10-21 14:23:22 - [TEST_CASE][PASSED] - Test Cases/Butonlar/ButonaTikla: Test Cases/Butonlar/ButonaTikla

2021-10-21 14:23:22 - [TEST_STEP][PASSED] - Method.TextDegerineEsitElementeTiklaEquals(findTestObject("Butonlar/Butonlar"), Buton_Adi): Method.TextDegerineEsitElementeTiklaEquals is PASSED

2021-10-21 14:23:22 - [MESSAGE][INFO] - Finding Test Object 'Object Repository/Butonlar/Butonlar'

2021-10-21 14:23:22 - [MESSAGE][INFO] - Checking timeout

2021-10-21 14:23:22 - [MESSAGE][INFO] - Finding web element with id: 'Object Repository/Butonlar/Butonlar' located by 'By.cssSelector: .panel.panel-default.text-center.footerPanel .btn,.btn.btn-primary.btnControls' in '10' second(s)

2021-10-21 14:23:22 - [MESSAGE][INFO] - Smart Wait Function is triggered

2021-10-21 14:23:23 - [MESSAGE][INFO] - Found 11 web elements with id: 'Object Repository/Butonlar/Butonlar' located by 'By.cssSelector: .panel.panel-default.text-center.footerPanel .btn,.btn.btn-primary.btnControls' in '10' second(s)

2021-10-21 14:23:23 - [MESSAGE][PASSED] - Method.TextDegerineEsitElementeTiklaEquals is PASSED

2021-10-21 14:23:23 - [MESSAGE][PASSED] - Call Test Case 'Test Cases/Butonlar/ButonaTikla' successfully

2021-10-21 14:23:23 - [MESSAGE][INFO] - Checking called Test Case

2021-10-21 14:23:23 - [MESSAGE][INFO] - Starting to call Test Case 'Test Cases/Butonlar/AltButonVarMi'

2021-10-21 14:23:23 - [TEST_CASE][PASSED] - Test Cases/Butonlar/AltButonVarMi: Test Cases/Butonlar/AltButonVarMi

2021-10-21 14:23:23 - [TEST_STEP][PASSED] - Method.TextDegerineEsitElementVarMi(findTestObject("Butonlar/AltButonlar"), AltButon): Method.TextDegerineEsitElementVarMi is PASSED

2021-10-21 14:23:23 - [MESSAGE][INFO] - Finding Test Object 'Object Repository/Butonlar/AltButonlar'

2021-10-21 14:23:23 - [MESSAGE][INFO] - Checking timeout

2021-10-21 14:23:23 - [MESSAGE][INFO] - Finding web element with id: 'Object Repository/Butonlar/AltButonlar' located by 'By.cssSelector: .btn-group.open li>a' in '10' second(s)

2021-10-21 14:23:23 - [MESSAGE][INFO] - Smart Wait Function is triggered

2021-10-21 14:23:23 - [MESSAGE][INFO] - Found 2 web elements with id: 'Object Repository/Butonlar/AltButonlar' located by 'By.cssSelector: .btn-group.open li>a' in '10' second(s)

2021-10-21 14:23:23 - [MESSAGE][PASSED] - Method.TextDegerineEsitElementVarMi is PASSED

2021-10-21 14:23:23 - [MESSAGE][PASSED] - Call Test Case 'Test Cases/Butonlar/AltButonVarMi' successfully

2021-10-21 14:23:23 - [MESSAGE][INFO] - Checking called Test Case

2021-10-21 14:23:23 - [MESSAGE][INFO] - Starting to call Test Case 'Test Cases/Butonlar/AltButonVarMi'

2021-10-21 14:23:23 - [TEST_CASE][PASSED] - Test Cases/Butonlar/AltButonVarMi: Test Cases/Butonlar/AltButonVarMi

2021-10-21 14:23:23 - [TEST_STEP][PASSED] - Method.TextDegerineEsitElementVarMi(findTestObject("Butonlar/AltButonlar"), AltButon): Method.TextDegerineEsitElementVarMi is PASSED

2021-10-21 14:23:23 - [MESSAGE][INFO] - Finding Test Object 'Object Repository/Butonlar/AltButonlar'

2021-10-21 14:23:24 - [MESSAGE][INFO] - Checking timeout

2021-10-21 14:23:24 - [MESSAGE][INFO] - Finding web element with id: 'Object Repository/Butonlar/AltButonlar' located by 'By.cssSelector: .btn-group.open li>a' in '10' second(s)

2021-10-21 14:23:24 - [MESSAGE][INFO] - Smart Wait Function is triggered

2021-10-21 14:23:24 - [MESSAGE][INFO] - Found 2 web elements with id: 'Object Repository/Butonlar/AltButonlar' located by 'By.cssSelector: .btn-group.open li>a' in '10' second(s)

2021-10-21 14:23:24 - [MESSAGE][PASSED] - Method.TextDegerineEsitElementVarMi is PASSED

2021-10-21 14:23:24 - [MESSAGE][PASSED] - Call Test Case 'Test Cases/Butonlar/AltButonVarMi' successfully

2021-10-21 14:23:24 - [MESSAGE][INFO] - Checking called Test Case

2021-10-21 14:23:24 - [MESSAGE][INFO] - Starting to call Test Case 'Test Cases/Butonlar/ButonaTikla'

2021-10-21 14:23:24 - [TEST_CASE][PASSED] - Test Cases/Butonlar/ButonaTikla: Test Cases/Butonlar/ButonaTikla

2021-10-21 14:23:24 - [TEST_STEP][PASSED] - Method.TextDegerineEsitElementeTiklaEquals(findTestObject("Butonlar/Butonlar"), Buton_Adi): Method.TextDegerineEsitElementeTiklaEquals is PASSED

2021-10-21 14:23:24 - [MESSAGE][INFO] - Finding Test Object 'Object Repository/Butonlar/Butonlar'

2021-10-21 14:23:24 - [MESSAGE][INFO] - Checking timeout

2021-10-21 14:23:24 - [MESSAGE][INFO] - Finding web element with id: 'Object Repository/Butonlar/Butonlar' located by 'By.cssSelector: .panel.panel-default.text-center.footerPanel .btn,.btn.btn-primary.btnControls' in '10' second(s)

2021-10-21 14:23:24 - [MESSAGE][INFO] - Smart Wait Function is triggered

2021-10-21 14:23:24 - [MESSAGE][INFO] - Found 11 web elements with id: 'Object Repository/Butonlar/Butonlar' located by 'By.cssSelector: .panel.panel-default.text-center.footerPanel .btn,.btn.btn-primary.btnControls' in '10' second(s)

2021-10-21 14:23:24 - [MESSAGE][PASSED] - Method.TextDegerineEsitElementeTiklaEquals is PASSED

2021-10-21 14:23:24 - [MESSAGE][PASSED] - Call Test Case 'Test Cases/Butonlar/ButonaTikla' successfully

2021-10-21 14:23:24 - [MESSAGE][INFO] - Checking called Test Case

2021-10-21 14:23:24 - [MESSAGE][INFO] - Starting to call Test Case 'Test Cases/Butonlar/AltButonVarMi'

2021-10-21 14:23:25 - [TEST_CASE][PASSED] - Test Cases/Butonlar/AltButonVarMi: Test Cases/Butonlar/AltButonVarMi

2021-10-21 14:23:25 - [TEST_STEP][PASSED] - Method.TextDegerineEsitElementVarMi(findTestObject("Butonlar/AltButonlar"), AltButon): Method.TextDegerineEsitElementVarMi is PASSED

2021-10-21 14:23:25 - [MESSAGE][INFO] - Finding Test Object 'Object Repository/Butonlar/AltButonlar'

2021-10-21 14:23:25 - [MESSAGE][INFO] - Checking timeout

2021-10-21 14:23:25 - [MESSAGE][INFO] - Finding web element with id: 'Object Repository/Butonlar/AltButonlar' located by 'By.cssSelector: .btn-group.open li>a' in '10' second(s)

2021-10-21 14:23:25 - [MESSAGE][INFO] - Smart Wait Function is triggered

2021-10-21 14:23:25 - [MESSAGE][INFO] - Found 4 web elements with id: 'Object Repository/Butonlar/AltButonlar' located by 'By.cssSelector: .btn-group.open li>a' in '10' second(s)

2021-10-21 14:23:25 - [MESSAGE][PASSED] - Method.TextDegerineEsitElementVarMi is PASSED

2021-10-21 14:23:25 - [MESSAGE][PASSED] - Call Test Case 'Test Cases/Butonlar/AltButonVarMi' successfully

2021-10-21 14:23:25 - [MESSAGE][INFO] - Checking called Test Case

2021-10-21 14:23:25 - [MESSAGE][INFO] - Starting to call Test Case 'Test Cases/Butonlar/AltButonVarMi'

2021-10-21 14:23:25 - [TEST_CASE][PASSED] - Test Cases/Butonlar/AltButonVarMi: Test Cases/Butonlar/AltButonVarMi

2021-10-21 14:23:25 - [TEST_STEP][PASSED] - Method.TextDegerineEsitElementVarMi(findTestObject("Butonlar/AltButonlar"), AltButon): Method.TextDegerineEsitElementVarMi is PASSED

2021-10-21 14:23:25 - [MESSAGE][INFO] - Finding Test Object 'Object Repository/Butonlar/AltButonlar'

2021-10-21 14:23:25 - [MESSAGE][INFO] - Checking timeout

2021-10-21 14:23:25 - [MESSAGE][INFO] - Finding web element with id: 'Object Repository/Butonlar/AltButonlar' located by 'By.cssSelector: .btn-group.open li>a' in '10' second(s)

2021-10-21 14:23:25 - [MESSAGE][INFO] - Smart Wait Function is triggered

2021-10-21 14:23:25 - [MESSAGE][INFO] - Found 4 web elements with id: 'Object Repository/Butonlar/AltButonlar' located by 'By.cssSelector: .btn-group.open li>a' in '10' second(s)

2021-10-21 14:23:25 - [MESSAGE][PASSED] - Method.TextDegerineEsitElementVarMi is PASSED

2021-10-21 14:23:25 - [MESSAGE][PASSED] - Call Test Case 'Test Cases/Butonlar/AltButonVarMi' successfully

2021-10-21 14:23:25 - [MESSAGE][INFO] - Checking called Test Case

2021-10-21 14:23:25 - [MESSAGE][INFO] - Starting to call Test Case 'Test Cases/Butonlar/ButonaTikla'

2021-10-21 14:23:25 - [TEST_CASE][PASSED] - Test Cases/Butonlar/ButonaTikla: Test Cases/Butonlar/ButonaTikla

2021-10-21 14:23:25 - [TEST_STEP][PASSED] - Method.TextDegerineEsitElementeTiklaEquals(findTestObject("Butonlar/Butonlar"), Buton_Adi): Method.TextDegerineEsitElementeTiklaEquals is PASSED

2021-10-21 14:23:25 - [MESSAGE][INFO] - Finding Test Object 'Object Repository/Butonlar/Butonlar'

2021-10-21 14:23:26 - [MESSAGE][INFO] - Checking timeout

2021-10-21 14:23:26 - [MESSAGE][INFO] - Finding web element with id: 'Object Repository/Butonlar/Butonlar' located by 'By.cssSelector: .panel.panel-default.text-center.footerPanel .btn,.btn.btn-primary.btnControls' in '10' second(s)

2021-10-21 14:23:26 - [MESSAGE][INFO] - Smart Wait Function is triggered

2021-10-21 14:23:26 - [MESSAGE][INFO] - Found 11 web elements with id: 'Object Repository/Butonlar/Butonlar' located by 'By.cssSelector: .panel.panel-default.text-center.footerPanel .btn,.btn.btn-primary.btnControls' in '10' second(s)

2021-10-21 14:23:26 - [MESSAGE][PASSED] - Method.TextDegerineEsitElementeTiklaEquals is PASSED

2021-10-21 14:23:26 - [MESSAGE][PASSED] - Call Test Case 'Test Cases/Butonlar/ButonaTikla' successfully

2021-10-21 14:23:26 - [MESSAGE][INFO] - Checking called Test Case

2021-10-21 14:23:26 - [MESSAGE][INFO] - Starting to call Test Case 'Test Cases/Butonlar/AltButonVarMi'

2021-10-21 14:23:26 - [TEST_CASE][PASSED] - Test Cases/Butonlar/AltButonVarMi: Test Cases/Butonlar/AltButonVarMi

2021-10-21 14:23:26 - [TEST_STEP][PASSED] - Method.TextDegerineEsitElementVarMi(findTestObject("Butonlar/AltButonlar"), AltButon): Method.TextDegerineEsitElementVarMi is PASSED

2021-10-21 14:23:26 - [MESSAGE][INFO] - Finding Test Object 'Object Repository/Butonlar/AltButonlar'

2021-10-21 14:23:26 - [MESSAGE][INFO] - Checking timeout

2021-10-21 14:23:26 - [MESSAGE][INFO] - Finding web element with id: 'Object Repository/Butonlar/AltButonlar' located by 'By.cssSelector: .btn-group.open li>a' in '10' second(s)

2021-10-21 14:23:26 - [MESSAGE][INFO] - Smart Wait Function is triggered

2021-10-21 14:23:26 - [MESSAGE][INFO] - Found 2 web elements with id: 'Object Repository/Butonlar/AltButonlar' located by 'By.cssSelector: .btn-group.open li>a' in '10' second(s)

2021-10-21 14:23:26 - [MESSAGE][PASSED] - Method.TextDegerineEsitElementVarMi is PASSED

2021-10-21 14:23:26 - [MESSAGE][PASSED] - Call Test Case 'Test Cases/Butonlar/AltButonVarMi' successfully

2021-10-21 14:23:26 - [MESSAGE][INFO] - Checking called Test Case

2021-10-21 14:23:26 - [MESSAGE][INFO] - Starting to call Test Case 'Test Cases/Butonlar/AltButonVarMi'

2021-10-21 14:23:26 - [TEST_CASE][PASSED] - Test Cases/Butonlar/AltButonVarMi: Test Cases/Butonlar/AltButonVarMi

2021-10-21 14:23:26 - [TEST_STEP][PASSED] - Method.TextDegerineEsitElementVarMi(findTestObject("Butonlar/AltButonlar"), AltButon): Method.TextDegerineEsitElementVarMi is PASSED

2021-10-21 14:23:26 - [MESSAGE][INFO] - Finding Test Object 'Object Repository/Butonlar/AltButonlar'

2021-10-21 14:23:27 - [MESSAGE][INFO] - Checking timeout

2021-10-21 14:23:27 - [MESSAGE][INFO] - Finding web element with id: 'Object Repository/Butonlar/AltButonlar' located by 'By.cssSelector: .btn-group.open li>a' in '10' second(s)

2021-10-21 14:23:27 - [MESSAGE][INFO] - Smart Wait Function is triggered

2021-10-21 14:23:27 - [MESSAGE][INFO] - Found 2 web elements with id: 'Object Repository/Butonlar/AltButonlar' located by 'By.cssSelector: .btn-group.open li>a' in '10' second(s)

2021-10-21 14:23:27 - [MESSAGE][PASSED] - Method.TextDegerineEsitElementVarMi is PASSED

2021-10-21 14:23:27 - [MESSAGE][PASSED] - Call Test Case 'Test Cases/Butonlar/AltButonVarMi' successfully

2021-10-21 14:23:27 - [MESSAGE][INFO] - Checking called Test Case

2021-10-21 14:23:27 - [MESSAGE][INFO] - Starting to call Test Case 'Test Cases/Butonlar/ButonaTikla'

2021-10-21 14:23:27 - [TEST_CASE][PASSED] - Test Cases/Butonlar/ButonaTikla: Test Cases/Butonlar/ButonaTikla

2021-10-21 14:23:27 - [TEST_STEP][PASSED] - Method.TextDegerineEsitElementeTiklaEquals(findTestObject("Butonlar/Butonlar"), Buton_Adi): Method.TextDegerineEsitElementeTiklaEquals is PASSED

2021-10-21 14:23:27 - [MESSAGE][INFO] - Finding Test Object 'Object Repository/Butonlar/Butonlar'

2021-10-21 14:23:27 - [MESSAGE][INFO] - Checking timeout

2021-10-21 14:23:27 - [MESSAGE][INFO] - Finding web element with id: 'Object Repository/Butonlar/Butonlar' located by 'By.cssSelector: .panel.panel-default.text-center.footerPanel .btn,.btn.btn-primary.btnControls' in '10' second(s)

2021-10-21 14:23:27 - [MESSAGE][INFO] - Smart Wait Function is triggered

2021-10-21 14:23:27 - [MESSAGE][INFO] - Found 11 web elements with id: 'Object Repository/Butonlar/Butonlar' located by 'By.cssSelector: .panel.panel-default.text-center.footerPanel .btn,.btn.btn-primary.btnControls' in '10' second(s)

2021-10-21 14:23:27 - [MESSAGE][PASSED] - Method.TextDegerineEsitElementeTiklaEquals is PASSED

2021-10-21 14:23:27 - [MESSAGE][PASSED] - Call Test Case 'Test Cases/Butonlar/ButonaTikla' successfully

2021-10-21 14:23:27 - [MESSAGE][INFO] - Checking called Test Case

2021-10-21 14:23:27 - [MESSAGE][INFO] - Starting to call Test Case 'Test Cases/Butonlar/AltButonVarMi'

2021-10-21 14:23:28 - [TEST_CASE][PASSED] - Test Cases/Butonlar/AltButonVarMi: Test Cases/Butonlar/AltButonVarMi

2021-10-21 14:23:28 - [TEST_STEP][PASSED] - Method.TextDegerineEsitElementVarMi(findTestObject("Butonlar/AltButonlar"), AltButon): Method.TextDegerineEsitElementVarMi is PASSED

2021-10-21 14:23:28 - [MESSAGE][INFO] - Finding Test Object 'Object Repository/Butonlar/AltButonlar'

2021-10-21 14:23:28 - [MESSAGE][INFO] - Checking timeout

2021-10-21 14:23:28 - [MESSAGE][INFO] - Finding web element with id: 'Object Repository/Butonlar/AltButonlar' located by 'By.cssSelector: .btn-group.open li>a' in '10' second(s)

2021-10-21 14:23:28 - [MESSAGE][INFO] - Smart Wait Function is triggered

2021-10-21 14:23:28 - [MESSAGE][INFO] - Found 2 web elements with id: 'Object Repository/Butonlar/AltButonlar' located by 'By.cssSelector: .btn-group.open li>a' in '10' second(s)

2021-10-21 14:23:28 - [MESSAGE][PASSED] - Method.TextDegerineEsitElementVarMi is PASSED

2021-10-21 14:23:28 - [MESSAGE][PASSED] - Call Test Case 'Test Cases/Butonlar/AltButonVarMi' successfully

2021-10-21 14:23:28 - [MESSAGE][INFO] - Checking called Test Case

2021-10-21 14:23:28 - [MESSAGE][INFO] - Starting to call Test Case 'Test Cases/Kullanici_Islemleri/KullaniciIslemlerindenSecimYapilir'

2021-10-21 14:23:28 - [TEST_CASE][PASSED] - Test Cases/Kullanici_Islemleri/KullaniciIslemlerindenSecimYapilir: Test Cases/Kullanici_Islemleri/KullaniciIslemlerindenSecimYapilir

2021-10-21 14:23:28 - [TEST_STEP][PASSED] - waitForElementClickable(findTestObject("Object Repository/Kullanici_Islemleri/KullaniciIslemleri"), 10): Object 'Object Repository/Kullanici_Islemleri/KullaniciIslemleri' is clickable

2021-10-21 14:23:28 - [MESSAGE][INFO] - Finding Test Object 'Object Repository/Kullanici_Islemleri/KullaniciIslemleri'

2021-10-21 14:23:28 - [MESSAGE][INFO] - Checking object

2021-10-21 14:23:28 - [MESSAGE][INFO] - Checking timeout

2021-10-21 14:23:28 - [MESSAGE][INFO] - Finding web element from Test Object's properties

2021-10-21 14:23:28 - [MESSAGE][INFO] - Checking timeout

2021-10-21 14:23:28 - [MESSAGE][INFO] - Finding web element with id: 'Object Repository/Kullanici_Islemleri/KullaniciIslemleri' located by 'By.cssSelector: .dropdown>a>img' in '10' second(s)

2021-10-21 14:23:28 - [MESSAGE][INFO] - Smart Wait Function is triggered

2021-10-21 14:23:28 - [MESSAGE][INFO] - Found 1 web elements with id: 'Object Repository/Kullanici_Islemleri/KullaniciIslemleri' located by 'By.cssSelector: .dropdown>a>img' in '10' second(s)

2021-10-21 14:23:28 - [MESSAGE][PASSED] - Object 'Object Repository/Kullanici_Islemleri/KullaniciIslemleri' is clickable

2021-10-21 14:23:28 - [TEST_STEP][PASSED] - click(findTestObject("Object Repository/Kullanici_Islemleri/KullaniciIslemleri")): Object: 'Object Repository/Kullanici_Islemleri/KullaniciIslemleri' is clicked on

2021-10-21 14:23:28 - [MESSAGE][INFO] - Finding Test Object 'Object Repository/Kullanici_Islemleri/KullaniciIslemleri'

2021-10-21 14:23:28 - [MESSAGE][INFO] - Checking object

2021-10-21 14:23:28 - [MESSAGE][INFO] - Finding web element from Test Object's properties

2021-10-21 14:23:28 - [MESSAGE][INFO] - Checking timeout

2021-10-21 14:23:28 - [MESSAGE][INFO] - Finding web element with id: 'Object Repository/Kullanici_Islemleri/KullaniciIslemleri' located by 'By.cssSelector: .dropdown>a>img' in '30' second(s)

2021-10-21 14:23:28 - [MESSAGE][INFO] - Smart Wait Function is triggered

2021-10-21 14:23:29 - [MESSAGE][INFO] - Found 1 web elements with id: 'Object Repository/Kullanici_Islemleri/KullaniciIslemleri' located by 'By.cssSelector: .dropdown>a>img' in '30' second(s)

2021-10-21 14:23:29 - [MESSAGE][INFO] - Clicking on object: 'Object Repository/Kullanici_Islemleri/KullaniciIslemleri'

2021-10-21 14:23:29 - [MESSAGE][PASSED] - Object: 'Object Repository/Kullanici_Islemleri/KullaniciIslemleri' is clicked on

2021-10-21 14:23:29 - [TEST_STEP][PASSED] - Method.TextDegerineEsitElementeTikla(findTestObject("Object Repository/Kullanici_Islemleri/Secenekler"), Islem): Method.TextDegerineEsitElementeTikla is PASSED

2021-10-21 14:23:29 - [MESSAGE][INFO] - Finding Test Object 'Object Repository/Kullanici_Islemleri/Secenekler'

2021-10-21 14:23:29 - [MESSAGE][INFO] - Checking timeout

2021-10-21 14:23:29 - [MESSAGE][INFO] - Finding web element with id: 'Object Repository/Kullanici_Islemleri/Secenekler' located by 'By.cssSelector: .nav.navbar-nav.navbar-right li a' in '10' second(s)

2021-10-21 14:23:29 - [MESSAGE][INFO] - Smart Wait Function is triggered

2021-10-21 14:23:29 - [MESSAGE][INFO] - Found 22 web elements with id: 'Object Repository/Kullanici_Islemleri/Secenekler' located by 'By.cssSelector: .nav.navbar-nav.navbar-right li a' in '10' second(s)

2021-10-21 14:23:31 - [MESSAGE][PASSED] - Method.TextDegerineEsitElementeTikla is PASSED

2021-10-21 14:23:31 - [TEST_STEP][PASSED] - verifyElementNotPresent(findTestObject("Object Repository/Kullanici_Islemleri/Secenekler"), 10): Web element with id: 'Object Repository/Kullanici_Islemleri/Secenekler' located by 'By.cssSelector: .nav.navbar-nav.navbar-right li a' is not present after '10' second(s)

2021-10-21 14:23:31 - [MESSAGE][INFO] - Finding Test Object 'Object Repository/Kullanici_Islemleri/Secenekler'

2021-10-21 14:23:31 - [MESSAGE][INFO] - Checking object

2021-10-21 14:23:31 - [MESSAGE][INFO] - Checking timeout

2021-10-21 14:23:31 - [MESSAGE][INFO] - Finding web element with id: 'Object Repository/Kullanici_Islemleri/Secenekler' located by 'By.cssSelector: .nav.navbar-nav.navbar-right li a' in '10' second(s)

2021-10-21 14:23:31 - [MESSAGE][INFO] - Smart Wait Function is triggered

2021-10-21 14:23:31 - [MESSAGE][PASSED] - Web element with id: 'Object Repository/Kullanici_Islemleri/Secenekler' located by 'By.cssSelector: .nav.navbar-nav.navbar-right li a' is not present after '10' second(s)

2021-10-21 14:23:31 - [MESSAGE][PASSED] - Call Test Case 'Test Cases/Kullanici_Islemleri/KullaniciIslemlerindenSecimYapilir' successfully

2021-10-21 14:23:31 - [TEST_CASE][PASSED] - Start Test Case : SCENARIO e-Serbest Meslek Makbuzlari Buton Kontrolu: SCENARIO e-Serbest Meslek Makbuzlari Buton Kontrolu

2021-10-21 14:23:31 - [TEST_STEP][PASSED] - Kullanıcı adı ELOGO6 ve Şifre 123456 olarak giriş yapılır: Kullanıcı adı ELOGO6 ve Şifre 123456 olarak giriş yapılır

2021-10-21 14:23:31 - [MESSAGE][PASSED] - Kullanıcı adı ELOGO6 ve Şifre 123456 olarak giriş yapılır

2021-10-21 14:23:31 - [TEST_STEP][PASSED] - Ana menüden e-Makbuz seçilir: Ana menüden e-Makbuz seçilir

2021-10-21 14:23:31 - [MESSAGE][PASSED] - Ana menüden e-Makbuz seçilir

2021-10-21 14:23:31 - [TEST_STEP][PASSED] - Alt menü e-Serbest Meslek Uygulaması başlığı altındaki e-Serbest Meslek Makbuzları seçilir: Alt menü e-Serbest Meslek Uygulaması başlığı altındaki e-Serbest Meslek Makbuzları seçilir

2021-10-21 14:23:31 - [MESSAGE][PASSED] - Alt menü e-Serbest Meslek Uygulaması başlığı altındaki e-Serbest Meslek Makbuzları seçilir

2021-10-21 14:23:31 - [TEST_STEP][PASSED] - Filtrelerden Oluşturma Tarihi filtresine 01.01.2020 baslangic degerini yaz: Filtrelerden Oluşturma Tarihi filtresine 01.01.2020 baslangic degerini yaz

2021-10-21 14:23:31 - [MESSAGE][PASSED] - Filtrelerden Oluşturma Tarihi filtresine 01.01.2020 baslangic degerini yaz

2021-10-21 14:23:31 - [TEST_STEP][PASSED] - Filtrelerden Oluşturma Tarihi filtresine 31.12.2020 bitis degerini yaz: Filtrelerden Oluşturma Tarihi filtresine 31.12.2020 bitis degerini yaz

2021-10-21 14:23:31 - [MESSAGE][PASSED] - Filtrelerden Oluşturma Tarihi filtresine 31.12.2020 bitis degerini yaz

2021-10-21 14:23:31 - [TEST_STEP][PASSED] - Filtre butonlarından Listele seçilir: Filtre butonlarından Listele seçilir

2021-10-21 14:23:31 - [MESSAGE][PASSED] - Filtre butonlarından Listele seçilir

2021-10-21 14:23:31 - [TEST_STEP][PASSED] - Tablodan TEST isimli verinin detayı tıklanır: Tablodan TEST isimli verinin detayı tıklanır

2021-10-21 14:23:31 - [MESSAGE][PASSED] - Tablodan TEST isimli verinin detayı tıklanır

2021-10-21 14:23:31 - [TEST_STEP][PASSED] - Tablodan TEST isimli verinin detayı tıklanır: Tablodan TEST isimli verinin detayı tıklanır

2021-10-21 14:23:31 - [MESSAGE][PASSED] - Tablodan TEST isimli verinin detayı tıklanır

2021-10-21 14:23:31 - [TEST_STEP][PASSED] - Listelenen öğe sayısı Sayfa 1 / 1 (4 öğe) mi: Listelenen öğe sayısı Sayfa 1 / 1 (4 öğe) mi

2021-10-21 14:23:31 - [MESSAGE][PASSED] - Listelenen öğe sayısı Sayfa 1 / 1 (4 öğe) mi

2021-10-21 14:23:31 - [TEST_STEP][PASSED] - Anasayfaya geri dönülür: Anasayfaya geri dönülür

2021-10-21 14:23:31 - [MESSAGE][PASSED] - Anasayfaya geri dönülür

2021-10-21 14:23:31 - [TEST_STEP][PASSED] - Ana menüden e-Makbuz seçilir: Ana menüden e-Makbuz seçilir

2021-10-21 14:23:31 - [MESSAGE][PASSED] - Ana menüden e-Makbuz seçilir

2021-10-21 14:23:31 - [TEST_STEP][PASSED] - Alt menü e-Serbest Meslek Uygulaması başlığı altındaki e-Serbest Meslek Makbuzları seçilir: Alt menü e-Serbest Meslek Uygulaması başlığı altındaki e-Serbest Meslek Makbuzları seçilir

2021-10-21 14:23:31 - [MESSAGE][PASSED] - Alt menü e-Serbest Meslek Uygulaması başlığı altındaki e-Serbest Meslek Makbuzları seçilir

2021-10-21 14:23:31 - [TEST_STEP][PASSED] - Filtrelerden Oluşturma Tarihi filtresine 01.01.2020 baslangic degerini yaz: Filtrelerden Oluşturma Tarihi filtresine 01.01.2020 baslangic degerini yaz

2021-10-21 14:23:31 - [MESSAGE][PASSED] - Filtrelerden Oluşturma Tarihi filtresine 01.01.2020 baslangic degerini yaz

2021-10-21 14:23:31 - [TEST_STEP][PASSED] - Filtrelerden Oluşturma Tarihi filtresine 31.12.2020 bitis degerini yaz: Filtrelerden Oluşturma Tarihi filtresine 31.12.2020 bitis degerini yaz

2021-10-21 14:23:31 - [MESSAGE][PASSED] - Filtrelerden Oluşturma Tarihi filtresine 31.12.2020 bitis degerini yaz

2021-10-21 14:23:31 - [TEST_STEP][PASSED] - Filtrelerden Makbuz Tarihi filtresine 02.11.2020 textini yaz: Filtrelerden Makbuz Tarihi filtresine 02.11.2020 textini yaz

2021-10-21 14:23:31 - [MESSAGE][PASSED] - Filtrelerden Makbuz Tarihi filtresine 02.11.2020 textini yaz

2021-10-21 14:23:31 - [TEST_STEP][PASSED] - Filtre butonlarından Listele seçilir: Filtre butonlarından Listele seçilir

2021-10-21 14:23:31 - [MESSAGE][PASSED] - Filtre butonlarından Listele seçilir

2021-10-21 14:23:31 - [TEST_STEP][PASSED] - Listelenen öğe sayısı Sayfa 1 / 1 (1 öğe) mi: Listelenen öğe sayısı Sayfa 1 / 1 (1 öğe) mi

2021-10-21 14:23:31 - [MESSAGE][PASSED] - Listelenen öğe sayısı Sayfa 1 / 1 (1 öğe) mi

2021-10-21 14:23:31 - [TEST_STEP][PASSED] - Filtre alanlarında Oluşturma Tarihi var mı: Filtre alanlarında Oluşturma Tarihi var mı

2021-10-21 14:23:31 - [MESSAGE][PASSED] - Filtre alanlarında Oluşturma Tarihi var mı

2021-10-21 14:23:31 - [TEST_STEP][PASSED] - Filtre alanlarında Alıcı Unvan var mı: Filtre alanlarında Alıcı Unvan var mı

2021-10-21 14:23:31 - [MESSAGE][PASSED] - Filtre alanlarında Alıcı Unvan var mı

2021-10-21 14:23:31 - [TEST_STEP][PASSED] - Filtre alanlarında Alıcı TCKN var mı: Filtre alanlarında Alıcı TCKN var mı

2021-10-21 14:23:31 - [MESSAGE][PASSED] - Filtre alanlarında Alıcı TCKN var mı

2021-10-21 14:23:31 - [TEST_STEP][PASSED] - Filtre alanlarında ETTN var mı: Filtre alanlarında ETTN var mı

2021-10-21 14:23:31 - [MESSAGE][PASSED] - Filtre alanlarında ETTN var mı

2021-10-21 14:23:31 - [TEST_STEP][PASSED] - Filtre alanlarında Makbuz No var mı: Filtre alanlarında Makbuz No var mı

2021-10-21 14:23:31 - [MESSAGE][PASSED] - Filtre alanlarında Makbuz No var mı

2021-10-21 14:23:31 - [TEST_STEP][PASSED] - Filtre alanlarında Makbuz Tarihi var mı: Filtre alanlarında Makbuz Tarihi var mı

2021-10-21 14:23:31 - [MESSAGE][PASSED] - Filtre alanlarında Makbuz Tarihi var mı

2021-10-21 14:23:31 - [TEST_STEP][PASSED] - Filtre alanlarında Net Ücret var mı: Filtre alanlarında Net Ücret var mı

2021-10-21 14:23:31 - [MESSAGE][PASSED] - Filtre alanlarında Net Ücret var mı

2021-10-21 14:23:31 - [TEST_STEP][PASSED] - Filtre alanlarında KDV Tutarı var mı: Filtre alanlarında KDV Tutarı var mı

2021-10-21 14:23:31 - [MESSAGE][PASSED] - Filtre alanlarında KDV Tutarı var mı

2021-10-21 14:23:31 - [TEST_STEP][PASSED] - Filtre alanlarında Net Alınan Toplam var mı: Filtre alanlarında Net Alınan Toplam var mı

2021-10-21 14:23:31 - [MESSAGE][PASSED] - Filtre alanlarında Net Alınan Toplam var mı

2021-10-21 14:23:31 - [TEST_STEP][PASSED] - Filtre alanlarında İptal / İtiraz Tarihi var mı: Filtre alanlarında İptal / İtiraz Tarihi var mı

2021-10-21 14:23:31 - [MESSAGE][PASSED] - Filtre alanlarında İptal / İtiraz Tarihi var mı

2021-10-21 14:23:31 - [TEST_STEP][PASSED] - Filtre alanlarında Durum var mı: Filtre alanlarında Durum var mı

2021-10-21 14:23:31 - [MESSAGE][PASSED] - Filtre alanlarında Durum var mı

2021-10-21 14:23:31 - [TEST_STEP][PASSED] - Filtre alanlarında Rapor Bilgisi var mı: Filtre alanlarında Rapor Bilgisi var mı

2021-10-21 14:23:31 - [MESSAGE][PASSED] - Filtre alanlarında Rapor Bilgisi var mı

2021-10-21 14:23:31 - [TEST_STEP][PASSED] - Filtre alanlarında Belge Statüsü var mı: Filtre alanlarında Belge Statüsü var mı

2021-10-21 14:23:31 - [MESSAGE][PASSED] - Filtre alanlarında Belge Statüsü var mı

2021-10-21 14:23:31 - [TEST_STEP][PASSED] - Filtre butonlarında Filtreleri Kaydet var mı: Filtre butonlarında Filtreleri Kaydet var mı

2021-10-21 14:23:31 - [MESSAGE][PASSED] - Filtre butonlarında Filtreleri Kaydet var mı

2021-10-21 14:23:31 - [TEST_STEP][PASSED] - Filtre butonlarında Listele var mı: Filtre butonlarında Listele var mı

2021-10-21 14:23:31 - [MESSAGE][PASSED] - Filtre butonlarında Listele var mı

2021-10-21 14:23:31 - [TEST_STEP][PASSED] - Filtre butonlarında Temizle var mı: Filtre butonlarında Temizle var mı

2021-10-21 14:23:31 - [MESSAGE][PASSED] - Filtre butonlarında Temizle var mı

2021-10-21 14:23:31 - [TEST_STEP][PASSED] - Butonlardan Excel var mı: Butonlardan Excel var mı

2021-10-21 14:23:31 - [MESSAGE][PASSED] - Butonlardan Excel var mı

2021-10-21 14:23:31 - [TEST_STEP][PASSED] - Butonlardan Toplu İndirme var mı: Butonlardan Toplu İndirme var mı

2021-10-21 14:23:31 - [MESSAGE][PASSED] - Butonlardan Toplu İndirme var mı

2021-10-21 14:23:31 - [TEST_STEP][PASSED] - Butonlardan Yazdır var mı: Butonlardan Yazdır var mı

2021-10-21 14:23:31 - [MESSAGE][PASSED] - Butonlardan Yazdır var mı

2021-10-21 14:23:31 - [TEST_STEP][PASSED] - Butonlardan UBL var mı: Butonlardan UBL var mı

2021-10-21 14:23:31 - [MESSAGE][PASSED] - Butonlardan UBL var mı

2021-10-21 14:23:31 - [TEST_STEP][PASSED] - Butonlardan PDF var mı: Butonlardan PDF var mı

2021-10-21 14:23:31 - [MESSAGE][PASSED] - Butonlardan PDF var mı

2021-10-21 14:23:31 - [TEST_STEP][PASSED] - Butonlardan İptal Et / İtiraz Bildir var mı: Butonlardan İptal Et / İtiraz Bildir var mı

2021-10-21 14:23:31 - [MESSAGE][PASSED] - Butonlardan İptal Et / İtiraz Bildir var mı

2021-10-21 14:23:31 - [TEST_STEP][PASSED] - Butonlardan İptal Geri Al var mı: Butonlardan İptal Geri Al var mı

2021-10-21 14:23:31 - [MESSAGE][PASSED] - Butonlardan İptal Geri Al var mı

2021-10-21 14:23:31 - [TEST_STEP][PASSED] - Butonlardan İzleme Kayıtları var mı: Butonlardan İzleme Kayıtları var mı

2021-10-21 14:23:31 - [MESSAGE][PASSED] - Butonlardan İzleme Kayıtları var mı

2021-10-21 14:23:31 - [TEST_STEP][PASSED] - Butonlardan Statü Ata var mı: Butonlardan Statü Ata var mı

2021-10-21 14:23:31 - [MESSAGE][PASSED] - Butonlardan Statü Ata var mı

2021-10-21 14:23:31 - [TEST_STEP][PASSED] - Butonlardan Excel isimli butona tıklanır: Butonlardan Excel isimli butona tıklanır

2021-10-21 14:23:31 - [MESSAGE][PASSED] - Butonlardan Excel isimli butona tıklanır

2021-10-21 14:23:31 - [TEST_STEP][PASSED] - Alt butonlardan Excel 'e Aktar var mı: Alt butonlardan Excel 'e Aktar var mı

2021-10-21 14:23:31 - [MESSAGE][PASSED] - Alt butonlardan Excel 'e Aktar var mı

2021-10-21 14:23:31 - [TEST_STEP][PASSED] - Alt butonlardan Tümünü Excel 'e Aktar var mı: Alt butonlardan Tümünü Excel 'e Aktar var mı

2021-10-21 14:23:31 - [MESSAGE][PASSED] - Alt butonlardan Tümünü Excel 'e Aktar var mı

2021-10-21 14:23:31 - [TEST_STEP][PASSED] - Butonlardan Toplu İndirme isimli butona tıklanır: Butonlardan Toplu İndirme isimli butona tıklanır

2021-10-21 14:23:31 - [MESSAGE][PASSED] - Butonlardan Toplu İndirme isimli butona tıklanır

2021-10-21 14:23:31 - [TEST_STEP][PASSED] - Alt butonlardan PDF Seçilenleri İndir var mı: Alt butonlardan PDF Seçilenleri İndir var mı

2021-10-21 14:23:31 - [MESSAGE][PASSED] - Alt butonlardan PDF Seçilenleri İndir var mı

2021-10-21 14:23:31 - [TEST_STEP][PASSED] - Alt butonlardan PDF Tümünü İndir var mı: Alt butonlardan PDF Tümünü İndir var mı

2021-10-21 14:23:31 - [MESSAGE][PASSED] - Alt butonlardan PDF Tümünü İndir var mı

2021-10-21 14:23:31 - [TEST_STEP][PASSED] - Butonlardan PDF isimli butona tıklanır: Butonlardan PDF isimli butona tıklanır

2021-10-21 14:23:31 - [MESSAGE][PASSED] - Butonlardan PDF isimli butona tıklanır

2021-10-21 14:23:31 - [TEST_STEP][PASSED] - Alt butonlardan Göster var mı: Alt butonlardan Göster var mı

2021-10-21 14:23:31 - [MESSAGE][PASSED] - Alt butonlardan Göster var mı

2021-10-21 14:23:31 - [TEST_STEP][PASSED] - Alt butonlardan İndir var mı: Alt butonlardan İndir var mı

2021-10-21 14:23:31 - [MESSAGE][PASSED] - Alt butonlardan İndir var mı

2021-10-21 14:23:31 - [TEST_STEP][PASSED] - Butonlardan Statü Ata isimli butona tıklanır: Butonlardan Statü Ata isimli butona tıklanır

2021-10-21 14:23:31 - [MESSAGE][PASSED] - Butonlardan Statü Ata isimli butona tıklanır

2021-10-21 14:23:31 - [TEST_STEP][PASSED] - Alt butonlardan Öndeğer var mı: Alt butonlardan Öndeğer var mı

2021-10-21 14:23:31 - [MESSAGE][PASSED] - Alt butonlardan Öndeğer var mı

2021-10-21 14:23:31 - [TEST_STEP][PASSED] - Kullanıcı işlemlerinden Çıkış seçilir: Kullanıcı işlemlerinden Çıkış seçilir

2021-10-21 14:23:31 - [MESSAGE][PASSED] - Kullanıcı işlemlerinden Çıkış seçilir

2021-10-21 14:23:31 - [MESSAGE][PASSED] - Feature file: 'Include/features/e-Makbuz/e-Serbest Meslek Uygulaması/e-Serbest Meslek Makbuzlari/Ekran Kontrolu.feature' was passed

2021-10-21 14:23:31 - [TEST_STEP][PASSED] - Start listener action : sampleAfterTestSuite: Invoke 'com.kms.katalon.core.annotation.AfterTestCase' method: 'Listener.sampleAfterTestSuite(...)' completed.

2021-10-21 14:23:31 - [MESSAGE][INFO] - Starting invoke 'com.kms.katalon.core.annotation.AfterTestCase' method: 'Listener.sampleAfterTestSuite(...)'

2021-10-21 14:23:31 - [TEST_STEP][PASSED] - closeBrowser(): Invoke 'com.kms.katalon.core.annotation.AfterTestCase' method: 'Listener.sampleAfterTestSuite(...)' completed.

2021-10-21 14:23:31 - [MESSAGE][INFO] - Closing browser

2021-10-21 14:23:32 - [MESSAGE][PASSED] - Browser is closed

2021-10-21 14:23:32 - [MESSAGE][INFO] - Invoke 'com.kms.katalon.core.annotation.AfterTestCase' method: 'Listener.sampleAfterTestSuite(...)' completed.]]></system-out>
         <system-err><![CDATA[]]></system-err>
      </testcase>
      <testcase name="Test Cases/Case Repository/e-Makbuz/e-Serbest Meslek Uygulamasi/e-Serbest Meslek Makbuzlari/Goruntule" time="31.126" classname="Test Cases/Case Repository/e-Makbuz/e-Serbest Meslek Uygulamasi/e-Serbest Meslek Makbuzlari/Goruntule" status="PASSED">
         <system-out><![CDATA[2021-10-21 14:23:32 - [TEST_CASE][PASSED] - Test Cases/Case Repository/e-Makbuz/e-Serbest Meslek Uygulamasi/e-Serbest Meslek Makbuzlari/Goruntule: Test Cases/Case Repository/e-Makbuz/e-Serbest Meslek Uygulamasi/e-Serbest Meslek Makbuzlari/Goruntule

2021-10-21 14:23:32 - [TEST_STEP][PASSED] - Start listener action : sampleBeforeTestSuite: Invoke 'com.kms.katalon.core.annotation.BeforeTestCase' method: 'Listener.sampleBeforeTestSuite(...)' completed.

2021-10-21 14:23:32 - [MESSAGE][INFO] - Starting invoke 'com.kms.katalon.core.annotation.BeforeTestCase' method: 'Listener.sampleBeforeTestSuite(...)'

2021-10-21 14:23:32 - [TEST_STEP][PASSED] - openBrowser(baseUrl): Browser is opened with url: 'https://efatura-stage.elogo.com.tr/'

2021-10-21 14:23:32 - [MESSAGE][INFO] - Opening browser

2021-10-21 14:23:32 - [MESSAGE][INFO] - Starting 'Chrome' driver

2021-10-21 14:23:32 - [MESSAGE][INFO] - User set preference: ['prefs', '{download.default_directory=C:\otomasyondownfiles}']

2021-10-21 14:23:32 - [MESSAGE][INFO] - Action delay is set to 0 milliseconds

2021-10-21 14:23:34 - [MESSAGE][INFO] - Navigating browser to: 'https://efatura-stage.elogo.com.tr/'

2021-10-21 14:23:37 - [MESSAGE][PASSED] - Browser is opened with url: 'https://efatura-stage.elogo.com.tr/'

2021-10-21 14:23:37 - [TEST_STEP][PASSED] - maximizeWindow(): Invoke 'com.kms.katalon.core.annotation.BeforeTestCase' method: 'Listener.sampleBeforeTestSuite(...)' completed.

2021-10-21 14:23:37 - [MESSAGE][INFO] - Maximizing current window

2021-10-21 14:23:37 - [MESSAGE][PASSED] - Current window maximized

2021-10-21 14:23:37 - [MESSAGE][INFO] - Invoke 'com.kms.katalon.core.annotation.BeforeTestCase' method: 'Listener.sampleBeforeTestSuite(...)' completed.

2021-10-21 14:23:38 - [TEST_STEP][PASSED] - runFeatureFile("Include/features/e-Makbuz/e-Serbest Meslek Uygulaması/e-Serbest Meslek Makbuzlari/Goruntule.feature"): Feature file: 'Include/features/e-Makbuz/e-Serbest Meslek Uygulaması/e-Serbest Meslek Makbuzlari/Goruntule.feature' was passed

2021-10-21 14:23:38 - [MESSAGE][INFO] - Starting run keyword runFeatureFile: 'Include/features/e-Makbuz/e-Serbest Meslek Uygulaması/e-Serbest Meslek Makbuzlari/Goruntule.feature' and extract report to folder: 'C:\Users\DELL\Downloads\EES_Katalon-main\Reports\20211021_140437\Suite Repository\e-Makbuz\20211021_140511/cucumber_report/1634815418457'...

2021-10-21 14:23:38 - [MESSAGE][INFO] - Glue: []

2021-10-21 14:23:39 - [MESSAGE][INFO] - Checking called Test Case

2021-10-21 14:23:39 - [MESSAGE][INFO] - Starting to call Test Case 'Test Cases/Sayfalar/Giris_Sayfasi/Login'

2021-10-21 14:23:39 - [TEST_CASE][PASSED] - Test Cases/Sayfalar/Giris_Sayfasi/Login: Test Cases/Sayfalar/Giris_Sayfasi/Login

2021-10-21 14:23:39 - [TEST_STEP][PASSED] - Sayfa_Basligi = getWindowTitle(): Current window's title is: 'LOGO e-Fatura'

2021-10-21 14:23:39 - [MESSAGE][INFO] - Getting current window's title

2021-10-21 14:23:39 - [MESSAGE][PASSED] - Current window's title is: 'LOGO e-Fatura'

2021-10-21 14:23:39 - [TEST_STEP][PASSED] - verifyMatch(Sayfa_Basligi, "LOGO e-Fatura", false): Actual text 'LOGO e-Fatura' and expected text 'LOGO e-Fatura' are matched 

2021-10-21 14:23:39 - [MESSAGE][INFO] - Matching actual text 'LOGO e-Fatura' with expected text 'LOGO e-Fatura'

2021-10-21 14:23:39 - [MESSAGE][PASSED] - Actual text 'LOGO e-Fatura' and expected text 'LOGO e-Fatura' are matched 

2021-10-21 14:23:39 - [TEST_STEP][PASSED] - sendKeys(findTestObject("Sayfalar/Giris_Sayfasi/Firma_Kodu"), KullaniciAdi): Keys 'ELOGO6' sent to object: 'Object Repository/Sayfalar/Giris_Sayfasi/Firma_Kodu'

2021-10-21 14:23:39 - [MESSAGE][INFO] - Finding Test Object 'Object Repository/Sayfalar/Giris_Sayfasi/Firma_Kodu'

2021-10-21 14:23:40 - [MESSAGE][INFO] - Sending keys 'ELOGO6' to object: 'Object Repository/Sayfalar/Giris_Sayfasi/Firma_Kodu'

2021-10-21 14:23:40 - [MESSAGE][INFO] - Finding web element from Test Object's properties

2021-10-21 14:23:40 - [MESSAGE][INFO] - Checking timeout

2021-10-21 14:23:40 - [MESSAGE][INFO] - Finding web element with id: 'Object Repository/Sayfalar/Giris_Sayfasi/Firma_Kodu' located by 'By.xpath: //*[@id = 'AccountName']' in '30' second(s)

2021-10-21 14:23:40 - [MESSAGE][INFO] - Smart Wait Function is triggered

2021-10-21 14:23:40 - [MESSAGE][INFO] - Found 1 web elements with id: 'Object Repository/Sayfalar/Giris_Sayfasi/Firma_Kodu' located by 'By.xpath: //*[@id = 'AccountName']' in '30' second(s)

2021-10-21 14:23:40 - [MESSAGE][PASSED] - Keys 'ELOGO6' sent to object: 'Object Repository/Sayfalar/Giris_Sayfasi/Firma_Kodu'

2021-10-21 14:23:40 - [TEST_STEP][PASSED] - sendKeys(findTestObject("Sayfalar/Giris_Sayfasi/Sifre"), Sifre): Keys '123456' sent to object: 'Object Repository/Sayfalar/Giris_Sayfasi/Sifre'

2021-10-21 14:23:40 - [MESSAGE][INFO] - Finding Test Object 'Object Repository/Sayfalar/Giris_Sayfasi/Sifre'

2021-10-21 14:23:40 - [MESSAGE][INFO] - Sending keys '123456' to object: 'Object Repository/Sayfalar/Giris_Sayfasi/Sifre'

2021-10-21 14:23:40 - [MESSAGE][INFO] - Finding web element from Test Object's properties

2021-10-21 14:23:40 - [MESSAGE][INFO] - Checking timeout

2021-10-21 14:23:40 - [MESSAGE][INFO] - Finding web element with id: 'Object Repository/Sayfalar/Giris_Sayfasi/Sifre' located by 'By.xpath: //*[@id = 'Password']' in '30' second(s)

2021-10-21 14:23:40 - [MESSAGE][INFO] - Smart Wait Function is triggered

2021-10-21 14:23:40 - [MESSAGE][INFO] - Found 1 web elements with id: 'Object Repository/Sayfalar/Giris_Sayfasi/Sifre' located by 'By.xpath: //*[@id = 'Password']' in '30' second(s)

2021-10-21 14:23:41 - [MESSAGE][PASSED] - Keys '123456' sent to object: 'Object Repository/Sayfalar/Giris_Sayfasi/Sifre'

2021-10-21 14:23:41 - [TEST_STEP][PASSED] - findWebElement(findTestObject("Sayfalar/Giris_Sayfasi/Giris_Butonu")).click(): Found 1 web elements with id: 'Object Repository/Sayfalar/Giris_Sayfasi/Giris_Butonu' located by 'By.cssSelector: #btnLogin' in '30' second(s)

2021-10-21 14:23:41 - [MESSAGE][INFO] - Finding Test Object 'Object Repository/Sayfalar/Giris_Sayfasi/Giris_Butonu'

2021-10-21 14:23:41 - [MESSAGE][INFO] - Finding web element from Test Object's properties

2021-10-21 14:23:41 - [MESSAGE][INFO] - Checking timeout

2021-10-21 14:23:41 - [MESSAGE][INFO] - Finding web element with id: 'Object Repository/Sayfalar/Giris_Sayfasi/Giris_Butonu' located by 'By.cssSelector: #btnLogin' in '30' second(s)

2021-10-21 14:23:41 - [MESSAGE][INFO] - Smart Wait Function is triggered

2021-10-21 14:23:41 - [MESSAGE][INFO] - Found 1 web elements with id: 'Object Repository/Sayfalar/Giris_Sayfasi/Giris_Butonu' located by 'By.cssSelector: #btnLogin' in '30' second(s)

2021-10-21 14:23:44 - [TEST_STEP][PASSED] - if (verifyElementPresent(findTestObject("Object Repository/Sayfalar/Giris_Sayfasi/RetveTamam_Butonu"), 5, OPTIONAL)): null

2021-10-21 14:23:44 - [MESSAGE][INFO] - Finding Test Object 'Object Repository/Sayfalar/Giris_Sayfasi/RetveTamam_Butonu'

2021-10-21 14:23:44 - [MESSAGE][INFO] - Checking object

2021-10-21 14:23:44 - [MESSAGE][INFO] - Finding web element from Test Object's properties

2021-10-21 14:23:44 - [MESSAGE][INFO] - Checking timeout

2021-10-21 14:23:44 - [MESSAGE][INFO] - Finding web element with id: 'Object Repository/Sayfalar/Giris_Sayfasi/RetveTamam_Butonu' located by 'By.xpath: //*[@class = 'btn btn-default']' in '5' second(s)

2021-10-21 14:23:44 - [MESSAGE][INFO] - Smart Wait Function is triggered

2021-10-21 14:23:44 - [MESSAGE][INFO] - Found 1 web elements with id: 'Object Repository/Sayfalar/Giris_Sayfasi/RetveTamam_Butonu' located by 'By.xpath: //*[@class = 'btn btn-default']' in '5' second(s)

2021-10-21 14:23:44 - [MESSAGE][PASSED] - Object 'Object Repository/Sayfalar/Giris_Sayfasi/RetveTamam_Butonu' is present

2021-10-21 14:23:44 - [TEST_STEP][PASSED] - click(findTestObject("Object Repository/Sayfalar/Giris_Sayfasi/RetveTamam_Butonu")): Object: 'Object Repository/Sayfalar/Giris_Sayfasi/RetveTamam_Butonu' is clicked on

2021-10-21 14:23:44 - [MESSAGE][INFO] - Finding Test Object 'Object Repository/Sayfalar/Giris_Sayfasi/RetveTamam_Butonu'

2021-10-21 14:23:44 - [MESSAGE][INFO] - Checking object

2021-10-21 14:23:44 - [MESSAGE][INFO] - Finding web element from Test Object's properties

2021-10-21 14:23:44 - [MESSAGE][INFO] - Checking timeout

2021-10-21 14:23:44 - [MESSAGE][INFO] - Finding web element with id: 'Object Repository/Sayfalar/Giris_Sayfasi/RetveTamam_Butonu' located by 'By.xpath: //*[@class = 'btn btn-default']' in '30' second(s)

2021-10-21 14:23:44 - [MESSAGE][INFO] - Smart Wait Function is triggered

2021-10-21 14:23:44 - [MESSAGE][INFO] - Found 1 web elements with id: 'Object Repository/Sayfalar/Giris_Sayfasi/RetveTamam_Butonu' located by 'By.xpath: //*[@class = 'btn btn-default']' in '30' second(s)

2021-10-21 14:23:44 - [MESSAGE][INFO] - Clicking on object: 'Object Repository/Sayfalar/Giris_Sayfasi/RetveTamam_Butonu'

2021-10-21 14:23:44 - [MESSAGE][PASSED] - Object: 'Object Repository/Sayfalar/Giris_Sayfasi/RetveTamam_Butonu' is clicked on

2021-10-21 14:23:44 - [TEST_STEP][PASSED] - click(findTestObject("Object Repository/Sayfalar/Giris_Sayfasi/RetveTamam_Butonu")): Object: 'Object Repository/Sayfalar/Giris_Sayfasi/RetveTamam_Butonu' is clicked on

2021-10-21 14:23:44 - [MESSAGE][INFO] - Finding Test Object 'Object Repository/Sayfalar/Giris_Sayfasi/RetveTamam_Butonu'

2021-10-21 14:23:45 - [MESSAGE][INFO] - Checking object

2021-10-21 14:23:45 - [MESSAGE][INFO] - Finding web element from Test Object's properties

2021-10-21 14:23:45 - [MESSAGE][INFO] - Checking timeout

2021-10-21 14:23:45 - [MESSAGE][INFO] - Finding web element with id: 'Object Repository/Sayfalar/Giris_Sayfasi/RetveTamam_Butonu' located by 'By.xpath: //*[@class = 'btn btn-default']' in '30' second(s)

2021-10-21 14:23:45 - [MESSAGE][INFO] - Smart Wait Function is triggered

2021-10-21 14:23:46 - [MESSAGE][INFO] - Found 1 web elements with id: 'Object Repository/Sayfalar/Giris_Sayfasi/RetveTamam_Butonu' located by 'By.xpath: //*[@class = 'btn btn-default']' in '30' second(s)

2021-10-21 14:23:46 - [MESSAGE][INFO] - Clicking on object: 'Object Repository/Sayfalar/Giris_Sayfasi/RetveTamam_Butonu'

2021-10-21 14:23:46 - [MESSAGE][PASSED] - Object: 'Object Repository/Sayfalar/Giris_Sayfasi/RetveTamam_Butonu' is clicked on

2021-10-21 14:23:46 - [TEST_STEP][PASSED] - if (verifyElementPresent(findTestObject("Sayfalar/Giris_Sayfasi/PopupOK"), 5, OPTIONAL)): null

2021-10-21 14:23:46 - [MESSAGE][INFO] - Finding Test Object 'Object Repository/Sayfalar/Giris_Sayfasi/PopupOK'

2021-10-21 14:23:47 - [MESSAGE][INFO] - Checking object

2021-10-21 14:23:47 - [MESSAGE][INFO] - Finding web element from Test Object's properties

2021-10-21 14:23:47 - [MESSAGE][INFO] - Checking timeout

2021-10-21 14:23:47 - [MESSAGE][INFO] - Finding web element with id: 'Object Repository/Sayfalar/Giris_Sayfasi/PopupOK' located by 'By.cssSelector: .btn.btn-success' in '5' second(s)

2021-10-21 14:23:47 - [MESSAGE][INFO] - Smart Wait Function is triggered

2021-10-21 14:23:47 - [MESSAGE][INFO] - Found 1 web elements with id: 'Object Repository/Sayfalar/Giris_Sayfasi/PopupOK' located by 'By.cssSelector: .btn.btn-success' in '5' second(s)

2021-10-21 14:23:47 - [MESSAGE][PASSED] - Object 'Object Repository/Sayfalar/Giris_Sayfasi/PopupOK' is present

2021-10-21 14:23:47 - [TEST_STEP][PASSED] - click(findTestObject("Object Repository/Sayfalar/Giris_Sayfasi/PopupCarpiGiris")): Object: 'Object Repository/Sayfalar/Giris_Sayfasi/PopupCarpiGiris' is clicked on

2021-10-21 14:23:47 - [MESSAGE][INFO] - Finding Test Object 'Object Repository/Sayfalar/Giris_Sayfasi/PopupCarpiGiris'

2021-10-21 14:23:47 - [MESSAGE][INFO] - Checking object

2021-10-21 14:23:47 - [MESSAGE][INFO] - Finding web element from Test Object's properties

2021-10-21 14:23:47 - [MESSAGE][INFO] - Checking timeout

2021-10-21 14:23:47 - [MESSAGE][INFO] - Finding web element with id: 'Object Repository/Sayfalar/Giris_Sayfasi/PopupCarpiGiris' located by 'By.cssSelector: .bootbox-close-button.close' in '30' second(s)

2021-10-21 14:23:47 - [MESSAGE][INFO] - Smart Wait Function is triggered

2021-10-21 14:23:48 - [MESSAGE][INFO] - Found 1 web elements with id: 'Object Repository/Sayfalar/Giris_Sayfasi/PopupCarpiGiris' located by 'By.cssSelector: .bootbox-close-button.close' in '30' second(s)

2021-10-21 14:23:48 - [MESSAGE][INFO] - Clicking on object: 'Object Repository/Sayfalar/Giris_Sayfasi/PopupCarpiGiris'

2021-10-21 14:23:48 - [MESSAGE][PASSED] - Object: 'Object Repository/Sayfalar/Giris_Sayfasi/PopupCarpiGiris' is clicked on

2021-10-21 14:23:48 - [TEST_STEP][PASSED] - verifyElementVisible(findTestObject("Object Repository/Kullanici_Islemleri/KullaniciIslemleri")): Object 'Object Repository/Kullanici_Islemleri/KullaniciIslemleri' is visible

2021-10-21 14:23:48 - [MESSAGE][INFO] - Finding Test Object 'Object Repository/Kullanici_Islemleri/KullaniciIslemleri'

2021-10-21 14:23:48 - [MESSAGE][INFO] - Checking object

2021-10-21 14:23:48 - [MESSAGE][INFO] - Finding web element from Test Object's properties

2021-10-21 14:23:48 - [MESSAGE][INFO] - Checking timeout

2021-10-21 14:23:48 - [MESSAGE][INFO] - Finding web element with id: 'Object Repository/Kullanici_Islemleri/KullaniciIslemleri' located by 'By.cssSelector: .dropdown>a>img' in '30' second(s)

2021-10-21 14:23:48 - [MESSAGE][INFO] - Smart Wait Function is triggered

2021-10-21 14:23:48 - [MESSAGE][INFO] - Found 1 web elements with id: 'Object Repository/Kullanici_Islemleri/KullaniciIslemleri' located by 'By.cssSelector: .dropdown>a>img' in '30' second(s)

2021-10-21 14:23:48 - [MESSAGE][PASSED] - Object 'Object Repository/Kullanici_Islemleri/KullaniciIslemleri' is visible

2021-10-21 14:23:48 - [MESSAGE][PASSED] - Call Test Case 'Test Cases/Sayfalar/Giris_Sayfasi/Login' successfully

2021-10-21 14:23:48 - [MESSAGE][INFO] - Checking called Test Case

2021-10-21 14:23:48 - [MESSAGE][INFO] - Starting to call Test Case 'Test Cases/Menu/AnaMenuSecimi'

2021-10-21 14:23:49 - [TEST_CASE][PASSED] - Test Cases/Menu/AnaMenuSecimi: Test Cases/Menu/AnaMenuSecimi

2021-10-21 14:23:49 - [TEST_STEP][PASSED] - Method.TextDegerineEsitElementeTikla(findTestObject("Menu/Ana_Menu"), Ana_Menu): Method.TextDegerineEsitElementeTikla is PASSED

2021-10-21 14:23:49 - [MESSAGE][INFO] - Finding Test Object 'Object Repository/Menu/Ana_Menu'

2021-10-21 14:23:49 - [MESSAGE][INFO] - Checking timeout

2021-10-21 14:23:49 - [MESSAGE][INFO] - Finding web element with id: 'Object Repository/Menu/Ana_Menu' located by 'By.xpath: //*[@class = 'dropdown-toggle']' in '10' second(s)

2021-10-21 14:23:49 - [MESSAGE][INFO] - Smart Wait Function is triggered

2021-10-21 14:23:49 - [MESSAGE][INFO] - Found 14 web elements with id: 'Object Repository/Menu/Ana_Menu' located by 'By.xpath: //*[@class = 'dropdown-toggle']' in '10' second(s)

2021-10-21 14:23:49 - [MESSAGE][PASSED] - Method.TextDegerineEsitElementeTikla is PASSED

2021-10-21 14:23:49 - [MESSAGE][PASSED] - Call Test Case 'Test Cases/Menu/AnaMenuSecimi' successfully

2021-10-21 14:23:49 - [MESSAGE][INFO] - Checking called Test Case

2021-10-21 14:23:49 - [MESSAGE][INFO] - Starting to call Test Case 'Test Cases/Menu/BasligaGoreAltMenuSecimi'

2021-10-21 14:23:49 - [TEST_CASE][PASSED] - Test Cases/Menu/BasligaGoreAltMenuSecimi: Test Cases/Menu/BasligaGoreAltMenuSecimi

2021-10-21 14:23:49 - [TEST_STEP][PASSED] - Method.TextDegerineEsitElementinAltindakiTextDegerineEsitOlanaTikla(findTestObject("Menu/Menu_Basligi"), findTestObject("Menu/Basliga_Gore_Alt_Menu"), Baslik, Alt_Menu): Method.TextDegerineEsitElementinAltindakiTextDegerineEsitOlanaTikla is PASSED

2021-10-21 14:23:49 - [MESSAGE][INFO] - Finding Test Object 'Object Repository/Menu/Menu_Basligi'

2021-10-21 14:23:49 - [MESSAGE][INFO] - Finding Test Object 'Object Repository/Menu/Basliga_Gore_Alt_Menu'

2021-10-21 14:23:49 - [MESSAGE][INFO] - Checking timeout

2021-10-21 14:23:49 - [MESSAGE][INFO] - Finding web element with id: 'Object Repository/Menu/Menu_Basligi' located by 'By.xpath: //li[@class='dropdown dropdown-large open']//li[@class='dropdown-header']' in '10' second(s)

2021-10-21 14:23:49 - [MESSAGE][INFO] - Smart Wait Function is triggered

2021-10-21 14:23:49 - [MESSAGE][INFO] - Found 2 web elements with id: 'Object Repository/Menu/Menu_Basligi' located by 'By.xpath: //li[@class='dropdown dropdown-large open']//li[@class='dropdown-header']' in '10' second(s)

2021-10-21 14:23:50 - [MESSAGE][INFO] - Smart Wait Function is triggered

2021-10-21 14:23:52 - [MESSAGE][PASSED] - Method.TextDegerineEsitElementinAltindakiTextDegerineEsitOlanaTikla is PASSED

2021-10-21 14:23:52 - [MESSAGE][PASSED] - Call Test Case 'Test Cases/Menu/BasligaGoreAltMenuSecimi' successfully

2021-10-21 14:23:52 - [MESSAGE][INFO] - Checking called Test Case

2021-10-21 14:23:52 - [MESSAGE][INFO] - Starting to call Test Case 'Test Cases/Filtreler/BaslangicYaz'

2021-10-21 14:23:52 - [TEST_CASE][PASSED] - Test Cases/Filtreler/BaslangicYaz: Test Cases/Filtreler/BaslangicYaz

2021-10-21 14:23:52 - [TEST_STEP][PASSED] - Method.TextDegerineEsitElementinAltindakineTikla(findTestObject("Filtreler/Basliklar"), findTestObject("Filtreler/Basliga_Gore_Baslangic_Image"), Filtre_Adi): Method.TextDegerineEsitElementinAltindakineTikla is PASSED

2021-10-21 14:23:52 - [MESSAGE][INFO] - Finding Test Object 'Object Repository/Filtreler/Basliklar'

2021-10-21 14:23:52 - [MESSAGE][INFO] - Finding Test Object 'Object Repository/Filtreler/Basliga_Gore_Baslangic_Image'

2021-10-21 14:23:52 - [MESSAGE][INFO] - Checking timeout

2021-10-21 14:23:52 - [MESSAGE][INFO] - Finding web element with id: 'Object Repository/Filtreler/Basliklar' located by 'By.cssSelector: .control-label.col-sm-4.paddingMarginRLC' in '10' second(s)

2021-10-21 14:23:52 - [MESSAGE][INFO] - Smart Wait Function is triggered

2021-10-21 14:23:52 - [MESSAGE][INFO] - Found 13 web elements with id: 'Object Repository/Filtreler/Basliklar' located by 'By.cssSelector: .control-label.col-sm-4.paddingMarginRLC' in '10' second(s)

2021-10-21 14:23:52 - [MESSAGE][INFO] - Smart Wait Function is triggered

2021-10-21 14:23:52 - [MESSAGE][PASSED] - Method.TextDegerineEsitElementinAltindakineTikla is PASSED

2021-10-21 14:23:52 - [TEST_STEP][PASSED] - Method.TextDegerineEsitElementinAltindakiTextboxtaYaz(findTestObject("Filtreler/Basliklar"), findTestObject("Filtreler/Basliga_Gore_Baslangic"), Filtre_Adi, Filtre_Degeri): Method.TextDegerineEsitElementinAltindakiTextboxtaYaz is PASSED

2021-10-21 14:23:52 - [MESSAGE][INFO] - Finding Test Object 'Object Repository/Filtreler/Basliklar'

2021-10-21 14:23:53 - [MESSAGE][INFO] - Finding Test Object 'Object Repository/Filtreler/Basliga_Gore_Baslangic'

2021-10-21 14:23:53 - [MESSAGE][INFO] - Checking timeout

2021-10-21 14:23:53 - [MESSAGE][INFO] - Finding web element with id: 'Object Repository/Filtreler/Basliklar' located by 'By.cssSelector: .control-label.col-sm-4.paddingMarginRLC' in '10' second(s)

2021-10-21 14:23:53 - [MESSAGE][INFO] - Smart Wait Function is triggered

2021-10-21 14:23:53 - [MESSAGE][INFO] - Found 13 web elements with id: 'Object Repository/Filtreler/Basliklar' located by 'By.cssSelector: .control-label.col-sm-4.paddingMarginRLC' in '10' second(s)

2021-10-21 14:23:53 - [MESSAGE][INFO] - Smart Wait Function is triggered

2021-10-21 14:23:53 - [MESSAGE][PASSED] - Method.TextDegerineEsitElementinAltindakiTextboxtaYaz is PASSED

2021-10-21 14:23:53 - [MESSAGE][PASSED] - Call Test Case 'Test Cases/Filtreler/BaslangicYaz' successfully

2021-10-21 14:23:53 - [MESSAGE][INFO] - Checking called Test Case

2021-10-21 14:23:53 - [MESSAGE][INFO] - Starting to call Test Case 'Test Cases/Filtreler/BitisYaz'

2021-10-21 14:23:53 - [TEST_CASE][PASSED] - Test Cases/Filtreler/BitisYaz: Test Cases/Filtreler/BitisYaz

2021-10-21 14:23:53 - [TEST_STEP][PASSED] - Method.TextDegerineEsitElementinAltindakineTikla(findTestObject("Filtreler/Basliklar"), findTestObject("Filtreler/Basliga_Gore_Bitis_Image"), Filtre_Adi): Method.TextDegerineEsitElementinAltindakineTikla is PASSED

2021-10-21 14:23:53 - [MESSAGE][INFO] - Finding Test Object 'Object Repository/Filtreler/Basliklar'

2021-10-21 14:23:53 - [MESSAGE][INFO] - Finding Test Object 'Object Repository/Filtreler/Basliga_Gore_Bitis_Image'

2021-10-21 14:23:54 - [MESSAGE][INFO] - Checking timeout

2021-10-21 14:23:54 - [MESSAGE][INFO] - Finding web element with id: 'Object Repository/Filtreler/Basliklar' located by 'By.cssSelector: .control-label.col-sm-4.paddingMarginRLC' in '10' second(s)

2021-10-21 14:23:54 - [MESSAGE][INFO] - Smart Wait Function is triggered

2021-10-21 14:23:54 - [MESSAGE][INFO] - Found 13 web elements with id: 'Object Repository/Filtreler/Basliklar' located by 'By.cssSelector: .control-label.col-sm-4.paddingMarginRLC' in '10' second(s)

2021-10-21 14:23:54 - [MESSAGE][INFO] - Smart Wait Function is triggered

2021-10-21 14:23:54 - [MESSAGE][PASSED] - Method.TextDegerineEsitElementinAltindakineTikla is PASSED

2021-10-21 14:23:54 - [TEST_STEP][PASSED] - Method.TextDegerineEsitElementinAltindakiTextboxtaYaz(findTestObject("Filtreler/Basliklar"), findTestObject("Object Repository/Filtreler/Basliga_Gore_Bitis"), Filtre_Adi, Filtre_Degeri): Method.TextDegerineEsitElementinAltindakiTextboxtaYaz is PASSED

2021-10-21 14:23:54 - [MESSAGE][INFO] - Finding Test Object 'Object Repository/Filtreler/Basliklar'

2021-10-21 14:23:54 - [MESSAGE][INFO] - Finding Test Object 'Object Repository/Filtreler/Basliga_Gore_Bitis'

2021-10-21 14:23:54 - [MESSAGE][INFO] - Checking timeout

2021-10-21 14:23:54 - [MESSAGE][INFO] - Finding web element with id: 'Object Repository/Filtreler/Basliklar' located by 'By.cssSelector: .control-label.col-sm-4.paddingMarginRLC' in '10' second(s)

2021-10-21 14:23:54 - [MESSAGE][INFO] - Smart Wait Function is triggered

2021-10-21 14:23:55 - [MESSAGE][INFO] - Found 13 web elements with id: 'Object Repository/Filtreler/Basliklar' located by 'By.cssSelector: .control-label.col-sm-4.paddingMarginRLC' in '10' second(s)

2021-10-21 14:23:55 - [MESSAGE][INFO] - Smart Wait Function is triggered

2021-10-21 14:23:55 - [MESSAGE][PASSED] - Method.TextDegerineEsitElementinAltindakiTextboxtaYaz is PASSED

2021-10-21 14:23:55 - [MESSAGE][PASSED] - Call Test Case 'Test Cases/Filtreler/BitisYaz' successfully

2021-10-21 14:23:55 - [MESSAGE][INFO] - Checking called Test Case

2021-10-21 14:23:55 - [MESSAGE][INFO] - Starting to call Test Case 'Test Cases/Filtreler/ButonaTikla'

2021-10-21 14:23:55 - [TEST_CASE][PASSED] - Test Cases/Filtreler/ButonaTikla: Test Cases/Filtreler/ButonaTikla

2021-10-21 14:23:55 - [TEST_STEP][PASSED] - Method.TextDegerineEsitElementeTikla(findTestObject("Filtreler/Butonlar"), Filtre_Buton): Method.TextDegerineEsitElementeTikla is PASSED

2021-10-21 14:23:55 - [MESSAGE][INFO] - Finding Test Object 'Object Repository/Filtreler/Butonlar'

2021-10-21 14:23:55 - [MESSAGE][INFO] - Checking timeout

2021-10-21 14:23:55 - [MESSAGE][INFO] - Finding web element with id: 'Object Repository/Filtreler/Butonlar' located by 'By.cssSelector: .dxb>span' in '10' second(s)

2021-10-21 14:23:55 - [MESSAGE][INFO] - Smart Wait Function is triggered

2021-10-21 14:23:55 - [MESSAGE][INFO] - Found 3 web elements with id: 'Object Repository/Filtreler/Butonlar' located by 'By.cssSelector: .dxb>span' in '10' second(s)

2021-10-21 14:23:56 - [MESSAGE][PASSED] - Method.TextDegerineEsitElementeTikla is PASSED

2021-10-21 14:23:56 - [MESSAGE][PASSED] - Call Test Case 'Test Cases/Filtreler/ButonaTikla' successfully

2021-10-21 14:23:56 - [MESSAGE][INFO] - Checking called Test Case

2021-10-21 14:23:56 - [MESSAGE][INFO] - Starting to call Test Case 'Test Cases/Tablo/TablodaVeriVarMi'

2021-10-21 14:23:56 - [TEST_CASE][PASSED] - Test Cases/Tablo/TablodaVeriVarMi: Test Cases/Tablo/TablodaVeriVarMi

2021-10-21 14:23:56 - [TEST_STEP][PASSED] - verifyTextNotPresent("Görüntülenecek veri yok", true): Text 'Görüntülenecek veri yok' is not present on page using regular expression

2021-10-21 14:23:56 - [MESSAGE][INFO] - Checking text present  using regular expression

2021-10-21 14:23:56 - [MESSAGE][INFO] - Smart Wait Function is triggered

2021-10-21 14:23:57 - [MESSAGE][INFO] - Finding text 'Görüntülenecek veri yok' on page  using regular expression

2021-10-21 14:23:57 - [MESSAGE][PASSED] - Text 'Görüntülenecek veri yok' is not present on page using regular expression

2021-10-21 14:23:57 - [MESSAGE][PASSED] - Call Test Case 'Test Cases/Tablo/TablodaVeriVarMi' successfully

2021-10-21 14:23:57 - [MESSAGE][INFO] - Checking called Test Case

2021-10-21 14:23:57 - [MESSAGE][INFO] - Starting to call Test Case 'Test Cases/Tablo/TablonunButonunaTikla'

2021-10-21 14:23:57 - [TEST_CASE][PASSED] - Test Cases/Tablo/TablonunButonunaTikla: Test Cases/Tablo/TablonunButonunaTikla

2021-10-21 14:23:57 - [TEST_STEP][PASSED] - Method.TextDegerineEsitElementinAltindakiTextDegerineEsitOlanaTikla(findTestObject("Tablo/Veriler"), findTestObject("Tablo/VerininButonu"), Veri, Buton_Adi): Method.TextDegerineEsitElementinAltindakiTextDegerineEsitOlanaTikla is PASSED

2021-10-21 14:23:57 - [MESSAGE][INFO] - Finding Test Object 'Object Repository/Tablo/Veriler'

2021-10-21 14:23:57 - [MESSAGE][INFO] - Finding Test Object 'Object Repository/Tablo/VerininButonu'

2021-10-21 14:23:57 - [MESSAGE][INFO] - Checking timeout

2021-10-21 14:23:57 - [MESSAGE][INFO] - Finding web element with id: 'Object Repository/Tablo/Veriler' located by 'By.cssSelector: td.dxgv b ,td.dxgv' in '10' second(s)

2021-10-21 14:23:57 - [MESSAGE][INFO] - Smart Wait Function is triggered

2021-10-21 14:23:57 - [MESSAGE][INFO] - Found 52 web elements with id: 'Object Repository/Tablo/Veriler' located by 'By.cssSelector: td.dxgv b ,td.dxgv' in '10' second(s)

2021-10-21 14:23:57 - [MESSAGE][INFO] - Smart Wait Function is triggered

2021-10-21 14:23:58 - [MESSAGE][PASSED] - Method.TextDegerineEsitElementinAltindakiTextDegerineEsitOlanaTikla is PASSED

2021-10-21 14:23:58 - [MESSAGE][PASSED] - Call Test Case 'Test Cases/Tablo/TablonunButonunaTikla' successfully

2021-10-21 14:23:58 - [MESSAGE][INFO] - Checking called Test Case

2021-10-21 14:23:58 - [MESSAGE][INFO] - Starting to call Test Case 'Test Cases/Sekmeler/YeniSekmeyeGec'

2021-10-21 14:23:58 - [TEST_CASE][PASSED] - Test Cases/Sekmeler/YeniSekmeyeGec: Test Cases/Sekmeler/YeniSekmeyeGec

2021-10-21 14:23:58 - [TEST_STEP][PASSED] - switchToWindowIndex(1): Switched to window with index: '1'

2021-10-21 14:23:58 - [MESSAGE][INFO] - Checking index

2021-10-21 14:23:58 - [MESSAGE][INFO] - Switching window with index: '1'

2021-10-21 14:23:58 - [MESSAGE][PASSED] - Switched to window with index: '1'

2021-10-21 14:23:58 - [MESSAGE][PASSED] - Call Test Case 'Test Cases/Sekmeler/YeniSekmeyeGec' successfully

2021-10-21 14:23:58 - [MESSAGE][INFO] - Checking called Test Case

2021-10-21 14:23:58 - [MESSAGE][INFO] - Starting to call Test Case 'Test Cases/Sekmeler/YeniSekmeBasligindaVarMi'

2021-10-21 14:23:58 - [TEST_CASE][PASSED] - Test Cases/Sekmeler/YeniSekmeBasligindaVarMi: Test Cases/Sekmeler/YeniSekmeBasligindaVarMi

2021-10-21 14:23:58 - [TEST_STEP][PASSED] - verifyElementText(findTestObject("Object Repository/Sekmeler/Olusturma_Goster_Baslik"), Title): Actual text and expected text of test object 'Object Repository/Sekmeler/Olusturma_Goster_Baslik' are matched.

2021-10-21 14:23:58 - [MESSAGE][INFO] - Finding Test Object 'Object Repository/Sekmeler/Olusturma_Goster_Baslik'

2021-10-21 14:23:58 - [MESSAGE][INFO] - Checking object

2021-10-21 14:23:58 - [MESSAGE][INFO] - Finding web element from Test Object's properties

2021-10-21 14:23:58 - [MESSAGE][INFO] - Checking timeout

2021-10-21 14:23:58 - [MESSAGE][INFO] - Finding web element with id: 'Object Repository/Sekmeler/Olusturma_Goster_Baslik' located by 'By.cssSelector: h1>span,td>font,font' in '30' second(s)

2021-10-21 14:23:58 - [MESSAGE][INFO] - Smart Wait Function is triggered

2021-10-21 14:23:59 - [MESSAGE][INFO] - Found 1 web elements with id: 'Object Repository/Sekmeler/Olusturma_Goster_Baslik' located by 'By.cssSelector: h1>span,td>font,font' in '30' second(s)

2021-10-21 14:23:59 - [MESSAGE][PASSED] - Actual text and expected text of test object 'Object Repository/Sekmeler/Olusturma_Goster_Baslik' are matched.

2021-10-21 14:23:59 - [MESSAGE][PASSED] - Call Test Case 'Test Cases/Sekmeler/YeniSekmeBasligindaVarMi' successfully

2021-10-21 14:23:59 - [MESSAGE][INFO] - Checking called Test Case

2021-10-21 14:23:59 - [MESSAGE][INFO] - Starting to call Test Case 'Test Cases/Sekmeler/Ana_Sekmeye_Gec'

2021-10-21 14:23:59 - [TEST_CASE][PASSED] - Test Cases/Sekmeler/Ana_Sekmeye_Gec: Test Cases/Sekmeler/Ana_Sekmeye_Gec

2021-10-21 14:23:59 - [TEST_STEP][PASSED] - try: Window with index 1 is closed

2021-10-21 14:23:59 - [TEST_STEP][PASSED] - index = getWindowIndex(): Current window's index is: 1

2021-10-21 14:23:59 - [MESSAGE][INFO] - Getting current window's index

2021-10-21 14:23:59 - [MESSAGE][PASSED] - Current window's index is: 1

2021-10-21 14:23:59 - [TEST_STEP][PASSED] - closeWindowIndex(index): Window with index 1 is closed

2021-10-21 14:23:59 - [MESSAGE][INFO] - Checking index

2021-10-21 14:23:59 - [MESSAGE][INFO] - Closing window with index 1

2021-10-21 14:23:59 - [MESSAGE][PASSED] - Window with index 1 is closed

2021-10-21 14:23:59 - [TEST_STEP][PASSED] - switchToWindowIndex(0): Switched to window with index: '0'

2021-10-21 14:23:59 - [MESSAGE][INFO] - Checking index

2021-10-21 14:23:59 - [MESSAGE][INFO] - Switching window with index: '0'

2021-10-21 14:23:59 - [MESSAGE][PASSED] - Switched to window with index: '0'

2021-10-21 14:23:59 - [MESSAGE][PASSED] - Call Test Case 'Test Cases/Sekmeler/Ana_Sekmeye_Gec' successfully

2021-10-21 14:23:59 - [MESSAGE][INFO] - Checking called Test Case

2021-10-21 14:23:59 - [MESSAGE][INFO] - Starting to call Test Case 'Test Cases/Kullanici_Islemleri/KullaniciIslemlerindenSecimYapilir'

2021-10-21 14:23:59 - [TEST_CASE][PASSED] - Test Cases/Kullanici_Islemleri/KullaniciIslemlerindenSecimYapilir: Test Cases/Kullanici_Islemleri/KullaniciIslemlerindenSecimYapilir

2021-10-21 14:23:59 - [TEST_STEP][PASSED] - waitForElementClickable(findTestObject("Object Repository/Kullanici_Islemleri/KullaniciIslemleri"), 10): Object 'Object Repository/Kullanici_Islemleri/KullaniciIslemleri' is clickable

2021-10-21 14:23:59 - [MESSAGE][INFO] - Finding Test Object 'Object Repository/Kullanici_Islemleri/KullaniciIslemleri'

2021-10-21 14:23:59 - [MESSAGE][INFO] - Checking object

2021-10-21 14:23:59 - [MESSAGE][INFO] - Checking timeout

2021-10-21 14:23:59 - [MESSAGE][INFO] - Finding web element from Test Object's properties

2021-10-21 14:23:59 - [MESSAGE][INFO] - Checking timeout

2021-10-21 14:23:59 - [MESSAGE][INFO] - Finding web element with id: 'Object Repository/Kullanici_Islemleri/KullaniciIslemleri' located by 'By.cssSelector: .dropdown>a>img' in '10' second(s)

2021-10-21 14:23:59 - [MESSAGE][INFO] - Smart Wait Function is triggered

2021-10-21 14:24:00 - [MESSAGE][INFO] - Found 1 web elements with id: 'Object Repository/Kullanici_Islemleri/KullaniciIslemleri' located by 'By.cssSelector: .dropdown>a>img' in '10' second(s)

2021-10-21 14:24:00 - [MESSAGE][PASSED] - Object 'Object Repository/Kullanici_Islemleri/KullaniciIslemleri' is clickable

2021-10-21 14:24:00 - [TEST_STEP][PASSED] - click(findTestObject("Object Repository/Kullanici_Islemleri/KullaniciIslemleri")): Object: 'Object Repository/Kullanici_Islemleri/KullaniciIslemleri' is clicked on

2021-10-21 14:24:00 - [MESSAGE][INFO] - Finding Test Object 'Object Repository/Kullanici_Islemleri/KullaniciIslemleri'

2021-10-21 14:24:00 - [MESSAGE][INFO] - Checking object

2021-10-21 14:24:00 - [MESSAGE][INFO] - Finding web element from Test Object's properties

2021-10-21 14:24:00 - [MESSAGE][INFO] - Checking timeout

2021-10-21 14:24:00 - [MESSAGE][INFO] - Finding web element with id: 'Object Repository/Kullanici_Islemleri/KullaniciIslemleri' located by 'By.cssSelector: .dropdown>a>img' in '30' second(s)

2021-10-21 14:24:00 - [MESSAGE][INFO] - Smart Wait Function is triggered

2021-10-21 14:24:00 - [MESSAGE][INFO] - Found 1 web elements with id: 'Object Repository/Kullanici_Islemleri/KullaniciIslemleri' located by 'By.cssSelector: .dropdown>a>img' in '30' second(s)

2021-10-21 14:24:00 - [MESSAGE][INFO] - Clicking on object: 'Object Repository/Kullanici_Islemleri/KullaniciIslemleri'

2021-10-21 14:24:00 - [MESSAGE][PASSED] - Object: 'Object Repository/Kullanici_Islemleri/KullaniciIslemleri' is clicked on

2021-10-21 14:24:00 - [TEST_STEP][PASSED] - Method.TextDegerineEsitElementeTikla(findTestObject("Object Repository/Kullanici_Islemleri/Secenekler"), Islem): Method.TextDegerineEsitElementeTikla is PASSED

2021-10-21 14:24:00 - [MESSAGE][INFO] - Finding Test Object 'Object Repository/Kullanici_Islemleri/Secenekler'

2021-10-21 14:24:00 - [MESSAGE][INFO] - Checking timeout

2021-10-21 14:24:00 - [MESSAGE][INFO] - Finding web element with id: 'Object Repository/Kullanici_Islemleri/Secenekler' located by 'By.cssSelector: .nav.navbar-nav.navbar-right li a' in '10' second(s)

2021-10-21 14:24:00 - [MESSAGE][INFO] - Smart Wait Function is triggered

2021-10-21 14:24:00 - [MESSAGE][INFO] - Found 22 web elements with id: 'Object Repository/Kullanici_Islemleri/Secenekler' located by 'By.cssSelector: .nav.navbar-nav.navbar-right li a' in '10' second(s)

2021-10-21 14:24:02 - [MESSAGE][PASSED] - Method.TextDegerineEsitElementeTikla is PASSED

2021-10-21 14:24:02 - [TEST_STEP][PASSED] - verifyElementNotPresent(findTestObject("Object Repository/Kullanici_Islemleri/Secenekler"), 10): Web element with id: 'Object Repository/Kullanici_Islemleri/Secenekler' located by 'By.cssSelector: .nav.navbar-nav.navbar-right li a' is not present after '10' second(s)

2021-10-21 14:24:02 - [MESSAGE][INFO] - Finding Test Object 'Object Repository/Kullanici_Islemleri/Secenekler'

2021-10-21 14:24:02 - [MESSAGE][INFO] - Checking object

2021-10-21 14:24:02 - [MESSAGE][INFO] - Checking timeout

2021-10-21 14:24:02 - [MESSAGE][INFO] - Finding web element with id: 'Object Repository/Kullanici_Islemleri/Secenekler' located by 'By.cssSelector: .nav.navbar-nav.navbar-right li a' in '10' second(s)

2021-10-21 14:24:02 - [MESSAGE][INFO] - Smart Wait Function is triggered

2021-10-21 14:24:03 - [MESSAGE][PASSED] - Web element with id: 'Object Repository/Kullanici_Islemleri/Secenekler' located by 'By.cssSelector: .nav.navbar-nav.navbar-right li a' is not present after '10' second(s)

2021-10-21 14:24:03 - [MESSAGE][PASSED] - Call Test Case 'Test Cases/Kullanici_Islemleri/KullaniciIslemlerindenSecimYapilir' successfully

2021-10-21 14:24:03 - [TEST_CASE][PASSED] - Start Test Case : SCENARIO e-Serbest Meslek Makbuzlari Goruntule: SCENARIO e-Serbest Meslek Makbuzlari Goruntule

2021-10-21 14:24:03 - [TEST_STEP][PASSED] - Kullanıcı adı ELOGO6 ve Şifre 123456 olarak giriş yapılır: Kullanıcı adı ELOGO6 ve Şifre 123456 olarak giriş yapılır

2021-10-21 14:24:03 - [MESSAGE][PASSED] - Kullanıcı adı ELOGO6 ve Şifre 123456 olarak giriş yapılır

2021-10-21 14:24:03 - [TEST_STEP][PASSED] - Ana menüden e-Makbuz seçilir: Ana menüden e-Makbuz seçilir

2021-10-21 14:24:03 - [MESSAGE][PASSED] - Ana menüden e-Makbuz seçilir

2021-10-21 14:24:03 - [TEST_STEP][PASSED] - Alt menü e-Serbest Meslek Uygulaması başlığı altındaki e-Serbest Meslek Makbuzları seçilir: Alt menü e-Serbest Meslek Uygulaması başlığı altındaki e-Serbest Meslek Makbuzları seçilir

2021-10-21 14:24:03 - [MESSAGE][PASSED] - Alt menü e-Serbest Meslek Uygulaması başlığı altındaki e-Serbest Meslek Makbuzları seçilir

2021-10-21 14:24:03 - [TEST_STEP][PASSED] - Filtrelerden Oluşturma Tarihi filtresine 01.12.2020 baslangic degerini yaz: Filtrelerden Oluşturma Tarihi filtresine 01.12.2020 baslangic degerini yaz

2021-10-21 14:24:03 - [MESSAGE][PASSED] - Filtrelerden Oluşturma Tarihi filtresine 01.12.2020 baslangic degerini yaz

2021-10-21 14:24:03 - [TEST_STEP][PASSED] - Filtrelerden Oluşturma Tarihi filtresine 31.12.2020 bitis degerini yaz: Filtrelerden Oluşturma Tarihi filtresine 31.12.2020 bitis degerini yaz

2021-10-21 14:24:03 - [MESSAGE][PASSED] - Filtrelerden Oluşturma Tarihi filtresine 31.12.2020 bitis degerini yaz

2021-10-21 14:24:03 - [TEST_STEP][PASSED] - Filtre butonlarından Listele seçilir: Filtre butonlarından Listele seçilir

2021-10-21 14:24:03 - [MESSAGE][PASSED] - Filtre butonlarından Listele seçilir

2021-10-21 14:24:03 - [TEST_STEP][PASSED] - Tabloda veri var mı kontrol edilir: Tabloda veri var mı kontrol edilir

2021-10-21 14:24:03 - [MESSAGE][PASSED] - Tabloda veri var mı kontrol edilir

2021-10-21 14:24:03 - [TEST_STEP][PASSED] - Tablodaki TEST isimli verinin Görüntüle adlı butonuna tıklanır: Tablodaki TEST isimli verinin Görüntüle adlı butonuna tıklanır

2021-10-21 14:24:03 - [MESSAGE][PASSED] - Tablodaki TEST isimli verinin Görüntüle adlı butonuna tıklanır

2021-10-21 14:24:03 - [TEST_STEP][PASSED] - Yeni açılan sekmeye geçilir: Yeni açılan sekmeye geçilir

2021-10-21 14:24:03 - [MESSAGE][PASSED] - Yeni açılan sekmeye geçilir

2021-10-21 14:24:03 - [TEST_STEP][PASSED] - Yeni sekme başlığında e-Serbest Meslek Makbuzu var mı kontrol edilir: Yeni sekme başlığında e-Serbest Meslek Makbuzu var mı kontrol edilir

2021-10-21 14:24:03 - [MESSAGE][PASSED] - Yeni sekme başlığında e-Serbest Meslek Makbuzu var mı kontrol edilir

2021-10-21 14:24:03 - [TEST_STEP][PASSED] - Ana sekmeye geçilir: Ana sekmeye geçilir

2021-10-21 14:24:03 - [MESSAGE][PASSED] - Ana sekmeye geçilir

2021-10-21 14:24:03 - [TEST_STEP][PASSED] - Kullanıcı işlemlerinden Çıkış seçilir: Kullanıcı işlemlerinden Çıkış seçilir

2021-10-21 14:24:03 - [MESSAGE][PASSED] - Kullanıcı işlemlerinden Çıkış seçilir

2021-10-21 14:24:03 - [MESSAGE][PASSED] - Feature file: 'Include/features/e-Makbuz/e-Serbest Meslek Uygulaması/e-Serbest Meslek Makbuzlari/Goruntule.feature' was passed

2021-10-21 14:24:03 - [TEST_STEP][PASSED] - Start listener action : sampleAfterTestSuite: Invoke 'com.kms.katalon.core.annotation.AfterTestCase' method: 'Listener.sampleAfterTestSuite(...)' completed.

2021-10-21 14:24:03 - [MESSAGE][INFO] - Starting invoke 'com.kms.katalon.core.annotation.AfterTestCase' method: 'Listener.sampleAfterTestSuite(...)'

2021-10-21 14:24:03 - [TEST_STEP][PASSED] - closeBrowser(): Invoke 'com.kms.katalon.core.annotation.AfterTestCase' method: 'Listener.sampleAfterTestSuite(...)' completed.

2021-10-21 14:24:03 - [MESSAGE][INFO] - Closing browser

2021-10-21 14:24:03 - [MESSAGE][PASSED] - Browser is closed

2021-10-21 14:24:03 - [MESSAGE][INFO] - Invoke 'com.kms.katalon.core.annotation.AfterTestCase' method: 'Listener.sampleAfterTestSuite(...)' completed.]]></system-out>
         <system-err><![CDATA[]]></system-err>
      </testcase>
      <testcase name="Test Cases/Case Repository/e-Makbuz/e-Serbest Meslek Uygulamasi/e-Serbest Meslek Makbuzlari/Iptal Et-Geri Al" time="40.659" classname="Test Cases/Case Repository/e-Makbuz/e-Serbest Meslek Uygulamasi/e-Serbest Meslek Makbuzlari/Iptal Et-Geri Al" status="PASSED">
         <system-out><![CDATA[2021-10-21 14:24:03 - [TEST_CASE][PASSED] - Test Cases/Case Repository/e-Makbuz/e-Serbest Meslek Uygulamasi/e-Serbest Meslek Makbuzlari/Iptal Et-Geri Al: Test Cases/Case Repository/e-Makbuz/e-Serbest Meslek Uygulamasi/e-Serbest Meslek Makbuzlari/Iptal Et-Geri Al

2021-10-21 14:24:03 - [TEST_STEP][PASSED] - Start listener action : sampleBeforeTestSuite: Invoke 'com.kms.katalon.core.annotation.BeforeTestCase' method: 'Listener.sampleBeforeTestSuite(...)' completed.

2021-10-21 14:24:03 - [MESSAGE][INFO] - Starting invoke 'com.kms.katalon.core.annotation.BeforeTestCase' method: 'Listener.sampleBeforeTestSuite(...)'

2021-10-21 14:24:03 - [TEST_STEP][PASSED] - openBrowser(baseUrl): Browser is opened with url: 'https://efatura-stage.elogo.com.tr/'

2021-10-21 14:24:03 - [MESSAGE][INFO] - Opening browser

2021-10-21 14:24:03 - [MESSAGE][INFO] - Starting 'Chrome' driver

2021-10-21 14:24:03 - [MESSAGE][INFO] - User set preference: ['prefs', '{download.default_directory=C:\otomasyondownfiles}']

2021-10-21 14:24:03 - [MESSAGE][INFO] - Action delay is set to 0 milliseconds

2021-10-21 14:24:05 - [MESSAGE][INFO] - Navigating browser to: 'https://efatura-stage.elogo.com.tr/'

2021-10-21 14:24:08 - [MESSAGE][PASSED] - Browser is opened with url: 'https://efatura-stage.elogo.com.tr/'

2021-10-21 14:24:08 - [TEST_STEP][PASSED] - maximizeWindow(): Invoke 'com.kms.katalon.core.annotation.BeforeTestCase' method: 'Listener.sampleBeforeTestSuite(...)' completed.

2021-10-21 14:24:08 - [MESSAGE][INFO] - Maximizing current window

2021-10-21 14:24:08 - [MESSAGE][PASSED] - Current window maximized

2021-10-21 14:24:08 - [MESSAGE][INFO] - Invoke 'com.kms.katalon.core.annotation.BeforeTestCase' method: 'Listener.sampleBeforeTestSuite(...)' completed.

2021-10-21 14:24:08 - [TEST_STEP][PASSED] - runFeatureFile("Include/features/e-Makbuz/e-Serbest Meslek Uygulaması/e-Serbest Meslek Makbuzlari/Iptal Et-Geri Al.feature"): Feature file: 'Include/features/e-Makbuz/e-Serbest Meslek Uygulaması/e-Serbest Meslek Makbuzlari/Iptal Et-Geri Al.feature' was passed

2021-10-21 14:24:08 - [MESSAGE][INFO] - Starting run keyword runFeatureFile: 'Include/features/e-Makbuz/e-Serbest Meslek Uygulaması/e-Serbest Meslek Makbuzlari/Iptal Et-Geri Al.feature' and extract report to folder: 'C:\Users\DELL\Downloads\EES_Katalon-main\Reports\20211021_140437\Suite Repository\e-Makbuz\20211021_140511/cucumber_report/1634815448943'...

2021-10-21 14:24:08 - [MESSAGE][INFO] - Glue: []

2021-10-21 14:24:10 - [MESSAGE][INFO] - Checking called Test Case

2021-10-21 14:24:10 - [MESSAGE][INFO] - Starting to call Test Case 'Test Cases/Sayfalar/Giris_Sayfasi/Login'

2021-10-21 14:24:10 - [TEST_CASE][PASSED] - Test Cases/Sayfalar/Giris_Sayfasi/Login: Test Cases/Sayfalar/Giris_Sayfasi/Login

2021-10-21 14:24:10 - [TEST_STEP][PASSED] - Sayfa_Basligi = getWindowTitle(): Current window's title is: 'LOGO e-Fatura'

2021-10-21 14:24:10 - [MESSAGE][INFO] - Getting current window's title

2021-10-21 14:24:10 - [MESSAGE][PASSED] - Current window's title is: 'LOGO e-Fatura'

2021-10-21 14:24:10 - [TEST_STEP][PASSED] - verifyMatch(Sayfa_Basligi, "LOGO e-Fatura", false): Actual text 'LOGO e-Fatura' and expected text 'LOGO e-Fatura' are matched 

2021-10-21 14:24:10 - [MESSAGE][INFO] - Matching actual text 'LOGO e-Fatura' with expected text 'LOGO e-Fatura'

2021-10-21 14:24:10 - [MESSAGE][PASSED] - Actual text 'LOGO e-Fatura' and expected text 'LOGO e-Fatura' are matched 

2021-10-21 14:24:10 - [TEST_STEP][PASSED] - sendKeys(findTestObject("Sayfalar/Giris_Sayfasi/Firma_Kodu"), KullaniciAdi): Keys 'ELOGO6' sent to object: 'Object Repository/Sayfalar/Giris_Sayfasi/Firma_Kodu'

2021-10-21 14:24:10 - [MESSAGE][INFO] - Finding Test Object 'Object Repository/Sayfalar/Giris_Sayfasi/Firma_Kodu'

2021-10-21 14:24:10 - [MESSAGE][INFO] - Sending keys 'ELOGO6' to object: 'Object Repository/Sayfalar/Giris_Sayfasi/Firma_Kodu'

2021-10-21 14:24:10 - [MESSAGE][INFO] - Finding web element from Test Object's properties

2021-10-21 14:24:10 - [MESSAGE][INFO] - Checking timeout

2021-10-21 14:24:10 - [MESSAGE][INFO] - Finding web element with id: 'Object Repository/Sayfalar/Giris_Sayfasi/Firma_Kodu' located by 'By.xpath: //*[@id = 'AccountName']' in '30' second(s)

2021-10-21 14:24:10 - [MESSAGE][INFO] - Smart Wait Function is triggered

2021-10-21 14:24:10 - [MESSAGE][INFO] - Found 1 web elements with id: 'Object Repository/Sayfalar/Giris_Sayfasi/Firma_Kodu' located by 'By.xpath: //*[@id = 'AccountName']' in '30' second(s)

2021-10-21 14:24:10 - [MESSAGE][PASSED] - Keys 'ELOGO6' sent to object: 'Object Repository/Sayfalar/Giris_Sayfasi/Firma_Kodu'

2021-10-21 14:24:10 - [TEST_STEP][PASSED] - sendKeys(findTestObject("Sayfalar/Giris_Sayfasi/Sifre"), Sifre): Keys '123456' sent to object: 'Object Repository/Sayfalar/Giris_Sayfasi/Sifre'

2021-10-21 14:24:10 - [MESSAGE][INFO] - Finding Test Object 'Object Repository/Sayfalar/Giris_Sayfasi/Sifre'

2021-10-21 14:24:11 - [MESSAGE][INFO] - Sending keys '123456' to object: 'Object Repository/Sayfalar/Giris_Sayfasi/Sifre'

2021-10-21 14:24:11 - [MESSAGE][INFO] - Finding web element from Test Object's properties

2021-10-21 14:24:11 - [MESSAGE][INFO] - Checking timeout

2021-10-21 14:24:11 - [MESSAGE][INFO] - Finding web element with id: 'Object Repository/Sayfalar/Giris_Sayfasi/Sifre' located by 'By.xpath: //*[@id = 'Password']' in '30' second(s)

2021-10-21 14:24:11 - [MESSAGE][INFO] - Smart Wait Function is triggered

2021-10-21 14:24:11 - [MESSAGE][INFO] - Found 1 web elements with id: 'Object Repository/Sayfalar/Giris_Sayfasi/Sifre' located by 'By.xpath: //*[@id = 'Password']' in '30' second(s)

2021-10-21 14:24:11 - [MESSAGE][PASSED] - Keys '123456' sent to object: 'Object Repository/Sayfalar/Giris_Sayfasi/Sifre'

2021-10-21 14:24:11 - [TEST_STEP][PASSED] - findWebElement(findTestObject("Sayfalar/Giris_Sayfasi/Giris_Butonu")).click(): Found 1 web elements with id: 'Object Repository/Sayfalar/Giris_Sayfasi/Giris_Butonu' located by 'By.cssSelector: #btnLogin' in '30' second(s)

2021-10-21 14:24:11 - [MESSAGE][INFO] - Finding Test Object 'Object Repository/Sayfalar/Giris_Sayfasi/Giris_Butonu'

2021-10-21 14:24:11 - [MESSAGE][INFO] - Finding web element from Test Object's properties

2021-10-21 14:24:11 - [MESSAGE][INFO] - Checking timeout

2021-10-21 14:24:11 - [MESSAGE][INFO] - Finding web element with id: 'Object Repository/Sayfalar/Giris_Sayfasi/Giris_Butonu' located by 'By.cssSelector: #btnLogin' in '30' second(s)

2021-10-21 14:24:11 - [MESSAGE][INFO] - Smart Wait Function is triggered

2021-10-21 14:24:11 - [MESSAGE][INFO] - Found 1 web elements with id: 'Object Repository/Sayfalar/Giris_Sayfasi/Giris_Butonu' located by 'By.cssSelector: #btnLogin' in '30' second(s)

2021-10-21 14:24:14 - [TEST_STEP][PASSED] - if (verifyElementPresent(findTestObject("Object Repository/Sayfalar/Giris_Sayfasi/RetveTamam_Butonu"), 5, OPTIONAL)): null

2021-10-21 14:24:14 - [MESSAGE][INFO] - Finding Test Object 'Object Repository/Sayfalar/Giris_Sayfasi/RetveTamam_Butonu'

2021-10-21 14:24:14 - [MESSAGE][INFO] - Checking object

2021-10-21 14:24:14 - [MESSAGE][INFO] - Finding web element from Test Object's properties

2021-10-21 14:24:14 - [MESSAGE][INFO] - Checking timeout

2021-10-21 14:24:14 - [MESSAGE][INFO] - Finding web element with id: 'Object Repository/Sayfalar/Giris_Sayfasi/RetveTamam_Butonu' located by 'By.xpath: //*[@class = 'btn btn-default']' in '5' second(s)

2021-10-21 14:24:14 - [MESSAGE][INFO] - Smart Wait Function is triggered

2021-10-21 14:24:14 - [MESSAGE][INFO] - Found 1 web elements with id: 'Object Repository/Sayfalar/Giris_Sayfasi/RetveTamam_Butonu' located by 'By.xpath: //*[@class = 'btn btn-default']' in '5' second(s)

2021-10-21 14:24:14 - [MESSAGE][PASSED] - Object 'Object Repository/Sayfalar/Giris_Sayfasi/RetveTamam_Butonu' is present

2021-10-21 14:24:14 - [TEST_STEP][PASSED] - click(findTestObject("Object Repository/Sayfalar/Giris_Sayfasi/RetveTamam_Butonu")): Object: 'Object Repository/Sayfalar/Giris_Sayfasi/RetveTamam_Butonu' is clicked on

2021-10-21 14:24:14 - [MESSAGE][INFO] - Finding Test Object 'Object Repository/Sayfalar/Giris_Sayfasi/RetveTamam_Butonu'

2021-10-21 14:24:14 - [MESSAGE][INFO] - Checking object

2021-10-21 14:24:14 - [MESSAGE][INFO] - Finding web element from Test Object's properties

2021-10-21 14:24:14 - [MESSAGE][INFO] - Checking timeout

2021-10-21 14:24:14 - [MESSAGE][INFO] - Finding web element with id: 'Object Repository/Sayfalar/Giris_Sayfasi/RetveTamam_Butonu' located by 'By.xpath: //*[@class = 'btn btn-default']' in '30' second(s)

2021-10-21 14:24:14 - [MESSAGE][INFO] - Smart Wait Function is triggered

2021-10-21 14:24:14 - [MESSAGE][INFO] - Found 1 web elements with id: 'Object Repository/Sayfalar/Giris_Sayfasi/RetveTamam_Butonu' located by 'By.xpath: //*[@class = 'btn btn-default']' in '30' second(s)

2021-10-21 14:24:14 - [MESSAGE][INFO] - Clicking on object: 'Object Repository/Sayfalar/Giris_Sayfasi/RetveTamam_Butonu'

2021-10-21 14:24:14 - [MESSAGE][PASSED] - Object: 'Object Repository/Sayfalar/Giris_Sayfasi/RetveTamam_Butonu' is clicked on

2021-10-21 14:24:14 - [TEST_STEP][PASSED] - click(findTestObject("Object Repository/Sayfalar/Giris_Sayfasi/RetveTamam_Butonu")): Object: 'Object Repository/Sayfalar/Giris_Sayfasi/RetveTamam_Butonu' is clicked on

2021-10-21 14:24:14 - [MESSAGE][INFO] - Finding Test Object 'Object Repository/Sayfalar/Giris_Sayfasi/RetveTamam_Butonu'

2021-10-21 14:24:15 - [MESSAGE][INFO] - Checking object

2021-10-21 14:24:15 - [MESSAGE][INFO] - Finding web element from Test Object's properties

2021-10-21 14:24:15 - [MESSAGE][INFO] - Checking timeout

2021-10-21 14:24:15 - [MESSAGE][INFO] - Finding web element with id: 'Object Repository/Sayfalar/Giris_Sayfasi/RetveTamam_Butonu' located by 'By.xpath: //*[@class = 'btn btn-default']' in '30' second(s)

2021-10-21 14:24:15 - [MESSAGE][INFO] - Smart Wait Function is triggered

2021-10-21 14:24:18 - [MESSAGE][INFO] - Found 1 web elements with id: 'Object Repository/Sayfalar/Giris_Sayfasi/RetveTamam_Butonu' located by 'By.xpath: //*[@class = 'btn btn-default']' in '30' second(s)

2021-10-21 14:24:18 - [MESSAGE][INFO] - Clicking on object: 'Object Repository/Sayfalar/Giris_Sayfasi/RetveTamam_Butonu'

2021-10-21 14:24:18 - [MESSAGE][PASSED] - Object: 'Object Repository/Sayfalar/Giris_Sayfasi/RetveTamam_Butonu' is clicked on

2021-10-21 14:24:18 - [TEST_STEP][PASSED] - if (verifyElementPresent(findTestObject("Sayfalar/Giris_Sayfasi/PopupOK"), 5, OPTIONAL)): null

2021-10-21 14:24:18 - [MESSAGE][INFO] - Finding Test Object 'Object Repository/Sayfalar/Giris_Sayfasi/PopupOK'

2021-10-21 14:24:18 - [MESSAGE][INFO] - Checking object

2021-10-21 14:24:18 - [MESSAGE][INFO] - Finding web element from Test Object's properties

2021-10-21 14:24:18 - [MESSAGE][INFO] - Checking timeout

2021-10-21 14:24:18 - [MESSAGE][INFO] - Finding web element with id: 'Object Repository/Sayfalar/Giris_Sayfasi/PopupOK' located by 'By.cssSelector: .btn.btn-success' in '5' second(s)

2021-10-21 14:24:18 - [MESSAGE][INFO] - Smart Wait Function is triggered

2021-10-21 14:24:18 - [MESSAGE][INFO] - Found 1 web elements with id: 'Object Repository/Sayfalar/Giris_Sayfasi/PopupOK' located by 'By.cssSelector: .btn.btn-success' in '5' second(s)

2021-10-21 14:24:18 - [MESSAGE][PASSED] - Object 'Object Repository/Sayfalar/Giris_Sayfasi/PopupOK' is present

2021-10-21 14:24:18 - [TEST_STEP][PASSED] - click(findTestObject("Object Repository/Sayfalar/Giris_Sayfasi/PopupCarpiGiris")): Object: 'Object Repository/Sayfalar/Giris_Sayfasi/PopupCarpiGiris' is clicked on

2021-10-21 14:24:18 - [MESSAGE][INFO] - Finding Test Object 'Object Repository/Sayfalar/Giris_Sayfasi/PopupCarpiGiris'

2021-10-21 14:24:18 - [MESSAGE][INFO] - Checking object

2021-10-21 14:24:18 - [MESSAGE][INFO] - Finding web element from Test Object's properties

2021-10-21 14:24:18 - [MESSAGE][INFO] - Checking timeout

2021-10-21 14:24:18 - [MESSAGE][INFO] - Finding web element with id: 'Object Repository/Sayfalar/Giris_Sayfasi/PopupCarpiGiris' located by 'By.cssSelector: .bootbox-close-button.close' in '30' second(s)

2021-10-21 14:24:18 - [MESSAGE][INFO] - Smart Wait Function is triggered

2021-10-21 14:24:18 - [MESSAGE][INFO] - Found 1 web elements with id: 'Object Repository/Sayfalar/Giris_Sayfasi/PopupCarpiGiris' located by 'By.cssSelector: .bootbox-close-button.close' in '30' second(s)

2021-10-21 14:24:18 - [MESSAGE][INFO] - Clicking on object: 'Object Repository/Sayfalar/Giris_Sayfasi/PopupCarpiGiris'

2021-10-21 14:24:19 - [MESSAGE][PASSED] - Object: 'Object Repository/Sayfalar/Giris_Sayfasi/PopupCarpiGiris' is clicked on

2021-10-21 14:24:19 - [TEST_STEP][PASSED] - verifyElementVisible(findTestObject("Object Repository/Kullanici_Islemleri/KullaniciIslemleri")): Object 'Object Repository/Kullanici_Islemleri/KullaniciIslemleri' is visible

2021-10-21 14:24:19 - [MESSAGE][INFO] - Finding Test Object 'Object Repository/Kullanici_Islemleri/KullaniciIslemleri'

2021-10-21 14:24:19 - [MESSAGE][INFO] - Checking object

2021-10-21 14:24:19 - [MESSAGE][INFO] - Finding web element from Test Object's properties

2021-10-21 14:24:19 - [MESSAGE][INFO] - Checking timeout

2021-10-21 14:24:19 - [MESSAGE][INFO] - Finding web element with id: 'Object Repository/Kullanici_Islemleri/KullaniciIslemleri' located by 'By.cssSelector: .dropdown>a>img' in '30' second(s)

2021-10-21 14:24:19 - [MESSAGE][INFO] - Smart Wait Function is triggered

2021-10-21 14:24:19 - [MESSAGE][INFO] - Found 1 web elements with id: 'Object Repository/Kullanici_Islemleri/KullaniciIslemleri' located by 'By.cssSelector: .dropdown>a>img' in '30' second(s)

2021-10-21 14:24:19 - [MESSAGE][PASSED] - Object 'Object Repository/Kullanici_Islemleri/KullaniciIslemleri' is visible

2021-10-21 14:24:19 - [MESSAGE][PASSED] - Call Test Case 'Test Cases/Sayfalar/Giris_Sayfasi/Login' successfully

2021-10-21 14:24:19 - [MESSAGE][INFO] - Checking called Test Case

2021-10-21 14:24:19 - [MESSAGE][INFO] - Starting to call Test Case 'Test Cases/Menu/AnaMenuSecimi'

2021-10-21 14:24:19 - [TEST_CASE][PASSED] - Test Cases/Menu/AnaMenuSecimi: Test Cases/Menu/AnaMenuSecimi

2021-10-21 14:24:19 - [TEST_STEP][PASSED] - Method.TextDegerineEsitElementeTikla(findTestObject("Menu/Ana_Menu"), Ana_Menu): Method.TextDegerineEsitElementeTikla is PASSED

2021-10-21 14:24:19 - [MESSAGE][INFO] - Finding Test Object 'Object Repository/Menu/Ana_Menu'

2021-10-21 14:24:19 - [MESSAGE][INFO] - Checking timeout

2021-10-21 14:24:19 - [MESSAGE][INFO] - Finding web element with id: 'Object Repository/Menu/Ana_Menu' located by 'By.xpath: //*[@class = 'dropdown-toggle']' in '10' second(s)

2021-10-21 14:24:19 - [MESSAGE][INFO] - Smart Wait Function is triggered

2021-10-21 14:24:20 - [MESSAGE][INFO] - Found 14 web elements with id: 'Object Repository/Menu/Ana_Menu' located by 'By.xpath: //*[@class = 'dropdown-toggle']' in '10' second(s)

2021-10-21 14:24:20 - [MESSAGE][PASSED] - Method.TextDegerineEsitElementeTikla is PASSED

2021-10-21 14:24:20 - [MESSAGE][PASSED] - Call Test Case 'Test Cases/Menu/AnaMenuSecimi' successfully

2021-10-21 14:24:20 - [MESSAGE][INFO] - Checking called Test Case

2021-10-21 14:24:20 - [MESSAGE][INFO] - Starting to call Test Case 'Test Cases/Menu/BasligaGoreAltMenuSecimi'

2021-10-21 14:24:20 - [TEST_CASE][PASSED] - Test Cases/Menu/BasligaGoreAltMenuSecimi: Test Cases/Menu/BasligaGoreAltMenuSecimi

2021-10-21 14:24:20 - [TEST_STEP][PASSED] - Method.TextDegerineEsitElementinAltindakiTextDegerineEsitOlanaTikla(findTestObject("Menu/Menu_Basligi"), findTestObject("Menu/Basliga_Gore_Alt_Menu"), Baslik, Alt_Menu): Method.TextDegerineEsitElementinAltindakiTextDegerineEsitOlanaTikla is PASSED

2021-10-21 14:24:20 - [MESSAGE][INFO] - Finding Test Object 'Object Repository/Menu/Menu_Basligi'

2021-10-21 14:24:20 - [MESSAGE][INFO] - Finding Test Object 'Object Repository/Menu/Basliga_Gore_Alt_Menu'

2021-10-21 14:24:20 - [MESSAGE][INFO] - Checking timeout

2021-10-21 14:24:20 - [MESSAGE][INFO] - Finding web element with id: 'Object Repository/Menu/Menu_Basligi' located by 'By.xpath: //li[@class='dropdown dropdown-large open']//li[@class='dropdown-header']' in '10' second(s)

2021-10-21 14:24:20 - [MESSAGE][INFO] - Smart Wait Function is triggered

2021-10-21 14:24:20 - [MESSAGE][INFO] - Found 2 web elements with id: 'Object Repository/Menu/Menu_Basligi' located by 'By.xpath: //li[@class='dropdown dropdown-large open']//li[@class='dropdown-header']' in '10' second(s)

2021-10-21 14:24:20 - [MESSAGE][INFO] - Smart Wait Function is triggered

2021-10-21 14:24:23 - [MESSAGE][PASSED] - Method.TextDegerineEsitElementinAltindakiTextDegerineEsitOlanaTikla is PASSED

2021-10-21 14:24:23 - [MESSAGE][PASSED] - Call Test Case 'Test Cases/Menu/BasligaGoreAltMenuSecimi' successfully

2021-10-21 14:24:23 - [MESSAGE][INFO] - Checking called Test Case

2021-10-21 14:24:23 - [MESSAGE][INFO] - Starting to call Test Case 'Test Cases/Filtreler/BaslangicYaz'

2021-10-21 14:24:23 - [TEST_CASE][PASSED] - Test Cases/Filtreler/BaslangicYaz: Test Cases/Filtreler/BaslangicYaz

2021-10-21 14:24:23 - [TEST_STEP][PASSED] - Method.TextDegerineEsitElementinAltindakineTikla(findTestObject("Filtreler/Basliklar"), findTestObject("Filtreler/Basliga_Gore_Baslangic_Image"), Filtre_Adi): Method.TextDegerineEsitElementinAltindakineTikla is PASSED

2021-10-21 14:24:23 - [MESSAGE][INFO] - Finding Test Object 'Object Repository/Filtreler/Basliklar'

2021-10-21 14:24:23 - [MESSAGE][INFO] - Finding Test Object 'Object Repository/Filtreler/Basliga_Gore_Baslangic_Image'

2021-10-21 14:24:23 - [MESSAGE][INFO] - Checking timeout

2021-10-21 14:24:23 - [MESSAGE][INFO] - Finding web element with id: 'Object Repository/Filtreler/Basliklar' located by 'By.cssSelector: .control-label.col-sm-4.paddingMarginRLC' in '10' second(s)

2021-10-21 14:24:23 - [MESSAGE][INFO] - Smart Wait Function is triggered

2021-10-21 14:24:23 - [MESSAGE][INFO] - Found 13 web elements with id: 'Object Repository/Filtreler/Basliklar' located by 'By.cssSelector: .control-label.col-sm-4.paddingMarginRLC' in '10' second(s)

2021-10-21 14:24:23 - [MESSAGE][INFO] - Smart Wait Function is triggered

2021-10-21 14:24:23 - [MESSAGE][PASSED] - Method.TextDegerineEsitElementinAltindakineTikla is PASSED

2021-10-21 14:24:23 - [TEST_STEP][PASSED] - Method.TextDegerineEsitElementinAltindakiTextboxtaYaz(findTestObject("Filtreler/Basliklar"), findTestObject("Filtreler/Basliga_Gore_Baslangic"), Filtre_Adi, Filtre_Degeri): Method.TextDegerineEsitElementinAltindakiTextboxtaYaz is PASSED

2021-10-21 14:24:23 - [MESSAGE][INFO] - Finding Test Object 'Object Repository/Filtreler/Basliklar'

2021-10-21 14:24:24 - [MESSAGE][INFO] - Finding Test Object 'Object Repository/Filtreler/Basliga_Gore_Baslangic'

2021-10-21 14:24:24 - [MESSAGE][INFO] - Checking timeout

2021-10-21 14:24:24 - [MESSAGE][INFO] - Finding web element with id: 'Object Repository/Filtreler/Basliklar' located by 'By.cssSelector: .control-label.col-sm-4.paddingMarginRLC' in '10' second(s)

2021-10-21 14:24:24 - [MESSAGE][INFO] - Smart Wait Function is triggered

2021-10-21 14:24:24 - [MESSAGE][INFO] - Found 13 web elements with id: 'Object Repository/Filtreler/Basliklar' located by 'By.cssSelector: .control-label.col-sm-4.paddingMarginRLC' in '10' second(s)

2021-10-21 14:24:24 - [MESSAGE][INFO] - Smart Wait Function is triggered

2021-10-21 14:24:24 - [MESSAGE][PASSED] - Method.TextDegerineEsitElementinAltindakiTextboxtaYaz is PASSED

2021-10-21 14:24:24 - [MESSAGE][PASSED] - Call Test Case 'Test Cases/Filtreler/BaslangicYaz' successfully

2021-10-21 14:24:24 - [MESSAGE][INFO] - Checking called Test Case

2021-10-21 14:24:24 - [MESSAGE][INFO] - Starting to call Test Case 'Test Cases/Filtreler/BitisYaz'

2021-10-21 14:24:24 - [TEST_CASE][PASSED] - Test Cases/Filtreler/BitisYaz: Test Cases/Filtreler/BitisYaz

2021-10-21 14:24:24 - [TEST_STEP][PASSED] - Method.TextDegerineEsitElementinAltindakineTikla(findTestObject("Filtreler/Basliklar"), findTestObject("Filtreler/Basliga_Gore_Bitis_Image"), Filtre_Adi): Method.TextDegerineEsitElementinAltindakineTikla is PASSED

2021-10-21 14:24:24 - [MESSAGE][INFO] - Finding Test Object 'Object Repository/Filtreler/Basliklar'

2021-10-21 14:24:25 - [MESSAGE][INFO] - Finding Test Object 'Object Repository/Filtreler/Basliga_Gore_Bitis_Image'

2021-10-21 14:24:25 - [MESSAGE][INFO] - Checking timeout

2021-10-21 14:24:25 - [MESSAGE][INFO] - Finding web element with id: 'Object Repository/Filtreler/Basliklar' located by 'By.cssSelector: .control-label.col-sm-4.paddingMarginRLC' in '10' second(s)

2021-10-21 14:24:25 - [MESSAGE][INFO] - Smart Wait Function is triggered

2021-10-21 14:24:25 - [MESSAGE][INFO] - Found 13 web elements with id: 'Object Repository/Filtreler/Basliklar' located by 'By.cssSelector: .control-label.col-sm-4.paddingMarginRLC' in '10' second(s)

2021-10-21 14:24:25 - [MESSAGE][INFO] - Smart Wait Function is triggered

2021-10-21 14:24:25 - [MESSAGE][PASSED] - Method.TextDegerineEsitElementinAltindakineTikla is PASSED

2021-10-21 14:24:25 - [TEST_STEP][PASSED] - Method.TextDegerineEsitElementinAltindakiTextboxtaYaz(findTestObject("Filtreler/Basliklar"), findTestObject("Object Repository/Filtreler/Basliga_Gore_Bitis"), Filtre_Adi, Filtre_Degeri): Method.TextDegerineEsitElementinAltindakiTextboxtaYaz is PASSED

2021-10-21 14:24:25 - [MESSAGE][INFO] - Finding Test Object 'Object Repository/Filtreler/Basliklar'

2021-10-21 14:24:25 - [MESSAGE][INFO] - Finding Test Object 'Object Repository/Filtreler/Basliga_Gore_Bitis'

2021-10-21 14:24:25 - [MESSAGE][INFO] - Checking timeout

2021-10-21 14:24:25 - [MESSAGE][INFO] - Finding web element with id: 'Object Repository/Filtreler/Basliklar' located by 'By.cssSelector: .control-label.col-sm-4.paddingMarginRLC' in '10' second(s)

2021-10-21 14:24:25 - [MESSAGE][INFO] - Smart Wait Function is triggered

2021-10-21 14:24:26 - [MESSAGE][INFO] - Found 13 web elements with id: 'Object Repository/Filtreler/Basliklar' located by 'By.cssSelector: .control-label.col-sm-4.paddingMarginRLC' in '10' second(s)

2021-10-21 14:24:26 - [MESSAGE][INFO] - Smart Wait Function is triggered

2021-10-21 14:24:26 - [MESSAGE][PASSED] - Method.TextDegerineEsitElementinAltindakiTextboxtaYaz is PASSED

2021-10-21 14:24:26 - [MESSAGE][PASSED] - Call Test Case 'Test Cases/Filtreler/BitisYaz' successfully

2021-10-21 14:24:26 - [MESSAGE][INFO] - Checking called Test Case

2021-10-21 14:24:26 - [MESSAGE][INFO] - Starting to call Test Case 'Test Cases/Filtreler/ButonaTikla'

2021-10-21 14:24:26 - [TEST_CASE][PASSED] - Test Cases/Filtreler/ButonaTikla: Test Cases/Filtreler/ButonaTikla

2021-10-21 14:24:26 - [TEST_STEP][PASSED] - Method.TextDegerineEsitElementeTikla(findTestObject("Filtreler/Butonlar"), Filtre_Buton): Method.TextDegerineEsitElementeTikla is PASSED

2021-10-21 14:24:26 - [MESSAGE][INFO] - Finding Test Object 'Object Repository/Filtreler/Butonlar'

2021-10-21 14:24:26 - [MESSAGE][INFO] - Checking timeout

2021-10-21 14:24:26 - [MESSAGE][INFO] - Finding web element with id: 'Object Repository/Filtreler/Butonlar' located by 'By.cssSelector: .dxb>span' in '10' second(s)

2021-10-21 14:24:26 - [MESSAGE][INFO] - Smart Wait Function is triggered

2021-10-21 14:24:26 - [MESSAGE][INFO] - Found 3 web elements with id: 'Object Repository/Filtreler/Butonlar' located by 'By.cssSelector: .dxb>span' in '10' second(s)

2021-10-21 14:24:27 - [MESSAGE][PASSED] - Method.TextDegerineEsitElementeTikla is PASSED

2021-10-21 14:24:27 - [MESSAGE][PASSED] - Call Test Case 'Test Cases/Filtreler/ButonaTikla' successfully

2021-10-21 14:24:27 - [MESSAGE][INFO] - Checking called Test Case

2021-10-21 14:24:27 - [MESSAGE][INFO] - Starting to call Test Case 'Test Cases/Tablo/TablodaVeriVarMi'

2021-10-21 14:24:27 - [TEST_CASE][PASSED] - Test Cases/Tablo/TablodaVeriVarMi: Test Cases/Tablo/TablodaVeriVarMi

2021-10-21 14:24:27 - [TEST_STEP][PASSED] - verifyTextNotPresent("Görüntülenecek veri yok", true): Text 'Görüntülenecek veri yok' is not present on page using regular expression

2021-10-21 14:24:27 - [MESSAGE][INFO] - Checking text present  using regular expression

2021-10-21 14:24:27 - [MESSAGE][INFO] - Smart Wait Function is triggered

2021-10-21 14:24:27 - [MESSAGE][INFO] - Finding text 'Görüntülenecek veri yok' on page  using regular expression

2021-10-21 14:24:27 - [MESSAGE][PASSED] - Text 'Görüntülenecek veri yok' is not present on page using regular expression

2021-10-21 14:24:27 - [MESSAGE][PASSED] - Call Test Case 'Test Cases/Tablo/TablodaVeriVarMi' successfully

2021-10-21 14:24:27 - [MESSAGE][INFO] - Checking called Test Case

2021-10-21 14:24:27 - [MESSAGE][INFO] - Starting to call Test Case 'Test Cases/Tablo/TablodanVeriSec'

2021-10-21 14:24:27 - [TEST_CASE][PASSED] - Test Cases/Tablo/TablodanVeriSec: Test Cases/Tablo/TablodanVeriSec

2021-10-21 14:24:27 - [TEST_STEP][PASSED] - Method.TextDegerineEsitElementinAltindakineTikla(findTestObject("Tablo/Veriler"), findTestObject("Tablo/VerininCheckBoxi"), Veri_Adi): Method.TextDegerineEsitElementinAltindakineTikla is PASSED

2021-10-21 14:24:27 - [MESSAGE][INFO] - Finding Test Object 'Object Repository/Tablo/Veriler'

2021-10-21 14:24:28 - [MESSAGE][INFO] - Finding Test Object 'Object Repository/Tablo/VerininCheckBoxi'

2021-10-21 14:24:28 - [MESSAGE][INFO] - Checking timeout

2021-10-21 14:24:28 - [MESSAGE][INFO] - Finding web element with id: 'Object Repository/Tablo/Veriler' located by 'By.cssSelector: td.dxgv b ,td.dxgv' in '10' second(s)

2021-10-21 14:24:28 - [MESSAGE][INFO] - Smart Wait Function is triggered

2021-10-21 14:24:28 - [MESSAGE][INFO] - Found 52 web elements with id: 'Object Repository/Tablo/Veriler' located by 'By.cssSelector: td.dxgv b ,td.dxgv' in '10' second(s)

2021-10-21 14:24:28 - [MESSAGE][INFO] - Smart Wait Function is triggered

2021-10-21 14:24:28 - [MESSAGE][PASSED] - Method.TextDegerineEsitElementinAltindakineTikla is PASSED

2021-10-21 14:24:28 - [MESSAGE][PASSED] - Call Test Case 'Test Cases/Tablo/TablodanVeriSec' successfully

2021-10-21 14:24:28 - [MESSAGE][INFO] - Checking called Test Case

2021-10-21 14:24:28 - [MESSAGE][INFO] - Starting to call Test Case 'Test Cases/Butonlar/ButonaTikla'

2021-10-21 14:24:28 - [TEST_CASE][PASSED] - Test Cases/Butonlar/ButonaTikla: Test Cases/Butonlar/ButonaTikla

2021-10-21 14:24:28 - [TEST_STEP][PASSED] - Method.TextDegerineEsitElementeTiklaEquals(findTestObject("Butonlar/Butonlar"), Buton_Adi): Method.TextDegerineEsitElementeTiklaEquals is PASSED

2021-10-21 14:24:28 - [MESSAGE][INFO] - Finding Test Object 'Object Repository/Butonlar/Butonlar'

2021-10-21 14:24:28 - [MESSAGE][INFO] - Checking timeout

2021-10-21 14:24:28 - [MESSAGE][INFO] - Finding web element with id: 'Object Repository/Butonlar/Butonlar' located by 'By.cssSelector: .panel.panel-default.text-center.footerPanel .btn,.btn.btn-primary.btnControls' in '10' second(s)

2021-10-21 14:24:28 - [MESSAGE][INFO] - Smart Wait Function is triggered

2021-10-21 14:24:29 - [MESSAGE][INFO] - Found 11 web elements with id: 'Object Repository/Butonlar/Butonlar' located by 'By.cssSelector: .panel.panel-default.text-center.footerPanel .btn,.btn.btn-primary.btnControls' in '10' second(s)

2021-10-21 14:24:29 - [MESSAGE][PASSED] - Method.TextDegerineEsitElementeTiklaEquals is PASSED

2021-10-21 14:24:29 - [MESSAGE][PASSED] - Call Test Case 'Test Cases/Butonlar/ButonaTikla' successfully

2021-10-21 14:24:29 - [MESSAGE][INFO] - Checking called Test Case

2021-10-21 14:24:29 - [MESSAGE][INFO] - Starting to call Test Case 'Test Cases/Butonlar/AltButonaTikla'

2021-10-21 14:24:29 - [TEST_CASE][PASSED] - Test Cases/Butonlar/AltButonaTikla: Test Cases/Butonlar/AltButonaTikla

2021-10-21 14:24:29 - [TEST_STEP][PASSED] - Method.TextDegerineEsitElementeTikla(findTestObject("Butonlar/AltButonlar"), Alt_Buton): Method.TextDegerineEsitElementeTikla is PASSED

2021-10-21 14:24:29 - [MESSAGE][INFO] - Finding Test Object 'Object Repository/Butonlar/AltButonlar'

2021-10-21 14:24:29 - [MESSAGE][INFO] - Checking timeout

2021-10-21 14:24:29 - [MESSAGE][INFO] - Finding web element with id: 'Object Repository/Butonlar/AltButonlar' located by 'By.cssSelector: .btn-group.open li>a' in '10' second(s)

2021-10-21 14:24:29 - [MESSAGE][INFO] - Smart Wait Function is triggered

2021-10-21 14:24:29 - [MESSAGE][INFO] - Found 2 web elements with id: 'Object Repository/Butonlar/AltButonlar' located by 'By.cssSelector: .btn-group.open li>a' in '10' second(s)

2021-10-21 14:24:30 - [MESSAGE][PASSED] - Method.TextDegerineEsitElementeTikla is PASSED

2021-10-21 14:24:30 - [MESSAGE][PASSED] - Call Test Case 'Test Cases/Butonlar/AltButonaTikla' successfully

2021-10-21 14:24:30 - [MESSAGE][INFO] - Checking called Test Case

2021-10-21 14:24:30 - [MESSAGE][INFO] - Starting to call Test Case 'Test Cases/Popup/PopupMesajiIceriyorMu'

2021-10-21 14:24:30 - [TEST_CASE][PASSED] - Test Cases/Popup/PopupMesajiIceriyorMu: Test Cases/Popup/PopupMesajiIceriyorMu

2021-10-21 14:24:30 - [TEST_STEP][PASSED] - waitForElementVisible(findTestObject("Popup/Popup"), 10): Object 'Object Repository/Popup/Popup' is visible

2021-10-21 14:24:30 - [MESSAGE][INFO] - Finding Test Object 'Object Repository/Popup/Popup'

2021-10-21 14:24:30 - [MESSAGE][INFO] - Checking object

2021-10-21 14:24:30 - [MESSAGE][INFO] - Checking timeout

2021-10-21 14:24:30 - [MESSAGE][INFO] - Finding web element from Test Object's properties

2021-10-21 14:24:30 - [MESSAGE][INFO] - Checking timeout

2021-10-21 14:24:30 - [MESSAGE][INFO] - Finding web element with id: 'Object Repository/Popup/Popup' located by 'By.cssSelector: .bootbox-body' in '10' second(s)

2021-10-21 14:24:30 - [MESSAGE][INFO] - Smart Wait Function is triggered

2021-10-21 14:24:30 - [MESSAGE][INFO] - Found 1 web elements with id: 'Object Repository/Popup/Popup' located by 'By.cssSelector: .bootbox-body' in '10' second(s)

2021-10-21 14:24:30 - [MESSAGE][PASSED] - Object 'Object Repository/Popup/Popup' is visible

2021-10-21 14:24:30 - [TEST_STEP][PASSED] - if (!(getText(findTestObject("Popup/Popup")).contains(Mesaj))): Text of object 'Object Repository/Popup/Popup' is: 'Seçilen makbuzlardan başarılı durumunda olanlar iptal edilecektir onaylıyor musunuz?'

2021-10-21 14:24:30 - [MESSAGE][INFO] - Finding Test Object 'Object Repository/Popup/Popup'

2021-10-21 14:24:31 - [MESSAGE][INFO] - Checking object

2021-10-21 14:24:31 - [MESSAGE][INFO] - Finding web element from Test Object's properties

2021-10-21 14:24:31 - [MESSAGE][INFO] - Checking timeout

2021-10-21 14:24:31 - [MESSAGE][INFO] - Finding web element with id: 'Object Repository/Popup/Popup' located by 'By.cssSelector: .bootbox-body' in '30' second(s)

2021-10-21 14:24:31 - [MESSAGE][INFO] - Smart Wait Function is triggered

2021-10-21 14:24:31 - [MESSAGE][INFO] - Found 1 web elements with id: 'Object Repository/Popup/Popup' located by 'By.cssSelector: .bootbox-body' in '30' second(s)

2021-10-21 14:24:31 - [MESSAGE][INFO] - Getting text of object 'Object Repository/Popup/Popup'

2021-10-21 14:24:31 - [MESSAGE][PASSED] - Text of object 'Object Repository/Popup/Popup' is: 'Seçilen makbuzlardan başarılı durumunda olanlar iptal edilecektir onaylıyor musunuz?'

2021-10-21 14:24:31 - [TEST_STEP][PASSED] - RaporNo = getText(findTestObject("Popup/Popup")).substring(0, 6): Text of object 'Object Repository/Popup/Popup' is: 'Seçilen makbuzlardan başarılı durumunda olanlar iptal edilecektir onaylıyor musunuz?'

2021-10-21 14:24:31 - [MESSAGE][INFO] - Finding Test Object 'Object Repository/Popup/Popup'

2021-10-21 14:24:31 - [MESSAGE][INFO] - Checking object

2021-10-21 14:24:31 - [MESSAGE][INFO] - Finding web element from Test Object's properties

2021-10-21 14:24:31 - [MESSAGE][INFO] - Checking timeout

2021-10-21 14:24:31 - [MESSAGE][INFO] - Finding web element with id: 'Object Repository/Popup/Popup' located by 'By.cssSelector: .bootbox-body' in '30' second(s)

2021-10-21 14:24:31 - [MESSAGE][INFO] - Smart Wait Function is triggered

2021-10-21 14:24:31 - [MESSAGE][INFO] - Found 1 web elements with id: 'Object Repository/Popup/Popup' located by 'By.cssSelector: .bootbox-body' in '30' second(s)

2021-10-21 14:24:31 - [MESSAGE][INFO] - Getting text of object 'Object Repository/Popup/Popup'

2021-10-21 14:24:31 - [MESSAGE][PASSED] - Text of object 'Object Repository/Popup/Popup' is: 'Seçilen makbuzlardan başarılı durumunda olanlar iptal edilecektir onaylıyor musunuz?'

2021-10-21 14:24:31 - [TEST_STEP][PASSED] - Console.println(RaporNo): null

2021-10-21 14:24:31 - [MESSAGE][PASSED] - Call Test Case 'Test Cases/Popup/PopupMesajiIceriyorMu' successfully

2021-10-21 14:24:31 - [MESSAGE][INFO] - Checking called Test Case

2021-10-21 14:24:31 - [MESSAGE][INFO] - Starting to call Test Case 'Test Cases/Popup/PopupButonSecilir'

2021-10-21 14:24:31 - [TEST_CASE][PASSED] - Test Cases/Popup/PopupButonSecilir: Test Cases/Popup/PopupButonSecilir

2021-10-21 14:24:31 - [TEST_STEP][PASSED] - Method.TextDegerineEsitElementeTikla(findTestObject("Popup/Popup_Butons"), Buton): Method.TextDegerineEsitElementeTikla is PASSED

2021-10-21 14:24:31 - [MESSAGE][INFO] - Finding Test Object 'Object Repository/Popup/Popup_Butons'

2021-10-21 14:24:31 - [MESSAGE][INFO] - Checking timeout

2021-10-21 14:24:31 - [MESSAGE][INFO] - Finding web element with id: 'Object Repository/Popup/Popup_Butons' located by 'By.cssSelector: .modal-footer>button' in '10' second(s)

2021-10-21 14:24:31 - [MESSAGE][INFO] - Smart Wait Function is triggered

2021-10-21 14:24:32 - [MESSAGE][INFO] - Found 2 web elements with id: 'Object Repository/Popup/Popup_Butons' located by 'By.cssSelector: .modal-footer>button' in '10' second(s)

2021-10-21 14:24:32 - [MESSAGE][PASSED] - Method.TextDegerineEsitElementeTikla is PASSED

2021-10-21 14:24:32 - [MESSAGE][PASSED] - Call Test Case 'Test Cases/Popup/PopupButonSecilir' successfully

2021-10-21 14:24:32 - [MESSAGE][INFO] - Checking called Test Case

2021-10-21 14:24:32 - [MESSAGE][INFO] - Starting to call Test Case 'Test Cases/Popup/PopupMesajiIceriyorMu'

2021-10-21 14:24:32 - [TEST_CASE][PASSED] - Test Cases/Popup/PopupMesajiIceriyorMu: Test Cases/Popup/PopupMesajiIceriyorMu

2021-10-21 14:24:32 - [TEST_STEP][PASSED] - waitForElementVisible(findTestObject("Popup/Popup"), 10): Object 'Object Repository/Popup/Popup' is visible

2021-10-21 14:24:32 - [MESSAGE][INFO] - Finding Test Object 'Object Repository/Popup/Popup'

2021-10-21 14:24:32 - [MESSAGE][INFO] - Checking object

2021-10-21 14:24:32 - [MESSAGE][INFO] - Checking timeout

2021-10-21 14:24:32 - [MESSAGE][INFO] - Finding web element from Test Object's properties

2021-10-21 14:24:32 - [MESSAGE][INFO] - Checking timeout

2021-10-21 14:24:32 - [MESSAGE][INFO] - Finding web element with id: 'Object Repository/Popup/Popup' located by 'By.cssSelector: .bootbox-body' in '10' second(s)

2021-10-21 14:24:32 - [MESSAGE][INFO] - Smart Wait Function is triggered

2021-10-21 14:24:33 - [MESSAGE][INFO] - Found 1 web elements with id: 'Object Repository/Popup/Popup' located by 'By.cssSelector: .bootbox-body' in '10' second(s)

2021-10-21 14:24:33 - [MESSAGE][PASSED] - Object 'Object Repository/Popup/Popup' is visible

2021-10-21 14:24:33 - [TEST_STEP][PASSED] - if (!(getText(findTestObject("Popup/Popup")).contains(Mesaj))): Text of object 'Object Repository/Popup/Popup' is: 'Başarılı durumdaki 1 adet belge iptal edilmiştir.'

2021-10-21 14:24:33 - [MESSAGE][INFO] - Finding Test Object 'Object Repository/Popup/Popup'

2021-10-21 14:24:33 - [MESSAGE][INFO] - Checking object

2021-10-21 14:24:33 - [MESSAGE][INFO] - Finding web element from Test Object's properties

2021-10-21 14:24:33 - [MESSAGE][INFO] - Checking timeout

2021-10-21 14:24:33 - [MESSAGE][INFO] - Finding web element with id: 'Object Repository/Popup/Popup' located by 'By.cssSelector: .bootbox-body' in '30' second(s)

2021-10-21 14:24:33 - [MESSAGE][INFO] - Smart Wait Function is triggered

2021-10-21 14:24:33 - [MESSAGE][INFO] - Found 1 web elements with id: 'Object Repository/Popup/Popup' located by 'By.cssSelector: .bootbox-body' in '30' second(s)

2021-10-21 14:24:33 - [MESSAGE][INFO] - Getting text of object 'Object Repository/Popup/Popup'

2021-10-21 14:24:33 - [MESSAGE][PASSED] - Text of object 'Object Repository/Popup/Popup' is: 'Başarılı durumdaki 1 adet belge iptal edilmiştir.'

2021-10-21 14:24:33 - [TEST_STEP][PASSED] - RaporNo = getText(findTestObject("Popup/Popup")).substring(0, 6): Text of object 'Object Repository/Popup/Popup' is: 'Başarılı durumdaki 1 adet belge iptal edilmiştir.'

2021-10-21 14:24:33 - [MESSAGE][INFO] - Finding Test Object 'Object Repository/Popup/Popup'

2021-10-21 14:24:33 - [MESSAGE][INFO] - Checking object

2021-10-21 14:24:33 - [MESSAGE][INFO] - Finding web element from Test Object's properties

2021-10-21 14:24:33 - [MESSAGE][INFO] - Checking timeout

2021-10-21 14:24:33 - [MESSAGE][INFO] - Finding web element with id: 'Object Repository/Popup/Popup' located by 'By.cssSelector: .bootbox-body' in '30' second(s)

2021-10-21 14:24:33 - [MESSAGE][INFO] - Smart Wait Function is triggered

2021-10-21 14:24:33 - [MESSAGE][INFO] - Found 1 web elements with id: 'Object Repository/Popup/Popup' located by 'By.cssSelector: .bootbox-body' in '30' second(s)

2021-10-21 14:24:33 - [MESSAGE][INFO] - Getting text of object 'Object Repository/Popup/Popup'

2021-10-21 14:24:33 - [MESSAGE][PASSED] - Text of object 'Object Repository/Popup/Popup' is: 'Başarılı durumdaki 1 adet belge iptal edilmiştir.'

2021-10-21 14:24:33 - [TEST_STEP][PASSED] - Console.println(RaporNo): null

2021-10-21 14:24:33 - [MESSAGE][PASSED] - Call Test Case 'Test Cases/Popup/PopupMesajiIceriyorMu' successfully

2021-10-21 14:24:33 - [MESSAGE][INFO] - Checking called Test Case

2021-10-21 14:24:33 - [MESSAGE][INFO] - Starting to call Test Case 'Test Cases/Popup/PopupButonSecilir'

2021-10-21 14:24:33 - [TEST_CASE][PASSED] - Test Cases/Popup/PopupButonSecilir: Test Cases/Popup/PopupButonSecilir

2021-10-21 14:24:34 - [TEST_STEP][PASSED] - Method.TextDegerineEsitElementeTikla(findTestObject("Popup/Popup_Butons"), Buton): Method.TextDegerineEsitElementeTikla is PASSED

2021-10-21 14:24:34 - [MESSAGE][INFO] - Finding Test Object 'Object Repository/Popup/Popup_Butons'

2021-10-21 14:24:34 - [MESSAGE][INFO] - Checking timeout

2021-10-21 14:24:34 - [MESSAGE][INFO] - Finding web element with id: 'Object Repository/Popup/Popup_Butons' located by 'By.cssSelector: .modal-footer>button' in '10' second(s)

2021-10-21 14:24:34 - [MESSAGE][INFO] - Smart Wait Function is triggered

2021-10-21 14:24:34 - [MESSAGE][INFO] - Found 1 web elements with id: 'Object Repository/Popup/Popup_Butons' located by 'By.cssSelector: .modal-footer>button' in '10' second(s)

2021-10-21 14:24:34 - [MESSAGE][PASSED] - Method.TextDegerineEsitElementeTikla is PASSED

2021-10-21 14:24:34 - [MESSAGE][PASSED] - Call Test Case 'Test Cases/Popup/PopupButonSecilir' successfully

2021-10-21 14:24:34 - [MESSAGE][INFO] - Checking called Test Case

2021-10-21 14:24:34 - [MESSAGE][INFO] - Starting to call Test Case 'Test Cases/Butonlar/ButonaTikla'

2021-10-21 14:24:34 - [TEST_CASE][PASSED] - Test Cases/Butonlar/ButonaTikla: Test Cases/Butonlar/ButonaTikla

2021-10-21 14:24:34 - [TEST_STEP][PASSED] - Method.TextDegerineEsitElementeTiklaEquals(findTestObject("Butonlar/Butonlar"), Buton_Adi): Method.TextDegerineEsitElementeTiklaEquals is PASSED

2021-10-21 14:24:34 - [MESSAGE][INFO] - Finding Test Object 'Object Repository/Butonlar/Butonlar'

2021-10-21 14:24:34 - [MESSAGE][INFO] - Checking timeout

2021-10-21 14:24:34 - [MESSAGE][INFO] - Finding web element with id: 'Object Repository/Butonlar/Butonlar' located by 'By.cssSelector: .panel.panel-default.text-center.footerPanel .btn,.btn.btn-primary.btnControls' in '10' second(s)

2021-10-21 14:24:34 - [MESSAGE][INFO] - Smart Wait Function is triggered

2021-10-21 14:24:35 - [MESSAGE][INFO] - Found 11 web elements with id: 'Object Repository/Butonlar/Butonlar' located by 'By.cssSelector: .panel.panel-default.text-center.footerPanel .btn,.btn.btn-primary.btnControls' in '10' second(s)

2021-10-21 14:24:35 - [MESSAGE][PASSED] - Method.TextDegerineEsitElementeTiklaEquals is PASSED

2021-10-21 14:24:35 - [MESSAGE][PASSED] - Call Test Case 'Test Cases/Butonlar/ButonaTikla' successfully

2021-10-21 14:24:35 - [MESSAGE][INFO] - Checking called Test Case

2021-10-21 14:24:35 - [MESSAGE][INFO] - Starting to call Test Case 'Test Cases/Popup/PopupMesajiIceriyorMu'

2021-10-21 14:24:35 - [TEST_CASE][PASSED] - Test Cases/Popup/PopupMesajiIceriyorMu: Test Cases/Popup/PopupMesajiIceriyorMu

2021-10-21 14:24:35 - [TEST_STEP][PASSED] - waitForElementVisible(findTestObject("Popup/Popup"), 10): Object 'Object Repository/Popup/Popup' is visible

2021-10-21 14:24:35 - [MESSAGE][INFO] - Finding Test Object 'Object Repository/Popup/Popup'

2021-10-21 14:24:35 - [MESSAGE][INFO] - Checking object

2021-10-21 14:24:35 - [MESSAGE][INFO] - Checking timeout

2021-10-21 14:24:35 - [MESSAGE][INFO] - Finding web element from Test Object's properties

2021-10-21 14:24:35 - [MESSAGE][INFO] - Checking timeout

2021-10-21 14:24:35 - [MESSAGE][INFO] - Finding web element with id: 'Object Repository/Popup/Popup' located by 'By.cssSelector: .bootbox-body' in '10' second(s)

2021-10-21 14:24:35 - [MESSAGE][INFO] - Smart Wait Function is triggered

2021-10-21 14:24:36 - [MESSAGE][INFO] - Found 1 web elements with id: 'Object Repository/Popup/Popup' located by 'By.cssSelector: .bootbox-body' in '10' second(s)

2021-10-21 14:24:36 - [MESSAGE][PASSED] - Object 'Object Repository/Popup/Popup' is visible

2021-10-21 14:24:36 - [TEST_STEP][PASSED] - if (!(getText(findTestObject("Popup/Popup")).contains(Mesaj))): Text of object 'Object Repository/Popup/Popup' is: 'Seçilen makbuzlar için iptal işlemi geri alınacaktır onaylıyor musunuz?'

2021-10-21 14:24:36 - [MESSAGE][INFO] - Finding Test Object 'Object Repository/Popup/Popup'

2021-10-21 14:24:36 - [MESSAGE][INFO] - Checking object

2021-10-21 14:24:36 - [MESSAGE][INFO] - Finding web element from Test Object's properties

2021-10-21 14:24:36 - [MESSAGE][INFO] - Checking timeout

2021-10-21 14:24:36 - [MESSAGE][INFO] - Finding web element with id: 'Object Repository/Popup/Popup' located by 'By.cssSelector: .bootbox-body' in '30' second(s)

2021-10-21 14:24:36 - [MESSAGE][INFO] - Smart Wait Function is triggered

2021-10-21 14:24:36 - [MESSAGE][INFO] - Found 1 web elements with id: 'Object Repository/Popup/Popup' located by 'By.cssSelector: .bootbox-body' in '30' second(s)

2021-10-21 14:24:36 - [MESSAGE][INFO] - Getting text of object 'Object Repository/Popup/Popup'

2021-10-21 14:24:36 - [MESSAGE][PASSED] - Text of object 'Object Repository/Popup/Popup' is: 'Seçilen makbuzlar için iptal işlemi geri alınacaktır onaylıyor musunuz?'

2021-10-21 14:24:36 - [TEST_STEP][PASSED] - RaporNo = getText(findTestObject("Popup/Popup")).substring(0, 6): Text of object 'Object Repository/Popup/Popup' is: 'Seçilen makbuzlar için iptal işlemi geri alınacaktır onaylıyor musunuz?'

2021-10-21 14:24:36 - [MESSAGE][INFO] - Finding Test Object 'Object Repository/Popup/Popup'

2021-10-21 14:24:36 - [MESSAGE][INFO] - Checking object

2021-10-21 14:24:36 - [MESSAGE][INFO] - Finding web element from Test Object's properties

2021-10-21 14:24:36 - [MESSAGE][INFO] - Checking timeout

2021-10-21 14:24:36 - [MESSAGE][INFO] - Finding web element with id: 'Object Repository/Popup/Popup' located by 'By.cssSelector: .bootbox-body' in '30' second(s)

2021-10-21 14:24:36 - [MESSAGE][INFO] - Smart Wait Function is triggered

2021-10-21 14:24:37 - [MESSAGE][INFO] - Found 1 web elements with id: 'Object Repository/Popup/Popup' located by 'By.cssSelector: .bootbox-body' in '30' second(s)

2021-10-21 14:24:37 - [MESSAGE][INFO] - Getting text of object 'Object Repository/Popup/Popup'

2021-10-21 14:24:37 - [MESSAGE][PASSED] - Text of object 'Object Repository/Popup/Popup' is: 'Seçilen makbuzlar için iptal işlemi geri alınacaktır onaylıyor musunuz?'

2021-10-21 14:24:37 - [TEST_STEP][PASSED] - Console.println(RaporNo): null

2021-10-21 14:24:37 - [MESSAGE][PASSED] - Call Test Case 'Test Cases/Popup/PopupMesajiIceriyorMu' successfully

2021-10-21 14:24:37 - [MESSAGE][INFO] - Checking called Test Case

2021-10-21 14:24:37 - [MESSAGE][INFO] - Starting to call Test Case 'Test Cases/Popup/PopupButonSecilir'

2021-10-21 14:24:37 - [TEST_CASE][PASSED] - Test Cases/Popup/PopupButonSecilir: Test Cases/Popup/PopupButonSecilir

2021-10-21 14:24:37 - [TEST_STEP][PASSED] - Method.TextDegerineEsitElementeTikla(findTestObject("Popup/Popup_Butons"), Buton): Method.TextDegerineEsitElementeTikla is PASSED

2021-10-21 14:24:37 - [MESSAGE][INFO] - Finding Test Object 'Object Repository/Popup/Popup_Butons'

2021-10-21 14:24:37 - [MESSAGE][INFO] - Checking timeout

2021-10-21 14:24:37 - [MESSAGE][INFO] - Finding web element with id: 'Object Repository/Popup/Popup_Butons' located by 'By.cssSelector: .modal-footer>button' in '10' second(s)

2021-10-21 14:24:37 - [MESSAGE][INFO] - Smart Wait Function is triggered

2021-10-21 14:24:37 - [MESSAGE][INFO] - Found 2 web elements with id: 'Object Repository/Popup/Popup_Butons' located by 'By.cssSelector: .modal-footer>button' in '10' second(s)

2021-10-21 14:24:37 - [MESSAGE][PASSED] - Method.TextDegerineEsitElementeTikla is PASSED

2021-10-21 14:24:37 - [MESSAGE][PASSED] - Call Test Case 'Test Cases/Popup/PopupButonSecilir' successfully

2021-10-21 14:24:37 - [MESSAGE][INFO] - Checking called Test Case

2021-10-21 14:24:37 - [MESSAGE][INFO] - Starting to call Test Case 'Test Cases/Popup/PopupMesajiIceriyorMu'

2021-10-21 14:24:37 - [TEST_CASE][PASSED] - Test Cases/Popup/PopupMesajiIceriyorMu: Test Cases/Popup/PopupMesajiIceriyorMu

2021-10-21 14:24:37 - [TEST_STEP][PASSED] - waitForElementVisible(findTestObject("Popup/Popup"), 10): Object 'Object Repository/Popup/Popup' is visible

2021-10-21 14:24:37 - [MESSAGE][INFO] - Finding Test Object 'Object Repository/Popup/Popup'

2021-10-21 14:24:37 - [MESSAGE][INFO] - Checking object

2021-10-21 14:24:37 - [MESSAGE][INFO] - Checking timeout

2021-10-21 14:24:37 - [MESSAGE][INFO] - Finding web element from Test Object's properties

2021-10-21 14:24:37 - [MESSAGE][INFO] - Checking timeout

2021-10-21 14:24:37 - [MESSAGE][INFO] - Finding web element with id: 'Object Repository/Popup/Popup' located by 'By.cssSelector: .bootbox-body' in '10' second(s)

2021-10-21 14:24:37 - [MESSAGE][INFO] - Smart Wait Function is triggered

2021-10-21 14:24:38 - [MESSAGE][INFO] - Found 1 web elements with id: 'Object Repository/Popup/Popup' located by 'By.cssSelector: .bootbox-body' in '10' second(s)

2021-10-21 14:24:38 - [MESSAGE][PASSED] - Object 'Object Repository/Popup/Popup' is visible

2021-10-21 14:24:38 - [TEST_STEP][PASSED] - if (!(getText(findTestObject("Popup/Popup")).contains(Mesaj))): Text of object 'Object Repository/Popup/Popup' is: 'İptal Edildi durumunda olan ve raporlanmayan 1 adet belge için iptal işlemi geri alınmıştır.'

2021-10-21 14:24:38 - [MESSAGE][INFO] - Finding Test Object 'Object Repository/Popup/Popup'

2021-10-21 14:24:38 - [MESSAGE][INFO] - Checking object

2021-10-21 14:24:38 - [MESSAGE][INFO] - Finding web element from Test Object's properties

2021-10-21 14:24:38 - [MESSAGE][INFO] - Checking timeout

2021-10-21 14:24:38 - [MESSAGE][INFO] - Finding web element with id: 'Object Repository/Popup/Popup' located by 'By.cssSelector: .bootbox-body' in '30' second(s)

2021-10-21 14:24:38 - [MESSAGE][INFO] - Smart Wait Function is triggered

2021-10-21 14:24:38 - [MESSAGE][INFO] - Found 1 web elements with id: 'Object Repository/Popup/Popup' located by 'By.cssSelector: .bootbox-body' in '30' second(s)

2021-10-21 14:24:38 - [MESSAGE][INFO] - Getting text of object 'Object Repository/Popup/Popup'

2021-10-21 14:24:38 - [MESSAGE][PASSED] - Text of object 'Object Repository/Popup/Popup' is: 'İptal Edildi durumunda olan ve raporlanmayan 1 adet belge için iptal işlemi geri alınmıştır.'

2021-10-21 14:24:38 - [TEST_STEP][PASSED] - RaporNo = getText(findTestObject("Popup/Popup")).substring(0, 6): Text of object 'Object Repository/Popup/Popup' is: 'İptal Edildi durumunda olan ve raporlanmayan 1 adet belge için iptal işlemi geri alınmıştır.'

2021-10-21 14:24:38 - [MESSAGE][INFO] - Finding Test Object 'Object Repository/Popup/Popup'

2021-10-21 14:24:39 - [MESSAGE][INFO] - Checking object

2021-10-21 14:24:39 - [MESSAGE][INFO] - Finding web element from Test Object's properties

2021-10-21 14:24:39 - [MESSAGE][INFO] - Checking timeout

2021-10-21 14:24:39 - [MESSAGE][INFO] - Finding web element with id: 'Object Repository/Popup/Popup' located by 'By.cssSelector: .bootbox-body' in '30' second(s)

2021-10-21 14:24:39 - [MESSAGE][INFO] - Smart Wait Function is triggered

2021-10-21 14:24:39 - [MESSAGE][INFO] - Found 1 web elements with id: 'Object Repository/Popup/Popup' located by 'By.cssSelector: .bootbox-body' in '30' second(s)

2021-10-21 14:24:39 - [MESSAGE][INFO] - Getting text of object 'Object Repository/Popup/Popup'

2021-10-21 14:24:39 - [MESSAGE][PASSED] - Text of object 'Object Repository/Popup/Popup' is: 'İptal Edildi durumunda olan ve raporlanmayan 1 adet belge için iptal işlemi geri alınmıştır.'

2021-10-21 14:24:39 - [TEST_STEP][PASSED] - Console.println(RaporNo): null

2021-10-21 14:24:39 - [MESSAGE][PASSED] - Call Test Case 'Test Cases/Popup/PopupMesajiIceriyorMu' successfully

2021-10-21 14:24:39 - [MESSAGE][INFO] - Checking called Test Case

2021-10-21 14:24:39 - [MESSAGE][INFO] - Starting to call Test Case 'Test Cases/Popup/PopupButonSecilir'

2021-10-21 14:24:39 - [TEST_CASE][PASSED] - Test Cases/Popup/PopupButonSecilir: Test Cases/Popup/PopupButonSecilir

2021-10-21 14:24:39 - [TEST_STEP][PASSED] - Method.TextDegerineEsitElementeTikla(findTestObject("Popup/Popup_Butons"), Buton): Method.TextDegerineEsitElementeTikla is PASSED

2021-10-21 14:24:39 - [MESSAGE][INFO] - Finding Test Object 'Object Repository/Popup/Popup_Butons'

2021-10-21 14:24:39 - [MESSAGE][INFO] - Checking timeout

2021-10-21 14:24:39 - [MESSAGE][INFO] - Finding web element with id: 'Object Repository/Popup/Popup_Butons' located by 'By.cssSelector: .modal-footer>button' in '10' second(s)

2021-10-21 14:24:39 - [MESSAGE][INFO] - Smart Wait Function is triggered

2021-10-21 14:24:39 - [MESSAGE][INFO] - Found 1 web elements with id: 'Object Repository/Popup/Popup_Butons' located by 'By.cssSelector: .modal-footer>button' in '10' second(s)

2021-10-21 14:24:39 - [MESSAGE][PASSED] - Method.TextDegerineEsitElementeTikla is PASSED

2021-10-21 14:24:39 - [MESSAGE][PASSED] - Call Test Case 'Test Cases/Popup/PopupButonSecilir' successfully

2021-10-21 14:24:39 - [MESSAGE][INFO] - Checking called Test Case

2021-10-21 14:24:39 - [MESSAGE][INFO] - Starting to call Test Case 'Test Cases/Kullanici_Islemleri/KullaniciIslemlerindenSecimYapilir'

2021-10-21 14:24:39 - [TEST_CASE][PASSED] - Test Cases/Kullanici_Islemleri/KullaniciIslemlerindenSecimYapilir: Test Cases/Kullanici_Islemleri/KullaniciIslemlerindenSecimYapilir

2021-10-21 14:24:39 - [TEST_STEP][PASSED] - waitForElementClickable(findTestObject("Object Repository/Kullanici_Islemleri/KullaniciIslemleri"), 10): Object 'Object Repository/Kullanici_Islemleri/KullaniciIslemleri' is clickable

2021-10-21 14:24:39 - [MESSAGE][INFO] - Finding Test Object 'Object Repository/Kullanici_Islemleri/KullaniciIslemleri'

2021-10-21 14:24:40 - [MESSAGE][INFO] - Checking object

2021-10-21 14:24:40 - [MESSAGE][INFO] - Checking timeout

2021-10-21 14:24:40 - [MESSAGE][INFO] - Finding web element from Test Object's properties

2021-10-21 14:24:40 - [MESSAGE][INFO] - Checking timeout

2021-10-21 14:24:40 - [MESSAGE][INFO] - Finding web element with id: 'Object Repository/Kullanici_Islemleri/KullaniciIslemleri' located by 'By.cssSelector: .dropdown>a>img' in '10' second(s)

2021-10-21 14:24:40 - [MESSAGE][INFO] - Smart Wait Function is triggered

2021-10-21 14:24:40 - [MESSAGE][INFO] - Found 1 web elements with id: 'Object Repository/Kullanici_Islemleri/KullaniciIslemleri' located by 'By.cssSelector: .dropdown>a>img' in '10' second(s)

2021-10-21 14:24:40 - [MESSAGE][PASSED] - Object 'Object Repository/Kullanici_Islemleri/KullaniciIslemleri' is clickable

2021-10-21 14:24:40 - [TEST_STEP][PASSED] - click(findTestObject("Object Repository/Kullanici_Islemleri/KullaniciIslemleri")): Object: 'Object Repository/Kullanici_Islemleri/KullaniciIslemleri' is clicked on

2021-10-21 14:24:40 - [MESSAGE][INFO] - Finding Test Object 'Object Repository/Kullanici_Islemleri/KullaniciIslemleri'

2021-10-21 14:24:40 - [MESSAGE][INFO] - Checking object

2021-10-21 14:24:40 - [MESSAGE][INFO] - Finding web element from Test Object's properties

2021-10-21 14:24:40 - [MESSAGE][INFO] - Checking timeout

2021-10-21 14:24:40 - [MESSAGE][INFO] - Finding web element with id: 'Object Repository/Kullanici_Islemleri/KullaniciIslemleri' located by 'By.cssSelector: .dropdown>a>img' in '30' second(s)

2021-10-21 14:24:40 - [MESSAGE][INFO] - Smart Wait Function is triggered

2021-10-21 14:24:41 - [MESSAGE][INFO] - Found 1 web elements with id: 'Object Repository/Kullanici_Islemleri/KullaniciIslemleri' located by 'By.cssSelector: .dropdown>a>img' in '30' second(s)

2021-10-21 14:24:41 - [MESSAGE][INFO] - Clicking on object: 'Object Repository/Kullanici_Islemleri/KullaniciIslemleri'

2021-10-21 14:24:41 - [MESSAGE][PASSED] - Object: 'Object Repository/Kullanici_Islemleri/KullaniciIslemleri' is clicked on

2021-10-21 14:24:41 - [TEST_STEP][PASSED] - Method.TextDegerineEsitElementeTikla(findTestObject("Object Repository/Kullanici_Islemleri/Secenekler"), Islem): Method.TextDegerineEsitElementeTikla is PASSED

2021-10-21 14:24:41 - [MESSAGE][INFO] - Finding Test Object 'Object Repository/Kullanici_Islemleri/Secenekler'

2021-10-21 14:24:41 - [MESSAGE][INFO] - Checking timeout

2021-10-21 14:24:41 - [MESSAGE][INFO] - Finding web element with id: 'Object Repository/Kullanici_Islemleri/Secenekler' located by 'By.cssSelector: .nav.navbar-nav.navbar-right li a' in '10' second(s)

2021-10-21 14:24:41 - [MESSAGE][INFO] - Smart Wait Function is triggered

2021-10-21 14:24:41 - [MESSAGE][INFO] - Found 22 web elements with id: 'Object Repository/Kullanici_Islemleri/Secenekler' located by 'By.cssSelector: .nav.navbar-nav.navbar-right li a' in '10' second(s)

2021-10-21 14:24:43 - [MESSAGE][PASSED] - Method.TextDegerineEsitElementeTikla is PASSED

2021-10-21 14:24:43 - [TEST_STEP][PASSED] - verifyElementNotPresent(findTestObject("Object Repository/Kullanici_Islemleri/Secenekler"), 10): Web element with id: 'Object Repository/Kullanici_Islemleri/Secenekler' located by 'By.cssSelector: .nav.navbar-nav.navbar-right li a' is not present after '10' second(s)

2021-10-21 14:24:43 - [MESSAGE][INFO] - Finding Test Object 'Object Repository/Kullanici_Islemleri/Secenekler'

2021-10-21 14:24:43 - [MESSAGE][INFO] - Checking object

2021-10-21 14:24:43 - [MESSAGE][INFO] - Checking timeout

2021-10-21 14:24:43 - [MESSAGE][INFO] - Finding web element with id: 'Object Repository/Kullanici_Islemleri/Secenekler' located by 'By.cssSelector: .nav.navbar-nav.navbar-right li a' in '10' second(s)

2021-10-21 14:24:43 - [MESSAGE][INFO] - Smart Wait Function is triggered

2021-10-21 14:24:43 - [MESSAGE][PASSED] - Web element with id: 'Object Repository/Kullanici_Islemleri/Secenekler' located by 'By.cssSelector: .nav.navbar-nav.navbar-right li a' is not present after '10' second(s)

2021-10-21 14:24:43 - [MESSAGE][PASSED] - Call Test Case 'Test Cases/Kullanici_Islemleri/KullaniciIslemlerindenSecimYapilir' successfully

2021-10-21 14:24:43 - [TEST_CASE][PASSED] - Start Test Case : SCENARIO e-Serbest Meslek Makbuzlari Iptal Et: SCENARIO e-Serbest Meslek Makbuzlari Iptal Et

2021-10-21 14:24:43 - [TEST_STEP][PASSED] - Kullanıcı adı ELOGO6 ve Şifre 123456 olarak giriş yapılır: Kullanıcı adı ELOGO6 ve Şifre 123456 olarak giriş yapılır

2021-10-21 14:24:43 - [MESSAGE][PASSED] - Kullanıcı adı ELOGO6 ve Şifre 123456 olarak giriş yapılır

2021-10-21 14:24:43 - [TEST_STEP][PASSED] - Ana menüden e-Makbuz seçilir: Ana menüden e-Makbuz seçilir

2021-10-21 14:24:43 - [MESSAGE][PASSED] - Ana menüden e-Makbuz seçilir

2021-10-21 14:24:43 - [TEST_STEP][PASSED] - Alt menü e-Serbest Meslek Uygulaması başlığı altındaki e-Serbest Meslek Makbuzları seçilir: Alt menü e-Serbest Meslek Uygulaması başlığı altındaki e-Serbest Meslek Makbuzları seçilir

2021-10-21 14:24:43 - [MESSAGE][PASSED] - Alt menü e-Serbest Meslek Uygulaması başlığı altındaki e-Serbest Meslek Makbuzları seçilir

2021-10-21 14:24:43 - [TEST_STEP][PASSED] - Filtrelerden Oluşturma Tarihi filtresine 01.12.2020 baslangic degerini yaz: Filtrelerden Oluşturma Tarihi filtresine 01.12.2020 baslangic degerini yaz

2021-10-21 14:24:43 - [MESSAGE][PASSED] - Filtrelerden Oluşturma Tarihi filtresine 01.12.2020 baslangic degerini yaz

2021-10-21 14:24:43 - [TEST_STEP][PASSED] - Filtrelerden Oluşturma Tarihi filtresine 31.12.2020 bitis degerini yaz: Filtrelerden Oluşturma Tarihi filtresine 31.12.2020 bitis degerini yaz

2021-10-21 14:24:43 - [MESSAGE][PASSED] - Filtrelerden Oluşturma Tarihi filtresine 31.12.2020 bitis degerini yaz

2021-10-21 14:24:43 - [TEST_STEP][PASSED] - Filtre butonlarından Listele seçilir: Filtre butonlarından Listele seçilir

2021-10-21 14:24:43 - [MESSAGE][PASSED] - Filtre butonlarından Listele seçilir

2021-10-21 14:24:43 - [TEST_STEP][PASSED] - Tabloda veri var mı kontrol edilir: Tabloda veri var mı kontrol edilir

2021-10-21 14:24:43 - [MESSAGE][PASSED] - Tabloda veri var mı kontrol edilir

2021-10-21 14:24:43 - [TEST_STEP][PASSED] - Tablodan TEST isimli veri seçilir: Tablodan TEST isimli veri seçilir

2021-10-21 14:24:43 - [MESSAGE][PASSED] - Tablodan TEST isimli veri seçilir

2021-10-21 14:24:43 - [TEST_STEP][PASSED] - Butonlardan İptal Et / İtiraz Bildir isimli butona tıklanır: Butonlardan İptal Et / İtiraz Bildir isimli butona tıklanır

2021-10-21 14:24:43 - [MESSAGE][PASSED] - Butonlardan İptal Et / İtiraz Bildir isimli butona tıklanır

2021-10-21 14:24:43 - [TEST_STEP][PASSED] - Alt butonlardan İptal Et butonuna tıklanır: Alt butonlardan İptal Et butonuna tıklanır

2021-10-21 14:24:43 - [MESSAGE][PASSED] - Alt butonlardan İptal Et butonuna tıklanır

2021-10-21 14:24:43 - [TEST_STEP][PASSED] - Popup mesajı Seçilen makbuzlardan başarılı durumunda olanlar iptal edilecektir onaylıyor musunuz içeriyor mu: Popup mesajı Seçilen makbuzlardan başarılı durumunda olanlar iptal edilecektir onaylıyor musunuz içeriyor mu

2021-10-21 14:24:43 - [MESSAGE][PASSED] - Popup mesajı Seçilen makbuzlardan başarılı durumunda olanlar iptal edilecektir onaylıyor musunuz içeriyor mu

2021-10-21 14:24:43 - [TEST_STEP][PASSED] - Yönetim popupında Evet seçilir: Yönetim popupında Evet seçilir

2021-10-21 14:24:43 - [MESSAGE][PASSED] - Yönetim popupında Evet seçilir

2021-10-21 14:24:43 - [TEST_STEP][PASSED] - Popup mesajı belge iptal edilmiştir içeriyor mu: Popup mesajı belge iptal edilmiştir içeriyor mu

2021-10-21 14:24:43 - [MESSAGE][PASSED] - Popup mesajı belge iptal edilmiştir içeriyor mu

2021-10-21 14:24:43 - [TEST_STEP][PASSED] - Yönetim popupında Tamam seçilir: Yönetim popupında Tamam seçilir

2021-10-21 14:24:43 - [MESSAGE][PASSED] - Yönetim popupında Tamam seçilir

2021-10-21 14:24:43 - [TEST_STEP][PASSED] - Butonlardan İptal Geri Al isimli butona tıklanır: Butonlardan İptal Geri Al isimli butona tıklanır

2021-10-21 14:24:43 - [MESSAGE][PASSED] - Butonlardan İptal Geri Al isimli butona tıklanır

2021-10-21 14:24:43 - [TEST_STEP][PASSED] - Popup mesajı Seçilen makbuzlar için iptal işlemi geri alınacaktır onaylıyor musunuz içeriyor mu: Popup mesajı Seçilen makbuzlar için iptal işlemi geri alınacaktır onaylıyor musunuz içeriyor mu

2021-10-21 14:24:43 - [MESSAGE][PASSED] - Popup mesajı Seçilen makbuzlar için iptal işlemi geri alınacaktır onaylıyor musunuz içeriyor mu

2021-10-21 14:24:43 - [TEST_STEP][PASSED] - Yönetim popupında Onayla seçilir: Yönetim popupında Onayla seçilir

2021-10-21 14:24:43 - [MESSAGE][PASSED] - Yönetim popupında Onayla seçilir

2021-10-21 14:24:43 - [TEST_STEP][PASSED] - Popup mesajı İptal Edildi durumunda olan ve raporlanmayan 1 adet belge için iptal işlemi geri alınmıştır içeriyor mu: Popup mesajı İptal Edildi durumunda olan ve raporlanmayan 1 adet belge için iptal işlemi geri alınmıştır içeriyor mu

2021-10-21 14:24:43 - [MESSAGE][PASSED] - Popup mesajı İptal Edildi durumunda olan ve raporlanmayan 1 adet belge için iptal işlemi geri alınmıştır içeriyor mu

2021-10-21 14:24:43 - [TEST_STEP][PASSED] - Yönetim popupında Tamam seçilir: Yönetim popupında Tamam seçilir

2021-10-21 14:24:43 - [MESSAGE][PASSED] - Yönetim popupında Tamam seçilir

2021-10-21 14:24:43 - [TEST_STEP][PASSED] - Kullanıcı işlemlerinden Çıkış seçilir: Kullanıcı işlemlerinden Çıkış seçilir

2021-10-21 14:24:43 - [MESSAGE][PASSED] - Kullanıcı işlemlerinden Çıkış seçilir

2021-10-21 14:24:43 - [MESSAGE][PASSED] - Feature file: 'Include/features/e-Makbuz/e-Serbest Meslek Uygulaması/e-Serbest Meslek Makbuzlari/Iptal Et-Geri Al.feature' was passed

2021-10-21 14:24:43 - [TEST_STEP][PASSED] - Start listener action : sampleAfterTestSuite: Invoke 'com.kms.katalon.core.annotation.AfterTestCase' method: 'Listener.sampleAfterTestSuite(...)' completed.

2021-10-21 14:24:43 - [MESSAGE][INFO] - Starting invoke 'com.kms.katalon.core.annotation.AfterTestCase' method: 'Listener.sampleAfterTestSuite(...)'

2021-10-21 14:24:43 - [TEST_STEP][PASSED] - closeBrowser(): Invoke 'com.kms.katalon.core.annotation.AfterTestCase' method: 'Listener.sampleAfterTestSuite(...)' completed.

2021-10-21 14:24:43 - [MESSAGE][INFO] - Closing browser

2021-10-21 14:24:44 - [MESSAGE][PASSED] - Browser is closed

2021-10-21 14:24:44 - [MESSAGE][INFO] - Invoke 'com.kms.katalon.core.annotation.AfterTestCase' method: 'Listener.sampleAfterTestSuite(...)' completed.]]></system-out>
         <system-err><![CDATA[]]></system-err>
      </testcase>
      <testcase name="Test Cases/Case Repository/e-Makbuz/e-Serbest Meslek Uygulamasi/e-Serbest Meslek Makbuzlari/Izleme Kayitlari" time="45.591" classname="Test Cases/Case Repository/e-Makbuz/e-Serbest Meslek Uygulamasi/e-Serbest Meslek Makbuzlari/Izleme Kayitlari" status="PASSED">
         <system-out><![CDATA[2021-10-21 14:24:44 - [TEST_CASE][PASSED] - Test Cases/Case Repository/e-Makbuz/e-Serbest Meslek Uygulamasi/e-Serbest Meslek Makbuzlari/Izleme Kayitlari: Test Cases/Case Repository/e-Makbuz/e-Serbest Meslek Uygulamasi/e-Serbest Meslek Makbuzlari/Izleme Kayitlari

2021-10-21 14:24:44 - [TEST_STEP][PASSED] - Start listener action : sampleBeforeTestSuite: Invoke 'com.kms.katalon.core.annotation.BeforeTestCase' method: 'Listener.sampleBeforeTestSuite(...)' completed.

2021-10-21 14:24:44 - [MESSAGE][INFO] - Starting invoke 'com.kms.katalon.core.annotation.BeforeTestCase' method: 'Listener.sampleBeforeTestSuite(...)'

2021-10-21 14:24:44 - [TEST_STEP][PASSED] - openBrowser(baseUrl): Browser is opened with url: 'https://efatura-stage.elogo.com.tr/'

2021-10-21 14:24:44 - [MESSAGE][INFO] - Opening browser

2021-10-21 14:24:44 - [MESSAGE][INFO] - Starting 'Chrome' driver

2021-10-21 14:24:44 - [MESSAGE][INFO] - User set preference: ['prefs', '{download.default_directory=C:\otomasyondownfiles}']

2021-10-21 14:24:44 - [MESSAGE][INFO] - Action delay is set to 0 milliseconds

2021-10-21 14:24:46 - [MESSAGE][INFO] - Navigating browser to: 'https://efatura-stage.elogo.com.tr/'

2021-10-21 14:24:49 - [MESSAGE][PASSED] - Browser is opened with url: 'https://efatura-stage.elogo.com.tr/'

2021-10-21 14:24:49 - [TEST_STEP][PASSED] - maximizeWindow(): Invoke 'com.kms.katalon.core.annotation.BeforeTestCase' method: 'Listener.sampleBeforeTestSuite(...)' completed.

2021-10-21 14:24:49 - [MESSAGE][INFO] - Maximizing current window

2021-10-21 14:24:49 - [MESSAGE][PASSED] - Current window maximized

2021-10-21 14:24:49 - [MESSAGE][INFO] - Invoke 'com.kms.katalon.core.annotation.BeforeTestCase' method: 'Listener.sampleBeforeTestSuite(...)' completed.

2021-10-21 14:24:50 - [TEST_STEP][PASSED] - runFeatureFile("Include/features/e-Makbuz/e-Serbest Meslek Uygulaması/e-Serbest Meslek Makbuzlari/Izleme Kayitlari.feature"): Feature file: 'Include/features/e-Makbuz/e-Serbest Meslek Uygulaması/e-Serbest Meslek Makbuzlari/Izleme Kayitlari.feature' was passed

2021-10-21 14:24:50 - [MESSAGE][INFO] - Starting run keyword runFeatureFile: 'Include/features/e-Makbuz/e-Serbest Meslek Uygulaması/e-Serbest Meslek Makbuzlari/Izleme Kayitlari.feature' and extract report to folder: 'C:\Users\DELL\Downloads\EES_Katalon-main\Reports\20211021_140437\Suite Repository\e-Makbuz\20211021_140511/cucumber_report/1634815490252'...

2021-10-21 14:24:50 - [MESSAGE][INFO] - Glue: []

2021-10-21 14:24:51 - [MESSAGE][INFO] - Checking called Test Case

2021-10-21 14:24:51 - [MESSAGE][INFO] - Starting to call Test Case 'Test Cases/Sayfalar/Giris_Sayfasi/Login'

2021-10-21 14:24:51 - [TEST_CASE][PASSED] - Test Cases/Sayfalar/Giris_Sayfasi/Login: Test Cases/Sayfalar/Giris_Sayfasi/Login

2021-10-21 14:24:51 - [TEST_STEP][PASSED] - Sayfa_Basligi = getWindowTitle(): Current window's title is: 'LOGO e-Fatura'

2021-10-21 14:24:51 - [MESSAGE][INFO] - Getting current window's title

2021-10-21 14:24:51 - [MESSAGE][PASSED] - Current window's title is: 'LOGO e-Fatura'

2021-10-21 14:24:51 - [TEST_STEP][PASSED] - verifyMatch(Sayfa_Basligi, "LOGO e-Fatura", false): Actual text 'LOGO e-Fatura' and expected text 'LOGO e-Fatura' are matched 

2021-10-21 14:24:51 - [MESSAGE][INFO] - Matching actual text 'LOGO e-Fatura' with expected text 'LOGO e-Fatura'

2021-10-21 14:24:51 - [MESSAGE][PASSED] - Actual text 'LOGO e-Fatura' and expected text 'LOGO e-Fatura' are matched 

2021-10-21 14:24:51 - [TEST_STEP][PASSED] - sendKeys(findTestObject("Sayfalar/Giris_Sayfasi/Firma_Kodu"), KullaniciAdi): Keys 'ELOGO6' sent to object: 'Object Repository/Sayfalar/Giris_Sayfasi/Firma_Kodu'

2021-10-21 14:24:51 - [MESSAGE][INFO] - Finding Test Object 'Object Repository/Sayfalar/Giris_Sayfasi/Firma_Kodu'

2021-10-21 14:24:51 - [MESSAGE][INFO] - Sending keys 'ELOGO6' to object: 'Object Repository/Sayfalar/Giris_Sayfasi/Firma_Kodu'

2021-10-21 14:24:51 - [MESSAGE][INFO] - Finding web element from Test Object's properties

2021-10-21 14:24:51 - [MESSAGE][INFO] - Checking timeout

2021-10-21 14:24:51 - [MESSAGE][INFO] - Finding web element with id: 'Object Repository/Sayfalar/Giris_Sayfasi/Firma_Kodu' located by 'By.xpath: //*[@id = 'AccountName']' in '30' second(s)

2021-10-21 14:24:51 - [MESSAGE][INFO] - Smart Wait Function is triggered

2021-10-21 14:24:51 - [MESSAGE][INFO] - Found 1 web elements with id: 'Object Repository/Sayfalar/Giris_Sayfasi/Firma_Kodu' located by 'By.xpath: //*[@id = 'AccountName']' in '30' second(s)

2021-10-21 14:24:51 - [MESSAGE][PASSED] - Keys 'ELOGO6' sent to object: 'Object Repository/Sayfalar/Giris_Sayfasi/Firma_Kodu'

2021-10-21 14:24:51 - [TEST_STEP][PASSED] - sendKeys(findTestObject("Sayfalar/Giris_Sayfasi/Sifre"), Sifre): Keys '123456' sent to object: 'Object Repository/Sayfalar/Giris_Sayfasi/Sifre'

2021-10-21 14:24:51 - [MESSAGE][INFO] - Finding Test Object 'Object Repository/Sayfalar/Giris_Sayfasi/Sifre'

2021-10-21 14:24:51 - [MESSAGE][INFO] - Sending keys '123456' to object: 'Object Repository/Sayfalar/Giris_Sayfasi/Sifre'

2021-10-21 14:24:51 - [MESSAGE][INFO] - Finding web element from Test Object's properties

2021-10-21 14:24:51 - [MESSAGE][INFO] - Checking timeout

2021-10-21 14:24:51 - [MESSAGE][INFO] - Finding web element with id: 'Object Repository/Sayfalar/Giris_Sayfasi/Sifre' located by 'By.xpath: //*[@id = 'Password']' in '30' second(s)

2021-10-21 14:24:51 - [MESSAGE][INFO] - Smart Wait Function is triggered

2021-10-21 14:24:52 - [MESSAGE][INFO] - Found 1 web elements with id: 'Object Repository/Sayfalar/Giris_Sayfasi/Sifre' located by 'By.xpath: //*[@id = 'Password']' in '30' second(s)

2021-10-21 14:24:52 - [MESSAGE][PASSED] - Keys '123456' sent to object: 'Object Repository/Sayfalar/Giris_Sayfasi/Sifre'

2021-10-21 14:24:52 - [TEST_STEP][PASSED] - findWebElement(findTestObject("Sayfalar/Giris_Sayfasi/Giris_Butonu")).click(): Found 1 web elements with id: 'Object Repository/Sayfalar/Giris_Sayfasi/Giris_Butonu' located by 'By.cssSelector: #btnLogin' in '30' second(s)

2021-10-21 14:24:52 - [MESSAGE][INFO] - Finding Test Object 'Object Repository/Sayfalar/Giris_Sayfasi/Giris_Butonu'

2021-10-21 14:24:52 - [MESSAGE][INFO] - Finding web element from Test Object's properties

2021-10-21 14:24:52 - [MESSAGE][INFO] - Checking timeout

2021-10-21 14:24:52 - [MESSAGE][INFO] - Finding web element with id: 'Object Repository/Sayfalar/Giris_Sayfasi/Giris_Butonu' located by 'By.cssSelector: #btnLogin' in '30' second(s)

2021-10-21 14:24:52 - [MESSAGE][INFO] - Smart Wait Function is triggered

2021-10-21 14:24:52 - [MESSAGE][INFO] - Found 1 web elements with id: 'Object Repository/Sayfalar/Giris_Sayfasi/Giris_Butonu' located by 'By.cssSelector: #btnLogin' in '30' second(s)

2021-10-21 14:24:54 - [TEST_STEP][PASSED] - if (verifyElementPresent(findTestObject("Object Repository/Sayfalar/Giris_Sayfasi/RetveTamam_Butonu"), 5, OPTIONAL)): null

2021-10-21 14:24:54 - [MESSAGE][INFO] - Finding Test Object 'Object Repository/Sayfalar/Giris_Sayfasi/RetveTamam_Butonu'

2021-10-21 14:24:55 - [MESSAGE][INFO] - Checking object

2021-10-21 14:24:55 - [MESSAGE][INFO] - Finding web element from Test Object's properties

2021-10-21 14:24:55 - [MESSAGE][INFO] - Checking timeout

2021-10-21 14:24:55 - [MESSAGE][INFO] - Finding web element with id: 'Object Repository/Sayfalar/Giris_Sayfasi/RetveTamam_Butonu' located by 'By.xpath: //*[@class = 'btn btn-default']' in '5' second(s)

2021-10-21 14:24:55 - [MESSAGE][INFO] - Smart Wait Function is triggered

2021-10-21 14:24:55 - [MESSAGE][INFO] - Found 1 web elements with id: 'Object Repository/Sayfalar/Giris_Sayfasi/RetveTamam_Butonu' located by 'By.xpath: //*[@class = 'btn btn-default']' in '5' second(s)

2021-10-21 14:24:55 - [MESSAGE][PASSED] - Object 'Object Repository/Sayfalar/Giris_Sayfasi/RetveTamam_Butonu' is present

2021-10-21 14:24:55 - [TEST_STEP][PASSED] - click(findTestObject("Object Repository/Sayfalar/Giris_Sayfasi/RetveTamam_Butonu")): Object: 'Object Repository/Sayfalar/Giris_Sayfasi/RetveTamam_Butonu' is clicked on

2021-10-21 14:24:55 - [MESSAGE][INFO] - Finding Test Object 'Object Repository/Sayfalar/Giris_Sayfasi/RetveTamam_Butonu'

2021-10-21 14:24:55 - [MESSAGE][INFO] - Checking object

2021-10-21 14:24:55 - [MESSAGE][INFO] - Finding web element from Test Object's properties

2021-10-21 14:24:55 - [MESSAGE][INFO] - Checking timeout

2021-10-21 14:24:55 - [MESSAGE][INFO] - Finding web element with id: 'Object Repository/Sayfalar/Giris_Sayfasi/RetveTamam_Butonu' located by 'By.xpath: //*[@class = 'btn btn-default']' in '30' second(s)

2021-10-21 14:24:55 - [MESSAGE][INFO] - Smart Wait Function is triggered

2021-10-21 14:24:55 - [MESSAGE][INFO] - Found 1 web elements with id: 'Object Repository/Sayfalar/Giris_Sayfasi/RetveTamam_Butonu' located by 'By.xpath: //*[@class = 'btn btn-default']' in '30' second(s)

2021-10-21 14:24:55 - [MESSAGE][INFO] - Clicking on object: 'Object Repository/Sayfalar/Giris_Sayfasi/RetveTamam_Butonu'

2021-10-21 14:24:55 - [MESSAGE][PASSED] - Object: 'Object Repository/Sayfalar/Giris_Sayfasi/RetveTamam_Butonu' is clicked on

2021-10-21 14:24:55 - [TEST_STEP][PASSED] - click(findTestObject("Object Repository/Sayfalar/Giris_Sayfasi/RetveTamam_Butonu")): Object: 'Object Repository/Sayfalar/Giris_Sayfasi/RetveTamam_Butonu' is clicked on

2021-10-21 14:24:55 - [MESSAGE][INFO] - Finding Test Object 'Object Repository/Sayfalar/Giris_Sayfasi/RetveTamam_Butonu'

2021-10-21 14:24:56 - [MESSAGE][INFO] - Checking object

2021-10-21 14:24:56 - [MESSAGE][INFO] - Finding web element from Test Object's properties

2021-10-21 14:24:56 - [MESSAGE][INFO] - Checking timeout

2021-10-21 14:24:56 - [MESSAGE][INFO] - Finding web element with id: 'Object Repository/Sayfalar/Giris_Sayfasi/RetveTamam_Butonu' located by 'By.xpath: //*[@class = 'btn btn-default']' in '30' second(s)

2021-10-21 14:24:56 - [MESSAGE][INFO] - Smart Wait Function is triggered

2021-10-21 14:24:59 - [MESSAGE][INFO] - Found 1 web elements with id: 'Object Repository/Sayfalar/Giris_Sayfasi/RetveTamam_Butonu' located by 'By.xpath: //*[@class = 'btn btn-default']' in '30' second(s)

2021-10-21 14:24:59 - [MESSAGE][INFO] - Clicking on object: 'Object Repository/Sayfalar/Giris_Sayfasi/RetveTamam_Butonu'

2021-10-21 14:24:59 - [MESSAGE][PASSED] - Object: 'Object Repository/Sayfalar/Giris_Sayfasi/RetveTamam_Butonu' is clicked on

2021-10-21 14:24:59 - [TEST_STEP][PASSED] - if (verifyElementPresent(findTestObject("Sayfalar/Giris_Sayfasi/PopupOK"), 5, OPTIONAL)): null

2021-10-21 14:24:59 - [MESSAGE][INFO] - Finding Test Object 'Object Repository/Sayfalar/Giris_Sayfasi/PopupOK'

2021-10-21 14:24:59 - [MESSAGE][INFO] - Checking object

2021-10-21 14:24:59 - [MESSAGE][INFO] - Finding web element from Test Object's properties

2021-10-21 14:24:59 - [MESSAGE][INFO] - Checking timeout

2021-10-21 14:24:59 - [MESSAGE][INFO] - Finding web element with id: 'Object Repository/Sayfalar/Giris_Sayfasi/PopupOK' located by 'By.cssSelector: .btn.btn-success' in '5' second(s)

2021-10-21 14:24:59 - [MESSAGE][INFO] - Smart Wait Function is triggered

2021-10-21 14:25:00 - [MESSAGE][INFO] - Found 1 web elements with id: 'Object Repository/Sayfalar/Giris_Sayfasi/PopupOK' located by 'By.cssSelector: .btn.btn-success' in '5' second(s)

2021-10-21 14:25:00 - [MESSAGE][PASSED] - Object 'Object Repository/Sayfalar/Giris_Sayfasi/PopupOK' is present

2021-10-21 14:25:00 - [TEST_STEP][PASSED] - click(findTestObject("Object Repository/Sayfalar/Giris_Sayfasi/PopupCarpiGiris")): Object: 'Object Repository/Sayfalar/Giris_Sayfasi/PopupCarpiGiris' is clicked on

2021-10-21 14:25:00 - [MESSAGE][INFO] - Finding Test Object 'Object Repository/Sayfalar/Giris_Sayfasi/PopupCarpiGiris'

2021-10-21 14:25:00 - [MESSAGE][INFO] - Checking object

2021-10-21 14:25:00 - [MESSAGE][INFO] - Finding web element from Test Object's properties

2021-10-21 14:25:00 - [MESSAGE][INFO] - Checking timeout

2021-10-21 14:25:00 - [MESSAGE][INFO] - Finding web element with id: 'Object Repository/Sayfalar/Giris_Sayfasi/PopupCarpiGiris' located by 'By.cssSelector: .bootbox-close-button.close' in '30' second(s)

2021-10-21 14:25:00 - [MESSAGE][INFO] - Smart Wait Function is triggered

2021-10-21 14:25:00 - [MESSAGE][INFO] - Found 1 web elements with id: 'Object Repository/Sayfalar/Giris_Sayfasi/PopupCarpiGiris' located by 'By.cssSelector: .bootbox-close-button.close' in '30' second(s)

2021-10-21 14:25:00 - [MESSAGE][INFO] - Clicking on object: 'Object Repository/Sayfalar/Giris_Sayfasi/PopupCarpiGiris'

2021-10-21 14:25:00 - [MESSAGE][PASSED] - Object: 'Object Repository/Sayfalar/Giris_Sayfasi/PopupCarpiGiris' is clicked on

2021-10-21 14:25:00 - [TEST_STEP][PASSED] - verifyElementVisible(findTestObject("Object Repository/Kullanici_Islemleri/KullaniciIslemleri")): Object 'Object Repository/Kullanici_Islemleri/KullaniciIslemleri' is visible

2021-10-21 14:25:00 - [MESSAGE][INFO] - Finding Test Object 'Object Repository/Kullanici_Islemleri/KullaniciIslemleri'

2021-10-21 14:25:00 - [MESSAGE][INFO] - Checking object

2021-10-21 14:25:00 - [MESSAGE][INFO] - Finding web element from Test Object's properties

2021-10-21 14:25:00 - [MESSAGE][INFO] - Checking timeout

2021-10-21 14:25:00 - [MESSAGE][INFO] - Finding web element with id: 'Object Repository/Kullanici_Islemleri/KullaniciIslemleri' located by 'By.cssSelector: .dropdown>a>img' in '30' second(s)

2021-10-21 14:25:00 - [MESSAGE][INFO] - Smart Wait Function is triggered

2021-10-21 14:25:01 - [MESSAGE][INFO] - Found 1 web elements with id: 'Object Repository/Kullanici_Islemleri/KullaniciIslemleri' located by 'By.cssSelector: .dropdown>a>img' in '30' second(s)

2021-10-21 14:25:01 - [MESSAGE][PASSED] - Object 'Object Repository/Kullanici_Islemleri/KullaniciIslemleri' is visible

2021-10-21 14:25:01 - [MESSAGE][PASSED] - Call Test Case 'Test Cases/Sayfalar/Giris_Sayfasi/Login' successfully

2021-10-21 14:25:01 - [MESSAGE][INFO] - Checking called Test Case

2021-10-21 14:25:01 - [MESSAGE][INFO] - Starting to call Test Case 'Test Cases/Menu/AnaMenuSecimi'

2021-10-21 14:25:01 - [TEST_CASE][PASSED] - Test Cases/Menu/AnaMenuSecimi: Test Cases/Menu/AnaMenuSecimi

2021-10-21 14:25:01 - [TEST_STEP][PASSED] - Method.TextDegerineEsitElementeTikla(findTestObject("Menu/Ana_Menu"), Ana_Menu): Method.TextDegerineEsitElementeTikla is PASSED

2021-10-21 14:25:01 - [MESSAGE][INFO] - Finding Test Object 'Object Repository/Menu/Ana_Menu'

2021-10-21 14:25:01 - [MESSAGE][INFO] - Checking timeout

2021-10-21 14:25:01 - [MESSAGE][INFO] - Finding web element with id: 'Object Repository/Menu/Ana_Menu' located by 'By.xpath: //*[@class = 'dropdown-toggle']' in '10' second(s)

2021-10-21 14:25:01 - [MESSAGE][INFO] - Smart Wait Function is triggered

2021-10-21 14:25:01 - [MESSAGE][INFO] - Found 14 web elements with id: 'Object Repository/Menu/Ana_Menu' located by 'By.xpath: //*[@class = 'dropdown-toggle']' in '10' second(s)

2021-10-21 14:25:02 - [MESSAGE][PASSED] - Method.TextDegerineEsitElementeTikla is PASSED

2021-10-21 14:25:02 - [MESSAGE][PASSED] - Call Test Case 'Test Cases/Menu/AnaMenuSecimi' successfully

2021-10-21 14:25:02 - [MESSAGE][INFO] - Checking called Test Case

2021-10-21 14:25:02 - [MESSAGE][INFO] - Starting to call Test Case 'Test Cases/Menu/BasligaGoreAltMenuSecimi'

2021-10-21 14:25:02 - [TEST_CASE][PASSED] - Test Cases/Menu/BasligaGoreAltMenuSecimi: Test Cases/Menu/BasligaGoreAltMenuSecimi

2021-10-21 14:25:02 - [TEST_STEP][PASSED] - Method.TextDegerineEsitElementinAltindakiTextDegerineEsitOlanaTikla(findTestObject("Menu/Menu_Basligi"), findTestObject("Menu/Basliga_Gore_Alt_Menu"), Baslik, Alt_Menu): Method.TextDegerineEsitElementinAltindakiTextDegerineEsitOlanaTikla is PASSED

2021-10-21 14:25:02 - [MESSAGE][INFO] - Finding Test Object 'Object Repository/Menu/Menu_Basligi'

2021-10-21 14:25:02 - [MESSAGE][INFO] - Finding Test Object 'Object Repository/Menu/Basliga_Gore_Alt_Menu'

2021-10-21 14:25:02 - [MESSAGE][INFO] - Checking timeout

2021-10-21 14:25:02 - [MESSAGE][INFO] - Finding web element with id: 'Object Repository/Menu/Menu_Basligi' located by 'By.xpath: //li[@class='dropdown dropdown-large open']//li[@class='dropdown-header']' in '10' second(s)

2021-10-21 14:25:02 - [MESSAGE][INFO] - Smart Wait Function is triggered

2021-10-21 14:25:02 - [MESSAGE][INFO] - Found 2 web elements with id: 'Object Repository/Menu/Menu_Basligi' located by 'By.xpath: //li[@class='dropdown dropdown-large open']//li[@class='dropdown-header']' in '10' second(s)

2021-10-21 14:25:02 - [MESSAGE][INFO] - Smart Wait Function is triggered

2021-10-21 14:25:04 - [MESSAGE][PASSED] - Method.TextDegerineEsitElementinAltindakiTextDegerineEsitOlanaTikla is PASSED

2021-10-21 14:25:04 - [MESSAGE][PASSED] - Call Test Case 'Test Cases/Menu/BasligaGoreAltMenuSecimi' successfully

2021-10-21 14:25:04 - [MESSAGE][INFO] - Checking called Test Case

2021-10-21 14:25:04 - [MESSAGE][INFO] - Starting to call Test Case 'Test Cases/Filtreler/BaslangicYaz'

2021-10-21 14:25:04 - [TEST_CASE][PASSED] - Test Cases/Filtreler/BaslangicYaz: Test Cases/Filtreler/BaslangicYaz

2021-10-21 14:25:04 - [TEST_STEP][PASSED] - Method.TextDegerineEsitElementinAltindakineTikla(findTestObject("Filtreler/Basliklar"), findTestObject("Filtreler/Basliga_Gore_Baslangic_Image"), Filtre_Adi): Method.TextDegerineEsitElementinAltindakineTikla is PASSED

2021-10-21 14:25:04 - [MESSAGE][INFO] - Finding Test Object 'Object Repository/Filtreler/Basliklar'

2021-10-21 14:25:04 - [MESSAGE][INFO] - Finding Test Object 'Object Repository/Filtreler/Basliga_Gore_Baslangic_Image'

2021-10-21 14:25:05 - [MESSAGE][INFO] - Checking timeout

2021-10-21 14:25:05 - [MESSAGE][INFO] - Finding web element with id: 'Object Repository/Filtreler/Basliklar' located by 'By.cssSelector: .control-label.col-sm-4.paddingMarginRLC' in '10' second(s)

2021-10-21 14:25:05 - [MESSAGE][INFO] - Smart Wait Function is triggered

2021-10-21 14:25:05 - [MESSAGE][INFO] - Found 13 web elements with id: 'Object Repository/Filtreler/Basliklar' located by 'By.cssSelector: .control-label.col-sm-4.paddingMarginRLC' in '10' second(s)

2021-10-21 14:25:05 - [MESSAGE][INFO] - Smart Wait Function is triggered

2021-10-21 14:25:05 - [MESSAGE][PASSED] - Method.TextDegerineEsitElementinAltindakineTikla is PASSED

2021-10-21 14:25:05 - [TEST_STEP][PASSED] - Method.TextDegerineEsitElementinAltindakiTextboxtaYaz(findTestObject("Filtreler/Basliklar"), findTestObject("Filtreler/Basliga_Gore_Baslangic"), Filtre_Adi, Filtre_Degeri): Method.TextDegerineEsitElementinAltindakiTextboxtaYaz is PASSED

2021-10-21 14:25:05 - [MESSAGE][INFO] - Finding Test Object 'Object Repository/Filtreler/Basliklar'

2021-10-21 14:25:05 - [MESSAGE][INFO] - Finding Test Object 'Object Repository/Filtreler/Basliga_Gore_Baslangic'

2021-10-21 14:25:05 - [MESSAGE][INFO] - Checking timeout

2021-10-21 14:25:05 - [MESSAGE][INFO] - Finding web element with id: 'Object Repository/Filtreler/Basliklar' located by 'By.cssSelector: .control-label.col-sm-4.paddingMarginRLC' in '10' second(s)

2021-10-21 14:25:05 - [MESSAGE][INFO] - Smart Wait Function is triggered

2021-10-21 14:25:06 - [MESSAGE][INFO] - Found 13 web elements with id: 'Object Repository/Filtreler/Basliklar' located by 'By.cssSelector: .control-label.col-sm-4.paddingMarginRLC' in '10' second(s)

2021-10-21 14:25:06 - [MESSAGE][INFO] - Smart Wait Function is triggered

2021-10-21 14:25:06 - [MESSAGE][PASSED] - Method.TextDegerineEsitElementinAltindakiTextboxtaYaz is PASSED

2021-10-21 14:25:06 - [MESSAGE][PASSED] - Call Test Case 'Test Cases/Filtreler/BaslangicYaz' successfully

2021-10-21 14:25:06 - [MESSAGE][INFO] - Checking called Test Case

2021-10-21 14:25:06 - [MESSAGE][INFO] - Starting to call Test Case 'Test Cases/Filtreler/BitisYaz'

2021-10-21 14:25:06 - [TEST_CASE][PASSED] - Test Cases/Filtreler/BitisYaz: Test Cases/Filtreler/BitisYaz

2021-10-21 14:25:06 - [TEST_STEP][PASSED] - Method.TextDegerineEsitElementinAltindakineTikla(findTestObject("Filtreler/Basliklar"), findTestObject("Filtreler/Basliga_Gore_Bitis_Image"), Filtre_Adi): Method.TextDegerineEsitElementinAltindakineTikla is PASSED

2021-10-21 14:25:06 - [MESSAGE][INFO] - Finding Test Object 'Object Repository/Filtreler/Basliklar'

2021-10-21 14:25:06 - [MESSAGE][INFO] - Finding Test Object 'Object Repository/Filtreler/Basliga_Gore_Bitis_Image'

2021-10-21 14:25:06 - [MESSAGE][INFO] - Checking timeout

2021-10-21 14:25:06 - [MESSAGE][INFO] - Finding web element with id: 'Object Repository/Filtreler/Basliklar' located by 'By.cssSelector: .control-label.col-sm-4.paddingMarginRLC' in '10' second(s)

2021-10-21 14:25:06 - [MESSAGE][INFO] - Smart Wait Function is triggered

2021-10-21 14:25:07 - [MESSAGE][INFO] - Found 13 web elements with id: 'Object Repository/Filtreler/Basliklar' located by 'By.cssSelector: .control-label.col-sm-4.paddingMarginRLC' in '10' second(s)

2021-10-21 14:25:07 - [MESSAGE][INFO] - Smart Wait Function is triggered

2021-10-21 14:25:07 - [MESSAGE][PASSED] - Method.TextDegerineEsitElementinAltindakineTikla is PASSED

2021-10-21 14:25:07 - [TEST_STEP][PASSED] - Method.TextDegerineEsitElementinAltindakiTextboxtaYaz(findTestObject("Filtreler/Basliklar"), findTestObject("Object Repository/Filtreler/Basliga_Gore_Bitis"), Filtre_Adi, Filtre_Degeri): Method.TextDegerineEsitElementinAltindakiTextboxtaYaz is PASSED

2021-10-21 14:25:07 - [MESSAGE][INFO] - Finding Test Object 'Object Repository/Filtreler/Basliklar'

2021-10-21 14:25:07 - [MESSAGE][INFO] - Finding Test Object 'Object Repository/Filtreler/Basliga_Gore_Bitis'

2021-10-21 14:25:07 - [MESSAGE][INFO] - Checking timeout

2021-10-21 14:25:07 - [MESSAGE][INFO] - Finding web element with id: 'Object Repository/Filtreler/Basliklar' located by 'By.cssSelector: .control-label.col-sm-4.paddingMarginRLC' in '10' second(s)

2021-10-21 14:25:07 - [MESSAGE][INFO] - Smart Wait Function is triggered

2021-10-21 14:25:08 - [MESSAGE][INFO] - Found 13 web elements with id: 'Object Repository/Filtreler/Basliklar' located by 'By.cssSelector: .control-label.col-sm-4.paddingMarginRLC' in '10' second(s)

2021-10-21 14:25:08 - [MESSAGE][INFO] - Smart Wait Function is triggered

2021-10-21 14:25:08 - [MESSAGE][PASSED] - Method.TextDegerineEsitElementinAltindakiTextboxtaYaz is PASSED

2021-10-21 14:25:08 - [MESSAGE][PASSED] - Call Test Case 'Test Cases/Filtreler/BitisYaz' successfully

2021-10-21 14:25:08 - [MESSAGE][INFO] - Checking called Test Case

2021-10-21 14:25:08 - [MESSAGE][INFO] - Starting to call Test Case 'Test Cases/Filtreler/ButonaTikla'

2021-10-21 14:25:08 - [TEST_CASE][PASSED] - Test Cases/Filtreler/ButonaTikla: Test Cases/Filtreler/ButonaTikla

2021-10-21 14:25:08 - [TEST_STEP][PASSED] - Method.TextDegerineEsitElementeTikla(findTestObject("Filtreler/Butonlar"), Filtre_Buton): Method.TextDegerineEsitElementeTikla is PASSED

2021-10-21 14:25:08 - [MESSAGE][INFO] - Finding Test Object 'Object Repository/Filtreler/Butonlar'

2021-10-21 14:25:08 - [MESSAGE][INFO] - Checking timeout

2021-10-21 14:25:08 - [MESSAGE][INFO] - Finding web element with id: 'Object Repository/Filtreler/Butonlar' located by 'By.cssSelector: .dxb>span' in '10' second(s)

2021-10-21 14:25:08 - [MESSAGE][INFO] - Smart Wait Function is triggered

2021-10-21 14:25:08 - [MESSAGE][INFO] - Found 3 web elements with id: 'Object Repository/Filtreler/Butonlar' located by 'By.cssSelector: .dxb>span' in '10' second(s)

2021-10-21 14:25:09 - [MESSAGE][PASSED] - Method.TextDegerineEsitElementeTikla is PASSED

2021-10-21 14:25:09 - [MESSAGE][PASSED] - Call Test Case 'Test Cases/Filtreler/ButonaTikla' successfully

2021-10-21 14:25:09 - [MESSAGE][INFO] - Checking called Test Case

2021-10-21 14:25:09 - [MESSAGE][INFO] - Starting to call Test Case 'Test Cases/Tablo/TablodaVeriVarMi'

2021-10-21 14:25:09 - [TEST_CASE][PASSED] - Test Cases/Tablo/TablodaVeriVarMi: Test Cases/Tablo/TablodaVeriVarMi

2021-10-21 14:25:09 - [TEST_STEP][PASSED] - verifyTextNotPresent("Görüntülenecek veri yok", true): Text 'Görüntülenecek veri yok' is not present on page using regular expression

2021-10-21 14:25:09 - [MESSAGE][INFO] - Checking text present  using regular expression

2021-10-21 14:25:09 - [MESSAGE][INFO] - Smart Wait Function is triggered

2021-10-21 14:25:09 - [MESSAGE][INFO] - Finding text 'Görüntülenecek veri yok' on page  using regular expression

2021-10-21 14:25:09 - [MESSAGE][PASSED] - Text 'Görüntülenecek veri yok' is not present on page using regular expression

2021-10-21 14:25:09 - [MESSAGE][PASSED] - Call Test Case 'Test Cases/Tablo/TablodaVeriVarMi' successfully

2021-10-21 14:25:09 - [MESSAGE][INFO] - Checking called Test Case

2021-10-21 14:25:09 - [MESSAGE][INFO] - Starting to call Test Case 'Test Cases/Tablo/TablodanVeriSec'

2021-10-21 14:25:09 - [TEST_CASE][PASSED] - Test Cases/Tablo/TablodanVeriSec: Test Cases/Tablo/TablodanVeriSec

2021-10-21 14:25:09 - [TEST_STEP][PASSED] - Method.TextDegerineEsitElementinAltindakineTikla(findTestObject("Tablo/Veriler"), findTestObject("Tablo/VerininCheckBoxi"), Veri_Adi): Method.TextDegerineEsitElementinAltindakineTikla is PASSED

2021-10-21 14:25:09 - [MESSAGE][INFO] - Finding Test Object 'Object Repository/Tablo/Veriler'

2021-10-21 14:25:09 - [MESSAGE][INFO] - Finding Test Object 'Object Repository/Tablo/VerininCheckBoxi'

2021-10-21 14:25:09 - [MESSAGE][INFO] - Checking timeout

2021-10-21 14:25:09 - [MESSAGE][INFO] - Finding web element with id: 'Object Repository/Tablo/Veriler' located by 'By.cssSelector: td.dxgv b ,td.dxgv' in '10' second(s)

2021-10-21 14:25:09 - [MESSAGE][INFO] - Smart Wait Function is triggered

2021-10-21 14:25:10 - [MESSAGE][INFO] - Found 52 web elements with id: 'Object Repository/Tablo/Veriler' located by 'By.cssSelector: td.dxgv b ,td.dxgv' in '10' second(s)

2021-10-21 14:25:10 - [MESSAGE][INFO] - Smart Wait Function is triggered

2021-10-21 14:25:10 - [MESSAGE][PASSED] - Method.TextDegerineEsitElementinAltindakineTikla is PASSED

2021-10-21 14:25:10 - [MESSAGE][PASSED] - Call Test Case 'Test Cases/Tablo/TablodanVeriSec' successfully

2021-10-21 14:25:10 - [MESSAGE][INFO] - Checking called Test Case

2021-10-21 14:25:10 - [MESSAGE][INFO] - Starting to call Test Case 'Test Cases/Butonlar/ButonaTikla'

2021-10-21 14:25:10 - [TEST_CASE][PASSED] - Test Cases/Butonlar/ButonaTikla: Test Cases/Butonlar/ButonaTikla

2021-10-21 14:25:10 - [TEST_STEP][PASSED] - Method.TextDegerineEsitElementeTiklaEquals(findTestObject("Butonlar/Butonlar"), Buton_Adi): Method.TextDegerineEsitElementeTiklaEquals is PASSED

2021-10-21 14:25:10 - [MESSAGE][INFO] - Finding Test Object 'Object Repository/Butonlar/Butonlar'

2021-10-21 14:25:10 - [MESSAGE][INFO] - Checking timeout

2021-10-21 14:25:10 - [MESSAGE][INFO] - Finding web element with id: 'Object Repository/Butonlar/Butonlar' located by 'By.cssSelector: .panel.panel-default.text-center.footerPanel .btn,.btn.btn-primary.btnControls' in '10' second(s)

2021-10-21 14:25:10 - [MESSAGE][INFO] - Smart Wait Function is triggered

2021-10-21 14:25:11 - [MESSAGE][INFO] - Found 11 web elements with id: 'Object Repository/Butonlar/Butonlar' located by 'By.cssSelector: .panel.panel-default.text-center.footerPanel .btn,.btn.btn-primary.btnControls' in '10' second(s)

2021-10-21 14:25:11 - [MESSAGE][PASSED] - Method.TextDegerineEsitElementeTiklaEquals is PASSED

2021-10-21 14:25:11 - [MESSAGE][PASSED] - Call Test Case 'Test Cases/Butonlar/ButonaTikla' successfully

2021-10-21 14:25:11 - [MESSAGE][INFO] - Checking called Test Case

2021-10-21 14:25:11 - [MESSAGE][INFO] - Starting to call Test Case 'Test Cases/Sekmeler/YeniSekmeyeGec'

2021-10-21 14:25:11 - [TEST_CASE][PASSED] - Test Cases/Sekmeler/YeniSekmeyeGec: Test Cases/Sekmeler/YeniSekmeyeGec

2021-10-21 14:25:11 - [TEST_STEP][PASSED] - switchToWindowIndex(1): Switched to window with index: '1'

2021-10-21 14:25:11 - [MESSAGE][INFO] - Checking index

2021-10-21 14:25:11 - [MESSAGE][INFO] - Switching window with index: '1'

2021-10-21 14:25:11 - [MESSAGE][PASSED] - Switched to window with index: '1'

2021-10-21 14:25:11 - [MESSAGE][PASSED] - Call Test Case 'Test Cases/Sekmeler/YeniSekmeyeGec' successfully

2021-10-21 14:25:11 - [MESSAGE][INFO] - Checking called Test Case

2021-10-21 14:25:11 - [MESSAGE][INFO] - Starting to call Test Case 'Test Cases/Sekmeler/GecmisGeldiMi'

2021-10-21 14:25:11 - [TEST_CASE][PASSED] - Test Cases/Sekmeler/GecmisGeldiMi: Test Cases/Sekmeler/GecmisGeldiMi

2021-10-21 14:25:11 - [TEST_STEP][PASSED] - waitForElementVisible(findTestObject("Object Repository/Sekmeler/GecmisBaslik"), 10): Object 'Object Repository/Sekmeler/GecmisBaslik' is visible

2021-10-21 14:25:11 - [MESSAGE][INFO] - Finding Test Object 'Object Repository/Sekmeler/GecmisBaslik'

2021-10-21 14:25:11 - [MESSAGE][INFO] - Checking object

2021-10-21 14:25:11 - [MESSAGE][INFO] - Checking timeout

2021-10-21 14:25:11 - [MESSAGE][INFO] - Finding web element from Test Object's properties

2021-10-21 14:25:11 - [MESSAGE][INFO] - Checking timeout

2021-10-21 14:25:11 - [MESSAGE][INFO] - Finding web element with id: 'Object Repository/Sekmeler/GecmisBaslik' located by 'By.cssSelector: .dxnb-ghtext.dx-vam' in '10' second(s)

2021-10-21 14:25:11 - [MESSAGE][INFO] - Smart Wait Function is triggered

2021-10-21 14:25:25 - [MESSAGE][INFO] - Found 1 web elements with id: 'Object Repository/Sekmeler/GecmisBaslik' located by 'By.cssSelector: .dxnb-ghtext.dx-vam' in '10' second(s)

2021-10-21 14:25:25 - [MESSAGE][PASSED] - Object 'Object Repository/Sekmeler/GecmisBaslik' is visible

2021-10-21 14:25:25 - [TEST_STEP][PASSED] - if (!(getText(findTestObject("Object Repository/Sekmeler/GecmisBaslik")).contains(Baslik))): Text of object 'Object Repository/Sekmeler/GecmisBaslik' is: 'Serbest Meslek Makbuzu İzleme Kayıtları - 2533'

2021-10-21 14:25:25 - [MESSAGE][INFO] - Finding Test Object 'Object Repository/Sekmeler/GecmisBaslik'

2021-10-21 14:25:25 - [MESSAGE][INFO] - Checking object

2021-10-21 14:25:25 - [MESSAGE][INFO] - Finding web element from Test Object's properties

2021-10-21 14:25:25 - [MESSAGE][INFO] - Checking timeout

2021-10-21 14:25:25 - [MESSAGE][INFO] - Finding web element with id: 'Object Repository/Sekmeler/GecmisBaslik' located by 'By.cssSelector: .dxnb-ghtext.dx-vam' in '30' second(s)

2021-10-21 14:25:25 - [MESSAGE][INFO] - Smart Wait Function is triggered

2021-10-21 14:25:25 - [MESSAGE][INFO] - Found 1 web elements with id: 'Object Repository/Sekmeler/GecmisBaslik' located by 'By.cssSelector: .dxnb-ghtext.dx-vam' in '30' second(s)

2021-10-21 14:25:25 - [MESSAGE][INFO] - Getting text of object 'Object Repository/Sekmeler/GecmisBaslik'

2021-10-21 14:25:25 - [MESSAGE][PASSED] - Text of object 'Object Repository/Sekmeler/GecmisBaslik' is: 'Serbest Meslek Makbuzu İzleme Kayıtları - 2533'

2021-10-21 14:25:25 - [MESSAGE][PASSED] - Call Test Case 'Test Cases/Sekmeler/GecmisGeldiMi' successfully

2021-10-21 14:25:25 - [MESSAGE][INFO] - Checking called Test Case

2021-10-21 14:25:25 - [MESSAGE][INFO] - Starting to call Test Case 'Test Cases/Sekmeler/Ana_Sekmeye_Gec'

2021-10-21 14:25:25 - [TEST_CASE][PASSED] - Test Cases/Sekmeler/Ana_Sekmeye_Gec: Test Cases/Sekmeler/Ana_Sekmeye_Gec

2021-10-21 14:25:25 - [TEST_STEP][PASSED] - try: Window with index 1 is closed

2021-10-21 14:25:25 - [TEST_STEP][PASSED] - index = getWindowIndex(): Current window's index is: 1

2021-10-21 14:25:25 - [MESSAGE][INFO] - Getting current window's index

2021-10-21 14:25:25 - [MESSAGE][PASSED] - Current window's index is: 1

2021-10-21 14:25:25 - [TEST_STEP][PASSED] - closeWindowIndex(index): Window with index 1 is closed

2021-10-21 14:25:25 - [MESSAGE][INFO] - Checking index

2021-10-21 14:25:25 - [MESSAGE][INFO] - Closing window with index 1

2021-10-21 14:25:25 - [MESSAGE][PASSED] - Window with index 1 is closed

2021-10-21 14:25:25 - [TEST_STEP][PASSED] - switchToWindowIndex(0): Switched to window with index: '0'

2021-10-21 14:25:25 - [MESSAGE][INFO] - Checking index

2021-10-21 14:25:25 - [MESSAGE][INFO] - Switching window with index: '0'

2021-10-21 14:25:25 - [MESSAGE][PASSED] - Switched to window with index: '0'

2021-10-21 14:25:25 - [MESSAGE][PASSED] - Call Test Case 'Test Cases/Sekmeler/Ana_Sekmeye_Gec' successfully

2021-10-21 14:25:25 - [MESSAGE][INFO] - Checking called Test Case

2021-10-21 14:25:25 - [MESSAGE][INFO] - Starting to call Test Case 'Test Cases/Kullanici_Islemleri/KullaniciIslemlerindenSecimYapilir'

2021-10-21 14:25:25 - [TEST_CASE][PASSED] - Test Cases/Kullanici_Islemleri/KullaniciIslemlerindenSecimYapilir: Test Cases/Kullanici_Islemleri/KullaniciIslemlerindenSecimYapilir

2021-10-21 14:25:25 - [TEST_STEP][PASSED] - waitForElementClickable(findTestObject("Object Repository/Kullanici_Islemleri/KullaniciIslemleri"), 10): Object 'Object Repository/Kullanici_Islemleri/KullaniciIslemleri' is clickable

2021-10-21 14:25:25 - [MESSAGE][INFO] - Finding Test Object 'Object Repository/Kullanici_Islemleri/KullaniciIslemleri'

2021-10-21 14:25:26 - [MESSAGE][INFO] - Checking object

2021-10-21 14:25:26 - [MESSAGE][INFO] - Checking timeout

2021-10-21 14:25:26 - [MESSAGE][INFO] - Finding web element from Test Object's properties

2021-10-21 14:25:26 - [MESSAGE][INFO] - Checking timeout

2021-10-21 14:25:26 - [MESSAGE][INFO] - Finding web element with id: 'Object Repository/Kullanici_Islemleri/KullaniciIslemleri' located by 'By.cssSelector: .dropdown>a>img' in '10' second(s)

2021-10-21 14:25:26 - [MESSAGE][INFO] - Smart Wait Function is triggered

2021-10-21 14:25:26 - [MESSAGE][INFO] - Found 1 web elements with id: 'Object Repository/Kullanici_Islemleri/KullaniciIslemleri' located by 'By.cssSelector: .dropdown>a>img' in '10' second(s)

2021-10-21 14:25:26 - [MESSAGE][PASSED] - Object 'Object Repository/Kullanici_Islemleri/KullaniciIslemleri' is clickable

2021-10-21 14:25:26 - [TEST_STEP][PASSED] - click(findTestObject("Object Repository/Kullanici_Islemleri/KullaniciIslemleri")): Object: 'Object Repository/Kullanici_Islemleri/KullaniciIslemleri' is clicked on

2021-10-21 14:25:26 - [MESSAGE][INFO] - Finding Test Object 'Object Repository/Kullanici_Islemleri/KullaniciIslemleri'

2021-10-21 14:25:26 - [MESSAGE][INFO] - Checking object

2021-10-21 14:25:26 - [MESSAGE][INFO] - Finding web element from Test Object's properties

2021-10-21 14:25:26 - [MESSAGE][INFO] - Checking timeout

2021-10-21 14:25:26 - [MESSAGE][INFO] - Finding web element with id: 'Object Repository/Kullanici_Islemleri/KullaniciIslemleri' located by 'By.cssSelector: .dropdown>a>img' in '30' second(s)

2021-10-21 14:25:26 - [MESSAGE][INFO] - Smart Wait Function is triggered

2021-10-21 14:25:26 - [MESSAGE][INFO] - Found 1 web elements with id: 'Object Repository/Kullanici_Islemleri/KullaniciIslemleri' located by 'By.cssSelector: .dropdown>a>img' in '30' second(s)

2021-10-21 14:25:26 - [MESSAGE][INFO] - Clicking on object: 'Object Repository/Kullanici_Islemleri/KullaniciIslemleri'

2021-10-21 14:25:26 - [MESSAGE][PASSED] - Object: 'Object Repository/Kullanici_Islemleri/KullaniciIslemleri' is clicked on

2021-10-21 14:25:26 - [TEST_STEP][PASSED] - Method.TextDegerineEsitElementeTikla(findTestObject("Object Repository/Kullanici_Islemleri/Secenekler"), Islem): Method.TextDegerineEsitElementeTikla is PASSED

2021-10-21 14:25:26 - [MESSAGE][INFO] - Finding Test Object 'Object Repository/Kullanici_Islemleri/Secenekler'

2021-10-21 14:25:26 - [MESSAGE][INFO] - Checking timeout

2021-10-21 14:25:26 - [MESSAGE][INFO] - Finding web element with id: 'Object Repository/Kullanici_Islemleri/Secenekler' located by 'By.cssSelector: .nav.navbar-nav.navbar-right li a' in '10' second(s)

2021-10-21 14:25:26 - [MESSAGE][INFO] - Smart Wait Function is triggered

2021-10-21 14:25:27 - [MESSAGE][INFO] - Found 22 web elements with id: 'Object Repository/Kullanici_Islemleri/Secenekler' located by 'By.cssSelector: .nav.navbar-nav.navbar-right li a' in '10' second(s)

2021-10-21 14:25:28 - [MESSAGE][PASSED] - Method.TextDegerineEsitElementeTikla is PASSED

2021-10-21 14:25:28 - [TEST_STEP][PASSED] - verifyElementNotPresent(findTestObject("Object Repository/Kullanici_Islemleri/Secenekler"), 10): Web element with id: 'Object Repository/Kullanici_Islemleri/Secenekler' located by 'By.cssSelector: .nav.navbar-nav.navbar-right li a' is not present after '10' second(s)

2021-10-21 14:25:28 - [MESSAGE][INFO] - Finding Test Object 'Object Repository/Kullanici_Islemleri/Secenekler'

2021-10-21 14:25:29 - [MESSAGE][INFO] - Checking object

2021-10-21 14:25:29 - [MESSAGE][INFO] - Checking timeout

2021-10-21 14:25:29 - [MESSAGE][INFO] - Finding web element with id: 'Object Repository/Kullanici_Islemleri/Secenekler' located by 'By.cssSelector: .nav.navbar-nav.navbar-right li a' in '10' second(s)

2021-10-21 14:25:29 - [MESSAGE][INFO] - Smart Wait Function is triggered

2021-10-21 14:25:29 - [MESSAGE][PASSED] - Web element with id: 'Object Repository/Kullanici_Islemleri/Secenekler' located by 'By.cssSelector: .nav.navbar-nav.navbar-right li a' is not present after '10' second(s)

2021-10-21 14:25:29 - [MESSAGE][PASSED] - Call Test Case 'Test Cases/Kullanici_Islemleri/KullaniciIslemlerindenSecimYapilir' successfully

2021-10-21 14:25:29 - [TEST_CASE][PASSED] - Start Test Case : SCENARIO e-Serbest Meslek Makbuzlari Gecmisi: SCENARIO e-Serbest Meslek Makbuzlari Gecmisi

2021-10-21 14:25:29 - [TEST_STEP][PASSED] - Kullanıcı adı ELOGO6 ve Şifre 123456 olarak giriş yapılır: Kullanıcı adı ELOGO6 ve Şifre 123456 olarak giriş yapılır

2021-10-21 14:25:29 - [MESSAGE][PASSED] - Kullanıcı adı ELOGO6 ve Şifre 123456 olarak giriş yapılır

2021-10-21 14:25:29 - [TEST_STEP][PASSED] - Ana menüden e-Makbuz seçilir: Ana menüden e-Makbuz seçilir

2021-10-21 14:25:29 - [MESSAGE][PASSED] - Ana menüden e-Makbuz seçilir

2021-10-21 14:25:29 - [TEST_STEP][PASSED] - Alt menü e-Serbest Meslek Uygulaması başlığı altındaki e-Serbest Meslek Makbuzları seçilir: Alt menü e-Serbest Meslek Uygulaması başlığı altındaki e-Serbest Meslek Makbuzları seçilir

2021-10-21 14:25:29 - [MESSAGE][PASSED] - Alt menü e-Serbest Meslek Uygulaması başlığı altındaki e-Serbest Meslek Makbuzları seçilir

2021-10-21 14:25:29 - [TEST_STEP][PASSED] - Filtrelerden Oluşturma Tarihi filtresine 01.12.2020 baslangic degerini yaz: Filtrelerden Oluşturma Tarihi filtresine 01.12.2020 baslangic degerini yaz

2021-10-21 14:25:29 - [MESSAGE][PASSED] - Filtrelerden Oluşturma Tarihi filtresine 01.12.2020 baslangic degerini yaz

2021-10-21 14:25:29 - [TEST_STEP][PASSED] - Filtrelerden Oluşturma Tarihi filtresine 31.12.2020 bitis degerini yaz: Filtrelerden Oluşturma Tarihi filtresine 31.12.2020 bitis degerini yaz

2021-10-21 14:25:29 - [MESSAGE][PASSED] - Filtrelerden Oluşturma Tarihi filtresine 31.12.2020 bitis degerini yaz

2021-10-21 14:25:29 - [TEST_STEP][PASSED] - Filtre butonlarından Listele seçilir: Filtre butonlarından Listele seçilir

2021-10-21 14:25:29 - [MESSAGE][PASSED] - Filtre butonlarından Listele seçilir

2021-10-21 14:25:29 - [TEST_STEP][PASSED] - Tabloda veri var mı kontrol edilir: Tabloda veri var mı kontrol edilir

2021-10-21 14:25:29 - [MESSAGE][PASSED] - Tabloda veri var mı kontrol edilir

2021-10-21 14:25:29 - [TEST_STEP][PASSED] - Tablodan TEST isimli veri seçilir: Tablodan TEST isimli veri seçilir

2021-10-21 14:25:29 - [MESSAGE][PASSED] - Tablodan TEST isimli veri seçilir

2021-10-21 14:25:29 - [TEST_STEP][PASSED] - Butonlardan İzleme Kayıtları isimli butona tıklanır: Butonlardan İzleme Kayıtları isimli butona tıklanır

2021-10-21 14:25:29 - [MESSAGE][PASSED] - Butonlardan İzleme Kayıtları isimli butona tıklanır

2021-10-21 14:25:29 - [TEST_STEP][PASSED] - Yeni açılan sekmeye geçilir: Yeni açılan sekmeye geçilir

2021-10-21 14:25:29 - [MESSAGE][PASSED] - Yeni açılan sekmeye geçilir

2021-10-21 14:25:29 - [TEST_STEP][PASSED] - Serbest Meslek Makbuzu İzleme Kayıtları baslikli gecmis sayfasi geldi mi: Serbest Meslek Makbuzu İzleme Kayıtları baslikli gecmis sayfasi geldi mi

2021-10-21 14:25:29 - [MESSAGE][PASSED] - Serbest Meslek Makbuzu İzleme Kayıtları baslikli gecmis sayfasi geldi mi

2021-10-21 14:25:29 - [TEST_STEP][PASSED] - Ana sekmeye geçilir: Ana sekmeye geçilir

2021-10-21 14:25:29 - [MESSAGE][PASSED] - Ana sekmeye geçilir

2021-10-21 14:25:29 - [TEST_STEP][PASSED] - Kullanıcı işlemlerinden Çıkış seçilir: Kullanıcı işlemlerinden Çıkış seçilir

2021-10-21 14:25:29 - [MESSAGE][PASSED] - Kullanıcı işlemlerinden Çıkış seçilir

2021-10-21 14:25:29 - [MESSAGE][PASSED] - Feature file: 'Include/features/e-Makbuz/e-Serbest Meslek Uygulaması/e-Serbest Meslek Makbuzlari/Izleme Kayitlari.feature' was passed

2021-10-21 14:25:29 - [TEST_STEP][PASSED] - Start listener action : sampleAfterTestSuite: Invoke 'com.kms.katalon.core.annotation.AfterTestCase' method: 'Listener.sampleAfterTestSuite(...)' completed.

2021-10-21 14:25:29 - [MESSAGE][INFO] - Starting invoke 'com.kms.katalon.core.annotation.AfterTestCase' method: 'Listener.sampleAfterTestSuite(...)'

2021-10-21 14:25:29 - [TEST_STEP][PASSED] - closeBrowser(): Invoke 'com.kms.katalon.core.annotation.AfterTestCase' method: 'Listener.sampleAfterTestSuite(...)' completed.

2021-10-21 14:25:29 - [MESSAGE][INFO] - Closing browser

2021-10-21 14:25:30 - [MESSAGE][PASSED] - Browser is closed

2021-10-21 14:25:30 - [MESSAGE][INFO] - Invoke 'com.kms.katalon.core.annotation.AfterTestCase' method: 'Listener.sampleAfterTestSuite(...)' completed.]]></system-out>
         <system-err><![CDATA[]]></system-err>
      </testcase>
      <testcase name="Test Cases/Case Repository/e-Makbuz/e-Serbest Meslek Uygulamasi/e-Serbest Meslek Makbuzlari/Statu Ata" time="33.779" classname="Test Cases/Case Repository/e-Makbuz/e-Serbest Meslek Uygulamasi/e-Serbest Meslek Makbuzlari/Statu Ata" status="PASSED">
         <system-out><![CDATA[2021-10-21 14:25:30 - [TEST_CASE][PASSED] - Test Cases/Case Repository/e-Makbuz/e-Serbest Meslek Uygulamasi/e-Serbest Meslek Makbuzlari/Statu Ata: Test Cases/Case Repository/e-Makbuz/e-Serbest Meslek Uygulamasi/e-Serbest Meslek Makbuzlari/Statu Ata

2021-10-21 14:25:30 - [TEST_STEP][PASSED] - Start listener action : sampleBeforeTestSuite: Invoke 'com.kms.katalon.core.annotation.BeforeTestCase' method: 'Listener.sampleBeforeTestSuite(...)' completed.

2021-10-21 14:25:30 - [MESSAGE][INFO] - Starting invoke 'com.kms.katalon.core.annotation.BeforeTestCase' method: 'Listener.sampleBeforeTestSuite(...)'

2021-10-21 14:25:30 - [TEST_STEP][PASSED] - openBrowser(baseUrl): Browser is opened with url: 'https://efatura-stage.elogo.com.tr/'

2021-10-21 14:25:30 - [MESSAGE][INFO] - Opening browser

2021-10-21 14:25:30 - [MESSAGE][INFO] - Starting 'Chrome' driver

2021-10-21 14:25:30 - [MESSAGE][INFO] - User set preference: ['prefs', '{download.default_directory=C:\otomasyondownfiles}']

2021-10-21 14:25:30 - [MESSAGE][INFO] - Action delay is set to 0 milliseconds

2021-10-21 14:25:31 - [MESSAGE][INFO] - Navigating browser to: 'https://efatura-stage.elogo.com.tr/'

2021-10-21 14:25:34 - [MESSAGE][PASSED] - Browser is opened with url: 'https://efatura-stage.elogo.com.tr/'

2021-10-21 14:25:34 - [TEST_STEP][PASSED] - maximizeWindow(): Invoke 'com.kms.katalon.core.annotation.BeforeTestCase' method: 'Listener.sampleBeforeTestSuite(...)' completed.

2021-10-21 14:25:34 - [MESSAGE][INFO] - Maximizing current window

2021-10-21 14:25:34 - [MESSAGE][PASSED] - Current window maximized

2021-10-21 14:25:34 - [MESSAGE][INFO] - Invoke 'com.kms.katalon.core.annotation.BeforeTestCase' method: 'Listener.sampleBeforeTestSuite(...)' completed.

2021-10-21 14:25:35 - [TEST_STEP][PASSED] - runFeatureFile("Include/features/e-Makbuz/e-Serbest Meslek Uygulaması/e-Serbest Meslek Makbuzlari/Statu Ata.feature"): Feature file: 'Include/features/e-Makbuz/e-Serbest Meslek Uygulaması/e-Serbest Meslek Makbuzlari/Statu Ata.feature' was passed

2021-10-21 14:25:35 - [MESSAGE][INFO] - Starting run keyword runFeatureFile: 'Include/features/e-Makbuz/e-Serbest Meslek Uygulaması/e-Serbest Meslek Makbuzlari/Statu Ata.feature' and extract report to folder: 'C:\Users\DELL\Downloads\EES_Katalon-main\Reports\20211021_140437\Suite Repository\e-Makbuz\20211021_140511/cucumber_report/1634815535229'...

2021-10-21 14:25:35 - [MESSAGE][INFO] - Glue: []

2021-10-21 14:25:36 - [MESSAGE][INFO] - Checking called Test Case

2021-10-21 14:25:36 - [MESSAGE][INFO] - Starting to call Test Case 'Test Cases/Sayfalar/Giris_Sayfasi/Login'

2021-10-21 14:25:36 - [TEST_CASE][PASSED] - Test Cases/Sayfalar/Giris_Sayfasi/Login: Test Cases/Sayfalar/Giris_Sayfasi/Login

2021-10-21 14:25:36 - [TEST_STEP][PASSED] - Sayfa_Basligi = getWindowTitle(): Current window's title is: 'LOGO e-Fatura'

2021-10-21 14:25:36 - [MESSAGE][INFO] - Getting current window's title

2021-10-21 14:25:36 - [MESSAGE][PASSED] - Current window's title is: 'LOGO e-Fatura'

2021-10-21 14:25:36 - [TEST_STEP][PASSED] - verifyMatch(Sayfa_Basligi, "LOGO e-Fatura", false): Actual text 'LOGO e-Fatura' and expected text 'LOGO e-Fatura' are matched 

2021-10-21 14:25:36 - [MESSAGE][INFO] - Matching actual text 'LOGO e-Fatura' with expected text 'LOGO e-Fatura'

2021-10-21 14:25:36 - [MESSAGE][PASSED] - Actual text 'LOGO e-Fatura' and expected text 'LOGO e-Fatura' are matched 

2021-10-21 14:25:36 - [TEST_STEP][PASSED] - sendKeys(findTestObject("Sayfalar/Giris_Sayfasi/Firma_Kodu"), KullaniciAdi): Keys 'ELOGO6' sent to object: 'Object Repository/Sayfalar/Giris_Sayfasi/Firma_Kodu'

2021-10-21 14:25:36 - [MESSAGE][INFO] - Finding Test Object 'Object Repository/Sayfalar/Giris_Sayfasi/Firma_Kodu'

2021-10-21 14:25:36 - [MESSAGE][INFO] - Sending keys 'ELOGO6' to object: 'Object Repository/Sayfalar/Giris_Sayfasi/Firma_Kodu'

2021-10-21 14:25:36 - [MESSAGE][INFO] - Finding web element from Test Object's properties

2021-10-21 14:25:36 - [MESSAGE][INFO] - Checking timeout

2021-10-21 14:25:36 - [MESSAGE][INFO] - Finding web element with id: 'Object Repository/Sayfalar/Giris_Sayfasi/Firma_Kodu' located by 'By.xpath: //*[@id = 'AccountName']' in '30' second(s)

2021-10-21 14:25:36 - [MESSAGE][INFO] - Smart Wait Function is triggered

2021-10-21 14:25:36 - [MESSAGE][INFO] - Found 1 web elements with id: 'Object Repository/Sayfalar/Giris_Sayfasi/Firma_Kodu' located by 'By.xpath: //*[@id = 'AccountName']' in '30' second(s)

2021-10-21 14:25:36 - [MESSAGE][PASSED] - Keys 'ELOGO6' sent to object: 'Object Repository/Sayfalar/Giris_Sayfasi/Firma_Kodu'

2021-10-21 14:25:36 - [TEST_STEP][PASSED] - sendKeys(findTestObject("Sayfalar/Giris_Sayfasi/Sifre"), Sifre): Keys '123456' sent to object: 'Object Repository/Sayfalar/Giris_Sayfasi/Sifre'

2021-10-21 14:25:36 - [MESSAGE][INFO] - Finding Test Object 'Object Repository/Sayfalar/Giris_Sayfasi/Sifre'

2021-10-21 14:25:36 - [MESSAGE][INFO] - Sending keys '123456' to object: 'Object Repository/Sayfalar/Giris_Sayfasi/Sifre'

2021-10-21 14:25:36 - [MESSAGE][INFO] - Finding web element from Test Object's properties

2021-10-21 14:25:36 - [MESSAGE][INFO] - Checking timeout

2021-10-21 14:25:36 - [MESSAGE][INFO] - Finding web element with id: 'Object Repository/Sayfalar/Giris_Sayfasi/Sifre' located by 'By.xpath: //*[@id = 'Password']' in '30' second(s)

2021-10-21 14:25:36 - [MESSAGE][INFO] - Smart Wait Function is triggered

2021-10-21 14:25:37 - [MESSAGE][INFO] - Found 1 web elements with id: 'Object Repository/Sayfalar/Giris_Sayfasi/Sifre' located by 'By.xpath: //*[@id = 'Password']' in '30' second(s)

2021-10-21 14:25:37 - [MESSAGE][PASSED] - Keys '123456' sent to object: 'Object Repository/Sayfalar/Giris_Sayfasi/Sifre'

2021-10-21 14:25:37 - [TEST_STEP][PASSED] - findWebElement(findTestObject("Sayfalar/Giris_Sayfasi/Giris_Butonu")).click(): Found 1 web elements with id: 'Object Repository/Sayfalar/Giris_Sayfasi/Giris_Butonu' located by 'By.cssSelector: #btnLogin' in '30' second(s)

2021-10-21 14:25:37 - [MESSAGE][INFO] - Finding Test Object 'Object Repository/Sayfalar/Giris_Sayfasi/Giris_Butonu'

2021-10-21 14:25:37 - [MESSAGE][INFO] - Finding web element from Test Object's properties

2021-10-21 14:25:37 - [MESSAGE][INFO] - Checking timeout

2021-10-21 14:25:37 - [MESSAGE][INFO] - Finding web element with id: 'Object Repository/Sayfalar/Giris_Sayfasi/Giris_Butonu' located by 'By.cssSelector: #btnLogin' in '30' second(s)

2021-10-21 14:25:37 - [MESSAGE][INFO] - Smart Wait Function is triggered

2021-10-21 14:25:37 - [MESSAGE][INFO] - Found 1 web elements with id: 'Object Repository/Sayfalar/Giris_Sayfasi/Giris_Butonu' located by 'By.cssSelector: #btnLogin' in '30' second(s)

2021-10-21 14:25:40 - [TEST_STEP][PASSED] - if (verifyElementPresent(findTestObject("Object Repository/Sayfalar/Giris_Sayfasi/RetveTamam_Butonu"), 5, OPTIONAL)): null

2021-10-21 14:25:40 - [MESSAGE][INFO] - Finding Test Object 'Object Repository/Sayfalar/Giris_Sayfasi/RetveTamam_Butonu'

2021-10-21 14:25:40 - [MESSAGE][INFO] - Checking object

2021-10-21 14:25:40 - [MESSAGE][INFO] - Finding web element from Test Object's properties

2021-10-21 14:25:40 - [MESSAGE][INFO] - Checking timeout

2021-10-21 14:25:40 - [MESSAGE][INFO] - Finding web element with id: 'Object Repository/Sayfalar/Giris_Sayfasi/RetveTamam_Butonu' located by 'By.xpath: //*[@class = 'btn btn-default']' in '5' second(s)

2021-10-21 14:25:40 - [MESSAGE][INFO] - Smart Wait Function is triggered

2021-10-21 14:25:40 - [MESSAGE][INFO] - Found 1 web elements with id: 'Object Repository/Sayfalar/Giris_Sayfasi/RetveTamam_Butonu' located by 'By.xpath: //*[@class = 'btn btn-default']' in '5' second(s)

2021-10-21 14:25:40 - [MESSAGE][PASSED] - Object 'Object Repository/Sayfalar/Giris_Sayfasi/RetveTamam_Butonu' is present

2021-10-21 14:25:40 - [TEST_STEP][PASSED] - click(findTestObject("Object Repository/Sayfalar/Giris_Sayfasi/RetveTamam_Butonu")): Object: 'Object Repository/Sayfalar/Giris_Sayfasi/RetveTamam_Butonu' is clicked on

2021-10-21 14:25:40 - [MESSAGE][INFO] - Finding Test Object 'Object Repository/Sayfalar/Giris_Sayfasi/RetveTamam_Butonu'

2021-10-21 14:25:40 - [MESSAGE][INFO] - Checking object

2021-10-21 14:25:40 - [MESSAGE][INFO] - Finding web element from Test Object's properties

2021-10-21 14:25:40 - [MESSAGE][INFO] - Checking timeout

2021-10-21 14:25:40 - [MESSAGE][INFO] - Finding web element with id: 'Object Repository/Sayfalar/Giris_Sayfasi/RetveTamam_Butonu' located by 'By.xpath: //*[@class = 'btn btn-default']' in '30' second(s)

2021-10-21 14:25:40 - [MESSAGE][INFO] - Smart Wait Function is triggered

2021-10-21 14:25:41 - [MESSAGE][INFO] - Found 1 web elements with id: 'Object Repository/Sayfalar/Giris_Sayfasi/RetveTamam_Butonu' located by 'By.xpath: //*[@class = 'btn btn-default']' in '30' second(s)

2021-10-21 14:25:41 - [MESSAGE][INFO] - Clicking on object: 'Object Repository/Sayfalar/Giris_Sayfasi/RetveTamam_Butonu'

2021-10-21 14:25:41 - [MESSAGE][PASSED] - Object: 'Object Repository/Sayfalar/Giris_Sayfasi/RetveTamam_Butonu' is clicked on

2021-10-21 14:25:41 - [TEST_STEP][PASSED] - click(findTestObject("Object Repository/Sayfalar/Giris_Sayfasi/RetveTamam_Butonu")): Object: 'Object Repository/Sayfalar/Giris_Sayfasi/RetveTamam_Butonu' is clicked on

2021-10-21 14:25:41 - [MESSAGE][INFO] - Finding Test Object 'Object Repository/Sayfalar/Giris_Sayfasi/RetveTamam_Butonu'

2021-10-21 14:25:41 - [MESSAGE][INFO] - Checking object

2021-10-21 14:25:41 - [MESSAGE][INFO] - Finding web element from Test Object's properties

2021-10-21 14:25:41 - [MESSAGE][INFO] - Checking timeout

2021-10-21 14:25:41 - [MESSAGE][INFO] - Finding web element with id: 'Object Repository/Sayfalar/Giris_Sayfasi/RetveTamam_Butonu' located by 'By.xpath: //*[@class = 'btn btn-default']' in '30' second(s)

2021-10-21 14:25:41 - [MESSAGE][INFO] - Smart Wait Function is triggered

2021-10-21 14:25:44 - [MESSAGE][INFO] - Found 1 web elements with id: 'Object Repository/Sayfalar/Giris_Sayfasi/RetveTamam_Butonu' located by 'By.xpath: //*[@class = 'btn btn-default']' in '30' second(s)

2021-10-21 14:25:44 - [MESSAGE][INFO] - Clicking on object: 'Object Repository/Sayfalar/Giris_Sayfasi/RetveTamam_Butonu'

2021-10-21 14:25:44 - [MESSAGE][PASSED] - Object: 'Object Repository/Sayfalar/Giris_Sayfasi/RetveTamam_Butonu' is clicked on

2021-10-21 14:25:44 - [TEST_STEP][PASSED] - if (verifyElementPresent(findTestObject("Sayfalar/Giris_Sayfasi/PopupOK"), 5, OPTIONAL)): null

2021-10-21 14:25:44 - [MESSAGE][INFO] - Finding Test Object 'Object Repository/Sayfalar/Giris_Sayfasi/PopupOK'

2021-10-21 14:25:44 - [MESSAGE][INFO] - Checking object

2021-10-21 14:25:44 - [MESSAGE][INFO] - Finding web element from Test Object's properties

2021-10-21 14:25:44 - [MESSAGE][INFO] - Checking timeout

2021-10-21 14:25:44 - [MESSAGE][INFO] - Finding web element with id: 'Object Repository/Sayfalar/Giris_Sayfasi/PopupOK' located by 'By.cssSelector: .btn.btn-success' in '5' second(s)

2021-10-21 14:25:44 - [MESSAGE][INFO] - Smart Wait Function is triggered

2021-10-21 14:25:45 - [MESSAGE][INFO] - Found 1 web elements with id: 'Object Repository/Sayfalar/Giris_Sayfasi/PopupOK' located by 'By.cssSelector: .btn.btn-success' in '5' second(s)

2021-10-21 14:25:45 - [MESSAGE][PASSED] - Object 'Object Repository/Sayfalar/Giris_Sayfasi/PopupOK' is present

2021-10-21 14:25:45 - [TEST_STEP][PASSED] - click(findTestObject("Object Repository/Sayfalar/Giris_Sayfasi/PopupCarpiGiris")): Object: 'Object Repository/Sayfalar/Giris_Sayfasi/PopupCarpiGiris' is clicked on

2021-10-21 14:25:45 - [MESSAGE][INFO] - Finding Test Object 'Object Repository/Sayfalar/Giris_Sayfasi/PopupCarpiGiris'

2021-10-21 14:25:45 - [MESSAGE][INFO] - Checking object

2021-10-21 14:25:45 - [MESSAGE][INFO] - Finding web element from Test Object's properties

2021-10-21 14:25:45 - [MESSAGE][INFO] - Checking timeout

2021-10-21 14:25:45 - [MESSAGE][INFO] - Finding web element with id: 'Object Repository/Sayfalar/Giris_Sayfasi/PopupCarpiGiris' located by 'By.cssSelector: .bootbox-close-button.close' in '30' second(s)

2021-10-21 14:25:45 - [MESSAGE][INFO] - Smart Wait Function is triggered

2021-10-21 14:25:45 - [MESSAGE][INFO] - Found 1 web elements with id: 'Object Repository/Sayfalar/Giris_Sayfasi/PopupCarpiGiris' located by 'By.cssSelector: .bootbox-close-button.close' in '30' second(s)

2021-10-21 14:25:45 - [MESSAGE][INFO] - Clicking on object: 'Object Repository/Sayfalar/Giris_Sayfasi/PopupCarpiGiris'

2021-10-21 14:25:45 - [MESSAGE][PASSED] - Object: 'Object Repository/Sayfalar/Giris_Sayfasi/PopupCarpiGiris' is clicked on

2021-10-21 14:25:45 - [TEST_STEP][PASSED] - verifyElementVisible(findTestObject("Object Repository/Kullanici_Islemleri/KullaniciIslemleri")): Object 'Object Repository/Kullanici_Islemleri/KullaniciIslemleri' is visible

2021-10-21 14:25:45 - [MESSAGE][INFO] - Finding Test Object 'Object Repository/Kullanici_Islemleri/KullaniciIslemleri'

2021-10-21 14:25:45 - [MESSAGE][INFO] - Checking object

2021-10-21 14:25:45 - [MESSAGE][INFO] - Finding web element from Test Object's properties

2021-10-21 14:25:45 - [MESSAGE][INFO] - Checking timeout

2021-10-21 14:25:45 - [MESSAGE][INFO] - Finding web element with id: 'Object Repository/Kullanici_Islemleri/KullaniciIslemleri' located by 'By.cssSelector: .dropdown>a>img' in '30' second(s)

2021-10-21 14:25:45 - [MESSAGE][INFO] - Smart Wait Function is triggered

2021-10-21 14:25:46 - [MESSAGE][INFO] - Found 1 web elements with id: 'Object Repository/Kullanici_Islemleri/KullaniciIslemleri' located by 'By.cssSelector: .dropdown>a>img' in '30' second(s)

2021-10-21 14:25:46 - [MESSAGE][PASSED] - Object 'Object Repository/Kullanici_Islemleri/KullaniciIslemleri' is visible

2021-10-21 14:25:46 - [MESSAGE][PASSED] - Call Test Case 'Test Cases/Sayfalar/Giris_Sayfasi/Login' successfully

2021-10-21 14:25:46 - [MESSAGE][INFO] - Checking called Test Case

2021-10-21 14:25:46 - [MESSAGE][INFO] - Starting to call Test Case 'Test Cases/Menu/AnaMenuSecimi'

2021-10-21 14:25:46 - [TEST_CASE][PASSED] - Test Cases/Menu/AnaMenuSecimi: Test Cases/Menu/AnaMenuSecimi

2021-10-21 14:25:46 - [TEST_STEP][PASSED] - Method.TextDegerineEsitElementeTikla(findTestObject("Menu/Ana_Menu"), Ana_Menu): Method.TextDegerineEsitElementeTikla is PASSED

2021-10-21 14:25:46 - [MESSAGE][INFO] - Finding Test Object 'Object Repository/Menu/Ana_Menu'

2021-10-21 14:25:46 - [MESSAGE][INFO] - Checking timeout

2021-10-21 14:25:46 - [MESSAGE][INFO] - Finding web element with id: 'Object Repository/Menu/Ana_Menu' located by 'By.xpath: //*[@class = 'dropdown-toggle']' in '10' second(s)

2021-10-21 14:25:46 - [MESSAGE][INFO] - Smart Wait Function is triggered

2021-10-21 14:25:47 - [MESSAGE][INFO] - Found 14 web elements with id: 'Object Repository/Menu/Ana_Menu' located by 'By.xpath: //*[@class = 'dropdown-toggle']' in '10' second(s)

2021-10-21 14:25:47 - [MESSAGE][PASSED] - Method.TextDegerineEsitElementeTikla is PASSED

2021-10-21 14:25:47 - [MESSAGE][PASSED] - Call Test Case 'Test Cases/Menu/AnaMenuSecimi' successfully

2021-10-21 14:25:47 - [MESSAGE][INFO] - Checking called Test Case

2021-10-21 14:25:47 - [MESSAGE][INFO] - Starting to call Test Case 'Test Cases/Menu/BasligaGoreAltMenuSecimi'

2021-10-21 14:25:47 - [TEST_CASE][PASSED] - Test Cases/Menu/BasligaGoreAltMenuSecimi: Test Cases/Menu/BasligaGoreAltMenuSecimi

2021-10-21 14:25:47 - [TEST_STEP][PASSED] - Method.TextDegerineEsitElementinAltindakiTextDegerineEsitOlanaTikla(findTestObject("Menu/Menu_Basligi"), findTestObject("Menu/Basliga_Gore_Alt_Menu"), Baslik, Alt_Menu): Method.TextDegerineEsitElementinAltindakiTextDegerineEsitOlanaTikla is PASSED

2021-10-21 14:25:47 - [MESSAGE][INFO] - Finding Test Object 'Object Repository/Menu/Menu_Basligi'

2021-10-21 14:25:47 - [MESSAGE][INFO] - Finding Test Object 'Object Repository/Menu/Basliga_Gore_Alt_Menu'

2021-10-21 14:25:47 - [MESSAGE][INFO] - Checking timeout

2021-10-21 14:25:47 - [MESSAGE][INFO] - Finding web element with id: 'Object Repository/Menu/Menu_Basligi' located by 'By.xpath: //li[@class='dropdown dropdown-large open']//li[@class='dropdown-header']' in '10' second(s)

2021-10-21 14:25:47 - [MESSAGE][INFO] - Smart Wait Function is triggered

2021-10-21 14:25:47 - [MESSAGE][INFO] - Found 2 web elements with id: 'Object Repository/Menu/Menu_Basligi' located by 'By.xpath: //li[@class='dropdown dropdown-large open']//li[@class='dropdown-header']' in '10' second(s)

2021-10-21 14:25:47 - [MESSAGE][INFO] - Smart Wait Function is triggered

2021-10-21 14:25:49 - [MESSAGE][PASSED] - Method.TextDegerineEsitElementinAltindakiTextDegerineEsitOlanaTikla is PASSED

2021-10-21 14:25:49 - [MESSAGE][PASSED] - Call Test Case 'Test Cases/Menu/BasligaGoreAltMenuSecimi' successfully

2021-10-21 14:25:49 - [MESSAGE][INFO] - Checking called Test Case

2021-10-21 14:25:49 - [MESSAGE][INFO] - Starting to call Test Case 'Test Cases/Filtreler/BaslangicYaz'

2021-10-21 14:25:49 - [TEST_CASE][PASSED] - Test Cases/Filtreler/BaslangicYaz: Test Cases/Filtreler/BaslangicYaz

2021-10-21 14:25:49 - [TEST_STEP][PASSED] - Method.TextDegerineEsitElementinAltindakineTikla(findTestObject("Filtreler/Basliklar"), findTestObject("Filtreler/Basliga_Gore_Baslangic_Image"), Filtre_Adi): Method.TextDegerineEsitElementinAltindakineTikla is PASSED

2021-10-21 14:25:49 - [MESSAGE][INFO] - Finding Test Object 'Object Repository/Filtreler/Basliklar'

2021-10-21 14:25:49 - [MESSAGE][INFO] - Finding Test Object 'Object Repository/Filtreler/Basliga_Gore_Baslangic_Image'

2021-10-21 14:25:49 - [MESSAGE][INFO] - Checking timeout

2021-10-21 14:25:49 - [MESSAGE][INFO] - Finding web element with id: 'Object Repository/Filtreler/Basliklar' located by 'By.cssSelector: .control-label.col-sm-4.paddingMarginRLC' in '10' second(s)

2021-10-21 14:25:49 - [MESSAGE][INFO] - Smart Wait Function is triggered

2021-10-21 14:25:50 - [MESSAGE][INFO] - Found 13 web elements with id: 'Object Repository/Filtreler/Basliklar' located by 'By.cssSelector: .control-label.col-sm-4.paddingMarginRLC' in '10' second(s)

2021-10-21 14:25:50 - [MESSAGE][INFO] - Smart Wait Function is triggered

2021-10-21 14:25:50 - [MESSAGE][PASSED] - Method.TextDegerineEsitElementinAltindakineTikla is PASSED

2021-10-21 14:25:50 - [TEST_STEP][PASSED] - Method.TextDegerineEsitElementinAltindakiTextboxtaYaz(findTestObject("Filtreler/Basliklar"), findTestObject("Filtreler/Basliga_Gore_Baslangic"), Filtre_Adi, Filtre_Degeri): Method.TextDegerineEsitElementinAltindakiTextboxtaYaz is PASSED

2021-10-21 14:25:50 - [MESSAGE][INFO] - Finding Test Object 'Object Repository/Filtreler/Basliklar'

2021-10-21 14:25:50 - [MESSAGE][INFO] - Finding Test Object 'Object Repository/Filtreler/Basliga_Gore_Baslangic'

2021-10-21 14:25:50 - [MESSAGE][INFO] - Checking timeout

2021-10-21 14:25:50 - [MESSAGE][INFO] - Finding web element with id: 'Object Repository/Filtreler/Basliklar' located by 'By.cssSelector: .control-label.col-sm-4.paddingMarginRLC' in '10' second(s)

2021-10-21 14:25:50 - [MESSAGE][INFO] - Smart Wait Function is triggered

2021-10-21 14:25:50 - [MESSAGE][INFO] - Found 13 web elements with id: 'Object Repository/Filtreler/Basliklar' located by 'By.cssSelector: .control-label.col-sm-4.paddingMarginRLC' in '10' second(s)

2021-10-21 14:25:50 - [MESSAGE][INFO] - Smart Wait Function is triggered

2021-10-21 14:25:51 - [MESSAGE][PASSED] - Method.TextDegerineEsitElementinAltindakiTextboxtaYaz is PASSED

2021-10-21 14:25:51 - [MESSAGE][PASSED] - Call Test Case 'Test Cases/Filtreler/BaslangicYaz' successfully

2021-10-21 14:25:51 - [MESSAGE][INFO] - Checking called Test Case

2021-10-21 14:25:51 - [MESSAGE][INFO] - Starting to call Test Case 'Test Cases/Filtreler/BitisYaz'

2021-10-21 14:25:51 - [TEST_CASE][PASSED] - Test Cases/Filtreler/BitisYaz: Test Cases/Filtreler/BitisYaz

2021-10-21 14:25:51 - [TEST_STEP][PASSED] - Method.TextDegerineEsitElementinAltindakineTikla(findTestObject("Filtreler/Basliklar"), findTestObject("Filtreler/Basliga_Gore_Bitis_Image"), Filtre_Adi): Method.TextDegerineEsitElementinAltindakineTikla is PASSED

2021-10-21 14:25:51 - [MESSAGE][INFO] - Finding Test Object 'Object Repository/Filtreler/Basliklar'

2021-10-21 14:25:51 - [MESSAGE][INFO] - Finding Test Object 'Object Repository/Filtreler/Basliga_Gore_Bitis_Image'

2021-10-21 14:25:51 - [MESSAGE][INFO] - Checking timeout

2021-10-21 14:25:51 - [MESSAGE][INFO] - Finding web element with id: 'Object Repository/Filtreler/Basliklar' located by 'By.cssSelector: .control-label.col-sm-4.paddingMarginRLC' in '10' second(s)

2021-10-21 14:25:51 - [MESSAGE][INFO] - Smart Wait Function is triggered

2021-10-21 14:25:52 - [MESSAGE][INFO] - Found 13 web elements with id: 'Object Repository/Filtreler/Basliklar' located by 'By.cssSelector: .control-label.col-sm-4.paddingMarginRLC' in '10' second(s)

2021-10-21 14:25:52 - [MESSAGE][INFO] - Smart Wait Function is triggered

2021-10-21 14:25:52 - [MESSAGE][PASSED] - Method.TextDegerineEsitElementinAltindakineTikla is PASSED

2021-10-21 14:25:52 - [TEST_STEP][PASSED] - Method.TextDegerineEsitElementinAltindakiTextboxtaYaz(findTestObject("Filtreler/Basliklar"), findTestObject("Object Repository/Filtreler/Basliga_Gore_Bitis"), Filtre_Adi, Filtre_Degeri): Method.TextDegerineEsitElementinAltindakiTextboxtaYaz is PASSED

2021-10-21 14:25:52 - [MESSAGE][INFO] - Finding Test Object 'Object Repository/Filtreler/Basliklar'

2021-10-21 14:25:52 - [MESSAGE][INFO] - Finding Test Object 'Object Repository/Filtreler/Basliga_Gore_Bitis'

2021-10-21 14:25:52 - [MESSAGE][INFO] - Checking timeout

2021-10-21 14:25:52 - [MESSAGE][INFO] - Finding web element with id: 'Object Repository/Filtreler/Basliklar' located by 'By.cssSelector: .control-label.col-sm-4.paddingMarginRLC' in '10' second(s)

2021-10-21 14:25:52 - [MESSAGE][INFO] - Smart Wait Function is triggered

2021-10-21 14:25:52 - [MESSAGE][INFO] - Found 13 web elements with id: 'Object Repository/Filtreler/Basliklar' located by 'By.cssSelector: .control-label.col-sm-4.paddingMarginRLC' in '10' second(s)

2021-10-21 14:25:52 - [MESSAGE][INFO] - Smart Wait Function is triggered

2021-10-21 14:25:53 - [MESSAGE][PASSED] - Method.TextDegerineEsitElementinAltindakiTextboxtaYaz is PASSED

2021-10-21 14:25:53 - [MESSAGE][PASSED] - Call Test Case 'Test Cases/Filtreler/BitisYaz' successfully

2021-10-21 14:25:53 - [MESSAGE][INFO] - Checking called Test Case

2021-10-21 14:25:53 - [MESSAGE][INFO] - Starting to call Test Case 'Test Cases/Filtreler/ButonaTikla'

2021-10-21 14:25:53 - [TEST_CASE][PASSED] - Test Cases/Filtreler/ButonaTikla: Test Cases/Filtreler/ButonaTikla

2021-10-21 14:25:53 - [TEST_STEP][PASSED] - Method.TextDegerineEsitElementeTikla(findTestObject("Filtreler/Butonlar"), Filtre_Buton): Method.TextDegerineEsitElementeTikla is PASSED

2021-10-21 14:25:53 - [MESSAGE][INFO] - Finding Test Object 'Object Repository/Filtreler/Butonlar'

2021-10-21 14:25:53 - [MESSAGE][INFO] - Checking timeout

2021-10-21 14:25:53 - [MESSAGE][INFO] - Finding web element with id: 'Object Repository/Filtreler/Butonlar' located by 'By.cssSelector: .dxb>span' in '10' second(s)

2021-10-21 14:25:53 - [MESSAGE][INFO] - Smart Wait Function is triggered

2021-10-21 14:25:53 - [MESSAGE][INFO] - Found 3 web elements with id: 'Object Repository/Filtreler/Butonlar' located by 'By.cssSelector: .dxb>span' in '10' second(s)

2021-10-21 14:25:53 - [MESSAGE][PASSED] - Method.TextDegerineEsitElementeTikla is PASSED

2021-10-21 14:25:53 - [MESSAGE][PASSED] - Call Test Case 'Test Cases/Filtreler/ButonaTikla' successfully

2021-10-21 14:25:53 - [MESSAGE][INFO] - Checking called Test Case

2021-10-21 14:25:53 - [MESSAGE][INFO] - Starting to call Test Case 'Test Cases/Tablo/TablodaVeriVarMi'

2021-10-21 14:25:53 - [TEST_CASE][PASSED] - Test Cases/Tablo/TablodaVeriVarMi: Test Cases/Tablo/TablodaVeriVarMi

2021-10-21 14:25:53 - [TEST_STEP][PASSED] - verifyTextNotPresent("Görüntülenecek veri yok", true): Text 'Görüntülenecek veri yok' is not present on page using regular expression

2021-10-21 14:25:53 - [MESSAGE][INFO] - Checking text present  using regular expression

2021-10-21 14:25:53 - [MESSAGE][INFO] - Smart Wait Function is triggered

2021-10-21 14:25:54 - [MESSAGE][INFO] - Finding text 'Görüntülenecek veri yok' on page  using regular expression

2021-10-21 14:25:54 - [MESSAGE][PASSED] - Text 'Görüntülenecek veri yok' is not present on page using regular expression

2021-10-21 14:25:54 - [MESSAGE][PASSED] - Call Test Case 'Test Cases/Tablo/TablodaVeriVarMi' successfully

2021-10-21 14:25:54 - [MESSAGE][INFO] - Checking called Test Case

2021-10-21 14:25:54 - [MESSAGE][INFO] - Starting to call Test Case 'Test Cases/Tablo/TablodanVeriSec'

2021-10-21 14:25:54 - [TEST_CASE][PASSED] - Test Cases/Tablo/TablodanVeriSec: Test Cases/Tablo/TablodanVeriSec

2021-10-21 14:25:54 - [TEST_STEP][PASSED] - Method.TextDegerineEsitElementinAltindakineTikla(findTestObject("Tablo/Veriler"), findTestObject("Tablo/VerininCheckBoxi"), Veri_Adi): Method.TextDegerineEsitElementinAltindakineTikla is PASSED

2021-10-21 14:25:54 - [MESSAGE][INFO] - Finding Test Object 'Object Repository/Tablo/Veriler'

2021-10-21 14:25:55 - [MESSAGE][INFO] - Finding Test Object 'Object Repository/Tablo/VerininCheckBoxi'

2021-10-21 14:25:55 - [MESSAGE][INFO] - Checking timeout

2021-10-21 14:25:55 - [MESSAGE][INFO] - Finding web element with id: 'Object Repository/Tablo/Veriler' located by 'By.cssSelector: td.dxgv b ,td.dxgv' in '10' second(s)

2021-10-21 14:25:55 - [MESSAGE][INFO] - Smart Wait Function is triggered

2021-10-21 14:25:55 - [MESSAGE][INFO] - Found 52 web elements with id: 'Object Repository/Tablo/Veriler' located by 'By.cssSelector: td.dxgv b ,td.dxgv' in '10' second(s)

2021-10-21 14:25:55 - [MESSAGE][INFO] - Smart Wait Function is triggered

2021-10-21 14:25:55 - [MESSAGE][PASSED] - Method.TextDegerineEsitElementinAltindakineTikla is PASSED

2021-10-21 14:25:55 - [MESSAGE][PASSED] - Call Test Case 'Test Cases/Tablo/TablodanVeriSec' successfully

2021-10-21 14:25:55 - [MESSAGE][INFO] - Checking called Test Case

2021-10-21 14:25:55 - [MESSAGE][INFO] - Starting to call Test Case 'Test Cases/Butonlar/ButonaTikla'

2021-10-21 14:25:55 - [TEST_CASE][PASSED] - Test Cases/Butonlar/ButonaTikla: Test Cases/Butonlar/ButonaTikla

2021-10-21 14:25:55 - [TEST_STEP][PASSED] - Method.TextDegerineEsitElementeTiklaEquals(findTestObject("Butonlar/Butonlar"), Buton_Adi): Method.TextDegerineEsitElementeTiklaEquals is PASSED

2021-10-21 14:25:55 - [MESSAGE][INFO] - Finding Test Object 'Object Repository/Butonlar/Butonlar'

2021-10-21 14:25:55 - [MESSAGE][INFO] - Checking timeout

2021-10-21 14:25:55 - [MESSAGE][INFO] - Finding web element with id: 'Object Repository/Butonlar/Butonlar' located by 'By.cssSelector: .panel.panel-default.text-center.footerPanel .btn,.btn.btn-primary.btnControls' in '10' second(s)

2021-10-21 14:25:55 - [MESSAGE][INFO] - Smart Wait Function is triggered

2021-10-21 14:25:56 - [MESSAGE][INFO] - Found 11 web elements with id: 'Object Repository/Butonlar/Butonlar' located by 'By.cssSelector: .panel.panel-default.text-center.footerPanel .btn,.btn.btn-primary.btnControls' in '10' second(s)

2021-10-21 14:25:56 - [MESSAGE][PASSED] - Method.TextDegerineEsitElementeTiklaEquals is PASSED

2021-10-21 14:25:56 - [MESSAGE][PASSED] - Call Test Case 'Test Cases/Butonlar/ButonaTikla' successfully

2021-10-21 14:25:56 - [MESSAGE][INFO] - Checking called Test Case

2021-10-21 14:25:56 - [MESSAGE][INFO] - Starting to call Test Case 'Test Cases/Butonlar/AltButonaTikla'

2021-10-21 14:25:56 - [TEST_CASE][PASSED] - Test Cases/Butonlar/AltButonaTikla: Test Cases/Butonlar/AltButonaTikla

2021-10-21 14:25:56 - [TEST_STEP][PASSED] - Method.TextDegerineEsitElementeTikla(findTestObject("Butonlar/AltButonlar"), Alt_Buton): Method.TextDegerineEsitElementeTikla is PASSED

2021-10-21 14:25:56 - [MESSAGE][INFO] - Finding Test Object 'Object Repository/Butonlar/AltButonlar'

2021-10-21 14:25:56 - [MESSAGE][INFO] - Checking timeout

2021-10-21 14:25:56 - [MESSAGE][INFO] - Finding web element with id: 'Object Repository/Butonlar/AltButonlar' located by 'By.cssSelector: .btn-group.open li>a' in '10' second(s)

2021-10-21 14:25:56 - [MESSAGE][INFO] - Smart Wait Function is triggered

2021-10-21 14:25:56 - [MESSAGE][INFO] - Found 2 web elements with id: 'Object Repository/Butonlar/AltButonlar' located by 'By.cssSelector: .btn-group.open li>a' in '10' second(s)

2021-10-21 14:25:57 - [MESSAGE][PASSED] - Method.TextDegerineEsitElementeTikla is PASSED

2021-10-21 14:25:57 - [MESSAGE][PASSED] - Call Test Case 'Test Cases/Butonlar/AltButonaTikla' successfully

2021-10-21 14:25:57 - [MESSAGE][INFO] - Checking called Test Case

2021-10-21 14:25:57 - [MESSAGE][INFO] - Starting to call Test Case 'Test Cases/Popup/PopupMesajiIceriyorMu'

2021-10-21 14:25:57 - [TEST_CASE][PASSED] - Test Cases/Popup/PopupMesajiIceriyorMu: Test Cases/Popup/PopupMesajiIceriyorMu

2021-10-21 14:25:57 - [TEST_STEP][PASSED] - waitForElementVisible(findTestObject("Popup/Popup"), 10): Object 'Object Repository/Popup/Popup' is visible

2021-10-21 14:25:57 - [MESSAGE][INFO] - Finding Test Object 'Object Repository/Popup/Popup'

2021-10-21 14:25:57 - [MESSAGE][INFO] - Checking object

2021-10-21 14:25:57 - [MESSAGE][INFO] - Checking timeout

2021-10-21 14:25:57 - [MESSAGE][INFO] - Finding web element from Test Object's properties

2021-10-21 14:25:57 - [MESSAGE][INFO] - Checking timeout

2021-10-21 14:25:57 - [MESSAGE][INFO] - Finding web element with id: 'Object Repository/Popup/Popup' located by 'By.cssSelector: .bootbox-body' in '10' second(s)

2021-10-21 14:25:57 - [MESSAGE][INFO] - Smart Wait Function is triggered

2021-10-21 14:25:58 - [MESSAGE][INFO] - Found 1 web elements with id: 'Object Repository/Popup/Popup' located by 'By.cssSelector: .bootbox-body' in '10' second(s)

2021-10-21 14:25:58 - [MESSAGE][PASSED] - Object 'Object Repository/Popup/Popup' is visible

2021-10-21 14:25:58 - [TEST_STEP][PASSED] - if (!(getText(findTestObject("Popup/Popup")).contains(Mesaj))): Text of object 'Object Repository/Popup/Popup' is: 'Statü Başarılı Olarak Güncellendi'

2021-10-21 14:25:58 - [MESSAGE][INFO] - Finding Test Object 'Object Repository/Popup/Popup'

2021-10-21 14:25:58 - [MESSAGE][INFO] - Checking object

2021-10-21 14:25:58 - [MESSAGE][INFO] - Finding web element from Test Object's properties

2021-10-21 14:25:58 - [MESSAGE][INFO] - Checking timeout

2021-10-21 14:25:58 - [MESSAGE][INFO] - Finding web element with id: 'Object Repository/Popup/Popup' located by 'By.cssSelector: .bootbox-body' in '30' second(s)

2021-10-21 14:25:58 - [MESSAGE][INFO] - Smart Wait Function is triggered

2021-10-21 14:25:58 - [MESSAGE][INFO] - Found 1 web elements with id: 'Object Repository/Popup/Popup' located by 'By.cssSelector: .bootbox-body' in '30' second(s)

2021-10-21 14:25:58 - [MESSAGE][INFO] - Getting text of object 'Object Repository/Popup/Popup'

2021-10-21 14:25:58 - [MESSAGE][PASSED] - Text of object 'Object Repository/Popup/Popup' is: 'Statü Başarılı Olarak Güncellendi'

2021-10-21 14:25:58 - [TEST_STEP][PASSED] - RaporNo = getText(findTestObject("Popup/Popup")).substring(0, 6): Text of object 'Object Repository/Popup/Popup' is: 'Statü Başarılı Olarak Güncellendi'

2021-10-21 14:25:58 - [MESSAGE][INFO] - Finding Test Object 'Object Repository/Popup/Popup'

2021-10-21 14:25:58 - [MESSAGE][INFO] - Checking object

2021-10-21 14:25:58 - [MESSAGE][INFO] - Finding web element from Test Object's properties

2021-10-21 14:25:58 - [MESSAGE][INFO] - Checking timeout

2021-10-21 14:25:58 - [MESSAGE][INFO] - Finding web element with id: 'Object Repository/Popup/Popup' located by 'By.cssSelector: .bootbox-body' in '30' second(s)

2021-10-21 14:25:58 - [MESSAGE][INFO] - Smart Wait Function is triggered

2021-10-21 14:25:58 - [MESSAGE][INFO] - Found 1 web elements with id: 'Object Repository/Popup/Popup' located by 'By.cssSelector: .bootbox-body' in '30' second(s)

2021-10-21 14:25:58 - [MESSAGE][INFO] - Getting text of object 'Object Repository/Popup/Popup'

2021-10-21 14:25:58 - [MESSAGE][PASSED] - Text of object 'Object Repository/Popup/Popup' is: 'Statü Başarılı Olarak Güncellendi'

2021-10-21 14:25:58 - [TEST_STEP][PASSED] - Console.println(RaporNo): null

2021-10-21 14:25:58 - [MESSAGE][PASSED] - Call Test Case 'Test Cases/Popup/PopupMesajiIceriyorMu' successfully

2021-10-21 14:25:58 - [MESSAGE][INFO] - Checking called Test Case

2021-10-21 14:25:58 - [MESSAGE][INFO] - Starting to call Test Case 'Test Cases/Popup/PopupButonSecilir'

2021-10-21 14:25:58 - [TEST_CASE][PASSED] - Test Cases/Popup/PopupButonSecilir: Test Cases/Popup/PopupButonSecilir

2021-10-21 14:25:58 - [TEST_STEP][PASSED] - Method.TextDegerineEsitElementeTikla(findTestObject("Popup/Popup_Butons"), Buton): Method.TextDegerineEsitElementeTikla is PASSED

2021-10-21 14:25:58 - [MESSAGE][INFO] - Finding Test Object 'Object Repository/Popup/Popup_Butons'

2021-10-21 14:25:59 - [MESSAGE][INFO] - Checking timeout

2021-10-21 14:25:59 - [MESSAGE][INFO] - Finding web element with id: 'Object Repository/Popup/Popup_Butons' located by 'By.cssSelector: .modal-footer>button' in '10' second(s)

2021-10-21 14:25:59 - [MESSAGE][INFO] - Smart Wait Function is triggered

2021-10-21 14:25:59 - [MESSAGE][INFO] - Found 1 web elements with id: 'Object Repository/Popup/Popup_Butons' located by 'By.cssSelector: .modal-footer>button' in '10' second(s)

2021-10-21 14:25:59 - [MESSAGE][PASSED] - Method.TextDegerineEsitElementeTikla is PASSED

2021-10-21 14:25:59 - [MESSAGE][PASSED] - Call Test Case 'Test Cases/Popup/PopupButonSecilir' successfully

2021-10-21 14:25:59 - [MESSAGE][INFO] - Checking called Test Case

2021-10-21 14:25:59 - [MESSAGE][INFO] - Starting to call Test Case 'Test Cases/Kullanici_Islemleri/KullaniciIslemlerindenSecimYapilir'

2021-10-21 14:25:59 - [TEST_CASE][PASSED] - Test Cases/Kullanici_Islemleri/KullaniciIslemlerindenSecimYapilir: Test Cases/Kullanici_Islemleri/KullaniciIslemlerindenSecimYapilir

2021-10-21 14:25:59 - [TEST_STEP][PASSED] - waitForElementClickable(findTestObject("Object Repository/Kullanici_Islemleri/KullaniciIslemleri"), 10): Object 'Object Repository/Kullanici_Islemleri/KullaniciIslemleri' is clickable

2021-10-21 14:25:59 - [MESSAGE][INFO] - Finding Test Object 'Object Repository/Kullanici_Islemleri/KullaniciIslemleri'

2021-10-21 14:25:59 - [MESSAGE][INFO] - Checking object

2021-10-21 14:25:59 - [MESSAGE][INFO] - Checking timeout

2021-10-21 14:25:59 - [MESSAGE][INFO] - Finding web element from Test Object's properties

2021-10-21 14:25:59 - [MESSAGE][INFO] - Checking timeout

2021-10-21 14:25:59 - [MESSAGE][INFO] - Finding web element with id: 'Object Repository/Kullanici_Islemleri/KullaniciIslemleri' located by 'By.cssSelector: .dropdown>a>img' in '10' second(s)

2021-10-21 14:25:59 - [MESSAGE][INFO] - Smart Wait Function is triggered

2021-10-21 14:26:00 - [MESSAGE][INFO] - Found 1 web elements with id: 'Object Repository/Kullanici_Islemleri/KullaniciIslemleri' located by 'By.cssSelector: .dropdown>a>img' in '10' second(s)

2021-10-21 14:26:00 - [MESSAGE][PASSED] - Object 'Object Repository/Kullanici_Islemleri/KullaniciIslemleri' is clickable

2021-10-21 14:26:00 - [TEST_STEP][PASSED] - click(findTestObject("Object Repository/Kullanici_Islemleri/KullaniciIslemleri")): Object: 'Object Repository/Kullanici_Islemleri/KullaniciIslemleri' is clicked on

2021-10-21 14:26:00 - [MESSAGE][INFO] - Finding Test Object 'Object Repository/Kullanici_Islemleri/KullaniciIslemleri'

2021-10-21 14:26:00 - [MESSAGE][INFO] - Checking object

2021-10-21 14:26:00 - [MESSAGE][INFO] - Finding web element from Test Object's properties

2021-10-21 14:26:00 - [MESSAGE][INFO] - Checking timeout

2021-10-21 14:26:00 - [MESSAGE][INFO] - Finding web element with id: 'Object Repository/Kullanici_Islemleri/KullaniciIslemleri' located by 'By.cssSelector: .dropdown>a>img' in '30' second(s)

2021-10-21 14:26:00 - [MESSAGE][INFO] - Smart Wait Function is triggered

2021-10-21 14:26:00 - [MESSAGE][INFO] - Found 1 web elements with id: 'Object Repository/Kullanici_Islemleri/KullaniciIslemleri' located by 'By.cssSelector: .dropdown>a>img' in '30' second(s)

2021-10-21 14:26:00 - [MESSAGE][INFO] - Clicking on object: 'Object Repository/Kullanici_Islemleri/KullaniciIslemleri'

2021-10-21 14:26:00 - [MESSAGE][PASSED] - Object: 'Object Repository/Kullanici_Islemleri/KullaniciIslemleri' is clicked on

2021-10-21 14:26:00 - [TEST_STEP][PASSED] - Method.TextDegerineEsitElementeTikla(findTestObject("Object Repository/Kullanici_Islemleri/Secenekler"), Islem): Method.TextDegerineEsitElementeTikla is PASSED

2021-10-21 14:26:00 - [MESSAGE][INFO] - Finding Test Object 'Object Repository/Kullanici_Islemleri/Secenekler'

2021-10-21 14:26:00 - [MESSAGE][INFO] - Checking timeout

2021-10-21 14:26:00 - [MESSAGE][INFO] - Finding web element with id: 'Object Repository/Kullanici_Islemleri/Secenekler' located by 'By.cssSelector: .nav.navbar-nav.navbar-right li a' in '10' second(s)

2021-10-21 14:26:00 - [MESSAGE][INFO] - Smart Wait Function is triggered

2021-10-21 14:26:01 - [MESSAGE][INFO] - Found 22 web elements with id: 'Object Repository/Kullanici_Islemleri/Secenekler' located by 'By.cssSelector: .nav.navbar-nav.navbar-right li a' in '10' second(s)

2021-10-21 14:26:02 - [MESSAGE][PASSED] - Method.TextDegerineEsitElementeTikla is PASSED

2021-10-21 14:26:02 - [TEST_STEP][PASSED] - verifyElementNotPresent(findTestObject("Object Repository/Kullanici_Islemleri/Secenekler"), 10): Web element with id: 'Object Repository/Kullanici_Islemleri/Secenekler' located by 'By.cssSelector: .nav.navbar-nav.navbar-right li a' is not present after '10' second(s)

2021-10-21 14:26:02 - [MESSAGE][INFO] - Finding Test Object 'Object Repository/Kullanici_Islemleri/Secenekler'

2021-10-21 14:26:02 - [MESSAGE][INFO] - Checking object

2021-10-21 14:26:02 - [MESSAGE][INFO] - Checking timeout

2021-10-21 14:26:02 - [MESSAGE][INFO] - Finding web element with id: 'Object Repository/Kullanici_Islemleri/Secenekler' located by 'By.cssSelector: .nav.navbar-nav.navbar-right li a' in '10' second(s)

2021-10-21 14:26:02 - [MESSAGE][INFO] - Smart Wait Function is triggered

2021-10-21 14:26:03 - [MESSAGE][PASSED] - Web element with id: 'Object Repository/Kullanici_Islemleri/Secenekler' located by 'By.cssSelector: .nav.navbar-nav.navbar-right li a' is not present after '10' second(s)

2021-10-21 14:26:03 - [MESSAGE][PASSED] - Call Test Case 'Test Cases/Kullanici_Islemleri/KullaniciIslemlerindenSecimYapilir' successfully

2021-10-21 14:26:03 - [TEST_CASE][PASSED] - Start Test Case : SCENARIO e-Serbest Meslek Makbuzlari Statu Ata: SCENARIO e-Serbest Meslek Makbuzlari Statu Ata

2021-10-21 14:26:03 - [TEST_STEP][PASSED] - Kullanıcı adı ELOGO6 ve Şifre 123456 olarak giriş yapılır: Kullanıcı adı ELOGO6 ve Şifre 123456 olarak giriş yapılır

2021-10-21 14:26:03 - [MESSAGE][PASSED] - Kullanıcı adı ELOGO6 ve Şifre 123456 olarak giriş yapılır

2021-10-21 14:26:03 - [TEST_STEP][PASSED] - Ana menüden e-Makbuz seçilir: Ana menüden e-Makbuz seçilir

2021-10-21 14:26:03 - [MESSAGE][PASSED] - Ana menüden e-Makbuz seçilir

2021-10-21 14:26:03 - [TEST_STEP][PASSED] - Alt menü e-Serbest Meslek Uygulaması başlığı altındaki e-Serbest Meslek Makbuzları seçilir: Alt menü e-Serbest Meslek Uygulaması başlığı altındaki e-Serbest Meslek Makbuzları seçilir

2021-10-21 14:26:03 - [MESSAGE][PASSED] - Alt menü e-Serbest Meslek Uygulaması başlığı altındaki e-Serbest Meslek Makbuzları seçilir

2021-10-21 14:26:03 - [TEST_STEP][PASSED] - Filtrelerden Oluşturma Tarihi filtresine 08.04.2021 baslangic degerini yaz: Filtrelerden Oluşturma Tarihi filtresine 08.04.2021 baslangic degerini yaz

2021-10-21 14:26:03 - [MESSAGE][PASSED] - Filtrelerden Oluşturma Tarihi filtresine 08.04.2021 baslangic degerini yaz

2021-10-21 14:26:03 - [TEST_STEP][PASSED] - Filtrelerden Oluşturma Tarihi filtresine 08.04.2021 bitis degerini yaz: Filtrelerden Oluşturma Tarihi filtresine 08.04.2021 bitis degerini yaz

2021-10-21 14:26:03 - [MESSAGE][PASSED] - Filtrelerden Oluşturma Tarihi filtresine 08.04.2021 bitis degerini yaz

2021-10-21 14:26:03 - [TEST_STEP][PASSED] - Filtre butonlarından Listele seçilir: Filtre butonlarından Listele seçilir

2021-10-21 14:26:03 - [MESSAGE][PASSED] - Filtre butonlarından Listele seçilir

2021-10-21 14:26:03 - [TEST_STEP][PASSED] - Tabloda veri var mı kontrol edilir: Tabloda veri var mı kontrol edilir

2021-10-21 14:26:03 - [MESSAGE][PASSED] - Tabloda veri var mı kontrol edilir

2021-10-21 14:26:03 - [TEST_STEP][PASSED] - Tablodan VirgosolOtomasyonTEST isimli veri seçilir: Tablodan VirgosolOtomasyonTEST isimli veri seçilir

2021-10-21 14:26:03 - [MESSAGE][PASSED] - Tablodan VirgosolOtomasyonTEST isimli veri seçilir

2021-10-21 14:26:03 - [TEST_STEP][PASSED] - Butonlardan Statü Ata isimli butona tıklanır: Butonlardan Statü Ata isimli butona tıklanır

2021-10-21 14:26:03 - [MESSAGE][PASSED] - Butonlardan Statü Ata isimli butona tıklanır

2021-10-21 14:26:03 - [TEST_STEP][PASSED] - Alt butonlardan Öndeğer butonuna tıklanır: Alt butonlardan Öndeğer butonuna tıklanır

2021-10-21 14:26:03 - [MESSAGE][PASSED] - Alt butonlardan Öndeğer butonuna tıklanır

2021-10-21 14:26:03 - [TEST_STEP][PASSED] - Popup mesajı Statü Başarılı Olarak Güncellendi içeriyor mu: Popup mesajı Statü Başarılı Olarak Güncellendi içeriyor mu

2021-10-21 14:26:03 - [MESSAGE][PASSED] - Popup mesajı Statü Başarılı Olarak Güncellendi içeriyor mu

2021-10-21 14:26:03 - [TEST_STEP][PASSED] - Yönetim popupında Tamam seçilir: Yönetim popupında Tamam seçilir

2021-10-21 14:26:03 - [MESSAGE][PASSED] - Yönetim popupında Tamam seçilir

2021-10-21 14:26:03 - [TEST_STEP][PASSED] - Kullanıcı işlemlerinden Çıkış seçilir: Kullanıcı işlemlerinden Çıkış seçilir

2021-10-21 14:26:03 - [MESSAGE][PASSED] - Kullanıcı işlemlerinden Çıkış seçilir

2021-10-21 14:26:03 - [MESSAGE][PASSED] - Feature file: 'Include/features/e-Makbuz/e-Serbest Meslek Uygulaması/e-Serbest Meslek Makbuzlari/Statu Ata.feature' was passed

2021-10-21 14:26:03 - [TEST_STEP][PASSED] - Start listener action : sampleAfterTestSuite: Invoke 'com.kms.katalon.core.annotation.AfterTestCase' method: 'Listener.sampleAfterTestSuite(...)' completed.

2021-10-21 14:26:03 - [MESSAGE][INFO] - Starting invoke 'com.kms.katalon.core.annotation.AfterTestCase' method: 'Listener.sampleAfterTestSuite(...)'

2021-10-21 14:26:03 - [TEST_STEP][PASSED] - closeBrowser(): Invoke 'com.kms.katalon.core.annotation.AfterTestCase' method: 'Listener.sampleAfterTestSuite(...)' completed.

2021-10-21 14:26:03 - [MESSAGE][INFO] - Closing browser

2021-10-21 14:26:03 - [MESSAGE][PASSED] - Browser is closed

2021-10-21 14:26:03 - [MESSAGE][INFO] - Invoke 'com.kms.katalon.core.annotation.AfterTestCase' method: 'Listener.sampleAfterTestSuite(...)' completed.]]></system-out>
         <system-err><![CDATA[]]></system-err>
      </testcase>
      <testcase name="Test Cases/Case Repository/e-Makbuz/e-Serbest Meslek Uygulamasi/e-Serbest Meslek Makbuzlari/UBL" time="29.946" classname="Test Cases/Case Repository/e-Makbuz/e-Serbest Meslek Uygulamasi/e-Serbest Meslek Makbuzlari/UBL" status="PASSED">
         <system-out><![CDATA[2021-10-21 14:26:03 - [TEST_CASE][PASSED] - Test Cases/Case Repository/e-Makbuz/e-Serbest Meslek Uygulamasi/e-Serbest Meslek Makbuzlari/UBL: Test Cases/Case Repository/e-Makbuz/e-Serbest Meslek Uygulamasi/e-Serbest Meslek Makbuzlari/UBL

2021-10-21 14:26:03 - [TEST_STEP][PASSED] - Start listener action : sampleBeforeTestSuite: Invoke 'com.kms.katalon.core.annotation.BeforeTestCase' method: 'Listener.sampleBeforeTestSuite(...)' completed.

2021-10-21 14:26:03 - [MESSAGE][INFO] - Starting invoke 'com.kms.katalon.core.annotation.BeforeTestCase' method: 'Listener.sampleBeforeTestSuite(...)'

2021-10-21 14:26:03 - [TEST_STEP][PASSED] - openBrowser(baseUrl): Browser is opened with url: 'https://efatura-stage.elogo.com.tr/'

2021-10-21 14:26:03 - [MESSAGE][INFO] - Opening browser

2021-10-21 14:26:03 - [MESSAGE][INFO] - Starting 'Chrome' driver

2021-10-21 14:26:03 - [MESSAGE][INFO] - User set preference: ['prefs', '{download.default_directory=C:\otomasyondownfiles}']

2021-10-21 14:26:03 - [MESSAGE][INFO] - Action delay is set to 0 milliseconds

2021-10-21 14:26:05 - [MESSAGE][INFO] - Navigating browser to: 'https://efatura-stage.elogo.com.tr/'

2021-10-21 14:26:07 - [MESSAGE][PASSED] - Browser is opened with url: 'https://efatura-stage.elogo.com.tr/'

2021-10-21 14:26:07 - [TEST_STEP][PASSED] - maximizeWindow(): Invoke 'com.kms.katalon.core.annotation.BeforeTestCase' method: 'Listener.sampleBeforeTestSuite(...)' completed.

2021-10-21 14:26:07 - [MESSAGE][INFO] - Maximizing current window

2021-10-21 14:26:07 - [MESSAGE][PASSED] - Current window maximized

2021-10-21 14:26:07 - [MESSAGE][INFO] - Invoke 'com.kms.katalon.core.annotation.BeforeTestCase' method: 'Listener.sampleBeforeTestSuite(...)' completed.

2021-10-21 14:26:08 - [TEST_STEP][PASSED] - runFeatureFile("Include/features/e-Makbuz/e-Serbest Meslek Uygulaması/e-Serbest Meslek Makbuzlari/UBL.feature"): Feature file: 'Include/features/e-Makbuz/e-Serbest Meslek Uygulaması/e-Serbest Meslek Makbuzlari/UBL.feature' was passed

2021-10-21 14:26:08 - [MESSAGE][INFO] - Starting run keyword runFeatureFile: 'Include/features/e-Makbuz/e-Serbest Meslek Uygulaması/e-Serbest Meslek Makbuzlari/UBL.feature' and extract report to folder: 'C:\Users\DELL\Downloads\EES_Katalon-main\Reports\20211021_140437\Suite Repository\e-Makbuz\20211021_140511/cucumber_report/1634815568104'...

2021-10-21 14:26:08 - [MESSAGE][INFO] - Glue: []

2021-10-21 14:26:08 - [MESSAGE][INFO] - Checking called Test Case

2021-10-21 14:26:08 - [MESSAGE][INFO] - Starting to call Test Case 'Test Cases/Sayfalar/Giris_Sayfasi/Login'

2021-10-21 14:26:09 - [TEST_CASE][PASSED] - Test Cases/Sayfalar/Giris_Sayfasi/Login: Test Cases/Sayfalar/Giris_Sayfasi/Login

2021-10-21 14:26:09 - [TEST_STEP][PASSED] - Sayfa_Basligi = getWindowTitle(): Current window's title is: 'LOGO e-Fatura'

2021-10-21 14:26:09 - [MESSAGE][INFO] - Getting current window's title

2021-10-21 14:26:09 - [MESSAGE][PASSED] - Current window's title is: 'LOGO e-Fatura'

2021-10-21 14:26:09 - [TEST_STEP][PASSED] - verifyMatch(Sayfa_Basligi, "LOGO e-Fatura", false): Actual text 'LOGO e-Fatura' and expected text 'LOGO e-Fatura' are matched 

2021-10-21 14:26:09 - [MESSAGE][INFO] - Matching actual text 'LOGO e-Fatura' with expected text 'LOGO e-Fatura'

2021-10-21 14:26:09 - [MESSAGE][PASSED] - Actual text 'LOGO e-Fatura' and expected text 'LOGO e-Fatura' are matched 

2021-10-21 14:26:09 - [TEST_STEP][PASSED] - sendKeys(findTestObject("Sayfalar/Giris_Sayfasi/Firma_Kodu"), KullaniciAdi): Keys 'ELOGO6' sent to object: 'Object Repository/Sayfalar/Giris_Sayfasi/Firma_Kodu'

2021-10-21 14:26:09 - [MESSAGE][INFO] - Finding Test Object 'Object Repository/Sayfalar/Giris_Sayfasi/Firma_Kodu'

2021-10-21 14:26:09 - [MESSAGE][INFO] - Sending keys 'ELOGO6' to object: 'Object Repository/Sayfalar/Giris_Sayfasi/Firma_Kodu'

2021-10-21 14:26:09 - [MESSAGE][INFO] - Finding web element from Test Object's properties

2021-10-21 14:26:09 - [MESSAGE][INFO] - Checking timeout

2021-10-21 14:26:09 - [MESSAGE][INFO] - Finding web element with id: 'Object Repository/Sayfalar/Giris_Sayfasi/Firma_Kodu' located by 'By.xpath: //*[@id = 'AccountName']' in '30' second(s)

2021-10-21 14:26:09 - [MESSAGE][INFO] - Smart Wait Function is triggered

2021-10-21 14:26:09 - [MESSAGE][INFO] - Found 1 web elements with id: 'Object Repository/Sayfalar/Giris_Sayfasi/Firma_Kodu' located by 'By.xpath: //*[@id = 'AccountName']' in '30' second(s)

2021-10-21 14:26:09 - [MESSAGE][PASSED] - Keys 'ELOGO6' sent to object: 'Object Repository/Sayfalar/Giris_Sayfasi/Firma_Kodu'

2021-10-21 14:26:09 - [TEST_STEP][PASSED] - sendKeys(findTestObject("Sayfalar/Giris_Sayfasi/Sifre"), Sifre): Keys '123456' sent to object: 'Object Repository/Sayfalar/Giris_Sayfasi/Sifre'

2021-10-21 14:26:09 - [MESSAGE][INFO] - Finding Test Object 'Object Repository/Sayfalar/Giris_Sayfasi/Sifre'

2021-10-21 14:26:09 - [MESSAGE][INFO] - Sending keys '123456' to object: 'Object Repository/Sayfalar/Giris_Sayfasi/Sifre'

2021-10-21 14:26:09 - [MESSAGE][INFO] - Finding web element from Test Object's properties

2021-10-21 14:26:09 - [MESSAGE][INFO] - Checking timeout

2021-10-21 14:26:09 - [MESSAGE][INFO] - Finding web element with id: 'Object Repository/Sayfalar/Giris_Sayfasi/Sifre' located by 'By.xpath: //*[@id = 'Password']' in '30' second(s)

2021-10-21 14:26:09 - [MESSAGE][INFO] - Smart Wait Function is triggered

2021-10-21 14:26:09 - [MESSAGE][INFO] - Found 1 web elements with id: 'Object Repository/Sayfalar/Giris_Sayfasi/Sifre' located by 'By.xpath: //*[@id = 'Password']' in '30' second(s)

2021-10-21 14:26:09 - [MESSAGE][PASSED] - Keys '123456' sent to object: 'Object Repository/Sayfalar/Giris_Sayfasi/Sifre'

2021-10-21 14:26:09 - [TEST_STEP][PASSED] - findWebElement(findTestObject("Sayfalar/Giris_Sayfasi/Giris_Butonu")).click(): Found 1 web elements with id: 'Object Repository/Sayfalar/Giris_Sayfasi/Giris_Butonu' located by 'By.cssSelector: #btnLogin' in '30' second(s)

2021-10-21 14:26:09 - [MESSAGE][INFO] - Finding Test Object 'Object Repository/Sayfalar/Giris_Sayfasi/Giris_Butonu'

2021-10-21 14:26:09 - [MESSAGE][INFO] - Finding web element from Test Object's properties

2021-10-21 14:26:09 - [MESSAGE][INFO] - Checking timeout

2021-10-21 14:26:09 - [MESSAGE][INFO] - Finding web element with id: 'Object Repository/Sayfalar/Giris_Sayfasi/Giris_Butonu' located by 'By.cssSelector: #btnLogin' in '30' second(s)

2021-10-21 14:26:09 - [MESSAGE][INFO] - Smart Wait Function is triggered

2021-10-21 14:26:10 - [MESSAGE][INFO] - Found 1 web elements with id: 'Object Repository/Sayfalar/Giris_Sayfasi/Giris_Butonu' located by 'By.cssSelector: #btnLogin' in '30' second(s)

2021-10-21 14:26:12 - [TEST_STEP][PASSED] - if (verifyElementPresent(findTestObject("Object Repository/Sayfalar/Giris_Sayfasi/RetveTamam_Butonu"), 5, OPTIONAL)): null

2021-10-21 14:26:12 - [MESSAGE][INFO] - Finding Test Object 'Object Repository/Sayfalar/Giris_Sayfasi/RetveTamam_Butonu'

2021-10-21 14:26:12 - [MESSAGE][INFO] - Checking object

2021-10-21 14:26:12 - [MESSAGE][INFO] - Finding web element from Test Object's properties

2021-10-21 14:26:12 - [MESSAGE][INFO] - Checking timeout

2021-10-21 14:26:12 - [MESSAGE][INFO] - Finding web element with id: 'Object Repository/Sayfalar/Giris_Sayfasi/RetveTamam_Butonu' located by 'By.xpath: //*[@class = 'btn btn-default']' in '5' second(s)

2021-10-21 14:26:12 - [MESSAGE][INFO] - Smart Wait Function is triggered

2021-10-21 14:26:12 - [MESSAGE][INFO] - Found 1 web elements with id: 'Object Repository/Sayfalar/Giris_Sayfasi/RetveTamam_Butonu' located by 'By.xpath: //*[@class = 'btn btn-default']' in '5' second(s)

2021-10-21 14:26:12 - [MESSAGE][PASSED] - Object 'Object Repository/Sayfalar/Giris_Sayfasi/RetveTamam_Butonu' is present

2021-10-21 14:26:12 - [TEST_STEP][PASSED] - click(findTestObject("Object Repository/Sayfalar/Giris_Sayfasi/RetveTamam_Butonu")): Object: 'Object Repository/Sayfalar/Giris_Sayfasi/RetveTamam_Butonu' is clicked on

2021-10-21 14:26:12 - [MESSAGE][INFO] - Finding Test Object 'Object Repository/Sayfalar/Giris_Sayfasi/RetveTamam_Butonu'

2021-10-21 14:26:13 - [MESSAGE][INFO] - Checking object

2021-10-21 14:26:13 - [MESSAGE][INFO] - Finding web element from Test Object's properties

2021-10-21 14:26:13 - [MESSAGE][INFO] - Checking timeout

2021-10-21 14:26:13 - [MESSAGE][INFO] - Finding web element with id: 'Object Repository/Sayfalar/Giris_Sayfasi/RetveTamam_Butonu' located by 'By.xpath: //*[@class = 'btn btn-default']' in '30' second(s)

2021-10-21 14:26:13 - [MESSAGE][INFO] - Smart Wait Function is triggered

2021-10-21 14:26:13 - [MESSAGE][INFO] - Found 1 web elements with id: 'Object Repository/Sayfalar/Giris_Sayfasi/RetveTamam_Butonu' located by 'By.xpath: //*[@class = 'btn btn-default']' in '30' second(s)

2021-10-21 14:26:13 - [MESSAGE][INFO] - Clicking on object: 'Object Repository/Sayfalar/Giris_Sayfasi/RetveTamam_Butonu'

2021-10-21 14:26:13 - [MESSAGE][PASSED] - Object: 'Object Repository/Sayfalar/Giris_Sayfasi/RetveTamam_Butonu' is clicked on

2021-10-21 14:26:13 - [TEST_STEP][PASSED] - click(findTestObject("Object Repository/Sayfalar/Giris_Sayfasi/RetveTamam_Butonu")): Object: 'Object Repository/Sayfalar/Giris_Sayfasi/RetveTamam_Butonu' is clicked on

2021-10-21 14:26:13 - [MESSAGE][INFO] - Finding Test Object 'Object Repository/Sayfalar/Giris_Sayfasi/RetveTamam_Butonu'

2021-10-21 14:26:13 - [MESSAGE][INFO] - Checking object

2021-10-21 14:26:13 - [MESSAGE][INFO] - Finding web element from Test Object's properties

2021-10-21 14:26:13 - [MESSAGE][INFO] - Checking timeout

2021-10-21 14:26:13 - [MESSAGE][INFO] - Finding web element with id: 'Object Repository/Sayfalar/Giris_Sayfasi/RetveTamam_Butonu' located by 'By.xpath: //*[@class = 'btn btn-default']' in '30' second(s)

2021-10-21 14:26:13 - [MESSAGE][INFO] - Smart Wait Function is triggered

2021-10-21 14:26:16 - [MESSAGE][INFO] - Found 1 web elements with id: 'Object Repository/Sayfalar/Giris_Sayfasi/RetveTamam_Butonu' located by 'By.xpath: //*[@class = 'btn btn-default']' in '30' second(s)

2021-10-21 14:26:16 - [MESSAGE][INFO] - Clicking on object: 'Object Repository/Sayfalar/Giris_Sayfasi/RetveTamam_Butonu'

2021-10-21 14:26:16 - [MESSAGE][PASSED] - Object: 'Object Repository/Sayfalar/Giris_Sayfasi/RetveTamam_Butonu' is clicked on

2021-10-21 14:26:16 - [TEST_STEP][PASSED] - if (verifyElementPresent(findTestObject("Sayfalar/Giris_Sayfasi/PopupOK"), 5, OPTIONAL)): null

2021-10-21 14:26:16 - [MESSAGE][INFO] - Finding Test Object 'Object Repository/Sayfalar/Giris_Sayfasi/PopupOK'

2021-10-21 14:26:16 - [MESSAGE][INFO] - Checking object

2021-10-21 14:26:16 - [MESSAGE][INFO] - Finding web element from Test Object's properties

2021-10-21 14:26:16 - [MESSAGE][INFO] - Checking timeout

2021-10-21 14:26:16 - [MESSAGE][INFO] - Finding web element with id: 'Object Repository/Sayfalar/Giris_Sayfasi/PopupOK' located by 'By.cssSelector: .btn.btn-success' in '5' second(s)

2021-10-21 14:26:16 - [MESSAGE][INFO] - Smart Wait Function is triggered

2021-10-21 14:26:16 - [MESSAGE][INFO] - Found 1 web elements with id: 'Object Repository/Sayfalar/Giris_Sayfasi/PopupOK' located by 'By.cssSelector: .btn.btn-success' in '5' second(s)

2021-10-21 14:26:16 - [MESSAGE][PASSED] - Object 'Object Repository/Sayfalar/Giris_Sayfasi/PopupOK' is present

2021-10-21 14:26:16 - [TEST_STEP][PASSED] - click(findTestObject("Object Repository/Sayfalar/Giris_Sayfasi/PopupCarpiGiris")): Object: 'Object Repository/Sayfalar/Giris_Sayfasi/PopupCarpiGiris' is clicked on

2021-10-21 14:26:16 - [MESSAGE][INFO] - Finding Test Object 'Object Repository/Sayfalar/Giris_Sayfasi/PopupCarpiGiris'

2021-10-21 14:26:17 - [MESSAGE][INFO] - Checking object

2021-10-21 14:26:17 - [MESSAGE][INFO] - Finding web element from Test Object's properties

2021-10-21 14:26:17 - [MESSAGE][INFO] - Checking timeout

2021-10-21 14:26:17 - [MESSAGE][INFO] - Finding web element with id: 'Object Repository/Sayfalar/Giris_Sayfasi/PopupCarpiGiris' located by 'By.cssSelector: .bootbox-close-button.close' in '30' second(s)

2021-10-21 14:26:17 - [MESSAGE][INFO] - Smart Wait Function is triggered

2021-10-21 14:26:17 - [MESSAGE][INFO] - Found 1 web elements with id: 'Object Repository/Sayfalar/Giris_Sayfasi/PopupCarpiGiris' located by 'By.cssSelector: .bootbox-close-button.close' in '30' second(s)

2021-10-21 14:26:17 - [MESSAGE][INFO] - Clicking on object: 'Object Repository/Sayfalar/Giris_Sayfasi/PopupCarpiGiris'

2021-10-21 14:26:17 - [MESSAGE][PASSED] - Object: 'Object Repository/Sayfalar/Giris_Sayfasi/PopupCarpiGiris' is clicked on

2021-10-21 14:26:17 - [TEST_STEP][PASSED] - verifyElementVisible(findTestObject("Object Repository/Kullanici_Islemleri/KullaniciIslemleri")): Object 'Object Repository/Kullanici_Islemleri/KullaniciIslemleri' is visible

2021-10-21 14:26:17 - [MESSAGE][INFO] - Finding Test Object 'Object Repository/Kullanici_Islemleri/KullaniciIslemleri'

2021-10-21 14:26:17 - [MESSAGE][INFO] - Checking object

2021-10-21 14:26:17 - [MESSAGE][INFO] - Finding web element from Test Object's properties

2021-10-21 14:26:17 - [MESSAGE][INFO] - Checking timeout

2021-10-21 14:26:17 - [MESSAGE][INFO] - Finding web element with id: 'Object Repository/Kullanici_Islemleri/KullaniciIslemleri' located by 'By.cssSelector: .dropdown>a>img' in '30' second(s)

2021-10-21 14:26:17 - [MESSAGE][INFO] - Smart Wait Function is triggered

2021-10-21 14:26:18 - [MESSAGE][INFO] - Found 1 web elements with id: 'Object Repository/Kullanici_Islemleri/KullaniciIslemleri' located by 'By.cssSelector: .dropdown>a>img' in '30' second(s)

2021-10-21 14:26:18 - [MESSAGE][PASSED] - Object 'Object Repository/Kullanici_Islemleri/KullaniciIslemleri' is visible

2021-10-21 14:26:18 - [MESSAGE][PASSED] - Call Test Case 'Test Cases/Sayfalar/Giris_Sayfasi/Login' successfully

2021-10-21 14:26:18 - [MESSAGE][INFO] - Checking called Test Case

2021-10-21 14:26:18 - [MESSAGE][INFO] - Starting to call Test Case 'Test Cases/Menu/AnaMenuSecimi'

2021-10-21 14:26:18 - [TEST_CASE][PASSED] - Test Cases/Menu/AnaMenuSecimi: Test Cases/Menu/AnaMenuSecimi

2021-10-21 14:26:18 - [TEST_STEP][PASSED] - Method.TextDegerineEsitElementeTikla(findTestObject("Menu/Ana_Menu"), Ana_Menu): Method.TextDegerineEsitElementeTikla is PASSED

2021-10-21 14:26:18 - [MESSAGE][INFO] - Finding Test Object 'Object Repository/Menu/Ana_Menu'

2021-10-21 14:26:18 - [MESSAGE][INFO] - Checking timeout

2021-10-21 14:26:18 - [MESSAGE][INFO] - Finding web element with id: 'Object Repository/Menu/Ana_Menu' located by 'By.xpath: //*[@class = 'dropdown-toggle']' in '10' second(s)

2021-10-21 14:26:18 - [MESSAGE][INFO] - Smart Wait Function is triggered

2021-10-21 14:26:18 - [MESSAGE][INFO] - Found 14 web elements with id: 'Object Repository/Menu/Ana_Menu' located by 'By.xpath: //*[@class = 'dropdown-toggle']' in '10' second(s)

2021-10-21 14:26:18 - [MESSAGE][PASSED] - Method.TextDegerineEsitElementeTikla is PASSED

2021-10-21 14:26:18 - [MESSAGE][PASSED] - Call Test Case 'Test Cases/Menu/AnaMenuSecimi' successfully

2021-10-21 14:26:18 - [MESSAGE][INFO] - Checking called Test Case

2021-10-21 14:26:18 - [MESSAGE][INFO] - Starting to call Test Case 'Test Cases/Menu/BasligaGoreAltMenuSecimi'

2021-10-21 14:26:18 - [TEST_CASE][PASSED] - Test Cases/Menu/BasligaGoreAltMenuSecimi: Test Cases/Menu/BasligaGoreAltMenuSecimi

2021-10-21 14:26:18 - [TEST_STEP][PASSED] - Method.TextDegerineEsitElementinAltindakiTextDegerineEsitOlanaTikla(findTestObject("Menu/Menu_Basligi"), findTestObject("Menu/Basliga_Gore_Alt_Menu"), Baslik, Alt_Menu): Method.TextDegerineEsitElementinAltindakiTextDegerineEsitOlanaTikla is PASSED

2021-10-21 14:26:18 - [MESSAGE][INFO] - Finding Test Object 'Object Repository/Menu/Menu_Basligi'

2021-10-21 14:26:18 - [MESSAGE][INFO] - Finding Test Object 'Object Repository/Menu/Basliga_Gore_Alt_Menu'

2021-10-21 14:26:19 - [MESSAGE][INFO] - Checking timeout

2021-10-21 14:26:19 - [MESSAGE][INFO] - Finding web element with id: 'Object Repository/Menu/Menu_Basligi' located by 'By.xpath: //li[@class='dropdown dropdown-large open']//li[@class='dropdown-header']' in '10' second(s)

2021-10-21 14:26:19 - [MESSAGE][INFO] - Smart Wait Function is triggered

2021-10-21 14:26:19 - [MESSAGE][INFO] - Found 2 web elements with id: 'Object Repository/Menu/Menu_Basligi' located by 'By.xpath: //li[@class='dropdown dropdown-large open']//li[@class='dropdown-header']' in '10' second(s)

2021-10-21 14:26:19 - [MESSAGE][INFO] - Smart Wait Function is triggered

2021-10-21 14:26:21 - [MESSAGE][PASSED] - Method.TextDegerineEsitElementinAltindakiTextDegerineEsitOlanaTikla is PASSED

2021-10-21 14:26:21 - [MESSAGE][PASSED] - Call Test Case 'Test Cases/Menu/BasligaGoreAltMenuSecimi' successfully

2021-10-21 14:26:21 - [MESSAGE][INFO] - Checking called Test Case

2021-10-21 14:26:21 - [MESSAGE][INFO] - Starting to call Test Case 'Test Cases/Filtreler/BaslangicYaz'

2021-10-21 14:26:21 - [TEST_CASE][PASSED] - Test Cases/Filtreler/BaslangicYaz: Test Cases/Filtreler/BaslangicYaz

2021-10-21 14:26:21 - [TEST_STEP][PASSED] - Method.TextDegerineEsitElementinAltindakineTikla(findTestObject("Filtreler/Basliklar"), findTestObject("Filtreler/Basliga_Gore_Baslangic_Image"), Filtre_Adi): Method.TextDegerineEsitElementinAltindakineTikla is PASSED

2021-10-21 14:26:21 - [MESSAGE][INFO] - Finding Test Object 'Object Repository/Filtreler/Basliklar'

2021-10-21 14:26:21 - [MESSAGE][INFO] - Finding Test Object 'Object Repository/Filtreler/Basliga_Gore_Baslangic_Image'

2021-10-21 14:26:22 - [MESSAGE][INFO] - Checking timeout

2021-10-21 14:26:22 - [MESSAGE][INFO] - Finding web element with id: 'Object Repository/Filtreler/Basliklar' located by 'By.cssSelector: .control-label.col-sm-4.paddingMarginRLC' in '10' second(s)

2021-10-21 14:26:22 - [MESSAGE][INFO] - Smart Wait Function is triggered

2021-10-21 14:26:22 - [MESSAGE][INFO] - Found 13 web elements with id: 'Object Repository/Filtreler/Basliklar' located by 'By.cssSelector: .control-label.col-sm-4.paddingMarginRLC' in '10' second(s)

2021-10-21 14:26:22 - [MESSAGE][INFO] - Smart Wait Function is triggered

2021-10-21 14:26:22 - [MESSAGE][PASSED] - Method.TextDegerineEsitElementinAltindakineTikla is PASSED

2021-10-21 14:26:22 - [TEST_STEP][PASSED] - Method.TextDegerineEsitElementinAltindakiTextboxtaYaz(findTestObject("Filtreler/Basliklar"), findTestObject("Filtreler/Basliga_Gore_Baslangic"), Filtre_Adi, Filtre_Degeri): Method.TextDegerineEsitElementinAltindakiTextboxtaYaz is PASSED

2021-10-21 14:26:22 - [MESSAGE][INFO] - Finding Test Object 'Object Repository/Filtreler/Basliklar'

2021-10-21 14:26:22 - [MESSAGE][INFO] - Finding Test Object 'Object Repository/Filtreler/Basliga_Gore_Baslangic'

2021-10-21 14:26:22 - [MESSAGE][INFO] - Checking timeout

2021-10-21 14:26:22 - [MESSAGE][INFO] - Finding web element with id: 'Object Repository/Filtreler/Basliklar' located by 'By.cssSelector: .control-label.col-sm-4.paddingMarginRLC' in '10' second(s)

2021-10-21 14:26:22 - [MESSAGE][INFO] - Smart Wait Function is triggered

2021-10-21 14:26:23 - [MESSAGE][INFO] - Found 13 web elements with id: 'Object Repository/Filtreler/Basliklar' located by 'By.cssSelector: .control-label.col-sm-4.paddingMarginRLC' in '10' second(s)

2021-10-21 14:26:23 - [MESSAGE][INFO] - Smart Wait Function is triggered

2021-10-21 14:26:23 - [MESSAGE][PASSED] - Method.TextDegerineEsitElementinAltindakiTextboxtaYaz is PASSED

2021-10-21 14:26:23 - [MESSAGE][PASSED] - Call Test Case 'Test Cases/Filtreler/BaslangicYaz' successfully

2021-10-21 14:26:23 - [MESSAGE][INFO] - Checking called Test Case

2021-10-21 14:26:23 - [MESSAGE][INFO] - Starting to call Test Case 'Test Cases/Filtreler/BitisYaz'

2021-10-21 14:26:23 - [TEST_CASE][PASSED] - Test Cases/Filtreler/BitisYaz: Test Cases/Filtreler/BitisYaz

2021-10-21 14:26:23 - [TEST_STEP][PASSED] - Method.TextDegerineEsitElementinAltindakineTikla(findTestObject("Filtreler/Basliklar"), findTestObject("Filtreler/Basliga_Gore_Bitis_Image"), Filtre_Adi): Method.TextDegerineEsitElementinAltindakineTikla is PASSED

2021-10-21 14:26:23 - [MESSAGE][INFO] - Finding Test Object 'Object Repository/Filtreler/Basliklar'

2021-10-21 14:26:23 - [MESSAGE][INFO] - Finding Test Object 'Object Repository/Filtreler/Basliga_Gore_Bitis_Image'

2021-10-21 14:26:23 - [MESSAGE][INFO] - Checking timeout

2021-10-21 14:26:23 - [MESSAGE][INFO] - Finding web element with id: 'Object Repository/Filtreler/Basliklar' located by 'By.cssSelector: .control-label.col-sm-4.paddingMarginRLC' in '10' second(s)

2021-10-21 14:26:23 - [MESSAGE][INFO] - Smart Wait Function is triggered

2021-10-21 14:26:24 - [MESSAGE][INFO] - Found 13 web elements with id: 'Object Repository/Filtreler/Basliklar' located by 'By.cssSelector: .control-label.col-sm-4.paddingMarginRLC' in '10' second(s)

2021-10-21 14:26:24 - [MESSAGE][INFO] - Smart Wait Function is triggered

2021-10-21 14:26:24 - [MESSAGE][PASSED] - Method.TextDegerineEsitElementinAltindakineTikla is PASSED

2021-10-21 14:26:24 - [TEST_STEP][PASSED] - Method.TextDegerineEsitElementinAltindakiTextboxtaYaz(findTestObject("Filtreler/Basliklar"), findTestObject("Object Repository/Filtreler/Basliga_Gore_Bitis"), Filtre_Adi, Filtre_Degeri): Method.TextDegerineEsitElementinAltindakiTextboxtaYaz is PASSED

2021-10-21 14:26:24 - [MESSAGE][INFO] - Finding Test Object 'Object Repository/Filtreler/Basliklar'

2021-10-21 14:26:24 - [MESSAGE][INFO] - Finding Test Object 'Object Repository/Filtreler/Basliga_Gore_Bitis'

2021-10-21 14:26:24 - [MESSAGE][INFO] - Checking timeout

2021-10-21 14:26:24 - [MESSAGE][INFO] - Finding web element with id: 'Object Repository/Filtreler/Basliklar' located by 'By.cssSelector: .control-label.col-sm-4.paddingMarginRLC' in '10' second(s)

2021-10-21 14:26:24 - [MESSAGE][INFO] - Smart Wait Function is triggered

2021-10-21 14:26:24 - [MESSAGE][INFO] - Found 13 web elements with id: 'Object Repository/Filtreler/Basliklar' located by 'By.cssSelector: .control-label.col-sm-4.paddingMarginRLC' in '10' second(s)

2021-10-21 14:26:24 - [MESSAGE][INFO] - Smart Wait Function is triggered

2021-10-21 14:26:25 - [MESSAGE][PASSED] - Method.TextDegerineEsitElementinAltindakiTextboxtaYaz is PASSED

2021-10-21 14:26:25 - [MESSAGE][PASSED] - Call Test Case 'Test Cases/Filtreler/BitisYaz' successfully

2021-10-21 14:26:25 - [MESSAGE][INFO] - Checking called Test Case

2021-10-21 14:26:25 - [MESSAGE][INFO] - Starting to call Test Case 'Test Cases/Filtreler/ButonaTikla'

2021-10-21 14:26:25 - [TEST_CASE][PASSED] - Test Cases/Filtreler/ButonaTikla: Test Cases/Filtreler/ButonaTikla

2021-10-21 14:26:25 - [TEST_STEP][PASSED] - Method.TextDegerineEsitElementeTikla(findTestObject("Filtreler/Butonlar"), Filtre_Buton): Method.TextDegerineEsitElementeTikla is PASSED

2021-10-21 14:26:25 - [MESSAGE][INFO] - Finding Test Object 'Object Repository/Filtreler/Butonlar'

2021-10-21 14:26:25 - [MESSAGE][INFO] - Checking timeout

2021-10-21 14:26:25 - [MESSAGE][INFO] - Finding web element with id: 'Object Repository/Filtreler/Butonlar' located by 'By.cssSelector: .dxb>span' in '10' second(s)

2021-10-21 14:26:25 - [MESSAGE][INFO] - Smart Wait Function is triggered

2021-10-21 14:26:25 - [MESSAGE][INFO] - Found 3 web elements with id: 'Object Repository/Filtreler/Butonlar' located by 'By.cssSelector: .dxb>span' in '10' second(s)

2021-10-21 14:26:25 - [MESSAGE][PASSED] - Method.TextDegerineEsitElementeTikla is PASSED

2021-10-21 14:26:25 - [MESSAGE][PASSED] - Call Test Case 'Test Cases/Filtreler/ButonaTikla' successfully

2021-10-21 14:26:25 - [MESSAGE][INFO] - Checking called Test Case

2021-10-21 14:26:25 - [MESSAGE][INFO] - Starting to call Test Case 'Test Cases/Tablo/TablodaVeriVarMi'

2021-10-21 14:26:26 - [TEST_CASE][PASSED] - Test Cases/Tablo/TablodaVeriVarMi: Test Cases/Tablo/TablodaVeriVarMi

2021-10-21 14:26:26 - [TEST_STEP][PASSED] - verifyTextNotPresent("Görüntülenecek veri yok", true): Text 'Görüntülenecek veri yok' is not present on page using regular expression

2021-10-21 14:26:26 - [MESSAGE][INFO] - Checking text present  using regular expression

2021-10-21 14:26:26 - [MESSAGE][INFO] - Smart Wait Function is triggered

2021-10-21 14:26:27 - [MESSAGE][INFO] - Finding text 'Görüntülenecek veri yok' on page  using regular expression

2021-10-21 14:26:27 - [MESSAGE][PASSED] - Text 'Görüntülenecek veri yok' is not present on page using regular expression

2021-10-21 14:26:27 - [MESSAGE][PASSED] - Call Test Case 'Test Cases/Tablo/TablodaVeriVarMi' successfully

2021-10-21 14:26:27 - [MESSAGE][INFO] - Checking called Test Case

2021-10-21 14:26:27 - [MESSAGE][INFO] - Starting to call Test Case 'Test Cases/Tablo/TablodanVeriSec'

2021-10-21 14:26:27 - [TEST_CASE][PASSED] - Test Cases/Tablo/TablodanVeriSec: Test Cases/Tablo/TablodanVeriSec

2021-10-21 14:26:27 - [TEST_STEP][PASSED] - Method.TextDegerineEsitElementinAltindakineTikla(findTestObject("Tablo/Veriler"), findTestObject("Tablo/VerininCheckBoxi"), Veri_Adi): Method.TextDegerineEsitElementinAltindakineTikla is PASSED

2021-10-21 14:26:27 - [MESSAGE][INFO] - Finding Test Object 'Object Repository/Tablo/Veriler'

2021-10-21 14:26:27 - [MESSAGE][INFO] - Finding Test Object 'Object Repository/Tablo/VerininCheckBoxi'

2021-10-21 14:26:27 - [MESSAGE][INFO] - Checking timeout

2021-10-21 14:26:27 - [MESSAGE][INFO] - Finding web element with id: 'Object Repository/Tablo/Veriler' located by 'By.cssSelector: td.dxgv b ,td.dxgv' in '10' second(s)

2021-10-21 14:26:27 - [MESSAGE][INFO] - Smart Wait Function is triggered

2021-10-21 14:26:27 - [MESSAGE][INFO] - Found 52 web elements with id: 'Object Repository/Tablo/Veriler' located by 'By.cssSelector: td.dxgv b ,td.dxgv' in '10' second(s)

2021-10-21 14:26:27 - [MESSAGE][INFO] - Smart Wait Function is triggered

2021-10-21 14:26:28 - [MESSAGE][PASSED] - Method.TextDegerineEsitElementinAltindakineTikla is PASSED

2021-10-21 14:26:28 - [MESSAGE][PASSED] - Call Test Case 'Test Cases/Tablo/TablodanVeriSec' successfully

2021-10-21 14:26:28 - [MESSAGE][INFO] - Checking called Test Case

2021-10-21 14:26:28 - [MESSAGE][INFO] - Starting to call Test Case 'Test Cases/Butonlar/ButonaTikla'

2021-10-21 14:26:28 - [TEST_CASE][PASSED] - Test Cases/Butonlar/ButonaTikla: Test Cases/Butonlar/ButonaTikla

2021-10-21 14:26:28 - [TEST_STEP][PASSED] - Method.TextDegerineEsitElementeTiklaEquals(findTestObject("Butonlar/Butonlar"), Buton_Adi): Method.TextDegerineEsitElementeTiklaEquals is PASSED

2021-10-21 14:26:28 - [MESSAGE][INFO] - Finding Test Object 'Object Repository/Butonlar/Butonlar'

2021-10-21 14:26:28 - [MESSAGE][INFO] - Checking timeout

2021-10-21 14:26:28 - [MESSAGE][INFO] - Finding web element with id: 'Object Repository/Butonlar/Butonlar' located by 'By.cssSelector: .panel.panel-default.text-center.footerPanel .btn,.btn.btn-primary.btnControls' in '10' second(s)

2021-10-21 14:26:28 - [MESSAGE][INFO] - Smart Wait Function is triggered

2021-10-21 14:26:28 - [MESSAGE][INFO] - Found 11 web elements with id: 'Object Repository/Butonlar/Butonlar' located by 'By.cssSelector: .panel.panel-default.text-center.footerPanel .btn,.btn.btn-primary.btnControls' in '10' second(s)

2021-10-21 14:26:28 - [MESSAGE][PASSED] - Method.TextDegerineEsitElementeTiklaEquals is PASSED

2021-10-21 14:26:28 - [MESSAGE][PASSED] - Call Test Case 'Test Cases/Butonlar/ButonaTikla' successfully

2021-10-21 14:26:28 - [MESSAGE][INFO] - Checking called Test Case

2021-10-21 14:26:28 - [MESSAGE][INFO] - Starting to call Test Case 'Test Cases/Sekmeler/YeniSekmeyeGec'

2021-10-21 14:26:28 - [TEST_CASE][PASSED] - Test Cases/Sekmeler/YeniSekmeyeGec: Test Cases/Sekmeler/YeniSekmeyeGec

2021-10-21 14:26:28 - [TEST_STEP][PASSED] - switchToWindowIndex(1): Switched to window with index: '1'

2021-10-21 14:26:28 - [MESSAGE][INFO] - Checking index

2021-10-21 14:26:28 - [MESSAGE][INFO] - Switching window with index: '1'

2021-10-21 14:26:28 - [MESSAGE][PASSED] - Switched to window with index: '1'

2021-10-21 14:26:28 - [MESSAGE][PASSED] - Call Test Case 'Test Cases/Sekmeler/YeniSekmeyeGec' successfully

2021-10-21 14:26:28 - [MESSAGE][INFO] - Checking called Test Case

2021-10-21 14:26:28 - [MESSAGE][INFO] - Starting to call Test Case 'Test Cases/Sekmeler/TagGeldiMi'

2021-10-21 14:26:28 - [TEST_CASE][PASSED] - Test Cases/Sekmeler/TagGeldiMi: Test Cases/Sekmeler/TagGeldiMi

2021-10-21 14:26:28 - [TEST_STEP][PASSED] - waitForElementPresent(findTestObject("Object Repository/Sekmeler/UBLTag"), 10): Object 'Object Repository/Sekmeler/UBLTag' is present

2021-10-21 14:26:28 - [MESSAGE][INFO] - Finding Test Object 'Object Repository/Sekmeler/UBLTag'

2021-10-21 14:26:29 - [MESSAGE][INFO] - Checking object

2021-10-21 14:26:29 - [MESSAGE][INFO] - Finding web element from Test Object's properties

2021-10-21 14:26:29 - [MESSAGE][INFO] - Checking timeout

2021-10-21 14:26:29 - [MESSAGE][INFO] - Finding web element with id: 'Object Repository/Sekmeler/UBLTag' located by 'By.cssSelector: #webkit-xml-viewer-source-xml>:first-child' in '10' second(s)

2021-10-21 14:26:29 - [MESSAGE][INFO] - Smart Wait Function is triggered

2021-10-21 14:26:29 - [MESSAGE][INFO] - Found 1 web elements with id: 'Object Repository/Sekmeler/UBLTag' located by 'By.cssSelector: #webkit-xml-viewer-source-xml>:first-child' in '10' second(s)

2021-10-21 14:26:29 - [MESSAGE][PASSED] - Object 'Object Repository/Sekmeler/UBLTag' is present

2021-10-21 14:26:29 - [TEST_STEP][PASSED] - println(toLowerCase().toString()): Found 1 web elements with id: 'Object Repository/Sekmeler/UBLTag' located by 'By.cssSelector: #webkit-xml-viewer-source-xml>:first-child' in '10' second(s)

2021-10-21 14:26:29 - [MESSAGE][INFO] - Finding Test Object 'Object Repository/Sekmeler/UBLTag'

2021-10-21 14:26:29 - [MESSAGE][INFO] - Finding web element from Test Object's properties

2021-10-21 14:26:29 - [MESSAGE][INFO] - Checking timeout

2021-10-21 14:26:29 - [MESSAGE][INFO] - Finding web element with id: 'Object Repository/Sekmeler/UBLTag' located by 'By.cssSelector: #webkit-xml-viewer-source-xml>:first-child' in '10' second(s)

2021-10-21 14:26:29 - [MESSAGE][INFO] - Smart Wait Function is triggered

2021-10-21 14:26:29 - [MESSAGE][INFO] - Found 1 web elements with id: 'Object Repository/Sekmeler/UBLTag' located by 'By.cssSelector: #webkit-xml-viewer-source-xml>:first-child' in '10' second(s)

2021-10-21 14:26:29 - [TEST_STEP][PASSED] - if (!(toString().contains(toString().toLowerCase()))): Found 1 web elements with id: 'Object Repository/Sekmeler/UBLTag' located by 'By.cssSelector: #webkit-xml-viewer-source-xml>:first-child' in '10' second(s)

2021-10-21 14:26:29 - [MESSAGE][INFO] - Finding Test Object 'Object Repository/Sekmeler/UBLTag'

2021-10-21 14:26:29 - [MESSAGE][INFO] - Finding web element from Test Object's properties

2021-10-21 14:26:29 - [MESSAGE][INFO] - Checking timeout

2021-10-21 14:26:29 - [MESSAGE][INFO] - Finding web element with id: 'Object Repository/Sekmeler/UBLTag' located by 'By.cssSelector: #webkit-xml-viewer-source-xml>:first-child' in '10' second(s)

2021-10-21 14:26:29 - [MESSAGE][INFO] - Smart Wait Function is triggered

2021-10-21 14:26:29 - [MESSAGE][INFO] - Found 1 web elements with id: 'Object Repository/Sekmeler/UBLTag' located by 'By.cssSelector: #webkit-xml-viewer-source-xml>:first-child' in '10' second(s)

2021-10-21 14:26:29 - [MESSAGE][PASSED] - Call Test Case 'Test Cases/Sekmeler/TagGeldiMi' successfully

2021-10-21 14:26:29 - [MESSAGE][INFO] - Checking called Test Case

2021-10-21 14:26:29 - [MESSAGE][INFO] - Starting to call Test Case 'Test Cases/Sekmeler/Ana_Sekmeye_Gec'

2021-10-21 14:26:29 - [TEST_CASE][PASSED] - Test Cases/Sekmeler/Ana_Sekmeye_Gec: Test Cases/Sekmeler/Ana_Sekmeye_Gec

2021-10-21 14:26:29 - [TEST_STEP][PASSED] - try: Window with index 1 is closed

2021-10-21 14:26:29 - [TEST_STEP][PASSED] - index = getWindowIndex(): Current window's index is: 1

2021-10-21 14:26:29 - [MESSAGE][INFO] - Getting current window's index

2021-10-21 14:26:29 - [MESSAGE][PASSED] - Current window's index is: 1

2021-10-21 14:26:29 - [TEST_STEP][PASSED] - closeWindowIndex(index): Window with index 1 is closed

2021-10-21 14:26:29 - [MESSAGE][INFO] - Checking index

2021-10-21 14:26:29 - [MESSAGE][INFO] - Closing window with index 1

2021-10-21 14:26:29 - [MESSAGE][PASSED] - Window with index 1 is closed

2021-10-21 14:26:29 - [TEST_STEP][PASSED] - switchToWindowIndex(0): Switched to window with index: '0'

2021-10-21 14:26:29 - [MESSAGE][INFO] - Checking index

2021-10-21 14:26:29 - [MESSAGE][INFO] - Switching window with index: '0'

2021-10-21 14:26:29 - [MESSAGE][PASSED] - Switched to window with index: '0'

2021-10-21 14:26:29 - [MESSAGE][PASSED] - Call Test Case 'Test Cases/Sekmeler/Ana_Sekmeye_Gec' successfully

2021-10-21 14:26:29 - [MESSAGE][INFO] - Checking called Test Case

2021-10-21 14:26:29 - [MESSAGE][INFO] - Starting to call Test Case 'Test Cases/Kullanici_Islemleri/KullaniciIslemlerindenSecimYapilir'

2021-10-21 14:26:29 - [TEST_CASE][PASSED] - Test Cases/Kullanici_Islemleri/KullaniciIslemlerindenSecimYapilir: Test Cases/Kullanici_Islemleri/KullaniciIslemlerindenSecimYapilir

2021-10-21 14:26:29 - [TEST_STEP][PASSED] - waitForElementClickable(findTestObject("Object Repository/Kullanici_Islemleri/KullaniciIslemleri"), 10): Object 'Object Repository/Kullanici_Islemleri/KullaniciIslemleri' is clickable

2021-10-21 14:26:29 - [MESSAGE][INFO] - Finding Test Object 'Object Repository/Kullanici_Islemleri/KullaniciIslemleri'

2021-10-21 14:26:29 - [MESSAGE][INFO] - Checking object

2021-10-21 14:26:29 - [MESSAGE][INFO] - Checking timeout

2021-10-21 14:26:29 - [MESSAGE][INFO] - Finding web element from Test Object's properties

2021-10-21 14:26:29 - [MESSAGE][INFO] - Checking timeout

2021-10-21 14:26:29 - [MESSAGE][INFO] - Finding web element with id: 'Object Repository/Kullanici_Islemleri/KullaniciIslemleri' located by 'By.cssSelector: .dropdown>a>img' in '10' second(s)

2021-10-21 14:26:29 - [MESSAGE][INFO] - Smart Wait Function is triggered

2021-10-21 14:26:30 - [MESSAGE][INFO] - Found 1 web elements with id: 'Object Repository/Kullanici_Islemleri/KullaniciIslemleri' located by 'By.cssSelector: .dropdown>a>img' in '10' second(s)

2021-10-21 14:26:30 - [MESSAGE][PASSED] - Object 'Object Repository/Kullanici_Islemleri/KullaniciIslemleri' is clickable

2021-10-21 14:26:30 - [TEST_STEP][PASSED] - click(findTestObject("Object Repository/Kullanici_Islemleri/KullaniciIslemleri")): Object: 'Object Repository/Kullanici_Islemleri/KullaniciIslemleri' is clicked on

2021-10-21 14:26:30 - [MESSAGE][INFO] - Finding Test Object 'Object Repository/Kullanici_Islemleri/KullaniciIslemleri'

2021-10-21 14:26:30 - [MESSAGE][INFO] - Checking object

2021-10-21 14:26:30 - [MESSAGE][INFO] - Finding web element from Test Object's properties

2021-10-21 14:26:30 - [MESSAGE][INFO] - Checking timeout

2021-10-21 14:26:30 - [MESSAGE][INFO] - Finding web element with id: 'Object Repository/Kullanici_Islemleri/KullaniciIslemleri' located by 'By.cssSelector: .dropdown>a>img' in '30' second(s)

2021-10-21 14:26:30 - [MESSAGE][INFO] - Smart Wait Function is triggered

2021-10-21 14:26:30 - [MESSAGE][INFO] - Found 1 web elements with id: 'Object Repository/Kullanici_Islemleri/KullaniciIslemleri' located by 'By.cssSelector: .dropdown>a>img' in '30' second(s)

2021-10-21 14:26:30 - [MESSAGE][INFO] - Clicking on object: 'Object Repository/Kullanici_Islemleri/KullaniciIslemleri'

2021-10-21 14:26:30 - [MESSAGE][PASSED] - Object: 'Object Repository/Kullanici_Islemleri/KullaniciIslemleri' is clicked on

2021-10-21 14:26:30 - [TEST_STEP][PASSED] - Method.TextDegerineEsitElementeTikla(findTestObject("Object Repository/Kullanici_Islemleri/Secenekler"), Islem): Method.TextDegerineEsitElementeTikla is PASSED

2021-10-21 14:26:30 - [MESSAGE][INFO] - Finding Test Object 'Object Repository/Kullanici_Islemleri/Secenekler'

2021-10-21 14:26:30 - [MESSAGE][INFO] - Checking timeout

2021-10-21 14:26:30 - [MESSAGE][INFO] - Finding web element with id: 'Object Repository/Kullanici_Islemleri/Secenekler' located by 'By.cssSelector: .nav.navbar-nav.navbar-right li a' in '10' second(s)

2021-10-21 14:26:30 - [MESSAGE][INFO] - Smart Wait Function is triggered

2021-10-21 14:26:30 - [MESSAGE][INFO] - Found 22 web elements with id: 'Object Repository/Kullanici_Islemleri/Secenekler' located by 'By.cssSelector: .nav.navbar-nav.navbar-right li a' in '10' second(s)

2021-10-21 14:26:32 - [MESSAGE][PASSED] - Method.TextDegerineEsitElementeTikla is PASSED

2021-10-21 14:26:32 - [TEST_STEP][PASSED] - verifyElementNotPresent(findTestObject("Object Repository/Kullanici_Islemleri/Secenekler"), 10): Web element with id: 'Object Repository/Kullanici_Islemleri/Secenekler' located by 'By.cssSelector: .nav.navbar-nav.navbar-right li a' is not present after '10' second(s)

2021-10-21 14:26:32 - [MESSAGE][INFO] - Finding Test Object 'Object Repository/Kullanici_Islemleri/Secenekler'

2021-10-21 14:26:32 - [MESSAGE][INFO] - Checking object

2021-10-21 14:26:32 - [MESSAGE][INFO] - Checking timeout

2021-10-21 14:26:32 - [MESSAGE][INFO] - Finding web element with id: 'Object Repository/Kullanici_Islemleri/Secenekler' located by 'By.cssSelector: .nav.navbar-nav.navbar-right li a' in '10' second(s)

2021-10-21 14:26:32 - [MESSAGE][INFO] - Smart Wait Function is triggered

2021-10-21 14:26:32 - [MESSAGE][PASSED] - Web element with id: 'Object Repository/Kullanici_Islemleri/Secenekler' located by 'By.cssSelector: .nav.navbar-nav.navbar-right li a' is not present after '10' second(s)

2021-10-21 14:26:32 - [MESSAGE][PASSED] - Call Test Case 'Test Cases/Kullanici_Islemleri/KullaniciIslemlerindenSecimYapilir' successfully

2021-10-21 14:26:32 - [TEST_CASE][PASSED] - Start Test Case : SCENARIO e-Serbest Meslek Makbuzlari UBL: SCENARIO e-Serbest Meslek Makbuzlari UBL

2021-10-21 14:26:32 - [TEST_STEP][PASSED] - Kullanıcı adı ELOGO6 ve Şifre 123456 olarak giriş yapılır: Kullanıcı adı ELOGO6 ve Şifre 123456 olarak giriş yapılır

2021-10-21 14:26:32 - [MESSAGE][PASSED] - Kullanıcı adı ELOGO6 ve Şifre 123456 olarak giriş yapılır

2021-10-21 14:26:32 - [TEST_STEP][PASSED] - Ana menüden e-Makbuz seçilir: Ana menüden e-Makbuz seçilir

2021-10-21 14:26:32 - [MESSAGE][PASSED] - Ana menüden e-Makbuz seçilir

2021-10-21 14:26:32 - [TEST_STEP][PASSED] - Alt menü e-Serbest Meslek Uygulaması başlığı altındaki e-Serbest Meslek Makbuzları seçilir: Alt menü e-Serbest Meslek Uygulaması başlığı altındaki e-Serbest Meslek Makbuzları seçilir

2021-10-21 14:26:32 - [MESSAGE][PASSED] - Alt menü e-Serbest Meslek Uygulaması başlığı altındaki e-Serbest Meslek Makbuzları seçilir

2021-10-21 14:26:32 - [TEST_STEP][PASSED] - Filtrelerden Oluşturma Tarihi filtresine 01.12.2020 baslangic degerini yaz: Filtrelerden Oluşturma Tarihi filtresine 01.12.2020 baslangic degerini yaz

2021-10-21 14:26:32 - [MESSAGE][PASSED] - Filtrelerden Oluşturma Tarihi filtresine 01.12.2020 baslangic degerini yaz

2021-10-21 14:26:32 - [TEST_STEP][PASSED] - Filtrelerden Oluşturma Tarihi filtresine 31.12.2020 bitis degerini yaz: Filtrelerden Oluşturma Tarihi filtresine 31.12.2020 bitis degerini yaz

2021-10-21 14:26:32 - [MESSAGE][PASSED] - Filtrelerden Oluşturma Tarihi filtresine 31.12.2020 bitis degerini yaz

2021-10-21 14:26:32 - [TEST_STEP][PASSED] - Filtre butonlarından Listele seçilir: Filtre butonlarından Listele seçilir

2021-10-21 14:26:32 - [MESSAGE][PASSED] - Filtre butonlarından Listele seçilir

2021-10-21 14:26:32 - [TEST_STEP][PASSED] - Tabloda veri var mı kontrol edilir: Tabloda veri var mı kontrol edilir

2021-10-21 14:26:32 - [MESSAGE][PASSED] - Tabloda veri var mı kontrol edilir

2021-10-21 14:26:32 - [TEST_STEP][PASSED] - Tablodan TEST isimli veri seçilir: Tablodan TEST isimli veri seçilir

2021-10-21 14:26:32 - [MESSAGE][PASSED] - Tablodan TEST isimli veri seçilir

2021-10-21 14:26:32 - [TEST_STEP][PASSED] - Butonlardan UBL isimli butona tıklanır: Butonlardan UBL isimli butona tıklanır

2021-10-21 14:26:32 - [MESSAGE][PASSED] - Butonlardan UBL isimli butona tıklanır

2021-10-21 14:26:32 - [TEST_STEP][PASSED] - Yeni açılan sekmeye geçilir: Yeni açılan sekmeye geçilir

2021-10-21 14:26:32 - [MESSAGE][PASSED] - Yeni açılan sekmeye geçilir

2021-10-21 14:26:32 - [TEST_STEP][PASSED] - CreditNote tagli ubl geldi mi: CreditNote tagli ubl geldi mi

2021-10-21 14:26:32 - [MESSAGE][PASSED] - CreditNote tagli ubl geldi mi

2021-10-21 14:26:32 - [TEST_STEP][PASSED] - Ana sekmeye geçilir: Ana sekmeye geçilir

2021-10-21 14:26:32 - [MESSAGE][PASSED] - Ana sekmeye geçilir

2021-10-21 14:26:32 - [TEST_STEP][PASSED] - Kullanıcı işlemlerinden Çıkış seçilir: Kullanıcı işlemlerinden Çıkış seçilir

2021-10-21 14:26:32 - [MESSAGE][PASSED] - Kullanıcı işlemlerinden Çıkış seçilir

2021-10-21 14:26:32 - [MESSAGE][PASSED] - Feature file: 'Include/features/e-Makbuz/e-Serbest Meslek Uygulaması/e-Serbest Meslek Makbuzlari/UBL.feature' was passed

2021-10-21 14:26:32 - [TEST_STEP][PASSED] - Start listener action : sampleAfterTestSuite: Invoke 'com.kms.katalon.core.annotation.AfterTestCase' method: 'Listener.sampleAfterTestSuite(...)' completed.

2021-10-21 14:26:32 - [MESSAGE][INFO] - Starting invoke 'com.kms.katalon.core.annotation.AfterTestCase' method: 'Listener.sampleAfterTestSuite(...)'

2021-10-21 14:26:32 - [TEST_STEP][PASSED] - closeBrowser(): Invoke 'com.kms.katalon.core.annotation.AfterTestCase' method: 'Listener.sampleAfterTestSuite(...)' completed.

2021-10-21 14:26:32 - [MESSAGE][INFO] - Closing browser

2021-10-21 14:26:33 - [MESSAGE][PASSED] - Browser is closed

2021-10-21 14:26:33 - [MESSAGE][INFO] - Invoke 'com.kms.katalon.core.annotation.AfterTestCase' method: 'Listener.sampleAfterTestSuite(...)' completed.]]></system-out>
         <system-err><![CDATA[]]></system-err>
      </testcase>
      <testcase name="Test Cases/Case Repository/e-Makbuz/e-Serbest Meslek Uygulamasi/e-Serbest Meslek Makbuzu Olusturma/Ekle/Elektronik Tipinde" time="94.423" classname="Test Cases/Case Repository/e-Makbuz/e-Serbest Meslek Uygulamasi/e-Serbest Meslek Makbuzu Olusturma/Ekle/Elektronik Tipinde" status="PASSED">
         <system-out><![CDATA[2021-10-21 14:26:33 - [TEST_CASE][PASSED] - Test Cases/Case Repository/e-Makbuz/e-Serbest Meslek Uygulamasi/e-Serbest Meslek Makbuzu Olusturma/Ekle/Elektronik Tipinde: Test Cases/Case Repository/e-Makbuz/e-Serbest Meslek Uygulamasi/e-Serbest Meslek Makbuzu Olusturma/Ekle/Elektronik Tipinde

2021-10-21 14:26:33 - [TEST_STEP][PASSED] - Start listener action : sampleBeforeTestSuite: Invoke 'com.kms.katalon.core.annotation.BeforeTestCase' method: 'Listener.sampleBeforeTestSuite(...)' completed.

2021-10-21 14:26:33 - [MESSAGE][INFO] - Starting invoke 'com.kms.katalon.core.annotation.BeforeTestCase' method: 'Listener.sampleBeforeTestSuite(...)'

2021-10-21 14:26:33 - [TEST_STEP][PASSED] - openBrowser(baseUrl): Browser is opened with url: 'https://efatura-stage.elogo.com.tr/'

2021-10-21 14:26:33 - [MESSAGE][INFO] - Opening browser

2021-10-21 14:26:33 - [MESSAGE][INFO] - Starting 'Chrome' driver

2021-10-21 14:26:33 - [MESSAGE][INFO] - User set preference: ['prefs', '{download.default_directory=C:\otomasyondownfiles}']

2021-10-21 14:26:33 - [MESSAGE][INFO] - Action delay is set to 0 milliseconds

2021-10-21 14:26:35 - [MESSAGE][INFO] - Navigating browser to: 'https://efatura-stage.elogo.com.tr/'

2021-10-21 14:26:38 - [MESSAGE][PASSED] - Browser is opened with url: 'https://efatura-stage.elogo.com.tr/'

2021-10-21 14:26:38 - [TEST_STEP][PASSED] - maximizeWindow(): Invoke 'com.kms.katalon.core.annotation.BeforeTestCase' method: 'Listener.sampleBeforeTestSuite(...)' completed.

2021-10-21 14:26:38 - [MESSAGE][INFO] - Maximizing current window

2021-10-21 14:26:38 - [MESSAGE][PASSED] - Current window maximized

2021-10-21 14:26:38 - [MESSAGE][INFO] - Invoke 'com.kms.katalon.core.annotation.BeforeTestCase' method: 'Listener.sampleBeforeTestSuite(...)' completed.

2021-10-21 14:26:39 - [TEST_STEP][PASSED] - runFeatureFile("Include/features/e-Makbuz/e-Serbest Meslek Uygulaması/e-Serbest Meslek Makbuzu Olusturma/Ekle/Elektronik Tipinde.feature"): Feature file: 'Include/features/e-Makbuz/e-Serbest Meslek Uygulaması/e-Serbest Meslek Makbuzu Olusturma/Ekle/Elektronik Tipinde.feature' was passed

2021-10-21 14:26:39 - [MESSAGE][INFO] - Starting run keyword runFeatureFile: 'Include/features/e-Makbuz/e-Serbest Meslek Uygulaması/e-Serbest Meslek Makbuzu Olusturma/Ekle/Elektronik Tipinde.feature' and extract report to folder: 'C:\Users\DELL\Downloads\EES_Katalon-main\Reports\20211021_140437\Suite Repository\e-Makbuz\20211021_140511/cucumber_report/1634815599185'...

2021-10-21 14:26:39 - [MESSAGE][INFO] - Glue: []

2021-10-21 14:26:39 - [MESSAGE][INFO] - Checking called Test Case

2021-10-21 14:26:39 - [MESSAGE][INFO] - Starting to call Test Case 'Test Cases/Sayfalar/Giris_Sayfasi/Login'

2021-10-21 14:26:40 - [TEST_CASE][PASSED] - Test Cases/Sayfalar/Giris_Sayfasi/Login: Test Cases/Sayfalar/Giris_Sayfasi/Login

2021-10-21 14:26:40 - [TEST_STEP][PASSED] - Sayfa_Basligi = getWindowTitle(): Current window's title is: 'LOGO e-Fatura'

2021-10-21 14:26:40 - [MESSAGE][INFO] - Getting current window's title

2021-10-21 14:26:40 - [MESSAGE][PASSED] - Current window's title is: 'LOGO e-Fatura'

2021-10-21 14:26:40 - [TEST_STEP][PASSED] - verifyMatch(Sayfa_Basligi, "LOGO e-Fatura", false): Actual text 'LOGO e-Fatura' and expected text 'LOGO e-Fatura' are matched 

2021-10-21 14:26:40 - [MESSAGE][INFO] - Matching actual text 'LOGO e-Fatura' with expected text 'LOGO e-Fatura'

2021-10-21 14:26:40 - [MESSAGE][PASSED] - Actual text 'LOGO e-Fatura' and expected text 'LOGO e-Fatura' are matched 

2021-10-21 14:26:40 - [TEST_STEP][PASSED] - sendKeys(findTestObject("Sayfalar/Giris_Sayfasi/Firma_Kodu"), KullaniciAdi): Keys 'ELOGO6' sent to object: 'Object Repository/Sayfalar/Giris_Sayfasi/Firma_Kodu'

2021-10-21 14:26:40 - [MESSAGE][INFO] - Finding Test Object 'Object Repository/Sayfalar/Giris_Sayfasi/Firma_Kodu'

2021-10-21 14:26:40 - [MESSAGE][INFO] - Sending keys 'ELOGO6' to object: 'Object Repository/Sayfalar/Giris_Sayfasi/Firma_Kodu'

2021-10-21 14:26:40 - [MESSAGE][INFO] - Finding web element from Test Object's properties

2021-10-21 14:26:40 - [MESSAGE][INFO] - Checking timeout

2021-10-21 14:26:40 - [MESSAGE][INFO] - Finding web element with id: 'Object Repository/Sayfalar/Giris_Sayfasi/Firma_Kodu' located by 'By.xpath: //*[@id = 'AccountName']' in '30' second(s)

2021-10-21 14:26:40 - [MESSAGE][INFO] - Smart Wait Function is triggered

2021-10-21 14:26:40 - [MESSAGE][INFO] - Found 1 web elements with id: 'Object Repository/Sayfalar/Giris_Sayfasi/Firma_Kodu' located by 'By.xpath: //*[@id = 'AccountName']' in '30' second(s)

2021-10-21 14:26:40 - [MESSAGE][PASSED] - Keys 'ELOGO6' sent to object: 'Object Repository/Sayfalar/Giris_Sayfasi/Firma_Kodu'

2021-10-21 14:26:40 - [TEST_STEP][PASSED] - sendKeys(findTestObject("Sayfalar/Giris_Sayfasi/Sifre"), Sifre): Keys '123456' sent to object: 'Object Repository/Sayfalar/Giris_Sayfasi/Sifre'

2021-10-21 14:26:40 - [MESSAGE][INFO] - Finding Test Object 'Object Repository/Sayfalar/Giris_Sayfasi/Sifre'

2021-10-21 14:26:40 - [MESSAGE][INFO] - Sending keys '123456' to object: 'Object Repository/Sayfalar/Giris_Sayfasi/Sifre'

2021-10-21 14:26:40 - [MESSAGE][INFO] - Finding web element from Test Object's properties

2021-10-21 14:26:40 - [MESSAGE][INFO] - Checking timeout

2021-10-21 14:26:40 - [MESSAGE][INFO] - Finding web element with id: 'Object Repository/Sayfalar/Giris_Sayfasi/Sifre' located by 'By.xpath: //*[@id = 'Password']' in '30' second(s)

2021-10-21 14:26:40 - [MESSAGE][INFO] - Smart Wait Function is triggered

2021-10-21 14:26:40 - [MESSAGE][INFO] - Found 1 web elements with id: 'Object Repository/Sayfalar/Giris_Sayfasi/Sifre' located by 'By.xpath: //*[@id = 'Password']' in '30' second(s)

2021-10-21 14:26:40 - [MESSAGE][PASSED] - Keys '123456' sent to object: 'Object Repository/Sayfalar/Giris_Sayfasi/Sifre'

2021-10-21 14:26:40 - [TEST_STEP][PASSED] - findWebElement(findTestObject("Sayfalar/Giris_Sayfasi/Giris_Butonu")).click(): Found 1 web elements with id: 'Object Repository/Sayfalar/Giris_Sayfasi/Giris_Butonu' located by 'By.cssSelector: #btnLogin' in '30' second(s)

2021-10-21 14:26:40 - [MESSAGE][INFO] - Finding Test Object 'Object Repository/Sayfalar/Giris_Sayfasi/Giris_Butonu'

2021-10-21 14:26:40 - [MESSAGE][INFO] - Finding web element from Test Object's properties

2021-10-21 14:26:40 - [MESSAGE][INFO] - Checking timeout

2021-10-21 14:26:40 - [MESSAGE][INFO] - Finding web element with id: 'Object Repository/Sayfalar/Giris_Sayfasi/Giris_Butonu' located by 'By.cssSelector: #btnLogin' in '30' second(s)

2021-10-21 14:26:40 - [MESSAGE][INFO] - Smart Wait Function is triggered

2021-10-21 14:26:41 - [MESSAGE][INFO] - Found 1 web elements with id: 'Object Repository/Sayfalar/Giris_Sayfasi/Giris_Butonu' located by 'By.cssSelector: #btnLogin' in '30' second(s)

2021-10-21 14:26:43 - [TEST_STEP][PASSED] - if (verifyElementPresent(findTestObject("Object Repository/Sayfalar/Giris_Sayfasi/RetveTamam_Butonu"), 5, OPTIONAL)): null

2021-10-21 14:26:43 - [MESSAGE][INFO] - Finding Test Object 'Object Repository/Sayfalar/Giris_Sayfasi/RetveTamam_Butonu'

2021-10-21 14:26:43 - [MESSAGE][INFO] - Checking object

2021-10-21 14:26:43 - [MESSAGE][INFO] - Finding web element from Test Object's properties

2021-10-21 14:26:43 - [MESSAGE][INFO] - Checking timeout

2021-10-21 14:26:43 - [MESSAGE][INFO] - Finding web element with id: 'Object Repository/Sayfalar/Giris_Sayfasi/RetveTamam_Butonu' located by 'By.xpath: //*[@class = 'btn btn-default']' in '5' second(s)

2021-10-21 14:26:43 - [MESSAGE][INFO] - Smart Wait Function is triggered

2021-10-21 14:26:43 - [MESSAGE][INFO] - Found 1 web elements with id: 'Object Repository/Sayfalar/Giris_Sayfasi/RetveTamam_Butonu' located by 'By.xpath: //*[@class = 'btn btn-default']' in '5' second(s)

2021-10-21 14:26:43 - [MESSAGE][PASSED] - Object 'Object Repository/Sayfalar/Giris_Sayfasi/RetveTamam_Butonu' is present

2021-10-21 14:26:43 - [TEST_STEP][PASSED] - click(findTestObject("Object Repository/Sayfalar/Giris_Sayfasi/RetveTamam_Butonu")): Object: 'Object Repository/Sayfalar/Giris_Sayfasi/RetveTamam_Butonu' is clicked on

2021-10-21 14:26:43 - [MESSAGE][INFO] - Finding Test Object 'Object Repository/Sayfalar/Giris_Sayfasi/RetveTamam_Butonu'

2021-10-21 14:26:44 - [MESSAGE][INFO] - Checking object

2021-10-21 14:26:44 - [MESSAGE][INFO] - Finding web element from Test Object's properties

2021-10-21 14:26:44 - [MESSAGE][INFO] - Checking timeout

2021-10-21 14:26:44 - [MESSAGE][INFO] - Finding web element with id: 'Object Repository/Sayfalar/Giris_Sayfasi/RetveTamam_Butonu' located by 'By.xpath: //*[@class = 'btn btn-default']' in '30' second(s)

2021-10-21 14:26:44 - [MESSAGE][INFO] - Smart Wait Function is triggered

2021-10-21 14:26:44 - [MESSAGE][INFO] - Found 1 web elements with id: 'Object Repository/Sayfalar/Giris_Sayfasi/RetveTamam_Butonu' located by 'By.xpath: //*[@class = 'btn btn-default']' in '30' second(s)

2021-10-21 14:26:44 - [MESSAGE][INFO] - Clicking on object: 'Object Repository/Sayfalar/Giris_Sayfasi/RetveTamam_Butonu'

2021-10-21 14:26:44 - [MESSAGE][PASSED] - Object: 'Object Repository/Sayfalar/Giris_Sayfasi/RetveTamam_Butonu' is clicked on

2021-10-21 14:26:44 - [TEST_STEP][PASSED] - click(findTestObject("Object Repository/Sayfalar/Giris_Sayfasi/RetveTamam_Butonu")): Object: 'Object Repository/Sayfalar/Giris_Sayfasi/RetveTamam_Butonu' is clicked on

2021-10-21 14:26:44 - [MESSAGE][INFO] - Finding Test Object 'Object Repository/Sayfalar/Giris_Sayfasi/RetveTamam_Butonu'

2021-10-21 14:26:44 - [MESSAGE][INFO] - Checking object

2021-10-21 14:26:44 - [MESSAGE][INFO] - Finding web element from Test Object's properties

2021-10-21 14:26:44 - [MESSAGE][INFO] - Checking timeout

2021-10-21 14:26:44 - [MESSAGE][INFO] - Finding web element with id: 'Object Repository/Sayfalar/Giris_Sayfasi/RetveTamam_Butonu' located by 'By.xpath: //*[@class = 'btn btn-default']' in '30' second(s)

2021-10-21 14:26:44 - [MESSAGE][INFO] - Smart Wait Function is triggered

2021-10-21 14:26:50 - [MESSAGE][INFO] - Found 1 web elements with id: 'Object Repository/Sayfalar/Giris_Sayfasi/RetveTamam_Butonu' located by 'By.xpath: //*[@class = 'btn btn-default']' in '30' second(s)

2021-10-21 14:26:50 - [MESSAGE][INFO] - Clicking on object: 'Object Repository/Sayfalar/Giris_Sayfasi/RetveTamam_Butonu'

2021-10-21 14:26:50 - [MESSAGE][PASSED] - Object: 'Object Repository/Sayfalar/Giris_Sayfasi/RetveTamam_Butonu' is clicked on

2021-10-21 14:26:50 - [TEST_STEP][PASSED] - if (verifyElementPresent(findTestObject("Sayfalar/Giris_Sayfasi/PopupOK"), 5, OPTIONAL)): null

2021-10-21 14:26:50 - [MESSAGE][INFO] - Finding Test Object 'Object Repository/Sayfalar/Giris_Sayfasi/PopupOK'

2021-10-21 14:26:50 - [MESSAGE][INFO] - Checking object

2021-10-21 14:26:50 - [MESSAGE][INFO] - Finding web element from Test Object's properties

2021-10-21 14:26:50 - [MESSAGE][INFO] - Checking timeout

2021-10-21 14:26:50 - [MESSAGE][INFO] - Finding web element with id: 'Object Repository/Sayfalar/Giris_Sayfasi/PopupOK' located by 'By.cssSelector: .btn.btn-success' in '5' second(s)

2021-10-21 14:26:50 - [MESSAGE][INFO] - Smart Wait Function is triggered

2021-10-21 14:26:51 - [MESSAGE][INFO] - Found 1 web elements with id: 'Object Repository/Sayfalar/Giris_Sayfasi/PopupOK' located by 'By.cssSelector: .btn.btn-success' in '5' second(s)

2021-10-21 14:26:51 - [MESSAGE][PASSED] - Object 'Object Repository/Sayfalar/Giris_Sayfasi/PopupOK' is present

2021-10-21 14:26:51 - [TEST_STEP][PASSED] - click(findTestObject("Object Repository/Sayfalar/Giris_Sayfasi/PopupCarpiGiris")): Object: 'Object Repository/Sayfalar/Giris_Sayfasi/PopupCarpiGiris' is clicked on

2021-10-21 14:26:51 - [MESSAGE][INFO] - Finding Test Object 'Object Repository/Sayfalar/Giris_Sayfasi/PopupCarpiGiris'

2021-10-21 14:26:51 - [MESSAGE][INFO] - Checking object

2021-10-21 14:26:51 - [MESSAGE][INFO] - Finding web element from Test Object's properties

2021-10-21 14:26:51 - [MESSAGE][INFO] - Checking timeout

2021-10-21 14:26:51 - [MESSAGE][INFO] - Finding web element with id: 'Object Repository/Sayfalar/Giris_Sayfasi/PopupCarpiGiris' located by 'By.cssSelector: .bootbox-close-button.close' in '30' second(s)

2021-10-21 14:26:51 - [MESSAGE][INFO] - Smart Wait Function is triggered

2021-10-21 14:26:51 - [MESSAGE][INFO] - Found 1 web elements with id: 'Object Repository/Sayfalar/Giris_Sayfasi/PopupCarpiGiris' located by 'By.cssSelector: .bootbox-close-button.close' in '30' second(s)

2021-10-21 14:26:51 - [MESSAGE][INFO] - Clicking on object: 'Object Repository/Sayfalar/Giris_Sayfasi/PopupCarpiGiris'

2021-10-21 14:26:51 - [MESSAGE][PASSED] - Object: 'Object Repository/Sayfalar/Giris_Sayfasi/PopupCarpiGiris' is clicked on

2021-10-21 14:26:51 - [TEST_STEP][PASSED] - verifyElementVisible(findTestObject("Object Repository/Kullanici_Islemleri/KullaniciIslemleri")): Object 'Object Repository/Kullanici_Islemleri/KullaniciIslemleri' is visible

2021-10-21 14:26:51 - [MESSAGE][INFO] - Finding Test Object 'Object Repository/Kullanici_Islemleri/KullaniciIslemleri'

2021-10-21 14:26:51 - [MESSAGE][INFO] - Checking object

2021-10-21 14:26:51 - [MESSAGE][INFO] - Finding web element from Test Object's properties

2021-10-21 14:26:51 - [MESSAGE][INFO] - Checking timeout

2021-10-21 14:26:51 - [MESSAGE][INFO] - Finding web element with id: 'Object Repository/Kullanici_Islemleri/KullaniciIslemleri' located by 'By.cssSelector: .dropdown>a>img' in '30' second(s)

2021-10-21 14:26:51 - [MESSAGE][INFO] - Smart Wait Function is triggered

2021-10-21 14:26:52 - [MESSAGE][INFO] - Found 1 web elements with id: 'Object Repository/Kullanici_Islemleri/KullaniciIslemleri' located by 'By.cssSelector: .dropdown>a>img' in '30' second(s)

2021-10-21 14:26:52 - [MESSAGE][PASSED] - Object 'Object Repository/Kullanici_Islemleri/KullaniciIslemleri' is visible

2021-10-21 14:26:52 - [MESSAGE][PASSED] - Call Test Case 'Test Cases/Sayfalar/Giris_Sayfasi/Login' successfully

2021-10-21 14:26:52 - [MESSAGE][INFO] - Checking called Test Case

2021-10-21 14:26:52 - [MESSAGE][INFO] - Starting to call Test Case 'Test Cases/Menu/AnaMenuSecimi'

2021-10-21 14:26:52 - [TEST_CASE][PASSED] - Test Cases/Menu/AnaMenuSecimi: Test Cases/Menu/AnaMenuSecimi

2021-10-21 14:26:52 - [TEST_STEP][PASSED] - Method.TextDegerineEsitElementeTikla(findTestObject("Menu/Ana_Menu"), Ana_Menu): Method.TextDegerineEsitElementeTikla is PASSED

2021-10-21 14:26:52 - [MESSAGE][INFO] - Finding Test Object 'Object Repository/Menu/Ana_Menu'

2021-10-21 14:26:52 - [MESSAGE][INFO] - Checking timeout

2021-10-21 14:26:52 - [MESSAGE][INFO] - Finding web element with id: 'Object Repository/Menu/Ana_Menu' located by 'By.xpath: //*[@class = 'dropdown-toggle']' in '10' second(s)

2021-10-21 14:26:52 - [MESSAGE][INFO] - Smart Wait Function is triggered

2021-10-21 14:26:52 - [MESSAGE][INFO] - Found 14 web elements with id: 'Object Repository/Menu/Ana_Menu' located by 'By.xpath: //*[@class = 'dropdown-toggle']' in '10' second(s)

2021-10-21 14:26:52 - [MESSAGE][PASSED] - Method.TextDegerineEsitElementeTikla is PASSED

2021-10-21 14:26:52 - [MESSAGE][PASSED] - Call Test Case 'Test Cases/Menu/AnaMenuSecimi' successfully

2021-10-21 14:26:52 - [MESSAGE][INFO] - Checking called Test Case

2021-10-21 14:26:52 - [MESSAGE][INFO] - Starting to call Test Case 'Test Cases/Menu/BasligaGoreAltMenuSecimi'

2021-10-21 14:26:53 - [TEST_CASE][PASSED] - Test Cases/Menu/BasligaGoreAltMenuSecimi: Test Cases/Menu/BasligaGoreAltMenuSecimi

2021-10-21 14:26:53 - [TEST_STEP][PASSED] - Method.TextDegerineEsitElementinAltindakiTextDegerineEsitOlanaTikla(findTestObject("Menu/Menu_Basligi"), findTestObject("Menu/Basliga_Gore_Alt_Menu"), Baslik, Alt_Menu): Method.TextDegerineEsitElementinAltindakiTextDegerineEsitOlanaTikla is PASSED

2021-10-21 14:26:53 - [MESSAGE][INFO] - Finding Test Object 'Object Repository/Menu/Menu_Basligi'

2021-10-21 14:26:53 - [MESSAGE][INFO] - Finding Test Object 'Object Repository/Menu/Basliga_Gore_Alt_Menu'

2021-10-21 14:26:53 - [MESSAGE][INFO] - Checking timeout

2021-10-21 14:26:53 - [MESSAGE][INFO] - Finding web element with id: 'Object Repository/Menu/Menu_Basligi' located by 'By.xpath: //li[@class='dropdown dropdown-large open']//li[@class='dropdown-header']' in '10' second(s)

2021-10-21 14:26:53 - [MESSAGE][INFO] - Smart Wait Function is triggered

2021-10-21 14:26:53 - [MESSAGE][INFO] - Found 2 web elements with id: 'Object Repository/Menu/Menu_Basligi' located by 'By.xpath: //li[@class='dropdown dropdown-large open']//li[@class='dropdown-header']' in '10' second(s)

2021-10-21 14:26:53 - [MESSAGE][INFO] - Smart Wait Function is triggered

2021-10-21 14:26:56 - [MESSAGE][PASSED] - Method.TextDegerineEsitElementinAltindakiTextDegerineEsitOlanaTikla is PASSED

2021-10-21 14:26:56 - [MESSAGE][PASSED] - Call Test Case 'Test Cases/Menu/BasligaGoreAltMenuSecimi' successfully

2021-10-21 14:26:56 - [MESSAGE][INFO] - Checking called Test Case

2021-10-21 14:26:56 - [MESSAGE][INFO] - Starting to call Test Case 'Test Cases/Tablo/Olusturma Tarihi'

2021-10-21 14:26:56 - [TEST_CASE][PASSED] - Test Cases/Tablo/Olusturma Tarihi: Test Cases/Tablo/Olusturma Tarihi

2021-10-21 14:26:56 - [TEST_STEP][PASSED] - if (verifyTextNotPresent("Görüntülenecek veri yok", true, OPTIONAL)): null

2021-10-21 14:26:56 - [MESSAGE][INFO] - Checking text present  using regular expression

2021-10-21 14:26:56 - [MESSAGE][INFO] - Smart Wait Function is triggered

2021-10-21 14:26:56 - [MESSAGE][INFO] - Finding text 'Görüntülenecek veri yok' on page  using regular expression

2021-10-21 14:26:56 - [MESSAGE][PASSED] - Text 'Görüntülenecek veri yok' is not present on page using regular expression

2021-10-21 14:26:56 - [TEST_STEP][PASSED] - click(findTestObject("Temizle/Olusturma_Tarihi_CheckBox")): Object: 'Object Repository/Temizle/Olusturma_Tarihi_CheckBox' is clicked on

2021-10-21 14:26:56 - [MESSAGE][INFO] - Finding Test Object 'Object Repository/Temizle/Olusturma_Tarihi_CheckBox'

2021-10-21 14:26:56 - [MESSAGE][INFO] - Checking object

2021-10-21 14:26:56 - [MESSAGE][INFO] - Finding web element from Test Object's properties

2021-10-21 14:26:56 - [MESSAGE][INFO] - Checking timeout

2021-10-21 14:26:56 - [MESSAGE][INFO] - Finding web element with id: 'Object Repository/Temizle/Olusturma_Tarihi_CheckBox' located by 'By.xpath: //*[@title = 'Bu sayfadaki tüm satırları Seç']' in '30' second(s)

2021-10-21 14:26:56 - [MESSAGE][INFO] - Smart Wait Function is triggered

2021-10-21 14:26:57 - [MESSAGE][INFO] - Found 1 web elements with id: 'Object Repository/Temizle/Olusturma_Tarihi_CheckBox' located by 'By.xpath: //*[@title = 'Bu sayfadaki tüm satırları Seç']' in '30' second(s)

2021-10-21 14:26:57 - [MESSAGE][INFO] - Clicking on object: 'Object Repository/Temizle/Olusturma_Tarihi_CheckBox'

2021-10-21 14:26:57 - [MESSAGE][PASSED] - Object: 'Object Repository/Temizle/Olusturma_Tarihi_CheckBox' is clicked on

2021-10-21 14:26:57 - [TEST_STEP][PASSED] - Method.TextDegerineEsitElementeTiklaEquals(findTestObject("Butonlar/Butonlar"), "Sil"): Method.TextDegerineEsitElementeTiklaEquals is PASSED

2021-10-21 14:26:57 - [MESSAGE][INFO] - Finding Test Object 'Object Repository/Butonlar/Butonlar'

2021-10-21 14:26:57 - [MESSAGE][INFO] - Checking timeout

2021-10-21 14:26:57 - [MESSAGE][INFO] - Finding web element with id: 'Object Repository/Butonlar/Butonlar' located by 'By.cssSelector: .panel.panel-default.text-center.footerPanel .btn,.btn.btn-primary.btnControls' in '10' second(s)

2021-10-21 14:26:57 - [MESSAGE][INFO] - Smart Wait Function is triggered

2021-10-21 14:26:57 - [MESSAGE][INFO] - Found 7 web elements with id: 'Object Repository/Butonlar/Butonlar' located by 'By.cssSelector: .panel.panel-default.text-center.footerPanel .btn,.btn.btn-primary.btnControls' in '10' second(s)

2021-10-21 14:26:57 - [MESSAGE][PASSED] - Method.TextDegerineEsitElementeTiklaEquals is PASSED

2021-10-21 14:26:57 - [TEST_STEP][PASSED] - Method.TextDegerineEsitElementeTikla(findTestObject("Popup/Popup_Butons"), "Evet"): Method.TextDegerineEsitElementeTikla is PASSED

2021-10-21 14:26:57 - [MESSAGE][INFO] - Finding Test Object 'Object Repository/Popup/Popup_Butons'

2021-10-21 14:26:57 - [MESSAGE][INFO] - Checking timeout

2021-10-21 14:26:57 - [MESSAGE][INFO] - Finding web element with id: 'Object Repository/Popup/Popup_Butons' located by 'By.cssSelector: .modal-footer>button' in '10' second(s)

2021-10-21 14:26:57 - [MESSAGE][INFO] - Smart Wait Function is triggered

2021-10-21 14:26:58 - [MESSAGE][INFO] - Found 2 web elements with id: 'Object Repository/Popup/Popup_Butons' located by 'By.cssSelector: .modal-footer>button' in '10' second(s)

2021-10-21 14:26:59 - [MESSAGE][PASSED] - Method.TextDegerineEsitElementeTikla is PASSED

2021-10-21 14:26:59 - [TEST_STEP][PASSED] - Method.TextDegerineEsitElementeTikla(findTestObject("Popup/Popup_Butons"), "Tamam"): Method.TextDegerineEsitElementeTikla is PASSED

2021-10-21 14:26:59 - [MESSAGE][INFO] - Finding Test Object 'Object Repository/Popup/Popup_Butons'

2021-10-21 14:26:59 - [MESSAGE][INFO] - Checking timeout

2021-10-21 14:26:59 - [MESSAGE][INFO] - Finding web element with id: 'Object Repository/Popup/Popup_Butons' located by 'By.cssSelector: .modal-footer>button' in '10' second(s)

2021-10-21 14:26:59 - [MESSAGE][INFO] - Smart Wait Function is triggered

2021-10-21 14:26:59 - [MESSAGE][INFO] - Found 1 web elements with id: 'Object Repository/Popup/Popup_Butons' located by 'By.cssSelector: .modal-footer>button' in '10' second(s)

2021-10-21 14:27:00 - [MESSAGE][PASSED] - Method.TextDegerineEsitElementeTikla is PASSED

2021-10-21 14:27:00 - [MESSAGE][PASSED] - Call Test Case 'Test Cases/Tablo/Olusturma Tarihi' successfully

2021-10-21 14:27:00 - [MESSAGE][INFO] - Checking called Test Case

2021-10-21 14:27:00 - [MESSAGE][INFO] - Starting to call Test Case 'Test Cases/Butonlar/ButonaTikla'

2021-10-21 14:27:00 - [TEST_CASE][PASSED] - Test Cases/Butonlar/ButonaTikla: Test Cases/Butonlar/ButonaTikla

2021-10-21 14:27:00 - [TEST_STEP][PASSED] - Method.TextDegerineEsitElementeTiklaEquals(findTestObject("Butonlar/Butonlar"), Buton_Adi): Method.TextDegerineEsitElementeTiklaEquals is PASSED

2021-10-21 14:27:00 - [MESSAGE][INFO] - Finding Test Object 'Object Repository/Butonlar/Butonlar'

2021-10-21 14:27:00 - [MESSAGE][INFO] - Checking timeout

2021-10-21 14:27:00 - [MESSAGE][INFO] - Finding web element with id: 'Object Repository/Butonlar/Butonlar' located by 'By.cssSelector: .panel.panel-default.text-center.footerPanel .btn,.btn.btn-primary.btnControls' in '10' second(s)

2021-10-21 14:27:00 - [MESSAGE][INFO] - Smart Wait Function is triggered

2021-10-21 14:27:00 - [MESSAGE][INFO] - Found 7 web elements with id: 'Object Repository/Butonlar/Butonlar' located by 'By.cssSelector: .panel.panel-default.text-center.footerPanel .btn,.btn.btn-primary.btnControls' in '10' second(s)

2021-10-21 14:27:00 - [MESSAGE][PASSED] - Method.TextDegerineEsitElementeTiklaEquals is PASSED

2021-10-21 14:27:00 - [MESSAGE][PASSED] - Call Test Case 'Test Cases/Butonlar/ButonaTikla' successfully

2021-10-21 14:27:00 - [MESSAGE][INFO] - Checking called Test Case

2021-10-21 14:27:00 - [MESSAGE][INFO] - Starting to call Test Case 'Test Cases/Olusturma/Genel/GorselTasarimSayfasıBasligiIceriyorMu'

2021-10-21 14:27:01 - [TEST_CASE][PASSED] - Test Cases/Olusturma/Genel/GorselTasarimSayfasıBasligiIceriyorMu: Test Cases/Olusturma/Genel/GorselTasarimSayfasıBasligiIceriyorMu

2021-10-21 14:27:01 - [TEST_STEP][PASSED] - verifyElementText(findTestObject("Object Repository/Olusturma/Genel/GorselTasarimBaslik"), Baslik): Actual text and expected text of test object 'Object Repository/Olusturma/Genel/GorselTasarimBaslik' are matched.

2021-10-21 14:27:01 - [MESSAGE][INFO] - Finding Test Object 'Object Repository/Olusturma/Genel/GorselTasarimBaslik'

2021-10-21 14:27:01 - [MESSAGE][INFO] - Checking object

2021-10-21 14:27:01 - [MESSAGE][INFO] - Finding web element from Test Object's properties

2021-10-21 14:27:01 - [MESSAGE][INFO] - Checking timeout

2021-10-21 14:27:01 - [MESSAGE][INFO] - Finding web element with id: 'Object Repository/Olusturma/Genel/GorselTasarimBaslik' located by 'By.cssSelector: #flAlici_0>div>span' in '30' second(s)

2021-10-21 14:27:01 - [MESSAGE][INFO] - Smart Wait Function is triggered

2021-10-21 14:27:03 - [MESSAGE][INFO] - Found 1 web elements with id: 'Object Repository/Olusturma/Genel/GorselTasarimBaslik' located by 'By.cssSelector: #flAlici_0>div>span' in '30' second(s)

2021-10-21 14:27:03 - [MESSAGE][PASSED] - Actual text and expected text of test object 'Object Repository/Olusturma/Genel/GorselTasarimBaslik' are matched.

2021-10-21 14:27:03 - [MESSAGE][PASSED] - Call Test Case 'Test Cases/Olusturma/Genel/GorselTasarimSayfasıBasligiIceriyorMu' successfully

2021-10-21 14:27:03 - [MESSAGE][INFO] - Checking called Test Case

2021-10-21 14:27:03 - [MESSAGE][INFO] - Starting to call Test Case 'Test Cases/Olusturma/Genel/AliciSecilir'

2021-10-21 14:27:03 - [TEST_CASE][PASSED] - Test Cases/Olusturma/Genel/AliciSecilir: Test Cases/Olusturma/Genel/AliciSecilir

2021-10-21 14:27:03 - [TEST_STEP][PASSED] - click(findTestObject("Olusturma/Genel/AliciBilgisi/Alici_Ara")): Object: 'Object Repository/Olusturma/Genel/AliciBilgisi/Alici_Ara' is clicked on

2021-10-21 14:27:03 - [MESSAGE][INFO] - Finding Test Object 'Object Repository/Olusturma/Genel/AliciBilgisi/Alici_Ara'

2021-10-21 14:27:04 - [MESSAGE][INFO] - Checking object

2021-10-21 14:27:04 - [MESSAGE][INFO] - Finding web element from Test Object's properties

2021-10-21 14:27:04 - [MESSAGE][INFO] - Checking timeout

2021-10-21 14:27:04 - [MESSAGE][INFO] - Finding web element with id: 'Object Repository/Olusturma/Genel/AliciBilgisi/Alici_Ara' located by 'By.xpath: //td[@id='txtCustomerText_B-1']' in '30' second(s)

2021-10-21 14:27:04 - [MESSAGE][INFO] - Smart Wait Function is triggered

2021-10-21 14:27:04 - [MESSAGE][INFO] - Found 1 web elements with id: 'Object Repository/Olusturma/Genel/AliciBilgisi/Alici_Ara' located by 'By.xpath: //td[@id='txtCustomerText_B-1']' in '30' second(s)

2021-10-21 14:27:04 - [MESSAGE][INFO] - Clicking on object: 'Object Repository/Olusturma/Genel/AliciBilgisi/Alici_Ara'

2021-10-21 14:27:04 - [MESSAGE][PASSED] - Object: 'Object Repository/Olusturma/Genel/AliciBilgisi/Alici_Ara' is clicked on

2021-10-21 14:27:04 - [TEST_STEP][PASSED] - click(findTestObject("Olusturma/Genel/AliciBilgisi/Alici_Bilgisi")): Object: 'Object Repository/Olusturma/Genel/AliciBilgisi/Alici_Bilgisi' is clicked on

2021-10-21 14:27:04 - [MESSAGE][INFO] - Finding Test Object 'Object Repository/Olusturma/Genel/AliciBilgisi/Alici_Bilgisi'

2021-10-21 14:27:04 - [MESSAGE][INFO] - Checking object

2021-10-21 14:27:04 - [MESSAGE][INFO] - Finding web element from Test Object's properties

2021-10-21 14:27:04 - [MESSAGE][INFO] - Checking timeout

2021-10-21 14:27:04 - [MESSAGE][INFO] - Finding web element with id: 'Object Repository/Olusturma/Genel/AliciBilgisi/Alici_Bilgisi' located by 'By.xpath: //iframe[@id='customerselectiframe']' in '30' second(s)

2021-10-21 14:27:04 - [MESSAGE][INFO] - Smart Wait Function is triggered

2021-10-21 14:27:05 - [MESSAGE][INFO] - Found 1 web elements with id: 'Object Repository/Olusturma/Genel/AliciBilgisi/Alici_Bilgisi' located by 'By.xpath: //iframe[@id='customerselectiframe']' in '30' second(s)

2021-10-21 14:27:05 - [MESSAGE][INFO] - Clicking on object: 'Object Repository/Olusturma/Genel/AliciBilgisi/Alici_Bilgisi'

2021-10-21 14:27:05 - [MESSAGE][PASSED] - Object: 'Object Repository/Olusturma/Genel/AliciBilgisi/Alici_Bilgisi' is clicked on

2021-10-21 14:27:05 - [TEST_STEP][PASSED] - setText(findTestObject("Olusturma/Genel/AliciBilgisi/Alici_Gir"), Alici_Adi): Switching to default content

2021-10-21 14:27:05 - [MESSAGE][INFO] - Finding Test Object 'Object Repository/Olusturma/Genel/AliciBilgisi/Alici_Gir'

2021-10-21 14:27:05 - [MESSAGE][INFO] - Finding Test Object 'Object Repository/Olusturma/Genel/AliciBilgisi/Alici_Bilgisi'

2021-10-21 14:27:05 - [MESSAGE][INFO] - Checking object

2021-10-21 14:27:05 - [MESSAGE][INFO] - Checking text

2021-10-21 14:27:05 - [MESSAGE][INFO] - Object: 'Object Repository/Olusturma/Genel/AliciBilgisi/Alici_Gir' has parent object(s)

2021-10-21 14:27:05 - [MESSAGE][INFO] - Switching to iframe: 'Object Repository/Olusturma/Genel/AliciBilgisi/Alici_Bilgisi'

2021-10-21 14:27:05 - [MESSAGE][INFO] - Finding web element from Test Object's properties

2021-10-21 14:27:05 - [MESSAGE][INFO] - Checking timeout

2021-10-21 14:27:05 - [MESSAGE][INFO] - Finding web element with id: 'Object Repository/Olusturma/Genel/AliciBilgisi/Alici_Bilgisi' located by 'By.xpath: //iframe[@id='customerselectiframe']' in '30' second(s)

2021-10-21 14:27:05 - [MESSAGE][INFO] - Smart Wait Function is triggered

2021-10-21 14:27:05 - [MESSAGE][INFO] - Found 1 web elements with id: 'Object Repository/Olusturma/Genel/AliciBilgisi/Alici_Bilgisi' located by 'By.xpath: //iframe[@id='customerselectiframe']' in '30' second(s)

2021-10-21 14:27:05 - [MESSAGE][INFO] - Switched to iframe: 'Object Repository/Olusturma/Genel/AliciBilgisi/Alici_Bilgisi'

2021-10-21 14:27:05 - [MESSAGE][INFO] - Finding web element from Test Object's properties

2021-10-21 14:27:05 - [MESSAGE][INFO] - Checking timeout

2021-10-21 14:27:05 - [MESSAGE][INFO] - Finding web element with id: 'Object Repository/Olusturma/Genel/AliciBilgisi/Alici_Gir' located by 'By.xpath: //input[@id='GridViewCustomer_DXFREditorcol1_I']' in '30' second(s)

2021-10-21 14:27:05 - [MESSAGE][INFO] - Smart Wait Function is triggered

2021-10-21 14:27:05 - [MESSAGE][INFO] - Found 1 web elements with id: 'Object Repository/Olusturma/Genel/AliciBilgisi/Alici_Gir' located by 'By.xpath: //input[@id='GridViewCustomer_DXFREditorcol1_I']' in '30' second(s)

2021-10-21 14:27:05 - [MESSAGE][INFO] - Clearing text of object 'Object Repository/Olusturma/Genel/AliciBilgisi/Alici_Gir'

2021-10-21 14:27:05 - [MESSAGE][INFO] - Finding web element from Test Object's properties

2021-10-21 14:27:05 - [MESSAGE][INFO] - Checking timeout

2021-10-21 14:27:05 - [MESSAGE][INFO] - Finding web element with id: 'Object Repository/Olusturma/Genel/AliciBilgisi/Alici_Gir' located by 'By.xpath: //input[@id='GridViewCustomer_DXFREditorcol1_I']' in '30' second(s)

2021-10-21 14:27:05 - [MESSAGE][INFO] - Smart Wait Function is triggered

2021-10-21 14:27:05 - [MESSAGE][INFO] - Found 1 web elements with id: 'Object Repository/Olusturma/Genel/AliciBilgisi/Alici_Gir' located by 'By.xpath: //input[@id='GridViewCustomer_DXFREditorcol1_I']' in '30' second(s)

2021-10-21 14:27:05 - [MESSAGE][INFO] - Setting text of object 'Object Repository/Olusturma/Genel/AliciBilgisi/Alici_Gir' to value 'UC0038'

2021-10-21 14:27:05 - [MESSAGE][PASSED] - Text 'UC0038' is set on object 'Object Repository/Olusturma/Genel/AliciBilgisi/Alici_Gir'

2021-10-21 14:27:05 - [MESSAGE][INFO] - Switching to default content

2021-10-21 14:27:05 - [TEST_STEP][PASSED] - waitForElementClickable(findTestObject("Olusturma/Genel/AliciBilgisi/Alici_Adi"), 10): Switching to default content

2021-10-21 14:27:05 - [MESSAGE][INFO] - Finding Test Object 'Object Repository/Olusturma/Genel/AliciBilgisi/Alici_Adi'

2021-10-21 14:27:06 - [MESSAGE][INFO] - Finding Test Object 'Object Repository/Olusturma/Genel/AliciBilgisi/iframe_Alc Bilgisi_customerselectiframe'

2021-10-21 14:27:06 - [MESSAGE][INFO] - Checking object

2021-10-21 14:27:06 - [MESSAGE][INFO] - Checking timeout

2021-10-21 14:27:06 - [MESSAGE][INFO] - Object: 'Object Repository/Olusturma/Genel/AliciBilgisi/Alici_Adi' has parent object(s)

2021-10-21 14:27:06 - [MESSAGE][INFO] - Switching to iframe: 'Object Repository/Olusturma/Genel/AliciBilgisi/iframe_Alc Bilgisi_customerselectiframe'

2021-10-21 14:27:06 - [MESSAGE][INFO] - Finding web element from Test Object's properties

2021-10-21 14:27:06 - [MESSAGE][INFO] - Checking timeout

2021-10-21 14:27:06 - [MESSAGE][INFO] - Finding web element with id: 'Object Repository/Olusturma/Genel/AliciBilgisi/iframe_Alc Bilgisi_customerselectiframe' located by 'By.xpath: //iframe[@id='customerselectiframe']' in '10' second(s)

2021-10-21 14:27:06 - [MESSAGE][INFO] - Smart Wait Function is triggered

2021-10-21 14:27:06 - [MESSAGE][INFO] - Found 1 web elements with id: 'Object Repository/Olusturma/Genel/AliciBilgisi/iframe_Alc Bilgisi_customerselectiframe' located by 'By.xpath: //iframe[@id='customerselectiframe']' in '10' second(s)

2021-10-21 14:27:06 - [MESSAGE][INFO] - Switched to iframe: 'Object Repository/Olusturma/Genel/AliciBilgisi/iframe_Alc Bilgisi_customerselectiframe'

2021-10-21 14:27:06 - [MESSAGE][INFO] - Finding web element from Test Object's properties

2021-10-21 14:27:06 - [MESSAGE][INFO] - Checking timeout

2021-10-21 14:27:06 - [MESSAGE][INFO] - Finding web element with id: 'Object Repository/Olusturma/Genel/AliciBilgisi/Alici_Adi' located by 'By.xpath: //tr[@id='GridViewCustomer_DXDataRow0']/td[2]' in '10' second(s)

2021-10-21 14:27:06 - [MESSAGE][INFO] - Smart Wait Function is triggered

2021-10-21 14:27:06 - [MESSAGE][INFO] - Found 1 web elements with id: 'Object Repository/Olusturma/Genel/AliciBilgisi/Alici_Adi' located by 'By.xpath: //tr[@id='GridViewCustomer_DXDataRow0']/td[2]' in '10' second(s)

2021-10-21 14:27:06 - [MESSAGE][PASSED] - Object 'Object Repository/Olusturma/Genel/AliciBilgisi/Alici_Adi' is clickable

2021-10-21 14:27:06 - [MESSAGE][INFO] - Switching to default content

2021-10-21 14:27:06 - [TEST_STEP][PASSED] - click(findTestObject("Olusturma/Genel/AliciBilgisi/frame")): Switching to default content

2021-10-21 14:27:06 - [MESSAGE][INFO] - Finding Test Object 'Object Repository/Olusturma/Genel/AliciBilgisi/frame'

2021-10-21 14:27:06 - [MESSAGE][INFO] - Finding Test Object 'Object Repository/Olusturma/Genel/AliciBilgisi/iframe_Alc Bilgisi_customerselectiframe'

2021-10-21 14:27:06 - [MESSAGE][INFO] - Checking object

2021-10-21 14:27:06 - [MESSAGE][INFO] - Object: 'Object Repository/Olusturma/Genel/AliciBilgisi/frame' has parent object(s)

2021-10-21 14:27:06 - [MESSAGE][INFO] - Switching to iframe: 'Object Repository/Olusturma/Genel/AliciBilgisi/iframe_Alc Bilgisi_customerselectiframe'

2021-10-21 14:27:06 - [MESSAGE][INFO] - Finding web element from Test Object's properties

2021-10-21 14:27:06 - [MESSAGE][INFO] - Checking timeout

2021-10-21 14:27:06 - [MESSAGE][INFO] - Finding web element with id: 'Object Repository/Olusturma/Genel/AliciBilgisi/iframe_Alc Bilgisi_customerselectiframe' located by 'By.xpath: //iframe[@id='customerselectiframe']' in '30' second(s)

2021-10-21 14:27:06 - [MESSAGE][INFO] - Smart Wait Function is triggered

2021-10-21 14:27:06 - [MESSAGE][INFO] - Found 1 web elements with id: 'Object Repository/Olusturma/Genel/AliciBilgisi/iframe_Alc Bilgisi_customerselectiframe' located by 'By.xpath: //iframe[@id='customerselectiframe']' in '30' second(s)

2021-10-21 14:27:06 - [MESSAGE][INFO] - Switched to iframe: 'Object Repository/Olusturma/Genel/AliciBilgisi/iframe_Alc Bilgisi_customerselectiframe'

2021-10-21 14:27:06 - [MESSAGE][INFO] - Finding web element from Test Object's properties

2021-10-21 14:27:06 - [MESSAGE][INFO] - Checking timeout

2021-10-21 14:27:06 - [MESSAGE][INFO] - Finding web element with id: 'Object Repository/Olusturma/Genel/AliciBilgisi/frame' located by 'By.xpath: //*/text()[normalize-space(.)='']/parent::*' in '30' second(s)

2021-10-21 14:27:06 - [MESSAGE][INFO] - Smart Wait Function is triggered

2021-10-21 14:27:07 - [MESSAGE][INFO] - Found 73 web elements with id: 'Object Repository/Olusturma/Genel/AliciBilgisi/frame' located by 'By.xpath: //*/text()[normalize-space(.)='']/parent::*' in '30' second(s)

2021-10-21 14:27:07 - [MESSAGE][INFO] - Clicking on object: 'Object Repository/Olusturma/Genel/AliciBilgisi/frame'

2021-10-21 14:27:07 - [MESSAGE][PASSED] - Object: 'Object Repository/Olusturma/Genel/AliciBilgisi/frame' is clicked on

2021-10-21 14:27:07 - [MESSAGE][INFO] - Switching to default content

2021-10-21 14:27:07 - [TEST_STEP][PASSED] - click(findTestObject("Olusturma/Genel/AliciBilgisi/Alici_Adi")): Switching to default content

2021-10-21 14:27:07 - [MESSAGE][INFO] - Finding Test Object 'Object Repository/Olusturma/Genel/AliciBilgisi/Alici_Adi'

2021-10-21 14:27:07 - [MESSAGE][INFO] - Finding Test Object 'Object Repository/Olusturma/Genel/AliciBilgisi/iframe_Alc Bilgisi_customerselectiframe'

2021-10-21 14:27:07 - [MESSAGE][INFO] - Checking object

2021-10-21 14:27:07 - [MESSAGE][INFO] - Object: 'Object Repository/Olusturma/Genel/AliciBilgisi/Alici_Adi' has parent object(s)

2021-10-21 14:27:07 - [MESSAGE][INFO] - Switching to iframe: 'Object Repository/Olusturma/Genel/AliciBilgisi/iframe_Alc Bilgisi_customerselectiframe'

2021-10-21 14:27:07 - [MESSAGE][INFO] - Finding web element from Test Object's properties

2021-10-21 14:27:07 - [MESSAGE][INFO] - Checking timeout

2021-10-21 14:27:07 - [MESSAGE][INFO] - Finding web element with id: 'Object Repository/Olusturma/Genel/AliciBilgisi/iframe_Alc Bilgisi_customerselectiframe' located by 'By.xpath: //iframe[@id='customerselectiframe']' in '30' second(s)

2021-10-21 14:27:07 - [MESSAGE][INFO] - Smart Wait Function is triggered

2021-10-21 14:27:07 - [MESSAGE][INFO] - Found 1 web elements with id: 'Object Repository/Olusturma/Genel/AliciBilgisi/iframe_Alc Bilgisi_customerselectiframe' located by 'By.xpath: //iframe[@id='customerselectiframe']' in '30' second(s)

2021-10-21 14:27:07 - [MESSAGE][INFO] - Switched to iframe: 'Object Repository/Olusturma/Genel/AliciBilgisi/iframe_Alc Bilgisi_customerselectiframe'

2021-10-21 14:27:07 - [MESSAGE][INFO] - Finding web element from Test Object's properties

2021-10-21 14:27:07 - [MESSAGE][INFO] - Checking timeout

2021-10-21 14:27:07 - [MESSAGE][INFO] - Finding web element with id: 'Object Repository/Olusturma/Genel/AliciBilgisi/Alici_Adi' located by 'By.xpath: //tr[@id='GridViewCustomer_DXDataRow0']/td[2]' in '30' second(s)

2021-10-21 14:27:07 - [MESSAGE][INFO] - Smart Wait Function is triggered

2021-10-21 14:27:07 - [MESSAGE][INFO] - Found 1 web elements with id: 'Object Repository/Olusturma/Genel/AliciBilgisi/Alici_Adi' located by 'By.xpath: //tr[@id='GridViewCustomer_DXDataRow0']/td[2]' in '30' second(s)

2021-10-21 14:27:07 - [MESSAGE][INFO] - Clicking on object: 'Object Repository/Olusturma/Genel/AliciBilgisi/Alici_Adi'

2021-10-21 14:27:07 - [MESSAGE][PASSED] - Object: 'Object Repository/Olusturma/Genel/AliciBilgisi/Alici_Adi' is clicked on

2021-10-21 14:27:07 - [MESSAGE][INFO] - Switching to default content

2021-10-21 14:27:07 - [TEST_STEP][PASSED] - click(findTestObject("Olusturma/Genel/AliciBilgisi/Tamam_Bosluk")): Switching to default content

2021-10-21 14:27:07 - [MESSAGE][INFO] - Finding Test Object 'Object Repository/Olusturma/Genel/AliciBilgisi/Tamam_Bosluk'

2021-10-21 14:27:07 - [MESSAGE][INFO] - Finding Test Object 'Object Repository/Olusturma/Genel/AliciBilgisi/Alici_Bilgisi'

2021-10-21 14:27:07 - [MESSAGE][INFO] - Checking object

2021-10-21 14:27:07 - [MESSAGE][INFO] - Object: 'Object Repository/Olusturma/Genel/AliciBilgisi/Tamam_Bosluk' has parent object(s)

2021-10-21 14:27:07 - [MESSAGE][INFO] - Switching to iframe: 'Object Repository/Olusturma/Genel/AliciBilgisi/Alici_Bilgisi'

2021-10-21 14:27:07 - [MESSAGE][INFO] - Finding web element from Test Object's properties

2021-10-21 14:27:07 - [MESSAGE][INFO] - Checking timeout

2021-10-21 14:27:07 - [MESSAGE][INFO] - Finding web element with id: 'Object Repository/Olusturma/Genel/AliciBilgisi/Alici_Bilgisi' located by 'By.xpath: //iframe[@id='customerselectiframe']' in '30' second(s)

2021-10-21 14:27:07 - [MESSAGE][INFO] - Smart Wait Function is triggered

2021-10-21 14:27:08 - [MESSAGE][INFO] - Found 1 web elements with id: 'Object Repository/Olusturma/Genel/AliciBilgisi/Alici_Bilgisi' located by 'By.xpath: //iframe[@id='customerselectiframe']' in '30' second(s)

2021-10-21 14:27:08 - [MESSAGE][INFO] - Switched to iframe: 'Object Repository/Olusturma/Genel/AliciBilgisi/Alici_Bilgisi'

2021-10-21 14:27:08 - [MESSAGE][INFO] - Finding web element from Test Object's properties

2021-10-21 14:27:08 - [MESSAGE][INFO] - Checking timeout

2021-10-21 14:27:08 - [MESSAGE][INFO] - Finding web element with id: 'Object Repository/Olusturma/Genel/AliciBilgisi/Tamam_Bosluk' located by 'By.xpath: (.//*[normalize-space(text()) and normalize-space(.)='Sayfa Boyutu:'])[1]/following::div[7]' in '30' second(s)

2021-10-21 14:27:08 - [MESSAGE][INFO] - Smart Wait Function is triggered

2021-10-21 14:27:08 - [MESSAGE][INFO] - Found 1 web elements with id: 'Object Repository/Olusturma/Genel/AliciBilgisi/Tamam_Bosluk' located by 'By.xpath: (.//*[normalize-space(text()) and normalize-space(.)='Sayfa Boyutu:'])[1]/following::div[7]' in '30' second(s)

2021-10-21 14:27:08 - [MESSAGE][INFO] - Clicking on object: 'Object Repository/Olusturma/Genel/AliciBilgisi/Tamam_Bosluk'

2021-10-21 14:27:08 - [MESSAGE][PASSED] - Object: 'Object Repository/Olusturma/Genel/AliciBilgisi/Tamam_Bosluk' is clicked on

2021-10-21 14:27:08 - [MESSAGE][INFO] - Switching to default content

2021-10-21 14:27:08 - [TEST_STEP][PASSED] - waitForElementClickable(findTestObject("Olusturma/Genel/AliciBilgisi/Tamam_Butonu"), 10): Switching to default content

2021-10-21 14:27:08 - [MESSAGE][INFO] - Finding Test Object 'Object Repository/Olusturma/Genel/AliciBilgisi/Tamam_Butonu'

2021-10-21 14:27:08 - [MESSAGE][INFO] - Finding Test Object 'Object Repository/Olusturma/Genel/AliciBilgisi/Alici_Bilgisi'

2021-10-21 14:27:08 - [MESSAGE][INFO] - Checking object

2021-10-21 14:27:08 - [MESSAGE][INFO] - Checking timeout

2021-10-21 14:27:08 - [MESSAGE][INFO] - Object: 'Object Repository/Olusturma/Genel/AliciBilgisi/Tamam_Butonu' has parent object(s)

2021-10-21 14:27:08 - [MESSAGE][INFO] - Switching to iframe: 'Object Repository/Olusturma/Genel/AliciBilgisi/Alici_Bilgisi'

2021-10-21 14:27:08 - [MESSAGE][INFO] - Finding web element from Test Object's properties

2021-10-21 14:27:08 - [MESSAGE][INFO] - Checking timeout

2021-10-21 14:27:08 - [MESSAGE][INFO] - Finding web element with id: 'Object Repository/Olusturma/Genel/AliciBilgisi/Alici_Bilgisi' located by 'By.xpath: //iframe[@id='customerselectiframe']' in '10' second(s)

2021-10-21 14:27:08 - [MESSAGE][INFO] - Smart Wait Function is triggered

2021-10-21 14:27:08 - [MESSAGE][INFO] - Found 1 web elements with id: 'Object Repository/Olusturma/Genel/AliciBilgisi/Alici_Bilgisi' located by 'By.xpath: //iframe[@id='customerselectiframe']' in '10' second(s)

2021-10-21 14:27:08 - [MESSAGE][INFO] - Switched to iframe: 'Object Repository/Olusturma/Genel/AliciBilgisi/Alici_Bilgisi'

2021-10-21 14:27:08 - [MESSAGE][INFO] - Finding web element from Test Object's properties

2021-10-21 14:27:08 - [MESSAGE][INFO] - Checking timeout

2021-10-21 14:27:08 - [MESSAGE][INFO] - Finding web element with id: 'Object Repository/Olusturma/Genel/AliciBilgisi/Tamam_Butonu' located by 'By.xpath: //div[@id='btnSelectCustomer_CD']/span' in '10' second(s)

2021-10-21 14:27:08 - [MESSAGE][INFO] - Smart Wait Function is triggered

2021-10-21 14:27:08 - [MESSAGE][INFO] - Found 1 web elements with id: 'Object Repository/Olusturma/Genel/AliciBilgisi/Tamam_Butonu' located by 'By.xpath: //div[@id='btnSelectCustomer_CD']/span' in '10' second(s)

2021-10-21 14:27:08 - [MESSAGE][PASSED] - Object 'Object Repository/Olusturma/Genel/AliciBilgisi/Tamam_Butonu' is clickable

2021-10-21 14:27:08 - [MESSAGE][INFO] - Switching to default content

2021-10-21 14:27:08 - [TEST_STEP][PASSED] - click(findTestObject("Olusturma/Genel/AliciBilgisi/Tamam_Butonu")): Switching to default content

2021-10-21 14:27:08 - [MESSAGE][INFO] - Finding Test Object 'Object Repository/Olusturma/Genel/AliciBilgisi/Tamam_Butonu'

2021-10-21 14:27:08 - [MESSAGE][INFO] - Finding Test Object 'Object Repository/Olusturma/Genel/AliciBilgisi/Alici_Bilgisi'

2021-10-21 14:27:09 - [MESSAGE][INFO] - Checking object

2021-10-21 14:27:09 - [MESSAGE][INFO] - Object: 'Object Repository/Olusturma/Genel/AliciBilgisi/Tamam_Butonu' has parent object(s)

2021-10-21 14:27:09 - [MESSAGE][INFO] - Switching to iframe: 'Object Repository/Olusturma/Genel/AliciBilgisi/Alici_Bilgisi'

2021-10-21 14:27:09 - [MESSAGE][INFO] - Finding web element from Test Object's properties

2021-10-21 14:27:09 - [MESSAGE][INFO] - Checking timeout

2021-10-21 14:27:09 - [MESSAGE][INFO] - Finding web element with id: 'Object Repository/Olusturma/Genel/AliciBilgisi/Alici_Bilgisi' located by 'By.xpath: //iframe[@id='customerselectiframe']' in '30' second(s)

2021-10-21 14:27:09 - [MESSAGE][INFO] - Smart Wait Function is triggered

2021-10-21 14:27:09 - [MESSAGE][INFO] - Found 1 web elements with id: 'Object Repository/Olusturma/Genel/AliciBilgisi/Alici_Bilgisi' located by 'By.xpath: //iframe[@id='customerselectiframe']' in '30' second(s)

2021-10-21 14:27:09 - [MESSAGE][INFO] - Switched to iframe: 'Object Repository/Olusturma/Genel/AliciBilgisi/Alici_Bilgisi'

2021-10-21 14:27:09 - [MESSAGE][INFO] - Finding web element from Test Object's properties

2021-10-21 14:27:09 - [MESSAGE][INFO] - Checking timeout

2021-10-21 14:27:09 - [MESSAGE][INFO] - Finding web element with id: 'Object Repository/Olusturma/Genel/AliciBilgisi/Tamam_Butonu' located by 'By.xpath: //div[@id='btnSelectCustomer_CD']/span' in '30' second(s)

2021-10-21 14:27:09 - [MESSAGE][INFO] - Smart Wait Function is triggered

2021-10-21 14:27:09 - [MESSAGE][INFO] - Found 1 web elements with id: 'Object Repository/Olusturma/Genel/AliciBilgisi/Tamam_Butonu' located by 'By.xpath: //div[@id='btnSelectCustomer_CD']/span' in '30' second(s)

2021-10-21 14:27:09 - [MESSAGE][INFO] - Clicking on object: 'Object Repository/Olusturma/Genel/AliciBilgisi/Tamam_Butonu'

2021-10-21 14:27:09 - [MESSAGE][PASSED] - Object: 'Object Repository/Olusturma/Genel/AliciBilgisi/Tamam_Butonu' is clicked on

2021-10-21 14:27:09 - [MESSAGE][INFO] - Switching to default content

2021-10-21 14:27:09 - [TEST_STEP][PASSED] - waitForElementPresent(findTestObject("Olusturma/Genel/AliciBilgisi/VKN-TCKN"), 10): Object 'Object Repository/Olusturma/Genel/AliciBilgisi/VKN-TCKN' is present

2021-10-21 14:27:09 - [MESSAGE][INFO] - Finding Test Object 'Object Repository/Olusturma/Genel/AliciBilgisi/VKN-TCKN'

2021-10-21 14:27:09 - [MESSAGE][INFO] - Checking object

2021-10-21 14:27:09 - [MESSAGE][INFO] - Finding web element from Test Object's properties

2021-10-21 14:27:09 - [MESSAGE][INFO] - Checking timeout

2021-10-21 14:27:09 - [MESSAGE][INFO] - Finding web element with id: 'Object Repository/Olusturma/Genel/AliciBilgisi/VKN-TCKN' located by 'By.xpath: //*[@id = 'txtVknTckn_I']' in '10' second(s)

2021-10-21 14:27:09 - [MESSAGE][INFO] - Smart Wait Function is triggered

2021-10-21 14:27:09 - [MESSAGE][INFO] - Found 1 web elements with id: 'Object Repository/Olusturma/Genel/AliciBilgisi/VKN-TCKN' located by 'By.xpath: //*[@id = 'txtVknTckn_I']' in '10' second(s)

2021-10-21 14:27:09 - [MESSAGE][PASSED] - Object 'Object Repository/Olusturma/Genel/AliciBilgisi/VKN-TCKN' is present

2021-10-21 14:27:09 - [TEST_STEP][PASSED] - text = getAttribute(findTestObject("Olusturma/Genel/AliciBilgisi/VKN-TCKN"), "value"): Attribute 'value' of object 'Object Repository/Olusturma/Genel/AliciBilgisi/VKN-TCKN' is: '5324269312'

2021-10-21 14:27:09 - [MESSAGE][INFO] - Finding Test Object 'Object Repository/Olusturma/Genel/AliciBilgisi/VKN-TCKN'

2021-10-21 14:27:10 - [MESSAGE][INFO] - Checking object

2021-10-21 14:27:10 - [MESSAGE][INFO] - Checking attribute

2021-10-21 14:27:10 - [MESSAGE][INFO] - Finding web element from Test Object's properties

2021-10-21 14:27:10 - [MESSAGE][INFO] - Checking timeout

2021-10-21 14:27:10 - [MESSAGE][INFO] - Finding web element with id: 'Object Repository/Olusturma/Genel/AliciBilgisi/VKN-TCKN' located by 'By.xpath: //*[@id = 'txtVknTckn_I']' in '30' second(s)

2021-10-21 14:27:10 - [MESSAGE][INFO] - Smart Wait Function is triggered

2021-10-21 14:27:10 - [MESSAGE][INFO] - Found 1 web elements with id: 'Object Repository/Olusturma/Genel/AliciBilgisi/VKN-TCKN' located by 'By.xpath: //*[@id = 'txtVknTckn_I']' in '30' second(s)

2021-10-21 14:27:10 - [MESSAGE][INFO] - Getting attribute 'value' of object 'Object Repository/Olusturma/Genel/AliciBilgisi/VKN-TCKN'

2021-10-21 14:27:10 - [MESSAGE][PASSED] - Attribute 'value' of object 'Object Repository/Olusturma/Genel/AliciBilgisi/VKN-TCKN' is: '5324269312'

2021-10-21 14:27:10 - [TEST_STEP][PASSED] - if (text.equals("")): null

2021-10-21 14:27:10 - [MESSAGE][PASSED] - Call Test Case 'Test Cases/Olusturma/Genel/AliciSecilir' successfully

2021-10-21 14:27:10 - [MESSAGE][INFO] - Checking called Test Case

2021-10-21 14:27:10 - [MESSAGE][INFO] - Starting to call Test Case 'Test Cases/Olusturma/Genel/GonderimSekliSecilir'

2021-10-21 14:27:10 - [TEST_CASE][PASSED] - Test Cases/Olusturma/Genel/GonderimSekliSecilir: Test Cases/Olusturma/Genel/GonderimSekliSecilir

2021-10-21 14:27:11 - [TEST_STEP][PASSED] - waitForElementClickable(findTestObject("Object Repository/Olusturma/Genel/GonderimSekli/GonderimSekli"), 10): Object 'Object Repository/Olusturma/Genel/GonderimSekli/GonderimSekli' is clickable

2021-10-21 14:27:11 - [MESSAGE][INFO] - Finding Test Object 'Object Repository/Olusturma/Genel/GonderimSekli/GonderimSekli'

2021-10-21 14:27:11 - [MESSAGE][INFO] - Checking object

2021-10-21 14:27:11 - [MESSAGE][INFO] - Checking timeout

2021-10-21 14:27:11 - [MESSAGE][INFO] - Finding web element from Test Object's properties

2021-10-21 14:27:11 - [MESSAGE][INFO] - Checking timeout

2021-10-21 14:27:11 - [MESSAGE][INFO] - Finding web element with id: 'Object Repository/Olusturma/Genel/GonderimSekli/GonderimSekli' located by 'By.xpath: //*[@id = 'txtGonderimSekil_I']' in '10' second(s)

2021-10-21 14:27:11 - [MESSAGE][INFO] - Smart Wait Function is triggered

2021-10-21 14:27:11 - [MESSAGE][INFO] - Found 1 web elements with id: 'Object Repository/Olusturma/Genel/GonderimSekli/GonderimSekli' located by 'By.xpath: //*[@id = 'txtGonderimSekil_I']' in '10' second(s)

2021-10-21 14:27:11 - [MESSAGE][PASSED] - Object 'Object Repository/Olusturma/Genel/GonderimSekli/GonderimSekli' is clickable

2021-10-21 14:27:11 - [TEST_STEP][PASSED] - click(findTestObject("Object Repository/Olusturma/Genel/GonderimSekli/GonderimSekli")): Object: 'Object Repository/Olusturma/Genel/GonderimSekli/GonderimSekli' is clicked on

2021-10-21 14:27:11 - [MESSAGE][INFO] - Finding Test Object 'Object Repository/Olusturma/Genel/GonderimSekli/GonderimSekli'

2021-10-21 14:27:11 - [MESSAGE][INFO] - Checking object

2021-10-21 14:27:11 - [MESSAGE][INFO] - Finding web element from Test Object's properties

2021-10-21 14:27:11 - [MESSAGE][INFO] - Checking timeout

2021-10-21 14:27:11 - [MESSAGE][INFO] - Finding web element with id: 'Object Repository/Olusturma/Genel/GonderimSekli/GonderimSekli' located by 'By.xpath: //*[@id = 'txtGonderimSekil_I']' in '30' second(s)

2021-10-21 14:27:11 - [MESSAGE][INFO] - Smart Wait Function is triggered

2021-10-21 14:27:11 - [MESSAGE][INFO] - Found 1 web elements with id: 'Object Repository/Olusturma/Genel/GonderimSekli/GonderimSekli' located by 'By.xpath: //*[@id = 'txtGonderimSekil_I']' in '30' second(s)

2021-10-21 14:27:11 - [MESSAGE][INFO] - Clicking on object: 'Object Repository/Olusturma/Genel/GonderimSekli/GonderimSekli'

2021-10-21 14:27:12 - [MESSAGE][PASSED] - Object: 'Object Repository/Olusturma/Genel/GonderimSekli/GonderimSekli' is clicked on

2021-10-21 14:27:12 - [TEST_STEP][PASSED] - Method.TextDegerineEsitElementeTikla(findTestObject("Object Repository/Olusturma/Genel/GonderimSekli/GonderimSekliAdi"), GonderimSekli): Method.TextDegerineEsitElementeTikla is PASSED

2021-10-21 14:27:12 - [MESSAGE][INFO] - Finding Test Object 'Object Repository/Olusturma/Genel/GonderimSekli/GonderimSekliAdi'

2021-10-21 14:27:12 - [MESSAGE][INFO] - Checking timeout

2021-10-21 14:27:12 - [MESSAGE][INFO] - Finding web element with id: 'Object Repository/Olusturma/Genel/GonderimSekli/GonderimSekliAdi' located by 'By.cssSelector: #txtGonderimSekil_DDD_L_LBT td' in '10' second(s)

2021-10-21 14:27:12 - [MESSAGE][INFO] - Smart Wait Function is triggered

2021-10-21 14:27:12 - [MESSAGE][INFO] - Found 2 web elements with id: 'Object Repository/Olusturma/Genel/GonderimSekli/GonderimSekliAdi' located by 'By.cssSelector: #txtGonderimSekil_DDD_L_LBT td' in '10' second(s)

2021-10-21 14:27:12 - [MESSAGE][PASSED] - Method.TextDegerineEsitElementeTikla is PASSED

2021-10-21 14:27:12 - [MESSAGE][PASSED] - Call Test Case 'Test Cases/Olusturma/Genel/GonderimSekliSecilir' successfully

2021-10-21 14:27:12 - [MESSAGE][INFO] - Checking called Test Case

2021-10-21 14:27:12 - [MESSAGE][INFO] - Starting to call Test Case 'Test Cases/Olusturma/Genel/EkleButonunaBasilir'

2021-10-21 14:27:12 - [TEST_CASE][PASSED] - Test Cases/Olusturma/Genel/EkleButonunaBasilir: Test Cases/Olusturma/Genel/EkleButonunaBasilir

2021-10-21 14:27:12 - [TEST_STEP][PASSED] - waitForElementClickable(findTestObject("Object Repository/Olusturma/Genel/Olusturma/Ekle"), 10): Object 'Object Repository/Olusturma/Genel/Olusturma/Ekle' is clickable

2021-10-21 14:27:12 - [MESSAGE][INFO] - Finding Test Object 'Object Repository/Olusturma/Genel/Olusturma/Ekle'

2021-10-21 14:27:12 - [MESSAGE][INFO] - Checking object

2021-10-21 14:27:12 - [MESSAGE][INFO] - Checking timeout

2021-10-21 14:27:12 - [MESSAGE][INFO] - Finding web element from Test Object's properties

2021-10-21 14:27:12 - [MESSAGE][INFO] - Checking timeout

2021-10-21 14:27:12 - [MESSAGE][INFO] - Finding web element with id: 'Object Repository/Olusturma/Genel/Olusturma/Ekle' located by 'By.cssSelector: #divmalhizmet i.fa.fa-plus.fa-lg.text-muted' in '10' second(s)

2021-10-21 14:27:12 - [MESSAGE][INFO] - Smart Wait Function is triggered

2021-10-21 14:27:13 - [MESSAGE][INFO] - Found 1 web elements with id: 'Object Repository/Olusturma/Genel/Olusturma/Ekle' located by 'By.cssSelector: #divmalhizmet i.fa.fa-plus.fa-lg.text-muted' in '10' second(s)

2021-10-21 14:27:13 - [MESSAGE][PASSED] - Object 'Object Repository/Olusturma/Genel/Olusturma/Ekle' is clickable

2021-10-21 14:27:13 - [TEST_STEP][PASSED] - click(findTestObject("Object Repository/Olusturma/Genel/Olusturma/Ekle")): Object: 'Object Repository/Olusturma/Genel/Olusturma/Ekle' is clicked on

2021-10-21 14:27:13 - [MESSAGE][INFO] - Finding Test Object 'Object Repository/Olusturma/Genel/Olusturma/Ekle'

2021-10-21 14:27:13 - [MESSAGE][INFO] - Checking object

2021-10-21 14:27:13 - [MESSAGE][INFO] - Finding web element from Test Object's properties

2021-10-21 14:27:13 - [MESSAGE][INFO] - Checking timeout

2021-10-21 14:27:13 - [MESSAGE][INFO] - Finding web element with id: 'Object Repository/Olusturma/Genel/Olusturma/Ekle' located by 'By.cssSelector: #divmalhizmet i.fa.fa-plus.fa-lg.text-muted' in '30' second(s)

2021-10-21 14:27:13 - [MESSAGE][INFO] - Smart Wait Function is triggered

2021-10-21 14:27:13 - [MESSAGE][INFO] - Found 1 web elements with id: 'Object Repository/Olusturma/Genel/Olusturma/Ekle' located by 'By.cssSelector: #divmalhizmet i.fa.fa-plus.fa-lg.text-muted' in '30' second(s)

2021-10-21 14:27:13 - [MESSAGE][INFO] - Clicking on object: 'Object Repository/Olusturma/Genel/Olusturma/Ekle'

2021-10-21 14:27:13 - [MESSAGE][PASSED] - Object: 'Object Repository/Olusturma/Genel/Olusturma/Ekle' is clicked on

2021-10-21 14:27:13 - [TEST_STEP][PASSED] - waitForElementClickable(findTestObject("Olusturma/Genel/Olusturma/EklenenSatirCarpiImage"), 10): Object 'Object Repository/Olusturma/Genel/Olusturma/EklenenSatirCarpiImage' is clickable

2021-10-21 14:27:13 - [MESSAGE][INFO] - Finding Test Object 'Object Repository/Olusturma/Genel/Olusturma/EklenenSatirCarpiImage'

2021-10-21 14:27:13 - [MESSAGE][INFO] - Checking object

2021-10-21 14:27:13 - [MESSAGE][INFO] - Checking timeout

2021-10-21 14:27:13 - [MESSAGE][INFO] - Finding web element from Test Object's properties

2021-10-21 14:27:13 - [MESSAGE][INFO] - Checking timeout

2021-10-21 14:27:13 - [MESSAGE][INFO] - Finding web element with id: 'Object Repository/Olusturma/Genel/Olusturma/EklenenSatirCarpiImage' located by 'By.cssSelector: .fa.fa-times.fa-lg.text-primary' in '10' second(s)

2021-10-21 14:27:13 - [MESSAGE][INFO] - Smart Wait Function is triggered

2021-10-21 14:27:13 - [MESSAGE][INFO] - Smart Wait Function is triggered

2021-10-21 14:27:14 - [MESSAGE][INFO] - Found 1 web elements with id: 'Object Repository/Olusturma/Genel/Olusturma/EklenenSatirCarpiImage' located by 'By.cssSelector: .fa.fa-times.fa-lg.text-primary' in '10' second(s)

2021-10-21 14:27:14 - [MESSAGE][PASSED] - Object 'Object Repository/Olusturma/Genel/Olusturma/EklenenSatirCarpiImage' is clickable

2021-10-21 14:27:14 - [MESSAGE][PASSED] - Call Test Case 'Test Cases/Olusturma/Genel/EkleButonunaBasilir' successfully

2021-10-21 14:27:14 - [MESSAGE][INFO] - Checking called Test Case

2021-10-21 14:27:14 - [MESSAGE][INFO] - Starting to call Test Case 'Test Cases/Olusturma/Genel/Olusturma'

2021-10-21 14:27:15 - [TEST_CASE][PASSED] - Test Cases/Olusturma/Genel/Olusturma: Test Cases/Olusturma/Genel/Olusturma

2021-10-21 14:27:15 - [TEST_STEP][PASSED] - driver = getWebDriver(): null

2021-10-21 14:27:15 - [TEST_STEP][PASSED] - action = new org.openqa.selenium.interactions.Actions(driver): null

2021-10-21 14:27:15 - [TEST_STEP][PASSED] - baslikElement = <not implemented yet for class: org.codehaus.groovy.ast.expr.EmptyExpression>: null

2021-10-21 14:27:15 - [TEST_STEP][PASSED] - sonElement = <not implemented yet for class: org.codehaus.groovy.ast.expr.EmptyExpression>: null

2021-10-21 14:27:15 - [TEST_STEP][PASSED] - attr = <not implemented yet for class: org.codehaus.groovy.ast.expr.EmptyExpression>: null

2021-10-21 14:27:15 - [TEST_STEP][PASSED] - a = 0: null

2021-10-21 14:27:15 - [TEST_STEP][PASSED] - elements = findWebElements(findTestObject("Object Repository/Olusturma/Genel/Olusturma/TabloBasliklari"), 10): Found 12 web elements with id: 'Object Repository/Olusturma/Genel/Olusturma/TabloBasliklari' located by 'By.cssSelector: div#divmalhizmet .dxgvTable_LECustomTheme td.dxgvHeader_LECustomTheme tr>td:nth-child(1)' in '10' second(s)

2021-10-21 14:27:15 - [MESSAGE][INFO] - Finding Test Object 'Object Repository/Olusturma/Genel/Olusturma/TabloBasliklari'

2021-10-21 14:27:15 - [MESSAGE][INFO] - Checking timeout

2021-10-21 14:27:15 - [MESSAGE][INFO] - Finding web element with id: 'Object Repository/Olusturma/Genel/Olusturma/TabloBasliklari' located by 'By.cssSelector: div#divmalhizmet .dxgvTable_LECustomTheme td.dxgvHeader_LECustomTheme tr>td:nth-child(1)' in '10' second(s)

2021-10-21 14:27:15 - [MESSAGE][INFO] - Smart Wait Function is triggered

2021-10-21 14:27:15 - [MESSAGE][INFO] - Found 12 web elements with id: 'Object Repository/Olusturma/Genel/Olusturma/TabloBasliklari' located by 'By.cssSelector: div#divmalhizmet .dxgvTable_LECustomTheme td.dxgvHeader_LECustomTheme tr>td:nth-child(1)' in '10' second(s)

2021-10-21 14:27:15 - [TEST_STEP][PASSED] - for (def element : elements): null

2021-10-21 14:27:15 - [TEST_STEP][PASSED] - build().perform(): null

2021-10-21 14:27:15 - [TEST_STEP][PASSED] - if (getText().equals(Baslik)): null

2021-10-21 14:27:15 - [TEST_STEP][PASSED] - baslikElement = element.findElement(By.xpath("../../../..")): Smart Wait Function is triggered

2021-10-21 14:27:15 - [MESSAGE][INFO] - Smart Wait Function is triggered

2021-10-21 14:27:15 - [TEST_STEP][PASSED] - attr = baslikElement.getAttribute("id"): null

2021-10-21 14:27:15 - [TEST_STEP][PASSED] - println("girdi ve idsini aldı = " + attr): null

2021-10-21 14:27:15 - [TEST_STEP][PASSED] - break: null

2021-10-21 14:27:15 - [TEST_STEP][PASSED] - countElement = baslikElement.findElements(By.xpath("../td")): Smart Wait Function is triggered

2021-10-21 14:27:15 - [MESSAGE][INFO] - Smart Wait Function is triggered

2021-10-21 14:27:16 - [TEST_STEP][PASSED] - for (def element : countElement): null

2021-10-21 14:27:16 - [TEST_STEP][PASSED] - if (toString().equals(attr.toString())): null

2021-10-21 14:27:16 - [TEST_STEP][PASSED] - (a++): null

2021-10-21 14:27:16 - [TEST_STEP][PASSED] - if (toString().equals(attr.toString())): null

2021-10-21 14:27:16 - [TEST_STEP][PASSED] - break: null

2021-10-21 14:27:16 - [TEST_STEP][PASSED] - son = findWebElement(findTestObject("Object Repository/Olusturma/Genel/Olusturma/EklenenSatir")).findElement(By.xpath("td[@class='dxgvInlineEditCell_LECustomTheme dxgv'][" + a + "]//td[@class='dxic']/input")): Smart Wait Function is triggered

2021-10-21 14:27:16 - [MESSAGE][INFO] - Finding Test Object 'Object Repository/Olusturma/Genel/Olusturma/EklenenSatir'

2021-10-21 14:27:16 - [MESSAGE][INFO] - Finding web element from Test Object's properties

2021-10-21 14:27:16 - [MESSAGE][INFO] - Checking timeout

2021-10-21 14:27:16 - [MESSAGE][INFO] - Finding web element with id: 'Object Repository/Olusturma/Genel/Olusturma/EklenenSatir' located by 'By.cssSelector: #divmalhizmet .dxgvInlineEditRow_LECustomTheme' in '30' second(s)

2021-10-21 14:27:16 - [MESSAGE][INFO] - Smart Wait Function is triggered

2021-10-21 14:27:16 - [MESSAGE][INFO] - Found 1 web elements with id: 'Object Repository/Olusturma/Genel/Olusturma/EklenenSatir' located by 'By.cssSelector: #divmalhizmet .dxgvInlineEditRow_LECustomTheme' in '30' second(s)

2021-10-21 14:27:16 - [MESSAGE][INFO] - Smart Wait Function is triggered

2021-10-21 14:27:16 - [TEST_STEP][PASSED] - if (!(getAttribute("value").contains("Vkn"))): null

2021-10-21 14:27:16 - [TEST_STEP][PASSED] - son.clear(): null

2021-10-21 14:27:16 - [TEST_STEP][PASSED] - son.sendKeys(Deger): null

2021-10-21 14:27:16 - [MESSAGE][PASSED] - Call Test Case 'Test Cases/Olusturma/Genel/Olusturma' successfully

2021-10-21 14:27:16 - [MESSAGE][INFO] - Checking called Test Case

2021-10-21 14:27:16 - [MESSAGE][INFO] - Starting to call Test Case 'Test Cases/Olusturma/Genel/Olusturma'

2021-10-21 14:27:17 - [TEST_CASE][PASSED] - Test Cases/Olusturma/Genel/Olusturma: Test Cases/Olusturma/Genel/Olusturma

2021-10-21 14:27:17 - [TEST_STEP][PASSED] - driver = getWebDriver(): null

2021-10-21 14:27:17 - [TEST_STEP][PASSED] - action = new org.openqa.selenium.interactions.Actions(driver): null

2021-10-21 14:27:17 - [TEST_STEP][PASSED] - baslikElement = <not implemented yet for class: org.codehaus.groovy.ast.expr.EmptyExpression>: null

2021-10-21 14:27:17 - [TEST_STEP][PASSED] - sonElement = <not implemented yet for class: org.codehaus.groovy.ast.expr.EmptyExpression>: null

2021-10-21 14:27:17 - [TEST_STEP][PASSED] - attr = <not implemented yet for class: org.codehaus.groovy.ast.expr.EmptyExpression>: null

2021-10-21 14:27:17 - [TEST_STEP][PASSED] - a = 0: null

2021-10-21 14:27:17 - [TEST_STEP][PASSED] - elements = findWebElements(findTestObject("Object Repository/Olusturma/Genel/Olusturma/TabloBasliklari"), 10): Found 12 web elements with id: 'Object Repository/Olusturma/Genel/Olusturma/TabloBasliklari' located by 'By.cssSelector: div#divmalhizmet .dxgvTable_LECustomTheme td.dxgvHeader_LECustomTheme tr>td:nth-child(1)' in '10' second(s)

2021-10-21 14:27:17 - [MESSAGE][INFO] - Finding Test Object 'Object Repository/Olusturma/Genel/Olusturma/TabloBasliklari'

2021-10-21 14:27:17 - [MESSAGE][INFO] - Checking timeout

2021-10-21 14:27:17 - [MESSAGE][INFO] - Finding web element with id: 'Object Repository/Olusturma/Genel/Olusturma/TabloBasliklari' located by 'By.cssSelector: div#divmalhizmet .dxgvTable_LECustomTheme td.dxgvHeader_LECustomTheme tr>td:nth-child(1)' in '10' second(s)

2021-10-21 14:27:17 - [MESSAGE][INFO] - Smart Wait Function is triggered

2021-10-21 14:27:17 - [MESSAGE][INFO] - Found 12 web elements with id: 'Object Repository/Olusturma/Genel/Olusturma/TabloBasliklari' located by 'By.cssSelector: div#divmalhizmet .dxgvTable_LECustomTheme td.dxgvHeader_LECustomTheme tr>td:nth-child(1)' in '10' second(s)

2021-10-21 14:27:17 - [TEST_STEP][PASSED] - for (def element : elements): null

2021-10-21 14:27:17 - [TEST_STEP][PASSED] - build().perform(): null

2021-10-21 14:27:17 - [TEST_STEP][PASSED] - if (getText().equals(Baslik)): null

2021-10-21 14:27:17 - [TEST_STEP][PASSED] - build().perform(): null

2021-10-21 14:27:17 - [TEST_STEP][PASSED] - if (getText().equals(Baslik)): null

2021-10-21 14:27:17 - [TEST_STEP][PASSED] - baslikElement = element.findElement(By.xpath("../../../..")): Smart Wait Function is triggered

2021-10-21 14:27:17 - [MESSAGE][INFO] - Smart Wait Function is triggered

2021-10-21 14:27:17 - [TEST_STEP][PASSED] - attr = baslikElement.getAttribute("id"): null

2021-10-21 14:27:17 - [TEST_STEP][PASSED] - println("girdi ve idsini aldı = " + attr): null

2021-10-21 14:27:17 - [TEST_STEP][PASSED] - break: null

2021-10-21 14:27:17 - [TEST_STEP][PASSED] - countElement = baslikElement.findElements(By.xpath("../td")): Smart Wait Function is triggered

2021-10-21 14:27:17 - [MESSAGE][INFO] - Smart Wait Function is triggered

2021-10-21 14:27:18 - [TEST_STEP][PASSED] - for (def element : countElement): null

2021-10-21 14:27:18 - [TEST_STEP][PASSED] - if (toString().equals(attr.toString())): null

2021-10-21 14:27:18 - [TEST_STEP][PASSED] - (a++): null

2021-10-21 14:27:18 - [TEST_STEP][PASSED] - if (toString().equals(attr.toString())): null

2021-10-21 14:27:18 - [TEST_STEP][PASSED] - (a++): null

2021-10-21 14:27:18 - [TEST_STEP][PASSED] - if (toString().equals(attr.toString())): null

2021-10-21 14:27:18 - [TEST_STEP][PASSED] - break: null

2021-10-21 14:27:18 - [TEST_STEP][PASSED] - son = findWebElement(findTestObject("Object Repository/Olusturma/Genel/Olusturma/EklenenSatir")).findElement(By.xpath("td[@class='dxgvInlineEditCell_LECustomTheme dxgv'][" + a + "]//td[@class='dxic']/input")): Smart Wait Function is triggered

2021-10-21 14:27:18 - [MESSAGE][INFO] - Finding Test Object 'Object Repository/Olusturma/Genel/Olusturma/EklenenSatir'

2021-10-21 14:27:18 - [MESSAGE][INFO] - Finding web element from Test Object's properties

2021-10-21 14:27:18 - [MESSAGE][INFO] - Checking timeout

2021-10-21 14:27:18 - [MESSAGE][INFO] - Finding web element with id: 'Object Repository/Olusturma/Genel/Olusturma/EklenenSatir' located by 'By.cssSelector: #divmalhizmet .dxgvInlineEditRow_LECustomTheme' in '30' second(s)

2021-10-21 14:27:18 - [MESSAGE][INFO] - Smart Wait Function is triggered

2021-10-21 14:27:18 - [MESSAGE][INFO] - Found 1 web elements with id: 'Object Repository/Olusturma/Genel/Olusturma/EklenenSatir' located by 'By.cssSelector: #divmalhizmet .dxgvInlineEditRow_LECustomTheme' in '30' second(s)

2021-10-21 14:27:18 - [MESSAGE][INFO] - Smart Wait Function is triggered

2021-10-21 14:27:18 - [TEST_STEP][PASSED] - if (!(getAttribute("value").contains("Vkn"))): null

2021-10-21 14:27:18 - [TEST_STEP][PASSED] - son.clear(): null

2021-10-21 14:27:19 - [TEST_STEP][PASSED] - son.sendKeys(Deger): null

2021-10-21 14:27:19 - [MESSAGE][PASSED] - Call Test Case 'Test Cases/Olusturma/Genel/Olusturma' successfully

2021-10-21 14:27:19 - [MESSAGE][INFO] - Checking called Test Case

2021-10-21 14:27:19 - [MESSAGE][INFO] - Starting to call Test Case 'Test Cases/Olusturma/Genel/Olusturma'

2021-10-21 14:27:19 - [TEST_CASE][PASSED] - Test Cases/Olusturma/Genel/Olusturma: Test Cases/Olusturma/Genel/Olusturma

2021-10-21 14:27:19 - [TEST_STEP][PASSED] - driver = getWebDriver(): null

2021-10-21 14:27:19 - [TEST_STEP][PASSED] - action = new org.openqa.selenium.interactions.Actions(driver): null

2021-10-21 14:27:19 - [TEST_STEP][PASSED] - baslikElement = <not implemented yet for class: org.codehaus.groovy.ast.expr.EmptyExpression>: null

2021-10-21 14:27:19 - [TEST_STEP][PASSED] - sonElement = <not implemented yet for class: org.codehaus.groovy.ast.expr.EmptyExpression>: null

2021-10-21 14:27:19 - [TEST_STEP][PASSED] - attr = <not implemented yet for class: org.codehaus.groovy.ast.expr.EmptyExpression>: null

2021-10-21 14:27:19 - [TEST_STEP][PASSED] - a = 0: null

2021-10-21 14:27:19 - [TEST_STEP][PASSED] - elements = findWebElements(findTestObject("Object Repository/Olusturma/Genel/Olusturma/TabloBasliklari"), 10): Found 12 web elements with id: 'Object Repository/Olusturma/Genel/Olusturma/TabloBasliklari' located by 'By.cssSelector: div#divmalhizmet .dxgvTable_LECustomTheme td.dxgvHeader_LECustomTheme tr>td:nth-child(1)' in '10' second(s)

2021-10-21 14:27:19 - [MESSAGE][INFO] - Finding Test Object 'Object Repository/Olusturma/Genel/Olusturma/TabloBasliklari'

2021-10-21 14:27:19 - [MESSAGE][INFO] - Checking timeout

2021-10-21 14:27:19 - [MESSAGE][INFO] - Finding web element with id: 'Object Repository/Olusturma/Genel/Olusturma/TabloBasliklari' located by 'By.cssSelector: div#divmalhizmet .dxgvTable_LECustomTheme td.dxgvHeader_LECustomTheme tr>td:nth-child(1)' in '10' second(s)

2021-10-21 14:27:19 - [MESSAGE][INFO] - Smart Wait Function is triggered

2021-10-21 14:27:19 - [MESSAGE][INFO] - Found 12 web elements with id: 'Object Repository/Olusturma/Genel/Olusturma/TabloBasliklari' located by 'By.cssSelector: div#divmalhizmet .dxgvTable_LECustomTheme td.dxgvHeader_LECustomTheme tr>td:nth-child(1)' in '10' second(s)

2021-10-21 14:27:19 - [TEST_STEP][PASSED] - for (def element : elements): null

2021-10-21 14:27:19 - [TEST_STEP][PASSED] - build().perform(): null

2021-10-21 14:27:19 - [TEST_STEP][PASSED] - if (getText().equals(Baslik)): null

2021-10-21 14:27:19 - [TEST_STEP][PASSED] - build().perform(): null

2021-10-21 14:27:19 - [TEST_STEP][PASSED] - if (getText().equals(Baslik)): null

2021-10-21 14:27:19 - [TEST_STEP][PASSED] - build().perform(): null

2021-10-21 14:27:19 - [TEST_STEP][PASSED] - if (getText().equals(Baslik)): null

2021-10-21 14:27:19 - [TEST_STEP][PASSED] - baslikElement = element.findElement(By.xpath("../../../..")): Smart Wait Function is triggered

2021-10-21 14:27:19 - [MESSAGE][INFO] - Smart Wait Function is triggered

2021-10-21 14:27:20 - [TEST_STEP][PASSED] - attr = baslikElement.getAttribute("id"): null

2021-10-21 14:27:20 - [TEST_STEP][PASSED] - println("girdi ve idsini aldı = " + attr): null

2021-10-21 14:27:20 - [TEST_STEP][PASSED] - break: null

2021-10-21 14:27:20 - [TEST_STEP][PASSED] - countElement = baslikElement.findElements(By.xpath("../td")): Smart Wait Function is triggered

2021-10-21 14:27:20 - [MESSAGE][INFO] - Smart Wait Function is triggered

2021-10-21 14:27:20 - [TEST_STEP][PASSED] - for (def element : countElement): null

2021-10-21 14:27:20 - [TEST_STEP][PASSED] - if (toString().equals(attr.toString())): null

2021-10-21 14:27:20 - [TEST_STEP][PASSED] - (a++): null

2021-10-21 14:27:20 - [TEST_STEP][PASSED] - if (toString().equals(attr.toString())): null

2021-10-21 14:27:20 - [TEST_STEP][PASSED] - (a++): null

2021-10-21 14:27:20 - [TEST_STEP][PASSED] - if (toString().equals(attr.toString())): null

2021-10-21 14:27:20 - [TEST_STEP][PASSED] - (a++): null

2021-10-21 14:27:20 - [TEST_STEP][PASSED] - if (toString().equals(attr.toString())): null

2021-10-21 14:27:20 - [TEST_STEP][PASSED] - break: null

2021-10-21 14:27:20 - [TEST_STEP][PASSED] - son = findWebElement(findTestObject("Object Repository/Olusturma/Genel/Olusturma/EklenenSatir")).findElement(By.xpath("td[@class='dxgvInlineEditCell_LECustomTheme dxgv'][" + a + "]//td[@class='dxic']/input")): Smart Wait Function is triggered

2021-10-21 14:27:20 - [MESSAGE][INFO] - Finding Test Object 'Object Repository/Olusturma/Genel/Olusturma/EklenenSatir'

2021-10-21 14:27:20 - [MESSAGE][INFO] - Finding web element from Test Object's properties

2021-10-21 14:27:20 - [MESSAGE][INFO] - Checking timeout

2021-10-21 14:27:20 - [MESSAGE][INFO] - Finding web element with id: 'Object Repository/Olusturma/Genel/Olusturma/EklenenSatir' located by 'By.cssSelector: #divmalhizmet .dxgvInlineEditRow_LECustomTheme' in '30' second(s)

2021-10-21 14:27:20 - [MESSAGE][INFO] - Smart Wait Function is triggered

2021-10-21 14:27:20 - [MESSAGE][INFO] - Found 1 web elements with id: 'Object Repository/Olusturma/Genel/Olusturma/EklenenSatir' located by 'By.cssSelector: #divmalhizmet .dxgvInlineEditRow_LECustomTheme' in '30' second(s)

2021-10-21 14:27:20 - [MESSAGE][INFO] - Smart Wait Function is triggered

2021-10-21 14:27:21 - [TEST_STEP][PASSED] - if (!(getAttribute("value").contains("Vkn"))): null

2021-10-21 14:27:21 - [TEST_STEP][PASSED] - son.clear(): null

2021-10-21 14:27:21 - [TEST_STEP][PASSED] - son.sendKeys(Deger): null

2021-10-21 14:27:21 - [MESSAGE][PASSED] - Call Test Case 'Test Cases/Olusturma/Genel/Olusturma' successfully

2021-10-21 14:27:21 - [MESSAGE][INFO] - Checking called Test Case

2021-10-21 14:27:21 - [MESSAGE][INFO] - Starting to call Test Case 'Test Cases/Olusturma/Genel/NotGirilir'

2021-10-21 14:27:21 - [TEST_CASE][PASSED] - Test Cases/Olusturma/Genel/NotGirilir: Test Cases/Olusturma/Genel/NotGirilir

2021-10-21 14:27:21 - [TEST_STEP][PASSED] - i = 0: null

2021-10-21 14:27:21 - [TEST_STEP][PASSED] - waitForElementClickable(findTestObject("Olusturma/Genel/Not/Notlar"), 10): Object 'Object Repository/Olusturma/Genel/Not/Notlar' is clickable

2021-10-21 14:27:21 - [MESSAGE][INFO] - Finding Test Object 'Object Repository/Olusturma/Genel/Not/Notlar'

2021-10-21 14:27:21 - [MESSAGE][INFO] - Checking object

2021-10-21 14:27:21 - [MESSAGE][INFO] - Checking timeout

2021-10-21 14:27:21 - [MESSAGE][INFO] - Finding web element from Test Object's properties

2021-10-21 14:27:21 - [MESSAGE][INFO] - Checking timeout

2021-10-21 14:27:21 - [MESSAGE][INFO] - Finding web element with id: 'Object Repository/Olusturma/Genel/Not/Notlar' located by 'By.xpath: //*[@id = 'txtNote_I']' in '10' second(s)

2021-10-21 14:27:21 - [MESSAGE][INFO] - Smart Wait Function is triggered

2021-10-21 14:27:21 - [MESSAGE][INFO] - Found 1 web elements with id: 'Object Repository/Olusturma/Genel/Not/Notlar' located by 'By.xpath: //*[@id = 'txtNote_I']' in '10' second(s)

2021-10-21 14:27:21 - [MESSAGE][PASSED] - Object 'Object Repository/Olusturma/Genel/Not/Notlar' is clickable

2021-10-21 14:27:21 - [TEST_STEP][PASSED] - clearText(findTestObject("Olusturma/Genel/Not/Notlar")): Text of object 'Object Repository/Olusturma/Genel/Not/Notlar' is cleared

2021-10-21 14:27:21 - [MESSAGE][INFO] - Finding Test Object 'Object Repository/Olusturma/Genel/Not/Notlar'

2021-10-21 14:27:21 - [MESSAGE][INFO] - Checking object

2021-10-21 14:27:21 - [MESSAGE][INFO] - Finding web element from Test Object's properties

2021-10-21 14:27:21 - [MESSAGE][INFO] - Checking timeout

2021-10-21 14:27:21 - [MESSAGE][INFO] - Finding web element with id: 'Object Repository/Olusturma/Genel/Not/Notlar' located by 'By.xpath: //*[@id = 'txtNote_I']' in '30' second(s)

2021-10-21 14:27:21 - [MESSAGE][INFO] - Smart Wait Function is triggered

2021-10-21 14:27:22 - [MESSAGE][INFO] - Found 1 web elements with id: 'Object Repository/Olusturma/Genel/Not/Notlar' located by 'By.xpath: //*[@id = 'txtNote_I']' in '30' second(s)

2021-10-21 14:27:22 - [MESSAGE][INFO] - Clearing text of object 'Object Repository/Olusturma/Genel/Not/Notlar'

2021-10-21 14:27:22 - [MESSAGE][PASSED] - Text of object 'Object Repository/Olusturma/Genel/Not/Notlar' is cleared

2021-10-21 14:27:22 - [TEST_STEP][PASSED] - click(findTestObject("Olusturma/Genel/Not/Notlar")): Object: 'Object Repository/Olusturma/Genel/Not/Notlar' is clicked on

2021-10-21 14:27:22 - [MESSAGE][INFO] - Finding Test Object 'Object Repository/Olusturma/Genel/Not/Notlar'

2021-10-21 14:27:22 - [MESSAGE][INFO] - Checking object

2021-10-21 14:27:22 - [MESSAGE][INFO] - Finding web element from Test Object's properties

2021-10-21 14:27:22 - [MESSAGE][INFO] - Checking timeout

2021-10-21 14:27:22 - [MESSAGE][INFO] - Finding web element with id: 'Object Repository/Olusturma/Genel/Not/Notlar' located by 'By.xpath: //*[@id = 'txtNote_I']' in '30' second(s)

2021-10-21 14:27:22 - [MESSAGE][INFO] - Smart Wait Function is triggered

2021-10-21 14:27:22 - [MESSAGE][INFO] - Found 1 web elements with id: 'Object Repository/Olusturma/Genel/Not/Notlar' located by 'By.xpath: //*[@id = 'txtNote_I']' in '30' second(s)

2021-10-21 14:27:22 - [MESSAGE][INFO] - Clicking on object: 'Object Repository/Olusturma/Genel/Not/Notlar'

2021-10-21 14:27:22 - [MESSAGE][PASSED] - Object: 'Object Repository/Olusturma/Genel/Not/Notlar' is clicked on

2021-10-21 14:27:22 - [TEST_STEP][PASSED] - while (true): null

2021-10-21 14:27:22 - [TEST_STEP][PASSED] - delay(1): Delayed 1 second(s)

2021-10-21 14:27:22 - [MESSAGE][INFO] - Delaying browser in 1 second(s)

2021-10-21 14:27:23 - [MESSAGE][PASSED] - Delayed 1 second(s)

2021-10-21 14:27:23 - [TEST_STEP][PASSED] - ajaxIsComplete = executeJavaScript("return jQuery.active == 0", null): Execute JavaScript 'return jQuery.active == 0' successfully

2021-10-21 14:27:23 - [MESSAGE][PASSED] - Execute JavaScript 'return jQuery.active == 0' successfully

2021-10-21 14:27:23 - [TEST_STEP][PASSED] - if (ajaxIsComplete): null

2021-10-21 14:27:23 - [TEST_STEP][PASSED] - break: null

2021-10-21 14:27:23 - [TEST_STEP][PASSED] - sendKeys(findTestObject("Olusturma/Genel/Not/Notlar"), Not): Keys 'Otomasyon Not' sent to object: 'Object Repository/Olusturma/Genel/Not/Notlar'

2021-10-21 14:27:23 - [MESSAGE][INFO] - Finding Test Object 'Object Repository/Olusturma/Genel/Not/Notlar'

2021-10-21 14:27:23 - [MESSAGE][INFO] - Sending keys 'Otomasyon Not' to object: 'Object Repository/Olusturma/Genel/Not/Notlar'

2021-10-21 14:27:23 - [MESSAGE][INFO] - Finding web element from Test Object's properties

2021-10-21 14:27:23 - [MESSAGE][INFO] - Checking timeout

2021-10-21 14:27:23 - [MESSAGE][INFO] - Finding web element with id: 'Object Repository/Olusturma/Genel/Not/Notlar' located by 'By.xpath: //*[@id = 'txtNote_I']' in '30' second(s)

2021-10-21 14:27:23 - [MESSAGE][INFO] - Smart Wait Function is triggered

2021-10-21 14:27:24 - [MESSAGE][INFO] - Found 1 web elements with id: 'Object Repository/Olusturma/Genel/Not/Notlar' located by 'By.xpath: //*[@id = 'txtNote_I']' in '30' second(s)

2021-10-21 14:27:24 - [MESSAGE][PASSED] - Keys 'Otomasyon Not' sent to object: 'Object Repository/Olusturma/Genel/Not/Notlar'

2021-10-21 14:27:24 - [MESSAGE][PASSED] - Call Test Case 'Test Cases/Olusturma/Genel/NotGirilir' successfully

2021-10-21 14:27:24 - [MESSAGE][INFO] - Checking called Test Case

2021-10-21 14:27:24 - [MESSAGE][INFO] - Starting to call Test Case 'Test Cases/Olusturma/Genel/EttnBilgisiKayitEdilir'

2021-10-21 14:27:24 - [TEST_CASE][PASSED] - Test Cases/Olusturma/Genel/EttnBilgisiKayitEdilir: Test Cases/Olusturma/Genel/EttnBilgisiKayitEdilir

2021-10-21 14:27:24 - [TEST_STEP][PASSED] - verifyElementPresent(findTestObject("Object Repository/Olusturma/Genel/Olusturma/eArsivEttnBilgisi"), 7): Object 'Object Repository/Olusturma/Genel/Olusturma/eArsivEttnBilgisi' is present

2021-10-21 14:27:24 - [MESSAGE][INFO] - Finding Test Object 'Object Repository/Olusturma/Genel/Olusturma/eArsivEttnBilgisi'

2021-10-21 14:27:24 - [MESSAGE][INFO] - Checking object

2021-10-21 14:27:24 - [MESSAGE][INFO] - Finding web element from Test Object's properties

2021-10-21 14:27:24 - [MESSAGE][INFO] - Checking timeout

2021-10-21 14:27:24 - [MESSAGE][INFO] - Finding web element with id: 'Object Repository/Olusturma/Genel/Olusturma/eArsivEttnBilgisi' located by 'By.xpath: //*[@id = 'Uuid_I']' in '7' second(s)

2021-10-21 14:27:24 - [MESSAGE][INFO] - Smart Wait Function is triggered

2021-10-21 14:27:24 - [MESSAGE][INFO] - Found 1 web elements with id: 'Object Repository/Olusturma/Genel/Olusturma/eArsivEttnBilgisi' located by 'By.xpath: //*[@id = 'Uuid_I']' in '7' second(s)

2021-10-21 14:27:24 - [MESSAGE][PASSED] - Object 'Object Repository/Olusturma/Genel/Olusturma/eArsivEttnBilgisi' is present

2021-10-21 14:27:24 - [TEST_STEP][PASSED] - ettn = getAttribute(findTestObject("Object Repository/Olusturma/Genel/Olusturma/eArsivEttnBilgisi"), "value"): Attribute 'value' of object 'Object Repository/Olusturma/Genel/Olusturma/eArsivEttnBilgisi' is: '141a9c6f-eccb-4380-8f0b-c50747fcb4b5'

2021-10-21 14:27:24 - [MESSAGE][INFO] - Finding Test Object 'Object Repository/Olusturma/Genel/Olusturma/eArsivEttnBilgisi'

2021-10-21 14:27:24 - [MESSAGE][INFO] - Checking object

2021-10-21 14:27:24 - [MESSAGE][INFO] - Checking attribute

2021-10-21 14:27:24 - [MESSAGE][INFO] - Finding web element from Test Object's properties

2021-10-21 14:27:24 - [MESSAGE][INFO] - Checking timeout

2021-10-21 14:27:24 - [MESSAGE][INFO] - Finding web element with id: 'Object Repository/Olusturma/Genel/Olusturma/eArsivEttnBilgisi' located by 'By.xpath: //*[@id = 'Uuid_I']' in '30' second(s)

2021-10-21 14:27:24 - [MESSAGE][INFO] - Smart Wait Function is triggered

2021-10-21 14:27:25 - [MESSAGE][INFO] - Found 1 web elements with id: 'Object Repository/Olusturma/Genel/Olusturma/eArsivEttnBilgisi' located by 'By.xpath: //*[@id = 'Uuid_I']' in '30' second(s)

2021-10-21 14:27:25 - [MESSAGE][INFO] - Getting attribute 'value' of object 'Object Repository/Olusturma/Genel/Olusturma/eArsivEttnBilgisi'

2021-10-21 14:27:25 - [MESSAGE][PASSED] - Attribute 'value' of object 'Object Repository/Olusturma/Genel/Olusturma/eArsivEttnBilgisi' is: '141a9c6f-eccb-4380-8f0b-c50747fcb4b5'

2021-10-21 14:27:25 - [MESSAGE][PASSED] - Call Test Case 'Test Cases/Olusturma/Genel/EttnBilgisiKayitEdilir' successfully

2021-10-21 14:27:25 - [MESSAGE][INFO] - Checking called Test Case

2021-10-21 14:27:25 - [MESSAGE][INFO] - Starting to call Test Case 'Test Cases/Olusturma/Genel/KaydetButonunaTiklanir'

2021-10-21 14:27:25 - [TEST_CASE][PASSED] - Test Cases/Olusturma/Genel/KaydetButonunaTiklanir: Test Cases/Olusturma/Genel/KaydetButonunaTiklanir

2021-10-21 14:27:25 - [TEST_STEP][PASSED] - i = 0: null

2021-10-21 14:27:25 - [TEST_STEP][PASSED] - waitForElementPresent(findTestObject("Olusturma/Genel/Not/Notlar"), 10): Object 'Object Repository/Olusturma/Genel/Not/Notlar' is present

2021-10-21 14:27:25 - [MESSAGE][INFO] - Finding Test Object 'Object Repository/Olusturma/Genel/Not/Notlar'

2021-10-21 14:27:25 - [MESSAGE][INFO] - Checking object

2021-10-21 14:27:25 - [MESSAGE][INFO] - Finding web element from Test Object's properties

2021-10-21 14:27:25 - [MESSAGE][INFO] - Checking timeout

2021-10-21 14:27:25 - [MESSAGE][INFO] - Finding web element with id: 'Object Repository/Olusturma/Genel/Not/Notlar' located by 'By.xpath: //*[@id = 'txtNote_I']' in '10' second(s)

2021-10-21 14:27:25 - [MESSAGE][INFO] - Smart Wait Function is triggered

2021-10-21 14:27:25 - [MESSAGE][INFO] - Found 1 web elements with id: 'Object Repository/Olusturma/Genel/Not/Notlar' located by 'By.xpath: //*[@id = 'txtNote_I']' in '10' second(s)

2021-10-21 14:27:25 - [MESSAGE][PASSED] - Object 'Object Repository/Olusturma/Genel/Not/Notlar' is present

2021-10-21 14:27:25 - [TEST_STEP][PASSED] - click(findTestObject("Olusturma/Genel/Not/Notlar")): Object: 'Object Repository/Olusturma/Genel/Not/Notlar' is clicked on

2021-10-21 14:27:25 - [MESSAGE][INFO] - Finding Test Object 'Object Repository/Olusturma/Genel/Not/Notlar'

2021-10-21 14:27:25 - [MESSAGE][INFO] - Checking object

2021-10-21 14:27:25 - [MESSAGE][INFO] - Finding web element from Test Object's properties

2021-10-21 14:27:25 - [MESSAGE][INFO] - Checking timeout

2021-10-21 14:27:25 - [MESSAGE][INFO] - Finding web element with id: 'Object Repository/Olusturma/Genel/Not/Notlar' located by 'By.xpath: //*[@id = 'txtNote_I']' in '30' second(s)

2021-10-21 14:27:25 - [MESSAGE][INFO] - Smart Wait Function is triggered

2021-10-21 14:27:25 - [MESSAGE][INFO] - Found 1 web elements with id: 'Object Repository/Olusturma/Genel/Not/Notlar' located by 'By.xpath: //*[@id = 'txtNote_I']' in '30' second(s)

2021-10-21 14:27:25 - [MESSAGE][INFO] - Clicking on object: 'Object Repository/Olusturma/Genel/Not/Notlar'

2021-10-21 14:27:26 - [MESSAGE][PASSED] - Object: 'Object Repository/Olusturma/Genel/Not/Notlar' is clicked on

2021-10-21 14:27:26 - [TEST_STEP][PASSED] - while (true): null

2021-10-21 14:27:26 - [TEST_STEP][PASSED] - delay(1): Delayed 1 second(s)

2021-10-21 14:27:26 - [MESSAGE][INFO] - Delaying browser in 1 second(s)

2021-10-21 14:27:27 - [MESSAGE][PASSED] - Delayed 1 second(s)

2021-10-21 14:27:27 - [TEST_STEP][PASSED] - ajaxIsComplete = executeJavaScript("return jQuery.active == 0", null): Execute JavaScript 'return jQuery.active == 0' successfully

2021-10-21 14:27:27 - [MESSAGE][PASSED] - Execute JavaScript 'return jQuery.active == 0' successfully

2021-10-21 14:27:27 - [TEST_STEP][PASSED] - if (ajaxIsComplete): null

2021-10-21 14:27:27 - [TEST_STEP][PASSED] - break: null

2021-10-21 14:27:27 - [TEST_STEP][PASSED] - waitForElementClickable(findTestObject("Object Repository/Olusturma/Genel/Buton"), 10): Object 'Object Repository/Olusturma/Genel/Buton' is clickable

2021-10-21 14:27:27 - [MESSAGE][INFO] - Finding Test Object 'Object Repository/Olusturma/Genel/Buton'

2021-10-21 14:27:27 - [MESSAGE][INFO] - Checking object

2021-10-21 14:27:27 - [MESSAGE][INFO] - Checking timeout

2021-10-21 14:27:27 - [MESSAGE][INFO] - Finding web element from Test Object's properties

2021-10-21 14:27:27 - [MESSAGE][INFO] - Checking timeout

2021-10-21 14:27:27 - [MESSAGE][INFO] - Finding web element with id: 'Object Repository/Olusturma/Genel/Buton' located by 'By.xpath: //*[@id = 'btnKaydet']' in '10' second(s)

2021-10-21 14:27:27 - [MESSAGE][INFO] - Smart Wait Function is triggered

2021-10-21 14:27:27 - [MESSAGE][INFO] - Found 1 web elements with id: 'Object Repository/Olusturma/Genel/Buton' located by 'By.xpath: //*[@id = 'btnKaydet']' in '10' second(s)

2021-10-21 14:27:27 - [MESSAGE][PASSED] - Object 'Object Repository/Olusturma/Genel/Buton' is clickable

2021-10-21 14:27:27 - [TEST_STEP][PASSED] - click(findTestObject("Object Repository/Olusturma/Genel/Buton")): Object: 'Object Repository/Olusturma/Genel/Buton' is clicked on

2021-10-21 14:27:27 - [MESSAGE][INFO] - Finding Test Object 'Object Repository/Olusturma/Genel/Buton'

2021-10-21 14:27:27 - [MESSAGE][INFO] - Checking object

2021-10-21 14:27:27 - [MESSAGE][INFO] - Finding web element from Test Object's properties

2021-10-21 14:27:27 - [MESSAGE][INFO] - Checking timeout

2021-10-21 14:27:27 - [MESSAGE][INFO] - Finding web element with id: 'Object Repository/Olusturma/Genel/Buton' located by 'By.xpath: //*[@id = 'btnKaydet']' in '30' second(s)

2021-10-21 14:27:27 - [MESSAGE][INFO] - Smart Wait Function is triggered

2021-10-21 14:27:27 - [MESSAGE][INFO] - Found 1 web elements with id: 'Object Repository/Olusturma/Genel/Buton' located by 'By.xpath: //*[@id = 'btnKaydet']' in '30' second(s)

2021-10-21 14:27:27 - [MESSAGE][INFO] - Clicking on object: 'Object Repository/Olusturma/Genel/Buton'

2021-10-21 14:27:28 - [MESSAGE][PASSED] - Object: 'Object Repository/Olusturma/Genel/Buton' is clicked on

2021-10-21 14:27:28 - [MESSAGE][PASSED] - Call Test Case 'Test Cases/Olusturma/Genel/KaydetButonunaTiklanir' successfully

2021-10-21 14:27:29 - [MESSAGE][INFO] - Checking called Test Case

2021-10-21 14:27:29 - [MESSAGE][INFO] - Starting to call Test Case 'Test Cases/Tablo/TablodaUnvanliVeriOlusturulduMu'

2021-10-21 14:27:29 - [TEST_CASE][PASSED] - Test Cases/Tablo/TablodaUnvanliVeriOlusturulduMu: Test Cases/Tablo/TablodaUnvanliVeriOlusturulduMu

2021-10-21 14:27:29 - [TEST_STEP][PASSED] - waitForElementVisible(findTestObject("Tablo/OlusturulanVeri"), 10, STOP_ON_FAILURE): Object 'Object Repository/Tablo/OlusturulanVeri' is visible

2021-10-21 14:27:29 - [MESSAGE][INFO] - Finding Test Object 'Object Repository/Tablo/OlusturulanVeri'

2021-10-21 14:27:29 - [MESSAGE][INFO] - Checking object

2021-10-21 14:27:29 - [MESSAGE][INFO] - Checking timeout

2021-10-21 14:27:29 - [MESSAGE][INFO] - Finding web element from Test Object's properties

2021-10-21 14:27:29 - [MESSAGE][INFO] - Checking timeout

2021-10-21 14:27:29 - [MESSAGE][INFO] - Finding web element with id: 'Object Repository/Tablo/OlusturulanVeri' located by 'By.cssSelector: table.dxgvTable_LECustomTheme>tbody>tr:nth-child(3)>td.dxgv b,table.dxgvTable_LECustomTheme>tbody>tr:nth-child(3)>td.dxgv' in '10' second(s)

2021-10-21 14:27:29 - [MESSAGE][INFO] - Smart Wait Function is triggered

2021-10-21 14:27:29 - [MESSAGE][INFO] - Found 11 web elements with id: 'Object Repository/Tablo/OlusturulanVeri' located by 'By.cssSelector: table.dxgvTable_LECustomTheme>tbody>tr:nth-child(3)>td.dxgv b,table.dxgvTable_LECustomTheme>tbody>tr:nth-child(3)>td.dxgv' in '10' second(s)

2021-10-21 14:27:29 - [MESSAGE][PASSED] - Object 'Object Repository/Tablo/OlusturulanVeri' is visible

2021-10-21 14:27:29 - [TEST_STEP][PASSED] - Method.TextDegerineEsitElementVarMi(findTestObject("Tablo/OlusturulanVeri"), Unvan): Method.TextDegerineEsitElementVarMi is PASSED

2021-10-21 14:27:29 - [MESSAGE][INFO] - Finding Test Object 'Object Repository/Tablo/OlusturulanVeri'

2021-10-21 14:27:29 - [MESSAGE][INFO] - Checking timeout

2021-10-21 14:27:29 - [MESSAGE][INFO] - Finding web element with id: 'Object Repository/Tablo/OlusturulanVeri' located by 'By.cssSelector: table.dxgvTable_LECustomTheme>tbody>tr:nth-child(3)>td.dxgv b,table.dxgvTable_LECustomTheme>tbody>tr:nth-child(3)>td.dxgv' in '10' second(s)

2021-10-21 14:27:29 - [MESSAGE][INFO] - Smart Wait Function is triggered

2021-10-21 14:27:29 - [MESSAGE][INFO] - Found 11 web elements with id: 'Object Repository/Tablo/OlusturulanVeri' located by 'By.cssSelector: table.dxgvTable_LECustomTheme>tbody>tr:nth-child(3)>td.dxgv b,table.dxgvTable_LECustomTheme>tbody>tr:nth-child(3)>td.dxgv' in '10' second(s)

2021-10-21 14:27:29 - [MESSAGE][PASSED] - Method.TextDegerineEsitElementVarMi is PASSED

2021-10-21 14:27:29 - [MESSAGE][PASSED] - Call Test Case 'Test Cases/Tablo/TablodaUnvanliVeriOlusturulduMu' successfully

2021-10-21 14:27:29 - [MESSAGE][INFO] - Checking called Test Case

2021-10-21 14:27:29 - [MESSAGE][INFO] - Starting to call Test Case 'Test Cases/Tablo/TablodanVeriSec'

2021-10-21 14:27:30 - [TEST_CASE][PASSED] - Test Cases/Tablo/TablodanVeriSec: Test Cases/Tablo/TablodanVeriSec

2021-10-21 14:27:30 - [TEST_STEP][PASSED] - Method.TextDegerineEsitElementinAltindakineTikla(findTestObject("Tablo/Veriler"), findTestObject("Tablo/VerininCheckBoxi"), Veri_Adi): Method.TextDegerineEsitElementinAltindakineTikla is PASSED

2021-10-21 14:27:30 - [MESSAGE][INFO] - Finding Test Object 'Object Repository/Tablo/Veriler'

2021-10-21 14:27:30 - [MESSAGE][INFO] - Finding Test Object 'Object Repository/Tablo/VerininCheckBoxi'

2021-10-21 14:27:30 - [MESSAGE][INFO] - Checking timeout

2021-10-21 14:27:30 - [MESSAGE][INFO] - Finding web element with id: 'Object Repository/Tablo/Veriler' located by 'By.cssSelector: td.dxgv b ,td.dxgv' in '10' second(s)

2021-10-21 14:27:30 - [MESSAGE][INFO] - Smart Wait Function is triggered

2021-10-21 14:27:30 - [MESSAGE][INFO] - Found 88 web elements with id: 'Object Repository/Tablo/Veriler' located by 'By.cssSelector: td.dxgv b ,td.dxgv' in '10' second(s)

2021-10-21 14:27:30 - [MESSAGE][INFO] - Smart Wait Function is triggered

2021-10-21 14:27:30 - [MESSAGE][PASSED] - Method.TextDegerineEsitElementinAltindakineTikla is PASSED

2021-10-21 14:27:30 - [MESSAGE][PASSED] - Call Test Case 'Test Cases/Tablo/TablodanVeriSec' successfully

2021-10-21 14:27:30 - [MESSAGE][INFO] - Checking called Test Case

2021-10-21 14:27:30 - [MESSAGE][INFO] - Starting to call Test Case 'Test Cases/Butonlar/ButonaTikla'

2021-10-21 14:27:30 - [TEST_CASE][PASSED] - Test Cases/Butonlar/ButonaTikla: Test Cases/Butonlar/ButonaTikla

2021-10-21 14:27:30 - [TEST_STEP][PASSED] - Method.TextDegerineEsitElementeTiklaEquals(findTestObject("Butonlar/Butonlar"), Buton_Adi): Method.TextDegerineEsitElementeTiklaEquals is PASSED

2021-10-21 14:27:30 - [MESSAGE][INFO] - Finding Test Object 'Object Repository/Butonlar/Butonlar'

2021-10-21 14:27:30 - [MESSAGE][INFO] - Checking timeout

2021-10-21 14:27:30 - [MESSAGE][INFO] - Finding web element with id: 'Object Repository/Butonlar/Butonlar' located by 'By.cssSelector: .panel.panel-default.text-center.footerPanel .btn,.btn.btn-primary.btnControls' in '10' second(s)

2021-10-21 14:27:30 - [MESSAGE][INFO] - Smart Wait Function is triggered

2021-10-21 14:27:31 - [MESSAGE][INFO] - Found 7 web elements with id: 'Object Repository/Butonlar/Butonlar' located by 'By.cssSelector: .panel.panel-default.text-center.footerPanel .btn,.btn.btn-primary.btnControls' in '10' second(s)

2021-10-21 14:27:34 - [MESSAGE][PASSED] - Method.TextDegerineEsitElementeTiklaEquals is PASSED

2021-10-21 14:27:34 - [MESSAGE][PASSED] - Call Test Case 'Test Cases/Butonlar/ButonaTikla' successfully

2021-10-21 14:27:34 - [MESSAGE][INFO] - Checking called Test Case

2021-10-21 14:27:34 - [MESSAGE][INFO] - Starting to call Test Case 'Test Cases/Olusturma/Genel/GorselTasarimSayfasıBasligiIceriyorMu'

2021-10-21 14:27:34 - [TEST_CASE][PASSED] - Test Cases/Olusturma/Genel/GorselTasarimSayfasıBasligiIceriyorMu: Test Cases/Olusturma/Genel/GorselTasarimSayfasıBasligiIceriyorMu

2021-10-21 14:27:34 - [TEST_STEP][PASSED] - verifyElementText(findTestObject("Object Repository/Olusturma/Genel/GorselTasarimBaslik"), Baslik): Actual text and expected text of test object 'Object Repository/Olusturma/Genel/GorselTasarimBaslik' are matched.

2021-10-21 14:27:34 - [MESSAGE][INFO] - Finding Test Object 'Object Repository/Olusturma/Genel/GorselTasarimBaslik'

2021-10-21 14:27:34 - [MESSAGE][INFO] - Checking object

2021-10-21 14:27:34 - [MESSAGE][INFO] - Finding web element from Test Object's properties

2021-10-21 14:27:34 - [MESSAGE][INFO] - Checking timeout

2021-10-21 14:27:34 - [MESSAGE][INFO] - Finding web element with id: 'Object Repository/Olusturma/Genel/GorselTasarimBaslik' located by 'By.cssSelector: #flAlici_0>div>span' in '30' second(s)

2021-10-21 14:27:34 - [MESSAGE][INFO] - Smart Wait Function is triggered

2021-10-21 14:27:34 - [MESSAGE][INFO] - Found 1 web elements with id: 'Object Repository/Olusturma/Genel/GorselTasarimBaslik' located by 'By.cssSelector: #flAlici_0>div>span' in '30' second(s)

2021-10-21 14:27:34 - [MESSAGE][PASSED] - Actual text and expected text of test object 'Object Repository/Olusturma/Genel/GorselTasarimBaslik' are matched.

2021-10-21 14:27:34 - [MESSAGE][PASSED] - Call Test Case 'Test Cases/Olusturma/Genel/GorselTasarimSayfasıBasligiIceriyorMu' successfully

2021-10-21 14:27:34 - [MESSAGE][INFO] - Checking called Test Case

2021-10-21 14:27:34 - [MESSAGE][INFO] - Starting to call Test Case 'Test Cases/Olusturma/Genel/NotGirilir'

2021-10-21 14:27:34 - [TEST_CASE][PASSED] - Test Cases/Olusturma/Genel/NotGirilir: Test Cases/Olusturma/Genel/NotGirilir

2021-10-21 14:27:34 - [TEST_STEP][PASSED] - i = 0: null

2021-10-21 14:27:34 - [TEST_STEP][PASSED] - waitForElementClickable(findTestObject("Olusturma/Genel/Not/Notlar"), 10): Object 'Object Repository/Olusturma/Genel/Not/Notlar' is clickable

2021-10-21 14:27:34 - [MESSAGE][INFO] - Finding Test Object 'Object Repository/Olusturma/Genel/Not/Notlar'

2021-10-21 14:27:34 - [MESSAGE][INFO] - Checking object

2021-10-21 14:27:34 - [MESSAGE][INFO] - Checking timeout

2021-10-21 14:27:34 - [MESSAGE][INFO] - Finding web element from Test Object's properties

2021-10-21 14:27:34 - [MESSAGE][INFO] - Checking timeout

2021-10-21 14:27:34 - [MESSAGE][INFO] - Finding web element with id: 'Object Repository/Olusturma/Genel/Not/Notlar' located by 'By.xpath: //*[@id = 'txtNote_I']' in '10' second(s)

2021-10-21 14:27:34 - [MESSAGE][INFO] - Smart Wait Function is triggered

2021-10-21 14:27:35 - [MESSAGE][INFO] - Found 1 web elements with id: 'Object Repository/Olusturma/Genel/Not/Notlar' located by 'By.xpath: //*[@id = 'txtNote_I']' in '10' second(s)

2021-10-21 14:27:35 - [MESSAGE][PASSED] - Object 'Object Repository/Olusturma/Genel/Not/Notlar' is clickable

2021-10-21 14:27:35 - [TEST_STEP][PASSED] - clearText(findTestObject("Olusturma/Genel/Not/Notlar")): Text of object 'Object Repository/Olusturma/Genel/Not/Notlar' is cleared

2021-10-21 14:27:35 - [MESSAGE][INFO] - Finding Test Object 'Object Repository/Olusturma/Genel/Not/Notlar'

2021-10-21 14:27:35 - [MESSAGE][INFO] - Checking object

2021-10-21 14:27:35 - [MESSAGE][INFO] - Finding web element from Test Object's properties

2021-10-21 14:27:35 - [MESSAGE][INFO] - Checking timeout

2021-10-21 14:27:35 - [MESSAGE][INFO] - Finding web element with id: 'Object Repository/Olusturma/Genel/Not/Notlar' located by 'By.xpath: //*[@id = 'txtNote_I']' in '30' second(s)

2021-10-21 14:27:35 - [MESSAGE][INFO] - Smart Wait Function is triggered

2021-10-21 14:27:35 - [MESSAGE][INFO] - Found 1 web elements with id: 'Object Repository/Olusturma/Genel/Not/Notlar' located by 'By.xpath: //*[@id = 'txtNote_I']' in '30' second(s)

2021-10-21 14:27:35 - [MESSAGE][INFO] - Clearing text of object 'Object Repository/Olusturma/Genel/Not/Notlar'

2021-10-21 14:27:35 - [MESSAGE][PASSED] - Text of object 'Object Repository/Olusturma/Genel/Not/Notlar' is cleared

2021-10-21 14:27:35 - [TEST_STEP][PASSED] - click(findTestObject("Olusturma/Genel/Not/Notlar")): Object: 'Object Repository/Olusturma/Genel/Not/Notlar' is clicked on

2021-10-21 14:27:35 - [MESSAGE][INFO] - Finding Test Object 'Object Repository/Olusturma/Genel/Not/Notlar'

2021-10-21 14:27:35 - [MESSAGE][INFO] - Checking object

2021-10-21 14:27:35 - [MESSAGE][INFO] - Finding web element from Test Object's properties

2021-10-21 14:27:35 - [MESSAGE][INFO] - Checking timeout

2021-10-21 14:27:35 - [MESSAGE][INFO] - Finding web element with id: 'Object Repository/Olusturma/Genel/Not/Notlar' located by 'By.xpath: //*[@id = 'txtNote_I']' in '30' second(s)

2021-10-21 14:27:35 - [MESSAGE][INFO] - Smart Wait Function is triggered

2021-10-21 14:27:35 - [MESSAGE][INFO] - Found 1 web elements with id: 'Object Repository/Olusturma/Genel/Not/Notlar' located by 'By.xpath: //*[@id = 'txtNote_I']' in '30' second(s)

2021-10-21 14:27:35 - [MESSAGE][INFO] - Clicking on object: 'Object Repository/Olusturma/Genel/Not/Notlar'

2021-10-21 14:27:35 - [MESSAGE][PASSED] - Object: 'Object Repository/Olusturma/Genel/Not/Notlar' is clicked on

2021-10-21 14:27:35 - [TEST_STEP][PASSED] - while (true): null

2021-10-21 14:27:35 - [TEST_STEP][PASSED] - delay(1): Delayed 1 second(s)

2021-10-21 14:27:35 - [MESSAGE][INFO] - Delaying browser in 1 second(s)

2021-10-21 14:27:36 - [MESSAGE][PASSED] - Delayed 1 second(s)

2021-10-21 14:27:36 - [TEST_STEP][PASSED] - ajaxIsComplete = executeJavaScript("return jQuery.active == 0", null): Execute JavaScript 'return jQuery.active == 0' successfully

2021-10-21 14:27:37 - [MESSAGE][PASSED] - Execute JavaScript 'return jQuery.active == 0' successfully

2021-10-21 14:27:37 - [TEST_STEP][PASSED] - if (ajaxIsComplete): null

2021-10-21 14:27:37 - [TEST_STEP][PASSED] - break: null

2021-10-21 14:27:37 - [TEST_STEP][PASSED] - sendKeys(findTestObject("Olusturma/Genel/Not/Notlar"), Not): Keys 'Otomasyon Not Değiştir' sent to object: 'Object Repository/Olusturma/Genel/Not/Notlar'

2021-10-21 14:27:37 - [MESSAGE][INFO] - Finding Test Object 'Object Repository/Olusturma/Genel/Not/Notlar'

2021-10-21 14:27:37 - [MESSAGE][INFO] - Sending keys 'Otomasyon Not Değiştir' to object: 'Object Repository/Olusturma/Genel/Not/Notlar'

2021-10-21 14:27:37 - [MESSAGE][INFO] - Finding web element from Test Object's properties

2021-10-21 14:27:37 - [MESSAGE][INFO] - Checking timeout

2021-10-21 14:27:37 - [MESSAGE][INFO] - Finding web element with id: 'Object Repository/Olusturma/Genel/Not/Notlar' located by 'By.xpath: //*[@id = 'txtNote_I']' in '30' second(s)

2021-10-21 14:27:37 - [MESSAGE][INFO] - Smart Wait Function is triggered

2021-10-21 14:27:37 - [MESSAGE][INFO] - Found 1 web elements with id: 'Object Repository/Olusturma/Genel/Not/Notlar' located by 'By.xpath: //*[@id = 'txtNote_I']' in '30' second(s)

2021-10-21 14:27:37 - [MESSAGE][PASSED] - Keys 'Otomasyon Not Değiştir' sent to object: 'Object Repository/Olusturma/Genel/Not/Notlar'

2021-10-21 14:27:37 - [MESSAGE][PASSED] - Call Test Case 'Test Cases/Olusturma/Genel/NotGirilir' successfully

2021-10-21 14:27:37 - [MESSAGE][INFO] - Checking called Test Case

2021-10-21 14:27:37 - [MESSAGE][INFO] - Starting to call Test Case 'Test Cases/Olusturma/Genel/KaydetButonunaTiklanir'

2021-10-21 14:27:37 - [TEST_CASE][PASSED] - Test Cases/Olusturma/Genel/KaydetButonunaTiklanir: Test Cases/Olusturma/Genel/KaydetButonunaTiklanir

2021-10-21 14:27:37 - [TEST_STEP][PASSED] - i = 0: null

2021-10-21 14:27:37 - [TEST_STEP][PASSED] - waitForElementPresent(findTestObject("Olusturma/Genel/Not/Notlar"), 10): Object 'Object Repository/Olusturma/Genel/Not/Notlar' is present

2021-10-21 14:27:37 - [MESSAGE][INFO] - Finding Test Object 'Object Repository/Olusturma/Genel/Not/Notlar'

2021-10-21 14:27:37 - [MESSAGE][INFO] - Checking object

2021-10-21 14:27:37 - [MESSAGE][INFO] - Finding web element from Test Object's properties

2021-10-21 14:27:37 - [MESSAGE][INFO] - Checking timeout

2021-10-21 14:27:37 - [MESSAGE][INFO] - Finding web element with id: 'Object Repository/Olusturma/Genel/Not/Notlar' located by 'By.xpath: //*[@id = 'txtNote_I']' in '10' second(s)

2021-10-21 14:27:37 - [MESSAGE][INFO] - Smart Wait Function is triggered

2021-10-21 14:27:37 - [MESSAGE][INFO] - Found 1 web elements with id: 'Object Repository/Olusturma/Genel/Not/Notlar' located by 'By.xpath: //*[@id = 'txtNote_I']' in '10' second(s)

2021-10-21 14:27:37 - [MESSAGE][PASSED] - Object 'Object Repository/Olusturma/Genel/Not/Notlar' is present

2021-10-21 14:27:37 - [TEST_STEP][PASSED] - click(findTestObject("Olusturma/Genel/Not/Notlar")): Object: 'Object Repository/Olusturma/Genel/Not/Notlar' is clicked on

2021-10-21 14:27:37 - [MESSAGE][INFO] - Finding Test Object 'Object Repository/Olusturma/Genel/Not/Notlar'

2021-10-21 14:27:38 - [MESSAGE][INFO] - Checking object

2021-10-21 14:27:38 - [MESSAGE][INFO] - Finding web element from Test Object's properties

2021-10-21 14:27:38 - [MESSAGE][INFO] - Checking timeout

2021-10-21 14:27:38 - [MESSAGE][INFO] - Finding web element with id: 'Object Repository/Olusturma/Genel/Not/Notlar' located by 'By.xpath: //*[@id = 'txtNote_I']' in '30' second(s)

2021-10-21 14:27:38 - [MESSAGE][INFO] - Smart Wait Function is triggered

2021-10-21 14:27:38 - [MESSAGE][INFO] - Found 1 web elements with id: 'Object Repository/Olusturma/Genel/Not/Notlar' located by 'By.xpath: //*[@id = 'txtNote_I']' in '30' second(s)

2021-10-21 14:27:38 - [MESSAGE][INFO] - Clicking on object: 'Object Repository/Olusturma/Genel/Not/Notlar'

2021-10-21 14:27:38 - [MESSAGE][PASSED] - Object: 'Object Repository/Olusturma/Genel/Not/Notlar' is clicked on

2021-10-21 14:27:38 - [TEST_STEP][PASSED] - while (true): null

2021-10-21 14:27:38 - [TEST_STEP][PASSED] - delay(1): Delayed 1 second(s)

2021-10-21 14:27:38 - [MESSAGE][INFO] - Delaying browser in 1 second(s)

2021-10-21 14:27:39 - [MESSAGE][PASSED] - Delayed 1 second(s)

2021-10-21 14:27:39 - [TEST_STEP][PASSED] - ajaxIsComplete = executeJavaScript("return jQuery.active == 0", null): Execute JavaScript 'return jQuery.active == 0' successfully

2021-10-21 14:27:39 - [MESSAGE][PASSED] - Execute JavaScript 'return jQuery.active == 0' successfully

2021-10-21 14:27:39 - [TEST_STEP][PASSED] - if (ajaxIsComplete): null

2021-10-21 14:27:39 - [TEST_STEP][PASSED] - break: null

2021-10-21 14:27:39 - [TEST_STEP][PASSED] - waitForElementClickable(findTestObject("Object Repository/Olusturma/Genel/Buton"), 10): Object 'Object Repository/Olusturma/Genel/Buton' is clickable

2021-10-21 14:27:39 - [MESSAGE][INFO] - Finding Test Object 'Object Repository/Olusturma/Genel/Buton'

2021-10-21 14:27:39 - [MESSAGE][INFO] - Checking object

2021-10-21 14:27:39 - [MESSAGE][INFO] - Checking timeout

2021-10-21 14:27:39 - [MESSAGE][INFO] - Finding web element from Test Object's properties

2021-10-21 14:27:39 - [MESSAGE][INFO] - Checking timeout

2021-10-21 14:27:39 - [MESSAGE][INFO] - Finding web element with id: 'Object Repository/Olusturma/Genel/Buton' located by 'By.xpath: //*[@id = 'btnKaydet']' in '10' second(s)

2021-10-21 14:27:39 - [MESSAGE][INFO] - Smart Wait Function is triggered

2021-10-21 14:27:39 - [MESSAGE][INFO] - Found 1 web elements with id: 'Object Repository/Olusturma/Genel/Buton' located by 'By.xpath: //*[@id = 'btnKaydet']' in '10' second(s)

2021-10-21 14:27:39 - [MESSAGE][PASSED] - Object 'Object Repository/Olusturma/Genel/Buton' is clickable

2021-10-21 14:27:39 - [TEST_STEP][PASSED] - click(findTestObject("Object Repository/Olusturma/Genel/Buton")): Object: 'Object Repository/Olusturma/Genel/Buton' is clicked on

2021-10-21 14:27:39 - [MESSAGE][INFO] - Finding Test Object 'Object Repository/Olusturma/Genel/Buton'

2021-10-21 14:27:39 - [MESSAGE][INFO] - Checking object

2021-10-21 14:27:39 - [MESSAGE][INFO] - Finding web element from Test Object's properties

2021-10-21 14:27:39 - [MESSAGE][INFO] - Checking timeout

2021-10-21 14:27:39 - [MESSAGE][INFO] - Finding web element with id: 'Object Repository/Olusturma/Genel/Buton' located by 'By.xpath: //*[@id = 'btnKaydet']' in '30' second(s)

2021-10-21 14:27:39 - [MESSAGE][INFO] - Smart Wait Function is triggered

2021-10-21 14:27:40 - [MESSAGE][INFO] - Found 1 web elements with id: 'Object Repository/Olusturma/Genel/Buton' located by 'By.xpath: //*[@id = 'btnKaydet']' in '30' second(s)

2021-10-21 14:27:40 - [MESSAGE][INFO] - Clicking on object: 'Object Repository/Olusturma/Genel/Buton'

2021-10-21 14:27:41 - [MESSAGE][PASSED] - Object: 'Object Repository/Olusturma/Genel/Buton' is clicked on

2021-10-21 14:27:41 - [MESSAGE][PASSED] - Call Test Case 'Test Cases/Olusturma/Genel/KaydetButonunaTiklanir' successfully

2021-10-21 14:27:41 - [MESSAGE][INFO] - Checking called Test Case

2021-10-21 14:27:41 - [MESSAGE][INFO] - Starting to call Test Case 'Test Cases/Tablo/TablodaUnvanliVeriOlusturulduMu'

2021-10-21 14:27:41 - [TEST_CASE][PASSED] - Test Cases/Tablo/TablodaUnvanliVeriOlusturulduMu: Test Cases/Tablo/TablodaUnvanliVeriOlusturulduMu

2021-10-21 14:27:41 - [TEST_STEP][PASSED] - waitForElementVisible(findTestObject("Tablo/OlusturulanVeri"), 10, STOP_ON_FAILURE): Object 'Object Repository/Tablo/OlusturulanVeri' is visible

2021-10-21 14:27:41 - [MESSAGE][INFO] - Finding Test Object 'Object Repository/Tablo/OlusturulanVeri'

2021-10-21 14:27:41 - [MESSAGE][INFO] - Checking object

2021-10-21 14:27:41 - [MESSAGE][INFO] - Checking timeout

2021-10-21 14:27:41 - [MESSAGE][INFO] - Finding web element from Test Object's properties

2021-10-21 14:27:41 - [MESSAGE][INFO] - Checking timeout

2021-10-21 14:27:41 - [MESSAGE][INFO] - Finding web element with id: 'Object Repository/Tablo/OlusturulanVeri' located by 'By.cssSelector: table.dxgvTable_LECustomTheme>tbody>tr:nth-child(3)>td.dxgv b,table.dxgvTable_LECustomTheme>tbody>tr:nth-child(3)>td.dxgv' in '10' second(s)

2021-10-21 14:27:41 - [MESSAGE][INFO] - Smart Wait Function is triggered

2021-10-21 14:27:41 - [MESSAGE][INFO] - Found 11 web elements with id: 'Object Repository/Tablo/OlusturulanVeri' located by 'By.cssSelector: table.dxgvTable_LECustomTheme>tbody>tr:nth-child(3)>td.dxgv b,table.dxgvTable_LECustomTheme>tbody>tr:nth-child(3)>td.dxgv' in '10' second(s)

2021-10-21 14:27:41 - [MESSAGE][PASSED] - Object 'Object Repository/Tablo/OlusturulanVeri' is visible

2021-10-21 14:27:41 - [TEST_STEP][PASSED] - Method.TextDegerineEsitElementVarMi(findTestObject("Tablo/OlusturulanVeri"), Unvan): Method.TextDegerineEsitElementVarMi is PASSED

2021-10-21 14:27:41 - [MESSAGE][INFO] - Finding Test Object 'Object Repository/Tablo/OlusturulanVeri'

2021-10-21 14:27:41 - [MESSAGE][INFO] - Checking timeout

2021-10-21 14:27:41 - [MESSAGE][INFO] - Finding web element with id: 'Object Repository/Tablo/OlusturulanVeri' located by 'By.cssSelector: table.dxgvTable_LECustomTheme>tbody>tr:nth-child(3)>td.dxgv b,table.dxgvTable_LECustomTheme>tbody>tr:nth-child(3)>td.dxgv' in '10' second(s)

2021-10-21 14:27:41 - [MESSAGE][INFO] - Smart Wait Function is triggered

2021-10-21 14:27:42 - [MESSAGE][INFO] - Found 11 web elements with id: 'Object Repository/Tablo/OlusturulanVeri' located by 'By.cssSelector: table.dxgvTable_LECustomTheme>tbody>tr:nth-child(3)>td.dxgv b,table.dxgvTable_LECustomTheme>tbody>tr:nth-child(3)>td.dxgv' in '10' second(s)

2021-10-21 14:27:42 - [MESSAGE][PASSED] - Method.TextDegerineEsitElementVarMi is PASSED

2021-10-21 14:27:42 - [MESSAGE][PASSED] - Call Test Case 'Test Cases/Tablo/TablodaUnvanliVeriOlusturulduMu' successfully

2021-10-21 14:27:42 - [MESSAGE][INFO] - Checking called Test Case

2021-10-21 14:27:42 - [MESSAGE][INFO] - Starting to call Test Case 'Test Cases/Tablo/TablodanVeriSec'

2021-10-21 14:27:42 - [TEST_CASE][PASSED] - Test Cases/Tablo/TablodanVeriSec: Test Cases/Tablo/TablodanVeriSec

2021-10-21 14:27:42 - [TEST_STEP][PASSED] - Method.TextDegerineEsitElementinAltindakineTikla(findTestObject("Tablo/Veriler"), findTestObject("Tablo/VerininCheckBoxi"), Veri_Adi): Method.TextDegerineEsitElementinAltindakineTikla is PASSED

2021-10-21 14:27:42 - [MESSAGE][INFO] - Finding Test Object 'Object Repository/Tablo/Veriler'

2021-10-21 14:27:42 - [MESSAGE][INFO] - Finding Test Object 'Object Repository/Tablo/VerininCheckBoxi'

2021-10-21 14:27:42 - [MESSAGE][INFO] - Checking timeout

2021-10-21 14:27:42 - [MESSAGE][INFO] - Finding web element with id: 'Object Repository/Tablo/Veriler' located by 'By.cssSelector: td.dxgv b ,td.dxgv' in '10' second(s)

2021-10-21 14:27:42 - [MESSAGE][INFO] - Smart Wait Function is triggered

2021-10-21 14:27:42 - [MESSAGE][INFO] - Found 88 web elements with id: 'Object Repository/Tablo/Veriler' located by 'By.cssSelector: td.dxgv b ,td.dxgv' in '10' second(s)

2021-10-21 14:27:42 - [MESSAGE][INFO] - Smart Wait Function is triggered

2021-10-21 14:27:43 - [MESSAGE][PASSED] - Method.TextDegerineEsitElementinAltindakineTikla is PASSED

2021-10-21 14:27:43 - [MESSAGE][PASSED] - Call Test Case 'Test Cases/Tablo/TablodanVeriSec' successfully

2021-10-21 14:27:43 - [MESSAGE][INFO] - Checking called Test Case

2021-10-21 14:27:43 - [MESSAGE][INFO] - Starting to call Test Case 'Test Cases/Butonlar/ButonaTikla'

2021-10-21 14:27:43 - [TEST_CASE][PASSED] - Test Cases/Butonlar/ButonaTikla: Test Cases/Butonlar/ButonaTikla

2021-10-21 14:27:43 - [TEST_STEP][PASSED] - Method.TextDegerineEsitElementeTiklaEquals(findTestObject("Butonlar/Butonlar"), Buton_Adi): Method.TextDegerineEsitElementeTiklaEquals is PASSED

2021-10-21 14:27:43 - [MESSAGE][INFO] - Finding Test Object 'Object Repository/Butonlar/Butonlar'

2021-10-21 14:27:43 - [MESSAGE][INFO] - Checking timeout

2021-10-21 14:27:43 - [MESSAGE][INFO] - Finding web element with id: 'Object Repository/Butonlar/Butonlar' located by 'By.cssSelector: .panel.panel-default.text-center.footerPanel .btn,.btn.btn-primary.btnControls' in '10' second(s)

2021-10-21 14:27:43 - [MESSAGE][INFO] - Smart Wait Function is triggered

2021-10-21 14:27:43 - [MESSAGE][INFO] - Found 7 web elements with id: 'Object Repository/Butonlar/Butonlar' located by 'By.cssSelector: .panel.panel-default.text-center.footerPanel .btn,.btn.btn-primary.btnControls' in '10' second(s)

2021-10-21 14:27:43 - [MESSAGE][PASSED] - Method.TextDegerineEsitElementeTiklaEquals is PASSED

2021-10-21 14:27:43 - [MESSAGE][PASSED] - Call Test Case 'Test Cases/Butonlar/ButonaTikla' successfully

2021-10-21 14:27:43 - [MESSAGE][INFO] - Checking called Test Case

2021-10-21 14:27:43 - [MESSAGE][INFO] - Starting to call Test Case 'Test Cases/Popup/PopupMesajiIceriyorMu'

2021-10-21 14:27:43 - [TEST_CASE][PASSED] - Test Cases/Popup/PopupMesajiIceriyorMu: Test Cases/Popup/PopupMesajiIceriyorMu

2021-10-21 14:27:43 - [TEST_STEP][PASSED] - waitForElementVisible(findTestObject("Popup/Popup"), 10): Object 'Object Repository/Popup/Popup' is visible

2021-10-21 14:27:43 - [MESSAGE][INFO] - Finding Test Object 'Object Repository/Popup/Popup'

2021-10-21 14:27:43 - [MESSAGE][INFO] - Checking object

2021-10-21 14:27:43 - [MESSAGE][INFO] - Checking timeout

2021-10-21 14:27:43 - [MESSAGE][INFO] - Finding web element from Test Object's properties

2021-10-21 14:27:43 - [MESSAGE][INFO] - Checking timeout

2021-10-21 14:27:43 - [MESSAGE][INFO] - Finding web element with id: 'Object Repository/Popup/Popup' located by 'By.cssSelector: .bootbox-body' in '10' second(s)

2021-10-21 14:27:43 - [MESSAGE][INFO] - Smart Wait Function is triggered

2021-10-21 14:27:44 - [MESSAGE][INFO] - Found 1 web elements with id: 'Object Repository/Popup/Popup' located by 'By.cssSelector: .bootbox-body' in '10' second(s)

2021-10-21 14:27:44 - [MESSAGE][PASSED] - Object 'Object Repository/Popup/Popup' is visible

2021-10-21 14:27:44 - [TEST_STEP][PASSED] - if (!(getText(findTestObject("Popup/Popup")).contains(Mesaj))): Text of object 'Object Repository/Popup/Popup' is: 'Oluşturulacak makbuz numarası : SMM2021000000198 Makbuz numarası oluşturulduktan sonra makbuz silinemez. Makbuz numarası, tarihi ve ön eki değiştirilemez. Devam etmek istiyor musunuz?'

2021-10-21 14:27:44 - [MESSAGE][INFO] - Finding Test Object 'Object Repository/Popup/Popup'

2021-10-21 14:27:44 - [MESSAGE][INFO] - Checking object

2021-10-21 14:27:44 - [MESSAGE][INFO] - Finding web element from Test Object's properties

2021-10-21 14:27:44 - [MESSAGE][INFO] - Checking timeout

2021-10-21 14:27:44 - [MESSAGE][INFO] - Finding web element with id: 'Object Repository/Popup/Popup' located by 'By.cssSelector: .bootbox-body' in '30' second(s)

2021-10-21 14:27:44 - [MESSAGE][INFO] - Smart Wait Function is triggered

2021-10-21 14:27:45 - [MESSAGE][INFO] - Found 1 web elements with id: 'Object Repository/Popup/Popup' located by 'By.cssSelector: .bootbox-body' in '30' second(s)

2021-10-21 14:27:45 - [MESSAGE][INFO] - Getting text of object 'Object Repository/Popup/Popup'

2021-10-21 14:27:45 - [MESSAGE][PASSED] - Text of object 'Object Repository/Popup/Popup' is: 'Oluşturulacak makbuz numarası : SMM2021000000198 Makbuz numarası oluşturulduktan sonra makbuz silinemez. Makbuz numarası, tarihi ve ön eki değiştirilemez. Devam etmek istiyor musunuz?'

2021-10-21 14:27:45 - [TEST_STEP][PASSED] - RaporNo = getText(findTestObject("Popup/Popup")).substring(0, 6): Text of object 'Object Repository/Popup/Popup' is: 'Oluşturulacak makbuz numarası : SMM2021000000198 Makbuz numarası oluşturulduktan sonra makbuz silinemez. Makbuz numarası, tarihi ve ön eki değiştirilemez. Devam etmek istiyor musunuz?'

2021-10-21 14:27:45 - [MESSAGE][INFO] - Finding Test Object 'Object Repository/Popup/Popup'

2021-10-21 14:27:45 - [MESSAGE][INFO] - Checking object

2021-10-21 14:27:45 - [MESSAGE][INFO] - Finding web element from Test Object's properties

2021-10-21 14:27:45 - [MESSAGE][INFO] - Checking timeout

2021-10-21 14:27:45 - [MESSAGE][INFO] - Finding web element with id: 'Object Repository/Popup/Popup' located by 'By.cssSelector: .bootbox-body' in '30' second(s)

2021-10-21 14:27:45 - [MESSAGE][INFO] - Smart Wait Function is triggered

2021-10-21 14:27:45 - [MESSAGE][INFO] - Found 1 web elements with id: 'Object Repository/Popup/Popup' located by 'By.cssSelector: .bootbox-body' in '30' second(s)

2021-10-21 14:27:45 - [MESSAGE][INFO] - Getting text of object 'Object Repository/Popup/Popup'

2021-10-21 14:27:45 - [MESSAGE][PASSED] - Text of object 'Object Repository/Popup/Popup' is: 'Oluşturulacak makbuz numarası : SMM2021000000198 Makbuz numarası oluşturulduktan sonra makbuz silinemez. Makbuz numarası, tarihi ve ön eki değiştirilemez. Devam etmek istiyor musunuz?'

2021-10-21 14:27:45 - [TEST_STEP][PASSED] - Console.println(RaporNo): null

2021-10-21 14:27:45 - [MESSAGE][PASSED] - Call Test Case 'Test Cases/Popup/PopupMesajiIceriyorMu' successfully

2021-10-21 14:27:45 - [MESSAGE][INFO] - Checking called Test Case

2021-10-21 14:27:45 - [MESSAGE][INFO] - Starting to call Test Case 'Test Cases/Popup/PopupButonSecilir'

2021-10-21 14:27:45 - [TEST_CASE][PASSED] - Test Cases/Popup/PopupButonSecilir: Test Cases/Popup/PopupButonSecilir

2021-10-21 14:27:45 - [TEST_STEP][PASSED] - Method.TextDegerineEsitElementeTikla(findTestObject("Popup/Popup_Butons"), Buton): Method.TextDegerineEsitElementeTikla is PASSED

2021-10-21 14:27:45 - [MESSAGE][INFO] - Finding Test Object 'Object Repository/Popup/Popup_Butons'

2021-10-21 14:27:45 - [MESSAGE][INFO] - Checking timeout

2021-10-21 14:27:45 - [MESSAGE][INFO] - Finding web element with id: 'Object Repository/Popup/Popup_Butons' located by 'By.cssSelector: .modal-footer>button' in '10' second(s)

2021-10-21 14:27:45 - [MESSAGE][INFO] - Smart Wait Function is triggered

2021-10-21 14:27:46 - [MESSAGE][INFO] - Found 2 web elements with id: 'Object Repository/Popup/Popup_Butons' located by 'By.cssSelector: .modal-footer>button' in '10' second(s)

2021-10-21 14:27:46 - [MESSAGE][PASSED] - Method.TextDegerineEsitElementeTikla is PASSED

2021-10-21 14:27:46 - [MESSAGE][PASSED] - Call Test Case 'Test Cases/Popup/PopupButonSecilir' successfully

2021-10-21 14:27:46 - [MESSAGE][INFO] - Checking called Test Case

2021-10-21 14:27:46 - [MESSAGE][INFO] - Starting to call Test Case 'Test Cases/Popup/PopupMesajiIceriyorMu'

2021-10-21 14:27:46 - [TEST_CASE][PASSED] - Test Cases/Popup/PopupMesajiIceriyorMu: Test Cases/Popup/PopupMesajiIceriyorMu

2021-10-21 14:27:46 - [TEST_STEP][PASSED] - waitForElementVisible(findTestObject("Popup/Popup"), 10): Object 'Object Repository/Popup/Popup' is visible

2021-10-21 14:27:46 - [MESSAGE][INFO] - Finding Test Object 'Object Repository/Popup/Popup'

2021-10-21 14:27:46 - [MESSAGE][INFO] - Checking object

2021-10-21 14:27:46 - [MESSAGE][INFO] - Checking timeout

2021-10-21 14:27:46 - [MESSAGE][INFO] - Finding web element from Test Object's properties

2021-10-21 14:27:46 - [MESSAGE][INFO] - Checking timeout

2021-10-21 14:27:46 - [MESSAGE][INFO] - Finding web element with id: 'Object Repository/Popup/Popup' located by 'By.cssSelector: .bootbox-body' in '10' second(s)

2021-10-21 14:27:46 - [MESSAGE][INFO] - Smart Wait Function is triggered

2021-10-21 14:27:47 - [MESSAGE][INFO] - Found 1 web elements with id: 'Object Repository/Popup/Popup' located by 'By.cssSelector: .bootbox-body' in '10' second(s)

2021-10-21 14:27:47 - [MESSAGE][PASSED] - Object 'Object Repository/Popup/Popup' is visible

2021-10-21 14:27:47 - [TEST_STEP][PASSED] - if (!(getText(findTestObject("Popup/Popup")).contains(Mesaj))): Text of object 'Object Repository/Popup/Popup' is: 'Makbuz numaranız SMM2021000000198 olarak oluşmuştur.'

2021-10-21 14:27:47 - [MESSAGE][INFO] - Finding Test Object 'Object Repository/Popup/Popup'

2021-10-21 14:27:47 - [MESSAGE][INFO] - Checking object

2021-10-21 14:27:47 - [MESSAGE][INFO] - Finding web element from Test Object's properties

2021-10-21 14:27:47 - [MESSAGE][INFO] - Checking timeout

2021-10-21 14:27:47 - [MESSAGE][INFO] - Finding web element with id: 'Object Repository/Popup/Popup' located by 'By.cssSelector: .bootbox-body' in '30' second(s)

2021-10-21 14:27:47 - [MESSAGE][INFO] - Smart Wait Function is triggered

2021-10-21 14:27:47 - [MESSAGE][INFO] - Found 1 web elements with id: 'Object Repository/Popup/Popup' located by 'By.cssSelector: .bootbox-body' in '30' second(s)

2021-10-21 14:27:47 - [MESSAGE][INFO] - Getting text of object 'Object Repository/Popup/Popup'

2021-10-21 14:27:47 - [MESSAGE][PASSED] - Text of object 'Object Repository/Popup/Popup' is: 'Makbuz numaranız SMM2021000000198 olarak oluşmuştur.'

2021-10-21 14:27:47 - [TEST_STEP][PASSED] - RaporNo = getText(findTestObject("Popup/Popup")).substring(0, 6): Text of object 'Object Repository/Popup/Popup' is: 'Makbuz numaranız SMM2021000000198 olarak oluşmuştur.'

2021-10-21 14:27:47 - [MESSAGE][INFO] - Finding Test Object 'Object Repository/Popup/Popup'

2021-10-21 14:27:47 - [MESSAGE][INFO] - Checking object

2021-10-21 14:27:47 - [MESSAGE][INFO] - Finding web element from Test Object's properties

2021-10-21 14:27:47 - [MESSAGE][INFO] - Checking timeout

2021-10-21 14:27:47 - [MESSAGE][INFO] - Finding web element with id: 'Object Repository/Popup/Popup' located by 'By.cssSelector: .bootbox-body' in '30' second(s)

2021-10-21 14:27:47 - [MESSAGE][INFO] - Smart Wait Function is triggered

2021-10-21 14:27:47 - [MESSAGE][INFO] - Found 1 web elements with id: 'Object Repository/Popup/Popup' located by 'By.cssSelector: .bootbox-body' in '30' second(s)

2021-10-21 14:27:47 - [MESSAGE][INFO] - Getting text of object 'Object Repository/Popup/Popup'

2021-10-21 14:27:47 - [MESSAGE][PASSED] - Text of object 'Object Repository/Popup/Popup' is: 'Makbuz numaranız SMM2021000000198 olarak oluşmuştur.'

2021-10-21 14:27:47 - [TEST_STEP][PASSED] - Console.println(RaporNo): null

2021-10-21 14:27:47 - [MESSAGE][PASSED] - Call Test Case 'Test Cases/Popup/PopupMesajiIceriyorMu' successfully

2021-10-21 14:27:47 - [MESSAGE][INFO] - Checking called Test Case

2021-10-21 14:27:47 - [MESSAGE][INFO] - Starting to call Test Case 'Test Cases/Popup/PopupButonSecilir'

2021-10-21 14:27:47 - [TEST_CASE][PASSED] - Test Cases/Popup/PopupButonSecilir: Test Cases/Popup/PopupButonSecilir

2021-10-21 14:27:47 - [TEST_STEP][PASSED] - Method.TextDegerineEsitElementeTikla(findTestObject("Popup/Popup_Butons"), Buton): Method.TextDegerineEsitElementeTikla is PASSED

2021-10-21 14:27:47 - [MESSAGE][INFO] - Finding Test Object 'Object Repository/Popup/Popup_Butons'

2021-10-21 14:27:48 - [MESSAGE][INFO] - Checking timeout

2021-10-21 14:27:48 - [MESSAGE][INFO] - Finding web element with id: 'Object Repository/Popup/Popup_Butons' located by 'By.cssSelector: .modal-footer>button' in '10' second(s)

2021-10-21 14:27:48 - [MESSAGE][INFO] - Smart Wait Function is triggered

2021-10-21 14:27:48 - [MESSAGE][INFO] - Found 1 web elements with id: 'Object Repository/Popup/Popup_Butons' located by 'By.cssSelector: .modal-footer>button' in '10' second(s)

2021-10-21 14:27:48 - [MESSAGE][PASSED] - Method.TextDegerineEsitElementeTikla is PASSED

2021-10-21 14:27:48 - [MESSAGE][PASSED] - Call Test Case 'Test Cases/Popup/PopupButonSecilir' successfully

2021-10-21 14:27:48 - [MESSAGE][INFO] - Checking called Test Case

2021-10-21 14:27:48 - [MESSAGE][INFO] - Starting to call Test Case 'Test Cases/Tablo/TablodanVeriSec'

2021-10-21 14:27:48 - [TEST_CASE][PASSED] - Test Cases/Tablo/TablodanVeriSec: Test Cases/Tablo/TablodanVeriSec

2021-10-21 14:27:48 - [TEST_STEP][PASSED] - Method.TextDegerineEsitElementinAltindakineTikla(findTestObject("Tablo/Veriler"), findTestObject("Tablo/VerininCheckBoxi"), Veri_Adi): Method.TextDegerineEsitElementinAltindakineTikla is PASSED

2021-10-21 14:27:48 - [MESSAGE][INFO] - Finding Test Object 'Object Repository/Tablo/Veriler'

2021-10-21 14:27:48 - [MESSAGE][INFO] - Finding Test Object 'Object Repository/Tablo/VerininCheckBoxi'

2021-10-21 14:27:48 - [MESSAGE][INFO] - Checking timeout

2021-10-21 14:27:48 - [MESSAGE][INFO] - Finding web element with id: 'Object Repository/Tablo/Veriler' located by 'By.cssSelector: td.dxgv b ,td.dxgv' in '10' second(s)

2021-10-21 14:27:48 - [MESSAGE][INFO] - Smart Wait Function is triggered

2021-10-21 14:27:49 - [MESSAGE][INFO] - Found 88 web elements with id: 'Object Repository/Tablo/Veriler' located by 'By.cssSelector: td.dxgv b ,td.dxgv' in '10' second(s)

2021-10-21 14:27:49 - [MESSAGE][INFO] - Smart Wait Function is triggered

2021-10-21 14:27:49 - [MESSAGE][PASSED] - Method.TextDegerineEsitElementinAltindakineTikla is PASSED

2021-10-21 14:27:49 - [MESSAGE][PASSED] - Call Test Case 'Test Cases/Tablo/TablodanVeriSec' successfully

2021-10-21 14:27:49 - [MESSAGE][INFO] - Checking called Test Case

2021-10-21 14:27:49 - [MESSAGE][INFO] - Starting to call Test Case 'Test Cases/Butonlar/ButonaTikla'

2021-10-21 14:27:49 - [TEST_CASE][PASSED] - Test Cases/Butonlar/ButonaTikla: Test Cases/Butonlar/ButonaTikla

2021-10-21 14:27:49 - [TEST_STEP][PASSED] - Method.TextDegerineEsitElementeTiklaEquals(findTestObject("Butonlar/Butonlar"), Buton_Adi): Method.TextDegerineEsitElementeTiklaEquals is PASSED

2021-10-21 14:27:49 - [MESSAGE][INFO] - Finding Test Object 'Object Repository/Butonlar/Butonlar'

2021-10-21 14:27:49 - [MESSAGE][INFO] - Checking timeout

2021-10-21 14:27:49 - [MESSAGE][INFO] - Finding web element with id: 'Object Repository/Butonlar/Butonlar' located by 'By.cssSelector: .panel.panel-default.text-center.footerPanel .btn,.btn.btn-primary.btnControls' in '10' second(s)

2021-10-21 14:27:49 - [MESSAGE][INFO] - Smart Wait Function is triggered

2021-10-21 14:27:49 - [MESSAGE][INFO] - Found 7 web elements with id: 'Object Repository/Butonlar/Butonlar' located by 'By.cssSelector: .panel.panel-default.text-center.footerPanel .btn,.btn.btn-primary.btnControls' in '10' second(s)

2021-10-21 14:27:50 - [MESSAGE][PASSED] - Method.TextDegerineEsitElementeTiklaEquals is PASSED

2021-10-21 14:27:50 - [MESSAGE][PASSED] - Call Test Case 'Test Cases/Butonlar/ButonaTikla' successfully

2021-10-21 14:27:50 - [MESSAGE][INFO] - Checking called Test Case

2021-10-21 14:27:50 - [MESSAGE][INFO] - Starting to call Test Case 'Test Cases/Sekmeler/YeniSekmeyeGec'

2021-10-21 14:27:50 - [TEST_CASE][PASSED] - Test Cases/Sekmeler/YeniSekmeyeGec: Test Cases/Sekmeler/YeniSekmeyeGec

2021-10-21 14:27:50 - [TEST_STEP][PASSED] - switchToWindowIndex(1): Switched to window with index: '1'

2021-10-21 14:27:50 - [MESSAGE][INFO] - Checking index

2021-10-21 14:27:50 - [MESSAGE][INFO] - Switching window with index: '1'

2021-10-21 14:27:50 - [MESSAGE][PASSED] - Switched to window with index: '1'

2021-10-21 14:27:50 - [MESSAGE][PASSED] - Call Test Case 'Test Cases/Sekmeler/YeniSekmeyeGec' successfully

2021-10-21 14:27:50 - [MESSAGE][INFO] - Checking called Test Case

2021-10-21 14:27:50 - [MESSAGE][INFO] - Starting to call Test Case 'Test Cases/Sekmeler/YeniSekmeBasligindaVarMi'

2021-10-21 14:27:50 - [TEST_CASE][PASSED] - Test Cases/Sekmeler/YeniSekmeBasligindaVarMi: Test Cases/Sekmeler/YeniSekmeBasligindaVarMi

2021-10-21 14:27:50 - [TEST_STEP][PASSED] - verifyElementText(findTestObject("Object Repository/Sekmeler/Olusturma_Goster_Baslik"), Title): Actual text and expected text of test object 'Object Repository/Sekmeler/Olusturma_Goster_Baslik' are matched.

2021-10-21 14:27:50 - [MESSAGE][INFO] - Finding Test Object 'Object Repository/Sekmeler/Olusturma_Goster_Baslik'

2021-10-21 14:27:50 - [MESSAGE][INFO] - Checking object

2021-10-21 14:27:50 - [MESSAGE][INFO] - Finding web element from Test Object's properties

2021-10-21 14:27:50 - [MESSAGE][INFO] - Checking timeout

2021-10-21 14:27:50 - [MESSAGE][INFO] - Finding web element with id: 'Object Repository/Sekmeler/Olusturma_Goster_Baslik' located by 'By.cssSelector: h1>span,td>font,font' in '30' second(s)

2021-10-21 14:27:50 - [MESSAGE][INFO] - Smart Wait Function is triggered

2021-10-21 14:27:52 - [MESSAGE][INFO] - Found 1 web elements with id: 'Object Repository/Sekmeler/Olusturma_Goster_Baslik' located by 'By.cssSelector: h1>span,td>font,font' in '30' second(s)

2021-10-21 14:27:52 - [MESSAGE][PASSED] - Actual text and expected text of test object 'Object Repository/Sekmeler/Olusturma_Goster_Baslik' are matched.

2021-10-21 14:27:52 - [MESSAGE][PASSED] - Call Test Case 'Test Cases/Sekmeler/YeniSekmeBasligindaVarMi' successfully

2021-10-21 14:27:52 - [MESSAGE][INFO] - Checking called Test Case

2021-10-21 14:27:52 - [MESSAGE][INFO] - Starting to call Test Case 'Test Cases/Sekmeler/Ana_Sekmeye_Gec'

2021-10-21 14:27:52 - [TEST_CASE][PASSED] - Test Cases/Sekmeler/Ana_Sekmeye_Gec: Test Cases/Sekmeler/Ana_Sekmeye_Gec

2021-10-21 14:27:52 - [TEST_STEP][PASSED] - try: Window with index 1 is closed

2021-10-21 14:27:52 - [TEST_STEP][PASSED] - index = getWindowIndex(): Current window's index is: 1

2021-10-21 14:27:52 - [MESSAGE][INFO] - Getting current window's index

2021-10-21 14:27:52 - [MESSAGE][PASSED] - Current window's index is: 1

2021-10-21 14:27:52 - [TEST_STEP][PASSED] - closeWindowIndex(index): Window with index 1 is closed

2021-10-21 14:27:52 - [MESSAGE][INFO] - Checking index

2021-10-21 14:27:52 - [MESSAGE][INFO] - Closing window with index 1

2021-10-21 14:27:52 - [MESSAGE][PASSED] - Window with index 1 is closed

2021-10-21 14:27:52 - [TEST_STEP][PASSED] - switchToWindowIndex(0): Switched to window with index: '0'

2021-10-21 14:27:52 - [MESSAGE][INFO] - Checking index

2021-10-21 14:27:52 - [MESSAGE][INFO] - Switching window with index: '0'

2021-10-21 14:27:52 - [MESSAGE][PASSED] - Switched to window with index: '0'

2021-10-21 14:27:52 - [MESSAGE][PASSED] - Call Test Case 'Test Cases/Sekmeler/Ana_Sekmeye_Gec' successfully

2021-10-21 14:27:52 - [MESSAGE][INFO] - Checking called Test Case

2021-10-21 14:27:52 - [MESSAGE][INFO] - Starting to call Test Case 'Test Cases/Butonlar/ButonaTikla'

2021-10-21 14:27:52 - [TEST_CASE][PASSED] - Test Cases/Butonlar/ButonaTikla: Test Cases/Butonlar/ButonaTikla

2021-10-21 14:27:52 - [TEST_STEP][PASSED] - Method.TextDegerineEsitElementeTiklaEquals(findTestObject("Butonlar/Butonlar"), Buton_Adi): Method.TextDegerineEsitElementeTiklaEquals is PASSED

2021-10-21 14:27:52 - [MESSAGE][INFO] - Finding Test Object 'Object Repository/Butonlar/Butonlar'

2021-10-21 14:27:52 - [MESSAGE][INFO] - Checking timeout

2021-10-21 14:27:52 - [MESSAGE][INFO] - Finding web element with id: 'Object Repository/Butonlar/Butonlar' located by 'By.cssSelector: .panel.panel-default.text-center.footerPanel .btn,.btn.btn-primary.btnControls' in '10' second(s)

2021-10-21 14:27:52 - [MESSAGE][INFO] - Smart Wait Function is triggered

2021-10-21 14:27:52 - [MESSAGE][INFO] - Found 7 web elements with id: 'Object Repository/Butonlar/Butonlar' located by 'By.cssSelector: .panel.panel-default.text-center.footerPanel .btn,.btn.btn-primary.btnControls' in '10' second(s)

2021-10-21 14:27:53 - [MESSAGE][PASSED] - Method.TextDegerineEsitElementeTiklaEquals is PASSED

2021-10-21 14:27:53 - [MESSAGE][PASSED] - Call Test Case 'Test Cases/Butonlar/ButonaTikla' successfully

2021-10-21 14:27:53 - [MESSAGE][INFO] - Checking called Test Case

2021-10-21 14:27:53 - [MESSAGE][INFO] - Starting to call Test Case 'Test Cases/Sekmeler/YeniSekmeyeGec'

2021-10-21 14:27:53 - [TEST_CASE][PASSED] - Test Cases/Sekmeler/YeniSekmeyeGec: Test Cases/Sekmeler/YeniSekmeyeGec

2021-10-21 14:27:53 - [TEST_STEP][PASSED] - switchToWindowIndex(1): Switched to window with index: '1'

2021-10-21 14:27:53 - [MESSAGE][INFO] - Checking index

2021-10-21 14:27:53 - [MESSAGE][INFO] - Switching window with index: '1'

2021-10-21 14:27:53 - [MESSAGE][PASSED] - Switched to window with index: '1'

2021-10-21 14:27:53 - [MESSAGE][PASSED] - Call Test Case 'Test Cases/Sekmeler/YeniSekmeyeGec' successfully

2021-10-21 14:27:53 - [MESSAGE][INFO] - Checking called Test Case

2021-10-21 14:27:53 - [MESSAGE][INFO] - Starting to call Test Case 'Test Cases/Sekmeler/TagGeldiMi'

2021-10-21 14:27:53 - [TEST_CASE][PASSED] - Test Cases/Sekmeler/TagGeldiMi: Test Cases/Sekmeler/TagGeldiMi

2021-10-21 14:27:53 - [TEST_STEP][PASSED] - waitForElementPresent(findTestObject("Object Repository/Sekmeler/UBLTag"), 10): Object 'Object Repository/Sekmeler/UBLTag' is present

2021-10-21 14:27:53 - [MESSAGE][INFO] - Finding Test Object 'Object Repository/Sekmeler/UBLTag'

2021-10-21 14:27:53 - [MESSAGE][INFO] - Checking object

2021-10-21 14:27:53 - [MESSAGE][INFO] - Finding web element from Test Object's properties

2021-10-21 14:27:53 - [MESSAGE][INFO] - Checking timeout

2021-10-21 14:27:53 - [MESSAGE][INFO] - Finding web element with id: 'Object Repository/Sekmeler/UBLTag' located by 'By.cssSelector: #webkit-xml-viewer-source-xml>:first-child' in '10' second(s)

2021-10-21 14:27:53 - [MESSAGE][INFO] - Smart Wait Function is triggered

2021-10-21 14:27:53 - [MESSAGE][INFO] - Found 1 web elements with id: 'Object Repository/Sekmeler/UBLTag' located by 'By.cssSelector: #webkit-xml-viewer-source-xml>:first-child' in '10' second(s)

2021-10-21 14:27:53 - [MESSAGE][PASSED] - Object 'Object Repository/Sekmeler/UBLTag' is present

2021-10-21 14:27:53 - [TEST_STEP][PASSED] - println(toLowerCase().toString()): Found 1 web elements with id: 'Object Repository/Sekmeler/UBLTag' located by 'By.cssSelector: #webkit-xml-viewer-source-xml>:first-child' in '10' second(s)

2021-10-21 14:27:53 - [MESSAGE][INFO] - Finding Test Object 'Object Repository/Sekmeler/UBLTag'

2021-10-21 14:27:53 - [MESSAGE][INFO] - Finding web element from Test Object's properties

2021-10-21 14:27:53 - [MESSAGE][INFO] - Checking timeout

2021-10-21 14:27:53 - [MESSAGE][INFO] - Finding web element with id: 'Object Repository/Sekmeler/UBLTag' located by 'By.cssSelector: #webkit-xml-viewer-source-xml>:first-child' in '10' second(s)

2021-10-21 14:27:53 - [MESSAGE][INFO] - Smart Wait Function is triggered

2021-10-21 14:27:53 - [MESSAGE][INFO] - Found 1 web elements with id: 'Object Repository/Sekmeler/UBLTag' located by 'By.cssSelector: #webkit-xml-viewer-source-xml>:first-child' in '10' second(s)

2021-10-21 14:27:53 - [TEST_STEP][PASSED] - if (!(toString().contains(toString().toLowerCase()))): Found 1 web elements with id: 'Object Repository/Sekmeler/UBLTag' located by 'By.cssSelector: #webkit-xml-viewer-source-xml>:first-child' in '10' second(s)

2021-10-21 14:27:53 - [MESSAGE][INFO] - Finding Test Object 'Object Repository/Sekmeler/UBLTag'

2021-10-21 14:27:54 - [MESSAGE][INFO] - Finding web element from Test Object's properties

2021-10-21 14:27:54 - [MESSAGE][INFO] - Checking timeout

2021-10-21 14:27:54 - [MESSAGE][INFO] - Finding web element with id: 'Object Repository/Sekmeler/UBLTag' located by 'By.cssSelector: #webkit-xml-viewer-source-xml>:first-child' in '10' second(s)

2021-10-21 14:27:54 - [MESSAGE][INFO] - Smart Wait Function is triggered

2021-10-21 14:27:54 - [MESSAGE][INFO] - Found 1 web elements with id: 'Object Repository/Sekmeler/UBLTag' located by 'By.cssSelector: #webkit-xml-viewer-source-xml>:first-child' in '10' second(s)

2021-10-21 14:27:54 - [MESSAGE][PASSED] - Call Test Case 'Test Cases/Sekmeler/TagGeldiMi' successfully

2021-10-21 14:27:54 - [MESSAGE][INFO] - Checking called Test Case

2021-10-21 14:27:54 - [MESSAGE][INFO] - Starting to call Test Case 'Test Cases/Sekmeler/Ana_Sekmeye_Gec'

2021-10-21 14:27:54 - [TEST_CASE][PASSED] - Test Cases/Sekmeler/Ana_Sekmeye_Gec: Test Cases/Sekmeler/Ana_Sekmeye_Gec

2021-10-21 14:27:54 - [TEST_STEP][PASSED] - try: Window with index 1 is closed

2021-10-21 14:27:54 - [TEST_STEP][PASSED] - index = getWindowIndex(): Current window's index is: 1

2021-10-21 14:27:54 - [MESSAGE][INFO] - Getting current window's index

2021-10-21 14:27:54 - [MESSAGE][PASSED] - Current window's index is: 1

2021-10-21 14:27:54 - [TEST_STEP][PASSED] - closeWindowIndex(index): Window with index 1 is closed

2021-10-21 14:27:54 - [MESSAGE][INFO] - Checking index

2021-10-21 14:27:54 - [MESSAGE][INFO] - Closing window with index 1

2021-10-21 14:27:54 - [MESSAGE][PASSED] - Window with index 1 is closed

2021-10-21 14:27:54 - [TEST_STEP][PASSED] - switchToWindowIndex(0): Switched to window with index: '0'

2021-10-21 14:27:54 - [MESSAGE][INFO] - Checking index

2021-10-21 14:27:54 - [MESSAGE][INFO] - Switching window with index: '0'

2021-10-21 14:27:54 - [MESSAGE][PASSED] - Switched to window with index: '0'

2021-10-21 14:27:54 - [MESSAGE][PASSED] - Call Test Case 'Test Cases/Sekmeler/Ana_Sekmeye_Gec' successfully

2021-10-21 14:27:54 - [MESSAGE][INFO] - Checking called Test Case

2021-10-21 14:27:54 - [MESSAGE][INFO] - Starting to call Test Case 'Test Cases/Butonlar/ButonaTikla'

2021-10-21 14:27:54 - [TEST_CASE][PASSED] - Test Cases/Butonlar/ButonaTikla: Test Cases/Butonlar/ButonaTikla

2021-10-21 14:27:54 - [TEST_STEP][PASSED] - Method.TextDegerineEsitElementeTiklaEquals(findTestObject("Butonlar/Butonlar"), Buton_Adi): Method.TextDegerineEsitElementeTiklaEquals is PASSED

2021-10-21 14:27:54 - [MESSAGE][INFO] - Finding Test Object 'Object Repository/Butonlar/Butonlar'

2021-10-21 14:27:54 - [MESSAGE][INFO] - Checking timeout

2021-10-21 14:27:54 - [MESSAGE][INFO] - Finding web element with id: 'Object Repository/Butonlar/Butonlar' located by 'By.cssSelector: .panel.panel-default.text-center.footerPanel .btn,.btn.btn-primary.btnControls' in '10' second(s)

2021-10-21 14:27:54 - [MESSAGE][INFO] - Smart Wait Function is triggered

2021-10-21 14:27:54 - [MESSAGE][INFO] - Found 7 web elements with id: 'Object Repository/Butonlar/Butonlar' located by 'By.cssSelector: .panel.panel-default.text-center.footerPanel .btn,.btn.btn-primary.btnControls' in '10' second(s)

2021-10-21 14:27:54 - [MESSAGE][PASSED] - Method.TextDegerineEsitElementeTiklaEquals is PASSED

2021-10-21 14:27:54 - [MESSAGE][PASSED] - Call Test Case 'Test Cases/Butonlar/ButonaTikla' successfully

2021-10-21 14:27:54 - [MESSAGE][INFO] - Checking called Test Case

2021-10-21 14:27:54 - [MESSAGE][INFO] - Starting to call Test Case 'Test Cases/Popup/PopupMesajiIceriyorMu'

2021-10-21 14:27:54 - [TEST_CASE][PASSED] - Test Cases/Popup/PopupMesajiIceriyorMu: Test Cases/Popup/PopupMesajiIceriyorMu

2021-10-21 14:27:54 - [TEST_STEP][PASSED] - waitForElementVisible(findTestObject("Popup/Popup"), 10): Object 'Object Repository/Popup/Popup' is visible

2021-10-21 14:27:54 - [MESSAGE][INFO] - Finding Test Object 'Object Repository/Popup/Popup'

2021-10-21 14:27:55 - [MESSAGE][INFO] - Checking object

2021-10-21 14:27:55 - [MESSAGE][INFO] - Checking timeout

2021-10-21 14:27:55 - [MESSAGE][INFO] - Finding web element from Test Object's properties

2021-10-21 14:27:55 - [MESSAGE][INFO] - Checking timeout

2021-10-21 14:27:55 - [MESSAGE][INFO] - Finding web element with id: 'Object Repository/Popup/Popup' located by 'By.cssSelector: .bootbox-body' in '10' second(s)

2021-10-21 14:27:55 - [MESSAGE][INFO] - Smart Wait Function is triggered

2021-10-21 14:27:55 - [MESSAGE][INFO] - Found 1 web elements with id: 'Object Repository/Popup/Popup' located by 'By.cssSelector: .bootbox-body' in '10' second(s)

2021-10-21 14:27:55 - [MESSAGE][PASSED] - Object 'Object Repository/Popup/Popup' is visible

2021-10-21 14:27:55 - [TEST_STEP][PASSED] - if (!(getText(findTestObject("Popup/Popup")).contains(Mesaj))): Text of object 'Object Repository/Popup/Popup' is: 'Seçilen makbuzlarınız onaylanacaktır. Onaylanan makbuzlar üzerinde değişiklik yapılamaz. Devam etmek istiyor musunuz?'

2021-10-21 14:27:55 - [MESSAGE][INFO] - Finding Test Object 'Object Repository/Popup/Popup'

2021-10-21 14:27:55 - [MESSAGE][INFO] - Checking object

2021-10-21 14:27:55 - [MESSAGE][INFO] - Finding web element from Test Object's properties

2021-10-21 14:27:55 - [MESSAGE][INFO] - Checking timeout

2021-10-21 14:27:55 - [MESSAGE][INFO] - Finding web element with id: 'Object Repository/Popup/Popup' located by 'By.cssSelector: .bootbox-body' in '30' second(s)

2021-10-21 14:27:55 - [MESSAGE][INFO] - Smart Wait Function is triggered

2021-10-21 14:27:55 - [MESSAGE][INFO] - Found 1 web elements with id: 'Object Repository/Popup/Popup' located by 'By.cssSelector: .bootbox-body' in '30' second(s)

2021-10-21 14:27:55 - [MESSAGE][INFO] - Getting text of object 'Object Repository/Popup/Popup'

2021-10-21 14:27:55 - [MESSAGE][PASSED] - Text of object 'Object Repository/Popup/Popup' is: 'Seçilen makbuzlarınız onaylanacaktır. Onaylanan makbuzlar üzerinde değişiklik yapılamaz. Devam etmek istiyor musunuz?'

2021-10-21 14:27:55 - [TEST_STEP][PASSED] - RaporNo = getText(findTestObject("Popup/Popup")).substring(0, 6): Text of object 'Object Repository/Popup/Popup' is: 'Seçilen makbuzlarınız onaylanacaktır. Onaylanan makbuzlar üzerinde değişiklik yapılamaz. Devam etmek istiyor musunuz?'

2021-10-21 14:27:55 - [MESSAGE][INFO] - Finding Test Object 'Object Repository/Popup/Popup'

2021-10-21 14:27:55 - [MESSAGE][INFO] - Checking object

2021-10-21 14:27:55 - [MESSAGE][INFO] - Finding web element from Test Object's properties

2021-10-21 14:27:55 - [MESSAGE][INFO] - Checking timeout

2021-10-21 14:27:55 - [MESSAGE][INFO] - Finding web element with id: 'Object Repository/Popup/Popup' located by 'By.cssSelector: .bootbox-body' in '30' second(s)

2021-10-21 14:27:55 - [MESSAGE][INFO] - Smart Wait Function is triggered

2021-10-21 14:27:56 - [MESSAGE][INFO] - Found 1 web elements with id: 'Object Repository/Popup/Popup' located by 'By.cssSelector: .bootbox-body' in '30' second(s)

2021-10-21 14:27:56 - [MESSAGE][INFO] - Getting text of object 'Object Repository/Popup/Popup'

2021-10-21 14:27:56 - [MESSAGE][PASSED] - Text of object 'Object Repository/Popup/Popup' is: 'Seçilen makbuzlarınız onaylanacaktır. Onaylanan makbuzlar üzerinde değişiklik yapılamaz. Devam etmek istiyor musunuz?'

2021-10-21 14:27:56 - [TEST_STEP][PASSED] - Console.println(RaporNo): null

2021-10-21 14:27:56 - [MESSAGE][PASSED] - Call Test Case 'Test Cases/Popup/PopupMesajiIceriyorMu' successfully

2021-10-21 14:27:56 - [MESSAGE][INFO] - Checking called Test Case

2021-10-21 14:27:56 - [MESSAGE][INFO] - Starting to call Test Case 'Test Cases/Popup/PopupButonSecilir'

2021-10-21 14:27:56 - [TEST_CASE][PASSED] - Test Cases/Popup/PopupButonSecilir: Test Cases/Popup/PopupButonSecilir

2021-10-21 14:27:56 - [TEST_STEP][PASSED] - Method.TextDegerineEsitElementeTikla(findTestObject("Popup/Popup_Butons"), Buton): Method.TextDegerineEsitElementeTikla is PASSED

2021-10-21 14:27:56 - [MESSAGE][INFO] - Finding Test Object 'Object Repository/Popup/Popup_Butons'

2021-10-21 14:27:56 - [MESSAGE][INFO] - Checking timeout

2021-10-21 14:27:56 - [MESSAGE][INFO] - Finding web element with id: 'Object Repository/Popup/Popup_Butons' located by 'By.cssSelector: .modal-footer>button' in '10' second(s)

2021-10-21 14:27:56 - [MESSAGE][INFO] - Smart Wait Function is triggered

2021-10-21 14:27:56 - [MESSAGE][INFO] - Found 2 web elements with id: 'Object Repository/Popup/Popup_Butons' located by 'By.cssSelector: .modal-footer>button' in '10' second(s)

2021-10-21 14:27:56 - [MESSAGE][PASSED] - Method.TextDegerineEsitElementeTikla is PASSED

2021-10-21 14:27:56 - [MESSAGE][PASSED] - Call Test Case 'Test Cases/Popup/PopupButonSecilir' successfully

2021-10-21 14:27:56 - [MESSAGE][INFO] - Checking called Test Case

2021-10-21 14:27:56 - [MESSAGE][INFO] - Starting to call Test Case 'Test Cases/Menu/AnaMenuSecimi'

2021-10-21 14:27:56 - [TEST_CASE][PASSED] - Test Cases/Menu/AnaMenuSecimi: Test Cases/Menu/AnaMenuSecimi

2021-10-21 14:27:56 - [TEST_STEP][PASSED] - Method.TextDegerineEsitElementeTikla(findTestObject("Menu/Ana_Menu"), Ana_Menu): Method.TextDegerineEsitElementeTikla is PASSED

2021-10-21 14:27:56 - [MESSAGE][INFO] - Finding Test Object 'Object Repository/Menu/Ana_Menu'

2021-10-21 14:27:56 - [MESSAGE][INFO] - Checking timeout

2021-10-21 14:27:56 - [MESSAGE][INFO] - Finding web element with id: 'Object Repository/Menu/Ana_Menu' located by 'By.xpath: //*[@class = 'dropdown-toggle']' in '10' second(s)

2021-10-21 14:27:56 - [MESSAGE][INFO] - Smart Wait Function is triggered

2021-10-21 14:27:58 - [MESSAGE][INFO] - Found 14 web elements with id: 'Object Repository/Menu/Ana_Menu' located by 'By.xpath: //*[@class = 'dropdown-toggle']' in '10' second(s)

2021-10-21 14:27:58 - [MESSAGE][PASSED] - Method.TextDegerineEsitElementeTikla is PASSED

2021-10-21 14:27:58 - [MESSAGE][PASSED] - Call Test Case 'Test Cases/Menu/AnaMenuSecimi' successfully

2021-10-21 14:27:58 - [MESSAGE][INFO] - Checking called Test Case

2021-10-21 14:27:58 - [MESSAGE][INFO] - Starting to call Test Case 'Test Cases/Menu/BasligaGoreAltMenuSecimi'

2021-10-21 14:27:58 - [TEST_CASE][PASSED] - Test Cases/Menu/BasligaGoreAltMenuSecimi: Test Cases/Menu/BasligaGoreAltMenuSecimi

2021-10-21 14:27:58 - [TEST_STEP][PASSED] - Method.TextDegerineEsitElementinAltindakiTextDegerineEsitOlanaTikla(findTestObject("Menu/Menu_Basligi"), findTestObject("Menu/Basliga_Gore_Alt_Menu"), Baslik, Alt_Menu): Method.TextDegerineEsitElementinAltindakiTextDegerineEsitOlanaTikla is PASSED

2021-10-21 14:27:58 - [MESSAGE][INFO] - Finding Test Object 'Object Repository/Menu/Menu_Basligi'

2021-10-21 14:27:58 - [MESSAGE][INFO] - Finding Test Object 'Object Repository/Menu/Basliga_Gore_Alt_Menu'

2021-10-21 14:27:58 - [MESSAGE][INFO] - Checking timeout

2021-10-21 14:27:58 - [MESSAGE][INFO] - Finding web element with id: 'Object Repository/Menu/Menu_Basligi' located by 'By.xpath: //li[@class='dropdown dropdown-large open']//li[@class='dropdown-header']' in '10' second(s)

2021-10-21 14:27:58 - [MESSAGE][INFO] - Smart Wait Function is triggered

2021-10-21 14:27:59 - [MESSAGE][INFO] - Found 2 web elements with id: 'Object Repository/Menu/Menu_Basligi' located by 'By.xpath: //li[@class='dropdown dropdown-large open']//li[@class='dropdown-header']' in '10' second(s)

2021-10-21 14:27:59 - [MESSAGE][INFO] - Smart Wait Function is triggered

2021-10-21 14:28:00 - [MESSAGE][PASSED] - Method.TextDegerineEsitElementinAltindakiTextDegerineEsitOlanaTikla is PASSED

2021-10-21 14:28:00 - [MESSAGE][PASSED] - Call Test Case 'Test Cases/Menu/BasligaGoreAltMenuSecimi' successfully

2021-10-21 14:28:00 - [MESSAGE][INFO] - Checking called Test Case

2021-10-21 14:28:00 - [MESSAGE][INFO] - Starting to call Test Case 'Test Cases/Filtreler/EttnYaz'

2021-10-21 14:28:00 - [TEST_CASE][PASSED] - Test Cases/Filtreler/EttnYaz: Test Cases/Filtreler/EttnYaz

2021-10-21 14:28:00 - [TEST_STEP][PASSED] - Method.TextDegerineEsitElementinAltindakiTextboxtaYaz(findTestObject("Filtreler/Basliklar"), findTestObject("Filtreler/Basliga_Gore_Textbox"), "ETTN", ettn): Method.TextDegerineEsitElementinAltindakiTextboxtaYaz is PASSED

2021-10-21 14:28:00 - [MESSAGE][INFO] - Finding Test Object 'Object Repository/Filtreler/Basliklar'

2021-10-21 14:28:00 - [MESSAGE][INFO] - Finding Test Object 'Object Repository/Filtreler/Basliga_Gore_Textbox'

2021-10-21 14:28:00 - [MESSAGE][INFO] - Checking timeout

2021-10-21 14:28:00 - [MESSAGE][INFO] - Finding web element with id: 'Object Repository/Filtreler/Basliklar' located by 'By.cssSelector: .control-label.col-sm-4.paddingMarginRLC' in '10' second(s)

2021-10-21 14:28:00 - [MESSAGE][INFO] - Smart Wait Function is triggered

2021-10-21 14:28:00 - [MESSAGE][INFO] - Found 13 web elements with id: 'Object Repository/Filtreler/Basliklar' located by 'By.cssSelector: .control-label.col-sm-4.paddingMarginRLC' in '10' second(s)

2021-10-21 14:28:01 - [MESSAGE][INFO] - Smart Wait Function is triggered

2021-10-21 14:28:01 - [MESSAGE][PASSED] - Method.TextDegerineEsitElementinAltindakiTextboxtaYaz is PASSED

2021-10-21 14:28:01 - [MESSAGE][PASSED] - Call Test Case 'Test Cases/Filtreler/EttnYaz' successfully

2021-10-21 14:28:01 - [MESSAGE][INFO] - Checking called Test Case

2021-10-21 14:28:01 - [MESSAGE][INFO] - Starting to call Test Case 'Test Cases/Filtreler/ButonaTikla'

2021-10-21 14:28:01 - [TEST_CASE][PASSED] - Test Cases/Filtreler/ButonaTikla: Test Cases/Filtreler/ButonaTikla

2021-10-21 14:28:01 - [TEST_STEP][PASSED] - Method.TextDegerineEsitElementeTikla(findTestObject("Filtreler/Butonlar"), Filtre_Buton): Method.TextDegerineEsitElementeTikla is PASSED

2021-10-21 14:28:01 - [MESSAGE][INFO] - Finding Test Object 'Object Repository/Filtreler/Butonlar'

2021-10-21 14:28:01 - [MESSAGE][INFO] - Checking timeout

2021-10-21 14:28:01 - [MESSAGE][INFO] - Finding web element with id: 'Object Repository/Filtreler/Butonlar' located by 'By.cssSelector: .dxb>span' in '10' second(s)

2021-10-21 14:28:01 - [MESSAGE][INFO] - Smart Wait Function is triggered

2021-10-21 14:28:02 - [MESSAGE][INFO] - Found 3 web elements with id: 'Object Repository/Filtreler/Butonlar' located by 'By.cssSelector: .dxb>span' in '10' second(s)

2021-10-21 14:28:02 - [MESSAGE][PASSED] - Method.TextDegerineEsitElementeTikla is PASSED

2021-10-21 14:28:02 - [MESSAGE][PASSED] - Call Test Case 'Test Cases/Filtreler/ButonaTikla' successfully

2021-10-21 14:28:02 - [MESSAGE][INFO] - Checking called Test Case

2021-10-21 14:28:02 - [MESSAGE][INFO] - Starting to call Test Case 'Test Cases/Tablo/TablodaVeriVarMi'

2021-10-21 14:28:02 - [TEST_CASE][PASSED] - Test Cases/Tablo/TablodaVeriVarMi: Test Cases/Tablo/TablodaVeriVarMi

2021-10-21 14:28:02 - [TEST_STEP][PASSED] - verifyTextNotPresent("Görüntülenecek veri yok", true): Text 'Görüntülenecek veri yok' is not present on page using regular expression

2021-10-21 14:28:02 - [MESSAGE][INFO] - Checking text present  using regular expression

2021-10-21 14:28:02 - [MESSAGE][INFO] - Smart Wait Function is triggered

2021-10-21 14:28:03 - [MESSAGE][INFO] - Finding text 'Görüntülenecek veri yok' on page  using regular expression

2021-10-21 14:28:03 - [MESSAGE][PASSED] - Text 'Görüntülenecek veri yok' is not present on page using regular expression

2021-10-21 14:28:03 - [MESSAGE][PASSED] - Call Test Case 'Test Cases/Tablo/TablodaVeriVarMi' successfully

2021-10-21 14:28:03 - [MESSAGE][INFO] - Checking called Test Case

2021-10-21 14:28:03 - [MESSAGE][INFO] - Starting to call Test Case 'Test Cases/Tablo/TablodaVeriBasariliMiSmm'

2021-10-21 14:28:03 - [TEST_CASE][PASSED] - Test Cases/Tablo/TablodaVeriBasariliMiSmm: Test Cases/Tablo/TablodaVeriBasariliMiSmm

2021-10-21 14:28:03 - [TEST_STEP][PASSED] - sayac = 80: null

2021-10-21 14:28:03 - [TEST_STEP][PASSED] - while (verifyElementText(findTestObject("Tablo/DurumBilgisiSmm"), "Henüz Sonuçlanmadı", OPTIONAL)): Actual text 'Başarılı' and expected text 'Henüz Sonuçlanmadı' of test object 'Object Repository/Tablo/DurumBilgisiSmm' are NOT matched. (Root cause: com.kms.katalon.core.exception.StepFailedException: Actual text 'Başarılı' and expected text 'Henüz Sonuçlanmadı' of test object 'Object Repository/Tablo/DurumBilgisiSmm' are NOT matched.
	at com.kms.katalon.core.webui.keyword.internal.WebUIKeywordMain.stepFailed(WebUIKeywordMain.groovy:64)
	at com.kms.katalon.core.webui.keyword.builtin.VerifyElementTextKeyword$_verifyElementText_closure1.doCall(VerifyElementTextKeyword.groovy:57)
	at com.kms.katalon.core.webui.keyword.builtin.VerifyElementTextKeyword$_verifyElementText_closure1.call(VerifyElementTextKeyword.groovy)
	at com.kms.katalon.core.webui.keyword.internal.WebUIKeywordMain.runKeyword(WebUIKeywordMain.groovy:20)
	at com.kms.katalon.core.webui.keyword.builtin.VerifyElementTextKeyword.verifyElementText(VerifyElementTextKeyword.groovy:72)
	at com.kms.katalon.core.webui.keyword.builtin.VerifyElementTextKeyword.execute(VerifyElementTextKeyword.groovy:40)
	at com.kms.katalon.core.keyword.internal.KeywordExecutor.executeKeywordForPlatform(KeywordExecutor.groovy:73)
	at com.kms.katalon.core.webui.keyword.WebUiBuiltInKeywords.verifyElementText(WebUiBuiltInKeywords.groovy:4733)
	at com.kms.katalon.core.webui.keyword.WebUiBuiltInKeywords$verifyElementText$27.call(Unknown Source)
	at TablodaVeriBasariliMiSmm.run(TablodaVeriBasariliMiSmm:22)
	at com.kms.katalon.core.main.ScriptEngine.run(ScriptEngine.java:194)
	at com.kms.katalon.core.main.ScriptEngine.runScriptAsRawText(ScriptEngine.java:119)
	at com.kms.katalon.core.main.TestCaseExecutor.runScript(TestCaseExecutor.java:369)
	at com.kms.katalon.core.main.TestCaseExecutor.doExecute(TestCaseExecutor.java:360)
	at com.kms.katalon.core.main.TestCaseExecutor.processExecutionPhase(TestCaseExecutor.java:339)
	at com.kms.katalon.core.main.TestCaseExecutor.accessMainPhase(TestCaseExecutor.java:331)
	at com.kms.katalon.core.main.TestCaseExecutor.execute(TestCaseExecutor.java:248)
	at com.kms.katalon.core.main.TestCaseMain.runTestCase(TestCaseMain.java:138)
	at com.kms.katalon.core.keyword.builtin.CallTestCaseKeyword$_callTestCase_closure1.doCall(CallTestCaseKeyword.groovy:59)
	at com.kms.katalon.core.keyword.builtin.CallTestCaseKeyword$_callTestCase_closure1.call(CallTestCaseKeyword.groovy)
	at com.kms.katalon.core.keyword.internal.KeywordMain.runKeyword(KeywordMain.groovy:68)
	at com.kms.katalon.core.keyword.builtin.CallTestCaseKeyword.callTestCase(CallTestCaseKeyword.groovy:81)
	at com.kms.katalon.core.keyword.builtin.CallTestCaseKeyword.execute(CallTestCaseKeyword.groovy:44)
	at com.kms.katalon.core.keyword.internal.KeywordExecutor.executeKeywordForPlatform(KeywordExecutor.groovy:73)
	at com.kms.katalon.core.keyword.BuiltinKeywords.callTestCase(BuiltinKeywords.groovy:334)
	at tablo.tablo.tablodaVeriBasariliMiSmm(tablo.groovy:105)
	at cucumber.runtime.Utils$1.call(Utils.java:26)
	at cucumber.runtime.Timeout.timeout(Timeout.java:16)
	at cucumber.runtime.Utils.invoke(Utils.java:20)
	at cucumber.runtime.java.JavaStepDefinition.execute(JavaStepDefinition.java:49)
	at cucumber.runner.PickleStepDefinitionMatch.runStep(PickleStepDefinitionMatch.java:50)
	at cucumber.runner.TestStep.executeStep(TestStep.java:63)
	at cucumber.runner.TestStep.run(TestStep.java:49)
	at cucumber.runner.PickleStepTestStep.run(PickleStepTestStep.java:43)
	at cucumber.runner.TestCase.run(TestCase.java:44)
	at cucumber.runner.Runner.runPickle(Runner.java:40)
	at cucumber.runtime.Runtime$1.run(Runtime.java:84)
	at cucumber.runtime.Runtime$SameThreadExecutorService.execute(Runtime.java:220)
	at cucumber.runtime.Runtime.run(Runtime.java:81)
	at cucumber.api.cli.Main.run(Main.java:26)
	at cucumber.api.cli.Main$run.call(Unknown Source)
	at com.kms.katalon.core.cucumber.keyword.CucumberBuiltinKeywords$_runFeatureFile_closure1.doCall(CucumberBuiltinKeywords.groovy:106)
	at com.kms.katalon.core.cucumber.keyword.CucumberBuiltinKeywords$_runFeatureFile_closure1.doCall(CucumberBuiltinKeywords.groovy)
	at com.kms.katalon.core.keyword.internal.KeywordMain.runKeyword(KeywordMain.groovy:68)
	at com.kms.katalon.core.keyword.internal.KeywordMain$runKeyword.call(Unknown Source)
	at com.kms.katalon.core.cucumber.keyword.CucumberBuiltinKeywords.runFeatureFile(CucumberBuiltinKeywords.groovy:73)
	at com.kms.katalon.core.cucumber.keyword.CucumberBuiltinKeywords$runFeatureFile$0.callStatic(Unknown Source)
	at com.kms.katalon.core.cucumber.keyword.CucumberBuiltinKeywords.runFeatureFile(CucumberBuiltinKeywords.groovy:246)
	at com.kms.katalon.core.cucumber.keyword.CucumberBuiltinKeywords$runFeatureFile.call(Unknown Source)
	at Elektronik Tipinde.run(Elektronik Tipinde:17)
	at com.kms.katalon.core.main.ScriptEngine.run(ScriptEngine.java:194)
	at com.kms.katalon.core.main.ScriptEngine.runScriptAsRawText(ScriptEngine.java:119)
	at com.kms.katalon.core.main.TestCaseExecutor.runScript(TestCaseExecutor.java:369)
	at com.kms.katalon.core.main.TestCaseExecutor.doExecute(TestCaseExecutor.java:360)
	at com.kms.katalon.core.main.TestCaseExecutor.processExecutionPhase(TestCaseExecutor.java:339)
	at com.kms.katalon.core.main.TestCaseExecutor.accessMainPhase(TestCaseExecutor.java:331)
	at com.kms.katalon.core.main.TestCaseExecutor.execute(TestCaseExecutor.java:248)
	at com.kms.katalon.core.main.TestSuiteExecutor.accessTestCaseMainPhase(TestSuiteExecutor.java:191)
	at com.kms.katalon.core.main.TestSuiteExecutor.accessTestSuiteMainPhase(TestSuiteExecutor.java:140)
	at com.kms.katalon.core.main.TestSuiteExecutor.execute(TestSuiteExecutor.java:89)
	at com.kms.katalon.core.main.TestCaseMain.startTestSuite(TestCaseMain.java:181)
	at com.kms.katalon.core.main.TestCaseMain$startTestSuite$0.call(Unknown Source)
	at TempTestSuite1634814311783.run(TempTestSuite1634814311783.groovy:39)
)

2021-10-21 14:28:03 - [MESSAGE][INFO] - Finding Test Object 'Object Repository/Tablo/DurumBilgisiSmm'

2021-10-21 14:28:03 - [MESSAGE][INFO] - Checking object

2021-10-21 14:28:03 - [MESSAGE][INFO] - Finding web element from Test Object's properties

2021-10-21 14:28:03 - [MESSAGE][INFO] - Checking timeout

2021-10-21 14:28:03 - [MESSAGE][INFO] - Finding web element with id: 'Object Repository/Tablo/DurumBilgisiSmm' located by 'By.xpath: //*[@id = 'GridViewSEReceipt_tccell0_10']' in '30' second(s)

2021-10-21 14:28:03 - [MESSAGE][INFO] - Smart Wait Function is triggered

2021-10-21 14:28:04 - [MESSAGE][INFO] - Found 1 web elements with id: 'Object Repository/Tablo/DurumBilgisiSmm' located by 'By.xpath: //*[@id = 'GridViewSEReceipt_tccell0_10']' in '30' second(s)

2021-10-21 14:28:04 - [MESSAGE][WARNING] - Actual text 'Başarılı' and expected text 'Henüz Sonuçlanmadı' of test object 'Object Repository/Tablo/DurumBilgisiSmm' are NOT matched. (Root cause: com.kms.katalon.core.exception.StepFailedException: Actual text 'Başarılı' and expected text 'Henüz Sonuçlanmadı' of test object 'Object Repository/Tablo/DurumBilgisiSmm' are NOT matched.
	at com.kms.katalon.core.webui.keyword.internal.WebUIKeywordMain.stepFailed(WebUIKeywordMain.groovy:64)
	at com.kms.katalon.core.webui.keyword.builtin.VerifyElementTextKeyword$_verifyElementText_closure1.doCall(VerifyElementTextKeyword.groovy:57)
	at com.kms.katalon.core.webui.keyword.builtin.VerifyElementTextKeyword$_verifyElementText_closure1.call(VerifyElementTextKeyword.groovy)
	at com.kms.katalon.core.webui.keyword.internal.WebUIKeywordMain.runKeyword(WebUIKeywordMain.groovy:20)
	at com.kms.katalon.core.webui.keyword.builtin.VerifyElementTextKeyword.verifyElementText(VerifyElementTextKeyword.groovy:72)
	at com.kms.katalon.core.webui.keyword.builtin.VerifyElementTextKeyword.execute(VerifyElementTextKeyword.groovy:40)
	at com.kms.katalon.core.keyword.internal.KeywordExecutor.executeKeywordForPlatform(KeywordExecutor.groovy:73)
	at com.kms.katalon.core.webui.keyword.WebUiBuiltInKeywords.verifyElementText(WebUiBuiltInKeywords.groovy:4733)
	at com.kms.katalon.core.webui.keyword.WebUiBuiltInKeywords$verifyElementText$27.call(Unknown Source)
	at TablodaVeriBasariliMiSmm.run(TablodaVeriBasariliMiSmm:22)
	at com.kms.katalon.core.main.ScriptEngine.run(ScriptEngine.java:194)
	at com.kms.katalon.core.main.ScriptEngine.runScriptAsRawText(ScriptEngine.java:119)
	at com.kms.katalon.core.main.TestCaseExecutor.runScript(TestCaseExecutor.java:369)
	at com.kms.katalon.core.main.TestCaseExecutor.doExecute(TestCaseExecutor.java:360)
	at com.kms.katalon.core.main.TestCaseExecutor.processExecutionPhase(TestCaseExecutor.java:339)
	at com.kms.katalon.core.main.TestCaseExecutor.accessMainPhase(TestCaseExecutor.java:331)
	at com.kms.katalon.core.main.TestCaseExecutor.execute(TestCaseExecutor.java:248)
	at com.kms.katalon.core.main.TestCaseMain.runTestCase(TestCaseMain.java:138)
	at com.kms.katalon.core.keyword.builtin.CallTestCaseKeyword$_callTestCase_closure1.doCall(CallTestCaseKeyword.groovy:59)
	at com.kms.katalon.core.keyword.builtin.CallTestCaseKeyword$_callTestCase_closure1.call(CallTestCaseKeyword.groovy)
	at com.kms.katalon.core.keyword.internal.KeywordMain.runKeyword(KeywordMain.groovy:68)
	at com.kms.katalon.core.keyword.builtin.CallTestCaseKeyword.callTestCase(CallTestCaseKeyword.groovy:81)
	at com.kms.katalon.core.keyword.builtin.CallTestCaseKeyword.execute(CallTestCaseKeyword.groovy:44)
	at com.kms.katalon.core.keyword.internal.KeywordExecutor.executeKeywordForPlatform(KeywordExecutor.groovy:73)
	at com.kms.katalon.core.keyword.BuiltinKeywords.callTestCase(BuiltinKeywords.groovy:334)
	at tablo.tablo.tablodaVeriBasariliMiSmm(tablo.groovy:105)
	at cucumber.runtime.Utils$1.call(Utils.java:26)
	at cucumber.runtime.Timeout.timeout(Timeout.java:16)
	at cucumber.runtime.Utils.invoke(Utils.java:20)
	at cucumber.runtime.java.JavaStepDefinition.execute(JavaStepDefinition.java:49)
	at cucumber.runner.PickleStepDefinitionMatch.runStep(PickleStepDefinitionMatch.java:50)
	at cucumber.runner.TestStep.executeStep(TestStep.java:63)
	at cucumber.runner.TestStep.run(TestStep.java:49)
	at cucumber.runner.PickleStepTestStep.run(PickleStepTestStep.java:43)
	at cucumber.runner.TestCase.run(TestCase.java:44)
	at cucumber.runner.Runner.runPickle(Runner.java:40)
	at cucumber.runtime.Runtime$1.run(Runtime.java:84)
	at cucumber.runtime.Runtime$SameThreadExecutorService.execute(Runtime.java:220)
	at cucumber.runtime.Runtime.run(Runtime.java:81)
	at cucumber.api.cli.Main.run(Main.java:26)
	at cucumber.api.cli.Main$run.call(Unknown Source)
	at com.kms.katalon.core.cucumber.keyword.CucumberBuiltinKeywords$_runFeatureFile_closure1.doCall(CucumberBuiltinKeywords.groovy:106)
	at com.kms.katalon.core.cucumber.keyword.CucumberBuiltinKeywords$_runFeatureFile_closure1.doCall(CucumberBuiltinKeywords.groovy)
	at com.kms.katalon.core.keyword.internal.KeywordMain.runKeyword(KeywordMain.groovy:68)
	at com.kms.katalon.core.keyword.internal.KeywordMain$runKeyword.call(Unknown Source)
	at com.kms.katalon.core.cucumber.keyword.CucumberBuiltinKeywords.runFeatureFile(CucumberBuiltinKeywords.groovy:73)
	at com.kms.katalon.core.cucumber.keyword.CucumberBuiltinKeywords$runFeatureFile$0.callStatic(Unknown Source)
	at com.kms.katalon.core.cucumber.keyword.CucumberBuiltinKeywords.runFeatureFile(CucumberBuiltinKeywords.groovy:246)
	at com.kms.katalon.core.cucumber.keyword.CucumberBuiltinKeywords$runFeatureFile.call(Unknown Source)
	at Elektronik Tipinde.run(Elektronik Tipinde:17)
	at com.kms.katalon.core.main.ScriptEngine.run(ScriptEngine.java:194)
	at com.kms.katalon.core.main.ScriptEngine.runScriptAsRawText(ScriptEngine.java:119)
	at com.kms.katalon.core.main.TestCaseExecutor.runScript(TestCaseExecutor.java:369)
	at com.kms.katalon.core.main.TestCaseExecutor.doExecute(TestCaseExecutor.java:360)
	at com.kms.katalon.core.main.TestCaseExecutor.processExecutionPhase(TestCaseExecutor.java:339)
	at com.kms.katalon.core.main.TestCaseExecutor.accessMainPhase(TestCaseExecutor.java:331)
	at com.kms.katalon.core.main.TestCaseExecutor.execute(TestCaseExecutor.java:248)
	at com.kms.katalon.core.main.TestSuiteExecutor.accessTestCaseMainPhase(TestSuiteExecutor.java:191)
	at com.kms.katalon.core.main.TestSuiteExecutor.accessTestSuiteMainPhase(TestSuiteExecutor.java:140)
	at com.kms.katalon.core.main.TestSuiteExecutor.execute(TestSuiteExecutor.java:89)
	at com.kms.katalon.core.main.TestCaseMain.startTestSuite(TestCaseMain.java:181)
	at com.kms.katalon.core.main.TestCaseMain$startTestSuite$0.call(Unknown Source)
	at TempTestSuite1634814311783.run(TempTestSuite1634814311783.groovy:39)
)

2021-10-21 14:28:04 - [TEST_STEP][PASSED] - Method.TextDegerineEsitElementVarMi(findTestObject("Tablo/DurumBilgisiSmm"), "Başarılı"): Method.TextDegerineEsitElementVarMi is PASSED

2021-10-21 14:28:04 - [MESSAGE][INFO] - Finding Test Object 'Object Repository/Tablo/DurumBilgisiSmm'

2021-10-21 14:28:04 - [MESSAGE][INFO] - Checking timeout

2021-10-21 14:28:04 - [MESSAGE][INFO] - Finding web element with id: 'Object Repository/Tablo/DurumBilgisiSmm' located by 'By.xpath: //*[@id = 'GridViewSEReceipt_tccell0_10']' in '10' second(s)

2021-10-21 14:28:04 - [MESSAGE][INFO] - Smart Wait Function is triggered

2021-10-21 14:28:04 - [MESSAGE][INFO] - Found 1 web elements with id: 'Object Repository/Tablo/DurumBilgisiSmm' located by 'By.xpath: //*[@id = 'GridViewSEReceipt_tccell0_10']' in '10' second(s)

2021-10-21 14:28:04 - [MESSAGE][PASSED] - Method.TextDegerineEsitElementVarMi is PASSED

2021-10-21 14:28:04 - [MESSAGE][PASSED] - Call Test Case 'Test Cases/Tablo/TablodaVeriBasariliMiSmm' successfully

2021-10-21 14:28:04 - [MESSAGE][INFO] - Checking called Test Case

2021-10-21 14:28:04 - [MESSAGE][INFO] - Starting to call Test Case 'Test Cases/Kullanici_Islemleri/KullaniciIslemlerindenSecimYapilir'

2021-10-21 14:28:04 - [TEST_CASE][PASSED] - Test Cases/Kullanici_Islemleri/KullaniciIslemlerindenSecimYapilir: Test Cases/Kullanici_Islemleri/KullaniciIslemlerindenSecimYapilir

2021-10-21 14:28:04 - [TEST_STEP][PASSED] - waitForElementClickable(findTestObject("Object Repository/Kullanici_Islemleri/KullaniciIslemleri"), 10): Object 'Object Repository/Kullanici_Islemleri/KullaniciIslemleri' is clickable

2021-10-21 14:28:04 - [MESSAGE][INFO] - Finding Test Object 'Object Repository/Kullanici_Islemleri/KullaniciIslemleri'

2021-10-21 14:28:04 - [MESSAGE][INFO] - Checking object

2021-10-21 14:28:04 - [MESSAGE][INFO] - Checking timeout

2021-10-21 14:28:04 - [MESSAGE][INFO] - Finding web element from Test Object's properties

2021-10-21 14:28:04 - [MESSAGE][INFO] - Checking timeout

2021-10-21 14:28:04 - [MESSAGE][INFO] - Finding web element with id: 'Object Repository/Kullanici_Islemleri/KullaniciIslemleri' located by 'By.cssSelector: .dropdown>a>img' in '10' second(s)

2021-10-21 14:28:04 - [MESSAGE][INFO] - Smart Wait Function is triggered

2021-10-21 14:28:04 - [MESSAGE][INFO] - Found 1 web elements with id: 'Object Repository/Kullanici_Islemleri/KullaniciIslemleri' located by 'By.cssSelector: .dropdown>a>img' in '10' second(s)

2021-10-21 14:28:04 - [MESSAGE][PASSED] - Object 'Object Repository/Kullanici_Islemleri/KullaniciIslemleri' is clickable

2021-10-21 14:28:04 - [TEST_STEP][PASSED] - click(findTestObject("Object Repository/Kullanici_Islemleri/KullaniciIslemleri")): Object: 'Object Repository/Kullanici_Islemleri/KullaniciIslemleri' is clicked on

2021-10-21 14:28:04 - [MESSAGE][INFO] - Finding Test Object 'Object Repository/Kullanici_Islemleri/KullaniciIslemleri'

2021-10-21 14:28:04 - [MESSAGE][INFO] - Checking object

2021-10-21 14:28:04 - [MESSAGE][INFO] - Finding web element from Test Object's properties

2021-10-21 14:28:04 - [MESSAGE][INFO] - Checking timeout

2021-10-21 14:28:04 - [MESSAGE][INFO] - Finding web element with id: 'Object Repository/Kullanici_Islemleri/KullaniciIslemleri' located by 'By.cssSelector: .dropdown>a>img' in '30' second(s)

2021-10-21 14:28:04 - [MESSAGE][INFO] - Smart Wait Function is triggered

2021-10-21 14:28:05 - [MESSAGE][INFO] - Found 1 web elements with id: 'Object Repository/Kullanici_Islemleri/KullaniciIslemleri' located by 'By.cssSelector: .dropdown>a>img' in '30' second(s)

2021-10-21 14:28:05 - [MESSAGE][INFO] - Clicking on object: 'Object Repository/Kullanici_Islemleri/KullaniciIslemleri'

2021-10-21 14:28:05 - [MESSAGE][PASSED] - Object: 'Object Repository/Kullanici_Islemleri/KullaniciIslemleri' is clicked on

2021-10-21 14:28:05 - [TEST_STEP][PASSED] - Method.TextDegerineEsitElementeTikla(findTestObject("Object Repository/Kullanici_Islemleri/Secenekler"), Islem): Method.TextDegerineEsitElementeTikla is PASSED

2021-10-21 14:28:05 - [MESSAGE][INFO] - Finding Test Object 'Object Repository/Kullanici_Islemleri/Secenekler'

2021-10-21 14:28:05 - [MESSAGE][INFO] - Checking timeout

2021-10-21 14:28:05 - [MESSAGE][INFO] - Finding web element with id: 'Object Repository/Kullanici_Islemleri/Secenekler' located by 'By.cssSelector: .nav.navbar-nav.navbar-right li a' in '10' second(s)

2021-10-21 14:28:05 - [MESSAGE][INFO] - Smart Wait Function is triggered

2021-10-21 14:28:05 - [MESSAGE][INFO] - Found 22 web elements with id: 'Object Repository/Kullanici_Islemleri/Secenekler' located by 'By.cssSelector: .nav.navbar-nav.navbar-right li a' in '10' second(s)

2021-10-21 14:28:07 - [MESSAGE][PASSED] - Method.TextDegerineEsitElementeTikla is PASSED

2021-10-21 14:28:07 - [TEST_STEP][PASSED] - verifyElementNotPresent(findTestObject("Object Repository/Kullanici_Islemleri/Secenekler"), 10): Web element with id: 'Object Repository/Kullanici_Islemleri/Secenekler' located by 'By.cssSelector: .nav.navbar-nav.navbar-right li a' is not present after '10' second(s)

2021-10-21 14:28:07 - [MESSAGE][INFO] - Finding Test Object 'Object Repository/Kullanici_Islemleri/Secenekler'

2021-10-21 14:28:07 - [MESSAGE][INFO] - Checking object

2021-10-21 14:28:07 - [MESSAGE][INFO] - Checking timeout

2021-10-21 14:28:07 - [MESSAGE][INFO] - Finding web element with id: 'Object Repository/Kullanici_Islemleri/Secenekler' located by 'By.cssSelector: .nav.navbar-nav.navbar-right li a' in '10' second(s)

2021-10-21 14:28:07 - [MESSAGE][INFO] - Smart Wait Function is triggered

2021-10-21 14:28:07 - [MESSAGE][PASSED] - Web element with id: 'Object Repository/Kullanici_Islemleri/Secenekler' located by 'By.cssSelector: .nav.navbar-nav.navbar-right li a' is not present after '10' second(s)

2021-10-21 14:28:07 - [MESSAGE][PASSED] - Call Test Case 'Test Cases/Kullanici_Islemleri/KullaniciIslemlerindenSecimYapilir' successfully

2021-10-21 14:28:07 - [TEST_CASE][PASSED] - Start Test Case : SCENARIO e-Serbest Meslek Makbuzu Olusturma: SCENARIO e-Serbest Meslek Makbuzu Olusturma

2021-10-21 14:28:07 - [TEST_STEP][PASSED] - Kullanıcı adı ELOGO6 ve Şifre 123456 olarak giriş yapılır: Kullanıcı adı ELOGO6 ve Şifre 123456 olarak giriş yapılır

2021-10-21 14:28:07 - [MESSAGE][PASSED] - Kullanıcı adı ELOGO6 ve Şifre 123456 olarak giriş yapılır

2021-10-21 14:28:07 - [TEST_STEP][PASSED] - Ana menüden e-Makbuz seçilir: Ana menüden e-Makbuz seçilir

2021-10-21 14:28:07 - [MESSAGE][PASSED] - Ana menüden e-Makbuz seçilir

2021-10-21 14:28:07 - [TEST_STEP][PASSED] - Alt menü e-Serbest Meslek Uygulaması başlığı altındaki e-Serbest Meslek Makbuzu Oluşturma seçilir: Alt menü e-Serbest Meslek Uygulaması başlığı altındaki e-Serbest Meslek Makbuzu Oluşturma seçilir

2021-10-21 14:28:07 - [MESSAGE][PASSED] - Alt menü e-Serbest Meslek Uygulaması başlığı altındaki e-Serbest Meslek Makbuzu Oluşturma seçilir

2021-10-21 14:28:07 - [TEST_STEP][PASSED] - Tablodaki tüm veriler silinir: Tablodaki tüm veriler silinir

2021-10-21 14:28:07 - [MESSAGE][PASSED] - Tablodaki tüm veriler silinir

2021-10-21 14:28:07 - [TEST_STEP][PASSED] - Butonlardan Ekle isimli butona tıklanır: Butonlardan Ekle isimli butona tıklanır

2021-10-21 14:28:07 - [MESSAGE][PASSED] - Butonlardan Ekle isimli butona tıklanır

2021-10-21 14:28:07 - [TEST_STEP][PASSED] - Görsel tasarım sayfasının Makbuz Bilgileri başlığını içerdiği kontrol edilir: Görsel tasarım sayfasının Makbuz Bilgileri başlığını içerdiği kontrol edilir

2021-10-21 14:28:07 - [MESSAGE][PASSED] - Görsel tasarım sayfasının Makbuz Bilgileri başlığını içerdiği kontrol edilir

2021-10-21 14:28:07 - [TEST_STEP][PASSED] - Alıcı adı alanına UC0038 girilir: Alıcı adı alanına UC0038 girilir

2021-10-21 14:28:07 - [MESSAGE][PASSED] - Alıcı adı alanına UC0038 girilir

2021-10-21 14:28:07 - [TEST_STEP][PASSED] - Gönderim Şekli Elektronik olarak seçilir: Gönderim Şekli Elektronik olarak seçilir

2021-10-21 14:28:07 - [MESSAGE][PASSED] - Gönderim Şekli Elektronik olarak seçilir

2021-10-21 14:28:07 - [TEST_STEP][PASSED] - Ekle butonuna basılır: Ekle butonuna basılır

2021-10-21 14:28:07 - [MESSAGE][PASSED] - Ekle butonuna basılır

2021-10-21 14:28:07 - [TEST_STEP][PASSED] - Ürün ekleme alanında Ücretin Ne İçin Alındığı başlığına Otomasyon girilir: Ürün ekleme alanında Ücretin Ne İçin Alındığı başlığına Otomasyon girilir

2021-10-21 14:28:07 - [MESSAGE][PASSED] - Ürün ekleme alanında Ücretin Ne İçin Alındığı başlığına Otomasyon girilir

2021-10-21 14:28:07 - [TEST_STEP][PASSED] - Ürün ekleme alanında Brüt Ücret başlığına 400 girilir: Ürün ekleme alanında Brüt Ücret başlığına 400 girilir

2021-10-21 14:28:07 - [MESSAGE][PASSED] - Ürün ekleme alanında Brüt Ücret başlığına 400 girilir

2021-10-21 14:28:07 - [TEST_STEP][PASSED] - Ürün ekleme alanında G.V Stopaj Oranı% başlığına 10 girilir: Ürün ekleme alanında G.V Stopaj Oranı% başlığına 10 girilir

2021-10-21 14:28:07 - [MESSAGE][PASSED] - Ürün ekleme alanında G.V Stopaj Oranı% başlığına 10 girilir

2021-10-21 14:28:07 - [TEST_STEP][PASSED] - Notlar alanına Otomasyon Not girilir: Notlar alanına Otomasyon Not girilir

2021-10-21 14:28:07 - [MESSAGE][PASSED] - Notlar alanına Otomasyon Not girilir

2021-10-21 14:28:07 - [TEST_STEP][PASSED] - Ettn bilgisi kayıt edilir: Ettn bilgisi kayıt edilir

2021-10-21 14:28:07 - [MESSAGE][PASSED] - Ettn bilgisi kayıt edilir

2021-10-21 14:28:07 - [TEST_STEP][PASSED] - Kaydet butonu seçilir: Kaydet butonu seçilir

2021-10-21 14:28:07 - [MESSAGE][PASSED] - Kaydet butonu seçilir

2021-10-21 14:28:07 - [TEST_STEP][PASSED] - Tabloda VirgosolOtomasyon ünvanlı veri oluşturuldu mu: Tabloda VirgosolOtomasyon ünvanlı veri oluşturuldu mu

2021-10-21 14:28:07 - [MESSAGE][PASSED] - Tabloda VirgosolOtomasyon ünvanlı veri oluşturuldu mu

2021-10-21 14:28:07 - [TEST_STEP][PASSED] - Tablodan VirgosolOtomasyon isimli veri seçilir: Tablodan VirgosolOtomasyon isimli veri seçilir

2021-10-21 14:28:07 - [MESSAGE][PASSED] - Tablodan VirgosolOtomasyon isimli veri seçilir

2021-10-21 14:28:07 - [TEST_STEP][PASSED] - Butonlardan Değiştir isimli butona tıklanır: Butonlardan Değiştir isimli butona tıklanır

2021-10-21 14:28:07 - [MESSAGE][PASSED] - Butonlardan Değiştir isimli butona tıklanır

2021-10-21 14:28:07 - [TEST_STEP][PASSED] - Görsel tasarım sayfasının Makbuz Bilgileri başlığını içerdiği kontrol edilir: Görsel tasarım sayfasının Makbuz Bilgileri başlığını içerdiği kontrol edilir

2021-10-21 14:28:07 - [MESSAGE][PASSED] - Görsel tasarım sayfasının Makbuz Bilgileri başlığını içerdiği kontrol edilir

2021-10-21 14:28:07 - [TEST_STEP][PASSED] - Notlar alanına Otomasyon Not Değiştir girilir: Notlar alanına Otomasyon Not Değiştir girilir

2021-10-21 14:28:07 - [MESSAGE][PASSED] - Notlar alanına Otomasyon Not Değiştir girilir

2021-10-21 14:28:07 - [TEST_STEP][PASSED] - Kaydet butonu seçilir: Kaydet butonu seçilir

2021-10-21 14:28:07 - [MESSAGE][PASSED] - Kaydet butonu seçilir

2021-10-21 14:28:07 - [TEST_STEP][PASSED] - Tabloda VirgosolOtomasyon ünvanlı veri oluşturuldu mu: Tabloda VirgosolOtomasyon ünvanlı veri oluşturuldu mu

2021-10-21 14:28:07 - [MESSAGE][PASSED] - Tabloda VirgosolOtomasyon ünvanlı veri oluşturuldu mu

2021-10-21 14:28:07 - [TEST_STEP][PASSED] - Tablodan VirgosolOtomasyon isimli veri seçilir: Tablodan VirgosolOtomasyon isimli veri seçilir

2021-10-21 14:28:07 - [MESSAGE][PASSED] - Tablodan VirgosolOtomasyon isimli veri seçilir

2021-10-21 14:28:07 - [TEST_STEP][PASSED] - Butonlardan Numara Oluştur isimli butona tıklanır: Butonlardan Numara Oluştur isimli butona tıklanır

2021-10-21 14:28:07 - [MESSAGE][PASSED] - Butonlardan Numara Oluştur isimli butona tıklanır

2021-10-21 14:28:07 - [TEST_STEP][PASSED] - Popup mesajı Devam etmek istiyor musunuz içeriyor mu: Popup mesajı Devam etmek istiyor musunuz içeriyor mu

2021-10-21 14:28:07 - [MESSAGE][PASSED] - Popup mesajı Devam etmek istiyor musunuz içeriyor mu

2021-10-21 14:28:07 - [TEST_STEP][PASSED] - Yönetim popupında Evet seçilir: Yönetim popupında Evet seçilir

2021-10-21 14:28:07 - [MESSAGE][PASSED] - Yönetim popupında Evet seçilir

2021-10-21 14:28:07 - [TEST_STEP][PASSED] - Popup mesajı oluşmuştur içeriyor mu: Popup mesajı oluşmuştur içeriyor mu

2021-10-21 14:28:07 - [MESSAGE][PASSED] - Popup mesajı oluşmuştur içeriyor mu

2021-10-21 14:28:07 - [TEST_STEP][PASSED] - Yönetim popupında Tamam seçilir: Yönetim popupında Tamam seçilir

2021-10-21 14:28:07 - [MESSAGE][PASSED] - Yönetim popupında Tamam seçilir

2021-10-21 14:28:07 - [TEST_STEP][PASSED] - Tablodan VirgosolOtomasyon isimli veri seçilir: Tablodan VirgosolOtomasyon isimli veri seçilir

2021-10-21 14:28:07 - [MESSAGE][PASSED] - Tablodan VirgosolOtomasyon isimli veri seçilir

2021-10-21 14:28:07 - [TEST_STEP][PASSED] - Butonlardan Göster isimli butona tıklanır: Butonlardan Göster isimli butona tıklanır

2021-10-21 14:28:07 - [MESSAGE][PASSED] - Butonlardan Göster isimli butona tıklanır

2021-10-21 14:28:07 - [TEST_STEP][PASSED] - Yeni açılan sekmeye geçilir: Yeni açılan sekmeye geçilir

2021-10-21 14:28:07 - [MESSAGE][PASSED] - Yeni açılan sekmeye geçilir

2021-10-21 14:28:07 - [TEST_STEP][PASSED] - Yeni sekme başlığında e-Serbest Meslek Makbuzu var mı kontrol edilir: Yeni sekme başlığında e-Serbest Meslek Makbuzu var mı kontrol edilir

2021-10-21 14:28:07 - [MESSAGE][PASSED] - Yeni sekme başlığında e-Serbest Meslek Makbuzu var mı kontrol edilir

2021-10-21 14:28:07 - [TEST_STEP][PASSED] - Ana sekmeye geçilir: Ana sekmeye geçilir

2021-10-21 14:28:07 - [MESSAGE][PASSED] - Ana sekmeye geçilir

2021-10-21 14:28:07 - [TEST_STEP][PASSED] - Butonlardan UBL isimli butona tıklanır: Butonlardan UBL isimli butona tıklanır

2021-10-21 14:28:07 - [MESSAGE][PASSED] - Butonlardan UBL isimli butona tıklanır

2021-10-21 14:28:07 - [TEST_STEP][PASSED] - Yeni açılan sekmeye geçilir: Yeni açılan sekmeye geçilir

2021-10-21 14:28:07 - [MESSAGE][PASSED] - Yeni açılan sekmeye geçilir

2021-10-21 14:28:07 - [TEST_STEP][PASSED] - CreditNote tagli ubl geldi mi: CreditNote tagli ubl geldi mi

2021-10-21 14:28:07 - [MESSAGE][PASSED] - CreditNote tagli ubl geldi mi

2021-10-21 14:28:07 - [TEST_STEP][PASSED] - Ana sekmeye geçilir: Ana sekmeye geçilir

2021-10-21 14:28:07 - [MESSAGE][PASSED] - Ana sekmeye geçilir

2021-10-21 14:28:07 - [TEST_STEP][PASSED] - Butonlardan Gönder isimli butona tıklanır: Butonlardan Gönder isimli butona tıklanır

2021-10-21 14:28:07 - [MESSAGE][PASSED] - Butonlardan Gönder isimli butona tıklanır

2021-10-21 14:28:07 - [TEST_STEP][PASSED] - Popup mesajı Devam etmek istiyor musunuz içeriyor mu: Popup mesajı Devam etmek istiyor musunuz içeriyor mu

2021-10-21 14:28:07 - [MESSAGE][PASSED] - Popup mesajı Devam etmek istiyor musunuz içeriyor mu

2021-10-21 14:28:07 - [TEST_STEP][PASSED] - Yönetim popupında Evet seçilir: Yönetim popupında Evet seçilir

2021-10-21 14:28:07 - [MESSAGE][PASSED] - Yönetim popupında Evet seçilir

2021-10-21 14:28:07 - [TEST_STEP][PASSED] - Ana menüden e-Makbuz seçilir: Ana menüden e-Makbuz seçilir

2021-10-21 14:28:07 - [MESSAGE][PASSED] - Ana menüden e-Makbuz seçilir

2021-10-21 14:28:07 - [TEST_STEP][PASSED] - Alt menü e-Serbest Meslek Uygulaması başlığı altındaki e-Serbest Meslek Makbuzları seçilir: Alt menü e-Serbest Meslek Uygulaması başlığı altındaki e-Serbest Meslek Makbuzları seçilir

2021-10-21 14:28:07 - [MESSAGE][PASSED] - Alt menü e-Serbest Meslek Uygulaması başlığı altındaki e-Serbest Meslek Makbuzları seçilir

2021-10-21 14:28:07 - [TEST_STEP][PASSED] - Filtrelerden Ettn filtresine Ettn bilgisi yaz: Filtrelerden Ettn filtresine Ettn bilgisi yaz

2021-10-21 14:28:07 - [MESSAGE][PASSED] - Filtrelerden Ettn filtresine Ettn bilgisi yaz

2021-10-21 14:28:07 - [TEST_STEP][PASSED] - Filtre butonlarından Listele seçilir: Filtre butonlarından Listele seçilir

2021-10-21 14:28:07 - [MESSAGE][PASSED] - Filtre butonlarından Listele seçilir

2021-10-21 14:28:07 - [TEST_STEP][PASSED] - Tabloda veri var mı kontrol edilir: Tabloda veri var mı kontrol edilir

2021-10-21 14:28:07 - [MESSAGE][PASSED] - Tabloda veri var mı kontrol edilir

2021-10-21 14:28:07 - [TEST_STEP][PASSED] - Tabloda yeni oluşturulan smm verisi başarılı mı: Tabloda yeni oluşturulan smm verisi başarılı mı

2021-10-21 14:28:07 - [MESSAGE][PASSED] - Tabloda yeni oluşturulan smm verisi başarılı mı

2021-10-21 14:28:07 - [TEST_STEP][PASSED] - Kullanıcı işlemlerinden Çıkış seçilir: Kullanıcı işlemlerinden Çıkış seçilir

2021-10-21 14:28:07 - [MESSAGE][PASSED] - Kullanıcı işlemlerinden Çıkış seçilir

2021-10-21 14:28:07 - [MESSAGE][PASSED] - Feature file: 'Include/features/e-Makbuz/e-Serbest Meslek Uygulaması/e-Serbest Meslek Makbuzu Olusturma/Ekle/Elektronik Tipinde.feature' was passed

2021-10-21 14:28:07 - [TEST_STEP][PASSED] - Start listener action : sampleAfterTestSuite: Invoke 'com.kms.katalon.core.annotation.AfterTestCase' method: 'Listener.sampleAfterTestSuite(...)' completed.

2021-10-21 14:28:07 - [MESSAGE][INFO] - Starting invoke 'com.kms.katalon.core.annotation.AfterTestCase' method: 'Listener.sampleAfterTestSuite(...)'

2021-10-21 14:28:07 - [TEST_STEP][PASSED] - closeBrowser(): Invoke 'com.kms.katalon.core.annotation.AfterTestCase' method: 'Listener.sampleAfterTestSuite(...)' completed.

2021-10-21 14:28:07 - [MESSAGE][INFO] - Closing browser

2021-10-21 14:28:08 - [MESSAGE][PASSED] - Browser is closed

2021-10-21 14:28:08 - [MESSAGE][INFO] - Invoke 'com.kms.katalon.core.annotation.AfterTestCase' method: 'Listener.sampleAfterTestSuite(...)' completed.]]></system-out>
         <system-err><![CDATA[]]></system-err>
      </testcase>
      <testcase name="Test Cases/Case Repository/e-Makbuz/e-Serbest Meslek Uygulamasi/e-Serbest Meslek Makbuzu Olusturma/Ekran Kontrolu" time="31.666" classname="Test Cases/Case Repository/e-Makbuz/e-Serbest Meslek Uygulamasi/e-Serbest Meslek Makbuzu Olusturma/Ekran Kontrolu" status="PASSED">
         <system-out><![CDATA[2021-10-21 14:28:08 - [TEST_CASE][PASSED] - Test Cases/Case Repository/e-Makbuz/e-Serbest Meslek Uygulamasi/e-Serbest Meslek Makbuzu Olusturma/Ekran Kontrolu: Test Cases/Case Repository/e-Makbuz/e-Serbest Meslek Uygulamasi/e-Serbest Meslek Makbuzu Olusturma/Ekran Kontrolu

2021-10-21 14:28:08 - [TEST_STEP][PASSED] - Start listener action : sampleBeforeTestSuite: Invoke 'com.kms.katalon.core.annotation.BeforeTestCase' method: 'Listener.sampleBeforeTestSuite(...)' completed.

2021-10-21 14:28:08 - [MESSAGE][INFO] - Starting invoke 'com.kms.katalon.core.annotation.BeforeTestCase' method: 'Listener.sampleBeforeTestSuite(...)'

2021-10-21 14:28:08 - [TEST_STEP][PASSED] - openBrowser(baseUrl): Browser is opened with url: 'https://efatura-stage.elogo.com.tr/'

2021-10-21 14:28:08 - [MESSAGE][INFO] - Opening browser

2021-10-21 14:28:08 - [MESSAGE][INFO] - Starting 'Chrome' driver

2021-10-21 14:28:08 - [MESSAGE][INFO] - User set preference: ['prefs', '{download.default_directory=C:\otomasyondownfiles}']

2021-10-21 14:28:08 - [MESSAGE][INFO] - Action delay is set to 0 milliseconds

2021-10-21 14:28:09 - [MESSAGE][INFO] - Navigating browser to: 'https://efatura-stage.elogo.com.tr/'

2021-10-21 14:28:12 - [MESSAGE][PASSED] - Browser is opened with url: 'https://efatura-stage.elogo.com.tr/'

2021-10-21 14:28:12 - [TEST_STEP][PASSED] - maximizeWindow(): Invoke 'com.kms.katalon.core.annotation.BeforeTestCase' method: 'Listener.sampleBeforeTestSuite(...)' completed.

2021-10-21 14:28:12 - [MESSAGE][INFO] - Maximizing current window

2021-10-21 14:28:12 - [MESSAGE][PASSED] - Current window maximized

2021-10-21 14:28:12 - [MESSAGE][INFO] - Invoke 'com.kms.katalon.core.annotation.BeforeTestCase' method: 'Listener.sampleBeforeTestSuite(...)' completed.

2021-10-21 14:28:12 - [TEST_STEP][PASSED] - runFeatureFile("Include/features/e-Makbuz/e-Serbest Meslek Uygulaması/e-Serbest Meslek Makbuzu Olusturma/Ekran Kontrolu.feature"): Feature file: 'Include/features/e-Makbuz/e-Serbest Meslek Uygulaması/e-Serbest Meslek Makbuzu Olusturma/Ekran Kontrolu.feature' was passed

2021-10-21 14:28:12 - [MESSAGE][INFO] - Starting run keyword runFeatureFile: 'Include/features/e-Makbuz/e-Serbest Meslek Uygulaması/e-Serbest Meslek Makbuzu Olusturma/Ekran Kontrolu.feature' and extract report to folder: 'C:\Users\DELL\Downloads\EES_Katalon-main\Reports\20211021_140437\Suite Repository\e-Makbuz\20211021_140511/cucumber_report/1634815692887'...

2021-10-21 14:28:12 - [MESSAGE][INFO] - Glue: []

2021-10-21 14:28:13 - [MESSAGE][INFO] - Checking called Test Case

2021-10-21 14:28:13 - [MESSAGE][INFO] - Starting to call Test Case 'Test Cases/Sayfalar/Giris_Sayfasi/Login'

2021-10-21 14:28:14 - [TEST_CASE][PASSED] - Test Cases/Sayfalar/Giris_Sayfasi/Login: Test Cases/Sayfalar/Giris_Sayfasi/Login

2021-10-21 14:28:14 - [TEST_STEP][PASSED] - Sayfa_Basligi = getWindowTitle(): Current window's title is: 'LOGO e-Fatura'

2021-10-21 14:28:14 - [MESSAGE][INFO] - Getting current window's title

2021-10-21 14:28:14 - [MESSAGE][PASSED] - Current window's title is: 'LOGO e-Fatura'

2021-10-21 14:28:14 - [TEST_STEP][PASSED] - verifyMatch(Sayfa_Basligi, "LOGO e-Fatura", false): Actual text 'LOGO e-Fatura' and expected text 'LOGO e-Fatura' are matched 

2021-10-21 14:28:14 - [MESSAGE][INFO] - Matching actual text 'LOGO e-Fatura' with expected text 'LOGO e-Fatura'

2021-10-21 14:28:14 - [MESSAGE][PASSED] - Actual text 'LOGO e-Fatura' and expected text 'LOGO e-Fatura' are matched 

2021-10-21 14:28:14 - [TEST_STEP][PASSED] - sendKeys(findTestObject("Sayfalar/Giris_Sayfasi/Firma_Kodu"), KullaniciAdi): Keys 'ELOGO6' sent to object: 'Object Repository/Sayfalar/Giris_Sayfasi/Firma_Kodu'

2021-10-21 14:28:14 - [MESSAGE][INFO] - Finding Test Object 'Object Repository/Sayfalar/Giris_Sayfasi/Firma_Kodu'

2021-10-21 14:28:14 - [MESSAGE][INFO] - Sending keys 'ELOGO6' to object: 'Object Repository/Sayfalar/Giris_Sayfasi/Firma_Kodu'

2021-10-21 14:28:14 - [MESSAGE][INFO] - Finding web element from Test Object's properties

2021-10-21 14:28:14 - [MESSAGE][INFO] - Checking timeout

2021-10-21 14:28:14 - [MESSAGE][INFO] - Finding web element with id: 'Object Repository/Sayfalar/Giris_Sayfasi/Firma_Kodu' located by 'By.xpath: //*[@id = 'AccountName']' in '30' second(s)

2021-10-21 14:28:14 - [MESSAGE][INFO] - Smart Wait Function is triggered

2021-10-21 14:28:14 - [MESSAGE][INFO] - Found 1 web elements with id: 'Object Repository/Sayfalar/Giris_Sayfasi/Firma_Kodu' located by 'By.xpath: //*[@id = 'AccountName']' in '30' second(s)

2021-10-21 14:28:14 - [MESSAGE][PASSED] - Keys 'ELOGO6' sent to object: 'Object Repository/Sayfalar/Giris_Sayfasi/Firma_Kodu'

2021-10-21 14:28:14 - [TEST_STEP][PASSED] - sendKeys(findTestObject("Sayfalar/Giris_Sayfasi/Sifre"), Sifre): Keys '123456' sent to object: 'Object Repository/Sayfalar/Giris_Sayfasi/Sifre'

2021-10-21 14:28:14 - [MESSAGE][INFO] - Finding Test Object 'Object Repository/Sayfalar/Giris_Sayfasi/Sifre'

2021-10-21 14:28:14 - [MESSAGE][INFO] - Sending keys '123456' to object: 'Object Repository/Sayfalar/Giris_Sayfasi/Sifre'

2021-10-21 14:28:14 - [MESSAGE][INFO] - Finding web element from Test Object's properties

2021-10-21 14:28:14 - [MESSAGE][INFO] - Checking timeout

2021-10-21 14:28:14 - [MESSAGE][INFO] - Finding web element with id: 'Object Repository/Sayfalar/Giris_Sayfasi/Sifre' located by 'By.xpath: //*[@id = 'Password']' in '30' second(s)

2021-10-21 14:28:14 - [MESSAGE][INFO] - Smart Wait Function is triggered

2021-10-21 14:28:14 - [MESSAGE][INFO] - Found 1 web elements with id: 'Object Repository/Sayfalar/Giris_Sayfasi/Sifre' located by 'By.xpath: //*[@id = 'Password']' in '30' second(s)

2021-10-21 14:28:14 - [MESSAGE][PASSED] - Keys '123456' sent to object: 'Object Repository/Sayfalar/Giris_Sayfasi/Sifre'

2021-10-21 14:28:14 - [TEST_STEP][PASSED] - findWebElement(findTestObject("Sayfalar/Giris_Sayfasi/Giris_Butonu")).click(): Found 1 web elements with id: 'Object Repository/Sayfalar/Giris_Sayfasi/Giris_Butonu' located by 'By.cssSelector: #btnLogin' in '30' second(s)

2021-10-21 14:28:14 - [MESSAGE][INFO] - Finding Test Object 'Object Repository/Sayfalar/Giris_Sayfasi/Giris_Butonu'

2021-10-21 14:28:14 - [MESSAGE][INFO] - Finding web element from Test Object's properties

2021-10-21 14:28:14 - [MESSAGE][INFO] - Checking timeout

2021-10-21 14:28:14 - [MESSAGE][INFO] - Finding web element with id: 'Object Repository/Sayfalar/Giris_Sayfasi/Giris_Butonu' located by 'By.cssSelector: #btnLogin' in '30' second(s)

2021-10-21 14:28:14 - [MESSAGE][INFO] - Smart Wait Function is triggered

2021-10-21 14:28:15 - [MESSAGE][INFO] - Found 1 web elements with id: 'Object Repository/Sayfalar/Giris_Sayfasi/Giris_Butonu' located by 'By.cssSelector: #btnLogin' in '30' second(s)

2021-10-21 14:28:17 - [TEST_STEP][PASSED] - if (verifyElementPresent(findTestObject("Object Repository/Sayfalar/Giris_Sayfasi/RetveTamam_Butonu"), 5, OPTIONAL)): null

2021-10-21 14:28:17 - [MESSAGE][INFO] - Finding Test Object 'Object Repository/Sayfalar/Giris_Sayfasi/RetveTamam_Butonu'

2021-10-21 14:28:17 - [MESSAGE][INFO] - Checking object

2021-10-21 14:28:17 - [MESSAGE][INFO] - Finding web element from Test Object's properties

2021-10-21 14:28:17 - [MESSAGE][INFO] - Checking timeout

2021-10-21 14:28:17 - [MESSAGE][INFO] - Finding web element with id: 'Object Repository/Sayfalar/Giris_Sayfasi/RetveTamam_Butonu' located by 'By.xpath: //*[@class = 'btn btn-default']' in '5' second(s)

2021-10-21 14:28:17 - [MESSAGE][INFO] - Smart Wait Function is triggered

2021-10-21 14:28:18 - [MESSAGE][INFO] - Found 1 web elements with id: 'Object Repository/Sayfalar/Giris_Sayfasi/RetveTamam_Butonu' located by 'By.xpath: //*[@class = 'btn btn-default']' in '5' second(s)

2021-10-21 14:28:18 - [MESSAGE][PASSED] - Object 'Object Repository/Sayfalar/Giris_Sayfasi/RetveTamam_Butonu' is present

2021-10-21 14:28:18 - [TEST_STEP][PASSED] - click(findTestObject("Object Repository/Sayfalar/Giris_Sayfasi/RetveTamam_Butonu")): Object: 'Object Repository/Sayfalar/Giris_Sayfasi/RetveTamam_Butonu' is clicked on

2021-10-21 14:28:18 - [MESSAGE][INFO] - Finding Test Object 'Object Repository/Sayfalar/Giris_Sayfasi/RetveTamam_Butonu'

2021-10-21 14:28:18 - [MESSAGE][INFO] - Checking object

2021-10-21 14:28:18 - [MESSAGE][INFO] - Finding web element from Test Object's properties

2021-10-21 14:28:18 - [MESSAGE][INFO] - Checking timeout

2021-10-21 14:28:18 - [MESSAGE][INFO] - Finding web element with id: 'Object Repository/Sayfalar/Giris_Sayfasi/RetveTamam_Butonu' located by 'By.xpath: //*[@class = 'btn btn-default']' in '30' second(s)

2021-10-21 14:28:18 - [MESSAGE][INFO] - Smart Wait Function is triggered

2021-10-21 14:28:18 - [MESSAGE][INFO] - Found 1 web elements with id: 'Object Repository/Sayfalar/Giris_Sayfasi/RetveTamam_Butonu' located by 'By.xpath: //*[@class = 'btn btn-default']' in '30' second(s)

2021-10-21 14:28:18 - [MESSAGE][INFO] - Clicking on object: 'Object Repository/Sayfalar/Giris_Sayfasi/RetveTamam_Butonu'

2021-10-21 14:28:18 - [MESSAGE][PASSED] - Object: 'Object Repository/Sayfalar/Giris_Sayfasi/RetveTamam_Butonu' is clicked on

2021-10-21 14:28:18 - [TEST_STEP][PASSED] - click(findTestObject("Object Repository/Sayfalar/Giris_Sayfasi/RetveTamam_Butonu")): Object: 'Object Repository/Sayfalar/Giris_Sayfasi/RetveTamam_Butonu' is clicked on

2021-10-21 14:28:18 - [MESSAGE][INFO] - Finding Test Object 'Object Repository/Sayfalar/Giris_Sayfasi/RetveTamam_Butonu'

2021-10-21 14:28:18 - [MESSAGE][INFO] - Checking object

2021-10-21 14:28:18 - [MESSAGE][INFO] - Finding web element from Test Object's properties

2021-10-21 14:28:18 - [MESSAGE][INFO] - Checking timeout

2021-10-21 14:28:18 - [MESSAGE][INFO] - Finding web element with id: 'Object Repository/Sayfalar/Giris_Sayfasi/RetveTamam_Butonu' located by 'By.xpath: //*[@class = 'btn btn-default']' in '30' second(s)

2021-10-21 14:28:18 - [MESSAGE][INFO] - Smart Wait Function is triggered

2021-10-21 14:28:21 - [MESSAGE][INFO] - Found 1 web elements with id: 'Object Repository/Sayfalar/Giris_Sayfasi/RetveTamam_Butonu' located by 'By.xpath: //*[@class = 'btn btn-default']' in '30' second(s)

2021-10-21 14:28:21 - [MESSAGE][INFO] - Clicking on object: 'Object Repository/Sayfalar/Giris_Sayfasi/RetveTamam_Butonu'

2021-10-21 14:28:21 - [MESSAGE][PASSED] - Object: 'Object Repository/Sayfalar/Giris_Sayfasi/RetveTamam_Butonu' is clicked on

2021-10-21 14:28:21 - [TEST_STEP][PASSED] - if (verifyElementPresent(findTestObject("Sayfalar/Giris_Sayfasi/PopupOK"), 5, OPTIONAL)): null

2021-10-21 14:28:21 - [MESSAGE][INFO] - Finding Test Object 'Object Repository/Sayfalar/Giris_Sayfasi/PopupOK'

2021-10-21 14:28:22 - [MESSAGE][INFO] - Checking object

2021-10-21 14:28:22 - [MESSAGE][INFO] - Finding web element from Test Object's properties

2021-10-21 14:28:22 - [MESSAGE][INFO] - Checking timeout

2021-10-21 14:28:22 - [MESSAGE][INFO] - Finding web element with id: 'Object Repository/Sayfalar/Giris_Sayfasi/PopupOK' located by 'By.cssSelector: .btn.btn-success' in '5' second(s)

2021-10-21 14:28:22 - [MESSAGE][INFO] - Smart Wait Function is triggered

2021-10-21 14:28:22 - [MESSAGE][INFO] - Found 1 web elements with id: 'Object Repository/Sayfalar/Giris_Sayfasi/PopupOK' located by 'By.cssSelector: .btn.btn-success' in '5' second(s)

2021-10-21 14:28:22 - [MESSAGE][PASSED] - Object 'Object Repository/Sayfalar/Giris_Sayfasi/PopupOK' is present

2021-10-21 14:28:22 - [TEST_STEP][PASSED] - click(findTestObject("Object Repository/Sayfalar/Giris_Sayfasi/PopupCarpiGiris")): Object: 'Object Repository/Sayfalar/Giris_Sayfasi/PopupCarpiGiris' is clicked on

2021-10-21 14:28:22 - [MESSAGE][INFO] - Finding Test Object 'Object Repository/Sayfalar/Giris_Sayfasi/PopupCarpiGiris'

2021-10-21 14:28:22 - [MESSAGE][INFO] - Checking object

2021-10-21 14:28:22 - [MESSAGE][INFO] - Finding web element from Test Object's properties

2021-10-21 14:28:22 - [MESSAGE][INFO] - Checking timeout

2021-10-21 14:28:22 - [MESSAGE][INFO] - Finding web element with id: 'Object Repository/Sayfalar/Giris_Sayfasi/PopupCarpiGiris' located by 'By.cssSelector: .bootbox-close-button.close' in '30' second(s)

2021-10-21 14:28:22 - [MESSAGE][INFO] - Smart Wait Function is triggered

2021-10-21 14:28:23 - [MESSAGE][INFO] - Found 1 web elements with id: 'Object Repository/Sayfalar/Giris_Sayfasi/PopupCarpiGiris' located by 'By.cssSelector: .bootbox-close-button.close' in '30' second(s)

2021-10-21 14:28:23 - [MESSAGE][INFO] - Clicking on object: 'Object Repository/Sayfalar/Giris_Sayfasi/PopupCarpiGiris'

2021-10-21 14:28:23 - [MESSAGE][PASSED] - Object: 'Object Repository/Sayfalar/Giris_Sayfasi/PopupCarpiGiris' is clicked on

2021-10-21 14:28:23 - [TEST_STEP][PASSED] - verifyElementVisible(findTestObject("Object Repository/Kullanici_Islemleri/KullaniciIslemleri")): Object 'Object Repository/Kullanici_Islemleri/KullaniciIslemleri' is visible

2021-10-21 14:28:23 - [MESSAGE][INFO] - Finding Test Object 'Object Repository/Kullanici_Islemleri/KullaniciIslemleri'

2021-10-21 14:28:23 - [MESSAGE][INFO] - Checking object

2021-10-21 14:28:23 - [MESSAGE][INFO] - Finding web element from Test Object's properties

2021-10-21 14:28:23 - [MESSAGE][INFO] - Checking timeout

2021-10-21 14:28:23 - [MESSAGE][INFO] - Finding web element with id: 'Object Repository/Kullanici_Islemleri/KullaniciIslemleri' located by 'By.cssSelector: .dropdown>a>img' in '30' second(s)

2021-10-21 14:28:23 - [MESSAGE][INFO] - Smart Wait Function is triggered

2021-10-21 14:28:23 - [MESSAGE][INFO] - Found 1 web elements with id: 'Object Repository/Kullanici_Islemleri/KullaniciIslemleri' located by 'By.cssSelector: .dropdown>a>img' in '30' second(s)

2021-10-21 14:28:23 - [MESSAGE][PASSED] - Object 'Object Repository/Kullanici_Islemleri/KullaniciIslemleri' is visible

2021-10-21 14:28:23 - [MESSAGE][PASSED] - Call Test Case 'Test Cases/Sayfalar/Giris_Sayfasi/Login' successfully

2021-10-21 14:28:23 - [MESSAGE][INFO] - Checking called Test Case

2021-10-21 14:28:23 - [MESSAGE][INFO] - Starting to call Test Case 'Test Cases/Menu/AnaMenuSecimi'

2021-10-21 14:28:24 - [TEST_CASE][PASSED] - Test Cases/Menu/AnaMenuSecimi: Test Cases/Menu/AnaMenuSecimi

2021-10-21 14:28:24 - [TEST_STEP][PASSED] - Method.TextDegerineEsitElementeTikla(findTestObject("Menu/Ana_Menu"), Ana_Menu): Method.TextDegerineEsitElementeTikla is PASSED

2021-10-21 14:28:24 - [MESSAGE][INFO] - Finding Test Object 'Object Repository/Menu/Ana_Menu'

2021-10-21 14:28:24 - [MESSAGE][INFO] - Checking timeout

2021-10-21 14:28:24 - [MESSAGE][INFO] - Finding web element with id: 'Object Repository/Menu/Ana_Menu' located by 'By.xpath: //*[@class = 'dropdown-toggle']' in '10' second(s)

2021-10-21 14:28:24 - [MESSAGE][INFO] - Smart Wait Function is triggered

2021-10-21 14:28:24 - [MESSAGE][INFO] - Found 14 web elements with id: 'Object Repository/Menu/Ana_Menu' located by 'By.xpath: //*[@class = 'dropdown-toggle']' in '10' second(s)

2021-10-21 14:28:24 - [MESSAGE][PASSED] - Method.TextDegerineEsitElementeTikla is PASSED

2021-10-21 14:28:24 - [MESSAGE][PASSED] - Call Test Case 'Test Cases/Menu/AnaMenuSecimi' successfully

2021-10-21 14:28:24 - [MESSAGE][INFO] - Checking called Test Case

2021-10-21 14:28:24 - [MESSAGE][INFO] - Starting to call Test Case 'Test Cases/Menu/BasligaGoreAltMenuSecimi'

2021-10-21 14:28:24 - [TEST_CASE][PASSED] - Test Cases/Menu/BasligaGoreAltMenuSecimi: Test Cases/Menu/BasligaGoreAltMenuSecimi

2021-10-21 14:28:24 - [TEST_STEP][PASSED] - Method.TextDegerineEsitElementinAltindakiTextDegerineEsitOlanaTikla(findTestObject("Menu/Menu_Basligi"), findTestObject("Menu/Basliga_Gore_Alt_Menu"), Baslik, Alt_Menu): Method.TextDegerineEsitElementinAltindakiTextDegerineEsitOlanaTikla is PASSED

2021-10-21 14:28:24 - [MESSAGE][INFO] - Finding Test Object 'Object Repository/Menu/Menu_Basligi'

2021-10-21 14:28:24 - [MESSAGE][INFO] - Finding Test Object 'Object Repository/Menu/Basliga_Gore_Alt_Menu'

2021-10-21 14:28:24 - [MESSAGE][INFO] - Checking timeout

2021-10-21 14:28:24 - [MESSAGE][INFO] - Finding web element with id: 'Object Repository/Menu/Menu_Basligi' located by 'By.xpath: //li[@class='dropdown dropdown-large open']//li[@class='dropdown-header']' in '10' second(s)

2021-10-21 14:28:24 - [MESSAGE][INFO] - Smart Wait Function is triggered

2021-10-21 14:28:25 - [MESSAGE][INFO] - Found 2 web elements with id: 'Object Repository/Menu/Menu_Basligi' located by 'By.xpath: //li[@class='dropdown dropdown-large open']//li[@class='dropdown-header']' in '10' second(s)

2021-10-21 14:28:25 - [MESSAGE][INFO] - Smart Wait Function is triggered

2021-10-21 14:28:27 - [MESSAGE][PASSED] - Method.TextDegerineEsitElementinAltindakiTextDegerineEsitOlanaTikla is PASSED

2021-10-21 14:28:27 - [MESSAGE][PASSED] - Call Test Case 'Test Cases/Menu/BasligaGoreAltMenuSecimi' successfully

2021-10-21 14:28:27 - [MESSAGE][INFO] - Checking called Test Case

2021-10-21 14:28:27 - [MESSAGE][INFO] - Starting to call Test Case 'Test Cases/Filtreler/FiltreVarMi'

2021-10-21 14:28:27 - [TEST_CASE][PASSED] - Test Cases/Filtreler/FiltreVarMi: Test Cases/Filtreler/FiltreVarMi

2021-10-21 14:28:27 - [TEST_STEP][PASSED] - Method.TextDegerineEsitElementVarMi(findTestObject("Filtreler/Basliklar"), Filtre_alan): Method.TextDegerineEsitElementVarMi is PASSED

2021-10-21 14:28:27 - [MESSAGE][INFO] - Finding Test Object 'Object Repository/Filtreler/Basliklar'

2021-10-21 14:28:27 - [MESSAGE][INFO] - Checking timeout

2021-10-21 14:28:27 - [MESSAGE][INFO] - Finding web element with id: 'Object Repository/Filtreler/Basliklar' located by 'By.cssSelector: .control-label.col-sm-4.paddingMarginRLC' in '10' second(s)

2021-10-21 14:28:27 - [MESSAGE][INFO] - Smart Wait Function is triggered

2021-10-21 14:28:28 - [MESSAGE][INFO] - Found 7 web elements with id: 'Object Repository/Filtreler/Basliklar' located by 'By.cssSelector: .control-label.col-sm-4.paddingMarginRLC' in '10' second(s)

2021-10-21 14:28:28 - [MESSAGE][PASSED] - Method.TextDegerineEsitElementVarMi is PASSED

2021-10-21 14:28:28 - [MESSAGE][PASSED] - Call Test Case 'Test Cases/Filtreler/FiltreVarMi' successfully

2021-10-21 14:28:28 - [MESSAGE][INFO] - Checking called Test Case

2021-10-21 14:28:28 - [MESSAGE][INFO] - Starting to call Test Case 'Test Cases/Filtreler/FiltreVarMi'

2021-10-21 14:28:28 - [TEST_CASE][PASSED] - Test Cases/Filtreler/FiltreVarMi: Test Cases/Filtreler/FiltreVarMi

2021-10-21 14:28:28 - [TEST_STEP][PASSED] - Method.TextDegerineEsitElementVarMi(findTestObject("Filtreler/Basliklar"), Filtre_alan): Method.TextDegerineEsitElementVarMi is PASSED

2021-10-21 14:28:28 - [MESSAGE][INFO] - Finding Test Object 'Object Repository/Filtreler/Basliklar'

2021-10-21 14:28:28 - [MESSAGE][INFO] - Checking timeout

2021-10-21 14:28:28 - [MESSAGE][INFO] - Finding web element with id: 'Object Repository/Filtreler/Basliklar' located by 'By.cssSelector: .control-label.col-sm-4.paddingMarginRLC' in '10' second(s)

2021-10-21 14:28:28 - [MESSAGE][INFO] - Smart Wait Function is triggered

2021-10-21 14:28:28 - [MESSAGE][INFO] - Found 7 web elements with id: 'Object Repository/Filtreler/Basliklar' located by 'By.cssSelector: .control-label.col-sm-4.paddingMarginRLC' in '10' second(s)

2021-10-21 14:28:28 - [MESSAGE][PASSED] - Method.TextDegerineEsitElementVarMi is PASSED

2021-10-21 14:28:28 - [MESSAGE][PASSED] - Call Test Case 'Test Cases/Filtreler/FiltreVarMi' successfully

2021-10-21 14:28:28 - [MESSAGE][INFO] - Checking called Test Case

2021-10-21 14:28:28 - [MESSAGE][INFO] - Starting to call Test Case 'Test Cases/Filtreler/FiltreVarMi'

2021-10-21 14:28:28 - [TEST_CASE][PASSED] - Test Cases/Filtreler/FiltreVarMi: Test Cases/Filtreler/FiltreVarMi

2021-10-21 14:28:28 - [TEST_STEP][PASSED] - Method.TextDegerineEsitElementVarMi(findTestObject("Filtreler/Basliklar"), Filtre_alan): Method.TextDegerineEsitElementVarMi is PASSED

2021-10-21 14:28:28 - [MESSAGE][INFO] - Finding Test Object 'Object Repository/Filtreler/Basliklar'

2021-10-21 14:28:28 - [MESSAGE][INFO] - Checking timeout

2021-10-21 14:28:28 - [MESSAGE][INFO] - Finding web element with id: 'Object Repository/Filtreler/Basliklar' located by 'By.cssSelector: .control-label.col-sm-4.paddingMarginRLC' in '10' second(s)

2021-10-21 14:28:28 - [MESSAGE][INFO] - Smart Wait Function is triggered

2021-10-21 14:28:29 - [MESSAGE][INFO] - Found 7 web elements with id: 'Object Repository/Filtreler/Basliklar' located by 'By.cssSelector: .control-label.col-sm-4.paddingMarginRLC' in '10' second(s)

2021-10-21 14:28:29 - [MESSAGE][PASSED] - Method.TextDegerineEsitElementVarMi is PASSED

2021-10-21 14:28:29 - [MESSAGE][PASSED] - Call Test Case 'Test Cases/Filtreler/FiltreVarMi' successfully

2021-10-21 14:28:29 - [MESSAGE][INFO] - Checking called Test Case

2021-10-21 14:28:29 - [MESSAGE][INFO] - Starting to call Test Case 'Test Cases/Filtreler/FiltreVarMi'

2021-10-21 14:28:29 - [TEST_CASE][PASSED] - Test Cases/Filtreler/FiltreVarMi: Test Cases/Filtreler/FiltreVarMi

2021-10-21 14:28:29 - [TEST_STEP][PASSED] - Method.TextDegerineEsitElementVarMi(findTestObject("Filtreler/Basliklar"), Filtre_alan): Method.TextDegerineEsitElementVarMi is PASSED

2021-10-21 14:28:29 - [MESSAGE][INFO] - Finding Test Object 'Object Repository/Filtreler/Basliklar'

2021-10-21 14:28:29 - [MESSAGE][INFO] - Checking timeout

2021-10-21 14:28:29 - [MESSAGE][INFO] - Finding web element with id: 'Object Repository/Filtreler/Basliklar' located by 'By.cssSelector: .control-label.col-sm-4.paddingMarginRLC' in '10' second(s)

2021-10-21 14:28:29 - [MESSAGE][INFO] - Smart Wait Function is triggered

2021-10-21 14:28:29 - [MESSAGE][INFO] - Found 7 web elements with id: 'Object Repository/Filtreler/Basliklar' located by 'By.cssSelector: .control-label.col-sm-4.paddingMarginRLC' in '10' second(s)

2021-10-21 14:28:29 - [MESSAGE][PASSED] - Method.TextDegerineEsitElementVarMi is PASSED

2021-10-21 14:28:29 - [MESSAGE][PASSED] - Call Test Case 'Test Cases/Filtreler/FiltreVarMi' successfully

2021-10-21 14:28:29 - [MESSAGE][INFO] - Checking called Test Case

2021-10-21 14:28:29 - [MESSAGE][INFO] - Starting to call Test Case 'Test Cases/Filtreler/FiltreVarMi'

2021-10-21 14:28:29 - [TEST_CASE][PASSED] - Test Cases/Filtreler/FiltreVarMi: Test Cases/Filtreler/FiltreVarMi

2021-10-21 14:28:29 - [TEST_STEP][PASSED] - Method.TextDegerineEsitElementVarMi(findTestObject("Filtreler/Basliklar"), Filtre_alan): Method.TextDegerineEsitElementVarMi is PASSED

2021-10-21 14:28:29 - [MESSAGE][INFO] - Finding Test Object 'Object Repository/Filtreler/Basliklar'

2021-10-21 14:28:29 - [MESSAGE][INFO] - Checking timeout

2021-10-21 14:28:29 - [MESSAGE][INFO] - Finding web element with id: 'Object Repository/Filtreler/Basliklar' located by 'By.cssSelector: .control-label.col-sm-4.paddingMarginRLC' in '10' second(s)

2021-10-21 14:28:29 - [MESSAGE][INFO] - Smart Wait Function is triggered

2021-10-21 14:28:30 - [MESSAGE][INFO] - Found 7 web elements with id: 'Object Repository/Filtreler/Basliklar' located by 'By.cssSelector: .control-label.col-sm-4.paddingMarginRLC' in '10' second(s)

2021-10-21 14:28:30 - [MESSAGE][PASSED] - Method.TextDegerineEsitElementVarMi is PASSED

2021-10-21 14:28:30 - [MESSAGE][PASSED] - Call Test Case 'Test Cases/Filtreler/FiltreVarMi' successfully

2021-10-21 14:28:30 - [MESSAGE][INFO] - Checking called Test Case

2021-10-21 14:28:30 - [MESSAGE][INFO] - Starting to call Test Case 'Test Cases/Filtreler/FiltreVarMi'

2021-10-21 14:28:30 - [TEST_CASE][PASSED] - Test Cases/Filtreler/FiltreVarMi: Test Cases/Filtreler/FiltreVarMi

2021-10-21 14:28:30 - [TEST_STEP][PASSED] - Method.TextDegerineEsitElementVarMi(findTestObject("Filtreler/Basliklar"), Filtre_alan): Method.TextDegerineEsitElementVarMi is PASSED

2021-10-21 14:28:30 - [MESSAGE][INFO] - Finding Test Object 'Object Repository/Filtreler/Basliklar'

2021-10-21 14:28:30 - [MESSAGE][INFO] - Checking timeout

2021-10-21 14:28:30 - [MESSAGE][INFO] - Finding web element with id: 'Object Repository/Filtreler/Basliklar' located by 'By.cssSelector: .control-label.col-sm-4.paddingMarginRLC' in '10' second(s)

2021-10-21 14:28:30 - [MESSAGE][INFO] - Smart Wait Function is triggered

2021-10-21 14:28:30 - [MESSAGE][INFO] - Found 7 web elements with id: 'Object Repository/Filtreler/Basliklar' located by 'By.cssSelector: .control-label.col-sm-4.paddingMarginRLC' in '10' second(s)

2021-10-21 14:28:30 - [MESSAGE][PASSED] - Method.TextDegerineEsitElementVarMi is PASSED

2021-10-21 14:28:30 - [MESSAGE][PASSED] - Call Test Case 'Test Cases/Filtreler/FiltreVarMi' successfully

2021-10-21 14:28:30 - [MESSAGE][INFO] - Checking called Test Case

2021-10-21 14:28:30 - [MESSAGE][INFO] - Starting to call Test Case 'Test Cases/Filtreler/FiltreVarMi'

2021-10-21 14:28:30 - [TEST_CASE][PASSED] - Test Cases/Filtreler/FiltreVarMi: Test Cases/Filtreler/FiltreVarMi

2021-10-21 14:28:30 - [TEST_STEP][PASSED] - Method.TextDegerineEsitElementVarMi(findTestObject("Filtreler/Basliklar"), Filtre_alan): Method.TextDegerineEsitElementVarMi is PASSED

2021-10-21 14:28:30 - [MESSAGE][INFO] - Finding Test Object 'Object Repository/Filtreler/Basliklar'

2021-10-21 14:28:30 - [MESSAGE][INFO] - Checking timeout

2021-10-21 14:28:30 - [MESSAGE][INFO] - Finding web element with id: 'Object Repository/Filtreler/Basliklar' located by 'By.cssSelector: .control-label.col-sm-4.paddingMarginRLC' in '10' second(s)

2021-10-21 14:28:30 - [MESSAGE][INFO] - Smart Wait Function is triggered

2021-10-21 14:28:31 - [MESSAGE][INFO] - Found 7 web elements with id: 'Object Repository/Filtreler/Basliklar' located by 'By.cssSelector: .control-label.col-sm-4.paddingMarginRLC' in '10' second(s)

2021-10-21 14:28:31 - [MESSAGE][PASSED] - Method.TextDegerineEsitElementVarMi is PASSED

2021-10-21 14:28:31 - [MESSAGE][PASSED] - Call Test Case 'Test Cases/Filtreler/FiltreVarMi' successfully

2021-10-21 14:28:31 - [MESSAGE][INFO] - Checking called Test Case

2021-10-21 14:28:31 - [MESSAGE][INFO] - Starting to call Test Case 'Test Cases/Filtreler/ButonVarMi'

2021-10-21 14:28:31 - [TEST_CASE][PASSED] - Test Cases/Filtreler/ButonVarMi: Test Cases/Filtreler/ButonVarMi

2021-10-21 14:28:31 - [TEST_STEP][PASSED] - Method.TextDegerineEsitElementVarMi(findTestObject("Filtreler/Butonlar"), Filtre_Buton): Method.TextDegerineEsitElementVarMi is PASSED

2021-10-21 14:28:31 - [MESSAGE][INFO] - Finding Test Object 'Object Repository/Filtreler/Butonlar'

2021-10-21 14:28:31 - [MESSAGE][INFO] - Checking timeout

2021-10-21 14:28:31 - [MESSAGE][INFO] - Finding web element with id: 'Object Repository/Filtreler/Butonlar' located by 'By.cssSelector: .dxb>span' in '10' second(s)

2021-10-21 14:28:31 - [MESSAGE][INFO] - Smart Wait Function is triggered

2021-10-21 14:28:31 - [MESSAGE][INFO] - Found 2 web elements with id: 'Object Repository/Filtreler/Butonlar' located by 'By.cssSelector: .dxb>span' in '10' second(s)

2021-10-21 14:28:31 - [MESSAGE][PASSED] - Method.TextDegerineEsitElementVarMi is PASSED

2021-10-21 14:28:31 - [MESSAGE][PASSED] - Call Test Case 'Test Cases/Filtreler/ButonVarMi' successfully

2021-10-21 14:28:31 - [MESSAGE][INFO] - Checking called Test Case

2021-10-21 14:28:31 - [MESSAGE][INFO] - Starting to call Test Case 'Test Cases/Filtreler/ButonVarMi'

2021-10-21 14:28:31 - [TEST_CASE][PASSED] - Test Cases/Filtreler/ButonVarMi: Test Cases/Filtreler/ButonVarMi

2021-10-21 14:28:31 - [TEST_STEP][PASSED] - Method.TextDegerineEsitElementVarMi(findTestObject("Filtreler/Butonlar"), Filtre_Buton): Method.TextDegerineEsitElementVarMi is PASSED

2021-10-21 14:28:31 - [MESSAGE][INFO] - Finding Test Object 'Object Repository/Filtreler/Butonlar'

2021-10-21 14:28:31 - [MESSAGE][INFO] - Checking timeout

2021-10-21 14:28:31 - [MESSAGE][INFO] - Finding web element with id: 'Object Repository/Filtreler/Butonlar' located by 'By.cssSelector: .dxb>span' in '10' second(s)

2021-10-21 14:28:31 - [MESSAGE][INFO] - Smart Wait Function is triggered

2021-10-21 14:28:31 - [MESSAGE][INFO] - Found 2 web elements with id: 'Object Repository/Filtreler/Butonlar' located by 'By.cssSelector: .dxb>span' in '10' second(s)

2021-10-21 14:28:32 - [MESSAGE][PASSED] - Method.TextDegerineEsitElementVarMi is PASSED

2021-10-21 14:28:32 - [MESSAGE][PASSED] - Call Test Case 'Test Cases/Filtreler/ButonVarMi' successfully

2021-10-21 14:28:32 - [MESSAGE][INFO] - Checking called Test Case

2021-10-21 14:28:32 - [MESSAGE][INFO] - Starting to call Test Case 'Test Cases/Butonlar/ButonVarMi'

2021-10-21 14:28:32 - [TEST_CASE][PASSED] - Test Cases/Butonlar/ButonVarMi: Test Cases/Butonlar/ButonVarMi

2021-10-21 14:28:32 - [TEST_STEP][PASSED] - Method.TextDegerineEsitElementVarMi(findTestObject("Butonlar/Butonlar"), Buton): Method.TextDegerineEsitElementVarMi is PASSED

2021-10-21 14:28:32 - [MESSAGE][INFO] - Finding Test Object 'Object Repository/Butonlar/Butonlar'

2021-10-21 14:28:32 - [MESSAGE][INFO] - Checking timeout

2021-10-21 14:28:32 - [MESSAGE][INFO] - Finding web element with id: 'Object Repository/Butonlar/Butonlar' located by 'By.cssSelector: .panel.panel-default.text-center.footerPanel .btn,.btn.btn-primary.btnControls' in '10' second(s)

2021-10-21 14:28:32 - [MESSAGE][INFO] - Smart Wait Function is triggered

2021-10-21 14:28:32 - [MESSAGE][INFO] - Found 7 web elements with id: 'Object Repository/Butonlar/Butonlar' located by 'By.cssSelector: .panel.panel-default.text-center.footerPanel .btn,.btn.btn-primary.btnControls' in '10' second(s)

2021-10-21 14:28:32 - [MESSAGE][PASSED] - Method.TextDegerineEsitElementVarMi is PASSED

2021-10-21 14:28:32 - [MESSAGE][PASSED] - Call Test Case 'Test Cases/Butonlar/ButonVarMi' successfully

2021-10-21 14:28:32 - [MESSAGE][INFO] - Checking called Test Case

2021-10-21 14:28:32 - [MESSAGE][INFO] - Starting to call Test Case 'Test Cases/Butonlar/ButonVarMi'

2021-10-21 14:28:32 - [TEST_CASE][PASSED] - Test Cases/Butonlar/ButonVarMi: Test Cases/Butonlar/ButonVarMi

2021-10-21 14:28:32 - [TEST_STEP][PASSED] - Method.TextDegerineEsitElementVarMi(findTestObject("Butonlar/Butonlar"), Buton): Method.TextDegerineEsitElementVarMi is PASSED

2021-10-21 14:28:32 - [MESSAGE][INFO] - Finding Test Object 'Object Repository/Butonlar/Butonlar'

2021-10-21 14:28:32 - [MESSAGE][INFO] - Checking timeout

2021-10-21 14:28:32 - [MESSAGE][INFO] - Finding web element with id: 'Object Repository/Butonlar/Butonlar' located by 'By.cssSelector: .panel.panel-default.text-center.footerPanel .btn,.btn.btn-primary.btnControls' in '10' second(s)

2021-10-21 14:28:32 - [MESSAGE][INFO] - Smart Wait Function is triggered

2021-10-21 14:28:32 - [MESSAGE][INFO] - Found 7 web elements with id: 'Object Repository/Butonlar/Butonlar' located by 'By.cssSelector: .panel.panel-default.text-center.footerPanel .btn,.btn.btn-primary.btnControls' in '10' second(s)

2021-10-21 14:28:32 - [MESSAGE][PASSED] - Method.TextDegerineEsitElementVarMi is PASSED

2021-10-21 14:28:32 - [MESSAGE][PASSED] - Call Test Case 'Test Cases/Butonlar/ButonVarMi' successfully

2021-10-21 14:28:32 - [MESSAGE][INFO] - Checking called Test Case

2021-10-21 14:28:32 - [MESSAGE][INFO] - Starting to call Test Case 'Test Cases/Butonlar/ButonVarMi'

2021-10-21 14:28:33 - [TEST_CASE][PASSED] - Test Cases/Butonlar/ButonVarMi: Test Cases/Butonlar/ButonVarMi

2021-10-21 14:28:33 - [TEST_STEP][PASSED] - Method.TextDegerineEsitElementVarMi(findTestObject("Butonlar/Butonlar"), Buton): Method.TextDegerineEsitElementVarMi is PASSED

2021-10-21 14:28:33 - [MESSAGE][INFO] - Finding Test Object 'Object Repository/Butonlar/Butonlar'

2021-10-21 14:28:33 - [MESSAGE][INFO] - Checking timeout

2021-10-21 14:28:33 - [MESSAGE][INFO] - Finding web element with id: 'Object Repository/Butonlar/Butonlar' located by 'By.cssSelector: .panel.panel-default.text-center.footerPanel .btn,.btn.btn-primary.btnControls' in '10' second(s)

2021-10-21 14:28:33 - [MESSAGE][INFO] - Smart Wait Function is triggered

2021-10-21 14:28:33 - [MESSAGE][INFO] - Found 7 web elements with id: 'Object Repository/Butonlar/Butonlar' located by 'By.cssSelector: .panel.panel-default.text-center.footerPanel .btn,.btn.btn-primary.btnControls' in '10' second(s)

2021-10-21 14:28:33 - [MESSAGE][PASSED] - Method.TextDegerineEsitElementVarMi is PASSED

2021-10-21 14:28:33 - [MESSAGE][PASSED] - Call Test Case 'Test Cases/Butonlar/ButonVarMi' successfully

2021-10-21 14:28:33 - [MESSAGE][INFO] - Checking called Test Case

2021-10-21 14:28:33 - [MESSAGE][INFO] - Starting to call Test Case 'Test Cases/Butonlar/ButonVarMi'

2021-10-21 14:28:33 - [TEST_CASE][PASSED] - Test Cases/Butonlar/ButonVarMi: Test Cases/Butonlar/ButonVarMi

2021-10-21 14:28:33 - [TEST_STEP][PASSED] - Method.TextDegerineEsitElementVarMi(findTestObject("Butonlar/Butonlar"), Buton): Method.TextDegerineEsitElementVarMi is PASSED

2021-10-21 14:28:33 - [MESSAGE][INFO] - Finding Test Object 'Object Repository/Butonlar/Butonlar'

2021-10-21 14:28:33 - [MESSAGE][INFO] - Checking timeout

2021-10-21 14:28:33 - [MESSAGE][INFO] - Finding web element with id: 'Object Repository/Butonlar/Butonlar' located by 'By.cssSelector: .panel.panel-default.text-center.footerPanel .btn,.btn.btn-primary.btnControls' in '10' second(s)

2021-10-21 14:28:33 - [MESSAGE][INFO] - Smart Wait Function is triggered

2021-10-21 14:28:33 - [MESSAGE][INFO] - Found 7 web elements with id: 'Object Repository/Butonlar/Butonlar' located by 'By.cssSelector: .panel.panel-default.text-center.footerPanel .btn,.btn.btn-primary.btnControls' in '10' second(s)

2021-10-21 14:28:33 - [MESSAGE][PASSED] - Method.TextDegerineEsitElementVarMi is PASSED

2021-10-21 14:28:33 - [MESSAGE][PASSED] - Call Test Case 'Test Cases/Butonlar/ButonVarMi' successfully

2021-10-21 14:28:34 - [MESSAGE][INFO] - Checking called Test Case

2021-10-21 14:28:34 - [MESSAGE][INFO] - Starting to call Test Case 'Test Cases/Butonlar/ButonVarMi'

2021-10-21 14:28:34 - [TEST_CASE][PASSED] - Test Cases/Butonlar/ButonVarMi: Test Cases/Butonlar/ButonVarMi

2021-10-21 14:28:34 - [TEST_STEP][PASSED] - Method.TextDegerineEsitElementVarMi(findTestObject("Butonlar/Butonlar"), Buton): Method.TextDegerineEsitElementVarMi is PASSED

2021-10-21 14:28:34 - [MESSAGE][INFO] - Finding Test Object 'Object Repository/Butonlar/Butonlar'

2021-10-21 14:28:34 - [MESSAGE][INFO] - Checking timeout

2021-10-21 14:28:34 - [MESSAGE][INFO] - Finding web element with id: 'Object Repository/Butonlar/Butonlar' located by 'By.cssSelector: .panel.panel-default.text-center.footerPanel .btn,.btn.btn-primary.btnControls' in '10' second(s)

2021-10-21 14:28:34 - [MESSAGE][INFO] - Smart Wait Function is triggered

2021-10-21 14:28:34 - [MESSAGE][INFO] - Found 7 web elements with id: 'Object Repository/Butonlar/Butonlar' located by 'By.cssSelector: .panel.panel-default.text-center.footerPanel .btn,.btn.btn-primary.btnControls' in '10' second(s)

2021-10-21 14:28:34 - [MESSAGE][PASSED] - Method.TextDegerineEsitElementVarMi is PASSED

2021-10-21 14:28:34 - [MESSAGE][PASSED] - Call Test Case 'Test Cases/Butonlar/ButonVarMi' successfully

2021-10-21 14:28:34 - [MESSAGE][INFO] - Checking called Test Case

2021-10-21 14:28:34 - [MESSAGE][INFO] - Starting to call Test Case 'Test Cases/Butonlar/ButonVarMi'

2021-10-21 14:28:34 - [TEST_CASE][PASSED] - Test Cases/Butonlar/ButonVarMi: Test Cases/Butonlar/ButonVarMi

2021-10-21 14:28:34 - [TEST_STEP][PASSED] - Method.TextDegerineEsitElementVarMi(findTestObject("Butonlar/Butonlar"), Buton): Method.TextDegerineEsitElementVarMi is PASSED

2021-10-21 14:28:34 - [MESSAGE][INFO] - Finding Test Object 'Object Repository/Butonlar/Butonlar'

2021-10-21 14:28:34 - [MESSAGE][INFO] - Checking timeout

2021-10-21 14:28:34 - [MESSAGE][INFO] - Finding web element with id: 'Object Repository/Butonlar/Butonlar' located by 'By.cssSelector: .panel.panel-default.text-center.footerPanel .btn,.btn.btn-primary.btnControls' in '10' second(s)

2021-10-21 14:28:34 - [MESSAGE][INFO] - Smart Wait Function is triggered

2021-10-21 14:28:34 - [MESSAGE][INFO] - Found 7 web elements with id: 'Object Repository/Butonlar/Butonlar' located by 'By.cssSelector: .panel.panel-default.text-center.footerPanel .btn,.btn.btn-primary.btnControls' in '10' second(s)

2021-10-21 14:28:34 - [MESSAGE][PASSED] - Method.TextDegerineEsitElementVarMi is PASSED

2021-10-21 14:28:34 - [MESSAGE][PASSED] - Call Test Case 'Test Cases/Butonlar/ButonVarMi' successfully

2021-10-21 14:28:34 - [MESSAGE][INFO] - Checking called Test Case

2021-10-21 14:28:34 - [MESSAGE][INFO] - Starting to call Test Case 'Test Cases/Butonlar/ButonVarMi'

2021-10-21 14:28:35 - [TEST_CASE][PASSED] - Test Cases/Butonlar/ButonVarMi: Test Cases/Butonlar/ButonVarMi

2021-10-21 14:28:35 - [TEST_STEP][PASSED] - Method.TextDegerineEsitElementVarMi(findTestObject("Butonlar/Butonlar"), Buton): Method.TextDegerineEsitElementVarMi is PASSED

2021-10-21 14:28:35 - [MESSAGE][INFO] - Finding Test Object 'Object Repository/Butonlar/Butonlar'

2021-10-21 14:28:35 - [MESSAGE][INFO] - Checking timeout

2021-10-21 14:28:35 - [MESSAGE][INFO] - Finding web element with id: 'Object Repository/Butonlar/Butonlar' located by 'By.cssSelector: .panel.panel-default.text-center.footerPanel .btn,.btn.btn-primary.btnControls' in '10' second(s)

2021-10-21 14:28:35 - [MESSAGE][INFO] - Smart Wait Function is triggered

2021-10-21 14:28:35 - [MESSAGE][INFO] - Found 7 web elements with id: 'Object Repository/Butonlar/Butonlar' located by 'By.cssSelector: .panel.panel-default.text-center.footerPanel .btn,.btn.btn-primary.btnControls' in '10' second(s)

2021-10-21 14:28:35 - [MESSAGE][PASSED] - Method.TextDegerineEsitElementVarMi is PASSED

2021-10-21 14:28:35 - [MESSAGE][PASSED] - Call Test Case 'Test Cases/Butonlar/ButonVarMi' successfully

2021-10-21 14:28:35 - [MESSAGE][INFO] - Checking called Test Case

2021-10-21 14:28:35 - [MESSAGE][INFO] - Starting to call Test Case 'Test Cases/Kullanici_Islemleri/KullaniciIslemlerindenSecimYapilir'

2021-10-21 14:28:35 - [TEST_CASE][PASSED] - Test Cases/Kullanici_Islemleri/KullaniciIslemlerindenSecimYapilir: Test Cases/Kullanici_Islemleri/KullaniciIslemlerindenSecimYapilir

2021-10-21 14:28:35 - [TEST_STEP][PASSED] - waitForElementClickable(findTestObject("Object Repository/Kullanici_Islemleri/KullaniciIslemleri"), 10): Object 'Object Repository/Kullanici_Islemleri/KullaniciIslemleri' is clickable

2021-10-21 14:28:35 - [MESSAGE][INFO] - Finding Test Object 'Object Repository/Kullanici_Islemleri/KullaniciIslemleri'

2021-10-21 14:28:35 - [MESSAGE][INFO] - Checking object

2021-10-21 14:28:35 - [MESSAGE][INFO] - Checking timeout

2021-10-21 14:28:35 - [MESSAGE][INFO] - Finding web element from Test Object's properties

2021-10-21 14:28:35 - [MESSAGE][INFO] - Checking timeout

2021-10-21 14:28:35 - [MESSAGE][INFO] - Finding web element with id: 'Object Repository/Kullanici_Islemleri/KullaniciIslemleri' located by 'By.cssSelector: .dropdown>a>img' in '10' second(s)

2021-10-21 14:28:35 - [MESSAGE][INFO] - Smart Wait Function is triggered

2021-10-21 14:28:35 - [MESSAGE][INFO] - Found 1 web elements with id: 'Object Repository/Kullanici_Islemleri/KullaniciIslemleri' located by 'By.cssSelector: .dropdown>a>img' in '10' second(s)

2021-10-21 14:28:35 - [MESSAGE][PASSED] - Object 'Object Repository/Kullanici_Islemleri/KullaniciIslemleri' is clickable

2021-10-21 14:28:35 - [TEST_STEP][PASSED] - click(findTestObject("Object Repository/Kullanici_Islemleri/KullaniciIslemleri")): Object: 'Object Repository/Kullanici_Islemleri/KullaniciIslemleri' is clicked on

2021-10-21 14:28:35 - [MESSAGE][INFO] - Finding Test Object 'Object Repository/Kullanici_Islemleri/KullaniciIslemleri'

2021-10-21 14:28:36 - [MESSAGE][INFO] - Checking object

2021-10-21 14:28:36 - [MESSAGE][INFO] - Finding web element from Test Object's properties

2021-10-21 14:28:36 - [MESSAGE][INFO] - Checking timeout

2021-10-21 14:28:36 - [MESSAGE][INFO] - Finding web element with id: 'Object Repository/Kullanici_Islemleri/KullaniciIslemleri' located by 'By.cssSelector: .dropdown>a>img' in '30' second(s)

2021-10-21 14:28:36 - [MESSAGE][INFO] - Smart Wait Function is triggered

2021-10-21 14:28:36 - [MESSAGE][INFO] - Found 1 web elements with id: 'Object Repository/Kullanici_Islemleri/KullaniciIslemleri' located by 'By.cssSelector: .dropdown>a>img' in '30' second(s)

2021-10-21 14:28:36 - [MESSAGE][INFO] - Clicking on object: 'Object Repository/Kullanici_Islemleri/KullaniciIslemleri'

2021-10-21 14:28:36 - [MESSAGE][PASSED] - Object: 'Object Repository/Kullanici_Islemleri/KullaniciIslemleri' is clicked on

2021-10-21 14:28:36 - [TEST_STEP][PASSED] - Method.TextDegerineEsitElementeTikla(findTestObject("Object Repository/Kullanici_Islemleri/Secenekler"), Islem): Method.TextDegerineEsitElementeTikla is PASSED

2021-10-21 14:28:36 - [MESSAGE][INFO] - Finding Test Object 'Object Repository/Kullanici_Islemleri/Secenekler'

2021-10-21 14:28:36 - [MESSAGE][INFO] - Checking timeout

2021-10-21 14:28:36 - [MESSAGE][INFO] - Finding web element with id: 'Object Repository/Kullanici_Islemleri/Secenekler' located by 'By.cssSelector: .nav.navbar-nav.navbar-right li a' in '10' second(s)

2021-10-21 14:28:36 - [MESSAGE][INFO] - Smart Wait Function is triggered

2021-10-21 14:28:36 - [MESSAGE][INFO] - Found 22 web elements with id: 'Object Repository/Kullanici_Islemleri/Secenekler' located by 'By.cssSelector: .nav.navbar-nav.navbar-right li a' in '10' second(s)

2021-10-21 14:28:38 - [MESSAGE][PASSED] - Method.TextDegerineEsitElementeTikla is PASSED

2021-10-21 14:28:38 - [TEST_STEP][PASSED] - verifyElementNotPresent(findTestObject("Object Repository/Kullanici_Islemleri/Secenekler"), 10): Web element with id: 'Object Repository/Kullanici_Islemleri/Secenekler' located by 'By.cssSelector: .nav.navbar-nav.navbar-right li a' is not present after '10' second(s)

2021-10-21 14:28:38 - [MESSAGE][INFO] - Finding Test Object 'Object Repository/Kullanici_Islemleri/Secenekler'

2021-10-21 14:28:38 - [MESSAGE][INFO] - Checking object

2021-10-21 14:28:38 - [MESSAGE][INFO] - Checking timeout

2021-10-21 14:28:38 - [MESSAGE][INFO] - Finding web element with id: 'Object Repository/Kullanici_Islemleri/Secenekler' located by 'By.cssSelector: .nav.navbar-nav.navbar-right li a' in '10' second(s)

2021-10-21 14:28:38 - [MESSAGE][INFO] - Smart Wait Function is triggered

2021-10-21 14:28:38 - [MESSAGE][PASSED] - Web element with id: 'Object Repository/Kullanici_Islemleri/Secenekler' located by 'By.cssSelector: .nav.navbar-nav.navbar-right li a' is not present after '10' second(s)

2021-10-21 14:28:38 - [MESSAGE][PASSED] - Call Test Case 'Test Cases/Kullanici_Islemleri/KullaniciIslemlerindenSecimYapilir' successfully

2021-10-21 14:28:38 - [TEST_CASE][PASSED] - Start Test Case : SCENARIO e-Serbest Meslek Makbuzu Olusturma Buton Kontrolu: SCENARIO e-Serbest Meslek Makbuzu Olusturma Buton Kontrolu

2021-10-21 14:28:38 - [TEST_STEP][PASSED] - Kullanıcı adı ELOGO6 ve Şifre 123456 olarak giriş yapılır: Kullanıcı adı ELOGO6 ve Şifre 123456 olarak giriş yapılır

2021-10-21 14:28:38 - [MESSAGE][PASSED] - Kullanıcı adı ELOGO6 ve Şifre 123456 olarak giriş yapılır

2021-10-21 14:28:38 - [TEST_STEP][PASSED] - Ana menüden e-Makbuz seçilir: Ana menüden e-Makbuz seçilir

2021-10-21 14:28:38 - [MESSAGE][PASSED] - Ana menüden e-Makbuz seçilir

2021-10-21 14:28:38 - [TEST_STEP][PASSED] - Alt menü e-Serbest Meslek Uygulaması başlığı altındaki e-Serbest Meslek Makbuzu Oluşturma seçilir: Alt menü e-Serbest Meslek Uygulaması başlığı altındaki e-Serbest Meslek Makbuzu Oluşturma seçilir

2021-10-21 14:28:38 - [MESSAGE][PASSED] - Alt menü e-Serbest Meslek Uygulaması başlığı altındaki e-Serbest Meslek Makbuzu Oluşturma seçilir

2021-10-21 14:28:38 - [TEST_STEP][PASSED] - Filtre alanlarında Durumu var mı: Filtre alanlarında Durumu var mı

2021-10-21 14:28:38 - [MESSAGE][PASSED] - Filtre alanlarında Durumu var mı

2021-10-21 14:28:38 - [TEST_STEP][PASSED] - Filtre alanlarında Oluşturma Tarihi var mı: Filtre alanlarında Oluşturma Tarihi var mı

2021-10-21 14:28:38 - [MESSAGE][PASSED] - Filtre alanlarında Oluşturma Tarihi var mı

2021-10-21 14:28:38 - [TEST_STEP][PASSED] - Filtre alanlarında Toplam Tutar var mı: Filtre alanlarında Toplam Tutar var mı

2021-10-21 14:28:38 - [MESSAGE][PASSED] - Filtre alanlarında Toplam Tutar var mı

2021-10-21 14:28:38 - [TEST_STEP][PASSED] - Filtre alanlarında Alıcı Unvan var mı: Filtre alanlarında Alıcı Unvan var mı

2021-10-21 14:28:38 - [MESSAGE][PASSED] - Filtre alanlarında Alıcı Unvan var mı

2021-10-21 14:28:38 - [TEST_STEP][PASSED] - Filtre alanlarında Makbuz Tarihi var mı: Filtre alanlarında Makbuz Tarihi var mı

2021-10-21 14:28:38 - [MESSAGE][PASSED] - Filtre alanlarında Makbuz Tarihi var mı

2021-10-21 14:28:38 - [TEST_STEP][PASSED] - Filtre alanlarında Makbuz No var mı: Filtre alanlarında Makbuz No var mı

2021-10-21 14:28:38 - [MESSAGE][PASSED] - Filtre alanlarında Makbuz No var mı

2021-10-21 14:28:38 - [TEST_STEP][PASSED] - Filtre alanlarında Makbuz ETTN var mı: Filtre alanlarında Makbuz ETTN var mı

2021-10-21 14:28:38 - [MESSAGE][PASSED] - Filtre alanlarında Makbuz ETTN var mı

2021-10-21 14:28:38 - [TEST_STEP][PASSED] - Filtre butonlarında Listele var mı: Filtre butonlarında Listele var mı

2021-10-21 14:28:38 - [MESSAGE][PASSED] - Filtre butonlarında Listele var mı

2021-10-21 14:28:38 - [TEST_STEP][PASSED] - Filtre butonlarında Temizle var mı: Filtre butonlarında Temizle var mı

2021-10-21 14:28:38 - [MESSAGE][PASSED] - Filtre butonlarında Temizle var mı

2021-10-21 14:28:38 - [TEST_STEP][PASSED] - Butonlardan Ekle var mı: Butonlardan Ekle var mı

2021-10-21 14:28:38 - [MESSAGE][PASSED] - Butonlardan Ekle var mı

2021-10-21 14:28:39 - [TEST_STEP][PASSED] - Butonlardan Numara Oluştur var mı: Butonlardan Numara Oluştur var mı

2021-10-21 14:28:39 - [MESSAGE][PASSED] - Butonlardan Numara Oluştur var mı

2021-10-21 14:28:39 - [TEST_STEP][PASSED] - Butonlardan Gönder var mı: Butonlardan Gönder var mı

2021-10-21 14:28:39 - [MESSAGE][PASSED] - Butonlardan Gönder var mı

2021-10-21 14:28:39 - [TEST_STEP][PASSED] - Butonlardan Değiştir var mı: Butonlardan Değiştir var mı

2021-10-21 14:28:39 - [MESSAGE][PASSED] - Butonlardan Değiştir var mı

2021-10-21 14:28:39 - [TEST_STEP][PASSED] - Butonlardan Göster var mı: Butonlardan Göster var mı

2021-10-21 14:28:39 - [MESSAGE][PASSED] - Butonlardan Göster var mı

2021-10-21 14:28:39 - [TEST_STEP][PASSED] - Butonlardan UBL var mı: Butonlardan UBL var mı

2021-10-21 14:28:39 - [MESSAGE][PASSED] - Butonlardan UBL var mı

2021-10-21 14:28:39 - [TEST_STEP][PASSED] - Butonlardan Sil var mı: Butonlardan Sil var mı

2021-10-21 14:28:39 - [MESSAGE][PASSED] - Butonlardan Sil var mı

2021-10-21 14:28:39 - [TEST_STEP][PASSED] - Kullanıcı işlemlerinden Çıkış seçilir: Kullanıcı işlemlerinden Çıkış seçilir

2021-10-21 14:28:39 - [MESSAGE][PASSED] - Kullanıcı işlemlerinden Çıkış seçilir

2021-10-21 14:28:39 - [MESSAGE][PASSED] - Feature file: 'Include/features/e-Makbuz/e-Serbest Meslek Uygulaması/e-Serbest Meslek Makbuzu Olusturma/Ekran Kontrolu.feature' was passed

2021-10-21 14:28:39 - [TEST_STEP][PASSED] - Start listener action : sampleAfterTestSuite: Invoke 'com.kms.katalon.core.annotation.AfterTestCase' method: 'Listener.sampleAfterTestSuite(...)' completed.

2021-10-21 14:28:39 - [MESSAGE][INFO] - Starting invoke 'com.kms.katalon.core.annotation.AfterTestCase' method: 'Listener.sampleAfterTestSuite(...)'

2021-10-21 14:28:39 - [TEST_STEP][PASSED] - closeBrowser(): Invoke 'com.kms.katalon.core.annotation.AfterTestCase' method: 'Listener.sampleAfterTestSuite(...)' completed.

2021-10-21 14:28:39 - [MESSAGE][INFO] - Closing browser

2021-10-21 14:28:39 - [MESSAGE][PASSED] - Browser is closed

2021-10-21 14:28:39 - [MESSAGE][INFO] - Invoke 'com.kms.katalon.core.annotation.AfterTestCase' method: 'Listener.sampleAfterTestSuite(...)' completed.]]></system-out>
         <system-err><![CDATA[]]></system-err>
      </testcase>
      <system-out><![CDATA[2021-10-21 14:06:08 - [TEST_SUITE][PASSED] - e-Makbuz: Test Cases/Case Repository/e-Makbuz/e-Serbest Meslek Uygulamasi/e-Serbest Meslek Makbuzu Olusturma/Ekran Kontrolu]]></system-out>
      <system-err><![CDATA[]]></system-err>
   </testsuite>
</testsuites>
