<?xml version="1.0" encoding="UTF-8"?>
<testsuites name="e-Arsiv" time="1301.551" tests="20" failures="1" errors="0">
   <testsuite name="e-Arsiv" tests="20" failures="1" errors="0" time="1301.551" skipped="0" timestamp="2021-11-12 17:04:37" hostname="DELL - DESKTOP-QBVMTUG" id="">
      <properties>
         <property name="deviceName" value=""/>
         <property name="devicePlatform" value=""/>
         <property name="logFolder" value="C:\\Users\\DELL\\Documents\\GitHub\\EES_KatalonLogo\\Reports\\20211112_170311\\Suite Repository\\e-Arsiv\\20211112_170317"/>
         <property name="logFiles" value="C:\\Users\\DELL\\Documents\\GitHub\\EES_KatalonLogo\\Reports\\20211112_170311\\Suite Repository\\e-Arsiv\\20211112_170317\\execution0.log"/>
         <property name="attachments" value=""/>
         <property name="hostName" value="DELL - DESKTOP-QBVMTUG"/>
         <property name="os" value="Windows 10 64bit"/>
         <property name="katalonVersion" value="8.0.5.208"/>
         <property name="browser" value="Chrome 95.0.4638.69"/>
         <property name="hostAddress" value="192.168.1.18"/>
         <property name="sessionId" value="f065411d92bcd6f3a2c5e667a0193041"/>
         <property name="seleniumVersion" value="3.141.59"/>
         <property name="proxyInformation" value="ProxyInformation { proxyOption=NO_PROXY, proxyServerType=HTTP, username=, password=********, proxyServerAddress=, proxyServerPort=0, executionList=&quot;&quot;, isApplyToDesiredCapabilities=true }"/>
         <property name="platform" value="Windows 10"/>
      </properties>
      <testcase name="Test Cases/Case Repository/e-Arsiv/e-Arsiv Araclari/e-Arsiv Dosya Islemleri/Buton Kontrolu" time="48.688" classname="Test Cases/Case Repository/e-Arsiv/e-Arsiv Araclari/e-Arsiv Dosya Islemleri/Buton Kontrolu" status="PASSED">
         <system-out><![CDATA[2021-11-12 17:04:37 - [TEST_CASE][PASSED] - Test Cases/Case Repository/e-Arsiv/e-Arsiv Araclari/e-Arsiv Dosya Islemleri/Buton Kontrolu: Test Cases/Case Repository/e-Arsiv/e-Arsiv Araclari/e-Arsiv Dosya Islemleri/Buton Kontrolu

2021-11-12 17:04:37 - [TEST_STEP][PASSED] - Start listener action : sampleBeforeTestSuite: Invoke 'com.kms.katalon.core.annotation.BeforeTestCase' method: 'Listener.sampleBeforeTestSuite(...)' completed.

2021-11-12 17:04:37 - [MESSAGE][INFO] - Starting invoke 'com.kms.katalon.core.annotation.BeforeTestCase' method: 'Listener.sampleBeforeTestSuite(...)'

2021-11-12 17:04:37 - [TEST_STEP][PASSED] - openBrowser(baseUrl): Browser is opened with url: 'https://efatura-stage.elogo.com.tr/'

2021-11-12 17:04:39 - [MESSAGE][INFO] - Opening browser

2021-11-12 17:04:39 - [MESSAGE][INFO] - Starting 'Chrome' driver

2021-11-12 17:04:39 - [MESSAGE][INFO] - User set preference: ['prefs', '{download.default_directory=C:\otomasyondownfiles}']

2021-11-12 17:04:39 - [MESSAGE][INFO] - Action delay is set to 0 milliseconds

2021-11-12 17:04:43 - [MESSAGE][INFO] - Navigating browser to: 'https://efatura-stage.elogo.com.tr/'

2021-11-12 17:04:46 - [MESSAGE][PASSED] - Browser is opened with url: 'https://efatura-stage.elogo.com.tr/'

2021-11-12 17:04:46 - [TEST_STEP][PASSED] - maximizeWindow(): Invoke 'com.kms.katalon.core.annotation.BeforeTestCase' method: 'Listener.sampleBeforeTestSuite(...)' completed.

2021-11-12 17:04:46 - [MESSAGE][INFO] - Maximizing current window

2021-11-12 17:04:46 - [MESSAGE][PASSED] - Current window maximized

2021-11-12 17:04:46 - [MESSAGE][INFO] - Invoke 'com.kms.katalon.core.annotation.BeforeTestCase' method: 'Listener.sampleBeforeTestSuite(...)' completed.

2021-11-12 17:04:46 - [TEST_STEP][PASSED] - runFeatureFile("Include/features/e-Arsiv/e-Arsiv Araclari/e-Arsiv Dosya Islemleri/Buton Kontrolu.feature"): Feature file: 'Include/features/e-Arsiv/e-Arsiv Araclari/e-Arsiv Dosya Islemleri/Buton Kontrolu.feature' was passed

2021-11-12 17:04:46 - [MESSAGE][INFO] - Starting run keyword runFeatureFile: 'Include/features/e-Arsiv/e-Arsiv Araclari/e-Arsiv Dosya Islemleri/Buton Kontrolu.feature' and extract report to folder: 'C:\Users\DELL\Documents\GitHub\EES_KatalonLogo\Reports\20211112_170311\Suite Repository\e-Arsiv\20211112_170317/cucumber_report/1636725886713'...

2021-11-12 17:04:46 - [MESSAGE][INFO] - Glue: []

2021-11-12 17:04:48 - [MESSAGE][INFO] - Checking called Test Case

2021-11-12 17:04:48 - [MESSAGE][INFO] - Starting to call Test Case 'Test Cases/Sayfalar/Giris_Sayfasi/Login'

2021-11-12 17:04:48 - [TEST_CASE][PASSED] - Test Cases/Sayfalar/Giris_Sayfasi/Login: Test Cases/Sayfalar/Giris_Sayfasi/Login

2021-11-12 17:04:49 - [TEST_STEP][PASSED] - Sayfa_Basligi = getWindowTitle(): Current window's title is: 'LOGO e-Fatura'

2021-11-12 17:04:49 - [MESSAGE][INFO] - Getting current window's title

2021-11-12 17:04:49 - [MESSAGE][PASSED] - Current window's title is: 'LOGO e-Fatura'

2021-11-12 17:04:49 - [TEST_STEP][PASSED] - verifyMatch(Sayfa_Basligi, "LOGO e-Fatura", false): Actual text 'LOGO e-Fatura' and expected text 'LOGO e-Fatura' are matched 

2021-11-12 17:04:49 - [MESSAGE][INFO] - Matching actual text 'LOGO e-Fatura' with expected text 'LOGO e-Fatura'

2021-11-12 17:04:49 - [MESSAGE][PASSED] - Actual text 'LOGO e-Fatura' and expected text 'LOGO e-Fatura' are matched 

2021-11-12 17:04:49 - [TEST_STEP][PASSED] - sendKeys(findTestObject("Sayfalar/Giris_Sayfasi/Firma_Kodu"), KullaniciAdi): Keys 'ELOGO6' sent to object: 'Object Repository/Sayfalar/Giris_Sayfasi/Firma_Kodu'

2021-11-12 17:04:49 - [MESSAGE][INFO] - Finding Test Object 'Object Repository/Sayfalar/Giris_Sayfasi/Firma_Kodu'

2021-11-12 17:04:49 - [MESSAGE][INFO] - Sending keys 'ELOGO6' to object: 'Object Repository/Sayfalar/Giris_Sayfasi/Firma_Kodu'

2021-11-12 17:04:49 - [MESSAGE][INFO] - Finding web element from Test Object's properties

2021-11-12 17:04:49 - [MESSAGE][INFO] - Checking timeout

2021-11-12 17:04:49 - [MESSAGE][INFO] - Finding web element with id: 'Object Repository/Sayfalar/Giris_Sayfasi/Firma_Kodu' located by 'By.xpath: //*[@id = 'AccountName']' in '30' second(s)

2021-11-12 17:04:49 - [MESSAGE][INFO] - Smart Wait Function is triggered

2021-11-12 17:04:50 - [MESSAGE][INFO] - Found 1 web elements with id: 'Object Repository/Sayfalar/Giris_Sayfasi/Firma_Kodu' located by 'By.xpath: //*[@id = 'AccountName']' in '30' second(s)

2021-11-12 17:04:50 - [MESSAGE][PASSED] - Keys 'ELOGO6' sent to object: 'Object Repository/Sayfalar/Giris_Sayfasi/Firma_Kodu'

2021-11-12 17:04:50 - [TEST_STEP][PASSED] - sendKeys(findTestObject("Sayfalar/Giris_Sayfasi/Sifre"), Sifre): Keys '123456' sent to object: 'Object Repository/Sayfalar/Giris_Sayfasi/Sifre'

2021-11-12 17:04:50 - [MESSAGE][INFO] - Finding Test Object 'Object Repository/Sayfalar/Giris_Sayfasi/Sifre'

2021-11-12 17:04:50 - [MESSAGE][INFO] - Sending keys '123456' to object: 'Object Repository/Sayfalar/Giris_Sayfasi/Sifre'

2021-11-12 17:04:50 - [MESSAGE][INFO] - Finding web element from Test Object's properties

2021-11-12 17:04:50 - [MESSAGE][INFO] - Checking timeout

2021-11-12 17:04:50 - [MESSAGE][INFO] - Finding web element with id: 'Object Repository/Sayfalar/Giris_Sayfasi/Sifre' located by 'By.xpath: //*[@id = 'Password']' in '30' second(s)

2021-11-12 17:04:50 - [MESSAGE][INFO] - Smart Wait Function is triggered

2021-11-12 17:04:50 - [MESSAGE][INFO] - Found 1 web elements with id: 'Object Repository/Sayfalar/Giris_Sayfasi/Sifre' located by 'By.xpath: //*[@id = 'Password']' in '30' second(s)

2021-11-12 17:04:51 - [MESSAGE][PASSED] - Keys '123456' sent to object: 'Object Repository/Sayfalar/Giris_Sayfasi/Sifre'

2021-11-12 17:04:51 - [TEST_STEP][PASSED] - findWebElement(findTestObject("Sayfalar/Giris_Sayfasi/Giris_Butonu")).click(): Found 1 web elements with id: 'Object Repository/Sayfalar/Giris_Sayfasi/Giris_Butonu' located by 'By.cssSelector: #btnLogin' in '30' second(s)

2021-11-12 17:04:51 - [MESSAGE][INFO] - Finding Test Object 'Object Repository/Sayfalar/Giris_Sayfasi/Giris_Butonu'

2021-11-12 17:04:51 - [MESSAGE][INFO] - Finding web element from Test Object's properties

2021-11-12 17:04:51 - [MESSAGE][INFO] - Checking timeout

2021-11-12 17:04:51 - [MESSAGE][INFO] - Finding web element with id: 'Object Repository/Sayfalar/Giris_Sayfasi/Giris_Butonu' located by 'By.cssSelector: #btnLogin' in '30' second(s)

2021-11-12 17:04:51 - [MESSAGE][INFO] - Smart Wait Function is triggered

2021-11-12 17:04:51 - [MESSAGE][INFO] - Found 1 web elements with id: 'Object Repository/Sayfalar/Giris_Sayfasi/Giris_Butonu' located by 'By.cssSelector: #btnLogin' in '30' second(s)

2021-11-12 17:04:55 - [TEST_STEP][PASSED] - if (verifyElementPresent(findTestObject("Object Repository/Sayfalar/Giris_Sayfasi/RetveTamam_Butonu"), 5, OPTIONAL)): null

2021-11-12 17:04:55 - [MESSAGE][INFO] - Finding Test Object 'Object Repository/Sayfalar/Giris_Sayfasi/RetveTamam_Butonu'

2021-11-12 17:04:56 - [MESSAGE][INFO] - Checking object

2021-11-12 17:04:56 - [MESSAGE][INFO] - Finding web element from Test Object's properties

2021-11-12 17:04:56 - [MESSAGE][INFO] - Checking timeout

2021-11-12 17:04:56 - [MESSAGE][INFO] - Finding web element with id: 'Object Repository/Sayfalar/Giris_Sayfasi/RetveTamam_Butonu' located by 'By.xpath: //*[@class = 'btn btn-default']' in '5' second(s)

2021-11-12 17:04:56 - [MESSAGE][INFO] - Smart Wait Function is triggered

2021-11-12 17:04:56 - [MESSAGE][INFO] - Found 1 web elements with id: 'Object Repository/Sayfalar/Giris_Sayfasi/RetveTamam_Butonu' located by 'By.xpath: //*[@class = 'btn btn-default']' in '5' second(s)

2021-11-12 17:04:56 - [MESSAGE][PASSED] - Object 'Object Repository/Sayfalar/Giris_Sayfasi/RetveTamam_Butonu' is present

2021-11-12 17:04:56 - [TEST_STEP][PASSED] - click(findTestObject("Object Repository/Sayfalar/Giris_Sayfasi/RetveTamam_Butonu")): Object: 'Object Repository/Sayfalar/Giris_Sayfasi/RetveTamam_Butonu' is clicked on

2021-11-12 17:04:56 - [MESSAGE][INFO] - Finding Test Object 'Object Repository/Sayfalar/Giris_Sayfasi/RetveTamam_Butonu'

2021-11-12 17:04:56 - [MESSAGE][INFO] - Checking object

2021-11-12 17:04:56 - [MESSAGE][INFO] - Finding web element from Test Object's properties

2021-11-12 17:04:56 - [MESSAGE][INFO] - Checking timeout

2021-11-12 17:04:56 - [MESSAGE][INFO] - Finding web element with id: 'Object Repository/Sayfalar/Giris_Sayfasi/RetveTamam_Butonu' located by 'By.xpath: //*[@class = 'btn btn-default']' in '30' second(s)

2021-11-12 17:04:56 - [MESSAGE][INFO] - Smart Wait Function is triggered

2021-11-12 17:04:57 - [MESSAGE][INFO] - Found 1 web elements with id: 'Object Repository/Sayfalar/Giris_Sayfasi/RetveTamam_Butonu' located by 'By.xpath: //*[@class = 'btn btn-default']' in '30' second(s)

2021-11-12 17:04:57 - [MESSAGE][INFO] - Clicking on object: 'Object Repository/Sayfalar/Giris_Sayfasi/RetveTamam_Butonu'

2021-11-12 17:04:57 - [MESSAGE][PASSED] - Object: 'Object Repository/Sayfalar/Giris_Sayfasi/RetveTamam_Butonu' is clicked on

2021-11-12 17:04:57 - [TEST_STEP][PASSED] - click(findTestObject("Object Repository/Sayfalar/Giris_Sayfasi/RetveTamam_Butonu")): Object: 'Object Repository/Sayfalar/Giris_Sayfasi/RetveTamam_Butonu' is clicked on

2021-11-12 17:04:57 - [MESSAGE][INFO] - Finding Test Object 'Object Repository/Sayfalar/Giris_Sayfasi/RetveTamam_Butonu'

2021-11-12 17:04:57 - [MESSAGE][INFO] - Checking object

2021-11-12 17:04:57 - [MESSAGE][INFO] - Finding web element from Test Object's properties

2021-11-12 17:04:57 - [MESSAGE][INFO] - Checking timeout

2021-11-12 17:04:57 - [MESSAGE][INFO] - Finding web element with id: 'Object Repository/Sayfalar/Giris_Sayfasi/RetveTamam_Butonu' located by 'By.xpath: //*[@class = 'btn btn-default']' in '30' second(s)

2021-11-12 17:04:57 - [MESSAGE][INFO] - Smart Wait Function is triggered

2021-11-12 17:05:01 - [MESSAGE][INFO] - Found 1 web elements with id: 'Object Repository/Sayfalar/Giris_Sayfasi/RetveTamam_Butonu' located by 'By.xpath: //*[@class = 'btn btn-default']' in '30' second(s)

2021-11-12 17:05:01 - [MESSAGE][INFO] - Clicking on object: 'Object Repository/Sayfalar/Giris_Sayfasi/RetveTamam_Butonu'

2021-11-12 17:05:01 - [MESSAGE][PASSED] - Object: 'Object Repository/Sayfalar/Giris_Sayfasi/RetveTamam_Butonu' is clicked on

2021-11-12 17:05:01 - [TEST_STEP][PASSED] - if (verifyElementPresent(findTestObject("Sayfalar/Giris_Sayfasi/PopupOK"), 5, OPTIONAL)): null

2021-11-12 17:05:01 - [MESSAGE][INFO] - Finding Test Object 'Object Repository/Sayfalar/Giris_Sayfasi/PopupOK'

2021-11-12 17:05:01 - [MESSAGE][INFO] - Checking object

2021-11-12 17:05:01 - [MESSAGE][INFO] - Finding web element from Test Object's properties

2021-11-12 17:05:01 - [MESSAGE][INFO] - Checking timeout

2021-11-12 17:05:01 - [MESSAGE][INFO] - Finding web element with id: 'Object Repository/Sayfalar/Giris_Sayfasi/PopupOK' located by 'By.cssSelector: .btn.btn-success' in '5' second(s)

2021-11-12 17:05:01 - [MESSAGE][INFO] - Smart Wait Function is triggered

2021-11-12 17:05:02 - [MESSAGE][INFO] - Found 1 web elements with id: 'Object Repository/Sayfalar/Giris_Sayfasi/PopupOK' located by 'By.cssSelector: .btn.btn-success' in '5' second(s)

2021-11-12 17:05:02 - [MESSAGE][PASSED] - Object 'Object Repository/Sayfalar/Giris_Sayfasi/PopupOK' is present

2021-11-12 17:05:02 - [TEST_STEP][PASSED] - click(findTestObject("Object Repository/Sayfalar/Giris_Sayfasi/PopupCarpiGiris")): Object: 'Object Repository/Sayfalar/Giris_Sayfasi/PopupCarpiGiris' is clicked on

2021-11-12 17:05:02 - [MESSAGE][INFO] - Finding Test Object 'Object Repository/Sayfalar/Giris_Sayfasi/PopupCarpiGiris'

2021-11-12 17:05:02 - [MESSAGE][INFO] - Checking object

2021-11-12 17:05:02 - [MESSAGE][INFO] - Finding web element from Test Object's properties

2021-11-12 17:05:02 - [MESSAGE][INFO] - Checking timeout

2021-11-12 17:05:02 - [MESSAGE][INFO] - Finding web element with id: 'Object Repository/Sayfalar/Giris_Sayfasi/PopupCarpiGiris' located by 'By.cssSelector: .bootbox-close-button.close' in '30' second(s)

2021-11-12 17:05:02 - [MESSAGE][INFO] - Smart Wait Function is triggered

2021-11-12 17:05:02 - [MESSAGE][INFO] - Found 1 web elements with id: 'Object Repository/Sayfalar/Giris_Sayfasi/PopupCarpiGiris' located by 'By.cssSelector: .bootbox-close-button.close' in '30' second(s)

2021-11-12 17:05:02 - [MESSAGE][INFO] - Clicking on object: 'Object Repository/Sayfalar/Giris_Sayfasi/PopupCarpiGiris'

2021-11-12 17:05:02 - [MESSAGE][PASSED] - Object: 'Object Repository/Sayfalar/Giris_Sayfasi/PopupCarpiGiris' is clicked on

2021-11-12 17:05:02 - [TEST_STEP][PASSED] - verifyElementVisible(findTestObject("Object Repository/Kullanici_Islemleri/KullaniciIslemleri")): Object 'Object Repository/Kullanici_Islemleri/KullaniciIslemleri' is visible

2021-11-12 17:05:02 - [MESSAGE][INFO] - Finding Test Object 'Object Repository/Kullanici_Islemleri/KullaniciIslemleri'

2021-11-12 17:05:02 - [MESSAGE][INFO] - Checking object

2021-11-12 17:05:02 - [MESSAGE][INFO] - Finding web element from Test Object's properties

2021-11-12 17:05:02 - [MESSAGE][INFO] - Checking timeout

2021-11-12 17:05:02 - [MESSAGE][INFO] - Finding web element with id: 'Object Repository/Kullanici_Islemleri/KullaniciIslemleri' located by 'By.cssSelector: .dropdown>a>img' in '30' second(s)

2021-11-12 17:05:02 - [MESSAGE][INFO] - Smart Wait Function is triggered

2021-11-12 17:05:03 - [MESSAGE][INFO] - Found 1 web elements with id: 'Object Repository/Kullanici_Islemleri/KullaniciIslemleri' located by 'By.cssSelector: .dropdown>a>img' in '30' second(s)

2021-11-12 17:05:03 - [MESSAGE][PASSED] - Object 'Object Repository/Kullanici_Islemleri/KullaniciIslemleri' is visible

2021-11-12 17:05:03 - [MESSAGE][PASSED] - Call Test Case 'Test Cases/Sayfalar/Giris_Sayfasi/Login' successfully

2021-11-12 17:05:03 - [MESSAGE][INFO] - Checking called Test Case

2021-11-12 17:05:03 - [MESSAGE][INFO] - Starting to call Test Case 'Test Cases/Menu/AnaMenuSecimi'

2021-11-12 17:05:03 - [TEST_CASE][PASSED] - Test Cases/Menu/AnaMenuSecimi: Test Cases/Menu/AnaMenuSecimi

2021-11-12 17:05:04 - [TEST_STEP][PASSED] - Method.TextDegerineEsitElementeTikla(findTestObject("Menu/Ana_Menu"), Ana_Menu): Method.TextDegerineEsitElementeTikla is PASSED

2021-11-12 17:05:04 - [MESSAGE][INFO] - Finding Test Object 'Object Repository/Menu/Ana_Menu'

2021-11-12 17:05:04 - [MESSAGE][INFO] - Checking timeout

2021-11-12 17:05:04 - [MESSAGE][INFO] - Finding web element with id: 'Object Repository/Menu/Ana_Menu' located by 'By.xpath: //*[@class = 'dropdown-toggle']' in '10' second(s)

2021-11-12 17:05:04 - [MESSAGE][INFO] - Smart Wait Function is triggered

2021-11-12 17:05:04 - [MESSAGE][INFO] - Found 14 web elements with id: 'Object Repository/Menu/Ana_Menu' located by 'By.xpath: //*[@class = 'dropdown-toggle']' in '10' second(s)

2021-11-12 17:05:04 - [MESSAGE][PASSED] - Method.TextDegerineEsitElementeTikla is PASSED

2021-11-12 17:05:04 - [MESSAGE][PASSED] - Call Test Case 'Test Cases/Menu/AnaMenuSecimi' successfully

2021-11-12 17:05:04 - [MESSAGE][INFO] - Checking called Test Case

2021-11-12 17:05:04 - [MESSAGE][INFO] - Starting to call Test Case 'Test Cases/Menu/BasligaGoreAltMenuSecimi'

2021-11-12 17:05:04 - [TEST_CASE][PASSED] - Test Cases/Menu/BasligaGoreAltMenuSecimi: Test Cases/Menu/BasligaGoreAltMenuSecimi

2021-11-12 17:05:05 - [TEST_STEP][PASSED] - Method.TextDegerineEsitElementinAltindakiTextDegerineEsitOlanaTikla(findTestObject("Menu/Menu_Basligi"), findTestObject("Menu/Basliga_Gore_Alt_Menu"), Baslik, Alt_Menu): Method.TextDegerineEsitElementinAltindakiTextDegerineEsitOlanaTikla is PASSED

2021-11-12 17:05:05 - [MESSAGE][INFO] - Finding Test Object 'Object Repository/Menu/Menu_Basligi'

2021-11-12 17:05:06 - [MESSAGE][INFO] - Finding Test Object 'Object Repository/Menu/Basliga_Gore_Alt_Menu'

2021-11-12 17:05:06 - [MESSAGE][INFO] - Checking timeout

2021-11-12 17:05:06 - [MESSAGE][INFO] - Finding web element with id: 'Object Repository/Menu/Menu_Basligi' located by 'By.xpath: //li[@class='dropdown dropdown-large open']//li[@class='dropdown-header']' in '10' second(s)

2021-11-12 17:05:06 - [MESSAGE][INFO] - Smart Wait Function is triggered

2021-11-12 17:05:06 - [MESSAGE][INFO] - Found 2 web elements with id: 'Object Repository/Menu/Menu_Basligi' located by 'By.xpath: //li[@class='dropdown dropdown-large open']//li[@class='dropdown-header']' in '10' second(s)

2021-11-12 17:05:06 - [MESSAGE][INFO] - Smart Wait Function is triggered

2021-11-12 17:05:07 - [MESSAGE][PASSED] - Method.TextDegerineEsitElementinAltindakiTextDegerineEsitOlanaTikla is PASSED

2021-11-12 17:05:07 - [MESSAGE][PASSED] - Call Test Case 'Test Cases/Menu/BasligaGoreAltMenuSecimi' successfully

2021-11-12 17:05:07 - [MESSAGE][INFO] - Checking called Test Case

2021-11-12 17:05:07 - [MESSAGE][INFO] - Starting to call Test Case 'Test Cases/Butonlar/ButonVarMi'

2021-11-12 17:05:07 - [TEST_CASE][PASSED] - Test Cases/Butonlar/ButonVarMi: Test Cases/Butonlar/ButonVarMi

2021-11-12 17:05:08 - [TEST_STEP][PASSED] - Method.TextDegerineEsitElementVarMi(findTestObject("Butonlar/Butonlar"), Buton): Method.TextDegerineEsitElementVarMi is PASSED

2021-11-12 17:05:08 - [MESSAGE][INFO] - Finding Test Object 'Object Repository/Butonlar/Butonlar'

2021-11-12 17:05:08 - [MESSAGE][INFO] - Checking timeout

2021-11-12 17:05:08 - [MESSAGE][INFO] - Finding web element with id: 'Object Repository/Butonlar/Butonlar' located by 'By.cssSelector: .panel.panel-default.text-center.footerPanel .btn,.btn.btn-primary.btnControls' in '10' second(s)

2021-11-12 17:05:08 - [MESSAGE][INFO] - Smart Wait Function is triggered

2021-11-12 17:05:08 - [MESSAGE][INFO] - Found 1 web elements with id: 'Object Repository/Butonlar/Butonlar' located by 'By.cssSelector: .panel.panel-default.text-center.footerPanel .btn,.btn.btn-primary.btnControls' in '10' second(s)

2021-11-12 17:05:08 - [MESSAGE][PASSED] - Method.TextDegerineEsitElementVarMi is PASSED

2021-11-12 17:05:08 - [MESSAGE][PASSED] - Call Test Case 'Test Cases/Butonlar/ButonVarMi' successfully

2021-11-12 17:05:08 - [MESSAGE][INFO] - Checking called Test Case

2021-11-12 17:05:08 - [MESSAGE][INFO] - Starting to call Test Case 'Test Cases/Butonlar/NumaraliSayfayaGec'

2021-11-12 17:05:08 - [TEST_CASE][PASSED] - Test Cases/Butonlar/NumaraliSayfayaGec: Test Cases/Butonlar/NumaraliSayfayaGec

2021-11-12 17:05:09 - [TEST_STEP][PASSED] - waitForElementClickable(findTestObject("Butonlar/SayfaNumarasi"), 10): Object 'Object Repository/Butonlar/SayfaNumarasi' is clickable

2021-11-12 17:05:09 - [MESSAGE][INFO] - Finding Test Object 'Object Repository/Butonlar/SayfaNumarasi'

2021-11-12 17:05:09 - [MESSAGE][INFO] - Checking object

2021-11-12 17:05:09 - [MESSAGE][INFO] - Checking timeout

2021-11-12 17:05:09 - [MESSAGE][INFO] - Finding web element from Test Object's properties

2021-11-12 17:05:09 - [MESSAGE][INFO] - Checking timeout

2021-11-12 17:05:09 - [MESSAGE][INFO] - Finding web element with id: 'Object Repository/Butonlar/SayfaNumarasi' located by 'By.cssSelector: .dxp-num' in '10' second(s)

2021-11-12 17:05:09 - [MESSAGE][INFO] - Smart Wait Function is triggered

2021-11-12 17:05:09 - [MESSAGE][INFO] - Found 7 web elements with id: 'Object Repository/Butonlar/SayfaNumarasi' located by 'By.cssSelector: .dxp-num' in '10' second(s)

2021-11-12 17:05:09 - [MESSAGE][PASSED] - Object 'Object Repository/Butonlar/SayfaNumarasi' is clickable

2021-11-12 17:05:09 - [TEST_STEP][PASSED] - Method.TextDegerineEsitElementeTiklaEquals(findTestObject("Butonlar/SayfaNumarasi"), SayfaNumarasi): Method.TextDegerineEsitElementeTiklaEquals is PASSED

2021-11-12 17:05:09 - [MESSAGE][INFO] - Finding Test Object 'Object Repository/Butonlar/SayfaNumarasi'

2021-11-12 17:05:09 - [MESSAGE][INFO] - Checking timeout

2021-11-12 17:05:09 - [MESSAGE][INFO] - Finding web element with id: 'Object Repository/Butonlar/SayfaNumarasi' located by 'By.cssSelector: .dxp-num' in '10' second(s)

2021-11-12 17:05:09 - [MESSAGE][INFO] - Smart Wait Function is triggered

2021-11-12 17:05:09 - [MESSAGE][INFO] - Found 7 web elements with id: 'Object Repository/Butonlar/SayfaNumarasi' located by 'By.cssSelector: .dxp-num' in '10' second(s)

2021-11-12 17:05:09 - [MESSAGE][PASSED] - Method.TextDegerineEsitElementeTiklaEquals is PASSED

2021-11-12 17:05:09 - [MESSAGE][PASSED] - Call Test Case 'Test Cases/Butonlar/NumaraliSayfayaGec' successfully

2021-11-12 17:05:09 - [MESSAGE][INFO] - Checking called Test Case

2021-11-12 17:05:09 - [MESSAGE][INFO] - Starting to call Test Case 'Test Cases/Butonlar/NumaraliSayfayaGec'

2021-11-12 17:05:10 - [TEST_CASE][PASSED] - Test Cases/Butonlar/NumaraliSayfayaGec: Test Cases/Butonlar/NumaraliSayfayaGec

2021-11-12 17:05:10 - [TEST_STEP][PASSED] - waitForElementClickable(findTestObject("Butonlar/SayfaNumarasi"), 10): Object 'Object Repository/Butonlar/SayfaNumarasi' is clickable

2021-11-12 17:05:10 - [MESSAGE][INFO] - Finding Test Object 'Object Repository/Butonlar/SayfaNumarasi'

2021-11-12 17:05:10 - [MESSAGE][INFO] - Checking object

2021-11-12 17:05:10 - [MESSAGE][INFO] - Checking timeout

2021-11-12 17:05:10 - [MESSAGE][INFO] - Finding web element from Test Object's properties

2021-11-12 17:05:10 - [MESSAGE][INFO] - Checking timeout

2021-11-12 17:05:10 - [MESSAGE][INFO] - Finding web element with id: 'Object Repository/Butonlar/SayfaNumarasi' located by 'By.cssSelector: .dxp-num' in '10' second(s)

2021-11-12 17:05:10 - [MESSAGE][INFO] - Smart Wait Function is triggered

2021-11-12 17:05:10 - [MESSAGE][INFO] - Found 7 web elements with id: 'Object Repository/Butonlar/SayfaNumarasi' located by 'By.cssSelector: .dxp-num' in '10' second(s)

2021-11-12 17:05:10 - [MESSAGE][PASSED] - Object 'Object Repository/Butonlar/SayfaNumarasi' is clickable

2021-11-12 17:05:10 - [TEST_STEP][PASSED] - Method.TextDegerineEsitElementeTiklaEquals(findTestObject("Butonlar/SayfaNumarasi"), SayfaNumarasi): Method.TextDegerineEsitElementeTiklaEquals is PASSED

2021-11-12 17:05:10 - [MESSAGE][INFO] - Finding Test Object 'Object Repository/Butonlar/SayfaNumarasi'

2021-11-12 17:05:10 - [MESSAGE][INFO] - Checking timeout

2021-11-12 17:05:10 - [MESSAGE][INFO] - Finding web element with id: 'Object Repository/Butonlar/SayfaNumarasi' located by 'By.cssSelector: .dxp-num' in '10' second(s)

2021-11-12 17:05:10 - [MESSAGE][INFO] - Smart Wait Function is triggered

2021-11-12 17:05:10 - [MESSAGE][INFO] - Found 7 web elements with id: 'Object Repository/Butonlar/SayfaNumarasi' located by 'By.cssSelector: .dxp-num' in '10' second(s)

2021-11-12 17:05:10 - [MESSAGE][PASSED] - Method.TextDegerineEsitElementeTiklaEquals is PASSED

2021-11-12 17:05:10 - [MESSAGE][PASSED] - Call Test Case 'Test Cases/Butonlar/NumaraliSayfayaGec' successfully

2021-11-12 17:05:10 - [MESSAGE][INFO] - Checking called Test Case

2021-11-12 17:05:10 - [MESSAGE][INFO] - Starting to call Test Case 'Test Cases/Butonlar/SonrakiSayfa'

2021-11-12 17:05:11 - [TEST_CASE][PASSED] - Test Cases/Butonlar/SonrakiSayfa: Test Cases/Butonlar/SonrakiSayfa

2021-11-12 17:05:11 - [TEST_STEP][PASSED] - waitForElementClickable(findTestObject("Butonlar/SonrakiSayfa"), 10): Object 'Object Repository/Butonlar/SonrakiSayfa' is clickable

2021-11-12 17:05:11 - [MESSAGE][INFO] - Finding Test Object 'Object Repository/Butonlar/SonrakiSayfa'

2021-11-12 17:05:11 - [MESSAGE][INFO] - Checking object

2021-11-12 17:05:11 - [MESSAGE][INFO] - Checking timeout

2021-11-12 17:05:11 - [MESSAGE][INFO] - Finding web element from Test Object's properties

2021-11-12 17:05:11 - [MESSAGE][INFO] - Checking timeout

2021-11-12 17:05:11 - [MESSAGE][INFO] - Finding web element with id: 'Object Repository/Butonlar/SonrakiSayfa' located by 'By.cssSelector: .dxWeb_pNext_LECustomTheme' in '10' second(s)

2021-11-12 17:05:11 - [MESSAGE][INFO] - Smart Wait Function is triggered

2021-11-12 17:05:11 - [MESSAGE][INFO] - Found 1 web elements with id: 'Object Repository/Butonlar/SonrakiSayfa' located by 'By.cssSelector: .dxWeb_pNext_LECustomTheme' in '10' second(s)

2021-11-12 17:05:11 - [MESSAGE][PASSED] - Object 'Object Repository/Butonlar/SonrakiSayfa' is clickable

2021-11-12 17:05:11 - [TEST_STEP][PASSED] - click(findTestObject("Butonlar/SonrakiSayfa")): Object: 'Object Repository/Butonlar/SonrakiSayfa' is clicked on

2021-11-12 17:05:11 - [MESSAGE][INFO] - Finding Test Object 'Object Repository/Butonlar/SonrakiSayfa'

2021-11-12 17:05:12 - [MESSAGE][INFO] - Checking object

2021-11-12 17:05:12 - [MESSAGE][INFO] - Finding web element from Test Object's properties

2021-11-12 17:05:12 - [MESSAGE][INFO] - Checking timeout

2021-11-12 17:05:12 - [MESSAGE][INFO] - Finding web element with id: 'Object Repository/Butonlar/SonrakiSayfa' located by 'By.cssSelector: .dxWeb_pNext_LECustomTheme' in '30' second(s)

2021-11-12 17:05:12 - [MESSAGE][INFO] - Smart Wait Function is triggered

2021-11-12 17:05:12 - [MESSAGE][INFO] - Found 1 web elements with id: 'Object Repository/Butonlar/SonrakiSayfa' located by 'By.cssSelector: .dxWeb_pNext_LECustomTheme' in '30' second(s)

2021-11-12 17:05:12 - [MESSAGE][INFO] - Clicking on object: 'Object Repository/Butonlar/SonrakiSayfa'

2021-11-12 17:05:12 - [MESSAGE][PASSED] - Object: 'Object Repository/Butonlar/SonrakiSayfa' is clicked on

2021-11-12 17:05:12 - [MESSAGE][PASSED] - Call Test Case 'Test Cases/Butonlar/SonrakiSayfa' successfully

2021-11-12 17:05:12 - [MESSAGE][INFO] - Checking called Test Case

2021-11-12 17:05:12 - [MESSAGE][INFO] - Starting to call Test Case 'Test Cases/Butonlar/OncekiSayfa'

2021-11-12 17:05:12 - [TEST_CASE][PASSED] - Test Cases/Butonlar/OncekiSayfa: Test Cases/Butonlar/OncekiSayfa

2021-11-12 17:05:13 - [TEST_STEP][PASSED] - waitForElementClickable(findTestObject("Butonlar/OncekiSayfa"), 10): Object 'Object Repository/Butonlar/OncekiSayfa' is clickable

2021-11-12 17:05:13 - [MESSAGE][INFO] - Finding Test Object 'Object Repository/Butonlar/OncekiSayfa'

2021-11-12 17:05:13 - [MESSAGE][INFO] - Checking object

2021-11-12 17:05:13 - [MESSAGE][INFO] - Checking timeout

2021-11-12 17:05:13 - [MESSAGE][INFO] - Finding web element from Test Object's properties

2021-11-12 17:05:13 - [MESSAGE][INFO] - Checking timeout

2021-11-12 17:05:13 - [MESSAGE][INFO] - Finding web element with id: 'Object Repository/Butonlar/OncekiSayfa' located by 'By.cssSelector: .dxWeb_pPrev_LECustomTheme' in '10' second(s)

2021-11-12 17:05:13 - [MESSAGE][INFO] - Smart Wait Function is triggered

2021-11-12 17:05:13 - [MESSAGE][INFO] - Found 1 web elements with id: 'Object Repository/Butonlar/OncekiSayfa' located by 'By.cssSelector: .dxWeb_pPrev_LECustomTheme' in '10' second(s)

2021-11-12 17:05:13 - [MESSAGE][PASSED] - Object 'Object Repository/Butonlar/OncekiSayfa' is clickable

2021-11-12 17:05:13 - [TEST_STEP][PASSED] - click(findTestObject("Butonlar/OncekiSayfa")): Object: 'Object Repository/Butonlar/OncekiSayfa' is clicked on

2021-11-12 17:05:13 - [MESSAGE][INFO] - Finding Test Object 'Object Repository/Butonlar/OncekiSayfa'

2021-11-12 17:05:13 - [MESSAGE][INFO] - Checking object

2021-11-12 17:05:13 - [MESSAGE][INFO] - Finding web element from Test Object's properties

2021-11-12 17:05:13 - [MESSAGE][INFO] - Checking timeout

2021-11-12 17:05:13 - [MESSAGE][INFO] - Finding web element with id: 'Object Repository/Butonlar/OncekiSayfa' located by 'By.cssSelector: .dxWeb_pPrev_LECustomTheme' in '30' second(s)

2021-11-12 17:05:13 - [MESSAGE][INFO] - Smart Wait Function is triggered

2021-11-12 17:05:14 - [MESSAGE][INFO] - Found 1 web elements with id: 'Object Repository/Butonlar/OncekiSayfa' located by 'By.cssSelector: .dxWeb_pPrev_LECustomTheme' in '30' second(s)

2021-11-12 17:05:14 - [MESSAGE][INFO] - Clicking on object: 'Object Repository/Butonlar/OncekiSayfa'

2021-11-12 17:05:14 - [MESSAGE][PASSED] - Object: 'Object Repository/Butonlar/OncekiSayfa' is clicked on

2021-11-12 17:05:14 - [MESSAGE][PASSED] - Call Test Case 'Test Cases/Butonlar/OncekiSayfa' successfully

2021-11-12 17:05:14 - [MESSAGE][INFO] - Checking called Test Case

2021-11-12 17:05:14 - [MESSAGE][INFO] - Starting to call Test Case 'Test Cases/Butonlar/ilkSayfa'

2021-11-12 17:05:14 - [TEST_CASE][PASSED] - Test Cases/Butonlar/ilkSayfa: Test Cases/Butonlar/ilkSayfa

2021-11-12 17:05:14 - [TEST_STEP][PASSED] - waitForElementClickable(findTestObject("Butonlar/IlkSayfa"), 10): Object 'Object Repository/Butonlar/IlkSayfa' is clickable

2021-11-12 17:05:14 - [MESSAGE][INFO] - Finding Test Object 'Object Repository/Butonlar/IlkSayfa'

2021-11-12 17:05:14 - [MESSAGE][INFO] - Checking object

2021-11-12 17:05:14 - [MESSAGE][INFO] - Checking timeout

2021-11-12 17:05:14 - [MESSAGE][INFO] - Finding web element from Test Object's properties

2021-11-12 17:05:14 - [MESSAGE][INFO] - Checking timeout

2021-11-12 17:05:14 - [MESSAGE][INFO] - Finding web element with id: 'Object Repository/Butonlar/IlkSayfa' located by 'By.cssSelector: .dxWeb_pFirst_LECustomTheme' in '10' second(s)

2021-11-12 17:05:14 - [MESSAGE][INFO] - Smart Wait Function is triggered

2021-11-12 17:05:15 - [MESSAGE][INFO] - Found 1 web elements with id: 'Object Repository/Butonlar/IlkSayfa' located by 'By.cssSelector: .dxWeb_pFirst_LECustomTheme' in '10' second(s)

2021-11-12 17:05:15 - [MESSAGE][PASSED] - Object 'Object Repository/Butonlar/IlkSayfa' is clickable

2021-11-12 17:05:15 - [TEST_STEP][PASSED] - click(findTestObject("Butonlar/IlkSayfa")): Object: 'Object Repository/Butonlar/IlkSayfa' is clicked on

2021-11-12 17:05:15 - [MESSAGE][INFO] - Finding Test Object 'Object Repository/Butonlar/IlkSayfa'

2021-11-12 17:05:15 - [MESSAGE][INFO] - Checking object

2021-11-12 17:05:15 - [MESSAGE][INFO] - Finding web element from Test Object's properties

2021-11-12 17:05:15 - [MESSAGE][INFO] - Checking timeout

2021-11-12 17:05:15 - [MESSAGE][INFO] - Finding web element with id: 'Object Repository/Butonlar/IlkSayfa' located by 'By.cssSelector: .dxWeb_pFirst_LECustomTheme' in '30' second(s)

2021-11-12 17:05:15 - [MESSAGE][INFO] - Smart Wait Function is triggered

2021-11-12 17:05:15 - [MESSAGE][INFO] - Found 1 web elements with id: 'Object Repository/Butonlar/IlkSayfa' located by 'By.cssSelector: .dxWeb_pFirst_LECustomTheme' in '30' second(s)

2021-11-12 17:05:15 - [MESSAGE][INFO] - Clicking on object: 'Object Repository/Butonlar/IlkSayfa'

2021-11-12 17:05:15 - [MESSAGE][PASSED] - Object: 'Object Repository/Butonlar/IlkSayfa' is clicked on

2021-11-12 17:05:15 - [MESSAGE][PASSED] - Call Test Case 'Test Cases/Butonlar/ilkSayfa' successfully

2021-11-12 17:05:15 - [MESSAGE][INFO] - Checking called Test Case

2021-11-12 17:05:15 - [MESSAGE][INFO] - Starting to call Test Case 'Test Cases/Butonlar/SonSayfa'

2021-11-12 17:05:15 - [TEST_CASE][PASSED] - Test Cases/Butonlar/SonSayfa: Test Cases/Butonlar/SonSayfa

2021-11-12 17:05:16 - [TEST_STEP][PASSED] - waitForElementClickable(findTestObject("Butonlar/SonSayfa"), 10): Object 'Object Repository/Butonlar/SonSayfa' is clickable

2021-11-12 17:05:16 - [MESSAGE][INFO] - Finding Test Object 'Object Repository/Butonlar/SonSayfa'

2021-11-12 17:05:16 - [MESSAGE][INFO] - Checking object

2021-11-12 17:05:16 - [MESSAGE][INFO] - Checking timeout

2021-11-12 17:05:16 - [MESSAGE][INFO] - Finding web element from Test Object's properties

2021-11-12 17:05:16 - [MESSAGE][INFO] - Checking timeout

2021-11-12 17:05:16 - [MESSAGE][INFO] - Finding web element with id: 'Object Repository/Butonlar/SonSayfa' located by 'By.cssSelector: .dxWeb_pLast_LECustomTheme' in '10' second(s)

2021-11-12 17:05:16 - [MESSAGE][INFO] - Smart Wait Function is triggered

2021-11-12 17:05:16 - [MESSAGE][INFO] - Found 1 web elements with id: 'Object Repository/Butonlar/SonSayfa' located by 'By.cssSelector: .dxWeb_pLast_LECustomTheme' in '10' second(s)

2021-11-12 17:05:16 - [MESSAGE][PASSED] - Object 'Object Repository/Butonlar/SonSayfa' is clickable

2021-11-12 17:05:16 - [TEST_STEP][PASSED] - click(findTestObject("Butonlar/SonSayfa")): Object: 'Object Repository/Butonlar/SonSayfa' is clicked on

2021-11-12 17:05:16 - [MESSAGE][INFO] - Finding Test Object 'Object Repository/Butonlar/SonSayfa'

2021-11-12 17:05:17 - [MESSAGE][INFO] - Checking object

2021-11-12 17:05:17 - [MESSAGE][INFO] - Finding web element from Test Object's properties

2021-11-12 17:05:17 - [MESSAGE][INFO] - Checking timeout

2021-11-12 17:05:17 - [MESSAGE][INFO] - Finding web element with id: 'Object Repository/Butonlar/SonSayfa' located by 'By.cssSelector: .dxWeb_pLast_LECustomTheme' in '30' second(s)

2021-11-12 17:05:17 - [MESSAGE][INFO] - Smart Wait Function is triggered

2021-11-12 17:05:17 - [MESSAGE][INFO] - Found 1 web elements with id: 'Object Repository/Butonlar/SonSayfa' located by 'By.cssSelector: .dxWeb_pLast_LECustomTheme' in '30' second(s)

2021-11-12 17:05:17 - [MESSAGE][INFO] - Clicking on object: 'Object Repository/Butonlar/SonSayfa'

2021-11-12 17:05:17 - [MESSAGE][PASSED] - Object: 'Object Repository/Butonlar/SonSayfa' is clicked on

2021-11-12 17:05:17 - [MESSAGE][PASSED] - Call Test Case 'Test Cases/Butonlar/SonSayfa' successfully

2021-11-12 17:05:17 - [MESSAGE][INFO] - Checking called Test Case

2021-11-12 17:05:17 - [MESSAGE][INFO] - Starting to call Test Case 'Test Cases/Butonlar/SayfaBoyutu'

2021-11-12 17:05:17 - [TEST_CASE][PASSED] - Test Cases/Butonlar/SayfaBoyutu: Test Cases/Butonlar/SayfaBoyutu

2021-11-12 17:05:18 - [TEST_STEP][PASSED] - click(findTestObject("Butonlar/SayfaBoyutuDropdown")): Object: 'Object Repository/Butonlar/SayfaBoyutuDropdown' is clicked on

2021-11-12 17:05:18 - [MESSAGE][INFO] - Finding Test Object 'Object Repository/Butonlar/SayfaBoyutuDropdown'

2021-11-12 17:05:18 - [MESSAGE][INFO] - Checking object

2021-11-12 17:05:18 - [MESSAGE][INFO] - Finding web element from Test Object's properties

2021-11-12 17:05:18 - [MESSAGE][INFO] - Checking timeout

2021-11-12 17:05:18 - [MESSAGE][INFO] - Finding web element with id: 'Object Repository/Butonlar/SayfaBoyutuDropdown' located by 'By.cssSelector: #GridViewEArchiveFileOperations_DXPagerBottom_DDB' in '30' second(s)

2021-11-12 17:05:18 - [MESSAGE][INFO] - Smart Wait Function is triggered

2021-11-12 17:05:18 - [MESSAGE][INFO] - Found 1 web elements with id: 'Object Repository/Butonlar/SayfaBoyutuDropdown' located by 'By.cssSelector: #GridViewEArchiveFileOperations_DXPagerBottom_DDB' in '30' second(s)

2021-11-12 17:05:18 - [MESSAGE][INFO] - Clicking on object: 'Object Repository/Butonlar/SayfaBoyutuDropdown'

2021-11-12 17:05:18 - [MESSAGE][PASSED] - Object: 'Object Repository/Butonlar/SayfaBoyutuDropdown' is clicked on

2021-11-12 17:05:18 - [TEST_STEP][PASSED] - Method.TextDegerineEsitElementeTikla(findTestObject("Butonlar/SayfaBoyutu"), SayfaBoyutu): Method.TextDegerineEsitElementeTikla is PASSED

2021-11-12 17:05:18 - [MESSAGE][INFO] - Finding Test Object 'Object Repository/Butonlar/SayfaBoyutu'

2021-11-12 17:05:18 - [MESSAGE][INFO] - Checking timeout

2021-11-12 17:05:18 - [MESSAGE][INFO] - Finding web element with id: 'Object Repository/Butonlar/SayfaBoyutu' located by 'By.cssSelector: .dxm-item .dx-vam' in '10' second(s)

2021-11-12 17:05:18 - [MESSAGE][INFO] - Smart Wait Function is triggered

2021-11-12 17:05:19 - [MESSAGE][INFO] - Found 3 web elements with id: 'Object Repository/Butonlar/SayfaBoyutu' located by 'By.cssSelector: .dxm-item .dx-vam' in '10' second(s)

2021-11-12 17:05:19 - [MESSAGE][PASSED] - Method.TextDegerineEsitElementeTikla is PASSED

2021-11-12 17:05:19 - [MESSAGE][PASSED] - Call Test Case 'Test Cases/Butonlar/SayfaBoyutu' successfully

2021-11-12 17:05:19 - [MESSAGE][INFO] - Checking called Test Case

2021-11-12 17:05:19 - [MESSAGE][INFO] - Starting to call Test Case 'Test Cases/Tablo/TablodaVeriVarMi'

2021-11-12 17:05:19 - [TEST_CASE][PASSED] - Test Cases/Tablo/TablodaVeriVarMi: Test Cases/Tablo/TablodaVeriVarMi

2021-11-12 17:05:20 - [TEST_STEP][PASSED] - verifyTextNotPresent("Görüntülenecek veri yok", true): Text 'Görüntülenecek veri yok' is not present on page using regular expression

2021-11-12 17:05:20 - [MESSAGE][INFO] - Checking text present  using regular expression

2021-11-12 17:05:20 - [MESSAGE][INFO] - Smart Wait Function is triggered

2021-11-12 17:05:20 - [MESSAGE][INFO] - Finding text 'Görüntülenecek veri yok' on page  using regular expression

2021-11-12 17:05:20 - [MESSAGE][PASSED] - Text 'Görüntülenecek veri yok' is not present on page using regular expression

2021-11-12 17:05:20 - [MESSAGE][PASSED] - Call Test Case 'Test Cases/Tablo/TablodaVeriVarMi' successfully

2021-11-12 17:05:20 - [MESSAGE][INFO] - Checking called Test Case

2021-11-12 17:05:20 - [MESSAGE][INFO] - Starting to call Test Case 'Test Cases/Kullanici_Islemleri/KullaniciIslemlerindenSecimYapilir'

2021-11-12 17:05:20 - [TEST_CASE][PASSED] - Test Cases/Kullanici_Islemleri/KullaniciIslemlerindenSecimYapilir: Test Cases/Kullanici_Islemleri/KullaniciIslemlerindenSecimYapilir

2021-11-12 17:05:21 - [TEST_STEP][PASSED] - waitForElementClickable(findTestObject("Object Repository/Kullanici_Islemleri/KullaniciIslemleri"), 10): Object 'Object Repository/Kullanici_Islemleri/KullaniciIslemleri' is clickable

2021-11-12 17:05:21 - [MESSAGE][INFO] - Finding Test Object 'Object Repository/Kullanici_Islemleri/KullaniciIslemleri'

2021-11-12 17:05:21 - [MESSAGE][INFO] - Checking object

2021-11-12 17:05:21 - [MESSAGE][INFO] - Checking timeout

2021-11-12 17:05:21 - [MESSAGE][INFO] - Finding web element from Test Object's properties

2021-11-12 17:05:21 - [MESSAGE][INFO] - Checking timeout

2021-11-12 17:05:21 - [MESSAGE][INFO] - Finding web element with id: 'Object Repository/Kullanici_Islemleri/KullaniciIslemleri' located by 'By.cssSelector: .dropdown>a>img' in '10' second(s)

2021-11-12 17:05:21 - [MESSAGE][INFO] - Smart Wait Function is triggered

2021-11-12 17:05:21 - [MESSAGE][INFO] - Found 1 web elements with id: 'Object Repository/Kullanici_Islemleri/KullaniciIslemleri' located by 'By.cssSelector: .dropdown>a>img' in '10' second(s)

2021-11-12 17:05:21 - [MESSAGE][PASSED] - Object 'Object Repository/Kullanici_Islemleri/KullaniciIslemleri' is clickable

2021-11-12 17:05:21 - [TEST_STEP][PASSED] - click(findTestObject("Object Repository/Kullanici_Islemleri/KullaniciIslemleri")): Object: 'Object Repository/Kullanici_Islemleri/KullaniciIslemleri' is clicked on

2021-11-12 17:05:21 - [MESSAGE][INFO] - Finding Test Object 'Object Repository/Kullanici_Islemleri/KullaniciIslemleri'

2021-11-12 17:05:21 - [MESSAGE][INFO] - Checking object

2021-11-12 17:05:21 - [MESSAGE][INFO] - Finding web element from Test Object's properties

2021-11-12 17:05:21 - [MESSAGE][INFO] - Checking timeout

2021-11-12 17:05:21 - [MESSAGE][INFO] - Finding web element with id: 'Object Repository/Kullanici_Islemleri/KullaniciIslemleri' located by 'By.cssSelector: .dropdown>a>img' in '30' second(s)

2021-11-12 17:05:21 - [MESSAGE][INFO] - Smart Wait Function is triggered

2021-11-12 17:05:22 - [MESSAGE][INFO] - Found 1 web elements with id: 'Object Repository/Kullanici_Islemleri/KullaniciIslemleri' located by 'By.cssSelector: .dropdown>a>img' in '30' second(s)

2021-11-12 17:05:22 - [MESSAGE][INFO] - Clicking on object: 'Object Repository/Kullanici_Islemleri/KullaniciIslemleri'

2021-11-12 17:05:22 - [MESSAGE][PASSED] - Object: 'Object Repository/Kullanici_Islemleri/KullaniciIslemleri' is clicked on

2021-11-12 17:05:22 - [TEST_STEP][PASSED] - Method.TextDegerineEsitElementeTikla(findTestObject("Object Repository/Kullanici_Islemleri/Secenekler"), Islem): Method.TextDegerineEsitElementeTikla is PASSED

2021-11-12 17:05:22 - [MESSAGE][INFO] - Finding Test Object 'Object Repository/Kullanici_Islemleri/Secenekler'

2021-11-12 17:05:22 - [MESSAGE][INFO] - Checking timeout

2021-11-12 17:05:22 - [MESSAGE][INFO] - Finding web element with id: 'Object Repository/Kullanici_Islemleri/Secenekler' located by 'By.cssSelector: .nav.navbar-nav.navbar-right li a' in '10' second(s)

2021-11-12 17:05:22 - [MESSAGE][INFO] - Smart Wait Function is triggered

2021-11-12 17:05:22 - [MESSAGE][INFO] - Found 22 web elements with id: 'Object Repository/Kullanici_Islemleri/Secenekler' located by 'By.cssSelector: .nav.navbar-nav.navbar-right li a' in '10' second(s)

2021-11-12 17:05:24 - [MESSAGE][PASSED] - Method.TextDegerineEsitElementeTikla is PASSED

2021-11-12 17:05:24 - [TEST_STEP][PASSED] - verifyElementNotPresent(findTestObject("Object Repository/Kullanici_Islemleri/Secenekler"), 10): Web element with id: 'Object Repository/Kullanici_Islemleri/Secenekler' located by 'By.cssSelector: .nav.navbar-nav.navbar-right li a' is not present after '10' second(s)

2021-11-12 17:05:24 - [MESSAGE][INFO] - Finding Test Object 'Object Repository/Kullanici_Islemleri/Secenekler'

2021-11-12 17:05:24 - [MESSAGE][INFO] - Checking object

2021-11-12 17:05:24 - [MESSAGE][INFO] - Checking timeout

2021-11-12 17:05:24 - [MESSAGE][INFO] - Finding web element with id: 'Object Repository/Kullanici_Islemleri/Secenekler' located by 'By.cssSelector: .nav.navbar-nav.navbar-right li a' in '10' second(s)

2021-11-12 17:05:24 - [MESSAGE][INFO] - Smart Wait Function is triggered

2021-11-12 17:05:25 - [MESSAGE][PASSED] - Web element with id: 'Object Repository/Kullanici_Islemleri/Secenekler' located by 'By.cssSelector: .nav.navbar-nav.navbar-right li a' is not present after '10' second(s)

2021-11-12 17:05:25 - [MESSAGE][PASSED] - Call Test Case 'Test Cases/Kullanici_Islemleri/KullaniciIslemlerindenSecimYapilir' successfully

2021-11-12 17:05:25 - [TEST_CASE][PASSED] - Start Test Case : SCENARIO e-Arsiv Dosya Islemleri Buton Kontrolu: SCENARIO e-Arsiv Dosya Islemleri Buton Kontrolu

2021-11-12 17:05:25 - [TEST_STEP][PASSED] - Kullanıcı adı ELOGO6 ve Şifre 123456 olarak giriş yapılır: Kullanıcı adı ELOGO6 ve Şifre 123456 olarak giriş yapılır

2021-11-12 17:05:25 - [MESSAGE][PASSED] - Kullanıcı adı ELOGO6 ve Şifre 123456 olarak giriş yapılır

2021-11-12 17:05:25 - [TEST_STEP][PASSED] - Ana menüden e-Arşiv seçilir: Ana menüden e-Arşiv seçilir

2021-11-12 17:05:25 - [MESSAGE][PASSED] - Ana menüden e-Arşiv seçilir

2021-11-12 17:05:25 - [TEST_STEP][PASSED] - Alt menü e-Arşiv Araçları başlığı altındaki e-Arşiv Dosya İşlemleri seçilir: Alt menü e-Arşiv Araçları başlığı altındaki e-Arşiv Dosya İşlemleri seçilir

2021-11-12 17:05:25 - [MESSAGE][PASSED] - Alt menü e-Arşiv Araçları başlığı altındaki e-Arşiv Dosya İşlemleri seçilir

2021-11-12 17:05:25 - [TEST_STEP][PASSED] - Butonlardan İndir var mı: Butonlardan İndir var mı

2021-11-12 17:05:25 - [MESSAGE][PASSED] - Butonlardan İndir var mı

2021-11-12 17:05:25 - [TEST_STEP][PASSED] - Sayfa butonlarından 2 numaralı sayfa butonuna tıklanır: Sayfa butonlarından 2 numaralı sayfa butonuna tıklanır

2021-11-12 17:05:25 - [MESSAGE][PASSED] - Sayfa butonlarından 2 numaralı sayfa butonuna tıklanır

2021-11-12 17:05:25 - [TEST_STEP][PASSED] - Sayfa butonlarından 3 numaralı sayfa butonuna tıklanır: Sayfa butonlarından 3 numaralı sayfa butonuna tıklanır

2021-11-12 17:05:25 - [MESSAGE][PASSED] - Sayfa butonlarından 3 numaralı sayfa butonuna tıklanır

2021-11-12 17:05:25 - [TEST_STEP][PASSED] - Sayfa butonlarından sonraki sayfa butonuna tıklanır: Sayfa butonlarından sonraki sayfa butonuna tıklanır

2021-11-12 17:05:25 - [MESSAGE][PASSED] - Sayfa butonlarından sonraki sayfa butonuna tıklanır

2021-11-12 17:05:25 - [TEST_STEP][PASSED] - Sayfa butonlarından önceki sayfa butonuna tıklanır: Sayfa butonlarından önceki sayfa butonuna tıklanır

2021-11-12 17:05:25 - [MESSAGE][PASSED] - Sayfa butonlarından önceki sayfa butonuna tıklanır

2021-11-12 17:05:25 - [TEST_STEP][PASSED] - Sayfa butonlarından ilk sayfa butonuna tıklanır: Sayfa butonlarından ilk sayfa butonuna tıklanır

2021-11-12 17:05:25 - [MESSAGE][PASSED] - Sayfa butonlarından ilk sayfa butonuna tıklanır

2021-11-12 17:05:25 - [TEST_STEP][PASSED] - Sayfa butonlarından son sayfa butonuna tıklanır: Sayfa butonlarından son sayfa butonuna tıklanır

2021-11-12 17:05:25 - [MESSAGE][PASSED] - Sayfa butonlarından son sayfa butonuna tıklanır

2021-11-12 17:05:25 - [TEST_STEP][PASSED] - Sayfa boyutu 50 olarak seçilir: Sayfa boyutu 50 olarak seçilir

2021-11-12 17:05:25 - [MESSAGE][PASSED] - Sayfa boyutu 50 olarak seçilir

2021-11-12 17:05:25 - [TEST_STEP][PASSED] - Tabloda veri var mı kontrol edilir: Tabloda veri var mı kontrol edilir

2021-11-12 17:05:25 - [MESSAGE][PASSED] - Tabloda veri var mı kontrol edilir

2021-11-12 17:05:25 - [TEST_STEP][PASSED] - Kullanıcı işlemlerinden Çıkış seçilir: Kullanıcı işlemlerinden Çıkış seçilir

2021-11-12 17:05:25 - [MESSAGE][PASSED] - Kullanıcı işlemlerinden Çıkış seçilir

2021-11-12 17:05:25 - [MESSAGE][PASSED] - Feature file: 'Include/features/e-Arsiv/e-Arsiv Araclari/e-Arsiv Dosya Islemleri/Buton Kontrolu.feature' was passed

2021-11-12 17:05:25 - [TEST_STEP][PASSED] - Start listener action : sampleAfterTestSuite: Invoke 'com.kms.katalon.core.annotation.AfterTestCase' method: 'Listener.sampleAfterTestSuite(...)' completed.

2021-11-12 17:05:25 - [MESSAGE][INFO] - Starting invoke 'com.kms.katalon.core.annotation.AfterTestCase' method: 'Listener.sampleAfterTestSuite(...)'

2021-11-12 17:05:25 - [TEST_STEP][PASSED] - closeBrowser(): Invoke 'com.kms.katalon.core.annotation.AfterTestCase' method: 'Listener.sampleAfterTestSuite(...)' completed.

2021-11-12 17:05:25 - [MESSAGE][INFO] - Closing browser

2021-11-12 17:05:26 - [MESSAGE][PASSED] - Browser is closed

2021-11-12 17:05:26 - [MESSAGE][INFO] - Invoke 'com.kms.katalon.core.annotation.AfterTestCase' method: 'Listener.sampleAfterTestSuite(...)' completed.]]></system-out>
         <system-err><![CDATA[]]></system-err>
      </testcase>
      <testcase name="Test Cases/Case Repository/e-Arsiv/e-Arsiv Araclari/e-Arsiv Fatura Kontrol Raporu/Filtre Kontrolu" time="30.904" classname="Test Cases/Case Repository/e-Arsiv/e-Arsiv Araclari/e-Arsiv Fatura Kontrol Raporu/Filtre Kontrolu" status="PASSED">
         <system-out><![CDATA[2021-11-12 17:05:26 - [TEST_CASE][PASSED] - Test Cases/Case Repository/e-Arsiv/e-Arsiv Araclari/e-Arsiv Fatura Kontrol Raporu/Filtre Kontrolu: Test Cases/Case Repository/e-Arsiv/e-Arsiv Araclari/e-Arsiv Fatura Kontrol Raporu/Filtre Kontrolu

2021-11-12 17:05:26 - [TEST_STEP][PASSED] - Start listener action : sampleBeforeTestSuite: Invoke 'com.kms.katalon.core.annotation.BeforeTestCase' method: 'Listener.sampleBeforeTestSuite(...)' completed.

2021-11-12 17:05:26 - [MESSAGE][INFO] - Starting invoke 'com.kms.katalon.core.annotation.BeforeTestCase' method: 'Listener.sampleBeforeTestSuite(...)'

2021-11-12 17:05:26 - [TEST_STEP][PASSED] - openBrowser(baseUrl): Browser is opened with url: 'https://efatura-stage.elogo.com.tr/'

2021-11-12 17:05:26 - [MESSAGE][INFO] - Opening browser

2021-11-12 17:05:26 - [MESSAGE][INFO] - Starting 'Chrome' driver

2021-11-12 17:05:26 - [MESSAGE][INFO] - User set preference: ['prefs', '{download.default_directory=C:\otomasyondownfiles}']

2021-11-12 17:05:26 - [MESSAGE][INFO] - Action delay is set to 0 milliseconds

2021-11-12 17:05:27 - [MESSAGE][INFO] - Navigating browser to: 'https://efatura-stage.elogo.com.tr/'

2021-11-12 17:05:31 - [MESSAGE][PASSED] - Browser is opened with url: 'https://efatura-stage.elogo.com.tr/'

2021-11-12 17:05:31 - [TEST_STEP][PASSED] - maximizeWindow(): Invoke 'com.kms.katalon.core.annotation.BeforeTestCase' method: 'Listener.sampleBeforeTestSuite(...)' completed.

2021-11-12 17:05:31 - [MESSAGE][INFO] - Maximizing current window

2021-11-12 17:05:31 - [MESSAGE][PASSED] - Current window maximized

2021-11-12 17:05:31 - [MESSAGE][INFO] - Invoke 'com.kms.katalon.core.annotation.BeforeTestCase' method: 'Listener.sampleBeforeTestSuite(...)' completed.

2021-11-12 17:05:32 - [TEST_STEP][PASSED] - runFeatureFile("Include/features/e-Arsiv/e-Arsiv Araclari/e-Arsiv Fatura Kontrol Raporu/Filtre Kontrolu.feature"): Feature file: 'Include/features/e-Arsiv/e-Arsiv Araclari/e-Arsiv Fatura Kontrol Raporu/Filtre Kontrolu.feature' was passed

2021-11-12 17:05:32 - [MESSAGE][INFO] - Starting run keyword runFeatureFile: 'Include/features/e-Arsiv/e-Arsiv Araclari/e-Arsiv Fatura Kontrol Raporu/Filtre Kontrolu.feature' and extract report to folder: 'C:\Users\DELL\Documents\GitHub\EES_KatalonLogo\Reports\20211112_170311\Suite Repository\e-Arsiv\20211112_170317/cucumber_report/1636725932017'...

2021-11-12 17:05:32 - [MESSAGE][INFO] - Glue: []

2021-11-12 17:05:33 - [MESSAGE][INFO] - Checking called Test Case

2021-11-12 17:05:33 - [MESSAGE][INFO] - Starting to call Test Case 'Test Cases/Sayfalar/Giris_Sayfasi/Login'

2021-11-12 17:05:33 - [TEST_CASE][PASSED] - Test Cases/Sayfalar/Giris_Sayfasi/Login: Test Cases/Sayfalar/Giris_Sayfasi/Login

2021-11-12 17:05:33 - [TEST_STEP][PASSED] - Sayfa_Basligi = getWindowTitle(): Current window's title is: 'LOGO e-Fatura'

2021-11-12 17:05:33 - [MESSAGE][INFO] - Getting current window's title

2021-11-12 17:05:33 - [MESSAGE][PASSED] - Current window's title is: 'LOGO e-Fatura'

2021-11-12 17:05:33 - [TEST_STEP][PASSED] - verifyMatch(Sayfa_Basligi, "LOGO e-Fatura", false): Actual text 'LOGO e-Fatura' and expected text 'LOGO e-Fatura' are matched 

2021-11-12 17:05:33 - [MESSAGE][INFO] - Matching actual text 'LOGO e-Fatura' with expected text 'LOGO e-Fatura'

2021-11-12 17:05:33 - [MESSAGE][PASSED] - Actual text 'LOGO e-Fatura' and expected text 'LOGO e-Fatura' are matched 

2021-11-12 17:05:33 - [TEST_STEP][PASSED] - sendKeys(findTestObject("Sayfalar/Giris_Sayfasi/Firma_Kodu"), KullaniciAdi): Keys 'ELOGO6' sent to object: 'Object Repository/Sayfalar/Giris_Sayfasi/Firma_Kodu'

2021-11-12 17:05:33 - [MESSAGE][INFO] - Finding Test Object 'Object Repository/Sayfalar/Giris_Sayfasi/Firma_Kodu'

2021-11-12 17:05:33 - [MESSAGE][INFO] - Sending keys 'ELOGO6' to object: 'Object Repository/Sayfalar/Giris_Sayfasi/Firma_Kodu'

2021-11-12 17:05:33 - [MESSAGE][INFO] - Finding web element from Test Object's properties

2021-11-12 17:05:33 - [MESSAGE][INFO] - Checking timeout

2021-11-12 17:05:33 - [MESSAGE][INFO] - Finding web element with id: 'Object Repository/Sayfalar/Giris_Sayfasi/Firma_Kodu' located by 'By.xpath: //*[@id = 'AccountName']' in '30' second(s)

2021-11-12 17:05:33 - [MESSAGE][INFO] - Smart Wait Function is triggered

2021-11-12 17:05:33 - [MESSAGE][INFO] - Found 1 web elements with id: 'Object Repository/Sayfalar/Giris_Sayfasi/Firma_Kodu' located by 'By.xpath: //*[@id = 'AccountName']' in '30' second(s)

2021-11-12 17:05:33 - [MESSAGE][PASSED] - Keys 'ELOGO6' sent to object: 'Object Repository/Sayfalar/Giris_Sayfasi/Firma_Kodu'

2021-11-12 17:05:33 - [TEST_STEP][PASSED] - sendKeys(findTestObject("Sayfalar/Giris_Sayfasi/Sifre"), Sifre): Keys '123456' sent to object: 'Object Repository/Sayfalar/Giris_Sayfasi/Sifre'

2021-11-12 17:05:33 - [MESSAGE][INFO] - Finding Test Object 'Object Repository/Sayfalar/Giris_Sayfasi/Sifre'

2021-11-12 17:05:34 - [MESSAGE][INFO] - Sending keys '123456' to object: 'Object Repository/Sayfalar/Giris_Sayfasi/Sifre'

2021-11-12 17:05:34 - [MESSAGE][INFO] - Finding web element from Test Object's properties

2021-11-12 17:05:34 - [MESSAGE][INFO] - Checking timeout

2021-11-12 17:05:34 - [MESSAGE][INFO] - Finding web element with id: 'Object Repository/Sayfalar/Giris_Sayfasi/Sifre' located by 'By.xpath: //*[@id = 'Password']' in '30' second(s)

2021-11-12 17:05:34 - [MESSAGE][INFO] - Smart Wait Function is triggered

2021-11-12 17:05:34 - [MESSAGE][INFO] - Found 1 web elements with id: 'Object Repository/Sayfalar/Giris_Sayfasi/Sifre' located by 'By.xpath: //*[@id = 'Password']' in '30' second(s)

2021-11-12 17:05:34 - [MESSAGE][PASSED] - Keys '123456' sent to object: 'Object Repository/Sayfalar/Giris_Sayfasi/Sifre'

2021-11-12 17:05:34 - [TEST_STEP][PASSED] - findWebElement(findTestObject("Sayfalar/Giris_Sayfasi/Giris_Butonu")).click(): Found 1 web elements with id: 'Object Repository/Sayfalar/Giris_Sayfasi/Giris_Butonu' located by 'By.cssSelector: #btnLogin' in '30' second(s)

2021-11-12 17:05:34 - [MESSAGE][INFO] - Finding Test Object 'Object Repository/Sayfalar/Giris_Sayfasi/Giris_Butonu'

2021-11-12 17:05:34 - [MESSAGE][INFO] - Finding web element from Test Object's properties

2021-11-12 17:05:34 - [MESSAGE][INFO] - Checking timeout

2021-11-12 17:05:34 - [MESSAGE][INFO] - Finding web element with id: 'Object Repository/Sayfalar/Giris_Sayfasi/Giris_Butonu' located by 'By.cssSelector: #btnLogin' in '30' second(s)

2021-11-12 17:05:34 - [MESSAGE][INFO] - Smart Wait Function is triggered

2021-11-12 17:05:34 - [MESSAGE][INFO] - Found 1 web elements with id: 'Object Repository/Sayfalar/Giris_Sayfasi/Giris_Butonu' located by 'By.cssSelector: #btnLogin' in '30' second(s)

2021-11-12 17:05:37 - [TEST_STEP][PASSED] - if (verifyElementPresent(findTestObject("Object Repository/Sayfalar/Giris_Sayfasi/RetveTamam_Butonu"), 5, OPTIONAL)): null

2021-11-12 17:05:37 - [MESSAGE][INFO] - Finding Test Object 'Object Repository/Sayfalar/Giris_Sayfasi/RetveTamam_Butonu'

2021-11-12 17:05:37 - [MESSAGE][INFO] - Checking object

2021-11-12 17:05:37 - [MESSAGE][INFO] - Finding web element from Test Object's properties

2021-11-12 17:05:37 - [MESSAGE][INFO] - Checking timeout

2021-11-12 17:05:37 - [MESSAGE][INFO] - Finding web element with id: 'Object Repository/Sayfalar/Giris_Sayfasi/RetveTamam_Butonu' located by 'By.xpath: //*[@class = 'btn btn-default']' in '5' second(s)

2021-11-12 17:05:37 - [MESSAGE][INFO] - Smart Wait Function is triggered

2021-11-12 17:05:38 - [MESSAGE][INFO] - Found 1 web elements with id: 'Object Repository/Sayfalar/Giris_Sayfasi/RetveTamam_Butonu' located by 'By.xpath: //*[@class = 'btn btn-default']' in '5' second(s)

2021-11-12 17:05:38 - [MESSAGE][PASSED] - Object 'Object Repository/Sayfalar/Giris_Sayfasi/RetveTamam_Butonu' is present

2021-11-12 17:05:38 - [TEST_STEP][PASSED] - click(findTestObject("Object Repository/Sayfalar/Giris_Sayfasi/RetveTamam_Butonu")): Object: 'Object Repository/Sayfalar/Giris_Sayfasi/RetveTamam_Butonu' is clicked on

2021-11-12 17:05:38 - [MESSAGE][INFO] - Finding Test Object 'Object Repository/Sayfalar/Giris_Sayfasi/RetveTamam_Butonu'

2021-11-12 17:05:38 - [MESSAGE][INFO] - Checking object

2021-11-12 17:05:38 - [MESSAGE][INFO] - Finding web element from Test Object's properties

2021-11-12 17:05:38 - [MESSAGE][INFO] - Checking timeout

2021-11-12 17:05:38 - [MESSAGE][INFO] - Finding web element with id: 'Object Repository/Sayfalar/Giris_Sayfasi/RetveTamam_Butonu' located by 'By.xpath: //*[@class = 'btn btn-default']' in '30' second(s)

2021-11-12 17:05:38 - [MESSAGE][INFO] - Smart Wait Function is triggered

2021-11-12 17:05:38 - [MESSAGE][INFO] - Found 1 web elements with id: 'Object Repository/Sayfalar/Giris_Sayfasi/RetveTamam_Butonu' located by 'By.xpath: //*[@class = 'btn btn-default']' in '30' second(s)

2021-11-12 17:05:38 - [MESSAGE][INFO] - Clicking on object: 'Object Repository/Sayfalar/Giris_Sayfasi/RetveTamam_Butonu'

2021-11-12 17:05:38 - [MESSAGE][PASSED] - Object: 'Object Repository/Sayfalar/Giris_Sayfasi/RetveTamam_Butonu' is clicked on

2021-11-12 17:05:38 - [TEST_STEP][PASSED] - click(findTestObject("Object Repository/Sayfalar/Giris_Sayfasi/RetveTamam_Butonu")): Object: 'Object Repository/Sayfalar/Giris_Sayfasi/RetveTamam_Butonu' is clicked on

2021-11-12 17:05:38 - [MESSAGE][INFO] - Finding Test Object 'Object Repository/Sayfalar/Giris_Sayfasi/RetveTamam_Butonu'

2021-11-12 17:05:38 - [MESSAGE][INFO] - Checking object

2021-11-12 17:05:38 - [MESSAGE][INFO] - Finding web element from Test Object's properties

2021-11-12 17:05:38 - [MESSAGE][INFO] - Checking timeout

2021-11-12 17:05:38 - [MESSAGE][INFO] - Finding web element with id: 'Object Repository/Sayfalar/Giris_Sayfasi/RetveTamam_Butonu' located by 'By.xpath: //*[@class = 'btn btn-default']' in '30' second(s)

2021-11-12 17:05:38 - [MESSAGE][INFO] - Smart Wait Function is triggered

2021-11-12 17:05:44 - [MESSAGE][INFO] - Found 1 web elements with id: 'Object Repository/Sayfalar/Giris_Sayfasi/RetveTamam_Butonu' located by 'By.xpath: //*[@class = 'btn btn-default']' in '30' second(s)

2021-11-12 17:05:44 - [MESSAGE][INFO] - Clicking on object: 'Object Repository/Sayfalar/Giris_Sayfasi/RetveTamam_Butonu'

2021-11-12 17:05:44 - [MESSAGE][PASSED] - Object: 'Object Repository/Sayfalar/Giris_Sayfasi/RetveTamam_Butonu' is clicked on

2021-11-12 17:05:44 - [TEST_STEP][PASSED] - if (verifyElementPresent(findTestObject("Sayfalar/Giris_Sayfasi/PopupOK"), 5, OPTIONAL)): null

2021-11-12 17:05:44 - [MESSAGE][INFO] - Finding Test Object 'Object Repository/Sayfalar/Giris_Sayfasi/PopupOK'

2021-11-12 17:05:44 - [MESSAGE][INFO] - Checking object

2021-11-12 17:05:44 - [MESSAGE][INFO] - Finding web element from Test Object's properties

2021-11-12 17:05:44 - [MESSAGE][INFO] - Checking timeout

2021-11-12 17:05:44 - [MESSAGE][INFO] - Finding web element with id: 'Object Repository/Sayfalar/Giris_Sayfasi/PopupOK' located by 'By.cssSelector: .btn.btn-success' in '5' second(s)

2021-11-12 17:05:44 - [MESSAGE][INFO] - Smart Wait Function is triggered

2021-11-12 17:05:45 - [MESSAGE][INFO] - Found 1 web elements with id: 'Object Repository/Sayfalar/Giris_Sayfasi/PopupOK' located by 'By.cssSelector: .btn.btn-success' in '5' second(s)

2021-11-12 17:05:45 - [MESSAGE][PASSED] - Object 'Object Repository/Sayfalar/Giris_Sayfasi/PopupOK' is present

2021-11-12 17:05:45 - [TEST_STEP][PASSED] - click(findTestObject("Object Repository/Sayfalar/Giris_Sayfasi/PopupCarpiGiris")): Object: 'Object Repository/Sayfalar/Giris_Sayfasi/PopupCarpiGiris' is clicked on

2021-11-12 17:05:45 - [MESSAGE][INFO] - Finding Test Object 'Object Repository/Sayfalar/Giris_Sayfasi/PopupCarpiGiris'

2021-11-12 17:05:45 - [MESSAGE][INFO] - Checking object

2021-11-12 17:05:45 - [MESSAGE][INFO] - Finding web element from Test Object's properties

2021-11-12 17:05:45 - [MESSAGE][INFO] - Checking timeout

2021-11-12 17:05:45 - [MESSAGE][INFO] - Finding web element with id: 'Object Repository/Sayfalar/Giris_Sayfasi/PopupCarpiGiris' located by 'By.cssSelector: .bootbox-close-button.close' in '30' second(s)

2021-11-12 17:05:45 - [MESSAGE][INFO] - Smart Wait Function is triggered

2021-11-12 17:05:45 - [MESSAGE][INFO] - Found 1 web elements with id: 'Object Repository/Sayfalar/Giris_Sayfasi/PopupCarpiGiris' located by 'By.cssSelector: .bootbox-close-button.close' in '30' second(s)

2021-11-12 17:05:45 - [MESSAGE][INFO] - Clicking on object: 'Object Repository/Sayfalar/Giris_Sayfasi/PopupCarpiGiris'

2021-11-12 17:05:46 - [MESSAGE][PASSED] - Object: 'Object Repository/Sayfalar/Giris_Sayfasi/PopupCarpiGiris' is clicked on

2021-11-12 17:05:46 - [TEST_STEP][PASSED] - verifyElementVisible(findTestObject("Object Repository/Kullanici_Islemleri/KullaniciIslemleri")): Object 'Object Repository/Kullanici_Islemleri/KullaniciIslemleri' is visible

2021-11-12 17:05:46 - [MESSAGE][INFO] - Finding Test Object 'Object Repository/Kullanici_Islemleri/KullaniciIslemleri'

2021-11-12 17:05:46 - [MESSAGE][INFO] - Checking object

2021-11-12 17:05:46 - [MESSAGE][INFO] - Finding web element from Test Object's properties

2021-11-12 17:05:46 - [MESSAGE][INFO] - Checking timeout

2021-11-12 17:05:46 - [MESSAGE][INFO] - Finding web element with id: 'Object Repository/Kullanici_Islemleri/KullaniciIslemleri' located by 'By.cssSelector: .dropdown>a>img' in '30' second(s)

2021-11-12 17:05:46 - [MESSAGE][INFO] - Smart Wait Function is triggered

2021-11-12 17:05:46 - [MESSAGE][INFO] - Found 1 web elements with id: 'Object Repository/Kullanici_Islemleri/KullaniciIslemleri' located by 'By.cssSelector: .dropdown>a>img' in '30' second(s)

2021-11-12 17:05:46 - [MESSAGE][PASSED] - Object 'Object Repository/Kullanici_Islemleri/KullaniciIslemleri' is visible

2021-11-12 17:05:46 - [MESSAGE][PASSED] - Call Test Case 'Test Cases/Sayfalar/Giris_Sayfasi/Login' successfully

2021-11-12 17:05:46 - [MESSAGE][INFO] - Checking called Test Case

2021-11-12 17:05:46 - [MESSAGE][INFO] - Starting to call Test Case 'Test Cases/Menu/AnaMenuSecimi'

2021-11-12 17:05:46 - [TEST_CASE][PASSED] - Test Cases/Menu/AnaMenuSecimi: Test Cases/Menu/AnaMenuSecimi

2021-11-12 17:05:46 - [TEST_STEP][PASSED] - Method.TextDegerineEsitElementeTikla(findTestObject("Menu/Ana_Menu"), Ana_Menu): Method.TextDegerineEsitElementeTikla is PASSED

2021-11-12 17:05:46 - [MESSAGE][INFO] - Finding Test Object 'Object Repository/Menu/Ana_Menu'

2021-11-12 17:05:47 - [MESSAGE][INFO] - Checking timeout

2021-11-12 17:05:47 - [MESSAGE][INFO] - Finding web element with id: 'Object Repository/Menu/Ana_Menu' located by 'By.xpath: //*[@class = 'dropdown-toggle']' in '10' second(s)

2021-11-12 17:05:47 - [MESSAGE][INFO] - Smart Wait Function is triggered

2021-11-12 17:05:47 - [MESSAGE][INFO] - Found 14 web elements with id: 'Object Repository/Menu/Ana_Menu' located by 'By.xpath: //*[@class = 'dropdown-toggle']' in '10' second(s)

2021-11-12 17:05:47 - [MESSAGE][PASSED] - Method.TextDegerineEsitElementeTikla is PASSED

2021-11-12 17:05:47 - [MESSAGE][PASSED] - Call Test Case 'Test Cases/Menu/AnaMenuSecimi' successfully

2021-11-12 17:05:47 - [MESSAGE][INFO] - Checking called Test Case

2021-11-12 17:05:47 - [MESSAGE][INFO] - Starting to call Test Case 'Test Cases/Menu/BasligaGoreAltMenuSecimi'

2021-11-12 17:05:47 - [TEST_CASE][PASSED] - Test Cases/Menu/BasligaGoreAltMenuSecimi: Test Cases/Menu/BasligaGoreAltMenuSecimi

2021-11-12 17:05:47 - [TEST_STEP][PASSED] - Method.TextDegerineEsitElementinAltindakiTextDegerineEsitOlanaTikla(findTestObject("Menu/Menu_Basligi"), findTestObject("Menu/Basliga_Gore_Alt_Menu"), Baslik, Alt_Menu): Method.TextDegerineEsitElementinAltindakiTextDegerineEsitOlanaTikla is PASSED

2021-11-12 17:05:47 - [MESSAGE][INFO] - Finding Test Object 'Object Repository/Menu/Menu_Basligi'

2021-11-12 17:05:47 - [MESSAGE][INFO] - Finding Test Object 'Object Repository/Menu/Basliga_Gore_Alt_Menu'

2021-11-12 17:05:47 - [MESSAGE][INFO] - Checking timeout

2021-11-12 17:05:47 - [MESSAGE][INFO] - Finding web element with id: 'Object Repository/Menu/Menu_Basligi' located by 'By.xpath: //li[@class='dropdown dropdown-large open']//li[@class='dropdown-header']' in '10' second(s)

2021-11-12 17:05:47 - [MESSAGE][INFO] - Smart Wait Function is triggered

2021-11-12 17:05:48 - [MESSAGE][INFO] - Found 2 web elements with id: 'Object Repository/Menu/Menu_Basligi' located by 'By.xpath: //li[@class='dropdown dropdown-large open']//li[@class='dropdown-header']' in '10' second(s)

2021-11-12 17:05:48 - [MESSAGE][INFO] - Smart Wait Function is triggered

2021-11-12 17:05:49 - [MESSAGE][PASSED] - Method.TextDegerineEsitElementinAltindakiTextDegerineEsitOlanaTikla is PASSED

2021-11-12 17:05:49 - [MESSAGE][PASSED] - Call Test Case 'Test Cases/Menu/BasligaGoreAltMenuSecimi' successfully

2021-11-12 17:05:49 - [MESSAGE][INFO] - Checking called Test Case

2021-11-12 17:05:49 - [MESSAGE][INFO] - Starting to call Test Case 'Test Cases/Filtreler/FiltreVarMi'

2021-11-12 17:05:49 - [TEST_CASE][PASSED] - Test Cases/Filtreler/FiltreVarMi: Test Cases/Filtreler/FiltreVarMi

2021-11-12 17:05:50 - [TEST_STEP][PASSED] - Method.TextDegerineEsitElementVarMi(findTestObject("Filtreler/Basliklar"), Filtre_alan): Method.TextDegerineEsitElementVarMi is PASSED

2021-11-12 17:05:50 - [MESSAGE][INFO] - Finding Test Object 'Object Repository/Filtreler/Basliklar'

2021-11-12 17:05:50 - [MESSAGE][INFO] - Checking timeout

2021-11-12 17:05:50 - [MESSAGE][INFO] - Finding web element with id: 'Object Repository/Filtreler/Basliklar' located by 'By.cssSelector: .control-label.col-sm-4.paddingMarginRLC' in '10' second(s)

2021-11-12 17:05:50 - [MESSAGE][INFO] - Smart Wait Function is triggered

2021-11-12 17:05:50 - [MESSAGE][INFO] - Found 4 web elements with id: 'Object Repository/Filtreler/Basliklar' located by 'By.cssSelector: .control-label.col-sm-4.paddingMarginRLC' in '10' second(s)

2021-11-12 17:05:50 - [MESSAGE][PASSED] - Method.TextDegerineEsitElementVarMi is PASSED

2021-11-12 17:05:50 - [MESSAGE][PASSED] - Call Test Case 'Test Cases/Filtreler/FiltreVarMi' successfully

2021-11-12 17:05:50 - [MESSAGE][INFO] - Checking called Test Case

2021-11-12 17:05:50 - [MESSAGE][INFO] - Starting to call Test Case 'Test Cases/Filtreler/FiltreVarMi'

2021-11-12 17:05:50 - [TEST_CASE][PASSED] - Test Cases/Filtreler/FiltreVarMi: Test Cases/Filtreler/FiltreVarMi

2021-11-12 17:05:50 - [TEST_STEP][PASSED] - Method.TextDegerineEsitElementVarMi(findTestObject("Filtreler/Basliklar"), Filtre_alan): Method.TextDegerineEsitElementVarMi is PASSED

2021-11-12 17:05:50 - [MESSAGE][INFO] - Finding Test Object 'Object Repository/Filtreler/Basliklar'

2021-11-12 17:05:50 - [MESSAGE][INFO] - Checking timeout

2021-11-12 17:05:50 - [MESSAGE][INFO] - Finding web element with id: 'Object Repository/Filtreler/Basliklar' located by 'By.cssSelector: .control-label.col-sm-4.paddingMarginRLC' in '10' second(s)

2021-11-12 17:05:50 - [MESSAGE][INFO] - Smart Wait Function is triggered

2021-11-12 17:05:50 - [MESSAGE][INFO] - Found 4 web elements with id: 'Object Repository/Filtreler/Basliklar' located by 'By.cssSelector: .control-label.col-sm-4.paddingMarginRLC' in '10' second(s)

2021-11-12 17:05:51 - [MESSAGE][PASSED] - Method.TextDegerineEsitElementVarMi is PASSED

2021-11-12 17:05:51 - [MESSAGE][PASSED] - Call Test Case 'Test Cases/Filtreler/FiltreVarMi' successfully

2021-11-12 17:05:51 - [MESSAGE][INFO] - Checking called Test Case

2021-11-12 17:05:51 - [MESSAGE][INFO] - Starting to call Test Case 'Test Cases/Filtreler/FiltreVarMi'

2021-11-12 17:05:51 - [TEST_CASE][PASSED] - Test Cases/Filtreler/FiltreVarMi: Test Cases/Filtreler/FiltreVarMi

2021-11-12 17:05:51 - [TEST_STEP][PASSED] - Method.TextDegerineEsitElementVarMi(findTestObject("Filtreler/Basliklar"), Filtre_alan): Method.TextDegerineEsitElementVarMi is PASSED

2021-11-12 17:05:51 - [MESSAGE][INFO] - Finding Test Object 'Object Repository/Filtreler/Basliklar'

2021-11-12 17:05:51 - [MESSAGE][INFO] - Checking timeout

2021-11-12 17:05:51 - [MESSAGE][INFO] - Finding web element with id: 'Object Repository/Filtreler/Basliklar' located by 'By.cssSelector: .control-label.col-sm-4.paddingMarginRLC' in '10' second(s)

2021-11-12 17:05:51 - [MESSAGE][INFO] - Smart Wait Function is triggered

2021-11-12 17:05:51 - [MESSAGE][INFO] - Found 4 web elements with id: 'Object Repository/Filtreler/Basliklar' located by 'By.cssSelector: .control-label.col-sm-4.paddingMarginRLC' in '10' second(s)

2021-11-12 17:05:51 - [MESSAGE][PASSED] - Method.TextDegerineEsitElementVarMi is PASSED

2021-11-12 17:05:51 - [MESSAGE][PASSED] - Call Test Case 'Test Cases/Filtreler/FiltreVarMi' successfully

2021-11-12 17:05:51 - [MESSAGE][INFO] - Checking called Test Case

2021-11-12 17:05:51 - [MESSAGE][INFO] - Starting to call Test Case 'Test Cases/Filtreler/FiltreVarMi'

2021-11-12 17:05:51 - [TEST_CASE][PASSED] - Test Cases/Filtreler/FiltreVarMi: Test Cases/Filtreler/FiltreVarMi

2021-11-12 17:05:51 - [TEST_STEP][PASSED] - Method.TextDegerineEsitElementVarMi(findTestObject("Filtreler/Basliklar"), Filtre_alan): Method.TextDegerineEsitElementVarMi is PASSED

2021-11-12 17:05:51 - [MESSAGE][INFO] - Finding Test Object 'Object Repository/Filtreler/Basliklar'

2021-11-12 17:05:51 - [MESSAGE][INFO] - Checking timeout

2021-11-12 17:05:51 - [MESSAGE][INFO] - Finding web element with id: 'Object Repository/Filtreler/Basliklar' located by 'By.cssSelector: .control-label.col-sm-4.paddingMarginRLC' in '10' second(s)

2021-11-12 17:05:51 - [MESSAGE][INFO] - Smart Wait Function is triggered

2021-11-12 17:05:52 - [MESSAGE][INFO] - Found 4 web elements with id: 'Object Repository/Filtreler/Basliklar' located by 'By.cssSelector: .control-label.col-sm-4.paddingMarginRLC' in '10' second(s)

2021-11-12 17:05:52 - [MESSAGE][PASSED] - Method.TextDegerineEsitElementVarMi is PASSED

2021-11-12 17:05:52 - [MESSAGE][PASSED] - Call Test Case 'Test Cases/Filtreler/FiltreVarMi' successfully

2021-11-12 17:05:52 - [MESSAGE][INFO] - Checking called Test Case

2021-11-12 17:05:52 - [MESSAGE][INFO] - Starting to call Test Case 'Test Cases/Filtreler/ButonVarMi'

2021-11-12 17:05:52 - [TEST_CASE][PASSED] - Test Cases/Filtreler/ButonVarMi: Test Cases/Filtreler/ButonVarMi

2021-11-12 17:05:52 - [TEST_STEP][PASSED] - Method.TextDegerineEsitElementVarMi(findTestObject("Filtreler/Butonlar"), Filtre_Buton): Method.TextDegerineEsitElementVarMi is PASSED

2021-11-12 17:05:52 - [MESSAGE][INFO] - Finding Test Object 'Object Repository/Filtreler/Butonlar'

2021-11-12 17:05:53 - [MESSAGE][INFO] - Checking timeout

2021-11-12 17:05:53 - [MESSAGE][INFO] - Finding web element with id: 'Object Repository/Filtreler/Butonlar' located by 'By.cssSelector: .dxb>span' in '10' second(s)

2021-11-12 17:05:53 - [MESSAGE][INFO] - Smart Wait Function is triggered

2021-11-12 17:05:53 - [MESSAGE][INFO] - Found 2 web elements with id: 'Object Repository/Filtreler/Butonlar' located by 'By.cssSelector: .dxb>span' in '10' second(s)

2021-11-12 17:05:53 - [MESSAGE][PASSED] - Method.TextDegerineEsitElementVarMi is PASSED

2021-11-12 17:05:53 - [MESSAGE][PASSED] - Call Test Case 'Test Cases/Filtreler/ButonVarMi' successfully

2021-11-12 17:05:53 - [MESSAGE][INFO] - Checking called Test Case

2021-11-12 17:05:53 - [MESSAGE][INFO] - Starting to call Test Case 'Test Cases/Filtreler/ButonVarMi'

2021-11-12 17:05:53 - [TEST_CASE][PASSED] - Test Cases/Filtreler/ButonVarMi: Test Cases/Filtreler/ButonVarMi

2021-11-12 17:05:53 - [TEST_STEP][PASSED] - Method.TextDegerineEsitElementVarMi(findTestObject("Filtreler/Butonlar"), Filtre_Buton): Method.TextDegerineEsitElementVarMi is PASSED

2021-11-12 17:05:53 - [MESSAGE][INFO] - Finding Test Object 'Object Repository/Filtreler/Butonlar'

2021-11-12 17:05:53 - [MESSAGE][INFO] - Checking timeout

2021-11-12 17:05:53 - [MESSAGE][INFO] - Finding web element with id: 'Object Repository/Filtreler/Butonlar' located by 'By.cssSelector: .dxb>span' in '10' second(s)

2021-11-12 17:05:53 - [MESSAGE][INFO] - Smart Wait Function is triggered

2021-11-12 17:05:53 - [MESSAGE][INFO] - Found 2 web elements with id: 'Object Repository/Filtreler/Butonlar' located by 'By.cssSelector: .dxb>span' in '10' second(s)

2021-11-12 17:05:53 - [MESSAGE][PASSED] - Method.TextDegerineEsitElementVarMi is PASSED

2021-11-12 17:05:53 - [MESSAGE][PASSED] - Call Test Case 'Test Cases/Filtreler/ButonVarMi' successfully

2021-11-12 17:05:53 - [MESSAGE][INFO] - Checking called Test Case

2021-11-12 17:05:53 - [MESSAGE][INFO] - Starting to call Test Case 'Test Cases/Kullanici_Islemleri/KullaniciIslemlerindenSecimYapilir'

2021-11-12 17:05:53 - [TEST_CASE][PASSED] - Test Cases/Kullanici_Islemleri/KullaniciIslemlerindenSecimYapilir: Test Cases/Kullanici_Islemleri/KullaniciIslemlerindenSecimYapilir

2021-11-12 17:05:53 - [TEST_STEP][PASSED] - waitForElementClickable(findTestObject("Object Repository/Kullanici_Islemleri/KullaniciIslemleri"), 10): Object 'Object Repository/Kullanici_Islemleri/KullaniciIslemleri' is clickable

2021-11-12 17:05:53 - [MESSAGE][INFO] - Finding Test Object 'Object Repository/Kullanici_Islemleri/KullaniciIslemleri'

2021-11-12 17:05:53 - [MESSAGE][INFO] - Checking object

2021-11-12 17:05:53 - [MESSAGE][INFO] - Checking timeout

2021-11-12 17:05:53 - [MESSAGE][INFO] - Finding web element from Test Object's properties

2021-11-12 17:05:53 - [MESSAGE][INFO] - Checking timeout

2021-11-12 17:05:53 - [MESSAGE][INFO] - Finding web element with id: 'Object Repository/Kullanici_Islemleri/KullaniciIslemleri' located by 'By.cssSelector: .dropdown>a>img' in '10' second(s)

2021-11-12 17:05:53 - [MESSAGE][INFO] - Smart Wait Function is triggered

2021-11-12 17:05:54 - [MESSAGE][INFO] - Found 1 web elements with id: 'Object Repository/Kullanici_Islemleri/KullaniciIslemleri' located by 'By.cssSelector: .dropdown>a>img' in '10' second(s)

2021-11-12 17:05:54 - [MESSAGE][PASSED] - Object 'Object Repository/Kullanici_Islemleri/KullaniciIslemleri' is clickable

2021-11-12 17:05:54 - [TEST_STEP][PASSED] - click(findTestObject("Object Repository/Kullanici_Islemleri/KullaniciIslemleri")): Object: 'Object Repository/Kullanici_Islemleri/KullaniciIslemleri' is clicked on

2021-11-12 17:05:54 - [MESSAGE][INFO] - Finding Test Object 'Object Repository/Kullanici_Islemleri/KullaniciIslemleri'

2021-11-12 17:05:54 - [MESSAGE][INFO] - Checking object

2021-11-12 17:05:54 - [MESSAGE][INFO] - Finding web element from Test Object's properties

2021-11-12 17:05:54 - [MESSAGE][INFO] - Checking timeout

2021-11-12 17:05:54 - [MESSAGE][INFO] - Finding web element with id: 'Object Repository/Kullanici_Islemleri/KullaniciIslemleri' located by 'By.cssSelector: .dropdown>a>img' in '30' second(s)

2021-11-12 17:05:54 - [MESSAGE][INFO] - Smart Wait Function is triggered

2021-11-12 17:05:54 - [MESSAGE][INFO] - Found 1 web elements with id: 'Object Repository/Kullanici_Islemleri/KullaniciIslemleri' located by 'By.cssSelector: .dropdown>a>img' in '30' second(s)

2021-11-12 17:05:54 - [MESSAGE][INFO] - Clicking on object: 'Object Repository/Kullanici_Islemleri/KullaniciIslemleri'

2021-11-12 17:05:54 - [MESSAGE][PASSED] - Object: 'Object Repository/Kullanici_Islemleri/KullaniciIslemleri' is clicked on

2021-11-12 17:05:54 - [TEST_STEP][PASSED] - Method.TextDegerineEsitElementeTikla(findTestObject("Object Repository/Kullanici_Islemleri/Secenekler"), Islem): Method.TextDegerineEsitElementeTikla is PASSED

2021-11-12 17:05:54 - [MESSAGE][INFO] - Finding Test Object 'Object Repository/Kullanici_Islemleri/Secenekler'

2021-11-12 17:05:54 - [MESSAGE][INFO] - Checking timeout

2021-11-12 17:05:54 - [MESSAGE][INFO] - Finding web element with id: 'Object Repository/Kullanici_Islemleri/Secenekler' located by 'By.cssSelector: .nav.navbar-nav.navbar-right li a' in '10' second(s)

2021-11-12 17:05:54 - [MESSAGE][INFO] - Smart Wait Function is triggered

2021-11-12 17:05:55 - [MESSAGE][INFO] - Found 22 web elements with id: 'Object Repository/Kullanici_Islemleri/Secenekler' located by 'By.cssSelector: .nav.navbar-nav.navbar-right li a' in '10' second(s)

2021-11-12 17:05:56 - [MESSAGE][PASSED] - Method.TextDegerineEsitElementeTikla is PASSED

2021-11-12 17:05:56 - [TEST_STEP][PASSED] - verifyElementNotPresent(findTestObject("Object Repository/Kullanici_Islemleri/Secenekler"), 10): Web element with id: 'Object Repository/Kullanici_Islemleri/Secenekler' located by 'By.cssSelector: .nav.navbar-nav.navbar-right li a' is not present after '10' second(s)

2021-11-12 17:05:56 - [MESSAGE][INFO] - Finding Test Object 'Object Repository/Kullanici_Islemleri/Secenekler'

2021-11-12 17:05:56 - [MESSAGE][INFO] - Checking object

2021-11-12 17:05:56 - [MESSAGE][INFO] - Checking timeout

2021-11-12 17:05:56 - [MESSAGE][INFO] - Finding web element with id: 'Object Repository/Kullanici_Islemleri/Secenekler' located by 'By.cssSelector: .nav.navbar-nav.navbar-right li a' in '10' second(s)

2021-11-12 17:05:56 - [MESSAGE][INFO] - Smart Wait Function is triggered

2021-11-12 17:05:56 - [MESSAGE][PASSED] - Web element with id: 'Object Repository/Kullanici_Islemleri/Secenekler' located by 'By.cssSelector: .nav.navbar-nav.navbar-right li a' is not present after '10' second(s)

2021-11-12 17:05:56 - [MESSAGE][PASSED] - Call Test Case 'Test Cases/Kullanici_Islemleri/KullaniciIslemlerindenSecimYapilir' successfully

2021-11-12 17:05:56 - [TEST_CASE][PASSED] - Start Test Case : SCENARIO e-Arsiv Fatura Kontrol Raporu Filtre Kontrolu: SCENARIO e-Arsiv Fatura Kontrol Raporu Filtre Kontrolu

2021-11-12 17:05:56 - [TEST_STEP][PASSED] - Kullanıcı adı ELOGO6 ve Şifre 123456 olarak giriş yapılır: Kullanıcı adı ELOGO6 ve Şifre 123456 olarak giriş yapılır

2021-11-12 17:05:56 - [MESSAGE][PASSED] - Kullanıcı adı ELOGO6 ve Şifre 123456 olarak giriş yapılır

2021-11-12 17:05:56 - [TEST_STEP][PASSED] - Ana menüden e-Arşiv seçilir: Ana menüden e-Arşiv seçilir

2021-11-12 17:05:56 - [MESSAGE][PASSED] - Ana menüden e-Arşiv seçilir

2021-11-12 17:05:56 - [TEST_STEP][PASSED] - Alt menü e-Arşiv Araçları başlığı altındaki e-Arşiv Fatura Kontrol Raporu seçilir: Alt menü e-Arşiv Araçları başlığı altındaki e-Arşiv Fatura Kontrol Raporu seçilir

2021-11-12 17:05:56 - [MESSAGE][PASSED] - Alt menü e-Arşiv Araçları başlığı altındaki e-Arşiv Fatura Kontrol Raporu seçilir

2021-11-12 17:05:56 - [TEST_STEP][PASSED] - Filtre alanlarında Fatura No var mı: Filtre alanlarında Fatura No var mı

2021-11-12 17:05:56 - [MESSAGE][PASSED] - Filtre alanlarında Fatura No var mı

2021-11-12 17:05:56 - [TEST_STEP][PASSED] - Filtre alanlarında İptal Durumu var mı: Filtre alanlarında İptal Durumu var mı

2021-11-12 17:05:56 - [MESSAGE][PASSED] - Filtre alanlarında İptal Durumu var mı

2021-11-12 17:05:56 - [TEST_STEP][PASSED] - Filtre alanlarında Fatura Tarihi var mı: Filtre alanlarında Fatura Tarihi var mı

2021-11-12 17:05:56 - [MESSAGE][PASSED] - Filtre alanlarında Fatura Tarihi var mı

2021-11-12 17:05:56 - [TEST_STEP][PASSED] - Filtre alanlarında Kontrol Sonucu var mı: Filtre alanlarında Kontrol Sonucu var mı

2021-11-12 17:05:56 - [MESSAGE][PASSED] - Filtre alanlarında Kontrol Sonucu var mı

2021-11-12 17:05:56 - [TEST_STEP][PASSED] - Filtre butonlarında Listele var mı: Filtre butonlarında Listele var mı

2021-11-12 17:05:56 - [MESSAGE][PASSED] - Filtre butonlarında Listele var mı

2021-11-12 17:05:56 - [TEST_STEP][PASSED] - Filtre butonlarında Temizle var mı: Filtre butonlarında Temizle var mı

2021-11-12 17:05:56 - [MESSAGE][PASSED] - Filtre butonlarında Temizle var mı

2021-11-12 17:05:56 - [TEST_STEP][PASSED] - Kullanıcı işlemlerinden Çıkış seçilir: Kullanıcı işlemlerinden Çıkış seçilir

2021-11-12 17:05:56 - [MESSAGE][PASSED] - Kullanıcı işlemlerinden Çıkış seçilir

2021-11-12 17:05:56 - [MESSAGE][PASSED] - Feature file: 'Include/features/e-Arsiv/e-Arsiv Araclari/e-Arsiv Fatura Kontrol Raporu/Filtre Kontrolu.feature' was passed

2021-11-12 17:05:56 - [TEST_STEP][PASSED] - Start listener action : sampleAfterTestSuite: Invoke 'com.kms.katalon.core.annotation.AfterTestCase' method: 'Listener.sampleAfterTestSuite(...)' completed.

2021-11-12 17:05:56 - [MESSAGE][INFO] - Starting invoke 'com.kms.katalon.core.annotation.AfterTestCase' method: 'Listener.sampleAfterTestSuite(...)'

2021-11-12 17:05:56 - [TEST_STEP][PASSED] - closeBrowser(): Invoke 'com.kms.katalon.core.annotation.AfterTestCase' method: 'Listener.sampleAfterTestSuite(...)' completed.

2021-11-12 17:05:56 - [MESSAGE][INFO] - Closing browser

2021-11-12 17:05:57 - [MESSAGE][PASSED] - Browser is closed

2021-11-12 17:05:57 - [MESSAGE][INFO] - Invoke 'com.kms.katalon.core.annotation.AfterTestCase' method: 'Listener.sampleAfterTestSuite(...)' completed.]]></system-out>
         <system-err><![CDATA[]]></system-err>
      </testcase>
      <testcase name="Test Cases/Case Repository/e-Arsiv/e-Arsiv Araclari/e-Arsiv Fatura Olusturma/Ekle/Elektronik-Satis Tipinde" time="229.369" classname="Test Cases/Case Repository/e-Arsiv/e-Arsiv Araclari/e-Arsiv Fatura Olusturma/Ekle/Elektronik-Satis Tipinde" status="FAILED">
         <failure type="FAILED" message="Test Cases/Case Repository/e-Arsiv/e-Arsiv Araclari/e-Arsiv Fatura Olusturma/Ekle/Elektronik-Satis Tipinde FAILED.
Reason:
com.kms.katalon.core.exception.StepFailedException: Feature file 'Include/features/e-Arsiv/e-Arsiv Araclari/e-Arsiv Fatura Olusturma/Ekle/Elektronik ve Satis Tipinde.feature' was failed
	at com.kms.katalon.core.keyword.internal.KeywordMain.stepFailed(KeywordMain.groovy:50)
	at com.kms.katalon.core.keyword.internal.KeywordMain.stepFailed(KeywordMain.groovy)
	at com.kms.katalon.core.keyword.internal.KeywordMain.stepFailed(KeywordMain.groovy:23)
	at com.kms.katalon.core.keyword.internal.KeywordMain$stepFailed$0.call(Unknown Source)
	at com.kms.katalon.core.cucumber.keyword.CucumberBuiltinKeywords$_runFeatureFile_closure1.doCall(CucumberBuiltinKeywords.groovy:112)
	at com.kms.katalon.core.cucumber.keyword.CucumberBuiltinKeywords$_runFeatureFile_closure1.doCall(CucumberBuiltinKeywords.groovy)
	at com.kms.katalon.core.keyword.internal.KeywordMain.runKeyword(KeywordMain.groovy:68)
	at com.kms.katalon.core.keyword.internal.KeywordMain$runKeyword.call(Unknown Source)
	at com.kms.katalon.core.cucumber.keyword.CucumberBuiltinKeywords.runFeatureFile(CucumberBuiltinKeywords.groovy:73)
	at com.kms.katalon.core.cucumber.keyword.CucumberBuiltinKeywords$runFeatureFile$0.callStatic(Unknown Source)
	at com.kms.katalon.core.cucumber.keyword.CucumberBuiltinKeywords.runFeatureFile(CucumberBuiltinKeywords.groovy:246)
	at com.kms.katalon.core.cucumber.keyword.CucumberBuiltinKeywords$runFeatureFile.call(Unknown Source)
	at Elektronik-Satis Tipinde.run(Elektronik-Satis Tipinde:17)
	at com.kms.katalon.core.main.ScriptEngine.run(ScriptEngine.java:194)
	at com.kms.katalon.core.main.ScriptEngine.runScriptAsRawText(ScriptEngine.java:119)
	at com.kms.katalon.core.main.TestCaseExecutor.runScript(TestCaseExecutor.java:369)
	at com.kms.katalon.core.main.TestCaseExecutor.doExecute(TestCaseExecutor.java:360)
	at com.kms.katalon.core.main.TestCaseExecutor.processExecutionPhase(TestCaseExecutor.java:339)
	at com.kms.katalon.core.main.TestCaseExecutor.accessMainPhase(TestCaseExecutor.java:331)
	at com.kms.katalon.core.main.TestCaseExecutor.execute(TestCaseExecutor.java:248)
	at com.kms.katalon.core.main.TestSuiteExecutor.accessTestCaseMainPhase(TestSuiteExecutor.java:191)
	at com.kms.katalon.core.main.TestSuiteExecutor.accessTestSuiteMainPhase(TestSuiteExecutor.java:140)
	at com.kms.katalon.core.main.TestSuiteExecutor.execute(TestSuiteExecutor.java:89)
	at com.kms.katalon.core.main.TestCaseMain.startTestSuite(TestCaseMain.java:181)
	at com.kms.katalon.core.main.TestCaseMain$startTestSuite$0.call(Unknown Source)
	at TempTestSuite1636725797192.run(TempTestSuite1636725797192.groovy:39)
"/>
         <system-out><![CDATA[2021-11-12 17:05:57 - [TEST_CASE][FAILED] - Test Cases/Case Repository/e-Arsiv/e-Arsiv Araclari/e-Arsiv Fatura Olusturma/Ekle/Elektronik-Satis Tipinde: Test Cases/Case Repository/e-Arsiv/e-Arsiv Araclari/e-Arsiv Fatura Olusturma/Ekle/Elektronik-Satis Tipinde FAILED.
Reason:
com.kms.katalon.core.exception.StepFailedException: Feature file 'Include/features/e-Arsiv/e-Arsiv Araclari/e-Arsiv Fatura Olusturma/Ekle/Elektronik ve Satis Tipinde.feature' was failed
	at com.kms.katalon.core.keyword.internal.KeywordMain.stepFailed(KeywordMain.groovy:50)
	at com.kms.katalon.core.keyword.internal.KeywordMain.stepFailed(KeywordMain.groovy)
	at com.kms.katalon.core.keyword.internal.KeywordMain.stepFailed(KeywordMain.groovy:23)
	at com.kms.katalon.core.keyword.internal.KeywordMain$stepFailed$0.call(Unknown Source)
	at com.kms.katalon.core.cucumber.keyword.CucumberBuiltinKeywords$_runFeatureFile_closure1.doCall(CucumberBuiltinKeywords.groovy:112)
	at com.kms.katalon.core.cucumber.keyword.CucumberBuiltinKeywords$_runFeatureFile_closure1.doCall(CucumberBuiltinKeywords.groovy)
	at com.kms.katalon.core.keyword.internal.KeywordMain.runKeyword(KeywordMain.groovy:68)
	at com.kms.katalon.core.keyword.internal.KeywordMain$runKeyword.call(Unknown Source)
	at com.kms.katalon.core.cucumber.keyword.CucumberBuiltinKeywords.runFeatureFile(CucumberBuiltinKeywords.groovy:73)
	at com.kms.katalon.core.cucumber.keyword.CucumberBuiltinKeywords$runFeatureFile$0.callStatic(Unknown Source)
	at com.kms.katalon.core.cucumber.keyword.CucumberBuiltinKeywords.runFeatureFile(CucumberBuiltinKeywords.groovy:246)
	at com.kms.katalon.core.cucumber.keyword.CucumberBuiltinKeywords$runFeatureFile.call(Unknown Source)
	at Elektronik-Satis Tipinde.run(Elektronik-Satis Tipinde:17)
	at com.kms.katalon.core.main.ScriptEngine.run(ScriptEngine.java:194)
	at com.kms.katalon.core.main.ScriptEngine.runScriptAsRawText(ScriptEngine.java:119)
	at com.kms.katalon.core.main.TestCaseExecutor.runScript(TestCaseExecutor.java:369)
	at com.kms.katalon.core.main.TestCaseExecutor.doExecute(TestCaseExecutor.java:360)
	at com.kms.katalon.core.main.TestCaseExecutor.processExecutionPhase(TestCaseExecutor.java:339)
	at com.kms.katalon.core.main.TestCaseExecutor.accessMainPhase(TestCaseExecutor.java:331)
	at com.kms.katalon.core.main.TestCaseExecutor.execute(TestCaseExecutor.java:248)
	at com.kms.katalon.core.main.TestSuiteExecutor.accessTestCaseMainPhase(TestSuiteExecutor.java:191)
	at com.kms.katalon.core.main.TestSuiteExecutor.accessTestSuiteMainPhase(TestSuiteExecutor.java:140)
	at com.kms.katalon.core.main.TestSuiteExecutor.execute(TestSuiteExecutor.java:89)
	at com.kms.katalon.core.main.TestCaseMain.startTestSuite(TestCaseMain.java:181)
	at com.kms.katalon.core.main.TestCaseMain$startTestSuite$0.call(Unknown Source)
	at TempTestSuite1636725797192.run(TempTestSuite1636725797192.groovy:39)


2021-11-12 17:05:57 - [TEST_STEP][PASSED] - Start listener action : sampleBeforeTestSuite: Invoke 'com.kms.katalon.core.annotation.BeforeTestCase' method: 'Listener.sampleBeforeTestSuite(...)' completed.

2021-11-12 17:05:57 - [MESSAGE][INFO] - Starting invoke 'com.kms.katalon.core.annotation.BeforeTestCase' method: 'Listener.sampleBeforeTestSuite(...)'

2021-11-12 17:05:57 - [TEST_STEP][PASSED] - openBrowser(baseUrl): Browser is opened with url: 'https://efatura-stage.elogo.com.tr/'

2021-11-12 17:05:57 - [MESSAGE][INFO] - Opening browser

2021-11-12 17:05:57 - [MESSAGE][INFO] - Starting 'Chrome' driver

2021-11-12 17:05:57 - [MESSAGE][INFO] - User set preference: ['prefs', '{download.default_directory=C:\otomasyondownfiles}']

2021-11-12 17:05:57 - [MESSAGE][INFO] - Action delay is set to 0 milliseconds

2021-11-12 17:05:58 - [MESSAGE][INFO] - Navigating browser to: 'https://efatura-stage.elogo.com.tr/'

2021-11-12 17:06:01 - [MESSAGE][PASSED] - Browser is opened with url: 'https://efatura-stage.elogo.com.tr/'

2021-11-12 17:06:01 - [TEST_STEP][PASSED] - maximizeWindow(): Invoke 'com.kms.katalon.core.annotation.BeforeTestCase' method: 'Listener.sampleBeforeTestSuite(...)' completed.

2021-11-12 17:06:01 - [MESSAGE][INFO] - Maximizing current window

2021-11-12 17:06:01 - [MESSAGE][PASSED] - Current window maximized

2021-11-12 17:06:01 - [MESSAGE][INFO] - Invoke 'com.kms.katalon.core.annotation.BeforeTestCase' method: 'Listener.sampleBeforeTestSuite(...)' completed.

2021-11-12 17:06:01 - [TEST_STEP][FAILED] - runFeatureFile("Include/features/e-Arsiv/e-Arsiv Araclari/e-Arsiv Fatura Olusturma/Ekle/Elektronik ve Satis Tipinde.feature"): Keyword runFeatureFile was failed (Root cause: com.kms.katalon.core.exception.StepFailedException: Feature file 'Include/features/e-Arsiv/e-Arsiv Araclari/e-Arsiv Fatura Olusturma/Ekle/Elektronik ve Satis Tipinde.feature' was failed
	at com.kms.katalon.core.keyword.internal.KeywordMain.stepFailed(KeywordMain.groovy:50)
	at com.kms.katalon.core.keyword.internal.KeywordMain.stepFailed(KeywordMain.groovy)
	at com.kms.katalon.core.keyword.internal.KeywordMain.stepFailed(KeywordMain.groovy:23)
	at com.kms.katalon.core.keyword.internal.KeywordMain$stepFailed$0.call(Unknown Source)
	at com.kms.katalon.core.cucumber.keyword.CucumberBuiltinKeywords$_runFeatureFile_closure1.doCall(CucumberBuiltinKeywords.groovy:112)
	at com.kms.katalon.core.cucumber.keyword.CucumberBuiltinKeywords$_runFeatureFile_closure1.doCall(CucumberBuiltinKeywords.groovy)
	at com.kms.katalon.core.keyword.internal.KeywordMain.runKeyword(KeywordMain.groovy:68)
	at com.kms.katalon.core.keyword.internal.KeywordMain$runKeyword.call(Unknown Source)
	at com.kms.katalon.core.cucumber.keyword.CucumberBuiltinKeywords.runFeatureFile(CucumberBuiltinKeywords.groovy:73)
	at com.kms.katalon.core.cucumber.keyword.CucumberBuiltinKeywords$runFeatureFile$0.callStatic(Unknown Source)
	at com.kms.katalon.core.cucumber.keyword.CucumberBuiltinKeywords.runFeatureFile(CucumberBuiltinKeywords.groovy:246)
	at com.kms.katalon.core.cucumber.keyword.CucumberBuiltinKeywords$runFeatureFile.call(Unknown Source)
	at Elektronik-Satis Tipinde.run(Elektronik-Satis Tipinde:17)
	at com.kms.katalon.core.main.ScriptEngine.run(ScriptEngine.java:194)
	at com.kms.katalon.core.main.ScriptEngine.runScriptAsRawText(ScriptEngine.java:119)
	at com.kms.katalon.core.main.TestCaseExecutor.runScript(TestCaseExecutor.java:369)
	at com.kms.katalon.core.main.TestCaseExecutor.doExecute(TestCaseExecutor.java:360)
	at com.kms.katalon.core.main.TestCaseExecutor.processExecutionPhase(TestCaseExecutor.java:339)
	at com.kms.katalon.core.main.TestCaseExecutor.accessMainPhase(TestCaseExecutor.java:331)
	at com.kms.katalon.core.main.TestCaseExecutor.execute(TestCaseExecutor.java:248)
	at com.kms.katalon.core.main.TestSuiteExecutor.accessTestCaseMainPhase(TestSuiteExecutor.java:191)
	at com.kms.katalon.core.main.TestSuiteExecutor.accessTestSuiteMainPhase(TestSuiteExecutor.java:140)
	at com.kms.katalon.core.main.TestSuiteExecutor.execute(TestSuiteExecutor.java:89)
	at com.kms.katalon.core.main.TestCaseMain.startTestSuite(TestCaseMain.java:181)
	at com.kms.katalon.core.main.TestCaseMain$startTestSuite$0.call(Unknown Source)
	at TempTestSuite1636725797192.run(TempTestSuite1636725797192.groovy:39)
)

2021-11-12 17:06:01 - [MESSAGE][INFO] - Starting run keyword runFeatureFile: 'Include/features/e-Arsiv/e-Arsiv Araclari/e-Arsiv Fatura Olusturma/Ekle/Elektronik ve Satis Tipinde.feature' and extract report to folder: 'C:\Users\DELL\Documents\GitHub\EES_KatalonLogo\Reports\20211112_170311\Suite Repository\e-Arsiv\20211112_170317/cucumber_report/1636725961900'...

2021-11-12 17:06:01 - [MESSAGE][INFO] - Glue: []

2021-11-12 17:06:03 - [MESSAGE][INFO] - Checking called Test Case

2021-11-12 17:06:03 - [MESSAGE][INFO] - Starting to call Test Case 'Test Cases/Sayfalar/Giris_Sayfasi/Login'

2021-11-12 17:06:03 - [TEST_CASE][PASSED] - Test Cases/Sayfalar/Giris_Sayfasi/Login: Test Cases/Sayfalar/Giris_Sayfasi/Login

2021-11-12 17:06:03 - [TEST_STEP][PASSED] - Sayfa_Basligi = getWindowTitle(): Current window's title is: 'LOGO e-Fatura'

2021-11-12 17:06:03 - [MESSAGE][INFO] - Getting current window's title

2021-11-12 17:06:03 - [MESSAGE][PASSED] - Current window's title is: 'LOGO e-Fatura'

2021-11-12 17:06:03 - [TEST_STEP][PASSED] - verifyMatch(Sayfa_Basligi, "LOGO e-Fatura", false): Actual text 'LOGO e-Fatura' and expected text 'LOGO e-Fatura' are matched 

2021-11-12 17:06:03 - [MESSAGE][INFO] - Matching actual text 'LOGO e-Fatura' with expected text 'LOGO e-Fatura'

2021-11-12 17:06:03 - [MESSAGE][PASSED] - Actual text 'LOGO e-Fatura' and expected text 'LOGO e-Fatura' are matched 

2021-11-12 17:06:03 - [TEST_STEP][PASSED] - sendKeys(findTestObject("Sayfalar/Giris_Sayfasi/Firma_Kodu"), KullaniciAdi): Keys 'ELOGO6' sent to object: 'Object Repository/Sayfalar/Giris_Sayfasi/Firma_Kodu'

2021-11-12 17:06:03 - [MESSAGE][INFO] - Finding Test Object 'Object Repository/Sayfalar/Giris_Sayfasi/Firma_Kodu'

2021-11-12 17:06:03 - [MESSAGE][INFO] - Sending keys 'ELOGO6' to object: 'Object Repository/Sayfalar/Giris_Sayfasi/Firma_Kodu'

2021-11-12 17:06:03 - [MESSAGE][INFO] - Finding web element from Test Object's properties

2021-11-12 17:06:03 - [MESSAGE][INFO] - Checking timeout

2021-11-12 17:06:03 - [MESSAGE][INFO] - Finding web element with id: 'Object Repository/Sayfalar/Giris_Sayfasi/Firma_Kodu' located by 'By.xpath: //*[@id = 'AccountName']' in '30' second(s)

2021-11-12 17:06:03 - [MESSAGE][INFO] - Smart Wait Function is triggered

2021-11-12 17:06:03 - [MESSAGE][INFO] - Found 1 web elements with id: 'Object Repository/Sayfalar/Giris_Sayfasi/Firma_Kodu' located by 'By.xpath: //*[@id = 'AccountName']' in '30' second(s)

2021-11-12 17:06:03 - [MESSAGE][PASSED] - Keys 'ELOGO6' sent to object: 'Object Repository/Sayfalar/Giris_Sayfasi/Firma_Kodu'

2021-11-12 17:06:03 - [TEST_STEP][PASSED] - sendKeys(findTestObject("Sayfalar/Giris_Sayfasi/Sifre"), Sifre): Keys '123456' sent to object: 'Object Repository/Sayfalar/Giris_Sayfasi/Sifre'

2021-11-12 17:06:03 - [MESSAGE][INFO] - Finding Test Object 'Object Repository/Sayfalar/Giris_Sayfasi/Sifre'

2021-11-12 17:06:03 - [MESSAGE][INFO] - Sending keys '123456' to object: 'Object Repository/Sayfalar/Giris_Sayfasi/Sifre'

2021-11-12 17:06:03 - [MESSAGE][INFO] - Finding web element from Test Object's properties

2021-11-12 17:06:03 - [MESSAGE][INFO] - Checking timeout

2021-11-12 17:06:03 - [MESSAGE][INFO] - Finding web element with id: 'Object Repository/Sayfalar/Giris_Sayfasi/Sifre' located by 'By.xpath: //*[@id = 'Password']' in '30' second(s)

2021-11-12 17:06:03 - [MESSAGE][INFO] - Smart Wait Function is triggered

2021-11-12 17:06:04 - [MESSAGE][INFO] - Found 1 web elements with id: 'Object Repository/Sayfalar/Giris_Sayfasi/Sifre' located by 'By.xpath: //*[@id = 'Password']' in '30' second(s)

2021-11-12 17:06:04 - [MESSAGE][PASSED] - Keys '123456' sent to object: 'Object Repository/Sayfalar/Giris_Sayfasi/Sifre'

2021-11-12 17:06:04 - [TEST_STEP][PASSED] - findWebElement(findTestObject("Sayfalar/Giris_Sayfasi/Giris_Butonu")).click(): Found 1 web elements with id: 'Object Repository/Sayfalar/Giris_Sayfasi/Giris_Butonu' located by 'By.cssSelector: #btnLogin' in '30' second(s)

2021-11-12 17:06:04 - [MESSAGE][INFO] - Finding Test Object 'Object Repository/Sayfalar/Giris_Sayfasi/Giris_Butonu'

2021-11-12 17:06:04 - [MESSAGE][INFO] - Finding web element from Test Object's properties

2021-11-12 17:06:04 - [MESSAGE][INFO] - Checking timeout

2021-11-12 17:06:04 - [MESSAGE][INFO] - Finding web element with id: 'Object Repository/Sayfalar/Giris_Sayfasi/Giris_Butonu' located by 'By.cssSelector: #btnLogin' in '30' second(s)

2021-11-12 17:06:04 - [MESSAGE][INFO] - Smart Wait Function is triggered

2021-11-12 17:06:04 - [MESSAGE][INFO] - Found 1 web elements with id: 'Object Repository/Sayfalar/Giris_Sayfasi/Giris_Butonu' located by 'By.cssSelector: #btnLogin' in '30' second(s)

2021-11-12 17:06:07 - [TEST_STEP][PASSED] - if (verifyElementPresent(findTestObject("Object Repository/Sayfalar/Giris_Sayfasi/RetveTamam_Butonu"), 5, OPTIONAL)): null

2021-11-12 17:06:07 - [MESSAGE][INFO] - Finding Test Object 'Object Repository/Sayfalar/Giris_Sayfasi/RetveTamam_Butonu'

2021-11-12 17:06:07 - [MESSAGE][INFO] - Checking object

2021-11-12 17:06:07 - [MESSAGE][INFO] - Finding web element from Test Object's properties

2021-11-12 17:06:07 - [MESSAGE][INFO] - Checking timeout

2021-11-12 17:06:07 - [MESSAGE][INFO] - Finding web element with id: 'Object Repository/Sayfalar/Giris_Sayfasi/RetveTamam_Butonu' located by 'By.xpath: //*[@class = 'btn btn-default']' in '5' second(s)

2021-11-12 17:06:07 - [MESSAGE][INFO] - Smart Wait Function is triggered

2021-11-12 17:06:07 - [MESSAGE][INFO] - Found 1 web elements with id: 'Object Repository/Sayfalar/Giris_Sayfasi/RetveTamam_Butonu' located by 'By.xpath: //*[@class = 'btn btn-default']' in '5' second(s)

2021-11-12 17:06:07 - [MESSAGE][PASSED] - Object 'Object Repository/Sayfalar/Giris_Sayfasi/RetveTamam_Butonu' is present

2021-11-12 17:06:07 - [TEST_STEP][PASSED] - click(findTestObject("Object Repository/Sayfalar/Giris_Sayfasi/RetveTamam_Butonu")): Object: 'Object Repository/Sayfalar/Giris_Sayfasi/RetveTamam_Butonu' is clicked on

2021-11-12 17:06:07 - [MESSAGE][INFO] - Finding Test Object 'Object Repository/Sayfalar/Giris_Sayfasi/RetveTamam_Butonu'

2021-11-12 17:06:07 - [MESSAGE][INFO] - Checking object

2021-11-12 17:06:07 - [MESSAGE][INFO] - Finding web element from Test Object's properties

2021-11-12 17:06:07 - [MESSAGE][INFO] - Checking timeout

2021-11-12 17:06:07 - [MESSAGE][INFO] - Finding web element with id: 'Object Repository/Sayfalar/Giris_Sayfasi/RetveTamam_Butonu' located by 'By.xpath: //*[@class = 'btn btn-default']' in '30' second(s)

2021-11-12 17:06:07 - [MESSAGE][INFO] - Smart Wait Function is triggered

2021-11-12 17:06:07 - [MESSAGE][INFO] - Found 1 web elements with id: 'Object Repository/Sayfalar/Giris_Sayfasi/RetveTamam_Butonu' located by 'By.xpath: //*[@class = 'btn btn-default']' in '30' second(s)

2021-11-12 17:06:07 - [MESSAGE][INFO] - Clicking on object: 'Object Repository/Sayfalar/Giris_Sayfasi/RetveTamam_Butonu'

2021-11-12 17:06:07 - [MESSAGE][PASSED] - Object: 'Object Repository/Sayfalar/Giris_Sayfasi/RetveTamam_Butonu' is clicked on

2021-11-12 17:06:07 - [TEST_STEP][PASSED] - click(findTestObject("Object Repository/Sayfalar/Giris_Sayfasi/RetveTamam_Butonu")): Object: 'Object Repository/Sayfalar/Giris_Sayfasi/RetveTamam_Butonu' is clicked on

2021-11-12 17:06:07 - [MESSAGE][INFO] - Finding Test Object 'Object Repository/Sayfalar/Giris_Sayfasi/RetveTamam_Butonu'

2021-11-12 17:06:08 - [MESSAGE][INFO] - Checking object

2021-11-12 17:06:08 - [MESSAGE][INFO] - Finding web element from Test Object's properties

2021-11-12 17:06:08 - [MESSAGE][INFO] - Checking timeout

2021-11-12 17:06:08 - [MESSAGE][INFO] - Finding web element with id: 'Object Repository/Sayfalar/Giris_Sayfasi/RetveTamam_Butonu' located by 'By.xpath: //*[@class = 'btn btn-default']' in '30' second(s)

2021-11-12 17:06:08 - [MESSAGE][INFO] - Smart Wait Function is triggered

2021-11-12 17:06:12 - [MESSAGE][INFO] - Found 1 web elements with id: 'Object Repository/Sayfalar/Giris_Sayfasi/RetveTamam_Butonu' located by 'By.xpath: //*[@class = 'btn btn-default']' in '30' second(s)

2021-11-12 17:06:12 - [MESSAGE][INFO] - Clicking on object: 'Object Repository/Sayfalar/Giris_Sayfasi/RetveTamam_Butonu'

2021-11-12 17:06:12 - [MESSAGE][PASSED] - Object: 'Object Repository/Sayfalar/Giris_Sayfasi/RetveTamam_Butonu' is clicked on

2021-11-12 17:06:12 - [TEST_STEP][PASSED] - if (verifyElementPresent(findTestObject("Sayfalar/Giris_Sayfasi/PopupOK"), 5, OPTIONAL)): null

2021-11-12 17:06:12 - [MESSAGE][INFO] - Finding Test Object 'Object Repository/Sayfalar/Giris_Sayfasi/PopupOK'

2021-11-12 17:06:12 - [MESSAGE][INFO] - Checking object

2021-11-12 17:06:12 - [MESSAGE][INFO] - Finding web element from Test Object's properties

2021-11-12 17:06:12 - [MESSAGE][INFO] - Checking timeout

2021-11-12 17:06:12 - [MESSAGE][INFO] - Finding web element with id: 'Object Repository/Sayfalar/Giris_Sayfasi/PopupOK' located by 'By.cssSelector: .btn.btn-success' in '5' second(s)

2021-11-12 17:06:12 - [MESSAGE][INFO] - Smart Wait Function is triggered

2021-11-12 17:06:13 - [MESSAGE][INFO] - Found 1 web elements with id: 'Object Repository/Sayfalar/Giris_Sayfasi/PopupOK' located by 'By.cssSelector: .btn.btn-success' in '5' second(s)

2021-11-12 17:06:13 - [MESSAGE][PASSED] - Object 'Object Repository/Sayfalar/Giris_Sayfasi/PopupOK' is present

2021-11-12 17:06:13 - [TEST_STEP][PASSED] - click(findTestObject("Object Repository/Sayfalar/Giris_Sayfasi/PopupCarpiGiris")): Object: 'Object Repository/Sayfalar/Giris_Sayfasi/PopupCarpiGiris' is clicked on

2021-11-12 17:06:13 - [MESSAGE][INFO] - Finding Test Object 'Object Repository/Sayfalar/Giris_Sayfasi/PopupCarpiGiris'

2021-11-12 17:06:13 - [MESSAGE][INFO] - Checking object

2021-11-12 17:06:13 - [MESSAGE][INFO] - Finding web element from Test Object's properties

2021-11-12 17:06:13 - [MESSAGE][INFO] - Checking timeout

2021-11-12 17:06:13 - [MESSAGE][INFO] - Finding web element with id: 'Object Repository/Sayfalar/Giris_Sayfasi/PopupCarpiGiris' located by 'By.cssSelector: .bootbox-close-button.close' in '30' second(s)

2021-11-12 17:06:13 - [MESSAGE][INFO] - Smart Wait Function is triggered

2021-11-12 17:06:13 - [MESSAGE][INFO] - Found 1 web elements with id: 'Object Repository/Sayfalar/Giris_Sayfasi/PopupCarpiGiris' located by 'By.cssSelector: .bootbox-close-button.close' in '30' second(s)

2021-11-12 17:06:13 - [MESSAGE][INFO] - Clicking on object: 'Object Repository/Sayfalar/Giris_Sayfasi/PopupCarpiGiris'

2021-11-12 17:06:13 - [MESSAGE][PASSED] - Object: 'Object Repository/Sayfalar/Giris_Sayfasi/PopupCarpiGiris' is clicked on

2021-11-12 17:06:13 - [TEST_STEP][PASSED] - verifyElementVisible(findTestObject("Object Repository/Kullanici_Islemleri/KullaniciIslemleri")): Object 'Object Repository/Kullanici_Islemleri/KullaniciIslemleri' is visible

2021-11-12 17:06:13 - [MESSAGE][INFO] - Finding Test Object 'Object Repository/Kullanici_Islemleri/KullaniciIslemleri'

2021-11-12 17:06:14 - [MESSAGE][INFO] - Checking object

2021-11-12 17:06:14 - [MESSAGE][INFO] - Finding web element from Test Object's properties

2021-11-12 17:06:14 - [MESSAGE][INFO] - Checking timeout

2021-11-12 17:06:14 - [MESSAGE][INFO] - Finding web element with id: 'Object Repository/Kullanici_Islemleri/KullaniciIslemleri' located by 'By.cssSelector: .dropdown>a>img' in '30' second(s)

2021-11-12 17:06:14 - [MESSAGE][INFO] - Smart Wait Function is triggered

2021-11-12 17:06:14 - [MESSAGE][INFO] - Found 1 web elements with id: 'Object Repository/Kullanici_Islemleri/KullaniciIslemleri' located by 'By.cssSelector: .dropdown>a>img' in '30' second(s)

2021-11-12 17:06:14 - [MESSAGE][PASSED] - Object 'Object Repository/Kullanici_Islemleri/KullaniciIslemleri' is visible

2021-11-12 17:06:14 - [MESSAGE][PASSED] - Call Test Case 'Test Cases/Sayfalar/Giris_Sayfasi/Login' successfully

2021-11-12 17:06:14 - [MESSAGE][INFO] - Checking called Test Case

2021-11-12 17:06:14 - [MESSAGE][INFO] - Starting to call Test Case 'Test Cases/Menu/AnaMenuSecimi'

2021-11-12 17:06:14 - [TEST_CASE][PASSED] - Test Cases/Menu/AnaMenuSecimi: Test Cases/Menu/AnaMenuSecimi

2021-11-12 17:06:14 - [TEST_STEP][PASSED] - Method.TextDegerineEsitElementeTikla(findTestObject("Menu/Ana_Menu"), Ana_Menu): Method.TextDegerineEsitElementeTikla is PASSED

2021-11-12 17:06:14 - [MESSAGE][INFO] - Finding Test Object 'Object Repository/Menu/Ana_Menu'

2021-11-12 17:06:14 - [MESSAGE][INFO] - Checking timeout

2021-11-12 17:06:14 - [MESSAGE][INFO] - Finding web element with id: 'Object Repository/Menu/Ana_Menu' located by 'By.xpath: //*[@class = 'dropdown-toggle']' in '10' second(s)

2021-11-12 17:06:14 - [MESSAGE][INFO] - Smart Wait Function is triggered

2021-11-12 17:06:15 - [MESSAGE][INFO] - Found 14 web elements with id: 'Object Repository/Menu/Ana_Menu' located by 'By.xpath: //*[@class = 'dropdown-toggle']' in '10' second(s)

2021-11-12 17:06:15 - [MESSAGE][PASSED] - Method.TextDegerineEsitElementeTikla is PASSED

2021-11-12 17:06:15 - [MESSAGE][PASSED] - Call Test Case 'Test Cases/Menu/AnaMenuSecimi' successfully

2021-11-12 17:06:15 - [MESSAGE][INFO] - Checking called Test Case

2021-11-12 17:06:15 - [MESSAGE][INFO] - Starting to call Test Case 'Test Cases/Menu/BasligaGoreAltMenuSecimi'

2021-11-12 17:06:15 - [TEST_CASE][PASSED] - Test Cases/Menu/BasligaGoreAltMenuSecimi: Test Cases/Menu/BasligaGoreAltMenuSecimi

2021-11-12 17:06:15 - [TEST_STEP][PASSED] - Method.TextDegerineEsitElementinAltindakiTextDegerineEsitOlanaTikla(findTestObject("Menu/Menu_Basligi"), findTestObject("Menu/Basliga_Gore_Alt_Menu"), Baslik, Alt_Menu): Method.TextDegerineEsitElementinAltindakiTextDegerineEsitOlanaTikla is PASSED

2021-11-12 17:06:15 - [MESSAGE][INFO] - Finding Test Object 'Object Repository/Menu/Menu_Basligi'

2021-11-12 17:06:15 - [MESSAGE][INFO] - Finding Test Object 'Object Repository/Menu/Basliga_Gore_Alt_Menu'

2021-11-12 17:06:15 - [MESSAGE][INFO] - Checking timeout

2021-11-12 17:06:15 - [MESSAGE][INFO] - Finding web element with id: 'Object Repository/Menu/Menu_Basligi' located by 'By.xpath: //li[@class='dropdown dropdown-large open']//li[@class='dropdown-header']' in '10' second(s)

2021-11-12 17:06:15 - [MESSAGE][INFO] - Smart Wait Function is triggered

2021-11-12 17:06:15 - [MESSAGE][INFO] - Found 2 web elements with id: 'Object Repository/Menu/Menu_Basligi' located by 'By.xpath: //li[@class='dropdown dropdown-large open']//li[@class='dropdown-header']' in '10' second(s)

2021-11-12 17:06:15 - [MESSAGE][INFO] - Smart Wait Function is triggered

2021-11-12 17:06:18 - [MESSAGE][PASSED] - Method.TextDegerineEsitElementinAltindakiTextDegerineEsitOlanaTikla is PASSED

2021-11-12 17:06:18 - [MESSAGE][PASSED] - Call Test Case 'Test Cases/Menu/BasligaGoreAltMenuSecimi' successfully

2021-11-12 17:06:18 - [MESSAGE][INFO] - Checking called Test Case

2021-11-12 17:06:18 - [MESSAGE][INFO] - Starting to call Test Case 'Test Cases/Tablo/Olusturma Tarihi'

2021-11-12 17:06:18 - [TEST_CASE][PASSED] - Test Cases/Tablo/Olusturma Tarihi: Test Cases/Tablo/Olusturma Tarihi

2021-11-12 17:06:19 - [TEST_STEP][PASSED] - if (verifyTextNotPresent("Görüntülenecek veri yok", true, OPTIONAL)): null

2021-11-12 17:06:19 - [MESSAGE][INFO] - Checking text present  using regular expression

2021-11-12 17:06:19 - [MESSAGE][INFO] - Smart Wait Function is triggered

2021-11-12 17:06:19 - [MESSAGE][INFO] - Finding text 'Görüntülenecek veri yok' on page  using regular expression

2021-11-12 17:06:19 - [MESSAGE][PASSED] - Text 'Görüntülenecek veri yok' is not present on page using regular expression

2021-11-12 17:06:19 - [TEST_STEP][PASSED] - click(findTestObject("Temizle/Olusturma_Tarihi_CheckBox")): Object: 'Object Repository/Temizle/Olusturma_Tarihi_CheckBox' is clicked on

2021-11-12 17:06:19 - [MESSAGE][INFO] - Finding Test Object 'Object Repository/Temizle/Olusturma_Tarihi_CheckBox'

2021-11-12 17:06:19 - [MESSAGE][INFO] - Checking object

2021-11-12 17:06:19 - [MESSAGE][INFO] - Finding web element from Test Object's properties

2021-11-12 17:06:19 - [MESSAGE][INFO] - Checking timeout

2021-11-12 17:06:19 - [MESSAGE][INFO] - Finding web element with id: 'Object Repository/Temizle/Olusturma_Tarihi_CheckBox' located by 'By.xpath: //*[@title = 'Bu sayfadaki tüm satırları Seç']' in '30' second(s)

2021-11-12 17:06:19 - [MESSAGE][INFO] - Smart Wait Function is triggered

2021-11-12 17:06:19 - [MESSAGE][INFO] - Found 1 web elements with id: 'Object Repository/Temizle/Olusturma_Tarihi_CheckBox' located by 'By.xpath: //*[@title = 'Bu sayfadaki tüm satırları Seç']' in '30' second(s)

2021-11-12 17:06:19 - [MESSAGE][INFO] - Clicking on object: 'Object Repository/Temizle/Olusturma_Tarihi_CheckBox'

2021-11-12 17:06:19 - [MESSAGE][PASSED] - Object: 'Object Repository/Temizle/Olusturma_Tarihi_CheckBox' is clicked on

2021-11-12 17:06:19 - [TEST_STEP][PASSED] - Method.TextDegerineEsitElementeTiklaEquals(findTestObject("Butonlar/Butonlar"), "Sil"): Method.TextDegerineEsitElementeTiklaEquals is PASSED

2021-11-12 17:06:19 - [MESSAGE][INFO] - Finding Test Object 'Object Repository/Butonlar/Butonlar'

2021-11-12 17:06:20 - [MESSAGE][INFO] - Checking timeout

2021-11-12 17:06:20 - [MESSAGE][INFO] - Finding web element with id: 'Object Repository/Butonlar/Butonlar' located by 'By.cssSelector: .panel.panel-default.text-center.footerPanel .btn,.btn.btn-primary.btnControls' in '10' second(s)

2021-11-12 17:06:20 - [MESSAGE][INFO] - Smart Wait Function is triggered

2021-11-12 17:06:20 - [MESSAGE][INFO] - Found 10 web elements with id: 'Object Repository/Butonlar/Butonlar' located by 'By.cssSelector: .panel.panel-default.text-center.footerPanel .btn,.btn.btn-primary.btnControls' in '10' second(s)

2021-11-12 17:06:20 - [MESSAGE][PASSED] - Method.TextDegerineEsitElementeTiklaEquals is PASSED

2021-11-12 17:06:20 - [TEST_STEP][PASSED] - Method.TextDegerineEsitElementeTikla(findTestObject("Popup/Popup_Butons"), "Evet"): Method.TextDegerineEsitElementeTikla is PASSED

2021-11-12 17:06:20 - [MESSAGE][INFO] - Finding Test Object 'Object Repository/Popup/Popup_Butons'

2021-11-12 17:06:20 - [MESSAGE][INFO] - Checking timeout

2021-11-12 17:06:20 - [MESSAGE][INFO] - Finding web element with id: 'Object Repository/Popup/Popup_Butons' located by 'By.cssSelector: .modal-footer>button' in '10' second(s)

2021-11-12 17:06:20 - [MESSAGE][INFO] - Smart Wait Function is triggered

2021-11-12 17:06:21 - [MESSAGE][INFO] - Found 2 web elements with id: 'Object Repository/Popup/Popup_Butons' located by 'By.cssSelector: .modal-footer>button' in '10' second(s)

2021-11-12 17:06:21 - [MESSAGE][PASSED] - Method.TextDegerineEsitElementeTikla is PASSED

2021-11-12 17:06:21 - [TEST_STEP][PASSED] - Method.TextDegerineEsitElementeTikla(findTestObject("Popup/Popup_Butons"), "Tamam"): Method.TextDegerineEsitElementeTikla is PASSED

2021-11-12 17:06:21 - [MESSAGE][INFO] - Finding Test Object 'Object Repository/Popup/Popup_Butons'

2021-11-12 17:06:21 - [MESSAGE][INFO] - Checking timeout

2021-11-12 17:06:21 - [MESSAGE][INFO] - Finding web element with id: 'Object Repository/Popup/Popup_Butons' located by 'By.cssSelector: .modal-footer>button' in '10' second(s)

2021-11-12 17:06:21 - [MESSAGE][INFO] - Smart Wait Function is triggered

2021-11-12 17:06:22 - [MESSAGE][INFO] - Found 1 web elements with id: 'Object Repository/Popup/Popup_Butons' located by 'By.cssSelector: .modal-footer>button' in '10' second(s)

2021-11-12 17:06:22 - [MESSAGE][PASSED] - Method.TextDegerineEsitElementeTikla is PASSED

2021-11-12 17:06:22 - [MESSAGE][PASSED] - Call Test Case 'Test Cases/Tablo/Olusturma Tarihi' successfully

2021-11-12 17:06:22 - [MESSAGE][INFO] - Checking called Test Case

2021-11-12 17:06:22 - [MESSAGE][INFO] - Starting to call Test Case 'Test Cases/Butonlar/ButonaTikla'

2021-11-12 17:06:22 - [TEST_CASE][PASSED] - Test Cases/Butonlar/ButonaTikla: Test Cases/Butonlar/ButonaTikla

2021-11-12 17:06:23 - [TEST_STEP][PASSED] - Method.TextDegerineEsitElementeTiklaEquals(findTestObject("Butonlar/Butonlar"), Buton_Adi): Method.TextDegerineEsitElementeTiklaEquals is PASSED

2021-11-12 17:06:23 - [MESSAGE][INFO] - Finding Test Object 'Object Repository/Butonlar/Butonlar'

2021-11-12 17:06:23 - [MESSAGE][INFO] - Checking timeout

2021-11-12 17:06:23 - [MESSAGE][INFO] - Finding web element with id: 'Object Repository/Butonlar/Butonlar' located by 'By.cssSelector: .panel.panel-default.text-center.footerPanel .btn,.btn.btn-primary.btnControls' in '10' second(s)

2021-11-12 17:06:23 - [MESSAGE][INFO] - Smart Wait Function is triggered

2021-11-12 17:06:23 - [MESSAGE][INFO] - Found 10 web elements with id: 'Object Repository/Butonlar/Butonlar' located by 'By.cssSelector: .panel.panel-default.text-center.footerPanel .btn,.btn.btn-primary.btnControls' in '10' second(s)

2021-11-12 17:06:23 - [MESSAGE][PASSED] - Method.TextDegerineEsitElementeTiklaEquals is PASSED

2021-11-12 17:06:23 - [MESSAGE][PASSED] - Call Test Case 'Test Cases/Butonlar/ButonaTikla' successfully

2021-11-12 17:06:23 - [MESSAGE][INFO] - Checking called Test Case

2021-11-12 17:06:23 - [MESSAGE][INFO] - Starting to call Test Case 'Test Cases/Olusturma/Genel/GorselTasarimSayfasıBasligiIceriyorMu'

2021-11-12 17:06:23 - [TEST_CASE][PASSED] - Test Cases/Olusturma/Genel/GorselTasarimSayfasıBasligiIceriyorMu: Test Cases/Olusturma/Genel/GorselTasarimSayfasıBasligiIceriyorMu

2021-11-12 17:06:24 - [TEST_STEP][PASSED] - verifyElementText(findTestObject("Object Repository/Olusturma/Genel/GorselTasarimBaslik"), Baslik): Actual text and expected text of test object 'Object Repository/Olusturma/Genel/GorselTasarimBaslik' are matched.

2021-11-12 17:06:24 - [MESSAGE][INFO] - Finding Test Object 'Object Repository/Olusturma/Genel/GorselTasarimBaslik'

2021-11-12 17:06:24 - [MESSAGE][INFO] - Checking object

2021-11-12 17:06:24 - [MESSAGE][INFO] - Finding web element from Test Object's properties

2021-11-12 17:06:24 - [MESSAGE][INFO] - Checking timeout

2021-11-12 17:06:24 - [MESSAGE][INFO] - Finding web element with id: 'Object Repository/Olusturma/Genel/GorselTasarimBaslik' located by 'By.cssSelector: #flAlici_0>div>span' in '30' second(s)

2021-11-12 17:06:24 - [MESSAGE][INFO] - Smart Wait Function is triggered

2021-11-12 17:06:30 - [MESSAGE][INFO] - Found 1 web elements with id: 'Object Repository/Olusturma/Genel/GorselTasarimBaslik' located by 'By.cssSelector: #flAlici_0>div>span' in '30' second(s)

2021-11-12 17:06:30 - [MESSAGE][PASSED] - Actual text and expected text of test object 'Object Repository/Olusturma/Genel/GorselTasarimBaslik' are matched.

2021-11-12 17:06:30 - [MESSAGE][PASSED] - Call Test Case 'Test Cases/Olusturma/Genel/GorselTasarimSayfasıBasligiIceriyorMu' successfully

2021-11-12 17:06:30 - [MESSAGE][INFO] - Checking called Test Case

2021-11-12 17:06:30 - [MESSAGE][INFO] - Starting to call Test Case 'Test Cases/Olusturma/Genel/AliciSecilir'

2021-11-12 17:06:30 - [TEST_CASE][PASSED] - Test Cases/Olusturma/Genel/AliciSecilir: Test Cases/Olusturma/Genel/AliciSecilir

2021-11-12 17:06:30 - [TEST_STEP][PASSED] - click(findTestObject("Olusturma/Genel/AliciBilgisi/Alici_Ara")): Object: 'Object Repository/Olusturma/Genel/AliciBilgisi/Alici_Ara' is clicked on

2021-11-12 17:06:30 - [MESSAGE][INFO] - Finding Test Object 'Object Repository/Olusturma/Genel/AliciBilgisi/Alici_Ara'

2021-11-12 17:06:30 - [MESSAGE][INFO] - Checking object

2021-11-12 17:06:30 - [MESSAGE][INFO] - Finding web element from Test Object's properties

2021-11-12 17:06:30 - [MESSAGE][INFO] - Checking timeout

2021-11-12 17:06:30 - [MESSAGE][INFO] - Finding web element with id: 'Object Repository/Olusturma/Genel/AliciBilgisi/Alici_Ara' located by 'By.xpath: //td[@id='txtCustomerText_B-1']' in '30' second(s)

2021-11-12 17:06:30 - [MESSAGE][INFO] - Smart Wait Function is triggered

2021-11-12 17:06:30 - [MESSAGE][INFO] - Found 1 web elements with id: 'Object Repository/Olusturma/Genel/AliciBilgisi/Alici_Ara' located by 'By.xpath: //td[@id='txtCustomerText_B-1']' in '30' second(s)

2021-11-12 17:06:30 - [MESSAGE][INFO] - Clicking on object: 'Object Repository/Olusturma/Genel/AliciBilgisi/Alici_Ara'

2021-11-12 17:06:31 - [MESSAGE][PASSED] - Object: 'Object Repository/Olusturma/Genel/AliciBilgisi/Alici_Ara' is clicked on

2021-11-12 17:06:31 - [TEST_STEP][PASSED] - click(findTestObject("Olusturma/Genel/AliciBilgisi/Alici_Bilgisi")): Object: 'Object Repository/Olusturma/Genel/AliciBilgisi/Alici_Bilgisi' is clicked on

2021-11-12 17:06:31 - [MESSAGE][INFO] - Finding Test Object 'Object Repository/Olusturma/Genel/AliciBilgisi/Alici_Bilgisi'

2021-11-12 17:06:31 - [MESSAGE][INFO] - Checking object

2021-11-12 17:06:31 - [MESSAGE][INFO] - Finding web element from Test Object's properties

2021-11-12 17:06:31 - [MESSAGE][INFO] - Checking timeout

2021-11-12 17:06:31 - [MESSAGE][INFO] - Finding web element with id: 'Object Repository/Olusturma/Genel/AliciBilgisi/Alici_Bilgisi' located by 'By.xpath: //iframe[@id='customerselectiframe']' in '30' second(s)

2021-11-12 17:06:31 - [MESSAGE][INFO] - Smart Wait Function is triggered

2021-11-12 17:06:31 - [MESSAGE][INFO] - Found 1 web elements with id: 'Object Repository/Olusturma/Genel/AliciBilgisi/Alici_Bilgisi' located by 'By.xpath: //iframe[@id='customerselectiframe']' in '30' second(s)

2021-11-12 17:06:31 - [MESSAGE][INFO] - Clicking on object: 'Object Repository/Olusturma/Genel/AliciBilgisi/Alici_Bilgisi'

2021-11-12 17:06:31 - [MESSAGE][PASSED] - Object: 'Object Repository/Olusturma/Genel/AliciBilgisi/Alici_Bilgisi' is clicked on

2021-11-12 17:06:31 - [TEST_STEP][PASSED] - setText(findTestObject("Olusturma/Genel/AliciBilgisi/Alici_Gir"), Alici_Adi): Switching to default content

2021-11-12 17:06:31 - [MESSAGE][INFO] - Finding Test Object 'Object Repository/Olusturma/Genel/AliciBilgisi/Alici_Gir'

2021-11-12 17:06:31 - [MESSAGE][INFO] - Finding Test Object 'Object Repository/Olusturma/Genel/AliciBilgisi/Alici_Bilgisi'

2021-11-12 17:06:31 - [MESSAGE][INFO] - Checking object

2021-11-12 17:06:31 - [MESSAGE][INFO] - Checking text

2021-11-12 17:06:31 - [MESSAGE][INFO] - Object: 'Object Repository/Olusturma/Genel/AliciBilgisi/Alici_Gir' has parent object(s)

2021-11-12 17:06:31 - [MESSAGE][INFO] - Switching to iframe: 'Object Repository/Olusturma/Genel/AliciBilgisi/Alici_Bilgisi'

2021-11-12 17:06:31 - [MESSAGE][INFO] - Finding web element from Test Object's properties

2021-11-12 17:06:31 - [MESSAGE][INFO] - Checking timeout

2021-11-12 17:06:31 - [MESSAGE][INFO] - Finding web element with id: 'Object Repository/Olusturma/Genel/AliciBilgisi/Alici_Bilgisi' located by 'By.xpath: //iframe[@id='customerselectiframe']' in '30' second(s)

2021-11-12 17:06:31 - [MESSAGE][INFO] - Smart Wait Function is triggered

2021-11-12 17:06:32 - [MESSAGE][INFO] - Found 1 web elements with id: 'Object Repository/Olusturma/Genel/AliciBilgisi/Alici_Bilgisi' located by 'By.xpath: //iframe[@id='customerselectiframe']' in '30' second(s)

2021-11-12 17:06:32 - [MESSAGE][INFO] - Switched to iframe: 'Object Repository/Olusturma/Genel/AliciBilgisi/Alici_Bilgisi'

2021-11-12 17:06:32 - [MESSAGE][INFO] - Finding web element from Test Object's properties

2021-11-12 17:06:32 - [MESSAGE][INFO] - Checking timeout

2021-11-12 17:06:32 - [MESSAGE][INFO] - Finding web element with id: 'Object Repository/Olusturma/Genel/AliciBilgisi/Alici_Gir' located by 'By.xpath: //input[@id='GridViewCustomer_DXFREditorcol1_I']' in '30' second(s)

2021-11-12 17:06:32 - [MESSAGE][INFO] - Smart Wait Function is triggered

2021-11-12 17:06:32 - [MESSAGE][INFO] - Found 1 web elements with id: 'Object Repository/Olusturma/Genel/AliciBilgisi/Alici_Gir' located by 'By.xpath: //input[@id='GridViewCustomer_DXFREditorcol1_I']' in '30' second(s)

2021-11-12 17:06:32 - [MESSAGE][INFO] - Clearing text of object 'Object Repository/Olusturma/Genel/AliciBilgisi/Alici_Gir'

2021-11-12 17:06:32 - [MESSAGE][INFO] - Finding web element from Test Object's properties

2021-11-12 17:06:32 - [MESSAGE][INFO] - Checking timeout

2021-11-12 17:06:32 - [MESSAGE][INFO] - Finding web element with id: 'Object Repository/Olusturma/Genel/AliciBilgisi/Alici_Gir' located by 'By.xpath: //input[@id='GridViewCustomer_DXFREditorcol1_I']' in '30' second(s)

2021-11-12 17:06:32 - [MESSAGE][INFO] - Smart Wait Function is triggered

2021-11-12 17:06:32 - [MESSAGE][INFO] - Found 1 web elements with id: 'Object Repository/Olusturma/Genel/AliciBilgisi/Alici_Gir' located by 'By.xpath: //input[@id='GridViewCustomer_DXFREditorcol1_I']' in '30' second(s)

2021-11-12 17:06:32 - [MESSAGE][INFO] - Setting text of object 'Object Repository/Olusturma/Genel/AliciBilgisi/Alici_Gir' to value 'UC0045'

2021-11-12 17:06:32 - [MESSAGE][PASSED] - Text 'UC0045' is set on object 'Object Repository/Olusturma/Genel/AliciBilgisi/Alici_Gir'

2021-11-12 17:06:32 - [MESSAGE][INFO] - Switching to default content

2021-11-12 17:06:32 - [TEST_STEP][PASSED] - waitForElementClickable(findTestObject("Olusturma/Genel/AliciBilgisi/Alici_Adi"), 10): Switching to default content

2021-11-12 17:06:32 - [MESSAGE][INFO] - Finding Test Object 'Object Repository/Olusturma/Genel/AliciBilgisi/Alici_Adi'

2021-11-12 17:06:32 - [MESSAGE][INFO] - Finding Test Object 'Object Repository/Olusturma/Genel/AliciBilgisi/iframe_Alc Bilgisi_customerselectiframe'

2021-11-12 17:06:32 - [MESSAGE][INFO] - Checking object

2021-11-12 17:06:32 - [MESSAGE][INFO] - Checking timeout

2021-11-12 17:06:32 - [MESSAGE][INFO] - Object: 'Object Repository/Olusturma/Genel/AliciBilgisi/Alici_Adi' has parent object(s)

2021-11-12 17:06:32 - [MESSAGE][INFO] - Switching to iframe: 'Object Repository/Olusturma/Genel/AliciBilgisi/iframe_Alc Bilgisi_customerselectiframe'

2021-11-12 17:06:32 - [MESSAGE][INFO] - Finding web element from Test Object's properties

2021-11-12 17:06:32 - [MESSAGE][INFO] - Checking timeout

2021-11-12 17:06:32 - [MESSAGE][INFO] - Finding web element with id: 'Object Repository/Olusturma/Genel/AliciBilgisi/iframe_Alc Bilgisi_customerselectiframe' located by 'By.xpath: //iframe[@id='customerselectiframe']' in '10' second(s)

2021-11-12 17:06:32 - [MESSAGE][INFO] - Smart Wait Function is triggered

2021-11-12 17:06:32 - [MESSAGE][INFO] - Found 1 web elements with id: 'Object Repository/Olusturma/Genel/AliciBilgisi/iframe_Alc Bilgisi_customerselectiframe' located by 'By.xpath: //iframe[@id='customerselectiframe']' in '10' second(s)

2021-11-12 17:06:32 - [MESSAGE][INFO] - Switched to iframe: 'Object Repository/Olusturma/Genel/AliciBilgisi/iframe_Alc Bilgisi_customerselectiframe'

2021-11-12 17:06:32 - [MESSAGE][INFO] - Finding web element from Test Object's properties

2021-11-12 17:06:32 - [MESSAGE][INFO] - Checking timeout

2021-11-12 17:06:32 - [MESSAGE][INFO] - Finding web element with id: 'Object Repository/Olusturma/Genel/AliciBilgisi/Alici_Adi' located by 'By.xpath: //tr[@id='GridViewCustomer_DXDataRow0']/td[2]' in '10' second(s)

2021-11-12 17:06:32 - [MESSAGE][INFO] - Smart Wait Function is triggered

2021-11-12 17:06:32 - [MESSAGE][INFO] - Found 1 web elements with id: 'Object Repository/Olusturma/Genel/AliciBilgisi/Alici_Adi' located by 'By.xpath: //tr[@id='GridViewCustomer_DXDataRow0']/td[2]' in '10' second(s)

2021-11-12 17:06:32 - [MESSAGE][PASSED] - Object 'Object Repository/Olusturma/Genel/AliciBilgisi/Alici_Adi' is clickable

2021-11-12 17:06:32 - [MESSAGE][INFO] - Switching to default content

2021-11-12 17:06:32 - [TEST_STEP][PASSED] - click(findTestObject("Olusturma/Genel/AliciBilgisi/frame")): Switching to default content

2021-11-12 17:06:32 - [MESSAGE][INFO] - Finding Test Object 'Object Repository/Olusturma/Genel/AliciBilgisi/frame'

2021-11-12 17:06:32 - [MESSAGE][INFO] - Finding Test Object 'Object Repository/Olusturma/Genel/AliciBilgisi/iframe_Alc Bilgisi_customerselectiframe'

2021-11-12 17:06:32 - [MESSAGE][INFO] - Checking object

2021-11-12 17:06:32 - [MESSAGE][INFO] - Object: 'Object Repository/Olusturma/Genel/AliciBilgisi/frame' has parent object(s)

2021-11-12 17:06:32 - [MESSAGE][INFO] - Switching to iframe: 'Object Repository/Olusturma/Genel/AliciBilgisi/iframe_Alc Bilgisi_customerselectiframe'

2021-11-12 17:06:32 - [MESSAGE][INFO] - Finding web element from Test Object's properties

2021-11-12 17:06:32 - [MESSAGE][INFO] - Checking timeout

2021-11-12 17:06:32 - [MESSAGE][INFO] - Finding web element with id: 'Object Repository/Olusturma/Genel/AliciBilgisi/iframe_Alc Bilgisi_customerselectiframe' located by 'By.xpath: //iframe[@id='customerselectiframe']' in '30' second(s)

2021-11-12 17:06:32 - [MESSAGE][INFO] - Smart Wait Function is triggered

2021-11-12 17:06:33 - [MESSAGE][INFO] - Found 1 web elements with id: 'Object Repository/Olusturma/Genel/AliciBilgisi/iframe_Alc Bilgisi_customerselectiframe' located by 'By.xpath: //iframe[@id='customerselectiframe']' in '30' second(s)

2021-11-12 17:06:33 - [MESSAGE][INFO] - Switched to iframe: 'Object Repository/Olusturma/Genel/AliciBilgisi/iframe_Alc Bilgisi_customerselectiframe'

2021-11-12 17:06:33 - [MESSAGE][INFO] - Finding web element from Test Object's properties

2021-11-12 17:06:33 - [MESSAGE][INFO] - Checking timeout

2021-11-12 17:06:33 - [MESSAGE][INFO] - Finding web element with id: 'Object Repository/Olusturma/Genel/AliciBilgisi/frame' located by 'By.xpath: //*/text()[normalize-space(.)='']/parent::*' in '30' second(s)

2021-11-12 17:06:33 - [MESSAGE][INFO] - Smart Wait Function is triggered

2021-11-12 17:06:33 - [MESSAGE][INFO] - Found 73 web elements with id: 'Object Repository/Olusturma/Genel/AliciBilgisi/frame' located by 'By.xpath: //*/text()[normalize-space(.)='']/parent::*' in '30' second(s)

2021-11-12 17:06:33 - [MESSAGE][INFO] - Clicking on object: 'Object Repository/Olusturma/Genel/AliciBilgisi/frame'

2021-11-12 17:06:33 - [MESSAGE][PASSED] - Object: 'Object Repository/Olusturma/Genel/AliciBilgisi/frame' is clicked on

2021-11-12 17:06:33 - [MESSAGE][INFO] - Switching to default content

2021-11-12 17:06:33 - [TEST_STEP][PASSED] - click(findTestObject("Olusturma/Genel/AliciBilgisi/Alici_Adi")): Switching to default content

2021-11-12 17:06:33 - [MESSAGE][INFO] - Finding Test Object 'Object Repository/Olusturma/Genel/AliciBilgisi/Alici_Adi'

2021-11-12 17:06:33 - [MESSAGE][INFO] - Finding Test Object 'Object Repository/Olusturma/Genel/AliciBilgisi/iframe_Alc Bilgisi_customerselectiframe'

2021-11-12 17:06:33 - [MESSAGE][INFO] - Checking object

2021-11-12 17:06:33 - [MESSAGE][INFO] - Object: 'Object Repository/Olusturma/Genel/AliciBilgisi/Alici_Adi' has parent object(s)

2021-11-12 17:06:33 - [MESSAGE][INFO] - Switching to iframe: 'Object Repository/Olusturma/Genel/AliciBilgisi/iframe_Alc Bilgisi_customerselectiframe'

2021-11-12 17:06:33 - [MESSAGE][INFO] - Finding web element from Test Object's properties

2021-11-12 17:06:33 - [MESSAGE][INFO] - Checking timeout

2021-11-12 17:06:33 - [MESSAGE][INFO] - Finding web element with id: 'Object Repository/Olusturma/Genel/AliciBilgisi/iframe_Alc Bilgisi_customerselectiframe' located by 'By.xpath: //iframe[@id='customerselectiframe']' in '30' second(s)

2021-11-12 17:06:33 - [MESSAGE][INFO] - Smart Wait Function is triggered

2021-11-12 17:06:33 - [MESSAGE][INFO] - Found 1 web elements with id: 'Object Repository/Olusturma/Genel/AliciBilgisi/iframe_Alc Bilgisi_customerselectiframe' located by 'By.xpath: //iframe[@id='customerselectiframe']' in '30' second(s)

2021-11-12 17:06:33 - [MESSAGE][INFO] - Switched to iframe: 'Object Repository/Olusturma/Genel/AliciBilgisi/iframe_Alc Bilgisi_customerselectiframe'

2021-11-12 17:06:33 - [MESSAGE][INFO] - Finding web element from Test Object's properties

2021-11-12 17:06:33 - [MESSAGE][INFO] - Checking timeout

2021-11-12 17:06:33 - [MESSAGE][INFO] - Finding web element with id: 'Object Repository/Olusturma/Genel/AliciBilgisi/Alici_Adi' located by 'By.xpath: //tr[@id='GridViewCustomer_DXDataRow0']/td[2]' in '30' second(s)

2021-11-12 17:06:33 - [MESSAGE][INFO] - Smart Wait Function is triggered

2021-11-12 17:06:33 - [MESSAGE][INFO] - Found 1 web elements with id: 'Object Repository/Olusturma/Genel/AliciBilgisi/Alici_Adi' located by 'By.xpath: //tr[@id='GridViewCustomer_DXDataRow0']/td[2]' in '30' second(s)

2021-11-12 17:06:33 - [MESSAGE][INFO] - Clicking on object: 'Object Repository/Olusturma/Genel/AliciBilgisi/Alici_Adi'

2021-11-12 17:06:33 - [MESSAGE][PASSED] - Object: 'Object Repository/Olusturma/Genel/AliciBilgisi/Alici_Adi' is clicked on

2021-11-12 17:06:33 - [MESSAGE][INFO] - Switching to default content

2021-11-12 17:06:33 - [TEST_STEP][PASSED] - click(findTestObject("Olusturma/Genel/AliciBilgisi/Tamam_Bosluk")): Switching to default content

2021-11-12 17:06:33 - [MESSAGE][INFO] - Finding Test Object 'Object Repository/Olusturma/Genel/AliciBilgisi/Tamam_Bosluk'

2021-11-12 17:06:34 - [MESSAGE][INFO] - Finding Test Object 'Object Repository/Olusturma/Genel/AliciBilgisi/Alici_Bilgisi'

2021-11-12 17:06:34 - [MESSAGE][INFO] - Checking object

2021-11-12 17:06:34 - [MESSAGE][INFO] - Object: 'Object Repository/Olusturma/Genel/AliciBilgisi/Tamam_Bosluk' has parent object(s)

2021-11-12 17:06:34 - [MESSAGE][INFO] - Switching to iframe: 'Object Repository/Olusturma/Genel/AliciBilgisi/Alici_Bilgisi'

2021-11-12 17:06:34 - [MESSAGE][INFO] - Finding web element from Test Object's properties

2021-11-12 17:06:34 - [MESSAGE][INFO] - Checking timeout

2021-11-12 17:06:34 - [MESSAGE][INFO] - Finding web element with id: 'Object Repository/Olusturma/Genel/AliciBilgisi/Alici_Bilgisi' located by 'By.xpath: //iframe[@id='customerselectiframe']' in '30' second(s)

2021-11-12 17:06:34 - [MESSAGE][INFO] - Smart Wait Function is triggered

2021-11-12 17:06:34 - [MESSAGE][INFO] - Found 1 web elements with id: 'Object Repository/Olusturma/Genel/AliciBilgisi/Alici_Bilgisi' located by 'By.xpath: //iframe[@id='customerselectiframe']' in '30' second(s)

2021-11-12 17:06:34 - [MESSAGE][INFO] - Switched to iframe: 'Object Repository/Olusturma/Genel/AliciBilgisi/Alici_Bilgisi'

2021-11-12 17:06:34 - [MESSAGE][INFO] - Finding web element from Test Object's properties

2021-11-12 17:06:34 - [MESSAGE][INFO] - Checking timeout

2021-11-12 17:06:34 - [MESSAGE][INFO] - Finding web element with id: 'Object Repository/Olusturma/Genel/AliciBilgisi/Tamam_Bosluk' located by 'By.xpath: (.//*[normalize-space(text()) and normalize-space(.)='Sayfa Boyutu:'])[1]/following::div[7]' in '30' second(s)

2021-11-12 17:06:34 - [MESSAGE][INFO] - Smart Wait Function is triggered

2021-11-12 17:06:34 - [MESSAGE][INFO] - Found 1 web elements with id: 'Object Repository/Olusturma/Genel/AliciBilgisi/Tamam_Bosluk' located by 'By.xpath: (.//*[normalize-space(text()) and normalize-space(.)='Sayfa Boyutu:'])[1]/following::div[7]' in '30' second(s)

2021-11-12 17:06:34 - [MESSAGE][INFO] - Clicking on object: 'Object Repository/Olusturma/Genel/AliciBilgisi/Tamam_Bosluk'

2021-11-12 17:06:34 - [MESSAGE][PASSED] - Object: 'Object Repository/Olusturma/Genel/AliciBilgisi/Tamam_Bosluk' is clicked on

2021-11-12 17:06:34 - [MESSAGE][INFO] - Switching to default content

2021-11-12 17:06:34 - [TEST_STEP][PASSED] - waitForElementClickable(findTestObject("Olusturma/Genel/AliciBilgisi/Tamam_Butonu"), 10): Switching to default content

2021-11-12 17:06:34 - [MESSAGE][INFO] - Finding Test Object 'Object Repository/Olusturma/Genel/AliciBilgisi/Tamam_Butonu'

2021-11-12 17:06:34 - [MESSAGE][INFO] - Finding Test Object 'Object Repository/Olusturma/Genel/AliciBilgisi/Alici_Bilgisi'

2021-11-12 17:06:34 - [MESSAGE][INFO] - Checking object

2021-11-12 17:06:34 - [MESSAGE][INFO] - Checking timeout

2021-11-12 17:06:34 - [MESSAGE][INFO] - Object: 'Object Repository/Olusturma/Genel/AliciBilgisi/Tamam_Butonu' has parent object(s)

2021-11-12 17:06:34 - [MESSAGE][INFO] - Switching to iframe: 'Object Repository/Olusturma/Genel/AliciBilgisi/Alici_Bilgisi'

2021-11-12 17:06:34 - [MESSAGE][INFO] - Finding web element from Test Object's properties

2021-11-12 17:06:34 - [MESSAGE][INFO] - Checking timeout

2021-11-12 17:06:34 - [MESSAGE][INFO] - Finding web element with id: 'Object Repository/Olusturma/Genel/AliciBilgisi/Alici_Bilgisi' located by 'By.xpath: //iframe[@id='customerselectiframe']' in '10' second(s)

2021-11-12 17:06:34 - [MESSAGE][INFO] - Smart Wait Function is triggered

2021-11-12 17:06:35 - [MESSAGE][INFO] - Found 1 web elements with id: 'Object Repository/Olusturma/Genel/AliciBilgisi/Alici_Bilgisi' located by 'By.xpath: //iframe[@id='customerselectiframe']' in '10' second(s)

2021-11-12 17:06:35 - [MESSAGE][INFO] - Switched to iframe: 'Object Repository/Olusturma/Genel/AliciBilgisi/Alici_Bilgisi'

2021-11-12 17:06:35 - [MESSAGE][INFO] - Finding web element from Test Object's properties

2021-11-12 17:06:35 - [MESSAGE][INFO] - Checking timeout

2021-11-12 17:06:35 - [MESSAGE][INFO] - Finding web element with id: 'Object Repository/Olusturma/Genel/AliciBilgisi/Tamam_Butonu' located by 'By.xpath: //div[@id='btnSelectCustomer_CD']/span' in '10' second(s)

2021-11-12 17:06:35 - [MESSAGE][INFO] - Smart Wait Function is triggered

2021-11-12 17:06:35 - [MESSAGE][INFO] - Found 1 web elements with id: 'Object Repository/Olusturma/Genel/AliciBilgisi/Tamam_Butonu' located by 'By.xpath: //div[@id='btnSelectCustomer_CD']/span' in '10' second(s)

2021-11-12 17:06:35 - [MESSAGE][PASSED] - Object 'Object Repository/Olusturma/Genel/AliciBilgisi/Tamam_Butonu' is clickable

2021-11-12 17:06:35 - [MESSAGE][INFO] - Switching to default content

2021-11-12 17:06:35 - [TEST_STEP][PASSED] - click(findTestObject("Olusturma/Genel/AliciBilgisi/Tamam_Butonu")): Switching to default content

2021-11-12 17:06:35 - [MESSAGE][INFO] - Finding Test Object 'Object Repository/Olusturma/Genel/AliciBilgisi/Tamam_Butonu'

2021-11-12 17:06:35 - [MESSAGE][INFO] - Finding Test Object 'Object Repository/Olusturma/Genel/AliciBilgisi/Alici_Bilgisi'

2021-11-12 17:06:35 - [MESSAGE][INFO] - Checking object

2021-11-12 17:06:35 - [MESSAGE][INFO] - Object: 'Object Repository/Olusturma/Genel/AliciBilgisi/Tamam_Butonu' has parent object(s)

2021-11-12 17:06:35 - [MESSAGE][INFO] - Switching to iframe: 'Object Repository/Olusturma/Genel/AliciBilgisi/Alici_Bilgisi'

2021-11-12 17:06:35 - [MESSAGE][INFO] - Finding web element from Test Object's properties

2021-11-12 17:06:35 - [MESSAGE][INFO] - Checking timeout

2021-11-12 17:06:35 - [MESSAGE][INFO] - Finding web element with id: 'Object Repository/Olusturma/Genel/AliciBilgisi/Alici_Bilgisi' located by 'By.xpath: //iframe[@id='customerselectiframe']' in '30' second(s)

2021-11-12 17:06:35 - [MESSAGE][INFO] - Smart Wait Function is triggered

2021-11-12 17:06:35 - [MESSAGE][INFO] - Found 1 web elements with id: 'Object Repository/Olusturma/Genel/AliciBilgisi/Alici_Bilgisi' located by 'By.xpath: //iframe[@id='customerselectiframe']' in '30' second(s)

2021-11-12 17:06:35 - [MESSAGE][INFO] - Switched to iframe: 'Object Repository/Olusturma/Genel/AliciBilgisi/Alici_Bilgisi'

2021-11-12 17:06:35 - [MESSAGE][INFO] - Finding web element from Test Object's properties

2021-11-12 17:06:35 - [MESSAGE][INFO] - Checking timeout

2021-11-12 17:06:35 - [MESSAGE][INFO] - Finding web element with id: 'Object Repository/Olusturma/Genel/AliciBilgisi/Tamam_Butonu' located by 'By.xpath: //div[@id='btnSelectCustomer_CD']/span' in '30' second(s)

2021-11-12 17:06:35 - [MESSAGE][INFO] - Smart Wait Function is triggered

2021-11-12 17:06:35 - [MESSAGE][INFO] - Found 1 web elements with id: 'Object Repository/Olusturma/Genel/AliciBilgisi/Tamam_Butonu' located by 'By.xpath: //div[@id='btnSelectCustomer_CD']/span' in '30' second(s)

2021-11-12 17:06:35 - [MESSAGE][INFO] - Clicking on object: 'Object Repository/Olusturma/Genel/AliciBilgisi/Tamam_Butonu'

2021-11-12 17:06:35 - [MESSAGE][PASSED] - Object: 'Object Repository/Olusturma/Genel/AliciBilgisi/Tamam_Butonu' is clicked on

2021-11-12 17:06:35 - [MESSAGE][INFO] - Switching to default content

2021-11-12 17:06:35 - [TEST_STEP][PASSED] - waitForElementPresent(findTestObject("Olusturma/Genel/AliciBilgisi/VKN-TCKN"), 10): Object 'Object Repository/Olusturma/Genel/AliciBilgisi/VKN-TCKN' is present

2021-11-12 17:06:35 - [MESSAGE][INFO] - Finding Test Object 'Object Repository/Olusturma/Genel/AliciBilgisi/VKN-TCKN'

2021-11-12 17:06:35 - [MESSAGE][INFO] - Checking object

2021-11-12 17:06:35 - [MESSAGE][INFO] - Finding web element from Test Object's properties

2021-11-12 17:06:35 - [MESSAGE][INFO] - Checking timeout

2021-11-12 17:06:35 - [MESSAGE][INFO] - Finding web element with id: 'Object Repository/Olusturma/Genel/AliciBilgisi/VKN-TCKN' located by 'By.xpath: //*[@id = 'txtVknTckn_I']' in '10' second(s)

2021-11-12 17:06:35 - [MESSAGE][INFO] - Smart Wait Function is triggered

2021-11-12 17:06:36 - [MESSAGE][INFO] - Found 1 web elements with id: 'Object Repository/Olusturma/Genel/AliciBilgisi/VKN-TCKN' located by 'By.xpath: //*[@id = 'txtVknTckn_I']' in '10' second(s)

2021-11-12 17:06:36 - [MESSAGE][PASSED] - Object 'Object Repository/Olusturma/Genel/AliciBilgisi/VKN-TCKN' is present

2021-11-12 17:06:36 - [TEST_STEP][PASSED] - text = getAttribute(findTestObject("Olusturma/Genel/AliciBilgisi/VKN-TCKN"), "value"): Attribute 'value' of object 'Object Repository/Olusturma/Genel/AliciBilgisi/VKN-TCKN' is: '0748742193'

2021-11-12 17:06:36 - [MESSAGE][INFO] - Finding Test Object 'Object Repository/Olusturma/Genel/AliciBilgisi/VKN-TCKN'

2021-11-12 17:06:36 - [MESSAGE][INFO] - Checking object

2021-11-12 17:06:36 - [MESSAGE][INFO] - Checking attribute

2021-11-12 17:06:36 - [MESSAGE][INFO] - Finding web element from Test Object's properties

2021-11-12 17:06:36 - [MESSAGE][INFO] - Checking timeout

2021-11-12 17:06:36 - [MESSAGE][INFO] - Finding web element with id: 'Object Repository/Olusturma/Genel/AliciBilgisi/VKN-TCKN' located by 'By.xpath: //*[@id = 'txtVknTckn_I']' in '30' second(s)

2021-11-12 17:06:36 - [MESSAGE][INFO] - Smart Wait Function is triggered

2021-11-12 17:06:36 - [MESSAGE][INFO] - Found 1 web elements with id: 'Object Repository/Olusturma/Genel/AliciBilgisi/VKN-TCKN' located by 'By.xpath: //*[@id = 'txtVknTckn_I']' in '30' second(s)

2021-11-12 17:06:36 - [MESSAGE][INFO] - Getting attribute 'value' of object 'Object Repository/Olusturma/Genel/AliciBilgisi/VKN-TCKN'

2021-11-12 17:06:36 - [MESSAGE][PASSED] - Attribute 'value' of object 'Object Repository/Olusturma/Genel/AliciBilgisi/VKN-TCKN' is: '0748742193'

2021-11-12 17:06:36 - [TEST_STEP][PASSED] - if (text.equals("")): null

2021-11-12 17:06:36 - [MESSAGE][PASSED] - Call Test Case 'Test Cases/Olusturma/Genel/AliciSecilir' successfully

2021-11-12 17:06:36 - [MESSAGE][INFO] - Checking called Test Case

2021-11-12 17:06:36 - [MESSAGE][INFO] - Starting to call Test Case 'Test Cases/Olusturma/Genel/GonderimSekliSecilir'

2021-11-12 17:06:36 - [TEST_CASE][PASSED] - Test Cases/Olusturma/Genel/GonderimSekliSecilir: Test Cases/Olusturma/Genel/GonderimSekliSecilir

2021-11-12 17:06:37 - [TEST_STEP][PASSED] - waitForElementClickable(findTestObject("Object Repository/Olusturma/Genel/GonderimSekli/GonderimSekli"), 10): Object 'Object Repository/Olusturma/Genel/GonderimSekli/GonderimSekli' is clickable

2021-11-12 17:06:37 - [MESSAGE][INFO] - Finding Test Object 'Object Repository/Olusturma/Genel/GonderimSekli/GonderimSekli'

2021-11-12 17:06:37 - [MESSAGE][INFO] - Checking object

2021-11-12 17:06:37 - [MESSAGE][INFO] - Checking timeout

2021-11-12 17:06:37 - [MESSAGE][INFO] - Finding web element from Test Object's properties

2021-11-12 17:06:37 - [MESSAGE][INFO] - Checking timeout

2021-11-12 17:06:37 - [MESSAGE][INFO] - Finding web element with id: 'Object Repository/Olusturma/Genel/GonderimSekli/GonderimSekli' located by 'By.xpath: //*[@id = 'txtGonderimSekil_I']' in '10' second(s)

2021-11-12 17:06:37 - [MESSAGE][INFO] - Smart Wait Function is triggered

2021-11-12 17:06:37 - [MESSAGE][INFO] - Found 1 web elements with id: 'Object Repository/Olusturma/Genel/GonderimSekli/GonderimSekli' located by 'By.xpath: //*[@id = 'txtGonderimSekil_I']' in '10' second(s)

2021-11-12 17:06:37 - [MESSAGE][PASSED] - Object 'Object Repository/Olusturma/Genel/GonderimSekli/GonderimSekli' is clickable

2021-11-12 17:06:37 - [TEST_STEP][PASSED] - click(findTestObject("Object Repository/Olusturma/Genel/GonderimSekli/GonderimSekli")): Object: 'Object Repository/Olusturma/Genel/GonderimSekli/GonderimSekli' is clicked on

2021-11-12 17:06:37 - [MESSAGE][INFO] - Finding Test Object 'Object Repository/Olusturma/Genel/GonderimSekli/GonderimSekli'

2021-11-12 17:06:37 - [MESSAGE][INFO] - Checking object

2021-11-12 17:06:37 - [MESSAGE][INFO] - Finding web element from Test Object's properties

2021-11-12 17:06:37 - [MESSAGE][INFO] - Checking timeout

2021-11-12 17:06:37 - [MESSAGE][INFO] - Finding web element with id: 'Object Repository/Olusturma/Genel/GonderimSekli/GonderimSekli' located by 'By.xpath: //*[@id = 'txtGonderimSekil_I']' in '30' second(s)

2021-11-12 17:06:37 - [MESSAGE][INFO] - Smart Wait Function is triggered

2021-11-12 17:06:37 - [MESSAGE][INFO] - Found 1 web elements with id: 'Object Repository/Olusturma/Genel/GonderimSekli/GonderimSekli' located by 'By.xpath: //*[@id = 'txtGonderimSekil_I']' in '30' second(s)

2021-11-12 17:06:37 - [MESSAGE][INFO] - Clicking on object: 'Object Repository/Olusturma/Genel/GonderimSekli/GonderimSekli'

2021-11-12 17:06:38 - [MESSAGE][PASSED] - Object: 'Object Repository/Olusturma/Genel/GonderimSekli/GonderimSekli' is clicked on

2021-11-12 17:06:38 - [TEST_STEP][PASSED] - Method.TextDegerineEsitElementeTikla(findTestObject("Object Repository/Olusturma/Genel/GonderimSekli/GonderimSekliAdi"), GonderimSekli): Method.TextDegerineEsitElementeTikla is PASSED

2021-11-12 17:06:38 - [MESSAGE][INFO] - Finding Test Object 'Object Repository/Olusturma/Genel/GonderimSekli/GonderimSekliAdi'

2021-11-12 17:06:38 - [MESSAGE][INFO] - Checking timeout

2021-11-12 17:06:38 - [MESSAGE][INFO] - Finding web element with id: 'Object Repository/Olusturma/Genel/GonderimSekli/GonderimSekliAdi' located by 'By.cssSelector: #txtGonderimSekil_DDD_L_LBT td' in '10' second(s)

2021-11-12 17:06:38 - [MESSAGE][INFO] - Smart Wait Function is triggered

2021-11-12 17:06:38 - [MESSAGE][INFO] - Found 2 web elements with id: 'Object Repository/Olusturma/Genel/GonderimSekli/GonderimSekliAdi' located by 'By.cssSelector: #txtGonderimSekil_DDD_L_LBT td' in '10' second(s)

2021-11-12 17:06:38 - [MESSAGE][PASSED] - Method.TextDegerineEsitElementeTikla is PASSED

2021-11-12 17:06:38 - [MESSAGE][PASSED] - Call Test Case 'Test Cases/Olusturma/Genel/GonderimSekliSecilir' successfully

2021-11-12 17:06:38 - [MESSAGE][INFO] - Checking called Test Case

2021-11-12 17:06:38 - [MESSAGE][INFO] - Starting to call Test Case 'Test Cases/Olusturma/Genel/TipSecilir'

2021-11-12 17:06:38 - [TEST_CASE][PASSED] - Test Cases/Olusturma/Genel/TipSecilir: Test Cases/Olusturma/Genel/TipSecilir

2021-11-12 17:06:39 - [TEST_STEP][PASSED] - waitForElementClickable(findTestObject("Olusturma/Genel/TipSecilir/Tip"), 10): Object 'Object Repository/Olusturma/Genel/TipSecilir/Tip' is clickable

2021-11-12 17:06:39 - [MESSAGE][INFO] - Finding Test Object 'Object Repository/Olusturma/Genel/TipSecilir/Tip'

2021-11-12 17:06:39 - [MESSAGE][INFO] - Checking object

2021-11-12 17:06:39 - [MESSAGE][INFO] - Checking timeout

2021-11-12 17:06:39 - [MESSAGE][INFO] - Finding web element from Test Object's properties

2021-11-12 17:06:39 - [MESSAGE][INFO] - Checking timeout

2021-11-12 17:06:39 - [MESSAGE][INFO] - Finding web element with id: 'Object Repository/Olusturma/Genel/TipSecilir/Tip' located by 'By.xpath: //*[@id = 'DocumentTypeCode_I']' in '10' second(s)

2021-11-12 17:06:39 - [MESSAGE][INFO] - Smart Wait Function is triggered

2021-11-12 17:06:39 - [MESSAGE][INFO] - Found 1 web elements with id: 'Object Repository/Olusturma/Genel/TipSecilir/Tip' located by 'By.xpath: //*[@id = 'DocumentTypeCode_I']' in '10' second(s)

2021-11-12 17:06:39 - [MESSAGE][PASSED] - Object 'Object Repository/Olusturma/Genel/TipSecilir/Tip' is clickable

2021-11-12 17:06:39 - [TEST_STEP][PASSED] - click(findTestObject("Olusturma/Genel/TipSecilir/Tip")): Object: 'Object Repository/Olusturma/Genel/TipSecilir/Tip' is clicked on

2021-11-12 17:06:39 - [MESSAGE][INFO] - Finding Test Object 'Object Repository/Olusturma/Genel/TipSecilir/Tip'

2021-11-12 17:06:39 - [MESSAGE][INFO] - Checking object

2021-11-12 17:06:39 - [MESSAGE][INFO] - Finding web element from Test Object's properties

2021-11-12 17:06:39 - [MESSAGE][INFO] - Checking timeout

2021-11-12 17:06:39 - [MESSAGE][INFO] - Finding web element with id: 'Object Repository/Olusturma/Genel/TipSecilir/Tip' located by 'By.xpath: //*[@id = 'DocumentTypeCode_I']' in '30' second(s)

2021-11-12 17:06:39 - [MESSAGE][INFO] - Smart Wait Function is triggered

2021-11-12 17:06:40 - [MESSAGE][INFO] - Found 1 web elements with id: 'Object Repository/Olusturma/Genel/TipSecilir/Tip' located by 'By.xpath: //*[@id = 'DocumentTypeCode_I']' in '30' second(s)

2021-11-12 17:06:40 - [MESSAGE][INFO] - Clicking on object: 'Object Repository/Olusturma/Genel/TipSecilir/Tip'

2021-11-12 17:06:40 - [MESSAGE][PASSED] - Object: 'Object Repository/Olusturma/Genel/TipSecilir/Tip' is clicked on

2021-11-12 17:06:40 - [TEST_STEP][PASSED] - Method.TextDegerineEsitElementeTikla(findTestObject("Object Repository/Olusturma/Genel/TipSecilir/Tip_Adi"), Tip): Method.TextDegerineEsitElementeTikla is PASSED

2021-11-12 17:06:40 - [MESSAGE][INFO] - Finding Test Object 'Object Repository/Olusturma/Genel/TipSecilir/Tip_Adi'

2021-11-12 17:06:40 - [MESSAGE][INFO] - Checking timeout

2021-11-12 17:06:40 - [MESSAGE][INFO] - Finding web element with id: 'Object Repository/Olusturma/Genel/TipSecilir/Tip_Adi' located by 'By.cssSelector: #DocumentTypeCode_DDD_L_LBT td' in '10' second(s)

2021-11-12 17:06:40 - [MESSAGE][INFO] - Smart Wait Function is triggered

2021-11-12 17:06:40 - [MESSAGE][INFO] - Found 9 web elements with id: 'Object Repository/Olusturma/Genel/TipSecilir/Tip_Adi' located by 'By.cssSelector: #DocumentTypeCode_DDD_L_LBT td' in '10' second(s)

2021-11-12 17:06:40 - [MESSAGE][PASSED] - Method.TextDegerineEsitElementeTikla is PASSED

2021-11-12 17:06:40 - [MESSAGE][PASSED] - Call Test Case 'Test Cases/Olusturma/Genel/TipSecilir' successfully

2021-11-12 17:06:40 - [MESSAGE][INFO] - Checking called Test Case

2021-11-12 17:06:40 - [MESSAGE][INFO] - Starting to call Test Case 'Test Cases/Olusturma/Genel/EkleButonunaBasilir'

2021-11-12 17:06:40 - [TEST_CASE][PASSED] - Test Cases/Olusturma/Genel/EkleButonunaBasilir: Test Cases/Olusturma/Genel/EkleButonunaBasilir

2021-11-12 17:06:41 - [TEST_STEP][PASSED] - waitForElementClickable(findTestObject("Object Repository/Olusturma/Genel/Olusturma/Ekle"), 10): Object 'Object Repository/Olusturma/Genel/Olusturma/Ekle' is clickable

2021-11-12 17:06:41 - [MESSAGE][INFO] - Finding Test Object 'Object Repository/Olusturma/Genel/Olusturma/Ekle'

2021-11-12 17:06:41 - [MESSAGE][INFO] - Checking object

2021-11-12 17:06:41 - [MESSAGE][INFO] - Checking timeout

2021-11-12 17:06:41 - [MESSAGE][INFO] - Finding web element from Test Object's properties

2021-11-12 17:06:41 - [MESSAGE][INFO] - Checking timeout

2021-11-12 17:06:41 - [MESSAGE][INFO] - Finding web element with id: 'Object Repository/Olusturma/Genel/Olusturma/Ekle' located by 'By.cssSelector: #divmalhizmet i.fa.fa-plus.fa-lg.text-muted' in '10' second(s)

2021-11-12 17:06:41 - [MESSAGE][INFO] - Smart Wait Function is triggered

2021-11-12 17:06:41 - [MESSAGE][INFO] - Found 1 web elements with id: 'Object Repository/Olusturma/Genel/Olusturma/Ekle' located by 'By.cssSelector: #divmalhizmet i.fa.fa-plus.fa-lg.text-muted' in '10' second(s)

2021-11-12 17:06:41 - [MESSAGE][PASSED] - Object 'Object Repository/Olusturma/Genel/Olusturma/Ekle' is clickable

2021-11-12 17:06:41 - [TEST_STEP][PASSED] - click(findTestObject("Object Repository/Olusturma/Genel/Olusturma/Ekle")): Object: 'Object Repository/Olusturma/Genel/Olusturma/Ekle' is clicked on

2021-11-12 17:06:41 - [MESSAGE][INFO] - Finding Test Object 'Object Repository/Olusturma/Genel/Olusturma/Ekle'

2021-11-12 17:06:41 - [MESSAGE][INFO] - Checking object

2021-11-12 17:06:41 - [MESSAGE][INFO] - Finding web element from Test Object's properties

2021-11-12 17:06:41 - [MESSAGE][INFO] - Checking timeout

2021-11-12 17:06:41 - [MESSAGE][INFO] - Finding web element with id: 'Object Repository/Olusturma/Genel/Olusturma/Ekle' located by 'By.cssSelector: #divmalhizmet i.fa.fa-plus.fa-lg.text-muted' in '30' second(s)

2021-11-12 17:06:41 - [MESSAGE][INFO] - Smart Wait Function is triggered

2021-11-12 17:06:42 - [MESSAGE][INFO] - Found 1 web elements with id: 'Object Repository/Olusturma/Genel/Olusturma/Ekle' located by 'By.cssSelector: #divmalhizmet i.fa.fa-plus.fa-lg.text-muted' in '30' second(s)

2021-11-12 17:06:42 - [MESSAGE][INFO] - Clicking on object: 'Object Repository/Olusturma/Genel/Olusturma/Ekle'

2021-11-12 17:06:42 - [MESSAGE][PASSED] - Object: 'Object Repository/Olusturma/Genel/Olusturma/Ekle' is clicked on

2021-11-12 17:06:42 - [TEST_STEP][PASSED] - waitForElementClickable(findTestObject("Olusturma/Genel/Olusturma/EklenenSatirCarpiImage"), 10): Object 'Object Repository/Olusturma/Genel/Olusturma/EklenenSatirCarpiImage' is clickable

2021-11-12 17:06:42 - [MESSAGE][INFO] - Finding Test Object 'Object Repository/Olusturma/Genel/Olusturma/EklenenSatirCarpiImage'

2021-11-12 17:06:42 - [MESSAGE][INFO] - Checking object

2021-11-12 17:06:42 - [MESSAGE][INFO] - Checking timeout

2021-11-12 17:06:42 - [MESSAGE][INFO] - Finding web element from Test Object's properties

2021-11-12 17:06:42 - [MESSAGE][INFO] - Checking timeout

2021-11-12 17:06:42 - [MESSAGE][INFO] - Finding web element with id: 'Object Repository/Olusturma/Genel/Olusturma/EklenenSatirCarpiImage' located by 'By.cssSelector: .fa.fa-times.fa-lg.text-primary' in '10' second(s)

2021-11-12 17:06:42 - [MESSAGE][INFO] - Smart Wait Function is triggered

2021-11-12 17:06:42 - [MESSAGE][INFO] - Smart Wait Function is triggered

2021-11-12 17:06:43 - [MESSAGE][INFO] - Found 1 web elements with id: 'Object Repository/Olusturma/Genel/Olusturma/EklenenSatirCarpiImage' located by 'By.cssSelector: .fa.fa-times.fa-lg.text-primary' in '10' second(s)

2021-11-12 17:06:43 - [MESSAGE][PASSED] - Object 'Object Repository/Olusturma/Genel/Olusturma/EklenenSatirCarpiImage' is clickable

2021-11-12 17:06:43 - [MESSAGE][PASSED] - Call Test Case 'Test Cases/Olusturma/Genel/EkleButonunaBasilir' successfully

2021-11-12 17:06:43 - [MESSAGE][INFO] - Checking called Test Case

2021-11-12 17:06:43 - [MESSAGE][INFO] - Starting to call Test Case 'Test Cases/Olusturma/Genel/Olusturma'

2021-11-12 17:06:43 - [TEST_CASE][PASSED] - Test Cases/Olusturma/Genel/Olusturma: Test Cases/Olusturma/Genel/Olusturma

2021-11-12 17:06:44 - [TEST_STEP][PASSED] - driver = getWebDriver(): null

2021-11-12 17:06:44 - [TEST_STEP][PASSED] - action = new org.openqa.selenium.interactions.Actions(driver): null

2021-11-12 17:06:44 - [TEST_STEP][PASSED] - baslikElement = <not implemented yet for class: org.codehaus.groovy.ast.expr.EmptyExpression>: null

2021-11-12 17:06:44 - [TEST_STEP][PASSED] - sonElement = <not implemented yet for class: org.codehaus.groovy.ast.expr.EmptyExpression>: null

2021-11-12 17:06:44 - [TEST_STEP][PASSED] - attr = <not implemented yet for class: org.codehaus.groovy.ast.expr.EmptyExpression>: null

2021-11-12 17:06:44 - [TEST_STEP][PASSED] - a = 0: null

2021-11-12 17:06:44 - [TEST_STEP][PASSED] - elements = findWebElements(findTestObject("Object Repository/Olusturma/Genel/Olusturma/TabloBasliklari"), 10): Found 13 web elements with id: 'Object Repository/Olusturma/Genel/Olusturma/TabloBasliklari' located by 'By.cssSelector: div#divmalhizmet .dxgvTable_LECustomTheme td.dxgvHeader_LECustomTheme tr>td:nth-child(1)' in '10' second(s)

2021-11-12 17:06:44 - [MESSAGE][INFO] - Finding Test Object 'Object Repository/Olusturma/Genel/Olusturma/TabloBasliklari'

2021-11-12 17:06:44 - [MESSAGE][INFO] - Checking timeout

2021-11-12 17:06:44 - [MESSAGE][INFO] - Finding web element with id: 'Object Repository/Olusturma/Genel/Olusturma/TabloBasliklari' located by 'By.cssSelector: div#divmalhizmet .dxgvTable_LECustomTheme td.dxgvHeader_LECustomTheme tr>td:nth-child(1)' in '10' second(s)

2021-11-12 17:06:44 - [MESSAGE][INFO] - Smart Wait Function is triggered

2021-11-12 17:06:45 - [MESSAGE][INFO] - Found 13 web elements with id: 'Object Repository/Olusturma/Genel/Olusturma/TabloBasliklari' located by 'By.cssSelector: div#divmalhizmet .dxgvTable_LECustomTheme td.dxgvHeader_LECustomTheme tr>td:nth-child(1)' in '10' second(s)

2021-11-12 17:06:45 - [TEST_STEP][PASSED] - for (def element : elements): null

2021-11-12 17:06:45 - [TEST_STEP][PASSED] - build().perform(): null

2021-11-12 17:06:45 - [TEST_STEP][PASSED] - if (getText().equals(Baslik)): null

2021-11-12 17:06:45 - [TEST_STEP][PASSED] - baslikElement = element.findElement(By.xpath("../../../..")): Smart Wait Function is triggered

2021-11-12 17:06:45 - [MESSAGE][INFO] - Smart Wait Function is triggered

2021-11-12 17:06:45 - [TEST_STEP][PASSED] - attr = baslikElement.getAttribute("id"): null

2021-11-12 17:06:45 - [TEST_STEP][PASSED] - println("girdi ve idsini aldı = " + attr): null

2021-11-12 17:06:45 - [TEST_STEP][PASSED] - break: null

2021-11-12 17:06:45 - [TEST_STEP][PASSED] - countElement = baslikElement.findElements(By.xpath("../td")): Smart Wait Function is triggered

2021-11-12 17:06:45 - [MESSAGE][INFO] - Smart Wait Function is triggered

2021-11-12 17:06:45 - [TEST_STEP][PASSED] - for (def element : countElement): null

2021-11-12 17:06:45 - [TEST_STEP][PASSED] - if (toString().equals(attr.toString())): null

2021-11-12 17:06:45 - [TEST_STEP][PASSED] - (a++): null

2021-11-12 17:06:45 - [TEST_STEP][PASSED] - if (toString().equals(attr.toString())): null

2021-11-12 17:06:45 - [TEST_STEP][PASSED] - break: null

2021-11-12 17:06:45 - [TEST_STEP][PASSED] - son = findWebElement(findTestObject("Object Repository/Olusturma/Genel/Olusturma/EklenenSatir")).findElement(By.xpath("td[@class='dxgvInlineEditCell_LECustomTheme dxgv'][" + a + "]//td[@class='dxic']/input")): Smart Wait Function is triggered

2021-11-12 17:06:45 - [MESSAGE][INFO] - Finding Test Object 'Object Repository/Olusturma/Genel/Olusturma/EklenenSatir'

2021-11-12 17:06:45 - [MESSAGE][INFO] - Finding web element from Test Object's properties

2021-11-12 17:06:45 - [MESSAGE][INFO] - Checking timeout

2021-11-12 17:06:45 - [MESSAGE][INFO] - Finding web element with id: 'Object Repository/Olusturma/Genel/Olusturma/EklenenSatir' located by 'By.cssSelector: #divmalhizmet .dxgvInlineEditRow_LECustomTheme' in '30' second(s)

2021-11-12 17:06:45 - [MESSAGE][INFO] - Smart Wait Function is triggered

2021-11-12 17:06:46 - [MESSAGE][INFO] - Found 1 web elements with id: 'Object Repository/Olusturma/Genel/Olusturma/EklenenSatir' located by 'By.cssSelector: #divmalhizmet .dxgvInlineEditRow_LECustomTheme' in '30' second(s)

2021-11-12 17:06:46 - [MESSAGE][INFO] - Smart Wait Function is triggered

2021-11-12 17:06:46 - [TEST_STEP][PASSED] - if (!(getAttribute("value").contains("Vkn"))): null

2021-11-12 17:06:46 - [TEST_STEP][PASSED] - son.clear(): null

2021-11-12 17:06:46 - [TEST_STEP][PASSED] - son.sendKeys(Deger): null

2021-11-12 17:06:46 - [MESSAGE][PASSED] - Call Test Case 'Test Cases/Olusturma/Genel/Olusturma' successfully

2021-11-12 17:06:46 - [MESSAGE][INFO] - Checking called Test Case

2021-11-12 17:06:46 - [MESSAGE][INFO] - Starting to call Test Case 'Test Cases/Olusturma/Genel/Olusturma'

2021-11-12 17:06:46 - [TEST_CASE][PASSED] - Test Cases/Olusturma/Genel/Olusturma: Test Cases/Olusturma/Genel/Olusturma

2021-11-12 17:06:46 - [TEST_STEP][PASSED] - driver = getWebDriver(): null

2021-11-12 17:06:46 - [TEST_STEP][PASSED] - action = new org.openqa.selenium.interactions.Actions(driver): null

2021-11-12 17:06:46 - [TEST_STEP][PASSED] - baslikElement = <not implemented yet for class: org.codehaus.groovy.ast.expr.EmptyExpression>: null

2021-11-12 17:06:46 - [TEST_STEP][PASSED] - sonElement = <not implemented yet for class: org.codehaus.groovy.ast.expr.EmptyExpression>: null

2021-11-12 17:06:46 - [TEST_STEP][PASSED] - attr = <not implemented yet for class: org.codehaus.groovy.ast.expr.EmptyExpression>: null

2021-11-12 17:06:46 - [TEST_STEP][PASSED] - a = 0: null

2021-11-12 17:06:46 - [TEST_STEP][PASSED] - elements = findWebElements(findTestObject("Object Repository/Olusturma/Genel/Olusturma/TabloBasliklari"), 10): Found 13 web elements with id: 'Object Repository/Olusturma/Genel/Olusturma/TabloBasliklari' located by 'By.cssSelector: div#divmalhizmet .dxgvTable_LECustomTheme td.dxgvHeader_LECustomTheme tr>td:nth-child(1)' in '10' second(s)

2021-11-12 17:06:46 - [MESSAGE][INFO] - Finding Test Object 'Object Repository/Olusturma/Genel/Olusturma/TabloBasliklari'

2021-11-12 17:06:46 - [MESSAGE][INFO] - Checking timeout

2021-11-12 17:06:46 - [MESSAGE][INFO] - Finding web element with id: 'Object Repository/Olusturma/Genel/Olusturma/TabloBasliklari' located by 'By.cssSelector: div#divmalhizmet .dxgvTable_LECustomTheme td.dxgvHeader_LECustomTheme tr>td:nth-child(1)' in '10' second(s)

2021-11-12 17:06:46 - [MESSAGE][INFO] - Smart Wait Function is triggered

2021-11-12 17:06:47 - [MESSAGE][INFO] - Found 13 web elements with id: 'Object Repository/Olusturma/Genel/Olusturma/TabloBasliklari' located by 'By.cssSelector: div#divmalhizmet .dxgvTable_LECustomTheme td.dxgvHeader_LECustomTheme tr>td:nth-child(1)' in '10' second(s)

2021-11-12 17:06:47 - [TEST_STEP][PASSED] - for (def element : elements): null

2021-11-12 17:06:47 - [TEST_STEP][PASSED] - build().perform(): null

2021-11-12 17:06:47 - [TEST_STEP][PASSED] - if (getText().equals(Baslik)): null

2021-11-12 17:06:47 - [TEST_STEP][PASSED] - build().perform(): null

2021-11-12 17:06:47 - [TEST_STEP][PASSED] - if (getText().equals(Baslik)): null

2021-11-12 17:06:47 - [TEST_STEP][PASSED] - baslikElement = element.findElement(By.xpath("../../../..")): Smart Wait Function is triggered

2021-11-12 17:06:47 - [MESSAGE][INFO] - Smart Wait Function is triggered

2021-11-12 17:06:47 - [TEST_STEP][PASSED] - attr = baslikElement.getAttribute("id"): null

2021-11-12 17:06:47 - [TEST_STEP][PASSED] - println("girdi ve idsini aldı = " + attr): null

2021-11-12 17:06:47 - [TEST_STEP][PASSED] - break: null

2021-11-12 17:06:47 - [TEST_STEP][PASSED] - countElement = baslikElement.findElements(By.xpath("../td")): Smart Wait Function is triggered

2021-11-12 17:06:47 - [MESSAGE][INFO] - Smart Wait Function is triggered

2021-11-12 17:06:48 - [TEST_STEP][PASSED] - for (def element : countElement): null

2021-11-12 17:06:48 - [TEST_STEP][PASSED] - if (toString().equals(attr.toString())): null

2021-11-12 17:06:48 - [TEST_STEP][PASSED] - (a++): null

2021-11-12 17:06:48 - [TEST_STEP][PASSED] - if (toString().equals(attr.toString())): null

2021-11-12 17:06:48 - [TEST_STEP][PASSED] - (a++): null

2021-11-12 17:06:48 - [TEST_STEP][PASSED] - if (toString().equals(attr.toString())): null

2021-11-12 17:06:48 - [TEST_STEP][PASSED] - break: null

2021-11-12 17:06:48 - [TEST_STEP][PASSED] - son = findWebElement(findTestObject("Object Repository/Olusturma/Genel/Olusturma/EklenenSatir")).findElement(By.xpath("td[@class='dxgvInlineEditCell_LECustomTheme dxgv'][" + a + "]//td[@class='dxic']/input")): Smart Wait Function is triggered

2021-11-12 17:06:48 - [MESSAGE][INFO] - Finding Test Object 'Object Repository/Olusturma/Genel/Olusturma/EklenenSatir'

2021-11-12 17:06:48 - [MESSAGE][INFO] - Finding web element from Test Object's properties

2021-11-12 17:06:48 - [MESSAGE][INFO] - Checking timeout

2021-11-12 17:06:48 - [MESSAGE][INFO] - Finding web element with id: 'Object Repository/Olusturma/Genel/Olusturma/EklenenSatir' located by 'By.cssSelector: #divmalhizmet .dxgvInlineEditRow_LECustomTheme' in '30' second(s)

2021-11-12 17:06:48 - [MESSAGE][INFO] - Smart Wait Function is triggered

2021-11-12 17:06:48 - [MESSAGE][INFO] - Found 1 web elements with id: 'Object Repository/Olusturma/Genel/Olusturma/EklenenSatir' located by 'By.cssSelector: #divmalhizmet .dxgvInlineEditRow_LECustomTheme' in '30' second(s)

2021-11-12 17:06:48 - [MESSAGE][INFO] - Smart Wait Function is triggered

2021-11-12 17:06:48 - [TEST_STEP][PASSED] - if (!(getAttribute("value").contains("Vkn"))): null

2021-11-12 17:06:48 - [TEST_STEP][PASSED] - son.clear(): null

2021-11-12 17:06:48 - [TEST_STEP][PASSED] - son.sendKeys(Deger): null

2021-11-12 17:06:48 - [MESSAGE][PASSED] - Call Test Case 'Test Cases/Olusturma/Genel/Olusturma' successfully

2021-11-12 17:06:48 - [MESSAGE][INFO] - Checking called Test Case

2021-11-12 17:06:48 - [MESSAGE][INFO] - Starting to call Test Case 'Test Cases/Olusturma/Genel/Olusturma'

2021-11-12 17:06:49 - [TEST_CASE][PASSED] - Test Cases/Olusturma/Genel/Olusturma: Test Cases/Olusturma/Genel/Olusturma

2021-11-12 17:06:49 - [TEST_STEP][PASSED] - driver = getWebDriver(): null

2021-11-12 17:06:49 - [TEST_STEP][PASSED] - action = new org.openqa.selenium.interactions.Actions(driver): null

2021-11-12 17:06:49 - [TEST_STEP][PASSED] - baslikElement = <not implemented yet for class: org.codehaus.groovy.ast.expr.EmptyExpression>: null

2021-11-12 17:06:49 - [TEST_STEP][PASSED] - sonElement = <not implemented yet for class: org.codehaus.groovy.ast.expr.EmptyExpression>: null

2021-11-12 17:06:49 - [TEST_STEP][PASSED] - attr = <not implemented yet for class: org.codehaus.groovy.ast.expr.EmptyExpression>: null

2021-11-12 17:06:49 - [TEST_STEP][PASSED] - a = 0: null

2021-11-12 17:06:49 - [TEST_STEP][PASSED] - elements = findWebElements(findTestObject("Object Repository/Olusturma/Genel/Olusturma/TabloBasliklari"), 10): Found 13 web elements with id: 'Object Repository/Olusturma/Genel/Olusturma/TabloBasliklari' located by 'By.cssSelector: div#divmalhizmet .dxgvTable_LECustomTheme td.dxgvHeader_LECustomTheme tr>td:nth-child(1)' in '10' second(s)

2021-11-12 17:06:49 - [MESSAGE][INFO] - Finding Test Object 'Object Repository/Olusturma/Genel/Olusturma/TabloBasliklari'

2021-11-12 17:06:49 - [MESSAGE][INFO] - Checking timeout

2021-11-12 17:06:49 - [MESSAGE][INFO] - Finding web element with id: 'Object Repository/Olusturma/Genel/Olusturma/TabloBasliklari' located by 'By.cssSelector: div#divmalhizmet .dxgvTable_LECustomTheme td.dxgvHeader_LECustomTheme tr>td:nth-child(1)' in '10' second(s)

2021-11-12 17:06:49 - [MESSAGE][INFO] - Smart Wait Function is triggered

2021-11-12 17:06:49 - [MESSAGE][INFO] - Found 13 web elements with id: 'Object Repository/Olusturma/Genel/Olusturma/TabloBasliklari' located by 'By.cssSelector: div#divmalhizmet .dxgvTable_LECustomTheme td.dxgvHeader_LECustomTheme tr>td:nth-child(1)' in '10' second(s)

2021-11-12 17:06:49 - [TEST_STEP][PASSED] - for (def element : elements): null

2021-11-12 17:06:49 - [TEST_STEP][PASSED] - build().perform(): null

2021-11-12 17:06:49 - [TEST_STEP][PASSED] - if (getText().equals(Baslik)): null

2021-11-12 17:06:49 - [TEST_STEP][PASSED] - build().perform(): null

2021-11-12 17:06:49 - [TEST_STEP][PASSED] - if (getText().equals(Baslik)): null

2021-11-12 17:06:49 - [TEST_STEP][PASSED] - build().perform(): null

2021-11-12 17:06:49 - [TEST_STEP][PASSED] - if (getText().equals(Baslik)): null

2021-11-12 17:06:49 - [TEST_STEP][PASSED] - build().perform(): null

2021-11-12 17:06:49 - [TEST_STEP][PASSED] - if (getText().equals(Baslik)): null

2021-11-12 17:06:49 - [TEST_STEP][PASSED] - baslikElement = element.findElement(By.xpath("../../../..")): Smart Wait Function is triggered

2021-11-12 17:06:49 - [MESSAGE][INFO] - Smart Wait Function is triggered

2021-11-12 17:06:50 - [TEST_STEP][PASSED] - attr = baslikElement.getAttribute("id"): null

2021-11-12 17:06:50 - [TEST_STEP][PASSED] - println("girdi ve idsini aldı = " + attr): null

2021-11-12 17:06:50 - [TEST_STEP][PASSED] - break: null

2021-11-12 17:06:50 - [TEST_STEP][PASSED] - countElement = baslikElement.findElements(By.xpath("../td")): Smart Wait Function is triggered

2021-11-12 17:06:50 - [MESSAGE][INFO] - Smart Wait Function is triggered

2021-11-12 17:06:50 - [TEST_STEP][PASSED] - for (def element : countElement): null

2021-11-12 17:06:50 - [TEST_STEP][PASSED] - if (toString().equals(attr.toString())): null

2021-11-12 17:06:50 - [TEST_STEP][PASSED] - (a++): null

2021-11-12 17:06:50 - [TEST_STEP][PASSED] - if (toString().equals(attr.toString())): null

2021-11-12 17:06:50 - [TEST_STEP][PASSED] - (a++): null

2021-11-12 17:06:50 - [TEST_STEP][PASSED] - if (toString().equals(attr.toString())): null

2021-11-12 17:06:50 - [TEST_STEP][PASSED] - (a++): null

2021-11-12 17:06:50 - [TEST_STEP][PASSED] - if (toString().equals(attr.toString())): null

2021-11-12 17:06:50 - [TEST_STEP][PASSED] - (a++): null

2021-11-12 17:06:50 - [TEST_STEP][PASSED] - if (toString().equals(attr.toString())): null

2021-11-12 17:06:50 - [TEST_STEP][PASSED] - break: null

2021-11-12 17:06:50 - [TEST_STEP][PASSED] - son = findWebElement(findTestObject("Object Repository/Olusturma/Genel/Olusturma/EklenenSatir")).findElement(By.xpath("td[@class='dxgvInlineEditCell_LECustomTheme dxgv'][" + a + "]//td[@class='dxic']/input")): Smart Wait Function is triggered

2021-11-12 17:06:50 - [MESSAGE][INFO] - Finding Test Object 'Object Repository/Olusturma/Genel/Olusturma/EklenenSatir'

2021-11-12 17:06:50 - [MESSAGE][INFO] - Finding web element from Test Object's properties

2021-11-12 17:06:50 - [MESSAGE][INFO] - Checking timeout

2021-11-12 17:06:50 - [MESSAGE][INFO] - Finding web element with id: 'Object Repository/Olusturma/Genel/Olusturma/EklenenSatir' located by 'By.cssSelector: #divmalhizmet .dxgvInlineEditRow_LECustomTheme' in '30' second(s)

2021-11-12 17:06:50 - [MESSAGE][INFO] - Smart Wait Function is triggered

2021-11-12 17:06:50 - [MESSAGE][INFO] - Found 1 web elements with id: 'Object Repository/Olusturma/Genel/Olusturma/EklenenSatir' located by 'By.cssSelector: #divmalhizmet .dxgvInlineEditRow_LECustomTheme' in '30' second(s)

2021-11-12 17:06:50 - [MESSAGE][INFO] - Smart Wait Function is triggered

2021-11-12 17:06:51 - [TEST_STEP][PASSED] - if (!(getAttribute("value").contains("Vkn"))): null

2021-11-12 17:06:51 - [TEST_STEP][PASSED] - son.clear(): null

2021-11-12 17:06:51 - [TEST_STEP][PASSED] - son.sendKeys(Deger): null

2021-11-12 17:06:51 - [MESSAGE][PASSED] - Call Test Case 'Test Cases/Olusturma/Genel/Olusturma' successfully

2021-11-12 17:06:51 - [MESSAGE][INFO] - Checking called Test Case

2021-11-12 17:06:51 - [MESSAGE][INFO] - Starting to call Test Case 'Test Cases/Olusturma/Genel/Olusturma'

2021-11-12 17:06:51 - [TEST_CASE][PASSED] - Test Cases/Olusturma/Genel/Olusturma: Test Cases/Olusturma/Genel/Olusturma

2021-11-12 17:06:51 - [TEST_STEP][PASSED] - driver = getWebDriver(): null

2021-11-12 17:06:51 - [TEST_STEP][PASSED] - action = new org.openqa.selenium.interactions.Actions(driver): null

2021-11-12 17:06:51 - [TEST_STEP][PASSED] - baslikElement = <not implemented yet for class: org.codehaus.groovy.ast.expr.EmptyExpression>: null

2021-11-12 17:06:51 - [TEST_STEP][PASSED] - sonElement = <not implemented yet for class: org.codehaus.groovy.ast.expr.EmptyExpression>: null

2021-11-12 17:06:51 - [TEST_STEP][PASSED] - attr = <not implemented yet for class: org.codehaus.groovy.ast.expr.EmptyExpression>: null

2021-11-12 17:06:51 - [TEST_STEP][PASSED] - a = 0: null

2021-11-12 17:06:51 - [TEST_STEP][PASSED] - elements = findWebElements(findTestObject("Object Repository/Olusturma/Genel/Olusturma/TabloBasliklari"), 10): Found 13 web elements with id: 'Object Repository/Olusturma/Genel/Olusturma/TabloBasliklari' located by 'By.cssSelector: div#divmalhizmet .dxgvTable_LECustomTheme td.dxgvHeader_LECustomTheme tr>td:nth-child(1)' in '10' second(s)

2021-11-12 17:06:51 - [MESSAGE][INFO] - Finding Test Object 'Object Repository/Olusturma/Genel/Olusturma/TabloBasliklari'

2021-11-12 17:06:51 - [MESSAGE][INFO] - Checking timeout

2021-11-12 17:06:51 - [MESSAGE][INFO] - Finding web element with id: 'Object Repository/Olusturma/Genel/Olusturma/TabloBasliklari' located by 'By.cssSelector: div#divmalhizmet .dxgvTable_LECustomTheme td.dxgvHeader_LECustomTheme tr>td:nth-child(1)' in '10' second(s)

2021-11-12 17:06:51 - [MESSAGE][INFO] - Smart Wait Function is triggered

2021-11-12 17:06:51 - [MESSAGE][INFO] - Found 13 web elements with id: 'Object Repository/Olusturma/Genel/Olusturma/TabloBasliklari' located by 'By.cssSelector: div#divmalhizmet .dxgvTable_LECustomTheme td.dxgvHeader_LECustomTheme tr>td:nth-child(1)' in '10' second(s)

2021-11-12 17:06:51 - [TEST_STEP][PASSED] - for (def element : elements): null

2021-11-12 17:06:51 - [TEST_STEP][PASSED] - build().perform(): null

2021-11-12 17:06:52 - [TEST_STEP][PASSED] - if (getText().equals(Baslik)): null

2021-11-12 17:06:52 - [TEST_STEP][PASSED] - build().perform(): null

2021-11-12 17:06:52 - [TEST_STEP][PASSED] - if (getText().equals(Baslik)): null

2021-11-12 17:06:52 - [TEST_STEP][PASSED] - build().perform(): null

2021-11-12 17:06:52 - [TEST_STEP][PASSED] - if (getText().equals(Baslik)): null

2021-11-12 17:06:52 - [TEST_STEP][PASSED] - build().perform(): null

2021-11-12 17:06:52 - [TEST_STEP][PASSED] - if (getText().equals(Baslik)): null

2021-11-12 17:06:52 - [TEST_STEP][PASSED] - build().perform(): null

2021-11-12 17:06:52 - [TEST_STEP][PASSED] - if (getText().equals(Baslik)): null

2021-11-12 17:06:52 - [TEST_STEP][PASSED] - build().perform(): null

2021-11-12 17:06:53 - [TEST_STEP][PASSED] - if (getText().equals(Baslik)): null

2021-11-12 17:06:53 - [TEST_STEP][PASSED] - baslikElement = element.findElement(By.xpath("../../../..")): Smart Wait Function is triggered

2021-11-12 17:06:53 - [MESSAGE][INFO] - Smart Wait Function is triggered

2021-11-12 17:06:53 - [TEST_STEP][PASSED] - attr = baslikElement.getAttribute("id"): null

2021-11-12 17:06:53 - [TEST_STEP][PASSED] - println("girdi ve idsini aldı = " + attr): null

2021-11-12 17:06:53 - [TEST_STEP][PASSED] - break: null

2021-11-12 17:06:53 - [TEST_STEP][PASSED] - countElement = baslikElement.findElements(By.xpath("../td")): Smart Wait Function is triggered

2021-11-12 17:06:53 - [MESSAGE][INFO] - Smart Wait Function is triggered

2021-11-12 17:06:53 - [TEST_STEP][PASSED] - for (def element : countElement): null

2021-11-12 17:06:53 - [TEST_STEP][PASSED] - if (toString().equals(attr.toString())): null

2021-11-12 17:06:53 - [TEST_STEP][PASSED] - (a++): null

2021-11-12 17:06:53 - [TEST_STEP][PASSED] - if (toString().equals(attr.toString())): null

2021-11-12 17:06:53 - [TEST_STEP][PASSED] - (a++): null

2021-11-12 17:06:53 - [TEST_STEP][PASSED] - if (toString().equals(attr.toString())): null

2021-11-12 17:06:53 - [TEST_STEP][PASSED] - (a++): null

2021-11-12 17:06:53 - [TEST_STEP][PASSED] - if (toString().equals(attr.toString())): null

2021-11-12 17:06:53 - [TEST_STEP][PASSED] - (a++): null

2021-11-12 17:06:53 - [TEST_STEP][PASSED] - if (toString().equals(attr.toString())): null

2021-11-12 17:06:53 - [TEST_STEP][PASSED] - (a++): null

2021-11-12 17:06:53 - [TEST_STEP][PASSED] - if (toString().equals(attr.toString())): null

2021-11-12 17:06:53 - [TEST_STEP][PASSED] - (a++): null

2021-11-12 17:06:53 - [TEST_STEP][PASSED] - if (toString().equals(attr.toString())): null

2021-11-12 17:06:53 - [TEST_STEP][PASSED] - break: null

2021-11-12 17:06:53 - [TEST_STEP][PASSED] - son = findWebElement(findTestObject("Object Repository/Olusturma/Genel/Olusturma/EklenenSatir")).findElement(By.xpath("td[@class='dxgvInlineEditCell_LECustomTheme dxgv'][" + a + "]//td[@class='dxic']/input")): Smart Wait Function is triggered

2021-11-12 17:06:53 - [MESSAGE][INFO] - Finding Test Object 'Object Repository/Olusturma/Genel/Olusturma/EklenenSatir'

2021-11-12 17:06:54 - [MESSAGE][INFO] - Finding web element from Test Object's properties

2021-11-12 17:06:54 - [MESSAGE][INFO] - Checking timeout

2021-11-12 17:06:54 - [MESSAGE][INFO] - Finding web element with id: 'Object Repository/Olusturma/Genel/Olusturma/EklenenSatir' located by 'By.cssSelector: #divmalhizmet .dxgvInlineEditRow_LECustomTheme' in '30' second(s)

2021-11-12 17:06:54 - [MESSAGE][INFO] - Smart Wait Function is triggered

2021-11-12 17:06:54 - [MESSAGE][INFO] - Found 1 web elements with id: 'Object Repository/Olusturma/Genel/Olusturma/EklenenSatir' located by 'By.cssSelector: #divmalhizmet .dxgvInlineEditRow_LECustomTheme' in '30' second(s)

2021-11-12 17:06:54 - [MESSAGE][INFO] - Smart Wait Function is triggered

2021-11-12 17:06:54 - [TEST_STEP][PASSED] - if (!(getAttribute("value").contains("Vkn"))): null

2021-11-12 17:06:54 - [TEST_STEP][PASSED] - son.clear(): null

2021-11-12 17:06:54 - [TEST_STEP][PASSED] - son.sendKeys(Deger): null

2021-11-12 17:06:54 - [MESSAGE][PASSED] - Call Test Case 'Test Cases/Olusturma/Genel/Olusturma' successfully

2021-11-12 17:06:54 - [MESSAGE][INFO] - Checking called Test Case

2021-11-12 17:06:54 - [MESSAGE][INFO] - Starting to call Test Case 'Test Cases/Olusturma/Genel/NotGirilir'

2021-11-12 17:06:54 - [TEST_CASE][PASSED] - Test Cases/Olusturma/Genel/NotGirilir: Test Cases/Olusturma/Genel/NotGirilir

2021-11-12 17:06:55 - [TEST_STEP][PASSED] - i = 0: null

2021-11-12 17:06:55 - [TEST_STEP][PASSED] - waitForElementClickable(findTestObject("Olusturma/Genel/Not/Notlar"), 10): Object 'Object Repository/Olusturma/Genel/Not/Notlar' is clickable

2021-11-12 17:06:55 - [MESSAGE][INFO] - Finding Test Object 'Object Repository/Olusturma/Genel/Not/Notlar'

2021-11-12 17:06:55 - [MESSAGE][INFO] - Checking object

2021-11-12 17:06:55 - [MESSAGE][INFO] - Checking timeout

2021-11-12 17:06:55 - [MESSAGE][INFO] - Finding web element from Test Object's properties

2021-11-12 17:06:55 - [MESSAGE][INFO] - Checking timeout

2021-11-12 17:06:55 - [MESSAGE][INFO] - Finding web element with id: 'Object Repository/Olusturma/Genel/Not/Notlar' located by 'By.xpath: //*[@id = 'txtNote_I']' in '10' second(s)

2021-11-12 17:06:55 - [MESSAGE][INFO] - Smart Wait Function is triggered

2021-11-12 17:06:56 - [MESSAGE][INFO] - Found 1 web elements with id: 'Object Repository/Olusturma/Genel/Not/Notlar' located by 'By.xpath: //*[@id = 'txtNote_I']' in '10' second(s)

2021-11-12 17:06:56 - [MESSAGE][PASSED] - Object 'Object Repository/Olusturma/Genel/Not/Notlar' is clickable

2021-11-12 17:06:56 - [TEST_STEP][PASSED] - clearText(findTestObject("Olusturma/Genel/Not/Notlar")): Text of object 'Object Repository/Olusturma/Genel/Not/Notlar' is cleared

2021-11-12 17:06:56 - [MESSAGE][INFO] - Finding Test Object 'Object Repository/Olusturma/Genel/Not/Notlar'

2021-11-12 17:06:56 - [MESSAGE][INFO] - Checking object

2021-11-12 17:06:56 - [MESSAGE][INFO] - Finding web element from Test Object's properties

2021-11-12 17:06:56 - [MESSAGE][INFO] - Checking timeout

2021-11-12 17:06:56 - [MESSAGE][INFO] - Finding web element with id: 'Object Repository/Olusturma/Genel/Not/Notlar' located by 'By.xpath: //*[@id = 'txtNote_I']' in '30' second(s)

2021-11-12 17:06:56 - [MESSAGE][INFO] - Smart Wait Function is triggered

2021-11-12 17:06:56 - [MESSAGE][INFO] - Found 1 web elements with id: 'Object Repository/Olusturma/Genel/Not/Notlar' located by 'By.xpath: //*[@id = 'txtNote_I']' in '30' second(s)

2021-11-12 17:06:56 - [MESSAGE][INFO] - Clearing text of object 'Object Repository/Olusturma/Genel/Not/Notlar'

2021-11-12 17:06:56 - [MESSAGE][PASSED] - Text of object 'Object Repository/Olusturma/Genel/Not/Notlar' is cleared

2021-11-12 17:06:56 - [TEST_STEP][PASSED] - click(findTestObject("Olusturma/Genel/Not/Notlar")): Object: 'Object Repository/Olusturma/Genel/Not/Notlar' is clicked on

2021-11-12 17:06:56 - [MESSAGE][INFO] - Finding Test Object 'Object Repository/Olusturma/Genel/Not/Notlar'

2021-11-12 17:06:56 - [MESSAGE][INFO] - Checking object

2021-11-12 17:06:56 - [MESSAGE][INFO] - Finding web element from Test Object's properties

2021-11-12 17:06:56 - [MESSAGE][INFO] - Checking timeout

2021-11-12 17:06:56 - [MESSAGE][INFO] - Finding web element with id: 'Object Repository/Olusturma/Genel/Not/Notlar' located by 'By.xpath: //*[@id = 'txtNote_I']' in '30' second(s)

2021-11-12 17:06:56 - [MESSAGE][INFO] - Smart Wait Function is triggered

2021-11-12 17:06:57 - [MESSAGE][INFO] - Found 1 web elements with id: 'Object Repository/Olusturma/Genel/Not/Notlar' located by 'By.xpath: //*[@id = 'txtNote_I']' in '30' second(s)

2021-11-12 17:06:57 - [MESSAGE][INFO] - Clicking on object: 'Object Repository/Olusturma/Genel/Not/Notlar'

2021-11-12 17:06:57 - [MESSAGE][PASSED] - Object: 'Object Repository/Olusturma/Genel/Not/Notlar' is clicked on

2021-11-12 17:06:57 - [TEST_STEP][PASSED] - while (true): null

2021-11-12 17:06:57 - [TEST_STEP][PASSED] - delay(1): Delayed 1 second(s)

2021-11-12 17:06:57 - [MESSAGE][INFO] - Delaying browser in 1 second(s)

2021-11-12 17:06:58 - [MESSAGE][PASSED] - Delayed 1 second(s)

2021-11-12 17:06:58 - [TEST_STEP][PASSED] - ajaxIsComplete = executeJavaScript("return jQuery.active == 0", null): Execute JavaScript 'return jQuery.active == 0' successfully

2021-11-12 17:06:58 - [MESSAGE][PASSED] - Execute JavaScript 'return jQuery.active == 0' successfully

2021-11-12 17:06:58 - [TEST_STEP][PASSED] - if (ajaxIsComplete): null

2021-11-12 17:06:58 - [TEST_STEP][PASSED] - if (i > 10): null

2021-11-12 17:06:58 - [TEST_STEP][PASSED] - (i++): null

2021-11-12 17:06:58 - [TEST_STEP][PASSED] - delay(1): Delayed 1 second(s)

2021-11-12 17:06:58 - [MESSAGE][INFO] - Delaying browser in 1 second(s)

2021-11-12 17:06:59 - [MESSAGE][PASSED] - Delayed 1 second(s)

2021-11-12 17:06:59 - [TEST_STEP][PASSED] - ajaxIsComplete = executeJavaScript("return jQuery.active == 0", null): Execute JavaScript 'return jQuery.active == 0' successfully

2021-11-12 17:06:59 - [MESSAGE][PASSED] - Execute JavaScript 'return jQuery.active == 0' successfully

2021-11-12 17:06:59 - [TEST_STEP][PASSED] - if (ajaxIsComplete): null

2021-11-12 17:06:59 - [TEST_STEP][PASSED] - break: null

2021-11-12 17:06:59 - [TEST_STEP][PASSED] - sendKeys(findTestObject("Olusturma/Genel/Not/Notlar"), Not): Keys 'Otomasyon Not' sent to object: 'Object Repository/Olusturma/Genel/Not/Notlar'

2021-11-12 17:06:59 - [MESSAGE][INFO] - Finding Test Object 'Object Repository/Olusturma/Genel/Not/Notlar'

2021-11-12 17:06:59 - [MESSAGE][INFO] - Sending keys 'Otomasyon Not' to object: 'Object Repository/Olusturma/Genel/Not/Notlar'

2021-11-12 17:06:59 - [MESSAGE][INFO] - Finding web element from Test Object's properties

2021-11-12 17:06:59 - [MESSAGE][INFO] - Checking timeout

2021-11-12 17:06:59 - [MESSAGE][INFO] - Finding web element with id: 'Object Repository/Olusturma/Genel/Not/Notlar' located by 'By.xpath: //*[@id = 'txtNote_I']' in '30' second(s)

2021-11-12 17:06:59 - [MESSAGE][INFO] - Smart Wait Function is triggered

2021-11-12 17:07:00 - [MESSAGE][INFO] - Found 1 web elements with id: 'Object Repository/Olusturma/Genel/Not/Notlar' located by 'By.xpath: //*[@id = 'txtNote_I']' in '30' second(s)

2021-11-12 17:07:00 - [MESSAGE][PASSED] - Keys 'Otomasyon Not' sent to object: 'Object Repository/Olusturma/Genel/Not/Notlar'

2021-11-12 17:07:00 - [MESSAGE][PASSED] - Call Test Case 'Test Cases/Olusturma/Genel/NotGirilir' successfully

2021-11-12 17:07:00 - [MESSAGE][INFO] - Checking called Test Case

2021-11-12 17:07:00 - [MESSAGE][INFO] - Starting to call Test Case 'Test Cases/Olusturma/Genel/KaydetButonunaTiklanir'

2021-11-12 17:07:00 - [TEST_CASE][PASSED] - Test Cases/Olusturma/Genel/KaydetButonunaTiklanir: Test Cases/Olusturma/Genel/KaydetButonunaTiklanir

2021-11-12 17:07:00 - [TEST_STEP][PASSED] - i = 0: null

2021-11-12 17:07:00 - [TEST_STEP][PASSED] - waitForElementPresent(findTestObject("Olusturma/Genel/Not/Notlar"), 10): Object 'Object Repository/Olusturma/Genel/Not/Notlar' is present

2021-11-12 17:07:00 - [MESSAGE][INFO] - Finding Test Object 'Object Repository/Olusturma/Genel/Not/Notlar'

2021-11-12 17:07:01 - [MESSAGE][INFO] - Checking object

2021-11-12 17:07:01 - [MESSAGE][INFO] - Finding web element from Test Object's properties

2021-11-12 17:07:01 - [MESSAGE][INFO] - Checking timeout

2021-11-12 17:07:01 - [MESSAGE][INFO] - Finding web element with id: 'Object Repository/Olusturma/Genel/Not/Notlar' located by 'By.xpath: //*[@id = 'txtNote_I']' in '10' second(s)

2021-11-12 17:07:01 - [MESSAGE][INFO] - Smart Wait Function is triggered

2021-11-12 17:07:01 - [MESSAGE][INFO] - Found 1 web elements with id: 'Object Repository/Olusturma/Genel/Not/Notlar' located by 'By.xpath: //*[@id = 'txtNote_I']' in '10' second(s)

2021-11-12 17:07:01 - [MESSAGE][PASSED] - Object 'Object Repository/Olusturma/Genel/Not/Notlar' is present

2021-11-12 17:07:01 - [TEST_STEP][PASSED] - click(findTestObject("Olusturma/Genel/Not/Notlar")): Object: 'Object Repository/Olusturma/Genel/Not/Notlar' is clicked on

2021-11-12 17:07:01 - [MESSAGE][INFO] - Finding Test Object 'Object Repository/Olusturma/Genel/Not/Notlar'

2021-11-12 17:07:01 - [MESSAGE][INFO] - Checking object

2021-11-12 17:07:01 - [MESSAGE][INFO] - Finding web element from Test Object's properties

2021-11-12 17:07:01 - [MESSAGE][INFO] - Checking timeout

2021-11-12 17:07:01 - [MESSAGE][INFO] - Finding web element with id: 'Object Repository/Olusturma/Genel/Not/Notlar' located by 'By.xpath: //*[@id = 'txtNote_I']' in '30' second(s)

2021-11-12 17:07:01 - [MESSAGE][INFO] - Smart Wait Function is triggered

2021-11-12 17:07:01 - [MESSAGE][INFO] - Found 1 web elements with id: 'Object Repository/Olusturma/Genel/Not/Notlar' located by 'By.xpath: //*[@id = 'txtNote_I']' in '30' second(s)

2021-11-12 17:07:01 - [MESSAGE][INFO] - Clicking on object: 'Object Repository/Olusturma/Genel/Not/Notlar'

2021-11-12 17:07:01 - [MESSAGE][PASSED] - Object: 'Object Repository/Olusturma/Genel/Not/Notlar' is clicked on

2021-11-12 17:07:01 - [TEST_STEP][PASSED] - while (true): null

2021-11-12 17:07:01 - [TEST_STEP][PASSED] - delay(1): Delayed 1 second(s)

2021-11-12 17:07:01 - [MESSAGE][INFO] - Delaying browser in 1 second(s)

2021-11-12 17:07:02 - [MESSAGE][PASSED] - Delayed 1 second(s)

2021-11-12 17:07:02 - [TEST_STEP][PASSED] - ajaxIsComplete = executeJavaScript("return jQuery.active == 0", null): Execute JavaScript 'return jQuery.active == 0' successfully

2021-11-12 17:07:02 - [MESSAGE][PASSED] - Execute JavaScript 'return jQuery.active == 0' successfully

2021-11-12 17:07:02 - [TEST_STEP][PASSED] - if (ajaxIsComplete): null

2021-11-12 17:07:02 - [TEST_STEP][PASSED] - break: null

2021-11-12 17:07:02 - [TEST_STEP][PASSED] - waitForElementClickable(findTestObject("Object Repository/Olusturma/Genel/Buton"), 10): Object 'Object Repository/Olusturma/Genel/Buton' is clickable

2021-11-12 17:07:02 - [MESSAGE][INFO] - Finding Test Object 'Object Repository/Olusturma/Genel/Buton'

2021-11-12 17:07:02 - [MESSAGE][INFO] - Checking object

2021-11-12 17:07:02 - [MESSAGE][INFO] - Checking timeout

2021-11-12 17:07:02 - [MESSAGE][INFO] - Finding web element from Test Object's properties

2021-11-12 17:07:02 - [MESSAGE][INFO] - Checking timeout

2021-11-12 17:07:02 - [MESSAGE][INFO] - Finding web element with id: 'Object Repository/Olusturma/Genel/Buton' located by 'By.xpath: //*[@id = 'btnKaydet']' in '10' second(s)

2021-11-12 17:07:02 - [MESSAGE][INFO] - Smart Wait Function is triggered

2021-11-12 17:07:03 - [MESSAGE][INFO] - Found 1 web elements with id: 'Object Repository/Olusturma/Genel/Buton' located by 'By.xpath: //*[@id = 'btnKaydet']' in '10' second(s)

2021-11-12 17:07:03 - [MESSAGE][PASSED] - Object 'Object Repository/Olusturma/Genel/Buton' is clickable

2021-11-12 17:07:03 - [TEST_STEP][PASSED] - click(findTestObject("Object Repository/Olusturma/Genel/Buton")): Object: 'Object Repository/Olusturma/Genel/Buton' is clicked on

2021-11-12 17:07:03 - [MESSAGE][INFO] - Finding Test Object 'Object Repository/Olusturma/Genel/Buton'

2021-11-12 17:07:03 - [MESSAGE][INFO] - Checking object

2021-11-12 17:07:03 - [MESSAGE][INFO] - Finding web element from Test Object's properties

2021-11-12 17:07:03 - [MESSAGE][INFO] - Checking timeout

2021-11-12 17:07:03 - [MESSAGE][INFO] - Finding web element with id: 'Object Repository/Olusturma/Genel/Buton' located by 'By.xpath: //*[@id = 'btnKaydet']' in '30' second(s)

2021-11-12 17:07:03 - [MESSAGE][INFO] - Smart Wait Function is triggered

2021-11-12 17:07:03 - [MESSAGE][INFO] - Found 1 web elements with id: 'Object Repository/Olusturma/Genel/Buton' located by 'By.xpath: //*[@id = 'btnKaydet']' in '30' second(s)

2021-11-12 17:07:03 - [MESSAGE][INFO] - Clicking on object: 'Object Repository/Olusturma/Genel/Buton'

2021-11-12 17:07:06 - [MESSAGE][PASSED] - Object: 'Object Repository/Olusturma/Genel/Buton' is clicked on

2021-11-12 17:07:06 - [MESSAGE][PASSED] - Call Test Case 'Test Cases/Olusturma/Genel/KaydetButonunaTiklanir' successfully

2021-11-12 17:07:06 - [MESSAGE][INFO] - Checking called Test Case

2021-11-12 17:07:06 - [MESSAGE][INFO] - Starting to call Test Case 'Test Cases/Tablo/TablodaUnvanliVeriOlusturulduMu'

2021-11-12 17:07:06 - [TEST_CASE][PASSED] - Test Cases/Tablo/TablodaUnvanliVeriOlusturulduMu: Test Cases/Tablo/TablodaUnvanliVeriOlusturulduMu

2021-11-12 17:07:07 - [TEST_STEP][PASSED] - waitForElementVisible(findTestObject("Tablo/OlusturulanVeri"), 10, STOP_ON_FAILURE): Object 'Object Repository/Tablo/OlusturulanVeri' is visible

2021-11-12 17:07:07 - [MESSAGE][INFO] - Finding Test Object 'Object Repository/Tablo/OlusturulanVeri'

2021-11-12 17:07:07 - [MESSAGE][INFO] - Checking object

2021-11-12 17:07:07 - [MESSAGE][INFO] - Checking timeout

2021-11-12 17:07:07 - [MESSAGE][INFO] - Finding web element from Test Object's properties

2021-11-12 17:07:07 - [MESSAGE][INFO] - Checking timeout

2021-11-12 17:07:07 - [MESSAGE][INFO] - Finding web element with id: 'Object Repository/Tablo/OlusturulanVeri' located by 'By.cssSelector: table.dxgvTable_LECustomTheme>tbody>tr:nth-child(3)>td.dxgv b,table.dxgvTable_LECustomTheme>tbody>tr:nth-child(3)>td.dxgv' in '10' second(s)

2021-11-12 17:07:07 - [MESSAGE][INFO] - Smart Wait Function is triggered

2021-11-12 17:07:08 - [MESSAGE][INFO] - Found 14 web elements with id: 'Object Repository/Tablo/OlusturulanVeri' located by 'By.cssSelector: table.dxgvTable_LECustomTheme>tbody>tr:nth-child(3)>td.dxgv b,table.dxgvTable_LECustomTheme>tbody>tr:nth-child(3)>td.dxgv' in '10' second(s)

2021-11-12 17:07:08 - [MESSAGE][PASSED] - Object 'Object Repository/Tablo/OlusturulanVeri' is visible

2021-11-12 17:07:08 - [TEST_STEP][PASSED] - Method.TextDegerineEsitElementVarMi(findTestObject("Tablo/OlusturulanVeri"), Unvan): Method.TextDegerineEsitElementVarMi is PASSED

2021-11-12 17:07:08 - [MESSAGE][INFO] - Finding Test Object 'Object Repository/Tablo/OlusturulanVeri'

2021-11-12 17:07:08 - [MESSAGE][INFO] - Checking timeout

2021-11-12 17:07:08 - [MESSAGE][INFO] - Finding web element with id: 'Object Repository/Tablo/OlusturulanVeri' located by 'By.cssSelector: table.dxgvTable_LECustomTheme>tbody>tr:nth-child(3)>td.dxgv b,table.dxgvTable_LECustomTheme>tbody>tr:nth-child(3)>td.dxgv' in '10' second(s)

2021-11-12 17:07:08 - [MESSAGE][INFO] - Smart Wait Function is triggered

2021-11-12 17:07:08 - [MESSAGE][INFO] - Found 14 web elements with id: 'Object Repository/Tablo/OlusturulanVeri' located by 'By.cssSelector: table.dxgvTable_LECustomTheme>tbody>tr:nth-child(3)>td.dxgv b,table.dxgvTable_LECustomTheme>tbody>tr:nth-child(3)>td.dxgv' in '10' second(s)

2021-11-12 17:07:08 - [MESSAGE][PASSED] - Method.TextDegerineEsitElementVarMi is PASSED

2021-11-12 17:07:08 - [MESSAGE][PASSED] - Call Test Case 'Test Cases/Tablo/TablodaUnvanliVeriOlusturulduMu' successfully

2021-11-12 17:07:08 - [MESSAGE][INFO] - Checking called Test Case

2021-11-12 17:07:08 - [MESSAGE][INFO] - Starting to call Test Case 'Test Cases/Tablo/TablodanVeriSec'

2021-11-12 17:07:08 - [TEST_CASE][PASSED] - Test Cases/Tablo/TablodanVeriSec: Test Cases/Tablo/TablodanVeriSec

2021-11-12 17:07:09 - [TEST_STEP][PASSED] - Method.TextDegerineEsitElementinAltindakineTikla(findTestObject("Tablo/Veriler"), findTestObject("Tablo/VerininCheckBoxi"), Veri_Adi): Method.TextDegerineEsitElementinAltindakineTikla is PASSED

2021-11-12 17:07:09 - [MESSAGE][INFO] - Finding Test Object 'Object Repository/Tablo/Veriler'

2021-11-12 17:07:09 - [MESSAGE][INFO] - Finding Test Object 'Object Repository/Tablo/VerininCheckBoxi'

2021-11-12 17:07:09 - [MESSAGE][INFO] - Checking timeout

2021-11-12 17:07:09 - [MESSAGE][INFO] - Finding web element with id: 'Object Repository/Tablo/Veriler' located by 'By.cssSelector: td.dxgv b ,td.dxgv' in '10' second(s)

2021-11-12 17:07:09 - [MESSAGE][INFO] - Smart Wait Function is triggered

2021-11-12 17:07:09 - [MESSAGE][INFO] - Found 140 web elements with id: 'Object Repository/Tablo/Veriler' located by 'By.cssSelector: td.dxgv b ,td.dxgv' in '10' second(s)

2021-11-12 17:07:09 - [MESSAGE][INFO] - Smart Wait Function is triggered

2021-11-12 17:07:10 - [MESSAGE][PASSED] - Method.TextDegerineEsitElementinAltindakineTikla is PASSED

2021-11-12 17:07:10 - [MESSAGE][PASSED] - Call Test Case 'Test Cases/Tablo/TablodanVeriSec' successfully

2021-11-12 17:07:10 - [MESSAGE][INFO] - Checking called Test Case

2021-11-12 17:07:10 - [MESSAGE][INFO] - Starting to call Test Case 'Test Cases/Butonlar/ButonaTikla'

2021-11-12 17:07:10 - [TEST_CASE][PASSED] - Test Cases/Butonlar/ButonaTikla: Test Cases/Butonlar/ButonaTikla

2021-11-12 17:07:10 - [TEST_STEP][PASSED] - Method.TextDegerineEsitElementeTiklaEquals(findTestObject("Butonlar/Butonlar"), Buton_Adi): Method.TextDegerineEsitElementeTiklaEquals is PASSED

2021-11-12 17:07:10 - [MESSAGE][INFO] - Finding Test Object 'Object Repository/Butonlar/Butonlar'

2021-11-12 17:07:10 - [MESSAGE][INFO] - Checking timeout

2021-11-12 17:07:10 - [MESSAGE][INFO] - Finding web element with id: 'Object Repository/Butonlar/Butonlar' located by 'By.cssSelector: .panel.panel-default.text-center.footerPanel .btn,.btn.btn-primary.btnControls' in '10' second(s)

2021-11-12 17:07:10 - [MESSAGE][INFO] - Smart Wait Function is triggered

2021-11-12 17:07:10 - [MESSAGE][INFO] - Found 10 web elements with id: 'Object Repository/Butonlar/Butonlar' located by 'By.cssSelector: .panel.panel-default.text-center.footerPanel .btn,.btn.btn-primary.btnControls' in '10' second(s)

2021-11-12 17:07:14 - [MESSAGE][PASSED] - Method.TextDegerineEsitElementeTiklaEquals is PASSED

2021-11-12 17:07:14 - [MESSAGE][PASSED] - Call Test Case 'Test Cases/Butonlar/ButonaTikla' successfully

2021-11-12 17:07:14 - [MESSAGE][INFO] - Checking called Test Case

2021-11-12 17:07:14 - [MESSAGE][INFO] - Starting to call Test Case 'Test Cases/Olusturma/Genel/GorselTasarimSayfasıBasligiIceriyorMu'

2021-11-12 17:07:14 - [TEST_CASE][PASSED] - Test Cases/Olusturma/Genel/GorselTasarimSayfasıBasligiIceriyorMu: Test Cases/Olusturma/Genel/GorselTasarimSayfasıBasligiIceriyorMu

2021-11-12 17:07:14 - [TEST_STEP][PASSED] - verifyElementText(findTestObject("Object Repository/Olusturma/Genel/GorselTasarimBaslik"), Baslik): Actual text and expected text of test object 'Object Repository/Olusturma/Genel/GorselTasarimBaslik' are matched.

2021-11-12 17:07:14 - [MESSAGE][INFO] - Finding Test Object 'Object Repository/Olusturma/Genel/GorselTasarimBaslik'

2021-11-12 17:07:14 - [MESSAGE][INFO] - Checking object

2021-11-12 17:07:14 - [MESSAGE][INFO] - Finding web element from Test Object's properties

2021-11-12 17:07:14 - [MESSAGE][INFO] - Checking timeout

2021-11-12 17:07:14 - [MESSAGE][INFO] - Finding web element with id: 'Object Repository/Olusturma/Genel/GorselTasarimBaslik' located by 'By.cssSelector: #flAlici_0>div>span' in '30' second(s)

2021-11-12 17:07:14 - [MESSAGE][INFO] - Smart Wait Function is triggered

2021-11-12 17:07:16 - [MESSAGE][INFO] - Found 1 web elements with id: 'Object Repository/Olusturma/Genel/GorselTasarimBaslik' located by 'By.cssSelector: #flAlici_0>div>span' in '30' second(s)

2021-11-12 17:07:16 - [MESSAGE][PASSED] - Actual text and expected text of test object 'Object Repository/Olusturma/Genel/GorselTasarimBaslik' are matched.

2021-11-12 17:07:16 - [MESSAGE][PASSED] - Call Test Case 'Test Cases/Olusturma/Genel/GorselTasarimSayfasıBasligiIceriyorMu' successfully

2021-11-12 17:07:16 - [MESSAGE][INFO] - Checking called Test Case

2021-11-12 17:07:16 - [MESSAGE][INFO] - Starting to call Test Case 'Test Cases/Olusturma/Genel/NotGirilir'

2021-11-12 17:07:16 - [TEST_CASE][PASSED] - Test Cases/Olusturma/Genel/NotGirilir: Test Cases/Olusturma/Genel/NotGirilir

2021-11-12 17:07:16 - [TEST_STEP][PASSED] - i = 0: null

2021-11-12 17:07:16 - [TEST_STEP][PASSED] - waitForElementClickable(findTestObject("Olusturma/Genel/Not/Notlar"), 10): Object 'Object Repository/Olusturma/Genel/Not/Notlar' is clickable

2021-11-12 17:07:16 - [MESSAGE][INFO] - Finding Test Object 'Object Repository/Olusturma/Genel/Not/Notlar'

2021-11-12 17:07:17 - [MESSAGE][INFO] - Checking object

2021-11-12 17:07:17 - [MESSAGE][INFO] - Checking timeout

2021-11-12 17:07:17 - [MESSAGE][INFO] - Finding web element from Test Object's properties

2021-11-12 17:07:17 - [MESSAGE][INFO] - Checking timeout

2021-11-12 17:07:17 - [MESSAGE][INFO] - Finding web element with id: 'Object Repository/Olusturma/Genel/Not/Notlar' located by 'By.xpath: //*[@id = 'txtNote_I']' in '10' second(s)

2021-11-12 17:07:17 - [MESSAGE][INFO] - Smart Wait Function is triggered

2021-11-12 17:07:17 - [MESSAGE][INFO] - Found 1 web elements with id: 'Object Repository/Olusturma/Genel/Not/Notlar' located by 'By.xpath: //*[@id = 'txtNote_I']' in '10' second(s)

2021-11-12 17:07:17 - [MESSAGE][PASSED] - Object 'Object Repository/Olusturma/Genel/Not/Notlar' is clickable

2021-11-12 17:07:17 - [TEST_STEP][PASSED] - clearText(findTestObject("Olusturma/Genel/Not/Notlar")): Text of object 'Object Repository/Olusturma/Genel/Not/Notlar' is cleared

2021-11-12 17:07:17 - [MESSAGE][INFO] - Finding Test Object 'Object Repository/Olusturma/Genel/Not/Notlar'

2021-11-12 17:07:17 - [MESSAGE][INFO] - Checking object

2021-11-12 17:07:17 - [MESSAGE][INFO] - Finding web element from Test Object's properties

2021-11-12 17:07:17 - [MESSAGE][INFO] - Checking timeout

2021-11-12 17:07:17 - [MESSAGE][INFO] - Finding web element with id: 'Object Repository/Olusturma/Genel/Not/Notlar' located by 'By.xpath: //*[@id = 'txtNote_I']' in '30' second(s)

2021-11-12 17:07:17 - [MESSAGE][INFO] - Smart Wait Function is triggered

2021-11-12 17:07:17 - [MESSAGE][INFO] - Found 1 web elements with id: 'Object Repository/Olusturma/Genel/Not/Notlar' located by 'By.xpath: //*[@id = 'txtNote_I']' in '30' second(s)

2021-11-12 17:07:17 - [MESSAGE][INFO] - Clearing text of object 'Object Repository/Olusturma/Genel/Not/Notlar'

2021-11-12 17:07:17 - [MESSAGE][PASSED] - Text of object 'Object Repository/Olusturma/Genel/Not/Notlar' is cleared

2021-11-12 17:07:17 - [TEST_STEP][PASSED] - click(findTestObject("Olusturma/Genel/Not/Notlar")): Object: 'Object Repository/Olusturma/Genel/Not/Notlar' is clicked on

2021-11-12 17:07:17 - [MESSAGE][INFO] - Finding Test Object 'Object Repository/Olusturma/Genel/Not/Notlar'

2021-11-12 17:07:17 - [MESSAGE][INFO] - Checking object

2021-11-12 17:07:17 - [MESSAGE][INFO] - Finding web element from Test Object's properties

2021-11-12 17:07:17 - [MESSAGE][INFO] - Checking timeout

2021-11-12 17:07:17 - [MESSAGE][INFO] - Finding web element with id: 'Object Repository/Olusturma/Genel/Not/Notlar' located by 'By.xpath: //*[@id = 'txtNote_I']' in '30' second(s)

2021-11-12 17:07:17 - [MESSAGE][INFO] - Smart Wait Function is triggered

2021-11-12 17:07:18 - [MESSAGE][INFO] - Found 1 web elements with id: 'Object Repository/Olusturma/Genel/Not/Notlar' located by 'By.xpath: //*[@id = 'txtNote_I']' in '30' second(s)

2021-11-12 17:07:18 - [MESSAGE][INFO] - Clicking on object: 'Object Repository/Olusturma/Genel/Not/Notlar'

2021-11-12 17:07:18 - [MESSAGE][PASSED] - Object: 'Object Repository/Olusturma/Genel/Not/Notlar' is clicked on

2021-11-12 17:07:18 - [TEST_STEP][PASSED] - while (true): null

2021-11-12 17:07:18 - [TEST_STEP][PASSED] - delay(1): Delayed 1 second(s)

2021-11-12 17:07:18 - [MESSAGE][INFO] - Delaying browser in 1 second(s)

2021-11-12 17:07:19 - [MESSAGE][PASSED] - Delayed 1 second(s)

2021-11-12 17:07:19 - [TEST_STEP][PASSED] - ajaxIsComplete = executeJavaScript("return jQuery.active == 0", null): Execute JavaScript 'return jQuery.active == 0' successfully

2021-11-12 17:07:19 - [MESSAGE][PASSED] - Execute JavaScript 'return jQuery.active == 0' successfully

2021-11-12 17:07:19 - [TEST_STEP][PASSED] - if (ajaxIsComplete): null

2021-11-12 17:07:19 - [TEST_STEP][PASSED] - break: null

2021-11-12 17:07:19 - [TEST_STEP][PASSED] - sendKeys(findTestObject("Olusturma/Genel/Not/Notlar"), Not): Keys 'Otomasyon Not Degistir' sent to object: 'Object Repository/Olusturma/Genel/Not/Notlar'

2021-11-12 17:07:19 - [MESSAGE][INFO] - Finding Test Object 'Object Repository/Olusturma/Genel/Not/Notlar'

2021-11-12 17:07:19 - [MESSAGE][INFO] - Sending keys 'Otomasyon Not Degistir' to object: 'Object Repository/Olusturma/Genel/Not/Notlar'

2021-11-12 17:07:19 - [MESSAGE][INFO] - Finding web element from Test Object's properties

2021-11-12 17:07:19 - [MESSAGE][INFO] - Checking timeout

2021-11-12 17:07:19 - [MESSAGE][INFO] - Finding web element with id: 'Object Repository/Olusturma/Genel/Not/Notlar' located by 'By.xpath: //*[@id = 'txtNote_I']' in '30' second(s)

2021-11-12 17:07:19 - [MESSAGE][INFO] - Smart Wait Function is triggered

2021-11-12 17:07:19 - [MESSAGE][INFO] - Found 1 web elements with id: 'Object Repository/Olusturma/Genel/Not/Notlar' located by 'By.xpath: //*[@id = 'txtNote_I']' in '30' second(s)

2021-11-12 17:07:19 - [MESSAGE][PASSED] - Keys 'Otomasyon Not Degistir' sent to object: 'Object Repository/Olusturma/Genel/Not/Notlar'

2021-11-12 17:07:19 - [MESSAGE][PASSED] - Call Test Case 'Test Cases/Olusturma/Genel/NotGirilir' successfully

2021-11-12 17:07:19 - [MESSAGE][INFO] - Checking called Test Case

2021-11-12 17:07:19 - [MESSAGE][INFO] - Starting to call Test Case 'Test Cases/Olusturma/Genel/EttnBilgisiKayitEdilir'

2021-11-12 17:07:19 - [TEST_CASE][PASSED] - Test Cases/Olusturma/Genel/EttnBilgisiKayitEdilir: Test Cases/Olusturma/Genel/EttnBilgisiKayitEdilir

2021-11-12 17:07:20 - [TEST_STEP][PASSED] - verifyElementPresent(findTestObject("Object Repository/Olusturma/Genel/Olusturma/eArsivEttnBilgisi"), 7): Object 'Object Repository/Olusturma/Genel/Olusturma/eArsivEttnBilgisi' is present

2021-11-12 17:07:20 - [MESSAGE][INFO] - Finding Test Object 'Object Repository/Olusturma/Genel/Olusturma/eArsivEttnBilgisi'

2021-11-12 17:07:20 - [MESSAGE][INFO] - Checking object

2021-11-12 17:07:20 - [MESSAGE][INFO] - Finding web element from Test Object's properties

2021-11-12 17:07:20 - [MESSAGE][INFO] - Checking timeout

2021-11-12 17:07:20 - [MESSAGE][INFO] - Finding web element with id: 'Object Repository/Olusturma/Genel/Olusturma/eArsivEttnBilgisi' located by 'By.xpath: //*[@id = 'Uuid_I']' in '7' second(s)

2021-11-12 17:07:20 - [MESSAGE][INFO] - Smart Wait Function is triggered

2021-11-12 17:07:20 - [MESSAGE][INFO] - Found 1 web elements with id: 'Object Repository/Olusturma/Genel/Olusturma/eArsivEttnBilgisi' located by 'By.xpath: //*[@id = 'Uuid_I']' in '7' second(s)

2021-11-12 17:07:20 - [MESSAGE][PASSED] - Object 'Object Repository/Olusturma/Genel/Olusturma/eArsivEttnBilgisi' is present

2021-11-12 17:07:20 - [TEST_STEP][PASSED] - ettn = getAttribute(findTestObject("Object Repository/Olusturma/Genel/Olusturma/eArsivEttnBilgisi"), "value"): Attribute 'value' of object 'Object Repository/Olusturma/Genel/Olusturma/eArsivEttnBilgisi' is: '95101d01-3e55-4f22-b826-c6c87f4de73e'

2021-11-12 17:07:20 - [MESSAGE][INFO] - Finding Test Object 'Object Repository/Olusturma/Genel/Olusturma/eArsivEttnBilgisi'

2021-11-12 17:07:20 - [MESSAGE][INFO] - Checking object

2021-11-12 17:07:20 - [MESSAGE][INFO] - Checking attribute

2021-11-12 17:07:20 - [MESSAGE][INFO] - Finding web element from Test Object's properties

2021-11-12 17:07:20 - [MESSAGE][INFO] - Checking timeout

2021-11-12 17:07:20 - [MESSAGE][INFO] - Finding web element with id: 'Object Repository/Olusturma/Genel/Olusturma/eArsivEttnBilgisi' located by 'By.xpath: //*[@id = 'Uuid_I']' in '30' second(s)

2021-11-12 17:07:20 - [MESSAGE][INFO] - Smart Wait Function is triggered

2021-11-12 17:07:21 - [MESSAGE][INFO] - Found 1 web elements with id: 'Object Repository/Olusturma/Genel/Olusturma/eArsivEttnBilgisi' located by 'By.xpath: //*[@id = 'Uuid_I']' in '30' second(s)

2021-11-12 17:07:21 - [MESSAGE][INFO] - Getting attribute 'value' of object 'Object Repository/Olusturma/Genel/Olusturma/eArsivEttnBilgisi'

2021-11-12 17:07:21 - [MESSAGE][PASSED] - Attribute 'value' of object 'Object Repository/Olusturma/Genel/Olusturma/eArsivEttnBilgisi' is: '95101d01-3e55-4f22-b826-c6c87f4de73e'

2021-11-12 17:07:21 - [MESSAGE][PASSED] - Call Test Case 'Test Cases/Olusturma/Genel/EttnBilgisiKayitEdilir' successfully

2021-11-12 17:07:21 - [MESSAGE][INFO] - Checking called Test Case

2021-11-12 17:07:21 - [MESSAGE][INFO] - Starting to call Test Case 'Test Cases/Olusturma/Genel/KaydetButonunaTiklanir'

2021-11-12 17:07:21 - [TEST_CASE][PASSED] - Test Cases/Olusturma/Genel/KaydetButonunaTiklanir: Test Cases/Olusturma/Genel/KaydetButonunaTiklanir

2021-11-12 17:07:21 - [TEST_STEP][PASSED] - i = 0: null

2021-11-12 17:07:21 - [TEST_STEP][PASSED] - waitForElementPresent(findTestObject("Olusturma/Genel/Not/Notlar"), 10): Object 'Object Repository/Olusturma/Genel/Not/Notlar' is present

2021-11-12 17:07:21 - [MESSAGE][INFO] - Finding Test Object 'Object Repository/Olusturma/Genel/Not/Notlar'

2021-11-12 17:07:21 - [MESSAGE][INFO] - Checking object

2021-11-12 17:07:21 - [MESSAGE][INFO] - Finding web element from Test Object's properties

2021-11-12 17:07:21 - [MESSAGE][INFO] - Checking timeout

2021-11-12 17:07:21 - [MESSAGE][INFO] - Finding web element with id: 'Object Repository/Olusturma/Genel/Not/Notlar' located by 'By.xpath: //*[@id = 'txtNote_I']' in '10' second(s)

2021-11-12 17:07:21 - [MESSAGE][INFO] - Smart Wait Function is triggered

2021-11-12 17:07:21 - [MESSAGE][INFO] - Found 1 web elements with id: 'Object Repository/Olusturma/Genel/Not/Notlar' located by 'By.xpath: //*[@id = 'txtNote_I']' in '10' second(s)

2021-11-12 17:07:21 - [MESSAGE][PASSED] - Object 'Object Repository/Olusturma/Genel/Not/Notlar' is present

2021-11-12 17:07:21 - [TEST_STEP][PASSED] - click(findTestObject("Olusturma/Genel/Not/Notlar")): Object: 'Object Repository/Olusturma/Genel/Not/Notlar' is clicked on

2021-11-12 17:07:21 - [MESSAGE][INFO] - Finding Test Object 'Object Repository/Olusturma/Genel/Not/Notlar'

2021-11-12 17:07:21 - [MESSAGE][INFO] - Checking object

2021-11-12 17:07:21 - [MESSAGE][INFO] - Finding web element from Test Object's properties

2021-11-12 17:07:21 - [MESSAGE][INFO] - Checking timeout

2021-11-12 17:07:21 - [MESSAGE][INFO] - Finding web element with id: 'Object Repository/Olusturma/Genel/Not/Notlar' located by 'By.xpath: //*[@id = 'txtNote_I']' in '30' second(s)

2021-11-12 17:07:21 - [MESSAGE][INFO] - Smart Wait Function is triggered

2021-11-12 17:07:22 - [MESSAGE][INFO] - Found 1 web elements with id: 'Object Repository/Olusturma/Genel/Not/Notlar' located by 'By.xpath: //*[@id = 'txtNote_I']' in '30' second(s)

2021-11-12 17:07:22 - [MESSAGE][INFO] - Clicking on object: 'Object Repository/Olusturma/Genel/Not/Notlar'

2021-11-12 17:07:22 - [MESSAGE][PASSED] - Object: 'Object Repository/Olusturma/Genel/Not/Notlar' is clicked on

2021-11-12 17:07:22 - [TEST_STEP][PASSED] - while (true): null

2021-11-12 17:07:22 - [TEST_STEP][PASSED] - delay(1): Delayed 1 second(s)

2021-11-12 17:07:22 - [MESSAGE][INFO] - Delaying browser in 1 second(s)

2021-11-12 17:07:23 - [MESSAGE][PASSED] - Delayed 1 second(s)

2021-11-12 17:07:23 - [TEST_STEP][PASSED] - ajaxIsComplete = executeJavaScript("return jQuery.active == 0", null): Execute JavaScript 'return jQuery.active == 0' successfully

2021-11-12 17:07:23 - [MESSAGE][PASSED] - Execute JavaScript 'return jQuery.active == 0' successfully

2021-11-12 17:07:23 - [TEST_STEP][PASSED] - if (ajaxIsComplete): null

2021-11-12 17:07:23 - [TEST_STEP][PASSED] - break: null

2021-11-12 17:07:23 - [TEST_STEP][PASSED] - waitForElementClickable(findTestObject("Object Repository/Olusturma/Genel/Buton"), 10): Object 'Object Repository/Olusturma/Genel/Buton' is clickable

2021-11-12 17:07:23 - [MESSAGE][INFO] - Finding Test Object 'Object Repository/Olusturma/Genel/Buton'

2021-11-12 17:07:23 - [MESSAGE][INFO] - Checking object

2021-11-12 17:07:23 - [MESSAGE][INFO] - Checking timeout

2021-11-12 17:07:23 - [MESSAGE][INFO] - Finding web element from Test Object's properties

2021-11-12 17:07:23 - [MESSAGE][INFO] - Checking timeout

2021-11-12 17:07:23 - [MESSAGE][INFO] - Finding web element with id: 'Object Repository/Olusturma/Genel/Buton' located by 'By.xpath: //*[@id = 'btnKaydet']' in '10' second(s)

2021-11-12 17:07:23 - [MESSAGE][INFO] - Smart Wait Function is triggered

2021-11-12 17:07:23 - [MESSAGE][INFO] - Found 1 web elements with id: 'Object Repository/Olusturma/Genel/Buton' located by 'By.xpath: //*[@id = 'btnKaydet']' in '10' second(s)

2021-11-12 17:07:23 - [MESSAGE][PASSED] - Object 'Object Repository/Olusturma/Genel/Buton' is clickable

2021-11-12 17:07:23 - [TEST_STEP][PASSED] - click(findTestObject("Object Repository/Olusturma/Genel/Buton")): Object: 'Object Repository/Olusturma/Genel/Buton' is clicked on

2021-11-12 17:07:23 - [MESSAGE][INFO] - Finding Test Object 'Object Repository/Olusturma/Genel/Buton'

2021-11-12 17:07:23 - [MESSAGE][INFO] - Checking object

2021-11-12 17:07:23 - [MESSAGE][INFO] - Finding web element from Test Object's properties

2021-11-12 17:07:23 - [MESSAGE][INFO] - Checking timeout

2021-11-12 17:07:23 - [MESSAGE][INFO] - Finding web element with id: 'Object Repository/Olusturma/Genel/Buton' located by 'By.xpath: //*[@id = 'btnKaydet']' in '30' second(s)

2021-11-12 17:07:23 - [MESSAGE][INFO] - Smart Wait Function is triggered

2021-11-12 17:07:23 - [MESSAGE][INFO] - Found 1 web elements with id: 'Object Repository/Olusturma/Genel/Buton' located by 'By.xpath: //*[@id = 'btnKaydet']' in '30' second(s)

2021-11-12 17:07:23 - [MESSAGE][INFO] - Clicking on object: 'Object Repository/Olusturma/Genel/Buton'

2021-11-12 17:07:26 - [MESSAGE][PASSED] - Object: 'Object Repository/Olusturma/Genel/Buton' is clicked on

2021-11-12 17:07:26 - [MESSAGE][PASSED] - Call Test Case 'Test Cases/Olusturma/Genel/KaydetButonunaTiklanir' successfully

2021-11-12 17:07:26 - [MESSAGE][INFO] - Checking called Test Case

2021-11-12 17:07:26 - [MESSAGE][INFO] - Starting to call Test Case 'Test Cases/Tablo/TablodaUnvanliVeriOlusturulduMu'

2021-11-12 17:07:26 - [TEST_CASE][PASSED] - Test Cases/Tablo/TablodaUnvanliVeriOlusturulduMu: Test Cases/Tablo/TablodaUnvanliVeriOlusturulduMu

2021-11-12 17:07:26 - [TEST_STEP][PASSED] - waitForElementVisible(findTestObject("Tablo/OlusturulanVeri"), 10, STOP_ON_FAILURE): Object 'Object Repository/Tablo/OlusturulanVeri' is visible

2021-11-12 17:07:26 - [MESSAGE][INFO] - Finding Test Object 'Object Repository/Tablo/OlusturulanVeri'

2021-11-12 17:07:26 - [MESSAGE][INFO] - Checking object

2021-11-12 17:07:26 - [MESSAGE][INFO] - Checking timeout

2021-11-12 17:07:26 - [MESSAGE][INFO] - Finding web element from Test Object's properties

2021-11-12 17:07:26 - [MESSAGE][INFO] - Checking timeout

2021-11-12 17:07:26 - [MESSAGE][INFO] - Finding web element with id: 'Object Repository/Tablo/OlusturulanVeri' located by 'By.cssSelector: table.dxgvTable_LECustomTheme>tbody>tr:nth-child(3)>td.dxgv b,table.dxgvTable_LECustomTheme>tbody>tr:nth-child(3)>td.dxgv' in '10' second(s)

2021-11-12 17:07:26 - [MESSAGE][INFO] - Smart Wait Function is triggered

2021-11-12 17:07:27 - [MESSAGE][INFO] - Found 14 web elements with id: 'Object Repository/Tablo/OlusturulanVeri' located by 'By.cssSelector: table.dxgvTable_LECustomTheme>tbody>tr:nth-child(3)>td.dxgv b,table.dxgvTable_LECustomTheme>tbody>tr:nth-child(3)>td.dxgv' in '10' second(s)

2021-11-12 17:07:27 - [MESSAGE][PASSED] - Object 'Object Repository/Tablo/OlusturulanVeri' is visible

2021-11-12 17:07:27 - [TEST_STEP][PASSED] - Method.TextDegerineEsitElementVarMi(findTestObject("Tablo/OlusturulanVeri"), Unvan): Method.TextDegerineEsitElementVarMi is PASSED

2021-11-12 17:07:27 - [MESSAGE][INFO] - Finding Test Object 'Object Repository/Tablo/OlusturulanVeri'

2021-11-12 17:07:27 - [MESSAGE][INFO] - Checking timeout

2021-11-12 17:07:27 - [MESSAGE][INFO] - Finding web element with id: 'Object Repository/Tablo/OlusturulanVeri' located by 'By.cssSelector: table.dxgvTable_LECustomTheme>tbody>tr:nth-child(3)>td.dxgv b,table.dxgvTable_LECustomTheme>tbody>tr:nth-child(3)>td.dxgv' in '10' second(s)

2021-11-12 17:07:27 - [MESSAGE][INFO] - Smart Wait Function is triggered

2021-11-12 17:07:27 - [MESSAGE][INFO] - Found 14 web elements with id: 'Object Repository/Tablo/OlusturulanVeri' located by 'By.cssSelector: table.dxgvTable_LECustomTheme>tbody>tr:nth-child(3)>td.dxgv b,table.dxgvTable_LECustomTheme>tbody>tr:nth-child(3)>td.dxgv' in '10' second(s)

2021-11-12 17:07:27 - [MESSAGE][PASSED] - Method.TextDegerineEsitElementVarMi is PASSED

2021-11-12 17:07:27 - [MESSAGE][PASSED] - Call Test Case 'Test Cases/Tablo/TablodaUnvanliVeriOlusturulduMu' successfully

2021-11-12 17:07:27 - [MESSAGE][INFO] - Checking called Test Case

2021-11-12 17:07:27 - [MESSAGE][INFO] - Starting to call Test Case 'Test Cases/Tablo/TablodanVeriSec'

2021-11-12 17:07:27 - [TEST_CASE][PASSED] - Test Cases/Tablo/TablodanVeriSec: Test Cases/Tablo/TablodanVeriSec

2021-11-12 17:07:27 - [TEST_STEP][PASSED] - Method.TextDegerineEsitElementinAltindakineTikla(findTestObject("Tablo/Veriler"), findTestObject("Tablo/VerininCheckBoxi"), Veri_Adi): Method.TextDegerineEsitElementinAltindakineTikla is PASSED

2021-11-12 17:07:27 - [MESSAGE][INFO] - Finding Test Object 'Object Repository/Tablo/Veriler'

2021-11-12 17:07:27 - [MESSAGE][INFO] - Finding Test Object 'Object Repository/Tablo/VerininCheckBoxi'

2021-11-12 17:07:27 - [MESSAGE][INFO] - Checking timeout

2021-11-12 17:07:27 - [MESSAGE][INFO] - Finding web element with id: 'Object Repository/Tablo/Veriler' located by 'By.cssSelector: td.dxgv b ,td.dxgv' in '10' second(s)

2021-11-12 17:07:27 - [MESSAGE][INFO] - Smart Wait Function is triggered

2021-11-12 17:07:28 - [MESSAGE][INFO] - Found 140 web elements with id: 'Object Repository/Tablo/Veriler' located by 'By.cssSelector: td.dxgv b ,td.dxgv' in '10' second(s)

2021-11-12 17:07:28 - [MESSAGE][INFO] - Smart Wait Function is triggered

2021-11-12 17:07:28 - [MESSAGE][PASSED] - Method.TextDegerineEsitElementinAltindakineTikla is PASSED

2021-11-12 17:07:28 - [MESSAGE][PASSED] - Call Test Case 'Test Cases/Tablo/TablodanVeriSec' successfully

2021-11-12 17:07:28 - [MESSAGE][INFO] - Checking called Test Case

2021-11-12 17:07:28 - [MESSAGE][INFO] - Starting to call Test Case 'Test Cases/Butonlar/ButonaTikla'

2021-11-12 17:07:28 - [TEST_CASE][PASSED] - Test Cases/Butonlar/ButonaTikla: Test Cases/Butonlar/ButonaTikla

2021-11-12 17:07:28 - [TEST_STEP][PASSED] - Method.TextDegerineEsitElementeTiklaEquals(findTestObject("Butonlar/Butonlar"), Buton_Adi): Method.TextDegerineEsitElementeTiklaEquals is PASSED

2021-11-12 17:07:28 - [MESSAGE][INFO] - Finding Test Object 'Object Repository/Butonlar/Butonlar'

2021-11-12 17:07:28 - [MESSAGE][INFO] - Checking timeout

2021-11-12 17:07:28 - [MESSAGE][INFO] - Finding web element with id: 'Object Repository/Butonlar/Butonlar' located by 'By.cssSelector: .panel.panel-default.text-center.footerPanel .btn,.btn.btn-primary.btnControls' in '10' second(s)

2021-11-12 17:07:28 - [MESSAGE][INFO] - Smart Wait Function is triggered

2021-11-12 17:07:29 - [MESSAGE][INFO] - Found 10 web elements with id: 'Object Repository/Butonlar/Butonlar' located by 'By.cssSelector: .panel.panel-default.text-center.footerPanel .btn,.btn.btn-primary.btnControls' in '10' second(s)

2021-11-12 17:07:29 - [MESSAGE][PASSED] - Method.TextDegerineEsitElementeTiklaEquals is PASSED

2021-11-12 17:07:29 - [MESSAGE][PASSED] - Call Test Case 'Test Cases/Butonlar/ButonaTikla' successfully

2021-11-12 17:07:29 - [MESSAGE][INFO] - Checking called Test Case

2021-11-12 17:07:29 - [MESSAGE][INFO] - Starting to call Test Case 'Test Cases/Popup/PopupMesajiIceriyorMu'

2021-11-12 17:07:29 - [TEST_CASE][PASSED] - Test Cases/Popup/PopupMesajiIceriyorMu: Test Cases/Popup/PopupMesajiIceriyorMu

2021-11-12 17:07:30 - [TEST_STEP][PASSED] - waitForElementVisible(findTestObject("Popup/Popup"), 10): Object 'Object Repository/Popup/Popup' is visible

2021-11-12 17:07:30 - [MESSAGE][INFO] - Finding Test Object 'Object Repository/Popup/Popup'

2021-11-12 17:07:30 - [MESSAGE][INFO] - Checking object

2021-11-12 17:07:30 - [MESSAGE][INFO] - Checking timeout

2021-11-12 17:07:30 - [MESSAGE][INFO] - Finding web element from Test Object's properties

2021-11-12 17:07:30 - [MESSAGE][INFO] - Checking timeout

2021-11-12 17:07:30 - [MESSAGE][INFO] - Finding web element with id: 'Object Repository/Popup/Popup' located by 'By.cssSelector: .bootbox-body' in '10' second(s)

2021-11-12 17:07:30 - [MESSAGE][INFO] - Smart Wait Function is triggered

2021-11-12 17:07:30 - [MESSAGE][INFO] - Found 1 web elements with id: 'Object Repository/Popup/Popup' located by 'By.cssSelector: .bootbox-body' in '10' second(s)

2021-11-12 17:07:30 - [MESSAGE][PASSED] - Object 'Object Repository/Popup/Popup' is visible

2021-11-12 17:07:30 - [TEST_STEP][PASSED] - if (!(getText(findTestObject("Popup/Popup")).contains(Mesaj))): Text of object 'Object Repository/Popup/Popup' is: 'Oluşturulacak fatura numarası : MRT2021000000314 Fatura numarası oluşturulduktan sonra fatura silinemez. Fatura numarası, tarihi ve ön eki değiştirilemez. Devam etmek istiyor musunuz?'

2021-11-12 17:07:30 - [MESSAGE][INFO] - Finding Test Object 'Object Repository/Popup/Popup'

2021-11-12 17:07:31 - [MESSAGE][INFO] - Checking object

2021-11-12 17:07:31 - [MESSAGE][INFO] - Finding web element from Test Object's properties

2021-11-12 17:07:31 - [MESSAGE][INFO] - Checking timeout

2021-11-12 17:07:31 - [MESSAGE][INFO] - Finding web element with id: 'Object Repository/Popup/Popup' located by 'By.cssSelector: .bootbox-body' in '30' second(s)

2021-11-12 17:07:31 - [MESSAGE][INFO] - Smart Wait Function is triggered

2021-11-12 17:07:31 - [MESSAGE][INFO] - Found 1 web elements with id: 'Object Repository/Popup/Popup' located by 'By.cssSelector: .bootbox-body' in '30' second(s)

2021-11-12 17:07:31 - [MESSAGE][INFO] - Getting text of object 'Object Repository/Popup/Popup'

2021-11-12 17:07:31 - [MESSAGE][PASSED] - Text of object 'Object Repository/Popup/Popup' is: 'Oluşturulacak fatura numarası : MRT2021000000314 Fatura numarası oluşturulduktan sonra fatura silinemez. Fatura numarası, tarihi ve ön eki değiştirilemez. Devam etmek istiyor musunuz?'

2021-11-12 17:07:31 - [TEST_STEP][PASSED] - RaporNo = getText(findTestObject("Popup/Popup")).substring(0, 6): Text of object 'Object Repository/Popup/Popup' is: 'Oluşturulacak fatura numarası : MRT2021000000314 Fatura numarası oluşturulduktan sonra fatura silinemez. Fatura numarası, tarihi ve ön eki değiştirilemez. Devam etmek istiyor musunuz?'

2021-11-12 17:07:31 - [MESSAGE][INFO] - Finding Test Object 'Object Repository/Popup/Popup'

2021-11-12 17:07:31 - [MESSAGE][INFO] - Checking object

2021-11-12 17:07:31 - [MESSAGE][INFO] - Finding web element from Test Object's properties

2021-11-12 17:07:31 - [MESSAGE][INFO] - Checking timeout

2021-11-12 17:07:31 - [MESSAGE][INFO] - Finding web element with id: 'Object Repository/Popup/Popup' located by 'By.cssSelector: .bootbox-body' in '30' second(s)

2021-11-12 17:07:31 - [MESSAGE][INFO] - Smart Wait Function is triggered

2021-11-12 17:07:31 - [MESSAGE][INFO] - Found 1 web elements with id: 'Object Repository/Popup/Popup' located by 'By.cssSelector: .bootbox-body' in '30' second(s)

2021-11-12 17:07:31 - [MESSAGE][INFO] - Getting text of object 'Object Repository/Popup/Popup'

2021-11-12 17:07:31 - [MESSAGE][PASSED] - Text of object 'Object Repository/Popup/Popup' is: 'Oluşturulacak fatura numarası : MRT2021000000314 Fatura numarası oluşturulduktan sonra fatura silinemez. Fatura numarası, tarihi ve ön eki değiştirilemez. Devam etmek istiyor musunuz?'

2021-11-12 17:07:31 - [TEST_STEP][PASSED] - Console.println(RaporNo): null

2021-11-12 17:07:31 - [MESSAGE][PASSED] - Call Test Case 'Test Cases/Popup/PopupMesajiIceriyorMu' successfully

2021-11-12 17:07:31 - [MESSAGE][INFO] - Checking called Test Case

2021-11-12 17:07:31 - [MESSAGE][INFO] - Starting to call Test Case 'Test Cases/Popup/PopupButonSecilir'

2021-11-12 17:07:31 - [TEST_CASE][PASSED] - Test Cases/Popup/PopupButonSecilir: Test Cases/Popup/PopupButonSecilir

2021-11-12 17:07:32 - [TEST_STEP][PASSED] - Method.TextDegerineEsitElementeTikla(findTestObject("Popup/Popup_Butons"), Buton): Method.TextDegerineEsitElementeTikla is PASSED

2021-11-12 17:07:32 - [MESSAGE][INFO] - Finding Test Object 'Object Repository/Popup/Popup_Butons'

2021-11-12 17:07:32 - [MESSAGE][INFO] - Checking timeout

2021-11-12 17:07:32 - [MESSAGE][INFO] - Finding web element with id: 'Object Repository/Popup/Popup_Butons' located by 'By.cssSelector: .modal-footer>button' in '10' second(s)

2021-11-12 17:07:32 - [MESSAGE][INFO] - Smart Wait Function is triggered

2021-11-12 17:07:32 - [MESSAGE][INFO] - Found 2 web elements with id: 'Object Repository/Popup/Popup_Butons' located by 'By.cssSelector: .modal-footer>button' in '10' second(s)

2021-11-12 17:07:33 - [MESSAGE][PASSED] - Method.TextDegerineEsitElementeTikla is PASSED

2021-11-12 17:07:33 - [MESSAGE][PASSED] - Call Test Case 'Test Cases/Popup/PopupButonSecilir' successfully

2021-11-12 17:07:33 - [MESSAGE][INFO] - Checking called Test Case

2021-11-12 17:07:33 - [MESSAGE][INFO] - Starting to call Test Case 'Test Cases/Popup/PopupMesajiIceriyorMu'

2021-11-12 17:07:33 - [TEST_CASE][PASSED] - Test Cases/Popup/PopupMesajiIceriyorMu: Test Cases/Popup/PopupMesajiIceriyorMu

2021-11-12 17:07:33 - [TEST_STEP][PASSED] - waitForElementVisible(findTestObject("Popup/Popup"), 10): Object 'Object Repository/Popup/Popup' is visible

2021-11-12 17:07:33 - [MESSAGE][INFO] - Finding Test Object 'Object Repository/Popup/Popup'

2021-11-12 17:07:33 - [MESSAGE][INFO] - Checking object

2021-11-12 17:07:33 - [MESSAGE][INFO] - Checking timeout

2021-11-12 17:07:33 - [MESSAGE][INFO] - Finding web element from Test Object's properties

2021-11-12 17:07:33 - [MESSAGE][INFO] - Checking timeout

2021-11-12 17:07:33 - [MESSAGE][INFO] - Finding web element with id: 'Object Repository/Popup/Popup' located by 'By.cssSelector: .bootbox-body' in '10' second(s)

2021-11-12 17:07:33 - [MESSAGE][INFO] - Smart Wait Function is triggered

2021-11-12 17:07:34 - [MESSAGE][INFO] - Found 1 web elements with id: 'Object Repository/Popup/Popup' located by 'By.cssSelector: .bootbox-body' in '10' second(s)

2021-11-12 17:07:34 - [MESSAGE][PASSED] - Object 'Object Repository/Popup/Popup' is visible

2021-11-12 17:07:34 - [TEST_STEP][PASSED] - if (!(getText(findTestObject("Popup/Popup")).contains(Mesaj))): Text of object 'Object Repository/Popup/Popup' is: 'Fatura numaranız MRT2021000000314 olarak oluşmuştur.'

2021-11-12 17:07:34 - [MESSAGE][INFO] - Finding Test Object 'Object Repository/Popup/Popup'

2021-11-12 17:07:34 - [MESSAGE][INFO] - Checking object

2021-11-12 17:07:34 - [MESSAGE][INFO] - Finding web element from Test Object's properties

2021-11-12 17:07:34 - [MESSAGE][INFO] - Checking timeout

2021-11-12 17:07:34 - [MESSAGE][INFO] - Finding web element with id: 'Object Repository/Popup/Popup' located by 'By.cssSelector: .bootbox-body' in '30' second(s)

2021-11-12 17:07:34 - [MESSAGE][INFO] - Smart Wait Function is triggered

2021-11-12 17:07:34 - [MESSAGE][INFO] - Found 1 web elements with id: 'Object Repository/Popup/Popup' located by 'By.cssSelector: .bootbox-body' in '30' second(s)

2021-11-12 17:07:34 - [MESSAGE][INFO] - Getting text of object 'Object Repository/Popup/Popup'

2021-11-12 17:07:34 - [MESSAGE][PASSED] - Text of object 'Object Repository/Popup/Popup' is: 'Fatura numaranız MRT2021000000314 olarak oluşmuştur.'

2021-11-12 17:07:34 - [TEST_STEP][PASSED] - RaporNo = getText(findTestObject("Popup/Popup")).substring(0, 6): Text of object 'Object Repository/Popup/Popup' is: 'Fatura numaranız MRT2021000000314 olarak oluşmuştur.'

2021-11-12 17:07:34 - [MESSAGE][INFO] - Finding Test Object 'Object Repository/Popup/Popup'

2021-11-12 17:07:34 - [MESSAGE][INFO] - Checking object

2021-11-12 17:07:34 - [MESSAGE][INFO] - Finding web element from Test Object's properties

2021-11-12 17:07:34 - [MESSAGE][INFO] - Checking timeout

2021-11-12 17:07:34 - [MESSAGE][INFO] - Finding web element with id: 'Object Repository/Popup/Popup' located by 'By.cssSelector: .bootbox-body' in '30' second(s)

2021-11-12 17:07:34 - [MESSAGE][INFO] - Smart Wait Function is triggered

2021-11-12 17:07:35 - [MESSAGE][INFO] - Found 1 web elements with id: 'Object Repository/Popup/Popup' located by 'By.cssSelector: .bootbox-body' in '30' second(s)

2021-11-12 17:07:35 - [MESSAGE][INFO] - Getting text of object 'Object Repository/Popup/Popup'

2021-11-12 17:07:35 - [MESSAGE][PASSED] - Text of object 'Object Repository/Popup/Popup' is: 'Fatura numaranız MRT2021000000314 olarak oluşmuştur.'

2021-11-12 17:07:35 - [TEST_STEP][PASSED] - Console.println(RaporNo): null

2021-11-12 17:07:35 - [MESSAGE][PASSED] - Call Test Case 'Test Cases/Popup/PopupMesajiIceriyorMu' successfully

2021-11-12 17:07:35 - [MESSAGE][INFO] - Checking called Test Case

2021-11-12 17:07:35 - [MESSAGE][INFO] - Starting to call Test Case 'Test Cases/Popup/PopupButonSecilir'

2021-11-12 17:07:35 - [TEST_CASE][PASSED] - Test Cases/Popup/PopupButonSecilir: Test Cases/Popup/PopupButonSecilir

2021-11-12 17:07:35 - [TEST_STEP][PASSED] - Method.TextDegerineEsitElementeTikla(findTestObject("Popup/Popup_Butons"), Buton): Method.TextDegerineEsitElementeTikla is PASSED

2021-11-12 17:07:35 - [MESSAGE][INFO] - Finding Test Object 'Object Repository/Popup/Popup_Butons'

2021-11-12 17:07:35 - [MESSAGE][INFO] - Checking timeout

2021-11-12 17:07:35 - [MESSAGE][INFO] - Finding web element with id: 'Object Repository/Popup/Popup_Butons' located by 'By.cssSelector: .modal-footer>button' in '10' second(s)

2021-11-12 17:07:35 - [MESSAGE][INFO] - Smart Wait Function is triggered

2021-11-12 17:07:35 - [MESSAGE][INFO] - Found 1 web elements with id: 'Object Repository/Popup/Popup_Butons' located by 'By.cssSelector: .modal-footer>button' in '10' second(s)

2021-11-12 17:07:35 - [MESSAGE][PASSED] - Method.TextDegerineEsitElementeTikla is PASSED

2021-11-12 17:07:35 - [MESSAGE][PASSED] - Call Test Case 'Test Cases/Popup/PopupButonSecilir' successfully

2021-11-12 17:07:35 - [MESSAGE][INFO] - Checking called Test Case

2021-11-12 17:07:35 - [MESSAGE][INFO] - Starting to call Test Case 'Test Cases/Tablo/TablodanVeriSec'

2021-11-12 17:07:35 - [TEST_CASE][PASSED] - Test Cases/Tablo/TablodanVeriSec: Test Cases/Tablo/TablodanVeriSec

2021-11-12 17:07:35 - [TEST_STEP][PASSED] - Method.TextDegerineEsitElementinAltindakineTikla(findTestObject("Tablo/Veriler"), findTestObject("Tablo/VerininCheckBoxi"), Veri_Adi): Method.TextDegerineEsitElementinAltindakineTikla is PASSED

2021-11-12 17:07:35 - [MESSAGE][INFO] - Finding Test Object 'Object Repository/Tablo/Veriler'

2021-11-12 17:07:35 - [MESSAGE][INFO] - Finding Test Object 'Object Repository/Tablo/VerininCheckBoxi'

2021-11-12 17:07:35 - [MESSAGE][INFO] - Checking timeout

2021-11-12 17:07:35 - [MESSAGE][INFO] - Finding web element with id: 'Object Repository/Tablo/Veriler' located by 'By.cssSelector: td.dxgv b ,td.dxgv' in '10' second(s)

2021-11-12 17:07:35 - [MESSAGE][INFO] - Smart Wait Function is triggered

2021-11-12 17:07:36 - [MESSAGE][INFO] - Found 140 web elements with id: 'Object Repository/Tablo/Veriler' located by 'By.cssSelector: td.dxgv b ,td.dxgv' in '10' second(s)

2021-11-12 17:07:36 - [MESSAGE][INFO] - Smart Wait Function is triggered

2021-11-12 17:07:36 - [MESSAGE][PASSED] - Method.TextDegerineEsitElementinAltindakineTikla is PASSED

2021-11-12 17:07:36 - [MESSAGE][PASSED] - Call Test Case 'Test Cases/Tablo/TablodanVeriSec' successfully

2021-11-12 17:07:36 - [MESSAGE][INFO] - Checking called Test Case

2021-11-12 17:07:36 - [MESSAGE][INFO] - Starting to call Test Case 'Test Cases/Butonlar/ButonaTikla'

2021-11-12 17:07:36 - [TEST_CASE][PASSED] - Test Cases/Butonlar/ButonaTikla: Test Cases/Butonlar/ButonaTikla

2021-11-12 17:07:36 - [TEST_STEP][PASSED] - Method.TextDegerineEsitElementeTiklaEquals(findTestObject("Butonlar/Butonlar"), Buton_Adi): Method.TextDegerineEsitElementeTiklaEquals is PASSED

2021-11-12 17:07:36 - [MESSAGE][INFO] - Finding Test Object 'Object Repository/Butonlar/Butonlar'

2021-11-12 17:07:37 - [MESSAGE][INFO] - Checking timeout

2021-11-12 17:07:37 - [MESSAGE][INFO] - Finding web element with id: 'Object Repository/Butonlar/Butonlar' located by 'By.cssSelector: .panel.panel-default.text-center.footerPanel .btn,.btn.btn-primary.btnControls' in '10' second(s)

2021-11-12 17:07:37 - [MESSAGE][INFO] - Smart Wait Function is triggered

2021-11-12 17:07:37 - [MESSAGE][INFO] - Found 10 web elements with id: 'Object Repository/Butonlar/Butonlar' located by 'By.cssSelector: .panel.panel-default.text-center.footerPanel .btn,.btn.btn-primary.btnControls' in '10' second(s)

2021-11-12 17:07:37 - [MESSAGE][PASSED] - Method.TextDegerineEsitElementeTiklaEquals is PASSED

2021-11-12 17:07:37 - [MESSAGE][PASSED] - Call Test Case 'Test Cases/Butonlar/ButonaTikla' successfully

2021-11-12 17:07:37 - [MESSAGE][INFO] - Checking called Test Case

2021-11-12 17:07:37 - [MESSAGE][INFO] - Starting to call Test Case 'Test Cases/Sekmeler/YeniSekmeyeGec'

2021-11-12 17:07:38 - [TEST_CASE][PASSED] - Test Cases/Sekmeler/YeniSekmeyeGec: Test Cases/Sekmeler/YeniSekmeyeGec

2021-11-12 17:07:38 - [TEST_STEP][PASSED] - switchToWindowIndex(1): Switched to window with index: '1'

2021-11-12 17:07:38 - [MESSAGE][INFO] - Checking index

2021-11-12 17:07:38 - [MESSAGE][INFO] - Switching window with index: '1'

2021-11-12 17:07:38 - [MESSAGE][PASSED] - Switched to window with index: '1'

2021-11-12 17:07:38 - [MESSAGE][PASSED] - Call Test Case 'Test Cases/Sekmeler/YeniSekmeyeGec' successfully

2021-11-12 17:07:38 - [MESSAGE][INFO] - Checking called Test Case

2021-11-12 17:07:38 - [MESSAGE][INFO] - Starting to call Test Case 'Test Cases/Sekmeler/YeniSekmeBasligindaVarMi'

2021-11-12 17:07:38 - [TEST_CASE][PASSED] - Test Cases/Sekmeler/YeniSekmeBasligindaVarMi: Test Cases/Sekmeler/YeniSekmeBasligindaVarMi

2021-11-12 17:07:39 - [TEST_STEP][PASSED] - verifyElementText(findTestObject("Object Repository/Sekmeler/Olusturma_Goster_Baslik"), Title): Actual text and expected text of test object 'Object Repository/Sekmeler/Olusturma_Goster_Baslik' are matched.

2021-11-12 17:07:39 - [MESSAGE][INFO] - Finding Test Object 'Object Repository/Sekmeler/Olusturma_Goster_Baslik'

2021-11-12 17:07:39 - [MESSAGE][INFO] - Checking object

2021-11-12 17:07:39 - [MESSAGE][INFO] - Finding web element from Test Object's properties

2021-11-12 17:07:39 - [MESSAGE][INFO] - Checking timeout

2021-11-12 17:07:39 - [MESSAGE][INFO] - Finding web element with id: 'Object Repository/Sekmeler/Olusturma_Goster_Baslik' located by 'By.cssSelector: h1>span,td>font,font' in '30' second(s)

2021-11-12 17:07:39 - [MESSAGE][INFO] - Smart Wait Function is triggered

2021-11-12 17:07:39 - [MESSAGE][INFO] - Found 1 web elements with id: 'Object Repository/Sekmeler/Olusturma_Goster_Baslik' located by 'By.cssSelector: h1>span,td>font,font' in '30' second(s)

2021-11-12 17:07:40 - [MESSAGE][PASSED] - Actual text and expected text of test object 'Object Repository/Sekmeler/Olusturma_Goster_Baslik' are matched.

2021-11-12 17:07:40 - [MESSAGE][PASSED] - Call Test Case 'Test Cases/Sekmeler/YeniSekmeBasligindaVarMi' successfully

2021-11-12 17:07:40 - [MESSAGE][INFO] - Checking called Test Case

2021-11-12 17:07:40 - [MESSAGE][INFO] - Starting to call Test Case 'Test Cases/Sekmeler/Ana_Sekmeye_Gec'

2021-11-12 17:07:40 - [TEST_CASE][PASSED] - Test Cases/Sekmeler/Ana_Sekmeye_Gec: Test Cases/Sekmeler/Ana_Sekmeye_Gec

2021-11-12 17:07:40 - [TEST_STEP][PASSED] - try: Window with index 1 is closed

2021-11-12 17:07:40 - [TEST_STEP][PASSED] - index = getWindowIndex(): Current window's index is: 1

2021-11-12 17:07:40 - [MESSAGE][INFO] - Getting current window's index

2021-11-12 17:07:40 - [MESSAGE][PASSED] - Current window's index is: 1

2021-11-12 17:07:40 - [TEST_STEP][PASSED] - closeWindowIndex(index): Window with index 1 is closed

2021-11-12 17:07:40 - [MESSAGE][INFO] - Checking index

2021-11-12 17:07:40 - [MESSAGE][INFO] - Closing window with index 1

2021-11-12 17:07:40 - [MESSAGE][PASSED] - Window with index 1 is closed

2021-11-12 17:07:40 - [TEST_STEP][PASSED] - switchToWindowIndex(0): Switched to window with index: '0'

2021-11-12 17:07:40 - [MESSAGE][INFO] - Checking index

2021-11-12 17:07:40 - [MESSAGE][INFO] - Switching window with index: '0'

2021-11-12 17:07:40 - [MESSAGE][PASSED] - Switched to window with index: '0'

2021-11-12 17:07:40 - [MESSAGE][PASSED] - Call Test Case 'Test Cases/Sekmeler/Ana_Sekmeye_Gec' successfully

2021-11-12 17:07:40 - [MESSAGE][INFO] - Checking called Test Case

2021-11-12 17:07:40 - [MESSAGE][INFO] - Starting to call Test Case 'Test Cases/Butonlar/ButonaTikla'

2021-11-12 17:07:40 - [TEST_CASE][PASSED] - Test Cases/Butonlar/ButonaTikla: Test Cases/Butonlar/ButonaTikla

2021-11-12 17:07:40 - [TEST_STEP][PASSED] - Method.TextDegerineEsitElementeTiklaEquals(findTestObject("Butonlar/Butonlar"), Buton_Adi): Method.TextDegerineEsitElementeTiklaEquals is PASSED

2021-11-12 17:07:40 - [MESSAGE][INFO] - Finding Test Object 'Object Repository/Butonlar/Butonlar'

2021-11-12 17:07:41 - [MESSAGE][INFO] - Checking timeout

2021-11-12 17:07:41 - [MESSAGE][INFO] - Finding web element with id: 'Object Repository/Butonlar/Butonlar' located by 'By.cssSelector: .panel.panel-default.text-center.footerPanel .btn,.btn.btn-primary.btnControls' in '10' second(s)

2021-11-12 17:07:41 - [MESSAGE][INFO] - Smart Wait Function is triggered

2021-11-12 17:07:41 - [MESSAGE][INFO] - Found 10 web elements with id: 'Object Repository/Butonlar/Butonlar' located by 'By.cssSelector: .panel.panel-default.text-center.footerPanel .btn,.btn.btn-primary.btnControls' in '10' second(s)

2021-11-12 17:07:41 - [MESSAGE][PASSED] - Method.TextDegerineEsitElementeTiklaEquals is PASSED

2021-11-12 17:07:41 - [MESSAGE][PASSED] - Call Test Case 'Test Cases/Butonlar/ButonaTikla' successfully

2021-11-12 17:07:41 - [MESSAGE][INFO] - Checking called Test Case

2021-11-12 17:07:41 - [MESSAGE][INFO] - Starting to call Test Case 'Test Cases/Sekmeler/YeniSekmeyeGec'

2021-11-12 17:07:41 - [TEST_CASE][PASSED] - Test Cases/Sekmeler/YeniSekmeyeGec: Test Cases/Sekmeler/YeniSekmeyeGec

2021-11-12 17:07:41 - [TEST_STEP][PASSED] - switchToWindowIndex(1): Switched to window with index: '1'

2021-11-12 17:07:41 - [MESSAGE][INFO] - Checking index

2021-11-12 17:07:41 - [MESSAGE][INFO] - Switching window with index: '1'

2021-11-12 17:07:41 - [MESSAGE][PASSED] - Switched to window with index: '1'

2021-11-12 17:07:41 - [MESSAGE][PASSED] - Call Test Case 'Test Cases/Sekmeler/YeniSekmeyeGec' successfully

2021-11-12 17:07:41 - [MESSAGE][INFO] - Checking called Test Case

2021-11-12 17:07:41 - [MESSAGE][INFO] - Starting to call Test Case 'Test Cases/Sekmeler/TagGeldiMi'

2021-11-12 17:07:41 - [TEST_CASE][PASSED] - Test Cases/Sekmeler/TagGeldiMi: Test Cases/Sekmeler/TagGeldiMi

2021-11-12 17:07:42 - [TEST_STEP][PASSED] - waitForElementPresent(findTestObject("Object Repository/Sekmeler/UBLTag"), 10): Object 'Object Repository/Sekmeler/UBLTag' is present

2021-11-12 17:07:42 - [MESSAGE][INFO] - Finding Test Object 'Object Repository/Sekmeler/UBLTag'

2021-11-12 17:07:43 - [MESSAGE][INFO] - Checking object

2021-11-12 17:07:43 - [MESSAGE][INFO] - Finding web element from Test Object's properties

2021-11-12 17:07:43 - [MESSAGE][INFO] - Checking timeout

2021-11-12 17:07:43 - [MESSAGE][INFO] - Finding web element with id: 'Object Repository/Sekmeler/UBLTag' located by 'By.cssSelector: #webkit-xml-viewer-source-xml>:first-child' in '10' second(s)

2021-11-12 17:07:43 - [MESSAGE][INFO] - Smart Wait Function is triggered

2021-11-12 17:07:43 - [MESSAGE][INFO] - Found 1 web elements with id: 'Object Repository/Sekmeler/UBLTag' located by 'By.cssSelector: #webkit-xml-viewer-source-xml>:first-child' in '10' second(s)

2021-11-12 17:07:43 - [MESSAGE][PASSED] - Object 'Object Repository/Sekmeler/UBLTag' is present

2021-11-12 17:07:43 - [TEST_STEP][PASSED] - println(toLowerCase().toString()): Found 1 web elements with id: 'Object Repository/Sekmeler/UBLTag' located by 'By.cssSelector: #webkit-xml-viewer-source-xml>:first-child' in '10' second(s)

2021-11-12 17:07:43 - [MESSAGE][INFO] - Finding Test Object 'Object Repository/Sekmeler/UBLTag'

2021-11-12 17:07:43 - [MESSAGE][INFO] - Finding web element from Test Object's properties

2021-11-12 17:07:43 - [MESSAGE][INFO] - Checking timeout

2021-11-12 17:07:43 - [MESSAGE][INFO] - Finding web element with id: 'Object Repository/Sekmeler/UBLTag' located by 'By.cssSelector: #webkit-xml-viewer-source-xml>:first-child' in '10' second(s)

2021-11-12 17:07:43 - [MESSAGE][INFO] - Smart Wait Function is triggered

2021-11-12 17:07:43 - [MESSAGE][INFO] - Found 1 web elements with id: 'Object Repository/Sekmeler/UBLTag' located by 'By.cssSelector: #webkit-xml-viewer-source-xml>:first-child' in '10' second(s)

2021-11-12 17:07:43 - [TEST_STEP][PASSED] - if (!(toString().contains(toString().toLowerCase()))): Found 1 web elements with id: 'Object Repository/Sekmeler/UBLTag' located by 'By.cssSelector: #webkit-xml-viewer-source-xml>:first-child' in '10' second(s)

2021-11-12 17:07:43 - [MESSAGE][INFO] - Finding Test Object 'Object Repository/Sekmeler/UBLTag'

2021-11-12 17:07:43 - [MESSAGE][INFO] - Finding web element from Test Object's properties

2021-11-12 17:07:43 - [MESSAGE][INFO] - Checking timeout

2021-11-12 17:07:43 - [MESSAGE][INFO] - Finding web element with id: 'Object Repository/Sekmeler/UBLTag' located by 'By.cssSelector: #webkit-xml-viewer-source-xml>:first-child' in '10' second(s)

2021-11-12 17:07:43 - [MESSAGE][INFO] - Smart Wait Function is triggered

2021-11-12 17:07:43 - [MESSAGE][INFO] - Found 1 web elements with id: 'Object Repository/Sekmeler/UBLTag' located by 'By.cssSelector: #webkit-xml-viewer-source-xml>:first-child' in '10' second(s)

2021-11-12 17:07:43 - [MESSAGE][PASSED] - Call Test Case 'Test Cases/Sekmeler/TagGeldiMi' successfully

2021-11-12 17:07:43 - [MESSAGE][INFO] - Checking called Test Case

2021-11-12 17:07:43 - [MESSAGE][INFO] - Starting to call Test Case 'Test Cases/Sekmeler/Ana_Sekmeye_Gec'

2021-11-12 17:07:43 - [TEST_CASE][PASSED] - Test Cases/Sekmeler/Ana_Sekmeye_Gec: Test Cases/Sekmeler/Ana_Sekmeye_Gec

2021-11-12 17:07:43 - [TEST_STEP][PASSED] - try: Window with index 1 is closed

2021-11-12 17:07:43 - [TEST_STEP][PASSED] - index = getWindowIndex(): Current window's index is: 1

2021-11-12 17:07:43 - [MESSAGE][INFO] - Getting current window's index

2021-11-12 17:07:43 - [MESSAGE][PASSED] - Current window's index is: 1

2021-11-12 17:07:43 - [TEST_STEP][PASSED] - closeWindowIndex(index): Window with index 1 is closed

2021-11-12 17:07:43 - [MESSAGE][INFO] - Checking index

2021-11-12 17:07:43 - [MESSAGE][INFO] - Closing window with index 1

2021-11-12 17:07:43 - [MESSAGE][PASSED] - Window with index 1 is closed

2021-11-12 17:07:43 - [TEST_STEP][PASSED] - switchToWindowIndex(0): Switched to window with index: '0'

2021-11-12 17:07:43 - [MESSAGE][INFO] - Checking index

2021-11-12 17:07:43 - [MESSAGE][INFO] - Switching window with index: '0'

2021-11-12 17:07:43 - [MESSAGE][PASSED] - Switched to window with index: '0'

2021-11-12 17:07:43 - [MESSAGE][PASSED] - Call Test Case 'Test Cases/Sekmeler/Ana_Sekmeye_Gec' successfully

2021-11-12 17:07:43 - [MESSAGE][INFO] - Checking called Test Case

2021-11-12 17:07:43 - [MESSAGE][INFO] - Starting to call Test Case 'Test Cases/Butonlar/ButonaTikla'

2021-11-12 17:07:44 - [TEST_CASE][PASSED] - Test Cases/Butonlar/ButonaTikla: Test Cases/Butonlar/ButonaTikla

2021-11-12 17:07:44 - [TEST_STEP][PASSED] - Method.TextDegerineEsitElementeTiklaEquals(findTestObject("Butonlar/Butonlar"), Buton_Adi): Method.TextDegerineEsitElementeTiklaEquals is PASSED

2021-11-12 17:07:44 - [MESSAGE][INFO] - Finding Test Object 'Object Repository/Butonlar/Butonlar'

2021-11-12 17:07:44 - [MESSAGE][INFO] - Checking timeout

2021-11-12 17:07:44 - [MESSAGE][INFO] - Finding web element with id: 'Object Repository/Butonlar/Butonlar' located by 'By.cssSelector: .panel.panel-default.text-center.footerPanel .btn,.btn.btn-primary.btnControls' in '10' second(s)

2021-11-12 17:07:44 - [MESSAGE][INFO] - Smart Wait Function is triggered

2021-11-12 17:07:44 - [MESSAGE][INFO] - Found 10 web elements with id: 'Object Repository/Butonlar/Butonlar' located by 'By.cssSelector: .panel.panel-default.text-center.footerPanel .btn,.btn.btn-primary.btnControls' in '10' second(s)

2021-11-12 17:07:44 - [MESSAGE][PASSED] - Method.TextDegerineEsitElementeTiklaEquals is PASSED

2021-11-12 17:07:44 - [MESSAGE][PASSED] - Call Test Case 'Test Cases/Butonlar/ButonaTikla' successfully

2021-11-12 17:07:44 - [MESSAGE][INFO] - Checking called Test Case

2021-11-12 17:07:44 - [MESSAGE][INFO] - Starting to call Test Case 'Test Cases/Butonlar/AltButonaTikla'

2021-11-12 17:07:45 - [TEST_CASE][PASSED] - Test Cases/Butonlar/AltButonaTikla: Test Cases/Butonlar/AltButonaTikla

2021-11-12 17:07:45 - [TEST_STEP][PASSED] - Method.TextDegerineEsitElementeTikla(findTestObject("Butonlar/AltButonlar"), Alt_Buton): Method.TextDegerineEsitElementeTikla is PASSED

2021-11-12 17:07:45 - [MESSAGE][INFO] - Finding Test Object 'Object Repository/Butonlar/AltButonlar'

2021-11-12 17:07:46 - [MESSAGE][INFO] - Checking timeout

2021-11-12 17:07:46 - [MESSAGE][INFO] - Finding web element with id: 'Object Repository/Butonlar/AltButonlar' located by 'By.cssSelector: .btn-group.open li>a' in '10' second(s)

2021-11-12 17:07:46 - [MESSAGE][INFO] - Smart Wait Function is triggered

2021-11-12 17:07:46 - [MESSAGE][INFO] - Found 2 web elements with id: 'Object Repository/Butonlar/AltButonlar' located by 'By.cssSelector: .btn-group.open li>a' in '10' second(s)

2021-11-12 17:07:47 - [MESSAGE][PASSED] - Method.TextDegerineEsitElementeTikla is PASSED

2021-11-12 17:07:47 - [MESSAGE][PASSED] - Call Test Case 'Test Cases/Butonlar/AltButonaTikla' successfully

2021-11-12 17:07:47 - [MESSAGE][INFO] - Checking called Test Case

2021-11-12 17:07:47 - [MESSAGE][INFO] - Starting to call Test Case 'Test Cases/Butonlar/DosyaIndirildiMi'

2021-11-12 17:07:47 - [TEST_CASE][PASSED] - Test Cases/Butonlar/DosyaIndirildiMi: Test Cases/Butonlar/DosyaIndirildiMi

2021-11-12 17:07:48 - [TEST_STEP][PASSED] - Method.isimliDosyaIndirildiMi(DownloadFile, FileName): Method.isimliDosyaIndirildiMi is PASSED

2021-11-12 17:07:48 - [MESSAGE][INFO] - Delaying browser in 3 second(s)

2021-11-12 17:07:51 - [MESSAGE][PASSED] - Delayed 3 second(s)

2021-11-12 17:07:51 - [MESSAGE][PASSED] - Method.isimliDosyaIndirildiMi is PASSED

2021-11-12 17:07:51 - [MESSAGE][PASSED] - Call Test Case 'Test Cases/Butonlar/DosyaIndirildiMi' successfully

2021-11-12 17:07:51 - [MESSAGE][INFO] - Checking called Test Case

2021-11-12 17:07:51 - [MESSAGE][INFO] - Starting to call Test Case 'Test Cases/Butonlar/ButonaTikla'

2021-11-12 17:07:51 - [TEST_CASE][PASSED] - Test Cases/Butonlar/ButonaTikla: Test Cases/Butonlar/ButonaTikla

2021-11-12 17:07:51 - [TEST_STEP][PASSED] - Method.TextDegerineEsitElementeTiklaEquals(findTestObject("Butonlar/Butonlar"), Buton_Adi): Method.TextDegerineEsitElementeTiklaEquals is PASSED

2021-11-12 17:07:51 - [MESSAGE][INFO] - Finding Test Object 'Object Repository/Butonlar/Butonlar'

2021-11-12 17:07:51 - [MESSAGE][INFO] - Checking timeout

2021-11-12 17:07:51 - [MESSAGE][INFO] - Finding web element with id: 'Object Repository/Butonlar/Butonlar' located by 'By.cssSelector: .panel.panel-default.text-center.footerPanel .btn,.btn.btn-primary.btnControls' in '10' second(s)

2021-11-12 17:07:51 - [MESSAGE][INFO] - Smart Wait Function is triggered

2021-11-12 17:07:51 - [MESSAGE][INFO] - Found 10 web elements with id: 'Object Repository/Butonlar/Butonlar' located by 'By.cssSelector: .panel.panel-default.text-center.footerPanel .btn,.btn.btn-primary.btnControls' in '10' second(s)

2021-11-12 17:07:51 - [MESSAGE][PASSED] - Method.TextDegerineEsitElementeTiklaEquals is PASSED

2021-11-12 17:07:51 - [MESSAGE][PASSED] - Call Test Case 'Test Cases/Butonlar/ButonaTikla' successfully

2021-11-12 17:07:51 - [MESSAGE][INFO] - Checking called Test Case

2021-11-12 17:07:51 - [MESSAGE][INFO] - Starting to call Test Case 'Test Cases/Butonlar/AltButonaTikla'

2021-11-12 17:07:51 - [TEST_CASE][PASSED] - Test Cases/Butonlar/AltButonaTikla: Test Cases/Butonlar/AltButonaTikla

2021-11-12 17:07:51 - [TEST_STEP][PASSED] - Method.TextDegerineEsitElementeTikla(findTestObject("Butonlar/AltButonlar"), Alt_Buton): Method.TextDegerineEsitElementeTikla is PASSED

2021-11-12 17:07:51 - [MESSAGE][INFO] - Finding Test Object 'Object Repository/Butonlar/AltButonlar'

2021-11-12 17:07:52 - [MESSAGE][INFO] - Checking timeout

2021-11-12 17:07:52 - [MESSAGE][INFO] - Finding web element with id: 'Object Repository/Butonlar/AltButonlar' located by 'By.cssSelector: .btn-group.open li>a' in '10' second(s)

2021-11-12 17:07:52 - [MESSAGE][INFO] - Smart Wait Function is triggered

2021-11-12 17:07:52 - [MESSAGE][INFO] - Found 2 web elements with id: 'Object Repository/Butonlar/AltButonlar' located by 'By.cssSelector: .btn-group.open li>a' in '10' second(s)

2021-11-12 17:07:52 - [MESSAGE][PASSED] - Method.TextDegerineEsitElementeTikla is PASSED

2021-11-12 17:07:52 - [MESSAGE][PASSED] - Call Test Case 'Test Cases/Butonlar/AltButonaTikla' successfully

2021-11-12 17:07:52 - [MESSAGE][INFO] - Checking called Test Case

2021-11-12 17:07:52 - [MESSAGE][INFO] - Starting to call Test Case 'Test Cases/Butonlar/DosyaIndirildiMi'

2021-11-12 17:07:52 - [TEST_CASE][PASSED] - Test Cases/Butonlar/DosyaIndirildiMi: Test Cases/Butonlar/DosyaIndirildiMi

2021-11-12 17:07:52 - [TEST_STEP][PASSED] - Method.isimliDosyaIndirildiMi(DownloadFile, FileName): Method.isimliDosyaIndirildiMi is PASSED

2021-11-12 17:07:52 - [MESSAGE][INFO] - Delaying browser in 3 second(s)

2021-11-12 17:07:55 - [MESSAGE][PASSED] - Delayed 3 second(s)

2021-11-12 17:07:55 - [MESSAGE][PASSED] - Method.isimliDosyaIndirildiMi is PASSED

2021-11-12 17:07:55 - [MESSAGE][PASSED] - Call Test Case 'Test Cases/Butonlar/DosyaIndirildiMi' successfully

2021-11-12 17:07:55 - [MESSAGE][INFO] - Checking called Test Case

2021-11-12 17:07:55 - [MESSAGE][INFO] - Starting to call Test Case 'Test Cases/Butonlar/ButonaTikla'

2021-11-12 17:07:55 - [TEST_CASE][PASSED] - Test Cases/Butonlar/ButonaTikla: Test Cases/Butonlar/ButonaTikla

2021-11-12 17:07:55 - [TEST_STEP][PASSED] - Method.TextDegerineEsitElementeTiklaEquals(findTestObject("Butonlar/Butonlar"), Buton_Adi): Method.TextDegerineEsitElementeTiklaEquals is PASSED

2021-11-12 17:07:55 - [MESSAGE][INFO] - Finding Test Object 'Object Repository/Butonlar/Butonlar'

2021-11-12 17:07:56 - [MESSAGE][INFO] - Checking timeout

2021-11-12 17:07:56 - [MESSAGE][INFO] - Finding web element with id: 'Object Repository/Butonlar/Butonlar' located by 'By.cssSelector: .panel.panel-default.text-center.footerPanel .btn,.btn.btn-primary.btnControls' in '10' second(s)

2021-11-12 17:07:56 - [MESSAGE][INFO] - Smart Wait Function is triggered

2021-11-12 17:07:56 - [MESSAGE][INFO] - Found 10 web elements with id: 'Object Repository/Butonlar/Butonlar' located by 'By.cssSelector: .panel.panel-default.text-center.footerPanel .btn,.btn.btn-primary.btnControls' in '10' second(s)

2021-11-12 17:07:57 - [MESSAGE][PASSED] - Method.TextDegerineEsitElementeTiklaEquals is PASSED

2021-11-12 17:07:57 - [MESSAGE][PASSED] - Call Test Case 'Test Cases/Butonlar/ButonaTikla' successfully

2021-11-12 17:07:57 - [MESSAGE][INFO] - Checking called Test Case

2021-11-12 17:07:57 - [MESSAGE][INFO] - Starting to call Test Case 'Test Cases/Popup/PopupMesajiIceriyorMu'

2021-11-12 17:07:57 - [TEST_CASE][PASSED] - Test Cases/Popup/PopupMesajiIceriyorMu: Test Cases/Popup/PopupMesajiIceriyorMu

2021-11-12 17:07:57 - [TEST_STEP][PASSED] - waitForElementVisible(findTestObject("Popup/Popup"), 10): Object 'Object Repository/Popup/Popup' is visible

2021-11-12 17:07:57 - [MESSAGE][INFO] - Finding Test Object 'Object Repository/Popup/Popup'

2021-11-12 17:07:57 - [MESSAGE][INFO] - Checking object

2021-11-12 17:07:57 - [MESSAGE][INFO] - Checking timeout

2021-11-12 17:07:57 - [MESSAGE][INFO] - Finding web element from Test Object's properties

2021-11-12 17:07:57 - [MESSAGE][INFO] - Checking timeout

2021-11-12 17:07:57 - [MESSAGE][INFO] - Finding web element with id: 'Object Repository/Popup/Popup' located by 'By.cssSelector: .bootbox-body' in '10' second(s)

2021-11-12 17:07:57 - [MESSAGE][INFO] - Smart Wait Function is triggered

2021-11-12 17:07:57 - [MESSAGE][INFO] - Found 1 web elements with id: 'Object Repository/Popup/Popup' located by 'By.cssSelector: .bootbox-body' in '10' second(s)

2021-11-12 17:07:57 - [MESSAGE][PASSED] - Object 'Object Repository/Popup/Popup' is visible

2021-11-12 17:07:57 - [TEST_STEP][PASSED] - if (!(getText(findTestObject("Popup/Popup")).contains(Mesaj))): Text of object 'Object Repository/Popup/Popup' is: 'MRT serisi için onaylanmamış belge(leri)niz bulunmaktadır.
FFE serisi için onaylanmamış belge(leri)niz bulunmaktadır.
Devam etmek istiyor musunuz?'

2021-11-12 17:07:57 - [MESSAGE][INFO] - Finding Test Object 'Object Repository/Popup/Popup'

2021-11-12 17:07:57 - [MESSAGE][INFO] - Checking object

2021-11-12 17:07:57 - [MESSAGE][INFO] - Finding web element from Test Object's properties

2021-11-12 17:07:57 - [MESSAGE][INFO] - Checking timeout

2021-11-12 17:07:57 - [MESSAGE][INFO] - Finding web element with id: 'Object Repository/Popup/Popup' located by 'By.cssSelector: .bootbox-body' in '30' second(s)

2021-11-12 17:07:57 - [MESSAGE][INFO] - Smart Wait Function is triggered

2021-11-12 17:07:58 - [MESSAGE][INFO] - Found 1 web elements with id: 'Object Repository/Popup/Popup' located by 'By.cssSelector: .bootbox-body' in '30' second(s)

2021-11-12 17:07:58 - [MESSAGE][INFO] - Getting text of object 'Object Repository/Popup/Popup'

2021-11-12 17:07:58 - [MESSAGE][PASSED] - Text of object 'Object Repository/Popup/Popup' is: 'MRT serisi için onaylanmamış belge(leri)niz bulunmaktadır.
FFE serisi için onaylanmamış belge(leri)niz bulunmaktadır.
Devam etmek istiyor musunuz?'

2021-11-12 17:07:58 - [TEST_STEP][PASSED] - RaporNo = getText(findTestObject("Popup/Popup")).substring(0, 6): Text of object 'Object Repository/Popup/Popup' is: 'MRT serisi için onaylanmamış belge(leri)niz bulunmaktadır.
FFE serisi için onaylanmamış belge(leri)niz bulunmaktadır.
Devam etmek istiyor musunuz?'

2021-11-12 17:07:58 - [MESSAGE][INFO] - Finding Test Object 'Object Repository/Popup/Popup'

2021-11-12 17:07:58 - [MESSAGE][INFO] - Checking object

2021-11-12 17:07:58 - [MESSAGE][INFO] - Finding web element from Test Object's properties

2021-11-12 17:07:58 - [MESSAGE][INFO] - Checking timeout

2021-11-12 17:07:58 - [MESSAGE][INFO] - Finding web element with id: 'Object Repository/Popup/Popup' located by 'By.cssSelector: .bootbox-body' in '30' second(s)

2021-11-12 17:07:58 - [MESSAGE][INFO] - Smart Wait Function is triggered

2021-11-12 17:07:58 - [MESSAGE][INFO] - Found 1 web elements with id: 'Object Repository/Popup/Popup' located by 'By.cssSelector: .bootbox-body' in '30' second(s)

2021-11-12 17:07:58 - [MESSAGE][INFO] - Getting text of object 'Object Repository/Popup/Popup'

2021-11-12 17:07:58 - [MESSAGE][PASSED] - Text of object 'Object Repository/Popup/Popup' is: 'MRT serisi için onaylanmamış belge(leri)niz bulunmaktadır.
FFE serisi için onaylanmamış belge(leri)niz bulunmaktadır.
Devam etmek istiyor musunuz?'

2021-11-12 17:07:58 - [TEST_STEP][PASSED] - Console.println(RaporNo): null

2021-11-12 17:07:58 - [MESSAGE][PASSED] - Call Test Case 'Test Cases/Popup/PopupMesajiIceriyorMu' successfully

2021-11-12 17:07:58 - [MESSAGE][INFO] - Checking called Test Case

2021-11-12 17:07:58 - [MESSAGE][INFO] - Starting to call Test Case 'Test Cases/Popup/PopupButonSecilir'

2021-11-12 17:07:58 - [TEST_CASE][PASSED] - Test Cases/Popup/PopupButonSecilir: Test Cases/Popup/PopupButonSecilir

2021-11-12 17:07:58 - [TEST_STEP][PASSED] - Method.TextDegerineEsitElementeTikla(findTestObject("Popup/Popup_Butons"), Buton): Method.TextDegerineEsitElementeTikla is PASSED

2021-11-12 17:07:58 - [MESSAGE][INFO] - Finding Test Object 'Object Repository/Popup/Popup_Butons'

2021-11-12 17:07:58 - [MESSAGE][INFO] - Checking timeout

2021-11-12 17:07:58 - [MESSAGE][INFO] - Finding web element with id: 'Object Repository/Popup/Popup_Butons' located by 'By.cssSelector: .modal-footer>button' in '10' second(s)

2021-11-12 17:07:58 - [MESSAGE][INFO] - Smart Wait Function is triggered

2021-11-12 17:07:58 - [MESSAGE][INFO] - Found 2 web elements with id: 'Object Repository/Popup/Popup_Butons' located by 'By.cssSelector: .modal-footer>button' in '10' second(s)

2021-11-12 17:07:58 - [MESSAGE][PASSED] - Method.TextDegerineEsitElementeTikla is PASSED

2021-11-12 17:07:58 - [MESSAGE][PASSED] - Call Test Case 'Test Cases/Popup/PopupButonSecilir' successfully

2021-11-12 17:07:58 - [MESSAGE][INFO] - Checking called Test Case

2021-11-12 17:07:58 - [MESSAGE][INFO] - Starting to call Test Case 'Test Cases/Menu/AnaMenuSecimi'

2021-11-12 17:07:59 - [TEST_CASE][PASSED] - Test Cases/Menu/AnaMenuSecimi: Test Cases/Menu/AnaMenuSecimi

2021-11-12 17:07:59 - [TEST_STEP][PASSED] - Method.TextDegerineEsitElementeTikla(findTestObject("Menu/Ana_Menu"), Ana_Menu): Method.TextDegerineEsitElementeTikla is PASSED

2021-11-12 17:07:59 - [MESSAGE][INFO] - Finding Test Object 'Object Repository/Menu/Ana_Menu'

2021-11-12 17:07:59 - [MESSAGE][INFO] - Checking timeout

2021-11-12 17:07:59 - [MESSAGE][INFO] - Finding web element with id: 'Object Repository/Menu/Ana_Menu' located by 'By.xpath: //*[@class = 'dropdown-toggle']' in '10' second(s)

2021-11-12 17:07:59 - [MESSAGE][INFO] - Smart Wait Function is triggered

2021-11-12 17:08:00 - [MESSAGE][INFO] - Found 14 web elements with id: 'Object Repository/Menu/Ana_Menu' located by 'By.xpath: //*[@class = 'dropdown-toggle']' in '10' second(s)

2021-11-12 17:08:00 - [MESSAGE][PASSED] - Method.TextDegerineEsitElementeTikla is PASSED

2021-11-12 17:08:00 - [MESSAGE][PASSED] - Call Test Case 'Test Cases/Menu/AnaMenuSecimi' successfully

2021-11-12 17:08:00 - [MESSAGE][INFO] - Checking called Test Case

2021-11-12 17:08:00 - [MESSAGE][INFO] - Starting to call Test Case 'Test Cases/Menu/BasligaGoreAltMenuSecimi'

2021-11-12 17:08:00 - [TEST_CASE][PASSED] - Test Cases/Menu/BasligaGoreAltMenuSecimi: Test Cases/Menu/BasligaGoreAltMenuSecimi

2021-11-12 17:08:00 - [TEST_STEP][PASSED] - Method.TextDegerineEsitElementinAltindakiTextDegerineEsitOlanaTikla(findTestObject("Menu/Menu_Basligi"), findTestObject("Menu/Basliga_Gore_Alt_Menu"), Baslik, Alt_Menu): Method.TextDegerineEsitElementinAltindakiTextDegerineEsitOlanaTikla is PASSED

2021-11-12 17:08:00 - [MESSAGE][INFO] - Finding Test Object 'Object Repository/Menu/Menu_Basligi'

2021-11-12 17:08:00 - [MESSAGE][INFO] - Finding Test Object 'Object Repository/Menu/Basliga_Gore_Alt_Menu'

2021-11-12 17:08:00 - [MESSAGE][INFO] - Checking timeout

2021-11-12 17:08:00 - [MESSAGE][INFO] - Finding web element with id: 'Object Repository/Menu/Menu_Basligi' located by 'By.xpath: //li[@class='dropdown dropdown-large open']//li[@class='dropdown-header']' in '10' second(s)

2021-11-12 17:08:00 - [MESSAGE][INFO] - Smart Wait Function is triggered

2021-11-12 17:08:01 - [MESSAGE][INFO] - Found 2 web elements with id: 'Object Repository/Menu/Menu_Basligi' located by 'By.xpath: //li[@class='dropdown dropdown-large open']//li[@class='dropdown-header']' in '10' second(s)

2021-11-12 17:08:01 - [MESSAGE][INFO] - Smart Wait Function is triggered

2021-11-12 17:08:03 - [MESSAGE][PASSED] - Method.TextDegerineEsitElementinAltindakiTextDegerineEsitOlanaTikla is PASSED

2021-11-12 17:08:03 - [MESSAGE][PASSED] - Call Test Case 'Test Cases/Menu/BasligaGoreAltMenuSecimi' successfully

2021-11-12 17:08:03 - [MESSAGE][INFO] - Checking called Test Case

2021-11-12 17:08:03 - [MESSAGE][INFO] - Starting to call Test Case 'Test Cases/Filtreler/EttnYaz'

2021-11-12 17:08:03 - [TEST_CASE][PASSED] - Test Cases/Filtreler/EttnYaz: Test Cases/Filtreler/EttnYaz

2021-11-12 17:08:04 - [TEST_STEP][PASSED] - Method.TextDegerineEsitElementinAltindakiTextboxtaYaz(findTestObject("Filtreler/Basliklar"), findTestObject("Filtreler/Basliga_Gore_Textbox"), "ETTN", ettn): Method.TextDegerineEsitElementinAltindakiTextboxtaYaz is PASSED

2021-11-12 17:08:04 - [MESSAGE][INFO] - Finding Test Object 'Object Repository/Filtreler/Basliklar'

2021-11-12 17:08:04 - [MESSAGE][INFO] - Finding Test Object 'Object Repository/Filtreler/Basliga_Gore_Textbox'

2021-11-12 17:08:04 - [MESSAGE][INFO] - Checking timeout

2021-11-12 17:08:04 - [MESSAGE][INFO] - Finding web element with id: 'Object Repository/Filtreler/Basliklar' located by 'By.cssSelector: .control-label.col-sm-4.paddingMarginRLC' in '10' second(s)

2021-11-12 17:08:04 - [MESSAGE][INFO] - Smart Wait Function is triggered

2021-11-12 17:08:04 - [MESSAGE][INFO] - Found 19 web elements with id: 'Object Repository/Filtreler/Basliklar' located by 'By.cssSelector: .control-label.col-sm-4.paddingMarginRLC' in '10' second(s)

2021-11-12 17:08:04 - [MESSAGE][INFO] - Smart Wait Function is triggered

2021-11-12 17:08:05 - [MESSAGE][PASSED] - Method.TextDegerineEsitElementinAltindakiTextboxtaYaz is PASSED

2021-11-12 17:08:05 - [MESSAGE][PASSED] - Call Test Case 'Test Cases/Filtreler/EttnYaz' successfully

2021-11-12 17:08:05 - [MESSAGE][INFO] - Checking called Test Case

2021-11-12 17:08:05 - [MESSAGE][INFO] - Starting to call Test Case 'Test Cases/Filtreler/ButonaTikla'

2021-11-12 17:08:05 - [TEST_CASE][PASSED] - Test Cases/Filtreler/ButonaTikla: Test Cases/Filtreler/ButonaTikla

2021-11-12 17:08:06 - [TEST_STEP][PASSED] - Method.TextDegerineEsitElementeTikla(findTestObject("Filtreler/Butonlar"), Filtre_Buton): Method.TextDegerineEsitElementeTikla is PASSED

2021-11-12 17:08:06 - [MESSAGE][INFO] - Finding Test Object 'Object Repository/Filtreler/Butonlar'

2021-11-12 17:08:06 - [MESSAGE][INFO] - Checking timeout

2021-11-12 17:08:06 - [MESSAGE][INFO] - Finding web element with id: 'Object Repository/Filtreler/Butonlar' located by 'By.cssSelector: .dxb>span' in '10' second(s)

2021-11-12 17:08:06 - [MESSAGE][INFO] - Smart Wait Function is triggered

2021-11-12 17:08:06 - [MESSAGE][INFO] - Found 3 web elements with id: 'Object Repository/Filtreler/Butonlar' located by 'By.cssSelector: .dxb>span' in '10' second(s)

2021-11-12 17:08:06 - [MESSAGE][PASSED] - Method.TextDegerineEsitElementeTikla is PASSED

2021-11-12 17:08:06 - [MESSAGE][PASSED] - Call Test Case 'Test Cases/Filtreler/ButonaTikla' successfully

2021-11-12 17:08:06 - [MESSAGE][INFO] - Checking called Test Case

2021-11-12 17:08:06 - [MESSAGE][INFO] - Starting to call Test Case 'Test Cases/Tablo/TablodaVeriVarMi'

2021-11-12 17:08:06 - [TEST_CASE][PASSED] - Test Cases/Tablo/TablodaVeriVarMi: Test Cases/Tablo/TablodaVeriVarMi

2021-11-12 17:08:06 - [TEST_STEP][PASSED] - verifyTextNotPresent("Görüntülenecek veri yok", true): Text 'Görüntülenecek veri yok' is not present on page using regular expression

2021-11-12 17:08:06 - [MESSAGE][INFO] - Checking text present  using regular expression

2021-11-12 17:08:06 - [MESSAGE][INFO] - Smart Wait Function is triggered

2021-11-12 17:08:07 - [MESSAGE][INFO] - Finding text 'Görüntülenecek veri yok' on page  using regular expression

2021-11-12 17:08:07 - [MESSAGE][PASSED] - Text 'Görüntülenecek veri yok' is not present on page using regular expression

2021-11-12 17:08:07 - [MESSAGE][PASSED] - Call Test Case 'Test Cases/Tablo/TablodaVeriVarMi' successfully

2021-11-12 17:08:07 - [MESSAGE][INFO] - Checking called Test Case

2021-11-12 17:08:07 - [MESSAGE][INFO] - Starting to call Test Case 'Test Cases/Tablo/TablodaVeriBasariliMiArsiv'

2021-11-12 17:08:07 - [TEST_CASE][ERROR] - Test Cases/Tablo/TablodaVeriBasariliMiArsiv: Test Cases/Tablo/TablodaVeriBasariliMiArsiv FAILED.
Reason:
org.openqa.selenium.NoSuchSessionException: Session ID is null. Using WebDriver after calling quit()?
Build info: version: '3.141.59', revision: 'e82be7d358', time: '2018-11-14T08:25:53'
System info: host: 'DESKTOP-QBVMTUG', ip: '192.168.1.18', os.name: 'Windows 10', os.arch: 'amd64', os.version: '10.0', java.version: '1.8.0_282'
Driver info: driver.version: RemoteWebDriver
	at org.openqa.selenium.remote.HttpCommandExecutor.execute(HttpCommandExecutor.java:125)
	at org.openqa.selenium.remote.service.DriverCommandExecutor.execute(DriverCommandExecutor.java:83)
	at org.openqa.selenium.remote.RemoteWebDriver.execute(RemoteWebDriver.java:552)
	at com.kms.katalon.selenium.driver.CChromeDriver.execute(CChromeDriver.java:19)
	at org.openqa.selenium.remote.RemoteWebDriver.findElements(RemoteWebDriver.java:353)
	at org.openqa.selenium.remote.RemoteWebDriver.findElementsByXPath(RemoteWebDriver.java:432)
	at org.openqa.selenium.By$ByXPath.findElements(By.java:348)
	at org.openqa.selenium.remote.RemoteWebDriver.findElements(RemoteWebDriver.java:311)
	at com.kms.katalon.core.webui.common.WebUiCommonHelper.findElementByNormalMethods(WebUiCommonHelper.java:1014)
	at com.kms.katalon.core.webui.common.WebUiCommonHelper.findElementsBySelectedMethod(WebUiCommonHelper.java:903)
	at com.kms.katalon.core.webui.common.WebUiCommonHelper.findElementsBySelectedMethod(WebUiCommonHelper.java:892)
	at com.kms.katalon.core.webui.common.WebUiCommonHelper.findElementsBySelectedMethod(WebUiCommonHelper.java:887)
	at com.kms.katalon.core.webui.common.WebUiCommonHelper.findElementsByDefault(WebUiCommonHelper.java:883)
	at com.kms.katalon.core.webui.common.WebUiCommonHelper.findWebElements(WebUiCommonHelper.java:720)
	at com.kms.katalon.core.webui.keyword.internal.WebUIAbstractKeyword.findWebElements(WebUIAbstractKeyword.groovy:32)
	at com.kms.katalon.core.webui.keyword.WebUiBuiltInKeywords.findWebElements(WebUiBuiltInKeywords.groovy:2860)
	at com.kms.katalon.core.webui.keyword.WebUiBuiltInKeywords$findWebElements$7.call(Unknown Source)
	at Method.TextDegerineEsitElementVarMi(Method.groovy:270)
	at Method.invokeMethod(Method.groovy)
	at com.kms.katalon.core.main.CustomKeywordDelegatingMetaClass.invokeStaticMethod(CustomKeywordDelegatingMetaClass.java:50)
	at TablodaVeriBasariliMiArsiv.run(TablodaVeriBasariliMiArsiv:37)
	at com.kms.katalon.core.main.ScriptEngine.run(ScriptEngine.java:194)
	at com.kms.katalon.core.main.ScriptEngine.runScriptAsRawText(ScriptEngine.java:119)
	at com.kms.katalon.core.main.TestCaseExecutor.runScript(TestCaseExecutor.java:369)
	at com.kms.katalon.core.main.TestCaseExecutor.doExecute(TestCaseExecutor.java:360)
	at com.kms.katalon.core.main.TestCaseExecutor.processExecutionPhase(TestCaseExecutor.java:339)
	at com.kms.katalon.core.main.TestCaseExecutor.accessMainPhase(TestCaseExecutor.java:331)
	at com.kms.katalon.core.main.TestCaseExecutor.execute(TestCaseExecutor.java:248)
	at com.kms.katalon.core.main.TestCaseMain.runTestCase(TestCaseMain.java:138)
	at com.kms.katalon.core.keyword.builtin.CallTestCaseKeyword$_callTestCase_closure1.doCall(CallTestCaseKeyword.groovy:59)
	at com.kms.katalon.core.keyword.builtin.CallTestCaseKeyword$_callTestCase_closure1.call(CallTestCaseKeyword.groovy)
	at com.kms.katalon.core.keyword.internal.KeywordMain.runKeyword(KeywordMain.groovy:68)
	at com.kms.katalon.core.keyword.builtin.CallTestCaseKeyword.callTestCase(CallTestCaseKeyword.groovy:81)
	at com.kms.katalon.core.keyword.builtin.CallTestCaseKeyword.execute(CallTestCaseKeyword.groovy:44)
	at com.kms.katalon.core.keyword.internal.KeywordExecutor.executeKeywordForPlatform(KeywordExecutor.groovy:73)
	at com.kms.katalon.core.keyword.BuiltinKeywords.callTestCase(BuiltinKeywords.groovy:334)
	at tablo.tablo.tablodaVeriBasariliMiArsiv(tablo.groovy:95)
	at cucumber.runtime.Utils$1.call(Utils.java:26)
	at cucumber.runtime.Timeout.timeout(Timeout.java:16)
	at cucumber.runtime.Utils.invoke(Utils.java:20)
	at cucumber.runtime.java.JavaStepDefinition.execute(JavaStepDefinition.java:49)
	at cucumber.runner.PickleStepDefinitionMatch.runStep(PickleStepDefinitionMatch.java:50)
	at cucumber.runner.TestStep.executeStep(TestStep.java:63)
	at cucumber.runner.TestStep.run(TestStep.java:49)
	at cucumber.runner.PickleStepTestStep.run(PickleStepTestStep.java:43)
	at cucumber.runner.TestCase.run(TestCase.java:44)
	at cucumber.runner.Runner.runPickle(Runner.java:40)
	at cucumber.runtime.Runtime$1.run(Runtime.java:84)
	at cucumber.runtime.Runtime$SameThreadExecutorService.execute(Runtime.java:220)
	at cucumber.runtime.Runtime.run(Runtime.java:81)
	at cucumber.api.cli.Main.run(Main.java:26)
	at cucumber.api.cli.Main$run.call(Unknown Source)
	at com.kms.katalon.core.cucumber.keyword.CucumberBuiltinKeywords$_runFeatureFile_closure1.doCall(CucumberBuiltinKeywords.groovy:106)
	at com.kms.katalon.core.cucumber.keyword.CucumberBuiltinKeywords$_runFeatureFile_closure1.doCall(CucumberBuiltinKeywords.groovy)
	at com.kms.katalon.core.keyword.internal.KeywordMain.runKeyword(KeywordMain.groovy:68)
	at com.kms.katalon.core.keyword.internal.KeywordMain$runKeyword.call(Unknown Source)
	at com.kms.katalon.core.cucumber.keyword.CucumberBuiltinKeywords.runFeatureFile(CucumberBuiltinKeywords.groovy:73)
	at com.kms.katalon.core.cucumber.keyword.CucumberBuiltinKeywords$runFeatureFile$0.callStatic(Unknown Source)
	at com.kms.katalon.core.cucumber.keyword.CucumberBuiltinKeywords.runFeatureFile(CucumberBuiltinKeywords.groovy:246)
	at com.kms.katalon.core.cucumber.keyword.CucumberBuiltinKeywords$runFeatureFile.call(Unknown Source)
	at Elektronik-Satis Tipinde.run(Elektronik-Satis Tipinde:17)
	at com.kms.katalon.core.main.ScriptEngine.run(ScriptEngine.java:194)
	at com.kms.katalon.core.main.ScriptEngine.runScriptAsRawText(ScriptEngine.java:119)
	at com.kms.katalon.core.main.TestCaseExecutor.runScript(TestCaseExecutor.java:369)
	at com.kms.katalon.core.main.TestCaseExecutor.doExecute(TestCaseExecutor.java:360)
	at com.kms.katalon.core.main.TestCaseExecutor.processExecutionPhase(TestCaseExecutor.java:339)
	at com.kms.katalon.core.main.TestCaseExecutor.accessMainPhase(TestCaseExecutor.java:331)
	at com.kms.katalon.core.main.TestCaseExecutor.execute(TestCaseExecutor.java:248)
	at com.kms.katalon.core.main.TestSuiteExecutor.accessTestCaseMainPhase(TestSuiteExecutor.java:191)
	at com.kms.katalon.core.main.TestSuiteExecutor.accessTestSuiteMainPhase(TestSuiteExecutor.java:140)
	at com.kms.katalon.core.main.TestSuiteExecutor.execute(TestSuiteExecutor.java:89)
	at com.kms.katalon.core.main.TestCaseMain.startTestSuite(TestCaseMain.java:181)
	at com.kms.katalon.core.main.TestCaseMain$startTestSuite$0.call(Unknown Source)
	at TempTestSuite1636725797192.run(TempTestSuite1636725797192.groovy:39)


2021-11-12 17:08:08 - [TEST_STEP][PASSED] - sayac = 80: null

2021-11-12 17:08:08 - [TEST_STEP][PASSED] - while (verifyElementText(findTestObject("Object Repository/Tablo/DurumBilgisiArsiv"), "Henüz Sonuçlanmadı", OPTIONAL)): null

2021-11-12 17:08:08 - [MESSAGE][INFO] - Finding Test Object 'Object Repository/Tablo/DurumBilgisiArsiv'

2021-11-12 17:08:08 - [MESSAGE][INFO] - Checking object

2021-11-12 17:08:08 - [MESSAGE][INFO] - Finding web element from Test Object's properties

2021-11-12 17:08:08 - [MESSAGE][INFO] - Checking timeout

2021-11-12 17:08:08 - [MESSAGE][INFO] - Finding web element with id: 'Object Repository/Tablo/DurumBilgisiArsiv' located by 'By.xpath: //*[@id = 'GridViewEArchiveInvoices_tccell0_9']' in '30' second(s)

2021-11-12 17:08:08 - [MESSAGE][INFO] - Smart Wait Function is triggered

2021-11-12 17:08:09 - [MESSAGE][INFO] - Found 1 web elements with id: 'Object Repository/Tablo/DurumBilgisiArsiv' located by 'By.xpath: //*[@id = 'GridViewEArchiveInvoices_tccell0_9']' in '30' second(s)

2021-11-12 17:08:09 - [MESSAGE][PASSED] - Actual text and expected text of test object 'Object Repository/Tablo/DurumBilgisiArsiv' are matched.

2021-11-12 17:08:09 - [TEST_STEP][PASSED] - Method.TextDegerineEsitElementeTikla(findTestObject("Filtreler/Butonlar"), "Listele"): Method.TextDegerineEsitElementeTikla is PASSED

2021-11-12 17:08:09 - [MESSAGE][INFO] - Finding Test Object 'Object Repository/Filtreler/Butonlar'

2021-11-12 17:08:09 - [MESSAGE][INFO] - Checking timeout

2021-11-12 17:08:09 - [MESSAGE][INFO] - Finding web element with id: 'Object Repository/Filtreler/Butonlar' located by 'By.cssSelector: .dxb>span' in '10' second(s)

2021-11-12 17:08:09 - [MESSAGE][INFO] - Smart Wait Function is triggered

2021-11-12 17:08:09 - [MESSAGE][INFO] - Found 3 web elements with id: 'Object Repository/Filtreler/Butonlar' located by 'By.cssSelector: .dxb>span' in '10' second(s)

2021-11-12 17:08:09 - [MESSAGE][PASSED] - Method.TextDegerineEsitElementeTikla is PASSED

2021-11-12 17:08:09 - [TEST_STEP][PASSED] - sayac = sayac - 1: null

2021-11-12 17:08:09 - [TEST_STEP][PASSED] - Console.println(sayac): null

2021-11-12 17:08:09 - [TEST_STEP][PASSED] - if (sayac == 0): Actual text and expected text of test object 'Object Repository/Tablo/DurumBilgisiArsiv' are matched.

2021-11-12 17:08:09 - [MESSAGE][INFO] - Finding Test Object 'Object Repository/Tablo/DurumBilgisiArsiv'

2021-11-12 17:08:09 - [MESSAGE][INFO] - Checking object

2021-11-12 17:08:09 - [MESSAGE][INFO] - Finding web element from Test Object's properties

2021-11-12 17:08:09 - [MESSAGE][INFO] - Checking timeout

2021-11-12 17:08:09 - [MESSAGE][INFO] - Finding web element with id: 'Object Repository/Tablo/DurumBilgisiArsiv' located by 'By.xpath: //*[@id = 'GridViewEArchiveInvoices_tccell0_9']' in '30' second(s)

2021-11-12 17:08:09 - [MESSAGE][INFO] - Smart Wait Function is triggered

2021-11-12 17:08:10 - [MESSAGE][INFO] - Found 1 web elements with id: 'Object Repository/Tablo/DurumBilgisiArsiv' located by 'By.xpath: //*[@id = 'GridViewEArchiveInvoices_tccell0_9']' in '30' second(s)

2021-11-12 17:08:10 - [MESSAGE][PASSED] - Actual text and expected text of test object 'Object Repository/Tablo/DurumBilgisiArsiv' are matched.

2021-11-12 17:08:10 - [TEST_STEP][PASSED] - Method.TextDegerineEsitElementeTikla(findTestObject("Filtreler/Butonlar"), "Listele"): Method.TextDegerineEsitElementeTikla is PASSED

2021-11-12 17:08:10 - [MESSAGE][INFO] - Finding Test Object 'Object Repository/Filtreler/Butonlar'

2021-11-12 17:08:10 - [MESSAGE][INFO] - Checking timeout

2021-11-12 17:08:10 - [MESSAGE][INFO] - Finding web element with id: 'Object Repository/Filtreler/Butonlar' located by 'By.cssSelector: .dxb>span' in '10' second(s)

2021-11-12 17:08:10 - [MESSAGE][INFO] - Smart Wait Function is triggered

2021-11-12 17:08:10 - [MESSAGE][INFO] - Found 3 web elements with id: 'Object Repository/Filtreler/Butonlar' located by 'By.cssSelector: .dxb>span' in '10' second(s)

2021-11-12 17:08:10 - [MESSAGE][PASSED] - Method.TextDegerineEsitElementeTikla is PASSED

2021-11-12 17:08:10 - [TEST_STEP][PASSED] - sayac = sayac - 1: null

2021-11-12 17:08:10 - [TEST_STEP][PASSED] - Console.println(sayac): null

2021-11-12 17:08:10 - [TEST_STEP][PASSED] - if (sayac == 0): Actual text and expected text of test object 'Object Repository/Tablo/DurumBilgisiArsiv' are matched.

2021-11-12 17:08:10 - [MESSAGE][INFO] - Finding Test Object 'Object Repository/Tablo/DurumBilgisiArsiv'

2021-11-12 17:08:10 - [MESSAGE][INFO] - Checking object

2021-11-12 17:08:10 - [MESSAGE][INFO] - Finding web element from Test Object's properties

2021-11-12 17:08:10 - [MESSAGE][INFO] - Checking timeout

2021-11-12 17:08:10 - [MESSAGE][INFO] - Finding web element with id: 'Object Repository/Tablo/DurumBilgisiArsiv' located by 'By.xpath: //*[@id = 'GridViewEArchiveInvoices_tccell0_9']' in '30' second(s)

2021-11-12 17:08:10 - [MESSAGE][INFO] - Smart Wait Function is triggered

2021-11-12 17:08:11 - [MESSAGE][INFO] - Found 1 web elements with id: 'Object Repository/Tablo/DurumBilgisiArsiv' located by 'By.xpath: //*[@id = 'GridViewEArchiveInvoices_tccell0_9']' in '30' second(s)

2021-11-12 17:08:11 - [MESSAGE][PASSED] - Actual text and expected text of test object 'Object Repository/Tablo/DurumBilgisiArsiv' are matched.

2021-11-12 17:08:11 - [TEST_STEP][PASSED] - Method.TextDegerineEsitElementeTikla(findTestObject("Filtreler/Butonlar"), "Listele"): Method.TextDegerineEsitElementeTikla is PASSED

2021-11-12 17:08:11 - [MESSAGE][INFO] - Finding Test Object 'Object Repository/Filtreler/Butonlar'

2021-11-12 17:08:11 - [MESSAGE][INFO] - Checking timeout

2021-11-12 17:08:11 - [MESSAGE][INFO] - Finding web element with id: 'Object Repository/Filtreler/Butonlar' located by 'By.cssSelector: .dxb>span' in '10' second(s)

2021-11-12 17:08:11 - [MESSAGE][INFO] - Smart Wait Function is triggered

2021-11-12 17:08:11 - [MESSAGE][INFO] - Found 3 web elements with id: 'Object Repository/Filtreler/Butonlar' located by 'By.cssSelector: .dxb>span' in '10' second(s)

2021-11-12 17:08:11 - [MESSAGE][PASSED] - Method.TextDegerineEsitElementeTikla is PASSED

2021-11-12 17:08:11 - [TEST_STEP][PASSED] - sayac = sayac - 1: null

2021-11-12 17:08:11 - [TEST_STEP][PASSED] - Console.println(sayac): null

2021-11-12 17:08:11 - [TEST_STEP][PASSED] - if (sayac == 0): Actual text and expected text of test object 'Object Repository/Tablo/DurumBilgisiArsiv' are matched.

2021-11-12 17:08:11 - [MESSAGE][INFO] - Finding Test Object 'Object Repository/Tablo/DurumBilgisiArsiv'

2021-11-12 17:08:11 - [MESSAGE][INFO] - Checking object

2021-11-12 17:08:11 - [MESSAGE][INFO] - Finding web element from Test Object's properties

2021-11-12 17:08:11 - [MESSAGE][INFO] - Checking timeout

2021-11-12 17:08:11 - [MESSAGE][INFO] - Finding web element with id: 'Object Repository/Tablo/DurumBilgisiArsiv' located by 'By.xpath: //*[@id = 'GridViewEArchiveInvoices_tccell0_9']' in '30' second(s)

2021-11-12 17:08:11 - [MESSAGE][INFO] - Smart Wait Function is triggered

2021-11-12 17:08:12 - [MESSAGE][INFO] - Found 1 web elements with id: 'Object Repository/Tablo/DurumBilgisiArsiv' located by 'By.xpath: //*[@id = 'GridViewEArchiveInvoices_tccell0_9']' in '30' second(s)

2021-11-12 17:08:12 - [MESSAGE][PASSED] - Actual text and expected text of test object 'Object Repository/Tablo/DurumBilgisiArsiv' are matched.

2021-11-12 17:08:12 - [TEST_STEP][PASSED] - Method.TextDegerineEsitElementeTikla(findTestObject("Filtreler/Butonlar"), "Listele"): Method.TextDegerineEsitElementeTikla is PASSED

2021-11-12 17:08:12 - [MESSAGE][INFO] - Finding Test Object 'Object Repository/Filtreler/Butonlar'

2021-11-12 17:08:12 - [MESSAGE][INFO] - Checking timeout

2021-11-12 17:08:12 - [MESSAGE][INFO] - Finding web element with id: 'Object Repository/Filtreler/Butonlar' located by 'By.cssSelector: .dxb>span' in '10' second(s)

2021-11-12 17:08:12 - [MESSAGE][INFO] - Smart Wait Function is triggered

2021-11-12 17:08:12 - [MESSAGE][INFO] - Found 3 web elements with id: 'Object Repository/Filtreler/Butonlar' located by 'By.cssSelector: .dxb>span' in '10' second(s)

2021-11-12 17:08:12 - [MESSAGE][PASSED] - Method.TextDegerineEsitElementeTikla is PASSED

2021-11-12 17:08:12 - [TEST_STEP][PASSED] - sayac = sayac - 1: null

2021-11-12 17:08:12 - [TEST_STEP][PASSED] - Console.println(sayac): null

2021-11-12 17:08:12 - [TEST_STEP][PASSED] - if (sayac == 0): Actual text and expected text of test object 'Object Repository/Tablo/DurumBilgisiArsiv' are matched.

2021-11-12 17:08:12 - [MESSAGE][INFO] - Finding Test Object 'Object Repository/Tablo/DurumBilgisiArsiv'

2021-11-12 17:08:13 - [MESSAGE][INFO] - Checking object

2021-11-12 17:08:13 - [MESSAGE][INFO] - Finding web element from Test Object's properties

2021-11-12 17:08:13 - [MESSAGE][INFO] - Checking timeout

2021-11-12 17:08:13 - [MESSAGE][INFO] - Finding web element with id: 'Object Repository/Tablo/DurumBilgisiArsiv' located by 'By.xpath: //*[@id = 'GridViewEArchiveInvoices_tccell0_9']' in '30' second(s)

2021-11-12 17:08:13 - [MESSAGE][INFO] - Smart Wait Function is triggered

2021-11-12 17:08:13 - [MESSAGE][INFO] - Found 1 web elements with id: 'Object Repository/Tablo/DurumBilgisiArsiv' located by 'By.xpath: //*[@id = 'GridViewEArchiveInvoices_tccell0_9']' in '30' second(s)

2021-11-12 17:08:13 - [MESSAGE][PASSED] - Actual text and expected text of test object 'Object Repository/Tablo/DurumBilgisiArsiv' are matched.

2021-11-12 17:08:13 - [TEST_STEP][PASSED] - Method.TextDegerineEsitElementeTikla(findTestObject("Filtreler/Butonlar"), "Listele"): Method.TextDegerineEsitElementeTikla is PASSED

2021-11-12 17:08:13 - [MESSAGE][INFO] - Finding Test Object 'Object Repository/Filtreler/Butonlar'

2021-11-12 17:08:13 - [MESSAGE][INFO] - Checking timeout

2021-11-12 17:08:13 - [MESSAGE][INFO] - Finding web element with id: 'Object Repository/Filtreler/Butonlar' located by 'By.cssSelector: .dxb>span' in '10' second(s)

2021-11-12 17:08:13 - [MESSAGE][INFO] - Smart Wait Function is triggered

2021-11-12 17:08:14 - [MESSAGE][INFO] - Found 3 web elements with id: 'Object Repository/Filtreler/Butonlar' located by 'By.cssSelector: .dxb>span' in '10' second(s)

2021-11-12 17:08:14 - [MESSAGE][PASSED] - Method.TextDegerineEsitElementeTikla is PASSED

2021-11-12 17:08:14 - [TEST_STEP][PASSED] - sayac = sayac - 1: null

2021-11-12 17:08:14 - [TEST_STEP][PASSED] - Console.println(sayac): null

2021-11-12 17:08:14 - [TEST_STEP][PASSED] - if (sayac == 0): Actual text and expected text of test object 'Object Repository/Tablo/DurumBilgisiArsiv' are matched.

2021-11-12 17:08:14 - [MESSAGE][INFO] - Finding Test Object 'Object Repository/Tablo/DurumBilgisiArsiv'

2021-11-12 17:08:14 - [MESSAGE][INFO] - Checking object

2021-11-12 17:08:14 - [MESSAGE][INFO] - Finding web element from Test Object's properties

2021-11-12 17:08:14 - [MESSAGE][INFO] - Checking timeout

2021-11-12 17:08:14 - [MESSAGE][INFO] - Finding web element with id: 'Object Repository/Tablo/DurumBilgisiArsiv' located by 'By.xpath: //*[@id = 'GridViewEArchiveInvoices_tccell0_9']' in '30' second(s)

2021-11-12 17:08:14 - [MESSAGE][INFO] - Smart Wait Function is triggered

2021-11-12 17:08:14 - [MESSAGE][INFO] - Found 1 web elements with id: 'Object Repository/Tablo/DurumBilgisiArsiv' located by 'By.xpath: //*[@id = 'GridViewEArchiveInvoices_tccell0_9']' in '30' second(s)

2021-11-12 17:08:14 - [MESSAGE][PASSED] - Actual text and expected text of test object 'Object Repository/Tablo/DurumBilgisiArsiv' are matched.

2021-11-12 17:08:14 - [TEST_STEP][PASSED] - Method.TextDegerineEsitElementeTikla(findTestObject("Filtreler/Butonlar"), "Listele"): Method.TextDegerineEsitElementeTikla is PASSED

2021-11-12 17:08:14 - [MESSAGE][INFO] - Finding Test Object 'Object Repository/Filtreler/Butonlar'

2021-11-12 17:08:15 - [MESSAGE][INFO] - Checking timeout

2021-11-12 17:08:15 - [MESSAGE][INFO] - Finding web element with id: 'Object Repository/Filtreler/Butonlar' located by 'By.cssSelector: .dxb>span' in '10' second(s)

2021-11-12 17:08:15 - [MESSAGE][INFO] - Smart Wait Function is triggered

2021-11-12 17:08:15 - [MESSAGE][INFO] - Found 3 web elements with id: 'Object Repository/Filtreler/Butonlar' located by 'By.cssSelector: .dxb>span' in '10' second(s)

2021-11-12 17:08:15 - [MESSAGE][PASSED] - Method.TextDegerineEsitElementeTikla is PASSED

2021-11-12 17:08:15 - [TEST_STEP][PASSED] - sayac = sayac - 1: null

2021-11-12 17:08:15 - [TEST_STEP][PASSED] - Console.println(sayac): null

2021-11-12 17:08:15 - [TEST_STEP][PASSED] - if (sayac == 0): Actual text and expected text of test object 'Object Repository/Tablo/DurumBilgisiArsiv' are matched.

2021-11-12 17:08:15 - [MESSAGE][INFO] - Finding Test Object 'Object Repository/Tablo/DurumBilgisiArsiv'

2021-11-12 17:08:15 - [MESSAGE][INFO] - Checking object

2021-11-12 17:08:15 - [MESSAGE][INFO] - Finding web element from Test Object's properties

2021-11-12 17:08:15 - [MESSAGE][INFO] - Checking timeout

2021-11-12 17:08:15 - [MESSAGE][INFO] - Finding web element with id: 'Object Repository/Tablo/DurumBilgisiArsiv' located by 'By.xpath: //*[@id = 'GridViewEArchiveInvoices_tccell0_9']' in '30' second(s)

2021-11-12 17:08:15 - [MESSAGE][INFO] - Smart Wait Function is triggered

2021-11-12 17:08:16 - [MESSAGE][INFO] - Found 1 web elements with id: 'Object Repository/Tablo/DurumBilgisiArsiv' located by 'By.xpath: //*[@id = 'GridViewEArchiveInvoices_tccell0_9']' in '30' second(s)

2021-11-12 17:08:16 - [MESSAGE][PASSED] - Actual text and expected text of test object 'Object Repository/Tablo/DurumBilgisiArsiv' are matched.

2021-11-12 17:08:16 - [TEST_STEP][PASSED] - Method.TextDegerineEsitElementeTikla(findTestObject("Filtreler/Butonlar"), "Listele"): Method.TextDegerineEsitElementeTikla is PASSED

2021-11-12 17:08:16 - [MESSAGE][INFO] - Finding Test Object 'Object Repository/Filtreler/Butonlar'

2021-11-12 17:08:16 - [MESSAGE][INFO] - Checking timeout

2021-11-12 17:08:16 - [MESSAGE][INFO] - Finding web element with id: 'Object Repository/Filtreler/Butonlar' located by 'By.cssSelector: .dxb>span' in '10' second(s)

2021-11-12 17:08:16 - [MESSAGE][INFO] - Smart Wait Function is triggered

2021-11-12 17:08:16 - [MESSAGE][INFO] - Found 3 web elements with id: 'Object Repository/Filtreler/Butonlar' located by 'By.cssSelector: .dxb>span' in '10' second(s)

2021-11-12 17:08:16 - [MESSAGE][PASSED] - Method.TextDegerineEsitElementeTikla is PASSED

2021-11-12 17:08:16 - [TEST_STEP][PASSED] - sayac = sayac - 1: null

2021-11-12 17:08:16 - [TEST_STEP][PASSED] - Console.println(sayac): null

2021-11-12 17:08:16 - [TEST_STEP][PASSED] - if (sayac == 0): Actual text and expected text of test object 'Object Repository/Tablo/DurumBilgisiArsiv' are matched.

2021-11-12 17:08:16 - [MESSAGE][INFO] - Finding Test Object 'Object Repository/Tablo/DurumBilgisiArsiv'

2021-11-12 17:08:16 - [MESSAGE][INFO] - Checking object

2021-11-12 17:08:16 - [MESSAGE][INFO] - Finding web element from Test Object's properties

2021-11-12 17:08:16 - [MESSAGE][INFO] - Checking timeout

2021-11-12 17:08:16 - [MESSAGE][INFO] - Finding web element with id: 'Object Repository/Tablo/DurumBilgisiArsiv' located by 'By.xpath: //*[@id = 'GridViewEArchiveInvoices_tccell0_9']' in '30' second(s)

2021-11-12 17:08:16 - [MESSAGE][INFO] - Smart Wait Function is triggered

2021-11-12 17:08:17 - [MESSAGE][INFO] - Found 1 web elements with id: 'Object Repository/Tablo/DurumBilgisiArsiv' located by 'By.xpath: //*[@id = 'GridViewEArchiveInvoices_tccell0_9']' in '30' second(s)

2021-11-12 17:08:17 - [MESSAGE][PASSED] - Actual text and expected text of test object 'Object Repository/Tablo/DurumBilgisiArsiv' are matched.

2021-11-12 17:08:17 - [TEST_STEP][PASSED] - Method.TextDegerineEsitElementeTikla(findTestObject("Filtreler/Butonlar"), "Listele"): Method.TextDegerineEsitElementeTikla is PASSED

2021-11-12 17:08:17 - [MESSAGE][INFO] - Finding Test Object 'Object Repository/Filtreler/Butonlar'

2021-11-12 17:08:17 - [MESSAGE][INFO] - Checking timeout

2021-11-12 17:08:17 - [MESSAGE][INFO] - Finding web element with id: 'Object Repository/Filtreler/Butonlar' located by 'By.cssSelector: .dxb>span' in '10' second(s)

2021-11-12 17:08:17 - [MESSAGE][INFO] - Smart Wait Function is triggered

2021-11-12 17:08:17 - [MESSAGE][INFO] - Found 3 web elements with id: 'Object Repository/Filtreler/Butonlar' located by 'By.cssSelector: .dxb>span' in '10' second(s)

2021-11-12 17:08:17 - [MESSAGE][PASSED] - Method.TextDegerineEsitElementeTikla is PASSED

2021-11-12 17:08:17 - [TEST_STEP][PASSED] - sayac = sayac - 1: null

2021-11-12 17:08:17 - [TEST_STEP][PASSED] - Console.println(sayac): null

2021-11-12 17:08:17 - [TEST_STEP][PASSED] - if (sayac == 0): Actual text and expected text of test object 'Object Repository/Tablo/DurumBilgisiArsiv' are matched.

2021-11-12 17:08:17 - [MESSAGE][INFO] - Finding Test Object 'Object Repository/Tablo/DurumBilgisiArsiv'

2021-11-12 17:08:17 - [MESSAGE][INFO] - Checking object

2021-11-12 17:08:17 - [MESSAGE][INFO] - Finding web element from Test Object's properties

2021-11-12 17:08:17 - [MESSAGE][INFO] - Checking timeout

2021-11-12 17:08:17 - [MESSAGE][INFO] - Finding web element with id: 'Object Repository/Tablo/DurumBilgisiArsiv' located by 'By.xpath: //*[@id = 'GridViewEArchiveInvoices_tccell0_9']' in '30' second(s)

2021-11-12 17:08:17 - [MESSAGE][INFO] - Smart Wait Function is triggered

2021-11-12 17:08:18 - [MESSAGE][INFO] - Found 1 web elements with id: 'Object Repository/Tablo/DurumBilgisiArsiv' located by 'By.xpath: //*[@id = 'GridViewEArchiveInvoices_tccell0_9']' in '30' second(s)

2021-11-12 17:08:18 - [MESSAGE][PASSED] - Actual text and expected text of test object 'Object Repository/Tablo/DurumBilgisiArsiv' are matched.

2021-11-12 17:08:18 - [TEST_STEP][PASSED] - Method.TextDegerineEsitElementeTikla(findTestObject("Filtreler/Butonlar"), "Listele"): Method.TextDegerineEsitElementeTikla is PASSED

2021-11-12 17:08:18 - [MESSAGE][INFO] - Finding Test Object 'Object Repository/Filtreler/Butonlar'

2021-11-12 17:08:18 - [MESSAGE][INFO] - Checking timeout

2021-11-12 17:08:18 - [MESSAGE][INFO] - Finding web element with id: 'Object Repository/Filtreler/Butonlar' located by 'By.cssSelector: .dxb>span' in '10' second(s)

2021-11-12 17:08:18 - [MESSAGE][INFO] - Smart Wait Function is triggered

2021-11-12 17:08:18 - [MESSAGE][INFO] - Found 3 web elements with id: 'Object Repository/Filtreler/Butonlar' located by 'By.cssSelector: .dxb>span' in '10' second(s)

2021-11-12 17:08:18 - [MESSAGE][PASSED] - Method.TextDegerineEsitElementeTikla is PASSED

2021-11-12 17:08:18 - [TEST_STEP][PASSED] - sayac = sayac - 1: null

2021-11-12 17:08:18 - [TEST_STEP][PASSED] - Console.println(sayac): null

2021-11-12 17:08:18 - [TEST_STEP][PASSED] - if (sayac == 0): Actual text and expected text of test object 'Object Repository/Tablo/DurumBilgisiArsiv' are matched.

2021-11-12 17:08:18 - [MESSAGE][INFO] - Finding Test Object 'Object Repository/Tablo/DurumBilgisiArsiv'

2021-11-12 17:08:18 - [MESSAGE][INFO] - Checking object

2021-11-12 17:08:18 - [MESSAGE][INFO] - Finding web element from Test Object's properties

2021-11-12 17:08:18 - [MESSAGE][INFO] - Checking timeout

2021-11-12 17:08:18 - [MESSAGE][INFO] - Finding web element with id: 'Object Repository/Tablo/DurumBilgisiArsiv' located by 'By.xpath: //*[@id = 'GridViewEArchiveInvoices_tccell0_9']' in '30' second(s)

2021-11-12 17:08:18 - [MESSAGE][INFO] - Smart Wait Function is triggered

2021-11-12 17:08:19 - [MESSAGE][INFO] - Found 1 web elements with id: 'Object Repository/Tablo/DurumBilgisiArsiv' located by 'By.xpath: //*[@id = 'GridViewEArchiveInvoices_tccell0_9']' in '30' second(s)

2021-11-12 17:08:19 - [MESSAGE][PASSED] - Actual text and expected text of test object 'Object Repository/Tablo/DurumBilgisiArsiv' are matched.

2021-11-12 17:08:19 - [TEST_STEP][PASSED] - Method.TextDegerineEsitElementeTikla(findTestObject("Filtreler/Butonlar"), "Listele"): Method.TextDegerineEsitElementeTikla is PASSED

2021-11-12 17:08:19 - [MESSAGE][INFO] - Finding Test Object 'Object Repository/Filtreler/Butonlar'

2021-11-12 17:08:19 - [MESSAGE][INFO] - Checking timeout

2021-11-12 17:08:19 - [MESSAGE][INFO] - Finding web element with id: 'Object Repository/Filtreler/Butonlar' located by 'By.cssSelector: .dxb>span' in '10' second(s)

2021-11-12 17:08:19 - [MESSAGE][INFO] - Smart Wait Function is triggered

2021-11-12 17:08:19 - [MESSAGE][INFO] - Found 3 web elements with id: 'Object Repository/Filtreler/Butonlar' located by 'By.cssSelector: .dxb>span' in '10' second(s)

2021-11-12 17:08:19 - [MESSAGE][PASSED] - Method.TextDegerineEsitElementeTikla is PASSED

2021-11-12 17:08:19 - [TEST_STEP][PASSED] - sayac = sayac - 1: null

2021-11-12 17:08:19 - [TEST_STEP][PASSED] - Console.println(sayac): null

2021-11-12 17:08:19 - [TEST_STEP][PASSED] - if (sayac == 0): Actual text and expected text of test object 'Object Repository/Tablo/DurumBilgisiArsiv' are matched.

2021-11-12 17:08:19 - [MESSAGE][INFO] - Finding Test Object 'Object Repository/Tablo/DurumBilgisiArsiv'

2021-11-12 17:08:19 - [MESSAGE][INFO] - Checking object

2021-11-12 17:08:19 - [MESSAGE][INFO] - Finding web element from Test Object's properties

2021-11-12 17:08:19 - [MESSAGE][INFO] - Checking timeout

2021-11-12 17:08:19 - [MESSAGE][INFO] - Finding web element with id: 'Object Repository/Tablo/DurumBilgisiArsiv' located by 'By.xpath: //*[@id = 'GridViewEArchiveInvoices_tccell0_9']' in '30' second(s)

2021-11-12 17:08:19 - [MESSAGE][INFO] - Smart Wait Function is triggered

2021-11-12 17:08:20 - [MESSAGE][INFO] - Found 1 web elements with id: 'Object Repository/Tablo/DurumBilgisiArsiv' located by 'By.xpath: //*[@id = 'GridViewEArchiveInvoices_tccell0_9']' in '30' second(s)

2021-11-12 17:08:20 - [MESSAGE][PASSED] - Actual text and expected text of test object 'Object Repository/Tablo/DurumBilgisiArsiv' are matched.

2021-11-12 17:08:20 - [TEST_STEP][PASSED] - Method.TextDegerineEsitElementeTikla(findTestObject("Filtreler/Butonlar"), "Listele"): Method.TextDegerineEsitElementeTikla is PASSED

2021-11-12 17:08:20 - [MESSAGE][INFO] - Finding Test Object 'Object Repository/Filtreler/Butonlar'

2021-11-12 17:08:20 - [MESSAGE][INFO] - Checking timeout

2021-11-12 17:08:20 - [MESSAGE][INFO] - Finding web element with id: 'Object Repository/Filtreler/Butonlar' located by 'By.cssSelector: .dxb>span' in '10' second(s)

2021-11-12 17:08:20 - [MESSAGE][INFO] - Smart Wait Function is triggered

2021-11-12 17:08:20 - [MESSAGE][INFO] - Found 3 web elements with id: 'Object Repository/Filtreler/Butonlar' located by 'By.cssSelector: .dxb>span' in '10' second(s)

2021-11-12 17:08:20 - [MESSAGE][PASSED] - Method.TextDegerineEsitElementeTikla is PASSED

2021-11-12 17:08:20 - [TEST_STEP][PASSED] - sayac = sayac - 1: null

2021-11-12 17:08:20 - [TEST_STEP][PASSED] - Console.println(sayac): null

2021-11-12 17:08:20 - [TEST_STEP][PASSED] - if (sayac == 0): Actual text and expected text of test object 'Object Repository/Tablo/DurumBilgisiArsiv' are matched.

2021-11-12 17:08:20 - [MESSAGE][INFO] - Finding Test Object 'Object Repository/Tablo/DurumBilgisiArsiv'

2021-11-12 17:08:21 - [MESSAGE][INFO] - Checking object

2021-11-12 17:08:21 - [MESSAGE][INFO] - Finding web element from Test Object's properties

2021-11-12 17:08:21 - [MESSAGE][INFO] - Checking timeout

2021-11-12 17:08:21 - [MESSAGE][INFO] - Finding web element with id: 'Object Repository/Tablo/DurumBilgisiArsiv' located by 'By.xpath: //*[@id = 'GridViewEArchiveInvoices_tccell0_9']' in '30' second(s)

2021-11-12 17:08:21 - [MESSAGE][INFO] - Smart Wait Function is triggered

2021-11-12 17:08:21 - [MESSAGE][INFO] - Found 1 web elements with id: 'Object Repository/Tablo/DurumBilgisiArsiv' located by 'By.xpath: //*[@id = 'GridViewEArchiveInvoices_tccell0_9']' in '30' second(s)

2021-11-12 17:08:21 - [MESSAGE][PASSED] - Actual text and expected text of test object 'Object Repository/Tablo/DurumBilgisiArsiv' are matched.

2021-11-12 17:08:21 - [TEST_STEP][PASSED] - Method.TextDegerineEsitElementeTikla(findTestObject("Filtreler/Butonlar"), "Listele"): Method.TextDegerineEsitElementeTikla is PASSED

2021-11-12 17:08:21 - [MESSAGE][INFO] - Finding Test Object 'Object Repository/Filtreler/Butonlar'

2021-11-12 17:08:21 - [MESSAGE][INFO] - Checking timeout

2021-11-12 17:08:21 - [MESSAGE][INFO] - Finding web element with id: 'Object Repository/Filtreler/Butonlar' located by 'By.cssSelector: .dxb>span' in '10' second(s)

2021-11-12 17:08:21 - [MESSAGE][INFO] - Smart Wait Function is triggered

2021-11-12 17:08:21 - [MESSAGE][INFO] - Found 3 web elements with id: 'Object Repository/Filtreler/Butonlar' located by 'By.cssSelector: .dxb>span' in '10' second(s)

2021-11-12 17:08:22 - [MESSAGE][PASSED] - Method.TextDegerineEsitElementeTikla is PASSED

2021-11-12 17:08:22 - [TEST_STEP][PASSED] - sayac = sayac - 1: null

2021-11-12 17:08:22 - [TEST_STEP][PASSED] - Console.println(sayac): null

2021-11-12 17:08:22 - [TEST_STEP][PASSED] - if (sayac == 0): Actual text and expected text of test object 'Object Repository/Tablo/DurumBilgisiArsiv' are matched.

2021-11-12 17:08:22 - [MESSAGE][INFO] - Finding Test Object 'Object Repository/Tablo/DurumBilgisiArsiv'

2021-11-12 17:08:22 - [MESSAGE][INFO] - Checking object

2021-11-12 17:08:22 - [MESSAGE][INFO] - Finding web element from Test Object's properties

2021-11-12 17:08:22 - [MESSAGE][INFO] - Checking timeout

2021-11-12 17:08:22 - [MESSAGE][INFO] - Finding web element with id: 'Object Repository/Tablo/DurumBilgisiArsiv' located by 'By.xpath: //*[@id = 'GridViewEArchiveInvoices_tccell0_9']' in '30' second(s)

2021-11-12 17:08:22 - [MESSAGE][INFO] - Smart Wait Function is triggered

2021-11-12 17:08:22 - [MESSAGE][INFO] - Found 1 web elements with id: 'Object Repository/Tablo/DurumBilgisiArsiv' located by 'By.xpath: //*[@id = 'GridViewEArchiveInvoices_tccell0_9']' in '30' second(s)

2021-11-12 17:08:22 - [MESSAGE][PASSED] - Actual text and expected text of test object 'Object Repository/Tablo/DurumBilgisiArsiv' are matched.

2021-11-12 17:08:22 - [TEST_STEP][PASSED] - Method.TextDegerineEsitElementeTikla(findTestObject("Filtreler/Butonlar"), "Listele"): Method.TextDegerineEsitElementeTikla is PASSED

2021-11-12 17:08:22 - [MESSAGE][INFO] - Finding Test Object 'Object Repository/Filtreler/Butonlar'

2021-11-12 17:08:22 - [MESSAGE][INFO] - Checking timeout

2021-11-12 17:08:22 - [MESSAGE][INFO] - Finding web element with id: 'Object Repository/Filtreler/Butonlar' located by 'By.cssSelector: .dxb>span' in '10' second(s)

2021-11-12 17:08:22 - [MESSAGE][INFO] - Smart Wait Function is triggered

2021-11-12 17:08:22 - [MESSAGE][INFO] - Found 3 web elements with id: 'Object Repository/Filtreler/Butonlar' located by 'By.cssSelector: .dxb>span' in '10' second(s)

2021-11-12 17:08:23 - [MESSAGE][PASSED] - Method.TextDegerineEsitElementeTikla is PASSED

2021-11-12 17:08:23 - [TEST_STEP][PASSED] - sayac = sayac - 1: null

2021-11-12 17:08:23 - [TEST_STEP][PASSED] - Console.println(sayac): null

2021-11-12 17:08:23 - [TEST_STEP][PASSED] - if (sayac == 0): Actual text and expected text of test object 'Object Repository/Tablo/DurumBilgisiArsiv' are matched.

2021-11-12 17:08:23 - [MESSAGE][INFO] - Finding Test Object 'Object Repository/Tablo/DurumBilgisiArsiv'

2021-11-12 17:08:23 - [MESSAGE][INFO] - Checking object

2021-11-12 17:08:23 - [MESSAGE][INFO] - Finding web element from Test Object's properties

2021-11-12 17:08:23 - [MESSAGE][INFO] - Checking timeout

2021-11-12 17:08:23 - [MESSAGE][INFO] - Finding web element with id: 'Object Repository/Tablo/DurumBilgisiArsiv' located by 'By.xpath: //*[@id = 'GridViewEArchiveInvoices_tccell0_9']' in '30' second(s)

2021-11-12 17:08:23 - [MESSAGE][INFO] - Smart Wait Function is triggered

2021-11-12 17:08:23 - [MESSAGE][INFO] - Found 1 web elements with id: 'Object Repository/Tablo/DurumBilgisiArsiv' located by 'By.xpath: //*[@id = 'GridViewEArchiveInvoices_tccell0_9']' in '30' second(s)

2021-11-12 17:08:23 - [MESSAGE][PASSED] - Actual text and expected text of test object 'Object Repository/Tablo/DurumBilgisiArsiv' are matched.

2021-11-12 17:08:23 - [TEST_STEP][PASSED] - Method.TextDegerineEsitElementeTikla(findTestObject("Filtreler/Butonlar"), "Listele"): Method.TextDegerineEsitElementeTikla is PASSED

2021-11-12 17:08:23 - [MESSAGE][INFO] - Finding Test Object 'Object Repository/Filtreler/Butonlar'

2021-11-12 17:08:23 - [MESSAGE][INFO] - Checking timeout

2021-11-12 17:08:23 - [MESSAGE][INFO] - Finding web element with id: 'Object Repository/Filtreler/Butonlar' located by 'By.cssSelector: .dxb>span' in '10' second(s)

2021-11-12 17:08:23 - [MESSAGE][INFO] - Smart Wait Function is triggered

2021-11-12 17:08:24 - [MESSAGE][INFO] - Found 3 web elements with id: 'Object Repository/Filtreler/Butonlar' located by 'By.cssSelector: .dxb>span' in '10' second(s)

2021-11-12 17:08:24 - [MESSAGE][PASSED] - Method.TextDegerineEsitElementeTikla is PASSED

2021-11-12 17:08:24 - [TEST_STEP][PASSED] - sayac = sayac - 1: null

2021-11-12 17:08:24 - [TEST_STEP][PASSED] - Console.println(sayac): null

2021-11-12 17:08:24 - [TEST_STEP][PASSED] - if (sayac == 0): Actual text and expected text of test object 'Object Repository/Tablo/DurumBilgisiArsiv' are matched.

2021-11-12 17:08:24 - [MESSAGE][INFO] - Finding Test Object 'Object Repository/Tablo/DurumBilgisiArsiv'

2021-11-12 17:08:24 - [MESSAGE][INFO] - Checking object

2021-11-12 17:08:24 - [MESSAGE][INFO] - Finding web element from Test Object's properties

2021-11-12 17:08:24 - [MESSAGE][INFO] - Checking timeout

2021-11-12 17:08:24 - [MESSAGE][INFO] - Finding web element with id: 'Object Repository/Tablo/DurumBilgisiArsiv' located by 'By.xpath: //*[@id = 'GridViewEArchiveInvoices_tccell0_9']' in '30' second(s)

2021-11-12 17:08:24 - [MESSAGE][INFO] - Smart Wait Function is triggered

2021-11-12 17:08:24 - [MESSAGE][INFO] - Found 1 web elements with id: 'Object Repository/Tablo/DurumBilgisiArsiv' located by 'By.xpath: //*[@id = 'GridViewEArchiveInvoices_tccell0_9']' in '30' second(s)

2021-11-12 17:08:25 - [MESSAGE][PASSED] - Actual text and expected text of test object 'Object Repository/Tablo/DurumBilgisiArsiv' are matched.

2021-11-12 17:08:25 - [TEST_STEP][PASSED] - Method.TextDegerineEsitElementeTikla(findTestObject("Filtreler/Butonlar"), "Listele"): Method.TextDegerineEsitElementeTikla is PASSED

2021-11-12 17:08:25 - [MESSAGE][INFO] - Finding Test Object 'Object Repository/Filtreler/Butonlar'

2021-11-12 17:08:25 - [MESSAGE][INFO] - Checking timeout

2021-11-12 17:08:25 - [MESSAGE][INFO] - Finding web element with id: 'Object Repository/Filtreler/Butonlar' located by 'By.cssSelector: .dxb>span' in '10' second(s)

2021-11-12 17:08:25 - [MESSAGE][INFO] - Smart Wait Function is triggered

2021-11-12 17:08:25 - [MESSAGE][INFO] - Found 3 web elements with id: 'Object Repository/Filtreler/Butonlar' located by 'By.cssSelector: .dxb>span' in '10' second(s)

2021-11-12 17:08:25 - [MESSAGE][PASSED] - Method.TextDegerineEsitElementeTikla is PASSED

2021-11-12 17:08:25 - [TEST_STEP][PASSED] - sayac = sayac - 1: null

2021-11-12 17:08:25 - [TEST_STEP][PASSED] - Console.println(sayac): null

2021-11-12 17:08:25 - [TEST_STEP][PASSED] - if (sayac == 0): Actual text and expected text of test object 'Object Repository/Tablo/DurumBilgisiArsiv' are matched.

2021-11-12 17:08:25 - [MESSAGE][INFO] - Finding Test Object 'Object Repository/Tablo/DurumBilgisiArsiv'

2021-11-12 17:08:25 - [MESSAGE][INFO] - Checking object

2021-11-12 17:08:25 - [MESSAGE][INFO] - Finding web element from Test Object's properties

2021-11-12 17:08:25 - [MESSAGE][INFO] - Checking timeout

2021-11-12 17:08:25 - [MESSAGE][INFO] - Finding web element with id: 'Object Repository/Tablo/DurumBilgisiArsiv' located by 'By.xpath: //*[@id = 'GridViewEArchiveInvoices_tccell0_9']' in '30' second(s)

2021-11-12 17:08:25 - [MESSAGE][INFO] - Smart Wait Function is triggered

2021-11-12 17:08:26 - [MESSAGE][INFO] - Found 1 web elements with id: 'Object Repository/Tablo/DurumBilgisiArsiv' located by 'By.xpath: //*[@id = 'GridViewEArchiveInvoices_tccell0_9']' in '30' second(s)

2021-11-12 17:08:26 - [MESSAGE][PASSED] - Actual text and expected text of test object 'Object Repository/Tablo/DurumBilgisiArsiv' are matched.

2021-11-12 17:08:26 - [TEST_STEP][PASSED] - Method.TextDegerineEsitElementeTikla(findTestObject("Filtreler/Butonlar"), "Listele"): Method.TextDegerineEsitElementeTikla is PASSED

2021-11-12 17:08:26 - [MESSAGE][INFO] - Finding Test Object 'Object Repository/Filtreler/Butonlar'

2021-11-12 17:08:26 - [MESSAGE][INFO] - Checking timeout

2021-11-12 17:08:26 - [MESSAGE][INFO] - Finding web element with id: 'Object Repository/Filtreler/Butonlar' located by 'By.cssSelector: .dxb>span' in '10' second(s)

2021-11-12 17:08:26 - [MESSAGE][INFO] - Smart Wait Function is triggered

2021-11-12 17:08:26 - [MESSAGE][INFO] - Found 3 web elements with id: 'Object Repository/Filtreler/Butonlar' located by 'By.cssSelector: .dxb>span' in '10' second(s)

2021-11-12 17:08:26 - [MESSAGE][PASSED] - Method.TextDegerineEsitElementeTikla is PASSED

2021-11-12 17:08:26 - [TEST_STEP][PASSED] - sayac = sayac - 1: null

2021-11-12 17:08:26 - [TEST_STEP][PASSED] - Console.println(sayac): null

2021-11-12 17:08:26 - [TEST_STEP][PASSED] - if (sayac == 0): Actual text and expected text of test object 'Object Repository/Tablo/DurumBilgisiArsiv' are matched.

2021-11-12 17:08:26 - [MESSAGE][INFO] - Finding Test Object 'Object Repository/Tablo/DurumBilgisiArsiv'

2021-11-12 17:08:26 - [MESSAGE][INFO] - Checking object

2021-11-12 17:08:26 - [MESSAGE][INFO] - Finding web element from Test Object's properties

2021-11-12 17:08:26 - [MESSAGE][INFO] - Checking timeout

2021-11-12 17:08:26 - [MESSAGE][INFO] - Finding web element with id: 'Object Repository/Tablo/DurumBilgisiArsiv' located by 'By.xpath: //*[@id = 'GridViewEArchiveInvoices_tccell0_9']' in '30' second(s)

2021-11-12 17:08:26 - [MESSAGE][INFO] - Smart Wait Function is triggered

2021-11-12 17:08:27 - [MESSAGE][INFO] - Found 1 web elements with id: 'Object Repository/Tablo/DurumBilgisiArsiv' located by 'By.xpath: //*[@id = 'GridViewEArchiveInvoices_tccell0_9']' in '30' second(s)

2021-11-12 17:08:27 - [MESSAGE][PASSED] - Actual text and expected text of test object 'Object Repository/Tablo/DurumBilgisiArsiv' are matched.

2021-11-12 17:08:27 - [TEST_STEP][PASSED] - Method.TextDegerineEsitElementeTikla(findTestObject("Filtreler/Butonlar"), "Listele"): Method.TextDegerineEsitElementeTikla is PASSED

2021-11-12 17:08:27 - [MESSAGE][INFO] - Finding Test Object 'Object Repository/Filtreler/Butonlar'

2021-11-12 17:08:27 - [MESSAGE][INFO] - Checking timeout

2021-11-12 17:08:27 - [MESSAGE][INFO] - Finding web element with id: 'Object Repository/Filtreler/Butonlar' located by 'By.cssSelector: .dxb>span' in '10' second(s)

2021-11-12 17:08:27 - [MESSAGE][INFO] - Smart Wait Function is triggered

2021-11-12 17:08:27 - [MESSAGE][INFO] - Found 3 web elements with id: 'Object Repository/Filtreler/Butonlar' located by 'By.cssSelector: .dxb>span' in '10' second(s)

2021-11-12 17:08:27 - [MESSAGE][PASSED] - Method.TextDegerineEsitElementeTikla is PASSED

2021-11-12 17:08:27 - [TEST_STEP][PASSED] - sayac = sayac - 1: null

2021-11-12 17:08:27 - [TEST_STEP][PASSED] - Console.println(sayac): null

2021-11-12 17:08:27 - [TEST_STEP][PASSED] - if (sayac == 0): Actual text and expected text of test object 'Object Repository/Tablo/DurumBilgisiArsiv' are matched.

2021-11-12 17:08:27 - [MESSAGE][INFO] - Finding Test Object 'Object Repository/Tablo/DurumBilgisiArsiv'

2021-11-12 17:08:27 - [MESSAGE][INFO] - Checking object

2021-11-12 17:08:27 - [MESSAGE][INFO] - Finding web element from Test Object's properties

2021-11-12 17:08:27 - [MESSAGE][INFO] - Checking timeout

2021-11-12 17:08:27 - [MESSAGE][INFO] - Finding web element with id: 'Object Repository/Tablo/DurumBilgisiArsiv' located by 'By.xpath: //*[@id = 'GridViewEArchiveInvoices_tccell0_9']' in '30' second(s)

2021-11-12 17:08:27 - [MESSAGE][INFO] - Smart Wait Function is triggered

2021-11-12 17:08:28 - [MESSAGE][INFO] - Found 1 web elements with id: 'Object Repository/Tablo/DurumBilgisiArsiv' located by 'By.xpath: //*[@id = 'GridViewEArchiveInvoices_tccell0_9']' in '30' second(s)

2021-11-12 17:08:28 - [MESSAGE][PASSED] - Actual text and expected text of test object 'Object Repository/Tablo/DurumBilgisiArsiv' are matched.

2021-11-12 17:08:28 - [TEST_STEP][PASSED] - Method.TextDegerineEsitElementeTikla(findTestObject("Filtreler/Butonlar"), "Listele"): Method.TextDegerineEsitElementeTikla is PASSED

2021-11-12 17:08:28 - [MESSAGE][INFO] - Finding Test Object 'Object Repository/Filtreler/Butonlar'

2021-11-12 17:08:28 - [MESSAGE][INFO] - Checking timeout

2021-11-12 17:08:28 - [MESSAGE][INFO] - Finding web element with id: 'Object Repository/Filtreler/Butonlar' located by 'By.cssSelector: .dxb>span' in '10' second(s)

2021-11-12 17:08:28 - [MESSAGE][INFO] - Smart Wait Function is triggered

2021-11-12 17:08:28 - [MESSAGE][INFO] - Found 3 web elements with id: 'Object Repository/Filtreler/Butonlar' located by 'By.cssSelector: .dxb>span' in '10' second(s)

2021-11-12 17:08:28 - [MESSAGE][PASSED] - Method.TextDegerineEsitElementeTikla is PASSED

2021-11-12 17:08:28 - [TEST_STEP][PASSED] - sayac = sayac - 1: null

2021-11-12 17:08:28 - [TEST_STEP][PASSED] - Console.println(sayac): null

2021-11-12 17:08:28 - [TEST_STEP][PASSED] - if (sayac == 0): Actual text and expected text of test object 'Object Repository/Tablo/DurumBilgisiArsiv' are matched.

2021-11-12 17:08:28 - [MESSAGE][INFO] - Finding Test Object 'Object Repository/Tablo/DurumBilgisiArsiv'

2021-11-12 17:08:29 - [MESSAGE][INFO] - Checking object

2021-11-12 17:08:29 - [MESSAGE][INFO] - Finding web element from Test Object's properties

2021-11-12 17:08:29 - [MESSAGE][INFO] - Checking timeout

2021-11-12 17:08:29 - [MESSAGE][INFO] - Finding web element with id: 'Object Repository/Tablo/DurumBilgisiArsiv' located by 'By.xpath: //*[@id = 'GridViewEArchiveInvoices_tccell0_9']' in '30' second(s)

2021-11-12 17:08:29 - [MESSAGE][INFO] - Smart Wait Function is triggered

2021-11-12 17:08:29 - [MESSAGE][INFO] - Found 1 web elements with id: 'Object Repository/Tablo/DurumBilgisiArsiv' located by 'By.xpath: //*[@id = 'GridViewEArchiveInvoices_tccell0_9']' in '30' second(s)

2021-11-12 17:08:29 - [MESSAGE][PASSED] - Actual text and expected text of test object 'Object Repository/Tablo/DurumBilgisiArsiv' are matched.

2021-11-12 17:08:29 - [TEST_STEP][PASSED] - Method.TextDegerineEsitElementeTikla(findTestObject("Filtreler/Butonlar"), "Listele"): Method.TextDegerineEsitElementeTikla is PASSED

2021-11-12 17:08:29 - [MESSAGE][INFO] - Finding Test Object 'Object Repository/Filtreler/Butonlar'

2021-11-12 17:08:29 - [MESSAGE][INFO] - Checking timeout

2021-11-12 17:08:29 - [MESSAGE][INFO] - Finding web element with id: 'Object Repository/Filtreler/Butonlar' located by 'By.cssSelector: .dxb>span' in '10' second(s)

2021-11-12 17:08:29 - [MESSAGE][INFO] - Smart Wait Function is triggered

2021-11-12 17:08:29 - [MESSAGE][INFO] - Found 3 web elements with id: 'Object Repository/Filtreler/Butonlar' located by 'By.cssSelector: .dxb>span' in '10' second(s)

2021-11-12 17:08:30 - [MESSAGE][PASSED] - Method.TextDegerineEsitElementeTikla is PASSED

2021-11-12 17:08:30 - [TEST_STEP][PASSED] - sayac = sayac - 1: null

2021-11-12 17:08:30 - [TEST_STEP][PASSED] - Console.println(sayac): null

2021-11-12 17:08:30 - [TEST_STEP][PASSED] - if (sayac == 0): Actual text and expected text of test object 'Object Repository/Tablo/DurumBilgisiArsiv' are matched.

2021-11-12 17:08:30 - [MESSAGE][INFO] - Finding Test Object 'Object Repository/Tablo/DurumBilgisiArsiv'

2021-11-12 17:08:30 - [MESSAGE][INFO] - Checking object

2021-11-12 17:08:30 - [MESSAGE][INFO] - Finding web element from Test Object's properties

2021-11-12 17:08:30 - [MESSAGE][INFO] - Checking timeout

2021-11-12 17:08:30 - [MESSAGE][INFO] - Finding web element with id: 'Object Repository/Tablo/DurumBilgisiArsiv' located by 'By.xpath: //*[@id = 'GridViewEArchiveInvoices_tccell0_9']' in '30' second(s)

2021-11-12 17:08:30 - [MESSAGE][INFO] - Smart Wait Function is triggered

2021-11-12 17:08:30 - [MESSAGE][INFO] - Found 1 web elements with id: 'Object Repository/Tablo/DurumBilgisiArsiv' located by 'By.xpath: //*[@id = 'GridViewEArchiveInvoices_tccell0_9']' in '30' second(s)

2021-11-12 17:08:30 - [MESSAGE][PASSED] - Actual text and expected text of test object 'Object Repository/Tablo/DurumBilgisiArsiv' are matched.

2021-11-12 17:08:30 - [TEST_STEP][PASSED] - Method.TextDegerineEsitElementeTikla(findTestObject("Filtreler/Butonlar"), "Listele"): Method.TextDegerineEsitElementeTikla is PASSED

2021-11-12 17:08:30 - [MESSAGE][INFO] - Finding Test Object 'Object Repository/Filtreler/Butonlar'

2021-11-12 17:08:31 - [MESSAGE][INFO] - Checking timeout

2021-11-12 17:08:31 - [MESSAGE][INFO] - Finding web element with id: 'Object Repository/Filtreler/Butonlar' located by 'By.cssSelector: .dxb>span' in '10' second(s)

2021-11-12 17:08:31 - [MESSAGE][INFO] - Smart Wait Function is triggered

2021-11-12 17:08:31 - [MESSAGE][INFO] - Found 3 web elements with id: 'Object Repository/Filtreler/Butonlar' located by 'By.cssSelector: .dxb>span' in '10' second(s)

2021-11-12 17:08:31 - [MESSAGE][PASSED] - Method.TextDegerineEsitElementeTikla is PASSED

2021-11-12 17:08:31 - [TEST_STEP][PASSED] - sayac = sayac - 1: null

2021-11-12 17:08:31 - [TEST_STEP][PASSED] - Console.println(sayac): null

2021-11-12 17:08:31 - [TEST_STEP][PASSED] - if (sayac == 0): Actual text and expected text of test object 'Object Repository/Tablo/DurumBilgisiArsiv' are matched.

2021-11-12 17:08:31 - [MESSAGE][INFO] - Finding Test Object 'Object Repository/Tablo/DurumBilgisiArsiv'

2021-11-12 17:08:31 - [MESSAGE][INFO] - Checking object

2021-11-12 17:08:31 - [MESSAGE][INFO] - Finding web element from Test Object's properties

2021-11-12 17:08:31 - [MESSAGE][INFO] - Checking timeout

2021-11-12 17:08:31 - [MESSAGE][INFO] - Finding web element with id: 'Object Repository/Tablo/DurumBilgisiArsiv' located by 'By.xpath: //*[@id = 'GridViewEArchiveInvoices_tccell0_9']' in '30' second(s)

2021-11-12 17:08:31 - [MESSAGE][INFO] - Smart Wait Function is triggered

2021-11-12 17:08:32 - [MESSAGE][INFO] - Found 1 web elements with id: 'Object Repository/Tablo/DurumBilgisiArsiv' located by 'By.xpath: //*[@id = 'GridViewEArchiveInvoices_tccell0_9']' in '30' second(s)

2021-11-12 17:08:32 - [MESSAGE][PASSED] - Actual text and expected text of test object 'Object Repository/Tablo/DurumBilgisiArsiv' are matched.

2021-11-12 17:08:32 - [TEST_STEP][PASSED] - Method.TextDegerineEsitElementeTikla(findTestObject("Filtreler/Butonlar"), "Listele"): Method.TextDegerineEsitElementeTikla is PASSED

2021-11-12 17:08:32 - [MESSAGE][INFO] - Finding Test Object 'Object Repository/Filtreler/Butonlar'

2021-11-12 17:08:32 - [MESSAGE][INFO] - Checking timeout

2021-11-12 17:08:32 - [MESSAGE][INFO] - Finding web element with id: 'Object Repository/Filtreler/Butonlar' located by 'By.cssSelector: .dxb>span' in '10' second(s)

2021-11-12 17:08:32 - [MESSAGE][INFO] - Smart Wait Function is triggered

2021-11-12 17:08:32 - [MESSAGE][INFO] - Found 3 web elements with id: 'Object Repository/Filtreler/Butonlar' located by 'By.cssSelector: .dxb>span' in '10' second(s)

2021-11-12 17:08:32 - [MESSAGE][PASSED] - Method.TextDegerineEsitElementeTikla is PASSED

2021-11-12 17:08:32 - [TEST_STEP][PASSED] - sayac = sayac - 1: null

2021-11-12 17:08:32 - [TEST_STEP][PASSED] - Console.println(sayac): null

2021-11-12 17:08:32 - [TEST_STEP][PASSED] - if (sayac == 0): Actual text and expected text of test object 'Object Repository/Tablo/DurumBilgisiArsiv' are matched.

2021-11-12 17:08:32 - [MESSAGE][INFO] - Finding Test Object 'Object Repository/Tablo/DurumBilgisiArsiv'

2021-11-12 17:08:32 - [MESSAGE][INFO] - Checking object

2021-11-12 17:08:32 - [MESSAGE][INFO] - Finding web element from Test Object's properties

2021-11-12 17:08:32 - [MESSAGE][INFO] - Checking timeout

2021-11-12 17:08:32 - [MESSAGE][INFO] - Finding web element with id: 'Object Repository/Tablo/DurumBilgisiArsiv' located by 'By.xpath: //*[@id = 'GridViewEArchiveInvoices_tccell0_9']' in '30' second(s)

2021-11-12 17:08:32 - [MESSAGE][INFO] - Smart Wait Function is triggered

2021-11-12 17:08:33 - [MESSAGE][INFO] - Found 1 web elements with id: 'Object Repository/Tablo/DurumBilgisiArsiv' located by 'By.xpath: //*[@id = 'GridViewEArchiveInvoices_tccell0_9']' in '30' second(s)

2021-11-12 17:08:33 - [MESSAGE][PASSED] - Actual text and expected text of test object 'Object Repository/Tablo/DurumBilgisiArsiv' are matched.

2021-11-12 17:08:33 - [TEST_STEP][PASSED] - Method.TextDegerineEsitElementeTikla(findTestObject("Filtreler/Butonlar"), "Listele"): Method.TextDegerineEsitElementeTikla is PASSED

2021-11-12 17:08:33 - [MESSAGE][INFO] - Finding Test Object 'Object Repository/Filtreler/Butonlar'

2021-11-12 17:08:33 - [MESSAGE][INFO] - Checking timeout

2021-11-12 17:08:33 - [MESSAGE][INFO] - Finding web element with id: 'Object Repository/Filtreler/Butonlar' located by 'By.cssSelector: .dxb>span' in '10' second(s)

2021-11-12 17:08:33 - [MESSAGE][INFO] - Smart Wait Function is triggered

2021-11-12 17:08:33 - [MESSAGE][INFO] - Found 3 web elements with id: 'Object Repository/Filtreler/Butonlar' located by 'By.cssSelector: .dxb>span' in '10' second(s)

2021-11-12 17:08:34 - [MESSAGE][PASSED] - Method.TextDegerineEsitElementeTikla is PASSED

2021-11-12 17:08:34 - [TEST_STEP][PASSED] - sayac = sayac - 1: null

2021-11-12 17:08:34 - [TEST_STEP][PASSED] - Console.println(sayac): null

2021-11-12 17:08:34 - [TEST_STEP][PASSED] - if (sayac == 0): Actual text and expected text of test object 'Object Repository/Tablo/DurumBilgisiArsiv' are matched.

2021-11-12 17:08:34 - [MESSAGE][INFO] - Finding Test Object 'Object Repository/Tablo/DurumBilgisiArsiv'

2021-11-12 17:08:34 - [MESSAGE][INFO] - Checking object

2021-11-12 17:08:34 - [MESSAGE][INFO] - Finding web element from Test Object's properties

2021-11-12 17:08:34 - [MESSAGE][INFO] - Checking timeout

2021-11-12 17:08:34 - [MESSAGE][INFO] - Finding web element with id: 'Object Repository/Tablo/DurumBilgisiArsiv' located by 'By.xpath: //*[@id = 'GridViewEArchiveInvoices_tccell0_9']' in '30' second(s)

2021-11-12 17:08:34 - [MESSAGE][INFO] - Smart Wait Function is triggered

2021-11-12 17:08:35 - [MESSAGE][INFO] - Found 1 web elements with id: 'Object Repository/Tablo/DurumBilgisiArsiv' located by 'By.xpath: //*[@id = 'GridViewEArchiveInvoices_tccell0_9']' in '30' second(s)

2021-11-12 17:08:35 - [MESSAGE][PASSED] - Actual text and expected text of test object 'Object Repository/Tablo/DurumBilgisiArsiv' are matched.

2021-11-12 17:08:35 - [TEST_STEP][PASSED] - Method.TextDegerineEsitElementeTikla(findTestObject("Filtreler/Butonlar"), "Listele"): Method.TextDegerineEsitElementeTikla is PASSED

2021-11-12 17:08:35 - [MESSAGE][INFO] - Finding Test Object 'Object Repository/Filtreler/Butonlar'

2021-11-12 17:08:35 - [MESSAGE][INFO] - Checking timeout

2021-11-12 17:08:35 - [MESSAGE][INFO] - Finding web element with id: 'Object Repository/Filtreler/Butonlar' located by 'By.cssSelector: .dxb>span' in '10' second(s)

2021-11-12 17:08:35 - [MESSAGE][INFO] - Smart Wait Function is triggered

2021-11-12 17:08:35 - [MESSAGE][INFO] - Found 3 web elements with id: 'Object Repository/Filtreler/Butonlar' located by 'By.cssSelector: .dxb>span' in '10' second(s)

2021-11-12 17:08:35 - [MESSAGE][PASSED] - Method.TextDegerineEsitElementeTikla is PASSED

2021-11-12 17:08:35 - [TEST_STEP][PASSED] - sayac = sayac - 1: null

2021-11-12 17:08:35 - [TEST_STEP][PASSED] - Console.println(sayac): null

2021-11-12 17:08:35 - [TEST_STEP][PASSED] - if (sayac == 0): Actual text and expected text of test object 'Object Repository/Tablo/DurumBilgisiArsiv' are matched.

2021-11-12 17:08:35 - [MESSAGE][INFO] - Finding Test Object 'Object Repository/Tablo/DurumBilgisiArsiv'

2021-11-12 17:08:35 - [MESSAGE][INFO] - Checking object

2021-11-12 17:08:35 - [MESSAGE][INFO] - Finding web element from Test Object's properties

2021-11-12 17:08:35 - [MESSAGE][INFO] - Checking timeout

2021-11-12 17:08:35 - [MESSAGE][INFO] - Finding web element with id: 'Object Repository/Tablo/DurumBilgisiArsiv' located by 'By.xpath: //*[@id = 'GridViewEArchiveInvoices_tccell0_9']' in '30' second(s)

2021-11-12 17:08:35 - [MESSAGE][INFO] - Smart Wait Function is triggered

2021-11-12 17:08:36 - [MESSAGE][INFO] - Found 1 web elements with id: 'Object Repository/Tablo/DurumBilgisiArsiv' located by 'By.xpath: //*[@id = 'GridViewEArchiveInvoices_tccell0_9']' in '30' second(s)

2021-11-12 17:08:36 - [MESSAGE][PASSED] - Actual text and expected text of test object 'Object Repository/Tablo/DurumBilgisiArsiv' are matched.

2021-11-12 17:08:36 - [TEST_STEP][PASSED] - Method.TextDegerineEsitElementeTikla(findTestObject("Filtreler/Butonlar"), "Listele"): Method.TextDegerineEsitElementeTikla is PASSED

2021-11-12 17:08:36 - [MESSAGE][INFO] - Finding Test Object 'Object Repository/Filtreler/Butonlar'

2021-11-12 17:08:36 - [MESSAGE][INFO] - Checking timeout

2021-11-12 17:08:36 - [MESSAGE][INFO] - Finding web element with id: 'Object Repository/Filtreler/Butonlar' located by 'By.cssSelector: .dxb>span' in '10' second(s)

2021-11-12 17:08:36 - [MESSAGE][INFO] - Smart Wait Function is triggered

2021-11-12 17:08:36 - [MESSAGE][INFO] - Found 3 web elements with id: 'Object Repository/Filtreler/Butonlar' located by 'By.cssSelector: .dxb>span' in '10' second(s)

2021-11-12 17:08:36 - [MESSAGE][PASSED] - Method.TextDegerineEsitElementeTikla is PASSED

2021-11-12 17:08:36 - [TEST_STEP][PASSED] - sayac = sayac - 1: null

2021-11-12 17:08:36 - [TEST_STEP][PASSED] - Console.println(sayac): null

2021-11-12 17:08:36 - [TEST_STEP][PASSED] - if (sayac == 0): Actual text and expected text of test object 'Object Repository/Tablo/DurumBilgisiArsiv' are matched.

2021-11-12 17:08:36 - [MESSAGE][INFO] - Finding Test Object 'Object Repository/Tablo/DurumBilgisiArsiv'

2021-11-12 17:08:36 - [MESSAGE][INFO] - Checking object

2021-11-12 17:08:36 - [MESSAGE][INFO] - Finding web element from Test Object's properties

2021-11-12 17:08:36 - [MESSAGE][INFO] - Checking timeout

2021-11-12 17:08:36 - [MESSAGE][INFO] - Finding web element with id: 'Object Repository/Tablo/DurumBilgisiArsiv' located by 'By.xpath: //*[@id = 'GridViewEArchiveInvoices_tccell0_9']' in '30' second(s)

2021-11-12 17:08:36 - [MESSAGE][INFO] - Smart Wait Function is triggered

2021-11-12 17:08:37 - [MESSAGE][INFO] - Found 1 web elements with id: 'Object Repository/Tablo/DurumBilgisiArsiv' located by 'By.xpath: //*[@id = 'GridViewEArchiveInvoices_tccell0_9']' in '30' second(s)

2021-11-12 17:08:37 - [MESSAGE][PASSED] - Actual text and expected text of test object 'Object Repository/Tablo/DurumBilgisiArsiv' are matched.

2021-11-12 17:08:37 - [TEST_STEP][PASSED] - Method.TextDegerineEsitElementeTikla(findTestObject("Filtreler/Butonlar"), "Listele"): Method.TextDegerineEsitElementeTikla is PASSED

2021-11-12 17:08:37 - [MESSAGE][INFO] - Finding Test Object 'Object Repository/Filtreler/Butonlar'

2021-11-12 17:08:37 - [MESSAGE][INFO] - Checking timeout

2021-11-12 17:08:37 - [MESSAGE][INFO] - Finding web element with id: 'Object Repository/Filtreler/Butonlar' located by 'By.cssSelector: .dxb>span' in '10' second(s)

2021-11-12 17:08:37 - [MESSAGE][INFO] - Smart Wait Function is triggered

2021-11-12 17:08:37 - [MESSAGE][INFO] - Found 3 web elements with id: 'Object Repository/Filtreler/Butonlar' located by 'By.cssSelector: .dxb>span' in '10' second(s)

2021-11-12 17:08:37 - [MESSAGE][PASSED] - Method.TextDegerineEsitElementeTikla is PASSED

2021-11-12 17:08:37 - [TEST_STEP][PASSED] - sayac = sayac - 1: null

2021-11-12 17:08:37 - [TEST_STEP][PASSED] - Console.println(sayac): null

2021-11-12 17:08:37 - [TEST_STEP][PASSED] - if (sayac == 0): Actual text and expected text of test object 'Object Repository/Tablo/DurumBilgisiArsiv' are matched.

2021-11-12 17:08:37 - [MESSAGE][INFO] - Finding Test Object 'Object Repository/Tablo/DurumBilgisiArsiv'

2021-11-12 17:08:37 - [MESSAGE][INFO] - Checking object

2021-11-12 17:08:37 - [MESSAGE][INFO] - Finding web element from Test Object's properties

2021-11-12 17:08:37 - [MESSAGE][INFO] - Checking timeout

2021-11-12 17:08:37 - [MESSAGE][INFO] - Finding web element with id: 'Object Repository/Tablo/DurumBilgisiArsiv' located by 'By.xpath: //*[@id = 'GridViewEArchiveInvoices_tccell0_9']' in '30' second(s)

2021-11-12 17:08:37 - [MESSAGE][INFO] - Smart Wait Function is triggered

2021-11-12 17:08:38 - [MESSAGE][INFO] - Found 1 web elements with id: 'Object Repository/Tablo/DurumBilgisiArsiv' located by 'By.xpath: //*[@id = 'GridViewEArchiveInvoices_tccell0_9']' in '30' second(s)

2021-11-12 17:08:38 - [MESSAGE][PASSED] - Actual text and expected text of test object 'Object Repository/Tablo/DurumBilgisiArsiv' are matched.

2021-11-12 17:08:38 - [TEST_STEP][PASSED] - Method.TextDegerineEsitElementeTikla(findTestObject("Filtreler/Butonlar"), "Listele"): Method.TextDegerineEsitElementeTikla is PASSED

2021-11-12 17:08:38 - [MESSAGE][INFO] - Finding Test Object 'Object Repository/Filtreler/Butonlar'

2021-11-12 17:08:38 - [MESSAGE][INFO] - Checking timeout

2021-11-12 17:08:38 - [MESSAGE][INFO] - Finding web element with id: 'Object Repository/Filtreler/Butonlar' located by 'By.cssSelector: .dxb>span' in '10' second(s)

2021-11-12 17:08:38 - [MESSAGE][INFO] - Smart Wait Function is triggered

2021-11-12 17:08:38 - [MESSAGE][INFO] - Found 3 web elements with id: 'Object Repository/Filtreler/Butonlar' located by 'By.cssSelector: .dxb>span' in '10' second(s)

2021-11-12 17:08:38 - [MESSAGE][PASSED] - Method.TextDegerineEsitElementeTikla is PASSED

2021-11-12 17:08:38 - [TEST_STEP][PASSED] - sayac = sayac - 1: null

2021-11-12 17:08:38 - [TEST_STEP][PASSED] - Console.println(sayac): null

2021-11-12 17:08:38 - [TEST_STEP][PASSED] - if (sayac == 0): Actual text and expected text of test object 'Object Repository/Tablo/DurumBilgisiArsiv' are matched.

2021-11-12 17:08:38 - [MESSAGE][INFO] - Finding Test Object 'Object Repository/Tablo/DurumBilgisiArsiv'

2021-11-12 17:08:38 - [MESSAGE][INFO] - Checking object

2021-11-12 17:08:38 - [MESSAGE][INFO] - Finding web element from Test Object's properties

2021-11-12 17:08:38 - [MESSAGE][INFO] - Checking timeout

2021-11-12 17:08:38 - [MESSAGE][INFO] - Finding web element with id: 'Object Repository/Tablo/DurumBilgisiArsiv' located by 'By.xpath: //*[@id = 'GridViewEArchiveInvoices_tccell0_9']' in '30' second(s)

2021-11-12 17:08:38 - [MESSAGE][INFO] - Smart Wait Function is triggered

2021-11-12 17:08:39 - [MESSAGE][INFO] - Found 1 web elements with id: 'Object Repository/Tablo/DurumBilgisiArsiv' located by 'By.xpath: //*[@id = 'GridViewEArchiveInvoices_tccell0_9']' in '30' second(s)

2021-11-12 17:08:39 - [MESSAGE][PASSED] - Actual text and expected text of test object 'Object Repository/Tablo/DurumBilgisiArsiv' are matched.

2021-11-12 17:08:39 - [TEST_STEP][PASSED] - Method.TextDegerineEsitElementeTikla(findTestObject("Filtreler/Butonlar"), "Listele"): Method.TextDegerineEsitElementeTikla is PASSED

2021-11-12 17:08:39 - [MESSAGE][INFO] - Finding Test Object 'Object Repository/Filtreler/Butonlar'

2021-11-12 17:08:39 - [MESSAGE][INFO] - Checking timeout

2021-11-12 17:08:39 - [MESSAGE][INFO] - Finding web element with id: 'Object Repository/Filtreler/Butonlar' located by 'By.cssSelector: .dxb>span' in '10' second(s)

2021-11-12 17:08:39 - [MESSAGE][INFO] - Smart Wait Function is triggered

2021-11-12 17:08:39 - [MESSAGE][INFO] - Found 3 web elements with id: 'Object Repository/Filtreler/Butonlar' located by 'By.cssSelector: .dxb>span' in '10' second(s)

2021-11-12 17:08:40 - [MESSAGE][PASSED] - Method.TextDegerineEsitElementeTikla is PASSED

2021-11-12 17:08:40 - [TEST_STEP][PASSED] - sayac = sayac - 1: null

2021-11-12 17:08:40 - [TEST_STEP][PASSED] - Console.println(sayac): null

2021-11-12 17:08:40 - [TEST_STEP][PASSED] - if (sayac == 0): Actual text and expected text of test object 'Object Repository/Tablo/DurumBilgisiArsiv' are matched.

2021-11-12 17:08:40 - [MESSAGE][INFO] - Finding Test Object 'Object Repository/Tablo/DurumBilgisiArsiv'

2021-11-12 17:08:40 - [MESSAGE][INFO] - Checking object

2021-11-12 17:08:40 - [MESSAGE][INFO] - Finding web element from Test Object's properties

2021-11-12 17:08:40 - [MESSAGE][INFO] - Checking timeout

2021-11-12 17:08:40 - [MESSAGE][INFO] - Finding web element with id: 'Object Repository/Tablo/DurumBilgisiArsiv' located by 'By.xpath: //*[@id = 'GridViewEArchiveInvoices_tccell0_9']' in '30' second(s)

2021-11-12 17:08:40 - [MESSAGE][INFO] - Smart Wait Function is triggered

2021-11-12 17:08:40 - [MESSAGE][INFO] - Found 1 web elements with id: 'Object Repository/Tablo/DurumBilgisiArsiv' located by 'By.xpath: //*[@id = 'GridViewEArchiveInvoices_tccell0_9']' in '30' second(s)

2021-11-12 17:08:40 - [MESSAGE][PASSED] - Actual text and expected text of test object 'Object Repository/Tablo/DurumBilgisiArsiv' are matched.

2021-11-12 17:08:40 - [TEST_STEP][PASSED] - Method.TextDegerineEsitElementeTikla(findTestObject("Filtreler/Butonlar"), "Listele"): Method.TextDegerineEsitElementeTikla is PASSED

2021-11-12 17:08:40 - [MESSAGE][INFO] - Finding Test Object 'Object Repository/Filtreler/Butonlar'

2021-11-12 17:08:40 - [MESSAGE][INFO] - Checking timeout

2021-11-12 17:08:40 - [MESSAGE][INFO] - Finding web element with id: 'Object Repository/Filtreler/Butonlar' located by 'By.cssSelector: .dxb>span' in '10' second(s)

2021-11-12 17:08:40 - [MESSAGE][INFO] - Smart Wait Function is triggered

2021-11-12 17:08:41 - [MESSAGE][INFO] - Found 3 web elements with id: 'Object Repository/Filtreler/Butonlar' located by 'By.cssSelector: .dxb>span' in '10' second(s)

2021-11-12 17:08:41 - [MESSAGE][PASSED] - Method.TextDegerineEsitElementeTikla is PASSED

2021-11-12 17:08:41 - [TEST_STEP][PASSED] - sayac = sayac - 1: null

2021-11-12 17:08:41 - [TEST_STEP][PASSED] - Console.println(sayac): null

2021-11-12 17:08:41 - [TEST_STEP][PASSED] - if (sayac == 0): Actual text and expected text of test object 'Object Repository/Tablo/DurumBilgisiArsiv' are matched.

2021-11-12 17:08:41 - [MESSAGE][INFO] - Finding Test Object 'Object Repository/Tablo/DurumBilgisiArsiv'

2021-11-12 17:08:41 - [MESSAGE][INFO] - Checking object

2021-11-12 17:08:41 - [MESSAGE][INFO] - Finding web element from Test Object's properties

2021-11-12 17:08:41 - [MESSAGE][INFO] - Checking timeout

2021-11-12 17:08:41 - [MESSAGE][INFO] - Finding web element with id: 'Object Repository/Tablo/DurumBilgisiArsiv' located by 'By.xpath: //*[@id = 'GridViewEArchiveInvoices_tccell0_9']' in '30' second(s)

2021-11-12 17:08:41 - [MESSAGE][INFO] - Smart Wait Function is triggered

2021-11-12 17:08:41 - [MESSAGE][INFO] - Found 1 web elements with id: 'Object Repository/Tablo/DurumBilgisiArsiv' located by 'By.xpath: //*[@id = 'GridViewEArchiveInvoices_tccell0_9']' in '30' second(s)

2021-11-12 17:08:41 - [MESSAGE][PASSED] - Actual text and expected text of test object 'Object Repository/Tablo/DurumBilgisiArsiv' are matched.

2021-11-12 17:08:41 - [TEST_STEP][PASSED] - Method.TextDegerineEsitElementeTikla(findTestObject("Filtreler/Butonlar"), "Listele"): Method.TextDegerineEsitElementeTikla is PASSED

2021-11-12 17:08:41 - [MESSAGE][INFO] - Finding Test Object 'Object Repository/Filtreler/Butonlar'

2021-11-12 17:08:42 - [MESSAGE][INFO] - Checking timeout

2021-11-12 17:08:42 - [MESSAGE][INFO] - Finding web element with id: 'Object Repository/Filtreler/Butonlar' located by 'By.cssSelector: .dxb>span' in '10' second(s)

2021-11-12 17:08:42 - [MESSAGE][INFO] - Smart Wait Function is triggered

2021-11-12 17:08:42 - [MESSAGE][INFO] - Found 3 web elements with id: 'Object Repository/Filtreler/Butonlar' located by 'By.cssSelector: .dxb>span' in '10' second(s)

2021-11-12 17:08:42 - [MESSAGE][PASSED] - Method.TextDegerineEsitElementeTikla is PASSED

2021-11-12 17:08:42 - [TEST_STEP][PASSED] - sayac = sayac - 1: null

2021-11-12 17:08:42 - [TEST_STEP][PASSED] - Console.println(sayac): null

2021-11-12 17:08:42 - [TEST_STEP][PASSED] - if (sayac == 0): Actual text and expected text of test object 'Object Repository/Tablo/DurumBilgisiArsiv' are matched.

2021-11-12 17:08:42 - [MESSAGE][INFO] - Finding Test Object 'Object Repository/Tablo/DurumBilgisiArsiv'

2021-11-12 17:08:42 - [MESSAGE][INFO] - Checking object

2021-11-12 17:08:42 - [MESSAGE][INFO] - Finding web element from Test Object's properties

2021-11-12 17:08:42 - [MESSAGE][INFO] - Checking timeout

2021-11-12 17:08:42 - [MESSAGE][INFO] - Finding web element with id: 'Object Repository/Tablo/DurumBilgisiArsiv' located by 'By.xpath: //*[@id = 'GridViewEArchiveInvoices_tccell0_9']' in '30' second(s)

2021-11-12 17:08:42 - [MESSAGE][INFO] - Smart Wait Function is triggered

2021-11-12 17:08:43 - [MESSAGE][INFO] - Found 1 web elements with id: 'Object Repository/Tablo/DurumBilgisiArsiv' located by 'By.xpath: //*[@id = 'GridViewEArchiveInvoices_tccell0_9']' in '30' second(s)

2021-11-12 17:08:43 - [MESSAGE][PASSED] - Actual text and expected text of test object 'Object Repository/Tablo/DurumBilgisiArsiv' are matched.

2021-11-12 17:08:43 - [TEST_STEP][PASSED] - Method.TextDegerineEsitElementeTikla(findTestObject("Filtreler/Butonlar"), "Listele"): Method.TextDegerineEsitElementeTikla is PASSED

2021-11-12 17:08:43 - [MESSAGE][INFO] - Finding Test Object 'Object Repository/Filtreler/Butonlar'

2021-11-12 17:08:43 - [MESSAGE][INFO] - Checking timeout

2021-11-12 17:08:43 - [MESSAGE][INFO] - Finding web element with id: 'Object Repository/Filtreler/Butonlar' located by 'By.cssSelector: .dxb>span' in '10' second(s)

2021-11-12 17:08:43 - [MESSAGE][INFO] - Smart Wait Function is triggered

2021-11-12 17:08:43 - [MESSAGE][INFO] - Found 3 web elements with id: 'Object Repository/Filtreler/Butonlar' located by 'By.cssSelector: .dxb>span' in '10' second(s)

2021-11-12 17:08:43 - [MESSAGE][PASSED] - Method.TextDegerineEsitElementeTikla is PASSED

2021-11-12 17:08:43 - [TEST_STEP][PASSED] - sayac = sayac - 1: null

2021-11-12 17:08:43 - [TEST_STEP][PASSED] - Console.println(sayac): null

2021-11-12 17:08:43 - [TEST_STEP][PASSED] - if (sayac == 0): Actual text and expected text of test object 'Object Repository/Tablo/DurumBilgisiArsiv' are matched.

2021-11-12 17:08:43 - [MESSAGE][INFO] - Finding Test Object 'Object Repository/Tablo/DurumBilgisiArsiv'

2021-11-12 17:08:43 - [MESSAGE][INFO] - Checking object

2021-11-12 17:08:43 - [MESSAGE][INFO] - Finding web element from Test Object's properties

2021-11-12 17:08:43 - [MESSAGE][INFO] - Checking timeout

2021-11-12 17:08:43 - [MESSAGE][INFO] - Finding web element with id: 'Object Repository/Tablo/DurumBilgisiArsiv' located by 'By.xpath: //*[@id = 'GridViewEArchiveInvoices_tccell0_9']' in '30' second(s)

2021-11-12 17:08:43 - [MESSAGE][INFO] - Smart Wait Function is triggered

2021-11-12 17:08:44 - [MESSAGE][INFO] - Found 1 web elements with id: 'Object Repository/Tablo/DurumBilgisiArsiv' located by 'By.xpath: //*[@id = 'GridViewEArchiveInvoices_tccell0_9']' in '30' second(s)

2021-11-12 17:08:44 - [MESSAGE][PASSED] - Actual text and expected text of test object 'Object Repository/Tablo/DurumBilgisiArsiv' are matched.

2021-11-12 17:08:44 - [TEST_STEP][PASSED] - Method.TextDegerineEsitElementeTikla(findTestObject("Filtreler/Butonlar"), "Listele"): Method.TextDegerineEsitElementeTikla is PASSED

2021-11-12 17:08:44 - [MESSAGE][INFO] - Finding Test Object 'Object Repository/Filtreler/Butonlar'

2021-11-12 17:08:44 - [MESSAGE][INFO] - Checking timeout

2021-11-12 17:08:44 - [MESSAGE][INFO] - Finding web element with id: 'Object Repository/Filtreler/Butonlar' located by 'By.cssSelector: .dxb>span' in '10' second(s)

2021-11-12 17:08:44 - [MESSAGE][INFO] - Smart Wait Function is triggered

2021-11-12 17:08:44 - [MESSAGE][INFO] - Found 3 web elements with id: 'Object Repository/Filtreler/Butonlar' located by 'By.cssSelector: .dxb>span' in '10' second(s)

2021-11-12 17:08:44 - [MESSAGE][PASSED] - Method.TextDegerineEsitElementeTikla is PASSED

2021-11-12 17:08:44 - [TEST_STEP][PASSED] - sayac = sayac - 1: null

2021-11-12 17:08:44 - [TEST_STEP][PASSED] - Console.println(sayac): null

2021-11-12 17:08:44 - [TEST_STEP][PASSED] - if (sayac == 0): Actual text and expected text of test object 'Object Repository/Tablo/DurumBilgisiArsiv' are matched.

2021-11-12 17:08:44 - [MESSAGE][INFO] - Finding Test Object 'Object Repository/Tablo/DurumBilgisiArsiv'

2021-11-12 17:08:44 - [MESSAGE][INFO] - Checking object

2021-11-12 17:08:44 - [MESSAGE][INFO] - Finding web element from Test Object's properties

2021-11-12 17:08:44 - [MESSAGE][INFO] - Checking timeout

2021-11-12 17:08:44 - [MESSAGE][INFO] - Finding web element with id: 'Object Repository/Tablo/DurumBilgisiArsiv' located by 'By.xpath: //*[@id = 'GridViewEArchiveInvoices_tccell0_9']' in '30' second(s)

2021-11-12 17:08:44 - [MESSAGE][INFO] - Smart Wait Function is triggered

2021-11-12 17:08:45 - [MESSAGE][INFO] - Found 1 web elements with id: 'Object Repository/Tablo/DurumBilgisiArsiv' located by 'By.xpath: //*[@id = 'GridViewEArchiveInvoices_tccell0_9']' in '30' second(s)

2021-11-12 17:08:45 - [MESSAGE][PASSED] - Actual text and expected text of test object 'Object Repository/Tablo/DurumBilgisiArsiv' are matched.

2021-11-12 17:08:45 - [TEST_STEP][PASSED] - Method.TextDegerineEsitElementeTikla(findTestObject("Filtreler/Butonlar"), "Listele"): Method.TextDegerineEsitElementeTikla is PASSED

2021-11-12 17:08:45 - [MESSAGE][INFO] - Finding Test Object 'Object Repository/Filtreler/Butonlar'

2021-11-12 17:08:45 - [MESSAGE][INFO] - Checking timeout

2021-11-12 17:08:45 - [MESSAGE][INFO] - Finding web element with id: 'Object Repository/Filtreler/Butonlar' located by 'By.cssSelector: .dxb>span' in '10' second(s)

2021-11-12 17:08:45 - [MESSAGE][INFO] - Smart Wait Function is triggered

2021-11-12 17:08:45 - [MESSAGE][INFO] - Found 3 web elements with id: 'Object Repository/Filtreler/Butonlar' located by 'By.cssSelector: .dxb>span' in '10' second(s)

2021-11-12 17:08:46 - [MESSAGE][PASSED] - Method.TextDegerineEsitElementeTikla is PASSED

2021-11-12 17:08:46 - [TEST_STEP][PASSED] - sayac = sayac - 1: null

2021-11-12 17:08:46 - [TEST_STEP][PASSED] - Console.println(sayac): null

2021-11-12 17:08:46 - [TEST_STEP][PASSED] - if (sayac == 0): Actual text and expected text of test object 'Object Repository/Tablo/DurumBilgisiArsiv' are matched.

2021-11-12 17:08:46 - [MESSAGE][INFO] - Finding Test Object 'Object Repository/Tablo/DurumBilgisiArsiv'

2021-11-12 17:08:46 - [MESSAGE][INFO] - Checking object

2021-11-12 17:08:46 - [MESSAGE][INFO] - Finding web element from Test Object's properties

2021-11-12 17:08:46 - [MESSAGE][INFO] - Checking timeout

2021-11-12 17:08:46 - [MESSAGE][INFO] - Finding web element with id: 'Object Repository/Tablo/DurumBilgisiArsiv' located by 'By.xpath: //*[@id = 'GridViewEArchiveInvoices_tccell0_9']' in '30' second(s)

2021-11-12 17:08:46 - [MESSAGE][INFO] - Smart Wait Function is triggered

2021-11-12 17:08:46 - [MESSAGE][INFO] - Found 1 web elements with id: 'Object Repository/Tablo/DurumBilgisiArsiv' located by 'By.xpath: //*[@id = 'GridViewEArchiveInvoices_tccell0_9']' in '30' second(s)

2021-11-12 17:08:46 - [MESSAGE][PASSED] - Actual text and expected text of test object 'Object Repository/Tablo/DurumBilgisiArsiv' are matched.

2021-11-12 17:08:46 - [TEST_STEP][PASSED] - Method.TextDegerineEsitElementeTikla(findTestObject("Filtreler/Butonlar"), "Listele"): Method.TextDegerineEsitElementeTikla is PASSED

2021-11-12 17:08:46 - [MESSAGE][INFO] - Finding Test Object 'Object Repository/Filtreler/Butonlar'

2021-11-12 17:08:46 - [MESSAGE][INFO] - Checking timeout

2021-11-12 17:08:46 - [MESSAGE][INFO] - Finding web element with id: 'Object Repository/Filtreler/Butonlar' located by 'By.cssSelector: .dxb>span' in '10' second(s)

2021-11-12 17:08:46 - [MESSAGE][INFO] - Smart Wait Function is triggered

2021-11-12 17:08:47 - [MESSAGE][INFO] - Found 3 web elements with id: 'Object Repository/Filtreler/Butonlar' located by 'By.cssSelector: .dxb>span' in '10' second(s)

2021-11-12 17:08:47 - [MESSAGE][PASSED] - Method.TextDegerineEsitElementeTikla is PASSED

2021-11-12 17:08:47 - [TEST_STEP][PASSED] - sayac = sayac - 1: null

2021-11-12 17:08:47 - [TEST_STEP][PASSED] - Console.println(sayac): null

2021-11-12 17:08:47 - [TEST_STEP][PASSED] - if (sayac == 0): Actual text and expected text of test object 'Object Repository/Tablo/DurumBilgisiArsiv' are matched.

2021-11-12 17:08:47 - [MESSAGE][INFO] - Finding Test Object 'Object Repository/Tablo/DurumBilgisiArsiv'

2021-11-12 17:08:47 - [MESSAGE][INFO] - Checking object

2021-11-12 17:08:47 - [MESSAGE][INFO] - Finding web element from Test Object's properties

2021-11-12 17:08:47 - [MESSAGE][INFO] - Checking timeout

2021-11-12 17:08:47 - [MESSAGE][INFO] - Finding web element with id: 'Object Repository/Tablo/DurumBilgisiArsiv' located by 'By.xpath: //*[@id = 'GridViewEArchiveInvoices_tccell0_9']' in '30' second(s)

2021-11-12 17:08:47 - [MESSAGE][INFO] - Smart Wait Function is triggered

2021-11-12 17:08:47 - [MESSAGE][INFO] - Found 1 web elements with id: 'Object Repository/Tablo/DurumBilgisiArsiv' located by 'By.xpath: //*[@id = 'GridViewEArchiveInvoices_tccell0_9']' in '30' second(s)

2021-11-12 17:08:47 - [MESSAGE][PASSED] - Actual text and expected text of test object 'Object Repository/Tablo/DurumBilgisiArsiv' are matched.

2021-11-12 17:08:47 - [TEST_STEP][PASSED] - Method.TextDegerineEsitElementeTikla(findTestObject("Filtreler/Butonlar"), "Listele"): Method.TextDegerineEsitElementeTikla is PASSED

2021-11-12 17:08:47 - [MESSAGE][INFO] - Finding Test Object 'Object Repository/Filtreler/Butonlar'

2021-11-12 17:08:48 - [MESSAGE][INFO] - Checking timeout

2021-11-12 17:08:48 - [MESSAGE][INFO] - Finding web element with id: 'Object Repository/Filtreler/Butonlar' located by 'By.cssSelector: .dxb>span' in '10' second(s)

2021-11-12 17:08:48 - [MESSAGE][INFO] - Smart Wait Function is triggered

2021-11-12 17:08:48 - [MESSAGE][INFO] - Found 3 web elements with id: 'Object Repository/Filtreler/Butonlar' located by 'By.cssSelector: .dxb>span' in '10' second(s)

2021-11-12 17:08:48 - [MESSAGE][PASSED] - Method.TextDegerineEsitElementeTikla is PASSED

2021-11-12 17:08:48 - [TEST_STEP][PASSED] - sayac = sayac - 1: null

2021-11-12 17:08:48 - [TEST_STEP][PASSED] - Console.println(sayac): null

2021-11-12 17:08:48 - [TEST_STEP][PASSED] - if (sayac == 0): Actual text and expected text of test object 'Object Repository/Tablo/DurumBilgisiArsiv' are matched.

2021-11-12 17:08:48 - [MESSAGE][INFO] - Finding Test Object 'Object Repository/Tablo/DurumBilgisiArsiv'

2021-11-12 17:08:48 - [MESSAGE][INFO] - Checking object

2021-11-12 17:08:48 - [MESSAGE][INFO] - Finding web element from Test Object's properties

2021-11-12 17:08:48 - [MESSAGE][INFO] - Checking timeout

2021-11-12 17:08:48 - [MESSAGE][INFO] - Finding web element with id: 'Object Repository/Tablo/DurumBilgisiArsiv' located by 'By.xpath: //*[@id = 'GridViewEArchiveInvoices_tccell0_9']' in '30' second(s)

2021-11-12 17:08:48 - [MESSAGE][INFO] - Smart Wait Function is triggered

2021-11-12 17:08:49 - [MESSAGE][INFO] - Found 1 web elements with id: 'Object Repository/Tablo/DurumBilgisiArsiv' located by 'By.xpath: //*[@id = 'GridViewEArchiveInvoices_tccell0_9']' in '30' second(s)

2021-11-12 17:08:49 - [MESSAGE][PASSED] - Actual text and expected text of test object 'Object Repository/Tablo/DurumBilgisiArsiv' are matched.

2021-11-12 17:08:49 - [TEST_STEP][PASSED] - Method.TextDegerineEsitElementeTikla(findTestObject("Filtreler/Butonlar"), "Listele"): Method.TextDegerineEsitElementeTikla is PASSED

2021-11-12 17:08:49 - [MESSAGE][INFO] - Finding Test Object 'Object Repository/Filtreler/Butonlar'

2021-11-12 17:08:49 - [MESSAGE][INFO] - Checking timeout

2021-11-12 17:08:49 - [MESSAGE][INFO] - Finding web element with id: 'Object Repository/Filtreler/Butonlar' located by 'By.cssSelector: .dxb>span' in '10' second(s)

2021-11-12 17:08:49 - [MESSAGE][INFO] - Smart Wait Function is triggered

2021-11-12 17:08:49 - [MESSAGE][INFO] - Found 3 web elements with id: 'Object Repository/Filtreler/Butonlar' located by 'By.cssSelector: .dxb>span' in '10' second(s)

2021-11-12 17:08:49 - [MESSAGE][PASSED] - Method.TextDegerineEsitElementeTikla is PASSED

2021-11-12 17:08:49 - [TEST_STEP][PASSED] - sayac = sayac - 1: null

2021-11-12 17:08:49 - [TEST_STEP][PASSED] - Console.println(sayac): null

2021-11-12 17:08:49 - [TEST_STEP][PASSED] - if (sayac == 0): Actual text and expected text of test object 'Object Repository/Tablo/DurumBilgisiArsiv' are matched.

2021-11-12 17:08:49 - [MESSAGE][INFO] - Finding Test Object 'Object Repository/Tablo/DurumBilgisiArsiv'

2021-11-12 17:08:49 - [MESSAGE][INFO] - Checking object

2021-11-12 17:08:49 - [MESSAGE][INFO] - Finding web element from Test Object's properties

2021-11-12 17:08:49 - [MESSAGE][INFO] - Checking timeout

2021-11-12 17:08:49 - [MESSAGE][INFO] - Finding web element with id: 'Object Repository/Tablo/DurumBilgisiArsiv' located by 'By.xpath: //*[@id = 'GridViewEArchiveInvoices_tccell0_9']' in '30' second(s)

2021-11-12 17:08:49 - [MESSAGE][INFO] - Smart Wait Function is triggered

2021-11-12 17:08:50 - [MESSAGE][INFO] - Found 1 web elements with id: 'Object Repository/Tablo/DurumBilgisiArsiv' located by 'By.xpath: //*[@id = 'GridViewEArchiveInvoices_tccell0_9']' in '30' second(s)

2021-11-12 17:08:50 - [MESSAGE][PASSED] - Actual text and expected text of test object 'Object Repository/Tablo/DurumBilgisiArsiv' are matched.

2021-11-12 17:08:50 - [TEST_STEP][PASSED] - Method.TextDegerineEsitElementeTikla(findTestObject("Filtreler/Butonlar"), "Listele"): Method.TextDegerineEsitElementeTikla is PASSED

2021-11-12 17:08:50 - [MESSAGE][INFO] - Finding Test Object 'Object Repository/Filtreler/Butonlar'

2021-11-12 17:08:50 - [MESSAGE][INFO] - Checking timeout

2021-11-12 17:08:50 - [MESSAGE][INFO] - Finding web element with id: 'Object Repository/Filtreler/Butonlar' located by 'By.cssSelector: .dxb>span' in '10' second(s)

2021-11-12 17:08:50 - [MESSAGE][INFO] - Smart Wait Function is triggered

2021-11-12 17:08:50 - [MESSAGE][INFO] - Found 3 web elements with id: 'Object Repository/Filtreler/Butonlar' located by 'By.cssSelector: .dxb>span' in '10' second(s)

2021-11-12 17:08:50 - [MESSAGE][PASSED] - Method.TextDegerineEsitElementeTikla is PASSED

2021-11-12 17:08:50 - [TEST_STEP][PASSED] - sayac = sayac - 1: null

2021-11-12 17:08:50 - [TEST_STEP][PASSED] - Console.println(sayac): null

2021-11-12 17:08:50 - [TEST_STEP][PASSED] - if (sayac == 0): Actual text and expected text of test object 'Object Repository/Tablo/DurumBilgisiArsiv' are matched.

2021-11-12 17:08:50 - [MESSAGE][INFO] - Finding Test Object 'Object Repository/Tablo/DurumBilgisiArsiv'

2021-11-12 17:08:51 - [MESSAGE][INFO] - Checking object

2021-11-12 17:08:51 - [MESSAGE][INFO] - Finding web element from Test Object's properties

2021-11-12 17:08:51 - [MESSAGE][INFO] - Checking timeout

2021-11-12 17:08:51 - [MESSAGE][INFO] - Finding web element with id: 'Object Repository/Tablo/DurumBilgisiArsiv' located by 'By.xpath: //*[@id = 'GridViewEArchiveInvoices_tccell0_9']' in '30' second(s)

2021-11-12 17:08:51 - [MESSAGE][INFO] - Smart Wait Function is triggered

2021-11-12 17:08:51 - [MESSAGE][INFO] - Found 1 web elements with id: 'Object Repository/Tablo/DurumBilgisiArsiv' located by 'By.xpath: //*[@id = 'GridViewEArchiveInvoices_tccell0_9']' in '30' second(s)

2021-11-12 17:08:51 - [MESSAGE][PASSED] - Actual text and expected text of test object 'Object Repository/Tablo/DurumBilgisiArsiv' are matched.

2021-11-12 17:08:51 - [TEST_STEP][PASSED] - Method.TextDegerineEsitElementeTikla(findTestObject("Filtreler/Butonlar"), "Listele"): Method.TextDegerineEsitElementeTikla is PASSED

2021-11-12 17:08:51 - [MESSAGE][INFO] - Finding Test Object 'Object Repository/Filtreler/Butonlar'

2021-11-12 17:08:51 - [MESSAGE][INFO] - Checking timeout

2021-11-12 17:08:51 - [MESSAGE][INFO] - Finding web element with id: 'Object Repository/Filtreler/Butonlar' located by 'By.cssSelector: .dxb>span' in '10' second(s)

2021-11-12 17:08:51 - [MESSAGE][INFO] - Smart Wait Function is triggered

2021-11-12 17:08:52 - [MESSAGE][INFO] - Found 3 web elements with id: 'Object Repository/Filtreler/Butonlar' located by 'By.cssSelector: .dxb>span' in '10' second(s)

2021-11-12 17:08:52 - [MESSAGE][PASSED] - Method.TextDegerineEsitElementeTikla is PASSED

2021-11-12 17:08:52 - [TEST_STEP][PASSED] - sayac = sayac - 1: null

2021-11-12 17:08:52 - [TEST_STEP][PASSED] - Console.println(sayac): null

2021-11-12 17:08:52 - [TEST_STEP][PASSED] - if (sayac == 0): Actual text and expected text of test object 'Object Repository/Tablo/DurumBilgisiArsiv' are matched.

2021-11-12 17:08:52 - [MESSAGE][INFO] - Finding Test Object 'Object Repository/Tablo/DurumBilgisiArsiv'

2021-11-12 17:08:52 - [MESSAGE][INFO] - Checking object

2021-11-12 17:08:52 - [MESSAGE][INFO] - Finding web element from Test Object's properties

2021-11-12 17:08:52 - [MESSAGE][INFO] - Checking timeout

2021-11-12 17:08:52 - [MESSAGE][INFO] - Finding web element with id: 'Object Repository/Tablo/DurumBilgisiArsiv' located by 'By.xpath: //*[@id = 'GridViewEArchiveInvoices_tccell0_9']' in '30' second(s)

2021-11-12 17:08:52 - [MESSAGE][INFO] - Smart Wait Function is triggered

2021-11-12 17:08:52 - [MESSAGE][INFO] - Found 1 web elements with id: 'Object Repository/Tablo/DurumBilgisiArsiv' located by 'By.xpath: //*[@id = 'GridViewEArchiveInvoices_tccell0_9']' in '30' second(s)

2021-11-12 17:08:52 - [MESSAGE][PASSED] - Actual text and expected text of test object 'Object Repository/Tablo/DurumBilgisiArsiv' are matched.

2021-11-12 17:08:52 - [TEST_STEP][PASSED] - Method.TextDegerineEsitElementeTikla(findTestObject("Filtreler/Butonlar"), "Listele"): Method.TextDegerineEsitElementeTikla is PASSED

2021-11-12 17:08:52 - [MESSAGE][INFO] - Finding Test Object 'Object Repository/Filtreler/Butonlar'

2021-11-12 17:08:53 - [MESSAGE][INFO] - Checking timeout

2021-11-12 17:08:53 - [MESSAGE][INFO] - Finding web element with id: 'Object Repository/Filtreler/Butonlar' located by 'By.cssSelector: .dxb>span' in '10' second(s)

2021-11-12 17:08:53 - [MESSAGE][INFO] - Smart Wait Function is triggered

2021-11-12 17:08:53 - [MESSAGE][INFO] - Found 3 web elements with id: 'Object Repository/Filtreler/Butonlar' located by 'By.cssSelector: .dxb>span' in '10' second(s)

2021-11-12 17:08:53 - [MESSAGE][PASSED] - Method.TextDegerineEsitElementeTikla is PASSED

2021-11-12 17:08:53 - [TEST_STEP][PASSED] - sayac = sayac - 1: null

2021-11-12 17:08:53 - [TEST_STEP][PASSED] - Console.println(sayac): null

2021-11-12 17:08:53 - [TEST_STEP][PASSED] - if (sayac == 0): Actual text and expected text of test object 'Object Repository/Tablo/DurumBilgisiArsiv' are matched.

2021-11-12 17:08:53 - [MESSAGE][INFO] - Finding Test Object 'Object Repository/Tablo/DurumBilgisiArsiv'

2021-11-12 17:08:53 - [MESSAGE][INFO] - Checking object

2021-11-12 17:08:53 - [MESSAGE][INFO] - Finding web element from Test Object's properties

2021-11-12 17:08:53 - [MESSAGE][INFO] - Checking timeout

2021-11-12 17:08:53 - [MESSAGE][INFO] - Finding web element with id: 'Object Repository/Tablo/DurumBilgisiArsiv' located by 'By.xpath: //*[@id = 'GridViewEArchiveInvoices_tccell0_9']' in '30' second(s)

2021-11-12 17:08:53 - [MESSAGE][INFO] - Smart Wait Function is triggered

2021-11-12 17:08:54 - [MESSAGE][INFO] - Found 1 web elements with id: 'Object Repository/Tablo/DurumBilgisiArsiv' located by 'By.xpath: //*[@id = 'GridViewEArchiveInvoices_tccell0_9']' in '30' second(s)

2021-11-12 17:08:54 - [MESSAGE][PASSED] - Actual text and expected text of test object 'Object Repository/Tablo/DurumBilgisiArsiv' are matched.

2021-11-12 17:08:54 - [TEST_STEP][PASSED] - Method.TextDegerineEsitElementeTikla(findTestObject("Filtreler/Butonlar"), "Listele"): Method.TextDegerineEsitElementeTikla is PASSED

2021-11-12 17:08:54 - [MESSAGE][INFO] - Finding Test Object 'Object Repository/Filtreler/Butonlar'

2021-11-12 17:08:54 - [MESSAGE][INFO] - Checking timeout

2021-11-12 17:08:54 - [MESSAGE][INFO] - Finding web element with id: 'Object Repository/Filtreler/Butonlar' located by 'By.cssSelector: .dxb>span' in '10' second(s)

2021-11-12 17:08:54 - [MESSAGE][INFO] - Smart Wait Function is triggered

2021-11-12 17:08:54 - [MESSAGE][INFO] - Found 3 web elements with id: 'Object Repository/Filtreler/Butonlar' located by 'By.cssSelector: .dxb>span' in '10' second(s)

2021-11-12 17:08:55 - [MESSAGE][PASSED] - Method.TextDegerineEsitElementeTikla is PASSED

2021-11-12 17:08:55 - [TEST_STEP][PASSED] - sayac = sayac - 1: null

2021-11-12 17:08:55 - [TEST_STEP][PASSED] - Console.println(sayac): null

2021-11-12 17:08:55 - [TEST_STEP][PASSED] - if (sayac == 0): Actual text and expected text of test object 'Object Repository/Tablo/DurumBilgisiArsiv' are matched.

2021-11-12 17:08:55 - [MESSAGE][INFO] - Finding Test Object 'Object Repository/Tablo/DurumBilgisiArsiv'

2021-11-12 17:08:55 - [MESSAGE][INFO] - Checking object

2021-11-12 17:08:55 - [MESSAGE][INFO] - Finding web element from Test Object's properties

2021-11-12 17:08:55 - [MESSAGE][INFO] - Checking timeout

2021-11-12 17:08:55 - [MESSAGE][INFO] - Finding web element with id: 'Object Repository/Tablo/DurumBilgisiArsiv' located by 'By.xpath: //*[@id = 'GridViewEArchiveInvoices_tccell0_9']' in '30' second(s)

2021-11-12 17:08:55 - [MESSAGE][INFO] - Smart Wait Function is triggered

2021-11-12 17:08:55 - [MESSAGE][INFO] - Found 1 web elements with id: 'Object Repository/Tablo/DurumBilgisiArsiv' located by 'By.xpath: //*[@id = 'GridViewEArchiveInvoices_tccell0_9']' in '30' second(s)

2021-11-12 17:08:55 - [MESSAGE][PASSED] - Actual text and expected text of test object 'Object Repository/Tablo/DurumBilgisiArsiv' are matched.

2021-11-12 17:08:55 - [TEST_STEP][PASSED] - Method.TextDegerineEsitElementeTikla(findTestObject("Filtreler/Butonlar"), "Listele"): Method.TextDegerineEsitElementeTikla is PASSED

2021-11-12 17:08:55 - [MESSAGE][INFO] - Finding Test Object 'Object Repository/Filtreler/Butonlar'

2021-11-12 17:08:55 - [MESSAGE][INFO] - Checking timeout

2021-11-12 17:08:55 - [MESSAGE][INFO] - Finding web element with id: 'Object Repository/Filtreler/Butonlar' located by 'By.cssSelector: .dxb>span' in '10' second(s)

2021-11-12 17:08:55 - [MESSAGE][INFO] - Smart Wait Function is triggered

2021-11-12 17:08:56 - [MESSAGE][INFO] - Found 3 web elements with id: 'Object Repository/Filtreler/Butonlar' located by 'By.cssSelector: .dxb>span' in '10' second(s)

2021-11-12 17:08:56 - [MESSAGE][PASSED] - Method.TextDegerineEsitElementeTikla is PASSED

2021-11-12 17:08:56 - [TEST_STEP][PASSED] - sayac = sayac - 1: null

2021-11-12 17:08:56 - [TEST_STEP][PASSED] - Console.println(sayac): null

2021-11-12 17:08:56 - [TEST_STEP][PASSED] - if (sayac == 0): Actual text and expected text of test object 'Object Repository/Tablo/DurumBilgisiArsiv' are matched.

2021-11-12 17:08:56 - [MESSAGE][INFO] - Finding Test Object 'Object Repository/Tablo/DurumBilgisiArsiv'

2021-11-12 17:08:56 - [MESSAGE][INFO] - Checking object

2021-11-12 17:08:56 - [MESSAGE][INFO] - Finding web element from Test Object's properties

2021-11-12 17:08:56 - [MESSAGE][INFO] - Checking timeout

2021-11-12 17:08:56 - [MESSAGE][INFO] - Finding web element with id: 'Object Repository/Tablo/DurumBilgisiArsiv' located by 'By.xpath: //*[@id = 'GridViewEArchiveInvoices_tccell0_9']' in '30' second(s)

2021-11-12 17:08:56 - [MESSAGE][INFO] - Smart Wait Function is triggered

2021-11-12 17:08:57 - [MESSAGE][INFO] - Found 1 web elements with id: 'Object Repository/Tablo/DurumBilgisiArsiv' located by 'By.xpath: //*[@id = 'GridViewEArchiveInvoices_tccell0_9']' in '30' second(s)

2021-11-12 17:08:57 - [MESSAGE][PASSED] - Actual text and expected text of test object 'Object Repository/Tablo/DurumBilgisiArsiv' are matched.

2021-11-12 17:08:57 - [TEST_STEP][PASSED] - Method.TextDegerineEsitElementeTikla(findTestObject("Filtreler/Butonlar"), "Listele"): Method.TextDegerineEsitElementeTikla is PASSED

2021-11-12 17:08:57 - [MESSAGE][INFO] - Finding Test Object 'Object Repository/Filtreler/Butonlar'

2021-11-12 17:08:57 - [MESSAGE][INFO] - Checking timeout

2021-11-12 17:08:57 - [MESSAGE][INFO] - Finding web element with id: 'Object Repository/Filtreler/Butonlar' located by 'By.cssSelector: .dxb>span' in '10' second(s)

2021-11-12 17:08:57 - [MESSAGE][INFO] - Smart Wait Function is triggered

2021-11-12 17:08:57 - [MESSAGE][INFO] - Found 3 web elements with id: 'Object Repository/Filtreler/Butonlar' located by 'By.cssSelector: .dxb>span' in '10' second(s)

2021-11-12 17:08:57 - [MESSAGE][PASSED] - Method.TextDegerineEsitElementeTikla is PASSED

2021-11-12 17:08:57 - [TEST_STEP][PASSED] - sayac = sayac - 1: null

2021-11-12 17:08:57 - [TEST_STEP][PASSED] - Console.println(sayac): null

2021-11-12 17:08:57 - [TEST_STEP][PASSED] - if (sayac == 0): Actual text and expected text of test object 'Object Repository/Tablo/DurumBilgisiArsiv' are matched.

2021-11-12 17:08:57 - [MESSAGE][INFO] - Finding Test Object 'Object Repository/Tablo/DurumBilgisiArsiv'

2021-11-12 17:08:57 - [MESSAGE][INFO] - Checking object

2021-11-12 17:08:57 - [MESSAGE][INFO] - Finding web element from Test Object's properties

2021-11-12 17:08:57 - [MESSAGE][INFO] - Checking timeout

2021-11-12 17:08:57 - [MESSAGE][INFO] - Finding web element with id: 'Object Repository/Tablo/DurumBilgisiArsiv' located by 'By.xpath: //*[@id = 'GridViewEArchiveInvoices_tccell0_9']' in '30' second(s)

2021-11-12 17:08:57 - [MESSAGE][INFO] - Smart Wait Function is triggered

2021-11-12 17:08:58 - [MESSAGE][INFO] - Found 1 web elements with id: 'Object Repository/Tablo/DurumBilgisiArsiv' located by 'By.xpath: //*[@id = 'GridViewEArchiveInvoices_tccell0_9']' in '30' second(s)

2021-11-12 17:08:58 - [MESSAGE][PASSED] - Actual text and expected text of test object 'Object Repository/Tablo/DurumBilgisiArsiv' are matched.

2021-11-12 17:08:58 - [TEST_STEP][PASSED] - Method.TextDegerineEsitElementeTikla(findTestObject("Filtreler/Butonlar"), "Listele"): Method.TextDegerineEsitElementeTikla is PASSED

2021-11-12 17:08:58 - [MESSAGE][INFO] - Finding Test Object 'Object Repository/Filtreler/Butonlar'

2021-11-12 17:08:58 - [MESSAGE][INFO] - Checking timeout

2021-11-12 17:08:58 - [MESSAGE][INFO] - Finding web element with id: 'Object Repository/Filtreler/Butonlar' located by 'By.cssSelector: .dxb>span' in '10' second(s)

2021-11-12 17:08:58 - [MESSAGE][INFO] - Smart Wait Function is triggered

2021-11-12 17:08:58 - [MESSAGE][INFO] - Found 3 web elements with id: 'Object Repository/Filtreler/Butonlar' located by 'By.cssSelector: .dxb>span' in '10' second(s)

2021-11-12 17:08:58 - [MESSAGE][PASSED] - Method.TextDegerineEsitElementeTikla is PASSED

2021-11-12 17:08:58 - [TEST_STEP][PASSED] - sayac = sayac - 1: null

2021-11-12 17:08:58 - [TEST_STEP][PASSED] - Console.println(sayac): null

2021-11-12 17:08:58 - [TEST_STEP][PASSED] - if (sayac == 0): Actual text and expected text of test object 'Object Repository/Tablo/DurumBilgisiArsiv' are matched.

2021-11-12 17:08:58 - [MESSAGE][INFO] - Finding Test Object 'Object Repository/Tablo/DurumBilgisiArsiv'

2021-11-12 17:08:58 - [MESSAGE][INFO] - Checking object

2021-11-12 17:08:58 - [MESSAGE][INFO] - Finding web element from Test Object's properties

2021-11-12 17:08:58 - [MESSAGE][INFO] - Checking timeout

2021-11-12 17:08:58 - [MESSAGE][INFO] - Finding web element with id: 'Object Repository/Tablo/DurumBilgisiArsiv' located by 'By.xpath: //*[@id = 'GridViewEArchiveInvoices_tccell0_9']' in '30' second(s)

2021-11-12 17:08:58 - [MESSAGE][INFO] - Smart Wait Function is triggered

2021-11-12 17:08:59 - [MESSAGE][INFO] - Found 1 web elements with id: 'Object Repository/Tablo/DurumBilgisiArsiv' located by 'By.xpath: //*[@id = 'GridViewEArchiveInvoices_tccell0_9']' in '30' second(s)

2021-11-12 17:08:59 - [MESSAGE][PASSED] - Actual text and expected text of test object 'Object Repository/Tablo/DurumBilgisiArsiv' are matched.

2021-11-12 17:08:59 - [TEST_STEP][PASSED] - Method.TextDegerineEsitElementeTikla(findTestObject("Filtreler/Butonlar"), "Listele"): Method.TextDegerineEsitElementeTikla is PASSED

2021-11-12 17:08:59 - [MESSAGE][INFO] - Finding Test Object 'Object Repository/Filtreler/Butonlar'

2021-11-12 17:08:59 - [MESSAGE][INFO] - Checking timeout

2021-11-12 17:08:59 - [MESSAGE][INFO] - Finding web element with id: 'Object Repository/Filtreler/Butonlar' located by 'By.cssSelector: .dxb>span' in '10' second(s)

2021-11-12 17:08:59 - [MESSAGE][INFO] - Smart Wait Function is triggered

2021-11-12 17:08:59 - [MESSAGE][INFO] - Found 3 web elements with id: 'Object Repository/Filtreler/Butonlar' located by 'By.cssSelector: .dxb>span' in '10' second(s)

2021-11-12 17:09:00 - [MESSAGE][PASSED] - Method.TextDegerineEsitElementeTikla is PASSED

2021-11-12 17:09:00 - [TEST_STEP][PASSED] - sayac = sayac - 1: null

2021-11-12 17:09:00 - [TEST_STEP][PASSED] - Console.println(sayac): null

2021-11-12 17:09:00 - [TEST_STEP][PASSED] - if (sayac == 0): Actual text and expected text of test object 'Object Repository/Tablo/DurumBilgisiArsiv' are matched.

2021-11-12 17:09:00 - [MESSAGE][INFO] - Finding Test Object 'Object Repository/Tablo/DurumBilgisiArsiv'

2021-11-12 17:09:00 - [MESSAGE][INFO] - Checking object

2021-11-12 17:09:00 - [MESSAGE][INFO] - Finding web element from Test Object's properties

2021-11-12 17:09:00 - [MESSAGE][INFO] - Checking timeout

2021-11-12 17:09:00 - [MESSAGE][INFO] - Finding web element with id: 'Object Repository/Tablo/DurumBilgisiArsiv' located by 'By.xpath: //*[@id = 'GridViewEArchiveInvoices_tccell0_9']' in '30' second(s)

2021-11-12 17:09:00 - [MESSAGE][INFO] - Smart Wait Function is triggered

2021-11-12 17:09:00 - [MESSAGE][INFO] - Found 1 web elements with id: 'Object Repository/Tablo/DurumBilgisiArsiv' located by 'By.xpath: //*[@id = 'GridViewEArchiveInvoices_tccell0_9']' in '30' second(s)

2021-11-12 17:09:00 - [MESSAGE][PASSED] - Actual text and expected text of test object 'Object Repository/Tablo/DurumBilgisiArsiv' are matched.

2021-11-12 17:09:00 - [TEST_STEP][PASSED] - Method.TextDegerineEsitElementeTikla(findTestObject("Filtreler/Butonlar"), "Listele"): Method.TextDegerineEsitElementeTikla is PASSED

2021-11-12 17:09:00 - [MESSAGE][INFO] - Finding Test Object 'Object Repository/Filtreler/Butonlar'

2021-11-12 17:09:00 - [MESSAGE][INFO] - Checking timeout

2021-11-12 17:09:00 - [MESSAGE][INFO] - Finding web element with id: 'Object Repository/Filtreler/Butonlar' located by 'By.cssSelector: .dxb>span' in '10' second(s)

2021-11-12 17:09:00 - [MESSAGE][INFO] - Smart Wait Function is triggered

2021-11-12 17:09:01 - [MESSAGE][INFO] - Found 3 web elements with id: 'Object Repository/Filtreler/Butonlar' located by 'By.cssSelector: .dxb>span' in '10' second(s)

2021-11-12 17:09:01 - [MESSAGE][PASSED] - Method.TextDegerineEsitElementeTikla is PASSED

2021-11-12 17:09:01 - [TEST_STEP][PASSED] - sayac = sayac - 1: null

2021-11-12 17:09:01 - [TEST_STEP][PASSED] - Console.println(sayac): null

2021-11-12 17:09:01 - [TEST_STEP][PASSED] - if (sayac == 0): Actual text and expected text of test object 'Object Repository/Tablo/DurumBilgisiArsiv' are matched.

2021-11-12 17:09:01 - [MESSAGE][INFO] - Finding Test Object 'Object Repository/Tablo/DurumBilgisiArsiv'

2021-11-12 17:09:01 - [MESSAGE][INFO] - Checking object

2021-11-12 17:09:01 - [MESSAGE][INFO] - Finding web element from Test Object's properties

2021-11-12 17:09:01 - [MESSAGE][INFO] - Checking timeout

2021-11-12 17:09:01 - [MESSAGE][INFO] - Finding web element with id: 'Object Repository/Tablo/DurumBilgisiArsiv' located by 'By.xpath: //*[@id = 'GridViewEArchiveInvoices_tccell0_9']' in '30' second(s)

2021-11-12 17:09:01 - [MESSAGE][INFO] - Smart Wait Function is triggered

2021-11-12 17:09:01 - [MESSAGE][INFO] - Found 1 web elements with id: 'Object Repository/Tablo/DurumBilgisiArsiv' located by 'By.xpath: //*[@id = 'GridViewEArchiveInvoices_tccell0_9']' in '30' second(s)

2021-11-12 17:09:01 - [MESSAGE][PASSED] - Actual text and expected text of test object 'Object Repository/Tablo/DurumBilgisiArsiv' are matched.

2021-11-12 17:09:01 - [TEST_STEP][PASSED] - Method.TextDegerineEsitElementeTikla(findTestObject("Filtreler/Butonlar"), "Listele"): Method.TextDegerineEsitElementeTikla is PASSED

2021-11-12 17:09:01 - [MESSAGE][INFO] - Finding Test Object 'Object Repository/Filtreler/Butonlar'

2021-11-12 17:09:01 - [MESSAGE][INFO] - Checking timeout

2021-11-12 17:09:01 - [MESSAGE][INFO] - Finding web element with id: 'Object Repository/Filtreler/Butonlar' located by 'By.cssSelector: .dxb>span' in '10' second(s)

2021-11-12 17:09:01 - [MESSAGE][INFO] - Smart Wait Function is triggered

2021-11-12 17:09:02 - [MESSAGE][INFO] - Found 3 web elements with id: 'Object Repository/Filtreler/Butonlar' located by 'By.cssSelector: .dxb>span' in '10' second(s)

2021-11-12 17:09:02 - [MESSAGE][PASSED] - Method.TextDegerineEsitElementeTikla is PASSED

2021-11-12 17:09:02 - [TEST_STEP][PASSED] - sayac = sayac - 1: null

2021-11-12 17:09:02 - [TEST_STEP][PASSED] - Console.println(sayac): null

2021-11-12 17:09:02 - [TEST_STEP][PASSED] - if (sayac == 0): Actual text and expected text of test object 'Object Repository/Tablo/DurumBilgisiArsiv' are matched.

2021-11-12 17:09:02 - [MESSAGE][INFO] - Finding Test Object 'Object Repository/Tablo/DurumBilgisiArsiv'

2021-11-12 17:09:02 - [MESSAGE][INFO] - Checking object

2021-11-12 17:09:02 - [MESSAGE][INFO] - Finding web element from Test Object's properties

2021-11-12 17:09:02 - [MESSAGE][INFO] - Checking timeout

2021-11-12 17:09:02 - [MESSAGE][INFO] - Finding web element with id: 'Object Repository/Tablo/DurumBilgisiArsiv' located by 'By.xpath: //*[@id = 'GridViewEArchiveInvoices_tccell0_9']' in '30' second(s)

2021-11-12 17:09:02 - [MESSAGE][INFO] - Smart Wait Function is triggered

2021-11-12 17:09:02 - [MESSAGE][INFO] - Found 1 web elements with id: 'Object Repository/Tablo/DurumBilgisiArsiv' located by 'By.xpath: //*[@id = 'GridViewEArchiveInvoices_tccell0_9']' in '30' second(s)

2021-11-12 17:09:02 - [MESSAGE][PASSED] - Actual text and expected text of test object 'Object Repository/Tablo/DurumBilgisiArsiv' are matched.

2021-11-12 17:09:02 - [TEST_STEP][PASSED] - Method.TextDegerineEsitElementeTikla(findTestObject("Filtreler/Butonlar"), "Listele"): Method.TextDegerineEsitElementeTikla is PASSED

2021-11-12 17:09:02 - [MESSAGE][INFO] - Finding Test Object 'Object Repository/Filtreler/Butonlar'

2021-11-12 17:09:03 - [MESSAGE][INFO] - Checking timeout

2021-11-12 17:09:03 - [MESSAGE][INFO] - Finding web element with id: 'Object Repository/Filtreler/Butonlar' located by 'By.cssSelector: .dxb>span' in '10' second(s)

2021-11-12 17:09:03 - [MESSAGE][INFO] - Smart Wait Function is triggered

2021-11-12 17:09:03 - [MESSAGE][INFO] - Found 3 web elements with id: 'Object Repository/Filtreler/Butonlar' located by 'By.cssSelector: .dxb>span' in '10' second(s)

2021-11-12 17:09:03 - [MESSAGE][PASSED] - Method.TextDegerineEsitElementeTikla is PASSED

2021-11-12 17:09:03 - [TEST_STEP][PASSED] - sayac = sayac - 1: null

2021-11-12 17:09:03 - [TEST_STEP][PASSED] - Console.println(sayac): null

2021-11-12 17:09:03 - [TEST_STEP][PASSED] - if (sayac == 0): Actual text and expected text of test object 'Object Repository/Tablo/DurumBilgisiArsiv' are matched.

2021-11-12 17:09:03 - [MESSAGE][INFO] - Finding Test Object 'Object Repository/Tablo/DurumBilgisiArsiv'

2021-11-12 17:09:03 - [MESSAGE][INFO] - Checking object

2021-11-12 17:09:03 - [MESSAGE][INFO] - Finding web element from Test Object's properties

2021-11-12 17:09:03 - [MESSAGE][INFO] - Checking timeout

2021-11-12 17:09:03 - [MESSAGE][INFO] - Finding web element with id: 'Object Repository/Tablo/DurumBilgisiArsiv' located by 'By.xpath: //*[@id = 'GridViewEArchiveInvoices_tccell0_9']' in '30' second(s)

2021-11-12 17:09:03 - [MESSAGE][INFO] - Smart Wait Function is triggered

2021-11-12 17:09:04 - [MESSAGE][INFO] - Found 1 web elements with id: 'Object Repository/Tablo/DurumBilgisiArsiv' located by 'By.xpath: //*[@id = 'GridViewEArchiveInvoices_tccell0_9']' in '30' second(s)

2021-11-12 17:09:04 - [MESSAGE][PASSED] - Actual text and expected text of test object 'Object Repository/Tablo/DurumBilgisiArsiv' are matched.

2021-11-12 17:09:04 - [TEST_STEP][PASSED] - Method.TextDegerineEsitElementeTikla(findTestObject("Filtreler/Butonlar"), "Listele"): Method.TextDegerineEsitElementeTikla is PASSED

2021-11-12 17:09:04 - [MESSAGE][INFO] - Finding Test Object 'Object Repository/Filtreler/Butonlar'

2021-11-12 17:09:04 - [MESSAGE][INFO] - Checking timeout

2021-11-12 17:09:04 - [MESSAGE][INFO] - Finding web element with id: 'Object Repository/Filtreler/Butonlar' located by 'By.cssSelector: .dxb>span' in '10' second(s)

2021-11-12 17:09:04 - [MESSAGE][INFO] - Smart Wait Function is triggered

2021-11-12 17:09:04 - [MESSAGE][INFO] - Found 3 web elements with id: 'Object Repository/Filtreler/Butonlar' located by 'By.cssSelector: .dxb>span' in '10' second(s)

2021-11-12 17:09:04 - [MESSAGE][PASSED] - Method.TextDegerineEsitElementeTikla is PASSED

2021-11-12 17:09:04 - [TEST_STEP][PASSED] - sayac = sayac - 1: null

2021-11-12 17:09:04 - [TEST_STEP][PASSED] - Console.println(sayac): null

2021-11-12 17:09:04 - [TEST_STEP][PASSED] - if (sayac == 0): Actual text and expected text of test object 'Object Repository/Tablo/DurumBilgisiArsiv' are matched.

2021-11-12 17:09:04 - [MESSAGE][INFO] - Finding Test Object 'Object Repository/Tablo/DurumBilgisiArsiv'

2021-11-12 17:09:04 - [MESSAGE][INFO] - Checking object

2021-11-12 17:09:04 - [MESSAGE][INFO] - Finding web element from Test Object's properties

2021-11-12 17:09:04 - [MESSAGE][INFO] - Checking timeout

2021-11-12 17:09:04 - [MESSAGE][INFO] - Finding web element with id: 'Object Repository/Tablo/DurumBilgisiArsiv' located by 'By.xpath: //*[@id = 'GridViewEArchiveInvoices_tccell0_9']' in '30' second(s)

2021-11-12 17:09:04 - [MESSAGE][INFO] - Smart Wait Function is triggered

2021-11-12 17:09:05 - [MESSAGE][INFO] - Found 1 web elements with id: 'Object Repository/Tablo/DurumBilgisiArsiv' located by 'By.xpath: //*[@id = 'GridViewEArchiveInvoices_tccell0_9']' in '30' second(s)

2021-11-12 17:09:05 - [MESSAGE][PASSED] - Actual text and expected text of test object 'Object Repository/Tablo/DurumBilgisiArsiv' are matched.

2021-11-12 17:09:05 - [TEST_STEP][PASSED] - Method.TextDegerineEsitElementeTikla(findTestObject("Filtreler/Butonlar"), "Listele"): Method.TextDegerineEsitElementeTikla is PASSED

2021-11-12 17:09:05 - [MESSAGE][INFO] - Finding Test Object 'Object Repository/Filtreler/Butonlar'

2021-11-12 17:09:05 - [MESSAGE][INFO] - Checking timeout

2021-11-12 17:09:05 - [MESSAGE][INFO] - Finding web element with id: 'Object Repository/Filtreler/Butonlar' located by 'By.cssSelector: .dxb>span' in '10' second(s)

2021-11-12 17:09:05 - [MESSAGE][INFO] - Smart Wait Function is triggered

2021-11-12 17:09:05 - [MESSAGE][INFO] - Found 3 web elements with id: 'Object Repository/Filtreler/Butonlar' located by 'By.cssSelector: .dxb>span' in '10' second(s)

2021-11-12 17:09:05 - [MESSAGE][PASSED] - Method.TextDegerineEsitElementeTikla is PASSED

2021-11-12 17:09:05 - [TEST_STEP][PASSED] - sayac = sayac - 1: null

2021-11-12 17:09:05 - [TEST_STEP][PASSED] - Console.println(sayac): null

2021-11-12 17:09:05 - [TEST_STEP][PASSED] - if (sayac == 0): Actual text and expected text of test object 'Object Repository/Tablo/DurumBilgisiArsiv' are matched.

2021-11-12 17:09:05 - [MESSAGE][INFO] - Finding Test Object 'Object Repository/Tablo/DurumBilgisiArsiv'

2021-11-12 17:09:05 - [MESSAGE][INFO] - Checking object

2021-11-12 17:09:05 - [MESSAGE][INFO] - Finding web element from Test Object's properties

2021-11-12 17:09:05 - [MESSAGE][INFO] - Checking timeout

2021-11-12 17:09:05 - [MESSAGE][INFO] - Finding web element with id: 'Object Repository/Tablo/DurumBilgisiArsiv' located by 'By.xpath: //*[@id = 'GridViewEArchiveInvoices_tccell0_9']' in '30' second(s)

2021-11-12 17:09:05 - [MESSAGE][INFO] - Smart Wait Function is triggered

2021-11-12 17:09:06 - [MESSAGE][INFO] - Found 1 web elements with id: 'Object Repository/Tablo/DurumBilgisiArsiv' located by 'By.xpath: //*[@id = 'GridViewEArchiveInvoices_tccell0_9']' in '30' second(s)

2021-11-12 17:09:06 - [MESSAGE][PASSED] - Actual text and expected text of test object 'Object Repository/Tablo/DurumBilgisiArsiv' are matched.

2021-11-12 17:09:06 - [TEST_STEP][PASSED] - Method.TextDegerineEsitElementeTikla(findTestObject("Filtreler/Butonlar"), "Listele"): Method.TextDegerineEsitElementeTikla is PASSED

2021-11-12 17:09:06 - [MESSAGE][INFO] - Finding Test Object 'Object Repository/Filtreler/Butonlar'

2021-11-12 17:09:06 - [MESSAGE][INFO] - Checking timeout

2021-11-12 17:09:06 - [MESSAGE][INFO] - Finding web element with id: 'Object Repository/Filtreler/Butonlar' located by 'By.cssSelector: .dxb>span' in '10' second(s)

2021-11-12 17:09:06 - [MESSAGE][INFO] - Smart Wait Function is triggered

2021-11-12 17:09:06 - [MESSAGE][INFO] - Found 3 web elements with id: 'Object Repository/Filtreler/Butonlar' located by 'By.cssSelector: .dxb>span' in '10' second(s)

2021-11-12 17:09:06 - [MESSAGE][PASSED] - Method.TextDegerineEsitElementeTikla is PASSED

2021-11-12 17:09:06 - [TEST_STEP][PASSED] - sayac = sayac - 1: null

2021-11-12 17:09:06 - [TEST_STEP][PASSED] - Console.println(sayac): null

2021-11-12 17:09:06 - [TEST_STEP][PASSED] - if (sayac == 0): Actual text and expected text of test object 'Object Repository/Tablo/DurumBilgisiArsiv' are matched.

2021-11-12 17:09:06 - [MESSAGE][INFO] - Finding Test Object 'Object Repository/Tablo/DurumBilgisiArsiv'

2021-11-12 17:09:06 - [MESSAGE][INFO] - Checking object

2021-11-12 17:09:06 - [MESSAGE][INFO] - Finding web element from Test Object's properties

2021-11-12 17:09:06 - [MESSAGE][INFO] - Checking timeout

2021-11-12 17:09:06 - [MESSAGE][INFO] - Finding web element with id: 'Object Repository/Tablo/DurumBilgisiArsiv' located by 'By.xpath: //*[@id = 'GridViewEArchiveInvoices_tccell0_9']' in '30' second(s)

2021-11-12 17:09:06 - [MESSAGE][INFO] - Smart Wait Function is triggered

2021-11-12 17:09:07 - [MESSAGE][INFO] - Found 1 web elements with id: 'Object Repository/Tablo/DurumBilgisiArsiv' located by 'By.xpath: //*[@id = 'GridViewEArchiveInvoices_tccell0_9']' in '30' second(s)

2021-11-12 17:09:07 - [MESSAGE][PASSED] - Actual text and expected text of test object 'Object Repository/Tablo/DurumBilgisiArsiv' are matched.

2021-11-12 17:09:07 - [TEST_STEP][PASSED] - Method.TextDegerineEsitElementeTikla(findTestObject("Filtreler/Butonlar"), "Listele"): Method.TextDegerineEsitElementeTikla is PASSED

2021-11-12 17:09:07 - [MESSAGE][INFO] - Finding Test Object 'Object Repository/Filtreler/Butonlar'

2021-11-12 17:09:07 - [MESSAGE][INFO] - Checking timeout

2021-11-12 17:09:07 - [MESSAGE][INFO] - Finding web element with id: 'Object Repository/Filtreler/Butonlar' located by 'By.cssSelector: .dxb>span' in '10' second(s)

2021-11-12 17:09:07 - [MESSAGE][INFO] - Smart Wait Function is triggered

2021-11-12 17:09:07 - [MESSAGE][INFO] - Found 3 web elements with id: 'Object Repository/Filtreler/Butonlar' located by 'By.cssSelector: .dxb>span' in '10' second(s)

2021-11-12 17:09:07 - [MESSAGE][PASSED] - Method.TextDegerineEsitElementeTikla is PASSED

2021-11-12 17:09:07 - [TEST_STEP][PASSED] - sayac = sayac - 1: null

2021-11-12 17:09:07 - [TEST_STEP][PASSED] - Console.println(sayac): null

2021-11-12 17:09:07 - [TEST_STEP][PASSED] - if (sayac == 0): Actual text and expected text of test object 'Object Repository/Tablo/DurumBilgisiArsiv' are matched.

2021-11-12 17:09:07 - [MESSAGE][INFO] - Finding Test Object 'Object Repository/Tablo/DurumBilgisiArsiv'

2021-11-12 17:09:07 - [MESSAGE][INFO] - Checking object

2021-11-12 17:09:07 - [MESSAGE][INFO] - Finding web element from Test Object's properties

2021-11-12 17:09:07 - [MESSAGE][INFO] - Checking timeout

2021-11-12 17:09:07 - [MESSAGE][INFO] - Finding web element with id: 'Object Repository/Tablo/DurumBilgisiArsiv' located by 'By.xpath: //*[@id = 'GridViewEArchiveInvoices_tccell0_9']' in '30' second(s)

2021-11-12 17:09:07 - [MESSAGE][INFO] - Smart Wait Function is triggered

2021-11-12 17:09:08 - [MESSAGE][INFO] - Found 1 web elements with id: 'Object Repository/Tablo/DurumBilgisiArsiv' located by 'By.xpath: //*[@id = 'GridViewEArchiveInvoices_tccell0_9']' in '30' second(s)

2021-11-12 17:09:08 - [MESSAGE][PASSED] - Actual text and expected text of test object 'Object Repository/Tablo/DurumBilgisiArsiv' are matched.

2021-11-12 17:09:08 - [TEST_STEP][PASSED] - Method.TextDegerineEsitElementeTikla(findTestObject("Filtreler/Butonlar"), "Listele"): Method.TextDegerineEsitElementeTikla is PASSED

2021-11-12 17:09:08 - [MESSAGE][INFO] - Finding Test Object 'Object Repository/Filtreler/Butonlar'

2021-11-12 17:09:08 - [MESSAGE][INFO] - Checking timeout

2021-11-12 17:09:08 - [MESSAGE][INFO] - Finding web element with id: 'Object Repository/Filtreler/Butonlar' located by 'By.cssSelector: .dxb>span' in '10' second(s)

2021-11-12 17:09:08 - [MESSAGE][INFO] - Smart Wait Function is triggered

2021-11-12 17:09:08 - [MESSAGE][INFO] - Found 3 web elements with id: 'Object Repository/Filtreler/Butonlar' located by 'By.cssSelector: .dxb>span' in '10' second(s)

2021-11-12 17:09:08 - [MESSAGE][PASSED] - Method.TextDegerineEsitElementeTikla is PASSED

2021-11-12 17:09:08 - [TEST_STEP][PASSED] - sayac = sayac - 1: null

2021-11-12 17:09:08 - [TEST_STEP][PASSED] - Console.println(sayac): null

2021-11-12 17:09:08 - [TEST_STEP][PASSED] - if (sayac == 0): Actual text and expected text of test object 'Object Repository/Tablo/DurumBilgisiArsiv' are matched.

2021-11-12 17:09:08 - [MESSAGE][INFO] - Finding Test Object 'Object Repository/Tablo/DurumBilgisiArsiv'

2021-11-12 17:09:08 - [MESSAGE][INFO] - Checking object

2021-11-12 17:09:08 - [MESSAGE][INFO] - Finding web element from Test Object's properties

2021-11-12 17:09:08 - [MESSAGE][INFO] - Checking timeout

2021-11-12 17:09:08 - [MESSAGE][INFO] - Finding web element with id: 'Object Repository/Tablo/DurumBilgisiArsiv' located by 'By.xpath: //*[@id = 'GridViewEArchiveInvoices_tccell0_9']' in '30' second(s)

2021-11-12 17:09:08 - [MESSAGE][INFO] - Smart Wait Function is triggered

2021-11-12 17:09:09 - [MESSAGE][INFO] - Found 1 web elements with id: 'Object Repository/Tablo/DurumBilgisiArsiv' located by 'By.xpath: //*[@id = 'GridViewEArchiveInvoices_tccell0_9']' in '30' second(s)

2021-11-12 17:09:09 - [MESSAGE][PASSED] - Actual text and expected text of test object 'Object Repository/Tablo/DurumBilgisiArsiv' are matched.

2021-11-12 17:09:09 - [TEST_STEP][PASSED] - Method.TextDegerineEsitElementeTikla(findTestObject("Filtreler/Butonlar"), "Listele"): Method.TextDegerineEsitElementeTikla is PASSED

2021-11-12 17:09:09 - [MESSAGE][INFO] - Finding Test Object 'Object Repository/Filtreler/Butonlar'

2021-11-12 17:09:09 - [MESSAGE][INFO] - Checking timeout

2021-11-12 17:09:09 - [MESSAGE][INFO] - Finding web element with id: 'Object Repository/Filtreler/Butonlar' located by 'By.cssSelector: .dxb>span' in '10' second(s)

2021-11-12 17:09:09 - [MESSAGE][INFO] - Smart Wait Function is triggered

2021-11-12 17:09:10 - [MESSAGE][INFO] - Found 3 web elements with id: 'Object Repository/Filtreler/Butonlar' located by 'By.cssSelector: .dxb>span' in '10' second(s)

2021-11-12 17:09:10 - [MESSAGE][PASSED] - Method.TextDegerineEsitElementeTikla is PASSED

2021-11-12 17:09:10 - [TEST_STEP][PASSED] - sayac = sayac - 1: null

2021-11-12 17:09:10 - [TEST_STEP][PASSED] - Console.println(sayac): null

2021-11-12 17:09:10 - [TEST_STEP][PASSED] - if (sayac == 0): Actual text and expected text of test object 'Object Repository/Tablo/DurumBilgisiArsiv' are matched.

2021-11-12 17:09:10 - [MESSAGE][INFO] - Finding Test Object 'Object Repository/Tablo/DurumBilgisiArsiv'

2021-11-12 17:09:10 - [MESSAGE][INFO] - Checking object

2021-11-12 17:09:10 - [MESSAGE][INFO] - Finding web element from Test Object's properties

2021-11-12 17:09:10 - [MESSAGE][INFO] - Checking timeout

2021-11-12 17:09:10 - [MESSAGE][INFO] - Finding web element with id: 'Object Repository/Tablo/DurumBilgisiArsiv' located by 'By.xpath: //*[@id = 'GridViewEArchiveInvoices_tccell0_9']' in '30' second(s)

2021-11-12 17:09:10 - [MESSAGE][INFO] - Smart Wait Function is triggered

2021-11-12 17:09:10 - [MESSAGE][INFO] - Found 1 web elements with id: 'Object Repository/Tablo/DurumBilgisiArsiv' located by 'By.xpath: //*[@id = 'GridViewEArchiveInvoices_tccell0_9']' in '30' second(s)

2021-11-12 17:09:10 - [MESSAGE][PASSED] - Actual text and expected text of test object 'Object Repository/Tablo/DurumBilgisiArsiv' are matched.

2021-11-12 17:09:10 - [TEST_STEP][PASSED] - Method.TextDegerineEsitElementeTikla(findTestObject("Filtreler/Butonlar"), "Listele"): Method.TextDegerineEsitElementeTikla is PASSED

2021-11-12 17:09:10 - [MESSAGE][INFO] - Finding Test Object 'Object Repository/Filtreler/Butonlar'

2021-11-12 17:09:10 - [MESSAGE][INFO] - Checking timeout

2021-11-12 17:09:10 - [MESSAGE][INFO] - Finding web element with id: 'Object Repository/Filtreler/Butonlar' located by 'By.cssSelector: .dxb>span' in '10' second(s)

2021-11-12 17:09:10 - [MESSAGE][INFO] - Smart Wait Function is triggered

2021-11-12 17:09:11 - [MESSAGE][INFO] - Found 3 web elements with id: 'Object Repository/Filtreler/Butonlar' located by 'By.cssSelector: .dxb>span' in '10' second(s)

2021-11-12 17:09:11 - [MESSAGE][PASSED] - Method.TextDegerineEsitElementeTikla is PASSED

2021-11-12 17:09:11 - [TEST_STEP][PASSED] - sayac = sayac - 1: null

2021-11-12 17:09:11 - [TEST_STEP][PASSED] - Console.println(sayac): null

2021-11-12 17:09:11 - [TEST_STEP][PASSED] - if (sayac == 0): Actual text and expected text of test object 'Object Repository/Tablo/DurumBilgisiArsiv' are matched.

2021-11-12 17:09:11 - [MESSAGE][INFO] - Finding Test Object 'Object Repository/Tablo/DurumBilgisiArsiv'

2021-11-12 17:09:11 - [MESSAGE][INFO] - Checking object

2021-11-12 17:09:11 - [MESSAGE][INFO] - Finding web element from Test Object's properties

2021-11-12 17:09:11 - [MESSAGE][INFO] - Checking timeout

2021-11-12 17:09:11 - [MESSAGE][INFO] - Finding web element with id: 'Object Repository/Tablo/DurumBilgisiArsiv' located by 'By.xpath: //*[@id = 'GridViewEArchiveInvoices_tccell0_9']' in '30' second(s)

2021-11-12 17:09:11 - [MESSAGE][INFO] - Smart Wait Function is triggered

2021-11-12 17:09:11 - [MESSAGE][INFO] - Found 1 web elements with id: 'Object Repository/Tablo/DurumBilgisiArsiv' located by 'By.xpath: //*[@id = 'GridViewEArchiveInvoices_tccell0_9']' in '30' second(s)

2021-11-12 17:09:11 - [MESSAGE][PASSED] - Actual text and expected text of test object 'Object Repository/Tablo/DurumBilgisiArsiv' are matched.

2021-11-12 17:09:11 - [TEST_STEP][PASSED] - Method.TextDegerineEsitElementeTikla(findTestObject("Filtreler/Butonlar"), "Listele"): Method.TextDegerineEsitElementeTikla is PASSED

2021-11-12 17:09:11 - [MESSAGE][INFO] - Finding Test Object 'Object Repository/Filtreler/Butonlar'

2021-11-12 17:09:11 - [MESSAGE][INFO] - Checking timeout

2021-11-12 17:09:11 - [MESSAGE][INFO] - Finding web element with id: 'Object Repository/Filtreler/Butonlar' located by 'By.cssSelector: .dxb>span' in '10' second(s)

2021-11-12 17:09:11 - [MESSAGE][INFO] - Smart Wait Function is triggered

2021-11-12 17:09:12 - [MESSAGE][INFO] - Found 3 web elements with id: 'Object Repository/Filtreler/Butonlar' located by 'By.cssSelector: .dxb>span' in '10' second(s)

2021-11-12 17:09:12 - [MESSAGE][PASSED] - Method.TextDegerineEsitElementeTikla is PASSED

2021-11-12 17:09:12 - [TEST_STEP][PASSED] - sayac = sayac - 1: null

2021-11-12 17:09:12 - [TEST_STEP][PASSED] - Console.println(sayac): null

2021-11-12 17:09:12 - [TEST_STEP][PASSED] - if (sayac == 0): Actual text and expected text of test object 'Object Repository/Tablo/DurumBilgisiArsiv' are matched.

2021-11-12 17:09:12 - [MESSAGE][INFO] - Finding Test Object 'Object Repository/Tablo/DurumBilgisiArsiv'

2021-11-12 17:09:12 - [MESSAGE][INFO] - Checking object

2021-11-12 17:09:12 - [MESSAGE][INFO] - Finding web element from Test Object's properties

2021-11-12 17:09:12 - [MESSAGE][INFO] - Checking timeout

2021-11-12 17:09:12 - [MESSAGE][INFO] - Finding web element with id: 'Object Repository/Tablo/DurumBilgisiArsiv' located by 'By.xpath: //*[@id = 'GridViewEArchiveInvoices_tccell0_9']' in '30' second(s)

2021-11-12 17:09:12 - [MESSAGE][INFO] - Smart Wait Function is triggered

2021-11-12 17:09:13 - [MESSAGE][INFO] - Found 1 web elements with id: 'Object Repository/Tablo/DurumBilgisiArsiv' located by 'By.xpath: //*[@id = 'GridViewEArchiveInvoices_tccell0_9']' in '30' second(s)

2021-11-12 17:09:13 - [MESSAGE][PASSED] - Actual text and expected text of test object 'Object Repository/Tablo/DurumBilgisiArsiv' are matched.

2021-11-12 17:09:13 - [TEST_STEP][PASSED] - Method.TextDegerineEsitElementeTikla(findTestObject("Filtreler/Butonlar"), "Listele"): Method.TextDegerineEsitElementeTikla is PASSED

2021-11-12 17:09:13 - [MESSAGE][INFO] - Finding Test Object 'Object Repository/Filtreler/Butonlar'

2021-11-12 17:09:13 - [MESSAGE][INFO] - Checking timeout

2021-11-12 17:09:13 - [MESSAGE][INFO] - Finding web element with id: 'Object Repository/Filtreler/Butonlar' located by 'By.cssSelector: .dxb>span' in '10' second(s)

2021-11-12 17:09:13 - [MESSAGE][INFO] - Smart Wait Function is triggered

2021-11-12 17:09:13 - [MESSAGE][INFO] - Found 3 web elements with id: 'Object Repository/Filtreler/Butonlar' located by 'By.cssSelector: .dxb>span' in '10' second(s)

2021-11-12 17:09:13 - [MESSAGE][PASSED] - Method.TextDegerineEsitElementeTikla is PASSED

2021-11-12 17:09:13 - [TEST_STEP][PASSED] - sayac = sayac - 1: null

2021-11-12 17:09:13 - [TEST_STEP][PASSED] - Console.println(sayac): null

2021-11-12 17:09:13 - [TEST_STEP][PASSED] - if (sayac == 0): Actual text and expected text of test object 'Object Repository/Tablo/DurumBilgisiArsiv' are matched.

2021-11-12 17:09:13 - [MESSAGE][INFO] - Finding Test Object 'Object Repository/Tablo/DurumBilgisiArsiv'

2021-11-12 17:09:13 - [MESSAGE][INFO] - Checking object

2021-11-12 17:09:13 - [MESSAGE][INFO] - Finding web element from Test Object's properties

2021-11-12 17:09:13 - [MESSAGE][INFO] - Checking timeout

2021-11-12 17:09:13 - [MESSAGE][INFO] - Finding web element with id: 'Object Repository/Tablo/DurumBilgisiArsiv' located by 'By.xpath: //*[@id = 'GridViewEArchiveInvoices_tccell0_9']' in '30' second(s)

2021-11-12 17:09:13 - [MESSAGE][INFO] - Smart Wait Function is triggered

2021-11-12 17:09:14 - [MESSAGE][INFO] - Found 1 web elements with id: 'Object Repository/Tablo/DurumBilgisiArsiv' located by 'By.xpath: //*[@id = 'GridViewEArchiveInvoices_tccell0_9']' in '30' second(s)

2021-11-12 17:09:14 - [MESSAGE][PASSED] - Actual text and expected text of test object 'Object Repository/Tablo/DurumBilgisiArsiv' are matched.

2021-11-12 17:09:14 - [TEST_STEP][PASSED] - Method.TextDegerineEsitElementeTikla(findTestObject("Filtreler/Butonlar"), "Listele"): Method.TextDegerineEsitElementeTikla is PASSED

2021-11-12 17:09:14 - [MESSAGE][INFO] - Finding Test Object 'Object Repository/Filtreler/Butonlar'

2021-11-12 17:09:14 - [MESSAGE][INFO] - Checking timeout

2021-11-12 17:09:14 - [MESSAGE][INFO] - Finding web element with id: 'Object Repository/Filtreler/Butonlar' located by 'By.cssSelector: .dxb>span' in '10' second(s)

2021-11-12 17:09:14 - [MESSAGE][INFO] - Smart Wait Function is triggered

2021-11-12 17:09:14 - [MESSAGE][INFO] - Found 3 web elements with id: 'Object Repository/Filtreler/Butonlar' located by 'By.cssSelector: .dxb>span' in '10' second(s)

2021-11-12 17:09:14 - [MESSAGE][PASSED] - Method.TextDegerineEsitElementeTikla is PASSED

2021-11-12 17:09:14 - [TEST_STEP][PASSED] - sayac = sayac - 1: null

2021-11-12 17:09:14 - [TEST_STEP][PASSED] - Console.println(sayac): null

2021-11-12 17:09:14 - [TEST_STEP][PASSED] - if (sayac == 0): Actual text and expected text of test object 'Object Repository/Tablo/DurumBilgisiArsiv' are matched.

2021-11-12 17:09:14 - [MESSAGE][INFO] - Finding Test Object 'Object Repository/Tablo/DurumBilgisiArsiv'

2021-11-12 17:09:14 - [MESSAGE][INFO] - Checking object

2021-11-12 17:09:14 - [MESSAGE][INFO] - Finding web element from Test Object's properties

2021-11-12 17:09:14 - [MESSAGE][INFO] - Checking timeout

2021-11-12 17:09:14 - [MESSAGE][INFO] - Finding web element with id: 'Object Repository/Tablo/DurumBilgisiArsiv' located by 'By.xpath: //*[@id = 'GridViewEArchiveInvoices_tccell0_9']' in '30' second(s)

2021-11-12 17:09:14 - [MESSAGE][INFO] - Smart Wait Function is triggered

2021-11-12 17:09:15 - [MESSAGE][INFO] - Found 1 web elements with id: 'Object Repository/Tablo/DurumBilgisiArsiv' located by 'By.xpath: //*[@id = 'GridViewEArchiveInvoices_tccell0_9']' in '30' second(s)

2021-11-12 17:09:15 - [MESSAGE][PASSED] - Actual text and expected text of test object 'Object Repository/Tablo/DurumBilgisiArsiv' are matched.

2021-11-12 17:09:15 - [TEST_STEP][PASSED] - Method.TextDegerineEsitElementeTikla(findTestObject("Filtreler/Butonlar"), "Listele"): Method.TextDegerineEsitElementeTikla is PASSED

2021-11-12 17:09:15 - [MESSAGE][INFO] - Finding Test Object 'Object Repository/Filtreler/Butonlar'

2021-11-12 17:09:15 - [MESSAGE][INFO] - Checking timeout

2021-11-12 17:09:15 - [MESSAGE][INFO] - Finding web element with id: 'Object Repository/Filtreler/Butonlar' located by 'By.cssSelector: .dxb>span' in '10' second(s)

2021-11-12 17:09:15 - [MESSAGE][INFO] - Smart Wait Function is triggered

2021-11-12 17:09:15 - [MESSAGE][INFO] - Found 3 web elements with id: 'Object Repository/Filtreler/Butonlar' located by 'By.cssSelector: .dxb>span' in '10' second(s)

2021-11-12 17:09:15 - [MESSAGE][PASSED] - Method.TextDegerineEsitElementeTikla is PASSED

2021-11-12 17:09:15 - [TEST_STEP][PASSED] - sayac = sayac - 1: null

2021-11-12 17:09:15 - [TEST_STEP][PASSED] - Console.println(sayac): null

2021-11-12 17:09:15 - [TEST_STEP][PASSED] - if (sayac == 0): Actual text and expected text of test object 'Object Repository/Tablo/DurumBilgisiArsiv' are matched.

2021-11-12 17:09:15 - [MESSAGE][INFO] - Finding Test Object 'Object Repository/Tablo/DurumBilgisiArsiv'

2021-11-12 17:09:15 - [MESSAGE][INFO] - Checking object

2021-11-12 17:09:15 - [MESSAGE][INFO] - Finding web element from Test Object's properties

2021-11-12 17:09:15 - [MESSAGE][INFO] - Checking timeout

2021-11-12 17:09:15 - [MESSAGE][INFO] - Finding web element with id: 'Object Repository/Tablo/DurumBilgisiArsiv' located by 'By.xpath: //*[@id = 'GridViewEArchiveInvoices_tccell0_9']' in '30' second(s)

2021-11-12 17:09:15 - [MESSAGE][INFO] - Smart Wait Function is triggered

2021-11-12 17:09:16 - [MESSAGE][INFO] - Found 1 web elements with id: 'Object Repository/Tablo/DurumBilgisiArsiv' located by 'By.xpath: //*[@id = 'GridViewEArchiveInvoices_tccell0_9']' in '30' second(s)

2021-11-12 17:09:16 - [MESSAGE][PASSED] - Actual text and expected text of test object 'Object Repository/Tablo/DurumBilgisiArsiv' are matched.

2021-11-12 17:09:16 - [TEST_STEP][PASSED] - Method.TextDegerineEsitElementeTikla(findTestObject("Filtreler/Butonlar"), "Listele"): Method.TextDegerineEsitElementeTikla is PASSED

2021-11-12 17:09:16 - [MESSAGE][INFO] - Finding Test Object 'Object Repository/Filtreler/Butonlar'

2021-11-12 17:09:16 - [MESSAGE][INFO] - Checking timeout

2021-11-12 17:09:16 - [MESSAGE][INFO] - Finding web element with id: 'Object Repository/Filtreler/Butonlar' located by 'By.cssSelector: .dxb>span' in '10' second(s)

2021-11-12 17:09:16 - [MESSAGE][INFO] - Smart Wait Function is triggered

2021-11-12 17:09:16 - [MESSAGE][INFO] - Found 3 web elements with id: 'Object Repository/Filtreler/Butonlar' located by 'By.cssSelector: .dxb>span' in '10' second(s)

2021-11-12 17:09:16 - [MESSAGE][PASSED] - Method.TextDegerineEsitElementeTikla is PASSED

2021-11-12 17:09:16 - [TEST_STEP][PASSED] - sayac = sayac - 1: null

2021-11-12 17:09:16 - [TEST_STEP][PASSED] - Console.println(sayac): null

2021-11-12 17:09:16 - [TEST_STEP][PASSED] - if (sayac == 0): Actual text and expected text of test object 'Object Repository/Tablo/DurumBilgisiArsiv' are matched.

2021-11-12 17:09:16 - [MESSAGE][INFO] - Finding Test Object 'Object Repository/Tablo/DurumBilgisiArsiv'

2021-11-12 17:09:17 - [MESSAGE][INFO] - Checking object

2021-11-12 17:09:17 - [MESSAGE][INFO] - Finding web element from Test Object's properties

2021-11-12 17:09:17 - [MESSAGE][INFO] - Checking timeout

2021-11-12 17:09:17 - [MESSAGE][INFO] - Finding web element with id: 'Object Repository/Tablo/DurumBilgisiArsiv' located by 'By.xpath: //*[@id = 'GridViewEArchiveInvoices_tccell0_9']' in '30' second(s)

2021-11-12 17:09:17 - [MESSAGE][INFO] - Smart Wait Function is triggered

2021-11-12 17:09:17 - [MESSAGE][INFO] - Found 1 web elements with id: 'Object Repository/Tablo/DurumBilgisiArsiv' located by 'By.xpath: //*[@id = 'GridViewEArchiveInvoices_tccell0_9']' in '30' second(s)

2021-11-12 17:09:17 - [MESSAGE][PASSED] - Actual text and expected text of test object 'Object Repository/Tablo/DurumBilgisiArsiv' are matched.

2021-11-12 17:09:17 - [TEST_STEP][PASSED] - Method.TextDegerineEsitElementeTikla(findTestObject("Filtreler/Butonlar"), "Listele"): Method.TextDegerineEsitElementeTikla is PASSED

2021-11-12 17:09:17 - [MESSAGE][INFO] - Finding Test Object 'Object Repository/Filtreler/Butonlar'

2021-11-12 17:09:17 - [MESSAGE][INFO] - Checking timeout

2021-11-12 17:09:17 - [MESSAGE][INFO] - Finding web element with id: 'Object Repository/Filtreler/Butonlar' located by 'By.cssSelector: .dxb>span' in '10' second(s)

2021-11-12 17:09:17 - [MESSAGE][INFO] - Smart Wait Function is triggered

2021-11-12 17:09:17 - [MESSAGE][INFO] - Found 3 web elements with id: 'Object Repository/Filtreler/Butonlar' located by 'By.cssSelector: .dxb>span' in '10' second(s)

2021-11-12 17:09:18 - [MESSAGE][PASSED] - Method.TextDegerineEsitElementeTikla is PASSED

2021-11-12 17:09:18 - [TEST_STEP][PASSED] - sayac = sayac - 1: null

2021-11-12 17:09:18 - [TEST_STEP][PASSED] - Console.println(sayac): null

2021-11-12 17:09:18 - [TEST_STEP][PASSED] - if (sayac == 0): Actual text and expected text of test object 'Object Repository/Tablo/DurumBilgisiArsiv' are matched.

2021-11-12 17:09:18 - [MESSAGE][INFO] - Finding Test Object 'Object Repository/Tablo/DurumBilgisiArsiv'

2021-11-12 17:09:18 - [MESSAGE][INFO] - Checking object

2021-11-12 17:09:18 - [MESSAGE][INFO] - Finding web element from Test Object's properties

2021-11-12 17:09:18 - [MESSAGE][INFO] - Checking timeout

2021-11-12 17:09:18 - [MESSAGE][INFO] - Finding web element with id: 'Object Repository/Tablo/DurumBilgisiArsiv' located by 'By.xpath: //*[@id = 'GridViewEArchiveInvoices_tccell0_9']' in '30' second(s)

2021-11-12 17:09:18 - [MESSAGE][INFO] - Smart Wait Function is triggered

2021-11-12 17:09:18 - [MESSAGE][INFO] - Found 1 web elements with id: 'Object Repository/Tablo/DurumBilgisiArsiv' located by 'By.xpath: //*[@id = 'GridViewEArchiveInvoices_tccell0_9']' in '30' second(s)

2021-11-12 17:09:18 - [MESSAGE][PASSED] - Actual text and expected text of test object 'Object Repository/Tablo/DurumBilgisiArsiv' are matched.

2021-11-12 17:09:18 - [TEST_STEP][PASSED] - Method.TextDegerineEsitElementeTikla(findTestObject("Filtreler/Butonlar"), "Listele"): Method.TextDegerineEsitElementeTikla is PASSED

2021-11-12 17:09:18 - [MESSAGE][INFO] - Finding Test Object 'Object Repository/Filtreler/Butonlar'

2021-11-12 17:09:18 - [MESSAGE][INFO] - Checking timeout

2021-11-12 17:09:18 - [MESSAGE][INFO] - Finding web element with id: 'Object Repository/Filtreler/Butonlar' located by 'By.cssSelector: .dxb>span' in '10' second(s)

2021-11-12 17:09:18 - [MESSAGE][INFO] - Smart Wait Function is triggered

2021-11-12 17:09:19 - [MESSAGE][INFO] - Found 3 web elements with id: 'Object Repository/Filtreler/Butonlar' located by 'By.cssSelector: .dxb>span' in '10' second(s)

2021-11-12 17:09:19 - [MESSAGE][PASSED] - Method.TextDegerineEsitElementeTikla is PASSED

2021-11-12 17:09:19 - [TEST_STEP][PASSED] - sayac = sayac - 1: null

2021-11-12 17:09:19 - [TEST_STEP][PASSED] - Console.println(sayac): null

2021-11-12 17:09:19 - [TEST_STEP][PASSED] - if (sayac == 0): Actual text and expected text of test object 'Object Repository/Tablo/DurumBilgisiArsiv' are matched.

2021-11-12 17:09:19 - [MESSAGE][INFO] - Finding Test Object 'Object Repository/Tablo/DurumBilgisiArsiv'

2021-11-12 17:09:19 - [MESSAGE][INFO] - Checking object

2021-11-12 17:09:19 - [MESSAGE][INFO] - Finding web element from Test Object's properties

2021-11-12 17:09:19 - [MESSAGE][INFO] - Checking timeout

2021-11-12 17:09:19 - [MESSAGE][INFO] - Finding web element with id: 'Object Repository/Tablo/DurumBilgisiArsiv' located by 'By.xpath: //*[@id = 'GridViewEArchiveInvoices_tccell0_9']' in '30' second(s)

2021-11-12 17:09:19 - [MESSAGE][INFO] - Smart Wait Function is triggered

2021-11-12 17:09:20 - [MESSAGE][INFO] - Found 1 web elements with id: 'Object Repository/Tablo/DurumBilgisiArsiv' located by 'By.xpath: //*[@id = 'GridViewEArchiveInvoices_tccell0_9']' in '30' second(s)

2021-11-12 17:09:20 - [MESSAGE][PASSED] - Actual text and expected text of test object 'Object Repository/Tablo/DurumBilgisiArsiv' are matched.

2021-11-12 17:09:20 - [TEST_STEP][PASSED] - Method.TextDegerineEsitElementeTikla(findTestObject("Filtreler/Butonlar"), "Listele"): Method.TextDegerineEsitElementeTikla is PASSED

2021-11-12 17:09:20 - [MESSAGE][INFO] - Finding Test Object 'Object Repository/Filtreler/Butonlar'

2021-11-12 17:09:20 - [MESSAGE][INFO] - Checking timeout

2021-11-12 17:09:20 - [MESSAGE][INFO] - Finding web element with id: 'Object Repository/Filtreler/Butonlar' located by 'By.cssSelector: .dxb>span' in '10' second(s)

2021-11-12 17:09:20 - [MESSAGE][INFO] - Smart Wait Function is triggered

2021-11-12 17:09:20 - [MESSAGE][INFO] - Found 3 web elements with id: 'Object Repository/Filtreler/Butonlar' located by 'By.cssSelector: .dxb>span' in '10' second(s)

2021-11-12 17:09:20 - [MESSAGE][PASSED] - Method.TextDegerineEsitElementeTikla is PASSED

2021-11-12 17:09:20 - [TEST_STEP][PASSED] - sayac = sayac - 1: null

2021-11-12 17:09:20 - [TEST_STEP][PASSED] - Console.println(sayac): null

2021-11-12 17:09:20 - [TEST_STEP][PASSED] - if (sayac == 0): Actual text and expected text of test object 'Object Repository/Tablo/DurumBilgisiArsiv' are matched.

2021-11-12 17:09:20 - [MESSAGE][INFO] - Finding Test Object 'Object Repository/Tablo/DurumBilgisiArsiv'

2021-11-12 17:09:20 - [MESSAGE][INFO] - Checking object

2021-11-12 17:09:20 - [MESSAGE][INFO] - Finding web element from Test Object's properties

2021-11-12 17:09:20 - [MESSAGE][INFO] - Checking timeout

2021-11-12 17:09:20 - [MESSAGE][INFO] - Finding web element with id: 'Object Repository/Tablo/DurumBilgisiArsiv' located by 'By.xpath: //*[@id = 'GridViewEArchiveInvoices_tccell0_9']' in '30' second(s)

2021-11-12 17:09:20 - [MESSAGE][INFO] - Smart Wait Function is triggered

2021-11-12 17:09:21 - [MESSAGE][INFO] - Found 1 web elements with id: 'Object Repository/Tablo/DurumBilgisiArsiv' located by 'By.xpath: //*[@id = 'GridViewEArchiveInvoices_tccell0_9']' in '30' second(s)

2021-11-12 17:09:21 - [MESSAGE][PASSED] - Actual text and expected text of test object 'Object Repository/Tablo/DurumBilgisiArsiv' are matched.

2021-11-12 17:09:21 - [TEST_STEP][PASSED] - Method.TextDegerineEsitElementeTikla(findTestObject("Filtreler/Butonlar"), "Listele"): Method.TextDegerineEsitElementeTikla is PASSED

2021-11-12 17:09:21 - [MESSAGE][INFO] - Finding Test Object 'Object Repository/Filtreler/Butonlar'

2021-11-12 17:09:21 - [MESSAGE][INFO] - Checking timeout

2021-11-12 17:09:21 - [MESSAGE][INFO] - Finding web element with id: 'Object Repository/Filtreler/Butonlar' located by 'By.cssSelector: .dxb>span' in '10' second(s)

2021-11-12 17:09:21 - [MESSAGE][INFO] - Smart Wait Function is triggered

2021-11-12 17:09:21 - [MESSAGE][INFO] - Found 3 web elements with id: 'Object Repository/Filtreler/Butonlar' located by 'By.cssSelector: .dxb>span' in '10' second(s)

2021-11-12 17:09:21 - [MESSAGE][PASSED] - Method.TextDegerineEsitElementeTikla is PASSED

2021-11-12 17:09:21 - [TEST_STEP][PASSED] - sayac = sayac - 1: null

2021-11-12 17:09:21 - [TEST_STEP][PASSED] - Console.println(sayac): null

2021-11-12 17:09:21 - [TEST_STEP][PASSED] - if (sayac == 0): Actual text and expected text of test object 'Object Repository/Tablo/DurumBilgisiArsiv' are matched.

2021-11-12 17:09:21 - [MESSAGE][INFO] - Finding Test Object 'Object Repository/Tablo/DurumBilgisiArsiv'

2021-11-12 17:09:22 - [MESSAGE][INFO] - Checking object

2021-11-12 17:09:22 - [MESSAGE][INFO] - Finding web element from Test Object's properties

2021-11-12 17:09:22 - [MESSAGE][INFO] - Checking timeout

2021-11-12 17:09:22 - [MESSAGE][INFO] - Finding web element with id: 'Object Repository/Tablo/DurumBilgisiArsiv' located by 'By.xpath: //*[@id = 'GridViewEArchiveInvoices_tccell0_9']' in '30' second(s)

2021-11-12 17:09:22 - [MESSAGE][INFO] - Smart Wait Function is triggered

2021-11-12 17:09:22 - [MESSAGE][INFO] - Found 1 web elements with id: 'Object Repository/Tablo/DurumBilgisiArsiv' located by 'By.xpath: //*[@id = 'GridViewEArchiveInvoices_tccell0_9']' in '30' second(s)

2021-11-12 17:09:22 - [MESSAGE][PASSED] - Actual text and expected text of test object 'Object Repository/Tablo/DurumBilgisiArsiv' are matched.

2021-11-12 17:09:22 - [TEST_STEP][PASSED] - Method.TextDegerineEsitElementeTikla(findTestObject("Filtreler/Butonlar"), "Listele"): Method.TextDegerineEsitElementeTikla is PASSED

2021-11-12 17:09:22 - [MESSAGE][INFO] - Finding Test Object 'Object Repository/Filtreler/Butonlar'

2021-11-12 17:09:22 - [MESSAGE][INFO] - Checking timeout

2021-11-12 17:09:22 - [MESSAGE][INFO] - Finding web element with id: 'Object Repository/Filtreler/Butonlar' located by 'By.cssSelector: .dxb>span' in '10' second(s)

2021-11-12 17:09:22 - [MESSAGE][INFO] - Smart Wait Function is triggered

2021-11-12 17:09:23 - [MESSAGE][INFO] - Found 3 web elements with id: 'Object Repository/Filtreler/Butonlar' located by 'By.cssSelector: .dxb>span' in '10' second(s)

2021-11-12 17:09:23 - [MESSAGE][PASSED] - Method.TextDegerineEsitElementeTikla is PASSED

2021-11-12 17:09:23 - [TEST_STEP][PASSED] - sayac = sayac - 1: null

2021-11-12 17:09:23 - [TEST_STEP][PASSED] - Console.println(sayac): null

2021-11-12 17:09:23 - [TEST_STEP][PASSED] - if (sayac == 0): Actual text and expected text of test object 'Object Repository/Tablo/DurumBilgisiArsiv' are matched.

2021-11-12 17:09:23 - [MESSAGE][INFO] - Finding Test Object 'Object Repository/Tablo/DurumBilgisiArsiv'

2021-11-12 17:09:23 - [MESSAGE][INFO] - Checking object

2021-11-12 17:09:23 - [MESSAGE][INFO] - Finding web element from Test Object's properties

2021-11-12 17:09:23 - [MESSAGE][INFO] - Checking timeout

2021-11-12 17:09:23 - [MESSAGE][INFO] - Finding web element with id: 'Object Repository/Tablo/DurumBilgisiArsiv' located by 'By.xpath: //*[@id = 'GridViewEArchiveInvoices_tccell0_9']' in '30' second(s)

2021-11-12 17:09:23 - [MESSAGE][INFO] - Smart Wait Function is triggered

2021-11-12 17:09:23 - [MESSAGE][INFO] - Found 1 web elements with id: 'Object Repository/Tablo/DurumBilgisiArsiv' located by 'By.xpath: //*[@id = 'GridViewEArchiveInvoices_tccell0_9']' in '30' second(s)

2021-11-12 17:09:23 - [MESSAGE][PASSED] - Actual text and expected text of test object 'Object Repository/Tablo/DurumBilgisiArsiv' are matched.

2021-11-12 17:09:23 - [TEST_STEP][PASSED] - Method.TextDegerineEsitElementeTikla(findTestObject("Filtreler/Butonlar"), "Listele"): Method.TextDegerineEsitElementeTikla is PASSED

2021-11-12 17:09:23 - [MESSAGE][INFO] - Finding Test Object 'Object Repository/Filtreler/Butonlar'

2021-11-12 17:09:23 - [MESSAGE][INFO] - Checking timeout

2021-11-12 17:09:23 - [MESSAGE][INFO] - Finding web element with id: 'Object Repository/Filtreler/Butonlar' located by 'By.cssSelector: .dxb>span' in '10' second(s)

2021-11-12 17:09:23 - [MESSAGE][INFO] - Smart Wait Function is triggered

2021-11-12 17:09:24 - [MESSAGE][INFO] - Found 3 web elements with id: 'Object Repository/Filtreler/Butonlar' located by 'By.cssSelector: .dxb>span' in '10' second(s)

2021-11-12 17:09:24 - [MESSAGE][PASSED] - Method.TextDegerineEsitElementeTikla is PASSED

2021-11-12 17:09:24 - [TEST_STEP][PASSED] - sayac = sayac - 1: null

2021-11-12 17:09:24 - [TEST_STEP][PASSED] - Console.println(sayac): null

2021-11-12 17:09:24 - [TEST_STEP][PASSED] - if (sayac == 0): Actual text and expected text of test object 'Object Repository/Tablo/DurumBilgisiArsiv' are matched.

2021-11-12 17:09:24 - [MESSAGE][INFO] - Finding Test Object 'Object Repository/Tablo/DurumBilgisiArsiv'

2021-11-12 17:09:24 - [MESSAGE][INFO] - Checking object

2021-11-12 17:09:24 - [MESSAGE][INFO] - Finding web element from Test Object's properties

2021-11-12 17:09:24 - [MESSAGE][INFO] - Checking timeout

2021-11-12 17:09:24 - [MESSAGE][INFO] - Finding web element with id: 'Object Repository/Tablo/DurumBilgisiArsiv' located by 'By.xpath: //*[@id = 'GridViewEArchiveInvoices_tccell0_9']' in '30' second(s)

2021-11-12 17:09:24 - [MESSAGE][INFO] - Smart Wait Function is triggered

2021-11-12 17:09:25 - [MESSAGE][INFO] - Found 1 web elements with id: 'Object Repository/Tablo/DurumBilgisiArsiv' located by 'By.xpath: //*[@id = 'GridViewEArchiveInvoices_tccell0_9']' in '30' second(s)

2021-11-12 17:09:25 - [MESSAGE][PASSED] - Actual text and expected text of test object 'Object Repository/Tablo/DurumBilgisiArsiv' are matched.

2021-11-12 17:09:25 - [TEST_STEP][PASSED] - Method.TextDegerineEsitElementeTikla(findTestObject("Filtreler/Butonlar"), "Listele"): Method.TextDegerineEsitElementeTikla is PASSED

2021-11-12 17:09:25 - [MESSAGE][INFO] - Finding Test Object 'Object Repository/Filtreler/Butonlar'

2021-11-12 17:09:25 - [MESSAGE][INFO] - Checking timeout

2021-11-12 17:09:25 - [MESSAGE][INFO] - Finding web element with id: 'Object Repository/Filtreler/Butonlar' located by 'By.cssSelector: .dxb>span' in '10' second(s)

2021-11-12 17:09:25 - [MESSAGE][INFO] - Smart Wait Function is triggered

2021-11-12 17:09:25 - [MESSAGE][INFO] - Found 3 web elements with id: 'Object Repository/Filtreler/Butonlar' located by 'By.cssSelector: .dxb>span' in '10' second(s)

2021-11-12 17:09:25 - [MESSAGE][PASSED] - Method.TextDegerineEsitElementeTikla is PASSED

2021-11-12 17:09:25 - [TEST_STEP][PASSED] - sayac = sayac - 1: null

2021-11-12 17:09:25 - [TEST_STEP][PASSED] - Console.println(sayac): null

2021-11-12 17:09:25 - [TEST_STEP][PASSED] - if (sayac == 0): Actual text and expected text of test object 'Object Repository/Tablo/DurumBilgisiArsiv' are matched.

2021-11-12 17:09:25 - [MESSAGE][INFO] - Finding Test Object 'Object Repository/Tablo/DurumBilgisiArsiv'

2021-11-12 17:09:25 - [MESSAGE][INFO] - Checking object

2021-11-12 17:09:25 - [MESSAGE][INFO] - Finding web element from Test Object's properties

2021-11-12 17:09:25 - [MESSAGE][INFO] - Checking timeout

2021-11-12 17:09:25 - [MESSAGE][INFO] - Finding web element with id: 'Object Repository/Tablo/DurumBilgisiArsiv' located by 'By.xpath: //*[@id = 'GridViewEArchiveInvoices_tccell0_9']' in '30' second(s)

2021-11-12 17:09:25 - [MESSAGE][INFO] - Smart Wait Function is triggered

2021-11-12 17:09:26 - [MESSAGE][INFO] - Found 1 web elements with id: 'Object Repository/Tablo/DurumBilgisiArsiv' located by 'By.xpath: //*[@id = 'GridViewEArchiveInvoices_tccell0_9']' in '30' second(s)

2021-11-12 17:09:26 - [MESSAGE][PASSED] - Actual text and expected text of test object 'Object Repository/Tablo/DurumBilgisiArsiv' are matched.

2021-11-12 17:09:26 - [TEST_STEP][PASSED] - Method.TextDegerineEsitElementeTikla(findTestObject("Filtreler/Butonlar"), "Listele"): Method.TextDegerineEsitElementeTikla is PASSED

2021-11-12 17:09:26 - [MESSAGE][INFO] - Finding Test Object 'Object Repository/Filtreler/Butonlar'

2021-11-12 17:09:26 - [MESSAGE][INFO] - Checking timeout

2021-11-12 17:09:26 - [MESSAGE][INFO] - Finding web element with id: 'Object Repository/Filtreler/Butonlar' located by 'By.cssSelector: .dxb>span' in '10' second(s)

2021-11-12 17:09:26 - [MESSAGE][INFO] - Smart Wait Function is triggered

2021-11-12 17:09:27 - [MESSAGE][INFO] - Found 3 web elements with id: 'Object Repository/Filtreler/Butonlar' located by 'By.cssSelector: .dxb>span' in '10' second(s)

2021-11-12 17:09:27 - [MESSAGE][PASSED] - Method.TextDegerineEsitElementeTikla is PASSED

2021-11-12 17:09:27 - [TEST_STEP][PASSED] - sayac = sayac - 1: null

2021-11-12 17:09:27 - [TEST_STEP][PASSED] - Console.println(sayac): null

2021-11-12 17:09:27 - [TEST_STEP][PASSED] - if (sayac == 0): Actual text and expected text of test object 'Object Repository/Tablo/DurumBilgisiArsiv' are matched.

2021-11-12 17:09:27 - [MESSAGE][INFO] - Finding Test Object 'Object Repository/Tablo/DurumBilgisiArsiv'

2021-11-12 17:09:27 - [MESSAGE][INFO] - Checking object

2021-11-12 17:09:27 - [MESSAGE][INFO] - Finding web element from Test Object's properties

2021-11-12 17:09:27 - [MESSAGE][INFO] - Checking timeout

2021-11-12 17:09:27 - [MESSAGE][INFO] - Finding web element with id: 'Object Repository/Tablo/DurumBilgisiArsiv' located by 'By.xpath: //*[@id = 'GridViewEArchiveInvoices_tccell0_9']' in '30' second(s)

2021-11-12 17:09:27 - [MESSAGE][INFO] - Smart Wait Function is triggered

2021-11-12 17:09:28 - [MESSAGE][INFO] - Found 1 web elements with id: 'Object Repository/Tablo/DurumBilgisiArsiv' located by 'By.xpath: //*[@id = 'GridViewEArchiveInvoices_tccell0_9']' in '30' second(s)

2021-11-12 17:09:28 - [MESSAGE][PASSED] - Actual text and expected text of test object 'Object Repository/Tablo/DurumBilgisiArsiv' are matched.

2021-11-12 17:09:28 - [TEST_STEP][PASSED] - Method.TextDegerineEsitElementeTikla(findTestObject("Filtreler/Butonlar"), "Listele"): Method.TextDegerineEsitElementeTikla is PASSED

2021-11-12 17:09:28 - [MESSAGE][INFO] - Finding Test Object 'Object Repository/Filtreler/Butonlar'

2021-11-12 17:09:28 - [MESSAGE][INFO] - Checking timeout

2021-11-12 17:09:28 - [MESSAGE][INFO] - Finding web element with id: 'Object Repository/Filtreler/Butonlar' located by 'By.cssSelector: .dxb>span' in '10' second(s)

2021-11-12 17:09:28 - [MESSAGE][INFO] - Smart Wait Function is triggered

2021-11-12 17:09:28 - [MESSAGE][INFO] - Found 3 web elements with id: 'Object Repository/Filtreler/Butonlar' located by 'By.cssSelector: .dxb>span' in '10' second(s)

2021-11-12 17:09:28 - [MESSAGE][PASSED] - Method.TextDegerineEsitElementeTikla is PASSED

2021-11-12 17:09:28 - [TEST_STEP][PASSED] - sayac = sayac - 1: null

2021-11-12 17:09:28 - [TEST_STEP][PASSED] - Console.println(sayac): null

2021-11-12 17:09:28 - [TEST_STEP][PASSED] - if (sayac == 0): Actual text and expected text of test object 'Object Repository/Tablo/DurumBilgisiArsiv' are matched.

2021-11-12 17:09:28 - [MESSAGE][INFO] - Finding Test Object 'Object Repository/Tablo/DurumBilgisiArsiv'

2021-11-12 17:09:28 - [MESSAGE][INFO] - Checking object

2021-11-12 17:09:28 - [MESSAGE][INFO] - Finding web element from Test Object's properties

2021-11-12 17:09:28 - [MESSAGE][INFO] - Checking timeout

2021-11-12 17:09:28 - [MESSAGE][INFO] - Finding web element with id: 'Object Repository/Tablo/DurumBilgisiArsiv' located by 'By.xpath: //*[@id = 'GridViewEArchiveInvoices_tccell0_9']' in '30' second(s)

2021-11-12 17:09:28 - [MESSAGE][INFO] - Smart Wait Function is triggered

2021-11-12 17:09:29 - [MESSAGE][INFO] - Found 1 web elements with id: 'Object Repository/Tablo/DurumBilgisiArsiv' located by 'By.xpath: //*[@id = 'GridViewEArchiveInvoices_tccell0_9']' in '30' second(s)

2021-11-12 17:09:29 - [MESSAGE][PASSED] - Actual text and expected text of test object 'Object Repository/Tablo/DurumBilgisiArsiv' are matched.

2021-11-12 17:09:29 - [TEST_STEP][PASSED] - Method.TextDegerineEsitElementeTikla(findTestObject("Filtreler/Butonlar"), "Listele"): Method.TextDegerineEsitElementeTikla is PASSED

2021-11-12 17:09:29 - [MESSAGE][INFO] - Finding Test Object 'Object Repository/Filtreler/Butonlar'

2021-11-12 17:09:29 - [MESSAGE][INFO] - Checking timeout

2021-11-12 17:09:29 - [MESSAGE][INFO] - Finding web element with id: 'Object Repository/Filtreler/Butonlar' located by 'By.cssSelector: .dxb>span' in '10' second(s)

2021-11-12 17:09:29 - [MESSAGE][INFO] - Smart Wait Function is triggered

2021-11-12 17:09:30 - [MESSAGE][INFO] - Found 3 web elements with id: 'Object Repository/Filtreler/Butonlar' located by 'By.cssSelector: .dxb>span' in '10' second(s)

2021-11-12 17:09:30 - [MESSAGE][PASSED] - Method.TextDegerineEsitElementeTikla is PASSED

2021-11-12 17:09:30 - [TEST_STEP][PASSED] - sayac = sayac - 1: null

2021-11-12 17:09:30 - [TEST_STEP][PASSED] - Console.println(sayac): null

2021-11-12 17:09:30 - [TEST_STEP][PASSED] - if (sayac == 0): Actual text and expected text of test object 'Object Repository/Tablo/DurumBilgisiArsiv' are matched.

2021-11-12 17:09:30 - [MESSAGE][INFO] - Finding Test Object 'Object Repository/Tablo/DurumBilgisiArsiv'

2021-11-12 17:09:30 - [MESSAGE][INFO] - Checking object

2021-11-12 17:09:30 - [MESSAGE][INFO] - Finding web element from Test Object's properties

2021-11-12 17:09:30 - [MESSAGE][INFO] - Checking timeout

2021-11-12 17:09:30 - [MESSAGE][INFO] - Finding web element with id: 'Object Repository/Tablo/DurumBilgisiArsiv' located by 'By.xpath: //*[@id = 'GridViewEArchiveInvoices_tccell0_9']' in '30' second(s)

2021-11-12 17:09:30 - [MESSAGE][INFO] - Smart Wait Function is triggered

2021-11-12 17:09:30 - [MESSAGE][INFO] - Found 1 web elements with id: 'Object Repository/Tablo/DurumBilgisiArsiv' located by 'By.xpath: //*[@id = 'GridViewEArchiveInvoices_tccell0_9']' in '30' second(s)

2021-11-12 17:09:30 - [MESSAGE][PASSED] - Actual text and expected text of test object 'Object Repository/Tablo/DurumBilgisiArsiv' are matched.

2021-11-12 17:09:30 - [TEST_STEP][PASSED] - Method.TextDegerineEsitElementeTikla(findTestObject("Filtreler/Butonlar"), "Listele"): Method.TextDegerineEsitElementeTikla is PASSED

2021-11-12 17:09:30 - [MESSAGE][INFO] - Finding Test Object 'Object Repository/Filtreler/Butonlar'

2021-11-12 17:09:31 - [MESSAGE][INFO] - Checking timeout

2021-11-12 17:09:31 - [MESSAGE][INFO] - Finding web element with id: 'Object Repository/Filtreler/Butonlar' located by 'By.cssSelector: .dxb>span' in '10' second(s)

2021-11-12 17:09:31 - [MESSAGE][INFO] - Smart Wait Function is triggered

2021-11-12 17:09:31 - [MESSAGE][INFO] - Found 3 web elements with id: 'Object Repository/Filtreler/Butonlar' located by 'By.cssSelector: .dxb>span' in '10' second(s)

2021-11-12 17:09:31 - [MESSAGE][PASSED] - Method.TextDegerineEsitElementeTikla is PASSED

2021-11-12 17:09:31 - [TEST_STEP][PASSED] - sayac = sayac - 1: null

2021-11-12 17:09:31 - [TEST_STEP][PASSED] - Console.println(sayac): null

2021-11-12 17:09:31 - [TEST_STEP][PASSED] - if (sayac == 0): Actual text and expected text of test object 'Object Repository/Tablo/DurumBilgisiArsiv' are matched.

2021-11-12 17:09:31 - [MESSAGE][INFO] - Finding Test Object 'Object Repository/Tablo/DurumBilgisiArsiv'

2021-11-12 17:09:31 - [MESSAGE][INFO] - Checking object

2021-11-12 17:09:31 - [MESSAGE][INFO] - Finding web element from Test Object's properties

2021-11-12 17:09:31 - [MESSAGE][INFO] - Checking timeout

2021-11-12 17:09:31 - [MESSAGE][INFO] - Finding web element with id: 'Object Repository/Tablo/DurumBilgisiArsiv' located by 'By.xpath: //*[@id = 'GridViewEArchiveInvoices_tccell0_9']' in '30' second(s)

2021-11-12 17:09:31 - [MESSAGE][INFO] - Smart Wait Function is triggered

2021-11-12 17:09:32 - [MESSAGE][INFO] - Found 1 web elements with id: 'Object Repository/Tablo/DurumBilgisiArsiv' located by 'By.xpath: //*[@id = 'GridViewEArchiveInvoices_tccell0_9']' in '30' second(s)

2021-11-12 17:09:32 - [MESSAGE][PASSED] - Actual text and expected text of test object 'Object Repository/Tablo/DurumBilgisiArsiv' are matched.

2021-11-12 17:09:32 - [TEST_STEP][PASSED] - Method.TextDegerineEsitElementeTikla(findTestObject("Filtreler/Butonlar"), "Listele"): Method.TextDegerineEsitElementeTikla is PASSED

2021-11-12 17:09:32 - [MESSAGE][INFO] - Finding Test Object 'Object Repository/Filtreler/Butonlar'

2021-11-12 17:09:32 - [MESSAGE][INFO] - Checking timeout

2021-11-12 17:09:32 - [MESSAGE][INFO] - Finding web element with id: 'Object Repository/Filtreler/Butonlar' located by 'By.cssSelector: .dxb>span' in '10' second(s)

2021-11-12 17:09:32 - [MESSAGE][INFO] - Smart Wait Function is triggered

2021-11-12 17:09:32 - [MESSAGE][INFO] - Found 3 web elements with id: 'Object Repository/Filtreler/Butonlar' located by 'By.cssSelector: .dxb>span' in '10' second(s)

2021-11-12 17:09:32 - [MESSAGE][PASSED] - Method.TextDegerineEsitElementeTikla is PASSED

2021-11-12 17:09:32 - [TEST_STEP][PASSED] - sayac = sayac - 1: null

2021-11-12 17:09:32 - [TEST_STEP][PASSED] - Console.println(sayac): null

2021-11-12 17:09:32 - [TEST_STEP][PASSED] - if (sayac == 0): Actual text and expected text of test object 'Object Repository/Tablo/DurumBilgisiArsiv' are matched.

2021-11-12 17:09:32 - [MESSAGE][INFO] - Finding Test Object 'Object Repository/Tablo/DurumBilgisiArsiv'

2021-11-12 17:09:32 - [MESSAGE][INFO] - Checking object

2021-11-12 17:09:32 - [MESSAGE][INFO] - Finding web element from Test Object's properties

2021-11-12 17:09:32 - [MESSAGE][INFO] - Checking timeout

2021-11-12 17:09:32 - [MESSAGE][INFO] - Finding web element with id: 'Object Repository/Tablo/DurumBilgisiArsiv' located by 'By.xpath: //*[@id = 'GridViewEArchiveInvoices_tccell0_9']' in '30' second(s)

2021-11-12 17:09:32 - [MESSAGE][INFO] - Smart Wait Function is triggered

2021-11-12 17:09:33 - [MESSAGE][INFO] - Found 1 web elements with id: 'Object Repository/Tablo/DurumBilgisiArsiv' located by 'By.xpath: //*[@id = 'GridViewEArchiveInvoices_tccell0_9']' in '30' second(s)

2021-11-12 17:09:33 - [MESSAGE][PASSED] - Actual text and expected text of test object 'Object Repository/Tablo/DurumBilgisiArsiv' are matched.

2021-11-12 17:09:33 - [TEST_STEP][PASSED] - Method.TextDegerineEsitElementeTikla(findTestObject("Filtreler/Butonlar"), "Listele"): Method.TextDegerineEsitElementeTikla is PASSED

2021-11-12 17:09:33 - [MESSAGE][INFO] - Finding Test Object 'Object Repository/Filtreler/Butonlar'

2021-11-12 17:09:33 - [MESSAGE][INFO] - Checking timeout

2021-11-12 17:09:33 - [MESSAGE][INFO] - Finding web element with id: 'Object Repository/Filtreler/Butonlar' located by 'By.cssSelector: .dxb>span' in '10' second(s)

2021-11-12 17:09:33 - [MESSAGE][INFO] - Smart Wait Function is triggered

2021-11-12 17:09:34 - [MESSAGE][INFO] - Found 3 web elements with id: 'Object Repository/Filtreler/Butonlar' located by 'By.cssSelector: .dxb>span' in '10' second(s)

2021-11-12 17:09:34 - [MESSAGE][PASSED] - Method.TextDegerineEsitElementeTikla is PASSED

2021-11-12 17:09:34 - [TEST_STEP][PASSED] - sayac = sayac - 1: null

2021-11-12 17:09:34 - [TEST_STEP][PASSED] - Console.println(sayac): null

2021-11-12 17:09:34 - [TEST_STEP][PASSED] - if (sayac == 0): Actual text and expected text of test object 'Object Repository/Tablo/DurumBilgisiArsiv' are matched.

2021-11-12 17:09:34 - [MESSAGE][INFO] - Finding Test Object 'Object Repository/Tablo/DurumBilgisiArsiv'

2021-11-12 17:09:34 - [MESSAGE][INFO] - Checking object

2021-11-12 17:09:34 - [MESSAGE][INFO] - Finding web element from Test Object's properties

2021-11-12 17:09:34 - [MESSAGE][INFO] - Checking timeout

2021-11-12 17:09:34 - [MESSAGE][INFO] - Finding web element with id: 'Object Repository/Tablo/DurumBilgisiArsiv' located by 'By.xpath: //*[@id = 'GridViewEArchiveInvoices_tccell0_9']' in '30' second(s)

2021-11-12 17:09:34 - [MESSAGE][INFO] - Smart Wait Function is triggered

2021-11-12 17:09:35 - [MESSAGE][INFO] - Found 1 web elements with id: 'Object Repository/Tablo/DurumBilgisiArsiv' located by 'By.xpath: //*[@id = 'GridViewEArchiveInvoices_tccell0_9']' in '30' second(s)

2021-11-12 17:09:35 - [MESSAGE][PASSED] - Actual text and expected text of test object 'Object Repository/Tablo/DurumBilgisiArsiv' are matched.

2021-11-12 17:09:35 - [TEST_STEP][PASSED] - Method.TextDegerineEsitElementeTikla(findTestObject("Filtreler/Butonlar"), "Listele"): Method.TextDegerineEsitElementeTikla is PASSED

2021-11-12 17:09:35 - [MESSAGE][INFO] - Finding Test Object 'Object Repository/Filtreler/Butonlar'

2021-11-12 17:09:35 - [MESSAGE][INFO] - Checking timeout

2021-11-12 17:09:35 - [MESSAGE][INFO] - Finding web element with id: 'Object Repository/Filtreler/Butonlar' located by 'By.cssSelector: .dxb>span' in '10' second(s)

2021-11-12 17:09:35 - [MESSAGE][INFO] - Smart Wait Function is triggered

2021-11-12 17:09:35 - [MESSAGE][INFO] - Found 3 web elements with id: 'Object Repository/Filtreler/Butonlar' located by 'By.cssSelector: .dxb>span' in '10' second(s)

2021-11-12 17:09:35 - [MESSAGE][PASSED] - Method.TextDegerineEsitElementeTikla is PASSED

2021-11-12 17:09:35 - [TEST_STEP][PASSED] - sayac = sayac - 1: null

2021-11-12 17:09:35 - [TEST_STEP][PASSED] - Console.println(sayac): null

2021-11-12 17:09:35 - [TEST_STEP][PASSED] - if (sayac == 0): Actual text and expected text of test object 'Object Repository/Tablo/DurumBilgisiArsiv' are matched.

2021-11-12 17:09:35 - [MESSAGE][INFO] - Finding Test Object 'Object Repository/Tablo/DurumBilgisiArsiv'

2021-11-12 17:09:35 - [MESSAGE][INFO] - Checking object

2021-11-12 17:09:35 - [MESSAGE][INFO] - Finding web element from Test Object's properties

2021-11-12 17:09:35 - [MESSAGE][INFO] - Checking timeout

2021-11-12 17:09:35 - [MESSAGE][INFO] - Finding web element with id: 'Object Repository/Tablo/DurumBilgisiArsiv' located by 'By.xpath: //*[@id = 'GridViewEArchiveInvoices_tccell0_9']' in '30' second(s)

2021-11-12 17:09:35 - [MESSAGE][INFO] - Smart Wait Function is triggered

2021-11-12 17:09:36 - [MESSAGE][INFO] - Found 1 web elements with id: 'Object Repository/Tablo/DurumBilgisiArsiv' located by 'By.xpath: //*[@id = 'GridViewEArchiveInvoices_tccell0_9']' in '30' second(s)

2021-11-12 17:09:36 - [MESSAGE][PASSED] - Actual text and expected text of test object 'Object Repository/Tablo/DurumBilgisiArsiv' are matched.

2021-11-12 17:09:36 - [TEST_STEP][PASSED] - Method.TextDegerineEsitElementeTikla(findTestObject("Filtreler/Butonlar"), "Listele"): Method.TextDegerineEsitElementeTikla is PASSED

2021-11-12 17:09:36 - [MESSAGE][INFO] - Finding Test Object 'Object Repository/Filtreler/Butonlar'

2021-11-12 17:09:36 - [MESSAGE][INFO] - Checking timeout

2021-11-12 17:09:36 - [MESSAGE][INFO] - Finding web element with id: 'Object Repository/Filtreler/Butonlar' located by 'By.cssSelector: .dxb>span' in '10' second(s)

2021-11-12 17:09:36 - [MESSAGE][INFO] - Smart Wait Function is triggered

2021-11-12 17:09:36 - [MESSAGE][INFO] - Found 3 web elements with id: 'Object Repository/Filtreler/Butonlar' located by 'By.cssSelector: .dxb>span' in '10' second(s)

2021-11-12 17:09:37 - [MESSAGE][PASSED] - Method.TextDegerineEsitElementeTikla is PASSED

2021-11-12 17:09:37 - [TEST_STEP][PASSED] - sayac = sayac - 1: null

2021-11-12 17:09:37 - [TEST_STEP][PASSED] - Console.println(sayac): null

2021-11-12 17:09:37 - [TEST_STEP][PASSED] - if (sayac == 0): Actual text and expected text of test object 'Object Repository/Tablo/DurumBilgisiArsiv' are matched.

2021-11-12 17:09:37 - [MESSAGE][INFO] - Finding Test Object 'Object Repository/Tablo/DurumBilgisiArsiv'

2021-11-12 17:09:37 - [MESSAGE][INFO] - Checking object

2021-11-12 17:09:37 - [MESSAGE][INFO] - Finding web element from Test Object's properties

2021-11-12 17:09:37 - [MESSAGE][INFO] - Checking timeout

2021-11-12 17:09:37 - [MESSAGE][INFO] - Finding web element with id: 'Object Repository/Tablo/DurumBilgisiArsiv' located by 'By.xpath: //*[@id = 'GridViewEArchiveInvoices_tccell0_9']' in '30' second(s)

2021-11-12 17:09:37 - [MESSAGE][INFO] - Smart Wait Function is triggered

2021-11-12 17:09:37 - [MESSAGE][INFO] - Found 1 web elements with id: 'Object Repository/Tablo/DurumBilgisiArsiv' located by 'By.xpath: //*[@id = 'GridViewEArchiveInvoices_tccell0_9']' in '30' second(s)

2021-11-12 17:09:37 - [MESSAGE][PASSED] - Actual text and expected text of test object 'Object Repository/Tablo/DurumBilgisiArsiv' are matched.

2021-11-12 17:09:37 - [TEST_STEP][PASSED] - Method.TextDegerineEsitElementeTikla(findTestObject("Filtreler/Butonlar"), "Listele"): Method.TextDegerineEsitElementeTikla is PASSED

2021-11-12 17:09:37 - [MESSAGE][INFO] - Finding Test Object 'Object Repository/Filtreler/Butonlar'

2021-11-12 17:09:37 - [MESSAGE][INFO] - Checking timeout

2021-11-12 17:09:37 - [MESSAGE][INFO] - Finding web element with id: 'Object Repository/Filtreler/Butonlar' located by 'By.cssSelector: .dxb>span' in '10' second(s)

2021-11-12 17:09:37 - [MESSAGE][INFO] - Smart Wait Function is triggered

2021-11-12 17:09:38 - [MESSAGE][INFO] - Found 3 web elements with id: 'Object Repository/Filtreler/Butonlar' located by 'By.cssSelector: .dxb>span' in '10' second(s)

2021-11-12 17:09:38 - [MESSAGE][PASSED] - Method.TextDegerineEsitElementeTikla is PASSED

2021-11-12 17:09:38 - [TEST_STEP][PASSED] - sayac = sayac - 1: null

2021-11-12 17:09:38 - [TEST_STEP][PASSED] - Console.println(sayac): null

2021-11-12 17:09:38 - [TEST_STEP][PASSED] - if (sayac == 0): Actual text and expected text of test object 'Object Repository/Tablo/DurumBilgisiArsiv' are matched.

2021-11-12 17:09:38 - [MESSAGE][INFO] - Finding Test Object 'Object Repository/Tablo/DurumBilgisiArsiv'

2021-11-12 17:09:38 - [MESSAGE][INFO] - Checking object

2021-11-12 17:09:38 - [MESSAGE][INFO] - Finding web element from Test Object's properties

2021-11-12 17:09:38 - [MESSAGE][INFO] - Checking timeout

2021-11-12 17:09:38 - [MESSAGE][INFO] - Finding web element with id: 'Object Repository/Tablo/DurumBilgisiArsiv' located by 'By.xpath: //*[@id = 'GridViewEArchiveInvoices_tccell0_9']' in '30' second(s)

2021-11-12 17:09:38 - [MESSAGE][INFO] - Smart Wait Function is triggered

2021-11-12 17:09:38 - [MESSAGE][INFO] - Found 1 web elements with id: 'Object Repository/Tablo/DurumBilgisiArsiv' located by 'By.xpath: //*[@id = 'GridViewEArchiveInvoices_tccell0_9']' in '30' second(s)

2021-11-12 17:09:38 - [MESSAGE][PASSED] - Actual text and expected text of test object 'Object Repository/Tablo/DurumBilgisiArsiv' are matched.

2021-11-12 17:09:38 - [TEST_STEP][PASSED] - Method.TextDegerineEsitElementeTikla(findTestObject("Filtreler/Butonlar"), "Listele"): Method.TextDegerineEsitElementeTikla is PASSED

2021-11-12 17:09:38 - [MESSAGE][INFO] - Finding Test Object 'Object Repository/Filtreler/Butonlar'

2021-11-12 17:09:38 - [MESSAGE][INFO] - Checking timeout

2021-11-12 17:09:38 - [MESSAGE][INFO] - Finding web element with id: 'Object Repository/Filtreler/Butonlar' located by 'By.cssSelector: .dxb>span' in '10' second(s)

2021-11-12 17:09:38 - [MESSAGE][INFO] - Smart Wait Function is triggered

2021-11-12 17:09:39 - [MESSAGE][INFO] - Found 3 web elements with id: 'Object Repository/Filtreler/Butonlar' located by 'By.cssSelector: .dxb>span' in '10' second(s)

2021-11-12 17:09:39 - [MESSAGE][PASSED] - Method.TextDegerineEsitElementeTikla is PASSED

2021-11-12 17:09:39 - [TEST_STEP][PASSED] - sayac = sayac - 1: null

2021-11-12 17:09:39 - [TEST_STEP][PASSED] - Console.println(sayac): null

2021-11-12 17:09:39 - [TEST_STEP][PASSED] - if (sayac == 0): Actual text and expected text of test object 'Object Repository/Tablo/DurumBilgisiArsiv' are matched.

2021-11-12 17:09:39 - [MESSAGE][INFO] - Finding Test Object 'Object Repository/Tablo/DurumBilgisiArsiv'

2021-11-12 17:09:39 - [MESSAGE][INFO] - Checking object

2021-11-12 17:09:39 - [MESSAGE][INFO] - Finding web element from Test Object's properties

2021-11-12 17:09:39 - [MESSAGE][INFO] - Checking timeout

2021-11-12 17:09:39 - [MESSAGE][INFO] - Finding web element with id: 'Object Repository/Tablo/DurumBilgisiArsiv' located by 'By.xpath: //*[@id = 'GridViewEArchiveInvoices_tccell0_9']' in '30' second(s)

2021-11-12 17:09:39 - [MESSAGE][INFO] - Smart Wait Function is triggered

2021-11-12 17:09:39 - [MESSAGE][INFO] - Found 1 web elements with id: 'Object Repository/Tablo/DurumBilgisiArsiv' located by 'By.xpath: //*[@id = 'GridViewEArchiveInvoices_tccell0_9']' in '30' second(s)

2021-11-12 17:09:39 - [MESSAGE][PASSED] - Actual text and expected text of test object 'Object Repository/Tablo/DurumBilgisiArsiv' are matched.

2021-11-12 17:09:39 - [TEST_STEP][PASSED] - Method.TextDegerineEsitElementeTikla(findTestObject("Filtreler/Butonlar"), "Listele"): Method.TextDegerineEsitElementeTikla is PASSED

2021-11-12 17:09:39 - [MESSAGE][INFO] - Finding Test Object 'Object Repository/Filtreler/Butonlar'

2021-11-12 17:09:40 - [MESSAGE][INFO] - Checking timeout

2021-11-12 17:09:40 - [MESSAGE][INFO] - Finding web element with id: 'Object Repository/Filtreler/Butonlar' located by 'By.cssSelector: .dxb>span' in '10' second(s)

2021-11-12 17:09:40 - [MESSAGE][INFO] - Smart Wait Function is triggered

2021-11-12 17:09:40 - [MESSAGE][INFO] - Found 3 web elements with id: 'Object Repository/Filtreler/Butonlar' located by 'By.cssSelector: .dxb>span' in '10' second(s)

2021-11-12 17:09:40 - [MESSAGE][PASSED] - Method.TextDegerineEsitElementeTikla is PASSED

2021-11-12 17:09:40 - [TEST_STEP][PASSED] - sayac = sayac - 1: null

2021-11-12 17:09:40 - [TEST_STEP][PASSED] - Console.println(sayac): null

2021-11-12 17:09:40 - [TEST_STEP][PASSED] - if (sayac == 0): Actual text and expected text of test object 'Object Repository/Tablo/DurumBilgisiArsiv' are matched.

2021-11-12 17:09:40 - [MESSAGE][INFO] - Finding Test Object 'Object Repository/Tablo/DurumBilgisiArsiv'

2021-11-12 17:09:40 - [MESSAGE][INFO] - Checking object

2021-11-12 17:09:40 - [MESSAGE][INFO] - Finding web element from Test Object's properties

2021-11-12 17:09:40 - [MESSAGE][INFO] - Checking timeout

2021-11-12 17:09:40 - [MESSAGE][INFO] - Finding web element with id: 'Object Repository/Tablo/DurumBilgisiArsiv' located by 'By.xpath: //*[@id = 'GridViewEArchiveInvoices_tccell0_9']' in '30' second(s)

2021-11-12 17:09:40 - [MESSAGE][INFO] - Smart Wait Function is triggered

2021-11-12 17:09:41 - [MESSAGE][INFO] - Found 1 web elements with id: 'Object Repository/Tablo/DurumBilgisiArsiv' located by 'By.xpath: //*[@id = 'GridViewEArchiveInvoices_tccell0_9']' in '30' second(s)

2021-11-12 17:09:41 - [MESSAGE][PASSED] - Actual text and expected text of test object 'Object Repository/Tablo/DurumBilgisiArsiv' are matched.

2021-11-12 17:09:41 - [TEST_STEP][PASSED] - Method.TextDegerineEsitElementeTikla(findTestObject("Filtreler/Butonlar"), "Listele"): Method.TextDegerineEsitElementeTikla is PASSED

2021-11-12 17:09:41 - [MESSAGE][INFO] - Finding Test Object 'Object Repository/Filtreler/Butonlar'

2021-11-12 17:09:41 - [MESSAGE][INFO] - Checking timeout

2021-11-12 17:09:41 - [MESSAGE][INFO] - Finding web element with id: 'Object Repository/Filtreler/Butonlar' located by 'By.cssSelector: .dxb>span' in '10' second(s)

2021-11-12 17:09:41 - [MESSAGE][INFO] - Smart Wait Function is triggered

2021-11-12 17:09:41 - [MESSAGE][INFO] - Found 3 web elements with id: 'Object Repository/Filtreler/Butonlar' located by 'By.cssSelector: .dxb>span' in '10' second(s)

2021-11-12 17:09:41 - [MESSAGE][PASSED] - Method.TextDegerineEsitElementeTikla is PASSED

2021-11-12 17:09:41 - [TEST_STEP][PASSED] - sayac = sayac - 1: null

2021-11-12 17:09:41 - [TEST_STEP][PASSED] - Console.println(sayac): null

2021-11-12 17:09:41 - [TEST_STEP][PASSED] - if (sayac == 0): Actual text and expected text of test object 'Object Repository/Tablo/DurumBilgisiArsiv' are matched.

2021-11-12 17:09:41 - [MESSAGE][INFO] - Finding Test Object 'Object Repository/Tablo/DurumBilgisiArsiv'

2021-11-12 17:09:41 - [MESSAGE][INFO] - Checking object

2021-11-12 17:09:41 - [MESSAGE][INFO] - Finding web element from Test Object's properties

2021-11-12 17:09:41 - [MESSAGE][INFO] - Checking timeout

2021-11-12 17:09:41 - [MESSAGE][INFO] - Finding web element with id: 'Object Repository/Tablo/DurumBilgisiArsiv' located by 'By.xpath: //*[@id = 'GridViewEArchiveInvoices_tccell0_9']' in '30' second(s)

2021-11-12 17:09:41 - [MESSAGE][INFO] - Smart Wait Function is triggered

2021-11-12 17:09:42 - [MESSAGE][INFO] - Found 1 web elements with id: 'Object Repository/Tablo/DurumBilgisiArsiv' located by 'By.xpath: //*[@id = 'GridViewEArchiveInvoices_tccell0_9']' in '30' second(s)

2021-11-12 17:09:42 - [MESSAGE][PASSED] - Actual text and expected text of test object 'Object Repository/Tablo/DurumBilgisiArsiv' are matched.

2021-11-12 17:09:42 - [TEST_STEP][PASSED] - Method.TextDegerineEsitElementeTikla(findTestObject("Filtreler/Butonlar"), "Listele"): Method.TextDegerineEsitElementeTikla is PASSED

2021-11-12 17:09:42 - [MESSAGE][INFO] - Finding Test Object 'Object Repository/Filtreler/Butonlar'

2021-11-12 17:09:42 - [MESSAGE][INFO] - Checking timeout

2021-11-12 17:09:42 - [MESSAGE][INFO] - Finding web element with id: 'Object Repository/Filtreler/Butonlar' located by 'By.cssSelector: .dxb>span' in '10' second(s)

2021-11-12 17:09:42 - [MESSAGE][INFO] - Smart Wait Function is triggered

2021-11-12 17:09:42 - [MESSAGE][INFO] - Found 3 web elements with id: 'Object Repository/Filtreler/Butonlar' located by 'By.cssSelector: .dxb>span' in '10' second(s)

2021-11-12 17:09:42 - [MESSAGE][PASSED] - Method.TextDegerineEsitElementeTikla is PASSED

2021-11-12 17:09:42 - [TEST_STEP][PASSED] - sayac = sayac - 1: null

2021-11-12 17:09:42 - [TEST_STEP][PASSED] - Console.println(sayac): null

2021-11-12 17:09:42 - [TEST_STEP][PASSED] - if (sayac == 0): Actual text and expected text of test object 'Object Repository/Tablo/DurumBilgisiArsiv' are matched.

2021-11-12 17:09:42 - [MESSAGE][INFO] - Finding Test Object 'Object Repository/Tablo/DurumBilgisiArsiv'

2021-11-12 17:09:43 - [MESSAGE][INFO] - Checking object

2021-11-12 17:09:43 - [MESSAGE][INFO] - Finding web element from Test Object's properties

2021-11-12 17:09:43 - [MESSAGE][INFO] - Checking timeout

2021-11-12 17:09:43 - [MESSAGE][INFO] - Finding web element with id: 'Object Repository/Tablo/DurumBilgisiArsiv' located by 'By.xpath: //*[@id = 'GridViewEArchiveInvoices_tccell0_9']' in '30' second(s)

2021-11-12 17:09:43 - [MESSAGE][INFO] - Smart Wait Function is triggered

2021-11-12 17:09:43 - [MESSAGE][INFO] - Found 1 web elements with id: 'Object Repository/Tablo/DurumBilgisiArsiv' located by 'By.xpath: //*[@id = 'GridViewEArchiveInvoices_tccell0_9']' in '30' second(s)

2021-11-12 17:09:43 - [MESSAGE][PASSED] - Actual text and expected text of test object 'Object Repository/Tablo/DurumBilgisiArsiv' are matched.

2021-11-12 17:09:43 - [TEST_STEP][PASSED] - Method.TextDegerineEsitElementeTikla(findTestObject("Filtreler/Butonlar"), "Listele"): Method.TextDegerineEsitElementeTikla is PASSED

2021-11-12 17:09:43 - [MESSAGE][INFO] - Finding Test Object 'Object Repository/Filtreler/Butonlar'

2021-11-12 17:09:43 - [MESSAGE][INFO] - Checking timeout

2021-11-12 17:09:43 - [MESSAGE][INFO] - Finding web element with id: 'Object Repository/Filtreler/Butonlar' located by 'By.cssSelector: .dxb>span' in '10' second(s)

2021-11-12 17:09:43 - [MESSAGE][INFO] - Smart Wait Function is triggered

2021-11-12 17:09:44 - [MESSAGE][INFO] - Found 3 web elements with id: 'Object Repository/Filtreler/Butonlar' located by 'By.cssSelector: .dxb>span' in '10' second(s)

2021-11-12 17:09:44 - [MESSAGE][PASSED] - Method.TextDegerineEsitElementeTikla is PASSED

2021-11-12 17:09:44 - [TEST_STEP][PASSED] - sayac = sayac - 1: null

2021-11-12 17:09:44 - [TEST_STEP][PASSED] - Console.println(sayac): null

2021-11-12 17:09:44 - [TEST_STEP][PASSED] - if (sayac == 0): Actual text and expected text of test object 'Object Repository/Tablo/DurumBilgisiArsiv' are matched.

2021-11-12 17:09:44 - [MESSAGE][INFO] - Finding Test Object 'Object Repository/Tablo/DurumBilgisiArsiv'

2021-11-12 17:09:44 - [MESSAGE][INFO] - Checking object

2021-11-12 17:09:44 - [MESSAGE][INFO] - Finding web element from Test Object's properties

2021-11-12 17:09:44 - [MESSAGE][INFO] - Checking timeout

2021-11-12 17:09:44 - [MESSAGE][INFO] - Finding web element with id: 'Object Repository/Tablo/DurumBilgisiArsiv' located by 'By.xpath: //*[@id = 'GridViewEArchiveInvoices_tccell0_9']' in '30' second(s)

2021-11-12 17:09:44 - [MESSAGE][INFO] - Smart Wait Function is triggered

2021-11-12 17:09:44 - [MESSAGE][INFO] - Found 1 web elements with id: 'Object Repository/Tablo/DurumBilgisiArsiv' located by 'By.xpath: //*[@id = 'GridViewEArchiveInvoices_tccell0_9']' in '30' second(s)

2021-11-12 17:09:44 - [MESSAGE][PASSED] - Actual text and expected text of test object 'Object Repository/Tablo/DurumBilgisiArsiv' are matched.

2021-11-12 17:09:44 - [TEST_STEP][PASSED] - Method.TextDegerineEsitElementeTikla(findTestObject("Filtreler/Butonlar"), "Listele"): Method.TextDegerineEsitElementeTikla is PASSED

2021-11-12 17:09:44 - [MESSAGE][INFO] - Finding Test Object 'Object Repository/Filtreler/Butonlar'

2021-11-12 17:09:45 - [MESSAGE][INFO] - Checking timeout

2021-11-12 17:09:45 - [MESSAGE][INFO] - Finding web element with id: 'Object Repository/Filtreler/Butonlar' located by 'By.cssSelector: .dxb>span' in '10' second(s)

2021-11-12 17:09:45 - [MESSAGE][INFO] - Smart Wait Function is triggered

2021-11-12 17:09:45 - [MESSAGE][INFO] - Found 3 web elements with id: 'Object Repository/Filtreler/Butonlar' located by 'By.cssSelector: .dxb>span' in '10' second(s)

2021-11-12 17:09:45 - [MESSAGE][PASSED] - Method.TextDegerineEsitElementeTikla is PASSED

2021-11-12 17:09:45 - [TEST_STEP][PASSED] - sayac = sayac - 1: null

2021-11-12 17:09:45 - [TEST_STEP][PASSED] - Console.println(sayac): null

2021-11-12 17:09:45 - [TEST_STEP][PASSED] - if (sayac == 0): Verify element text of test object 'Object Repository/Tablo/DurumBilgisiArsiv' FAILED. (Root cause: com.kms.katalon.core.exception.StepFailedException: Verify element text of test object 'Object Repository/Tablo/DurumBilgisiArsiv' FAILED.
	at com.kms.katalon.core.webui.keyword.internal.WebUIKeywordMain.stepFailed(WebUIKeywordMain.groovy:64)
	at com.kms.katalon.core.webui.keyword.internal.WebUIKeywordMain.runKeyword(WebUIKeywordMain.groovy:26)
	at com.kms.katalon.core.webui.keyword.builtin.VerifyElementTextKeyword.verifyElementText(VerifyElementTextKeyword.groovy:72)
	at com.kms.katalon.core.webui.keyword.builtin.VerifyElementTextKeyword.execute(VerifyElementTextKeyword.groovy:40)
	at com.kms.katalon.core.keyword.internal.KeywordExecutor.executeKeywordForPlatform(KeywordExecutor.groovy:73)
	at com.kms.katalon.core.webui.keyword.WebUiBuiltInKeywords.verifyElementText(WebUiBuiltInKeywords.groovy:4733)
	at com.kms.katalon.core.webui.keyword.WebUiBuiltInKeywords$verifyElementText$27.call(Unknown Source)
	at TablodaVeriBasariliMiArsiv.run(TablodaVeriBasariliMiArsiv:22)
	at com.kms.katalon.core.main.ScriptEngine.run(ScriptEngine.java:194)
	at com.kms.katalon.core.main.ScriptEngine.runScriptAsRawText(ScriptEngine.java:119)
	at com.kms.katalon.core.main.TestCaseExecutor.runScript(TestCaseExecutor.java:369)
	at com.kms.katalon.core.main.TestCaseExecutor.doExecute(TestCaseExecutor.java:360)
	at com.kms.katalon.core.main.TestCaseExecutor.processExecutionPhase(TestCaseExecutor.java:339)
	at com.kms.katalon.core.main.TestCaseExecutor.accessMainPhase(TestCaseExecutor.java:331)
	at com.kms.katalon.core.main.TestCaseExecutor.execute(TestCaseExecutor.java:248)
	at com.kms.katalon.core.main.TestCaseMain.runTestCase(TestCaseMain.java:138)
	at com.kms.katalon.core.keyword.builtin.CallTestCaseKeyword$_callTestCase_closure1.doCall(CallTestCaseKeyword.groovy:59)
	at com.kms.katalon.core.keyword.builtin.CallTestCaseKeyword$_callTestCase_closure1.call(CallTestCaseKeyword.groovy)
	at com.kms.katalon.core.keyword.internal.KeywordMain.runKeyword(KeywordMain.groovy:68)
	at com.kms.katalon.core.keyword.builtin.CallTestCaseKeyword.callTestCase(CallTestCaseKeyword.groovy:81)
	at com.kms.katalon.core.keyword.builtin.CallTestCaseKeyword.execute(CallTestCaseKeyword.groovy:44)
	at com.kms.katalon.core.keyword.internal.KeywordExecutor.executeKeywordForPlatform(KeywordExecutor.groovy:73)
	at com.kms.katalon.core.keyword.BuiltinKeywords.callTestCase(BuiltinKeywords.groovy:334)
	at tablo.tablo.tablodaVeriBasariliMiArsiv(tablo.groovy:95)
	at cucumber.runtime.Utils$1.call(Utils.java:26)
	at cucumber.runtime.Timeout.timeout(Timeout.java:16)
	at cucumber.runtime.Utils.invoke(Utils.java:20)
	at cucumber.runtime.java.JavaStepDefinition.execute(JavaStepDefinition.java:49)
	at cucumber.runner.PickleStepDefinitionMatch.runStep(PickleStepDefinitionMatch.java:50)
	at cucumber.runner.TestStep.executeStep(TestStep.java:63)
	at cucumber.runner.TestStep.run(TestStep.java:49)
	at cucumber.runner.PickleStepTestStep.run(PickleStepTestStep.java:43)
	at cucumber.runner.TestCase.run(TestCase.java:44)
	at cucumber.runner.Runner.runPickle(Runner.java:40)
	at cucumber.runtime.Runtime$1.run(Runtime.java:84)
	at cucumber.runtime.Runtime$SameThreadExecutorService.execute(Runtime.java:220)
	at cucumber.runtime.Runtime.run(Runtime.java:81)
	at cucumber.api.cli.Main.run(Main.java:26)
	at cucumber.api.cli.Main$run.call(Unknown Source)
	at com.kms.katalon.core.cucumber.keyword.CucumberBuiltinKeywords$_runFeatureFile_closure1.doCall(CucumberBuiltinKeywords.groovy:106)
	at com.kms.katalon.core.cucumber.keyword.CucumberBuiltinKeywords$_runFeatureFile_closure1.doCall(CucumberBuiltinKeywords.groovy)
	at com.kms.katalon.core.keyword.internal.KeywordMain.runKeyword(KeywordMain.groovy:68)
	at com.kms.katalon.core.keyword.internal.KeywordMain$runKeyword.call(Unknown Source)
	at com.kms.katalon.core.cucumber.keyword.CucumberBuiltinKeywords.runFeatureFile(CucumberBuiltinKeywords.groovy:73)
	at com.kms.katalon.core.cucumber.keyword.CucumberBuiltinKeywords$runFeatureFile$0.callStatic(Unknown Source)
	at com.kms.katalon.core.cucumber.keyword.CucumberBuiltinKeywords.runFeatureFile(CucumberBuiltinKeywords.groovy:246)
	at com.kms.katalon.core.cucumber.keyword.CucumberBuiltinKeywords$runFeatureFile.call(Unknown Source)
	at Elektronik-Satis Tipinde.run(Elektronik-Satis Tipinde:17)
	at com.kms.katalon.core.main.ScriptEngine.run(ScriptEngine.java:194)
	at com.kms.katalon.core.main.ScriptEngine.runScriptAsRawText(ScriptEngine.java:119)
	at com.kms.katalon.core.main.TestCaseExecutor.runScript(TestCaseExecutor.java:369)
	at com.kms.katalon.core.main.TestCaseExecutor.doExecute(TestCaseExecutor.java:360)
	at com.kms.katalon.core.main.TestCaseExecutor.processExecutionPhase(TestCaseExecutor.java:339)
	at com.kms.katalon.core.main.TestCaseExecutor.accessMainPhase(TestCaseExecutor.java:331)
	at com.kms.katalon.core.main.TestCaseExecutor.execute(TestCaseExecutor.java:248)
	at com.kms.katalon.core.main.TestSuiteExecutor.accessTestCaseMainPhase(TestSuiteExecutor.java:191)
	at com.kms.katalon.core.main.TestSuiteExecutor.accessTestSuiteMainPhase(TestSuiteExecutor.java:140)
	at com.kms.katalon.core.main.TestSuiteExecutor.execute(TestSuiteExecutor.java:89)
	at com.kms.katalon.core.main.TestCaseMain.startTestSuite(TestCaseMain.java:181)
	at com.kms.katalon.core.main.TestCaseMain$startTestSuite$0.call(Unknown Source)
	at TempTestSuite1636725797192.run(TempTestSuite1636725797192.groovy:39)
Caused by: org.openqa.selenium.NoSuchSessionException: Session ID is null. Using WebDriver after calling quit()?
Build info: version: '3.141.59', revision: 'e82be7d358', time: '2018-11-14T08:25:53'
System info: host: 'DESKTOP-QBVMTUG', ip: '192.168.1.18', os.name: 'Windows 10', os.arch: 'amd64', os.version: '10.0', java.version: '1.8.0_282'
Driver info: driver.version: RemoteWebDriver
	at org.openqa.selenium.remote.HttpCommandExecutor.execute(HttpCommandExecutor.java:125)
	at org.openqa.selenium.remote.service.DriverCommandExecutor.execute(DriverCommandExecutor.java:83)
	at org.openqa.selenium.remote.RemoteWebDriver.execute(RemoteWebDriver.java:552)
	at com.kms.katalon.selenium.driver.CChromeDriver.execute(CChromeDriver.java:19)
	at org.openqa.selenium.remote.RemoteWebDriver.findElements(RemoteWebDriver.java:353)
	at org.openqa.selenium.remote.RemoteWebDriver.findElementsByXPath(RemoteWebDriver.java:432)
	at org.openqa.selenium.By$ByXPath.findElements(By.java:348)
	at org.openqa.selenium.remote.RemoteWebDriver.findElements(RemoteWebDriver.java:311)
	at com.kms.katalon.core.webui.common.WebUiCommonHelper.findElementByNormalMethods(WebUiCommonHelper.java:1014)
	at com.kms.katalon.core.webui.common.WebUiCommonHelper.findElementsBySelectedMethod(WebUiCommonHelper.java:903)
	at com.kms.katalon.core.webui.common.WebUiCommonHelper.findElementsBySelectedMethod(WebUiCommonHelper.java:892)
	at com.kms.katalon.core.webui.common.WebUiCommonHelper.findElementsBySelectedMethod(WebUiCommonHelper.java:887)
	at com.kms.katalon.core.webui.common.WebUiCommonHelper.findElementsByDefault(WebUiCommonHelper.java:883)
	at com.kms.katalon.core.webui.common.WebUiCommonHelper.findWebElements(WebUiCommonHelper.java:720)
	at com.kms.katalon.core.webui.common.WebUiCommonHelper.findWebElement(WebUiCommonHelper.java:1363)
	at com.kms.katalon.core.webui.keyword.internal.WebUIAbstractKeyword.findWebElement(WebUIAbstractKeyword.groovy:27)
	at com.kms.katalon.core.webui.keyword.builtin.VerifyElementTextKeyword$_verifyElementText_closure1.doCall(VerifyElementTextKeyword.groovy:52)
	at com.kms.katalon.core.webui.keyword.builtin.VerifyElementTextKeyword$_verifyElementText_closure1.call(VerifyElementTextKeyword.groovy)
	at com.kms.katalon.core.webui.keyword.internal.WebUIKeywordMain.runKeyword(WebUIKeywordMain.groovy:20)
	at com.kms.katalon.core.webui.keyword.builtin.VerifyElementTextKeyword.verifyElementText(VerifyElementTextKeyword.groovy:72)
	at com.kms.katalon.core.webui.keyword.builtin.VerifyElementTextKeyword.execute(VerifyElementTextKeyword.groovy:40)
	at com.kms.katalon.core.keyword.internal.KeywordExecutor.executeKeywordForPlatform(KeywordExecutor.groovy:73)
	at com.kms.katalon.core.webui.keyword.WebUiBuiltInKeywords.verifyElementText(WebUiBuiltInKeywords.groovy:4733)
	at com.kms.katalon.core.webui.keyword.WebUiBuiltInKeywords$verifyElementText$27.call(Unknown Source)
	at Script1633427221287.run(Script1633427221287.groovy:22)
	at com.kms.katalon.core.main.ScriptEngine.run(ScriptEngine.java:194)
	at com.kms.katalon.core.main.ScriptEngine.runScriptAsRawText(ScriptEngine.java:119)
	at com.kms.katalon.core.main.TestCaseExecutor.runScript(TestCaseExecutor.java:369)
	at com.kms.katalon.core.main.TestCaseExecutor.doExecute(TestCaseExecutor.java:360)
	at com.kms.katalon.core.main.TestCaseExecutor.processExecutionPhase(TestCaseExecutor.java:339)
	at com.kms.katalon.core.main.TestCaseExecutor.accessMainPhase(TestCaseExecutor.java:331)
	at com.kms.katalon.core.main.TestCaseExecutor.execute(TestCaseExecutor.java:248)
	at com.kms.katalon.core.main.TestCaseMain.runTestCase(TestCaseMain.java:138)
	at com.kms.katalon.core.keyword.builtin.CallTestCaseKeyword$_callTestCase_closure1.doCall(CallTestCaseKeyword.groovy:59)
	at com.kms.katalon.core.keyword.builtin.CallTestCaseKeyword$_callTestCase_closure1.call(CallTestCaseKeyword.groovy)
	at com.kms.katalon.core.keyword.internal.KeywordMain.runKeyword(KeywordMain.groovy:68)
	at com.kms.katalon.core.keyword.builtin.CallTestCaseKeyword.callTestCase(CallTestCaseKeyword.groovy:81)
	at com.kms.katalon.core.keyword.builtin.CallTestCaseKeyword.execute(CallTestCaseKeyword.groovy:44)
	at com.kms.katalon.core.keyword.internal.KeywordExecutor.executeKeywordForPlatform(KeywordExecutor.groovy:73)
	at com.kms.katalon.core.keyword.BuiltinKeywords.callTestCase(BuiltinKeywords.groovy:334)
	at tablo.tablo.tablodaVeriBasariliMiArsiv(tablo.groovy:95)
	at cucumber.runtime.Utils$1.call(Utils.java:26)
	at cucumber.runtime.Timeout.timeout(Timeout.java:16)
	at cucumber.runtime.Utils.invoke(Utils.java:20)
	at cucumber.runtime.java.JavaStepDefinition.execute(JavaStepDefinition.java:49)
	at cucumber.runner.PickleStepDefinitionMatch.runStep(PickleStepDefinitionMatch.java:50)
	at cucumber.runner.TestStep.executeStep(TestStep.java:63)
	at cucumber.runner.TestStep.run(TestStep.java:49)
	at cucumber.runner.PickleStepTestStep.run(PickleStepTestStep.java:43)
	at cucumber.runner.TestCase.run(TestCase.java:44)
	at cucumber.runner.Runner.runPickle(Runner.java:40)
	at cucumber.runtime.Runtime$1.run(Runtime.java:84)
	at cucumber.runtime.Runtime$SameThreadExecutorService.execute(Runtime.java:220)
	at cucumber.runtime.Runtime.run(Runtime.java:81)
	at cucumber.api.cli.Main.run(Main.java:26)
	at cucumber.api.cli.Main$run.call(Unknown Source)
	at com.kms.katalon.core.cucumber.keyword.CucumberBuiltinKeywords$_runFeatureFile_closure1.doCall(CucumberBuiltinKeywords.groovy:106)
	at com.kms.katalon.core.cucumber.keyword.CucumberBuiltinKeywords$_runFeatureFile_closure1.doCall(CucumberBuiltinKeywords.groovy)
	at com.kms.katalon.core.keyword.internal.KeywordMain.runKeyword(KeywordMain.groovy:68)
	at com.kms.katalon.core.keyword.internal.KeywordMain$runKeyword.call(Unknown Source)
	at com.kms.katalon.core.cucumber.keyword.CucumberBuiltinKeywords.runFeatureFile(CucumberBuiltinKeywords.groovy:73)
	at com.kms.katalon.core.cucumber.keyword.CucumberBuiltinKeywords$runFeatureFile$0.callStatic(Unknown Source)
	at com.kms.katalon.core.cucumber.keyword.CucumberBuiltinKeywords.runFeatureFile(CucumberBuiltinKeywords.groovy:246)
	at com.kms.katalon.core.cucumber.keyword.CucumberBuiltinKeywords$runFeatureFile.call(Unknown Source)
	at Script1600698732977.run(Script1600698732977.groovy:17)
	... 13 more
)

2021-11-12 17:09:45 - [TEST_STEP][PASSED] - closeBrowser(STOP_ON_FAILURE): Verify element text of test object 'Object Repository/Tablo/DurumBilgisiArsiv' FAILED. (Root cause: com.kms.katalon.core.exception.StepFailedException: Verify element text of test object 'Object Repository/Tablo/DurumBilgisiArsiv' FAILED.
	at com.kms.katalon.core.webui.keyword.internal.WebUIKeywordMain.stepFailed(WebUIKeywordMain.groovy:64)
	at com.kms.katalon.core.webui.keyword.internal.WebUIKeywordMain.runKeyword(WebUIKeywordMain.groovy:26)
	at com.kms.katalon.core.webui.keyword.builtin.VerifyElementTextKeyword.verifyElementText(VerifyElementTextKeyword.groovy:72)
	at com.kms.katalon.core.webui.keyword.builtin.VerifyElementTextKeyword.execute(VerifyElementTextKeyword.groovy:40)
	at com.kms.katalon.core.keyword.internal.KeywordExecutor.executeKeywordForPlatform(KeywordExecutor.groovy:73)
	at com.kms.katalon.core.webui.keyword.WebUiBuiltInKeywords.verifyElementText(WebUiBuiltInKeywords.groovy:4733)
	at com.kms.katalon.core.webui.keyword.WebUiBuiltInKeywords$verifyElementText$27.call(Unknown Source)
	at TablodaVeriBasariliMiArsiv.run(TablodaVeriBasariliMiArsiv:22)
	at com.kms.katalon.core.main.ScriptEngine.run(ScriptEngine.java:194)
	at com.kms.katalon.core.main.ScriptEngine.runScriptAsRawText(ScriptEngine.java:119)
	at com.kms.katalon.core.main.TestCaseExecutor.runScript(TestCaseExecutor.java:369)
	at com.kms.katalon.core.main.TestCaseExecutor.doExecute(TestCaseExecutor.java:360)
	at com.kms.katalon.core.main.TestCaseExecutor.processExecutionPhase(TestCaseExecutor.java:339)
	at com.kms.katalon.core.main.TestCaseExecutor.accessMainPhase(TestCaseExecutor.java:331)
	at com.kms.katalon.core.main.TestCaseExecutor.execute(TestCaseExecutor.java:248)
	at com.kms.katalon.core.main.TestCaseMain.runTestCase(TestCaseMain.java:138)
	at com.kms.katalon.core.keyword.builtin.CallTestCaseKeyword$_callTestCase_closure1.doCall(CallTestCaseKeyword.groovy:59)
	at com.kms.katalon.core.keyword.builtin.CallTestCaseKeyword$_callTestCase_closure1.call(CallTestCaseKeyword.groovy)
	at com.kms.katalon.core.keyword.internal.KeywordMain.runKeyword(KeywordMain.groovy:68)
	at com.kms.katalon.core.keyword.builtin.CallTestCaseKeyword.callTestCase(CallTestCaseKeyword.groovy:81)
	at com.kms.katalon.core.keyword.builtin.CallTestCaseKeyword.execute(CallTestCaseKeyword.groovy:44)
	at com.kms.katalon.core.keyword.internal.KeywordExecutor.executeKeywordForPlatform(KeywordExecutor.groovy:73)
	at com.kms.katalon.core.keyword.BuiltinKeywords.callTestCase(BuiltinKeywords.groovy:334)
	at tablo.tablo.tablodaVeriBasariliMiArsiv(tablo.groovy:95)
	at cucumber.runtime.Utils$1.call(Utils.java:26)
	at cucumber.runtime.Timeout.timeout(Timeout.java:16)
	at cucumber.runtime.Utils.invoke(Utils.java:20)
	at cucumber.runtime.java.JavaStepDefinition.execute(JavaStepDefinition.java:49)
	at cucumber.runner.PickleStepDefinitionMatch.runStep(PickleStepDefinitionMatch.java:50)
	at cucumber.runner.TestStep.executeStep(TestStep.java:63)
	at cucumber.runner.TestStep.run(TestStep.java:49)
	at cucumber.runner.PickleStepTestStep.run(PickleStepTestStep.java:43)
	at cucumber.runner.TestCase.run(TestCase.java:44)
	at cucumber.runner.Runner.runPickle(Runner.java:40)
	at cucumber.runtime.Runtime$1.run(Runtime.java:84)
	at cucumber.runtime.Runtime$SameThreadExecutorService.execute(Runtime.java:220)
	at cucumber.runtime.Runtime.run(Runtime.java:81)
	at cucumber.api.cli.Main.run(Main.java:26)
	at cucumber.api.cli.Main$run.call(Unknown Source)
	at com.kms.katalon.core.cucumber.keyword.CucumberBuiltinKeywords$_runFeatureFile_closure1.doCall(CucumberBuiltinKeywords.groovy:106)
	at com.kms.katalon.core.cucumber.keyword.CucumberBuiltinKeywords$_runFeatureFile_closure1.doCall(CucumberBuiltinKeywords.groovy)
	at com.kms.katalon.core.keyword.internal.KeywordMain.runKeyword(KeywordMain.groovy:68)
	at com.kms.katalon.core.keyword.internal.KeywordMain$runKeyword.call(Unknown Source)
	at com.kms.katalon.core.cucumber.keyword.CucumberBuiltinKeywords.runFeatureFile(CucumberBuiltinKeywords.groovy:73)
	at com.kms.katalon.core.cucumber.keyword.CucumberBuiltinKeywords$runFeatureFile$0.callStatic(Unknown Source)
	at com.kms.katalon.core.cucumber.keyword.CucumberBuiltinKeywords.runFeatureFile(CucumberBuiltinKeywords.groovy:246)
	at com.kms.katalon.core.cucumber.keyword.CucumberBuiltinKeywords$runFeatureFile.call(Unknown Source)
	at Elektronik-Satis Tipinde.run(Elektronik-Satis Tipinde:17)
	at com.kms.katalon.core.main.ScriptEngine.run(ScriptEngine.java:194)
	at com.kms.katalon.core.main.ScriptEngine.runScriptAsRawText(ScriptEngine.java:119)
	at com.kms.katalon.core.main.TestCaseExecutor.runScript(TestCaseExecutor.java:369)
	at com.kms.katalon.core.main.TestCaseExecutor.doExecute(TestCaseExecutor.java:360)
	at com.kms.katalon.core.main.TestCaseExecutor.processExecutionPhase(TestCaseExecutor.java:339)
	at com.kms.katalon.core.main.TestCaseExecutor.accessMainPhase(TestCaseExecutor.java:331)
	at com.kms.katalon.core.main.TestCaseExecutor.execute(TestCaseExecutor.java:248)
	at com.kms.katalon.core.main.TestSuiteExecutor.accessTestCaseMainPhase(TestSuiteExecutor.java:191)
	at com.kms.katalon.core.main.TestSuiteExecutor.accessTestSuiteMainPhase(TestSuiteExecutor.java:140)
	at com.kms.katalon.core.main.TestSuiteExecutor.execute(TestSuiteExecutor.java:89)
	at com.kms.katalon.core.main.TestCaseMain.startTestSuite(TestCaseMain.java:181)
	at com.kms.katalon.core.main.TestCaseMain$startTestSuite$0.call(Unknown Source)
	at TempTestSuite1636725797192.run(TempTestSuite1636725797192.groovy:39)
Caused by: org.openqa.selenium.NoSuchSessionException: Session ID is null. Using WebDriver after calling quit()?
Build info: version: '3.141.59', revision: 'e82be7d358', time: '2018-11-14T08:25:53'
System info: host: 'DESKTOP-QBVMTUG', ip: '192.168.1.18', os.name: 'Windows 10', os.arch: 'amd64', os.version: '10.0', java.version: '1.8.0_282'
Driver info: driver.version: RemoteWebDriver
	at org.openqa.selenium.remote.HttpCommandExecutor.execute(HttpCommandExecutor.java:125)
	at org.openqa.selenium.remote.service.DriverCommandExecutor.execute(DriverCommandExecutor.java:83)
	at org.openqa.selenium.remote.RemoteWebDriver.execute(RemoteWebDriver.java:552)
	at com.kms.katalon.selenium.driver.CChromeDriver.execute(CChromeDriver.java:19)
	at org.openqa.selenium.remote.RemoteWebDriver.findElements(RemoteWebDriver.java:353)
	at org.openqa.selenium.remote.RemoteWebDriver.findElementsByXPath(RemoteWebDriver.java:432)
	at org.openqa.selenium.By$ByXPath.findElements(By.java:348)
	at org.openqa.selenium.remote.RemoteWebDriver.findElements(RemoteWebDriver.java:311)
	at com.kms.katalon.core.webui.common.WebUiCommonHelper.findElementByNormalMethods(WebUiCommonHelper.java:1014)
	at com.kms.katalon.core.webui.common.WebUiCommonHelper.findElementsBySelectedMethod(WebUiCommonHelper.java:903)
	at com.kms.katalon.core.webui.common.WebUiCommonHelper.findElementsBySelectedMethod(WebUiCommonHelper.java:892)
	at com.kms.katalon.core.webui.common.WebUiCommonHelper.findElementsBySelectedMethod(WebUiCommonHelper.java:887)
	at com.kms.katalon.core.webui.common.WebUiCommonHelper.findElementsByDefault(WebUiCommonHelper.java:883)
	at com.kms.katalon.core.webui.common.WebUiCommonHelper.findWebElements(WebUiCommonHelper.java:720)
	at com.kms.katalon.core.webui.common.WebUiCommonHelper.findWebElement(WebUiCommonHelper.java:1363)
	at com.kms.katalon.core.webui.keyword.internal.WebUIAbstractKeyword.findWebElement(WebUIAbstractKeyword.groovy:27)
	at com.kms.katalon.core.webui.keyword.builtin.VerifyElementTextKeyword$_verifyElementText_closure1.doCall(VerifyElementTextKeyword.groovy:52)
	at com.kms.katalon.core.webui.keyword.builtin.VerifyElementTextKeyword$_verifyElementText_closure1.call(VerifyElementTextKeyword.groovy)
	at com.kms.katalon.core.webui.keyword.internal.WebUIKeywordMain.runKeyword(WebUIKeywordMain.groovy:20)
	at com.kms.katalon.core.webui.keyword.builtin.VerifyElementTextKeyword.verifyElementText(VerifyElementTextKeyword.groovy:72)
	at com.kms.katalon.core.webui.keyword.builtin.VerifyElementTextKeyword.execute(VerifyElementTextKeyword.groovy:40)
	at com.kms.katalon.core.keyword.internal.KeywordExecutor.executeKeywordForPlatform(KeywordExecutor.groovy:73)
	at com.kms.katalon.core.webui.keyword.WebUiBuiltInKeywords.verifyElementText(WebUiBuiltInKeywords.groovy:4733)
	at com.kms.katalon.core.webui.keyword.WebUiBuiltInKeywords$verifyElementText$27.call(Unknown Source)
	at Script1633427221287.run(Script1633427221287.groovy:22)
	at com.kms.katalon.core.main.ScriptEngine.run(ScriptEngine.java:194)
	at com.kms.katalon.core.main.ScriptEngine.runScriptAsRawText(ScriptEngine.java:119)
	at com.kms.katalon.core.main.TestCaseExecutor.runScript(TestCaseExecutor.java:369)
	at com.kms.katalon.core.main.TestCaseExecutor.doExecute(TestCaseExecutor.java:360)
	at com.kms.katalon.core.main.TestCaseExecutor.processExecutionPhase(TestCaseExecutor.java:339)
	at com.kms.katalon.core.main.TestCaseExecutor.accessMainPhase(TestCaseExecutor.java:331)
	at com.kms.katalon.core.main.TestCaseExecutor.execute(TestCaseExecutor.java:248)
	at com.kms.katalon.core.main.TestCaseMain.runTestCase(TestCaseMain.java:138)
	at com.kms.katalon.core.keyword.builtin.CallTestCaseKeyword$_callTestCase_closure1.doCall(CallTestCaseKeyword.groovy:59)
	at com.kms.katalon.core.keyword.builtin.CallTestCaseKeyword$_callTestCase_closure1.call(CallTestCaseKeyword.groovy)
	at com.kms.katalon.core.keyword.internal.KeywordMain.runKeyword(KeywordMain.groovy:68)
	at com.kms.katalon.core.keyword.builtin.CallTestCaseKeyword.callTestCase(CallTestCaseKeyword.groovy:81)
	at com.kms.katalon.core.keyword.builtin.CallTestCaseKeyword.execute(CallTestCaseKeyword.groovy:44)
	at com.kms.katalon.core.keyword.internal.KeywordExecutor.executeKeywordForPlatform(KeywordExecutor.groovy:73)
	at com.kms.katalon.core.keyword.BuiltinKeywords.callTestCase(BuiltinKeywords.groovy:334)
	at tablo.tablo.tablodaVeriBasariliMiArsiv(tablo.groovy:95)
	at cucumber.runtime.Utils$1.call(Utils.java:26)
	at cucumber.runtime.Timeout.timeout(Timeout.java:16)
	at cucumber.runtime.Utils.invoke(Utils.java:20)
	at cucumber.runtime.java.JavaStepDefinition.execute(JavaStepDefinition.java:49)
	at cucumber.runner.PickleStepDefinitionMatch.runStep(PickleStepDefinitionMatch.java:50)
	at cucumber.runner.TestStep.executeStep(TestStep.java:63)
	at cucumber.runner.TestStep.run(TestStep.java:49)
	at cucumber.runner.PickleStepTestStep.run(PickleStepTestStep.java:43)
	at cucumber.runner.TestCase.run(TestCase.java:44)
	at cucumber.runner.Runner.runPickle(Runner.java:40)
	at cucumber.runtime.Runtime$1.run(Runtime.java:84)
	at cucumber.runtime.Runtime$SameThreadExecutorService.execute(Runtime.java:220)
	at cucumber.runtime.Runtime.run(Runtime.java:81)
	at cucumber.api.cli.Main.run(Main.java:26)
	at cucumber.api.cli.Main$run.call(Unknown Source)
	at com.kms.katalon.core.cucumber.keyword.CucumberBuiltinKeywords$_runFeatureFile_closure1.doCall(CucumberBuiltinKeywords.groovy:106)
	at com.kms.katalon.core.cucumber.keyword.CucumberBuiltinKeywords$_runFeatureFile_closure1.doCall(CucumberBuiltinKeywords.groovy)
	at com.kms.katalon.core.keyword.internal.KeywordMain.runKeyword(KeywordMain.groovy:68)
	at com.kms.katalon.core.keyword.internal.KeywordMain$runKeyword.call(Unknown Source)
	at com.kms.katalon.core.cucumber.keyword.CucumberBuiltinKeywords.runFeatureFile(CucumberBuiltinKeywords.groovy:73)
	at com.kms.katalon.core.cucumber.keyword.CucumberBuiltinKeywords$runFeatureFile$0.callStatic(Unknown Source)
	at com.kms.katalon.core.cucumber.keyword.CucumberBuiltinKeywords.runFeatureFile(CucumberBuiltinKeywords.groovy:246)
	at com.kms.katalon.core.cucumber.keyword.CucumberBuiltinKeywords$runFeatureFile.call(Unknown Source)
	at Script1600698732977.run(Script1600698732977.groovy:17)
	... 13 more
)

2021-11-12 17:09:45 - [MESSAGE][INFO] - Closing browser

2021-11-12 17:09:46 - [MESSAGE][PASSED] - Browser is closed

2021-11-12 17:09:46 - [MESSAGE][INFO] - Finding Test Object 'Object Repository/Tablo/DurumBilgisiArsiv'

2021-11-12 17:09:46 - [MESSAGE][INFO] - Checking object

2021-11-12 17:09:46 - [MESSAGE][INFO] - Finding web element from Test Object's properties

2021-11-12 17:09:46 - [MESSAGE][INFO] - Checking timeout

2021-11-12 17:09:46 - [MESSAGE][INFO] - Finding web element with id: 'Object Repository/Tablo/DurumBilgisiArsiv' located by 'By.xpath: //*[@id = 'GridViewEArchiveInvoices_tccell0_9']' in '30' second(s)

2021-11-12 17:09:46 - [MESSAGE][WARNING] - Verify element text of test object 'Object Repository/Tablo/DurumBilgisiArsiv' FAILED. (Root cause: com.kms.katalon.core.exception.StepFailedException: Verify element text of test object 'Object Repository/Tablo/DurumBilgisiArsiv' FAILED.
	at com.kms.katalon.core.webui.keyword.internal.WebUIKeywordMain.stepFailed(WebUIKeywordMain.groovy:64)
	at com.kms.katalon.core.webui.keyword.internal.WebUIKeywordMain.runKeyword(WebUIKeywordMain.groovy:26)
	at com.kms.katalon.core.webui.keyword.builtin.VerifyElementTextKeyword.verifyElementText(VerifyElementTextKeyword.groovy:72)
	at com.kms.katalon.core.webui.keyword.builtin.VerifyElementTextKeyword.execute(VerifyElementTextKeyword.groovy:40)
	at com.kms.katalon.core.keyword.internal.KeywordExecutor.executeKeywordForPlatform(KeywordExecutor.groovy:73)
	at com.kms.katalon.core.webui.keyword.WebUiBuiltInKeywords.verifyElementText(WebUiBuiltInKeywords.groovy:4733)
	at com.kms.katalon.core.webui.keyword.WebUiBuiltInKeywords$verifyElementText$27.call(Unknown Source)
	at TablodaVeriBasariliMiArsiv.run(TablodaVeriBasariliMiArsiv:22)
	at com.kms.katalon.core.main.ScriptEngine.run(ScriptEngine.java:194)
	at com.kms.katalon.core.main.ScriptEngine.runScriptAsRawText(ScriptEngine.java:119)
	at com.kms.katalon.core.main.TestCaseExecutor.runScript(TestCaseExecutor.java:369)
	at com.kms.katalon.core.main.TestCaseExecutor.doExecute(TestCaseExecutor.java:360)
	at com.kms.katalon.core.main.TestCaseExecutor.processExecutionPhase(TestCaseExecutor.java:339)
	at com.kms.katalon.core.main.TestCaseExecutor.accessMainPhase(TestCaseExecutor.java:331)
	at com.kms.katalon.core.main.TestCaseExecutor.execute(TestCaseExecutor.java:248)
	at com.kms.katalon.core.main.TestCaseMain.runTestCase(TestCaseMain.java:138)
	at com.kms.katalon.core.keyword.builtin.CallTestCaseKeyword$_callTestCase_closure1.doCall(CallTestCaseKeyword.groovy:59)
	at com.kms.katalon.core.keyword.builtin.CallTestCaseKeyword$_callTestCase_closure1.call(CallTestCaseKeyword.groovy)
	at com.kms.katalon.core.keyword.internal.KeywordMain.runKeyword(KeywordMain.groovy:68)
	at com.kms.katalon.core.keyword.builtin.CallTestCaseKeyword.callTestCase(CallTestCaseKeyword.groovy:81)
	at com.kms.katalon.core.keyword.builtin.CallTestCaseKeyword.execute(CallTestCaseKeyword.groovy:44)
	at com.kms.katalon.core.keyword.internal.KeywordExecutor.executeKeywordForPlatform(KeywordExecutor.groovy:73)
	at com.kms.katalon.core.keyword.BuiltinKeywords.callTestCase(BuiltinKeywords.groovy:334)
	at tablo.tablo.tablodaVeriBasariliMiArsiv(tablo.groovy:95)
	at cucumber.runtime.Utils$1.call(Utils.java:26)
	at cucumber.runtime.Timeout.timeout(Timeout.java:16)
	at cucumber.runtime.Utils.invoke(Utils.java:20)
	at cucumber.runtime.java.JavaStepDefinition.execute(JavaStepDefinition.java:49)
	at cucumber.runner.PickleStepDefinitionMatch.runStep(PickleStepDefinitionMatch.java:50)
	at cucumber.runner.TestStep.executeStep(TestStep.java:63)
	at cucumber.runner.TestStep.run(TestStep.java:49)
	at cucumber.runner.PickleStepTestStep.run(PickleStepTestStep.java:43)
	at cucumber.runner.TestCase.run(TestCase.java:44)
	at cucumber.runner.Runner.runPickle(Runner.java:40)
	at cucumber.runtime.Runtime$1.run(Runtime.java:84)
	at cucumber.runtime.Runtime$SameThreadExecutorService.execute(Runtime.java:220)
	at cucumber.runtime.Runtime.run(Runtime.java:81)
	at cucumber.api.cli.Main.run(Main.java:26)
	at cucumber.api.cli.Main$run.call(Unknown Source)
	at com.kms.katalon.core.cucumber.keyword.CucumberBuiltinKeywords$_runFeatureFile_closure1.doCall(CucumberBuiltinKeywords.groovy:106)
	at com.kms.katalon.core.cucumber.keyword.CucumberBuiltinKeywords$_runFeatureFile_closure1.doCall(CucumberBuiltinKeywords.groovy)
	at com.kms.katalon.core.keyword.internal.KeywordMain.runKeyword(KeywordMain.groovy:68)
	at com.kms.katalon.core.keyword.internal.KeywordMain$runKeyword.call(Unknown Source)
	at com.kms.katalon.core.cucumber.keyword.CucumberBuiltinKeywords.runFeatureFile(CucumberBuiltinKeywords.groovy:73)
	at com.kms.katalon.core.cucumber.keyword.CucumberBuiltinKeywords$runFeatureFile$0.callStatic(Unknown Source)
	at com.kms.katalon.core.cucumber.keyword.CucumberBuiltinKeywords.runFeatureFile(CucumberBuiltinKeywords.groovy:246)
	at com.kms.katalon.core.cucumber.keyword.CucumberBuiltinKeywords$runFeatureFile.call(Unknown Source)
	at Elektronik-Satis Tipinde.run(Elektronik-Satis Tipinde:17)
	at com.kms.katalon.core.main.ScriptEngine.run(ScriptEngine.java:194)
	at com.kms.katalon.core.main.ScriptEngine.runScriptAsRawText(ScriptEngine.java:119)
	at com.kms.katalon.core.main.TestCaseExecutor.runScript(TestCaseExecutor.java:369)
	at com.kms.katalon.core.main.TestCaseExecutor.doExecute(TestCaseExecutor.java:360)
	at com.kms.katalon.core.main.TestCaseExecutor.processExecutionPhase(TestCaseExecutor.java:339)
	at com.kms.katalon.core.main.TestCaseExecutor.accessMainPhase(TestCaseExecutor.java:331)
	at com.kms.katalon.core.main.TestCaseExecutor.execute(TestCaseExecutor.java:248)
	at com.kms.katalon.core.main.TestSuiteExecutor.accessTestCaseMainPhase(TestSuiteExecutor.java:191)
	at com.kms.katalon.core.main.TestSuiteExecutor.accessTestSuiteMainPhase(TestSuiteExecutor.java:140)
	at com.kms.katalon.core.main.TestSuiteExecutor.execute(TestSuiteExecutor.java:89)
	at com.kms.katalon.core.main.TestCaseMain.startTestSuite(TestCaseMain.java:181)
	at com.kms.katalon.core.main.TestCaseMain$startTestSuite$0.call(Unknown Source)
	at TempTestSuite1636725797192.run(TempTestSuite1636725797192.groovy:39)
Caused by: org.openqa.selenium.NoSuchSessionException: Session ID is null. Using WebDriver after calling quit()?
Build info: version: '3.141.59', revision: 'e82be7d358', time: '2018-11-14T08:25:53'
System info: host: 'DESKTOP-QBVMTUG', ip: '192.168.1.18', os.name: 'Windows 10', os.arch: 'amd64', os.version: '10.0', java.version: '1.8.0_282'
Driver info: driver.version: RemoteWebDriver
	at org.openqa.selenium.remote.HttpCommandExecutor.execute(HttpCommandExecutor.java:125)
	at org.openqa.selenium.remote.service.DriverCommandExecutor.execute(DriverCommandExecutor.java:83)
	at org.openqa.selenium.remote.RemoteWebDriver.execute(RemoteWebDriver.java:552)
	at com.kms.katalon.selenium.driver.CChromeDriver.execute(CChromeDriver.java:19)
	at org.openqa.selenium.remote.RemoteWebDriver.findElements(RemoteWebDriver.java:353)
	at org.openqa.selenium.remote.RemoteWebDriver.findElementsByXPath(RemoteWebDriver.java:432)
	at org.openqa.selenium.By$ByXPath.findElements(By.java:348)
	at org.openqa.selenium.remote.RemoteWebDriver.findElements(RemoteWebDriver.java:311)
	at com.kms.katalon.core.webui.common.WebUiCommonHelper.findElementByNormalMethods(WebUiCommonHelper.java:1014)
	at com.kms.katalon.core.webui.common.WebUiCommonHelper.findElementsBySelectedMethod(WebUiCommonHelper.java:903)
	at com.kms.katalon.core.webui.common.WebUiCommonHelper.findElementsBySelectedMethod(WebUiCommonHelper.java:892)
	at com.kms.katalon.core.webui.common.WebUiCommonHelper.findElementsBySelectedMethod(WebUiCommonHelper.java:887)
	at com.kms.katalon.core.webui.common.WebUiCommonHelper.findElementsByDefault(WebUiCommonHelper.java:883)
	at com.kms.katalon.core.webui.common.WebUiCommonHelper.findWebElements(WebUiCommonHelper.java:720)
	at com.kms.katalon.core.webui.common.WebUiCommonHelper.findWebElement(WebUiCommonHelper.java:1363)
	at com.kms.katalon.core.webui.keyword.internal.WebUIAbstractKeyword.findWebElement(WebUIAbstractKeyword.groovy:27)
	at com.kms.katalon.core.webui.keyword.builtin.VerifyElementTextKeyword$_verifyElementText_closure1.doCall(VerifyElementTextKeyword.groovy:52)
	at com.kms.katalon.core.webui.keyword.builtin.VerifyElementTextKeyword$_verifyElementText_closure1.call(VerifyElementTextKeyword.groovy)
	at com.kms.katalon.core.webui.keyword.internal.WebUIKeywordMain.runKeyword(WebUIKeywordMain.groovy:20)
	at com.kms.katalon.core.webui.keyword.builtin.VerifyElementTextKeyword.verifyElementText(VerifyElementTextKeyword.groovy:72)
	at com.kms.katalon.core.webui.keyword.builtin.VerifyElementTextKeyword.execute(VerifyElementTextKeyword.groovy:40)
	at com.kms.katalon.core.keyword.internal.KeywordExecutor.executeKeywordForPlatform(KeywordExecutor.groovy:73)
	at com.kms.katalon.core.webui.keyword.WebUiBuiltInKeywords.verifyElementText(WebUiBuiltInKeywords.groovy:4733)
	at com.kms.katalon.core.webui.keyword.WebUiBuiltInKeywords$verifyElementText$27.call(Unknown Source)
	at Script1633427221287.run(Script1633427221287.groovy:22)
	at com.kms.katalon.core.main.ScriptEngine.run(ScriptEngine.java:194)
	at com.kms.katalon.core.main.ScriptEngine.runScriptAsRawText(ScriptEngine.java:119)
	at com.kms.katalon.core.main.TestCaseExecutor.runScript(TestCaseExecutor.java:369)
	at com.kms.katalon.core.main.TestCaseExecutor.doExecute(TestCaseExecutor.java:360)
	at com.kms.katalon.core.main.TestCaseExecutor.processExecutionPhase(TestCaseExecutor.java:339)
	at com.kms.katalon.core.main.TestCaseExecutor.accessMainPhase(TestCaseExecutor.java:331)
	at com.kms.katalon.core.main.TestCaseExecutor.execute(TestCaseExecutor.java:248)
	at com.kms.katalon.core.main.TestCaseMain.runTestCase(TestCaseMain.java:138)
	at com.kms.katalon.core.keyword.builtin.CallTestCaseKeyword$_callTestCase_closure1.doCall(CallTestCaseKeyword.groovy:59)
	at com.kms.katalon.core.keyword.builtin.CallTestCaseKeyword$_callTestCase_closure1.call(CallTestCaseKeyword.groovy)
	at com.kms.katalon.core.keyword.internal.KeywordMain.runKeyword(KeywordMain.groovy:68)
	at com.kms.katalon.core.keyword.builtin.CallTestCaseKeyword.callTestCase(CallTestCaseKeyword.groovy:81)
	at com.kms.katalon.core.keyword.builtin.CallTestCaseKeyword.execute(CallTestCaseKeyword.groovy:44)
	at com.kms.katalon.core.keyword.internal.KeywordExecutor.executeKeywordForPlatform(KeywordExecutor.groovy:73)
	at com.kms.katalon.core.keyword.BuiltinKeywords.callTestCase(BuiltinKeywords.groovy:334)
	at tablo.tablo.tablodaVeriBasariliMiArsiv(tablo.groovy:95)
	at cucumber.runtime.Utils$1.call(Utils.java:26)
	at cucumber.runtime.Timeout.timeout(Timeout.java:16)
	at cucumber.runtime.Utils.invoke(Utils.java:20)
	at cucumber.runtime.java.JavaStepDefinition.execute(JavaStepDefinition.java:49)
	at cucumber.runner.PickleStepDefinitionMatch.runStep(PickleStepDefinitionMatch.java:50)
	at cucumber.runner.TestStep.executeStep(TestStep.java:63)
	at cucumber.runner.TestStep.run(TestStep.java:49)
	at cucumber.runner.PickleStepTestStep.run(PickleStepTestStep.java:43)
	at cucumber.runner.TestCase.run(TestCase.java:44)
	at cucumber.runner.Runner.runPickle(Runner.java:40)
	at cucumber.runtime.Runtime$1.run(Runtime.java:84)
	at cucumber.runtime.Runtime$SameThreadExecutorService.execute(Runtime.java:220)
	at cucumber.runtime.Runtime.run(Runtime.java:81)
	at cucumber.api.cli.Main.run(Main.java:26)
	at cucumber.api.cli.Main$run.call(Unknown Source)
	at com.kms.katalon.core.cucumber.keyword.CucumberBuiltinKeywords$_runFeatureFile_closure1.doCall(CucumberBuiltinKeywords.groovy:106)
	at com.kms.katalon.core.cucumber.keyword.CucumberBuiltinKeywords$_runFeatureFile_closure1.doCall(CucumberBuiltinKeywords.groovy)
	at com.kms.katalon.core.keyword.internal.KeywordMain.runKeyword(KeywordMain.groovy:68)
	at com.kms.katalon.core.keyword.internal.KeywordMain$runKeyword.call(Unknown Source)
	at com.kms.katalon.core.cucumber.keyword.CucumberBuiltinKeywords.runFeatureFile(CucumberBuiltinKeywords.groovy:73)
	at com.kms.katalon.core.cucumber.keyword.CucumberBuiltinKeywords$runFeatureFile$0.callStatic(Unknown Source)
	at com.kms.katalon.core.cucumber.keyword.CucumberBuiltinKeywords.runFeatureFile(CucumberBuiltinKeywords.groovy:246)
	at com.kms.katalon.core.cucumber.keyword.CucumberBuiltinKeywords$runFeatureFile.call(Unknown Source)
	at Script1600698732977.run(Script1600698732977.groovy:17)
	... 13 more
)

2021-11-12 17:09:46 - [TEST_STEP][ERROR] - Method.TextDegerineEsitElementVarMi(findTestObject("Object Repository/Tablo/DurumBilgisiArsiv"), "Başarılı"): Session ID is null. Using WebDriver after calling quit()?
Build info: version: '3.141.59', revision: 'e82be7d358', time: '2018-11-14T08:25:53'
System info: host: 'DESKTOP-QBVMTUG', ip: '192.168.1.18', os.name: 'Windows 10', os.arch: 'amd64', os.version: '10.0', java.version: '1.8.0_282'
Driver info: driver.version: RemoteWebDriver

2021-11-12 17:09:46 - [MESSAGE][INFO] - Finding Test Object 'Object Repository/Tablo/DurumBilgisiArsiv'

2021-11-12 17:09:46 - [MESSAGE][INFO] - Checking timeout

2021-11-12 17:09:46 - [MESSAGE][INFO] - Finding web element with id: 'Object Repository/Tablo/DurumBilgisiArsiv' located by 'By.xpath: //*[@id = 'GridViewEArchiveInvoices_tccell0_9']' in '10' second(s)

2021-11-12 17:09:46 - [MESSAGE][ERROR] - Session ID is null. Using WebDriver after calling quit()?
Build info: version: '3.141.59', revision: 'e82be7d358', time: '2018-11-14T08:25:53'
System info: host: 'DESKTOP-QBVMTUG', ip: '192.168.1.18', os.name: 'Windows 10', os.arch: 'amd64', os.version: '10.0', java.version: '1.8.0_282'
Driver info: driver.version: RemoteWebDriver

2021-11-12 17:09:46 - [MESSAGE][FAILED] - Unable to call Test Case 'Test Cases/Tablo/TablodaVeriBasariliMiArsiv' (Root cause: com.kms.katalon.core.exception.StepErrorException: Call Test Case 'Test Cases/Tablo/TablodaVeriBasariliMiArsiv' failed because of error(s)
	at com.kms.katalon.core.keyword.builtin.CallTestCaseKeyword$_callTestCase_closure1.doCall(CallTestCaseKeyword.groovy:66)
	at com.kms.katalon.core.keyword.builtin.CallTestCaseKeyword$_callTestCase_closure1.call(CallTestCaseKeyword.groovy)
	at com.kms.katalon.core.keyword.internal.KeywordMain.runKeyword(KeywordMain.groovy:68)
	at com.kms.katalon.core.keyword.builtin.CallTestCaseKeyword.callTestCase(CallTestCaseKeyword.groovy:81)
	at com.kms.katalon.core.keyword.builtin.CallTestCaseKeyword.execute(CallTestCaseKeyword.groovy:44)
	at com.kms.katalon.core.keyword.internal.KeywordExecutor.executeKeywordForPlatform(KeywordExecutor.groovy:73)
	at com.kms.katalon.core.keyword.BuiltinKeywords.callTestCase(BuiltinKeywords.groovy:334)
	at tablo.tablo.tablodaVeriBasariliMiArsiv(tablo.groovy:95)
	at cucumber.runtime.Utils$1.call(Utils.java:26)
	at cucumber.runtime.Timeout.timeout(Timeout.java:16)
	at cucumber.runtime.Utils.invoke(Utils.java:20)
	at cucumber.runtime.java.JavaStepDefinition.execute(JavaStepDefinition.java:49)
	at cucumber.runner.PickleStepDefinitionMatch.runStep(PickleStepDefinitionMatch.java:50)
	at cucumber.runner.TestStep.executeStep(TestStep.java:63)
	at cucumber.runner.TestStep.run(TestStep.java:49)
	at cucumber.runner.PickleStepTestStep.run(PickleStepTestStep.java:43)
	at cucumber.runner.TestCase.run(TestCase.java:44)
	at cucumber.runner.Runner.runPickle(Runner.java:40)
	at cucumber.runtime.Runtime$1.run(Runtime.java:84)
	at cucumber.runtime.Runtime$SameThreadExecutorService.execute(Runtime.java:220)
	at cucumber.runtime.Runtime.run(Runtime.java:81)
	at cucumber.api.cli.Main.run(Main.java:26)
	at cucumber.api.cli.Main$run.call(Unknown Source)
	at com.kms.katalon.core.cucumber.keyword.CucumberBuiltinKeywords$_runFeatureFile_closure1.doCall(CucumberBuiltinKeywords.groovy:106)
	at com.kms.katalon.core.cucumber.keyword.CucumberBuiltinKeywords$_runFeatureFile_closure1.doCall(CucumberBuiltinKeywords.groovy)
	at com.kms.katalon.core.keyword.internal.KeywordMain.runKeyword(KeywordMain.groovy:68)
	at com.kms.katalon.core.keyword.internal.KeywordMain$runKeyword.call(Unknown Source)
	at com.kms.katalon.core.cucumber.keyword.CucumberBuiltinKeywords.runFeatureFile(CucumberBuiltinKeywords.groovy:73)
	at com.kms.katalon.core.cucumber.keyword.CucumberBuiltinKeywords$runFeatureFile$0.callStatic(Unknown Source)
	at com.kms.katalon.core.cucumber.keyword.CucumberBuiltinKeywords.runFeatureFile(CucumberBuiltinKeywords.groovy:246)
	at com.kms.katalon.core.cucumber.keyword.CucumberBuiltinKeywords$runFeatureFile.call(Unknown Source)
	at Elektronik-Satis Tipinde.run(Elektronik-Satis Tipinde:17)
	at com.kms.katalon.core.main.ScriptEngine.run(ScriptEngine.java:194)
	at com.kms.katalon.core.main.ScriptEngine.runScriptAsRawText(ScriptEngine.java:119)
	at com.kms.katalon.core.main.TestCaseExecutor.runScript(TestCaseExecutor.java:369)
	at com.kms.katalon.core.main.TestCaseExecutor.doExecute(TestCaseExecutor.java:360)
	at com.kms.katalon.core.main.TestCaseExecutor.processExecutionPhase(TestCaseExecutor.java:339)
	at com.kms.katalon.core.main.TestCaseExecutor.accessMainPhase(TestCaseExecutor.java:331)
	at com.kms.katalon.core.main.TestCaseExecutor.execute(TestCaseExecutor.java:248)
	at com.kms.katalon.core.main.TestSuiteExecutor.accessTestCaseMainPhase(TestSuiteExecutor.java:191)
	at com.kms.katalon.core.main.TestSuiteExecutor.accessTestSuiteMainPhase(TestSuiteExecutor.java:140)
	at com.kms.katalon.core.main.TestSuiteExecutor.execute(TestSuiteExecutor.java:89)
	at com.kms.katalon.core.main.TestCaseMain.startTestSuite(TestCaseMain.java:181)
	at com.kms.katalon.core.main.TestCaseMain$startTestSuite$0.call(Unknown Source)
	at TempTestSuite1636725797192.run(TempTestSuite1636725797192.groovy:39)
Caused by: org.openqa.selenium.NoSuchSessionException: Session ID is null. Using WebDriver after calling quit()?
Build info: version: '3.141.59', revision: 'e82be7d358', time: '2018-11-14T08:25:53'
System info: host: 'DESKTOP-QBVMTUG', ip: '192.168.1.18', os.name: 'Windows 10', os.arch: 'amd64', os.version: '10.0', java.version: '1.8.0_282'
Driver info: driver.version: RemoteWebDriver
	at org.openqa.selenium.remote.HttpCommandExecutor.execute(HttpCommandExecutor.java:125)
	at org.openqa.selenium.remote.service.DriverCommandExecutor.execute(DriverCommandExecutor.java:83)
	at org.openqa.selenium.remote.RemoteWebDriver.execute(RemoteWebDriver.java:552)
	at com.kms.katalon.selenium.driver.CChromeDriver.execute(CChromeDriver.java:19)
	at org.openqa.selenium.remote.RemoteWebDriver.findElements(RemoteWebDriver.java:353)
	at org.openqa.selenium.remote.RemoteWebDriver.findElementsByXPath(RemoteWebDriver.java:432)
	at org.openqa.selenium.By$ByXPath.findElements(By.java:348)
	at org.openqa.selenium.remote.RemoteWebDriver.findElements(RemoteWebDriver.java:311)
	at com.kms.katalon.core.webui.common.WebUiCommonHelper.findElementByNormalMethods(WebUiCommonHelper.java:1014)
	at com.kms.katalon.core.webui.common.WebUiCommonHelper.findElementsBySelectedMethod(WebUiCommonHelper.java:903)
	at com.kms.katalon.core.webui.common.WebUiCommonHelper.findElementsBySelectedMethod(WebUiCommonHelper.java:892)
	at com.kms.katalon.core.webui.common.WebUiCommonHelper.findElementsBySelectedMethod(WebUiCommonHelper.java:887)
	at com.kms.katalon.core.webui.common.WebUiCommonHelper.findElementsByDefault(WebUiCommonHelper.java:883)
	at com.kms.katalon.core.webui.common.WebUiCommonHelper.findWebElements(WebUiCommonHelper.java:720)
	at com.kms.katalon.core.webui.keyword.internal.WebUIAbstractKeyword.findWebElements(WebUIAbstractKeyword.groovy:32)
	at com.kms.katalon.core.webui.keyword.WebUiBuiltInKeywords.findWebElements(WebUiBuiltInKeywords.groovy:2860)
	at com.kms.katalon.core.webui.keyword.WebUiBuiltInKeywords$findWebElements$7.call(Unknown Source)
	at Method.TextDegerineEsitElementVarMi(Method.groovy:270)
	at Method.invokeMethod(Method.groovy)
	at com.kms.katalon.core.main.CustomKeywordDelegatingMetaClass.invokeStaticMethod(CustomKeywordDelegatingMetaClass.java:50)
	at TablodaVeriBasariliMiArsiv.run(TablodaVeriBasariliMiArsiv:37)
	at com.kms.katalon.core.main.ScriptEngine.run(ScriptEngine.java:194)
	at com.kms.katalon.core.main.ScriptEngine.runScriptAsRawText(ScriptEngine.java:119)
	at com.kms.katalon.core.main.TestCaseExecutor.runScript(TestCaseExecutor.java:369)
	at com.kms.katalon.core.main.TestCaseExecutor.doExecute(TestCaseExecutor.java:360)
	at com.kms.katalon.core.main.TestCaseExecutor.processExecutionPhase(TestCaseExecutor.java:339)
	at com.kms.katalon.core.main.TestCaseExecutor.accessMainPhase(TestCaseExecutor.java:331)
	at com.kms.katalon.core.main.TestCaseExecutor.execute(TestCaseExecutor.java:248)
	at com.kms.katalon.core.main.TestCaseMain.runTestCase(TestCaseMain.java:138)
	at com.kms.katalon.core.keyword.builtin.CallTestCaseKeyword$_callTestCase_closure1.doCall(CallTestCaseKeyword.groovy:59)
	... 44 more
)

2021-11-12 17:09:46 - [TEST_CASE][ERROR] - Start Test Case : SCENARIO Gonderim tipi Elektronik ve Satis tipinde e-Arsiv faturasi olusturulmasi: SCENARIO Gonderim tipi Elektronik ve Satis tipinde e-Arsiv faturasi olusturulmasi FAILED.
Reason:
com.kms.katalon.core.exception.StepErrorException: Call Test Case 'Test Cases/Tablo/TablodaVeriBasariliMiArsiv' failed because of error(s)
	at com.kms.katalon.core.keyword.builtin.CallTestCaseKeyword$_callTestCase_closure1.doCall(CallTestCaseKeyword.groovy:66)
	at com.kms.katalon.core.keyword.builtin.CallTestCaseKeyword$_callTestCase_closure1.call(CallTestCaseKeyword.groovy)
	at com.kms.katalon.core.keyword.internal.KeywordMain.runKeyword(KeywordMain.groovy:68)
	at com.kms.katalon.core.keyword.builtin.CallTestCaseKeyword.callTestCase(CallTestCaseKeyword.groovy:81)
	at com.kms.katalon.core.keyword.builtin.CallTestCaseKeyword.execute(CallTestCaseKeyword.groovy:44)
	at com.kms.katalon.core.keyword.internal.KeywordExecutor.executeKeywordForPlatform(KeywordExecutor.groovy:73)
	at com.kms.katalon.core.keyword.BuiltinKeywords.callTestCase(BuiltinKeywords.groovy:334)
	at tablo.tablo.tablodaVeriBasariliMiArsiv(tablo.groovy:95)
	at ✽.Tabloda yeni oluşturulan eArsiv verisi başarılı mı(C:/Users/DELL/Documents/GitHub/EES_KatalonLogo/Include/features/e-Arsiv/e-Arsiv Araclari/e-Arsiv Fatura Olusturma/Ekle/Elektronik ve Satis Tipinde.feature:65)
Caused by: org.openqa.selenium.NoSuchSessionException: Session ID is null. Using WebDriver after calling quit()?
Build info: version: '3.141.59', revision: 'e82be7d358', time: '2018-11-14T08:25:53'
System info: host: 'DESKTOP-QBVMTUG', ip: '192.168.1.18', os.name: 'Windows 10', os.arch: 'amd64', os.version: '10.0', java.version: '1.8.0_282'
Driver info: driver.version: RemoteWebDriver
	at org.openqa.selenium.remote.HttpCommandExecutor.execute(HttpCommandExecutor.java:125)
	at org.openqa.selenium.remote.service.DriverCommandExecutor.execute(DriverCommandExecutor.java:83)
	at org.openqa.selenium.remote.RemoteWebDriver.execute(RemoteWebDriver.java:552)
	at com.kms.katalon.selenium.driver.CChromeDriver.execute(CChromeDriver.java:19)
	at org.openqa.selenium.remote.RemoteWebDriver.findElements(RemoteWebDriver.java:353)
	at org.openqa.selenium.remote.RemoteWebDriver.findElementsByXPath(RemoteWebDriver.java:432)
	at org.openqa.selenium.By$ByXPath.findElements(By.java:348)
	at org.openqa.selenium.remote.RemoteWebDriver.findElements(RemoteWebDriver.java:311)
	at com.kms.katalon.core.webui.common.WebUiCommonHelper.findElementByNormalMethods(WebUiCommonHelper.java:1014)
	at com.kms.katalon.core.webui.common.WebUiCommonHelper.findElementsBySelectedMethod(WebUiCommonHelper.java:903)
	at com.kms.katalon.core.webui.common.WebUiCommonHelper.findElementsBySelectedMethod(WebUiCommonHelper.java:892)
	at com.kms.katalon.core.webui.common.WebUiCommonHelper.findElementsBySelectedMethod(WebUiCommonHelper.java:887)
	at com.kms.katalon.core.webui.common.WebUiCommonHelper.findElementsByDefault(WebUiCommonHelper.java:883)
	at com.kms.katalon.core.webui.common.WebUiCommonHelper.findWebElements(WebUiCommonHelper.java:720)
	at com.kms.katalon.core.webui.keyword.internal.WebUIAbstractKeyword.findWebElements(WebUIAbstractKeyword.groovy:32)
	at com.kms.katalon.core.webui.keyword.WebUiBuiltInKeywords.findWebElements(WebUiBuiltInKeywords.groovy:2860)
	at com.kms.katalon.core.webui.keyword.WebUiBuiltInKeywords$findWebElements$7.call(Unknown Source)
	at Method.TextDegerineEsitElementVarMi(Method.groovy:270)
	at Method.invokeMethod(Method.groovy)
	at com.kms.katalon.core.main.CustomKeywordDelegatingMetaClass.invokeStaticMethod(CustomKeywordDelegatingMetaClass.java:50)
	at TablodaVeriBasariliMiArsiv.run(TablodaVeriBasariliMiArsiv:37)
	at com.kms.katalon.core.main.ScriptEngine.run(ScriptEngine.java:194)
	at com.kms.katalon.core.main.ScriptEngine.runScriptAsRawText(ScriptEngine.java:119)
	at com.kms.katalon.core.main.TestCaseExecutor.runScript(TestCaseExecutor.java:369)
	at com.kms.katalon.core.main.TestCaseExecutor.doExecute(TestCaseExecutor.java:360)
	at com.kms.katalon.core.main.TestCaseExecutor.processExecutionPhase(TestCaseExecutor.java:339)
	at com.kms.katalon.core.main.TestCaseExecutor.accessMainPhase(TestCaseExecutor.java:331)
	at com.kms.katalon.core.main.TestCaseExecutor.execute(TestCaseExecutor.java:248)
	at com.kms.katalon.core.main.TestCaseMain.runTestCase(TestCaseMain.java:138)
	at com.kms.katalon.core.keyword.builtin.CallTestCaseKeyword$_callTestCase_closure1.doCall(CallTestCaseKeyword.groovy:59)
	at com.kms.katalon.core.keyword.builtin.CallTestCaseKeyword$_callTestCase_closure1.call(CallTestCaseKeyword.groovy)
	at com.kms.katalon.core.keyword.internal.KeywordMain.runKeyword(KeywordMain.groovy:68)
	at com.kms.katalon.core.keyword.builtin.CallTestCaseKeyword.callTestCase(CallTestCaseKeyword.groovy:81)
	at com.kms.katalon.core.keyword.builtin.CallTestCaseKeyword.execute(CallTestCaseKeyword.groovy:44)
	at com.kms.katalon.core.keyword.internal.KeywordExecutor.executeKeywordForPlatform(KeywordExecutor.groovy:73)
	at com.kms.katalon.core.keyword.BuiltinKeywords.callTestCase(BuiltinKeywords.groovy:334)
	at tablo.tablo.tablodaVeriBasariliMiArsiv(tablo.groovy:95)
	at cucumber.runtime.Utils$1.call(Utils.java:26)
	at cucumber.runtime.Timeout.timeout(Timeout.java:16)
	at cucumber.runtime.Utils.invoke(Utils.java:20)
	at cucumber.runtime.java.JavaStepDefinition.execute(JavaStepDefinition.java:49)
	at cucumber.runner.PickleStepDefinitionMatch.runStep(PickleStepDefinitionMatch.java:50)
	at cucumber.runner.TestStep.executeStep(TestStep.java:63)
	at cucumber.runner.TestStep.run(TestStep.java:49)
	at cucumber.runner.PickleStepTestStep.run(PickleStepTestStep.java:43)
	at cucumber.runner.TestCase.run(TestCase.java:44)
	at cucumber.runner.Runner.runPickle(Runner.java:40)
	at cucumber.runtime.Runtime$1.run(Runtime.java:84)
	at cucumber.runtime.Runtime$SameThreadExecutorService.execute(Runtime.java:220)
	at cucumber.runtime.Runtime.run(Runtime.java:81)
	at cucumber.api.cli.Main.run(Main.java:26)
	at cucumber.api.cli.Main$run.call(Unknown Source)
	at com.kms.katalon.core.cucumber.keyword.CucumberBuiltinKeywords$_runFeatureFile_closure1.doCall(CucumberBuiltinKeywords.groovy:106)
	at com.kms.katalon.core.cucumber.keyword.CucumberBuiltinKeywords$_runFeatureFile_closure1.doCall(CucumberBuiltinKeywords.groovy)
	at com.kms.katalon.core.keyword.internal.KeywordMain.runKeyword(KeywordMain.groovy:68)
	at com.kms.katalon.core.keyword.internal.KeywordMain$runKeyword.call(Unknown Source)
	at com.kms.katalon.core.cucumber.keyword.CucumberBuiltinKeywords.runFeatureFile(CucumberBuiltinKeywords.groovy:73)
	at com.kms.katalon.core.cucumber.keyword.CucumberBuiltinKeywords$runFeatureFile$0.callStatic(Unknown Source)
	at com.kms.katalon.core.cucumber.keyword.CucumberBuiltinKeywords.runFeatureFile(CucumberBuiltinKeywords.groovy:246)
	at com.kms.katalon.core.cucumber.keyword.CucumberBuiltinKeywords$runFeatureFile.call(Unknown Source)
	at Elektronik-Satis Tipinde.run(Elektronik-Satis Tipinde:17)
	at com.kms.katalon.core.main.ScriptEngine.run(ScriptEngine.java:194)
	at com.kms.katalon.core.main.ScriptEngine.runScriptAsRawText(ScriptEngine.java:119)
	at com.kms.katalon.core.main.TestCaseExecutor.runScript(TestCaseExecutor.java:369)
	at com.kms.katalon.core.main.TestCaseExecutor.doExecute(TestCaseExecutor.java:360)
	at com.kms.katalon.core.main.TestCaseExecutor.processExecutionPhase(TestCaseExecutor.java:339)
	at com.kms.katalon.core.main.TestCaseExecutor.accessMainPhase(TestCaseExecutor.java:331)
	at com.kms.katalon.core.main.TestCaseExecutor.execute(TestCaseExecutor.java:248)
	at com.kms.katalon.core.main.TestSuiteExecutor.accessTestCaseMainPhase(TestSuiteExecutor.java:191)
	at com.kms.katalon.core.main.TestSuiteExecutor.accessTestSuiteMainPhase(TestSuiteExecutor.java:140)
	at com.kms.katalon.core.main.TestSuiteExecutor.execute(TestSuiteExecutor.java:89)
	at com.kms.katalon.core.main.TestCaseMain.startTestSuite(TestCaseMain.java:181)
	at com.kms.katalon.core.main.TestCaseMain$startTestSuite$0.call(Unknown Source)
	at TempTestSuite1636725797192.run(TempTestSuite1636725797192.groovy:39)


2021-11-12 17:09:46 - [TEST_STEP][PASSED] - Kullanıcı adı ELOGO6 ve Şifre 123456 olarak giriş yapılır: Kullanıcı adı ELOGO6 ve Şifre 123456 olarak giriş yapılır

2021-11-12 17:09:46 - [MESSAGE][PASSED] - Kullanıcı adı ELOGO6 ve Şifre 123456 olarak giriş yapılır

2021-11-12 17:09:46 - [TEST_STEP][PASSED] - Ana menüden e-Arşiv seçilir: Ana menüden e-Arşiv seçilir

2021-11-12 17:09:46 - [MESSAGE][PASSED] - Ana menüden e-Arşiv seçilir

2021-11-12 17:09:46 - [TEST_STEP][PASSED] - Alt menü e-Arşiv Araçları başlığı altındaki e-Arşiv Fatura Oluşturma seçilir: Alt menü e-Arşiv Araçları başlığı altındaki e-Arşiv Fatura Oluşturma seçilir

2021-11-12 17:09:46 - [MESSAGE][PASSED] - Alt menü e-Arşiv Araçları başlığı altındaki e-Arşiv Fatura Oluşturma seçilir

2021-11-12 17:09:46 - [TEST_STEP][PASSED] - Tablodaki tüm veriler silinir: Tablodaki tüm veriler silinir

2021-11-12 17:09:46 - [MESSAGE][PASSED] - Tablodaki tüm veriler silinir

2021-11-12 17:09:46 - [TEST_STEP][PASSED] - Butonlardan Ekle isimli butona tıklanır: Butonlardan Ekle isimli butona tıklanır

2021-11-12 17:09:46 - [MESSAGE][PASSED] - Butonlardan Ekle isimli butona tıklanır

2021-11-12 17:09:46 - [TEST_STEP][PASSED] - Görsel tasarım sayfasının e-Arşiv Fatura Bilgileri başlığını içerdiği kontrol edilir: Görsel tasarım sayfasının e-Arşiv Fatura Bilgileri başlığını içerdiği kontrol edilir

2021-11-12 17:09:46 - [MESSAGE][PASSED] - Görsel tasarım sayfasının e-Arşiv Fatura Bilgileri başlığını içerdiği kontrol edilir

2021-11-12 17:09:46 - [TEST_STEP][PASSED] - Alıcı adı alanına UC0045 girilir: Alıcı adı alanına UC0045 girilir

2021-11-12 17:09:46 - [MESSAGE][PASSED] - Alıcı adı alanına UC0045 girilir

2021-11-12 17:09:46 - [TEST_STEP][PASSED] - Gönderim Şekli Elektronik olarak seçilir: Gönderim Şekli Elektronik olarak seçilir

2021-11-12 17:09:46 - [MESSAGE][PASSED] - Gönderim Şekli Elektronik olarak seçilir

2021-11-12 17:09:46 - [TEST_STEP][PASSED] - Tip alanından Satış seçilir: Tip alanından Satış seçilir

2021-11-12 17:09:46 - [MESSAGE][PASSED] - Tip alanından Satış seçilir

2021-11-12 17:09:46 - [TEST_STEP][PASSED] - Ekle butonuna basılır: Ekle butonuna basılır

2021-11-12 17:09:46 - [MESSAGE][PASSED] - Ekle butonuna basılır

2021-11-12 17:09:46 - [TEST_STEP][PASSED] - Ürün ekleme alanında Mal/Hizmet başlığına Otomasyon girilir: Ürün ekleme alanında Mal/Hizmet başlığına Otomasyon girilir

2021-11-12 17:09:46 - [MESSAGE][PASSED] - Ürün ekleme alanında Mal/Hizmet başlığına Otomasyon girilir

2021-11-12 17:09:46 - [TEST_STEP][PASSED] - Ürün ekleme alanında Açıklaması başlığına Virgosol girilir: Ürün ekleme alanında Açıklaması başlığına Virgosol girilir

2021-11-12 17:09:46 - [MESSAGE][PASSED] - Ürün ekleme alanında Açıklaması başlığına Virgosol girilir

2021-11-12 17:09:46 - [TEST_STEP][PASSED] - Ürün ekleme alanında Miktarı başlığına 400 girilir: Ürün ekleme alanında Miktarı başlığına 400 girilir

2021-11-12 17:09:46 - [MESSAGE][PASSED] - Ürün ekleme alanında Miktarı başlığına 400 girilir

2021-11-12 17:09:46 - [TEST_STEP][PASSED] - Ürün ekleme alanında Birim Fiyat başlığına 100 girilir: Ürün ekleme alanında Birim Fiyat başlığına 100 girilir

2021-11-12 17:09:46 - [MESSAGE][PASSED] - Ürün ekleme alanında Birim Fiyat başlığına 100 girilir

2021-11-12 17:09:46 - [TEST_STEP][PASSED] - Notlar alanına Otomasyon Not girilir: Notlar alanına Otomasyon Not girilir

2021-11-12 17:09:46 - [MESSAGE][PASSED] - Notlar alanına Otomasyon Not girilir

2021-11-12 17:09:46 - [TEST_STEP][PASSED] - Kaydet butonu seçilir: Kaydet butonu seçilir

2021-11-12 17:09:46 - [MESSAGE][PASSED] - Kaydet butonu seçilir

2021-11-12 17:09:46 - [TEST_STEP][PASSED] - Tabloda VirgosolOtomasyonTEST ünvanlı veri oluşturuldu mu: Tabloda VirgosolOtomasyonTEST ünvanlı veri oluşturuldu mu

2021-11-12 17:09:46 - [MESSAGE][PASSED] - Tabloda VirgosolOtomasyonTEST ünvanlı veri oluşturuldu mu

2021-11-12 17:09:46 - [TEST_STEP][PASSED] - Tablodan VirgosolOtomasyonTEST isimli veri seçilir: Tablodan VirgosolOtomasyonTEST isimli veri seçilir

2021-11-12 17:09:46 - [MESSAGE][PASSED] - Tablodan VirgosolOtomasyonTEST isimli veri seçilir

2021-11-12 17:09:46 - [TEST_STEP][PASSED] - Butonlardan Değiştir isimli butona tıklanır: Butonlardan Değiştir isimli butona tıklanır

2021-11-12 17:09:46 - [MESSAGE][PASSED] - Butonlardan Değiştir isimli butona tıklanır

2021-11-12 17:09:46 - [TEST_STEP][PASSED] - Görsel tasarım sayfasının e-Arşiv Fatura Bilgileri başlığını içerdiği kontrol edilir: Görsel tasarım sayfasının e-Arşiv Fatura Bilgileri başlığını içerdiği kontrol edilir

2021-11-12 17:09:46 - [MESSAGE][PASSED] - Görsel tasarım sayfasının e-Arşiv Fatura Bilgileri başlığını içerdiği kontrol edilir

2021-11-12 17:09:46 - [TEST_STEP][PASSED] - Notlar alanına Otomasyon Not Degistir girilir: Notlar alanına Otomasyon Not Degistir girilir

2021-11-12 17:09:46 - [MESSAGE][PASSED] - Notlar alanına Otomasyon Not Degistir girilir

2021-11-12 17:09:46 - [TEST_STEP][PASSED] - Ettn bilgisi kayıt edilir: Ettn bilgisi kayıt edilir

2021-11-12 17:09:46 - [MESSAGE][PASSED] - Ettn bilgisi kayıt edilir

2021-11-12 17:09:46 - [TEST_STEP][PASSED] - Kaydet butonu seçilir: Kaydet butonu seçilir

2021-11-12 17:09:46 - [MESSAGE][PASSED] - Kaydet butonu seçilir

2021-11-12 17:09:46 - [TEST_STEP][PASSED] - Tabloda VirgosolOtomasyonTEST ünvanlı veri oluşturuldu mu: Tabloda VirgosolOtomasyonTEST ünvanlı veri oluşturuldu mu

2021-11-12 17:09:46 - [MESSAGE][PASSED] - Tabloda VirgosolOtomasyonTEST ünvanlı veri oluşturuldu mu

2021-11-12 17:09:46 - [TEST_STEP][PASSED] - Tablodan VirgosolOtomasyonTEST isimli veri seçilir: Tablodan VirgosolOtomasyonTEST isimli veri seçilir

2021-11-12 17:09:46 - [MESSAGE][PASSED] - Tablodan VirgosolOtomasyonTEST isimli veri seçilir

2021-11-12 17:09:46 - [TEST_STEP][PASSED] - Butonlardan Numara Oluştur isimli butona tıklanır: Butonlardan Numara Oluştur isimli butona tıklanır

2021-11-12 17:09:46 - [MESSAGE][PASSED] - Butonlardan Numara Oluştur isimli butona tıklanır

2021-11-12 17:09:46 - [TEST_STEP][PASSED] - Popup mesajı Devam etmek istiyor musunuz içeriyor mu: Popup mesajı Devam etmek istiyor musunuz içeriyor mu

2021-11-12 17:09:46 - [MESSAGE][PASSED] - Popup mesajı Devam etmek istiyor musunuz içeriyor mu

2021-11-12 17:09:46 - [TEST_STEP][PASSED] - Yönetim popupında Evet seçilir: Yönetim popupında Evet seçilir

2021-11-12 17:09:46 - [MESSAGE][PASSED] - Yönetim popupında Evet seçilir

2021-11-12 17:09:46 - [TEST_STEP][PASSED] - Popup mesajı oluşmuştur içeriyor mu: Popup mesajı oluşmuştur içeriyor mu

2021-11-12 17:09:46 - [MESSAGE][PASSED] - Popup mesajı oluşmuştur içeriyor mu

2021-11-12 17:09:46 - [TEST_STEP][PASSED] - Yönetim popupında Tamam seçilir: Yönetim popupında Tamam seçilir

2021-11-12 17:09:46 - [MESSAGE][PASSED] - Yönetim popupında Tamam seçilir

2021-11-12 17:09:46 - [TEST_STEP][PASSED] - Tablodan VirgosolOtomasyonTEST isimli veri seçilir: Tablodan VirgosolOtomasyonTEST isimli veri seçilir

2021-11-12 17:09:46 - [MESSAGE][PASSED] - Tablodan VirgosolOtomasyonTEST isimli veri seçilir

2021-11-12 17:09:46 - [TEST_STEP][PASSED] - Butonlardan Göster isimli butona tıklanır: Butonlardan Göster isimli butona tıklanır

2021-11-12 17:09:46 - [MESSAGE][PASSED] - Butonlardan Göster isimli butona tıklanır

2021-11-12 17:09:46 - [TEST_STEP][PASSED] - Yeni açılan sekmeye geçilir: Yeni açılan sekmeye geçilir

2021-11-12 17:09:46 - [MESSAGE][PASSED] - Yeni açılan sekmeye geçilir

2021-11-12 17:09:46 - [TEST_STEP][PASSED] - Yeni sekme başlığında e-Arşiv Fatura var mı kontrol edilir: Yeni sekme başlığında e-Arşiv Fatura var mı kontrol edilir

2021-11-12 17:09:46 - [MESSAGE][PASSED] - Yeni sekme başlığında e-Arşiv Fatura var mı kontrol edilir

2021-11-12 17:09:46 - [TEST_STEP][PASSED] - Ana sekmeye geçilir: Ana sekmeye geçilir

2021-11-12 17:09:46 - [MESSAGE][PASSED] - Ana sekmeye geçilir

2021-11-12 17:09:46 - [TEST_STEP][PASSED] - Butonlardan UBL isimli butona tıklanır: Butonlardan UBL isimli butona tıklanır

2021-11-12 17:09:46 - [MESSAGE][PASSED] - Butonlardan UBL isimli butona tıklanır

2021-11-12 17:09:46 - [TEST_STEP][PASSED] - Yeni açılan sekmeye geçilir: Yeni açılan sekmeye geçilir

2021-11-12 17:09:46 - [MESSAGE][PASSED] - Yeni açılan sekmeye geçilir

2021-11-12 17:09:46 - [TEST_STEP][PASSED] - invoice tagli ubl geldi mi: invoice tagli ubl geldi mi

2021-11-12 17:09:46 - [MESSAGE][PASSED] - invoice tagli ubl geldi mi

2021-11-12 17:09:46 - [TEST_STEP][PASSED] - Ana sekmeye geçilir: Ana sekmeye geçilir

2021-11-12 17:09:46 - [MESSAGE][PASSED] - Ana sekmeye geçilir

2021-11-12 17:09:46 - [TEST_STEP][PASSED] - Butonlardan Excel isimli butona tıklanır: Butonlardan Excel isimli butona tıklanır

2021-11-12 17:09:46 - [MESSAGE][PASSED] - Butonlardan Excel isimli butona tıklanır

2021-11-12 17:09:46 - [TEST_STEP][PASSED] - Alt butonlardan Excel'e Aktar butonuna tıklanır: Alt butonlardan Excel'e Aktar butonuna tıklanır

2021-11-12 17:09:46 - [MESSAGE][PASSED] - Alt butonlardan Excel'e Aktar butonuna tıklanır

2021-11-12 17:09:46 - [TEST_STEP][PASSED] - Ön eki UserInvoice olan dosya indirildi mi: Ön eki UserInvoice olan dosya indirildi mi

2021-11-12 17:09:46 - [MESSAGE][PASSED] - Ön eki UserInvoice olan dosya indirildi mi

2021-11-12 17:09:46 - [TEST_STEP][PASSED] - Butonlardan Excel isimli butona tıklanır: Butonlardan Excel isimli butona tıklanır

2021-11-12 17:09:46 - [MESSAGE][PASSED] - Butonlardan Excel isimli butona tıklanır

2021-11-12 17:09:46 - [TEST_STEP][PASSED] - Alt butonlardan Tümünü Excel'e Aktar butonuna tıklanır: Alt butonlardan Tümünü Excel'e Aktar butonuna tıklanır

2021-11-12 17:09:46 - [MESSAGE][PASSED] - Alt butonlardan Tümünü Excel'e Aktar butonuna tıklanır

2021-11-12 17:09:46 - [TEST_STEP][PASSED] - Ön eki UserInvoice olan dosya indirildi mi: Ön eki UserInvoice olan dosya indirildi mi

2021-11-12 17:09:46 - [MESSAGE][PASSED] - Ön eki UserInvoice olan dosya indirildi mi

2021-11-12 17:09:46 - [TEST_STEP][PASSED] - Butonlardan Gönder isimli butona tıklanır: Butonlardan Gönder isimli butona tıklanır

2021-11-12 17:09:46 - [MESSAGE][PASSED] - Butonlardan Gönder isimli butona tıklanır

2021-11-12 17:09:46 - [TEST_STEP][PASSED] - Popup mesajı Devam etmek istiyor musunuz içeriyor mu: Popup mesajı Devam etmek istiyor musunuz içeriyor mu

2021-11-12 17:09:46 - [MESSAGE][PASSED] - Popup mesajı Devam etmek istiyor musunuz içeriyor mu

2021-11-12 17:09:46 - [TEST_STEP][PASSED] - Yönetim popupında Evet seçilir: Yönetim popupında Evet seçilir

2021-11-12 17:09:46 - [MESSAGE][PASSED] - Yönetim popupında Evet seçilir

2021-11-12 17:09:46 - [TEST_STEP][PASSED] - Ana menüden e-Arşiv seçilir: Ana menüden e-Arşiv seçilir

2021-11-12 17:09:46 - [MESSAGE][PASSED] - Ana menüden e-Arşiv seçilir

2021-11-12 17:09:46 - [TEST_STEP][PASSED] - Alt menü e-Arşiv Hareketleri başlığı altındaki e-Arşiv Faturaları seçilir: Alt menü e-Arşiv Hareketleri başlığı altındaki e-Arşiv Faturaları seçilir

2021-11-12 17:09:46 - [MESSAGE][PASSED] - Alt menü e-Arşiv Hareketleri başlığı altındaki e-Arşiv Faturaları seçilir

2021-11-12 17:09:46 - [TEST_STEP][PASSED] - Filtrelerden Ettn filtresine Ettn bilgisi yaz: Filtrelerden Ettn filtresine Ettn bilgisi yaz

2021-11-12 17:09:46 - [MESSAGE][PASSED] - Filtrelerden Ettn filtresine Ettn bilgisi yaz

2021-11-12 17:09:46 - [TEST_STEP][PASSED] - Filtre butonlarından Listele seçilir: Filtre butonlarından Listele seçilir

2021-11-12 17:09:46 - [MESSAGE][PASSED] - Filtre butonlarından Listele seçilir

2021-11-12 17:09:46 - [TEST_STEP][PASSED] - Tabloda veri var mı kontrol edilir: Tabloda veri var mı kontrol edilir

2021-11-12 17:09:46 - [MESSAGE][PASSED] - Tabloda veri var mı kontrol edilir

2021-11-12 17:09:46 - [TEST_STEP][ERROR] - Tabloda yeni oluşturulan eArsiv verisi başarılı mı: Tabloda yeni oluşturulan eArsiv verisi başarılı mı FAILED.
Reason:
com.kms.katalon.core.exception.StepErrorException: Call Test Case 'Test Cases/Tablo/TablodaVeriBasariliMiArsiv' failed because of error(s)
	at com.kms.katalon.core.keyword.builtin.CallTestCaseKeyword$_callTestCase_closure1.doCall(CallTestCaseKeyword.groovy:66)
	at com.kms.katalon.core.keyword.builtin.CallTestCaseKeyword$_callTestCase_closure1.call(CallTestCaseKeyword.groovy)
	at com.kms.katalon.core.keyword.internal.KeywordMain.runKeyword(KeywordMain.groovy:68)
	at com.kms.katalon.core.keyword.builtin.CallTestCaseKeyword.callTestCase(CallTestCaseKeyword.groovy:81)
	at com.kms.katalon.core.keyword.builtin.CallTestCaseKeyword.execute(CallTestCaseKeyword.groovy:44)
	at com.kms.katalon.core.keyword.internal.KeywordExecutor.executeKeywordForPlatform(KeywordExecutor.groovy:73)
	at com.kms.katalon.core.keyword.BuiltinKeywords.callTestCase(BuiltinKeywords.groovy:334)
	at tablo.tablo.tablodaVeriBasariliMiArsiv(tablo.groovy:95)
	at ✽.Tabloda yeni oluşturulan eArsiv verisi başarılı mı(C:/Users/DELL/Documents/GitHub/EES_KatalonLogo/Include/features/e-Arsiv/e-Arsiv Araclari/e-Arsiv Fatura Olusturma/Ekle/Elektronik ve Satis Tipinde.feature:65)
Caused by: org.openqa.selenium.NoSuchSessionException: Session ID is null. Using WebDriver after calling quit()?
Build info: version: '3.141.59', revision: 'e82be7d358', time: '2018-11-14T08:25:53'
System info: host: 'DESKTOP-QBVMTUG', ip: '192.168.1.18', os.name: 'Windows 10', os.arch: 'amd64', os.version: '10.0', java.version: '1.8.0_282'
Driver info: driver.version: RemoteWebDriver
	at org.openqa.selenium.remote.HttpCommandExecutor.execute(HttpCommandExecutor.java:125)
	at org.openqa.selenium.remote.service.DriverCommandExecutor.execute(DriverCommandExecutor.java:83)
	at org.openqa.selenium.remote.RemoteWebDriver.execute(RemoteWebDriver.java:552)
	at com.kms.katalon.selenium.driver.CChromeDriver.execute(CChromeDriver.java:19)
	at org.openqa.selenium.remote.RemoteWebDriver.findElements(RemoteWebDriver.java:353)
	at org.openqa.selenium.remote.RemoteWebDriver.findElementsByXPath(RemoteWebDriver.java:432)
	at org.openqa.selenium.By$ByXPath.findElements(By.java:348)
	at org.openqa.selenium.remote.RemoteWebDriver.findElements(RemoteWebDriver.java:311)
	at com.kms.katalon.core.webui.common.WebUiCommonHelper.findElementByNormalMethods(WebUiCommonHelper.java:1014)
	at com.kms.katalon.core.webui.common.WebUiCommonHelper.findElementsBySelectedMethod(WebUiCommonHelper.java:903)
	at com.kms.katalon.core.webui.common.WebUiCommonHelper.findElementsBySelectedMethod(WebUiCommonHelper.java:892)
	at com.kms.katalon.core.webui.common.WebUiCommonHelper.findElementsBySelectedMethod(WebUiCommonHelper.java:887)
	at com.kms.katalon.core.webui.common.WebUiCommonHelper.findElementsByDefault(WebUiCommonHelper.java:883)
	at com.kms.katalon.core.webui.common.WebUiCommonHelper.findWebElements(WebUiCommonHelper.java:720)
	at com.kms.katalon.core.webui.keyword.internal.WebUIAbstractKeyword.findWebElements(WebUIAbstractKeyword.groovy:32)
	at com.kms.katalon.core.webui.keyword.WebUiBuiltInKeywords.findWebElements(WebUiBuiltInKeywords.groovy:2860)
	at com.kms.katalon.core.webui.keyword.WebUiBuiltInKeywords$findWebElements$7.call(Unknown Source)
	at Method.TextDegerineEsitElementVarMi(Method.groovy:270)
	at Method.invokeMethod(Method.groovy)
	at com.kms.katalon.core.main.CustomKeywordDelegatingMetaClass.invokeStaticMethod(CustomKeywordDelegatingMetaClass.java:50)
	at TablodaVeriBasariliMiArsiv.run(TablodaVeriBasariliMiArsiv:37)
	at com.kms.katalon.core.main.ScriptEngine.run(ScriptEngine.java:194)
	at com.kms.katalon.core.main.ScriptEngine.runScriptAsRawText(ScriptEngine.java:119)
	at com.kms.katalon.core.main.TestCaseExecutor.runScript(TestCaseExecutor.java:369)
	at com.kms.katalon.core.main.TestCaseExecutor.doExecute(TestCaseExecutor.java:360)
	at com.kms.katalon.core.main.TestCaseExecutor.processExecutionPhase(TestCaseExecutor.java:339)
	at com.kms.katalon.core.main.TestCaseExecutor.accessMainPhase(TestCaseExecutor.java:331)
	at com.kms.katalon.core.main.TestCaseExecutor.execute(TestCaseExecutor.java:248)
	at com.kms.katalon.core.main.TestCaseMain.runTestCase(TestCaseMain.java:138)
	at com.kms.katalon.core.keyword.builtin.CallTestCaseKeyword$_callTestCase_closure1.doCall(CallTestCaseKeyword.groovy:59)
	at com.kms.katalon.core.keyword.builtin.CallTestCaseKeyword$_callTestCase_closure1.call(CallTestCaseKeyword.groovy)
	at com.kms.katalon.core.keyword.internal.KeywordMain.runKeyword(KeywordMain.groovy:68)
	at com.kms.katalon.core.keyword.builtin.CallTestCaseKeyword.callTestCase(CallTestCaseKeyword.groovy:81)
	at com.kms.katalon.core.keyword.builtin.CallTestCaseKeyword.execute(CallTestCaseKeyword.groovy:44)
	at com.kms.katalon.core.keyword.internal.KeywordExecutor.executeKeywordForPlatform(KeywordExecutor.groovy:73)
	at com.kms.katalon.core.keyword.BuiltinKeywords.callTestCase(BuiltinKeywords.groovy:334)
	at tablo.tablo.tablodaVeriBasariliMiArsiv(tablo.groovy:95)
	at cucumber.runtime.Utils$1.call(Utils.java:26)
	at cucumber.runtime.Timeout.timeout(Timeout.java:16)
	at cucumber.runtime.Utils.invoke(Utils.java:20)
	at cucumber.runtime.java.JavaStepDefinition.execute(JavaStepDefinition.java:49)
	at cucumber.runner.PickleStepDefinitionMatch.runStep(PickleStepDefinitionMatch.java:50)
	at cucumber.runner.TestStep.executeStep(TestStep.java:63)
	at cucumber.runner.TestStep.run(TestStep.java:49)
	at cucumber.runner.PickleStepTestStep.run(PickleStepTestStep.java:43)
	at cucumber.runner.TestCase.run(TestCase.java:44)
	at cucumber.runner.Runner.runPickle(Runner.java:40)
	at cucumber.runtime.Runtime$1.run(Runtime.java:84)
	at cucumber.runtime.Runtime$SameThreadExecutorService.execute(Runtime.java:220)
	at cucumber.runtime.Runtime.run(Runtime.java:81)
	at cucumber.api.cli.Main.run(Main.java:26)
	at cucumber.api.cli.Main$run.call(Unknown Source)
	at com.kms.katalon.core.cucumber.keyword.CucumberBuiltinKeywords$_runFeatureFile_closure1.doCall(CucumberBuiltinKeywords.groovy:106)
	at com.kms.katalon.core.cucumber.keyword.CucumberBuiltinKeywords$_runFeatureFile_closure1.doCall(CucumberBuiltinKeywords.groovy)
	at com.kms.katalon.core.keyword.internal.KeywordMain.runKeyword(KeywordMain.groovy:68)
	at com.kms.katalon.core.keyword.internal.KeywordMain$runKeyword.call(Unknown Source)
	at com.kms.katalon.core.cucumber.keyword.CucumberBuiltinKeywords.runFeatureFile(CucumberBuiltinKeywords.groovy:73)
	at com.kms.katalon.core.cucumber.keyword.CucumberBuiltinKeywords$runFeatureFile$0.callStatic(Unknown Source)
	at com.kms.katalon.core.cucumber.keyword.CucumberBuiltinKeywords.runFeatureFile(CucumberBuiltinKeywords.groovy:246)
	at com.kms.katalon.core.cucumber.keyword.CucumberBuiltinKeywords$runFeatureFile.call(Unknown Source)
	at Elektronik-Satis Tipinde.run(Elektronik-Satis Tipinde:17)
	at com.kms.katalon.core.main.ScriptEngine.run(ScriptEngine.java:194)
	at com.kms.katalon.core.main.ScriptEngine.runScriptAsRawText(ScriptEngine.java:119)
	at com.kms.katalon.core.main.TestCaseExecutor.runScript(TestCaseExecutor.java:369)
	at com.kms.katalon.core.main.TestCaseExecutor.doExecute(TestCaseExecutor.java:360)
	at com.kms.katalon.core.main.TestCaseExecutor.processExecutionPhase(TestCaseExecutor.java:339)
	at com.kms.katalon.core.main.TestCaseExecutor.accessMainPhase(TestCaseExecutor.java:331)
	at com.kms.katalon.core.main.TestCaseExecutor.execute(TestCaseExecutor.java:248)
	at com.kms.katalon.core.main.TestSuiteExecutor.accessTestCaseMainPhase(TestSuiteExecutor.java:191)
	at com.kms.katalon.core.main.TestSuiteExecutor.accessTestSuiteMainPhase(TestSuiteExecutor.java:140)
	at com.kms.katalon.core.main.TestSuiteExecutor.execute(TestSuiteExecutor.java:89)
	at com.kms.katalon.core.main.TestCaseMain.startTestSuite(TestCaseMain.java:181)
	at com.kms.katalon.core.main.TestCaseMain$startTestSuite$0.call(Unknown Source)
	at TempTestSuite1636725797192.run(TempTestSuite1636725797192.groovy:39)


2021-11-12 17:09:46 - [MESSAGE][ERROR] - Tabloda yeni oluşturulan eArsiv verisi başarılı mı FAILED.
Reason:
com.kms.katalon.core.exception.StepErrorException: Call Test Case 'Test Cases/Tablo/TablodaVeriBasariliMiArsiv' failed because of error(s)
	at com.kms.katalon.core.keyword.builtin.CallTestCaseKeyword$_callTestCase_closure1.doCall(CallTestCaseKeyword.groovy:66)
	at com.kms.katalon.core.keyword.builtin.CallTestCaseKeyword$_callTestCase_closure1.call(CallTestCaseKeyword.groovy)
	at com.kms.katalon.core.keyword.internal.KeywordMain.runKeyword(KeywordMain.groovy:68)
	at com.kms.katalon.core.keyword.builtin.CallTestCaseKeyword.callTestCase(CallTestCaseKeyword.groovy:81)
	at com.kms.katalon.core.keyword.builtin.CallTestCaseKeyword.execute(CallTestCaseKeyword.groovy:44)
	at com.kms.katalon.core.keyword.internal.KeywordExecutor.executeKeywordForPlatform(KeywordExecutor.groovy:73)
	at com.kms.katalon.core.keyword.BuiltinKeywords.callTestCase(BuiltinKeywords.groovy:334)
	at tablo.tablo.tablodaVeriBasariliMiArsiv(tablo.groovy:95)
	at ✽.Tabloda yeni oluşturulan eArsiv verisi başarılı mı(C:/Users/DELL/Documents/GitHub/EES_KatalonLogo/Include/features/e-Arsiv/e-Arsiv Araclari/e-Arsiv Fatura Olusturma/Ekle/Elektronik ve Satis Tipinde.feature:65)
Caused by: org.openqa.selenium.NoSuchSessionException: Session ID is null. Using WebDriver after calling quit()?
Build info: version: '3.141.59', revision: 'e82be7d358', time: '2018-11-14T08:25:53'
System info: host: 'DESKTOP-QBVMTUG', ip: '192.168.1.18', os.name: 'Windows 10', os.arch: 'amd64', os.version: '10.0', java.version: '1.8.0_282'
Driver info: driver.version: RemoteWebDriver
	at org.openqa.selenium.remote.HttpCommandExecutor.execute(HttpCommandExecutor.java:125)
	at org.openqa.selenium.remote.service.DriverCommandExecutor.execute(DriverCommandExecutor.java:83)
	at org.openqa.selenium.remote.RemoteWebDriver.execute(RemoteWebDriver.java:552)
	at com.kms.katalon.selenium.driver.CChromeDriver.execute(CChromeDriver.java:19)
	at org.openqa.selenium.remote.RemoteWebDriver.findElements(RemoteWebDriver.java:353)
	at org.openqa.selenium.remote.RemoteWebDriver.findElementsByXPath(RemoteWebDriver.java:432)
	at org.openqa.selenium.By$ByXPath.findElements(By.java:348)
	at org.openqa.selenium.remote.RemoteWebDriver.findElements(RemoteWebDriver.java:311)
	at com.kms.katalon.core.webui.common.WebUiCommonHelper.findElementByNormalMethods(WebUiCommonHelper.java:1014)
	at com.kms.katalon.core.webui.common.WebUiCommonHelper.findElementsBySelectedMethod(WebUiCommonHelper.java:903)
	at com.kms.katalon.core.webui.common.WebUiCommonHelper.findElementsBySelectedMethod(WebUiCommonHelper.java:892)
	at com.kms.katalon.core.webui.common.WebUiCommonHelper.findElementsBySelectedMethod(WebUiCommonHelper.java:887)
	at com.kms.katalon.core.webui.common.WebUiCommonHelper.findElementsByDefault(WebUiCommonHelper.java:883)
	at com.kms.katalon.core.webui.common.WebUiCommonHelper.findWebElements(WebUiCommonHelper.java:720)
	at com.kms.katalon.core.webui.keyword.internal.WebUIAbstractKeyword.findWebElements(WebUIAbstractKeyword.groovy:32)
	at com.kms.katalon.core.webui.keyword.WebUiBuiltInKeywords.findWebElements(WebUiBuiltInKeywords.groovy:2860)
	at com.kms.katalon.core.webui.keyword.WebUiBuiltInKeywords$findWebElements$7.call(Unknown Source)
	at Method.TextDegerineEsitElementVarMi(Method.groovy:270)
	at Method.invokeMethod(Method.groovy)
	at com.kms.katalon.core.main.CustomKeywordDelegatingMetaClass.invokeStaticMethod(CustomKeywordDelegatingMetaClass.java:50)
	at TablodaVeriBasariliMiArsiv.run(TablodaVeriBasariliMiArsiv:37)
	at com.kms.katalon.core.main.ScriptEngine.run(ScriptEngine.java:194)
	at com.kms.katalon.core.main.ScriptEngine.runScriptAsRawText(ScriptEngine.java:119)
	at com.kms.katalon.core.main.TestCaseExecutor.runScript(TestCaseExecutor.java:369)
	at com.kms.katalon.core.main.TestCaseExecutor.doExecute(TestCaseExecutor.java:360)
	at com.kms.katalon.core.main.TestCaseExecutor.processExecutionPhase(TestCaseExecutor.java:339)
	at com.kms.katalon.core.main.TestCaseExecutor.accessMainPhase(TestCaseExecutor.java:331)
	at com.kms.katalon.core.main.TestCaseExecutor.execute(TestCaseExecutor.java:248)
	at com.kms.katalon.core.main.TestCaseMain.runTestCase(TestCaseMain.java:138)
	at com.kms.katalon.core.keyword.builtin.CallTestCaseKeyword$_callTestCase_closure1.doCall(CallTestCaseKeyword.groovy:59)
	at com.kms.katalon.core.keyword.builtin.CallTestCaseKeyword$_callTestCase_closure1.call(CallTestCaseKeyword.groovy)
	at com.kms.katalon.core.keyword.internal.KeywordMain.runKeyword(KeywordMain.groovy:68)
	at com.kms.katalon.core.keyword.builtin.CallTestCaseKeyword.callTestCase(CallTestCaseKeyword.groovy:81)
	at com.kms.katalon.core.keyword.builtin.CallTestCaseKeyword.execute(CallTestCaseKeyword.groovy:44)
	at com.kms.katalon.core.keyword.internal.KeywordExecutor.executeKeywordForPlatform(KeywordExecutor.groovy:73)
	at com.kms.katalon.core.keyword.BuiltinKeywords.callTestCase(BuiltinKeywords.groovy:334)
	at tablo.tablo.tablodaVeriBasariliMiArsiv(tablo.groovy:95)
	at cucumber.runtime.Utils$1.call(Utils.java:26)
	at cucumber.runtime.Timeout.timeout(Timeout.java:16)
	at cucumber.runtime.Utils.invoke(Utils.java:20)
	at cucumber.runtime.java.JavaStepDefinition.execute(JavaStepDefinition.java:49)
	at cucumber.runner.PickleStepDefinitionMatch.runStep(PickleStepDefinitionMatch.java:50)
	at cucumber.runner.TestStep.executeStep(TestStep.java:63)
	at cucumber.runner.TestStep.run(TestStep.java:49)
	at cucumber.runner.PickleStepTestStep.run(PickleStepTestStep.java:43)
	at cucumber.runner.TestCase.run(TestCase.java:44)
	at cucumber.runner.Runner.runPickle(Runner.java:40)
	at cucumber.runtime.Runtime$1.run(Runtime.java:84)
	at cucumber.runtime.Runtime$SameThreadExecutorService.execute(Runtime.java:220)
	at cucumber.runtime.Runtime.run(Runtime.java:81)
	at cucumber.api.cli.Main.run(Main.java:26)
	at cucumber.api.cli.Main$run.call(Unknown Source)
	at com.kms.katalon.core.cucumber.keyword.CucumberBuiltinKeywords$_runFeatureFile_closure1.doCall(CucumberBuiltinKeywords.groovy:106)
	at com.kms.katalon.core.cucumber.keyword.CucumberBuiltinKeywords$_runFeatureFile_closure1.doCall(CucumberBuiltinKeywords.groovy)
	at com.kms.katalon.core.keyword.internal.KeywordMain.runKeyword(KeywordMain.groovy:68)
	at com.kms.katalon.core.keyword.internal.KeywordMain$runKeyword.call(Unknown Source)
	at com.kms.katalon.core.cucumber.keyword.CucumberBuiltinKeywords.runFeatureFile(CucumberBuiltinKeywords.groovy:73)
	at com.kms.katalon.core.cucumber.keyword.CucumberBuiltinKeywords$runFeatureFile$0.callStatic(Unknown Source)
	at com.kms.katalon.core.cucumber.keyword.CucumberBuiltinKeywords.runFeatureFile(CucumberBuiltinKeywords.groovy:246)
	at com.kms.katalon.core.cucumber.keyword.CucumberBuiltinKeywords$runFeatureFile.call(Unknown Source)
	at Elektronik-Satis Tipinde.run(Elektronik-Satis Tipinde:17)
	at com.kms.katalon.core.main.ScriptEngine.run(ScriptEngine.java:194)
	at com.kms.katalon.core.main.ScriptEngine.runScriptAsRawText(ScriptEngine.java:119)
	at com.kms.katalon.core.main.TestCaseExecutor.runScript(TestCaseExecutor.java:369)
	at com.kms.katalon.core.main.TestCaseExecutor.doExecute(TestCaseExecutor.java:360)
	at com.kms.katalon.core.main.TestCaseExecutor.processExecutionPhase(TestCaseExecutor.java:339)
	at com.kms.katalon.core.main.TestCaseExecutor.accessMainPhase(TestCaseExecutor.java:331)
	at com.kms.katalon.core.main.TestCaseExecutor.execute(TestCaseExecutor.java:248)
	at com.kms.katalon.core.main.TestSuiteExecutor.accessTestCaseMainPhase(TestSuiteExecutor.java:191)
	at com.kms.katalon.core.main.TestSuiteExecutor.accessTestSuiteMainPhase(TestSuiteExecutor.java:140)
	at com.kms.katalon.core.main.TestSuiteExecutor.execute(TestSuiteExecutor.java:89)
	at com.kms.katalon.core.main.TestCaseMain.startTestSuite(TestCaseMain.java:181)
	at com.kms.katalon.core.main.TestCaseMain$startTestSuite$0.call(Unknown Source)
	at TempTestSuite1636725797192.run(TempTestSuite1636725797192.groovy:39)


2021-11-12 17:09:46 - [TEST_STEP][NOT_RUN] - Kullanıcı işlemlerinden Çıkış seçilir: Kullanıcı işlemlerinden Çıkış seçilir

2021-11-12 17:09:46 - [MESSAGE][NOT_RUN] - Kullanıcı işlemlerinden Çıkış seçilir

2021-11-12 17:09:46 - [MESSAGE][FAILED] - Feature file 'Include/features/e-Arsiv/e-Arsiv Araclari/e-Arsiv Fatura Olusturma/Ekle/Elektronik ve Satis Tipinde.feature' was failed

2021-11-12 17:09:46 - [MESSAGE][FAILED] - Keyword runFeatureFile was failed (Root cause: com.kms.katalon.core.exception.StepFailedException: Feature file 'Include/features/e-Arsiv/e-Arsiv Araclari/e-Arsiv Fatura Olusturma/Ekle/Elektronik ve Satis Tipinde.feature' was failed
	at com.kms.katalon.core.keyword.internal.KeywordMain.stepFailed(KeywordMain.groovy:50)
	at com.kms.katalon.core.keyword.internal.KeywordMain.stepFailed(KeywordMain.groovy)
	at com.kms.katalon.core.keyword.internal.KeywordMain.stepFailed(KeywordMain.groovy:23)
	at com.kms.katalon.core.keyword.internal.KeywordMain$stepFailed$0.call(Unknown Source)
	at com.kms.katalon.core.cucumber.keyword.CucumberBuiltinKeywords$_runFeatureFile_closure1.doCall(CucumberBuiltinKeywords.groovy:112)
	at com.kms.katalon.core.cucumber.keyword.CucumberBuiltinKeywords$_runFeatureFile_closure1.doCall(CucumberBuiltinKeywords.groovy)
	at com.kms.katalon.core.keyword.internal.KeywordMain.runKeyword(KeywordMain.groovy:68)
	at com.kms.katalon.core.keyword.internal.KeywordMain$runKeyword.call(Unknown Source)
	at com.kms.katalon.core.cucumber.keyword.CucumberBuiltinKeywords.runFeatureFile(CucumberBuiltinKeywords.groovy:73)
	at com.kms.katalon.core.cucumber.keyword.CucumberBuiltinKeywords$runFeatureFile$0.callStatic(Unknown Source)
	at com.kms.katalon.core.cucumber.keyword.CucumberBuiltinKeywords.runFeatureFile(CucumberBuiltinKeywords.groovy:246)
	at com.kms.katalon.core.cucumber.keyword.CucumberBuiltinKeywords$runFeatureFile.call(Unknown Source)
	at Elektronik-Satis Tipinde.run(Elektronik-Satis Tipinde:17)
	at com.kms.katalon.core.main.ScriptEngine.run(ScriptEngine.java:194)
	at com.kms.katalon.core.main.ScriptEngine.runScriptAsRawText(ScriptEngine.java:119)
	at com.kms.katalon.core.main.TestCaseExecutor.runScript(TestCaseExecutor.java:369)
	at com.kms.katalon.core.main.TestCaseExecutor.doExecute(TestCaseExecutor.java:360)
	at com.kms.katalon.core.main.TestCaseExecutor.processExecutionPhase(TestCaseExecutor.java:339)
	at com.kms.katalon.core.main.TestCaseExecutor.accessMainPhase(TestCaseExecutor.java:331)
	at com.kms.katalon.core.main.TestCaseExecutor.execute(TestCaseExecutor.java:248)
	at com.kms.katalon.core.main.TestSuiteExecutor.accessTestCaseMainPhase(TestSuiteExecutor.java:191)
	at com.kms.katalon.core.main.TestSuiteExecutor.accessTestSuiteMainPhase(TestSuiteExecutor.java:140)
	at com.kms.katalon.core.main.TestSuiteExecutor.execute(TestSuiteExecutor.java:89)
	at com.kms.katalon.core.main.TestCaseMain.startTestSuite(TestCaseMain.java:181)
	at com.kms.katalon.core.main.TestCaseMain$startTestSuite$0.call(Unknown Source)
	at TempTestSuite1636725797192.run(TempTestSuite1636725797192.groovy:39)
)

2021-11-12 17:09:46 - [TEST_STEP][PASSED] - Start listener action : sampleAfterTestSuite: Invoke 'com.kms.katalon.core.annotation.AfterTestCase' method: 'Listener.sampleAfterTestSuite(...)' completed.

2021-11-12 17:09:46 - [MESSAGE][INFO] - Starting invoke 'com.kms.katalon.core.annotation.AfterTestCase' method: 'Listener.sampleAfterTestSuite(...)'

2021-11-12 17:09:46 - [TEST_STEP][PASSED] - closeBrowser(): Invoke 'com.kms.katalon.core.annotation.AfterTestCase' method: 'Listener.sampleAfterTestSuite(...)' completed.

2021-11-12 17:09:46 - [MESSAGE][INFO] - Closing browser

2021-11-12 17:09:46 - [MESSAGE][PASSED] - Browser is closed

2021-11-12 17:09:46 - [MESSAGE][INFO] - Invoke 'com.kms.katalon.core.annotation.AfterTestCase' method: 'Listener.sampleAfterTestSuite(...)' completed.]]></system-out>
         <system-err><![CDATA[2021-11-12 17:05:57 - [TEST_CASE][FAILED] - Test Cases/Case Repository/e-Arsiv/e-Arsiv Araclari/e-Arsiv Fatura Olusturma/Ekle/Elektronik-Satis Tipinde: Test Cases/Case Repository/e-Arsiv/e-Arsiv Araclari/e-Arsiv Fatura Olusturma/Ekle/Elektronik-Satis Tipinde FAILED.
Reason:
com.kms.katalon.core.exception.StepFailedException: Feature file 'Include/features/e-Arsiv/e-Arsiv Araclari/e-Arsiv Fatura Olusturma/Ekle/Elektronik ve Satis Tipinde.feature' was failed
	at com.kms.katalon.core.keyword.internal.KeywordMain.stepFailed(KeywordMain.groovy:50)
	at com.kms.katalon.core.keyword.internal.KeywordMain.stepFailed(KeywordMain.groovy)
	at com.kms.katalon.core.keyword.internal.KeywordMain.stepFailed(KeywordMain.groovy:23)
	at com.kms.katalon.core.keyword.internal.KeywordMain$stepFailed$0.call(Unknown Source)
	at com.kms.katalon.core.cucumber.keyword.CucumberBuiltinKeywords$_runFeatureFile_closure1.doCall(CucumberBuiltinKeywords.groovy:112)
	at com.kms.katalon.core.cucumber.keyword.CucumberBuiltinKeywords$_runFeatureFile_closure1.doCall(CucumberBuiltinKeywords.groovy)
	at com.kms.katalon.core.keyword.internal.KeywordMain.runKeyword(KeywordMain.groovy:68)
	at com.kms.katalon.core.keyword.internal.KeywordMain$runKeyword.call(Unknown Source)
	at com.kms.katalon.core.cucumber.keyword.CucumberBuiltinKeywords.runFeatureFile(CucumberBuiltinKeywords.groovy:73)
	at com.kms.katalon.core.cucumber.keyword.CucumberBuiltinKeywords$runFeatureFile$0.callStatic(Unknown Source)
	at com.kms.katalon.core.cucumber.keyword.CucumberBuiltinKeywords.runFeatureFile(CucumberBuiltinKeywords.groovy:246)
	at com.kms.katalon.core.cucumber.keyword.CucumberBuiltinKeywords$runFeatureFile.call(Unknown Source)
	at Elektronik-Satis Tipinde.run(Elektronik-Satis Tipinde:17)
	at com.kms.katalon.core.main.ScriptEngine.run(ScriptEngine.java:194)
	at com.kms.katalon.core.main.ScriptEngine.runScriptAsRawText(ScriptEngine.java:119)
	at com.kms.katalon.core.main.TestCaseExecutor.runScript(TestCaseExecutor.java:369)
	at com.kms.katalon.core.main.TestCaseExecutor.doExecute(TestCaseExecutor.java:360)
	at com.kms.katalon.core.main.TestCaseExecutor.processExecutionPhase(TestCaseExecutor.java:339)
	at com.kms.katalon.core.main.TestCaseExecutor.accessMainPhase(TestCaseExecutor.java:331)
	at com.kms.katalon.core.main.TestCaseExecutor.execute(TestCaseExecutor.java:248)
	at com.kms.katalon.core.main.TestSuiteExecutor.accessTestCaseMainPhase(TestSuiteExecutor.java:191)
	at com.kms.katalon.core.main.TestSuiteExecutor.accessTestSuiteMainPhase(TestSuiteExecutor.java:140)
	at com.kms.katalon.core.main.TestSuiteExecutor.execute(TestSuiteExecutor.java:89)
	at com.kms.katalon.core.main.TestCaseMain.startTestSuite(TestCaseMain.java:181)
	at com.kms.katalon.core.main.TestCaseMain$startTestSuite$0.call(Unknown Source)
	at TempTestSuite1636725797192.run(TempTestSuite1636725797192.groovy:39)]]></system-err>
      </testcase>
      <testcase name="Test Cases/Case Repository/e-Arsiv/e-Arsiv Araclari/e-Arsiv Fatura Olusturma/Ekran Kontrolu" time="42.206" classname="Test Cases/Case Repository/e-Arsiv/e-Arsiv Araclari/e-Arsiv Fatura Olusturma/Ekran Kontrolu" status="PASSED">
         <system-out><![CDATA[2021-11-12 17:09:46 - [TEST_CASE][PASSED] - Test Cases/Case Repository/e-Arsiv/e-Arsiv Araclari/e-Arsiv Fatura Olusturma/Ekran Kontrolu: Test Cases/Case Repository/e-Arsiv/e-Arsiv Araclari/e-Arsiv Fatura Olusturma/Ekran Kontrolu

2021-11-12 17:09:46 - [TEST_STEP][PASSED] - Start listener action : sampleBeforeTestSuite: Invoke 'com.kms.katalon.core.annotation.BeforeTestCase' method: 'Listener.sampleBeforeTestSuite(...)' completed.

2021-11-12 17:09:46 - [MESSAGE][INFO] - Starting invoke 'com.kms.katalon.core.annotation.BeforeTestCase' method: 'Listener.sampleBeforeTestSuite(...)'

2021-11-12 17:09:46 - [TEST_STEP][PASSED] - openBrowser(baseUrl): Browser is opened with url: 'https://efatura-stage.elogo.com.tr/'

2021-11-12 17:09:46 - [MESSAGE][INFO] - Opening browser

2021-11-12 17:09:46 - [MESSAGE][INFO] - Starting 'Chrome' driver

2021-11-12 17:09:46 - [MESSAGE][INFO] - User set preference: ['prefs', '{download.default_directory=C:\otomasyondownfiles}']

2021-11-12 17:09:46 - [MESSAGE][INFO] - Action delay is set to 0 milliseconds

2021-11-12 17:09:48 - [MESSAGE][INFO] - Navigating browser to: 'https://efatura-stage.elogo.com.tr/'

2021-11-12 17:09:51 - [MESSAGE][PASSED] - Browser is opened with url: 'https://efatura-stage.elogo.com.tr/'

2021-11-12 17:09:51 - [TEST_STEP][PASSED] - maximizeWindow(): Invoke 'com.kms.katalon.core.annotation.BeforeTestCase' method: 'Listener.sampleBeforeTestSuite(...)' completed.

2021-11-12 17:09:51 - [MESSAGE][INFO] - Maximizing current window

2021-11-12 17:09:52 - [MESSAGE][PASSED] - Current window maximized

2021-11-12 17:09:52 - [MESSAGE][INFO] - Invoke 'com.kms.katalon.core.annotation.BeforeTestCase' method: 'Listener.sampleBeforeTestSuite(...)' completed.

2021-11-12 17:09:52 - [TEST_STEP][PASSED] - runFeatureFile("Include/features/e-Arsiv/e-Arsiv Araclari/e-Arsiv Fatura Olusturma/Ekran Kontrolu.feature"): Feature file: 'Include/features/e-Arsiv/e-Arsiv Araclari/e-Arsiv Fatura Olusturma/Ekran Kontrolu.feature' was passed

2021-11-12 17:09:52 - [MESSAGE][INFO] - Starting run keyword runFeatureFile: 'Include/features/e-Arsiv/e-Arsiv Araclari/e-Arsiv Fatura Olusturma/Ekran Kontrolu.feature' and extract report to folder: 'C:\Users\DELL\Documents\GitHub\EES_KatalonLogo\Reports\20211112_170311\Suite Repository\e-Arsiv\20211112_170317/cucumber_report/1636726192780'...

2021-11-12 17:09:52 - [MESSAGE][INFO] - Glue: []

2021-11-12 17:09:54 - [MESSAGE][INFO] - Checking called Test Case

2021-11-12 17:09:54 - [MESSAGE][INFO] - Starting to call Test Case 'Test Cases/Sayfalar/Giris_Sayfasi/Login'

2021-11-12 17:09:54 - [TEST_CASE][PASSED] - Test Cases/Sayfalar/Giris_Sayfasi/Login: Test Cases/Sayfalar/Giris_Sayfasi/Login

2021-11-12 17:09:54 - [TEST_STEP][PASSED] - Sayfa_Basligi = getWindowTitle(): Current window's title is: 'LOGO e-Fatura'

2021-11-12 17:09:54 - [MESSAGE][INFO] - Getting current window's title

2021-11-12 17:09:54 - [MESSAGE][PASSED] - Current window's title is: 'LOGO e-Fatura'

2021-11-12 17:09:54 - [TEST_STEP][PASSED] - verifyMatch(Sayfa_Basligi, "LOGO e-Fatura", false): Actual text 'LOGO e-Fatura' and expected text 'LOGO e-Fatura' are matched 

2021-11-12 17:09:54 - [MESSAGE][INFO] - Matching actual text 'LOGO e-Fatura' with expected text 'LOGO e-Fatura'

2021-11-12 17:09:54 - [MESSAGE][PASSED] - Actual text 'LOGO e-Fatura' and expected text 'LOGO e-Fatura' are matched 

2021-11-12 17:09:54 - [TEST_STEP][PASSED] - sendKeys(findTestObject("Sayfalar/Giris_Sayfasi/Firma_Kodu"), KullaniciAdi): Keys 'ELOGO6' sent to object: 'Object Repository/Sayfalar/Giris_Sayfasi/Firma_Kodu'

2021-11-12 17:09:54 - [MESSAGE][INFO] - Finding Test Object 'Object Repository/Sayfalar/Giris_Sayfasi/Firma_Kodu'

2021-11-12 17:09:54 - [MESSAGE][INFO] - Sending keys 'ELOGO6' to object: 'Object Repository/Sayfalar/Giris_Sayfasi/Firma_Kodu'

2021-11-12 17:09:54 - [MESSAGE][INFO] - Finding web element from Test Object's properties

2021-11-12 17:09:54 - [MESSAGE][INFO] - Checking timeout

2021-11-12 17:09:54 - [MESSAGE][INFO] - Finding web element with id: 'Object Repository/Sayfalar/Giris_Sayfasi/Firma_Kodu' located by 'By.xpath: //*[@id = 'AccountName']' in '30' second(s)

2021-11-12 17:09:54 - [MESSAGE][INFO] - Smart Wait Function is triggered

2021-11-12 17:09:55 - [MESSAGE][INFO] - Found 1 web elements with id: 'Object Repository/Sayfalar/Giris_Sayfasi/Firma_Kodu' located by 'By.xpath: //*[@id = 'AccountName']' in '30' second(s)

2021-11-12 17:09:55 - [MESSAGE][PASSED] - Keys 'ELOGO6' sent to object: 'Object Repository/Sayfalar/Giris_Sayfasi/Firma_Kodu'

2021-11-12 17:09:55 - [TEST_STEP][PASSED] - sendKeys(findTestObject("Sayfalar/Giris_Sayfasi/Sifre"), Sifre): Keys '123456' sent to object: 'Object Repository/Sayfalar/Giris_Sayfasi/Sifre'

2021-11-12 17:09:55 - [MESSAGE][INFO] - Finding Test Object 'Object Repository/Sayfalar/Giris_Sayfasi/Sifre'

2021-11-12 17:09:55 - [MESSAGE][INFO] - Sending keys '123456' to object: 'Object Repository/Sayfalar/Giris_Sayfasi/Sifre'

2021-11-12 17:09:55 - [MESSAGE][INFO] - Finding web element from Test Object's properties

2021-11-12 17:09:55 - [MESSAGE][INFO] - Checking timeout

2021-11-12 17:09:55 - [MESSAGE][INFO] - Finding web element with id: 'Object Repository/Sayfalar/Giris_Sayfasi/Sifre' located by 'By.xpath: //*[@id = 'Password']' in '30' second(s)

2021-11-12 17:09:55 - [MESSAGE][INFO] - Smart Wait Function is triggered

2021-11-12 17:09:55 - [MESSAGE][INFO] - Found 1 web elements with id: 'Object Repository/Sayfalar/Giris_Sayfasi/Sifre' located by 'By.xpath: //*[@id = 'Password']' in '30' second(s)

2021-11-12 17:09:55 - [MESSAGE][PASSED] - Keys '123456' sent to object: 'Object Repository/Sayfalar/Giris_Sayfasi/Sifre'

2021-11-12 17:09:55 - [TEST_STEP][PASSED] - findWebElement(findTestObject("Sayfalar/Giris_Sayfasi/Giris_Butonu")).click(): Found 1 web elements with id: 'Object Repository/Sayfalar/Giris_Sayfasi/Giris_Butonu' located by 'By.cssSelector: #btnLogin' in '30' second(s)

2021-11-12 17:09:55 - [MESSAGE][INFO] - Finding Test Object 'Object Repository/Sayfalar/Giris_Sayfasi/Giris_Butonu'

2021-11-12 17:09:55 - [MESSAGE][INFO] - Finding web element from Test Object's properties

2021-11-12 17:09:55 - [MESSAGE][INFO] - Checking timeout

2021-11-12 17:09:55 - [MESSAGE][INFO] - Finding web element with id: 'Object Repository/Sayfalar/Giris_Sayfasi/Giris_Butonu' located by 'By.cssSelector: #btnLogin' in '30' second(s)

2021-11-12 17:09:55 - [MESSAGE][INFO] - Smart Wait Function is triggered

2021-11-12 17:09:56 - [MESSAGE][INFO] - Found 1 web elements with id: 'Object Repository/Sayfalar/Giris_Sayfasi/Giris_Butonu' located by 'By.cssSelector: #btnLogin' in '30' second(s)

2021-11-12 17:09:58 - [TEST_STEP][PASSED] - if (verifyElementPresent(findTestObject("Object Repository/Sayfalar/Giris_Sayfasi/RetveTamam_Butonu"), 5, OPTIONAL)): null

2021-11-12 17:09:58 - [MESSAGE][INFO] - Finding Test Object 'Object Repository/Sayfalar/Giris_Sayfasi/RetveTamam_Butonu'

2021-11-12 17:09:58 - [MESSAGE][INFO] - Checking object

2021-11-12 17:09:58 - [MESSAGE][INFO] - Finding web element from Test Object's properties

2021-11-12 17:09:58 - [MESSAGE][INFO] - Checking timeout

2021-11-12 17:09:58 - [MESSAGE][INFO] - Finding web element with id: 'Object Repository/Sayfalar/Giris_Sayfasi/RetveTamam_Butonu' located by 'By.xpath: //*[@class = 'btn btn-default']' in '5' second(s)

2021-11-12 17:09:58 - [MESSAGE][INFO] - Smart Wait Function is triggered

2021-11-12 17:09:59 - [MESSAGE][INFO] - Found 1 web elements with id: 'Object Repository/Sayfalar/Giris_Sayfasi/RetveTamam_Butonu' located by 'By.xpath: //*[@class = 'btn btn-default']' in '5' second(s)

2021-11-12 17:09:59 - [MESSAGE][PASSED] - Object 'Object Repository/Sayfalar/Giris_Sayfasi/RetveTamam_Butonu' is present

2021-11-12 17:09:59 - [TEST_STEP][PASSED] - click(findTestObject("Object Repository/Sayfalar/Giris_Sayfasi/RetveTamam_Butonu")): Object: 'Object Repository/Sayfalar/Giris_Sayfasi/RetveTamam_Butonu' is clicked on

2021-11-12 17:09:59 - [MESSAGE][INFO] - Finding Test Object 'Object Repository/Sayfalar/Giris_Sayfasi/RetveTamam_Butonu'

2021-11-12 17:09:59 - [MESSAGE][INFO] - Checking object

2021-11-12 17:09:59 - [MESSAGE][INFO] - Finding web element from Test Object's properties

2021-11-12 17:09:59 - [MESSAGE][INFO] - Checking timeout

2021-11-12 17:09:59 - [MESSAGE][INFO] - Finding web element with id: 'Object Repository/Sayfalar/Giris_Sayfasi/RetveTamam_Butonu' located by 'By.xpath: //*[@class = 'btn btn-default']' in '30' second(s)

2021-11-12 17:09:59 - [MESSAGE][INFO] - Smart Wait Function is triggered

2021-11-12 17:09:59 - [MESSAGE][INFO] - Found 1 web elements with id: 'Object Repository/Sayfalar/Giris_Sayfasi/RetveTamam_Butonu' located by 'By.xpath: //*[@class = 'btn btn-default']' in '30' second(s)

2021-11-12 17:09:59 - [MESSAGE][INFO] - Clicking on object: 'Object Repository/Sayfalar/Giris_Sayfasi/RetveTamam_Butonu'

2021-11-12 17:09:59 - [MESSAGE][PASSED] - Object: 'Object Repository/Sayfalar/Giris_Sayfasi/RetveTamam_Butonu' is clicked on

2021-11-12 17:09:59 - [TEST_STEP][PASSED] - click(findTestObject("Object Repository/Sayfalar/Giris_Sayfasi/RetveTamam_Butonu")): Object: 'Object Repository/Sayfalar/Giris_Sayfasi/RetveTamam_Butonu' is clicked on

2021-11-12 17:09:59 - [MESSAGE][INFO] - Finding Test Object 'Object Repository/Sayfalar/Giris_Sayfasi/RetveTamam_Butonu'

2021-11-12 17:10:00 - [MESSAGE][INFO] - Checking object

2021-11-12 17:10:00 - [MESSAGE][INFO] - Finding web element from Test Object's properties

2021-11-12 17:10:00 - [MESSAGE][INFO] - Checking timeout

2021-11-12 17:10:00 - [MESSAGE][INFO] - Finding web element with id: 'Object Repository/Sayfalar/Giris_Sayfasi/RetveTamam_Butonu' located by 'By.xpath: //*[@class = 'btn btn-default']' in '30' second(s)

2021-11-12 17:10:00 - [MESSAGE][INFO] - Smart Wait Function is triggered

2021-11-12 17:10:05 - [MESSAGE][INFO] - Found 1 web elements with id: 'Object Repository/Sayfalar/Giris_Sayfasi/RetveTamam_Butonu' located by 'By.xpath: //*[@class = 'btn btn-default']' in '30' second(s)

2021-11-12 17:10:05 - [MESSAGE][INFO] - Clicking on object: 'Object Repository/Sayfalar/Giris_Sayfasi/RetveTamam_Butonu'

2021-11-12 17:10:05 - [MESSAGE][PASSED] - Object: 'Object Repository/Sayfalar/Giris_Sayfasi/RetveTamam_Butonu' is clicked on

2021-11-12 17:10:05 - [TEST_STEP][PASSED] - if (verifyElementPresent(findTestObject("Sayfalar/Giris_Sayfasi/PopupOK"), 5, OPTIONAL)): null

2021-11-12 17:10:05 - [MESSAGE][INFO] - Finding Test Object 'Object Repository/Sayfalar/Giris_Sayfasi/PopupOK'

2021-11-12 17:10:05 - [MESSAGE][INFO] - Checking object

2021-11-12 17:10:05 - [MESSAGE][INFO] - Finding web element from Test Object's properties

2021-11-12 17:10:05 - [MESSAGE][INFO] - Checking timeout

2021-11-12 17:10:05 - [MESSAGE][INFO] - Finding web element with id: 'Object Repository/Sayfalar/Giris_Sayfasi/PopupOK' located by 'By.cssSelector: .btn.btn-success' in '5' second(s)

2021-11-12 17:10:05 - [MESSAGE][INFO] - Smart Wait Function is triggered

2021-11-12 17:10:06 - [MESSAGE][INFO] - Found 1 web elements with id: 'Object Repository/Sayfalar/Giris_Sayfasi/PopupOK' located by 'By.cssSelector: .btn.btn-success' in '5' second(s)

2021-11-12 17:10:06 - [MESSAGE][PASSED] - Object 'Object Repository/Sayfalar/Giris_Sayfasi/PopupOK' is present

2021-11-12 17:10:06 - [TEST_STEP][PASSED] - click(findTestObject("Object Repository/Sayfalar/Giris_Sayfasi/PopupCarpiGiris")): Object: 'Object Repository/Sayfalar/Giris_Sayfasi/PopupCarpiGiris' is clicked on

2021-11-12 17:10:06 - [MESSAGE][INFO] - Finding Test Object 'Object Repository/Sayfalar/Giris_Sayfasi/PopupCarpiGiris'

2021-11-12 17:10:06 - [MESSAGE][INFO] - Checking object

2021-11-12 17:10:06 - [MESSAGE][INFO] - Finding web element from Test Object's properties

2021-11-12 17:10:06 - [MESSAGE][INFO] - Checking timeout

2021-11-12 17:10:06 - [MESSAGE][INFO] - Finding web element with id: 'Object Repository/Sayfalar/Giris_Sayfasi/PopupCarpiGiris' located by 'By.cssSelector: .bootbox-close-button.close' in '30' second(s)

2021-11-12 17:10:06 - [MESSAGE][INFO] - Smart Wait Function is triggered

2021-11-12 17:10:06 - [MESSAGE][INFO] - Found 1 web elements with id: 'Object Repository/Sayfalar/Giris_Sayfasi/PopupCarpiGiris' located by 'By.cssSelector: .bootbox-close-button.close' in '30' second(s)

2021-11-12 17:10:06 - [MESSAGE][INFO] - Clicking on object: 'Object Repository/Sayfalar/Giris_Sayfasi/PopupCarpiGiris'

2021-11-12 17:10:06 - [MESSAGE][PASSED] - Object: 'Object Repository/Sayfalar/Giris_Sayfasi/PopupCarpiGiris' is clicked on

2021-11-12 17:10:06 - [TEST_STEP][PASSED] - verifyElementVisible(findTestObject("Object Repository/Kullanici_Islemleri/KullaniciIslemleri")): Object 'Object Repository/Kullanici_Islemleri/KullaniciIslemleri' is visible

2021-11-12 17:10:06 - [MESSAGE][INFO] - Finding Test Object 'Object Repository/Kullanici_Islemleri/KullaniciIslemleri'

2021-11-12 17:10:06 - [MESSAGE][INFO] - Checking object

2021-11-12 17:10:06 - [MESSAGE][INFO] - Finding web element from Test Object's properties

2021-11-12 17:10:06 - [MESSAGE][INFO] - Checking timeout

2021-11-12 17:10:06 - [MESSAGE][INFO] - Finding web element with id: 'Object Repository/Kullanici_Islemleri/KullaniciIslemleri' located by 'By.cssSelector: .dropdown>a>img' in '30' second(s)

2021-11-12 17:10:06 - [MESSAGE][INFO] - Smart Wait Function is triggered

2021-11-12 17:10:07 - [MESSAGE][INFO] - Found 1 web elements with id: 'Object Repository/Kullanici_Islemleri/KullaniciIslemleri' located by 'By.cssSelector: .dropdown>a>img' in '30' second(s)

2021-11-12 17:10:07 - [MESSAGE][PASSED] - Object 'Object Repository/Kullanici_Islemleri/KullaniciIslemleri' is visible

2021-11-12 17:10:07 - [MESSAGE][PASSED] - Call Test Case 'Test Cases/Sayfalar/Giris_Sayfasi/Login' successfully

2021-11-12 17:10:07 - [MESSAGE][INFO] - Checking called Test Case

2021-11-12 17:10:07 - [MESSAGE][INFO] - Starting to call Test Case 'Test Cases/Menu/AnaMenuSecimi'

2021-11-12 17:10:07 - [TEST_CASE][PASSED] - Test Cases/Menu/AnaMenuSecimi: Test Cases/Menu/AnaMenuSecimi

2021-11-12 17:10:07 - [TEST_STEP][PASSED] - Method.TextDegerineEsitElementeTikla(findTestObject("Menu/Ana_Menu"), Ana_Menu): Method.TextDegerineEsitElementeTikla is PASSED

2021-11-12 17:10:07 - [MESSAGE][INFO] - Finding Test Object 'Object Repository/Menu/Ana_Menu'

2021-11-12 17:10:07 - [MESSAGE][INFO] - Checking timeout

2021-11-12 17:10:07 - [MESSAGE][INFO] - Finding web element with id: 'Object Repository/Menu/Ana_Menu' located by 'By.xpath: //*[@class = 'dropdown-toggle']' in '10' second(s)

2021-11-12 17:10:07 - [MESSAGE][INFO] - Smart Wait Function is triggered

2021-11-12 17:10:07 - [MESSAGE][INFO] - Found 14 web elements with id: 'Object Repository/Menu/Ana_Menu' located by 'By.xpath: //*[@class = 'dropdown-toggle']' in '10' second(s)

2021-11-12 17:10:08 - [MESSAGE][PASSED] - Method.TextDegerineEsitElementeTikla is PASSED

2021-11-12 17:10:08 - [MESSAGE][PASSED] - Call Test Case 'Test Cases/Menu/AnaMenuSecimi' successfully

2021-11-12 17:10:08 - [MESSAGE][INFO] - Checking called Test Case

2021-11-12 17:10:08 - [MESSAGE][INFO] - Starting to call Test Case 'Test Cases/Menu/BasligaGoreAltMenuSecimi'

2021-11-12 17:10:08 - [TEST_CASE][PASSED] - Test Cases/Menu/BasligaGoreAltMenuSecimi: Test Cases/Menu/BasligaGoreAltMenuSecimi

2021-11-12 17:10:08 - [TEST_STEP][PASSED] - Method.TextDegerineEsitElementinAltindakiTextDegerineEsitOlanaTikla(findTestObject("Menu/Menu_Basligi"), findTestObject("Menu/Basliga_Gore_Alt_Menu"), Baslik, Alt_Menu): Method.TextDegerineEsitElementinAltindakiTextDegerineEsitOlanaTikla is PASSED

2021-11-12 17:10:08 - [MESSAGE][INFO] - Finding Test Object 'Object Repository/Menu/Menu_Basligi'

2021-11-12 17:10:08 - [MESSAGE][INFO] - Finding Test Object 'Object Repository/Menu/Basliga_Gore_Alt_Menu'

2021-11-12 17:10:08 - [MESSAGE][INFO] - Checking timeout

2021-11-12 17:10:08 - [MESSAGE][INFO] - Finding web element with id: 'Object Repository/Menu/Menu_Basligi' located by 'By.xpath: //li[@class='dropdown dropdown-large open']//li[@class='dropdown-header']' in '10' second(s)

2021-11-12 17:10:08 - [MESSAGE][INFO] - Smart Wait Function is triggered

2021-11-12 17:10:08 - [MESSAGE][INFO] - Found 2 web elements with id: 'Object Repository/Menu/Menu_Basligi' located by 'By.xpath: //li[@class='dropdown dropdown-large open']//li[@class='dropdown-header']' in '10' second(s)

2021-11-12 17:10:08 - [MESSAGE][INFO] - Smart Wait Function is triggered

2021-11-12 17:10:11 - [MESSAGE][PASSED] - Method.TextDegerineEsitElementinAltindakiTextDegerineEsitOlanaTikla is PASSED

2021-11-12 17:10:11 - [MESSAGE][PASSED] - Call Test Case 'Test Cases/Menu/BasligaGoreAltMenuSecimi' successfully

2021-11-12 17:10:11 - [MESSAGE][INFO] - Checking called Test Case

2021-11-12 17:10:11 - [MESSAGE][INFO] - Starting to call Test Case 'Test Cases/Filtreler/FiltreVarMi'

2021-11-12 17:10:11 - [TEST_CASE][PASSED] - Test Cases/Filtreler/FiltreVarMi: Test Cases/Filtreler/FiltreVarMi

2021-11-12 17:10:11 - [TEST_STEP][PASSED] - Method.TextDegerineEsitElementVarMi(findTestObject("Filtreler/Basliklar"), Filtre_alan): Method.TextDegerineEsitElementVarMi is PASSED

2021-11-12 17:10:11 - [MESSAGE][INFO] - Finding Test Object 'Object Repository/Filtreler/Basliklar'

2021-11-12 17:10:11 - [MESSAGE][INFO] - Checking timeout

2021-11-12 17:10:11 - [MESSAGE][INFO] - Finding web element with id: 'Object Repository/Filtreler/Basliklar' located by 'By.cssSelector: .control-label.col-sm-4.paddingMarginRLC' in '10' second(s)

2021-11-12 17:10:11 - [MESSAGE][INFO] - Smart Wait Function is triggered

2021-11-12 17:10:11 - [MESSAGE][INFO] - Found 10 web elements with id: 'Object Repository/Filtreler/Basliklar' located by 'By.cssSelector: .control-label.col-sm-4.paddingMarginRLC' in '10' second(s)

2021-11-12 17:10:11 - [MESSAGE][PASSED] - Method.TextDegerineEsitElementVarMi is PASSED

2021-11-12 17:10:11 - [MESSAGE][PASSED] - Call Test Case 'Test Cases/Filtreler/FiltreVarMi' successfully

2021-11-12 17:10:11 - [MESSAGE][INFO] - Checking called Test Case

2021-11-12 17:10:11 - [MESSAGE][INFO] - Starting to call Test Case 'Test Cases/Filtreler/FiltreVarMi'

2021-11-12 17:10:11 - [TEST_CASE][PASSED] - Test Cases/Filtreler/FiltreVarMi: Test Cases/Filtreler/FiltreVarMi

2021-11-12 17:10:11 - [TEST_STEP][PASSED] - Method.TextDegerineEsitElementVarMi(findTestObject("Filtreler/Basliklar"), Filtre_alan): Method.TextDegerineEsitElementVarMi is PASSED

2021-11-12 17:10:11 - [MESSAGE][INFO] - Finding Test Object 'Object Repository/Filtreler/Basliklar'

2021-11-12 17:10:11 - [MESSAGE][INFO] - Checking timeout

2021-11-12 17:10:11 - [MESSAGE][INFO] - Finding web element with id: 'Object Repository/Filtreler/Basliklar' located by 'By.cssSelector: .control-label.col-sm-4.paddingMarginRLC' in '10' second(s)

2021-11-12 17:10:11 - [MESSAGE][INFO] - Smart Wait Function is triggered

2021-11-12 17:10:12 - [MESSAGE][INFO] - Found 10 web elements with id: 'Object Repository/Filtreler/Basliklar' located by 'By.cssSelector: .control-label.col-sm-4.paddingMarginRLC' in '10' second(s)

2021-11-12 17:10:12 - [MESSAGE][PASSED] - Method.TextDegerineEsitElementVarMi is PASSED

2021-11-12 17:10:12 - [MESSAGE][PASSED] - Call Test Case 'Test Cases/Filtreler/FiltreVarMi' successfully

2021-11-12 17:10:12 - [MESSAGE][INFO] - Checking called Test Case

2021-11-12 17:10:12 - [MESSAGE][INFO] - Starting to call Test Case 'Test Cases/Filtreler/FiltreVarMi'

2021-11-12 17:10:12 - [TEST_CASE][PASSED] - Test Cases/Filtreler/FiltreVarMi: Test Cases/Filtreler/FiltreVarMi

2021-11-12 17:10:12 - [TEST_STEP][PASSED] - Method.TextDegerineEsitElementVarMi(findTestObject("Filtreler/Basliklar"), Filtre_alan): Method.TextDegerineEsitElementVarMi is PASSED

2021-11-12 17:10:12 - [MESSAGE][INFO] - Finding Test Object 'Object Repository/Filtreler/Basliklar'

2021-11-12 17:10:12 - [MESSAGE][INFO] - Checking timeout

2021-11-12 17:10:12 - [MESSAGE][INFO] - Finding web element with id: 'Object Repository/Filtreler/Basliklar' located by 'By.cssSelector: .control-label.col-sm-4.paddingMarginRLC' in '10' second(s)

2021-11-12 17:10:12 - [MESSAGE][INFO] - Smart Wait Function is triggered

2021-11-12 17:10:12 - [MESSAGE][INFO] - Found 10 web elements with id: 'Object Repository/Filtreler/Basliklar' located by 'By.cssSelector: .control-label.col-sm-4.paddingMarginRLC' in '10' second(s)

2021-11-12 17:10:12 - [MESSAGE][PASSED] - Method.TextDegerineEsitElementVarMi is PASSED

2021-11-12 17:10:12 - [MESSAGE][PASSED] - Call Test Case 'Test Cases/Filtreler/FiltreVarMi' successfully

2021-11-12 17:10:12 - [MESSAGE][INFO] - Checking called Test Case

2021-11-12 17:10:12 - [MESSAGE][INFO] - Starting to call Test Case 'Test Cases/Filtreler/FiltreVarMi'

2021-11-12 17:10:12 - [TEST_CASE][PASSED] - Test Cases/Filtreler/FiltreVarMi: Test Cases/Filtreler/FiltreVarMi

2021-11-12 17:10:12 - [TEST_STEP][PASSED] - Method.TextDegerineEsitElementVarMi(findTestObject("Filtreler/Basliklar"), Filtre_alan): Method.TextDegerineEsitElementVarMi is PASSED

2021-11-12 17:10:12 - [MESSAGE][INFO] - Finding Test Object 'Object Repository/Filtreler/Basliklar'

2021-11-12 17:10:13 - [MESSAGE][INFO] - Checking timeout

2021-11-12 17:10:13 - [MESSAGE][INFO] - Finding web element with id: 'Object Repository/Filtreler/Basliklar' located by 'By.cssSelector: .control-label.col-sm-4.paddingMarginRLC' in '10' second(s)

2021-11-12 17:10:13 - [MESSAGE][INFO] - Smart Wait Function is triggered

2021-11-12 17:10:13 - [MESSAGE][INFO] - Found 10 web elements with id: 'Object Repository/Filtreler/Basliklar' located by 'By.cssSelector: .control-label.col-sm-4.paddingMarginRLC' in '10' second(s)

2021-11-12 17:10:13 - [MESSAGE][PASSED] - Method.TextDegerineEsitElementVarMi is PASSED

2021-11-12 17:10:13 - [MESSAGE][PASSED] - Call Test Case 'Test Cases/Filtreler/FiltreVarMi' successfully

2021-11-12 17:10:13 - [MESSAGE][INFO] - Checking called Test Case

2021-11-12 17:10:13 - [MESSAGE][INFO] - Starting to call Test Case 'Test Cases/Filtreler/FiltreVarMi'

2021-11-12 17:10:13 - [TEST_CASE][PASSED] - Test Cases/Filtreler/FiltreVarMi: Test Cases/Filtreler/FiltreVarMi

2021-11-12 17:10:13 - [TEST_STEP][PASSED] - Method.TextDegerineEsitElementVarMi(findTestObject("Filtreler/Basliklar"), Filtre_alan): Method.TextDegerineEsitElementVarMi is PASSED

2021-11-12 17:10:13 - [MESSAGE][INFO] - Finding Test Object 'Object Repository/Filtreler/Basliklar'

2021-11-12 17:10:13 - [MESSAGE][INFO] - Checking timeout

2021-11-12 17:10:13 - [MESSAGE][INFO] - Finding web element with id: 'Object Repository/Filtreler/Basliklar' located by 'By.cssSelector: .control-label.col-sm-4.paddingMarginRLC' in '10' second(s)

2021-11-12 17:10:13 - [MESSAGE][INFO] - Smart Wait Function is triggered

2021-11-12 17:10:14 - [MESSAGE][INFO] - Found 10 web elements with id: 'Object Repository/Filtreler/Basliklar' located by 'By.cssSelector: .control-label.col-sm-4.paddingMarginRLC' in '10' second(s)

2021-11-12 17:10:14 - [MESSAGE][PASSED] - Method.TextDegerineEsitElementVarMi is PASSED

2021-11-12 17:10:14 - [MESSAGE][PASSED] - Call Test Case 'Test Cases/Filtreler/FiltreVarMi' successfully

2021-11-12 17:10:14 - [MESSAGE][INFO] - Checking called Test Case

2021-11-12 17:10:14 - [MESSAGE][INFO] - Starting to call Test Case 'Test Cases/Filtreler/FiltreVarMi'

2021-11-12 17:10:14 - [TEST_CASE][PASSED] - Test Cases/Filtreler/FiltreVarMi: Test Cases/Filtreler/FiltreVarMi

2021-11-12 17:10:14 - [TEST_STEP][PASSED] - Method.TextDegerineEsitElementVarMi(findTestObject("Filtreler/Basliklar"), Filtre_alan): Method.TextDegerineEsitElementVarMi is PASSED

2021-11-12 17:10:14 - [MESSAGE][INFO] - Finding Test Object 'Object Repository/Filtreler/Basliklar'

2021-11-12 17:10:14 - [MESSAGE][INFO] - Checking timeout

2021-11-12 17:10:14 - [MESSAGE][INFO] - Finding web element with id: 'Object Repository/Filtreler/Basliklar' located by 'By.cssSelector: .control-label.col-sm-4.paddingMarginRLC' in '10' second(s)

2021-11-12 17:10:14 - [MESSAGE][INFO] - Smart Wait Function is triggered

2021-11-12 17:10:14 - [MESSAGE][INFO] - Found 10 web elements with id: 'Object Repository/Filtreler/Basliklar' located by 'By.cssSelector: .control-label.col-sm-4.paddingMarginRLC' in '10' second(s)

2021-11-12 17:10:14 - [MESSAGE][PASSED] - Method.TextDegerineEsitElementVarMi is PASSED

2021-11-12 17:10:14 - [MESSAGE][PASSED] - Call Test Case 'Test Cases/Filtreler/FiltreVarMi' successfully

2021-11-12 17:10:14 - [MESSAGE][INFO] - Checking called Test Case

2021-11-12 17:10:14 - [MESSAGE][INFO] - Starting to call Test Case 'Test Cases/Filtreler/FiltreVarMi'

2021-11-12 17:10:14 - [TEST_CASE][PASSED] - Test Cases/Filtreler/FiltreVarMi: Test Cases/Filtreler/FiltreVarMi

2021-11-12 17:10:14 - [TEST_STEP][PASSED] - Method.TextDegerineEsitElementVarMi(findTestObject("Filtreler/Basliklar"), Filtre_alan): Method.TextDegerineEsitElementVarMi is PASSED

2021-11-12 17:10:14 - [MESSAGE][INFO] - Finding Test Object 'Object Repository/Filtreler/Basliklar'

2021-11-12 17:10:14 - [MESSAGE][INFO] - Checking timeout

2021-11-12 17:10:14 - [MESSAGE][INFO] - Finding web element with id: 'Object Repository/Filtreler/Basliklar' located by 'By.cssSelector: .control-label.col-sm-4.paddingMarginRLC' in '10' second(s)

2021-11-12 17:10:14 - [MESSAGE][INFO] - Smart Wait Function is triggered

2021-11-12 17:10:14 - [MESSAGE][INFO] - Found 10 web elements with id: 'Object Repository/Filtreler/Basliklar' located by 'By.cssSelector: .control-label.col-sm-4.paddingMarginRLC' in '10' second(s)

2021-11-12 17:10:15 - [MESSAGE][PASSED] - Method.TextDegerineEsitElementVarMi is PASSED

2021-11-12 17:10:15 - [MESSAGE][PASSED] - Call Test Case 'Test Cases/Filtreler/FiltreVarMi' successfully

2021-11-12 17:10:15 - [MESSAGE][INFO] - Checking called Test Case

2021-11-12 17:10:15 - [MESSAGE][INFO] - Starting to call Test Case 'Test Cases/Filtreler/FiltreVarMi'

2021-11-12 17:10:15 - [TEST_CASE][PASSED] - Test Cases/Filtreler/FiltreVarMi: Test Cases/Filtreler/FiltreVarMi

2021-11-12 17:10:15 - [TEST_STEP][PASSED] - Method.TextDegerineEsitElementVarMi(findTestObject("Filtreler/Basliklar"), Filtre_alan): Method.TextDegerineEsitElementVarMi is PASSED

2021-11-12 17:10:15 - [MESSAGE][INFO] - Finding Test Object 'Object Repository/Filtreler/Basliklar'

2021-11-12 17:10:15 - [MESSAGE][INFO] - Checking timeout

2021-11-12 17:10:15 - [MESSAGE][INFO] - Finding web element with id: 'Object Repository/Filtreler/Basliklar' located by 'By.cssSelector: .control-label.col-sm-4.paddingMarginRLC' in '10' second(s)

2021-11-12 17:10:15 - [MESSAGE][INFO] - Smart Wait Function is triggered

2021-11-12 17:10:15 - [MESSAGE][INFO] - Found 10 web elements with id: 'Object Repository/Filtreler/Basliklar' located by 'By.cssSelector: .control-label.col-sm-4.paddingMarginRLC' in '10' second(s)

2021-11-12 17:10:15 - [MESSAGE][PASSED] - Method.TextDegerineEsitElementVarMi is PASSED

2021-11-12 17:10:15 - [MESSAGE][PASSED] - Call Test Case 'Test Cases/Filtreler/FiltreVarMi' successfully

2021-11-12 17:10:15 - [MESSAGE][INFO] - Checking called Test Case

2021-11-12 17:10:15 - [MESSAGE][INFO] - Starting to call Test Case 'Test Cases/Filtreler/FiltreVarMi'

2021-11-12 17:10:15 - [TEST_CASE][PASSED] - Test Cases/Filtreler/FiltreVarMi: Test Cases/Filtreler/FiltreVarMi

2021-11-12 17:10:15 - [TEST_STEP][PASSED] - Method.TextDegerineEsitElementVarMi(findTestObject("Filtreler/Basliklar"), Filtre_alan): Method.TextDegerineEsitElementVarMi is PASSED

2021-11-12 17:10:15 - [MESSAGE][INFO] - Finding Test Object 'Object Repository/Filtreler/Basliklar'

2021-11-12 17:10:15 - [MESSAGE][INFO] - Checking timeout

2021-11-12 17:10:15 - [MESSAGE][INFO] - Finding web element with id: 'Object Repository/Filtreler/Basliklar' located by 'By.cssSelector: .control-label.col-sm-4.paddingMarginRLC' in '10' second(s)

2021-11-12 17:10:15 - [MESSAGE][INFO] - Smart Wait Function is triggered

2021-11-12 17:10:16 - [MESSAGE][INFO] - Found 10 web elements with id: 'Object Repository/Filtreler/Basliklar' located by 'By.cssSelector: .control-label.col-sm-4.paddingMarginRLC' in '10' second(s)

2021-11-12 17:10:16 - [MESSAGE][PASSED] - Method.TextDegerineEsitElementVarMi is PASSED

2021-11-12 17:10:16 - [MESSAGE][PASSED] - Call Test Case 'Test Cases/Filtreler/FiltreVarMi' successfully

2021-11-12 17:10:16 - [MESSAGE][INFO] - Checking called Test Case

2021-11-12 17:10:16 - [MESSAGE][INFO] - Starting to call Test Case 'Test Cases/Filtreler/FiltreVarMi'

2021-11-12 17:10:16 - [TEST_CASE][PASSED] - Test Cases/Filtreler/FiltreVarMi: Test Cases/Filtreler/FiltreVarMi

2021-11-12 17:10:16 - [TEST_STEP][PASSED] - Method.TextDegerineEsitElementVarMi(findTestObject("Filtreler/Basliklar"), Filtre_alan): Method.TextDegerineEsitElementVarMi is PASSED

2021-11-12 17:10:16 - [MESSAGE][INFO] - Finding Test Object 'Object Repository/Filtreler/Basliklar'

2021-11-12 17:10:16 - [MESSAGE][INFO] - Checking timeout

2021-11-12 17:10:16 - [MESSAGE][INFO] - Finding web element with id: 'Object Repository/Filtreler/Basliklar' located by 'By.cssSelector: .control-label.col-sm-4.paddingMarginRLC' in '10' second(s)

2021-11-12 17:10:16 - [MESSAGE][INFO] - Smart Wait Function is triggered

2021-11-12 17:10:16 - [MESSAGE][INFO] - Found 10 web elements with id: 'Object Repository/Filtreler/Basliklar' located by 'By.cssSelector: .control-label.col-sm-4.paddingMarginRLC' in '10' second(s)

2021-11-12 17:10:16 - [MESSAGE][PASSED] - Method.TextDegerineEsitElementVarMi is PASSED

2021-11-12 17:10:16 - [MESSAGE][PASSED] - Call Test Case 'Test Cases/Filtreler/FiltreVarMi' successfully

2021-11-12 17:10:16 - [MESSAGE][INFO] - Checking called Test Case

2021-11-12 17:10:16 - [MESSAGE][INFO] - Starting to call Test Case 'Test Cases/Filtreler/ButonVarMi'

2021-11-12 17:10:16 - [TEST_CASE][PASSED] - Test Cases/Filtreler/ButonVarMi: Test Cases/Filtreler/ButonVarMi

2021-11-12 17:10:16 - [TEST_STEP][PASSED] - Method.TextDegerineEsitElementVarMi(findTestObject("Filtreler/Butonlar"), Filtre_Buton): Method.TextDegerineEsitElementVarMi is PASSED

2021-11-12 17:10:16 - [MESSAGE][INFO] - Finding Test Object 'Object Repository/Filtreler/Butonlar'

2021-11-12 17:10:16 - [MESSAGE][INFO] - Checking timeout

2021-11-12 17:10:16 - [MESSAGE][INFO] - Finding web element with id: 'Object Repository/Filtreler/Butonlar' located by 'By.cssSelector: .dxb>span' in '10' second(s)

2021-11-12 17:10:16 - [MESSAGE][INFO] - Smart Wait Function is triggered

2021-11-12 17:10:17 - [MESSAGE][INFO] - Found 2 web elements with id: 'Object Repository/Filtreler/Butonlar' located by 'By.cssSelector: .dxb>span' in '10' second(s)

2021-11-12 17:10:17 - [MESSAGE][PASSED] - Method.TextDegerineEsitElementVarMi is PASSED

2021-11-12 17:10:17 - [MESSAGE][PASSED] - Call Test Case 'Test Cases/Filtreler/ButonVarMi' successfully

2021-11-12 17:10:17 - [MESSAGE][INFO] - Checking called Test Case

2021-11-12 17:10:17 - [MESSAGE][INFO] - Starting to call Test Case 'Test Cases/Filtreler/ButonVarMi'

2021-11-12 17:10:17 - [TEST_CASE][PASSED] - Test Cases/Filtreler/ButonVarMi: Test Cases/Filtreler/ButonVarMi

2021-11-12 17:10:17 - [TEST_STEP][PASSED] - Method.TextDegerineEsitElementVarMi(findTestObject("Filtreler/Butonlar"), Filtre_Buton): Method.TextDegerineEsitElementVarMi is PASSED

2021-11-12 17:10:17 - [MESSAGE][INFO] - Finding Test Object 'Object Repository/Filtreler/Butonlar'

2021-11-12 17:10:17 - [MESSAGE][INFO] - Checking timeout

2021-11-12 17:10:17 - [MESSAGE][INFO] - Finding web element with id: 'Object Repository/Filtreler/Butonlar' located by 'By.cssSelector: .dxb>span' in '10' second(s)

2021-11-12 17:10:17 - [MESSAGE][INFO] - Smart Wait Function is triggered

2021-11-12 17:10:17 - [MESSAGE][INFO] - Found 2 web elements with id: 'Object Repository/Filtreler/Butonlar' located by 'By.cssSelector: .dxb>span' in '10' second(s)

2021-11-12 17:10:17 - [MESSAGE][PASSED] - Method.TextDegerineEsitElementVarMi is PASSED

2021-11-12 17:10:17 - [MESSAGE][PASSED] - Call Test Case 'Test Cases/Filtreler/ButonVarMi' successfully

2021-11-12 17:10:17 - [MESSAGE][INFO] - Checking called Test Case

2021-11-12 17:10:17 - [MESSAGE][INFO] - Starting to call Test Case 'Test Cases/Butonlar/ButonVarMi'

2021-11-12 17:10:17 - [TEST_CASE][PASSED] - Test Cases/Butonlar/ButonVarMi: Test Cases/Butonlar/ButonVarMi

2021-11-12 17:10:17 - [TEST_STEP][PASSED] - Method.TextDegerineEsitElementVarMi(findTestObject("Butonlar/Butonlar"), Buton): Method.TextDegerineEsitElementVarMi is PASSED

2021-11-12 17:10:17 - [MESSAGE][INFO] - Finding Test Object 'Object Repository/Butonlar/Butonlar'

2021-11-12 17:10:17 - [MESSAGE][INFO] - Checking timeout

2021-11-12 17:10:17 - [MESSAGE][INFO] - Finding web element with id: 'Object Repository/Butonlar/Butonlar' located by 'By.cssSelector: .panel.panel-default.text-center.footerPanel .btn,.btn.btn-primary.btnControls' in '10' second(s)

2021-11-12 17:10:17 - [MESSAGE][INFO] - Smart Wait Function is triggered

2021-11-12 17:10:18 - [MESSAGE][INFO] - Found 10 web elements with id: 'Object Repository/Butonlar/Butonlar' located by 'By.cssSelector: .panel.panel-default.text-center.footerPanel .btn,.btn.btn-primary.btnControls' in '10' second(s)

2021-11-12 17:10:18 - [MESSAGE][PASSED] - Method.TextDegerineEsitElementVarMi is PASSED

2021-11-12 17:10:18 - [MESSAGE][PASSED] - Call Test Case 'Test Cases/Butonlar/ButonVarMi' successfully

2021-11-12 17:10:18 - [MESSAGE][INFO] - Checking called Test Case

2021-11-12 17:10:18 - [MESSAGE][INFO] - Starting to call Test Case 'Test Cases/Butonlar/ButonVarMi'

2021-11-12 17:10:18 - [TEST_CASE][PASSED] - Test Cases/Butonlar/ButonVarMi: Test Cases/Butonlar/ButonVarMi

2021-11-12 17:10:18 - [TEST_STEP][PASSED] - Method.TextDegerineEsitElementVarMi(findTestObject("Butonlar/Butonlar"), Buton): Method.TextDegerineEsitElementVarMi is PASSED

2021-11-12 17:10:18 - [MESSAGE][INFO] - Finding Test Object 'Object Repository/Butonlar/Butonlar'

2021-11-12 17:10:18 - [MESSAGE][INFO] - Checking timeout

2021-11-12 17:10:18 - [MESSAGE][INFO] - Finding web element with id: 'Object Repository/Butonlar/Butonlar' located by 'By.cssSelector: .panel.panel-default.text-center.footerPanel .btn,.btn.btn-primary.btnControls' in '10' second(s)

2021-11-12 17:10:18 - [MESSAGE][INFO] - Smart Wait Function is triggered

2021-11-12 17:10:18 - [MESSAGE][INFO] - Found 10 web elements with id: 'Object Repository/Butonlar/Butonlar' located by 'By.cssSelector: .panel.panel-default.text-center.footerPanel .btn,.btn.btn-primary.btnControls' in '10' second(s)

2021-11-12 17:10:18 - [MESSAGE][PASSED] - Method.TextDegerineEsitElementVarMi is PASSED

2021-11-12 17:10:18 - [MESSAGE][PASSED] - Call Test Case 'Test Cases/Butonlar/ButonVarMi' successfully

2021-11-12 17:10:18 - [MESSAGE][INFO] - Checking called Test Case

2021-11-12 17:10:18 - [MESSAGE][INFO] - Starting to call Test Case 'Test Cases/Butonlar/ButonVarMi'

2021-11-12 17:10:18 - [TEST_CASE][PASSED] - Test Cases/Butonlar/ButonVarMi: Test Cases/Butonlar/ButonVarMi

2021-11-12 17:10:18 - [TEST_STEP][PASSED] - Method.TextDegerineEsitElementVarMi(findTestObject("Butonlar/Butonlar"), Buton): Method.TextDegerineEsitElementVarMi is PASSED

2021-11-12 17:10:18 - [MESSAGE][INFO] - Finding Test Object 'Object Repository/Butonlar/Butonlar'

2021-11-12 17:10:18 - [MESSAGE][INFO] - Checking timeout

2021-11-12 17:10:18 - [MESSAGE][INFO] - Finding web element with id: 'Object Repository/Butonlar/Butonlar' located by 'By.cssSelector: .panel.panel-default.text-center.footerPanel .btn,.btn.btn-primary.btnControls' in '10' second(s)

2021-11-12 17:10:18 - [MESSAGE][INFO] - Smart Wait Function is triggered

2021-11-12 17:10:19 - [MESSAGE][INFO] - Found 10 web elements with id: 'Object Repository/Butonlar/Butonlar' located by 'By.cssSelector: .panel.panel-default.text-center.footerPanel .btn,.btn.btn-primary.btnControls' in '10' second(s)

2021-11-12 17:10:19 - [MESSAGE][PASSED] - Method.TextDegerineEsitElementVarMi is PASSED

2021-11-12 17:10:19 - [MESSAGE][PASSED] - Call Test Case 'Test Cases/Butonlar/ButonVarMi' successfully

2021-11-12 17:10:19 - [MESSAGE][INFO] - Checking called Test Case

2021-11-12 17:10:19 - [MESSAGE][INFO] - Starting to call Test Case 'Test Cases/Butonlar/ButonVarMi'

2021-11-12 17:10:19 - [TEST_CASE][PASSED] - Test Cases/Butonlar/ButonVarMi: Test Cases/Butonlar/ButonVarMi

2021-11-12 17:10:19 - [TEST_STEP][PASSED] - Method.TextDegerineEsitElementVarMi(findTestObject("Butonlar/Butonlar"), Buton): Method.TextDegerineEsitElementVarMi is PASSED

2021-11-12 17:10:19 - [MESSAGE][INFO] - Finding Test Object 'Object Repository/Butonlar/Butonlar'

2021-11-12 17:10:19 - [MESSAGE][INFO] - Checking timeout

2021-11-12 17:10:19 - [MESSAGE][INFO] - Finding web element with id: 'Object Repository/Butonlar/Butonlar' located by 'By.cssSelector: .panel.panel-default.text-center.footerPanel .btn,.btn.btn-primary.btnControls' in '10' second(s)

2021-11-12 17:10:19 - [MESSAGE][INFO] - Smart Wait Function is triggered

2021-11-12 17:10:19 - [MESSAGE][INFO] - Found 10 web elements with id: 'Object Repository/Butonlar/Butonlar' located by 'By.cssSelector: .panel.panel-default.text-center.footerPanel .btn,.btn.btn-primary.btnControls' in '10' second(s)

2021-11-12 17:10:19 - [MESSAGE][PASSED] - Method.TextDegerineEsitElementVarMi is PASSED

2021-11-12 17:10:19 - [MESSAGE][PASSED] - Call Test Case 'Test Cases/Butonlar/ButonVarMi' successfully

2021-11-12 17:10:19 - [MESSAGE][INFO] - Checking called Test Case

2021-11-12 17:10:19 - [MESSAGE][INFO] - Starting to call Test Case 'Test Cases/Butonlar/ButonVarMi'

2021-11-12 17:10:19 - [TEST_CASE][PASSED] - Test Cases/Butonlar/ButonVarMi: Test Cases/Butonlar/ButonVarMi

2021-11-12 17:10:19 - [TEST_STEP][PASSED] - Method.TextDegerineEsitElementVarMi(findTestObject("Butonlar/Butonlar"), Buton): Method.TextDegerineEsitElementVarMi is PASSED

2021-11-12 17:10:19 - [MESSAGE][INFO] - Finding Test Object 'Object Repository/Butonlar/Butonlar'

2021-11-12 17:10:19 - [MESSAGE][INFO] - Checking timeout

2021-11-12 17:10:19 - [MESSAGE][INFO] - Finding web element with id: 'Object Repository/Butonlar/Butonlar' located by 'By.cssSelector: .panel.panel-default.text-center.footerPanel .btn,.btn.btn-primary.btnControls' in '10' second(s)

2021-11-12 17:10:19 - [MESSAGE][INFO] - Smart Wait Function is triggered

2021-11-12 17:10:20 - [MESSAGE][INFO] - Found 10 web elements with id: 'Object Repository/Butonlar/Butonlar' located by 'By.cssSelector: .panel.panel-default.text-center.footerPanel .btn,.btn.btn-primary.btnControls' in '10' second(s)

2021-11-12 17:10:20 - [MESSAGE][PASSED] - Method.TextDegerineEsitElementVarMi is PASSED

2021-11-12 17:10:20 - [MESSAGE][PASSED] - Call Test Case 'Test Cases/Butonlar/ButonVarMi' successfully

2021-11-12 17:10:20 - [MESSAGE][INFO] - Checking called Test Case

2021-11-12 17:10:20 - [MESSAGE][INFO] - Starting to call Test Case 'Test Cases/Butonlar/ButonVarMi'

2021-11-12 17:10:20 - [TEST_CASE][PASSED] - Test Cases/Butonlar/ButonVarMi: Test Cases/Butonlar/ButonVarMi

2021-11-12 17:10:20 - [TEST_STEP][PASSED] - Method.TextDegerineEsitElementVarMi(findTestObject("Butonlar/Butonlar"), Buton): Method.TextDegerineEsitElementVarMi is PASSED

2021-11-12 17:10:20 - [MESSAGE][INFO] - Finding Test Object 'Object Repository/Butonlar/Butonlar'

2021-11-12 17:10:20 - [MESSAGE][INFO] - Checking timeout

2021-11-12 17:10:20 - [MESSAGE][INFO] - Finding web element with id: 'Object Repository/Butonlar/Butonlar' located by 'By.cssSelector: .panel.panel-default.text-center.footerPanel .btn,.btn.btn-primary.btnControls' in '10' second(s)

2021-11-12 17:10:20 - [MESSAGE][INFO] - Smart Wait Function is triggered

2021-11-12 17:10:20 - [MESSAGE][INFO] - Found 10 web elements with id: 'Object Repository/Butonlar/Butonlar' located by 'By.cssSelector: .panel.panel-default.text-center.footerPanel .btn,.btn.btn-primary.btnControls' in '10' second(s)

2021-11-12 17:10:21 - [MESSAGE][PASSED] - Method.TextDegerineEsitElementVarMi is PASSED

2021-11-12 17:10:21 - [MESSAGE][PASSED] - Call Test Case 'Test Cases/Butonlar/ButonVarMi' successfully

2021-11-12 17:10:21 - [MESSAGE][INFO] - Checking called Test Case

2021-11-12 17:10:21 - [MESSAGE][INFO] - Starting to call Test Case 'Test Cases/Butonlar/ButonVarMi'

2021-11-12 17:10:21 - [TEST_CASE][PASSED] - Test Cases/Butonlar/ButonVarMi: Test Cases/Butonlar/ButonVarMi

2021-11-12 17:10:21 - [TEST_STEP][PASSED] - Method.TextDegerineEsitElementVarMi(findTestObject("Butonlar/Butonlar"), Buton): Method.TextDegerineEsitElementVarMi is PASSED

2021-11-12 17:10:21 - [MESSAGE][INFO] - Finding Test Object 'Object Repository/Butonlar/Butonlar'

2021-11-12 17:10:21 - [MESSAGE][INFO] - Checking timeout

2021-11-12 17:10:21 - [MESSAGE][INFO] - Finding web element with id: 'Object Repository/Butonlar/Butonlar' located by 'By.cssSelector: .panel.panel-default.text-center.footerPanel .btn,.btn.btn-primary.btnControls' in '10' second(s)

2021-11-12 17:10:21 - [MESSAGE][INFO] - Smart Wait Function is triggered

2021-11-12 17:10:21 - [MESSAGE][INFO] - Found 10 web elements with id: 'Object Repository/Butonlar/Butonlar' located by 'By.cssSelector: .panel.panel-default.text-center.footerPanel .btn,.btn.btn-primary.btnControls' in '10' second(s)

2021-11-12 17:10:21 - [MESSAGE][PASSED] - Method.TextDegerineEsitElementVarMi is PASSED

2021-11-12 17:10:21 - [MESSAGE][PASSED] - Call Test Case 'Test Cases/Butonlar/ButonVarMi' successfully

2021-11-12 17:10:21 - [MESSAGE][INFO] - Checking called Test Case

2021-11-12 17:10:21 - [MESSAGE][INFO] - Starting to call Test Case 'Test Cases/Butonlar/ButonVarMi'

2021-11-12 17:10:21 - [TEST_CASE][PASSED] - Test Cases/Butonlar/ButonVarMi: Test Cases/Butonlar/ButonVarMi

2021-11-12 17:10:21 - [TEST_STEP][PASSED] - Method.TextDegerineEsitElementVarMi(findTestObject("Butonlar/Butonlar"), Buton): Method.TextDegerineEsitElementVarMi is PASSED

2021-11-12 17:10:21 - [MESSAGE][INFO] - Finding Test Object 'Object Repository/Butonlar/Butonlar'

2021-11-12 17:10:21 - [MESSAGE][INFO] - Checking timeout

2021-11-12 17:10:21 - [MESSAGE][INFO] - Finding web element with id: 'Object Repository/Butonlar/Butonlar' located by 'By.cssSelector: .panel.panel-default.text-center.footerPanel .btn,.btn.btn-primary.btnControls' in '10' second(s)

2021-11-12 17:10:21 - [MESSAGE][INFO] - Smart Wait Function is triggered

2021-11-12 17:10:22 - [MESSAGE][INFO] - Found 10 web elements with id: 'Object Repository/Butonlar/Butonlar' located by 'By.cssSelector: .panel.panel-default.text-center.footerPanel .btn,.btn.btn-primary.btnControls' in '10' second(s)

2021-11-12 17:10:22 - [MESSAGE][PASSED] - Method.TextDegerineEsitElementVarMi is PASSED

2021-11-12 17:10:22 - [MESSAGE][PASSED] - Call Test Case 'Test Cases/Butonlar/ButonVarMi' successfully

2021-11-12 17:10:22 - [MESSAGE][INFO] - Checking called Test Case

2021-11-12 17:10:22 - [MESSAGE][INFO] - Starting to call Test Case 'Test Cases/Butonlar/ButonaTikla'

2021-11-12 17:10:22 - [TEST_CASE][PASSED] - Test Cases/Butonlar/ButonaTikla: Test Cases/Butonlar/ButonaTikla

2021-11-12 17:10:22 - [TEST_STEP][PASSED] - Method.TextDegerineEsitElementeTiklaEquals(findTestObject("Butonlar/Butonlar"), Buton_Adi): Method.TextDegerineEsitElementeTiklaEquals is PASSED

2021-11-12 17:10:22 - [MESSAGE][INFO] - Finding Test Object 'Object Repository/Butonlar/Butonlar'

2021-11-12 17:10:22 - [MESSAGE][INFO] - Checking timeout

2021-11-12 17:10:22 - [MESSAGE][INFO] - Finding web element with id: 'Object Repository/Butonlar/Butonlar' located by 'By.cssSelector: .panel.panel-default.text-center.footerPanel .btn,.btn.btn-primary.btnControls' in '10' second(s)

2021-11-12 17:10:22 - [MESSAGE][INFO] - Smart Wait Function is triggered

2021-11-12 17:10:22 - [MESSAGE][INFO] - Found 10 web elements with id: 'Object Repository/Butonlar/Butonlar' located by 'By.cssSelector: .panel.panel-default.text-center.footerPanel .btn,.btn.btn-primary.btnControls' in '10' second(s)

2021-11-12 17:10:23 - [MESSAGE][PASSED] - Method.TextDegerineEsitElementeTiklaEquals is PASSED

2021-11-12 17:10:23 - [MESSAGE][PASSED] - Call Test Case 'Test Cases/Butonlar/ButonaTikla' successfully

2021-11-12 17:10:23 - [MESSAGE][INFO] - Checking called Test Case

2021-11-12 17:10:23 - [MESSAGE][INFO] - Starting to call Test Case 'Test Cases/Butonlar/AltButonVarMi'

2021-11-12 17:10:23 - [TEST_CASE][PASSED] - Test Cases/Butonlar/AltButonVarMi: Test Cases/Butonlar/AltButonVarMi

2021-11-12 17:10:23 - [TEST_STEP][PASSED] - Method.TextDegerineEsitElementVarMi(findTestObject("Butonlar/AltButonlar"), AltButon): Method.TextDegerineEsitElementVarMi is PASSED

2021-11-12 17:10:23 - [MESSAGE][INFO] - Finding Test Object 'Object Repository/Butonlar/AltButonlar'

2021-11-12 17:10:23 - [MESSAGE][INFO] - Checking timeout

2021-11-12 17:10:23 - [MESSAGE][INFO] - Finding web element with id: 'Object Repository/Butonlar/AltButonlar' located by 'By.cssSelector: .btn-group.open li>a' in '10' second(s)

2021-11-12 17:10:23 - [MESSAGE][INFO] - Smart Wait Function is triggered

2021-11-12 17:10:24 - [MESSAGE][INFO] - Found 2 web elements with id: 'Object Repository/Butonlar/AltButonlar' located by 'By.cssSelector: .btn-group.open li>a' in '10' second(s)

2021-11-12 17:10:24 - [MESSAGE][PASSED] - Method.TextDegerineEsitElementVarMi is PASSED

2021-11-12 17:10:24 - [MESSAGE][PASSED] - Call Test Case 'Test Cases/Butonlar/AltButonVarMi' successfully

2021-11-12 17:10:24 - [MESSAGE][INFO] - Checking called Test Case

2021-11-12 17:10:24 - [MESSAGE][INFO] - Starting to call Test Case 'Test Cases/Butonlar/AltButonVarMi'

2021-11-12 17:10:24 - [TEST_CASE][PASSED] - Test Cases/Butonlar/AltButonVarMi: Test Cases/Butonlar/AltButonVarMi

2021-11-12 17:10:24 - [TEST_STEP][PASSED] - Method.TextDegerineEsitElementVarMi(findTestObject("Butonlar/AltButonlar"), AltButon): Method.TextDegerineEsitElementVarMi is PASSED

2021-11-12 17:10:24 - [MESSAGE][INFO] - Finding Test Object 'Object Repository/Butonlar/AltButonlar'

2021-11-12 17:10:24 - [MESSAGE][INFO] - Checking timeout

2021-11-12 17:10:24 - [MESSAGE][INFO] - Finding web element with id: 'Object Repository/Butonlar/AltButonlar' located by 'By.cssSelector: .btn-group.open li>a' in '10' second(s)

2021-11-12 17:10:24 - [MESSAGE][INFO] - Smart Wait Function is triggered

2021-11-12 17:10:24 - [MESSAGE][INFO] - Found 2 web elements with id: 'Object Repository/Butonlar/AltButonlar' located by 'By.cssSelector: .btn-group.open li>a' in '10' second(s)

2021-11-12 17:10:24 - [MESSAGE][PASSED] - Method.TextDegerineEsitElementVarMi is PASSED

2021-11-12 17:10:24 - [MESSAGE][PASSED] - Call Test Case 'Test Cases/Butonlar/AltButonVarMi' successfully

2021-11-12 17:10:24 - [MESSAGE][INFO] - Checking called Test Case

2021-11-12 17:10:24 - [MESSAGE][INFO] - Starting to call Test Case 'Test Cases/Kullanici_Islemleri/KullaniciIslemlerindenSecimYapilir'

2021-11-12 17:10:24 - [TEST_CASE][PASSED] - Test Cases/Kullanici_Islemleri/KullaniciIslemlerindenSecimYapilir: Test Cases/Kullanici_Islemleri/KullaniciIslemlerindenSecimYapilir

2021-11-12 17:10:24 - [TEST_STEP][PASSED] - waitForElementClickable(findTestObject("Object Repository/Kullanici_Islemleri/KullaniciIslemleri"), 10): Object 'Object Repository/Kullanici_Islemleri/KullaniciIslemleri' is clickable

2021-11-12 17:10:24 - [MESSAGE][INFO] - Finding Test Object 'Object Repository/Kullanici_Islemleri/KullaniciIslemleri'

2021-11-12 17:10:24 - [MESSAGE][INFO] - Checking object

2021-11-12 17:10:24 - [MESSAGE][INFO] - Checking timeout

2021-11-12 17:10:24 - [MESSAGE][INFO] - Finding web element from Test Object's properties

2021-11-12 17:10:24 - [MESSAGE][INFO] - Checking timeout

2021-11-12 17:10:24 - [MESSAGE][INFO] - Finding web element with id: 'Object Repository/Kullanici_Islemleri/KullaniciIslemleri' located by 'By.cssSelector: .dropdown>a>img' in '10' second(s)

2021-11-12 17:10:24 - [MESSAGE][INFO] - Smart Wait Function is triggered

2021-11-12 17:10:25 - [MESSAGE][INFO] - Found 1 web elements with id: 'Object Repository/Kullanici_Islemleri/KullaniciIslemleri' located by 'By.cssSelector: .dropdown>a>img' in '10' second(s)

2021-11-12 17:10:25 - [MESSAGE][PASSED] - Object 'Object Repository/Kullanici_Islemleri/KullaniciIslemleri' is clickable

2021-11-12 17:10:25 - [TEST_STEP][PASSED] - click(findTestObject("Object Repository/Kullanici_Islemleri/KullaniciIslemleri")): Object: 'Object Repository/Kullanici_Islemleri/KullaniciIslemleri' is clicked on

2021-11-12 17:10:25 - [MESSAGE][INFO] - Finding Test Object 'Object Repository/Kullanici_Islemleri/KullaniciIslemleri'

2021-11-12 17:10:25 - [MESSAGE][INFO] - Checking object

2021-11-12 17:10:25 - [MESSAGE][INFO] - Finding web element from Test Object's properties

2021-11-12 17:10:25 - [MESSAGE][INFO] - Checking timeout

2021-11-12 17:10:25 - [MESSAGE][INFO] - Finding web element with id: 'Object Repository/Kullanici_Islemleri/KullaniciIslemleri' located by 'By.cssSelector: .dropdown>a>img' in '30' second(s)

2021-11-12 17:10:25 - [MESSAGE][INFO] - Smart Wait Function is triggered

2021-11-12 17:10:25 - [MESSAGE][INFO] - Found 1 web elements with id: 'Object Repository/Kullanici_Islemleri/KullaniciIslemleri' located by 'By.cssSelector: .dropdown>a>img' in '30' second(s)

2021-11-12 17:10:25 - [MESSAGE][INFO] - Clicking on object: 'Object Repository/Kullanici_Islemleri/KullaniciIslemleri'

2021-11-12 17:10:25 - [MESSAGE][PASSED] - Object: 'Object Repository/Kullanici_Islemleri/KullaniciIslemleri' is clicked on

2021-11-12 17:10:25 - [TEST_STEP][PASSED] - Method.TextDegerineEsitElementeTikla(findTestObject("Object Repository/Kullanici_Islemleri/Secenekler"), Islem): Method.TextDegerineEsitElementeTikla is PASSED

2021-11-12 17:10:25 - [MESSAGE][INFO] - Finding Test Object 'Object Repository/Kullanici_Islemleri/Secenekler'

2021-11-12 17:10:25 - [MESSAGE][INFO] - Checking timeout

2021-11-12 17:10:25 - [MESSAGE][INFO] - Finding web element with id: 'Object Repository/Kullanici_Islemleri/Secenekler' located by 'By.cssSelector: .nav.navbar-nav.navbar-right li a' in '10' second(s)

2021-11-12 17:10:25 - [MESSAGE][INFO] - Smart Wait Function is triggered

2021-11-12 17:10:25 - [MESSAGE][INFO] - Found 22 web elements with id: 'Object Repository/Kullanici_Islemleri/Secenekler' located by 'By.cssSelector: .nav.navbar-nav.navbar-right li a' in '10' second(s)

2021-11-12 17:10:27 - [MESSAGE][PASSED] - Method.TextDegerineEsitElementeTikla is PASSED

2021-11-12 17:10:27 - [TEST_STEP][PASSED] - verifyElementNotPresent(findTestObject("Object Repository/Kullanici_Islemleri/Secenekler"), 10): Web element with id: 'Object Repository/Kullanici_Islemleri/Secenekler' located by 'By.cssSelector: .nav.navbar-nav.navbar-right li a' is not present after '10' second(s)

2021-11-12 17:10:27 - [MESSAGE][INFO] - Finding Test Object 'Object Repository/Kullanici_Islemleri/Secenekler'

2021-11-12 17:10:27 - [MESSAGE][INFO] - Checking object

2021-11-12 17:10:27 - [MESSAGE][INFO] - Checking timeout

2021-11-12 17:10:27 - [MESSAGE][INFO] - Finding web element with id: 'Object Repository/Kullanici_Islemleri/Secenekler' located by 'By.cssSelector: .nav.navbar-nav.navbar-right li a' in '10' second(s)

2021-11-12 17:10:27 - [MESSAGE][INFO] - Smart Wait Function is triggered

2021-11-12 17:10:28 - [MESSAGE][PASSED] - Web element with id: 'Object Repository/Kullanici_Islemleri/Secenekler' located by 'By.cssSelector: .nav.navbar-nav.navbar-right li a' is not present after '10' second(s)

2021-11-12 17:10:28 - [MESSAGE][PASSED] - Call Test Case 'Test Cases/Kullanici_Islemleri/KullaniciIslemlerindenSecimYapilir' successfully

2021-11-12 17:10:28 - [TEST_CASE][PASSED] - Start Test Case : SCENARIO e-Arsiv Fatura Olusturma Buton Kontrolu: SCENARIO e-Arsiv Fatura Olusturma Buton Kontrolu

2021-11-12 17:10:28 - [TEST_STEP][PASSED] - Kullanıcı adı ELOGO6 ve Şifre 123456 olarak giriş yapılır: Kullanıcı adı ELOGO6 ve Şifre 123456 olarak giriş yapılır

2021-11-12 17:10:28 - [MESSAGE][PASSED] - Kullanıcı adı ELOGO6 ve Şifre 123456 olarak giriş yapılır

2021-11-12 17:10:28 - [TEST_STEP][PASSED] - Ana menüden e-Arşiv seçilir: Ana menüden e-Arşiv seçilir

2021-11-12 17:10:28 - [MESSAGE][PASSED] - Ana menüden e-Arşiv seçilir

2021-11-12 17:10:28 - [TEST_STEP][PASSED] - Alt menü e-Arşiv Araçları başlığı altındaki e-Arşiv Fatura Oluşturma seçilir: Alt menü e-Arşiv Araçları başlığı altındaki e-Arşiv Fatura Oluşturma seçilir

2021-11-12 17:10:28 - [MESSAGE][PASSED] - Alt menü e-Arşiv Araçları başlığı altındaki e-Arşiv Fatura Oluşturma seçilir

2021-11-12 17:10:28 - [TEST_STEP][PASSED] - Filtre alanlarında Durumu var mı: Filtre alanlarında Durumu var mı

2021-11-12 17:10:28 - [MESSAGE][PASSED] - Filtre alanlarında Durumu var mı

2021-11-12 17:10:28 - [TEST_STEP][PASSED] - Filtre alanlarında Oluşturma Tarihi var mı: Filtre alanlarında Oluşturma Tarihi var mı

2021-11-12 17:10:28 - [MESSAGE][PASSED] - Filtre alanlarında Oluşturma Tarihi var mı

2021-11-12 17:10:28 - [TEST_STEP][PASSED] - Filtre alanlarında Toplam Tutar var mı: Filtre alanlarında Toplam Tutar var mı

2021-11-12 17:10:28 - [MESSAGE][PASSED] - Filtre alanlarında Toplam Tutar var mı

2021-11-12 17:10:28 - [TEST_STEP][PASSED] - Filtre alanlarında Tüm Hesaplar var mı: Filtre alanlarında Tüm Hesaplar var mı

2021-11-12 17:10:28 - [MESSAGE][PASSED] - Filtre alanlarında Tüm Hesaplar var mı

2021-11-12 17:10:28 - [TEST_STEP][PASSED] - Filtre alanlarında Alıcı Ünvan var mı: Filtre alanlarında Alıcı Ünvan var mı

2021-11-12 17:10:28 - [MESSAGE][PASSED] - Filtre alanlarında Alıcı Ünvan var mı

2021-11-12 17:10:28 - [TEST_STEP][PASSED] - Filtre alanlarında Fatura Tarihi var mı: Filtre alanlarında Fatura Tarihi var mı

2021-11-12 17:10:28 - [MESSAGE][PASSED] - Filtre alanlarında Fatura Tarihi var mı

2021-11-12 17:10:28 - [TEST_STEP][PASSED] - Filtre alanlarında Fatura ETTN var mı: Filtre alanlarında Fatura ETTN var mı

2021-11-12 17:10:28 - [MESSAGE][PASSED] - Filtre alanlarında Fatura ETTN var mı

2021-11-12 17:10:28 - [TEST_STEP][PASSED] - Filtre alanlarında Fatura No var mı: Filtre alanlarında Fatura No var mı

2021-11-12 17:10:28 - [MESSAGE][PASSED] - Filtre alanlarında Fatura No var mı

2021-11-12 17:10:28 - [TEST_STEP][PASSED] - Filtre alanlarında Tür var mı: Filtre alanlarında Tür var mı

2021-11-12 17:10:28 - [MESSAGE][PASSED] - Filtre alanlarında Tür var mı

2021-11-12 17:10:28 - [TEST_STEP][PASSED] - Filtre alanlarında Müşteri Bayi Kodu var mı: Filtre alanlarında Müşteri Bayi Kodu var mı

2021-11-12 17:10:28 - [MESSAGE][PASSED] - Filtre alanlarında Müşteri Bayi Kodu var mı

2021-11-12 17:10:28 - [TEST_STEP][PASSED] - Filtre butonlarında Listele var mı: Filtre butonlarında Listele var mı

2021-11-12 17:10:28 - [MESSAGE][PASSED] - Filtre butonlarında Listele var mı

2021-11-12 17:10:28 - [TEST_STEP][PASSED] - Filtre butonlarında Temizle var mı: Filtre butonlarında Temizle var mı

2021-11-12 17:10:28 - [MESSAGE][PASSED] - Filtre butonlarında Temizle var mı

2021-11-12 17:10:28 - [TEST_STEP][PASSED] - Butonlardan Ekle var mı: Butonlardan Ekle var mı

2021-11-12 17:10:28 - [MESSAGE][PASSED] - Butonlardan Ekle var mı

2021-11-12 17:10:28 - [TEST_STEP][PASSED] - Butonlardan Numara Oluştur var mı: Butonlardan Numara Oluştur var mı

2021-11-12 17:10:28 - [MESSAGE][PASSED] - Butonlardan Numara Oluştur var mı

2021-11-12 17:10:28 - [TEST_STEP][PASSED] - Butonlardan Gönder var mı: Butonlardan Gönder var mı

2021-11-12 17:10:28 - [MESSAGE][PASSED] - Butonlardan Gönder var mı

2021-11-12 17:10:28 - [TEST_STEP][PASSED] - Butonlardan Değiştir var mı: Butonlardan Değiştir var mı

2021-11-12 17:10:28 - [MESSAGE][PASSED] - Butonlardan Değiştir var mı

2021-11-12 17:10:28 - [TEST_STEP][PASSED] - Butonlardan Göster var mı: Butonlardan Göster var mı

2021-11-12 17:10:28 - [MESSAGE][PASSED] - Butonlardan Göster var mı

2021-11-12 17:10:28 - [TEST_STEP][PASSED] - Butonlardan UBL var mı: Butonlardan UBL var mı

2021-11-12 17:10:28 - [MESSAGE][PASSED] - Butonlardan UBL var mı

2021-11-12 17:10:28 - [TEST_STEP][PASSED] - Butonlardan Sil var mı: Butonlardan Sil var mı

2021-11-12 17:10:28 - [MESSAGE][PASSED] - Butonlardan Sil var mı

2021-11-12 17:10:28 - [TEST_STEP][PASSED] - Butonlardan Excel var mı: Butonlardan Excel var mı

2021-11-12 17:10:28 - [MESSAGE][PASSED] - Butonlardan Excel var mı

2021-11-12 17:10:28 - [TEST_STEP][PASSED] - Butonlardan Excel isimli butona tıklanır: Butonlardan Excel isimli butona tıklanır

2021-11-12 17:10:28 - [MESSAGE][PASSED] - Butonlardan Excel isimli butona tıklanır

2021-11-12 17:10:28 - [TEST_STEP][PASSED] - Alt butonlardan Excel'e Aktar var mı: Alt butonlardan Excel'e Aktar var mı

2021-11-12 17:10:28 - [MESSAGE][PASSED] - Alt butonlardan Excel'e Aktar var mı

2021-11-12 17:10:28 - [TEST_STEP][PASSED] - Alt butonlardan Tümünü Excel'e Aktar var mı: Alt butonlardan Tümünü Excel'e Aktar var mı

2021-11-12 17:10:28 - [MESSAGE][PASSED] - Alt butonlardan Tümünü Excel'e Aktar var mı

2021-11-12 17:10:28 - [TEST_STEP][PASSED] - Kullanıcı işlemlerinden Çıkış seçilir: Kullanıcı işlemlerinden Çıkış seçilir

2021-11-12 17:10:28 - [MESSAGE][PASSED] - Kullanıcı işlemlerinden Çıkış seçilir

2021-11-12 17:10:28 - [MESSAGE][PASSED] - Feature file: 'Include/features/e-Arsiv/e-Arsiv Araclari/e-Arsiv Fatura Olusturma/Ekran Kontrolu.feature' was passed

2021-11-12 17:10:28 - [TEST_STEP][PASSED] - Start listener action : sampleAfterTestSuite: Invoke 'com.kms.katalon.core.annotation.AfterTestCase' method: 'Listener.sampleAfterTestSuite(...)' completed.

2021-11-12 17:10:28 - [MESSAGE][INFO] - Starting invoke 'com.kms.katalon.core.annotation.AfterTestCase' method: 'Listener.sampleAfterTestSuite(...)'

2021-11-12 17:10:28 - [TEST_STEP][PASSED] - closeBrowser(): Invoke 'com.kms.katalon.core.annotation.AfterTestCase' method: 'Listener.sampleAfterTestSuite(...)' completed.

2021-11-12 17:10:28 - [MESSAGE][INFO] - Closing browser

2021-11-12 17:10:28 - [MESSAGE][PASSED] - Browser is closed

2021-11-12 17:10:28 - [MESSAGE][INFO] - Invoke 'com.kms.katalon.core.annotation.AfterTestCase' method: 'Listener.sampleAfterTestSuite(...)' completed.]]></system-out>
         <system-err><![CDATA[]]></system-err>
      </testcase>
      <testcase name="Test Cases/Case Repository/e-Arsiv/e-Arsiv Araclari/e-Arsiv Taslak/Buton Kontrolu" time="47.616" classname="Test Cases/Case Repository/e-Arsiv/e-Arsiv Araclari/e-Arsiv Taslak/Buton Kontrolu" status="PASSED">
         <system-out><![CDATA[2021-11-12 17:10:29 - [TEST_CASE][PASSED] - Test Cases/Case Repository/e-Arsiv/e-Arsiv Araclari/e-Arsiv Taslak/Buton Kontrolu: Test Cases/Case Repository/e-Arsiv/e-Arsiv Araclari/e-Arsiv Taslak/Buton Kontrolu

2021-11-12 17:10:29 - [TEST_STEP][PASSED] - Start listener action : sampleBeforeTestSuite: Invoke 'com.kms.katalon.core.annotation.BeforeTestCase' method: 'Listener.sampleBeforeTestSuite(...)' completed.

2021-11-12 17:10:29 - [MESSAGE][INFO] - Starting invoke 'com.kms.katalon.core.annotation.BeforeTestCase' method: 'Listener.sampleBeforeTestSuite(...)'

2021-11-12 17:10:29 - [TEST_STEP][PASSED] - openBrowser(baseUrl): Browser is opened with url: 'https://efatura-stage.elogo.com.tr/'

2021-11-12 17:10:29 - [MESSAGE][INFO] - Opening browser

2021-11-12 17:10:29 - [MESSAGE][INFO] - Starting 'Chrome' driver

2021-11-12 17:10:29 - [MESSAGE][INFO] - User set preference: ['prefs', '{download.default_directory=C:\otomasyondownfiles}']

2021-11-12 17:10:29 - [MESSAGE][INFO] - Action delay is set to 0 milliseconds

2021-11-12 17:10:30 - [MESSAGE][INFO] - Navigating browser to: 'https://efatura-stage.elogo.com.tr/'

2021-11-12 17:10:34 - [MESSAGE][PASSED] - Browser is opened with url: 'https://efatura-stage.elogo.com.tr/'

2021-11-12 17:10:34 - [TEST_STEP][PASSED] - maximizeWindow(): Invoke 'com.kms.katalon.core.annotation.BeforeTestCase' method: 'Listener.sampleBeforeTestSuite(...)' completed.

2021-11-12 17:10:34 - [MESSAGE][INFO] - Maximizing current window

2021-11-12 17:10:34 - [MESSAGE][PASSED] - Current window maximized

2021-11-12 17:10:34 - [MESSAGE][INFO] - Invoke 'com.kms.katalon.core.annotation.BeforeTestCase' method: 'Listener.sampleBeforeTestSuite(...)' completed.

2021-11-12 17:10:35 - [TEST_STEP][PASSED] - runFeatureFile("Include/features/e-Arsiv/e-Arsiv Araclari/e-Arsiv Taslak/Buton Kontrolu.feature"): Feature file: 'Include/features/e-Arsiv/e-Arsiv Araclari/e-Arsiv Taslak/Buton Kontrolu.feature' was passed

2021-11-12 17:10:35 - [MESSAGE][INFO] - Starting run keyword runFeatureFile: 'Include/features/e-Arsiv/e-Arsiv Araclari/e-Arsiv Taslak/Buton Kontrolu.feature' and extract report to folder: 'C:\Users\DELL\Documents\GitHub\EES_KatalonLogo\Reports\20211112_170311\Suite Repository\e-Arsiv\20211112_170317/cucumber_report/1636726235365'...

2021-11-12 17:10:35 - [MESSAGE][INFO] - Glue: []

2021-11-12 17:10:37 - [MESSAGE][INFO] - Checking called Test Case

2021-11-12 17:10:37 - [MESSAGE][INFO] - Starting to call Test Case 'Test Cases/Sayfalar/Giris_Sayfasi/Login'

2021-11-12 17:10:37 - [TEST_CASE][PASSED] - Test Cases/Sayfalar/Giris_Sayfasi/Login: Test Cases/Sayfalar/Giris_Sayfasi/Login

2021-11-12 17:10:37 - [TEST_STEP][PASSED] - Sayfa_Basligi = getWindowTitle(): Current window's title is: 'LOGO e-Fatura'

2021-11-12 17:10:37 - [MESSAGE][INFO] - Getting current window's title

2021-11-12 17:10:37 - [MESSAGE][PASSED] - Current window's title is: 'LOGO e-Fatura'

2021-11-12 17:10:37 - [TEST_STEP][PASSED] - verifyMatch(Sayfa_Basligi, "LOGO e-Fatura", false): Actual text 'LOGO e-Fatura' and expected text 'LOGO e-Fatura' are matched 

2021-11-12 17:10:37 - [MESSAGE][INFO] - Matching actual text 'LOGO e-Fatura' with expected text 'LOGO e-Fatura'

2021-11-12 17:10:37 - [MESSAGE][PASSED] - Actual text 'LOGO e-Fatura' and expected text 'LOGO e-Fatura' are matched 

2021-11-12 17:10:37 - [TEST_STEP][PASSED] - sendKeys(findTestObject("Sayfalar/Giris_Sayfasi/Firma_Kodu"), KullaniciAdi): Keys 'ELOGO6' sent to object: 'Object Repository/Sayfalar/Giris_Sayfasi/Firma_Kodu'

2021-11-12 17:10:37 - [MESSAGE][INFO] - Finding Test Object 'Object Repository/Sayfalar/Giris_Sayfasi/Firma_Kodu'

2021-11-12 17:10:37 - [MESSAGE][INFO] - Sending keys 'ELOGO6' to object: 'Object Repository/Sayfalar/Giris_Sayfasi/Firma_Kodu'

2021-11-12 17:10:37 - [MESSAGE][INFO] - Finding web element from Test Object's properties

2021-11-12 17:10:37 - [MESSAGE][INFO] - Checking timeout

2021-11-12 17:10:37 - [MESSAGE][INFO] - Finding web element with id: 'Object Repository/Sayfalar/Giris_Sayfasi/Firma_Kodu' located by 'By.xpath: //*[@id = 'AccountName']' in '30' second(s)

2021-11-12 17:10:37 - [MESSAGE][INFO] - Smart Wait Function is triggered

2021-11-12 17:10:37 - [MESSAGE][INFO] - Found 1 web elements with id: 'Object Repository/Sayfalar/Giris_Sayfasi/Firma_Kodu' located by 'By.xpath: //*[@id = 'AccountName']' in '30' second(s)

2021-11-12 17:10:38 - [MESSAGE][PASSED] - Keys 'ELOGO6' sent to object: 'Object Repository/Sayfalar/Giris_Sayfasi/Firma_Kodu'

2021-11-12 17:10:38 - [TEST_STEP][PASSED] - sendKeys(findTestObject("Sayfalar/Giris_Sayfasi/Sifre"), Sifre): Keys '123456' sent to object: 'Object Repository/Sayfalar/Giris_Sayfasi/Sifre'

2021-11-12 17:10:38 - [MESSAGE][INFO] - Finding Test Object 'Object Repository/Sayfalar/Giris_Sayfasi/Sifre'

2021-11-12 17:10:38 - [MESSAGE][INFO] - Sending keys '123456' to object: 'Object Repository/Sayfalar/Giris_Sayfasi/Sifre'

2021-11-12 17:10:38 - [MESSAGE][INFO] - Finding web element from Test Object's properties

2021-11-12 17:10:38 - [MESSAGE][INFO] - Checking timeout

2021-11-12 17:10:38 - [MESSAGE][INFO] - Finding web element with id: 'Object Repository/Sayfalar/Giris_Sayfasi/Sifre' located by 'By.xpath: //*[@id = 'Password']' in '30' second(s)

2021-11-12 17:10:38 - [MESSAGE][INFO] - Smart Wait Function is triggered

2021-11-12 17:10:38 - [MESSAGE][INFO] - Found 1 web elements with id: 'Object Repository/Sayfalar/Giris_Sayfasi/Sifre' located by 'By.xpath: //*[@id = 'Password']' in '30' second(s)

2021-11-12 17:10:38 - [MESSAGE][PASSED] - Keys '123456' sent to object: 'Object Repository/Sayfalar/Giris_Sayfasi/Sifre'

2021-11-12 17:10:38 - [TEST_STEP][PASSED] - findWebElement(findTestObject("Sayfalar/Giris_Sayfasi/Giris_Butonu")).click(): Found 1 web elements with id: 'Object Repository/Sayfalar/Giris_Sayfasi/Giris_Butonu' located by 'By.cssSelector: #btnLogin' in '30' second(s)

2021-11-12 17:10:38 - [MESSAGE][INFO] - Finding Test Object 'Object Repository/Sayfalar/Giris_Sayfasi/Giris_Butonu'

2021-11-12 17:10:38 - [MESSAGE][INFO] - Finding web element from Test Object's properties

2021-11-12 17:10:38 - [MESSAGE][INFO] - Checking timeout

2021-11-12 17:10:38 - [MESSAGE][INFO] - Finding web element with id: 'Object Repository/Sayfalar/Giris_Sayfasi/Giris_Butonu' located by 'By.cssSelector: #btnLogin' in '30' second(s)

2021-11-12 17:10:38 - [MESSAGE][INFO] - Smart Wait Function is triggered

2021-11-12 17:10:38 - [MESSAGE][INFO] - Found 1 web elements with id: 'Object Repository/Sayfalar/Giris_Sayfasi/Giris_Butonu' located by 'By.cssSelector: #btnLogin' in '30' second(s)

2021-11-12 17:10:41 - [TEST_STEP][PASSED] - if (verifyElementPresent(findTestObject("Object Repository/Sayfalar/Giris_Sayfasi/RetveTamam_Butonu"), 5, OPTIONAL)): null

2021-11-12 17:10:41 - [MESSAGE][INFO] - Finding Test Object 'Object Repository/Sayfalar/Giris_Sayfasi/RetveTamam_Butonu'

2021-11-12 17:10:41 - [MESSAGE][INFO] - Checking object

2021-11-12 17:10:41 - [MESSAGE][INFO] - Finding web element from Test Object's properties

2021-11-12 17:10:41 - [MESSAGE][INFO] - Checking timeout

2021-11-12 17:10:41 - [MESSAGE][INFO] - Finding web element with id: 'Object Repository/Sayfalar/Giris_Sayfasi/RetveTamam_Butonu' located by 'By.xpath: //*[@class = 'btn btn-default']' in '5' second(s)

2021-11-12 17:10:41 - [MESSAGE][INFO] - Smart Wait Function is triggered

2021-11-12 17:10:42 - [MESSAGE][INFO] - Found 1 web elements with id: 'Object Repository/Sayfalar/Giris_Sayfasi/RetveTamam_Butonu' located by 'By.xpath: //*[@class = 'btn btn-default']' in '5' second(s)

2021-11-12 17:10:42 - [MESSAGE][PASSED] - Object 'Object Repository/Sayfalar/Giris_Sayfasi/RetveTamam_Butonu' is present

2021-11-12 17:10:42 - [TEST_STEP][PASSED] - click(findTestObject("Object Repository/Sayfalar/Giris_Sayfasi/RetveTamam_Butonu")): Object: 'Object Repository/Sayfalar/Giris_Sayfasi/RetveTamam_Butonu' is clicked on

2021-11-12 17:10:42 - [MESSAGE][INFO] - Finding Test Object 'Object Repository/Sayfalar/Giris_Sayfasi/RetveTamam_Butonu'

2021-11-12 17:10:42 - [MESSAGE][INFO] - Checking object

2021-11-12 17:10:42 - [MESSAGE][INFO] - Finding web element from Test Object's properties

2021-11-12 17:10:42 - [MESSAGE][INFO] - Checking timeout

2021-11-12 17:10:42 - [MESSAGE][INFO] - Finding web element with id: 'Object Repository/Sayfalar/Giris_Sayfasi/RetveTamam_Butonu' located by 'By.xpath: //*[@class = 'btn btn-default']' in '30' second(s)

2021-11-12 17:10:42 - [MESSAGE][INFO] - Smart Wait Function is triggered

2021-11-12 17:10:42 - [MESSAGE][INFO] - Found 1 web elements with id: 'Object Repository/Sayfalar/Giris_Sayfasi/RetveTamam_Butonu' located by 'By.xpath: //*[@class = 'btn btn-default']' in '30' second(s)

2021-11-12 17:10:42 - [MESSAGE][INFO] - Clicking on object: 'Object Repository/Sayfalar/Giris_Sayfasi/RetveTamam_Butonu'

2021-11-12 17:10:42 - [MESSAGE][PASSED] - Object: 'Object Repository/Sayfalar/Giris_Sayfasi/RetveTamam_Butonu' is clicked on

2021-11-12 17:10:42 - [TEST_STEP][PASSED] - click(findTestObject("Object Repository/Sayfalar/Giris_Sayfasi/RetveTamam_Butonu")): Object: 'Object Repository/Sayfalar/Giris_Sayfasi/RetveTamam_Butonu' is clicked on

2021-11-12 17:10:42 - [MESSAGE][INFO] - Finding Test Object 'Object Repository/Sayfalar/Giris_Sayfasi/RetveTamam_Butonu'

2021-11-12 17:10:42 - [MESSAGE][INFO] - Checking object

2021-11-12 17:10:42 - [MESSAGE][INFO] - Finding web element from Test Object's properties

2021-11-12 17:10:42 - [MESSAGE][INFO] - Checking timeout

2021-11-12 17:10:42 - [MESSAGE][INFO] - Finding web element with id: 'Object Repository/Sayfalar/Giris_Sayfasi/RetveTamam_Butonu' located by 'By.xpath: //*[@class = 'btn btn-default']' in '30' second(s)

2021-11-12 17:10:42 - [MESSAGE][INFO] - Smart Wait Function is triggered

2021-11-12 17:10:55 - [MESSAGE][INFO] - Found 1 web elements with id: 'Object Repository/Sayfalar/Giris_Sayfasi/RetveTamam_Butonu' located by 'By.xpath: //*[@class = 'btn btn-default']' in '30' second(s)

2021-11-12 17:10:55 - [MESSAGE][INFO] - Clicking on object: 'Object Repository/Sayfalar/Giris_Sayfasi/RetveTamam_Butonu'

2021-11-12 17:10:55 - [MESSAGE][PASSED] - Object: 'Object Repository/Sayfalar/Giris_Sayfasi/RetveTamam_Butonu' is clicked on

2021-11-12 17:10:55 - [TEST_STEP][PASSED] - if (verifyElementPresent(findTestObject("Sayfalar/Giris_Sayfasi/PopupOK"), 5, OPTIONAL)): null

2021-11-12 17:10:55 - [MESSAGE][INFO] - Finding Test Object 'Object Repository/Sayfalar/Giris_Sayfasi/PopupOK'

2021-11-12 17:10:55 - [MESSAGE][INFO] - Checking object

2021-11-12 17:10:55 - [MESSAGE][INFO] - Finding web element from Test Object's properties

2021-11-12 17:10:55 - [MESSAGE][INFO] - Checking timeout

2021-11-12 17:10:55 - [MESSAGE][INFO] - Finding web element with id: 'Object Repository/Sayfalar/Giris_Sayfasi/PopupOK' located by 'By.cssSelector: .btn.btn-success' in '5' second(s)

2021-11-12 17:10:55 - [MESSAGE][INFO] - Smart Wait Function is triggered

2021-11-12 17:10:56 - [MESSAGE][INFO] - Found 1 web elements with id: 'Object Repository/Sayfalar/Giris_Sayfasi/PopupOK' located by 'By.cssSelector: .btn.btn-success' in '5' second(s)

2021-11-12 17:10:56 - [MESSAGE][PASSED] - Object 'Object Repository/Sayfalar/Giris_Sayfasi/PopupOK' is present

2021-11-12 17:10:56 - [TEST_STEP][PASSED] - click(findTestObject("Object Repository/Sayfalar/Giris_Sayfasi/PopupCarpiGiris")): Object: 'Object Repository/Sayfalar/Giris_Sayfasi/PopupCarpiGiris' is clicked on

2021-11-12 17:10:56 - [MESSAGE][INFO] - Finding Test Object 'Object Repository/Sayfalar/Giris_Sayfasi/PopupCarpiGiris'

2021-11-12 17:10:56 - [MESSAGE][INFO] - Checking object

2021-11-12 17:10:56 - [MESSAGE][INFO] - Finding web element from Test Object's properties

2021-11-12 17:10:56 - [MESSAGE][INFO] - Checking timeout

2021-11-12 17:10:56 - [MESSAGE][INFO] - Finding web element with id: 'Object Repository/Sayfalar/Giris_Sayfasi/PopupCarpiGiris' located by 'By.cssSelector: .bootbox-close-button.close' in '30' second(s)

2021-11-12 17:10:56 - [MESSAGE][INFO] - Smart Wait Function is triggered

2021-11-12 17:10:56 - [MESSAGE][INFO] - Found 1 web elements with id: 'Object Repository/Sayfalar/Giris_Sayfasi/PopupCarpiGiris' located by 'By.cssSelector: .bootbox-close-button.close' in '30' second(s)

2021-11-12 17:10:56 - [MESSAGE][INFO] - Clicking on object: 'Object Repository/Sayfalar/Giris_Sayfasi/PopupCarpiGiris'

2021-11-12 17:10:56 - [MESSAGE][PASSED] - Object: 'Object Repository/Sayfalar/Giris_Sayfasi/PopupCarpiGiris' is clicked on

2021-11-12 17:10:56 - [TEST_STEP][PASSED] - verifyElementVisible(findTestObject("Object Repository/Kullanici_Islemleri/KullaniciIslemleri")): Object 'Object Repository/Kullanici_Islemleri/KullaniciIslemleri' is visible

2021-11-12 17:10:56 - [MESSAGE][INFO] - Finding Test Object 'Object Repository/Kullanici_Islemleri/KullaniciIslemleri'

2021-11-12 17:10:56 - [MESSAGE][INFO] - Checking object

2021-11-12 17:10:56 - [MESSAGE][INFO] - Finding web element from Test Object's properties

2021-11-12 17:10:56 - [MESSAGE][INFO] - Checking timeout

2021-11-12 17:10:56 - [MESSAGE][INFO] - Finding web element with id: 'Object Repository/Kullanici_Islemleri/KullaniciIslemleri' located by 'By.cssSelector: .dropdown>a>img' in '30' second(s)

2021-11-12 17:10:56 - [MESSAGE][INFO] - Smart Wait Function is triggered

2021-11-12 17:10:57 - [MESSAGE][INFO] - Found 1 web elements with id: 'Object Repository/Kullanici_Islemleri/KullaniciIslemleri' located by 'By.cssSelector: .dropdown>a>img' in '30' second(s)

2021-11-12 17:10:57 - [MESSAGE][PASSED] - Object 'Object Repository/Kullanici_Islemleri/KullaniciIslemleri' is visible

2021-11-12 17:10:57 - [MESSAGE][PASSED] - Call Test Case 'Test Cases/Sayfalar/Giris_Sayfasi/Login' successfully

2021-11-12 17:10:57 - [MESSAGE][INFO] - Checking called Test Case

2021-11-12 17:10:57 - [MESSAGE][INFO] - Starting to call Test Case 'Test Cases/Menu/AnaMenuSecimi'

2021-11-12 17:10:57 - [TEST_CASE][PASSED] - Test Cases/Menu/AnaMenuSecimi: Test Cases/Menu/AnaMenuSecimi

2021-11-12 17:10:57 - [TEST_STEP][PASSED] - Method.TextDegerineEsitElementeTikla(findTestObject("Menu/Ana_Menu"), Ana_Menu): Method.TextDegerineEsitElementeTikla is PASSED

2021-11-12 17:10:57 - [MESSAGE][INFO] - Finding Test Object 'Object Repository/Menu/Ana_Menu'

2021-11-12 17:10:57 - [MESSAGE][INFO] - Checking timeout

2021-11-12 17:10:57 - [MESSAGE][INFO] - Finding web element with id: 'Object Repository/Menu/Ana_Menu' located by 'By.xpath: //*[@class = 'dropdown-toggle']' in '10' second(s)

2021-11-12 17:10:57 - [MESSAGE][INFO] - Smart Wait Function is triggered

2021-11-12 17:10:58 - [MESSAGE][INFO] - Found 14 web elements with id: 'Object Repository/Menu/Ana_Menu' located by 'By.xpath: //*[@class = 'dropdown-toggle']' in '10' second(s)

2021-11-12 17:10:58 - [MESSAGE][PASSED] - Method.TextDegerineEsitElementeTikla is PASSED

2021-11-12 17:10:58 - [MESSAGE][PASSED] - Call Test Case 'Test Cases/Menu/AnaMenuSecimi' successfully

2021-11-12 17:10:58 - [MESSAGE][INFO] - Checking called Test Case

2021-11-12 17:10:58 - [MESSAGE][INFO] - Starting to call Test Case 'Test Cases/Menu/BasligaGoreAltMenuSecimi'

2021-11-12 17:10:58 - [TEST_CASE][PASSED] - Test Cases/Menu/BasligaGoreAltMenuSecimi: Test Cases/Menu/BasligaGoreAltMenuSecimi

2021-11-12 17:10:58 - [TEST_STEP][PASSED] - Method.TextDegerineEsitElementinAltindakiTextDegerineEsitOlanaTikla(findTestObject("Menu/Menu_Basligi"), findTestObject("Menu/Basliga_Gore_Alt_Menu"), Baslik, Alt_Menu): Method.TextDegerineEsitElementinAltindakiTextDegerineEsitOlanaTikla is PASSED

2021-11-12 17:10:58 - [MESSAGE][INFO] - Finding Test Object 'Object Repository/Menu/Menu_Basligi'

2021-11-12 17:10:58 - [MESSAGE][INFO] - Finding Test Object 'Object Repository/Menu/Basliga_Gore_Alt_Menu'

2021-11-12 17:10:58 - [MESSAGE][INFO] - Checking timeout

2021-11-12 17:10:58 - [MESSAGE][INFO] - Finding web element with id: 'Object Repository/Menu/Menu_Basligi' located by 'By.xpath: //li[@class='dropdown dropdown-large open']//li[@class='dropdown-header']' in '10' second(s)

2021-11-12 17:10:58 - [MESSAGE][INFO] - Smart Wait Function is triggered

2021-11-12 17:10:58 - [MESSAGE][INFO] - Found 2 web elements with id: 'Object Repository/Menu/Menu_Basligi' located by 'By.xpath: //li[@class='dropdown dropdown-large open']//li[@class='dropdown-header']' in '10' second(s)

2021-11-12 17:10:59 - [MESSAGE][INFO] - Smart Wait Function is triggered

2021-11-12 17:11:01 - [MESSAGE][PASSED] - Method.TextDegerineEsitElementinAltindakiTextDegerineEsitOlanaTikla is PASSED

2021-11-12 17:11:01 - [MESSAGE][PASSED] - Call Test Case 'Test Cases/Menu/BasligaGoreAltMenuSecimi' successfully

2021-11-12 17:11:01 - [MESSAGE][INFO] - Checking called Test Case

2021-11-12 17:11:01 - [MESSAGE][INFO] - Starting to call Test Case 'Test Cases/Filtreler/FiltreVarMi'

2021-11-12 17:11:01 - [TEST_CASE][PASSED] - Test Cases/Filtreler/FiltreVarMi: Test Cases/Filtreler/FiltreVarMi

2021-11-12 17:11:01 - [TEST_STEP][PASSED] - Method.TextDegerineEsitElementVarMi(findTestObject("Filtreler/Basliklar"), Filtre_alan): Method.TextDegerineEsitElementVarMi is PASSED

2021-11-12 17:11:01 - [MESSAGE][INFO] - Finding Test Object 'Object Repository/Filtreler/Basliklar'

2021-11-12 17:11:01 - [MESSAGE][INFO] - Checking timeout

2021-11-12 17:11:01 - [MESSAGE][INFO] - Finding web element with id: 'Object Repository/Filtreler/Basliklar' located by 'By.cssSelector: .control-label.col-sm-4.paddingMarginRLC' in '10' second(s)

2021-11-12 17:11:01 - [MESSAGE][INFO] - Smart Wait Function is triggered

2021-11-12 17:11:01 - [MESSAGE][INFO] - Found 10 web elements with id: 'Object Repository/Filtreler/Basliklar' located by 'By.cssSelector: .control-label.col-sm-4.paddingMarginRLC' in '10' second(s)

2021-11-12 17:11:01 - [MESSAGE][PASSED] - Method.TextDegerineEsitElementVarMi is PASSED

2021-11-12 17:11:01 - [MESSAGE][PASSED] - Call Test Case 'Test Cases/Filtreler/FiltreVarMi' successfully

2021-11-12 17:11:01 - [MESSAGE][INFO] - Checking called Test Case

2021-11-12 17:11:01 - [MESSAGE][INFO] - Starting to call Test Case 'Test Cases/Filtreler/FiltreVarMi'

2021-11-12 17:11:01 - [TEST_CASE][PASSED] - Test Cases/Filtreler/FiltreVarMi: Test Cases/Filtreler/FiltreVarMi

2021-11-12 17:11:01 - [TEST_STEP][PASSED] - Method.TextDegerineEsitElementVarMi(findTestObject("Filtreler/Basliklar"), Filtre_alan): Method.TextDegerineEsitElementVarMi is PASSED

2021-11-12 17:11:01 - [MESSAGE][INFO] - Finding Test Object 'Object Repository/Filtreler/Basliklar'

2021-11-12 17:11:01 - [MESSAGE][INFO] - Checking timeout

2021-11-12 17:11:01 - [MESSAGE][INFO] - Finding web element with id: 'Object Repository/Filtreler/Basliklar' located by 'By.cssSelector: .control-label.col-sm-4.paddingMarginRLC' in '10' second(s)

2021-11-12 17:11:01 - [MESSAGE][INFO] - Smart Wait Function is triggered

2021-11-12 17:11:02 - [MESSAGE][INFO] - Found 10 web elements with id: 'Object Repository/Filtreler/Basliklar' located by 'By.cssSelector: .control-label.col-sm-4.paddingMarginRLC' in '10' second(s)

2021-11-12 17:11:02 - [MESSAGE][PASSED] - Method.TextDegerineEsitElementVarMi is PASSED

2021-11-12 17:11:02 - [MESSAGE][PASSED] - Call Test Case 'Test Cases/Filtreler/FiltreVarMi' successfully

2021-11-12 17:11:02 - [MESSAGE][INFO] - Checking called Test Case

2021-11-12 17:11:02 - [MESSAGE][INFO] - Starting to call Test Case 'Test Cases/Filtreler/FiltreVarMi'

2021-11-12 17:11:02 - [TEST_CASE][PASSED] - Test Cases/Filtreler/FiltreVarMi: Test Cases/Filtreler/FiltreVarMi

2021-11-12 17:11:02 - [TEST_STEP][PASSED] - Method.TextDegerineEsitElementVarMi(findTestObject("Filtreler/Basliklar"), Filtre_alan): Method.TextDegerineEsitElementVarMi is PASSED

2021-11-12 17:11:02 - [MESSAGE][INFO] - Finding Test Object 'Object Repository/Filtreler/Basliklar'

2021-11-12 17:11:02 - [MESSAGE][INFO] - Checking timeout

2021-11-12 17:11:02 - [MESSAGE][INFO] - Finding web element with id: 'Object Repository/Filtreler/Basliklar' located by 'By.cssSelector: .control-label.col-sm-4.paddingMarginRLC' in '10' second(s)

2021-11-12 17:11:02 - [MESSAGE][INFO] - Smart Wait Function is triggered

2021-11-12 17:11:02 - [MESSAGE][INFO] - Found 10 web elements with id: 'Object Repository/Filtreler/Basliklar' located by 'By.cssSelector: .control-label.col-sm-4.paddingMarginRLC' in '10' second(s)

2021-11-12 17:11:02 - [MESSAGE][PASSED] - Method.TextDegerineEsitElementVarMi is PASSED

2021-11-12 17:11:02 - [MESSAGE][PASSED] - Call Test Case 'Test Cases/Filtreler/FiltreVarMi' successfully

2021-11-12 17:11:02 - [MESSAGE][INFO] - Checking called Test Case

2021-11-12 17:11:02 - [MESSAGE][INFO] - Starting to call Test Case 'Test Cases/Filtreler/FiltreVarMi'

2021-11-12 17:11:02 - [TEST_CASE][PASSED] - Test Cases/Filtreler/FiltreVarMi: Test Cases/Filtreler/FiltreVarMi

2021-11-12 17:11:02 - [TEST_STEP][PASSED] - Method.TextDegerineEsitElementVarMi(findTestObject("Filtreler/Basliklar"), Filtre_alan): Method.TextDegerineEsitElementVarMi is PASSED

2021-11-12 17:11:02 - [MESSAGE][INFO] - Finding Test Object 'Object Repository/Filtreler/Basliklar'

2021-11-12 17:11:02 - [MESSAGE][INFO] - Checking timeout

2021-11-12 17:11:02 - [MESSAGE][INFO] - Finding web element with id: 'Object Repository/Filtreler/Basliklar' located by 'By.cssSelector: .control-label.col-sm-4.paddingMarginRLC' in '10' second(s)

2021-11-12 17:11:02 - [MESSAGE][INFO] - Smart Wait Function is triggered

2021-11-12 17:11:02 - [MESSAGE][INFO] - Found 10 web elements with id: 'Object Repository/Filtreler/Basliklar' located by 'By.cssSelector: .control-label.col-sm-4.paddingMarginRLC' in '10' second(s)

2021-11-12 17:11:03 - [MESSAGE][PASSED] - Method.TextDegerineEsitElementVarMi is PASSED

2021-11-12 17:11:03 - [MESSAGE][PASSED] - Call Test Case 'Test Cases/Filtreler/FiltreVarMi' successfully

2021-11-12 17:11:03 - [MESSAGE][INFO] - Checking called Test Case

2021-11-12 17:11:03 - [MESSAGE][INFO] - Starting to call Test Case 'Test Cases/Filtreler/FiltreVarMi'

2021-11-12 17:11:03 - [TEST_CASE][PASSED] - Test Cases/Filtreler/FiltreVarMi: Test Cases/Filtreler/FiltreVarMi

2021-11-12 17:11:03 - [TEST_STEP][PASSED] - Method.TextDegerineEsitElementVarMi(findTestObject("Filtreler/Basliklar"), Filtre_alan): Method.TextDegerineEsitElementVarMi is PASSED

2021-11-12 17:11:03 - [MESSAGE][INFO] - Finding Test Object 'Object Repository/Filtreler/Basliklar'

2021-11-12 17:11:03 - [MESSAGE][INFO] - Checking timeout

2021-11-12 17:11:03 - [MESSAGE][INFO] - Finding web element with id: 'Object Repository/Filtreler/Basliklar' located by 'By.cssSelector: .control-label.col-sm-4.paddingMarginRLC' in '10' second(s)

2021-11-12 17:11:03 - [MESSAGE][INFO] - Smart Wait Function is triggered

2021-11-12 17:11:03 - [MESSAGE][INFO] - Found 10 web elements with id: 'Object Repository/Filtreler/Basliklar' located by 'By.cssSelector: .control-label.col-sm-4.paddingMarginRLC' in '10' second(s)

2021-11-12 17:11:03 - [MESSAGE][PASSED] - Method.TextDegerineEsitElementVarMi is PASSED

2021-11-12 17:11:03 - [MESSAGE][PASSED] - Call Test Case 'Test Cases/Filtreler/FiltreVarMi' successfully

2021-11-12 17:11:03 - [MESSAGE][INFO] - Checking called Test Case

2021-11-12 17:11:03 - [MESSAGE][INFO] - Starting to call Test Case 'Test Cases/Filtreler/FiltreVarMi'

2021-11-12 17:11:03 - [TEST_CASE][PASSED] - Test Cases/Filtreler/FiltreVarMi: Test Cases/Filtreler/FiltreVarMi

2021-11-12 17:11:03 - [TEST_STEP][PASSED] - Method.TextDegerineEsitElementVarMi(findTestObject("Filtreler/Basliklar"), Filtre_alan): Method.TextDegerineEsitElementVarMi is PASSED

2021-11-12 17:11:03 - [MESSAGE][INFO] - Finding Test Object 'Object Repository/Filtreler/Basliklar'

2021-11-12 17:11:03 - [MESSAGE][INFO] - Checking timeout

2021-11-12 17:11:03 - [MESSAGE][INFO] - Finding web element with id: 'Object Repository/Filtreler/Basliklar' located by 'By.cssSelector: .control-label.col-sm-4.paddingMarginRLC' in '10' second(s)

2021-11-12 17:11:03 - [MESSAGE][INFO] - Smart Wait Function is triggered

2021-11-12 17:11:03 - [MESSAGE][INFO] - Found 10 web elements with id: 'Object Repository/Filtreler/Basliklar' located by 'By.cssSelector: .control-label.col-sm-4.paddingMarginRLC' in '10' second(s)

2021-11-12 17:11:04 - [MESSAGE][PASSED] - Method.TextDegerineEsitElementVarMi is PASSED

2021-11-12 17:11:04 - [MESSAGE][PASSED] - Call Test Case 'Test Cases/Filtreler/FiltreVarMi' successfully

2021-11-12 17:11:04 - [MESSAGE][INFO] - Checking called Test Case

2021-11-12 17:11:04 - [MESSAGE][INFO] - Starting to call Test Case 'Test Cases/Filtreler/FiltreVarMi'

2021-11-12 17:11:04 - [TEST_CASE][PASSED] - Test Cases/Filtreler/FiltreVarMi: Test Cases/Filtreler/FiltreVarMi

2021-11-12 17:11:04 - [TEST_STEP][PASSED] - Method.TextDegerineEsitElementVarMi(findTestObject("Filtreler/Basliklar"), Filtre_alan): Method.TextDegerineEsitElementVarMi is PASSED

2021-11-12 17:11:04 - [MESSAGE][INFO] - Finding Test Object 'Object Repository/Filtreler/Basliklar'

2021-11-12 17:11:04 - [MESSAGE][INFO] - Checking timeout

2021-11-12 17:11:04 - [MESSAGE][INFO] - Finding web element with id: 'Object Repository/Filtreler/Basliklar' located by 'By.cssSelector: .control-label.col-sm-4.paddingMarginRLC' in '10' second(s)

2021-11-12 17:11:04 - [MESSAGE][INFO] - Smart Wait Function is triggered

2021-11-12 17:11:04 - [MESSAGE][INFO] - Found 10 web elements with id: 'Object Repository/Filtreler/Basliklar' located by 'By.cssSelector: .control-label.col-sm-4.paddingMarginRLC' in '10' second(s)

2021-11-12 17:11:04 - [MESSAGE][PASSED] - Method.TextDegerineEsitElementVarMi is PASSED

2021-11-12 17:11:04 - [MESSAGE][PASSED] - Call Test Case 'Test Cases/Filtreler/FiltreVarMi' successfully

2021-11-12 17:11:04 - [MESSAGE][INFO] - Checking called Test Case

2021-11-12 17:11:04 - [MESSAGE][INFO] - Starting to call Test Case 'Test Cases/Filtreler/FiltreVarMi'

2021-11-12 17:11:04 - [TEST_CASE][PASSED] - Test Cases/Filtreler/FiltreVarMi: Test Cases/Filtreler/FiltreVarMi

2021-11-12 17:11:04 - [TEST_STEP][PASSED] - Method.TextDegerineEsitElementVarMi(findTestObject("Filtreler/Basliklar"), Filtre_alan): Method.TextDegerineEsitElementVarMi is PASSED

2021-11-12 17:11:04 - [MESSAGE][INFO] - Finding Test Object 'Object Repository/Filtreler/Basliklar'

2021-11-12 17:11:04 - [MESSAGE][INFO] - Checking timeout

2021-11-12 17:11:04 - [MESSAGE][INFO] - Finding web element with id: 'Object Repository/Filtreler/Basliklar' located by 'By.cssSelector: .control-label.col-sm-4.paddingMarginRLC' in '10' second(s)

2021-11-12 17:11:04 - [MESSAGE][INFO] - Smart Wait Function is triggered

2021-11-12 17:11:04 - [MESSAGE][INFO] - Found 10 web elements with id: 'Object Repository/Filtreler/Basliklar' located by 'By.cssSelector: .control-label.col-sm-4.paddingMarginRLC' in '10' second(s)

2021-11-12 17:11:04 - [MESSAGE][PASSED] - Method.TextDegerineEsitElementVarMi is PASSED

2021-11-12 17:11:04 - [MESSAGE][PASSED] - Call Test Case 'Test Cases/Filtreler/FiltreVarMi' successfully

2021-11-12 17:11:04 - [MESSAGE][INFO] - Checking called Test Case

2021-11-12 17:11:04 - [MESSAGE][INFO] - Starting to call Test Case 'Test Cases/Filtreler/FiltreVarMi'

2021-11-12 17:11:04 - [TEST_CASE][PASSED] - Test Cases/Filtreler/FiltreVarMi: Test Cases/Filtreler/FiltreVarMi

2021-11-12 17:11:04 - [TEST_STEP][PASSED] - Method.TextDegerineEsitElementVarMi(findTestObject("Filtreler/Basliklar"), Filtre_alan): Method.TextDegerineEsitElementVarMi is PASSED

2021-11-12 17:11:04 - [MESSAGE][INFO] - Finding Test Object 'Object Repository/Filtreler/Basliklar'

2021-11-12 17:11:05 - [MESSAGE][INFO] - Checking timeout

2021-11-12 17:11:05 - [MESSAGE][INFO] - Finding web element with id: 'Object Repository/Filtreler/Basliklar' located by 'By.cssSelector: .control-label.col-sm-4.paddingMarginRLC' in '10' second(s)

2021-11-12 17:11:05 - [MESSAGE][INFO] - Smart Wait Function is triggered

2021-11-12 17:11:05 - [MESSAGE][INFO] - Found 10 web elements with id: 'Object Repository/Filtreler/Basliklar' located by 'By.cssSelector: .control-label.col-sm-4.paddingMarginRLC' in '10' second(s)

2021-11-12 17:11:05 - [MESSAGE][PASSED] - Method.TextDegerineEsitElementVarMi is PASSED

2021-11-12 17:11:05 - [MESSAGE][PASSED] - Call Test Case 'Test Cases/Filtreler/FiltreVarMi' successfully

2021-11-12 17:11:05 - [MESSAGE][INFO] - Checking called Test Case

2021-11-12 17:11:05 - [MESSAGE][INFO] - Starting to call Test Case 'Test Cases/Filtreler/FiltreVarMi'

2021-11-12 17:11:05 - [TEST_CASE][PASSED] - Test Cases/Filtreler/FiltreVarMi: Test Cases/Filtreler/FiltreVarMi

2021-11-12 17:11:05 - [TEST_STEP][PASSED] - Method.TextDegerineEsitElementVarMi(findTestObject("Filtreler/Basliklar"), Filtre_alan): Method.TextDegerineEsitElementVarMi is PASSED

2021-11-12 17:11:05 - [MESSAGE][INFO] - Finding Test Object 'Object Repository/Filtreler/Basliklar'

2021-11-12 17:11:05 - [MESSAGE][INFO] - Checking timeout

2021-11-12 17:11:05 - [MESSAGE][INFO] - Finding web element with id: 'Object Repository/Filtreler/Basliklar' located by 'By.cssSelector: .control-label.col-sm-4.paddingMarginRLC' in '10' second(s)

2021-11-12 17:11:05 - [MESSAGE][INFO] - Smart Wait Function is triggered

2021-11-12 17:11:05 - [MESSAGE][INFO] - Found 10 web elements with id: 'Object Repository/Filtreler/Basliklar' located by 'By.cssSelector: .control-label.col-sm-4.paddingMarginRLC' in '10' second(s)

2021-11-12 17:11:05 - [MESSAGE][PASSED] - Method.TextDegerineEsitElementVarMi is PASSED

2021-11-12 17:11:05 - [MESSAGE][PASSED] - Call Test Case 'Test Cases/Filtreler/FiltreVarMi' successfully

2021-11-12 17:11:05 - [MESSAGE][INFO] - Checking called Test Case

2021-11-12 17:11:05 - [MESSAGE][INFO] - Starting to call Test Case 'Test Cases/Filtreler/ButonVarMi'

2021-11-12 17:11:05 - [TEST_CASE][PASSED] - Test Cases/Filtreler/ButonVarMi: Test Cases/Filtreler/ButonVarMi

2021-11-12 17:11:05 - [TEST_STEP][PASSED] - Method.TextDegerineEsitElementVarMi(findTestObject("Filtreler/Butonlar"), Filtre_Buton): Method.TextDegerineEsitElementVarMi is PASSED

2021-11-12 17:11:05 - [MESSAGE][INFO] - Finding Test Object 'Object Repository/Filtreler/Butonlar'

2021-11-12 17:11:06 - [MESSAGE][INFO] - Checking timeout

2021-11-12 17:11:06 - [MESSAGE][INFO] - Finding web element with id: 'Object Repository/Filtreler/Butonlar' located by 'By.cssSelector: .dxb>span' in '10' second(s)

2021-11-12 17:11:06 - [MESSAGE][INFO] - Smart Wait Function is triggered

2021-11-12 17:11:06 - [MESSAGE][INFO] - Found 2 web elements with id: 'Object Repository/Filtreler/Butonlar' located by 'By.cssSelector: .dxb>span' in '10' second(s)

2021-11-12 17:11:06 - [MESSAGE][PASSED] - Method.TextDegerineEsitElementVarMi is PASSED

2021-11-12 17:11:06 - [MESSAGE][PASSED] - Call Test Case 'Test Cases/Filtreler/ButonVarMi' successfully

2021-11-12 17:11:06 - [MESSAGE][INFO] - Checking called Test Case

2021-11-12 17:11:06 - [MESSAGE][INFO] - Starting to call Test Case 'Test Cases/Filtreler/ButonVarMi'

2021-11-12 17:11:06 - [TEST_CASE][PASSED] - Test Cases/Filtreler/ButonVarMi: Test Cases/Filtreler/ButonVarMi

2021-11-12 17:11:06 - [TEST_STEP][PASSED] - Method.TextDegerineEsitElementVarMi(findTestObject("Filtreler/Butonlar"), Filtre_Buton): Method.TextDegerineEsitElementVarMi is PASSED

2021-11-12 17:11:06 - [MESSAGE][INFO] - Finding Test Object 'Object Repository/Filtreler/Butonlar'

2021-11-12 17:11:06 - [MESSAGE][INFO] - Checking timeout

2021-11-12 17:11:06 - [MESSAGE][INFO] - Finding web element with id: 'Object Repository/Filtreler/Butonlar' located by 'By.cssSelector: .dxb>span' in '10' second(s)

2021-11-12 17:11:06 - [MESSAGE][INFO] - Smart Wait Function is triggered

2021-11-12 17:11:06 - [MESSAGE][INFO] - Found 2 web elements with id: 'Object Repository/Filtreler/Butonlar' located by 'By.cssSelector: .dxb>span' in '10' second(s)

2021-11-12 17:11:06 - [MESSAGE][PASSED] - Method.TextDegerineEsitElementVarMi is PASSED

2021-11-12 17:11:06 - [MESSAGE][PASSED] - Call Test Case 'Test Cases/Filtreler/ButonVarMi' successfully

2021-11-12 17:11:06 - [MESSAGE][INFO] - Checking called Test Case

2021-11-12 17:11:06 - [MESSAGE][INFO] - Starting to call Test Case 'Test Cases/Butonlar/ButonVarMi'

2021-11-12 17:11:06 - [TEST_CASE][PASSED] - Test Cases/Butonlar/ButonVarMi: Test Cases/Butonlar/ButonVarMi

2021-11-12 17:11:06 - [TEST_STEP][PASSED] - Method.TextDegerineEsitElementVarMi(findTestObject("Butonlar/Butonlar"), Buton): Method.TextDegerineEsitElementVarMi is PASSED

2021-11-12 17:11:06 - [MESSAGE][INFO] - Finding Test Object 'Object Repository/Butonlar/Butonlar'

2021-11-12 17:11:06 - [MESSAGE][INFO] - Checking timeout

2021-11-12 17:11:06 - [MESSAGE][INFO] - Finding web element with id: 'Object Repository/Butonlar/Butonlar' located by 'By.cssSelector: .panel.panel-default.text-center.footerPanel .btn,.btn.btn-primary.btnControls' in '10' second(s)

2021-11-12 17:11:06 - [MESSAGE][INFO] - Smart Wait Function is triggered

2021-11-12 17:11:07 - [MESSAGE][INFO] - Found 9 web elements with id: 'Object Repository/Butonlar/Butonlar' located by 'By.cssSelector: .panel.panel-default.text-center.footerPanel .btn,.btn.btn-primary.btnControls' in '10' second(s)

2021-11-12 17:11:07 - [MESSAGE][PASSED] - Method.TextDegerineEsitElementVarMi is PASSED

2021-11-12 17:11:07 - [MESSAGE][PASSED] - Call Test Case 'Test Cases/Butonlar/ButonVarMi' successfully

2021-11-12 17:11:07 - [MESSAGE][INFO] - Checking called Test Case

2021-11-12 17:11:07 - [MESSAGE][INFO] - Starting to call Test Case 'Test Cases/Butonlar/ButonVarMi'

2021-11-12 17:11:07 - [TEST_CASE][PASSED] - Test Cases/Butonlar/ButonVarMi: Test Cases/Butonlar/ButonVarMi

2021-11-12 17:11:07 - [TEST_STEP][PASSED] - Method.TextDegerineEsitElementVarMi(findTestObject("Butonlar/Butonlar"), Buton): Method.TextDegerineEsitElementVarMi is PASSED

2021-11-12 17:11:07 - [MESSAGE][INFO] - Finding Test Object 'Object Repository/Butonlar/Butonlar'

2021-11-12 17:11:07 - [MESSAGE][INFO] - Checking timeout

2021-11-12 17:11:07 - [MESSAGE][INFO] - Finding web element with id: 'Object Repository/Butonlar/Butonlar' located by 'By.cssSelector: .panel.panel-default.text-center.footerPanel .btn,.btn.btn-primary.btnControls' in '10' second(s)

2021-11-12 17:11:07 - [MESSAGE][INFO] - Smart Wait Function is triggered

2021-11-12 17:11:07 - [MESSAGE][INFO] - Found 9 web elements with id: 'Object Repository/Butonlar/Butonlar' located by 'By.cssSelector: .panel.panel-default.text-center.footerPanel .btn,.btn.btn-primary.btnControls' in '10' second(s)

2021-11-12 17:11:07 - [MESSAGE][PASSED] - Method.TextDegerineEsitElementVarMi is PASSED

2021-11-12 17:11:07 - [MESSAGE][PASSED] - Call Test Case 'Test Cases/Butonlar/ButonVarMi' successfully

2021-11-12 17:11:07 - [MESSAGE][INFO] - Checking called Test Case

2021-11-12 17:11:07 - [MESSAGE][INFO] - Starting to call Test Case 'Test Cases/Butonlar/ButonVarMi'

2021-11-12 17:11:07 - [TEST_CASE][PASSED] - Test Cases/Butonlar/ButonVarMi: Test Cases/Butonlar/ButonVarMi

2021-11-12 17:11:07 - [TEST_STEP][PASSED] - Method.TextDegerineEsitElementVarMi(findTestObject("Butonlar/Butonlar"), Buton): Method.TextDegerineEsitElementVarMi is PASSED

2021-11-12 17:11:07 - [MESSAGE][INFO] - Finding Test Object 'Object Repository/Butonlar/Butonlar'

2021-11-12 17:11:07 - [MESSAGE][INFO] - Checking timeout

2021-11-12 17:11:07 - [MESSAGE][INFO] - Finding web element with id: 'Object Repository/Butonlar/Butonlar' located by 'By.cssSelector: .panel.panel-default.text-center.footerPanel .btn,.btn.btn-primary.btnControls' in '10' second(s)

2021-11-12 17:11:07 - [MESSAGE][INFO] - Smart Wait Function is triggered

2021-11-12 17:11:08 - [MESSAGE][INFO] - Found 9 web elements with id: 'Object Repository/Butonlar/Butonlar' located by 'By.cssSelector: .panel.panel-default.text-center.footerPanel .btn,.btn.btn-primary.btnControls' in '10' second(s)

2021-11-12 17:11:08 - [MESSAGE][PASSED] - Method.TextDegerineEsitElementVarMi is PASSED

2021-11-12 17:11:08 - [MESSAGE][PASSED] - Call Test Case 'Test Cases/Butonlar/ButonVarMi' successfully

2021-11-12 17:11:08 - [MESSAGE][INFO] - Checking called Test Case

2021-11-12 17:11:08 - [MESSAGE][INFO] - Starting to call Test Case 'Test Cases/Butonlar/ButonVarMi'

2021-11-12 17:11:08 - [TEST_CASE][PASSED] - Test Cases/Butonlar/ButonVarMi: Test Cases/Butonlar/ButonVarMi

2021-11-12 17:11:08 - [TEST_STEP][PASSED] - Method.TextDegerineEsitElementVarMi(findTestObject("Butonlar/Butonlar"), Buton): Method.TextDegerineEsitElementVarMi is PASSED

2021-11-12 17:11:08 - [MESSAGE][INFO] - Finding Test Object 'Object Repository/Butonlar/Butonlar'

2021-11-12 17:11:08 - [MESSAGE][INFO] - Checking timeout

2021-11-12 17:11:08 - [MESSAGE][INFO] - Finding web element with id: 'Object Repository/Butonlar/Butonlar' located by 'By.cssSelector: .panel.panel-default.text-center.footerPanel .btn,.btn.btn-primary.btnControls' in '10' second(s)

2021-11-12 17:11:08 - [MESSAGE][INFO] - Smart Wait Function is triggered

2021-11-12 17:11:08 - [MESSAGE][INFO] - Found 9 web elements with id: 'Object Repository/Butonlar/Butonlar' located by 'By.cssSelector: .panel.panel-default.text-center.footerPanel .btn,.btn.btn-primary.btnControls' in '10' second(s)

2021-11-12 17:11:08 - [MESSAGE][PASSED] - Method.TextDegerineEsitElementVarMi is PASSED

2021-11-12 17:11:08 - [MESSAGE][PASSED] - Call Test Case 'Test Cases/Butonlar/ButonVarMi' successfully

2021-11-12 17:11:08 - [MESSAGE][INFO] - Checking called Test Case

2021-11-12 17:11:08 - [MESSAGE][INFO] - Starting to call Test Case 'Test Cases/Butonlar/ButonVarMi'

2021-11-12 17:11:08 - [TEST_CASE][PASSED] - Test Cases/Butonlar/ButonVarMi: Test Cases/Butonlar/ButonVarMi

2021-11-12 17:11:08 - [TEST_STEP][PASSED] - Method.TextDegerineEsitElementVarMi(findTestObject("Butonlar/Butonlar"), Buton): Method.TextDegerineEsitElementVarMi is PASSED

2021-11-12 17:11:08 - [MESSAGE][INFO] - Finding Test Object 'Object Repository/Butonlar/Butonlar'

2021-11-12 17:11:08 - [MESSAGE][INFO] - Checking timeout

2021-11-12 17:11:08 - [MESSAGE][INFO] - Finding web element with id: 'Object Repository/Butonlar/Butonlar' located by 'By.cssSelector: .panel.panel-default.text-center.footerPanel .btn,.btn.btn-primary.btnControls' in '10' second(s)

2021-11-12 17:11:08 - [MESSAGE][INFO] - Smart Wait Function is triggered

2021-11-12 17:11:09 - [MESSAGE][INFO] - Found 9 web elements with id: 'Object Repository/Butonlar/Butonlar' located by 'By.cssSelector: .panel.panel-default.text-center.footerPanel .btn,.btn.btn-primary.btnControls' in '10' second(s)

2021-11-12 17:11:09 - [MESSAGE][PASSED] - Method.TextDegerineEsitElementVarMi is PASSED

2021-11-12 17:11:09 - [MESSAGE][PASSED] - Call Test Case 'Test Cases/Butonlar/ButonVarMi' successfully

2021-11-12 17:11:09 - [MESSAGE][INFO] - Checking called Test Case

2021-11-12 17:11:09 - [MESSAGE][INFO] - Starting to call Test Case 'Test Cases/Butonlar/ButonVarMi'

2021-11-12 17:11:09 - [TEST_CASE][PASSED] - Test Cases/Butonlar/ButonVarMi: Test Cases/Butonlar/ButonVarMi

2021-11-12 17:11:09 - [TEST_STEP][PASSED] - Method.TextDegerineEsitElementVarMi(findTestObject("Butonlar/Butonlar"), Buton): Method.TextDegerineEsitElementVarMi is PASSED

2021-11-12 17:11:09 - [MESSAGE][INFO] - Finding Test Object 'Object Repository/Butonlar/Butonlar'

2021-11-12 17:11:09 - [MESSAGE][INFO] - Checking timeout

2021-11-12 17:11:09 - [MESSAGE][INFO] - Finding web element with id: 'Object Repository/Butonlar/Butonlar' located by 'By.cssSelector: .panel.panel-default.text-center.footerPanel .btn,.btn.btn-primary.btnControls' in '10' second(s)

2021-11-12 17:11:09 - [MESSAGE][INFO] - Smart Wait Function is triggered

2021-11-12 17:11:09 - [MESSAGE][INFO] - Found 9 web elements with id: 'Object Repository/Butonlar/Butonlar' located by 'By.cssSelector: .panel.panel-default.text-center.footerPanel .btn,.btn.btn-primary.btnControls' in '10' second(s)

2021-11-12 17:11:09 - [MESSAGE][PASSED] - Method.TextDegerineEsitElementVarMi is PASSED

2021-11-12 17:11:09 - [MESSAGE][PASSED] - Call Test Case 'Test Cases/Butonlar/ButonVarMi' successfully

2021-11-12 17:11:09 - [MESSAGE][INFO] - Checking called Test Case

2021-11-12 17:11:09 - [MESSAGE][INFO] - Starting to call Test Case 'Test Cases/Butonlar/ButonVarMi'

2021-11-12 17:11:09 - [TEST_CASE][PASSED] - Test Cases/Butonlar/ButonVarMi: Test Cases/Butonlar/ButonVarMi

2021-11-12 17:11:09 - [TEST_STEP][PASSED] - Method.TextDegerineEsitElementVarMi(findTestObject("Butonlar/Butonlar"), Buton): Method.TextDegerineEsitElementVarMi is PASSED

2021-11-12 17:11:09 - [MESSAGE][INFO] - Finding Test Object 'Object Repository/Butonlar/Butonlar'

2021-11-12 17:11:09 - [MESSAGE][INFO] - Checking timeout

2021-11-12 17:11:09 - [MESSAGE][INFO] - Finding web element with id: 'Object Repository/Butonlar/Butonlar' located by 'By.cssSelector: .panel.panel-default.text-center.footerPanel .btn,.btn.btn-primary.btnControls' in '10' second(s)

2021-11-12 17:11:09 - [MESSAGE][INFO] - Smart Wait Function is triggered

2021-11-12 17:11:10 - [MESSAGE][INFO] - Found 9 web elements with id: 'Object Repository/Butonlar/Butonlar' located by 'By.cssSelector: .panel.panel-default.text-center.footerPanel .btn,.btn.btn-primary.btnControls' in '10' second(s)

2021-11-12 17:11:10 - [MESSAGE][PASSED] - Method.TextDegerineEsitElementVarMi is PASSED

2021-11-12 17:11:10 - [MESSAGE][PASSED] - Call Test Case 'Test Cases/Butonlar/ButonVarMi' successfully

2021-11-12 17:11:10 - [MESSAGE][INFO] - Checking called Test Case

2021-11-12 17:11:10 - [MESSAGE][INFO] - Starting to call Test Case 'Test Cases/Butonlar/ButonVarMi'

2021-11-12 17:11:10 - [TEST_CASE][PASSED] - Test Cases/Butonlar/ButonVarMi: Test Cases/Butonlar/ButonVarMi

2021-11-12 17:11:10 - [TEST_STEP][PASSED] - Method.TextDegerineEsitElementVarMi(findTestObject("Butonlar/Butonlar"), Buton): Method.TextDegerineEsitElementVarMi is PASSED

2021-11-12 17:11:10 - [MESSAGE][INFO] - Finding Test Object 'Object Repository/Butonlar/Butonlar'

2021-11-12 17:11:10 - [MESSAGE][INFO] - Checking timeout

2021-11-12 17:11:10 - [MESSAGE][INFO] - Finding web element with id: 'Object Repository/Butonlar/Butonlar' located by 'By.cssSelector: .panel.panel-default.text-center.footerPanel .btn,.btn.btn-primary.btnControls' in '10' second(s)

2021-11-12 17:11:10 - [MESSAGE][INFO] - Smart Wait Function is triggered

2021-11-12 17:11:10 - [MESSAGE][INFO] - Found 9 web elements with id: 'Object Repository/Butonlar/Butonlar' located by 'By.cssSelector: .panel.panel-default.text-center.footerPanel .btn,.btn.btn-primary.btnControls' in '10' second(s)

2021-11-12 17:11:10 - [MESSAGE][PASSED] - Method.TextDegerineEsitElementVarMi is PASSED

2021-11-12 17:11:10 - [MESSAGE][PASSED] - Call Test Case 'Test Cases/Butonlar/ButonVarMi' successfully

2021-11-12 17:11:10 - [MESSAGE][INFO] - Checking called Test Case

2021-11-12 17:11:10 - [MESSAGE][INFO] - Starting to call Test Case 'Test Cases/Butonlar/ButonaTikla'

2021-11-12 17:11:10 - [TEST_CASE][PASSED] - Test Cases/Butonlar/ButonaTikla: Test Cases/Butonlar/ButonaTikla

2021-11-12 17:11:10 - [TEST_STEP][PASSED] - Method.TextDegerineEsitElementeTiklaEquals(findTestObject("Butonlar/Butonlar"), Buton_Adi): Method.TextDegerineEsitElementeTiklaEquals is PASSED

2021-11-12 17:11:10 - [MESSAGE][INFO] - Finding Test Object 'Object Repository/Butonlar/Butonlar'

2021-11-12 17:11:10 - [MESSAGE][INFO] - Checking timeout

2021-11-12 17:11:10 - [MESSAGE][INFO] - Finding web element with id: 'Object Repository/Butonlar/Butonlar' located by 'By.cssSelector: .panel.panel-default.text-center.footerPanel .btn,.btn.btn-primary.btnControls' in '10' second(s)

2021-11-12 17:11:10 - [MESSAGE][INFO] - Smart Wait Function is triggered

2021-11-12 17:11:11 - [MESSAGE][INFO] - Found 9 web elements with id: 'Object Repository/Butonlar/Butonlar' located by 'By.cssSelector: .panel.panel-default.text-center.footerPanel .btn,.btn.btn-primary.btnControls' in '10' second(s)

2021-11-12 17:11:11 - [MESSAGE][PASSED] - Method.TextDegerineEsitElementeTiklaEquals is PASSED

2021-11-12 17:11:11 - [MESSAGE][PASSED] - Call Test Case 'Test Cases/Butonlar/ButonaTikla' successfully

2021-11-12 17:11:11 - [MESSAGE][INFO] - Checking called Test Case

2021-11-12 17:11:11 - [MESSAGE][INFO] - Starting to call Test Case 'Test Cases/Butonlar/AltButonVarMi'

2021-11-12 17:11:11 - [TEST_CASE][PASSED] - Test Cases/Butonlar/AltButonVarMi: Test Cases/Butonlar/AltButonVarMi

2021-11-12 17:11:11 - [TEST_STEP][PASSED] - Method.TextDegerineEsitElementVarMi(findTestObject("Butonlar/AltButonlar"), AltButon): Method.TextDegerineEsitElementVarMi is PASSED

2021-11-12 17:11:11 - [MESSAGE][INFO] - Finding Test Object 'Object Repository/Butonlar/AltButonlar'

2021-11-12 17:11:11 - [MESSAGE][INFO] - Checking timeout

2021-11-12 17:11:11 - [MESSAGE][INFO] - Finding web element with id: 'Object Repository/Butonlar/AltButonlar' located by 'By.cssSelector: .btn-group.open li>a' in '10' second(s)

2021-11-12 17:11:11 - [MESSAGE][INFO] - Smart Wait Function is triggered

2021-11-12 17:11:11 - [MESSAGE][INFO] - Found 2 web elements with id: 'Object Repository/Butonlar/AltButonlar' located by 'By.cssSelector: .btn-group.open li>a' in '10' second(s)

2021-11-12 17:11:11 - [MESSAGE][PASSED] - Method.TextDegerineEsitElementVarMi is PASSED

2021-11-12 17:11:11 - [MESSAGE][PASSED] - Call Test Case 'Test Cases/Butonlar/AltButonVarMi' successfully

2021-11-12 17:11:11 - [MESSAGE][INFO] - Checking called Test Case

2021-11-12 17:11:11 - [MESSAGE][INFO] - Starting to call Test Case 'Test Cases/Butonlar/AltButonVarMi'

2021-11-12 17:11:11 - [TEST_CASE][PASSED] - Test Cases/Butonlar/AltButonVarMi: Test Cases/Butonlar/AltButonVarMi

2021-11-12 17:11:11 - [TEST_STEP][PASSED] - Method.TextDegerineEsitElementVarMi(findTestObject("Butonlar/AltButonlar"), AltButon): Method.TextDegerineEsitElementVarMi is PASSED

2021-11-12 17:11:11 - [MESSAGE][INFO] - Finding Test Object 'Object Repository/Butonlar/AltButonlar'

2021-11-12 17:11:11 - [MESSAGE][INFO] - Checking timeout

2021-11-12 17:11:11 - [MESSAGE][INFO] - Finding web element with id: 'Object Repository/Butonlar/AltButonlar' located by 'By.cssSelector: .btn-group.open li>a' in '10' second(s)

2021-11-12 17:11:11 - [MESSAGE][INFO] - Smart Wait Function is triggered

2021-11-12 17:11:12 - [MESSAGE][INFO] - Found 2 web elements with id: 'Object Repository/Butonlar/AltButonlar' located by 'By.cssSelector: .btn-group.open li>a' in '10' second(s)

2021-11-12 17:11:12 - [MESSAGE][PASSED] - Method.TextDegerineEsitElementVarMi is PASSED

2021-11-12 17:11:12 - [MESSAGE][PASSED] - Call Test Case 'Test Cases/Butonlar/AltButonVarMi' successfully

2021-11-12 17:11:12 - [MESSAGE][INFO] - Checking called Test Case

2021-11-12 17:11:12 - [MESSAGE][INFO] - Starting to call Test Case 'Test Cases/Kullanici_Islemleri/KullaniciIslemlerindenSecimYapilir'

2021-11-12 17:11:12 - [TEST_CASE][PASSED] - Test Cases/Kullanici_Islemleri/KullaniciIslemlerindenSecimYapilir: Test Cases/Kullanici_Islemleri/KullaniciIslemlerindenSecimYapilir

2021-11-12 17:11:12 - [TEST_STEP][PASSED] - waitForElementClickable(findTestObject("Object Repository/Kullanici_Islemleri/KullaniciIslemleri"), 10): Object 'Object Repository/Kullanici_Islemleri/KullaniciIslemleri' is clickable

2021-11-12 17:11:12 - [MESSAGE][INFO] - Finding Test Object 'Object Repository/Kullanici_Islemleri/KullaniciIslemleri'

2021-11-12 17:11:12 - [MESSAGE][INFO] - Checking object

2021-11-12 17:11:12 - [MESSAGE][INFO] - Checking timeout

2021-11-12 17:11:12 - [MESSAGE][INFO] - Finding web element from Test Object's properties

2021-11-12 17:11:12 - [MESSAGE][INFO] - Checking timeout

2021-11-12 17:11:12 - [MESSAGE][INFO] - Finding web element with id: 'Object Repository/Kullanici_Islemleri/KullaniciIslemleri' located by 'By.cssSelector: .dropdown>a>img' in '10' second(s)

2021-11-12 17:11:12 - [MESSAGE][INFO] - Smart Wait Function is triggered

2021-11-12 17:11:12 - [MESSAGE][INFO] - Found 1 web elements with id: 'Object Repository/Kullanici_Islemleri/KullaniciIslemleri' located by 'By.cssSelector: .dropdown>a>img' in '10' second(s)

2021-11-12 17:11:12 - [MESSAGE][PASSED] - Object 'Object Repository/Kullanici_Islemleri/KullaniciIslemleri' is clickable

2021-11-12 17:11:12 - [TEST_STEP][PASSED] - click(findTestObject("Object Repository/Kullanici_Islemleri/KullaniciIslemleri")): Object: 'Object Repository/Kullanici_Islemleri/KullaniciIslemleri' is clicked on

2021-11-12 17:11:12 - [MESSAGE][INFO] - Finding Test Object 'Object Repository/Kullanici_Islemleri/KullaniciIslemleri'

2021-11-12 17:11:12 - [MESSAGE][INFO] - Checking object

2021-11-12 17:11:12 - [MESSAGE][INFO] - Finding web element from Test Object's properties

2021-11-12 17:11:12 - [MESSAGE][INFO] - Checking timeout

2021-11-12 17:11:12 - [MESSAGE][INFO] - Finding web element with id: 'Object Repository/Kullanici_Islemleri/KullaniciIslemleri' located by 'By.cssSelector: .dropdown>a>img' in '30' second(s)

2021-11-12 17:11:12 - [MESSAGE][INFO] - Smart Wait Function is triggered

2021-11-12 17:11:13 - [MESSAGE][INFO] - Found 1 web elements with id: 'Object Repository/Kullanici_Islemleri/KullaniciIslemleri' located by 'By.cssSelector: .dropdown>a>img' in '30' second(s)

2021-11-12 17:11:13 - [MESSAGE][INFO] - Clicking on object: 'Object Repository/Kullanici_Islemleri/KullaniciIslemleri'

2021-11-12 17:11:13 - [MESSAGE][PASSED] - Object: 'Object Repository/Kullanici_Islemleri/KullaniciIslemleri' is clicked on

2021-11-12 17:11:13 - [TEST_STEP][PASSED] - Method.TextDegerineEsitElementeTikla(findTestObject("Object Repository/Kullanici_Islemleri/Secenekler"), Islem): Method.TextDegerineEsitElementeTikla is PASSED

2021-11-12 17:11:13 - [MESSAGE][INFO] - Finding Test Object 'Object Repository/Kullanici_Islemleri/Secenekler'

2021-11-12 17:11:13 - [MESSAGE][INFO] - Checking timeout

2021-11-12 17:11:13 - [MESSAGE][INFO] - Finding web element with id: 'Object Repository/Kullanici_Islemleri/Secenekler' located by 'By.cssSelector: .nav.navbar-nav.navbar-right li a' in '10' second(s)

2021-11-12 17:11:13 - [MESSAGE][INFO] - Smart Wait Function is triggered

2021-11-12 17:11:13 - [MESSAGE][INFO] - Found 22 web elements with id: 'Object Repository/Kullanici_Islemleri/Secenekler' located by 'By.cssSelector: .nav.navbar-nav.navbar-right li a' in '10' second(s)

2021-11-12 17:11:15 - [MESSAGE][PASSED] - Method.TextDegerineEsitElementeTikla is PASSED

2021-11-12 17:11:15 - [TEST_STEP][PASSED] - verifyElementNotPresent(findTestObject("Object Repository/Kullanici_Islemleri/Secenekler"), 10): Web element with id: 'Object Repository/Kullanici_Islemleri/Secenekler' located by 'By.cssSelector: .nav.navbar-nav.navbar-right li a' is not present after '10' second(s)

2021-11-12 17:11:15 - [MESSAGE][INFO] - Finding Test Object 'Object Repository/Kullanici_Islemleri/Secenekler'

2021-11-12 17:11:15 - [MESSAGE][INFO] - Checking object

2021-11-12 17:11:15 - [MESSAGE][INFO] - Checking timeout

2021-11-12 17:11:15 - [MESSAGE][INFO] - Finding web element with id: 'Object Repository/Kullanici_Islemleri/Secenekler' located by 'By.cssSelector: .nav.navbar-nav.navbar-right li a' in '10' second(s)

2021-11-12 17:11:15 - [MESSAGE][INFO] - Smart Wait Function is triggered

2021-11-12 17:11:15 - [MESSAGE][PASSED] - Web element with id: 'Object Repository/Kullanici_Islemleri/Secenekler' located by 'By.cssSelector: .nav.navbar-nav.navbar-right li a' is not present after '10' second(s)

2021-11-12 17:11:15 - [MESSAGE][PASSED] - Call Test Case 'Test Cases/Kullanici_Islemleri/KullaniciIslemlerindenSecimYapilir' successfully

2021-11-12 17:11:15 - [TEST_CASE][PASSED] - Start Test Case : SCENARIO e-Arsiv Taslak Buton Kontrolu: SCENARIO e-Arsiv Taslak Buton Kontrolu

2021-11-12 17:11:15 - [TEST_STEP][PASSED] - Kullanıcı adı ELOGO6 ve Şifre 123456 olarak giriş yapılır: Kullanıcı adı ELOGO6 ve Şifre 123456 olarak giriş yapılır

2021-11-12 17:11:15 - [MESSAGE][PASSED] - Kullanıcı adı ELOGO6 ve Şifre 123456 olarak giriş yapılır

2021-11-12 17:11:15 - [TEST_STEP][PASSED] - Ana menüden e-Arşiv seçilir: Ana menüden e-Arşiv seçilir

2021-11-12 17:11:15 - [MESSAGE][PASSED] - Ana menüden e-Arşiv seçilir

2021-11-12 17:11:15 - [TEST_STEP][PASSED] - Alt menü e-Arşiv Araçları başlığı altındaki e-Arşiv Taslak seçilir: Alt menü e-Arşiv Araçları başlığı altındaki e-Arşiv Taslak seçilir

2021-11-12 17:11:15 - [MESSAGE][PASSED] - Alt menü e-Arşiv Araçları başlığı altındaki e-Arşiv Taslak seçilir

2021-11-12 17:11:15 - [TEST_STEP][PASSED] - Filtre alanlarında Durumu var mı: Filtre alanlarında Durumu var mı

2021-11-12 17:11:15 - [MESSAGE][PASSED] - Filtre alanlarında Durumu var mı

2021-11-12 17:11:15 - [TEST_STEP][PASSED] - Filtre alanlarında Oluşturma Tarihi var mı: Filtre alanlarında Oluşturma Tarihi var mı

2021-11-12 17:11:15 - [MESSAGE][PASSED] - Filtre alanlarında Oluşturma Tarihi var mı

2021-11-12 17:11:15 - [TEST_STEP][PASSED] - Filtre alanlarında Toplam Tutar var mı: Filtre alanlarında Toplam Tutar var mı

2021-11-12 17:11:15 - [MESSAGE][PASSED] - Filtre alanlarında Toplam Tutar var mı

2021-11-12 17:11:15 - [TEST_STEP][PASSED] - Filtre alanlarında Tüm Hesaplar var mı: Filtre alanlarında Tüm Hesaplar var mı

2021-11-12 17:11:15 - [MESSAGE][PASSED] - Filtre alanlarında Tüm Hesaplar var mı

2021-11-12 17:11:15 - [TEST_STEP][PASSED] - Filtre alanlarında Alıcı Ünvan var mı: Filtre alanlarında Alıcı Ünvan var mı

2021-11-12 17:11:15 - [MESSAGE][PASSED] - Filtre alanlarında Alıcı Ünvan var mı

2021-11-12 17:11:15 - [TEST_STEP][PASSED] - Filtre alanlarında Fatura Tarihi var mı: Filtre alanlarında Fatura Tarihi var mı

2021-11-12 17:11:15 - [MESSAGE][PASSED] - Filtre alanlarında Fatura Tarihi var mı

2021-11-12 17:11:15 - [TEST_STEP][PASSED] - Filtre alanlarında Fatura ETTN var mı: Filtre alanlarında Fatura ETTN var mı

2021-11-12 17:11:15 - [MESSAGE][PASSED] - Filtre alanlarında Fatura ETTN var mı

2021-11-12 17:11:15 - [TEST_STEP][PASSED] - Filtre alanlarında Fatura No var mı: Filtre alanlarında Fatura No var mı

2021-11-12 17:11:15 - [MESSAGE][PASSED] - Filtre alanlarında Fatura No var mı

2021-11-12 17:11:15 - [TEST_STEP][PASSED] - Filtre alanlarında Tür var mı: Filtre alanlarında Tür var mı

2021-11-12 17:11:15 - [MESSAGE][PASSED] - Filtre alanlarında Tür var mı

2021-11-12 17:11:15 - [TEST_STEP][PASSED] - Filtre alanlarında Müşteri Bayi Kodu var mı: Filtre alanlarında Müşteri Bayi Kodu var mı

2021-11-12 17:11:15 - [MESSAGE][PASSED] - Filtre alanlarında Müşteri Bayi Kodu var mı

2021-11-12 17:11:15 - [TEST_STEP][PASSED] - Filtre butonlarında Listele var mı: Filtre butonlarında Listele var mı

2021-11-12 17:11:15 - [MESSAGE][PASSED] - Filtre butonlarında Listele var mı

2021-11-12 17:11:15 - [TEST_STEP][PASSED] - Filtre butonlarında Temizle var mı: Filtre butonlarında Temizle var mı

2021-11-12 17:11:15 - [MESSAGE][PASSED] - Filtre butonlarında Temizle var mı

2021-11-12 17:11:15 - [TEST_STEP][PASSED] - Butonlardan Gönder var mı: Butonlardan Gönder var mı

2021-11-12 17:11:15 - [MESSAGE][PASSED] - Butonlardan Gönder var mı

2021-11-12 17:11:15 - [TEST_STEP][PASSED] - Butonlardan İptal Et var mı: Butonlardan İptal Et var mı

2021-11-12 17:11:15 - [MESSAGE][PASSED] - Butonlardan İptal Et var mı

2021-11-12 17:11:15 - [TEST_STEP][PASSED] - Butonlardan Değiştir var mı: Butonlardan Değiştir var mı

2021-11-12 17:11:15 - [MESSAGE][PASSED] - Butonlardan Değiştir var mı

2021-11-12 17:11:15 - [TEST_STEP][PASSED] - Butonlardan Göster var mı: Butonlardan Göster var mı

2021-11-12 17:11:15 - [MESSAGE][PASSED] - Butonlardan Göster var mı

2021-11-12 17:11:15 - [TEST_STEP][PASSED] - Butonlardan UBL var mı: Butonlardan UBL var mı

2021-11-12 17:11:15 - [MESSAGE][PASSED] - Butonlardan UBL var mı

2021-11-12 17:11:15 - [TEST_STEP][PASSED] - Butonlardan Sil var mı: Butonlardan Sil var mı

2021-11-12 17:11:15 - [MESSAGE][PASSED] - Butonlardan Sil var mı

2021-11-12 17:11:15 - [TEST_STEP][PASSED] - Butonlardan Excel var mı: Butonlardan Excel var mı

2021-11-12 17:11:15 - [MESSAGE][PASSED] - Butonlardan Excel var mı

2021-11-12 17:11:15 - [TEST_STEP][PASSED] - Butonlardan İzleme Kayıtları var mı: Butonlardan İzleme Kayıtları var mı

2021-11-12 17:11:15 - [MESSAGE][PASSED] - Butonlardan İzleme Kayıtları var mı

2021-11-12 17:11:15 - [TEST_STEP][PASSED] - Butonlardan Excel isimli butona tıklanır: Butonlardan Excel isimli butona tıklanır

2021-11-12 17:11:15 - [MESSAGE][PASSED] - Butonlardan Excel isimli butona tıklanır

2021-11-12 17:11:15 - [TEST_STEP][PASSED] - Alt butonlardan Excel 'e Aktar var mı: Alt butonlardan Excel 'e Aktar var mı

2021-11-12 17:11:15 - [MESSAGE][PASSED] - Alt butonlardan Excel 'e Aktar var mı

2021-11-12 17:11:15 - [TEST_STEP][PASSED] - Alt butonlardan Tümünü Excel 'e Aktar var mı: Alt butonlardan Tümünü Excel 'e Aktar var mı

2021-11-12 17:11:15 - [MESSAGE][PASSED] - Alt butonlardan Tümünü Excel 'e Aktar var mı

2021-11-12 17:11:15 - [TEST_STEP][PASSED] - Kullanıcı işlemlerinden Çıkış seçilir: Kullanıcı işlemlerinden Çıkış seçilir

2021-11-12 17:11:15 - [MESSAGE][PASSED] - Kullanıcı işlemlerinden Çıkış seçilir

2021-11-12 17:11:15 - [MESSAGE][PASSED] - Feature file: 'Include/features/e-Arsiv/e-Arsiv Araclari/e-Arsiv Taslak/Buton Kontrolu.feature' was passed

2021-11-12 17:11:15 - [TEST_STEP][PASSED] - Start listener action : sampleAfterTestSuite: Invoke 'com.kms.katalon.core.annotation.AfterTestCase' method: 'Listener.sampleAfterTestSuite(...)' completed.

2021-11-12 17:11:15 - [MESSAGE][INFO] - Starting invoke 'com.kms.katalon.core.annotation.AfterTestCase' method: 'Listener.sampleAfterTestSuite(...)'

2021-11-12 17:11:15 - [TEST_STEP][PASSED] - closeBrowser(): Invoke 'com.kms.katalon.core.annotation.AfterTestCase' method: 'Listener.sampleAfterTestSuite(...)' completed.

2021-11-12 17:11:15 - [MESSAGE][INFO] - Closing browser

2021-11-12 17:11:16 - [MESSAGE][PASSED] - Browser is closed

2021-11-12 17:11:16 - [MESSAGE][INFO] - Invoke 'com.kms.katalon.core.annotation.AfterTestCase' method: 'Listener.sampleAfterTestSuite(...)' completed.]]></system-out>
         <system-err><![CDATA[]]></system-err>
      </testcase>
      <testcase name="Test Cases/Case Repository/e-Arsiv/e-Arsiv Hareketleri/e-Arsiv Faturalari/Departman Ata-Geri Al" time="50.303" classname="Test Cases/Case Repository/e-Arsiv/e-Arsiv Hareketleri/e-Arsiv Faturalari/Departman Ata-Geri Al" status="PASSED">
         <system-out><![CDATA[2021-11-12 17:11:16 - [TEST_CASE][PASSED] - Test Cases/Case Repository/e-Arsiv/e-Arsiv Hareketleri/e-Arsiv Faturalari/Departman Ata-Geri Al: Test Cases/Case Repository/e-Arsiv/e-Arsiv Hareketleri/e-Arsiv Faturalari/Departman Ata-Geri Al

2021-11-12 17:11:16 - [TEST_STEP][PASSED] - Start listener action : sampleBeforeTestSuite: Invoke 'com.kms.katalon.core.annotation.BeforeTestCase' method: 'Listener.sampleBeforeTestSuite(...)' completed.

2021-11-12 17:11:16 - [MESSAGE][INFO] - Starting invoke 'com.kms.katalon.core.annotation.BeforeTestCase' method: 'Listener.sampleBeforeTestSuite(...)'

2021-11-12 17:11:16 - [TEST_STEP][PASSED] - openBrowser(baseUrl): Browser is opened with url: 'https://efatura-stage.elogo.com.tr/'

2021-11-12 17:11:16 - [MESSAGE][INFO] - Opening browser

2021-11-12 17:11:16 - [MESSAGE][INFO] - Starting 'Chrome' driver

2021-11-12 17:11:16 - [MESSAGE][INFO] - User set preference: ['prefs', '{download.default_directory=C:\otomasyondownfiles}']

2021-11-12 17:11:16 - [MESSAGE][INFO] - Action delay is set to 0 milliseconds

2021-11-12 17:11:18 - [MESSAGE][INFO] - Navigating browser to: 'https://efatura-stage.elogo.com.tr/'

2021-11-12 17:11:21 - [MESSAGE][PASSED] - Browser is opened with url: 'https://efatura-stage.elogo.com.tr/'

2021-11-12 17:11:21 - [TEST_STEP][PASSED] - maximizeWindow(): Invoke 'com.kms.katalon.core.annotation.BeforeTestCase' method: 'Listener.sampleBeforeTestSuite(...)' completed.

2021-11-12 17:11:21 - [MESSAGE][INFO] - Maximizing current window

2021-11-12 17:11:21 - [MESSAGE][PASSED] - Current window maximized

2021-11-12 17:11:21 - [MESSAGE][INFO] - Invoke 'com.kms.katalon.core.annotation.BeforeTestCase' method: 'Listener.sampleBeforeTestSuite(...)' completed.

2021-11-12 17:11:21 - [TEST_STEP][PASSED] - runFeatureFile("Include/features/e-Arsiv/e-Arsiv Hareketleri/e-Arsiv Faturalari/Departman Ata-Geri Al.feature"): Feature file: 'Include/features/e-Arsiv/e-Arsiv Hareketleri/e-Arsiv Faturalari/Departman Ata-Geri Al.feature' was passed

2021-11-12 17:11:21 - [MESSAGE][INFO] - Starting run keyword runFeatureFile: 'Include/features/e-Arsiv/e-Arsiv Hareketleri/e-Arsiv Faturalari/Departman Ata-Geri Al.feature' and extract report to folder: 'C:\Users\DELL\Documents\GitHub\EES_KatalonLogo\Reports\20211112_170311\Suite Repository\e-Arsiv\20211112_170317/cucumber_report/1636726281719'...

2021-11-12 17:11:21 - [MESSAGE][INFO] - Glue: []

2021-11-12 17:11:23 - [MESSAGE][INFO] - Checking called Test Case

2021-11-12 17:11:23 - [MESSAGE][INFO] - Starting to call Test Case 'Test Cases/Sayfalar/Giris_Sayfasi/Login'

2021-11-12 17:11:23 - [TEST_CASE][PASSED] - Test Cases/Sayfalar/Giris_Sayfasi/Login: Test Cases/Sayfalar/Giris_Sayfasi/Login

2021-11-12 17:11:23 - [TEST_STEP][PASSED] - Sayfa_Basligi = getWindowTitle(): Current window's title is: 'LOGO e-Fatura'

2021-11-12 17:11:23 - [MESSAGE][INFO] - Getting current window's title

2021-11-12 17:11:23 - [MESSAGE][PASSED] - Current window's title is: 'LOGO e-Fatura'

2021-11-12 17:11:23 - [TEST_STEP][PASSED] - verifyMatch(Sayfa_Basligi, "LOGO e-Fatura", false): Actual text 'LOGO e-Fatura' and expected text 'LOGO e-Fatura' are matched 

2021-11-12 17:11:23 - [MESSAGE][INFO] - Matching actual text 'LOGO e-Fatura' with expected text 'LOGO e-Fatura'

2021-11-12 17:11:23 - [MESSAGE][PASSED] - Actual text 'LOGO e-Fatura' and expected text 'LOGO e-Fatura' are matched 

2021-11-12 17:11:23 - [TEST_STEP][PASSED] - sendKeys(findTestObject("Sayfalar/Giris_Sayfasi/Firma_Kodu"), KullaniciAdi): Keys 'ELOGO6' sent to object: 'Object Repository/Sayfalar/Giris_Sayfasi/Firma_Kodu'

2021-11-12 17:11:23 - [MESSAGE][INFO] - Finding Test Object 'Object Repository/Sayfalar/Giris_Sayfasi/Firma_Kodu'

2021-11-12 17:11:23 - [MESSAGE][INFO] - Sending keys 'ELOGO6' to object: 'Object Repository/Sayfalar/Giris_Sayfasi/Firma_Kodu'

2021-11-12 17:11:23 - [MESSAGE][INFO] - Finding web element from Test Object's properties

2021-11-12 17:11:23 - [MESSAGE][INFO] - Checking timeout

2021-11-12 17:11:23 - [MESSAGE][INFO] - Finding web element with id: 'Object Repository/Sayfalar/Giris_Sayfasi/Firma_Kodu' located by 'By.xpath: //*[@id = 'AccountName']' in '30' second(s)

2021-11-12 17:11:23 - [MESSAGE][INFO] - Smart Wait Function is triggered

2021-11-12 17:11:23 - [MESSAGE][INFO] - Found 1 web elements with id: 'Object Repository/Sayfalar/Giris_Sayfasi/Firma_Kodu' located by 'By.xpath: //*[@id = 'AccountName']' in '30' second(s)

2021-11-12 17:11:23 - [MESSAGE][PASSED] - Keys 'ELOGO6' sent to object: 'Object Repository/Sayfalar/Giris_Sayfasi/Firma_Kodu'

2021-11-12 17:11:23 - [TEST_STEP][PASSED] - sendKeys(findTestObject("Sayfalar/Giris_Sayfasi/Sifre"), Sifre): Keys '123456' sent to object: 'Object Repository/Sayfalar/Giris_Sayfasi/Sifre'

2021-11-12 17:11:23 - [MESSAGE][INFO] - Finding Test Object 'Object Repository/Sayfalar/Giris_Sayfasi/Sifre'

2021-11-12 17:11:23 - [MESSAGE][INFO] - Sending keys '123456' to object: 'Object Repository/Sayfalar/Giris_Sayfasi/Sifre'

2021-11-12 17:11:23 - [MESSAGE][INFO] - Finding web element from Test Object's properties

2021-11-12 17:11:23 - [MESSAGE][INFO] - Checking timeout

2021-11-12 17:11:23 - [MESSAGE][INFO] - Finding web element with id: 'Object Repository/Sayfalar/Giris_Sayfasi/Sifre' located by 'By.xpath: //*[@id = 'Password']' in '30' second(s)

2021-11-12 17:11:23 - [MESSAGE][INFO] - Smart Wait Function is triggered

2021-11-12 17:11:24 - [MESSAGE][INFO] - Found 1 web elements with id: 'Object Repository/Sayfalar/Giris_Sayfasi/Sifre' located by 'By.xpath: //*[@id = 'Password']' in '30' second(s)

2021-11-12 17:11:24 - [MESSAGE][PASSED] - Keys '123456' sent to object: 'Object Repository/Sayfalar/Giris_Sayfasi/Sifre'

2021-11-12 17:11:24 - [TEST_STEP][PASSED] - findWebElement(findTestObject("Sayfalar/Giris_Sayfasi/Giris_Butonu")).click(): Found 1 web elements with id: 'Object Repository/Sayfalar/Giris_Sayfasi/Giris_Butonu' located by 'By.cssSelector: #btnLogin' in '30' second(s)

2021-11-12 17:11:24 - [MESSAGE][INFO] - Finding Test Object 'Object Repository/Sayfalar/Giris_Sayfasi/Giris_Butonu'

2021-11-12 17:11:24 - [MESSAGE][INFO] - Finding web element from Test Object's properties

2021-11-12 17:11:24 - [MESSAGE][INFO] - Checking timeout

2021-11-12 17:11:24 - [MESSAGE][INFO] - Finding web element with id: 'Object Repository/Sayfalar/Giris_Sayfasi/Giris_Butonu' located by 'By.cssSelector: #btnLogin' in '30' second(s)

2021-11-12 17:11:24 - [MESSAGE][INFO] - Smart Wait Function is triggered

2021-11-12 17:11:24 - [MESSAGE][INFO] - Found 1 web elements with id: 'Object Repository/Sayfalar/Giris_Sayfasi/Giris_Butonu' located by 'By.cssSelector: #btnLogin' in '30' second(s)

2021-11-12 17:11:27 - [TEST_STEP][PASSED] - if (verifyElementPresent(findTestObject("Object Repository/Sayfalar/Giris_Sayfasi/RetveTamam_Butonu"), 5, OPTIONAL)): null

2021-11-12 17:11:27 - [MESSAGE][INFO] - Finding Test Object 'Object Repository/Sayfalar/Giris_Sayfasi/RetveTamam_Butonu'

2021-11-12 17:11:27 - [MESSAGE][INFO] - Checking object

2021-11-12 17:11:27 - [MESSAGE][INFO] - Finding web element from Test Object's properties

2021-11-12 17:11:27 - [MESSAGE][INFO] - Checking timeout

2021-11-12 17:11:27 - [MESSAGE][INFO] - Finding web element with id: 'Object Repository/Sayfalar/Giris_Sayfasi/RetveTamam_Butonu' located by 'By.xpath: //*[@class = 'btn btn-default']' in '5' second(s)

2021-11-12 17:11:27 - [MESSAGE][INFO] - Smart Wait Function is triggered

2021-11-12 17:11:27 - [MESSAGE][INFO] - Found 1 web elements with id: 'Object Repository/Sayfalar/Giris_Sayfasi/RetveTamam_Butonu' located by 'By.xpath: //*[@class = 'btn btn-default']' in '5' second(s)

2021-11-12 17:11:27 - [MESSAGE][PASSED] - Object 'Object Repository/Sayfalar/Giris_Sayfasi/RetveTamam_Butonu' is present

2021-11-12 17:11:27 - [TEST_STEP][PASSED] - click(findTestObject("Object Repository/Sayfalar/Giris_Sayfasi/RetveTamam_Butonu")): Object: 'Object Repository/Sayfalar/Giris_Sayfasi/RetveTamam_Butonu' is clicked on

2021-11-12 17:11:27 - [MESSAGE][INFO] - Finding Test Object 'Object Repository/Sayfalar/Giris_Sayfasi/RetveTamam_Butonu'

2021-11-12 17:11:27 - [MESSAGE][INFO] - Checking object

2021-11-12 17:11:27 - [MESSAGE][INFO] - Finding web element from Test Object's properties

2021-11-12 17:11:27 - [MESSAGE][INFO] - Checking timeout

2021-11-12 17:11:27 - [MESSAGE][INFO] - Finding web element with id: 'Object Repository/Sayfalar/Giris_Sayfasi/RetveTamam_Butonu' located by 'By.xpath: //*[@class = 'btn btn-default']' in '30' second(s)

2021-11-12 17:11:27 - [MESSAGE][INFO] - Smart Wait Function is triggered

2021-11-12 17:11:28 - [MESSAGE][INFO] - Found 1 web elements with id: 'Object Repository/Sayfalar/Giris_Sayfasi/RetveTamam_Butonu' located by 'By.xpath: //*[@class = 'btn btn-default']' in '30' second(s)

2021-11-12 17:11:28 - [MESSAGE][INFO] - Clicking on object: 'Object Repository/Sayfalar/Giris_Sayfasi/RetveTamam_Butonu'

2021-11-12 17:11:28 - [MESSAGE][PASSED] - Object: 'Object Repository/Sayfalar/Giris_Sayfasi/RetveTamam_Butonu' is clicked on

2021-11-12 17:11:28 - [TEST_STEP][PASSED] - click(findTestObject("Object Repository/Sayfalar/Giris_Sayfasi/RetveTamam_Butonu")): Object: 'Object Repository/Sayfalar/Giris_Sayfasi/RetveTamam_Butonu' is clicked on

2021-11-12 17:11:28 - [MESSAGE][INFO] - Finding Test Object 'Object Repository/Sayfalar/Giris_Sayfasi/RetveTamam_Butonu'

2021-11-12 17:11:28 - [MESSAGE][INFO] - Checking object

2021-11-12 17:11:28 - [MESSAGE][INFO] - Finding web element from Test Object's properties

2021-11-12 17:11:28 - [MESSAGE][INFO] - Checking timeout

2021-11-12 17:11:28 - [MESSAGE][INFO] - Finding web element with id: 'Object Repository/Sayfalar/Giris_Sayfasi/RetveTamam_Butonu' located by 'By.xpath: //*[@class = 'btn btn-default']' in '30' second(s)

2021-11-12 17:11:28 - [MESSAGE][INFO] - Smart Wait Function is triggered

2021-11-12 17:11:35 - [MESSAGE][INFO] - Found 1 web elements with id: 'Object Repository/Sayfalar/Giris_Sayfasi/RetveTamam_Butonu' located by 'By.xpath: //*[@class = 'btn btn-default']' in '30' second(s)

2021-11-12 17:11:35 - [MESSAGE][INFO] - Clicking on object: 'Object Repository/Sayfalar/Giris_Sayfasi/RetveTamam_Butonu'

2021-11-12 17:11:35 - [MESSAGE][PASSED] - Object: 'Object Repository/Sayfalar/Giris_Sayfasi/RetveTamam_Butonu' is clicked on

2021-11-12 17:11:35 - [TEST_STEP][PASSED] - if (verifyElementPresent(findTestObject("Sayfalar/Giris_Sayfasi/PopupOK"), 5, OPTIONAL)): null

2021-11-12 17:11:35 - [MESSAGE][INFO] - Finding Test Object 'Object Repository/Sayfalar/Giris_Sayfasi/PopupOK'

2021-11-12 17:11:35 - [MESSAGE][INFO] - Checking object

2021-11-12 17:11:35 - [MESSAGE][INFO] - Finding web element from Test Object's properties

2021-11-12 17:11:35 - [MESSAGE][INFO] - Checking timeout

2021-11-12 17:11:35 - [MESSAGE][INFO] - Finding web element with id: 'Object Repository/Sayfalar/Giris_Sayfasi/PopupOK' located by 'By.cssSelector: .btn.btn-success' in '5' second(s)

2021-11-12 17:11:35 - [MESSAGE][INFO] - Smart Wait Function is triggered

2021-11-12 17:11:35 - [MESSAGE][INFO] - Found 1 web elements with id: 'Object Repository/Sayfalar/Giris_Sayfasi/PopupOK' located by 'By.cssSelector: .btn.btn-success' in '5' second(s)

2021-11-12 17:11:35 - [MESSAGE][PASSED] - Object 'Object Repository/Sayfalar/Giris_Sayfasi/PopupOK' is present

2021-11-12 17:11:35 - [TEST_STEP][PASSED] - click(findTestObject("Object Repository/Sayfalar/Giris_Sayfasi/PopupCarpiGiris")): Object: 'Object Repository/Sayfalar/Giris_Sayfasi/PopupCarpiGiris' is clicked on

2021-11-12 17:11:35 - [MESSAGE][INFO] - Finding Test Object 'Object Repository/Sayfalar/Giris_Sayfasi/PopupCarpiGiris'

2021-11-12 17:11:35 - [MESSAGE][INFO] - Checking object

2021-11-12 17:11:36 - [MESSAGE][INFO] - Finding web element from Test Object's properties

2021-11-12 17:11:36 - [MESSAGE][INFO] - Checking timeout

2021-11-12 17:11:36 - [MESSAGE][INFO] - Finding web element with id: 'Object Repository/Sayfalar/Giris_Sayfasi/PopupCarpiGiris' located by 'By.cssSelector: .bootbox-close-button.close' in '30' second(s)

2021-11-12 17:11:36 - [MESSAGE][INFO] - Smart Wait Function is triggered

2021-11-12 17:11:36 - [MESSAGE][INFO] - Found 1 web elements with id: 'Object Repository/Sayfalar/Giris_Sayfasi/PopupCarpiGiris' located by 'By.cssSelector: .bootbox-close-button.close' in '30' second(s)

2021-11-12 17:11:36 - [MESSAGE][INFO] - Clicking on object: 'Object Repository/Sayfalar/Giris_Sayfasi/PopupCarpiGiris'

2021-11-12 17:11:36 - [MESSAGE][PASSED] - Object: 'Object Repository/Sayfalar/Giris_Sayfasi/PopupCarpiGiris' is clicked on

2021-11-12 17:11:36 - [TEST_STEP][PASSED] - verifyElementVisible(findTestObject("Object Repository/Kullanici_Islemleri/KullaniciIslemleri")): Object 'Object Repository/Kullanici_Islemleri/KullaniciIslemleri' is visible

2021-11-12 17:11:36 - [MESSAGE][INFO] - Finding Test Object 'Object Repository/Kullanici_Islemleri/KullaniciIslemleri'

2021-11-12 17:11:36 - [MESSAGE][INFO] - Checking object

2021-11-12 17:11:36 - [MESSAGE][INFO] - Finding web element from Test Object's properties

2021-11-12 17:11:36 - [MESSAGE][INFO] - Checking timeout

2021-11-12 17:11:36 - [MESSAGE][INFO] - Finding web element with id: 'Object Repository/Kullanici_Islemleri/KullaniciIslemleri' located by 'By.cssSelector: .dropdown>a>img' in '30' second(s)

2021-11-12 17:11:36 - [MESSAGE][INFO] - Smart Wait Function is triggered

2021-11-12 17:11:37 - [MESSAGE][INFO] - Found 1 web elements with id: 'Object Repository/Kullanici_Islemleri/KullaniciIslemleri' located by 'By.cssSelector: .dropdown>a>img' in '30' second(s)

2021-11-12 17:11:37 - [MESSAGE][PASSED] - Object 'Object Repository/Kullanici_Islemleri/KullaniciIslemleri' is visible

2021-11-12 17:11:37 - [MESSAGE][PASSED] - Call Test Case 'Test Cases/Sayfalar/Giris_Sayfasi/Login' successfully

2021-11-12 17:11:37 - [MESSAGE][INFO] - Checking called Test Case

2021-11-12 17:11:37 - [MESSAGE][INFO] - Starting to call Test Case 'Test Cases/Menu/AnaMenuSecimi'

2021-11-12 17:11:37 - [TEST_CASE][PASSED] - Test Cases/Menu/AnaMenuSecimi: Test Cases/Menu/AnaMenuSecimi

2021-11-12 17:11:37 - [TEST_STEP][PASSED] - Method.TextDegerineEsitElementeTikla(findTestObject("Menu/Ana_Menu"), Ana_Menu): Method.TextDegerineEsitElementeTikla is PASSED

2021-11-12 17:11:37 - [MESSAGE][INFO] - Finding Test Object 'Object Repository/Menu/Ana_Menu'

2021-11-12 17:11:37 - [MESSAGE][INFO] - Checking timeout

2021-11-12 17:11:37 - [MESSAGE][INFO] - Finding web element with id: 'Object Repository/Menu/Ana_Menu' located by 'By.xpath: //*[@class = 'dropdown-toggle']' in '10' second(s)

2021-11-12 17:11:37 - [MESSAGE][INFO] - Smart Wait Function is triggered

2021-11-12 17:11:37 - [MESSAGE][INFO] - Found 14 web elements with id: 'Object Repository/Menu/Ana_Menu' located by 'By.xpath: //*[@class = 'dropdown-toggle']' in '10' second(s)

2021-11-12 17:11:37 - [MESSAGE][PASSED] - Method.TextDegerineEsitElementeTikla is PASSED

2021-11-12 17:11:37 - [MESSAGE][PASSED] - Call Test Case 'Test Cases/Menu/AnaMenuSecimi' successfully

2021-11-12 17:11:37 - [MESSAGE][INFO] - Checking called Test Case

2021-11-12 17:11:37 - [MESSAGE][INFO] - Starting to call Test Case 'Test Cases/Menu/BasligaGoreAltMenuSecimi'

2021-11-12 17:11:37 - [TEST_CASE][PASSED] - Test Cases/Menu/BasligaGoreAltMenuSecimi: Test Cases/Menu/BasligaGoreAltMenuSecimi

2021-11-12 17:11:37 - [TEST_STEP][PASSED] - Method.TextDegerineEsitElementinAltindakiTextDegerineEsitOlanaTikla(findTestObject("Menu/Menu_Basligi"), findTestObject("Menu/Basliga_Gore_Alt_Menu"), Baslik, Alt_Menu): Method.TextDegerineEsitElementinAltindakiTextDegerineEsitOlanaTikla is PASSED

2021-11-12 17:11:37 - [MESSAGE][INFO] - Finding Test Object 'Object Repository/Menu/Menu_Basligi'

2021-11-12 17:11:37 - [MESSAGE][INFO] - Finding Test Object 'Object Repository/Menu/Basliga_Gore_Alt_Menu'

2021-11-12 17:11:37 - [MESSAGE][INFO] - Checking timeout

2021-11-12 17:11:37 - [MESSAGE][INFO] - Finding web element with id: 'Object Repository/Menu/Menu_Basligi' located by 'By.xpath: //li[@class='dropdown dropdown-large open']//li[@class='dropdown-header']' in '10' second(s)

2021-11-12 17:11:37 - [MESSAGE][INFO] - Smart Wait Function is triggered

2021-11-12 17:11:38 - [MESSAGE][INFO] - Found 2 web elements with id: 'Object Repository/Menu/Menu_Basligi' located by 'By.xpath: //li[@class='dropdown dropdown-large open']//li[@class='dropdown-header']' in '10' second(s)

2021-11-12 17:11:38 - [MESSAGE][INFO] - Smart Wait Function is triggered

2021-11-12 17:11:40 - [MESSAGE][PASSED] - Method.TextDegerineEsitElementinAltindakiTextDegerineEsitOlanaTikla is PASSED

2021-11-12 17:11:40 - [MESSAGE][PASSED] - Call Test Case 'Test Cases/Menu/BasligaGoreAltMenuSecimi' successfully

2021-11-12 17:11:40 - [MESSAGE][INFO] - Checking called Test Case

2021-11-12 17:11:40 - [MESSAGE][INFO] - Starting to call Test Case 'Test Cases/Filtreler/BaslangicYaz'

2021-11-12 17:11:40 - [TEST_CASE][PASSED] - Test Cases/Filtreler/BaslangicYaz: Test Cases/Filtreler/BaslangicYaz

2021-11-12 17:11:41 - [TEST_STEP][PASSED] - Method.TextDegerineEsitElementinAltindakineTikla(findTestObject("Filtreler/Basliklar"), findTestObject("Filtreler/Basliga_Gore_Baslangic_Image"), Filtre_Adi): Method.TextDegerineEsitElementinAltindakineTikla is PASSED

2021-11-12 17:11:41 - [MESSAGE][INFO] - Finding Test Object 'Object Repository/Filtreler/Basliklar'

2021-11-12 17:11:41 - [MESSAGE][INFO] - Finding Test Object 'Object Repository/Filtreler/Basliga_Gore_Baslangic_Image'

2021-11-12 17:11:41 - [MESSAGE][INFO] - Checking timeout

2021-11-12 17:11:41 - [MESSAGE][INFO] - Finding web element with id: 'Object Repository/Filtreler/Basliklar' located by 'By.cssSelector: .control-label.col-sm-4.paddingMarginRLC' in '10' second(s)

2021-11-12 17:11:41 - [MESSAGE][INFO] - Smart Wait Function is triggered

2021-11-12 17:11:41 - [MESSAGE][INFO] - Found 19 web elements with id: 'Object Repository/Filtreler/Basliklar' located by 'By.cssSelector: .control-label.col-sm-4.paddingMarginRLC' in '10' second(s)

2021-11-12 17:11:41 - [MESSAGE][INFO] - Smart Wait Function is triggered

2021-11-12 17:11:42 - [MESSAGE][PASSED] - Method.TextDegerineEsitElementinAltindakineTikla is PASSED

2021-11-12 17:11:42 - [TEST_STEP][PASSED] - Method.TextDegerineEsitElementinAltindakiTextboxtaYaz(findTestObject("Filtreler/Basliklar"), findTestObject("Filtreler/Basliga_Gore_Baslangic"), Filtre_Adi, Filtre_Degeri): Method.TextDegerineEsitElementinAltindakiTextboxtaYaz is PASSED

2021-11-12 17:11:42 - [MESSAGE][INFO] - Finding Test Object 'Object Repository/Filtreler/Basliklar'

2021-11-12 17:11:42 - [MESSAGE][INFO] - Finding Test Object 'Object Repository/Filtreler/Basliga_Gore_Baslangic'

2021-11-12 17:11:42 - [MESSAGE][INFO] - Checking timeout

2021-11-12 17:11:42 - [MESSAGE][INFO] - Finding web element with id: 'Object Repository/Filtreler/Basliklar' located by 'By.cssSelector: .control-label.col-sm-4.paddingMarginRLC' in '10' second(s)

2021-11-12 17:11:42 - [MESSAGE][INFO] - Smart Wait Function is triggered

2021-11-12 17:11:42 - [MESSAGE][INFO] - Found 19 web elements with id: 'Object Repository/Filtreler/Basliklar' located by 'By.cssSelector: .control-label.col-sm-4.paddingMarginRLC' in '10' second(s)

2021-11-12 17:11:42 - [MESSAGE][INFO] - Smart Wait Function is triggered

2021-11-12 17:11:43 - [MESSAGE][PASSED] - Method.TextDegerineEsitElementinAltindakiTextboxtaYaz is PASSED

2021-11-12 17:11:43 - [MESSAGE][PASSED] - Call Test Case 'Test Cases/Filtreler/BaslangicYaz' successfully

2021-11-12 17:11:43 - [MESSAGE][INFO] - Checking called Test Case

2021-11-12 17:11:43 - [MESSAGE][INFO] - Starting to call Test Case 'Test Cases/Filtreler/BitisYaz'

2021-11-12 17:11:43 - [TEST_CASE][PASSED] - Test Cases/Filtreler/BitisYaz: Test Cases/Filtreler/BitisYaz

2021-11-12 17:11:44 - [TEST_STEP][PASSED] - Method.TextDegerineEsitElementinAltindakineTikla(findTestObject("Filtreler/Basliklar"), findTestObject("Filtreler/Basliga_Gore_Bitis_Image"), Filtre_Adi): Method.TextDegerineEsitElementinAltindakineTikla is PASSED

2021-11-12 17:11:44 - [MESSAGE][INFO] - Finding Test Object 'Object Repository/Filtreler/Basliklar'

2021-11-12 17:11:44 - [MESSAGE][INFO] - Finding Test Object 'Object Repository/Filtreler/Basliga_Gore_Bitis_Image'

2021-11-12 17:11:44 - [MESSAGE][INFO] - Checking timeout

2021-11-12 17:11:44 - [MESSAGE][INFO] - Finding web element with id: 'Object Repository/Filtreler/Basliklar' located by 'By.cssSelector: .control-label.col-sm-4.paddingMarginRLC' in '10' second(s)

2021-11-12 17:11:44 - [MESSAGE][INFO] - Smart Wait Function is triggered

2021-11-12 17:11:44 - [MESSAGE][INFO] - Found 19 web elements with id: 'Object Repository/Filtreler/Basliklar' located by 'By.cssSelector: .control-label.col-sm-4.paddingMarginRLC' in '10' second(s)

2021-11-12 17:11:44 - [MESSAGE][INFO] - Smart Wait Function is triggered

2021-11-12 17:11:45 - [MESSAGE][PASSED] - Method.TextDegerineEsitElementinAltindakineTikla is PASSED

2021-11-12 17:11:45 - [TEST_STEP][PASSED] - Method.TextDegerineEsitElementinAltindakiTextboxtaYaz(findTestObject("Filtreler/Basliklar"), findTestObject("Object Repository/Filtreler/Basliga_Gore_Bitis"), Filtre_Adi, Filtre_Degeri): Method.TextDegerineEsitElementinAltindakiTextboxtaYaz is PASSED

2021-11-12 17:11:45 - [MESSAGE][INFO] - Finding Test Object 'Object Repository/Filtreler/Basliklar'

2021-11-12 17:11:45 - [MESSAGE][INFO] - Finding Test Object 'Object Repository/Filtreler/Basliga_Gore_Bitis'

2021-11-12 17:11:45 - [MESSAGE][INFO] - Checking timeout

2021-11-12 17:11:45 - [MESSAGE][INFO] - Finding web element with id: 'Object Repository/Filtreler/Basliklar' located by 'By.cssSelector: .control-label.col-sm-4.paddingMarginRLC' in '10' second(s)

2021-11-12 17:11:45 - [MESSAGE][INFO] - Smart Wait Function is triggered

2021-11-12 17:11:45 - [MESSAGE][INFO] - Found 19 web elements with id: 'Object Repository/Filtreler/Basliklar' located by 'By.cssSelector: .control-label.col-sm-4.paddingMarginRLC' in '10' second(s)

2021-11-12 17:11:45 - [MESSAGE][INFO] - Smart Wait Function is triggered

2021-11-12 17:11:46 - [MESSAGE][PASSED] - Method.TextDegerineEsitElementinAltindakiTextboxtaYaz is PASSED

2021-11-12 17:11:46 - [MESSAGE][PASSED] - Call Test Case 'Test Cases/Filtreler/BitisYaz' successfully

2021-11-12 17:11:46 - [MESSAGE][INFO] - Checking called Test Case

2021-11-12 17:11:46 - [MESSAGE][INFO] - Starting to call Test Case 'Test Cases/Filtreler/TexboxaYaz'

2021-11-12 17:11:46 - [TEST_CASE][PASSED] - Test Cases/Filtreler/TexboxaYaz: Test Cases/Filtreler/TexboxaYaz

2021-11-12 17:11:47 - [TEST_STEP][PASSED] - Method.TextDegerineEsitElementinAltindakiTextboxtaYaz(findTestObject("Filtreler/Basliklar"), findTestObject("Filtreler/Basliga_Gore_Textbox"), Filtre_Adi, Filtre_Degeri): Method.TextDegerineEsitElementinAltindakiTextboxtaYaz is PASSED

2021-11-12 17:11:47 - [MESSAGE][INFO] - Finding Test Object 'Object Repository/Filtreler/Basliklar'

2021-11-12 17:11:47 - [MESSAGE][INFO] - Finding Test Object 'Object Repository/Filtreler/Basliga_Gore_Textbox'

2021-11-12 17:11:47 - [MESSAGE][INFO] - Checking timeout

2021-11-12 17:11:47 - [MESSAGE][INFO] - Finding web element with id: 'Object Repository/Filtreler/Basliklar' located by 'By.cssSelector: .control-label.col-sm-4.paddingMarginRLC' in '10' second(s)

2021-11-12 17:11:47 - [MESSAGE][INFO] - Smart Wait Function is triggered

2021-11-12 17:11:47 - [MESSAGE][INFO] - Found 19 web elements with id: 'Object Repository/Filtreler/Basliklar' located by 'By.cssSelector: .control-label.col-sm-4.paddingMarginRLC' in '10' second(s)

2021-11-12 17:11:47 - [MESSAGE][INFO] - Smart Wait Function is triggered

2021-11-12 17:11:48 - [MESSAGE][PASSED] - Method.TextDegerineEsitElementinAltindakiTextboxtaYaz is PASSED

2021-11-12 17:11:48 - [MESSAGE][PASSED] - Call Test Case 'Test Cases/Filtreler/TexboxaYaz' successfully

2021-11-12 17:11:48 - [MESSAGE][INFO] - Checking called Test Case

2021-11-12 17:11:48 - [MESSAGE][INFO] - Starting to call Test Case 'Test Cases/Filtreler/ButonaTikla'

2021-11-12 17:11:48 - [TEST_CASE][PASSED] - Test Cases/Filtreler/ButonaTikla: Test Cases/Filtreler/ButonaTikla

2021-11-12 17:11:48 - [TEST_STEP][PASSED] - Method.TextDegerineEsitElementeTikla(findTestObject("Filtreler/Butonlar"), Filtre_Buton): Method.TextDegerineEsitElementeTikla is PASSED

2021-11-12 17:11:48 - [MESSAGE][INFO] - Finding Test Object 'Object Repository/Filtreler/Butonlar'

2021-11-12 17:11:48 - [MESSAGE][INFO] - Checking timeout

2021-11-12 17:11:48 - [MESSAGE][INFO] - Finding web element with id: 'Object Repository/Filtreler/Butonlar' located by 'By.cssSelector: .dxb>span' in '10' second(s)

2021-11-12 17:11:48 - [MESSAGE][INFO] - Smart Wait Function is triggered

2021-11-12 17:11:48 - [MESSAGE][INFO] - Found 3 web elements with id: 'Object Repository/Filtreler/Butonlar' located by 'By.cssSelector: .dxb>span' in '10' second(s)

2021-11-12 17:11:48 - [MESSAGE][PASSED] - Method.TextDegerineEsitElementeTikla is PASSED

2021-11-12 17:11:48 - [MESSAGE][PASSED] - Call Test Case 'Test Cases/Filtreler/ButonaTikla' successfully

2021-11-12 17:11:48 - [MESSAGE][INFO] - Checking called Test Case

2021-11-12 17:11:48 - [MESSAGE][INFO] - Starting to call Test Case 'Test Cases/Tablo/TablodaVeriVarMi'

2021-11-12 17:11:48 - [TEST_CASE][PASSED] - Test Cases/Tablo/TablodaVeriVarMi: Test Cases/Tablo/TablodaVeriVarMi

2021-11-12 17:11:48 - [TEST_STEP][PASSED] - verifyTextNotPresent("Görüntülenecek veri yok", true): Text 'Görüntülenecek veri yok' is not present on page using regular expression

2021-11-12 17:11:48 - [MESSAGE][INFO] - Checking text present  using regular expression

2021-11-12 17:11:48 - [MESSAGE][INFO] - Smart Wait Function is triggered

2021-11-12 17:11:49 - [MESSAGE][INFO] - Finding text 'Görüntülenecek veri yok' on page  using regular expression

2021-11-12 17:11:49 - [MESSAGE][PASSED] - Text 'Görüntülenecek veri yok' is not present on page using regular expression

2021-11-12 17:11:49 - [MESSAGE][PASSED] - Call Test Case 'Test Cases/Tablo/TablodaVeriVarMi' successfully

2021-11-12 17:11:49 - [MESSAGE][INFO] - Checking called Test Case

2021-11-12 17:11:49 - [MESSAGE][INFO] - Starting to call Test Case 'Test Cases/Tablo/TablodanVeriSec'

2021-11-12 17:11:49 - [TEST_CASE][PASSED] - Test Cases/Tablo/TablodanVeriSec: Test Cases/Tablo/TablodanVeriSec

2021-11-12 17:11:49 - [TEST_STEP][PASSED] - Method.TextDegerineEsitElementinAltindakineTikla(findTestObject("Tablo/Veriler"), findTestObject("Tablo/VerininCheckBoxi"), Veri_Adi): Method.TextDegerineEsitElementinAltindakineTikla is PASSED

2021-11-12 17:11:49 - [MESSAGE][INFO] - Finding Test Object 'Object Repository/Tablo/Veriler'

2021-11-12 17:11:49 - [MESSAGE][INFO] - Finding Test Object 'Object Repository/Tablo/VerininCheckBoxi'

2021-11-12 17:11:50 - [MESSAGE][INFO] - Checking timeout

2021-11-12 17:11:50 - [MESSAGE][INFO] - Finding web element with id: 'Object Repository/Tablo/Veriler' located by 'By.cssSelector: td.dxgv b ,td.dxgv' in '10' second(s)

2021-11-12 17:11:50 - [MESSAGE][INFO] - Smart Wait Function is triggered

2021-11-12 17:11:50 - [MESSAGE][INFO] - Found 176 web elements with id: 'Object Repository/Tablo/Veriler' located by 'By.cssSelector: td.dxgv b ,td.dxgv' in '10' second(s)

2021-11-12 17:11:50 - [MESSAGE][INFO] - Smart Wait Function is triggered

2021-11-12 17:11:50 - [MESSAGE][PASSED] - Method.TextDegerineEsitElementinAltindakineTikla is PASSED

2021-11-12 17:11:50 - [MESSAGE][PASSED] - Call Test Case 'Test Cases/Tablo/TablodanVeriSec' successfully

2021-11-12 17:11:50 - [MESSAGE][INFO] - Checking called Test Case

2021-11-12 17:11:50 - [MESSAGE][INFO] - Starting to call Test Case 'Test Cases/Butonlar/ButonaTikla'

2021-11-12 17:11:50 - [TEST_CASE][PASSED] - Test Cases/Butonlar/ButonaTikla: Test Cases/Butonlar/ButonaTikla

2021-11-12 17:11:50 - [TEST_STEP][PASSED] - Method.TextDegerineEsitElementeTiklaEquals(findTestObject("Butonlar/Butonlar"), Buton_Adi): Method.TextDegerineEsitElementeTiklaEquals is PASSED

2021-11-12 17:11:50 - [MESSAGE][INFO] - Finding Test Object 'Object Repository/Butonlar/Butonlar'

2021-11-12 17:11:50 - [MESSAGE][INFO] - Checking timeout

2021-11-12 17:11:50 - [MESSAGE][INFO] - Finding web element with id: 'Object Repository/Butonlar/Butonlar' located by 'By.cssSelector: .panel.panel-default.text-center.footerPanel .btn,.btn.btn-primary.btnControls' in '10' second(s)

2021-11-12 17:11:50 - [MESSAGE][INFO] - Smart Wait Function is triggered

2021-11-12 17:11:51 - [MESSAGE][INFO] - Found 12 web elements with id: 'Object Repository/Butonlar/Butonlar' located by 'By.cssSelector: .panel.panel-default.text-center.footerPanel .btn,.btn.btn-primary.btnControls' in '10' second(s)

2021-11-12 17:11:51 - [MESSAGE][PASSED] - Method.TextDegerineEsitElementeTiklaEquals is PASSED

2021-11-12 17:11:51 - [MESSAGE][PASSED] - Call Test Case 'Test Cases/Butonlar/ButonaTikla' successfully

2021-11-12 17:11:51 - [MESSAGE][INFO] - Checking called Test Case

2021-11-12 17:11:51 - [MESSAGE][INFO] - Starting to call Test Case 'Test Cases/Sekmeler/YeniSekmeyeGec'

2021-11-12 17:11:51 - [TEST_CASE][PASSED] - Test Cases/Sekmeler/YeniSekmeyeGec: Test Cases/Sekmeler/YeniSekmeyeGec

2021-11-12 17:11:51 - [TEST_STEP][PASSED] - switchToWindowIndex(1): Switched to window with index: '1'

2021-11-12 17:11:51 - [MESSAGE][INFO] - Checking index

2021-11-12 17:11:51 - [MESSAGE][INFO] - Switching window with index: '1'

2021-11-12 17:11:51 - [MESSAGE][PASSED] - Switched to window with index: '1'

2021-11-12 17:11:51 - [MESSAGE][PASSED] - Call Test Case 'Test Cases/Sekmeler/YeniSekmeyeGec' successfully

2021-11-12 17:11:51 - [MESSAGE][INFO] - Checking called Test Case

2021-11-12 17:11:51 - [MESSAGE][INFO] - Starting to call Test Case 'Test Cases/Sekmeler/DepartmanCheckboxiSecilir'

2021-11-12 17:11:51 - [TEST_CASE][PASSED] - Test Cases/Sekmeler/DepartmanCheckboxiSecilir: Test Cases/Sekmeler/DepartmanCheckboxiSecilir

2021-11-12 17:11:52 - [TEST_STEP][PASSED] - Method.TextDegerineEsitElementeTikla(findTestObject("Object Repository/Sekmeler/DepartmanCheckboxi"), Departman): Method.TextDegerineEsitElementeTikla is PASSED

2021-11-12 17:11:52 - [MESSAGE][INFO] - Finding Test Object 'Object Repository/Sekmeler/DepartmanCheckboxi'

2021-11-12 17:11:52 - [MESSAGE][INFO] - Checking timeout

2021-11-12 17:11:52 - [MESSAGE][INFO] - Finding web element with id: 'Object Repository/Sekmeler/DepartmanCheckboxi' located by 'By.cssSelector: .dx-wrap' in '10' second(s)

2021-11-12 17:11:52 - [MESSAGE][INFO] - Smart Wait Function is triggered

2021-11-12 17:11:52 - [MESSAGE][INFO] - Found 4 web elements with id: 'Object Repository/Sekmeler/DepartmanCheckboxi' located by 'By.cssSelector: .dx-wrap' in '10' second(s)

2021-11-12 17:11:53 - [MESSAGE][PASSED] - Method.TextDegerineEsitElementeTikla is PASSED

2021-11-12 17:11:53 - [MESSAGE][PASSED] - Call Test Case 'Test Cases/Sekmeler/DepartmanCheckboxiSecilir' successfully

2021-11-12 17:11:53 - [MESSAGE][INFO] - Checking called Test Case

2021-11-12 17:11:53 - [MESSAGE][INFO] - Starting to call Test Case 'Test Cases/Sekmeler/DepartmanKaydedilir'

2021-11-12 17:11:53 - [TEST_CASE][PASSED] - Test Cases/Sekmeler/DepartmanKaydedilir: Test Cases/Sekmeler/DepartmanKaydedilir

2021-11-12 17:11:53 - [TEST_STEP][PASSED] - waitForElementClickable(findTestObject("Object Repository/Sekmeler/DepartmanKaydetButoni"), 10): Object 'Object Repository/Sekmeler/DepartmanKaydetButoni' is clickable

2021-11-12 17:11:53 - [MESSAGE][INFO] - Finding Test Object 'Object Repository/Sekmeler/DepartmanKaydetButoni'

2021-11-12 17:11:53 - [MESSAGE][INFO] - Checking object

2021-11-12 17:11:53 - [MESSAGE][INFO] - Checking timeout

2021-11-12 17:11:53 - [MESSAGE][INFO] - Finding web element from Test Object's properties

2021-11-12 17:11:53 - [MESSAGE][INFO] - Checking timeout

2021-11-12 17:11:53 - [MESSAGE][INFO] - Finding web element with id: 'Object Repository/Sekmeler/DepartmanKaydetButoni' located by 'By.cssSelector: .dx-vam' in '10' second(s)

2021-11-12 17:11:53 - [MESSAGE][INFO] - Smart Wait Function is triggered

2021-11-12 17:11:54 - [MESSAGE][INFO] - Found 1 web elements with id: 'Object Repository/Sekmeler/DepartmanKaydetButoni' located by 'By.cssSelector: .dx-vam' in '10' second(s)

2021-11-12 17:11:54 - [MESSAGE][PASSED] - Object 'Object Repository/Sekmeler/DepartmanKaydetButoni' is clickable

2021-11-12 17:11:54 - [TEST_STEP][PASSED] - click(findTestObject("Object Repository/Sekmeler/DepartmanKaydetButoni")): Object: 'Object Repository/Sekmeler/DepartmanKaydetButoni' is clicked on

2021-11-12 17:11:54 - [MESSAGE][INFO] - Finding Test Object 'Object Repository/Sekmeler/DepartmanKaydetButoni'

2021-11-12 17:11:54 - [MESSAGE][INFO] - Checking object

2021-11-12 17:11:54 - [MESSAGE][INFO] - Finding web element from Test Object's properties

2021-11-12 17:11:54 - [MESSAGE][INFO] - Checking timeout

2021-11-12 17:11:54 - [MESSAGE][INFO] - Finding web element with id: 'Object Repository/Sekmeler/DepartmanKaydetButoni' located by 'By.cssSelector: .dx-vam' in '30' second(s)

2021-11-12 17:11:54 - [MESSAGE][INFO] - Smart Wait Function is triggered

2021-11-12 17:11:54 - [MESSAGE][INFO] - Found 1 web elements with id: 'Object Repository/Sekmeler/DepartmanKaydetButoni' located by 'By.cssSelector: .dx-vam' in '30' second(s)

2021-11-12 17:11:54 - [MESSAGE][INFO] - Clicking on object: 'Object Repository/Sekmeler/DepartmanKaydetButoni'

2021-11-12 17:11:54 - [MESSAGE][PASSED] - Object: 'Object Repository/Sekmeler/DepartmanKaydetButoni' is clicked on

2021-11-12 17:11:54 - [MESSAGE][PASSED] - Call Test Case 'Test Cases/Sekmeler/DepartmanKaydedilir' successfully

2021-11-12 17:11:54 - [MESSAGE][INFO] - Checking called Test Case

2021-11-12 17:11:54 - [MESSAGE][INFO] - Starting to call Test Case 'Test Cases/Popup/PopupMesajiIceriyorMu'

2021-11-12 17:11:54 - [TEST_CASE][PASSED] - Test Cases/Popup/PopupMesajiIceriyorMu: Test Cases/Popup/PopupMesajiIceriyorMu

2021-11-12 17:11:54 - [TEST_STEP][PASSED] - waitForElementVisible(findTestObject("Popup/Popup"), 10): Object 'Object Repository/Popup/Popup' is visible

2021-11-12 17:11:54 - [MESSAGE][INFO] - Finding Test Object 'Object Repository/Popup/Popup'

2021-11-12 17:11:54 - [MESSAGE][INFO] - Checking object

2021-11-12 17:11:54 - [MESSAGE][INFO] - Checking timeout

2021-11-12 17:11:54 - [MESSAGE][INFO] - Finding web element from Test Object's properties

2021-11-12 17:11:54 - [MESSAGE][INFO] - Checking timeout

2021-11-12 17:11:54 - [MESSAGE][INFO] - Finding web element with id: 'Object Repository/Popup/Popup' located by 'By.cssSelector: .bootbox-body' in '10' second(s)

2021-11-12 17:11:54 - [MESSAGE][INFO] - Smart Wait Function is triggered

2021-11-12 17:11:56 - [MESSAGE][INFO] - Found 1 web elements with id: 'Object Repository/Popup/Popup' located by 'By.cssSelector: .bootbox-body' in '10' second(s)

2021-11-12 17:11:56 - [MESSAGE][PASSED] - Object 'Object Repository/Popup/Popup' is visible

2021-11-12 17:11:56 - [TEST_STEP][PASSED] - if (!(getText(findTestObject("Popup/Popup")).contains(Mesaj))): Text of object 'Object Repository/Popup/Popup' is: 'Seçilen belgeler ilgili departmanlara aktarılmıştır.'

2021-11-12 17:11:56 - [MESSAGE][INFO] - Finding Test Object 'Object Repository/Popup/Popup'

2021-11-12 17:11:56 - [MESSAGE][INFO] - Checking object

2021-11-12 17:11:56 - [MESSAGE][INFO] - Finding web element from Test Object's properties

2021-11-12 17:11:56 - [MESSAGE][INFO] - Checking timeout

2021-11-12 17:11:56 - [MESSAGE][INFO] - Finding web element with id: 'Object Repository/Popup/Popup' located by 'By.cssSelector: .bootbox-body' in '30' second(s)

2021-11-12 17:11:56 - [MESSAGE][INFO] - Smart Wait Function is triggered

2021-11-12 17:11:56 - [MESSAGE][INFO] - Found 1 web elements with id: 'Object Repository/Popup/Popup' located by 'By.cssSelector: .bootbox-body' in '30' second(s)

2021-11-12 17:11:56 - [MESSAGE][INFO] - Getting text of object 'Object Repository/Popup/Popup'

2021-11-12 17:11:56 - [MESSAGE][PASSED] - Text of object 'Object Repository/Popup/Popup' is: 'Seçilen belgeler ilgili departmanlara aktarılmıştır.'

2021-11-12 17:11:56 - [TEST_STEP][PASSED] - RaporNo = getText(findTestObject("Popup/Popup")).substring(0, 6): Text of object 'Object Repository/Popup/Popup' is: 'Seçilen belgeler ilgili departmanlara aktarılmıştır.'

2021-11-12 17:11:56 - [MESSAGE][INFO] - Finding Test Object 'Object Repository/Popup/Popup'

2021-11-12 17:11:56 - [MESSAGE][INFO] - Checking object

2021-11-12 17:11:56 - [MESSAGE][INFO] - Finding web element from Test Object's properties

2021-11-12 17:11:56 - [MESSAGE][INFO] - Checking timeout

2021-11-12 17:11:56 - [MESSAGE][INFO] - Finding web element with id: 'Object Repository/Popup/Popup' located by 'By.cssSelector: .bootbox-body' in '30' second(s)

2021-11-12 17:11:56 - [MESSAGE][INFO] - Smart Wait Function is triggered

2021-11-12 17:11:56 - [MESSAGE][INFO] - Found 1 web elements with id: 'Object Repository/Popup/Popup' located by 'By.cssSelector: .bootbox-body' in '30' second(s)

2021-11-12 17:11:56 - [MESSAGE][INFO] - Getting text of object 'Object Repository/Popup/Popup'

2021-11-12 17:11:56 - [MESSAGE][PASSED] - Text of object 'Object Repository/Popup/Popup' is: 'Seçilen belgeler ilgili departmanlara aktarılmıştır.'

2021-11-12 17:11:56 - [TEST_STEP][PASSED] - Console.println(RaporNo): null

2021-11-12 17:11:56 - [MESSAGE][PASSED] - Call Test Case 'Test Cases/Popup/PopupMesajiIceriyorMu' successfully

2021-11-12 17:11:56 - [MESSAGE][INFO] - Checking called Test Case

2021-11-12 17:11:56 - [MESSAGE][INFO] - Starting to call Test Case 'Test Cases/Popup/PopupButonSecilir'

2021-11-12 17:11:56 - [TEST_CASE][PASSED] - Test Cases/Popup/PopupButonSecilir: Test Cases/Popup/PopupButonSecilir

2021-11-12 17:11:56 - [TEST_STEP][PASSED] - Method.TextDegerineEsitElementeTikla(findTestObject("Popup/Popup_Butons"), Buton): Method.TextDegerineEsitElementeTikla is PASSED

2021-11-12 17:11:56 - [MESSAGE][INFO] - Finding Test Object 'Object Repository/Popup/Popup_Butons'

2021-11-12 17:11:57 - [MESSAGE][INFO] - Checking timeout

2021-11-12 17:11:57 - [MESSAGE][INFO] - Finding web element with id: 'Object Repository/Popup/Popup_Butons' located by 'By.cssSelector: .modal-footer>button' in '10' second(s)

2021-11-12 17:11:57 - [MESSAGE][INFO] - Smart Wait Function is triggered

2021-11-12 17:11:57 - [MESSAGE][INFO] - Found 1 web elements with id: 'Object Repository/Popup/Popup_Butons' located by 'By.cssSelector: .modal-footer>button' in '10' second(s)

2021-11-12 17:11:57 - [MESSAGE][PASSED] - Method.TextDegerineEsitElementeTikla is PASSED

2021-11-12 17:11:57 - [MESSAGE][PASSED] - Call Test Case 'Test Cases/Popup/PopupButonSecilir' successfully

2021-11-12 17:11:57 - [MESSAGE][INFO] - Checking called Test Case

2021-11-12 17:11:57 - [MESSAGE][INFO] - Starting to call Test Case 'Test Cases/Sekmeler/Ana_Sekmeye_Gec'

2021-11-12 17:11:57 - [TEST_CASE][PASSED] - Test Cases/Sekmeler/Ana_Sekmeye_Gec: Test Cases/Sekmeler/Ana_Sekmeye_Gec

2021-11-12 17:11:57 - [TEST_STEP][FAILED] - try: Unable to get the index of the current window (Root cause: com.kms.katalon.core.exception.StepFailedException: Unable to get the index of the current window
	at com.kms.katalon.core.webui.keyword.internal.WebUIKeywordMain.stepFailed(WebUIKeywordMain.groovy:64)
	at com.kms.katalon.core.webui.keyword.internal.WebUIKeywordMain.runKeywordAndReturnInt(WebUIKeywordMain.groovy:56)
	at com.kms.katalon.core.webui.keyword.builtin.GetWindowIndexKeyword.getWindowIndex(GetWindowIndexKeyword.groovy:71)
	at com.kms.katalon.core.webui.keyword.builtin.GetWindowIndexKeyword.execute(GetWindowIndexKeyword.groovy:66)
	at com.kms.katalon.core.keyword.internal.KeywordExecutor.executeKeywordForPlatform(KeywordExecutor.groovy:73)
	at com.kms.katalon.core.webui.keyword.WebUiBuiltInKeywords.getWindowIndex(WebUiBuiltInKeywords.groovy:262)
	at com.kms.katalon.core.webui.keyword.WebUiBuiltInKeywords$getWindowIndex$24.call(Unknown Source)
	at Ana_Sekmeye_Gec.run(Ana_Sekmeye_Gec:18)
	at com.kms.katalon.core.main.ScriptEngine.run(ScriptEngine.java:194)
	at com.kms.katalon.core.main.ScriptEngine.runScriptAsRawText(ScriptEngine.java:119)
	at com.kms.katalon.core.main.TestCaseExecutor.runScript(TestCaseExecutor.java:369)
	at com.kms.katalon.core.main.TestCaseExecutor.doExecute(TestCaseExecutor.java:360)
	at com.kms.katalon.core.main.TestCaseExecutor.processExecutionPhase(TestCaseExecutor.java:339)
	at com.kms.katalon.core.main.TestCaseExecutor.accessMainPhase(TestCaseExecutor.java:331)
	at com.kms.katalon.core.main.TestCaseExecutor.execute(TestCaseExecutor.java:248)
	at com.kms.katalon.core.main.TestCaseMain.runTestCase(TestCaseMain.java:138)
	at com.kms.katalon.core.keyword.builtin.CallTestCaseKeyword$_callTestCase_closure1.doCall(CallTestCaseKeyword.groovy:59)
	at com.kms.katalon.core.keyword.builtin.CallTestCaseKeyword$_callTestCase_closure1.call(CallTestCaseKeyword.groovy)
	at com.kms.katalon.core.keyword.internal.KeywordMain.runKeyword(KeywordMain.groovy:68)
	at com.kms.katalon.core.keyword.builtin.CallTestCaseKeyword.callTestCase(CallTestCaseKeyword.groovy:81)
	at com.kms.katalon.core.keyword.builtin.CallTestCaseKeyword.execute(CallTestCaseKeyword.groovy:44)
	at com.kms.katalon.core.keyword.internal.KeywordExecutor.executeKeywordForPlatform(KeywordExecutor.groovy:73)
	at com.kms.katalon.core.keyword.BuiltinKeywords.callTestCase(BuiltinKeywords.groovy:334)
	at sekmeler.sekmeler.anaSekmeyeGecilir(sekmeler.groovy:55)
	at cucumber.runtime.Utils$1.call(Utils.java:26)
	at cucumber.runtime.Timeout.timeout(Timeout.java:16)
	at cucumber.runtime.Utils.invoke(Utils.java:20)
	at cucumber.runtime.java.JavaStepDefinition.execute(JavaStepDefinition.java:49)
	at cucumber.runner.PickleStepDefinitionMatch.runStep(PickleStepDefinitionMatch.java:50)
	at cucumber.runner.TestStep.executeStep(TestStep.java:63)
	at cucumber.runner.TestStep.run(TestStep.java:49)
	at cucumber.runner.PickleStepTestStep.run(PickleStepTestStep.java:43)
	at cucumber.runner.TestCase.run(TestCase.java:44)
	at cucumber.runner.Runner.runPickle(Runner.java:40)
	at cucumber.runtime.Runtime$1.run(Runtime.java:84)
	at cucumber.runtime.Runtime$SameThreadExecutorService.execute(Runtime.java:220)
	at cucumber.runtime.Runtime.run(Runtime.java:81)
	at cucumber.api.cli.Main.run(Main.java:26)
	at cucumber.api.cli.Main$run.call(Unknown Source)
	at com.kms.katalon.core.cucumber.keyword.CucumberBuiltinKeywords$_runFeatureFile_closure1.doCall(CucumberBuiltinKeywords.groovy:106)
	at com.kms.katalon.core.cucumber.keyword.CucumberBuiltinKeywords$_runFeatureFile_closure1.doCall(CucumberBuiltinKeywords.groovy)
	at com.kms.katalon.core.keyword.internal.KeywordMain.runKeyword(KeywordMain.groovy:68)
	at com.kms.katalon.core.keyword.internal.KeywordMain$runKeyword.call(Unknown Source)
	at com.kms.katalon.core.cucumber.keyword.CucumberBuiltinKeywords.runFeatureFile(CucumberBuiltinKeywords.groovy:73)
	at com.kms.katalon.core.cucumber.keyword.CucumberBuiltinKeywords$runFeatureFile$0.callStatic(Unknown Source)
	at com.kms.katalon.core.cucumber.keyword.CucumberBuiltinKeywords.runFeatureFile(CucumberBuiltinKeywords.groovy:246)
	at com.kms.katalon.core.cucumber.keyword.CucumberBuiltinKeywords$runFeatureFile.call(Unknown Source)
	at Departman Ata-Geri Al.run(Departman Ata-Geri Al:18)
	at com.kms.katalon.core.main.ScriptEngine.run(ScriptEngine.java:194)
	at com.kms.katalon.core.main.ScriptEngine.runScriptAsRawText(ScriptEngine.java:119)
	at com.kms.katalon.core.main.TestCaseExecutor.runScript(TestCaseExecutor.java:369)
	at com.kms.katalon.core.main.TestCaseExecutor.doExecute(TestCaseExecutor.java:360)
	at com.kms.katalon.core.main.TestCaseExecutor.processExecutionPhase(TestCaseExecutor.java:339)
	at com.kms.katalon.core.main.TestCaseExecutor.accessMainPhase(TestCaseExecutor.java:331)
	at com.kms.katalon.core.main.TestCaseExecutor.execute(TestCaseExecutor.java:248)
	at com.kms.katalon.core.main.TestSuiteExecutor.accessTestCaseMainPhase(TestSuiteExecutor.java:191)
	at com.kms.katalon.core.main.TestSuiteExecutor.accessTestSuiteMainPhase(TestSuiteExecutor.java:140)
	at com.kms.katalon.core.main.TestSuiteExecutor.execute(TestSuiteExecutor.java:89)
	at com.kms.katalon.core.main.TestCaseMain.startTestSuite(TestCaseMain.java:181)
	at com.kms.katalon.core.main.TestCaseMain$startTestSuite$0.call(Unknown Source)
	at TempTestSuite1636725797192.run(TempTestSuite1636725797192.groovy:39)
Caused by: org.openqa.selenium.NoSuchWindowException: no such window: window was already closed
  (Session info: chrome=95.0.4638.69)
Build info: version: '3.141.59', revision: 'e82be7d358', time: '2018-11-14T08:25:53'
System info: host: 'DESKTOP-QBVMTUG', ip: '192.168.1.18', os.name: 'Windows 10', os.arch: 'amd64', os.version: '10.0', java.version: '1.8.0_282'
Driver info: com.kms.katalon.selenium.driver.CChromeDriver
Capabilities {acceptInsecureCerts: false, browserName: chrome, browserVersion: 95.0.4638.69, chrome: {chromedriverVersion: 94.0.4606.61 (418b78f5838ed..., userDataDir: C:\Users\DELL\AppData\Local...}, goog:chromeOptions: {debuggerAddress: localhost:61136}, javascriptEnabled: true, networkConnectionEnabled: false, pageLoadStrategy: normal, platform: WINDOWS, platformName: WINDOWS, proxy: Proxy(), setWindowRect: true, strictFileInteractability: false, timeouts: {implicit: 0, pageLoad: 300000, script: 30000}, unhandledPromptBehavior: dismiss and notify, webauthn:extension:credBlob: true, webauthn:extension:largeBlob: true, webauthn:virtualAuthenticators: true}
Session ID: d52cc6365c9e8e132099d28877e1ddea
	at org.openqa.selenium.remote.http.W3CHttpResponseCodec.createException(W3CHttpResponseCodec.java:187)
	at org.openqa.selenium.remote.http.W3CHttpResponseCodec.decode(W3CHttpResponseCodec.java:122)
	at org.openqa.selenium.remote.http.W3CHttpResponseCodec.decode(W3CHttpResponseCodec.java:49)
	at org.openqa.selenium.remote.HttpCommandExecutor.execute(HttpCommandExecutor.java:158)
	at org.openqa.selenium.remote.service.DriverCommandExecutor.execute(DriverCommandExecutor.java:83)
	at org.openqa.selenium.remote.RemoteWebDriver.execute(RemoteWebDriver.java:552)
	at com.kms.katalon.selenium.driver.CChromeDriver.execute(CChromeDriver.java:19)
	at org.openqa.selenium.remote.RemoteWebDriver.execute(RemoteWebDriver.java:609)
	at org.openqa.selenium.remote.RemoteWebDriver.getWindowHandle(RemoteWebDriver.java:472)
	at org.openqa.selenium.support.events.EventFiringWebDriver.lambda$new$1(EventFiringWebDriver.java:105)
	at com.sun.proxy.$Proxy12.getWindowHandle(Unknown Source)
	at org.openqa.selenium.support.events.EventFiringWebDriver.getWindowHandle(EventFiringWebDriver.java:221)
	at com.kms.katalon.core.webui.driver.DriverFactory.getCurrentWindowIndex(DriverFactory.java:1072)
	at com.kms.katalon.core.webui.keyword.builtin.GetWindowIndexKeyword$_getWindowIndex_closure1.doCall(GetWindowIndexKeyword.groovy:73)
	at com.kms.katalon.core.webui.keyword.builtin.GetWindowIndexKeyword$_getWindowIndex_closure1.call(GetWindowIndexKeyword.groovy)
	at com.kms.katalon.core.webui.keyword.internal.WebUIKeywordMain.runKeywordAndReturnInt(WebUIKeywordMain.groovy:50)
	at com.kms.katalon.core.webui.keyword.builtin.GetWindowIndexKeyword.getWindowIndex(GetWindowIndexKeyword.groovy:71)
	at com.kms.katalon.core.webui.keyword.builtin.GetWindowIndexKeyword.execute(GetWindowIndexKeyword.groovy:66)
	at com.kms.katalon.core.keyword.internal.KeywordExecutor.executeKeywordForPlatform(KeywordExecutor.groovy:73)
	at com.kms.katalon.core.webui.keyword.WebUiBuiltInKeywords.getWindowIndex(WebUiBuiltInKeywords.groovy:262)
	at com.kms.katalon.core.webui.keyword.WebUiBuiltInKeywords$getWindowIndex$24.call(Unknown Source)
	at Script1586261051750.run(Script1586261051750.groovy:18)
	at com.kms.katalon.core.main.ScriptEngine.run(ScriptEngine.java:194)
	at com.kms.katalon.core.main.ScriptEngine.runScriptAsRawText(ScriptEngine.java:119)
	at com.kms.katalon.core.main.TestCaseExecutor.runScript(TestCaseExecutor.java:369)
	at com.kms.katalon.core.main.TestCaseExecutor.doExecute(TestCaseExecutor.java:360)
	at com.kms.katalon.core.main.TestCaseExecutor.processExecutionPhase(TestCaseExecutor.java:339)
	at com.kms.katalon.core.main.TestCaseExecutor.accessMainPhase(TestCaseExecutor.java:331)
	at com.kms.katalon.core.main.TestCaseExecutor.execute(TestCaseExecutor.java:248)
	at com.kms.katalon.core.main.TestCaseMain.runTestCase(TestCaseMain.java:138)
	at com.kms.katalon.core.keyword.builtin.CallTestCaseKeyword$_callTestCase_closure1.doCall(CallTestCaseKeyword.groovy:59)
	at com.kms.katalon.core.keyword.builtin.CallTestCaseKeyword$_callTestCase_closure1.call(CallTestCaseKeyword.groovy)
	at com.kms.katalon.core.keyword.internal.KeywordMain.runKeyword(KeywordMain.groovy:68)
	at com.kms.katalon.core.keyword.builtin.CallTestCaseKeyword.callTestCase(CallTestCaseKeyword.groovy:81)
	at com.kms.katalon.core.keyword.builtin.CallTestCaseKeyword.execute(CallTestCaseKeyword.groovy:44)
	at com.kms.katalon.core.keyword.internal.KeywordExecutor.executeKeywordForPlatform(KeywordExecutor.groovy:73)
	at com.kms.katalon.core.keyword.BuiltinKeywords.callTestCase(BuiltinKeywords.groovy:334)
	at sekmeler.sekmeler.anaSekmeyeGecilir(sekmeler.groovy:55)
	at cucumber.runtime.Utils$1.call(Utils.java:26)
	at cucumber.runtime.Timeout.timeout(Timeout.java:16)
	at cucumber.runtime.Utils.invoke(Utils.java:20)
	at cucumber.runtime.java.JavaStepDefinition.execute(JavaStepDefinition.java:49)
	at cucumber.runner.PickleStepDefinitionMatch.runStep(PickleStepDefinitionMatch.java:50)
	at cucumber.runner.TestStep.executeStep(TestStep.java:63)
	at cucumber.runner.TestStep.run(TestStep.java:49)
	at cucumber.runner.PickleStepTestStep.run(PickleStepTestStep.java:43)
	at cucumber.runner.TestCase.run(TestCase.java:44)
	at cucumber.runner.Runner.runPickle(Runner.java:40)
	at cucumber.runtime.Runtime$1.run(Runtime.java:84)
	at cucumber.runtime.Runtime$SameThreadExecutorService.execute(Runtime.java:220)
	at cucumber.runtime.Runtime.run(Runtime.java:81)
	at cucumber.api.cli.Main.run(Main.java:26)
	at cucumber.api.cli.Main$run.call(Unknown Source)
	at com.kms.katalon.core.cucumber.keyword.CucumberBuiltinKeywords$_runFeatureFile_closure1.doCall(CucumberBuiltinKeywords.groovy:106)
	at com.kms.katalon.core.cucumber.keyword.CucumberBuiltinKeywords$_runFeatureFile_closure1.doCall(CucumberBuiltinKeywords.groovy)
	at com.kms.katalon.core.keyword.internal.KeywordMain.runKeyword(KeywordMain.groovy:68)
	at com.kms.katalon.core.keyword.internal.KeywordMain$runKeyword.call(Unknown Source)
	at com.kms.katalon.core.cucumber.keyword.CucumberBuiltinKeywords.runFeatureFile(CucumberBuiltinKeywords.groovy:73)
	at com.kms.katalon.core.cucumber.keyword.CucumberBuiltinKeywords$runFeatureFile$0.callStatic(Unknown Source)
	at com.kms.katalon.core.cucumber.keyword.CucumberBuiltinKeywords.runFeatureFile(CucumberBuiltinKeywords.groovy:246)
	at com.kms.katalon.core.cucumber.keyword.CucumberBuiltinKeywords$runFeatureFile.call(Unknown Source)
	at Script1601994074743.run(Script1601994074743.groovy:18)
	... 13 more
)

2021-11-12 17:11:57 - [TEST_STEP][FAILED] - index = getWindowIndex(): Unable to get the index of the current window (Root cause: com.kms.katalon.core.exception.StepFailedException: Unable to get the index of the current window
	at com.kms.katalon.core.webui.keyword.internal.WebUIKeywordMain.stepFailed(WebUIKeywordMain.groovy:64)
	at com.kms.katalon.core.webui.keyword.internal.WebUIKeywordMain.runKeywordAndReturnInt(WebUIKeywordMain.groovy:56)
	at com.kms.katalon.core.webui.keyword.builtin.GetWindowIndexKeyword.getWindowIndex(GetWindowIndexKeyword.groovy:71)
	at com.kms.katalon.core.webui.keyword.builtin.GetWindowIndexKeyword.execute(GetWindowIndexKeyword.groovy:66)
	at com.kms.katalon.core.keyword.internal.KeywordExecutor.executeKeywordForPlatform(KeywordExecutor.groovy:73)
	at com.kms.katalon.core.webui.keyword.WebUiBuiltInKeywords.getWindowIndex(WebUiBuiltInKeywords.groovy:262)
	at com.kms.katalon.core.webui.keyword.WebUiBuiltInKeywords$getWindowIndex$24.call(Unknown Source)
	at Ana_Sekmeye_Gec.run(Ana_Sekmeye_Gec:18)
	at com.kms.katalon.core.main.ScriptEngine.run(ScriptEngine.java:194)
	at com.kms.katalon.core.main.ScriptEngine.runScriptAsRawText(ScriptEngine.java:119)
	at com.kms.katalon.core.main.TestCaseExecutor.runScript(TestCaseExecutor.java:369)
	at com.kms.katalon.core.main.TestCaseExecutor.doExecute(TestCaseExecutor.java:360)
	at com.kms.katalon.core.main.TestCaseExecutor.processExecutionPhase(TestCaseExecutor.java:339)
	at com.kms.katalon.core.main.TestCaseExecutor.accessMainPhase(TestCaseExecutor.java:331)
	at com.kms.katalon.core.main.TestCaseExecutor.execute(TestCaseExecutor.java:248)
	at com.kms.katalon.core.main.TestCaseMain.runTestCase(TestCaseMain.java:138)
	at com.kms.katalon.core.keyword.builtin.CallTestCaseKeyword$_callTestCase_closure1.doCall(CallTestCaseKeyword.groovy:59)
	at com.kms.katalon.core.keyword.builtin.CallTestCaseKeyword$_callTestCase_closure1.call(CallTestCaseKeyword.groovy)
	at com.kms.katalon.core.keyword.internal.KeywordMain.runKeyword(KeywordMain.groovy:68)
	at com.kms.katalon.core.keyword.builtin.CallTestCaseKeyword.callTestCase(CallTestCaseKeyword.groovy:81)
	at com.kms.katalon.core.keyword.builtin.CallTestCaseKeyword.execute(CallTestCaseKeyword.groovy:44)
	at com.kms.katalon.core.keyword.internal.KeywordExecutor.executeKeywordForPlatform(KeywordExecutor.groovy:73)
	at com.kms.katalon.core.keyword.BuiltinKeywords.callTestCase(BuiltinKeywords.groovy:334)
	at sekmeler.sekmeler.anaSekmeyeGecilir(sekmeler.groovy:55)
	at cucumber.runtime.Utils$1.call(Utils.java:26)
	at cucumber.runtime.Timeout.timeout(Timeout.java:16)
	at cucumber.runtime.Utils.invoke(Utils.java:20)
	at cucumber.runtime.java.JavaStepDefinition.execute(JavaStepDefinition.java:49)
	at cucumber.runner.PickleStepDefinitionMatch.runStep(PickleStepDefinitionMatch.java:50)
	at cucumber.runner.TestStep.executeStep(TestStep.java:63)
	at cucumber.runner.TestStep.run(TestStep.java:49)
	at cucumber.runner.PickleStepTestStep.run(PickleStepTestStep.java:43)
	at cucumber.runner.TestCase.run(TestCase.java:44)
	at cucumber.runner.Runner.runPickle(Runner.java:40)
	at cucumber.runtime.Runtime$1.run(Runtime.java:84)
	at cucumber.runtime.Runtime$SameThreadExecutorService.execute(Runtime.java:220)
	at cucumber.runtime.Runtime.run(Runtime.java:81)
	at cucumber.api.cli.Main.run(Main.java:26)
	at cucumber.api.cli.Main$run.call(Unknown Source)
	at com.kms.katalon.core.cucumber.keyword.CucumberBuiltinKeywords$_runFeatureFile_closure1.doCall(CucumberBuiltinKeywords.groovy:106)
	at com.kms.katalon.core.cucumber.keyword.CucumberBuiltinKeywords$_runFeatureFile_closure1.doCall(CucumberBuiltinKeywords.groovy)
	at com.kms.katalon.core.keyword.internal.KeywordMain.runKeyword(KeywordMain.groovy:68)
	at com.kms.katalon.core.keyword.internal.KeywordMain$runKeyword.call(Unknown Source)
	at com.kms.katalon.core.cucumber.keyword.CucumberBuiltinKeywords.runFeatureFile(CucumberBuiltinKeywords.groovy:73)
	at com.kms.katalon.core.cucumber.keyword.CucumberBuiltinKeywords$runFeatureFile$0.callStatic(Unknown Source)
	at com.kms.katalon.core.cucumber.keyword.CucumberBuiltinKeywords.runFeatureFile(CucumberBuiltinKeywords.groovy:246)
	at com.kms.katalon.core.cucumber.keyword.CucumberBuiltinKeywords$runFeatureFile.call(Unknown Source)
	at Departman Ata-Geri Al.run(Departman Ata-Geri Al:18)
	at com.kms.katalon.core.main.ScriptEngine.run(ScriptEngine.java:194)
	at com.kms.katalon.core.main.ScriptEngine.runScriptAsRawText(ScriptEngine.java:119)
	at com.kms.katalon.core.main.TestCaseExecutor.runScript(TestCaseExecutor.java:369)
	at com.kms.katalon.core.main.TestCaseExecutor.doExecute(TestCaseExecutor.java:360)
	at com.kms.katalon.core.main.TestCaseExecutor.processExecutionPhase(TestCaseExecutor.java:339)
	at com.kms.katalon.core.main.TestCaseExecutor.accessMainPhase(TestCaseExecutor.java:331)
	at com.kms.katalon.core.main.TestCaseExecutor.execute(TestCaseExecutor.java:248)
	at com.kms.katalon.core.main.TestSuiteExecutor.accessTestCaseMainPhase(TestSuiteExecutor.java:191)
	at com.kms.katalon.core.main.TestSuiteExecutor.accessTestSuiteMainPhase(TestSuiteExecutor.java:140)
	at com.kms.katalon.core.main.TestSuiteExecutor.execute(TestSuiteExecutor.java:89)
	at com.kms.katalon.core.main.TestCaseMain.startTestSuite(TestCaseMain.java:181)
	at com.kms.katalon.core.main.TestCaseMain$startTestSuite$0.call(Unknown Source)
	at TempTestSuite1636725797192.run(TempTestSuite1636725797192.groovy:39)
Caused by: org.openqa.selenium.NoSuchWindowException: no such window: window was already closed
  (Session info: chrome=95.0.4638.69)
Build info: version: '3.141.59', revision: 'e82be7d358', time: '2018-11-14T08:25:53'
System info: host: 'DESKTOP-QBVMTUG', ip: '192.168.1.18', os.name: 'Windows 10', os.arch: 'amd64', os.version: '10.0', java.version: '1.8.0_282'
Driver info: com.kms.katalon.selenium.driver.CChromeDriver
Capabilities {acceptInsecureCerts: false, browserName: chrome, browserVersion: 95.0.4638.69, chrome: {chromedriverVersion: 94.0.4606.61 (418b78f5838ed..., userDataDir: C:\Users\DELL\AppData\Local...}, goog:chromeOptions: {debuggerAddress: localhost:61136}, javascriptEnabled: true, networkConnectionEnabled: false, pageLoadStrategy: normal, platform: WINDOWS, platformName: WINDOWS, proxy: Proxy(), setWindowRect: true, strictFileInteractability: false, timeouts: {implicit: 0, pageLoad: 300000, script: 30000}, unhandledPromptBehavior: dismiss and notify, webauthn:extension:credBlob: true, webauthn:extension:largeBlob: true, webauthn:virtualAuthenticators: true}
Session ID: d52cc6365c9e8e132099d28877e1ddea
	at org.openqa.selenium.remote.http.W3CHttpResponseCodec.createException(W3CHttpResponseCodec.java:187)
	at org.openqa.selenium.remote.http.W3CHttpResponseCodec.decode(W3CHttpResponseCodec.java:122)
	at org.openqa.selenium.remote.http.W3CHttpResponseCodec.decode(W3CHttpResponseCodec.java:49)
	at org.openqa.selenium.remote.HttpCommandExecutor.execute(HttpCommandExecutor.java:158)
	at org.openqa.selenium.remote.service.DriverCommandExecutor.execute(DriverCommandExecutor.java:83)
	at org.openqa.selenium.remote.RemoteWebDriver.execute(RemoteWebDriver.java:552)
	at com.kms.katalon.selenium.driver.CChromeDriver.execute(CChromeDriver.java:19)
	at org.openqa.selenium.remote.RemoteWebDriver.execute(RemoteWebDriver.java:609)
	at org.openqa.selenium.remote.RemoteWebDriver.getWindowHandle(RemoteWebDriver.java:472)
	at org.openqa.selenium.support.events.EventFiringWebDriver.lambda$new$1(EventFiringWebDriver.java:105)
	at com.sun.proxy.$Proxy12.getWindowHandle(Unknown Source)
	at org.openqa.selenium.support.events.EventFiringWebDriver.getWindowHandle(EventFiringWebDriver.java:221)
	at com.kms.katalon.core.webui.driver.DriverFactory.getCurrentWindowIndex(DriverFactory.java:1072)
	at com.kms.katalon.core.webui.keyword.builtin.GetWindowIndexKeyword$_getWindowIndex_closure1.doCall(GetWindowIndexKeyword.groovy:73)
	at com.kms.katalon.core.webui.keyword.builtin.GetWindowIndexKeyword$_getWindowIndex_closure1.call(GetWindowIndexKeyword.groovy)
	at com.kms.katalon.core.webui.keyword.internal.WebUIKeywordMain.runKeywordAndReturnInt(WebUIKeywordMain.groovy:50)
	at com.kms.katalon.core.webui.keyword.builtin.GetWindowIndexKeyword.getWindowIndex(GetWindowIndexKeyword.groovy:71)
	at com.kms.katalon.core.webui.keyword.builtin.GetWindowIndexKeyword.execute(GetWindowIndexKeyword.groovy:66)
	at com.kms.katalon.core.keyword.internal.KeywordExecutor.executeKeywordForPlatform(KeywordExecutor.groovy:73)
	at com.kms.katalon.core.webui.keyword.WebUiBuiltInKeywords.getWindowIndex(WebUiBuiltInKeywords.groovy:262)
	at com.kms.katalon.core.webui.keyword.WebUiBuiltInKeywords$getWindowIndex$24.call(Unknown Source)
	at Script1586261051750.run(Script1586261051750.groovy:18)
	at com.kms.katalon.core.main.ScriptEngine.run(ScriptEngine.java:194)
	at com.kms.katalon.core.main.ScriptEngine.runScriptAsRawText(ScriptEngine.java:119)
	at com.kms.katalon.core.main.TestCaseExecutor.runScript(TestCaseExecutor.java:369)
	at com.kms.katalon.core.main.TestCaseExecutor.doExecute(TestCaseExecutor.java:360)
	at com.kms.katalon.core.main.TestCaseExecutor.processExecutionPhase(TestCaseExecutor.java:339)
	at com.kms.katalon.core.main.TestCaseExecutor.accessMainPhase(TestCaseExecutor.java:331)
	at com.kms.katalon.core.main.TestCaseExecutor.execute(TestCaseExecutor.java:248)
	at com.kms.katalon.core.main.TestCaseMain.runTestCase(TestCaseMain.java:138)
	at com.kms.katalon.core.keyword.builtin.CallTestCaseKeyword$_callTestCase_closure1.doCall(CallTestCaseKeyword.groovy:59)
	at com.kms.katalon.core.keyword.builtin.CallTestCaseKeyword$_callTestCase_closure1.call(CallTestCaseKeyword.groovy)
	at com.kms.katalon.core.keyword.internal.KeywordMain.runKeyword(KeywordMain.groovy:68)
	at com.kms.katalon.core.keyword.builtin.CallTestCaseKeyword.callTestCase(CallTestCaseKeyword.groovy:81)
	at com.kms.katalon.core.keyword.builtin.CallTestCaseKeyword.execute(CallTestCaseKeyword.groovy:44)
	at com.kms.katalon.core.keyword.internal.KeywordExecutor.executeKeywordForPlatform(KeywordExecutor.groovy:73)
	at com.kms.katalon.core.keyword.BuiltinKeywords.callTestCase(BuiltinKeywords.groovy:334)
	at sekmeler.sekmeler.anaSekmeyeGecilir(sekmeler.groovy:55)
	at cucumber.runtime.Utils$1.call(Utils.java:26)
	at cucumber.runtime.Timeout.timeout(Timeout.java:16)
	at cucumber.runtime.Utils.invoke(Utils.java:20)
	at cucumber.runtime.java.JavaStepDefinition.execute(JavaStepDefinition.java:49)
	at cucumber.runner.PickleStepDefinitionMatch.runStep(PickleStepDefinitionMatch.java:50)
	at cucumber.runner.TestStep.executeStep(TestStep.java:63)
	at cucumber.runner.TestStep.run(TestStep.java:49)
	at cucumber.runner.PickleStepTestStep.run(PickleStepTestStep.java:43)
	at cucumber.runner.TestCase.run(TestCase.java:44)
	at cucumber.runner.Runner.runPickle(Runner.java:40)
	at cucumber.runtime.Runtime$1.run(Runtime.java:84)
	at cucumber.runtime.Runtime$SameThreadExecutorService.execute(Runtime.java:220)
	at cucumber.runtime.Runtime.run(Runtime.java:81)
	at cucumber.api.cli.Main.run(Main.java:26)
	at cucumber.api.cli.Main$run.call(Unknown Source)
	at com.kms.katalon.core.cucumber.keyword.CucumberBuiltinKeywords$_runFeatureFile_closure1.doCall(CucumberBuiltinKeywords.groovy:106)
	at com.kms.katalon.core.cucumber.keyword.CucumberBuiltinKeywords$_runFeatureFile_closure1.doCall(CucumberBuiltinKeywords.groovy)
	at com.kms.katalon.core.keyword.internal.KeywordMain.runKeyword(KeywordMain.groovy:68)
	at com.kms.katalon.core.keyword.internal.KeywordMain$runKeyword.call(Unknown Source)
	at com.kms.katalon.core.cucumber.keyword.CucumberBuiltinKeywords.runFeatureFile(CucumberBuiltinKeywords.groovy:73)
	at com.kms.katalon.core.cucumber.keyword.CucumberBuiltinKeywords$runFeatureFile$0.callStatic(Unknown Source)
	at com.kms.katalon.core.cucumber.keyword.CucumberBuiltinKeywords.runFeatureFile(CucumberBuiltinKeywords.groovy:246)
	at com.kms.katalon.core.cucumber.keyword.CucumberBuiltinKeywords$runFeatureFile.call(Unknown Source)
	at Script1601994074743.run(Script1601994074743.groovy:18)
	... 13 more
)

2021-11-12 17:11:57 - [MESSAGE][INFO] - Getting current window's index

2021-11-12 17:11:57 - [MESSAGE][FAILED] - Unable to get the index of the current window (Root cause: com.kms.katalon.core.exception.StepFailedException: Unable to get the index of the current window
	at com.kms.katalon.core.webui.keyword.internal.WebUIKeywordMain.stepFailed(WebUIKeywordMain.groovy:64)
	at com.kms.katalon.core.webui.keyword.internal.WebUIKeywordMain.runKeywordAndReturnInt(WebUIKeywordMain.groovy:56)
	at com.kms.katalon.core.webui.keyword.builtin.GetWindowIndexKeyword.getWindowIndex(GetWindowIndexKeyword.groovy:71)
	at com.kms.katalon.core.webui.keyword.builtin.GetWindowIndexKeyword.execute(GetWindowIndexKeyword.groovy:66)
	at com.kms.katalon.core.keyword.internal.KeywordExecutor.executeKeywordForPlatform(KeywordExecutor.groovy:73)
	at com.kms.katalon.core.webui.keyword.WebUiBuiltInKeywords.getWindowIndex(WebUiBuiltInKeywords.groovy:262)
	at com.kms.katalon.core.webui.keyword.WebUiBuiltInKeywords$getWindowIndex$24.call(Unknown Source)
	at Ana_Sekmeye_Gec.run(Ana_Sekmeye_Gec:18)
	at com.kms.katalon.core.main.ScriptEngine.run(ScriptEngine.java:194)
	at com.kms.katalon.core.main.ScriptEngine.runScriptAsRawText(ScriptEngine.java:119)
	at com.kms.katalon.core.main.TestCaseExecutor.runScript(TestCaseExecutor.java:369)
	at com.kms.katalon.core.main.TestCaseExecutor.doExecute(TestCaseExecutor.java:360)
	at com.kms.katalon.core.main.TestCaseExecutor.processExecutionPhase(TestCaseExecutor.java:339)
	at com.kms.katalon.core.main.TestCaseExecutor.accessMainPhase(TestCaseExecutor.java:331)
	at com.kms.katalon.core.main.TestCaseExecutor.execute(TestCaseExecutor.java:248)
	at com.kms.katalon.core.main.TestCaseMain.runTestCase(TestCaseMain.java:138)
	at com.kms.katalon.core.keyword.builtin.CallTestCaseKeyword$_callTestCase_closure1.doCall(CallTestCaseKeyword.groovy:59)
	at com.kms.katalon.core.keyword.builtin.CallTestCaseKeyword$_callTestCase_closure1.call(CallTestCaseKeyword.groovy)
	at com.kms.katalon.core.keyword.internal.KeywordMain.runKeyword(KeywordMain.groovy:68)
	at com.kms.katalon.core.keyword.builtin.CallTestCaseKeyword.callTestCase(CallTestCaseKeyword.groovy:81)
	at com.kms.katalon.core.keyword.builtin.CallTestCaseKeyword.execute(CallTestCaseKeyword.groovy:44)
	at com.kms.katalon.core.keyword.internal.KeywordExecutor.executeKeywordForPlatform(KeywordExecutor.groovy:73)
	at com.kms.katalon.core.keyword.BuiltinKeywords.callTestCase(BuiltinKeywords.groovy:334)
	at sekmeler.sekmeler.anaSekmeyeGecilir(sekmeler.groovy:55)
	at cucumber.runtime.Utils$1.call(Utils.java:26)
	at cucumber.runtime.Timeout.timeout(Timeout.java:16)
	at cucumber.runtime.Utils.invoke(Utils.java:20)
	at cucumber.runtime.java.JavaStepDefinition.execute(JavaStepDefinition.java:49)
	at cucumber.runner.PickleStepDefinitionMatch.runStep(PickleStepDefinitionMatch.java:50)
	at cucumber.runner.TestStep.executeStep(TestStep.java:63)
	at cucumber.runner.TestStep.run(TestStep.java:49)
	at cucumber.runner.PickleStepTestStep.run(PickleStepTestStep.java:43)
	at cucumber.runner.TestCase.run(TestCase.java:44)
	at cucumber.runner.Runner.runPickle(Runner.java:40)
	at cucumber.runtime.Runtime$1.run(Runtime.java:84)
	at cucumber.runtime.Runtime$SameThreadExecutorService.execute(Runtime.java:220)
	at cucumber.runtime.Runtime.run(Runtime.java:81)
	at cucumber.api.cli.Main.run(Main.java:26)
	at cucumber.api.cli.Main$run.call(Unknown Source)
	at com.kms.katalon.core.cucumber.keyword.CucumberBuiltinKeywords$_runFeatureFile_closure1.doCall(CucumberBuiltinKeywords.groovy:106)
	at com.kms.katalon.core.cucumber.keyword.CucumberBuiltinKeywords$_runFeatureFile_closure1.doCall(CucumberBuiltinKeywords.groovy)
	at com.kms.katalon.core.keyword.internal.KeywordMain.runKeyword(KeywordMain.groovy:68)
	at com.kms.katalon.core.keyword.internal.KeywordMain$runKeyword.call(Unknown Source)
	at com.kms.katalon.core.cucumber.keyword.CucumberBuiltinKeywords.runFeatureFile(CucumberBuiltinKeywords.groovy:73)
	at com.kms.katalon.core.cucumber.keyword.CucumberBuiltinKeywords$runFeatureFile$0.callStatic(Unknown Source)
	at com.kms.katalon.core.cucumber.keyword.CucumberBuiltinKeywords.runFeatureFile(CucumberBuiltinKeywords.groovy:246)
	at com.kms.katalon.core.cucumber.keyword.CucumberBuiltinKeywords$runFeatureFile.call(Unknown Source)
	at Departman Ata-Geri Al.run(Departman Ata-Geri Al:18)
	at com.kms.katalon.core.main.ScriptEngine.run(ScriptEngine.java:194)
	at com.kms.katalon.core.main.ScriptEngine.runScriptAsRawText(ScriptEngine.java:119)
	at com.kms.katalon.core.main.TestCaseExecutor.runScript(TestCaseExecutor.java:369)
	at com.kms.katalon.core.main.TestCaseExecutor.doExecute(TestCaseExecutor.java:360)
	at com.kms.katalon.core.main.TestCaseExecutor.processExecutionPhase(TestCaseExecutor.java:339)
	at com.kms.katalon.core.main.TestCaseExecutor.accessMainPhase(TestCaseExecutor.java:331)
	at com.kms.katalon.core.main.TestCaseExecutor.execute(TestCaseExecutor.java:248)
	at com.kms.katalon.core.main.TestSuiteExecutor.accessTestCaseMainPhase(TestSuiteExecutor.java:191)
	at com.kms.katalon.core.main.TestSuiteExecutor.accessTestSuiteMainPhase(TestSuiteExecutor.java:140)
	at com.kms.katalon.core.main.TestSuiteExecutor.execute(TestSuiteExecutor.java:89)
	at com.kms.katalon.core.main.TestCaseMain.startTestSuite(TestCaseMain.java:181)
	at com.kms.katalon.core.main.TestCaseMain$startTestSuite$0.call(Unknown Source)
	at TempTestSuite1636725797192.run(TempTestSuite1636725797192.groovy:39)
Caused by: org.openqa.selenium.NoSuchWindowException: no such window: window was already closed
  (Session info: chrome=95.0.4638.69)
Build info: version: '3.141.59', revision: 'e82be7d358', time: '2018-11-14T08:25:53'
System info: host: 'DESKTOP-QBVMTUG', ip: '192.168.1.18', os.name: 'Windows 10', os.arch: 'amd64', os.version: '10.0', java.version: '1.8.0_282'
Driver info: com.kms.katalon.selenium.driver.CChromeDriver
Capabilities {acceptInsecureCerts: false, browserName: chrome, browserVersion: 95.0.4638.69, chrome: {chromedriverVersion: 94.0.4606.61 (418b78f5838ed..., userDataDir: C:\Users\DELL\AppData\Local...}, goog:chromeOptions: {debuggerAddress: localhost:61136}, javascriptEnabled: true, networkConnectionEnabled: false, pageLoadStrategy: normal, platform: WINDOWS, platformName: WINDOWS, proxy: Proxy(), setWindowRect: true, strictFileInteractability: false, timeouts: {implicit: 0, pageLoad: 300000, script: 30000}, unhandledPromptBehavior: dismiss and notify, webauthn:extension:credBlob: true, webauthn:extension:largeBlob: true, webauthn:virtualAuthenticators: true}
Session ID: d52cc6365c9e8e132099d28877e1ddea
	at org.openqa.selenium.remote.http.W3CHttpResponseCodec.createException(W3CHttpResponseCodec.java:187)
	at org.openqa.selenium.remote.http.W3CHttpResponseCodec.decode(W3CHttpResponseCodec.java:122)
	at org.openqa.selenium.remote.http.W3CHttpResponseCodec.decode(W3CHttpResponseCodec.java:49)
	at org.openqa.selenium.remote.HttpCommandExecutor.execute(HttpCommandExecutor.java:158)
	at org.openqa.selenium.remote.service.DriverCommandExecutor.execute(DriverCommandExecutor.java:83)
	at org.openqa.selenium.remote.RemoteWebDriver.execute(RemoteWebDriver.java:552)
	at com.kms.katalon.selenium.driver.CChromeDriver.execute(CChromeDriver.java:19)
	at org.openqa.selenium.remote.RemoteWebDriver.execute(RemoteWebDriver.java:609)
	at org.openqa.selenium.remote.RemoteWebDriver.getWindowHandle(RemoteWebDriver.java:472)
	at org.openqa.selenium.support.events.EventFiringWebDriver.lambda$new$1(EventFiringWebDriver.java:105)
	at com.sun.proxy.$Proxy12.getWindowHandle(Unknown Source)
	at org.openqa.selenium.support.events.EventFiringWebDriver.getWindowHandle(EventFiringWebDriver.java:221)
	at com.kms.katalon.core.webui.driver.DriverFactory.getCurrentWindowIndex(DriverFactory.java:1072)
	at com.kms.katalon.core.webui.keyword.builtin.GetWindowIndexKeyword$_getWindowIndex_closure1.doCall(GetWindowIndexKeyword.groovy:73)
	at com.kms.katalon.core.webui.keyword.builtin.GetWindowIndexKeyword$_getWindowIndex_closure1.call(GetWindowIndexKeyword.groovy)
	at com.kms.katalon.core.webui.keyword.internal.WebUIKeywordMain.runKeywordAndReturnInt(WebUIKeywordMain.groovy:50)
	at com.kms.katalon.core.webui.keyword.builtin.GetWindowIndexKeyword.getWindowIndex(GetWindowIndexKeyword.groovy:71)
	at com.kms.katalon.core.webui.keyword.builtin.GetWindowIndexKeyword.execute(GetWindowIndexKeyword.groovy:66)
	at com.kms.katalon.core.keyword.internal.KeywordExecutor.executeKeywordForPlatform(KeywordExecutor.groovy:73)
	at com.kms.katalon.core.webui.keyword.WebUiBuiltInKeywords.getWindowIndex(WebUiBuiltInKeywords.groovy:262)
	at com.kms.katalon.core.webui.keyword.WebUiBuiltInKeywords$getWindowIndex$24.call(Unknown Source)
	at Script1586261051750.run(Script1586261051750.groovy:18)
	at com.kms.katalon.core.main.ScriptEngine.run(ScriptEngine.java:194)
	at com.kms.katalon.core.main.ScriptEngine.runScriptAsRawText(ScriptEngine.java:119)
	at com.kms.katalon.core.main.TestCaseExecutor.runScript(TestCaseExecutor.java:369)
	at com.kms.katalon.core.main.TestCaseExecutor.doExecute(TestCaseExecutor.java:360)
	at com.kms.katalon.core.main.TestCaseExecutor.processExecutionPhase(TestCaseExecutor.java:339)
	at com.kms.katalon.core.main.TestCaseExecutor.accessMainPhase(TestCaseExecutor.java:331)
	at com.kms.katalon.core.main.TestCaseExecutor.execute(TestCaseExecutor.java:248)
	at com.kms.katalon.core.main.TestCaseMain.runTestCase(TestCaseMain.java:138)
	at com.kms.katalon.core.keyword.builtin.CallTestCaseKeyword$_callTestCase_closure1.doCall(CallTestCaseKeyword.groovy:59)
	at com.kms.katalon.core.keyword.builtin.CallTestCaseKeyword$_callTestCase_closure1.call(CallTestCaseKeyword.groovy)
	at com.kms.katalon.core.keyword.internal.KeywordMain.runKeyword(KeywordMain.groovy:68)
	at com.kms.katalon.core.keyword.builtin.CallTestCaseKeyword.callTestCase(CallTestCaseKeyword.groovy:81)
	at com.kms.katalon.core.keyword.builtin.CallTestCaseKeyword.execute(CallTestCaseKeyword.groovy:44)
	at com.kms.katalon.core.keyword.internal.KeywordExecutor.executeKeywordForPlatform(KeywordExecutor.groovy:73)
	at com.kms.katalon.core.keyword.BuiltinKeywords.callTestCase(BuiltinKeywords.groovy:334)
	at sekmeler.sekmeler.anaSekmeyeGecilir(sekmeler.groovy:55)
	at cucumber.runtime.Utils$1.call(Utils.java:26)
	at cucumber.runtime.Timeout.timeout(Timeout.java:16)
	at cucumber.runtime.Utils.invoke(Utils.java:20)
	at cucumber.runtime.java.JavaStepDefinition.execute(JavaStepDefinition.java:49)
	at cucumber.runner.PickleStepDefinitionMatch.runStep(PickleStepDefinitionMatch.java:50)
	at cucumber.runner.TestStep.executeStep(TestStep.java:63)
	at cucumber.runner.TestStep.run(TestStep.java:49)
	at cucumber.runner.PickleStepTestStep.run(PickleStepTestStep.java:43)
	at cucumber.runner.TestCase.run(TestCase.java:44)
	at cucumber.runner.Runner.runPickle(Runner.java:40)
	at cucumber.runtime.Runtime$1.run(Runtime.java:84)
	at cucumber.runtime.Runtime$SameThreadExecutorService.execute(Runtime.java:220)
	at cucumber.runtime.Runtime.run(Runtime.java:81)
	at cucumber.api.cli.Main.run(Main.java:26)
	at cucumber.api.cli.Main$run.call(Unknown Source)
	at com.kms.katalon.core.cucumber.keyword.CucumberBuiltinKeywords$_runFeatureFile_closure1.doCall(CucumberBuiltinKeywords.groovy:106)
	at com.kms.katalon.core.cucumber.keyword.CucumberBuiltinKeywords$_runFeatureFile_closure1.doCall(CucumberBuiltinKeywords.groovy)
	at com.kms.katalon.core.keyword.internal.KeywordMain.runKeyword(KeywordMain.groovy:68)
	at com.kms.katalon.core.keyword.internal.KeywordMain$runKeyword.call(Unknown Source)
	at com.kms.katalon.core.cucumber.keyword.CucumberBuiltinKeywords.runFeatureFile(CucumberBuiltinKeywords.groovy:73)
	at com.kms.katalon.core.cucumber.keyword.CucumberBuiltinKeywords$runFeatureFile$0.callStatic(Unknown Source)
	at com.kms.katalon.core.cucumber.keyword.CucumberBuiltinKeywords.runFeatureFile(CucumberBuiltinKeywords.groovy:246)
	at com.kms.katalon.core.cucumber.keyword.CucumberBuiltinKeywords$runFeatureFile.call(Unknown Source)
	at Script1601994074743.run(Script1601994074743.groovy:18)
	... 13 more
)

2021-11-12 17:11:57 - [TEST_STEP][PASSED] - catch (Exception e): null

2021-11-12 17:11:57 - [TEST_STEP][PASSED] - switchToWindowIndex(0): Switched to window with index: '0'

2021-11-12 17:11:57 - [MESSAGE][INFO] - Checking index

2021-11-12 17:11:57 - [MESSAGE][INFO] - Switching window with index: '0'

2021-11-12 17:11:57 - [MESSAGE][PASSED] - Switched to window with index: '0'

2021-11-12 17:11:57 - [MESSAGE][PASSED] - Call Test Case 'Test Cases/Sekmeler/Ana_Sekmeye_Gec' successfully

2021-11-12 17:11:57 - [MESSAGE][INFO] - Checking called Test Case

2021-11-12 17:11:57 - [MESSAGE][INFO] - Starting to call Test Case 'Test Cases/Butonlar/ButonaTikla'

2021-11-12 17:11:57 - [TEST_CASE][PASSED] - Test Cases/Butonlar/ButonaTikla: Test Cases/Butonlar/ButonaTikla

2021-11-12 17:11:57 - [TEST_STEP][PASSED] - Method.TextDegerineEsitElementeTiklaEquals(findTestObject("Butonlar/Butonlar"), Buton_Adi): Method.TextDegerineEsitElementeTiklaEquals is PASSED

2021-11-12 17:11:57 - [MESSAGE][INFO] - Finding Test Object 'Object Repository/Butonlar/Butonlar'

2021-11-12 17:11:57 - [MESSAGE][INFO] - Checking timeout

2021-11-12 17:11:57 - [MESSAGE][INFO] - Finding web element with id: 'Object Repository/Butonlar/Butonlar' located by 'By.cssSelector: .panel.panel-default.text-center.footerPanel .btn,.btn.btn-primary.btnControls' in '10' second(s)

2021-11-12 17:11:57 - [MESSAGE][INFO] - Smart Wait Function is triggered

2021-11-12 17:11:58 - [MESSAGE][INFO] - Found 12 web elements with id: 'Object Repository/Butonlar/Butonlar' located by 'By.cssSelector: .panel.panel-default.text-center.footerPanel .btn,.btn.btn-primary.btnControls' in '10' second(s)

2021-11-12 17:11:58 - [MESSAGE][PASSED] - Method.TextDegerineEsitElementeTiklaEquals is PASSED

2021-11-12 17:11:58 - [MESSAGE][PASSED] - Call Test Case 'Test Cases/Butonlar/ButonaTikla' successfully

2021-11-12 17:11:58 - [MESSAGE][INFO] - Checking called Test Case

2021-11-12 17:11:58 - [MESSAGE][INFO] - Starting to call Test Case 'Test Cases/Sekmeler/YeniSekmeyeGec'

2021-11-12 17:11:58 - [TEST_CASE][PASSED] - Test Cases/Sekmeler/YeniSekmeyeGec: Test Cases/Sekmeler/YeniSekmeyeGec

2021-11-12 17:11:58 - [TEST_STEP][PASSED] - switchToWindowIndex(1): Switched to window with index: '1'

2021-11-12 17:11:58 - [MESSAGE][INFO] - Checking index

2021-11-12 17:11:58 - [MESSAGE][INFO] - Switching window with index: '1'

2021-11-12 17:11:58 - [MESSAGE][PASSED] - Switched to window with index: '1'

2021-11-12 17:11:58 - [MESSAGE][PASSED] - Call Test Case 'Test Cases/Sekmeler/YeniSekmeyeGec' successfully

2021-11-12 17:11:58 - [MESSAGE][INFO] - Checking called Test Case

2021-11-12 17:11:58 - [MESSAGE][INFO] - Starting to call Test Case 'Test Cases/Sekmeler/DepartmanCheckboxiSecilir'

2021-11-12 17:11:58 - [TEST_CASE][PASSED] - Test Cases/Sekmeler/DepartmanCheckboxiSecilir: Test Cases/Sekmeler/DepartmanCheckboxiSecilir

2021-11-12 17:11:58 - [TEST_STEP][PASSED] - Method.TextDegerineEsitElementeTikla(findTestObject("Object Repository/Sekmeler/DepartmanCheckboxi"), Departman): Method.TextDegerineEsitElementeTikla is PASSED

2021-11-12 17:11:58 - [MESSAGE][INFO] - Finding Test Object 'Object Repository/Sekmeler/DepartmanCheckboxi'

2021-11-12 17:11:58 - [MESSAGE][INFO] - Checking timeout

2021-11-12 17:11:58 - [MESSAGE][INFO] - Finding web element with id: 'Object Repository/Sekmeler/DepartmanCheckboxi' located by 'By.cssSelector: .dx-wrap' in '10' second(s)

2021-11-12 17:11:58 - [MESSAGE][INFO] - Smart Wait Function is triggered

2021-11-12 17:11:59 - [MESSAGE][INFO] - Found 4 web elements with id: 'Object Repository/Sekmeler/DepartmanCheckboxi' located by 'By.cssSelector: .dx-wrap' in '10' second(s)

2021-11-12 17:11:59 - [MESSAGE][PASSED] - Method.TextDegerineEsitElementeTikla is PASSED

2021-11-12 17:11:59 - [MESSAGE][PASSED] - Call Test Case 'Test Cases/Sekmeler/DepartmanCheckboxiSecilir' successfully

2021-11-12 17:11:59 - [MESSAGE][INFO] - Checking called Test Case

2021-11-12 17:11:59 - [MESSAGE][INFO] - Starting to call Test Case 'Test Cases/Sekmeler/DepartmanKaydedilir'

2021-11-12 17:11:59 - [TEST_CASE][PASSED] - Test Cases/Sekmeler/DepartmanKaydedilir: Test Cases/Sekmeler/DepartmanKaydedilir

2021-11-12 17:11:59 - [TEST_STEP][PASSED] - waitForElementClickable(findTestObject("Object Repository/Sekmeler/DepartmanKaydetButoni"), 10): Object 'Object Repository/Sekmeler/DepartmanKaydetButoni' is clickable

2021-11-12 17:11:59 - [MESSAGE][INFO] - Finding Test Object 'Object Repository/Sekmeler/DepartmanKaydetButoni'

2021-11-12 17:11:59 - [MESSAGE][INFO] - Checking object

2021-11-12 17:11:59 - [MESSAGE][INFO] - Checking timeout

2021-11-12 17:11:59 - [MESSAGE][INFO] - Finding web element from Test Object's properties

2021-11-12 17:11:59 - [MESSAGE][INFO] - Checking timeout

2021-11-12 17:11:59 - [MESSAGE][INFO] - Finding web element with id: 'Object Repository/Sekmeler/DepartmanKaydetButoni' located by 'By.cssSelector: .dx-vam' in '10' second(s)

2021-11-12 17:11:59 - [MESSAGE][INFO] - Smart Wait Function is triggered

2021-11-12 17:11:59 - [MESSAGE][INFO] - Found 1 web elements with id: 'Object Repository/Sekmeler/DepartmanKaydetButoni' located by 'By.cssSelector: .dx-vam' in '10' second(s)

2021-11-12 17:11:59 - [MESSAGE][PASSED] - Object 'Object Repository/Sekmeler/DepartmanKaydetButoni' is clickable

2021-11-12 17:11:59 - [TEST_STEP][PASSED] - click(findTestObject("Object Repository/Sekmeler/DepartmanKaydetButoni")): Object: 'Object Repository/Sekmeler/DepartmanKaydetButoni' is clicked on

2021-11-12 17:11:59 - [MESSAGE][INFO] - Finding Test Object 'Object Repository/Sekmeler/DepartmanKaydetButoni'

2021-11-12 17:11:59 - [MESSAGE][INFO] - Checking object

2021-11-12 17:11:59 - [MESSAGE][INFO] - Finding web element from Test Object's properties

2021-11-12 17:11:59 - [MESSAGE][INFO] - Checking timeout

2021-11-12 17:11:59 - [MESSAGE][INFO] - Finding web element with id: 'Object Repository/Sekmeler/DepartmanKaydetButoni' located by 'By.cssSelector: .dx-vam' in '30' second(s)

2021-11-12 17:11:59 - [MESSAGE][INFO] - Smart Wait Function is triggered

2021-11-12 17:11:59 - [MESSAGE][INFO] - Found 1 web elements with id: 'Object Repository/Sekmeler/DepartmanKaydetButoni' located by 'By.cssSelector: .dx-vam' in '30' second(s)

2021-11-12 17:11:59 - [MESSAGE][INFO] - Clicking on object: 'Object Repository/Sekmeler/DepartmanKaydetButoni'

2021-11-12 17:11:59 - [MESSAGE][PASSED] - Object: 'Object Repository/Sekmeler/DepartmanKaydetButoni' is clicked on

2021-11-12 17:11:59 - [MESSAGE][PASSED] - Call Test Case 'Test Cases/Sekmeler/DepartmanKaydedilir' successfully

2021-11-12 17:11:59 - [MESSAGE][INFO] - Checking called Test Case

2021-11-12 17:11:59 - [MESSAGE][INFO] - Starting to call Test Case 'Test Cases/Popup/PopupMesajiIceriyorMu'

2021-11-12 17:12:00 - [TEST_CASE][PASSED] - Test Cases/Popup/PopupMesajiIceriyorMu: Test Cases/Popup/PopupMesajiIceriyorMu

2021-11-12 17:12:00 - [TEST_STEP][PASSED] - waitForElementVisible(findTestObject("Popup/Popup"), 10): Object 'Object Repository/Popup/Popup' is visible

2021-11-12 17:12:00 - [MESSAGE][INFO] - Finding Test Object 'Object Repository/Popup/Popup'

2021-11-12 17:12:00 - [MESSAGE][INFO] - Checking object

2021-11-12 17:12:00 - [MESSAGE][INFO] - Checking timeout

2021-11-12 17:12:00 - [MESSAGE][INFO] - Finding web element from Test Object's properties

2021-11-12 17:12:00 - [MESSAGE][INFO] - Checking timeout

2021-11-12 17:12:00 - [MESSAGE][INFO] - Finding web element with id: 'Object Repository/Popup/Popup' located by 'By.cssSelector: .bootbox-body' in '10' second(s)

2021-11-12 17:12:00 - [MESSAGE][INFO] - Smart Wait Function is triggered

2021-11-12 17:12:01 - [MESSAGE][INFO] - Found 1 web elements with id: 'Object Repository/Popup/Popup' located by 'By.cssSelector: .bootbox-body' in '10' second(s)

2021-11-12 17:12:01 - [MESSAGE][PASSED] - Object 'Object Repository/Popup/Popup' is visible

2021-11-12 17:12:01 - [TEST_STEP][PASSED] - if (!(getText(findTestObject("Popup/Popup")).contains(Mesaj))): Text of object 'Object Repository/Popup/Popup' is: 'Seçilen belgelerin ilgili departmanlardaki yetkisi kaldırılmıştır.'

2021-11-12 17:12:01 - [MESSAGE][INFO] - Finding Test Object 'Object Repository/Popup/Popup'

2021-11-12 17:12:01 - [MESSAGE][INFO] - Checking object

2021-11-12 17:12:01 - [MESSAGE][INFO] - Finding web element from Test Object's properties

2021-11-12 17:12:01 - [MESSAGE][INFO] - Checking timeout

2021-11-12 17:12:01 - [MESSAGE][INFO] - Finding web element with id: 'Object Repository/Popup/Popup' located by 'By.cssSelector: .bootbox-body' in '30' second(s)

2021-11-12 17:12:01 - [MESSAGE][INFO] - Smart Wait Function is triggered

2021-11-12 17:12:01 - [MESSAGE][INFO] - Found 1 web elements with id: 'Object Repository/Popup/Popup' located by 'By.cssSelector: .bootbox-body' in '30' second(s)

2021-11-12 17:12:01 - [MESSAGE][INFO] - Getting text of object 'Object Repository/Popup/Popup'

2021-11-12 17:12:01 - [MESSAGE][PASSED] - Text of object 'Object Repository/Popup/Popup' is: 'Seçilen belgelerin ilgili departmanlardaki yetkisi kaldırılmıştır.'

2021-11-12 17:12:01 - [TEST_STEP][PASSED] - RaporNo = getText(findTestObject("Popup/Popup")).substring(0, 6): Text of object 'Object Repository/Popup/Popup' is: 'Seçilen belgelerin ilgili departmanlardaki yetkisi kaldırılmıştır.'

2021-11-12 17:12:01 - [MESSAGE][INFO] - Finding Test Object 'Object Repository/Popup/Popup'

2021-11-12 17:12:01 - [MESSAGE][INFO] - Checking object

2021-11-12 17:12:01 - [MESSAGE][INFO] - Finding web element from Test Object's properties

2021-11-12 17:12:01 - [MESSAGE][INFO] - Checking timeout

2021-11-12 17:12:01 - [MESSAGE][INFO] - Finding web element with id: 'Object Repository/Popup/Popup' located by 'By.cssSelector: .bootbox-body' in '30' second(s)

2021-11-12 17:12:01 - [MESSAGE][INFO] - Smart Wait Function is triggered

2021-11-12 17:12:01 - [MESSAGE][INFO] - Found 1 web elements with id: 'Object Repository/Popup/Popup' located by 'By.cssSelector: .bootbox-body' in '30' second(s)

2021-11-12 17:12:01 - [MESSAGE][INFO] - Getting text of object 'Object Repository/Popup/Popup'

2021-11-12 17:12:01 - [MESSAGE][PASSED] - Text of object 'Object Repository/Popup/Popup' is: 'Seçilen belgelerin ilgili departmanlardaki yetkisi kaldırılmıştır.'

2021-11-12 17:12:01 - [TEST_STEP][PASSED] - Console.println(RaporNo): null

2021-11-12 17:12:01 - [MESSAGE][PASSED] - Call Test Case 'Test Cases/Popup/PopupMesajiIceriyorMu' successfully

2021-11-12 17:12:01 - [MESSAGE][INFO] - Checking called Test Case

2021-11-12 17:12:01 - [MESSAGE][INFO] - Starting to call Test Case 'Test Cases/Popup/PopupButonSecilir'

2021-11-12 17:12:01 - [TEST_CASE][PASSED] - Test Cases/Popup/PopupButonSecilir: Test Cases/Popup/PopupButonSecilir

2021-11-12 17:12:01 - [TEST_STEP][PASSED] - Method.TextDegerineEsitElementeTikla(findTestObject("Popup/Popup_Butons"), Buton): Method.TextDegerineEsitElementeTikla is PASSED

2021-11-12 17:12:01 - [MESSAGE][INFO] - Finding Test Object 'Object Repository/Popup/Popup_Butons'

2021-11-12 17:12:01 - [MESSAGE][INFO] - Checking timeout

2021-11-12 17:12:01 - [MESSAGE][INFO] - Finding web element with id: 'Object Repository/Popup/Popup_Butons' located by 'By.cssSelector: .modal-footer>button' in '10' second(s)

2021-11-12 17:12:01 - [MESSAGE][INFO] - Smart Wait Function is triggered

2021-11-12 17:12:02 - [MESSAGE][INFO] - Found 1 web elements with id: 'Object Repository/Popup/Popup_Butons' located by 'By.cssSelector: .modal-footer>button' in '10' second(s)

2021-11-12 17:12:02 - [MESSAGE][PASSED] - Method.TextDegerineEsitElementeTikla is PASSED

2021-11-12 17:12:02 - [MESSAGE][PASSED] - Call Test Case 'Test Cases/Popup/PopupButonSecilir' successfully

2021-11-12 17:12:02 - [MESSAGE][INFO] - Checking called Test Case

2021-11-12 17:12:02 - [MESSAGE][INFO] - Starting to call Test Case 'Test Cases/Sekmeler/Ana_Sekmeye_Gec'

2021-11-12 17:12:02 - [TEST_CASE][PASSED] - Test Cases/Sekmeler/Ana_Sekmeye_Gec: Test Cases/Sekmeler/Ana_Sekmeye_Gec

2021-11-12 17:12:02 - [TEST_STEP][FAILED] - try: Unable to get the index of the current window (Root cause: com.kms.katalon.core.exception.StepFailedException: Unable to get the index of the current window
	at com.kms.katalon.core.webui.keyword.internal.WebUIKeywordMain.stepFailed(WebUIKeywordMain.groovy:64)
	at com.kms.katalon.core.webui.keyword.internal.WebUIKeywordMain.runKeywordAndReturnInt(WebUIKeywordMain.groovy:56)
	at com.kms.katalon.core.webui.keyword.builtin.GetWindowIndexKeyword.getWindowIndex(GetWindowIndexKeyword.groovy:71)
	at com.kms.katalon.core.webui.keyword.builtin.GetWindowIndexKeyword.execute(GetWindowIndexKeyword.groovy:66)
	at com.kms.katalon.core.keyword.internal.KeywordExecutor.executeKeywordForPlatform(KeywordExecutor.groovy:73)
	at com.kms.katalon.core.webui.keyword.WebUiBuiltInKeywords.getWindowIndex(WebUiBuiltInKeywords.groovy:262)
	at com.kms.katalon.core.webui.keyword.WebUiBuiltInKeywords$getWindowIndex$24.call(Unknown Source)
	at Ana_Sekmeye_Gec.run(Ana_Sekmeye_Gec:18)
	at com.kms.katalon.core.main.ScriptEngine.run(ScriptEngine.java:194)
	at com.kms.katalon.core.main.ScriptEngine.runScriptAsRawText(ScriptEngine.java:119)
	at com.kms.katalon.core.main.TestCaseExecutor.runScript(TestCaseExecutor.java:369)
	at com.kms.katalon.core.main.TestCaseExecutor.doExecute(TestCaseExecutor.java:360)
	at com.kms.katalon.core.main.TestCaseExecutor.processExecutionPhase(TestCaseExecutor.java:339)
	at com.kms.katalon.core.main.TestCaseExecutor.accessMainPhase(TestCaseExecutor.java:331)
	at com.kms.katalon.core.main.TestCaseExecutor.execute(TestCaseExecutor.java:248)
	at com.kms.katalon.core.main.TestCaseMain.runTestCase(TestCaseMain.java:138)
	at com.kms.katalon.core.keyword.builtin.CallTestCaseKeyword$_callTestCase_closure1.doCall(CallTestCaseKeyword.groovy:59)
	at com.kms.katalon.core.keyword.builtin.CallTestCaseKeyword$_callTestCase_closure1.call(CallTestCaseKeyword.groovy)
	at com.kms.katalon.core.keyword.internal.KeywordMain.runKeyword(KeywordMain.groovy:68)
	at com.kms.katalon.core.keyword.builtin.CallTestCaseKeyword.callTestCase(CallTestCaseKeyword.groovy:81)
	at com.kms.katalon.core.keyword.builtin.CallTestCaseKeyword.execute(CallTestCaseKeyword.groovy:44)
	at com.kms.katalon.core.keyword.internal.KeywordExecutor.executeKeywordForPlatform(KeywordExecutor.groovy:73)
	at com.kms.katalon.core.keyword.BuiltinKeywords.callTestCase(BuiltinKeywords.groovy:334)
	at sekmeler.sekmeler.anaSekmeyeGecilir(sekmeler.groovy:55)
	at cucumber.runtime.Utils$1.call(Utils.java:26)
	at cucumber.runtime.Timeout.timeout(Timeout.java:16)
	at cucumber.runtime.Utils.invoke(Utils.java:20)
	at cucumber.runtime.java.JavaStepDefinition.execute(JavaStepDefinition.java:49)
	at cucumber.runner.PickleStepDefinitionMatch.runStep(PickleStepDefinitionMatch.java:50)
	at cucumber.runner.TestStep.executeStep(TestStep.java:63)
	at cucumber.runner.TestStep.run(TestStep.java:49)
	at cucumber.runner.PickleStepTestStep.run(PickleStepTestStep.java:43)
	at cucumber.runner.TestCase.run(TestCase.java:44)
	at cucumber.runner.Runner.runPickle(Runner.java:40)
	at cucumber.runtime.Runtime$1.run(Runtime.java:84)
	at cucumber.runtime.Runtime$SameThreadExecutorService.execute(Runtime.java:220)
	at cucumber.runtime.Runtime.run(Runtime.java:81)
	at cucumber.api.cli.Main.run(Main.java:26)
	at cucumber.api.cli.Main$run.call(Unknown Source)
	at com.kms.katalon.core.cucumber.keyword.CucumberBuiltinKeywords$_runFeatureFile_closure1.doCall(CucumberBuiltinKeywords.groovy:106)
	at com.kms.katalon.core.cucumber.keyword.CucumberBuiltinKeywords$_runFeatureFile_closure1.doCall(CucumberBuiltinKeywords.groovy)
	at com.kms.katalon.core.keyword.internal.KeywordMain.runKeyword(KeywordMain.groovy:68)
	at com.kms.katalon.core.keyword.internal.KeywordMain$runKeyword.call(Unknown Source)
	at com.kms.katalon.core.cucumber.keyword.CucumberBuiltinKeywords.runFeatureFile(CucumberBuiltinKeywords.groovy:73)
	at com.kms.katalon.core.cucumber.keyword.CucumberBuiltinKeywords$runFeatureFile$0.callStatic(Unknown Source)
	at com.kms.katalon.core.cucumber.keyword.CucumberBuiltinKeywords.runFeatureFile(CucumberBuiltinKeywords.groovy:246)
	at com.kms.katalon.core.cucumber.keyword.CucumberBuiltinKeywords$runFeatureFile.call(Unknown Source)
	at Departman Ata-Geri Al.run(Departman Ata-Geri Al:18)
	at com.kms.katalon.core.main.ScriptEngine.run(ScriptEngine.java:194)
	at com.kms.katalon.core.main.ScriptEngine.runScriptAsRawText(ScriptEngine.java:119)
	at com.kms.katalon.core.main.TestCaseExecutor.runScript(TestCaseExecutor.java:369)
	at com.kms.katalon.core.main.TestCaseExecutor.doExecute(TestCaseExecutor.java:360)
	at com.kms.katalon.core.main.TestCaseExecutor.processExecutionPhase(TestCaseExecutor.java:339)
	at com.kms.katalon.core.main.TestCaseExecutor.accessMainPhase(TestCaseExecutor.java:331)
	at com.kms.katalon.core.main.TestCaseExecutor.execute(TestCaseExecutor.java:248)
	at com.kms.katalon.core.main.TestSuiteExecutor.accessTestCaseMainPhase(TestSuiteExecutor.java:191)
	at com.kms.katalon.core.main.TestSuiteExecutor.accessTestSuiteMainPhase(TestSuiteExecutor.java:140)
	at com.kms.katalon.core.main.TestSuiteExecutor.execute(TestSuiteExecutor.java:89)
	at com.kms.katalon.core.main.TestCaseMain.startTestSuite(TestCaseMain.java:181)
	at com.kms.katalon.core.main.TestCaseMain$startTestSuite$0.call(Unknown Source)
	at TempTestSuite1636725797192.run(TempTestSuite1636725797192.groovy:39)
Caused by: org.openqa.selenium.NoSuchWindowException: no such window: window was already closed
  (Session info: chrome=95.0.4638.69)
Build info: version: '3.141.59', revision: 'e82be7d358', time: '2018-11-14T08:25:53'
System info: host: 'DESKTOP-QBVMTUG', ip: '192.168.1.18', os.name: 'Windows 10', os.arch: 'amd64', os.version: '10.0', java.version: '1.8.0_282'
Driver info: com.kms.katalon.selenium.driver.CChromeDriver
Capabilities {acceptInsecureCerts: false, browserName: chrome, browserVersion: 95.0.4638.69, chrome: {chromedriverVersion: 94.0.4606.61 (418b78f5838ed..., userDataDir: C:\Users\DELL\AppData\Local...}, goog:chromeOptions: {debuggerAddress: localhost:61136}, javascriptEnabled: true, networkConnectionEnabled: false, pageLoadStrategy: normal, platform: WINDOWS, platformName: WINDOWS, proxy: Proxy(), setWindowRect: true, strictFileInteractability: false, timeouts: {implicit: 0, pageLoad: 300000, script: 30000}, unhandledPromptBehavior: dismiss and notify, webauthn:extension:credBlob: true, webauthn:extension:largeBlob: true, webauthn:virtualAuthenticators: true}
Session ID: d52cc6365c9e8e132099d28877e1ddea
	at org.openqa.selenium.remote.http.W3CHttpResponseCodec.createException(W3CHttpResponseCodec.java:187)
	at org.openqa.selenium.remote.http.W3CHttpResponseCodec.decode(W3CHttpResponseCodec.java:122)
	at org.openqa.selenium.remote.http.W3CHttpResponseCodec.decode(W3CHttpResponseCodec.java:49)
	at org.openqa.selenium.remote.HttpCommandExecutor.execute(HttpCommandExecutor.java:158)
	at org.openqa.selenium.remote.service.DriverCommandExecutor.execute(DriverCommandExecutor.java:83)
	at org.openqa.selenium.remote.RemoteWebDriver.execute(RemoteWebDriver.java:552)
	at com.kms.katalon.selenium.driver.CChromeDriver.execute(CChromeDriver.java:19)
	at org.openqa.selenium.remote.RemoteWebDriver.execute(RemoteWebDriver.java:609)
	at org.openqa.selenium.remote.RemoteWebDriver.getWindowHandle(RemoteWebDriver.java:472)
	at org.openqa.selenium.support.events.EventFiringWebDriver.lambda$new$1(EventFiringWebDriver.java:105)
	at com.sun.proxy.$Proxy12.getWindowHandle(Unknown Source)
	at org.openqa.selenium.support.events.EventFiringWebDriver.getWindowHandle(EventFiringWebDriver.java:221)
	at com.kms.katalon.core.webui.driver.DriverFactory.getCurrentWindowIndex(DriverFactory.java:1072)
	at com.kms.katalon.core.webui.keyword.builtin.GetWindowIndexKeyword$_getWindowIndex_closure1.doCall(GetWindowIndexKeyword.groovy:73)
	at com.kms.katalon.core.webui.keyword.builtin.GetWindowIndexKeyword$_getWindowIndex_closure1.call(GetWindowIndexKeyword.groovy)
	at com.kms.katalon.core.webui.keyword.internal.WebUIKeywordMain.runKeywordAndReturnInt(WebUIKeywordMain.groovy:50)
	at com.kms.katalon.core.webui.keyword.builtin.GetWindowIndexKeyword.getWindowIndex(GetWindowIndexKeyword.groovy:71)
	at com.kms.katalon.core.webui.keyword.builtin.GetWindowIndexKeyword.execute(GetWindowIndexKeyword.groovy:66)
	at com.kms.katalon.core.keyword.internal.KeywordExecutor.executeKeywordForPlatform(KeywordExecutor.groovy:73)
	at com.kms.katalon.core.webui.keyword.WebUiBuiltInKeywords.getWindowIndex(WebUiBuiltInKeywords.groovy:262)
	at com.kms.katalon.core.webui.keyword.WebUiBuiltInKeywords$getWindowIndex$24.call(Unknown Source)
	at Script1586261051750.run(Script1586261051750.groovy:18)
	at com.kms.katalon.core.main.ScriptEngine.run(ScriptEngine.java:194)
	at com.kms.katalon.core.main.ScriptEngine.runScriptAsRawText(ScriptEngine.java:119)
	at com.kms.katalon.core.main.TestCaseExecutor.runScript(TestCaseExecutor.java:369)
	at com.kms.katalon.core.main.TestCaseExecutor.doExecute(TestCaseExecutor.java:360)
	at com.kms.katalon.core.main.TestCaseExecutor.processExecutionPhase(TestCaseExecutor.java:339)
	at com.kms.katalon.core.main.TestCaseExecutor.accessMainPhase(TestCaseExecutor.java:331)
	at com.kms.katalon.core.main.TestCaseExecutor.execute(TestCaseExecutor.java:248)
	at com.kms.katalon.core.main.TestCaseMain.runTestCase(TestCaseMain.java:138)
	at com.kms.katalon.core.keyword.builtin.CallTestCaseKeyword$_callTestCase_closure1.doCall(CallTestCaseKeyword.groovy:59)
	at com.kms.katalon.core.keyword.builtin.CallTestCaseKeyword$_callTestCase_closure1.call(CallTestCaseKeyword.groovy)
	at com.kms.katalon.core.keyword.internal.KeywordMain.runKeyword(KeywordMain.groovy:68)
	at com.kms.katalon.core.keyword.builtin.CallTestCaseKeyword.callTestCase(CallTestCaseKeyword.groovy:81)
	at com.kms.katalon.core.keyword.builtin.CallTestCaseKeyword.execute(CallTestCaseKeyword.groovy:44)
	at com.kms.katalon.core.keyword.internal.KeywordExecutor.executeKeywordForPlatform(KeywordExecutor.groovy:73)
	at com.kms.katalon.core.keyword.BuiltinKeywords.callTestCase(BuiltinKeywords.groovy:334)
	at sekmeler.sekmeler.anaSekmeyeGecilir(sekmeler.groovy:55)
	at cucumber.runtime.Utils$1.call(Utils.java:26)
	at cucumber.runtime.Timeout.timeout(Timeout.java:16)
	at cucumber.runtime.Utils.invoke(Utils.java:20)
	at cucumber.runtime.java.JavaStepDefinition.execute(JavaStepDefinition.java:49)
	at cucumber.runner.PickleStepDefinitionMatch.runStep(PickleStepDefinitionMatch.java:50)
	at cucumber.runner.TestStep.executeStep(TestStep.java:63)
	at cucumber.runner.TestStep.run(TestStep.java:49)
	at cucumber.runner.PickleStepTestStep.run(PickleStepTestStep.java:43)
	at cucumber.runner.TestCase.run(TestCase.java:44)
	at cucumber.runner.Runner.runPickle(Runner.java:40)
	at cucumber.runtime.Runtime$1.run(Runtime.java:84)
	at cucumber.runtime.Runtime$SameThreadExecutorService.execute(Runtime.java:220)
	at cucumber.runtime.Runtime.run(Runtime.java:81)
	at cucumber.api.cli.Main.run(Main.java:26)
	at cucumber.api.cli.Main$run.call(Unknown Source)
	at com.kms.katalon.core.cucumber.keyword.CucumberBuiltinKeywords$_runFeatureFile_closure1.doCall(CucumberBuiltinKeywords.groovy:106)
	at com.kms.katalon.core.cucumber.keyword.CucumberBuiltinKeywords$_runFeatureFile_closure1.doCall(CucumberBuiltinKeywords.groovy)
	at com.kms.katalon.core.keyword.internal.KeywordMain.runKeyword(KeywordMain.groovy:68)
	at com.kms.katalon.core.keyword.internal.KeywordMain$runKeyword.call(Unknown Source)
	at com.kms.katalon.core.cucumber.keyword.CucumberBuiltinKeywords.runFeatureFile(CucumberBuiltinKeywords.groovy:73)
	at com.kms.katalon.core.cucumber.keyword.CucumberBuiltinKeywords$runFeatureFile$0.callStatic(Unknown Source)
	at com.kms.katalon.core.cucumber.keyword.CucumberBuiltinKeywords.runFeatureFile(CucumberBuiltinKeywords.groovy:246)
	at com.kms.katalon.core.cucumber.keyword.CucumberBuiltinKeywords$runFeatureFile.call(Unknown Source)
	at Script1601994074743.run(Script1601994074743.groovy:18)
	... 13 more
)

2021-11-12 17:12:02 - [TEST_STEP][FAILED] - index = getWindowIndex(): Unable to get the index of the current window (Root cause: com.kms.katalon.core.exception.StepFailedException: Unable to get the index of the current window
	at com.kms.katalon.core.webui.keyword.internal.WebUIKeywordMain.stepFailed(WebUIKeywordMain.groovy:64)
	at com.kms.katalon.core.webui.keyword.internal.WebUIKeywordMain.runKeywordAndReturnInt(WebUIKeywordMain.groovy:56)
	at com.kms.katalon.core.webui.keyword.builtin.GetWindowIndexKeyword.getWindowIndex(GetWindowIndexKeyword.groovy:71)
	at com.kms.katalon.core.webui.keyword.builtin.GetWindowIndexKeyword.execute(GetWindowIndexKeyword.groovy:66)
	at com.kms.katalon.core.keyword.internal.KeywordExecutor.executeKeywordForPlatform(KeywordExecutor.groovy:73)
	at com.kms.katalon.core.webui.keyword.WebUiBuiltInKeywords.getWindowIndex(WebUiBuiltInKeywords.groovy:262)
	at com.kms.katalon.core.webui.keyword.WebUiBuiltInKeywords$getWindowIndex$24.call(Unknown Source)
	at Ana_Sekmeye_Gec.run(Ana_Sekmeye_Gec:18)
	at com.kms.katalon.core.main.ScriptEngine.run(ScriptEngine.java:194)
	at com.kms.katalon.core.main.ScriptEngine.runScriptAsRawText(ScriptEngine.java:119)
	at com.kms.katalon.core.main.TestCaseExecutor.runScript(TestCaseExecutor.java:369)
	at com.kms.katalon.core.main.TestCaseExecutor.doExecute(TestCaseExecutor.java:360)
	at com.kms.katalon.core.main.TestCaseExecutor.processExecutionPhase(TestCaseExecutor.java:339)
	at com.kms.katalon.core.main.TestCaseExecutor.accessMainPhase(TestCaseExecutor.java:331)
	at com.kms.katalon.core.main.TestCaseExecutor.execute(TestCaseExecutor.java:248)
	at com.kms.katalon.core.main.TestCaseMain.runTestCase(TestCaseMain.java:138)
	at com.kms.katalon.core.keyword.builtin.CallTestCaseKeyword$_callTestCase_closure1.doCall(CallTestCaseKeyword.groovy:59)
	at com.kms.katalon.core.keyword.builtin.CallTestCaseKeyword$_callTestCase_closure1.call(CallTestCaseKeyword.groovy)
	at com.kms.katalon.core.keyword.internal.KeywordMain.runKeyword(KeywordMain.groovy:68)
	at com.kms.katalon.core.keyword.builtin.CallTestCaseKeyword.callTestCase(CallTestCaseKeyword.groovy:81)
	at com.kms.katalon.core.keyword.builtin.CallTestCaseKeyword.execute(CallTestCaseKeyword.groovy:44)
	at com.kms.katalon.core.keyword.internal.KeywordExecutor.executeKeywordForPlatform(KeywordExecutor.groovy:73)
	at com.kms.katalon.core.keyword.BuiltinKeywords.callTestCase(BuiltinKeywords.groovy:334)
	at sekmeler.sekmeler.anaSekmeyeGecilir(sekmeler.groovy:55)
	at cucumber.runtime.Utils$1.call(Utils.java:26)
	at cucumber.runtime.Timeout.timeout(Timeout.java:16)
	at cucumber.runtime.Utils.invoke(Utils.java:20)
	at cucumber.runtime.java.JavaStepDefinition.execute(JavaStepDefinition.java:49)
	at cucumber.runner.PickleStepDefinitionMatch.runStep(PickleStepDefinitionMatch.java:50)
	at cucumber.runner.TestStep.executeStep(TestStep.java:63)
	at cucumber.runner.TestStep.run(TestStep.java:49)
	at cucumber.runner.PickleStepTestStep.run(PickleStepTestStep.java:43)
	at cucumber.runner.TestCase.run(TestCase.java:44)
	at cucumber.runner.Runner.runPickle(Runner.java:40)
	at cucumber.runtime.Runtime$1.run(Runtime.java:84)
	at cucumber.runtime.Runtime$SameThreadExecutorService.execute(Runtime.java:220)
	at cucumber.runtime.Runtime.run(Runtime.java:81)
	at cucumber.api.cli.Main.run(Main.java:26)
	at cucumber.api.cli.Main$run.call(Unknown Source)
	at com.kms.katalon.core.cucumber.keyword.CucumberBuiltinKeywords$_runFeatureFile_closure1.doCall(CucumberBuiltinKeywords.groovy:106)
	at com.kms.katalon.core.cucumber.keyword.CucumberBuiltinKeywords$_runFeatureFile_closure1.doCall(CucumberBuiltinKeywords.groovy)
	at com.kms.katalon.core.keyword.internal.KeywordMain.runKeyword(KeywordMain.groovy:68)
	at com.kms.katalon.core.keyword.internal.KeywordMain$runKeyword.call(Unknown Source)
	at com.kms.katalon.core.cucumber.keyword.CucumberBuiltinKeywords.runFeatureFile(CucumberBuiltinKeywords.groovy:73)
	at com.kms.katalon.core.cucumber.keyword.CucumberBuiltinKeywords$runFeatureFile$0.callStatic(Unknown Source)
	at com.kms.katalon.core.cucumber.keyword.CucumberBuiltinKeywords.runFeatureFile(CucumberBuiltinKeywords.groovy:246)
	at com.kms.katalon.core.cucumber.keyword.CucumberBuiltinKeywords$runFeatureFile.call(Unknown Source)
	at Departman Ata-Geri Al.run(Departman Ata-Geri Al:18)
	at com.kms.katalon.core.main.ScriptEngine.run(ScriptEngine.java:194)
	at com.kms.katalon.core.main.ScriptEngine.runScriptAsRawText(ScriptEngine.java:119)
	at com.kms.katalon.core.main.TestCaseExecutor.runScript(TestCaseExecutor.java:369)
	at com.kms.katalon.core.main.TestCaseExecutor.doExecute(TestCaseExecutor.java:360)
	at com.kms.katalon.core.main.TestCaseExecutor.processExecutionPhase(TestCaseExecutor.java:339)
	at com.kms.katalon.core.main.TestCaseExecutor.accessMainPhase(TestCaseExecutor.java:331)
	at com.kms.katalon.core.main.TestCaseExecutor.execute(TestCaseExecutor.java:248)
	at com.kms.katalon.core.main.TestSuiteExecutor.accessTestCaseMainPhase(TestSuiteExecutor.java:191)
	at com.kms.katalon.core.main.TestSuiteExecutor.accessTestSuiteMainPhase(TestSuiteExecutor.java:140)
	at com.kms.katalon.core.main.TestSuiteExecutor.execute(TestSuiteExecutor.java:89)
	at com.kms.katalon.core.main.TestCaseMain.startTestSuite(TestCaseMain.java:181)
	at com.kms.katalon.core.main.TestCaseMain$startTestSuite$0.call(Unknown Source)
	at TempTestSuite1636725797192.run(TempTestSuite1636725797192.groovy:39)
Caused by: org.openqa.selenium.NoSuchWindowException: no such window: window was already closed
  (Session info: chrome=95.0.4638.69)
Build info: version: '3.141.59', revision: 'e82be7d358', time: '2018-11-14T08:25:53'
System info: host: 'DESKTOP-QBVMTUG', ip: '192.168.1.18', os.name: 'Windows 10', os.arch: 'amd64', os.version: '10.0', java.version: '1.8.0_282'
Driver info: com.kms.katalon.selenium.driver.CChromeDriver
Capabilities {acceptInsecureCerts: false, browserName: chrome, browserVersion: 95.0.4638.69, chrome: {chromedriverVersion: 94.0.4606.61 (418b78f5838ed..., userDataDir: C:\Users\DELL\AppData\Local...}, goog:chromeOptions: {debuggerAddress: localhost:61136}, javascriptEnabled: true, networkConnectionEnabled: false, pageLoadStrategy: normal, platform: WINDOWS, platformName: WINDOWS, proxy: Proxy(), setWindowRect: true, strictFileInteractability: false, timeouts: {implicit: 0, pageLoad: 300000, script: 30000}, unhandledPromptBehavior: dismiss and notify, webauthn:extension:credBlob: true, webauthn:extension:largeBlob: true, webauthn:virtualAuthenticators: true}
Session ID: d52cc6365c9e8e132099d28877e1ddea
	at org.openqa.selenium.remote.http.W3CHttpResponseCodec.createException(W3CHttpResponseCodec.java:187)
	at org.openqa.selenium.remote.http.W3CHttpResponseCodec.decode(W3CHttpResponseCodec.java:122)
	at org.openqa.selenium.remote.http.W3CHttpResponseCodec.decode(W3CHttpResponseCodec.java:49)
	at org.openqa.selenium.remote.HttpCommandExecutor.execute(HttpCommandExecutor.java:158)
	at org.openqa.selenium.remote.service.DriverCommandExecutor.execute(DriverCommandExecutor.java:83)
	at org.openqa.selenium.remote.RemoteWebDriver.execute(RemoteWebDriver.java:552)
	at com.kms.katalon.selenium.driver.CChromeDriver.execute(CChromeDriver.java:19)
	at org.openqa.selenium.remote.RemoteWebDriver.execute(RemoteWebDriver.java:609)
	at org.openqa.selenium.remote.RemoteWebDriver.getWindowHandle(RemoteWebDriver.java:472)
	at org.openqa.selenium.support.events.EventFiringWebDriver.lambda$new$1(EventFiringWebDriver.java:105)
	at com.sun.proxy.$Proxy12.getWindowHandle(Unknown Source)
	at org.openqa.selenium.support.events.EventFiringWebDriver.getWindowHandle(EventFiringWebDriver.java:221)
	at com.kms.katalon.core.webui.driver.DriverFactory.getCurrentWindowIndex(DriverFactory.java:1072)
	at com.kms.katalon.core.webui.keyword.builtin.GetWindowIndexKeyword$_getWindowIndex_closure1.doCall(GetWindowIndexKeyword.groovy:73)
	at com.kms.katalon.core.webui.keyword.builtin.GetWindowIndexKeyword$_getWindowIndex_closure1.call(GetWindowIndexKeyword.groovy)
	at com.kms.katalon.core.webui.keyword.internal.WebUIKeywordMain.runKeywordAndReturnInt(WebUIKeywordMain.groovy:50)
	at com.kms.katalon.core.webui.keyword.builtin.GetWindowIndexKeyword.getWindowIndex(GetWindowIndexKeyword.groovy:71)
	at com.kms.katalon.core.webui.keyword.builtin.GetWindowIndexKeyword.execute(GetWindowIndexKeyword.groovy:66)
	at com.kms.katalon.core.keyword.internal.KeywordExecutor.executeKeywordForPlatform(KeywordExecutor.groovy:73)
	at com.kms.katalon.core.webui.keyword.WebUiBuiltInKeywords.getWindowIndex(WebUiBuiltInKeywords.groovy:262)
	at com.kms.katalon.core.webui.keyword.WebUiBuiltInKeywords$getWindowIndex$24.call(Unknown Source)
	at Script1586261051750.run(Script1586261051750.groovy:18)
	at com.kms.katalon.core.main.ScriptEngine.run(ScriptEngine.java:194)
	at com.kms.katalon.core.main.ScriptEngine.runScriptAsRawText(ScriptEngine.java:119)
	at com.kms.katalon.core.main.TestCaseExecutor.runScript(TestCaseExecutor.java:369)
	at com.kms.katalon.core.main.TestCaseExecutor.doExecute(TestCaseExecutor.java:360)
	at com.kms.katalon.core.main.TestCaseExecutor.processExecutionPhase(TestCaseExecutor.java:339)
	at com.kms.katalon.core.main.TestCaseExecutor.accessMainPhase(TestCaseExecutor.java:331)
	at com.kms.katalon.core.main.TestCaseExecutor.execute(TestCaseExecutor.java:248)
	at com.kms.katalon.core.main.TestCaseMain.runTestCase(TestCaseMain.java:138)
	at com.kms.katalon.core.keyword.builtin.CallTestCaseKeyword$_callTestCase_closure1.doCall(CallTestCaseKeyword.groovy:59)
	at com.kms.katalon.core.keyword.builtin.CallTestCaseKeyword$_callTestCase_closure1.call(CallTestCaseKeyword.groovy)
	at com.kms.katalon.core.keyword.internal.KeywordMain.runKeyword(KeywordMain.groovy:68)
	at com.kms.katalon.core.keyword.builtin.CallTestCaseKeyword.callTestCase(CallTestCaseKeyword.groovy:81)
	at com.kms.katalon.core.keyword.builtin.CallTestCaseKeyword.execute(CallTestCaseKeyword.groovy:44)
	at com.kms.katalon.core.keyword.internal.KeywordExecutor.executeKeywordForPlatform(KeywordExecutor.groovy:73)
	at com.kms.katalon.core.keyword.BuiltinKeywords.callTestCase(BuiltinKeywords.groovy:334)
	at sekmeler.sekmeler.anaSekmeyeGecilir(sekmeler.groovy:55)
	at cucumber.runtime.Utils$1.call(Utils.java:26)
	at cucumber.runtime.Timeout.timeout(Timeout.java:16)
	at cucumber.runtime.Utils.invoke(Utils.java:20)
	at cucumber.runtime.java.JavaStepDefinition.execute(JavaStepDefinition.java:49)
	at cucumber.runner.PickleStepDefinitionMatch.runStep(PickleStepDefinitionMatch.java:50)
	at cucumber.runner.TestStep.executeStep(TestStep.java:63)
	at cucumber.runner.TestStep.run(TestStep.java:49)
	at cucumber.runner.PickleStepTestStep.run(PickleStepTestStep.java:43)
	at cucumber.runner.TestCase.run(TestCase.java:44)
	at cucumber.runner.Runner.runPickle(Runner.java:40)
	at cucumber.runtime.Runtime$1.run(Runtime.java:84)
	at cucumber.runtime.Runtime$SameThreadExecutorService.execute(Runtime.java:220)
	at cucumber.runtime.Runtime.run(Runtime.java:81)
	at cucumber.api.cli.Main.run(Main.java:26)
	at cucumber.api.cli.Main$run.call(Unknown Source)
	at com.kms.katalon.core.cucumber.keyword.CucumberBuiltinKeywords$_runFeatureFile_closure1.doCall(CucumberBuiltinKeywords.groovy:106)
	at com.kms.katalon.core.cucumber.keyword.CucumberBuiltinKeywords$_runFeatureFile_closure1.doCall(CucumberBuiltinKeywords.groovy)
	at com.kms.katalon.core.keyword.internal.KeywordMain.runKeyword(KeywordMain.groovy:68)
	at com.kms.katalon.core.keyword.internal.KeywordMain$runKeyword.call(Unknown Source)
	at com.kms.katalon.core.cucumber.keyword.CucumberBuiltinKeywords.runFeatureFile(CucumberBuiltinKeywords.groovy:73)
	at com.kms.katalon.core.cucumber.keyword.CucumberBuiltinKeywords$runFeatureFile$0.callStatic(Unknown Source)
	at com.kms.katalon.core.cucumber.keyword.CucumberBuiltinKeywords.runFeatureFile(CucumberBuiltinKeywords.groovy:246)
	at com.kms.katalon.core.cucumber.keyword.CucumberBuiltinKeywords$runFeatureFile.call(Unknown Source)
	at Script1601994074743.run(Script1601994074743.groovy:18)
	... 13 more
)

2021-11-12 17:12:02 - [MESSAGE][INFO] - Getting current window's index

2021-11-12 17:12:02 - [MESSAGE][FAILED] - Unable to get the index of the current window (Root cause: com.kms.katalon.core.exception.StepFailedException: Unable to get the index of the current window
	at com.kms.katalon.core.webui.keyword.internal.WebUIKeywordMain.stepFailed(WebUIKeywordMain.groovy:64)
	at com.kms.katalon.core.webui.keyword.internal.WebUIKeywordMain.runKeywordAndReturnInt(WebUIKeywordMain.groovy:56)
	at com.kms.katalon.core.webui.keyword.builtin.GetWindowIndexKeyword.getWindowIndex(GetWindowIndexKeyword.groovy:71)
	at com.kms.katalon.core.webui.keyword.builtin.GetWindowIndexKeyword.execute(GetWindowIndexKeyword.groovy:66)
	at com.kms.katalon.core.keyword.internal.KeywordExecutor.executeKeywordForPlatform(KeywordExecutor.groovy:73)
	at com.kms.katalon.core.webui.keyword.WebUiBuiltInKeywords.getWindowIndex(WebUiBuiltInKeywords.groovy:262)
	at com.kms.katalon.core.webui.keyword.WebUiBuiltInKeywords$getWindowIndex$24.call(Unknown Source)
	at Ana_Sekmeye_Gec.run(Ana_Sekmeye_Gec:18)
	at com.kms.katalon.core.main.ScriptEngine.run(ScriptEngine.java:194)
	at com.kms.katalon.core.main.ScriptEngine.runScriptAsRawText(ScriptEngine.java:119)
	at com.kms.katalon.core.main.TestCaseExecutor.runScript(TestCaseExecutor.java:369)
	at com.kms.katalon.core.main.TestCaseExecutor.doExecute(TestCaseExecutor.java:360)
	at com.kms.katalon.core.main.TestCaseExecutor.processExecutionPhase(TestCaseExecutor.java:339)
	at com.kms.katalon.core.main.TestCaseExecutor.accessMainPhase(TestCaseExecutor.java:331)
	at com.kms.katalon.core.main.TestCaseExecutor.execute(TestCaseExecutor.java:248)
	at com.kms.katalon.core.main.TestCaseMain.runTestCase(TestCaseMain.java:138)
	at com.kms.katalon.core.keyword.builtin.CallTestCaseKeyword$_callTestCase_closure1.doCall(CallTestCaseKeyword.groovy:59)
	at com.kms.katalon.core.keyword.builtin.CallTestCaseKeyword$_callTestCase_closure1.call(CallTestCaseKeyword.groovy)
	at com.kms.katalon.core.keyword.internal.KeywordMain.runKeyword(KeywordMain.groovy:68)
	at com.kms.katalon.core.keyword.builtin.CallTestCaseKeyword.callTestCase(CallTestCaseKeyword.groovy:81)
	at com.kms.katalon.core.keyword.builtin.CallTestCaseKeyword.execute(CallTestCaseKeyword.groovy:44)
	at com.kms.katalon.core.keyword.internal.KeywordExecutor.executeKeywordForPlatform(KeywordExecutor.groovy:73)
	at com.kms.katalon.core.keyword.BuiltinKeywords.callTestCase(BuiltinKeywords.groovy:334)
	at sekmeler.sekmeler.anaSekmeyeGecilir(sekmeler.groovy:55)
	at cucumber.runtime.Utils$1.call(Utils.java:26)
	at cucumber.runtime.Timeout.timeout(Timeout.java:16)
	at cucumber.runtime.Utils.invoke(Utils.java:20)
	at cucumber.runtime.java.JavaStepDefinition.execute(JavaStepDefinition.java:49)
	at cucumber.runner.PickleStepDefinitionMatch.runStep(PickleStepDefinitionMatch.java:50)
	at cucumber.runner.TestStep.executeStep(TestStep.java:63)
	at cucumber.runner.TestStep.run(TestStep.java:49)
	at cucumber.runner.PickleStepTestStep.run(PickleStepTestStep.java:43)
	at cucumber.runner.TestCase.run(TestCase.java:44)
	at cucumber.runner.Runner.runPickle(Runner.java:40)
	at cucumber.runtime.Runtime$1.run(Runtime.java:84)
	at cucumber.runtime.Runtime$SameThreadExecutorService.execute(Runtime.java:220)
	at cucumber.runtime.Runtime.run(Runtime.java:81)
	at cucumber.api.cli.Main.run(Main.java:26)
	at cucumber.api.cli.Main$run.call(Unknown Source)
	at com.kms.katalon.core.cucumber.keyword.CucumberBuiltinKeywords$_runFeatureFile_closure1.doCall(CucumberBuiltinKeywords.groovy:106)
	at com.kms.katalon.core.cucumber.keyword.CucumberBuiltinKeywords$_runFeatureFile_closure1.doCall(CucumberBuiltinKeywords.groovy)
	at com.kms.katalon.core.keyword.internal.KeywordMain.runKeyword(KeywordMain.groovy:68)
	at com.kms.katalon.core.keyword.internal.KeywordMain$runKeyword.call(Unknown Source)
	at com.kms.katalon.core.cucumber.keyword.CucumberBuiltinKeywords.runFeatureFile(CucumberBuiltinKeywords.groovy:73)
	at com.kms.katalon.core.cucumber.keyword.CucumberBuiltinKeywords$runFeatureFile$0.callStatic(Unknown Source)
	at com.kms.katalon.core.cucumber.keyword.CucumberBuiltinKeywords.runFeatureFile(CucumberBuiltinKeywords.groovy:246)
	at com.kms.katalon.core.cucumber.keyword.CucumberBuiltinKeywords$runFeatureFile.call(Unknown Source)
	at Departman Ata-Geri Al.run(Departman Ata-Geri Al:18)
	at com.kms.katalon.core.main.ScriptEngine.run(ScriptEngine.java:194)
	at com.kms.katalon.core.main.ScriptEngine.runScriptAsRawText(ScriptEngine.java:119)
	at com.kms.katalon.core.main.TestCaseExecutor.runScript(TestCaseExecutor.java:369)
	at com.kms.katalon.core.main.TestCaseExecutor.doExecute(TestCaseExecutor.java:360)
	at com.kms.katalon.core.main.TestCaseExecutor.processExecutionPhase(TestCaseExecutor.java:339)
	at com.kms.katalon.core.main.TestCaseExecutor.accessMainPhase(TestCaseExecutor.java:331)
	at com.kms.katalon.core.main.TestCaseExecutor.execute(TestCaseExecutor.java:248)
	at com.kms.katalon.core.main.TestSuiteExecutor.accessTestCaseMainPhase(TestSuiteExecutor.java:191)
	at com.kms.katalon.core.main.TestSuiteExecutor.accessTestSuiteMainPhase(TestSuiteExecutor.java:140)
	at com.kms.katalon.core.main.TestSuiteExecutor.execute(TestSuiteExecutor.java:89)
	at com.kms.katalon.core.main.TestCaseMain.startTestSuite(TestCaseMain.java:181)
	at com.kms.katalon.core.main.TestCaseMain$startTestSuite$0.call(Unknown Source)
	at TempTestSuite1636725797192.run(TempTestSuite1636725797192.groovy:39)
Caused by: org.openqa.selenium.NoSuchWindowException: no such window: window was already closed
  (Session info: chrome=95.0.4638.69)
Build info: version: '3.141.59', revision: 'e82be7d358', time: '2018-11-14T08:25:53'
System info: host: 'DESKTOP-QBVMTUG', ip: '192.168.1.18', os.name: 'Windows 10', os.arch: 'amd64', os.version: '10.0', java.version: '1.8.0_282'
Driver info: com.kms.katalon.selenium.driver.CChromeDriver
Capabilities {acceptInsecureCerts: false, browserName: chrome, browserVersion: 95.0.4638.69, chrome: {chromedriverVersion: 94.0.4606.61 (418b78f5838ed..., userDataDir: C:\Users\DELL\AppData\Local...}, goog:chromeOptions: {debuggerAddress: localhost:61136}, javascriptEnabled: true, networkConnectionEnabled: false, pageLoadStrategy: normal, platform: WINDOWS, platformName: WINDOWS, proxy: Proxy(), setWindowRect: true, strictFileInteractability: false, timeouts: {implicit: 0, pageLoad: 300000, script: 30000}, unhandledPromptBehavior: dismiss and notify, webauthn:extension:credBlob: true, webauthn:extension:largeBlob: true, webauthn:virtualAuthenticators: true}
Session ID: d52cc6365c9e8e132099d28877e1ddea
	at org.openqa.selenium.remote.http.W3CHttpResponseCodec.createException(W3CHttpResponseCodec.java:187)
	at org.openqa.selenium.remote.http.W3CHttpResponseCodec.decode(W3CHttpResponseCodec.java:122)
	at org.openqa.selenium.remote.http.W3CHttpResponseCodec.decode(W3CHttpResponseCodec.java:49)
	at org.openqa.selenium.remote.HttpCommandExecutor.execute(HttpCommandExecutor.java:158)
	at org.openqa.selenium.remote.service.DriverCommandExecutor.execute(DriverCommandExecutor.java:83)
	at org.openqa.selenium.remote.RemoteWebDriver.execute(RemoteWebDriver.java:552)
	at com.kms.katalon.selenium.driver.CChromeDriver.execute(CChromeDriver.java:19)
	at org.openqa.selenium.remote.RemoteWebDriver.execute(RemoteWebDriver.java:609)
	at org.openqa.selenium.remote.RemoteWebDriver.getWindowHandle(RemoteWebDriver.java:472)
	at org.openqa.selenium.support.events.EventFiringWebDriver.lambda$new$1(EventFiringWebDriver.java:105)
	at com.sun.proxy.$Proxy12.getWindowHandle(Unknown Source)
	at org.openqa.selenium.support.events.EventFiringWebDriver.getWindowHandle(EventFiringWebDriver.java:221)
	at com.kms.katalon.core.webui.driver.DriverFactory.getCurrentWindowIndex(DriverFactory.java:1072)
	at com.kms.katalon.core.webui.keyword.builtin.GetWindowIndexKeyword$_getWindowIndex_closure1.doCall(GetWindowIndexKeyword.groovy:73)
	at com.kms.katalon.core.webui.keyword.builtin.GetWindowIndexKeyword$_getWindowIndex_closure1.call(GetWindowIndexKeyword.groovy)
	at com.kms.katalon.core.webui.keyword.internal.WebUIKeywordMain.runKeywordAndReturnInt(WebUIKeywordMain.groovy:50)
	at com.kms.katalon.core.webui.keyword.builtin.GetWindowIndexKeyword.getWindowIndex(GetWindowIndexKeyword.groovy:71)
	at com.kms.katalon.core.webui.keyword.builtin.GetWindowIndexKeyword.execute(GetWindowIndexKeyword.groovy:66)
	at com.kms.katalon.core.keyword.internal.KeywordExecutor.executeKeywordForPlatform(KeywordExecutor.groovy:73)
	at com.kms.katalon.core.webui.keyword.WebUiBuiltInKeywords.getWindowIndex(WebUiBuiltInKeywords.groovy:262)
	at com.kms.katalon.core.webui.keyword.WebUiBuiltInKeywords$getWindowIndex$24.call(Unknown Source)
	at Script1586261051750.run(Script1586261051750.groovy:18)
	at com.kms.katalon.core.main.ScriptEngine.run(ScriptEngine.java:194)
	at com.kms.katalon.core.main.ScriptEngine.runScriptAsRawText(ScriptEngine.java:119)
	at com.kms.katalon.core.main.TestCaseExecutor.runScript(TestCaseExecutor.java:369)
	at com.kms.katalon.core.main.TestCaseExecutor.doExecute(TestCaseExecutor.java:360)
	at com.kms.katalon.core.main.TestCaseExecutor.processExecutionPhase(TestCaseExecutor.java:339)
	at com.kms.katalon.core.main.TestCaseExecutor.accessMainPhase(TestCaseExecutor.java:331)
	at com.kms.katalon.core.main.TestCaseExecutor.execute(TestCaseExecutor.java:248)
	at com.kms.katalon.core.main.TestCaseMain.runTestCase(TestCaseMain.java:138)
	at com.kms.katalon.core.keyword.builtin.CallTestCaseKeyword$_callTestCase_closure1.doCall(CallTestCaseKeyword.groovy:59)
	at com.kms.katalon.core.keyword.builtin.CallTestCaseKeyword$_callTestCase_closure1.call(CallTestCaseKeyword.groovy)
	at com.kms.katalon.core.keyword.internal.KeywordMain.runKeyword(KeywordMain.groovy:68)
	at com.kms.katalon.core.keyword.builtin.CallTestCaseKeyword.callTestCase(CallTestCaseKeyword.groovy:81)
	at com.kms.katalon.core.keyword.builtin.CallTestCaseKeyword.execute(CallTestCaseKeyword.groovy:44)
	at com.kms.katalon.core.keyword.internal.KeywordExecutor.executeKeywordForPlatform(KeywordExecutor.groovy:73)
	at com.kms.katalon.core.keyword.BuiltinKeywords.callTestCase(BuiltinKeywords.groovy:334)
	at sekmeler.sekmeler.anaSekmeyeGecilir(sekmeler.groovy:55)
	at cucumber.runtime.Utils$1.call(Utils.java:26)
	at cucumber.runtime.Timeout.timeout(Timeout.java:16)
	at cucumber.runtime.Utils.invoke(Utils.java:20)
	at cucumber.runtime.java.JavaStepDefinition.execute(JavaStepDefinition.java:49)
	at cucumber.runner.PickleStepDefinitionMatch.runStep(PickleStepDefinitionMatch.java:50)
	at cucumber.runner.TestStep.executeStep(TestStep.java:63)
	at cucumber.runner.TestStep.run(TestStep.java:49)
	at cucumber.runner.PickleStepTestStep.run(PickleStepTestStep.java:43)
	at cucumber.runner.TestCase.run(TestCase.java:44)
	at cucumber.runner.Runner.runPickle(Runner.java:40)
	at cucumber.runtime.Runtime$1.run(Runtime.java:84)
	at cucumber.runtime.Runtime$SameThreadExecutorService.execute(Runtime.java:220)
	at cucumber.runtime.Runtime.run(Runtime.java:81)
	at cucumber.api.cli.Main.run(Main.java:26)
	at cucumber.api.cli.Main$run.call(Unknown Source)
	at com.kms.katalon.core.cucumber.keyword.CucumberBuiltinKeywords$_runFeatureFile_closure1.doCall(CucumberBuiltinKeywords.groovy:106)
	at com.kms.katalon.core.cucumber.keyword.CucumberBuiltinKeywords$_runFeatureFile_closure1.doCall(CucumberBuiltinKeywords.groovy)
	at com.kms.katalon.core.keyword.internal.KeywordMain.runKeyword(KeywordMain.groovy:68)
	at com.kms.katalon.core.keyword.internal.KeywordMain$runKeyword.call(Unknown Source)
	at com.kms.katalon.core.cucumber.keyword.CucumberBuiltinKeywords.runFeatureFile(CucumberBuiltinKeywords.groovy:73)
	at com.kms.katalon.core.cucumber.keyword.CucumberBuiltinKeywords$runFeatureFile$0.callStatic(Unknown Source)
	at com.kms.katalon.core.cucumber.keyword.CucumberBuiltinKeywords.runFeatureFile(CucumberBuiltinKeywords.groovy:246)
	at com.kms.katalon.core.cucumber.keyword.CucumberBuiltinKeywords$runFeatureFile.call(Unknown Source)
	at Script1601994074743.run(Script1601994074743.groovy:18)
	... 13 more
)

2021-11-12 17:12:02 - [TEST_STEP][PASSED] - catch (Exception e): null

2021-11-12 17:12:02 - [TEST_STEP][PASSED] - switchToWindowIndex(0): Switched to window with index: '0'

2021-11-12 17:12:02 - [MESSAGE][INFO] - Checking index

2021-11-12 17:12:02 - [MESSAGE][INFO] - Switching window with index: '0'

2021-11-12 17:12:02 - [MESSAGE][PASSED] - Switched to window with index: '0'

2021-11-12 17:12:02 - [MESSAGE][PASSED] - Call Test Case 'Test Cases/Sekmeler/Ana_Sekmeye_Gec' successfully

2021-11-12 17:12:02 - [MESSAGE][INFO] - Checking called Test Case

2021-11-12 17:12:02 - [MESSAGE][INFO] - Starting to call Test Case 'Test Cases/Kullanici_Islemleri/KullaniciIslemlerindenSecimYapilir'

2021-11-12 17:12:02 - [TEST_CASE][PASSED] - Test Cases/Kullanici_Islemleri/KullaniciIslemlerindenSecimYapilir: Test Cases/Kullanici_Islemleri/KullaniciIslemlerindenSecimYapilir

2021-11-12 17:12:02 - [TEST_STEP][PASSED] - waitForElementClickable(findTestObject("Object Repository/Kullanici_Islemleri/KullaniciIslemleri"), 10): Object 'Object Repository/Kullanici_Islemleri/KullaniciIslemleri' is clickable

2021-11-12 17:12:02 - [MESSAGE][INFO] - Finding Test Object 'Object Repository/Kullanici_Islemleri/KullaniciIslemleri'

2021-11-12 17:12:02 - [MESSAGE][INFO] - Checking object

2021-11-12 17:12:02 - [MESSAGE][INFO] - Checking timeout

2021-11-12 17:12:02 - [MESSAGE][INFO] - Finding web element from Test Object's properties

2021-11-12 17:12:02 - [MESSAGE][INFO] - Checking timeout

2021-11-12 17:12:02 - [MESSAGE][INFO] - Finding web element with id: 'Object Repository/Kullanici_Islemleri/KullaniciIslemleri' located by 'By.cssSelector: .dropdown>a>img' in '10' second(s)

2021-11-12 17:12:02 - [MESSAGE][INFO] - Smart Wait Function is triggered

2021-11-12 17:12:02 - [MESSAGE][INFO] - Found 1 web elements with id: 'Object Repository/Kullanici_Islemleri/KullaniciIslemleri' located by 'By.cssSelector: .dropdown>a>img' in '10' second(s)

2021-11-12 17:12:02 - [MESSAGE][PASSED] - Object 'Object Repository/Kullanici_Islemleri/KullaniciIslemleri' is clickable

2021-11-12 17:12:02 - [TEST_STEP][PASSED] - click(findTestObject("Object Repository/Kullanici_Islemleri/KullaniciIslemleri")): Object: 'Object Repository/Kullanici_Islemleri/KullaniciIslemleri' is clicked on

2021-11-12 17:12:02 - [MESSAGE][INFO] - Finding Test Object 'Object Repository/Kullanici_Islemleri/KullaniciIslemleri'

2021-11-12 17:12:03 - [MESSAGE][INFO] - Checking object

2021-11-12 17:12:03 - [MESSAGE][INFO] - Finding web element from Test Object's properties

2021-11-12 17:12:03 - [MESSAGE][INFO] - Checking timeout

2021-11-12 17:12:03 - [MESSAGE][INFO] - Finding web element with id: 'Object Repository/Kullanici_Islemleri/KullaniciIslemleri' located by 'By.cssSelector: .dropdown>a>img' in '30' second(s)

2021-11-12 17:12:03 - [MESSAGE][INFO] - Smart Wait Function is triggered

2021-11-12 17:12:03 - [MESSAGE][INFO] - Found 1 web elements with id: 'Object Repository/Kullanici_Islemleri/KullaniciIslemleri' located by 'By.cssSelector: .dropdown>a>img' in '30' second(s)

2021-11-12 17:12:03 - [MESSAGE][INFO] - Clicking on object: 'Object Repository/Kullanici_Islemleri/KullaniciIslemleri'

2021-11-12 17:12:03 - [MESSAGE][PASSED] - Object: 'Object Repository/Kullanici_Islemleri/KullaniciIslemleri' is clicked on

2021-11-12 17:12:03 - [TEST_STEP][PASSED] - Method.TextDegerineEsitElementeTikla(findTestObject("Object Repository/Kullanici_Islemleri/Secenekler"), Islem): Method.TextDegerineEsitElementeTikla is PASSED

2021-11-12 17:12:03 - [MESSAGE][INFO] - Finding Test Object 'Object Repository/Kullanici_Islemleri/Secenekler'

2021-11-12 17:12:03 - [MESSAGE][INFO] - Checking timeout

2021-11-12 17:12:03 - [MESSAGE][INFO] - Finding web element with id: 'Object Repository/Kullanici_Islemleri/Secenekler' located by 'By.cssSelector: .nav.navbar-nav.navbar-right li a' in '10' second(s)

2021-11-12 17:12:03 - [MESSAGE][INFO] - Smart Wait Function is triggered

2021-11-12 17:12:03 - [MESSAGE][INFO] - Found 22 web elements with id: 'Object Repository/Kullanici_Islemleri/Secenekler' located by 'By.cssSelector: .nav.navbar-nav.navbar-right li a' in '10' second(s)

2021-11-12 17:12:05 - [MESSAGE][PASSED] - Method.TextDegerineEsitElementeTikla is PASSED

2021-11-12 17:12:05 - [TEST_STEP][PASSED] - verifyElementNotPresent(findTestObject("Object Repository/Kullanici_Islemleri/Secenekler"), 10): Web element with id: 'Object Repository/Kullanici_Islemleri/Secenekler' located by 'By.cssSelector: .nav.navbar-nav.navbar-right li a' is not present after '10' second(s)

2021-11-12 17:12:05 - [MESSAGE][INFO] - Finding Test Object 'Object Repository/Kullanici_Islemleri/Secenekler'

2021-11-12 17:12:05 - [MESSAGE][INFO] - Checking object

2021-11-12 17:12:05 - [MESSAGE][INFO] - Checking timeout

2021-11-12 17:12:05 - [MESSAGE][INFO] - Finding web element with id: 'Object Repository/Kullanici_Islemleri/Secenekler' located by 'By.cssSelector: .nav.navbar-nav.navbar-right li a' in '10' second(s)

2021-11-12 17:12:05 - [MESSAGE][INFO] - Smart Wait Function is triggered

2021-11-12 17:12:06 - [MESSAGE][PASSED] - Web element with id: 'Object Repository/Kullanici_Islemleri/Secenekler' located by 'By.cssSelector: .nav.navbar-nav.navbar-right li a' is not present after '10' second(s)

2021-11-12 17:12:06 - [MESSAGE][PASSED] - Call Test Case 'Test Cases/Kullanici_Islemleri/KullaniciIslemlerindenSecimYapilir' successfully

2021-11-12 17:12:06 - [TEST_CASE][PASSED] - Start Test Case : SCENARIO e-Arsiv Faturasi Departman ata: SCENARIO e-Arsiv Faturasi Departman ata

2021-11-12 17:12:06 - [TEST_STEP][PASSED] - Kullanıcı adı ELOGO6 ve Şifre 123456 olarak giriş yapılır: Kullanıcı adı ELOGO6 ve Şifre 123456 olarak giriş yapılır

2021-11-12 17:12:06 - [MESSAGE][PASSED] - Kullanıcı adı ELOGO6 ve Şifre 123456 olarak giriş yapılır

2021-11-12 17:12:06 - [TEST_STEP][PASSED] - Ana menüden e-Arşiv seçilir: Ana menüden e-Arşiv seçilir

2021-11-12 17:12:06 - [MESSAGE][PASSED] - Ana menüden e-Arşiv seçilir

2021-11-12 17:12:06 - [TEST_STEP][PASSED] - Alt menü e-Arşiv Hareketleri başlığı altındaki e-Arşiv Faturaları seçilir: Alt menü e-Arşiv Hareketleri başlığı altındaki e-Arşiv Faturaları seçilir

2021-11-12 17:12:06 - [MESSAGE][PASSED] - Alt menü e-Arşiv Hareketleri başlığı altındaki e-Arşiv Faturaları seçilir

2021-11-12 17:12:06 - [TEST_STEP][PASSED] - Filtrelerden Oluşturma Tarihi filtresine 01.01.2020 baslangic degerini yaz: Filtrelerden Oluşturma Tarihi filtresine 01.01.2020 baslangic degerini yaz

2021-11-12 17:12:06 - [MESSAGE][PASSED] - Filtrelerden Oluşturma Tarihi filtresine 01.01.2020 baslangic degerini yaz

2021-11-12 17:12:06 - [TEST_STEP][PASSED] - Filtrelerden Oluşturma Tarihi filtresine 31.12.2020 bitis degerini yaz: Filtrelerden Oluşturma Tarihi filtresine 31.12.2020 bitis degerini yaz

2021-11-12 17:12:06 - [MESSAGE][PASSED] - Filtrelerden Oluşturma Tarihi filtresine 31.12.2020 bitis degerini yaz

2021-11-12 17:12:06 - [TEST_STEP][PASSED] - Filtrelerden Alıcı Ünvanı filtresine xcx cx textini yaz: Filtrelerden Alıcı Ünvanı filtresine xcx cx textini yaz

2021-11-12 17:12:06 - [MESSAGE][PASSED] - Filtrelerden Alıcı Ünvanı filtresine xcx cx textini yaz

2021-11-12 17:12:06 - [TEST_STEP][PASSED] - Filtre butonlarından Listele seçilir: Filtre butonlarından Listele seçilir

2021-11-12 17:12:06 - [MESSAGE][PASSED] - Filtre butonlarından Listele seçilir

2021-11-12 17:12:06 - [TEST_STEP][PASSED] - Tabloda veri var mı kontrol edilir: Tabloda veri var mı kontrol edilir

2021-11-12 17:12:06 - [MESSAGE][PASSED] - Tabloda veri var mı kontrol edilir

2021-11-12 17:12:06 - [TEST_STEP][PASSED] - Tablodan xcx cx isimli veri seçilir: Tablodan xcx cx isimli veri seçilir

2021-11-12 17:12:06 - [MESSAGE][PASSED] - Tablodan xcx cx isimli veri seçilir

2021-11-12 17:12:06 - [TEST_STEP][PASSED] - Butonlardan Departman Ata isimli butona tıklanır: Butonlardan Departman Ata isimli butona tıklanır

2021-11-12 17:12:06 - [MESSAGE][PASSED] - Butonlardan Departman Ata isimli butona tıklanır

2021-11-12 17:12:06 - [TEST_STEP][PASSED] - Yeni açılan sekmeye geçilir: Yeni açılan sekmeye geçilir

2021-11-12 17:12:06 - [MESSAGE][PASSED] - Yeni açılan sekmeye geçilir

2021-11-12 17:12:06 - [TEST_STEP][PASSED] - otomasyon isimli departman checkboxı seçilir: otomasyon isimli departman checkboxı seçilir

2021-11-12 17:12:06 - [MESSAGE][PASSED] - otomasyon isimli departman checkboxı seçilir

2021-11-12 17:12:06 - [TEST_STEP][PASSED] - Departman kaydedilir: Departman kaydedilir

2021-11-12 17:12:06 - [MESSAGE][PASSED] - Departman kaydedilir

2021-11-12 17:12:06 - [TEST_STEP][PASSED] - Popup mesajı Seçilen belgeler ilgili departmanlara aktarılmıştır içeriyor mu: Popup mesajı Seçilen belgeler ilgili departmanlara aktarılmıştır içeriyor mu

2021-11-12 17:12:06 - [MESSAGE][PASSED] - Popup mesajı Seçilen belgeler ilgili departmanlara aktarılmıştır içeriyor mu

2021-11-12 17:12:06 - [TEST_STEP][PASSED] - Yönetim popupında Tamam seçilir: Yönetim popupında Tamam seçilir

2021-11-12 17:12:06 - [MESSAGE][PASSED] - Yönetim popupında Tamam seçilir

2021-11-12 17:12:06 - [TEST_STEP][PASSED] - Ana sekmeye geçilir: Ana sekmeye geçilir

2021-11-12 17:12:06 - [MESSAGE][PASSED] - Ana sekmeye geçilir

2021-11-12 17:12:06 - [TEST_STEP][PASSED] - Butonlardan Departman Geri Al isimli butona tıklanır: Butonlardan Departman Geri Al isimli butona tıklanır

2021-11-12 17:12:06 - [MESSAGE][PASSED] - Butonlardan Departman Geri Al isimli butona tıklanır

2021-11-12 17:12:06 - [TEST_STEP][PASSED] - Yeni açılan sekmeye geçilir: Yeni açılan sekmeye geçilir

2021-11-12 17:12:06 - [MESSAGE][PASSED] - Yeni açılan sekmeye geçilir

2021-11-12 17:12:06 - [TEST_STEP][PASSED] - otomasyon isimli departman checkboxı seçilir: otomasyon isimli departman checkboxı seçilir

2021-11-12 17:12:06 - [MESSAGE][PASSED] - otomasyon isimli departman checkboxı seçilir

2021-11-12 17:12:06 - [TEST_STEP][PASSED] - Departman kaydedilir: Departman kaydedilir

2021-11-12 17:12:06 - [MESSAGE][PASSED] - Departman kaydedilir

2021-11-12 17:12:06 - [TEST_STEP][PASSED] - Popup mesajı Seçilen belgelerin ilgili departmanlardaki yetkisi kaldırılmıştır içeriyor mu: Popup mesajı Seçilen belgelerin ilgili departmanlardaki yetkisi kaldırılmıştır içeriyor mu

2021-11-12 17:12:06 - [MESSAGE][PASSED] - Popup mesajı Seçilen belgelerin ilgili departmanlardaki yetkisi kaldırılmıştır içeriyor mu

2021-11-12 17:12:06 - [TEST_STEP][PASSED] - Yönetim popupında Tamam seçilir: Yönetim popupında Tamam seçilir

2021-11-12 17:12:06 - [MESSAGE][PASSED] - Yönetim popupında Tamam seçilir

2021-11-12 17:12:06 - [TEST_STEP][PASSED] - Ana sekmeye geçilir: Ana sekmeye geçilir

2021-11-12 17:12:06 - [MESSAGE][PASSED] - Ana sekmeye geçilir

2021-11-12 17:12:06 - [TEST_STEP][PASSED] - Kullanıcı işlemlerinden Çıkış seçilir: Kullanıcı işlemlerinden Çıkış seçilir

2021-11-12 17:12:06 - [MESSAGE][PASSED] - Kullanıcı işlemlerinden Çıkış seçilir

2021-11-12 17:12:06 - [MESSAGE][PASSED] - Feature file: 'Include/features/e-Arsiv/e-Arsiv Hareketleri/e-Arsiv Faturalari/Departman Ata-Geri Al.feature' was passed

2021-11-12 17:12:06 - [TEST_STEP][PASSED] - Start listener action : sampleAfterTestSuite: Invoke 'com.kms.katalon.core.annotation.AfterTestCase' method: 'Listener.sampleAfterTestSuite(...)' completed.

2021-11-12 17:12:06 - [MESSAGE][INFO] - Starting invoke 'com.kms.katalon.core.annotation.AfterTestCase' method: 'Listener.sampleAfterTestSuite(...)'

2021-11-12 17:12:06 - [TEST_STEP][PASSED] - closeBrowser(): Invoke 'com.kms.katalon.core.annotation.AfterTestCase' method: 'Listener.sampleAfterTestSuite(...)' completed.

2021-11-12 17:12:06 - [MESSAGE][INFO] - Closing browser

2021-11-12 17:12:06 - [MESSAGE][PASSED] - Browser is closed

2021-11-12 17:12:06 - [MESSAGE][INFO] - Invoke 'com.kms.katalon.core.annotation.AfterTestCase' method: 'Listener.sampleAfterTestSuite(...)' completed.]]></system-out>
         <system-err><![CDATA[]]></system-err>
      </testcase>
      <testcase name="Test Cases/Case Repository/e-Arsiv/e-Arsiv Hareketleri/e-Arsiv Faturalari/Ekran Kontrolu" time="141.779" classname="Test Cases/Case Repository/e-Arsiv/e-Arsiv Hareketleri/e-Arsiv Faturalari/Ekran Kontrolu" status="PASSED">
         <system-out><![CDATA[2021-11-12 17:12:06 - [TEST_CASE][PASSED] - Test Cases/Case Repository/e-Arsiv/e-Arsiv Hareketleri/e-Arsiv Faturalari/Ekran Kontrolu: Test Cases/Case Repository/e-Arsiv/e-Arsiv Hareketleri/e-Arsiv Faturalari/Ekran Kontrolu

2021-11-12 17:12:06 - [TEST_STEP][PASSED] - Start listener action : sampleBeforeTestSuite: Invoke 'com.kms.katalon.core.annotation.BeforeTestCase' method: 'Listener.sampleBeforeTestSuite(...)' completed.

2021-11-12 17:12:06 - [MESSAGE][INFO] - Starting invoke 'com.kms.katalon.core.annotation.BeforeTestCase' method: 'Listener.sampleBeforeTestSuite(...)'

2021-11-12 17:12:06 - [TEST_STEP][PASSED] - openBrowser(baseUrl): Browser is opened with url: 'https://efatura-stage.elogo.com.tr/'

2021-11-12 17:12:06 - [MESSAGE][INFO] - Opening browser

2021-11-12 17:12:06 - [MESSAGE][INFO] - Starting 'Chrome' driver

2021-11-12 17:12:06 - [MESSAGE][INFO] - User set preference: ['prefs', '{download.default_directory=C:\otomasyondownfiles}']

2021-11-12 17:12:06 - [MESSAGE][INFO] - Action delay is set to 0 milliseconds

2021-11-12 17:12:08 - [MESSAGE][INFO] - Navigating browser to: 'https://efatura-stage.elogo.com.tr/'

2021-11-12 17:12:10 - [MESSAGE][PASSED] - Browser is opened with url: 'https://efatura-stage.elogo.com.tr/'

2021-11-12 17:12:10 - [TEST_STEP][PASSED] - maximizeWindow(): Invoke 'com.kms.katalon.core.annotation.BeforeTestCase' method: 'Listener.sampleBeforeTestSuite(...)' completed.

2021-11-12 17:12:10 - [MESSAGE][INFO] - Maximizing current window

2021-11-12 17:12:10 - [MESSAGE][PASSED] - Current window maximized

2021-11-12 17:12:10 - [MESSAGE][INFO] - Invoke 'com.kms.katalon.core.annotation.BeforeTestCase' method: 'Listener.sampleBeforeTestSuite(...)' completed.

2021-11-12 17:12:11 - [TEST_STEP][PASSED] - runFeatureFile("Include/features/e-Arsiv/e-Arsiv Hareketleri/e-Arsiv Faturalari/Ekran Kontrolu.feature"): Feature file: 'Include/features/e-Arsiv/e-Arsiv Hareketleri/e-Arsiv Faturalari/Ekran Kontrolu.feature' was passed

2021-11-12 17:12:11 - [MESSAGE][INFO] - Starting run keyword runFeatureFile: 'Include/features/e-Arsiv/e-Arsiv Hareketleri/e-Arsiv Faturalari/Ekran Kontrolu.feature' and extract report to folder: 'C:\Users\DELL\Documents\GitHub\EES_KatalonLogo\Reports\20211112_170311\Suite Repository\e-Arsiv\20211112_170317/cucumber_report/1636726331455'...

2021-11-12 17:12:11 - [MESSAGE][INFO] - Glue: []

2021-11-12 17:12:13 - [MESSAGE][INFO] - Checking called Test Case

2021-11-12 17:12:13 - [MESSAGE][INFO] - Starting to call Test Case 'Test Cases/Sayfalar/Giris_Sayfasi/Login'

2021-11-12 17:12:13 - [TEST_CASE][PASSED] - Test Cases/Sayfalar/Giris_Sayfasi/Login: Test Cases/Sayfalar/Giris_Sayfasi/Login

2021-11-12 17:12:13 - [TEST_STEP][PASSED] - Sayfa_Basligi = getWindowTitle(): Current window's title is: 'LOGO e-Fatura'

2021-11-12 17:12:13 - [MESSAGE][INFO] - Getting current window's title

2021-11-12 17:12:13 - [MESSAGE][PASSED] - Current window's title is: 'LOGO e-Fatura'

2021-11-12 17:12:13 - [TEST_STEP][PASSED] - verifyMatch(Sayfa_Basligi, "LOGO e-Fatura", false): Actual text 'LOGO e-Fatura' and expected text 'LOGO e-Fatura' are matched 

2021-11-12 17:12:13 - [MESSAGE][INFO] - Matching actual text 'LOGO e-Fatura' with expected text 'LOGO e-Fatura'

2021-11-12 17:12:13 - [MESSAGE][PASSED] - Actual text 'LOGO e-Fatura' and expected text 'LOGO e-Fatura' are matched 

2021-11-12 17:12:13 - [TEST_STEP][PASSED] - sendKeys(findTestObject("Sayfalar/Giris_Sayfasi/Firma_Kodu"), KullaniciAdi): Keys 'ELOGO6' sent to object: 'Object Repository/Sayfalar/Giris_Sayfasi/Firma_Kodu'

2021-11-12 17:12:13 - [MESSAGE][INFO] - Finding Test Object 'Object Repository/Sayfalar/Giris_Sayfasi/Firma_Kodu'

2021-11-12 17:12:13 - [MESSAGE][INFO] - Sending keys 'ELOGO6' to object: 'Object Repository/Sayfalar/Giris_Sayfasi/Firma_Kodu'

2021-11-12 17:12:13 - [MESSAGE][INFO] - Finding web element from Test Object's properties

2021-11-12 17:12:13 - [MESSAGE][INFO] - Checking timeout

2021-11-12 17:12:13 - [MESSAGE][INFO] - Finding web element with id: 'Object Repository/Sayfalar/Giris_Sayfasi/Firma_Kodu' located by 'By.xpath: //*[@id = 'AccountName']' in '30' second(s)

2021-11-12 17:12:13 - [MESSAGE][INFO] - Smart Wait Function is triggered

2021-11-12 17:12:13 - [MESSAGE][INFO] - Found 1 web elements with id: 'Object Repository/Sayfalar/Giris_Sayfasi/Firma_Kodu' located by 'By.xpath: //*[@id = 'AccountName']' in '30' second(s)

2021-11-12 17:12:13 - [MESSAGE][PASSED] - Keys 'ELOGO6' sent to object: 'Object Repository/Sayfalar/Giris_Sayfasi/Firma_Kodu'

2021-11-12 17:12:13 - [TEST_STEP][PASSED] - sendKeys(findTestObject("Sayfalar/Giris_Sayfasi/Sifre"), Sifre): Keys '123456' sent to object: 'Object Repository/Sayfalar/Giris_Sayfasi/Sifre'

2021-11-12 17:12:13 - [MESSAGE][INFO] - Finding Test Object 'Object Repository/Sayfalar/Giris_Sayfasi/Sifre'

2021-11-12 17:12:14 - [MESSAGE][INFO] - Sending keys '123456' to object: 'Object Repository/Sayfalar/Giris_Sayfasi/Sifre'

2021-11-12 17:12:14 - [MESSAGE][INFO] - Finding web element from Test Object's properties

2021-11-12 17:12:14 - [MESSAGE][INFO] - Checking timeout

2021-11-12 17:12:14 - [MESSAGE][INFO] - Finding web element with id: 'Object Repository/Sayfalar/Giris_Sayfasi/Sifre' located by 'By.xpath: //*[@id = 'Password']' in '30' second(s)

2021-11-12 17:12:14 - [MESSAGE][INFO] - Smart Wait Function is triggered

2021-11-12 17:12:14 - [MESSAGE][INFO] - Found 1 web elements with id: 'Object Repository/Sayfalar/Giris_Sayfasi/Sifre' located by 'By.xpath: //*[@id = 'Password']' in '30' second(s)

2021-11-12 17:12:14 - [MESSAGE][PASSED] - Keys '123456' sent to object: 'Object Repository/Sayfalar/Giris_Sayfasi/Sifre'

2021-11-12 17:12:14 - [TEST_STEP][PASSED] - findWebElement(findTestObject("Sayfalar/Giris_Sayfasi/Giris_Butonu")).click(): Found 1 web elements with id: 'Object Repository/Sayfalar/Giris_Sayfasi/Giris_Butonu' located by 'By.cssSelector: #btnLogin' in '30' second(s)

2021-11-12 17:12:14 - [MESSAGE][INFO] - Finding Test Object 'Object Repository/Sayfalar/Giris_Sayfasi/Giris_Butonu'

2021-11-12 17:12:14 - [MESSAGE][INFO] - Finding web element from Test Object's properties

2021-11-12 17:12:14 - [MESSAGE][INFO] - Checking timeout

2021-11-12 17:12:14 - [MESSAGE][INFO] - Finding web element with id: 'Object Repository/Sayfalar/Giris_Sayfasi/Giris_Butonu' located by 'By.cssSelector: #btnLogin' in '30' second(s)

2021-11-12 17:12:14 - [MESSAGE][INFO] - Smart Wait Function is triggered

2021-11-12 17:12:14 - [MESSAGE][INFO] - Found 1 web elements with id: 'Object Repository/Sayfalar/Giris_Sayfasi/Giris_Butonu' located by 'By.cssSelector: #btnLogin' in '30' second(s)

2021-11-12 17:12:17 - [TEST_STEP][PASSED] - if (verifyElementPresent(findTestObject("Object Repository/Sayfalar/Giris_Sayfasi/RetveTamam_Butonu"), 5, OPTIONAL)): null

2021-11-12 17:12:17 - [MESSAGE][INFO] - Finding Test Object 'Object Repository/Sayfalar/Giris_Sayfasi/RetveTamam_Butonu'

2021-11-12 17:12:17 - [MESSAGE][INFO] - Checking object

2021-11-12 17:12:17 - [MESSAGE][INFO] - Finding web element from Test Object's properties

2021-11-12 17:12:17 - [MESSAGE][INFO] - Checking timeout

2021-11-12 17:12:17 - [MESSAGE][INFO] - Finding web element with id: 'Object Repository/Sayfalar/Giris_Sayfasi/RetveTamam_Butonu' located by 'By.xpath: //*[@class = 'btn btn-default']' in '5' second(s)

2021-11-12 17:12:17 - [MESSAGE][INFO] - Smart Wait Function is triggered

2021-11-12 17:12:17 - [MESSAGE][INFO] - Found 1 web elements with id: 'Object Repository/Sayfalar/Giris_Sayfasi/RetveTamam_Butonu' located by 'By.xpath: //*[@class = 'btn btn-default']' in '5' second(s)

2021-11-12 17:12:17 - [MESSAGE][PASSED] - Object 'Object Repository/Sayfalar/Giris_Sayfasi/RetveTamam_Butonu' is present

2021-11-12 17:12:17 - [TEST_STEP][PASSED] - click(findTestObject("Object Repository/Sayfalar/Giris_Sayfasi/RetveTamam_Butonu")): Object: 'Object Repository/Sayfalar/Giris_Sayfasi/RetveTamam_Butonu' is clicked on

2021-11-12 17:12:17 - [MESSAGE][INFO] - Finding Test Object 'Object Repository/Sayfalar/Giris_Sayfasi/RetveTamam_Butonu'

2021-11-12 17:12:17 - [MESSAGE][INFO] - Checking object

2021-11-12 17:12:17 - [MESSAGE][INFO] - Finding web element from Test Object's properties

2021-11-12 17:12:17 - [MESSAGE][INFO] - Checking timeout

2021-11-12 17:12:17 - [MESSAGE][INFO] - Finding web element with id: 'Object Repository/Sayfalar/Giris_Sayfasi/RetveTamam_Butonu' located by 'By.xpath: //*[@class = 'btn btn-default']' in '30' second(s)

2021-11-12 17:12:17 - [MESSAGE][INFO] - Smart Wait Function is triggered

2021-11-12 17:12:18 - [MESSAGE][INFO] - Found 1 web elements with id: 'Object Repository/Sayfalar/Giris_Sayfasi/RetveTamam_Butonu' located by 'By.xpath: //*[@class = 'btn btn-default']' in '30' second(s)

2021-11-12 17:12:18 - [MESSAGE][INFO] - Clicking on object: 'Object Repository/Sayfalar/Giris_Sayfasi/RetveTamam_Butonu'

2021-11-12 17:12:18 - [MESSAGE][PASSED] - Object: 'Object Repository/Sayfalar/Giris_Sayfasi/RetveTamam_Butonu' is clicked on

2021-11-12 17:12:18 - [TEST_STEP][PASSED] - click(findTestObject("Object Repository/Sayfalar/Giris_Sayfasi/RetveTamam_Butonu")): Object: 'Object Repository/Sayfalar/Giris_Sayfasi/RetveTamam_Butonu' is clicked on

2021-11-12 17:12:18 - [MESSAGE][INFO] - Finding Test Object 'Object Repository/Sayfalar/Giris_Sayfasi/RetveTamam_Butonu'

2021-11-12 17:12:18 - [MESSAGE][INFO] - Checking object

2021-11-12 17:12:18 - [MESSAGE][INFO] - Finding web element from Test Object's properties

2021-11-12 17:12:18 - [MESSAGE][INFO] - Checking timeout

2021-11-12 17:12:18 - [MESSAGE][INFO] - Finding web element with id: 'Object Repository/Sayfalar/Giris_Sayfasi/RetveTamam_Butonu' located by 'By.xpath: //*[@class = 'btn btn-default']' in '30' second(s)

2021-11-12 17:12:18 - [MESSAGE][INFO] - Smart Wait Function is triggered

2021-11-12 17:12:23 - [MESSAGE][INFO] - Found 1 web elements with id: 'Object Repository/Sayfalar/Giris_Sayfasi/RetveTamam_Butonu' located by 'By.xpath: //*[@class = 'btn btn-default']' in '30' second(s)

2021-11-12 17:12:23 - [MESSAGE][INFO] - Clicking on object: 'Object Repository/Sayfalar/Giris_Sayfasi/RetveTamam_Butonu'

2021-11-12 17:12:23 - [MESSAGE][PASSED] - Object: 'Object Repository/Sayfalar/Giris_Sayfasi/RetveTamam_Butonu' is clicked on

2021-11-12 17:12:23 - [TEST_STEP][PASSED] - if (verifyElementPresent(findTestObject("Sayfalar/Giris_Sayfasi/PopupOK"), 5, OPTIONAL)): null

2021-11-12 17:12:23 - [MESSAGE][INFO] - Finding Test Object 'Object Repository/Sayfalar/Giris_Sayfasi/PopupOK'

2021-11-12 17:12:24 - [MESSAGE][INFO] - Checking object

2021-11-12 17:12:24 - [MESSAGE][INFO] - Finding web element from Test Object's properties

2021-11-12 17:12:24 - [MESSAGE][INFO] - Checking timeout

2021-11-12 17:12:24 - [MESSAGE][INFO] - Finding web element with id: 'Object Repository/Sayfalar/Giris_Sayfasi/PopupOK' located by 'By.cssSelector: .btn.btn-success' in '5' second(s)

2021-11-12 17:12:24 - [MESSAGE][INFO] - Smart Wait Function is triggered

2021-11-12 17:12:24 - [MESSAGE][INFO] - Found 1 web elements with id: 'Object Repository/Sayfalar/Giris_Sayfasi/PopupOK' located by 'By.cssSelector: .btn.btn-success' in '5' second(s)

2021-11-12 17:12:24 - [MESSAGE][PASSED] - Object 'Object Repository/Sayfalar/Giris_Sayfasi/PopupOK' is present

2021-11-12 17:12:24 - [TEST_STEP][PASSED] - click(findTestObject("Object Repository/Sayfalar/Giris_Sayfasi/PopupCarpiGiris")): Object: 'Object Repository/Sayfalar/Giris_Sayfasi/PopupCarpiGiris' is clicked on

2021-11-12 17:12:24 - [MESSAGE][INFO] - Finding Test Object 'Object Repository/Sayfalar/Giris_Sayfasi/PopupCarpiGiris'

2021-11-12 17:12:24 - [MESSAGE][INFO] - Checking object

2021-11-12 17:12:24 - [MESSAGE][INFO] - Finding web element from Test Object's properties

2021-11-12 17:12:24 - [MESSAGE][INFO] - Checking timeout

2021-11-12 17:12:24 - [MESSAGE][INFO] - Finding web element with id: 'Object Repository/Sayfalar/Giris_Sayfasi/PopupCarpiGiris' located by 'By.cssSelector: .bootbox-close-button.close' in '30' second(s)

2021-11-12 17:12:24 - [MESSAGE][INFO] - Smart Wait Function is triggered

2021-11-12 17:12:25 - [MESSAGE][INFO] - Found 1 web elements with id: 'Object Repository/Sayfalar/Giris_Sayfasi/PopupCarpiGiris' located by 'By.cssSelector: .bootbox-close-button.close' in '30' second(s)

2021-11-12 17:12:25 - [MESSAGE][INFO] - Clicking on object: 'Object Repository/Sayfalar/Giris_Sayfasi/PopupCarpiGiris'

2021-11-12 17:12:25 - [MESSAGE][PASSED] - Object: 'Object Repository/Sayfalar/Giris_Sayfasi/PopupCarpiGiris' is clicked on

2021-11-12 17:12:25 - [TEST_STEP][PASSED] - verifyElementVisible(findTestObject("Object Repository/Kullanici_Islemleri/KullaniciIslemleri")): Object 'Object Repository/Kullanici_Islemleri/KullaniciIslemleri' is visible

2021-11-12 17:12:25 - [MESSAGE][INFO] - Finding Test Object 'Object Repository/Kullanici_Islemleri/KullaniciIslemleri'

2021-11-12 17:12:25 - [MESSAGE][INFO] - Checking object

2021-11-12 17:12:25 - [MESSAGE][INFO] - Finding web element from Test Object's properties

2021-11-12 17:12:25 - [MESSAGE][INFO] - Checking timeout

2021-11-12 17:12:25 - [MESSAGE][INFO] - Finding web element with id: 'Object Repository/Kullanici_Islemleri/KullaniciIslemleri' located by 'By.cssSelector: .dropdown>a>img' in '30' second(s)

2021-11-12 17:12:25 - [MESSAGE][INFO] - Smart Wait Function is triggered

2021-11-12 17:12:26 - [MESSAGE][INFO] - Found 1 web elements with id: 'Object Repository/Kullanici_Islemleri/KullaniciIslemleri' located by 'By.cssSelector: .dropdown>a>img' in '30' second(s)

2021-11-12 17:12:26 - [MESSAGE][PASSED] - Object 'Object Repository/Kullanici_Islemleri/KullaniciIslemleri' is visible

2021-11-12 17:12:26 - [MESSAGE][PASSED] - Call Test Case 'Test Cases/Sayfalar/Giris_Sayfasi/Login' successfully

2021-11-12 17:12:26 - [MESSAGE][INFO] - Checking called Test Case

2021-11-12 17:12:26 - [MESSAGE][INFO] - Starting to call Test Case 'Test Cases/Menu/AnaMenuSecimi'

2021-11-12 17:12:26 - [TEST_CASE][PASSED] - Test Cases/Menu/AnaMenuSecimi: Test Cases/Menu/AnaMenuSecimi

2021-11-12 17:12:26 - [TEST_STEP][PASSED] - Method.TextDegerineEsitElementeTikla(findTestObject("Menu/Ana_Menu"), Ana_Menu): Method.TextDegerineEsitElementeTikla is PASSED

2021-11-12 17:12:26 - [MESSAGE][INFO] - Finding Test Object 'Object Repository/Menu/Ana_Menu'

2021-11-12 17:12:26 - [MESSAGE][INFO] - Checking timeout

2021-11-12 17:12:26 - [MESSAGE][INFO] - Finding web element with id: 'Object Repository/Menu/Ana_Menu' located by 'By.xpath: //*[@class = 'dropdown-toggle']' in '10' second(s)

2021-11-12 17:12:26 - [MESSAGE][INFO] - Smart Wait Function is triggered

2021-11-12 17:12:26 - [MESSAGE][INFO] - Found 14 web elements with id: 'Object Repository/Menu/Ana_Menu' located by 'By.xpath: //*[@class = 'dropdown-toggle']' in '10' second(s)

2021-11-12 17:12:26 - [MESSAGE][PASSED] - Method.TextDegerineEsitElementeTikla is PASSED

2021-11-12 17:12:26 - [MESSAGE][PASSED] - Call Test Case 'Test Cases/Menu/AnaMenuSecimi' successfully

2021-11-12 17:12:26 - [MESSAGE][INFO] - Checking called Test Case

2021-11-12 17:12:26 - [MESSAGE][INFO] - Starting to call Test Case 'Test Cases/Menu/BasligaGoreAltMenuSecimi'

2021-11-12 17:12:26 - [TEST_CASE][PASSED] - Test Cases/Menu/BasligaGoreAltMenuSecimi: Test Cases/Menu/BasligaGoreAltMenuSecimi

2021-11-12 17:12:26 - [TEST_STEP][PASSED] - Method.TextDegerineEsitElementinAltindakiTextDegerineEsitOlanaTikla(findTestObject("Menu/Menu_Basligi"), findTestObject("Menu/Basliga_Gore_Alt_Menu"), Baslik, Alt_Menu): Method.TextDegerineEsitElementinAltindakiTextDegerineEsitOlanaTikla is PASSED

2021-11-12 17:12:26 - [MESSAGE][INFO] - Finding Test Object 'Object Repository/Menu/Menu_Basligi'

2021-11-12 17:12:26 - [MESSAGE][INFO] - Finding Test Object 'Object Repository/Menu/Basliga_Gore_Alt_Menu'

2021-11-12 17:12:26 - [MESSAGE][INFO] - Checking timeout

2021-11-12 17:12:26 - [MESSAGE][INFO] - Finding web element with id: 'Object Repository/Menu/Menu_Basligi' located by 'By.xpath: //li[@class='dropdown dropdown-large open']//li[@class='dropdown-header']' in '10' second(s)

2021-11-12 17:12:26 - [MESSAGE][INFO] - Smart Wait Function is triggered

2021-11-12 17:12:27 - [MESSAGE][INFO] - Found 2 web elements with id: 'Object Repository/Menu/Menu_Basligi' located by 'By.xpath: //li[@class='dropdown dropdown-large open']//li[@class='dropdown-header']' in '10' second(s)

2021-11-12 17:12:27 - [MESSAGE][INFO] - Smart Wait Function is triggered

2021-11-12 17:12:30 - [MESSAGE][PASSED] - Method.TextDegerineEsitElementinAltindakiTextDegerineEsitOlanaTikla is PASSED

2021-11-12 17:12:30 - [MESSAGE][PASSED] - Call Test Case 'Test Cases/Menu/BasligaGoreAltMenuSecimi' successfully

2021-11-12 17:12:30 - [MESSAGE][INFO] - Checking called Test Case

2021-11-12 17:12:30 - [MESSAGE][INFO] - Starting to call Test Case 'Test Cases/Filtreler/BaslangicYaz'

2021-11-12 17:12:30 - [TEST_CASE][PASSED] - Test Cases/Filtreler/BaslangicYaz: Test Cases/Filtreler/BaslangicYaz

2021-11-12 17:12:30 - [TEST_STEP][PASSED] - Method.TextDegerineEsitElementinAltindakineTikla(findTestObject("Filtreler/Basliklar"), findTestObject("Filtreler/Basliga_Gore_Baslangic_Image"), Filtre_Adi): Method.TextDegerineEsitElementinAltindakineTikla is PASSED

2021-11-12 17:12:30 - [MESSAGE][INFO] - Finding Test Object 'Object Repository/Filtreler/Basliklar'

2021-11-12 17:12:30 - [MESSAGE][INFO] - Finding Test Object 'Object Repository/Filtreler/Basliga_Gore_Baslangic_Image'

2021-11-12 17:12:30 - [MESSAGE][INFO] - Checking timeout

2021-11-12 17:12:30 - [MESSAGE][INFO] - Finding web element with id: 'Object Repository/Filtreler/Basliklar' located by 'By.cssSelector: .control-label.col-sm-4.paddingMarginRLC' in '10' second(s)

2021-11-12 17:12:30 - [MESSAGE][INFO] - Smart Wait Function is triggered

2021-11-12 17:12:30 - [MESSAGE][INFO] - Found 19 web elements with id: 'Object Repository/Filtreler/Basliklar' located by 'By.cssSelector: .control-label.col-sm-4.paddingMarginRLC' in '10' second(s)

2021-11-12 17:12:30 - [MESSAGE][INFO] - Smart Wait Function is triggered

2021-11-12 17:12:31 - [MESSAGE][PASSED] - Method.TextDegerineEsitElementinAltindakineTikla is PASSED

2021-11-12 17:12:31 - [TEST_STEP][PASSED] - Method.TextDegerineEsitElementinAltindakiTextboxtaYaz(findTestObject("Filtreler/Basliklar"), findTestObject("Filtreler/Basliga_Gore_Baslangic"), Filtre_Adi, Filtre_Degeri): Method.TextDegerineEsitElementinAltindakiTextboxtaYaz is PASSED

2021-11-12 17:12:31 - [MESSAGE][INFO] - Finding Test Object 'Object Repository/Filtreler/Basliklar'

2021-11-12 17:12:31 - [MESSAGE][INFO] - Finding Test Object 'Object Repository/Filtreler/Basliga_Gore_Baslangic'

2021-11-12 17:12:31 - [MESSAGE][INFO] - Checking timeout

2021-11-12 17:12:31 - [MESSAGE][INFO] - Finding web element with id: 'Object Repository/Filtreler/Basliklar' located by 'By.cssSelector: .control-label.col-sm-4.paddingMarginRLC' in '10' second(s)

2021-11-12 17:12:31 - [MESSAGE][INFO] - Smart Wait Function is triggered

2021-11-12 17:12:31 - [MESSAGE][INFO] - Found 19 web elements with id: 'Object Repository/Filtreler/Basliklar' located by 'By.cssSelector: .control-label.col-sm-4.paddingMarginRLC' in '10' second(s)

2021-11-12 17:12:31 - [MESSAGE][INFO] - Smart Wait Function is triggered

2021-11-12 17:12:32 - [MESSAGE][PASSED] - Method.TextDegerineEsitElementinAltindakiTextboxtaYaz is PASSED

2021-11-12 17:12:32 - [MESSAGE][PASSED] - Call Test Case 'Test Cases/Filtreler/BaslangicYaz' successfully

2021-11-12 17:12:32 - [MESSAGE][INFO] - Checking called Test Case

2021-11-12 17:12:32 - [MESSAGE][INFO] - Starting to call Test Case 'Test Cases/Filtreler/BitisYaz'

2021-11-12 17:12:32 - [TEST_CASE][PASSED] - Test Cases/Filtreler/BitisYaz: Test Cases/Filtreler/BitisYaz

2021-11-12 17:12:32 - [TEST_STEP][PASSED] - Method.TextDegerineEsitElementinAltindakineTikla(findTestObject("Filtreler/Basliklar"), findTestObject("Filtreler/Basliga_Gore_Bitis_Image"), Filtre_Adi): Method.TextDegerineEsitElementinAltindakineTikla is PASSED

2021-11-12 17:12:32 - [MESSAGE][INFO] - Finding Test Object 'Object Repository/Filtreler/Basliklar'

2021-11-12 17:12:32 - [MESSAGE][INFO] - Finding Test Object 'Object Repository/Filtreler/Basliga_Gore_Bitis_Image'

2021-11-12 17:12:33 - [MESSAGE][INFO] - Checking timeout

2021-11-12 17:12:33 - [MESSAGE][INFO] - Finding web element with id: 'Object Repository/Filtreler/Basliklar' located by 'By.cssSelector: .control-label.col-sm-4.paddingMarginRLC' in '10' second(s)

2021-11-12 17:12:33 - [MESSAGE][INFO] - Smart Wait Function is triggered

2021-11-12 17:12:33 - [MESSAGE][INFO] - Found 19 web elements with id: 'Object Repository/Filtreler/Basliklar' located by 'By.cssSelector: .control-label.col-sm-4.paddingMarginRLC' in '10' second(s)

2021-11-12 17:12:33 - [MESSAGE][INFO] - Smart Wait Function is triggered

2021-11-12 17:12:33 - [MESSAGE][PASSED] - Method.TextDegerineEsitElementinAltindakineTikla is PASSED

2021-11-12 17:12:33 - [TEST_STEP][PASSED] - Method.TextDegerineEsitElementinAltindakiTextboxtaYaz(findTestObject("Filtreler/Basliklar"), findTestObject("Object Repository/Filtreler/Basliga_Gore_Bitis"), Filtre_Adi, Filtre_Degeri): Method.TextDegerineEsitElementinAltindakiTextboxtaYaz is PASSED

2021-11-12 17:12:33 - [MESSAGE][INFO] - Finding Test Object 'Object Repository/Filtreler/Basliklar'

2021-11-12 17:12:34 - [MESSAGE][INFO] - Finding Test Object 'Object Repository/Filtreler/Basliga_Gore_Bitis'

2021-11-12 17:12:34 - [MESSAGE][INFO] - Checking timeout

2021-11-12 17:12:34 - [MESSAGE][INFO] - Finding web element with id: 'Object Repository/Filtreler/Basliklar' located by 'By.cssSelector: .control-label.col-sm-4.paddingMarginRLC' in '10' second(s)

2021-11-12 17:12:34 - [MESSAGE][INFO] - Smart Wait Function is triggered

2021-11-12 17:12:34 - [MESSAGE][INFO] - Found 19 web elements with id: 'Object Repository/Filtreler/Basliklar' located by 'By.cssSelector: .control-label.col-sm-4.paddingMarginRLC' in '10' second(s)

2021-11-12 17:12:34 - [MESSAGE][INFO] - Smart Wait Function is triggered

2021-11-12 17:12:35 - [MESSAGE][PASSED] - Method.TextDegerineEsitElementinAltindakiTextboxtaYaz is PASSED

2021-11-12 17:12:35 - [MESSAGE][PASSED] - Call Test Case 'Test Cases/Filtreler/BitisYaz' successfully

2021-11-12 17:12:35 - [MESSAGE][INFO] - Checking called Test Case

2021-11-12 17:12:35 - [MESSAGE][INFO] - Starting to call Test Case 'Test Cases/Filtreler/ButonaTikla'

2021-11-12 17:12:35 - [TEST_CASE][PASSED] - Test Cases/Filtreler/ButonaTikla: Test Cases/Filtreler/ButonaTikla

2021-11-12 17:12:35 - [TEST_STEP][PASSED] - Method.TextDegerineEsitElementeTikla(findTestObject("Filtreler/Butonlar"), Filtre_Buton): Method.TextDegerineEsitElementeTikla is PASSED

2021-11-12 17:12:35 - [MESSAGE][INFO] - Finding Test Object 'Object Repository/Filtreler/Butonlar'

2021-11-12 17:12:35 - [MESSAGE][INFO] - Checking timeout

2021-11-12 17:12:35 - [MESSAGE][INFO] - Finding web element with id: 'Object Repository/Filtreler/Butonlar' located by 'By.cssSelector: .dxb>span' in '10' second(s)

2021-11-12 17:12:35 - [MESSAGE][INFO] - Smart Wait Function is triggered

2021-11-12 17:12:35 - [MESSAGE][INFO] - Found 3 web elements with id: 'Object Repository/Filtreler/Butonlar' located by 'By.cssSelector: .dxb>span' in '10' second(s)

2021-11-12 17:12:36 - [MESSAGE][PASSED] - Method.TextDegerineEsitElementeTikla is PASSED

2021-11-12 17:12:36 - [MESSAGE][PASSED] - Call Test Case 'Test Cases/Filtreler/ButonaTikla' successfully

2021-11-12 17:12:36 - [MESSAGE][INFO] - Checking called Test Case

2021-11-12 17:12:36 - [MESSAGE][INFO] - Starting to call Test Case 'Test Cases/Tablo/TablodakiVeriDetayi'

2021-11-12 17:12:36 - [TEST_CASE][PASSED] - Test Cases/Tablo/TablodakiVeriDetayi: Test Cases/Tablo/TablodakiVeriDetayi

2021-11-12 17:12:36 - [TEST_STEP][PASSED] - Method.TextDegerineEsitElementinAltindakineTikla(findTestObject("Tablo/Veriler"), findTestObject("Object Repository/Tablo/VerininArtiButonu"), Veri_Adi): Method.TextDegerineEsitElementinAltindakineTikla is PASSED

2021-11-12 17:12:36 - [MESSAGE][INFO] - Finding Test Object 'Object Repository/Tablo/Veriler'

2021-11-12 17:12:37 - [MESSAGE][INFO] - Finding Test Object 'Object Repository/Tablo/VerininArtiButonu'

2021-11-12 17:12:37 - [MESSAGE][INFO] - Checking timeout

2021-11-12 17:12:37 - [MESSAGE][INFO] - Finding web element with id: 'Object Repository/Tablo/Veriler' located by 'By.cssSelector: td.dxgv b ,td.dxgv' in '10' second(s)

2021-11-12 17:12:37 - [MESSAGE][INFO] - Smart Wait Function is triggered

2021-11-12 17:12:37 - [MESSAGE][INFO] - Found 220 web elements with id: 'Object Repository/Tablo/Veriler' located by 'By.cssSelector: td.dxgv b ,td.dxgv' in '10' second(s)

2021-11-12 17:12:37 - [MESSAGE][INFO] - Smart Wait Function is triggered

2021-11-12 17:12:38 - [MESSAGE][PASSED] - Method.TextDegerineEsitElementinAltindakineTikla is PASSED

2021-11-12 17:12:38 - [MESSAGE][PASSED] - Call Test Case 'Test Cases/Tablo/TablodakiVeriDetayi' successfully

2021-11-12 17:12:38 - [MESSAGE][INFO] - Checking called Test Case

2021-11-12 17:12:38 - [MESSAGE][INFO] - Starting to call Test Case 'Test Cases/Tablo/TablodakiVeriDetayi'

2021-11-12 17:12:38 - [TEST_CASE][PASSED] - Test Cases/Tablo/TablodakiVeriDetayi: Test Cases/Tablo/TablodakiVeriDetayi

2021-11-12 17:12:38 - [TEST_STEP][PASSED] - Method.TextDegerineEsitElementinAltindakineTikla(findTestObject("Tablo/Veriler"), findTestObject("Object Repository/Tablo/VerininArtiButonu"), Veri_Adi): Method.TextDegerineEsitElementinAltindakineTikla is PASSED

2021-11-12 17:12:38 - [MESSAGE][INFO] - Finding Test Object 'Object Repository/Tablo/Veriler'

2021-11-12 17:12:38 - [MESSAGE][INFO] - Finding Test Object 'Object Repository/Tablo/VerininArtiButonu'

2021-11-12 17:12:38 - [MESSAGE][INFO] - Checking timeout

2021-11-12 17:12:38 - [MESSAGE][INFO] - Finding web element with id: 'Object Repository/Tablo/Veriler' located by 'By.cssSelector: td.dxgv b ,td.dxgv' in '10' second(s)

2021-11-12 17:12:38 - [MESSAGE][INFO] - Smart Wait Function is triggered

2021-11-12 17:12:38 - [MESSAGE][INFO] - Found 222 web elements with id: 'Object Repository/Tablo/Veriler' located by 'By.cssSelector: td.dxgv b ,td.dxgv' in '10' second(s)

2021-11-12 17:12:38 - [MESSAGE][INFO] - Smart Wait Function is triggered

2021-11-12 17:12:39 - [MESSAGE][PASSED] - Method.TextDegerineEsitElementinAltindakineTikla is PASSED

2021-11-12 17:12:39 - [MESSAGE][PASSED] - Call Test Case 'Test Cases/Tablo/TablodakiVeriDetayi' successfully

2021-11-12 17:12:39 - [MESSAGE][INFO] - Checking called Test Case

2021-11-12 17:12:39 - [MESSAGE][INFO] - Starting to call Test Case 'Test Cases/Filtreler/ListelenenOgeSayisi'

2021-11-12 17:12:39 - [TEST_CASE][PASSED] - Test Cases/Filtreler/ListelenenOgeSayisi: Test Cases/Filtreler/ListelenenOgeSayisi

2021-11-12 17:12:40 - [TEST_STEP][PASSED] - waitForElementPresent(findTestObject("Filtreler/OgeSayisi"), 10): Object 'Object Repository/Filtreler/OgeSayisi' is present

2021-11-12 17:12:40 - [MESSAGE][INFO] - Finding Test Object 'Object Repository/Filtreler/OgeSayisi'

2021-11-12 17:12:40 - [MESSAGE][INFO] - Checking object

2021-11-12 17:12:40 - [MESSAGE][INFO] - Finding web element from Test Object's properties

2021-11-12 17:12:40 - [MESSAGE][INFO] - Checking timeout

2021-11-12 17:12:40 - [MESSAGE][INFO] - Finding web element with id: 'Object Repository/Filtreler/OgeSayisi' located by 'By.cssSelector: .dxp-lead.dxp-summary' in '10' second(s)

2021-11-12 17:12:40 - [MESSAGE][INFO] - Smart Wait Function is triggered

2021-11-12 17:12:40 - [MESSAGE][INFO] - Found 1 web elements with id: 'Object Repository/Filtreler/OgeSayisi' located by 'By.cssSelector: .dxp-lead.dxp-summary' in '10' second(s)

2021-11-12 17:12:40 - [MESSAGE][PASSED] - Object 'Object Repository/Filtreler/OgeSayisi' is present

2021-11-12 17:12:40 - [TEST_STEP][PASSED] - verifyElementText(findTestObject("Filtreler/OgeSayisi"), OgeSayisi): Actual text and expected text of test object 'Object Repository/Filtreler/OgeSayisi' are matched.

2021-11-12 17:12:40 - [MESSAGE][INFO] - Finding Test Object 'Object Repository/Filtreler/OgeSayisi'

2021-11-12 17:12:40 - [MESSAGE][INFO] - Checking object

2021-11-12 17:12:40 - [MESSAGE][INFO] - Finding web element from Test Object's properties

2021-11-12 17:12:40 - [MESSAGE][INFO] - Checking timeout

2021-11-12 17:12:40 - [MESSAGE][INFO] - Finding web element with id: 'Object Repository/Filtreler/OgeSayisi' located by 'By.cssSelector: .dxp-lead.dxp-summary' in '30' second(s)

2021-11-12 17:12:40 - [MESSAGE][INFO] - Smart Wait Function is triggered

2021-11-12 17:12:41 - [MESSAGE][INFO] - Found 1 web elements with id: 'Object Repository/Filtreler/OgeSayisi' located by 'By.cssSelector: .dxp-lead.dxp-summary' in '30' second(s)

2021-11-12 17:12:41 - [MESSAGE][PASSED] - Actual text and expected text of test object 'Object Repository/Filtreler/OgeSayisi' are matched.

2021-11-12 17:12:41 - [MESSAGE][PASSED] - Call Test Case 'Test Cases/Filtreler/ListelenenOgeSayisi' successfully

2021-11-12 17:12:41 - [MESSAGE][INFO] - Checking called Test Case

2021-11-12 17:12:41 - [MESSAGE][INFO] - Starting to call Test Case 'Test Cases/Filtreler/DropdownSec'

2021-11-12 17:12:41 - [TEST_CASE][PASSED] - Test Cases/Filtreler/DropdownSec: Test Cases/Filtreler/DropdownSec

2021-11-12 17:12:41 - [TEST_STEP][PASSED] - Method.TextDegerineEsitElementinAltindakineTikla(findTestObject("Filtreler/Basliklar"), findTestObject("Filtreler/Basliga_Gore_Baslangic_Image"), Filtre_Adi): Method.TextDegerineEsitElementinAltindakineTikla is PASSED

2021-11-12 17:12:41 - [MESSAGE][INFO] - Finding Test Object 'Object Repository/Filtreler/Basliklar'

2021-11-12 17:12:41 - [MESSAGE][INFO] - Finding Test Object 'Object Repository/Filtreler/Basliga_Gore_Baslangic_Image'

2021-11-12 17:12:42 - [MESSAGE][INFO] - Checking timeout

2021-11-12 17:12:42 - [MESSAGE][INFO] - Finding web element with id: 'Object Repository/Filtreler/Basliklar' located by 'By.cssSelector: .control-label.col-sm-4.paddingMarginRLC' in '10' second(s)

2021-11-12 17:12:42 - [MESSAGE][INFO] - Smart Wait Function is triggered

2021-11-12 17:12:42 - [MESSAGE][INFO] - Found 19 web elements with id: 'Object Repository/Filtreler/Basliklar' located by 'By.cssSelector: .control-label.col-sm-4.paddingMarginRLC' in '10' second(s)

2021-11-12 17:12:42 - [MESSAGE][INFO] - Smart Wait Function is triggered

2021-11-12 17:12:42 - [MESSAGE][PASSED] - Method.TextDegerineEsitElementinAltindakineTikla is PASSED

2021-11-12 17:12:42 - [TEST_STEP][PASSED] - Method.TextDegerineEsitElementeTikla(findTestObject("Object Repository/Filtreler/Basliga_Gore_Dropdown"), Filtre_Degeri): Method.TextDegerineEsitElementeTikla is PASSED

2021-11-12 17:12:42 - [MESSAGE][INFO] - Finding Test Object 'Object Repository/Filtreler/Basliga_Gore_Dropdown'

2021-11-12 17:12:42 - [MESSAGE][INFO] - Checking timeout

2021-11-12 17:12:42 - [MESSAGE][INFO] - Finding web element with id: 'Object Repository/Filtreler/Basliga_Gore_Dropdown' located by 'By.xpath: //*[@class = 'dxeListBoxItemRow_LECustomTheme']' in '10' second(s)

2021-11-12 17:12:42 - [MESSAGE][INFO] - Smart Wait Function is triggered

2021-11-12 17:12:43 - [MESSAGE][INFO] - Found 34 web elements with id: 'Object Repository/Filtreler/Basliga_Gore_Dropdown' located by 'By.xpath: //*[@class = 'dxeListBoxItemRow_LECustomTheme']' in '10' second(s)

2021-11-12 17:12:43 - [MESSAGE][PASSED] - Method.TextDegerineEsitElementeTikla is PASSED

2021-11-12 17:12:43 - [MESSAGE][PASSED] - Call Test Case 'Test Cases/Filtreler/DropdownSec' successfully

2021-11-12 17:12:44 - [MESSAGE][INFO] - Checking called Test Case

2021-11-12 17:12:44 - [MESSAGE][INFO] - Starting to call Test Case 'Test Cases/Filtreler/ButonaTikla'

2021-11-12 17:12:44 - [TEST_CASE][PASSED] - Test Cases/Filtreler/ButonaTikla: Test Cases/Filtreler/ButonaTikla

2021-11-12 17:12:44 - [TEST_STEP][PASSED] - Method.TextDegerineEsitElementeTikla(findTestObject("Filtreler/Butonlar"), Filtre_Buton): Method.TextDegerineEsitElementeTikla is PASSED

2021-11-12 17:12:44 - [MESSAGE][INFO] - Finding Test Object 'Object Repository/Filtreler/Butonlar'

2021-11-12 17:12:44 - [MESSAGE][INFO] - Checking timeout

2021-11-12 17:12:44 - [MESSAGE][INFO] - Finding web element with id: 'Object Repository/Filtreler/Butonlar' located by 'By.cssSelector: .dxb>span' in '10' second(s)

2021-11-12 17:12:44 - [MESSAGE][INFO] - Smart Wait Function is triggered

2021-11-12 17:12:44 - [MESSAGE][INFO] - Found 3 web elements with id: 'Object Repository/Filtreler/Butonlar' located by 'By.cssSelector: .dxb>span' in '10' second(s)

2021-11-12 17:12:44 - [MESSAGE][PASSED] - Method.TextDegerineEsitElementeTikla is PASSED

2021-11-12 17:12:44 - [MESSAGE][PASSED] - Call Test Case 'Test Cases/Filtreler/ButonaTikla' successfully

2021-11-12 17:12:44 - [MESSAGE][INFO] - Checking called Test Case

2021-11-12 17:12:44 - [MESSAGE][INFO] - Starting to call Test Case 'Test Cases/Tablo/TablodaVeriVarMi'

2021-11-12 17:12:44 - [TEST_CASE][PASSED] - Test Cases/Tablo/TablodaVeriVarMi: Test Cases/Tablo/TablodaVeriVarMi

2021-11-12 17:12:44 - [TEST_STEP][PASSED] - verifyTextNotPresent("Görüntülenecek veri yok", true): Text 'Görüntülenecek veri yok' is not present on page using regular expression

2021-11-12 17:12:44 - [MESSAGE][INFO] - Checking text present  using regular expression

2021-11-12 17:12:44 - [MESSAGE][INFO] - Smart Wait Function is triggered

2021-11-12 17:12:45 - [MESSAGE][INFO] - Finding text 'Görüntülenecek veri yok' on page  using regular expression

2021-11-12 17:12:45 - [MESSAGE][PASSED] - Text 'Görüntülenecek veri yok' is not present on page using regular expression

2021-11-12 17:12:45 - [MESSAGE][PASSED] - Call Test Case 'Test Cases/Tablo/TablodaVeriVarMi' successfully

2021-11-12 17:12:45 - [MESSAGE][INFO] - Checking called Test Case

2021-11-12 17:12:45 - [MESSAGE][INFO] - Starting to call Test Case 'Test Cases/Sayfalar/AnaSayfa/AnaSayfayaDonulur'

2021-11-12 17:12:45 - [TEST_CASE][PASSED] - Test Cases/Sayfalar/AnaSayfa/AnaSayfayaDonulur: Test Cases/Sayfalar/AnaSayfa/AnaSayfayaDonulur

2021-11-12 17:12:46 - [TEST_STEP][PASSED] - click(findTestObject("Sayfalar/AnaSayfa/AnaSayfa")): Object: 'Object Repository/Sayfalar/AnaSayfa/AnaSayfa' is clicked on

2021-11-12 17:12:46 - [MESSAGE][INFO] - Finding Test Object 'Object Repository/Sayfalar/AnaSayfa/AnaSayfa'

2021-11-12 17:12:46 - [MESSAGE][INFO] - Checking object

2021-11-12 17:12:46 - [MESSAGE][INFO] - Finding web element from Test Object's properties

2021-11-12 17:12:46 - [MESSAGE][INFO] - Checking timeout

2021-11-12 17:12:46 - [MESSAGE][INFO] - Finding web element with id: 'Object Repository/Sayfalar/AnaSayfa/AnaSayfa' located by 'By.cssSelector: div.navbar-header > a > img' in '30' second(s)

2021-11-12 17:12:46 - [MESSAGE][INFO] - Smart Wait Function is triggered

2021-11-12 17:12:46 - [MESSAGE][INFO] - Found 1 web elements with id: 'Object Repository/Sayfalar/AnaSayfa/AnaSayfa' located by 'By.cssSelector: div.navbar-header > a > img' in '30' second(s)

2021-11-12 17:12:46 - [MESSAGE][INFO] - Clicking on object: 'Object Repository/Sayfalar/AnaSayfa/AnaSayfa'

2021-11-12 17:12:48 - [MESSAGE][PASSED] - Object: 'Object Repository/Sayfalar/AnaSayfa/AnaSayfa' is clicked on

2021-11-12 17:12:48 - [TEST_STEP][PASSED] - if (verifyElementPresent(findTestObject("Sayfalar/Giris_Sayfasi/PopupOK"), 5, OPTIONAL)): null

2021-11-12 17:12:48 - [MESSAGE][INFO] - Finding Test Object 'Object Repository/Sayfalar/Giris_Sayfasi/PopupOK'

2021-11-12 17:12:48 - [MESSAGE][INFO] - Checking object

2021-11-12 17:12:48 - [MESSAGE][INFO] - Finding web element from Test Object's properties

2021-11-12 17:12:48 - [MESSAGE][INFO] - Checking timeout

2021-11-12 17:12:48 - [MESSAGE][INFO] - Finding web element with id: 'Object Repository/Sayfalar/Giris_Sayfasi/PopupOK' located by 'By.cssSelector: .btn.btn-success' in '5' second(s)

2021-11-12 17:12:48 - [MESSAGE][INFO] - Smart Wait Function is triggered

2021-11-12 17:12:48 - [MESSAGE][INFO] - Found 1 web elements with id: 'Object Repository/Sayfalar/Giris_Sayfasi/PopupOK' located by 'By.cssSelector: .btn.btn-success' in '5' second(s)

2021-11-12 17:12:48 - [MESSAGE][PASSED] - Object 'Object Repository/Sayfalar/Giris_Sayfasi/PopupOK' is present

2021-11-12 17:12:48 - [TEST_STEP][PASSED] - click(findTestObject("Sayfalar/Giris_Sayfasi/PopupOK")): Object: 'Object Repository/Sayfalar/Giris_Sayfasi/PopupOK' is clicked on

2021-11-12 17:12:48 - [MESSAGE][INFO] - Finding Test Object 'Object Repository/Sayfalar/Giris_Sayfasi/PopupOK'

2021-11-12 17:12:48 - [MESSAGE][INFO] - Checking object

2021-11-12 17:12:48 - [MESSAGE][INFO] - Finding web element from Test Object's properties

2021-11-12 17:12:48 - [MESSAGE][INFO] - Checking timeout

2021-11-12 17:12:48 - [MESSAGE][INFO] - Finding web element with id: 'Object Repository/Sayfalar/Giris_Sayfasi/PopupOK' located by 'By.cssSelector: .btn.btn-success' in '30' second(s)

2021-11-12 17:12:48 - [MESSAGE][INFO] - Smart Wait Function is triggered

2021-11-12 17:12:48 - [MESSAGE][INFO] - Found 1 web elements with id: 'Object Repository/Sayfalar/Giris_Sayfasi/PopupOK' located by 'By.cssSelector: .btn.btn-success' in '30' second(s)

2021-11-12 17:12:48 - [MESSAGE][INFO] - Clicking on object: 'Object Repository/Sayfalar/Giris_Sayfasi/PopupOK'

2021-11-12 17:12:48 - [MESSAGE][PASSED] - Object: 'Object Repository/Sayfalar/Giris_Sayfasi/PopupOK' is clicked on

2021-11-12 17:12:48 - [TEST_STEP][PASSED] - verifyElementVisible(findTestObject("Object Repository/Kullanici_Islemleri/KullaniciIslemleri")): Object 'Object Repository/Kullanici_Islemleri/KullaniciIslemleri' is visible

2021-11-12 17:12:48 - [MESSAGE][INFO] - Finding Test Object 'Object Repository/Kullanici_Islemleri/KullaniciIslemleri'

2021-11-12 17:12:49 - [MESSAGE][INFO] - Checking object

2021-11-12 17:12:49 - [MESSAGE][INFO] - Finding web element from Test Object's properties

2021-11-12 17:12:49 - [MESSAGE][INFO] - Checking timeout

2021-11-12 17:12:49 - [MESSAGE][INFO] - Finding web element with id: 'Object Repository/Kullanici_Islemleri/KullaniciIslemleri' located by 'By.cssSelector: .dropdown>a>img' in '30' second(s)

2021-11-12 17:12:49 - [MESSAGE][INFO] - Smart Wait Function is triggered

2021-11-12 17:12:49 - [MESSAGE][INFO] - Found 1 web elements with id: 'Object Repository/Kullanici_Islemleri/KullaniciIslemleri' located by 'By.cssSelector: .dropdown>a>img' in '30' second(s)

2021-11-12 17:12:49 - [MESSAGE][PASSED] - Object 'Object Repository/Kullanici_Islemleri/KullaniciIslemleri' is visible

2021-11-12 17:12:49 - [MESSAGE][PASSED] - Call Test Case 'Test Cases/Sayfalar/AnaSayfa/AnaSayfayaDonulur' successfully

2021-11-12 17:12:49 - [MESSAGE][INFO] - Checking called Test Case

2021-11-12 17:12:49 - [MESSAGE][INFO] - Starting to call Test Case 'Test Cases/Menu/AnaMenuSecimi'

2021-11-12 17:12:49 - [TEST_CASE][PASSED] - Test Cases/Menu/AnaMenuSecimi: Test Cases/Menu/AnaMenuSecimi

2021-11-12 17:12:49 - [TEST_STEP][PASSED] - Method.TextDegerineEsitElementeTikla(findTestObject("Menu/Ana_Menu"), Ana_Menu): Method.TextDegerineEsitElementeTikla is PASSED

2021-11-12 17:12:49 - [MESSAGE][INFO] - Finding Test Object 'Object Repository/Menu/Ana_Menu'

2021-11-12 17:12:49 - [MESSAGE][INFO] - Checking timeout

2021-11-12 17:12:49 - [MESSAGE][INFO] - Finding web element with id: 'Object Repository/Menu/Ana_Menu' located by 'By.xpath: //*[@class = 'dropdown-toggle']' in '10' second(s)

2021-11-12 17:12:49 - [MESSAGE][INFO] - Smart Wait Function is triggered

2021-11-12 17:12:50 - [MESSAGE][INFO] - Found 14 web elements with id: 'Object Repository/Menu/Ana_Menu' located by 'By.xpath: //*[@class = 'dropdown-toggle']' in '10' second(s)

2021-11-12 17:12:50 - [MESSAGE][PASSED] - Method.TextDegerineEsitElementeTikla is PASSED

2021-11-12 17:12:50 - [MESSAGE][PASSED] - Call Test Case 'Test Cases/Menu/AnaMenuSecimi' successfully

2021-11-12 17:12:50 - [MESSAGE][INFO] - Checking called Test Case

2021-11-12 17:12:50 - [MESSAGE][INFO] - Starting to call Test Case 'Test Cases/Menu/BasligaGoreAltMenuSecimi'

2021-11-12 17:12:50 - [TEST_CASE][PASSED] - Test Cases/Menu/BasligaGoreAltMenuSecimi: Test Cases/Menu/BasligaGoreAltMenuSecimi

2021-11-12 17:12:50 - [TEST_STEP][PASSED] - Method.TextDegerineEsitElementinAltindakiTextDegerineEsitOlanaTikla(findTestObject("Menu/Menu_Basligi"), findTestObject("Menu/Basliga_Gore_Alt_Menu"), Baslik, Alt_Menu): Method.TextDegerineEsitElementinAltindakiTextDegerineEsitOlanaTikla is PASSED

2021-11-12 17:12:50 - [MESSAGE][INFO] - Finding Test Object 'Object Repository/Menu/Menu_Basligi'

2021-11-12 17:12:50 - [MESSAGE][INFO] - Finding Test Object 'Object Repository/Menu/Basliga_Gore_Alt_Menu'

2021-11-12 17:12:50 - [MESSAGE][INFO] - Checking timeout

2021-11-12 17:12:50 - [MESSAGE][INFO] - Finding web element with id: 'Object Repository/Menu/Menu_Basligi' located by 'By.xpath: //li[@class='dropdown dropdown-large open']//li[@class='dropdown-header']' in '10' second(s)

2021-11-12 17:12:50 - [MESSAGE][INFO] - Smart Wait Function is triggered

2021-11-12 17:12:50 - [MESSAGE][INFO] - Found 2 web elements with id: 'Object Repository/Menu/Menu_Basligi' located by 'By.xpath: //li[@class='dropdown dropdown-large open']//li[@class='dropdown-header']' in '10' second(s)

2021-11-12 17:12:50 - [MESSAGE][INFO] - Smart Wait Function is triggered

2021-11-12 17:12:51 - [MESSAGE][PASSED] - Method.TextDegerineEsitElementinAltindakiTextDegerineEsitOlanaTikla is PASSED

2021-11-12 17:12:51 - [MESSAGE][PASSED] - Call Test Case 'Test Cases/Menu/BasligaGoreAltMenuSecimi' successfully

2021-11-12 17:12:51 - [MESSAGE][INFO] - Checking called Test Case

2021-11-12 17:12:51 - [MESSAGE][INFO] - Starting to call Test Case 'Test Cases/Filtreler/BaslangicYaz'

2021-11-12 17:12:52 - [TEST_CASE][PASSED] - Test Cases/Filtreler/BaslangicYaz: Test Cases/Filtreler/BaslangicYaz

2021-11-12 17:12:52 - [TEST_STEP][PASSED] - Method.TextDegerineEsitElementinAltindakineTikla(findTestObject("Filtreler/Basliklar"), findTestObject("Filtreler/Basliga_Gore_Baslangic_Image"), Filtre_Adi): Method.TextDegerineEsitElementinAltindakineTikla is PASSED

2021-11-12 17:12:52 - [MESSAGE][INFO] - Finding Test Object 'Object Repository/Filtreler/Basliklar'

2021-11-12 17:12:52 - [MESSAGE][INFO] - Finding Test Object 'Object Repository/Filtreler/Basliga_Gore_Baslangic_Image'

2021-11-12 17:12:52 - [MESSAGE][INFO] - Checking timeout

2021-11-12 17:12:52 - [MESSAGE][INFO] - Finding web element with id: 'Object Repository/Filtreler/Basliklar' located by 'By.cssSelector: .control-label.col-sm-4.paddingMarginRLC' in '10' second(s)

2021-11-12 17:12:52 - [MESSAGE][INFO] - Smart Wait Function is triggered

2021-11-12 17:12:52 - [MESSAGE][INFO] - Found 19 web elements with id: 'Object Repository/Filtreler/Basliklar' located by 'By.cssSelector: .control-label.col-sm-4.paddingMarginRLC' in '10' second(s)

2021-11-12 17:12:52 - [MESSAGE][INFO] - Smart Wait Function is triggered

2021-11-12 17:12:53 - [MESSAGE][PASSED] - Method.TextDegerineEsitElementinAltindakineTikla is PASSED

2021-11-12 17:12:53 - [TEST_STEP][PASSED] - Method.TextDegerineEsitElementinAltindakiTextboxtaYaz(findTestObject("Filtreler/Basliklar"), findTestObject("Filtreler/Basliga_Gore_Baslangic"), Filtre_Adi, Filtre_Degeri): Method.TextDegerineEsitElementinAltindakiTextboxtaYaz is PASSED

2021-11-12 17:12:53 - [MESSAGE][INFO] - Finding Test Object 'Object Repository/Filtreler/Basliklar'

2021-11-12 17:12:53 - [MESSAGE][INFO] - Finding Test Object 'Object Repository/Filtreler/Basliga_Gore_Baslangic'

2021-11-12 17:12:53 - [MESSAGE][INFO] - Checking timeout

2021-11-12 17:12:53 - [MESSAGE][INFO] - Finding web element with id: 'Object Repository/Filtreler/Basliklar' located by 'By.cssSelector: .control-label.col-sm-4.paddingMarginRLC' in '10' second(s)

2021-11-12 17:12:53 - [MESSAGE][INFO] - Smart Wait Function is triggered

2021-11-12 17:12:53 - [MESSAGE][INFO] - Found 19 web elements with id: 'Object Repository/Filtreler/Basliklar' located by 'By.cssSelector: .control-label.col-sm-4.paddingMarginRLC' in '10' second(s)

2021-11-12 17:12:53 - [MESSAGE][INFO] - Smart Wait Function is triggered

2021-11-12 17:12:54 - [MESSAGE][PASSED] - Method.TextDegerineEsitElementinAltindakiTextboxtaYaz is PASSED

2021-11-12 17:12:54 - [MESSAGE][PASSED] - Call Test Case 'Test Cases/Filtreler/BaslangicYaz' successfully

2021-11-12 17:12:54 - [MESSAGE][INFO] - Checking called Test Case

2021-11-12 17:12:54 - [MESSAGE][INFO] - Starting to call Test Case 'Test Cases/Filtreler/BitisYaz'

2021-11-12 17:12:54 - [TEST_CASE][PASSED] - Test Cases/Filtreler/BitisYaz: Test Cases/Filtreler/BitisYaz

2021-11-12 17:12:54 - [TEST_STEP][PASSED] - Method.TextDegerineEsitElementinAltindakineTikla(findTestObject("Filtreler/Basliklar"), findTestObject("Filtreler/Basliga_Gore_Bitis_Image"), Filtre_Adi): Method.TextDegerineEsitElementinAltindakineTikla is PASSED

2021-11-12 17:12:54 - [MESSAGE][INFO] - Finding Test Object 'Object Repository/Filtreler/Basliklar'

2021-11-12 17:12:54 - [MESSAGE][INFO] - Finding Test Object 'Object Repository/Filtreler/Basliga_Gore_Bitis_Image'

2021-11-12 17:12:54 - [MESSAGE][INFO] - Checking timeout

2021-11-12 17:12:54 - [MESSAGE][INFO] - Finding web element with id: 'Object Repository/Filtreler/Basliklar' located by 'By.cssSelector: .control-label.col-sm-4.paddingMarginRLC' in '10' second(s)

2021-11-12 17:12:54 - [MESSAGE][INFO] - Smart Wait Function is triggered

2021-11-12 17:12:54 - [MESSAGE][INFO] - Found 19 web elements with id: 'Object Repository/Filtreler/Basliklar' located by 'By.cssSelector: .control-label.col-sm-4.paddingMarginRLC' in '10' second(s)

2021-11-12 17:12:54 - [MESSAGE][INFO] - Smart Wait Function is triggered

2021-11-12 17:12:55 - [MESSAGE][PASSED] - Method.TextDegerineEsitElementinAltindakineTikla is PASSED

2021-11-12 17:12:55 - [TEST_STEP][PASSED] - Method.TextDegerineEsitElementinAltindakiTextboxtaYaz(findTestObject("Filtreler/Basliklar"), findTestObject("Object Repository/Filtreler/Basliga_Gore_Bitis"), Filtre_Adi, Filtre_Degeri): Method.TextDegerineEsitElementinAltindakiTextboxtaYaz is PASSED

2021-11-12 17:12:55 - [MESSAGE][INFO] - Finding Test Object 'Object Repository/Filtreler/Basliklar'

2021-11-12 17:12:55 - [MESSAGE][INFO] - Finding Test Object 'Object Repository/Filtreler/Basliga_Gore_Bitis'

2021-11-12 17:12:55 - [MESSAGE][INFO] - Checking timeout

2021-11-12 17:12:55 - [MESSAGE][INFO] - Finding web element with id: 'Object Repository/Filtreler/Basliklar' located by 'By.cssSelector: .control-label.col-sm-4.paddingMarginRLC' in '10' second(s)

2021-11-12 17:12:55 - [MESSAGE][INFO] - Smart Wait Function is triggered

2021-11-12 17:12:55 - [MESSAGE][INFO] - Found 19 web elements with id: 'Object Repository/Filtreler/Basliklar' located by 'By.cssSelector: .control-label.col-sm-4.paddingMarginRLC' in '10' second(s)

2021-11-12 17:12:55 - [MESSAGE][INFO] - Smart Wait Function is triggered

2021-11-12 17:12:56 - [MESSAGE][PASSED] - Method.TextDegerineEsitElementinAltindakiTextboxtaYaz is PASSED

2021-11-12 17:12:56 - [MESSAGE][PASSED] - Call Test Case 'Test Cases/Filtreler/BitisYaz' successfully

2021-11-12 17:12:56 - [MESSAGE][INFO] - Checking called Test Case

2021-11-12 17:12:56 - [MESSAGE][INFO] - Starting to call Test Case 'Test Cases/Filtreler/BaslangicYaz'

2021-11-12 17:12:56 - [TEST_CASE][PASSED] - Test Cases/Filtreler/BaslangicYaz: Test Cases/Filtreler/BaslangicYaz

2021-11-12 17:12:56 - [TEST_STEP][PASSED] - Method.TextDegerineEsitElementinAltindakineTikla(findTestObject("Filtreler/Basliklar"), findTestObject("Filtreler/Basliga_Gore_Baslangic_Image"), Filtre_Adi): Method.TextDegerineEsitElementinAltindakineTikla is PASSED

2021-11-12 17:12:56 - [MESSAGE][INFO] - Finding Test Object 'Object Repository/Filtreler/Basliklar'

2021-11-12 17:12:56 - [MESSAGE][INFO] - Finding Test Object 'Object Repository/Filtreler/Basliga_Gore_Baslangic_Image'

2021-11-12 17:12:56 - [MESSAGE][INFO] - Checking timeout

2021-11-12 17:12:56 - [MESSAGE][INFO] - Finding web element with id: 'Object Repository/Filtreler/Basliklar' located by 'By.cssSelector: .control-label.col-sm-4.paddingMarginRLC' in '10' second(s)

2021-11-12 17:12:56 - [MESSAGE][INFO] - Smart Wait Function is triggered

2021-11-12 17:12:57 - [MESSAGE][INFO] - Found 19 web elements with id: 'Object Repository/Filtreler/Basliklar' located by 'By.cssSelector: .control-label.col-sm-4.paddingMarginRLC' in '10' second(s)

2021-11-12 17:12:57 - [MESSAGE][INFO] - Smart Wait Function is triggered

2021-11-12 17:12:57 - [MESSAGE][PASSED] - Method.TextDegerineEsitElementinAltindakineTikla is PASSED

2021-11-12 17:12:57 - [TEST_STEP][PASSED] - Method.TextDegerineEsitElementinAltindakiTextboxtaYaz(findTestObject("Filtreler/Basliklar"), findTestObject("Filtreler/Basliga_Gore_Baslangic"), Filtre_Adi, Filtre_Degeri): Method.TextDegerineEsitElementinAltindakiTextboxtaYaz is PASSED

2021-11-12 17:12:57 - [MESSAGE][INFO] - Finding Test Object 'Object Repository/Filtreler/Basliklar'

2021-11-12 17:12:57 - [MESSAGE][INFO] - Finding Test Object 'Object Repository/Filtreler/Basliga_Gore_Baslangic'

2021-11-12 17:12:57 - [MESSAGE][INFO] - Checking timeout

2021-11-12 17:12:57 - [MESSAGE][INFO] - Finding web element with id: 'Object Repository/Filtreler/Basliklar' located by 'By.cssSelector: .control-label.col-sm-4.paddingMarginRLC' in '10' second(s)

2021-11-12 17:12:57 - [MESSAGE][INFO] - Smart Wait Function is triggered

2021-11-12 17:12:58 - [MESSAGE][INFO] - Found 19 web elements with id: 'Object Repository/Filtreler/Basliklar' located by 'By.cssSelector: .control-label.col-sm-4.paddingMarginRLC' in '10' second(s)

2021-11-12 17:12:58 - [MESSAGE][INFO] - Smart Wait Function is triggered

2021-11-12 17:12:58 - [MESSAGE][PASSED] - Method.TextDegerineEsitElementinAltindakiTextboxtaYaz is PASSED

2021-11-12 17:12:58 - [MESSAGE][PASSED] - Call Test Case 'Test Cases/Filtreler/BaslangicYaz' successfully

2021-11-12 17:12:58 - [MESSAGE][INFO] - Checking called Test Case

2021-11-12 17:12:58 - [MESSAGE][INFO] - Starting to call Test Case 'Test Cases/Filtreler/BitisYaz'

2021-11-12 17:12:58 - [TEST_CASE][PASSED] - Test Cases/Filtreler/BitisYaz: Test Cases/Filtreler/BitisYaz

2021-11-12 17:12:58 - [TEST_STEP][PASSED] - Method.TextDegerineEsitElementinAltindakineTikla(findTestObject("Filtreler/Basliklar"), findTestObject("Filtreler/Basliga_Gore_Bitis_Image"), Filtre_Adi): Method.TextDegerineEsitElementinAltindakineTikla is PASSED

2021-11-12 17:12:58 - [MESSAGE][INFO] - Finding Test Object 'Object Repository/Filtreler/Basliklar'

2021-11-12 17:12:59 - [MESSAGE][INFO] - Finding Test Object 'Object Repository/Filtreler/Basliga_Gore_Bitis_Image'

2021-11-12 17:12:59 - [MESSAGE][INFO] - Checking timeout

2021-11-12 17:12:59 - [MESSAGE][INFO] - Finding web element with id: 'Object Repository/Filtreler/Basliklar' located by 'By.cssSelector: .control-label.col-sm-4.paddingMarginRLC' in '10' second(s)

2021-11-12 17:12:59 - [MESSAGE][INFO] - Smart Wait Function is triggered

2021-11-12 17:12:59 - [MESSAGE][INFO] - Found 19 web elements with id: 'Object Repository/Filtreler/Basliklar' located by 'By.cssSelector: .control-label.col-sm-4.paddingMarginRLC' in '10' second(s)

2021-11-12 17:12:59 - [MESSAGE][INFO] - Smart Wait Function is triggered

2021-11-12 17:13:00 - [MESSAGE][PASSED] - Method.TextDegerineEsitElementinAltindakineTikla is PASSED

2021-11-12 17:13:00 - [TEST_STEP][PASSED] - Method.TextDegerineEsitElementinAltindakiTextboxtaYaz(findTestObject("Filtreler/Basliklar"), findTestObject("Object Repository/Filtreler/Basliga_Gore_Bitis"), Filtre_Adi, Filtre_Degeri): Method.TextDegerineEsitElementinAltindakiTextboxtaYaz is PASSED

2021-11-12 17:13:00 - [MESSAGE][INFO] - Finding Test Object 'Object Repository/Filtreler/Basliklar'

2021-11-12 17:13:00 - [MESSAGE][INFO] - Finding Test Object 'Object Repository/Filtreler/Basliga_Gore_Bitis'

2021-11-12 17:13:00 - [MESSAGE][INFO] - Checking timeout

2021-11-12 17:13:00 - [MESSAGE][INFO] - Finding web element with id: 'Object Repository/Filtreler/Basliklar' located by 'By.cssSelector: .control-label.col-sm-4.paddingMarginRLC' in '10' second(s)

2021-11-12 17:13:00 - [MESSAGE][INFO] - Smart Wait Function is triggered

2021-11-12 17:13:00 - [MESSAGE][INFO] - Found 19 web elements with id: 'Object Repository/Filtreler/Basliklar' located by 'By.cssSelector: .control-label.col-sm-4.paddingMarginRLC' in '10' second(s)

2021-11-12 17:13:00 - [MESSAGE][INFO] - Smart Wait Function is triggered

2021-11-12 17:13:01 - [MESSAGE][PASSED] - Method.TextDegerineEsitElementinAltindakiTextboxtaYaz is PASSED

2021-11-12 17:13:01 - [MESSAGE][PASSED] - Call Test Case 'Test Cases/Filtreler/BitisYaz' successfully

2021-11-12 17:13:01 - [MESSAGE][INFO] - Checking called Test Case

2021-11-12 17:13:01 - [MESSAGE][INFO] - Starting to call Test Case 'Test Cases/Filtreler/ButonaTikla'

2021-11-12 17:13:01 - [TEST_CASE][PASSED] - Test Cases/Filtreler/ButonaTikla: Test Cases/Filtreler/ButonaTikla

2021-11-12 17:13:01 - [TEST_STEP][PASSED] - Method.TextDegerineEsitElementeTikla(findTestObject("Filtreler/Butonlar"), Filtre_Buton): Method.TextDegerineEsitElementeTikla is PASSED

2021-11-12 17:13:01 - [MESSAGE][INFO] - Finding Test Object 'Object Repository/Filtreler/Butonlar'

2021-11-12 17:13:01 - [MESSAGE][INFO] - Checking timeout

2021-11-12 17:13:01 - [MESSAGE][INFO] - Finding web element with id: 'Object Repository/Filtreler/Butonlar' located by 'By.cssSelector: .dxb>span' in '10' second(s)

2021-11-12 17:13:01 - [MESSAGE][INFO] - Smart Wait Function is triggered

2021-11-12 17:13:01 - [MESSAGE][INFO] - Found 3 web elements with id: 'Object Repository/Filtreler/Butonlar' located by 'By.cssSelector: .dxb>span' in '10' second(s)

2021-11-12 17:13:01 - [MESSAGE][PASSED] - Method.TextDegerineEsitElementeTikla is PASSED

2021-11-12 17:13:01 - [MESSAGE][PASSED] - Call Test Case 'Test Cases/Filtreler/ButonaTikla' successfully

2021-11-12 17:13:02 - [MESSAGE][INFO] - Checking called Test Case

2021-11-12 17:13:02 - [MESSAGE][INFO] - Starting to call Test Case 'Test Cases/Filtreler/ListelenenOgeSayisi'

2021-11-12 17:13:02 - [TEST_CASE][PASSED] - Test Cases/Filtreler/ListelenenOgeSayisi: Test Cases/Filtreler/ListelenenOgeSayisi

2021-11-12 17:13:02 - [TEST_STEP][PASSED] - waitForElementPresent(findTestObject("Filtreler/OgeSayisi"), 10): Object 'Object Repository/Filtreler/OgeSayisi' is present

2021-11-12 17:13:02 - [MESSAGE][INFO] - Finding Test Object 'Object Repository/Filtreler/OgeSayisi'

2021-11-12 17:13:02 - [MESSAGE][INFO] - Checking object

2021-11-12 17:13:02 - [MESSAGE][INFO] - Finding web element from Test Object's properties

2021-11-12 17:13:02 - [MESSAGE][INFO] - Checking timeout

2021-11-12 17:13:02 - [MESSAGE][INFO] - Finding web element with id: 'Object Repository/Filtreler/OgeSayisi' located by 'By.cssSelector: .dxp-lead.dxp-summary' in '10' second(s)

2021-11-12 17:13:02 - [MESSAGE][INFO] - Smart Wait Function is triggered

2021-11-12 17:13:02 - [MESSAGE][INFO] - Found 1 web elements with id: 'Object Repository/Filtreler/OgeSayisi' located by 'By.cssSelector: .dxp-lead.dxp-summary' in '10' second(s)

2021-11-12 17:13:02 - [MESSAGE][PASSED] - Object 'Object Repository/Filtreler/OgeSayisi' is present

2021-11-12 17:13:02 - [TEST_STEP][PASSED] - verifyElementText(findTestObject("Filtreler/OgeSayisi"), OgeSayisi): Actual text and expected text of test object 'Object Repository/Filtreler/OgeSayisi' are matched.

2021-11-12 17:13:02 - [MESSAGE][INFO] - Finding Test Object 'Object Repository/Filtreler/OgeSayisi'

2021-11-12 17:13:02 - [MESSAGE][INFO] - Checking object

2021-11-12 17:13:02 - [MESSAGE][INFO] - Finding web element from Test Object's properties

2021-11-12 17:13:02 - [MESSAGE][INFO] - Checking timeout

2021-11-12 17:13:02 - [MESSAGE][INFO] - Finding web element with id: 'Object Repository/Filtreler/OgeSayisi' located by 'By.cssSelector: .dxp-lead.dxp-summary' in '30' second(s)

2021-11-12 17:13:02 - [MESSAGE][INFO] - Smart Wait Function is triggered

2021-11-12 17:13:03 - [MESSAGE][INFO] - Found 1 web elements with id: 'Object Repository/Filtreler/OgeSayisi' located by 'By.cssSelector: .dxp-lead.dxp-summary' in '30' second(s)

2021-11-12 17:13:03 - [MESSAGE][PASSED] - Actual text and expected text of test object 'Object Repository/Filtreler/OgeSayisi' are matched.

2021-11-12 17:13:03 - [MESSAGE][PASSED] - Call Test Case 'Test Cases/Filtreler/ListelenenOgeSayisi' successfully

2021-11-12 17:13:03 - [MESSAGE][INFO] - Checking called Test Case

2021-11-12 17:13:03 - [MESSAGE][INFO] - Starting to call Test Case 'Test Cases/Filtreler/FiltreVarMi'

2021-11-12 17:13:03 - [TEST_CASE][PASSED] - Test Cases/Filtreler/FiltreVarMi: Test Cases/Filtreler/FiltreVarMi

2021-11-12 17:13:03 - [TEST_STEP][PASSED] - Method.TextDegerineEsitElementVarMi(findTestObject("Filtreler/Basliklar"), Filtre_alan): Method.TextDegerineEsitElementVarMi is PASSED

2021-11-12 17:13:03 - [MESSAGE][INFO] - Finding Test Object 'Object Repository/Filtreler/Basliklar'

2021-11-12 17:13:03 - [MESSAGE][INFO] - Checking timeout

2021-11-12 17:13:03 - [MESSAGE][INFO] - Finding web element with id: 'Object Repository/Filtreler/Basliklar' located by 'By.cssSelector: .control-label.col-sm-4.paddingMarginRLC' in '10' second(s)

2021-11-12 17:13:03 - [MESSAGE][INFO] - Smart Wait Function is triggered

2021-11-12 17:13:03 - [MESSAGE][INFO] - Found 19 web elements with id: 'Object Repository/Filtreler/Basliklar' located by 'By.cssSelector: .control-label.col-sm-4.paddingMarginRLC' in '10' second(s)

2021-11-12 17:13:03 - [MESSAGE][PASSED] - Method.TextDegerineEsitElementVarMi is PASSED

2021-11-12 17:13:03 - [MESSAGE][PASSED] - Call Test Case 'Test Cases/Filtreler/FiltreVarMi' successfully

2021-11-12 17:13:03 - [MESSAGE][INFO] - Checking called Test Case

2021-11-12 17:13:03 - [MESSAGE][INFO] - Starting to call Test Case 'Test Cases/Filtreler/FiltreVarMi'

2021-11-12 17:13:03 - [TEST_CASE][PASSED] - Test Cases/Filtreler/FiltreVarMi: Test Cases/Filtreler/FiltreVarMi

2021-11-12 17:13:03 - [TEST_STEP][PASSED] - Method.TextDegerineEsitElementVarMi(findTestObject("Filtreler/Basliklar"), Filtre_alan): Method.TextDegerineEsitElementVarMi is PASSED

2021-11-12 17:13:03 - [MESSAGE][INFO] - Finding Test Object 'Object Repository/Filtreler/Basliklar'

2021-11-12 17:13:03 - [MESSAGE][INFO] - Checking timeout

2021-11-12 17:13:03 - [MESSAGE][INFO] - Finding web element with id: 'Object Repository/Filtreler/Basliklar' located by 'By.cssSelector: .control-label.col-sm-4.paddingMarginRLC' in '10' second(s)

2021-11-12 17:13:03 - [MESSAGE][INFO] - Smart Wait Function is triggered

2021-11-12 17:13:04 - [MESSAGE][INFO] - Found 19 web elements with id: 'Object Repository/Filtreler/Basliklar' located by 'By.cssSelector: .control-label.col-sm-4.paddingMarginRLC' in '10' second(s)

2021-11-12 17:13:04 - [MESSAGE][PASSED] - Method.TextDegerineEsitElementVarMi is PASSED

2021-11-12 17:13:04 - [MESSAGE][PASSED] - Call Test Case 'Test Cases/Filtreler/FiltreVarMi' successfully

2021-11-12 17:13:04 - [MESSAGE][INFO] - Checking called Test Case

2021-11-12 17:13:04 - [MESSAGE][INFO] - Starting to call Test Case 'Test Cases/Filtreler/FiltreVarMi'

2021-11-12 17:13:04 - [TEST_CASE][PASSED] - Test Cases/Filtreler/FiltreVarMi: Test Cases/Filtreler/FiltreVarMi

2021-11-12 17:13:04 - [TEST_STEP][PASSED] - Method.TextDegerineEsitElementVarMi(findTestObject("Filtreler/Basliklar"), Filtre_alan): Method.TextDegerineEsitElementVarMi is PASSED

2021-11-12 17:13:04 - [MESSAGE][INFO] - Finding Test Object 'Object Repository/Filtreler/Basliklar'

2021-11-12 17:13:04 - [MESSAGE][INFO] - Checking timeout

2021-11-12 17:13:04 - [MESSAGE][INFO] - Finding web element with id: 'Object Repository/Filtreler/Basliklar' located by 'By.cssSelector: .control-label.col-sm-4.paddingMarginRLC' in '10' second(s)

2021-11-12 17:13:04 - [MESSAGE][INFO] - Smart Wait Function is triggered

2021-11-12 17:13:04 - [MESSAGE][INFO] - Found 19 web elements with id: 'Object Repository/Filtreler/Basliklar' located by 'By.cssSelector: .control-label.col-sm-4.paddingMarginRLC' in '10' second(s)

2021-11-12 17:13:04 - [MESSAGE][PASSED] - Method.TextDegerineEsitElementVarMi is PASSED

2021-11-12 17:13:04 - [MESSAGE][PASSED] - Call Test Case 'Test Cases/Filtreler/FiltreVarMi' successfully

2021-11-12 17:13:04 - [MESSAGE][INFO] - Checking called Test Case

2021-11-12 17:13:04 - [MESSAGE][INFO] - Starting to call Test Case 'Test Cases/Filtreler/FiltreVarMi'

2021-11-12 17:13:04 - [TEST_CASE][PASSED] - Test Cases/Filtreler/FiltreVarMi: Test Cases/Filtreler/FiltreVarMi

2021-11-12 17:13:04 - [TEST_STEP][PASSED] - Method.TextDegerineEsitElementVarMi(findTestObject("Filtreler/Basliklar"), Filtre_alan): Method.TextDegerineEsitElementVarMi is PASSED

2021-11-12 17:13:04 - [MESSAGE][INFO] - Finding Test Object 'Object Repository/Filtreler/Basliklar'

2021-11-12 17:13:04 - [MESSAGE][INFO] - Checking timeout

2021-11-12 17:13:04 - [MESSAGE][INFO] - Finding web element with id: 'Object Repository/Filtreler/Basliklar' located by 'By.cssSelector: .control-label.col-sm-4.paddingMarginRLC' in '10' second(s)

2021-11-12 17:13:04 - [MESSAGE][INFO] - Smart Wait Function is triggered

2021-11-12 17:13:05 - [MESSAGE][INFO] - Found 19 web elements with id: 'Object Repository/Filtreler/Basliklar' located by 'By.cssSelector: .control-label.col-sm-4.paddingMarginRLC' in '10' second(s)

2021-11-12 17:13:05 - [MESSAGE][PASSED] - Method.TextDegerineEsitElementVarMi is PASSED

2021-11-12 17:13:05 - [MESSAGE][PASSED] - Call Test Case 'Test Cases/Filtreler/FiltreVarMi' successfully

2021-11-12 17:13:05 - [MESSAGE][INFO] - Checking called Test Case

2021-11-12 17:13:05 - [MESSAGE][INFO] - Starting to call Test Case 'Test Cases/Filtreler/FiltreVarMi'

2021-11-12 17:13:05 - [TEST_CASE][PASSED] - Test Cases/Filtreler/FiltreVarMi: Test Cases/Filtreler/FiltreVarMi

2021-11-12 17:13:05 - [TEST_STEP][PASSED] - Method.TextDegerineEsitElementVarMi(findTestObject("Filtreler/Basliklar"), Filtre_alan): Method.TextDegerineEsitElementVarMi is PASSED

2021-11-12 17:13:05 - [MESSAGE][INFO] - Finding Test Object 'Object Repository/Filtreler/Basliklar'

2021-11-12 17:13:05 - [MESSAGE][INFO] - Checking timeout

2021-11-12 17:13:05 - [MESSAGE][INFO] - Finding web element with id: 'Object Repository/Filtreler/Basliklar' located by 'By.cssSelector: .control-label.col-sm-4.paddingMarginRLC' in '10' second(s)

2021-11-12 17:13:05 - [MESSAGE][INFO] - Smart Wait Function is triggered

2021-11-12 17:13:05 - [MESSAGE][INFO] - Found 19 web elements with id: 'Object Repository/Filtreler/Basliklar' located by 'By.cssSelector: .control-label.col-sm-4.paddingMarginRLC' in '10' second(s)

2021-11-12 17:13:06 - [MESSAGE][PASSED] - Method.TextDegerineEsitElementVarMi is PASSED

2021-11-12 17:13:06 - [MESSAGE][PASSED] - Call Test Case 'Test Cases/Filtreler/FiltreVarMi' successfully

2021-11-12 17:13:06 - [MESSAGE][INFO] - Checking called Test Case

2021-11-12 17:13:06 - [MESSAGE][INFO] - Starting to call Test Case 'Test Cases/Filtreler/FiltreVarMi'

2021-11-12 17:13:06 - [TEST_CASE][PASSED] - Test Cases/Filtreler/FiltreVarMi: Test Cases/Filtreler/FiltreVarMi

2021-11-12 17:13:06 - [TEST_STEP][PASSED] - Method.TextDegerineEsitElementVarMi(findTestObject("Filtreler/Basliklar"), Filtre_alan): Method.TextDegerineEsitElementVarMi is PASSED

2021-11-12 17:13:06 - [MESSAGE][INFO] - Finding Test Object 'Object Repository/Filtreler/Basliklar'

2021-11-12 17:13:06 - [MESSAGE][INFO] - Checking timeout

2021-11-12 17:13:06 - [MESSAGE][INFO] - Finding web element with id: 'Object Repository/Filtreler/Basliklar' located by 'By.cssSelector: .control-label.col-sm-4.paddingMarginRLC' in '10' second(s)

2021-11-12 17:13:06 - [MESSAGE][INFO] - Smart Wait Function is triggered

2021-11-12 17:13:06 - [MESSAGE][INFO] - Found 19 web elements with id: 'Object Repository/Filtreler/Basliklar' located by 'By.cssSelector: .control-label.col-sm-4.paddingMarginRLC' in '10' second(s)

2021-11-12 17:13:06 - [MESSAGE][PASSED] - Method.TextDegerineEsitElementVarMi is PASSED

2021-11-12 17:13:06 - [MESSAGE][PASSED] - Call Test Case 'Test Cases/Filtreler/FiltreVarMi' successfully

2021-11-12 17:13:06 - [MESSAGE][INFO] - Checking called Test Case

2021-11-12 17:13:06 - [MESSAGE][INFO] - Starting to call Test Case 'Test Cases/Filtreler/FiltreVarMi'

2021-11-12 17:13:06 - [TEST_CASE][PASSED] - Test Cases/Filtreler/FiltreVarMi: Test Cases/Filtreler/FiltreVarMi

2021-11-12 17:13:06 - [TEST_STEP][PASSED] - Method.TextDegerineEsitElementVarMi(findTestObject("Filtreler/Basliklar"), Filtre_alan): Method.TextDegerineEsitElementVarMi is PASSED

2021-11-12 17:13:06 - [MESSAGE][INFO] - Finding Test Object 'Object Repository/Filtreler/Basliklar'

2021-11-12 17:13:06 - [MESSAGE][INFO] - Checking timeout

2021-11-12 17:13:06 - [MESSAGE][INFO] - Finding web element with id: 'Object Repository/Filtreler/Basliklar' located by 'By.cssSelector: .control-label.col-sm-4.paddingMarginRLC' in '10' second(s)

2021-11-12 17:13:06 - [MESSAGE][INFO] - Smart Wait Function is triggered

2021-11-12 17:13:07 - [MESSAGE][INFO] - Found 19 web elements with id: 'Object Repository/Filtreler/Basliklar' located by 'By.cssSelector: .control-label.col-sm-4.paddingMarginRLC' in '10' second(s)

2021-11-12 17:13:07 - [MESSAGE][PASSED] - Method.TextDegerineEsitElementVarMi is PASSED

2021-11-12 17:13:07 - [MESSAGE][PASSED] - Call Test Case 'Test Cases/Filtreler/FiltreVarMi' successfully

2021-11-12 17:13:07 - [MESSAGE][INFO] - Checking called Test Case

2021-11-12 17:13:07 - [MESSAGE][INFO] - Starting to call Test Case 'Test Cases/Filtreler/FiltreVarMi'

2021-11-12 17:13:07 - [TEST_CASE][PASSED] - Test Cases/Filtreler/FiltreVarMi: Test Cases/Filtreler/FiltreVarMi

2021-11-12 17:13:07 - [TEST_STEP][PASSED] - Method.TextDegerineEsitElementVarMi(findTestObject("Filtreler/Basliklar"), Filtre_alan): Method.TextDegerineEsitElementVarMi is PASSED

2021-11-12 17:13:07 - [MESSAGE][INFO] - Finding Test Object 'Object Repository/Filtreler/Basliklar'

2021-11-12 17:13:07 - [MESSAGE][INFO] - Checking timeout

2021-11-12 17:13:07 - [MESSAGE][INFO] - Finding web element with id: 'Object Repository/Filtreler/Basliklar' located by 'By.cssSelector: .control-label.col-sm-4.paddingMarginRLC' in '10' second(s)

2021-11-12 17:13:07 - [MESSAGE][INFO] - Smart Wait Function is triggered

2021-11-12 17:13:07 - [MESSAGE][INFO] - Found 19 web elements with id: 'Object Repository/Filtreler/Basliklar' located by 'By.cssSelector: .control-label.col-sm-4.paddingMarginRLC' in '10' second(s)

2021-11-12 17:13:07 - [MESSAGE][PASSED] - Method.TextDegerineEsitElementVarMi is PASSED

2021-11-12 17:13:07 - [MESSAGE][PASSED] - Call Test Case 'Test Cases/Filtreler/FiltreVarMi' successfully

2021-11-12 17:13:07 - [MESSAGE][INFO] - Checking called Test Case

2021-11-12 17:13:07 - [MESSAGE][INFO] - Starting to call Test Case 'Test Cases/Filtreler/FiltreVarMi'

2021-11-12 17:13:07 - [TEST_CASE][PASSED] - Test Cases/Filtreler/FiltreVarMi: Test Cases/Filtreler/FiltreVarMi

2021-11-12 17:13:07 - [TEST_STEP][PASSED] - Method.TextDegerineEsitElementVarMi(findTestObject("Filtreler/Basliklar"), Filtre_alan): Method.TextDegerineEsitElementVarMi is PASSED

2021-11-12 17:13:07 - [MESSAGE][INFO] - Finding Test Object 'Object Repository/Filtreler/Basliklar'

2021-11-12 17:13:07 - [MESSAGE][INFO] - Checking timeout

2021-11-12 17:13:07 - [MESSAGE][INFO] - Finding web element with id: 'Object Repository/Filtreler/Basliklar' located by 'By.cssSelector: .control-label.col-sm-4.paddingMarginRLC' in '10' second(s)

2021-11-12 17:13:07 - [MESSAGE][INFO] - Smart Wait Function is triggered

2021-11-12 17:13:08 - [MESSAGE][INFO] - Found 19 web elements with id: 'Object Repository/Filtreler/Basliklar' located by 'By.cssSelector: .control-label.col-sm-4.paddingMarginRLC' in '10' second(s)

2021-11-12 17:13:08 - [MESSAGE][PASSED] - Method.TextDegerineEsitElementVarMi is PASSED

2021-11-12 17:13:08 - [MESSAGE][PASSED] - Call Test Case 'Test Cases/Filtreler/FiltreVarMi' successfully

2021-11-12 17:13:08 - [MESSAGE][INFO] - Checking called Test Case

2021-11-12 17:13:08 - [MESSAGE][INFO] - Starting to call Test Case 'Test Cases/Filtreler/FiltreVarMi'

2021-11-12 17:13:08 - [TEST_CASE][PASSED] - Test Cases/Filtreler/FiltreVarMi: Test Cases/Filtreler/FiltreVarMi

2021-11-12 17:13:08 - [TEST_STEP][PASSED] - Method.TextDegerineEsitElementVarMi(findTestObject("Filtreler/Basliklar"), Filtre_alan): Method.TextDegerineEsitElementVarMi is PASSED

2021-11-12 17:13:08 - [MESSAGE][INFO] - Finding Test Object 'Object Repository/Filtreler/Basliklar'

2021-11-12 17:13:08 - [MESSAGE][INFO] - Checking timeout

2021-11-12 17:13:08 - [MESSAGE][INFO] - Finding web element with id: 'Object Repository/Filtreler/Basliklar' located by 'By.cssSelector: .control-label.col-sm-4.paddingMarginRLC' in '10' second(s)

2021-11-12 17:13:08 - [MESSAGE][INFO] - Smart Wait Function is triggered

2021-11-12 17:13:08 - [MESSAGE][INFO] - Found 19 web elements with id: 'Object Repository/Filtreler/Basliklar' located by 'By.cssSelector: .control-label.col-sm-4.paddingMarginRLC' in '10' second(s)

2021-11-12 17:13:08 - [MESSAGE][PASSED] - Method.TextDegerineEsitElementVarMi is PASSED

2021-11-12 17:13:08 - [MESSAGE][PASSED] - Call Test Case 'Test Cases/Filtreler/FiltreVarMi' successfully

2021-11-12 17:13:08 - [MESSAGE][INFO] - Checking called Test Case

2021-11-12 17:13:08 - [MESSAGE][INFO] - Starting to call Test Case 'Test Cases/Filtreler/FiltreVarMi'

2021-11-12 17:13:08 - [TEST_CASE][PASSED] - Test Cases/Filtreler/FiltreVarMi: Test Cases/Filtreler/FiltreVarMi

2021-11-12 17:13:08 - [TEST_STEP][PASSED] - Method.TextDegerineEsitElementVarMi(findTestObject("Filtreler/Basliklar"), Filtre_alan): Method.TextDegerineEsitElementVarMi is PASSED

2021-11-12 17:13:08 - [MESSAGE][INFO] - Finding Test Object 'Object Repository/Filtreler/Basliklar'

2021-11-12 17:13:08 - [MESSAGE][INFO] - Checking timeout

2021-11-12 17:13:08 - [MESSAGE][INFO] - Finding web element with id: 'Object Repository/Filtreler/Basliklar' located by 'By.cssSelector: .control-label.col-sm-4.paddingMarginRLC' in '10' second(s)

2021-11-12 17:13:08 - [MESSAGE][INFO] - Smart Wait Function is triggered

2021-11-12 17:13:09 - [MESSAGE][INFO] - Found 19 web elements with id: 'Object Repository/Filtreler/Basliklar' located by 'By.cssSelector: .control-label.col-sm-4.paddingMarginRLC' in '10' second(s)

2021-11-12 17:13:09 - [MESSAGE][PASSED] - Method.TextDegerineEsitElementVarMi is PASSED

2021-11-12 17:13:09 - [MESSAGE][PASSED] - Call Test Case 'Test Cases/Filtreler/FiltreVarMi' successfully

2021-11-12 17:13:09 - [MESSAGE][INFO] - Checking called Test Case

2021-11-12 17:13:09 - [MESSAGE][INFO] - Starting to call Test Case 'Test Cases/Filtreler/FiltreVarMi'

2021-11-12 17:13:09 - [TEST_CASE][PASSED] - Test Cases/Filtreler/FiltreVarMi: Test Cases/Filtreler/FiltreVarMi

2021-11-12 17:13:09 - [TEST_STEP][PASSED] - Method.TextDegerineEsitElementVarMi(findTestObject("Filtreler/Basliklar"), Filtre_alan): Method.TextDegerineEsitElementVarMi is PASSED

2021-11-12 17:13:09 - [MESSAGE][INFO] - Finding Test Object 'Object Repository/Filtreler/Basliklar'

2021-11-12 17:13:09 - [MESSAGE][INFO] - Checking timeout

2021-11-12 17:13:09 - [MESSAGE][INFO] - Finding web element with id: 'Object Repository/Filtreler/Basliklar' located by 'By.cssSelector: .control-label.col-sm-4.paddingMarginRLC' in '10' second(s)

2021-11-12 17:13:09 - [MESSAGE][INFO] - Smart Wait Function is triggered

2021-11-12 17:13:09 - [MESSAGE][INFO] - Found 19 web elements with id: 'Object Repository/Filtreler/Basliklar' located by 'By.cssSelector: .control-label.col-sm-4.paddingMarginRLC' in '10' second(s)

2021-11-12 17:13:09 - [MESSAGE][PASSED] - Method.TextDegerineEsitElementVarMi is PASSED

2021-11-12 17:13:09 - [MESSAGE][PASSED] - Call Test Case 'Test Cases/Filtreler/FiltreVarMi' successfully

2021-11-12 17:13:09 - [MESSAGE][INFO] - Checking called Test Case

2021-11-12 17:13:09 - [MESSAGE][INFO] - Starting to call Test Case 'Test Cases/Filtreler/FiltreVarMi'

2021-11-12 17:13:09 - [TEST_CASE][PASSED] - Test Cases/Filtreler/FiltreVarMi: Test Cases/Filtreler/FiltreVarMi

2021-11-12 17:13:09 - [TEST_STEP][PASSED] - Method.TextDegerineEsitElementVarMi(findTestObject("Filtreler/Basliklar"), Filtre_alan): Method.TextDegerineEsitElementVarMi is PASSED

2021-11-12 17:13:09 - [MESSAGE][INFO] - Finding Test Object 'Object Repository/Filtreler/Basliklar'

2021-11-12 17:13:09 - [MESSAGE][INFO] - Checking timeout

2021-11-12 17:13:09 - [MESSAGE][INFO] - Finding web element with id: 'Object Repository/Filtreler/Basliklar' located by 'By.cssSelector: .control-label.col-sm-4.paddingMarginRLC' in '10' second(s)

2021-11-12 17:13:09 - [MESSAGE][INFO] - Smart Wait Function is triggered

2021-11-12 17:13:10 - [MESSAGE][INFO] - Found 19 web elements with id: 'Object Repository/Filtreler/Basliklar' located by 'By.cssSelector: .control-label.col-sm-4.paddingMarginRLC' in '10' second(s)

2021-11-12 17:13:10 - [MESSAGE][PASSED] - Method.TextDegerineEsitElementVarMi is PASSED

2021-11-12 17:13:10 - [MESSAGE][PASSED] - Call Test Case 'Test Cases/Filtreler/FiltreVarMi' successfully

2021-11-12 17:13:10 - [MESSAGE][INFO] - Checking called Test Case

2021-11-12 17:13:10 - [MESSAGE][INFO] - Starting to call Test Case 'Test Cases/Filtreler/FiltreVarMi'

2021-11-12 17:13:10 - [TEST_CASE][PASSED] - Test Cases/Filtreler/FiltreVarMi: Test Cases/Filtreler/FiltreVarMi

2021-11-12 17:13:10 - [TEST_STEP][PASSED] - Method.TextDegerineEsitElementVarMi(findTestObject("Filtreler/Basliklar"), Filtre_alan): Method.TextDegerineEsitElementVarMi is PASSED

2021-11-12 17:13:10 - [MESSAGE][INFO] - Finding Test Object 'Object Repository/Filtreler/Basliklar'

2021-11-12 17:13:10 - [MESSAGE][INFO] - Checking timeout

2021-11-12 17:13:10 - [MESSAGE][INFO] - Finding web element with id: 'Object Repository/Filtreler/Basliklar' located by 'By.cssSelector: .control-label.col-sm-4.paddingMarginRLC' in '10' second(s)

2021-11-12 17:13:10 - [MESSAGE][INFO] - Smart Wait Function is triggered

2021-11-12 17:13:10 - [MESSAGE][INFO] - Found 19 web elements with id: 'Object Repository/Filtreler/Basliklar' located by 'By.cssSelector: .control-label.col-sm-4.paddingMarginRLC' in '10' second(s)

2021-11-12 17:13:10 - [MESSAGE][PASSED] - Method.TextDegerineEsitElementVarMi is PASSED

2021-11-12 17:13:10 - [MESSAGE][PASSED] - Call Test Case 'Test Cases/Filtreler/FiltreVarMi' successfully

2021-11-12 17:13:10 - [MESSAGE][INFO] - Checking called Test Case

2021-11-12 17:13:10 - [MESSAGE][INFO] - Starting to call Test Case 'Test Cases/Filtreler/FiltreVarMi'

2021-11-12 17:13:10 - [TEST_CASE][PASSED] - Test Cases/Filtreler/FiltreVarMi: Test Cases/Filtreler/FiltreVarMi

2021-11-12 17:13:10 - [TEST_STEP][PASSED] - Method.TextDegerineEsitElementVarMi(findTestObject("Filtreler/Basliklar"), Filtre_alan): Method.TextDegerineEsitElementVarMi is PASSED

2021-11-12 17:13:10 - [MESSAGE][INFO] - Finding Test Object 'Object Repository/Filtreler/Basliklar'

2021-11-12 17:13:10 - [MESSAGE][INFO] - Checking timeout

2021-11-12 17:13:10 - [MESSAGE][INFO] - Finding web element with id: 'Object Repository/Filtreler/Basliklar' located by 'By.cssSelector: .control-label.col-sm-4.paddingMarginRLC' in '10' second(s)

2021-11-12 17:13:10 - [MESSAGE][INFO] - Smart Wait Function is triggered

2021-11-12 17:13:11 - [MESSAGE][INFO] - Found 19 web elements with id: 'Object Repository/Filtreler/Basliklar' located by 'By.cssSelector: .control-label.col-sm-4.paddingMarginRLC' in '10' second(s)

2021-11-12 17:13:11 - [MESSAGE][PASSED] - Method.TextDegerineEsitElementVarMi is PASSED

2021-11-12 17:13:11 - [MESSAGE][PASSED] - Call Test Case 'Test Cases/Filtreler/FiltreVarMi' successfully

2021-11-12 17:13:11 - [MESSAGE][INFO] - Checking called Test Case

2021-11-12 17:13:11 - [MESSAGE][INFO] - Starting to call Test Case 'Test Cases/Filtreler/FiltreVarMi'

2021-11-12 17:13:11 - [TEST_CASE][PASSED] - Test Cases/Filtreler/FiltreVarMi: Test Cases/Filtreler/FiltreVarMi

2021-11-12 17:13:11 - [TEST_STEP][PASSED] - Method.TextDegerineEsitElementVarMi(findTestObject("Filtreler/Basliklar"), Filtre_alan): Method.TextDegerineEsitElementVarMi is PASSED

2021-11-12 17:13:11 - [MESSAGE][INFO] - Finding Test Object 'Object Repository/Filtreler/Basliklar'

2021-11-12 17:13:11 - [MESSAGE][INFO] - Checking timeout

2021-11-12 17:13:11 - [MESSAGE][INFO] - Finding web element with id: 'Object Repository/Filtreler/Basliklar' located by 'By.cssSelector: .control-label.col-sm-4.paddingMarginRLC' in '10' second(s)

2021-11-12 17:13:11 - [MESSAGE][INFO] - Smart Wait Function is triggered

2021-11-12 17:13:11 - [MESSAGE][INFO] - Found 19 web elements with id: 'Object Repository/Filtreler/Basliklar' located by 'By.cssSelector: .control-label.col-sm-4.paddingMarginRLC' in '10' second(s)

2021-11-12 17:13:11 - [MESSAGE][PASSED] - Method.TextDegerineEsitElementVarMi is PASSED

2021-11-12 17:13:11 - [MESSAGE][PASSED] - Call Test Case 'Test Cases/Filtreler/FiltreVarMi' successfully

2021-11-12 17:13:11 - [MESSAGE][INFO] - Checking called Test Case

2021-11-12 17:13:11 - [MESSAGE][INFO] - Starting to call Test Case 'Test Cases/Filtreler/FiltreVarMi'

2021-11-12 17:13:11 - [TEST_CASE][PASSED] - Test Cases/Filtreler/FiltreVarMi: Test Cases/Filtreler/FiltreVarMi

2021-11-12 17:13:11 - [TEST_STEP][PASSED] - Method.TextDegerineEsitElementVarMi(findTestObject("Filtreler/Basliklar"), Filtre_alan): Method.TextDegerineEsitElementVarMi is PASSED

2021-11-12 17:13:11 - [MESSAGE][INFO] - Finding Test Object 'Object Repository/Filtreler/Basliklar'

2021-11-12 17:13:12 - [MESSAGE][INFO] - Checking timeout

2021-11-12 17:13:12 - [MESSAGE][INFO] - Finding web element with id: 'Object Repository/Filtreler/Basliklar' located by 'By.cssSelector: .control-label.col-sm-4.paddingMarginRLC' in '10' second(s)

2021-11-12 17:13:12 - [MESSAGE][INFO] - Smart Wait Function is triggered

2021-11-12 17:13:12 - [MESSAGE][INFO] - Found 19 web elements with id: 'Object Repository/Filtreler/Basliklar' located by 'By.cssSelector: .control-label.col-sm-4.paddingMarginRLC' in '10' second(s)

2021-11-12 17:13:12 - [MESSAGE][PASSED] - Method.TextDegerineEsitElementVarMi is PASSED

2021-11-12 17:13:12 - [MESSAGE][PASSED] - Call Test Case 'Test Cases/Filtreler/FiltreVarMi' successfully

2021-11-12 17:13:12 - [MESSAGE][INFO] - Checking called Test Case

2021-11-12 17:13:12 - [MESSAGE][INFO] - Starting to call Test Case 'Test Cases/Filtreler/ButonVarMi'

2021-11-12 17:13:12 - [TEST_CASE][PASSED] - Test Cases/Filtreler/ButonVarMi: Test Cases/Filtreler/ButonVarMi

2021-11-12 17:13:12 - [TEST_STEP][PASSED] - Method.TextDegerineEsitElementVarMi(findTestObject("Filtreler/Butonlar"), Filtre_Buton): Method.TextDegerineEsitElementVarMi is PASSED

2021-11-12 17:13:12 - [MESSAGE][INFO] - Finding Test Object 'Object Repository/Filtreler/Butonlar'

2021-11-12 17:13:12 - [MESSAGE][INFO] - Checking timeout

2021-11-12 17:13:12 - [MESSAGE][INFO] - Finding web element with id: 'Object Repository/Filtreler/Butonlar' located by 'By.cssSelector: .dxb>span' in '10' second(s)

2021-11-12 17:13:12 - [MESSAGE][INFO] - Smart Wait Function is triggered

2021-11-12 17:13:12 - [MESSAGE][INFO] - Found 3 web elements with id: 'Object Repository/Filtreler/Butonlar' located by 'By.cssSelector: .dxb>span' in '10' second(s)

2021-11-12 17:13:12 - [MESSAGE][PASSED] - Method.TextDegerineEsitElementVarMi is PASSED

2021-11-12 17:13:12 - [MESSAGE][PASSED] - Call Test Case 'Test Cases/Filtreler/ButonVarMi' successfully

2021-11-12 17:13:12 - [MESSAGE][INFO] - Checking called Test Case

2021-11-12 17:13:12 - [MESSAGE][INFO] - Starting to call Test Case 'Test Cases/Filtreler/ButonVarMi'

2021-11-12 17:13:13 - [TEST_CASE][PASSED] - Test Cases/Filtreler/ButonVarMi: Test Cases/Filtreler/ButonVarMi

2021-11-12 17:13:13 - [TEST_STEP][PASSED] - Method.TextDegerineEsitElementVarMi(findTestObject("Filtreler/Butonlar"), Filtre_Buton): Method.TextDegerineEsitElementVarMi is PASSED

2021-11-12 17:13:13 - [MESSAGE][INFO] - Finding Test Object 'Object Repository/Filtreler/Butonlar'

2021-11-12 17:13:13 - [MESSAGE][INFO] - Checking timeout

2021-11-12 17:13:13 - [MESSAGE][INFO] - Finding web element with id: 'Object Repository/Filtreler/Butonlar' located by 'By.cssSelector: .dxb>span' in '10' second(s)

2021-11-12 17:13:13 - [MESSAGE][INFO] - Smart Wait Function is triggered

2021-11-12 17:13:13 - [MESSAGE][INFO] - Found 3 web elements with id: 'Object Repository/Filtreler/Butonlar' located by 'By.cssSelector: .dxb>span' in '10' second(s)

2021-11-12 17:13:13 - [MESSAGE][PASSED] - Method.TextDegerineEsitElementVarMi is PASSED

2021-11-12 17:13:13 - [MESSAGE][PASSED] - Call Test Case 'Test Cases/Filtreler/ButonVarMi' successfully

2021-11-12 17:13:13 - [MESSAGE][INFO] - Checking called Test Case

2021-11-12 17:13:13 - [MESSAGE][INFO] - Starting to call Test Case 'Test Cases/Filtreler/ButonVarMi'

2021-11-12 17:13:13 - [TEST_CASE][PASSED] - Test Cases/Filtreler/ButonVarMi: Test Cases/Filtreler/ButonVarMi

2021-11-12 17:13:13 - [TEST_STEP][PASSED] - Method.TextDegerineEsitElementVarMi(findTestObject("Filtreler/Butonlar"), Filtre_Buton): Method.TextDegerineEsitElementVarMi is PASSED

2021-11-12 17:13:13 - [MESSAGE][INFO] - Finding Test Object 'Object Repository/Filtreler/Butonlar'

2021-11-12 17:13:13 - [MESSAGE][INFO] - Checking timeout

2021-11-12 17:13:13 - [MESSAGE][INFO] - Finding web element with id: 'Object Repository/Filtreler/Butonlar' located by 'By.cssSelector: .dxb>span' in '10' second(s)

2021-11-12 17:13:13 - [MESSAGE][INFO] - Smart Wait Function is triggered

2021-11-12 17:13:13 - [MESSAGE][INFO] - Found 3 web elements with id: 'Object Repository/Filtreler/Butonlar' located by 'By.cssSelector: .dxb>span' in '10' second(s)

2021-11-12 17:13:13 - [MESSAGE][PASSED] - Method.TextDegerineEsitElementVarMi is PASSED

2021-11-12 17:13:13 - [MESSAGE][PASSED] - Call Test Case 'Test Cases/Filtreler/ButonVarMi' successfully

2021-11-12 17:13:13 - [MESSAGE][INFO] - Checking called Test Case

2021-11-12 17:13:13 - [MESSAGE][INFO] - Starting to call Test Case 'Test Cases/Tablo/SutunlarDogruMu'

2021-11-12 17:13:13 - [TEST_CASE][PASSED] - Test Cases/Tablo/SutunlarDogruMu: Test Cases/Tablo/SutunlarDogruMu

2021-11-12 17:13:14 - [TEST_STEP][PASSED] - Method.TextDegerineEsitElementVarMi(findTestObject("Object Repository/Tablo/Sutunlar"), Sutun): Method.TextDegerineEsitElementVarMi is PASSED

2021-11-12 17:13:14 - [MESSAGE][INFO] - Finding Test Object 'Object Repository/Tablo/Sutunlar'

2021-11-12 17:13:14 - [MESSAGE][INFO] - Checking timeout

2021-11-12 17:13:14 - [MESSAGE][INFO] - Finding web element with id: 'Object Repository/Tablo/Sutunlar' located by 'By.xpath: //*[@class = 'dxgvHeader_LECustomTheme']' in '10' second(s)

2021-11-12 17:13:14 - [MESSAGE][INFO] - Smart Wait Function is triggered

2021-11-12 17:13:14 - [MESSAGE][INFO] - Found 14 web elements with id: 'Object Repository/Tablo/Sutunlar' located by 'By.xpath: //*[@class = 'dxgvHeader_LECustomTheme']' in '10' second(s)

2021-11-12 17:13:14 - [MESSAGE][PASSED] - Method.TextDegerineEsitElementVarMi is PASSED

2021-11-12 17:13:14 - [MESSAGE][PASSED] - Call Test Case 'Test Cases/Tablo/SutunlarDogruMu' successfully

2021-11-12 17:13:14 - [MESSAGE][INFO] - Checking called Test Case

2021-11-12 17:13:14 - [MESSAGE][INFO] - Starting to call Test Case 'Test Cases/Tablo/SutunlarDogruMu'

2021-11-12 17:13:15 - [TEST_CASE][PASSED] - Test Cases/Tablo/SutunlarDogruMu: Test Cases/Tablo/SutunlarDogruMu

2021-11-12 17:13:15 - [TEST_STEP][PASSED] - Method.TextDegerineEsitElementVarMi(findTestObject("Object Repository/Tablo/Sutunlar"), Sutun): Method.TextDegerineEsitElementVarMi is PASSED

2021-11-12 17:13:15 - [MESSAGE][INFO] - Finding Test Object 'Object Repository/Tablo/Sutunlar'

2021-11-12 17:13:15 - [MESSAGE][INFO] - Checking timeout

2021-11-12 17:13:15 - [MESSAGE][INFO] - Finding web element with id: 'Object Repository/Tablo/Sutunlar' located by 'By.xpath: //*[@class = 'dxgvHeader_LECustomTheme']' in '10' second(s)

2021-11-12 17:13:15 - [MESSAGE][INFO] - Smart Wait Function is triggered

2021-11-12 17:13:15 - [MESSAGE][INFO] - Found 14 web elements with id: 'Object Repository/Tablo/Sutunlar' located by 'By.xpath: //*[@class = 'dxgvHeader_LECustomTheme']' in '10' second(s)

2021-11-12 17:13:15 - [MESSAGE][PASSED] - Method.TextDegerineEsitElementVarMi is PASSED

2021-11-12 17:13:15 - [MESSAGE][PASSED] - Call Test Case 'Test Cases/Tablo/SutunlarDogruMu' successfully

2021-11-12 17:13:15 - [MESSAGE][INFO] - Checking called Test Case

2021-11-12 17:13:15 - [MESSAGE][INFO] - Starting to call Test Case 'Test Cases/Tablo/SutunlarDogruMu'

2021-11-12 17:13:15 - [TEST_CASE][PASSED] - Test Cases/Tablo/SutunlarDogruMu: Test Cases/Tablo/SutunlarDogruMu

2021-11-12 17:13:15 - [TEST_STEP][PASSED] - Method.TextDegerineEsitElementVarMi(findTestObject("Object Repository/Tablo/Sutunlar"), Sutun): Method.TextDegerineEsitElementVarMi is PASSED

2021-11-12 17:13:15 - [MESSAGE][INFO] - Finding Test Object 'Object Repository/Tablo/Sutunlar'

2021-11-12 17:13:15 - [MESSAGE][INFO] - Checking timeout

2021-11-12 17:13:15 - [MESSAGE][INFO] - Finding web element with id: 'Object Repository/Tablo/Sutunlar' located by 'By.xpath: //*[@class = 'dxgvHeader_LECustomTheme']' in '10' second(s)

2021-11-12 17:13:15 - [MESSAGE][INFO] - Smart Wait Function is triggered

2021-11-12 17:13:15 - [MESSAGE][INFO] - Found 14 web elements with id: 'Object Repository/Tablo/Sutunlar' located by 'By.xpath: //*[@class = 'dxgvHeader_LECustomTheme']' in '10' second(s)

2021-11-12 17:13:16 - [MESSAGE][PASSED] - Method.TextDegerineEsitElementVarMi is PASSED

2021-11-12 17:13:16 - [MESSAGE][PASSED] - Call Test Case 'Test Cases/Tablo/SutunlarDogruMu' successfully

2021-11-12 17:13:16 - [MESSAGE][INFO] - Checking called Test Case

2021-11-12 17:13:16 - [MESSAGE][INFO] - Starting to call Test Case 'Test Cases/Butonlar/ButonVarMi'

2021-11-12 17:13:16 - [TEST_CASE][PASSED] - Test Cases/Butonlar/ButonVarMi: Test Cases/Butonlar/ButonVarMi

2021-11-12 17:13:16 - [TEST_STEP][PASSED] - Method.TextDegerineEsitElementVarMi(findTestObject("Butonlar/Butonlar"), Buton): Method.TextDegerineEsitElementVarMi is PASSED

2021-11-12 17:13:16 - [MESSAGE][INFO] - Finding Test Object 'Object Repository/Butonlar/Butonlar'

2021-11-12 17:13:16 - [MESSAGE][INFO] - Checking timeout

2021-11-12 17:13:16 - [MESSAGE][INFO] - Finding web element with id: 'Object Repository/Butonlar/Butonlar' located by 'By.cssSelector: .panel.panel-default.text-center.footerPanel .btn,.btn.btn-primary.btnControls' in '10' second(s)

2021-11-12 17:13:16 - [MESSAGE][INFO] - Smart Wait Function is triggered

2021-11-12 17:13:16 - [MESSAGE][INFO] - Found 12 web elements with id: 'Object Repository/Butonlar/Butonlar' located by 'By.cssSelector: .panel.panel-default.text-center.footerPanel .btn,.btn.btn-primary.btnControls' in '10' second(s)

2021-11-12 17:13:16 - [MESSAGE][PASSED] - Method.TextDegerineEsitElementVarMi is PASSED

2021-11-12 17:13:16 - [MESSAGE][PASSED] - Call Test Case 'Test Cases/Butonlar/ButonVarMi' successfully

2021-11-12 17:13:16 - [MESSAGE][INFO] - Checking called Test Case

2021-11-12 17:13:16 - [MESSAGE][INFO] - Starting to call Test Case 'Test Cases/Butonlar/ButonVarMi'

2021-11-12 17:13:16 - [TEST_CASE][PASSED] - Test Cases/Butonlar/ButonVarMi: Test Cases/Butonlar/ButonVarMi

2021-11-12 17:13:16 - [TEST_STEP][PASSED] - Method.TextDegerineEsitElementVarMi(findTestObject("Butonlar/Butonlar"), Buton): Method.TextDegerineEsitElementVarMi is PASSED

2021-11-12 17:13:16 - [MESSAGE][INFO] - Finding Test Object 'Object Repository/Butonlar/Butonlar'

2021-11-12 17:13:16 - [MESSAGE][INFO] - Checking timeout

2021-11-12 17:13:16 - [MESSAGE][INFO] - Finding web element with id: 'Object Repository/Butonlar/Butonlar' located by 'By.cssSelector: .panel.panel-default.text-center.footerPanel .btn,.btn.btn-primary.btnControls' in '10' second(s)

2021-11-12 17:13:16 - [MESSAGE][INFO] - Smart Wait Function is triggered

2021-11-12 17:13:16 - [MESSAGE][INFO] - Found 12 web elements with id: 'Object Repository/Butonlar/Butonlar' located by 'By.cssSelector: .panel.panel-default.text-center.footerPanel .btn,.btn.btn-primary.btnControls' in '10' second(s)

2021-11-12 17:13:17 - [MESSAGE][PASSED] - Method.TextDegerineEsitElementVarMi is PASSED

2021-11-12 17:13:17 - [MESSAGE][PASSED] - Call Test Case 'Test Cases/Butonlar/ButonVarMi' successfully

2021-11-12 17:13:17 - [MESSAGE][INFO] - Checking called Test Case

2021-11-12 17:13:17 - [MESSAGE][INFO] - Starting to call Test Case 'Test Cases/Butonlar/ButonVarMi'

2021-11-12 17:13:17 - [TEST_CASE][PASSED] - Test Cases/Butonlar/ButonVarMi: Test Cases/Butonlar/ButonVarMi

2021-11-12 17:13:17 - [TEST_STEP][PASSED] - Method.TextDegerineEsitElementVarMi(findTestObject("Butonlar/Butonlar"), Buton): Method.TextDegerineEsitElementVarMi is PASSED

2021-11-12 17:13:17 - [MESSAGE][INFO] - Finding Test Object 'Object Repository/Butonlar/Butonlar'

2021-11-12 17:13:17 - [MESSAGE][INFO] - Checking timeout

2021-11-12 17:13:17 - [MESSAGE][INFO] - Finding web element with id: 'Object Repository/Butonlar/Butonlar' located by 'By.cssSelector: .panel.panel-default.text-center.footerPanel .btn,.btn.btn-primary.btnControls' in '10' second(s)

2021-11-12 17:13:17 - [MESSAGE][INFO] - Smart Wait Function is triggered

2021-11-12 17:13:17 - [MESSAGE][INFO] - Found 12 web elements with id: 'Object Repository/Butonlar/Butonlar' located by 'By.cssSelector: .panel.panel-default.text-center.footerPanel .btn,.btn.btn-primary.btnControls' in '10' second(s)

2021-11-12 17:13:17 - [MESSAGE][PASSED] - Method.TextDegerineEsitElementVarMi is PASSED

2021-11-12 17:13:17 - [MESSAGE][PASSED] - Call Test Case 'Test Cases/Butonlar/ButonVarMi' successfully

2021-11-12 17:13:17 - [MESSAGE][INFO] - Checking called Test Case

2021-11-12 17:13:17 - [MESSAGE][INFO] - Starting to call Test Case 'Test Cases/Butonlar/ButonVarMi'

2021-11-12 17:13:17 - [TEST_CASE][PASSED] - Test Cases/Butonlar/ButonVarMi: Test Cases/Butonlar/ButonVarMi

2021-11-12 17:13:17 - [TEST_STEP][PASSED] - Method.TextDegerineEsitElementVarMi(findTestObject("Butonlar/Butonlar"), Buton): Method.TextDegerineEsitElementVarMi is PASSED

2021-11-12 17:13:17 - [MESSAGE][INFO] - Finding Test Object 'Object Repository/Butonlar/Butonlar'

2021-11-12 17:13:17 - [MESSAGE][INFO] - Checking timeout

2021-11-12 17:13:17 - [MESSAGE][INFO] - Finding web element with id: 'Object Repository/Butonlar/Butonlar' located by 'By.cssSelector: .panel.panel-default.text-center.footerPanel .btn,.btn.btn-primary.btnControls' in '10' second(s)

2021-11-12 17:13:17 - [MESSAGE][INFO] - Smart Wait Function is triggered

2021-11-12 17:13:17 - [MESSAGE][INFO] - Found 12 web elements with id: 'Object Repository/Butonlar/Butonlar' located by 'By.cssSelector: .panel.panel-default.text-center.footerPanel .btn,.btn.btn-primary.btnControls' in '10' second(s)

2021-11-12 17:13:17 - [MESSAGE][PASSED] - Method.TextDegerineEsitElementVarMi is PASSED

2021-11-12 17:13:17 - [MESSAGE][PASSED] - Call Test Case 'Test Cases/Butonlar/ButonVarMi' successfully

2021-11-12 17:13:17 - [MESSAGE][INFO] - Checking called Test Case

2021-11-12 17:13:17 - [MESSAGE][INFO] - Starting to call Test Case 'Test Cases/Butonlar/ButonVarMi'

2021-11-12 17:13:18 - [TEST_CASE][PASSED] - Test Cases/Butonlar/ButonVarMi: Test Cases/Butonlar/ButonVarMi

2021-11-12 17:13:18 - [TEST_STEP][PASSED] - Method.TextDegerineEsitElementVarMi(findTestObject("Butonlar/Butonlar"), Buton): Method.TextDegerineEsitElementVarMi is PASSED

2021-11-12 17:13:18 - [MESSAGE][INFO] - Finding Test Object 'Object Repository/Butonlar/Butonlar'

2021-11-12 17:13:18 - [MESSAGE][INFO] - Checking timeout

2021-11-12 17:13:18 - [MESSAGE][INFO] - Finding web element with id: 'Object Repository/Butonlar/Butonlar' located by 'By.cssSelector: .panel.panel-default.text-center.footerPanel .btn,.btn.btn-primary.btnControls' in '10' second(s)

2021-11-12 17:13:18 - [MESSAGE][INFO] - Smart Wait Function is triggered

2021-11-12 17:13:18 - [MESSAGE][INFO] - Found 12 web elements with id: 'Object Repository/Butonlar/Butonlar' located by 'By.cssSelector: .panel.panel-default.text-center.footerPanel .btn,.btn.btn-primary.btnControls' in '10' second(s)

2021-11-12 17:13:18 - [MESSAGE][PASSED] - Method.TextDegerineEsitElementVarMi is PASSED

2021-11-12 17:13:18 - [MESSAGE][PASSED] - Call Test Case 'Test Cases/Butonlar/ButonVarMi' successfully

2021-11-12 17:13:18 - [MESSAGE][INFO] - Checking called Test Case

2021-11-12 17:13:18 - [MESSAGE][INFO] - Starting to call Test Case 'Test Cases/Butonlar/ButonVarMi'

2021-11-12 17:13:18 - [TEST_CASE][PASSED] - Test Cases/Butonlar/ButonVarMi: Test Cases/Butonlar/ButonVarMi

2021-11-12 17:13:18 - [TEST_STEP][PASSED] - Method.TextDegerineEsitElementVarMi(findTestObject("Butonlar/Butonlar"), Buton): Method.TextDegerineEsitElementVarMi is PASSED

2021-11-12 17:13:18 - [MESSAGE][INFO] - Finding Test Object 'Object Repository/Butonlar/Butonlar'

2021-11-12 17:13:18 - [MESSAGE][INFO] - Checking timeout

2021-11-12 17:13:18 - [MESSAGE][INFO] - Finding web element with id: 'Object Repository/Butonlar/Butonlar' located by 'By.cssSelector: .panel.panel-default.text-center.footerPanel .btn,.btn.btn-primary.btnControls' in '10' second(s)

2021-11-12 17:13:18 - [MESSAGE][INFO] - Smart Wait Function is triggered

2021-11-12 17:13:18 - [MESSAGE][INFO] - Found 12 web elements with id: 'Object Repository/Butonlar/Butonlar' located by 'By.cssSelector: .panel.panel-default.text-center.footerPanel .btn,.btn.btn-primary.btnControls' in '10' second(s)

2021-11-12 17:13:18 - [MESSAGE][PASSED] - Method.TextDegerineEsitElementVarMi is PASSED

2021-11-12 17:13:18 - [MESSAGE][PASSED] - Call Test Case 'Test Cases/Butonlar/ButonVarMi' successfully

2021-11-12 17:13:18 - [MESSAGE][INFO] - Checking called Test Case

2021-11-12 17:13:18 - [MESSAGE][INFO] - Starting to call Test Case 'Test Cases/Butonlar/ButonVarMi'

2021-11-12 17:13:19 - [TEST_CASE][PASSED] - Test Cases/Butonlar/ButonVarMi: Test Cases/Butonlar/ButonVarMi

2021-11-12 17:13:19 - [TEST_STEP][PASSED] - Method.TextDegerineEsitElementVarMi(findTestObject("Butonlar/Butonlar"), Buton): Method.TextDegerineEsitElementVarMi is PASSED

2021-11-12 17:13:19 - [MESSAGE][INFO] - Finding Test Object 'Object Repository/Butonlar/Butonlar'

2021-11-12 17:13:19 - [MESSAGE][INFO] - Checking timeout

2021-11-12 17:13:19 - [MESSAGE][INFO] - Finding web element with id: 'Object Repository/Butonlar/Butonlar' located by 'By.cssSelector: .panel.panel-default.text-center.footerPanel .btn,.btn.btn-primary.btnControls' in '10' second(s)

2021-11-12 17:13:19 - [MESSAGE][INFO] - Smart Wait Function is triggered

2021-11-12 17:13:19 - [MESSAGE][INFO] - Found 12 web elements with id: 'Object Repository/Butonlar/Butonlar' located by 'By.cssSelector: .panel.panel-default.text-center.footerPanel .btn,.btn.btn-primary.btnControls' in '10' second(s)

2021-11-12 17:13:19 - [MESSAGE][PASSED] - Method.TextDegerineEsitElementVarMi is PASSED

2021-11-12 17:13:19 - [MESSAGE][PASSED] - Call Test Case 'Test Cases/Butonlar/ButonVarMi' successfully

2021-11-12 17:13:19 - [MESSAGE][INFO] - Checking called Test Case

2021-11-12 17:13:19 - [MESSAGE][INFO] - Starting to call Test Case 'Test Cases/Butonlar/ButonVarMi'

2021-11-12 17:13:19 - [TEST_CASE][PASSED] - Test Cases/Butonlar/ButonVarMi: Test Cases/Butonlar/ButonVarMi

2021-11-12 17:13:19 - [TEST_STEP][PASSED] - Method.TextDegerineEsitElementVarMi(findTestObject("Butonlar/Butonlar"), Buton): Method.TextDegerineEsitElementVarMi is PASSED

2021-11-12 17:13:19 - [MESSAGE][INFO] - Finding Test Object 'Object Repository/Butonlar/Butonlar'

2021-11-12 17:13:19 - [MESSAGE][INFO] - Checking timeout

2021-11-12 17:13:19 - [MESSAGE][INFO] - Finding web element with id: 'Object Repository/Butonlar/Butonlar' located by 'By.cssSelector: .panel.panel-default.text-center.footerPanel .btn,.btn.btn-primary.btnControls' in '10' second(s)

2021-11-12 17:13:19 - [MESSAGE][INFO] - Smart Wait Function is triggered

2021-11-12 17:13:19 - [MESSAGE][INFO] - Found 12 web elements with id: 'Object Repository/Butonlar/Butonlar' located by 'By.cssSelector: .panel.panel-default.text-center.footerPanel .btn,.btn.btn-primary.btnControls' in '10' second(s)

2021-11-12 17:13:19 - [MESSAGE][PASSED] - Method.TextDegerineEsitElementVarMi is PASSED

2021-11-12 17:13:19 - [MESSAGE][PASSED] - Call Test Case 'Test Cases/Butonlar/ButonVarMi' successfully

2021-11-12 17:13:19 - [MESSAGE][INFO] - Checking called Test Case

2021-11-12 17:13:19 - [MESSAGE][INFO] - Starting to call Test Case 'Test Cases/Butonlar/ButonVarMi'

2021-11-12 17:13:20 - [TEST_CASE][PASSED] - Test Cases/Butonlar/ButonVarMi: Test Cases/Butonlar/ButonVarMi

2021-11-12 17:13:20 - [TEST_STEP][PASSED] - Method.TextDegerineEsitElementVarMi(findTestObject("Butonlar/Butonlar"), Buton): Method.TextDegerineEsitElementVarMi is PASSED

2021-11-12 17:13:20 - [MESSAGE][INFO] - Finding Test Object 'Object Repository/Butonlar/Butonlar'

2021-11-12 17:13:20 - [MESSAGE][INFO] - Checking timeout

2021-11-12 17:13:20 - [MESSAGE][INFO] - Finding web element with id: 'Object Repository/Butonlar/Butonlar' located by 'By.cssSelector: .panel.panel-default.text-center.footerPanel .btn,.btn.btn-primary.btnControls' in '10' second(s)

2021-11-12 17:13:20 - [MESSAGE][INFO] - Smart Wait Function is triggered

2021-11-12 17:13:20 - [MESSAGE][INFO] - Found 12 web elements with id: 'Object Repository/Butonlar/Butonlar' located by 'By.cssSelector: .panel.panel-default.text-center.footerPanel .btn,.btn.btn-primary.btnControls' in '10' second(s)

2021-11-12 17:13:20 - [MESSAGE][PASSED] - Method.TextDegerineEsitElementVarMi is PASSED

2021-11-12 17:13:20 - [MESSAGE][PASSED] - Call Test Case 'Test Cases/Butonlar/ButonVarMi' successfully

2021-11-12 17:13:20 - [MESSAGE][INFO] - Checking called Test Case

2021-11-12 17:13:20 - [MESSAGE][INFO] - Starting to call Test Case 'Test Cases/Butonlar/ButonVarMi'

2021-11-12 17:13:20 - [TEST_CASE][PASSED] - Test Cases/Butonlar/ButonVarMi: Test Cases/Butonlar/ButonVarMi

2021-11-12 17:13:20 - [TEST_STEP][PASSED] - Method.TextDegerineEsitElementVarMi(findTestObject("Butonlar/Butonlar"), Buton): Method.TextDegerineEsitElementVarMi is PASSED

2021-11-12 17:13:20 - [MESSAGE][INFO] - Finding Test Object 'Object Repository/Butonlar/Butonlar'

2021-11-12 17:13:20 - [MESSAGE][INFO] - Checking timeout

2021-11-12 17:13:20 - [MESSAGE][INFO] - Finding web element with id: 'Object Repository/Butonlar/Butonlar' located by 'By.cssSelector: .panel.panel-default.text-center.footerPanel .btn,.btn.btn-primary.btnControls' in '10' second(s)

2021-11-12 17:13:20 - [MESSAGE][INFO] - Smart Wait Function is triggered

2021-11-12 17:13:20 - [MESSAGE][INFO] - Found 12 web elements with id: 'Object Repository/Butonlar/Butonlar' located by 'By.cssSelector: .panel.panel-default.text-center.footerPanel .btn,.btn.btn-primary.btnControls' in '10' second(s)

2021-11-12 17:13:21 - [MESSAGE][PASSED] - Method.TextDegerineEsitElementVarMi is PASSED

2021-11-12 17:13:21 - [MESSAGE][PASSED] - Call Test Case 'Test Cases/Butonlar/ButonVarMi' successfully

2021-11-12 17:13:21 - [MESSAGE][INFO] - Checking called Test Case

2021-11-12 17:13:21 - [MESSAGE][INFO] - Starting to call Test Case 'Test Cases/Butonlar/ButonaTikla'

2021-11-12 17:13:21 - [TEST_CASE][PASSED] - Test Cases/Butonlar/ButonaTikla: Test Cases/Butonlar/ButonaTikla

2021-11-12 17:13:21 - [TEST_STEP][PASSED] - Method.TextDegerineEsitElementeTiklaEquals(findTestObject("Butonlar/Butonlar"), Buton_Adi): Method.TextDegerineEsitElementeTiklaEquals is PASSED

2021-11-12 17:13:21 - [MESSAGE][INFO] - Finding Test Object 'Object Repository/Butonlar/Butonlar'

2021-11-12 17:13:21 - [MESSAGE][INFO] - Checking timeout

2021-11-12 17:13:21 - [MESSAGE][INFO] - Finding web element with id: 'Object Repository/Butonlar/Butonlar' located by 'By.cssSelector: .panel.panel-default.text-center.footerPanel .btn,.btn.btn-primary.btnControls' in '10' second(s)

2021-11-12 17:13:21 - [MESSAGE][INFO] - Smart Wait Function is triggered

2021-11-12 17:13:21 - [MESSAGE][INFO] - Found 12 web elements with id: 'Object Repository/Butonlar/Butonlar' located by 'By.cssSelector: .panel.panel-default.text-center.footerPanel .btn,.btn.btn-primary.btnControls' in '10' second(s)

2021-11-12 17:13:21 - [MESSAGE][PASSED] - Method.TextDegerineEsitElementeTiklaEquals is PASSED

2021-11-12 17:13:21 - [MESSAGE][PASSED] - Call Test Case 'Test Cases/Butonlar/ButonaTikla' successfully

2021-11-12 17:13:21 - [MESSAGE][INFO] - Checking called Test Case

2021-11-12 17:13:21 - [MESSAGE][INFO] - Starting to call Test Case 'Test Cases/Butonlar/AltButonVarMi'

2021-11-12 17:13:21 - [TEST_CASE][PASSED] - Test Cases/Butonlar/AltButonVarMi: Test Cases/Butonlar/AltButonVarMi

2021-11-12 17:13:21 - [TEST_STEP][PASSED] - Method.TextDegerineEsitElementVarMi(findTestObject("Butonlar/AltButonlar"), AltButon): Method.TextDegerineEsitElementVarMi is PASSED

2021-11-12 17:13:21 - [MESSAGE][INFO] - Finding Test Object 'Object Repository/Butonlar/AltButonlar'

2021-11-12 17:13:21 - [MESSAGE][INFO] - Checking timeout

2021-11-12 17:13:21 - [MESSAGE][INFO] - Finding web element with id: 'Object Repository/Butonlar/AltButonlar' located by 'By.cssSelector: .btn-group.open li>a' in '10' second(s)

2021-11-12 17:13:21 - [MESSAGE][INFO] - Smart Wait Function is triggered

2021-11-12 17:13:22 - [MESSAGE][INFO] - Found 2 web elements with id: 'Object Repository/Butonlar/AltButonlar' located by 'By.cssSelector: .btn-group.open li>a' in '10' second(s)

2021-11-12 17:13:22 - [MESSAGE][PASSED] - Method.TextDegerineEsitElementVarMi is PASSED

2021-11-12 17:13:22 - [MESSAGE][PASSED] - Call Test Case 'Test Cases/Butonlar/AltButonVarMi' successfully

2021-11-12 17:13:22 - [MESSAGE][INFO] - Checking called Test Case

2021-11-12 17:13:22 - [MESSAGE][INFO] - Starting to call Test Case 'Test Cases/Butonlar/AltButonVarMi'

2021-11-12 17:13:22 - [TEST_CASE][PASSED] - Test Cases/Butonlar/AltButonVarMi: Test Cases/Butonlar/AltButonVarMi

2021-11-12 17:13:22 - [TEST_STEP][PASSED] - Method.TextDegerineEsitElementVarMi(findTestObject("Butonlar/AltButonlar"), AltButon): Method.TextDegerineEsitElementVarMi is PASSED

2021-11-12 17:13:22 - [MESSAGE][INFO] - Finding Test Object 'Object Repository/Butonlar/AltButonlar'

2021-11-12 17:13:22 - [MESSAGE][INFO] - Checking timeout

2021-11-12 17:13:22 - [MESSAGE][INFO] - Finding web element with id: 'Object Repository/Butonlar/AltButonlar' located by 'By.cssSelector: .btn-group.open li>a' in '10' second(s)

2021-11-12 17:13:22 - [MESSAGE][INFO] - Smart Wait Function is triggered

2021-11-12 17:13:22 - [MESSAGE][INFO] - Found 2 web elements with id: 'Object Repository/Butonlar/AltButonlar' located by 'By.cssSelector: .btn-group.open li>a' in '10' second(s)

2021-11-12 17:13:22 - [MESSAGE][PASSED] - Method.TextDegerineEsitElementVarMi is PASSED

2021-11-12 17:13:22 - [MESSAGE][PASSED] - Call Test Case 'Test Cases/Butonlar/AltButonVarMi' successfully

2021-11-12 17:13:22 - [MESSAGE][INFO] - Checking called Test Case

2021-11-12 17:13:22 - [MESSAGE][INFO] - Starting to call Test Case 'Test Cases/Butonlar/ButonaTikla'

2021-11-12 17:13:22 - [TEST_CASE][PASSED] - Test Cases/Butonlar/ButonaTikla: Test Cases/Butonlar/ButonaTikla

2021-11-12 17:13:22 - [TEST_STEP][PASSED] - Method.TextDegerineEsitElementeTiklaEquals(findTestObject("Butonlar/Butonlar"), Buton_Adi): Method.TextDegerineEsitElementeTiklaEquals is PASSED

2021-11-12 17:13:22 - [MESSAGE][INFO] - Finding Test Object 'Object Repository/Butonlar/Butonlar'

2021-11-12 17:13:22 - [MESSAGE][INFO] - Checking timeout

2021-11-12 17:13:22 - [MESSAGE][INFO] - Finding web element with id: 'Object Repository/Butonlar/Butonlar' located by 'By.cssSelector: .panel.panel-default.text-center.footerPanel .btn,.btn.btn-primary.btnControls' in '10' second(s)

2021-11-12 17:13:22 - [MESSAGE][INFO] - Smart Wait Function is triggered

2021-11-12 17:13:22 - [MESSAGE][INFO] - Found 12 web elements with id: 'Object Repository/Butonlar/Butonlar' located by 'By.cssSelector: .panel.panel-default.text-center.footerPanel .btn,.btn.btn-primary.btnControls' in '10' second(s)

2021-11-12 17:13:22 - [MESSAGE][PASSED] - Method.TextDegerineEsitElementeTiklaEquals is PASSED

2021-11-12 17:13:22 - [MESSAGE][PASSED] - Call Test Case 'Test Cases/Butonlar/ButonaTikla' successfully

2021-11-12 17:13:22 - [MESSAGE][INFO] - Checking called Test Case

2021-11-12 17:13:22 - [MESSAGE][INFO] - Starting to call Test Case 'Test Cases/Butonlar/AltButonVarMi'

2021-11-12 17:13:23 - [TEST_CASE][PASSED] - Test Cases/Butonlar/AltButonVarMi: Test Cases/Butonlar/AltButonVarMi

2021-11-12 17:13:23 - [TEST_STEP][PASSED] - Method.TextDegerineEsitElementVarMi(findTestObject("Butonlar/AltButonlar"), AltButon): Method.TextDegerineEsitElementVarMi is PASSED

2021-11-12 17:13:23 - [MESSAGE][INFO] - Finding Test Object 'Object Repository/Butonlar/AltButonlar'

2021-11-12 17:13:23 - [MESSAGE][INFO] - Checking timeout

2021-11-12 17:13:23 - [MESSAGE][INFO] - Finding web element with id: 'Object Repository/Butonlar/AltButonlar' located by 'By.cssSelector: .btn-group.open li>a' in '10' second(s)

2021-11-12 17:13:23 - [MESSAGE][INFO] - Smart Wait Function is triggered

2021-11-12 17:13:23 - [MESSAGE][INFO] - Found 4 web elements with id: 'Object Repository/Butonlar/AltButonlar' located by 'By.cssSelector: .btn-group.open li>a' in '10' second(s)

2021-11-12 17:13:23 - [MESSAGE][PASSED] - Method.TextDegerineEsitElementVarMi is PASSED

2021-11-12 17:13:23 - [MESSAGE][PASSED] - Call Test Case 'Test Cases/Butonlar/AltButonVarMi' successfully

2021-11-12 17:13:23 - [MESSAGE][INFO] - Checking called Test Case

2021-11-12 17:13:23 - [MESSAGE][INFO] - Starting to call Test Case 'Test Cases/Butonlar/AltButonVarMi'

2021-11-12 17:13:23 - [TEST_CASE][PASSED] - Test Cases/Butonlar/AltButonVarMi: Test Cases/Butonlar/AltButonVarMi

2021-11-12 17:13:23 - [TEST_STEP][PASSED] - Method.TextDegerineEsitElementVarMi(findTestObject("Butonlar/AltButonlar"), AltButon): Method.TextDegerineEsitElementVarMi is PASSED

2021-11-12 17:13:23 - [MESSAGE][INFO] - Finding Test Object 'Object Repository/Butonlar/AltButonlar'

2021-11-12 17:13:23 - [MESSAGE][INFO] - Checking timeout

2021-11-12 17:13:23 - [MESSAGE][INFO] - Finding web element with id: 'Object Repository/Butonlar/AltButonlar' located by 'By.cssSelector: .btn-group.open li>a' in '10' second(s)

2021-11-12 17:13:23 - [MESSAGE][INFO] - Smart Wait Function is triggered

2021-11-12 17:13:23 - [MESSAGE][INFO] - Found 4 web elements with id: 'Object Repository/Butonlar/AltButonlar' located by 'By.cssSelector: .btn-group.open li>a' in '10' second(s)

2021-11-12 17:13:23 - [MESSAGE][PASSED] - Method.TextDegerineEsitElementVarMi is PASSED

2021-11-12 17:13:23 - [MESSAGE][PASSED] - Call Test Case 'Test Cases/Butonlar/AltButonVarMi' successfully

2021-11-12 17:13:23 - [MESSAGE][INFO] - Checking called Test Case

2021-11-12 17:13:23 - [MESSAGE][INFO] - Starting to call Test Case 'Test Cases/Butonlar/ButonaTikla'

2021-11-12 17:13:23 - [TEST_CASE][PASSED] - Test Cases/Butonlar/ButonaTikla: Test Cases/Butonlar/ButonaTikla

2021-11-12 17:13:23 - [TEST_STEP][PASSED] - Method.TextDegerineEsitElementeTiklaEquals(findTestObject("Butonlar/Butonlar"), Buton_Adi): Method.TextDegerineEsitElementeTiklaEquals is PASSED

2021-11-12 17:13:23 - [MESSAGE][INFO] - Finding Test Object 'Object Repository/Butonlar/Butonlar'

2021-11-12 17:13:23 - [MESSAGE][INFO] - Checking timeout

2021-11-12 17:13:23 - [MESSAGE][INFO] - Finding web element with id: 'Object Repository/Butonlar/Butonlar' located by 'By.cssSelector: .panel.panel-default.text-center.footerPanel .btn,.btn.btn-primary.btnControls' in '10' second(s)

2021-11-12 17:13:23 - [MESSAGE][INFO] - Smart Wait Function is triggered

2021-11-12 17:13:24 - [MESSAGE][INFO] - Found 12 web elements with id: 'Object Repository/Butonlar/Butonlar' located by 'By.cssSelector: .panel.panel-default.text-center.footerPanel .btn,.btn.btn-primary.btnControls' in '10' second(s)

2021-11-12 17:13:24 - [MESSAGE][PASSED] - Method.TextDegerineEsitElementeTiklaEquals is PASSED

2021-11-12 17:13:24 - [MESSAGE][PASSED] - Call Test Case 'Test Cases/Butonlar/ButonaTikla' successfully

2021-11-12 17:13:24 - [MESSAGE][INFO] - Checking called Test Case

2021-11-12 17:13:24 - [MESSAGE][INFO] - Starting to call Test Case 'Test Cases/Butonlar/AltButonVarMi'

2021-11-12 17:13:24 - [TEST_CASE][PASSED] - Test Cases/Butonlar/AltButonVarMi: Test Cases/Butonlar/AltButonVarMi

2021-11-12 17:13:24 - [TEST_STEP][PASSED] - Method.TextDegerineEsitElementVarMi(findTestObject("Butonlar/AltButonlar"), AltButon): Method.TextDegerineEsitElementVarMi is PASSED

2021-11-12 17:13:24 - [MESSAGE][INFO] - Finding Test Object 'Object Repository/Butonlar/AltButonlar'

2021-11-12 17:13:24 - [MESSAGE][INFO] - Checking timeout

2021-11-12 17:13:24 - [MESSAGE][INFO] - Finding web element with id: 'Object Repository/Butonlar/AltButonlar' located by 'By.cssSelector: .btn-group.open li>a' in '10' second(s)

2021-11-12 17:13:24 - [MESSAGE][INFO] - Smart Wait Function is triggered

2021-11-12 17:13:24 - [MESSAGE][INFO] - Found 2 web elements with id: 'Object Repository/Butonlar/AltButonlar' located by 'By.cssSelector: .btn-group.open li>a' in '10' second(s)

2021-11-12 17:13:24 - [MESSAGE][PASSED] - Method.TextDegerineEsitElementVarMi is PASSED

2021-11-12 17:13:24 - [MESSAGE][PASSED] - Call Test Case 'Test Cases/Butonlar/AltButonVarMi' successfully

2021-11-12 17:13:24 - [MESSAGE][INFO] - Checking called Test Case

2021-11-12 17:13:24 - [MESSAGE][INFO] - Starting to call Test Case 'Test Cases/Butonlar/AltButonVarMi'

2021-11-12 17:13:24 - [TEST_CASE][PASSED] - Test Cases/Butonlar/AltButonVarMi: Test Cases/Butonlar/AltButonVarMi

2021-11-12 17:13:24 - [TEST_STEP][PASSED] - Method.TextDegerineEsitElementVarMi(findTestObject("Butonlar/AltButonlar"), AltButon): Method.TextDegerineEsitElementVarMi is PASSED

2021-11-12 17:13:24 - [MESSAGE][INFO] - Finding Test Object 'Object Repository/Butonlar/AltButonlar'

2021-11-12 17:13:25 - [MESSAGE][INFO] - Checking timeout

2021-11-12 17:13:25 - [MESSAGE][INFO] - Finding web element with id: 'Object Repository/Butonlar/AltButonlar' located by 'By.cssSelector: .btn-group.open li>a' in '10' second(s)

2021-11-12 17:13:25 - [MESSAGE][INFO] - Smart Wait Function is triggered

2021-11-12 17:13:25 - [MESSAGE][INFO] - Found 2 web elements with id: 'Object Repository/Butonlar/AltButonlar' located by 'By.cssSelector: .btn-group.open li>a' in '10' second(s)

2021-11-12 17:13:25 - [MESSAGE][PASSED] - Method.TextDegerineEsitElementVarMi is PASSED

2021-11-12 17:13:25 - [MESSAGE][PASSED] - Call Test Case 'Test Cases/Butonlar/AltButonVarMi' successfully

2021-11-12 17:13:25 - [MESSAGE][INFO] - Checking called Test Case

2021-11-12 17:13:25 - [MESSAGE][INFO] - Starting to call Test Case 'Test Cases/Butonlar/ButonaTikla'

2021-11-12 17:13:25 - [TEST_CASE][PASSED] - Test Cases/Butonlar/ButonaTikla: Test Cases/Butonlar/ButonaTikla

2021-11-12 17:13:25 - [TEST_STEP][PASSED] - Method.TextDegerineEsitElementeTiklaEquals(findTestObject("Butonlar/Butonlar"), Buton_Adi): Method.TextDegerineEsitElementeTiklaEquals is PASSED

2021-11-12 17:13:25 - [MESSAGE][INFO] - Finding Test Object 'Object Repository/Butonlar/Butonlar'

2021-11-12 17:13:25 - [MESSAGE][INFO] - Checking timeout

2021-11-12 17:13:25 - [MESSAGE][INFO] - Finding web element with id: 'Object Repository/Butonlar/Butonlar' located by 'By.cssSelector: .panel.panel-default.text-center.footerPanel .btn,.btn.btn-primary.btnControls' in '10' second(s)

2021-11-12 17:13:25 - [MESSAGE][INFO] - Smart Wait Function is triggered

2021-11-12 17:13:25 - [MESSAGE][INFO] - Found 12 web elements with id: 'Object Repository/Butonlar/Butonlar' located by 'By.cssSelector: .panel.panel-default.text-center.footerPanel .btn,.btn.btn-primary.btnControls' in '10' second(s)

2021-11-12 17:13:26 - [MESSAGE][PASSED] - Method.TextDegerineEsitElementeTiklaEquals is PASSED

2021-11-12 17:13:26 - [MESSAGE][PASSED] - Call Test Case 'Test Cases/Butonlar/ButonaTikla' successfully

2021-11-12 17:13:26 - [MESSAGE][INFO] - Checking called Test Case

2021-11-12 17:13:26 - [MESSAGE][INFO] - Starting to call Test Case 'Test Cases/Butonlar/AltButonVarMi'

2021-11-12 17:13:26 - [TEST_CASE][PASSED] - Test Cases/Butonlar/AltButonVarMi: Test Cases/Butonlar/AltButonVarMi

2021-11-12 17:13:26 - [TEST_STEP][PASSED] - Method.TextDegerineEsitElementVarMi(findTestObject("Butonlar/AltButonlar"), AltButon): Method.TextDegerineEsitElementVarMi is PASSED

2021-11-12 17:13:26 - [MESSAGE][INFO] - Finding Test Object 'Object Repository/Butonlar/AltButonlar'

2021-11-12 17:13:26 - [MESSAGE][INFO] - Checking timeout

2021-11-12 17:13:26 - [MESSAGE][INFO] - Finding web element with id: 'Object Repository/Butonlar/AltButonlar' located by 'By.cssSelector: .btn-group.open li>a' in '10' second(s)

2021-11-12 17:13:26 - [MESSAGE][INFO] - Smart Wait Function is triggered

2021-11-12 17:13:26 - [MESSAGE][INFO] - Found 2 web elements with id: 'Object Repository/Butonlar/AltButonlar' located by 'By.cssSelector: .btn-group.open li>a' in '10' second(s)

2021-11-12 17:13:26 - [MESSAGE][PASSED] - Method.TextDegerineEsitElementVarMi is PASSED

2021-11-12 17:13:26 - [MESSAGE][PASSED] - Call Test Case 'Test Cases/Butonlar/AltButonVarMi' successfully

2021-11-12 17:13:26 - [MESSAGE][INFO] - Checking called Test Case

2021-11-12 17:13:26 - [MESSAGE][INFO] - Starting to call Test Case 'Test Cases/Sayfalar/AnaSayfa/AnaSayfayaDonulur'

2021-11-12 17:13:26 - [TEST_CASE][PASSED] - Test Cases/Sayfalar/AnaSayfa/AnaSayfayaDonulur: Test Cases/Sayfalar/AnaSayfa/AnaSayfayaDonulur

2021-11-12 17:13:26 - [TEST_STEP][PASSED] - click(findTestObject("Sayfalar/AnaSayfa/AnaSayfa")): Object: 'Object Repository/Sayfalar/AnaSayfa/AnaSayfa' is clicked on

2021-11-12 17:13:26 - [MESSAGE][INFO] - Finding Test Object 'Object Repository/Sayfalar/AnaSayfa/AnaSayfa'

2021-11-12 17:13:26 - [MESSAGE][INFO] - Checking object

2021-11-12 17:13:26 - [MESSAGE][INFO] - Finding web element from Test Object's properties

2021-11-12 17:13:26 - [MESSAGE][INFO] - Checking timeout

2021-11-12 17:13:26 - [MESSAGE][INFO] - Finding web element with id: 'Object Repository/Sayfalar/AnaSayfa/AnaSayfa' located by 'By.cssSelector: div.navbar-header > a > img' in '30' second(s)

2021-11-12 17:13:26 - [MESSAGE][INFO] - Smart Wait Function is triggered

2021-11-12 17:13:27 - [MESSAGE][INFO] - Found 1 web elements with id: 'Object Repository/Sayfalar/AnaSayfa/AnaSayfa' located by 'By.cssSelector: div.navbar-header > a > img' in '30' second(s)

2021-11-12 17:13:27 - [MESSAGE][INFO] - Clicking on object: 'Object Repository/Sayfalar/AnaSayfa/AnaSayfa'

2021-11-12 17:13:28 - [MESSAGE][PASSED] - Object: 'Object Repository/Sayfalar/AnaSayfa/AnaSayfa' is clicked on

2021-11-12 17:13:28 - [TEST_STEP][PASSED] - if (verifyElementPresent(findTestObject("Sayfalar/Giris_Sayfasi/PopupOK"), 5, OPTIONAL)): null

2021-11-12 17:13:28 - [MESSAGE][INFO] - Finding Test Object 'Object Repository/Sayfalar/Giris_Sayfasi/PopupOK'

2021-11-12 17:13:28 - [MESSAGE][INFO] - Checking object

2021-11-12 17:13:28 - [MESSAGE][INFO] - Finding web element from Test Object's properties

2021-11-12 17:13:28 - [MESSAGE][INFO] - Checking timeout

2021-11-12 17:13:28 - [MESSAGE][INFO] - Finding web element with id: 'Object Repository/Sayfalar/Giris_Sayfasi/PopupOK' located by 'By.cssSelector: .btn.btn-success' in '5' second(s)

2021-11-12 17:13:28 - [MESSAGE][INFO] - Smart Wait Function is triggered

2021-11-12 17:13:29 - [MESSAGE][INFO] - Found 1 web elements with id: 'Object Repository/Sayfalar/Giris_Sayfasi/PopupOK' located by 'By.cssSelector: .btn.btn-success' in '5' second(s)

2021-11-12 17:13:29 - [MESSAGE][PASSED] - Object 'Object Repository/Sayfalar/Giris_Sayfasi/PopupOK' is present

2021-11-12 17:13:29 - [TEST_STEP][PASSED] - click(findTestObject("Sayfalar/Giris_Sayfasi/PopupOK")): Object: 'Object Repository/Sayfalar/Giris_Sayfasi/PopupOK' is clicked on

2021-11-12 17:13:29 - [MESSAGE][INFO] - Finding Test Object 'Object Repository/Sayfalar/Giris_Sayfasi/PopupOK'

2021-11-12 17:13:29 - [MESSAGE][INFO] - Checking object

2021-11-12 17:13:29 - [MESSAGE][INFO] - Finding web element from Test Object's properties

2021-11-12 17:13:29 - [MESSAGE][INFO] - Checking timeout

2021-11-12 17:13:29 - [MESSAGE][INFO] - Finding web element with id: 'Object Repository/Sayfalar/Giris_Sayfasi/PopupOK' located by 'By.cssSelector: .btn.btn-success' in '30' second(s)

2021-11-12 17:13:29 - [MESSAGE][INFO] - Smart Wait Function is triggered

2021-11-12 17:13:29 - [MESSAGE][INFO] - Found 1 web elements with id: 'Object Repository/Sayfalar/Giris_Sayfasi/PopupOK' located by 'By.cssSelector: .btn.btn-success' in '30' second(s)

2021-11-12 17:13:29 - [MESSAGE][INFO] - Clicking on object: 'Object Repository/Sayfalar/Giris_Sayfasi/PopupOK'

2021-11-12 17:13:29 - [MESSAGE][PASSED] - Object: 'Object Repository/Sayfalar/Giris_Sayfasi/PopupOK' is clicked on

2021-11-12 17:13:29 - [TEST_STEP][PASSED] - verifyElementVisible(findTestObject("Object Repository/Kullanici_Islemleri/KullaniciIslemleri")): Object 'Object Repository/Kullanici_Islemleri/KullaniciIslemleri' is visible

2021-11-12 17:13:29 - [MESSAGE][INFO] - Finding Test Object 'Object Repository/Kullanici_Islemleri/KullaniciIslemleri'

2021-11-12 17:13:29 - [MESSAGE][INFO] - Checking object

2021-11-12 17:13:29 - [MESSAGE][INFO] - Finding web element from Test Object's properties

2021-11-12 17:13:29 - [MESSAGE][INFO] - Checking timeout

2021-11-12 17:13:29 - [MESSAGE][INFO] - Finding web element with id: 'Object Repository/Kullanici_Islemleri/KullaniciIslemleri' located by 'By.cssSelector: .dropdown>a>img' in '30' second(s)

2021-11-12 17:13:29 - [MESSAGE][INFO] - Smart Wait Function is triggered

2021-11-12 17:13:30 - [MESSAGE][INFO] - Found 1 web elements with id: 'Object Repository/Kullanici_Islemleri/KullaniciIslemleri' located by 'By.cssSelector: .dropdown>a>img' in '30' second(s)

2021-11-12 17:13:30 - [MESSAGE][PASSED] - Object 'Object Repository/Kullanici_Islemleri/KullaniciIslemleri' is visible

2021-11-12 17:13:30 - [MESSAGE][PASSED] - Call Test Case 'Test Cases/Sayfalar/AnaSayfa/AnaSayfayaDonulur' successfully

2021-11-12 17:13:30 - [MESSAGE][INFO] - Checking called Test Case

2021-11-12 17:13:30 - [MESSAGE][INFO] - Starting to call Test Case 'Test Cases/Menu/AnaMenuSecimi'

2021-11-12 17:13:30 - [TEST_CASE][PASSED] - Test Cases/Menu/AnaMenuSecimi: Test Cases/Menu/AnaMenuSecimi

2021-11-12 17:13:30 - [TEST_STEP][PASSED] - Method.TextDegerineEsitElementeTikla(findTestObject("Menu/Ana_Menu"), Ana_Menu): Method.TextDegerineEsitElementeTikla is PASSED

2021-11-12 17:13:30 - [MESSAGE][INFO] - Finding Test Object 'Object Repository/Menu/Ana_Menu'

2021-11-12 17:13:30 - [MESSAGE][INFO] - Checking timeout

2021-11-12 17:13:30 - [MESSAGE][INFO] - Finding web element with id: 'Object Repository/Menu/Ana_Menu' located by 'By.xpath: //*[@class = 'dropdown-toggle']' in '10' second(s)

2021-11-12 17:13:30 - [MESSAGE][INFO] - Smart Wait Function is triggered

2021-11-12 17:13:31 - [MESSAGE][INFO] - Found 14 web elements with id: 'Object Repository/Menu/Ana_Menu' located by 'By.xpath: //*[@class = 'dropdown-toggle']' in '10' second(s)

2021-11-12 17:13:31 - [MESSAGE][PASSED] - Method.TextDegerineEsitElementeTikla is PASSED

2021-11-12 17:13:31 - [MESSAGE][PASSED] - Call Test Case 'Test Cases/Menu/AnaMenuSecimi' successfully

2021-11-12 17:13:31 - [MESSAGE][INFO] - Checking called Test Case

2021-11-12 17:13:31 - [MESSAGE][INFO] - Starting to call Test Case 'Test Cases/Menu/BasligaGoreAltMenuSecimi'

2021-11-12 17:13:31 - [TEST_CASE][PASSED] - Test Cases/Menu/BasligaGoreAltMenuSecimi: Test Cases/Menu/BasligaGoreAltMenuSecimi

2021-11-12 17:13:31 - [TEST_STEP][PASSED] - Method.TextDegerineEsitElementinAltindakiTextDegerineEsitOlanaTikla(findTestObject("Menu/Menu_Basligi"), findTestObject("Menu/Basliga_Gore_Alt_Menu"), Baslik, Alt_Menu): Method.TextDegerineEsitElementinAltindakiTextDegerineEsitOlanaTikla is PASSED

2021-11-12 17:13:31 - [MESSAGE][INFO] - Finding Test Object 'Object Repository/Menu/Menu_Basligi'

2021-11-12 17:13:31 - [MESSAGE][INFO] - Finding Test Object 'Object Repository/Menu/Basliga_Gore_Alt_Menu'

2021-11-12 17:13:31 - [MESSAGE][INFO] - Checking timeout

2021-11-12 17:13:31 - [MESSAGE][INFO] - Finding web element with id: 'Object Repository/Menu/Menu_Basligi' located by 'By.xpath: //li[@class='dropdown dropdown-large open']//li[@class='dropdown-header']' in '10' second(s)

2021-11-12 17:13:31 - [MESSAGE][INFO] - Smart Wait Function is triggered

2021-11-12 17:13:31 - [MESSAGE][INFO] - Found 2 web elements with id: 'Object Repository/Menu/Menu_Basligi' located by 'By.xpath: //li[@class='dropdown dropdown-large open']//li[@class='dropdown-header']' in '10' second(s)

2021-11-12 17:13:31 - [MESSAGE][INFO] - Smart Wait Function is triggered

2021-11-12 17:13:33 - [MESSAGE][PASSED] - Method.TextDegerineEsitElementinAltindakiTextDegerineEsitOlanaTikla is PASSED

2021-11-12 17:13:33 - [MESSAGE][PASSED] - Call Test Case 'Test Cases/Menu/BasligaGoreAltMenuSecimi' successfully

2021-11-12 17:13:33 - [MESSAGE][INFO] - Checking called Test Case

2021-11-12 17:13:33 - [MESSAGE][INFO] - Starting to call Test Case 'Test Cases/Filtreler/BaslangicYaz'

2021-11-12 17:13:33 - [TEST_CASE][PASSED] - Test Cases/Filtreler/BaslangicYaz: Test Cases/Filtreler/BaslangicYaz

2021-11-12 17:13:33 - [TEST_STEP][PASSED] - Method.TextDegerineEsitElementinAltindakineTikla(findTestObject("Filtreler/Basliklar"), findTestObject("Filtreler/Basliga_Gore_Baslangic_Image"), Filtre_Adi): Method.TextDegerineEsitElementinAltindakineTikla is PASSED

2021-11-12 17:13:33 - [MESSAGE][INFO] - Finding Test Object 'Object Repository/Filtreler/Basliklar'

2021-11-12 17:13:33 - [MESSAGE][INFO] - Finding Test Object 'Object Repository/Filtreler/Basliga_Gore_Baslangic_Image'

2021-11-12 17:13:33 - [MESSAGE][INFO] - Checking timeout

2021-11-12 17:13:33 - [MESSAGE][INFO] - Finding web element with id: 'Object Repository/Filtreler/Basliklar' located by 'By.cssSelector: .control-label.col-sm-4.paddingMarginRLC' in '10' second(s)

2021-11-12 17:13:33 - [MESSAGE][INFO] - Smart Wait Function is triggered

2021-11-12 17:13:33 - [MESSAGE][INFO] - Found 19 web elements with id: 'Object Repository/Filtreler/Basliklar' located by 'By.cssSelector: .control-label.col-sm-4.paddingMarginRLC' in '10' second(s)

2021-11-12 17:13:34 - [MESSAGE][INFO] - Smart Wait Function is triggered

2021-11-12 17:13:34 - [MESSAGE][PASSED] - Method.TextDegerineEsitElementinAltindakineTikla is PASSED

2021-11-12 17:13:34 - [TEST_STEP][PASSED] - Method.TextDegerineEsitElementinAltindakiTextboxtaYaz(findTestObject("Filtreler/Basliklar"), findTestObject("Filtreler/Basliga_Gore_Baslangic"), Filtre_Adi, Filtre_Degeri): Method.TextDegerineEsitElementinAltindakiTextboxtaYaz is PASSED

2021-11-12 17:13:34 - [MESSAGE][INFO] - Finding Test Object 'Object Repository/Filtreler/Basliklar'

2021-11-12 17:13:34 - [MESSAGE][INFO] - Finding Test Object 'Object Repository/Filtreler/Basliga_Gore_Baslangic'

2021-11-12 17:13:34 - [MESSAGE][INFO] - Checking timeout

2021-11-12 17:13:34 - [MESSAGE][INFO] - Finding web element with id: 'Object Repository/Filtreler/Basliklar' located by 'By.cssSelector: .control-label.col-sm-4.paddingMarginRLC' in '10' second(s)

2021-11-12 17:13:34 - [MESSAGE][INFO] - Smart Wait Function is triggered

2021-11-12 17:13:34 - [MESSAGE][INFO] - Found 19 web elements with id: 'Object Repository/Filtreler/Basliklar' located by 'By.cssSelector: .control-label.col-sm-4.paddingMarginRLC' in '10' second(s)

2021-11-12 17:13:35 - [MESSAGE][INFO] - Smart Wait Function is triggered

2021-11-12 17:13:35 - [MESSAGE][PASSED] - Method.TextDegerineEsitElementinAltindakiTextboxtaYaz is PASSED

2021-11-12 17:13:35 - [MESSAGE][PASSED] - Call Test Case 'Test Cases/Filtreler/BaslangicYaz' successfully

2021-11-12 17:13:35 - [MESSAGE][INFO] - Checking called Test Case

2021-11-12 17:13:35 - [MESSAGE][INFO] - Starting to call Test Case 'Test Cases/Filtreler/BitisYaz'

2021-11-12 17:13:35 - [TEST_CASE][PASSED] - Test Cases/Filtreler/BitisYaz: Test Cases/Filtreler/BitisYaz

2021-11-12 17:13:35 - [TEST_STEP][PASSED] - Method.TextDegerineEsitElementinAltindakineTikla(findTestObject("Filtreler/Basliklar"), findTestObject("Filtreler/Basliga_Gore_Bitis_Image"), Filtre_Adi): Method.TextDegerineEsitElementinAltindakineTikla is PASSED

2021-11-12 17:13:35 - [MESSAGE][INFO] - Finding Test Object 'Object Repository/Filtreler/Basliklar'

2021-11-12 17:13:35 - [MESSAGE][INFO] - Finding Test Object 'Object Repository/Filtreler/Basliga_Gore_Bitis_Image'

2021-11-12 17:13:35 - [MESSAGE][INFO] - Checking timeout

2021-11-12 17:13:35 - [MESSAGE][INFO] - Finding web element with id: 'Object Repository/Filtreler/Basliklar' located by 'By.cssSelector: .control-label.col-sm-4.paddingMarginRLC' in '10' second(s)

2021-11-12 17:13:35 - [MESSAGE][INFO] - Smart Wait Function is triggered

2021-11-12 17:13:35 - [MESSAGE][INFO] - Found 19 web elements with id: 'Object Repository/Filtreler/Basliklar' located by 'By.cssSelector: .control-label.col-sm-4.paddingMarginRLC' in '10' second(s)

2021-11-12 17:13:36 - [MESSAGE][INFO] - Smart Wait Function is triggered

2021-11-12 17:13:36 - [MESSAGE][PASSED] - Method.TextDegerineEsitElementinAltindakineTikla is PASSED

2021-11-12 17:13:36 - [TEST_STEP][PASSED] - Method.TextDegerineEsitElementinAltindakiTextboxtaYaz(findTestObject("Filtreler/Basliklar"), findTestObject("Object Repository/Filtreler/Basliga_Gore_Bitis"), Filtre_Adi, Filtre_Degeri): Method.TextDegerineEsitElementinAltindakiTextboxtaYaz is PASSED

2021-11-12 17:13:36 - [MESSAGE][INFO] - Finding Test Object 'Object Repository/Filtreler/Basliklar'

2021-11-12 17:13:36 - [MESSAGE][INFO] - Finding Test Object 'Object Repository/Filtreler/Basliga_Gore_Bitis'

2021-11-12 17:13:36 - [MESSAGE][INFO] - Checking timeout

2021-11-12 17:13:36 - [MESSAGE][INFO] - Finding web element with id: 'Object Repository/Filtreler/Basliklar' located by 'By.cssSelector: .control-label.col-sm-4.paddingMarginRLC' in '10' second(s)

2021-11-12 17:13:36 - [MESSAGE][INFO] - Smart Wait Function is triggered

2021-11-12 17:13:36 - [MESSAGE][INFO] - Found 19 web elements with id: 'Object Repository/Filtreler/Basliklar' located by 'By.cssSelector: .control-label.col-sm-4.paddingMarginRLC' in '10' second(s)

2021-11-12 17:13:36 - [MESSAGE][INFO] - Smart Wait Function is triggered

2021-11-12 17:13:37 - [MESSAGE][PASSED] - Method.TextDegerineEsitElementinAltindakiTextboxtaYaz is PASSED

2021-11-12 17:13:37 - [MESSAGE][PASSED] - Call Test Case 'Test Cases/Filtreler/BitisYaz' successfully

2021-11-12 17:13:37 - [MESSAGE][INFO] - Checking called Test Case

2021-11-12 17:13:37 - [MESSAGE][INFO] - Starting to call Test Case 'Test Cases/Filtreler/TexboxaYaz'

2021-11-12 17:13:37 - [TEST_CASE][PASSED] - Test Cases/Filtreler/TexboxaYaz: Test Cases/Filtreler/TexboxaYaz

2021-11-12 17:13:37 - [TEST_STEP][PASSED] - Method.TextDegerineEsitElementinAltindakiTextboxtaYaz(findTestObject("Filtreler/Basliklar"), findTestObject("Filtreler/Basliga_Gore_Textbox"), Filtre_Adi, Filtre_Degeri): Method.TextDegerineEsitElementinAltindakiTextboxtaYaz is PASSED

2021-11-12 17:13:37 - [MESSAGE][INFO] - Finding Test Object 'Object Repository/Filtreler/Basliklar'

2021-11-12 17:13:37 - [MESSAGE][INFO] - Finding Test Object 'Object Repository/Filtreler/Basliga_Gore_Textbox'

2021-11-12 17:13:37 - [MESSAGE][INFO] - Checking timeout

2021-11-12 17:13:37 - [MESSAGE][INFO] - Finding web element with id: 'Object Repository/Filtreler/Basliklar' located by 'By.cssSelector: .control-label.col-sm-4.paddingMarginRLC' in '10' second(s)

2021-11-12 17:13:37 - [MESSAGE][INFO] - Smart Wait Function is triggered

2021-11-12 17:13:37 - [MESSAGE][INFO] - Found 19 web elements with id: 'Object Repository/Filtreler/Basliklar' located by 'By.cssSelector: .control-label.col-sm-4.paddingMarginRLC' in '10' second(s)

2021-11-12 17:13:37 - [MESSAGE][INFO] - Smart Wait Function is triggered

2021-11-12 17:13:38 - [MESSAGE][PASSED] - Method.TextDegerineEsitElementinAltindakiTextboxtaYaz is PASSED

2021-11-12 17:13:38 - [MESSAGE][PASSED] - Call Test Case 'Test Cases/Filtreler/TexboxaYaz' successfully

2021-11-12 17:13:38 - [MESSAGE][INFO] - Checking called Test Case

2021-11-12 17:13:38 - [MESSAGE][INFO] - Starting to call Test Case 'Test Cases/Filtreler/ButonaTikla'

2021-11-12 17:13:38 - [TEST_CASE][PASSED] - Test Cases/Filtreler/ButonaTikla: Test Cases/Filtreler/ButonaTikla

2021-11-12 17:13:38 - [TEST_STEP][PASSED] - Method.TextDegerineEsitElementeTikla(findTestObject("Filtreler/Butonlar"), Filtre_Buton): Method.TextDegerineEsitElementeTikla is PASSED

2021-11-12 17:13:38 - [MESSAGE][INFO] - Finding Test Object 'Object Repository/Filtreler/Butonlar'

2021-11-12 17:13:38 - [MESSAGE][INFO] - Checking timeout

2021-11-12 17:13:38 - [MESSAGE][INFO] - Finding web element with id: 'Object Repository/Filtreler/Butonlar' located by 'By.cssSelector: .dxb>span' in '10' second(s)

2021-11-12 17:13:38 - [MESSAGE][INFO] - Smart Wait Function is triggered

2021-11-12 17:13:38 - [MESSAGE][INFO] - Found 3 web elements with id: 'Object Repository/Filtreler/Butonlar' located by 'By.cssSelector: .dxb>span' in '10' second(s)

2021-11-12 17:13:38 - [MESSAGE][PASSED] - Method.TextDegerineEsitElementeTikla is PASSED

2021-11-12 17:13:38 - [MESSAGE][PASSED] - Call Test Case 'Test Cases/Filtreler/ButonaTikla' successfully

2021-11-12 17:13:38 - [MESSAGE][INFO] - Checking called Test Case

2021-11-12 17:13:38 - [MESSAGE][INFO] - Starting to call Test Case 'Test Cases/Tablo/TablodaVeriVarMi'

2021-11-12 17:13:38 - [TEST_CASE][PASSED] - Test Cases/Tablo/TablodaVeriVarMi: Test Cases/Tablo/TablodaVeriVarMi

2021-11-12 17:13:38 - [TEST_STEP][PASSED] - verifyTextNotPresent("Görüntülenecek veri yok", true): Text 'Görüntülenecek veri yok' is not present on page using regular expression

2021-11-12 17:13:38 - [MESSAGE][INFO] - Checking text present  using regular expression

2021-11-12 17:13:38 - [MESSAGE][INFO] - Smart Wait Function is triggered

2021-11-12 17:13:39 - [MESSAGE][INFO] - Finding text 'Görüntülenecek veri yok' on page  using regular expression

2021-11-12 17:13:39 - [MESSAGE][PASSED] - Text 'Görüntülenecek veri yok' is not present on page using regular expression

2021-11-12 17:13:39 - [MESSAGE][PASSED] - Call Test Case 'Test Cases/Tablo/TablodaVeriVarMi' successfully

2021-11-12 17:13:39 - [MESSAGE][INFO] - Checking called Test Case

2021-11-12 17:13:39 - [MESSAGE][INFO] - Starting to call Test Case 'Test Cases/Filtreler/TexboxaYaz'

2021-11-12 17:13:39 - [TEST_CASE][PASSED] - Test Cases/Filtreler/TexboxaYaz: Test Cases/Filtreler/TexboxaYaz

2021-11-12 17:13:39 - [TEST_STEP][PASSED] - Method.TextDegerineEsitElementinAltindakiTextboxtaYaz(findTestObject("Filtreler/Basliklar"), findTestObject("Filtreler/Basliga_Gore_Textbox"), Filtre_Adi, Filtre_Degeri): Method.TextDegerineEsitElementinAltindakiTextboxtaYaz is PASSED

2021-11-12 17:13:39 - [MESSAGE][INFO] - Finding Test Object 'Object Repository/Filtreler/Basliklar'

2021-11-12 17:13:39 - [MESSAGE][INFO] - Finding Test Object 'Object Repository/Filtreler/Basliga_Gore_Textbox'

2021-11-12 17:13:39 - [MESSAGE][INFO] - Checking timeout

2021-11-12 17:13:39 - [MESSAGE][INFO] - Finding web element with id: 'Object Repository/Filtreler/Basliklar' located by 'By.cssSelector: .control-label.col-sm-4.paddingMarginRLC' in '10' second(s)

2021-11-12 17:13:39 - [MESSAGE][INFO] - Smart Wait Function is triggered

2021-11-12 17:13:40 - [MESSAGE][INFO] - Found 19 web elements with id: 'Object Repository/Filtreler/Basliklar' located by 'By.cssSelector: .control-label.col-sm-4.paddingMarginRLC' in '10' second(s)

2021-11-12 17:13:40 - [MESSAGE][INFO] - Smart Wait Function is triggered

2021-11-12 17:13:40 - [MESSAGE][PASSED] - Method.TextDegerineEsitElementinAltindakiTextboxtaYaz is PASSED

2021-11-12 17:13:40 - [MESSAGE][PASSED] - Call Test Case 'Test Cases/Filtreler/TexboxaYaz' successfully

2021-11-12 17:13:40 - [MESSAGE][INFO] - Checking called Test Case

2021-11-12 17:13:40 - [MESSAGE][INFO] - Starting to call Test Case 'Test Cases/Filtreler/ButonaTikla'

2021-11-12 17:13:40 - [TEST_CASE][PASSED] - Test Cases/Filtreler/ButonaTikla: Test Cases/Filtreler/ButonaTikla

2021-11-12 17:13:40 - [TEST_STEP][PASSED] - Method.TextDegerineEsitElementeTikla(findTestObject("Filtreler/Butonlar"), Filtre_Buton): Method.TextDegerineEsitElementeTikla is PASSED

2021-11-12 17:13:40 - [MESSAGE][INFO] - Finding Test Object 'Object Repository/Filtreler/Butonlar'

2021-11-12 17:13:40 - [MESSAGE][INFO] - Checking timeout

2021-11-12 17:13:40 - [MESSAGE][INFO] - Finding web element with id: 'Object Repository/Filtreler/Butonlar' located by 'By.cssSelector: .dxb>span' in '10' second(s)

2021-11-12 17:13:40 - [MESSAGE][INFO] - Smart Wait Function is triggered

2021-11-12 17:13:41 - [MESSAGE][INFO] - Found 3 web elements with id: 'Object Repository/Filtreler/Butonlar' located by 'By.cssSelector: .dxb>span' in '10' second(s)

2021-11-12 17:13:41 - [MESSAGE][PASSED] - Method.TextDegerineEsitElementeTikla is PASSED

2021-11-12 17:13:41 - [MESSAGE][PASSED] - Call Test Case 'Test Cases/Filtreler/ButonaTikla' successfully

2021-11-12 17:13:41 - [MESSAGE][INFO] - Checking called Test Case

2021-11-12 17:13:41 - [MESSAGE][INFO] - Starting to call Test Case 'Test Cases/Tablo/TablodaVeriVarMi'

2021-11-12 17:13:41 - [TEST_CASE][PASSED] - Test Cases/Tablo/TablodaVeriVarMi: Test Cases/Tablo/TablodaVeriVarMi

2021-11-12 17:13:41 - [TEST_STEP][PASSED] - verifyTextNotPresent("Görüntülenecek veri yok", true): Text 'Görüntülenecek veri yok' is not present on page using regular expression

2021-11-12 17:13:41 - [MESSAGE][INFO] - Checking text present  using regular expression

2021-11-12 17:13:41 - [MESSAGE][INFO] - Smart Wait Function is triggered

2021-11-12 17:13:41 - [MESSAGE][INFO] - Finding text 'Görüntülenecek veri yok' on page  using regular expression

2021-11-12 17:13:41 - [MESSAGE][PASSED] - Text 'Görüntülenecek veri yok' is not present on page using regular expression

2021-11-12 17:13:41 - [MESSAGE][PASSED] - Call Test Case 'Test Cases/Tablo/TablodaVeriVarMi' successfully

2021-11-12 17:13:41 - [MESSAGE][INFO] - Checking called Test Case

2021-11-12 17:13:41 - [MESSAGE][INFO] - Starting to call Test Case 'Test Cases/Filtreler/TexboxaYaz'

2021-11-12 17:13:41 - [TEST_CASE][PASSED] - Test Cases/Filtreler/TexboxaYaz: Test Cases/Filtreler/TexboxaYaz

2021-11-12 17:13:41 - [TEST_STEP][PASSED] - Method.TextDegerineEsitElementinAltindakiTextboxtaYaz(findTestObject("Filtreler/Basliklar"), findTestObject("Filtreler/Basliga_Gore_Textbox"), Filtre_Adi, Filtre_Degeri): Method.TextDegerineEsitElementinAltindakiTextboxtaYaz is PASSED

2021-11-12 17:13:41 - [MESSAGE][INFO] - Finding Test Object 'Object Repository/Filtreler/Basliklar'

2021-11-12 17:13:42 - [MESSAGE][INFO] - Finding Test Object 'Object Repository/Filtreler/Basliga_Gore_Textbox'

2021-11-12 17:13:42 - [MESSAGE][INFO] - Checking timeout

2021-11-12 17:13:42 - [MESSAGE][INFO] - Finding web element with id: 'Object Repository/Filtreler/Basliklar' located by 'By.cssSelector: .control-label.col-sm-4.paddingMarginRLC' in '10' second(s)

2021-11-12 17:13:42 - [MESSAGE][INFO] - Smart Wait Function is triggered

2021-11-12 17:13:42 - [MESSAGE][INFO] - Found 19 web elements with id: 'Object Repository/Filtreler/Basliklar' located by 'By.cssSelector: .control-label.col-sm-4.paddingMarginRLC' in '10' second(s)

2021-11-12 17:13:42 - [MESSAGE][INFO] - Smart Wait Function is triggered

2021-11-12 17:13:42 - [MESSAGE][PASSED] - Method.TextDegerineEsitElementinAltindakiTextboxtaYaz is PASSED

2021-11-12 17:13:42 - [MESSAGE][PASSED] - Call Test Case 'Test Cases/Filtreler/TexboxaYaz' successfully

2021-11-12 17:13:42 - [MESSAGE][INFO] - Checking called Test Case

2021-11-12 17:13:42 - [MESSAGE][INFO] - Starting to call Test Case 'Test Cases/Filtreler/ButonaTikla'

2021-11-12 17:13:43 - [TEST_CASE][PASSED] - Test Cases/Filtreler/ButonaTikla: Test Cases/Filtreler/ButonaTikla

2021-11-12 17:13:43 - [TEST_STEP][PASSED] - Method.TextDegerineEsitElementeTikla(findTestObject("Filtreler/Butonlar"), Filtre_Buton): Method.TextDegerineEsitElementeTikla is PASSED

2021-11-12 17:13:43 - [MESSAGE][INFO] - Finding Test Object 'Object Repository/Filtreler/Butonlar'

2021-11-12 17:13:43 - [MESSAGE][INFO] - Checking timeout

2021-11-12 17:13:43 - [MESSAGE][INFO] - Finding web element with id: 'Object Repository/Filtreler/Butonlar' located by 'By.cssSelector: .dxb>span' in '10' second(s)

2021-11-12 17:13:43 - [MESSAGE][INFO] - Smart Wait Function is triggered

2021-11-12 17:13:43 - [MESSAGE][INFO] - Found 3 web elements with id: 'Object Repository/Filtreler/Butonlar' located by 'By.cssSelector: .dxb>span' in '10' second(s)

2021-11-12 17:13:43 - [MESSAGE][PASSED] - Method.TextDegerineEsitElementeTikla is PASSED

2021-11-12 17:13:43 - [MESSAGE][PASSED] - Call Test Case 'Test Cases/Filtreler/ButonaTikla' successfully

2021-11-12 17:13:43 - [MESSAGE][INFO] - Checking called Test Case

2021-11-12 17:13:43 - [MESSAGE][INFO] - Starting to call Test Case 'Test Cases/Tablo/TablodaVeriVarMi'

2021-11-12 17:13:43 - [TEST_CASE][PASSED] - Test Cases/Tablo/TablodaVeriVarMi: Test Cases/Tablo/TablodaVeriVarMi

2021-11-12 17:13:43 - [TEST_STEP][PASSED] - verifyTextNotPresent("Görüntülenecek veri yok", true): Text 'Görüntülenecek veri yok' is not present on page using regular expression

2021-11-12 17:13:43 - [MESSAGE][INFO] - Checking text present  using regular expression

2021-11-12 17:13:43 - [MESSAGE][INFO] - Smart Wait Function is triggered

2021-11-12 17:13:44 - [MESSAGE][INFO] - Finding text 'Görüntülenecek veri yok' on page  using regular expression

2021-11-12 17:13:44 - [MESSAGE][PASSED] - Text 'Görüntülenecek veri yok' is not present on page using regular expression

2021-11-12 17:13:44 - [MESSAGE][PASSED] - Call Test Case 'Test Cases/Tablo/TablodaVeriVarMi' successfully

2021-11-12 17:13:44 - [MESSAGE][INFO] - Checking called Test Case

2021-11-12 17:13:44 - [MESSAGE][INFO] - Starting to call Test Case 'Test Cases/Filtreler/TexboxaYaz'

2021-11-12 17:13:44 - [TEST_CASE][PASSED] - Test Cases/Filtreler/TexboxaYaz: Test Cases/Filtreler/TexboxaYaz

2021-11-12 17:13:44 - [TEST_STEP][PASSED] - Method.TextDegerineEsitElementinAltindakiTextboxtaYaz(findTestObject("Filtreler/Basliklar"), findTestObject("Filtreler/Basliga_Gore_Textbox"), Filtre_Adi, Filtre_Degeri): Method.TextDegerineEsitElementinAltindakiTextboxtaYaz is PASSED

2021-11-12 17:13:44 - [MESSAGE][INFO] - Finding Test Object 'Object Repository/Filtreler/Basliklar'

2021-11-12 17:13:44 - [MESSAGE][INFO] - Finding Test Object 'Object Repository/Filtreler/Basliga_Gore_Textbox'

2021-11-12 17:13:44 - [MESSAGE][INFO] - Checking timeout

2021-11-12 17:13:44 - [MESSAGE][INFO] - Finding web element with id: 'Object Repository/Filtreler/Basliklar' located by 'By.cssSelector: .control-label.col-sm-4.paddingMarginRLC' in '10' second(s)

2021-11-12 17:13:44 - [MESSAGE][INFO] - Smart Wait Function is triggered

2021-11-12 17:13:44 - [MESSAGE][INFO] - Found 19 web elements with id: 'Object Repository/Filtreler/Basliklar' located by 'By.cssSelector: .control-label.col-sm-4.paddingMarginRLC' in '10' second(s)

2021-11-12 17:13:44 - [MESSAGE][INFO] - Smart Wait Function is triggered

2021-11-12 17:13:45 - [MESSAGE][PASSED] - Method.TextDegerineEsitElementinAltindakiTextboxtaYaz is PASSED

2021-11-12 17:13:45 - [MESSAGE][PASSED] - Call Test Case 'Test Cases/Filtreler/TexboxaYaz' successfully

2021-11-12 17:13:45 - [MESSAGE][INFO] - Checking called Test Case

2021-11-12 17:13:45 - [MESSAGE][INFO] - Starting to call Test Case 'Test Cases/Filtreler/ButonaTikla'

2021-11-12 17:13:45 - [TEST_CASE][PASSED] - Test Cases/Filtreler/ButonaTikla: Test Cases/Filtreler/ButonaTikla

2021-11-12 17:13:45 - [TEST_STEP][PASSED] - Method.TextDegerineEsitElementeTikla(findTestObject("Filtreler/Butonlar"), Filtre_Buton): Method.TextDegerineEsitElementeTikla is PASSED

2021-11-12 17:13:45 - [MESSAGE][INFO] - Finding Test Object 'Object Repository/Filtreler/Butonlar'

2021-11-12 17:13:45 - [MESSAGE][INFO] - Checking timeout

2021-11-12 17:13:45 - [MESSAGE][INFO] - Finding web element with id: 'Object Repository/Filtreler/Butonlar' located by 'By.cssSelector: .dxb>span' in '10' second(s)

2021-11-12 17:13:45 - [MESSAGE][INFO] - Smart Wait Function is triggered

2021-11-12 17:13:45 - [MESSAGE][INFO] - Found 3 web elements with id: 'Object Repository/Filtreler/Butonlar' located by 'By.cssSelector: .dxb>span' in '10' second(s)

2021-11-12 17:13:45 - [MESSAGE][PASSED] - Method.TextDegerineEsitElementeTikla is PASSED

2021-11-12 17:13:45 - [MESSAGE][PASSED] - Call Test Case 'Test Cases/Filtreler/ButonaTikla' successfully

2021-11-12 17:13:45 - [MESSAGE][INFO] - Checking called Test Case

2021-11-12 17:13:45 - [MESSAGE][INFO] - Starting to call Test Case 'Test Cases/Tablo/TablodaVeriVarMi'

2021-11-12 17:13:45 - [TEST_CASE][PASSED] - Test Cases/Tablo/TablodaVeriVarMi: Test Cases/Tablo/TablodaVeriVarMi

2021-11-12 17:13:45 - [TEST_STEP][PASSED] - verifyTextNotPresent("Görüntülenecek veri yok", true): Text 'Görüntülenecek veri yok' is not present on page using regular expression

2021-11-12 17:13:45 - [MESSAGE][INFO] - Checking text present  using regular expression

2021-11-12 17:13:45 - [MESSAGE][INFO] - Smart Wait Function is triggered

2021-11-12 17:13:46 - [MESSAGE][INFO] - Finding text 'Görüntülenecek veri yok' on page  using regular expression

2021-11-12 17:13:46 - [MESSAGE][PASSED] - Text 'Görüntülenecek veri yok' is not present on page using regular expression

2021-11-12 17:13:46 - [MESSAGE][PASSED] - Call Test Case 'Test Cases/Tablo/TablodaVeriVarMi' successfully

2021-11-12 17:13:46 - [MESSAGE][INFO] - Checking called Test Case

2021-11-12 17:13:46 - [MESSAGE][INFO] - Starting to call Test Case 'Test Cases/Filtreler/TexboxaYaz'

2021-11-12 17:13:46 - [TEST_CASE][PASSED] - Test Cases/Filtreler/TexboxaYaz: Test Cases/Filtreler/TexboxaYaz

2021-11-12 17:13:46 - [TEST_STEP][PASSED] - Method.TextDegerineEsitElementinAltindakiTextboxtaYaz(findTestObject("Filtreler/Basliklar"), findTestObject("Filtreler/Basliga_Gore_Textbox"), Filtre_Adi, Filtre_Degeri): Method.TextDegerineEsitElementinAltindakiTextboxtaYaz is PASSED

2021-11-12 17:13:46 - [MESSAGE][INFO] - Finding Test Object 'Object Repository/Filtreler/Basliklar'

2021-11-12 17:13:46 - [MESSAGE][INFO] - Finding Test Object 'Object Repository/Filtreler/Basliga_Gore_Textbox'

2021-11-12 17:13:46 - [MESSAGE][INFO] - Checking timeout

2021-11-12 17:13:46 - [MESSAGE][INFO] - Finding web element with id: 'Object Repository/Filtreler/Basliklar' located by 'By.cssSelector: .control-label.col-sm-4.paddingMarginRLC' in '10' second(s)

2021-11-12 17:13:46 - [MESSAGE][INFO] - Smart Wait Function is triggered

2021-11-12 17:13:47 - [MESSAGE][INFO] - Found 19 web elements with id: 'Object Repository/Filtreler/Basliklar' located by 'By.cssSelector: .control-label.col-sm-4.paddingMarginRLC' in '10' second(s)

2021-11-12 17:13:47 - [MESSAGE][INFO] - Smart Wait Function is triggered

2021-11-12 17:13:47 - [MESSAGE][PASSED] - Method.TextDegerineEsitElementinAltindakiTextboxtaYaz is PASSED

2021-11-12 17:13:47 - [MESSAGE][PASSED] - Call Test Case 'Test Cases/Filtreler/TexboxaYaz' successfully

2021-11-12 17:13:47 - [MESSAGE][INFO] - Checking called Test Case

2021-11-12 17:13:47 - [MESSAGE][INFO] - Starting to call Test Case 'Test Cases/Filtreler/ButonaTikla'

2021-11-12 17:13:47 - [TEST_CASE][PASSED] - Test Cases/Filtreler/ButonaTikla: Test Cases/Filtreler/ButonaTikla

2021-11-12 17:13:47 - [TEST_STEP][PASSED] - Method.TextDegerineEsitElementeTikla(findTestObject("Filtreler/Butonlar"), Filtre_Buton): Method.TextDegerineEsitElementeTikla is PASSED

2021-11-12 17:13:47 - [MESSAGE][INFO] - Finding Test Object 'Object Repository/Filtreler/Butonlar'

2021-11-12 17:13:47 - [MESSAGE][INFO] - Checking timeout

2021-11-12 17:13:47 - [MESSAGE][INFO] - Finding web element with id: 'Object Repository/Filtreler/Butonlar' located by 'By.cssSelector: .dxb>span' in '10' second(s)

2021-11-12 17:13:47 - [MESSAGE][INFO] - Smart Wait Function is triggered

2021-11-12 17:13:47 - [MESSAGE][INFO] - Found 3 web elements with id: 'Object Repository/Filtreler/Butonlar' located by 'By.cssSelector: .dxb>span' in '10' second(s)

2021-11-12 17:13:48 - [MESSAGE][PASSED] - Method.TextDegerineEsitElementeTikla is PASSED

2021-11-12 17:13:48 - [MESSAGE][PASSED] - Call Test Case 'Test Cases/Filtreler/ButonaTikla' successfully

2021-11-12 17:13:48 - [MESSAGE][INFO] - Checking called Test Case

2021-11-12 17:13:48 - [MESSAGE][INFO] - Starting to call Test Case 'Test Cases/Tablo/TablodaVeriVarMi'

2021-11-12 17:13:48 - [TEST_CASE][PASSED] - Test Cases/Tablo/TablodaVeriVarMi: Test Cases/Tablo/TablodaVeriVarMi

2021-11-12 17:13:48 - [TEST_STEP][PASSED] - verifyTextNotPresent("Görüntülenecek veri yok", true): Text 'Görüntülenecek veri yok' is not present on page using regular expression

2021-11-12 17:13:48 - [MESSAGE][INFO] - Checking text present  using regular expression

2021-11-12 17:13:48 - [MESSAGE][INFO] - Smart Wait Function is triggered

2021-11-12 17:13:48 - [MESSAGE][INFO] - Finding text 'Görüntülenecek veri yok' on page  using regular expression

2021-11-12 17:13:48 - [MESSAGE][PASSED] - Text 'Görüntülenecek veri yok' is not present on page using regular expression

2021-11-12 17:13:48 - [MESSAGE][PASSED] - Call Test Case 'Test Cases/Tablo/TablodaVeriVarMi' successfully

2021-11-12 17:13:48 - [MESSAGE][INFO] - Checking called Test Case

2021-11-12 17:13:48 - [MESSAGE][INFO] - Starting to call Test Case 'Test Cases/Filtreler/filtreIcerigiSil'

2021-11-12 17:13:48 - [TEST_CASE][PASSED] - Test Cases/Filtreler/filtreIcerigiSil: Test Cases/Filtreler/filtreIcerigiSil

2021-11-12 17:13:49 - [TEST_STEP][PASSED] - Method.TextDegerineEsitElementinAltindakiTextboxtaYaz(findTestObject("Filtreler/Basliklar"), findTestObject("Filtreler/Basliga_Gore_Textbox"), Filtre_Adi, Keys.chord(CONTROL, Keys.chord("a"), BACK_SPACE)): Method.TextDegerineEsitElementinAltindakiTextboxtaYaz is PASSED

2021-11-12 17:13:49 - [MESSAGE][INFO] - Finding Test Object 'Object Repository/Filtreler/Basliklar'

2021-11-12 17:13:49 - [MESSAGE][INFO] - Finding Test Object 'Object Repository/Filtreler/Basliga_Gore_Textbox'

2021-11-12 17:13:49 - [MESSAGE][INFO] - Checking timeout

2021-11-12 17:13:49 - [MESSAGE][INFO] - Finding web element with id: 'Object Repository/Filtreler/Basliklar' located by 'By.cssSelector: .control-label.col-sm-4.paddingMarginRLC' in '10' second(s)

2021-11-12 17:13:49 - [MESSAGE][INFO] - Smart Wait Function is triggered

2021-11-12 17:13:49 - [MESSAGE][INFO] - Found 19 web elements with id: 'Object Repository/Filtreler/Basliklar' located by 'By.cssSelector: .control-label.col-sm-4.paddingMarginRLC' in '10' second(s)

2021-11-12 17:13:49 - [MESSAGE][INFO] - Smart Wait Function is triggered

2021-11-12 17:13:50 - [MESSAGE][PASSED] - Method.TextDegerineEsitElementinAltindakiTextboxtaYaz is PASSED

2021-11-12 17:13:50 - [MESSAGE][PASSED] - Call Test Case 'Test Cases/Filtreler/filtreIcerigiSil' successfully

2021-11-12 17:13:50 - [MESSAGE][INFO] - Checking called Test Case

2021-11-12 17:13:50 - [MESSAGE][INFO] - Starting to call Test Case 'Test Cases/Filtreler/TexboxaYaz'

2021-11-12 17:13:50 - [TEST_CASE][PASSED] - Test Cases/Filtreler/TexboxaYaz: Test Cases/Filtreler/TexboxaYaz

2021-11-12 17:13:50 - [TEST_STEP][PASSED] - Method.TextDegerineEsitElementinAltindakiTextboxtaYaz(findTestObject("Filtreler/Basliklar"), findTestObject("Filtreler/Basliga_Gore_Textbox"), Filtre_Adi, Filtre_Degeri): Method.TextDegerineEsitElementinAltindakiTextboxtaYaz is PASSED

2021-11-12 17:13:50 - [MESSAGE][INFO] - Finding Test Object 'Object Repository/Filtreler/Basliklar'

2021-11-12 17:13:50 - [MESSAGE][INFO] - Finding Test Object 'Object Repository/Filtreler/Basliga_Gore_Textbox'

2021-11-12 17:13:50 - [MESSAGE][INFO] - Checking timeout

2021-11-12 17:13:50 - [MESSAGE][INFO] - Finding web element with id: 'Object Repository/Filtreler/Basliklar' located by 'By.cssSelector: .control-label.col-sm-4.paddingMarginRLC' in '10' second(s)

2021-11-12 17:13:50 - [MESSAGE][INFO] - Smart Wait Function is triggered

2021-11-12 17:13:50 - [MESSAGE][INFO] - Found 19 web elements with id: 'Object Repository/Filtreler/Basliklar' located by 'By.cssSelector: .control-label.col-sm-4.paddingMarginRLC' in '10' second(s)

2021-11-12 17:13:50 - [MESSAGE][INFO] - Smart Wait Function is triggered

2021-11-12 17:13:51 - [MESSAGE][PASSED] - Method.TextDegerineEsitElementinAltindakiTextboxtaYaz is PASSED

2021-11-12 17:13:51 - [MESSAGE][PASSED] - Call Test Case 'Test Cases/Filtreler/TexboxaYaz' successfully

2021-11-12 17:13:51 - [MESSAGE][INFO] - Checking called Test Case

2021-11-12 17:13:51 - [MESSAGE][INFO] - Starting to call Test Case 'Test Cases/Filtreler/ButonaTikla'

2021-11-12 17:13:51 - [TEST_CASE][PASSED] - Test Cases/Filtreler/ButonaTikla: Test Cases/Filtreler/ButonaTikla

2021-11-12 17:13:51 - [TEST_STEP][PASSED] - Method.TextDegerineEsitElementeTikla(findTestObject("Filtreler/Butonlar"), Filtre_Buton): Method.TextDegerineEsitElementeTikla is PASSED

2021-11-12 17:13:51 - [MESSAGE][INFO] - Finding Test Object 'Object Repository/Filtreler/Butonlar'

2021-11-12 17:13:51 - [MESSAGE][INFO] - Checking timeout

2021-11-12 17:13:51 - [MESSAGE][INFO] - Finding web element with id: 'Object Repository/Filtreler/Butonlar' located by 'By.cssSelector: .dxb>span' in '10' second(s)

2021-11-12 17:13:51 - [MESSAGE][INFO] - Smart Wait Function is triggered

2021-11-12 17:13:52 - [MESSAGE][INFO] - Found 3 web elements with id: 'Object Repository/Filtreler/Butonlar' located by 'By.cssSelector: .dxb>span' in '10' second(s)

2021-11-12 17:13:52 - [MESSAGE][PASSED] - Method.TextDegerineEsitElementeTikla is PASSED

2021-11-12 17:13:52 - [MESSAGE][PASSED] - Call Test Case 'Test Cases/Filtreler/ButonaTikla' successfully

2021-11-12 17:13:52 - [MESSAGE][INFO] - Checking called Test Case

2021-11-12 17:13:52 - [MESSAGE][INFO] - Starting to call Test Case 'Test Cases/Tablo/TablodaVeriVarMi'

2021-11-12 17:13:52 - [TEST_CASE][PASSED] - Test Cases/Tablo/TablodaVeriVarMi: Test Cases/Tablo/TablodaVeriVarMi

2021-11-12 17:13:52 - [TEST_STEP][PASSED] - verifyTextNotPresent("Görüntülenecek veri yok", true): Text 'Görüntülenecek veri yok' is not present on page using regular expression

2021-11-12 17:13:52 - [MESSAGE][INFO] - Checking text present  using regular expression

2021-11-12 17:13:52 - [MESSAGE][INFO] - Smart Wait Function is triggered

2021-11-12 17:13:52 - [MESSAGE][INFO] - Finding text 'Görüntülenecek veri yok' on page  using regular expression

2021-11-12 17:13:52 - [MESSAGE][PASSED] - Text 'Görüntülenecek veri yok' is not present on page using regular expression

2021-11-12 17:13:52 - [MESSAGE][PASSED] - Call Test Case 'Test Cases/Tablo/TablodaVeriVarMi' successfully

2021-11-12 17:13:52 - [MESSAGE][INFO] - Checking called Test Case

2021-11-12 17:13:52 - [MESSAGE][INFO] - Starting to call Test Case 'Test Cases/Filtreler/TexboxaYaz'

2021-11-12 17:13:52 - [TEST_CASE][PASSED] - Test Cases/Filtreler/TexboxaYaz: Test Cases/Filtreler/TexboxaYaz

2021-11-12 17:13:52 - [TEST_STEP][PASSED] - Method.TextDegerineEsitElementinAltindakiTextboxtaYaz(findTestObject("Filtreler/Basliklar"), findTestObject("Filtreler/Basliga_Gore_Textbox"), Filtre_Adi, Filtre_Degeri): Method.TextDegerineEsitElementinAltindakiTextboxtaYaz is PASSED

2021-11-12 17:13:52 - [MESSAGE][INFO] - Finding Test Object 'Object Repository/Filtreler/Basliklar'

2021-11-12 17:13:53 - [MESSAGE][INFO] - Finding Test Object 'Object Repository/Filtreler/Basliga_Gore_Textbox'

2021-11-12 17:13:53 - [MESSAGE][INFO] - Checking timeout

2021-11-12 17:13:53 - [MESSAGE][INFO] - Finding web element with id: 'Object Repository/Filtreler/Basliklar' located by 'By.cssSelector: .control-label.col-sm-4.paddingMarginRLC' in '10' second(s)

2021-11-12 17:13:53 - [MESSAGE][INFO] - Smart Wait Function is triggered

2021-11-12 17:13:53 - [MESSAGE][INFO] - Found 19 web elements with id: 'Object Repository/Filtreler/Basliklar' located by 'By.cssSelector: .control-label.col-sm-4.paddingMarginRLC' in '10' second(s)

2021-11-12 17:13:53 - [MESSAGE][INFO] - Smart Wait Function is triggered

2021-11-12 17:13:54 - [MESSAGE][PASSED] - Method.TextDegerineEsitElementinAltindakiTextboxtaYaz is PASSED

2021-11-12 17:13:54 - [MESSAGE][PASSED] - Call Test Case 'Test Cases/Filtreler/TexboxaYaz' successfully

2021-11-12 17:13:54 - [MESSAGE][INFO] - Checking called Test Case

2021-11-12 17:13:54 - [MESSAGE][INFO] - Starting to call Test Case 'Test Cases/Filtreler/ButonaTikla'

2021-11-12 17:13:54 - [TEST_CASE][PASSED] - Test Cases/Filtreler/ButonaTikla: Test Cases/Filtreler/ButonaTikla

2021-11-12 17:13:54 - [TEST_STEP][PASSED] - Method.TextDegerineEsitElementeTikla(findTestObject("Filtreler/Butonlar"), Filtre_Buton): Method.TextDegerineEsitElementeTikla is PASSED

2021-11-12 17:13:54 - [MESSAGE][INFO] - Finding Test Object 'Object Repository/Filtreler/Butonlar'

2021-11-12 17:13:54 - [MESSAGE][INFO] - Checking timeout

2021-11-12 17:13:54 - [MESSAGE][INFO] - Finding web element with id: 'Object Repository/Filtreler/Butonlar' located by 'By.cssSelector: .dxb>span' in '10' second(s)

2021-11-12 17:13:54 - [MESSAGE][INFO] - Smart Wait Function is triggered

2021-11-12 17:13:54 - [MESSAGE][INFO] - Found 3 web elements with id: 'Object Repository/Filtreler/Butonlar' located by 'By.cssSelector: .dxb>span' in '10' second(s)

2021-11-12 17:13:54 - [MESSAGE][PASSED] - Method.TextDegerineEsitElementeTikla is PASSED

2021-11-12 17:13:54 - [MESSAGE][PASSED] - Call Test Case 'Test Cases/Filtreler/ButonaTikla' successfully

2021-11-12 17:13:54 - [MESSAGE][INFO] - Checking called Test Case

2021-11-12 17:13:54 - [MESSAGE][INFO] - Starting to call Test Case 'Test Cases/Tablo/TablodaVeriVarMi'

2021-11-12 17:13:54 - [TEST_CASE][PASSED] - Test Cases/Tablo/TablodaVeriVarMi: Test Cases/Tablo/TablodaVeriVarMi

2021-11-12 17:13:54 - [TEST_STEP][PASSED] - verifyTextNotPresent("Görüntülenecek veri yok", true): Text 'Görüntülenecek veri yok' is not present on page using regular expression

2021-11-12 17:13:54 - [MESSAGE][INFO] - Checking text present  using regular expression

2021-11-12 17:13:54 - [MESSAGE][INFO] - Smart Wait Function is triggered

2021-11-12 17:13:55 - [MESSAGE][INFO] - Finding text 'Görüntülenecek veri yok' on page  using regular expression

2021-11-12 17:13:55 - [MESSAGE][PASSED] - Text 'Görüntülenecek veri yok' is not present on page using regular expression

2021-11-12 17:13:55 - [MESSAGE][PASSED] - Call Test Case 'Test Cases/Tablo/TablodaVeriVarMi' successfully

2021-11-12 17:13:55 - [MESSAGE][INFO] - Checking called Test Case

2021-11-12 17:13:55 - [MESSAGE][INFO] - Starting to call Test Case 'Test Cases/Filtreler/TexboxaYaz'

2021-11-12 17:13:55 - [TEST_CASE][PASSED] - Test Cases/Filtreler/TexboxaYaz: Test Cases/Filtreler/TexboxaYaz

2021-11-12 17:13:55 - [TEST_STEP][PASSED] - Method.TextDegerineEsitElementinAltindakiTextboxtaYaz(findTestObject("Filtreler/Basliklar"), findTestObject("Filtreler/Basliga_Gore_Textbox"), Filtre_Adi, Filtre_Degeri): Method.TextDegerineEsitElementinAltindakiTextboxtaYaz is PASSED

2021-11-12 17:13:55 - [MESSAGE][INFO] - Finding Test Object 'Object Repository/Filtreler/Basliklar'

2021-11-12 17:13:55 - [MESSAGE][INFO] - Finding Test Object 'Object Repository/Filtreler/Basliga_Gore_Textbox'

2021-11-12 17:13:55 - [MESSAGE][INFO] - Checking timeout

2021-11-12 17:13:55 - [MESSAGE][INFO] - Finding web element with id: 'Object Repository/Filtreler/Basliklar' located by 'By.cssSelector: .control-label.col-sm-4.paddingMarginRLC' in '10' second(s)

2021-11-12 17:13:55 - [MESSAGE][INFO] - Smart Wait Function is triggered

2021-11-12 17:13:55 - [MESSAGE][INFO] - Found 19 web elements with id: 'Object Repository/Filtreler/Basliklar' located by 'By.cssSelector: .control-label.col-sm-4.paddingMarginRLC' in '10' second(s)

2021-11-12 17:13:55 - [MESSAGE][INFO] - Smart Wait Function is triggered

2021-11-12 17:13:56 - [MESSAGE][PASSED] - Method.TextDegerineEsitElementinAltindakiTextboxtaYaz is PASSED

2021-11-12 17:13:56 - [MESSAGE][PASSED] - Call Test Case 'Test Cases/Filtreler/TexboxaYaz' successfully

2021-11-12 17:13:56 - [MESSAGE][INFO] - Checking called Test Case

2021-11-12 17:13:56 - [MESSAGE][INFO] - Starting to call Test Case 'Test Cases/Filtreler/ButonaTikla'

2021-11-12 17:13:56 - [TEST_CASE][PASSED] - Test Cases/Filtreler/ButonaTikla: Test Cases/Filtreler/ButonaTikla

2021-11-12 17:13:56 - [TEST_STEP][PASSED] - Method.TextDegerineEsitElementeTikla(findTestObject("Filtreler/Butonlar"), Filtre_Buton): Method.TextDegerineEsitElementeTikla is PASSED

2021-11-12 17:13:56 - [MESSAGE][INFO] - Finding Test Object 'Object Repository/Filtreler/Butonlar'

2021-11-12 17:13:56 - [MESSAGE][INFO] - Checking timeout

2021-11-12 17:13:56 - [MESSAGE][INFO] - Finding web element with id: 'Object Repository/Filtreler/Butonlar' located by 'By.cssSelector: .dxb>span' in '10' second(s)

2021-11-12 17:13:56 - [MESSAGE][INFO] - Smart Wait Function is triggered

2021-11-12 17:13:56 - [MESSAGE][INFO] - Found 3 web elements with id: 'Object Repository/Filtreler/Butonlar' located by 'By.cssSelector: .dxb>span' in '10' second(s)

2021-11-12 17:13:56 - [MESSAGE][PASSED] - Method.TextDegerineEsitElementeTikla is PASSED

2021-11-12 17:13:56 - [MESSAGE][PASSED] - Call Test Case 'Test Cases/Filtreler/ButonaTikla' successfully

2021-11-12 17:13:56 - [MESSAGE][INFO] - Checking called Test Case

2021-11-12 17:13:56 - [MESSAGE][INFO] - Starting to call Test Case 'Test Cases/Tablo/TablodaVeriVarMi'

2021-11-12 17:13:56 - [TEST_CASE][PASSED] - Test Cases/Tablo/TablodaVeriVarMi: Test Cases/Tablo/TablodaVeriVarMi

2021-11-12 17:13:56 - [TEST_STEP][PASSED] - verifyTextNotPresent("Görüntülenecek veri yok", true): Text 'Görüntülenecek veri yok' is not present on page using regular expression

2021-11-12 17:13:56 - [MESSAGE][INFO] - Checking text present  using regular expression

2021-11-12 17:13:56 - [MESSAGE][INFO] - Smart Wait Function is triggered

2021-11-12 17:13:57 - [MESSAGE][INFO] - Finding text 'Görüntülenecek veri yok' on page  using regular expression

2021-11-12 17:13:57 - [MESSAGE][PASSED] - Text 'Görüntülenecek veri yok' is not present on page using regular expression

2021-11-12 17:13:57 - [MESSAGE][PASSED] - Call Test Case 'Test Cases/Tablo/TablodaVeriVarMi' successfully

2021-11-12 17:13:57 - [MESSAGE][INFO] - Checking called Test Case

2021-11-12 17:13:57 - [MESSAGE][INFO] - Starting to call Test Case 'Test Cases/Filtreler/TexboxaYaz'

2021-11-12 17:13:57 - [TEST_CASE][PASSED] - Test Cases/Filtreler/TexboxaYaz: Test Cases/Filtreler/TexboxaYaz

2021-11-12 17:13:57 - [TEST_STEP][PASSED] - Method.TextDegerineEsitElementinAltindakiTextboxtaYaz(findTestObject("Filtreler/Basliklar"), findTestObject("Filtreler/Basliga_Gore_Textbox"), Filtre_Adi, Filtre_Degeri): Method.TextDegerineEsitElementinAltindakiTextboxtaYaz is PASSED

2021-11-12 17:13:57 - [MESSAGE][INFO] - Finding Test Object 'Object Repository/Filtreler/Basliklar'

2021-11-12 17:13:57 - [MESSAGE][INFO] - Finding Test Object 'Object Repository/Filtreler/Basliga_Gore_Textbox'

2021-11-12 17:13:57 - [MESSAGE][INFO] - Checking timeout

2021-11-12 17:13:57 - [MESSAGE][INFO] - Finding web element with id: 'Object Repository/Filtreler/Basliklar' located by 'By.cssSelector: .control-label.col-sm-4.paddingMarginRLC' in '10' second(s)

2021-11-12 17:13:57 - [MESSAGE][INFO] - Smart Wait Function is triggered

2021-11-12 17:13:58 - [MESSAGE][INFO] - Found 19 web elements with id: 'Object Repository/Filtreler/Basliklar' located by 'By.cssSelector: .control-label.col-sm-4.paddingMarginRLC' in '10' second(s)

2021-11-12 17:13:58 - [MESSAGE][INFO] - Smart Wait Function is triggered

2021-11-12 17:13:58 - [MESSAGE][PASSED] - Method.TextDegerineEsitElementinAltindakiTextboxtaYaz is PASSED

2021-11-12 17:13:58 - [MESSAGE][PASSED] - Call Test Case 'Test Cases/Filtreler/TexboxaYaz' successfully

2021-11-12 17:13:58 - [MESSAGE][INFO] - Checking called Test Case

2021-11-12 17:13:58 - [MESSAGE][INFO] - Starting to call Test Case 'Test Cases/Filtreler/ButonaTikla'

2021-11-12 17:13:58 - [TEST_CASE][PASSED] - Test Cases/Filtreler/ButonaTikla: Test Cases/Filtreler/ButonaTikla

2021-11-12 17:13:58 - [TEST_STEP][PASSED] - Method.TextDegerineEsitElementeTikla(findTestObject("Filtreler/Butonlar"), Filtre_Buton): Method.TextDegerineEsitElementeTikla is PASSED

2021-11-12 17:13:58 - [MESSAGE][INFO] - Finding Test Object 'Object Repository/Filtreler/Butonlar'

2021-11-12 17:13:58 - [MESSAGE][INFO] - Checking timeout

2021-11-12 17:13:58 - [MESSAGE][INFO] - Finding web element with id: 'Object Repository/Filtreler/Butonlar' located by 'By.cssSelector: .dxb>span' in '10' second(s)

2021-11-12 17:13:58 - [MESSAGE][INFO] - Smart Wait Function is triggered

2021-11-12 17:13:59 - [MESSAGE][INFO] - Found 3 web elements with id: 'Object Repository/Filtreler/Butonlar' located by 'By.cssSelector: .dxb>span' in '10' second(s)

2021-11-12 17:13:59 - [MESSAGE][PASSED] - Method.TextDegerineEsitElementeTikla is PASSED

2021-11-12 17:13:59 - [MESSAGE][PASSED] - Call Test Case 'Test Cases/Filtreler/ButonaTikla' successfully

2021-11-12 17:13:59 - [MESSAGE][INFO] - Checking called Test Case

2021-11-12 17:13:59 - [MESSAGE][INFO] - Starting to call Test Case 'Test Cases/Tablo/TablodaVeriVarMi'

2021-11-12 17:13:59 - [TEST_CASE][PASSED] - Test Cases/Tablo/TablodaVeriVarMi: Test Cases/Tablo/TablodaVeriVarMi

2021-11-12 17:13:59 - [TEST_STEP][PASSED] - verifyTextNotPresent("Görüntülenecek veri yok", true): Text 'Görüntülenecek veri yok' is not present on page using regular expression

2021-11-12 17:13:59 - [MESSAGE][INFO] - Checking text present  using regular expression

2021-11-12 17:13:59 - [MESSAGE][INFO] - Smart Wait Function is triggered

2021-11-12 17:14:00 - [MESSAGE][INFO] - Finding text 'Görüntülenecek veri yok' on page  using regular expression

2021-11-12 17:14:00 - [MESSAGE][PASSED] - Text 'Görüntülenecek veri yok' is not present on page using regular expression

2021-11-12 17:14:00 - [MESSAGE][PASSED] - Call Test Case 'Test Cases/Tablo/TablodaVeriVarMi' successfully

2021-11-12 17:14:00 - [MESSAGE][INFO] - Checking called Test Case

2021-11-12 17:14:00 - [MESSAGE][INFO] - Starting to call Test Case 'Test Cases/Filtreler/filtreIcerigiSil'

2021-11-12 17:14:00 - [TEST_CASE][PASSED] - Test Cases/Filtreler/filtreIcerigiSil: Test Cases/Filtreler/filtreIcerigiSil

2021-11-12 17:14:00 - [TEST_STEP][PASSED] - Method.TextDegerineEsitElementinAltindakiTextboxtaYaz(findTestObject("Filtreler/Basliklar"), findTestObject("Filtreler/Basliga_Gore_Textbox"), Filtre_Adi, Keys.chord(CONTROL, Keys.chord("a"), BACK_SPACE)): Method.TextDegerineEsitElementinAltindakiTextboxtaYaz is PASSED

2021-11-12 17:14:00 - [MESSAGE][INFO] - Finding Test Object 'Object Repository/Filtreler/Basliklar'

2021-11-12 17:14:00 - [MESSAGE][INFO] - Finding Test Object 'Object Repository/Filtreler/Basliga_Gore_Textbox'

2021-11-12 17:14:00 - [MESSAGE][INFO] - Checking timeout

2021-11-12 17:14:00 - [MESSAGE][INFO] - Finding web element with id: 'Object Repository/Filtreler/Basliklar' located by 'By.cssSelector: .control-label.col-sm-4.paddingMarginRLC' in '10' second(s)

2021-11-12 17:14:00 - [MESSAGE][INFO] - Smart Wait Function is triggered

2021-11-12 17:14:00 - [MESSAGE][INFO] - Found 19 web elements with id: 'Object Repository/Filtreler/Basliklar' located by 'By.cssSelector: .control-label.col-sm-4.paddingMarginRLC' in '10' second(s)

2021-11-12 17:14:00 - [MESSAGE][INFO] - Smart Wait Function is triggered

2021-11-12 17:14:01 - [MESSAGE][PASSED] - Method.TextDegerineEsitElementinAltindakiTextboxtaYaz is PASSED

2021-11-12 17:14:01 - [MESSAGE][PASSED] - Call Test Case 'Test Cases/Filtreler/filtreIcerigiSil' successfully

2021-11-12 17:14:01 - [MESSAGE][INFO] - Checking called Test Case

2021-11-12 17:14:01 - [MESSAGE][INFO] - Starting to call Test Case 'Test Cases/Filtreler/TexboxaYaz'

2021-11-12 17:14:01 - [TEST_CASE][PASSED] - Test Cases/Filtreler/TexboxaYaz: Test Cases/Filtreler/TexboxaYaz

2021-11-12 17:14:01 - [TEST_STEP][PASSED] - Method.TextDegerineEsitElementinAltindakiTextboxtaYaz(findTestObject("Filtreler/Basliklar"), findTestObject("Filtreler/Basliga_Gore_Textbox"), Filtre_Adi, Filtre_Degeri): Method.TextDegerineEsitElementinAltindakiTextboxtaYaz is PASSED

2021-11-12 17:14:01 - [MESSAGE][INFO] - Finding Test Object 'Object Repository/Filtreler/Basliklar'

2021-11-12 17:14:01 - [MESSAGE][INFO] - Finding Test Object 'Object Repository/Filtreler/Basliga_Gore_Textbox'

2021-11-12 17:14:01 - [MESSAGE][INFO] - Checking timeout

2021-11-12 17:14:01 - [MESSAGE][INFO] - Finding web element with id: 'Object Repository/Filtreler/Basliklar' located by 'By.cssSelector: .control-label.col-sm-4.paddingMarginRLC' in '10' second(s)

2021-11-12 17:14:01 - [MESSAGE][INFO] - Smart Wait Function is triggered

2021-11-12 17:14:01 - [MESSAGE][INFO] - Found 19 web elements with id: 'Object Repository/Filtreler/Basliklar' located by 'By.cssSelector: .control-label.col-sm-4.paddingMarginRLC' in '10' second(s)

2021-11-12 17:14:01 - [MESSAGE][INFO] - Smart Wait Function is triggered

2021-11-12 17:14:02 - [MESSAGE][PASSED] - Method.TextDegerineEsitElementinAltindakiTextboxtaYaz is PASSED

2021-11-12 17:14:02 - [MESSAGE][PASSED] - Call Test Case 'Test Cases/Filtreler/TexboxaYaz' successfully

2021-11-12 17:14:02 - [MESSAGE][INFO] - Checking called Test Case

2021-11-12 17:14:02 - [MESSAGE][INFO] - Starting to call Test Case 'Test Cases/Filtreler/ButonaTikla'

2021-11-12 17:14:02 - [TEST_CASE][PASSED] - Test Cases/Filtreler/ButonaTikla: Test Cases/Filtreler/ButonaTikla

2021-11-12 17:14:02 - [TEST_STEP][PASSED] - Method.TextDegerineEsitElementeTikla(findTestObject("Filtreler/Butonlar"), Filtre_Buton): Method.TextDegerineEsitElementeTikla is PASSED

2021-11-12 17:14:02 - [MESSAGE][INFO] - Finding Test Object 'Object Repository/Filtreler/Butonlar'

2021-11-12 17:14:02 - [MESSAGE][INFO] - Checking timeout

2021-11-12 17:14:02 - [MESSAGE][INFO] - Finding web element with id: 'Object Repository/Filtreler/Butonlar' located by 'By.cssSelector: .dxb>span' in '10' second(s)

2021-11-12 17:14:02 - [MESSAGE][INFO] - Smart Wait Function is triggered

2021-11-12 17:14:02 - [MESSAGE][INFO] - Found 3 web elements with id: 'Object Repository/Filtreler/Butonlar' located by 'By.cssSelector: .dxb>span' in '10' second(s)

2021-11-12 17:14:02 - [MESSAGE][PASSED] - Method.TextDegerineEsitElementeTikla is PASSED

2021-11-12 17:14:02 - [MESSAGE][PASSED] - Call Test Case 'Test Cases/Filtreler/ButonaTikla' successfully

2021-11-12 17:14:02 - [MESSAGE][INFO] - Checking called Test Case

2021-11-12 17:14:02 - [MESSAGE][INFO] - Starting to call Test Case 'Test Cases/Tablo/TablodaVeriVarMi'

2021-11-12 17:14:02 - [TEST_CASE][PASSED] - Test Cases/Tablo/TablodaVeriVarMi: Test Cases/Tablo/TablodaVeriVarMi

2021-11-12 17:14:02 - [TEST_STEP][PASSED] - verifyTextNotPresent("Görüntülenecek veri yok", true): Text 'Görüntülenecek veri yok' is not present on page using regular expression

2021-11-12 17:14:02 - [MESSAGE][INFO] - Checking text present  using regular expression

2021-11-12 17:14:02 - [MESSAGE][INFO] - Smart Wait Function is triggered

2021-11-12 17:14:03 - [MESSAGE][INFO] - Finding text 'Görüntülenecek veri yok' on page  using regular expression

2021-11-12 17:14:03 - [MESSAGE][PASSED] - Text 'Görüntülenecek veri yok' is not present on page using regular expression

2021-11-12 17:14:03 - [MESSAGE][PASSED] - Call Test Case 'Test Cases/Tablo/TablodaVeriVarMi' successfully

2021-11-12 17:14:03 - [MESSAGE][INFO] - Checking called Test Case

2021-11-12 17:14:03 - [MESSAGE][INFO] - Starting to call Test Case 'Test Cases/Filtreler/TexboxaYaz'

2021-11-12 17:14:03 - [TEST_CASE][PASSED] - Test Cases/Filtreler/TexboxaYaz: Test Cases/Filtreler/TexboxaYaz

2021-11-12 17:14:03 - [TEST_STEP][PASSED] - Method.TextDegerineEsitElementinAltindakiTextboxtaYaz(findTestObject("Filtreler/Basliklar"), findTestObject("Filtreler/Basliga_Gore_Textbox"), Filtre_Adi, Filtre_Degeri): Method.TextDegerineEsitElementinAltindakiTextboxtaYaz is PASSED

2021-11-12 17:14:03 - [MESSAGE][INFO] - Finding Test Object 'Object Repository/Filtreler/Basliklar'

2021-11-12 17:14:03 - [MESSAGE][INFO] - Finding Test Object 'Object Repository/Filtreler/Basliga_Gore_Textbox'

2021-11-12 17:14:03 - [MESSAGE][INFO] - Checking timeout

2021-11-12 17:14:03 - [MESSAGE][INFO] - Finding web element with id: 'Object Repository/Filtreler/Basliklar' located by 'By.cssSelector: .control-label.col-sm-4.paddingMarginRLC' in '10' second(s)

2021-11-12 17:14:03 - [MESSAGE][INFO] - Smart Wait Function is triggered

2021-11-12 17:14:04 - [MESSAGE][INFO] - Found 19 web elements with id: 'Object Repository/Filtreler/Basliklar' located by 'By.cssSelector: .control-label.col-sm-4.paddingMarginRLC' in '10' second(s)

2021-11-12 17:14:04 - [MESSAGE][INFO] - Smart Wait Function is triggered

2021-11-12 17:14:04 - [MESSAGE][PASSED] - Method.TextDegerineEsitElementinAltindakiTextboxtaYaz is PASSED

2021-11-12 17:14:04 - [MESSAGE][PASSED] - Call Test Case 'Test Cases/Filtreler/TexboxaYaz' successfully

2021-11-12 17:14:04 - [MESSAGE][INFO] - Checking called Test Case

2021-11-12 17:14:04 - [MESSAGE][INFO] - Starting to call Test Case 'Test Cases/Filtreler/ButonaTikla'

2021-11-12 17:14:04 - [TEST_CASE][PASSED] - Test Cases/Filtreler/ButonaTikla: Test Cases/Filtreler/ButonaTikla

2021-11-12 17:14:04 - [TEST_STEP][PASSED] - Method.TextDegerineEsitElementeTikla(findTestObject("Filtreler/Butonlar"), Filtre_Buton): Method.TextDegerineEsitElementeTikla is PASSED

2021-11-12 17:14:04 - [MESSAGE][INFO] - Finding Test Object 'Object Repository/Filtreler/Butonlar'

2021-11-12 17:14:04 - [MESSAGE][INFO] - Checking timeout

2021-11-12 17:14:04 - [MESSAGE][INFO] - Finding web element with id: 'Object Repository/Filtreler/Butonlar' located by 'By.cssSelector: .dxb>span' in '10' second(s)

2021-11-12 17:14:04 - [MESSAGE][INFO] - Smart Wait Function is triggered

2021-11-12 17:14:05 - [MESSAGE][INFO] - Found 3 web elements with id: 'Object Repository/Filtreler/Butonlar' located by 'By.cssSelector: .dxb>span' in '10' second(s)

2021-11-12 17:14:05 - [MESSAGE][PASSED] - Method.TextDegerineEsitElementeTikla is PASSED

2021-11-12 17:14:05 - [MESSAGE][PASSED] - Call Test Case 'Test Cases/Filtreler/ButonaTikla' successfully

2021-11-12 17:14:05 - [MESSAGE][INFO] - Checking called Test Case

2021-11-12 17:14:05 - [MESSAGE][INFO] - Starting to call Test Case 'Test Cases/Tablo/TablodaVeriVarMi'

2021-11-12 17:14:05 - [TEST_CASE][PASSED] - Test Cases/Tablo/TablodaVeriVarMi: Test Cases/Tablo/TablodaVeriVarMi

2021-11-12 17:14:05 - [TEST_STEP][PASSED] - verifyTextNotPresent("Görüntülenecek veri yok", true): Text 'Görüntülenecek veri yok' is not present on page using regular expression

2021-11-12 17:14:05 - [MESSAGE][INFO] - Checking text present  using regular expression

2021-11-12 17:14:05 - [MESSAGE][INFO] - Smart Wait Function is triggered

2021-11-12 17:14:06 - [MESSAGE][INFO] - Finding text 'Görüntülenecek veri yok' on page  using regular expression

2021-11-12 17:14:06 - [MESSAGE][PASSED] - Text 'Görüntülenecek veri yok' is not present on page using regular expression

2021-11-12 17:14:06 - [MESSAGE][PASSED] - Call Test Case 'Test Cases/Tablo/TablodaVeriVarMi' successfully

2021-11-12 17:14:06 - [MESSAGE][INFO] - Checking called Test Case

2021-11-12 17:14:06 - [MESSAGE][INFO] - Starting to call Test Case 'Test Cases/Filtreler/TexboxaYaz'

2021-11-12 17:14:06 - [TEST_CASE][PASSED] - Test Cases/Filtreler/TexboxaYaz: Test Cases/Filtreler/TexboxaYaz

2021-11-12 17:14:06 - [TEST_STEP][PASSED] - Method.TextDegerineEsitElementinAltindakiTextboxtaYaz(findTestObject("Filtreler/Basliklar"), findTestObject("Filtreler/Basliga_Gore_Textbox"), Filtre_Adi, Filtre_Degeri): Method.TextDegerineEsitElementinAltindakiTextboxtaYaz is PASSED

2021-11-12 17:14:06 - [MESSAGE][INFO] - Finding Test Object 'Object Repository/Filtreler/Basliklar'

2021-11-12 17:14:06 - [MESSAGE][INFO] - Finding Test Object 'Object Repository/Filtreler/Basliga_Gore_Textbox'

2021-11-12 17:14:06 - [MESSAGE][INFO] - Checking timeout

2021-11-12 17:14:06 - [MESSAGE][INFO] - Finding web element with id: 'Object Repository/Filtreler/Basliklar' located by 'By.cssSelector: .control-label.col-sm-4.paddingMarginRLC' in '10' second(s)

2021-11-12 17:14:06 - [MESSAGE][INFO] - Smart Wait Function is triggered

2021-11-12 17:14:06 - [MESSAGE][INFO] - Found 19 web elements with id: 'Object Repository/Filtreler/Basliklar' located by 'By.cssSelector: .control-label.col-sm-4.paddingMarginRLC' in '10' second(s)

2021-11-12 17:14:06 - [MESSAGE][INFO] - Smart Wait Function is triggered

2021-11-12 17:14:07 - [MESSAGE][PASSED] - Method.TextDegerineEsitElementinAltindakiTextboxtaYaz is PASSED

2021-11-12 17:14:07 - [MESSAGE][PASSED] - Call Test Case 'Test Cases/Filtreler/TexboxaYaz' successfully

2021-11-12 17:14:07 - [MESSAGE][INFO] - Checking called Test Case

2021-11-12 17:14:07 - [MESSAGE][INFO] - Starting to call Test Case 'Test Cases/Filtreler/ButonaTikla'

2021-11-12 17:14:07 - [TEST_CASE][PASSED] - Test Cases/Filtreler/ButonaTikla: Test Cases/Filtreler/ButonaTikla

2021-11-12 17:14:07 - [TEST_STEP][PASSED] - Method.TextDegerineEsitElementeTikla(findTestObject("Filtreler/Butonlar"), Filtre_Buton): Method.TextDegerineEsitElementeTikla is PASSED

2021-11-12 17:14:07 - [MESSAGE][INFO] - Finding Test Object 'Object Repository/Filtreler/Butonlar'

2021-11-12 17:14:07 - [MESSAGE][INFO] - Checking timeout

2021-11-12 17:14:07 - [MESSAGE][INFO] - Finding web element with id: 'Object Repository/Filtreler/Butonlar' located by 'By.cssSelector: .dxb>span' in '10' second(s)

2021-11-12 17:14:07 - [MESSAGE][INFO] - Smart Wait Function is triggered

2021-11-12 17:14:07 - [MESSAGE][INFO] - Found 3 web elements with id: 'Object Repository/Filtreler/Butonlar' located by 'By.cssSelector: .dxb>span' in '10' second(s)

2021-11-12 17:14:07 - [MESSAGE][PASSED] - Method.TextDegerineEsitElementeTikla is PASSED

2021-11-12 17:14:07 - [MESSAGE][PASSED] - Call Test Case 'Test Cases/Filtreler/ButonaTikla' successfully

2021-11-12 17:14:07 - [MESSAGE][INFO] - Checking called Test Case

2021-11-12 17:14:07 - [MESSAGE][INFO] - Starting to call Test Case 'Test Cases/Tablo/TablodaVeriVarMi'

2021-11-12 17:14:07 - [TEST_CASE][PASSED] - Test Cases/Tablo/TablodaVeriVarMi: Test Cases/Tablo/TablodaVeriVarMi

2021-11-12 17:14:07 - [TEST_STEP][PASSED] - verifyTextNotPresent("Görüntülenecek veri yok", true): Text 'Görüntülenecek veri yok' is not present on page using regular expression

2021-11-12 17:14:07 - [MESSAGE][INFO] - Checking text present  using regular expression

2021-11-12 17:14:07 - [MESSAGE][INFO] - Smart Wait Function is triggered

2021-11-12 17:14:08 - [MESSAGE][INFO] - Finding text 'Görüntülenecek veri yok' on page  using regular expression

2021-11-12 17:14:08 - [MESSAGE][PASSED] - Text 'Görüntülenecek veri yok' is not present on page using regular expression

2021-11-12 17:14:08 - [MESSAGE][PASSED] - Call Test Case 'Test Cases/Tablo/TablodaVeriVarMi' successfully

2021-11-12 17:14:08 - [MESSAGE][INFO] - Checking called Test Case

2021-11-12 17:14:08 - [MESSAGE][INFO] - Starting to call Test Case 'Test Cases/Filtreler/TexboxaYaz'

2021-11-12 17:14:08 - [TEST_CASE][PASSED] - Test Cases/Filtreler/TexboxaYaz: Test Cases/Filtreler/TexboxaYaz

2021-11-12 17:14:08 - [TEST_STEP][PASSED] - Method.TextDegerineEsitElementinAltindakiTextboxtaYaz(findTestObject("Filtreler/Basliklar"), findTestObject("Filtreler/Basliga_Gore_Textbox"), Filtre_Adi, Filtre_Degeri): Method.TextDegerineEsitElementinAltindakiTextboxtaYaz is PASSED

2021-11-12 17:14:08 - [MESSAGE][INFO] - Finding Test Object 'Object Repository/Filtreler/Basliklar'

2021-11-12 17:14:08 - [MESSAGE][INFO] - Finding Test Object 'Object Repository/Filtreler/Basliga_Gore_Textbox'

2021-11-12 17:14:08 - [MESSAGE][INFO] - Checking timeout

2021-11-12 17:14:08 - [MESSAGE][INFO] - Finding web element with id: 'Object Repository/Filtreler/Basliklar' located by 'By.cssSelector: .control-label.col-sm-4.paddingMarginRLC' in '10' second(s)

2021-11-12 17:14:08 - [MESSAGE][INFO] - Smart Wait Function is triggered

2021-11-12 17:14:08 - [MESSAGE][INFO] - Found 19 web elements with id: 'Object Repository/Filtreler/Basliklar' located by 'By.cssSelector: .control-label.col-sm-4.paddingMarginRLC' in '10' second(s)

2021-11-12 17:14:08 - [MESSAGE][INFO] - Smart Wait Function is triggered

2021-11-12 17:14:09 - [MESSAGE][PASSED] - Method.TextDegerineEsitElementinAltindakiTextboxtaYaz is PASSED

2021-11-12 17:14:09 - [MESSAGE][PASSED] - Call Test Case 'Test Cases/Filtreler/TexboxaYaz' successfully

2021-11-12 17:14:09 - [MESSAGE][INFO] - Checking called Test Case

2021-11-12 17:14:09 - [MESSAGE][INFO] - Starting to call Test Case 'Test Cases/Filtreler/ButonaTikla'

2021-11-12 17:14:09 - [TEST_CASE][PASSED] - Test Cases/Filtreler/ButonaTikla: Test Cases/Filtreler/ButonaTikla

2021-11-12 17:14:09 - [TEST_STEP][PASSED] - Method.TextDegerineEsitElementeTikla(findTestObject("Filtreler/Butonlar"), Filtre_Buton): Method.TextDegerineEsitElementeTikla is PASSED

2021-11-12 17:14:09 - [MESSAGE][INFO] - Finding Test Object 'Object Repository/Filtreler/Butonlar'

2021-11-12 17:14:09 - [MESSAGE][INFO] - Checking timeout

2021-11-12 17:14:09 - [MESSAGE][INFO] - Finding web element with id: 'Object Repository/Filtreler/Butonlar' located by 'By.cssSelector: .dxb>span' in '10' second(s)

2021-11-12 17:14:09 - [MESSAGE][INFO] - Smart Wait Function is triggered

2021-11-12 17:14:09 - [MESSAGE][INFO] - Found 3 web elements with id: 'Object Repository/Filtreler/Butonlar' located by 'By.cssSelector: .dxb>span' in '10' second(s)

2021-11-12 17:14:10 - [MESSAGE][PASSED] - Method.TextDegerineEsitElementeTikla is PASSED

2021-11-12 17:14:10 - [MESSAGE][PASSED] - Call Test Case 'Test Cases/Filtreler/ButonaTikla' successfully

2021-11-12 17:14:10 - [MESSAGE][INFO] - Checking called Test Case

2021-11-12 17:14:10 - [MESSAGE][INFO] - Starting to call Test Case 'Test Cases/Tablo/TablodaVeriVarMi'

2021-11-12 17:14:10 - [TEST_CASE][PASSED] - Test Cases/Tablo/TablodaVeriVarMi: Test Cases/Tablo/TablodaVeriVarMi

2021-11-12 17:14:10 - [TEST_STEP][PASSED] - verifyTextNotPresent("Görüntülenecek veri yok", true): Text 'Görüntülenecek veri yok' is not present on page using regular expression

2021-11-12 17:14:10 - [MESSAGE][INFO] - Checking text present  using regular expression

2021-11-12 17:14:10 - [MESSAGE][INFO] - Smart Wait Function is triggered

2021-11-12 17:14:10 - [MESSAGE][INFO] - Finding text 'Görüntülenecek veri yok' on page  using regular expression

2021-11-12 17:14:10 - [MESSAGE][PASSED] - Text 'Görüntülenecek veri yok' is not present on page using regular expression

2021-11-12 17:14:10 - [MESSAGE][PASSED] - Call Test Case 'Test Cases/Tablo/TablodaVeriVarMi' successfully

2021-11-12 17:14:10 - [MESSAGE][INFO] - Checking called Test Case

2021-11-12 17:14:10 - [MESSAGE][INFO] - Starting to call Test Case 'Test Cases/Filtreler/filtreIcerigiSil'

2021-11-12 17:14:10 - [TEST_CASE][PASSED] - Test Cases/Filtreler/filtreIcerigiSil: Test Cases/Filtreler/filtreIcerigiSil

2021-11-12 17:14:10 - [TEST_STEP][PASSED] - Method.TextDegerineEsitElementinAltindakiTextboxtaYaz(findTestObject("Filtreler/Basliklar"), findTestObject("Filtreler/Basliga_Gore_Textbox"), Filtre_Adi, Keys.chord(CONTROL, Keys.chord("a"), BACK_SPACE)): Method.TextDegerineEsitElementinAltindakiTextboxtaYaz is PASSED

2021-11-12 17:14:10 - [MESSAGE][INFO] - Finding Test Object 'Object Repository/Filtreler/Basliklar'

2021-11-12 17:14:10 - [MESSAGE][INFO] - Finding Test Object 'Object Repository/Filtreler/Basliga_Gore_Textbox'

2021-11-12 17:14:11 - [MESSAGE][INFO] - Checking timeout

2021-11-12 17:14:11 - [MESSAGE][INFO] - Finding web element with id: 'Object Repository/Filtreler/Basliklar' located by 'By.cssSelector: .control-label.col-sm-4.paddingMarginRLC' in '10' second(s)

2021-11-12 17:14:11 - [MESSAGE][INFO] - Smart Wait Function is triggered

2021-11-12 17:14:11 - [MESSAGE][INFO] - Found 19 web elements with id: 'Object Repository/Filtreler/Basliklar' located by 'By.cssSelector: .control-label.col-sm-4.paddingMarginRLC' in '10' second(s)

2021-11-12 17:14:11 - [MESSAGE][INFO] - Smart Wait Function is triggered

2021-11-12 17:14:11 - [MESSAGE][PASSED] - Method.TextDegerineEsitElementinAltindakiTextboxtaYaz is PASSED

2021-11-12 17:14:11 - [MESSAGE][PASSED] - Call Test Case 'Test Cases/Filtreler/filtreIcerigiSil' successfully

2021-11-12 17:14:11 - [MESSAGE][INFO] - Checking called Test Case

2021-11-12 17:14:11 - [MESSAGE][INFO] - Starting to call Test Case 'Test Cases/Filtreler/TexboxaYaz'

2021-11-12 17:14:11 - [TEST_CASE][PASSED] - Test Cases/Filtreler/TexboxaYaz: Test Cases/Filtreler/TexboxaYaz

2021-11-12 17:14:11 - [TEST_STEP][PASSED] - Method.TextDegerineEsitElementinAltindakiTextboxtaYaz(findTestObject("Filtreler/Basliklar"), findTestObject("Filtreler/Basliga_Gore_Textbox"), Filtre_Adi, Filtre_Degeri): Method.TextDegerineEsitElementinAltindakiTextboxtaYaz is PASSED

2021-11-12 17:14:11 - [MESSAGE][INFO] - Finding Test Object 'Object Repository/Filtreler/Basliklar'

2021-11-12 17:14:12 - [MESSAGE][INFO] - Finding Test Object 'Object Repository/Filtreler/Basliga_Gore_Textbox'

2021-11-12 17:14:12 - [MESSAGE][INFO] - Checking timeout

2021-11-12 17:14:12 - [MESSAGE][INFO] - Finding web element with id: 'Object Repository/Filtreler/Basliklar' located by 'By.cssSelector: .control-label.col-sm-4.paddingMarginRLC' in '10' second(s)

2021-11-12 17:14:12 - [MESSAGE][INFO] - Smart Wait Function is triggered

2021-11-12 17:14:12 - [MESSAGE][INFO] - Found 19 web elements with id: 'Object Repository/Filtreler/Basliklar' located by 'By.cssSelector: .control-label.col-sm-4.paddingMarginRLC' in '10' second(s)

2021-11-12 17:14:12 - [MESSAGE][INFO] - Smart Wait Function is triggered

2021-11-12 17:14:13 - [MESSAGE][PASSED] - Method.TextDegerineEsitElementinAltindakiTextboxtaYaz is PASSED

2021-11-12 17:14:13 - [MESSAGE][PASSED] - Call Test Case 'Test Cases/Filtreler/TexboxaYaz' successfully

2021-11-12 17:14:13 - [MESSAGE][INFO] - Checking called Test Case

2021-11-12 17:14:13 - [MESSAGE][INFO] - Starting to call Test Case 'Test Cases/Filtreler/ButonaTikla'

2021-11-12 17:14:13 - [TEST_CASE][PASSED] - Test Cases/Filtreler/ButonaTikla: Test Cases/Filtreler/ButonaTikla

2021-11-12 17:14:13 - [TEST_STEP][PASSED] - Method.TextDegerineEsitElementeTikla(findTestObject("Filtreler/Butonlar"), Filtre_Buton): Method.TextDegerineEsitElementeTikla is PASSED

2021-11-12 17:14:13 - [MESSAGE][INFO] - Finding Test Object 'Object Repository/Filtreler/Butonlar'

2021-11-12 17:14:13 - [MESSAGE][INFO] - Checking timeout

2021-11-12 17:14:13 - [MESSAGE][INFO] - Finding web element with id: 'Object Repository/Filtreler/Butonlar' located by 'By.cssSelector: .dxb>span' in '10' second(s)

2021-11-12 17:14:13 - [MESSAGE][INFO] - Smart Wait Function is triggered

2021-11-12 17:14:13 - [MESSAGE][INFO] - Found 3 web elements with id: 'Object Repository/Filtreler/Butonlar' located by 'By.cssSelector: .dxb>span' in '10' second(s)

2021-11-12 17:14:13 - [MESSAGE][PASSED] - Method.TextDegerineEsitElementeTikla is PASSED

2021-11-12 17:14:13 - [MESSAGE][PASSED] - Call Test Case 'Test Cases/Filtreler/ButonaTikla' successfully

2021-11-12 17:14:13 - [MESSAGE][INFO] - Checking called Test Case

2021-11-12 17:14:13 - [MESSAGE][INFO] - Starting to call Test Case 'Test Cases/Tablo/TablodaVeriVarMi'

2021-11-12 17:14:13 - [TEST_CASE][PASSED] - Test Cases/Tablo/TablodaVeriVarMi: Test Cases/Tablo/TablodaVeriVarMi

2021-11-12 17:14:13 - [TEST_STEP][PASSED] - verifyTextNotPresent("Görüntülenecek veri yok", true): Text 'Görüntülenecek veri yok' is not present on page using regular expression

2021-11-12 17:14:13 - [MESSAGE][INFO] - Checking text present  using regular expression

2021-11-12 17:14:13 - [MESSAGE][INFO] - Smart Wait Function is triggered

2021-11-12 17:14:14 - [MESSAGE][INFO] - Finding text 'Görüntülenecek veri yok' on page  using regular expression

2021-11-12 17:14:14 - [MESSAGE][PASSED] - Text 'Görüntülenecek veri yok' is not present on page using regular expression

2021-11-12 17:14:14 - [MESSAGE][PASSED] - Call Test Case 'Test Cases/Tablo/TablodaVeriVarMi' successfully

2021-11-12 17:14:14 - [MESSAGE][INFO] - Checking called Test Case

2021-11-12 17:14:14 - [MESSAGE][INFO] - Starting to call Test Case 'Test Cases/Filtreler/TexboxaYaz'

2021-11-12 17:14:14 - [TEST_CASE][PASSED] - Test Cases/Filtreler/TexboxaYaz: Test Cases/Filtreler/TexboxaYaz

2021-11-12 17:14:14 - [TEST_STEP][PASSED] - Method.TextDegerineEsitElementinAltindakiTextboxtaYaz(findTestObject("Filtreler/Basliklar"), findTestObject("Filtreler/Basliga_Gore_Textbox"), Filtre_Adi, Filtre_Degeri): Method.TextDegerineEsitElementinAltindakiTextboxtaYaz is PASSED

2021-11-12 17:14:14 - [MESSAGE][INFO] - Finding Test Object 'Object Repository/Filtreler/Basliklar'

2021-11-12 17:14:14 - [MESSAGE][INFO] - Finding Test Object 'Object Repository/Filtreler/Basliga_Gore_Textbox'

2021-11-12 17:14:14 - [MESSAGE][INFO] - Checking timeout

2021-11-12 17:14:14 - [MESSAGE][INFO] - Finding web element with id: 'Object Repository/Filtreler/Basliklar' located by 'By.cssSelector: .control-label.col-sm-4.paddingMarginRLC' in '10' second(s)

2021-11-12 17:14:14 - [MESSAGE][INFO] - Smart Wait Function is triggered

2021-11-12 17:14:15 - [MESSAGE][INFO] - Found 19 web elements with id: 'Object Repository/Filtreler/Basliklar' located by 'By.cssSelector: .control-label.col-sm-4.paddingMarginRLC' in '10' second(s)

2021-11-12 17:14:15 - [MESSAGE][INFO] - Smart Wait Function is triggered

2021-11-12 17:14:15 - [MESSAGE][PASSED] - Method.TextDegerineEsitElementinAltindakiTextboxtaYaz is PASSED

2021-11-12 17:14:15 - [MESSAGE][PASSED] - Call Test Case 'Test Cases/Filtreler/TexboxaYaz' successfully

2021-11-12 17:14:15 - [MESSAGE][INFO] - Checking called Test Case

2021-11-12 17:14:15 - [MESSAGE][INFO] - Starting to call Test Case 'Test Cases/Filtreler/ButonaTikla'

2021-11-12 17:14:15 - [TEST_CASE][PASSED] - Test Cases/Filtreler/ButonaTikla: Test Cases/Filtreler/ButonaTikla

2021-11-12 17:14:15 - [TEST_STEP][PASSED] - Method.TextDegerineEsitElementeTikla(findTestObject("Filtreler/Butonlar"), Filtre_Buton): Method.TextDegerineEsitElementeTikla is PASSED

2021-11-12 17:14:15 - [MESSAGE][INFO] - Finding Test Object 'Object Repository/Filtreler/Butonlar'

2021-11-12 17:14:15 - [MESSAGE][INFO] - Checking timeout

2021-11-12 17:14:15 - [MESSAGE][INFO] - Finding web element with id: 'Object Repository/Filtreler/Butonlar' located by 'By.cssSelector: .dxb>span' in '10' second(s)

2021-11-12 17:14:15 - [MESSAGE][INFO] - Smart Wait Function is triggered

2021-11-12 17:14:16 - [MESSAGE][INFO] - Found 3 web elements with id: 'Object Repository/Filtreler/Butonlar' located by 'By.cssSelector: .dxb>span' in '10' second(s)

2021-11-12 17:14:16 - [MESSAGE][PASSED] - Method.TextDegerineEsitElementeTikla is PASSED

2021-11-12 17:14:16 - [MESSAGE][PASSED] - Call Test Case 'Test Cases/Filtreler/ButonaTikla' successfully

2021-11-12 17:14:16 - [MESSAGE][INFO] - Checking called Test Case

2021-11-12 17:14:16 - [MESSAGE][INFO] - Starting to call Test Case 'Test Cases/Tablo/TablodaVeriVarMi'

2021-11-12 17:14:16 - [TEST_CASE][PASSED] - Test Cases/Tablo/TablodaVeriVarMi: Test Cases/Tablo/TablodaVeriVarMi

2021-11-12 17:14:16 - [TEST_STEP][PASSED] - verifyTextNotPresent("Görüntülenecek veri yok", true): Text 'Görüntülenecek veri yok' is not present on page using regular expression

2021-11-12 17:14:16 - [MESSAGE][INFO] - Checking text present  using regular expression

2021-11-12 17:14:16 - [MESSAGE][INFO] - Smart Wait Function is triggered

2021-11-12 17:14:19 - [MESSAGE][INFO] - Finding text 'Görüntülenecek veri yok' on page  using regular expression

2021-11-12 17:14:19 - [MESSAGE][PASSED] - Text 'Görüntülenecek veri yok' is not present on page using regular expression

2021-11-12 17:14:19 - [MESSAGE][PASSED] - Call Test Case 'Test Cases/Tablo/TablodaVeriVarMi' successfully

2021-11-12 17:14:19 - [MESSAGE][INFO] - Checking called Test Case

2021-11-12 17:14:19 - [MESSAGE][INFO] - Starting to call Test Case 'Test Cases/Filtreler/TexboxaYaz'

2021-11-12 17:14:19 - [TEST_CASE][PASSED] - Test Cases/Filtreler/TexboxaYaz: Test Cases/Filtreler/TexboxaYaz

2021-11-12 17:14:19 - [TEST_STEP][PASSED] - Method.TextDegerineEsitElementinAltindakiTextboxtaYaz(findTestObject("Filtreler/Basliklar"), findTestObject("Filtreler/Basliga_Gore_Textbox"), Filtre_Adi, Filtre_Degeri): Method.TextDegerineEsitElementinAltindakiTextboxtaYaz is PASSED

2021-11-12 17:14:19 - [MESSAGE][INFO] - Finding Test Object 'Object Repository/Filtreler/Basliklar'

2021-11-12 17:14:19 - [MESSAGE][INFO] - Finding Test Object 'Object Repository/Filtreler/Basliga_Gore_Textbox'

2021-11-12 17:14:19 - [MESSAGE][INFO] - Checking timeout

2021-11-12 17:14:19 - [MESSAGE][INFO] - Finding web element with id: 'Object Repository/Filtreler/Basliklar' located by 'By.cssSelector: .control-label.col-sm-4.paddingMarginRLC' in '10' second(s)

2021-11-12 17:14:19 - [MESSAGE][INFO] - Smart Wait Function is triggered

2021-11-12 17:14:19 - [MESSAGE][INFO] - Found 19 web elements with id: 'Object Repository/Filtreler/Basliklar' located by 'By.cssSelector: .control-label.col-sm-4.paddingMarginRLC' in '10' second(s)

2021-11-12 17:14:19 - [MESSAGE][INFO] - Smart Wait Function is triggered

2021-11-12 17:14:20 - [MESSAGE][PASSED] - Method.TextDegerineEsitElementinAltindakiTextboxtaYaz is PASSED

2021-11-12 17:14:20 - [MESSAGE][PASSED] - Call Test Case 'Test Cases/Filtreler/TexboxaYaz' successfully

2021-11-12 17:14:20 - [MESSAGE][INFO] - Checking called Test Case

2021-11-12 17:14:20 - [MESSAGE][INFO] - Starting to call Test Case 'Test Cases/Filtreler/ButonaTikla'

2021-11-12 17:14:20 - [TEST_CASE][PASSED] - Test Cases/Filtreler/ButonaTikla: Test Cases/Filtreler/ButonaTikla

2021-11-12 17:14:20 - [TEST_STEP][PASSED] - Method.TextDegerineEsitElementeTikla(findTestObject("Filtreler/Butonlar"), Filtre_Buton): Method.TextDegerineEsitElementeTikla is PASSED

2021-11-12 17:14:20 - [MESSAGE][INFO] - Finding Test Object 'Object Repository/Filtreler/Butonlar'

2021-11-12 17:14:20 - [MESSAGE][INFO] - Checking timeout

2021-11-12 17:14:20 - [MESSAGE][INFO] - Finding web element with id: 'Object Repository/Filtreler/Butonlar' located by 'By.cssSelector: .dxb>span' in '10' second(s)

2021-11-12 17:14:20 - [MESSAGE][INFO] - Smart Wait Function is triggered

2021-11-12 17:14:20 - [MESSAGE][INFO] - Found 3 web elements with id: 'Object Repository/Filtreler/Butonlar' located by 'By.cssSelector: .dxb>span' in '10' second(s)

2021-11-12 17:14:20 - [MESSAGE][PASSED] - Method.TextDegerineEsitElementeTikla is PASSED

2021-11-12 17:14:20 - [MESSAGE][PASSED] - Call Test Case 'Test Cases/Filtreler/ButonaTikla' successfully

2021-11-12 17:14:20 - [MESSAGE][INFO] - Checking called Test Case

2021-11-12 17:14:20 - [MESSAGE][INFO] - Starting to call Test Case 'Test Cases/Tablo/TablodaVeriVarMi'

2021-11-12 17:14:20 - [TEST_CASE][PASSED] - Test Cases/Tablo/TablodaVeriVarMi: Test Cases/Tablo/TablodaVeriVarMi

2021-11-12 17:14:20 - [TEST_STEP][PASSED] - verifyTextNotPresent("Görüntülenecek veri yok", true): Text 'Görüntülenecek veri yok' is not present on page using regular expression

2021-11-12 17:14:20 - [MESSAGE][INFO] - Checking text present  using regular expression

2021-11-12 17:14:20 - [MESSAGE][INFO] - Smart Wait Function is triggered

2021-11-12 17:14:21 - [MESSAGE][INFO] - Finding text 'Görüntülenecek veri yok' on page  using regular expression

2021-11-12 17:14:21 - [MESSAGE][PASSED] - Text 'Görüntülenecek veri yok' is not present on page using regular expression

2021-11-12 17:14:21 - [MESSAGE][PASSED] - Call Test Case 'Test Cases/Tablo/TablodaVeriVarMi' successfully

2021-11-12 17:14:21 - [MESSAGE][INFO] - Checking called Test Case

2021-11-12 17:14:21 - [MESSAGE][INFO] - Starting to call Test Case 'Test Cases/Filtreler/TexboxaYaz'

2021-11-12 17:14:21 - [TEST_CASE][PASSED] - Test Cases/Filtreler/TexboxaYaz: Test Cases/Filtreler/TexboxaYaz

2021-11-12 17:14:21 - [TEST_STEP][PASSED] - Method.TextDegerineEsitElementinAltindakiTextboxtaYaz(findTestObject("Filtreler/Basliklar"), findTestObject("Filtreler/Basliga_Gore_Textbox"), Filtre_Adi, Filtre_Degeri): Method.TextDegerineEsitElementinAltindakiTextboxtaYaz is PASSED

2021-11-12 17:14:21 - [MESSAGE][INFO] - Finding Test Object 'Object Repository/Filtreler/Basliklar'

2021-11-12 17:14:22 - [MESSAGE][INFO] - Finding Test Object 'Object Repository/Filtreler/Basliga_Gore_Textbox'

2021-11-12 17:14:22 - [MESSAGE][INFO] - Checking timeout

2021-11-12 17:14:22 - [MESSAGE][INFO] - Finding web element with id: 'Object Repository/Filtreler/Basliklar' located by 'By.cssSelector: .control-label.col-sm-4.paddingMarginRLC' in '10' second(s)

2021-11-12 17:14:22 - [MESSAGE][INFO] - Smart Wait Function is triggered

2021-11-12 17:14:22 - [MESSAGE][INFO] - Found 19 web elements with id: 'Object Repository/Filtreler/Basliklar' located by 'By.cssSelector: .control-label.col-sm-4.paddingMarginRLC' in '10' second(s)

2021-11-12 17:14:22 - [MESSAGE][INFO] - Smart Wait Function is triggered

2021-11-12 17:14:22 - [MESSAGE][PASSED] - Method.TextDegerineEsitElementinAltindakiTextboxtaYaz is PASSED

2021-11-12 17:14:22 - [MESSAGE][PASSED] - Call Test Case 'Test Cases/Filtreler/TexboxaYaz' successfully

2021-11-12 17:14:22 - [MESSAGE][INFO] - Checking called Test Case

2021-11-12 17:14:22 - [MESSAGE][INFO] - Starting to call Test Case 'Test Cases/Filtreler/ButonaTikla'

2021-11-12 17:14:22 - [TEST_CASE][PASSED] - Test Cases/Filtreler/ButonaTikla: Test Cases/Filtreler/ButonaTikla

2021-11-12 17:14:23 - [TEST_STEP][PASSED] - Method.TextDegerineEsitElementeTikla(findTestObject("Filtreler/Butonlar"), Filtre_Buton): Method.TextDegerineEsitElementeTikla is PASSED

2021-11-12 17:14:23 - [MESSAGE][INFO] - Finding Test Object 'Object Repository/Filtreler/Butonlar'

2021-11-12 17:14:23 - [MESSAGE][INFO] - Checking timeout

2021-11-12 17:14:23 - [MESSAGE][INFO] - Finding web element with id: 'Object Repository/Filtreler/Butonlar' located by 'By.cssSelector: .dxb>span' in '10' second(s)

2021-11-12 17:14:23 - [MESSAGE][INFO] - Smart Wait Function is triggered

2021-11-12 17:14:23 - [MESSAGE][INFO] - Found 3 web elements with id: 'Object Repository/Filtreler/Butonlar' located by 'By.cssSelector: .dxb>span' in '10' second(s)

2021-11-12 17:14:23 - [MESSAGE][PASSED] - Method.TextDegerineEsitElementeTikla is PASSED

2021-11-12 17:14:23 - [MESSAGE][PASSED] - Call Test Case 'Test Cases/Filtreler/ButonaTikla' successfully

2021-11-12 17:14:23 - [MESSAGE][INFO] - Checking called Test Case

2021-11-12 17:14:23 - [MESSAGE][INFO] - Starting to call Test Case 'Test Cases/Tablo/TablodaVeriVarMi'

2021-11-12 17:14:23 - [TEST_CASE][PASSED] - Test Cases/Tablo/TablodaVeriVarMi: Test Cases/Tablo/TablodaVeriVarMi

2021-11-12 17:14:23 - [TEST_STEP][PASSED] - verifyTextNotPresent("Görüntülenecek veri yok", true): Text 'Görüntülenecek veri yok' is not present on page using regular expression

2021-11-12 17:14:23 - [MESSAGE][INFO] - Checking text present  using regular expression

2021-11-12 17:14:23 - [MESSAGE][INFO] - Smart Wait Function is triggered

2021-11-12 17:14:24 - [MESSAGE][INFO] - Finding text 'Görüntülenecek veri yok' on page  using regular expression

2021-11-12 17:14:24 - [MESSAGE][PASSED] - Text 'Görüntülenecek veri yok' is not present on page using regular expression

2021-11-12 17:14:24 - [MESSAGE][PASSED] - Call Test Case 'Test Cases/Tablo/TablodaVeriVarMi' successfully

2021-11-12 17:14:24 - [MESSAGE][INFO] - Checking called Test Case

2021-11-12 17:14:24 - [MESSAGE][INFO] - Starting to call Test Case 'Test Cases/Kullanici_Islemleri/KullaniciIslemlerindenSecimYapilir'

2021-11-12 17:14:24 - [TEST_CASE][PASSED] - Test Cases/Kullanici_Islemleri/KullaniciIslemlerindenSecimYapilir: Test Cases/Kullanici_Islemleri/KullaniciIslemlerindenSecimYapilir

2021-11-12 17:14:24 - [TEST_STEP][PASSED] - waitForElementClickable(findTestObject("Object Repository/Kullanici_Islemleri/KullaniciIslemleri"), 10): Object 'Object Repository/Kullanici_Islemleri/KullaniciIslemleri' is clickable

2021-11-12 17:14:24 - [MESSAGE][INFO] - Finding Test Object 'Object Repository/Kullanici_Islemleri/KullaniciIslemleri'

2021-11-12 17:14:24 - [MESSAGE][INFO] - Checking object

2021-11-12 17:14:24 - [MESSAGE][INFO] - Checking timeout

2021-11-12 17:14:24 - [MESSAGE][INFO] - Finding web element from Test Object's properties

2021-11-12 17:14:24 - [MESSAGE][INFO] - Checking timeout

2021-11-12 17:14:24 - [MESSAGE][INFO] - Finding web element with id: 'Object Repository/Kullanici_Islemleri/KullaniciIslemleri' located by 'By.cssSelector: .dropdown>a>img' in '10' second(s)

2021-11-12 17:14:24 - [MESSAGE][INFO] - Smart Wait Function is triggered

2021-11-12 17:14:24 - [MESSAGE][INFO] - Found 1 web elements with id: 'Object Repository/Kullanici_Islemleri/KullaniciIslemleri' located by 'By.cssSelector: .dropdown>a>img' in '10' second(s)

2021-11-12 17:14:24 - [MESSAGE][PASSED] - Object 'Object Repository/Kullanici_Islemleri/KullaniciIslemleri' is clickable

2021-11-12 17:14:24 - [TEST_STEP][PASSED] - click(findTestObject("Object Repository/Kullanici_Islemleri/KullaniciIslemleri")): Object: 'Object Repository/Kullanici_Islemleri/KullaniciIslemleri' is clicked on

2021-11-12 17:14:24 - [MESSAGE][INFO] - Finding Test Object 'Object Repository/Kullanici_Islemleri/KullaniciIslemleri'

2021-11-12 17:14:24 - [MESSAGE][INFO] - Checking object

2021-11-12 17:14:24 - [MESSAGE][INFO] - Finding web element from Test Object's properties

2021-11-12 17:14:24 - [MESSAGE][INFO] - Checking timeout

2021-11-12 17:14:24 - [MESSAGE][INFO] - Finding web element with id: 'Object Repository/Kullanici_Islemleri/KullaniciIslemleri' located by 'By.cssSelector: .dropdown>a>img' in '30' second(s)

2021-11-12 17:14:24 - [MESSAGE][INFO] - Smart Wait Function is triggered

2021-11-12 17:14:25 - [MESSAGE][INFO] - Found 1 web elements with id: 'Object Repository/Kullanici_Islemleri/KullaniciIslemleri' located by 'By.cssSelector: .dropdown>a>img' in '30' second(s)

2021-11-12 17:14:25 - [MESSAGE][INFO] - Clicking on object: 'Object Repository/Kullanici_Islemleri/KullaniciIslemleri'

2021-11-12 17:14:25 - [MESSAGE][PASSED] - Object: 'Object Repository/Kullanici_Islemleri/KullaniciIslemleri' is clicked on

2021-11-12 17:14:25 - [TEST_STEP][PASSED] - Method.TextDegerineEsitElementeTikla(findTestObject("Object Repository/Kullanici_Islemleri/Secenekler"), Islem): Method.TextDegerineEsitElementeTikla is PASSED

2021-11-12 17:14:25 - [MESSAGE][INFO] - Finding Test Object 'Object Repository/Kullanici_Islemleri/Secenekler'

2021-11-12 17:14:25 - [MESSAGE][INFO] - Checking timeout

2021-11-12 17:14:25 - [MESSAGE][INFO] - Finding web element with id: 'Object Repository/Kullanici_Islemleri/Secenekler' located by 'By.cssSelector: .nav.navbar-nav.navbar-right li a' in '10' second(s)

2021-11-12 17:14:25 - [MESSAGE][INFO] - Smart Wait Function is triggered

2021-11-12 17:14:25 - [MESSAGE][INFO] - Found 22 web elements with id: 'Object Repository/Kullanici_Islemleri/Secenekler' located by 'By.cssSelector: .nav.navbar-nav.navbar-right li a' in '10' second(s)

2021-11-12 17:14:27 - [MESSAGE][PASSED] - Method.TextDegerineEsitElementeTikla is PASSED

2021-11-12 17:14:27 - [TEST_STEP][PASSED] - verifyElementNotPresent(findTestObject("Object Repository/Kullanici_Islemleri/Secenekler"), 10): Web element with id: 'Object Repository/Kullanici_Islemleri/Secenekler' located by 'By.cssSelector: .nav.navbar-nav.navbar-right li a' is not present after '10' second(s)

2021-11-12 17:14:27 - [MESSAGE][INFO] - Finding Test Object 'Object Repository/Kullanici_Islemleri/Secenekler'

2021-11-12 17:14:27 - [MESSAGE][INFO] - Checking object

2021-11-12 17:14:27 - [MESSAGE][INFO] - Checking timeout

2021-11-12 17:14:27 - [MESSAGE][INFO] - Finding web element with id: 'Object Repository/Kullanici_Islemleri/Secenekler' located by 'By.cssSelector: .nav.navbar-nav.navbar-right li a' in '10' second(s)

2021-11-12 17:14:27 - [MESSAGE][INFO] - Smart Wait Function is triggered

2021-11-12 17:14:27 - [MESSAGE][PASSED] - Web element with id: 'Object Repository/Kullanici_Islemleri/Secenekler' located by 'By.cssSelector: .nav.navbar-nav.navbar-right li a' is not present after '10' second(s)

2021-11-12 17:14:27 - [MESSAGE][PASSED] - Call Test Case 'Test Cases/Kullanici_Islemleri/KullaniciIslemlerindenSecimYapilir' successfully

2021-11-12 17:14:27 - [TEST_CASE][PASSED] - Start Test Case : SCENARIO e-Arsiv Faturalar Buton Kontrolu: SCENARIO e-Arsiv Faturalar Buton Kontrolu

2021-11-12 17:14:27 - [TEST_STEP][PASSED] - Kullanıcı adı ELOGO6 ve Şifre 123456 olarak giriş yapılır: Kullanıcı adı ELOGO6 ve Şifre 123456 olarak giriş yapılır

2021-11-12 17:14:27 - [MESSAGE][PASSED] - Kullanıcı adı ELOGO6 ve Şifre 123456 olarak giriş yapılır

2021-11-12 17:14:27 - [TEST_STEP][PASSED] - Ana menüden e-Arşiv seçilir: Ana menüden e-Arşiv seçilir

2021-11-12 17:14:27 - [MESSAGE][PASSED] - Ana menüden e-Arşiv seçilir

2021-11-12 17:14:27 - [TEST_STEP][PASSED] - Alt menü e-Arşiv Hareketleri başlığı altındaki e-Arşiv Faturaları seçilir: Alt menü e-Arşiv Hareketleri başlığı altındaki e-Arşiv Faturaları seçilir

2021-11-12 17:14:27 - [MESSAGE][PASSED] - Alt menü e-Arşiv Hareketleri başlığı altındaki e-Arşiv Faturaları seçilir

2021-11-12 17:14:27 - [TEST_STEP][PASSED] - Filtrelerden Oluşturma Tarihi filtresine 01.01.2020 baslangic degerini yaz: Filtrelerden Oluşturma Tarihi filtresine 01.01.2020 baslangic degerini yaz

2021-11-12 17:14:27 - [MESSAGE][PASSED] - Filtrelerden Oluşturma Tarihi filtresine 01.01.2020 baslangic degerini yaz

2021-11-12 17:14:27 - [TEST_STEP][PASSED] - Filtrelerden Oluşturma Tarihi filtresine 10.04.2020 bitis degerini yaz: Filtrelerden Oluşturma Tarihi filtresine 10.04.2020 bitis degerini yaz

2021-11-12 17:14:27 - [MESSAGE][PASSED] - Filtrelerden Oluşturma Tarihi filtresine 10.04.2020 bitis degerini yaz

2021-11-12 17:14:27 - [TEST_STEP][PASSED] - Filtre butonlarından Listele seçilir: Filtre butonlarından Listele seçilir

2021-11-12 17:14:27 - [MESSAGE][PASSED] - Filtre butonlarından Listele seçilir

2021-11-12 17:14:27 - [TEST_STEP][PASSED] - Tablodan deney deney isimli verinin detayı tıklanır: Tablodan deney deney isimli verinin detayı tıklanır

2021-11-12 17:14:27 - [MESSAGE][PASSED] - Tablodan deney deney isimli verinin detayı tıklanır

2021-11-12 17:14:27 - [TEST_STEP][PASSED] - Tablodan deney deney isimli verinin detayı tıklanır: Tablodan deney deney isimli verinin detayı tıklanır

2021-11-12 17:14:27 - [MESSAGE][PASSED] - Tablodan deney deney isimli verinin detayı tıklanır

2021-11-12 17:14:27 - [TEST_STEP][PASSED] - Listelenen öğe sayısı Sayfa 1 / 61 (603 öğe) mi: Listelenen öğe sayısı Sayfa 1 / 61 (603 öğe) mi

2021-11-12 17:14:27 - [MESSAGE][PASSED] - Listelenen öğe sayısı Sayfa 1 / 61 (603 öğe) mi

2021-11-12 17:14:27 - [TEST_STEP][PASSED] - Filtrelerden Tür filtresine İADE dropdowndan degeri seçilir: Filtrelerden Tür filtresine İADE dropdowndan degeri seçilir

2021-11-12 17:14:27 - [MESSAGE][PASSED] - Filtrelerden Tür filtresine İADE dropdowndan degeri seçilir

2021-11-12 17:14:27 - [TEST_STEP][PASSED] - Filtre butonlarından Listele seçilir: Filtre butonlarından Listele seçilir

2021-11-12 17:14:27 - [MESSAGE][PASSED] - Filtre butonlarından Listele seçilir

2021-11-12 17:14:27 - [TEST_STEP][PASSED] - Tabloda veri var mı kontrol edilir: Tabloda veri var mı kontrol edilir

2021-11-12 17:14:27 - [MESSAGE][PASSED] - Tabloda veri var mı kontrol edilir

2021-11-12 17:14:27 - [TEST_STEP][PASSED] - Anasayfaya geri dönülür: Anasayfaya geri dönülür

2021-11-12 17:14:27 - [MESSAGE][PASSED] - Anasayfaya geri dönülür

2021-11-12 17:14:27 - [TEST_STEP][PASSED] - Ana menüden e-Arşiv seçilir: Ana menüden e-Arşiv seçilir

2021-11-12 17:14:27 - [MESSAGE][PASSED] - Ana menüden e-Arşiv seçilir

2021-11-12 17:14:27 - [TEST_STEP][PASSED] - Alt menü e-Arşiv Hareketleri başlığı altındaki e-Arşiv Faturaları seçilir: Alt menü e-Arşiv Hareketleri başlığı altındaki e-Arşiv Faturaları seçilir

2021-11-12 17:14:27 - [MESSAGE][PASSED] - Alt menü e-Arşiv Hareketleri başlığı altındaki e-Arşiv Faturaları seçilir

2021-11-12 17:14:27 - [TEST_STEP][PASSED] - Filtrelerden Oluşturma Tarihi filtresine 01.01.2020 baslangic degerini yaz: Filtrelerden Oluşturma Tarihi filtresine 01.01.2020 baslangic degerini yaz

2021-11-12 17:14:27 - [MESSAGE][PASSED] - Filtrelerden Oluşturma Tarihi filtresine 01.01.2020 baslangic degerini yaz

2021-11-12 17:14:27 - [TEST_STEP][PASSED] - Filtrelerden Oluşturma Tarihi filtresine 10.04.2020 bitis degerini yaz: Filtrelerden Oluşturma Tarihi filtresine 10.04.2020 bitis degerini yaz

2021-11-12 17:14:27 - [MESSAGE][PASSED] - Filtrelerden Oluşturma Tarihi filtresine 10.04.2020 bitis degerini yaz

2021-11-12 17:14:27 - [TEST_STEP][PASSED] - Filtrelerden Fatura Tarihi filtresine 10.01.2020 baslangic degerini yaz: Filtrelerden Fatura Tarihi filtresine 10.01.2020 baslangic degerini yaz

2021-11-12 17:14:27 - [MESSAGE][PASSED] - Filtrelerden Fatura Tarihi filtresine 10.01.2020 baslangic degerini yaz

2021-11-12 17:14:27 - [TEST_STEP][PASSED] - Filtrelerden Fatura Tarihi filtresine 11.01.2020 bitis degerini yaz: Filtrelerden Fatura Tarihi filtresine 11.01.2020 bitis degerini yaz

2021-11-12 17:14:27 - [MESSAGE][PASSED] - Filtrelerden Fatura Tarihi filtresine 11.01.2020 bitis degerini yaz

2021-11-12 17:14:27 - [TEST_STEP][PASSED] - Filtre butonlarından Listele seçilir: Filtre butonlarından Listele seçilir

2021-11-12 17:14:27 - [MESSAGE][PASSED] - Filtre butonlarından Listele seçilir

2021-11-12 17:14:27 - [TEST_STEP][PASSED] - Listelenen öğe sayısı Sayfa 1 / 1 (2 öğe) mi: Listelenen öğe sayısı Sayfa 1 / 1 (2 öğe) mi

2021-11-12 17:14:27 - [MESSAGE][PASSED] - Listelenen öğe sayısı Sayfa 1 / 1 (2 öğe) mi

2021-11-12 17:14:27 - [TEST_STEP][PASSED] - Filtre alanlarında Alıcı Ünvanı var mı: Filtre alanlarında Alıcı Ünvanı var mı

2021-11-12 17:14:27 - [MESSAGE][PASSED] - Filtre alanlarında Alıcı Ünvanı var mı

2021-11-12 17:14:27 - [TEST_STEP][PASSED] - Filtre alanlarında Vergi Dahil Tutar var mı: Filtre alanlarında Vergi Dahil Tutar var mı

2021-11-12 17:14:27 - [MESSAGE][PASSED] - Filtre alanlarında Vergi Dahil Tutar var mı

2021-11-12 17:14:27 - [TEST_STEP][PASSED] - Filtre alanlarında Fatura Tarihi var mı: Filtre alanlarında Fatura Tarihi var mı

2021-11-12 17:14:27 - [MESSAGE][PASSED] - Filtre alanlarında Fatura Tarihi var mı

2021-11-12 17:14:27 - [TEST_STEP][PASSED] - Filtre alanlarında Saklama var mı: Filtre alanlarında Saklama var mı

2021-11-12 17:14:27 - [MESSAGE][PASSED] - Filtre alanlarında Saklama var mı

2021-11-12 17:14:27 - [TEST_STEP][PASSED] - Filtre alanlarında Müşteri Bayi Kodu var mı: Filtre alanlarında Müşteri Bayi Kodu var mı

2021-11-12 17:14:27 - [MESSAGE][PASSED] - Filtre alanlarında Müşteri Bayi Kodu var mı

2021-11-12 17:14:27 - [TEST_STEP][PASSED] - Filtre alanlarında Oluşturma Tarihi var mı: Filtre alanlarında Oluşturma Tarihi var mı

2021-11-12 17:14:27 - [MESSAGE][PASSED] - Filtre alanlarında Oluşturma Tarihi var mı

2021-11-12 17:14:27 - [TEST_STEP][PASSED] - Filtre alanlarında Fatura No var mı: Filtre alanlarında Fatura No var mı

2021-11-12 17:14:27 - [MESSAGE][PASSED] - Filtre alanlarında Fatura No var mı

2021-11-12 17:14:27 - [TEST_STEP][PASSED] - Filtre alanlarında Vergi Hariç Tutar var mı: Filtre alanlarında Vergi Hariç Tutar var mı

2021-11-12 17:14:27 - [MESSAGE][PASSED] - Filtre alanlarında Vergi Hariç Tutar var mı

2021-11-12 17:14:27 - [TEST_STEP][PASSED] - Filtre alanlarında Rapor Durumu var mı: Filtre alanlarında Rapor Durumu var mı

2021-11-12 17:14:27 - [MESSAGE][PASSED] - Filtre alanlarında Rapor Durumu var mı

2021-11-12 17:14:27 - [TEST_STEP][PASSED] - Filtre alanlarında Atanan Departman var mı: Filtre alanlarında Atanan Departman var mı

2021-11-12 17:14:27 - [MESSAGE][PASSED] - Filtre alanlarında Atanan Departman var mı

2021-11-12 17:14:27 - [TEST_STEP][PASSED] - Filtre alanlarında Gönderim Şekli var mı: Filtre alanlarında Gönderim Şekli var mı

2021-11-12 17:14:27 - [MESSAGE][PASSED] - Filtre alanlarında Gönderim Şekli var mı

2021-11-12 17:14:27 - [TEST_STEP][PASSED] - Filtre alanlarında İptal / İtiraz Tarihi var mı: Filtre alanlarında İptal / İtiraz Tarihi var mı

2021-11-12 17:14:27 - [MESSAGE][PASSED] - Filtre alanlarında İptal / İtiraz Tarihi var mı

2021-11-12 17:14:27 - [TEST_STEP][PASSED] - Filtre alanlarında Vkn/Tckn var mı: Filtre alanlarında Vkn/Tckn var mı

2021-11-12 17:14:27 - [MESSAGE][PASSED] - Filtre alanlarında Vkn/Tckn var mı

2021-11-12 17:14:27 - [TEST_STEP][PASSED] - Filtre alanlarında ETTN var mı: Filtre alanlarında ETTN var mı

2021-11-12 17:14:27 - [MESSAGE][PASSED] - Filtre alanlarında ETTN var mı

2021-11-12 17:14:27 - [TEST_STEP][PASSED] - Filtre alanlarında Durum var mı: Filtre alanlarında Durum var mı

2021-11-12 17:14:27 - [MESSAGE][PASSED] - Filtre alanlarında Durum var mı

2021-11-12 17:14:27 - [TEST_STEP][PASSED] - Filtre alanlarında Belge Statüsü var mı: Filtre alanlarında Belge Statüsü var mı

2021-11-12 17:14:27 - [MESSAGE][PASSED] - Filtre alanlarında Belge Statüsü var mı

2021-11-12 17:14:27 - [TEST_STEP][PASSED] - Filtre alanlarında İptal / İtiraz Durumu var mı: Filtre alanlarında İptal / İtiraz Durumu var mı

2021-11-12 17:14:27 - [MESSAGE][PASSED] - Filtre alanlarında İptal / İtiraz Durumu var mı

2021-11-12 17:14:27 - [TEST_STEP][PASSED] - Filtre butonlarında Filtreleri Kaydet var mı: Filtre butonlarında Filtreleri Kaydet var mı

2021-11-12 17:14:27 - [MESSAGE][PASSED] - Filtre butonlarında Filtreleri Kaydet var mı

2021-11-12 17:14:27 - [TEST_STEP][PASSED] - Filtre butonlarında Listele var mı: Filtre butonlarında Listele var mı

2021-11-12 17:14:27 - [MESSAGE][PASSED] - Filtre butonlarında Listele var mı

2021-11-12 17:14:27 - [TEST_STEP][PASSED] - Filtre butonlarında Temizle var mı: Filtre butonlarında Temizle var mı

2021-11-12 17:14:27 - [MESSAGE][PASSED] - Filtre butonlarında Temizle var mı

2021-11-12 17:14:27 - [TEST_STEP][PASSED] - Tablodaki Fatura Görseli sütunu dogru mu: Tablodaki Fatura Görseli sütunu dogru mu

2021-11-12 17:14:27 - [MESSAGE][PASSED] - Tablodaki Fatura Görseli sütunu dogru mu

2021-11-12 17:14:27 - [TEST_STEP][PASSED] - Tablodaki Fatura No sütunu dogru mu: Tablodaki Fatura No sütunu dogru mu

2021-11-12 17:14:27 - [MESSAGE][PASSED] - Tablodaki Fatura No sütunu dogru mu

2021-11-12 17:14:27 - [TEST_STEP][PASSED] - Tablodaki Durum sütunu dogru mu: Tablodaki Durum sütunu dogru mu

2021-11-12 17:14:27 - [MESSAGE][PASSED] - Tablodaki Durum sütunu dogru mu

2021-11-12 17:14:27 - [TEST_STEP][PASSED] - Butonlardan Excel var mı: Butonlardan Excel var mı

2021-11-12 17:14:27 - [MESSAGE][PASSED] - Butonlardan Excel var mı

2021-11-12 17:14:27 - [TEST_STEP][PASSED] - Butonlardan Toplu İndirme var mı: Butonlardan Toplu İndirme var mı

2021-11-12 17:14:27 - [MESSAGE][PASSED] - Butonlardan Toplu İndirme var mı

2021-11-12 17:14:27 - [TEST_STEP][PASSED] - Butonlardan UBL var mı: Butonlardan UBL var mı

2021-11-12 17:14:27 - [MESSAGE][PASSED] - Butonlardan UBL var mı

2021-11-12 17:14:27 - [TEST_STEP][PASSED] - Butonlardan PDF var mı: Butonlardan PDF var mı

2021-11-12 17:14:27 - [MESSAGE][PASSED] - Butonlardan PDF var mı

2021-11-12 17:14:27 - [TEST_STEP][PASSED] - Butonlardan Varsayılan İle Göster var mı: Butonlardan Varsayılan İle Göster var mı

2021-11-12 17:14:27 - [MESSAGE][PASSED] - Butonlardan Varsayılan İle Göster var mı

2021-11-12 17:14:27 - [TEST_STEP][PASSED] - Butonlardan Yazdır var mı: Butonlardan Yazdır var mı

2021-11-12 17:14:27 - [MESSAGE][PASSED] - Butonlardan Yazdır var mı

2021-11-12 17:14:27 - [TEST_STEP][PASSED] - Butonlardan İptal Et var mı: Butonlardan İptal Et var mı

2021-11-12 17:14:27 - [MESSAGE][PASSED] - Butonlardan İptal Et var mı

2021-11-12 17:14:27 - [TEST_STEP][PASSED] - Butonlardan Departman Ata var mı: Butonlardan Departman Ata var mı

2021-11-12 17:14:27 - [MESSAGE][PASSED] - Butonlardan Departman Ata var mı

2021-11-12 17:14:27 - [TEST_STEP][PASSED] - Butonlardan Departman Geri Al var mı: Butonlardan Departman Geri Al var mı

2021-11-12 17:14:27 - [MESSAGE][PASSED] - Butonlardan Departman Geri Al var mı

2021-11-12 17:14:27 - [TEST_STEP][PASSED] - Butonlardan Statü Ata var mı: Butonlardan Statü Ata var mı

2021-11-12 17:14:27 - [MESSAGE][PASSED] - Butonlardan Statü Ata var mı

2021-11-12 17:14:27 - [TEST_STEP][PASSED] - Butonlardan Excel isimli butona tıklanır: Butonlardan Excel isimli butona tıklanır

2021-11-12 17:14:27 - [MESSAGE][PASSED] - Butonlardan Excel isimli butona tıklanır

2021-11-12 17:14:27 - [TEST_STEP][PASSED] - Alt butonlardan Excel 'e Aktar var mı: Alt butonlardan Excel 'e Aktar var mı

2021-11-12 17:14:27 - [MESSAGE][PASSED] - Alt butonlardan Excel 'e Aktar var mı

2021-11-12 17:14:27 - [TEST_STEP][PASSED] - Alt butonlardan Tümünü Excel 'e Aktar var mı: Alt butonlardan Tümünü Excel 'e Aktar var mı

2021-11-12 17:14:27 - [MESSAGE][PASSED] - Alt butonlardan Tümünü Excel 'e Aktar var mı

2021-11-12 17:14:27 - [TEST_STEP][PASSED] - Butonlardan Toplu İndirme isimli butona tıklanır: Butonlardan Toplu İndirme isimli butona tıklanır

2021-11-12 17:14:27 - [MESSAGE][PASSED] - Butonlardan Toplu İndirme isimli butona tıklanır

2021-11-12 17:14:27 - [TEST_STEP][PASSED] - Alt butonlardan PDF Seçilenleri İndir var mı: Alt butonlardan PDF Seçilenleri İndir var mı

2021-11-12 17:14:27 - [MESSAGE][PASSED] - Alt butonlardan PDF Seçilenleri İndir var mı

2021-11-12 17:14:27 - [TEST_STEP][PASSED] - Alt butonlardan PDF Tümünü İndir var mı: Alt butonlardan PDF Tümünü İndir var mı

2021-11-12 17:14:27 - [MESSAGE][PASSED] - Alt butonlardan PDF Tümünü İndir var mı

2021-11-12 17:14:27 - [TEST_STEP][PASSED] - Butonlardan PDF isimli butona tıklanır: Butonlardan PDF isimli butona tıklanır

2021-11-12 17:14:27 - [MESSAGE][PASSED] - Butonlardan PDF isimli butona tıklanır

2021-11-12 17:14:27 - [TEST_STEP][PASSED] - Alt butonlardan Göster var mı: Alt butonlardan Göster var mı

2021-11-12 17:14:27 - [MESSAGE][PASSED] - Alt butonlardan Göster var mı

2021-11-12 17:14:27 - [TEST_STEP][PASSED] - Alt butonlardan İndir var mı: Alt butonlardan İndir var mı

2021-11-12 17:14:27 - [MESSAGE][PASSED] - Alt butonlardan İndir var mı

2021-11-12 17:14:27 - [TEST_STEP][PASSED] - Butonlardan Statü Ata isimli butona tıklanır: Butonlardan Statü Ata isimli butona tıklanır

2021-11-12 17:14:27 - [MESSAGE][PASSED] - Butonlardan Statü Ata isimli butona tıklanır

2021-11-12 17:14:27 - [TEST_STEP][PASSED] - Alt butonlardan Öndeğer var mı: Alt butonlardan Öndeğer var mı

2021-11-12 17:14:28 - [MESSAGE][PASSED] - Alt butonlardan Öndeğer var mı

2021-11-12 17:14:28 - [TEST_STEP][PASSED] - Anasayfaya geri dönülür: Anasayfaya geri dönülür

2021-11-12 17:14:28 - [MESSAGE][PASSED] - Anasayfaya geri dönülür

2021-11-12 17:14:28 - [TEST_STEP][PASSED] - Ana menüden e-Arşiv seçilir: Ana menüden e-Arşiv seçilir

2021-11-12 17:14:28 - [MESSAGE][PASSED] - Ana menüden e-Arşiv seçilir

2021-11-12 17:14:28 - [TEST_STEP][PASSED] - Alt menü e-Arşiv Hareketleri başlığı altındaki e-Arşiv Faturaları seçilir: Alt menü e-Arşiv Hareketleri başlığı altındaki e-Arşiv Faturaları seçilir

2021-11-12 17:14:28 - [MESSAGE][PASSED] - Alt menü e-Arşiv Hareketleri başlığı altındaki e-Arşiv Faturaları seçilir

2021-11-12 17:14:28 - [TEST_STEP][PASSED] - Filtrelerden Oluşturma Tarihi filtresine 01.01.2020 baslangic degerini yaz: Filtrelerden Oluşturma Tarihi filtresine 01.01.2020 baslangic degerini yaz

2021-11-12 17:14:28 - [MESSAGE][PASSED] - Filtrelerden Oluşturma Tarihi filtresine 01.01.2020 baslangic degerini yaz

2021-11-12 17:14:28 - [TEST_STEP][PASSED] - Filtrelerden Oluşturma Tarihi filtresine 10.04.2020 bitis degerini yaz: Filtrelerden Oluşturma Tarihi filtresine 10.04.2020 bitis degerini yaz

2021-11-12 17:14:28 - [MESSAGE][PASSED] - Filtrelerden Oluşturma Tarihi filtresine 10.04.2020 bitis degerini yaz

2021-11-12 17:14:28 - [TEST_STEP][PASSED] - Filtrelerden Alıcı Ünvanı filtresine ERKOÇ MAKİNA VE PLASTİK SAN. VE TİC. AHMET USTABAŞ textini yaz: Filtrelerden Alıcı Ünvanı filtresine ERKOÇ MAKİNA VE PLASTİK SAN. VE TİC. AHMET USTABAŞ textini yaz

2021-11-12 17:14:28 - [MESSAGE][PASSED] - Filtrelerden Alıcı Ünvanı filtresine ERKOÇ MAKİNA VE PLASTİK SAN. VE TİC. AHMET USTABAŞ textini yaz

2021-11-12 17:14:28 - [TEST_STEP][PASSED] - Filtre butonlarından Listele seçilir: Filtre butonlarından Listele seçilir

2021-11-12 17:14:28 - [MESSAGE][PASSED] - Filtre butonlarından Listele seçilir

2021-11-12 17:14:28 - [TEST_STEP][PASSED] - Tabloda veri var mı kontrol edilir: Tabloda veri var mı kontrol edilir

2021-11-12 17:14:28 - [MESSAGE][PASSED] - Tabloda veri var mı kontrol edilir

2021-11-12 17:14:28 - [TEST_STEP][PASSED] - Filtrelerden Alıcı Ünvanı filtresine ERKOÇ MAKİNA VE PLASTİK SAN. VE TİC textini yaz: Filtrelerden Alıcı Ünvanı filtresine ERKOÇ MAKİNA VE PLASTİK SAN. VE TİC textini yaz

2021-11-12 17:14:28 - [MESSAGE][PASSED] - Filtrelerden Alıcı Ünvanı filtresine ERKOÇ MAKİNA VE PLASTİK SAN. VE TİC textini yaz

2021-11-12 17:14:28 - [TEST_STEP][PASSED] - Filtre butonlarından Listele seçilir: Filtre butonlarından Listele seçilir

2021-11-12 17:14:28 - [MESSAGE][PASSED] - Filtre butonlarından Listele seçilir

2021-11-12 17:14:28 - [TEST_STEP][PASSED] - Tabloda veri var mı kontrol edilir: Tabloda veri var mı kontrol edilir

2021-11-12 17:14:28 - [MESSAGE][PASSED] - Tabloda veri var mı kontrol edilir

2021-11-12 17:14:28 - [TEST_STEP][PASSED] - Filtrelerden Alıcı Ünvanı filtresine *est test textini yaz: Filtrelerden Alıcı Ünvanı filtresine *est test textini yaz

2021-11-12 17:14:28 - [MESSAGE][PASSED] - Filtrelerden Alıcı Ünvanı filtresine *est test textini yaz

2021-11-12 17:14:28 - [TEST_STEP][PASSED] - Filtre butonlarından Listele seçilir: Filtre butonlarından Listele seçilir

2021-11-12 17:14:28 - [MESSAGE][PASSED] - Filtre butonlarından Listele seçilir

2021-11-12 17:14:28 - [TEST_STEP][PASSED] - Tabloda veri var mı kontrol edilir: Tabloda veri var mı kontrol edilir

2021-11-12 17:14:28 - [MESSAGE][PASSED] - Tabloda veri var mı kontrol edilir

2021-11-12 17:14:28 - [TEST_STEP][PASSED] - Filtrelerden Alıcı Ünvanı filtresine sena* textini yaz: Filtrelerden Alıcı Ünvanı filtresine sena* textini yaz

2021-11-12 17:14:28 - [MESSAGE][PASSED] - Filtrelerden Alıcı Ünvanı filtresine sena* textini yaz

2021-11-12 17:14:28 - [TEST_STEP][PASSED] - Filtre butonlarından Listele seçilir: Filtre butonlarından Listele seçilir

2021-11-12 17:14:28 - [MESSAGE][PASSED] - Filtre butonlarından Listele seçilir

2021-11-12 17:14:28 - [TEST_STEP][PASSED] - Tabloda veri var mı kontrol edilir: Tabloda veri var mı kontrol edilir

2021-11-12 17:14:28 - [MESSAGE][PASSED] - Tabloda veri var mı kontrol edilir

2021-11-12 17:14:28 - [TEST_STEP][PASSED] - Filtrelerden Alıcı Ünvanı filtresine *DENEME* textini yaz: Filtrelerden Alıcı Ünvanı filtresine *DENEME* textini yaz

2021-11-12 17:14:28 - [MESSAGE][PASSED] - Filtrelerden Alıcı Ünvanı filtresine *DENEME* textini yaz

2021-11-12 17:14:28 - [TEST_STEP][PASSED] - Filtre butonlarından Listele seçilir: Filtre butonlarından Listele seçilir

2021-11-12 17:14:28 - [MESSAGE][PASSED] - Filtre butonlarından Listele seçilir

2021-11-12 17:14:28 - [TEST_STEP][PASSED] - Tabloda veri var mı kontrol edilir: Tabloda veri var mı kontrol edilir

2021-11-12 17:14:28 - [MESSAGE][PASSED] - Tabloda veri var mı kontrol edilir

2021-11-12 17:14:28 - [TEST_STEP][PASSED] - Filtrelerden Alıcı Ünvanı filtresinin iceriğini sil: Filtrelerden Alıcı Ünvanı filtresinin iceriğini sil

2021-11-12 17:14:28 - [MESSAGE][PASSED] - Filtrelerden Alıcı Ünvanı filtresinin iceriğini sil

2021-11-12 17:14:28 - [TEST_STEP][PASSED] - Filtrelerden Fatura No filtresine AAA2020000000039 textini yaz: Filtrelerden Fatura No filtresine AAA2020000000039 textini yaz

2021-11-12 17:14:28 - [MESSAGE][PASSED] - Filtrelerden Fatura No filtresine AAA2020000000039 textini yaz

2021-11-12 17:14:28 - [TEST_STEP][PASSED] - Filtre butonlarından Listele seçilir: Filtre butonlarından Listele seçilir

2021-11-12 17:14:28 - [MESSAGE][PASSED] - Filtre butonlarından Listele seçilir

2021-11-12 17:14:28 - [TEST_STEP][PASSED] - Tabloda veri var mı kontrol edilir: Tabloda veri var mı kontrol edilir

2021-11-12 17:14:28 - [MESSAGE][PASSED] - Tabloda veri var mı kontrol edilir

2021-11-12 17:14:28 - [TEST_STEP][PASSED] - Filtrelerden Fatura No filtresine *0000041 textini yaz: Filtrelerden Fatura No filtresine *0000041 textini yaz

2021-11-12 17:14:28 - [MESSAGE][PASSED] - Filtrelerden Fatura No filtresine *0000041 textini yaz

2021-11-12 17:14:28 - [TEST_STEP][PASSED] - Filtre butonlarından Listele seçilir: Filtre butonlarından Listele seçilir

2021-11-12 17:14:28 - [MESSAGE][PASSED] - Filtre butonlarından Listele seçilir

2021-11-12 17:14:28 - [TEST_STEP][PASSED] - Tabloda veri var mı kontrol edilir: Tabloda veri var mı kontrol edilir

2021-11-12 17:14:28 - [MESSAGE][PASSED] - Tabloda veri var mı kontrol edilir

2021-11-12 17:14:28 - [TEST_STEP][PASSED] - Filtrelerden Fatura No filtresine AAA20200000* textini yaz: Filtrelerden Fatura No filtresine AAA20200000* textini yaz

2021-11-12 17:14:28 - [MESSAGE][PASSED] - Filtrelerden Fatura No filtresine AAA20200000* textini yaz

2021-11-12 17:14:28 - [TEST_STEP][PASSED] - Filtre butonlarından Listele seçilir: Filtre butonlarından Listele seçilir

2021-11-12 17:14:28 - [MESSAGE][PASSED] - Filtre butonlarından Listele seçilir

2021-11-12 17:14:28 - [TEST_STEP][PASSED] - Tabloda veri var mı kontrol edilir: Tabloda veri var mı kontrol edilir

2021-11-12 17:14:28 - [MESSAGE][PASSED] - Tabloda veri var mı kontrol edilir

2021-11-12 17:14:28 - [TEST_STEP][PASSED] - Filtrelerden Fatura No filtresine *AA2020000000* textini yaz: Filtrelerden Fatura No filtresine *AA2020000000* textini yaz

2021-11-12 17:14:28 - [MESSAGE][PASSED] - Filtrelerden Fatura No filtresine *AA2020000000* textini yaz

2021-11-12 17:14:28 - [TEST_STEP][PASSED] - Filtre butonlarından Listele seçilir: Filtre butonlarından Listele seçilir

2021-11-12 17:14:28 - [MESSAGE][PASSED] - Filtre butonlarından Listele seçilir

2021-11-12 17:14:28 - [TEST_STEP][PASSED] - Tabloda veri var mı kontrol edilir: Tabloda veri var mı kontrol edilir

2021-11-12 17:14:28 - [MESSAGE][PASSED] - Tabloda veri var mı kontrol edilir

2021-11-12 17:14:28 - [TEST_STEP][PASSED] - Filtrelerden Fatura No filtresinin iceriğini sil: Filtrelerden Fatura No filtresinin iceriğini sil

2021-11-12 17:14:28 - [MESSAGE][PASSED] - Filtrelerden Fatura No filtresinin iceriğini sil

2021-11-12 17:14:28 - [TEST_STEP][PASSED] - Filtrelerden Vkn/Tckn filtresine 40708619814 textini yaz: Filtrelerden Vkn/Tckn filtresine 40708619814 textini yaz

2021-11-12 17:14:28 - [MESSAGE][PASSED] - Filtrelerden Vkn/Tckn filtresine 40708619814 textini yaz

2021-11-12 17:14:28 - [TEST_STEP][PASSED] - Filtre butonlarından Listele seçilir: Filtre butonlarından Listele seçilir

2021-11-12 17:14:28 - [MESSAGE][PASSED] - Filtre butonlarından Listele seçilir

2021-11-12 17:14:28 - [TEST_STEP][PASSED] - Tabloda veri var mı kontrol edilir: Tabloda veri var mı kontrol edilir

2021-11-12 17:14:28 - [MESSAGE][PASSED] - Tabloda veri var mı kontrol edilir

2021-11-12 17:14:28 - [TEST_STEP][PASSED] - Filtrelerden Vkn/Tckn filtresine *8619814 textini yaz: Filtrelerden Vkn/Tckn filtresine *8619814 textini yaz

2021-11-12 17:14:28 - [MESSAGE][PASSED] - Filtrelerden Vkn/Tckn filtresine *8619814 textini yaz

2021-11-12 17:14:28 - [TEST_STEP][PASSED] - Filtre butonlarından Listele seçilir: Filtre butonlarından Listele seçilir

2021-11-12 17:14:28 - [MESSAGE][PASSED] - Filtre butonlarından Listele seçilir

2021-11-12 17:14:28 - [TEST_STEP][PASSED] - Tabloda veri var mı kontrol edilir: Tabloda veri var mı kontrol edilir

2021-11-12 17:14:28 - [MESSAGE][PASSED] - Tabloda veri var mı kontrol edilir

2021-11-12 17:14:28 - [TEST_STEP][PASSED] - Filtrelerden Vkn/Tckn filtresine 4070861* textini yaz: Filtrelerden Vkn/Tckn filtresine 4070861* textini yaz

2021-11-12 17:14:28 - [MESSAGE][PASSED] - Filtrelerden Vkn/Tckn filtresine 4070861* textini yaz

2021-11-12 17:14:28 - [TEST_STEP][PASSED] - Filtre butonlarından Listele seçilir: Filtre butonlarından Listele seçilir

2021-11-12 17:14:28 - [MESSAGE][PASSED] - Filtre butonlarından Listele seçilir

2021-11-12 17:14:28 - [TEST_STEP][PASSED] - Tabloda veri var mı kontrol edilir: Tabloda veri var mı kontrol edilir

2021-11-12 17:14:28 - [MESSAGE][PASSED] - Tabloda veri var mı kontrol edilir

2021-11-12 17:14:28 - [TEST_STEP][PASSED] - Filtrelerden Vkn/Tckn filtresine *7086198* textini yaz: Filtrelerden Vkn/Tckn filtresine *7086198* textini yaz

2021-11-12 17:14:28 - [MESSAGE][PASSED] - Filtrelerden Vkn/Tckn filtresine *7086198* textini yaz

2021-11-12 17:14:28 - [TEST_STEP][PASSED] - Filtre butonlarından Listele seçilir: Filtre butonlarından Listele seçilir

2021-11-12 17:14:28 - [MESSAGE][PASSED] - Filtre butonlarından Listele seçilir

2021-11-12 17:14:28 - [TEST_STEP][PASSED] - Tabloda veri var mı kontrol edilir: Tabloda veri var mı kontrol edilir

2021-11-12 17:14:28 - [MESSAGE][PASSED] - Tabloda veri var mı kontrol edilir

2021-11-12 17:14:28 - [TEST_STEP][PASSED] - Filtrelerden Vkn/Tckn filtresinin iceriğini sil: Filtrelerden Vkn/Tckn filtresinin iceriğini sil

2021-11-12 17:14:28 - [MESSAGE][PASSED] - Filtrelerden Vkn/Tckn filtresinin iceriğini sil

2021-11-12 17:14:28 - [TEST_STEP][PASSED] - Filtrelerden Müşteri Bayi Kodu filtresine CustomerDealerNo textini yaz: Filtrelerden Müşteri Bayi Kodu filtresine CustomerDealerNo textini yaz

2021-11-12 17:14:28 - [MESSAGE][PASSED] - Filtrelerden Müşteri Bayi Kodu filtresine CustomerDealerNo textini yaz

2021-11-12 17:14:28 - [TEST_STEP][PASSED] - Filtre butonlarından Listele seçilir: Filtre butonlarından Listele seçilir

2021-11-12 17:14:28 - [MESSAGE][PASSED] - Filtre butonlarından Listele seçilir

2021-11-12 17:14:28 - [TEST_STEP][PASSED] - Tabloda veri var mı kontrol edilir: Tabloda veri var mı kontrol edilir

2021-11-12 17:14:28 - [MESSAGE][PASSED] - Tabloda veri var mı kontrol edilir

2021-11-12 17:14:28 - [TEST_STEP][PASSED] - Filtrelerden Müşteri Bayi Kodu filtresine *omerDealerNo textini yaz: Filtrelerden Müşteri Bayi Kodu filtresine *omerDealerNo textini yaz

2021-11-12 17:14:28 - [MESSAGE][PASSED] - Filtrelerden Müşteri Bayi Kodu filtresine *omerDealerNo textini yaz

2021-11-12 17:14:28 - [TEST_STEP][PASSED] - Filtre butonlarından Listele seçilir: Filtre butonlarından Listele seçilir

2021-11-12 17:14:28 - [MESSAGE][PASSED] - Filtre butonlarından Listele seçilir

2021-11-12 17:14:28 - [TEST_STEP][PASSED] - Tabloda veri var mı kontrol edilir: Tabloda veri var mı kontrol edilir

2021-11-12 17:14:28 - [MESSAGE][PASSED] - Tabloda veri var mı kontrol edilir

2021-11-12 17:14:28 - [TEST_STEP][PASSED] - Filtrelerden Müşteri Bayi Kodu filtresine CustomerDeale* textini yaz: Filtrelerden Müşteri Bayi Kodu filtresine CustomerDeale* textini yaz

2021-11-12 17:14:28 - [MESSAGE][PASSED] - Filtrelerden Müşteri Bayi Kodu filtresine CustomerDeale* textini yaz

2021-11-12 17:14:28 - [TEST_STEP][PASSED] - Filtre butonlarından Listele seçilir: Filtre butonlarından Listele seçilir

2021-11-12 17:14:28 - [MESSAGE][PASSED] - Filtre butonlarından Listele seçilir

2021-11-12 17:14:28 - [TEST_STEP][PASSED] - Tabloda veri var mı kontrol edilir: Tabloda veri var mı kontrol edilir

2021-11-12 17:14:28 - [MESSAGE][PASSED] - Tabloda veri var mı kontrol edilir

2021-11-12 17:14:28 - [TEST_STEP][PASSED] - Filtrelerden Müşteri Bayi Kodu filtresine *tomerDealer* textini yaz: Filtrelerden Müşteri Bayi Kodu filtresine *tomerDealer* textini yaz

2021-11-12 17:14:28 - [MESSAGE][PASSED] - Filtrelerden Müşteri Bayi Kodu filtresine *tomerDealer* textini yaz

2021-11-12 17:14:28 - [TEST_STEP][PASSED] - Filtre butonlarından Listele seçilir: Filtre butonlarından Listele seçilir

2021-11-12 17:14:28 - [MESSAGE][PASSED] - Filtre butonlarından Listele seçilir

2021-11-12 17:14:28 - [TEST_STEP][PASSED] - Tabloda veri var mı kontrol edilir: Tabloda veri var mı kontrol edilir

2021-11-12 17:14:28 - [MESSAGE][PASSED] - Tabloda veri var mı kontrol edilir

2021-11-12 17:14:28 - [TEST_STEP][PASSED] - Kullanıcı işlemlerinden Çıkış seçilir: Kullanıcı işlemlerinden Çıkış seçilir

2021-11-12 17:14:28 - [MESSAGE][PASSED] - Kullanıcı işlemlerinden Çıkış seçilir

2021-11-12 17:14:28 - [MESSAGE][PASSED] - Feature file: 'Include/features/e-Arsiv/e-Arsiv Hareketleri/e-Arsiv Faturalari/Ekran Kontrolu.feature' was passed

2021-11-12 17:14:28 - [TEST_STEP][PASSED] - Start listener action : sampleAfterTestSuite: Invoke 'com.kms.katalon.core.annotation.AfterTestCase' method: 'Listener.sampleAfterTestSuite(...)' completed.

2021-11-12 17:14:28 - [MESSAGE][INFO] - Starting invoke 'com.kms.katalon.core.annotation.AfterTestCase' method: 'Listener.sampleAfterTestSuite(...)'

2021-11-12 17:14:28 - [TEST_STEP][PASSED] - closeBrowser(): Invoke 'com.kms.katalon.core.annotation.AfterTestCase' method: 'Listener.sampleAfterTestSuite(...)' completed.

2021-11-12 17:14:28 - [MESSAGE][INFO] - Closing browser

2021-11-12 17:14:28 - [MESSAGE][PASSED] - Browser is closed

2021-11-12 17:14:28 - [MESSAGE][INFO] - Invoke 'com.kms.katalon.core.annotation.AfterTestCase' method: 'Listener.sampleAfterTestSuite(...)' completed.]]></system-out>
         <system-err><![CDATA[]]></system-err>
      </testcase>
      <testcase name="Test Cases/Case Repository/e-Arsiv/e-Arsiv Hareketleri/e-Arsiv Faturalari/Statu Ata" time="45.191" classname="Test Cases/Case Repository/e-Arsiv/e-Arsiv Hareketleri/e-Arsiv Faturalari/Statu Ata" status="PASSED">
         <system-out><![CDATA[2021-11-12 17:14:28 - [TEST_CASE][PASSED] - Test Cases/Case Repository/e-Arsiv/e-Arsiv Hareketleri/e-Arsiv Faturalari/Statu Ata: Test Cases/Case Repository/e-Arsiv/e-Arsiv Hareketleri/e-Arsiv Faturalari/Statu Ata

2021-11-12 17:14:28 - [TEST_STEP][PASSED] - Start listener action : sampleBeforeTestSuite: Invoke 'com.kms.katalon.core.annotation.BeforeTestCase' method: 'Listener.sampleBeforeTestSuite(...)' completed.

2021-11-12 17:14:28 - [MESSAGE][INFO] - Starting invoke 'com.kms.katalon.core.annotation.BeforeTestCase' method: 'Listener.sampleBeforeTestSuite(...)'

2021-11-12 17:14:28 - [TEST_STEP][PASSED] - openBrowser(baseUrl): Browser is opened with url: 'https://efatura-stage.elogo.com.tr/'

2021-11-12 17:14:28 - [MESSAGE][INFO] - Opening browser

2021-11-12 17:14:28 - [MESSAGE][INFO] - Starting 'Chrome' driver

2021-11-12 17:14:28 - [MESSAGE][INFO] - User set preference: ['prefs', '{download.default_directory=C:\otomasyondownfiles}']

2021-11-12 17:14:28 - [MESSAGE][INFO] - Action delay is set to 0 milliseconds

2021-11-12 17:14:30 - [MESSAGE][INFO] - Navigating browser to: 'https://efatura-stage.elogo.com.tr/'

2021-11-12 17:14:37 - [MESSAGE][PASSED] - Browser is opened with url: 'https://efatura-stage.elogo.com.tr/'

2021-11-12 17:14:37 - [TEST_STEP][PASSED] - maximizeWindow(): Invoke 'com.kms.katalon.core.annotation.BeforeTestCase' method: 'Listener.sampleBeforeTestSuite(...)' completed.

2021-11-12 17:14:37 - [MESSAGE][INFO] - Maximizing current window

2021-11-12 17:14:37 - [MESSAGE][PASSED] - Current window maximized

2021-11-12 17:14:37 - [MESSAGE][INFO] - Invoke 'com.kms.katalon.core.annotation.BeforeTestCase' method: 'Listener.sampleBeforeTestSuite(...)' completed.

2021-11-12 17:14:38 - [TEST_STEP][PASSED] - runFeatureFile("Include/features/e-Arsiv/e-Arsiv Hareketleri/e-Arsiv Faturalari/Statu Ata.feature"): Feature file: 'Include/features/e-Arsiv/e-Arsiv Hareketleri/e-Arsiv Faturalari/Statu Ata.feature' was passed

2021-11-12 17:14:38 - [MESSAGE][INFO] - Starting run keyword runFeatureFile: 'Include/features/e-Arsiv/e-Arsiv Hareketleri/e-Arsiv Faturalari/Statu Ata.feature' and extract report to folder: 'C:\Users\DELL\Documents\GitHub\EES_KatalonLogo\Reports\20211112_170311\Suite Repository\e-Arsiv\20211112_170317/cucumber_report/1636726478282'...

2021-11-12 17:14:38 - [MESSAGE][INFO] - Glue: []

2021-11-12 17:14:39 - [MESSAGE][INFO] - Checking called Test Case

2021-11-12 17:14:39 - [MESSAGE][INFO] - Starting to call Test Case 'Test Cases/Sayfalar/Giris_Sayfasi/Login'

2021-11-12 17:14:39 - [TEST_CASE][PASSED] - Test Cases/Sayfalar/Giris_Sayfasi/Login: Test Cases/Sayfalar/Giris_Sayfasi/Login

2021-11-12 17:14:39 - [TEST_STEP][PASSED] - Sayfa_Basligi = getWindowTitle(): Current window's title is: 'LOGO e-Fatura'

2021-11-12 17:14:39 - [MESSAGE][INFO] - Getting current window's title

2021-11-12 17:14:39 - [MESSAGE][PASSED] - Current window's title is: 'LOGO e-Fatura'

2021-11-12 17:14:39 - [TEST_STEP][PASSED] - verifyMatch(Sayfa_Basligi, "LOGO e-Fatura", false): Actual text 'LOGO e-Fatura' and expected text 'LOGO e-Fatura' are matched 

2021-11-12 17:14:39 - [MESSAGE][INFO] - Matching actual text 'LOGO e-Fatura' with expected text 'LOGO e-Fatura'

2021-11-12 17:14:39 - [MESSAGE][PASSED] - Actual text 'LOGO e-Fatura' and expected text 'LOGO e-Fatura' are matched 

2021-11-12 17:14:39 - [TEST_STEP][PASSED] - sendKeys(findTestObject("Sayfalar/Giris_Sayfasi/Firma_Kodu"), KullaniciAdi): Keys 'ELOGO6' sent to object: 'Object Repository/Sayfalar/Giris_Sayfasi/Firma_Kodu'

2021-11-12 17:14:39 - [MESSAGE][INFO] - Finding Test Object 'Object Repository/Sayfalar/Giris_Sayfasi/Firma_Kodu'

2021-11-12 17:14:39 - [MESSAGE][INFO] - Sending keys 'ELOGO6' to object: 'Object Repository/Sayfalar/Giris_Sayfasi/Firma_Kodu'

2021-11-12 17:14:39 - [MESSAGE][INFO] - Finding web element from Test Object's properties

2021-11-12 17:14:39 - [MESSAGE][INFO] - Checking timeout

2021-11-12 17:14:39 - [MESSAGE][INFO] - Finding web element with id: 'Object Repository/Sayfalar/Giris_Sayfasi/Firma_Kodu' located by 'By.xpath: //*[@id = 'AccountName']' in '30' second(s)

2021-11-12 17:14:39 - [MESSAGE][INFO] - Smart Wait Function is triggered

2021-11-12 17:14:40 - [MESSAGE][INFO] - Found 1 web elements with id: 'Object Repository/Sayfalar/Giris_Sayfasi/Firma_Kodu' located by 'By.xpath: //*[@id = 'AccountName']' in '30' second(s)

2021-11-12 17:14:40 - [MESSAGE][PASSED] - Keys 'ELOGO6' sent to object: 'Object Repository/Sayfalar/Giris_Sayfasi/Firma_Kodu'

2021-11-12 17:14:40 - [TEST_STEP][PASSED] - sendKeys(findTestObject("Sayfalar/Giris_Sayfasi/Sifre"), Sifre): Keys '123456' sent to object: 'Object Repository/Sayfalar/Giris_Sayfasi/Sifre'

2021-11-12 17:14:40 - [MESSAGE][INFO] - Finding Test Object 'Object Repository/Sayfalar/Giris_Sayfasi/Sifre'

2021-11-12 17:14:40 - [MESSAGE][INFO] - Sending keys '123456' to object: 'Object Repository/Sayfalar/Giris_Sayfasi/Sifre'

2021-11-12 17:14:40 - [MESSAGE][INFO] - Finding web element from Test Object's properties

2021-11-12 17:14:40 - [MESSAGE][INFO] - Checking timeout

2021-11-12 17:14:40 - [MESSAGE][INFO] - Finding web element with id: 'Object Repository/Sayfalar/Giris_Sayfasi/Sifre' located by 'By.xpath: //*[@id = 'Password']' in '30' second(s)

2021-11-12 17:14:40 - [MESSAGE][INFO] - Smart Wait Function is triggered

2021-11-12 17:14:40 - [MESSAGE][INFO] - Found 1 web elements with id: 'Object Repository/Sayfalar/Giris_Sayfasi/Sifre' located by 'By.xpath: //*[@id = 'Password']' in '30' second(s)

2021-11-12 17:14:40 - [MESSAGE][PASSED] - Keys '123456' sent to object: 'Object Repository/Sayfalar/Giris_Sayfasi/Sifre'

2021-11-12 17:14:40 - [TEST_STEP][PASSED] - findWebElement(findTestObject("Sayfalar/Giris_Sayfasi/Giris_Butonu")).click(): Found 1 web elements with id: 'Object Repository/Sayfalar/Giris_Sayfasi/Giris_Butonu' located by 'By.cssSelector: #btnLogin' in '30' second(s)

2021-11-12 17:14:40 - [MESSAGE][INFO] - Finding Test Object 'Object Repository/Sayfalar/Giris_Sayfasi/Giris_Butonu'

2021-11-12 17:14:40 - [MESSAGE][INFO] - Finding web element from Test Object's properties

2021-11-12 17:14:40 - [MESSAGE][INFO] - Checking timeout

2021-11-12 17:14:40 - [MESSAGE][INFO] - Finding web element with id: 'Object Repository/Sayfalar/Giris_Sayfasi/Giris_Butonu' located by 'By.cssSelector: #btnLogin' in '30' second(s)

2021-11-12 17:14:40 - [MESSAGE][INFO] - Smart Wait Function is triggered

2021-11-12 17:14:41 - [MESSAGE][INFO] - Found 1 web elements with id: 'Object Repository/Sayfalar/Giris_Sayfasi/Giris_Butonu' located by 'By.cssSelector: #btnLogin' in '30' second(s)

2021-11-12 17:14:44 - [TEST_STEP][PASSED] - if (verifyElementPresent(findTestObject("Object Repository/Sayfalar/Giris_Sayfasi/RetveTamam_Butonu"), 5, OPTIONAL)): null

2021-11-12 17:14:44 - [MESSAGE][INFO] - Finding Test Object 'Object Repository/Sayfalar/Giris_Sayfasi/RetveTamam_Butonu'

2021-11-12 17:14:44 - [MESSAGE][INFO] - Checking object

2021-11-12 17:14:44 - [MESSAGE][INFO] - Finding web element from Test Object's properties

2021-11-12 17:14:44 - [MESSAGE][INFO] - Checking timeout

2021-11-12 17:14:44 - [MESSAGE][INFO] - Finding web element with id: 'Object Repository/Sayfalar/Giris_Sayfasi/RetveTamam_Butonu' located by 'By.xpath: //*[@class = 'btn btn-default']' in '5' second(s)

2021-11-12 17:14:44 - [MESSAGE][INFO] - Smart Wait Function is triggered

2021-11-12 17:14:44 - [MESSAGE][INFO] - Found 1 web elements with id: 'Object Repository/Sayfalar/Giris_Sayfasi/RetveTamam_Butonu' located by 'By.xpath: //*[@class = 'btn btn-default']' in '5' second(s)

2021-11-12 17:14:44 - [MESSAGE][PASSED] - Object 'Object Repository/Sayfalar/Giris_Sayfasi/RetveTamam_Butonu' is present

2021-11-12 17:14:44 - [TEST_STEP][PASSED] - click(findTestObject("Object Repository/Sayfalar/Giris_Sayfasi/RetveTamam_Butonu")): Object: 'Object Repository/Sayfalar/Giris_Sayfasi/RetveTamam_Butonu' is clicked on

2021-11-12 17:14:44 - [MESSAGE][INFO] - Finding Test Object 'Object Repository/Sayfalar/Giris_Sayfasi/RetveTamam_Butonu'

2021-11-12 17:14:44 - [MESSAGE][INFO] - Checking object

2021-11-12 17:14:44 - [MESSAGE][INFO] - Finding web element from Test Object's properties

2021-11-12 17:14:44 - [MESSAGE][INFO] - Checking timeout

2021-11-12 17:14:44 - [MESSAGE][INFO] - Finding web element with id: 'Object Repository/Sayfalar/Giris_Sayfasi/RetveTamam_Butonu' located by 'By.xpath: //*[@class = 'btn btn-default']' in '30' second(s)

2021-11-12 17:14:44 - [MESSAGE][INFO] - Smart Wait Function is triggered

2021-11-12 17:14:44 - [MESSAGE][INFO] - Found 1 web elements with id: 'Object Repository/Sayfalar/Giris_Sayfasi/RetveTamam_Butonu' located by 'By.xpath: //*[@class = 'btn btn-default']' in '30' second(s)

2021-11-12 17:14:44 - [MESSAGE][INFO] - Clicking on object: 'Object Repository/Sayfalar/Giris_Sayfasi/RetveTamam_Butonu'

2021-11-12 17:14:45 - [MESSAGE][PASSED] - Object: 'Object Repository/Sayfalar/Giris_Sayfasi/RetveTamam_Butonu' is clicked on

2021-11-12 17:14:45 - [TEST_STEP][PASSED] - click(findTestObject("Object Repository/Sayfalar/Giris_Sayfasi/RetveTamam_Butonu")): Object: 'Object Repository/Sayfalar/Giris_Sayfasi/RetveTamam_Butonu' is clicked on

2021-11-12 17:14:45 - [MESSAGE][INFO] - Finding Test Object 'Object Repository/Sayfalar/Giris_Sayfasi/RetveTamam_Butonu'

2021-11-12 17:14:45 - [MESSAGE][INFO] - Checking object

2021-11-12 17:14:45 - [MESSAGE][INFO] - Finding web element from Test Object's properties

2021-11-12 17:14:45 - [MESSAGE][INFO] - Checking timeout

2021-11-12 17:14:45 - [MESSAGE][INFO] - Finding web element with id: 'Object Repository/Sayfalar/Giris_Sayfasi/RetveTamam_Butonu' located by 'By.xpath: //*[@class = 'btn btn-default']' in '30' second(s)

2021-11-12 17:14:45 - [MESSAGE][INFO] - Smart Wait Function is triggered

2021-11-12 17:14:51 - [MESSAGE][INFO] - Found 1 web elements with id: 'Object Repository/Sayfalar/Giris_Sayfasi/RetveTamam_Butonu' located by 'By.xpath: //*[@class = 'btn btn-default']' in '30' second(s)

2021-11-12 17:14:51 - [MESSAGE][INFO] - Clicking on object: 'Object Repository/Sayfalar/Giris_Sayfasi/RetveTamam_Butonu'

2021-11-12 17:14:51 - [MESSAGE][PASSED] - Object: 'Object Repository/Sayfalar/Giris_Sayfasi/RetveTamam_Butonu' is clicked on

2021-11-12 17:14:51 - [TEST_STEP][PASSED] - if (verifyElementPresent(findTestObject("Sayfalar/Giris_Sayfasi/PopupOK"), 5, OPTIONAL)): null

2021-11-12 17:14:51 - [MESSAGE][INFO] - Finding Test Object 'Object Repository/Sayfalar/Giris_Sayfasi/PopupOK'

2021-11-12 17:14:51 - [MESSAGE][INFO] - Checking object

2021-11-12 17:14:51 - [MESSAGE][INFO] - Finding web element from Test Object's properties

2021-11-12 17:14:51 - [MESSAGE][INFO] - Checking timeout

2021-11-12 17:14:51 - [MESSAGE][INFO] - Finding web element with id: 'Object Repository/Sayfalar/Giris_Sayfasi/PopupOK' located by 'By.cssSelector: .btn.btn-success' in '5' second(s)

2021-11-12 17:14:51 - [MESSAGE][INFO] - Smart Wait Function is triggered

2021-11-12 17:14:52 - [MESSAGE][INFO] - Found 1 web elements with id: 'Object Repository/Sayfalar/Giris_Sayfasi/PopupOK' located by 'By.cssSelector: .btn.btn-success' in '5' second(s)

2021-11-12 17:14:52 - [MESSAGE][PASSED] - Object 'Object Repository/Sayfalar/Giris_Sayfasi/PopupOK' is present

2021-11-12 17:14:52 - [TEST_STEP][PASSED] - click(findTestObject("Object Repository/Sayfalar/Giris_Sayfasi/PopupCarpiGiris")): Object: 'Object Repository/Sayfalar/Giris_Sayfasi/PopupCarpiGiris' is clicked on

2021-11-12 17:14:52 - [MESSAGE][INFO] - Finding Test Object 'Object Repository/Sayfalar/Giris_Sayfasi/PopupCarpiGiris'

2021-11-12 17:14:52 - [MESSAGE][INFO] - Checking object

2021-11-12 17:14:52 - [MESSAGE][INFO] - Finding web element from Test Object's properties

2021-11-12 17:14:52 - [MESSAGE][INFO] - Checking timeout

2021-11-12 17:14:52 - [MESSAGE][INFO] - Finding web element with id: 'Object Repository/Sayfalar/Giris_Sayfasi/PopupCarpiGiris' located by 'By.cssSelector: .bootbox-close-button.close' in '30' second(s)

2021-11-12 17:14:52 - [MESSAGE][INFO] - Smart Wait Function is triggered

2021-11-12 17:14:53 - [MESSAGE][INFO] - Found 1 web elements with id: 'Object Repository/Sayfalar/Giris_Sayfasi/PopupCarpiGiris' located by 'By.cssSelector: .bootbox-close-button.close' in '30' second(s)

2021-11-12 17:14:53 - [MESSAGE][INFO] - Clicking on object: 'Object Repository/Sayfalar/Giris_Sayfasi/PopupCarpiGiris'

2021-11-12 17:14:53 - [MESSAGE][PASSED] - Object: 'Object Repository/Sayfalar/Giris_Sayfasi/PopupCarpiGiris' is clicked on

2021-11-12 17:14:53 - [TEST_STEP][PASSED] - verifyElementVisible(findTestObject("Object Repository/Kullanici_Islemleri/KullaniciIslemleri")): Object 'Object Repository/Kullanici_Islemleri/KullaniciIslemleri' is visible

2021-11-12 17:14:53 - [MESSAGE][INFO] - Finding Test Object 'Object Repository/Kullanici_Islemleri/KullaniciIslemleri'

2021-11-12 17:14:53 - [MESSAGE][INFO] - Checking object

2021-11-12 17:14:53 - [MESSAGE][INFO] - Finding web element from Test Object's properties

2021-11-12 17:14:53 - [MESSAGE][INFO] - Checking timeout

2021-11-12 17:14:53 - [MESSAGE][INFO] - Finding web element with id: 'Object Repository/Kullanici_Islemleri/KullaniciIslemleri' located by 'By.cssSelector: .dropdown>a>img' in '30' second(s)

2021-11-12 17:14:53 - [MESSAGE][INFO] - Smart Wait Function is triggered

2021-11-12 17:14:53 - [MESSAGE][INFO] - Found 1 web elements with id: 'Object Repository/Kullanici_Islemleri/KullaniciIslemleri' located by 'By.cssSelector: .dropdown>a>img' in '30' second(s)

2021-11-12 17:14:53 - [MESSAGE][PASSED] - Object 'Object Repository/Kullanici_Islemleri/KullaniciIslemleri' is visible

2021-11-12 17:14:53 - [MESSAGE][PASSED] - Call Test Case 'Test Cases/Sayfalar/Giris_Sayfasi/Login' successfully

2021-11-12 17:14:53 - [MESSAGE][INFO] - Checking called Test Case

2021-11-12 17:14:53 - [MESSAGE][INFO] - Starting to call Test Case 'Test Cases/Menu/AnaMenuSecimi'

2021-11-12 17:14:53 - [TEST_CASE][PASSED] - Test Cases/Menu/AnaMenuSecimi: Test Cases/Menu/AnaMenuSecimi

2021-11-12 17:14:53 - [TEST_STEP][PASSED] - Method.TextDegerineEsitElementeTikla(findTestObject("Menu/Ana_Menu"), Ana_Menu): Method.TextDegerineEsitElementeTikla is PASSED

2021-11-12 17:14:53 - [MESSAGE][INFO] - Finding Test Object 'Object Repository/Menu/Ana_Menu'

2021-11-12 17:14:54 - [MESSAGE][INFO] - Checking timeout

2021-11-12 17:14:54 - [MESSAGE][INFO] - Finding web element with id: 'Object Repository/Menu/Ana_Menu' located by 'By.xpath: //*[@class = 'dropdown-toggle']' in '10' second(s)

2021-11-12 17:14:54 - [MESSAGE][INFO] - Smart Wait Function is triggered

2021-11-12 17:14:54 - [MESSAGE][INFO] - Found 14 web elements with id: 'Object Repository/Menu/Ana_Menu' located by 'By.xpath: //*[@class = 'dropdown-toggle']' in '10' second(s)

2021-11-12 17:14:54 - [MESSAGE][PASSED] - Method.TextDegerineEsitElementeTikla is PASSED

2021-11-12 17:14:54 - [MESSAGE][PASSED] - Call Test Case 'Test Cases/Menu/AnaMenuSecimi' successfully

2021-11-12 17:14:54 - [MESSAGE][INFO] - Checking called Test Case

2021-11-12 17:14:54 - [MESSAGE][INFO] - Starting to call Test Case 'Test Cases/Menu/BasligaGoreAltMenuSecimi'

2021-11-12 17:14:54 - [TEST_CASE][PASSED] - Test Cases/Menu/BasligaGoreAltMenuSecimi: Test Cases/Menu/BasligaGoreAltMenuSecimi

2021-11-12 17:14:54 - [TEST_STEP][PASSED] - Method.TextDegerineEsitElementinAltindakiTextDegerineEsitOlanaTikla(findTestObject("Menu/Menu_Basligi"), findTestObject("Menu/Basliga_Gore_Alt_Menu"), Baslik, Alt_Menu): Method.TextDegerineEsitElementinAltindakiTextDegerineEsitOlanaTikla is PASSED

2021-11-12 17:14:54 - [MESSAGE][INFO] - Finding Test Object 'Object Repository/Menu/Menu_Basligi'

2021-11-12 17:14:54 - [MESSAGE][INFO] - Finding Test Object 'Object Repository/Menu/Basliga_Gore_Alt_Menu'

2021-11-12 17:14:54 - [MESSAGE][INFO] - Checking timeout

2021-11-12 17:14:54 - [MESSAGE][INFO] - Finding web element with id: 'Object Repository/Menu/Menu_Basligi' located by 'By.xpath: //li[@class='dropdown dropdown-large open']//li[@class='dropdown-header']' in '10' second(s)

2021-11-12 17:14:54 - [MESSAGE][INFO] - Smart Wait Function is triggered

2021-11-12 17:14:55 - [MESSAGE][INFO] - Found 2 web elements with id: 'Object Repository/Menu/Menu_Basligi' located by 'By.xpath: //li[@class='dropdown dropdown-large open']//li[@class='dropdown-header']' in '10' second(s)

2021-11-12 17:14:55 - [MESSAGE][INFO] - Smart Wait Function is triggered

2021-11-12 17:14:58 - [MESSAGE][PASSED] - Method.TextDegerineEsitElementinAltindakiTextDegerineEsitOlanaTikla is PASSED

2021-11-12 17:14:58 - [MESSAGE][PASSED] - Call Test Case 'Test Cases/Menu/BasligaGoreAltMenuSecimi' successfully

2021-11-12 17:14:58 - [MESSAGE][INFO] - Checking called Test Case

2021-11-12 17:14:58 - [MESSAGE][INFO] - Starting to call Test Case 'Test Cases/Filtreler/BaslangicYaz'

2021-11-12 17:14:58 - [TEST_CASE][PASSED] - Test Cases/Filtreler/BaslangicYaz: Test Cases/Filtreler/BaslangicYaz

2021-11-12 17:14:58 - [TEST_STEP][PASSED] - Method.TextDegerineEsitElementinAltindakineTikla(findTestObject("Filtreler/Basliklar"), findTestObject("Filtreler/Basliga_Gore_Baslangic_Image"), Filtre_Adi): Method.TextDegerineEsitElementinAltindakineTikla is PASSED

2021-11-12 17:14:58 - [MESSAGE][INFO] - Finding Test Object 'Object Repository/Filtreler/Basliklar'

2021-11-12 17:14:58 - [MESSAGE][INFO] - Finding Test Object 'Object Repository/Filtreler/Basliga_Gore_Baslangic_Image'

2021-11-12 17:14:58 - [MESSAGE][INFO] - Checking timeout

2021-11-12 17:14:58 - [MESSAGE][INFO] - Finding web element with id: 'Object Repository/Filtreler/Basliklar' located by 'By.cssSelector: .control-label.col-sm-4.paddingMarginRLC' in '10' second(s)

2021-11-12 17:14:58 - [MESSAGE][INFO] - Smart Wait Function is triggered

2021-11-12 17:14:59 - [MESSAGE][INFO] - Found 19 web elements with id: 'Object Repository/Filtreler/Basliklar' located by 'By.cssSelector: .control-label.col-sm-4.paddingMarginRLC' in '10' second(s)

2021-11-12 17:14:59 - [MESSAGE][INFO] - Smart Wait Function is triggered

2021-11-12 17:14:59 - [MESSAGE][PASSED] - Method.TextDegerineEsitElementinAltindakineTikla is PASSED

2021-11-12 17:14:59 - [TEST_STEP][PASSED] - Method.TextDegerineEsitElementinAltindakiTextboxtaYaz(findTestObject("Filtreler/Basliklar"), findTestObject("Filtreler/Basliga_Gore_Baslangic"), Filtre_Adi, Filtre_Degeri): Method.TextDegerineEsitElementinAltindakiTextboxtaYaz is PASSED

2021-11-12 17:14:59 - [MESSAGE][INFO] - Finding Test Object 'Object Repository/Filtreler/Basliklar'

2021-11-12 17:14:59 - [MESSAGE][INFO] - Finding Test Object 'Object Repository/Filtreler/Basliga_Gore_Baslangic'

2021-11-12 17:14:59 - [MESSAGE][INFO] - Checking timeout

2021-11-12 17:14:59 - [MESSAGE][INFO] - Finding web element with id: 'Object Repository/Filtreler/Basliklar' located by 'By.cssSelector: .control-label.col-sm-4.paddingMarginRLC' in '10' second(s)

2021-11-12 17:14:59 - [MESSAGE][INFO] - Smart Wait Function is triggered

2021-11-12 17:15:00 - [MESSAGE][INFO] - Found 19 web elements with id: 'Object Repository/Filtreler/Basliklar' located by 'By.cssSelector: .control-label.col-sm-4.paddingMarginRLC' in '10' second(s)

2021-11-12 17:15:00 - [MESSAGE][INFO] - Smart Wait Function is triggered

2021-11-12 17:15:00 - [MESSAGE][PASSED] - Method.TextDegerineEsitElementinAltindakiTextboxtaYaz is PASSED

2021-11-12 17:15:00 - [MESSAGE][PASSED] - Call Test Case 'Test Cases/Filtreler/BaslangicYaz' successfully

2021-11-12 17:15:00 - [MESSAGE][INFO] - Checking called Test Case

2021-11-12 17:15:00 - [MESSAGE][INFO] - Starting to call Test Case 'Test Cases/Filtreler/BitisYaz'

2021-11-12 17:15:00 - [TEST_CASE][PASSED] - Test Cases/Filtreler/BitisYaz: Test Cases/Filtreler/BitisYaz

2021-11-12 17:15:00 - [TEST_STEP][PASSED] - Method.TextDegerineEsitElementinAltindakineTikla(findTestObject("Filtreler/Basliklar"), findTestObject("Filtreler/Basliga_Gore_Bitis_Image"), Filtre_Adi): Method.TextDegerineEsitElementinAltindakineTikla is PASSED

2021-11-12 17:15:00 - [MESSAGE][INFO] - Finding Test Object 'Object Repository/Filtreler/Basliklar'

2021-11-12 17:15:00 - [MESSAGE][INFO] - Finding Test Object 'Object Repository/Filtreler/Basliga_Gore_Bitis_Image'

2021-11-12 17:15:01 - [MESSAGE][INFO] - Checking timeout

2021-11-12 17:15:01 - [MESSAGE][INFO] - Finding web element with id: 'Object Repository/Filtreler/Basliklar' located by 'By.cssSelector: .control-label.col-sm-4.paddingMarginRLC' in '10' second(s)

2021-11-12 17:15:01 - [MESSAGE][INFO] - Smart Wait Function is triggered

2021-11-12 17:15:01 - [MESSAGE][INFO] - Found 19 web elements with id: 'Object Repository/Filtreler/Basliklar' located by 'By.cssSelector: .control-label.col-sm-4.paddingMarginRLC' in '10' second(s)

2021-11-12 17:15:01 - [MESSAGE][INFO] - Smart Wait Function is triggered

2021-11-12 17:15:01 - [MESSAGE][PASSED] - Method.TextDegerineEsitElementinAltindakineTikla is PASSED

2021-11-12 17:15:01 - [TEST_STEP][PASSED] - Method.TextDegerineEsitElementinAltindakiTextboxtaYaz(findTestObject("Filtreler/Basliklar"), findTestObject("Object Repository/Filtreler/Basliga_Gore_Bitis"), Filtre_Adi, Filtre_Degeri): Method.TextDegerineEsitElementinAltindakiTextboxtaYaz is PASSED

2021-11-12 17:15:01 - [MESSAGE][INFO] - Finding Test Object 'Object Repository/Filtreler/Basliklar'

2021-11-12 17:15:02 - [MESSAGE][INFO] - Finding Test Object 'Object Repository/Filtreler/Basliga_Gore_Bitis'

2021-11-12 17:15:02 - [MESSAGE][INFO] - Checking timeout

2021-11-12 17:15:02 - [MESSAGE][INFO] - Finding web element with id: 'Object Repository/Filtreler/Basliklar' located by 'By.cssSelector: .control-label.col-sm-4.paddingMarginRLC' in '10' second(s)

2021-11-12 17:15:02 - [MESSAGE][INFO] - Smart Wait Function is triggered

2021-11-12 17:15:02 - [MESSAGE][INFO] - Found 19 web elements with id: 'Object Repository/Filtreler/Basliklar' located by 'By.cssSelector: .control-label.col-sm-4.paddingMarginRLC' in '10' second(s)

2021-11-12 17:15:02 - [MESSAGE][INFO] - Smart Wait Function is triggered

2021-11-12 17:15:02 - [MESSAGE][PASSED] - Method.TextDegerineEsitElementinAltindakiTextboxtaYaz is PASSED

2021-11-12 17:15:02 - [MESSAGE][PASSED] - Call Test Case 'Test Cases/Filtreler/BitisYaz' successfully

2021-11-12 17:15:02 - [MESSAGE][INFO] - Checking called Test Case

2021-11-12 17:15:02 - [MESSAGE][INFO] - Starting to call Test Case 'Test Cases/Filtreler/ButonaTikla'

2021-11-12 17:15:03 - [TEST_CASE][PASSED] - Test Cases/Filtreler/ButonaTikla: Test Cases/Filtreler/ButonaTikla

2021-11-12 17:15:03 - [TEST_STEP][PASSED] - Method.TextDegerineEsitElementeTikla(findTestObject("Filtreler/Butonlar"), Filtre_Buton): Method.TextDegerineEsitElementeTikla is PASSED

2021-11-12 17:15:03 - [MESSAGE][INFO] - Finding Test Object 'Object Repository/Filtreler/Butonlar'

2021-11-12 17:15:03 - [MESSAGE][INFO] - Checking timeout

2021-11-12 17:15:03 - [MESSAGE][INFO] - Finding web element with id: 'Object Repository/Filtreler/Butonlar' located by 'By.cssSelector: .dxb>span' in '10' second(s)

2021-11-12 17:15:03 - [MESSAGE][INFO] - Smart Wait Function is triggered

2021-11-12 17:15:03 - [MESSAGE][INFO] - Found 3 web elements with id: 'Object Repository/Filtreler/Butonlar' located by 'By.cssSelector: .dxb>span' in '10' second(s)

2021-11-12 17:15:03 - [MESSAGE][PASSED] - Method.TextDegerineEsitElementeTikla is PASSED

2021-11-12 17:15:03 - [MESSAGE][PASSED] - Call Test Case 'Test Cases/Filtreler/ButonaTikla' successfully

2021-11-12 17:15:03 - [MESSAGE][INFO] - Checking called Test Case

2021-11-12 17:15:03 - [MESSAGE][INFO] - Starting to call Test Case 'Test Cases/Tablo/TablodaVeriVarMi'

2021-11-12 17:15:03 - [TEST_CASE][PASSED] - Test Cases/Tablo/TablodaVeriVarMi: Test Cases/Tablo/TablodaVeriVarMi

2021-11-12 17:15:03 - [TEST_STEP][PASSED] - verifyTextNotPresent("Görüntülenecek veri yok", true): Text 'Görüntülenecek veri yok' is not present on page using regular expression

2021-11-12 17:15:03 - [MESSAGE][INFO] - Checking text present  using regular expression

2021-11-12 17:15:03 - [MESSAGE][INFO] - Smart Wait Function is triggered

2021-11-12 17:15:04 - [MESSAGE][INFO] - Finding text 'Görüntülenecek veri yok' on page  using regular expression

2021-11-12 17:15:04 - [MESSAGE][PASSED] - Text 'Görüntülenecek veri yok' is not present on page using regular expression

2021-11-12 17:15:04 - [MESSAGE][PASSED] - Call Test Case 'Test Cases/Tablo/TablodaVeriVarMi' successfully

2021-11-12 17:15:04 - [MESSAGE][INFO] - Checking called Test Case

2021-11-12 17:15:04 - [MESSAGE][INFO] - Starting to call Test Case 'Test Cases/Tablo/TablodanVeriSec'

2021-11-12 17:15:04 - [TEST_CASE][PASSED] - Test Cases/Tablo/TablodanVeriSec: Test Cases/Tablo/TablodanVeriSec

2021-11-12 17:15:04 - [TEST_STEP][PASSED] - Method.TextDegerineEsitElementinAltindakineTikla(findTestObject("Tablo/Veriler"), findTestObject("Tablo/VerininCheckBoxi"), Veri_Adi): Method.TextDegerineEsitElementinAltindakineTikla is PASSED

2021-11-12 17:15:04 - [MESSAGE][INFO] - Finding Test Object 'Object Repository/Tablo/Veriler'

2021-11-12 17:15:04 - [MESSAGE][INFO] - Finding Test Object 'Object Repository/Tablo/VerininCheckBoxi'

2021-11-12 17:15:05 - [MESSAGE][INFO] - Checking timeout

2021-11-12 17:15:05 - [MESSAGE][INFO] - Finding web element with id: 'Object Repository/Tablo/Veriler' located by 'By.cssSelector: td.dxgv b ,td.dxgv' in '10' second(s)

2021-11-12 17:15:05 - [MESSAGE][INFO] - Smart Wait Function is triggered

2021-11-12 17:15:05 - [MESSAGE][INFO] - Found 110 web elements with id: 'Object Repository/Tablo/Veriler' located by 'By.cssSelector: td.dxgv b ,td.dxgv' in '10' second(s)

2021-11-12 17:15:05 - [MESSAGE][INFO] - Smart Wait Function is triggered

2021-11-12 17:15:05 - [MESSAGE][PASSED] - Method.TextDegerineEsitElementinAltindakineTikla is PASSED

2021-11-12 17:15:05 - [MESSAGE][PASSED] - Call Test Case 'Test Cases/Tablo/TablodanVeriSec' successfully

2021-11-12 17:15:05 - [MESSAGE][INFO] - Checking called Test Case

2021-11-12 17:15:05 - [MESSAGE][INFO] - Starting to call Test Case 'Test Cases/Butonlar/ButonaTikla'

2021-11-12 17:15:05 - [TEST_CASE][PASSED] - Test Cases/Butonlar/ButonaTikla: Test Cases/Butonlar/ButonaTikla

2021-11-12 17:15:05 - [TEST_STEP][PASSED] - Method.TextDegerineEsitElementeTiklaEquals(findTestObject("Butonlar/Butonlar"), Buton_Adi): Method.TextDegerineEsitElementeTiklaEquals is PASSED

2021-11-12 17:15:05 - [MESSAGE][INFO] - Finding Test Object 'Object Repository/Butonlar/Butonlar'

2021-11-12 17:15:05 - [MESSAGE][INFO] - Checking timeout

2021-11-12 17:15:05 - [MESSAGE][INFO] - Finding web element with id: 'Object Repository/Butonlar/Butonlar' located by 'By.cssSelector: .panel.panel-default.text-center.footerPanel .btn,.btn.btn-primary.btnControls' in '10' second(s)

2021-11-12 17:15:05 - [MESSAGE][INFO] - Smart Wait Function is triggered

2021-11-12 17:15:06 - [MESSAGE][INFO] - Found 12 web elements with id: 'Object Repository/Butonlar/Butonlar' located by 'By.cssSelector: .panel.panel-default.text-center.footerPanel .btn,.btn.btn-primary.btnControls' in '10' second(s)

2021-11-12 17:15:06 - [MESSAGE][PASSED] - Method.TextDegerineEsitElementeTiklaEquals is PASSED

2021-11-12 17:15:06 - [MESSAGE][PASSED] - Call Test Case 'Test Cases/Butonlar/ButonaTikla' successfully

2021-11-12 17:15:06 - [MESSAGE][INFO] - Checking called Test Case

2021-11-12 17:15:06 - [MESSAGE][INFO] - Starting to call Test Case 'Test Cases/Butonlar/AltButonaTikla'

2021-11-12 17:15:06 - [TEST_CASE][PASSED] - Test Cases/Butonlar/AltButonaTikla: Test Cases/Butonlar/AltButonaTikla

2021-11-12 17:15:06 - [TEST_STEP][PASSED] - Method.TextDegerineEsitElementeTikla(findTestObject("Butonlar/AltButonlar"), Alt_Buton): Method.TextDegerineEsitElementeTikla is PASSED

2021-11-12 17:15:06 - [MESSAGE][INFO] - Finding Test Object 'Object Repository/Butonlar/AltButonlar'

2021-11-12 17:15:06 - [MESSAGE][INFO] - Checking timeout

2021-11-12 17:15:06 - [MESSAGE][INFO] - Finding web element with id: 'Object Repository/Butonlar/AltButonlar' located by 'By.cssSelector: .btn-group.open li>a' in '10' second(s)

2021-11-12 17:15:06 - [MESSAGE][INFO] - Smart Wait Function is triggered

2021-11-12 17:15:06 - [MESSAGE][INFO] - Found 2 web elements with id: 'Object Repository/Butonlar/AltButonlar' located by 'By.cssSelector: .btn-group.open li>a' in '10' second(s)

2021-11-12 17:15:07 - [MESSAGE][PASSED] - Method.TextDegerineEsitElementeTikla is PASSED

2021-11-12 17:15:07 - [MESSAGE][PASSED] - Call Test Case 'Test Cases/Butonlar/AltButonaTikla' successfully

2021-11-12 17:15:07 - [MESSAGE][INFO] - Checking called Test Case

2021-11-12 17:15:07 - [MESSAGE][INFO] - Starting to call Test Case 'Test Cases/Popup/PopupMesajiIceriyorMu'

2021-11-12 17:15:07 - [TEST_CASE][PASSED] - Test Cases/Popup/PopupMesajiIceriyorMu: Test Cases/Popup/PopupMesajiIceriyorMu

2021-11-12 17:15:07 - [TEST_STEP][PASSED] - waitForElementVisible(findTestObject("Popup/Popup"), 10): Object 'Object Repository/Popup/Popup' is visible

2021-11-12 17:15:07 - [MESSAGE][INFO] - Finding Test Object 'Object Repository/Popup/Popup'

2021-11-12 17:15:07 - [MESSAGE][INFO] - Checking object

2021-11-12 17:15:07 - [MESSAGE][INFO] - Checking timeout

2021-11-12 17:15:07 - [MESSAGE][INFO] - Finding web element from Test Object's properties

2021-11-12 17:15:07 - [MESSAGE][INFO] - Checking timeout

2021-11-12 17:15:07 - [MESSAGE][INFO] - Finding web element with id: 'Object Repository/Popup/Popup' located by 'By.cssSelector: .bootbox-body' in '10' second(s)

2021-11-12 17:15:07 - [MESSAGE][INFO] - Smart Wait Function is triggered

2021-11-12 17:15:08 - [MESSAGE][INFO] - Found 1 web elements with id: 'Object Repository/Popup/Popup' located by 'By.cssSelector: .bootbox-body' in '10' second(s)

2021-11-12 17:15:08 - [MESSAGE][PASSED] - Object 'Object Repository/Popup/Popup' is visible

2021-11-12 17:15:08 - [TEST_STEP][PASSED] - if (!(getText(findTestObject("Popup/Popup")).contains(Mesaj))): Text of object 'Object Repository/Popup/Popup' is: 'Statü Başarılı Olarak Güncellendi'

2021-11-12 17:15:08 - [MESSAGE][INFO] - Finding Test Object 'Object Repository/Popup/Popup'

2021-11-12 17:15:08 - [MESSAGE][INFO] - Checking object

2021-11-12 17:15:08 - [MESSAGE][INFO] - Finding web element from Test Object's properties

2021-11-12 17:15:08 - [MESSAGE][INFO] - Checking timeout

2021-11-12 17:15:08 - [MESSAGE][INFO] - Finding web element with id: 'Object Repository/Popup/Popup' located by 'By.cssSelector: .bootbox-body' in '30' second(s)

2021-11-12 17:15:08 - [MESSAGE][INFO] - Smart Wait Function is triggered

2021-11-12 17:15:08 - [MESSAGE][INFO] - Found 1 web elements with id: 'Object Repository/Popup/Popup' located by 'By.cssSelector: .bootbox-body' in '30' second(s)

2021-11-12 17:15:08 - [MESSAGE][INFO] - Getting text of object 'Object Repository/Popup/Popup'

2021-11-12 17:15:08 - [MESSAGE][PASSED] - Text of object 'Object Repository/Popup/Popup' is: 'Statü Başarılı Olarak Güncellendi'

2021-11-12 17:15:08 - [TEST_STEP][PASSED] - RaporNo = getText(findTestObject("Popup/Popup")).substring(0, 6): Text of object 'Object Repository/Popup/Popup' is: 'Statü Başarılı Olarak Güncellendi'

2021-11-12 17:15:08 - [MESSAGE][INFO] - Finding Test Object 'Object Repository/Popup/Popup'

2021-11-12 17:15:08 - [MESSAGE][INFO] - Checking object

2021-11-12 17:15:08 - [MESSAGE][INFO] - Finding web element from Test Object's properties

2021-11-12 17:15:08 - [MESSAGE][INFO] - Checking timeout

2021-11-12 17:15:08 - [MESSAGE][INFO] - Finding web element with id: 'Object Repository/Popup/Popup' located by 'By.cssSelector: .bootbox-body' in '30' second(s)

2021-11-12 17:15:08 - [MESSAGE][INFO] - Smart Wait Function is triggered

2021-11-12 17:15:08 - [MESSAGE][INFO] - Found 1 web elements with id: 'Object Repository/Popup/Popup' located by 'By.cssSelector: .bootbox-body' in '30' second(s)

2021-11-12 17:15:08 - [MESSAGE][INFO] - Getting text of object 'Object Repository/Popup/Popup'

2021-11-12 17:15:08 - [MESSAGE][PASSED] - Text of object 'Object Repository/Popup/Popup' is: 'Statü Başarılı Olarak Güncellendi'

2021-11-12 17:15:08 - [TEST_STEP][PASSED] - Console.println(RaporNo): null

2021-11-12 17:15:08 - [MESSAGE][PASSED] - Call Test Case 'Test Cases/Popup/PopupMesajiIceriyorMu' successfully

2021-11-12 17:15:08 - [MESSAGE][INFO] - Checking called Test Case

2021-11-12 17:15:08 - [MESSAGE][INFO] - Starting to call Test Case 'Test Cases/Popup/PopupButonSecilir'

2021-11-12 17:15:08 - [TEST_CASE][PASSED] - Test Cases/Popup/PopupButonSecilir: Test Cases/Popup/PopupButonSecilir

2021-11-12 17:15:08 - [TEST_STEP][PASSED] - Method.TextDegerineEsitElementeTikla(findTestObject("Popup/Popup_Butons"), Buton): Method.TextDegerineEsitElementeTikla is PASSED

2021-11-12 17:15:08 - [MESSAGE][INFO] - Finding Test Object 'Object Repository/Popup/Popup_Butons'

2021-11-12 17:15:08 - [MESSAGE][INFO] - Checking timeout

2021-11-12 17:15:08 - [MESSAGE][INFO] - Finding web element with id: 'Object Repository/Popup/Popup_Butons' located by 'By.cssSelector: .modal-footer>button' in '10' second(s)

2021-11-12 17:15:08 - [MESSAGE][INFO] - Smart Wait Function is triggered

2021-11-12 17:15:09 - [MESSAGE][INFO] - Found 1 web elements with id: 'Object Repository/Popup/Popup_Butons' located by 'By.cssSelector: .modal-footer>button' in '10' second(s)

2021-11-12 17:15:09 - [MESSAGE][PASSED] - Method.TextDegerineEsitElementeTikla is PASSED

2021-11-12 17:15:09 - [MESSAGE][PASSED] - Call Test Case 'Test Cases/Popup/PopupButonSecilir' successfully

2021-11-12 17:15:09 - [MESSAGE][INFO] - Checking called Test Case

2021-11-12 17:15:09 - [MESSAGE][INFO] - Starting to call Test Case 'Test Cases/Kullanici_Islemleri/KullaniciIslemlerindenSecimYapilir'

2021-11-12 17:15:09 - [TEST_CASE][PASSED] - Test Cases/Kullanici_Islemleri/KullaniciIslemlerindenSecimYapilir: Test Cases/Kullanici_Islemleri/KullaniciIslemlerindenSecimYapilir

2021-11-12 17:15:09 - [TEST_STEP][PASSED] - waitForElementClickable(findTestObject("Object Repository/Kullanici_Islemleri/KullaniciIslemleri"), 10): Object 'Object Repository/Kullanici_Islemleri/KullaniciIslemleri' is clickable

2021-11-12 17:15:09 - [MESSAGE][INFO] - Finding Test Object 'Object Repository/Kullanici_Islemleri/KullaniciIslemleri'

2021-11-12 17:15:09 - [MESSAGE][INFO] - Checking object

2021-11-12 17:15:09 - [MESSAGE][INFO] - Checking timeout

2021-11-12 17:15:09 - [MESSAGE][INFO] - Finding web element from Test Object's properties

2021-11-12 17:15:09 - [MESSAGE][INFO] - Checking timeout

2021-11-12 17:15:09 - [MESSAGE][INFO] - Finding web element with id: 'Object Repository/Kullanici_Islemleri/KullaniciIslemleri' located by 'By.cssSelector: .dropdown>a>img' in '10' second(s)

2021-11-12 17:15:09 - [MESSAGE][INFO] - Smart Wait Function is triggered

2021-11-12 17:15:10 - [MESSAGE][INFO] - Found 1 web elements with id: 'Object Repository/Kullanici_Islemleri/KullaniciIslemleri' located by 'By.cssSelector: .dropdown>a>img' in '10' second(s)

2021-11-12 17:15:10 - [MESSAGE][PASSED] - Object 'Object Repository/Kullanici_Islemleri/KullaniciIslemleri' is clickable

2021-11-12 17:15:10 - [TEST_STEP][PASSED] - click(findTestObject("Object Repository/Kullanici_Islemleri/KullaniciIslemleri")): Object: 'Object Repository/Kullanici_Islemleri/KullaniciIslemleri' is clicked on

2021-11-12 17:15:10 - [MESSAGE][INFO] - Finding Test Object 'Object Repository/Kullanici_Islemleri/KullaniciIslemleri'

2021-11-12 17:15:10 - [MESSAGE][INFO] - Checking object

2021-11-12 17:15:10 - [MESSAGE][INFO] - Finding web element from Test Object's properties

2021-11-12 17:15:10 - [MESSAGE][INFO] - Checking timeout

2021-11-12 17:15:10 - [MESSAGE][INFO] - Finding web element with id: 'Object Repository/Kullanici_Islemleri/KullaniciIslemleri' located by 'By.cssSelector: .dropdown>a>img' in '30' second(s)

2021-11-12 17:15:10 - [MESSAGE][INFO] - Smart Wait Function is triggered

2021-11-12 17:15:10 - [MESSAGE][INFO] - Found 1 web elements with id: 'Object Repository/Kullanici_Islemleri/KullaniciIslemleri' located by 'By.cssSelector: .dropdown>a>img' in '30' second(s)

2021-11-12 17:15:10 - [MESSAGE][INFO] - Clicking on object: 'Object Repository/Kullanici_Islemleri/KullaniciIslemleri'

2021-11-12 17:15:10 - [MESSAGE][PASSED] - Object: 'Object Repository/Kullanici_Islemleri/KullaniciIslemleri' is clicked on

2021-11-12 17:15:10 - [TEST_STEP][PASSED] - Method.TextDegerineEsitElementeTikla(findTestObject("Object Repository/Kullanici_Islemleri/Secenekler"), Islem): Method.TextDegerineEsitElementeTikla is PASSED

2021-11-12 17:15:10 - [MESSAGE][INFO] - Finding Test Object 'Object Repository/Kullanici_Islemleri/Secenekler'

2021-11-12 17:15:10 - [MESSAGE][INFO] - Checking timeout

2021-11-12 17:15:10 - [MESSAGE][INFO] - Finding web element with id: 'Object Repository/Kullanici_Islemleri/Secenekler' located by 'By.cssSelector: .nav.navbar-nav.navbar-right li a' in '10' second(s)

2021-11-12 17:15:10 - [MESSAGE][INFO] - Smart Wait Function is triggered

2021-11-12 17:15:10 - [MESSAGE][INFO] - Found 22 web elements with id: 'Object Repository/Kullanici_Islemleri/Secenekler' located by 'By.cssSelector: .nav.navbar-nav.navbar-right li a' in '10' second(s)

2021-11-12 17:15:12 - [MESSAGE][PASSED] - Method.TextDegerineEsitElementeTikla is PASSED

2021-11-12 17:15:12 - [TEST_STEP][PASSED] - verifyElementNotPresent(findTestObject("Object Repository/Kullanici_Islemleri/Secenekler"), 10): Web element with id: 'Object Repository/Kullanici_Islemleri/Secenekler' located by 'By.cssSelector: .nav.navbar-nav.navbar-right li a' is not present after '10' second(s)

2021-11-12 17:15:12 - [MESSAGE][INFO] - Finding Test Object 'Object Repository/Kullanici_Islemleri/Secenekler'

2021-11-12 17:15:12 - [MESSAGE][INFO] - Checking object

2021-11-12 17:15:12 - [MESSAGE][INFO] - Checking timeout

2021-11-12 17:15:12 - [MESSAGE][INFO] - Finding web element with id: 'Object Repository/Kullanici_Islemleri/Secenekler' located by 'By.cssSelector: .nav.navbar-nav.navbar-right li a' in '10' second(s)

2021-11-12 17:15:12 - [MESSAGE][INFO] - Smart Wait Function is triggered

2021-11-12 17:15:13 - [MESSAGE][PASSED] - Web element with id: 'Object Repository/Kullanici_Islemleri/Secenekler' located by 'By.cssSelector: .nav.navbar-nav.navbar-right li a' is not present after '10' second(s)

2021-11-12 17:15:13 - [MESSAGE][PASSED] - Call Test Case 'Test Cases/Kullanici_Islemleri/KullaniciIslemlerindenSecimYapilir' successfully

2021-11-12 17:15:13 - [TEST_CASE][PASSED] - Start Test Case : SCENARIO e-Arsiv Faturasi Statu Ata: SCENARIO e-Arsiv Faturasi Statu Ata

2021-11-12 17:15:13 - [TEST_STEP][PASSED] - Kullanıcı adı ELOGO6 ve Şifre 123456 olarak giriş yapılır: Kullanıcı adı ELOGO6 ve Şifre 123456 olarak giriş yapılır

2021-11-12 17:15:13 - [MESSAGE][PASSED] - Kullanıcı adı ELOGO6 ve Şifre 123456 olarak giriş yapılır

2021-11-12 17:15:13 - [TEST_STEP][PASSED] - Ana menüden e-Arşiv seçilir: Ana menüden e-Arşiv seçilir

2021-11-12 17:15:13 - [MESSAGE][PASSED] - Ana menüden e-Arşiv seçilir

2021-11-12 17:15:13 - [TEST_STEP][PASSED] - Alt menü e-Arşiv Hareketleri başlığı altındaki e-Arşiv Faturaları seçilir: Alt menü e-Arşiv Hareketleri başlığı altındaki e-Arşiv Faturaları seçilir

2021-11-12 17:15:13 - [MESSAGE][PASSED] - Alt menü e-Arşiv Hareketleri başlığı altındaki e-Arşiv Faturaları seçilir

2021-11-12 17:15:13 - [TEST_STEP][PASSED] - Filtrelerden Oluşturma Tarihi filtresine 01.07.2020 baslangic degerini yaz: Filtrelerden Oluşturma Tarihi filtresine 01.07.2020 baslangic degerini yaz

2021-11-12 17:15:13 - [MESSAGE][PASSED] - Filtrelerden Oluşturma Tarihi filtresine 01.07.2020 baslangic degerini yaz

2021-11-12 17:15:13 - [TEST_STEP][PASSED] - Filtrelerden Oluşturma Tarihi filtresine 31.07.2020 bitis degerini yaz: Filtrelerden Oluşturma Tarihi filtresine 31.07.2020 bitis degerini yaz

2021-11-12 17:15:13 - [MESSAGE][PASSED] - Filtrelerden Oluşturma Tarihi filtresine 31.07.2020 bitis degerini yaz

2021-11-12 17:15:13 - [TEST_STEP][PASSED] - Filtre butonlarından Listele seçilir: Filtre butonlarından Listele seçilir

2021-11-12 17:15:13 - [MESSAGE][PASSED] - Filtre butonlarından Listele seçilir

2021-11-12 17:15:13 - [TEST_STEP][PASSED] - Tabloda veri var mı kontrol edilir: Tabloda veri var mı kontrol edilir

2021-11-12 17:15:13 - [MESSAGE][PASSED] - Tabloda veri var mı kontrol edilir

2021-11-12 17:15:13 - [TEST_STEP][PASSED] - Tablodan test test isimli veri seçilir: Tablodan test test isimli veri seçilir

2021-11-12 17:15:13 - [MESSAGE][PASSED] - Tablodan test test isimli veri seçilir

2021-11-12 17:15:13 - [TEST_STEP][PASSED] - Butonlardan Statü Ata isimli butona tıklanır: Butonlardan Statü Ata isimli butona tıklanır

2021-11-12 17:15:13 - [MESSAGE][PASSED] - Butonlardan Statü Ata isimli butona tıklanır

2021-11-12 17:15:13 - [TEST_STEP][PASSED] - Alt butonlardan Öndeğer butonuna tıklanır: Alt butonlardan Öndeğer butonuna tıklanır

2021-11-12 17:15:13 - [MESSAGE][PASSED] - Alt butonlardan Öndeğer butonuna tıklanır

2021-11-12 17:15:13 - [TEST_STEP][PASSED] - Popup mesajı Statü Başarılı Olarak Güncellendi içeriyor mu: Popup mesajı Statü Başarılı Olarak Güncellendi içeriyor mu

2021-11-12 17:15:13 - [MESSAGE][PASSED] - Popup mesajı Statü Başarılı Olarak Güncellendi içeriyor mu

2021-11-12 17:15:13 - [TEST_STEP][PASSED] - Yönetim popupında Tamam seçilir: Yönetim popupında Tamam seçilir

2021-11-12 17:15:13 - [MESSAGE][PASSED] - Yönetim popupında Tamam seçilir

2021-11-12 17:15:13 - [TEST_STEP][PASSED] - Kullanıcı işlemlerinden Çıkış seçilir: Kullanıcı işlemlerinden Çıkış seçilir

2021-11-12 17:15:13 - [MESSAGE][PASSED] - Kullanıcı işlemlerinden Çıkış seçilir

2021-11-12 17:15:13 - [MESSAGE][PASSED] - Feature file: 'Include/features/e-Arsiv/e-Arsiv Hareketleri/e-Arsiv Faturalari/Statu Ata.feature' was passed

2021-11-12 17:15:13 - [TEST_STEP][PASSED] - Start listener action : sampleAfterTestSuite: Invoke 'com.kms.katalon.core.annotation.AfterTestCase' method: 'Listener.sampleAfterTestSuite(...)' completed.

2021-11-12 17:15:13 - [MESSAGE][INFO] - Starting invoke 'com.kms.katalon.core.annotation.AfterTestCase' method: 'Listener.sampleAfterTestSuite(...)'

2021-11-12 17:15:13 - [TEST_STEP][PASSED] - closeBrowser(): Invoke 'com.kms.katalon.core.annotation.AfterTestCase' method: 'Listener.sampleAfterTestSuite(...)' completed.

2021-11-12 17:15:13 - [MESSAGE][INFO] - Closing browser

2021-11-12 17:15:13 - [MESSAGE][PASSED] - Browser is closed

2021-11-12 17:15:13 - [MESSAGE][INFO] - Invoke 'com.kms.katalon.core.annotation.AfterTestCase' method: 'Listener.sampleAfterTestSuite(...)' completed.]]></system-out>
         <system-err><![CDATA[]]></system-err>
      </testcase>
      <testcase name="Test Cases/Case Repository/e-Arsiv/e-Arsiv Hareketleri/e-Arsiv Faturalari/Tablodaki Verinin Gorseli" time="61.325" classname="Test Cases/Case Repository/e-Arsiv/e-Arsiv Hareketleri/e-Arsiv Faturalari/Tablodaki Verinin Gorseli" status="PASSED">
         <system-out><![CDATA[2021-11-12 17:15:13 - [TEST_CASE][PASSED] - Test Cases/Case Repository/e-Arsiv/e-Arsiv Hareketleri/e-Arsiv Faturalari/Tablodaki Verinin Gorseli: Test Cases/Case Repository/e-Arsiv/e-Arsiv Hareketleri/e-Arsiv Faturalari/Tablodaki Verinin Gorseli

2021-11-12 17:15:13 - [TEST_STEP][PASSED] - Start listener action : sampleBeforeTestSuite: Invoke 'com.kms.katalon.core.annotation.BeforeTestCase' method: 'Listener.sampleBeforeTestSuite(...)' completed.

2021-11-12 17:15:13 - [MESSAGE][INFO] - Starting invoke 'com.kms.katalon.core.annotation.BeforeTestCase' method: 'Listener.sampleBeforeTestSuite(...)'

2021-11-12 17:15:13 - [TEST_STEP][PASSED] - openBrowser(baseUrl): Browser is opened with url: 'https://efatura-stage.elogo.com.tr/'

2021-11-12 17:15:13 - [MESSAGE][INFO] - Opening browser

2021-11-12 17:15:13 - [MESSAGE][INFO] - Starting 'Chrome' driver

2021-11-12 17:15:13 - [MESSAGE][INFO] - User set preference: ['prefs', '{download.default_directory=C:\otomasyondownfiles}']

2021-11-12 17:15:13 - [MESSAGE][INFO] - Action delay is set to 0 milliseconds

2021-11-12 17:15:15 - [MESSAGE][INFO] - Navigating browser to: 'https://efatura-stage.elogo.com.tr/'

2021-11-12 17:15:29 - [MESSAGE][PASSED] - Browser is opened with url: 'https://efatura-stage.elogo.com.tr/'

2021-11-12 17:15:29 - [TEST_STEP][PASSED] - maximizeWindow(): Invoke 'com.kms.katalon.core.annotation.BeforeTestCase' method: 'Listener.sampleBeforeTestSuite(...)' completed.

2021-11-12 17:15:29 - [MESSAGE][INFO] - Maximizing current window

2021-11-12 17:15:29 - [MESSAGE][PASSED] - Current window maximized

2021-11-12 17:15:29 - [MESSAGE][INFO] - Invoke 'com.kms.katalon.core.annotation.BeforeTestCase' method: 'Listener.sampleBeforeTestSuite(...)' completed.

2021-11-12 17:15:30 - [TEST_STEP][PASSED] - runFeatureFile("Include/features/e-Arsiv/e-Arsiv Hareketleri/e-Arsiv Faturalari/Tablodaki Verinin Gorseli.feature"): Feature file: 'Include/features/e-Arsiv/e-Arsiv Hareketleri/e-Arsiv Faturalari/Tablodaki Verinin Gorseli.feature' was passed

2021-11-12 17:15:30 - [MESSAGE][INFO] - Starting run keyword runFeatureFile: 'Include/features/e-Arsiv/e-Arsiv Hareketleri/e-Arsiv Faturalari/Tablodaki Verinin Gorseli.feature' and extract report to folder: 'C:\Users\DELL\Documents\GitHub\EES_KatalonLogo\Reports\20211112_170311\Suite Repository\e-Arsiv\20211112_170317/cucumber_report/1636726530306'...

2021-11-12 17:15:30 - [MESSAGE][INFO] - Glue: []

2021-11-12 17:15:32 - [MESSAGE][INFO] - Checking called Test Case

2021-11-12 17:15:32 - [MESSAGE][INFO] - Starting to call Test Case 'Test Cases/Sayfalar/Giris_Sayfasi/Login'

2021-11-12 17:15:32 - [TEST_CASE][PASSED] - Test Cases/Sayfalar/Giris_Sayfasi/Login: Test Cases/Sayfalar/Giris_Sayfasi/Login

2021-11-12 17:15:32 - [TEST_STEP][PASSED] - Sayfa_Basligi = getWindowTitle(): Current window's title is: 'LOGO e-Fatura'

2021-11-12 17:15:32 - [MESSAGE][INFO] - Getting current window's title

2021-11-12 17:15:32 - [MESSAGE][PASSED] - Current window's title is: 'LOGO e-Fatura'

2021-11-12 17:15:32 - [TEST_STEP][PASSED] - verifyMatch(Sayfa_Basligi, "LOGO e-Fatura", false): Actual text 'LOGO e-Fatura' and expected text 'LOGO e-Fatura' are matched 

2021-11-12 17:15:32 - [MESSAGE][INFO] - Matching actual text 'LOGO e-Fatura' with expected text 'LOGO e-Fatura'

2021-11-12 17:15:32 - [MESSAGE][PASSED] - Actual text 'LOGO e-Fatura' and expected text 'LOGO e-Fatura' are matched 

2021-11-12 17:15:32 - [TEST_STEP][PASSED] - sendKeys(findTestObject("Sayfalar/Giris_Sayfasi/Firma_Kodu"), KullaniciAdi): Keys 'ELOGO6' sent to object: 'Object Repository/Sayfalar/Giris_Sayfasi/Firma_Kodu'

2021-11-12 17:15:32 - [MESSAGE][INFO] - Finding Test Object 'Object Repository/Sayfalar/Giris_Sayfasi/Firma_Kodu'

2021-11-12 17:15:32 - [MESSAGE][INFO] - Sending keys 'ELOGO6' to object: 'Object Repository/Sayfalar/Giris_Sayfasi/Firma_Kodu'

2021-11-12 17:15:32 - [MESSAGE][INFO] - Finding web element from Test Object's properties

2021-11-12 17:15:32 - [MESSAGE][INFO] - Checking timeout

2021-11-12 17:15:32 - [MESSAGE][INFO] - Finding web element with id: 'Object Repository/Sayfalar/Giris_Sayfasi/Firma_Kodu' located by 'By.xpath: //*[@id = 'AccountName']' in '30' second(s)

2021-11-12 17:15:32 - [MESSAGE][INFO] - Smart Wait Function is triggered

2021-11-12 17:15:32 - [MESSAGE][INFO] - Found 1 web elements with id: 'Object Repository/Sayfalar/Giris_Sayfasi/Firma_Kodu' located by 'By.xpath: //*[@id = 'AccountName']' in '30' second(s)

2021-11-12 17:15:32 - [MESSAGE][PASSED] - Keys 'ELOGO6' sent to object: 'Object Repository/Sayfalar/Giris_Sayfasi/Firma_Kodu'

2021-11-12 17:15:32 - [TEST_STEP][PASSED] - sendKeys(findTestObject("Sayfalar/Giris_Sayfasi/Sifre"), Sifre): Keys '123456' sent to object: 'Object Repository/Sayfalar/Giris_Sayfasi/Sifre'

2021-11-12 17:15:32 - [MESSAGE][INFO] - Finding Test Object 'Object Repository/Sayfalar/Giris_Sayfasi/Sifre'

2021-11-12 17:15:32 - [MESSAGE][INFO] - Sending keys '123456' to object: 'Object Repository/Sayfalar/Giris_Sayfasi/Sifre'

2021-11-12 17:15:32 - [MESSAGE][INFO] - Finding web element from Test Object's properties

2021-11-12 17:15:32 - [MESSAGE][INFO] - Checking timeout

2021-11-12 17:15:32 - [MESSAGE][INFO] - Finding web element with id: 'Object Repository/Sayfalar/Giris_Sayfasi/Sifre' located by 'By.xpath: //*[@id = 'Password']' in '30' second(s)

2021-11-12 17:15:32 - [MESSAGE][INFO] - Smart Wait Function is triggered

2021-11-12 17:15:33 - [MESSAGE][INFO] - Found 1 web elements with id: 'Object Repository/Sayfalar/Giris_Sayfasi/Sifre' located by 'By.xpath: //*[@id = 'Password']' in '30' second(s)

2021-11-12 17:15:33 - [MESSAGE][PASSED] - Keys '123456' sent to object: 'Object Repository/Sayfalar/Giris_Sayfasi/Sifre'

2021-11-12 17:15:33 - [TEST_STEP][PASSED] - findWebElement(findTestObject("Sayfalar/Giris_Sayfasi/Giris_Butonu")).click(): Found 1 web elements with id: 'Object Repository/Sayfalar/Giris_Sayfasi/Giris_Butonu' located by 'By.cssSelector: #btnLogin' in '30' second(s)

2021-11-12 17:15:33 - [MESSAGE][INFO] - Finding Test Object 'Object Repository/Sayfalar/Giris_Sayfasi/Giris_Butonu'

2021-11-12 17:15:33 - [MESSAGE][INFO] - Finding web element from Test Object's properties

2021-11-12 17:15:33 - [MESSAGE][INFO] - Checking timeout

2021-11-12 17:15:33 - [MESSAGE][INFO] - Finding web element with id: 'Object Repository/Sayfalar/Giris_Sayfasi/Giris_Butonu' located by 'By.cssSelector: #btnLogin' in '30' second(s)

2021-11-12 17:15:33 - [MESSAGE][INFO] - Smart Wait Function is triggered

2021-11-12 17:15:33 - [MESSAGE][INFO] - Found 1 web elements with id: 'Object Repository/Sayfalar/Giris_Sayfasi/Giris_Butonu' located by 'By.cssSelector: #btnLogin' in '30' second(s)

2021-11-12 17:15:36 - [TEST_STEP][PASSED] - if (verifyElementPresent(findTestObject("Object Repository/Sayfalar/Giris_Sayfasi/RetveTamam_Butonu"), 5, OPTIONAL)): null

2021-11-12 17:15:36 - [MESSAGE][INFO] - Finding Test Object 'Object Repository/Sayfalar/Giris_Sayfasi/RetveTamam_Butonu'

2021-11-12 17:15:36 - [MESSAGE][INFO] - Checking object

2021-11-12 17:15:36 - [MESSAGE][INFO] - Finding web element from Test Object's properties

2021-11-12 17:15:36 - [MESSAGE][INFO] - Checking timeout

2021-11-12 17:15:36 - [MESSAGE][INFO] - Finding web element with id: 'Object Repository/Sayfalar/Giris_Sayfasi/RetveTamam_Butonu' located by 'By.xpath: //*[@class = 'btn btn-default']' in '5' second(s)

2021-11-12 17:15:36 - [MESSAGE][INFO] - Smart Wait Function is triggered

2021-11-12 17:15:36 - [MESSAGE][INFO] - Found 1 web elements with id: 'Object Repository/Sayfalar/Giris_Sayfasi/RetveTamam_Butonu' located by 'By.xpath: //*[@class = 'btn btn-default']' in '5' second(s)

2021-11-12 17:15:36 - [MESSAGE][PASSED] - Object 'Object Repository/Sayfalar/Giris_Sayfasi/RetveTamam_Butonu' is present

2021-11-12 17:15:36 - [TEST_STEP][PASSED] - click(findTestObject("Object Repository/Sayfalar/Giris_Sayfasi/RetveTamam_Butonu")): Object: 'Object Repository/Sayfalar/Giris_Sayfasi/RetveTamam_Butonu' is clicked on

2021-11-12 17:15:36 - [MESSAGE][INFO] - Finding Test Object 'Object Repository/Sayfalar/Giris_Sayfasi/RetveTamam_Butonu'

2021-11-12 17:15:36 - [MESSAGE][INFO] - Checking object

2021-11-12 17:15:36 - [MESSAGE][INFO] - Finding web element from Test Object's properties

2021-11-12 17:15:36 - [MESSAGE][INFO] - Checking timeout

2021-11-12 17:15:36 - [MESSAGE][INFO] - Finding web element with id: 'Object Repository/Sayfalar/Giris_Sayfasi/RetveTamam_Butonu' located by 'By.xpath: //*[@class = 'btn btn-default']' in '30' second(s)

2021-11-12 17:15:36 - [MESSAGE][INFO] - Smart Wait Function is triggered

2021-11-12 17:15:37 - [MESSAGE][INFO] - Found 1 web elements with id: 'Object Repository/Sayfalar/Giris_Sayfasi/RetveTamam_Butonu' located by 'By.xpath: //*[@class = 'btn btn-default']' in '30' second(s)

2021-11-12 17:15:37 - [MESSAGE][INFO] - Clicking on object: 'Object Repository/Sayfalar/Giris_Sayfasi/RetveTamam_Butonu'

2021-11-12 17:15:37 - [MESSAGE][PASSED] - Object: 'Object Repository/Sayfalar/Giris_Sayfasi/RetveTamam_Butonu' is clicked on

2021-11-12 17:15:37 - [TEST_STEP][PASSED] - click(findTestObject("Object Repository/Sayfalar/Giris_Sayfasi/RetveTamam_Butonu")): Object: 'Object Repository/Sayfalar/Giris_Sayfasi/RetveTamam_Butonu' is clicked on

2021-11-12 17:15:37 - [MESSAGE][INFO] - Finding Test Object 'Object Repository/Sayfalar/Giris_Sayfasi/RetveTamam_Butonu'

2021-11-12 17:15:37 - [MESSAGE][INFO] - Checking object

2021-11-12 17:15:37 - [MESSAGE][INFO] - Finding web element from Test Object's properties

2021-11-12 17:15:37 - [MESSAGE][INFO] - Checking timeout

2021-11-12 17:15:37 - [MESSAGE][INFO] - Finding web element with id: 'Object Repository/Sayfalar/Giris_Sayfasi/RetveTamam_Butonu' located by 'By.xpath: //*[@class = 'btn btn-default']' in '30' second(s)

2021-11-12 17:15:37 - [MESSAGE][INFO] - Smart Wait Function is triggered

2021-11-12 17:15:41 - [MESSAGE][INFO] - Found 1 web elements with id: 'Object Repository/Sayfalar/Giris_Sayfasi/RetveTamam_Butonu' located by 'By.xpath: //*[@class = 'btn btn-default']' in '30' second(s)

2021-11-12 17:15:41 - [MESSAGE][INFO] - Clicking on object: 'Object Repository/Sayfalar/Giris_Sayfasi/RetveTamam_Butonu'

2021-11-12 17:15:41 - [MESSAGE][PASSED] - Object: 'Object Repository/Sayfalar/Giris_Sayfasi/RetveTamam_Butonu' is clicked on

2021-11-12 17:15:41 - [TEST_STEP][PASSED] - if (verifyElementPresent(findTestObject("Sayfalar/Giris_Sayfasi/PopupOK"), 5, OPTIONAL)): null

2021-11-12 17:15:41 - [MESSAGE][INFO] - Finding Test Object 'Object Repository/Sayfalar/Giris_Sayfasi/PopupOK'

2021-11-12 17:15:41 - [MESSAGE][INFO] - Checking object

2021-11-12 17:15:41 - [MESSAGE][INFO] - Finding web element from Test Object's properties

2021-11-12 17:15:41 - [MESSAGE][INFO] - Checking timeout

2021-11-12 17:15:41 - [MESSAGE][INFO] - Finding web element with id: 'Object Repository/Sayfalar/Giris_Sayfasi/PopupOK' located by 'By.cssSelector: .btn.btn-success' in '5' second(s)

2021-11-12 17:15:41 - [MESSAGE][INFO] - Smart Wait Function is triggered

2021-11-12 17:15:42 - [MESSAGE][INFO] - Found 1 web elements with id: 'Object Repository/Sayfalar/Giris_Sayfasi/PopupOK' located by 'By.cssSelector: .btn.btn-success' in '5' second(s)

2021-11-12 17:15:42 - [MESSAGE][PASSED] - Object 'Object Repository/Sayfalar/Giris_Sayfasi/PopupOK' is present

2021-11-12 17:15:42 - [TEST_STEP][PASSED] - click(findTestObject("Object Repository/Sayfalar/Giris_Sayfasi/PopupCarpiGiris")): Object: 'Object Repository/Sayfalar/Giris_Sayfasi/PopupCarpiGiris' is clicked on

2021-11-12 17:15:42 - [MESSAGE][INFO] - Finding Test Object 'Object Repository/Sayfalar/Giris_Sayfasi/PopupCarpiGiris'

2021-11-12 17:15:42 - [MESSAGE][INFO] - Checking object

2021-11-12 17:15:42 - [MESSAGE][INFO] - Finding web element from Test Object's properties

2021-11-12 17:15:42 - [MESSAGE][INFO] - Checking timeout

2021-11-12 17:15:42 - [MESSAGE][INFO] - Finding web element with id: 'Object Repository/Sayfalar/Giris_Sayfasi/PopupCarpiGiris' located by 'By.cssSelector: .bootbox-close-button.close' in '30' second(s)

2021-11-12 17:15:42 - [MESSAGE][INFO] - Smart Wait Function is triggered

2021-11-12 17:15:42 - [MESSAGE][INFO] - Found 1 web elements with id: 'Object Repository/Sayfalar/Giris_Sayfasi/PopupCarpiGiris' located by 'By.cssSelector: .bootbox-close-button.close' in '30' second(s)

2021-11-12 17:15:42 - [MESSAGE][INFO] - Clicking on object: 'Object Repository/Sayfalar/Giris_Sayfasi/PopupCarpiGiris'

2021-11-12 17:15:42 - [MESSAGE][PASSED] - Object: 'Object Repository/Sayfalar/Giris_Sayfasi/PopupCarpiGiris' is clicked on

2021-11-12 17:15:42 - [TEST_STEP][PASSED] - verifyElementVisible(findTestObject("Object Repository/Kullanici_Islemleri/KullaniciIslemleri")): Object 'Object Repository/Kullanici_Islemleri/KullaniciIslemleri' is visible

2021-11-12 17:15:42 - [MESSAGE][INFO] - Finding Test Object 'Object Repository/Kullanici_Islemleri/KullaniciIslemleri'

2021-11-12 17:15:42 - [MESSAGE][INFO] - Checking object

2021-11-12 17:15:42 - [MESSAGE][INFO] - Finding web element from Test Object's properties

2021-11-12 17:15:42 - [MESSAGE][INFO] - Checking timeout

2021-11-12 17:15:42 - [MESSAGE][INFO] - Finding web element with id: 'Object Repository/Kullanici_Islemleri/KullaniciIslemleri' located by 'By.cssSelector: .dropdown>a>img' in '30' second(s)

2021-11-12 17:15:42 - [MESSAGE][INFO] - Smart Wait Function is triggered

2021-11-12 17:15:43 - [MESSAGE][INFO] - Found 1 web elements with id: 'Object Repository/Kullanici_Islemleri/KullaniciIslemleri' located by 'By.cssSelector: .dropdown>a>img' in '30' second(s)

2021-11-12 17:15:43 - [MESSAGE][PASSED] - Object 'Object Repository/Kullanici_Islemleri/KullaniciIslemleri' is visible

2021-11-12 17:15:43 - [MESSAGE][PASSED] - Call Test Case 'Test Cases/Sayfalar/Giris_Sayfasi/Login' successfully

2021-11-12 17:15:43 - [MESSAGE][INFO] - Checking called Test Case

2021-11-12 17:15:43 - [MESSAGE][INFO] - Starting to call Test Case 'Test Cases/Menu/AnaMenuSecimi'

2021-11-12 17:15:43 - [TEST_CASE][PASSED] - Test Cases/Menu/AnaMenuSecimi: Test Cases/Menu/AnaMenuSecimi

2021-11-12 17:15:43 - [TEST_STEP][PASSED] - Method.TextDegerineEsitElementeTikla(findTestObject("Menu/Ana_Menu"), Ana_Menu): Method.TextDegerineEsitElementeTikla is PASSED

2021-11-12 17:15:43 - [MESSAGE][INFO] - Finding Test Object 'Object Repository/Menu/Ana_Menu'

2021-11-12 17:15:43 - [MESSAGE][INFO] - Checking timeout

2021-11-12 17:15:43 - [MESSAGE][INFO] - Finding web element with id: 'Object Repository/Menu/Ana_Menu' located by 'By.xpath: //*[@class = 'dropdown-toggle']' in '10' second(s)

2021-11-12 17:15:43 - [MESSAGE][INFO] - Smart Wait Function is triggered

2021-11-12 17:15:44 - [MESSAGE][INFO] - Found 14 web elements with id: 'Object Repository/Menu/Ana_Menu' located by 'By.xpath: //*[@class = 'dropdown-toggle']' in '10' second(s)

2021-11-12 17:15:44 - [MESSAGE][PASSED] - Method.TextDegerineEsitElementeTikla is PASSED

2021-11-12 17:15:44 - [MESSAGE][PASSED] - Call Test Case 'Test Cases/Menu/AnaMenuSecimi' successfully

2021-11-12 17:15:44 - [MESSAGE][INFO] - Checking called Test Case

2021-11-12 17:15:44 - [MESSAGE][INFO] - Starting to call Test Case 'Test Cases/Menu/BasligaGoreAltMenuSecimi'

2021-11-12 17:15:44 - [TEST_CASE][PASSED] - Test Cases/Menu/BasligaGoreAltMenuSecimi: Test Cases/Menu/BasligaGoreAltMenuSecimi

2021-11-12 17:15:44 - [TEST_STEP][PASSED] - Method.TextDegerineEsitElementinAltindakiTextDegerineEsitOlanaTikla(findTestObject("Menu/Menu_Basligi"), findTestObject("Menu/Basliga_Gore_Alt_Menu"), Baslik, Alt_Menu): Method.TextDegerineEsitElementinAltindakiTextDegerineEsitOlanaTikla is PASSED

2021-11-12 17:15:44 - [MESSAGE][INFO] - Finding Test Object 'Object Repository/Menu/Menu_Basligi'

2021-11-12 17:15:44 - [MESSAGE][INFO] - Finding Test Object 'Object Repository/Menu/Basliga_Gore_Alt_Menu'

2021-11-12 17:15:44 - [MESSAGE][INFO] - Checking timeout

2021-11-12 17:15:44 - [MESSAGE][INFO] - Finding web element with id: 'Object Repository/Menu/Menu_Basligi' located by 'By.xpath: //li[@class='dropdown dropdown-large open']//li[@class='dropdown-header']' in '10' second(s)

2021-11-12 17:15:44 - [MESSAGE][INFO] - Smart Wait Function is triggered

2021-11-12 17:15:44 - [MESSAGE][INFO] - Found 2 web elements with id: 'Object Repository/Menu/Menu_Basligi' located by 'By.xpath: //li[@class='dropdown dropdown-large open']//li[@class='dropdown-header']' in '10' second(s)

2021-11-12 17:15:44 - [MESSAGE][INFO] - Smart Wait Function is triggered

2021-11-12 17:15:59 - [MESSAGE][PASSED] - Method.TextDegerineEsitElementinAltindakiTextDegerineEsitOlanaTikla is PASSED

2021-11-12 17:15:59 - [MESSAGE][PASSED] - Call Test Case 'Test Cases/Menu/BasligaGoreAltMenuSecimi' successfully

2021-11-12 17:15:59 - [MESSAGE][INFO] - Checking called Test Case

2021-11-12 17:15:59 - [MESSAGE][INFO] - Starting to call Test Case 'Test Cases/Filtreler/BaslangicYaz'

2021-11-12 17:15:59 - [TEST_CASE][PASSED] - Test Cases/Filtreler/BaslangicYaz: Test Cases/Filtreler/BaslangicYaz

2021-11-12 17:15:59 - [TEST_STEP][PASSED] - Method.TextDegerineEsitElementinAltindakineTikla(findTestObject("Filtreler/Basliklar"), findTestObject("Filtreler/Basliga_Gore_Baslangic_Image"), Filtre_Adi): Method.TextDegerineEsitElementinAltindakineTikla is PASSED

2021-11-12 17:15:59 - [MESSAGE][INFO] - Finding Test Object 'Object Repository/Filtreler/Basliklar'

2021-11-12 17:16:00 - [MESSAGE][INFO] - Finding Test Object 'Object Repository/Filtreler/Basliga_Gore_Baslangic_Image'

2021-11-12 17:16:00 - [MESSAGE][INFO] - Checking timeout

2021-11-12 17:16:00 - [MESSAGE][INFO] - Finding web element with id: 'Object Repository/Filtreler/Basliklar' located by 'By.cssSelector: .control-label.col-sm-4.paddingMarginRLC' in '10' second(s)

2021-11-12 17:16:00 - [MESSAGE][INFO] - Smart Wait Function is triggered

2021-11-12 17:16:00 - [MESSAGE][INFO] - Found 19 web elements with id: 'Object Repository/Filtreler/Basliklar' located by 'By.cssSelector: .control-label.col-sm-4.paddingMarginRLC' in '10' second(s)

2021-11-12 17:16:00 - [MESSAGE][INFO] - Smart Wait Function is triggered

2021-11-12 17:16:00 - [MESSAGE][PASSED] - Method.TextDegerineEsitElementinAltindakineTikla is PASSED

2021-11-12 17:16:00 - [TEST_STEP][PASSED] - Method.TextDegerineEsitElementinAltindakiTextboxtaYaz(findTestObject("Filtreler/Basliklar"), findTestObject("Filtreler/Basliga_Gore_Baslangic"), Filtre_Adi, Filtre_Degeri): Method.TextDegerineEsitElementinAltindakiTextboxtaYaz is PASSED

2021-11-12 17:16:00 - [MESSAGE][INFO] - Finding Test Object 'Object Repository/Filtreler/Basliklar'

2021-11-12 17:16:01 - [MESSAGE][INFO] - Finding Test Object 'Object Repository/Filtreler/Basliga_Gore_Baslangic'

2021-11-12 17:16:01 - [MESSAGE][INFO] - Checking timeout

2021-11-12 17:16:01 - [MESSAGE][INFO] - Finding web element with id: 'Object Repository/Filtreler/Basliklar' located by 'By.cssSelector: .control-label.col-sm-4.paddingMarginRLC' in '10' second(s)

2021-11-12 17:16:01 - [MESSAGE][INFO] - Smart Wait Function is triggered

2021-11-12 17:16:01 - [MESSAGE][INFO] - Found 19 web elements with id: 'Object Repository/Filtreler/Basliklar' located by 'By.cssSelector: .control-label.col-sm-4.paddingMarginRLC' in '10' second(s)

2021-11-12 17:16:01 - [MESSAGE][INFO] - Smart Wait Function is triggered

2021-11-12 17:16:02 - [MESSAGE][PASSED] - Method.TextDegerineEsitElementinAltindakiTextboxtaYaz is PASSED

2021-11-12 17:16:02 - [MESSAGE][PASSED] - Call Test Case 'Test Cases/Filtreler/BaslangicYaz' successfully

2021-11-12 17:16:02 - [MESSAGE][INFO] - Checking called Test Case

2021-11-12 17:16:02 - [MESSAGE][INFO] - Starting to call Test Case 'Test Cases/Filtreler/BitisYaz'

2021-11-12 17:16:02 - [TEST_CASE][PASSED] - Test Cases/Filtreler/BitisYaz: Test Cases/Filtreler/BitisYaz

2021-11-12 17:16:02 - [TEST_STEP][PASSED] - Method.TextDegerineEsitElementinAltindakineTikla(findTestObject("Filtreler/Basliklar"), findTestObject("Filtreler/Basliga_Gore_Bitis_Image"), Filtre_Adi): Method.TextDegerineEsitElementinAltindakineTikla is PASSED

2021-11-12 17:16:02 - [MESSAGE][INFO] - Finding Test Object 'Object Repository/Filtreler/Basliklar'

2021-11-12 17:16:02 - [MESSAGE][INFO] - Finding Test Object 'Object Repository/Filtreler/Basliga_Gore_Bitis_Image'

2021-11-12 17:16:02 - [MESSAGE][INFO] - Checking timeout

2021-11-12 17:16:02 - [MESSAGE][INFO] - Finding web element with id: 'Object Repository/Filtreler/Basliklar' located by 'By.cssSelector: .control-label.col-sm-4.paddingMarginRLC' in '10' second(s)

2021-11-12 17:16:02 - [MESSAGE][INFO] - Smart Wait Function is triggered

2021-11-12 17:16:02 - [MESSAGE][INFO] - Found 19 web elements with id: 'Object Repository/Filtreler/Basliklar' located by 'By.cssSelector: .control-label.col-sm-4.paddingMarginRLC' in '10' second(s)

2021-11-12 17:16:02 - [MESSAGE][INFO] - Smart Wait Function is triggered

2021-11-12 17:16:02 - [MESSAGE][PASSED] - Method.TextDegerineEsitElementinAltindakineTikla is PASSED

2021-11-12 17:16:02 - [TEST_STEP][PASSED] - Method.TextDegerineEsitElementinAltindakiTextboxtaYaz(findTestObject("Filtreler/Basliklar"), findTestObject("Object Repository/Filtreler/Basliga_Gore_Bitis"), Filtre_Adi, Filtre_Degeri): Method.TextDegerineEsitElementinAltindakiTextboxtaYaz is PASSED

2021-11-12 17:16:02 - [MESSAGE][INFO] - Finding Test Object 'Object Repository/Filtreler/Basliklar'

2021-11-12 17:16:02 - [MESSAGE][INFO] - Finding Test Object 'Object Repository/Filtreler/Basliga_Gore_Bitis'

2021-11-12 17:16:03 - [MESSAGE][INFO] - Checking timeout

2021-11-12 17:16:03 - [MESSAGE][INFO] - Finding web element with id: 'Object Repository/Filtreler/Basliklar' located by 'By.cssSelector: .control-label.col-sm-4.paddingMarginRLC' in '10' second(s)

2021-11-12 17:16:03 - [MESSAGE][INFO] - Smart Wait Function is triggered

2021-11-12 17:16:03 - [MESSAGE][INFO] - Found 19 web elements with id: 'Object Repository/Filtreler/Basliklar' located by 'By.cssSelector: .control-label.col-sm-4.paddingMarginRLC' in '10' second(s)

2021-11-12 17:16:03 - [MESSAGE][INFO] - Smart Wait Function is triggered

2021-11-12 17:16:03 - [MESSAGE][PASSED] - Method.TextDegerineEsitElementinAltindakiTextboxtaYaz is PASSED

2021-11-12 17:16:03 - [MESSAGE][PASSED] - Call Test Case 'Test Cases/Filtreler/BitisYaz' successfully

2021-11-12 17:16:03 - [MESSAGE][INFO] - Checking called Test Case

2021-11-12 17:16:03 - [MESSAGE][INFO] - Starting to call Test Case 'Test Cases/Filtreler/ButonaTikla'

2021-11-12 17:16:03 - [TEST_CASE][PASSED] - Test Cases/Filtreler/ButonaTikla: Test Cases/Filtreler/ButonaTikla

2021-11-12 17:16:03 - [TEST_STEP][PASSED] - Method.TextDegerineEsitElementeTikla(findTestObject("Filtreler/Butonlar"), Filtre_Buton): Method.TextDegerineEsitElementeTikla is PASSED

2021-11-12 17:16:03 - [MESSAGE][INFO] - Finding Test Object 'Object Repository/Filtreler/Butonlar'

2021-11-12 17:16:04 - [MESSAGE][INFO] - Checking timeout

2021-11-12 17:16:04 - [MESSAGE][INFO] - Finding web element with id: 'Object Repository/Filtreler/Butonlar' located by 'By.cssSelector: .dxb>span' in '10' second(s)

2021-11-12 17:16:04 - [MESSAGE][INFO] - Smart Wait Function is triggered

2021-11-12 17:16:04 - [MESSAGE][INFO] - Found 3 web elements with id: 'Object Repository/Filtreler/Butonlar' located by 'By.cssSelector: .dxb>span' in '10' second(s)

2021-11-12 17:16:04 - [MESSAGE][PASSED] - Method.TextDegerineEsitElementeTikla is PASSED

2021-11-12 17:16:04 - [MESSAGE][PASSED] - Call Test Case 'Test Cases/Filtreler/ButonaTikla' successfully

2021-11-12 17:16:04 - [MESSAGE][INFO] - Checking called Test Case

2021-11-12 17:16:04 - [MESSAGE][INFO] - Starting to call Test Case 'Test Cases/Tablo/TablodaVeriVarMi'

2021-11-12 17:16:04 - [TEST_CASE][PASSED] - Test Cases/Tablo/TablodaVeriVarMi: Test Cases/Tablo/TablodaVeriVarMi

2021-11-12 17:16:04 - [TEST_STEP][PASSED] - verifyTextNotPresent("Görüntülenecek veri yok", true): Text 'Görüntülenecek veri yok' is not present on page using regular expression

2021-11-12 17:16:04 - [MESSAGE][INFO] - Checking text present  using regular expression

2021-11-12 17:16:04 - [MESSAGE][INFO] - Smart Wait Function is triggered

2021-11-12 17:16:05 - [MESSAGE][INFO] - Finding text 'Görüntülenecek veri yok' on page  using regular expression

2021-11-12 17:16:05 - [MESSAGE][PASSED] - Text 'Görüntülenecek veri yok' is not present on page using regular expression

2021-11-12 17:16:05 - [MESSAGE][PASSED] - Call Test Case 'Test Cases/Tablo/TablodaVeriVarMi' successfully

2021-11-12 17:16:05 - [MESSAGE][INFO] - Checking called Test Case

2021-11-12 17:16:05 - [MESSAGE][INFO] - Starting to call Test Case 'Test Cases/Tablo/TablonunButonunaTikla'

2021-11-12 17:16:05 - [TEST_CASE][PASSED] - Test Cases/Tablo/TablonunButonunaTikla: Test Cases/Tablo/TablonunButonunaTikla

2021-11-12 17:16:06 - [TEST_STEP][PASSED] - Method.TextDegerineEsitElementinAltindakiTextDegerineEsitOlanaTikla(findTestObject("Tablo/Veriler"), findTestObject("Tablo/VerininButonu"), Veri, Buton_Adi): Method.TextDegerineEsitElementinAltindakiTextDegerineEsitOlanaTikla is PASSED

2021-11-12 17:16:06 - [MESSAGE][INFO] - Finding Test Object 'Object Repository/Tablo/Veriler'

2021-11-12 17:16:06 - [MESSAGE][INFO] - Finding Test Object 'Object Repository/Tablo/VerininButonu'

2021-11-12 17:16:06 - [MESSAGE][INFO] - Checking timeout

2021-11-12 17:16:06 - [MESSAGE][INFO] - Finding web element with id: 'Object Repository/Tablo/Veriler' located by 'By.cssSelector: td.dxgv b ,td.dxgv' in '10' second(s)

2021-11-12 17:16:06 - [MESSAGE][INFO] - Smart Wait Function is triggered

2021-11-12 17:16:06 - [MESSAGE][INFO] - Found 220 web elements with id: 'Object Repository/Tablo/Veriler' located by 'By.cssSelector: td.dxgv b ,td.dxgv' in '10' second(s)

2021-11-12 17:16:06 - [MESSAGE][INFO] - Smart Wait Function is triggered

2021-11-12 17:16:07 - [MESSAGE][PASSED] - Method.TextDegerineEsitElementinAltindakiTextDegerineEsitOlanaTikla is PASSED

2021-11-12 17:16:07 - [MESSAGE][PASSED] - Call Test Case 'Test Cases/Tablo/TablonunButonunaTikla' successfully

2021-11-12 17:16:07 - [MESSAGE][INFO] - Checking called Test Case

2021-11-12 17:16:07 - [MESSAGE][INFO] - Starting to call Test Case 'Test Cases/Sekmeler/YeniSekmeyeGec'

2021-11-12 17:16:07 - [TEST_CASE][PASSED] - Test Cases/Sekmeler/YeniSekmeyeGec: Test Cases/Sekmeler/YeniSekmeyeGec

2021-11-12 17:16:07 - [TEST_STEP][PASSED] - switchToWindowIndex(1): Switched to window with index: '1'

2021-11-12 17:16:07 - [MESSAGE][INFO] - Checking index

2021-11-12 17:16:07 - [MESSAGE][INFO] - Switching window with index: '1'

2021-11-12 17:16:07 - [MESSAGE][PASSED] - Switched to window with index: '1'

2021-11-12 17:16:07 - [MESSAGE][PASSED] - Call Test Case 'Test Cases/Sekmeler/YeniSekmeyeGec' successfully

2021-11-12 17:16:07 - [MESSAGE][INFO] - Checking called Test Case

2021-11-12 17:16:07 - [MESSAGE][INFO] - Starting to call Test Case 'Test Cases/Sekmeler/YeniSekmeBasligindaVarMi'

2021-11-12 17:16:07 - [TEST_CASE][PASSED] - Test Cases/Sekmeler/YeniSekmeBasligindaVarMi: Test Cases/Sekmeler/YeniSekmeBasligindaVarMi

2021-11-12 17:16:07 - [TEST_STEP][PASSED] - verifyElementText(findTestObject("Object Repository/Sekmeler/Olusturma_Goster_Baslik"), Title): Actual text and expected text of test object 'Object Repository/Sekmeler/Olusturma_Goster_Baslik' are matched.

2021-11-12 17:16:07 - [MESSAGE][INFO] - Finding Test Object 'Object Repository/Sekmeler/Olusturma_Goster_Baslik'

2021-11-12 17:16:07 - [MESSAGE][INFO] - Checking object

2021-11-12 17:16:07 - [MESSAGE][INFO] - Finding web element from Test Object's properties

2021-11-12 17:16:07 - [MESSAGE][INFO] - Checking timeout

2021-11-12 17:16:07 - [MESSAGE][INFO] - Finding web element with id: 'Object Repository/Sekmeler/Olusturma_Goster_Baslik' located by 'By.cssSelector: h1>span,td>font,font' in '30' second(s)

2021-11-12 17:16:07 - [MESSAGE][INFO] - Smart Wait Function is triggered

2021-11-12 17:16:10 - [MESSAGE][INFO] - Found 1 web elements with id: 'Object Repository/Sekmeler/Olusturma_Goster_Baslik' located by 'By.cssSelector: h1>span,td>font,font' in '30' second(s)

2021-11-12 17:16:10 - [MESSAGE][PASSED] - Actual text and expected text of test object 'Object Repository/Sekmeler/Olusturma_Goster_Baslik' are matched.

2021-11-12 17:16:10 - [MESSAGE][PASSED] - Call Test Case 'Test Cases/Sekmeler/YeniSekmeBasligindaVarMi' successfully

2021-11-12 17:16:10 - [MESSAGE][INFO] - Checking called Test Case

2021-11-12 17:16:10 - [MESSAGE][INFO] - Starting to call Test Case 'Test Cases/Sekmeler/Ana_Sekmeye_Gec'

2021-11-12 17:16:11 - [TEST_CASE][PASSED] - Test Cases/Sekmeler/Ana_Sekmeye_Gec: Test Cases/Sekmeler/Ana_Sekmeye_Gec

2021-11-12 17:16:11 - [TEST_STEP][PASSED] - try: Window with index 1 is closed

2021-11-12 17:16:11 - [TEST_STEP][PASSED] - index = getWindowIndex(): Current window's index is: 1

2021-11-12 17:16:11 - [MESSAGE][INFO] - Getting current window's index

2021-11-12 17:16:11 - [MESSAGE][PASSED] - Current window's index is: 1

2021-11-12 17:16:11 - [TEST_STEP][PASSED] - closeWindowIndex(index): Window with index 1 is closed

2021-11-12 17:16:11 - [MESSAGE][INFO] - Checking index

2021-11-12 17:16:11 - [MESSAGE][INFO] - Closing window with index 1

2021-11-12 17:16:11 - [MESSAGE][PASSED] - Window with index 1 is closed

2021-11-12 17:16:11 - [TEST_STEP][PASSED] - switchToWindowIndex(0): Switched to window with index: '0'

2021-11-12 17:16:11 - [MESSAGE][INFO] - Checking index

2021-11-12 17:16:11 - [MESSAGE][INFO] - Switching window with index: '0'

2021-11-12 17:16:11 - [MESSAGE][PASSED] - Switched to window with index: '0'

2021-11-12 17:16:11 - [MESSAGE][PASSED] - Call Test Case 'Test Cases/Sekmeler/Ana_Sekmeye_Gec' successfully

2021-11-12 17:16:11 - [MESSAGE][INFO] - Checking called Test Case

2021-11-12 17:16:11 - [MESSAGE][INFO] - Starting to call Test Case 'Test Cases/Kullanici_Islemleri/KullaniciIslemlerindenSecimYapilir'

2021-11-12 17:16:11 - [TEST_CASE][PASSED] - Test Cases/Kullanici_Islemleri/KullaniciIslemlerindenSecimYapilir: Test Cases/Kullanici_Islemleri/KullaniciIslemlerindenSecimYapilir

2021-11-12 17:16:11 - [TEST_STEP][PASSED] - waitForElementClickable(findTestObject("Object Repository/Kullanici_Islemleri/KullaniciIslemleri"), 10): Object 'Object Repository/Kullanici_Islemleri/KullaniciIslemleri' is clickable

2021-11-12 17:16:11 - [MESSAGE][INFO] - Finding Test Object 'Object Repository/Kullanici_Islemleri/KullaniciIslemleri'

2021-11-12 17:16:11 - [MESSAGE][INFO] - Checking object

2021-11-12 17:16:11 - [MESSAGE][INFO] - Checking timeout

2021-11-12 17:16:11 - [MESSAGE][INFO] - Finding web element from Test Object's properties

2021-11-12 17:16:11 - [MESSAGE][INFO] - Checking timeout

2021-11-12 17:16:11 - [MESSAGE][INFO] - Finding web element with id: 'Object Repository/Kullanici_Islemleri/KullaniciIslemleri' located by 'By.cssSelector: .dropdown>a>img' in '10' second(s)

2021-11-12 17:16:11 - [MESSAGE][INFO] - Smart Wait Function is triggered

2021-11-12 17:16:11 - [MESSAGE][INFO] - Found 1 web elements with id: 'Object Repository/Kullanici_Islemleri/KullaniciIslemleri' located by 'By.cssSelector: .dropdown>a>img' in '10' second(s)

2021-11-12 17:16:11 - [MESSAGE][PASSED] - Object 'Object Repository/Kullanici_Islemleri/KullaniciIslemleri' is clickable

2021-11-12 17:16:11 - [TEST_STEP][PASSED] - click(findTestObject("Object Repository/Kullanici_Islemleri/KullaniciIslemleri")): Object: 'Object Repository/Kullanici_Islemleri/KullaniciIslemleri' is clicked on

2021-11-12 17:16:11 - [MESSAGE][INFO] - Finding Test Object 'Object Repository/Kullanici_Islemleri/KullaniciIslemleri'

2021-11-12 17:16:11 - [MESSAGE][INFO] - Checking object

2021-11-12 17:16:11 - [MESSAGE][INFO] - Finding web element from Test Object's properties

2021-11-12 17:16:11 - [MESSAGE][INFO] - Checking timeout

2021-11-12 17:16:11 - [MESSAGE][INFO] - Finding web element with id: 'Object Repository/Kullanici_Islemleri/KullaniciIslemleri' located by 'By.cssSelector: .dropdown>a>img' in '30' second(s)

2021-11-12 17:16:11 - [MESSAGE][INFO] - Smart Wait Function is triggered

2021-11-12 17:16:11 - [MESSAGE][INFO] - Found 1 web elements with id: 'Object Repository/Kullanici_Islemleri/KullaniciIslemleri' located by 'By.cssSelector: .dropdown>a>img' in '30' second(s)

2021-11-12 17:16:11 - [MESSAGE][INFO] - Clicking on object: 'Object Repository/Kullanici_Islemleri/KullaniciIslemleri'

2021-11-12 17:16:11 - [MESSAGE][PASSED] - Object: 'Object Repository/Kullanici_Islemleri/KullaniciIslemleri' is clicked on

2021-11-12 17:16:11 - [TEST_STEP][PASSED] - Method.TextDegerineEsitElementeTikla(findTestObject("Object Repository/Kullanici_Islemleri/Secenekler"), Islem): Method.TextDegerineEsitElementeTikla is PASSED

2021-11-12 17:16:11 - [MESSAGE][INFO] - Finding Test Object 'Object Repository/Kullanici_Islemleri/Secenekler'

2021-11-12 17:16:12 - [MESSAGE][INFO] - Checking timeout

2021-11-12 17:16:12 - [MESSAGE][INFO] - Finding web element with id: 'Object Repository/Kullanici_Islemleri/Secenekler' located by 'By.cssSelector: .nav.navbar-nav.navbar-right li a' in '10' second(s)

2021-11-12 17:16:12 - [MESSAGE][INFO] - Smart Wait Function is triggered

2021-11-12 17:16:12 - [MESSAGE][INFO] - Found 22 web elements with id: 'Object Repository/Kullanici_Islemleri/Secenekler' located by 'By.cssSelector: .nav.navbar-nav.navbar-right li a' in '10' second(s)

2021-11-12 17:16:14 - [MESSAGE][PASSED] - Method.TextDegerineEsitElementeTikla is PASSED

2021-11-12 17:16:14 - [TEST_STEP][PASSED] - verifyElementNotPresent(findTestObject("Object Repository/Kullanici_Islemleri/Secenekler"), 10): Web element with id: 'Object Repository/Kullanici_Islemleri/Secenekler' located by 'By.cssSelector: .nav.navbar-nav.navbar-right li a' is not present after '10' second(s)

2021-11-12 17:16:14 - [MESSAGE][INFO] - Finding Test Object 'Object Repository/Kullanici_Islemleri/Secenekler'

2021-11-12 17:16:14 - [MESSAGE][INFO] - Checking object

2021-11-12 17:16:14 - [MESSAGE][INFO] - Checking timeout

2021-11-12 17:16:14 - [MESSAGE][INFO] - Finding web element with id: 'Object Repository/Kullanici_Islemleri/Secenekler' located by 'By.cssSelector: .nav.navbar-nav.navbar-right li a' in '10' second(s)

2021-11-12 17:16:14 - [MESSAGE][INFO] - Smart Wait Function is triggered

2021-11-12 17:16:14 - [MESSAGE][PASSED] - Web element with id: 'Object Repository/Kullanici_Islemleri/Secenekler' located by 'By.cssSelector: .nav.navbar-nav.navbar-right li a' is not present after '10' second(s)

2021-11-12 17:16:14 - [MESSAGE][PASSED] - Call Test Case 'Test Cases/Kullanici_Islemleri/KullaniciIslemlerindenSecimYapilir' successfully

2021-11-12 17:16:14 - [TEST_CASE][PASSED] - Start Test Case : SCENARIO e-Arsiv Faturasi Tablodaki Verinin Gorseli: SCENARIO e-Arsiv Faturasi Tablodaki Verinin Gorseli

2021-11-12 17:16:14 - [TEST_STEP][PASSED] - Kullanıcı adı ELOGO6 ve Şifre 123456 olarak giriş yapılır: Kullanıcı adı ELOGO6 ve Şifre 123456 olarak giriş yapılır

2021-11-12 17:16:14 - [MESSAGE][PASSED] - Kullanıcı adı ELOGO6 ve Şifre 123456 olarak giriş yapılır

2021-11-12 17:16:14 - [TEST_STEP][PASSED] - Ana menüden e-Arşiv seçilir: Ana menüden e-Arşiv seçilir

2021-11-12 17:16:14 - [MESSAGE][PASSED] - Ana menüden e-Arşiv seçilir

2021-11-12 17:16:14 - [TEST_STEP][PASSED] - Alt menü e-Arşiv Hareketleri başlığı altındaki e-Arşiv Faturaları seçilir: Alt menü e-Arşiv Hareketleri başlığı altındaki e-Arşiv Faturaları seçilir

2021-11-12 17:16:14 - [MESSAGE][PASSED] - Alt menü e-Arşiv Hareketleri başlığı altındaki e-Arşiv Faturaları seçilir

2021-11-12 17:16:14 - [TEST_STEP][PASSED] - Filtrelerden Oluşturma Tarihi filtresine 01.02.2020 baslangic degerini yaz: Filtrelerden Oluşturma Tarihi filtresine 01.02.2020 baslangic degerini yaz

2021-11-12 17:16:14 - [MESSAGE][PASSED] - Filtrelerden Oluşturma Tarihi filtresine 01.02.2020 baslangic degerini yaz

2021-11-12 17:16:14 - [TEST_STEP][PASSED] - Filtrelerden Oluşturma Tarihi filtresine 29.02.2020 bitis degerini yaz: Filtrelerden Oluşturma Tarihi filtresine 29.02.2020 bitis degerini yaz

2021-11-12 17:16:14 - [MESSAGE][PASSED] - Filtrelerden Oluşturma Tarihi filtresine 29.02.2020 bitis degerini yaz

2021-11-12 17:16:14 - [TEST_STEP][PASSED] - Filtre butonlarından Listele seçilir: Filtre butonlarından Listele seçilir

2021-11-12 17:16:14 - [MESSAGE][PASSED] - Filtre butonlarından Listele seçilir

2021-11-12 17:16:14 - [TEST_STEP][PASSED] - Tabloda veri var mı kontrol edilir: Tabloda veri var mı kontrol edilir

2021-11-12 17:16:14 - [MESSAGE][PASSED] - Tabloda veri var mı kontrol edilir

2021-11-12 17:16:14 - [TEST_STEP][PASSED] - Tablodaki sena şahin isimli verinin Fatura adlı butonuna tıklanır: Tablodaki sena şahin isimli verinin Fatura adlı butonuna tıklanır

2021-11-12 17:16:14 - [MESSAGE][PASSED] - Tablodaki sena şahin isimli verinin Fatura adlı butonuna tıklanır

2021-11-12 17:16:14 - [TEST_STEP][PASSED] - Yeni açılan sekmeye geçilir: Yeni açılan sekmeye geçilir

2021-11-12 17:16:14 - [MESSAGE][PASSED] - Yeni açılan sekmeye geçilir

2021-11-12 17:16:14 - [TEST_STEP][PASSED] - Yeni sekme başlığında e-Arşiv var mı kontrol edilir: Yeni sekme başlığında e-Arşiv var mı kontrol edilir

2021-11-12 17:16:14 - [MESSAGE][PASSED] - Yeni sekme başlığında e-Arşiv var mı kontrol edilir

2021-11-12 17:16:14 - [TEST_STEP][PASSED] - Ana sekmeye geçilir: Ana sekmeye geçilir

2021-11-12 17:16:14 - [MESSAGE][PASSED] - Ana sekmeye geçilir

2021-11-12 17:16:14 - [TEST_STEP][PASSED] - Kullanıcı işlemlerinden Çıkış seçilir: Kullanıcı işlemlerinden Çıkış seçilir

2021-11-12 17:16:14 - [MESSAGE][PASSED] - Kullanıcı işlemlerinden Çıkış seçilir

2021-11-12 17:16:14 - [MESSAGE][PASSED] - Feature file: 'Include/features/e-Arsiv/e-Arsiv Hareketleri/e-Arsiv Faturalari/Tablodaki Verinin Gorseli.feature' was passed

2021-11-12 17:16:14 - [TEST_STEP][PASSED] - Start listener action : sampleAfterTestSuite: Invoke 'com.kms.katalon.core.annotation.AfterTestCase' method: 'Listener.sampleAfterTestSuite(...)' completed.

2021-11-12 17:16:14 - [MESSAGE][INFO] - Starting invoke 'com.kms.katalon.core.annotation.AfterTestCase' method: 'Listener.sampleAfterTestSuite(...)'

2021-11-12 17:16:14 - [TEST_STEP][PASSED] - closeBrowser(): Invoke 'com.kms.katalon.core.annotation.AfterTestCase' method: 'Listener.sampleAfterTestSuite(...)' completed.

2021-11-12 17:16:14 - [MESSAGE][INFO] - Closing browser

2021-11-12 17:16:15 - [MESSAGE][PASSED] - Browser is closed

2021-11-12 17:16:15 - [MESSAGE][INFO] - Invoke 'com.kms.katalon.core.annotation.AfterTestCase' method: 'Listener.sampleAfterTestSuite(...)' completed.]]></system-out>
         <system-err><![CDATA[]]></system-err>
      </testcase>
      <testcase name="Test Cases/Case Repository/e-Arsiv/e-Arsiv Hareketleri/e-Arsiv Faturalari/Tum Hesaplar" time="47.448" classname="Test Cases/Case Repository/e-Arsiv/e-Arsiv Hareketleri/e-Arsiv Faturalari/Tum Hesaplar" status="PASSED">
         <system-out><![CDATA[2021-11-12 17:16:15 - [TEST_CASE][PASSED] - Test Cases/Case Repository/e-Arsiv/e-Arsiv Hareketleri/e-Arsiv Faturalari/Tum Hesaplar: Test Cases/Case Repository/e-Arsiv/e-Arsiv Hareketleri/e-Arsiv Faturalari/Tum Hesaplar

2021-11-12 17:16:15 - [TEST_STEP][PASSED] - Start listener action : sampleBeforeTestSuite: Invoke 'com.kms.katalon.core.annotation.BeforeTestCase' method: 'Listener.sampleBeforeTestSuite(...)' completed.

2021-11-12 17:16:15 - [MESSAGE][INFO] - Starting invoke 'com.kms.katalon.core.annotation.BeforeTestCase' method: 'Listener.sampleBeforeTestSuite(...)'

2021-11-12 17:16:15 - [TEST_STEP][PASSED] - openBrowser(baseUrl): Browser is opened with url: 'https://efatura-stage.elogo.com.tr/'

2021-11-12 17:16:15 - [MESSAGE][INFO] - Opening browser

2021-11-12 17:16:15 - [MESSAGE][INFO] - Starting 'Chrome' driver

2021-11-12 17:16:15 - [MESSAGE][INFO] - User set preference: ['prefs', '{download.default_directory=C:\otomasyondownfiles}']

2021-11-12 17:16:15 - [MESSAGE][INFO] - Action delay is set to 0 milliseconds

2021-11-12 17:16:16 - [MESSAGE][INFO] - Navigating browser to: 'https://efatura-stage.elogo.com.tr/'

2021-11-12 17:16:30 - [MESSAGE][PASSED] - Browser is opened with url: 'https://efatura-stage.elogo.com.tr/'

2021-11-12 17:16:30 - [TEST_STEP][PASSED] - maximizeWindow(): Invoke 'com.kms.katalon.core.annotation.BeforeTestCase' method: 'Listener.sampleBeforeTestSuite(...)' completed.

2021-11-12 17:16:30 - [MESSAGE][INFO] - Maximizing current window

2021-11-12 17:16:30 - [MESSAGE][PASSED] - Current window maximized

2021-11-12 17:16:30 - [MESSAGE][INFO] - Invoke 'com.kms.katalon.core.annotation.BeforeTestCase' method: 'Listener.sampleBeforeTestSuite(...)' completed.

2021-11-12 17:16:31 - [TEST_STEP][PASSED] - runFeatureFile("Include/features/e-Arsiv/e-Arsiv Hareketleri/e-Arsiv Faturalari/Tum Hesaplar Kontrolu.feature"): Feature file: 'Include/features/e-Arsiv/e-Arsiv Hareketleri/e-Arsiv Faturalari/Tum Hesaplar Kontrolu.feature' was passed

2021-11-12 17:16:31 - [MESSAGE][INFO] - Starting run keyword runFeatureFile: 'Include/features/e-Arsiv/e-Arsiv Hareketleri/e-Arsiv Faturalari/Tum Hesaplar Kontrolu.feature' and extract report to folder: 'C:\Users\DELL\Documents\GitHub\EES_KatalonLogo\Reports\20211112_170311\Suite Repository\e-Arsiv\20211112_170317/cucumber_report/1636726591333'...

2021-11-12 17:16:31 - [MESSAGE][INFO] - Glue: []

2021-11-12 17:16:33 - [MESSAGE][INFO] - Checking called Test Case

2021-11-12 17:16:33 - [MESSAGE][INFO] - Starting to call Test Case 'Test Cases/Sayfalar/Giris_Sayfasi/Login'

2021-11-12 17:16:33 - [TEST_CASE][PASSED] - Test Cases/Sayfalar/Giris_Sayfasi/Login: Test Cases/Sayfalar/Giris_Sayfasi/Login

2021-11-12 17:16:33 - [TEST_STEP][PASSED] - Sayfa_Basligi = getWindowTitle(): Current window's title is: 'LOGO e-Fatura'

2021-11-12 17:16:33 - [MESSAGE][INFO] - Getting current window's title

2021-11-12 17:16:33 - [MESSAGE][PASSED] - Current window's title is: 'LOGO e-Fatura'

2021-11-12 17:16:33 - [TEST_STEP][PASSED] - verifyMatch(Sayfa_Basligi, "LOGO e-Fatura", false): Actual text 'LOGO e-Fatura' and expected text 'LOGO e-Fatura' are matched 

2021-11-12 17:16:33 - [MESSAGE][INFO] - Matching actual text 'LOGO e-Fatura' with expected text 'LOGO e-Fatura'

2021-11-12 17:16:33 - [MESSAGE][PASSED] - Actual text 'LOGO e-Fatura' and expected text 'LOGO e-Fatura' are matched 

2021-11-12 17:16:33 - [TEST_STEP][PASSED] - sendKeys(findTestObject("Sayfalar/Giris_Sayfasi/Firma_Kodu"), KullaniciAdi): Keys 'ELOGO6' sent to object: 'Object Repository/Sayfalar/Giris_Sayfasi/Firma_Kodu'

2021-11-12 17:16:33 - [MESSAGE][INFO] - Finding Test Object 'Object Repository/Sayfalar/Giris_Sayfasi/Firma_Kodu'

2021-11-12 17:16:33 - [MESSAGE][INFO] - Sending keys 'ELOGO6' to object: 'Object Repository/Sayfalar/Giris_Sayfasi/Firma_Kodu'

2021-11-12 17:16:33 - [MESSAGE][INFO] - Finding web element from Test Object's properties

2021-11-12 17:16:33 - [MESSAGE][INFO] - Checking timeout

2021-11-12 17:16:33 - [MESSAGE][INFO] - Finding web element with id: 'Object Repository/Sayfalar/Giris_Sayfasi/Firma_Kodu' located by 'By.xpath: //*[@id = 'AccountName']' in '30' second(s)

2021-11-12 17:16:33 - [MESSAGE][INFO] - Smart Wait Function is triggered

2021-11-12 17:16:33 - [MESSAGE][INFO] - Found 1 web elements with id: 'Object Repository/Sayfalar/Giris_Sayfasi/Firma_Kodu' located by 'By.xpath: //*[@id = 'AccountName']' in '30' second(s)

2021-11-12 17:16:33 - [MESSAGE][PASSED] - Keys 'ELOGO6' sent to object: 'Object Repository/Sayfalar/Giris_Sayfasi/Firma_Kodu'

2021-11-12 17:16:33 - [TEST_STEP][PASSED] - sendKeys(findTestObject("Sayfalar/Giris_Sayfasi/Sifre"), Sifre): Keys '123456' sent to object: 'Object Repository/Sayfalar/Giris_Sayfasi/Sifre'

2021-11-12 17:16:33 - [MESSAGE][INFO] - Finding Test Object 'Object Repository/Sayfalar/Giris_Sayfasi/Sifre'

2021-11-12 17:16:33 - [MESSAGE][INFO] - Sending keys '123456' to object: 'Object Repository/Sayfalar/Giris_Sayfasi/Sifre'

2021-11-12 17:16:33 - [MESSAGE][INFO] - Finding web element from Test Object's properties

2021-11-12 17:16:33 - [MESSAGE][INFO] - Checking timeout

2021-11-12 17:16:33 - [MESSAGE][INFO] - Finding web element with id: 'Object Repository/Sayfalar/Giris_Sayfasi/Sifre' located by 'By.xpath: //*[@id = 'Password']' in '30' second(s)

2021-11-12 17:16:33 - [MESSAGE][INFO] - Smart Wait Function is triggered

2021-11-12 17:16:34 - [MESSAGE][INFO] - Found 1 web elements with id: 'Object Repository/Sayfalar/Giris_Sayfasi/Sifre' located by 'By.xpath: //*[@id = 'Password']' in '30' second(s)

2021-11-12 17:16:34 - [MESSAGE][PASSED] - Keys '123456' sent to object: 'Object Repository/Sayfalar/Giris_Sayfasi/Sifre'

2021-11-12 17:16:34 - [TEST_STEP][PASSED] - findWebElement(findTestObject("Sayfalar/Giris_Sayfasi/Giris_Butonu")).click(): Found 1 web elements with id: 'Object Repository/Sayfalar/Giris_Sayfasi/Giris_Butonu' located by 'By.cssSelector: #btnLogin' in '30' second(s)

2021-11-12 17:16:34 - [MESSAGE][INFO] - Finding Test Object 'Object Repository/Sayfalar/Giris_Sayfasi/Giris_Butonu'

2021-11-12 17:16:34 - [MESSAGE][INFO] - Finding web element from Test Object's properties

2021-11-12 17:16:34 - [MESSAGE][INFO] - Checking timeout

2021-11-12 17:16:34 - [MESSAGE][INFO] - Finding web element with id: 'Object Repository/Sayfalar/Giris_Sayfasi/Giris_Butonu' located by 'By.cssSelector: #btnLogin' in '30' second(s)

2021-11-12 17:16:34 - [MESSAGE][INFO] - Smart Wait Function is triggered

2021-11-12 17:16:34 - [MESSAGE][INFO] - Found 1 web elements with id: 'Object Repository/Sayfalar/Giris_Sayfasi/Giris_Butonu' located by 'By.cssSelector: #btnLogin' in '30' second(s)

2021-11-12 17:16:38 - [TEST_STEP][PASSED] - if (verifyElementPresent(findTestObject("Object Repository/Sayfalar/Giris_Sayfasi/RetveTamam_Butonu"), 5, OPTIONAL)): null

2021-11-12 17:16:38 - [MESSAGE][INFO] - Finding Test Object 'Object Repository/Sayfalar/Giris_Sayfasi/RetveTamam_Butonu'

2021-11-12 17:16:38 - [MESSAGE][INFO] - Checking object

2021-11-12 17:16:38 - [MESSAGE][INFO] - Finding web element from Test Object's properties

2021-11-12 17:16:38 - [MESSAGE][INFO] - Checking timeout

2021-11-12 17:16:38 - [MESSAGE][INFO] - Finding web element with id: 'Object Repository/Sayfalar/Giris_Sayfasi/RetveTamam_Butonu' located by 'By.xpath: //*[@class = 'btn btn-default']' in '5' second(s)

2021-11-12 17:16:38 - [MESSAGE][INFO] - Smart Wait Function is triggered

2021-11-12 17:16:38 - [MESSAGE][INFO] - Found 1 web elements with id: 'Object Repository/Sayfalar/Giris_Sayfasi/RetveTamam_Butonu' located by 'By.xpath: //*[@class = 'btn btn-default']' in '5' second(s)

2021-11-12 17:16:38 - [MESSAGE][PASSED] - Object 'Object Repository/Sayfalar/Giris_Sayfasi/RetveTamam_Butonu' is present

2021-11-12 17:16:38 - [TEST_STEP][PASSED] - click(findTestObject("Object Repository/Sayfalar/Giris_Sayfasi/RetveTamam_Butonu")): Object: 'Object Repository/Sayfalar/Giris_Sayfasi/RetveTamam_Butonu' is clicked on

2021-11-12 17:16:38 - [MESSAGE][INFO] - Finding Test Object 'Object Repository/Sayfalar/Giris_Sayfasi/RetveTamam_Butonu'

2021-11-12 17:16:39 - [MESSAGE][INFO] - Checking object

2021-11-12 17:16:39 - [MESSAGE][INFO] - Finding web element from Test Object's properties

2021-11-12 17:16:39 - [MESSAGE][INFO] - Checking timeout

2021-11-12 17:16:39 - [MESSAGE][INFO] - Finding web element with id: 'Object Repository/Sayfalar/Giris_Sayfasi/RetveTamam_Butonu' located by 'By.xpath: //*[@class = 'btn btn-default']' in '30' second(s)

2021-11-12 17:16:39 - [MESSAGE][INFO] - Smart Wait Function is triggered

2021-11-12 17:16:39 - [MESSAGE][INFO] - Found 1 web elements with id: 'Object Repository/Sayfalar/Giris_Sayfasi/RetveTamam_Butonu' located by 'By.xpath: //*[@class = 'btn btn-default']' in '30' second(s)

2021-11-12 17:16:39 - [MESSAGE][INFO] - Clicking on object: 'Object Repository/Sayfalar/Giris_Sayfasi/RetveTamam_Butonu'

2021-11-12 17:16:39 - [MESSAGE][PASSED] - Object: 'Object Repository/Sayfalar/Giris_Sayfasi/RetveTamam_Butonu' is clicked on

2021-11-12 17:16:39 - [TEST_STEP][PASSED] - click(findTestObject("Object Repository/Sayfalar/Giris_Sayfasi/RetveTamam_Butonu")): Object: 'Object Repository/Sayfalar/Giris_Sayfasi/RetveTamam_Butonu' is clicked on

2021-11-12 17:16:39 - [MESSAGE][INFO] - Finding Test Object 'Object Repository/Sayfalar/Giris_Sayfasi/RetveTamam_Butonu'

2021-11-12 17:16:39 - [MESSAGE][INFO] - Checking object

2021-11-12 17:16:39 - [MESSAGE][INFO] - Finding web element from Test Object's properties

2021-11-12 17:16:39 - [MESSAGE][INFO] - Checking timeout

2021-11-12 17:16:39 - [MESSAGE][INFO] - Finding web element with id: 'Object Repository/Sayfalar/Giris_Sayfasi/RetveTamam_Butonu' located by 'By.xpath: //*[@class = 'btn btn-default']' in '30' second(s)

2021-11-12 17:16:39 - [MESSAGE][INFO] - Smart Wait Function is triggered

2021-11-12 17:16:42 - [MESSAGE][INFO] - Found 1 web elements with id: 'Object Repository/Sayfalar/Giris_Sayfasi/RetveTamam_Butonu' located by 'By.xpath: //*[@class = 'btn btn-default']' in '30' second(s)

2021-11-12 17:16:42 - [MESSAGE][INFO] - Clicking on object: 'Object Repository/Sayfalar/Giris_Sayfasi/RetveTamam_Butonu'

2021-11-12 17:16:42 - [MESSAGE][PASSED] - Object: 'Object Repository/Sayfalar/Giris_Sayfasi/RetveTamam_Butonu' is clicked on

2021-11-12 17:16:42 - [TEST_STEP][PASSED] - if (verifyElementPresent(findTestObject("Sayfalar/Giris_Sayfasi/PopupOK"), 5, OPTIONAL)): null

2021-11-12 17:16:42 - [MESSAGE][INFO] - Finding Test Object 'Object Repository/Sayfalar/Giris_Sayfasi/PopupOK'

2021-11-12 17:16:42 - [MESSAGE][INFO] - Checking object

2021-11-12 17:16:42 - [MESSAGE][INFO] - Finding web element from Test Object's properties

2021-11-12 17:16:42 - [MESSAGE][INFO] - Checking timeout

2021-11-12 17:16:42 - [MESSAGE][INFO] - Finding web element with id: 'Object Repository/Sayfalar/Giris_Sayfasi/PopupOK' located by 'By.cssSelector: .btn.btn-success' in '5' second(s)

2021-11-12 17:16:42 - [MESSAGE][INFO] - Smart Wait Function is triggered

2021-11-12 17:16:43 - [MESSAGE][INFO] - Found 1 web elements with id: 'Object Repository/Sayfalar/Giris_Sayfasi/PopupOK' located by 'By.cssSelector: .btn.btn-success' in '5' second(s)

2021-11-12 17:16:43 - [MESSAGE][PASSED] - Object 'Object Repository/Sayfalar/Giris_Sayfasi/PopupOK' is present

2021-11-12 17:16:43 - [TEST_STEP][PASSED] - click(findTestObject("Object Repository/Sayfalar/Giris_Sayfasi/PopupCarpiGiris")): Object: 'Object Repository/Sayfalar/Giris_Sayfasi/PopupCarpiGiris' is clicked on

2021-11-12 17:16:43 - [MESSAGE][INFO] - Finding Test Object 'Object Repository/Sayfalar/Giris_Sayfasi/PopupCarpiGiris'

2021-11-12 17:16:43 - [MESSAGE][INFO] - Checking object

2021-11-12 17:16:43 - [MESSAGE][INFO] - Finding web element from Test Object's properties

2021-11-12 17:16:43 - [MESSAGE][INFO] - Checking timeout

2021-11-12 17:16:43 - [MESSAGE][INFO] - Finding web element with id: 'Object Repository/Sayfalar/Giris_Sayfasi/PopupCarpiGiris' located by 'By.cssSelector: .bootbox-close-button.close' in '30' second(s)

2021-11-12 17:16:43 - [MESSAGE][INFO] - Smart Wait Function is triggered

2021-11-12 17:16:43 - [MESSAGE][INFO] - Found 1 web elements with id: 'Object Repository/Sayfalar/Giris_Sayfasi/PopupCarpiGiris' located by 'By.cssSelector: .bootbox-close-button.close' in '30' second(s)

2021-11-12 17:16:43 - [MESSAGE][INFO] - Clicking on object: 'Object Repository/Sayfalar/Giris_Sayfasi/PopupCarpiGiris'

2021-11-12 17:16:43 - [MESSAGE][PASSED] - Object: 'Object Repository/Sayfalar/Giris_Sayfasi/PopupCarpiGiris' is clicked on

2021-11-12 17:16:43 - [TEST_STEP][PASSED] - verifyElementVisible(findTestObject("Object Repository/Kullanici_Islemleri/KullaniciIslemleri")): Object 'Object Repository/Kullanici_Islemleri/KullaniciIslemleri' is visible

2021-11-12 17:16:43 - [MESSAGE][INFO] - Finding Test Object 'Object Repository/Kullanici_Islemleri/KullaniciIslemleri'

2021-11-12 17:16:43 - [MESSAGE][INFO] - Checking object

2021-11-12 17:16:43 - [MESSAGE][INFO] - Finding web element from Test Object's properties

2021-11-12 17:16:43 - [MESSAGE][INFO] - Checking timeout

2021-11-12 17:16:43 - [MESSAGE][INFO] - Finding web element with id: 'Object Repository/Kullanici_Islemleri/KullaniciIslemleri' located by 'By.cssSelector: .dropdown>a>img' in '30' second(s)

2021-11-12 17:16:43 - [MESSAGE][INFO] - Smart Wait Function is triggered

2021-11-12 17:16:44 - [MESSAGE][INFO] - Found 1 web elements with id: 'Object Repository/Kullanici_Islemleri/KullaniciIslemleri' located by 'By.cssSelector: .dropdown>a>img' in '30' second(s)

2021-11-12 17:16:44 - [MESSAGE][PASSED] - Object 'Object Repository/Kullanici_Islemleri/KullaniciIslemleri' is visible

2021-11-12 17:16:44 - [MESSAGE][PASSED] - Call Test Case 'Test Cases/Sayfalar/Giris_Sayfasi/Login' successfully

2021-11-12 17:16:44 - [MESSAGE][INFO] - Checking called Test Case

2021-11-12 17:16:44 - [MESSAGE][INFO] - Starting to call Test Case 'Test Cases/Menu/AnaMenuSecimi'

2021-11-12 17:16:44 - [TEST_CASE][PASSED] - Test Cases/Menu/AnaMenuSecimi: Test Cases/Menu/AnaMenuSecimi

2021-11-12 17:16:44 - [TEST_STEP][PASSED] - Method.TextDegerineEsitElementeTikla(findTestObject("Menu/Ana_Menu"), Ana_Menu): Method.TextDegerineEsitElementeTikla is PASSED

2021-11-12 17:16:44 - [MESSAGE][INFO] - Finding Test Object 'Object Repository/Menu/Ana_Menu'

2021-11-12 17:16:44 - [MESSAGE][INFO] - Checking timeout

2021-11-12 17:16:44 - [MESSAGE][INFO] - Finding web element with id: 'Object Repository/Menu/Ana_Menu' located by 'By.xpath: //*[@class = 'dropdown-toggle']' in '10' second(s)

2021-11-12 17:16:44 - [MESSAGE][INFO] - Smart Wait Function is triggered

2021-11-12 17:16:44 - [MESSAGE][INFO] - Found 14 web elements with id: 'Object Repository/Menu/Ana_Menu' located by 'By.xpath: //*[@class = 'dropdown-toggle']' in '10' second(s)

2021-11-12 17:16:44 - [MESSAGE][PASSED] - Method.TextDegerineEsitElementeTikla is PASSED

2021-11-12 17:16:44 - [MESSAGE][PASSED] - Call Test Case 'Test Cases/Menu/AnaMenuSecimi' successfully

2021-11-12 17:16:44 - [MESSAGE][INFO] - Checking called Test Case

2021-11-12 17:16:44 - [MESSAGE][INFO] - Starting to call Test Case 'Test Cases/Menu/BasligaGoreAltMenuSecimi'

2021-11-12 17:16:44 - [TEST_CASE][PASSED] - Test Cases/Menu/BasligaGoreAltMenuSecimi: Test Cases/Menu/BasligaGoreAltMenuSecimi

2021-11-12 17:16:44 - [TEST_STEP][PASSED] - Method.TextDegerineEsitElementinAltindakiTextDegerineEsitOlanaTikla(findTestObject("Menu/Menu_Basligi"), findTestObject("Menu/Basliga_Gore_Alt_Menu"), Baslik, Alt_Menu): Method.TextDegerineEsitElementinAltindakiTextDegerineEsitOlanaTikla is PASSED

2021-11-12 17:16:44 - [MESSAGE][INFO] - Finding Test Object 'Object Repository/Menu/Menu_Basligi'

2021-11-12 17:16:45 - [MESSAGE][INFO] - Finding Test Object 'Object Repository/Menu/Basliga_Gore_Alt_Menu'

2021-11-12 17:16:45 - [MESSAGE][INFO] - Checking timeout

2021-11-12 17:16:45 - [MESSAGE][INFO] - Finding web element with id: 'Object Repository/Menu/Menu_Basligi' located by 'By.xpath: //li[@class='dropdown dropdown-large open']//li[@class='dropdown-header']' in '10' second(s)

2021-11-12 17:16:45 - [MESSAGE][INFO] - Smart Wait Function is triggered

2021-11-12 17:16:45 - [MESSAGE][INFO] - Found 2 web elements with id: 'Object Repository/Menu/Menu_Basligi' located by 'By.xpath: //li[@class='dropdown dropdown-large open']//li[@class='dropdown-header']' in '10' second(s)

2021-11-12 17:16:45 - [MESSAGE][INFO] - Smart Wait Function is triggered

2021-11-12 17:16:53 - [MESSAGE][PASSED] - Method.TextDegerineEsitElementinAltindakiTextDegerineEsitOlanaTikla is PASSED

2021-11-12 17:16:53 - [MESSAGE][PASSED] - Call Test Case 'Test Cases/Menu/BasligaGoreAltMenuSecimi' successfully

2021-11-12 17:16:53 - [MESSAGE][INFO] - Checking called Test Case

2021-11-12 17:16:53 - [MESSAGE][INFO] - Starting to call Test Case 'Test Cases/Filtreler/TumHesaplar'

2021-11-12 17:16:53 - [TEST_CASE][PASSED] - Test Cases/Filtreler/TumHesaplar: Test Cases/Filtreler/TumHesaplar

2021-11-12 17:16:53 - [TEST_STEP][PASSED] - waitForElementClickable(findTestObject("Filtreler/TumHesaplar"), 10): Object 'Object Repository/Filtreler/TumHesaplar' is clickable

2021-11-12 17:16:53 - [MESSAGE][INFO] - Finding Test Object 'Object Repository/Filtreler/TumHesaplar'

2021-11-12 17:16:54 - [MESSAGE][INFO] - Checking object

2021-11-12 17:16:54 - [MESSAGE][INFO] - Checking timeout

2021-11-12 17:16:54 - [MESSAGE][INFO] - Finding web element from Test Object's properties

2021-11-12 17:16:54 - [MESSAGE][INFO] - Checking timeout

2021-11-12 17:16:54 - [MESSAGE][INFO] - Finding web element with id: 'Object Repository/Filtreler/TumHesaplar' located by 'By.xpath: //*[@id = 'checkboxGetGroupAccount_S_D']' in '10' second(s)

2021-11-12 17:16:54 - [MESSAGE][INFO] - Smart Wait Function is triggered

2021-11-12 17:16:54 - [MESSAGE][INFO] - Found 1 web elements with id: 'Object Repository/Filtreler/TumHesaplar' located by 'By.xpath: //*[@id = 'checkboxGetGroupAccount_S_D']' in '10' second(s)

2021-11-12 17:16:54 - [MESSAGE][PASSED] - Object 'Object Repository/Filtreler/TumHesaplar' is clickable

2021-11-12 17:16:54 - [TEST_STEP][PASSED] - click(findTestObject("Filtreler/TumHesaplar")): Object: 'Object Repository/Filtreler/TumHesaplar' is clicked on

2021-11-12 17:16:54 - [MESSAGE][INFO] - Finding Test Object 'Object Repository/Filtreler/TumHesaplar'

2021-11-12 17:16:54 - [MESSAGE][INFO] - Checking object

2021-11-12 17:16:54 - [MESSAGE][INFO] - Finding web element from Test Object's properties

2021-11-12 17:16:54 - [MESSAGE][INFO] - Checking timeout

2021-11-12 17:16:54 - [MESSAGE][INFO] - Finding web element with id: 'Object Repository/Filtreler/TumHesaplar' located by 'By.xpath: //*[@id = 'checkboxGetGroupAccount_S_D']' in '30' second(s)

2021-11-12 17:16:54 - [MESSAGE][INFO] - Smart Wait Function is triggered

2021-11-12 17:16:54 - [MESSAGE][INFO] - Found 1 web elements with id: 'Object Repository/Filtreler/TumHesaplar' located by 'By.xpath: //*[@id = 'checkboxGetGroupAccount_S_D']' in '30' second(s)

2021-11-12 17:16:54 - [MESSAGE][INFO] - Clicking on object: 'Object Repository/Filtreler/TumHesaplar'

2021-11-12 17:16:54 - [MESSAGE][PASSED] - Object: 'Object Repository/Filtreler/TumHesaplar' is clicked on

2021-11-12 17:16:54 - [MESSAGE][PASSED] - Call Test Case 'Test Cases/Filtreler/TumHesaplar' successfully

2021-11-12 17:16:54 - [MESSAGE][INFO] - Checking called Test Case

2021-11-12 17:16:54 - [MESSAGE][INFO] - Starting to call Test Case 'Test Cases/Filtreler/ButonaTikla'

2021-11-12 17:16:54 - [TEST_CASE][PASSED] - Test Cases/Filtreler/ButonaTikla: Test Cases/Filtreler/ButonaTikla

2021-11-12 17:16:54 - [TEST_STEP][PASSED] - Method.TextDegerineEsitElementeTikla(findTestObject("Filtreler/Butonlar"), Filtre_Buton): Method.TextDegerineEsitElementeTikla is PASSED

2021-11-12 17:16:54 - [MESSAGE][INFO] - Finding Test Object 'Object Repository/Filtreler/Butonlar'

2021-11-12 17:16:54 - [MESSAGE][INFO] - Checking timeout

2021-11-12 17:16:54 - [MESSAGE][INFO] - Finding web element with id: 'Object Repository/Filtreler/Butonlar' located by 'By.cssSelector: .dxb>span' in '10' second(s)

2021-11-12 17:16:54 - [MESSAGE][INFO] - Smart Wait Function is triggered

2021-11-12 17:16:55 - [MESSAGE][INFO] - Found 3 web elements with id: 'Object Repository/Filtreler/Butonlar' located by 'By.cssSelector: .dxb>span' in '10' second(s)

2021-11-12 17:16:55 - [MESSAGE][PASSED] - Method.TextDegerineEsitElementeTikla is PASSED

2021-11-12 17:16:55 - [MESSAGE][PASSED] - Call Test Case 'Test Cases/Filtreler/ButonaTikla' successfully

2021-11-12 17:16:55 - [MESSAGE][INFO] - Checking called Test Case

2021-11-12 17:16:55 - [MESSAGE][INFO] - Starting to call Test Case 'Test Cases/Tablo/TablodaVeriVarMi'

2021-11-12 17:16:55 - [TEST_CASE][PASSED] - Test Cases/Tablo/TablodaVeriVarMi: Test Cases/Tablo/TablodaVeriVarMi

2021-11-12 17:16:55 - [TEST_STEP][PASSED] - verifyTextNotPresent("Görüntülenecek veri yok", true): Text 'Görüntülenecek veri yok' is not present on page using regular expression

2021-11-12 17:16:55 - [MESSAGE][INFO] - Checking text present  using regular expression

2021-11-12 17:16:55 - [MESSAGE][INFO] - Smart Wait Function is triggered

2021-11-12 17:16:58 - [MESSAGE][INFO] - Finding text 'Görüntülenecek veri yok' on page  using regular expression

2021-11-12 17:16:58 - [MESSAGE][PASSED] - Text 'Görüntülenecek veri yok' is not present on page using regular expression

2021-11-12 17:16:58 - [MESSAGE][PASSED] - Call Test Case 'Test Cases/Tablo/TablodaVeriVarMi' successfully

2021-11-12 17:16:58 - [MESSAGE][INFO] - Checking called Test Case

2021-11-12 17:16:58 - [MESSAGE][INFO] - Starting to call Test Case 'Test Cases/Kullanici_Islemleri/KullaniciIslemlerindenSecimYapilir'

2021-11-12 17:16:58 - [TEST_CASE][PASSED] - Test Cases/Kullanici_Islemleri/KullaniciIslemlerindenSecimYapilir: Test Cases/Kullanici_Islemleri/KullaniciIslemlerindenSecimYapilir

2021-11-12 17:16:58 - [TEST_STEP][PASSED] - waitForElementClickable(findTestObject("Object Repository/Kullanici_Islemleri/KullaniciIslemleri"), 10): Object 'Object Repository/Kullanici_Islemleri/KullaniciIslemleri' is clickable

2021-11-12 17:16:58 - [MESSAGE][INFO] - Finding Test Object 'Object Repository/Kullanici_Islemleri/KullaniciIslemleri'

2021-11-12 17:16:58 - [MESSAGE][INFO] - Checking object

2021-11-12 17:16:58 - [MESSAGE][INFO] - Checking timeout

2021-11-12 17:16:58 - [MESSAGE][INFO] - Finding web element from Test Object's properties

2021-11-12 17:16:58 - [MESSAGE][INFO] - Checking timeout

2021-11-12 17:16:58 - [MESSAGE][INFO] - Finding web element with id: 'Object Repository/Kullanici_Islemleri/KullaniciIslemleri' located by 'By.cssSelector: .dropdown>a>img' in '10' second(s)

2021-11-12 17:16:58 - [MESSAGE][INFO] - Smart Wait Function is triggered

2021-11-12 17:16:59 - [MESSAGE][INFO] - Found 1 web elements with id: 'Object Repository/Kullanici_Islemleri/KullaniciIslemleri' located by 'By.cssSelector: .dropdown>a>img' in '10' second(s)

2021-11-12 17:16:59 - [MESSAGE][PASSED] - Object 'Object Repository/Kullanici_Islemleri/KullaniciIslemleri' is clickable

2021-11-12 17:16:59 - [TEST_STEP][PASSED] - click(findTestObject("Object Repository/Kullanici_Islemleri/KullaniciIslemleri")): Object: 'Object Repository/Kullanici_Islemleri/KullaniciIslemleri' is clicked on

2021-11-12 17:16:59 - [MESSAGE][INFO] - Finding Test Object 'Object Repository/Kullanici_Islemleri/KullaniciIslemleri'

2021-11-12 17:16:59 - [MESSAGE][INFO] - Checking object

2021-11-12 17:16:59 - [MESSAGE][INFO] - Finding web element from Test Object's properties

2021-11-12 17:16:59 - [MESSAGE][INFO] - Checking timeout

2021-11-12 17:16:59 - [MESSAGE][INFO] - Finding web element with id: 'Object Repository/Kullanici_Islemleri/KullaniciIslemleri' located by 'By.cssSelector: .dropdown>a>img' in '30' second(s)

2021-11-12 17:16:59 - [MESSAGE][INFO] - Smart Wait Function is triggered

2021-11-12 17:16:59 - [MESSAGE][INFO] - Found 1 web elements with id: 'Object Repository/Kullanici_Islemleri/KullaniciIslemleri' located by 'By.cssSelector: .dropdown>a>img' in '30' second(s)

2021-11-12 17:16:59 - [MESSAGE][INFO] - Clicking on object: 'Object Repository/Kullanici_Islemleri/KullaniciIslemleri'

2021-11-12 17:16:59 - [MESSAGE][PASSED] - Object: 'Object Repository/Kullanici_Islemleri/KullaniciIslemleri' is clicked on

2021-11-12 17:16:59 - [TEST_STEP][PASSED] - Method.TextDegerineEsitElementeTikla(findTestObject("Object Repository/Kullanici_Islemleri/Secenekler"), Islem): Method.TextDegerineEsitElementeTikla is PASSED

2021-11-12 17:16:59 - [MESSAGE][INFO] - Finding Test Object 'Object Repository/Kullanici_Islemleri/Secenekler'

2021-11-12 17:16:59 - [MESSAGE][INFO] - Checking timeout

2021-11-12 17:16:59 - [MESSAGE][INFO] - Finding web element with id: 'Object Repository/Kullanici_Islemleri/Secenekler' located by 'By.cssSelector: .nav.navbar-nav.navbar-right li a' in '10' second(s)

2021-11-12 17:16:59 - [MESSAGE][INFO] - Smart Wait Function is triggered

2021-11-12 17:16:59 - [MESSAGE][INFO] - Found 22 web elements with id: 'Object Repository/Kullanici_Islemleri/Secenekler' located by 'By.cssSelector: .nav.navbar-nav.navbar-right li a' in '10' second(s)

2021-11-12 17:17:01 - [MESSAGE][PASSED] - Method.TextDegerineEsitElementeTikla is PASSED

2021-11-12 17:17:01 - [TEST_STEP][PASSED] - verifyElementNotPresent(findTestObject("Object Repository/Kullanici_Islemleri/Secenekler"), 10): Web element with id: 'Object Repository/Kullanici_Islemleri/Secenekler' located by 'By.cssSelector: .nav.navbar-nav.navbar-right li a' is not present after '10' second(s)

2021-11-12 17:17:01 - [MESSAGE][INFO] - Finding Test Object 'Object Repository/Kullanici_Islemleri/Secenekler'

2021-11-12 17:17:01 - [MESSAGE][INFO] - Checking object

2021-11-12 17:17:01 - [MESSAGE][INFO] - Checking timeout

2021-11-12 17:17:01 - [MESSAGE][INFO] - Finding web element with id: 'Object Repository/Kullanici_Islemleri/Secenekler' located by 'By.cssSelector: .nav.navbar-nav.navbar-right li a' in '10' second(s)

2021-11-12 17:17:01 - [MESSAGE][INFO] - Smart Wait Function is triggered

2021-11-12 17:17:02 - [MESSAGE][PASSED] - Web element with id: 'Object Repository/Kullanici_Islemleri/Secenekler' located by 'By.cssSelector: .nav.navbar-nav.navbar-right li a' is not present after '10' second(s)

2021-11-12 17:17:02 - [MESSAGE][PASSED] - Call Test Case 'Test Cases/Kullanici_Islemleri/KullaniciIslemlerindenSecimYapilir' successfully

2021-11-12 17:17:02 - [TEST_CASE][PASSED] - Start Test Case : SCENARIO e-Arsiv Faturalari Tum Hesaplar Butonu Kontrolu: SCENARIO e-Arsiv Faturalari Tum Hesaplar Butonu Kontrolu

2021-11-12 17:17:02 - [TEST_STEP][PASSED] - Kullanıcı adı ELOGO6 ve Şifre 123456 olarak giriş yapılır: Kullanıcı adı ELOGO6 ve Şifre 123456 olarak giriş yapılır

2021-11-12 17:17:02 - [MESSAGE][PASSED] - Kullanıcı adı ELOGO6 ve Şifre 123456 olarak giriş yapılır

2021-11-12 17:17:02 - [TEST_STEP][PASSED] - Ana menüden e-Arşiv seçilir: Ana menüden e-Arşiv seçilir

2021-11-12 17:17:02 - [MESSAGE][PASSED] - Ana menüden e-Arşiv seçilir

2021-11-12 17:17:02 - [TEST_STEP][PASSED] - Alt menü e-Arşiv Hareketleri başlığı altındaki e-Arşiv Faturaları seçilir: Alt menü e-Arşiv Hareketleri başlığı altındaki e-Arşiv Faturaları seçilir

2021-11-12 17:17:02 - [MESSAGE][PASSED] - Alt menü e-Arşiv Hareketleri başlığı altındaki e-Arşiv Faturaları seçilir

2021-11-12 17:17:02 - [TEST_STEP][PASSED] - Filtre butonlarından Tüm Hesaplar butonuna tıklanır: Filtre butonlarından Tüm Hesaplar butonuna tıklanır

2021-11-12 17:17:02 - [MESSAGE][PASSED] - Filtre butonlarından Tüm Hesaplar butonuna tıklanır

2021-11-12 17:17:02 - [TEST_STEP][PASSED] - Filtre butonlarından Listele seçilir: Filtre butonlarından Listele seçilir

2021-11-12 17:17:02 - [MESSAGE][PASSED] - Filtre butonlarından Listele seçilir

2021-11-12 17:17:02 - [TEST_STEP][PASSED] - Tabloda veri var mı kontrol edilir: Tabloda veri var mı kontrol edilir

2021-11-12 17:17:02 - [MESSAGE][PASSED] - Tabloda veri var mı kontrol edilir

2021-11-12 17:17:02 - [TEST_STEP][PASSED] - Kullanıcı işlemlerinden Çıkış seçilir: Kullanıcı işlemlerinden Çıkış seçilir

2021-11-12 17:17:02 - [MESSAGE][PASSED] - Kullanıcı işlemlerinden Çıkış seçilir

2021-11-12 17:17:02 - [MESSAGE][PASSED] - Feature file: 'Include/features/e-Arsiv/e-Arsiv Hareketleri/e-Arsiv Faturalari/Tum Hesaplar Kontrolu.feature' was passed

2021-11-12 17:17:02 - [TEST_STEP][PASSED] - Start listener action : sampleAfterTestSuite: Invoke 'com.kms.katalon.core.annotation.AfterTestCase' method: 'Listener.sampleAfterTestSuite(...)' completed.

2021-11-12 17:17:02 - [MESSAGE][INFO] - Starting invoke 'com.kms.katalon.core.annotation.AfterTestCase' method: 'Listener.sampleAfterTestSuite(...)'

2021-11-12 17:17:02 - [TEST_STEP][PASSED] - closeBrowser(): Invoke 'com.kms.katalon.core.annotation.AfterTestCase' method: 'Listener.sampleAfterTestSuite(...)' completed.

2021-11-12 17:17:02 - [MESSAGE][INFO] - Closing browser

2021-11-12 17:17:02 - [MESSAGE][PASSED] - Browser is closed

2021-11-12 17:17:02 - [MESSAGE][INFO] - Invoke 'com.kms.katalon.core.annotation.AfterTestCase' method: 'Listener.sampleAfterTestSuite(...)' completed.]]></system-out>
         <system-err><![CDATA[]]></system-err>
      </testcase>
      <testcase name="Test Cases/Case Repository/e-Arsiv/e-Arsiv Hareketleri/e-Arsiv Faturalari/UBL" time="73.318" classname="Test Cases/Case Repository/e-Arsiv/e-Arsiv Hareketleri/e-Arsiv Faturalari/UBL" status="PASSED">
         <system-out><![CDATA[2021-11-12 17:17:02 - [TEST_CASE][PASSED] - Test Cases/Case Repository/e-Arsiv/e-Arsiv Hareketleri/e-Arsiv Faturalari/UBL: Test Cases/Case Repository/e-Arsiv/e-Arsiv Hareketleri/e-Arsiv Faturalari/UBL

2021-11-12 17:17:02 - [TEST_STEP][PASSED] - Start listener action : sampleBeforeTestSuite: Invoke 'com.kms.katalon.core.annotation.BeforeTestCase' method: 'Listener.sampleBeforeTestSuite(...)' completed.

2021-11-12 17:17:02 - [MESSAGE][INFO] - Starting invoke 'com.kms.katalon.core.annotation.BeforeTestCase' method: 'Listener.sampleBeforeTestSuite(...)'

2021-11-12 17:17:02 - [TEST_STEP][PASSED] - openBrowser(baseUrl): Browser is opened with url: 'https://efatura-stage.elogo.com.tr/'

2021-11-12 17:17:02 - [MESSAGE][INFO] - Opening browser

2021-11-12 17:17:02 - [MESSAGE][INFO] - Starting 'Chrome' driver

2021-11-12 17:17:02 - [MESSAGE][INFO] - User set preference: ['prefs', '{download.default_directory=C:\otomasyondownfiles}']

2021-11-12 17:17:02 - [MESSAGE][INFO] - Action delay is set to 0 milliseconds

2021-11-12 17:17:04 - [MESSAGE][INFO] - Navigating browser to: 'https://efatura-stage.elogo.com.tr/'

2021-11-12 17:17:20 - [MESSAGE][PASSED] - Browser is opened with url: 'https://efatura-stage.elogo.com.tr/'

2021-11-12 17:17:20 - [TEST_STEP][PASSED] - maximizeWindow(): Invoke 'com.kms.katalon.core.annotation.BeforeTestCase' method: 'Listener.sampleBeforeTestSuite(...)' completed.

2021-11-12 17:17:20 - [MESSAGE][INFO] - Maximizing current window

2021-11-12 17:17:20 - [MESSAGE][PASSED] - Current window maximized

2021-11-12 17:17:20 - [MESSAGE][INFO] - Invoke 'com.kms.katalon.core.annotation.BeforeTestCase' method: 'Listener.sampleBeforeTestSuite(...)' completed.

2021-11-12 17:17:20 - [TEST_STEP][PASSED] - runFeatureFile("Include/features/e-Arsiv/e-Arsiv Hareketleri/e-Arsiv Faturalari/UBL.feature"): Feature file: 'Include/features/e-Arsiv/e-Arsiv Hareketleri/e-Arsiv Faturalari/UBL.feature' was passed

2021-11-12 17:17:20 - [MESSAGE][INFO] - Starting run keyword runFeatureFile: 'Include/features/e-Arsiv/e-Arsiv Hareketleri/e-Arsiv Faturalari/UBL.feature' and extract report to folder: 'C:\Users\DELL\Documents\GitHub\EES_KatalonLogo\Reports\20211112_170311\Suite Repository\e-Arsiv\20211112_170317/cucumber_report/1636726640665'...

2021-11-12 17:17:20 - [MESSAGE][INFO] - Glue: []

2021-11-12 17:17:22 - [MESSAGE][INFO] - Checking called Test Case

2021-11-12 17:17:22 - [MESSAGE][INFO] - Starting to call Test Case 'Test Cases/Sayfalar/Giris_Sayfasi/Login'

2021-11-12 17:17:22 - [TEST_CASE][PASSED] - Test Cases/Sayfalar/Giris_Sayfasi/Login: Test Cases/Sayfalar/Giris_Sayfasi/Login

2021-11-12 17:17:22 - [TEST_STEP][PASSED] - Sayfa_Basligi = getWindowTitle(): Current window's title is: 'LOGO e-Fatura'

2021-11-12 17:17:22 - [MESSAGE][INFO] - Getting current window's title

2021-11-12 17:17:22 - [MESSAGE][PASSED] - Current window's title is: 'LOGO e-Fatura'

2021-11-12 17:17:22 - [TEST_STEP][PASSED] - verifyMatch(Sayfa_Basligi, "LOGO e-Fatura", false): Actual text 'LOGO e-Fatura' and expected text 'LOGO e-Fatura' are matched 

2021-11-12 17:17:22 - [MESSAGE][INFO] - Matching actual text 'LOGO e-Fatura' with expected text 'LOGO e-Fatura'

2021-11-12 17:17:22 - [MESSAGE][PASSED] - Actual text 'LOGO e-Fatura' and expected text 'LOGO e-Fatura' are matched 

2021-11-12 17:17:22 - [TEST_STEP][PASSED] - sendKeys(findTestObject("Sayfalar/Giris_Sayfasi/Firma_Kodu"), KullaniciAdi): Keys 'ELOGO6' sent to object: 'Object Repository/Sayfalar/Giris_Sayfasi/Firma_Kodu'

2021-11-12 17:17:22 - [MESSAGE][INFO] - Finding Test Object 'Object Repository/Sayfalar/Giris_Sayfasi/Firma_Kodu'

2021-11-12 17:17:22 - [MESSAGE][INFO] - Sending keys 'ELOGO6' to object: 'Object Repository/Sayfalar/Giris_Sayfasi/Firma_Kodu'

2021-11-12 17:17:22 - [MESSAGE][INFO] - Finding web element from Test Object's properties

2021-11-12 17:17:22 - [MESSAGE][INFO] - Checking timeout

2021-11-12 17:17:22 - [MESSAGE][INFO] - Finding web element with id: 'Object Repository/Sayfalar/Giris_Sayfasi/Firma_Kodu' located by 'By.xpath: //*[@id = 'AccountName']' in '30' second(s)

2021-11-12 17:17:22 - [MESSAGE][INFO] - Smart Wait Function is triggered

2021-11-12 17:17:22 - [MESSAGE][INFO] - Found 1 web elements with id: 'Object Repository/Sayfalar/Giris_Sayfasi/Firma_Kodu' located by 'By.xpath: //*[@id = 'AccountName']' in '30' second(s)

2021-11-12 17:17:22 - [MESSAGE][PASSED] - Keys 'ELOGO6' sent to object: 'Object Repository/Sayfalar/Giris_Sayfasi/Firma_Kodu'

2021-11-12 17:17:22 - [TEST_STEP][PASSED] - sendKeys(findTestObject("Sayfalar/Giris_Sayfasi/Sifre"), Sifre): Keys '123456' sent to object: 'Object Repository/Sayfalar/Giris_Sayfasi/Sifre'

2021-11-12 17:17:22 - [MESSAGE][INFO] - Finding Test Object 'Object Repository/Sayfalar/Giris_Sayfasi/Sifre'

2021-11-12 17:17:22 - [MESSAGE][INFO] - Sending keys '123456' to object: 'Object Repository/Sayfalar/Giris_Sayfasi/Sifre'

2021-11-12 17:17:22 - [MESSAGE][INFO] - Finding web element from Test Object's properties

2021-11-12 17:17:22 - [MESSAGE][INFO] - Checking timeout

2021-11-12 17:17:22 - [MESSAGE][INFO] - Finding web element with id: 'Object Repository/Sayfalar/Giris_Sayfasi/Sifre' located by 'By.xpath: //*[@id = 'Password']' in '30' second(s)

2021-11-12 17:17:22 - [MESSAGE][INFO] - Smart Wait Function is triggered

2021-11-12 17:17:22 - [MESSAGE][INFO] - Found 1 web elements with id: 'Object Repository/Sayfalar/Giris_Sayfasi/Sifre' located by 'By.xpath: //*[@id = 'Password']' in '30' second(s)

2021-11-12 17:17:22 - [MESSAGE][PASSED] - Keys '123456' sent to object: 'Object Repository/Sayfalar/Giris_Sayfasi/Sifre'

2021-11-12 17:17:22 - [TEST_STEP][PASSED] - findWebElement(findTestObject("Sayfalar/Giris_Sayfasi/Giris_Butonu")).click(): Found 1 web elements with id: 'Object Repository/Sayfalar/Giris_Sayfasi/Giris_Butonu' located by 'By.cssSelector: #btnLogin' in '30' second(s)

2021-11-12 17:17:22 - [MESSAGE][INFO] - Finding Test Object 'Object Repository/Sayfalar/Giris_Sayfasi/Giris_Butonu'

2021-11-12 17:17:23 - [MESSAGE][INFO] - Finding web element from Test Object's properties

2021-11-12 17:17:23 - [MESSAGE][INFO] - Checking timeout

2021-11-12 17:17:23 - [MESSAGE][INFO] - Finding web element with id: 'Object Repository/Sayfalar/Giris_Sayfasi/Giris_Butonu' located by 'By.cssSelector: #btnLogin' in '30' second(s)

2021-11-12 17:17:23 - [MESSAGE][INFO] - Smart Wait Function is triggered

2021-11-12 17:17:23 - [MESSAGE][INFO] - Found 1 web elements with id: 'Object Repository/Sayfalar/Giris_Sayfasi/Giris_Butonu' located by 'By.cssSelector: #btnLogin' in '30' second(s)

2021-11-12 17:17:31 - [TEST_STEP][PASSED] - if (verifyElementPresent(findTestObject("Object Repository/Sayfalar/Giris_Sayfasi/RetveTamam_Butonu"), 5, OPTIONAL)): null

2021-11-12 17:17:31 - [MESSAGE][INFO] - Finding Test Object 'Object Repository/Sayfalar/Giris_Sayfasi/RetveTamam_Butonu'

2021-11-12 17:17:31 - [MESSAGE][INFO] - Checking object

2021-11-12 17:17:31 - [MESSAGE][INFO] - Finding web element from Test Object's properties

2021-11-12 17:17:31 - [MESSAGE][INFO] - Checking timeout

2021-11-12 17:17:31 - [MESSAGE][INFO] - Finding web element with id: 'Object Repository/Sayfalar/Giris_Sayfasi/RetveTamam_Butonu' located by 'By.xpath: //*[@class = 'btn btn-default']' in '5' second(s)

2021-11-12 17:17:31 - [MESSAGE][INFO] - Smart Wait Function is triggered

2021-11-12 17:17:31 - [MESSAGE][INFO] - Found 1 web elements with id: 'Object Repository/Sayfalar/Giris_Sayfasi/RetveTamam_Butonu' located by 'By.xpath: //*[@class = 'btn btn-default']' in '5' second(s)

2021-11-12 17:17:31 - [MESSAGE][PASSED] - Object 'Object Repository/Sayfalar/Giris_Sayfasi/RetveTamam_Butonu' is present

2021-11-12 17:17:31 - [TEST_STEP][PASSED] - click(findTestObject("Object Repository/Sayfalar/Giris_Sayfasi/RetveTamam_Butonu")): Object: 'Object Repository/Sayfalar/Giris_Sayfasi/RetveTamam_Butonu' is clicked on

2021-11-12 17:17:31 - [MESSAGE][INFO] - Finding Test Object 'Object Repository/Sayfalar/Giris_Sayfasi/RetveTamam_Butonu'

2021-11-12 17:17:31 - [MESSAGE][INFO] - Checking object

2021-11-12 17:17:31 - [MESSAGE][INFO] - Finding web element from Test Object's properties

2021-11-12 17:17:31 - [MESSAGE][INFO] - Checking timeout

2021-11-12 17:17:31 - [MESSAGE][INFO] - Finding web element with id: 'Object Repository/Sayfalar/Giris_Sayfasi/RetveTamam_Butonu' located by 'By.xpath: //*[@class = 'btn btn-default']' in '30' second(s)

2021-11-12 17:17:31 - [MESSAGE][INFO] - Smart Wait Function is triggered

2021-11-12 17:17:31 - [MESSAGE][INFO] - Found 1 web elements with id: 'Object Repository/Sayfalar/Giris_Sayfasi/RetveTamam_Butonu' located by 'By.xpath: //*[@class = 'btn btn-default']' in '30' second(s)

2021-11-12 17:17:31 - [MESSAGE][INFO] - Clicking on object: 'Object Repository/Sayfalar/Giris_Sayfasi/RetveTamam_Butonu'

2021-11-12 17:17:32 - [MESSAGE][PASSED] - Object: 'Object Repository/Sayfalar/Giris_Sayfasi/RetveTamam_Butonu' is clicked on

2021-11-12 17:17:32 - [TEST_STEP][PASSED] - click(findTestObject("Object Repository/Sayfalar/Giris_Sayfasi/RetveTamam_Butonu")): Object: 'Object Repository/Sayfalar/Giris_Sayfasi/RetveTamam_Butonu' is clicked on

2021-11-12 17:17:32 - [MESSAGE][INFO] - Finding Test Object 'Object Repository/Sayfalar/Giris_Sayfasi/RetveTamam_Butonu'

2021-11-12 17:17:32 - [MESSAGE][INFO] - Checking object

2021-11-12 17:17:32 - [MESSAGE][INFO] - Finding web element from Test Object's properties

2021-11-12 17:17:32 - [MESSAGE][INFO] - Checking timeout

2021-11-12 17:17:32 - [MESSAGE][INFO] - Finding web element with id: 'Object Repository/Sayfalar/Giris_Sayfasi/RetveTamam_Butonu' located by 'By.xpath: //*[@class = 'btn btn-default']' in '30' second(s)

2021-11-12 17:17:32 - [MESSAGE][INFO] - Smart Wait Function is triggered

2021-11-12 17:17:36 - [MESSAGE][INFO] - Found 1 web elements with id: 'Object Repository/Sayfalar/Giris_Sayfasi/RetveTamam_Butonu' located by 'By.xpath: //*[@class = 'btn btn-default']' in '30' second(s)

2021-11-12 17:17:36 - [MESSAGE][INFO] - Clicking on object: 'Object Repository/Sayfalar/Giris_Sayfasi/RetveTamam_Butonu'

2021-11-12 17:17:36 - [MESSAGE][PASSED] - Object: 'Object Repository/Sayfalar/Giris_Sayfasi/RetveTamam_Butonu' is clicked on

2021-11-12 17:17:36 - [TEST_STEP][PASSED] - if (verifyElementPresent(findTestObject("Sayfalar/Giris_Sayfasi/PopupOK"), 5, OPTIONAL)): null

2021-11-12 17:17:36 - [MESSAGE][INFO] - Finding Test Object 'Object Repository/Sayfalar/Giris_Sayfasi/PopupOK'

2021-11-12 17:17:36 - [MESSAGE][INFO] - Checking object

2021-11-12 17:17:36 - [MESSAGE][INFO] - Finding web element from Test Object's properties

2021-11-12 17:17:36 - [MESSAGE][INFO] - Checking timeout

2021-11-12 17:17:36 - [MESSAGE][INFO] - Finding web element with id: 'Object Repository/Sayfalar/Giris_Sayfasi/PopupOK' located by 'By.cssSelector: .btn.btn-success' in '5' second(s)

2021-11-12 17:17:36 - [MESSAGE][INFO] - Smart Wait Function is triggered

2021-11-12 17:17:37 - [MESSAGE][INFO] - Found 1 web elements with id: 'Object Repository/Sayfalar/Giris_Sayfasi/PopupOK' located by 'By.cssSelector: .btn.btn-success' in '5' second(s)

2021-11-12 17:17:37 - [MESSAGE][PASSED] - Object 'Object Repository/Sayfalar/Giris_Sayfasi/PopupOK' is present

2021-11-12 17:17:37 - [TEST_STEP][PASSED] - click(findTestObject("Object Repository/Sayfalar/Giris_Sayfasi/PopupCarpiGiris")): Object: 'Object Repository/Sayfalar/Giris_Sayfasi/PopupCarpiGiris' is clicked on

2021-11-12 17:17:37 - [MESSAGE][INFO] - Finding Test Object 'Object Repository/Sayfalar/Giris_Sayfasi/PopupCarpiGiris'

2021-11-12 17:17:37 - [MESSAGE][INFO] - Checking object

2021-11-12 17:17:37 - [MESSAGE][INFO] - Finding web element from Test Object's properties

2021-11-12 17:17:37 - [MESSAGE][INFO] - Checking timeout

2021-11-12 17:17:37 - [MESSAGE][INFO] - Finding web element with id: 'Object Repository/Sayfalar/Giris_Sayfasi/PopupCarpiGiris' located by 'By.cssSelector: .bootbox-close-button.close' in '30' second(s)

2021-11-12 17:17:37 - [MESSAGE][INFO] - Smart Wait Function is triggered

2021-11-12 17:17:37 - [MESSAGE][INFO] - Found 1 web elements with id: 'Object Repository/Sayfalar/Giris_Sayfasi/PopupCarpiGiris' located by 'By.cssSelector: .bootbox-close-button.close' in '30' second(s)

2021-11-12 17:17:37 - [MESSAGE][INFO] - Clicking on object: 'Object Repository/Sayfalar/Giris_Sayfasi/PopupCarpiGiris'

2021-11-12 17:17:37 - [MESSAGE][PASSED] - Object: 'Object Repository/Sayfalar/Giris_Sayfasi/PopupCarpiGiris' is clicked on

2021-11-12 17:17:37 - [TEST_STEP][PASSED] - verifyElementVisible(findTestObject("Object Repository/Kullanici_Islemleri/KullaniciIslemleri")): Object 'Object Repository/Kullanici_Islemleri/KullaniciIslemleri' is visible

2021-11-12 17:17:37 - [MESSAGE][INFO] - Finding Test Object 'Object Repository/Kullanici_Islemleri/KullaniciIslemleri'

2021-11-12 17:17:37 - [MESSAGE][INFO] - Checking object

2021-11-12 17:17:37 - [MESSAGE][INFO] - Finding web element from Test Object's properties

2021-11-12 17:17:37 - [MESSAGE][INFO] - Checking timeout

2021-11-12 17:17:37 - [MESSAGE][INFO] - Finding web element with id: 'Object Repository/Kullanici_Islemleri/KullaniciIslemleri' located by 'By.cssSelector: .dropdown>a>img' in '30' second(s)

2021-11-12 17:17:37 - [MESSAGE][INFO] - Smart Wait Function is triggered

2021-11-12 17:17:38 - [MESSAGE][INFO] - Found 1 web elements with id: 'Object Repository/Kullanici_Islemleri/KullaniciIslemleri' located by 'By.cssSelector: .dropdown>a>img' in '30' second(s)

2021-11-12 17:17:38 - [MESSAGE][PASSED] - Object 'Object Repository/Kullanici_Islemleri/KullaniciIslemleri' is visible

2021-11-12 17:17:38 - [MESSAGE][PASSED] - Call Test Case 'Test Cases/Sayfalar/Giris_Sayfasi/Login' successfully

2021-11-12 17:17:38 - [MESSAGE][INFO] - Checking called Test Case

2021-11-12 17:17:38 - [MESSAGE][INFO] - Starting to call Test Case 'Test Cases/Menu/AnaMenuSecimi'

2021-11-12 17:17:38 - [TEST_CASE][PASSED] - Test Cases/Menu/AnaMenuSecimi: Test Cases/Menu/AnaMenuSecimi

2021-11-12 17:17:38 - [TEST_STEP][PASSED] - Method.TextDegerineEsitElementeTikla(findTestObject("Menu/Ana_Menu"), Ana_Menu): Method.TextDegerineEsitElementeTikla is PASSED

2021-11-12 17:17:38 - [MESSAGE][INFO] - Finding Test Object 'Object Repository/Menu/Ana_Menu'

2021-11-12 17:17:38 - [MESSAGE][INFO] - Checking timeout

2021-11-12 17:17:38 - [MESSAGE][INFO] - Finding web element with id: 'Object Repository/Menu/Ana_Menu' located by 'By.xpath: //*[@class = 'dropdown-toggle']' in '10' second(s)

2021-11-12 17:17:38 - [MESSAGE][INFO] - Smart Wait Function is triggered

2021-11-12 17:17:38 - [MESSAGE][INFO] - Found 14 web elements with id: 'Object Repository/Menu/Ana_Menu' located by 'By.xpath: //*[@class = 'dropdown-toggle']' in '10' second(s)

2021-11-12 17:17:39 - [MESSAGE][PASSED] - Method.TextDegerineEsitElementeTikla is PASSED

2021-11-12 17:17:39 - [MESSAGE][PASSED] - Call Test Case 'Test Cases/Menu/AnaMenuSecimi' successfully

2021-11-12 17:17:39 - [MESSAGE][INFO] - Checking called Test Case

2021-11-12 17:17:39 - [MESSAGE][INFO] - Starting to call Test Case 'Test Cases/Menu/BasligaGoreAltMenuSecimi'

2021-11-12 17:17:39 - [TEST_CASE][PASSED] - Test Cases/Menu/BasligaGoreAltMenuSecimi: Test Cases/Menu/BasligaGoreAltMenuSecimi

2021-11-12 17:17:39 - [TEST_STEP][PASSED] - Method.TextDegerineEsitElementinAltindakiTextDegerineEsitOlanaTikla(findTestObject("Menu/Menu_Basligi"), findTestObject("Menu/Basliga_Gore_Alt_Menu"), Baslik, Alt_Menu): Method.TextDegerineEsitElementinAltindakiTextDegerineEsitOlanaTikla is PASSED

2021-11-12 17:17:39 - [MESSAGE][INFO] - Finding Test Object 'Object Repository/Menu/Menu_Basligi'

2021-11-12 17:17:39 - [MESSAGE][INFO] - Finding Test Object 'Object Repository/Menu/Basliga_Gore_Alt_Menu'

2021-11-12 17:17:39 - [MESSAGE][INFO] - Checking timeout

2021-11-12 17:17:39 - [MESSAGE][INFO] - Finding web element with id: 'Object Repository/Menu/Menu_Basligi' located by 'By.xpath: //li[@class='dropdown dropdown-large open']//li[@class='dropdown-header']' in '10' second(s)

2021-11-12 17:17:39 - [MESSAGE][INFO] - Smart Wait Function is triggered

2021-11-12 17:17:39 - [MESSAGE][INFO] - Found 2 web elements with id: 'Object Repository/Menu/Menu_Basligi' located by 'By.xpath: //li[@class='dropdown dropdown-large open']//li[@class='dropdown-header']' in '10' second(s)

2021-11-12 17:17:39 - [MESSAGE][INFO] - Smart Wait Function is triggered

2021-11-12 17:18:02 - [MESSAGE][PASSED] - Method.TextDegerineEsitElementinAltindakiTextDegerineEsitOlanaTikla is PASSED

2021-11-12 17:18:02 - [MESSAGE][PASSED] - Call Test Case 'Test Cases/Menu/BasligaGoreAltMenuSecimi' successfully

2021-11-12 17:18:02 - [MESSAGE][INFO] - Checking called Test Case

2021-11-12 17:18:02 - [MESSAGE][INFO] - Starting to call Test Case 'Test Cases/Filtreler/BaslangicYaz'

2021-11-12 17:18:02 - [TEST_CASE][PASSED] - Test Cases/Filtreler/BaslangicYaz: Test Cases/Filtreler/BaslangicYaz

2021-11-12 17:18:02 - [TEST_STEP][PASSED] - Method.TextDegerineEsitElementinAltindakineTikla(findTestObject("Filtreler/Basliklar"), findTestObject("Filtreler/Basliga_Gore_Baslangic_Image"), Filtre_Adi): Method.TextDegerineEsitElementinAltindakineTikla is PASSED

2021-11-12 17:18:02 - [MESSAGE][INFO] - Finding Test Object 'Object Repository/Filtreler/Basliklar'

2021-11-12 17:18:03 - [MESSAGE][INFO] - Finding Test Object 'Object Repository/Filtreler/Basliga_Gore_Baslangic_Image'

2021-11-12 17:18:03 - [MESSAGE][INFO] - Checking timeout

2021-11-12 17:18:03 - [MESSAGE][INFO] - Finding web element with id: 'Object Repository/Filtreler/Basliklar' located by 'By.cssSelector: .control-label.col-sm-4.paddingMarginRLC' in '10' second(s)

2021-11-12 17:18:03 - [MESSAGE][INFO] - Smart Wait Function is triggered

2021-11-12 17:18:03 - [MESSAGE][INFO] - Found 19 web elements with id: 'Object Repository/Filtreler/Basliklar' located by 'By.cssSelector: .control-label.col-sm-4.paddingMarginRLC' in '10' second(s)

2021-11-12 17:18:03 - [MESSAGE][INFO] - Smart Wait Function is triggered

2021-11-12 17:18:04 - [MESSAGE][PASSED] - Method.TextDegerineEsitElementinAltindakineTikla is PASSED

2021-11-12 17:18:04 - [TEST_STEP][PASSED] - Method.TextDegerineEsitElementinAltindakiTextboxtaYaz(findTestObject("Filtreler/Basliklar"), findTestObject("Filtreler/Basliga_Gore_Baslangic"), Filtre_Adi, Filtre_Degeri): Method.TextDegerineEsitElementinAltindakiTextboxtaYaz is PASSED

2021-11-12 17:18:04 - [MESSAGE][INFO] - Finding Test Object 'Object Repository/Filtreler/Basliklar'

2021-11-12 17:18:04 - [MESSAGE][INFO] - Finding Test Object 'Object Repository/Filtreler/Basliga_Gore_Baslangic'

2021-11-12 17:18:04 - [MESSAGE][INFO] - Checking timeout

2021-11-12 17:18:04 - [MESSAGE][INFO] - Finding web element with id: 'Object Repository/Filtreler/Basliklar' located by 'By.cssSelector: .control-label.col-sm-4.paddingMarginRLC' in '10' second(s)

2021-11-12 17:18:04 - [MESSAGE][INFO] - Smart Wait Function is triggered

2021-11-12 17:18:04 - [MESSAGE][INFO] - Found 19 web elements with id: 'Object Repository/Filtreler/Basliklar' located by 'By.cssSelector: .control-label.col-sm-4.paddingMarginRLC' in '10' second(s)

2021-11-12 17:18:04 - [MESSAGE][INFO] - Smart Wait Function is triggered

2021-11-12 17:18:05 - [MESSAGE][PASSED] - Method.TextDegerineEsitElementinAltindakiTextboxtaYaz is PASSED

2021-11-12 17:18:05 - [MESSAGE][PASSED] - Call Test Case 'Test Cases/Filtreler/BaslangicYaz' successfully

2021-11-12 17:18:05 - [MESSAGE][INFO] - Checking called Test Case

2021-11-12 17:18:05 - [MESSAGE][INFO] - Starting to call Test Case 'Test Cases/Filtreler/BitisYaz'

2021-11-12 17:18:05 - [TEST_CASE][PASSED] - Test Cases/Filtreler/BitisYaz: Test Cases/Filtreler/BitisYaz

2021-11-12 17:18:05 - [TEST_STEP][PASSED] - Method.TextDegerineEsitElementinAltindakineTikla(findTestObject("Filtreler/Basliklar"), findTestObject("Filtreler/Basliga_Gore_Bitis_Image"), Filtre_Adi): Method.TextDegerineEsitElementinAltindakineTikla is PASSED

2021-11-12 17:18:05 - [MESSAGE][INFO] - Finding Test Object 'Object Repository/Filtreler/Basliklar'

2021-11-12 17:18:05 - [MESSAGE][INFO] - Finding Test Object 'Object Repository/Filtreler/Basliga_Gore_Bitis_Image'

2021-11-12 17:18:05 - [MESSAGE][INFO] - Checking timeout

2021-11-12 17:18:05 - [MESSAGE][INFO] - Finding web element with id: 'Object Repository/Filtreler/Basliklar' located by 'By.cssSelector: .control-label.col-sm-4.paddingMarginRLC' in '10' second(s)

2021-11-12 17:18:05 - [MESSAGE][INFO] - Smart Wait Function is triggered

2021-11-12 17:18:05 - [MESSAGE][INFO] - Found 19 web elements with id: 'Object Repository/Filtreler/Basliklar' located by 'By.cssSelector: .control-label.col-sm-4.paddingMarginRLC' in '10' second(s)

2021-11-12 17:18:05 - [MESSAGE][INFO] - Smart Wait Function is triggered

2021-11-12 17:18:06 - [MESSAGE][PASSED] - Method.TextDegerineEsitElementinAltindakineTikla is PASSED

2021-11-12 17:18:06 - [TEST_STEP][PASSED] - Method.TextDegerineEsitElementinAltindakiTextboxtaYaz(findTestObject("Filtreler/Basliklar"), findTestObject("Object Repository/Filtreler/Basliga_Gore_Bitis"), Filtre_Adi, Filtre_Degeri): Method.TextDegerineEsitElementinAltindakiTextboxtaYaz is PASSED

2021-11-12 17:18:06 - [MESSAGE][INFO] - Finding Test Object 'Object Repository/Filtreler/Basliklar'

2021-11-12 17:18:06 - [MESSAGE][INFO] - Finding Test Object 'Object Repository/Filtreler/Basliga_Gore_Bitis'

2021-11-12 17:18:06 - [MESSAGE][INFO] - Checking timeout

2021-11-12 17:18:06 - [MESSAGE][INFO] - Finding web element with id: 'Object Repository/Filtreler/Basliklar' located by 'By.cssSelector: .control-label.col-sm-4.paddingMarginRLC' in '10' second(s)

2021-11-12 17:18:06 - [MESSAGE][INFO] - Smart Wait Function is triggered

2021-11-12 17:18:06 - [MESSAGE][INFO] - Found 19 web elements with id: 'Object Repository/Filtreler/Basliklar' located by 'By.cssSelector: .control-label.col-sm-4.paddingMarginRLC' in '10' second(s)

2021-11-12 17:18:06 - [MESSAGE][INFO] - Smart Wait Function is triggered

2021-11-12 17:18:07 - [MESSAGE][PASSED] - Method.TextDegerineEsitElementinAltindakiTextboxtaYaz is PASSED

2021-11-12 17:18:07 - [MESSAGE][PASSED] - Call Test Case 'Test Cases/Filtreler/BitisYaz' successfully

2021-11-12 17:18:07 - [MESSAGE][INFO] - Checking called Test Case

2021-11-12 17:18:07 - [MESSAGE][INFO] - Starting to call Test Case 'Test Cases/Filtreler/ButonaTikla'

2021-11-12 17:18:07 - [TEST_CASE][PASSED] - Test Cases/Filtreler/ButonaTikla: Test Cases/Filtreler/ButonaTikla

2021-11-12 17:18:07 - [TEST_STEP][PASSED] - Method.TextDegerineEsitElementeTikla(findTestObject("Filtreler/Butonlar"), Filtre_Buton): Method.TextDegerineEsitElementeTikla is PASSED

2021-11-12 17:18:07 - [MESSAGE][INFO] - Finding Test Object 'Object Repository/Filtreler/Butonlar'

2021-11-12 17:18:07 - [MESSAGE][INFO] - Checking timeout

2021-11-12 17:18:07 - [MESSAGE][INFO] - Finding web element with id: 'Object Repository/Filtreler/Butonlar' located by 'By.cssSelector: .dxb>span' in '10' second(s)

2021-11-12 17:18:07 - [MESSAGE][INFO] - Smart Wait Function is triggered

2021-11-12 17:18:07 - [MESSAGE][INFO] - Found 3 web elements with id: 'Object Repository/Filtreler/Butonlar' located by 'By.cssSelector: .dxb>span' in '10' second(s)

2021-11-12 17:18:07 - [MESSAGE][PASSED] - Method.TextDegerineEsitElementeTikla is PASSED

2021-11-12 17:18:07 - [MESSAGE][PASSED] - Call Test Case 'Test Cases/Filtreler/ButonaTikla' successfully

2021-11-12 17:18:07 - [MESSAGE][INFO] - Checking called Test Case

2021-11-12 17:18:07 - [MESSAGE][INFO] - Starting to call Test Case 'Test Cases/Tablo/TablodaVeriVarMi'

2021-11-12 17:18:07 - [TEST_CASE][PASSED] - Test Cases/Tablo/TablodaVeriVarMi: Test Cases/Tablo/TablodaVeriVarMi

2021-11-12 17:18:07 - [TEST_STEP][PASSED] - verifyTextNotPresent("Görüntülenecek veri yok", true): Text 'Görüntülenecek veri yok' is not present on page using regular expression

2021-11-12 17:18:08 - [MESSAGE][INFO] - Checking text present  using regular expression

2021-11-12 17:18:08 - [MESSAGE][INFO] - Smart Wait Function is triggered

2021-11-12 17:18:09 - [MESSAGE][INFO] - Finding text 'Görüntülenecek veri yok' on page  using regular expression

2021-11-12 17:18:09 - [MESSAGE][PASSED] - Text 'Görüntülenecek veri yok' is not present on page using regular expression

2021-11-12 17:18:09 - [MESSAGE][PASSED] - Call Test Case 'Test Cases/Tablo/TablodaVeriVarMi' successfully

2021-11-12 17:18:09 - [MESSAGE][INFO] - Checking called Test Case

2021-11-12 17:18:09 - [MESSAGE][INFO] - Starting to call Test Case 'Test Cases/Tablo/TablodanVeriSec'

2021-11-12 17:18:09 - [TEST_CASE][PASSED] - Test Cases/Tablo/TablodanVeriSec: Test Cases/Tablo/TablodanVeriSec

2021-11-12 17:18:09 - [TEST_STEP][PASSED] - Method.TextDegerineEsitElementinAltindakineTikla(findTestObject("Tablo/Veriler"), findTestObject("Tablo/VerininCheckBoxi"), Veri_Adi): Method.TextDegerineEsitElementinAltindakineTikla is PASSED

2021-11-12 17:18:09 - [MESSAGE][INFO] - Finding Test Object 'Object Repository/Tablo/Veriler'

2021-11-12 17:18:09 - [MESSAGE][INFO] - Finding Test Object 'Object Repository/Tablo/VerininCheckBoxi'

2021-11-12 17:18:09 - [MESSAGE][INFO] - Checking timeout

2021-11-12 17:18:09 - [MESSAGE][INFO] - Finding web element with id: 'Object Repository/Tablo/Veriler' located by 'By.cssSelector: td.dxgv b ,td.dxgv' in '10' second(s)

2021-11-12 17:18:09 - [MESSAGE][INFO] - Smart Wait Function is triggered

2021-11-12 17:18:09 - [MESSAGE][INFO] - Found 110 web elements with id: 'Object Repository/Tablo/Veriler' located by 'By.cssSelector: td.dxgv b ,td.dxgv' in '10' second(s)

2021-11-12 17:18:09 - [MESSAGE][INFO] - Smart Wait Function is triggered

2021-11-12 17:18:09 - [MESSAGE][PASSED] - Method.TextDegerineEsitElementinAltindakineTikla is PASSED

2021-11-12 17:18:09 - [MESSAGE][PASSED] - Call Test Case 'Test Cases/Tablo/TablodanVeriSec' successfully

2021-11-12 17:18:09 - [MESSAGE][INFO] - Checking called Test Case

2021-11-12 17:18:09 - [MESSAGE][INFO] - Starting to call Test Case 'Test Cases/Butonlar/ButonaTikla'

2021-11-12 17:18:10 - [TEST_CASE][PASSED] - Test Cases/Butonlar/ButonaTikla: Test Cases/Butonlar/ButonaTikla

2021-11-12 17:18:10 - [TEST_STEP][PASSED] - Method.TextDegerineEsitElementeTiklaEquals(findTestObject("Butonlar/Butonlar"), Buton_Adi): Method.TextDegerineEsitElementeTiklaEquals is PASSED

2021-11-12 17:18:10 - [MESSAGE][INFO] - Finding Test Object 'Object Repository/Butonlar/Butonlar'

2021-11-12 17:18:10 - [MESSAGE][INFO] - Checking timeout

2021-11-12 17:18:10 - [MESSAGE][INFO] - Finding web element with id: 'Object Repository/Butonlar/Butonlar' located by 'By.cssSelector: .panel.panel-default.text-center.footerPanel .btn,.btn.btn-primary.btnControls' in '10' second(s)

2021-11-12 17:18:10 - [MESSAGE][INFO] - Smart Wait Function is triggered

2021-11-12 17:18:10 - [MESSAGE][INFO] - Found 12 web elements with id: 'Object Repository/Butonlar/Butonlar' located by 'By.cssSelector: .panel.panel-default.text-center.footerPanel .btn,.btn.btn-primary.btnControls' in '10' second(s)

2021-11-12 17:18:10 - [MESSAGE][PASSED] - Method.TextDegerineEsitElementeTiklaEquals is PASSED

2021-11-12 17:18:10 - [MESSAGE][PASSED] - Call Test Case 'Test Cases/Butonlar/ButonaTikla' successfully

2021-11-12 17:18:10 - [MESSAGE][INFO] - Checking called Test Case

2021-11-12 17:18:10 - [MESSAGE][INFO] - Starting to call Test Case 'Test Cases/Sekmeler/YeniSekmeyeGec'

2021-11-12 17:18:10 - [TEST_CASE][PASSED] - Test Cases/Sekmeler/YeniSekmeyeGec: Test Cases/Sekmeler/YeniSekmeyeGec

2021-11-12 17:18:10 - [TEST_STEP][PASSED] - switchToWindowIndex(1): Switched to window with index: '1'

2021-11-12 17:18:10 - [MESSAGE][INFO] - Checking index

2021-11-12 17:18:10 - [MESSAGE][INFO] - Switching window with index: '1'

2021-11-12 17:18:10 - [MESSAGE][PASSED] - Switched to window with index: '1'

2021-11-12 17:18:10 - [MESSAGE][PASSED] - Call Test Case 'Test Cases/Sekmeler/YeniSekmeyeGec' successfully

2021-11-12 17:18:10 - [MESSAGE][INFO] - Checking called Test Case

2021-11-12 17:18:10 - [MESSAGE][INFO] - Starting to call Test Case 'Test Cases/Sekmeler/TagGeldiMi'

2021-11-12 17:18:10 - [TEST_CASE][PASSED] - Test Cases/Sekmeler/TagGeldiMi: Test Cases/Sekmeler/TagGeldiMi

2021-11-12 17:18:10 - [TEST_STEP][PASSED] - waitForElementPresent(findTestObject("Object Repository/Sekmeler/UBLTag"), 10): Object 'Object Repository/Sekmeler/UBLTag' is present

2021-11-12 17:18:10 - [MESSAGE][INFO] - Finding Test Object 'Object Repository/Sekmeler/UBLTag'

2021-11-12 17:18:10 - [MESSAGE][INFO] - Checking object

2021-11-12 17:18:10 - [MESSAGE][INFO] - Finding web element from Test Object's properties

2021-11-12 17:18:10 - [MESSAGE][INFO] - Checking timeout

2021-11-12 17:18:10 - [MESSAGE][INFO] - Finding web element with id: 'Object Repository/Sekmeler/UBLTag' located by 'By.cssSelector: #webkit-xml-viewer-source-xml>:first-child' in '10' second(s)

2021-11-12 17:18:10 - [MESSAGE][INFO] - Smart Wait Function is triggered

2021-11-12 17:18:11 - [MESSAGE][INFO] - Found 1 web elements with id: 'Object Repository/Sekmeler/UBLTag' located by 'By.cssSelector: #webkit-xml-viewer-source-xml>:first-child' in '10' second(s)

2021-11-12 17:18:11 - [MESSAGE][PASSED] - Object 'Object Repository/Sekmeler/UBLTag' is present

2021-11-12 17:18:11 - [TEST_STEP][PASSED] - println(toLowerCase().toString()): Found 1 web elements with id: 'Object Repository/Sekmeler/UBLTag' located by 'By.cssSelector: #webkit-xml-viewer-source-xml>:first-child' in '10' second(s)

2021-11-12 17:18:11 - [MESSAGE][INFO] - Finding Test Object 'Object Repository/Sekmeler/UBLTag'

2021-11-12 17:18:12 - [MESSAGE][INFO] - Finding web element from Test Object's properties

2021-11-12 17:18:12 - [MESSAGE][INFO] - Checking timeout

2021-11-12 17:18:12 - [MESSAGE][INFO] - Finding web element with id: 'Object Repository/Sekmeler/UBLTag' located by 'By.cssSelector: #webkit-xml-viewer-source-xml>:first-child' in '10' second(s)

2021-11-12 17:18:12 - [MESSAGE][INFO] - Smart Wait Function is triggered

2021-11-12 17:18:12 - [MESSAGE][INFO] - Found 1 web elements with id: 'Object Repository/Sekmeler/UBLTag' located by 'By.cssSelector: #webkit-xml-viewer-source-xml>:first-child' in '10' second(s)

2021-11-12 17:18:12 - [TEST_STEP][PASSED] - if (!(toString().contains(toString().toLowerCase()))): Found 1 web elements with id: 'Object Repository/Sekmeler/UBLTag' located by 'By.cssSelector: #webkit-xml-viewer-source-xml>:first-child' in '10' second(s)

2021-11-12 17:18:12 - [MESSAGE][INFO] - Finding Test Object 'Object Repository/Sekmeler/UBLTag'

2021-11-12 17:18:12 - [MESSAGE][INFO] - Finding web element from Test Object's properties

2021-11-12 17:18:12 - [MESSAGE][INFO] - Checking timeout

2021-11-12 17:18:12 - [MESSAGE][INFO] - Finding web element with id: 'Object Repository/Sekmeler/UBLTag' located by 'By.cssSelector: #webkit-xml-viewer-source-xml>:first-child' in '10' second(s)

2021-11-12 17:18:12 - [MESSAGE][INFO] - Smart Wait Function is triggered

2021-11-12 17:18:12 - [MESSAGE][INFO] - Found 1 web elements with id: 'Object Repository/Sekmeler/UBLTag' located by 'By.cssSelector: #webkit-xml-viewer-source-xml>:first-child' in '10' second(s)

2021-11-12 17:18:12 - [MESSAGE][PASSED] - Call Test Case 'Test Cases/Sekmeler/TagGeldiMi' successfully

2021-11-12 17:18:12 - [MESSAGE][INFO] - Checking called Test Case

2021-11-12 17:18:12 - [MESSAGE][INFO] - Starting to call Test Case 'Test Cases/Sekmeler/Ana_Sekmeye_Gec'

2021-11-12 17:18:12 - [TEST_CASE][PASSED] - Test Cases/Sekmeler/Ana_Sekmeye_Gec: Test Cases/Sekmeler/Ana_Sekmeye_Gec

2021-11-12 17:18:12 - [TEST_STEP][PASSED] - try: Window with index 1 is closed

2021-11-12 17:18:12 - [TEST_STEP][PASSED] - index = getWindowIndex(): Current window's index is: 1

2021-11-12 17:18:12 - [MESSAGE][INFO] - Getting current window's index

2021-11-12 17:18:12 - [MESSAGE][PASSED] - Current window's index is: 1

2021-11-12 17:18:12 - [TEST_STEP][PASSED] - closeWindowIndex(index): Window with index 1 is closed

2021-11-12 17:18:12 - [MESSAGE][INFO] - Checking index

2021-11-12 17:18:12 - [MESSAGE][INFO] - Closing window with index 1

2021-11-12 17:18:12 - [MESSAGE][PASSED] - Window with index 1 is closed

2021-11-12 17:18:12 - [TEST_STEP][PASSED] - switchToWindowIndex(0): Switched to window with index: '0'

2021-11-12 17:18:12 - [MESSAGE][INFO] - Checking index

2021-11-12 17:18:12 - [MESSAGE][INFO] - Switching window with index: '0'

2021-11-12 17:18:12 - [MESSAGE][PASSED] - Switched to window with index: '0'

2021-11-12 17:18:12 - [MESSAGE][PASSED] - Call Test Case 'Test Cases/Sekmeler/Ana_Sekmeye_Gec' successfully

2021-11-12 17:18:12 - [MESSAGE][INFO] - Checking called Test Case

2021-11-12 17:18:12 - [MESSAGE][INFO] - Starting to call Test Case 'Test Cases/Kullanici_Islemleri/KullaniciIslemlerindenSecimYapilir'

2021-11-12 17:18:12 - [TEST_CASE][PASSED] - Test Cases/Kullanici_Islemleri/KullaniciIslemlerindenSecimYapilir: Test Cases/Kullanici_Islemleri/KullaniciIslemlerindenSecimYapilir

2021-11-12 17:18:12 - [TEST_STEP][PASSED] - waitForElementClickable(findTestObject("Object Repository/Kullanici_Islemleri/KullaniciIslemleri"), 10): Object 'Object Repository/Kullanici_Islemleri/KullaniciIslemleri' is clickable

2021-11-12 17:18:12 - [MESSAGE][INFO] - Finding Test Object 'Object Repository/Kullanici_Islemleri/KullaniciIslemleri'

2021-11-12 17:18:12 - [MESSAGE][INFO] - Checking object

2021-11-12 17:18:12 - [MESSAGE][INFO] - Checking timeout

2021-11-12 17:18:12 - [MESSAGE][INFO] - Finding web element from Test Object's properties

2021-11-12 17:18:12 - [MESSAGE][INFO] - Checking timeout

2021-11-12 17:18:12 - [MESSAGE][INFO] - Finding web element with id: 'Object Repository/Kullanici_Islemleri/KullaniciIslemleri' located by 'By.cssSelector: .dropdown>a>img' in '10' second(s)

2021-11-12 17:18:12 - [MESSAGE][INFO] - Smart Wait Function is triggered

2021-11-12 17:18:12 - [MESSAGE][INFO] - Found 1 web elements with id: 'Object Repository/Kullanici_Islemleri/KullaniciIslemleri' located by 'By.cssSelector: .dropdown>a>img' in '10' second(s)

2021-11-12 17:18:12 - [MESSAGE][PASSED] - Object 'Object Repository/Kullanici_Islemleri/KullaniciIslemleri' is clickable

2021-11-12 17:18:12 - [TEST_STEP][PASSED] - click(findTestObject("Object Repository/Kullanici_Islemleri/KullaniciIslemleri")): Object: 'Object Repository/Kullanici_Islemleri/KullaniciIslemleri' is clicked on

2021-11-12 17:18:12 - [MESSAGE][INFO] - Finding Test Object 'Object Repository/Kullanici_Islemleri/KullaniciIslemleri'

2021-11-12 17:18:13 - [MESSAGE][INFO] - Checking object

2021-11-12 17:18:13 - [MESSAGE][INFO] - Finding web element from Test Object's properties

2021-11-12 17:18:13 - [MESSAGE][INFO] - Checking timeout

2021-11-12 17:18:13 - [MESSAGE][INFO] - Finding web element with id: 'Object Repository/Kullanici_Islemleri/KullaniciIslemleri' located by 'By.cssSelector: .dropdown>a>img' in '30' second(s)

2021-11-12 17:18:13 - [MESSAGE][INFO] - Smart Wait Function is triggered

2021-11-12 17:18:13 - [MESSAGE][INFO] - Found 1 web elements with id: 'Object Repository/Kullanici_Islemleri/KullaniciIslemleri' located by 'By.cssSelector: .dropdown>a>img' in '30' second(s)

2021-11-12 17:18:13 - [MESSAGE][INFO] - Clicking on object: 'Object Repository/Kullanici_Islemleri/KullaniciIslemleri'

2021-11-12 17:18:13 - [MESSAGE][PASSED] - Object: 'Object Repository/Kullanici_Islemleri/KullaniciIslemleri' is clicked on

2021-11-12 17:18:13 - [TEST_STEP][PASSED] - Method.TextDegerineEsitElementeTikla(findTestObject("Object Repository/Kullanici_Islemleri/Secenekler"), Islem): Method.TextDegerineEsitElementeTikla is PASSED

2021-11-12 17:18:13 - [MESSAGE][INFO] - Finding Test Object 'Object Repository/Kullanici_Islemleri/Secenekler'

2021-11-12 17:18:13 - [MESSAGE][INFO] - Checking timeout

2021-11-12 17:18:13 - [MESSAGE][INFO] - Finding web element with id: 'Object Repository/Kullanici_Islemleri/Secenekler' located by 'By.cssSelector: .nav.navbar-nav.navbar-right li a' in '10' second(s)

2021-11-12 17:18:13 - [MESSAGE][INFO] - Smart Wait Function is triggered

2021-11-12 17:18:13 - [MESSAGE][INFO] - Found 22 web elements with id: 'Object Repository/Kullanici_Islemleri/Secenekler' located by 'By.cssSelector: .nav.navbar-nav.navbar-right li a' in '10' second(s)

2021-11-12 17:18:14 - [MESSAGE][PASSED] - Method.TextDegerineEsitElementeTikla is PASSED

2021-11-12 17:18:14 - [TEST_STEP][PASSED] - verifyElementNotPresent(findTestObject("Object Repository/Kullanici_Islemleri/Secenekler"), 10): Web element with id: 'Object Repository/Kullanici_Islemleri/Secenekler' located by 'By.cssSelector: .nav.navbar-nav.navbar-right li a' is not present after '10' second(s)

2021-11-12 17:18:14 - [MESSAGE][INFO] - Finding Test Object 'Object Repository/Kullanici_Islemleri/Secenekler'

2021-11-12 17:18:14 - [MESSAGE][INFO] - Checking object

2021-11-12 17:18:14 - [MESSAGE][INFO] - Checking timeout

2021-11-12 17:18:14 - [MESSAGE][INFO] - Finding web element with id: 'Object Repository/Kullanici_Islemleri/Secenekler' located by 'By.cssSelector: .nav.navbar-nav.navbar-right li a' in '10' second(s)

2021-11-12 17:18:14 - [MESSAGE][INFO] - Smart Wait Function is triggered

2021-11-12 17:18:15 - [MESSAGE][PASSED] - Web element with id: 'Object Repository/Kullanici_Islemleri/Secenekler' located by 'By.cssSelector: .nav.navbar-nav.navbar-right li a' is not present after '10' second(s)

2021-11-12 17:18:15 - [MESSAGE][PASSED] - Call Test Case 'Test Cases/Kullanici_Islemleri/KullaniciIslemlerindenSecimYapilir' successfully

2021-11-12 17:18:15 - [TEST_CASE][PASSED] - Start Test Case : SCENARIO e-Arsiv Faturasi UBLi: SCENARIO e-Arsiv Faturasi UBLi

2021-11-12 17:18:15 - [TEST_STEP][PASSED] - Kullanıcı adı ELOGO6 ve Şifre 123456 olarak giriş yapılır: Kullanıcı adı ELOGO6 ve Şifre 123456 olarak giriş yapılır

2021-11-12 17:18:15 - [MESSAGE][PASSED] - Kullanıcı adı ELOGO6 ve Şifre 123456 olarak giriş yapılır

2021-11-12 17:18:15 - [TEST_STEP][PASSED] - Ana menüden e-Arşiv seçilir: Ana menüden e-Arşiv seçilir

2021-11-12 17:18:15 - [MESSAGE][PASSED] - Ana menüden e-Arşiv seçilir

2021-11-12 17:18:15 - [TEST_STEP][PASSED] - Alt menü e-Arşiv Hareketleri başlığı altındaki e-Arşiv Faturaları seçilir: Alt menü e-Arşiv Hareketleri başlığı altındaki e-Arşiv Faturaları seçilir

2021-11-12 17:18:15 - [MESSAGE][PASSED] - Alt menü e-Arşiv Hareketleri başlığı altındaki e-Arşiv Faturaları seçilir

2021-11-12 17:18:15 - [TEST_STEP][PASSED] - Filtrelerden Oluşturma Tarihi filtresine 01.07.2020 baslangic degerini yaz: Filtrelerden Oluşturma Tarihi filtresine 01.07.2020 baslangic degerini yaz

2021-11-12 17:18:15 - [MESSAGE][PASSED] - Filtrelerden Oluşturma Tarihi filtresine 01.07.2020 baslangic degerini yaz

2021-11-12 17:18:15 - [TEST_STEP][PASSED] - Filtrelerden Oluşturma Tarihi filtresine 31.07.2020 bitis degerini yaz: Filtrelerden Oluşturma Tarihi filtresine 31.07.2020 bitis degerini yaz

2021-11-12 17:18:15 - [MESSAGE][PASSED] - Filtrelerden Oluşturma Tarihi filtresine 31.07.2020 bitis degerini yaz

2021-11-12 17:18:15 - [TEST_STEP][PASSED] - Filtre butonlarından Listele seçilir: Filtre butonlarından Listele seçilir

2021-11-12 17:18:15 - [MESSAGE][PASSED] - Filtre butonlarından Listele seçilir

2021-11-12 17:18:15 - [TEST_STEP][PASSED] - Tabloda veri var mı kontrol edilir: Tabloda veri var mı kontrol edilir

2021-11-12 17:18:15 - [MESSAGE][PASSED] - Tabloda veri var mı kontrol edilir

2021-11-12 17:18:15 - [TEST_STEP][PASSED] - Tablodan test test isimli veri seçilir: Tablodan test test isimli veri seçilir

2021-11-12 17:18:15 - [MESSAGE][PASSED] - Tablodan test test isimli veri seçilir

2021-11-12 17:18:15 - [TEST_STEP][PASSED] - Butonlardan UBL isimli butona tıklanır: Butonlardan UBL isimli butona tıklanır

2021-11-12 17:18:15 - [MESSAGE][PASSED] - Butonlardan UBL isimli butona tıklanır

2021-11-12 17:18:15 - [TEST_STEP][PASSED] - Yeni açılan sekmeye geçilir: Yeni açılan sekmeye geçilir

2021-11-12 17:18:15 - [MESSAGE][PASSED] - Yeni açılan sekmeye geçilir

2021-11-12 17:18:15 - [TEST_STEP][PASSED] - invoice tagli ubl geldi mi: invoice tagli ubl geldi mi

2021-11-12 17:18:15 - [MESSAGE][PASSED] - invoice tagli ubl geldi mi

2021-11-12 17:18:15 - [TEST_STEP][PASSED] - Ana sekmeye geçilir: Ana sekmeye geçilir

2021-11-12 17:18:15 - [MESSAGE][PASSED] - Ana sekmeye geçilir

2021-11-12 17:18:15 - [TEST_STEP][PASSED] - Kullanıcı işlemlerinden Çıkış seçilir: Kullanıcı işlemlerinden Çıkış seçilir

2021-11-12 17:18:15 - [MESSAGE][PASSED] - Kullanıcı işlemlerinden Çıkış seçilir

2021-11-12 17:18:15 - [MESSAGE][PASSED] - Feature file: 'Include/features/e-Arsiv/e-Arsiv Hareketleri/e-Arsiv Faturalari/UBL.feature' was passed

2021-11-12 17:18:15 - [TEST_STEP][PASSED] - Start listener action : sampleAfterTestSuite: Invoke 'com.kms.katalon.core.annotation.AfterTestCase' method: 'Listener.sampleAfterTestSuite(...)' completed.

2021-11-12 17:18:15 - [MESSAGE][INFO] - Starting invoke 'com.kms.katalon.core.annotation.AfterTestCase' method: 'Listener.sampleAfterTestSuite(...)'

2021-11-12 17:18:15 - [TEST_STEP][PASSED] - closeBrowser(): Invoke 'com.kms.katalon.core.annotation.AfterTestCase' method: 'Listener.sampleAfterTestSuite(...)' completed.

2021-11-12 17:18:15 - [MESSAGE][INFO] - Closing browser

2021-11-12 17:18:16 - [MESSAGE][PASSED] - Browser is closed

2021-11-12 17:18:16 - [MESSAGE][INFO] - Invoke 'com.kms.katalon.core.annotation.AfterTestCase' method: 'Listener.sampleAfterTestSuite(...)' completed.]]></system-out>
         <system-err><![CDATA[]]></system-err>
      </testcase>
      <testcase name="Test Cases/Case Repository/e-Arsiv/e-Arsiv Hareketleri/e-Arsiv Faturalari/Varsayilan Ile Goster" time="51.741" classname="Test Cases/Case Repository/e-Arsiv/e-Arsiv Hareketleri/e-Arsiv Faturalari/Varsayilan Ile Goster" status="PASSED">
         <system-out><![CDATA[2021-11-12 17:18:16 - [TEST_CASE][PASSED] - Test Cases/Case Repository/e-Arsiv/e-Arsiv Hareketleri/e-Arsiv Faturalari/Varsayilan Ile Goster: Test Cases/Case Repository/e-Arsiv/e-Arsiv Hareketleri/e-Arsiv Faturalari/Varsayilan Ile Goster

2021-11-12 17:18:16 - [TEST_STEP][PASSED] - Start listener action : sampleBeforeTestSuite: Invoke 'com.kms.katalon.core.annotation.BeforeTestCase' method: 'Listener.sampleBeforeTestSuite(...)' completed.

2021-11-12 17:18:16 - [MESSAGE][INFO] - Starting invoke 'com.kms.katalon.core.annotation.BeforeTestCase' method: 'Listener.sampleBeforeTestSuite(...)'

2021-11-12 17:18:16 - [TEST_STEP][PASSED] - openBrowser(baseUrl): Browser is opened with url: 'https://efatura-stage.elogo.com.tr/'

2021-11-12 17:18:16 - [MESSAGE][INFO] - Opening browser

2021-11-12 17:18:16 - [MESSAGE][INFO] - Starting 'Chrome' driver

2021-11-12 17:18:16 - [MESSAGE][INFO] - User set preference: ['prefs', '{download.default_directory=C:\otomasyondownfiles}']

2021-11-12 17:18:16 - [MESSAGE][INFO] - Action delay is set to 0 milliseconds

2021-11-12 17:18:17 - [MESSAGE][INFO] - Navigating browser to: 'https://efatura-stage.elogo.com.tr/'

2021-11-12 17:18:20 - [MESSAGE][PASSED] - Browser is opened with url: 'https://efatura-stage.elogo.com.tr/'

2021-11-12 17:18:20 - [TEST_STEP][PASSED] - maximizeWindow(): Invoke 'com.kms.katalon.core.annotation.BeforeTestCase' method: 'Listener.sampleBeforeTestSuite(...)' completed.

2021-11-12 17:18:21 - [MESSAGE][INFO] - Maximizing current window

2021-11-12 17:18:21 - [MESSAGE][PASSED] - Current window maximized

2021-11-12 17:18:21 - [MESSAGE][INFO] - Invoke 'com.kms.katalon.core.annotation.BeforeTestCase' method: 'Listener.sampleBeforeTestSuite(...)' completed.

2021-11-12 17:18:21 - [TEST_STEP][PASSED] - runFeatureFile("Include/features/e-Arsiv/e-Arsiv Hareketleri/e-Arsiv Faturalari/Varsayılan Ile Gosterilmesi.feature"): Feature file: 'Include/features/e-Arsiv/e-Arsiv Hareketleri/e-Arsiv Faturalari/Varsayılan Ile Gosterilmesi.feature' was passed

2021-11-12 17:18:21 - [MESSAGE][INFO] - Starting run keyword runFeatureFile: 'Include/features/e-Arsiv/e-Arsiv Hareketleri/e-Arsiv Faturalari/Varsayılan Ile Gosterilmesi.feature' and extract report to folder: 'C:\Users\DELL\Documents\GitHub\EES_KatalonLogo\Reports\20211112_170311\Suite Repository\e-Arsiv\20211112_170317/cucumber_report/1636726701525'...

2021-11-12 17:18:21 - [MESSAGE][INFO] - Glue: []

2021-11-12 17:18:22 - [MESSAGE][INFO] - Checking called Test Case

2021-11-12 17:18:22 - [MESSAGE][INFO] - Starting to call Test Case 'Test Cases/Sayfalar/Giris_Sayfasi/Login'

2021-11-12 17:18:22 - [TEST_CASE][PASSED] - Test Cases/Sayfalar/Giris_Sayfasi/Login: Test Cases/Sayfalar/Giris_Sayfasi/Login

2021-11-12 17:18:22 - [TEST_STEP][PASSED] - Sayfa_Basligi = getWindowTitle(): Current window's title is: 'LOGO e-Fatura'

2021-11-12 17:18:22 - [MESSAGE][INFO] - Getting current window's title

2021-11-12 17:18:22 - [MESSAGE][PASSED] - Current window's title is: 'LOGO e-Fatura'

2021-11-12 17:18:22 - [TEST_STEP][PASSED] - verifyMatch(Sayfa_Basligi, "LOGO e-Fatura", false): Actual text 'LOGO e-Fatura' and expected text 'LOGO e-Fatura' are matched 

2021-11-12 17:18:22 - [MESSAGE][INFO] - Matching actual text 'LOGO e-Fatura' with expected text 'LOGO e-Fatura'

2021-11-12 17:18:22 - [MESSAGE][PASSED] - Actual text 'LOGO e-Fatura' and expected text 'LOGO e-Fatura' are matched 

2021-11-12 17:18:22 - [TEST_STEP][PASSED] - sendKeys(findTestObject("Sayfalar/Giris_Sayfasi/Firma_Kodu"), KullaniciAdi): Keys 'ELOGO6' sent to object: 'Object Repository/Sayfalar/Giris_Sayfasi/Firma_Kodu'

2021-11-12 17:18:22 - [MESSAGE][INFO] - Finding Test Object 'Object Repository/Sayfalar/Giris_Sayfasi/Firma_Kodu'

2021-11-12 17:18:22 - [MESSAGE][INFO] - Sending keys 'ELOGO6' to object: 'Object Repository/Sayfalar/Giris_Sayfasi/Firma_Kodu'

2021-11-12 17:18:22 - [MESSAGE][INFO] - Finding web element from Test Object's properties

2021-11-12 17:18:22 - [MESSAGE][INFO] - Checking timeout

2021-11-12 17:18:22 - [MESSAGE][INFO] - Finding web element with id: 'Object Repository/Sayfalar/Giris_Sayfasi/Firma_Kodu' located by 'By.xpath: //*[@id = 'AccountName']' in '30' second(s)

2021-11-12 17:18:22 - [MESSAGE][INFO] - Smart Wait Function is triggered

2021-11-12 17:18:23 - [MESSAGE][INFO] - Found 1 web elements with id: 'Object Repository/Sayfalar/Giris_Sayfasi/Firma_Kodu' located by 'By.xpath: //*[@id = 'AccountName']' in '30' second(s)

2021-11-12 17:18:23 - [MESSAGE][PASSED] - Keys 'ELOGO6' sent to object: 'Object Repository/Sayfalar/Giris_Sayfasi/Firma_Kodu'

2021-11-12 17:18:23 - [TEST_STEP][PASSED] - sendKeys(findTestObject("Sayfalar/Giris_Sayfasi/Sifre"), Sifre): Keys '123456' sent to object: 'Object Repository/Sayfalar/Giris_Sayfasi/Sifre'

2021-11-12 17:18:23 - [MESSAGE][INFO] - Finding Test Object 'Object Repository/Sayfalar/Giris_Sayfasi/Sifre'

2021-11-12 17:18:23 - [MESSAGE][INFO] - Sending keys '123456' to object: 'Object Repository/Sayfalar/Giris_Sayfasi/Sifre'

2021-11-12 17:18:23 - [MESSAGE][INFO] - Finding web element from Test Object's properties

2021-11-12 17:18:23 - [MESSAGE][INFO] - Checking timeout

2021-11-12 17:18:23 - [MESSAGE][INFO] - Finding web element with id: 'Object Repository/Sayfalar/Giris_Sayfasi/Sifre' located by 'By.xpath: //*[@id = 'Password']' in '30' second(s)

2021-11-12 17:18:23 - [MESSAGE][INFO] - Smart Wait Function is triggered

2021-11-12 17:18:23 - [MESSAGE][INFO] - Found 1 web elements with id: 'Object Repository/Sayfalar/Giris_Sayfasi/Sifre' located by 'By.xpath: //*[@id = 'Password']' in '30' second(s)

2021-11-12 17:18:23 - [MESSAGE][PASSED] - Keys '123456' sent to object: 'Object Repository/Sayfalar/Giris_Sayfasi/Sifre'

2021-11-12 17:18:23 - [TEST_STEP][PASSED] - findWebElement(findTestObject("Sayfalar/Giris_Sayfasi/Giris_Butonu")).click(): Found 1 web elements with id: 'Object Repository/Sayfalar/Giris_Sayfasi/Giris_Butonu' located by 'By.cssSelector: #btnLogin' in '30' second(s)

2021-11-12 17:18:23 - [MESSAGE][INFO] - Finding Test Object 'Object Repository/Sayfalar/Giris_Sayfasi/Giris_Butonu'

2021-11-12 17:18:23 - [MESSAGE][INFO] - Finding web element from Test Object's properties

2021-11-12 17:18:23 - [MESSAGE][INFO] - Checking timeout

2021-11-12 17:18:23 - [MESSAGE][INFO] - Finding web element with id: 'Object Repository/Sayfalar/Giris_Sayfasi/Giris_Butonu' located by 'By.cssSelector: #btnLogin' in '30' second(s)

2021-11-12 17:18:23 - [MESSAGE][INFO] - Smart Wait Function is triggered

2021-11-12 17:18:23 - [MESSAGE][INFO] - Found 1 web elements with id: 'Object Repository/Sayfalar/Giris_Sayfasi/Giris_Butonu' located by 'By.cssSelector: #btnLogin' in '30' second(s)

2021-11-12 17:18:32 - [TEST_STEP][PASSED] - if (verifyElementPresent(findTestObject("Object Repository/Sayfalar/Giris_Sayfasi/RetveTamam_Butonu"), 5, OPTIONAL)): null

2021-11-12 17:18:32 - [MESSAGE][INFO] - Finding Test Object 'Object Repository/Sayfalar/Giris_Sayfasi/RetveTamam_Butonu'

2021-11-12 17:18:32 - [MESSAGE][INFO] - Checking object

2021-11-12 17:18:32 - [MESSAGE][INFO] - Finding web element from Test Object's properties

2021-11-12 17:18:32 - [MESSAGE][INFO] - Checking timeout

2021-11-12 17:18:32 - [MESSAGE][INFO] - Finding web element with id: 'Object Repository/Sayfalar/Giris_Sayfasi/RetveTamam_Butonu' located by 'By.xpath: //*[@class = 'btn btn-default']' in '5' second(s)

2021-11-12 17:18:32 - [MESSAGE][INFO] - Smart Wait Function is triggered

2021-11-12 17:18:32 - [MESSAGE][INFO] - Found 1 web elements with id: 'Object Repository/Sayfalar/Giris_Sayfasi/RetveTamam_Butonu' located by 'By.xpath: //*[@class = 'btn btn-default']' in '5' second(s)

2021-11-12 17:18:32 - [MESSAGE][PASSED] - Object 'Object Repository/Sayfalar/Giris_Sayfasi/RetveTamam_Butonu' is present

2021-11-12 17:18:32 - [TEST_STEP][PASSED] - click(findTestObject("Object Repository/Sayfalar/Giris_Sayfasi/RetveTamam_Butonu")): Object: 'Object Repository/Sayfalar/Giris_Sayfasi/RetveTamam_Butonu' is clicked on

2021-11-12 17:18:32 - [MESSAGE][INFO] - Finding Test Object 'Object Repository/Sayfalar/Giris_Sayfasi/RetveTamam_Butonu'

2021-11-12 17:18:32 - [MESSAGE][INFO] - Checking object

2021-11-12 17:18:32 - [MESSAGE][INFO] - Finding web element from Test Object's properties

2021-11-12 17:18:32 - [MESSAGE][INFO] - Checking timeout

2021-11-12 17:18:32 - [MESSAGE][INFO] - Finding web element with id: 'Object Repository/Sayfalar/Giris_Sayfasi/RetveTamam_Butonu' located by 'By.xpath: //*[@class = 'btn btn-default']' in '30' second(s)

2021-11-12 17:18:32 - [MESSAGE][INFO] - Smart Wait Function is triggered

2021-11-12 17:18:32 - [MESSAGE][INFO] - Found 1 web elements with id: 'Object Repository/Sayfalar/Giris_Sayfasi/RetveTamam_Butonu' located by 'By.xpath: //*[@class = 'btn btn-default']' in '30' second(s)

2021-11-12 17:18:32 - [MESSAGE][INFO] - Clicking on object: 'Object Repository/Sayfalar/Giris_Sayfasi/RetveTamam_Butonu'

2021-11-12 17:18:32 - [MESSAGE][PASSED] - Object: 'Object Repository/Sayfalar/Giris_Sayfasi/RetveTamam_Butonu' is clicked on

2021-11-12 17:18:32 - [TEST_STEP][PASSED] - click(findTestObject("Object Repository/Sayfalar/Giris_Sayfasi/RetveTamam_Butonu")): Object: 'Object Repository/Sayfalar/Giris_Sayfasi/RetveTamam_Butonu' is clicked on

2021-11-12 17:18:32 - [MESSAGE][INFO] - Finding Test Object 'Object Repository/Sayfalar/Giris_Sayfasi/RetveTamam_Butonu'

2021-11-12 17:18:32 - [MESSAGE][INFO] - Checking object

2021-11-12 17:18:32 - [MESSAGE][INFO] - Finding web element from Test Object's properties

2021-11-12 17:18:32 - [MESSAGE][INFO] - Checking timeout

2021-11-12 17:18:32 - [MESSAGE][INFO] - Finding web element with id: 'Object Repository/Sayfalar/Giris_Sayfasi/RetveTamam_Butonu' located by 'By.xpath: //*[@class = 'btn btn-default']' in '30' second(s)

2021-11-12 17:18:32 - [MESSAGE][INFO] - Smart Wait Function is triggered

2021-11-12 17:18:37 - [MESSAGE][INFO] - Found 1 web elements with id: 'Object Repository/Sayfalar/Giris_Sayfasi/RetveTamam_Butonu' located by 'By.xpath: //*[@class = 'btn btn-default']' in '30' second(s)

2021-11-12 17:18:37 - [MESSAGE][INFO] - Clicking on object: 'Object Repository/Sayfalar/Giris_Sayfasi/RetveTamam_Butonu'

2021-11-12 17:18:37 - [MESSAGE][PASSED] - Object: 'Object Repository/Sayfalar/Giris_Sayfasi/RetveTamam_Butonu' is clicked on

2021-11-12 17:18:37 - [TEST_STEP][PASSED] - if (verifyElementPresent(findTestObject("Sayfalar/Giris_Sayfasi/PopupOK"), 5, OPTIONAL)): null

2021-11-12 17:18:37 - [MESSAGE][INFO] - Finding Test Object 'Object Repository/Sayfalar/Giris_Sayfasi/PopupOK'

2021-11-12 17:18:37 - [MESSAGE][INFO] - Checking object

2021-11-12 17:18:37 - [MESSAGE][INFO] - Finding web element from Test Object's properties

2021-11-12 17:18:37 - [MESSAGE][INFO] - Checking timeout

2021-11-12 17:18:37 - [MESSAGE][INFO] - Finding web element with id: 'Object Repository/Sayfalar/Giris_Sayfasi/PopupOK' located by 'By.cssSelector: .btn.btn-success' in '5' second(s)

2021-11-12 17:18:37 - [MESSAGE][INFO] - Smart Wait Function is triggered

2021-11-12 17:18:37 - [MESSAGE][INFO] - Found 1 web elements with id: 'Object Repository/Sayfalar/Giris_Sayfasi/PopupOK' located by 'By.cssSelector: .btn.btn-success' in '5' second(s)

2021-11-12 17:18:37 - [MESSAGE][PASSED] - Object 'Object Repository/Sayfalar/Giris_Sayfasi/PopupOK' is present

2021-11-12 17:18:37 - [TEST_STEP][PASSED] - click(findTestObject("Object Repository/Sayfalar/Giris_Sayfasi/PopupCarpiGiris")): Object: 'Object Repository/Sayfalar/Giris_Sayfasi/PopupCarpiGiris' is clicked on

2021-11-12 17:18:37 - [MESSAGE][INFO] - Finding Test Object 'Object Repository/Sayfalar/Giris_Sayfasi/PopupCarpiGiris'

2021-11-12 17:18:38 - [MESSAGE][INFO] - Checking object

2021-11-12 17:18:38 - [MESSAGE][INFO] - Finding web element from Test Object's properties

2021-11-12 17:18:38 - [MESSAGE][INFO] - Checking timeout

2021-11-12 17:18:38 - [MESSAGE][INFO] - Finding web element with id: 'Object Repository/Sayfalar/Giris_Sayfasi/PopupCarpiGiris' located by 'By.cssSelector: .bootbox-close-button.close' in '30' second(s)

2021-11-12 17:18:38 - [MESSAGE][INFO] - Smart Wait Function is triggered

2021-11-12 17:18:38 - [MESSAGE][INFO] - Found 1 web elements with id: 'Object Repository/Sayfalar/Giris_Sayfasi/PopupCarpiGiris' located by 'By.cssSelector: .bootbox-close-button.close' in '30' second(s)

2021-11-12 17:18:38 - [MESSAGE][INFO] - Clicking on object: 'Object Repository/Sayfalar/Giris_Sayfasi/PopupCarpiGiris'

2021-11-12 17:18:38 - [MESSAGE][PASSED] - Object: 'Object Repository/Sayfalar/Giris_Sayfasi/PopupCarpiGiris' is clicked on

2021-11-12 17:18:38 - [TEST_STEP][PASSED] - verifyElementVisible(findTestObject("Object Repository/Kullanici_Islemleri/KullaniciIslemleri")): Object 'Object Repository/Kullanici_Islemleri/KullaniciIslemleri' is visible

2021-11-12 17:18:38 - [MESSAGE][INFO] - Finding Test Object 'Object Repository/Kullanici_Islemleri/KullaniciIslemleri'

2021-11-12 17:18:38 - [MESSAGE][INFO] - Checking object

2021-11-12 17:18:38 - [MESSAGE][INFO] - Finding web element from Test Object's properties

2021-11-12 17:18:38 - [MESSAGE][INFO] - Checking timeout

2021-11-12 17:18:38 - [MESSAGE][INFO] - Finding web element with id: 'Object Repository/Kullanici_Islemleri/KullaniciIslemleri' located by 'By.cssSelector: .dropdown>a>img' in '30' second(s)

2021-11-12 17:18:38 - [MESSAGE][INFO] - Smart Wait Function is triggered

2021-11-12 17:18:39 - [MESSAGE][INFO] - Found 1 web elements with id: 'Object Repository/Kullanici_Islemleri/KullaniciIslemleri' located by 'By.cssSelector: .dropdown>a>img' in '30' second(s)

2021-11-12 17:18:39 - [MESSAGE][PASSED] - Object 'Object Repository/Kullanici_Islemleri/KullaniciIslemleri' is visible

2021-11-12 17:18:39 - [MESSAGE][PASSED] - Call Test Case 'Test Cases/Sayfalar/Giris_Sayfasi/Login' successfully

2021-11-12 17:18:39 - [MESSAGE][INFO] - Checking called Test Case

2021-11-12 17:18:39 - [MESSAGE][INFO] - Starting to call Test Case 'Test Cases/Menu/AnaMenuSecimi'

2021-11-12 17:18:39 - [TEST_CASE][PASSED] - Test Cases/Menu/AnaMenuSecimi: Test Cases/Menu/AnaMenuSecimi

2021-11-12 17:18:39 - [TEST_STEP][PASSED] - Method.TextDegerineEsitElementeTikla(findTestObject("Menu/Ana_Menu"), Ana_Menu): Method.TextDegerineEsitElementeTikla is PASSED

2021-11-12 17:18:39 - [MESSAGE][INFO] - Finding Test Object 'Object Repository/Menu/Ana_Menu'

2021-11-12 17:18:39 - [MESSAGE][INFO] - Checking timeout

2021-11-12 17:18:39 - [MESSAGE][INFO] - Finding web element with id: 'Object Repository/Menu/Ana_Menu' located by 'By.xpath: //*[@class = 'dropdown-toggle']' in '10' second(s)

2021-11-12 17:18:39 - [MESSAGE][INFO] - Smart Wait Function is triggered

2021-11-12 17:18:39 - [MESSAGE][INFO] - Found 14 web elements with id: 'Object Repository/Menu/Ana_Menu' located by 'By.xpath: //*[@class = 'dropdown-toggle']' in '10' second(s)

2021-11-12 17:18:39 - [MESSAGE][PASSED] - Method.TextDegerineEsitElementeTikla is PASSED

2021-11-12 17:18:39 - [MESSAGE][PASSED] - Call Test Case 'Test Cases/Menu/AnaMenuSecimi' successfully

2021-11-12 17:18:39 - [MESSAGE][INFO] - Checking called Test Case

2021-11-12 17:18:39 - [MESSAGE][INFO] - Starting to call Test Case 'Test Cases/Menu/BasligaGoreAltMenuSecimi'

2021-11-12 17:18:39 - [TEST_CASE][PASSED] - Test Cases/Menu/BasligaGoreAltMenuSecimi: Test Cases/Menu/BasligaGoreAltMenuSecimi

2021-11-12 17:18:39 - [TEST_STEP][PASSED] - Method.TextDegerineEsitElementinAltindakiTextDegerineEsitOlanaTikla(findTestObject("Menu/Menu_Basligi"), findTestObject("Menu/Basliga_Gore_Alt_Menu"), Baslik, Alt_Menu): Method.TextDegerineEsitElementinAltindakiTextDegerineEsitOlanaTikla is PASSED

2021-11-12 17:18:39 - [MESSAGE][INFO] - Finding Test Object 'Object Repository/Menu/Menu_Basligi'

2021-11-12 17:18:39 - [MESSAGE][INFO] - Finding Test Object 'Object Repository/Menu/Basliga_Gore_Alt_Menu'

2021-11-12 17:18:40 - [MESSAGE][INFO] - Checking timeout

2021-11-12 17:18:40 - [MESSAGE][INFO] - Finding web element with id: 'Object Repository/Menu/Menu_Basligi' located by 'By.xpath: //li[@class='dropdown dropdown-large open']//li[@class='dropdown-header']' in '10' second(s)

2021-11-12 17:18:40 - [MESSAGE][INFO] - Smart Wait Function is triggered

2021-11-12 17:18:40 - [MESSAGE][INFO] - Found 2 web elements with id: 'Object Repository/Menu/Menu_Basligi' located by 'By.xpath: //li[@class='dropdown dropdown-large open']//li[@class='dropdown-header']' in '10' second(s)

2021-11-12 17:18:40 - [MESSAGE][INFO] - Smart Wait Function is triggered

2021-11-12 17:18:46 - [MESSAGE][PASSED] - Method.TextDegerineEsitElementinAltindakiTextDegerineEsitOlanaTikla is PASSED

2021-11-12 17:18:46 - [MESSAGE][PASSED] - Call Test Case 'Test Cases/Menu/BasligaGoreAltMenuSecimi' successfully

2021-11-12 17:18:46 - [MESSAGE][INFO] - Checking called Test Case

2021-11-12 17:18:46 - [MESSAGE][INFO] - Starting to call Test Case 'Test Cases/Filtreler/BaslangicYaz'

2021-11-12 17:18:46 - [TEST_CASE][PASSED] - Test Cases/Filtreler/BaslangicYaz: Test Cases/Filtreler/BaslangicYaz

2021-11-12 17:18:46 - [TEST_STEP][PASSED] - Method.TextDegerineEsitElementinAltindakineTikla(findTestObject("Filtreler/Basliklar"), findTestObject("Filtreler/Basliga_Gore_Baslangic_Image"), Filtre_Adi): Method.TextDegerineEsitElementinAltindakineTikla is PASSED

2021-11-12 17:18:46 - [MESSAGE][INFO] - Finding Test Object 'Object Repository/Filtreler/Basliklar'

2021-11-12 17:18:46 - [MESSAGE][INFO] - Finding Test Object 'Object Repository/Filtreler/Basliga_Gore_Baslangic_Image'

2021-11-12 17:18:46 - [MESSAGE][INFO] - Checking timeout

2021-11-12 17:18:46 - [MESSAGE][INFO] - Finding web element with id: 'Object Repository/Filtreler/Basliklar' located by 'By.cssSelector: .control-label.col-sm-4.paddingMarginRLC' in '10' second(s)

2021-11-12 17:18:46 - [MESSAGE][INFO] - Smart Wait Function is triggered

2021-11-12 17:18:46 - [MESSAGE][INFO] - Found 19 web elements with id: 'Object Repository/Filtreler/Basliklar' located by 'By.cssSelector: .control-label.col-sm-4.paddingMarginRLC' in '10' second(s)

2021-11-12 17:18:47 - [MESSAGE][INFO] - Smart Wait Function is triggered

2021-11-12 17:18:47 - [MESSAGE][PASSED] - Method.TextDegerineEsitElementinAltindakineTikla is PASSED

2021-11-12 17:18:47 - [TEST_STEP][PASSED] - Method.TextDegerineEsitElementinAltindakiTextboxtaYaz(findTestObject("Filtreler/Basliklar"), findTestObject("Filtreler/Basliga_Gore_Baslangic"), Filtre_Adi, Filtre_Degeri): Method.TextDegerineEsitElementinAltindakiTextboxtaYaz is PASSED

2021-11-12 17:18:47 - [MESSAGE][INFO] - Finding Test Object 'Object Repository/Filtreler/Basliklar'

2021-11-12 17:18:47 - [MESSAGE][INFO] - Finding Test Object 'Object Repository/Filtreler/Basliga_Gore_Baslangic'

2021-11-12 17:18:47 - [MESSAGE][INFO] - Checking timeout

2021-11-12 17:18:47 - [MESSAGE][INFO] - Finding web element with id: 'Object Repository/Filtreler/Basliklar' located by 'By.cssSelector: .control-label.col-sm-4.paddingMarginRLC' in '10' second(s)

2021-11-12 17:18:47 - [MESSAGE][INFO] - Smart Wait Function is triggered

2021-11-12 17:18:47 - [MESSAGE][INFO] - Found 19 web elements with id: 'Object Repository/Filtreler/Basliklar' located by 'By.cssSelector: .control-label.col-sm-4.paddingMarginRLC' in '10' second(s)

2021-11-12 17:18:47 - [MESSAGE][INFO] - Smart Wait Function is triggered

2021-11-12 17:18:48 - [MESSAGE][PASSED] - Method.TextDegerineEsitElementinAltindakiTextboxtaYaz is PASSED

2021-11-12 17:18:48 - [MESSAGE][PASSED] - Call Test Case 'Test Cases/Filtreler/BaslangicYaz' successfully

2021-11-12 17:18:48 - [MESSAGE][INFO] - Checking called Test Case

2021-11-12 17:18:48 - [MESSAGE][INFO] - Starting to call Test Case 'Test Cases/Filtreler/BitisYaz'

2021-11-12 17:18:48 - [TEST_CASE][PASSED] - Test Cases/Filtreler/BitisYaz: Test Cases/Filtreler/BitisYaz

2021-11-12 17:18:48 - [TEST_STEP][PASSED] - Method.TextDegerineEsitElementinAltindakineTikla(findTestObject("Filtreler/Basliklar"), findTestObject("Filtreler/Basliga_Gore_Bitis_Image"), Filtre_Adi): Method.TextDegerineEsitElementinAltindakineTikla is PASSED

2021-11-12 17:18:48 - [MESSAGE][INFO] - Finding Test Object 'Object Repository/Filtreler/Basliklar'

2021-11-12 17:18:48 - [MESSAGE][INFO] - Finding Test Object 'Object Repository/Filtreler/Basliga_Gore_Bitis_Image'

2021-11-12 17:18:48 - [MESSAGE][INFO] - Checking timeout

2021-11-12 17:18:48 - [MESSAGE][INFO] - Finding web element with id: 'Object Repository/Filtreler/Basliklar' located by 'By.cssSelector: .control-label.col-sm-4.paddingMarginRLC' in '10' second(s)

2021-11-12 17:18:48 - [MESSAGE][INFO] - Smart Wait Function is triggered

2021-11-12 17:18:48 - [MESSAGE][INFO] - Found 19 web elements with id: 'Object Repository/Filtreler/Basliklar' located by 'By.cssSelector: .control-label.col-sm-4.paddingMarginRLC' in '10' second(s)

2021-11-12 17:18:49 - [MESSAGE][INFO] - Smart Wait Function is triggered

2021-11-12 17:18:49 - [MESSAGE][PASSED] - Method.TextDegerineEsitElementinAltindakineTikla is PASSED

2021-11-12 17:18:49 - [TEST_STEP][PASSED] - Method.TextDegerineEsitElementinAltindakiTextboxtaYaz(findTestObject("Filtreler/Basliklar"), findTestObject("Object Repository/Filtreler/Basliga_Gore_Bitis"), Filtre_Adi, Filtre_Degeri): Method.TextDegerineEsitElementinAltindakiTextboxtaYaz is PASSED

2021-11-12 17:18:49 - [MESSAGE][INFO] - Finding Test Object 'Object Repository/Filtreler/Basliklar'

2021-11-12 17:18:49 - [MESSAGE][INFO] - Finding Test Object 'Object Repository/Filtreler/Basliga_Gore_Bitis'

2021-11-12 17:18:49 - [MESSAGE][INFO] - Checking timeout

2021-11-12 17:18:49 - [MESSAGE][INFO] - Finding web element with id: 'Object Repository/Filtreler/Basliklar' located by 'By.cssSelector: .control-label.col-sm-4.paddingMarginRLC' in '10' second(s)

2021-11-12 17:18:49 - [MESSAGE][INFO] - Smart Wait Function is triggered

2021-11-12 17:18:49 - [MESSAGE][INFO] - Found 19 web elements with id: 'Object Repository/Filtreler/Basliklar' located by 'By.cssSelector: .control-label.col-sm-4.paddingMarginRLC' in '10' second(s)

2021-11-12 17:18:49 - [MESSAGE][INFO] - Smart Wait Function is triggered

2021-11-12 17:18:50 - [MESSAGE][PASSED] - Method.TextDegerineEsitElementinAltindakiTextboxtaYaz is PASSED

2021-11-12 17:18:50 - [MESSAGE][PASSED] - Call Test Case 'Test Cases/Filtreler/BitisYaz' successfully

2021-11-12 17:18:50 - [MESSAGE][INFO] - Checking called Test Case

2021-11-12 17:18:50 - [MESSAGE][INFO] - Starting to call Test Case 'Test Cases/Filtreler/ButonaTikla'

2021-11-12 17:18:50 - [TEST_CASE][PASSED] - Test Cases/Filtreler/ButonaTikla: Test Cases/Filtreler/ButonaTikla

2021-11-12 17:18:50 - [TEST_STEP][PASSED] - Method.TextDegerineEsitElementeTikla(findTestObject("Filtreler/Butonlar"), Filtre_Buton): Method.TextDegerineEsitElementeTikla is PASSED

2021-11-12 17:18:50 - [MESSAGE][INFO] - Finding Test Object 'Object Repository/Filtreler/Butonlar'

2021-11-12 17:18:50 - [MESSAGE][INFO] - Checking timeout

2021-11-12 17:18:50 - [MESSAGE][INFO] - Finding web element with id: 'Object Repository/Filtreler/Butonlar' located by 'By.cssSelector: .dxb>span' in '10' second(s)

2021-11-12 17:18:50 - [MESSAGE][INFO] - Smart Wait Function is triggered

2021-11-12 17:18:50 - [MESSAGE][INFO] - Found 3 web elements with id: 'Object Repository/Filtreler/Butonlar' located by 'By.cssSelector: .dxb>span' in '10' second(s)

2021-11-12 17:18:51 - [MESSAGE][PASSED] - Method.TextDegerineEsitElementeTikla is PASSED

2021-11-12 17:18:51 - [MESSAGE][PASSED] - Call Test Case 'Test Cases/Filtreler/ButonaTikla' successfully

2021-11-12 17:18:51 - [MESSAGE][INFO] - Checking called Test Case

2021-11-12 17:18:51 - [MESSAGE][INFO] - Starting to call Test Case 'Test Cases/Tablo/TablodaVeriVarMi'

2021-11-12 17:18:51 - [TEST_CASE][PASSED] - Test Cases/Tablo/TablodaVeriVarMi: Test Cases/Tablo/TablodaVeriVarMi

2021-11-12 17:18:51 - [TEST_STEP][PASSED] - verifyTextNotPresent("Görüntülenecek veri yok", true): Text 'Görüntülenecek veri yok' is not present on page using regular expression

2021-11-12 17:18:51 - [MESSAGE][INFO] - Checking text present  using regular expression

2021-11-12 17:18:51 - [MESSAGE][INFO] - Smart Wait Function is triggered

2021-11-12 17:18:53 - [MESSAGE][INFO] - Finding text 'Görüntülenecek veri yok' on page  using regular expression

2021-11-12 17:18:53 - [MESSAGE][PASSED] - Text 'Görüntülenecek veri yok' is not present on page using regular expression

2021-11-12 17:18:53 - [MESSAGE][PASSED] - Call Test Case 'Test Cases/Tablo/TablodaVeriVarMi' successfully

2021-11-12 17:18:53 - [MESSAGE][INFO] - Checking called Test Case

2021-11-12 17:18:53 - [MESSAGE][INFO] - Starting to call Test Case 'Test Cases/Tablo/TablodanVeriSec'

2021-11-12 17:18:53 - [TEST_CASE][PASSED] - Test Cases/Tablo/TablodanVeriSec: Test Cases/Tablo/TablodanVeriSec

2021-11-12 17:18:53 - [TEST_STEP][PASSED] - Method.TextDegerineEsitElementinAltindakineTikla(findTestObject("Tablo/Veriler"), findTestObject("Tablo/VerininCheckBoxi"), Veri_Adi): Method.TextDegerineEsitElementinAltindakineTikla is PASSED

2021-11-12 17:18:53 - [MESSAGE][INFO] - Finding Test Object 'Object Repository/Tablo/Veriler'

2021-11-12 17:18:53 - [MESSAGE][INFO] - Finding Test Object 'Object Repository/Tablo/VerininCheckBoxi'

2021-11-12 17:18:53 - [MESSAGE][INFO] - Checking timeout

2021-11-12 17:18:53 - [MESSAGE][INFO] - Finding web element with id: 'Object Repository/Tablo/Veriler' located by 'By.cssSelector: td.dxgv b ,td.dxgv' in '10' second(s)

2021-11-12 17:18:53 - [MESSAGE][INFO] - Smart Wait Function is triggered

2021-11-12 17:18:53 - [MESSAGE][INFO] - Found 110 web elements with id: 'Object Repository/Tablo/Veriler' located by 'By.cssSelector: td.dxgv b ,td.dxgv' in '10' second(s)

2021-11-12 17:18:53 - [MESSAGE][INFO] - Smart Wait Function is triggered

2021-11-12 17:18:54 - [MESSAGE][PASSED] - Method.TextDegerineEsitElementinAltindakineTikla is PASSED

2021-11-12 17:18:54 - [MESSAGE][PASSED] - Call Test Case 'Test Cases/Tablo/TablodanVeriSec' successfully

2021-11-12 17:18:54 - [MESSAGE][INFO] - Checking called Test Case

2021-11-12 17:18:54 - [MESSAGE][INFO] - Starting to call Test Case 'Test Cases/Butonlar/ButonaTikla'

2021-11-12 17:18:54 - [TEST_CASE][PASSED] - Test Cases/Butonlar/ButonaTikla: Test Cases/Butonlar/ButonaTikla

2021-11-12 17:18:54 - [TEST_STEP][PASSED] - Method.TextDegerineEsitElementeTiklaEquals(findTestObject("Butonlar/Butonlar"), Buton_Adi): Method.TextDegerineEsitElementeTiklaEquals is PASSED

2021-11-12 17:18:54 - [MESSAGE][INFO] - Finding Test Object 'Object Repository/Butonlar/Butonlar'

2021-11-12 17:18:54 - [MESSAGE][INFO] - Checking timeout

2021-11-12 17:18:54 - [MESSAGE][INFO] - Finding web element with id: 'Object Repository/Butonlar/Butonlar' located by 'By.cssSelector: .panel.panel-default.text-center.footerPanel .btn,.btn.btn-primary.btnControls' in '10' second(s)

2021-11-12 17:18:54 - [MESSAGE][INFO] - Smart Wait Function is triggered

2021-11-12 17:18:54 - [MESSAGE][INFO] - Found 12 web elements with id: 'Object Repository/Butonlar/Butonlar' located by 'By.cssSelector: .panel.panel-default.text-center.footerPanel .btn,.btn.btn-primary.btnControls' in '10' second(s)

2021-11-12 17:18:54 - [MESSAGE][PASSED] - Method.TextDegerineEsitElementeTiklaEquals is PASSED

2021-11-12 17:18:54 - [MESSAGE][PASSED] - Call Test Case 'Test Cases/Butonlar/ButonaTikla' successfully

2021-11-12 17:18:54 - [MESSAGE][INFO] - Checking called Test Case

2021-11-12 17:18:54 - [MESSAGE][INFO] - Starting to call Test Case 'Test Cases/Sekmeler/YeniSekmeyeGec'

2021-11-12 17:18:55 - [TEST_CASE][PASSED] - Test Cases/Sekmeler/YeniSekmeyeGec: Test Cases/Sekmeler/YeniSekmeyeGec

2021-11-12 17:18:55 - [TEST_STEP][PASSED] - switchToWindowIndex(1): Switched to window with index: '1'

2021-11-12 17:18:55 - [MESSAGE][INFO] - Checking index

2021-11-12 17:18:55 - [MESSAGE][INFO] - Switching window with index: '1'

2021-11-12 17:18:55 - [MESSAGE][PASSED] - Switched to window with index: '1'

2021-11-12 17:18:55 - [MESSAGE][PASSED] - Call Test Case 'Test Cases/Sekmeler/YeniSekmeyeGec' successfully

2021-11-12 17:18:55 - [MESSAGE][INFO] - Checking called Test Case

2021-11-12 17:18:55 - [MESSAGE][INFO] - Starting to call Test Case 'Test Cases/Sekmeler/YeniSekmeBasligindaVarMi'

2021-11-12 17:18:55 - [TEST_CASE][PASSED] - Test Cases/Sekmeler/YeniSekmeBasligindaVarMi: Test Cases/Sekmeler/YeniSekmeBasligindaVarMi

2021-11-12 17:18:55 - [TEST_STEP][PASSED] - verifyElementText(findTestObject("Object Repository/Sekmeler/Olusturma_Goster_Baslik"), Title): Actual text and expected text of test object 'Object Repository/Sekmeler/Olusturma_Goster_Baslik' are matched.

2021-11-12 17:18:55 - [MESSAGE][INFO] - Finding Test Object 'Object Repository/Sekmeler/Olusturma_Goster_Baslik'

2021-11-12 17:18:55 - [MESSAGE][INFO] - Checking object

2021-11-12 17:18:55 - [MESSAGE][INFO] - Finding web element from Test Object's properties

2021-11-12 17:18:55 - [MESSAGE][INFO] - Checking timeout

2021-11-12 17:18:55 - [MESSAGE][INFO] - Finding web element with id: 'Object Repository/Sekmeler/Olusturma_Goster_Baslik' located by 'By.cssSelector: h1>span,td>font,font' in '30' second(s)

2021-11-12 17:18:55 - [MESSAGE][INFO] - Smart Wait Function is triggered

2021-11-12 17:19:01 - [MESSAGE][INFO] - Found 1 web elements with id: 'Object Repository/Sekmeler/Olusturma_Goster_Baslik' located by 'By.cssSelector: h1>span,td>font,font' in '30' second(s)

2021-11-12 17:19:01 - [MESSAGE][PASSED] - Actual text and expected text of test object 'Object Repository/Sekmeler/Olusturma_Goster_Baslik' are matched.

2021-11-12 17:19:01 - [MESSAGE][PASSED] - Call Test Case 'Test Cases/Sekmeler/YeniSekmeBasligindaVarMi' successfully

2021-11-12 17:19:01 - [MESSAGE][INFO] - Checking called Test Case

2021-11-12 17:19:01 - [MESSAGE][INFO] - Starting to call Test Case 'Test Cases/Sekmeler/Ana_Sekmeye_Gec'

2021-11-12 17:19:01 - [TEST_CASE][PASSED] - Test Cases/Sekmeler/Ana_Sekmeye_Gec: Test Cases/Sekmeler/Ana_Sekmeye_Gec

2021-11-12 17:19:01 - [TEST_STEP][PASSED] - try: Window with index 1 is closed

2021-11-12 17:19:01 - [TEST_STEP][PASSED] - index = getWindowIndex(): Current window's index is: 1

2021-11-12 17:19:01 - [MESSAGE][INFO] - Getting current window's index

2021-11-12 17:19:01 - [MESSAGE][PASSED] - Current window's index is: 1

2021-11-12 17:19:01 - [TEST_STEP][PASSED] - closeWindowIndex(index): Window with index 1 is closed

2021-11-12 17:19:01 - [MESSAGE][INFO] - Checking index

2021-11-12 17:19:01 - [MESSAGE][INFO] - Closing window with index 1

2021-11-12 17:19:01 - [MESSAGE][PASSED] - Window with index 1 is closed

2021-11-12 17:19:01 - [TEST_STEP][PASSED] - switchToWindowIndex(0): Switched to window with index: '0'

2021-11-12 17:19:01 - [MESSAGE][INFO] - Checking index

2021-11-12 17:19:01 - [MESSAGE][INFO] - Switching window with index: '0'

2021-11-12 17:19:01 - [MESSAGE][PASSED] - Switched to window with index: '0'

2021-11-12 17:19:01 - [MESSAGE][PASSED] - Call Test Case 'Test Cases/Sekmeler/Ana_Sekmeye_Gec' successfully

2021-11-12 17:19:01 - [MESSAGE][INFO] - Checking called Test Case

2021-11-12 17:19:01 - [MESSAGE][INFO] - Starting to call Test Case 'Test Cases/Kullanici_Islemleri/KullaniciIslemlerindenSecimYapilir'

2021-11-12 17:19:01 - [TEST_CASE][PASSED] - Test Cases/Kullanici_Islemleri/KullaniciIslemlerindenSecimYapilir: Test Cases/Kullanici_Islemleri/KullaniciIslemlerindenSecimYapilir

2021-11-12 17:19:01 - [TEST_STEP][PASSED] - waitForElementClickable(findTestObject("Object Repository/Kullanici_Islemleri/KullaniciIslemleri"), 10): Object 'Object Repository/Kullanici_Islemleri/KullaniciIslemleri' is clickable

2021-11-12 17:19:01 - [MESSAGE][INFO] - Finding Test Object 'Object Repository/Kullanici_Islemleri/KullaniciIslemleri'

2021-11-12 17:19:01 - [MESSAGE][INFO] - Checking object

2021-11-12 17:19:01 - [MESSAGE][INFO] - Checking timeout

2021-11-12 17:19:01 - [MESSAGE][INFO] - Finding web element from Test Object's properties

2021-11-12 17:19:01 - [MESSAGE][INFO] - Checking timeout

2021-11-12 17:19:01 - [MESSAGE][INFO] - Finding web element with id: 'Object Repository/Kullanici_Islemleri/KullaniciIslemleri' located by 'By.cssSelector: .dropdown>a>img' in '10' second(s)

2021-11-12 17:19:01 - [MESSAGE][INFO] - Smart Wait Function is triggered

2021-11-12 17:19:01 - [MESSAGE][INFO] - Found 1 web elements with id: 'Object Repository/Kullanici_Islemleri/KullaniciIslemleri' located by 'By.cssSelector: .dropdown>a>img' in '10' second(s)

2021-11-12 17:19:01 - [MESSAGE][PASSED] - Object 'Object Repository/Kullanici_Islemleri/KullaniciIslemleri' is clickable

2021-11-12 17:19:01 - [TEST_STEP][PASSED] - click(findTestObject("Object Repository/Kullanici_Islemleri/KullaniciIslemleri")): Object: 'Object Repository/Kullanici_Islemleri/KullaniciIslemleri' is clicked on

2021-11-12 17:19:01 - [MESSAGE][INFO] - Finding Test Object 'Object Repository/Kullanici_Islemleri/KullaniciIslemleri'

2021-11-12 17:19:01 - [MESSAGE][INFO] - Checking object

2021-11-12 17:19:01 - [MESSAGE][INFO] - Finding web element from Test Object's properties

2021-11-12 17:19:01 - [MESSAGE][INFO] - Checking timeout

2021-11-12 17:19:01 - [MESSAGE][INFO] - Finding web element with id: 'Object Repository/Kullanici_Islemleri/KullaniciIslemleri' located by 'By.cssSelector: .dropdown>a>img' in '30' second(s)

2021-11-12 17:19:01 - [MESSAGE][INFO] - Smart Wait Function is triggered

2021-11-12 17:19:02 - [MESSAGE][INFO] - Found 1 web elements with id: 'Object Repository/Kullanici_Islemleri/KullaniciIslemleri' located by 'By.cssSelector: .dropdown>a>img' in '30' second(s)

2021-11-12 17:19:02 - [MESSAGE][INFO] - Clicking on object: 'Object Repository/Kullanici_Islemleri/KullaniciIslemleri'

2021-11-12 17:19:02 - [MESSAGE][PASSED] - Object: 'Object Repository/Kullanici_Islemleri/KullaniciIslemleri' is clicked on

2021-11-12 17:19:02 - [TEST_STEP][PASSED] - Method.TextDegerineEsitElementeTikla(findTestObject("Object Repository/Kullanici_Islemleri/Secenekler"), Islem): Method.TextDegerineEsitElementeTikla is PASSED

2021-11-12 17:19:02 - [MESSAGE][INFO] - Finding Test Object 'Object Repository/Kullanici_Islemleri/Secenekler'

2021-11-12 17:19:02 - [MESSAGE][INFO] - Checking timeout

2021-11-12 17:19:02 - [MESSAGE][INFO] - Finding web element with id: 'Object Repository/Kullanici_Islemleri/Secenekler' located by 'By.cssSelector: .nav.navbar-nav.navbar-right li a' in '10' second(s)

2021-11-12 17:19:02 - [MESSAGE][INFO] - Smart Wait Function is triggered

2021-11-12 17:19:02 - [MESSAGE][INFO] - Found 22 web elements with id: 'Object Repository/Kullanici_Islemleri/Secenekler' located by 'By.cssSelector: .nav.navbar-nav.navbar-right li a' in '10' second(s)

2021-11-12 17:19:06 - [MESSAGE][PASSED] - Method.TextDegerineEsitElementeTikla is PASSED

2021-11-12 17:19:06 - [TEST_STEP][PASSED] - verifyElementNotPresent(findTestObject("Object Repository/Kullanici_Islemleri/Secenekler"), 10): Web element with id: 'Object Repository/Kullanici_Islemleri/Secenekler' located by 'By.cssSelector: .nav.navbar-nav.navbar-right li a' is not present after '10' second(s)

2021-11-12 17:19:06 - [MESSAGE][INFO] - Finding Test Object 'Object Repository/Kullanici_Islemleri/Secenekler'

2021-11-12 17:19:06 - [MESSAGE][INFO] - Checking object

2021-11-12 17:19:06 - [MESSAGE][INFO] - Checking timeout

2021-11-12 17:19:06 - [MESSAGE][INFO] - Finding web element with id: 'Object Repository/Kullanici_Islemleri/Secenekler' located by 'By.cssSelector: .nav.navbar-nav.navbar-right li a' in '10' second(s)

2021-11-12 17:19:06 - [MESSAGE][INFO] - Smart Wait Function is triggered

2021-11-12 17:19:07 - [MESSAGE][PASSED] - Web element with id: 'Object Repository/Kullanici_Islemleri/Secenekler' located by 'By.cssSelector: .nav.navbar-nav.navbar-right li a' is not present after '10' second(s)

2021-11-12 17:19:07 - [MESSAGE][PASSED] - Call Test Case 'Test Cases/Kullanici_Islemleri/KullaniciIslemlerindenSecimYapilir' successfully

2021-11-12 17:19:07 - [TEST_CASE][PASSED] - Start Test Case : SCENARIO e-Arsiv Faturasi Varsayılan Ile Gosterilmesi: SCENARIO e-Arsiv Faturasi Varsayılan Ile Gosterilmesi

2021-11-12 17:19:07 - [TEST_STEP][PASSED] - Kullanıcı adı ELOGO6 ve Şifre 123456 olarak giriş yapılır: Kullanıcı adı ELOGO6 ve Şifre 123456 olarak giriş yapılır

2021-11-12 17:19:07 - [MESSAGE][PASSED] - Kullanıcı adı ELOGO6 ve Şifre 123456 olarak giriş yapılır

2021-11-12 17:19:07 - [TEST_STEP][PASSED] - Ana menüden e-Arşiv seçilir: Ana menüden e-Arşiv seçilir

2021-11-12 17:19:07 - [MESSAGE][PASSED] - Ana menüden e-Arşiv seçilir

2021-11-12 17:19:07 - [TEST_STEP][PASSED] - Alt menü e-Arşiv Hareketleri başlığı altındaki e-Arşiv Faturaları seçilir: Alt menü e-Arşiv Hareketleri başlığı altındaki e-Arşiv Faturaları seçilir

2021-11-12 17:19:07 - [MESSAGE][PASSED] - Alt menü e-Arşiv Hareketleri başlığı altındaki e-Arşiv Faturaları seçilir

2021-11-12 17:19:07 - [TEST_STEP][PASSED] - Filtrelerden Oluşturma Tarihi filtresine 01.07.2020 baslangic degerini yaz: Filtrelerden Oluşturma Tarihi filtresine 01.07.2020 baslangic degerini yaz

2021-11-12 17:19:07 - [MESSAGE][PASSED] - Filtrelerden Oluşturma Tarihi filtresine 01.07.2020 baslangic degerini yaz

2021-11-12 17:19:07 - [TEST_STEP][PASSED] - Filtrelerden Oluşturma Tarihi filtresine 31.07.2020 bitis degerini yaz: Filtrelerden Oluşturma Tarihi filtresine 31.07.2020 bitis degerini yaz

2021-11-12 17:19:07 - [MESSAGE][PASSED] - Filtrelerden Oluşturma Tarihi filtresine 31.07.2020 bitis degerini yaz

2021-11-12 17:19:07 - [TEST_STEP][PASSED] - Filtre butonlarından Listele seçilir: Filtre butonlarından Listele seçilir

2021-11-12 17:19:07 - [MESSAGE][PASSED] - Filtre butonlarından Listele seçilir

2021-11-12 17:19:07 - [TEST_STEP][PASSED] - Tabloda veri var mı kontrol edilir: Tabloda veri var mı kontrol edilir

2021-11-12 17:19:07 - [MESSAGE][PASSED] - Tabloda veri var mı kontrol edilir

2021-11-12 17:19:07 - [TEST_STEP][PASSED] - Tablodan test test isimli veri seçilir: Tablodan test test isimli veri seçilir

2021-11-12 17:19:07 - [MESSAGE][PASSED] - Tablodan test test isimli veri seçilir

2021-11-12 17:19:07 - [TEST_STEP][PASSED] - Butonlardan Varsayılan İle Göster isimli butona tıklanır: Butonlardan Varsayılan İle Göster isimli butona tıklanır

2021-11-12 17:19:07 - [MESSAGE][PASSED] - Butonlardan Varsayılan İle Göster isimli butona tıklanır

2021-11-12 17:19:07 - [TEST_STEP][PASSED] - Yeni açılan sekmeye geçilir: Yeni açılan sekmeye geçilir

2021-11-12 17:19:07 - [MESSAGE][PASSED] - Yeni açılan sekmeye geçilir

2021-11-12 17:19:07 - [TEST_STEP][PASSED] - Yeni sekme başlığında e-Arşiv Fatura var mı kontrol edilir: Yeni sekme başlığında e-Arşiv Fatura var mı kontrol edilir

2021-11-12 17:19:07 - [MESSAGE][PASSED] - Yeni sekme başlığında e-Arşiv Fatura var mı kontrol edilir

2021-11-12 17:19:07 - [TEST_STEP][PASSED] - Ana sekmeye geçilir: Ana sekmeye geçilir

2021-11-12 17:19:07 - [MESSAGE][PASSED] - Ana sekmeye geçilir

2021-11-12 17:19:07 - [TEST_STEP][PASSED] - Kullanıcı işlemlerinden Çıkış seçilir: Kullanıcı işlemlerinden Çıkış seçilir

2021-11-12 17:19:07 - [MESSAGE][PASSED] - Kullanıcı işlemlerinden Çıkış seçilir

2021-11-12 17:19:07 - [MESSAGE][PASSED] - Feature file: 'Include/features/e-Arsiv/e-Arsiv Hareketleri/e-Arsiv Faturalari/Varsayılan Ile Gosterilmesi.feature' was passed

2021-11-12 17:19:07 - [TEST_STEP][PASSED] - Start listener action : sampleAfterTestSuite: Invoke 'com.kms.katalon.core.annotation.AfterTestCase' method: 'Listener.sampleAfterTestSuite(...)' completed.

2021-11-12 17:19:07 - [MESSAGE][INFO] - Starting invoke 'com.kms.katalon.core.annotation.AfterTestCase' method: 'Listener.sampleAfterTestSuite(...)'

2021-11-12 17:19:07 - [TEST_STEP][PASSED] - closeBrowser(): Invoke 'com.kms.katalon.core.annotation.AfterTestCase' method: 'Listener.sampleAfterTestSuite(...)' completed.

2021-11-12 17:19:07 - [MESSAGE][INFO] - Closing browser

2021-11-12 17:19:07 - [MESSAGE][PASSED] - Browser is closed

2021-11-12 17:19:07 - [MESSAGE][INFO] - Invoke 'com.kms.katalon.core.annotation.AfterTestCase' method: 'Listener.sampleAfterTestSuite(...)' completed.]]></system-out>
         <system-err><![CDATA[]]></system-err>
      </testcase>
      <testcase name="Test Cases/Case Repository/e-Arsiv/e-Arsiv Hareketleri/e-Arsiv Raporlari/Ekran Kontrolu" time="56.401" classname="Test Cases/Case Repository/e-Arsiv/e-Arsiv Hareketleri/e-Arsiv Raporlari/Ekran Kontrolu" status="PASSED">
         <system-out><![CDATA[2021-11-12 17:19:07 - [TEST_CASE][PASSED] - Test Cases/Case Repository/e-Arsiv/e-Arsiv Hareketleri/e-Arsiv Raporlari/Ekran Kontrolu: Test Cases/Case Repository/e-Arsiv/e-Arsiv Hareketleri/e-Arsiv Raporlari/Ekran Kontrolu

2021-11-12 17:19:07 - [TEST_STEP][PASSED] - Start listener action : sampleBeforeTestSuite: Invoke 'com.kms.katalon.core.annotation.BeforeTestCase' method: 'Listener.sampleBeforeTestSuite(...)' completed.

2021-11-12 17:19:07 - [MESSAGE][INFO] - Starting invoke 'com.kms.katalon.core.annotation.BeforeTestCase' method: 'Listener.sampleBeforeTestSuite(...)'

2021-11-12 17:19:07 - [TEST_STEP][PASSED] - openBrowser(baseUrl): Browser is opened with url: 'https://efatura-stage.elogo.com.tr/'

2021-11-12 17:19:07 - [MESSAGE][INFO] - Opening browser

2021-11-12 17:19:07 - [MESSAGE][INFO] - Starting 'Chrome' driver

2021-11-12 17:19:07 - [MESSAGE][INFO] - User set preference: ['prefs', '{download.default_directory=C:\otomasyondownfiles}']

2021-11-12 17:19:07 - [MESSAGE][INFO] - Action delay is set to 0 milliseconds

2021-11-12 17:19:09 - [MESSAGE][INFO] - Navigating browser to: 'https://efatura-stage.elogo.com.tr/'

2021-11-12 17:19:11 - [MESSAGE][PASSED] - Browser is opened with url: 'https://efatura-stage.elogo.com.tr/'

2021-11-12 17:19:11 - [TEST_STEP][PASSED] - maximizeWindow(): Invoke 'com.kms.katalon.core.annotation.BeforeTestCase' method: 'Listener.sampleBeforeTestSuite(...)' completed.

2021-11-12 17:19:11 - [MESSAGE][INFO] - Maximizing current window

2021-11-12 17:19:11 - [MESSAGE][PASSED] - Current window maximized

2021-11-12 17:19:11 - [MESSAGE][INFO] - Invoke 'com.kms.katalon.core.annotation.BeforeTestCase' method: 'Listener.sampleBeforeTestSuite(...)' completed.

2021-11-12 17:19:12 - [TEST_STEP][PASSED] - runFeatureFile("Include/features/e-Arsiv/e-Arsiv Hareketleri/e-Arsiv Raporlari/Ekran Kontrolu.feature"): Feature file: 'Include/features/e-Arsiv/e-Arsiv Hareketleri/e-Arsiv Raporlari/Ekran Kontrolu.feature' was passed

2021-11-12 17:19:12 - [MESSAGE][INFO] - Starting run keyword runFeatureFile: 'Include/features/e-Arsiv/e-Arsiv Hareketleri/e-Arsiv Raporlari/Ekran Kontrolu.feature' and extract report to folder: 'C:\Users\DELL\Documents\GitHub\EES_KatalonLogo\Reports\20211112_170311\Suite Repository\e-Arsiv\20211112_170317/cucumber_report/1636726752240'...

2021-11-12 17:19:12 - [MESSAGE][INFO] - Glue: []

2021-11-12 17:19:13 - [MESSAGE][INFO] - Checking called Test Case

2021-11-12 17:19:13 - [MESSAGE][INFO] - Starting to call Test Case 'Test Cases/Sayfalar/Giris_Sayfasi/Login'

2021-11-12 17:19:13 - [TEST_CASE][PASSED] - Test Cases/Sayfalar/Giris_Sayfasi/Login: Test Cases/Sayfalar/Giris_Sayfasi/Login

2021-11-12 17:19:13 - [TEST_STEP][PASSED] - Sayfa_Basligi = getWindowTitle(): Current window's title is: 'LOGO e-Fatura'

2021-11-12 17:19:13 - [MESSAGE][INFO] - Getting current window's title

2021-11-12 17:19:13 - [MESSAGE][PASSED] - Current window's title is: 'LOGO e-Fatura'

2021-11-12 17:19:13 - [TEST_STEP][PASSED] - verifyMatch(Sayfa_Basligi, "LOGO e-Fatura", false): Actual text 'LOGO e-Fatura' and expected text 'LOGO e-Fatura' are matched 

2021-11-12 17:19:13 - [MESSAGE][INFO] - Matching actual text 'LOGO e-Fatura' with expected text 'LOGO e-Fatura'

2021-11-12 17:19:13 - [MESSAGE][PASSED] - Actual text 'LOGO e-Fatura' and expected text 'LOGO e-Fatura' are matched 

2021-11-12 17:19:13 - [TEST_STEP][PASSED] - sendKeys(findTestObject("Sayfalar/Giris_Sayfasi/Firma_Kodu"), KullaniciAdi): Keys 'ELOGO6' sent to object: 'Object Repository/Sayfalar/Giris_Sayfasi/Firma_Kodu'

2021-11-12 17:19:13 - [MESSAGE][INFO] - Finding Test Object 'Object Repository/Sayfalar/Giris_Sayfasi/Firma_Kodu'

2021-11-12 17:19:13 - [MESSAGE][INFO] - Sending keys 'ELOGO6' to object: 'Object Repository/Sayfalar/Giris_Sayfasi/Firma_Kodu'

2021-11-12 17:19:13 - [MESSAGE][INFO] - Finding web element from Test Object's properties

2021-11-12 17:19:13 - [MESSAGE][INFO] - Checking timeout

2021-11-12 17:19:13 - [MESSAGE][INFO] - Finding web element with id: 'Object Repository/Sayfalar/Giris_Sayfasi/Firma_Kodu' located by 'By.xpath: //*[@id = 'AccountName']' in '30' second(s)

2021-11-12 17:19:13 - [MESSAGE][INFO] - Smart Wait Function is triggered

2021-11-12 17:19:14 - [MESSAGE][INFO] - Found 1 web elements with id: 'Object Repository/Sayfalar/Giris_Sayfasi/Firma_Kodu' located by 'By.xpath: //*[@id = 'AccountName']' in '30' second(s)

2021-11-12 17:19:14 - [MESSAGE][PASSED] - Keys 'ELOGO6' sent to object: 'Object Repository/Sayfalar/Giris_Sayfasi/Firma_Kodu'

2021-11-12 17:19:14 - [TEST_STEP][PASSED] - sendKeys(findTestObject("Sayfalar/Giris_Sayfasi/Sifre"), Sifre): Keys '123456' sent to object: 'Object Repository/Sayfalar/Giris_Sayfasi/Sifre'

2021-11-12 17:19:14 - [MESSAGE][INFO] - Finding Test Object 'Object Repository/Sayfalar/Giris_Sayfasi/Sifre'

2021-11-12 17:19:14 - [MESSAGE][INFO] - Sending keys '123456' to object: 'Object Repository/Sayfalar/Giris_Sayfasi/Sifre'

2021-11-12 17:19:14 - [MESSAGE][INFO] - Finding web element from Test Object's properties

2021-11-12 17:19:14 - [MESSAGE][INFO] - Checking timeout

2021-11-12 17:19:14 - [MESSAGE][INFO] - Finding web element with id: 'Object Repository/Sayfalar/Giris_Sayfasi/Sifre' located by 'By.xpath: //*[@id = 'Password']' in '30' second(s)

2021-11-12 17:19:14 - [MESSAGE][INFO] - Smart Wait Function is triggered

2021-11-12 17:19:14 - [MESSAGE][INFO] - Found 1 web elements with id: 'Object Repository/Sayfalar/Giris_Sayfasi/Sifre' located by 'By.xpath: //*[@id = 'Password']' in '30' second(s)

2021-11-12 17:19:14 - [MESSAGE][PASSED] - Keys '123456' sent to object: 'Object Repository/Sayfalar/Giris_Sayfasi/Sifre'

2021-11-12 17:19:14 - [TEST_STEP][PASSED] - findWebElement(findTestObject("Sayfalar/Giris_Sayfasi/Giris_Butonu")).click(): Found 1 web elements with id: 'Object Repository/Sayfalar/Giris_Sayfasi/Giris_Butonu' located by 'By.cssSelector: #btnLogin' in '30' second(s)

2021-11-12 17:19:14 - [MESSAGE][INFO] - Finding Test Object 'Object Repository/Sayfalar/Giris_Sayfasi/Giris_Butonu'

2021-11-12 17:19:14 - [MESSAGE][INFO] - Finding web element from Test Object's properties

2021-11-12 17:19:14 - [MESSAGE][INFO] - Checking timeout

2021-11-12 17:19:14 - [MESSAGE][INFO] - Finding web element with id: 'Object Repository/Sayfalar/Giris_Sayfasi/Giris_Butonu' located by 'By.cssSelector: #btnLogin' in '30' second(s)

2021-11-12 17:19:14 - [MESSAGE][INFO] - Smart Wait Function is triggered

2021-11-12 17:19:14 - [MESSAGE][INFO] - Found 1 web elements with id: 'Object Repository/Sayfalar/Giris_Sayfasi/Giris_Butonu' located by 'By.cssSelector: #btnLogin' in '30' second(s)

2021-11-12 17:19:17 - [TEST_STEP][PASSED] - if (verifyElementPresent(findTestObject("Object Repository/Sayfalar/Giris_Sayfasi/RetveTamam_Butonu"), 5, OPTIONAL)): null

2021-11-12 17:19:17 - [MESSAGE][INFO] - Finding Test Object 'Object Repository/Sayfalar/Giris_Sayfasi/RetveTamam_Butonu'

2021-11-12 17:19:17 - [MESSAGE][INFO] - Checking object

2021-11-12 17:19:17 - [MESSAGE][INFO] - Finding web element from Test Object's properties

2021-11-12 17:19:17 - [MESSAGE][INFO] - Checking timeout

2021-11-12 17:19:17 - [MESSAGE][INFO] - Finding web element with id: 'Object Repository/Sayfalar/Giris_Sayfasi/RetveTamam_Butonu' located by 'By.xpath: //*[@class = 'btn btn-default']' in '5' second(s)

2021-11-12 17:19:17 - [MESSAGE][INFO] - Smart Wait Function is triggered

2021-11-12 17:19:17 - [MESSAGE][INFO] - Found 1 web elements with id: 'Object Repository/Sayfalar/Giris_Sayfasi/RetveTamam_Butonu' located by 'By.xpath: //*[@class = 'btn btn-default']' in '5' second(s)

2021-11-12 17:19:17 - [MESSAGE][PASSED] - Object 'Object Repository/Sayfalar/Giris_Sayfasi/RetveTamam_Butonu' is present

2021-11-12 17:19:17 - [TEST_STEP][PASSED] - click(findTestObject("Object Repository/Sayfalar/Giris_Sayfasi/RetveTamam_Butonu")): Object: 'Object Repository/Sayfalar/Giris_Sayfasi/RetveTamam_Butonu' is clicked on

2021-11-12 17:19:17 - [MESSAGE][INFO] - Finding Test Object 'Object Repository/Sayfalar/Giris_Sayfasi/RetveTamam_Butonu'

2021-11-12 17:19:17 - [MESSAGE][INFO] - Checking object

2021-11-12 17:19:17 - [MESSAGE][INFO] - Finding web element from Test Object's properties

2021-11-12 17:19:17 - [MESSAGE][INFO] - Checking timeout

2021-11-12 17:19:17 - [MESSAGE][INFO] - Finding web element with id: 'Object Repository/Sayfalar/Giris_Sayfasi/RetveTamam_Butonu' located by 'By.xpath: //*[@class = 'btn btn-default']' in '30' second(s)

2021-11-12 17:19:17 - [MESSAGE][INFO] - Smart Wait Function is triggered

2021-11-12 17:19:18 - [MESSAGE][INFO] - Found 1 web elements with id: 'Object Repository/Sayfalar/Giris_Sayfasi/RetveTamam_Butonu' located by 'By.xpath: //*[@class = 'btn btn-default']' in '30' second(s)

2021-11-12 17:19:18 - [MESSAGE][INFO] - Clicking on object: 'Object Repository/Sayfalar/Giris_Sayfasi/RetveTamam_Butonu'

2021-11-12 17:19:18 - [MESSAGE][PASSED] - Object: 'Object Repository/Sayfalar/Giris_Sayfasi/RetveTamam_Butonu' is clicked on

2021-11-12 17:19:18 - [TEST_STEP][PASSED] - click(findTestObject("Object Repository/Sayfalar/Giris_Sayfasi/RetveTamam_Butonu")): Object: 'Object Repository/Sayfalar/Giris_Sayfasi/RetveTamam_Butonu' is clicked on

2021-11-12 17:19:18 - [MESSAGE][INFO] - Finding Test Object 'Object Repository/Sayfalar/Giris_Sayfasi/RetveTamam_Butonu'

2021-11-12 17:19:18 - [MESSAGE][INFO] - Checking object

2021-11-12 17:19:18 - [MESSAGE][INFO] - Finding web element from Test Object's properties

2021-11-12 17:19:18 - [MESSAGE][INFO] - Checking timeout

2021-11-12 17:19:18 - [MESSAGE][INFO] - Finding web element with id: 'Object Repository/Sayfalar/Giris_Sayfasi/RetveTamam_Butonu' located by 'By.xpath: //*[@class = 'btn btn-default']' in '30' second(s)

2021-11-12 17:19:18 - [MESSAGE][INFO] - Smart Wait Function is triggered

2021-11-12 17:19:23 - [MESSAGE][INFO] - Found 1 web elements with id: 'Object Repository/Sayfalar/Giris_Sayfasi/RetveTamam_Butonu' located by 'By.xpath: //*[@class = 'btn btn-default']' in '30' second(s)

2021-11-12 17:19:23 - [MESSAGE][INFO] - Clicking on object: 'Object Repository/Sayfalar/Giris_Sayfasi/RetveTamam_Butonu'

2021-11-12 17:19:23 - [MESSAGE][PASSED] - Object: 'Object Repository/Sayfalar/Giris_Sayfasi/RetveTamam_Butonu' is clicked on

2021-11-12 17:19:23 - [TEST_STEP][PASSED] - if (verifyElementPresent(findTestObject("Sayfalar/Giris_Sayfasi/PopupOK"), 5, OPTIONAL)): null

2021-11-12 17:19:23 - [MESSAGE][INFO] - Finding Test Object 'Object Repository/Sayfalar/Giris_Sayfasi/PopupOK'

2021-11-12 17:19:23 - [MESSAGE][INFO] - Checking object

2021-11-12 17:19:23 - [MESSAGE][INFO] - Finding web element from Test Object's properties

2021-11-12 17:19:23 - [MESSAGE][INFO] - Checking timeout

2021-11-12 17:19:23 - [MESSAGE][INFO] - Finding web element with id: 'Object Repository/Sayfalar/Giris_Sayfasi/PopupOK' located by 'By.cssSelector: .btn.btn-success' in '5' second(s)

2021-11-12 17:19:23 - [MESSAGE][INFO] - Smart Wait Function is triggered

2021-11-12 17:19:24 - [MESSAGE][INFO] - Found 1 web elements with id: 'Object Repository/Sayfalar/Giris_Sayfasi/PopupOK' located by 'By.cssSelector: .btn.btn-success' in '5' second(s)

2021-11-12 17:19:24 - [MESSAGE][PASSED] - Object 'Object Repository/Sayfalar/Giris_Sayfasi/PopupOK' is present

2021-11-12 17:19:24 - [TEST_STEP][PASSED] - click(findTestObject("Object Repository/Sayfalar/Giris_Sayfasi/PopupCarpiGiris")): Object: 'Object Repository/Sayfalar/Giris_Sayfasi/PopupCarpiGiris' is clicked on

2021-11-12 17:19:24 - [MESSAGE][INFO] - Finding Test Object 'Object Repository/Sayfalar/Giris_Sayfasi/PopupCarpiGiris'

2021-11-12 17:19:24 - [MESSAGE][INFO] - Checking object

2021-11-12 17:19:24 - [MESSAGE][INFO] - Finding web element from Test Object's properties

2021-11-12 17:19:24 - [MESSAGE][INFO] - Checking timeout

2021-11-12 17:19:24 - [MESSAGE][INFO] - Finding web element with id: 'Object Repository/Sayfalar/Giris_Sayfasi/PopupCarpiGiris' located by 'By.cssSelector: .bootbox-close-button.close' in '30' second(s)

2021-11-12 17:19:24 - [MESSAGE][INFO] - Smart Wait Function is triggered

2021-11-12 17:19:25 - [MESSAGE][INFO] - Found 1 web elements with id: 'Object Repository/Sayfalar/Giris_Sayfasi/PopupCarpiGiris' located by 'By.cssSelector: .bootbox-close-button.close' in '30' second(s)

2021-11-12 17:19:25 - [MESSAGE][INFO] - Clicking on object: 'Object Repository/Sayfalar/Giris_Sayfasi/PopupCarpiGiris'

2021-11-12 17:19:25 - [MESSAGE][PASSED] - Object: 'Object Repository/Sayfalar/Giris_Sayfasi/PopupCarpiGiris' is clicked on

2021-11-12 17:19:25 - [TEST_STEP][PASSED] - verifyElementVisible(findTestObject("Object Repository/Kullanici_Islemleri/KullaniciIslemleri")): Object 'Object Repository/Kullanici_Islemleri/KullaniciIslemleri' is visible

2021-11-12 17:19:25 - [MESSAGE][INFO] - Finding Test Object 'Object Repository/Kullanici_Islemleri/KullaniciIslemleri'

2021-11-12 17:19:25 - [MESSAGE][INFO] - Checking object

2021-11-12 17:19:25 - [MESSAGE][INFO] - Finding web element from Test Object's properties

2021-11-12 17:19:25 - [MESSAGE][INFO] - Checking timeout

2021-11-12 17:19:25 - [MESSAGE][INFO] - Finding web element with id: 'Object Repository/Kullanici_Islemleri/KullaniciIslemleri' located by 'By.cssSelector: .dropdown>a>img' in '30' second(s)

2021-11-12 17:19:25 - [MESSAGE][INFO] - Smart Wait Function is triggered

2021-11-12 17:19:25 - [MESSAGE][INFO] - Found 1 web elements with id: 'Object Repository/Kullanici_Islemleri/KullaniciIslemleri' located by 'By.cssSelector: .dropdown>a>img' in '30' second(s)

2021-11-12 17:19:25 - [MESSAGE][PASSED] - Object 'Object Repository/Kullanici_Islemleri/KullaniciIslemleri' is visible

2021-11-12 17:19:25 - [MESSAGE][PASSED] - Call Test Case 'Test Cases/Sayfalar/Giris_Sayfasi/Login' successfully

2021-11-12 17:19:25 - [MESSAGE][INFO] - Checking called Test Case

2021-11-12 17:19:25 - [MESSAGE][INFO] - Starting to call Test Case 'Test Cases/Menu/AnaMenuSecimi'

2021-11-12 17:19:26 - [TEST_CASE][PASSED] - Test Cases/Menu/AnaMenuSecimi: Test Cases/Menu/AnaMenuSecimi

2021-11-12 17:19:26 - [TEST_STEP][PASSED] - Method.TextDegerineEsitElementeTikla(findTestObject("Menu/Ana_Menu"), Ana_Menu): Method.TextDegerineEsitElementeTikla is PASSED

2021-11-12 17:19:26 - [MESSAGE][INFO] - Finding Test Object 'Object Repository/Menu/Ana_Menu'

2021-11-12 17:19:26 - [MESSAGE][INFO] - Checking timeout

2021-11-12 17:19:26 - [MESSAGE][INFO] - Finding web element with id: 'Object Repository/Menu/Ana_Menu' located by 'By.xpath: //*[@class = 'dropdown-toggle']' in '10' second(s)

2021-11-12 17:19:26 - [MESSAGE][INFO] - Smart Wait Function is triggered

2021-11-12 17:19:26 - [MESSAGE][INFO] - Found 14 web elements with id: 'Object Repository/Menu/Ana_Menu' located by 'By.xpath: //*[@class = 'dropdown-toggle']' in '10' second(s)

2021-11-12 17:19:26 - [MESSAGE][PASSED] - Method.TextDegerineEsitElementeTikla is PASSED

2021-11-12 17:19:26 - [MESSAGE][PASSED] - Call Test Case 'Test Cases/Menu/AnaMenuSecimi' successfully

2021-11-12 17:19:26 - [MESSAGE][INFO] - Checking called Test Case

2021-11-12 17:19:26 - [MESSAGE][INFO] - Starting to call Test Case 'Test Cases/Menu/BasligaGoreAltMenuSecimi'

2021-11-12 17:19:26 - [TEST_CASE][PASSED] - Test Cases/Menu/BasligaGoreAltMenuSecimi: Test Cases/Menu/BasligaGoreAltMenuSecimi

2021-11-12 17:19:26 - [TEST_STEP][PASSED] - Method.TextDegerineEsitElementinAltindakiTextDegerineEsitOlanaTikla(findTestObject("Menu/Menu_Basligi"), findTestObject("Menu/Basliga_Gore_Alt_Menu"), Baslik, Alt_Menu): Method.TextDegerineEsitElementinAltindakiTextDegerineEsitOlanaTikla is PASSED

2021-11-12 17:19:26 - [MESSAGE][INFO] - Finding Test Object 'Object Repository/Menu/Menu_Basligi'

2021-11-12 17:19:26 - [MESSAGE][INFO] - Finding Test Object 'Object Repository/Menu/Basliga_Gore_Alt_Menu'

2021-11-12 17:19:26 - [MESSAGE][INFO] - Checking timeout

2021-11-12 17:19:26 - [MESSAGE][INFO] - Finding web element with id: 'Object Repository/Menu/Menu_Basligi' located by 'By.xpath: //li[@class='dropdown dropdown-large open']//li[@class='dropdown-header']' in '10' second(s)

2021-11-12 17:19:26 - [MESSAGE][INFO] - Smart Wait Function is triggered

2021-11-12 17:19:27 - [MESSAGE][INFO] - Found 2 web elements with id: 'Object Repository/Menu/Menu_Basligi' located by 'By.xpath: //li[@class='dropdown dropdown-large open']//li[@class='dropdown-header']' in '10' second(s)

2021-11-12 17:19:27 - [MESSAGE][INFO] - Smart Wait Function is triggered

2021-11-12 17:19:35 - [MESSAGE][PASSED] - Method.TextDegerineEsitElementinAltindakiTextDegerineEsitOlanaTikla is PASSED

2021-11-12 17:19:35 - [MESSAGE][PASSED] - Call Test Case 'Test Cases/Menu/BasligaGoreAltMenuSecimi' successfully

2021-11-12 17:19:35 - [MESSAGE][INFO] - Checking called Test Case

2021-11-12 17:19:35 - [MESSAGE][INFO] - Starting to call Test Case 'Test Cases/Olusturma/Genel/ListelenenOgeKayitEdilir'

2021-11-12 17:19:35 - [TEST_CASE][PASSED] - Test Cases/Olusturma/Genel/ListelenenOgeKayitEdilir: Test Cases/Olusturma/Genel/ListelenenOgeKayitEdilir

2021-11-12 17:19:35 - [TEST_STEP][PASSED] - verifyElementPresent(findTestObject("Object Repository/Filtreler/OgeSayisi"), 7): Object 'Object Repository/Filtreler/OgeSayisi' is present

2021-11-12 17:19:35 - [MESSAGE][INFO] - Finding Test Object 'Object Repository/Filtreler/OgeSayisi'

2021-11-12 17:19:35 - [MESSAGE][INFO] - Checking object

2021-11-12 17:19:35 - [MESSAGE][INFO] - Finding web element from Test Object's properties

2021-11-12 17:19:35 - [MESSAGE][INFO] - Checking timeout

2021-11-12 17:19:35 - [MESSAGE][INFO] - Finding web element with id: 'Object Repository/Filtreler/OgeSayisi' located by 'By.cssSelector: .dxp-lead.dxp-summary' in '7' second(s)

2021-11-12 17:19:35 - [MESSAGE][INFO] - Smart Wait Function is triggered

2021-11-12 17:19:36 - [MESSAGE][INFO] - Found 1 web elements with id: 'Object Repository/Filtreler/OgeSayisi' located by 'By.cssSelector: .dxp-lead.dxp-summary' in '7' second(s)

2021-11-12 17:19:36 - [MESSAGE][PASSED] - Object 'Object Repository/Filtreler/OgeSayisi' is present

2021-11-12 17:19:36 - [TEST_STEP][PASSED] - ListelenenOge = getText(findTestObject("Object Repository/Filtreler/OgeSayisi"), STOP_ON_FAILURE): Text of object 'Object Repository/Filtreler/OgeSayisi' is: 'Sayfa 1 / 4 (32 öğe)'

2021-11-12 17:19:36 - [MESSAGE][INFO] - Finding Test Object 'Object Repository/Filtreler/OgeSayisi'

2021-11-12 17:19:36 - [MESSAGE][INFO] - Checking object

2021-11-12 17:19:36 - [MESSAGE][INFO] - Finding web element from Test Object's properties

2021-11-12 17:19:36 - [MESSAGE][INFO] - Checking timeout

2021-11-12 17:19:36 - [MESSAGE][INFO] - Finding web element with id: 'Object Repository/Filtreler/OgeSayisi' located by 'By.cssSelector: .dxp-lead.dxp-summary' in '30' second(s)

2021-11-12 17:19:36 - [MESSAGE][INFO] - Smart Wait Function is triggered

2021-11-12 17:19:36 - [MESSAGE][INFO] - Found 1 web elements with id: 'Object Repository/Filtreler/OgeSayisi' located by 'By.cssSelector: .dxp-lead.dxp-summary' in '30' second(s)

2021-11-12 17:19:36 - [MESSAGE][INFO] - Getting text of object 'Object Repository/Filtreler/OgeSayisi'

2021-11-12 17:19:36 - [MESSAGE][PASSED] - Text of object 'Object Repository/Filtreler/OgeSayisi' is: 'Sayfa 1 / 4 (32 öğe)'

2021-11-12 17:19:36 - [TEST_STEP][PASSED] - out.println(ListelenenOge): null

2021-11-12 17:19:36 - [MESSAGE][PASSED] - Call Test Case 'Test Cases/Olusturma/Genel/ListelenenOgeKayitEdilir' successfully

2021-11-12 17:19:36 - [MESSAGE][INFO] - Checking called Test Case

2021-11-12 17:19:36 - [MESSAGE][INFO] - Starting to call Test Case 'Test Cases/Filtreler/ButonaTikla'

2021-11-12 17:19:36 - [TEST_CASE][PASSED] - Test Cases/Filtreler/ButonaTikla: Test Cases/Filtreler/ButonaTikla

2021-11-12 17:19:36 - [TEST_STEP][PASSED] - Method.TextDegerineEsitElementeTikla(findTestObject("Filtreler/Butonlar"), Filtre_Buton): Method.TextDegerineEsitElementeTikla is PASSED

2021-11-12 17:19:36 - [MESSAGE][INFO] - Finding Test Object 'Object Repository/Filtreler/Butonlar'

2021-11-12 17:19:36 - [MESSAGE][INFO] - Checking timeout

2021-11-12 17:19:36 - [MESSAGE][INFO] - Finding web element with id: 'Object Repository/Filtreler/Butonlar' located by 'By.cssSelector: .dxb>span' in '10' second(s)

2021-11-12 17:19:36 - [MESSAGE][INFO] - Smart Wait Function is triggered

2021-11-12 17:19:37 - [MESSAGE][INFO] - Found 3 web elements with id: 'Object Repository/Filtreler/Butonlar' located by 'By.cssSelector: .dxb>span' in '10' second(s)

2021-11-12 17:19:37 - [MESSAGE][PASSED] - Method.TextDegerineEsitElementeTikla is PASSED

2021-11-12 17:19:37 - [MESSAGE][PASSED] - Call Test Case 'Test Cases/Filtreler/ButonaTikla' successfully

2021-11-12 17:19:37 - [MESSAGE][INFO] - Checking called Test Case

2021-11-12 17:19:37 - [MESSAGE][INFO] - Starting to call Test Case 'Test Cases/Tablo/ListelenenOgeSayisiDogruMu'

2021-11-12 17:19:37 - [TEST_CASE][PASSED] - Test Cases/Tablo/ListelenenOgeSayisiDogruMu: Test Cases/Tablo/ListelenenOgeSayisiDogruMu

2021-11-12 17:19:37 - [TEST_STEP][PASSED] - Method.TextDegerineEsitElementVarMi(findTestObject("Object Repository/Filtreler/OgeSayisi"), ListelenenOge): Method.TextDegerineEsitElementVarMi is PASSED

2021-11-12 17:19:37 - [MESSAGE][INFO] - Finding Test Object 'Object Repository/Filtreler/OgeSayisi'

2021-11-12 17:19:37 - [MESSAGE][INFO] - Checking timeout

2021-11-12 17:19:37 - [MESSAGE][INFO] - Finding web element with id: 'Object Repository/Filtreler/OgeSayisi' located by 'By.cssSelector: .dxp-lead.dxp-summary' in '10' second(s)

2021-11-12 17:19:37 - [MESSAGE][INFO] - Smart Wait Function is triggered

2021-11-12 17:19:38 - [MESSAGE][INFO] - Found 1 web elements with id: 'Object Repository/Filtreler/OgeSayisi' located by 'By.cssSelector: .dxp-lead.dxp-summary' in '10' second(s)

2021-11-12 17:19:38 - [MESSAGE][PASSED] - Method.TextDegerineEsitElementVarMi is PASSED

2021-11-12 17:19:38 - [MESSAGE][PASSED] - Call Test Case 'Test Cases/Tablo/ListelenenOgeSayisiDogruMu' successfully

2021-11-12 17:19:38 - [MESSAGE][INFO] - Checking called Test Case

2021-11-12 17:19:38 - [MESSAGE][INFO] - Starting to call Test Case 'Test Cases/Menu/AnaMenuSecimi'

2021-11-12 17:19:38 - [TEST_CASE][PASSED] - Test Cases/Menu/AnaMenuSecimi: Test Cases/Menu/AnaMenuSecimi

2021-11-12 17:19:38 - [TEST_STEP][PASSED] - Method.TextDegerineEsitElementeTikla(findTestObject("Menu/Ana_Menu"), Ana_Menu): Method.TextDegerineEsitElementeTikla is PASSED

2021-11-12 17:19:38 - [MESSAGE][INFO] - Finding Test Object 'Object Repository/Menu/Ana_Menu'

2021-11-12 17:19:38 - [MESSAGE][INFO] - Checking timeout

2021-11-12 17:19:38 - [MESSAGE][INFO] - Finding web element with id: 'Object Repository/Menu/Ana_Menu' located by 'By.xpath: //*[@class = 'dropdown-toggle']' in '10' second(s)

2021-11-12 17:19:38 - [MESSAGE][INFO] - Smart Wait Function is triggered

2021-11-12 17:19:38 - [MESSAGE][INFO] - Found 14 web elements with id: 'Object Repository/Menu/Ana_Menu' located by 'By.xpath: //*[@class = 'dropdown-toggle']' in '10' second(s)

2021-11-12 17:19:38 - [MESSAGE][PASSED] - Method.TextDegerineEsitElementeTikla is PASSED

2021-11-12 17:19:38 - [MESSAGE][PASSED] - Call Test Case 'Test Cases/Menu/AnaMenuSecimi' successfully

2021-11-12 17:19:38 - [MESSAGE][INFO] - Checking called Test Case

2021-11-12 17:19:38 - [MESSAGE][INFO] - Starting to call Test Case 'Test Cases/Menu/BasligaGoreAltMenuSecimi'

2021-11-12 17:19:38 - [TEST_CASE][PASSED] - Test Cases/Menu/BasligaGoreAltMenuSecimi: Test Cases/Menu/BasligaGoreAltMenuSecimi

2021-11-12 17:19:38 - [TEST_STEP][PASSED] - Method.TextDegerineEsitElementinAltindakiTextDegerineEsitOlanaTikla(findTestObject("Menu/Menu_Basligi"), findTestObject("Menu/Basliga_Gore_Alt_Menu"), Baslik, Alt_Menu): Method.TextDegerineEsitElementinAltindakiTextDegerineEsitOlanaTikla is PASSED

2021-11-12 17:19:38 - [MESSAGE][INFO] - Finding Test Object 'Object Repository/Menu/Menu_Basligi'

2021-11-12 17:19:38 - [MESSAGE][INFO] - Finding Test Object 'Object Repository/Menu/Basliga_Gore_Alt_Menu'

2021-11-12 17:19:38 - [MESSAGE][INFO] - Checking timeout

2021-11-12 17:19:38 - [MESSAGE][INFO] - Finding web element with id: 'Object Repository/Menu/Menu_Basligi' located by 'By.xpath: //li[@class='dropdown dropdown-large open']//li[@class='dropdown-header']' in '10' second(s)

2021-11-12 17:19:38 - [MESSAGE][INFO] - Smart Wait Function is triggered

2021-11-12 17:19:39 - [MESSAGE][INFO] - Found 2 web elements with id: 'Object Repository/Menu/Menu_Basligi' located by 'By.xpath: //li[@class='dropdown dropdown-large open']//li[@class='dropdown-header']' in '10' second(s)

2021-11-12 17:19:39 - [MESSAGE][INFO] - Smart Wait Function is triggered

2021-11-12 17:19:40 - [MESSAGE][PASSED] - Method.TextDegerineEsitElementinAltindakiTextDegerineEsitOlanaTikla is PASSED

2021-11-12 17:19:40 - [MESSAGE][PASSED] - Call Test Case 'Test Cases/Menu/BasligaGoreAltMenuSecimi' successfully

2021-11-12 17:19:40 - [MESSAGE][INFO] - Checking called Test Case

2021-11-12 17:19:40 - [MESSAGE][INFO] - Starting to call Test Case 'Test Cases/Filtreler/DropdownSec'

2021-11-12 17:19:40 - [TEST_CASE][PASSED] - Test Cases/Filtreler/DropdownSec: Test Cases/Filtreler/DropdownSec

2021-11-12 17:19:40 - [TEST_STEP][PASSED] - Method.TextDegerineEsitElementinAltindakineTikla(findTestObject("Filtreler/Basliklar"), findTestObject("Filtreler/Basliga_Gore_Baslangic_Image"), Filtre_Adi): Method.TextDegerineEsitElementinAltindakineTikla is PASSED

2021-11-12 17:19:40 - [MESSAGE][INFO] - Finding Test Object 'Object Repository/Filtreler/Basliklar'

2021-11-12 17:19:40 - [MESSAGE][INFO] - Finding Test Object 'Object Repository/Filtreler/Basliga_Gore_Baslangic_Image'

2021-11-12 17:19:40 - [MESSAGE][INFO] - Checking timeout

2021-11-12 17:19:40 - [MESSAGE][INFO] - Finding web element with id: 'Object Repository/Filtreler/Basliklar' located by 'By.cssSelector: .control-label.col-sm-4.paddingMarginRLC' in '10' second(s)

2021-11-12 17:19:40 - [MESSAGE][INFO] - Smart Wait Function is triggered

2021-11-12 17:19:41 - [MESSAGE][INFO] - Found 8 web elements with id: 'Object Repository/Filtreler/Basliklar' located by 'By.cssSelector: .control-label.col-sm-4.paddingMarginRLC' in '10' second(s)

2021-11-12 17:19:41 - [MESSAGE][INFO] - Smart Wait Function is triggered

2021-11-12 17:19:41 - [MESSAGE][PASSED] - Method.TextDegerineEsitElementinAltindakineTikla is PASSED

2021-11-12 17:19:41 - [TEST_STEP][PASSED] - Method.TextDegerineEsitElementeTikla(findTestObject("Object Repository/Filtreler/Basliga_Gore_Dropdown"), Filtre_Degeri): Method.TextDegerineEsitElementeTikla is PASSED

2021-11-12 17:19:41 - [MESSAGE][INFO] - Finding Test Object 'Object Repository/Filtreler/Basliga_Gore_Dropdown'

2021-11-12 17:19:41 - [MESSAGE][INFO] - Checking timeout

2021-11-12 17:19:41 - [MESSAGE][INFO] - Finding web element with id: 'Object Repository/Filtreler/Basliga_Gore_Dropdown' located by 'By.xpath: //*[@class = 'dxeListBoxItemRow_LECustomTheme']' in '10' second(s)

2021-11-12 17:19:41 - [MESSAGE][INFO] - Smart Wait Function is triggered

2021-11-12 17:19:41 - [MESSAGE][INFO] - Found 109 web elements with id: 'Object Repository/Filtreler/Basliga_Gore_Dropdown' located by 'By.xpath: //*[@class = 'dxeListBoxItemRow_LECustomTheme']' in '10' second(s)

2021-11-12 17:19:41 - [MESSAGE][PASSED] - Method.TextDegerineEsitElementeTikla is PASSED

2021-11-12 17:19:41 - [MESSAGE][PASSED] - Call Test Case 'Test Cases/Filtreler/DropdownSec' successfully

2021-11-12 17:19:41 - [MESSAGE][INFO] - Checking called Test Case

2021-11-12 17:19:41 - [MESSAGE][INFO] - Starting to call Test Case 'Test Cases/Filtreler/BaslangicYaz'

2021-11-12 17:19:42 - [TEST_CASE][PASSED] - Test Cases/Filtreler/BaslangicYaz: Test Cases/Filtreler/BaslangicYaz

2021-11-12 17:19:42 - [TEST_STEP][PASSED] - Method.TextDegerineEsitElementinAltindakineTikla(findTestObject("Filtreler/Basliklar"), findTestObject("Filtreler/Basliga_Gore_Baslangic_Image"), Filtre_Adi): Method.TextDegerineEsitElementinAltindakineTikla is PASSED

2021-11-12 17:19:42 - [MESSAGE][INFO] - Finding Test Object 'Object Repository/Filtreler/Basliklar'

2021-11-12 17:19:42 - [MESSAGE][INFO] - Finding Test Object 'Object Repository/Filtreler/Basliga_Gore_Baslangic_Image'

2021-11-12 17:19:42 - [MESSAGE][INFO] - Checking timeout

2021-11-12 17:19:42 - [MESSAGE][INFO] - Finding web element with id: 'Object Repository/Filtreler/Basliklar' located by 'By.cssSelector: .control-label.col-sm-4.paddingMarginRLC' in '10' second(s)

2021-11-12 17:19:42 - [MESSAGE][INFO] - Smart Wait Function is triggered

2021-11-12 17:19:42 - [MESSAGE][INFO] - Found 8 web elements with id: 'Object Repository/Filtreler/Basliklar' located by 'By.cssSelector: .control-label.col-sm-4.paddingMarginRLC' in '10' second(s)

2021-11-12 17:19:42 - [MESSAGE][INFO] - Smart Wait Function is triggered

2021-11-12 17:19:42 - [MESSAGE][PASSED] - Method.TextDegerineEsitElementinAltindakineTikla is PASSED

2021-11-12 17:19:42 - [TEST_STEP][PASSED] - Method.TextDegerineEsitElementinAltindakiTextboxtaYaz(findTestObject("Filtreler/Basliklar"), findTestObject("Filtreler/Basliga_Gore_Baslangic"), Filtre_Adi, Filtre_Degeri): Method.TextDegerineEsitElementinAltindakiTextboxtaYaz is PASSED

2021-11-12 17:19:42 - [MESSAGE][INFO] - Finding Test Object 'Object Repository/Filtreler/Basliklar'

2021-11-12 17:19:42 - [MESSAGE][INFO] - Finding Test Object 'Object Repository/Filtreler/Basliga_Gore_Baslangic'

2021-11-12 17:19:43 - [MESSAGE][INFO] - Checking timeout

2021-11-12 17:19:43 - [MESSAGE][INFO] - Finding web element with id: 'Object Repository/Filtreler/Basliklar' located by 'By.cssSelector: .control-label.col-sm-4.paddingMarginRLC' in '10' second(s)

2021-11-12 17:19:43 - [MESSAGE][INFO] - Smart Wait Function is triggered

2021-11-12 17:19:43 - [MESSAGE][INFO] - Found 8 web elements with id: 'Object Repository/Filtreler/Basliklar' located by 'By.cssSelector: .control-label.col-sm-4.paddingMarginRLC' in '10' second(s)

2021-11-12 17:19:43 - [MESSAGE][INFO] - Smart Wait Function is triggered

2021-11-12 17:19:43 - [MESSAGE][PASSED] - Method.TextDegerineEsitElementinAltindakiTextboxtaYaz is PASSED

2021-11-12 17:19:43 - [MESSAGE][PASSED] - Call Test Case 'Test Cases/Filtreler/BaslangicYaz' successfully

2021-11-12 17:19:43 - [MESSAGE][INFO] - Checking called Test Case

2021-11-12 17:19:43 - [MESSAGE][INFO] - Starting to call Test Case 'Test Cases/Filtreler/BitisYaz'

2021-11-12 17:19:43 - [TEST_CASE][PASSED] - Test Cases/Filtreler/BitisYaz: Test Cases/Filtreler/BitisYaz

2021-11-12 17:19:43 - [TEST_STEP][PASSED] - Method.TextDegerineEsitElementinAltindakineTikla(findTestObject("Filtreler/Basliklar"), findTestObject("Filtreler/Basliga_Gore_Bitis_Image"), Filtre_Adi): Method.TextDegerineEsitElementinAltindakineTikla is PASSED

2021-11-12 17:19:43 - [MESSAGE][INFO] - Finding Test Object 'Object Repository/Filtreler/Basliklar'

2021-11-12 17:19:44 - [MESSAGE][INFO] - Finding Test Object 'Object Repository/Filtreler/Basliga_Gore_Bitis_Image'

2021-11-12 17:19:44 - [MESSAGE][INFO] - Checking timeout

2021-11-12 17:19:44 - [MESSAGE][INFO] - Finding web element with id: 'Object Repository/Filtreler/Basliklar' located by 'By.cssSelector: .control-label.col-sm-4.paddingMarginRLC' in '10' second(s)

2021-11-12 17:19:44 - [MESSAGE][INFO] - Smart Wait Function is triggered

2021-11-12 17:19:44 - [MESSAGE][INFO] - Found 8 web elements with id: 'Object Repository/Filtreler/Basliklar' located by 'By.cssSelector: .control-label.col-sm-4.paddingMarginRLC' in '10' second(s)

2021-11-12 17:19:44 - [MESSAGE][INFO] - Smart Wait Function is triggered

2021-11-12 17:19:44 - [MESSAGE][PASSED] - Method.TextDegerineEsitElementinAltindakineTikla is PASSED

2021-11-12 17:19:44 - [TEST_STEP][PASSED] - Method.TextDegerineEsitElementinAltindakiTextboxtaYaz(findTestObject("Filtreler/Basliklar"), findTestObject("Object Repository/Filtreler/Basliga_Gore_Bitis"), Filtre_Adi, Filtre_Degeri): Method.TextDegerineEsitElementinAltindakiTextboxtaYaz is PASSED

2021-11-12 17:19:44 - [MESSAGE][INFO] - Finding Test Object 'Object Repository/Filtreler/Basliklar'

2021-11-12 17:19:44 - [MESSAGE][INFO] - Finding Test Object 'Object Repository/Filtreler/Basliga_Gore_Bitis'

2021-11-12 17:19:45 - [MESSAGE][INFO] - Checking timeout

2021-11-12 17:19:45 - [MESSAGE][INFO] - Finding web element with id: 'Object Repository/Filtreler/Basliklar' located by 'By.cssSelector: .control-label.col-sm-4.paddingMarginRLC' in '10' second(s)

2021-11-12 17:19:45 - [MESSAGE][INFO] - Smart Wait Function is triggered

2021-11-12 17:19:45 - [MESSAGE][INFO] - Found 8 web elements with id: 'Object Repository/Filtreler/Basliklar' located by 'By.cssSelector: .control-label.col-sm-4.paddingMarginRLC' in '10' second(s)

2021-11-12 17:19:45 - [MESSAGE][INFO] - Smart Wait Function is triggered

2021-11-12 17:19:46 - [MESSAGE][PASSED] - Method.TextDegerineEsitElementinAltindakiTextboxtaYaz is PASSED

2021-11-12 17:19:46 - [MESSAGE][PASSED] - Call Test Case 'Test Cases/Filtreler/BitisYaz' successfully

2021-11-12 17:19:46 - [MESSAGE][INFO] - Checking called Test Case

2021-11-12 17:19:46 - [MESSAGE][INFO] - Starting to call Test Case 'Test Cases/Filtreler/ButonaTikla'

2021-11-12 17:19:46 - [TEST_CASE][PASSED] - Test Cases/Filtreler/ButonaTikla: Test Cases/Filtreler/ButonaTikla

2021-11-12 17:19:46 - [TEST_STEP][PASSED] - Method.TextDegerineEsitElementeTikla(findTestObject("Filtreler/Butonlar"), Filtre_Buton): Method.TextDegerineEsitElementeTikla is PASSED

2021-11-12 17:19:46 - [MESSAGE][INFO] - Finding Test Object 'Object Repository/Filtreler/Butonlar'

2021-11-12 17:19:46 - [MESSAGE][INFO] - Checking timeout

2021-11-12 17:19:46 - [MESSAGE][INFO] - Finding web element with id: 'Object Repository/Filtreler/Butonlar' located by 'By.cssSelector: .dxb>span' in '10' second(s)

2021-11-12 17:19:46 - [MESSAGE][INFO] - Smart Wait Function is triggered

2021-11-12 17:19:46 - [MESSAGE][INFO] - Found 3 web elements with id: 'Object Repository/Filtreler/Butonlar' located by 'By.cssSelector: .dxb>span' in '10' second(s)

2021-11-12 17:19:46 - [MESSAGE][PASSED] - Method.TextDegerineEsitElementeTikla is PASSED

2021-11-12 17:19:46 - [MESSAGE][PASSED] - Call Test Case 'Test Cases/Filtreler/ButonaTikla' successfully

2021-11-12 17:19:46 - [MESSAGE][INFO] - Checking called Test Case

2021-11-12 17:19:46 - [MESSAGE][INFO] - Starting to call Test Case 'Test Cases/Tablo/TablodakiVeriDetayi'

2021-11-12 17:19:46 - [TEST_CASE][PASSED] - Test Cases/Tablo/TablodakiVeriDetayi: Test Cases/Tablo/TablodakiVeriDetayi

2021-11-12 17:19:46 - [TEST_STEP][PASSED] - Method.TextDegerineEsitElementinAltindakineTikla(findTestObject("Tablo/Veriler"), findTestObject("Object Repository/Tablo/VerininArtiButonu"), Veri_Adi): Method.TextDegerineEsitElementinAltindakineTikla is PASSED

2021-11-12 17:19:46 - [MESSAGE][INFO] - Finding Test Object 'Object Repository/Tablo/Veriler'

2021-11-12 17:19:46 - [MESSAGE][INFO] - Finding Test Object 'Object Repository/Tablo/VerininArtiButonu'

2021-11-12 17:19:47 - [MESSAGE][INFO] - Checking timeout

2021-11-12 17:19:47 - [MESSAGE][INFO] - Finding web element with id: 'Object Repository/Tablo/Veriler' located by 'By.cssSelector: td.dxgv b ,td.dxgv' in '10' second(s)

2021-11-12 17:19:47 - [MESSAGE][INFO] - Smart Wait Function is triggered

2021-11-12 17:19:47 - [MESSAGE][INFO] - Found 28 web elements with id: 'Object Repository/Tablo/Veriler' located by 'By.cssSelector: td.dxgv b ,td.dxgv' in '10' second(s)

2021-11-12 17:19:47 - [MESSAGE][INFO] - Smart Wait Function is triggered

2021-11-12 17:19:47 - [MESSAGE][PASSED] - Method.TextDegerineEsitElementinAltindakineTikla is PASSED

2021-11-12 17:19:47 - [MESSAGE][PASSED] - Call Test Case 'Test Cases/Tablo/TablodakiVeriDetayi' successfully

2021-11-12 17:19:47 - [MESSAGE][INFO] - Checking called Test Case

2021-11-12 17:19:47 - [MESSAGE][INFO] - Starting to call Test Case 'Test Cases/Tablo/TablodakiVeriDetayi'

2021-11-12 17:19:47 - [TEST_CASE][PASSED] - Test Cases/Tablo/TablodakiVeriDetayi: Test Cases/Tablo/TablodakiVeriDetayi

2021-11-12 17:19:47 - [TEST_STEP][PASSED] - Method.TextDegerineEsitElementinAltindakineTikla(findTestObject("Tablo/Veriler"), findTestObject("Object Repository/Tablo/VerininArtiButonu"), Veri_Adi): Method.TextDegerineEsitElementinAltindakineTikla is PASSED

2021-11-12 17:19:47 - [MESSAGE][INFO] - Finding Test Object 'Object Repository/Tablo/Veriler'

2021-11-12 17:19:47 - [MESSAGE][INFO] - Finding Test Object 'Object Repository/Tablo/VerininArtiButonu'

2021-11-12 17:19:48 - [MESSAGE][INFO] - Checking timeout

2021-11-12 17:19:48 - [MESSAGE][INFO] - Finding web element with id: 'Object Repository/Tablo/Veriler' located by 'By.cssSelector: td.dxgv b ,td.dxgv' in '10' second(s)

2021-11-12 17:19:48 - [MESSAGE][INFO] - Smart Wait Function is triggered

2021-11-12 17:19:48 - [MESSAGE][INFO] - Found 30 web elements with id: 'Object Repository/Tablo/Veriler' located by 'By.cssSelector: td.dxgv b ,td.dxgv' in '10' second(s)

2021-11-12 17:19:48 - [MESSAGE][INFO] - Smart Wait Function is triggered

2021-11-12 17:19:49 - [MESSAGE][PASSED] - Method.TextDegerineEsitElementinAltindakineTikla is PASSED

2021-11-12 17:19:49 - [MESSAGE][PASSED] - Call Test Case 'Test Cases/Tablo/TablodakiVeriDetayi' successfully

2021-11-12 17:19:49 - [MESSAGE][INFO] - Checking called Test Case

2021-11-12 17:19:49 - [MESSAGE][INFO] - Starting to call Test Case 'Test Cases/Filtreler/FiltreVarMi'

2021-11-12 17:19:49 - [TEST_CASE][PASSED] - Test Cases/Filtreler/FiltreVarMi: Test Cases/Filtreler/FiltreVarMi

2021-11-12 17:19:49 - [TEST_STEP][PASSED] - Method.TextDegerineEsitElementVarMi(findTestObject("Filtreler/Basliklar"), Filtre_alan): Method.TextDegerineEsitElementVarMi is PASSED

2021-11-12 17:19:49 - [MESSAGE][INFO] - Finding Test Object 'Object Repository/Filtreler/Basliklar'

2021-11-12 17:19:49 - [MESSAGE][INFO] - Checking timeout

2021-11-12 17:19:49 - [MESSAGE][INFO] - Finding web element with id: 'Object Repository/Filtreler/Basliklar' located by 'By.cssSelector: .control-label.col-sm-4.paddingMarginRLC' in '10' second(s)

2021-11-12 17:19:49 - [MESSAGE][INFO] - Smart Wait Function is triggered

2021-11-12 17:19:49 - [MESSAGE][INFO] - Found 8 web elements with id: 'Object Repository/Filtreler/Basliklar' located by 'By.cssSelector: .control-label.col-sm-4.paddingMarginRLC' in '10' second(s)

2021-11-12 17:19:49 - [MESSAGE][PASSED] - Method.TextDegerineEsitElementVarMi is PASSED

2021-11-12 17:19:49 - [MESSAGE][PASSED] - Call Test Case 'Test Cases/Filtreler/FiltreVarMi' successfully

2021-11-12 17:19:49 - [MESSAGE][INFO] - Checking called Test Case

2021-11-12 17:19:49 - [MESSAGE][INFO] - Starting to call Test Case 'Test Cases/Filtreler/FiltreVarMi'

2021-11-12 17:19:50 - [TEST_CASE][PASSED] - Test Cases/Filtreler/FiltreVarMi: Test Cases/Filtreler/FiltreVarMi

2021-11-12 17:19:50 - [TEST_STEP][PASSED] - Method.TextDegerineEsitElementVarMi(findTestObject("Filtreler/Basliklar"), Filtre_alan): Method.TextDegerineEsitElementVarMi is PASSED

2021-11-12 17:19:50 - [MESSAGE][INFO] - Finding Test Object 'Object Repository/Filtreler/Basliklar'

2021-11-12 17:19:50 - [MESSAGE][INFO] - Checking timeout

2021-11-12 17:19:50 - [MESSAGE][INFO] - Finding web element with id: 'Object Repository/Filtreler/Basliklar' located by 'By.cssSelector: .control-label.col-sm-4.paddingMarginRLC' in '10' second(s)

2021-11-12 17:19:50 - [MESSAGE][INFO] - Smart Wait Function is triggered

2021-11-12 17:19:50 - [MESSAGE][INFO] - Found 8 web elements with id: 'Object Repository/Filtreler/Basliklar' located by 'By.cssSelector: .control-label.col-sm-4.paddingMarginRLC' in '10' second(s)

2021-11-12 17:19:50 - [MESSAGE][PASSED] - Method.TextDegerineEsitElementVarMi is PASSED

2021-11-12 17:19:50 - [MESSAGE][PASSED] - Call Test Case 'Test Cases/Filtreler/FiltreVarMi' successfully

2021-11-12 17:19:50 - [MESSAGE][INFO] - Checking called Test Case

2021-11-12 17:19:50 - [MESSAGE][INFO] - Starting to call Test Case 'Test Cases/Filtreler/FiltreVarMi'

2021-11-12 17:19:50 - [TEST_CASE][PASSED] - Test Cases/Filtreler/FiltreVarMi: Test Cases/Filtreler/FiltreVarMi

2021-11-12 17:19:50 - [TEST_STEP][PASSED] - Method.TextDegerineEsitElementVarMi(findTestObject("Filtreler/Basliklar"), Filtre_alan): Method.TextDegerineEsitElementVarMi is PASSED

2021-11-12 17:19:50 - [MESSAGE][INFO] - Finding Test Object 'Object Repository/Filtreler/Basliklar'

2021-11-12 17:19:50 - [MESSAGE][INFO] - Checking timeout

2021-11-12 17:19:50 - [MESSAGE][INFO] - Finding web element with id: 'Object Repository/Filtreler/Basliklar' located by 'By.cssSelector: .control-label.col-sm-4.paddingMarginRLC' in '10' second(s)

2021-11-12 17:19:50 - [MESSAGE][INFO] - Smart Wait Function is triggered

2021-11-12 17:19:50 - [MESSAGE][INFO] - Found 8 web elements with id: 'Object Repository/Filtreler/Basliklar' located by 'By.cssSelector: .control-label.col-sm-4.paddingMarginRLC' in '10' second(s)

2021-11-12 17:19:50 - [MESSAGE][PASSED] - Method.TextDegerineEsitElementVarMi is PASSED

2021-11-12 17:19:50 - [MESSAGE][PASSED] - Call Test Case 'Test Cases/Filtreler/FiltreVarMi' successfully

2021-11-12 17:19:50 - [MESSAGE][INFO] - Checking called Test Case

2021-11-12 17:19:50 - [MESSAGE][INFO] - Starting to call Test Case 'Test Cases/Filtreler/FiltreVarMi'

2021-11-12 17:19:50 - [TEST_CASE][PASSED] - Test Cases/Filtreler/FiltreVarMi: Test Cases/Filtreler/FiltreVarMi

2021-11-12 17:19:50 - [TEST_STEP][PASSED] - Method.TextDegerineEsitElementVarMi(findTestObject("Filtreler/Basliklar"), Filtre_alan): Method.TextDegerineEsitElementVarMi is PASSED

2021-11-12 17:19:50 - [MESSAGE][INFO] - Finding Test Object 'Object Repository/Filtreler/Basliklar'

2021-11-12 17:19:51 - [MESSAGE][INFO] - Checking timeout

2021-11-12 17:19:51 - [MESSAGE][INFO] - Finding web element with id: 'Object Repository/Filtreler/Basliklar' located by 'By.cssSelector: .control-label.col-sm-4.paddingMarginRLC' in '10' second(s)

2021-11-12 17:19:51 - [MESSAGE][INFO] - Smart Wait Function is triggered

2021-11-12 17:19:51 - [MESSAGE][INFO] - Found 8 web elements with id: 'Object Repository/Filtreler/Basliklar' located by 'By.cssSelector: .control-label.col-sm-4.paddingMarginRLC' in '10' second(s)

2021-11-12 17:19:51 - [MESSAGE][PASSED] - Method.TextDegerineEsitElementVarMi is PASSED

2021-11-12 17:19:51 - [MESSAGE][PASSED] - Call Test Case 'Test Cases/Filtreler/FiltreVarMi' successfully

2021-11-12 17:19:51 - [MESSAGE][INFO] - Checking called Test Case

2021-11-12 17:19:51 - [MESSAGE][INFO] - Starting to call Test Case 'Test Cases/Filtreler/FiltreVarMi'

2021-11-12 17:19:51 - [TEST_CASE][PASSED] - Test Cases/Filtreler/FiltreVarMi: Test Cases/Filtreler/FiltreVarMi

2021-11-12 17:19:51 - [TEST_STEP][PASSED] - Method.TextDegerineEsitElementVarMi(findTestObject("Filtreler/Basliklar"), Filtre_alan): Method.TextDegerineEsitElementVarMi is PASSED

2021-11-12 17:19:51 - [MESSAGE][INFO] - Finding Test Object 'Object Repository/Filtreler/Basliklar'

2021-11-12 17:19:51 - [MESSAGE][INFO] - Checking timeout

2021-11-12 17:19:51 - [MESSAGE][INFO] - Finding web element with id: 'Object Repository/Filtreler/Basliklar' located by 'By.cssSelector: .control-label.col-sm-4.paddingMarginRLC' in '10' second(s)

2021-11-12 17:19:51 - [MESSAGE][INFO] - Smart Wait Function is triggered

2021-11-12 17:19:51 - [MESSAGE][INFO] - Found 8 web elements with id: 'Object Repository/Filtreler/Basliklar' located by 'By.cssSelector: .control-label.col-sm-4.paddingMarginRLC' in '10' second(s)

2021-11-12 17:19:51 - [MESSAGE][PASSED] - Method.TextDegerineEsitElementVarMi is PASSED

2021-11-12 17:19:51 - [MESSAGE][PASSED] - Call Test Case 'Test Cases/Filtreler/FiltreVarMi' successfully

2021-11-12 17:19:51 - [MESSAGE][INFO] - Checking called Test Case

2021-11-12 17:19:51 - [MESSAGE][INFO] - Starting to call Test Case 'Test Cases/Filtreler/FiltreVarMi'

2021-11-12 17:19:51 - [TEST_CASE][PASSED] - Test Cases/Filtreler/FiltreVarMi: Test Cases/Filtreler/FiltreVarMi

2021-11-12 17:19:51 - [TEST_STEP][PASSED] - Method.TextDegerineEsitElementVarMi(findTestObject("Filtreler/Basliklar"), Filtre_alan): Method.TextDegerineEsitElementVarMi is PASSED

2021-11-12 17:19:51 - [MESSAGE][INFO] - Finding Test Object 'Object Repository/Filtreler/Basliklar'

2021-11-12 17:19:52 - [MESSAGE][INFO] - Checking timeout

2021-11-12 17:19:52 - [MESSAGE][INFO] - Finding web element with id: 'Object Repository/Filtreler/Basliklar' located by 'By.cssSelector: .control-label.col-sm-4.paddingMarginRLC' in '10' second(s)

2021-11-12 17:19:52 - [MESSAGE][INFO] - Smart Wait Function is triggered

2021-11-12 17:19:52 - [MESSAGE][INFO] - Found 8 web elements with id: 'Object Repository/Filtreler/Basliklar' located by 'By.cssSelector: .control-label.col-sm-4.paddingMarginRLC' in '10' second(s)

2021-11-12 17:19:52 - [MESSAGE][PASSED] - Method.TextDegerineEsitElementVarMi is PASSED

2021-11-12 17:19:52 - [MESSAGE][PASSED] - Call Test Case 'Test Cases/Filtreler/FiltreVarMi' successfully

2021-11-12 17:19:52 - [MESSAGE][INFO] - Checking called Test Case

2021-11-12 17:19:52 - [MESSAGE][INFO] - Starting to call Test Case 'Test Cases/Filtreler/ButonVarMi'

2021-11-12 17:19:52 - [TEST_CASE][PASSED] - Test Cases/Filtreler/ButonVarMi: Test Cases/Filtreler/ButonVarMi

2021-11-12 17:19:52 - [TEST_STEP][PASSED] - Method.TextDegerineEsitElementVarMi(findTestObject("Filtreler/Butonlar"), Filtre_Buton): Method.TextDegerineEsitElementVarMi is PASSED

2021-11-12 17:19:52 - [MESSAGE][INFO] - Finding Test Object 'Object Repository/Filtreler/Butonlar'

2021-11-12 17:19:52 - [MESSAGE][INFO] - Checking timeout

2021-11-12 17:19:52 - [MESSAGE][INFO] - Finding web element with id: 'Object Repository/Filtreler/Butonlar' located by 'By.cssSelector: .dxb>span' in '10' second(s)

2021-11-12 17:19:52 - [MESSAGE][INFO] - Smart Wait Function is triggered

2021-11-12 17:19:52 - [MESSAGE][INFO] - Found 3 web elements with id: 'Object Repository/Filtreler/Butonlar' located by 'By.cssSelector: .dxb>span' in '10' second(s)

2021-11-12 17:19:52 - [MESSAGE][PASSED] - Method.TextDegerineEsitElementVarMi is PASSED

2021-11-12 17:19:52 - [MESSAGE][PASSED] - Call Test Case 'Test Cases/Filtreler/ButonVarMi' successfully

2021-11-12 17:19:52 - [MESSAGE][INFO] - Checking called Test Case

2021-11-12 17:19:52 - [MESSAGE][INFO] - Starting to call Test Case 'Test Cases/Filtreler/ButonVarMi'

2021-11-12 17:19:52 - [TEST_CASE][PASSED] - Test Cases/Filtreler/ButonVarMi: Test Cases/Filtreler/ButonVarMi

2021-11-12 17:19:52 - [TEST_STEP][PASSED] - Method.TextDegerineEsitElementVarMi(findTestObject("Filtreler/Butonlar"), Filtre_Buton): Method.TextDegerineEsitElementVarMi is PASSED

2021-11-12 17:19:52 - [MESSAGE][INFO] - Finding Test Object 'Object Repository/Filtreler/Butonlar'

2021-11-12 17:19:53 - [MESSAGE][INFO] - Checking timeout

2021-11-12 17:19:53 - [MESSAGE][INFO] - Finding web element with id: 'Object Repository/Filtreler/Butonlar' located by 'By.cssSelector: .dxb>span' in '10' second(s)

2021-11-12 17:19:53 - [MESSAGE][INFO] - Smart Wait Function is triggered

2021-11-12 17:19:53 - [MESSAGE][INFO] - Found 3 web elements with id: 'Object Repository/Filtreler/Butonlar' located by 'By.cssSelector: .dxb>span' in '10' second(s)

2021-11-12 17:19:53 - [MESSAGE][PASSED] - Method.TextDegerineEsitElementVarMi is PASSED

2021-11-12 17:19:53 - [MESSAGE][PASSED] - Call Test Case 'Test Cases/Filtreler/ButonVarMi' successfully

2021-11-12 17:19:53 - [MESSAGE][INFO] - Checking called Test Case

2021-11-12 17:19:53 - [MESSAGE][INFO] - Starting to call Test Case 'Test Cases/Filtreler/ButonVarMi'

2021-11-12 17:19:53 - [TEST_CASE][PASSED] - Test Cases/Filtreler/ButonVarMi: Test Cases/Filtreler/ButonVarMi

2021-11-12 17:19:53 - [TEST_STEP][PASSED] - Method.TextDegerineEsitElementVarMi(findTestObject("Filtreler/Butonlar"), Filtre_Buton): Method.TextDegerineEsitElementVarMi is PASSED

2021-11-12 17:19:53 - [MESSAGE][INFO] - Finding Test Object 'Object Repository/Filtreler/Butonlar'

2021-11-12 17:19:53 - [MESSAGE][INFO] - Checking timeout

2021-11-12 17:19:53 - [MESSAGE][INFO] - Finding web element with id: 'Object Repository/Filtreler/Butonlar' located by 'By.cssSelector: .dxb>span' in '10' second(s)

2021-11-12 17:19:53 - [MESSAGE][INFO] - Smart Wait Function is triggered

2021-11-12 17:19:53 - [MESSAGE][INFO] - Found 3 web elements with id: 'Object Repository/Filtreler/Butonlar' located by 'By.cssSelector: .dxb>span' in '10' second(s)

2021-11-12 17:19:53 - [MESSAGE][PASSED] - Method.TextDegerineEsitElementVarMi is PASSED

2021-11-12 17:19:53 - [MESSAGE][PASSED] - Call Test Case 'Test Cases/Filtreler/ButonVarMi' successfully

2021-11-12 17:19:53 - [MESSAGE][INFO] - Checking called Test Case

2021-11-12 17:19:53 - [MESSAGE][INFO] - Starting to call Test Case 'Test Cases/Butonlar/ButonVarMi'

2021-11-12 17:19:53 - [TEST_CASE][PASSED] - Test Cases/Butonlar/ButonVarMi: Test Cases/Butonlar/ButonVarMi

2021-11-12 17:19:53 - [TEST_STEP][PASSED] - Method.TextDegerineEsitElementVarMi(findTestObject("Butonlar/Butonlar"), Buton): Method.TextDegerineEsitElementVarMi is PASSED

2021-11-12 17:19:53 - [MESSAGE][INFO] - Finding Test Object 'Object Repository/Butonlar/Butonlar'

2021-11-12 17:19:54 - [MESSAGE][INFO] - Checking timeout

2021-11-12 17:19:54 - [MESSAGE][INFO] - Finding web element with id: 'Object Repository/Butonlar/Butonlar' located by 'By.cssSelector: .panel.panel-default.text-center.footerPanel .btn,.btn.btn-primary.btnControls' in '10' second(s)

2021-11-12 17:19:54 - [MESSAGE][INFO] - Smart Wait Function is triggered

2021-11-12 17:19:54 - [MESSAGE][INFO] - Found 9 web elements with id: 'Object Repository/Butonlar/Butonlar' located by 'By.cssSelector: .panel.panel-default.text-center.footerPanel .btn,.btn.btn-primary.btnControls' in '10' second(s)

2021-11-12 17:19:54 - [MESSAGE][PASSED] - Method.TextDegerineEsitElementVarMi is PASSED

2021-11-12 17:19:54 - [MESSAGE][PASSED] - Call Test Case 'Test Cases/Butonlar/ButonVarMi' successfully

2021-11-12 17:19:54 - [MESSAGE][INFO] - Checking called Test Case

2021-11-12 17:19:54 - [MESSAGE][INFO] - Starting to call Test Case 'Test Cases/Butonlar/ButonVarMi'

2021-11-12 17:19:54 - [TEST_CASE][PASSED] - Test Cases/Butonlar/ButonVarMi: Test Cases/Butonlar/ButonVarMi

2021-11-12 17:19:54 - [TEST_STEP][PASSED] - Method.TextDegerineEsitElementVarMi(findTestObject("Butonlar/Butonlar"), Buton): Method.TextDegerineEsitElementVarMi is PASSED

2021-11-12 17:19:54 - [MESSAGE][INFO] - Finding Test Object 'Object Repository/Butonlar/Butonlar'

2021-11-12 17:19:54 - [MESSAGE][INFO] - Checking timeout

2021-11-12 17:19:54 - [MESSAGE][INFO] - Finding web element with id: 'Object Repository/Butonlar/Butonlar' located by 'By.cssSelector: .panel.panel-default.text-center.footerPanel .btn,.btn.btn-primary.btnControls' in '10' second(s)

2021-11-12 17:19:54 - [MESSAGE][INFO] - Smart Wait Function is triggered

2021-11-12 17:19:54 - [MESSAGE][INFO] - Found 9 web elements with id: 'Object Repository/Butonlar/Butonlar' located by 'By.cssSelector: .panel.panel-default.text-center.footerPanel .btn,.btn.btn-primary.btnControls' in '10' second(s)

2021-11-12 17:19:54 - [MESSAGE][PASSED] - Method.TextDegerineEsitElementVarMi is PASSED

2021-11-12 17:19:54 - [MESSAGE][PASSED] - Call Test Case 'Test Cases/Butonlar/ButonVarMi' successfully

2021-11-12 17:19:54 - [MESSAGE][INFO] - Checking called Test Case

2021-11-12 17:19:54 - [MESSAGE][INFO] - Starting to call Test Case 'Test Cases/Butonlar/ButonVarMi'

2021-11-12 17:19:54 - [TEST_CASE][PASSED] - Test Cases/Butonlar/ButonVarMi: Test Cases/Butonlar/ButonVarMi

2021-11-12 17:19:54 - [TEST_STEP][PASSED] - Method.TextDegerineEsitElementVarMi(findTestObject("Butonlar/Butonlar"), Buton): Method.TextDegerineEsitElementVarMi is PASSED

2021-11-12 17:19:54 - [MESSAGE][INFO] - Finding Test Object 'Object Repository/Butonlar/Butonlar'

2021-11-12 17:19:55 - [MESSAGE][INFO] - Checking timeout

2021-11-12 17:19:55 - [MESSAGE][INFO] - Finding web element with id: 'Object Repository/Butonlar/Butonlar' located by 'By.cssSelector: .panel.panel-default.text-center.footerPanel .btn,.btn.btn-primary.btnControls' in '10' second(s)

2021-11-12 17:19:55 - [MESSAGE][INFO] - Smart Wait Function is triggered

2021-11-12 17:19:55 - [MESSAGE][INFO] - Found 9 web elements with id: 'Object Repository/Butonlar/Butonlar' located by 'By.cssSelector: .panel.panel-default.text-center.footerPanel .btn,.btn.btn-primary.btnControls' in '10' second(s)

2021-11-12 17:19:55 - [MESSAGE][PASSED] - Method.TextDegerineEsitElementVarMi is PASSED

2021-11-12 17:19:55 - [MESSAGE][PASSED] - Call Test Case 'Test Cases/Butonlar/ButonVarMi' successfully

2021-11-12 17:19:55 - [MESSAGE][INFO] - Checking called Test Case

2021-11-12 17:19:55 - [MESSAGE][INFO] - Starting to call Test Case 'Test Cases/Butonlar/ButonVarMi'

2021-11-12 17:19:55 - [TEST_CASE][PASSED] - Test Cases/Butonlar/ButonVarMi: Test Cases/Butonlar/ButonVarMi

2021-11-12 17:19:55 - [TEST_STEP][PASSED] - Method.TextDegerineEsitElementVarMi(findTestObject("Butonlar/Butonlar"), Buton): Method.TextDegerineEsitElementVarMi is PASSED

2021-11-12 17:19:55 - [MESSAGE][INFO] - Finding Test Object 'Object Repository/Butonlar/Butonlar'

2021-11-12 17:19:55 - [MESSAGE][INFO] - Checking timeout

2021-11-12 17:19:55 - [MESSAGE][INFO] - Finding web element with id: 'Object Repository/Butonlar/Butonlar' located by 'By.cssSelector: .panel.panel-default.text-center.footerPanel .btn,.btn.btn-primary.btnControls' in '10' second(s)

2021-11-12 17:19:55 - [MESSAGE][INFO] - Smart Wait Function is triggered

2021-11-12 17:19:55 - [MESSAGE][INFO] - Found 9 web elements with id: 'Object Repository/Butonlar/Butonlar' located by 'By.cssSelector: .panel.panel-default.text-center.footerPanel .btn,.btn.btn-primary.btnControls' in '10' second(s)

2021-11-12 17:19:55 - [MESSAGE][PASSED] - Method.TextDegerineEsitElementVarMi is PASSED

2021-11-12 17:19:55 - [MESSAGE][PASSED] - Call Test Case 'Test Cases/Butonlar/ButonVarMi' successfully

2021-11-12 17:19:55 - [MESSAGE][INFO] - Checking called Test Case

2021-11-12 17:19:55 - [MESSAGE][INFO] - Starting to call Test Case 'Test Cases/Butonlar/ButonVarMi'

2021-11-12 17:19:55 - [TEST_CASE][PASSED] - Test Cases/Butonlar/ButonVarMi: Test Cases/Butonlar/ButonVarMi

2021-11-12 17:19:55 - [TEST_STEP][PASSED] - Method.TextDegerineEsitElementVarMi(findTestObject("Butonlar/Butonlar"), Buton): Method.TextDegerineEsitElementVarMi is PASSED

2021-11-12 17:19:55 - [MESSAGE][INFO] - Finding Test Object 'Object Repository/Butonlar/Butonlar'

2021-11-12 17:19:55 - [MESSAGE][INFO] - Checking timeout

2021-11-12 17:19:55 - [MESSAGE][INFO] - Finding web element with id: 'Object Repository/Butonlar/Butonlar' located by 'By.cssSelector: .panel.panel-default.text-center.footerPanel .btn,.btn.btn-primary.btnControls' in '10' second(s)

2021-11-12 17:19:55 - [MESSAGE][INFO] - Smart Wait Function is triggered

2021-11-12 17:19:56 - [MESSAGE][INFO] - Found 9 web elements with id: 'Object Repository/Butonlar/Butonlar' located by 'By.cssSelector: .panel.panel-default.text-center.footerPanel .btn,.btn.btn-primary.btnControls' in '10' second(s)

2021-11-12 17:19:56 - [MESSAGE][PASSED] - Method.TextDegerineEsitElementVarMi is PASSED

2021-11-12 17:19:56 - [MESSAGE][PASSED] - Call Test Case 'Test Cases/Butonlar/ButonVarMi' successfully

2021-11-12 17:19:56 - [MESSAGE][INFO] - Checking called Test Case

2021-11-12 17:19:56 - [MESSAGE][INFO] - Starting to call Test Case 'Test Cases/Butonlar/ButonVarMi'

2021-11-12 17:19:56 - [TEST_CASE][PASSED] - Test Cases/Butonlar/ButonVarMi: Test Cases/Butonlar/ButonVarMi

2021-11-12 17:19:56 - [TEST_STEP][PASSED] - Method.TextDegerineEsitElementVarMi(findTestObject("Butonlar/Butonlar"), Buton): Method.TextDegerineEsitElementVarMi is PASSED

2021-11-12 17:19:56 - [MESSAGE][INFO] - Finding Test Object 'Object Repository/Butonlar/Butonlar'

2021-11-12 17:19:56 - [MESSAGE][INFO] - Checking timeout

2021-11-12 17:19:56 - [MESSAGE][INFO] - Finding web element with id: 'Object Repository/Butonlar/Butonlar' located by 'By.cssSelector: .panel.panel-default.text-center.footerPanel .btn,.btn.btn-primary.btnControls' in '10' second(s)

2021-11-12 17:19:56 - [MESSAGE][INFO] - Smart Wait Function is triggered

2021-11-12 17:19:56 - [MESSAGE][INFO] - Found 9 web elements with id: 'Object Repository/Butonlar/Butonlar' located by 'By.cssSelector: .panel.panel-default.text-center.footerPanel .btn,.btn.btn-primary.btnControls' in '10' second(s)

2021-11-12 17:19:56 - [MESSAGE][PASSED] - Method.TextDegerineEsitElementVarMi is PASSED

2021-11-12 17:19:56 - [MESSAGE][PASSED] - Call Test Case 'Test Cases/Butonlar/ButonVarMi' successfully

2021-11-12 17:19:56 - [MESSAGE][INFO] - Checking called Test Case

2021-11-12 17:19:56 - [MESSAGE][INFO] - Starting to call Test Case 'Test Cases/Butonlar/ButonVarMi'

2021-11-12 17:19:56 - [TEST_CASE][PASSED] - Test Cases/Butonlar/ButonVarMi: Test Cases/Butonlar/ButonVarMi

2021-11-12 17:19:56 - [TEST_STEP][PASSED] - Method.TextDegerineEsitElementVarMi(findTestObject("Butonlar/Butonlar"), Buton): Method.TextDegerineEsitElementVarMi is PASSED

2021-11-12 17:19:56 - [MESSAGE][INFO] - Finding Test Object 'Object Repository/Butonlar/Butonlar'

2021-11-12 17:19:56 - [MESSAGE][INFO] - Checking timeout

2021-11-12 17:19:56 - [MESSAGE][INFO] - Finding web element with id: 'Object Repository/Butonlar/Butonlar' located by 'By.cssSelector: .panel.panel-default.text-center.footerPanel .btn,.btn.btn-primary.btnControls' in '10' second(s)

2021-11-12 17:19:56 - [MESSAGE][INFO] - Smart Wait Function is triggered

2021-11-12 17:19:57 - [MESSAGE][INFO] - Found 9 web elements with id: 'Object Repository/Butonlar/Butonlar' located by 'By.cssSelector: .panel.panel-default.text-center.footerPanel .btn,.btn.btn-primary.btnControls' in '10' second(s)

2021-11-12 17:19:57 - [MESSAGE][PASSED] - Method.TextDegerineEsitElementVarMi is PASSED

2021-11-12 17:19:57 - [MESSAGE][PASSED] - Call Test Case 'Test Cases/Butonlar/ButonVarMi' successfully

2021-11-12 17:19:57 - [MESSAGE][INFO] - Checking called Test Case

2021-11-12 17:19:57 - [MESSAGE][INFO] - Starting to call Test Case 'Test Cases/Butonlar/ButonVarMi'

2021-11-12 17:19:57 - [TEST_CASE][PASSED] - Test Cases/Butonlar/ButonVarMi: Test Cases/Butonlar/ButonVarMi

2021-11-12 17:19:57 - [TEST_STEP][PASSED] - Method.TextDegerineEsitElementVarMi(findTestObject("Butonlar/Butonlar"), Buton): Method.TextDegerineEsitElementVarMi is PASSED

2021-11-12 17:19:57 - [MESSAGE][INFO] - Finding Test Object 'Object Repository/Butonlar/Butonlar'

2021-11-12 17:19:57 - [MESSAGE][INFO] - Checking timeout

2021-11-12 17:19:57 - [MESSAGE][INFO] - Finding web element with id: 'Object Repository/Butonlar/Butonlar' located by 'By.cssSelector: .panel.panel-default.text-center.footerPanel .btn,.btn.btn-primary.btnControls' in '10' second(s)

2021-11-12 17:19:57 - [MESSAGE][INFO] - Smart Wait Function is triggered

2021-11-12 17:19:57 - [MESSAGE][INFO] - Found 9 web elements with id: 'Object Repository/Butonlar/Butonlar' located by 'By.cssSelector: .panel.panel-default.text-center.footerPanel .btn,.btn.btn-primary.btnControls' in '10' second(s)

2021-11-12 17:19:57 - [MESSAGE][PASSED] - Method.TextDegerineEsitElementVarMi is PASSED

2021-11-12 17:19:57 - [MESSAGE][PASSED] - Call Test Case 'Test Cases/Butonlar/ButonVarMi' successfully

2021-11-12 17:19:57 - [MESSAGE][INFO] - Checking called Test Case

2021-11-12 17:19:57 - [MESSAGE][INFO] - Starting to call Test Case 'Test Cases/Butonlar/ButonaTikla'

2021-11-12 17:19:57 - [TEST_CASE][PASSED] - Test Cases/Butonlar/ButonaTikla: Test Cases/Butonlar/ButonaTikla

2021-11-12 17:19:57 - [TEST_STEP][PASSED] - Method.TextDegerineEsitElementeTiklaEquals(findTestObject("Butonlar/Butonlar"), Buton_Adi): Method.TextDegerineEsitElementeTiklaEquals is PASSED

2021-11-12 17:19:57 - [MESSAGE][INFO] - Finding Test Object 'Object Repository/Butonlar/Butonlar'

2021-11-12 17:19:57 - [MESSAGE][INFO] - Checking timeout

2021-11-12 17:19:57 - [MESSAGE][INFO] - Finding web element with id: 'Object Repository/Butonlar/Butonlar' located by 'By.cssSelector: .panel.panel-default.text-center.footerPanel .btn,.btn.btn-primary.btnControls' in '10' second(s)

2021-11-12 17:19:57 - [MESSAGE][INFO] - Smart Wait Function is triggered

2021-11-12 17:19:58 - [MESSAGE][INFO] - Found 9 web elements with id: 'Object Repository/Butonlar/Butonlar' located by 'By.cssSelector: .panel.panel-default.text-center.footerPanel .btn,.btn.btn-primary.btnControls' in '10' second(s)

2021-11-12 17:19:58 - [MESSAGE][PASSED] - Method.TextDegerineEsitElementeTiklaEquals is PASSED

2021-11-12 17:19:58 - [MESSAGE][PASSED] - Call Test Case 'Test Cases/Butonlar/ButonaTikla' successfully

2021-11-12 17:19:58 - [MESSAGE][INFO] - Checking called Test Case

2021-11-12 17:19:58 - [MESSAGE][INFO] - Starting to call Test Case 'Test Cases/Butonlar/AltButonVarMi'

2021-11-12 17:19:58 - [TEST_CASE][PASSED] - Test Cases/Butonlar/AltButonVarMi: Test Cases/Butonlar/AltButonVarMi

2021-11-12 17:19:58 - [TEST_STEP][PASSED] - Method.TextDegerineEsitElementVarMi(findTestObject("Butonlar/AltButonlar"), AltButon): Method.TextDegerineEsitElementVarMi is PASSED

2021-11-12 17:19:58 - [MESSAGE][INFO] - Finding Test Object 'Object Repository/Butonlar/AltButonlar'

2021-11-12 17:19:58 - [MESSAGE][INFO] - Checking timeout

2021-11-12 17:19:58 - [MESSAGE][INFO] - Finding web element with id: 'Object Repository/Butonlar/AltButonlar' located by 'By.cssSelector: .btn-group.open li>a' in '10' second(s)

2021-11-12 17:19:58 - [MESSAGE][INFO] - Smart Wait Function is triggered

2021-11-12 17:19:58 - [MESSAGE][INFO] - Found 2 web elements with id: 'Object Repository/Butonlar/AltButonlar' located by 'By.cssSelector: .btn-group.open li>a' in '10' second(s)

2021-11-12 17:19:58 - [MESSAGE][PASSED] - Method.TextDegerineEsitElementVarMi is PASSED

2021-11-12 17:19:58 - [MESSAGE][PASSED] - Call Test Case 'Test Cases/Butonlar/AltButonVarMi' successfully

2021-11-12 17:19:58 - [MESSAGE][INFO] - Checking called Test Case

2021-11-12 17:19:58 - [MESSAGE][INFO] - Starting to call Test Case 'Test Cases/Butonlar/AltButonVarMi'

2021-11-12 17:19:58 - [TEST_CASE][PASSED] - Test Cases/Butonlar/AltButonVarMi: Test Cases/Butonlar/AltButonVarMi

2021-11-12 17:19:58 - [TEST_STEP][PASSED] - Method.TextDegerineEsitElementVarMi(findTestObject("Butonlar/AltButonlar"), AltButon): Method.TextDegerineEsitElementVarMi is PASSED

2021-11-12 17:19:58 - [MESSAGE][INFO] - Finding Test Object 'Object Repository/Butonlar/AltButonlar'

2021-11-12 17:19:58 - [MESSAGE][INFO] - Checking timeout

2021-11-12 17:19:58 - [MESSAGE][INFO] - Finding web element with id: 'Object Repository/Butonlar/AltButonlar' located by 'By.cssSelector: .btn-group.open li>a' in '10' second(s)

2021-11-12 17:19:58 - [MESSAGE][INFO] - Smart Wait Function is triggered

2021-11-12 17:19:59 - [MESSAGE][INFO] - Found 2 web elements with id: 'Object Repository/Butonlar/AltButonlar' located by 'By.cssSelector: .btn-group.open li>a' in '10' second(s)

2021-11-12 17:19:59 - [MESSAGE][PASSED] - Method.TextDegerineEsitElementVarMi is PASSED

2021-11-12 17:19:59 - [MESSAGE][PASSED] - Call Test Case 'Test Cases/Butonlar/AltButonVarMi' successfully

2021-11-12 17:19:59 - [MESSAGE][INFO] - Checking called Test Case

2021-11-12 17:19:59 - [MESSAGE][INFO] - Starting to call Test Case 'Test Cases/Kullanici_Islemleri/KullaniciIslemlerindenSecimYapilir'

2021-11-12 17:19:59 - [TEST_CASE][PASSED] - Test Cases/Kullanici_Islemleri/KullaniciIslemlerindenSecimYapilir: Test Cases/Kullanici_Islemleri/KullaniciIslemlerindenSecimYapilir

2021-11-12 17:19:59 - [TEST_STEP][PASSED] - waitForElementClickable(findTestObject("Object Repository/Kullanici_Islemleri/KullaniciIslemleri"), 10): Object 'Object Repository/Kullanici_Islemleri/KullaniciIslemleri' is clickable

2021-11-12 17:19:59 - [MESSAGE][INFO] - Finding Test Object 'Object Repository/Kullanici_Islemleri/KullaniciIslemleri'

2021-11-12 17:19:59 - [MESSAGE][INFO] - Checking object

2021-11-12 17:19:59 - [MESSAGE][INFO] - Checking timeout

2021-11-12 17:19:59 - [MESSAGE][INFO] - Finding web element from Test Object's properties

2021-11-12 17:19:59 - [MESSAGE][INFO] - Checking timeout

2021-11-12 17:19:59 - [MESSAGE][INFO] - Finding web element with id: 'Object Repository/Kullanici_Islemleri/KullaniciIslemleri' located by 'By.cssSelector: .dropdown>a>img' in '10' second(s)

2021-11-12 17:19:59 - [MESSAGE][INFO] - Smart Wait Function is triggered

2021-11-12 17:19:59 - [MESSAGE][INFO] - Found 1 web elements with id: 'Object Repository/Kullanici_Islemleri/KullaniciIslemleri' located by 'By.cssSelector: .dropdown>a>img' in '10' second(s)

2021-11-12 17:19:59 - [MESSAGE][PASSED] - Object 'Object Repository/Kullanici_Islemleri/KullaniciIslemleri' is clickable

2021-11-12 17:19:59 - [TEST_STEP][PASSED] - click(findTestObject("Object Repository/Kullanici_Islemleri/KullaniciIslemleri")): Object: 'Object Repository/Kullanici_Islemleri/KullaniciIslemleri' is clicked on

2021-11-12 17:19:59 - [MESSAGE][INFO] - Finding Test Object 'Object Repository/Kullanici_Islemleri/KullaniciIslemleri'

2021-11-12 17:19:59 - [MESSAGE][INFO] - Checking object

2021-11-12 17:19:59 - [MESSAGE][INFO] - Finding web element from Test Object's properties

2021-11-12 17:19:59 - [MESSAGE][INFO] - Checking timeout

2021-11-12 17:19:59 - [MESSAGE][INFO] - Finding web element with id: 'Object Repository/Kullanici_Islemleri/KullaniciIslemleri' located by 'By.cssSelector: .dropdown>a>img' in '30' second(s)

2021-11-12 17:19:59 - [MESSAGE][INFO] - Smart Wait Function is triggered

2021-11-12 17:20:00 - [MESSAGE][INFO] - Found 1 web elements with id: 'Object Repository/Kullanici_Islemleri/KullaniciIslemleri' located by 'By.cssSelector: .dropdown>a>img' in '30' second(s)

2021-11-12 17:20:00 - [MESSAGE][INFO] - Clicking on object: 'Object Repository/Kullanici_Islemleri/KullaniciIslemleri'

2021-11-12 17:20:00 - [MESSAGE][PASSED] - Object: 'Object Repository/Kullanici_Islemleri/KullaniciIslemleri' is clicked on

2021-11-12 17:20:00 - [TEST_STEP][PASSED] - Method.TextDegerineEsitElementeTikla(findTestObject("Object Repository/Kullanici_Islemleri/Secenekler"), Islem): Method.TextDegerineEsitElementeTikla is PASSED

2021-11-12 17:20:00 - [MESSAGE][INFO] - Finding Test Object 'Object Repository/Kullanici_Islemleri/Secenekler'

2021-11-12 17:20:00 - [MESSAGE][INFO] - Checking timeout

2021-11-12 17:20:00 - [MESSAGE][INFO] - Finding web element with id: 'Object Repository/Kullanici_Islemleri/Secenekler' located by 'By.cssSelector: .nav.navbar-nav.navbar-right li a' in '10' second(s)

2021-11-12 17:20:00 - [MESSAGE][INFO] - Smart Wait Function is triggered

2021-11-12 17:20:00 - [MESSAGE][INFO] - Found 22 web elements with id: 'Object Repository/Kullanici_Islemleri/Secenekler' located by 'By.cssSelector: .nav.navbar-nav.navbar-right li a' in '10' second(s)

2021-11-12 17:20:02 - [MESSAGE][PASSED] - Method.TextDegerineEsitElementeTikla is PASSED

2021-11-12 17:20:02 - [TEST_STEP][PASSED] - verifyElementNotPresent(findTestObject("Object Repository/Kullanici_Islemleri/Secenekler"), 10): Web element with id: 'Object Repository/Kullanici_Islemleri/Secenekler' located by 'By.cssSelector: .nav.navbar-nav.navbar-right li a' is not present after '10' second(s)

2021-11-12 17:20:02 - [MESSAGE][INFO] - Finding Test Object 'Object Repository/Kullanici_Islemleri/Secenekler'

2021-11-12 17:20:03 - [MESSAGE][INFO] - Checking object

2021-11-12 17:20:03 - [MESSAGE][INFO] - Checking timeout

2021-11-12 17:20:03 - [MESSAGE][INFO] - Finding web element with id: 'Object Repository/Kullanici_Islemleri/Secenekler' located by 'By.cssSelector: .nav.navbar-nav.navbar-right li a' in '10' second(s)

2021-11-12 17:20:03 - [MESSAGE][INFO] - Smart Wait Function is triggered

2021-11-12 17:20:03 - [MESSAGE][PASSED] - Web element with id: 'Object Repository/Kullanici_Islemleri/Secenekler' located by 'By.cssSelector: .nav.navbar-nav.navbar-right li a' is not present after '10' second(s)

2021-11-12 17:20:03 - [MESSAGE][PASSED] - Call Test Case 'Test Cases/Kullanici_Islemleri/KullaniciIslemlerindenSecimYapilir' successfully

2021-11-12 17:20:03 - [TEST_CASE][PASSED] - Start Test Case : SCENARIO e-Arsiv Raporlari Buton Kontrolu: SCENARIO e-Arsiv Raporlari Buton Kontrolu

2021-11-12 17:20:03 - [TEST_STEP][PASSED] - Kullanıcı adı ELOGO6 ve Şifre 123456 olarak giriş yapılır: Kullanıcı adı ELOGO6 ve Şifre 123456 olarak giriş yapılır

2021-11-12 17:20:03 - [MESSAGE][PASSED] - Kullanıcı adı ELOGO6 ve Şifre 123456 olarak giriş yapılır

2021-11-12 17:20:03 - [TEST_STEP][PASSED] - Ana menüden e-Arşiv seçilir: Ana menüden e-Arşiv seçilir

2021-11-12 17:20:03 - [MESSAGE][PASSED] - Ana menüden e-Arşiv seçilir

2021-11-12 17:20:03 - [TEST_STEP][PASSED] - Alt menü e-Arşiv Hareketleri başlığı altındaki e-Arşiv Raporları seçilir: Alt menü e-Arşiv Hareketleri başlığı altındaki e-Arşiv Raporları seçilir

2021-11-12 17:20:03 - [MESSAGE][PASSED] - Alt menü e-Arşiv Hareketleri başlığı altındaki e-Arşiv Raporları seçilir

2021-11-12 17:20:03 - [TEST_STEP][PASSED] - Listelenen öğe bilgisi kayıt edilir: Listelenen öğe bilgisi kayıt edilir

2021-11-12 17:20:03 - [MESSAGE][PASSED] - Listelenen öğe bilgisi kayıt edilir

2021-11-12 17:20:03 - [TEST_STEP][PASSED] - Filtre butonlarından Listele seçilir: Filtre butonlarından Listele seçilir

2021-11-12 17:20:03 - [MESSAGE][PASSED] - Filtre butonlarından Listele seçilir

2021-11-12 17:20:03 - [TEST_STEP][PASSED] - Listelenen öğe sayısı doğru mu: Listelenen öğe sayısı doğru mu

2021-11-12 17:20:03 - [MESSAGE][PASSED] - Listelenen öğe sayısı doğru mu

2021-11-12 17:20:03 - [TEST_STEP][PASSED] - Ana menüden e-Arşiv seçilir: Ana menüden e-Arşiv seçilir

2021-11-12 17:20:03 - [MESSAGE][PASSED] - Ana menüden e-Arşiv seçilir

2021-11-12 17:20:03 - [TEST_STEP][PASSED] - Alt menü e-Arşiv Hareketleri başlığı altındaki e-Arşiv Raporları seçilir: Alt menü e-Arşiv Hareketleri başlığı altındaki e-Arşiv Raporları seçilir

2021-11-12 17:20:03 - [MESSAGE][PASSED] - Alt menü e-Arşiv Hareketleri başlığı altındaki e-Arşiv Raporları seçilir

2021-11-12 17:20:03 - [TEST_STEP][PASSED] - Filtrelerden Dönem Tarihi filtresine 2021 Eylül dropdowndan degeri seçilir: Filtrelerden Dönem Tarihi filtresine 2021 Eylül dropdowndan degeri seçilir

2021-11-12 17:20:03 - [MESSAGE][PASSED] - Filtrelerden Dönem Tarihi filtresine 2021 Eylül dropdowndan degeri seçilir

2021-11-12 17:20:03 - [TEST_STEP][PASSED] - Filtrelerden Bölüm Tarihi filtresine 01.09.2021 baslangic degerini yaz: Filtrelerden Bölüm Tarihi filtresine 01.09.2021 baslangic degerini yaz

2021-11-12 17:20:03 - [MESSAGE][PASSED] - Filtrelerden Bölüm Tarihi filtresine 01.09.2021 baslangic degerini yaz

2021-11-12 17:20:03 - [TEST_STEP][PASSED] - Filtrelerden Bölüm Tarihi filtresine 01.09.2021 bitis degerini yaz: Filtrelerden Bölüm Tarihi filtresine 01.09.2021 bitis degerini yaz

2021-11-12 17:20:03 - [MESSAGE][PASSED] - Filtrelerden Bölüm Tarihi filtresine 01.09.2021 bitis degerini yaz

2021-11-12 17:20:03 - [TEST_STEP][PASSED] - Filtre butonlarından Listele seçilir: Filtre butonlarından Listele seçilir

2021-11-12 17:20:03 - [MESSAGE][PASSED] - Filtre butonlarından Listele seçilir

2021-11-12 17:20:03 - [TEST_STEP][PASSED] - Tablodan 2716453 isimli verinin detayı tıklanır: Tablodan 2716453 isimli verinin detayı tıklanır

2021-11-12 17:20:03 - [MESSAGE][PASSED] - Tablodan 2716453 isimli verinin detayı tıklanır

2021-11-12 17:20:03 - [TEST_STEP][PASSED] - Tablodan 2716453 isimli verinin detayı tıklanır: Tablodan 2716453 isimli verinin detayı tıklanır

2021-11-12 17:20:03 - [MESSAGE][PASSED] - Tablodan 2716453 isimli verinin detayı tıklanır

2021-11-12 17:20:03 - [TEST_STEP][PASSED] - Filtre alanlarında Dönem Tarihi var mı: Filtre alanlarında Dönem Tarihi var mı

2021-11-12 17:20:03 - [MESSAGE][PASSED] - Filtre alanlarında Dönem Tarihi var mı

2021-11-12 17:20:03 - [TEST_STEP][PASSED] - Filtre alanlarında Bölüm Tarihi var mı: Filtre alanlarında Bölüm Tarihi var mı

2021-11-12 17:20:03 - [MESSAGE][PASSED] - Filtre alanlarında Bölüm Tarihi var mı

2021-11-12 17:20:03 - [TEST_STEP][PASSED] - Filtre alanlarında ETTN var mı: Filtre alanlarında ETTN var mı

2021-11-12 17:20:03 - [MESSAGE][PASSED] - Filtre alanlarında ETTN var mı

2021-11-12 17:20:03 - [TEST_STEP][PASSED] - Filtre alanlarında Rapor No var mı: Filtre alanlarında Rapor No var mı

2021-11-12 17:20:03 - [MESSAGE][PASSED] - Filtre alanlarında Rapor No var mı

2021-11-12 17:20:03 - [TEST_STEP][PASSED] - Filtre alanlarında Durum var mı: Filtre alanlarında Durum var mı

2021-11-12 17:20:03 - [MESSAGE][PASSED] - Filtre alanlarında Durum var mı

2021-11-12 17:20:03 - [TEST_STEP][PASSED] - Filtre alanlarında Saklama var mı: Filtre alanlarında Saklama var mı

2021-11-12 17:20:03 - [MESSAGE][PASSED] - Filtre alanlarında Saklama var mı

2021-11-12 17:20:03 - [TEST_STEP][PASSED] - Filtre butonlarında Filtreleri Kaydet var mı: Filtre butonlarında Filtreleri Kaydet var mı

2021-11-12 17:20:03 - [MESSAGE][PASSED] - Filtre butonlarında Filtreleri Kaydet var mı

2021-11-12 17:20:03 - [TEST_STEP][PASSED] - Filtre butonlarında Listele var mı: Filtre butonlarında Listele var mı

2021-11-12 17:20:03 - [MESSAGE][PASSED] - Filtre butonlarında Listele var mı

2021-11-12 17:20:03 - [TEST_STEP][PASSED] - Filtre butonlarında Temizle var mı: Filtre butonlarında Temizle var mı

2021-11-12 17:20:03 - [MESSAGE][PASSED] - Filtre butonlarında Temizle var mı

2021-11-12 17:20:03 - [TEST_STEP][PASSED] - Butonlardan Excel var mı: Butonlardan Excel var mı

2021-11-12 17:20:03 - [MESSAGE][PASSED] - Butonlardan Excel var mı

2021-11-12 17:20:03 - [TEST_STEP][PASSED] - Butonlardan XML var mı: Butonlardan XML var mı

2021-11-12 17:20:03 - [MESSAGE][PASSED] - Butonlardan XML var mı

2021-11-12 17:20:03 - [TEST_STEP][PASSED] - Butonlardan Rapor var mı: Butonlardan Rapor var mı

2021-11-12 17:20:03 - [MESSAGE][PASSED] - Butonlardan Rapor var mı

2021-11-12 17:20:03 - [TEST_STEP][PASSED] - Butonlardan İzleme Kayıtları var mı: Butonlardan İzleme Kayıtları var mı

2021-11-12 17:20:03 - [MESSAGE][PASSED] - Butonlardan İzleme Kayıtları var mı

2021-11-12 17:20:03 - [TEST_STEP][PASSED] - Butonlardan GİB'e Gönder var mı: Butonlardan GİB'e Gönder var mı

2021-11-12 17:20:03 - [MESSAGE][PASSED] - Butonlardan GİB'e Gönder var mı

2021-11-12 17:20:03 - [TEST_STEP][PASSED] - Butonlardan Yeniden Oluştur var mı: Butonlardan Yeniden Oluştur var mı

2021-11-12 17:20:03 - [MESSAGE][PASSED] - Butonlardan Yeniden Oluştur var mı

2021-11-12 17:20:03 - [TEST_STEP][PASSED] - Butonlardan Mutabakat var mı: Butonlardan Mutabakat var mı

2021-11-12 17:20:03 - [MESSAGE][PASSED] - Butonlardan Mutabakat var mı

2021-11-12 17:20:03 - [TEST_STEP][PASSED] - Butonlardan Rapor Oluştur var mı: Butonlardan Rapor Oluştur var mı

2021-11-12 17:20:03 - [MESSAGE][PASSED] - Butonlardan Rapor Oluştur var mı

2021-11-12 17:20:03 - [TEST_STEP][PASSED] - Butonlardan Excel isimli butona tıklanır: Butonlardan Excel isimli butona tıklanır

2021-11-12 17:20:03 - [MESSAGE][PASSED] - Butonlardan Excel isimli butona tıklanır

2021-11-12 17:20:03 - [TEST_STEP][PASSED] - Alt butonlardan Excel 'e Aktar var mı: Alt butonlardan Excel 'e Aktar var mı

2021-11-12 17:20:03 - [MESSAGE][PASSED] - Alt butonlardan Excel 'e Aktar var mı

2021-11-12 17:20:03 - [TEST_STEP][PASSED] - Alt butonlardan Tümünü Excel 'e Aktar var mı: Alt butonlardan Tümünü Excel 'e Aktar var mı

2021-11-12 17:20:03 - [MESSAGE][PASSED] - Alt butonlardan Tümünü Excel 'e Aktar var mı

2021-11-12 17:20:03 - [TEST_STEP][PASSED] - Kullanıcı işlemlerinden Çıkış seçilir: Kullanıcı işlemlerinden Çıkış seçilir

2021-11-12 17:20:03 - [MESSAGE][PASSED] - Kullanıcı işlemlerinden Çıkış seçilir

2021-11-12 17:20:03 - [MESSAGE][PASSED] - Feature file: 'Include/features/e-Arsiv/e-Arsiv Hareketleri/e-Arsiv Raporlari/Ekran Kontrolu.feature' was passed

2021-11-12 17:20:03 - [TEST_STEP][PASSED] - Start listener action : sampleAfterTestSuite: Invoke 'com.kms.katalon.core.annotation.AfterTestCase' method: 'Listener.sampleAfterTestSuite(...)' completed.

2021-11-12 17:20:03 - [MESSAGE][INFO] - Starting invoke 'com.kms.katalon.core.annotation.AfterTestCase' method: 'Listener.sampleAfterTestSuite(...)'

2021-11-12 17:20:03 - [TEST_STEP][PASSED] - closeBrowser(): Invoke 'com.kms.katalon.core.annotation.AfterTestCase' method: 'Listener.sampleAfterTestSuite(...)' completed.

2021-11-12 17:20:03 - [MESSAGE][INFO] - Closing browser

2021-11-12 17:20:04 - [MESSAGE][PASSED] - Browser is closed

2021-11-12 17:20:04 - [MESSAGE][INFO] - Invoke 'com.kms.katalon.core.annotation.AfterTestCase' method: 'Listener.sampleAfterTestSuite(...)' completed.]]></system-out>
         <system-err><![CDATA[]]></system-err>
      </testcase>
      <testcase name="Test Cases/Case Repository/e-Arsiv/e-Arsiv Hareketleri/e-Arsiv Raporlari/Izleme Kayitlari" time="50.238" classname="Test Cases/Case Repository/e-Arsiv/e-Arsiv Hareketleri/e-Arsiv Raporlari/Izleme Kayitlari" status="PASSED">
         <system-out><![CDATA[2021-11-12 17:20:04 - [TEST_CASE][PASSED] - Test Cases/Case Repository/e-Arsiv/e-Arsiv Hareketleri/e-Arsiv Raporlari/Izleme Kayitlari: Test Cases/Case Repository/e-Arsiv/e-Arsiv Hareketleri/e-Arsiv Raporlari/Izleme Kayitlari

2021-11-12 17:20:04 - [TEST_STEP][PASSED] - Start listener action : sampleBeforeTestSuite: Invoke 'com.kms.katalon.core.annotation.BeforeTestCase' method: 'Listener.sampleBeforeTestSuite(...)' completed.

2021-11-12 17:20:04 - [MESSAGE][INFO] - Starting invoke 'com.kms.katalon.core.annotation.BeforeTestCase' method: 'Listener.sampleBeforeTestSuite(...)'

2021-11-12 17:20:04 - [TEST_STEP][PASSED] - openBrowser(baseUrl): Browser is opened with url: 'https://efatura-stage.elogo.com.tr/'

2021-11-12 17:20:04 - [MESSAGE][INFO] - Opening browser

2021-11-12 17:20:04 - [MESSAGE][INFO] - Starting 'Chrome' driver

2021-11-12 17:20:04 - [MESSAGE][INFO] - User set preference: ['prefs', '{download.default_directory=C:\otomasyondownfiles}']

2021-11-12 17:20:04 - [MESSAGE][INFO] - Action delay is set to 0 milliseconds

2021-11-12 17:20:05 - [MESSAGE][INFO] - Navigating browser to: 'https://efatura-stage.elogo.com.tr/'

2021-11-12 17:20:12 - [MESSAGE][PASSED] - Browser is opened with url: 'https://efatura-stage.elogo.com.tr/'

2021-11-12 17:20:12 - [TEST_STEP][PASSED] - maximizeWindow(): Invoke 'com.kms.katalon.core.annotation.BeforeTestCase' method: 'Listener.sampleBeforeTestSuite(...)' completed.

2021-11-12 17:20:12 - [MESSAGE][INFO] - Maximizing current window

2021-11-12 17:20:12 - [MESSAGE][PASSED] - Current window maximized

2021-11-12 17:20:12 - [MESSAGE][INFO] - Invoke 'com.kms.katalon.core.annotation.BeforeTestCase' method: 'Listener.sampleBeforeTestSuite(...)' completed.

2021-11-12 17:20:12 - [TEST_STEP][PASSED] - runFeatureFile("Include/features/e-Arsiv/e-Arsiv Hareketleri/e-Arsiv Raporlari/Izleme Kayitlari.feature"): Feature file: 'Include/features/e-Arsiv/e-Arsiv Hareketleri/e-Arsiv Raporlari/Izleme Kayitlari.feature' was passed

2021-11-12 17:20:12 - [MESSAGE][INFO] - Starting run keyword runFeatureFile: 'Include/features/e-Arsiv/e-Arsiv Hareketleri/e-Arsiv Raporlari/Izleme Kayitlari.feature' and extract report to folder: 'C:\Users\DELL\Documents\GitHub\EES_KatalonLogo\Reports\20211112_170311\Suite Repository\e-Arsiv\20211112_170317/cucumber_report/1636726812870'...

2021-11-12 17:20:12 - [MESSAGE][INFO] - Glue: []

2021-11-12 17:20:14 - [MESSAGE][INFO] - Checking called Test Case

2021-11-12 17:20:14 - [MESSAGE][INFO] - Starting to call Test Case 'Test Cases/Sayfalar/Giris_Sayfasi/Login'

2021-11-12 17:20:14 - [TEST_CASE][PASSED] - Test Cases/Sayfalar/Giris_Sayfasi/Login: Test Cases/Sayfalar/Giris_Sayfasi/Login

2021-11-12 17:20:14 - [TEST_STEP][PASSED] - Sayfa_Basligi = getWindowTitle(): Current window's title is: 'LOGO e-Fatura'

2021-11-12 17:20:14 - [MESSAGE][INFO] - Getting current window's title

2021-11-12 17:20:14 - [MESSAGE][PASSED] - Current window's title is: 'LOGO e-Fatura'

2021-11-12 17:20:14 - [TEST_STEP][PASSED] - verifyMatch(Sayfa_Basligi, "LOGO e-Fatura", false): Actual text 'LOGO e-Fatura' and expected text 'LOGO e-Fatura' are matched 

2021-11-12 17:20:14 - [MESSAGE][INFO] - Matching actual text 'LOGO e-Fatura' with expected text 'LOGO e-Fatura'

2021-11-12 17:20:14 - [MESSAGE][PASSED] - Actual text 'LOGO e-Fatura' and expected text 'LOGO e-Fatura' are matched 

2021-11-12 17:20:14 - [TEST_STEP][PASSED] - sendKeys(findTestObject("Sayfalar/Giris_Sayfasi/Firma_Kodu"), KullaniciAdi): Keys 'ELOGO6' sent to object: 'Object Repository/Sayfalar/Giris_Sayfasi/Firma_Kodu'

2021-11-12 17:20:14 - [MESSAGE][INFO] - Finding Test Object 'Object Repository/Sayfalar/Giris_Sayfasi/Firma_Kodu'

2021-11-12 17:20:14 - [MESSAGE][INFO] - Sending keys 'ELOGO6' to object: 'Object Repository/Sayfalar/Giris_Sayfasi/Firma_Kodu'

2021-11-12 17:20:14 - [MESSAGE][INFO] - Finding web element from Test Object's properties

2021-11-12 17:20:14 - [MESSAGE][INFO] - Checking timeout

2021-11-12 17:20:14 - [MESSAGE][INFO] - Finding web element with id: 'Object Repository/Sayfalar/Giris_Sayfasi/Firma_Kodu' located by 'By.xpath: //*[@id = 'AccountName']' in '30' second(s)

2021-11-12 17:20:14 - [MESSAGE][INFO] - Smart Wait Function is triggered

2021-11-12 17:20:15 - [MESSAGE][INFO] - Found 1 web elements with id: 'Object Repository/Sayfalar/Giris_Sayfasi/Firma_Kodu' located by 'By.xpath: //*[@id = 'AccountName']' in '30' second(s)

2021-11-12 17:20:15 - [MESSAGE][PASSED] - Keys 'ELOGO6' sent to object: 'Object Repository/Sayfalar/Giris_Sayfasi/Firma_Kodu'

2021-11-12 17:20:15 - [TEST_STEP][PASSED] - sendKeys(findTestObject("Sayfalar/Giris_Sayfasi/Sifre"), Sifre): Keys '123456' sent to object: 'Object Repository/Sayfalar/Giris_Sayfasi/Sifre'

2021-11-12 17:20:15 - [MESSAGE][INFO] - Finding Test Object 'Object Repository/Sayfalar/Giris_Sayfasi/Sifre'

2021-11-12 17:20:15 - [MESSAGE][INFO] - Sending keys '123456' to object: 'Object Repository/Sayfalar/Giris_Sayfasi/Sifre'

2021-11-12 17:20:15 - [MESSAGE][INFO] - Finding web element from Test Object's properties

2021-11-12 17:20:15 - [MESSAGE][INFO] - Checking timeout

2021-11-12 17:20:15 - [MESSAGE][INFO] - Finding web element with id: 'Object Repository/Sayfalar/Giris_Sayfasi/Sifre' located by 'By.xpath: //*[@id = 'Password']' in '30' second(s)

2021-11-12 17:20:15 - [MESSAGE][INFO] - Smart Wait Function is triggered

2021-11-12 17:20:15 - [MESSAGE][INFO] - Found 1 web elements with id: 'Object Repository/Sayfalar/Giris_Sayfasi/Sifre' located by 'By.xpath: //*[@id = 'Password']' in '30' second(s)

2021-11-12 17:20:15 - [MESSAGE][PASSED] - Keys '123456' sent to object: 'Object Repository/Sayfalar/Giris_Sayfasi/Sifre'

2021-11-12 17:20:15 - [TEST_STEP][PASSED] - findWebElement(findTestObject("Sayfalar/Giris_Sayfasi/Giris_Butonu")).click(): Found 1 web elements with id: 'Object Repository/Sayfalar/Giris_Sayfasi/Giris_Butonu' located by 'By.cssSelector: #btnLogin' in '30' second(s)

2021-11-12 17:20:15 - [MESSAGE][INFO] - Finding Test Object 'Object Repository/Sayfalar/Giris_Sayfasi/Giris_Butonu'

2021-11-12 17:20:15 - [MESSAGE][INFO] - Finding web element from Test Object's properties

2021-11-12 17:20:15 - [MESSAGE][INFO] - Checking timeout

2021-11-12 17:20:15 - [MESSAGE][INFO] - Finding web element with id: 'Object Repository/Sayfalar/Giris_Sayfasi/Giris_Butonu' located by 'By.cssSelector: #btnLogin' in '30' second(s)

2021-11-12 17:20:15 - [MESSAGE][INFO] - Smart Wait Function is triggered

2021-11-12 17:20:16 - [MESSAGE][INFO] - Found 1 web elements with id: 'Object Repository/Sayfalar/Giris_Sayfasi/Giris_Butonu' located by 'By.cssSelector: #btnLogin' in '30' second(s)

2021-11-12 17:20:18 - [TEST_STEP][PASSED] - if (verifyElementPresent(findTestObject("Object Repository/Sayfalar/Giris_Sayfasi/RetveTamam_Butonu"), 5, OPTIONAL)): null

2021-11-12 17:20:18 - [MESSAGE][INFO] - Finding Test Object 'Object Repository/Sayfalar/Giris_Sayfasi/RetveTamam_Butonu'

2021-11-12 17:20:19 - [MESSAGE][INFO] - Checking object

2021-11-12 17:20:19 - [MESSAGE][INFO] - Finding web element from Test Object's properties

2021-11-12 17:20:19 - [MESSAGE][INFO] - Checking timeout

2021-11-12 17:20:19 - [MESSAGE][INFO] - Finding web element with id: 'Object Repository/Sayfalar/Giris_Sayfasi/RetveTamam_Butonu' located by 'By.xpath: //*[@class = 'btn btn-default']' in '5' second(s)

2021-11-12 17:20:19 - [MESSAGE][INFO] - Smart Wait Function is triggered

2021-11-12 17:20:19 - [MESSAGE][INFO] - Found 1 web elements with id: 'Object Repository/Sayfalar/Giris_Sayfasi/RetveTamam_Butonu' located by 'By.xpath: //*[@class = 'btn btn-default']' in '5' second(s)

2021-11-12 17:20:19 - [MESSAGE][PASSED] - Object 'Object Repository/Sayfalar/Giris_Sayfasi/RetveTamam_Butonu' is present

2021-11-12 17:20:19 - [TEST_STEP][PASSED] - click(findTestObject("Object Repository/Sayfalar/Giris_Sayfasi/RetveTamam_Butonu")): Object: 'Object Repository/Sayfalar/Giris_Sayfasi/RetveTamam_Butonu' is clicked on

2021-11-12 17:20:19 - [MESSAGE][INFO] - Finding Test Object 'Object Repository/Sayfalar/Giris_Sayfasi/RetveTamam_Butonu'

2021-11-12 17:20:19 - [MESSAGE][INFO] - Checking object

2021-11-12 17:20:19 - [MESSAGE][INFO] - Finding web element from Test Object's properties

2021-11-12 17:20:19 - [MESSAGE][INFO] - Checking timeout

2021-11-12 17:20:19 - [MESSAGE][INFO] - Finding web element with id: 'Object Repository/Sayfalar/Giris_Sayfasi/RetveTamam_Butonu' located by 'By.xpath: //*[@class = 'btn btn-default']' in '30' second(s)

2021-11-12 17:20:19 - [MESSAGE][INFO] - Smart Wait Function is triggered

2021-11-12 17:20:19 - [MESSAGE][INFO] - Found 1 web elements with id: 'Object Repository/Sayfalar/Giris_Sayfasi/RetveTamam_Butonu' located by 'By.xpath: //*[@class = 'btn btn-default']' in '30' second(s)

2021-11-12 17:20:19 - [MESSAGE][INFO] - Clicking on object: 'Object Repository/Sayfalar/Giris_Sayfasi/RetveTamam_Butonu'

2021-11-12 17:20:19 - [MESSAGE][PASSED] - Object: 'Object Repository/Sayfalar/Giris_Sayfasi/RetveTamam_Butonu' is clicked on

2021-11-12 17:20:19 - [TEST_STEP][PASSED] - click(findTestObject("Object Repository/Sayfalar/Giris_Sayfasi/RetveTamam_Butonu")): Object: 'Object Repository/Sayfalar/Giris_Sayfasi/RetveTamam_Butonu' is clicked on

2021-11-12 17:20:19 - [MESSAGE][INFO] - Finding Test Object 'Object Repository/Sayfalar/Giris_Sayfasi/RetveTamam_Butonu'

2021-11-12 17:20:19 - [MESSAGE][INFO] - Checking object

2021-11-12 17:20:19 - [MESSAGE][INFO] - Finding web element from Test Object's properties

2021-11-12 17:20:19 - [MESSAGE][INFO] - Checking timeout

2021-11-12 17:20:19 - [MESSAGE][INFO] - Finding web element with id: 'Object Repository/Sayfalar/Giris_Sayfasi/RetveTamam_Butonu' located by 'By.xpath: //*[@class = 'btn btn-default']' in '30' second(s)

2021-11-12 17:20:19 - [MESSAGE][INFO] - Smart Wait Function is triggered

2021-11-12 17:20:25 - [MESSAGE][INFO] - Found 1 web elements with id: 'Object Repository/Sayfalar/Giris_Sayfasi/RetveTamam_Butonu' located by 'By.xpath: //*[@class = 'btn btn-default']' in '30' second(s)

2021-11-12 17:20:25 - [MESSAGE][INFO] - Clicking on object: 'Object Repository/Sayfalar/Giris_Sayfasi/RetveTamam_Butonu'

2021-11-12 17:20:25 - [MESSAGE][PASSED] - Object: 'Object Repository/Sayfalar/Giris_Sayfasi/RetveTamam_Butonu' is clicked on

2021-11-12 17:20:25 - [TEST_STEP][PASSED] - if (verifyElementPresent(findTestObject("Sayfalar/Giris_Sayfasi/PopupOK"), 5, OPTIONAL)): null

2021-11-12 17:20:25 - [MESSAGE][INFO] - Finding Test Object 'Object Repository/Sayfalar/Giris_Sayfasi/PopupOK'

2021-11-12 17:20:25 - [MESSAGE][INFO] - Checking object

2021-11-12 17:20:25 - [MESSAGE][INFO] - Finding web element from Test Object's properties

2021-11-12 17:20:25 - [MESSAGE][INFO] - Checking timeout

2021-11-12 17:20:25 - [MESSAGE][INFO] - Finding web element with id: 'Object Repository/Sayfalar/Giris_Sayfasi/PopupOK' located by 'By.cssSelector: .btn.btn-success' in '5' second(s)

2021-11-12 17:20:25 - [MESSAGE][INFO] - Smart Wait Function is triggered

2021-11-12 17:20:26 - [MESSAGE][INFO] - Found 1 web elements with id: 'Object Repository/Sayfalar/Giris_Sayfasi/PopupOK' located by 'By.cssSelector: .btn.btn-success' in '5' second(s)

2021-11-12 17:20:26 - [MESSAGE][PASSED] - Object 'Object Repository/Sayfalar/Giris_Sayfasi/PopupOK' is present

2021-11-12 17:20:26 - [TEST_STEP][PASSED] - click(findTestObject("Object Repository/Sayfalar/Giris_Sayfasi/PopupCarpiGiris")): Object: 'Object Repository/Sayfalar/Giris_Sayfasi/PopupCarpiGiris' is clicked on

2021-11-12 17:20:26 - [MESSAGE][INFO] - Finding Test Object 'Object Repository/Sayfalar/Giris_Sayfasi/PopupCarpiGiris'

2021-11-12 17:20:26 - [MESSAGE][INFO] - Checking object

2021-11-12 17:20:26 - [MESSAGE][INFO] - Finding web element from Test Object's properties

2021-11-12 17:20:26 - [MESSAGE][INFO] - Checking timeout

2021-11-12 17:20:26 - [MESSAGE][INFO] - Finding web element with id: 'Object Repository/Sayfalar/Giris_Sayfasi/PopupCarpiGiris' located by 'By.cssSelector: .bootbox-close-button.close' in '30' second(s)

2021-11-12 17:20:26 - [MESSAGE][INFO] - Smart Wait Function is triggered

2021-11-12 17:20:26 - [MESSAGE][INFO] - Found 1 web elements with id: 'Object Repository/Sayfalar/Giris_Sayfasi/PopupCarpiGiris' located by 'By.cssSelector: .bootbox-close-button.close' in '30' second(s)

2021-11-12 17:20:26 - [MESSAGE][INFO] - Clicking on object: 'Object Repository/Sayfalar/Giris_Sayfasi/PopupCarpiGiris'

2021-11-12 17:20:26 - [MESSAGE][PASSED] - Object: 'Object Repository/Sayfalar/Giris_Sayfasi/PopupCarpiGiris' is clicked on

2021-11-12 17:20:26 - [TEST_STEP][PASSED] - verifyElementVisible(findTestObject("Object Repository/Kullanici_Islemleri/KullaniciIslemleri")): Object 'Object Repository/Kullanici_Islemleri/KullaniciIslemleri' is visible

2021-11-12 17:20:26 - [MESSAGE][INFO] - Finding Test Object 'Object Repository/Kullanici_Islemleri/KullaniciIslemleri'

2021-11-12 17:20:27 - [MESSAGE][INFO] - Checking object

2021-11-12 17:20:27 - [MESSAGE][INFO] - Finding web element from Test Object's properties

2021-11-12 17:20:27 - [MESSAGE][INFO] - Checking timeout

2021-11-12 17:20:27 - [MESSAGE][INFO] - Finding web element with id: 'Object Repository/Kullanici_Islemleri/KullaniciIslemleri' located by 'By.cssSelector: .dropdown>a>img' in '30' second(s)

2021-11-12 17:20:27 - [MESSAGE][INFO] - Smart Wait Function is triggered

2021-11-12 17:20:27 - [MESSAGE][INFO] - Found 1 web elements with id: 'Object Repository/Kullanici_Islemleri/KullaniciIslemleri' located by 'By.cssSelector: .dropdown>a>img' in '30' second(s)

2021-11-12 17:20:27 - [MESSAGE][PASSED] - Object 'Object Repository/Kullanici_Islemleri/KullaniciIslemleri' is visible

2021-11-12 17:20:27 - [MESSAGE][PASSED] - Call Test Case 'Test Cases/Sayfalar/Giris_Sayfasi/Login' successfully

2021-11-12 17:20:27 - [MESSAGE][INFO] - Checking called Test Case

2021-11-12 17:20:27 - [MESSAGE][INFO] - Starting to call Test Case 'Test Cases/Menu/AnaMenuSecimi'

2021-11-12 17:20:27 - [TEST_CASE][PASSED] - Test Cases/Menu/AnaMenuSecimi: Test Cases/Menu/AnaMenuSecimi

2021-11-12 17:20:27 - [TEST_STEP][PASSED] - Method.TextDegerineEsitElementeTikla(findTestObject("Menu/Ana_Menu"), Ana_Menu): Method.TextDegerineEsitElementeTikla is PASSED

2021-11-12 17:20:27 - [MESSAGE][INFO] - Finding Test Object 'Object Repository/Menu/Ana_Menu'

2021-11-12 17:20:27 - [MESSAGE][INFO] - Checking timeout

2021-11-12 17:20:27 - [MESSAGE][INFO] - Finding web element with id: 'Object Repository/Menu/Ana_Menu' located by 'By.xpath: //*[@class = 'dropdown-toggle']' in '10' second(s)

2021-11-12 17:20:27 - [MESSAGE][INFO] - Smart Wait Function is triggered

2021-11-12 17:20:28 - [MESSAGE][INFO] - Found 14 web elements with id: 'Object Repository/Menu/Ana_Menu' located by 'By.xpath: //*[@class = 'dropdown-toggle']' in '10' second(s)

2021-11-12 17:20:28 - [MESSAGE][PASSED] - Method.TextDegerineEsitElementeTikla is PASSED

2021-11-12 17:20:28 - [MESSAGE][PASSED] - Call Test Case 'Test Cases/Menu/AnaMenuSecimi' successfully

2021-11-12 17:20:28 - [MESSAGE][INFO] - Checking called Test Case

2021-11-12 17:20:28 - [MESSAGE][INFO] - Starting to call Test Case 'Test Cases/Menu/BasligaGoreAltMenuSecimi'

2021-11-12 17:20:28 - [TEST_CASE][PASSED] - Test Cases/Menu/BasligaGoreAltMenuSecimi: Test Cases/Menu/BasligaGoreAltMenuSecimi

2021-11-12 17:20:28 - [TEST_STEP][PASSED] - Method.TextDegerineEsitElementinAltindakiTextDegerineEsitOlanaTikla(findTestObject("Menu/Menu_Basligi"), findTestObject("Menu/Basliga_Gore_Alt_Menu"), Baslik, Alt_Menu): Method.TextDegerineEsitElementinAltindakiTextDegerineEsitOlanaTikla is PASSED

2021-11-12 17:20:28 - [MESSAGE][INFO] - Finding Test Object 'Object Repository/Menu/Menu_Basligi'

2021-11-12 17:20:28 - [MESSAGE][INFO] - Finding Test Object 'Object Repository/Menu/Basliga_Gore_Alt_Menu'

2021-11-12 17:20:28 - [MESSAGE][INFO] - Checking timeout

2021-11-12 17:20:28 - [MESSAGE][INFO] - Finding web element with id: 'Object Repository/Menu/Menu_Basligi' located by 'By.xpath: //li[@class='dropdown dropdown-large open']//li[@class='dropdown-header']' in '10' second(s)

2021-11-12 17:20:28 - [MESSAGE][INFO] - Smart Wait Function is triggered

2021-11-12 17:20:28 - [MESSAGE][INFO] - Found 2 web elements with id: 'Object Repository/Menu/Menu_Basligi' located by 'By.xpath: //li[@class='dropdown dropdown-large open']//li[@class='dropdown-header']' in '10' second(s)

2021-11-12 17:20:28 - [MESSAGE][INFO] - Smart Wait Function is triggered

2021-11-12 17:20:33 - [MESSAGE][PASSED] - Method.TextDegerineEsitElementinAltindakiTextDegerineEsitOlanaTikla is PASSED

2021-11-12 17:20:33 - [MESSAGE][PASSED] - Call Test Case 'Test Cases/Menu/BasligaGoreAltMenuSecimi' successfully

2021-11-12 17:20:33 - [MESSAGE][INFO] - Checking called Test Case

2021-11-12 17:20:33 - [MESSAGE][INFO] - Starting to call Test Case 'Test Cases/Filtreler/DropdownSec'

2021-11-12 17:20:33 - [TEST_CASE][PASSED] - Test Cases/Filtreler/DropdownSec: Test Cases/Filtreler/DropdownSec

2021-11-12 17:20:33 - [TEST_STEP][PASSED] - Method.TextDegerineEsitElementinAltindakineTikla(findTestObject("Filtreler/Basliklar"), findTestObject("Filtreler/Basliga_Gore_Baslangic_Image"), Filtre_Adi): Method.TextDegerineEsitElementinAltindakineTikla is PASSED

2021-11-12 17:20:33 - [MESSAGE][INFO] - Finding Test Object 'Object Repository/Filtreler/Basliklar'

2021-11-12 17:20:33 - [MESSAGE][INFO] - Finding Test Object 'Object Repository/Filtreler/Basliga_Gore_Baslangic_Image'

2021-11-12 17:20:33 - [MESSAGE][INFO] - Checking timeout

2021-11-12 17:20:33 - [MESSAGE][INFO] - Finding web element with id: 'Object Repository/Filtreler/Basliklar' located by 'By.cssSelector: .control-label.col-sm-4.paddingMarginRLC' in '10' second(s)

2021-11-12 17:20:33 - [MESSAGE][INFO] - Smart Wait Function is triggered

2021-11-12 17:20:34 - [MESSAGE][INFO] - Found 8 web elements with id: 'Object Repository/Filtreler/Basliklar' located by 'By.cssSelector: .control-label.col-sm-4.paddingMarginRLC' in '10' second(s)

2021-11-12 17:20:34 - [MESSAGE][INFO] - Smart Wait Function is triggered

2021-11-12 17:20:34 - [MESSAGE][PASSED] - Method.TextDegerineEsitElementinAltindakineTikla is PASSED

2021-11-12 17:20:34 - [TEST_STEP][PASSED] - Method.TextDegerineEsitElementeTikla(findTestObject("Object Repository/Filtreler/Basliga_Gore_Dropdown"), Filtre_Degeri): Method.TextDegerineEsitElementeTikla is PASSED

2021-11-12 17:20:34 - [MESSAGE][INFO] - Finding Test Object 'Object Repository/Filtreler/Basliga_Gore_Dropdown'

2021-11-12 17:20:34 - [MESSAGE][INFO] - Checking timeout

2021-11-12 17:20:34 - [MESSAGE][INFO] - Finding web element with id: 'Object Repository/Filtreler/Basliga_Gore_Dropdown' located by 'By.xpath: //*[@class = 'dxeListBoxItemRow_LECustomTheme']' in '10' second(s)

2021-11-12 17:20:34 - [MESSAGE][INFO] - Smart Wait Function is triggered

2021-11-12 17:20:35 - [MESSAGE][INFO] - Found 109 web elements with id: 'Object Repository/Filtreler/Basliga_Gore_Dropdown' located by 'By.xpath: //*[@class = 'dxeListBoxItemRow_LECustomTheme']' in '10' second(s)

2021-11-12 17:20:35 - [MESSAGE][PASSED] - Method.TextDegerineEsitElementeTikla is PASSED

2021-11-12 17:20:35 - [MESSAGE][PASSED] - Call Test Case 'Test Cases/Filtreler/DropdownSec' successfully

2021-11-12 17:20:35 - [MESSAGE][INFO] - Checking called Test Case

2021-11-12 17:20:35 - [MESSAGE][INFO] - Starting to call Test Case 'Test Cases/Filtreler/ButonaTikla'

2021-11-12 17:20:35 - [TEST_CASE][PASSED] - Test Cases/Filtreler/ButonaTikla: Test Cases/Filtreler/ButonaTikla

2021-11-12 17:20:35 - [TEST_STEP][PASSED] - Method.TextDegerineEsitElementeTikla(findTestObject("Filtreler/Butonlar"), Filtre_Buton): Method.TextDegerineEsitElementeTikla is PASSED

2021-11-12 17:20:35 - [MESSAGE][INFO] - Finding Test Object 'Object Repository/Filtreler/Butonlar'

2021-11-12 17:20:35 - [MESSAGE][INFO] - Checking timeout

2021-11-12 17:20:35 - [MESSAGE][INFO] - Finding web element with id: 'Object Repository/Filtreler/Butonlar' located by 'By.cssSelector: .dxb>span' in '10' second(s)

2021-11-12 17:20:35 - [MESSAGE][INFO] - Smart Wait Function is triggered

2021-11-12 17:20:36 - [MESSAGE][INFO] - Found 3 web elements with id: 'Object Repository/Filtreler/Butonlar' located by 'By.cssSelector: .dxb>span' in '10' second(s)

2021-11-12 17:20:36 - [MESSAGE][PASSED] - Method.TextDegerineEsitElementeTikla is PASSED

2021-11-12 17:20:36 - [MESSAGE][PASSED] - Call Test Case 'Test Cases/Filtreler/ButonaTikla' successfully

2021-11-12 17:20:36 - [MESSAGE][INFO] - Checking called Test Case

2021-11-12 17:20:36 - [MESSAGE][INFO] - Starting to call Test Case 'Test Cases/Tablo/TablodaVeriVarMi'

2021-11-12 17:20:36 - [TEST_CASE][PASSED] - Test Cases/Tablo/TablodaVeriVarMi: Test Cases/Tablo/TablodaVeriVarMi

2021-11-12 17:20:36 - [TEST_STEP][PASSED] - verifyTextNotPresent("Görüntülenecek veri yok", true): Text 'Görüntülenecek veri yok' is not present on page using regular expression

2021-11-12 17:20:36 - [MESSAGE][INFO] - Checking text present  using regular expression

2021-11-12 17:20:36 - [MESSAGE][INFO] - Smart Wait Function is triggered

2021-11-12 17:20:37 - [MESSAGE][INFO] - Finding text 'Görüntülenecek veri yok' on page  using regular expression

2021-11-12 17:20:37 - [MESSAGE][PASSED] - Text 'Görüntülenecek veri yok' is not present on page using regular expression

2021-11-12 17:20:37 - [MESSAGE][PASSED] - Call Test Case 'Test Cases/Tablo/TablodaVeriVarMi' successfully

2021-11-12 17:20:37 - [MESSAGE][INFO] - Checking called Test Case

2021-11-12 17:20:37 - [MESSAGE][INFO] - Starting to call Test Case 'Test Cases/Tablo/TablodanVeriSec'

2021-11-12 17:20:37 - [TEST_CASE][PASSED] - Test Cases/Tablo/TablodanVeriSec: Test Cases/Tablo/TablodanVeriSec

2021-11-12 17:20:37 - [TEST_STEP][PASSED] - Method.TextDegerineEsitElementinAltindakineTikla(findTestObject("Tablo/Veriler"), findTestObject("Tablo/VerininCheckBoxi"), Veri_Adi): Method.TextDegerineEsitElementinAltindakineTikla is PASSED

2021-11-12 17:20:37 - [MESSAGE][INFO] - Finding Test Object 'Object Repository/Tablo/Veriler'

2021-11-12 17:20:37 - [MESSAGE][INFO] - Finding Test Object 'Object Repository/Tablo/VerininCheckBoxi'

2021-11-12 17:20:37 - [MESSAGE][INFO] - Checking timeout

2021-11-12 17:20:37 - [MESSAGE][INFO] - Finding web element with id: 'Object Repository/Tablo/Veriler' located by 'By.cssSelector: td.dxgv b ,td.dxgv' in '10' second(s)

2021-11-12 17:20:37 - [MESSAGE][INFO] - Smart Wait Function is triggered

2021-11-12 17:20:37 - [MESSAGE][INFO] - Found 140 web elements with id: 'Object Repository/Tablo/Veriler' located by 'By.cssSelector: td.dxgv b ,td.dxgv' in '10' second(s)

2021-11-12 17:20:37 - [MESSAGE][INFO] - Smart Wait Function is triggered

2021-11-12 17:20:38 - [MESSAGE][PASSED] - Method.TextDegerineEsitElementinAltindakineTikla is PASSED

2021-11-12 17:20:38 - [MESSAGE][PASSED] - Call Test Case 'Test Cases/Tablo/TablodanVeriSec' successfully

2021-11-12 17:20:38 - [MESSAGE][INFO] - Checking called Test Case

2021-11-12 17:20:38 - [MESSAGE][INFO] - Starting to call Test Case 'Test Cases/Butonlar/ButonaTikla'

2021-11-12 17:20:38 - [TEST_CASE][PASSED] - Test Cases/Butonlar/ButonaTikla: Test Cases/Butonlar/ButonaTikla

2021-11-12 17:20:38 - [TEST_STEP][PASSED] - Method.TextDegerineEsitElementeTiklaEquals(findTestObject("Butonlar/Butonlar"), Buton_Adi): Method.TextDegerineEsitElementeTiklaEquals is PASSED

2021-11-12 17:20:38 - [MESSAGE][INFO] - Finding Test Object 'Object Repository/Butonlar/Butonlar'

2021-11-12 17:20:38 - [MESSAGE][INFO] - Checking timeout

2021-11-12 17:20:38 - [MESSAGE][INFO] - Finding web element with id: 'Object Repository/Butonlar/Butonlar' located by 'By.cssSelector: .panel.panel-default.text-center.footerPanel .btn,.btn.btn-primary.btnControls' in '10' second(s)

2021-11-12 17:20:38 - [MESSAGE][INFO] - Smart Wait Function is triggered

2021-11-12 17:20:38 - [MESSAGE][INFO] - Found 9 web elements with id: 'Object Repository/Butonlar/Butonlar' located by 'By.cssSelector: .panel.panel-default.text-center.footerPanel .btn,.btn.btn-primary.btnControls' in '10' second(s)

2021-11-12 17:20:38 - [MESSAGE][PASSED] - Method.TextDegerineEsitElementeTiklaEquals is PASSED

2021-11-12 17:20:38 - [MESSAGE][PASSED] - Call Test Case 'Test Cases/Butonlar/ButonaTikla' successfully

2021-11-12 17:20:38 - [MESSAGE][INFO] - Checking called Test Case

2021-11-12 17:20:38 - [MESSAGE][INFO] - Starting to call Test Case 'Test Cases/Sekmeler/YeniSekmeyeGec'

2021-11-12 17:20:38 - [TEST_CASE][PASSED] - Test Cases/Sekmeler/YeniSekmeyeGec: Test Cases/Sekmeler/YeniSekmeyeGec

2021-11-12 17:20:38 - [TEST_STEP][PASSED] - switchToWindowIndex(1): Switched to window with index: '1'

2021-11-12 17:20:38 - [MESSAGE][INFO] - Checking index

2021-11-12 17:20:38 - [MESSAGE][INFO] - Switching window with index: '1'

2021-11-12 17:20:38 - [MESSAGE][PASSED] - Switched to window with index: '1'

2021-11-12 17:20:38 - [MESSAGE][PASSED] - Call Test Case 'Test Cases/Sekmeler/YeniSekmeyeGec' successfully

2021-11-12 17:20:38 - [MESSAGE][INFO] - Checking called Test Case

2021-11-12 17:20:38 - [MESSAGE][INFO] - Starting to call Test Case 'Test Cases/Sekmeler/GecmisGeldiMi'

2021-11-12 17:20:38 - [TEST_CASE][PASSED] - Test Cases/Sekmeler/GecmisGeldiMi: Test Cases/Sekmeler/GecmisGeldiMi

2021-11-12 17:20:39 - [TEST_STEP][PASSED] - waitForElementVisible(findTestObject("Object Repository/Sekmeler/GecmisBaslik"), 10): Object 'Object Repository/Sekmeler/GecmisBaslik' is visible

2021-11-12 17:20:39 - [MESSAGE][INFO] - Finding Test Object 'Object Repository/Sekmeler/GecmisBaslik'

2021-11-12 17:20:39 - [MESSAGE][INFO] - Checking object

2021-11-12 17:20:39 - [MESSAGE][INFO] - Checking timeout

2021-11-12 17:20:39 - [MESSAGE][INFO] - Finding web element from Test Object's properties

2021-11-12 17:20:39 - [MESSAGE][INFO] - Checking timeout

2021-11-12 17:20:39 - [MESSAGE][INFO] - Finding web element with id: 'Object Repository/Sekmeler/GecmisBaslik' located by 'By.cssSelector: .dxnb-ghtext.dx-vam' in '10' second(s)

2021-11-12 17:20:39 - [MESSAGE][INFO] - Smart Wait Function is triggered

2021-11-12 17:20:49 - [MESSAGE][INFO] - Found 1 web elements with id: 'Object Repository/Sekmeler/GecmisBaslik' located by 'By.cssSelector: .dxnb-ghtext.dx-vam' in '10' second(s)

2021-11-12 17:20:49 - [MESSAGE][PASSED] - Object 'Object Repository/Sekmeler/GecmisBaslik' is visible

2021-11-12 17:20:49 - [TEST_STEP][PASSED] - if (!(getText(findTestObject("Object Repository/Sekmeler/GecmisBaslik")).contains(Baslik))): Text of object 'Object Repository/Sekmeler/GecmisBaslik' is: 'e-Arşiv Rapor İzleme Kayıtları - 2691121'

2021-11-12 17:20:49 - [MESSAGE][INFO] - Finding Test Object 'Object Repository/Sekmeler/GecmisBaslik'

2021-11-12 17:20:49 - [MESSAGE][INFO] - Checking object

2021-11-12 17:20:49 - [MESSAGE][INFO] - Finding web element from Test Object's properties

2021-11-12 17:20:49 - [MESSAGE][INFO] - Checking timeout

2021-11-12 17:20:49 - [MESSAGE][INFO] - Finding web element with id: 'Object Repository/Sekmeler/GecmisBaslik' located by 'By.cssSelector: .dxnb-ghtext.dx-vam' in '30' second(s)

2021-11-12 17:20:49 - [MESSAGE][INFO] - Smart Wait Function is triggered

2021-11-12 17:20:49 - [MESSAGE][INFO] - Found 1 web elements with id: 'Object Repository/Sekmeler/GecmisBaslik' located by 'By.cssSelector: .dxnb-ghtext.dx-vam' in '30' second(s)

2021-11-12 17:20:49 - [MESSAGE][INFO] - Getting text of object 'Object Repository/Sekmeler/GecmisBaslik'

2021-11-12 17:20:50 - [MESSAGE][PASSED] - Text of object 'Object Repository/Sekmeler/GecmisBaslik' is: 'e-Arşiv Rapor İzleme Kayıtları - 2691121'

2021-11-12 17:20:50 - [MESSAGE][PASSED] - Call Test Case 'Test Cases/Sekmeler/GecmisGeldiMi' successfully

2021-11-12 17:20:50 - [MESSAGE][INFO] - Checking called Test Case

2021-11-12 17:20:50 - [MESSAGE][INFO] - Starting to call Test Case 'Test Cases/Sekmeler/Ana_Sekmeye_Gec'

2021-11-12 17:20:50 - [TEST_CASE][PASSED] - Test Cases/Sekmeler/Ana_Sekmeye_Gec: Test Cases/Sekmeler/Ana_Sekmeye_Gec

2021-11-12 17:20:50 - [TEST_STEP][PASSED] - try: Window with index 1 is closed

2021-11-12 17:20:50 - [TEST_STEP][PASSED] - index = getWindowIndex(): Current window's index is: 1

2021-11-12 17:20:50 - [MESSAGE][INFO] - Getting current window's index

2021-11-12 17:20:50 - [MESSAGE][PASSED] - Current window's index is: 1

2021-11-12 17:20:50 - [TEST_STEP][PASSED] - closeWindowIndex(index): Window with index 1 is closed

2021-11-12 17:20:50 - [MESSAGE][INFO] - Checking index

2021-11-12 17:20:50 - [MESSAGE][INFO] - Closing window with index 1

2021-11-12 17:20:50 - [MESSAGE][PASSED] - Window with index 1 is closed

2021-11-12 17:20:50 - [TEST_STEP][PASSED] - switchToWindowIndex(0): Switched to window with index: '0'

2021-11-12 17:20:50 - [MESSAGE][INFO] - Checking index

2021-11-12 17:20:50 - [MESSAGE][INFO] - Switching window with index: '0'

2021-11-12 17:20:50 - [MESSAGE][PASSED] - Switched to window with index: '0'

2021-11-12 17:20:50 - [MESSAGE][PASSED] - Call Test Case 'Test Cases/Sekmeler/Ana_Sekmeye_Gec' successfully

2021-11-12 17:20:50 - [MESSAGE][INFO] - Checking called Test Case

2021-11-12 17:20:50 - [MESSAGE][INFO] - Starting to call Test Case 'Test Cases/Kullanici_Islemleri/KullaniciIslemlerindenSecimYapilir'

2021-11-12 17:20:50 - [TEST_CASE][PASSED] - Test Cases/Kullanici_Islemleri/KullaniciIslemlerindenSecimYapilir: Test Cases/Kullanici_Islemleri/KullaniciIslemlerindenSecimYapilir

2021-11-12 17:20:50 - [TEST_STEP][PASSED] - waitForElementClickable(findTestObject("Object Repository/Kullanici_Islemleri/KullaniciIslemleri"), 10): Object 'Object Repository/Kullanici_Islemleri/KullaniciIslemleri' is clickable

2021-11-12 17:20:50 - [MESSAGE][INFO] - Finding Test Object 'Object Repository/Kullanici_Islemleri/KullaniciIslemleri'

2021-11-12 17:20:50 - [MESSAGE][INFO] - Checking object

2021-11-12 17:20:50 - [MESSAGE][INFO] - Checking timeout

2021-11-12 17:20:50 - [MESSAGE][INFO] - Finding web element from Test Object's properties

2021-11-12 17:20:50 - [MESSAGE][INFO] - Checking timeout

2021-11-12 17:20:50 - [MESSAGE][INFO] - Finding web element with id: 'Object Repository/Kullanici_Islemleri/KullaniciIslemleri' located by 'By.cssSelector: .dropdown>a>img' in '10' second(s)

2021-11-12 17:20:50 - [MESSAGE][INFO] - Smart Wait Function is triggered

2021-11-12 17:20:50 - [MESSAGE][INFO] - Found 1 web elements with id: 'Object Repository/Kullanici_Islemleri/KullaniciIslemleri' located by 'By.cssSelector: .dropdown>a>img' in '10' second(s)

2021-11-12 17:20:50 - [MESSAGE][PASSED] - Object 'Object Repository/Kullanici_Islemleri/KullaniciIslemleri' is clickable

2021-11-12 17:20:50 - [TEST_STEP][PASSED] - click(findTestObject("Object Repository/Kullanici_Islemleri/KullaniciIslemleri")): Object: 'Object Repository/Kullanici_Islemleri/KullaniciIslemleri' is clicked on

2021-11-12 17:20:50 - [MESSAGE][INFO] - Finding Test Object 'Object Repository/Kullanici_Islemleri/KullaniciIslemleri'

2021-11-12 17:20:50 - [MESSAGE][INFO] - Checking object

2021-11-12 17:20:50 - [MESSAGE][INFO] - Finding web element from Test Object's properties

2021-11-12 17:20:50 - [MESSAGE][INFO] - Checking timeout

2021-11-12 17:20:50 - [MESSAGE][INFO] - Finding web element with id: 'Object Repository/Kullanici_Islemleri/KullaniciIslemleri' located by 'By.cssSelector: .dropdown>a>img' in '30' second(s)

2021-11-12 17:20:50 - [MESSAGE][INFO] - Smart Wait Function is triggered

2021-11-12 17:20:51 - [MESSAGE][INFO] - Found 1 web elements with id: 'Object Repository/Kullanici_Islemleri/KullaniciIslemleri' located by 'By.cssSelector: .dropdown>a>img' in '30' second(s)

2021-11-12 17:20:51 - [MESSAGE][INFO] - Clicking on object: 'Object Repository/Kullanici_Islemleri/KullaniciIslemleri'

2021-11-12 17:20:51 - [MESSAGE][PASSED] - Object: 'Object Repository/Kullanici_Islemleri/KullaniciIslemleri' is clicked on

2021-11-12 17:20:51 - [TEST_STEP][PASSED] - Method.TextDegerineEsitElementeTikla(findTestObject("Object Repository/Kullanici_Islemleri/Secenekler"), Islem): Method.TextDegerineEsitElementeTikla is PASSED

2021-11-12 17:20:51 - [MESSAGE][INFO] - Finding Test Object 'Object Repository/Kullanici_Islemleri/Secenekler'

2021-11-12 17:20:51 - [MESSAGE][INFO] - Checking timeout

2021-11-12 17:20:51 - [MESSAGE][INFO] - Finding web element with id: 'Object Repository/Kullanici_Islemleri/Secenekler' located by 'By.cssSelector: .nav.navbar-nav.navbar-right li a' in '10' second(s)

2021-11-12 17:20:51 - [MESSAGE][INFO] - Smart Wait Function is triggered

2021-11-12 17:20:51 - [MESSAGE][INFO] - Found 22 web elements with id: 'Object Repository/Kullanici_Islemleri/Secenekler' located by 'By.cssSelector: .nav.navbar-nav.navbar-right li a' in '10' second(s)

2021-11-12 17:20:53 - [MESSAGE][PASSED] - Method.TextDegerineEsitElementeTikla is PASSED

2021-11-12 17:20:53 - [TEST_STEP][PASSED] - verifyElementNotPresent(findTestObject("Object Repository/Kullanici_Islemleri/Secenekler"), 10): Web element with id: 'Object Repository/Kullanici_Islemleri/Secenekler' located by 'By.cssSelector: .nav.navbar-nav.navbar-right li a' is not present after '10' second(s)

2021-11-12 17:20:53 - [MESSAGE][INFO] - Finding Test Object 'Object Repository/Kullanici_Islemleri/Secenekler'

2021-11-12 17:20:53 - [MESSAGE][INFO] - Checking object

2021-11-12 17:20:53 - [MESSAGE][INFO] - Checking timeout

2021-11-12 17:20:53 - [MESSAGE][INFO] - Finding web element with id: 'Object Repository/Kullanici_Islemleri/Secenekler' located by 'By.cssSelector: .nav.navbar-nav.navbar-right li a' in '10' second(s)

2021-11-12 17:20:53 - [MESSAGE][INFO] - Smart Wait Function is triggered

2021-11-12 17:20:53 - [MESSAGE][PASSED] - Web element with id: 'Object Repository/Kullanici_Islemleri/Secenekler' located by 'By.cssSelector: .nav.navbar-nav.navbar-right li a' is not present after '10' second(s)

2021-11-12 17:20:53 - [MESSAGE][PASSED] - Call Test Case 'Test Cases/Kullanici_Islemleri/KullaniciIslemlerindenSecimYapilir' successfully

2021-11-12 17:20:53 - [TEST_CASE][PASSED] - Start Test Case : SCENARIO e-Arsiv Raporlari Gecmisi: SCENARIO e-Arsiv Raporlari Gecmisi

2021-11-12 17:20:53 - [TEST_STEP][PASSED] - Kullanıcı adı ELOGO6 ve Şifre 123456 olarak giriş yapılır: Kullanıcı adı ELOGO6 ve Şifre 123456 olarak giriş yapılır

2021-11-12 17:20:53 - [MESSAGE][PASSED] - Kullanıcı adı ELOGO6 ve Şifre 123456 olarak giriş yapılır

2021-11-12 17:20:53 - [TEST_STEP][PASSED] - Ana menüden e-Arşiv seçilir: Ana menüden e-Arşiv seçilir

2021-11-12 17:20:53 - [MESSAGE][PASSED] - Ana menüden e-Arşiv seçilir

2021-11-12 17:20:53 - [TEST_STEP][PASSED] - Alt menü e-Arşiv Hareketleri başlığı altındaki e-Arşiv Raporları seçilir: Alt menü e-Arşiv Hareketleri başlığı altındaki e-Arşiv Raporları seçilir

2021-11-12 17:20:53 - [MESSAGE][PASSED] - Alt menü e-Arşiv Hareketleri başlığı altındaki e-Arşiv Raporları seçilir

2021-11-12 17:20:53 - [TEST_STEP][PASSED] - Filtrelerden Dönem Tarihi filtresine 2020 Aralık dropdowndan degeri seçilir: Filtrelerden Dönem Tarihi filtresine 2020 Aralık dropdowndan degeri seçilir

2021-11-12 17:20:53 - [MESSAGE][PASSED] - Filtrelerden Dönem Tarihi filtresine 2020 Aralık dropdowndan degeri seçilir

2021-11-12 17:20:53 - [TEST_STEP][PASSED] - Filtre butonlarından Listele seçilir: Filtre butonlarından Listele seçilir

2021-11-12 17:20:53 - [MESSAGE][PASSED] - Filtre butonlarından Listele seçilir

2021-11-12 17:20:53 - [TEST_STEP][PASSED] - Tabloda veri var mı kontrol edilir: Tabloda veri var mı kontrol edilir

2021-11-12 17:20:53 - [MESSAGE][PASSED] - Tabloda veri var mı kontrol edilir

2021-11-12 17:20:53 - [TEST_STEP][PASSED] - Tablodan 2691121 isimli veri seçilir: Tablodan 2691121 isimli veri seçilir

2021-11-12 17:20:53 - [MESSAGE][PASSED] - Tablodan 2691121 isimli veri seçilir

2021-11-12 17:20:53 - [TEST_STEP][PASSED] - Butonlardan İzleme Kayıtları isimli butona tıklanır: Butonlardan İzleme Kayıtları isimli butona tıklanır

2021-11-12 17:20:53 - [MESSAGE][PASSED] - Butonlardan İzleme Kayıtları isimli butona tıklanır

2021-11-12 17:20:53 - [TEST_STEP][PASSED] - Yeni açılan sekmeye geçilir: Yeni açılan sekmeye geçilir

2021-11-12 17:20:53 - [MESSAGE][PASSED] - Yeni açılan sekmeye geçilir

2021-11-12 17:20:53 - [TEST_STEP][PASSED] - e-Arşiv Rapor İzleme Kayıtları baslikli gecmis sayfasi geldi mi: e-Arşiv Rapor İzleme Kayıtları baslikli gecmis sayfasi geldi mi

2021-11-12 17:20:53 - [MESSAGE][PASSED] - e-Arşiv Rapor İzleme Kayıtları baslikli gecmis sayfasi geldi mi

2021-11-12 17:20:53 - [TEST_STEP][PASSED] - Ana sekmeye geçilir: Ana sekmeye geçilir

2021-11-12 17:20:53 - [MESSAGE][PASSED] - Ana sekmeye geçilir

2021-11-12 17:20:53 - [TEST_STEP][PASSED] - Kullanıcı işlemlerinden Çıkış seçilir: Kullanıcı işlemlerinden Çıkış seçilir

2021-11-12 17:20:53 - [MESSAGE][PASSED] - Kullanıcı işlemlerinden Çıkış seçilir

2021-11-12 17:20:53 - [MESSAGE][PASSED] - Feature file: 'Include/features/e-Arsiv/e-Arsiv Hareketleri/e-Arsiv Raporlari/Izleme Kayitlari.feature' was passed

2021-11-12 17:20:53 - [TEST_STEP][PASSED] - Start listener action : sampleAfterTestSuite: Invoke 'com.kms.katalon.core.annotation.AfterTestCase' method: 'Listener.sampleAfterTestSuite(...)' completed.

2021-11-12 17:20:53 - [MESSAGE][INFO] - Starting invoke 'com.kms.katalon.core.annotation.AfterTestCase' method: 'Listener.sampleAfterTestSuite(...)'

2021-11-12 17:20:53 - [TEST_STEP][PASSED] - closeBrowser(): Invoke 'com.kms.katalon.core.annotation.AfterTestCase' method: 'Listener.sampleAfterTestSuite(...)' completed.

2021-11-12 17:20:53 - [MESSAGE][INFO] - Closing browser

2021-11-12 17:20:54 - [MESSAGE][PASSED] - Browser is closed

2021-11-12 17:20:54 - [MESSAGE][INFO] - Invoke 'com.kms.katalon.core.annotation.AfterTestCase' method: 'Listener.sampleAfterTestSuite(...)' completed.]]></system-out>
         <system-err><![CDATA[]]></system-err>
      </testcase>
      <testcase name="Test Cases/Case Repository/e-Arsiv/e-Arsiv Hareketleri/e-Arsiv Raporlari/Rapor Olustur" time="68.028" classname="Test Cases/Case Repository/e-Arsiv/e-Arsiv Hareketleri/e-Arsiv Raporlari/Rapor Olustur" status="PASSED">
         <system-out><![CDATA[2021-11-12 17:20:54 - [TEST_CASE][PASSED] - Test Cases/Case Repository/e-Arsiv/e-Arsiv Hareketleri/e-Arsiv Raporlari/Rapor Olustur: Test Cases/Case Repository/e-Arsiv/e-Arsiv Hareketleri/e-Arsiv Raporlari/Rapor Olustur

2021-11-12 17:20:54 - [TEST_STEP][PASSED] - Start listener action : sampleBeforeTestSuite: Invoke 'com.kms.katalon.core.annotation.BeforeTestCase' method: 'Listener.sampleBeforeTestSuite(...)' completed.

2021-11-12 17:20:54 - [MESSAGE][INFO] - Starting invoke 'com.kms.katalon.core.annotation.BeforeTestCase' method: 'Listener.sampleBeforeTestSuite(...)'

2021-11-12 17:20:54 - [TEST_STEP][PASSED] - openBrowser(baseUrl): Browser is opened with url: 'https://efatura-stage.elogo.com.tr/'

2021-11-12 17:20:54 - [MESSAGE][INFO] - Opening browser

2021-11-12 17:20:54 - [MESSAGE][INFO] - Starting 'Chrome' driver

2021-11-12 17:20:54 - [MESSAGE][INFO] - User set preference: ['prefs', '{download.default_directory=C:\otomasyondownfiles}']

2021-11-12 17:20:54 - [MESSAGE][INFO] - Action delay is set to 0 milliseconds

2021-11-12 17:20:55 - [MESSAGE][INFO] - Navigating browser to: 'https://efatura-stage.elogo.com.tr/'

2021-11-12 17:20:58 - [MESSAGE][PASSED] - Browser is opened with url: 'https://efatura-stage.elogo.com.tr/'

2021-11-12 17:20:58 - [TEST_STEP][PASSED] - maximizeWindow(): Invoke 'com.kms.katalon.core.annotation.BeforeTestCase' method: 'Listener.sampleBeforeTestSuite(...)' completed.

2021-11-12 17:20:58 - [MESSAGE][INFO] - Maximizing current window

2021-11-12 17:20:58 - [MESSAGE][PASSED] - Current window maximized

2021-11-12 17:20:58 - [MESSAGE][INFO] - Invoke 'com.kms.katalon.core.annotation.BeforeTestCase' method: 'Listener.sampleBeforeTestSuite(...)' completed.

2021-11-12 17:20:58 - [TEST_STEP][PASSED] - runFeatureFile("Include/features/e-Arsiv/e-Arsiv Hareketleri/e-Arsiv Raporlari/Rapor Olustur.feature"): Feature file: 'Include/features/e-Arsiv/e-Arsiv Hareketleri/e-Arsiv Raporlari/Rapor Olustur.feature' was passed

2021-11-12 17:20:58 - [MESSAGE][INFO] - Starting run keyword runFeatureFile: 'Include/features/e-Arsiv/e-Arsiv Hareketleri/e-Arsiv Raporlari/Rapor Olustur.feature' and extract report to folder: 'C:\Users\DELL\Documents\GitHub\EES_KatalonLogo\Reports\20211112_170311\Suite Repository\e-Arsiv\20211112_170317/cucumber_report/1636726858787'...

2021-11-12 17:20:58 - [MESSAGE][INFO] - Glue: []

2021-11-12 17:21:00 - [MESSAGE][INFO] - Checking called Test Case

2021-11-12 17:21:00 - [MESSAGE][INFO] - Starting to call Test Case 'Test Cases/Sayfalar/Giris_Sayfasi/Login'

2021-11-12 17:21:01 - [TEST_CASE][PASSED] - Test Cases/Sayfalar/Giris_Sayfasi/Login: Test Cases/Sayfalar/Giris_Sayfasi/Login

2021-11-12 17:21:01 - [TEST_STEP][PASSED] - Sayfa_Basligi = getWindowTitle(): Current window's title is: 'LOGO e-Fatura'

2021-11-12 17:21:01 - [MESSAGE][INFO] - Getting current window's title

2021-11-12 17:21:01 - [MESSAGE][PASSED] - Current window's title is: 'LOGO e-Fatura'

2021-11-12 17:21:01 - [TEST_STEP][PASSED] - verifyMatch(Sayfa_Basligi, "LOGO e-Fatura", false): Actual text 'LOGO e-Fatura' and expected text 'LOGO e-Fatura' are matched 

2021-11-12 17:21:01 - [MESSAGE][INFO] - Matching actual text 'LOGO e-Fatura' with expected text 'LOGO e-Fatura'

2021-11-12 17:21:01 - [MESSAGE][PASSED] - Actual text 'LOGO e-Fatura' and expected text 'LOGO e-Fatura' are matched 

2021-11-12 17:21:01 - [TEST_STEP][PASSED] - sendKeys(findTestObject("Sayfalar/Giris_Sayfasi/Firma_Kodu"), KullaniciAdi): Keys 'ELOGO6' sent to object: 'Object Repository/Sayfalar/Giris_Sayfasi/Firma_Kodu'

2021-11-12 17:21:01 - [MESSAGE][INFO] - Finding Test Object 'Object Repository/Sayfalar/Giris_Sayfasi/Firma_Kodu'

2021-11-12 17:21:01 - [MESSAGE][INFO] - Sending keys 'ELOGO6' to object: 'Object Repository/Sayfalar/Giris_Sayfasi/Firma_Kodu'

2021-11-12 17:21:01 - [MESSAGE][INFO] - Finding web element from Test Object's properties

2021-11-12 17:21:01 - [MESSAGE][INFO] - Checking timeout

2021-11-12 17:21:01 - [MESSAGE][INFO] - Finding web element with id: 'Object Repository/Sayfalar/Giris_Sayfasi/Firma_Kodu' located by 'By.xpath: //*[@id = 'AccountName']' in '30' second(s)

2021-11-12 17:21:01 - [MESSAGE][INFO] - Smart Wait Function is triggered

2021-11-12 17:21:01 - [MESSAGE][INFO] - Found 1 web elements with id: 'Object Repository/Sayfalar/Giris_Sayfasi/Firma_Kodu' located by 'By.xpath: //*[@id = 'AccountName']' in '30' second(s)

2021-11-12 17:21:01 - [MESSAGE][PASSED] - Keys 'ELOGO6' sent to object: 'Object Repository/Sayfalar/Giris_Sayfasi/Firma_Kodu'

2021-11-12 17:21:01 - [TEST_STEP][PASSED] - sendKeys(findTestObject("Sayfalar/Giris_Sayfasi/Sifre"), Sifre): Keys '123456' sent to object: 'Object Repository/Sayfalar/Giris_Sayfasi/Sifre'

2021-11-12 17:21:01 - [MESSAGE][INFO] - Finding Test Object 'Object Repository/Sayfalar/Giris_Sayfasi/Sifre'

2021-11-12 17:21:01 - [MESSAGE][INFO] - Sending keys '123456' to object: 'Object Repository/Sayfalar/Giris_Sayfasi/Sifre'

2021-11-12 17:21:01 - [MESSAGE][INFO] - Finding web element from Test Object's properties

2021-11-12 17:21:01 - [MESSAGE][INFO] - Checking timeout

2021-11-12 17:21:01 - [MESSAGE][INFO] - Finding web element with id: 'Object Repository/Sayfalar/Giris_Sayfasi/Sifre' located by 'By.xpath: //*[@id = 'Password']' in '30' second(s)

2021-11-12 17:21:01 - [MESSAGE][INFO] - Smart Wait Function is triggered

2021-11-12 17:21:02 - [MESSAGE][INFO] - Found 1 web elements with id: 'Object Repository/Sayfalar/Giris_Sayfasi/Sifre' located by 'By.xpath: //*[@id = 'Password']' in '30' second(s)

2021-11-12 17:21:02 - [MESSAGE][PASSED] - Keys '123456' sent to object: 'Object Repository/Sayfalar/Giris_Sayfasi/Sifre'

2021-11-12 17:21:02 - [TEST_STEP][PASSED] - findWebElement(findTestObject("Sayfalar/Giris_Sayfasi/Giris_Butonu")).click(): Found 1 web elements with id: 'Object Repository/Sayfalar/Giris_Sayfasi/Giris_Butonu' located by 'By.cssSelector: #btnLogin' in '30' second(s)

2021-11-12 17:21:02 - [MESSAGE][INFO] - Finding Test Object 'Object Repository/Sayfalar/Giris_Sayfasi/Giris_Butonu'

2021-11-12 17:21:02 - [MESSAGE][INFO] - Finding web element from Test Object's properties

2021-11-12 17:21:02 - [MESSAGE][INFO] - Checking timeout

2021-11-12 17:21:02 - [MESSAGE][INFO] - Finding web element with id: 'Object Repository/Sayfalar/Giris_Sayfasi/Giris_Butonu' located by 'By.cssSelector: #btnLogin' in '30' second(s)

2021-11-12 17:21:02 - [MESSAGE][INFO] - Smart Wait Function is triggered

2021-11-12 17:21:02 - [MESSAGE][INFO] - Found 1 web elements with id: 'Object Repository/Sayfalar/Giris_Sayfasi/Giris_Butonu' located by 'By.cssSelector: #btnLogin' in '30' second(s)

2021-11-12 17:21:08 - [TEST_STEP][PASSED] - if (verifyElementPresent(findTestObject("Object Repository/Sayfalar/Giris_Sayfasi/RetveTamam_Butonu"), 5, OPTIONAL)): null

2021-11-12 17:21:08 - [MESSAGE][INFO] - Finding Test Object 'Object Repository/Sayfalar/Giris_Sayfasi/RetveTamam_Butonu'

2021-11-12 17:21:08 - [MESSAGE][INFO] - Checking object

2021-11-12 17:21:08 - [MESSAGE][INFO] - Finding web element from Test Object's properties

2021-11-12 17:21:08 - [MESSAGE][INFO] - Checking timeout

2021-11-12 17:21:08 - [MESSAGE][INFO] - Finding web element with id: 'Object Repository/Sayfalar/Giris_Sayfasi/RetveTamam_Butonu' located by 'By.xpath: //*[@class = 'btn btn-default']' in '5' second(s)

2021-11-12 17:21:08 - [MESSAGE][INFO] - Smart Wait Function is triggered

2021-11-12 17:21:09 - [MESSAGE][INFO] - Found 1 web elements with id: 'Object Repository/Sayfalar/Giris_Sayfasi/RetveTamam_Butonu' located by 'By.xpath: //*[@class = 'btn btn-default']' in '5' second(s)

2021-11-12 17:21:09 - [MESSAGE][PASSED] - Object 'Object Repository/Sayfalar/Giris_Sayfasi/RetveTamam_Butonu' is present

2021-11-12 17:21:09 - [TEST_STEP][PASSED] - click(findTestObject("Object Repository/Sayfalar/Giris_Sayfasi/RetveTamam_Butonu")): Object: 'Object Repository/Sayfalar/Giris_Sayfasi/RetveTamam_Butonu' is clicked on

2021-11-12 17:21:09 - [MESSAGE][INFO] - Finding Test Object 'Object Repository/Sayfalar/Giris_Sayfasi/RetveTamam_Butonu'

2021-11-12 17:21:09 - [MESSAGE][INFO] - Checking object

2021-11-12 17:21:09 - [MESSAGE][INFO] - Finding web element from Test Object's properties

2021-11-12 17:21:09 - [MESSAGE][INFO] - Checking timeout

2021-11-12 17:21:09 - [MESSAGE][INFO] - Finding web element with id: 'Object Repository/Sayfalar/Giris_Sayfasi/RetveTamam_Butonu' located by 'By.xpath: //*[@class = 'btn btn-default']' in '30' second(s)

2021-11-12 17:21:09 - [MESSAGE][INFO] - Smart Wait Function is triggered

2021-11-12 17:21:09 - [MESSAGE][INFO] - Found 1 web elements with id: 'Object Repository/Sayfalar/Giris_Sayfasi/RetveTamam_Butonu' located by 'By.xpath: //*[@class = 'btn btn-default']' in '30' second(s)

2021-11-12 17:21:09 - [MESSAGE][INFO] - Clicking on object: 'Object Repository/Sayfalar/Giris_Sayfasi/RetveTamam_Butonu'

2021-11-12 17:21:09 - [MESSAGE][PASSED] - Object: 'Object Repository/Sayfalar/Giris_Sayfasi/RetveTamam_Butonu' is clicked on

2021-11-12 17:21:09 - [TEST_STEP][PASSED] - click(findTestObject("Object Repository/Sayfalar/Giris_Sayfasi/RetveTamam_Butonu")): Object: 'Object Repository/Sayfalar/Giris_Sayfasi/RetveTamam_Butonu' is clicked on

2021-11-12 17:21:09 - [MESSAGE][INFO] - Finding Test Object 'Object Repository/Sayfalar/Giris_Sayfasi/RetveTamam_Butonu'

2021-11-12 17:21:09 - [MESSAGE][INFO] - Checking object

2021-11-12 17:21:09 - [MESSAGE][INFO] - Finding web element from Test Object's properties

2021-11-12 17:21:09 - [MESSAGE][INFO] - Checking timeout

2021-11-12 17:21:09 - [MESSAGE][INFO] - Finding web element with id: 'Object Repository/Sayfalar/Giris_Sayfasi/RetveTamam_Butonu' located by 'By.xpath: //*[@class = 'btn btn-default']' in '30' second(s)

2021-11-12 17:21:09 - [MESSAGE][INFO] - Smart Wait Function is triggered

2021-11-12 17:21:20 - [MESSAGE][INFO] - Found 1 web elements with id: 'Object Repository/Sayfalar/Giris_Sayfasi/RetveTamam_Butonu' located by 'By.xpath: //*[@class = 'btn btn-default']' in '30' second(s)

2021-11-12 17:21:20 - [MESSAGE][INFO] - Clicking on object: 'Object Repository/Sayfalar/Giris_Sayfasi/RetveTamam_Butonu'

2021-11-12 17:21:20 - [MESSAGE][PASSED] - Object: 'Object Repository/Sayfalar/Giris_Sayfasi/RetveTamam_Butonu' is clicked on

2021-11-12 17:21:20 - [TEST_STEP][PASSED] - if (verifyElementPresent(findTestObject("Sayfalar/Giris_Sayfasi/PopupOK"), 5, OPTIONAL)): null

2021-11-12 17:21:20 - [MESSAGE][INFO] - Finding Test Object 'Object Repository/Sayfalar/Giris_Sayfasi/PopupOK'

2021-11-12 17:21:20 - [MESSAGE][INFO] - Checking object

2021-11-12 17:21:20 - [MESSAGE][INFO] - Finding web element from Test Object's properties

2021-11-12 17:21:20 - [MESSAGE][INFO] - Checking timeout

2021-11-12 17:21:20 - [MESSAGE][INFO] - Finding web element with id: 'Object Repository/Sayfalar/Giris_Sayfasi/PopupOK' located by 'By.cssSelector: .btn.btn-success' in '5' second(s)

2021-11-12 17:21:20 - [MESSAGE][INFO] - Smart Wait Function is triggered

2021-11-12 17:21:21 - [MESSAGE][INFO] - Found 1 web elements with id: 'Object Repository/Sayfalar/Giris_Sayfasi/PopupOK' located by 'By.cssSelector: .btn.btn-success' in '5' second(s)

2021-11-12 17:21:21 - [MESSAGE][PASSED] - Object 'Object Repository/Sayfalar/Giris_Sayfasi/PopupOK' is present

2021-11-12 17:21:21 - [TEST_STEP][PASSED] - click(findTestObject("Object Repository/Sayfalar/Giris_Sayfasi/PopupCarpiGiris")): Object: 'Object Repository/Sayfalar/Giris_Sayfasi/PopupCarpiGiris' is clicked on

2021-11-12 17:21:21 - [MESSAGE][INFO] - Finding Test Object 'Object Repository/Sayfalar/Giris_Sayfasi/PopupCarpiGiris'

2021-11-12 17:21:21 - [MESSAGE][INFO] - Checking object

2021-11-12 17:21:21 - [MESSAGE][INFO] - Finding web element from Test Object's properties

2021-11-12 17:21:21 - [MESSAGE][INFO] - Checking timeout

2021-11-12 17:21:21 - [MESSAGE][INFO] - Finding web element with id: 'Object Repository/Sayfalar/Giris_Sayfasi/PopupCarpiGiris' located by 'By.cssSelector: .bootbox-close-button.close' in '30' second(s)

2021-11-12 17:21:21 - [MESSAGE][INFO] - Smart Wait Function is triggered

2021-11-12 17:21:21 - [MESSAGE][INFO] - Found 1 web elements with id: 'Object Repository/Sayfalar/Giris_Sayfasi/PopupCarpiGiris' located by 'By.cssSelector: .bootbox-close-button.close' in '30' second(s)

2021-11-12 17:21:21 - [MESSAGE][INFO] - Clicking on object: 'Object Repository/Sayfalar/Giris_Sayfasi/PopupCarpiGiris'

2021-11-12 17:21:21 - [MESSAGE][PASSED] - Object: 'Object Repository/Sayfalar/Giris_Sayfasi/PopupCarpiGiris' is clicked on

2021-11-12 17:21:21 - [TEST_STEP][PASSED] - verifyElementVisible(findTestObject("Object Repository/Kullanici_Islemleri/KullaniciIslemleri")): Object 'Object Repository/Kullanici_Islemleri/KullaniciIslemleri' is visible

2021-11-12 17:21:21 - [MESSAGE][INFO] - Finding Test Object 'Object Repository/Kullanici_Islemleri/KullaniciIslemleri'

2021-11-12 17:21:21 - [MESSAGE][INFO] - Checking object

2021-11-12 17:21:21 - [MESSAGE][INFO] - Finding web element from Test Object's properties

2021-11-12 17:21:21 - [MESSAGE][INFO] - Checking timeout

2021-11-12 17:21:21 - [MESSAGE][INFO] - Finding web element with id: 'Object Repository/Kullanici_Islemleri/KullaniciIslemleri' located by 'By.cssSelector: .dropdown>a>img' in '30' second(s)

2021-11-12 17:21:21 - [MESSAGE][INFO] - Smart Wait Function is triggered

2021-11-12 17:21:22 - [MESSAGE][INFO] - Found 1 web elements with id: 'Object Repository/Kullanici_Islemleri/KullaniciIslemleri' located by 'By.cssSelector: .dropdown>a>img' in '30' second(s)

2021-11-12 17:21:22 - [MESSAGE][PASSED] - Object 'Object Repository/Kullanici_Islemleri/KullaniciIslemleri' is visible

2021-11-12 17:21:22 - [MESSAGE][PASSED] - Call Test Case 'Test Cases/Sayfalar/Giris_Sayfasi/Login' successfully

2021-11-12 17:21:22 - [MESSAGE][INFO] - Checking called Test Case

2021-11-12 17:21:22 - [MESSAGE][INFO] - Starting to call Test Case 'Test Cases/Menu/AnaMenuSecimi'

2021-11-12 17:21:22 - [TEST_CASE][PASSED] - Test Cases/Menu/AnaMenuSecimi: Test Cases/Menu/AnaMenuSecimi

2021-11-12 17:21:22 - [TEST_STEP][PASSED] - Method.TextDegerineEsitElementeTikla(findTestObject("Menu/Ana_Menu"), Ana_Menu): Method.TextDegerineEsitElementeTikla is PASSED

2021-11-12 17:21:22 - [MESSAGE][INFO] - Finding Test Object 'Object Repository/Menu/Ana_Menu'

2021-11-12 17:21:22 - [MESSAGE][INFO] - Checking timeout

2021-11-12 17:21:22 - [MESSAGE][INFO] - Finding web element with id: 'Object Repository/Menu/Ana_Menu' located by 'By.xpath: //*[@class = 'dropdown-toggle']' in '10' second(s)

2021-11-12 17:21:22 - [MESSAGE][INFO] - Smart Wait Function is triggered

2021-11-12 17:21:22 - [MESSAGE][INFO] - Found 14 web elements with id: 'Object Repository/Menu/Ana_Menu' located by 'By.xpath: //*[@class = 'dropdown-toggle']' in '10' second(s)

2021-11-12 17:21:22 - [MESSAGE][PASSED] - Method.TextDegerineEsitElementeTikla is PASSED

2021-11-12 17:21:22 - [MESSAGE][PASSED] - Call Test Case 'Test Cases/Menu/AnaMenuSecimi' successfully

2021-11-12 17:21:22 - [MESSAGE][INFO] - Checking called Test Case

2021-11-12 17:21:22 - [MESSAGE][INFO] - Starting to call Test Case 'Test Cases/Menu/BasligaGoreAltMenuSecimi'

2021-11-12 17:21:22 - [TEST_CASE][PASSED] - Test Cases/Menu/BasligaGoreAltMenuSecimi: Test Cases/Menu/BasligaGoreAltMenuSecimi

2021-11-12 17:21:22 - [TEST_STEP][PASSED] - Method.TextDegerineEsitElementinAltindakiTextDegerineEsitOlanaTikla(findTestObject("Menu/Menu_Basligi"), findTestObject("Menu/Basliga_Gore_Alt_Menu"), Baslik, Alt_Menu): Method.TextDegerineEsitElementinAltindakiTextDegerineEsitOlanaTikla is PASSED

2021-11-12 17:21:22 - [MESSAGE][INFO] - Finding Test Object 'Object Repository/Menu/Menu_Basligi'

2021-11-12 17:21:23 - [MESSAGE][INFO] - Finding Test Object 'Object Repository/Menu/Basliga_Gore_Alt_Menu'

2021-11-12 17:21:23 - [MESSAGE][INFO] - Checking timeout

2021-11-12 17:21:23 - [MESSAGE][INFO] - Finding web element with id: 'Object Repository/Menu/Menu_Basligi' located by 'By.xpath: //li[@class='dropdown dropdown-large open']//li[@class='dropdown-header']' in '10' second(s)

2021-11-12 17:21:23 - [MESSAGE][INFO] - Smart Wait Function is triggered

2021-11-12 17:21:23 - [MESSAGE][INFO] - Found 2 web elements with id: 'Object Repository/Menu/Menu_Basligi' located by 'By.xpath: //li[@class='dropdown dropdown-large open']//li[@class='dropdown-header']' in '10' second(s)

2021-11-12 17:21:23 - [MESSAGE][INFO] - Smart Wait Function is triggered

2021-11-12 17:21:26 - [MESSAGE][PASSED] - Method.TextDegerineEsitElementinAltindakiTextDegerineEsitOlanaTikla is PASSED

2021-11-12 17:21:26 - [MESSAGE][PASSED] - Call Test Case 'Test Cases/Menu/BasligaGoreAltMenuSecimi' successfully

2021-11-12 17:21:26 - [MESSAGE][INFO] - Checking called Test Case

2021-11-12 17:21:26 - [MESSAGE][INFO] - Starting to call Test Case 'Test Cases/Butonlar/ButonaTikla'

2021-11-12 17:21:26 - [TEST_CASE][PASSED] - Test Cases/Butonlar/ButonaTikla: Test Cases/Butonlar/ButonaTikla

2021-11-12 17:21:26 - [TEST_STEP][PASSED] - Method.TextDegerineEsitElementeTiklaEquals(findTestObject("Butonlar/Butonlar"), Buton_Adi): Method.TextDegerineEsitElementeTiklaEquals is PASSED

2021-11-12 17:21:26 - [MESSAGE][INFO] - Finding Test Object 'Object Repository/Butonlar/Butonlar'

2021-11-12 17:21:26 - [MESSAGE][INFO] - Checking timeout

2021-11-12 17:21:26 - [MESSAGE][INFO] - Finding web element with id: 'Object Repository/Butonlar/Butonlar' located by 'By.cssSelector: .panel.panel-default.text-center.footerPanel .btn,.btn.btn-primary.btnControls' in '10' second(s)

2021-11-12 17:21:26 - [MESSAGE][INFO] - Smart Wait Function is triggered

2021-11-12 17:21:27 - [MESSAGE][INFO] - Found 9 web elements with id: 'Object Repository/Butonlar/Butonlar' located by 'By.cssSelector: .panel.panel-default.text-center.footerPanel .btn,.btn.btn-primary.btnControls' in '10' second(s)

2021-11-12 17:21:27 - [MESSAGE][PASSED] - Method.TextDegerineEsitElementeTiklaEquals is PASSED

2021-11-12 17:21:27 - [MESSAGE][PASSED] - Call Test Case 'Test Cases/Butonlar/ButonaTikla' successfully

2021-11-12 17:21:27 - [MESSAGE][INFO] - Checking called Test Case

2021-11-12 17:21:27 - [MESSAGE][INFO] - Starting to call Test Case 'Test Cases/Popup/PopupMesajiIceriyorMu'

2021-11-12 17:21:27 - [TEST_CASE][PASSED] - Test Cases/Popup/PopupMesajiIceriyorMu: Test Cases/Popup/PopupMesajiIceriyorMu

2021-11-12 17:21:27 - [TEST_STEP][PASSED] - waitForElementVisible(findTestObject("Popup/Popup"), 10): Object 'Object Repository/Popup/Popup' is visible

2021-11-12 17:21:27 - [MESSAGE][INFO] - Finding Test Object 'Object Repository/Popup/Popup'

2021-11-12 17:21:27 - [MESSAGE][INFO] - Checking object

2021-11-12 17:21:27 - [MESSAGE][INFO] - Checking timeout

2021-11-12 17:21:27 - [MESSAGE][INFO] - Finding web element from Test Object's properties

2021-11-12 17:21:27 - [MESSAGE][INFO] - Checking timeout

2021-11-12 17:21:27 - [MESSAGE][INFO] - Finding web element with id: 'Object Repository/Popup/Popup' located by 'By.cssSelector: .bootbox-body' in '10' second(s)

2021-11-12 17:21:27 - [MESSAGE][INFO] - Smart Wait Function is triggered

2021-11-12 17:21:28 - [MESSAGE][INFO] - Found 1 web elements with id: 'Object Repository/Popup/Popup' located by 'By.cssSelector: .bootbox-body' in '10' second(s)

2021-11-12 17:21:28 - [MESSAGE][PASSED] - Object 'Object Repository/Popup/Popup' is visible

2021-11-12 17:21:28 - [TEST_STEP][PASSED] - if (!(getText(findTestObject("Popup/Popup")).contains(Mesaj))): Text of object 'Object Repository/Popup/Popup' is: 'e-Arşiv raporları oluşturulacaktır. Devam etmek istiyormusunuz?'

2021-11-12 17:21:28 - [MESSAGE][INFO] - Finding Test Object 'Object Repository/Popup/Popup'

2021-11-12 17:21:28 - [MESSAGE][INFO] - Checking object

2021-11-12 17:21:28 - [MESSAGE][INFO] - Finding web element from Test Object's properties

2021-11-12 17:21:28 - [MESSAGE][INFO] - Checking timeout

2021-11-12 17:21:28 - [MESSAGE][INFO] - Finding web element with id: 'Object Repository/Popup/Popup' located by 'By.cssSelector: .bootbox-body' in '30' second(s)

2021-11-12 17:21:28 - [MESSAGE][INFO] - Smart Wait Function is triggered

2021-11-12 17:21:28 - [MESSAGE][INFO] - Found 1 web elements with id: 'Object Repository/Popup/Popup' located by 'By.cssSelector: .bootbox-body' in '30' second(s)

2021-11-12 17:21:28 - [MESSAGE][INFO] - Getting text of object 'Object Repository/Popup/Popup'

2021-11-12 17:21:28 - [MESSAGE][PASSED] - Text of object 'Object Repository/Popup/Popup' is: 'e-Arşiv raporları oluşturulacaktır. Devam etmek istiyormusunuz?'

2021-11-12 17:21:28 - [TEST_STEP][PASSED] - RaporNo = getText(findTestObject("Popup/Popup")).substring(0, 6): Text of object 'Object Repository/Popup/Popup' is: 'e-Arşiv raporları oluşturulacaktır. Devam etmek istiyormusunuz?'

2021-11-12 17:21:28 - [MESSAGE][INFO] - Finding Test Object 'Object Repository/Popup/Popup'

2021-11-12 17:21:28 - [MESSAGE][INFO] - Checking object

2021-11-12 17:21:28 - [MESSAGE][INFO] - Finding web element from Test Object's properties

2021-11-12 17:21:28 - [MESSAGE][INFO] - Checking timeout

2021-11-12 17:21:28 - [MESSAGE][INFO] - Finding web element with id: 'Object Repository/Popup/Popup' located by 'By.cssSelector: .bootbox-body' in '30' second(s)

2021-11-12 17:21:28 - [MESSAGE][INFO] - Smart Wait Function is triggered

2021-11-12 17:21:28 - [MESSAGE][INFO] - Found 1 web elements with id: 'Object Repository/Popup/Popup' located by 'By.cssSelector: .bootbox-body' in '30' second(s)

2021-11-12 17:21:28 - [MESSAGE][INFO] - Getting text of object 'Object Repository/Popup/Popup'

2021-11-12 17:21:28 - [MESSAGE][PASSED] - Text of object 'Object Repository/Popup/Popup' is: 'e-Arşiv raporları oluşturulacaktır. Devam etmek istiyormusunuz?'

2021-11-12 17:21:28 - [TEST_STEP][PASSED] - Console.println(RaporNo): null

2021-11-12 17:21:28 - [MESSAGE][PASSED] - Call Test Case 'Test Cases/Popup/PopupMesajiIceriyorMu' successfully

2021-11-12 17:21:28 - [MESSAGE][INFO] - Checking called Test Case

2021-11-12 17:21:28 - [MESSAGE][INFO] - Starting to call Test Case 'Test Cases/Popup/PopupButonSecilir'

2021-11-12 17:21:28 - [TEST_CASE][PASSED] - Test Cases/Popup/PopupButonSecilir: Test Cases/Popup/PopupButonSecilir

2021-11-12 17:21:28 - [TEST_STEP][PASSED] - Method.TextDegerineEsitElementeTikla(findTestObject("Popup/Popup_Butons"), Buton): Method.TextDegerineEsitElementeTikla is PASSED

2021-11-12 17:21:28 - [MESSAGE][INFO] - Finding Test Object 'Object Repository/Popup/Popup_Butons'

2021-11-12 17:21:29 - [MESSAGE][INFO] - Checking timeout

2021-11-12 17:21:29 - [MESSAGE][INFO] - Finding web element with id: 'Object Repository/Popup/Popup_Butons' located by 'By.cssSelector: .modal-footer>button' in '10' second(s)

2021-11-12 17:21:29 - [MESSAGE][INFO] - Smart Wait Function is triggered

2021-11-12 17:21:29 - [MESSAGE][INFO] - Found 4 web elements with id: 'Object Repository/Popup/Popup_Butons' located by 'By.cssSelector: .modal-footer>button' in '10' second(s)

2021-11-12 17:21:29 - [MESSAGE][PASSED] - Method.TextDegerineEsitElementeTikla is PASSED

2021-11-12 17:21:29 - [MESSAGE][PASSED] - Call Test Case 'Test Cases/Popup/PopupButonSecilir' successfully

2021-11-12 17:21:29 - [MESSAGE][INFO] - Checking called Test Case

2021-11-12 17:21:29 - [MESSAGE][INFO] - Starting to call Test Case 'Test Cases/Popup/PopupMesajiIceriyorMu'

2021-11-12 17:21:29 - [TEST_CASE][PASSED] - Test Cases/Popup/PopupMesajiIceriyorMu: Test Cases/Popup/PopupMesajiIceriyorMu

2021-11-12 17:21:29 - [TEST_STEP][PASSED] - waitForElementVisible(findTestObject("Popup/Popup"), 10): Object 'Object Repository/Popup/Popup' is visible

2021-11-12 17:21:29 - [MESSAGE][INFO] - Finding Test Object 'Object Repository/Popup/Popup'

2021-11-12 17:21:29 - [MESSAGE][INFO] - Checking object

2021-11-12 17:21:29 - [MESSAGE][INFO] - Checking timeout

2021-11-12 17:21:29 - [MESSAGE][INFO] - Finding web element from Test Object's properties

2021-11-12 17:21:29 - [MESSAGE][INFO] - Checking timeout

2021-11-12 17:21:29 - [MESSAGE][INFO] - Finding web element with id: 'Object Repository/Popup/Popup' located by 'By.cssSelector: .bootbox-body' in '10' second(s)

2021-11-12 17:21:29 - [MESSAGE][INFO] - Smart Wait Function is triggered

2021-11-12 17:21:56 - [MESSAGE][INFO] - Found 1 web elements with id: 'Object Repository/Popup/Popup' located by 'By.cssSelector: .bootbox-body' in '10' second(s)

2021-11-12 17:21:56 - [MESSAGE][PASSED] - Object 'Object Repository/Popup/Popup' is visible

2021-11-12 17:21:56 - [TEST_STEP][PASSED] - if (!(getText(findTestObject("Popup/Popup")).contains(Mesaj))): Text of object 'Object Repository/Popup/Popup' is: 'İşleminiz başarıyla tamamlanmıştır. Raporun gönderilebilmesi için Raporlar ekranından ilgili raporlar seçilerek "GİB'e Gönder" butonuna basılması gerekmektedir'

2021-11-12 17:21:56 - [MESSAGE][INFO] - Finding Test Object 'Object Repository/Popup/Popup'

2021-11-12 17:21:56 - [MESSAGE][INFO] - Checking object

2021-11-12 17:21:56 - [MESSAGE][INFO] - Finding web element from Test Object's properties

2021-11-12 17:21:56 - [MESSAGE][INFO] - Checking timeout

2021-11-12 17:21:56 - [MESSAGE][INFO] - Finding web element with id: 'Object Repository/Popup/Popup' located by 'By.cssSelector: .bootbox-body' in '30' second(s)

2021-11-12 17:21:56 - [MESSAGE][INFO] - Smart Wait Function is triggered

2021-11-12 17:21:57 - [MESSAGE][INFO] - Found 1 web elements with id: 'Object Repository/Popup/Popup' located by 'By.cssSelector: .bootbox-body' in '30' second(s)

2021-11-12 17:21:57 - [MESSAGE][INFO] - Getting text of object 'Object Repository/Popup/Popup'

2021-11-12 17:21:57 - [MESSAGE][PASSED] - Text of object 'Object Repository/Popup/Popup' is: 'İşleminiz başarıyla tamamlanmıştır. Raporun gönderilebilmesi için Raporlar ekranından ilgili raporlar seçilerek "GİB'e Gönder" butonuna basılması gerekmektedir'

2021-11-12 17:21:57 - [TEST_STEP][PASSED] - RaporNo = getText(findTestObject("Popup/Popup")).substring(0, 6): Text of object 'Object Repository/Popup/Popup' is: 'İşleminiz başarıyla tamamlanmıştır. Raporun gönderilebilmesi için Raporlar ekranından ilgili raporlar seçilerek "GİB'e Gönder" butonuna basılması gerekmektedir'

2021-11-12 17:21:57 - [MESSAGE][INFO] - Finding Test Object 'Object Repository/Popup/Popup'

2021-11-12 17:21:57 - [MESSAGE][INFO] - Checking object

2021-11-12 17:21:57 - [MESSAGE][INFO] - Finding web element from Test Object's properties

2021-11-12 17:21:57 - [MESSAGE][INFO] - Checking timeout

2021-11-12 17:21:57 - [MESSAGE][INFO] - Finding web element with id: 'Object Repository/Popup/Popup' located by 'By.cssSelector: .bootbox-body' in '30' second(s)

2021-11-12 17:21:57 - [MESSAGE][INFO] - Smart Wait Function is triggered

2021-11-12 17:21:57 - [MESSAGE][INFO] - Found 1 web elements with id: 'Object Repository/Popup/Popup' located by 'By.cssSelector: .bootbox-body' in '30' second(s)

2021-11-12 17:21:57 - [MESSAGE][INFO] - Getting text of object 'Object Repository/Popup/Popup'

2021-11-12 17:21:57 - [MESSAGE][PASSED] - Text of object 'Object Repository/Popup/Popup' is: 'İşleminiz başarıyla tamamlanmıştır. Raporun gönderilebilmesi için Raporlar ekranından ilgili raporlar seçilerek "GİB'e Gönder" butonuna basılması gerekmektedir'

2021-11-12 17:21:57 - [TEST_STEP][PASSED] - Console.println(RaporNo): null

2021-11-12 17:21:57 - [MESSAGE][PASSED] - Call Test Case 'Test Cases/Popup/PopupMesajiIceriyorMu' successfully

2021-11-12 17:21:57 - [MESSAGE][INFO] - Checking called Test Case

2021-11-12 17:21:57 - [MESSAGE][INFO] - Starting to call Test Case 'Test Cases/Popup/PopupButonSecilir'

2021-11-12 17:21:57 - [TEST_CASE][PASSED] - Test Cases/Popup/PopupButonSecilir: Test Cases/Popup/PopupButonSecilir

2021-11-12 17:21:57 - [TEST_STEP][PASSED] - Method.TextDegerineEsitElementeTikla(findTestObject("Popup/Popup_Butons"), Buton): Method.TextDegerineEsitElementeTikla is PASSED

2021-11-12 17:21:57 - [MESSAGE][INFO] - Finding Test Object 'Object Repository/Popup/Popup_Butons'

2021-11-12 17:21:57 - [MESSAGE][INFO] - Checking timeout

2021-11-12 17:21:57 - [MESSAGE][INFO] - Finding web element with id: 'Object Repository/Popup/Popup_Butons' located by 'By.cssSelector: .modal-footer>button' in '10' second(s)

2021-11-12 17:21:57 - [MESSAGE][INFO] - Smart Wait Function is triggered

2021-11-12 17:21:57 - [MESSAGE][INFO] - Found 3 web elements with id: 'Object Repository/Popup/Popup_Butons' located by 'By.cssSelector: .modal-footer>button' in '10' second(s)

2021-11-12 17:21:58 - [MESSAGE][PASSED] - Method.TextDegerineEsitElementeTikla is PASSED

2021-11-12 17:21:58 - [MESSAGE][PASSED] - Call Test Case 'Test Cases/Popup/PopupButonSecilir' successfully

2021-11-12 17:21:58 - [MESSAGE][INFO] - Checking called Test Case

2021-11-12 17:21:58 - [MESSAGE][INFO] - Starting to call Test Case 'Test Cases/Kullanici_Islemleri/KullaniciIslemlerindenSecimYapilir'

2021-11-12 17:21:58 - [TEST_CASE][PASSED] - Test Cases/Kullanici_Islemleri/KullaniciIslemlerindenSecimYapilir: Test Cases/Kullanici_Islemleri/KullaniciIslemlerindenSecimYapilir

2021-11-12 17:21:58 - [TEST_STEP][PASSED] - waitForElementClickable(findTestObject("Object Repository/Kullanici_Islemleri/KullaniciIslemleri"), 10): Object 'Object Repository/Kullanici_Islemleri/KullaniciIslemleri' is clickable

2021-11-12 17:21:58 - [MESSAGE][INFO] - Finding Test Object 'Object Repository/Kullanici_Islemleri/KullaniciIslemleri'

2021-11-12 17:21:58 - [MESSAGE][INFO] - Checking object

2021-11-12 17:21:58 - [MESSAGE][INFO] - Checking timeout

2021-11-12 17:21:58 - [MESSAGE][INFO] - Finding web element from Test Object's properties

2021-11-12 17:21:58 - [MESSAGE][INFO] - Checking timeout

2021-11-12 17:21:58 - [MESSAGE][INFO] - Finding web element with id: 'Object Repository/Kullanici_Islemleri/KullaniciIslemleri' located by 'By.cssSelector: .dropdown>a>img' in '10' second(s)

2021-11-12 17:21:58 - [MESSAGE][INFO] - Smart Wait Function is triggered

2021-11-12 17:21:58 - [MESSAGE][INFO] - Found 1 web elements with id: 'Object Repository/Kullanici_Islemleri/KullaniciIslemleri' located by 'By.cssSelector: .dropdown>a>img' in '10' second(s)

2021-11-12 17:21:58 - [MESSAGE][PASSED] - Object 'Object Repository/Kullanici_Islemleri/KullaniciIslemleri' is clickable

2021-11-12 17:21:58 - [TEST_STEP][PASSED] - click(findTestObject("Object Repository/Kullanici_Islemleri/KullaniciIslemleri")): Object: 'Object Repository/Kullanici_Islemleri/KullaniciIslemleri' is clicked on

2021-11-12 17:21:58 - [MESSAGE][INFO] - Finding Test Object 'Object Repository/Kullanici_Islemleri/KullaniciIslemleri'

2021-11-12 17:21:59 - [MESSAGE][INFO] - Checking object

2021-11-12 17:21:59 - [MESSAGE][INFO] - Finding web element from Test Object's properties

2021-11-12 17:21:59 - [MESSAGE][INFO] - Checking timeout

2021-11-12 17:21:59 - [MESSAGE][INFO] - Finding web element with id: 'Object Repository/Kullanici_Islemleri/KullaniciIslemleri' located by 'By.cssSelector: .dropdown>a>img' in '30' second(s)

2021-11-12 17:21:59 - [MESSAGE][INFO] - Smart Wait Function is triggered

2021-11-12 17:21:59 - [MESSAGE][INFO] - Found 1 web elements with id: 'Object Repository/Kullanici_Islemleri/KullaniciIslemleri' located by 'By.cssSelector: .dropdown>a>img' in '30' second(s)

2021-11-12 17:21:59 - [MESSAGE][INFO] - Clicking on object: 'Object Repository/Kullanici_Islemleri/KullaniciIslemleri'

2021-11-12 17:21:59 - [MESSAGE][PASSED] - Object: 'Object Repository/Kullanici_Islemleri/KullaniciIslemleri' is clicked on

2021-11-12 17:21:59 - [TEST_STEP][PASSED] - Method.TextDegerineEsitElementeTikla(findTestObject("Object Repository/Kullanici_Islemleri/Secenekler"), Islem): Method.TextDegerineEsitElementeTikla is PASSED

2021-11-12 17:21:59 - [MESSAGE][INFO] - Finding Test Object 'Object Repository/Kullanici_Islemleri/Secenekler'

2021-11-12 17:21:59 - [MESSAGE][INFO] - Checking timeout

2021-11-12 17:21:59 - [MESSAGE][INFO] - Finding web element with id: 'Object Repository/Kullanici_Islemleri/Secenekler' located by 'By.cssSelector: .nav.navbar-nav.navbar-right li a' in '10' second(s)

2021-11-12 17:21:59 - [MESSAGE][INFO] - Smart Wait Function is triggered

2021-11-12 17:21:59 - [MESSAGE][INFO] - Found 22 web elements with id: 'Object Repository/Kullanici_Islemleri/Secenekler' located by 'By.cssSelector: .nav.navbar-nav.navbar-right li a' in '10' second(s)

2021-11-12 17:22:01 - [MESSAGE][PASSED] - Method.TextDegerineEsitElementeTikla is PASSED

2021-11-12 17:22:01 - [TEST_STEP][PASSED] - verifyElementNotPresent(findTestObject("Object Repository/Kullanici_Islemleri/Secenekler"), 10): Web element with id: 'Object Repository/Kullanici_Islemleri/Secenekler' located by 'By.cssSelector: .nav.navbar-nav.navbar-right li a' is not present after '10' second(s)

2021-11-12 17:22:01 - [MESSAGE][INFO] - Finding Test Object 'Object Repository/Kullanici_Islemleri/Secenekler'

2021-11-12 17:22:01 - [MESSAGE][INFO] - Checking object

2021-11-12 17:22:01 - [MESSAGE][INFO] - Checking timeout

2021-11-12 17:22:01 - [MESSAGE][INFO] - Finding web element with id: 'Object Repository/Kullanici_Islemleri/Secenekler' located by 'By.cssSelector: .nav.navbar-nav.navbar-right li a' in '10' second(s)

2021-11-12 17:22:01 - [MESSAGE][INFO] - Smart Wait Function is triggered

2021-11-12 17:22:01 - [MESSAGE][PASSED] - Web element with id: 'Object Repository/Kullanici_Islemleri/Secenekler' located by 'By.cssSelector: .nav.navbar-nav.navbar-right li a' is not present after '10' second(s)

2021-11-12 17:22:01 - [MESSAGE][PASSED] - Call Test Case 'Test Cases/Kullanici_Islemleri/KullaniciIslemlerindenSecimYapilir' successfully

2021-11-12 17:22:01 - [TEST_CASE][PASSED] - Start Test Case : SCENARIO e-Arsiv Raporlari Rapor Olustur: SCENARIO e-Arsiv Raporlari Rapor Olustur

2021-11-12 17:22:01 - [TEST_STEP][PASSED] - Kullanıcı adı ELOGO6 ve Şifre 123456 olarak giriş yapılır: Kullanıcı adı ELOGO6 ve Şifre 123456 olarak giriş yapılır

2021-11-12 17:22:01 - [MESSAGE][PASSED] - Kullanıcı adı ELOGO6 ve Şifre 123456 olarak giriş yapılır

2021-11-12 17:22:01 - [TEST_STEP][PASSED] - Ana menüden e-Arşiv seçilir: Ana menüden e-Arşiv seçilir

2021-11-12 17:22:01 - [MESSAGE][PASSED] - Ana menüden e-Arşiv seçilir

2021-11-12 17:22:01 - [TEST_STEP][PASSED] - Alt menü e-Arşiv Hareketleri başlığı altındaki e-Arşiv Raporları seçilir: Alt menü e-Arşiv Hareketleri başlığı altındaki e-Arşiv Raporları seçilir

2021-11-12 17:22:01 - [MESSAGE][PASSED] - Alt menü e-Arşiv Hareketleri başlığı altındaki e-Arşiv Raporları seçilir

2021-11-12 17:22:01 - [TEST_STEP][PASSED] - Butonlardan Rapor Oluştur isimli butona tıklanır: Butonlardan Rapor Oluştur isimli butona tıklanır

2021-11-12 17:22:01 - [MESSAGE][PASSED] - Butonlardan Rapor Oluştur isimli butona tıklanır

2021-11-12 17:22:01 - [TEST_STEP][PASSED] - Popup mesajı e-Arşiv raporları oluşturulacaktır. Devam etmek istiyormusunuz içeriyor mu: Popup mesajı e-Arşiv raporları oluşturulacaktır. Devam etmek istiyormusunuz içeriyor mu

2021-11-12 17:22:01 - [MESSAGE][PASSED] - Popup mesajı e-Arşiv raporları oluşturulacaktır. Devam etmek istiyormusunuz içeriyor mu

2021-11-12 17:22:01 - [TEST_STEP][PASSED] - Yönetim popupında Evet seçilir: Yönetim popupında Evet seçilir

2021-11-12 17:22:01 - [MESSAGE][PASSED] - Yönetim popupında Evet seçilir

2021-11-12 17:22:01 - [TEST_STEP][PASSED] - Popup mesajı İşleminiz başarıyla tamamlanmıştır. Raporun gönderilebilmesi için Raporlar ekranından ilgili raporlar seçilerek "GİB'e Gönder" butonuna basılması gerekmektedir içeriyor mu: Popup mesajı İşleminiz başarıyla tamamlanmıştır. Raporun gönderilebilmesi için Raporlar ekranından ilgili raporlar seçilerek "GİB'e Gönder" butonuna basılması gerekmektedir içeriyor mu

2021-11-12 17:22:01 - [MESSAGE][PASSED] - Popup mesajı İşleminiz başarıyla tamamlanmıştır. Raporun gönderilebilmesi için Raporlar ekranından ilgili raporlar seçilerek "GİB'e Gönder" butonuna basılması gerekmektedir içeriyor mu

2021-11-12 17:22:01 - [TEST_STEP][PASSED] - Yönetim popupında Tamam seçilir: Yönetim popupında Tamam seçilir

2021-11-12 17:22:01 - [MESSAGE][PASSED] - Yönetim popupında Tamam seçilir

2021-11-12 17:22:01 - [TEST_STEP][PASSED] - Kullanıcı işlemlerinden Çıkış seçilir: Kullanıcı işlemlerinden Çıkış seçilir

2021-11-12 17:22:01 - [MESSAGE][PASSED] - Kullanıcı işlemlerinden Çıkış seçilir

2021-11-12 17:22:01 - [MESSAGE][PASSED] - Feature file: 'Include/features/e-Arsiv/e-Arsiv Hareketleri/e-Arsiv Raporlari/Rapor Olustur.feature' was passed

2021-11-12 17:22:01 - [TEST_STEP][PASSED] - Start listener action : sampleAfterTestSuite: Invoke 'com.kms.katalon.core.annotation.AfterTestCase' method: 'Listener.sampleAfterTestSuite(...)' completed.

2021-11-12 17:22:01 - [MESSAGE][INFO] - Starting invoke 'com.kms.katalon.core.annotation.AfterTestCase' method: 'Listener.sampleAfterTestSuite(...)'

2021-11-12 17:22:01 - [TEST_STEP][PASSED] - closeBrowser(): Invoke 'com.kms.katalon.core.annotation.AfterTestCase' method: 'Listener.sampleAfterTestSuite(...)' completed.

2021-11-12 17:22:01 - [MESSAGE][INFO] - Closing browser

2021-11-12 17:22:02 - [MESSAGE][PASSED] - Browser is closed

2021-11-12 17:22:02 - [MESSAGE][INFO] - Invoke 'com.kms.katalon.core.annotation.AfterTestCase' method: 'Listener.sampleAfterTestSuite(...)' completed.]]></system-out>
         <system-err><![CDATA[]]></system-err>
      </testcase>
      <testcase name="Test Cases/Case Repository/e-Arsiv/e-Arsiv Hareketleri/e-Arsiv Raporlari/Rapor" time="45.315" classname="Test Cases/Case Repository/e-Arsiv/e-Arsiv Hareketleri/e-Arsiv Raporlari/Rapor" status="PASSED">
         <system-out><![CDATA[2021-11-12 17:22:02 - [TEST_CASE][PASSED] - Test Cases/Case Repository/e-Arsiv/e-Arsiv Hareketleri/e-Arsiv Raporlari/Rapor: Test Cases/Case Repository/e-Arsiv/e-Arsiv Hareketleri/e-Arsiv Raporlari/Rapor

2021-11-12 17:22:02 - [TEST_STEP][PASSED] - Start listener action : sampleBeforeTestSuite: Invoke 'com.kms.katalon.core.annotation.BeforeTestCase' method: 'Listener.sampleBeforeTestSuite(...)' completed.

2021-11-12 17:22:02 - [MESSAGE][INFO] - Starting invoke 'com.kms.katalon.core.annotation.BeforeTestCase' method: 'Listener.sampleBeforeTestSuite(...)'

2021-11-12 17:22:02 - [TEST_STEP][PASSED] - openBrowser(baseUrl): Browser is opened with url: 'https://efatura-stage.elogo.com.tr/'

2021-11-12 17:22:02 - [MESSAGE][INFO] - Opening browser

2021-11-12 17:22:02 - [MESSAGE][INFO] - Starting 'Chrome' driver

2021-11-12 17:22:02 - [MESSAGE][INFO] - User set preference: ['prefs', '{download.default_directory=C:\otomasyondownfiles}']

2021-11-12 17:22:02 - [MESSAGE][INFO] - Action delay is set to 0 milliseconds

2021-11-12 17:22:03 - [MESSAGE][INFO] - Navigating browser to: 'https://efatura-stage.elogo.com.tr/'

2021-11-12 17:22:15 - [MESSAGE][PASSED] - Browser is opened with url: 'https://efatura-stage.elogo.com.tr/'

2021-11-12 17:22:15 - [TEST_STEP][PASSED] - maximizeWindow(): Invoke 'com.kms.katalon.core.annotation.BeforeTestCase' method: 'Listener.sampleBeforeTestSuite(...)' completed.

2021-11-12 17:22:15 - [MESSAGE][INFO] - Maximizing current window

2021-11-12 17:22:15 - [MESSAGE][PASSED] - Current window maximized

2021-11-12 17:22:15 - [MESSAGE][INFO] - Invoke 'com.kms.katalon.core.annotation.BeforeTestCase' method: 'Listener.sampleBeforeTestSuite(...)' completed.

2021-11-12 17:22:16 - [TEST_STEP][PASSED] - runFeatureFile("Include/features/e-Arsiv/e-Arsiv Hareketleri/e-Arsiv Raporlari/Rapor.feature"): Feature file: 'Include/features/e-Arsiv/e-Arsiv Hareketleri/e-Arsiv Raporlari/Rapor.feature' was passed

2021-11-12 17:22:16 - [MESSAGE][INFO] - Starting run keyword runFeatureFile: 'Include/features/e-Arsiv/e-Arsiv Hareketleri/e-Arsiv Raporlari/Rapor.feature' and extract report to folder: 'C:\Users\DELL\Documents\GitHub\EES_KatalonLogo\Reports\20211112_170311\Suite Repository\e-Arsiv\20211112_170317/cucumber_report/1636726936239'...

2021-11-12 17:22:16 - [MESSAGE][INFO] - Glue: []

2021-11-12 17:22:17 - [MESSAGE][INFO] - Checking called Test Case

2021-11-12 17:22:17 - [MESSAGE][INFO] - Starting to call Test Case 'Test Cases/Sayfalar/Giris_Sayfasi/Login'

2021-11-12 17:22:17 - [TEST_CASE][PASSED] - Test Cases/Sayfalar/Giris_Sayfasi/Login: Test Cases/Sayfalar/Giris_Sayfasi/Login

2021-11-12 17:22:17 - [TEST_STEP][PASSED] - Sayfa_Basligi = getWindowTitle(): Current window's title is: 'LOGO e-Fatura'

2021-11-12 17:22:17 - [MESSAGE][INFO] - Getting current window's title

2021-11-12 17:22:17 - [MESSAGE][PASSED] - Current window's title is: 'LOGO e-Fatura'

2021-11-12 17:22:17 - [TEST_STEP][PASSED] - verifyMatch(Sayfa_Basligi, "LOGO e-Fatura", false): Actual text 'LOGO e-Fatura' and expected text 'LOGO e-Fatura' are matched 

2021-11-12 17:22:17 - [MESSAGE][INFO] - Matching actual text 'LOGO e-Fatura' with expected text 'LOGO e-Fatura'

2021-11-12 17:22:17 - [MESSAGE][PASSED] - Actual text 'LOGO e-Fatura' and expected text 'LOGO e-Fatura' are matched 

2021-11-12 17:22:17 - [TEST_STEP][PASSED] - sendKeys(findTestObject("Sayfalar/Giris_Sayfasi/Firma_Kodu"), KullaniciAdi): Keys 'ELOGO6' sent to object: 'Object Repository/Sayfalar/Giris_Sayfasi/Firma_Kodu'

2021-11-12 17:22:17 - [MESSAGE][INFO] - Finding Test Object 'Object Repository/Sayfalar/Giris_Sayfasi/Firma_Kodu'

2021-11-12 17:22:17 - [MESSAGE][INFO] - Sending keys 'ELOGO6' to object: 'Object Repository/Sayfalar/Giris_Sayfasi/Firma_Kodu'

2021-11-12 17:22:17 - [MESSAGE][INFO] - Finding web element from Test Object's properties

2021-11-12 17:22:17 - [MESSAGE][INFO] - Checking timeout

2021-11-12 17:22:17 - [MESSAGE][INFO] - Finding web element with id: 'Object Repository/Sayfalar/Giris_Sayfasi/Firma_Kodu' located by 'By.xpath: //*[@id = 'AccountName']' in '30' second(s)

2021-11-12 17:22:17 - [MESSAGE][INFO] - Smart Wait Function is triggered

2021-11-12 17:22:17 - [MESSAGE][INFO] - Found 1 web elements with id: 'Object Repository/Sayfalar/Giris_Sayfasi/Firma_Kodu' located by 'By.xpath: //*[@id = 'AccountName']' in '30' second(s)

2021-11-12 17:22:17 - [MESSAGE][PASSED] - Keys 'ELOGO6' sent to object: 'Object Repository/Sayfalar/Giris_Sayfasi/Firma_Kodu'

2021-11-12 17:22:17 - [TEST_STEP][PASSED] - sendKeys(findTestObject("Sayfalar/Giris_Sayfasi/Sifre"), Sifre): Keys '123456' sent to object: 'Object Repository/Sayfalar/Giris_Sayfasi/Sifre'

2021-11-12 17:22:17 - [MESSAGE][INFO] - Finding Test Object 'Object Repository/Sayfalar/Giris_Sayfasi/Sifre'

2021-11-12 17:22:18 - [MESSAGE][INFO] - Sending keys '123456' to object: 'Object Repository/Sayfalar/Giris_Sayfasi/Sifre'

2021-11-12 17:22:18 - [MESSAGE][INFO] - Finding web element from Test Object's properties

2021-11-12 17:22:18 - [MESSAGE][INFO] - Checking timeout

2021-11-12 17:22:18 - [MESSAGE][INFO] - Finding web element with id: 'Object Repository/Sayfalar/Giris_Sayfasi/Sifre' located by 'By.xpath: //*[@id = 'Password']' in '30' second(s)

2021-11-12 17:22:18 - [MESSAGE][INFO] - Smart Wait Function is triggered

2021-11-12 17:22:18 - [MESSAGE][INFO] - Found 1 web elements with id: 'Object Repository/Sayfalar/Giris_Sayfasi/Sifre' located by 'By.xpath: //*[@id = 'Password']' in '30' second(s)

2021-11-12 17:22:18 - [MESSAGE][PASSED] - Keys '123456' sent to object: 'Object Repository/Sayfalar/Giris_Sayfasi/Sifre'

2021-11-12 17:22:18 - [TEST_STEP][PASSED] - findWebElement(findTestObject("Sayfalar/Giris_Sayfasi/Giris_Butonu")).click(): Found 1 web elements with id: 'Object Repository/Sayfalar/Giris_Sayfasi/Giris_Butonu' located by 'By.cssSelector: #btnLogin' in '30' second(s)

2021-11-12 17:22:18 - [MESSAGE][INFO] - Finding Test Object 'Object Repository/Sayfalar/Giris_Sayfasi/Giris_Butonu'

2021-11-12 17:22:18 - [MESSAGE][INFO] - Finding web element from Test Object's properties

2021-11-12 17:22:18 - [MESSAGE][INFO] - Checking timeout

2021-11-12 17:22:18 - [MESSAGE][INFO] - Finding web element with id: 'Object Repository/Sayfalar/Giris_Sayfasi/Giris_Butonu' located by 'By.cssSelector: #btnLogin' in '30' second(s)

2021-11-12 17:22:18 - [MESSAGE][INFO] - Smart Wait Function is triggered

2021-11-12 17:22:18 - [MESSAGE][INFO] - Found 1 web elements with id: 'Object Repository/Sayfalar/Giris_Sayfasi/Giris_Butonu' located by 'By.cssSelector: #btnLogin' in '30' second(s)

2021-11-12 17:22:21 - [TEST_STEP][PASSED] - if (verifyElementPresent(findTestObject("Object Repository/Sayfalar/Giris_Sayfasi/RetveTamam_Butonu"), 5, OPTIONAL)): null

2021-11-12 17:22:21 - [MESSAGE][INFO] - Finding Test Object 'Object Repository/Sayfalar/Giris_Sayfasi/RetveTamam_Butonu'

2021-11-12 17:22:21 - [MESSAGE][INFO] - Checking object

2021-11-12 17:22:21 - [MESSAGE][INFO] - Finding web element from Test Object's properties

2021-11-12 17:22:21 - [MESSAGE][INFO] - Checking timeout

2021-11-12 17:22:21 - [MESSAGE][INFO] - Finding web element with id: 'Object Repository/Sayfalar/Giris_Sayfasi/RetveTamam_Butonu' located by 'By.xpath: //*[@class = 'btn btn-default']' in '5' second(s)

2021-11-12 17:22:21 - [MESSAGE][INFO] - Smart Wait Function is triggered

2021-11-12 17:22:21 - [MESSAGE][INFO] - Found 1 web elements with id: 'Object Repository/Sayfalar/Giris_Sayfasi/RetveTamam_Butonu' located by 'By.xpath: //*[@class = 'btn btn-default']' in '5' second(s)

2021-11-12 17:22:21 - [MESSAGE][PASSED] - Object 'Object Repository/Sayfalar/Giris_Sayfasi/RetveTamam_Butonu' is present

2021-11-12 17:22:21 - [TEST_STEP][PASSED] - click(findTestObject("Object Repository/Sayfalar/Giris_Sayfasi/RetveTamam_Butonu")): Object: 'Object Repository/Sayfalar/Giris_Sayfasi/RetveTamam_Butonu' is clicked on

2021-11-12 17:22:21 - [MESSAGE][INFO] - Finding Test Object 'Object Repository/Sayfalar/Giris_Sayfasi/RetveTamam_Butonu'

2021-11-12 17:22:21 - [MESSAGE][INFO] - Checking object

2021-11-12 17:22:21 - [MESSAGE][INFO] - Finding web element from Test Object's properties

2021-11-12 17:22:21 - [MESSAGE][INFO] - Checking timeout

2021-11-12 17:22:21 - [MESSAGE][INFO] - Finding web element with id: 'Object Repository/Sayfalar/Giris_Sayfasi/RetveTamam_Butonu' located by 'By.xpath: //*[@class = 'btn btn-default']' in '30' second(s)

2021-11-12 17:22:21 - [MESSAGE][INFO] - Smart Wait Function is triggered

2021-11-12 17:22:21 - [MESSAGE][INFO] - Found 1 web elements with id: 'Object Repository/Sayfalar/Giris_Sayfasi/RetveTamam_Butonu' located by 'By.xpath: //*[@class = 'btn btn-default']' in '30' second(s)

2021-11-12 17:22:21 - [MESSAGE][INFO] - Clicking on object: 'Object Repository/Sayfalar/Giris_Sayfasi/RetveTamam_Butonu'

2021-11-12 17:22:21 - [MESSAGE][PASSED] - Object: 'Object Repository/Sayfalar/Giris_Sayfasi/RetveTamam_Butonu' is clicked on

2021-11-12 17:22:21 - [TEST_STEP][PASSED] - click(findTestObject("Object Repository/Sayfalar/Giris_Sayfasi/RetveTamam_Butonu")): Object: 'Object Repository/Sayfalar/Giris_Sayfasi/RetveTamam_Butonu' is clicked on

2021-11-12 17:22:21 - [MESSAGE][INFO] - Finding Test Object 'Object Repository/Sayfalar/Giris_Sayfasi/RetveTamam_Butonu'

2021-11-12 17:22:22 - [MESSAGE][INFO] - Checking object

2021-11-12 17:22:22 - [MESSAGE][INFO] - Finding web element from Test Object's properties

2021-11-12 17:22:22 - [MESSAGE][INFO] - Checking timeout

2021-11-12 17:22:22 - [MESSAGE][INFO] - Finding web element with id: 'Object Repository/Sayfalar/Giris_Sayfasi/RetveTamam_Butonu' located by 'By.xpath: //*[@class = 'btn btn-default']' in '30' second(s)

2021-11-12 17:22:22 - [MESSAGE][INFO] - Smart Wait Function is triggered

2021-11-12 17:22:29 - [MESSAGE][INFO] - Found 1 web elements with id: 'Object Repository/Sayfalar/Giris_Sayfasi/RetveTamam_Butonu' located by 'By.xpath: //*[@class = 'btn btn-default']' in '30' second(s)

2021-11-12 17:22:29 - [MESSAGE][INFO] - Clicking on object: 'Object Repository/Sayfalar/Giris_Sayfasi/RetveTamam_Butonu'

2021-11-12 17:22:29 - [MESSAGE][PASSED] - Object: 'Object Repository/Sayfalar/Giris_Sayfasi/RetveTamam_Butonu' is clicked on

2021-11-12 17:22:29 - [TEST_STEP][PASSED] - if (verifyElementPresent(findTestObject("Sayfalar/Giris_Sayfasi/PopupOK"), 5, OPTIONAL)): null

2021-11-12 17:22:29 - [MESSAGE][INFO] - Finding Test Object 'Object Repository/Sayfalar/Giris_Sayfasi/PopupOK'

2021-11-12 17:22:30 - [MESSAGE][INFO] - Checking object

2021-11-12 17:22:30 - [MESSAGE][INFO] - Finding web element from Test Object's properties

2021-11-12 17:22:30 - [MESSAGE][INFO] - Checking timeout

2021-11-12 17:22:30 - [MESSAGE][INFO] - Finding web element with id: 'Object Repository/Sayfalar/Giris_Sayfasi/PopupOK' located by 'By.cssSelector: .btn.btn-success' in '5' second(s)

2021-11-12 17:22:30 - [MESSAGE][INFO] - Smart Wait Function is triggered

2021-11-12 17:22:30 - [MESSAGE][INFO] - Found 1 web elements with id: 'Object Repository/Sayfalar/Giris_Sayfasi/PopupOK' located by 'By.cssSelector: .btn.btn-success' in '5' second(s)

2021-11-12 17:22:30 - [MESSAGE][PASSED] - Object 'Object Repository/Sayfalar/Giris_Sayfasi/PopupOK' is present

2021-11-12 17:22:30 - [TEST_STEP][PASSED] - click(findTestObject("Object Repository/Sayfalar/Giris_Sayfasi/PopupCarpiGiris")): Object: 'Object Repository/Sayfalar/Giris_Sayfasi/PopupCarpiGiris' is clicked on

2021-11-12 17:22:30 - [MESSAGE][INFO] - Finding Test Object 'Object Repository/Sayfalar/Giris_Sayfasi/PopupCarpiGiris'

2021-11-12 17:22:30 - [MESSAGE][INFO] - Checking object

2021-11-12 17:22:30 - [MESSAGE][INFO] - Finding web element from Test Object's properties

2021-11-12 17:22:30 - [MESSAGE][INFO] - Checking timeout

2021-11-12 17:22:30 - [MESSAGE][INFO] - Finding web element with id: 'Object Repository/Sayfalar/Giris_Sayfasi/PopupCarpiGiris' located by 'By.cssSelector: .bootbox-close-button.close' in '30' second(s)

2021-11-12 17:22:30 - [MESSAGE][INFO] - Smart Wait Function is triggered

2021-11-12 17:22:31 - [MESSAGE][INFO] - Found 1 web elements with id: 'Object Repository/Sayfalar/Giris_Sayfasi/PopupCarpiGiris' located by 'By.cssSelector: .bootbox-close-button.close' in '30' second(s)

2021-11-12 17:22:31 - [MESSAGE][INFO] - Clicking on object: 'Object Repository/Sayfalar/Giris_Sayfasi/PopupCarpiGiris'

2021-11-12 17:22:31 - [MESSAGE][PASSED] - Object: 'Object Repository/Sayfalar/Giris_Sayfasi/PopupCarpiGiris' is clicked on

2021-11-12 17:22:31 - [TEST_STEP][PASSED] - verifyElementVisible(findTestObject("Object Repository/Kullanici_Islemleri/KullaniciIslemleri")): Object 'Object Repository/Kullanici_Islemleri/KullaniciIslemleri' is visible

2021-11-12 17:22:31 - [MESSAGE][INFO] - Finding Test Object 'Object Repository/Kullanici_Islemleri/KullaniciIslemleri'

2021-11-12 17:22:31 - [MESSAGE][INFO] - Checking object

2021-11-12 17:22:31 - [MESSAGE][INFO] - Finding web element from Test Object's properties

2021-11-12 17:22:31 - [MESSAGE][INFO] - Checking timeout

2021-11-12 17:22:31 - [MESSAGE][INFO] - Finding web element with id: 'Object Repository/Kullanici_Islemleri/KullaniciIslemleri' located by 'By.cssSelector: .dropdown>a>img' in '30' second(s)

2021-11-12 17:22:31 - [MESSAGE][INFO] - Smart Wait Function is triggered

2021-11-12 17:22:32 - [MESSAGE][INFO] - Found 1 web elements with id: 'Object Repository/Kullanici_Islemleri/KullaniciIslemleri' located by 'By.cssSelector: .dropdown>a>img' in '30' second(s)

2021-11-12 17:22:32 - [MESSAGE][PASSED] - Object 'Object Repository/Kullanici_Islemleri/KullaniciIslemleri' is visible

2021-11-12 17:22:32 - [MESSAGE][PASSED] - Call Test Case 'Test Cases/Sayfalar/Giris_Sayfasi/Login' successfully

2021-11-12 17:22:32 - [MESSAGE][INFO] - Checking called Test Case

2021-11-12 17:22:32 - [MESSAGE][INFO] - Starting to call Test Case 'Test Cases/Menu/AnaMenuSecimi'

2021-11-12 17:22:32 - [TEST_CASE][PASSED] - Test Cases/Menu/AnaMenuSecimi: Test Cases/Menu/AnaMenuSecimi

2021-11-12 17:22:32 - [TEST_STEP][PASSED] - Method.TextDegerineEsitElementeTikla(findTestObject("Menu/Ana_Menu"), Ana_Menu): Method.TextDegerineEsitElementeTikla is PASSED

2021-11-12 17:22:32 - [MESSAGE][INFO] - Finding Test Object 'Object Repository/Menu/Ana_Menu'

2021-11-12 17:22:32 - [MESSAGE][INFO] - Checking timeout

2021-11-12 17:22:32 - [MESSAGE][INFO] - Finding web element with id: 'Object Repository/Menu/Ana_Menu' located by 'By.xpath: //*[@class = 'dropdown-toggle']' in '10' second(s)

2021-11-12 17:22:32 - [MESSAGE][INFO] - Smart Wait Function is triggered

2021-11-12 17:22:32 - [MESSAGE][INFO] - Found 14 web elements with id: 'Object Repository/Menu/Ana_Menu' located by 'By.xpath: //*[@class = 'dropdown-toggle']' in '10' second(s)

2021-11-12 17:22:32 - [MESSAGE][PASSED] - Method.TextDegerineEsitElementeTikla is PASSED

2021-11-12 17:22:32 - [MESSAGE][PASSED] - Call Test Case 'Test Cases/Menu/AnaMenuSecimi' successfully

2021-11-12 17:22:32 - [MESSAGE][INFO] - Checking called Test Case

2021-11-12 17:22:32 - [MESSAGE][INFO] - Starting to call Test Case 'Test Cases/Menu/BasligaGoreAltMenuSecimi'

2021-11-12 17:22:32 - [TEST_CASE][PASSED] - Test Cases/Menu/BasligaGoreAltMenuSecimi: Test Cases/Menu/BasligaGoreAltMenuSecimi

2021-11-12 17:22:32 - [TEST_STEP][PASSED] - Method.TextDegerineEsitElementinAltindakiTextDegerineEsitOlanaTikla(findTestObject("Menu/Menu_Basligi"), findTestObject("Menu/Basliga_Gore_Alt_Menu"), Baslik, Alt_Menu): Method.TextDegerineEsitElementinAltindakiTextDegerineEsitOlanaTikla is PASSED

2021-11-12 17:22:32 - [MESSAGE][INFO] - Finding Test Object 'Object Repository/Menu/Menu_Basligi'

2021-11-12 17:22:32 - [MESSAGE][INFO] - Finding Test Object 'Object Repository/Menu/Basliga_Gore_Alt_Menu'

2021-11-12 17:22:33 - [MESSAGE][INFO] - Checking timeout

2021-11-12 17:22:33 - [MESSAGE][INFO] - Finding web element with id: 'Object Repository/Menu/Menu_Basligi' located by 'By.xpath: //li[@class='dropdown dropdown-large open']//li[@class='dropdown-header']' in '10' second(s)

2021-11-12 17:22:33 - [MESSAGE][INFO] - Smart Wait Function is triggered

2021-11-12 17:22:33 - [MESSAGE][INFO] - Found 2 web elements with id: 'Object Repository/Menu/Menu_Basligi' located by 'By.xpath: //li[@class='dropdown dropdown-large open']//li[@class='dropdown-header']' in '10' second(s)

2021-11-12 17:22:33 - [MESSAGE][INFO] - Smart Wait Function is triggered

2021-11-12 17:22:36 - [MESSAGE][PASSED] - Method.TextDegerineEsitElementinAltindakiTextDegerineEsitOlanaTikla is PASSED

2021-11-12 17:22:36 - [MESSAGE][PASSED] - Call Test Case 'Test Cases/Menu/BasligaGoreAltMenuSecimi' successfully

2021-11-12 17:22:36 - [MESSAGE][INFO] - Checking called Test Case

2021-11-12 17:22:36 - [MESSAGE][INFO] - Starting to call Test Case 'Test Cases/Filtreler/DropdownSec'

2021-11-12 17:22:36 - [TEST_CASE][PASSED] - Test Cases/Filtreler/DropdownSec: Test Cases/Filtreler/DropdownSec

2021-11-12 17:22:36 - [TEST_STEP][PASSED] - Method.TextDegerineEsitElementinAltindakineTikla(findTestObject("Filtreler/Basliklar"), findTestObject("Filtreler/Basliga_Gore_Baslangic_Image"), Filtre_Adi): Method.TextDegerineEsitElementinAltindakineTikla is PASSED

2021-11-12 17:22:36 - [MESSAGE][INFO] - Finding Test Object 'Object Repository/Filtreler/Basliklar'

2021-11-12 17:22:36 - [MESSAGE][INFO] - Finding Test Object 'Object Repository/Filtreler/Basliga_Gore_Baslangic_Image'

2021-11-12 17:22:36 - [MESSAGE][INFO] - Checking timeout

2021-11-12 17:22:36 - [MESSAGE][INFO] - Finding web element with id: 'Object Repository/Filtreler/Basliklar' located by 'By.cssSelector: .control-label.col-sm-4.paddingMarginRLC' in '10' second(s)

2021-11-12 17:22:36 - [MESSAGE][INFO] - Smart Wait Function is triggered

2021-11-12 17:22:37 - [MESSAGE][INFO] - Found 8 web elements with id: 'Object Repository/Filtreler/Basliklar' located by 'By.cssSelector: .control-label.col-sm-4.paddingMarginRLC' in '10' second(s)

2021-11-12 17:22:37 - [MESSAGE][INFO] - Smart Wait Function is triggered

2021-11-12 17:22:37 - [MESSAGE][PASSED] - Method.TextDegerineEsitElementinAltindakineTikla is PASSED

2021-11-12 17:22:37 - [TEST_STEP][PASSED] - Method.TextDegerineEsitElementeTikla(findTestObject("Object Repository/Filtreler/Basliga_Gore_Dropdown"), Filtre_Degeri): Method.TextDegerineEsitElementeTikla is PASSED

2021-11-12 17:22:37 - [MESSAGE][INFO] - Finding Test Object 'Object Repository/Filtreler/Basliga_Gore_Dropdown'

2021-11-12 17:22:37 - [MESSAGE][INFO] - Checking timeout

2021-11-12 17:22:37 - [MESSAGE][INFO] - Finding web element with id: 'Object Repository/Filtreler/Basliga_Gore_Dropdown' located by 'By.xpath: //*[@class = 'dxeListBoxItemRow_LECustomTheme']' in '10' second(s)

2021-11-12 17:22:37 - [MESSAGE][INFO] - Smart Wait Function is triggered

2021-11-12 17:22:37 - [MESSAGE][INFO] - Found 109 web elements with id: 'Object Repository/Filtreler/Basliga_Gore_Dropdown' located by 'By.xpath: //*[@class = 'dxeListBoxItemRow_LECustomTheme']' in '10' second(s)

2021-11-12 17:22:38 - [MESSAGE][PASSED] - Method.TextDegerineEsitElementeTikla is PASSED

2021-11-12 17:22:38 - [MESSAGE][PASSED] - Call Test Case 'Test Cases/Filtreler/DropdownSec' successfully

2021-11-12 17:22:38 - [MESSAGE][INFO] - Checking called Test Case

2021-11-12 17:22:38 - [MESSAGE][INFO] - Starting to call Test Case 'Test Cases/Filtreler/ButonaTikla'

2021-11-12 17:22:38 - [TEST_CASE][PASSED] - Test Cases/Filtreler/ButonaTikla: Test Cases/Filtreler/ButonaTikla

2021-11-12 17:22:38 - [TEST_STEP][PASSED] - Method.TextDegerineEsitElementeTikla(findTestObject("Filtreler/Butonlar"), Filtre_Buton): Method.TextDegerineEsitElementeTikla is PASSED

2021-11-12 17:22:38 - [MESSAGE][INFO] - Finding Test Object 'Object Repository/Filtreler/Butonlar'

2021-11-12 17:22:38 - [MESSAGE][INFO] - Checking timeout

2021-11-12 17:22:38 - [MESSAGE][INFO] - Finding web element with id: 'Object Repository/Filtreler/Butonlar' located by 'By.cssSelector: .dxb>span' in '10' second(s)

2021-11-12 17:22:38 - [MESSAGE][INFO] - Smart Wait Function is triggered

2021-11-12 17:22:39 - [MESSAGE][INFO] - Found 3 web elements with id: 'Object Repository/Filtreler/Butonlar' located by 'By.cssSelector: .dxb>span' in '10' second(s)

2021-11-12 17:22:39 - [MESSAGE][PASSED] - Method.TextDegerineEsitElementeTikla is PASSED

2021-11-12 17:22:39 - [MESSAGE][PASSED] - Call Test Case 'Test Cases/Filtreler/ButonaTikla' successfully

2021-11-12 17:22:39 - [MESSAGE][INFO] - Checking called Test Case

2021-11-12 17:22:39 - [MESSAGE][INFO] - Starting to call Test Case 'Test Cases/Tablo/TablodaVeriVarMi'

2021-11-12 17:22:39 - [TEST_CASE][PASSED] - Test Cases/Tablo/TablodaVeriVarMi: Test Cases/Tablo/TablodaVeriVarMi

2021-11-12 17:22:39 - [TEST_STEP][PASSED] - verifyTextNotPresent("Görüntülenecek veri yok", true): Text 'Görüntülenecek veri yok' is not present on page using regular expression

2021-11-12 17:22:39 - [MESSAGE][INFO] - Checking text present  using regular expression

2021-11-12 17:22:39 - [MESSAGE][INFO] - Smart Wait Function is triggered

2021-11-12 17:22:40 - [MESSAGE][INFO] - Finding text 'Görüntülenecek veri yok' on page  using regular expression

2021-11-12 17:22:40 - [MESSAGE][PASSED] - Text 'Görüntülenecek veri yok' is not present on page using regular expression

2021-11-12 17:22:40 - [MESSAGE][PASSED] - Call Test Case 'Test Cases/Tablo/TablodaVeriVarMi' successfully

2021-11-12 17:22:40 - [MESSAGE][INFO] - Checking called Test Case

2021-11-12 17:22:40 - [MESSAGE][INFO] - Starting to call Test Case 'Test Cases/Tablo/TablodanVeriSec'

2021-11-12 17:22:40 - [TEST_CASE][PASSED] - Test Cases/Tablo/TablodanVeriSec: Test Cases/Tablo/TablodanVeriSec

2021-11-12 17:22:40 - [TEST_STEP][PASSED] - Method.TextDegerineEsitElementinAltindakineTikla(findTestObject("Tablo/Veriler"), findTestObject("Tablo/VerininCheckBoxi"), Veri_Adi): Method.TextDegerineEsitElementinAltindakineTikla is PASSED

2021-11-12 17:22:40 - [MESSAGE][INFO] - Finding Test Object 'Object Repository/Tablo/Veriler'

2021-11-12 17:22:40 - [MESSAGE][INFO] - Finding Test Object 'Object Repository/Tablo/VerininCheckBoxi'

2021-11-12 17:22:40 - [MESSAGE][INFO] - Checking timeout

2021-11-12 17:22:40 - [MESSAGE][INFO] - Finding web element with id: 'Object Repository/Tablo/Veriler' located by 'By.cssSelector: td.dxgv b ,td.dxgv' in '10' second(s)

2021-11-12 17:22:40 - [MESSAGE][INFO] - Smart Wait Function is triggered

2021-11-12 17:22:40 - [MESSAGE][INFO] - Found 140 web elements with id: 'Object Repository/Tablo/Veriler' located by 'By.cssSelector: td.dxgv b ,td.dxgv' in '10' second(s)

2021-11-12 17:22:40 - [MESSAGE][INFO] - Smart Wait Function is triggered

2021-11-12 17:22:41 - [MESSAGE][PASSED] - Method.TextDegerineEsitElementinAltindakineTikla is PASSED

2021-11-12 17:22:41 - [MESSAGE][PASSED] - Call Test Case 'Test Cases/Tablo/TablodanVeriSec' successfully

2021-11-12 17:22:41 - [MESSAGE][INFO] - Checking called Test Case

2021-11-12 17:22:41 - [MESSAGE][INFO] - Starting to call Test Case 'Test Cases/Butonlar/ButonaTikla'

2021-11-12 17:22:41 - [TEST_CASE][PASSED] - Test Cases/Butonlar/ButonaTikla: Test Cases/Butonlar/ButonaTikla

2021-11-12 17:22:41 - [TEST_STEP][PASSED] - Method.TextDegerineEsitElementeTiklaEquals(findTestObject("Butonlar/Butonlar"), Buton_Adi): Method.TextDegerineEsitElementeTiklaEquals is PASSED

2021-11-12 17:22:41 - [MESSAGE][INFO] - Finding Test Object 'Object Repository/Butonlar/Butonlar'

2021-11-12 17:22:41 - [MESSAGE][INFO] - Checking timeout

2021-11-12 17:22:41 - [MESSAGE][INFO] - Finding web element with id: 'Object Repository/Butonlar/Butonlar' located by 'By.cssSelector: .panel.panel-default.text-center.footerPanel .btn,.btn.btn-primary.btnControls' in '10' second(s)

2021-11-12 17:22:41 - [MESSAGE][INFO] - Smart Wait Function is triggered

2021-11-12 17:22:41 - [MESSAGE][INFO] - Found 9 web elements with id: 'Object Repository/Butonlar/Butonlar' located by 'By.cssSelector: .panel.panel-default.text-center.footerPanel .btn,.btn.btn-primary.btnControls' in '10' second(s)

2021-11-12 17:22:41 - [MESSAGE][PASSED] - Method.TextDegerineEsitElementeTiklaEquals is PASSED

2021-11-12 17:22:42 - [MESSAGE][PASSED] - Call Test Case 'Test Cases/Butonlar/ButonaTikla' successfully

2021-11-12 17:22:42 - [MESSAGE][INFO] - Checking called Test Case

2021-11-12 17:22:42 - [MESSAGE][INFO] - Starting to call Test Case 'Test Cases/Sekmeler/YeniSekmeyeGec'

2021-11-12 17:22:42 - [TEST_CASE][PASSED] - Test Cases/Sekmeler/YeniSekmeyeGec: Test Cases/Sekmeler/YeniSekmeyeGec

2021-11-12 17:22:42 - [TEST_STEP][PASSED] - switchToWindowIndex(1): Switched to window with index: '1'

2021-11-12 17:22:42 - [MESSAGE][INFO] - Checking index

2021-11-12 17:22:42 - [MESSAGE][INFO] - Switching window with index: '1'

2021-11-12 17:22:42 - [MESSAGE][PASSED] - Switched to window with index: '1'

2021-11-12 17:22:42 - [MESSAGE][PASSED] - Call Test Case 'Test Cases/Sekmeler/YeniSekmeyeGec' successfully

2021-11-12 17:22:42 - [MESSAGE][INFO] - Checking called Test Case

2021-11-12 17:22:42 - [MESSAGE][INFO] - Starting to call Test Case 'Test Cases/Popup/PopupAcildimi'

2021-11-12 17:22:42 - [TEST_CASE][PASSED] - Test Cases/Popup/PopupAcildimi: Test Cases/Popup/PopupAcildimi

2021-11-12 17:22:42 - [TEST_STEP][PASSED] - verifyElementText(findTestObject("Object Repository/Popup/PopupBaslik"), Name): Actual text and expected text of test object 'Object Repository/Popup/PopupBaslik' are matched.

2021-11-12 17:22:42 - [MESSAGE][INFO] - Finding Test Object 'Object Repository/Popup/PopupBaslik'

2021-11-12 17:22:42 - [MESSAGE][INFO] - Checking object

2021-11-12 17:22:42 - [MESSAGE][INFO] - Finding web element from Test Object's properties

2021-11-12 17:22:42 - [MESSAGE][INFO] - Checking timeout

2021-11-12 17:22:42 - [MESSAGE][INFO] - Finding web element with id: 'Object Repository/Popup/PopupBaslik' located by 'By.cssSelector: body h4' in '30' second(s)

2021-11-12 17:22:42 - [MESSAGE][INFO] - Smart Wait Function is triggered

2021-11-12 17:22:43 - [MESSAGE][INFO] - Found 1 web elements with id: 'Object Repository/Popup/PopupBaslik' located by 'By.cssSelector: body h4' in '30' second(s)

2021-11-12 17:22:43 - [MESSAGE][PASSED] - Actual text and expected text of test object 'Object Repository/Popup/PopupBaslik' are matched.

2021-11-12 17:22:43 - [MESSAGE][PASSED] - Call Test Case 'Test Cases/Popup/PopupAcildimi' successfully

2021-11-12 17:22:43 - [MESSAGE][INFO] - Checking called Test Case

2021-11-12 17:22:43 - [MESSAGE][INFO] - Starting to call Test Case 'Test Cases/Sekmeler/Ana_Sekmeye_Gec'

2021-11-12 17:22:43 - [TEST_CASE][PASSED] - Test Cases/Sekmeler/Ana_Sekmeye_Gec: Test Cases/Sekmeler/Ana_Sekmeye_Gec

2021-11-12 17:22:43 - [TEST_STEP][PASSED] - try: Window with index 1 is closed

2021-11-12 17:22:43 - [TEST_STEP][PASSED] - index = getWindowIndex(): Current window's index is: 1

2021-11-12 17:22:43 - [MESSAGE][INFO] - Getting current window's index

2021-11-12 17:22:43 - [MESSAGE][PASSED] - Current window's index is: 1

2021-11-12 17:22:43 - [TEST_STEP][PASSED] - closeWindowIndex(index): Window with index 1 is closed

2021-11-12 17:22:43 - [MESSAGE][INFO] - Checking index

2021-11-12 17:22:43 - [MESSAGE][INFO] - Closing window with index 1

2021-11-12 17:22:43 - [MESSAGE][PASSED] - Window with index 1 is closed

2021-11-12 17:22:43 - [TEST_STEP][PASSED] - switchToWindowIndex(0): Switched to window with index: '0'

2021-11-12 17:22:43 - [MESSAGE][INFO] - Checking index

2021-11-12 17:22:43 - [MESSAGE][INFO] - Switching window with index: '0'

2021-11-12 17:22:43 - [MESSAGE][PASSED] - Switched to window with index: '0'

2021-11-12 17:22:43 - [MESSAGE][PASSED] - Call Test Case 'Test Cases/Sekmeler/Ana_Sekmeye_Gec' successfully

2021-11-12 17:22:43 - [MESSAGE][INFO] - Checking called Test Case

2021-11-12 17:22:43 - [MESSAGE][INFO] - Starting to call Test Case 'Test Cases/Kullanici_Islemleri/KullaniciIslemlerindenSecimYapilir'

2021-11-12 17:22:43 - [TEST_CASE][PASSED] - Test Cases/Kullanici_Islemleri/KullaniciIslemlerindenSecimYapilir: Test Cases/Kullanici_Islemleri/KullaniciIslemlerindenSecimYapilir

2021-11-12 17:22:43 - [TEST_STEP][PASSED] - waitForElementClickable(findTestObject("Object Repository/Kullanici_Islemleri/KullaniciIslemleri"), 10): Object 'Object Repository/Kullanici_Islemleri/KullaniciIslemleri' is clickable

2021-11-12 17:22:43 - [MESSAGE][INFO] - Finding Test Object 'Object Repository/Kullanici_Islemleri/KullaniciIslemleri'

2021-11-12 17:22:43 - [MESSAGE][INFO] - Checking object

2021-11-12 17:22:43 - [MESSAGE][INFO] - Checking timeout

2021-11-12 17:22:43 - [MESSAGE][INFO] - Finding web element from Test Object's properties

2021-11-12 17:22:43 - [MESSAGE][INFO] - Checking timeout

2021-11-12 17:22:43 - [MESSAGE][INFO] - Finding web element with id: 'Object Repository/Kullanici_Islemleri/KullaniciIslemleri' located by 'By.cssSelector: .dropdown>a>img' in '10' second(s)

2021-11-12 17:22:43 - [MESSAGE][INFO] - Smart Wait Function is triggered

2021-11-12 17:22:43 - [MESSAGE][INFO] - Found 1 web elements with id: 'Object Repository/Kullanici_Islemleri/KullaniciIslemleri' located by 'By.cssSelector: .dropdown>a>img' in '10' second(s)

2021-11-12 17:22:43 - [MESSAGE][PASSED] - Object 'Object Repository/Kullanici_Islemleri/KullaniciIslemleri' is clickable

2021-11-12 17:22:43 - [TEST_STEP][PASSED] - click(findTestObject("Object Repository/Kullanici_Islemleri/KullaniciIslemleri")): Object: 'Object Repository/Kullanici_Islemleri/KullaniciIslemleri' is clicked on

2021-11-12 17:22:43 - [MESSAGE][INFO] - Finding Test Object 'Object Repository/Kullanici_Islemleri/KullaniciIslemleri'

2021-11-12 17:22:44 - [MESSAGE][INFO] - Checking object

2021-11-12 17:22:44 - [MESSAGE][INFO] - Finding web element from Test Object's properties

2021-11-12 17:22:44 - [MESSAGE][INFO] - Checking timeout

2021-11-12 17:22:44 - [MESSAGE][INFO] - Finding web element with id: 'Object Repository/Kullanici_Islemleri/KullaniciIslemleri' located by 'By.cssSelector: .dropdown>a>img' in '30' second(s)

2021-11-12 17:22:44 - [MESSAGE][INFO] - Smart Wait Function is triggered

2021-11-12 17:22:44 - [MESSAGE][INFO] - Found 1 web elements with id: 'Object Repository/Kullanici_Islemleri/KullaniciIslemleri' located by 'By.cssSelector: .dropdown>a>img' in '30' second(s)

2021-11-12 17:22:44 - [MESSAGE][INFO] - Clicking on object: 'Object Repository/Kullanici_Islemleri/KullaniciIslemleri'

2021-11-12 17:22:44 - [MESSAGE][PASSED] - Object: 'Object Repository/Kullanici_Islemleri/KullaniciIslemleri' is clicked on

2021-11-12 17:22:44 - [TEST_STEP][PASSED] - Method.TextDegerineEsitElementeTikla(findTestObject("Object Repository/Kullanici_Islemleri/Secenekler"), Islem): Method.TextDegerineEsitElementeTikla is PASSED

2021-11-12 17:22:44 - [MESSAGE][INFO] - Finding Test Object 'Object Repository/Kullanici_Islemleri/Secenekler'

2021-11-12 17:22:44 - [MESSAGE][INFO] - Checking timeout

2021-11-12 17:22:44 - [MESSAGE][INFO] - Finding web element with id: 'Object Repository/Kullanici_Islemleri/Secenekler' located by 'By.cssSelector: .nav.navbar-nav.navbar-right li a' in '10' second(s)

2021-11-12 17:22:44 - [MESSAGE][INFO] - Smart Wait Function is triggered

2021-11-12 17:22:44 - [MESSAGE][INFO] - Found 22 web elements with id: 'Object Repository/Kullanici_Islemleri/Secenekler' located by 'By.cssSelector: .nav.navbar-nav.navbar-right li a' in '10' second(s)

2021-11-12 17:22:46 - [MESSAGE][PASSED] - Method.TextDegerineEsitElementeTikla is PASSED

2021-11-12 17:22:46 - [TEST_STEP][PASSED] - verifyElementNotPresent(findTestObject("Object Repository/Kullanici_Islemleri/Secenekler"), 10): Web element with id: 'Object Repository/Kullanici_Islemleri/Secenekler' located by 'By.cssSelector: .nav.navbar-nav.navbar-right li a' is not present after '10' second(s)

2021-11-12 17:22:46 - [MESSAGE][INFO] - Finding Test Object 'Object Repository/Kullanici_Islemleri/Secenekler'

2021-11-12 17:22:46 - [MESSAGE][INFO] - Checking object

2021-11-12 17:22:46 - [MESSAGE][INFO] - Checking timeout

2021-11-12 17:22:46 - [MESSAGE][INFO] - Finding web element with id: 'Object Repository/Kullanici_Islemleri/Secenekler' located by 'By.cssSelector: .nav.navbar-nav.navbar-right li a' in '10' second(s)

2021-11-12 17:22:46 - [MESSAGE][INFO] - Smart Wait Function is triggered

2021-11-12 17:22:47 - [MESSAGE][PASSED] - Web element with id: 'Object Repository/Kullanici_Islemleri/Secenekler' located by 'By.cssSelector: .nav.navbar-nav.navbar-right li a' is not present after '10' second(s)

2021-11-12 17:22:47 - [MESSAGE][PASSED] - Call Test Case 'Test Cases/Kullanici_Islemleri/KullaniciIslemlerindenSecimYapilir' successfully

2021-11-12 17:22:47 - [TEST_CASE][PASSED] - Start Test Case : SCENARIO e-Arsiv Raporlari Rapor: SCENARIO e-Arsiv Raporlari Rapor

2021-11-12 17:22:47 - [TEST_STEP][PASSED] - Kullanıcı adı ELOGO6 ve Şifre 123456 olarak giriş yapılır: Kullanıcı adı ELOGO6 ve Şifre 123456 olarak giriş yapılır

2021-11-12 17:22:47 - [MESSAGE][PASSED] - Kullanıcı adı ELOGO6 ve Şifre 123456 olarak giriş yapılır

2021-11-12 17:22:47 - [TEST_STEP][PASSED] - Ana menüden e-Arşiv seçilir: Ana menüden e-Arşiv seçilir

2021-11-12 17:22:47 - [MESSAGE][PASSED] - Ana menüden e-Arşiv seçilir

2021-11-12 17:22:47 - [TEST_STEP][PASSED] - Alt menü e-Arşiv Hareketleri başlığı altındaki e-Arşiv Raporları seçilir: Alt menü e-Arşiv Hareketleri başlığı altındaki e-Arşiv Raporları seçilir

2021-11-12 17:22:47 - [MESSAGE][PASSED] - Alt menü e-Arşiv Hareketleri başlığı altındaki e-Arşiv Raporları seçilir

2021-11-12 17:22:47 - [TEST_STEP][PASSED] - Filtrelerden Dönem Tarihi filtresine 2020 Aralık dropdowndan degeri seçilir: Filtrelerden Dönem Tarihi filtresine 2020 Aralık dropdowndan degeri seçilir

2021-11-12 17:22:47 - [MESSAGE][PASSED] - Filtrelerden Dönem Tarihi filtresine 2020 Aralık dropdowndan degeri seçilir

2021-11-12 17:22:47 - [TEST_STEP][PASSED] - Filtre butonlarından Listele seçilir: Filtre butonlarından Listele seçilir

2021-11-12 17:22:47 - [MESSAGE][PASSED] - Filtre butonlarından Listele seçilir

2021-11-12 17:22:47 - [TEST_STEP][PASSED] - Tabloda veri var mı kontrol edilir: Tabloda veri var mı kontrol edilir

2021-11-12 17:22:47 - [MESSAGE][PASSED] - Tabloda veri var mı kontrol edilir

2021-11-12 17:22:47 - [TEST_STEP][PASSED] - Tablodan 2691121 isimli veri seçilir: Tablodan 2691121 isimli veri seçilir

2021-11-12 17:22:47 - [MESSAGE][PASSED] - Tablodan 2691121 isimli veri seçilir

2021-11-12 17:22:47 - [TEST_STEP][PASSED] - Butonlardan Rapor isimli butona tıklanır: Butonlardan Rapor isimli butona tıklanır

2021-11-12 17:22:47 - [MESSAGE][PASSED] - Butonlardan Rapor isimli butona tıklanır

2021-11-12 17:22:47 - [TEST_STEP][PASSED] - Yeni açılan sekmeye geçilir: Yeni açılan sekmeye geçilir

2021-11-12 17:22:47 - [MESSAGE][PASSED] - Yeni açılan sekmeye geçilir

2021-11-12 17:22:47 - [TEST_STEP][PASSED] - E-Arşiv Raporu popupı açıldı mı: E-Arşiv Raporu popupı açıldı mı

2021-11-12 17:22:47 - [MESSAGE][PASSED] - E-Arşiv Raporu popupı açıldı mı

2021-11-12 17:22:47 - [TEST_STEP][PASSED] - Ana sekmeye geçilir: Ana sekmeye geçilir

2021-11-12 17:22:47 - [MESSAGE][PASSED] - Ana sekmeye geçilir

2021-11-12 17:22:47 - [TEST_STEP][PASSED] - Kullanıcı işlemlerinden Çıkış seçilir: Kullanıcı işlemlerinden Çıkış seçilir

2021-11-12 17:22:47 - [MESSAGE][PASSED] - Kullanıcı işlemlerinden Çıkış seçilir

2021-11-12 17:22:47 - [MESSAGE][PASSED] - Feature file: 'Include/features/e-Arsiv/e-Arsiv Hareketleri/e-Arsiv Raporlari/Rapor.feature' was passed

2021-11-12 17:22:47 - [TEST_STEP][PASSED] - Start listener action : sampleAfterTestSuite: Invoke 'com.kms.katalon.core.annotation.AfterTestCase' method: 'Listener.sampleAfterTestSuite(...)' completed.

2021-11-12 17:22:47 - [MESSAGE][INFO] - Starting invoke 'com.kms.katalon.core.annotation.AfterTestCase' method: 'Listener.sampleAfterTestSuite(...)'

2021-11-12 17:22:47 - [TEST_STEP][PASSED] - closeBrowser(): Invoke 'com.kms.katalon.core.annotation.AfterTestCase' method: 'Listener.sampleAfterTestSuite(...)' completed.

2021-11-12 17:22:47 - [MESSAGE][INFO] - Closing browser

2021-11-12 17:22:47 - [MESSAGE][PASSED] - Browser is closed

2021-11-12 17:22:47 - [MESSAGE][INFO] - Invoke 'com.kms.katalon.core.annotation.AfterTestCase' method: 'Listener.sampleAfterTestSuite(...)' completed.]]></system-out>
         <system-err><![CDATA[]]></system-err>
      </testcase>
      <testcase name="Test Cases/Case Repository/e-Arsiv/e-Arsiv Hareketleri/e-Arsiv Raporlari/Tablodaki Verinin Gorseli" time="36.961" classname="Test Cases/Case Repository/e-Arsiv/e-Arsiv Hareketleri/e-Arsiv Raporlari/Tablodaki Verinin Gorseli" status="PASSED">
         <system-out><![CDATA[2021-11-12 17:22:47 - [TEST_CASE][PASSED] - Test Cases/Case Repository/e-Arsiv/e-Arsiv Hareketleri/e-Arsiv Raporlari/Tablodaki Verinin Gorseli: Test Cases/Case Repository/e-Arsiv/e-Arsiv Hareketleri/e-Arsiv Raporlari/Tablodaki Verinin Gorseli

2021-11-12 17:22:47 - [TEST_STEP][PASSED] - Start listener action : sampleBeforeTestSuite: Invoke 'com.kms.katalon.core.annotation.BeforeTestCase' method: 'Listener.sampleBeforeTestSuite(...)' completed.

2021-11-12 17:22:47 - [MESSAGE][INFO] - Starting invoke 'com.kms.katalon.core.annotation.BeforeTestCase' method: 'Listener.sampleBeforeTestSuite(...)'

2021-11-12 17:22:47 - [TEST_STEP][PASSED] - openBrowser(baseUrl): Browser is opened with url: 'https://efatura-stage.elogo.com.tr/'

2021-11-12 17:22:47 - [MESSAGE][INFO] - Opening browser

2021-11-12 17:22:47 - [MESSAGE][INFO] - Starting 'Chrome' driver

2021-11-12 17:22:47 - [MESSAGE][INFO] - User set preference: ['prefs', '{download.default_directory=C:\otomasyondownfiles}']

2021-11-12 17:22:47 - [MESSAGE][INFO] - Action delay is set to 0 milliseconds

2021-11-12 17:22:49 - [MESSAGE][INFO] - Navigating browser to: 'https://efatura-stage.elogo.com.tr/'

2021-11-12 17:22:52 - [MESSAGE][PASSED] - Browser is opened with url: 'https://efatura-stage.elogo.com.tr/'

2021-11-12 17:22:52 - [TEST_STEP][PASSED] - maximizeWindow(): Invoke 'com.kms.katalon.core.annotation.BeforeTestCase' method: 'Listener.sampleBeforeTestSuite(...)' completed.

2021-11-12 17:22:52 - [MESSAGE][INFO] - Maximizing current window

2021-11-12 17:22:52 - [MESSAGE][PASSED] - Current window maximized

2021-11-12 17:22:52 - [MESSAGE][INFO] - Invoke 'com.kms.katalon.core.annotation.BeforeTestCase' method: 'Listener.sampleBeforeTestSuite(...)' completed.

2021-11-12 17:22:52 - [TEST_STEP][PASSED] - runFeatureFile("Include/features/e-Arsiv/e-Arsiv Hareketleri/e-Arsiv Raporlari/Tablodaki Verinin Gorseli.feature"): Feature file: 'Include/features/e-Arsiv/e-Arsiv Hareketleri/e-Arsiv Raporlari/Tablodaki Verinin Gorseli.feature' was passed

2021-11-12 17:22:52 - [MESSAGE][INFO] - Starting run keyword runFeatureFile: 'Include/features/e-Arsiv/e-Arsiv Hareketleri/e-Arsiv Raporlari/Tablodaki Verinin Gorseli.feature' and extract report to folder: 'C:\Users\DELL\Documents\GitHub\EES_KatalonLogo\Reports\20211112_170311\Suite Repository\e-Arsiv\20211112_170317/cucumber_report/1636726972819'...

2021-11-12 17:22:52 - [MESSAGE][INFO] - Glue: []

2021-11-12 17:22:54 - [MESSAGE][INFO] - Checking called Test Case

2021-11-12 17:22:54 - [MESSAGE][INFO] - Starting to call Test Case 'Test Cases/Sayfalar/Giris_Sayfasi/Login'

2021-11-12 17:22:54 - [TEST_CASE][PASSED] - Test Cases/Sayfalar/Giris_Sayfasi/Login: Test Cases/Sayfalar/Giris_Sayfasi/Login

2021-11-12 17:22:54 - [TEST_STEP][PASSED] - Sayfa_Basligi = getWindowTitle(): Current window's title is: 'LOGO e-Fatura'

2021-11-12 17:22:54 - [MESSAGE][INFO] - Getting current window's title

2021-11-12 17:22:54 - [MESSAGE][PASSED] - Current window's title is: 'LOGO e-Fatura'

2021-11-12 17:22:54 - [TEST_STEP][PASSED] - verifyMatch(Sayfa_Basligi, "LOGO e-Fatura", false): Actual text 'LOGO e-Fatura' and expected text 'LOGO e-Fatura' are matched 

2021-11-12 17:22:54 - [MESSAGE][INFO] - Matching actual text 'LOGO e-Fatura' with expected text 'LOGO e-Fatura'

2021-11-12 17:22:54 - [MESSAGE][PASSED] - Actual text 'LOGO e-Fatura' and expected text 'LOGO e-Fatura' are matched 

2021-11-12 17:22:54 - [TEST_STEP][PASSED] - sendKeys(findTestObject("Sayfalar/Giris_Sayfasi/Firma_Kodu"), KullaniciAdi): Keys 'ELOGO6' sent to object: 'Object Repository/Sayfalar/Giris_Sayfasi/Firma_Kodu'

2021-11-12 17:22:54 - [MESSAGE][INFO] - Finding Test Object 'Object Repository/Sayfalar/Giris_Sayfasi/Firma_Kodu'

2021-11-12 17:22:54 - [MESSAGE][INFO] - Sending keys 'ELOGO6' to object: 'Object Repository/Sayfalar/Giris_Sayfasi/Firma_Kodu'

2021-11-12 17:22:54 - [MESSAGE][INFO] - Finding web element from Test Object's properties

2021-11-12 17:22:54 - [MESSAGE][INFO] - Checking timeout

2021-11-12 17:22:54 - [MESSAGE][INFO] - Finding web element with id: 'Object Repository/Sayfalar/Giris_Sayfasi/Firma_Kodu' located by 'By.xpath: //*[@id = 'AccountName']' in '30' second(s)

2021-11-12 17:22:54 - [MESSAGE][INFO] - Smart Wait Function is triggered

2021-11-12 17:22:54 - [MESSAGE][INFO] - Found 1 web elements with id: 'Object Repository/Sayfalar/Giris_Sayfasi/Firma_Kodu' located by 'By.xpath: //*[@id = 'AccountName']' in '30' second(s)

2021-11-12 17:22:54 - [MESSAGE][PASSED] - Keys 'ELOGO6' sent to object: 'Object Repository/Sayfalar/Giris_Sayfasi/Firma_Kodu'

2021-11-12 17:22:54 - [TEST_STEP][PASSED] - sendKeys(findTestObject("Sayfalar/Giris_Sayfasi/Sifre"), Sifre): Keys '123456' sent to object: 'Object Repository/Sayfalar/Giris_Sayfasi/Sifre'

2021-11-12 17:22:54 - [MESSAGE][INFO] - Finding Test Object 'Object Repository/Sayfalar/Giris_Sayfasi/Sifre'

2021-11-12 17:22:54 - [MESSAGE][INFO] - Sending keys '123456' to object: 'Object Repository/Sayfalar/Giris_Sayfasi/Sifre'

2021-11-12 17:22:54 - [MESSAGE][INFO] - Finding web element from Test Object's properties

2021-11-12 17:22:54 - [MESSAGE][INFO] - Checking timeout

2021-11-12 17:22:54 - [MESSAGE][INFO] - Finding web element with id: 'Object Repository/Sayfalar/Giris_Sayfasi/Sifre' located by 'By.xpath: //*[@id = 'Password']' in '30' second(s)

2021-11-12 17:22:54 - [MESSAGE][INFO] - Smart Wait Function is triggered

2021-11-12 17:22:55 - [MESSAGE][INFO] - Found 1 web elements with id: 'Object Repository/Sayfalar/Giris_Sayfasi/Sifre' located by 'By.xpath: //*[@id = 'Password']' in '30' second(s)

2021-11-12 17:22:55 - [MESSAGE][PASSED] - Keys '123456' sent to object: 'Object Repository/Sayfalar/Giris_Sayfasi/Sifre'

2021-11-12 17:22:55 - [TEST_STEP][PASSED] - findWebElement(findTestObject("Sayfalar/Giris_Sayfasi/Giris_Butonu")).click(): Found 1 web elements with id: 'Object Repository/Sayfalar/Giris_Sayfasi/Giris_Butonu' located by 'By.cssSelector: #btnLogin' in '30' second(s)

2021-11-12 17:22:55 - [MESSAGE][INFO] - Finding Test Object 'Object Repository/Sayfalar/Giris_Sayfasi/Giris_Butonu'

2021-11-12 17:22:55 - [MESSAGE][INFO] - Finding web element from Test Object's properties

2021-11-12 17:22:55 - [MESSAGE][INFO] - Checking timeout

2021-11-12 17:22:55 - [MESSAGE][INFO] - Finding web element with id: 'Object Repository/Sayfalar/Giris_Sayfasi/Giris_Butonu' located by 'By.cssSelector: #btnLogin' in '30' second(s)

2021-11-12 17:22:55 - [MESSAGE][INFO] - Smart Wait Function is triggered

2021-11-12 17:22:55 - [MESSAGE][INFO] - Found 1 web elements with id: 'Object Repository/Sayfalar/Giris_Sayfasi/Giris_Butonu' located by 'By.cssSelector: #btnLogin' in '30' second(s)

2021-11-12 17:22:58 - [TEST_STEP][PASSED] - if (verifyElementPresent(findTestObject("Object Repository/Sayfalar/Giris_Sayfasi/RetveTamam_Butonu"), 5, OPTIONAL)): null

2021-11-12 17:22:58 - [MESSAGE][INFO] - Finding Test Object 'Object Repository/Sayfalar/Giris_Sayfasi/RetveTamam_Butonu'

2021-11-12 17:22:58 - [MESSAGE][INFO] - Checking object

2021-11-12 17:22:58 - [MESSAGE][INFO] - Finding web element from Test Object's properties

2021-11-12 17:22:58 - [MESSAGE][INFO] - Checking timeout

2021-11-12 17:22:58 - [MESSAGE][INFO] - Finding web element with id: 'Object Repository/Sayfalar/Giris_Sayfasi/RetveTamam_Butonu' located by 'By.xpath: //*[@class = 'btn btn-default']' in '5' second(s)

2021-11-12 17:22:58 - [MESSAGE][INFO] - Smart Wait Function is triggered

2021-11-12 17:22:58 - [MESSAGE][INFO] - Found 1 web elements with id: 'Object Repository/Sayfalar/Giris_Sayfasi/RetveTamam_Butonu' located by 'By.xpath: //*[@class = 'btn btn-default']' in '5' second(s)

2021-11-12 17:22:58 - [MESSAGE][PASSED] - Object 'Object Repository/Sayfalar/Giris_Sayfasi/RetveTamam_Butonu' is present

2021-11-12 17:22:58 - [TEST_STEP][PASSED] - click(findTestObject("Object Repository/Sayfalar/Giris_Sayfasi/RetveTamam_Butonu")): Object: 'Object Repository/Sayfalar/Giris_Sayfasi/RetveTamam_Butonu' is clicked on

2021-11-12 17:22:58 - [MESSAGE][INFO] - Finding Test Object 'Object Repository/Sayfalar/Giris_Sayfasi/RetveTamam_Butonu'

2021-11-12 17:22:58 - [MESSAGE][INFO] - Checking object

2021-11-12 17:22:58 - [MESSAGE][INFO] - Finding web element from Test Object's properties

2021-11-12 17:22:58 - [MESSAGE][INFO] - Checking timeout

2021-11-12 17:22:58 - [MESSAGE][INFO] - Finding web element with id: 'Object Repository/Sayfalar/Giris_Sayfasi/RetveTamam_Butonu' located by 'By.xpath: //*[@class = 'btn btn-default']' in '30' second(s)

2021-11-12 17:22:58 - [MESSAGE][INFO] - Smart Wait Function is triggered

2021-11-12 17:22:59 - [MESSAGE][INFO] - Found 1 web elements with id: 'Object Repository/Sayfalar/Giris_Sayfasi/RetveTamam_Butonu' located by 'By.xpath: //*[@class = 'btn btn-default']' in '30' second(s)

2021-11-12 17:22:59 - [MESSAGE][INFO] - Clicking on object: 'Object Repository/Sayfalar/Giris_Sayfasi/RetveTamam_Butonu'

2021-11-12 17:22:59 - [MESSAGE][PASSED] - Object: 'Object Repository/Sayfalar/Giris_Sayfasi/RetveTamam_Butonu' is clicked on

2021-11-12 17:22:59 - [TEST_STEP][PASSED] - click(findTestObject("Object Repository/Sayfalar/Giris_Sayfasi/RetveTamam_Butonu")): Object: 'Object Repository/Sayfalar/Giris_Sayfasi/RetveTamam_Butonu' is clicked on

2021-11-12 17:22:59 - [MESSAGE][INFO] - Finding Test Object 'Object Repository/Sayfalar/Giris_Sayfasi/RetveTamam_Butonu'

2021-11-12 17:22:59 - [MESSAGE][INFO] - Checking object

2021-11-12 17:22:59 - [MESSAGE][INFO] - Finding web element from Test Object's properties

2021-11-12 17:22:59 - [MESSAGE][INFO] - Checking timeout

2021-11-12 17:22:59 - [MESSAGE][INFO] - Finding web element with id: 'Object Repository/Sayfalar/Giris_Sayfasi/RetveTamam_Butonu' located by 'By.xpath: //*[@class = 'btn btn-default']' in '30' second(s)

2021-11-12 17:22:59 - [MESSAGE][INFO] - Smart Wait Function is triggered

2021-11-12 17:23:02 - [MESSAGE][INFO] - Found 1 web elements with id: 'Object Repository/Sayfalar/Giris_Sayfasi/RetveTamam_Butonu' located by 'By.xpath: //*[@class = 'btn btn-default']' in '30' second(s)

2021-11-12 17:23:02 - [MESSAGE][INFO] - Clicking on object: 'Object Repository/Sayfalar/Giris_Sayfasi/RetveTamam_Butonu'

2021-11-12 17:23:02 - [MESSAGE][PASSED] - Object: 'Object Repository/Sayfalar/Giris_Sayfasi/RetveTamam_Butonu' is clicked on

2021-11-12 17:23:02 - [TEST_STEP][PASSED] - if (verifyElementPresent(findTestObject("Sayfalar/Giris_Sayfasi/PopupOK"), 5, OPTIONAL)): null

2021-11-12 17:23:02 - [MESSAGE][INFO] - Finding Test Object 'Object Repository/Sayfalar/Giris_Sayfasi/PopupOK'

2021-11-12 17:23:02 - [MESSAGE][INFO] - Checking object

2021-11-12 17:23:02 - [MESSAGE][INFO] - Finding web element from Test Object's properties

2021-11-12 17:23:02 - [MESSAGE][INFO] - Checking timeout

2021-11-12 17:23:02 - [MESSAGE][INFO] - Finding web element with id: 'Object Repository/Sayfalar/Giris_Sayfasi/PopupOK' located by 'By.cssSelector: .btn.btn-success' in '5' second(s)

2021-11-12 17:23:02 - [MESSAGE][INFO] - Smart Wait Function is triggered

2021-11-12 17:23:03 - [MESSAGE][INFO] - Found 1 web elements with id: 'Object Repository/Sayfalar/Giris_Sayfasi/PopupOK' located by 'By.cssSelector: .btn.btn-success' in '5' second(s)

2021-11-12 17:23:03 - [MESSAGE][PASSED] - Object 'Object Repository/Sayfalar/Giris_Sayfasi/PopupOK' is present

2021-11-12 17:23:03 - [TEST_STEP][PASSED] - click(findTestObject("Object Repository/Sayfalar/Giris_Sayfasi/PopupCarpiGiris")): Object: 'Object Repository/Sayfalar/Giris_Sayfasi/PopupCarpiGiris' is clicked on

2021-11-12 17:23:03 - [MESSAGE][INFO] - Finding Test Object 'Object Repository/Sayfalar/Giris_Sayfasi/PopupCarpiGiris'

2021-11-12 17:23:03 - [MESSAGE][INFO] - Checking object

2021-11-12 17:23:03 - [MESSAGE][INFO] - Finding web element from Test Object's properties

2021-11-12 17:23:03 - [MESSAGE][INFO] - Checking timeout

2021-11-12 17:23:03 - [MESSAGE][INFO] - Finding web element with id: 'Object Repository/Sayfalar/Giris_Sayfasi/PopupCarpiGiris' located by 'By.cssSelector: .bootbox-close-button.close' in '30' second(s)

2021-11-12 17:23:03 - [MESSAGE][INFO] - Smart Wait Function is triggered

2021-11-12 17:23:03 - [MESSAGE][INFO] - Found 1 web elements with id: 'Object Repository/Sayfalar/Giris_Sayfasi/PopupCarpiGiris' located by 'By.cssSelector: .bootbox-close-button.close' in '30' second(s)

2021-11-12 17:23:03 - [MESSAGE][INFO] - Clicking on object: 'Object Repository/Sayfalar/Giris_Sayfasi/PopupCarpiGiris'

2021-11-12 17:23:03 - [MESSAGE][PASSED] - Object: 'Object Repository/Sayfalar/Giris_Sayfasi/PopupCarpiGiris' is clicked on

2021-11-12 17:23:03 - [TEST_STEP][PASSED] - verifyElementVisible(findTestObject("Object Repository/Kullanici_Islemleri/KullaniciIslemleri")): Object 'Object Repository/Kullanici_Islemleri/KullaniciIslemleri' is visible

2021-11-12 17:23:03 - [MESSAGE][INFO] - Finding Test Object 'Object Repository/Kullanici_Islemleri/KullaniciIslemleri'

2021-11-12 17:23:03 - [MESSAGE][INFO] - Checking object

2021-11-12 17:23:03 - [MESSAGE][INFO] - Finding web element from Test Object's properties

2021-11-12 17:23:03 - [MESSAGE][INFO] - Checking timeout

2021-11-12 17:23:03 - [MESSAGE][INFO] - Finding web element with id: 'Object Repository/Kullanici_Islemleri/KullaniciIslemleri' located by 'By.cssSelector: .dropdown>a>img' in '30' second(s)

2021-11-12 17:23:03 - [MESSAGE][INFO] - Smart Wait Function is triggered

2021-11-12 17:23:04 - [MESSAGE][INFO] - Found 1 web elements with id: 'Object Repository/Kullanici_Islemleri/KullaniciIslemleri' located by 'By.cssSelector: .dropdown>a>img' in '30' second(s)

2021-11-12 17:23:04 - [MESSAGE][PASSED] - Object 'Object Repository/Kullanici_Islemleri/KullaniciIslemleri' is visible

2021-11-12 17:23:04 - [MESSAGE][PASSED] - Call Test Case 'Test Cases/Sayfalar/Giris_Sayfasi/Login' successfully

2021-11-12 17:23:04 - [MESSAGE][INFO] - Checking called Test Case

2021-11-12 17:23:04 - [MESSAGE][INFO] - Starting to call Test Case 'Test Cases/Menu/AnaMenuSecimi'

2021-11-12 17:23:04 - [TEST_CASE][PASSED] - Test Cases/Menu/AnaMenuSecimi: Test Cases/Menu/AnaMenuSecimi

2021-11-12 17:23:04 - [TEST_STEP][PASSED] - Method.TextDegerineEsitElementeTikla(findTestObject("Menu/Ana_Menu"), Ana_Menu): Method.TextDegerineEsitElementeTikla is PASSED

2021-11-12 17:23:04 - [MESSAGE][INFO] - Finding Test Object 'Object Repository/Menu/Ana_Menu'

2021-11-12 17:23:04 - [MESSAGE][INFO] - Checking timeout

2021-11-12 17:23:04 - [MESSAGE][INFO] - Finding web element with id: 'Object Repository/Menu/Ana_Menu' located by 'By.xpath: //*[@class = 'dropdown-toggle']' in '10' second(s)

2021-11-12 17:23:04 - [MESSAGE][INFO] - Smart Wait Function is triggered

2021-11-12 17:23:04 - [MESSAGE][INFO] - Found 14 web elements with id: 'Object Repository/Menu/Ana_Menu' located by 'By.xpath: //*[@class = 'dropdown-toggle']' in '10' second(s)

2021-11-12 17:23:04 - [MESSAGE][PASSED] - Method.TextDegerineEsitElementeTikla is PASSED

2021-11-12 17:23:04 - [MESSAGE][PASSED] - Call Test Case 'Test Cases/Menu/AnaMenuSecimi' successfully

2021-11-12 17:23:04 - [MESSAGE][INFO] - Checking called Test Case

2021-11-12 17:23:04 - [MESSAGE][INFO] - Starting to call Test Case 'Test Cases/Menu/BasligaGoreAltMenuSecimi'

2021-11-12 17:23:04 - [TEST_CASE][PASSED] - Test Cases/Menu/BasligaGoreAltMenuSecimi: Test Cases/Menu/BasligaGoreAltMenuSecimi

2021-11-12 17:23:04 - [TEST_STEP][PASSED] - Method.TextDegerineEsitElementinAltindakiTextDegerineEsitOlanaTikla(findTestObject("Menu/Menu_Basligi"), findTestObject("Menu/Basliga_Gore_Alt_Menu"), Baslik, Alt_Menu): Method.TextDegerineEsitElementinAltindakiTextDegerineEsitOlanaTikla is PASSED

2021-11-12 17:23:04 - [MESSAGE][INFO] - Finding Test Object 'Object Repository/Menu/Menu_Basligi'

2021-11-12 17:23:05 - [MESSAGE][INFO] - Finding Test Object 'Object Repository/Menu/Basliga_Gore_Alt_Menu'

2021-11-12 17:23:05 - [MESSAGE][INFO] - Checking timeout

2021-11-12 17:23:05 - [MESSAGE][INFO] - Finding web element with id: 'Object Repository/Menu/Menu_Basligi' located by 'By.xpath: //li[@class='dropdown dropdown-large open']//li[@class='dropdown-header']' in '10' second(s)

2021-11-12 17:23:05 - [MESSAGE][INFO] - Smart Wait Function is triggered

2021-11-12 17:23:05 - [MESSAGE][INFO] - Found 2 web elements with id: 'Object Repository/Menu/Menu_Basligi' located by 'By.xpath: //li[@class='dropdown dropdown-large open']//li[@class='dropdown-header']' in '10' second(s)

2021-11-12 17:23:05 - [MESSAGE][INFO] - Smart Wait Function is triggered

2021-11-12 17:23:11 - [MESSAGE][PASSED] - Method.TextDegerineEsitElementinAltindakiTextDegerineEsitOlanaTikla is PASSED

2021-11-12 17:23:11 - [MESSAGE][PASSED] - Call Test Case 'Test Cases/Menu/BasligaGoreAltMenuSecimi' successfully

2021-11-12 17:23:11 - [MESSAGE][INFO] - Checking called Test Case

2021-11-12 17:23:11 - [MESSAGE][INFO] - Starting to call Test Case 'Test Cases/Filtreler/DropdownSec'

2021-11-12 17:23:11 - [TEST_CASE][PASSED] - Test Cases/Filtreler/DropdownSec: Test Cases/Filtreler/DropdownSec

2021-11-12 17:23:11 - [TEST_STEP][PASSED] - Method.TextDegerineEsitElementinAltindakineTikla(findTestObject("Filtreler/Basliklar"), findTestObject("Filtreler/Basliga_Gore_Baslangic_Image"), Filtre_Adi): Method.TextDegerineEsitElementinAltindakineTikla is PASSED

2021-11-12 17:23:11 - [MESSAGE][INFO] - Finding Test Object 'Object Repository/Filtreler/Basliklar'

2021-11-12 17:23:12 - [MESSAGE][INFO] - Finding Test Object 'Object Repository/Filtreler/Basliga_Gore_Baslangic_Image'

2021-11-12 17:23:12 - [MESSAGE][INFO] - Checking timeout

2021-11-12 17:23:12 - [MESSAGE][INFO] - Finding web element with id: 'Object Repository/Filtreler/Basliklar' located by 'By.cssSelector: .control-label.col-sm-4.paddingMarginRLC' in '10' second(s)

2021-11-12 17:23:12 - [MESSAGE][INFO] - Smart Wait Function is triggered

2021-11-12 17:23:12 - [MESSAGE][INFO] - Found 8 web elements with id: 'Object Repository/Filtreler/Basliklar' located by 'By.cssSelector: .control-label.col-sm-4.paddingMarginRLC' in '10' second(s)

2021-11-12 17:23:12 - [MESSAGE][INFO] - Smart Wait Function is triggered

2021-11-12 17:23:12 - [MESSAGE][PASSED] - Method.TextDegerineEsitElementinAltindakineTikla is PASSED

2021-11-12 17:23:12 - [TEST_STEP][PASSED] - Method.TextDegerineEsitElementeTikla(findTestObject("Object Repository/Filtreler/Basliga_Gore_Dropdown"), Filtre_Degeri): Method.TextDegerineEsitElementeTikla is PASSED

2021-11-12 17:23:12 - [MESSAGE][INFO] - Finding Test Object 'Object Repository/Filtreler/Basliga_Gore_Dropdown'

2021-11-12 17:23:12 - [MESSAGE][INFO] - Checking timeout

2021-11-12 17:23:12 - [MESSAGE][INFO] - Finding web element with id: 'Object Repository/Filtreler/Basliga_Gore_Dropdown' located by 'By.xpath: //*[@class = 'dxeListBoxItemRow_LECustomTheme']' in '10' second(s)

2021-11-12 17:23:12 - [MESSAGE][INFO] - Smart Wait Function is triggered

2021-11-12 17:23:13 - [MESSAGE][INFO] - Found 109 web elements with id: 'Object Repository/Filtreler/Basliga_Gore_Dropdown' located by 'By.xpath: //*[@class = 'dxeListBoxItemRow_LECustomTheme']' in '10' second(s)

2021-11-12 17:23:13 - [MESSAGE][PASSED] - Method.TextDegerineEsitElementeTikla is PASSED

2021-11-12 17:23:13 - [MESSAGE][PASSED] - Call Test Case 'Test Cases/Filtreler/DropdownSec' successfully

2021-11-12 17:23:13 - [MESSAGE][INFO] - Checking called Test Case

2021-11-12 17:23:13 - [MESSAGE][INFO] - Starting to call Test Case 'Test Cases/Filtreler/ButonaTikla'

2021-11-12 17:23:13 - [TEST_CASE][PASSED] - Test Cases/Filtreler/ButonaTikla: Test Cases/Filtreler/ButonaTikla

2021-11-12 17:23:13 - [TEST_STEP][PASSED] - Method.TextDegerineEsitElementeTikla(findTestObject("Filtreler/Butonlar"), Filtre_Buton): Method.TextDegerineEsitElementeTikla is PASSED

2021-11-12 17:23:13 - [MESSAGE][INFO] - Finding Test Object 'Object Repository/Filtreler/Butonlar'

2021-11-12 17:23:13 - [MESSAGE][INFO] - Checking timeout

2021-11-12 17:23:13 - [MESSAGE][INFO] - Finding web element with id: 'Object Repository/Filtreler/Butonlar' located by 'By.cssSelector: .dxb>span' in '10' second(s)

2021-11-12 17:23:13 - [MESSAGE][INFO] - Smart Wait Function is triggered

2021-11-12 17:23:14 - [MESSAGE][INFO] - Found 3 web elements with id: 'Object Repository/Filtreler/Butonlar' located by 'By.cssSelector: .dxb>span' in '10' second(s)

2021-11-12 17:23:14 - [MESSAGE][PASSED] - Method.TextDegerineEsitElementeTikla is PASSED

2021-11-12 17:23:14 - [MESSAGE][PASSED] - Call Test Case 'Test Cases/Filtreler/ButonaTikla' successfully

2021-11-12 17:23:14 - [MESSAGE][INFO] - Checking called Test Case

2021-11-12 17:23:14 - [MESSAGE][INFO] - Starting to call Test Case 'Test Cases/Tablo/TablodaVeriVarMi'

2021-11-12 17:23:14 - [TEST_CASE][PASSED] - Test Cases/Tablo/TablodaVeriVarMi: Test Cases/Tablo/TablodaVeriVarMi

2021-11-12 17:23:14 - [TEST_STEP][PASSED] - verifyTextNotPresent("Görüntülenecek veri yok", true): Text 'Görüntülenecek veri yok' is not present on page using regular expression

2021-11-12 17:23:14 - [MESSAGE][INFO] - Checking text present  using regular expression

2021-11-12 17:23:14 - [MESSAGE][INFO] - Smart Wait Function is triggered

2021-11-12 17:23:15 - [MESSAGE][INFO] - Finding text 'Görüntülenecek veri yok' on page  using regular expression

2021-11-12 17:23:15 - [MESSAGE][PASSED] - Text 'Görüntülenecek veri yok' is not present on page using regular expression

2021-11-12 17:23:15 - [MESSAGE][PASSED] - Call Test Case 'Test Cases/Tablo/TablodaVeriVarMi' successfully

2021-11-12 17:23:15 - [MESSAGE][INFO] - Checking called Test Case

2021-11-12 17:23:15 - [MESSAGE][INFO] - Starting to call Test Case 'Test Cases/Tablo/TablonunButonunaTikla'

2021-11-12 17:23:15 - [TEST_CASE][PASSED] - Test Cases/Tablo/TablonunButonunaTikla: Test Cases/Tablo/TablonunButonunaTikla

2021-11-12 17:23:15 - [TEST_STEP][PASSED] - Method.TextDegerineEsitElementinAltindakiTextDegerineEsitOlanaTikla(findTestObject("Tablo/Veriler"), findTestObject("Tablo/VerininButonu"), Veri, Buton_Adi): Method.TextDegerineEsitElementinAltindakiTextDegerineEsitOlanaTikla is PASSED

2021-11-12 17:23:15 - [MESSAGE][INFO] - Finding Test Object 'Object Repository/Tablo/Veriler'

2021-11-12 17:23:15 - [MESSAGE][INFO] - Finding Test Object 'Object Repository/Tablo/VerininButonu'

2021-11-12 17:23:15 - [MESSAGE][INFO] - Checking timeout

2021-11-12 17:23:15 - [MESSAGE][INFO] - Finding web element with id: 'Object Repository/Tablo/Veriler' located by 'By.cssSelector: td.dxgv b ,td.dxgv' in '10' second(s)

2021-11-12 17:23:15 - [MESSAGE][INFO] - Smart Wait Function is triggered

2021-11-12 17:23:15 - [MESSAGE][INFO] - Found 140 web elements with id: 'Object Repository/Tablo/Veriler' located by 'By.cssSelector: td.dxgv b ,td.dxgv' in '10' second(s)

2021-11-12 17:23:15 - [MESSAGE][INFO] - Smart Wait Function is triggered

2021-11-12 17:23:16 - [MESSAGE][PASSED] - Method.TextDegerineEsitElementinAltindakiTextDegerineEsitOlanaTikla is PASSED

2021-11-12 17:23:16 - [MESSAGE][PASSED] - Call Test Case 'Test Cases/Tablo/TablonunButonunaTikla' successfully

2021-11-12 17:23:16 - [MESSAGE][INFO] - Checking called Test Case

2021-11-12 17:23:16 - [MESSAGE][INFO] - Starting to call Test Case 'Test Cases/Sekmeler/YeniSekmeyeGec'

2021-11-12 17:23:16 - [TEST_CASE][PASSED] - Test Cases/Sekmeler/YeniSekmeyeGec: Test Cases/Sekmeler/YeniSekmeyeGec

2021-11-12 17:23:16 - [TEST_STEP][PASSED] - switchToWindowIndex(1): Switched to window with index: '1'

2021-11-12 17:23:16 - [MESSAGE][INFO] - Checking index

2021-11-12 17:23:16 - [MESSAGE][INFO] - Switching window with index: '1'

2021-11-12 17:23:16 - [MESSAGE][PASSED] - Switched to window with index: '1'

2021-11-12 17:23:16 - [MESSAGE][PASSED] - Call Test Case 'Test Cases/Sekmeler/YeniSekmeyeGec' successfully

2021-11-12 17:23:16 - [MESSAGE][INFO] - Checking called Test Case

2021-11-12 17:23:16 - [MESSAGE][INFO] - Starting to call Test Case 'Test Cases/Tablo/TablodaVeriVarMi'

2021-11-12 17:23:16 - [TEST_CASE][PASSED] - Test Cases/Tablo/TablodaVeriVarMi: Test Cases/Tablo/TablodaVeriVarMi

2021-11-12 17:23:16 - [TEST_STEP][PASSED] - verifyTextNotPresent("Görüntülenecek veri yok", true): Text 'Görüntülenecek veri yok' is not present on page using regular expression

2021-11-12 17:23:16 - [MESSAGE][INFO] - Checking text present  using regular expression

2021-11-12 17:23:16 - [MESSAGE][INFO] - Smart Wait Function is triggered

2021-11-12 17:23:17 - [MESSAGE][INFO] - Finding text 'Görüntülenecek veri yok' on page  using regular expression

2021-11-12 17:23:17 - [MESSAGE][PASSED] - Text 'Görüntülenecek veri yok' is not present on page using regular expression

2021-11-12 17:23:17 - [MESSAGE][PASSED] - Call Test Case 'Test Cases/Tablo/TablodaVeriVarMi' successfully

2021-11-12 17:23:17 - [MESSAGE][INFO] - Checking called Test Case

2021-11-12 17:23:17 - [MESSAGE][INFO] - Starting to call Test Case 'Test Cases/Tablo/TablodakiVeriDetayi'

2021-11-12 17:23:18 - [TEST_CASE][PASSED] - Test Cases/Tablo/TablodakiVeriDetayi: Test Cases/Tablo/TablodakiVeriDetayi

2021-11-12 17:23:18 - [TEST_STEP][PASSED] - Method.TextDegerineEsitElementinAltindakineTikla(findTestObject("Tablo/Veriler"), findTestObject("Object Repository/Tablo/VerininArtiButonu"), Veri_Adi): Method.TextDegerineEsitElementinAltindakineTikla is PASSED

2021-11-12 17:23:18 - [MESSAGE][INFO] - Finding Test Object 'Object Repository/Tablo/Veriler'

2021-11-12 17:23:18 - [MESSAGE][INFO] - Finding Test Object 'Object Repository/Tablo/VerininArtiButonu'

2021-11-12 17:23:18 - [MESSAGE][INFO] - Checking timeout

2021-11-12 17:23:18 - [MESSAGE][INFO] - Finding web element with id: 'Object Repository/Tablo/Veriler' located by 'By.cssSelector: td.dxgv b ,td.dxgv' in '10' second(s)

2021-11-12 17:23:18 - [MESSAGE][INFO] - Smart Wait Function is triggered

2021-11-12 17:23:18 - [MESSAGE][INFO] - Found 22 web elements with id: 'Object Repository/Tablo/Veriler' located by 'By.cssSelector: td.dxgv b ,td.dxgv' in '10' second(s)

2021-11-12 17:23:18 - [MESSAGE][INFO] - Smart Wait Function is triggered

2021-11-12 17:23:18 - [MESSAGE][PASSED] - Method.TextDegerineEsitElementinAltindakineTikla is PASSED

2021-11-12 17:23:18 - [MESSAGE][PASSED] - Call Test Case 'Test Cases/Tablo/TablodakiVeriDetayi' successfully

2021-11-12 17:23:18 - [MESSAGE][INFO] - Checking called Test Case

2021-11-12 17:23:18 - [MESSAGE][INFO] - Starting to call Test Case 'Test Cases/Tablo/VerininBilgisiDogruMu'

2021-11-12 17:23:18 - [TEST_CASE][PASSED] - Test Cases/Tablo/VerininBilgisiDogruMu: Test Cases/Tablo/VerininBilgisiDogruMu

2021-11-12 17:23:19 - [TEST_STEP][PASSED] - Method.TextDegerineEsitElementVarMi(findTestObject("Tablo/VeriDetayBilgileri"), VeriDetayBilgisi): Method.TextDegerineEsitElementVarMi is PASSED

2021-11-12 17:23:19 - [MESSAGE][INFO] - Finding Test Object 'Object Repository/Tablo/VeriDetayBilgileri'

2021-11-12 17:23:19 - [MESSAGE][INFO] - Checking timeout

2021-11-12 17:23:19 - [MESSAGE][INFO] - Finding web element with id: 'Object Repository/Tablo/VeriDetayBilgileri' located by 'By.xpath: //*[@class = 'col-md-4']' in '10' second(s)

2021-11-12 17:23:19 - [MESSAGE][INFO] - Smart Wait Function is triggered

2021-11-12 17:23:20 - [MESSAGE][INFO] - Found 9 web elements with id: 'Object Repository/Tablo/VeriDetayBilgileri' located by 'By.xpath: //*[@class = 'col-md-4']' in '10' second(s)

2021-11-12 17:23:20 - [MESSAGE][PASSED] - Method.TextDegerineEsitElementVarMi is PASSED

2021-11-12 17:23:20 - [MESSAGE][PASSED] - Call Test Case 'Test Cases/Tablo/VerininBilgisiDogruMu' successfully

2021-11-12 17:23:20 - [MESSAGE][INFO] - Checking called Test Case

2021-11-12 17:23:20 - [MESSAGE][INFO] - Starting to call Test Case 'Test Cases/Sekmeler/Ana_Sekmeye_Gec'

2021-11-12 17:23:20 - [TEST_CASE][PASSED] - Test Cases/Sekmeler/Ana_Sekmeye_Gec: Test Cases/Sekmeler/Ana_Sekmeye_Gec

2021-11-12 17:23:20 - [TEST_STEP][PASSED] - try: Window with index 1 is closed

2021-11-12 17:23:20 - [TEST_STEP][PASSED] - index = getWindowIndex(): Current window's index is: 1

2021-11-12 17:23:20 - [MESSAGE][INFO] - Getting current window's index

2021-11-12 17:23:20 - [MESSAGE][PASSED] - Current window's index is: 1

2021-11-12 17:23:20 - [TEST_STEP][PASSED] - closeWindowIndex(index): Window with index 1 is closed

2021-11-12 17:23:20 - [MESSAGE][INFO] - Checking index

2021-11-12 17:23:20 - [MESSAGE][INFO] - Closing window with index 1

2021-11-12 17:23:20 - [MESSAGE][PASSED] - Window with index 1 is closed

2021-11-12 17:23:20 - [TEST_STEP][PASSED] - switchToWindowIndex(0): Switched to window with index: '0'

2021-11-12 17:23:20 - [MESSAGE][INFO] - Checking index

2021-11-12 17:23:20 - [MESSAGE][INFO] - Switching window with index: '0'

2021-11-12 17:23:20 - [MESSAGE][PASSED] - Switched to window with index: '0'

2021-11-12 17:23:20 - [MESSAGE][PASSED] - Call Test Case 'Test Cases/Sekmeler/Ana_Sekmeye_Gec' successfully

2021-11-12 17:23:20 - [MESSAGE][INFO] - Checking called Test Case

2021-11-12 17:23:20 - [MESSAGE][INFO] - Starting to call Test Case 'Test Cases/Kullanici_Islemleri/KullaniciIslemlerindenSecimYapilir'

2021-11-12 17:23:20 - [TEST_CASE][PASSED] - Test Cases/Kullanici_Islemleri/KullaniciIslemlerindenSecimYapilir: Test Cases/Kullanici_Islemleri/KullaniciIslemlerindenSecimYapilir

2021-11-12 17:23:20 - [TEST_STEP][PASSED] - waitForElementClickable(findTestObject("Object Repository/Kullanici_Islemleri/KullaniciIslemleri"), 10): Object 'Object Repository/Kullanici_Islemleri/KullaniciIslemleri' is clickable

2021-11-12 17:23:20 - [MESSAGE][INFO] - Finding Test Object 'Object Repository/Kullanici_Islemleri/KullaniciIslemleri'

2021-11-12 17:23:20 - [MESSAGE][INFO] - Checking object

2021-11-12 17:23:20 - [MESSAGE][INFO] - Checking timeout

2021-11-12 17:23:20 - [MESSAGE][INFO] - Finding web element from Test Object's properties

2021-11-12 17:23:20 - [MESSAGE][INFO] - Checking timeout

2021-11-12 17:23:20 - [MESSAGE][INFO] - Finding web element with id: 'Object Repository/Kullanici_Islemleri/KullaniciIslemleri' located by 'By.cssSelector: .dropdown>a>img' in '10' second(s)

2021-11-12 17:23:20 - [MESSAGE][INFO] - Smart Wait Function is triggered

2021-11-12 17:23:21 - [MESSAGE][INFO] - Found 1 web elements with id: 'Object Repository/Kullanici_Islemleri/KullaniciIslemleri' located by 'By.cssSelector: .dropdown>a>img' in '10' second(s)

2021-11-12 17:23:21 - [MESSAGE][PASSED] - Object 'Object Repository/Kullanici_Islemleri/KullaniciIslemleri' is clickable

2021-11-12 17:23:21 - [TEST_STEP][PASSED] - click(findTestObject("Object Repository/Kullanici_Islemleri/KullaniciIslemleri")): Object: 'Object Repository/Kullanici_Islemleri/KullaniciIslemleri' is clicked on

2021-11-12 17:23:21 - [MESSAGE][INFO] - Finding Test Object 'Object Repository/Kullanici_Islemleri/KullaniciIslemleri'

2021-11-12 17:23:21 - [MESSAGE][INFO] - Checking object

2021-11-12 17:23:21 - [MESSAGE][INFO] - Finding web element from Test Object's properties

2021-11-12 17:23:21 - [MESSAGE][INFO] - Checking timeout

2021-11-12 17:23:21 - [MESSAGE][INFO] - Finding web element with id: 'Object Repository/Kullanici_Islemleri/KullaniciIslemleri' located by 'By.cssSelector: .dropdown>a>img' in '30' second(s)

2021-11-12 17:23:21 - [MESSAGE][INFO] - Smart Wait Function is triggered

2021-11-12 17:23:21 - [MESSAGE][INFO] - Found 1 web elements with id: 'Object Repository/Kullanici_Islemleri/KullaniciIslemleri' located by 'By.cssSelector: .dropdown>a>img' in '30' second(s)

2021-11-12 17:23:21 - [MESSAGE][INFO] - Clicking on object: 'Object Repository/Kullanici_Islemleri/KullaniciIslemleri'

2021-11-12 17:23:21 - [MESSAGE][PASSED] - Object: 'Object Repository/Kullanici_Islemleri/KullaniciIslemleri' is clicked on

2021-11-12 17:23:21 - [TEST_STEP][PASSED] - Method.TextDegerineEsitElementeTikla(findTestObject("Object Repository/Kullanici_Islemleri/Secenekler"), Islem): Method.TextDegerineEsitElementeTikla is PASSED

2021-11-12 17:23:21 - [MESSAGE][INFO] - Finding Test Object 'Object Repository/Kullanici_Islemleri/Secenekler'

2021-11-12 17:23:21 - [MESSAGE][INFO] - Checking timeout

2021-11-12 17:23:21 - [MESSAGE][INFO] - Finding web element with id: 'Object Repository/Kullanici_Islemleri/Secenekler' located by 'By.cssSelector: .nav.navbar-nav.navbar-right li a' in '10' second(s)

2021-11-12 17:23:21 - [MESSAGE][INFO] - Smart Wait Function is triggered

2021-11-12 17:23:22 - [MESSAGE][INFO] - Found 22 web elements with id: 'Object Repository/Kullanici_Islemleri/Secenekler' located by 'By.cssSelector: .nav.navbar-nav.navbar-right li a' in '10' second(s)

2021-11-12 17:23:23 - [MESSAGE][PASSED] - Method.TextDegerineEsitElementeTikla is PASSED

2021-11-12 17:23:23 - [TEST_STEP][PASSED] - verifyElementNotPresent(findTestObject("Object Repository/Kullanici_Islemleri/Secenekler"), 10): Web element with id: 'Object Repository/Kullanici_Islemleri/Secenekler' located by 'By.cssSelector: .nav.navbar-nav.navbar-right li a' is not present after '10' second(s)

2021-11-12 17:23:23 - [MESSAGE][INFO] - Finding Test Object 'Object Repository/Kullanici_Islemleri/Secenekler'

2021-11-12 17:23:23 - [MESSAGE][INFO] - Checking object

2021-11-12 17:23:23 - [MESSAGE][INFO] - Checking timeout

2021-11-12 17:23:23 - [MESSAGE][INFO] - Finding web element with id: 'Object Repository/Kullanici_Islemleri/Secenekler' located by 'By.cssSelector: .nav.navbar-nav.navbar-right li a' in '10' second(s)

2021-11-12 17:23:23 - [MESSAGE][INFO] - Smart Wait Function is triggered

2021-11-12 17:23:24 - [MESSAGE][PASSED] - Web element with id: 'Object Repository/Kullanici_Islemleri/Secenekler' located by 'By.cssSelector: .nav.navbar-nav.navbar-right li a' is not present after '10' second(s)

2021-11-12 17:23:24 - [MESSAGE][PASSED] - Call Test Case 'Test Cases/Kullanici_Islemleri/KullaniciIslemlerindenSecimYapilir' successfully

2021-11-12 17:23:24 - [TEST_CASE][PASSED] - Start Test Case : SCENARIO e-Arsiv Raporlari Tablodaki Verinin Gorseli: SCENARIO e-Arsiv Raporlari Tablodaki Verinin Gorseli

2021-11-12 17:23:24 - [TEST_STEP][PASSED] - Kullanıcı adı ELOGO6 ve Şifre 123456 olarak giriş yapılır: Kullanıcı adı ELOGO6 ve Şifre 123456 olarak giriş yapılır

2021-11-12 17:23:24 - [MESSAGE][PASSED] - Kullanıcı adı ELOGO6 ve Şifre 123456 olarak giriş yapılır

2021-11-12 17:23:24 - [TEST_STEP][PASSED] - Ana menüden e-Arşiv seçilir: Ana menüden e-Arşiv seçilir

2021-11-12 17:23:24 - [MESSAGE][PASSED] - Ana menüden e-Arşiv seçilir

2021-11-12 17:23:24 - [TEST_STEP][PASSED] - Alt menü e-Arşiv Hareketleri başlığı altındaki e-Arşiv Raporları seçilir: Alt menü e-Arşiv Hareketleri başlığı altındaki e-Arşiv Raporları seçilir

2021-11-12 17:23:24 - [MESSAGE][PASSED] - Alt menü e-Arşiv Hareketleri başlığı altındaki e-Arşiv Raporları seçilir

2021-11-12 17:23:24 - [TEST_STEP][PASSED] - Filtrelerden Dönem Tarihi filtresine 2020 Aralık dropdowndan degeri seçilir: Filtrelerden Dönem Tarihi filtresine 2020 Aralık dropdowndan degeri seçilir

2021-11-12 17:23:24 - [MESSAGE][PASSED] - Filtrelerden Dönem Tarihi filtresine 2020 Aralık dropdowndan degeri seçilir

2021-11-12 17:23:24 - [TEST_STEP][PASSED] - Filtre butonlarından Listele seçilir: Filtre butonlarından Listele seçilir

2021-11-12 17:23:24 - [MESSAGE][PASSED] - Filtre butonlarından Listele seçilir

2021-11-12 17:23:24 - [TEST_STEP][PASSED] - Tabloda veri var mı kontrol edilir: Tabloda veri var mı kontrol edilir

2021-11-12 17:23:24 - [MESSAGE][PASSED] - Tabloda veri var mı kontrol edilir

2021-11-12 17:23:24 - [TEST_STEP][PASSED] - Tablodaki 2691121 isimli verinin Faturalar adlı butonuna tıklanır: Tablodaki 2691121 isimli verinin Faturalar adlı butonuna tıklanır

2021-11-12 17:23:24 - [MESSAGE][PASSED] - Tablodaki 2691121 isimli verinin Faturalar adlı butonuna tıklanır

2021-11-12 17:23:24 - [TEST_STEP][PASSED] - Yeni açılan sekmeye geçilir: Yeni açılan sekmeye geçilir

2021-11-12 17:23:24 - [MESSAGE][PASSED] - Yeni açılan sekmeye geçilir

2021-11-12 17:23:24 - [TEST_STEP][PASSED] - Tabloda veri var mı kontrol edilir: Tabloda veri var mı kontrol edilir

2021-11-12 17:23:24 - [MESSAGE][PASSED] - Tabloda veri var mı kontrol edilir

2021-11-12 17:23:24 - [TEST_STEP][PASSED] - Tablodan xcx cx isimli verinin detayı tıklanır: Tablodan xcx cx isimli verinin detayı tıklanır

2021-11-12 17:23:24 - [MESSAGE][PASSED] - Tablodan xcx cx isimli verinin detayı tıklanır

2021-11-12 17:23:24 - [TEST_STEP][PASSED] - Seçilen verinin Rapor Numarası bilgisi 2691121 ile eşleşiyor mu: Seçilen verinin Rapor Numarası bilgisi 2691121 ile eşleşiyor mu

2021-11-12 17:23:24 - [MESSAGE][PASSED] - Seçilen verinin Rapor Numarası bilgisi 2691121 ile eşleşiyor mu

2021-11-12 17:23:24 - [TEST_STEP][PASSED] - Ana sekmeye geçilir: Ana sekmeye geçilir

2021-11-12 17:23:24 - [MESSAGE][PASSED] - Ana sekmeye geçilir

2021-11-12 17:23:24 - [TEST_STEP][PASSED] - Kullanıcı işlemlerinden Çıkış seçilir: Kullanıcı işlemlerinden Çıkış seçilir

2021-11-12 17:23:24 - [MESSAGE][PASSED] - Kullanıcı işlemlerinden Çıkış seçilir

2021-11-12 17:23:24 - [MESSAGE][PASSED] - Feature file: 'Include/features/e-Arsiv/e-Arsiv Hareketleri/e-Arsiv Raporlari/Tablodaki Verinin Gorseli.feature' was passed

2021-11-12 17:23:24 - [TEST_STEP][PASSED] - Start listener action : sampleAfterTestSuite: Invoke 'com.kms.katalon.core.annotation.AfterTestCase' method: 'Listener.sampleAfterTestSuite(...)' completed.

2021-11-12 17:23:24 - [MESSAGE][INFO] - Starting invoke 'com.kms.katalon.core.annotation.AfterTestCase' method: 'Listener.sampleAfterTestSuite(...)'

2021-11-12 17:23:24 - [TEST_STEP][PASSED] - closeBrowser(): Invoke 'com.kms.katalon.core.annotation.AfterTestCase' method: 'Listener.sampleAfterTestSuite(...)' completed.

2021-11-12 17:23:24 - [MESSAGE][INFO] - Closing browser

2021-11-12 17:23:24 - [MESSAGE][PASSED] - Browser is closed

2021-11-12 17:23:24 - [MESSAGE][INFO] - Invoke 'com.kms.katalon.core.annotation.AfterTestCase' method: 'Listener.sampleAfterTestSuite(...)' completed.]]></system-out>
         <system-err><![CDATA[]]></system-err>
      </testcase>
      <testcase name="Test Cases/Case Repository/e-Arsiv/e-Arsiv Hareketleri/e-Arsiv Raporlari/XML" time="33.906" classname="Test Cases/Case Repository/e-Arsiv/e-Arsiv Hareketleri/e-Arsiv Raporlari/XML" status="PASSED">
         <system-out><![CDATA[2021-11-12 17:23:24 - [TEST_CASE][PASSED] - Test Cases/Case Repository/e-Arsiv/e-Arsiv Hareketleri/e-Arsiv Raporlari/XML: Test Cases/Case Repository/e-Arsiv/e-Arsiv Hareketleri/e-Arsiv Raporlari/XML

2021-11-12 17:23:24 - [TEST_STEP][PASSED] - Start listener action : sampleBeforeTestSuite: Invoke 'com.kms.katalon.core.annotation.BeforeTestCase' method: 'Listener.sampleBeforeTestSuite(...)' completed.

2021-11-12 17:23:24 - [MESSAGE][INFO] - Starting invoke 'com.kms.katalon.core.annotation.BeforeTestCase' method: 'Listener.sampleBeforeTestSuite(...)'

2021-11-12 17:23:24 - [TEST_STEP][PASSED] - openBrowser(baseUrl): Browser is opened with url: 'https://efatura-stage.elogo.com.tr/'

2021-11-12 17:23:24 - [MESSAGE][INFO] - Opening browser

2021-11-12 17:23:24 - [MESSAGE][INFO] - Starting 'Chrome' driver

2021-11-12 17:23:24 - [MESSAGE][INFO] - User set preference: ['prefs', '{download.default_directory=C:\otomasyondownfiles}']

2021-11-12 17:23:24 - [MESSAGE][INFO] - Action delay is set to 0 milliseconds

2021-11-12 17:23:26 - [MESSAGE][INFO] - Navigating browser to: 'https://efatura-stage.elogo.com.tr/'

2021-11-12 17:23:29 - [MESSAGE][PASSED] - Browser is opened with url: 'https://efatura-stage.elogo.com.tr/'

2021-11-12 17:23:29 - [TEST_STEP][PASSED] - maximizeWindow(): Invoke 'com.kms.katalon.core.annotation.BeforeTestCase' method: 'Listener.sampleBeforeTestSuite(...)' completed.

2021-11-12 17:23:29 - [MESSAGE][INFO] - Maximizing current window

2021-11-12 17:23:29 - [MESSAGE][PASSED] - Current window maximized

2021-11-12 17:23:29 - [MESSAGE][INFO] - Invoke 'com.kms.katalon.core.annotation.BeforeTestCase' method: 'Listener.sampleBeforeTestSuite(...)' completed.

2021-11-12 17:23:30 - [TEST_STEP][PASSED] - runFeatureFile("Include/features/e-Arsiv/e-Arsiv Hareketleri/e-Arsiv Raporlari/XML.feature"): Feature file: 'Include/features/e-Arsiv/e-Arsiv Hareketleri/e-Arsiv Raporlari/XML.feature' was passed

2021-11-12 17:23:30 - [MESSAGE][INFO] - Starting run keyword runFeatureFile: 'Include/features/e-Arsiv/e-Arsiv Hareketleri/e-Arsiv Raporlari/XML.feature' and extract report to folder: 'C:\Users\DELL\Documents\GitHub\EES_KatalonLogo\Reports\20211112_170311\Suite Repository\e-Arsiv\20211112_170317/cucumber_report/1636727010248'...

2021-11-12 17:23:30 - [MESSAGE][INFO] - Glue: []

2021-11-12 17:23:31 - [MESSAGE][INFO] - Checking called Test Case

2021-11-12 17:23:31 - [MESSAGE][INFO] - Starting to call Test Case 'Test Cases/Sayfalar/Giris_Sayfasi/Login'

2021-11-12 17:23:31 - [TEST_CASE][PASSED] - Test Cases/Sayfalar/Giris_Sayfasi/Login: Test Cases/Sayfalar/Giris_Sayfasi/Login

2021-11-12 17:23:31 - [TEST_STEP][PASSED] - Sayfa_Basligi = getWindowTitle(): Current window's title is: 'LOGO e-Fatura'

2021-11-12 17:23:31 - [MESSAGE][INFO] - Getting current window's title

2021-11-12 17:23:31 - [MESSAGE][PASSED] - Current window's title is: 'LOGO e-Fatura'

2021-11-12 17:23:31 - [TEST_STEP][PASSED] - verifyMatch(Sayfa_Basligi, "LOGO e-Fatura", false): Actual text 'LOGO e-Fatura' and expected text 'LOGO e-Fatura' are matched 

2021-11-12 17:23:31 - [MESSAGE][INFO] - Matching actual text 'LOGO e-Fatura' with expected text 'LOGO e-Fatura'

2021-11-12 17:23:31 - [MESSAGE][PASSED] - Actual text 'LOGO e-Fatura' and expected text 'LOGO e-Fatura' are matched 

2021-11-12 17:23:31 - [TEST_STEP][PASSED] - sendKeys(findTestObject("Sayfalar/Giris_Sayfasi/Firma_Kodu"), KullaniciAdi): Keys 'ELOGO6' sent to object: 'Object Repository/Sayfalar/Giris_Sayfasi/Firma_Kodu'

2021-11-12 17:23:31 - [MESSAGE][INFO] - Finding Test Object 'Object Repository/Sayfalar/Giris_Sayfasi/Firma_Kodu'

2021-11-12 17:23:31 - [MESSAGE][INFO] - Sending keys 'ELOGO6' to object: 'Object Repository/Sayfalar/Giris_Sayfasi/Firma_Kodu'

2021-11-12 17:23:31 - [MESSAGE][INFO] - Finding web element from Test Object's properties

2021-11-12 17:23:31 - [MESSAGE][INFO] - Checking timeout

2021-11-12 17:23:31 - [MESSAGE][INFO] - Finding web element with id: 'Object Repository/Sayfalar/Giris_Sayfasi/Firma_Kodu' located by 'By.xpath: //*[@id = 'AccountName']' in '30' second(s)

2021-11-12 17:23:31 - [MESSAGE][INFO] - Smart Wait Function is triggered

2021-11-12 17:23:32 - [MESSAGE][INFO] - Found 1 web elements with id: 'Object Repository/Sayfalar/Giris_Sayfasi/Firma_Kodu' located by 'By.xpath: //*[@id = 'AccountName']' in '30' second(s)

2021-11-12 17:23:32 - [MESSAGE][PASSED] - Keys 'ELOGO6' sent to object: 'Object Repository/Sayfalar/Giris_Sayfasi/Firma_Kodu'

2021-11-12 17:23:32 - [TEST_STEP][PASSED] - sendKeys(findTestObject("Sayfalar/Giris_Sayfasi/Sifre"), Sifre): Keys '123456' sent to object: 'Object Repository/Sayfalar/Giris_Sayfasi/Sifre'

2021-11-12 17:23:32 - [MESSAGE][INFO] - Finding Test Object 'Object Repository/Sayfalar/Giris_Sayfasi/Sifre'

2021-11-12 17:23:32 - [MESSAGE][INFO] - Sending keys '123456' to object: 'Object Repository/Sayfalar/Giris_Sayfasi/Sifre'

2021-11-12 17:23:32 - [MESSAGE][INFO] - Finding web element from Test Object's properties

2021-11-12 17:23:32 - [MESSAGE][INFO] - Checking timeout

2021-11-12 17:23:32 - [MESSAGE][INFO] - Finding web element with id: 'Object Repository/Sayfalar/Giris_Sayfasi/Sifre' located by 'By.xpath: //*[@id = 'Password']' in '30' second(s)

2021-11-12 17:23:32 - [MESSAGE][INFO] - Smart Wait Function is triggered

2021-11-12 17:23:32 - [MESSAGE][INFO] - Found 1 web elements with id: 'Object Repository/Sayfalar/Giris_Sayfasi/Sifre' located by 'By.xpath: //*[@id = 'Password']' in '30' second(s)

2021-11-12 17:23:32 - [MESSAGE][PASSED] - Keys '123456' sent to object: 'Object Repository/Sayfalar/Giris_Sayfasi/Sifre'

2021-11-12 17:23:32 - [TEST_STEP][PASSED] - findWebElement(findTestObject("Sayfalar/Giris_Sayfasi/Giris_Butonu")).click(): Found 1 web elements with id: 'Object Repository/Sayfalar/Giris_Sayfasi/Giris_Butonu' located by 'By.cssSelector: #btnLogin' in '30' second(s)

2021-11-12 17:23:32 - [MESSAGE][INFO] - Finding Test Object 'Object Repository/Sayfalar/Giris_Sayfasi/Giris_Butonu'

2021-11-12 17:23:32 - [MESSAGE][INFO] - Finding web element from Test Object's properties

2021-11-12 17:23:32 - [MESSAGE][INFO] - Checking timeout

2021-11-12 17:23:32 - [MESSAGE][INFO] - Finding web element with id: 'Object Repository/Sayfalar/Giris_Sayfasi/Giris_Butonu' located by 'By.cssSelector: #btnLogin' in '30' second(s)

2021-11-12 17:23:32 - [MESSAGE][INFO] - Smart Wait Function is triggered

2021-11-12 17:23:33 - [MESSAGE][INFO] - Found 1 web elements with id: 'Object Repository/Sayfalar/Giris_Sayfasi/Giris_Butonu' located by 'By.cssSelector: #btnLogin' in '30' second(s)

2021-11-12 17:23:35 - [TEST_STEP][PASSED] - if (verifyElementPresent(findTestObject("Object Repository/Sayfalar/Giris_Sayfasi/RetveTamam_Butonu"), 5, OPTIONAL)): null

2021-11-12 17:23:35 - [MESSAGE][INFO] - Finding Test Object 'Object Repository/Sayfalar/Giris_Sayfasi/RetveTamam_Butonu'

2021-11-12 17:23:35 - [MESSAGE][INFO] - Checking object

2021-11-12 17:23:35 - [MESSAGE][INFO] - Finding web element from Test Object's properties

2021-11-12 17:23:35 - [MESSAGE][INFO] - Checking timeout

2021-11-12 17:23:35 - [MESSAGE][INFO] - Finding web element with id: 'Object Repository/Sayfalar/Giris_Sayfasi/RetveTamam_Butonu' located by 'By.xpath: //*[@class = 'btn btn-default']' in '5' second(s)

2021-11-12 17:23:35 - [MESSAGE][INFO] - Smart Wait Function is triggered

2021-11-12 17:23:35 - [MESSAGE][INFO] - Found 1 web elements with id: 'Object Repository/Sayfalar/Giris_Sayfasi/RetveTamam_Butonu' located by 'By.xpath: //*[@class = 'btn btn-default']' in '5' second(s)

2021-11-12 17:23:35 - [MESSAGE][PASSED] - Object 'Object Repository/Sayfalar/Giris_Sayfasi/RetveTamam_Butonu' is present

2021-11-12 17:23:35 - [TEST_STEP][PASSED] - click(findTestObject("Object Repository/Sayfalar/Giris_Sayfasi/RetveTamam_Butonu")): Object: 'Object Repository/Sayfalar/Giris_Sayfasi/RetveTamam_Butonu' is clicked on

2021-11-12 17:23:35 - [MESSAGE][INFO] - Finding Test Object 'Object Repository/Sayfalar/Giris_Sayfasi/RetveTamam_Butonu'

2021-11-12 17:23:35 - [MESSAGE][INFO] - Checking object

2021-11-12 17:23:35 - [MESSAGE][INFO] - Finding web element from Test Object's properties

2021-11-12 17:23:35 - [MESSAGE][INFO] - Checking timeout

2021-11-12 17:23:35 - [MESSAGE][INFO] - Finding web element with id: 'Object Repository/Sayfalar/Giris_Sayfasi/RetveTamam_Butonu' located by 'By.xpath: //*[@class = 'btn btn-default']' in '30' second(s)

2021-11-12 17:23:35 - [MESSAGE][INFO] - Smart Wait Function is triggered

2021-11-12 17:23:36 - [MESSAGE][INFO] - Found 1 web elements with id: 'Object Repository/Sayfalar/Giris_Sayfasi/RetveTamam_Butonu' located by 'By.xpath: //*[@class = 'btn btn-default']' in '30' second(s)

2021-11-12 17:23:36 - [MESSAGE][INFO] - Clicking on object: 'Object Repository/Sayfalar/Giris_Sayfasi/RetveTamam_Butonu'

2021-11-12 17:23:36 - [MESSAGE][PASSED] - Object: 'Object Repository/Sayfalar/Giris_Sayfasi/RetveTamam_Butonu' is clicked on

2021-11-12 17:23:36 - [TEST_STEP][PASSED] - click(findTestObject("Object Repository/Sayfalar/Giris_Sayfasi/RetveTamam_Butonu")): Object: 'Object Repository/Sayfalar/Giris_Sayfasi/RetveTamam_Butonu' is clicked on

2021-11-12 17:23:36 - [MESSAGE][INFO] - Finding Test Object 'Object Repository/Sayfalar/Giris_Sayfasi/RetveTamam_Butonu'

2021-11-12 17:23:36 - [MESSAGE][INFO] - Checking object

2021-11-12 17:23:36 - [MESSAGE][INFO] - Finding web element from Test Object's properties

2021-11-12 17:23:36 - [MESSAGE][INFO] - Checking timeout

2021-11-12 17:23:36 - [MESSAGE][INFO] - Finding web element with id: 'Object Repository/Sayfalar/Giris_Sayfasi/RetveTamam_Butonu' located by 'By.xpath: //*[@class = 'btn btn-default']' in '30' second(s)

2021-11-12 17:23:36 - [MESSAGE][INFO] - Smart Wait Function is triggered

2021-11-12 17:23:41 - [MESSAGE][INFO] - Found 1 web elements with id: 'Object Repository/Sayfalar/Giris_Sayfasi/RetveTamam_Butonu' located by 'By.xpath: //*[@class = 'btn btn-default']' in '30' second(s)

2021-11-12 17:23:41 - [MESSAGE][INFO] - Clicking on object: 'Object Repository/Sayfalar/Giris_Sayfasi/RetveTamam_Butonu'

2021-11-12 17:23:41 - [MESSAGE][PASSED] - Object: 'Object Repository/Sayfalar/Giris_Sayfasi/RetveTamam_Butonu' is clicked on

2021-11-12 17:23:41 - [TEST_STEP][PASSED] - if (verifyElementPresent(findTestObject("Sayfalar/Giris_Sayfasi/PopupOK"), 5, OPTIONAL)): null

2021-11-12 17:23:41 - [MESSAGE][INFO] - Finding Test Object 'Object Repository/Sayfalar/Giris_Sayfasi/PopupOK'

2021-11-12 17:23:41 - [MESSAGE][INFO] - Checking object

2021-11-12 17:23:41 - [MESSAGE][INFO] - Finding web element from Test Object's properties

2021-11-12 17:23:41 - [MESSAGE][INFO] - Checking timeout

2021-11-12 17:23:41 - [MESSAGE][INFO] - Finding web element with id: 'Object Repository/Sayfalar/Giris_Sayfasi/PopupOK' located by 'By.cssSelector: .btn.btn-success' in '5' second(s)

2021-11-12 17:23:41 - [MESSAGE][INFO] - Smart Wait Function is triggered

2021-11-12 17:23:42 - [MESSAGE][INFO] - Found 1 web elements with id: 'Object Repository/Sayfalar/Giris_Sayfasi/PopupOK' located by 'By.cssSelector: .btn.btn-success' in '5' second(s)

2021-11-12 17:23:42 - [MESSAGE][PASSED] - Object 'Object Repository/Sayfalar/Giris_Sayfasi/PopupOK' is present

2021-11-12 17:23:42 - [TEST_STEP][PASSED] - click(findTestObject("Object Repository/Sayfalar/Giris_Sayfasi/PopupCarpiGiris")): Object: 'Object Repository/Sayfalar/Giris_Sayfasi/PopupCarpiGiris' is clicked on

2021-11-12 17:23:42 - [MESSAGE][INFO] - Finding Test Object 'Object Repository/Sayfalar/Giris_Sayfasi/PopupCarpiGiris'

2021-11-12 17:23:42 - [MESSAGE][INFO] - Checking object

2021-11-12 17:23:42 - [MESSAGE][INFO] - Finding web element from Test Object's properties

2021-11-12 17:23:42 - [MESSAGE][INFO] - Checking timeout

2021-11-12 17:23:42 - [MESSAGE][INFO] - Finding web element with id: 'Object Repository/Sayfalar/Giris_Sayfasi/PopupCarpiGiris' located by 'By.cssSelector: .bootbox-close-button.close' in '30' second(s)

2021-11-12 17:23:42 - [MESSAGE][INFO] - Smart Wait Function is triggered

2021-11-12 17:23:43 - [MESSAGE][INFO] - Found 1 web elements with id: 'Object Repository/Sayfalar/Giris_Sayfasi/PopupCarpiGiris' located by 'By.cssSelector: .bootbox-close-button.close' in '30' second(s)

2021-11-12 17:23:43 - [MESSAGE][INFO] - Clicking on object: 'Object Repository/Sayfalar/Giris_Sayfasi/PopupCarpiGiris'

2021-11-12 17:23:43 - [MESSAGE][PASSED] - Object: 'Object Repository/Sayfalar/Giris_Sayfasi/PopupCarpiGiris' is clicked on

2021-11-12 17:23:43 - [TEST_STEP][PASSED] - verifyElementVisible(findTestObject("Object Repository/Kullanici_Islemleri/KullaniciIslemleri")): Object 'Object Repository/Kullanici_Islemleri/KullaniciIslemleri' is visible

2021-11-12 17:23:43 - [MESSAGE][INFO] - Finding Test Object 'Object Repository/Kullanici_Islemleri/KullaniciIslemleri'

2021-11-12 17:23:43 - [MESSAGE][INFO] - Checking object

2021-11-12 17:23:43 - [MESSAGE][INFO] - Finding web element from Test Object's properties

2021-11-12 17:23:43 - [MESSAGE][INFO] - Checking timeout

2021-11-12 17:23:43 - [MESSAGE][INFO] - Finding web element with id: 'Object Repository/Kullanici_Islemleri/KullaniciIslemleri' located by 'By.cssSelector: .dropdown>a>img' in '30' second(s)

2021-11-12 17:23:43 - [MESSAGE][INFO] - Smart Wait Function is triggered

2021-11-12 17:23:43 - [MESSAGE][INFO] - Found 1 web elements with id: 'Object Repository/Kullanici_Islemleri/KullaniciIslemleri' located by 'By.cssSelector: .dropdown>a>img' in '30' second(s)

2021-11-12 17:23:43 - [MESSAGE][PASSED] - Object 'Object Repository/Kullanici_Islemleri/KullaniciIslemleri' is visible

2021-11-12 17:23:43 - [MESSAGE][PASSED] - Call Test Case 'Test Cases/Sayfalar/Giris_Sayfasi/Login' successfully

2021-11-12 17:23:43 - [MESSAGE][INFO] - Checking called Test Case

2021-11-12 17:23:43 - [MESSAGE][INFO] - Starting to call Test Case 'Test Cases/Menu/AnaMenuSecimi'

2021-11-12 17:23:43 - [TEST_CASE][PASSED] - Test Cases/Menu/AnaMenuSecimi: Test Cases/Menu/AnaMenuSecimi

2021-11-12 17:23:43 - [TEST_STEP][PASSED] - Method.TextDegerineEsitElementeTikla(findTestObject("Menu/Ana_Menu"), Ana_Menu): Method.TextDegerineEsitElementeTikla is PASSED

2021-11-12 17:23:43 - [MESSAGE][INFO] - Finding Test Object 'Object Repository/Menu/Ana_Menu'

2021-11-12 17:23:44 - [MESSAGE][INFO] - Checking timeout

2021-11-12 17:23:44 - [MESSAGE][INFO] - Finding web element with id: 'Object Repository/Menu/Ana_Menu' located by 'By.xpath: //*[@class = 'dropdown-toggle']' in '10' second(s)

2021-11-12 17:23:44 - [MESSAGE][INFO] - Smart Wait Function is triggered

2021-11-12 17:23:44 - [MESSAGE][INFO] - Found 14 web elements with id: 'Object Repository/Menu/Ana_Menu' located by 'By.xpath: //*[@class = 'dropdown-toggle']' in '10' second(s)

2021-11-12 17:23:44 - [MESSAGE][PASSED] - Method.TextDegerineEsitElementeTikla is PASSED

2021-11-12 17:23:44 - [MESSAGE][PASSED] - Call Test Case 'Test Cases/Menu/AnaMenuSecimi' successfully

2021-11-12 17:23:44 - [MESSAGE][INFO] - Checking called Test Case

2021-11-12 17:23:44 - [MESSAGE][INFO] - Starting to call Test Case 'Test Cases/Menu/BasligaGoreAltMenuSecimi'

2021-11-12 17:23:44 - [TEST_CASE][PASSED] - Test Cases/Menu/BasligaGoreAltMenuSecimi: Test Cases/Menu/BasligaGoreAltMenuSecimi

2021-11-12 17:23:44 - [TEST_STEP][PASSED] - Method.TextDegerineEsitElementinAltindakiTextDegerineEsitOlanaTikla(findTestObject("Menu/Menu_Basligi"), findTestObject("Menu/Basliga_Gore_Alt_Menu"), Baslik, Alt_Menu): Method.TextDegerineEsitElementinAltindakiTextDegerineEsitOlanaTikla is PASSED

2021-11-12 17:23:44 - [MESSAGE][INFO] - Finding Test Object 'Object Repository/Menu/Menu_Basligi'

2021-11-12 17:23:44 - [MESSAGE][INFO] - Finding Test Object 'Object Repository/Menu/Basliga_Gore_Alt_Menu'

2021-11-12 17:23:44 - [MESSAGE][INFO] - Checking timeout

2021-11-12 17:23:44 - [MESSAGE][INFO] - Finding web element with id: 'Object Repository/Menu/Menu_Basligi' located by 'By.xpath: //li[@class='dropdown dropdown-large open']//li[@class='dropdown-header']' in '10' second(s)

2021-11-12 17:23:44 - [MESSAGE][INFO] - Smart Wait Function is triggered

2021-11-12 17:23:45 - [MESSAGE][INFO] - Found 2 web elements with id: 'Object Repository/Menu/Menu_Basligi' located by 'By.xpath: //li[@class='dropdown dropdown-large open']//li[@class='dropdown-header']' in '10' second(s)

2021-11-12 17:23:45 - [MESSAGE][INFO] - Smart Wait Function is triggered

2021-11-12 17:23:47 - [MESSAGE][PASSED] - Method.TextDegerineEsitElementinAltindakiTextDegerineEsitOlanaTikla is PASSED

2021-11-12 17:23:47 - [MESSAGE][PASSED] - Call Test Case 'Test Cases/Menu/BasligaGoreAltMenuSecimi' successfully

2021-11-12 17:23:47 - [MESSAGE][INFO] - Checking called Test Case

2021-11-12 17:23:47 - [MESSAGE][INFO] - Starting to call Test Case 'Test Cases/Filtreler/DropdownSec'

2021-11-12 17:23:47 - [TEST_CASE][PASSED] - Test Cases/Filtreler/DropdownSec: Test Cases/Filtreler/DropdownSec

2021-11-12 17:23:47 - [TEST_STEP][PASSED] - Method.TextDegerineEsitElementinAltindakineTikla(findTestObject("Filtreler/Basliklar"), findTestObject("Filtreler/Basliga_Gore_Baslangic_Image"), Filtre_Adi): Method.TextDegerineEsitElementinAltindakineTikla is PASSED

2021-11-12 17:23:47 - [MESSAGE][INFO] - Finding Test Object 'Object Repository/Filtreler/Basliklar'

2021-11-12 17:23:48 - [MESSAGE][INFO] - Finding Test Object 'Object Repository/Filtreler/Basliga_Gore_Baslangic_Image'

2021-11-12 17:23:48 - [MESSAGE][INFO] - Checking timeout

2021-11-12 17:23:48 - [MESSAGE][INFO] - Finding web element with id: 'Object Repository/Filtreler/Basliklar' located by 'By.cssSelector: .control-label.col-sm-4.paddingMarginRLC' in '10' second(s)

2021-11-12 17:23:48 - [MESSAGE][INFO] - Smart Wait Function is triggered

2021-11-12 17:23:48 - [MESSAGE][INFO] - Found 8 web elements with id: 'Object Repository/Filtreler/Basliklar' located by 'By.cssSelector: .control-label.col-sm-4.paddingMarginRLC' in '10' second(s)

2021-11-12 17:23:48 - [MESSAGE][INFO] - Smart Wait Function is triggered

2021-11-12 17:23:48 - [MESSAGE][PASSED] - Method.TextDegerineEsitElementinAltindakineTikla is PASSED

2021-11-12 17:23:48 - [TEST_STEP][PASSED] - Method.TextDegerineEsitElementeTikla(findTestObject("Object Repository/Filtreler/Basliga_Gore_Dropdown"), Filtre_Degeri): Method.TextDegerineEsitElementeTikla is PASSED

2021-11-12 17:23:48 - [MESSAGE][INFO] - Finding Test Object 'Object Repository/Filtreler/Basliga_Gore_Dropdown'

2021-11-12 17:23:48 - [MESSAGE][INFO] - Checking timeout

2021-11-12 17:23:48 - [MESSAGE][INFO] - Finding web element with id: 'Object Repository/Filtreler/Basliga_Gore_Dropdown' located by 'By.xpath: //*[@class = 'dxeListBoxItemRow_LECustomTheme']' in '10' second(s)

2021-11-12 17:23:48 - [MESSAGE][INFO] - Smart Wait Function is triggered

2021-11-12 17:23:49 - [MESSAGE][INFO] - Found 109 web elements with id: 'Object Repository/Filtreler/Basliga_Gore_Dropdown' located by 'By.xpath: //*[@class = 'dxeListBoxItemRow_LECustomTheme']' in '10' second(s)

2021-11-12 17:23:49 - [MESSAGE][PASSED] - Method.TextDegerineEsitElementeTikla is PASSED

2021-11-12 17:23:49 - [MESSAGE][PASSED] - Call Test Case 'Test Cases/Filtreler/DropdownSec' successfully

2021-11-12 17:23:49 - [MESSAGE][INFO] - Checking called Test Case

2021-11-12 17:23:49 - [MESSAGE][INFO] - Starting to call Test Case 'Test Cases/Filtreler/ButonaTikla'

2021-11-12 17:23:49 - [TEST_CASE][PASSED] - Test Cases/Filtreler/ButonaTikla: Test Cases/Filtreler/ButonaTikla

2021-11-12 17:23:49 - [TEST_STEP][PASSED] - Method.TextDegerineEsitElementeTikla(findTestObject("Filtreler/Butonlar"), Filtre_Buton): Method.TextDegerineEsitElementeTikla is PASSED

2021-11-12 17:23:49 - [MESSAGE][INFO] - Finding Test Object 'Object Repository/Filtreler/Butonlar'

2021-11-12 17:23:49 - [MESSAGE][INFO] - Checking timeout

2021-11-12 17:23:49 - [MESSAGE][INFO] - Finding web element with id: 'Object Repository/Filtreler/Butonlar' located by 'By.cssSelector: .dxb>span' in '10' second(s)

2021-11-12 17:23:49 - [MESSAGE][INFO] - Smart Wait Function is triggered

2021-11-12 17:23:50 - [MESSAGE][INFO] - Found 3 web elements with id: 'Object Repository/Filtreler/Butonlar' located by 'By.cssSelector: .dxb>span' in '10' second(s)

2021-11-12 17:23:50 - [MESSAGE][PASSED] - Method.TextDegerineEsitElementeTikla is PASSED

2021-11-12 17:23:50 - [MESSAGE][PASSED] - Call Test Case 'Test Cases/Filtreler/ButonaTikla' successfully

2021-11-12 17:23:50 - [MESSAGE][INFO] - Checking called Test Case

2021-11-12 17:23:50 - [MESSAGE][INFO] - Starting to call Test Case 'Test Cases/Tablo/TablodaVeriVarMi'

2021-11-12 17:23:50 - [TEST_CASE][PASSED] - Test Cases/Tablo/TablodaVeriVarMi: Test Cases/Tablo/TablodaVeriVarMi

2021-11-12 17:23:50 - [TEST_STEP][PASSED] - verifyTextNotPresent("Görüntülenecek veri yok", true): Text 'Görüntülenecek veri yok' is not present on page using regular expression

2021-11-12 17:23:50 - [MESSAGE][INFO] - Checking text present  using regular expression

2021-11-12 17:23:50 - [MESSAGE][INFO] - Smart Wait Function is triggered

2021-11-12 17:23:51 - [MESSAGE][INFO] - Finding text 'Görüntülenecek veri yok' on page  using regular expression

2021-11-12 17:23:51 - [MESSAGE][PASSED] - Text 'Görüntülenecek veri yok' is not present on page using regular expression

2021-11-12 17:23:51 - [MESSAGE][PASSED] - Call Test Case 'Test Cases/Tablo/TablodaVeriVarMi' successfully

2021-11-12 17:23:51 - [MESSAGE][INFO] - Checking called Test Case

2021-11-12 17:23:51 - [MESSAGE][INFO] - Starting to call Test Case 'Test Cases/Tablo/TablodanVeriSec'

2021-11-12 17:23:51 - [TEST_CASE][PASSED] - Test Cases/Tablo/TablodanVeriSec: Test Cases/Tablo/TablodanVeriSec

2021-11-12 17:23:51 - [TEST_STEP][PASSED] - Method.TextDegerineEsitElementinAltindakineTikla(findTestObject("Tablo/Veriler"), findTestObject("Tablo/VerininCheckBoxi"), Veri_Adi): Method.TextDegerineEsitElementinAltindakineTikla is PASSED

2021-11-12 17:23:51 - [MESSAGE][INFO] - Finding Test Object 'Object Repository/Tablo/Veriler'

2021-11-12 17:23:51 - [MESSAGE][INFO] - Finding Test Object 'Object Repository/Tablo/VerininCheckBoxi'

2021-11-12 17:23:51 - [MESSAGE][INFO] - Checking timeout

2021-11-12 17:23:51 - [MESSAGE][INFO] - Finding web element with id: 'Object Repository/Tablo/Veriler' located by 'By.cssSelector: td.dxgv b ,td.dxgv' in '10' second(s)

2021-11-12 17:23:51 - [MESSAGE][INFO] - Smart Wait Function is triggered

2021-11-12 17:23:52 - [MESSAGE][INFO] - Found 140 web elements with id: 'Object Repository/Tablo/Veriler' located by 'By.cssSelector: td.dxgv b ,td.dxgv' in '10' second(s)

2021-11-12 17:23:52 - [MESSAGE][INFO] - Smart Wait Function is triggered

2021-11-12 17:23:52 - [MESSAGE][PASSED] - Method.TextDegerineEsitElementinAltindakineTikla is PASSED

2021-11-12 17:23:52 - [MESSAGE][PASSED] - Call Test Case 'Test Cases/Tablo/TablodanVeriSec' successfully

2021-11-12 17:23:52 - [MESSAGE][INFO] - Checking called Test Case

2021-11-12 17:23:52 - [MESSAGE][INFO] - Starting to call Test Case 'Test Cases/Butonlar/ButonaTikla'

2021-11-12 17:23:52 - [TEST_CASE][PASSED] - Test Cases/Butonlar/ButonaTikla: Test Cases/Butonlar/ButonaTikla

2021-11-12 17:23:52 - [TEST_STEP][PASSED] - Method.TextDegerineEsitElementeTiklaEquals(findTestObject("Butonlar/Butonlar"), Buton_Adi): Method.TextDegerineEsitElementeTiklaEquals is PASSED

2021-11-12 17:23:52 - [MESSAGE][INFO] - Finding Test Object 'Object Repository/Butonlar/Butonlar'

2021-11-12 17:23:52 - [MESSAGE][INFO] - Checking timeout

2021-11-12 17:23:52 - [MESSAGE][INFO] - Finding web element with id: 'Object Repository/Butonlar/Butonlar' located by 'By.cssSelector: .panel.panel-default.text-center.footerPanel .btn,.btn.btn-primary.btnControls' in '10' second(s)

2021-11-12 17:23:52 - [MESSAGE][INFO] - Smart Wait Function is triggered

2021-11-12 17:23:52 - [MESSAGE][INFO] - Found 9 web elements with id: 'Object Repository/Butonlar/Butonlar' located by 'By.cssSelector: .panel.panel-default.text-center.footerPanel .btn,.btn.btn-primary.btnControls' in '10' second(s)

2021-11-12 17:23:53 - [MESSAGE][PASSED] - Method.TextDegerineEsitElementeTiklaEquals is PASSED

2021-11-12 17:23:53 - [MESSAGE][PASSED] - Call Test Case 'Test Cases/Butonlar/ButonaTikla' successfully

2021-11-12 17:23:53 - [MESSAGE][INFO] - Checking called Test Case

2021-11-12 17:23:53 - [MESSAGE][INFO] - Starting to call Test Case 'Test Cases/Sekmeler/YeniSekmeyeGec'

2021-11-12 17:23:53 - [TEST_CASE][PASSED] - Test Cases/Sekmeler/YeniSekmeyeGec: Test Cases/Sekmeler/YeniSekmeyeGec

2021-11-12 17:23:53 - [TEST_STEP][PASSED] - switchToWindowIndex(1): Switched to window with index: '1'

2021-11-12 17:23:53 - [MESSAGE][INFO] - Checking index

2021-11-12 17:23:53 - [MESSAGE][INFO] - Switching window with index: '1'

2021-11-12 17:23:53 - [MESSAGE][PASSED] - Switched to window with index: '1'

2021-11-12 17:23:53 - [MESSAGE][PASSED] - Call Test Case 'Test Cases/Sekmeler/YeniSekmeyeGec' successfully

2021-11-12 17:23:53 - [MESSAGE][INFO] - Checking called Test Case

2021-11-12 17:23:53 - [MESSAGE][INFO] - Starting to call Test Case 'Test Cases/Sekmeler/TagGeldiMi'

2021-11-12 17:23:53 - [TEST_CASE][PASSED] - Test Cases/Sekmeler/TagGeldiMi: Test Cases/Sekmeler/TagGeldiMi

2021-11-12 17:23:53 - [TEST_STEP][PASSED] - waitForElementPresent(findTestObject("Object Repository/Sekmeler/UBLTag"), 10): Object 'Object Repository/Sekmeler/UBLTag' is present

2021-11-12 17:23:53 - [MESSAGE][INFO] - Finding Test Object 'Object Repository/Sekmeler/UBLTag'

2021-11-12 17:23:53 - [MESSAGE][INFO] - Checking object

2021-11-12 17:23:53 - [MESSAGE][INFO] - Finding web element from Test Object's properties

2021-11-12 17:23:53 - [MESSAGE][INFO] - Checking timeout

2021-11-12 17:23:53 - [MESSAGE][INFO] - Finding web element with id: 'Object Repository/Sekmeler/UBLTag' located by 'By.cssSelector: #webkit-xml-viewer-source-xml>:first-child' in '10' second(s)

2021-11-12 17:23:53 - [MESSAGE][INFO] - Smart Wait Function is triggered

2021-11-12 17:23:54 - [MESSAGE][INFO] - Found 1 web elements with id: 'Object Repository/Sekmeler/UBLTag' located by 'By.cssSelector: #webkit-xml-viewer-source-xml>:first-child' in '10' second(s)

2021-11-12 17:23:54 - [MESSAGE][PASSED] - Object 'Object Repository/Sekmeler/UBLTag' is present

2021-11-12 17:23:54 - [TEST_STEP][PASSED] - println(toLowerCase().toString()): Found 1 web elements with id: 'Object Repository/Sekmeler/UBLTag' located by 'By.cssSelector: #webkit-xml-viewer-source-xml>:first-child' in '10' second(s)

2021-11-12 17:23:54 - [MESSAGE][INFO] - Finding Test Object 'Object Repository/Sekmeler/UBLTag'

2021-11-12 17:23:54 - [MESSAGE][INFO] - Finding web element from Test Object's properties

2021-11-12 17:23:54 - [MESSAGE][INFO] - Checking timeout

2021-11-12 17:23:54 - [MESSAGE][INFO] - Finding web element with id: 'Object Repository/Sekmeler/UBLTag' located by 'By.cssSelector: #webkit-xml-viewer-source-xml>:first-child' in '10' second(s)

2021-11-12 17:23:54 - [MESSAGE][INFO] - Smart Wait Function is triggered

2021-11-12 17:23:54 - [MESSAGE][INFO] - Found 1 web elements with id: 'Object Repository/Sekmeler/UBLTag' located by 'By.cssSelector: #webkit-xml-viewer-source-xml>:first-child' in '10' second(s)

2021-11-12 17:23:54 - [TEST_STEP][PASSED] - if (!(toString().contains(toString().toLowerCase()))): Found 1 web elements with id: 'Object Repository/Sekmeler/UBLTag' located by 'By.cssSelector: #webkit-xml-viewer-source-xml>:first-child' in '10' second(s)

2021-11-12 17:23:54 - [MESSAGE][INFO] - Finding Test Object 'Object Repository/Sekmeler/UBLTag'

2021-11-12 17:23:54 - [MESSAGE][INFO] - Finding web element from Test Object's properties

2021-11-12 17:23:54 - [MESSAGE][INFO] - Checking timeout

2021-11-12 17:23:54 - [MESSAGE][INFO] - Finding web element with id: 'Object Repository/Sekmeler/UBLTag' located by 'By.cssSelector: #webkit-xml-viewer-source-xml>:first-child' in '10' second(s)

2021-11-12 17:23:54 - [MESSAGE][INFO] - Smart Wait Function is triggered

2021-11-12 17:23:54 - [MESSAGE][INFO] - Found 1 web elements with id: 'Object Repository/Sekmeler/UBLTag' located by 'By.cssSelector: #webkit-xml-viewer-source-xml>:first-child' in '10' second(s)

2021-11-12 17:23:54 - [MESSAGE][PASSED] - Call Test Case 'Test Cases/Sekmeler/TagGeldiMi' successfully

2021-11-12 17:23:54 - [MESSAGE][INFO] - Checking called Test Case

2021-11-12 17:23:54 - [MESSAGE][INFO] - Starting to call Test Case 'Test Cases/Sekmeler/Ana_Sekmeye_Gec'

2021-11-12 17:23:54 - [TEST_CASE][PASSED] - Test Cases/Sekmeler/Ana_Sekmeye_Gec: Test Cases/Sekmeler/Ana_Sekmeye_Gec

2021-11-12 17:23:54 - [TEST_STEP][PASSED] - try: Window with index 1 is closed

2021-11-12 17:23:54 - [TEST_STEP][PASSED] - index = getWindowIndex(): Current window's index is: 1

2021-11-12 17:23:54 - [MESSAGE][INFO] - Getting current window's index

2021-11-12 17:23:54 - [MESSAGE][PASSED] - Current window's index is: 1

2021-11-12 17:23:54 - [TEST_STEP][PASSED] - closeWindowIndex(index): Window with index 1 is closed

2021-11-12 17:23:54 - [MESSAGE][INFO] - Checking index

2021-11-12 17:23:54 - [MESSAGE][INFO] - Closing window with index 1

2021-11-12 17:23:54 - [MESSAGE][PASSED] - Window with index 1 is closed

2021-11-12 17:23:54 - [TEST_STEP][PASSED] - switchToWindowIndex(0): Switched to window with index: '0'

2021-11-12 17:23:54 - [MESSAGE][INFO] - Checking index

2021-11-12 17:23:54 - [MESSAGE][INFO] - Switching window with index: '0'

2021-11-12 17:23:54 - [MESSAGE][PASSED] - Switched to window with index: '0'

2021-11-12 17:23:54 - [MESSAGE][PASSED] - Call Test Case 'Test Cases/Sekmeler/Ana_Sekmeye_Gec' successfully

2021-11-12 17:23:54 - [MESSAGE][INFO] - Checking called Test Case

2021-11-12 17:23:54 - [MESSAGE][INFO] - Starting to call Test Case 'Test Cases/Kullanici_Islemleri/KullaniciIslemlerindenSecimYapilir'

2021-11-12 17:23:55 - [TEST_CASE][PASSED] - Test Cases/Kullanici_Islemleri/KullaniciIslemlerindenSecimYapilir: Test Cases/Kullanici_Islemleri/KullaniciIslemlerindenSecimYapilir

2021-11-12 17:23:55 - [TEST_STEP][PASSED] - waitForElementClickable(findTestObject("Object Repository/Kullanici_Islemleri/KullaniciIslemleri"), 10): Object 'Object Repository/Kullanici_Islemleri/KullaniciIslemleri' is clickable

2021-11-12 17:23:55 - [MESSAGE][INFO] - Finding Test Object 'Object Repository/Kullanici_Islemleri/KullaniciIslemleri'

2021-11-12 17:23:55 - [MESSAGE][INFO] - Checking object

2021-11-12 17:23:55 - [MESSAGE][INFO] - Checking timeout

2021-11-12 17:23:55 - [MESSAGE][INFO] - Finding web element from Test Object's properties

2021-11-12 17:23:55 - [MESSAGE][INFO] - Checking timeout

2021-11-12 17:23:55 - [MESSAGE][INFO] - Finding web element with id: 'Object Repository/Kullanici_Islemleri/KullaniciIslemleri' located by 'By.cssSelector: .dropdown>a>img' in '10' second(s)

2021-11-12 17:23:55 - [MESSAGE][INFO] - Smart Wait Function is triggered

2021-11-12 17:23:55 - [MESSAGE][INFO] - Found 1 web elements with id: 'Object Repository/Kullanici_Islemleri/KullaniciIslemleri' located by 'By.cssSelector: .dropdown>a>img' in '10' second(s)

2021-11-12 17:23:55 - [MESSAGE][PASSED] - Object 'Object Repository/Kullanici_Islemleri/KullaniciIslemleri' is clickable

2021-11-12 17:23:55 - [TEST_STEP][PASSED] - click(findTestObject("Object Repository/Kullanici_Islemleri/KullaniciIslemleri")): Object: 'Object Repository/Kullanici_Islemleri/KullaniciIslemleri' is clicked on

2021-11-12 17:23:55 - [MESSAGE][INFO] - Finding Test Object 'Object Repository/Kullanici_Islemleri/KullaniciIslemleri'

2021-11-12 17:23:55 - [MESSAGE][INFO] - Checking object

2021-11-12 17:23:55 - [MESSAGE][INFO] - Finding web element from Test Object's properties

2021-11-12 17:23:55 - [MESSAGE][INFO] - Checking timeout

2021-11-12 17:23:55 - [MESSAGE][INFO] - Finding web element with id: 'Object Repository/Kullanici_Islemleri/KullaniciIslemleri' located by 'By.cssSelector: .dropdown>a>img' in '30' second(s)

2021-11-12 17:23:55 - [MESSAGE][INFO] - Smart Wait Function is triggered

2021-11-12 17:23:55 - [MESSAGE][INFO] - Found 1 web elements with id: 'Object Repository/Kullanici_Islemleri/KullaniciIslemleri' located by 'By.cssSelector: .dropdown>a>img' in '30' second(s)

2021-11-12 17:23:55 - [MESSAGE][INFO] - Clicking on object: 'Object Repository/Kullanici_Islemleri/KullaniciIslemleri'

2021-11-12 17:23:55 - [MESSAGE][PASSED] - Object: 'Object Repository/Kullanici_Islemleri/KullaniciIslemleri' is clicked on

2021-11-12 17:23:55 - [TEST_STEP][PASSED] - Method.TextDegerineEsitElementeTikla(findTestObject("Object Repository/Kullanici_Islemleri/Secenekler"), Islem): Method.TextDegerineEsitElementeTikla is PASSED

2021-11-12 17:23:55 - [MESSAGE][INFO] - Finding Test Object 'Object Repository/Kullanici_Islemleri/Secenekler'

2021-11-12 17:23:55 - [MESSAGE][INFO] - Checking timeout

2021-11-12 17:23:55 - [MESSAGE][INFO] - Finding web element with id: 'Object Repository/Kullanici_Islemleri/Secenekler' located by 'By.cssSelector: .nav.navbar-nav.navbar-right li a' in '10' second(s)

2021-11-12 17:23:55 - [MESSAGE][INFO] - Smart Wait Function is triggered

2021-11-12 17:23:56 - [MESSAGE][INFO] - Found 22 web elements with id: 'Object Repository/Kullanici_Islemleri/Secenekler' located by 'By.cssSelector: .nav.navbar-nav.navbar-right li a' in '10' second(s)

2021-11-12 17:23:57 - [MESSAGE][PASSED] - Method.TextDegerineEsitElementeTikla is PASSED

2021-11-12 17:23:57 - [TEST_STEP][PASSED] - verifyElementNotPresent(findTestObject("Object Repository/Kullanici_Islemleri/Secenekler"), 10): Web element with id: 'Object Repository/Kullanici_Islemleri/Secenekler' located by 'By.cssSelector: .nav.navbar-nav.navbar-right li a' is not present after '10' second(s)

2021-11-12 17:23:57 - [MESSAGE][INFO] - Finding Test Object 'Object Repository/Kullanici_Islemleri/Secenekler'

2021-11-12 17:23:57 - [MESSAGE][INFO] - Checking object

2021-11-12 17:23:57 - [MESSAGE][INFO] - Checking timeout

2021-11-12 17:23:57 - [MESSAGE][INFO] - Finding web element with id: 'Object Repository/Kullanici_Islemleri/Secenekler' located by 'By.cssSelector: .nav.navbar-nav.navbar-right li a' in '10' second(s)

2021-11-12 17:23:57 - [MESSAGE][INFO] - Smart Wait Function is triggered

2021-11-12 17:23:58 - [MESSAGE][PASSED] - Web element with id: 'Object Repository/Kullanici_Islemleri/Secenekler' located by 'By.cssSelector: .nav.navbar-nav.navbar-right li a' is not present after '10' second(s)

2021-11-12 17:23:58 - [MESSAGE][PASSED] - Call Test Case 'Test Cases/Kullanici_Islemleri/KullaniciIslemlerindenSecimYapilir' successfully

2021-11-12 17:23:58 - [TEST_CASE][PASSED] - Start Test Case : SCENARIO e-Arsiv Raporlari XML: SCENARIO e-Arsiv Raporlari XML

2021-11-12 17:23:58 - [TEST_STEP][PASSED] - Kullanıcı adı ELOGO6 ve Şifre 123456 olarak giriş yapılır: Kullanıcı adı ELOGO6 ve Şifre 123456 olarak giriş yapılır

2021-11-12 17:23:58 - [MESSAGE][PASSED] - Kullanıcı adı ELOGO6 ve Şifre 123456 olarak giriş yapılır

2021-11-12 17:23:58 - [TEST_STEP][PASSED] - Ana menüden e-Arşiv seçilir: Ana menüden e-Arşiv seçilir

2021-11-12 17:23:58 - [MESSAGE][PASSED] - Ana menüden e-Arşiv seçilir

2021-11-12 17:23:58 - [TEST_STEP][PASSED] - Alt menü e-Arşiv Hareketleri başlığı altındaki e-Arşiv Raporları seçilir: Alt menü e-Arşiv Hareketleri başlığı altındaki e-Arşiv Raporları seçilir

2021-11-12 17:23:58 - [MESSAGE][PASSED] - Alt menü e-Arşiv Hareketleri başlığı altındaki e-Arşiv Raporları seçilir

2021-11-12 17:23:58 - [TEST_STEP][PASSED] - Filtrelerden Dönem Tarihi filtresine 2020 Aralık dropdowndan degeri seçilir: Filtrelerden Dönem Tarihi filtresine 2020 Aralık dropdowndan degeri seçilir

2021-11-12 17:23:58 - [MESSAGE][PASSED] - Filtrelerden Dönem Tarihi filtresine 2020 Aralık dropdowndan degeri seçilir

2021-11-12 17:23:58 - [TEST_STEP][PASSED] - Filtre butonlarından Listele seçilir: Filtre butonlarından Listele seçilir

2021-11-12 17:23:58 - [MESSAGE][PASSED] - Filtre butonlarından Listele seçilir

2021-11-12 17:23:58 - [TEST_STEP][PASSED] - Tabloda veri var mı kontrol edilir: Tabloda veri var mı kontrol edilir

2021-11-12 17:23:58 - [MESSAGE][PASSED] - Tabloda veri var mı kontrol edilir

2021-11-12 17:23:58 - [TEST_STEP][PASSED] - Tablodan 2691121 isimli veri seçilir: Tablodan 2691121 isimli veri seçilir

2021-11-12 17:23:58 - [MESSAGE][PASSED] - Tablodan 2691121 isimli veri seçilir

2021-11-12 17:23:58 - [TEST_STEP][PASSED] - Butonlardan XML isimli butona tıklanır: Butonlardan XML isimli butona tıklanır

2021-11-12 17:23:58 - [MESSAGE][PASSED] - Butonlardan XML isimli butona tıklanır

2021-11-12 17:23:58 - [TEST_STEP][PASSED] - Yeni açılan sekmeye geçilir: Yeni açılan sekmeye geçilir

2021-11-12 17:23:58 - [MESSAGE][PASSED] - Yeni açılan sekmeye geçilir

2021-11-12 17:23:58 - [TEST_STEP][PASSED] - arsiv:eArsivRaporu tagli ubl geldi mi: arsiv:eArsivRaporu tagli ubl geldi mi

2021-11-12 17:23:58 - [MESSAGE][PASSED] - arsiv:eArsivRaporu tagli ubl geldi mi

2021-11-12 17:23:58 - [TEST_STEP][PASSED] - Ana sekmeye geçilir: Ana sekmeye geçilir

2021-11-12 17:23:58 - [MESSAGE][PASSED] - Ana sekmeye geçilir

2021-11-12 17:23:58 - [TEST_STEP][PASSED] - Kullanıcı işlemlerinden Çıkış seçilir: Kullanıcı işlemlerinden Çıkış seçilir

2021-11-12 17:23:58 - [MESSAGE][PASSED] - Kullanıcı işlemlerinden Çıkış seçilir

2021-11-12 17:23:58 - [MESSAGE][PASSED] - Feature file: 'Include/features/e-Arsiv/e-Arsiv Hareketleri/e-Arsiv Raporlari/XML.feature' was passed

2021-11-12 17:23:58 - [TEST_STEP][PASSED] - Start listener action : sampleAfterTestSuite: Invoke 'com.kms.katalon.core.annotation.AfterTestCase' method: 'Listener.sampleAfterTestSuite(...)' completed.

2021-11-12 17:23:58 - [MESSAGE][INFO] - Starting invoke 'com.kms.katalon.core.annotation.AfterTestCase' method: 'Listener.sampleAfterTestSuite(...)'

2021-11-12 17:23:58 - [TEST_STEP][PASSED] - closeBrowser(): Invoke 'com.kms.katalon.core.annotation.AfterTestCase' method: 'Listener.sampleAfterTestSuite(...)' completed.

2021-11-12 17:23:58 - [MESSAGE][INFO] - Closing browser

2021-11-12 17:23:58 - [MESSAGE][PASSED] - Browser is closed

2021-11-12 17:23:58 - [MESSAGE][INFO] - Invoke 'com.kms.katalon.core.annotation.AfterTestCase' method: 'Listener.sampleAfterTestSuite(...)' completed.]]></system-out>
         <system-err><![CDATA[]]></system-err>
      </testcase>
      <testcase name="Test Cases/Case Repository/e-Arsiv/e-Arsiv Hareketleri/e-Arsiv Raporlari/Yeniden Olustur" time="36.587" classname="Test Cases/Case Repository/e-Arsiv/e-Arsiv Hareketleri/e-Arsiv Raporlari/Yeniden Olustur" status="PASSED">
         <system-out><![CDATA[2021-11-12 17:23:58 - [TEST_CASE][PASSED] - Test Cases/Case Repository/e-Arsiv/e-Arsiv Hareketleri/e-Arsiv Raporlari/Yeniden Olustur: Test Cases/Case Repository/e-Arsiv/e-Arsiv Hareketleri/e-Arsiv Raporlari/Yeniden Olustur

2021-11-12 17:23:58 - [TEST_STEP][PASSED] - Start listener action : sampleBeforeTestSuite: Invoke 'com.kms.katalon.core.annotation.BeforeTestCase' method: 'Listener.sampleBeforeTestSuite(...)' completed.

2021-11-12 17:23:58 - [MESSAGE][INFO] - Starting invoke 'com.kms.katalon.core.annotation.BeforeTestCase' method: 'Listener.sampleBeforeTestSuite(...)'

2021-11-12 17:23:58 - [TEST_STEP][PASSED] - openBrowser(baseUrl): Browser is opened with url: 'https://efatura-stage.elogo.com.tr/'

2021-11-12 17:23:58 - [MESSAGE][INFO] - Opening browser

2021-11-12 17:23:58 - [MESSAGE][INFO] - Starting 'Chrome' driver

2021-11-12 17:23:58 - [MESSAGE][INFO] - User set preference: ['prefs', '{download.default_directory=C:\otomasyondownfiles}']

2021-11-12 17:23:58 - [MESSAGE][INFO] - Action delay is set to 0 milliseconds

2021-11-12 17:24:00 - [MESSAGE][INFO] - Navigating browser to: 'https://efatura-stage.elogo.com.tr/'

2021-11-12 17:24:02 - [MESSAGE][PASSED] - Browser is opened with url: 'https://efatura-stage.elogo.com.tr/'

2021-11-12 17:24:02 - [TEST_STEP][PASSED] - maximizeWindow(): Invoke 'com.kms.katalon.core.annotation.BeforeTestCase' method: 'Listener.sampleBeforeTestSuite(...)' completed.

2021-11-12 17:24:02 - [MESSAGE][INFO] - Maximizing current window

2021-11-12 17:24:02 - [MESSAGE][PASSED] - Current window maximized

2021-11-12 17:24:02 - [MESSAGE][INFO] - Invoke 'com.kms.katalon.core.annotation.BeforeTestCase' method: 'Listener.sampleBeforeTestSuite(...)' completed.

2021-11-12 17:24:03 - [TEST_STEP][PASSED] - runFeatureFile("Include/features/e-Arsiv/e-Arsiv Hareketleri/e-Arsiv Raporlari/Yeniden Olustur.feature"): Feature file: 'Include/features/e-Arsiv/e-Arsiv Hareketleri/e-Arsiv Raporlari/Yeniden Olustur.feature' was passed

2021-11-12 17:24:03 - [MESSAGE][INFO] - Starting run keyword runFeatureFile: 'Include/features/e-Arsiv/e-Arsiv Hareketleri/e-Arsiv Raporlari/Yeniden Olustur.feature' and extract report to folder: 'C:\Users\DELL\Documents\GitHub\EES_KatalonLogo\Reports\20211112_170311\Suite Repository\e-Arsiv\20211112_170317/cucumber_report/1636727043084'...

2021-11-12 17:24:03 - [MESSAGE][INFO] - Glue: []

2021-11-12 17:24:04 - [MESSAGE][INFO] - Checking called Test Case

2021-11-12 17:24:04 - [MESSAGE][INFO] - Starting to call Test Case 'Test Cases/Sayfalar/Giris_Sayfasi/Login'

2021-11-12 17:24:04 - [TEST_CASE][PASSED] - Test Cases/Sayfalar/Giris_Sayfasi/Login: Test Cases/Sayfalar/Giris_Sayfasi/Login

2021-11-12 17:24:04 - [TEST_STEP][PASSED] - Sayfa_Basligi = getWindowTitle(): Current window's title is: 'LOGO e-Fatura'

2021-11-12 17:24:04 - [MESSAGE][INFO] - Getting current window's title

2021-11-12 17:24:04 - [MESSAGE][PASSED] - Current window's title is: 'LOGO e-Fatura'

2021-11-12 17:24:04 - [TEST_STEP][PASSED] - verifyMatch(Sayfa_Basligi, "LOGO e-Fatura", false): Actual text 'LOGO e-Fatura' and expected text 'LOGO e-Fatura' are matched 

2021-11-12 17:24:04 - [MESSAGE][INFO] - Matching actual text 'LOGO e-Fatura' with expected text 'LOGO e-Fatura'

2021-11-12 17:24:04 - [MESSAGE][PASSED] - Actual text 'LOGO e-Fatura' and expected text 'LOGO e-Fatura' are matched 

2021-11-12 17:24:04 - [TEST_STEP][PASSED] - sendKeys(findTestObject("Sayfalar/Giris_Sayfasi/Firma_Kodu"), KullaniciAdi): Keys 'ELOGO6' sent to object: 'Object Repository/Sayfalar/Giris_Sayfasi/Firma_Kodu'

2021-11-12 17:24:04 - [MESSAGE][INFO] - Finding Test Object 'Object Repository/Sayfalar/Giris_Sayfasi/Firma_Kodu'

2021-11-12 17:24:04 - [MESSAGE][INFO] - Sending keys 'ELOGO6' to object: 'Object Repository/Sayfalar/Giris_Sayfasi/Firma_Kodu'

2021-11-12 17:24:04 - [MESSAGE][INFO] - Finding web element from Test Object's properties

2021-11-12 17:24:04 - [MESSAGE][INFO] - Checking timeout

2021-11-12 17:24:04 - [MESSAGE][INFO] - Finding web element with id: 'Object Repository/Sayfalar/Giris_Sayfasi/Firma_Kodu' located by 'By.xpath: //*[@id = 'AccountName']' in '30' second(s)

2021-11-12 17:24:04 - [MESSAGE][INFO] - Smart Wait Function is triggered

2021-11-12 17:24:04 - [MESSAGE][INFO] - Found 1 web elements with id: 'Object Repository/Sayfalar/Giris_Sayfasi/Firma_Kodu' located by 'By.xpath: //*[@id = 'AccountName']' in '30' second(s)

2021-11-12 17:24:05 - [MESSAGE][PASSED] - Keys 'ELOGO6' sent to object: 'Object Repository/Sayfalar/Giris_Sayfasi/Firma_Kodu'

2021-11-12 17:24:05 - [TEST_STEP][PASSED] - sendKeys(findTestObject("Sayfalar/Giris_Sayfasi/Sifre"), Sifre): Keys '123456' sent to object: 'Object Repository/Sayfalar/Giris_Sayfasi/Sifre'

2021-11-12 17:24:05 - [MESSAGE][INFO] - Finding Test Object 'Object Repository/Sayfalar/Giris_Sayfasi/Sifre'

2021-11-12 17:24:05 - [MESSAGE][INFO] - Sending keys '123456' to object: 'Object Repository/Sayfalar/Giris_Sayfasi/Sifre'

2021-11-12 17:24:05 - [MESSAGE][INFO] - Finding web element from Test Object's properties

2021-11-12 17:24:05 - [MESSAGE][INFO] - Checking timeout

2021-11-12 17:24:05 - [MESSAGE][INFO] - Finding web element with id: 'Object Repository/Sayfalar/Giris_Sayfasi/Sifre' located by 'By.xpath: //*[@id = 'Password']' in '30' second(s)

2021-11-12 17:24:05 - [MESSAGE][INFO] - Smart Wait Function is triggered

2021-11-12 17:24:05 - [MESSAGE][INFO] - Found 1 web elements with id: 'Object Repository/Sayfalar/Giris_Sayfasi/Sifre' located by 'By.xpath: //*[@id = 'Password']' in '30' second(s)

2021-11-12 17:24:05 - [MESSAGE][PASSED] - Keys '123456' sent to object: 'Object Repository/Sayfalar/Giris_Sayfasi/Sifre'

2021-11-12 17:24:05 - [TEST_STEP][PASSED] - findWebElement(findTestObject("Sayfalar/Giris_Sayfasi/Giris_Butonu")).click(): Found 1 web elements with id: 'Object Repository/Sayfalar/Giris_Sayfasi/Giris_Butonu' located by 'By.cssSelector: #btnLogin' in '30' second(s)

2021-11-12 17:24:05 - [MESSAGE][INFO] - Finding Test Object 'Object Repository/Sayfalar/Giris_Sayfasi/Giris_Butonu'

2021-11-12 17:24:05 - [MESSAGE][INFO] - Finding web element from Test Object's properties

2021-11-12 17:24:05 - [MESSAGE][INFO] - Checking timeout

2021-11-12 17:24:05 - [MESSAGE][INFO] - Finding web element with id: 'Object Repository/Sayfalar/Giris_Sayfasi/Giris_Butonu' located by 'By.cssSelector: #btnLogin' in '30' second(s)

2021-11-12 17:24:05 - [MESSAGE][INFO] - Smart Wait Function is triggered

2021-11-12 17:24:05 - [MESSAGE][INFO] - Found 1 web elements with id: 'Object Repository/Sayfalar/Giris_Sayfasi/Giris_Butonu' located by 'By.cssSelector: #btnLogin' in '30' second(s)

2021-11-12 17:24:08 - [TEST_STEP][PASSED] - if (verifyElementPresent(findTestObject("Object Repository/Sayfalar/Giris_Sayfasi/RetveTamam_Butonu"), 5, OPTIONAL)): null

2021-11-12 17:24:08 - [MESSAGE][INFO] - Finding Test Object 'Object Repository/Sayfalar/Giris_Sayfasi/RetveTamam_Butonu'

2021-11-12 17:24:08 - [MESSAGE][INFO] - Checking object

2021-11-12 17:24:08 - [MESSAGE][INFO] - Finding web element from Test Object's properties

2021-11-12 17:24:08 - [MESSAGE][INFO] - Checking timeout

2021-11-12 17:24:08 - [MESSAGE][INFO] - Finding web element with id: 'Object Repository/Sayfalar/Giris_Sayfasi/RetveTamam_Butonu' located by 'By.xpath: //*[@class = 'btn btn-default']' in '5' second(s)

2021-11-12 17:24:08 - [MESSAGE][INFO] - Smart Wait Function is triggered

2021-11-12 17:24:09 - [MESSAGE][INFO] - Found 1 web elements with id: 'Object Repository/Sayfalar/Giris_Sayfasi/RetveTamam_Butonu' located by 'By.xpath: //*[@class = 'btn btn-default']' in '5' second(s)

2021-11-12 17:24:09 - [MESSAGE][PASSED] - Object 'Object Repository/Sayfalar/Giris_Sayfasi/RetveTamam_Butonu' is present

2021-11-12 17:24:09 - [TEST_STEP][PASSED] - click(findTestObject("Object Repository/Sayfalar/Giris_Sayfasi/RetveTamam_Butonu")): Object: 'Object Repository/Sayfalar/Giris_Sayfasi/RetveTamam_Butonu' is clicked on

2021-11-12 17:24:09 - [MESSAGE][INFO] - Finding Test Object 'Object Repository/Sayfalar/Giris_Sayfasi/RetveTamam_Butonu'

2021-11-12 17:24:09 - [MESSAGE][INFO] - Checking object

2021-11-12 17:24:09 - [MESSAGE][INFO] - Finding web element from Test Object's properties

2021-11-12 17:24:09 - [MESSAGE][INFO] - Checking timeout

2021-11-12 17:24:09 - [MESSAGE][INFO] - Finding web element with id: 'Object Repository/Sayfalar/Giris_Sayfasi/RetveTamam_Butonu' located by 'By.xpath: //*[@class = 'btn btn-default']' in '30' second(s)

2021-11-12 17:24:09 - [MESSAGE][INFO] - Smart Wait Function is triggered

2021-11-12 17:24:09 - [MESSAGE][INFO] - Found 1 web elements with id: 'Object Repository/Sayfalar/Giris_Sayfasi/RetveTamam_Butonu' located by 'By.xpath: //*[@class = 'btn btn-default']' in '30' second(s)

2021-11-12 17:24:09 - [MESSAGE][INFO] - Clicking on object: 'Object Repository/Sayfalar/Giris_Sayfasi/RetveTamam_Butonu'

2021-11-12 17:24:10 - [MESSAGE][PASSED] - Object: 'Object Repository/Sayfalar/Giris_Sayfasi/RetveTamam_Butonu' is clicked on

2021-11-12 17:24:10 - [TEST_STEP][PASSED] - click(findTestObject("Object Repository/Sayfalar/Giris_Sayfasi/RetveTamam_Butonu")): Object: 'Object Repository/Sayfalar/Giris_Sayfasi/RetveTamam_Butonu' is clicked on

2021-11-12 17:24:10 - [MESSAGE][INFO] - Finding Test Object 'Object Repository/Sayfalar/Giris_Sayfasi/RetveTamam_Butonu'

2021-11-12 17:24:10 - [MESSAGE][INFO] - Checking object

2021-11-12 17:24:10 - [MESSAGE][INFO] - Finding web element from Test Object's properties

2021-11-12 17:24:10 - [MESSAGE][INFO] - Checking timeout

2021-11-12 17:24:10 - [MESSAGE][INFO] - Finding web element with id: 'Object Repository/Sayfalar/Giris_Sayfasi/RetveTamam_Butonu' located by 'By.xpath: //*[@class = 'btn btn-default']' in '30' second(s)

2021-11-12 17:24:10 - [MESSAGE][INFO] - Smart Wait Function is triggered

2021-11-12 17:24:14 - [MESSAGE][INFO] - Found 1 web elements with id: 'Object Repository/Sayfalar/Giris_Sayfasi/RetveTamam_Butonu' located by 'By.xpath: //*[@class = 'btn btn-default']' in '30' second(s)

2021-11-12 17:24:14 - [MESSAGE][INFO] - Clicking on object: 'Object Repository/Sayfalar/Giris_Sayfasi/RetveTamam_Butonu'

2021-11-12 17:24:14 - [MESSAGE][PASSED] - Object: 'Object Repository/Sayfalar/Giris_Sayfasi/RetveTamam_Butonu' is clicked on

2021-11-12 17:24:14 - [TEST_STEP][PASSED] - if (verifyElementPresent(findTestObject("Sayfalar/Giris_Sayfasi/PopupOK"), 5, OPTIONAL)): null

2021-11-12 17:24:14 - [MESSAGE][INFO] - Finding Test Object 'Object Repository/Sayfalar/Giris_Sayfasi/PopupOK'

2021-11-12 17:24:14 - [MESSAGE][INFO] - Checking object

2021-11-12 17:24:14 - [MESSAGE][INFO] - Finding web element from Test Object's properties

2021-11-12 17:24:14 - [MESSAGE][INFO] - Checking timeout

2021-11-12 17:24:14 - [MESSAGE][INFO] - Finding web element with id: 'Object Repository/Sayfalar/Giris_Sayfasi/PopupOK' located by 'By.cssSelector: .btn.btn-success' in '5' second(s)

2021-11-12 17:24:14 - [MESSAGE][INFO] - Smart Wait Function is triggered

2021-11-12 17:24:15 - [MESSAGE][INFO] - Found 1 web elements with id: 'Object Repository/Sayfalar/Giris_Sayfasi/PopupOK' located by 'By.cssSelector: .btn.btn-success' in '5' second(s)

2021-11-12 17:24:15 - [MESSAGE][PASSED] - Object 'Object Repository/Sayfalar/Giris_Sayfasi/PopupOK' is present

2021-11-12 17:24:15 - [TEST_STEP][PASSED] - click(findTestObject("Object Repository/Sayfalar/Giris_Sayfasi/PopupCarpiGiris")): Object: 'Object Repository/Sayfalar/Giris_Sayfasi/PopupCarpiGiris' is clicked on

2021-11-12 17:24:15 - [MESSAGE][INFO] - Finding Test Object 'Object Repository/Sayfalar/Giris_Sayfasi/PopupCarpiGiris'

2021-11-12 17:24:15 - [MESSAGE][INFO] - Checking object

2021-11-12 17:24:15 - [MESSAGE][INFO] - Finding web element from Test Object's properties

2021-11-12 17:24:15 - [MESSAGE][INFO] - Checking timeout

2021-11-12 17:24:15 - [MESSAGE][INFO] - Finding web element with id: 'Object Repository/Sayfalar/Giris_Sayfasi/PopupCarpiGiris' located by 'By.cssSelector: .bootbox-close-button.close' in '30' second(s)

2021-11-12 17:24:15 - [MESSAGE][INFO] - Smart Wait Function is triggered

2021-11-12 17:24:15 - [MESSAGE][INFO] - Found 1 web elements with id: 'Object Repository/Sayfalar/Giris_Sayfasi/PopupCarpiGiris' located by 'By.cssSelector: .bootbox-close-button.close' in '30' second(s)

2021-11-12 17:24:15 - [MESSAGE][INFO] - Clicking on object: 'Object Repository/Sayfalar/Giris_Sayfasi/PopupCarpiGiris'

2021-11-12 17:24:15 - [MESSAGE][PASSED] - Object: 'Object Repository/Sayfalar/Giris_Sayfasi/PopupCarpiGiris' is clicked on

2021-11-12 17:24:15 - [TEST_STEP][PASSED] - verifyElementVisible(findTestObject("Object Repository/Kullanici_Islemleri/KullaniciIslemleri")): Object 'Object Repository/Kullanici_Islemleri/KullaniciIslemleri' is visible

2021-11-12 17:24:15 - [MESSAGE][INFO] - Finding Test Object 'Object Repository/Kullanici_Islemleri/KullaniciIslemleri'

2021-11-12 17:24:15 - [MESSAGE][INFO] - Checking object

2021-11-12 17:24:15 - [MESSAGE][INFO] - Finding web element from Test Object's properties

2021-11-12 17:24:15 - [MESSAGE][INFO] - Checking timeout

2021-11-12 17:24:15 - [MESSAGE][INFO] - Finding web element with id: 'Object Repository/Kullanici_Islemleri/KullaniciIslemleri' located by 'By.cssSelector: .dropdown>a>img' in '30' second(s)

2021-11-12 17:24:15 - [MESSAGE][INFO] - Smart Wait Function is triggered

2021-11-12 17:24:16 - [MESSAGE][INFO] - Found 1 web elements with id: 'Object Repository/Kullanici_Islemleri/KullaniciIslemleri' located by 'By.cssSelector: .dropdown>a>img' in '30' second(s)

2021-11-12 17:24:16 - [MESSAGE][PASSED] - Object 'Object Repository/Kullanici_Islemleri/KullaniciIslemleri' is visible

2021-11-12 17:24:16 - [MESSAGE][PASSED] - Call Test Case 'Test Cases/Sayfalar/Giris_Sayfasi/Login' successfully

2021-11-12 17:24:16 - [MESSAGE][INFO] - Checking called Test Case

2021-11-12 17:24:16 - [MESSAGE][INFO] - Starting to call Test Case 'Test Cases/Menu/AnaMenuSecimi'

2021-11-12 17:24:16 - [TEST_CASE][PASSED] - Test Cases/Menu/AnaMenuSecimi: Test Cases/Menu/AnaMenuSecimi

2021-11-12 17:24:16 - [TEST_STEP][PASSED] - Method.TextDegerineEsitElementeTikla(findTestObject("Menu/Ana_Menu"), Ana_Menu): Method.TextDegerineEsitElementeTikla is PASSED

2021-11-12 17:24:16 - [MESSAGE][INFO] - Finding Test Object 'Object Repository/Menu/Ana_Menu'

2021-11-12 17:24:16 - [MESSAGE][INFO] - Checking timeout

2021-11-12 17:24:16 - [MESSAGE][INFO] - Finding web element with id: 'Object Repository/Menu/Ana_Menu' located by 'By.xpath: //*[@class = 'dropdown-toggle']' in '10' second(s)

2021-11-12 17:24:16 - [MESSAGE][INFO] - Smart Wait Function is triggered

2021-11-12 17:24:16 - [MESSAGE][INFO] - Found 14 web elements with id: 'Object Repository/Menu/Ana_Menu' located by 'By.xpath: //*[@class = 'dropdown-toggle']' in '10' second(s)

2021-11-12 17:24:17 - [MESSAGE][PASSED] - Method.TextDegerineEsitElementeTikla is PASSED

2021-11-12 17:24:17 - [MESSAGE][PASSED] - Call Test Case 'Test Cases/Menu/AnaMenuSecimi' successfully

2021-11-12 17:24:17 - [MESSAGE][INFO] - Checking called Test Case

2021-11-12 17:24:17 - [MESSAGE][INFO] - Starting to call Test Case 'Test Cases/Menu/BasligaGoreAltMenuSecimi'

2021-11-12 17:24:17 - [TEST_CASE][PASSED] - Test Cases/Menu/BasligaGoreAltMenuSecimi: Test Cases/Menu/BasligaGoreAltMenuSecimi

2021-11-12 17:24:17 - [TEST_STEP][PASSED] - Method.TextDegerineEsitElementinAltindakiTextDegerineEsitOlanaTikla(findTestObject("Menu/Menu_Basligi"), findTestObject("Menu/Basliga_Gore_Alt_Menu"), Baslik, Alt_Menu): Method.TextDegerineEsitElementinAltindakiTextDegerineEsitOlanaTikla is PASSED

2021-11-12 17:24:17 - [MESSAGE][INFO] - Finding Test Object 'Object Repository/Menu/Menu_Basligi'

2021-11-12 17:24:17 - [MESSAGE][INFO] - Finding Test Object 'Object Repository/Menu/Basliga_Gore_Alt_Menu'

2021-11-12 17:24:17 - [MESSAGE][INFO] - Checking timeout

2021-11-12 17:24:17 - [MESSAGE][INFO] - Finding web element with id: 'Object Repository/Menu/Menu_Basligi' located by 'By.xpath: //li[@class='dropdown dropdown-large open']//li[@class='dropdown-header']' in '10' second(s)

2021-11-12 17:24:17 - [MESSAGE][INFO] - Smart Wait Function is triggered

2021-11-12 17:24:17 - [MESSAGE][INFO] - Found 2 web elements with id: 'Object Repository/Menu/Menu_Basligi' located by 'By.xpath: //li[@class='dropdown dropdown-large open']//li[@class='dropdown-header']' in '10' second(s)

2021-11-12 17:24:17 - [MESSAGE][INFO] - Smart Wait Function is triggered

2021-11-12 17:24:19 - [MESSAGE][PASSED] - Method.TextDegerineEsitElementinAltindakiTextDegerineEsitOlanaTikla is PASSED

2021-11-12 17:24:19 - [MESSAGE][PASSED] - Call Test Case 'Test Cases/Menu/BasligaGoreAltMenuSecimi' successfully

2021-11-12 17:24:19 - [MESSAGE][INFO] - Checking called Test Case

2021-11-12 17:24:19 - [MESSAGE][INFO] - Starting to call Test Case 'Test Cases/Filtreler/DropdownSec'

2021-11-12 17:24:20 - [TEST_CASE][PASSED] - Test Cases/Filtreler/DropdownSec: Test Cases/Filtreler/DropdownSec

2021-11-12 17:24:20 - [TEST_STEP][PASSED] - Method.TextDegerineEsitElementinAltindakineTikla(findTestObject("Filtreler/Basliklar"), findTestObject("Filtreler/Basliga_Gore_Baslangic_Image"), Filtre_Adi): Method.TextDegerineEsitElementinAltindakineTikla is PASSED

2021-11-12 17:24:20 - [MESSAGE][INFO] - Finding Test Object 'Object Repository/Filtreler/Basliklar'

2021-11-12 17:24:20 - [MESSAGE][INFO] - Finding Test Object 'Object Repository/Filtreler/Basliga_Gore_Baslangic_Image'

2021-11-12 17:24:20 - [MESSAGE][INFO] - Checking timeout

2021-11-12 17:24:20 - [MESSAGE][INFO] - Finding web element with id: 'Object Repository/Filtreler/Basliklar' located by 'By.cssSelector: .control-label.col-sm-4.paddingMarginRLC' in '10' second(s)

2021-11-12 17:24:20 - [MESSAGE][INFO] - Smart Wait Function is triggered

2021-11-12 17:24:20 - [MESSAGE][INFO] - Found 8 web elements with id: 'Object Repository/Filtreler/Basliklar' located by 'By.cssSelector: .control-label.col-sm-4.paddingMarginRLC' in '10' second(s)

2021-11-12 17:24:20 - [MESSAGE][INFO] - Smart Wait Function is triggered

2021-11-12 17:24:20 - [MESSAGE][PASSED] - Method.TextDegerineEsitElementinAltindakineTikla is PASSED

2021-11-12 17:24:20 - [TEST_STEP][PASSED] - Method.TextDegerineEsitElementeTikla(findTestObject("Object Repository/Filtreler/Basliga_Gore_Dropdown"), Filtre_Degeri): Method.TextDegerineEsitElementeTikla is PASSED

2021-11-12 17:24:20 - [MESSAGE][INFO] - Finding Test Object 'Object Repository/Filtreler/Basliga_Gore_Dropdown'

2021-11-12 17:24:20 - [MESSAGE][INFO] - Checking timeout

2021-11-12 17:24:20 - [MESSAGE][INFO] - Finding web element with id: 'Object Repository/Filtreler/Basliga_Gore_Dropdown' located by 'By.xpath: //*[@class = 'dxeListBoxItemRow_LECustomTheme']' in '10' second(s)

2021-11-12 17:24:20 - [MESSAGE][INFO] - Smart Wait Function is triggered

2021-11-12 17:24:21 - [MESSAGE][INFO] - Found 109 web elements with id: 'Object Repository/Filtreler/Basliga_Gore_Dropdown' located by 'By.xpath: //*[@class = 'dxeListBoxItemRow_LECustomTheme']' in '10' second(s)

2021-11-12 17:24:21 - [MESSAGE][PASSED] - Method.TextDegerineEsitElementeTikla is PASSED

2021-11-12 17:24:21 - [MESSAGE][PASSED] - Call Test Case 'Test Cases/Filtreler/DropdownSec' successfully

2021-11-12 17:24:21 - [MESSAGE][INFO] - Checking called Test Case

2021-11-12 17:24:21 - [MESSAGE][INFO] - Starting to call Test Case 'Test Cases/Filtreler/ButonaTikla'

2021-11-12 17:24:21 - [TEST_CASE][PASSED] - Test Cases/Filtreler/ButonaTikla: Test Cases/Filtreler/ButonaTikla

2021-11-12 17:24:21 - [TEST_STEP][PASSED] - Method.TextDegerineEsitElementeTikla(findTestObject("Filtreler/Butonlar"), Filtre_Buton): Method.TextDegerineEsitElementeTikla is PASSED

2021-11-12 17:24:21 - [MESSAGE][INFO] - Finding Test Object 'Object Repository/Filtreler/Butonlar'

2021-11-12 17:24:21 - [MESSAGE][INFO] - Checking timeout

2021-11-12 17:24:21 - [MESSAGE][INFO] - Finding web element with id: 'Object Repository/Filtreler/Butonlar' located by 'By.cssSelector: .dxb>span' in '10' second(s)

2021-11-12 17:24:21 - [MESSAGE][INFO] - Smart Wait Function is triggered

2021-11-12 17:24:21 - [MESSAGE][INFO] - Found 3 web elements with id: 'Object Repository/Filtreler/Butonlar' located by 'By.cssSelector: .dxb>span' in '10' second(s)

2021-11-12 17:24:22 - [MESSAGE][PASSED] - Method.TextDegerineEsitElementeTikla is PASSED

2021-11-12 17:24:22 - [MESSAGE][PASSED] - Call Test Case 'Test Cases/Filtreler/ButonaTikla' successfully

2021-11-12 17:24:22 - [MESSAGE][INFO] - Checking called Test Case

2021-11-12 17:24:22 - [MESSAGE][INFO] - Starting to call Test Case 'Test Cases/Tablo/TablodaVeriVarMi'

2021-11-12 17:24:22 - [TEST_CASE][PASSED] - Test Cases/Tablo/TablodaVeriVarMi: Test Cases/Tablo/TablodaVeriVarMi

2021-11-12 17:24:22 - [TEST_STEP][PASSED] - verifyTextNotPresent("Görüntülenecek veri yok", true): Text 'Görüntülenecek veri yok' is not present on page using regular expression

2021-11-12 17:24:22 - [MESSAGE][INFO] - Checking text present  using regular expression

2021-11-12 17:24:22 - [MESSAGE][INFO] - Smart Wait Function is triggered

2021-11-12 17:24:22 - [MESSAGE][INFO] - Finding text 'Görüntülenecek veri yok' on page  using regular expression

2021-11-12 17:24:22 - [MESSAGE][PASSED] - Text 'Görüntülenecek veri yok' is not present on page using regular expression

2021-11-12 17:24:22 - [MESSAGE][PASSED] - Call Test Case 'Test Cases/Tablo/TablodaVeriVarMi' successfully

2021-11-12 17:24:22 - [MESSAGE][INFO] - Checking called Test Case

2021-11-12 17:24:22 - [MESSAGE][INFO] - Starting to call Test Case 'Test Cases/Tablo/TablodanVeriSec'

2021-11-12 17:24:23 - [TEST_CASE][PASSED] - Test Cases/Tablo/TablodanVeriSec: Test Cases/Tablo/TablodanVeriSec

2021-11-12 17:24:23 - [TEST_STEP][PASSED] - Method.TextDegerineEsitElementinAltindakineTikla(findTestObject("Tablo/Veriler"), findTestObject("Tablo/VerininCheckBoxi"), Veri_Adi): Method.TextDegerineEsitElementinAltindakineTikla is PASSED

2021-11-12 17:24:23 - [MESSAGE][INFO] - Finding Test Object 'Object Repository/Tablo/Veriler'

2021-11-12 17:24:23 - [MESSAGE][INFO] - Finding Test Object 'Object Repository/Tablo/VerininCheckBoxi'

2021-11-12 17:24:23 - [MESSAGE][INFO] - Checking timeout

2021-11-12 17:24:23 - [MESSAGE][INFO] - Finding web element with id: 'Object Repository/Tablo/Veriler' located by 'By.cssSelector: td.dxgv b ,td.dxgv' in '10' second(s)

2021-11-12 17:24:23 - [MESSAGE][INFO] - Smart Wait Function is triggered

2021-11-12 17:24:23 - [MESSAGE][INFO] - Found 140 web elements with id: 'Object Repository/Tablo/Veriler' located by 'By.cssSelector: td.dxgv b ,td.dxgv' in '10' second(s)

2021-11-12 17:24:24 - [MESSAGE][INFO] - Smart Wait Function is triggered

2021-11-12 17:24:24 - [MESSAGE][PASSED] - Method.TextDegerineEsitElementinAltindakineTikla is PASSED

2021-11-12 17:24:24 - [MESSAGE][PASSED] - Call Test Case 'Test Cases/Tablo/TablodanVeriSec' successfully

2021-11-12 17:24:24 - [MESSAGE][INFO] - Checking called Test Case

2021-11-12 17:24:24 - [MESSAGE][INFO] - Starting to call Test Case 'Test Cases/Butonlar/ButonaTikla'

2021-11-12 17:24:24 - [TEST_CASE][PASSED] - Test Cases/Butonlar/ButonaTikla: Test Cases/Butonlar/ButonaTikla

2021-11-12 17:24:24 - [TEST_STEP][PASSED] - Method.TextDegerineEsitElementeTiklaEquals(findTestObject("Butonlar/Butonlar"), Buton_Adi): Method.TextDegerineEsitElementeTiklaEquals is PASSED

2021-11-12 17:24:24 - [MESSAGE][INFO] - Finding Test Object 'Object Repository/Butonlar/Butonlar'

2021-11-12 17:24:25 - [MESSAGE][INFO] - Checking timeout

2021-11-12 17:24:25 - [MESSAGE][INFO] - Finding web element with id: 'Object Repository/Butonlar/Butonlar' located by 'By.cssSelector: .panel.panel-default.text-center.footerPanel .btn,.btn.btn-primary.btnControls' in '10' second(s)

2021-11-12 17:24:25 - [MESSAGE][INFO] - Smart Wait Function is triggered

2021-11-12 17:24:25 - [MESSAGE][INFO] - Found 9 web elements with id: 'Object Repository/Butonlar/Butonlar' located by 'By.cssSelector: .panel.panel-default.text-center.footerPanel .btn,.btn.btn-primary.btnControls' in '10' second(s)

2021-11-12 17:24:25 - [MESSAGE][PASSED] - Method.TextDegerineEsitElementeTiklaEquals is PASSED

2021-11-12 17:24:25 - [MESSAGE][PASSED] - Call Test Case 'Test Cases/Butonlar/ButonaTikla' successfully

2021-11-12 17:24:25 - [MESSAGE][INFO] - Checking called Test Case

2021-11-12 17:24:25 - [MESSAGE][INFO] - Starting to call Test Case 'Test Cases/Popup/PopupMesajiIceriyorMu'

2021-11-12 17:24:25 - [TEST_CASE][PASSED] - Test Cases/Popup/PopupMesajiIceriyorMu: Test Cases/Popup/PopupMesajiIceriyorMu

2021-11-12 17:24:25 - [TEST_STEP][PASSED] - waitForElementVisible(findTestObject("Popup/Popup"), 10): Object 'Object Repository/Popup/Popup' is visible

2021-11-12 17:24:25 - [MESSAGE][INFO] - Finding Test Object 'Object Repository/Popup/Popup'

2021-11-12 17:24:25 - [MESSAGE][INFO] - Checking object

2021-11-12 17:24:25 - [MESSAGE][INFO] - Checking timeout

2021-11-12 17:24:25 - [MESSAGE][INFO] - Finding web element from Test Object's properties

2021-11-12 17:24:25 - [MESSAGE][INFO] - Checking timeout

2021-11-12 17:24:25 - [MESSAGE][INFO] - Finding web element with id: 'Object Repository/Popup/Popup' located by 'By.cssSelector: .bootbox-body' in '10' second(s)

2021-11-12 17:24:25 - [MESSAGE][INFO] - Smart Wait Function is triggered

2021-11-12 17:24:26 - [MESSAGE][INFO] - Found 1 web elements with id: 'Object Repository/Popup/Popup' located by 'By.cssSelector: .bootbox-body' in '10' second(s)

2021-11-12 17:24:26 - [MESSAGE][PASSED] - Object 'Object Repository/Popup/Popup' is visible

2021-11-12 17:24:26 - [TEST_STEP][PASSED] - if (!(getText(findTestObject("Popup/Popup")).contains(Mesaj))): Text of object 'Object Repository/Popup/Popup' is: 'Seçtiğiniz kayıtlardan sadece uygun statüdeki raporlar yeniden oluşturulacaktır. Devam etmek istiyor musunuz?'

2021-11-12 17:24:26 - [MESSAGE][INFO] - Finding Test Object 'Object Repository/Popup/Popup'

2021-11-12 17:24:26 - [MESSAGE][INFO] - Checking object

2021-11-12 17:24:26 - [MESSAGE][INFO] - Finding web element from Test Object's properties

2021-11-12 17:24:26 - [MESSAGE][INFO] - Checking timeout

2021-11-12 17:24:26 - [MESSAGE][INFO] - Finding web element with id: 'Object Repository/Popup/Popup' located by 'By.cssSelector: .bootbox-body' in '30' second(s)

2021-11-12 17:24:26 - [MESSAGE][INFO] - Smart Wait Function is triggered

2021-11-12 17:24:26 - [MESSAGE][INFO] - Found 1 web elements with id: 'Object Repository/Popup/Popup' located by 'By.cssSelector: .bootbox-body' in '30' second(s)

2021-11-12 17:24:26 - [MESSAGE][INFO] - Getting text of object 'Object Repository/Popup/Popup'

2021-11-12 17:24:26 - [MESSAGE][PASSED] - Text of object 'Object Repository/Popup/Popup' is: 'Seçtiğiniz kayıtlardan sadece uygun statüdeki raporlar yeniden oluşturulacaktır. Devam etmek istiyor musunuz?'

2021-11-12 17:24:26 - [TEST_STEP][PASSED] - RaporNo = getText(findTestObject("Popup/Popup")).substring(0, 6): Text of object 'Object Repository/Popup/Popup' is: 'Seçtiğiniz kayıtlardan sadece uygun statüdeki raporlar yeniden oluşturulacaktır. Devam etmek istiyor musunuz?'

2021-11-12 17:24:26 - [MESSAGE][INFO] - Finding Test Object 'Object Repository/Popup/Popup'

2021-11-12 17:24:27 - [MESSAGE][INFO] - Checking object

2021-11-12 17:24:27 - [MESSAGE][INFO] - Finding web element from Test Object's properties

2021-11-12 17:24:27 - [MESSAGE][INFO] - Checking timeout

2021-11-12 17:24:27 - [MESSAGE][INFO] - Finding web element with id: 'Object Repository/Popup/Popup' located by 'By.cssSelector: .bootbox-body' in '30' second(s)

2021-11-12 17:24:27 - [MESSAGE][INFO] - Smart Wait Function is triggered

2021-11-12 17:24:27 - [MESSAGE][INFO] - Found 1 web elements with id: 'Object Repository/Popup/Popup' located by 'By.cssSelector: .bootbox-body' in '30' second(s)

2021-11-12 17:24:27 - [MESSAGE][INFO] - Getting text of object 'Object Repository/Popup/Popup'

2021-11-12 17:24:27 - [MESSAGE][PASSED] - Text of object 'Object Repository/Popup/Popup' is: 'Seçtiğiniz kayıtlardan sadece uygun statüdeki raporlar yeniden oluşturulacaktır. Devam etmek istiyor musunuz?'

2021-11-12 17:24:27 - [TEST_STEP][PASSED] - Console.println(RaporNo): null

2021-11-12 17:24:27 - [MESSAGE][PASSED] - Call Test Case 'Test Cases/Popup/PopupMesajiIceriyorMu' successfully

2021-11-12 17:24:27 - [MESSAGE][INFO] - Checking called Test Case

2021-11-12 17:24:27 - [MESSAGE][INFO] - Starting to call Test Case 'Test Cases/Popup/PopupButonSecilir'

2021-11-12 17:24:27 - [TEST_CASE][PASSED] - Test Cases/Popup/PopupButonSecilir: Test Cases/Popup/PopupButonSecilir

2021-11-12 17:24:27 - [TEST_STEP][PASSED] - Method.TextDegerineEsitElementeTikla(findTestObject("Popup/Popup_Butons"), Buton): Method.TextDegerineEsitElementeTikla is PASSED

2021-11-12 17:24:27 - [MESSAGE][INFO] - Finding Test Object 'Object Repository/Popup/Popup_Butons'

2021-11-12 17:24:27 - [MESSAGE][INFO] - Checking timeout

2021-11-12 17:24:27 - [MESSAGE][INFO] - Finding web element with id: 'Object Repository/Popup/Popup_Butons' located by 'By.cssSelector: .modal-footer>button' in '10' second(s)

2021-11-12 17:24:27 - [MESSAGE][INFO] - Smart Wait Function is triggered

2021-11-12 17:24:27 - [MESSAGE][INFO] - Found 4 web elements with id: 'Object Repository/Popup/Popup_Butons' located by 'By.cssSelector: .modal-footer>button' in '10' second(s)

2021-11-12 17:24:28 - [MESSAGE][PASSED] - Method.TextDegerineEsitElementeTikla is PASSED

2021-11-12 17:24:28 - [MESSAGE][PASSED] - Call Test Case 'Test Cases/Popup/PopupButonSecilir' successfully

2021-11-12 17:24:28 - [MESSAGE][INFO] - Checking called Test Case

2021-11-12 17:24:28 - [MESSAGE][INFO] - Starting to call Test Case 'Test Cases/Tablo/TablodaVeyaUnvanliVeriOlusturulduMu'

2021-11-12 17:24:28 - [TEST_CASE][PASSED] - Test Cases/Tablo/TablodaVeyaUnvanliVeriOlusturulduMu: Test Cases/Tablo/TablodaVeyaUnvanliVeriOlusturulduMu

2021-11-12 17:24:29 - [TEST_STEP][PASSED] - waitForElementVisible(findTestObject("Tablo/OlusturulanVeri"), 10, STOP_ON_FAILURE): Object 'Object Repository/Tablo/OlusturulanVeri' is visible

2021-11-12 17:24:29 - [MESSAGE][INFO] - Finding Test Object 'Object Repository/Tablo/OlusturulanVeri'

2021-11-12 17:24:29 - [MESSAGE][INFO] - Checking object

2021-11-12 17:24:29 - [MESSAGE][INFO] - Checking timeout

2021-11-12 17:24:29 - [MESSAGE][INFO] - Finding web element from Test Object's properties

2021-11-12 17:24:29 - [MESSAGE][INFO] - Checking timeout

2021-11-12 17:24:29 - [MESSAGE][INFO] - Finding web element with id: 'Object Repository/Tablo/OlusturulanVeri' located by 'By.cssSelector: table.dxgvTable_LECustomTheme>tbody>tr:nth-child(3)>td.dxgv b,table.dxgvTable_LECustomTheme>tbody>tr:nth-child(3)>td.dxgv' in '10' second(s)

2021-11-12 17:24:29 - [MESSAGE][INFO] - Smart Wait Function is triggered

2021-11-12 17:24:30 - [MESSAGE][INFO] - Found 14 web elements with id: 'Object Repository/Tablo/OlusturulanVeri' located by 'By.cssSelector: table.dxgvTable_LECustomTheme>tbody>tr:nth-child(3)>td.dxgv b,table.dxgvTable_LECustomTheme>tbody>tr:nth-child(3)>td.dxgv' in '10' second(s)

2021-11-12 17:24:30 - [MESSAGE][PASSED] - Object 'Object Repository/Tablo/OlusturulanVeri' is visible

2021-11-12 17:24:30 - [TEST_STEP][PASSED] - Method.TextDegerlerindenBirineEsitElementVarMi(findTestObject("Tablo/OlusturulanVeri"), Unvan1, Unvan2, Unvan3): Method.TextDegerlerindenBirineEsitElementVarMi is PASSED

2021-11-12 17:24:30 - [MESSAGE][INFO] - Finding Test Object 'Object Repository/Tablo/OlusturulanVeri'

2021-11-12 17:24:30 - [MESSAGE][INFO] - Checking timeout

2021-11-12 17:24:30 - [MESSAGE][INFO] - Finding web element with id: 'Object Repository/Tablo/OlusturulanVeri' located by 'By.cssSelector: table.dxgvTable_LECustomTheme>tbody>tr:nth-child(3)>td.dxgv b,table.dxgvTable_LECustomTheme>tbody>tr:nth-child(3)>td.dxgv' in '10' second(s)

2021-11-12 17:24:30 - [MESSAGE][INFO] - Smart Wait Function is triggered

2021-11-12 17:24:30 - [MESSAGE][INFO] - Found 14 web elements with id: 'Object Repository/Tablo/OlusturulanVeri' located by 'By.cssSelector: table.dxgvTable_LECustomTheme>tbody>tr:nth-child(3)>td.dxgv b,table.dxgvTable_LECustomTheme>tbody>tr:nth-child(3)>td.dxgv' in '10' second(s)

2021-11-12 17:24:31 - [MESSAGE][PASSED] - Method.TextDegerlerindenBirineEsitElementVarMi is PASSED

2021-11-12 17:24:31 - [MESSAGE][PASSED] - Call Test Case 'Test Cases/Tablo/TablodaVeyaUnvanliVeriOlusturulduMu' successfully

2021-11-12 17:24:31 - [MESSAGE][INFO] - Checking called Test Case

2021-11-12 17:24:31 - [MESSAGE][INFO] - Starting to call Test Case 'Test Cases/Kullanici_Islemleri/KullaniciIslemlerindenSecimYapilir'

2021-11-12 17:24:31 - [TEST_CASE][PASSED] - Test Cases/Kullanici_Islemleri/KullaniciIslemlerindenSecimYapilir: Test Cases/Kullanici_Islemleri/KullaniciIslemlerindenSecimYapilir

2021-11-12 17:24:31 - [TEST_STEP][PASSED] - waitForElementClickable(findTestObject("Object Repository/Kullanici_Islemleri/KullaniciIslemleri"), 10): Object 'Object Repository/Kullanici_Islemleri/KullaniciIslemleri' is clickable

2021-11-12 17:24:31 - [MESSAGE][INFO] - Finding Test Object 'Object Repository/Kullanici_Islemleri/KullaniciIslemleri'

2021-11-12 17:24:31 - [MESSAGE][INFO] - Checking object

2021-11-12 17:24:31 - [MESSAGE][INFO] - Checking timeout

2021-11-12 17:24:31 - [MESSAGE][INFO] - Finding web element from Test Object's properties

2021-11-12 17:24:31 - [MESSAGE][INFO] - Checking timeout

2021-11-12 17:24:31 - [MESSAGE][INFO] - Finding web element with id: 'Object Repository/Kullanici_Islemleri/KullaniciIslemleri' located by 'By.cssSelector: .dropdown>a>img' in '10' second(s)

2021-11-12 17:24:31 - [MESSAGE][INFO] - Smart Wait Function is triggered

2021-11-12 17:24:31 - [MESSAGE][INFO] - Found 1 web elements with id: 'Object Repository/Kullanici_Islemleri/KullaniciIslemleri' located by 'By.cssSelector: .dropdown>a>img' in '10' second(s)

2021-11-12 17:24:31 - [MESSAGE][PASSED] - Object 'Object Repository/Kullanici_Islemleri/KullaniciIslemleri' is clickable

2021-11-12 17:24:31 - [TEST_STEP][PASSED] - click(findTestObject("Object Repository/Kullanici_Islemleri/KullaniciIslemleri")): Object: 'Object Repository/Kullanici_Islemleri/KullaniciIslemleri' is clicked on

2021-11-12 17:24:31 - [MESSAGE][INFO] - Finding Test Object 'Object Repository/Kullanici_Islemleri/KullaniciIslemleri'

2021-11-12 17:24:31 - [MESSAGE][INFO] - Checking object

2021-11-12 17:24:31 - [MESSAGE][INFO] - Finding web element from Test Object's properties

2021-11-12 17:24:31 - [MESSAGE][INFO] - Checking timeout

2021-11-12 17:24:31 - [MESSAGE][INFO] - Finding web element with id: 'Object Repository/Kullanici_Islemleri/KullaniciIslemleri' located by 'By.cssSelector: .dropdown>a>img' in '30' second(s)

2021-11-12 17:24:31 - [MESSAGE][INFO] - Smart Wait Function is triggered

2021-11-12 17:24:32 - [MESSAGE][INFO] - Found 1 web elements with id: 'Object Repository/Kullanici_Islemleri/KullaniciIslemleri' located by 'By.cssSelector: .dropdown>a>img' in '30' second(s)

2021-11-12 17:24:32 - [MESSAGE][INFO] - Clicking on object: 'Object Repository/Kullanici_Islemleri/KullaniciIslemleri'

2021-11-12 17:24:32 - [MESSAGE][PASSED] - Object: 'Object Repository/Kullanici_Islemleri/KullaniciIslemleri' is clicked on

2021-11-12 17:24:32 - [TEST_STEP][PASSED] - Method.TextDegerineEsitElementeTikla(findTestObject("Object Repository/Kullanici_Islemleri/Secenekler"), Islem): Method.TextDegerineEsitElementeTikla is PASSED

2021-11-12 17:24:32 - [MESSAGE][INFO] - Finding Test Object 'Object Repository/Kullanici_Islemleri/Secenekler'

2021-11-12 17:24:32 - [MESSAGE][INFO] - Checking timeout

2021-11-12 17:24:32 - [MESSAGE][INFO] - Finding web element with id: 'Object Repository/Kullanici_Islemleri/Secenekler' located by 'By.cssSelector: .nav.navbar-nav.navbar-right li a' in '10' second(s)

2021-11-12 17:24:32 - [MESSAGE][INFO] - Smart Wait Function is triggered

2021-11-12 17:24:32 - [MESSAGE][INFO] - Found 22 web elements with id: 'Object Repository/Kullanici_Islemleri/Secenekler' located by 'By.cssSelector: .nav.navbar-nav.navbar-right li a' in '10' second(s)

2021-11-12 17:24:34 - [MESSAGE][PASSED] - Method.TextDegerineEsitElementeTikla is PASSED

2021-11-12 17:24:34 - [TEST_STEP][PASSED] - verifyElementNotPresent(findTestObject("Object Repository/Kullanici_Islemleri/Secenekler"), 10): Web element with id: 'Object Repository/Kullanici_Islemleri/Secenekler' located by 'By.cssSelector: .nav.navbar-nav.navbar-right li a' is not present after '10' second(s)

2021-11-12 17:24:34 - [MESSAGE][INFO] - Finding Test Object 'Object Repository/Kullanici_Islemleri/Secenekler'

2021-11-12 17:24:34 - [MESSAGE][INFO] - Checking object

2021-11-12 17:24:34 - [MESSAGE][INFO] - Checking timeout

2021-11-12 17:24:34 - [MESSAGE][INFO] - Finding web element with id: 'Object Repository/Kullanici_Islemleri/Secenekler' located by 'By.cssSelector: .nav.navbar-nav.navbar-right li a' in '10' second(s)

2021-11-12 17:24:34 - [MESSAGE][INFO] - Smart Wait Function is triggered

2021-11-12 17:24:34 - [MESSAGE][PASSED] - Web element with id: 'Object Repository/Kullanici_Islemleri/Secenekler' located by 'By.cssSelector: .nav.navbar-nav.navbar-right li a' is not present after '10' second(s)

2021-11-12 17:24:34 - [MESSAGE][PASSED] - Call Test Case 'Test Cases/Kullanici_Islemleri/KullaniciIslemlerindenSecimYapilir' successfully

2021-11-12 17:24:34 - [TEST_CASE][PASSED] - Start Test Case : SCENARIO e-Arsiv Raporlari Yeniden Olustur: SCENARIO e-Arsiv Raporlari Yeniden Olustur

2021-11-12 17:24:34 - [TEST_STEP][PASSED] - Kullanıcı adı ELOGO6 ve Şifre 123456 olarak giriş yapılır: Kullanıcı adı ELOGO6 ve Şifre 123456 olarak giriş yapılır

2021-11-12 17:24:34 - [MESSAGE][PASSED] - Kullanıcı adı ELOGO6 ve Şifre 123456 olarak giriş yapılır

2021-11-12 17:24:34 - [TEST_STEP][PASSED] - Ana menüden e-Arşiv seçilir: Ana menüden e-Arşiv seçilir

2021-11-12 17:24:34 - [MESSAGE][PASSED] - Ana menüden e-Arşiv seçilir

2021-11-12 17:24:34 - [TEST_STEP][PASSED] - Alt menü e-Arşiv Hareketleri başlığı altındaki e-Arşiv Raporları seçilir: Alt menü e-Arşiv Hareketleri başlığı altındaki e-Arşiv Raporları seçilir

2021-11-12 17:24:34 - [MESSAGE][PASSED] - Alt menü e-Arşiv Hareketleri başlığı altındaki e-Arşiv Raporları seçilir

2021-11-12 17:24:34 - [TEST_STEP][PASSED] - Filtrelerden Dönem Tarihi filtresine 2021 Temmuz dropdowndan degeri seçilir: Filtrelerden Dönem Tarihi filtresine 2021 Temmuz dropdowndan degeri seçilir

2021-11-12 17:24:34 - [MESSAGE][PASSED] - Filtrelerden Dönem Tarihi filtresine 2021 Temmuz dropdowndan degeri seçilir

2021-11-12 17:24:34 - [TEST_STEP][PASSED] - Filtre butonlarından Listele seçilir: Filtre butonlarından Listele seçilir

2021-11-12 17:24:34 - [MESSAGE][PASSED] - Filtre butonlarından Listele seçilir

2021-11-12 17:24:34 - [TEST_STEP][PASSED] - Tabloda veri var mı kontrol edilir: Tabloda veri var mı kontrol edilir

2021-11-12 17:24:34 - [MESSAGE][PASSED] - Tabloda veri var mı kontrol edilir

2021-11-12 17:24:34 - [TEST_STEP][PASSED] - Tablodan 2712999 isimli veri seçilir: Tablodan 2712999 isimli veri seçilir

2021-11-12 17:24:34 - [MESSAGE][PASSED] - Tablodan 2712999 isimli veri seçilir

2021-11-12 17:24:34 - [TEST_STEP][PASSED] - Butonlardan Yeniden Oluştur isimli butona tıklanır: Butonlardan Yeniden Oluştur isimli butona tıklanır

2021-11-12 17:24:34 - [MESSAGE][PASSED] - Butonlardan Yeniden Oluştur isimli butona tıklanır

2021-11-12 17:24:34 - [TEST_STEP][PASSED] - Popup mesajı Seçtiğiniz kayıtlardan sadece uygun statüdeki raporlar yeniden oluşturulacaktır. Devam etmek istiyor musunuz? içeriyor mu: Popup mesajı Seçtiğiniz kayıtlardan sadece uygun statüdeki raporlar yeniden oluşturulacaktır. Devam etmek istiyor musunuz? içeriyor mu

2021-11-12 17:24:34 - [MESSAGE][PASSED] - Popup mesajı Seçtiğiniz kayıtlardan sadece uygun statüdeki raporlar yeniden oluşturulacaktır. Devam etmek istiyor musunuz? içeriyor mu

2021-11-12 17:24:34 - [TEST_STEP][PASSED] - Yönetim popupında Evet seçilir: Yönetim popupında Evet seçilir

2021-11-12 17:24:34 - [MESSAGE][PASSED] - Yönetim popupında Evet seçilir

2021-11-12 17:24:34 - [TEST_STEP][PASSED] - Tabloda Rapor Oluşturulmak İçin Kuyrukta veya Rapor Yeniden Oluşturulacak veya Rapor Oluşturuldu verilerinden biri oluşturuldu mu: Tabloda Rapor Oluşturulmak İçin Kuyrukta veya Rapor Yeniden Oluşturulacak veya Rapor Oluşturuldu verilerinden biri oluşturuldu mu

2021-11-12 17:24:34 - [MESSAGE][PASSED] - Tabloda Rapor Oluşturulmak İçin Kuyrukta veya Rapor Yeniden Oluşturulacak veya Rapor Oluşturuldu verilerinden biri oluşturuldu mu

2021-11-12 17:24:34 - [TEST_STEP][PASSED] - Kullanıcı işlemlerinden Çıkış seçilir: Kullanıcı işlemlerinden Çıkış seçilir

2021-11-12 17:24:34 - [MESSAGE][PASSED] - Kullanıcı işlemlerinden Çıkış seçilir

2021-11-12 17:24:34 - [MESSAGE][PASSED] - Feature file: 'Include/features/e-Arsiv/e-Arsiv Hareketleri/e-Arsiv Raporlari/Yeniden Olustur.feature' was passed

2021-11-12 17:24:34 - [TEST_STEP][PASSED] - Start listener action : sampleAfterTestSuite: Invoke 'com.kms.katalon.core.annotation.AfterTestCase' method: 'Listener.sampleAfterTestSuite(...)' completed.

2021-11-12 17:24:34 - [MESSAGE][INFO] - Starting invoke 'com.kms.katalon.core.annotation.AfterTestCase' method: 'Listener.sampleAfterTestSuite(...)'

2021-11-12 17:24:34 - [TEST_STEP][PASSED] - closeBrowser(): Invoke 'com.kms.katalon.core.annotation.AfterTestCase' method: 'Listener.sampleAfterTestSuite(...)' completed.

2021-11-12 17:24:34 - [MESSAGE][INFO] - Closing browser

2021-11-12 17:24:35 - [MESSAGE][PASSED] - Browser is closed

2021-11-12 17:24:35 - [MESSAGE][INFO] - Invoke 'com.kms.katalon.core.annotation.AfterTestCase' method: 'Listener.sampleAfterTestSuite(...)' completed.]]></system-out>
         <system-err><![CDATA[]]></system-err>
      </testcase>
      <testcase name="Test Cases/Case Repository/e-Arsiv/Erisim Kontrol" time="83.047" classname="Test Cases/Case Repository/e-Arsiv/Erisim Kontrol" status="PASSED">
         <system-out><![CDATA[2021-11-12 17:24:35 - [TEST_CASE][PASSED] - Test Cases/Case Repository/e-Arsiv/Erisim Kontrol: Test Cases/Case Repository/e-Arsiv/Erisim Kontrol

2021-11-12 17:24:35 - [TEST_STEP][PASSED] - Start listener action : sampleBeforeTestSuite: Invoke 'com.kms.katalon.core.annotation.BeforeTestCase' method: 'Listener.sampleBeforeTestSuite(...)' completed.

2021-11-12 17:24:35 - [MESSAGE][INFO] - Starting invoke 'com.kms.katalon.core.annotation.BeforeTestCase' method: 'Listener.sampleBeforeTestSuite(...)'

2021-11-12 17:24:35 - [TEST_STEP][PASSED] - openBrowser(baseUrl): Browser is opened with url: 'https://efatura-stage.elogo.com.tr/'

2021-11-12 17:24:35 - [MESSAGE][INFO] - Opening browser

2021-11-12 17:24:35 - [MESSAGE][INFO] - Starting 'Chrome' driver

2021-11-12 17:24:35 - [MESSAGE][INFO] - User set preference: ['prefs', '{download.default_directory=C:\otomasyondownfiles}']

2021-11-12 17:24:35 - [MESSAGE][INFO] - Action delay is set to 0 milliseconds

2021-11-12 17:24:36 - [MESSAGE][INFO] - Navigating browser to: 'https://efatura-stage.elogo.com.tr/'

2021-11-12 17:24:38 - [MESSAGE][PASSED] - Browser is opened with url: 'https://efatura-stage.elogo.com.tr/'

2021-11-12 17:24:38 - [TEST_STEP][PASSED] - maximizeWindow(): Invoke 'com.kms.katalon.core.annotation.BeforeTestCase' method: 'Listener.sampleBeforeTestSuite(...)' completed.

2021-11-12 17:24:38 - [MESSAGE][INFO] - Maximizing current window

2021-11-12 17:24:38 - [MESSAGE][PASSED] - Current window maximized

2021-11-12 17:24:38 - [MESSAGE][INFO] - Invoke 'com.kms.katalon.core.annotation.BeforeTestCase' method: 'Listener.sampleBeforeTestSuite(...)' completed.

2021-11-12 17:24:39 - [TEST_STEP][PASSED] - runFeatureFile("Include/features/e-Arsiv/Erisim Kontrol.feature"): Feature file: 'Include/features/e-Arsiv/Erisim Kontrol.feature' was passed

2021-11-12 17:24:39 - [MESSAGE][INFO] - Starting run keyword runFeatureFile: 'Include/features/e-Arsiv/Erisim Kontrol.feature' and extract report to folder: 'C:\Users\DELL\Documents\GitHub\EES_KatalonLogo\Reports\20211112_170311\Suite Repository\e-Arsiv\20211112_170317/cucumber_report/1636727079792'...

2021-11-12 17:24:39 - [MESSAGE][INFO] - Glue: []

2021-11-12 17:24:41 - [MESSAGE][INFO] - Checking called Test Case

2021-11-12 17:24:41 - [MESSAGE][INFO] - Starting to call Test Case 'Test Cases/Sayfalar/Giris_Sayfasi/Login'

2021-11-12 17:24:41 - [TEST_CASE][PASSED] - Test Cases/Sayfalar/Giris_Sayfasi/Login: Test Cases/Sayfalar/Giris_Sayfasi/Login

2021-11-12 17:24:41 - [TEST_STEP][PASSED] - Sayfa_Basligi = getWindowTitle(): Current window's title is: 'LOGO e-Fatura'

2021-11-12 17:24:41 - [MESSAGE][INFO] - Getting current window's title

2021-11-12 17:24:41 - [MESSAGE][PASSED] - Current window's title is: 'LOGO e-Fatura'

2021-11-12 17:24:41 - [TEST_STEP][PASSED] - verifyMatch(Sayfa_Basligi, "LOGO e-Fatura", false): Actual text 'LOGO e-Fatura' and expected text 'LOGO e-Fatura' are matched 

2021-11-12 17:24:41 - [MESSAGE][INFO] - Matching actual text 'LOGO e-Fatura' with expected text 'LOGO e-Fatura'

2021-11-12 17:24:41 - [MESSAGE][PASSED] - Actual text 'LOGO e-Fatura' and expected text 'LOGO e-Fatura' are matched 

2021-11-12 17:24:41 - [TEST_STEP][PASSED] - sendKeys(findTestObject("Sayfalar/Giris_Sayfasi/Firma_Kodu"), KullaniciAdi): Keys 'ELOGO6' sent to object: 'Object Repository/Sayfalar/Giris_Sayfasi/Firma_Kodu'

2021-11-12 17:24:41 - [MESSAGE][INFO] - Finding Test Object 'Object Repository/Sayfalar/Giris_Sayfasi/Firma_Kodu'

2021-11-12 17:24:41 - [MESSAGE][INFO] - Sending keys 'ELOGO6' to object: 'Object Repository/Sayfalar/Giris_Sayfasi/Firma_Kodu'

2021-11-12 17:24:41 - [MESSAGE][INFO] - Finding web element from Test Object's properties

2021-11-12 17:24:41 - [MESSAGE][INFO] - Checking timeout

2021-11-12 17:24:41 - [MESSAGE][INFO] - Finding web element with id: 'Object Repository/Sayfalar/Giris_Sayfasi/Firma_Kodu' located by 'By.xpath: //*[@id = 'AccountName']' in '30' second(s)

2021-11-12 17:24:41 - [MESSAGE][INFO] - Smart Wait Function is triggered

2021-11-12 17:24:41 - [MESSAGE][INFO] - Found 1 web elements with id: 'Object Repository/Sayfalar/Giris_Sayfasi/Firma_Kodu' located by 'By.xpath: //*[@id = 'AccountName']' in '30' second(s)

2021-11-12 17:24:41 - [MESSAGE][PASSED] - Keys 'ELOGO6' sent to object: 'Object Repository/Sayfalar/Giris_Sayfasi/Firma_Kodu'

2021-11-12 17:24:41 - [TEST_STEP][PASSED] - sendKeys(findTestObject("Sayfalar/Giris_Sayfasi/Sifre"), Sifre): Keys '123456' sent to object: 'Object Repository/Sayfalar/Giris_Sayfasi/Sifre'

2021-11-12 17:24:41 - [MESSAGE][INFO] - Finding Test Object 'Object Repository/Sayfalar/Giris_Sayfasi/Sifre'

2021-11-12 17:24:41 - [MESSAGE][INFO] - Sending keys '123456' to object: 'Object Repository/Sayfalar/Giris_Sayfasi/Sifre'

2021-11-12 17:24:41 - [MESSAGE][INFO] - Finding web element from Test Object's properties

2021-11-12 17:24:41 - [MESSAGE][INFO] - Checking timeout

2021-11-12 17:24:41 - [MESSAGE][INFO] - Finding web element with id: 'Object Repository/Sayfalar/Giris_Sayfasi/Sifre' located by 'By.xpath: //*[@id = 'Password']' in '30' second(s)

2021-11-12 17:24:41 - [MESSAGE][INFO] - Smart Wait Function is triggered

2021-11-12 17:24:42 - [MESSAGE][INFO] - Found 1 web elements with id: 'Object Repository/Sayfalar/Giris_Sayfasi/Sifre' located by 'By.xpath: //*[@id = 'Password']' in '30' second(s)

2021-11-12 17:24:42 - [MESSAGE][PASSED] - Keys '123456' sent to object: 'Object Repository/Sayfalar/Giris_Sayfasi/Sifre'

2021-11-12 17:24:42 - [TEST_STEP][PASSED] - findWebElement(findTestObject("Sayfalar/Giris_Sayfasi/Giris_Butonu")).click(): Found 1 web elements with id: 'Object Repository/Sayfalar/Giris_Sayfasi/Giris_Butonu' located by 'By.cssSelector: #btnLogin' in '30' second(s)

2021-11-12 17:24:42 - [MESSAGE][INFO] - Finding Test Object 'Object Repository/Sayfalar/Giris_Sayfasi/Giris_Butonu'

2021-11-12 17:24:42 - [MESSAGE][INFO] - Finding web element from Test Object's properties

2021-11-12 17:24:42 - [MESSAGE][INFO] - Checking timeout

2021-11-12 17:24:42 - [MESSAGE][INFO] - Finding web element with id: 'Object Repository/Sayfalar/Giris_Sayfasi/Giris_Butonu' located by 'By.cssSelector: #btnLogin' in '30' second(s)

2021-11-12 17:24:42 - [MESSAGE][INFO] - Smart Wait Function is triggered

2021-11-12 17:24:42 - [MESSAGE][INFO] - Found 1 web elements with id: 'Object Repository/Sayfalar/Giris_Sayfasi/Giris_Butonu' located by 'By.cssSelector: #btnLogin' in '30' second(s)

2021-11-12 17:24:44 - [TEST_STEP][PASSED] - if (verifyElementPresent(findTestObject("Object Repository/Sayfalar/Giris_Sayfasi/RetveTamam_Butonu"), 5, OPTIONAL)): null

2021-11-12 17:24:44 - [MESSAGE][INFO] - Finding Test Object 'Object Repository/Sayfalar/Giris_Sayfasi/RetveTamam_Butonu'

2021-11-12 17:24:44 - [MESSAGE][INFO] - Checking object

2021-11-12 17:24:44 - [MESSAGE][INFO] - Finding web element from Test Object's properties

2021-11-12 17:24:44 - [MESSAGE][INFO] - Checking timeout

2021-11-12 17:24:44 - [MESSAGE][INFO] - Finding web element with id: 'Object Repository/Sayfalar/Giris_Sayfasi/RetveTamam_Butonu' located by 'By.xpath: //*[@class = 'btn btn-default']' in '5' second(s)

2021-11-12 17:24:44 - [MESSAGE][INFO] - Smart Wait Function is triggered

2021-11-12 17:24:45 - [MESSAGE][INFO] - Found 1 web elements with id: 'Object Repository/Sayfalar/Giris_Sayfasi/RetveTamam_Butonu' located by 'By.xpath: //*[@class = 'btn btn-default']' in '5' second(s)

2021-11-12 17:24:45 - [MESSAGE][PASSED] - Object 'Object Repository/Sayfalar/Giris_Sayfasi/RetveTamam_Butonu' is present

2021-11-12 17:24:45 - [TEST_STEP][PASSED] - click(findTestObject("Object Repository/Sayfalar/Giris_Sayfasi/RetveTamam_Butonu")): Object: 'Object Repository/Sayfalar/Giris_Sayfasi/RetveTamam_Butonu' is clicked on

2021-11-12 17:24:45 - [MESSAGE][INFO] - Finding Test Object 'Object Repository/Sayfalar/Giris_Sayfasi/RetveTamam_Butonu'

2021-11-12 17:24:45 - [MESSAGE][INFO] - Checking object

2021-11-12 17:24:45 - [MESSAGE][INFO] - Finding web element from Test Object's properties

2021-11-12 17:24:45 - [MESSAGE][INFO] - Checking timeout

2021-11-12 17:24:45 - [MESSAGE][INFO] - Finding web element with id: 'Object Repository/Sayfalar/Giris_Sayfasi/RetveTamam_Butonu' located by 'By.xpath: //*[@class = 'btn btn-default']' in '30' second(s)

2021-11-12 17:24:45 - [MESSAGE][INFO] - Smart Wait Function is triggered

2021-11-12 17:24:45 - [MESSAGE][INFO] - Found 1 web elements with id: 'Object Repository/Sayfalar/Giris_Sayfasi/RetveTamam_Butonu' located by 'By.xpath: //*[@class = 'btn btn-default']' in '30' second(s)

2021-11-12 17:24:45 - [MESSAGE][INFO] - Clicking on object: 'Object Repository/Sayfalar/Giris_Sayfasi/RetveTamam_Butonu'

2021-11-12 17:24:45 - [MESSAGE][PASSED] - Object: 'Object Repository/Sayfalar/Giris_Sayfasi/RetveTamam_Butonu' is clicked on

2021-11-12 17:24:45 - [TEST_STEP][PASSED] - click(findTestObject("Object Repository/Sayfalar/Giris_Sayfasi/RetveTamam_Butonu")): Object: 'Object Repository/Sayfalar/Giris_Sayfasi/RetveTamam_Butonu' is clicked on

2021-11-12 17:24:45 - [MESSAGE][INFO] - Finding Test Object 'Object Repository/Sayfalar/Giris_Sayfasi/RetveTamam_Butonu'

2021-11-12 17:24:45 - [MESSAGE][INFO] - Checking object

2021-11-12 17:24:45 - [MESSAGE][INFO] - Finding web element from Test Object's properties

2021-11-12 17:24:45 - [MESSAGE][INFO] - Checking timeout

2021-11-12 17:24:45 - [MESSAGE][INFO] - Finding web element with id: 'Object Repository/Sayfalar/Giris_Sayfasi/RetveTamam_Butonu' located by 'By.xpath: //*[@class = 'btn btn-default']' in '30' second(s)

2021-11-12 17:24:45 - [MESSAGE][INFO] - Smart Wait Function is triggered

2021-11-12 17:24:48 - [MESSAGE][INFO] - Found 1 web elements with id: 'Object Repository/Sayfalar/Giris_Sayfasi/RetveTamam_Butonu' located by 'By.xpath: //*[@class = 'btn btn-default']' in '30' second(s)

2021-11-12 17:24:48 - [MESSAGE][INFO] - Clicking on object: 'Object Repository/Sayfalar/Giris_Sayfasi/RetveTamam_Butonu'

2021-11-12 17:24:48 - [MESSAGE][PASSED] - Object: 'Object Repository/Sayfalar/Giris_Sayfasi/RetveTamam_Butonu' is clicked on

2021-11-12 17:24:48 - [TEST_STEP][PASSED] - if (verifyElementPresent(findTestObject("Sayfalar/Giris_Sayfasi/PopupOK"), 5, OPTIONAL)): null

2021-11-12 17:24:48 - [MESSAGE][INFO] - Finding Test Object 'Object Repository/Sayfalar/Giris_Sayfasi/PopupOK'

2021-11-12 17:24:48 - [MESSAGE][INFO] - Checking object

2021-11-12 17:24:48 - [MESSAGE][INFO] - Finding web element from Test Object's properties

2021-11-12 17:24:48 - [MESSAGE][INFO] - Checking timeout

2021-11-12 17:24:48 - [MESSAGE][INFO] - Finding web element with id: 'Object Repository/Sayfalar/Giris_Sayfasi/PopupOK' located by 'By.cssSelector: .btn.btn-success' in '5' second(s)

2021-11-12 17:24:48 - [MESSAGE][INFO] - Smart Wait Function is triggered

2021-11-12 17:24:49 - [MESSAGE][INFO] - Found 1 web elements with id: 'Object Repository/Sayfalar/Giris_Sayfasi/PopupOK' located by 'By.cssSelector: .btn.btn-success' in '5' second(s)

2021-11-12 17:24:49 - [MESSAGE][PASSED] - Object 'Object Repository/Sayfalar/Giris_Sayfasi/PopupOK' is present

2021-11-12 17:24:49 - [TEST_STEP][PASSED] - click(findTestObject("Object Repository/Sayfalar/Giris_Sayfasi/PopupCarpiGiris")): Object: 'Object Repository/Sayfalar/Giris_Sayfasi/PopupCarpiGiris' is clicked on

2021-11-12 17:24:49 - [MESSAGE][INFO] - Finding Test Object 'Object Repository/Sayfalar/Giris_Sayfasi/PopupCarpiGiris'

2021-11-12 17:24:49 - [MESSAGE][INFO] - Checking object

2021-11-12 17:24:49 - [MESSAGE][INFO] - Finding web element from Test Object's properties

2021-11-12 17:24:49 - [MESSAGE][INFO] - Checking timeout

2021-11-12 17:24:49 - [MESSAGE][INFO] - Finding web element with id: 'Object Repository/Sayfalar/Giris_Sayfasi/PopupCarpiGiris' located by 'By.cssSelector: .bootbox-close-button.close' in '30' second(s)

2021-11-12 17:24:49 - [MESSAGE][INFO] - Smart Wait Function is triggered

2021-11-12 17:24:50 - [MESSAGE][INFO] - Found 1 web elements with id: 'Object Repository/Sayfalar/Giris_Sayfasi/PopupCarpiGiris' located by 'By.cssSelector: .bootbox-close-button.close' in '30' second(s)

2021-11-12 17:24:50 - [MESSAGE][INFO] - Clicking on object: 'Object Repository/Sayfalar/Giris_Sayfasi/PopupCarpiGiris'

2021-11-12 17:24:50 - [MESSAGE][PASSED] - Object: 'Object Repository/Sayfalar/Giris_Sayfasi/PopupCarpiGiris' is clicked on

2021-11-12 17:24:50 - [TEST_STEP][PASSED] - verifyElementVisible(findTestObject("Object Repository/Kullanici_Islemleri/KullaniciIslemleri")): Object 'Object Repository/Kullanici_Islemleri/KullaniciIslemleri' is visible

2021-11-12 17:24:50 - [MESSAGE][INFO] - Finding Test Object 'Object Repository/Kullanici_Islemleri/KullaniciIslemleri'

2021-11-12 17:24:50 - [MESSAGE][INFO] - Checking object

2021-11-12 17:24:50 - [MESSAGE][INFO] - Finding web element from Test Object's properties

2021-11-12 17:24:50 - [MESSAGE][INFO] - Checking timeout

2021-11-12 17:24:50 - [MESSAGE][INFO] - Finding web element with id: 'Object Repository/Kullanici_Islemleri/KullaniciIslemleri' located by 'By.cssSelector: .dropdown>a>img' in '30' second(s)

2021-11-12 17:24:50 - [MESSAGE][INFO] - Smart Wait Function is triggered

2021-11-12 17:24:51 - [MESSAGE][INFO] - Found 1 web elements with id: 'Object Repository/Kullanici_Islemleri/KullaniciIslemleri' located by 'By.cssSelector: .dropdown>a>img' in '30' second(s)

2021-11-12 17:24:51 - [MESSAGE][PASSED] - Object 'Object Repository/Kullanici_Islemleri/KullaniciIslemleri' is visible

2021-11-12 17:24:51 - [MESSAGE][PASSED] - Call Test Case 'Test Cases/Sayfalar/Giris_Sayfasi/Login' successfully

2021-11-12 17:24:51 - [MESSAGE][INFO] - Checking called Test Case

2021-11-12 17:24:51 - [MESSAGE][INFO] - Starting to call Test Case 'Test Cases/Sekmeler/LinkSecilir'

2021-11-12 17:24:51 - [TEST_CASE][PASSED] - Test Cases/Sekmeler/LinkSecilir: Test Cases/Sekmeler/LinkSecilir

2021-11-12 17:24:52 - [TEST_STEP][PASSED] - navigateToUrl(Link, STOP_ON_FAILURE): Navigate to 'https://efatura-stage.elogo.com.tr/EArchive/DisplayFileReport?fileType=xml&ids=2720727' successfully

2021-11-12 17:24:52 - [MESSAGE][INFO] - Checking url

2021-11-12 17:24:52 - [MESSAGE][INFO] - Navigating to 'https://efatura-stage.elogo.com.tr/EArchive/DisplayFileReport?fileType=xml&ids=2720727'

2021-11-12 17:24:53 - [MESSAGE][PASSED] - Navigate to 'https://efatura-stage.elogo.com.tr/EArchive/DisplayFileReport?fileType=xml&ids=2720727' successfully

2021-11-12 17:24:53 - [TEST_STEP][PASSED] - delay(2): Delayed 2 second(s)

2021-11-12 17:24:53 - [MESSAGE][INFO] - Delaying browser in 2 second(s)

2021-11-12 17:24:55 - [MESSAGE][PASSED] - Delayed 2 second(s)

2021-11-12 17:24:55 - [MESSAGE][PASSED] - Call Test Case 'Test Cases/Sekmeler/LinkSecilir' successfully

2021-11-12 17:24:55 - [MESSAGE][INFO] - Checking called Test Case

2021-11-12 17:24:55 - [MESSAGE][INFO] - Starting to call Test Case 'Test Cases/Sekmeler/TagGeldiMi'

2021-11-12 17:24:55 - [TEST_CASE][PASSED] - Test Cases/Sekmeler/TagGeldiMi: Test Cases/Sekmeler/TagGeldiMi

2021-11-12 17:24:55 - [TEST_STEP][PASSED] - waitForElementPresent(findTestObject("Object Repository/Sekmeler/UBLTag"), 10): Object 'Object Repository/Sekmeler/UBLTag' is present

2021-11-12 17:24:55 - [MESSAGE][INFO] - Finding Test Object 'Object Repository/Sekmeler/UBLTag'

2021-11-12 17:24:55 - [MESSAGE][INFO] - Checking object

2021-11-12 17:24:55 - [MESSAGE][INFO] - Finding web element from Test Object's properties

2021-11-12 17:24:55 - [MESSAGE][INFO] - Checking timeout

2021-11-12 17:24:55 - [MESSAGE][INFO] - Finding web element with id: 'Object Repository/Sekmeler/UBLTag' located by 'By.cssSelector: #webkit-xml-viewer-source-xml>:first-child' in '10' second(s)

2021-11-12 17:24:55 - [MESSAGE][INFO] - Smart Wait Function is triggered

2021-11-12 17:24:55 - [MESSAGE][INFO] - Found 1 web elements with id: 'Object Repository/Sekmeler/UBLTag' located by 'By.cssSelector: #webkit-xml-viewer-source-xml>:first-child' in '10' second(s)

2021-11-12 17:24:55 - [MESSAGE][PASSED] - Object 'Object Repository/Sekmeler/UBLTag' is present

2021-11-12 17:24:55 - [TEST_STEP][PASSED] - println(toLowerCase().toString()): Found 1 web elements with id: 'Object Repository/Sekmeler/UBLTag' located by 'By.cssSelector: #webkit-xml-viewer-source-xml>:first-child' in '10' second(s)

2021-11-12 17:24:55 - [MESSAGE][INFO] - Finding Test Object 'Object Repository/Sekmeler/UBLTag'

2021-11-12 17:24:55 - [MESSAGE][INFO] - Finding web element from Test Object's properties

2021-11-12 17:24:55 - [MESSAGE][INFO] - Checking timeout

2021-11-12 17:24:55 - [MESSAGE][INFO] - Finding web element with id: 'Object Repository/Sekmeler/UBLTag' located by 'By.cssSelector: #webkit-xml-viewer-source-xml>:first-child' in '10' second(s)

2021-11-12 17:24:55 - [MESSAGE][INFO] - Smart Wait Function is triggered

2021-11-12 17:24:55 - [MESSAGE][INFO] - Found 1 web elements with id: 'Object Repository/Sekmeler/UBLTag' located by 'By.cssSelector: #webkit-xml-viewer-source-xml>:first-child' in '10' second(s)

2021-11-12 17:24:55 - [TEST_STEP][PASSED] - if (!(toString().contains(toString().toLowerCase()))): Found 1 web elements with id: 'Object Repository/Sekmeler/UBLTag' located by 'By.cssSelector: #webkit-xml-viewer-source-xml>:first-child' in '10' second(s)

2021-11-12 17:24:55 - [MESSAGE][INFO] - Finding Test Object 'Object Repository/Sekmeler/UBLTag'

2021-11-12 17:24:56 - [MESSAGE][INFO] - Finding web element from Test Object's properties

2021-11-12 17:24:56 - [MESSAGE][INFO] - Checking timeout

2021-11-12 17:24:56 - [MESSAGE][INFO] - Finding web element with id: 'Object Repository/Sekmeler/UBLTag' located by 'By.cssSelector: #webkit-xml-viewer-source-xml>:first-child' in '10' second(s)

2021-11-12 17:24:56 - [MESSAGE][INFO] - Smart Wait Function is triggered

2021-11-12 17:24:56 - [MESSAGE][INFO] - Found 1 web elements with id: 'Object Repository/Sekmeler/UBLTag' located by 'By.cssSelector: #webkit-xml-viewer-source-xml>:first-child' in '10' second(s)

2021-11-12 17:24:56 - [MESSAGE][PASSED] - Call Test Case 'Test Cases/Sekmeler/TagGeldiMi' successfully

2021-11-12 17:24:56 - [MESSAGE][INFO] - Checking called Test Case

2021-11-12 17:24:56 - [MESSAGE][INFO] - Starting to call Test Case 'Test Cases/Sekmeler/LinkSecilir'

2021-11-12 17:24:56 - [TEST_CASE][PASSED] - Test Cases/Sekmeler/LinkSecilir: Test Cases/Sekmeler/LinkSecilir

2021-11-12 17:24:56 - [TEST_STEP][PASSED] - navigateToUrl(Link, STOP_ON_FAILURE): Navigate to 'https://efatura-stage.elogo.com.tr/EArchive/DisplayFileReport?fileType=html&ids=2720727' successfully

2021-11-12 17:24:56 - [MESSAGE][INFO] - Checking url

2021-11-12 17:24:56 - [MESSAGE][INFO] - Navigating to 'https://efatura-stage.elogo.com.tr/EArchive/DisplayFileReport?fileType=html&ids=2720727'

2021-11-12 17:24:57 - [MESSAGE][PASSED] - Navigate to 'https://efatura-stage.elogo.com.tr/EArchive/DisplayFileReport?fileType=html&ids=2720727' successfully

2021-11-12 17:24:57 - [TEST_STEP][PASSED] - delay(2): Delayed 2 second(s)

2021-11-12 17:24:57 - [MESSAGE][INFO] - Delaying browser in 2 second(s)

2021-11-12 17:24:59 - [MESSAGE][PASSED] - Delayed 2 second(s)

2021-11-12 17:24:59 - [MESSAGE][PASSED] - Call Test Case 'Test Cases/Sekmeler/LinkSecilir' successfully

2021-11-12 17:24:59 - [MESSAGE][INFO] - Checking called Test Case

2021-11-12 17:24:59 - [MESSAGE][INFO] - Starting to call Test Case 'Test Cases/Popup/PopupAcildimi'

2021-11-12 17:24:59 - [TEST_CASE][PASSED] - Test Cases/Popup/PopupAcildimi: Test Cases/Popup/PopupAcildimi

2021-11-12 17:24:59 - [TEST_STEP][PASSED] - verifyElementText(findTestObject("Object Repository/Popup/PopupBaslik"), Name): Actual text and expected text of test object 'Object Repository/Popup/PopupBaslik' are matched.

2021-11-12 17:24:59 - [MESSAGE][INFO] - Finding Test Object 'Object Repository/Popup/PopupBaslik'

2021-11-12 17:24:59 - [MESSAGE][INFO] - Checking object

2021-11-12 17:24:59 - [MESSAGE][INFO] - Finding web element from Test Object's properties

2021-11-12 17:24:59 - [MESSAGE][INFO] - Checking timeout

2021-11-12 17:24:59 - [MESSAGE][INFO] - Finding web element with id: 'Object Repository/Popup/PopupBaslik' located by 'By.cssSelector: body h4' in '30' second(s)

2021-11-12 17:24:59 - [MESSAGE][INFO] - Smart Wait Function is triggered

2021-11-12 17:24:59 - [MESSAGE][INFO] - Found 1 web elements with id: 'Object Repository/Popup/PopupBaslik' located by 'By.cssSelector: body h4' in '30' second(s)

2021-11-12 17:24:59 - [MESSAGE][PASSED] - Actual text and expected text of test object 'Object Repository/Popup/PopupBaslik' are matched.

2021-11-12 17:24:59 - [MESSAGE][PASSED] - Call Test Case 'Test Cases/Popup/PopupAcildimi' successfully

2021-11-12 17:24:59 - [MESSAGE][INFO] - Checking called Test Case

2021-11-12 17:24:59 - [MESSAGE][INFO] - Starting to call Test Case 'Test Cases/Sekmeler/LinkSecilir'

2021-11-12 17:24:59 - [TEST_CASE][PASSED] - Test Cases/Sekmeler/LinkSecilir: Test Cases/Sekmeler/LinkSecilir

2021-11-12 17:24:59 - [TEST_STEP][PASSED] - navigateToUrl(Link, STOP_ON_FAILURE): Navigate to 'https://efatura-stage.elogo.com.tr/InvoiceCreation/DisplayUBL?id=41324&invoiceCreationType=0&userDocType=1' successfully

2021-11-12 17:24:59 - [MESSAGE][INFO] - Checking url

2021-11-12 17:24:59 - [MESSAGE][INFO] - Navigating to 'https://efatura-stage.elogo.com.tr/InvoiceCreation/DisplayUBL?id=41324&invoiceCreationType=0&userDocType=1'

2021-11-12 17:25:00 - [MESSAGE][PASSED] - Navigate to 'https://efatura-stage.elogo.com.tr/InvoiceCreation/DisplayUBL?id=41324&invoiceCreationType=0&userDocType=1' successfully

2021-11-12 17:25:00 - [TEST_STEP][PASSED] - delay(2): Delayed 2 second(s)

2021-11-12 17:25:00 - [MESSAGE][INFO] - Delaying browser in 2 second(s)

2021-11-12 17:25:02 - [MESSAGE][PASSED] - Delayed 2 second(s)

2021-11-12 17:25:02 - [MESSAGE][PASSED] - Call Test Case 'Test Cases/Sekmeler/LinkSecilir' successfully

2021-11-12 17:25:02 - [MESSAGE][INFO] - Checking called Test Case

2021-11-12 17:25:02 - [MESSAGE][INFO] - Starting to call Test Case 'Test Cases/Sekmeler/TagGeldiMi'

2021-11-12 17:25:02 - [TEST_CASE][PASSED] - Test Cases/Sekmeler/TagGeldiMi: Test Cases/Sekmeler/TagGeldiMi

2021-11-12 17:25:02 - [TEST_STEP][PASSED] - waitForElementPresent(findTestObject("Object Repository/Sekmeler/UBLTag"), 10): Object 'Object Repository/Sekmeler/UBLTag' is present

2021-11-12 17:25:02 - [MESSAGE][INFO] - Finding Test Object 'Object Repository/Sekmeler/UBLTag'

2021-11-12 17:25:02 - [MESSAGE][INFO] - Checking object

2021-11-12 17:25:02 - [MESSAGE][INFO] - Finding web element from Test Object's properties

2021-11-12 17:25:02 - [MESSAGE][INFO] - Checking timeout

2021-11-12 17:25:02 - [MESSAGE][INFO] - Finding web element with id: 'Object Repository/Sekmeler/UBLTag' located by 'By.cssSelector: #webkit-xml-viewer-source-xml>:first-child' in '10' second(s)

2021-11-12 17:25:02 - [MESSAGE][INFO] - Smart Wait Function is triggered

2021-11-12 17:25:02 - [MESSAGE][INFO] - Found 1 web elements with id: 'Object Repository/Sekmeler/UBLTag' located by 'By.cssSelector: #webkit-xml-viewer-source-xml>:first-child' in '10' second(s)

2021-11-12 17:25:02 - [MESSAGE][PASSED] - Object 'Object Repository/Sekmeler/UBLTag' is present

2021-11-12 17:25:02 - [TEST_STEP][PASSED] - println(toLowerCase().toString()): Found 1 web elements with id: 'Object Repository/Sekmeler/UBLTag' located by 'By.cssSelector: #webkit-xml-viewer-source-xml>:first-child' in '10' second(s)

2021-11-12 17:25:02 - [MESSAGE][INFO] - Finding Test Object 'Object Repository/Sekmeler/UBLTag'

2021-11-12 17:25:02 - [MESSAGE][INFO] - Finding web element from Test Object's properties

2021-11-12 17:25:02 - [MESSAGE][INFO] - Checking timeout

2021-11-12 17:25:02 - [MESSAGE][INFO] - Finding web element with id: 'Object Repository/Sekmeler/UBLTag' located by 'By.cssSelector: #webkit-xml-viewer-source-xml>:first-child' in '10' second(s)

2021-11-12 17:25:02 - [MESSAGE][INFO] - Smart Wait Function is triggered

2021-11-12 17:25:02 - [MESSAGE][INFO] - Found 1 web elements with id: 'Object Repository/Sekmeler/UBLTag' located by 'By.cssSelector: #webkit-xml-viewer-source-xml>:first-child' in '10' second(s)

2021-11-12 17:25:02 - [TEST_STEP][PASSED] - if (!(toString().contains(toString().toLowerCase()))): Found 1 web elements with id: 'Object Repository/Sekmeler/UBLTag' located by 'By.cssSelector: #webkit-xml-viewer-source-xml>:first-child' in '10' second(s)

2021-11-12 17:25:02 - [MESSAGE][INFO] - Finding Test Object 'Object Repository/Sekmeler/UBLTag'

2021-11-12 17:25:02 - [MESSAGE][INFO] - Finding web element from Test Object's properties

2021-11-12 17:25:02 - [MESSAGE][INFO] - Checking timeout

2021-11-12 17:25:02 - [MESSAGE][INFO] - Finding web element with id: 'Object Repository/Sekmeler/UBLTag' located by 'By.cssSelector: #webkit-xml-viewer-source-xml>:first-child' in '10' second(s)

2021-11-12 17:25:02 - [MESSAGE][INFO] - Smart Wait Function is triggered

2021-11-12 17:25:02 - [MESSAGE][INFO] - Found 1 web elements with id: 'Object Repository/Sekmeler/UBLTag' located by 'By.cssSelector: #webkit-xml-viewer-source-xml>:first-child' in '10' second(s)

2021-11-12 17:25:02 - [MESSAGE][PASSED] - Call Test Case 'Test Cases/Sekmeler/TagGeldiMi' successfully

2021-11-12 17:25:02 - [MESSAGE][INFO] - Checking called Test Case

2021-11-12 17:25:02 - [MESSAGE][INFO] - Starting to call Test Case 'Test Cases/Sekmeler/LinkSecilir'

2021-11-12 17:25:02 - [TEST_CASE][PASSED] - Test Cases/Sekmeler/LinkSecilir: Test Cases/Sekmeler/LinkSecilir

2021-11-12 17:25:02 - [TEST_STEP][PASSED] - navigateToUrl(Link, STOP_ON_FAILURE): Navigate to 'https://efatura-stage.elogo.com.tr/InvoiceCreation/DisplayUBL?id=41657&invoiceCreationType=1&userDocType=1' successfully

2021-11-12 17:25:02 - [MESSAGE][INFO] - Checking url

2021-11-12 17:25:02 - [MESSAGE][INFO] - Navigating to 'https://efatura-stage.elogo.com.tr/InvoiceCreation/DisplayUBL?id=41657&invoiceCreationType=1&userDocType=1'

2021-11-12 17:25:03 - [MESSAGE][PASSED] - Navigate to 'https://efatura-stage.elogo.com.tr/InvoiceCreation/DisplayUBL?id=41657&invoiceCreationType=1&userDocType=1' successfully

2021-11-12 17:25:03 - [TEST_STEP][PASSED] - delay(2): Delayed 2 second(s)

2021-11-12 17:25:03 - [MESSAGE][INFO] - Delaying browser in 2 second(s)

2021-11-12 17:25:05 - [MESSAGE][PASSED] - Delayed 2 second(s)

2021-11-12 17:25:05 - [MESSAGE][PASSED] - Call Test Case 'Test Cases/Sekmeler/LinkSecilir' successfully

2021-11-12 17:25:05 - [MESSAGE][INFO] - Checking called Test Case

2021-11-12 17:25:05 - [MESSAGE][INFO] - Starting to call Test Case 'Test Cases/Sekmeler/TagGeldiMi'

2021-11-12 17:25:05 - [TEST_CASE][PASSED] - Test Cases/Sekmeler/TagGeldiMi: Test Cases/Sekmeler/TagGeldiMi

2021-11-12 17:25:05 - [TEST_STEP][PASSED] - waitForElementPresent(findTestObject("Object Repository/Sekmeler/UBLTag"), 10): Object 'Object Repository/Sekmeler/UBLTag' is present

2021-11-12 17:25:05 - [MESSAGE][INFO] - Finding Test Object 'Object Repository/Sekmeler/UBLTag'

2021-11-12 17:25:05 - [MESSAGE][INFO] - Checking object

2021-11-12 17:25:05 - [MESSAGE][INFO] - Finding web element from Test Object's properties

2021-11-12 17:25:05 - [MESSAGE][INFO] - Checking timeout

2021-11-12 17:25:05 - [MESSAGE][INFO] - Finding web element with id: 'Object Repository/Sekmeler/UBLTag' located by 'By.cssSelector: #webkit-xml-viewer-source-xml>:first-child' in '10' second(s)

2021-11-12 17:25:05 - [MESSAGE][INFO] - Smart Wait Function is triggered

2021-11-12 17:25:05 - [MESSAGE][INFO] - Found 1 web elements with id: 'Object Repository/Sekmeler/UBLTag' located by 'By.cssSelector: #webkit-xml-viewer-source-xml>:first-child' in '10' second(s)

2021-11-12 17:25:05 - [MESSAGE][PASSED] - Object 'Object Repository/Sekmeler/UBLTag' is present

2021-11-12 17:25:05 - [TEST_STEP][PASSED] - println(toLowerCase().toString()): Found 1 web elements with id: 'Object Repository/Sekmeler/UBLTag' located by 'By.cssSelector: #webkit-xml-viewer-source-xml>:first-child' in '10' second(s)

2021-11-12 17:25:05 - [MESSAGE][INFO] - Finding Test Object 'Object Repository/Sekmeler/UBLTag'

2021-11-12 17:25:05 - [MESSAGE][INFO] - Finding web element from Test Object's properties

2021-11-12 17:25:05 - [MESSAGE][INFO] - Checking timeout

2021-11-12 17:25:05 - [MESSAGE][INFO] - Finding web element with id: 'Object Repository/Sekmeler/UBLTag' located by 'By.cssSelector: #webkit-xml-viewer-source-xml>:first-child' in '10' second(s)

2021-11-12 17:25:05 - [MESSAGE][INFO] - Smart Wait Function is triggered

2021-11-12 17:25:05 - [MESSAGE][INFO] - Found 1 web elements with id: 'Object Repository/Sekmeler/UBLTag' located by 'By.cssSelector: #webkit-xml-viewer-source-xml>:first-child' in '10' second(s)

2021-11-12 17:25:05 - [TEST_STEP][PASSED] - if (!(toString().contains(toString().toLowerCase()))): Found 1 web elements with id: 'Object Repository/Sekmeler/UBLTag' located by 'By.cssSelector: #webkit-xml-viewer-source-xml>:first-child' in '10' second(s)

2021-11-12 17:25:05 - [MESSAGE][INFO] - Finding Test Object 'Object Repository/Sekmeler/UBLTag'

2021-11-12 17:25:05 - [MESSAGE][INFO] - Finding web element from Test Object's properties

2021-11-12 17:25:05 - [MESSAGE][INFO] - Checking timeout

2021-11-12 17:25:05 - [MESSAGE][INFO] - Finding web element with id: 'Object Repository/Sekmeler/UBLTag' located by 'By.cssSelector: #webkit-xml-viewer-source-xml>:first-child' in '10' second(s)

2021-11-12 17:25:05 - [MESSAGE][INFO] - Smart Wait Function is triggered

2021-11-12 17:25:05 - [MESSAGE][INFO] - Found 1 web elements with id: 'Object Repository/Sekmeler/UBLTag' located by 'By.cssSelector: #webkit-xml-viewer-source-xml>:first-child' in '10' second(s)

2021-11-12 17:25:05 - [MESSAGE][PASSED] - Call Test Case 'Test Cases/Sekmeler/TagGeldiMi' successfully

2021-11-12 17:25:05 - [MESSAGE][INFO] - Checking called Test Case

2021-11-12 17:25:05 - [MESSAGE][INFO] - Starting to call Test Case 'Test Cases/Sekmeler/LinkSecilir'

2021-11-12 17:25:05 - [TEST_CASE][PASSED] - Test Cases/Sekmeler/LinkSecilir: Test Cases/Sekmeler/LinkSecilir

2021-11-12 17:25:05 - [TEST_STEP][PASSED] - navigateToUrl(Link, STOP_ON_FAILURE): Navigate to 'https://efatura-stage.elogo.com.tr/EArchive/DisplayFile?fileType=xml&ids=20353831&showWithGF=false&created=2021-10-31T21:00:00.000Z' successfully

2021-11-12 17:25:05 - [MESSAGE][INFO] - Checking url

2021-11-12 17:25:05 - [MESSAGE][INFO] - Navigating to 'https://efatura-stage.elogo.com.tr/EArchive/DisplayFile?fileType=xml&ids=20353831&showWithGF=false&created=2021-10-31T21:00:00.000Z'

2021-11-12 17:25:06 - [MESSAGE][PASSED] - Navigate to 'https://efatura-stage.elogo.com.tr/EArchive/DisplayFile?fileType=xml&ids=20353831&showWithGF=false&created=2021-10-31T21:00:00.000Z' successfully

2021-11-12 17:25:06 - [TEST_STEP][PASSED] - delay(2): Delayed 2 second(s)

2021-11-12 17:25:06 - [MESSAGE][INFO] - Delaying browser in 2 second(s)

2021-11-12 17:25:08 - [MESSAGE][PASSED] - Delayed 2 second(s)

2021-11-12 17:25:08 - [MESSAGE][PASSED] - Call Test Case 'Test Cases/Sekmeler/LinkSecilir' successfully

2021-11-12 17:25:08 - [MESSAGE][INFO] - Checking called Test Case

2021-11-12 17:25:08 - [MESSAGE][INFO] - Starting to call Test Case 'Test Cases/Sekmeler/TagGeldiMi'

2021-11-12 17:25:08 - [TEST_CASE][PASSED] - Test Cases/Sekmeler/TagGeldiMi: Test Cases/Sekmeler/TagGeldiMi

2021-11-12 17:25:08 - [TEST_STEP][PASSED] - waitForElementPresent(findTestObject("Object Repository/Sekmeler/UBLTag"), 10): Object 'Object Repository/Sekmeler/UBLTag' is present

2021-11-12 17:25:08 - [MESSAGE][INFO] - Finding Test Object 'Object Repository/Sekmeler/UBLTag'

2021-11-12 17:25:08 - [MESSAGE][INFO] - Checking object

2021-11-12 17:25:08 - [MESSAGE][INFO] - Finding web element from Test Object's properties

2021-11-12 17:25:08 - [MESSAGE][INFO] - Checking timeout

2021-11-12 17:25:08 - [MESSAGE][INFO] - Finding web element with id: 'Object Repository/Sekmeler/UBLTag' located by 'By.cssSelector: #webkit-xml-viewer-source-xml>:first-child' in '10' second(s)

2021-11-12 17:25:08 - [MESSAGE][INFO] - Smart Wait Function is triggered

2021-11-12 17:25:08 - [MESSAGE][INFO] - Found 1 web elements with id: 'Object Repository/Sekmeler/UBLTag' located by 'By.cssSelector: #webkit-xml-viewer-source-xml>:first-child' in '10' second(s)

2021-11-12 17:25:08 - [MESSAGE][PASSED] - Object 'Object Repository/Sekmeler/UBLTag' is present

2021-11-12 17:25:08 - [TEST_STEP][PASSED] - println(toLowerCase().toString()): Found 1 web elements with id: 'Object Repository/Sekmeler/UBLTag' located by 'By.cssSelector: #webkit-xml-viewer-source-xml>:first-child' in '10' second(s)

2021-11-12 17:25:08 - [MESSAGE][INFO] - Finding Test Object 'Object Repository/Sekmeler/UBLTag'

2021-11-12 17:25:08 - [MESSAGE][INFO] - Finding web element from Test Object's properties

2021-11-12 17:25:08 - [MESSAGE][INFO] - Checking timeout

2021-11-12 17:25:08 - [MESSAGE][INFO] - Finding web element with id: 'Object Repository/Sekmeler/UBLTag' located by 'By.cssSelector: #webkit-xml-viewer-source-xml>:first-child' in '10' second(s)

2021-11-12 17:25:08 - [MESSAGE][INFO] - Smart Wait Function is triggered

2021-11-12 17:25:08 - [MESSAGE][INFO] - Found 1 web elements with id: 'Object Repository/Sekmeler/UBLTag' located by 'By.cssSelector: #webkit-xml-viewer-source-xml>:first-child' in '10' second(s)

2021-11-12 17:25:08 - [TEST_STEP][PASSED] - if (!(toString().contains(toString().toLowerCase()))): Found 1 web elements with id: 'Object Repository/Sekmeler/UBLTag' located by 'By.cssSelector: #webkit-xml-viewer-source-xml>:first-child' in '10' second(s)

2021-11-12 17:25:08 - [MESSAGE][INFO] - Finding Test Object 'Object Repository/Sekmeler/UBLTag'

2021-11-12 17:25:08 - [MESSAGE][INFO] - Finding web element from Test Object's properties

2021-11-12 17:25:08 - [MESSAGE][INFO] - Checking timeout

2021-11-12 17:25:08 - [MESSAGE][INFO] - Finding web element with id: 'Object Repository/Sekmeler/UBLTag' located by 'By.cssSelector: #webkit-xml-viewer-source-xml>:first-child' in '10' second(s)

2021-11-12 17:25:08 - [MESSAGE][INFO] - Smart Wait Function is triggered

2021-11-12 17:25:08 - [MESSAGE][INFO] - Found 1 web elements with id: 'Object Repository/Sekmeler/UBLTag' located by 'By.cssSelector: #webkit-xml-viewer-source-xml>:first-child' in '10' second(s)

2021-11-12 17:25:08 - [MESSAGE][PASSED] - Call Test Case 'Test Cases/Sekmeler/TagGeldiMi' successfully

2021-11-12 17:25:08 - [MESSAGE][INFO] - Checking called Test Case

2021-11-12 17:25:08 - [MESSAGE][INFO] - Starting to call Test Case 'Test Cases/Sekmeler/LinkSecilir'

2021-11-12 17:25:08 - [TEST_CASE][PASSED] - Test Cases/Sekmeler/LinkSecilir: Test Cases/Sekmeler/LinkSecilir

2021-11-12 17:25:08 - [TEST_STEP][PASSED] - navigateToUrl(Link, STOP_ON_FAILURE): Navigate to 'https://efatura-stage.elogo.com.tr/EArchive/DisplayFile?fileType=pdf&ids=20353831&showWithGF=false&created=2021-10-31T21:00:00.000Z' successfully

2021-11-12 17:25:09 - [MESSAGE][INFO] - Checking url

2021-11-12 17:25:09 - [MESSAGE][INFO] - Navigating to 'https://efatura-stage.elogo.com.tr/EArchive/DisplayFile?fileType=pdf&ids=20353831&showWithGF=false&created=2021-10-31T21:00:00.000Z'

2021-11-12 17:25:09 - [MESSAGE][PASSED] - Navigate to 'https://efatura-stage.elogo.com.tr/EArchive/DisplayFile?fileType=pdf&ids=20353831&showWithGF=false&created=2021-10-31T21:00:00.000Z' successfully

2021-11-12 17:25:09 - [TEST_STEP][PASSED] - delay(2): Delayed 2 second(s)

2021-11-12 17:25:09 - [MESSAGE][INFO] - Delaying browser in 2 second(s)

2021-11-12 17:25:11 - [MESSAGE][PASSED] - Delayed 2 second(s)

2021-11-12 17:25:11 - [MESSAGE][PASSED] - Call Test Case 'Test Cases/Sekmeler/LinkSecilir' successfully

2021-11-12 17:25:11 - [MESSAGE][INFO] - Checking called Test Case

2021-11-12 17:25:11 - [MESSAGE][INFO] - Starting to call Test Case 'Test Cases/Butonlar/PDFGorseliVarMi'

2021-11-12 17:25:11 - [TEST_CASE][PASSED] - Test Cases/Butonlar/PDFGorseliVarMi: Test Cases/Butonlar/PDFGorseliVarMi

2021-11-12 17:25:12 - [TEST_STEP][PASSED] - driver = getWebDriver(): null

2021-11-12 17:25:12 - [TEST_STEP][PASSED] - assert getPageSource().contains("type="application/pdf""): null

2021-11-12 17:25:12 - [MESSAGE][PASSED] - Call Test Case 'Test Cases/Butonlar/PDFGorseliVarMi' successfully

2021-11-12 17:25:12 - [MESSAGE][INFO] - Checking called Test Case

2021-11-12 17:25:12 - [MESSAGE][INFO] - Starting to call Test Case 'Test Cases/Sekmeler/LinkSecilir'

2021-11-12 17:25:12 - [TEST_CASE][PASSED] - Test Cases/Sekmeler/LinkSecilir: Test Cases/Sekmeler/LinkSecilir

2021-11-12 17:25:12 - [TEST_STEP][PASSED] - navigateToUrl(Link, STOP_ON_FAILURE): Navigate to 'https://efatura-stage.elogo.com.tr/EArchive/DisplayFile?fileType=html&ids=20353831&showWithGF=true&created=2021-10-31T21:00:00.000Z' successfully

2021-11-12 17:25:12 - [MESSAGE][INFO] - Checking url

2021-11-12 17:25:12 - [MESSAGE][INFO] - Navigating to 'https://efatura-stage.elogo.com.tr/EArchive/DisplayFile?fileType=html&ids=20353831&showWithGF=true&created=2021-10-31T21:00:00.000Z'

2021-11-12 17:25:12 - [MESSAGE][PASSED] - Navigate to 'https://efatura-stage.elogo.com.tr/EArchive/DisplayFile?fileType=html&ids=20353831&showWithGF=true&created=2021-10-31T21:00:00.000Z' successfully

2021-11-12 17:25:12 - [TEST_STEP][PASSED] - delay(2): Delayed 2 second(s)

2021-11-12 17:25:12 - [MESSAGE][INFO] - Delaying browser in 2 second(s)

2021-11-12 17:25:14 - [MESSAGE][PASSED] - Delayed 2 second(s)

2021-11-12 17:25:14 - [MESSAGE][PASSED] - Call Test Case 'Test Cases/Sekmeler/LinkSecilir' successfully

2021-11-12 17:25:14 - [MESSAGE][INFO] - Checking called Test Case

2021-11-12 17:25:14 - [MESSAGE][INFO] - Starting to call Test Case 'Test Cases/Sekmeler/YeniSekmeBasligindaVarMi'

2021-11-12 17:25:15 - [TEST_CASE][PASSED] - Test Cases/Sekmeler/YeniSekmeBasligindaVarMi: Test Cases/Sekmeler/YeniSekmeBasligindaVarMi

2021-11-12 17:25:15 - [TEST_STEP][PASSED] - verifyElementText(findTestObject("Object Repository/Sekmeler/Olusturma_Goster_Baslik"), Title): Actual text and expected text of test object 'Object Repository/Sekmeler/Olusturma_Goster_Baslik' are matched.

2021-11-12 17:25:15 - [MESSAGE][INFO] - Finding Test Object 'Object Repository/Sekmeler/Olusturma_Goster_Baslik'

2021-11-12 17:25:15 - [MESSAGE][INFO] - Checking object

2021-11-12 17:25:15 - [MESSAGE][INFO] - Finding web element from Test Object's properties

2021-11-12 17:25:15 - [MESSAGE][INFO] - Checking timeout

2021-11-12 17:25:15 - [MESSAGE][INFO] - Finding web element with id: 'Object Repository/Sekmeler/Olusturma_Goster_Baslik' located by 'By.cssSelector: h1>span,td>font,font' in '30' second(s)

2021-11-12 17:25:15 - [MESSAGE][INFO] - Smart Wait Function is triggered

2021-11-12 17:25:15 - [MESSAGE][INFO] - Found 1 web elements with id: 'Object Repository/Sekmeler/Olusturma_Goster_Baslik' located by 'By.cssSelector: h1>span,td>font,font' in '30' second(s)

2021-11-12 17:25:15 - [MESSAGE][PASSED] - Actual text and expected text of test object 'Object Repository/Sekmeler/Olusturma_Goster_Baslik' are matched.

2021-11-12 17:25:15 - [MESSAGE][PASSED] - Call Test Case 'Test Cases/Sekmeler/YeniSekmeBasligindaVarMi' successfully

2021-11-12 17:25:15 - [MESSAGE][INFO] - Checking called Test Case

2021-11-12 17:25:15 - [MESSAGE][INFO] - Starting to call Test Case 'Test Cases/Sekmeler/LinkSecilir'

2021-11-12 17:25:15 - [TEST_CASE][PASSED] - Test Cases/Sekmeler/LinkSecilir: Test Cases/Sekmeler/LinkSecilir

2021-11-12 17:25:15 - [TEST_STEP][PASSED] - navigateToUrl(Link, STOP_ON_FAILURE): Navigate to 'https://efatura-stage.elogo.com.tr/Invoice/PostboxIncomingInvoice?Option=0' successfully

2021-11-12 17:25:15 - [MESSAGE][INFO] - Checking url

2021-11-12 17:25:15 - [MESSAGE][INFO] - Navigating to 'https://efatura-stage.elogo.com.tr/Invoice/PostboxIncomingInvoice?Option=0'

2021-11-12 17:25:17 - [MESSAGE][PASSED] - Navigate to 'https://efatura-stage.elogo.com.tr/Invoice/PostboxIncomingInvoice?Option=0' successfully

2021-11-12 17:25:17 - [TEST_STEP][PASSED] - delay(2): Delayed 2 second(s)

2021-11-12 17:25:17 - [MESSAGE][INFO] - Delaying browser in 2 second(s)

2021-11-12 17:25:19 - [MESSAGE][PASSED] - Delayed 2 second(s)

2021-11-12 17:25:19 - [MESSAGE][PASSED] - Call Test Case 'Test Cases/Sekmeler/LinkSecilir' successfully

2021-11-12 17:25:19 - [MESSAGE][INFO] - Checking called Test Case

2021-11-12 17:25:19 - [MESSAGE][INFO] - Starting to call Test Case 'Test Cases/Kullanici_Islemleri/KullaniciIslemlerindenSecimYapilir'

2021-11-12 17:25:19 - [TEST_CASE][PASSED] - Test Cases/Kullanici_Islemleri/KullaniciIslemlerindenSecimYapilir: Test Cases/Kullanici_Islemleri/KullaniciIslemlerindenSecimYapilir

2021-11-12 17:25:19 - [TEST_STEP][PASSED] - waitForElementClickable(findTestObject("Object Repository/Kullanici_Islemleri/KullaniciIslemleri"), 10): Object 'Object Repository/Kullanici_Islemleri/KullaniciIslemleri' is clickable

2021-11-12 17:25:19 - [MESSAGE][INFO] - Finding Test Object 'Object Repository/Kullanici_Islemleri/KullaniciIslemleri'

2021-11-12 17:25:19 - [MESSAGE][INFO] - Checking object

2021-11-12 17:25:19 - [MESSAGE][INFO] - Checking timeout

2021-11-12 17:25:19 - [MESSAGE][INFO] - Finding web element from Test Object's properties

2021-11-12 17:25:19 - [MESSAGE][INFO] - Checking timeout

2021-11-12 17:25:19 - [MESSAGE][INFO] - Finding web element with id: 'Object Repository/Kullanici_Islemleri/KullaniciIslemleri' located by 'By.cssSelector: .dropdown>a>img' in '10' second(s)

2021-11-12 17:25:19 - [MESSAGE][INFO] - Smart Wait Function is triggered

2021-11-12 17:25:19 - [MESSAGE][INFO] - Found 1 web elements with id: 'Object Repository/Kullanici_Islemleri/KullaniciIslemleri' located by 'By.cssSelector: .dropdown>a>img' in '10' second(s)

2021-11-12 17:25:19 - [MESSAGE][PASSED] - Object 'Object Repository/Kullanici_Islemleri/KullaniciIslemleri' is clickable

2021-11-12 17:25:19 - [TEST_STEP][PASSED] - click(findTestObject("Object Repository/Kullanici_Islemleri/KullaniciIslemleri")): Object: 'Object Repository/Kullanici_Islemleri/KullaniciIslemleri' is clicked on

2021-11-12 17:25:19 - [MESSAGE][INFO] - Finding Test Object 'Object Repository/Kullanici_Islemleri/KullaniciIslemleri'

2021-11-12 17:25:20 - [MESSAGE][INFO] - Checking object

2021-11-12 17:25:20 - [MESSAGE][INFO] - Finding web element from Test Object's properties

2021-11-12 17:25:20 - [MESSAGE][INFO] - Checking timeout

2021-11-12 17:25:20 - [MESSAGE][INFO] - Finding web element with id: 'Object Repository/Kullanici_Islemleri/KullaniciIslemleri' located by 'By.cssSelector: .dropdown>a>img' in '30' second(s)

2021-11-12 17:25:20 - [MESSAGE][INFO] - Smart Wait Function is triggered

2021-11-12 17:25:20 - [MESSAGE][INFO] - Found 1 web elements with id: 'Object Repository/Kullanici_Islemleri/KullaniciIslemleri' located by 'By.cssSelector: .dropdown>a>img' in '30' second(s)

2021-11-12 17:25:20 - [MESSAGE][INFO] - Clicking on object: 'Object Repository/Kullanici_Islemleri/KullaniciIslemleri'

2021-11-12 17:25:20 - [MESSAGE][PASSED] - Object: 'Object Repository/Kullanici_Islemleri/KullaniciIslemleri' is clicked on

2021-11-12 17:25:20 - [TEST_STEP][PASSED] - Method.TextDegerineEsitElementeTikla(findTestObject("Object Repository/Kullanici_Islemleri/Secenekler"), Islem): Method.TextDegerineEsitElementeTikla is PASSED

2021-11-12 17:25:20 - [MESSAGE][INFO] - Finding Test Object 'Object Repository/Kullanici_Islemleri/Secenekler'

2021-11-12 17:25:20 - [MESSAGE][INFO] - Checking timeout

2021-11-12 17:25:20 - [MESSAGE][INFO] - Finding web element with id: 'Object Repository/Kullanici_Islemleri/Secenekler' located by 'By.cssSelector: .nav.navbar-nav.navbar-right li a' in '10' second(s)

2021-11-12 17:25:20 - [MESSAGE][INFO] - Smart Wait Function is triggered

2021-11-12 17:25:20 - [MESSAGE][INFO] - Found 22 web elements with id: 'Object Repository/Kullanici_Islemleri/Secenekler' located by 'By.cssSelector: .nav.navbar-nav.navbar-right li a' in '10' second(s)

2021-11-12 17:25:22 - [MESSAGE][PASSED] - Method.TextDegerineEsitElementeTikla is PASSED

2021-11-12 17:25:22 - [TEST_STEP][PASSED] - verifyElementNotPresent(findTestObject("Object Repository/Kullanici_Islemleri/Secenekler"), 10): Web element with id: 'Object Repository/Kullanici_Islemleri/Secenekler' located by 'By.cssSelector: .nav.navbar-nav.navbar-right li a' is not present after '10' second(s)

2021-11-12 17:25:22 - [MESSAGE][INFO] - Finding Test Object 'Object Repository/Kullanici_Islemleri/Secenekler'

2021-11-12 17:25:22 - [MESSAGE][INFO] - Checking object

2021-11-12 17:25:22 - [MESSAGE][INFO] - Checking timeout

2021-11-12 17:25:22 - [MESSAGE][INFO] - Finding web element with id: 'Object Repository/Kullanici_Islemleri/Secenekler' located by 'By.cssSelector: .nav.navbar-nav.navbar-right li a' in '10' second(s)

2021-11-12 17:25:22 - [MESSAGE][INFO] - Smart Wait Function is triggered

2021-11-12 17:25:22 - [MESSAGE][PASSED] - Web element with id: 'Object Repository/Kullanici_Islemleri/Secenekler' located by 'By.cssSelector: .nav.navbar-nav.navbar-right li a' is not present after '10' second(s)

2021-11-12 17:25:22 - [MESSAGE][PASSED] - Call Test Case 'Test Cases/Kullanici_Islemleri/KullaniciIslemlerindenSecimYapilir' successfully

2021-11-12 17:25:22 - [MESSAGE][INFO] - Checking called Test Case

2021-11-12 17:25:22 - [MESSAGE][INFO] - Starting to call Test Case 'Test Cases/Sayfalar/Giris_Sayfasi/Login'

2021-11-12 17:25:22 - [TEST_CASE][PASSED] - Test Cases/Sayfalar/Giris_Sayfasi/Login: Test Cases/Sayfalar/Giris_Sayfasi/Login

2021-11-12 17:25:22 - [TEST_STEP][PASSED] - Sayfa_Basligi = getWindowTitle(): Current window's title is: 'LOGO e-Fatura'

2021-11-12 17:25:22 - [MESSAGE][INFO] - Getting current window's title

2021-11-12 17:25:22 - [MESSAGE][PASSED] - Current window's title is: 'LOGO e-Fatura'

2021-11-12 17:25:22 - [TEST_STEP][PASSED] - verifyMatch(Sayfa_Basligi, "LOGO e-Fatura", false): Actual text 'LOGO e-Fatura' and expected text 'LOGO e-Fatura' are matched 

2021-11-12 17:25:22 - [MESSAGE][INFO] - Matching actual text 'LOGO e-Fatura' with expected text 'LOGO e-Fatura'

2021-11-12 17:25:22 - [MESSAGE][PASSED] - Actual text 'LOGO e-Fatura' and expected text 'LOGO e-Fatura' are matched 

2021-11-12 17:25:22 - [TEST_STEP][PASSED] - sendKeys(findTestObject("Sayfalar/Giris_Sayfasi/Firma_Kodu"), KullaniciAdi): Keys 'ELOGOGIB' sent to object: 'Object Repository/Sayfalar/Giris_Sayfasi/Firma_Kodu'

2021-11-12 17:25:22 - [MESSAGE][INFO] - Finding Test Object 'Object Repository/Sayfalar/Giris_Sayfasi/Firma_Kodu'

2021-11-12 17:25:22 - [MESSAGE][INFO] - Sending keys 'ELOGOGIB' to object: 'Object Repository/Sayfalar/Giris_Sayfasi/Firma_Kodu'

2021-11-12 17:25:22 - [MESSAGE][INFO] - Finding web element from Test Object's properties

2021-11-12 17:25:22 - [MESSAGE][INFO] - Checking timeout

2021-11-12 17:25:22 - [MESSAGE][INFO] - Finding web element with id: 'Object Repository/Sayfalar/Giris_Sayfasi/Firma_Kodu' located by 'By.xpath: //*[@id = 'AccountName']' in '30' second(s)

2021-11-12 17:25:22 - [MESSAGE][INFO] - Smart Wait Function is triggered

2021-11-12 17:25:23 - [MESSAGE][INFO] - Found 1 web elements with id: 'Object Repository/Sayfalar/Giris_Sayfasi/Firma_Kodu' located by 'By.xpath: //*[@id = 'AccountName']' in '30' second(s)

2021-11-12 17:25:23 - [MESSAGE][PASSED] - Keys 'ELOGOGIB' sent to object: 'Object Repository/Sayfalar/Giris_Sayfasi/Firma_Kodu'

2021-11-12 17:25:23 - [TEST_STEP][PASSED] - sendKeys(findTestObject("Sayfalar/Giris_Sayfasi/Sifre"), Sifre): Keys '123456' sent to object: 'Object Repository/Sayfalar/Giris_Sayfasi/Sifre'

2021-11-12 17:25:23 - [MESSAGE][INFO] - Finding Test Object 'Object Repository/Sayfalar/Giris_Sayfasi/Sifre'

2021-11-12 17:25:23 - [MESSAGE][INFO] - Sending keys '123456' to object: 'Object Repository/Sayfalar/Giris_Sayfasi/Sifre'

2021-11-12 17:25:23 - [MESSAGE][INFO] - Finding web element from Test Object's properties

2021-11-12 17:25:23 - [MESSAGE][INFO] - Checking timeout

2021-11-12 17:25:23 - [MESSAGE][INFO] - Finding web element with id: 'Object Repository/Sayfalar/Giris_Sayfasi/Sifre' located by 'By.xpath: //*[@id = 'Password']' in '30' second(s)

2021-11-12 17:25:23 - [MESSAGE][INFO] - Smart Wait Function is triggered

2021-11-12 17:25:23 - [MESSAGE][INFO] - Found 1 web elements with id: 'Object Repository/Sayfalar/Giris_Sayfasi/Sifre' located by 'By.xpath: //*[@id = 'Password']' in '30' second(s)

2021-11-12 17:25:23 - [MESSAGE][PASSED] - Keys '123456' sent to object: 'Object Repository/Sayfalar/Giris_Sayfasi/Sifre'

2021-11-12 17:25:23 - [TEST_STEP][PASSED] - findWebElement(findTestObject("Sayfalar/Giris_Sayfasi/Giris_Butonu")).click(): Found 1 web elements with id: 'Object Repository/Sayfalar/Giris_Sayfasi/Giris_Butonu' located by 'By.cssSelector: #btnLogin' in '30' second(s)

2021-11-12 17:25:23 - [MESSAGE][INFO] - Finding Test Object 'Object Repository/Sayfalar/Giris_Sayfasi/Giris_Butonu'

2021-11-12 17:25:23 - [MESSAGE][INFO] - Finding web element from Test Object's properties

2021-11-12 17:25:23 - [MESSAGE][INFO] - Checking timeout

2021-11-12 17:25:23 - [MESSAGE][INFO] - Finding web element with id: 'Object Repository/Sayfalar/Giris_Sayfasi/Giris_Butonu' located by 'By.cssSelector: #btnLogin' in '30' second(s)

2021-11-12 17:25:23 - [MESSAGE][INFO] - Smart Wait Function is triggered

2021-11-12 17:25:24 - [MESSAGE][INFO] - Found 1 web elements with id: 'Object Repository/Sayfalar/Giris_Sayfasi/Giris_Butonu' located by 'By.cssSelector: #btnLogin' in '30' second(s)

2021-11-12 17:25:25 - [TEST_STEP][PASSED] - if (verifyElementPresent(findTestObject("Object Repository/Sayfalar/Giris_Sayfasi/RetveTamam_Butonu"), 5, OPTIONAL)): null

2021-11-12 17:25:25 - [MESSAGE][INFO] - Finding Test Object 'Object Repository/Sayfalar/Giris_Sayfasi/RetveTamam_Butonu'

2021-11-12 17:25:25 - [MESSAGE][INFO] - Checking object

2021-11-12 17:25:25 - [MESSAGE][INFO] - Finding web element from Test Object's properties

2021-11-12 17:25:25 - [MESSAGE][INFO] - Checking timeout

2021-11-12 17:25:25 - [MESSAGE][INFO] - Finding web element with id: 'Object Repository/Sayfalar/Giris_Sayfasi/RetveTamam_Butonu' located by 'By.xpath: //*[@class = 'btn btn-default']' in '5' second(s)

2021-11-12 17:25:25 - [MESSAGE][INFO] - Smart Wait Function is triggered

2021-11-12 17:25:25 - [MESSAGE][INFO] - Found 1 web elements with id: 'Object Repository/Sayfalar/Giris_Sayfasi/RetveTamam_Butonu' located by 'By.xpath: //*[@class = 'btn btn-default']' in '5' second(s)

2021-11-12 17:25:25 - [MESSAGE][PASSED] - Object 'Object Repository/Sayfalar/Giris_Sayfasi/RetveTamam_Butonu' is present

2021-11-12 17:25:25 - [TEST_STEP][PASSED] - click(findTestObject("Object Repository/Sayfalar/Giris_Sayfasi/RetveTamam_Butonu")): Object: 'Object Repository/Sayfalar/Giris_Sayfasi/RetveTamam_Butonu' is clicked on

2021-11-12 17:25:25 - [MESSAGE][INFO] - Finding Test Object 'Object Repository/Sayfalar/Giris_Sayfasi/RetveTamam_Butonu'

2021-11-12 17:25:25 - [MESSAGE][INFO] - Checking object

2021-11-12 17:25:25 - [MESSAGE][INFO] - Finding web element from Test Object's properties

2021-11-12 17:25:25 - [MESSAGE][INFO] - Checking timeout

2021-11-12 17:25:25 - [MESSAGE][INFO] - Finding web element with id: 'Object Repository/Sayfalar/Giris_Sayfasi/RetveTamam_Butonu' located by 'By.xpath: //*[@class = 'btn btn-default']' in '30' second(s)

2021-11-12 17:25:25 - [MESSAGE][INFO] - Smart Wait Function is triggered

2021-11-12 17:25:25 - [MESSAGE][INFO] - Found 1 web elements with id: 'Object Repository/Sayfalar/Giris_Sayfasi/RetveTamam_Butonu' located by 'By.xpath: //*[@class = 'btn btn-default']' in '30' second(s)

2021-11-12 17:25:25 - [MESSAGE][INFO] - Clicking on object: 'Object Repository/Sayfalar/Giris_Sayfasi/RetveTamam_Butonu'

2021-11-12 17:25:25 - [MESSAGE][PASSED] - Object: 'Object Repository/Sayfalar/Giris_Sayfasi/RetveTamam_Butonu' is clicked on

2021-11-12 17:25:25 - [TEST_STEP][PASSED] - click(findTestObject("Object Repository/Sayfalar/Giris_Sayfasi/RetveTamam_Butonu")): Object: 'Object Repository/Sayfalar/Giris_Sayfasi/RetveTamam_Butonu' is clicked on

2021-11-12 17:25:25 - [MESSAGE][INFO] - Finding Test Object 'Object Repository/Sayfalar/Giris_Sayfasi/RetveTamam_Butonu'

2021-11-12 17:25:25 - [MESSAGE][INFO] - Checking object

2021-11-12 17:25:25 - [MESSAGE][INFO] - Finding web element from Test Object's properties

2021-11-12 17:25:25 - [MESSAGE][INFO] - Checking timeout

2021-11-12 17:25:25 - [MESSAGE][INFO] - Finding web element with id: 'Object Repository/Sayfalar/Giris_Sayfasi/RetveTamam_Butonu' located by 'By.xpath: //*[@class = 'btn btn-default']' in '30' second(s)

2021-11-12 17:25:25 - [MESSAGE][INFO] - Smart Wait Function is triggered

2021-11-12 17:25:42 - [MESSAGE][INFO] - Found 1 web elements with id: 'Object Repository/Sayfalar/Giris_Sayfasi/RetveTamam_Butonu' located by 'By.xpath: //*[@class = 'btn btn-default']' in '30' second(s)

2021-11-12 17:25:42 - [MESSAGE][INFO] - Clicking on object: 'Object Repository/Sayfalar/Giris_Sayfasi/RetveTamam_Butonu'

2021-11-12 17:25:42 - [MESSAGE][PASSED] - Object: 'Object Repository/Sayfalar/Giris_Sayfasi/RetveTamam_Butonu' is clicked on

2021-11-12 17:25:42 - [TEST_STEP][PASSED] - if (verifyElementPresent(findTestObject("Sayfalar/Giris_Sayfasi/PopupOK"), 5, OPTIONAL)): null

2021-11-12 17:25:42 - [MESSAGE][INFO] - Finding Test Object 'Object Repository/Sayfalar/Giris_Sayfasi/PopupOK'

2021-11-12 17:25:42 - [MESSAGE][INFO] - Checking object

2021-11-12 17:25:42 - [MESSAGE][INFO] - Finding web element from Test Object's properties

2021-11-12 17:25:42 - [MESSAGE][INFO] - Checking timeout

2021-11-12 17:25:42 - [MESSAGE][INFO] - Finding web element with id: 'Object Repository/Sayfalar/Giris_Sayfasi/PopupOK' located by 'By.cssSelector: .btn.btn-success' in '5' second(s)

2021-11-12 17:25:42 - [MESSAGE][INFO] - Smart Wait Function is triggered

2021-11-12 17:25:42 - [MESSAGE][INFO] - Found 1 web elements with id: 'Object Repository/Sayfalar/Giris_Sayfasi/PopupOK' located by 'By.cssSelector: .btn.btn-success' in '5' second(s)

2021-11-12 17:25:42 - [MESSAGE][PASSED] - Object 'Object Repository/Sayfalar/Giris_Sayfasi/PopupOK' is present

2021-11-12 17:25:42 - [TEST_STEP][PASSED] - click(findTestObject("Object Repository/Sayfalar/Giris_Sayfasi/PopupCarpiGiris")): Object: 'Object Repository/Sayfalar/Giris_Sayfasi/PopupCarpiGiris' is clicked on

2021-11-12 17:25:42 - [MESSAGE][INFO] - Finding Test Object 'Object Repository/Sayfalar/Giris_Sayfasi/PopupCarpiGiris'

2021-11-12 17:25:43 - [MESSAGE][INFO] - Checking object

2021-11-12 17:25:43 - [MESSAGE][INFO] - Finding web element from Test Object's properties

2021-11-12 17:25:43 - [MESSAGE][INFO] - Checking timeout

2021-11-12 17:25:43 - [MESSAGE][INFO] - Finding web element with id: 'Object Repository/Sayfalar/Giris_Sayfasi/PopupCarpiGiris' located by 'By.cssSelector: .bootbox-close-button.close' in '30' second(s)

2021-11-12 17:25:43 - [MESSAGE][INFO] - Smart Wait Function is triggered

2021-11-12 17:25:43 - [MESSAGE][INFO] - Found 1 web elements with id: 'Object Repository/Sayfalar/Giris_Sayfasi/PopupCarpiGiris' located by 'By.cssSelector: .bootbox-close-button.close' in '30' second(s)

2021-11-12 17:25:43 - [MESSAGE][INFO] - Clicking on object: 'Object Repository/Sayfalar/Giris_Sayfasi/PopupCarpiGiris'

2021-11-12 17:25:43 - [MESSAGE][PASSED] - Object: 'Object Repository/Sayfalar/Giris_Sayfasi/PopupCarpiGiris' is clicked on

2021-11-12 17:25:43 - [TEST_STEP][PASSED] - verifyElementVisible(findTestObject("Object Repository/Kullanici_Islemleri/KullaniciIslemleri")): Object 'Object Repository/Kullanici_Islemleri/KullaniciIslemleri' is visible

2021-11-12 17:25:43 - [MESSAGE][INFO] - Finding Test Object 'Object Repository/Kullanici_Islemleri/KullaniciIslemleri'

2021-11-12 17:25:43 - [MESSAGE][INFO] - Checking object

2021-11-12 17:25:43 - [MESSAGE][INFO] - Finding web element from Test Object's properties

2021-11-12 17:25:43 - [MESSAGE][INFO] - Checking timeout

2021-11-12 17:25:43 - [MESSAGE][INFO] - Finding web element with id: 'Object Repository/Kullanici_Islemleri/KullaniciIslemleri' located by 'By.cssSelector: .dropdown>a>img' in '30' second(s)

2021-11-12 17:25:43 - [MESSAGE][INFO] - Smart Wait Function is triggered

2021-11-12 17:25:44 - [MESSAGE][INFO] - Found 1 web elements with id: 'Object Repository/Kullanici_Islemleri/KullaniciIslemleri' located by 'By.cssSelector: .dropdown>a>img' in '30' second(s)

2021-11-12 17:25:44 - [MESSAGE][PASSED] - Object 'Object Repository/Kullanici_Islemleri/KullaniciIslemleri' is visible

2021-11-12 17:25:44 - [MESSAGE][PASSED] - Call Test Case 'Test Cases/Sayfalar/Giris_Sayfasi/Login' successfully

2021-11-12 17:25:44 - [MESSAGE][INFO] - Checking called Test Case

2021-11-12 17:25:44 - [MESSAGE][INFO] - Starting to call Test Case 'Test Cases/Sekmeler/LinkSecilir'

2021-11-12 17:25:44 - [TEST_CASE][PASSED] - Test Cases/Sekmeler/LinkSecilir: Test Cases/Sekmeler/LinkSecilir

2021-11-12 17:25:44 - [TEST_STEP][PASSED] - navigateToUrl(Link, STOP_ON_FAILURE): Navigate to 'https://efatura-stage.elogo.com.tr/EArchive/DisplayFile?fileType=pdf&ids=20353831&showWithGF=false&created=2021-10-31T21:00:00.000Z' successfully

2021-11-12 17:25:44 - [MESSAGE][INFO] - Checking url

2021-11-12 17:25:44 - [MESSAGE][INFO] - Navigating to 'https://efatura-stage.elogo.com.tr/EArchive/DisplayFile?fileType=pdf&ids=20353831&showWithGF=false&created=2021-10-31T21:00:00.000Z'

2021-11-12 17:25:44 - [MESSAGE][PASSED] - Navigate to 'https://efatura-stage.elogo.com.tr/EArchive/DisplayFile?fileType=pdf&ids=20353831&showWithGF=false&created=2021-10-31T21:00:00.000Z' successfully

2021-11-12 17:25:44 - [TEST_STEP][PASSED] - delay(2): Delayed 2 second(s)

2021-11-12 17:25:44 - [MESSAGE][INFO] - Delaying browser in 2 second(s)

2021-11-12 17:25:46 - [MESSAGE][PASSED] - Delayed 2 second(s)

2021-11-12 17:25:46 - [MESSAGE][PASSED] - Call Test Case 'Test Cases/Sekmeler/LinkSecilir' successfully

2021-11-12 17:25:46 - [MESSAGE][INFO] - Checking called Test Case

2021-11-12 17:25:46 - [MESSAGE][INFO] - Starting to call Test Case 'Test Cases/Sekmeler/MesajGeldiMi'

2021-11-12 17:25:46 - [TEST_CASE][PASSED] - Test Cases/Sekmeler/MesajGeldiMi: Test Cases/Sekmeler/MesajGeldiMi

2021-11-12 17:25:47 - [TEST_STEP][PASSED] - Method.TextDegerineEsitElementVarMi(findTestObject("Object Repository/Sekmeler/HataMesaji"), Mesaj): Method.TextDegerineEsitElementVarMi is PASSED

2021-11-12 17:25:47 - [MESSAGE][INFO] - Finding Test Object 'Object Repository/Sekmeler/HataMesaji'

2021-11-12 17:25:47 - [MESSAGE][INFO] - Checking timeout

2021-11-12 17:25:47 - [MESSAGE][INFO] - Finding web element with id: 'Object Repository/Sekmeler/HataMesaji' located by 'By.xpath: /html/body' in '10' second(s)

2021-11-12 17:25:47 - [MESSAGE][INFO] - Smart Wait Function is triggered

2021-11-12 17:25:47 - [MESSAGE][INFO] - Found 1 web elements with id: 'Object Repository/Sekmeler/HataMesaji' located by 'By.xpath: /html/body' in '10' second(s)

2021-11-12 17:25:47 - [MESSAGE][PASSED] - Method.TextDegerineEsitElementVarMi is PASSED

2021-11-12 17:25:47 - [MESSAGE][PASSED] - Call Test Case 'Test Cases/Sekmeler/MesajGeldiMi' successfully

2021-11-12 17:25:47 - [MESSAGE][INFO] - Checking called Test Case

2021-11-12 17:25:47 - [MESSAGE][INFO] - Starting to call Test Case 'Test Cases/Sekmeler/LinkSecilir'

2021-11-12 17:25:47 - [TEST_CASE][PASSED] - Test Cases/Sekmeler/LinkSecilir: Test Cases/Sekmeler/LinkSecilir

2021-11-12 17:25:47 - [TEST_STEP][PASSED] - navigateToUrl(Link, STOP_ON_FAILURE): Navigate to 'https://efatura-stage.elogo.com.tr/EArchive/DisplayFile?fileType=html&ids=20353831&showWithGF=true&created=2021-10-31T21:00:00.000Z' successfully

2021-11-12 17:25:47 - [MESSAGE][INFO] - Checking url

2021-11-12 17:25:47 - [MESSAGE][INFO] - Navigating to 'https://efatura-stage.elogo.com.tr/EArchive/DisplayFile?fileType=html&ids=20353831&showWithGF=true&created=2021-10-31T21:00:00.000Z'

2021-11-12 17:25:47 - [MESSAGE][PASSED] - Navigate to 'https://efatura-stage.elogo.com.tr/EArchive/DisplayFile?fileType=html&ids=20353831&showWithGF=true&created=2021-10-31T21:00:00.000Z' successfully

2021-11-12 17:25:47 - [TEST_STEP][PASSED] - delay(2): Delayed 2 second(s)

2021-11-12 17:25:47 - [MESSAGE][INFO] - Delaying browser in 2 second(s)

2021-11-12 17:25:49 - [MESSAGE][PASSED] - Delayed 2 second(s)

2021-11-12 17:25:49 - [MESSAGE][PASSED] - Call Test Case 'Test Cases/Sekmeler/LinkSecilir' successfully

2021-11-12 17:25:49 - [MESSAGE][INFO] - Checking called Test Case

2021-11-12 17:25:49 - [MESSAGE][INFO] - Starting to call Test Case 'Test Cases/Sekmeler/MesajGeldiMi'

2021-11-12 17:25:50 - [TEST_CASE][PASSED] - Test Cases/Sekmeler/MesajGeldiMi: Test Cases/Sekmeler/MesajGeldiMi

2021-11-12 17:25:50 - [TEST_STEP][PASSED] - Method.TextDegerineEsitElementVarMi(findTestObject("Object Repository/Sekmeler/HataMesaji"), Mesaj): Method.TextDegerineEsitElementVarMi is PASSED

2021-11-12 17:25:50 - [MESSAGE][INFO] - Finding Test Object 'Object Repository/Sekmeler/HataMesaji'

2021-11-12 17:25:50 - [MESSAGE][INFO] - Checking timeout

2021-11-12 17:25:50 - [MESSAGE][INFO] - Finding web element with id: 'Object Repository/Sekmeler/HataMesaji' located by 'By.xpath: /html/body' in '10' second(s)

2021-11-12 17:25:50 - [MESSAGE][INFO] - Smart Wait Function is triggered

2021-11-12 17:25:50 - [MESSAGE][INFO] - Found 1 web elements with id: 'Object Repository/Sekmeler/HataMesaji' located by 'By.xpath: /html/body' in '10' second(s)

2021-11-12 17:25:50 - [MESSAGE][PASSED] - Method.TextDegerineEsitElementVarMi is PASSED

2021-11-12 17:25:50 - [MESSAGE][PASSED] - Call Test Case 'Test Cases/Sekmeler/MesajGeldiMi' successfully

2021-11-12 17:25:50 - [MESSAGE][INFO] - Checking called Test Case

2021-11-12 17:25:50 - [MESSAGE][INFO] - Starting to call Test Case 'Test Cases/Sekmeler/LinkSecilir'

2021-11-12 17:25:50 - [TEST_CASE][PASSED] - Test Cases/Sekmeler/LinkSecilir: Test Cases/Sekmeler/LinkSecilir

2021-11-12 17:25:50 - [TEST_STEP][PASSED] - navigateToUrl(Link, STOP_ON_FAILURE): Navigate to 'https://efatura-stage.elogo.com.tr/Invoice/PostboxIncomingInvoice?Option=0' successfully

2021-11-12 17:25:50 - [MESSAGE][INFO] - Checking url

2021-11-12 17:25:50 - [MESSAGE][INFO] - Navigating to 'https://efatura-stage.elogo.com.tr/Invoice/PostboxIncomingInvoice?Option=0'

2021-11-12 17:25:51 - [MESSAGE][PASSED] - Navigate to 'https://efatura-stage.elogo.com.tr/Invoice/PostboxIncomingInvoice?Option=0' successfully

2021-11-12 17:25:51 - [TEST_STEP][PASSED] - delay(2): Delayed 2 second(s)

2021-11-12 17:25:51 - [MESSAGE][INFO] - Delaying browser in 2 second(s)

2021-11-12 17:25:53 - [MESSAGE][PASSED] - Delayed 2 second(s)

2021-11-12 17:25:53 - [MESSAGE][PASSED] - Call Test Case 'Test Cases/Sekmeler/LinkSecilir' successfully

2021-11-12 17:25:53 - [MESSAGE][INFO] - Checking called Test Case

2021-11-12 17:25:53 - [MESSAGE][INFO] - Starting to call Test Case 'Test Cases/Kullanici_Islemleri/KullaniciIslemlerindenSecimYapilir'

2021-11-12 17:25:53 - [TEST_CASE][PASSED] - Test Cases/Kullanici_Islemleri/KullaniciIslemlerindenSecimYapilir: Test Cases/Kullanici_Islemleri/KullaniciIslemlerindenSecimYapilir

2021-11-12 17:25:53 - [TEST_STEP][PASSED] - waitForElementClickable(findTestObject("Object Repository/Kullanici_Islemleri/KullaniciIslemleri"), 10): Object 'Object Repository/Kullanici_Islemleri/KullaniciIslemleri' is clickable

2021-11-12 17:25:53 - [MESSAGE][INFO] - Finding Test Object 'Object Repository/Kullanici_Islemleri/KullaniciIslemleri'

2021-11-12 17:25:53 - [MESSAGE][INFO] - Checking object

2021-11-12 17:25:53 - [MESSAGE][INFO] - Checking timeout

2021-11-12 17:25:53 - [MESSAGE][INFO] - Finding web element from Test Object's properties

2021-11-12 17:25:53 - [MESSAGE][INFO] - Checking timeout

2021-11-12 17:25:53 - [MESSAGE][INFO] - Finding web element with id: 'Object Repository/Kullanici_Islemleri/KullaniciIslemleri' located by 'By.cssSelector: .dropdown>a>img' in '10' second(s)

2021-11-12 17:25:53 - [MESSAGE][INFO] - Smart Wait Function is triggered

2021-11-12 17:25:54 - [MESSAGE][INFO] - Found 1 web elements with id: 'Object Repository/Kullanici_Islemleri/KullaniciIslemleri' located by 'By.cssSelector: .dropdown>a>img' in '10' second(s)

2021-11-12 17:25:54 - [MESSAGE][PASSED] - Object 'Object Repository/Kullanici_Islemleri/KullaniciIslemleri' is clickable

2021-11-12 17:25:54 - [TEST_STEP][PASSED] - click(findTestObject("Object Repository/Kullanici_Islemleri/KullaniciIslemleri")): Object: 'Object Repository/Kullanici_Islemleri/KullaniciIslemleri' is clicked on

2021-11-12 17:25:54 - [MESSAGE][INFO] - Finding Test Object 'Object Repository/Kullanici_Islemleri/KullaniciIslemleri'

2021-11-12 17:25:54 - [MESSAGE][INFO] - Checking object

2021-11-12 17:25:54 - [MESSAGE][INFO] - Finding web element from Test Object's properties

2021-11-12 17:25:54 - [MESSAGE][INFO] - Checking timeout

2021-11-12 17:25:54 - [MESSAGE][INFO] - Finding web element with id: 'Object Repository/Kullanici_Islemleri/KullaniciIslemleri' located by 'By.cssSelector: .dropdown>a>img' in '30' second(s)

2021-11-12 17:25:54 - [MESSAGE][INFO] - Smart Wait Function is triggered

2021-11-12 17:25:54 - [MESSAGE][INFO] - Found 1 web elements with id: 'Object Repository/Kullanici_Islemleri/KullaniciIslemleri' located by 'By.cssSelector: .dropdown>a>img' in '30' second(s)

2021-11-12 17:25:54 - [MESSAGE][INFO] - Clicking on object: 'Object Repository/Kullanici_Islemleri/KullaniciIslemleri'

2021-11-12 17:25:54 - [MESSAGE][PASSED] - Object: 'Object Repository/Kullanici_Islemleri/KullaniciIslemleri' is clicked on

2021-11-12 17:25:54 - [TEST_STEP][PASSED] - Method.TextDegerineEsitElementeTikla(findTestObject("Object Repository/Kullanici_Islemleri/Secenekler"), Islem): Method.TextDegerineEsitElementeTikla is PASSED

2021-11-12 17:25:54 - [MESSAGE][INFO] - Finding Test Object 'Object Repository/Kullanici_Islemleri/Secenekler'

2021-11-12 17:25:54 - [MESSAGE][INFO] - Checking timeout

2021-11-12 17:25:54 - [MESSAGE][INFO] - Finding web element with id: 'Object Repository/Kullanici_Islemleri/Secenekler' located by 'By.cssSelector: .nav.navbar-nav.navbar-right li a' in '10' second(s)

2021-11-12 17:25:54 - [MESSAGE][INFO] - Smart Wait Function is triggered

2021-11-12 17:25:54 - [MESSAGE][INFO] - Found 22 web elements with id: 'Object Repository/Kullanici_Islemleri/Secenekler' located by 'By.cssSelector: .nav.navbar-nav.navbar-right li a' in '10' second(s)

2021-11-12 17:25:56 - [MESSAGE][PASSED] - Method.TextDegerineEsitElementeTikla is PASSED

2021-11-12 17:25:56 - [TEST_STEP][PASSED] - verifyElementNotPresent(findTestObject("Object Repository/Kullanici_Islemleri/Secenekler"), 10): Web element with id: 'Object Repository/Kullanici_Islemleri/Secenekler' located by 'By.cssSelector: .nav.navbar-nav.navbar-right li a' is not present after '10' second(s)

2021-11-12 17:25:56 - [MESSAGE][INFO] - Finding Test Object 'Object Repository/Kullanici_Islemleri/Secenekler'

2021-11-12 17:25:56 - [MESSAGE][INFO] - Checking object

2021-11-12 17:25:56 - [MESSAGE][INFO] - Checking timeout

2021-11-12 17:25:56 - [MESSAGE][INFO] - Finding web element with id: 'Object Repository/Kullanici_Islemleri/Secenekler' located by 'By.cssSelector: .nav.navbar-nav.navbar-right li a' in '10' second(s)

2021-11-12 17:25:56 - [MESSAGE][INFO] - Smart Wait Function is triggered

2021-11-12 17:25:57 - [MESSAGE][PASSED] - Web element with id: 'Object Repository/Kullanici_Islemleri/Secenekler' located by 'By.cssSelector: .nav.navbar-nav.navbar-right li a' is not present after '10' second(s)

2021-11-12 17:25:57 - [MESSAGE][PASSED] - Call Test Case 'Test Cases/Kullanici_Islemleri/KullaniciIslemlerindenSecimYapilir' successfully

2021-11-12 17:25:57 - [TEST_CASE][PASSED] - Start Test Case : SCENARIO e-Arsiv Erisim Kontrol: SCENARIO e-Arsiv Erisim Kontrol

2021-11-12 17:25:57 - [TEST_STEP][PASSED] - Kullanıcı adı ELOGO6 ve Şifre 123456 olarak giriş yapılır: Kullanıcı adı ELOGO6 ve Şifre 123456 olarak giriş yapılır

2021-11-12 17:25:57 - [MESSAGE][PASSED] - Kullanıcı adı ELOGO6 ve Şifre 123456 olarak giriş yapılır

2021-11-12 17:25:57 - [TEST_STEP][PASSED] - https://efatura-stage.elogo.com.tr/EArchive/DisplayFileReport?fileType=xml&ids=2720727 isimli linke gidilir: https://efatura-stage.elogo.com.tr/EArchive/DisplayFileReport?fileType=xml&ids=2720727 isimli linke gidilir

2021-11-12 17:25:57 - [MESSAGE][PASSED] - https://efatura-stage.elogo.com.tr/EArchive/DisplayFileReport?fileType=xml&ids=2720727 isimli linke gidilir

2021-11-12 17:25:57 - [TEST_STEP][PASSED] - earsiv:eArsivRaporu tagli ubl geldi mi: earsiv:eArsivRaporu tagli ubl geldi mi

2021-11-12 17:25:57 - [MESSAGE][PASSED] - earsiv:eArsivRaporu tagli ubl geldi mi

2021-11-12 17:25:57 - [TEST_STEP][PASSED] - https://efatura-stage.elogo.com.tr/EArchive/DisplayFileReport?fileType=html&ids=2720727 isimli linke gidilir: https://efatura-stage.elogo.com.tr/EArchive/DisplayFileReport?fileType=html&ids=2720727 isimli linke gidilir

2021-11-12 17:25:57 - [MESSAGE][PASSED] - https://efatura-stage.elogo.com.tr/EArchive/DisplayFileReport?fileType=html&ids=2720727 isimli linke gidilir

2021-11-12 17:25:57 - [TEST_STEP][PASSED] - E-Arşiv Raporu popupı açıldı mı: E-Arşiv Raporu popupı açıldı mı

2021-11-12 17:25:57 - [MESSAGE][PASSED] - E-Arşiv Raporu popupı açıldı mı

2021-11-12 17:25:57 - [TEST_STEP][PASSED] - https://efatura-stage.elogo.com.tr/InvoiceCreation/DisplayUBL?id=41324&invoiceCreationType=0&userDocType=1 isimli linke gidilir: https://efatura-stage.elogo.com.tr/InvoiceCreation/DisplayUBL?id=41324&invoiceCreationType=0&userDocType=1 isimli linke gidilir

2021-11-12 17:25:57 - [MESSAGE][PASSED] - https://efatura-stage.elogo.com.tr/InvoiceCreation/DisplayUBL?id=41324&invoiceCreationType=0&userDocType=1 isimli linke gidilir

2021-11-12 17:25:57 - [TEST_STEP][PASSED] - invoice tagli ubl geldi mi: invoice tagli ubl geldi mi

2021-11-12 17:25:57 - [MESSAGE][PASSED] - invoice tagli ubl geldi mi

2021-11-12 17:25:57 - [TEST_STEP][PASSED] - https://efatura-stage.elogo.com.tr/InvoiceCreation/DisplayUBL?id=41657&invoiceCreationType=1&userDocType=1 isimli linke gidilir: https://efatura-stage.elogo.com.tr/InvoiceCreation/DisplayUBL?id=41657&invoiceCreationType=1&userDocType=1 isimli linke gidilir

2021-11-12 17:25:57 - [MESSAGE][PASSED] - https://efatura-stage.elogo.com.tr/InvoiceCreation/DisplayUBL?id=41657&invoiceCreationType=1&userDocType=1 isimli linke gidilir

2021-11-12 17:25:57 - [TEST_STEP][PASSED] - invoice tagli ubl geldi mi: invoice tagli ubl geldi mi

2021-11-12 17:25:57 - [MESSAGE][PASSED] - invoice tagli ubl geldi mi

2021-11-12 17:25:57 - [TEST_STEP][PASSED] - https://efatura-stage.elogo.com.tr/EArchive/DisplayFile?fileType=xml&ids=20353831&showWithGF=false&created=2021-10-31T21:00:00.000Z isimli linke gidilir: https://efatura-stage.elogo.com.tr/EArchive/DisplayFile?fileType=xml&ids=20353831&showWithGF=false&created=2021-10-31T21:00:00.000Z isimli linke gidilir

2021-11-12 17:25:57 - [MESSAGE][PASSED] - https://efatura-stage.elogo.com.tr/EArchive/DisplayFile?fileType=xml&ids=20353831&showWithGF=false&created=2021-10-31T21:00:00.000Z isimli linke gidilir

2021-11-12 17:25:57 - [TEST_STEP][PASSED] - invoice tagli ubl geldi mi: invoice tagli ubl geldi mi

2021-11-12 17:25:57 - [MESSAGE][PASSED] - invoice tagli ubl geldi mi

2021-11-12 17:25:57 - [TEST_STEP][PASSED] - https://efatura-stage.elogo.com.tr/EArchive/DisplayFile?fileType=pdf&ids=20353831&showWithGF=false&created=2021-10-31T21:00:00.000Z isimli linke gidilir: https://efatura-stage.elogo.com.tr/EArchive/DisplayFile?fileType=pdf&ids=20353831&showWithGF=false&created=2021-10-31T21:00:00.000Z isimli linke gidilir

2021-11-12 17:25:57 - [MESSAGE][PASSED] - https://efatura-stage.elogo.com.tr/EArchive/DisplayFile?fileType=pdf&ids=20353831&showWithGF=false&created=2021-10-31T21:00:00.000Z isimli linke gidilir

2021-11-12 17:25:57 - [TEST_STEP][PASSED] - PDF açıldı mı: PDF açıldı mı

2021-11-12 17:25:57 - [MESSAGE][PASSED] - PDF açıldı mı

2021-11-12 17:25:57 - [TEST_STEP][PASSED] - https://efatura-stage.elogo.com.tr/EArchive/DisplayFile?fileType=html&ids=20353831&showWithGF=true&created=2021-10-31T21:00:00.000Z isimli linke gidilir: https://efatura-stage.elogo.com.tr/EArchive/DisplayFile?fileType=html&ids=20353831&showWithGF=true&created=2021-10-31T21:00:00.000Z isimli linke gidilir

2021-11-12 17:25:57 - [MESSAGE][PASSED] - https://efatura-stage.elogo.com.tr/EArchive/DisplayFile?fileType=html&ids=20353831&showWithGF=true&created=2021-10-31T21:00:00.000Z isimli linke gidilir

2021-11-12 17:25:57 - [TEST_STEP][PASSED] - Yeni sekme başlığında e-Arşiv Fatura var mı kontrol edilir: Yeni sekme başlığında e-Arşiv Fatura var mı kontrol edilir

2021-11-12 17:25:57 - [MESSAGE][PASSED] - Yeni sekme başlığında e-Arşiv Fatura var mı kontrol edilir

2021-11-12 17:25:57 - [TEST_STEP][PASSED] - https://efatura-stage.elogo.com.tr/Invoice/PostboxIncomingInvoice?Option=0 isimli linke gidilir: https://efatura-stage.elogo.com.tr/Invoice/PostboxIncomingInvoice?Option=0 isimli linke gidilir

2021-11-12 17:25:57 - [MESSAGE][PASSED] - https://efatura-stage.elogo.com.tr/Invoice/PostboxIncomingInvoice?Option=0 isimli linke gidilir

2021-11-12 17:25:57 - [TEST_STEP][PASSED] - Kullanıcı işlemlerinden Çıkış seçilir: Kullanıcı işlemlerinden Çıkış seçilir

2021-11-12 17:25:57 - [MESSAGE][PASSED] - Kullanıcı işlemlerinden Çıkış seçilir

2021-11-12 17:25:57 - [TEST_STEP][PASSED] - Kullanıcı adı ELOGOGIB ve Şifre 123456 olarak giriş yapılır: Kullanıcı adı ELOGOGIB ve Şifre 123456 olarak giriş yapılır

2021-11-12 17:25:57 - [MESSAGE][PASSED] - Kullanıcı adı ELOGOGIB ve Şifre 123456 olarak giriş yapılır

2021-11-12 17:25:57 - [TEST_STEP][PASSED] - https://efatura-stage.elogo.com.tr/EArchive/DisplayFile?fileType=pdf&ids=20353831&showWithGF=false&created=2021-10-31T21:00:00.000Z isimli linke gidilir: https://efatura-stage.elogo.com.tr/EArchive/DisplayFile?fileType=pdf&ids=20353831&showWithGF=false&created=2021-10-31T21:00:00.000Z isimli linke gidilir

2021-11-12 17:25:57 - [MESSAGE][PASSED] - https://efatura-stage.elogo.com.tr/EArchive/DisplayFile?fileType=pdf&ids=20353831&showWithGF=false&created=2021-10-31T21:00:00.000Z isimli linke gidilir

2021-11-12 17:25:57 - [TEST_STEP][PASSED] - Gerekli hata mesaji Lütfen sadece giriş yaptığınız hesaba ait belgeler için işlem yapınız. geldi mi: Gerekli hata mesaji Lütfen sadece giriş yaptığınız hesaba ait belgeler için işlem yapınız. geldi mi

2021-11-12 17:25:57 - [MESSAGE][PASSED] - Gerekli hata mesaji Lütfen sadece giriş yaptığınız hesaba ait belgeler için işlem yapınız. geldi mi

2021-11-12 17:25:57 - [TEST_STEP][PASSED] - https://efatura-stage.elogo.com.tr/EArchive/DisplayFile?fileType=html&ids=20353831&showWithGF=true&created=2021-10-31T21:00:00.000Z isimli linke gidilir: https://efatura-stage.elogo.com.tr/EArchive/DisplayFile?fileType=html&ids=20353831&showWithGF=true&created=2021-10-31T21:00:00.000Z isimli linke gidilir

2021-11-12 17:25:57 - [MESSAGE][PASSED] - https://efatura-stage.elogo.com.tr/EArchive/DisplayFile?fileType=html&ids=20353831&showWithGF=true&created=2021-10-31T21:00:00.000Z isimli linke gidilir

2021-11-12 17:25:57 - [TEST_STEP][PASSED] - Gerekli hata mesaji Lütfen sadece giriş yaptığınız hesaba ait belgeler için işlem yapınız. geldi mi: Gerekli hata mesaji Lütfen sadece giriş yaptığınız hesaba ait belgeler için işlem yapınız. geldi mi

2021-11-12 17:25:57 - [MESSAGE][PASSED] - Gerekli hata mesaji Lütfen sadece giriş yaptığınız hesaba ait belgeler için işlem yapınız. geldi mi

2021-11-12 17:25:57 - [TEST_STEP][PASSED] - https://efatura-stage.elogo.com.tr/Invoice/PostboxIncomingInvoice?Option=0 isimli linke gidilir: https://efatura-stage.elogo.com.tr/Invoice/PostboxIncomingInvoice?Option=0 isimli linke gidilir

2021-11-12 17:25:57 - [MESSAGE][PASSED] - https://efatura-stage.elogo.com.tr/Invoice/PostboxIncomingInvoice?Option=0 isimli linke gidilir

2021-11-12 17:25:57 - [TEST_STEP][PASSED] - Kullanıcı işlemlerinden Çıkış seçilir: Kullanıcı işlemlerinden Çıkış seçilir

2021-11-12 17:25:57 - [MESSAGE][PASSED] - Kullanıcı işlemlerinden Çıkış seçilir

2021-11-12 17:25:57 - [MESSAGE][PASSED] - Feature file: 'Include/features/e-Arsiv/Erisim Kontrol.feature' was passed

2021-11-12 17:25:57 - [TEST_STEP][PASSED] - Start listener action : sampleAfterTestSuite: Invoke 'com.kms.katalon.core.annotation.AfterTestCase' method: 'Listener.sampleAfterTestSuite(...)' completed.

2021-11-12 17:25:57 - [MESSAGE][INFO] - Starting invoke 'com.kms.katalon.core.annotation.AfterTestCase' method: 'Listener.sampleAfterTestSuite(...)'

2021-11-12 17:25:57 - [TEST_STEP][PASSED] - closeBrowser(): Invoke 'com.kms.katalon.core.annotation.AfterTestCase' method: 'Listener.sampleAfterTestSuite(...)' completed.

2021-11-12 17:25:57 - [MESSAGE][INFO] - Closing browser

2021-11-12 17:25:58 - [MESSAGE][PASSED] - Browser is closed

2021-11-12 17:25:58 - [MESSAGE][INFO] - Invoke 'com.kms.katalon.core.annotation.AfterTestCase' method: 'Listener.sampleAfterTestSuite(...)' completed.]]></system-out>
         <system-err><![CDATA[]]></system-err>
      </testcase>
      <system-out><![CDATA[2021-11-12 17:04:37 - [TEST_SUITE][FAILED] - e-Arsiv: Test Cases/Case Repository/e-Arsiv/e-Arsiv Araclari/e-Arsiv Fatura Olusturma/Ekle/Elektronik-Satis Tipinde FAILED.
Reason:
com.kms.katalon.core.exception.StepFailedException: Feature file 'Include/features/e-Arsiv/e-Arsiv Araclari/e-Arsiv Fatura Olusturma/Ekle/Elektronik ve Satis Tipinde.feature' was failed
	at com.kms.katalon.core.keyword.internal.KeywordMain.stepFailed(KeywordMain.groovy:50)
	at com.kms.katalon.core.keyword.internal.KeywordMain.stepFailed(KeywordMain.groovy)
	at com.kms.katalon.core.keyword.internal.KeywordMain.stepFailed(KeywordMain.groovy:23)
	at com.kms.katalon.core.keyword.internal.KeywordMain$stepFailed$0.call(Unknown Source)
	at com.kms.katalon.core.cucumber.keyword.CucumberBuiltinKeywords$_runFeatureFile_closure1.doCall(CucumberBuiltinKeywords.groovy:112)
	at com.kms.katalon.core.cucumber.keyword.CucumberBuiltinKeywords$_runFeatureFile_closure1.doCall(CucumberBuiltinKeywords.groovy)
	at com.kms.katalon.core.keyword.internal.KeywordMain.runKeyword(KeywordMain.groovy:68)
	at com.kms.katalon.core.keyword.internal.KeywordMain$runKeyword.call(Unknown Source)
	at com.kms.katalon.core.cucumber.keyword.CucumberBuiltinKeywords.runFeatureFile(CucumberBuiltinKeywords.groovy:73)
	at com.kms.katalon.core.cucumber.keyword.CucumberBuiltinKeywords$runFeatureFile$0.callStatic(Unknown Source)
	at com.kms.katalon.core.cucumber.keyword.CucumberBuiltinKeywords.runFeatureFile(CucumberBuiltinKeywords.groovy:246)
	at com.kms.katalon.core.cucumber.keyword.CucumberBuiltinKeywords$runFeatureFile.call(Unknown Source)
	at Elektronik-Satis Tipinde.run(Elektronik-Satis Tipinde:17)
	at com.kms.katalon.core.main.ScriptEngine.run(ScriptEngine.java:194)
	at com.kms.katalon.core.main.ScriptEngine.runScriptAsRawText(ScriptEngine.java:119)
	at com.kms.katalon.core.main.TestCaseExecutor.runScript(TestCaseExecutor.java:369)
	at com.kms.katalon.core.main.TestCaseExecutor.doExecute(TestCaseExecutor.java:360)
	at com.kms.katalon.core.main.TestCaseExecutor.processExecutionPhase(TestCaseExecutor.java:339)
	at com.kms.katalon.core.main.TestCaseExecutor.accessMainPhase(TestCaseExecutor.java:331)
	at com.kms.katalon.core.main.TestCaseExecutor.execute(TestCaseExecutor.java:248)
	at com.kms.katalon.core.main.TestSuiteExecutor.accessTestCaseMainPhase(TestSuiteExecutor.java:191)
	at com.kms.katalon.core.main.TestSuiteExecutor.accessTestSuiteMainPhase(TestSuiteExecutor.java:140)
	at com.kms.katalon.core.main.TestSuiteExecutor.execute(TestSuiteExecutor.java:89)
	at com.kms.katalon.core.main.TestCaseMain.startTestSuite(TestCaseMain.java:181)
	at com.kms.katalon.core.main.TestCaseMain$startTestSuite$0.call(Unknown Source)
	at TempTestSuite1636725797192.run(TempTestSuite1636725797192.groovy:39)]]></system-out>
      <system-err><![CDATA[2021-11-12 17:04:37 - [TEST_SUITE][FAILED] - e-Arsiv: Test Cases/Case Repository/e-Arsiv/e-Arsiv Araclari/e-Arsiv Fatura Olusturma/Ekle/Elektronik-Satis Tipinde FAILED.
Reason:
com.kms.katalon.core.exception.StepFailedException: Feature file 'Include/features/e-Arsiv/e-Arsiv Araclari/e-Arsiv Fatura Olusturma/Ekle/Elektronik ve Satis Tipinde.feature' was failed
	at com.kms.katalon.core.keyword.internal.KeywordMain.stepFailed(KeywordMain.groovy:50)
	at com.kms.katalon.core.keyword.internal.KeywordMain.stepFailed(KeywordMain.groovy)
	at com.kms.katalon.core.keyword.internal.KeywordMain.stepFailed(KeywordMain.groovy:23)
	at com.kms.katalon.core.keyword.internal.KeywordMain$stepFailed$0.call(Unknown Source)
	at com.kms.katalon.core.cucumber.keyword.CucumberBuiltinKeywords$_runFeatureFile_closure1.doCall(CucumberBuiltinKeywords.groovy:112)
	at com.kms.katalon.core.cucumber.keyword.CucumberBuiltinKeywords$_runFeatureFile_closure1.doCall(CucumberBuiltinKeywords.groovy)
	at com.kms.katalon.core.keyword.internal.KeywordMain.runKeyword(KeywordMain.groovy:68)
	at com.kms.katalon.core.keyword.internal.KeywordMain$runKeyword.call(Unknown Source)
	at com.kms.katalon.core.cucumber.keyword.CucumberBuiltinKeywords.runFeatureFile(CucumberBuiltinKeywords.groovy:73)
	at com.kms.katalon.core.cucumber.keyword.CucumberBuiltinKeywords$runFeatureFile$0.callStatic(Unknown Source)
	at com.kms.katalon.core.cucumber.keyword.CucumberBuiltinKeywords.runFeatureFile(CucumberBuiltinKeywords.groovy:246)
	at com.kms.katalon.core.cucumber.keyword.CucumberBuiltinKeywords$runFeatureFile.call(Unknown Source)
	at Elektronik-Satis Tipinde.run(Elektronik-Satis Tipinde:17)
	at com.kms.katalon.core.main.ScriptEngine.run(ScriptEngine.java:194)
	at com.kms.katalon.core.main.ScriptEngine.runScriptAsRawText(ScriptEngine.java:119)
	at com.kms.katalon.core.main.TestCaseExecutor.runScript(TestCaseExecutor.java:369)
	at com.kms.katalon.core.main.TestCaseExecutor.doExecute(TestCaseExecutor.java:360)
	at com.kms.katalon.core.main.TestCaseExecutor.processExecutionPhase(TestCaseExecutor.java:339)
	at com.kms.katalon.core.main.TestCaseExecutor.accessMainPhase(TestCaseExecutor.java:331)
	at com.kms.katalon.core.main.TestCaseExecutor.execute(TestCaseExecutor.java:248)
	at com.kms.katalon.core.main.TestSuiteExecutor.accessTestCaseMainPhase(TestSuiteExecutor.java:191)
	at com.kms.katalon.core.main.TestSuiteExecutor.accessTestSuiteMainPhase(TestSuiteExecutor.java:140)
	at com.kms.katalon.core.main.TestSuiteExecutor.execute(TestSuiteExecutor.java:89)
	at com.kms.katalon.core.main.TestCaseMain.startTestSuite(TestCaseMain.java:181)
	at com.kms.katalon.core.main.TestCaseMain$startTestSuite$0.call(Unknown Source)
	at TempTestSuite1636725797192.run(TempTestSuite1636725797192.groovy:39)]]></system-err>
   </testsuite>
</testsuites>
