<?xml version="1.0" encoding="UTF-8"?>
<testsuites name="Firma_Yonetimi" time="486.217" tests="13" failures="1" errors="0">
   <testsuite name="Firma_Yonetimi" tests="13" failures="1" errors="0" time="486.217" skipped="0" timestamp="2021-11-23 09:53:44" hostname="DELL - DESKTOP-QBVMTUG" id="">
      <properties>
         <property name="deviceName" value=""/>
         <property name="devicePlatform" value=""/>
         <property name="logFolder" value="C:\\Users\\DELL\\Documents\\GitHub\\EES_KatalonLogo\\Reports\\20211123_091110\\Suite Repository\\Firma_Yonetimi\\20211123_091222"/>
         <property name="logFiles" value="C:\\Users\\DELL\\Documents\\GitHub\\EES_KatalonLogo\\Reports\\20211123_091110\\Suite Repository\\Firma_Yonetimi\\20211123_091222\\execution0.log"/>
         <property name="attachments" value=""/>
         <property name="hostName" value="DELL - DESKTOP-QBVMTUG"/>
         <property name="os" value="Windows 10 64bit"/>
         <property name="katalonVersion" value="8.0.5.208"/>
         <property name="browser" value="Chrome 96.0.4664.45"/>
         <property name="hostAddress" value="192.168.1.24"/>
         <property name="sessionId" value="f4c8a2192d181f79d67ab07914f88b2e"/>
         <property name="seleniumVersion" value="3.141.59"/>
         <property name="proxyInformation" value="ProxyInformation { proxyOption=NO_PROXY, proxyServerType=HTTP, username=, password=********, proxyServerAddress=, proxyServerPort=0, executionList=&quot;&quot;, isApplyToDesiredCapabilities=true }"/>
         <property name="platform" value="Windows 10"/>
      </properties>
      <testcase name="Test Cases/Case Repository/Firma Yonetimi/Yetki Yonetimi/Departman Tanimlari/Departman Ekle" time="40.099" classname="Test Cases/Case Repository/Firma Yonetimi/Yetki Yonetimi/Departman Tanimlari/Departman Ekle" status="PASSED">
         <system-out><![CDATA[2021-11-23 09:53:44 - [TEST_CASE][PASSED] - Test Cases/Case Repository/Firma Yonetimi/Yetki Yonetimi/Departman Tanimlari/Departman Ekle: Test Cases/Case Repository/Firma Yonetimi/Yetki Yonetimi/Departman Tanimlari/Departman Ekle

2021-11-23 09:53:44 - [TEST_STEP][PASSED] - Start listener action : sampleBeforeTestSuite: Invoke 'com.kms.katalon.core.annotation.BeforeTestCase' method: 'Listener.sampleBeforeTestSuite(...)' completed.

2021-11-23 09:53:44 - [MESSAGE][INFO] - Starting invoke 'com.kms.katalon.core.annotation.BeforeTestCase' method: 'Listener.sampleBeforeTestSuite(...)'

2021-11-23 09:53:44 - [TEST_STEP][PASSED] - openBrowser(baseUrl): Browser is opened with url: 'https://efatura-stage.elogo.com.tr/'

2021-11-23 09:53:46 - [MESSAGE][INFO] - Opening browser

2021-11-23 09:53:46 - [MESSAGE][INFO] - Starting 'Chrome' driver

2021-11-23 09:53:46 - [MESSAGE][INFO] - User set preference: ['prefs', '{download.default_directory=C:\otomasyondownfiles}']

2021-11-23 09:53:46 - [MESSAGE][INFO] - Action delay is set to 0 milliseconds

2021-11-23 09:53:49 - [MESSAGE][INFO] - Navigating browser to: 'https://efatura-stage.elogo.com.tr/'

2021-11-23 09:53:51 - [MESSAGE][PASSED] - Browser is opened with url: 'https://efatura-stage.elogo.com.tr/'

2021-11-23 09:53:51 - [TEST_STEP][PASSED] - maximizeWindow(): Invoke 'com.kms.katalon.core.annotation.BeforeTestCase' method: 'Listener.sampleBeforeTestSuite(...)' completed.

2021-11-23 09:53:51 - [MESSAGE][INFO] - Maximizing current window

2021-11-23 09:53:52 - [MESSAGE][PASSED] - Current window maximized

2021-11-23 09:53:52 - [MESSAGE][INFO] - Invoke 'com.kms.katalon.core.annotation.BeforeTestCase' method: 'Listener.sampleBeforeTestSuite(...)' completed.

2021-11-23 09:53:52 - [TEST_STEP][PASSED] - runFeatureFile("Include/features/Firma Yonetimi/Yetki Yonetimi/Departman Tanimlari/Departman Ekle.feature"): Feature file: 'Include/features/Firma Yonetimi/Yetki Yonetimi/Departman Tanimlari/Departman Ekle.feature' was passed

2021-11-23 09:53:53 - [MESSAGE][INFO] - Starting run keyword runFeatureFile: 'Include/features/Firma Yonetimi/Yetki Yonetimi/Departman Tanimlari/Departman Ekle.feature' and extract report to folder: 'C:\Users\DELL\Documents\GitHub\EES_KatalonLogo\Reports\20211123_091110\Suite Repository\Firma_Yonetimi\20211123_091222/cucumber_report/1637650433057'...

2021-11-23 09:53:53 - [MESSAGE][INFO] - Glue: []

2021-11-23 09:53:56 - [MESSAGE][INFO] - Checking called Test Case

2021-11-23 09:53:56 - [MESSAGE][INFO] - Starting to call Test Case 'Test Cases/Sayfalar/Giris_Sayfasi/Login'

2021-11-23 09:53:56 - [TEST_CASE][PASSED] - Test Cases/Sayfalar/Giris_Sayfasi/Login: Test Cases/Sayfalar/Giris_Sayfasi/Login

2021-11-23 09:53:57 - [TEST_STEP][PASSED] - Sayfa_Basligi = getWindowTitle(): Current window's title is: 'LOGO e-Fatura'

2021-11-23 09:53:57 - [MESSAGE][INFO] - Getting current window's title

2021-11-23 09:53:57 - [MESSAGE][PASSED] - Current window's title is: 'LOGO e-Fatura'

2021-11-23 09:53:57 - [TEST_STEP][PASSED] - verifyMatch(Sayfa_Basligi, "LOGO e-Fatura", false): Actual text 'LOGO e-Fatura' and expected text 'LOGO e-Fatura' are matched 

2021-11-23 09:53:57 - [MESSAGE][INFO] - Matching actual text 'LOGO e-Fatura' with expected text 'LOGO e-Fatura'

2021-11-23 09:53:57 - [MESSAGE][PASSED] - Actual text 'LOGO e-Fatura' and expected text 'LOGO e-Fatura' are matched 

2021-11-23 09:53:57 - [TEST_STEP][PASSED] - sendKeys(findTestObject("Sayfalar/Giris_Sayfasi/Firma_Kodu"), KullaniciAdi): Keys 'ELOGO6' sent to object: 'Object Repository/Sayfalar/Giris_Sayfasi/Firma_Kodu'

2021-11-23 09:53:57 - [MESSAGE][INFO] - Finding Test Object 'Object Repository/Sayfalar/Giris_Sayfasi/Firma_Kodu'

2021-11-23 09:53:57 - [MESSAGE][INFO] - Sending keys 'ELOGO6' to object: 'Object Repository/Sayfalar/Giris_Sayfasi/Firma_Kodu'

2021-11-23 09:53:57 - [MESSAGE][INFO] - Finding web element from Test Object's properties

2021-11-23 09:53:57 - [MESSAGE][INFO] - Checking timeout

2021-11-23 09:53:57 - [MESSAGE][INFO] - Finding web element with id: 'Object Repository/Sayfalar/Giris_Sayfasi/Firma_Kodu' located by 'By.xpath: //*[@id = 'AccountName']' in '30' second(s)

2021-11-23 09:53:57 - [MESSAGE][INFO] - Smart Wait Function is triggered

2021-11-23 09:53:58 - [MESSAGE][INFO] - Found 1 web elements with id: 'Object Repository/Sayfalar/Giris_Sayfasi/Firma_Kodu' located by 'By.xpath: //*[@id = 'AccountName']' in '30' second(s)

2021-11-23 09:53:58 - [MESSAGE][PASSED] - Keys 'ELOGO6' sent to object: 'Object Repository/Sayfalar/Giris_Sayfasi/Firma_Kodu'

2021-11-23 09:53:58 - [TEST_STEP][PASSED] - sendKeys(findTestObject("Sayfalar/Giris_Sayfasi/Sifre"), Sifre): Keys '123456' sent to object: 'Object Repository/Sayfalar/Giris_Sayfasi/Sifre'

2021-11-23 09:53:58 - [MESSAGE][INFO] - Finding Test Object 'Object Repository/Sayfalar/Giris_Sayfasi/Sifre'

2021-11-23 09:53:58 - [MESSAGE][INFO] - Sending keys '123456' to object: 'Object Repository/Sayfalar/Giris_Sayfasi/Sifre'

2021-11-23 09:53:58 - [MESSAGE][INFO] - Finding web element from Test Object's properties

2021-11-23 09:53:58 - [MESSAGE][INFO] - Checking timeout

2021-11-23 09:53:58 - [MESSAGE][INFO] - Finding web element with id: 'Object Repository/Sayfalar/Giris_Sayfasi/Sifre' located by 'By.xpath: //*[@id = 'Password']' in '30' second(s)

2021-11-23 09:53:58 - [MESSAGE][INFO] - Smart Wait Function is triggered

2021-11-23 09:53:58 - [MESSAGE][INFO] - Found 1 web elements with id: 'Object Repository/Sayfalar/Giris_Sayfasi/Sifre' located by 'By.xpath: //*[@id = 'Password']' in '30' second(s)

2021-11-23 09:53:58 - [MESSAGE][PASSED] - Keys '123456' sent to object: 'Object Repository/Sayfalar/Giris_Sayfasi/Sifre'

2021-11-23 09:53:58 - [TEST_STEP][PASSED] - findWebElement(findTestObject("Sayfalar/Giris_Sayfasi/Giris_Butonu")).click(): Found 1 web elements with id: 'Object Repository/Sayfalar/Giris_Sayfasi/Giris_Butonu' located by 'By.cssSelector: #btnLogin' in '30' second(s)

2021-11-23 09:53:58 - [MESSAGE][INFO] - Finding Test Object 'Object Repository/Sayfalar/Giris_Sayfasi/Giris_Butonu'

2021-11-23 09:53:58 - [MESSAGE][INFO] - Finding web element from Test Object's properties

2021-11-23 09:53:58 - [MESSAGE][INFO] - Checking timeout

2021-11-23 09:53:58 - [MESSAGE][INFO] - Finding web element with id: 'Object Repository/Sayfalar/Giris_Sayfasi/Giris_Butonu' located by 'By.cssSelector: #btnLogin' in '30' second(s)

2021-11-23 09:53:58 - [MESSAGE][INFO] - Smart Wait Function is triggered

2021-11-23 09:53:59 - [MESSAGE][INFO] - Found 1 web elements with id: 'Object Repository/Sayfalar/Giris_Sayfasi/Giris_Butonu' located by 'By.cssSelector: #btnLogin' in '30' second(s)

2021-11-23 09:54:01 - [TEST_STEP][PASSED] - if (verifyElementPresent(findTestObject("Object Repository/Sayfalar/Giris_Sayfasi/RetveTamam_Butonu"), 5, OPTIONAL)): null

2021-11-23 09:54:01 - [MESSAGE][INFO] - Finding Test Object 'Object Repository/Sayfalar/Giris_Sayfasi/RetveTamam_Butonu'

2021-11-23 09:54:01 - [MESSAGE][INFO] - Checking object

2021-11-23 09:54:01 - [MESSAGE][INFO] - Finding web element from Test Object's properties

2021-11-23 09:54:01 - [MESSAGE][INFO] - Checking timeout

2021-11-23 09:54:01 - [MESSAGE][INFO] - Finding web element with id: 'Object Repository/Sayfalar/Giris_Sayfasi/RetveTamam_Butonu' located by 'By.xpath: //*[@class = 'btn btn-default']' in '5' second(s)

2021-11-23 09:54:01 - [MESSAGE][INFO] - Smart Wait Function is triggered

2021-11-23 09:54:01 - [MESSAGE][INFO] - Found 1 web elements with id: 'Object Repository/Sayfalar/Giris_Sayfasi/RetveTamam_Butonu' located by 'By.xpath: //*[@class = 'btn btn-default']' in '5' second(s)

2021-11-23 09:54:01 - [MESSAGE][PASSED] - Object 'Object Repository/Sayfalar/Giris_Sayfasi/RetveTamam_Butonu' is present

2021-11-23 09:54:01 - [TEST_STEP][PASSED] - click(findTestObject("Object Repository/Sayfalar/Giris_Sayfasi/RetveTamam_Butonu")): Object: 'Object Repository/Sayfalar/Giris_Sayfasi/RetveTamam_Butonu' is clicked on

2021-11-23 09:54:01 - [MESSAGE][INFO] - Finding Test Object 'Object Repository/Sayfalar/Giris_Sayfasi/RetveTamam_Butonu'

2021-11-23 09:54:02 - [MESSAGE][INFO] - Checking object

2021-11-23 09:54:02 - [MESSAGE][INFO] - Finding web element from Test Object's properties

2021-11-23 09:54:02 - [MESSAGE][INFO] - Checking timeout

2021-11-23 09:54:02 - [MESSAGE][INFO] - Finding web element with id: 'Object Repository/Sayfalar/Giris_Sayfasi/RetveTamam_Butonu' located by 'By.xpath: //*[@class = 'btn btn-default']' in '30' second(s)

2021-11-23 09:54:02 - [MESSAGE][INFO] - Smart Wait Function is triggered

2021-11-23 09:54:02 - [MESSAGE][INFO] - Found 1 web elements with id: 'Object Repository/Sayfalar/Giris_Sayfasi/RetveTamam_Butonu' located by 'By.xpath: //*[@class = 'btn btn-default']' in '30' second(s)

2021-11-23 09:54:02 - [MESSAGE][INFO] - Clicking on object: 'Object Repository/Sayfalar/Giris_Sayfasi/RetveTamam_Butonu'

2021-11-23 09:54:02 - [MESSAGE][PASSED] - Object: 'Object Repository/Sayfalar/Giris_Sayfasi/RetveTamam_Butonu' is clicked on

2021-11-23 09:54:02 - [TEST_STEP][PASSED] - click(findTestObject("Object Repository/Sayfalar/Giris_Sayfasi/RetveTamam_Butonu")): Object: 'Object Repository/Sayfalar/Giris_Sayfasi/RetveTamam_Butonu' is clicked on

2021-11-23 09:54:02 - [MESSAGE][INFO] - Finding Test Object 'Object Repository/Sayfalar/Giris_Sayfasi/RetveTamam_Butonu'

2021-11-23 09:54:02 - [MESSAGE][INFO] - Checking object

2021-11-23 09:54:02 - [MESSAGE][INFO] - Finding web element from Test Object's properties

2021-11-23 09:54:02 - [MESSAGE][INFO] - Checking timeout

2021-11-23 09:54:02 - [MESSAGE][INFO] - Finding web element with id: 'Object Repository/Sayfalar/Giris_Sayfasi/RetveTamam_Butonu' located by 'By.xpath: //*[@class = 'btn btn-default']' in '30' second(s)

2021-11-23 09:54:02 - [MESSAGE][INFO] - Smart Wait Function is triggered

2021-11-23 09:54:05 - [MESSAGE][INFO] - Found 1 web elements with id: 'Object Repository/Sayfalar/Giris_Sayfasi/RetveTamam_Butonu' located by 'By.xpath: //*[@class = 'btn btn-default']' in '30' second(s)

2021-11-23 09:54:05 - [MESSAGE][INFO] - Clicking on object: 'Object Repository/Sayfalar/Giris_Sayfasi/RetveTamam_Butonu'

2021-11-23 09:54:05 - [MESSAGE][PASSED] - Object: 'Object Repository/Sayfalar/Giris_Sayfasi/RetveTamam_Butonu' is clicked on

2021-11-23 09:54:05 - [TEST_STEP][PASSED] - if (verifyElementPresent(findTestObject("Sayfalar/Giris_Sayfasi/PopupOK"), 5, OPTIONAL)): null

2021-11-23 09:54:05 - [MESSAGE][INFO] - Finding Test Object 'Object Repository/Sayfalar/Giris_Sayfasi/PopupOK'

2021-11-23 09:54:05 - [MESSAGE][INFO] - Checking object

2021-11-23 09:54:05 - [MESSAGE][INFO] - Finding web element from Test Object's properties

2021-11-23 09:54:05 - [MESSAGE][INFO] - Checking timeout

2021-11-23 09:54:05 - [MESSAGE][INFO] - Finding web element with id: 'Object Repository/Sayfalar/Giris_Sayfasi/PopupOK' located by 'By.cssSelector: .btn.btn-success' in '5' second(s)

2021-11-23 09:54:05 - [MESSAGE][INFO] - Smart Wait Function is triggered

2021-11-23 09:54:06 - [MESSAGE][INFO] - Found 1 web elements with id: 'Object Repository/Sayfalar/Giris_Sayfasi/PopupOK' located by 'By.cssSelector: .btn.btn-success' in '5' second(s)

2021-11-23 09:54:06 - [MESSAGE][PASSED] - Object 'Object Repository/Sayfalar/Giris_Sayfasi/PopupOK' is present

2021-11-23 09:54:06 - [TEST_STEP][PASSED] - click(findTestObject("Object Repository/Sayfalar/Giris_Sayfasi/PopupCarpiGiris")): Object: 'Object Repository/Sayfalar/Giris_Sayfasi/PopupCarpiGiris' is clicked on

2021-11-23 09:54:06 - [MESSAGE][INFO] - Finding Test Object 'Object Repository/Sayfalar/Giris_Sayfasi/PopupCarpiGiris'

2021-11-23 09:54:06 - [MESSAGE][INFO] - Checking object

2021-11-23 09:54:06 - [MESSAGE][INFO] - Finding web element from Test Object's properties

2021-11-23 09:54:06 - [MESSAGE][INFO] - Checking timeout

2021-11-23 09:54:06 - [MESSAGE][INFO] - Finding web element with id: 'Object Repository/Sayfalar/Giris_Sayfasi/PopupCarpiGiris' located by 'By.cssSelector: .bootbox-close-button.close' in '30' second(s)

2021-11-23 09:54:06 - [MESSAGE][INFO] - Smart Wait Function is triggered

2021-11-23 09:54:06 - [MESSAGE][INFO] - Found 1 web elements with id: 'Object Repository/Sayfalar/Giris_Sayfasi/PopupCarpiGiris' located by 'By.cssSelector: .bootbox-close-button.close' in '30' second(s)

2021-11-23 09:54:06 - [MESSAGE][INFO] - Clicking on object: 'Object Repository/Sayfalar/Giris_Sayfasi/PopupCarpiGiris'

2021-11-23 09:54:06 - [MESSAGE][PASSED] - Object: 'Object Repository/Sayfalar/Giris_Sayfasi/PopupCarpiGiris' is clicked on

2021-11-23 09:54:06 - [TEST_STEP][PASSED] - verifyElementVisible(findTestObject("Object Repository/Kullanici_Islemleri/KullaniciIslemleri")): Object 'Object Repository/Kullanici_Islemleri/KullaniciIslemleri' is visible

2021-11-23 09:54:06 - [MESSAGE][INFO] - Finding Test Object 'Object Repository/Kullanici_Islemleri/KullaniciIslemleri'

2021-11-23 09:54:07 - [MESSAGE][INFO] - Checking object

2021-11-23 09:54:07 - [MESSAGE][INFO] - Finding web element from Test Object's properties

2021-11-23 09:54:07 - [MESSAGE][INFO] - Checking timeout

2021-11-23 09:54:07 - [MESSAGE][INFO] - Finding web element with id: 'Object Repository/Kullanici_Islemleri/KullaniciIslemleri' located by 'By.cssSelector: .dropdown>a>img' in '30' second(s)

2021-11-23 09:54:07 - [MESSAGE][INFO] - Smart Wait Function is triggered

2021-11-23 09:54:07 - [MESSAGE][INFO] - Found 1 web elements with id: 'Object Repository/Kullanici_Islemleri/KullaniciIslemleri' located by 'By.cssSelector: .dropdown>a>img' in '30' second(s)

2021-11-23 09:54:07 - [MESSAGE][PASSED] - Object 'Object Repository/Kullanici_Islemleri/KullaniciIslemleri' is visible

2021-11-23 09:54:07 - [MESSAGE][PASSED] - Call Test Case 'Test Cases/Sayfalar/Giris_Sayfasi/Login' successfully

2021-11-23 09:54:07 - [MESSAGE][INFO] - Checking called Test Case

2021-11-23 09:54:07 - [MESSAGE][INFO] - Starting to call Test Case 'Test Cases/Menu/AnaMenuSecimi'

2021-11-23 09:54:07 - [TEST_CASE][PASSED] - Test Cases/Menu/AnaMenuSecimi: Test Cases/Menu/AnaMenuSecimi

2021-11-23 09:54:08 - [TEST_STEP][PASSED] - Method.TextDegerineEsitElementeTikla(findTestObject("Menu/Ana_Menu"), Ana_Menu): Method.TextDegerineEsitElementeTikla is PASSED

2021-11-23 09:54:08 - [MESSAGE][INFO] - Finding Test Object 'Object Repository/Menu/Ana_Menu'

2021-11-23 09:54:08 - [MESSAGE][INFO] - Checking timeout

2021-11-23 09:54:08 - [MESSAGE][INFO] - Finding web element with id: 'Object Repository/Menu/Ana_Menu' located by 'By.xpath: //*[@class = 'dropdown-toggle']' in '10' second(s)

2021-11-23 09:54:08 - [MESSAGE][INFO] - Smart Wait Function is triggered

2021-11-23 09:54:08 - [MESSAGE][INFO] - Found 14 web elements with id: 'Object Repository/Menu/Ana_Menu' located by 'By.xpath: //*[@class = 'dropdown-toggle']' in '10' second(s)

2021-11-23 09:54:09 - [MESSAGE][PASSED] - Method.TextDegerineEsitElementeTikla is PASSED

2021-11-23 09:54:09 - [MESSAGE][PASSED] - Call Test Case 'Test Cases/Menu/AnaMenuSecimi' successfully

2021-11-23 09:54:09 - [MESSAGE][INFO] - Checking called Test Case

2021-11-23 09:54:09 - [MESSAGE][INFO] - Starting to call Test Case 'Test Cases/Menu/AltMenuSecimi'

2021-11-23 09:54:09 - [TEST_CASE][PASSED] - Test Cases/Menu/AltMenuSecimi: Test Cases/Menu/AltMenuSecimi

2021-11-23 09:54:09 - [TEST_STEP][PASSED] - Method.TextDegerineEsitElementeTikla(findTestObject("Menu/Alt_Menu"), Alt_Menu): Method.TextDegerineEsitElementeTikla is PASSED

2021-11-23 09:54:09 - [MESSAGE][INFO] - Finding Test Object 'Object Repository/Menu/Alt_Menu'

2021-11-23 09:54:09 - [MESSAGE][INFO] - Checking timeout

2021-11-23 09:54:09 - [MESSAGE][INFO] - Finding web element with id: 'Object Repository/Menu/Alt_Menu' located by 'By.xpath: //li[@class='dropdown dropdown-large open']//li[@class='dropdown-element']' in '10' second(s)

2021-11-23 09:54:09 - [MESSAGE][INFO] - Smart Wait Function is triggered

2021-11-23 09:54:10 - [MESSAGE][INFO] - Found 1 web elements with id: 'Object Repository/Menu/Alt_Menu' located by 'By.xpath: //li[@class='dropdown dropdown-large open']//li[@class='dropdown-element']' in '10' second(s)

2021-11-23 09:54:12 - [MESSAGE][PASSED] - Method.TextDegerineEsitElementeTikla is PASSED

2021-11-23 09:54:12 - [MESSAGE][PASSED] - Call Test Case 'Test Cases/Menu/AltMenuSecimi' successfully

2021-11-23 09:54:12 - [MESSAGE][INFO] - Checking called Test Case

2021-11-23 09:54:12 - [MESSAGE][INFO] - Starting to call Test Case 'Test Cases/Sayfalar/Yetki_Yonetimi/SekmeSecilir'

2021-11-23 09:54:12 - [TEST_CASE][PASSED] - Test Cases/Sayfalar/Yetki_Yonetimi/SekmeSecilir: Test Cases/Sayfalar/Yetki_Yonetimi/SekmeSecilir

2021-11-23 09:54:13 - [TEST_STEP][PASSED] - Method.TextDegerineEsitElementeTikla(findTestObject("Object Repository/Sayfalar/Yetki_Yonetimi/Sekmeler"), Sekme): Method.TextDegerineEsitElementeTikla is PASSED

2021-11-23 09:54:13 - [MESSAGE][INFO] - Finding Test Object 'Object Repository/Sayfalar/Yetki_Yonetimi/Sekmeler'

2021-11-23 09:54:13 - [MESSAGE][INFO] - Checking timeout

2021-11-23 09:54:13 - [MESSAGE][INFO] - Finding web element with id: 'Object Repository/Sayfalar/Yetki_Yonetimi/Sekmeler' located by 'By.cssSelector: #pcFeatures_TC>li[class="dxtc-tab"] span,#pcFeatures_TC>li[class="dxtc-activeTab dxtc-lead"] span' in '10' second(s)

2021-11-23 09:54:13 - [MESSAGE][INFO] - Smart Wait Function is triggered

2021-11-23 09:54:13 - [MESSAGE][INFO] - Found 3 web elements with id: 'Object Repository/Sayfalar/Yetki_Yonetimi/Sekmeler' located by 'By.cssSelector: #pcFeatures_TC>li[class="dxtc-tab"] span,#pcFeatures_TC>li[class="dxtc-activeTab dxtc-lead"] span' in '10' second(s)

2021-11-23 09:54:13 - [MESSAGE][PASSED] - Method.TextDegerineEsitElementeTikla is PASSED

2021-11-23 09:54:13 - [MESSAGE][PASSED] - Call Test Case 'Test Cases/Sayfalar/Yetki_Yonetimi/SekmeSecilir' successfully

2021-11-23 09:54:13 - [MESSAGE][INFO] - Checking called Test Case

2021-11-23 09:54:13 - [MESSAGE][INFO] - Starting to call Test Case 'Test Cases/Butonlar/ButonaTikla'

2021-11-23 09:54:13 - [TEST_CASE][PASSED] - Test Cases/Butonlar/ButonaTikla: Test Cases/Butonlar/ButonaTikla

2021-11-23 09:54:14 - [TEST_STEP][PASSED] - Method.TextDegerineEsitElementeTiklaEquals(findTestObject("Butonlar/Butonlar"), Buton_Adi): Method.TextDegerineEsitElementeTiklaEquals is PASSED

2021-11-23 09:54:14 - [MESSAGE][INFO] - Finding Test Object 'Object Repository/Butonlar/Butonlar'

2021-11-23 09:54:14 - [MESSAGE][INFO] - Checking timeout

2021-11-23 09:54:14 - [MESSAGE][INFO] - Finding web element with id: 'Object Repository/Butonlar/Butonlar' located by 'By.cssSelector: .panel.panel-default.text-center.footerPanel .btn,.btn.btn-primary.btnControls' in '10' second(s)

2021-11-23 09:54:14 - [MESSAGE][INFO] - Smart Wait Function is triggered

2021-11-23 09:54:14 - [MESSAGE][INFO] - Found 12 web elements with id: 'Object Repository/Butonlar/Butonlar' located by 'By.cssSelector: .panel.panel-default.text-center.footerPanel .btn,.btn.btn-primary.btnControls' in '10' second(s)

2021-11-23 09:54:15 - [MESSAGE][PASSED] - Method.TextDegerineEsitElementeTiklaEquals is PASSED

2021-11-23 09:54:15 - [MESSAGE][PASSED] - Call Test Case 'Test Cases/Butonlar/ButonaTikla' successfully

2021-11-23 09:54:15 - [MESSAGE][INFO] - Checking called Test Case

2021-11-23 09:54:15 - [MESSAGE][INFO] - Starting to call Test Case 'Test Cases/Sayfalar/Yetki_Yonetimi/DepartmanEklenir'

2021-11-23 09:54:15 - [TEST_CASE][PASSED] - Test Cases/Sayfalar/Yetki_Yonetimi/DepartmanEklenir: Test Cases/Sayfalar/Yetki_Yonetimi/DepartmanEklenir

2021-11-23 09:54:15 - [TEST_STEP][PASSED] - switchToFrame(findTestObject("Object Repository/Sayfalar/Yetki_Yonetimi/Departman_Bilgileri/frame"), 10): Switched to iframe: 'Object Repository/Sayfalar/Yetki_Yonetimi/Departman_Bilgileri/frame'

2021-11-23 09:54:15 - [MESSAGE][INFO] - Finding Test Object 'Object Repository/Sayfalar/Yetki_Yonetimi/Departman_Bilgileri/frame'

2021-11-23 09:54:16 - [MESSAGE][INFO] - Switching to iframe: 'Object Repository/Sayfalar/Yetki_Yonetimi/Departman_Bilgileri/frame'

2021-11-23 09:54:16 - [MESSAGE][INFO] - Finding web element from Test Object's properties

2021-11-23 09:54:16 - [MESSAGE][INFO] - Checking timeout

2021-11-23 09:54:16 - [MESSAGE][INFO] - Finding web element with id: 'Object Repository/Sayfalar/Yetki_Yonetimi/Departman_Bilgileri/frame' located by 'By.xpath: //*[@id = 'departmanaddframe']' in '10' second(s)

2021-11-23 09:54:16 - [MESSAGE][INFO] - Smart Wait Function is triggered

2021-11-23 09:54:16 - [MESSAGE][INFO] - Found 1 web elements with id: 'Object Repository/Sayfalar/Yetki_Yonetimi/Departman_Bilgileri/frame' located by 'By.xpath: //*[@id = 'departmanaddframe']' in '10' second(s)

2021-11-23 09:54:16 - [MESSAGE][INFO] - Switched to iframe: 'Object Repository/Sayfalar/Yetki_Yonetimi/Departman_Bilgileri/frame'

2021-11-23 09:54:16 - [TEST_STEP][PASSED] - waitForElementPresent(findTestObject("Object Repository/Sayfalar/Yetki_Yonetimi/Departman_Bilgileri/Adi"), 10): Object 'Object Repository/Sayfalar/Yetki_Yonetimi/Departman_Bilgileri/Adi' is present

2021-11-23 09:54:16 - [MESSAGE][INFO] - Finding Test Object 'Object Repository/Sayfalar/Yetki_Yonetimi/Departman_Bilgileri/Adi'

2021-11-23 09:54:16 - [MESSAGE][INFO] - Checking object

2021-11-23 09:54:16 - [MESSAGE][INFO] - Finding web element from Test Object's properties

2021-11-23 09:54:16 - [MESSAGE][INFO] - Checking timeout

2021-11-23 09:54:16 - [MESSAGE][INFO] - Finding web element with id: 'Object Repository/Sayfalar/Yetki_Yonetimi/Departman_Bilgileri/Adi' located by 'By.xpath: //*[@id = 'DepartmentName_I']' in '10' second(s)

2021-11-23 09:54:16 - [MESSAGE][INFO] - Smart Wait Function is triggered

2021-11-23 09:54:16 - [MESSAGE][INFO] - Found 1 web elements with id: 'Object Repository/Sayfalar/Yetki_Yonetimi/Departman_Bilgileri/Adi' located by 'By.xpath: //*[@id = 'DepartmentName_I']' in '10' second(s)

2021-11-23 09:54:16 - [MESSAGE][PASSED] - Object 'Object Repository/Sayfalar/Yetki_Yonetimi/Departman_Bilgileri/Adi' is present

2021-11-23 09:54:16 - [TEST_STEP][PASSED] - clearText(findTestObject("Object Repository/Sayfalar/Yetki_Yonetimi/Departman_Bilgileri/Adi")): Text of object 'Object Repository/Sayfalar/Yetki_Yonetimi/Departman_Bilgileri/Adi' is cleared

2021-11-23 09:54:16 - [MESSAGE][INFO] - Finding Test Object 'Object Repository/Sayfalar/Yetki_Yonetimi/Departman_Bilgileri/Adi'

2021-11-23 09:54:16 - [MESSAGE][INFO] - Checking object

2021-11-23 09:54:16 - [MESSAGE][INFO] - Finding web element from Test Object's properties

2021-11-23 09:54:16 - [MESSAGE][INFO] - Checking timeout

2021-11-23 09:54:16 - [MESSAGE][INFO] - Finding web element with id: 'Object Repository/Sayfalar/Yetki_Yonetimi/Departman_Bilgileri/Adi' located by 'By.xpath: //*[@id = 'DepartmentName_I']' in '30' second(s)

2021-11-23 09:54:16 - [MESSAGE][INFO] - Smart Wait Function is triggered

2021-11-23 09:54:16 - [MESSAGE][INFO] - Found 1 web elements with id: 'Object Repository/Sayfalar/Yetki_Yonetimi/Departman_Bilgileri/Adi' located by 'By.xpath: //*[@id = 'DepartmentName_I']' in '30' second(s)

2021-11-23 09:54:16 - [MESSAGE][INFO] - Clearing text of object 'Object Repository/Sayfalar/Yetki_Yonetimi/Departman_Bilgileri/Adi'

2021-11-23 09:54:16 - [MESSAGE][PASSED] - Text of object 'Object Repository/Sayfalar/Yetki_Yonetimi/Departman_Bilgileri/Adi' is cleared

2021-11-23 09:54:16 - [TEST_STEP][PASSED] - sendKeys(findTestObject("Object Repository/Sayfalar/Yetki_Yonetimi/Departman_Bilgileri/Adi"), Departman): Keys 'VirgosolDepartman' sent to object: 'Object Repository/Sayfalar/Yetki_Yonetimi/Departman_Bilgileri/Adi'

2021-11-23 09:54:16 - [MESSAGE][INFO] - Finding Test Object 'Object Repository/Sayfalar/Yetki_Yonetimi/Departman_Bilgileri/Adi'

2021-11-23 09:54:16 - [MESSAGE][INFO] - Sending keys 'VirgosolDepartman' to object: 'Object Repository/Sayfalar/Yetki_Yonetimi/Departman_Bilgileri/Adi'

2021-11-23 09:54:16 - [MESSAGE][INFO] - Finding web element from Test Object's properties

2021-11-23 09:54:16 - [MESSAGE][INFO] - Checking timeout

2021-11-23 09:54:16 - [MESSAGE][INFO] - Finding web element with id: 'Object Repository/Sayfalar/Yetki_Yonetimi/Departman_Bilgileri/Adi' located by 'By.xpath: //*[@id = 'DepartmentName_I']' in '30' second(s)

2021-11-23 09:54:16 - [MESSAGE][INFO] - Smart Wait Function is triggered

2021-11-23 09:54:16 - [MESSAGE][INFO] - Found 1 web elements with id: 'Object Repository/Sayfalar/Yetki_Yonetimi/Departman_Bilgileri/Adi' located by 'By.xpath: //*[@id = 'DepartmentName_I']' in '30' second(s)

2021-11-23 09:54:16 - [MESSAGE][PASSED] - Keys 'VirgosolDepartman' sent to object: 'Object Repository/Sayfalar/Yetki_Yonetimi/Departman_Bilgileri/Adi'

2021-11-23 09:54:16 - [TEST_STEP][PASSED] - waitForElementPresent(findTestObject("Object Repository/Sayfalar/Yetki_Yonetimi/Departman_Bilgileri/Aciklamasi"), 10): Object 'Object Repository/Sayfalar/Yetki_Yonetimi/Departman_Bilgileri/Aciklamasi' is present

2021-11-23 09:54:16 - [MESSAGE][INFO] - Finding Test Object 'Object Repository/Sayfalar/Yetki_Yonetimi/Departman_Bilgileri/Aciklamasi'

2021-11-23 09:54:16 - [MESSAGE][INFO] - Checking object

2021-11-23 09:54:16 - [MESSAGE][INFO] - Finding web element from Test Object's properties

2021-11-23 09:54:16 - [MESSAGE][INFO] - Checking timeout

2021-11-23 09:54:16 - [MESSAGE][INFO] - Finding web element with id: 'Object Repository/Sayfalar/Yetki_Yonetimi/Departman_Bilgileri/Aciklamasi' located by 'By.xpath: //*[@id = 'DepartmentDescription_I']' in '10' second(s)

2021-11-23 09:54:16 - [MESSAGE][INFO] - Smart Wait Function is triggered

2021-11-23 09:54:16 - [MESSAGE][INFO] - Found 1 web elements with id: 'Object Repository/Sayfalar/Yetki_Yonetimi/Departman_Bilgileri/Aciklamasi' located by 'By.xpath: //*[@id = 'DepartmentDescription_I']' in '10' second(s)

2021-11-23 09:54:16 - [MESSAGE][PASSED] - Object 'Object Repository/Sayfalar/Yetki_Yonetimi/Departman_Bilgileri/Aciklamasi' is present

2021-11-23 09:54:16 - [TEST_STEP][PASSED] - clearText(findTestObject("Object Repository/Sayfalar/Yetki_Yonetimi/Departman_Bilgileri/Aciklamasi")): Text of object 'Object Repository/Sayfalar/Yetki_Yonetimi/Departman_Bilgileri/Aciklamasi' is cleared

2021-11-23 09:54:16 - [MESSAGE][INFO] - Finding Test Object 'Object Repository/Sayfalar/Yetki_Yonetimi/Departman_Bilgileri/Aciklamasi'

2021-11-23 09:54:17 - [MESSAGE][INFO] - Checking object

2021-11-23 09:54:17 - [MESSAGE][INFO] - Finding web element from Test Object's properties

2021-11-23 09:54:17 - [MESSAGE][INFO] - Checking timeout

2021-11-23 09:54:17 - [MESSAGE][INFO] - Finding web element with id: 'Object Repository/Sayfalar/Yetki_Yonetimi/Departman_Bilgileri/Aciklamasi' located by 'By.xpath: //*[@id = 'DepartmentDescription_I']' in '30' second(s)

2021-11-23 09:54:17 - [MESSAGE][INFO] - Smart Wait Function is triggered

2021-11-23 09:54:17 - [MESSAGE][INFO] - Found 1 web elements with id: 'Object Repository/Sayfalar/Yetki_Yonetimi/Departman_Bilgileri/Aciklamasi' located by 'By.xpath: //*[@id = 'DepartmentDescription_I']' in '30' second(s)

2021-11-23 09:54:17 - [MESSAGE][INFO] - Clearing text of object 'Object Repository/Sayfalar/Yetki_Yonetimi/Departman_Bilgileri/Aciklamasi'

2021-11-23 09:54:17 - [MESSAGE][PASSED] - Text of object 'Object Repository/Sayfalar/Yetki_Yonetimi/Departman_Bilgileri/Aciklamasi' is cleared

2021-11-23 09:54:17 - [TEST_STEP][PASSED] - sendKeys(findTestObject("Object Repository/Sayfalar/Yetki_Yonetimi/Departman_Bilgileri/Aciklamasi"), Aciklama): Keys 'Otomasyon' sent to object: 'Object Repository/Sayfalar/Yetki_Yonetimi/Departman_Bilgileri/Aciklamasi'

2021-11-23 09:54:17 - [MESSAGE][INFO] - Finding Test Object 'Object Repository/Sayfalar/Yetki_Yonetimi/Departman_Bilgileri/Aciklamasi'

2021-11-23 09:54:17 - [MESSAGE][INFO] - Sending keys 'Otomasyon' to object: 'Object Repository/Sayfalar/Yetki_Yonetimi/Departman_Bilgileri/Aciklamasi'

2021-11-23 09:54:17 - [MESSAGE][INFO] - Finding web element from Test Object's properties

2021-11-23 09:54:17 - [MESSAGE][INFO] - Checking timeout

2021-11-23 09:54:17 - [MESSAGE][INFO] - Finding web element with id: 'Object Repository/Sayfalar/Yetki_Yonetimi/Departman_Bilgileri/Aciklamasi' located by 'By.xpath: //*[@id = 'DepartmentDescription_I']' in '30' second(s)

2021-11-23 09:54:17 - [MESSAGE][INFO] - Smart Wait Function is triggered

2021-11-23 09:54:17 - [MESSAGE][INFO] - Found 1 web elements with id: 'Object Repository/Sayfalar/Yetki_Yonetimi/Departman_Bilgileri/Aciklamasi' located by 'By.xpath: //*[@id = 'DepartmentDescription_I']' in '30' second(s)

2021-11-23 09:54:17 - [MESSAGE][PASSED] - Keys 'Otomasyon' sent to object: 'Object Repository/Sayfalar/Yetki_Yonetimi/Departman_Bilgileri/Aciklamasi'

2021-11-23 09:54:17 - [TEST_STEP][PASSED] - waitForElementPresent(findTestObject("Object Repository/Sayfalar/Yetki_Yonetimi/Departman_Bilgileri/e-Posta"), 10): Object 'Object Repository/Sayfalar/Yetki_Yonetimi/Departman_Bilgileri/e-Posta' is present

2021-11-23 09:54:17 - [MESSAGE][INFO] - Finding Test Object 'Object Repository/Sayfalar/Yetki_Yonetimi/Departman_Bilgileri/e-Posta'

2021-11-23 09:54:17 - [MESSAGE][INFO] - Checking object

2021-11-23 09:54:17 - [MESSAGE][INFO] - Finding web element from Test Object's properties

2021-11-23 09:54:17 - [MESSAGE][INFO] - Checking timeout

2021-11-23 09:54:17 - [MESSAGE][INFO] - Finding web element with id: 'Object Repository/Sayfalar/Yetki_Yonetimi/Departman_Bilgileri/e-Posta' located by 'By.xpath: //*[@id = 'DepartmentEmail_I']' in '10' second(s)

2021-11-23 09:54:17 - [MESSAGE][INFO] - Smart Wait Function is triggered

2021-11-23 09:54:17 - [MESSAGE][INFO] - Found 1 web elements with id: 'Object Repository/Sayfalar/Yetki_Yonetimi/Departman_Bilgileri/e-Posta' located by 'By.xpath: //*[@id = 'DepartmentEmail_I']' in '10' second(s)

2021-11-23 09:54:17 - [MESSAGE][PASSED] - Object 'Object Repository/Sayfalar/Yetki_Yonetimi/Departman_Bilgileri/e-Posta' is present

2021-11-23 09:54:17 - [TEST_STEP][PASSED] - clearText(findTestObject("Object Repository/Sayfalar/Yetki_Yonetimi/Departman_Bilgileri/e-Posta")): Text of object 'Object Repository/Sayfalar/Yetki_Yonetimi/Departman_Bilgileri/e-Posta' is cleared

2021-11-23 09:54:17 - [MESSAGE][INFO] - Finding Test Object 'Object Repository/Sayfalar/Yetki_Yonetimi/Departman_Bilgileri/e-Posta'

2021-11-23 09:54:17 - [MESSAGE][INFO] - Checking object

2021-11-23 09:54:17 - [MESSAGE][INFO] - Finding web element from Test Object's properties

2021-11-23 09:54:17 - [MESSAGE][INFO] - Checking timeout

2021-11-23 09:54:17 - [MESSAGE][INFO] - Finding web element with id: 'Object Repository/Sayfalar/Yetki_Yonetimi/Departman_Bilgileri/e-Posta' located by 'By.xpath: //*[@id = 'DepartmentEmail_I']' in '30' second(s)

2021-11-23 09:54:17 - [MESSAGE][INFO] - Smart Wait Function is triggered

2021-11-23 09:54:17 - [MESSAGE][INFO] - Found 1 web elements with id: 'Object Repository/Sayfalar/Yetki_Yonetimi/Departman_Bilgileri/e-Posta' located by 'By.xpath: //*[@id = 'DepartmentEmail_I']' in '30' second(s)

2021-11-23 09:54:17 - [MESSAGE][INFO] - Clearing text of object 'Object Repository/Sayfalar/Yetki_Yonetimi/Departman_Bilgileri/e-Posta'

2021-11-23 09:54:17 - [MESSAGE][PASSED] - Text of object 'Object Repository/Sayfalar/Yetki_Yonetimi/Departman_Bilgileri/e-Posta' is cleared

2021-11-23 09:54:17 - [TEST_STEP][PASSED] - sendKeys(findTestObject("Object Repository/Sayfalar/Yetki_Yonetimi/Departman_Bilgileri/e-Posta"), Posta): Keys 'otomasyon@virgosol.com' sent to object: 'Object Repository/Sayfalar/Yetki_Yonetimi/Departman_Bilgileri/e-Posta'

2021-11-23 09:54:17 - [MESSAGE][INFO] - Finding Test Object 'Object Repository/Sayfalar/Yetki_Yonetimi/Departman_Bilgileri/e-Posta'

2021-11-23 09:54:17 - [MESSAGE][INFO] - Sending keys 'otomasyon@virgosol.com' to object: 'Object Repository/Sayfalar/Yetki_Yonetimi/Departman_Bilgileri/e-Posta'

2021-11-23 09:54:17 - [MESSAGE][INFO] - Finding web element from Test Object's properties

2021-11-23 09:54:17 - [MESSAGE][INFO] - Checking timeout

2021-11-23 09:54:17 - [MESSAGE][INFO] - Finding web element with id: 'Object Repository/Sayfalar/Yetki_Yonetimi/Departman_Bilgileri/e-Posta' located by 'By.xpath: //*[@id = 'DepartmentEmail_I']' in '30' second(s)

2021-11-23 09:54:17 - [MESSAGE][INFO] - Smart Wait Function is triggered

2021-11-23 09:54:17 - [MESSAGE][INFO] - Found 1 web elements with id: 'Object Repository/Sayfalar/Yetki_Yonetimi/Departman_Bilgileri/e-Posta' located by 'By.xpath: //*[@id = 'DepartmentEmail_I']' in '30' second(s)

2021-11-23 09:54:17 - [MESSAGE][PASSED] - Keys 'otomasyon@virgosol.com' sent to object: 'Object Repository/Sayfalar/Yetki_Yonetimi/Departman_Bilgileri/e-Posta'

2021-11-23 09:54:17 - [TEST_STEP][PASSED] - if (toString().equals(Atayabilir_Mi)): null

2021-11-23 09:54:17 - [TEST_STEP][PASSED] - waitForElementClickable(findTestObject("Object Repository/Sayfalar/Yetki_Yonetimi/Departman_Bilgileri/Kaydet"), 10): Object 'Object Repository/Sayfalar/Yetki_Yonetimi/Departman_Bilgileri/Kaydet' is clickable

2021-11-23 09:54:17 - [MESSAGE][INFO] - Finding Test Object 'Object Repository/Sayfalar/Yetki_Yonetimi/Departman_Bilgileri/Kaydet'

2021-11-23 09:54:18 - [MESSAGE][INFO] - Checking object

2021-11-23 09:54:18 - [MESSAGE][INFO] - Checking timeout

2021-11-23 09:54:18 - [MESSAGE][INFO] - Finding web element from Test Object's properties

2021-11-23 09:54:18 - [MESSAGE][INFO] - Checking timeout

2021-11-23 09:54:18 - [MESSAGE][INFO] - Finding web element with id: 'Object Repository/Sayfalar/Yetki_Yonetimi/Departman_Bilgileri/Kaydet' located by 'By.xpath: //*[@id = 'btnSaveDepartment_CD']' in '10' second(s)

2021-11-23 09:54:18 - [MESSAGE][INFO] - Smart Wait Function is triggered

2021-11-23 09:54:18 - [MESSAGE][INFO] - Found 1 web elements with id: 'Object Repository/Sayfalar/Yetki_Yonetimi/Departman_Bilgileri/Kaydet' located by 'By.xpath: //*[@id = 'btnSaveDepartment_CD']' in '10' second(s)

2021-11-23 09:54:18 - [MESSAGE][PASSED] - Object 'Object Repository/Sayfalar/Yetki_Yonetimi/Departman_Bilgileri/Kaydet' is clickable

2021-11-23 09:54:18 - [TEST_STEP][PASSED] - click(findTestObject("Object Repository/Sayfalar/Yetki_Yonetimi/Departman_Bilgileri/Kaydet")): Object: 'Object Repository/Sayfalar/Yetki_Yonetimi/Departman_Bilgileri/Kaydet' is clicked on

2021-11-23 09:54:18 - [MESSAGE][INFO] - Finding Test Object 'Object Repository/Sayfalar/Yetki_Yonetimi/Departman_Bilgileri/Kaydet'

2021-11-23 09:54:18 - [MESSAGE][INFO] - Checking object

2021-11-23 09:54:18 - [MESSAGE][INFO] - Finding web element from Test Object's properties

2021-11-23 09:54:18 - [MESSAGE][INFO] - Checking timeout

2021-11-23 09:54:18 - [MESSAGE][INFO] - Finding web element with id: 'Object Repository/Sayfalar/Yetki_Yonetimi/Departman_Bilgileri/Kaydet' located by 'By.xpath: //*[@id = 'btnSaveDepartment_CD']' in '30' second(s)

2021-11-23 09:54:18 - [MESSAGE][INFO] - Smart Wait Function is triggered

2021-11-23 09:54:18 - [MESSAGE][INFO] - Found 1 web elements with id: 'Object Repository/Sayfalar/Yetki_Yonetimi/Departman_Bilgileri/Kaydet' located by 'By.xpath: //*[@id = 'btnSaveDepartment_CD']' in '30' second(s)

2021-11-23 09:54:18 - [MESSAGE][INFO] - Clicking on object: 'Object Repository/Sayfalar/Yetki_Yonetimi/Departman_Bilgileri/Kaydet'

2021-11-23 09:54:18 - [MESSAGE][PASSED] - Object: 'Object Repository/Sayfalar/Yetki_Yonetimi/Departman_Bilgileri/Kaydet' is clicked on

2021-11-23 09:54:18 - [TEST_STEP][PASSED] - callTestCase(findTestCase("Popup/PopupMesajiIceriyorMu"), ["Mesaj":"oluşturulmuştur"], STOP_ON_FAILURE): Call Test Case 'Test Cases/Popup/PopupMesajiIceriyorMu' successfully

2021-11-23 09:54:18 - [MESSAGE][INFO] - Checking called Test Case

2021-11-23 09:54:18 - [MESSAGE][INFO] - Starting to call Test Case 'Test Cases/Popup/PopupMesajiIceriyorMu'

2021-11-23 09:54:18 - [TEST_CASE][PASSED] - Test Cases/Popup/PopupMesajiIceriyorMu: Test Cases/Popup/PopupMesajiIceriyorMu

2021-11-23 09:54:18 - [TEST_STEP][PASSED] - waitForElementVisible(findTestObject("Popup/Popup"), 10): Object 'Object Repository/Popup/Popup' is visible

2021-11-23 09:54:18 - [MESSAGE][INFO] - Finding Test Object 'Object Repository/Popup/Popup'

2021-11-23 09:54:19 - [MESSAGE][INFO] - Checking object

2021-11-23 09:54:19 - [MESSAGE][INFO] - Checking timeout

2021-11-23 09:54:19 - [MESSAGE][INFO] - Finding web element from Test Object's properties

2021-11-23 09:54:19 - [MESSAGE][INFO] - Checking timeout

2021-11-23 09:54:19 - [MESSAGE][INFO] - Finding web element with id: 'Object Repository/Popup/Popup' located by 'By.cssSelector: .bootbox-body' in '10' second(s)

2021-11-23 09:54:19 - [MESSAGE][INFO] - Smart Wait Function is triggered

2021-11-23 09:54:19 - [MESSAGE][INFO] - Found 1 web elements with id: 'Object Repository/Popup/Popup' located by 'By.cssSelector: .bootbox-body' in '10' second(s)

2021-11-23 09:54:19 - [MESSAGE][PASSED] - Object 'Object Repository/Popup/Popup' is visible

2021-11-23 09:54:19 - [TEST_STEP][PASSED] - if (!(getText(findTestObject("Popup/Popup")).contains(Mesaj))): Text of object 'Object Repository/Popup/Popup' is: 'Departman kaydı oluşturulmuştur.'

2021-11-23 09:54:19 - [MESSAGE][INFO] - Finding Test Object 'Object Repository/Popup/Popup'

2021-11-23 09:54:19 - [MESSAGE][INFO] - Checking object

2021-11-23 09:54:19 - [MESSAGE][INFO] - Finding web element from Test Object's properties

2021-11-23 09:54:19 - [MESSAGE][INFO] - Checking timeout

2021-11-23 09:54:19 - [MESSAGE][INFO] - Finding web element with id: 'Object Repository/Popup/Popup' located by 'By.cssSelector: .bootbox-body' in '30' second(s)

2021-11-23 09:54:19 - [MESSAGE][INFO] - Smart Wait Function is triggered

2021-11-23 09:54:19 - [MESSAGE][INFO] - Found 1 web elements with id: 'Object Repository/Popup/Popup' located by 'By.cssSelector: .bootbox-body' in '30' second(s)

2021-11-23 09:54:19 - [MESSAGE][INFO] - Getting text of object 'Object Repository/Popup/Popup'

2021-11-23 09:54:19 - [MESSAGE][PASSED] - Text of object 'Object Repository/Popup/Popup' is: 'Departman kaydı oluşturulmuştur.'

2021-11-23 09:54:19 - [TEST_STEP][PASSED] - RaporNo = getText(findTestObject("Popup/Popup")).substring(0, 6): Text of object 'Object Repository/Popup/Popup' is: 'Departman kaydı oluşturulmuştur.'

2021-11-23 09:54:19 - [MESSAGE][INFO] - Finding Test Object 'Object Repository/Popup/Popup'

2021-11-23 09:54:19 - [MESSAGE][INFO] - Checking object

2021-11-23 09:54:19 - [MESSAGE][INFO] - Finding web element from Test Object's properties

2021-11-23 09:54:19 - [MESSAGE][INFO] - Checking timeout

2021-11-23 09:54:19 - [MESSAGE][INFO] - Finding web element with id: 'Object Repository/Popup/Popup' located by 'By.cssSelector: .bootbox-body' in '30' second(s)

2021-11-23 09:54:19 - [MESSAGE][INFO] - Smart Wait Function is triggered

2021-11-23 09:54:19 - [MESSAGE][INFO] - Found 1 web elements with id: 'Object Repository/Popup/Popup' located by 'By.cssSelector: .bootbox-body' in '30' second(s)

2021-11-23 09:54:19 - [MESSAGE][INFO] - Getting text of object 'Object Repository/Popup/Popup'

2021-11-23 09:54:19 - [MESSAGE][PASSED] - Text of object 'Object Repository/Popup/Popup' is: 'Departman kaydı oluşturulmuştur.'

2021-11-23 09:54:19 - [TEST_STEP][PASSED] - Console.println(RaporNo): null

2021-11-23 09:54:19 - [MESSAGE][PASSED] - Call Test Case 'Test Cases/Popup/PopupMesajiIceriyorMu' successfully

2021-11-23 09:54:19 - [TEST_STEP][PASSED] - callTestCase(findTestCase("Popup/PopupButonSecilir"), ["Buton":"Tamam"], STOP_ON_FAILURE): Call Test Case 'Test Cases/Popup/PopupButonSecilir' successfully

2021-11-23 09:54:19 - [MESSAGE][INFO] - Checking called Test Case

2021-11-23 09:54:19 - [MESSAGE][INFO] - Starting to call Test Case 'Test Cases/Popup/PopupButonSecilir'

2021-11-23 09:54:19 - [TEST_CASE][PASSED] - Test Cases/Popup/PopupButonSecilir: Test Cases/Popup/PopupButonSecilir

2021-11-23 09:54:19 - [TEST_STEP][PASSED] - Method.TextDegerineEsitElementeTikla(findTestObject("Popup/Popup_Butons"), Buton): Method.TextDegerineEsitElementeTikla is PASSED

2021-11-23 09:54:19 - [MESSAGE][INFO] - Finding Test Object 'Object Repository/Popup/Popup_Butons'

2021-11-23 09:54:20 - [MESSAGE][INFO] - Checking timeout

2021-11-23 09:54:20 - [MESSAGE][INFO] - Finding web element with id: 'Object Repository/Popup/Popup_Butons' located by 'By.cssSelector: .modal-footer>button' in '10' second(s)

2021-11-23 09:54:20 - [MESSAGE][INFO] - Smart Wait Function is triggered

2021-11-23 09:54:20 - [MESSAGE][INFO] - Found 1 web elements with id: 'Object Repository/Popup/Popup_Butons' located by 'By.cssSelector: .modal-footer>button' in '10' second(s)

2021-11-23 09:54:20 - [MESSAGE][PASSED] - Method.TextDegerineEsitElementeTikla is PASSED

2021-11-23 09:54:20 - [MESSAGE][PASSED] - Call Test Case 'Test Cases/Popup/PopupButonSecilir' successfully

2021-11-23 09:54:20 - [TEST_STEP][PASSED] - switchToDefaultContent(): Switching to default content

2021-11-23 09:54:20 - [MESSAGE][INFO] - Switching to default content

2021-11-23 09:54:20 - [MESSAGE][PASSED] - Call Test Case 'Test Cases/Sayfalar/Yetki_Yonetimi/DepartmanEklenir' successfully

2021-11-23 09:54:20 - [MESSAGE][INFO] - Checking called Test Case

2021-11-23 09:54:20 - [MESSAGE][INFO] - Starting to call Test Case 'Test Cases/Kullanici_Islemleri/KullaniciIslemlerindenSecimYapilir'

2021-11-23 09:54:20 - [TEST_CASE][PASSED] - Test Cases/Kullanici_Islemleri/KullaniciIslemlerindenSecimYapilir: Test Cases/Kullanici_Islemleri/KullaniciIslemlerindenSecimYapilir

2021-11-23 09:54:20 - [TEST_STEP][PASSED] - waitForElementClickable(findTestObject("Object Repository/Kullanici_Islemleri/KullaniciIslemleri"), 10): Object 'Object Repository/Kullanici_Islemleri/KullaniciIslemleri' is clickable

2021-11-23 09:54:20 - [MESSAGE][INFO] - Finding Test Object 'Object Repository/Kullanici_Islemleri/KullaniciIslemleri'

2021-11-23 09:54:21 - [MESSAGE][INFO] - Checking object

2021-11-23 09:54:21 - [MESSAGE][INFO] - Checking timeout

2021-11-23 09:54:21 - [MESSAGE][INFO] - Finding web element from Test Object's properties

2021-11-23 09:54:21 - [MESSAGE][INFO] - Checking timeout

2021-11-23 09:54:21 - [MESSAGE][INFO] - Finding web element with id: 'Object Repository/Kullanici_Islemleri/KullaniciIslemleri' located by 'By.cssSelector: .dropdown>a>img' in '10' second(s)

2021-11-23 09:54:21 - [MESSAGE][INFO] - Smart Wait Function is triggered

2021-11-23 09:54:21 - [MESSAGE][INFO] - Found 1 web elements with id: 'Object Repository/Kullanici_Islemleri/KullaniciIslemleri' located by 'By.cssSelector: .dropdown>a>img' in '10' second(s)

2021-11-23 09:54:21 - [MESSAGE][PASSED] - Object 'Object Repository/Kullanici_Islemleri/KullaniciIslemleri' is clickable

2021-11-23 09:54:21 - [TEST_STEP][PASSED] - click(findTestObject("Object Repository/Kullanici_Islemleri/KullaniciIslemleri")): Object: 'Object Repository/Kullanici_Islemleri/KullaniciIslemleri' is clicked on

2021-11-23 09:54:21 - [MESSAGE][INFO] - Finding Test Object 'Object Repository/Kullanici_Islemleri/KullaniciIslemleri'

2021-11-23 09:54:21 - [MESSAGE][INFO] - Checking object

2021-11-23 09:54:21 - [MESSAGE][INFO] - Finding web element from Test Object's properties

2021-11-23 09:54:21 - [MESSAGE][INFO] - Checking timeout

2021-11-23 09:54:21 - [MESSAGE][INFO] - Finding web element with id: 'Object Repository/Kullanici_Islemleri/KullaniciIslemleri' located by 'By.cssSelector: .dropdown>a>img' in '30' second(s)

2021-11-23 09:54:21 - [MESSAGE][INFO] - Smart Wait Function is triggered

2021-11-23 09:54:21 - [MESSAGE][INFO] - Found 1 web elements with id: 'Object Repository/Kullanici_Islemleri/KullaniciIslemleri' located by 'By.cssSelector: .dropdown>a>img' in '30' second(s)

2021-11-23 09:54:21 - [MESSAGE][INFO] - Clicking on object: 'Object Repository/Kullanici_Islemleri/KullaniciIslemleri'

2021-11-23 09:54:21 - [MESSAGE][PASSED] - Object: 'Object Repository/Kullanici_Islemleri/KullaniciIslemleri' is clicked on

2021-11-23 09:54:21 - [TEST_STEP][PASSED] - Method.TextDegerineEsitElementeTikla(findTestObject("Object Repository/Kullanici_Islemleri/Secenekler"), Islem): Method.TextDegerineEsitElementeTikla is PASSED

2021-11-23 09:54:21 - [MESSAGE][INFO] - Finding Test Object 'Object Repository/Kullanici_Islemleri/Secenekler'

2021-11-23 09:54:21 - [MESSAGE][INFO] - Checking timeout

2021-11-23 09:54:21 - [MESSAGE][INFO] - Finding web element with id: 'Object Repository/Kullanici_Islemleri/Secenekler' located by 'By.cssSelector: .nav.navbar-nav.navbar-right li a' in '10' second(s)

2021-11-23 09:54:21 - [MESSAGE][INFO] - Smart Wait Function is triggered

2021-11-23 09:54:22 - [MESSAGE][INFO] - Found 22 web elements with id: 'Object Repository/Kullanici_Islemleri/Secenekler' located by 'By.cssSelector: .nav.navbar-nav.navbar-right li a' in '10' second(s)

2021-11-23 09:54:23 - [MESSAGE][PASSED] - Method.TextDegerineEsitElementeTikla is PASSED

2021-11-23 09:54:23 - [TEST_STEP][PASSED] - verifyElementNotPresent(findTestObject("Object Repository/Kullanici_Islemleri/Secenekler"), 10): Web element with id: 'Object Repository/Kullanici_Islemleri/Secenekler' located by 'By.cssSelector: .nav.navbar-nav.navbar-right li a' is not present after '10' second(s)

2021-11-23 09:54:23 - [MESSAGE][INFO] - Finding Test Object 'Object Repository/Kullanici_Islemleri/Secenekler'

2021-11-23 09:54:23 - [MESSAGE][INFO] - Checking object

2021-11-23 09:54:23 - [MESSAGE][INFO] - Checking timeout

2021-11-23 09:54:23 - [MESSAGE][INFO] - Finding web element with id: 'Object Repository/Kullanici_Islemleri/Secenekler' located by 'By.cssSelector: .nav.navbar-nav.navbar-right li a' in '10' second(s)

2021-11-23 09:54:23 - [MESSAGE][INFO] - Smart Wait Function is triggered

2021-11-23 09:54:24 - [MESSAGE][PASSED] - Web element with id: 'Object Repository/Kullanici_Islemleri/Secenekler' located by 'By.cssSelector: .nav.navbar-nav.navbar-right li a' is not present after '10' second(s)

2021-11-23 09:54:24 - [MESSAGE][PASSED] - Call Test Case 'Test Cases/Kullanici_Islemleri/KullaniciIslemlerindenSecimYapilir' successfully

2021-11-23 09:54:24 - [TEST_CASE][PASSED] - Start Test Case : SCENARIO Departman Eklenir: SCENARIO Departman Eklenir

2021-11-23 09:54:24 - [TEST_STEP][PASSED] - Kullanıcı adı ELOGO6 ve Şifre 123456 olarak giriş yapılır: Kullanıcı adı ELOGO6 ve Şifre 123456 olarak giriş yapılır

2021-11-23 09:54:24 - [MESSAGE][PASSED] - Kullanıcı adı ELOGO6 ve Şifre 123456 olarak giriş yapılır

2021-11-23 09:54:24 - [TEST_STEP][PASSED] - Ana menüden Firma Yönetimi seçilir: Ana menüden Firma Yönetimi seçilir

2021-11-23 09:54:24 - [MESSAGE][PASSED] - Ana menüden Firma Yönetimi seçilir

2021-11-23 09:54:24 - [TEST_STEP][PASSED] - Alt menüden Yetki Yönetimi seçilir: Alt menüden Yetki Yönetimi seçilir

2021-11-23 09:54:24 - [MESSAGE][PASSED] - Alt menüden Yetki Yönetimi seçilir

2021-11-23 09:54:24 - [TEST_STEP][PASSED] - Sekmelerden Departman Tanımları seçilir: Sekmelerden Departman Tanımları seçilir

2021-11-23 09:54:24 - [MESSAGE][PASSED] - Sekmelerden Departman Tanımları seçilir

2021-11-23 09:54:24 - [TEST_STEP][PASSED] - Butonlardan Departman Ekle isimli butona tıklanır: Butonlardan Departman Ekle isimli butona tıklanır

2021-11-23 09:54:24 - [MESSAGE][PASSED] - Butonlardan Departman Ekle isimli butona tıklanır

2021-11-23 09:54:24 - [TEST_STEP][PASSED] - Departman bilgileri VirgosolDepartman, Otomasyon, otomasyon@virgosol.com, Atayamaz olarak girilir: Departman bilgileri VirgosolDepartman, Otomasyon, otomasyon@virgosol.com, Atayamaz olarak girilir

2021-11-23 09:54:24 - [MESSAGE][PASSED] - Departman bilgileri VirgosolDepartman, Otomasyon, otomasyon@virgosol.com, Atayamaz olarak girilir

2021-11-23 09:54:24 - [TEST_STEP][PASSED] - Kullanıcı işlemlerinden Çıkış seçilir: Kullanıcı işlemlerinden Çıkış seçilir

2021-11-23 09:54:24 - [MESSAGE][PASSED] - Kullanıcı işlemlerinden Çıkış seçilir

2021-11-23 09:54:24 - [MESSAGE][PASSED] - Feature file: 'Include/features/Firma Yonetimi/Yetki Yonetimi/Departman Tanimlari/Departman Ekle.feature' was passed

2021-11-23 09:54:24 - [TEST_STEP][PASSED] - Start listener action : sampleAfterTestSuite: Invoke 'com.kms.katalon.core.annotation.AfterTestCase' method: 'Listener.sampleAfterTestSuite(...)' completed.

2021-11-23 09:54:24 - [MESSAGE][INFO] - Starting invoke 'com.kms.katalon.core.annotation.AfterTestCase' method: 'Listener.sampleAfterTestSuite(...)'

2021-11-23 09:54:24 - [TEST_STEP][PASSED] - closeBrowser(): Invoke 'com.kms.katalon.core.annotation.AfterTestCase' method: 'Listener.sampleAfterTestSuite(...)' completed.

2021-11-23 09:54:24 - [MESSAGE][INFO] - Closing browser

2021-11-23 09:54:24 - [MESSAGE][PASSED] - Browser is closed

2021-11-23 09:54:24 - [MESSAGE][INFO] - Invoke 'com.kms.katalon.core.annotation.AfterTestCase' method: 'Listener.sampleAfterTestSuite(...)' completed.]]></system-out>
         <system-err><![CDATA[]]></system-err>
      </testcase>
      <testcase name="Test Cases/Case Repository/Firma Yonetimi/Yetki Yonetimi/Departman Tanimlari/Ekran Kontrolu" time="31.789" classname="Test Cases/Case Repository/Firma Yonetimi/Yetki Yonetimi/Departman Tanimlari/Ekran Kontrolu" status="PASSED">
         <system-out><![CDATA[2021-11-23 09:54:24 - [TEST_CASE][PASSED] - Test Cases/Case Repository/Firma Yonetimi/Yetki Yonetimi/Departman Tanimlari/Ekran Kontrolu: Test Cases/Case Repository/Firma Yonetimi/Yetki Yonetimi/Departman Tanimlari/Ekran Kontrolu

2021-11-23 09:54:24 - [TEST_STEP][PASSED] - Start listener action : sampleBeforeTestSuite: Invoke 'com.kms.katalon.core.annotation.BeforeTestCase' method: 'Listener.sampleBeforeTestSuite(...)' completed.

2021-11-23 09:54:24 - [MESSAGE][INFO] - Starting invoke 'com.kms.katalon.core.annotation.BeforeTestCase' method: 'Listener.sampleBeforeTestSuite(...)'

2021-11-23 09:54:24 - [TEST_STEP][PASSED] - openBrowser(baseUrl): Browser is opened with url: 'https://efatura-stage.elogo.com.tr/'

2021-11-23 09:54:24 - [MESSAGE][INFO] - Opening browser

2021-11-23 09:54:24 - [MESSAGE][INFO] - Starting 'Chrome' driver

2021-11-23 09:54:24 - [MESSAGE][INFO] - User set preference: ['prefs', '{download.default_directory=C:\otomasyondownfiles}']

2021-11-23 09:54:24 - [MESSAGE][INFO] - Action delay is set to 0 milliseconds

2021-11-23 09:54:26 - [MESSAGE][INFO] - Navigating browser to: 'https://efatura-stage.elogo.com.tr/'

2021-11-23 09:54:28 - [MESSAGE][PASSED] - Browser is opened with url: 'https://efatura-stage.elogo.com.tr/'

2021-11-23 09:54:28 - [TEST_STEP][PASSED] - maximizeWindow(): Invoke 'com.kms.katalon.core.annotation.BeforeTestCase' method: 'Listener.sampleBeforeTestSuite(...)' completed.

2021-11-23 09:54:28 - [MESSAGE][INFO] - Maximizing current window

2021-11-23 09:54:28 - [MESSAGE][PASSED] - Current window maximized

2021-11-23 09:54:28 - [MESSAGE][INFO] - Invoke 'com.kms.katalon.core.annotation.BeforeTestCase' method: 'Listener.sampleBeforeTestSuite(...)' completed.

2021-11-23 09:54:29 - [TEST_STEP][PASSED] - runFeatureFile("Include/features/Firma Yonetimi/Yetki Yonetimi/Departman Tanimlari/Ekran Kontrolu.feature"): Feature file: 'Include/features/Firma Yonetimi/Yetki Yonetimi/Departman Tanimlari/Ekran Kontrolu.feature' was passed

2021-11-23 09:54:29 - [MESSAGE][INFO] - Starting run keyword runFeatureFile: 'Include/features/Firma Yonetimi/Yetki Yonetimi/Departman Tanimlari/Ekran Kontrolu.feature' and extract report to folder: 'C:\Users\DELL\Documents\GitHub\EES_KatalonLogo\Reports\20211123_091110\Suite Repository\Firma_Yonetimi\20211123_091222/cucumber_report/1637650469459'...

2021-11-23 09:54:29 - [MESSAGE][INFO] - Glue: []

2021-11-23 09:54:32 - [MESSAGE][INFO] - Checking called Test Case

2021-11-23 09:54:32 - [MESSAGE][INFO] - Starting to call Test Case 'Test Cases/Sayfalar/Giris_Sayfasi/Login'

2021-11-23 09:54:32 - [TEST_CASE][PASSED] - Test Cases/Sayfalar/Giris_Sayfasi/Login: Test Cases/Sayfalar/Giris_Sayfasi/Login

2021-11-23 09:54:32 - [TEST_STEP][PASSED] - Sayfa_Basligi = getWindowTitle(): Current window's title is: 'LOGO e-Fatura'

2021-11-23 09:54:32 - [MESSAGE][INFO] - Getting current window's title

2021-11-23 09:54:32 - [MESSAGE][PASSED] - Current window's title is: 'LOGO e-Fatura'

2021-11-23 09:54:32 - [TEST_STEP][PASSED] - verifyMatch(Sayfa_Basligi, "LOGO e-Fatura", false): Actual text 'LOGO e-Fatura' and expected text 'LOGO e-Fatura' are matched 

2021-11-23 09:54:32 - [MESSAGE][INFO] - Matching actual text 'LOGO e-Fatura' with expected text 'LOGO e-Fatura'

2021-11-23 09:54:32 - [MESSAGE][PASSED] - Actual text 'LOGO e-Fatura' and expected text 'LOGO e-Fatura' are matched 

2021-11-23 09:54:32 - [TEST_STEP][PASSED] - sendKeys(findTestObject("Sayfalar/Giris_Sayfasi/Firma_Kodu"), KullaniciAdi): Keys 'ELOGO6' sent to object: 'Object Repository/Sayfalar/Giris_Sayfasi/Firma_Kodu'

2021-11-23 09:54:32 - [MESSAGE][INFO] - Finding Test Object 'Object Repository/Sayfalar/Giris_Sayfasi/Firma_Kodu'

2021-11-23 09:54:32 - [MESSAGE][INFO] - Sending keys 'ELOGO6' to object: 'Object Repository/Sayfalar/Giris_Sayfasi/Firma_Kodu'

2021-11-23 09:54:32 - [MESSAGE][INFO] - Finding web element from Test Object's properties

2021-11-23 09:54:32 - [MESSAGE][INFO] - Checking timeout

2021-11-23 09:54:32 - [MESSAGE][INFO] - Finding web element with id: 'Object Repository/Sayfalar/Giris_Sayfasi/Firma_Kodu' located by 'By.xpath: //*[@id = 'AccountName']' in '30' second(s)

2021-11-23 09:54:32 - [MESSAGE][INFO] - Smart Wait Function is triggered

2021-11-23 09:54:32 - [MESSAGE][INFO] - Found 1 web elements with id: 'Object Repository/Sayfalar/Giris_Sayfasi/Firma_Kodu' located by 'By.xpath: //*[@id = 'AccountName']' in '30' second(s)

2021-11-23 09:54:32 - [MESSAGE][PASSED] - Keys 'ELOGO6' sent to object: 'Object Repository/Sayfalar/Giris_Sayfasi/Firma_Kodu'

2021-11-23 09:54:32 - [TEST_STEP][PASSED] - sendKeys(findTestObject("Sayfalar/Giris_Sayfasi/Sifre"), Sifre): Keys '123456' sent to object: 'Object Repository/Sayfalar/Giris_Sayfasi/Sifre'

2021-11-23 09:54:32 - [MESSAGE][INFO] - Finding Test Object 'Object Repository/Sayfalar/Giris_Sayfasi/Sifre'

2021-11-23 09:54:32 - [MESSAGE][INFO] - Sending keys '123456' to object: 'Object Repository/Sayfalar/Giris_Sayfasi/Sifre'

2021-11-23 09:54:32 - [MESSAGE][INFO] - Finding web element from Test Object's properties

2021-11-23 09:54:32 - [MESSAGE][INFO] - Checking timeout

2021-11-23 09:54:32 - [MESSAGE][INFO] - Finding web element with id: 'Object Repository/Sayfalar/Giris_Sayfasi/Sifre' located by 'By.xpath: //*[@id = 'Password']' in '30' second(s)

2021-11-23 09:54:32 - [MESSAGE][INFO] - Smart Wait Function is triggered

2021-11-23 09:54:33 - [MESSAGE][INFO] - Found 1 web elements with id: 'Object Repository/Sayfalar/Giris_Sayfasi/Sifre' located by 'By.xpath: //*[@id = 'Password']' in '30' second(s)

2021-11-23 09:54:33 - [MESSAGE][PASSED] - Keys '123456' sent to object: 'Object Repository/Sayfalar/Giris_Sayfasi/Sifre'

2021-11-23 09:54:33 - [TEST_STEP][PASSED] - findWebElement(findTestObject("Sayfalar/Giris_Sayfasi/Giris_Butonu")).click(): Found 1 web elements with id: 'Object Repository/Sayfalar/Giris_Sayfasi/Giris_Butonu' located by 'By.cssSelector: #btnLogin' in '30' second(s)

2021-11-23 09:54:33 - [MESSAGE][INFO] - Finding Test Object 'Object Repository/Sayfalar/Giris_Sayfasi/Giris_Butonu'

2021-11-23 09:54:33 - [MESSAGE][INFO] - Finding web element from Test Object's properties

2021-11-23 09:54:33 - [MESSAGE][INFO] - Checking timeout

2021-11-23 09:54:33 - [MESSAGE][INFO] - Finding web element with id: 'Object Repository/Sayfalar/Giris_Sayfasi/Giris_Butonu' located by 'By.cssSelector: #btnLogin' in '30' second(s)

2021-11-23 09:54:33 - [MESSAGE][INFO] - Smart Wait Function is triggered

2021-11-23 09:54:33 - [MESSAGE][INFO] - Found 1 web elements with id: 'Object Repository/Sayfalar/Giris_Sayfasi/Giris_Butonu' located by 'By.cssSelector: #btnLogin' in '30' second(s)

2021-11-23 09:54:36 - [TEST_STEP][PASSED] - if (verifyElementPresent(findTestObject("Object Repository/Sayfalar/Giris_Sayfasi/RetveTamam_Butonu"), 5, OPTIONAL)): null

2021-11-23 09:54:36 - [MESSAGE][INFO] - Finding Test Object 'Object Repository/Sayfalar/Giris_Sayfasi/RetveTamam_Butonu'

2021-11-23 09:54:36 - [MESSAGE][INFO] - Checking object

2021-11-23 09:54:36 - [MESSAGE][INFO] - Finding web element from Test Object's properties

2021-11-23 09:54:36 - [MESSAGE][INFO] - Checking timeout

2021-11-23 09:54:36 - [MESSAGE][INFO] - Finding web element with id: 'Object Repository/Sayfalar/Giris_Sayfasi/RetveTamam_Butonu' located by 'By.xpath: //*[@class = 'btn btn-default']' in '5' second(s)

2021-11-23 09:54:36 - [MESSAGE][INFO] - Smart Wait Function is triggered

2021-11-23 09:54:37 - [MESSAGE][INFO] - Found 1 web elements with id: 'Object Repository/Sayfalar/Giris_Sayfasi/RetveTamam_Butonu' located by 'By.xpath: //*[@class = 'btn btn-default']' in '5' second(s)

2021-11-23 09:54:37 - [MESSAGE][PASSED] - Object 'Object Repository/Sayfalar/Giris_Sayfasi/RetveTamam_Butonu' is present

2021-11-23 09:54:37 - [TEST_STEP][PASSED] - click(findTestObject("Object Repository/Sayfalar/Giris_Sayfasi/RetveTamam_Butonu")): Object: 'Object Repository/Sayfalar/Giris_Sayfasi/RetveTamam_Butonu' is clicked on

2021-11-23 09:54:37 - [MESSAGE][INFO] - Finding Test Object 'Object Repository/Sayfalar/Giris_Sayfasi/RetveTamam_Butonu'

2021-11-23 09:54:37 - [MESSAGE][INFO] - Checking object

2021-11-23 09:54:37 - [MESSAGE][INFO] - Finding web element from Test Object's properties

2021-11-23 09:54:37 - [MESSAGE][INFO] - Checking timeout

2021-11-23 09:54:37 - [MESSAGE][INFO] - Finding web element with id: 'Object Repository/Sayfalar/Giris_Sayfasi/RetveTamam_Butonu' located by 'By.xpath: //*[@class = 'btn btn-default']' in '30' second(s)

2021-11-23 09:54:37 - [MESSAGE][INFO] - Smart Wait Function is triggered

2021-11-23 09:54:37 - [MESSAGE][INFO] - Found 1 web elements with id: 'Object Repository/Sayfalar/Giris_Sayfasi/RetveTamam_Butonu' located by 'By.xpath: //*[@class = 'btn btn-default']' in '30' second(s)

2021-11-23 09:54:37 - [MESSAGE][INFO] - Clicking on object: 'Object Repository/Sayfalar/Giris_Sayfasi/RetveTamam_Butonu'

2021-11-23 09:54:37 - [MESSAGE][PASSED] - Object: 'Object Repository/Sayfalar/Giris_Sayfasi/RetveTamam_Butonu' is clicked on

2021-11-23 09:54:37 - [TEST_STEP][PASSED] - click(findTestObject("Object Repository/Sayfalar/Giris_Sayfasi/RetveTamam_Butonu")): Object: 'Object Repository/Sayfalar/Giris_Sayfasi/RetveTamam_Butonu' is clicked on

2021-11-23 09:54:37 - [MESSAGE][INFO] - Finding Test Object 'Object Repository/Sayfalar/Giris_Sayfasi/RetveTamam_Butonu'

2021-11-23 09:54:37 - [MESSAGE][INFO] - Checking object

2021-11-23 09:54:37 - [MESSAGE][INFO] - Finding web element from Test Object's properties

2021-11-23 09:54:37 - [MESSAGE][INFO] - Checking timeout

2021-11-23 09:54:37 - [MESSAGE][INFO] - Finding web element with id: 'Object Repository/Sayfalar/Giris_Sayfasi/RetveTamam_Butonu' located by 'By.xpath: //*[@class = 'btn btn-default']' in '30' second(s)

2021-11-23 09:54:37 - [MESSAGE][INFO] - Smart Wait Function is triggered

2021-11-23 09:54:40 - [MESSAGE][INFO] - Found 1 web elements with id: 'Object Repository/Sayfalar/Giris_Sayfasi/RetveTamam_Butonu' located by 'By.xpath: //*[@class = 'btn btn-default']' in '30' second(s)

2021-11-23 09:54:40 - [MESSAGE][INFO] - Clicking on object: 'Object Repository/Sayfalar/Giris_Sayfasi/RetveTamam_Butonu'

2021-11-23 09:54:40 - [MESSAGE][PASSED] - Object: 'Object Repository/Sayfalar/Giris_Sayfasi/RetveTamam_Butonu' is clicked on

2021-11-23 09:54:40 - [TEST_STEP][PASSED] - if (verifyElementPresent(findTestObject("Sayfalar/Giris_Sayfasi/PopupOK"), 5, OPTIONAL)): null

2021-11-23 09:54:40 - [MESSAGE][INFO] - Finding Test Object 'Object Repository/Sayfalar/Giris_Sayfasi/PopupOK'

2021-11-23 09:54:41 - [MESSAGE][INFO] - Checking object

2021-11-23 09:54:41 - [MESSAGE][INFO] - Finding web element from Test Object's properties

2021-11-23 09:54:41 - [MESSAGE][INFO] - Checking timeout

2021-11-23 09:54:41 - [MESSAGE][INFO] - Finding web element with id: 'Object Repository/Sayfalar/Giris_Sayfasi/PopupOK' located by 'By.cssSelector: .btn.btn-success' in '5' second(s)

2021-11-23 09:54:41 - [MESSAGE][INFO] - Smart Wait Function is triggered

2021-11-23 09:54:41 - [MESSAGE][INFO] - Found 1 web elements with id: 'Object Repository/Sayfalar/Giris_Sayfasi/PopupOK' located by 'By.cssSelector: .btn.btn-success' in '5' second(s)

2021-11-23 09:54:41 - [MESSAGE][PASSED] - Object 'Object Repository/Sayfalar/Giris_Sayfasi/PopupOK' is present

2021-11-23 09:54:41 - [TEST_STEP][PASSED] - click(findTestObject("Object Repository/Sayfalar/Giris_Sayfasi/PopupCarpiGiris")): Object: 'Object Repository/Sayfalar/Giris_Sayfasi/PopupCarpiGiris' is clicked on

2021-11-23 09:54:41 - [MESSAGE][INFO] - Finding Test Object 'Object Repository/Sayfalar/Giris_Sayfasi/PopupCarpiGiris'

2021-11-23 09:54:41 - [MESSAGE][INFO] - Checking object

2021-11-23 09:54:41 - [MESSAGE][INFO] - Finding web element from Test Object's properties

2021-11-23 09:54:41 - [MESSAGE][INFO] - Checking timeout

2021-11-23 09:54:41 - [MESSAGE][INFO] - Finding web element with id: 'Object Repository/Sayfalar/Giris_Sayfasi/PopupCarpiGiris' located by 'By.cssSelector: .bootbox-close-button.close' in '30' second(s)

2021-11-23 09:54:41 - [MESSAGE][INFO] - Smart Wait Function is triggered

2021-11-23 09:54:42 - [MESSAGE][INFO] - Found 1 web elements with id: 'Object Repository/Sayfalar/Giris_Sayfasi/PopupCarpiGiris' located by 'By.cssSelector: .bootbox-close-button.close' in '30' second(s)

2021-11-23 09:54:42 - [MESSAGE][INFO] - Clicking on object: 'Object Repository/Sayfalar/Giris_Sayfasi/PopupCarpiGiris'

2021-11-23 09:54:42 - [MESSAGE][PASSED] - Object: 'Object Repository/Sayfalar/Giris_Sayfasi/PopupCarpiGiris' is clicked on

2021-11-23 09:54:42 - [TEST_STEP][PASSED] - verifyElementVisible(findTestObject("Object Repository/Kullanici_Islemleri/KullaniciIslemleri")): Object 'Object Repository/Kullanici_Islemleri/KullaniciIslemleri' is visible

2021-11-23 09:54:42 - [MESSAGE][INFO] - Finding Test Object 'Object Repository/Kullanici_Islemleri/KullaniciIslemleri'

2021-11-23 09:54:42 - [MESSAGE][INFO] - Checking object

2021-11-23 09:54:42 - [MESSAGE][INFO] - Finding web element from Test Object's properties

2021-11-23 09:54:42 - [MESSAGE][INFO] - Checking timeout

2021-11-23 09:54:42 - [MESSAGE][INFO] - Finding web element with id: 'Object Repository/Kullanici_Islemleri/KullaniciIslemleri' located by 'By.cssSelector: .dropdown>a>img' in '30' second(s)

2021-11-23 09:54:42 - [MESSAGE][INFO] - Smart Wait Function is triggered

2021-11-23 09:54:42 - [MESSAGE][INFO] - Found 1 web elements with id: 'Object Repository/Kullanici_Islemleri/KullaniciIslemleri' located by 'By.cssSelector: .dropdown>a>img' in '30' second(s)

2021-11-23 09:54:42 - [MESSAGE][PASSED] - Object 'Object Repository/Kullanici_Islemleri/KullaniciIslemleri' is visible

2021-11-23 09:54:42 - [MESSAGE][PASSED] - Call Test Case 'Test Cases/Sayfalar/Giris_Sayfasi/Login' successfully

2021-11-23 09:54:42 - [MESSAGE][INFO] - Checking called Test Case

2021-11-23 09:54:42 - [MESSAGE][INFO] - Starting to call Test Case 'Test Cases/Menu/AnaMenuSecimi'

2021-11-23 09:54:43 - [TEST_CASE][PASSED] - Test Cases/Menu/AnaMenuSecimi: Test Cases/Menu/AnaMenuSecimi

2021-11-23 09:54:43 - [TEST_STEP][PASSED] - Method.TextDegerineEsitElementeTikla(findTestObject("Menu/Ana_Menu"), Ana_Menu): Method.TextDegerineEsitElementeTikla is PASSED

2021-11-23 09:54:43 - [MESSAGE][INFO] - Finding Test Object 'Object Repository/Menu/Ana_Menu'

2021-11-23 09:54:43 - [MESSAGE][INFO] - Checking timeout

2021-11-23 09:54:43 - [MESSAGE][INFO] - Finding web element with id: 'Object Repository/Menu/Ana_Menu' located by 'By.xpath: //*[@class = 'dropdown-toggle']' in '10' second(s)

2021-11-23 09:54:43 - [MESSAGE][INFO] - Smart Wait Function is triggered

2021-11-23 09:54:43 - [MESSAGE][INFO] - Found 14 web elements with id: 'Object Repository/Menu/Ana_Menu' located by 'By.xpath: //*[@class = 'dropdown-toggle']' in '10' second(s)

2021-11-23 09:54:43 - [MESSAGE][PASSED] - Method.TextDegerineEsitElementeTikla is PASSED

2021-11-23 09:54:43 - [MESSAGE][PASSED] - Call Test Case 'Test Cases/Menu/AnaMenuSecimi' successfully

2021-11-23 09:54:43 - [MESSAGE][INFO] - Checking called Test Case

2021-11-23 09:54:43 - [MESSAGE][INFO] - Starting to call Test Case 'Test Cases/Menu/AltMenuSecimi'

2021-11-23 09:54:43 - [TEST_CASE][PASSED] - Test Cases/Menu/AltMenuSecimi: Test Cases/Menu/AltMenuSecimi

2021-11-23 09:54:43 - [TEST_STEP][PASSED] - Method.TextDegerineEsitElementeTikla(findTestObject("Menu/Alt_Menu"), Alt_Menu): Method.TextDegerineEsitElementeTikla is PASSED

2021-11-23 09:54:43 - [MESSAGE][INFO] - Finding Test Object 'Object Repository/Menu/Alt_Menu'

2021-11-23 09:54:43 - [MESSAGE][INFO] - Checking timeout

2021-11-23 09:54:43 - [MESSAGE][INFO] - Finding web element with id: 'Object Repository/Menu/Alt_Menu' located by 'By.xpath: //li[@class='dropdown dropdown-large open']//li[@class='dropdown-element']' in '10' second(s)

2021-11-23 09:54:43 - [MESSAGE][INFO] - Smart Wait Function is triggered

2021-11-23 09:54:44 - [MESSAGE][INFO] - Found 1 web elements with id: 'Object Repository/Menu/Alt_Menu' located by 'By.xpath: //li[@class='dropdown dropdown-large open']//li[@class='dropdown-element']' in '10' second(s)

2021-11-23 09:54:46 - [MESSAGE][PASSED] - Method.TextDegerineEsitElementeTikla is PASSED

2021-11-23 09:54:46 - [MESSAGE][PASSED] - Call Test Case 'Test Cases/Menu/AltMenuSecimi' successfully

2021-11-23 09:54:46 - [MESSAGE][INFO] - Checking called Test Case

2021-11-23 09:54:46 - [MESSAGE][INFO] - Starting to call Test Case 'Test Cases/Sayfalar/Yetki_Yonetimi/SekmeSecilir'

2021-11-23 09:54:46 - [TEST_CASE][PASSED] - Test Cases/Sayfalar/Yetki_Yonetimi/SekmeSecilir: Test Cases/Sayfalar/Yetki_Yonetimi/SekmeSecilir

2021-11-23 09:54:46 - [TEST_STEP][PASSED] - Method.TextDegerineEsitElementeTikla(findTestObject("Object Repository/Sayfalar/Yetki_Yonetimi/Sekmeler"), Sekme): Method.TextDegerineEsitElementeTikla is PASSED

2021-11-23 09:54:46 - [MESSAGE][INFO] - Finding Test Object 'Object Repository/Sayfalar/Yetki_Yonetimi/Sekmeler'

2021-11-23 09:54:46 - [MESSAGE][INFO] - Checking timeout

2021-11-23 09:54:46 - [MESSAGE][INFO] - Finding web element with id: 'Object Repository/Sayfalar/Yetki_Yonetimi/Sekmeler' located by 'By.cssSelector: #pcFeatures_TC>li[class="dxtc-tab"] span,#pcFeatures_TC>li[class="dxtc-activeTab dxtc-lead"] span' in '10' second(s)

2021-11-23 09:54:46 - [MESSAGE][INFO] - Smart Wait Function is triggered

2021-11-23 09:54:46 - [MESSAGE][INFO] - Found 3 web elements with id: 'Object Repository/Sayfalar/Yetki_Yonetimi/Sekmeler' located by 'By.cssSelector: #pcFeatures_TC>li[class="dxtc-tab"] span,#pcFeatures_TC>li[class="dxtc-activeTab dxtc-lead"] span' in '10' second(s)

2021-11-23 09:54:46 - [MESSAGE][PASSED] - Method.TextDegerineEsitElementeTikla is PASSED

2021-11-23 09:54:46 - [MESSAGE][PASSED] - Call Test Case 'Test Cases/Sayfalar/Yetki_Yonetimi/SekmeSecilir' successfully

2021-11-23 09:54:46 - [MESSAGE][INFO] - Checking called Test Case

2021-11-23 09:54:46 - [MESSAGE][INFO] - Starting to call Test Case 'Test Cases/Filtreler/FiltreVarMi'

2021-11-23 09:54:46 - [TEST_CASE][PASSED] - Test Cases/Filtreler/FiltreVarMi: Test Cases/Filtreler/FiltreVarMi

2021-11-23 09:54:47 - [TEST_STEP][PASSED] - Method.TextDegerineEsitElementVarMi(findTestObject("Filtreler/Basliklar"), Filtre_alan): Method.TextDegerineEsitElementVarMi is PASSED

2021-11-23 09:54:47 - [MESSAGE][INFO] - Finding Test Object 'Object Repository/Filtreler/Basliklar'

2021-11-23 09:54:47 - [MESSAGE][INFO] - Checking timeout

2021-11-23 09:54:47 - [MESSAGE][INFO] - Finding web element with id: 'Object Repository/Filtreler/Basliklar' located by 'By.cssSelector: .control-label.col-sm-4.paddingMarginRLC' in '10' second(s)

2021-11-23 09:54:47 - [MESSAGE][INFO] - Smart Wait Function is triggered

2021-11-23 09:54:47 - [MESSAGE][INFO] - Found 12 web elements with id: 'Object Repository/Filtreler/Basliklar' located by 'By.cssSelector: .control-label.col-sm-4.paddingMarginRLC' in '10' second(s)

2021-11-23 09:54:47 - [MESSAGE][PASSED] - Method.TextDegerineEsitElementVarMi is PASSED

2021-11-23 09:54:47 - [MESSAGE][PASSED] - Call Test Case 'Test Cases/Filtreler/FiltreVarMi' successfully

2021-11-23 09:54:47 - [MESSAGE][INFO] - Checking called Test Case

2021-11-23 09:54:47 - [MESSAGE][INFO] - Starting to call Test Case 'Test Cases/Filtreler/FiltreVarMi'

2021-11-23 09:54:47 - [TEST_CASE][PASSED] - Test Cases/Filtreler/FiltreVarMi: Test Cases/Filtreler/FiltreVarMi

2021-11-23 09:54:47 - [TEST_STEP][PASSED] - Method.TextDegerineEsitElementVarMi(findTestObject("Filtreler/Basliklar"), Filtre_alan): Method.TextDegerineEsitElementVarMi is PASSED

2021-11-23 09:54:47 - [MESSAGE][INFO] - Finding Test Object 'Object Repository/Filtreler/Basliklar'

2021-11-23 09:54:47 - [MESSAGE][INFO] - Checking timeout

2021-11-23 09:54:47 - [MESSAGE][INFO] - Finding web element with id: 'Object Repository/Filtreler/Basliklar' located by 'By.cssSelector: .control-label.col-sm-4.paddingMarginRLC' in '10' second(s)

2021-11-23 09:54:47 - [MESSAGE][INFO] - Smart Wait Function is triggered

2021-11-23 09:54:48 - [MESSAGE][INFO] - Found 12 web elements with id: 'Object Repository/Filtreler/Basliklar' located by 'By.cssSelector: .control-label.col-sm-4.paddingMarginRLC' in '10' second(s)

2021-11-23 09:54:48 - [MESSAGE][PASSED] - Method.TextDegerineEsitElementVarMi is PASSED

2021-11-23 09:54:48 - [MESSAGE][PASSED] - Call Test Case 'Test Cases/Filtreler/FiltreVarMi' successfully

2021-11-23 09:54:48 - [MESSAGE][INFO] - Checking called Test Case

2021-11-23 09:54:48 - [MESSAGE][INFO] - Starting to call Test Case 'Test Cases/Filtreler/FiltreVarMi'

2021-11-23 09:54:48 - [TEST_CASE][PASSED] - Test Cases/Filtreler/FiltreVarMi: Test Cases/Filtreler/FiltreVarMi

2021-11-23 09:54:48 - [TEST_STEP][PASSED] - Method.TextDegerineEsitElementVarMi(findTestObject("Filtreler/Basliklar"), Filtre_alan): Method.TextDegerineEsitElementVarMi is PASSED

2021-11-23 09:54:48 - [MESSAGE][INFO] - Finding Test Object 'Object Repository/Filtreler/Basliklar'

2021-11-23 09:54:48 - [MESSAGE][INFO] - Checking timeout

2021-11-23 09:54:48 - [MESSAGE][INFO] - Finding web element with id: 'Object Repository/Filtreler/Basliklar' located by 'By.cssSelector: .control-label.col-sm-4.paddingMarginRLC' in '10' second(s)

2021-11-23 09:54:48 - [MESSAGE][INFO] - Smart Wait Function is triggered

2021-11-23 09:54:48 - [MESSAGE][INFO] - Found 12 web elements with id: 'Object Repository/Filtreler/Basliklar' located by 'By.cssSelector: .control-label.col-sm-4.paddingMarginRLC' in '10' second(s)

2021-11-23 09:54:48 - [MESSAGE][PASSED] - Method.TextDegerineEsitElementVarMi is PASSED

2021-11-23 09:54:48 - [MESSAGE][PASSED] - Call Test Case 'Test Cases/Filtreler/FiltreVarMi' successfully

2021-11-23 09:54:48 - [MESSAGE][INFO] - Checking called Test Case

2021-11-23 09:54:48 - [MESSAGE][INFO] - Starting to call Test Case 'Test Cases/Filtreler/ButonVarMi'

2021-11-23 09:54:48 - [TEST_CASE][PASSED] - Test Cases/Filtreler/ButonVarMi: Test Cases/Filtreler/ButonVarMi

2021-11-23 09:54:49 - [TEST_STEP][PASSED] - Method.TextDegerineEsitElementVarMi(findTestObject("Filtreler/Butonlar"), Filtre_Buton): Method.TextDegerineEsitElementVarMi is PASSED

2021-11-23 09:54:49 - [MESSAGE][INFO] - Finding Test Object 'Object Repository/Filtreler/Butonlar'

2021-11-23 09:54:49 - [MESSAGE][INFO] - Checking timeout

2021-11-23 09:54:49 - [MESSAGE][INFO] - Finding web element with id: 'Object Repository/Filtreler/Butonlar' located by 'By.cssSelector: .dxb>span' in '10' second(s)

2021-11-23 09:54:49 - [MESSAGE][INFO] - Smart Wait Function is triggered

2021-11-23 09:54:49 - [MESSAGE][INFO] - Found 6 web elements with id: 'Object Repository/Filtreler/Butonlar' located by 'By.cssSelector: .dxb>span' in '10' second(s)

2021-11-23 09:54:49 - [MESSAGE][PASSED] - Method.TextDegerineEsitElementVarMi is PASSED

2021-11-23 09:54:49 - [MESSAGE][PASSED] - Call Test Case 'Test Cases/Filtreler/ButonVarMi' successfully

2021-11-23 09:54:49 - [MESSAGE][INFO] - Checking called Test Case

2021-11-23 09:54:49 - [MESSAGE][INFO] - Starting to call Test Case 'Test Cases/Filtreler/ButonVarMi'

2021-11-23 09:54:49 - [TEST_CASE][PASSED] - Test Cases/Filtreler/ButonVarMi: Test Cases/Filtreler/ButonVarMi

2021-11-23 09:54:49 - [TEST_STEP][PASSED] - Method.TextDegerineEsitElementVarMi(findTestObject("Filtreler/Butonlar"), Filtre_Buton): Method.TextDegerineEsitElementVarMi is PASSED

2021-11-23 09:54:49 - [MESSAGE][INFO] - Finding Test Object 'Object Repository/Filtreler/Butonlar'

2021-11-23 09:54:50 - [MESSAGE][INFO] - Checking timeout

2021-11-23 09:54:50 - [MESSAGE][INFO] - Finding web element with id: 'Object Repository/Filtreler/Butonlar' located by 'By.cssSelector: .dxb>span' in '10' second(s)

2021-11-23 09:54:50 - [MESSAGE][INFO] - Smart Wait Function is triggered

2021-11-23 09:54:50 - [MESSAGE][INFO] - Found 6 web elements with id: 'Object Repository/Filtreler/Butonlar' located by 'By.cssSelector: .dxb>span' in '10' second(s)

2021-11-23 09:54:50 - [MESSAGE][PASSED] - Method.TextDegerineEsitElementVarMi is PASSED

2021-11-23 09:54:50 - [MESSAGE][PASSED] - Call Test Case 'Test Cases/Filtreler/ButonVarMi' successfully

2021-11-23 09:54:50 - [MESSAGE][INFO] - Checking called Test Case

2021-11-23 09:54:50 - [MESSAGE][INFO] - Starting to call Test Case 'Test Cases/Butonlar/ButonVarMi'

2021-11-23 09:54:50 - [TEST_CASE][PASSED] - Test Cases/Butonlar/ButonVarMi: Test Cases/Butonlar/ButonVarMi

2021-11-23 09:54:50 - [TEST_STEP][PASSED] - Method.TextDegerineEsitElementVarMi(findTestObject("Butonlar/Butonlar"), Buton): Method.TextDegerineEsitElementVarMi is PASSED

2021-11-23 09:54:50 - [MESSAGE][INFO] - Finding Test Object 'Object Repository/Butonlar/Butonlar'

2021-11-23 09:54:51 - [MESSAGE][INFO] - Checking timeout

2021-11-23 09:54:51 - [MESSAGE][INFO] - Finding web element with id: 'Object Repository/Butonlar/Butonlar' located by 'By.cssSelector: .panel.panel-default.text-center.footerPanel .btn,.btn.btn-primary.btnControls' in '10' second(s)

2021-11-23 09:54:51 - [MESSAGE][INFO] - Smart Wait Function is triggered

2021-11-23 09:54:51 - [MESSAGE][INFO] - Found 12 web elements with id: 'Object Repository/Butonlar/Butonlar' located by 'By.cssSelector: .panel.panel-default.text-center.footerPanel .btn,.btn.btn-primary.btnControls' in '10' second(s)

2021-11-23 09:54:51 - [MESSAGE][PASSED] - Method.TextDegerineEsitElementVarMi is PASSED

2021-11-23 09:54:51 - [MESSAGE][PASSED] - Call Test Case 'Test Cases/Butonlar/ButonVarMi' successfully

2021-11-23 09:54:51 - [MESSAGE][INFO] - Checking called Test Case

2021-11-23 09:54:51 - [MESSAGE][INFO] - Starting to call Test Case 'Test Cases/Butonlar/ButonVarMi'

2021-11-23 09:54:51 - [TEST_CASE][PASSED] - Test Cases/Butonlar/ButonVarMi: Test Cases/Butonlar/ButonVarMi

2021-11-23 09:54:51 - [TEST_STEP][PASSED] - Method.TextDegerineEsitElementVarMi(findTestObject("Butonlar/Butonlar"), Buton): Method.TextDegerineEsitElementVarMi is PASSED

2021-11-23 09:54:51 - [MESSAGE][INFO] - Finding Test Object 'Object Repository/Butonlar/Butonlar'

2021-11-23 09:54:51 - [MESSAGE][INFO] - Checking timeout

2021-11-23 09:54:51 - [MESSAGE][INFO] - Finding web element with id: 'Object Repository/Butonlar/Butonlar' located by 'By.cssSelector: .panel.panel-default.text-center.footerPanel .btn,.btn.btn-primary.btnControls' in '10' second(s)

2021-11-23 09:54:51 - [MESSAGE][INFO] - Smart Wait Function is triggered

2021-11-23 09:54:51 - [MESSAGE][INFO] - Found 12 web elements with id: 'Object Repository/Butonlar/Butonlar' located by 'By.cssSelector: .panel.panel-default.text-center.footerPanel .btn,.btn.btn-primary.btnControls' in '10' second(s)

2021-11-23 09:54:52 - [MESSAGE][PASSED] - Method.TextDegerineEsitElementVarMi is PASSED

2021-11-23 09:54:52 - [MESSAGE][PASSED] - Call Test Case 'Test Cases/Butonlar/ButonVarMi' successfully

2021-11-23 09:54:52 - [MESSAGE][INFO] - Checking called Test Case

2021-11-23 09:54:52 - [MESSAGE][INFO] - Starting to call Test Case 'Test Cases/Butonlar/ButonVarMi'

2021-11-23 09:54:52 - [TEST_CASE][PASSED] - Test Cases/Butonlar/ButonVarMi: Test Cases/Butonlar/ButonVarMi

2021-11-23 09:54:52 - [TEST_STEP][PASSED] - Method.TextDegerineEsitElementVarMi(findTestObject("Butonlar/Butonlar"), Buton): Method.TextDegerineEsitElementVarMi is PASSED

2021-11-23 09:54:52 - [MESSAGE][INFO] - Finding Test Object 'Object Repository/Butonlar/Butonlar'

2021-11-23 09:54:52 - [MESSAGE][INFO] - Checking timeout

2021-11-23 09:54:52 - [MESSAGE][INFO] - Finding web element with id: 'Object Repository/Butonlar/Butonlar' located by 'By.cssSelector: .panel.panel-default.text-center.footerPanel .btn,.btn.btn-primary.btnControls' in '10' second(s)

2021-11-23 09:54:52 - [MESSAGE][INFO] - Smart Wait Function is triggered

2021-11-23 09:54:52 - [MESSAGE][INFO] - Found 12 web elements with id: 'Object Repository/Butonlar/Butonlar' located by 'By.cssSelector: .panel.panel-default.text-center.footerPanel .btn,.btn.btn-primary.btnControls' in '10' second(s)

2021-11-23 09:54:52 - [MESSAGE][PASSED] - Method.TextDegerineEsitElementVarMi is PASSED

2021-11-23 09:54:52 - [MESSAGE][PASSED] - Call Test Case 'Test Cases/Butonlar/ButonVarMi' successfully

2021-11-23 09:54:52 - [MESSAGE][INFO] - Checking called Test Case

2021-11-23 09:54:52 - [MESSAGE][INFO] - Starting to call Test Case 'Test Cases/Butonlar/ButonVarMi'

2021-11-23 09:54:52 - [TEST_CASE][PASSED] - Test Cases/Butonlar/ButonVarMi: Test Cases/Butonlar/ButonVarMi

2021-11-23 09:54:52 - [TEST_STEP][PASSED] - Method.TextDegerineEsitElementVarMi(findTestObject("Butonlar/Butonlar"), Buton): Method.TextDegerineEsitElementVarMi is PASSED

2021-11-23 09:54:52 - [MESSAGE][INFO] - Finding Test Object 'Object Repository/Butonlar/Butonlar'

2021-11-23 09:54:52 - [MESSAGE][INFO] - Checking timeout

2021-11-23 09:54:52 - [MESSAGE][INFO] - Finding web element with id: 'Object Repository/Butonlar/Butonlar' located by 'By.cssSelector: .panel.panel-default.text-center.footerPanel .btn,.btn.btn-primary.btnControls' in '10' second(s)

2021-11-23 09:54:52 - [MESSAGE][INFO] - Smart Wait Function is triggered

2021-11-23 09:54:53 - [MESSAGE][INFO] - Found 12 web elements with id: 'Object Repository/Butonlar/Butonlar' located by 'By.cssSelector: .panel.panel-default.text-center.footerPanel .btn,.btn.btn-primary.btnControls' in '10' second(s)

2021-11-23 09:54:53 - [MESSAGE][PASSED] - Method.TextDegerineEsitElementVarMi is PASSED

2021-11-23 09:54:53 - [MESSAGE][PASSED] - Call Test Case 'Test Cases/Butonlar/ButonVarMi' successfully

2021-11-23 09:54:53 - [MESSAGE][INFO] - Checking called Test Case

2021-11-23 09:54:53 - [MESSAGE][INFO] - Starting to call Test Case 'Test Cases/Kullanici_Islemleri/KullaniciIslemlerindenSecimYapilir'

2021-11-23 09:54:53 - [TEST_CASE][PASSED] - Test Cases/Kullanici_Islemleri/KullaniciIslemlerindenSecimYapilir: Test Cases/Kullanici_Islemleri/KullaniciIslemlerindenSecimYapilir

2021-11-23 09:54:53 - [TEST_STEP][PASSED] - waitForElementClickable(findTestObject("Object Repository/Kullanici_Islemleri/KullaniciIslemleri"), 10): Object 'Object Repository/Kullanici_Islemleri/KullaniciIslemleri' is clickable

2021-11-23 09:54:53 - [MESSAGE][INFO] - Finding Test Object 'Object Repository/Kullanici_Islemleri/KullaniciIslemleri'

2021-11-23 09:54:53 - [MESSAGE][INFO] - Checking object

2021-11-23 09:54:53 - [MESSAGE][INFO] - Checking timeout

2021-11-23 09:54:53 - [MESSAGE][INFO] - Finding web element from Test Object's properties

2021-11-23 09:54:53 - [MESSAGE][INFO] - Checking timeout

2021-11-23 09:54:53 - [MESSAGE][INFO] - Finding web element with id: 'Object Repository/Kullanici_Islemleri/KullaniciIslemleri' located by 'By.cssSelector: .dropdown>a>img' in '10' second(s)

2021-11-23 09:54:53 - [MESSAGE][INFO] - Smart Wait Function is triggered

2021-11-23 09:54:53 - [MESSAGE][INFO] - Found 1 web elements with id: 'Object Repository/Kullanici_Islemleri/KullaniciIslemleri' located by 'By.cssSelector: .dropdown>a>img' in '10' second(s)

2021-11-23 09:54:53 - [MESSAGE][PASSED] - Object 'Object Repository/Kullanici_Islemleri/KullaniciIslemleri' is clickable

2021-11-23 09:54:53 - [TEST_STEP][PASSED] - click(findTestObject("Object Repository/Kullanici_Islemleri/KullaniciIslemleri")): Object: 'Object Repository/Kullanici_Islemleri/KullaniciIslemleri' is clicked on

2021-11-23 09:54:53 - [MESSAGE][INFO] - Finding Test Object 'Object Repository/Kullanici_Islemleri/KullaniciIslemleri'

2021-11-23 09:54:53 - [MESSAGE][INFO] - Checking object

2021-11-23 09:54:53 - [MESSAGE][INFO] - Finding web element from Test Object's properties

2021-11-23 09:54:53 - [MESSAGE][INFO] - Checking timeout

2021-11-23 09:54:53 - [MESSAGE][INFO] - Finding web element with id: 'Object Repository/Kullanici_Islemleri/KullaniciIslemleri' located by 'By.cssSelector: .dropdown>a>img' in '30' second(s)

2021-11-23 09:54:53 - [MESSAGE][INFO] - Smart Wait Function is triggered

2021-11-23 09:54:53 - [MESSAGE][INFO] - Found 1 web elements with id: 'Object Repository/Kullanici_Islemleri/KullaniciIslemleri' located by 'By.cssSelector: .dropdown>a>img' in '30' second(s)

2021-11-23 09:54:53 - [MESSAGE][INFO] - Clicking on object: 'Object Repository/Kullanici_Islemleri/KullaniciIslemleri'

2021-11-23 09:54:53 - [MESSAGE][PASSED] - Object: 'Object Repository/Kullanici_Islemleri/KullaniciIslemleri' is clicked on

2021-11-23 09:54:53 - [TEST_STEP][PASSED] - Method.TextDegerineEsitElementeTikla(findTestObject("Object Repository/Kullanici_Islemleri/Secenekler"), Islem): Method.TextDegerineEsitElementeTikla is PASSED

2021-11-23 09:54:53 - [MESSAGE][INFO] - Finding Test Object 'Object Repository/Kullanici_Islemleri/Secenekler'

2021-11-23 09:54:54 - [MESSAGE][INFO] - Checking timeout

2021-11-23 09:54:54 - [MESSAGE][INFO] - Finding web element with id: 'Object Repository/Kullanici_Islemleri/Secenekler' located by 'By.cssSelector: .nav.navbar-nav.navbar-right li a' in '10' second(s)

2021-11-23 09:54:54 - [MESSAGE][INFO] - Smart Wait Function is triggered

2021-11-23 09:54:54 - [MESSAGE][INFO] - Found 22 web elements with id: 'Object Repository/Kullanici_Islemleri/Secenekler' located by 'By.cssSelector: .nav.navbar-nav.navbar-right li a' in '10' second(s)

2021-11-23 09:54:55 - [MESSAGE][PASSED] - Method.TextDegerineEsitElementeTikla is PASSED

2021-11-23 09:54:55 - [TEST_STEP][PASSED] - verifyElementNotPresent(findTestObject("Object Repository/Kullanici_Islemleri/Secenekler"), 10): Web element with id: 'Object Repository/Kullanici_Islemleri/Secenekler' located by 'By.cssSelector: .nav.navbar-nav.navbar-right li a' is not present after '10' second(s)

2021-11-23 09:54:55 - [MESSAGE][INFO] - Finding Test Object 'Object Repository/Kullanici_Islemleri/Secenekler'

2021-11-23 09:54:55 - [MESSAGE][INFO] - Checking object

2021-11-23 09:54:55 - [MESSAGE][INFO] - Checking timeout

2021-11-23 09:54:55 - [MESSAGE][INFO] - Finding web element with id: 'Object Repository/Kullanici_Islemleri/Secenekler' located by 'By.cssSelector: .nav.navbar-nav.navbar-right li a' in '10' second(s)

2021-11-23 09:54:55 - [MESSAGE][INFO] - Smart Wait Function is triggered

2021-11-23 09:54:55 - [MESSAGE][PASSED] - Web element with id: 'Object Repository/Kullanici_Islemleri/Secenekler' located by 'By.cssSelector: .nav.navbar-nav.navbar-right li a' is not present after '10' second(s)

2021-11-23 09:54:55 - [MESSAGE][PASSED] - Call Test Case 'Test Cases/Kullanici_Islemleri/KullaniciIslemlerindenSecimYapilir' successfully

2021-11-23 09:54:55 - [TEST_CASE][PASSED] - Start Test Case : SCENARIO Departman Tanimlari Buton Kontrolu: SCENARIO Departman Tanimlari Buton Kontrolu

2021-11-23 09:54:55 - [TEST_STEP][PASSED] - Kullanıcı adı ELOGO6 ve Şifre 123456 olarak giriş yapılır: Kullanıcı adı ELOGO6 ve Şifre 123456 olarak giriş yapılır

2021-11-23 09:54:55 - [MESSAGE][PASSED] - Kullanıcı adı ELOGO6 ve Şifre 123456 olarak giriş yapılır

2021-11-23 09:54:55 - [TEST_STEP][PASSED] - Ana menüden Firma Yönetimi seçilir: Ana menüden Firma Yönetimi seçilir

2021-11-23 09:54:55 - [MESSAGE][PASSED] - Ana menüden Firma Yönetimi seçilir

2021-11-23 09:54:55 - [TEST_STEP][PASSED] - Alt menüden Yetki Yönetimi seçilir: Alt menüden Yetki Yönetimi seçilir

2021-11-23 09:54:55 - [MESSAGE][PASSED] - Alt menüden Yetki Yönetimi seçilir

2021-11-23 09:54:55 - [TEST_STEP][PASSED] - Sekmelerden Departman Tanımları seçilir: Sekmelerden Departman Tanımları seçilir

2021-11-23 09:54:55 - [MESSAGE][PASSED] - Sekmelerden Departman Tanımları seçilir

2021-11-23 09:54:55 - [TEST_STEP][PASSED] - Filtre alanlarında Departman Adı var mı: Filtre alanlarında Departman Adı var mı

2021-11-23 09:54:55 - [MESSAGE][PASSED] - Filtre alanlarında Departman Adı var mı

2021-11-23 09:54:55 - [TEST_STEP][PASSED] - Filtre alanlarında Açıklama var mı: Filtre alanlarında Açıklama var mı

2021-11-23 09:54:55 - [MESSAGE][PASSED] - Filtre alanlarında Açıklama var mı

2021-11-23 09:54:55 - [TEST_STEP][PASSED] - Filtre alanlarında e-Posta var mı: Filtre alanlarında e-Posta var mı

2021-11-23 09:54:55 - [MESSAGE][PASSED] - Filtre alanlarında e-Posta var mı

2021-11-23 09:54:55 - [TEST_STEP][PASSED] - Filtre butonlarında Listele var mı: Filtre butonlarında Listele var mı

2021-11-23 09:54:55 - [MESSAGE][PASSED] - Filtre butonlarında Listele var mı

2021-11-23 09:54:55 - [TEST_STEP][PASSED] - Filtre butonlarında Temizle var mı: Filtre butonlarında Temizle var mı

2021-11-23 09:54:55 - [MESSAGE][PASSED] - Filtre butonlarında Temizle var mı

2021-11-23 09:54:55 - [TEST_STEP][PASSED] - Butonlardan Departman Ekle var mı: Butonlardan Departman Ekle var mı

2021-11-23 09:54:55 - [MESSAGE][PASSED] - Butonlardan Departman Ekle var mı

2021-11-23 09:54:55 - [TEST_STEP][PASSED] - Butonlardan Değiştir var mı: Butonlardan Değiştir var mı

2021-11-23 09:54:55 - [MESSAGE][PASSED] - Butonlardan Değiştir var mı

2021-11-23 09:54:55 - [TEST_STEP][PASSED] - Butonlardan Sil var mı: Butonlardan Sil var mı

2021-11-23 09:54:55 - [MESSAGE][PASSED] - Butonlardan Sil var mı

2021-11-23 09:54:55 - [TEST_STEP][PASSED] - Butonlardan Kural Tanımla var mı: Butonlardan Kural Tanımla var mı

2021-11-23 09:54:55 - [MESSAGE][PASSED] - Butonlardan Kural Tanımla var mı

2021-11-23 09:54:55 - [TEST_STEP][PASSED] - Kullanıcı işlemlerinden Çıkış seçilir: Kullanıcı işlemlerinden Çıkış seçilir

2021-11-23 09:54:55 - [MESSAGE][PASSED] - Kullanıcı işlemlerinden Çıkış seçilir

2021-11-23 09:54:55 - [MESSAGE][PASSED] - Feature file: 'Include/features/Firma Yonetimi/Yetki Yonetimi/Departman Tanimlari/Ekran Kontrolu.feature' was passed

2021-11-23 09:54:55 - [TEST_STEP][PASSED] - Start listener action : sampleAfterTestSuite: Invoke 'com.kms.katalon.core.annotation.AfterTestCase' method: 'Listener.sampleAfterTestSuite(...)' completed.

2021-11-23 09:54:55 - [MESSAGE][INFO] - Starting invoke 'com.kms.katalon.core.annotation.AfterTestCase' method: 'Listener.sampleAfterTestSuite(...)'

2021-11-23 09:54:55 - [TEST_STEP][PASSED] - closeBrowser(): Invoke 'com.kms.katalon.core.annotation.AfterTestCase' method: 'Listener.sampleAfterTestSuite(...)' completed.

2021-11-23 09:54:55 - [MESSAGE][INFO] - Closing browser

2021-11-23 09:54:56 - [MESSAGE][PASSED] - Browser is closed

2021-11-23 09:54:56 - [MESSAGE][INFO] - Invoke 'com.kms.katalon.core.annotation.AfterTestCase' method: 'Listener.sampleAfterTestSuite(...)' completed.]]></system-out>
         <system-err><![CDATA[]]></system-err>
      </testcase>
      <testcase name="Test Cases/Case Repository/Firma Yonetimi/Yetki Yonetimi/Departman Tanimlari/Kural Tanimla/Kural Ekle" time="39.286" classname="Test Cases/Case Repository/Firma Yonetimi/Yetki Yonetimi/Departman Tanimlari/Kural Tanimla/Kural Ekle" status="PASSED">
         <system-out><![CDATA[2021-11-23 09:54:56 - [TEST_CASE][PASSED] - Test Cases/Case Repository/Firma Yonetimi/Yetki Yonetimi/Departman Tanimlari/Kural Tanimla/Kural Ekle: Test Cases/Case Repository/Firma Yonetimi/Yetki Yonetimi/Departman Tanimlari/Kural Tanimla/Kural Ekle

2021-11-23 09:54:56 - [TEST_STEP][PASSED] - Start listener action : sampleBeforeTestSuite: Invoke 'com.kms.katalon.core.annotation.BeforeTestCase' method: 'Listener.sampleBeforeTestSuite(...)' completed.

2021-11-23 09:54:56 - [MESSAGE][INFO] - Starting invoke 'com.kms.katalon.core.annotation.BeforeTestCase' method: 'Listener.sampleBeforeTestSuite(...)'

2021-11-23 09:54:56 - [TEST_STEP][PASSED] - openBrowser(baseUrl): Browser is opened with url: 'https://efatura-stage.elogo.com.tr/'

2021-11-23 09:54:56 - [MESSAGE][INFO] - Opening browser

2021-11-23 09:54:56 - [MESSAGE][INFO] - Starting 'Chrome' driver

2021-11-23 09:54:56 - [MESSAGE][INFO] - User set preference: ['prefs', '{download.default_directory=C:\otomasyondownfiles}']

2021-11-23 09:54:56 - [MESSAGE][INFO] - Action delay is set to 0 milliseconds

2021-11-23 09:54:57 - [MESSAGE][INFO] - Navigating browser to: 'https://efatura-stage.elogo.com.tr/'

2021-11-23 09:55:00 - [MESSAGE][PASSED] - Browser is opened with url: 'https://efatura-stage.elogo.com.tr/'

2021-11-23 09:55:00 - [TEST_STEP][PASSED] - maximizeWindow(): Invoke 'com.kms.katalon.core.annotation.BeforeTestCase' method: 'Listener.sampleBeforeTestSuite(...)' completed.

2021-11-23 09:55:00 - [MESSAGE][INFO] - Maximizing current window

2021-11-23 09:55:00 - [MESSAGE][PASSED] - Current window maximized

2021-11-23 09:55:00 - [MESSAGE][INFO] - Invoke 'com.kms.katalon.core.annotation.BeforeTestCase' method: 'Listener.sampleBeforeTestSuite(...)' completed.

2021-11-23 09:55:01 - [TEST_STEP][PASSED] - runFeatureFile("Include/features/Firma Yonetimi/Yetki Yonetimi/Departman Tanimlari/Kural Tanimla/Kural Ekle.feature"): Feature file: 'Include/features/Firma Yonetimi/Yetki Yonetimi/Departman Tanimlari/Kural Tanimla/Kural Ekle.feature' was passed

2021-11-23 09:55:01 - [MESSAGE][INFO] - Starting run keyword runFeatureFile: 'Include/features/Firma Yonetimi/Yetki Yonetimi/Departman Tanimlari/Kural Tanimla/Kural Ekle.feature' and extract report to folder: 'C:\Users\DELL\Documents\GitHub\EES_KatalonLogo\Reports\20211123_091110\Suite Repository\Firma_Yonetimi\20211123_091222/cucumber_report/1637650501661'...

2021-11-23 09:55:01 - [MESSAGE][INFO] - Glue: []

2021-11-23 09:55:05 - [MESSAGE][INFO] - Checking called Test Case

2021-11-23 09:55:05 - [MESSAGE][INFO] - Starting to call Test Case 'Test Cases/Sayfalar/Giris_Sayfasi/Login'

2021-11-23 09:55:05 - [TEST_CASE][PASSED] - Test Cases/Sayfalar/Giris_Sayfasi/Login: Test Cases/Sayfalar/Giris_Sayfasi/Login

2021-11-23 09:55:05 - [TEST_STEP][PASSED] - Sayfa_Basligi = getWindowTitle(): Current window's title is: 'LOGO e-Fatura'

2021-11-23 09:55:05 - [MESSAGE][INFO] - Getting current window's title

2021-11-23 09:55:05 - [MESSAGE][PASSED] - Current window's title is: 'LOGO e-Fatura'

2021-11-23 09:55:05 - [TEST_STEP][PASSED] - verifyMatch(Sayfa_Basligi, "LOGO e-Fatura", false): Actual text 'LOGO e-Fatura' and expected text 'LOGO e-Fatura' are matched 

2021-11-23 09:55:05 - [MESSAGE][INFO] - Matching actual text 'LOGO e-Fatura' with expected text 'LOGO e-Fatura'

2021-11-23 09:55:05 - [MESSAGE][PASSED] - Actual text 'LOGO e-Fatura' and expected text 'LOGO e-Fatura' are matched 

2021-11-23 09:55:05 - [TEST_STEP][PASSED] - sendKeys(findTestObject("Sayfalar/Giris_Sayfasi/Firma_Kodu"), KullaniciAdi): Keys 'ELOGO6' sent to object: 'Object Repository/Sayfalar/Giris_Sayfasi/Firma_Kodu'

2021-11-23 09:55:05 - [MESSAGE][INFO] - Finding Test Object 'Object Repository/Sayfalar/Giris_Sayfasi/Firma_Kodu'

2021-11-23 09:55:05 - [MESSAGE][INFO] - Sending keys 'ELOGO6' to object: 'Object Repository/Sayfalar/Giris_Sayfasi/Firma_Kodu'

2021-11-23 09:55:05 - [MESSAGE][INFO] - Finding web element from Test Object's properties

2021-11-23 09:55:05 - [MESSAGE][INFO] - Checking timeout

2021-11-23 09:55:05 - [MESSAGE][INFO] - Finding web element with id: 'Object Repository/Sayfalar/Giris_Sayfasi/Firma_Kodu' located by 'By.xpath: //*[@id = 'AccountName']' in '30' second(s)

2021-11-23 09:55:05 - [MESSAGE][INFO] - Smart Wait Function is triggered

2021-11-23 09:55:05 - [MESSAGE][INFO] - Found 1 web elements with id: 'Object Repository/Sayfalar/Giris_Sayfasi/Firma_Kodu' located by 'By.xpath: //*[@id = 'AccountName']' in '30' second(s)

2021-11-23 09:55:05 - [MESSAGE][PASSED] - Keys 'ELOGO6' sent to object: 'Object Repository/Sayfalar/Giris_Sayfasi/Firma_Kodu'

2021-11-23 09:55:05 - [TEST_STEP][PASSED] - sendKeys(findTestObject("Sayfalar/Giris_Sayfasi/Sifre"), Sifre): Keys '123456' sent to object: 'Object Repository/Sayfalar/Giris_Sayfasi/Sifre'

2021-11-23 09:55:05 - [MESSAGE][INFO] - Finding Test Object 'Object Repository/Sayfalar/Giris_Sayfasi/Sifre'

2021-11-23 09:55:05 - [MESSAGE][INFO] - Sending keys '123456' to object: 'Object Repository/Sayfalar/Giris_Sayfasi/Sifre'

2021-11-23 09:55:05 - [MESSAGE][INFO] - Finding web element from Test Object's properties

2021-11-23 09:55:05 - [MESSAGE][INFO] - Checking timeout

2021-11-23 09:55:05 - [MESSAGE][INFO] - Finding web element with id: 'Object Repository/Sayfalar/Giris_Sayfasi/Sifre' located by 'By.xpath: //*[@id = 'Password']' in '30' second(s)

2021-11-23 09:55:05 - [MESSAGE][INFO] - Smart Wait Function is triggered

2021-11-23 09:55:06 - [MESSAGE][INFO] - Found 1 web elements with id: 'Object Repository/Sayfalar/Giris_Sayfasi/Sifre' located by 'By.xpath: //*[@id = 'Password']' in '30' second(s)

2021-11-23 09:55:06 - [MESSAGE][PASSED] - Keys '123456' sent to object: 'Object Repository/Sayfalar/Giris_Sayfasi/Sifre'

2021-11-23 09:55:06 - [TEST_STEP][PASSED] - findWebElement(findTestObject("Sayfalar/Giris_Sayfasi/Giris_Butonu")).click(): Found 1 web elements with id: 'Object Repository/Sayfalar/Giris_Sayfasi/Giris_Butonu' located by 'By.cssSelector: #btnLogin' in '30' second(s)

2021-11-23 09:55:06 - [MESSAGE][INFO] - Finding Test Object 'Object Repository/Sayfalar/Giris_Sayfasi/Giris_Butonu'

2021-11-23 09:55:06 - [MESSAGE][INFO] - Finding web element from Test Object's properties

2021-11-23 09:55:06 - [MESSAGE][INFO] - Checking timeout

2021-11-23 09:55:06 - [MESSAGE][INFO] - Finding web element with id: 'Object Repository/Sayfalar/Giris_Sayfasi/Giris_Butonu' located by 'By.cssSelector: #btnLogin' in '30' second(s)

2021-11-23 09:55:06 - [MESSAGE][INFO] - Smart Wait Function is triggered

2021-11-23 09:55:07 - [MESSAGE][INFO] - Found 1 web elements with id: 'Object Repository/Sayfalar/Giris_Sayfasi/Giris_Butonu' located by 'By.cssSelector: #btnLogin' in '30' second(s)

2021-11-23 09:55:09 - [TEST_STEP][PASSED] - if (verifyElementPresent(findTestObject("Object Repository/Sayfalar/Giris_Sayfasi/RetveTamam_Butonu"), 5, OPTIONAL)): null

2021-11-23 09:55:09 - [MESSAGE][INFO] - Finding Test Object 'Object Repository/Sayfalar/Giris_Sayfasi/RetveTamam_Butonu'

2021-11-23 09:55:10 - [MESSAGE][INFO] - Checking object

2021-11-23 09:55:10 - [MESSAGE][INFO] - Finding web element from Test Object's properties

2021-11-23 09:55:10 - [MESSAGE][INFO] - Checking timeout

2021-11-23 09:55:10 - [MESSAGE][INFO] - Finding web element with id: 'Object Repository/Sayfalar/Giris_Sayfasi/RetveTamam_Butonu' located by 'By.xpath: //*[@class = 'btn btn-default']' in '5' second(s)

2021-11-23 09:55:10 - [MESSAGE][INFO] - Smart Wait Function is triggered

2021-11-23 09:55:10 - [MESSAGE][INFO] - Found 1 web elements with id: 'Object Repository/Sayfalar/Giris_Sayfasi/RetveTamam_Butonu' located by 'By.xpath: //*[@class = 'btn btn-default']' in '5' second(s)

2021-11-23 09:55:10 - [MESSAGE][PASSED] - Object 'Object Repository/Sayfalar/Giris_Sayfasi/RetveTamam_Butonu' is present

2021-11-23 09:55:10 - [TEST_STEP][PASSED] - click(findTestObject("Object Repository/Sayfalar/Giris_Sayfasi/RetveTamam_Butonu")): Object: 'Object Repository/Sayfalar/Giris_Sayfasi/RetveTamam_Butonu' is clicked on

2021-11-23 09:55:10 - [MESSAGE][INFO] - Finding Test Object 'Object Repository/Sayfalar/Giris_Sayfasi/RetveTamam_Butonu'

2021-11-23 09:55:10 - [MESSAGE][INFO] - Checking object

2021-11-23 09:55:10 - [MESSAGE][INFO] - Finding web element from Test Object's properties

2021-11-23 09:55:10 - [MESSAGE][INFO] - Checking timeout

2021-11-23 09:55:10 - [MESSAGE][INFO] - Finding web element with id: 'Object Repository/Sayfalar/Giris_Sayfasi/RetveTamam_Butonu' located by 'By.xpath: //*[@class = 'btn btn-default']' in '30' second(s)

2021-11-23 09:55:10 - [MESSAGE][INFO] - Smart Wait Function is triggered

2021-11-23 09:55:10 - [MESSAGE][INFO] - Found 1 web elements with id: 'Object Repository/Sayfalar/Giris_Sayfasi/RetveTamam_Butonu' located by 'By.xpath: //*[@class = 'btn btn-default']' in '30' second(s)

2021-11-23 09:55:10 - [MESSAGE][INFO] - Clicking on object: 'Object Repository/Sayfalar/Giris_Sayfasi/RetveTamam_Butonu'

2021-11-23 09:55:10 - [MESSAGE][PASSED] - Object: 'Object Repository/Sayfalar/Giris_Sayfasi/RetveTamam_Butonu' is clicked on

2021-11-23 09:55:10 - [TEST_STEP][PASSED] - click(findTestObject("Object Repository/Sayfalar/Giris_Sayfasi/RetveTamam_Butonu")): Object: 'Object Repository/Sayfalar/Giris_Sayfasi/RetveTamam_Butonu' is clicked on

2021-11-23 09:55:10 - [MESSAGE][INFO] - Finding Test Object 'Object Repository/Sayfalar/Giris_Sayfasi/RetveTamam_Butonu'

2021-11-23 09:55:11 - [MESSAGE][INFO] - Checking object

2021-11-23 09:55:11 - [MESSAGE][INFO] - Finding web element from Test Object's properties

2021-11-23 09:55:11 - [MESSAGE][INFO] - Checking timeout

2021-11-23 09:55:11 - [MESSAGE][INFO] - Finding web element with id: 'Object Repository/Sayfalar/Giris_Sayfasi/RetveTamam_Butonu' located by 'By.xpath: //*[@class = 'btn btn-default']' in '30' second(s)

2021-11-23 09:55:11 - [MESSAGE][INFO] - Smart Wait Function is triggered

2021-11-23 09:55:14 - [MESSAGE][INFO] - Found 1 web elements with id: 'Object Repository/Sayfalar/Giris_Sayfasi/RetveTamam_Butonu' located by 'By.xpath: //*[@class = 'btn btn-default']' in '30' second(s)

2021-11-23 09:55:14 - [MESSAGE][INFO] - Clicking on object: 'Object Repository/Sayfalar/Giris_Sayfasi/RetveTamam_Butonu'

2021-11-23 09:55:14 - [MESSAGE][PASSED] - Object: 'Object Repository/Sayfalar/Giris_Sayfasi/RetveTamam_Butonu' is clicked on

2021-11-23 09:55:14 - [TEST_STEP][PASSED] - if (verifyElementPresent(findTestObject("Sayfalar/Giris_Sayfasi/PopupOK"), 5, OPTIONAL)): null

2021-11-23 09:55:14 - [MESSAGE][INFO] - Finding Test Object 'Object Repository/Sayfalar/Giris_Sayfasi/PopupOK'

2021-11-23 09:55:14 - [MESSAGE][INFO] - Checking object

2021-11-23 09:55:14 - [MESSAGE][INFO] - Finding web element from Test Object's properties

2021-11-23 09:55:14 - [MESSAGE][INFO] - Checking timeout

2021-11-23 09:55:14 - [MESSAGE][INFO] - Finding web element with id: 'Object Repository/Sayfalar/Giris_Sayfasi/PopupOK' located by 'By.cssSelector: .btn.btn-success' in '5' second(s)

2021-11-23 09:55:14 - [MESSAGE][INFO] - Smart Wait Function is triggered

2021-11-23 09:55:14 - [MESSAGE][INFO] - Found 1 web elements with id: 'Object Repository/Sayfalar/Giris_Sayfasi/PopupOK' located by 'By.cssSelector: .btn.btn-success' in '5' second(s)

2021-11-23 09:55:14 - [MESSAGE][PASSED] - Object 'Object Repository/Sayfalar/Giris_Sayfasi/PopupOK' is present

2021-11-23 09:55:14 - [TEST_STEP][PASSED] - click(findTestObject("Object Repository/Sayfalar/Giris_Sayfasi/PopupCarpiGiris")): Object: 'Object Repository/Sayfalar/Giris_Sayfasi/PopupCarpiGiris' is clicked on

2021-11-23 09:55:14 - [MESSAGE][INFO] - Finding Test Object 'Object Repository/Sayfalar/Giris_Sayfasi/PopupCarpiGiris'

2021-11-23 09:55:15 - [MESSAGE][INFO] - Checking object

2021-11-23 09:55:15 - [MESSAGE][INFO] - Finding web element from Test Object's properties

2021-11-23 09:55:15 - [MESSAGE][INFO] - Checking timeout

2021-11-23 09:55:15 - [MESSAGE][INFO] - Finding web element with id: 'Object Repository/Sayfalar/Giris_Sayfasi/PopupCarpiGiris' located by 'By.cssSelector: .bootbox-close-button.close' in '30' second(s)

2021-11-23 09:55:15 - [MESSAGE][INFO] - Smart Wait Function is triggered

2021-11-23 09:55:15 - [MESSAGE][INFO] - Found 1 web elements with id: 'Object Repository/Sayfalar/Giris_Sayfasi/PopupCarpiGiris' located by 'By.cssSelector: .bootbox-close-button.close' in '30' second(s)

2021-11-23 09:55:15 - [MESSAGE][INFO] - Clicking on object: 'Object Repository/Sayfalar/Giris_Sayfasi/PopupCarpiGiris'

2021-11-23 09:55:15 - [MESSAGE][PASSED] - Object: 'Object Repository/Sayfalar/Giris_Sayfasi/PopupCarpiGiris' is clicked on

2021-11-23 09:55:15 - [TEST_STEP][PASSED] - verifyElementVisible(findTestObject("Object Repository/Kullanici_Islemleri/KullaniciIslemleri")): Object 'Object Repository/Kullanici_Islemleri/KullaniciIslemleri' is visible

2021-11-23 09:55:15 - [MESSAGE][INFO] - Finding Test Object 'Object Repository/Kullanici_Islemleri/KullaniciIslemleri'

2021-11-23 09:55:15 - [MESSAGE][INFO] - Checking object

2021-11-23 09:55:15 - [MESSAGE][INFO] - Finding web element from Test Object's properties

2021-11-23 09:55:15 - [MESSAGE][INFO] - Checking timeout

2021-11-23 09:55:15 - [MESSAGE][INFO] - Finding web element with id: 'Object Repository/Kullanici_Islemleri/KullaniciIslemleri' located by 'By.cssSelector: .dropdown>a>img' in '30' second(s)

2021-11-23 09:55:15 - [MESSAGE][INFO] - Smart Wait Function is triggered

2021-11-23 09:55:16 - [MESSAGE][INFO] - Found 1 web elements with id: 'Object Repository/Kullanici_Islemleri/KullaniciIslemleri' located by 'By.cssSelector: .dropdown>a>img' in '30' second(s)

2021-11-23 09:55:16 - [MESSAGE][PASSED] - Object 'Object Repository/Kullanici_Islemleri/KullaniciIslemleri' is visible

2021-11-23 09:55:16 - [MESSAGE][PASSED] - Call Test Case 'Test Cases/Sayfalar/Giris_Sayfasi/Login' successfully

2021-11-23 09:55:16 - [MESSAGE][INFO] - Checking called Test Case

2021-11-23 09:55:16 - [MESSAGE][INFO] - Starting to call Test Case 'Test Cases/Menu/AnaMenuSecimi'

2021-11-23 09:55:16 - [TEST_CASE][PASSED] - Test Cases/Menu/AnaMenuSecimi: Test Cases/Menu/AnaMenuSecimi

2021-11-23 09:55:16 - [TEST_STEP][PASSED] - Method.TextDegerineEsitElementeTikla(findTestObject("Menu/Ana_Menu"), Ana_Menu): Method.TextDegerineEsitElementeTikla is PASSED

2021-11-23 09:55:16 - [MESSAGE][INFO] - Finding Test Object 'Object Repository/Menu/Ana_Menu'

2021-11-23 09:55:16 - [MESSAGE][INFO] - Checking timeout

2021-11-23 09:55:16 - [MESSAGE][INFO] - Finding web element with id: 'Object Repository/Menu/Ana_Menu' located by 'By.xpath: //*[@class = 'dropdown-toggle']' in '10' second(s)

2021-11-23 09:55:16 - [MESSAGE][INFO] - Smart Wait Function is triggered

2021-11-23 09:55:16 - [MESSAGE][INFO] - Found 14 web elements with id: 'Object Repository/Menu/Ana_Menu' located by 'By.xpath: //*[@class = 'dropdown-toggle']' in '10' second(s)

2021-11-23 09:55:17 - [MESSAGE][PASSED] - Method.TextDegerineEsitElementeTikla is PASSED

2021-11-23 09:55:17 - [MESSAGE][PASSED] - Call Test Case 'Test Cases/Menu/AnaMenuSecimi' successfully

2021-11-23 09:55:17 - [MESSAGE][INFO] - Checking called Test Case

2021-11-23 09:55:17 - [MESSAGE][INFO] - Starting to call Test Case 'Test Cases/Menu/AltMenuSecimi'

2021-11-23 09:55:17 - [TEST_CASE][PASSED] - Test Cases/Menu/AltMenuSecimi: Test Cases/Menu/AltMenuSecimi

2021-11-23 09:55:17 - [TEST_STEP][PASSED] - Method.TextDegerineEsitElementeTikla(findTestObject("Menu/Alt_Menu"), Alt_Menu): Method.TextDegerineEsitElementeTikla is PASSED

2021-11-23 09:55:17 - [MESSAGE][INFO] - Finding Test Object 'Object Repository/Menu/Alt_Menu'

2021-11-23 09:55:17 - [MESSAGE][INFO] - Checking timeout

2021-11-23 09:55:17 - [MESSAGE][INFO] - Finding web element with id: 'Object Repository/Menu/Alt_Menu' located by 'By.xpath: //li[@class='dropdown dropdown-large open']//li[@class='dropdown-element']' in '10' second(s)

2021-11-23 09:55:17 - [MESSAGE][INFO] - Smart Wait Function is triggered

2021-11-23 09:55:17 - [MESSAGE][INFO] - Found 1 web elements with id: 'Object Repository/Menu/Alt_Menu' located by 'By.xpath: //li[@class='dropdown dropdown-large open']//li[@class='dropdown-element']' in '10' second(s)

2021-11-23 09:55:19 - [MESSAGE][PASSED] - Method.TextDegerineEsitElementeTikla is PASSED

2021-11-23 09:55:19 - [MESSAGE][PASSED] - Call Test Case 'Test Cases/Menu/AltMenuSecimi' successfully

2021-11-23 09:55:19 - [MESSAGE][INFO] - Checking called Test Case

2021-11-23 09:55:19 - [MESSAGE][INFO] - Starting to call Test Case 'Test Cases/Sayfalar/Yetki_Yonetimi/SekmeSecilir'

2021-11-23 09:55:19 - [TEST_CASE][PASSED] - Test Cases/Sayfalar/Yetki_Yonetimi/SekmeSecilir: Test Cases/Sayfalar/Yetki_Yonetimi/SekmeSecilir

2021-11-23 09:55:19 - [TEST_STEP][PASSED] - Method.TextDegerineEsitElementeTikla(findTestObject("Object Repository/Sayfalar/Yetki_Yonetimi/Sekmeler"), Sekme): Method.TextDegerineEsitElementeTikla is PASSED

2021-11-23 09:55:19 - [MESSAGE][INFO] - Finding Test Object 'Object Repository/Sayfalar/Yetki_Yonetimi/Sekmeler'

2021-11-23 09:55:19 - [MESSAGE][INFO] - Checking timeout

2021-11-23 09:55:19 - [MESSAGE][INFO] - Finding web element with id: 'Object Repository/Sayfalar/Yetki_Yonetimi/Sekmeler' located by 'By.cssSelector: #pcFeatures_TC>li[class="dxtc-tab"] span,#pcFeatures_TC>li[class="dxtc-activeTab dxtc-lead"] span' in '10' second(s)

2021-11-23 09:55:19 - [MESSAGE][INFO] - Smart Wait Function is triggered

2021-11-23 09:55:20 - [MESSAGE][INFO] - Found 3 web elements with id: 'Object Repository/Sayfalar/Yetki_Yonetimi/Sekmeler' located by 'By.cssSelector: #pcFeatures_TC>li[class="dxtc-tab"] span,#pcFeatures_TC>li[class="dxtc-activeTab dxtc-lead"] span' in '10' second(s)

2021-11-23 09:55:20 - [MESSAGE][PASSED] - Method.TextDegerineEsitElementeTikla is PASSED

2021-11-23 09:55:20 - [MESSAGE][PASSED] - Call Test Case 'Test Cases/Sayfalar/Yetki_Yonetimi/SekmeSecilir' successfully

2021-11-23 09:55:20 - [MESSAGE][INFO] - Checking called Test Case

2021-11-23 09:55:20 - [MESSAGE][INFO] - Starting to call Test Case 'Test Cases/Filtreler/ButonaTikla'

2021-11-23 09:55:20 - [TEST_CASE][PASSED] - Test Cases/Filtreler/ButonaTikla: Test Cases/Filtreler/ButonaTikla

2021-11-23 09:55:20 - [TEST_STEP][PASSED] - Method.TextDegerineEsitElementeTikla(findTestObject("Filtreler/Butonlar"), Filtre_Buton): Method.TextDegerineEsitElementeTikla is PASSED

2021-11-23 09:55:20 - [MESSAGE][INFO] - Finding Test Object 'Object Repository/Filtreler/Butonlar'

2021-11-23 09:55:21 - [MESSAGE][INFO] - Checking timeout

2021-11-23 09:55:21 - [MESSAGE][INFO] - Finding web element with id: 'Object Repository/Filtreler/Butonlar' located by 'By.cssSelector: .dxb>span' in '10' second(s)

2021-11-23 09:55:21 - [MESSAGE][INFO] - Smart Wait Function is triggered

2021-11-23 09:55:21 - [MESSAGE][INFO] - Found 6 web elements with id: 'Object Repository/Filtreler/Butonlar' located by 'By.cssSelector: .dxb>span' in '10' second(s)

2021-11-23 09:55:21 - [MESSAGE][PASSED] - Method.TextDegerineEsitElementeTikla is PASSED

2021-11-23 09:55:21 - [MESSAGE][PASSED] - Call Test Case 'Test Cases/Filtreler/ButonaTikla' successfully

2021-11-23 09:55:21 - [MESSAGE][INFO] - Checking called Test Case

2021-11-23 09:55:21 - [MESSAGE][INFO] - Starting to call Test Case 'Test Cases/Tablo/TablodaVeriVarMi'

2021-11-23 09:55:21 - [TEST_CASE][PASSED] - Test Cases/Tablo/TablodaVeriVarMi: Test Cases/Tablo/TablodaVeriVarMi

2021-11-23 09:55:22 - [TEST_STEP][PASSED] - verifyTextNotPresent("Görüntülenecek veri yok", true): Text 'Görüntülenecek veri yok' is not present on page using regular expression

2021-11-23 09:55:22 - [MESSAGE][INFO] - Checking text present  using regular expression

2021-11-23 09:55:22 - [MESSAGE][INFO] - Smart Wait Function is triggered

2021-11-23 09:55:22 - [MESSAGE][INFO] - Finding text 'Görüntülenecek veri yok' on page  using regular expression

2021-11-23 09:55:22 - [MESSAGE][PASSED] - Text 'Görüntülenecek veri yok' is not present on page using regular expression

2021-11-23 09:55:22 - [MESSAGE][PASSED] - Call Test Case 'Test Cases/Tablo/TablodaVeriVarMi' successfully

2021-11-23 09:55:22 - [MESSAGE][INFO] - Checking called Test Case

2021-11-23 09:55:22 - [MESSAGE][INFO] - Starting to call Test Case 'Test Cases/Tablo/TablodanVeriSec'

2021-11-23 09:55:22 - [TEST_CASE][PASSED] - Test Cases/Tablo/TablodanVeriSec: Test Cases/Tablo/TablodanVeriSec

2021-11-23 09:55:23 - [TEST_STEP][PASSED] - Method.TextDegerineEsitElementinAltindakineTikla(findTestObject("Tablo/Veriler"), findTestObject("Tablo/VerininCheckBoxi"), Veri_Adi): Method.TextDegerineEsitElementinAltindakineTikla is PASSED

2021-11-23 09:55:23 - [MESSAGE][INFO] - Finding Test Object 'Object Repository/Tablo/Veriler'

2021-11-23 09:55:23 - [MESSAGE][INFO] - Finding Test Object 'Object Repository/Tablo/VerininCheckBoxi'

2021-11-23 09:55:23 - [MESSAGE][INFO] - Checking timeout

2021-11-23 09:55:23 - [MESSAGE][INFO] - Finding web element with id: 'Object Repository/Tablo/Veriler' located by 'By.cssSelector: td.dxgv b ,td.dxgv' in '10' second(s)

2021-11-23 09:55:23 - [MESSAGE][INFO] - Smart Wait Function is triggered

2021-11-23 09:55:23 - [MESSAGE][INFO] - Found 22 web elements with id: 'Object Repository/Tablo/Veriler' located by 'By.cssSelector: td.dxgv b ,td.dxgv' in '10' second(s)

2021-11-23 09:55:23 - [MESSAGE][INFO] - Smart Wait Function is triggered

2021-11-23 09:55:24 - [MESSAGE][PASSED] - Method.TextDegerineEsitElementinAltindakineTikla is PASSED

2021-11-23 09:55:24 - [MESSAGE][PASSED] - Call Test Case 'Test Cases/Tablo/TablodanVeriSec' successfully

2021-11-23 09:55:24 - [MESSAGE][INFO] - Checking called Test Case

2021-11-23 09:55:24 - [MESSAGE][INFO] - Starting to call Test Case 'Test Cases/Butonlar/ButonaTikla'

2021-11-23 09:55:24 - [TEST_CASE][PASSED] - Test Cases/Butonlar/ButonaTikla: Test Cases/Butonlar/ButonaTikla

2021-11-23 09:55:24 - [TEST_STEP][PASSED] - Method.TextDegerineEsitElementeTiklaEquals(findTestObject("Butonlar/Butonlar"), Buton_Adi): Method.TextDegerineEsitElementeTiklaEquals is PASSED

2021-11-23 09:55:24 - [MESSAGE][INFO] - Finding Test Object 'Object Repository/Butonlar/Butonlar'

2021-11-23 09:55:24 - [MESSAGE][INFO] - Checking timeout

2021-11-23 09:55:24 - [MESSAGE][INFO] - Finding web element with id: 'Object Repository/Butonlar/Butonlar' located by 'By.cssSelector: .panel.panel-default.text-center.footerPanel .btn,.btn.btn-primary.btnControls' in '10' second(s)

2021-11-23 09:55:24 - [MESSAGE][INFO] - Smart Wait Function is triggered

2021-11-23 09:55:24 - [MESSAGE][INFO] - Found 12 web elements with id: 'Object Repository/Butonlar/Butonlar' located by 'By.cssSelector: .panel.panel-default.text-center.footerPanel .btn,.btn.btn-primary.btnControls' in '10' second(s)

2021-11-23 09:55:25 - [MESSAGE][PASSED] - Method.TextDegerineEsitElementeTiklaEquals is PASSED

2021-11-23 09:55:25 - [MESSAGE][PASSED] - Call Test Case 'Test Cases/Butonlar/ButonaTikla' successfully

2021-11-23 09:55:25 - [MESSAGE][INFO] - Checking called Test Case

2021-11-23 09:55:25 - [MESSAGE][INFO] - Starting to call Test Case 'Test Cases/Sayfalar/Yetki_Yonetimi/KuralTanimlanir'

2021-11-23 09:55:25 - [TEST_CASE][PASSED] - Test Cases/Sayfalar/Yetki_Yonetimi/KuralTanimlanir: Test Cases/Sayfalar/Yetki_Yonetimi/KuralTanimlanir

2021-11-23 09:55:26 - [TEST_STEP][PASSED] - switchToFrame(findTestObject("Object Repository/Sayfalar/Yetki_Yonetimi/Kural_Tanimlama/frame"), 10): Switched to iframe: 'Object Repository/Sayfalar/Yetki_Yonetimi/Kural_Tanimlama/frame'

2021-11-23 09:55:26 - [MESSAGE][INFO] - Finding Test Object 'Object Repository/Sayfalar/Yetki_Yonetimi/Kural_Tanimlama/frame'

2021-11-23 09:55:26 - [MESSAGE][INFO] - Switching to iframe: 'Object Repository/Sayfalar/Yetki_Yonetimi/Kural_Tanimlama/frame'

2021-11-23 09:55:26 - [MESSAGE][INFO] - Finding web element from Test Object's properties

2021-11-23 09:55:26 - [MESSAGE][INFO] - Checking timeout

2021-11-23 09:55:26 - [MESSAGE][INFO] - Finding web element with id: 'Object Repository/Sayfalar/Yetki_Yonetimi/Kural_Tanimlama/frame' located by 'By.xpath: //*[@id = 'departmentruleframe']' in '10' second(s)

2021-11-23 09:55:26 - [MESSAGE][INFO] - Smart Wait Function is triggered

2021-11-23 09:55:26 - [MESSAGE][INFO] - Found 1 web elements with id: 'Object Repository/Sayfalar/Yetki_Yonetimi/Kural_Tanimlama/frame' located by 'By.xpath: //*[@id = 'departmentruleframe']' in '10' second(s)

2021-11-23 09:55:26 - [MESSAGE][INFO] - Switched to iframe: 'Object Repository/Sayfalar/Yetki_Yonetimi/Kural_Tanimlama/frame'

2021-11-23 09:55:26 - [TEST_STEP][PASSED] - waitForElementClickable(findTestObject("Object Repository/Sayfalar/Yetki_Yonetimi/Kural_Tanimlama/Ekle"), 10): Object 'Object Repository/Sayfalar/Yetki_Yonetimi/Kural_Tanimlama/Ekle' is clickable

2021-11-23 09:55:26 - [MESSAGE][INFO] - Finding Test Object 'Object Repository/Sayfalar/Yetki_Yonetimi/Kural_Tanimlama/Ekle'

2021-11-23 09:55:26 - [MESSAGE][INFO] - Checking object

2021-11-23 09:55:26 - [MESSAGE][INFO] - Checking timeout

2021-11-23 09:55:26 - [MESSAGE][INFO] - Finding web element from Test Object's properties

2021-11-23 09:55:26 - [MESSAGE][INFO] - Checking timeout

2021-11-23 09:55:26 - [MESSAGE][INFO] - Finding web element with id: 'Object Repository/Sayfalar/Yetki_Yonetimi/Kural_Tanimlama/Ekle' located by 'By.cssSelector: .fa.fa-plus.fa-lg.text-muted' in '10' second(s)

2021-11-23 09:55:26 - [MESSAGE][INFO] - Smart Wait Function is triggered

2021-11-23 09:55:26 - [MESSAGE][INFO] - Found 1 web elements with id: 'Object Repository/Sayfalar/Yetki_Yonetimi/Kural_Tanimlama/Ekle' located by 'By.cssSelector: .fa.fa-plus.fa-lg.text-muted' in '10' second(s)

2021-11-23 09:55:26 - [MESSAGE][PASSED] - Object 'Object Repository/Sayfalar/Yetki_Yonetimi/Kural_Tanimlama/Ekle' is clickable

2021-11-23 09:55:26 - [TEST_STEP][PASSED] - click(findTestObject("Object Repository/Sayfalar/Yetki_Yonetimi/Kural_Tanimlama/Ekle")): Object: 'Object Repository/Sayfalar/Yetki_Yonetimi/Kural_Tanimlama/Ekle' is clicked on

2021-11-23 09:55:26 - [MESSAGE][INFO] - Finding Test Object 'Object Repository/Sayfalar/Yetki_Yonetimi/Kural_Tanimlama/Ekle'

2021-11-23 09:55:26 - [MESSAGE][INFO] - Checking object

2021-11-23 09:55:26 - [MESSAGE][INFO] - Finding web element from Test Object's properties

2021-11-23 09:55:26 - [MESSAGE][INFO] - Checking timeout

2021-11-23 09:55:26 - [MESSAGE][INFO] - Finding web element with id: 'Object Repository/Sayfalar/Yetki_Yonetimi/Kural_Tanimlama/Ekle' located by 'By.cssSelector: .fa.fa-plus.fa-lg.text-muted' in '30' second(s)

2021-11-23 09:55:26 - [MESSAGE][INFO] - Smart Wait Function is triggered

2021-11-23 09:55:26 - [MESSAGE][INFO] - Found 1 web elements with id: 'Object Repository/Sayfalar/Yetki_Yonetimi/Kural_Tanimlama/Ekle' located by 'By.cssSelector: .fa.fa-plus.fa-lg.text-muted' in '30' second(s)

2021-11-23 09:55:26 - [MESSAGE][INFO] - Clicking on object: 'Object Repository/Sayfalar/Yetki_Yonetimi/Kural_Tanimlama/Ekle'

2021-11-23 09:55:26 - [MESSAGE][PASSED] - Object: 'Object Repository/Sayfalar/Yetki_Yonetimi/Kural_Tanimlama/Ekle' is clicked on

2021-11-23 09:55:26 - [TEST_STEP][PASSED] - waitForElementPresent(findTestObject("Object Repository/Sayfalar/Yetki_Yonetimi/Kural_Tanimlama/Belge_Turu"), 10): Object 'Object Repository/Sayfalar/Yetki_Yonetimi/Kural_Tanimlama/Belge_Turu' is present

2021-11-23 09:55:26 - [MESSAGE][INFO] - Finding Test Object 'Object Repository/Sayfalar/Yetki_Yonetimi/Kural_Tanimlama/Belge_Turu'

2021-11-23 09:55:27 - [MESSAGE][INFO] - Checking object

2021-11-23 09:55:27 - [MESSAGE][INFO] - Finding web element from Test Object's properties

2021-11-23 09:55:27 - [MESSAGE][INFO] - Checking timeout

2021-11-23 09:55:27 - [MESSAGE][INFO] - Finding web element with id: 'Object Repository/Sayfalar/Yetki_Yonetimi/Kural_Tanimlama/Belge_Turu' located by 'By.xpath: //*[@id = 'GridViewDepartmentRuleDefinition_DXEditor1_I']' in '10' second(s)

2021-11-23 09:55:27 - [MESSAGE][INFO] - Smart Wait Function is triggered

2021-11-23 09:55:27 - [MESSAGE][INFO] - Found 1 web elements with id: 'Object Repository/Sayfalar/Yetki_Yonetimi/Kural_Tanimlama/Belge_Turu' located by 'By.xpath: //*[@id = 'GridViewDepartmentRuleDefinition_DXEditor1_I']' in '10' second(s)

2021-11-23 09:55:27 - [MESSAGE][PASSED] - Object 'Object Repository/Sayfalar/Yetki_Yonetimi/Kural_Tanimlama/Belge_Turu' is present

2021-11-23 09:55:27 - [TEST_STEP][PASSED] - clearText(findTestObject("Object Repository/Sayfalar/Yetki_Yonetimi/Kural_Tanimlama/Belge_Turu")): Text of object 'Object Repository/Sayfalar/Yetki_Yonetimi/Kural_Tanimlama/Belge_Turu' is cleared

2021-11-23 09:55:27 - [MESSAGE][INFO] - Finding Test Object 'Object Repository/Sayfalar/Yetki_Yonetimi/Kural_Tanimlama/Belge_Turu'

2021-11-23 09:55:27 - [MESSAGE][INFO] - Checking object

2021-11-23 09:55:27 - [MESSAGE][INFO] - Finding web element from Test Object's properties

2021-11-23 09:55:27 - [MESSAGE][INFO] - Checking timeout

2021-11-23 09:55:27 - [MESSAGE][INFO] - Finding web element with id: 'Object Repository/Sayfalar/Yetki_Yonetimi/Kural_Tanimlama/Belge_Turu' located by 'By.xpath: //*[@id = 'GridViewDepartmentRuleDefinition_DXEditor1_I']' in '30' second(s)

2021-11-23 09:55:27 - [MESSAGE][INFO] - Smart Wait Function is triggered

2021-11-23 09:55:27 - [MESSAGE][INFO] - Found 1 web elements with id: 'Object Repository/Sayfalar/Yetki_Yonetimi/Kural_Tanimlama/Belge_Turu' located by 'By.xpath: //*[@id = 'GridViewDepartmentRuleDefinition_DXEditor1_I']' in '30' second(s)

2021-11-23 09:55:27 - [MESSAGE][INFO] - Clearing text of object 'Object Repository/Sayfalar/Yetki_Yonetimi/Kural_Tanimlama/Belge_Turu'

2021-11-23 09:55:27 - [MESSAGE][PASSED] - Text of object 'Object Repository/Sayfalar/Yetki_Yonetimi/Kural_Tanimlama/Belge_Turu' is cleared

2021-11-23 09:55:27 - [TEST_STEP][PASSED] - sendKeys(findTestObject("Object Repository/Sayfalar/Yetki_Yonetimi/Kural_Tanimlama/Belge_Turu"), Belge_Turu): Keys 'e-Fatura' sent to object: 'Object Repository/Sayfalar/Yetki_Yonetimi/Kural_Tanimlama/Belge_Turu'

2021-11-23 09:55:27 - [MESSAGE][INFO] - Finding Test Object 'Object Repository/Sayfalar/Yetki_Yonetimi/Kural_Tanimlama/Belge_Turu'

2021-11-23 09:55:27 - [MESSAGE][INFO] - Sending keys 'e-Fatura' to object: 'Object Repository/Sayfalar/Yetki_Yonetimi/Kural_Tanimlama/Belge_Turu'

2021-11-23 09:55:27 - [MESSAGE][INFO] - Finding web element from Test Object's properties

2021-11-23 09:55:27 - [MESSAGE][INFO] - Checking timeout

2021-11-23 09:55:27 - [MESSAGE][INFO] - Finding web element with id: 'Object Repository/Sayfalar/Yetki_Yonetimi/Kural_Tanimlama/Belge_Turu' located by 'By.xpath: //*[@id = 'GridViewDepartmentRuleDefinition_DXEditor1_I']' in '30' second(s)

2021-11-23 09:55:27 - [MESSAGE][INFO] - Smart Wait Function is triggered

2021-11-23 09:55:27 - [MESSAGE][INFO] - Found 1 web elements with id: 'Object Repository/Sayfalar/Yetki_Yonetimi/Kural_Tanimlama/Belge_Turu' located by 'By.xpath: //*[@id = 'GridViewDepartmentRuleDefinition_DXEditor1_I']' in '30' second(s)

2021-11-23 09:55:27 - [MESSAGE][PASSED] - Keys 'e-Fatura' sent to object: 'Object Repository/Sayfalar/Yetki_Yonetimi/Kural_Tanimlama/Belge_Turu'

2021-11-23 09:55:27 - [TEST_STEP][PASSED] - waitForElementPresent(findTestObject("Object Repository/Sayfalar/Yetki_Yonetimi/Kural_Tanimlama/Yon"), 10): Object 'Object Repository/Sayfalar/Yetki_Yonetimi/Kural_Tanimlama/Yon' is present

2021-11-23 09:55:27 - [MESSAGE][INFO] - Finding Test Object 'Object Repository/Sayfalar/Yetki_Yonetimi/Kural_Tanimlama/Yon'

2021-11-23 09:55:27 - [MESSAGE][INFO] - Checking object

2021-11-23 09:55:27 - [MESSAGE][INFO] - Finding web element from Test Object's properties

2021-11-23 09:55:27 - [MESSAGE][INFO] - Checking timeout

2021-11-23 09:55:27 - [MESSAGE][INFO] - Finding web element with id: 'Object Repository/Sayfalar/Yetki_Yonetimi/Kural_Tanimlama/Yon' located by 'By.xpath: //*[@id = 'GridViewDepartmentRuleDefinition_DXEditor2_I']' in '10' second(s)

2021-11-23 09:55:27 - [MESSAGE][INFO] - Smart Wait Function is triggered

2021-11-23 09:55:27 - [MESSAGE][INFO] - Found 1 web elements with id: 'Object Repository/Sayfalar/Yetki_Yonetimi/Kural_Tanimlama/Yon' located by 'By.xpath: //*[@id = 'GridViewDepartmentRuleDefinition_DXEditor2_I']' in '10' second(s)

2021-11-23 09:55:27 - [MESSAGE][PASSED] - Object 'Object Repository/Sayfalar/Yetki_Yonetimi/Kural_Tanimlama/Yon' is present

2021-11-23 09:55:27 - [TEST_STEP][PASSED] - clearText(findTestObject("Object Repository/Sayfalar/Yetki_Yonetimi/Kural_Tanimlama/Yon")): Text of object 'Object Repository/Sayfalar/Yetki_Yonetimi/Kural_Tanimlama/Yon' is cleared

2021-11-23 09:55:27 - [MESSAGE][INFO] - Finding Test Object 'Object Repository/Sayfalar/Yetki_Yonetimi/Kural_Tanimlama/Yon'

2021-11-23 09:55:27 - [MESSAGE][INFO] - Checking object

2021-11-23 09:55:27 - [MESSAGE][INFO] - Finding web element from Test Object's properties

2021-11-23 09:55:27 - [MESSAGE][INFO] - Checking timeout

2021-11-23 09:55:27 - [MESSAGE][INFO] - Finding web element with id: 'Object Repository/Sayfalar/Yetki_Yonetimi/Kural_Tanimlama/Yon' located by 'By.xpath: //*[@id = 'GridViewDepartmentRuleDefinition_DXEditor2_I']' in '30' second(s)

2021-11-23 09:55:27 - [MESSAGE][INFO] - Smart Wait Function is triggered

2021-11-23 09:55:27 - [MESSAGE][INFO] - Found 1 web elements with id: 'Object Repository/Sayfalar/Yetki_Yonetimi/Kural_Tanimlama/Yon' located by 'By.xpath: //*[@id = 'GridViewDepartmentRuleDefinition_DXEditor2_I']' in '30' second(s)

2021-11-23 09:55:27 - [MESSAGE][INFO] - Clearing text of object 'Object Repository/Sayfalar/Yetki_Yonetimi/Kural_Tanimlama/Yon'

2021-11-23 09:55:27 - [MESSAGE][PASSED] - Text of object 'Object Repository/Sayfalar/Yetki_Yonetimi/Kural_Tanimlama/Yon' is cleared

2021-11-23 09:55:27 - [TEST_STEP][PASSED] - sendKeys(findTestObject("Object Repository/Sayfalar/Yetki_Yonetimi/Kural_Tanimlama/Yon"), Yon): Keys 'Giden' sent to object: 'Object Repository/Sayfalar/Yetki_Yonetimi/Kural_Tanimlama/Yon'

2021-11-23 09:55:27 - [MESSAGE][INFO] - Finding Test Object 'Object Repository/Sayfalar/Yetki_Yonetimi/Kural_Tanimlama/Yon'

2021-11-23 09:55:28 - [MESSAGE][INFO] - Sending keys 'Giden' to object: 'Object Repository/Sayfalar/Yetki_Yonetimi/Kural_Tanimlama/Yon'

2021-11-23 09:55:28 - [MESSAGE][INFO] - Finding web element from Test Object's properties

2021-11-23 09:55:28 - [MESSAGE][INFO] - Checking timeout

2021-11-23 09:55:28 - [MESSAGE][INFO] - Finding web element with id: 'Object Repository/Sayfalar/Yetki_Yonetimi/Kural_Tanimlama/Yon' located by 'By.xpath: //*[@id = 'GridViewDepartmentRuleDefinition_DXEditor2_I']' in '30' second(s)

2021-11-23 09:55:28 - [MESSAGE][INFO] - Smart Wait Function is triggered

2021-11-23 09:55:28 - [MESSAGE][INFO] - Found 1 web elements with id: 'Object Repository/Sayfalar/Yetki_Yonetimi/Kural_Tanimlama/Yon' located by 'By.xpath: //*[@id = 'GridViewDepartmentRuleDefinition_DXEditor2_I']' in '30' second(s)

2021-11-23 09:55:28 - [MESSAGE][PASSED] - Keys 'Giden' sent to object: 'Object Repository/Sayfalar/Yetki_Yonetimi/Kural_Tanimlama/Yon'

2021-11-23 09:55:28 - [TEST_STEP][PASSED] - waitForElementPresent(findTestObject("Object Repository/Sayfalar/Yetki_Yonetimi/Kural_Tanimlama/Birinci_Parametre_Secenekleri"), 10): Object 'Object Repository/Sayfalar/Yetki_Yonetimi/Kural_Tanimlama/Birinci_Parametre_Secenekleri' is present

2021-11-23 09:55:28 - [MESSAGE][INFO] - Finding Test Object 'Object Repository/Sayfalar/Yetki_Yonetimi/Kural_Tanimlama/Birinci_Parametre_Secenekleri'

2021-11-23 09:55:28 - [MESSAGE][INFO] - Checking object

2021-11-23 09:55:28 - [MESSAGE][INFO] - Finding web element from Test Object's properties

2021-11-23 09:55:28 - [MESSAGE][INFO] - Checking timeout

2021-11-23 09:55:28 - [MESSAGE][INFO] - Finding web element with id: 'Object Repository/Sayfalar/Yetki_Yonetimi/Kural_Tanimlama/Birinci_Parametre_Secenekleri' located by 'By.xpath: //*[@id = 'GridViewDepartmentRuleDefinition_DXEditor3_I']' in '10' second(s)

2021-11-23 09:55:28 - [MESSAGE][INFO] - Smart Wait Function is triggered

2021-11-23 09:55:28 - [MESSAGE][INFO] - Found 1 web elements with id: 'Object Repository/Sayfalar/Yetki_Yonetimi/Kural_Tanimlama/Birinci_Parametre_Secenekleri' located by 'By.xpath: //*[@id = 'GridViewDepartmentRuleDefinition_DXEditor3_I']' in '10' second(s)

2021-11-23 09:55:28 - [MESSAGE][PASSED] - Object 'Object Repository/Sayfalar/Yetki_Yonetimi/Kural_Tanimlama/Birinci_Parametre_Secenekleri' is present

2021-11-23 09:55:28 - [TEST_STEP][PASSED] - clearText(findTestObject("Object Repository/Sayfalar/Yetki_Yonetimi/Kural_Tanimlama/Birinci_Parametre_Secenekleri")): Text of object 'Object Repository/Sayfalar/Yetki_Yonetimi/Kural_Tanimlama/Birinci_Parametre_Secenekleri' is cleared

2021-11-23 09:55:28 - [MESSAGE][INFO] - Finding Test Object 'Object Repository/Sayfalar/Yetki_Yonetimi/Kural_Tanimlama/Birinci_Parametre_Secenekleri'

2021-11-23 09:55:28 - [MESSAGE][INFO] - Checking object

2021-11-23 09:55:28 - [MESSAGE][INFO] - Finding web element from Test Object's properties

2021-11-23 09:55:28 - [MESSAGE][INFO] - Checking timeout

2021-11-23 09:55:28 - [MESSAGE][INFO] - Finding web element with id: 'Object Repository/Sayfalar/Yetki_Yonetimi/Kural_Tanimlama/Birinci_Parametre_Secenekleri' located by 'By.xpath: //*[@id = 'GridViewDepartmentRuleDefinition_DXEditor3_I']' in '30' second(s)

2021-11-23 09:55:28 - [MESSAGE][INFO] - Smart Wait Function is triggered

2021-11-23 09:55:28 - [MESSAGE][INFO] - Found 1 web elements with id: 'Object Repository/Sayfalar/Yetki_Yonetimi/Kural_Tanimlama/Birinci_Parametre_Secenekleri' located by 'By.xpath: //*[@id = 'GridViewDepartmentRuleDefinition_DXEditor3_I']' in '30' second(s)

2021-11-23 09:55:28 - [MESSAGE][INFO] - Clearing text of object 'Object Repository/Sayfalar/Yetki_Yonetimi/Kural_Tanimlama/Birinci_Parametre_Secenekleri'

2021-11-23 09:55:28 - [MESSAGE][PASSED] - Text of object 'Object Repository/Sayfalar/Yetki_Yonetimi/Kural_Tanimlama/Birinci_Parametre_Secenekleri' is cleared

2021-11-23 09:55:28 - [TEST_STEP][PASSED] - sendKeys(findTestObject("Object Repository/Sayfalar/Yetki_Yonetimi/Kural_Tanimlama/Birinci_Parametre_Secenekleri"), Birinci_Parametre_Secenekleri): Keys 'Tümü için Yetkili' sent to object: 'Object Repository/Sayfalar/Yetki_Yonetimi/Kural_Tanimlama/Birinci_Parametre_Secenekleri'

2021-11-23 09:55:28 - [MESSAGE][INFO] - Finding Test Object 'Object Repository/Sayfalar/Yetki_Yonetimi/Kural_Tanimlama/Birinci_Parametre_Secenekleri'

2021-11-23 09:55:28 - [MESSAGE][INFO] - Sending keys 'Tümü için Yetkili' to object: 'Object Repository/Sayfalar/Yetki_Yonetimi/Kural_Tanimlama/Birinci_Parametre_Secenekleri'

2021-11-23 09:55:28 - [MESSAGE][INFO] - Finding web element from Test Object's properties

2021-11-23 09:55:28 - [MESSAGE][INFO] - Checking timeout

2021-11-23 09:55:28 - [MESSAGE][INFO] - Finding web element with id: 'Object Repository/Sayfalar/Yetki_Yonetimi/Kural_Tanimlama/Birinci_Parametre_Secenekleri' located by 'By.xpath: //*[@id = 'GridViewDepartmentRuleDefinition_DXEditor3_I']' in '30' second(s)

2021-11-23 09:55:28 - [MESSAGE][INFO] - Smart Wait Function is triggered

2021-11-23 09:55:28 - [MESSAGE][INFO] - Found 1 web elements with id: 'Object Repository/Sayfalar/Yetki_Yonetimi/Kural_Tanimlama/Birinci_Parametre_Secenekleri' located by 'By.xpath: //*[@id = 'GridViewDepartmentRuleDefinition_DXEditor3_I']' in '30' second(s)

2021-11-23 09:55:28 - [MESSAGE][PASSED] - Keys 'Tümü için Yetkili' sent to object: 'Object Repository/Sayfalar/Yetki_Yonetimi/Kural_Tanimlama/Birinci_Parametre_Secenekleri'

2021-11-23 09:55:28 - [TEST_STEP][PASSED] - waitForElementPresent(findTestObject("Object Repository/Sayfalar/Yetki_Yonetimi/Kural_Tanimlama/Birinci_Parametre_Degeri"), 10): Object 'Object Repository/Sayfalar/Yetki_Yonetimi/Kural_Tanimlama/Birinci_Parametre_Degeri' is present

2021-11-23 09:55:28 - [MESSAGE][INFO] - Finding Test Object 'Object Repository/Sayfalar/Yetki_Yonetimi/Kural_Tanimlama/Birinci_Parametre_Degeri'

2021-11-23 09:55:28 - [MESSAGE][INFO] - Checking object

2021-11-23 09:55:28 - [MESSAGE][INFO] - Finding web element from Test Object's properties

2021-11-23 09:55:28 - [MESSAGE][INFO] - Checking timeout

2021-11-23 09:55:28 - [MESSAGE][INFO] - Finding web element with id: 'Object Repository/Sayfalar/Yetki_Yonetimi/Kural_Tanimlama/Birinci_Parametre_Degeri' located by 'By.xpath: //*[@id = 'GridViewDepartmentRuleDefinition_DXEditor4_I']' in '10' second(s)

2021-11-23 09:55:28 - [MESSAGE][INFO] - Smart Wait Function is triggered

2021-11-23 09:55:29 - [MESSAGE][INFO] - Found 1 web elements with id: 'Object Repository/Sayfalar/Yetki_Yonetimi/Kural_Tanimlama/Birinci_Parametre_Degeri' located by 'By.xpath: //*[@id = 'GridViewDepartmentRuleDefinition_DXEditor4_I']' in '10' second(s)

2021-11-23 09:55:29 - [MESSAGE][PASSED] - Object 'Object Repository/Sayfalar/Yetki_Yonetimi/Kural_Tanimlama/Birinci_Parametre_Degeri' is present

2021-11-23 09:55:29 - [TEST_STEP][PASSED] - clearText(findTestObject("Object Repository/Sayfalar/Yetki_Yonetimi/Kural_Tanimlama/Birinci_Parametre_Degeri")): Text of object 'Object Repository/Sayfalar/Yetki_Yonetimi/Kural_Tanimlama/Birinci_Parametre_Degeri' is cleared

2021-11-23 09:55:29 - [MESSAGE][INFO] - Finding Test Object 'Object Repository/Sayfalar/Yetki_Yonetimi/Kural_Tanimlama/Birinci_Parametre_Degeri'

2021-11-23 09:55:29 - [MESSAGE][INFO] - Checking object

2021-11-23 09:55:29 - [MESSAGE][INFO] - Finding web element from Test Object's properties

2021-11-23 09:55:29 - [MESSAGE][INFO] - Checking timeout

2021-11-23 09:55:29 - [MESSAGE][INFO] - Finding web element with id: 'Object Repository/Sayfalar/Yetki_Yonetimi/Kural_Tanimlama/Birinci_Parametre_Degeri' located by 'By.xpath: //*[@id = 'GridViewDepartmentRuleDefinition_DXEditor4_I']' in '30' second(s)

2021-11-23 09:55:29 - [MESSAGE][INFO] - Smart Wait Function is triggered

2021-11-23 09:55:29 - [MESSAGE][INFO] - Found 1 web elements with id: 'Object Repository/Sayfalar/Yetki_Yonetimi/Kural_Tanimlama/Birinci_Parametre_Degeri' located by 'By.xpath: //*[@id = 'GridViewDepartmentRuleDefinition_DXEditor4_I']' in '30' second(s)

2021-11-23 09:55:29 - [MESSAGE][INFO] - Clearing text of object 'Object Repository/Sayfalar/Yetki_Yonetimi/Kural_Tanimlama/Birinci_Parametre_Degeri'

2021-11-23 09:55:29 - [MESSAGE][PASSED] - Text of object 'Object Repository/Sayfalar/Yetki_Yonetimi/Kural_Tanimlama/Birinci_Parametre_Degeri' is cleared

2021-11-23 09:55:29 - [TEST_STEP][PASSED] - sendKeys(findTestObject("Object Repository/Sayfalar/Yetki_Yonetimi/Kural_Tanimlama/Birinci_Parametre_Degeri"), Birinci_Parametre_Degeri): Keys '' sent to object: 'Object Repository/Sayfalar/Yetki_Yonetimi/Kural_Tanimlama/Birinci_Parametre_Degeri'

2021-11-23 09:55:29 - [MESSAGE][INFO] - Finding Test Object 'Object Repository/Sayfalar/Yetki_Yonetimi/Kural_Tanimlama/Birinci_Parametre_Degeri'

2021-11-23 09:55:29 - [MESSAGE][INFO] - Sending keys '' to object: 'Object Repository/Sayfalar/Yetki_Yonetimi/Kural_Tanimlama/Birinci_Parametre_Degeri'

2021-11-23 09:55:29 - [MESSAGE][INFO] - Finding web element from Test Object's properties

2021-11-23 09:55:29 - [MESSAGE][INFO] - Checking timeout

2021-11-23 09:55:29 - [MESSAGE][INFO] - Finding web element with id: 'Object Repository/Sayfalar/Yetki_Yonetimi/Kural_Tanimlama/Birinci_Parametre_Degeri' located by 'By.xpath: //*[@id = 'GridViewDepartmentRuleDefinition_DXEditor4_I']' in '30' second(s)

2021-11-23 09:55:29 - [MESSAGE][INFO] - Smart Wait Function is triggered

2021-11-23 09:55:29 - [MESSAGE][INFO] - Found 1 web elements with id: 'Object Repository/Sayfalar/Yetki_Yonetimi/Kural_Tanimlama/Birinci_Parametre_Degeri' located by 'By.xpath: //*[@id = 'GridViewDepartmentRuleDefinition_DXEditor4_I']' in '30' second(s)

2021-11-23 09:55:29 - [MESSAGE][PASSED] - Keys '' sent to object: 'Object Repository/Sayfalar/Yetki_Yonetimi/Kural_Tanimlama/Birinci_Parametre_Degeri'

2021-11-23 09:55:29 - [TEST_STEP][PASSED] - waitForElementPresent(findTestObject("Object Repository/Sayfalar/Yetki_Yonetimi/Kural_Tanimlama/Ikinci_Parametre_Secenekleri"), 10): Object 'Object Repository/Sayfalar/Yetki_Yonetimi/Kural_Tanimlama/Ikinci_Parametre_Secenekleri' is present

2021-11-23 09:55:29 - [MESSAGE][INFO] - Finding Test Object 'Object Repository/Sayfalar/Yetki_Yonetimi/Kural_Tanimlama/Ikinci_Parametre_Secenekleri'

2021-11-23 09:55:29 - [MESSAGE][INFO] - Checking object

2021-11-23 09:55:29 - [MESSAGE][INFO] - Finding web element from Test Object's properties

2021-11-23 09:55:29 - [MESSAGE][INFO] - Checking timeout

2021-11-23 09:55:29 - [MESSAGE][INFO] - Finding web element with id: 'Object Repository/Sayfalar/Yetki_Yonetimi/Kural_Tanimlama/Ikinci_Parametre_Secenekleri' located by 'By.xpath: //*[@id = 'GridViewDepartmentRuleDefinition_DXEditor5_I']' in '10' second(s)

2021-11-23 09:55:29 - [MESSAGE][INFO] - Smart Wait Function is triggered

2021-11-23 09:55:29 - [MESSAGE][INFO] - Found 1 web elements with id: 'Object Repository/Sayfalar/Yetki_Yonetimi/Kural_Tanimlama/Ikinci_Parametre_Secenekleri' located by 'By.xpath: //*[@id = 'GridViewDepartmentRuleDefinition_DXEditor5_I']' in '10' second(s)

2021-11-23 09:55:29 - [MESSAGE][PASSED] - Object 'Object Repository/Sayfalar/Yetki_Yonetimi/Kural_Tanimlama/Ikinci_Parametre_Secenekleri' is present

2021-11-23 09:55:29 - [TEST_STEP][PASSED] - clearText(findTestObject("Object Repository/Sayfalar/Yetki_Yonetimi/Kural_Tanimlama/Ikinci_Parametre_Secenekleri")): Text of object 'Object Repository/Sayfalar/Yetki_Yonetimi/Kural_Tanimlama/Ikinci_Parametre_Secenekleri' is cleared

2021-11-23 09:55:29 - [MESSAGE][INFO] - Finding Test Object 'Object Repository/Sayfalar/Yetki_Yonetimi/Kural_Tanimlama/Ikinci_Parametre_Secenekleri'

2021-11-23 09:55:29 - [MESSAGE][INFO] - Checking object

2021-11-23 09:55:29 - [MESSAGE][INFO] - Finding web element from Test Object's properties

2021-11-23 09:55:29 - [MESSAGE][INFO] - Checking timeout

2021-11-23 09:55:29 - [MESSAGE][INFO] - Finding web element with id: 'Object Repository/Sayfalar/Yetki_Yonetimi/Kural_Tanimlama/Ikinci_Parametre_Secenekleri' located by 'By.xpath: //*[@id = 'GridViewDepartmentRuleDefinition_DXEditor5_I']' in '30' second(s)

2021-11-23 09:55:29 - [MESSAGE][INFO] - Smart Wait Function is triggered

2021-11-23 09:55:29 - [MESSAGE][INFO] - Found 1 web elements with id: 'Object Repository/Sayfalar/Yetki_Yonetimi/Kural_Tanimlama/Ikinci_Parametre_Secenekleri' located by 'By.xpath: //*[@id = 'GridViewDepartmentRuleDefinition_DXEditor5_I']' in '30' second(s)

2021-11-23 09:55:29 - [MESSAGE][INFO] - Clearing text of object 'Object Repository/Sayfalar/Yetki_Yonetimi/Kural_Tanimlama/Ikinci_Parametre_Secenekleri'

2021-11-23 09:55:29 - [MESSAGE][PASSED] - Text of object 'Object Repository/Sayfalar/Yetki_Yonetimi/Kural_Tanimlama/Ikinci_Parametre_Secenekleri' is cleared

2021-11-23 09:55:29 - [TEST_STEP][PASSED] - sendKeys(findTestObject("Object Repository/Sayfalar/Yetki_Yonetimi/Kural_Tanimlama/Ikinci_Parametre_Secenekleri"), Ikinci_Parametre_Secenekleri): Keys '' sent to object: 'Object Repository/Sayfalar/Yetki_Yonetimi/Kural_Tanimlama/Ikinci_Parametre_Secenekleri'

2021-11-23 09:55:29 - [MESSAGE][INFO] - Finding Test Object 'Object Repository/Sayfalar/Yetki_Yonetimi/Kural_Tanimlama/Ikinci_Parametre_Secenekleri'

2021-11-23 09:55:30 - [MESSAGE][INFO] - Sending keys '' to object: 'Object Repository/Sayfalar/Yetki_Yonetimi/Kural_Tanimlama/Ikinci_Parametre_Secenekleri'

2021-11-23 09:55:30 - [MESSAGE][INFO] - Finding web element from Test Object's properties

2021-11-23 09:55:30 - [MESSAGE][INFO] - Checking timeout

2021-11-23 09:55:30 - [MESSAGE][INFO] - Finding web element with id: 'Object Repository/Sayfalar/Yetki_Yonetimi/Kural_Tanimlama/Ikinci_Parametre_Secenekleri' located by 'By.xpath: //*[@id = 'GridViewDepartmentRuleDefinition_DXEditor5_I']' in '30' second(s)

2021-11-23 09:55:30 - [MESSAGE][INFO] - Smart Wait Function is triggered

2021-11-23 09:55:30 - [MESSAGE][INFO] - Found 1 web elements with id: 'Object Repository/Sayfalar/Yetki_Yonetimi/Kural_Tanimlama/Ikinci_Parametre_Secenekleri' located by 'By.xpath: //*[@id = 'GridViewDepartmentRuleDefinition_DXEditor5_I']' in '30' second(s)

2021-11-23 09:55:30 - [MESSAGE][PASSED] - Keys '' sent to object: 'Object Repository/Sayfalar/Yetki_Yonetimi/Kural_Tanimlama/Ikinci_Parametre_Secenekleri'

2021-11-23 09:55:30 - [TEST_STEP][PASSED] - waitForElementPresent(findTestObject("Object Repository/Sayfalar/Yetki_Yonetimi/Kural_Tanimlama/Ikinci_Parametre_Degeri"), 10): Object 'Object Repository/Sayfalar/Yetki_Yonetimi/Kural_Tanimlama/Ikinci_Parametre_Degeri' is present

2021-11-23 09:55:30 - [MESSAGE][INFO] - Finding Test Object 'Object Repository/Sayfalar/Yetki_Yonetimi/Kural_Tanimlama/Ikinci_Parametre_Degeri'

2021-11-23 09:55:30 - [MESSAGE][INFO] - Checking object

2021-11-23 09:55:30 - [MESSAGE][INFO] - Finding web element from Test Object's properties

2021-11-23 09:55:30 - [MESSAGE][INFO] - Checking timeout

2021-11-23 09:55:30 - [MESSAGE][INFO] - Finding web element with id: 'Object Repository/Sayfalar/Yetki_Yonetimi/Kural_Tanimlama/Ikinci_Parametre_Degeri' located by 'By.xpath: //*[@id = 'GridViewDepartmentRuleDefinition_DXEditor6_I']' in '10' second(s)

2021-11-23 09:55:30 - [MESSAGE][INFO] - Smart Wait Function is triggered

2021-11-23 09:55:30 - [MESSAGE][INFO] - Found 1 web elements with id: 'Object Repository/Sayfalar/Yetki_Yonetimi/Kural_Tanimlama/Ikinci_Parametre_Degeri' located by 'By.xpath: //*[@id = 'GridViewDepartmentRuleDefinition_DXEditor6_I']' in '10' second(s)

2021-11-23 09:55:30 - [MESSAGE][PASSED] - Object 'Object Repository/Sayfalar/Yetki_Yonetimi/Kural_Tanimlama/Ikinci_Parametre_Degeri' is present

2021-11-23 09:55:30 - [TEST_STEP][PASSED] - clearText(findTestObject("Object Repository/Sayfalar/Yetki_Yonetimi/Kural_Tanimlama/Ikinci_Parametre_Degeri")): Text of object 'Object Repository/Sayfalar/Yetki_Yonetimi/Kural_Tanimlama/Ikinci_Parametre_Degeri' is cleared

2021-11-23 09:55:30 - [MESSAGE][INFO] - Finding Test Object 'Object Repository/Sayfalar/Yetki_Yonetimi/Kural_Tanimlama/Ikinci_Parametre_Degeri'

2021-11-23 09:55:30 - [MESSAGE][INFO] - Checking object

2021-11-23 09:55:30 - [MESSAGE][INFO] - Finding web element from Test Object's properties

2021-11-23 09:55:30 - [MESSAGE][INFO] - Checking timeout

2021-11-23 09:55:30 - [MESSAGE][INFO] - Finding web element with id: 'Object Repository/Sayfalar/Yetki_Yonetimi/Kural_Tanimlama/Ikinci_Parametre_Degeri' located by 'By.xpath: //*[@id = 'GridViewDepartmentRuleDefinition_DXEditor6_I']' in '30' second(s)

2021-11-23 09:55:30 - [MESSAGE][INFO] - Smart Wait Function is triggered

2021-11-23 09:55:30 - [MESSAGE][INFO] - Found 1 web elements with id: 'Object Repository/Sayfalar/Yetki_Yonetimi/Kural_Tanimlama/Ikinci_Parametre_Degeri' located by 'By.xpath: //*[@id = 'GridViewDepartmentRuleDefinition_DXEditor6_I']' in '30' second(s)

2021-11-23 09:55:30 - [MESSAGE][INFO] - Clearing text of object 'Object Repository/Sayfalar/Yetki_Yonetimi/Kural_Tanimlama/Ikinci_Parametre_Degeri'

2021-11-23 09:55:30 - [MESSAGE][PASSED] - Text of object 'Object Repository/Sayfalar/Yetki_Yonetimi/Kural_Tanimlama/Ikinci_Parametre_Degeri' is cleared

2021-11-23 09:55:30 - [TEST_STEP][PASSED] - sendKeys(findTestObject("Object Repository/Sayfalar/Yetki_Yonetimi/Kural_Tanimlama/Ikinci_Parametre_Degeri"), Ikinci_Parametre_Degeri): Keys '' sent to object: 'Object Repository/Sayfalar/Yetki_Yonetimi/Kural_Tanimlama/Ikinci_Parametre_Degeri'

2021-11-23 09:55:30 - [MESSAGE][INFO] - Finding Test Object 'Object Repository/Sayfalar/Yetki_Yonetimi/Kural_Tanimlama/Ikinci_Parametre_Degeri'

2021-11-23 09:55:30 - [MESSAGE][INFO] - Sending keys '' to object: 'Object Repository/Sayfalar/Yetki_Yonetimi/Kural_Tanimlama/Ikinci_Parametre_Degeri'

2021-11-23 09:55:30 - [MESSAGE][INFO] - Finding web element from Test Object's properties

2021-11-23 09:55:30 - [MESSAGE][INFO] - Checking timeout

2021-11-23 09:55:30 - [MESSAGE][INFO] - Finding web element with id: 'Object Repository/Sayfalar/Yetki_Yonetimi/Kural_Tanimlama/Ikinci_Parametre_Degeri' located by 'By.xpath: //*[@id = 'GridViewDepartmentRuleDefinition_DXEditor6_I']' in '30' second(s)

2021-11-23 09:55:30 - [MESSAGE][INFO] - Smart Wait Function is triggered

2021-11-23 09:55:30 - [MESSAGE][INFO] - Found 1 web elements with id: 'Object Repository/Sayfalar/Yetki_Yonetimi/Kural_Tanimlama/Ikinci_Parametre_Degeri' located by 'By.xpath: //*[@id = 'GridViewDepartmentRuleDefinition_DXEditor6_I']' in '30' second(s)

2021-11-23 09:55:30 - [MESSAGE][PASSED] - Keys '' sent to object: 'Object Repository/Sayfalar/Yetki_Yonetimi/Kural_Tanimlama/Ikinci_Parametre_Degeri'

2021-11-23 09:55:30 - [TEST_STEP][PASSED] - if (Mail_Gonderilsin_Mi.equals("Mail Gönderilsin")): Object: 'Object Repository/Sayfalar/Yetki_Yonetimi/Kural_Tanimlama/Mail_Gonderilsin' is clicked on

2021-11-23 09:55:30 - [TEST_STEP][PASSED] - click(findTestObject("Object Repository/Sayfalar/Yetki_Yonetimi/Kural_Tanimlama/Mail_Gonderilsin")): Object: 'Object Repository/Sayfalar/Yetki_Yonetimi/Kural_Tanimlama/Mail_Gonderilsin' is clicked on

2021-11-23 09:55:30 - [MESSAGE][INFO] - Finding Test Object 'Object Repository/Sayfalar/Yetki_Yonetimi/Kural_Tanimlama/Mail_Gonderilsin'

2021-11-23 09:55:30 - [MESSAGE][INFO] - Checking object

2021-11-23 09:55:30 - [MESSAGE][INFO] - Finding web element from Test Object's properties

2021-11-23 09:55:30 - [MESSAGE][INFO] - Checking timeout

2021-11-23 09:55:30 - [MESSAGE][INFO] - Finding web element with id: 'Object Repository/Sayfalar/Yetki_Yonetimi/Kural_Tanimlama/Mail_Gonderilsin' located by 'By.cssSelector: #GridViewDepartmentRuleDefinition_DXMainTable .dxWeb_edtCheckBoxUnchecked_LECustomTheme.dxICheckBox_LECustomTheme.dxichSys' in '30' second(s)

2021-11-23 09:55:30 - [MESSAGE][INFO] - Smart Wait Function is triggered

2021-11-23 09:55:30 - [MESSAGE][INFO] - Found 1 web elements with id: 'Object Repository/Sayfalar/Yetki_Yonetimi/Kural_Tanimlama/Mail_Gonderilsin' located by 'By.cssSelector: #GridViewDepartmentRuleDefinition_DXMainTable .dxWeb_edtCheckBoxUnchecked_LECustomTheme.dxICheckBox_LECustomTheme.dxichSys' in '30' second(s)

2021-11-23 09:55:30 - [MESSAGE][INFO] - Clicking on object: 'Object Repository/Sayfalar/Yetki_Yonetimi/Kural_Tanimlama/Mail_Gonderilsin'

2021-11-23 09:55:30 - [MESSAGE][PASSED] - Object: 'Object Repository/Sayfalar/Yetki_Yonetimi/Kural_Tanimlama/Mail_Gonderilsin' is clicked on

2021-11-23 09:55:30 - [TEST_STEP][PASSED] - waitForElementClickable(findTestObject("Object Repository/Sayfalar/Yetki_Yonetimi/Kural_Tanimlama/Kaydet"), 10): Object 'Object Repository/Sayfalar/Yetki_Yonetimi/Kural_Tanimlama/Kaydet' is clickable

2021-11-23 09:55:30 - [MESSAGE][INFO] - Finding Test Object 'Object Repository/Sayfalar/Yetki_Yonetimi/Kural_Tanimlama/Kaydet'

2021-11-23 09:55:31 - [MESSAGE][INFO] - Checking object

2021-11-23 09:55:31 - [MESSAGE][INFO] - Checking timeout

2021-11-23 09:55:31 - [MESSAGE][INFO] - Finding web element from Test Object's properties

2021-11-23 09:55:31 - [MESSAGE][INFO] - Checking timeout

2021-11-23 09:55:31 - [MESSAGE][INFO] - Finding web element with id: 'Object Repository/Sayfalar/Yetki_Yonetimi/Kural_Tanimlama/Kaydet' located by 'By.cssSelector: .fa.fa-floppy-o.fa-lg.text-success' in '10' second(s)

2021-11-23 09:55:31 - [MESSAGE][INFO] - Smart Wait Function is triggered

2021-11-23 09:55:31 - [MESSAGE][INFO] - Found 1 web elements with id: 'Object Repository/Sayfalar/Yetki_Yonetimi/Kural_Tanimlama/Kaydet' located by 'By.cssSelector: .fa.fa-floppy-o.fa-lg.text-success' in '10' second(s)

2021-11-23 09:55:31 - [MESSAGE][PASSED] - Object 'Object Repository/Sayfalar/Yetki_Yonetimi/Kural_Tanimlama/Kaydet' is clickable

2021-11-23 09:55:31 - [TEST_STEP][PASSED] - click(findTestObject("Object Repository/Sayfalar/Yetki_Yonetimi/Kural_Tanimlama/Kaydet"), STOP_ON_FAILURE): Object: 'Object Repository/Sayfalar/Yetki_Yonetimi/Kural_Tanimlama/Kaydet' is clicked on

2021-11-23 09:55:31 - [MESSAGE][INFO] - Finding Test Object 'Object Repository/Sayfalar/Yetki_Yonetimi/Kural_Tanimlama/Kaydet'

2021-11-23 09:55:31 - [MESSAGE][INFO] - Checking object

2021-11-23 09:55:31 - [MESSAGE][INFO] - Finding web element from Test Object's properties

2021-11-23 09:55:31 - [MESSAGE][INFO] - Checking timeout

2021-11-23 09:55:31 - [MESSAGE][INFO] - Finding web element with id: 'Object Repository/Sayfalar/Yetki_Yonetimi/Kural_Tanimlama/Kaydet' located by 'By.cssSelector: .fa.fa-floppy-o.fa-lg.text-success' in '30' second(s)

2021-11-23 09:55:31 - [MESSAGE][INFO] - Smart Wait Function is triggered

2021-11-23 09:55:31 - [MESSAGE][INFO] - Found 1 web elements with id: 'Object Repository/Sayfalar/Yetki_Yonetimi/Kural_Tanimlama/Kaydet' located by 'By.cssSelector: .fa.fa-floppy-o.fa-lg.text-success' in '30' second(s)

2021-11-23 09:55:31 - [MESSAGE][INFO] - Clicking on object: 'Object Repository/Sayfalar/Yetki_Yonetimi/Kural_Tanimlama/Kaydet'

2021-11-23 09:55:31 - [MESSAGE][PASSED] - Object: 'Object Repository/Sayfalar/Yetki_Yonetimi/Kural_Tanimlama/Kaydet' is clicked on

2021-11-23 09:55:31 - [TEST_STEP][PASSED] - switchToDefaultContent(): Switching to default content

2021-11-23 09:55:31 - [MESSAGE][INFO] - Switching to default content

2021-11-23 09:55:31 - [TEST_STEP][PASSED] - waitForElementClickable(findTestObject("Object Repository/Sayfalar/Yetki_Yonetimi/Kural_Tanimlama/Kapat"), 10): Object 'Object Repository/Sayfalar/Yetki_Yonetimi/Kural_Tanimlama/Kapat' is clickable

2021-11-23 09:55:31 - [MESSAGE][INFO] - Finding Test Object 'Object Repository/Sayfalar/Yetki_Yonetimi/Kural_Tanimlama/Kapat'

2021-11-23 09:55:31 - [MESSAGE][INFO] - Checking object

2021-11-23 09:55:31 - [MESSAGE][INFO] - Checking timeout

2021-11-23 09:55:31 - [MESSAGE][INFO] - Finding web element from Test Object's properties

2021-11-23 09:55:31 - [MESSAGE][INFO] - Checking timeout

2021-11-23 09:55:31 - [MESSAGE][INFO] - Finding web element with id: 'Object Repository/Sayfalar/Yetki_Yonetimi/Kural_Tanimlama/Kapat' located by 'By.cssSelector: #departmentRule span' in '10' second(s)

2021-11-23 09:55:31 - [MESSAGE][INFO] - Smart Wait Function is triggered

2021-11-23 09:55:31 - [MESSAGE][INFO] - Found 1 web elements with id: 'Object Repository/Sayfalar/Yetki_Yonetimi/Kural_Tanimlama/Kapat' located by 'By.cssSelector: #departmentRule span' in '10' second(s)

2021-11-23 09:55:31 - [MESSAGE][PASSED] - Object 'Object Repository/Sayfalar/Yetki_Yonetimi/Kural_Tanimlama/Kapat' is clickable

2021-11-23 09:55:31 - [TEST_STEP][PASSED] - click(findTestObject("Object Repository/Sayfalar/Yetki_Yonetimi/Kural_Tanimlama/Kapat")): Object: 'Object Repository/Sayfalar/Yetki_Yonetimi/Kural_Tanimlama/Kapat' is clicked on

2021-11-23 09:55:31 - [MESSAGE][INFO] - Finding Test Object 'Object Repository/Sayfalar/Yetki_Yonetimi/Kural_Tanimlama/Kapat'

2021-11-23 09:55:31 - [MESSAGE][INFO] - Checking object

2021-11-23 09:55:31 - [MESSAGE][INFO] - Finding web element from Test Object's properties

2021-11-23 09:55:31 - [MESSAGE][INFO] - Checking timeout

2021-11-23 09:55:31 - [MESSAGE][INFO] - Finding web element with id: 'Object Repository/Sayfalar/Yetki_Yonetimi/Kural_Tanimlama/Kapat' located by 'By.cssSelector: #departmentRule span' in '30' second(s)

2021-11-23 09:55:31 - [MESSAGE][INFO] - Smart Wait Function is triggered

2021-11-23 09:55:32 - [MESSAGE][INFO] - Found 1 web elements with id: 'Object Repository/Sayfalar/Yetki_Yonetimi/Kural_Tanimlama/Kapat' located by 'By.cssSelector: #departmentRule span' in '30' second(s)

2021-11-23 09:55:32 - [MESSAGE][INFO] - Clicking on object: 'Object Repository/Sayfalar/Yetki_Yonetimi/Kural_Tanimlama/Kapat'

2021-11-23 09:55:32 - [MESSAGE][PASSED] - Object: 'Object Repository/Sayfalar/Yetki_Yonetimi/Kural_Tanimlama/Kapat' is clicked on

2021-11-23 09:55:32 - [MESSAGE][PASSED] - Call Test Case 'Test Cases/Sayfalar/Yetki_Yonetimi/KuralTanimlanir' successfully

2021-11-23 09:55:32 - [MESSAGE][INFO] - Checking called Test Case

2021-11-23 09:55:32 - [MESSAGE][INFO] - Starting to call Test Case 'Test Cases/Kullanici_Islemleri/KullaniciIslemlerindenSecimYapilir'

2021-11-23 09:55:32 - [TEST_CASE][PASSED] - Test Cases/Kullanici_Islemleri/KullaniciIslemlerindenSecimYapilir: Test Cases/Kullanici_Islemleri/KullaniciIslemlerindenSecimYapilir

2021-11-23 09:55:32 - [TEST_STEP][PASSED] - waitForElementClickable(findTestObject("Object Repository/Kullanici_Islemleri/KullaniciIslemleri"), 10): Object 'Object Repository/Kullanici_Islemleri/KullaniciIslemleri' is clickable

2021-11-23 09:55:32 - [MESSAGE][INFO] - Finding Test Object 'Object Repository/Kullanici_Islemleri/KullaniciIslemleri'

2021-11-23 09:55:32 - [MESSAGE][INFO] - Checking object

2021-11-23 09:55:32 - [MESSAGE][INFO] - Checking timeout

2021-11-23 09:55:32 - [MESSAGE][INFO] - Finding web element from Test Object's properties

2021-11-23 09:55:32 - [MESSAGE][INFO] - Checking timeout

2021-11-23 09:55:32 - [MESSAGE][INFO] - Finding web element with id: 'Object Repository/Kullanici_Islemleri/KullaniciIslemleri' located by 'By.cssSelector: .dropdown>a>img' in '10' second(s)

2021-11-23 09:55:32 - [MESSAGE][INFO] - Smart Wait Function is triggered

2021-11-23 09:55:32 - [MESSAGE][INFO] - Found 1 web elements with id: 'Object Repository/Kullanici_Islemleri/KullaniciIslemleri' located by 'By.cssSelector: .dropdown>a>img' in '10' second(s)

2021-11-23 09:55:32 - [MESSAGE][PASSED] - Object 'Object Repository/Kullanici_Islemleri/KullaniciIslemleri' is clickable

2021-11-23 09:55:32 - [TEST_STEP][PASSED] - click(findTestObject("Object Repository/Kullanici_Islemleri/KullaniciIslemleri")): Object: 'Object Repository/Kullanici_Islemleri/KullaniciIslemleri' is clicked on

2021-11-23 09:55:32 - [MESSAGE][INFO] - Finding Test Object 'Object Repository/Kullanici_Islemleri/KullaniciIslemleri'

2021-11-23 09:55:32 - [MESSAGE][INFO] - Checking object

2021-11-23 09:55:32 - [MESSAGE][INFO] - Finding web element from Test Object's properties

2021-11-23 09:55:32 - [MESSAGE][INFO] - Checking timeout

2021-11-23 09:55:32 - [MESSAGE][INFO] - Finding web element with id: 'Object Repository/Kullanici_Islemleri/KullaniciIslemleri' located by 'By.cssSelector: .dropdown>a>img' in '30' second(s)

2021-11-23 09:55:32 - [MESSAGE][INFO] - Smart Wait Function is triggered

2021-11-23 09:55:33 - [MESSAGE][INFO] - Found 1 web elements with id: 'Object Repository/Kullanici_Islemleri/KullaniciIslemleri' located by 'By.cssSelector: .dropdown>a>img' in '30' second(s)

2021-11-23 09:55:33 - [MESSAGE][INFO] - Clicking on object: 'Object Repository/Kullanici_Islemleri/KullaniciIslemleri'

2021-11-23 09:55:33 - [MESSAGE][PASSED] - Object: 'Object Repository/Kullanici_Islemleri/KullaniciIslemleri' is clicked on

2021-11-23 09:55:33 - [TEST_STEP][PASSED] - Method.TextDegerineEsitElementeTikla(findTestObject("Object Repository/Kullanici_Islemleri/Secenekler"), Islem): Method.TextDegerineEsitElementeTikla is PASSED

2021-11-23 09:55:33 - [MESSAGE][INFO] - Finding Test Object 'Object Repository/Kullanici_Islemleri/Secenekler'

2021-11-23 09:55:33 - [MESSAGE][INFO] - Checking timeout

2021-11-23 09:55:33 - [MESSAGE][INFO] - Finding web element with id: 'Object Repository/Kullanici_Islemleri/Secenekler' located by 'By.cssSelector: .nav.navbar-nav.navbar-right li a' in '10' second(s)

2021-11-23 09:55:33 - [MESSAGE][INFO] - Smart Wait Function is triggered

2021-11-23 09:55:33 - [MESSAGE][INFO] - Found 22 web elements with id: 'Object Repository/Kullanici_Islemleri/Secenekler' located by 'By.cssSelector: .nav.navbar-nav.navbar-right li a' in '10' second(s)

2021-11-23 09:55:34 - [MESSAGE][PASSED] - Method.TextDegerineEsitElementeTikla is PASSED

2021-11-23 09:55:34 - [TEST_STEP][PASSED] - verifyElementNotPresent(findTestObject("Object Repository/Kullanici_Islemleri/Secenekler"), 10): Web element with id: 'Object Repository/Kullanici_Islemleri/Secenekler' located by 'By.cssSelector: .nav.navbar-nav.navbar-right li a' is not present after '10' second(s)

2021-11-23 09:55:34 - [MESSAGE][INFO] - Finding Test Object 'Object Repository/Kullanici_Islemleri/Secenekler'

2021-11-23 09:55:34 - [MESSAGE][INFO] - Checking object

2021-11-23 09:55:34 - [MESSAGE][INFO] - Checking timeout

2021-11-23 09:55:34 - [MESSAGE][INFO] - Finding web element with id: 'Object Repository/Kullanici_Islemleri/Secenekler' located by 'By.cssSelector: .nav.navbar-nav.navbar-right li a' in '10' second(s)

2021-11-23 09:55:34 - [MESSAGE][INFO] - Smart Wait Function is triggered

2021-11-23 09:55:35 - [MESSAGE][PASSED] - Web element with id: 'Object Repository/Kullanici_Islemleri/Secenekler' located by 'By.cssSelector: .nav.navbar-nav.navbar-right li a' is not present after '10' second(s)

2021-11-23 09:55:35 - [MESSAGE][PASSED] - Call Test Case 'Test Cases/Kullanici_Islemleri/KullaniciIslemlerindenSecimYapilir' successfully

2021-11-23 09:55:35 - [TEST_CASE][PASSED] - Start Test Case : SCENARIO Kural tanimlama: SCENARIO Kural tanimlama

2021-11-23 09:55:35 - [TEST_STEP][PASSED] - Kullanıcı adı ELOGO6 ve Şifre 123456 olarak giriş yapılır: Kullanıcı adı ELOGO6 ve Şifre 123456 olarak giriş yapılır

2021-11-23 09:55:35 - [MESSAGE][PASSED] - Kullanıcı adı ELOGO6 ve Şifre 123456 olarak giriş yapılır

2021-11-23 09:55:35 - [TEST_STEP][PASSED] - Ana menüden Firma Yönetimi seçilir: Ana menüden Firma Yönetimi seçilir

2021-11-23 09:55:35 - [MESSAGE][PASSED] - Ana menüden Firma Yönetimi seçilir

2021-11-23 09:55:35 - [TEST_STEP][PASSED] - Alt menüden Yetki Yönetimi seçilir: Alt menüden Yetki Yönetimi seçilir

2021-11-23 09:55:35 - [MESSAGE][PASSED] - Alt menüden Yetki Yönetimi seçilir

2021-11-23 09:55:35 - [TEST_STEP][PASSED] - Sekmelerden Departman Tanımları seçilir: Sekmelerden Departman Tanımları seçilir

2021-11-23 09:55:35 - [MESSAGE][PASSED] - Sekmelerden Departman Tanımları seçilir

2021-11-23 09:55:35 - [TEST_STEP][PASSED] - Filtre butonlarından Listele seçilir: Filtre butonlarından Listele seçilir

2021-11-23 09:55:35 - [MESSAGE][PASSED] - Filtre butonlarından Listele seçilir

2021-11-23 09:55:35 - [TEST_STEP][PASSED] - Tabloda veri var mı kontrol edilir: Tabloda veri var mı kontrol edilir

2021-11-23 09:55:35 - [MESSAGE][PASSED] - Tabloda veri var mı kontrol edilir

2021-11-23 09:55:35 - [TEST_STEP][PASSED] - Tablodan VirgosolDepartman isimli veri seçilir: Tablodan VirgosolDepartman isimli veri seçilir

2021-11-23 09:55:35 - [MESSAGE][PASSED] - Tablodan VirgosolDepartman isimli veri seçilir

2021-11-23 09:55:35 - [TEST_STEP][PASSED] - Butonlardan Kural Tanımla isimli butona tıklanır: Butonlardan Kural Tanımla isimli butona tıklanır

2021-11-23 09:55:35 - [MESSAGE][PASSED] - Butonlardan Kural Tanımla isimli butona tıklanır

2021-11-23 09:55:35 - [TEST_STEP][PASSED] - Kural olarak e-Fatura,Giden,Tümü için Yetkili,,,,Mail Gönderilsin girilir: Kural olarak e-Fatura,Giden,Tümü için Yetkili,,,,Mail Gönderilsin girilir

2021-11-23 09:55:35 - [MESSAGE][PASSED] - Kural olarak e-Fatura,Giden,Tümü için Yetkili,,,,Mail Gönderilsin girilir

2021-11-23 09:55:35 - [TEST_STEP][PASSED] - Kullanıcı işlemlerinden Çıkış seçilir: Kullanıcı işlemlerinden Çıkış seçilir

2021-11-23 09:55:35 - [MESSAGE][PASSED] - Kullanıcı işlemlerinden Çıkış seçilir

2021-11-23 09:55:35 - [MESSAGE][PASSED] - Feature file: 'Include/features/Firma Yonetimi/Yetki Yonetimi/Departman Tanimlari/Kural Tanimla/Kural Ekle.feature' was passed

2021-11-23 09:55:35 - [TEST_STEP][PASSED] - Start listener action : sampleAfterTestSuite: Invoke 'com.kms.katalon.core.annotation.AfterTestCase' method: 'Listener.sampleAfterTestSuite(...)' completed.

2021-11-23 09:55:35 - [MESSAGE][INFO] - Starting invoke 'com.kms.katalon.core.annotation.AfterTestCase' method: 'Listener.sampleAfterTestSuite(...)'

2021-11-23 09:55:35 - [TEST_STEP][PASSED] - closeBrowser(): Invoke 'com.kms.katalon.core.annotation.AfterTestCase' method: 'Listener.sampleAfterTestSuite(...)' completed.

2021-11-23 09:55:35 - [MESSAGE][INFO] - Closing browser

2021-11-23 09:55:35 - [MESSAGE][PASSED] - Browser is closed

2021-11-23 09:55:35 - [MESSAGE][INFO] - Invoke 'com.kms.katalon.core.annotation.AfterTestCase' method: 'Listener.sampleAfterTestSuite(...)' completed.]]></system-out>
         <system-err><![CDATA[]]></system-err>
      </testcase>
      <testcase name="Test Cases/Case Repository/Firma Yonetimi/Yetki Yonetimi/Departman Tanimlari/Kural Tanimla/Kural Sil" time="29.336" classname="Test Cases/Case Repository/Firma Yonetimi/Yetki Yonetimi/Departman Tanimlari/Kural Tanimla/Kural Sil" status="PASSED">
         <system-out><![CDATA[2021-11-23 09:55:35 - [TEST_CASE][PASSED] - Test Cases/Case Repository/Firma Yonetimi/Yetki Yonetimi/Departman Tanimlari/Kural Tanimla/Kural Sil: Test Cases/Case Repository/Firma Yonetimi/Yetki Yonetimi/Departman Tanimlari/Kural Tanimla/Kural Sil

2021-11-23 09:55:35 - [TEST_STEP][PASSED] - Start listener action : sampleBeforeTestSuite: Invoke 'com.kms.katalon.core.annotation.BeforeTestCase' method: 'Listener.sampleBeforeTestSuite(...)' completed.

2021-11-23 09:55:35 - [MESSAGE][INFO] - Starting invoke 'com.kms.katalon.core.annotation.BeforeTestCase' method: 'Listener.sampleBeforeTestSuite(...)'

2021-11-23 09:55:35 - [TEST_STEP][PASSED] - openBrowser(baseUrl): Browser is opened with url: 'https://efatura-stage.elogo.com.tr/'

2021-11-23 09:55:36 - [MESSAGE][INFO] - Opening browser

2021-11-23 09:55:36 - [MESSAGE][INFO] - Starting 'Chrome' driver

2021-11-23 09:55:36 - [MESSAGE][INFO] - User set preference: ['prefs', '{download.default_directory=C:\otomasyondownfiles}']

2021-11-23 09:55:36 - [MESSAGE][INFO] - Action delay is set to 0 milliseconds

2021-11-23 09:55:37 - [MESSAGE][INFO] - Navigating browser to: 'https://efatura-stage.elogo.com.tr/'

2021-11-23 09:55:39 - [MESSAGE][PASSED] - Browser is opened with url: 'https://efatura-stage.elogo.com.tr/'

2021-11-23 09:55:39 - [TEST_STEP][PASSED] - maximizeWindow(): Invoke 'com.kms.katalon.core.annotation.BeforeTestCase' method: 'Listener.sampleBeforeTestSuite(...)' completed.

2021-11-23 09:55:39 - [MESSAGE][INFO] - Maximizing current window

2021-11-23 09:55:39 - [MESSAGE][PASSED] - Current window maximized

2021-11-23 09:55:39 - [MESSAGE][INFO] - Invoke 'com.kms.katalon.core.annotation.BeforeTestCase' method: 'Listener.sampleBeforeTestSuite(...)' completed.

2021-11-23 09:55:40 - [TEST_STEP][PASSED] - runFeatureFile("Include/features/Firma Yonetimi/Yetki Yonetimi/Departman Tanimlari/Kural Tanimla/Kural Sil.feature"): Feature file: 'Include/features/Firma Yonetimi/Yetki Yonetimi/Departman Tanimlari/Kural Tanimla/Kural Sil.feature' was passed

2021-11-23 09:55:40 - [MESSAGE][INFO] - Starting run keyword runFeatureFile: 'Include/features/Firma Yonetimi/Yetki Yonetimi/Departman Tanimlari/Kural Tanimla/Kural Sil.feature' and extract report to folder: 'C:\Users\DELL\Documents\GitHub\EES_KatalonLogo\Reports\20211123_091110\Suite Repository\Firma_Yonetimi\20211123_091222/cucumber_report/1637650540322'...

2021-11-23 09:55:40 - [MESSAGE][INFO] - Glue: []

2021-11-23 09:55:42 - [MESSAGE][INFO] - Checking called Test Case

2021-11-23 09:55:42 - [MESSAGE][INFO] - Starting to call Test Case 'Test Cases/Sayfalar/Giris_Sayfasi/Login'

2021-11-23 09:55:42 - [TEST_CASE][PASSED] - Test Cases/Sayfalar/Giris_Sayfasi/Login: Test Cases/Sayfalar/Giris_Sayfasi/Login

2021-11-23 09:55:42 - [TEST_STEP][PASSED] - Sayfa_Basligi = getWindowTitle(): Current window's title is: 'LOGO e-Fatura'

2021-11-23 09:55:42 - [MESSAGE][INFO] - Getting current window's title

2021-11-23 09:55:42 - [MESSAGE][PASSED] - Current window's title is: 'LOGO e-Fatura'

2021-11-23 09:55:42 - [TEST_STEP][PASSED] - verifyMatch(Sayfa_Basligi, "LOGO e-Fatura", false): Actual text 'LOGO e-Fatura' and expected text 'LOGO e-Fatura' are matched 

2021-11-23 09:55:42 - [MESSAGE][INFO] - Matching actual text 'LOGO e-Fatura' with expected text 'LOGO e-Fatura'

2021-11-23 09:55:42 - [MESSAGE][PASSED] - Actual text 'LOGO e-Fatura' and expected text 'LOGO e-Fatura' are matched 

2021-11-23 09:55:42 - [TEST_STEP][PASSED] - sendKeys(findTestObject("Sayfalar/Giris_Sayfasi/Firma_Kodu"), KullaniciAdi): Keys 'ELOGO6' sent to object: 'Object Repository/Sayfalar/Giris_Sayfasi/Firma_Kodu'

2021-11-23 09:55:42 - [MESSAGE][INFO] - Finding Test Object 'Object Repository/Sayfalar/Giris_Sayfasi/Firma_Kodu'

2021-11-23 09:55:42 - [MESSAGE][INFO] - Sending keys 'ELOGO6' to object: 'Object Repository/Sayfalar/Giris_Sayfasi/Firma_Kodu'

2021-11-23 09:55:42 - [MESSAGE][INFO] - Finding web element from Test Object's properties

2021-11-23 09:55:42 - [MESSAGE][INFO] - Checking timeout

2021-11-23 09:55:42 - [MESSAGE][INFO] - Finding web element with id: 'Object Repository/Sayfalar/Giris_Sayfasi/Firma_Kodu' located by 'By.xpath: //*[@id = 'AccountName']' in '30' second(s)

2021-11-23 09:55:42 - [MESSAGE][INFO] - Smart Wait Function is triggered

2021-11-23 09:55:42 - [MESSAGE][INFO] - Found 1 web elements with id: 'Object Repository/Sayfalar/Giris_Sayfasi/Firma_Kodu' located by 'By.xpath: //*[@id = 'AccountName']' in '30' second(s)

2021-11-23 09:55:43 - [MESSAGE][PASSED] - Keys 'ELOGO6' sent to object: 'Object Repository/Sayfalar/Giris_Sayfasi/Firma_Kodu'

2021-11-23 09:55:43 - [TEST_STEP][PASSED] - sendKeys(findTestObject("Sayfalar/Giris_Sayfasi/Sifre"), Sifre): Keys '123456' sent to object: 'Object Repository/Sayfalar/Giris_Sayfasi/Sifre'

2021-11-23 09:55:43 - [MESSAGE][INFO] - Finding Test Object 'Object Repository/Sayfalar/Giris_Sayfasi/Sifre'

2021-11-23 09:55:43 - [MESSAGE][INFO] - Sending keys '123456' to object: 'Object Repository/Sayfalar/Giris_Sayfasi/Sifre'

2021-11-23 09:55:43 - [MESSAGE][INFO] - Finding web element from Test Object's properties

2021-11-23 09:55:43 - [MESSAGE][INFO] - Checking timeout

2021-11-23 09:55:43 - [MESSAGE][INFO] - Finding web element with id: 'Object Repository/Sayfalar/Giris_Sayfasi/Sifre' located by 'By.xpath: //*[@id = 'Password']' in '30' second(s)

2021-11-23 09:55:43 - [MESSAGE][INFO] - Smart Wait Function is triggered

2021-11-23 09:55:43 - [MESSAGE][INFO] - Found 1 web elements with id: 'Object Repository/Sayfalar/Giris_Sayfasi/Sifre' located by 'By.xpath: //*[@id = 'Password']' in '30' second(s)

2021-11-23 09:55:43 - [MESSAGE][PASSED] - Keys '123456' sent to object: 'Object Repository/Sayfalar/Giris_Sayfasi/Sifre'

2021-11-23 09:55:43 - [TEST_STEP][PASSED] - findWebElement(findTestObject("Sayfalar/Giris_Sayfasi/Giris_Butonu")).click(): Found 1 web elements with id: 'Object Repository/Sayfalar/Giris_Sayfasi/Giris_Butonu' located by 'By.cssSelector: #btnLogin' in '30' second(s)

2021-11-23 09:55:43 - [MESSAGE][INFO] - Finding Test Object 'Object Repository/Sayfalar/Giris_Sayfasi/Giris_Butonu'

2021-11-23 09:55:43 - [MESSAGE][INFO] - Finding web element from Test Object's properties

2021-11-23 09:55:43 - [MESSAGE][INFO] - Checking timeout

2021-11-23 09:55:43 - [MESSAGE][INFO] - Finding web element with id: 'Object Repository/Sayfalar/Giris_Sayfasi/Giris_Butonu' located by 'By.cssSelector: #btnLogin' in '30' second(s)

2021-11-23 09:55:43 - [MESSAGE][INFO] - Smart Wait Function is triggered

2021-11-23 09:55:43 - [MESSAGE][INFO] - Found 1 web elements with id: 'Object Repository/Sayfalar/Giris_Sayfasi/Giris_Butonu' located by 'By.cssSelector: #btnLogin' in '30' second(s)

2021-11-23 09:55:46 - [TEST_STEP][PASSED] - if (verifyElementPresent(findTestObject("Object Repository/Sayfalar/Giris_Sayfasi/RetveTamam_Butonu"), 5, OPTIONAL)): null

2021-11-23 09:55:46 - [MESSAGE][INFO] - Finding Test Object 'Object Repository/Sayfalar/Giris_Sayfasi/RetveTamam_Butonu'

2021-11-23 09:55:46 - [MESSAGE][INFO] - Checking object

2021-11-23 09:55:46 - [MESSAGE][INFO] - Finding web element from Test Object's properties

2021-11-23 09:55:46 - [MESSAGE][INFO] - Checking timeout

2021-11-23 09:55:46 - [MESSAGE][INFO] - Finding web element with id: 'Object Repository/Sayfalar/Giris_Sayfasi/RetveTamam_Butonu' located by 'By.xpath: //*[@class = 'btn btn-default']' in '5' second(s)

2021-11-23 09:55:46 - [MESSAGE][INFO] - Smart Wait Function is triggered

2021-11-23 09:55:46 - [MESSAGE][INFO] - Found 1 web elements with id: 'Object Repository/Sayfalar/Giris_Sayfasi/RetveTamam_Butonu' located by 'By.xpath: //*[@class = 'btn btn-default']' in '5' second(s)

2021-11-23 09:55:46 - [MESSAGE][PASSED] - Object 'Object Repository/Sayfalar/Giris_Sayfasi/RetveTamam_Butonu' is present

2021-11-23 09:55:46 - [TEST_STEP][PASSED] - click(findTestObject("Object Repository/Sayfalar/Giris_Sayfasi/RetveTamam_Butonu")): Object: 'Object Repository/Sayfalar/Giris_Sayfasi/RetveTamam_Butonu' is clicked on

2021-11-23 09:55:46 - [MESSAGE][INFO] - Finding Test Object 'Object Repository/Sayfalar/Giris_Sayfasi/RetveTamam_Butonu'

2021-11-23 09:55:46 - [MESSAGE][INFO] - Checking object

2021-11-23 09:55:46 - [MESSAGE][INFO] - Finding web element from Test Object's properties

2021-11-23 09:55:46 - [MESSAGE][INFO] - Checking timeout

2021-11-23 09:55:46 - [MESSAGE][INFO] - Finding web element with id: 'Object Repository/Sayfalar/Giris_Sayfasi/RetveTamam_Butonu' located by 'By.xpath: //*[@class = 'btn btn-default']' in '30' second(s)

2021-11-23 09:55:46 - [MESSAGE][INFO] - Smart Wait Function is triggered

2021-11-23 09:55:47 - [MESSAGE][INFO] - Found 1 web elements with id: 'Object Repository/Sayfalar/Giris_Sayfasi/RetveTamam_Butonu' located by 'By.xpath: //*[@class = 'btn btn-default']' in '30' second(s)

2021-11-23 09:55:47 - [MESSAGE][INFO] - Clicking on object: 'Object Repository/Sayfalar/Giris_Sayfasi/RetveTamam_Butonu'

2021-11-23 09:55:47 - [MESSAGE][PASSED] - Object: 'Object Repository/Sayfalar/Giris_Sayfasi/RetveTamam_Butonu' is clicked on

2021-11-23 09:55:47 - [TEST_STEP][PASSED] - click(findTestObject("Object Repository/Sayfalar/Giris_Sayfasi/RetveTamam_Butonu")): Object: 'Object Repository/Sayfalar/Giris_Sayfasi/RetveTamam_Butonu' is clicked on

2021-11-23 09:55:47 - [MESSAGE][INFO] - Finding Test Object 'Object Repository/Sayfalar/Giris_Sayfasi/RetveTamam_Butonu'

2021-11-23 09:55:47 - [MESSAGE][INFO] - Checking object

2021-11-23 09:55:47 - [MESSAGE][INFO] - Finding web element from Test Object's properties

2021-11-23 09:55:47 - [MESSAGE][INFO] - Checking timeout

2021-11-23 09:55:47 - [MESSAGE][INFO] - Finding web element with id: 'Object Repository/Sayfalar/Giris_Sayfasi/RetveTamam_Butonu' located by 'By.xpath: //*[@class = 'btn btn-default']' in '30' second(s)

2021-11-23 09:55:47 - [MESSAGE][INFO] - Smart Wait Function is triggered

2021-11-23 09:55:50 - [MESSAGE][INFO] - Found 1 web elements with id: 'Object Repository/Sayfalar/Giris_Sayfasi/RetveTamam_Butonu' located by 'By.xpath: //*[@class = 'btn btn-default']' in '30' second(s)

2021-11-23 09:55:50 - [MESSAGE][INFO] - Clicking on object: 'Object Repository/Sayfalar/Giris_Sayfasi/RetveTamam_Butonu'

2021-11-23 09:55:50 - [MESSAGE][PASSED] - Object: 'Object Repository/Sayfalar/Giris_Sayfasi/RetveTamam_Butonu' is clicked on

2021-11-23 09:55:50 - [TEST_STEP][PASSED] - if (verifyElementPresent(findTestObject("Sayfalar/Giris_Sayfasi/PopupOK"), 5, OPTIONAL)): null

2021-11-23 09:55:50 - [MESSAGE][INFO] - Finding Test Object 'Object Repository/Sayfalar/Giris_Sayfasi/PopupOK'

2021-11-23 09:55:50 - [MESSAGE][INFO] - Checking object

2021-11-23 09:55:50 - [MESSAGE][INFO] - Finding web element from Test Object's properties

2021-11-23 09:55:50 - [MESSAGE][INFO] - Checking timeout

2021-11-23 09:55:50 - [MESSAGE][INFO] - Finding web element with id: 'Object Repository/Sayfalar/Giris_Sayfasi/PopupOK' located by 'By.cssSelector: .btn.btn-success' in '5' second(s)

2021-11-23 09:55:50 - [MESSAGE][INFO] - Smart Wait Function is triggered

2021-11-23 09:55:51 - [MESSAGE][INFO] - Found 1 web elements with id: 'Object Repository/Sayfalar/Giris_Sayfasi/PopupOK' located by 'By.cssSelector: .btn.btn-success' in '5' second(s)

2021-11-23 09:55:51 - [MESSAGE][PASSED] - Object 'Object Repository/Sayfalar/Giris_Sayfasi/PopupOK' is present

2021-11-23 09:55:51 - [TEST_STEP][PASSED] - click(findTestObject("Object Repository/Sayfalar/Giris_Sayfasi/PopupCarpiGiris")): Object: 'Object Repository/Sayfalar/Giris_Sayfasi/PopupCarpiGiris' is clicked on

2021-11-23 09:55:51 - [MESSAGE][INFO] - Finding Test Object 'Object Repository/Sayfalar/Giris_Sayfasi/PopupCarpiGiris'

2021-11-23 09:55:51 - [MESSAGE][INFO] - Checking object

2021-11-23 09:55:51 - [MESSAGE][INFO] - Finding web element from Test Object's properties

2021-11-23 09:55:51 - [MESSAGE][INFO] - Checking timeout

2021-11-23 09:55:51 - [MESSAGE][INFO] - Finding web element with id: 'Object Repository/Sayfalar/Giris_Sayfasi/PopupCarpiGiris' located by 'By.cssSelector: .bootbox-close-button.close' in '30' second(s)

2021-11-23 09:55:51 - [MESSAGE][INFO] - Smart Wait Function is triggered

2021-11-23 09:55:51 - [MESSAGE][INFO] - Found 1 web elements with id: 'Object Repository/Sayfalar/Giris_Sayfasi/PopupCarpiGiris' located by 'By.cssSelector: .bootbox-close-button.close' in '30' second(s)

2021-11-23 09:55:51 - [MESSAGE][INFO] - Clicking on object: 'Object Repository/Sayfalar/Giris_Sayfasi/PopupCarpiGiris'

2021-11-23 09:55:51 - [MESSAGE][PASSED] - Object: 'Object Repository/Sayfalar/Giris_Sayfasi/PopupCarpiGiris' is clicked on

2021-11-23 09:55:51 - [TEST_STEP][PASSED] - verifyElementVisible(findTestObject("Object Repository/Kullanici_Islemleri/KullaniciIslemleri")): Object 'Object Repository/Kullanici_Islemleri/KullaniciIslemleri' is visible

2021-11-23 09:55:51 - [MESSAGE][INFO] - Finding Test Object 'Object Repository/Kullanici_Islemleri/KullaniciIslemleri'

2021-11-23 09:55:51 - [MESSAGE][INFO] - Checking object

2021-11-23 09:55:51 - [MESSAGE][INFO] - Finding web element from Test Object's properties

2021-11-23 09:55:51 - [MESSAGE][INFO] - Checking timeout

2021-11-23 09:55:51 - [MESSAGE][INFO] - Finding web element with id: 'Object Repository/Kullanici_Islemleri/KullaniciIslemleri' located by 'By.cssSelector: .dropdown>a>img' in '30' second(s)

2021-11-23 09:55:51 - [MESSAGE][INFO] - Smart Wait Function is triggered

2021-11-23 09:55:52 - [MESSAGE][INFO] - Found 1 web elements with id: 'Object Repository/Kullanici_Islemleri/KullaniciIslemleri' located by 'By.cssSelector: .dropdown>a>img' in '30' second(s)

2021-11-23 09:55:52 - [MESSAGE][PASSED] - Object 'Object Repository/Kullanici_Islemleri/KullaniciIslemleri' is visible

2021-11-23 09:55:52 - [MESSAGE][PASSED] - Call Test Case 'Test Cases/Sayfalar/Giris_Sayfasi/Login' successfully

2021-11-23 09:55:52 - [MESSAGE][INFO] - Checking called Test Case

2021-11-23 09:55:52 - [MESSAGE][INFO] - Starting to call Test Case 'Test Cases/Menu/AnaMenuSecimi'

2021-11-23 09:55:52 - [TEST_CASE][PASSED] - Test Cases/Menu/AnaMenuSecimi: Test Cases/Menu/AnaMenuSecimi

2021-11-23 09:55:52 - [TEST_STEP][PASSED] - Method.TextDegerineEsitElementeTikla(findTestObject("Menu/Ana_Menu"), Ana_Menu): Method.TextDegerineEsitElementeTikla is PASSED

2021-11-23 09:55:52 - [MESSAGE][INFO] - Finding Test Object 'Object Repository/Menu/Ana_Menu'

2021-11-23 09:55:52 - [MESSAGE][INFO] - Checking timeout

2021-11-23 09:55:52 - [MESSAGE][INFO] - Finding web element with id: 'Object Repository/Menu/Ana_Menu' located by 'By.xpath: //*[@class = 'dropdown-toggle']' in '10' second(s)

2021-11-23 09:55:52 - [MESSAGE][INFO] - Smart Wait Function is triggered

2021-11-23 09:55:53 - [MESSAGE][INFO] - Found 14 web elements with id: 'Object Repository/Menu/Ana_Menu' located by 'By.xpath: //*[@class = 'dropdown-toggle']' in '10' second(s)

2021-11-23 09:55:53 - [MESSAGE][PASSED] - Method.TextDegerineEsitElementeTikla is PASSED

2021-11-23 09:55:53 - [MESSAGE][PASSED] - Call Test Case 'Test Cases/Menu/AnaMenuSecimi' successfully

2021-11-23 09:55:53 - [MESSAGE][INFO] - Checking called Test Case

2021-11-23 09:55:53 - [MESSAGE][INFO] - Starting to call Test Case 'Test Cases/Menu/AltMenuSecimi'

2021-11-23 09:55:53 - [TEST_CASE][PASSED] - Test Cases/Menu/AltMenuSecimi: Test Cases/Menu/AltMenuSecimi

2021-11-23 09:55:53 - [TEST_STEP][PASSED] - Method.TextDegerineEsitElementeTikla(findTestObject("Menu/Alt_Menu"), Alt_Menu): Method.TextDegerineEsitElementeTikla is PASSED

2021-11-23 09:55:53 - [MESSAGE][INFO] - Finding Test Object 'Object Repository/Menu/Alt_Menu'

2021-11-23 09:55:53 - [MESSAGE][INFO] - Checking timeout

2021-11-23 09:55:53 - [MESSAGE][INFO] - Finding web element with id: 'Object Repository/Menu/Alt_Menu' located by 'By.xpath: //li[@class='dropdown dropdown-large open']//li[@class='dropdown-element']' in '10' second(s)

2021-11-23 09:55:53 - [MESSAGE][INFO] - Smart Wait Function is triggered

2021-11-23 09:55:53 - [MESSAGE][INFO] - Found 1 web elements with id: 'Object Repository/Menu/Alt_Menu' located by 'By.xpath: //li[@class='dropdown dropdown-large open']//li[@class='dropdown-element']' in '10' second(s)

2021-11-23 09:55:56 - [MESSAGE][PASSED] - Method.TextDegerineEsitElementeTikla is PASSED

2021-11-23 09:55:56 - [MESSAGE][PASSED] - Call Test Case 'Test Cases/Menu/AltMenuSecimi' successfully

2021-11-23 09:55:56 - [MESSAGE][INFO] - Checking called Test Case

2021-11-23 09:55:56 - [MESSAGE][INFO] - Starting to call Test Case 'Test Cases/Sayfalar/Yetki_Yonetimi/SekmeSecilir'

2021-11-23 09:55:56 - [TEST_CASE][PASSED] - Test Cases/Sayfalar/Yetki_Yonetimi/SekmeSecilir: Test Cases/Sayfalar/Yetki_Yonetimi/SekmeSecilir

2021-11-23 09:55:56 - [TEST_STEP][PASSED] - Method.TextDegerineEsitElementeTikla(findTestObject("Object Repository/Sayfalar/Yetki_Yonetimi/Sekmeler"), Sekme): Method.TextDegerineEsitElementeTikla is PASSED

2021-11-23 09:55:56 - [MESSAGE][INFO] - Finding Test Object 'Object Repository/Sayfalar/Yetki_Yonetimi/Sekmeler'

2021-11-23 09:55:56 - [MESSAGE][INFO] - Checking timeout

2021-11-23 09:55:56 - [MESSAGE][INFO] - Finding web element with id: 'Object Repository/Sayfalar/Yetki_Yonetimi/Sekmeler' located by 'By.cssSelector: #pcFeatures_TC>li[class="dxtc-tab"] span,#pcFeatures_TC>li[class="dxtc-activeTab dxtc-lead"] span' in '10' second(s)

2021-11-23 09:55:56 - [MESSAGE][INFO] - Smart Wait Function is triggered

2021-11-23 09:55:56 - [MESSAGE][INFO] - Found 3 web elements with id: 'Object Repository/Sayfalar/Yetki_Yonetimi/Sekmeler' located by 'By.cssSelector: #pcFeatures_TC>li[class="dxtc-tab"] span,#pcFeatures_TC>li[class="dxtc-activeTab dxtc-lead"] span' in '10' second(s)

2021-11-23 09:55:56 - [MESSAGE][PASSED] - Method.TextDegerineEsitElementeTikla is PASSED

2021-11-23 09:55:56 - [MESSAGE][PASSED] - Call Test Case 'Test Cases/Sayfalar/Yetki_Yonetimi/SekmeSecilir' successfully

2021-11-23 09:55:56 - [MESSAGE][INFO] - Checking called Test Case

2021-11-23 09:55:56 - [MESSAGE][INFO] - Starting to call Test Case 'Test Cases/Filtreler/ButonaTikla'

2021-11-23 09:55:56 - [TEST_CASE][PASSED] - Test Cases/Filtreler/ButonaTikla: Test Cases/Filtreler/ButonaTikla

2021-11-23 09:55:56 - [TEST_STEP][PASSED] - Method.TextDegerineEsitElementeTikla(findTestObject("Filtreler/Butonlar"), Filtre_Buton): Method.TextDegerineEsitElementeTikla is PASSED

2021-11-23 09:55:56 - [MESSAGE][INFO] - Finding Test Object 'Object Repository/Filtreler/Butonlar'

2021-11-23 09:55:57 - [MESSAGE][INFO] - Checking timeout

2021-11-23 09:55:57 - [MESSAGE][INFO] - Finding web element with id: 'Object Repository/Filtreler/Butonlar' located by 'By.cssSelector: .dxb>span' in '10' second(s)

2021-11-23 09:55:57 - [MESSAGE][INFO] - Smart Wait Function is triggered

2021-11-23 09:55:57 - [MESSAGE][INFO] - Found 6 web elements with id: 'Object Repository/Filtreler/Butonlar' located by 'By.cssSelector: .dxb>span' in '10' second(s)

2021-11-23 09:55:57 - [MESSAGE][PASSED] - Method.TextDegerineEsitElementeTikla is PASSED

2021-11-23 09:55:57 - [MESSAGE][PASSED] - Call Test Case 'Test Cases/Filtreler/ButonaTikla' successfully

2021-11-23 09:55:57 - [MESSAGE][INFO] - Checking called Test Case

2021-11-23 09:55:57 - [MESSAGE][INFO] - Starting to call Test Case 'Test Cases/Tablo/TablodaVeriVarMi'

2021-11-23 09:55:57 - [TEST_CASE][PASSED] - Test Cases/Tablo/TablodaVeriVarMi: Test Cases/Tablo/TablodaVeriVarMi

2021-11-23 09:55:57 - [TEST_STEP][PASSED] - verifyTextNotPresent("Görüntülenecek veri yok", true): Text 'Görüntülenecek veri yok' is not present on page using regular expression

2021-11-23 09:55:57 - [MESSAGE][INFO] - Checking text present  using regular expression

2021-11-23 09:55:57 - [MESSAGE][INFO] - Smart Wait Function is triggered

2021-11-23 09:55:58 - [MESSAGE][INFO] - Finding text 'Görüntülenecek veri yok' on page  using regular expression

2021-11-23 09:55:58 - [MESSAGE][PASSED] - Text 'Görüntülenecek veri yok' is not present on page using regular expression

2021-11-23 09:55:58 - [MESSAGE][PASSED] - Call Test Case 'Test Cases/Tablo/TablodaVeriVarMi' successfully

2021-11-23 09:55:58 - [MESSAGE][INFO] - Checking called Test Case

2021-11-23 09:55:58 - [MESSAGE][INFO] - Starting to call Test Case 'Test Cases/Tablo/TablodanVeriSec'

2021-11-23 09:55:58 - [TEST_CASE][PASSED] - Test Cases/Tablo/TablodanVeriSec: Test Cases/Tablo/TablodanVeriSec

2021-11-23 09:55:58 - [TEST_STEP][PASSED] - Method.TextDegerineEsitElementinAltindakineTikla(findTestObject("Tablo/Veriler"), findTestObject("Tablo/VerininCheckBoxi"), Veri_Adi): Method.TextDegerineEsitElementinAltindakineTikla is PASSED

2021-11-23 09:55:58 - [MESSAGE][INFO] - Finding Test Object 'Object Repository/Tablo/Veriler'

2021-11-23 09:55:58 - [MESSAGE][INFO] - Finding Test Object 'Object Repository/Tablo/VerininCheckBoxi'

2021-11-23 09:55:58 - [MESSAGE][INFO] - Checking timeout

2021-11-23 09:55:58 - [MESSAGE][INFO] - Finding web element with id: 'Object Repository/Tablo/Veriler' located by 'By.cssSelector: td.dxgv b ,td.dxgv' in '10' second(s)

2021-11-23 09:55:58 - [MESSAGE][INFO] - Smart Wait Function is triggered

2021-11-23 09:55:58 - [MESSAGE][INFO] - Found 22 web elements with id: 'Object Repository/Tablo/Veriler' located by 'By.cssSelector: td.dxgv b ,td.dxgv' in '10' second(s)

2021-11-23 09:55:58 - [MESSAGE][INFO] - Smart Wait Function is triggered

2021-11-23 09:55:58 - [MESSAGE][PASSED] - Method.TextDegerineEsitElementinAltindakineTikla is PASSED

2021-11-23 09:55:58 - [MESSAGE][PASSED] - Call Test Case 'Test Cases/Tablo/TablodanVeriSec' successfully

2021-11-23 09:55:58 - [MESSAGE][INFO] - Checking called Test Case

2021-11-23 09:55:58 - [MESSAGE][INFO] - Starting to call Test Case 'Test Cases/Butonlar/ButonaTikla'

2021-11-23 09:55:59 - [TEST_CASE][PASSED] - Test Cases/Butonlar/ButonaTikla: Test Cases/Butonlar/ButonaTikla

2021-11-23 09:55:59 - [TEST_STEP][PASSED] - Method.TextDegerineEsitElementeTiklaEquals(findTestObject("Butonlar/Butonlar"), Buton_Adi): Method.TextDegerineEsitElementeTiklaEquals is PASSED

2021-11-23 09:55:59 - [MESSAGE][INFO] - Finding Test Object 'Object Repository/Butonlar/Butonlar'

2021-11-23 09:55:59 - [MESSAGE][INFO] - Checking timeout

2021-11-23 09:55:59 - [MESSAGE][INFO] - Finding web element with id: 'Object Repository/Butonlar/Butonlar' located by 'By.cssSelector: .panel.panel-default.text-center.footerPanel .btn,.btn.btn-primary.btnControls' in '10' second(s)

2021-11-23 09:55:59 - [MESSAGE][INFO] - Smart Wait Function is triggered

2021-11-23 09:55:59 - [MESSAGE][INFO] - Found 12 web elements with id: 'Object Repository/Butonlar/Butonlar' located by 'By.cssSelector: .panel.panel-default.text-center.footerPanel .btn,.btn.btn-primary.btnControls' in '10' second(s)

2021-11-23 09:55:59 - [MESSAGE][PASSED] - Method.TextDegerineEsitElementeTiklaEquals is PASSED

2021-11-23 09:55:59 - [MESSAGE][PASSED] - Call Test Case 'Test Cases/Butonlar/ButonaTikla' successfully

2021-11-23 09:56:00 - [MESSAGE][INFO] - Checking called Test Case

2021-11-23 09:56:00 - [MESSAGE][INFO] - Starting to call Test Case 'Test Cases/Sayfalar/Yetki_Yonetimi/KuralSilinir'

2021-11-23 09:56:00 - [TEST_CASE][PASSED] - Test Cases/Sayfalar/Yetki_Yonetimi/KuralSilinir: Test Cases/Sayfalar/Yetki_Yonetimi/KuralSilinir

2021-11-23 09:56:00 - [TEST_STEP][PASSED] - switchToFrame(findTestObject("Object Repository/Sayfalar/Yetki_Yonetimi/Kural_Tanimlama/frame"), 10): Switched to iframe: 'Object Repository/Sayfalar/Yetki_Yonetimi/Kural_Tanimlama/frame'

2021-11-23 09:56:00 - [MESSAGE][INFO] - Finding Test Object 'Object Repository/Sayfalar/Yetki_Yonetimi/Kural_Tanimlama/frame'

2021-11-23 09:56:00 - [MESSAGE][INFO] - Switching to iframe: 'Object Repository/Sayfalar/Yetki_Yonetimi/Kural_Tanimlama/frame'

2021-11-23 09:56:00 - [MESSAGE][INFO] - Finding web element from Test Object's properties

2021-11-23 09:56:00 - [MESSAGE][INFO] - Checking timeout

2021-11-23 09:56:00 - [MESSAGE][INFO] - Finding web element with id: 'Object Repository/Sayfalar/Yetki_Yonetimi/Kural_Tanimlama/frame' located by 'By.xpath: //*[@id = 'departmentruleframe']' in '10' second(s)

2021-11-23 09:56:00 - [MESSAGE][INFO] - Smart Wait Function is triggered

2021-11-23 09:56:00 - [MESSAGE][INFO] - Found 1 web elements with id: 'Object Repository/Sayfalar/Yetki_Yonetimi/Kural_Tanimlama/frame' located by 'By.xpath: //*[@id = 'departmentruleframe']' in '10' second(s)

2021-11-23 09:56:00 - [MESSAGE][INFO] - Switched to iframe: 'Object Repository/Sayfalar/Yetki_Yonetimi/Kural_Tanimlama/frame'

2021-11-23 09:56:00 - [TEST_STEP][PASSED] - waitForElementClickable(findTestObject("Object Repository/Sayfalar/Yetki_Yonetimi/Kural_Tanimlama/sil"), 10): Object 'Object Repository/Sayfalar/Yetki_Yonetimi/Kural_Tanimlama/sil' is clickable

2021-11-23 09:56:00 - [MESSAGE][INFO] - Finding Test Object 'Object Repository/Sayfalar/Yetki_Yonetimi/Kural_Tanimlama/sil'

2021-11-23 09:56:00 - [MESSAGE][INFO] - Checking object

2021-11-23 09:56:00 - [MESSAGE][INFO] - Checking timeout

2021-11-23 09:56:00 - [MESSAGE][INFO] - Finding web element from Test Object's properties

2021-11-23 09:56:00 - [MESSAGE][INFO] - Checking timeout

2021-11-23 09:56:00 - [MESSAGE][INFO] - Finding web element with id: 'Object Repository/Sayfalar/Yetki_Yonetimi/Kural_Tanimlama/sil' located by 'By.cssSelector: .fa.fa-trash-o.fa-lg.text-danger' in '10' second(s)

2021-11-23 09:56:00 - [MESSAGE][INFO] - Smart Wait Function is triggered

2021-11-23 09:56:00 - [MESSAGE][INFO] - Found 1 web elements with id: 'Object Repository/Sayfalar/Yetki_Yonetimi/Kural_Tanimlama/sil' located by 'By.cssSelector: .fa.fa-trash-o.fa-lg.text-danger' in '10' second(s)

2021-11-23 09:56:00 - [MESSAGE][PASSED] - Object 'Object Repository/Sayfalar/Yetki_Yonetimi/Kural_Tanimlama/sil' is clickable

2021-11-23 09:56:00 - [TEST_STEP][PASSED] - click(findTestObject("Object Repository/Sayfalar/Yetki_Yonetimi/Kural_Tanimlama/sil")): Object: 'Object Repository/Sayfalar/Yetki_Yonetimi/Kural_Tanimlama/sil' is clicked on

2021-11-23 09:56:00 - [MESSAGE][INFO] - Finding Test Object 'Object Repository/Sayfalar/Yetki_Yonetimi/Kural_Tanimlama/sil'

2021-11-23 09:56:00 - [MESSAGE][INFO] - Checking object

2021-11-23 09:56:00 - [MESSAGE][INFO] - Finding web element from Test Object's properties

2021-11-23 09:56:00 - [MESSAGE][INFO] - Checking timeout

2021-11-23 09:56:00 - [MESSAGE][INFO] - Finding web element with id: 'Object Repository/Sayfalar/Yetki_Yonetimi/Kural_Tanimlama/sil' located by 'By.cssSelector: .fa.fa-trash-o.fa-lg.text-danger' in '30' second(s)

2021-11-23 09:56:00 - [MESSAGE][INFO] - Smart Wait Function is triggered

2021-11-23 09:56:01 - [MESSAGE][INFO] - Found 1 web elements with id: 'Object Repository/Sayfalar/Yetki_Yonetimi/Kural_Tanimlama/sil' located by 'By.cssSelector: .fa.fa-trash-o.fa-lg.text-danger' in '30' second(s)

2021-11-23 09:56:01 - [MESSAGE][INFO] - Clicking on object: 'Object Repository/Sayfalar/Yetki_Yonetimi/Kural_Tanimlama/sil'

2021-11-23 09:56:01 - [MESSAGE][PASSED] - Object: 'Object Repository/Sayfalar/Yetki_Yonetimi/Kural_Tanimlama/sil' is clicked on

2021-11-23 09:56:01 - [TEST_STEP][PASSED] - switchToDefaultContent(): Switching to default content

2021-11-23 09:56:01 - [MESSAGE][INFO] - Switching to default content

2021-11-23 09:56:01 - [TEST_STEP][PASSED] - waitForElementClickable(findTestObject("Object Repository/Sayfalar/Yetki_Yonetimi/Kural_Tanimlama/Kapat"), 10): Object 'Object Repository/Sayfalar/Yetki_Yonetimi/Kural_Tanimlama/Kapat' is clickable

2021-11-23 09:56:01 - [MESSAGE][INFO] - Finding Test Object 'Object Repository/Sayfalar/Yetki_Yonetimi/Kural_Tanimlama/Kapat'

2021-11-23 09:56:01 - [MESSAGE][INFO] - Checking object

2021-11-23 09:56:01 - [MESSAGE][INFO] - Checking timeout

2021-11-23 09:56:01 - [MESSAGE][INFO] - Finding web element from Test Object's properties

2021-11-23 09:56:01 - [MESSAGE][INFO] - Checking timeout

2021-11-23 09:56:01 - [MESSAGE][INFO] - Finding web element with id: 'Object Repository/Sayfalar/Yetki_Yonetimi/Kural_Tanimlama/Kapat' located by 'By.cssSelector: #departmentRule span' in '10' second(s)

2021-11-23 09:56:01 - [MESSAGE][INFO] - Smart Wait Function is triggered

2021-11-23 09:56:01 - [MESSAGE][INFO] - Found 1 web elements with id: 'Object Repository/Sayfalar/Yetki_Yonetimi/Kural_Tanimlama/Kapat' located by 'By.cssSelector: #departmentRule span' in '10' second(s)

2021-11-23 09:56:01 - [MESSAGE][PASSED] - Object 'Object Repository/Sayfalar/Yetki_Yonetimi/Kural_Tanimlama/Kapat' is clickable

2021-11-23 09:56:01 - [TEST_STEP][PASSED] - click(findTestObject("Object Repository/Sayfalar/Yetki_Yonetimi/Kural_Tanimlama/Kapat")): Object: 'Object Repository/Sayfalar/Yetki_Yonetimi/Kural_Tanimlama/Kapat' is clicked on

2021-11-23 09:56:01 - [MESSAGE][INFO] - Finding Test Object 'Object Repository/Sayfalar/Yetki_Yonetimi/Kural_Tanimlama/Kapat'

2021-11-23 09:56:01 - [MESSAGE][INFO] - Checking object

2021-11-23 09:56:01 - [MESSAGE][INFO] - Finding web element from Test Object's properties

2021-11-23 09:56:01 - [MESSAGE][INFO] - Checking timeout

2021-11-23 09:56:01 - [MESSAGE][INFO] - Finding web element with id: 'Object Repository/Sayfalar/Yetki_Yonetimi/Kural_Tanimlama/Kapat' located by 'By.cssSelector: #departmentRule span' in '30' second(s)

2021-11-23 09:56:01 - [MESSAGE][INFO] - Smart Wait Function is triggered

2021-11-23 09:56:01 - [MESSAGE][INFO] - Found 1 web elements with id: 'Object Repository/Sayfalar/Yetki_Yonetimi/Kural_Tanimlama/Kapat' located by 'By.cssSelector: #departmentRule span' in '30' second(s)

2021-11-23 09:56:01 - [MESSAGE][INFO] - Clicking on object: 'Object Repository/Sayfalar/Yetki_Yonetimi/Kural_Tanimlama/Kapat'

2021-11-23 09:56:01 - [MESSAGE][PASSED] - Object: 'Object Repository/Sayfalar/Yetki_Yonetimi/Kural_Tanimlama/Kapat' is clicked on

2021-11-23 09:56:01 - [MESSAGE][PASSED] - Call Test Case 'Test Cases/Sayfalar/Yetki_Yonetimi/KuralSilinir' successfully

2021-11-23 09:56:01 - [MESSAGE][INFO] - Checking called Test Case

2021-11-23 09:56:01 - [MESSAGE][INFO] - Starting to call Test Case 'Test Cases/Kullanici_Islemleri/KullaniciIslemlerindenSecimYapilir'

2021-11-23 09:56:01 - [TEST_CASE][PASSED] - Test Cases/Kullanici_Islemleri/KullaniciIslemlerindenSecimYapilir: Test Cases/Kullanici_Islemleri/KullaniciIslemlerindenSecimYapilir

2021-11-23 09:56:01 - [TEST_STEP][PASSED] - waitForElementClickable(findTestObject("Object Repository/Kullanici_Islemleri/KullaniciIslemleri"), 10): Object 'Object Repository/Kullanici_Islemleri/KullaniciIslemleri' is clickable

2021-11-23 09:56:01 - [MESSAGE][INFO] - Finding Test Object 'Object Repository/Kullanici_Islemleri/KullaniciIslemleri'

2021-11-23 09:56:02 - [MESSAGE][INFO] - Checking object

2021-11-23 09:56:02 - [MESSAGE][INFO] - Checking timeout

2021-11-23 09:56:02 - [MESSAGE][INFO] - Finding web element from Test Object's properties

2021-11-23 09:56:02 - [MESSAGE][INFO] - Checking timeout

2021-11-23 09:56:02 - [MESSAGE][INFO] - Finding web element with id: 'Object Repository/Kullanici_Islemleri/KullaniciIslemleri' located by 'By.cssSelector: .dropdown>a>img' in '10' second(s)

2021-11-23 09:56:02 - [MESSAGE][INFO] - Smart Wait Function is triggered

2021-11-23 09:56:02 - [MESSAGE][INFO] - Found 1 web elements with id: 'Object Repository/Kullanici_Islemleri/KullaniciIslemleri' located by 'By.cssSelector: .dropdown>a>img' in '10' second(s)

2021-11-23 09:56:02 - [MESSAGE][PASSED] - Object 'Object Repository/Kullanici_Islemleri/KullaniciIslemleri' is clickable

2021-11-23 09:56:02 - [TEST_STEP][PASSED] - click(findTestObject("Object Repository/Kullanici_Islemleri/KullaniciIslemleri")): Object: 'Object Repository/Kullanici_Islemleri/KullaniciIslemleri' is clicked on

2021-11-23 09:56:02 - [MESSAGE][INFO] - Finding Test Object 'Object Repository/Kullanici_Islemleri/KullaniciIslemleri'

2021-11-23 09:56:02 - [MESSAGE][INFO] - Checking object

2021-11-23 09:56:02 - [MESSAGE][INFO] - Finding web element from Test Object's properties

2021-11-23 09:56:02 - [MESSAGE][INFO] - Checking timeout

2021-11-23 09:56:02 - [MESSAGE][INFO] - Finding web element with id: 'Object Repository/Kullanici_Islemleri/KullaniciIslemleri' located by 'By.cssSelector: .dropdown>a>img' in '30' second(s)

2021-11-23 09:56:02 - [MESSAGE][INFO] - Smart Wait Function is triggered

2021-11-23 09:56:02 - [MESSAGE][INFO] - Found 1 web elements with id: 'Object Repository/Kullanici_Islemleri/KullaniciIslemleri' located by 'By.cssSelector: .dropdown>a>img' in '30' second(s)

2021-11-23 09:56:02 - [MESSAGE][INFO] - Clicking on object: 'Object Repository/Kullanici_Islemleri/KullaniciIslemleri'

2021-11-23 09:56:02 - [MESSAGE][PASSED] - Object: 'Object Repository/Kullanici_Islemleri/KullaniciIslemleri' is clicked on

2021-11-23 09:56:02 - [TEST_STEP][PASSED] - Method.TextDegerineEsitElementeTikla(findTestObject("Object Repository/Kullanici_Islemleri/Secenekler"), Islem): Method.TextDegerineEsitElementeTikla is PASSED

2021-11-23 09:56:02 - [MESSAGE][INFO] - Finding Test Object 'Object Repository/Kullanici_Islemleri/Secenekler'

2021-11-23 09:56:02 - [MESSAGE][INFO] - Checking timeout

2021-11-23 09:56:02 - [MESSAGE][INFO] - Finding web element with id: 'Object Repository/Kullanici_Islemleri/Secenekler' located by 'By.cssSelector: .nav.navbar-nav.navbar-right li a' in '10' second(s)

2021-11-23 09:56:02 - [MESSAGE][INFO] - Smart Wait Function is triggered

2021-11-23 09:56:03 - [MESSAGE][INFO] - Found 22 web elements with id: 'Object Repository/Kullanici_Islemleri/Secenekler' located by 'By.cssSelector: .nav.navbar-nav.navbar-right li a' in '10' second(s)

2021-11-23 09:56:04 - [MESSAGE][PASSED] - Method.TextDegerineEsitElementeTikla is PASSED

2021-11-23 09:56:04 - [TEST_STEP][PASSED] - verifyElementNotPresent(findTestObject("Object Repository/Kullanici_Islemleri/Secenekler"), 10): Web element with id: 'Object Repository/Kullanici_Islemleri/Secenekler' located by 'By.cssSelector: .nav.navbar-nav.navbar-right li a' is not present after '10' second(s)

2021-11-23 09:56:04 - [MESSAGE][INFO] - Finding Test Object 'Object Repository/Kullanici_Islemleri/Secenekler'

2021-11-23 09:56:04 - [MESSAGE][INFO] - Checking object

2021-11-23 09:56:04 - [MESSAGE][INFO] - Checking timeout

2021-11-23 09:56:04 - [MESSAGE][INFO] - Finding web element with id: 'Object Repository/Kullanici_Islemleri/Secenekler' located by 'By.cssSelector: .nav.navbar-nav.navbar-right li a' in '10' second(s)

2021-11-23 09:56:04 - [MESSAGE][INFO] - Smart Wait Function is triggered

2021-11-23 09:56:04 - [MESSAGE][PASSED] - Web element with id: 'Object Repository/Kullanici_Islemleri/Secenekler' located by 'By.cssSelector: .nav.navbar-nav.navbar-right li a' is not present after '10' second(s)

2021-11-23 09:56:04 - [MESSAGE][PASSED] - Call Test Case 'Test Cases/Kullanici_Islemleri/KullaniciIslemlerindenSecimYapilir' successfully

2021-11-23 09:56:04 - [TEST_CASE][PASSED] - Start Test Case : SCENARIO Kural silme: SCENARIO Kural silme

2021-11-23 09:56:04 - [TEST_STEP][PASSED] - Kullanıcı adı ELOGO6 ve Şifre 123456 olarak giriş yapılır: Kullanıcı adı ELOGO6 ve Şifre 123456 olarak giriş yapılır

2021-11-23 09:56:04 - [MESSAGE][PASSED] - Kullanıcı adı ELOGO6 ve Şifre 123456 olarak giriş yapılır

2021-11-23 09:56:04 - [TEST_STEP][PASSED] - Ana menüden Firma Yönetimi seçilir: Ana menüden Firma Yönetimi seçilir

2021-11-23 09:56:04 - [MESSAGE][PASSED] - Ana menüden Firma Yönetimi seçilir

2021-11-23 09:56:04 - [TEST_STEP][PASSED] - Alt menüden Yetki Yönetimi seçilir: Alt menüden Yetki Yönetimi seçilir

2021-11-23 09:56:04 - [MESSAGE][PASSED] - Alt menüden Yetki Yönetimi seçilir

2021-11-23 09:56:04 - [TEST_STEP][PASSED] - Sekmelerden Departman Tanımları seçilir: Sekmelerden Departman Tanımları seçilir

2021-11-23 09:56:04 - [MESSAGE][PASSED] - Sekmelerden Departman Tanımları seçilir

2021-11-23 09:56:04 - [TEST_STEP][PASSED] - Filtre butonlarından Listele seçilir: Filtre butonlarından Listele seçilir

2021-11-23 09:56:04 - [MESSAGE][PASSED] - Filtre butonlarından Listele seçilir

2021-11-23 09:56:04 - [TEST_STEP][PASSED] - Tabloda veri var mı kontrol edilir: Tabloda veri var mı kontrol edilir

2021-11-23 09:56:04 - [MESSAGE][PASSED] - Tabloda veri var mı kontrol edilir

2021-11-23 09:56:04 - [TEST_STEP][PASSED] - Tablodan VirgosolDepartman isimli veri seçilir: Tablodan VirgosolDepartman isimli veri seçilir

2021-11-23 09:56:04 - [MESSAGE][PASSED] - Tablodan VirgosolDepartman isimli veri seçilir

2021-11-23 09:56:04 - [TEST_STEP][PASSED] - Butonlardan Kural Tanımla isimli butona tıklanır: Butonlardan Kural Tanımla isimli butona tıklanır

2021-11-23 09:56:04 - [MESSAGE][PASSED] - Butonlardan Kural Tanımla isimli butona tıklanır

2021-11-23 09:56:04 - [TEST_STEP][PASSED] - Kural silinir: Kural silinir

2021-11-23 09:56:04 - [MESSAGE][PASSED] - Kural silinir

2021-11-23 09:56:04 - [TEST_STEP][PASSED] - Kullanıcı işlemlerinden Çıkış seçilir: Kullanıcı işlemlerinden Çıkış seçilir

2021-11-23 09:56:04 - [MESSAGE][PASSED] - Kullanıcı işlemlerinden Çıkış seçilir

2021-11-23 09:56:04 - [MESSAGE][PASSED] - Feature file: 'Include/features/Firma Yonetimi/Yetki Yonetimi/Departman Tanimlari/Kural Tanimla/Kural Sil.feature' was passed

2021-11-23 09:56:04 - [TEST_STEP][PASSED] - Start listener action : sampleAfterTestSuite: Invoke 'com.kms.katalon.core.annotation.AfterTestCase' method: 'Listener.sampleAfterTestSuite(...)' completed.

2021-11-23 09:56:04 - [MESSAGE][INFO] - Starting invoke 'com.kms.katalon.core.annotation.AfterTestCase' method: 'Listener.sampleAfterTestSuite(...)'

2021-11-23 09:56:04 - [TEST_STEP][PASSED] - closeBrowser(): Invoke 'com.kms.katalon.core.annotation.AfterTestCase' method: 'Listener.sampleAfterTestSuite(...)' completed.

2021-11-23 09:56:04 - [MESSAGE][INFO] - Closing browser

2021-11-23 09:56:05 - [MESSAGE][PASSED] - Browser is closed

2021-11-23 09:56:05 - [MESSAGE][INFO] - Invoke 'com.kms.katalon.core.annotation.AfterTestCase' method: 'Listener.sampleAfterTestSuite(...)' completed.]]></system-out>
         <system-err><![CDATA[]]></system-err>
      </testcase>
      <testcase name="Test Cases/Case Repository/Firma Yonetimi/Yetki Yonetimi/Departman Tanimlari/Sil" time="32.965" classname="Test Cases/Case Repository/Firma Yonetimi/Yetki Yonetimi/Departman Tanimlari/Sil" status="PASSED">
         <system-out><![CDATA[2021-11-23 09:56:05 - [TEST_CASE][PASSED] - Test Cases/Case Repository/Firma Yonetimi/Yetki Yonetimi/Departman Tanimlari/Sil: Test Cases/Case Repository/Firma Yonetimi/Yetki Yonetimi/Departman Tanimlari/Sil

2021-11-23 09:56:05 - [TEST_STEP][PASSED] - Start listener action : sampleBeforeTestSuite: Invoke 'com.kms.katalon.core.annotation.BeforeTestCase' method: 'Listener.sampleBeforeTestSuite(...)' completed.

2021-11-23 09:56:05 - [MESSAGE][INFO] - Starting invoke 'com.kms.katalon.core.annotation.BeforeTestCase' method: 'Listener.sampleBeforeTestSuite(...)'

2021-11-23 09:56:05 - [TEST_STEP][PASSED] - openBrowser(baseUrl): Browser is opened with url: 'https://efatura-stage.elogo.com.tr/'

2021-11-23 09:56:05 - [MESSAGE][INFO] - Opening browser

2021-11-23 09:56:05 - [MESSAGE][INFO] - Starting 'Chrome' driver

2021-11-23 09:56:05 - [MESSAGE][INFO] - User set preference: ['prefs', '{download.default_directory=C:\otomasyondownfiles}']

2021-11-23 09:56:05 - [MESSAGE][INFO] - Action delay is set to 0 milliseconds

2021-11-23 09:56:06 - [MESSAGE][INFO] - Navigating browser to: 'https://efatura-stage.elogo.com.tr/'

2021-11-23 09:56:09 - [MESSAGE][PASSED] - Browser is opened with url: 'https://efatura-stage.elogo.com.tr/'

2021-11-23 09:56:09 - [TEST_STEP][PASSED] - maximizeWindow(): Invoke 'com.kms.katalon.core.annotation.BeforeTestCase' method: 'Listener.sampleBeforeTestSuite(...)' completed.

2021-11-23 09:56:09 - [MESSAGE][INFO] - Maximizing current window

2021-11-23 09:56:09 - [MESSAGE][PASSED] - Current window maximized

2021-11-23 09:56:09 - [MESSAGE][INFO] - Invoke 'com.kms.katalon.core.annotation.BeforeTestCase' method: 'Listener.sampleBeforeTestSuite(...)' completed.

2021-11-23 09:56:10 - [TEST_STEP][PASSED] - runFeatureFile("Include/features/Firma Yonetimi/Yetki Yonetimi/Departman Tanimlari/Sil.feature"): Feature file: 'Include/features/Firma Yonetimi/Yetki Yonetimi/Departman Tanimlari/Sil.feature' was passed

2021-11-23 09:56:10 - [MESSAGE][INFO] - Starting run keyword runFeatureFile: 'Include/features/Firma Yonetimi/Yetki Yonetimi/Departman Tanimlari/Sil.feature' and extract report to folder: 'C:\Users\DELL\Documents\GitHub\EES_KatalonLogo\Reports\20211123_091110\Suite Repository\Firma_Yonetimi\20211123_091222/cucumber_report/1637650570468'...

2021-11-23 09:56:10 - [MESSAGE][INFO] - Glue: []

2021-11-23 09:56:13 - [MESSAGE][INFO] - Checking called Test Case

2021-11-23 09:56:13 - [MESSAGE][INFO] - Starting to call Test Case 'Test Cases/Sayfalar/Giris_Sayfasi/Login'

2021-11-23 09:56:13 - [TEST_CASE][PASSED] - Test Cases/Sayfalar/Giris_Sayfasi/Login: Test Cases/Sayfalar/Giris_Sayfasi/Login

2021-11-23 09:56:13 - [TEST_STEP][PASSED] - Sayfa_Basligi = getWindowTitle(): Current window's title is: 'LOGO e-Fatura'

2021-11-23 09:56:13 - [MESSAGE][INFO] - Getting current window's title

2021-11-23 09:56:13 - [MESSAGE][PASSED] - Current window's title is: 'LOGO e-Fatura'

2021-11-23 09:56:13 - [TEST_STEP][PASSED] - verifyMatch(Sayfa_Basligi, "LOGO e-Fatura", false): Actual text 'LOGO e-Fatura' and expected text 'LOGO e-Fatura' are matched 

2021-11-23 09:56:13 - [MESSAGE][INFO] - Matching actual text 'LOGO e-Fatura' with expected text 'LOGO e-Fatura'

2021-11-23 09:56:13 - [MESSAGE][PASSED] - Actual text 'LOGO e-Fatura' and expected text 'LOGO e-Fatura' are matched 

2021-11-23 09:56:13 - [TEST_STEP][PASSED] - sendKeys(findTestObject("Sayfalar/Giris_Sayfasi/Firma_Kodu"), KullaniciAdi): Keys 'ELOGO6' sent to object: 'Object Repository/Sayfalar/Giris_Sayfasi/Firma_Kodu'

2021-11-23 09:56:13 - [MESSAGE][INFO] - Finding Test Object 'Object Repository/Sayfalar/Giris_Sayfasi/Firma_Kodu'

2021-11-23 09:56:13 - [MESSAGE][INFO] - Sending keys 'ELOGO6' to object: 'Object Repository/Sayfalar/Giris_Sayfasi/Firma_Kodu'

2021-11-23 09:56:13 - [MESSAGE][INFO] - Finding web element from Test Object's properties

2021-11-23 09:56:13 - [MESSAGE][INFO] - Checking timeout

2021-11-23 09:56:13 - [MESSAGE][INFO] - Finding web element with id: 'Object Repository/Sayfalar/Giris_Sayfasi/Firma_Kodu' located by 'By.xpath: //*[@id = 'AccountName']' in '30' second(s)

2021-11-23 09:56:13 - [MESSAGE][INFO] - Smart Wait Function is triggered

2021-11-23 09:56:13 - [MESSAGE][INFO] - Found 1 web elements with id: 'Object Repository/Sayfalar/Giris_Sayfasi/Firma_Kodu' located by 'By.xpath: //*[@id = 'AccountName']' in '30' second(s)

2021-11-23 09:56:13 - [MESSAGE][PASSED] - Keys 'ELOGO6' sent to object: 'Object Repository/Sayfalar/Giris_Sayfasi/Firma_Kodu'

2021-11-23 09:56:13 - [TEST_STEP][PASSED] - sendKeys(findTestObject("Sayfalar/Giris_Sayfasi/Sifre"), Sifre): Keys '123456' sent to object: 'Object Repository/Sayfalar/Giris_Sayfasi/Sifre'

2021-11-23 09:56:13 - [MESSAGE][INFO] - Finding Test Object 'Object Repository/Sayfalar/Giris_Sayfasi/Sifre'

2021-11-23 09:56:14 - [MESSAGE][INFO] - Sending keys '123456' to object: 'Object Repository/Sayfalar/Giris_Sayfasi/Sifre'

2021-11-23 09:56:14 - [MESSAGE][INFO] - Finding web element from Test Object's properties

2021-11-23 09:56:14 - [MESSAGE][INFO] - Checking timeout

2021-11-23 09:56:14 - [MESSAGE][INFO] - Finding web element with id: 'Object Repository/Sayfalar/Giris_Sayfasi/Sifre' located by 'By.xpath: //*[@id = 'Password']' in '30' second(s)

2021-11-23 09:56:14 - [MESSAGE][INFO] - Smart Wait Function is triggered

2021-11-23 09:56:14 - [MESSAGE][INFO] - Found 1 web elements with id: 'Object Repository/Sayfalar/Giris_Sayfasi/Sifre' located by 'By.xpath: //*[@id = 'Password']' in '30' second(s)

2021-11-23 09:56:14 - [MESSAGE][PASSED] - Keys '123456' sent to object: 'Object Repository/Sayfalar/Giris_Sayfasi/Sifre'

2021-11-23 09:56:14 - [TEST_STEP][PASSED] - findWebElement(findTestObject("Sayfalar/Giris_Sayfasi/Giris_Butonu")).click(): Found 1 web elements with id: 'Object Repository/Sayfalar/Giris_Sayfasi/Giris_Butonu' located by 'By.cssSelector: #btnLogin' in '30' second(s)

2021-11-23 09:56:14 - [MESSAGE][INFO] - Finding Test Object 'Object Repository/Sayfalar/Giris_Sayfasi/Giris_Butonu'

2021-11-23 09:56:14 - [MESSAGE][INFO] - Finding web element from Test Object's properties

2021-11-23 09:56:14 - [MESSAGE][INFO] - Checking timeout

2021-11-23 09:56:14 - [MESSAGE][INFO] - Finding web element with id: 'Object Repository/Sayfalar/Giris_Sayfasi/Giris_Butonu' located by 'By.cssSelector: #btnLogin' in '30' second(s)

2021-11-23 09:56:14 - [MESSAGE][INFO] - Smart Wait Function is triggered

2021-11-23 09:56:14 - [MESSAGE][INFO] - Found 1 web elements with id: 'Object Repository/Sayfalar/Giris_Sayfasi/Giris_Butonu' located by 'By.cssSelector: #btnLogin' in '30' second(s)

2021-11-23 09:56:17 - [TEST_STEP][PASSED] - if (verifyElementPresent(findTestObject("Object Repository/Sayfalar/Giris_Sayfasi/RetveTamam_Butonu"), 5, OPTIONAL)): null

2021-11-23 09:56:17 - [MESSAGE][INFO] - Finding Test Object 'Object Repository/Sayfalar/Giris_Sayfasi/RetveTamam_Butonu'

2021-11-23 09:56:17 - [MESSAGE][INFO] - Checking object

2021-11-23 09:56:17 - [MESSAGE][INFO] - Finding web element from Test Object's properties

2021-11-23 09:56:17 - [MESSAGE][INFO] - Checking timeout

2021-11-23 09:56:17 - [MESSAGE][INFO] - Finding web element with id: 'Object Repository/Sayfalar/Giris_Sayfasi/RetveTamam_Butonu' located by 'By.xpath: //*[@class = 'btn btn-default']' in '5' second(s)

2021-11-23 09:56:17 - [MESSAGE][INFO] - Smart Wait Function is triggered

2021-11-23 09:56:17 - [MESSAGE][INFO] - Found 1 web elements with id: 'Object Repository/Sayfalar/Giris_Sayfasi/RetveTamam_Butonu' located by 'By.xpath: //*[@class = 'btn btn-default']' in '5' second(s)

2021-11-23 09:56:17 - [MESSAGE][PASSED] - Object 'Object Repository/Sayfalar/Giris_Sayfasi/RetveTamam_Butonu' is present

2021-11-23 09:56:17 - [TEST_STEP][PASSED] - click(findTestObject("Object Repository/Sayfalar/Giris_Sayfasi/RetveTamam_Butonu")): Object: 'Object Repository/Sayfalar/Giris_Sayfasi/RetveTamam_Butonu' is clicked on

2021-11-23 09:56:17 - [MESSAGE][INFO] - Finding Test Object 'Object Repository/Sayfalar/Giris_Sayfasi/RetveTamam_Butonu'

2021-11-23 09:56:18 - [MESSAGE][INFO] - Checking object

2021-11-23 09:56:18 - [MESSAGE][INFO] - Finding web element from Test Object's properties

2021-11-23 09:56:18 - [MESSAGE][INFO] - Checking timeout

2021-11-23 09:56:18 - [MESSAGE][INFO] - Finding web element with id: 'Object Repository/Sayfalar/Giris_Sayfasi/RetveTamam_Butonu' located by 'By.xpath: //*[@class = 'btn btn-default']' in '30' second(s)

2021-11-23 09:56:18 - [MESSAGE][INFO] - Smart Wait Function is triggered

2021-11-23 09:56:18 - [MESSAGE][INFO] - Found 1 web elements with id: 'Object Repository/Sayfalar/Giris_Sayfasi/RetveTamam_Butonu' located by 'By.xpath: //*[@class = 'btn btn-default']' in '30' second(s)

2021-11-23 09:56:18 - [MESSAGE][INFO] - Clicking on object: 'Object Repository/Sayfalar/Giris_Sayfasi/RetveTamam_Butonu'

2021-11-23 09:56:18 - [MESSAGE][PASSED] - Object: 'Object Repository/Sayfalar/Giris_Sayfasi/RetveTamam_Butonu' is clicked on

2021-11-23 09:56:18 - [TEST_STEP][PASSED] - click(findTestObject("Object Repository/Sayfalar/Giris_Sayfasi/RetveTamam_Butonu")): Object: 'Object Repository/Sayfalar/Giris_Sayfasi/RetveTamam_Butonu' is clicked on

2021-11-23 09:56:18 - [MESSAGE][INFO] - Finding Test Object 'Object Repository/Sayfalar/Giris_Sayfasi/RetveTamam_Butonu'

2021-11-23 09:56:18 - [MESSAGE][INFO] - Checking object

2021-11-23 09:56:18 - [MESSAGE][INFO] - Finding web element from Test Object's properties

2021-11-23 09:56:18 - [MESSAGE][INFO] - Checking timeout

2021-11-23 09:56:18 - [MESSAGE][INFO] - Finding web element with id: 'Object Repository/Sayfalar/Giris_Sayfasi/RetveTamam_Butonu' located by 'By.xpath: //*[@class = 'btn btn-default']' in '30' second(s)

2021-11-23 09:56:18 - [MESSAGE][INFO] - Smart Wait Function is triggered

2021-11-23 09:56:22 - [MESSAGE][INFO] - Found 1 web elements with id: 'Object Repository/Sayfalar/Giris_Sayfasi/RetveTamam_Butonu' located by 'By.xpath: //*[@class = 'btn btn-default']' in '30' second(s)

2021-11-23 09:56:22 - [MESSAGE][INFO] - Clicking on object: 'Object Repository/Sayfalar/Giris_Sayfasi/RetveTamam_Butonu'

2021-11-23 09:56:22 - [MESSAGE][PASSED] - Object: 'Object Repository/Sayfalar/Giris_Sayfasi/RetveTamam_Butonu' is clicked on

2021-11-23 09:56:22 - [TEST_STEP][PASSED] - if (verifyElementPresent(findTestObject("Sayfalar/Giris_Sayfasi/PopupOK"), 5, OPTIONAL)): null

2021-11-23 09:56:22 - [MESSAGE][INFO] - Finding Test Object 'Object Repository/Sayfalar/Giris_Sayfasi/PopupOK'

2021-11-23 09:56:22 - [MESSAGE][INFO] - Checking object

2021-11-23 09:56:22 - [MESSAGE][INFO] - Finding web element from Test Object's properties

2021-11-23 09:56:22 - [MESSAGE][INFO] - Checking timeout

2021-11-23 09:56:22 - [MESSAGE][INFO] - Finding web element with id: 'Object Repository/Sayfalar/Giris_Sayfasi/PopupOK' located by 'By.cssSelector: .btn.btn-success' in '5' second(s)

2021-11-23 09:56:22 - [MESSAGE][INFO] - Smart Wait Function is triggered

2021-11-23 09:56:23 - [MESSAGE][INFO] - Found 1 web elements with id: 'Object Repository/Sayfalar/Giris_Sayfasi/PopupOK' located by 'By.cssSelector: .btn.btn-success' in '5' second(s)

2021-11-23 09:56:23 - [MESSAGE][PASSED] - Object 'Object Repository/Sayfalar/Giris_Sayfasi/PopupOK' is present

2021-11-23 09:56:23 - [TEST_STEP][PASSED] - click(findTestObject("Object Repository/Sayfalar/Giris_Sayfasi/PopupCarpiGiris")): Object: 'Object Repository/Sayfalar/Giris_Sayfasi/PopupCarpiGiris' is clicked on

2021-11-23 09:56:23 - [MESSAGE][INFO] - Finding Test Object 'Object Repository/Sayfalar/Giris_Sayfasi/PopupCarpiGiris'

2021-11-23 09:56:23 - [MESSAGE][INFO] - Checking object

2021-11-23 09:56:23 - [MESSAGE][INFO] - Finding web element from Test Object's properties

2021-11-23 09:56:23 - [MESSAGE][INFO] - Checking timeout

2021-11-23 09:56:23 - [MESSAGE][INFO] - Finding web element with id: 'Object Repository/Sayfalar/Giris_Sayfasi/PopupCarpiGiris' located by 'By.cssSelector: .bootbox-close-button.close' in '30' second(s)

2021-11-23 09:56:23 - [MESSAGE][INFO] - Smart Wait Function is triggered

2021-11-23 09:56:23 - [MESSAGE][INFO] - Found 1 web elements with id: 'Object Repository/Sayfalar/Giris_Sayfasi/PopupCarpiGiris' located by 'By.cssSelector: .bootbox-close-button.close' in '30' second(s)

2021-11-23 09:56:23 - [MESSAGE][INFO] - Clicking on object: 'Object Repository/Sayfalar/Giris_Sayfasi/PopupCarpiGiris'

2021-11-23 09:56:23 - [MESSAGE][PASSED] - Object: 'Object Repository/Sayfalar/Giris_Sayfasi/PopupCarpiGiris' is clicked on

2021-11-23 09:56:24 - [TEST_STEP][PASSED] - verifyElementVisible(findTestObject("Object Repository/Kullanici_Islemleri/KullaniciIslemleri")): Object 'Object Repository/Kullanici_Islemleri/KullaniciIslemleri' is visible

2021-11-23 09:56:24 - [MESSAGE][INFO] - Finding Test Object 'Object Repository/Kullanici_Islemleri/KullaniciIslemleri'

2021-11-23 09:56:24 - [MESSAGE][INFO] - Checking object

2021-11-23 09:56:24 - [MESSAGE][INFO] - Finding web element from Test Object's properties

2021-11-23 09:56:24 - [MESSAGE][INFO] - Checking timeout

2021-11-23 09:56:24 - [MESSAGE][INFO] - Finding web element with id: 'Object Repository/Kullanici_Islemleri/KullaniciIslemleri' located by 'By.cssSelector: .dropdown>a>img' in '30' second(s)

2021-11-23 09:56:24 - [MESSAGE][INFO] - Smart Wait Function is triggered

2021-11-23 09:56:24 - [MESSAGE][INFO] - Found 1 web elements with id: 'Object Repository/Kullanici_Islemleri/KullaniciIslemleri' located by 'By.cssSelector: .dropdown>a>img' in '30' second(s)

2021-11-23 09:56:24 - [MESSAGE][PASSED] - Object 'Object Repository/Kullanici_Islemleri/KullaniciIslemleri' is visible

2021-11-23 09:56:24 - [MESSAGE][PASSED] - Call Test Case 'Test Cases/Sayfalar/Giris_Sayfasi/Login' successfully

2021-11-23 09:56:24 - [MESSAGE][INFO] - Checking called Test Case

2021-11-23 09:56:24 - [MESSAGE][INFO] - Starting to call Test Case 'Test Cases/Menu/AnaMenuSecimi'

2021-11-23 09:56:24 - [TEST_CASE][PASSED] - Test Cases/Menu/AnaMenuSecimi: Test Cases/Menu/AnaMenuSecimi

2021-11-23 09:56:24 - [TEST_STEP][PASSED] - Method.TextDegerineEsitElementeTikla(findTestObject("Menu/Ana_Menu"), Ana_Menu): Method.TextDegerineEsitElementeTikla is PASSED

2021-11-23 09:56:24 - [MESSAGE][INFO] - Finding Test Object 'Object Repository/Menu/Ana_Menu'

2021-11-23 09:56:25 - [MESSAGE][INFO] - Checking timeout

2021-11-23 09:56:25 - [MESSAGE][INFO] - Finding web element with id: 'Object Repository/Menu/Ana_Menu' located by 'By.xpath: //*[@class = 'dropdown-toggle']' in '10' second(s)

2021-11-23 09:56:25 - [MESSAGE][INFO] - Smart Wait Function is triggered

2021-11-23 09:56:25 - [MESSAGE][INFO] - Found 14 web elements with id: 'Object Repository/Menu/Ana_Menu' located by 'By.xpath: //*[@class = 'dropdown-toggle']' in '10' second(s)

2021-11-23 09:56:25 - [MESSAGE][PASSED] - Method.TextDegerineEsitElementeTikla is PASSED

2021-11-23 09:56:25 - [MESSAGE][PASSED] - Call Test Case 'Test Cases/Menu/AnaMenuSecimi' successfully

2021-11-23 09:56:25 - [MESSAGE][INFO] - Checking called Test Case

2021-11-23 09:56:25 - [MESSAGE][INFO] - Starting to call Test Case 'Test Cases/Menu/AltMenuSecimi'

2021-11-23 09:56:25 - [TEST_CASE][PASSED] - Test Cases/Menu/AltMenuSecimi: Test Cases/Menu/AltMenuSecimi

2021-11-23 09:56:25 - [TEST_STEP][PASSED] - Method.TextDegerineEsitElementeTikla(findTestObject("Menu/Alt_Menu"), Alt_Menu): Method.TextDegerineEsitElementeTikla is PASSED

2021-11-23 09:56:25 - [MESSAGE][INFO] - Finding Test Object 'Object Repository/Menu/Alt_Menu'

2021-11-23 09:56:25 - [MESSAGE][INFO] - Checking timeout

2021-11-23 09:56:25 - [MESSAGE][INFO] - Finding web element with id: 'Object Repository/Menu/Alt_Menu' located by 'By.xpath: //li[@class='dropdown dropdown-large open']//li[@class='dropdown-element']' in '10' second(s)

2021-11-23 09:56:25 - [MESSAGE][INFO] - Smart Wait Function is triggered

2021-11-23 09:56:26 - [MESSAGE][INFO] - Found 1 web elements with id: 'Object Repository/Menu/Alt_Menu' located by 'By.xpath: //li[@class='dropdown dropdown-large open']//li[@class='dropdown-element']' in '10' second(s)

2021-11-23 09:56:28 - [MESSAGE][PASSED] - Method.TextDegerineEsitElementeTikla is PASSED

2021-11-23 09:56:28 - [MESSAGE][PASSED] - Call Test Case 'Test Cases/Menu/AltMenuSecimi' successfully

2021-11-23 09:56:28 - [MESSAGE][INFO] - Checking called Test Case

2021-11-23 09:56:28 - [MESSAGE][INFO] - Starting to call Test Case 'Test Cases/Sayfalar/Yetki_Yonetimi/SekmeSecilir'

2021-11-23 09:56:28 - [TEST_CASE][PASSED] - Test Cases/Sayfalar/Yetki_Yonetimi/SekmeSecilir: Test Cases/Sayfalar/Yetki_Yonetimi/SekmeSecilir

2021-11-23 09:56:28 - [TEST_STEP][PASSED] - Method.TextDegerineEsitElementeTikla(findTestObject("Object Repository/Sayfalar/Yetki_Yonetimi/Sekmeler"), Sekme): Method.TextDegerineEsitElementeTikla is PASSED

2021-11-23 09:56:28 - [MESSAGE][INFO] - Finding Test Object 'Object Repository/Sayfalar/Yetki_Yonetimi/Sekmeler'

2021-11-23 09:56:28 - [MESSAGE][INFO] - Checking timeout

2021-11-23 09:56:28 - [MESSAGE][INFO] - Finding web element with id: 'Object Repository/Sayfalar/Yetki_Yonetimi/Sekmeler' located by 'By.cssSelector: #pcFeatures_TC>li[class="dxtc-tab"] span,#pcFeatures_TC>li[class="dxtc-activeTab dxtc-lead"] span' in '10' second(s)

2021-11-23 09:56:28 - [MESSAGE][INFO] - Smart Wait Function is triggered

2021-11-23 09:56:28 - [MESSAGE][INFO] - Found 3 web elements with id: 'Object Repository/Sayfalar/Yetki_Yonetimi/Sekmeler' located by 'By.cssSelector: #pcFeatures_TC>li[class="dxtc-tab"] span,#pcFeatures_TC>li[class="dxtc-activeTab dxtc-lead"] span' in '10' second(s)

2021-11-23 09:56:28 - [MESSAGE][PASSED] - Method.TextDegerineEsitElementeTikla is PASSED

2021-11-23 09:56:28 - [MESSAGE][PASSED] - Call Test Case 'Test Cases/Sayfalar/Yetki_Yonetimi/SekmeSecilir' successfully

2021-11-23 09:56:28 - [MESSAGE][INFO] - Checking called Test Case

2021-11-23 09:56:28 - [MESSAGE][INFO] - Starting to call Test Case 'Test Cases/Filtreler/ButonaTikla'

2021-11-23 09:56:28 - [TEST_CASE][PASSED] - Test Cases/Filtreler/ButonaTikla: Test Cases/Filtreler/ButonaTikla

2021-11-23 09:56:28 - [TEST_STEP][PASSED] - Method.TextDegerineEsitElementeTikla(findTestObject("Filtreler/Butonlar"), Filtre_Buton): Method.TextDegerineEsitElementeTikla is PASSED

2021-11-23 09:56:28 - [MESSAGE][INFO] - Finding Test Object 'Object Repository/Filtreler/Butonlar'

2021-11-23 09:56:28 - [MESSAGE][INFO] - Checking timeout

2021-11-23 09:56:28 - [MESSAGE][INFO] - Finding web element with id: 'Object Repository/Filtreler/Butonlar' located by 'By.cssSelector: .dxb>span' in '10' second(s)

2021-11-23 09:56:28 - [MESSAGE][INFO] - Smart Wait Function is triggered

2021-11-23 09:56:28 - [MESSAGE][INFO] - Found 6 web elements with id: 'Object Repository/Filtreler/Butonlar' located by 'By.cssSelector: .dxb>span' in '10' second(s)

2021-11-23 09:56:29 - [MESSAGE][PASSED] - Method.TextDegerineEsitElementeTikla is PASSED

2021-11-23 09:56:29 - [MESSAGE][PASSED] - Call Test Case 'Test Cases/Filtreler/ButonaTikla' successfully

2021-11-23 09:56:29 - [MESSAGE][INFO] - Checking called Test Case

2021-11-23 09:56:29 - [MESSAGE][INFO] - Starting to call Test Case 'Test Cases/Tablo/TablodaVeriVarMi'

2021-11-23 09:56:29 - [TEST_CASE][PASSED] - Test Cases/Tablo/TablodaVeriVarMi: Test Cases/Tablo/TablodaVeriVarMi

2021-11-23 09:56:29 - [TEST_STEP][PASSED] - verifyTextNotPresent("Görüntülenecek veri yok", true): Text 'Görüntülenecek veri yok' is not present on page using regular expression

2021-11-23 09:56:29 - [MESSAGE][INFO] - Checking text present  using regular expression

2021-11-23 09:56:29 - [MESSAGE][INFO] - Smart Wait Function is triggered

2021-11-23 09:56:29 - [MESSAGE][INFO] - Finding text 'Görüntülenecek veri yok' on page  using regular expression

2021-11-23 09:56:29 - [MESSAGE][PASSED] - Text 'Görüntülenecek veri yok' is not present on page using regular expression

2021-11-23 09:56:29 - [MESSAGE][PASSED] - Call Test Case 'Test Cases/Tablo/TablodaVeriVarMi' successfully

2021-11-23 09:56:29 - [MESSAGE][INFO] - Checking called Test Case

2021-11-23 09:56:29 - [MESSAGE][INFO] - Starting to call Test Case 'Test Cases/Tablo/TablodanVeriSec'

2021-11-23 09:56:29 - [TEST_CASE][PASSED] - Test Cases/Tablo/TablodanVeriSec: Test Cases/Tablo/TablodanVeriSec

2021-11-23 09:56:29 - [TEST_STEP][PASSED] - Method.TextDegerineEsitElementinAltindakineTikla(findTestObject("Tablo/Veriler"), findTestObject("Tablo/VerininCheckBoxi"), Veri_Adi): Method.TextDegerineEsitElementinAltindakineTikla is PASSED

2021-11-23 09:56:29 - [MESSAGE][INFO] - Finding Test Object 'Object Repository/Tablo/Veriler'

2021-11-23 09:56:29 - [MESSAGE][INFO] - Finding Test Object 'Object Repository/Tablo/VerininCheckBoxi'

2021-11-23 09:56:30 - [MESSAGE][INFO] - Checking timeout

2021-11-23 09:56:30 - [MESSAGE][INFO] - Finding web element with id: 'Object Repository/Tablo/Veriler' located by 'By.cssSelector: td.dxgv b ,td.dxgv' in '10' second(s)

2021-11-23 09:56:30 - [MESSAGE][INFO] - Smart Wait Function is triggered

2021-11-23 09:56:30 - [MESSAGE][INFO] - Found 22 web elements with id: 'Object Repository/Tablo/Veriler' located by 'By.cssSelector: td.dxgv b ,td.dxgv' in '10' second(s)

2021-11-23 09:56:30 - [MESSAGE][INFO] - Smart Wait Function is triggered

2021-11-23 09:56:30 - [MESSAGE][PASSED] - Method.TextDegerineEsitElementinAltindakineTikla is PASSED

2021-11-23 09:56:30 - [MESSAGE][PASSED] - Call Test Case 'Test Cases/Tablo/TablodanVeriSec' successfully

2021-11-23 09:56:30 - [MESSAGE][INFO] - Checking called Test Case

2021-11-23 09:56:30 - [MESSAGE][INFO] - Starting to call Test Case 'Test Cases/Butonlar/ButonaTikla'

2021-11-23 09:56:30 - [TEST_CASE][PASSED] - Test Cases/Butonlar/ButonaTikla: Test Cases/Butonlar/ButonaTikla

2021-11-23 09:56:30 - [TEST_STEP][PASSED] - Method.TextDegerineEsitElementeTiklaEquals(findTestObject("Butonlar/Butonlar"), Buton_Adi): Method.TextDegerineEsitElementeTiklaEquals is PASSED

2021-11-23 09:56:30 - [MESSAGE][INFO] - Finding Test Object 'Object Repository/Butonlar/Butonlar'

2021-11-23 09:56:30 - [MESSAGE][INFO] - Checking timeout

2021-11-23 09:56:30 - [MESSAGE][INFO] - Finding web element with id: 'Object Repository/Butonlar/Butonlar' located by 'By.cssSelector: .panel.panel-default.text-center.footerPanel .btn,.btn.btn-primary.btnControls' in '10' second(s)

2021-11-23 09:56:30 - [MESSAGE][INFO] - Smart Wait Function is triggered

2021-11-23 09:56:31 - [MESSAGE][INFO] - Found 12 web elements with id: 'Object Repository/Butonlar/Butonlar' located by 'By.cssSelector: .panel.panel-default.text-center.footerPanel .btn,.btn.btn-primary.btnControls' in '10' second(s)

2021-11-23 09:56:31 - [MESSAGE][PASSED] - Method.TextDegerineEsitElementeTiklaEquals is PASSED

2021-11-23 09:56:31 - [MESSAGE][PASSED] - Call Test Case 'Test Cases/Butonlar/ButonaTikla' successfully

2021-11-23 09:56:31 - [MESSAGE][INFO] - Checking called Test Case

2021-11-23 09:56:31 - [MESSAGE][INFO] - Starting to call Test Case 'Test Cases/Popup/PopupMesajiIceriyorMu'

2021-11-23 09:56:31 - [TEST_CASE][PASSED] - Test Cases/Popup/PopupMesajiIceriyorMu: Test Cases/Popup/PopupMesajiIceriyorMu

2021-11-23 09:56:31 - [TEST_STEP][PASSED] - waitForElementVisible(findTestObject("Popup/Popup"), 10): Object 'Object Repository/Popup/Popup' is visible

2021-11-23 09:56:31 - [MESSAGE][INFO] - Finding Test Object 'Object Repository/Popup/Popup'

2021-11-23 09:56:31 - [MESSAGE][INFO] - Checking object

2021-11-23 09:56:31 - [MESSAGE][INFO] - Checking timeout

2021-11-23 09:56:31 - [MESSAGE][INFO] - Finding web element from Test Object's properties

2021-11-23 09:56:31 - [MESSAGE][INFO] - Checking timeout

2021-11-23 09:56:31 - [MESSAGE][INFO] - Finding web element with id: 'Object Repository/Popup/Popup' located by 'By.cssSelector: .bootbox-body' in '10' second(s)

2021-11-23 09:56:31 - [MESSAGE][INFO] - Smart Wait Function is triggered

2021-11-23 09:56:32 - [MESSAGE][INFO] - Found 1 web elements with id: 'Object Repository/Popup/Popup' located by 'By.cssSelector: .bootbox-body' in '10' second(s)

2021-11-23 09:56:32 - [MESSAGE][PASSED] - Object 'Object Repository/Popup/Popup' is visible

2021-11-23 09:56:32 - [TEST_STEP][PASSED] - if (!(getText(findTestObject("Popup/Popup")).contains(Mesaj))): Text of object 'Object Repository/Popup/Popup' is: 'Seçilen kayıtlar silenecektir emin misiniz?'

2021-11-23 09:56:32 - [MESSAGE][INFO] - Finding Test Object 'Object Repository/Popup/Popup'

2021-11-23 09:56:32 - [MESSAGE][INFO] - Checking object

2021-11-23 09:56:32 - [MESSAGE][INFO] - Finding web element from Test Object's properties

2021-11-23 09:56:32 - [MESSAGE][INFO] - Checking timeout

2021-11-23 09:56:32 - [MESSAGE][INFO] - Finding web element with id: 'Object Repository/Popup/Popup' located by 'By.cssSelector: .bootbox-body' in '30' second(s)

2021-11-23 09:56:32 - [MESSAGE][INFO] - Smart Wait Function is triggered

2021-11-23 09:56:32 - [MESSAGE][INFO] - Found 1 web elements with id: 'Object Repository/Popup/Popup' located by 'By.cssSelector: .bootbox-body' in '30' second(s)

2021-11-23 09:56:32 - [MESSAGE][INFO] - Getting text of object 'Object Repository/Popup/Popup'

2021-11-23 09:56:32 - [MESSAGE][PASSED] - Text of object 'Object Repository/Popup/Popup' is: 'Seçilen kayıtlar silenecektir emin misiniz?'

2021-11-23 09:56:32 - [TEST_STEP][PASSED] - RaporNo = getText(findTestObject("Popup/Popup")).substring(0, 6): Text of object 'Object Repository/Popup/Popup' is: 'Seçilen kayıtlar silenecektir emin misiniz?'

2021-11-23 09:56:32 - [MESSAGE][INFO] - Finding Test Object 'Object Repository/Popup/Popup'

2021-11-23 09:56:32 - [MESSAGE][INFO] - Checking object

2021-11-23 09:56:32 - [MESSAGE][INFO] - Finding web element from Test Object's properties

2021-11-23 09:56:32 - [MESSAGE][INFO] - Checking timeout

2021-11-23 09:56:32 - [MESSAGE][INFO] - Finding web element with id: 'Object Repository/Popup/Popup' located by 'By.cssSelector: .bootbox-body' in '30' second(s)

2021-11-23 09:56:32 - [MESSAGE][INFO] - Smart Wait Function is triggered

2021-11-23 09:56:33 - [MESSAGE][INFO] - Found 1 web elements with id: 'Object Repository/Popup/Popup' located by 'By.cssSelector: .bootbox-body' in '30' second(s)

2021-11-23 09:56:33 - [MESSAGE][INFO] - Getting text of object 'Object Repository/Popup/Popup'

2021-11-23 09:56:33 - [MESSAGE][PASSED] - Text of object 'Object Repository/Popup/Popup' is: 'Seçilen kayıtlar silenecektir emin misiniz?'

2021-11-23 09:56:33 - [TEST_STEP][PASSED] - Console.println(RaporNo): null

2021-11-23 09:56:33 - [MESSAGE][PASSED] - Call Test Case 'Test Cases/Popup/PopupMesajiIceriyorMu' successfully

2021-11-23 09:56:33 - [MESSAGE][INFO] - Checking called Test Case

2021-11-23 09:56:33 - [MESSAGE][INFO] - Starting to call Test Case 'Test Cases/Popup/PopupButonSecilir'

2021-11-23 09:56:33 - [TEST_CASE][PASSED] - Test Cases/Popup/PopupButonSecilir: Test Cases/Popup/PopupButonSecilir

2021-11-23 09:56:33 - [TEST_STEP][PASSED] - Method.TextDegerineEsitElementeTikla(findTestObject("Popup/Popup_Butons"), Buton): Method.TextDegerineEsitElementeTikla is PASSED

2021-11-23 09:56:33 - [MESSAGE][INFO] - Finding Test Object 'Object Repository/Popup/Popup_Butons'

2021-11-23 09:56:33 - [MESSAGE][INFO] - Checking timeout

2021-11-23 09:56:33 - [MESSAGE][INFO] - Finding web element with id: 'Object Repository/Popup/Popup_Butons' located by 'By.cssSelector: .modal-footer>button' in '10' second(s)

2021-11-23 09:56:33 - [MESSAGE][INFO] - Smart Wait Function is triggered

2021-11-23 09:56:33 - [MESSAGE][INFO] - Found 2 web elements with id: 'Object Repository/Popup/Popup_Butons' located by 'By.cssSelector: .modal-footer>button' in '10' second(s)

2021-11-23 09:56:33 - [MESSAGE][PASSED] - Method.TextDegerineEsitElementeTikla is PASSED

2021-11-23 09:56:33 - [MESSAGE][PASSED] - Call Test Case 'Test Cases/Popup/PopupButonSecilir' successfully

2021-11-23 09:56:33 - [MESSAGE][INFO] - Checking called Test Case

2021-11-23 09:56:33 - [MESSAGE][INFO] - Starting to call Test Case 'Test Cases/Popup/PopupButonSecilir'

2021-11-23 09:56:33 - [TEST_CASE][PASSED] - Test Cases/Popup/PopupButonSecilir: Test Cases/Popup/PopupButonSecilir

2021-11-23 09:56:33 - [TEST_STEP][PASSED] - Method.TextDegerineEsitElementeTikla(findTestObject("Popup/Popup_Butons"), Buton): Method.TextDegerineEsitElementeTikla is PASSED

2021-11-23 09:56:33 - [MESSAGE][INFO] - Finding Test Object 'Object Repository/Popup/Popup_Butons'

2021-11-23 09:56:33 - [MESSAGE][INFO] - Checking timeout

2021-11-23 09:56:33 - [MESSAGE][INFO] - Finding web element with id: 'Object Repository/Popup/Popup_Butons' located by 'By.cssSelector: .modal-footer>button' in '10' second(s)

2021-11-23 09:56:33 - [MESSAGE][INFO] - Smart Wait Function is triggered

2021-11-23 09:56:34 - [MESSAGE][INFO] - Found 1 web elements with id: 'Object Repository/Popup/Popup_Butons' located by 'By.cssSelector: .modal-footer>button' in '10' second(s)

2021-11-23 09:56:34 - [MESSAGE][PASSED] - Method.TextDegerineEsitElementeTikla is PASSED

2021-11-23 09:56:34 - [MESSAGE][PASSED] - Call Test Case 'Test Cases/Popup/PopupButonSecilir' successfully

2021-11-23 09:56:34 - [MESSAGE][INFO] - Checking called Test Case

2021-11-23 09:56:34 - [MESSAGE][INFO] - Starting to call Test Case 'Test Cases/Kullanici_Islemleri/KullaniciIslemlerindenSecimYapilir'

2021-11-23 09:56:34 - [TEST_CASE][PASSED] - Test Cases/Kullanici_Islemleri/KullaniciIslemlerindenSecimYapilir: Test Cases/Kullanici_Islemleri/KullaniciIslemlerindenSecimYapilir

2021-11-23 09:56:34 - [TEST_STEP][PASSED] - waitForElementClickable(findTestObject("Object Repository/Kullanici_Islemleri/KullaniciIslemleri"), 10): Object 'Object Repository/Kullanici_Islemleri/KullaniciIslemleri' is clickable

2021-11-23 09:56:34 - [MESSAGE][INFO] - Finding Test Object 'Object Repository/Kullanici_Islemleri/KullaniciIslemleri'

2021-11-23 09:56:34 - [MESSAGE][INFO] - Checking object

2021-11-23 09:56:34 - [MESSAGE][INFO] - Checking timeout

2021-11-23 09:56:34 - [MESSAGE][INFO] - Finding web element from Test Object's properties

2021-11-23 09:56:34 - [MESSAGE][INFO] - Checking timeout

2021-11-23 09:56:34 - [MESSAGE][INFO] - Finding web element with id: 'Object Repository/Kullanici_Islemleri/KullaniciIslemleri' located by 'By.cssSelector: .dropdown>a>img' in '10' second(s)

2021-11-23 09:56:34 - [MESSAGE][INFO] - Smart Wait Function is triggered

2021-11-23 09:56:35 - [MESSAGE][INFO] - Found 1 web elements with id: 'Object Repository/Kullanici_Islemleri/KullaniciIslemleri' located by 'By.cssSelector: .dropdown>a>img' in '10' second(s)

2021-11-23 09:56:35 - [MESSAGE][PASSED] - Object 'Object Repository/Kullanici_Islemleri/KullaniciIslemleri' is clickable

2021-11-23 09:56:35 - [TEST_STEP][PASSED] - click(findTestObject("Object Repository/Kullanici_Islemleri/KullaniciIslemleri")): Object: 'Object Repository/Kullanici_Islemleri/KullaniciIslemleri' is clicked on

2021-11-23 09:56:35 - [MESSAGE][INFO] - Finding Test Object 'Object Repository/Kullanici_Islemleri/KullaniciIslemleri'

2021-11-23 09:56:35 - [MESSAGE][INFO] - Checking object

2021-11-23 09:56:35 - [MESSAGE][INFO] - Finding web element from Test Object's properties

2021-11-23 09:56:35 - [MESSAGE][INFO] - Checking timeout

2021-11-23 09:56:35 - [MESSAGE][INFO] - Finding web element with id: 'Object Repository/Kullanici_Islemleri/KullaniciIslemleri' located by 'By.cssSelector: .dropdown>a>img' in '30' second(s)

2021-11-23 09:56:35 - [MESSAGE][INFO] - Smart Wait Function is triggered

2021-11-23 09:56:35 - [MESSAGE][INFO] - Found 1 web elements with id: 'Object Repository/Kullanici_Islemleri/KullaniciIslemleri' located by 'By.cssSelector: .dropdown>a>img' in '30' second(s)

2021-11-23 09:56:35 - [MESSAGE][INFO] - Clicking on object: 'Object Repository/Kullanici_Islemleri/KullaniciIslemleri'

2021-11-23 09:56:35 - [MESSAGE][PASSED] - Object: 'Object Repository/Kullanici_Islemleri/KullaniciIslemleri' is clicked on

2021-11-23 09:56:35 - [TEST_STEP][PASSED] - Method.TextDegerineEsitElementeTikla(findTestObject("Object Repository/Kullanici_Islemleri/Secenekler"), Islem): Method.TextDegerineEsitElementeTikla is PASSED

2021-11-23 09:56:35 - [MESSAGE][INFO] - Finding Test Object 'Object Repository/Kullanici_Islemleri/Secenekler'

2021-11-23 09:56:35 - [MESSAGE][INFO] - Checking timeout

2021-11-23 09:56:35 - [MESSAGE][INFO] - Finding web element with id: 'Object Repository/Kullanici_Islemleri/Secenekler' located by 'By.cssSelector: .nav.navbar-nav.navbar-right li a' in '10' second(s)

2021-11-23 09:56:35 - [MESSAGE][INFO] - Smart Wait Function is triggered

2021-11-23 09:56:36 - [MESSAGE][INFO] - Found 22 web elements with id: 'Object Repository/Kullanici_Islemleri/Secenekler' located by 'By.cssSelector: .nav.navbar-nav.navbar-right li a' in '10' second(s)

2021-11-23 09:56:37 - [MESSAGE][PASSED] - Method.TextDegerineEsitElementeTikla is PASSED

2021-11-23 09:56:37 - [TEST_STEP][PASSED] - verifyElementNotPresent(findTestObject("Object Repository/Kullanici_Islemleri/Secenekler"), 10): Web element with id: 'Object Repository/Kullanici_Islemleri/Secenekler' located by 'By.cssSelector: .nav.navbar-nav.navbar-right li a' is not present after '10' second(s)

2021-11-23 09:56:37 - [MESSAGE][INFO] - Finding Test Object 'Object Repository/Kullanici_Islemleri/Secenekler'

2021-11-23 09:56:37 - [MESSAGE][INFO] - Checking object

2021-11-23 09:56:37 - [MESSAGE][INFO] - Checking timeout

2021-11-23 09:56:37 - [MESSAGE][INFO] - Finding web element with id: 'Object Repository/Kullanici_Islemleri/Secenekler' located by 'By.cssSelector: .nav.navbar-nav.navbar-right li a' in '10' second(s)

2021-11-23 09:56:37 - [MESSAGE][INFO] - Smart Wait Function is triggered

2021-11-23 09:56:37 - [MESSAGE][PASSED] - Web element with id: 'Object Repository/Kullanici_Islemleri/Secenekler' located by 'By.cssSelector: .nav.navbar-nav.navbar-right li a' is not present after '10' second(s)

2021-11-23 09:56:37 - [MESSAGE][PASSED] - Call Test Case 'Test Cases/Kullanici_Islemleri/KullaniciIslemlerindenSecimYapilir' successfully

2021-11-23 09:56:37 - [TEST_CASE][PASSED] - Start Test Case : SCENARIO Departman Silme: SCENARIO Departman Silme

2021-11-23 09:56:37 - [TEST_STEP][PASSED] - Kullanıcı adı ELOGO6 ve Şifre 123456 olarak giriş yapılır: Kullanıcı adı ELOGO6 ve Şifre 123456 olarak giriş yapılır

2021-11-23 09:56:37 - [MESSAGE][PASSED] - Kullanıcı adı ELOGO6 ve Şifre 123456 olarak giriş yapılır

2021-11-23 09:56:37 - [TEST_STEP][PASSED] - Ana menüden Firma Yönetimi seçilir: Ana menüden Firma Yönetimi seçilir

2021-11-23 09:56:37 - [MESSAGE][PASSED] - Ana menüden Firma Yönetimi seçilir

2021-11-23 09:56:37 - [TEST_STEP][PASSED] - Alt menüden Yetki Yönetimi seçilir: Alt menüden Yetki Yönetimi seçilir

2021-11-23 09:56:37 - [MESSAGE][PASSED] - Alt menüden Yetki Yönetimi seçilir

2021-11-23 09:56:37 - [TEST_STEP][PASSED] - Sekmelerden Departman Tanımları seçilir: Sekmelerden Departman Tanımları seçilir

2021-11-23 09:56:37 - [MESSAGE][PASSED] - Sekmelerden Departman Tanımları seçilir

2021-11-23 09:56:37 - [TEST_STEP][PASSED] - Filtre butonlarından Listele seçilir: Filtre butonlarından Listele seçilir

2021-11-23 09:56:37 - [MESSAGE][PASSED] - Filtre butonlarından Listele seçilir

2021-11-23 09:56:37 - [TEST_STEP][PASSED] - Tabloda veri var mı kontrol edilir: Tabloda veri var mı kontrol edilir

2021-11-23 09:56:37 - [MESSAGE][PASSED] - Tabloda veri var mı kontrol edilir

2021-11-23 09:56:37 - [TEST_STEP][PASSED] - Tablodan VirgosolDepartman isimli veri seçilir: Tablodan VirgosolDepartman isimli veri seçilir

2021-11-23 09:56:37 - [MESSAGE][PASSED] - Tablodan VirgosolDepartman isimli veri seçilir

2021-11-23 09:56:37 - [TEST_STEP][PASSED] - Butonlardan Sil isimli butona tıklanır: Butonlardan Sil isimli butona tıklanır

2021-11-23 09:56:37 - [MESSAGE][PASSED] - Butonlardan Sil isimli butona tıklanır

2021-11-23 09:56:37 - [TEST_STEP][PASSED] - Popup mesajı Seçilen kayıtlar silenecektir emin misiniz içeriyor mu: Popup mesajı Seçilen kayıtlar silenecektir emin misiniz içeriyor mu

2021-11-23 09:56:37 - [MESSAGE][PASSED] - Popup mesajı Seçilen kayıtlar silenecektir emin misiniz içeriyor mu

2021-11-23 09:56:37 - [TEST_STEP][PASSED] - Yönetim popupında Evet seçilir: Yönetim popupında Evet seçilir

2021-11-23 09:56:37 - [MESSAGE][PASSED] - Yönetim popupında Evet seçilir

2021-11-23 09:56:37 - [TEST_STEP][PASSED] - Yönetim popupında Tamam seçilir: Yönetim popupında Tamam seçilir

2021-11-23 09:56:37 - [MESSAGE][PASSED] - Yönetim popupında Tamam seçilir

2021-11-23 09:56:37 - [TEST_STEP][PASSED] - Kullanıcı işlemlerinden Çıkış seçilir: Kullanıcı işlemlerinden Çıkış seçilir

2021-11-23 09:56:37 - [MESSAGE][PASSED] - Kullanıcı işlemlerinden Çıkış seçilir

2021-11-23 09:56:37 - [MESSAGE][PASSED] - Feature file: 'Include/features/Firma Yonetimi/Yetki Yonetimi/Departman Tanimlari/Sil.feature' was passed

2021-11-23 09:56:37 - [TEST_STEP][PASSED] - Start listener action : sampleAfterTestSuite: Invoke 'com.kms.katalon.core.annotation.AfterTestCase' method: 'Listener.sampleAfterTestSuite(...)' completed.

2021-11-23 09:56:37 - [MESSAGE][INFO] - Starting invoke 'com.kms.katalon.core.annotation.AfterTestCase' method: 'Listener.sampleAfterTestSuite(...)'

2021-11-23 09:56:37 - [TEST_STEP][PASSED] - closeBrowser(): Invoke 'com.kms.katalon.core.annotation.AfterTestCase' method: 'Listener.sampleAfterTestSuite(...)' completed.

2021-11-23 09:56:37 - [MESSAGE][INFO] - Closing browser

2021-11-23 09:56:38 - [MESSAGE][PASSED] - Browser is closed

2021-11-23 09:56:38 - [MESSAGE][INFO] - Invoke 'com.kms.katalon.core.annotation.AfterTestCase' method: 'Listener.sampleAfterTestSuite(...)' completed.]]></system-out>
         <system-err><![CDATA[]]></system-err>
      </testcase>
      <testcase name="Test Cases/Case Repository/Firma Yonetimi/Yetki Yonetimi/Kullanici Tanimlari/Ekran Kontrolu" time="37.835" classname="Test Cases/Case Repository/Firma Yonetimi/Yetki Yonetimi/Kullanici Tanimlari/Ekran Kontrolu" status="PASSED">
         <system-out><![CDATA[2021-11-23 09:56:38 - [TEST_CASE][PASSED] - Test Cases/Case Repository/Firma Yonetimi/Yetki Yonetimi/Kullanici Tanimlari/Ekran Kontrolu: Test Cases/Case Repository/Firma Yonetimi/Yetki Yonetimi/Kullanici Tanimlari/Ekran Kontrolu

2021-11-23 09:56:38 - [TEST_STEP][PASSED] - Start listener action : sampleBeforeTestSuite: Invoke 'com.kms.katalon.core.annotation.BeforeTestCase' method: 'Listener.sampleBeforeTestSuite(...)' completed.

2021-11-23 09:56:38 - [MESSAGE][INFO] - Starting invoke 'com.kms.katalon.core.annotation.BeforeTestCase' method: 'Listener.sampleBeforeTestSuite(...)'

2021-11-23 09:56:38 - [TEST_STEP][PASSED] - openBrowser(baseUrl): Browser is opened with url: 'https://efatura-stage.elogo.com.tr/'

2021-11-23 09:56:38 - [MESSAGE][INFO] - Opening browser

2021-11-23 09:56:38 - [MESSAGE][INFO] - Starting 'Chrome' driver

2021-11-23 09:56:38 - [MESSAGE][INFO] - User set preference: ['prefs', '{download.default_directory=C:\otomasyondownfiles}']

2021-11-23 09:56:38 - [MESSAGE][INFO] - Action delay is set to 0 milliseconds

2021-11-23 09:56:40 - [MESSAGE][INFO] - Navigating browser to: 'https://efatura-stage.elogo.com.tr/'

2021-11-23 09:56:42 - [MESSAGE][PASSED] - Browser is opened with url: 'https://efatura-stage.elogo.com.tr/'

2021-11-23 09:56:42 - [TEST_STEP][PASSED] - maximizeWindow(): Invoke 'com.kms.katalon.core.annotation.BeforeTestCase' method: 'Listener.sampleBeforeTestSuite(...)' completed.

2021-11-23 09:56:42 - [MESSAGE][INFO] - Maximizing current window

2021-11-23 09:56:43 - [MESSAGE][PASSED] - Current window maximized

2021-11-23 09:56:43 - [MESSAGE][INFO] - Invoke 'com.kms.katalon.core.annotation.BeforeTestCase' method: 'Listener.sampleBeforeTestSuite(...)' completed.

2021-11-23 09:56:43 - [TEST_STEP][PASSED] - runFeatureFile("Include/features/Firma Yonetimi/Yetki Yonetimi/Kullanici Tanimlari/Ekran Kontrolu.feature"): Feature file: 'Include/features/Firma Yonetimi/Yetki Yonetimi/Kullanici Tanimlari/Ekran Kontrolu.feature' was passed

2021-11-23 09:56:43 - [MESSAGE][INFO] - Starting run keyword runFeatureFile: 'Include/features/Firma Yonetimi/Yetki Yonetimi/Kullanici Tanimlari/Ekran Kontrolu.feature' and extract report to folder: 'C:\Users\DELL\Documents\GitHub\EES_KatalonLogo\Reports\20211123_091110\Suite Repository\Firma_Yonetimi\20211123_091222/cucumber_report/1637650603506'...

2021-11-23 09:56:43 - [MESSAGE][INFO] - Glue: []

2021-11-23 09:56:45 - [MESSAGE][INFO] - Checking called Test Case

2021-11-23 09:56:45 - [MESSAGE][INFO] - Starting to call Test Case 'Test Cases/Sayfalar/Giris_Sayfasi/Login'

2021-11-23 09:56:45 - [TEST_CASE][PASSED] - Test Cases/Sayfalar/Giris_Sayfasi/Login: Test Cases/Sayfalar/Giris_Sayfasi/Login

2021-11-23 09:56:45 - [TEST_STEP][PASSED] - Sayfa_Basligi = getWindowTitle(): Current window's title is: 'LOGO e-Fatura'

2021-11-23 09:56:45 - [MESSAGE][INFO] - Getting current window's title

2021-11-23 09:56:45 - [MESSAGE][PASSED] - Current window's title is: 'LOGO e-Fatura'

2021-11-23 09:56:45 - [TEST_STEP][PASSED] - verifyMatch(Sayfa_Basligi, "LOGO e-Fatura", false): Actual text 'LOGO e-Fatura' and expected text 'LOGO e-Fatura' are matched 

2021-11-23 09:56:45 - [MESSAGE][INFO] - Matching actual text 'LOGO e-Fatura' with expected text 'LOGO e-Fatura'

2021-11-23 09:56:45 - [MESSAGE][PASSED] - Actual text 'LOGO e-Fatura' and expected text 'LOGO e-Fatura' are matched 

2021-11-23 09:56:45 - [TEST_STEP][PASSED] - sendKeys(findTestObject("Sayfalar/Giris_Sayfasi/Firma_Kodu"), KullaniciAdi): Keys 'ELOGO6' sent to object: 'Object Repository/Sayfalar/Giris_Sayfasi/Firma_Kodu'

2021-11-23 09:56:45 - [MESSAGE][INFO] - Finding Test Object 'Object Repository/Sayfalar/Giris_Sayfasi/Firma_Kodu'

2021-11-23 09:56:45 - [MESSAGE][INFO] - Sending keys 'ELOGO6' to object: 'Object Repository/Sayfalar/Giris_Sayfasi/Firma_Kodu'

2021-11-23 09:56:45 - [MESSAGE][INFO] - Finding web element from Test Object's properties

2021-11-23 09:56:45 - [MESSAGE][INFO] - Checking timeout

2021-11-23 09:56:45 - [MESSAGE][INFO] - Finding web element with id: 'Object Repository/Sayfalar/Giris_Sayfasi/Firma_Kodu' located by 'By.xpath: //*[@id = 'AccountName']' in '30' second(s)

2021-11-23 09:56:45 - [MESSAGE][INFO] - Smart Wait Function is triggered

2021-11-23 09:56:46 - [MESSAGE][INFO] - Found 1 web elements with id: 'Object Repository/Sayfalar/Giris_Sayfasi/Firma_Kodu' located by 'By.xpath: //*[@id = 'AccountName']' in '30' second(s)

2021-11-23 09:56:46 - [MESSAGE][PASSED] - Keys 'ELOGO6' sent to object: 'Object Repository/Sayfalar/Giris_Sayfasi/Firma_Kodu'

2021-11-23 09:56:46 - [TEST_STEP][PASSED] - sendKeys(findTestObject("Sayfalar/Giris_Sayfasi/Sifre"), Sifre): Keys '123456' sent to object: 'Object Repository/Sayfalar/Giris_Sayfasi/Sifre'

2021-11-23 09:56:46 - [MESSAGE][INFO] - Finding Test Object 'Object Repository/Sayfalar/Giris_Sayfasi/Sifre'

2021-11-23 09:56:46 - [MESSAGE][INFO] - Sending keys '123456' to object: 'Object Repository/Sayfalar/Giris_Sayfasi/Sifre'

2021-11-23 09:56:46 - [MESSAGE][INFO] - Finding web element from Test Object's properties

2021-11-23 09:56:46 - [MESSAGE][INFO] - Checking timeout

2021-11-23 09:56:46 - [MESSAGE][INFO] - Finding web element with id: 'Object Repository/Sayfalar/Giris_Sayfasi/Sifre' located by 'By.xpath: //*[@id = 'Password']' in '30' second(s)

2021-11-23 09:56:46 - [MESSAGE][INFO] - Smart Wait Function is triggered

2021-11-23 09:56:46 - [MESSAGE][INFO] - Found 1 web elements with id: 'Object Repository/Sayfalar/Giris_Sayfasi/Sifre' located by 'By.xpath: //*[@id = 'Password']' in '30' second(s)

2021-11-23 09:56:46 - [MESSAGE][PASSED] - Keys '123456' sent to object: 'Object Repository/Sayfalar/Giris_Sayfasi/Sifre'

2021-11-23 09:56:46 - [TEST_STEP][PASSED] - findWebElement(findTestObject("Sayfalar/Giris_Sayfasi/Giris_Butonu")).click(): Found 1 web elements with id: 'Object Repository/Sayfalar/Giris_Sayfasi/Giris_Butonu' located by 'By.cssSelector: #btnLogin' in '30' second(s)

2021-11-23 09:56:46 - [MESSAGE][INFO] - Finding Test Object 'Object Repository/Sayfalar/Giris_Sayfasi/Giris_Butonu'

2021-11-23 09:56:47 - [MESSAGE][INFO] - Finding web element from Test Object's properties

2021-11-23 09:56:47 - [MESSAGE][INFO] - Checking timeout

2021-11-23 09:56:47 - [MESSAGE][INFO] - Finding web element with id: 'Object Repository/Sayfalar/Giris_Sayfasi/Giris_Butonu' located by 'By.cssSelector: #btnLogin' in '30' second(s)

2021-11-23 09:56:47 - [MESSAGE][INFO] - Smart Wait Function is triggered

2021-11-23 09:56:47 - [MESSAGE][INFO] - Found 1 web elements with id: 'Object Repository/Sayfalar/Giris_Sayfasi/Giris_Butonu' located by 'By.cssSelector: #btnLogin' in '30' second(s)

2021-11-23 09:56:49 - [TEST_STEP][PASSED] - if (verifyElementPresent(findTestObject("Object Repository/Sayfalar/Giris_Sayfasi/RetveTamam_Butonu"), 5, OPTIONAL)): null

2021-11-23 09:56:49 - [MESSAGE][INFO] - Finding Test Object 'Object Repository/Sayfalar/Giris_Sayfasi/RetveTamam_Butonu'

2021-11-23 09:56:50 - [MESSAGE][INFO] - Checking object

2021-11-23 09:56:50 - [MESSAGE][INFO] - Finding web element from Test Object's properties

2021-11-23 09:56:50 - [MESSAGE][INFO] - Checking timeout

2021-11-23 09:56:50 - [MESSAGE][INFO] - Finding web element with id: 'Object Repository/Sayfalar/Giris_Sayfasi/RetveTamam_Butonu' located by 'By.xpath: //*[@class = 'btn btn-default']' in '5' second(s)

2021-11-23 09:56:50 - [MESSAGE][INFO] - Smart Wait Function is triggered

2021-11-23 09:56:50 - [MESSAGE][INFO] - Found 1 web elements with id: 'Object Repository/Sayfalar/Giris_Sayfasi/RetveTamam_Butonu' located by 'By.xpath: //*[@class = 'btn btn-default']' in '5' second(s)

2021-11-23 09:56:50 - [MESSAGE][PASSED] - Object 'Object Repository/Sayfalar/Giris_Sayfasi/RetveTamam_Butonu' is present

2021-11-23 09:56:50 - [TEST_STEP][PASSED] - click(findTestObject("Object Repository/Sayfalar/Giris_Sayfasi/RetveTamam_Butonu")): Object: 'Object Repository/Sayfalar/Giris_Sayfasi/RetveTamam_Butonu' is clicked on

2021-11-23 09:56:50 - [MESSAGE][INFO] - Finding Test Object 'Object Repository/Sayfalar/Giris_Sayfasi/RetveTamam_Butonu'

2021-11-23 09:56:50 - [MESSAGE][INFO] - Checking object

2021-11-23 09:56:50 - [MESSAGE][INFO] - Finding web element from Test Object's properties

2021-11-23 09:56:50 - [MESSAGE][INFO] - Checking timeout

2021-11-23 09:56:50 - [MESSAGE][INFO] - Finding web element with id: 'Object Repository/Sayfalar/Giris_Sayfasi/RetveTamam_Butonu' located by 'By.xpath: //*[@class = 'btn btn-default']' in '30' second(s)

2021-11-23 09:56:50 - [MESSAGE][INFO] - Smart Wait Function is triggered

2021-11-23 09:56:50 - [MESSAGE][INFO] - Found 1 web elements with id: 'Object Repository/Sayfalar/Giris_Sayfasi/RetveTamam_Butonu' located by 'By.xpath: //*[@class = 'btn btn-default']' in '30' second(s)

2021-11-23 09:56:50 - [MESSAGE][INFO] - Clicking on object: 'Object Repository/Sayfalar/Giris_Sayfasi/RetveTamam_Butonu'

2021-11-23 09:56:50 - [MESSAGE][PASSED] - Object: 'Object Repository/Sayfalar/Giris_Sayfasi/RetveTamam_Butonu' is clicked on

2021-11-23 09:56:50 - [TEST_STEP][PASSED] - click(findTestObject("Object Repository/Sayfalar/Giris_Sayfasi/RetveTamam_Butonu")): Object: 'Object Repository/Sayfalar/Giris_Sayfasi/RetveTamam_Butonu' is clicked on

2021-11-23 09:56:50 - [MESSAGE][INFO] - Finding Test Object 'Object Repository/Sayfalar/Giris_Sayfasi/RetveTamam_Butonu'

2021-11-23 09:56:51 - [MESSAGE][INFO] - Checking object

2021-11-23 09:56:51 - [MESSAGE][INFO] - Finding web element from Test Object's properties

2021-11-23 09:56:51 - [MESSAGE][INFO] - Checking timeout

2021-11-23 09:56:51 - [MESSAGE][INFO] - Finding web element with id: 'Object Repository/Sayfalar/Giris_Sayfasi/RetveTamam_Butonu' located by 'By.xpath: //*[@class = 'btn btn-default']' in '30' second(s)

2021-11-23 09:56:51 - [MESSAGE][INFO] - Smart Wait Function is triggered

2021-11-23 09:57:00 - [MESSAGE][INFO] - Found 1 web elements with id: 'Object Repository/Sayfalar/Giris_Sayfasi/RetveTamam_Butonu' located by 'By.xpath: //*[@class = 'btn btn-default']' in '30' second(s)

2021-11-23 09:57:00 - [MESSAGE][INFO] - Clicking on object: 'Object Repository/Sayfalar/Giris_Sayfasi/RetveTamam_Butonu'

2021-11-23 09:57:00 - [MESSAGE][PASSED] - Object: 'Object Repository/Sayfalar/Giris_Sayfasi/RetveTamam_Butonu' is clicked on

2021-11-23 09:57:00 - [TEST_STEP][PASSED] - if (verifyElementPresent(findTestObject("Sayfalar/Giris_Sayfasi/PopupOK"), 5, OPTIONAL)): null

2021-11-23 09:57:00 - [MESSAGE][INFO] - Finding Test Object 'Object Repository/Sayfalar/Giris_Sayfasi/PopupOK'

2021-11-23 09:57:00 - [MESSAGE][INFO] - Checking object

2021-11-23 09:57:00 - [MESSAGE][INFO] - Finding web element from Test Object's properties

2021-11-23 09:57:00 - [MESSAGE][INFO] - Checking timeout

2021-11-23 09:57:00 - [MESSAGE][INFO] - Finding web element with id: 'Object Repository/Sayfalar/Giris_Sayfasi/PopupOK' located by 'By.cssSelector: .btn.btn-success' in '5' second(s)

2021-11-23 09:57:00 - [MESSAGE][INFO] - Smart Wait Function is triggered

2021-11-23 09:57:00 - [MESSAGE][INFO] - Found 1 web elements with id: 'Object Repository/Sayfalar/Giris_Sayfasi/PopupOK' located by 'By.cssSelector: .btn.btn-success' in '5' second(s)

2021-11-23 09:57:00 - [MESSAGE][PASSED] - Object 'Object Repository/Sayfalar/Giris_Sayfasi/PopupOK' is present

2021-11-23 09:57:00 - [TEST_STEP][PASSED] - click(findTestObject("Object Repository/Sayfalar/Giris_Sayfasi/PopupCarpiGiris")): Object: 'Object Repository/Sayfalar/Giris_Sayfasi/PopupCarpiGiris' is clicked on

2021-11-23 09:57:00 - [MESSAGE][INFO] - Finding Test Object 'Object Repository/Sayfalar/Giris_Sayfasi/PopupCarpiGiris'

2021-11-23 09:57:01 - [MESSAGE][INFO] - Checking object

2021-11-23 09:57:01 - [MESSAGE][INFO] - Finding web element from Test Object's properties

2021-11-23 09:57:01 - [MESSAGE][INFO] - Checking timeout

2021-11-23 09:57:01 - [MESSAGE][INFO] - Finding web element with id: 'Object Repository/Sayfalar/Giris_Sayfasi/PopupCarpiGiris' located by 'By.cssSelector: .bootbox-close-button.close' in '30' second(s)

2021-11-23 09:57:01 - [MESSAGE][INFO] - Smart Wait Function is triggered

2021-11-23 09:57:01 - [MESSAGE][INFO] - Found 1 web elements with id: 'Object Repository/Sayfalar/Giris_Sayfasi/PopupCarpiGiris' located by 'By.cssSelector: .bootbox-close-button.close' in '30' second(s)

2021-11-23 09:57:01 - [MESSAGE][INFO] - Clicking on object: 'Object Repository/Sayfalar/Giris_Sayfasi/PopupCarpiGiris'

2021-11-23 09:57:01 - [MESSAGE][PASSED] - Object: 'Object Repository/Sayfalar/Giris_Sayfasi/PopupCarpiGiris' is clicked on

2021-11-23 09:57:01 - [TEST_STEP][PASSED] - verifyElementVisible(findTestObject("Object Repository/Kullanici_Islemleri/KullaniciIslemleri")): Object 'Object Repository/Kullanici_Islemleri/KullaniciIslemleri' is visible

2021-11-23 09:57:01 - [MESSAGE][INFO] - Finding Test Object 'Object Repository/Kullanici_Islemleri/KullaniciIslemleri'

2021-11-23 09:57:01 - [MESSAGE][INFO] - Checking object

2021-11-23 09:57:01 - [MESSAGE][INFO] - Finding web element from Test Object's properties

2021-11-23 09:57:01 - [MESSAGE][INFO] - Checking timeout

2021-11-23 09:57:01 - [MESSAGE][INFO] - Finding web element with id: 'Object Repository/Kullanici_Islemleri/KullaniciIslemleri' located by 'By.cssSelector: .dropdown>a>img' in '30' second(s)

2021-11-23 09:57:01 - [MESSAGE][INFO] - Smart Wait Function is triggered

2021-11-23 09:57:02 - [MESSAGE][INFO] - Found 1 web elements with id: 'Object Repository/Kullanici_Islemleri/KullaniciIslemleri' located by 'By.cssSelector: .dropdown>a>img' in '30' second(s)

2021-11-23 09:57:02 - [MESSAGE][PASSED] - Object 'Object Repository/Kullanici_Islemleri/KullaniciIslemleri' is visible

2021-11-23 09:57:02 - [MESSAGE][PASSED] - Call Test Case 'Test Cases/Sayfalar/Giris_Sayfasi/Login' successfully

2021-11-23 09:57:02 - [MESSAGE][INFO] - Checking called Test Case

2021-11-23 09:57:02 - [MESSAGE][INFO] - Starting to call Test Case 'Test Cases/Menu/AnaMenuSecimi'

2021-11-23 09:57:02 - [TEST_CASE][PASSED] - Test Cases/Menu/AnaMenuSecimi: Test Cases/Menu/AnaMenuSecimi

2021-11-23 09:57:02 - [TEST_STEP][PASSED] - Method.TextDegerineEsitElementeTikla(findTestObject("Menu/Ana_Menu"), Ana_Menu): Method.TextDegerineEsitElementeTikla is PASSED

2021-11-23 09:57:02 - [MESSAGE][INFO] - Finding Test Object 'Object Repository/Menu/Ana_Menu'

2021-11-23 09:57:02 - [MESSAGE][INFO] - Checking timeout

2021-11-23 09:57:02 - [MESSAGE][INFO] - Finding web element with id: 'Object Repository/Menu/Ana_Menu' located by 'By.xpath: //*[@class = 'dropdown-toggle']' in '10' second(s)

2021-11-23 09:57:02 - [MESSAGE][INFO] - Smart Wait Function is triggered

2021-11-23 09:57:02 - [MESSAGE][INFO] - Found 14 web elements with id: 'Object Repository/Menu/Ana_Menu' located by 'By.xpath: //*[@class = 'dropdown-toggle']' in '10' second(s)

2021-11-23 09:57:03 - [MESSAGE][PASSED] - Method.TextDegerineEsitElementeTikla is PASSED

2021-11-23 09:57:03 - [MESSAGE][PASSED] - Call Test Case 'Test Cases/Menu/AnaMenuSecimi' successfully

2021-11-23 09:57:03 - [MESSAGE][INFO] - Checking called Test Case

2021-11-23 09:57:03 - [MESSAGE][INFO] - Starting to call Test Case 'Test Cases/Menu/AltMenuSecimi'

2021-11-23 09:57:03 - [TEST_CASE][PASSED] - Test Cases/Menu/AltMenuSecimi: Test Cases/Menu/AltMenuSecimi

2021-11-23 09:57:03 - [TEST_STEP][PASSED] - Method.TextDegerineEsitElementeTikla(findTestObject("Menu/Alt_Menu"), Alt_Menu): Method.TextDegerineEsitElementeTikla is PASSED

2021-11-23 09:57:03 - [MESSAGE][INFO] - Finding Test Object 'Object Repository/Menu/Alt_Menu'

2021-11-23 09:57:03 - [MESSAGE][INFO] - Checking timeout

2021-11-23 09:57:03 - [MESSAGE][INFO] - Finding web element with id: 'Object Repository/Menu/Alt_Menu' located by 'By.xpath: //li[@class='dropdown dropdown-large open']//li[@class='dropdown-element']' in '10' second(s)

2021-11-23 09:57:03 - [MESSAGE][INFO] - Smart Wait Function is triggered

2021-11-23 09:57:03 - [MESSAGE][INFO] - Found 1 web elements with id: 'Object Repository/Menu/Alt_Menu' located by 'By.xpath: //li[@class='dropdown dropdown-large open']//li[@class='dropdown-element']' in '10' second(s)

2021-11-23 09:57:06 - [MESSAGE][PASSED] - Method.TextDegerineEsitElementeTikla is PASSED

2021-11-23 09:57:06 - [MESSAGE][PASSED] - Call Test Case 'Test Cases/Menu/AltMenuSecimi' successfully

2021-11-23 09:57:06 - [MESSAGE][INFO] - Checking called Test Case

2021-11-23 09:57:06 - [MESSAGE][INFO] - Starting to call Test Case 'Test Cases/Sayfalar/Yetki_Yonetimi/SekmeSecilir'

2021-11-23 09:57:06 - [TEST_CASE][PASSED] - Test Cases/Sayfalar/Yetki_Yonetimi/SekmeSecilir: Test Cases/Sayfalar/Yetki_Yonetimi/SekmeSecilir

2021-11-23 09:57:06 - [TEST_STEP][PASSED] - Method.TextDegerineEsitElementeTikla(findTestObject("Object Repository/Sayfalar/Yetki_Yonetimi/Sekmeler"), Sekme): Method.TextDegerineEsitElementeTikla is PASSED

2021-11-23 09:57:06 - [MESSAGE][INFO] - Finding Test Object 'Object Repository/Sayfalar/Yetki_Yonetimi/Sekmeler'

2021-11-23 09:57:06 - [MESSAGE][INFO] - Checking timeout

2021-11-23 09:57:06 - [MESSAGE][INFO] - Finding web element with id: 'Object Repository/Sayfalar/Yetki_Yonetimi/Sekmeler' located by 'By.cssSelector: #pcFeatures_TC>li[class="dxtc-tab"] span,#pcFeatures_TC>li[class="dxtc-activeTab dxtc-lead"] span' in '10' second(s)

2021-11-23 09:57:06 - [MESSAGE][INFO] - Smart Wait Function is triggered

2021-11-23 09:57:06 - [MESSAGE][INFO] - Found 3 web elements with id: 'Object Repository/Sayfalar/Yetki_Yonetimi/Sekmeler' located by 'By.cssSelector: #pcFeatures_TC>li[class="dxtc-tab"] span,#pcFeatures_TC>li[class="dxtc-activeTab dxtc-lead"] span' in '10' second(s)

2021-11-23 09:57:06 - [MESSAGE][PASSED] - Method.TextDegerineEsitElementeTikla is PASSED

2021-11-23 09:57:06 - [MESSAGE][PASSED] - Call Test Case 'Test Cases/Sayfalar/Yetki_Yonetimi/SekmeSecilir' successfully

2021-11-23 09:57:06 - [MESSAGE][INFO] - Checking called Test Case

2021-11-23 09:57:06 - [MESSAGE][INFO] - Starting to call Test Case 'Test Cases/Filtreler/FiltreVarMi'

2021-11-23 09:57:06 - [TEST_CASE][PASSED] - Test Cases/Filtreler/FiltreVarMi: Test Cases/Filtreler/FiltreVarMi

2021-11-23 09:57:06 - [TEST_STEP][PASSED] - Method.TextDegerineEsitElementVarMi(findTestObject("Filtreler/Basliklar"), Filtre_alan): Method.TextDegerineEsitElementVarMi is PASSED

2021-11-23 09:57:06 - [MESSAGE][INFO] - Finding Test Object 'Object Repository/Filtreler/Basliklar'

2021-11-23 09:57:06 - [MESSAGE][INFO] - Checking timeout

2021-11-23 09:57:06 - [MESSAGE][INFO] - Finding web element with id: 'Object Repository/Filtreler/Basliklar' located by 'By.cssSelector: .control-label.col-sm-4.paddingMarginRLC' in '10' second(s)

2021-11-23 09:57:06 - [MESSAGE][INFO] - Smart Wait Function is triggered

2021-11-23 09:57:07 - [MESSAGE][INFO] - Found 12 web elements with id: 'Object Repository/Filtreler/Basliklar' located by 'By.cssSelector: .control-label.col-sm-4.paddingMarginRLC' in '10' second(s)

2021-11-23 09:57:07 - [MESSAGE][PASSED] - Method.TextDegerineEsitElementVarMi is PASSED

2021-11-23 09:57:07 - [MESSAGE][PASSED] - Call Test Case 'Test Cases/Filtreler/FiltreVarMi' successfully

2021-11-23 09:57:07 - [MESSAGE][INFO] - Checking called Test Case

2021-11-23 09:57:07 - [MESSAGE][INFO] - Starting to call Test Case 'Test Cases/Filtreler/FiltreVarMi'

2021-11-23 09:57:07 - [TEST_CASE][PASSED] - Test Cases/Filtreler/FiltreVarMi: Test Cases/Filtreler/FiltreVarMi

2021-11-23 09:57:07 - [TEST_STEP][PASSED] - Method.TextDegerineEsitElementVarMi(findTestObject("Filtreler/Basliklar"), Filtre_alan): Method.TextDegerineEsitElementVarMi is PASSED

2021-11-23 09:57:07 - [MESSAGE][INFO] - Finding Test Object 'Object Repository/Filtreler/Basliklar'

2021-11-23 09:57:07 - [MESSAGE][INFO] - Checking timeout

2021-11-23 09:57:07 - [MESSAGE][INFO] - Finding web element with id: 'Object Repository/Filtreler/Basliklar' located by 'By.cssSelector: .control-label.col-sm-4.paddingMarginRLC' in '10' second(s)

2021-11-23 09:57:07 - [MESSAGE][INFO] - Smart Wait Function is triggered

2021-11-23 09:57:07 - [MESSAGE][INFO] - Found 12 web elements with id: 'Object Repository/Filtreler/Basliklar' located by 'By.cssSelector: .control-label.col-sm-4.paddingMarginRLC' in '10' second(s)

2021-11-23 09:57:07 - [MESSAGE][PASSED] - Method.TextDegerineEsitElementVarMi is PASSED

2021-11-23 09:57:07 - [MESSAGE][PASSED] - Call Test Case 'Test Cases/Filtreler/FiltreVarMi' successfully

2021-11-23 09:57:07 - [MESSAGE][INFO] - Checking called Test Case

2021-11-23 09:57:07 - [MESSAGE][INFO] - Starting to call Test Case 'Test Cases/Filtreler/FiltreVarMi'

2021-11-23 09:57:07 - [TEST_CASE][PASSED] - Test Cases/Filtreler/FiltreVarMi: Test Cases/Filtreler/FiltreVarMi

2021-11-23 09:57:07 - [TEST_STEP][PASSED] - Method.TextDegerineEsitElementVarMi(findTestObject("Filtreler/Basliklar"), Filtre_alan): Method.TextDegerineEsitElementVarMi is PASSED

2021-11-23 09:57:07 - [MESSAGE][INFO] - Finding Test Object 'Object Repository/Filtreler/Basliklar'

2021-11-23 09:57:07 - [MESSAGE][INFO] - Checking timeout

2021-11-23 09:57:07 - [MESSAGE][INFO] - Finding web element with id: 'Object Repository/Filtreler/Basliklar' located by 'By.cssSelector: .control-label.col-sm-4.paddingMarginRLC' in '10' second(s)

2021-11-23 09:57:07 - [MESSAGE][INFO] - Smart Wait Function is triggered

2021-11-23 09:57:07 - [MESSAGE][INFO] - Found 12 web elements with id: 'Object Repository/Filtreler/Basliklar' located by 'By.cssSelector: .control-label.col-sm-4.paddingMarginRLC' in '10' second(s)

2021-11-23 09:57:07 - [MESSAGE][PASSED] - Method.TextDegerineEsitElementVarMi is PASSED

2021-11-23 09:57:07 - [MESSAGE][PASSED] - Call Test Case 'Test Cases/Filtreler/FiltreVarMi' successfully

2021-11-23 09:57:07 - [MESSAGE][INFO] - Checking called Test Case

2021-11-23 09:57:07 - [MESSAGE][INFO] - Starting to call Test Case 'Test Cases/Filtreler/FiltreVarMi'

2021-11-23 09:57:08 - [TEST_CASE][PASSED] - Test Cases/Filtreler/FiltreVarMi: Test Cases/Filtreler/FiltreVarMi

2021-11-23 09:57:08 - [TEST_STEP][PASSED] - Method.TextDegerineEsitElementVarMi(findTestObject("Filtreler/Basliklar"), Filtre_alan): Method.TextDegerineEsitElementVarMi is PASSED

2021-11-23 09:57:08 - [MESSAGE][INFO] - Finding Test Object 'Object Repository/Filtreler/Basliklar'

2021-11-23 09:57:08 - [MESSAGE][INFO] - Checking timeout

2021-11-23 09:57:08 - [MESSAGE][INFO] - Finding web element with id: 'Object Repository/Filtreler/Basliklar' located by 'By.cssSelector: .control-label.col-sm-4.paddingMarginRLC' in '10' second(s)

2021-11-23 09:57:08 - [MESSAGE][INFO] - Smart Wait Function is triggered

2021-11-23 09:57:08 - [MESSAGE][INFO] - Found 12 web elements with id: 'Object Repository/Filtreler/Basliklar' located by 'By.cssSelector: .control-label.col-sm-4.paddingMarginRLC' in '10' second(s)

2021-11-23 09:57:08 - [MESSAGE][PASSED] - Method.TextDegerineEsitElementVarMi is PASSED

2021-11-23 09:57:08 - [MESSAGE][PASSED] - Call Test Case 'Test Cases/Filtreler/FiltreVarMi' successfully

2021-11-23 09:57:08 - [MESSAGE][INFO] - Checking called Test Case

2021-11-23 09:57:08 - [MESSAGE][INFO] - Starting to call Test Case 'Test Cases/Filtreler/FiltreVarMi'

2021-11-23 09:57:08 - [TEST_CASE][PASSED] - Test Cases/Filtreler/FiltreVarMi: Test Cases/Filtreler/FiltreVarMi

2021-11-23 09:57:08 - [TEST_STEP][PASSED] - Method.TextDegerineEsitElementVarMi(findTestObject("Filtreler/Basliklar"), Filtre_alan): Method.TextDegerineEsitElementVarMi is PASSED

2021-11-23 09:57:08 - [MESSAGE][INFO] - Finding Test Object 'Object Repository/Filtreler/Basliklar'

2021-11-23 09:57:08 - [MESSAGE][INFO] - Checking timeout

2021-11-23 09:57:08 - [MESSAGE][INFO] - Finding web element with id: 'Object Repository/Filtreler/Basliklar' located by 'By.cssSelector: .control-label.col-sm-4.paddingMarginRLC' in '10' second(s)

2021-11-23 09:57:08 - [MESSAGE][INFO] - Smart Wait Function is triggered

2021-11-23 09:57:08 - [MESSAGE][INFO] - Found 12 web elements with id: 'Object Repository/Filtreler/Basliklar' located by 'By.cssSelector: .control-label.col-sm-4.paddingMarginRLC' in '10' second(s)

2021-11-23 09:57:08 - [MESSAGE][PASSED] - Method.TextDegerineEsitElementVarMi is PASSED

2021-11-23 09:57:08 - [MESSAGE][PASSED] - Call Test Case 'Test Cases/Filtreler/FiltreVarMi' successfully

2021-11-23 09:57:08 - [MESSAGE][INFO] - Checking called Test Case

2021-11-23 09:57:08 - [MESSAGE][INFO] - Starting to call Test Case 'Test Cases/Filtreler/FiltreVarMi'

2021-11-23 09:57:08 - [TEST_CASE][PASSED] - Test Cases/Filtreler/FiltreVarMi: Test Cases/Filtreler/FiltreVarMi

2021-11-23 09:57:08 - [TEST_STEP][PASSED] - Method.TextDegerineEsitElementVarMi(findTestObject("Filtreler/Basliklar"), Filtre_alan): Method.TextDegerineEsitElementVarMi is PASSED

2021-11-23 09:57:08 - [MESSAGE][INFO] - Finding Test Object 'Object Repository/Filtreler/Basliklar'

2021-11-23 09:57:09 - [MESSAGE][INFO] - Checking timeout

2021-11-23 09:57:09 - [MESSAGE][INFO] - Finding web element with id: 'Object Repository/Filtreler/Basliklar' located by 'By.cssSelector: .control-label.col-sm-4.paddingMarginRLC' in '10' second(s)

2021-11-23 09:57:09 - [MESSAGE][INFO] - Smart Wait Function is triggered

2021-11-23 09:57:09 - [MESSAGE][INFO] - Found 12 web elements with id: 'Object Repository/Filtreler/Basliklar' located by 'By.cssSelector: .control-label.col-sm-4.paddingMarginRLC' in '10' second(s)

2021-11-23 09:57:09 - [MESSAGE][PASSED] - Method.TextDegerineEsitElementVarMi is PASSED

2021-11-23 09:57:09 - [MESSAGE][PASSED] - Call Test Case 'Test Cases/Filtreler/FiltreVarMi' successfully

2021-11-23 09:57:09 - [MESSAGE][INFO] - Checking called Test Case

2021-11-23 09:57:09 - [MESSAGE][INFO] - Starting to call Test Case 'Test Cases/Filtreler/FiltreVarMi'

2021-11-23 09:57:09 - [TEST_CASE][PASSED] - Test Cases/Filtreler/FiltreVarMi: Test Cases/Filtreler/FiltreVarMi

2021-11-23 09:57:09 - [TEST_STEP][PASSED] - Method.TextDegerineEsitElementVarMi(findTestObject("Filtreler/Basliklar"), Filtre_alan): Method.TextDegerineEsitElementVarMi is PASSED

2021-11-23 09:57:09 - [MESSAGE][INFO] - Finding Test Object 'Object Repository/Filtreler/Basliklar'

2021-11-23 09:57:09 - [MESSAGE][INFO] - Checking timeout

2021-11-23 09:57:09 - [MESSAGE][INFO] - Finding web element with id: 'Object Repository/Filtreler/Basliklar' located by 'By.cssSelector: .control-label.col-sm-4.paddingMarginRLC' in '10' second(s)

2021-11-23 09:57:09 - [MESSAGE][INFO] - Smart Wait Function is triggered

2021-11-23 09:57:09 - [MESSAGE][INFO] - Found 12 web elements with id: 'Object Repository/Filtreler/Basliklar' located by 'By.cssSelector: .control-label.col-sm-4.paddingMarginRLC' in '10' second(s)

2021-11-23 09:57:09 - [MESSAGE][PASSED] - Method.TextDegerineEsitElementVarMi is PASSED

2021-11-23 09:57:09 - [MESSAGE][PASSED] - Call Test Case 'Test Cases/Filtreler/FiltreVarMi' successfully

2021-11-23 09:57:09 - [MESSAGE][INFO] - Checking called Test Case

2021-11-23 09:57:09 - [MESSAGE][INFO] - Starting to call Test Case 'Test Cases/Filtreler/ButonVarMi'

2021-11-23 09:57:09 - [TEST_CASE][PASSED] - Test Cases/Filtreler/ButonVarMi: Test Cases/Filtreler/ButonVarMi

2021-11-23 09:57:09 - [TEST_STEP][PASSED] - Method.TextDegerineEsitElementVarMi(findTestObject("Filtreler/Butonlar"), Filtre_Buton): Method.TextDegerineEsitElementVarMi is PASSED

2021-11-23 09:57:09 - [MESSAGE][INFO] - Finding Test Object 'Object Repository/Filtreler/Butonlar'

2021-11-23 09:57:09 - [MESSAGE][INFO] - Checking timeout

2021-11-23 09:57:09 - [MESSAGE][INFO] - Finding web element with id: 'Object Repository/Filtreler/Butonlar' located by 'By.cssSelector: .dxb>span' in '10' second(s)

2021-11-23 09:57:09 - [MESSAGE][INFO] - Smart Wait Function is triggered

2021-11-23 09:57:10 - [MESSAGE][INFO] - Found 6 web elements with id: 'Object Repository/Filtreler/Butonlar' located by 'By.cssSelector: .dxb>span' in '10' second(s)

2021-11-23 09:57:10 - [MESSAGE][PASSED] - Method.TextDegerineEsitElementVarMi is PASSED

2021-11-23 09:57:10 - [MESSAGE][PASSED] - Call Test Case 'Test Cases/Filtreler/ButonVarMi' successfully

2021-11-23 09:57:10 - [MESSAGE][INFO] - Checking called Test Case

2021-11-23 09:57:10 - [MESSAGE][INFO] - Starting to call Test Case 'Test Cases/Filtreler/ButonVarMi'

2021-11-23 09:57:10 - [TEST_CASE][PASSED] - Test Cases/Filtreler/ButonVarMi: Test Cases/Filtreler/ButonVarMi

2021-11-23 09:57:10 - [TEST_STEP][PASSED] - Method.TextDegerineEsitElementVarMi(findTestObject("Filtreler/Butonlar"), Filtre_Buton): Method.TextDegerineEsitElementVarMi is PASSED

2021-11-23 09:57:10 - [MESSAGE][INFO] - Finding Test Object 'Object Repository/Filtreler/Butonlar'

2021-11-23 09:57:10 - [MESSAGE][INFO] - Checking timeout

2021-11-23 09:57:10 - [MESSAGE][INFO] - Finding web element with id: 'Object Repository/Filtreler/Butonlar' located by 'By.cssSelector: .dxb>span' in '10' second(s)

2021-11-23 09:57:10 - [MESSAGE][INFO] - Smart Wait Function is triggered

2021-11-23 09:57:10 - [MESSAGE][INFO] - Found 6 web elements with id: 'Object Repository/Filtreler/Butonlar' located by 'By.cssSelector: .dxb>span' in '10' second(s)

2021-11-23 09:57:10 - [MESSAGE][PASSED] - Method.TextDegerineEsitElementVarMi is PASSED

2021-11-23 09:57:10 - [MESSAGE][PASSED] - Call Test Case 'Test Cases/Filtreler/ButonVarMi' successfully

2021-11-23 09:57:10 - [MESSAGE][INFO] - Checking called Test Case

2021-11-23 09:57:10 - [MESSAGE][INFO] - Starting to call Test Case 'Test Cases/Butonlar/ButonVarMi'

2021-11-23 09:57:10 - [TEST_CASE][PASSED] - Test Cases/Butonlar/ButonVarMi: Test Cases/Butonlar/ButonVarMi

2021-11-23 09:57:10 - [TEST_STEP][PASSED] - Method.TextDegerineEsitElementVarMi(findTestObject("Butonlar/Butonlar"), Buton): Method.TextDegerineEsitElementVarMi is PASSED

2021-11-23 09:57:10 - [MESSAGE][INFO] - Finding Test Object 'Object Repository/Butonlar/Butonlar'

2021-11-23 09:57:10 - [MESSAGE][INFO] - Checking timeout

2021-11-23 09:57:10 - [MESSAGE][INFO] - Finding web element with id: 'Object Repository/Butonlar/Butonlar' located by 'By.cssSelector: .panel.panel-default.text-center.footerPanel .btn,.btn.btn-primary.btnControls' in '10' second(s)

2021-11-23 09:57:10 - [MESSAGE][INFO] - Smart Wait Function is triggered

2021-11-23 09:57:11 - [MESSAGE][INFO] - Found 12 web elements with id: 'Object Repository/Butonlar/Butonlar' located by 'By.cssSelector: .panel.panel-default.text-center.footerPanel .btn,.btn.btn-primary.btnControls' in '10' second(s)

2021-11-23 09:57:11 - [MESSAGE][PASSED] - Method.TextDegerineEsitElementVarMi is PASSED

2021-11-23 09:57:11 - [MESSAGE][PASSED] - Call Test Case 'Test Cases/Butonlar/ButonVarMi' successfully

2021-11-23 09:57:11 - [MESSAGE][INFO] - Checking called Test Case

2021-11-23 09:57:11 - [MESSAGE][INFO] - Starting to call Test Case 'Test Cases/Butonlar/ButonVarMi'

2021-11-23 09:57:11 - [TEST_CASE][PASSED] - Test Cases/Butonlar/ButonVarMi: Test Cases/Butonlar/ButonVarMi

2021-11-23 09:57:11 - [TEST_STEP][PASSED] - Method.TextDegerineEsitElementVarMi(findTestObject("Butonlar/Butonlar"), Buton): Method.TextDegerineEsitElementVarMi is PASSED

2021-11-23 09:57:11 - [MESSAGE][INFO] - Finding Test Object 'Object Repository/Butonlar/Butonlar'

2021-11-23 09:57:11 - [MESSAGE][INFO] - Checking timeout

2021-11-23 09:57:11 - [MESSAGE][INFO] - Finding web element with id: 'Object Repository/Butonlar/Butonlar' located by 'By.cssSelector: .panel.panel-default.text-center.footerPanel .btn,.btn.btn-primary.btnControls' in '10' second(s)

2021-11-23 09:57:11 - [MESSAGE][INFO] - Smart Wait Function is triggered

2021-11-23 09:57:11 - [MESSAGE][INFO] - Found 12 web elements with id: 'Object Repository/Butonlar/Butonlar' located by 'By.cssSelector: .panel.panel-default.text-center.footerPanel .btn,.btn.btn-primary.btnControls' in '10' second(s)

2021-11-23 09:57:11 - [MESSAGE][PASSED] - Method.TextDegerineEsitElementVarMi is PASSED

2021-11-23 09:57:11 - [MESSAGE][PASSED] - Call Test Case 'Test Cases/Butonlar/ButonVarMi' successfully

2021-11-23 09:57:11 - [MESSAGE][INFO] - Checking called Test Case

2021-11-23 09:57:11 - [MESSAGE][INFO] - Starting to call Test Case 'Test Cases/Butonlar/ButonVarMi'

2021-11-23 09:57:11 - [TEST_CASE][PASSED] - Test Cases/Butonlar/ButonVarMi: Test Cases/Butonlar/ButonVarMi

2021-11-23 09:57:11 - [TEST_STEP][PASSED] - Method.TextDegerineEsitElementVarMi(findTestObject("Butonlar/Butonlar"), Buton): Method.TextDegerineEsitElementVarMi is PASSED

2021-11-23 09:57:11 - [MESSAGE][INFO] - Finding Test Object 'Object Repository/Butonlar/Butonlar'

2021-11-23 09:57:11 - [MESSAGE][INFO] - Checking timeout

2021-11-23 09:57:11 - [MESSAGE][INFO] - Finding web element with id: 'Object Repository/Butonlar/Butonlar' located by 'By.cssSelector: .panel.panel-default.text-center.footerPanel .btn,.btn.btn-primary.btnControls' in '10' second(s)

2021-11-23 09:57:11 - [MESSAGE][INFO] - Smart Wait Function is triggered

2021-11-23 09:57:12 - [MESSAGE][INFO] - Found 12 web elements with id: 'Object Repository/Butonlar/Butonlar' located by 'By.cssSelector: .panel.panel-default.text-center.footerPanel .btn,.btn.btn-primary.btnControls' in '10' second(s)

2021-11-23 09:57:12 - [MESSAGE][PASSED] - Method.TextDegerineEsitElementVarMi is PASSED

2021-11-23 09:57:12 - [MESSAGE][PASSED] - Call Test Case 'Test Cases/Butonlar/ButonVarMi' successfully

2021-11-23 09:57:12 - [MESSAGE][INFO] - Checking called Test Case

2021-11-23 09:57:12 - [MESSAGE][INFO] - Starting to call Test Case 'Test Cases/Butonlar/ButonVarMi'

2021-11-23 09:57:12 - [TEST_CASE][PASSED] - Test Cases/Butonlar/ButonVarMi: Test Cases/Butonlar/ButonVarMi

2021-11-23 09:57:12 - [TEST_STEP][PASSED] - Method.TextDegerineEsitElementVarMi(findTestObject("Butonlar/Butonlar"), Buton): Method.TextDegerineEsitElementVarMi is PASSED

2021-11-23 09:57:12 - [MESSAGE][INFO] - Finding Test Object 'Object Repository/Butonlar/Butonlar'

2021-11-23 09:57:12 - [MESSAGE][INFO] - Checking timeout

2021-11-23 09:57:12 - [MESSAGE][INFO] - Finding web element with id: 'Object Repository/Butonlar/Butonlar' located by 'By.cssSelector: .panel.panel-default.text-center.footerPanel .btn,.btn.btn-primary.btnControls' in '10' second(s)

2021-11-23 09:57:12 - [MESSAGE][INFO] - Smart Wait Function is triggered

2021-11-23 09:57:12 - [MESSAGE][INFO] - Found 12 web elements with id: 'Object Repository/Butonlar/Butonlar' located by 'By.cssSelector: .panel.panel-default.text-center.footerPanel .btn,.btn.btn-primary.btnControls' in '10' second(s)

2021-11-23 09:57:12 - [MESSAGE][PASSED] - Method.TextDegerineEsitElementVarMi is PASSED

2021-11-23 09:57:12 - [MESSAGE][PASSED] - Call Test Case 'Test Cases/Butonlar/ButonVarMi' successfully

2021-11-23 09:57:12 - [MESSAGE][INFO] - Checking called Test Case

2021-11-23 09:57:12 - [MESSAGE][INFO] - Starting to call Test Case 'Test Cases/Kullanici_Islemleri/KullaniciIslemlerindenSecimYapilir'

2021-11-23 09:57:12 - [TEST_CASE][PASSED] - Test Cases/Kullanici_Islemleri/KullaniciIslemlerindenSecimYapilir: Test Cases/Kullanici_Islemleri/KullaniciIslemlerindenSecimYapilir

2021-11-23 09:57:12 - [TEST_STEP][PASSED] - waitForElementClickable(findTestObject("Object Repository/Kullanici_Islemleri/KullaniciIslemleri"), 10): Object 'Object Repository/Kullanici_Islemleri/KullaniciIslemleri' is clickable

2021-11-23 09:57:12 - [MESSAGE][INFO] - Finding Test Object 'Object Repository/Kullanici_Islemleri/KullaniciIslemleri'

2021-11-23 09:57:12 - [MESSAGE][INFO] - Checking object

2021-11-23 09:57:12 - [MESSAGE][INFO] - Checking timeout

2021-11-23 09:57:12 - [MESSAGE][INFO] - Finding web element from Test Object's properties

2021-11-23 09:57:12 - [MESSAGE][INFO] - Checking timeout

2021-11-23 09:57:12 - [MESSAGE][INFO] - Finding web element with id: 'Object Repository/Kullanici_Islemleri/KullaniciIslemleri' located by 'By.cssSelector: .dropdown>a>img' in '10' second(s)

2021-11-23 09:57:12 - [MESSAGE][INFO] - Smart Wait Function is triggered

2021-11-23 09:57:13 - [MESSAGE][INFO] - Found 1 web elements with id: 'Object Repository/Kullanici_Islemleri/KullaniciIslemleri' located by 'By.cssSelector: .dropdown>a>img' in '10' second(s)

2021-11-23 09:57:13 - [MESSAGE][PASSED] - Object 'Object Repository/Kullanici_Islemleri/KullaniciIslemleri' is clickable

2021-11-23 09:57:13 - [TEST_STEP][PASSED] - click(findTestObject("Object Repository/Kullanici_Islemleri/KullaniciIslemleri")): Object: 'Object Repository/Kullanici_Islemleri/KullaniciIslemleri' is clicked on

2021-11-23 09:57:13 - [MESSAGE][INFO] - Finding Test Object 'Object Repository/Kullanici_Islemleri/KullaniciIslemleri'

2021-11-23 09:57:13 - [MESSAGE][INFO] - Checking object

2021-11-23 09:57:13 - [MESSAGE][INFO] - Finding web element from Test Object's properties

2021-11-23 09:57:13 - [MESSAGE][INFO] - Checking timeout

2021-11-23 09:57:13 - [MESSAGE][INFO] - Finding web element with id: 'Object Repository/Kullanici_Islemleri/KullaniciIslemleri' located by 'By.cssSelector: .dropdown>a>img' in '30' second(s)

2021-11-23 09:57:13 - [MESSAGE][INFO] - Smart Wait Function is triggered

2021-11-23 09:57:13 - [MESSAGE][INFO] - Found 1 web elements with id: 'Object Repository/Kullanici_Islemleri/KullaniciIslemleri' located by 'By.cssSelector: .dropdown>a>img' in '30' second(s)

2021-11-23 09:57:13 - [MESSAGE][INFO] - Clicking on object: 'Object Repository/Kullanici_Islemleri/KullaniciIslemleri'

2021-11-23 09:57:13 - [MESSAGE][PASSED] - Object: 'Object Repository/Kullanici_Islemleri/KullaniciIslemleri' is clicked on

2021-11-23 09:57:13 - [TEST_STEP][PASSED] - Method.TextDegerineEsitElementeTikla(findTestObject("Object Repository/Kullanici_Islemleri/Secenekler"), Islem): Method.TextDegerineEsitElementeTikla is PASSED

2021-11-23 09:57:13 - [MESSAGE][INFO] - Finding Test Object 'Object Repository/Kullanici_Islemleri/Secenekler'

2021-11-23 09:57:13 - [MESSAGE][INFO] - Checking timeout

2021-11-23 09:57:13 - [MESSAGE][INFO] - Finding web element with id: 'Object Repository/Kullanici_Islemleri/Secenekler' located by 'By.cssSelector: .nav.navbar-nav.navbar-right li a' in '10' second(s)

2021-11-23 09:57:13 - [MESSAGE][INFO] - Smart Wait Function is triggered

2021-11-23 09:57:13 - [MESSAGE][INFO] - Found 22 web elements with id: 'Object Repository/Kullanici_Islemleri/Secenekler' located by 'By.cssSelector: .nav.navbar-nav.navbar-right li a' in '10' second(s)

2021-11-23 09:57:14 - [MESSAGE][PASSED] - Method.TextDegerineEsitElementeTikla is PASSED

2021-11-23 09:57:14 - [TEST_STEP][PASSED] - verifyElementNotPresent(findTestObject("Object Repository/Kullanici_Islemleri/Secenekler"), 10): Web element with id: 'Object Repository/Kullanici_Islemleri/Secenekler' located by 'By.cssSelector: .nav.navbar-nav.navbar-right li a' is not present after '10' second(s)

2021-11-23 09:57:14 - [MESSAGE][INFO] - Finding Test Object 'Object Repository/Kullanici_Islemleri/Secenekler'

2021-11-23 09:57:15 - [MESSAGE][INFO] - Checking object

2021-11-23 09:57:15 - [MESSAGE][INFO] - Checking timeout

2021-11-23 09:57:15 - [MESSAGE][INFO] - Finding web element with id: 'Object Repository/Kullanici_Islemleri/Secenekler' located by 'By.cssSelector: .nav.navbar-nav.navbar-right li a' in '10' second(s)

2021-11-23 09:57:15 - [MESSAGE][INFO] - Smart Wait Function is triggered

2021-11-23 09:57:15 - [MESSAGE][PASSED] - Web element with id: 'Object Repository/Kullanici_Islemleri/Secenekler' located by 'By.cssSelector: .nav.navbar-nav.navbar-right li a' is not present after '10' second(s)

2021-11-23 09:57:15 - [MESSAGE][PASSED] - Call Test Case 'Test Cases/Kullanici_Islemleri/KullaniciIslemlerindenSecimYapilir' successfully

2021-11-23 09:57:15 - [TEST_CASE][PASSED] - Start Test Case : SCENARIO Kullanici Tanimlari Buton Kontrolu: SCENARIO Kullanici Tanimlari Buton Kontrolu

2021-11-23 09:57:15 - [TEST_STEP][PASSED] - Kullanıcı adı ELOGO6 ve Şifre 123456 olarak giriş yapılır: Kullanıcı adı ELOGO6 ve Şifre 123456 olarak giriş yapılır

2021-11-23 09:57:15 - [MESSAGE][PASSED] - Kullanıcı adı ELOGO6 ve Şifre 123456 olarak giriş yapılır

2021-11-23 09:57:15 - [TEST_STEP][PASSED] - Ana menüden Firma Yönetimi seçilir: Ana menüden Firma Yönetimi seçilir

2021-11-23 09:57:15 - [MESSAGE][PASSED] - Ana menüden Firma Yönetimi seçilir

2021-11-23 09:57:15 - [TEST_STEP][PASSED] - Alt menüden Yetki Yönetimi seçilir: Alt menüden Yetki Yönetimi seçilir

2021-11-23 09:57:15 - [MESSAGE][PASSED] - Alt menüden Yetki Yönetimi seçilir

2021-11-23 09:57:15 - [TEST_STEP][PASSED] - Sekmelerden Kullanıcı Tanımları seçilir: Sekmelerden Kullanıcı Tanımları seçilir

2021-11-23 09:57:15 - [MESSAGE][PASSED] - Sekmelerden Kullanıcı Tanımları seçilir

2021-11-23 09:57:15 - [TEST_STEP][PASSED] - Filtre alanlarında Kullanıcı Kodu var mı: Filtre alanlarında Kullanıcı Kodu var mı

2021-11-23 09:57:15 - [MESSAGE][PASSED] - Filtre alanlarında Kullanıcı Kodu var mı

2021-11-23 09:57:15 - [TEST_STEP][PASSED] - Filtre alanlarında Adı Soyadı var mı: Filtre alanlarında Adı Soyadı var mı

2021-11-23 09:57:15 - [MESSAGE][PASSED] - Filtre alanlarında Adı Soyadı var mı

2021-11-23 09:57:15 - [TEST_STEP][PASSED] - Filtre alanlarında Kullanıcı Unvan var mı: Filtre alanlarında Kullanıcı Unvan var mı

2021-11-23 09:57:15 - [MESSAGE][PASSED] - Filtre alanlarında Kullanıcı Unvan var mı

2021-11-23 09:57:15 - [TEST_STEP][PASSED] - Filtre alanlarında e-Posta var mı: Filtre alanlarında e-Posta var mı

2021-11-23 09:57:15 - [MESSAGE][PASSED] - Filtre alanlarında e-Posta var mı

2021-11-23 09:57:15 - [TEST_STEP][PASSED] - Filtre alanlarında Firma var mı: Filtre alanlarında Firma var mı

2021-11-23 09:57:15 - [MESSAGE][PASSED] - Filtre alanlarında Firma var mı

2021-11-23 09:57:15 - [TEST_STEP][PASSED] - Filtre alanlarında Departman var mı: Filtre alanlarında Departman var mı

2021-11-23 09:57:15 - [MESSAGE][PASSED] - Filtre alanlarında Departman var mı

2021-11-23 09:57:15 - [TEST_STEP][PASSED] - Filtre alanlarında Rol var mı: Filtre alanlarında Rol var mı

2021-11-23 09:57:15 - [MESSAGE][PASSED] - Filtre alanlarında Rol var mı

2021-11-23 09:57:15 - [TEST_STEP][PASSED] - Filtre butonlarında Listele var mı: Filtre butonlarında Listele var mı

2021-11-23 09:57:15 - [MESSAGE][PASSED] - Filtre butonlarında Listele var mı

2021-11-23 09:57:15 - [TEST_STEP][PASSED] - Filtre butonlarında Temizle var mı: Filtre butonlarında Temizle var mı

2021-11-23 09:57:15 - [MESSAGE][PASSED] - Filtre butonlarında Temizle var mı

2021-11-23 09:57:15 - [TEST_STEP][PASSED] - Butonlardan Kullanıcı Ekle var mı: Butonlardan Kullanıcı Ekle var mı

2021-11-23 09:57:15 - [MESSAGE][PASSED] - Butonlardan Kullanıcı Ekle var mı

2021-11-23 09:57:15 - [TEST_STEP][PASSED] - Butonlardan Değiştir var mı: Butonlardan Değiştir var mı

2021-11-23 09:57:15 - [MESSAGE][PASSED] - Butonlardan Değiştir var mı

2021-11-23 09:57:15 - [TEST_STEP][PASSED] - Butonlardan Sil var mı: Butonlardan Sil var mı

2021-11-23 09:57:15 - [MESSAGE][PASSED] - Butonlardan Sil var mı

2021-11-23 09:57:15 - [TEST_STEP][PASSED] - Butonlardan Rol ve Departman Tanımla var mı: Butonlardan Rol ve Departman Tanımla var mı

2021-11-23 09:57:15 - [MESSAGE][PASSED] - Butonlardan Rol ve Departman Tanımla var mı

2021-11-23 09:57:15 - [TEST_STEP][PASSED] - Kullanıcı işlemlerinden Çıkış seçilir: Kullanıcı işlemlerinden Çıkış seçilir

2021-11-23 09:57:15 - [MESSAGE][PASSED] - Kullanıcı işlemlerinden Çıkış seçilir

2021-11-23 09:57:15 - [MESSAGE][PASSED] - Feature file: 'Include/features/Firma Yonetimi/Yetki Yonetimi/Kullanici Tanimlari/Ekran Kontrolu.feature' was passed

2021-11-23 09:57:15 - [TEST_STEP][PASSED] - Start listener action : sampleAfterTestSuite: Invoke 'com.kms.katalon.core.annotation.AfterTestCase' method: 'Listener.sampleAfterTestSuite(...)' completed.

2021-11-23 09:57:15 - [MESSAGE][INFO] - Starting invoke 'com.kms.katalon.core.annotation.AfterTestCase' method: 'Listener.sampleAfterTestSuite(...)'

2021-11-23 09:57:15 - [TEST_STEP][PASSED] - closeBrowser(): Invoke 'com.kms.katalon.core.annotation.AfterTestCase' method: 'Listener.sampleAfterTestSuite(...)' completed.

2021-11-23 09:57:15 - [MESSAGE][INFO] - Closing browser

2021-11-23 09:57:16 - [MESSAGE][PASSED] - Browser is closed

2021-11-23 09:57:16 - [MESSAGE][INFO] - Invoke 'com.kms.katalon.core.annotation.AfterTestCase' method: 'Listener.sampleAfterTestSuite(...)' completed.]]></system-out>
         <system-err><![CDATA[]]></system-err>
      </testcase>
      <testcase name="Test Cases/Case Repository/Firma Yonetimi/Yetki Yonetimi/Kullanici Tanimlari/Kullanici Ekle" time="31.92" classname="Test Cases/Case Repository/Firma Yonetimi/Yetki Yonetimi/Kullanici Tanimlari/Kullanici Ekle" status="FAILED">
         <failure type="FAILED" message="Test Cases/Case Repository/Firma Yonetimi/Yetki Yonetimi/Kullanici Tanimlari/Kullanici Ekle FAILED.
Reason:
com.kms.katalon.core.exception.StepFailedException: Feature file 'Include/features/Firma Yonetimi/Yetki Yonetimi/Kullanici Tanimlari/Kullanici Ekle.feature' was failed
	at com.kms.katalon.core.keyword.internal.KeywordMain.stepFailed(KeywordMain.groovy:50)
	at com.kms.katalon.core.keyword.internal.KeywordMain.stepFailed(KeywordMain.groovy)
	at com.kms.katalon.core.keyword.internal.KeywordMain.stepFailed(KeywordMain.groovy:23)
	at com.kms.katalon.core.keyword.internal.KeywordMain$stepFailed$0.call(Unknown Source)
	at com.kms.katalon.core.cucumber.keyword.CucumberBuiltinKeywords$_runFeatureFile_closure1.doCall(CucumberBuiltinKeywords.groovy:112)
	at com.kms.katalon.core.cucumber.keyword.CucumberBuiltinKeywords$_runFeatureFile_closure1.doCall(CucumberBuiltinKeywords.groovy)
	at com.kms.katalon.core.keyword.internal.KeywordMain.runKeyword(KeywordMain.groovy:68)
	at com.kms.katalon.core.keyword.internal.KeywordMain$runKeyword.call(Unknown Source)
	at com.kms.katalon.core.cucumber.keyword.CucumberBuiltinKeywords.runFeatureFile(CucumberBuiltinKeywords.groovy:73)
	at com.kms.katalon.core.cucumber.keyword.CucumberBuiltinKeywords$runFeatureFile$0.callStatic(Unknown Source)
	at com.kms.katalon.core.cucumber.keyword.CucumberBuiltinKeywords.runFeatureFile(CucumberBuiltinKeywords.groovy:246)
	at com.kms.katalon.core.cucumber.keyword.CucumberBuiltinKeywords$runFeatureFile.call(Unknown Source)
	at Kullanici Ekle.run(Kullanici Ekle:17)
	at com.kms.katalon.core.main.ScriptEngine.run(ScriptEngine.java:194)
	at com.kms.katalon.core.main.ScriptEngine.runScriptAsRawText(ScriptEngine.java:119)
	at com.kms.katalon.core.main.TestCaseExecutor.runScript(TestCaseExecutor.java:369)
	at com.kms.katalon.core.main.TestCaseExecutor.doExecute(TestCaseExecutor.java:360)
	at com.kms.katalon.core.main.TestCaseExecutor.processExecutionPhase(TestCaseExecutor.java:339)
	at com.kms.katalon.core.main.TestCaseExecutor.accessMainPhase(TestCaseExecutor.java:331)
	at com.kms.katalon.core.main.TestCaseExecutor.execute(TestCaseExecutor.java:248)
	at com.kms.katalon.core.main.TestSuiteExecutor.accessTestCaseMainPhase(TestSuiteExecutor.java:191)
	at com.kms.katalon.core.main.TestSuiteExecutor.accessTestSuiteMainPhase(TestSuiteExecutor.java:140)
	at com.kms.katalon.core.main.TestSuiteExecutor.execute(TestSuiteExecutor.java:89)
	at com.kms.katalon.core.main.TestCaseMain.startTestSuite(TestCaseMain.java:181)
	at com.kms.katalon.core.main.TestCaseMain$startTestSuite$0.call(Unknown Source)
	at TempTestSuite1637647942092.run(TempTestSuite1637647942092.groovy:39)
"/>
         <system-out><![CDATA[2021-11-23 09:57:16 - [TEST_CASE][FAILED] - Test Cases/Case Repository/Firma Yonetimi/Yetki Yonetimi/Kullanici Tanimlari/Kullanici Ekle: Test Cases/Case Repository/Firma Yonetimi/Yetki Yonetimi/Kullanici Tanimlari/Kullanici Ekle FAILED.
Reason:
com.kms.katalon.core.exception.StepFailedException: Feature file 'Include/features/Firma Yonetimi/Yetki Yonetimi/Kullanici Tanimlari/Kullanici Ekle.feature' was failed
	at com.kms.katalon.core.keyword.internal.KeywordMain.stepFailed(KeywordMain.groovy:50)
	at com.kms.katalon.core.keyword.internal.KeywordMain.stepFailed(KeywordMain.groovy)
	at com.kms.katalon.core.keyword.internal.KeywordMain.stepFailed(KeywordMain.groovy:23)
	at com.kms.katalon.core.keyword.internal.KeywordMain$stepFailed$0.call(Unknown Source)
	at com.kms.katalon.core.cucumber.keyword.CucumberBuiltinKeywords$_runFeatureFile_closure1.doCall(CucumberBuiltinKeywords.groovy:112)
	at com.kms.katalon.core.cucumber.keyword.CucumberBuiltinKeywords$_runFeatureFile_closure1.doCall(CucumberBuiltinKeywords.groovy)
	at com.kms.katalon.core.keyword.internal.KeywordMain.runKeyword(KeywordMain.groovy:68)
	at com.kms.katalon.core.keyword.internal.KeywordMain$runKeyword.call(Unknown Source)
	at com.kms.katalon.core.cucumber.keyword.CucumberBuiltinKeywords.runFeatureFile(CucumberBuiltinKeywords.groovy:73)
	at com.kms.katalon.core.cucumber.keyword.CucumberBuiltinKeywords$runFeatureFile$0.callStatic(Unknown Source)
	at com.kms.katalon.core.cucumber.keyword.CucumberBuiltinKeywords.runFeatureFile(CucumberBuiltinKeywords.groovy:246)
	at com.kms.katalon.core.cucumber.keyword.CucumberBuiltinKeywords$runFeatureFile.call(Unknown Source)
	at Kullanici Ekle.run(Kullanici Ekle:17)
	at com.kms.katalon.core.main.ScriptEngine.run(ScriptEngine.java:194)
	at com.kms.katalon.core.main.ScriptEngine.runScriptAsRawText(ScriptEngine.java:119)
	at com.kms.katalon.core.main.TestCaseExecutor.runScript(TestCaseExecutor.java:369)
	at com.kms.katalon.core.main.TestCaseExecutor.doExecute(TestCaseExecutor.java:360)
	at com.kms.katalon.core.main.TestCaseExecutor.processExecutionPhase(TestCaseExecutor.java:339)
	at com.kms.katalon.core.main.TestCaseExecutor.accessMainPhase(TestCaseExecutor.java:331)
	at com.kms.katalon.core.main.TestCaseExecutor.execute(TestCaseExecutor.java:248)
	at com.kms.katalon.core.main.TestSuiteExecutor.accessTestCaseMainPhase(TestSuiteExecutor.java:191)
	at com.kms.katalon.core.main.TestSuiteExecutor.accessTestSuiteMainPhase(TestSuiteExecutor.java:140)
	at com.kms.katalon.core.main.TestSuiteExecutor.execute(TestSuiteExecutor.java:89)
	at com.kms.katalon.core.main.TestCaseMain.startTestSuite(TestCaseMain.java:181)
	at com.kms.katalon.core.main.TestCaseMain$startTestSuite$0.call(Unknown Source)
	at TempTestSuite1637647942092.run(TempTestSuite1637647942092.groovy:39)


2021-11-23 09:57:16 - [TEST_STEP][PASSED] - Start listener action : sampleBeforeTestSuite: Invoke 'com.kms.katalon.core.annotation.BeforeTestCase' method: 'Listener.sampleBeforeTestSuite(...)' completed.

2021-11-23 09:57:16 - [MESSAGE][INFO] - Starting invoke 'com.kms.katalon.core.annotation.BeforeTestCase' method: 'Listener.sampleBeforeTestSuite(...)'

2021-11-23 09:57:16 - [TEST_STEP][PASSED] - openBrowser(baseUrl): Browser is opened with url: 'https://efatura-stage.elogo.com.tr/'

2021-11-23 09:57:16 - [MESSAGE][INFO] - Opening browser

2021-11-23 09:57:16 - [MESSAGE][INFO] - Starting 'Chrome' driver

2021-11-23 09:57:16 - [MESSAGE][INFO] - User set preference: ['prefs', '{download.default_directory=C:\otomasyondownfiles}']

2021-11-23 09:57:16 - [MESSAGE][INFO] - Action delay is set to 0 milliseconds

2021-11-23 09:57:17 - [MESSAGE][INFO] - Navigating browser to: 'https://efatura-stage.elogo.com.tr/'

2021-11-23 09:57:19 - [MESSAGE][PASSED] - Browser is opened with url: 'https://efatura-stage.elogo.com.tr/'

2021-11-23 09:57:19 - [TEST_STEP][PASSED] - maximizeWindow(): Invoke 'com.kms.katalon.core.annotation.BeforeTestCase' method: 'Listener.sampleBeforeTestSuite(...)' completed.

2021-11-23 09:57:19 - [MESSAGE][INFO] - Maximizing current window

2021-11-23 09:57:20 - [MESSAGE][PASSED] - Current window maximized

2021-11-23 09:57:20 - [MESSAGE][INFO] - Invoke 'com.kms.katalon.core.annotation.BeforeTestCase' method: 'Listener.sampleBeforeTestSuite(...)' completed.

2021-11-23 09:57:20 - [TEST_STEP][FAILED] - runFeatureFile("Include/features/Firma Yonetimi/Yetki Yonetimi/Kullanici Tanimlari/Kullanici Ekle.feature"): Keyword runFeatureFile was failed (Root cause: com.kms.katalon.core.exception.StepFailedException: Feature file 'Include/features/Firma Yonetimi/Yetki Yonetimi/Kullanici Tanimlari/Kullanici Ekle.feature' was failed
	at com.kms.katalon.core.keyword.internal.KeywordMain.stepFailed(KeywordMain.groovy:50)
	at com.kms.katalon.core.keyword.internal.KeywordMain.stepFailed(KeywordMain.groovy)
	at com.kms.katalon.core.keyword.internal.KeywordMain.stepFailed(KeywordMain.groovy:23)
	at com.kms.katalon.core.keyword.internal.KeywordMain$stepFailed$0.call(Unknown Source)
	at com.kms.katalon.core.cucumber.keyword.CucumberBuiltinKeywords$_runFeatureFile_closure1.doCall(CucumberBuiltinKeywords.groovy:112)
	at com.kms.katalon.core.cucumber.keyword.CucumberBuiltinKeywords$_runFeatureFile_closure1.doCall(CucumberBuiltinKeywords.groovy)
	at com.kms.katalon.core.keyword.internal.KeywordMain.runKeyword(KeywordMain.groovy:68)
	at com.kms.katalon.core.keyword.internal.KeywordMain$runKeyword.call(Unknown Source)
	at com.kms.katalon.core.cucumber.keyword.CucumberBuiltinKeywords.runFeatureFile(CucumberBuiltinKeywords.groovy:73)
	at com.kms.katalon.core.cucumber.keyword.CucumberBuiltinKeywords$runFeatureFile$0.callStatic(Unknown Source)
	at com.kms.katalon.core.cucumber.keyword.CucumberBuiltinKeywords.runFeatureFile(CucumberBuiltinKeywords.groovy:246)
	at com.kms.katalon.core.cucumber.keyword.CucumberBuiltinKeywords$runFeatureFile.call(Unknown Source)
	at Kullanici Ekle.run(Kullanici Ekle:17)
	at com.kms.katalon.core.main.ScriptEngine.run(ScriptEngine.java:194)
	at com.kms.katalon.core.main.ScriptEngine.runScriptAsRawText(ScriptEngine.java:119)
	at com.kms.katalon.core.main.TestCaseExecutor.runScript(TestCaseExecutor.java:369)
	at com.kms.katalon.core.main.TestCaseExecutor.doExecute(TestCaseExecutor.java:360)
	at com.kms.katalon.core.main.TestCaseExecutor.processExecutionPhase(TestCaseExecutor.java:339)
	at com.kms.katalon.core.main.TestCaseExecutor.accessMainPhase(TestCaseExecutor.java:331)
	at com.kms.katalon.core.main.TestCaseExecutor.execute(TestCaseExecutor.java:248)
	at com.kms.katalon.core.main.TestSuiteExecutor.accessTestCaseMainPhase(TestSuiteExecutor.java:191)
	at com.kms.katalon.core.main.TestSuiteExecutor.accessTestSuiteMainPhase(TestSuiteExecutor.java:140)
	at com.kms.katalon.core.main.TestSuiteExecutor.execute(TestSuiteExecutor.java:89)
	at com.kms.katalon.core.main.TestCaseMain.startTestSuite(TestCaseMain.java:181)
	at com.kms.katalon.core.main.TestCaseMain$startTestSuite$0.call(Unknown Source)
	at TempTestSuite1637647942092.run(TempTestSuite1637647942092.groovy:39)
)

2021-11-23 09:57:20 - [MESSAGE][INFO] - Starting run keyword runFeatureFile: 'Include/features/Firma Yonetimi/Yetki Yonetimi/Kullanici Tanimlari/Kullanici Ekle.feature' and extract report to folder: 'C:\Users\DELL\Documents\GitHub\EES_KatalonLogo\Reports\20211123_091110\Suite Repository\Firma_Yonetimi\20211123_091222/cucumber_report/1637650640539'...

2021-11-23 09:57:20 - [MESSAGE][INFO] - Glue: []

2021-11-23 09:57:22 - [MESSAGE][INFO] - Checking called Test Case

2021-11-23 09:57:22 - [MESSAGE][INFO] - Starting to call Test Case 'Test Cases/Sayfalar/Giris_Sayfasi/Login'

2021-11-23 09:57:22 - [TEST_CASE][PASSED] - Test Cases/Sayfalar/Giris_Sayfasi/Login: Test Cases/Sayfalar/Giris_Sayfasi/Login

2021-11-23 09:57:22 - [TEST_STEP][PASSED] - Sayfa_Basligi = getWindowTitle(): Current window's title is: 'LOGO e-Fatura'

2021-11-23 09:57:22 - [MESSAGE][INFO] - Getting current window's title

2021-11-23 09:57:22 - [MESSAGE][PASSED] - Current window's title is: 'LOGO e-Fatura'

2021-11-23 09:57:22 - [TEST_STEP][PASSED] - verifyMatch(Sayfa_Basligi, "LOGO e-Fatura", false): Actual text 'LOGO e-Fatura' and expected text 'LOGO e-Fatura' are matched 

2021-11-23 09:57:22 - [MESSAGE][INFO] - Matching actual text 'LOGO e-Fatura' with expected text 'LOGO e-Fatura'

2021-11-23 09:57:22 - [MESSAGE][PASSED] - Actual text 'LOGO e-Fatura' and expected text 'LOGO e-Fatura' are matched 

2021-11-23 09:57:22 - [TEST_STEP][PASSED] - sendKeys(findTestObject("Sayfalar/Giris_Sayfasi/Firma_Kodu"), KullaniciAdi): Keys 'ELOGO6' sent to object: 'Object Repository/Sayfalar/Giris_Sayfasi/Firma_Kodu'

2021-11-23 09:57:22 - [MESSAGE][INFO] - Finding Test Object 'Object Repository/Sayfalar/Giris_Sayfasi/Firma_Kodu'

2021-11-23 09:57:23 - [MESSAGE][INFO] - Sending keys 'ELOGO6' to object: 'Object Repository/Sayfalar/Giris_Sayfasi/Firma_Kodu'

2021-11-23 09:57:23 - [MESSAGE][INFO] - Finding web element from Test Object's properties

2021-11-23 09:57:23 - [MESSAGE][INFO] - Checking timeout

2021-11-23 09:57:23 - [MESSAGE][INFO] - Finding web element with id: 'Object Repository/Sayfalar/Giris_Sayfasi/Firma_Kodu' located by 'By.xpath: //*[@id = 'AccountName']' in '30' second(s)

2021-11-23 09:57:23 - [MESSAGE][INFO] - Smart Wait Function is triggered

2021-11-23 09:57:23 - [MESSAGE][INFO] - Found 1 web elements with id: 'Object Repository/Sayfalar/Giris_Sayfasi/Firma_Kodu' located by 'By.xpath: //*[@id = 'AccountName']' in '30' second(s)

2021-11-23 09:57:23 - [MESSAGE][PASSED] - Keys 'ELOGO6' sent to object: 'Object Repository/Sayfalar/Giris_Sayfasi/Firma_Kodu'

2021-11-23 09:57:23 - [TEST_STEP][PASSED] - sendKeys(findTestObject("Sayfalar/Giris_Sayfasi/Sifre"), Sifre): Keys '123456' sent to object: 'Object Repository/Sayfalar/Giris_Sayfasi/Sifre'

2021-11-23 09:57:23 - [MESSAGE][INFO] - Finding Test Object 'Object Repository/Sayfalar/Giris_Sayfasi/Sifre'

2021-11-23 09:57:23 - [MESSAGE][INFO] - Sending keys '123456' to object: 'Object Repository/Sayfalar/Giris_Sayfasi/Sifre'

2021-11-23 09:57:23 - [MESSAGE][INFO] - Finding web element from Test Object's properties

2021-11-23 09:57:23 - [MESSAGE][INFO] - Checking timeout

2021-11-23 09:57:23 - [MESSAGE][INFO] - Finding web element with id: 'Object Repository/Sayfalar/Giris_Sayfasi/Sifre' located by 'By.xpath: //*[@id = 'Password']' in '30' second(s)

2021-11-23 09:57:23 - [MESSAGE][INFO] - Smart Wait Function is triggered

2021-11-23 09:57:24 - [MESSAGE][INFO] - Found 1 web elements with id: 'Object Repository/Sayfalar/Giris_Sayfasi/Sifre' located by 'By.xpath: //*[@id = 'Password']' in '30' second(s)

2021-11-23 09:57:24 - [MESSAGE][PASSED] - Keys '123456' sent to object: 'Object Repository/Sayfalar/Giris_Sayfasi/Sifre'

2021-11-23 09:57:24 - [TEST_STEP][PASSED] - findWebElement(findTestObject("Sayfalar/Giris_Sayfasi/Giris_Butonu")).click(): Found 1 web elements with id: 'Object Repository/Sayfalar/Giris_Sayfasi/Giris_Butonu' located by 'By.cssSelector: #btnLogin' in '30' second(s)

2021-11-23 09:57:24 - [MESSAGE][INFO] - Finding Test Object 'Object Repository/Sayfalar/Giris_Sayfasi/Giris_Butonu'

2021-11-23 09:57:24 - [MESSAGE][INFO] - Finding web element from Test Object's properties

2021-11-23 09:57:24 - [MESSAGE][INFO] - Checking timeout

2021-11-23 09:57:24 - [MESSAGE][INFO] - Finding web element with id: 'Object Repository/Sayfalar/Giris_Sayfasi/Giris_Butonu' located by 'By.cssSelector: #btnLogin' in '30' second(s)

2021-11-23 09:57:24 - [MESSAGE][INFO] - Smart Wait Function is triggered

2021-11-23 09:57:24 - [MESSAGE][INFO] - Found 1 web elements with id: 'Object Repository/Sayfalar/Giris_Sayfasi/Giris_Butonu' located by 'By.cssSelector: #btnLogin' in '30' second(s)

2021-11-23 09:57:27 - [TEST_STEP][PASSED] - if (verifyElementPresent(findTestObject("Object Repository/Sayfalar/Giris_Sayfasi/RetveTamam_Butonu"), 5, OPTIONAL)): null

2021-11-23 09:57:27 - [MESSAGE][INFO] - Finding Test Object 'Object Repository/Sayfalar/Giris_Sayfasi/RetveTamam_Butonu'

2021-11-23 09:57:27 - [MESSAGE][INFO] - Checking object

2021-11-23 09:57:27 - [MESSAGE][INFO] - Finding web element from Test Object's properties

2021-11-23 09:57:27 - [MESSAGE][INFO] - Checking timeout

2021-11-23 09:57:27 - [MESSAGE][INFO] - Finding web element with id: 'Object Repository/Sayfalar/Giris_Sayfasi/RetveTamam_Butonu' located by 'By.xpath: //*[@class = 'btn btn-default']' in '5' second(s)

2021-11-23 09:57:27 - [MESSAGE][INFO] - Smart Wait Function is triggered

2021-11-23 09:57:28 - [MESSAGE][INFO] - Found 1 web elements with id: 'Object Repository/Sayfalar/Giris_Sayfasi/RetveTamam_Butonu' located by 'By.xpath: //*[@class = 'btn btn-default']' in '5' second(s)

2021-11-23 09:57:28 - [MESSAGE][PASSED] - Object 'Object Repository/Sayfalar/Giris_Sayfasi/RetveTamam_Butonu' is present

2021-11-23 09:57:28 - [TEST_STEP][PASSED] - click(findTestObject("Object Repository/Sayfalar/Giris_Sayfasi/RetveTamam_Butonu")): Object: 'Object Repository/Sayfalar/Giris_Sayfasi/RetveTamam_Butonu' is clicked on

2021-11-23 09:57:28 - [MESSAGE][INFO] - Finding Test Object 'Object Repository/Sayfalar/Giris_Sayfasi/RetveTamam_Butonu'

2021-11-23 09:57:28 - [MESSAGE][INFO] - Checking object

2021-11-23 09:57:28 - [MESSAGE][INFO] - Finding web element from Test Object's properties

2021-11-23 09:57:28 - [MESSAGE][INFO] - Checking timeout

2021-11-23 09:57:28 - [MESSAGE][INFO] - Finding web element with id: 'Object Repository/Sayfalar/Giris_Sayfasi/RetveTamam_Butonu' located by 'By.xpath: //*[@class = 'btn btn-default']' in '30' second(s)

2021-11-23 09:57:28 - [MESSAGE][INFO] - Smart Wait Function is triggered

2021-11-23 09:57:28 - [MESSAGE][INFO] - Found 1 web elements with id: 'Object Repository/Sayfalar/Giris_Sayfasi/RetveTamam_Butonu' located by 'By.xpath: //*[@class = 'btn btn-default']' in '30' second(s)

2021-11-23 09:57:28 - [MESSAGE][INFO] - Clicking on object: 'Object Repository/Sayfalar/Giris_Sayfasi/RetveTamam_Butonu'

2021-11-23 09:57:28 - [MESSAGE][PASSED] - Object: 'Object Repository/Sayfalar/Giris_Sayfasi/RetveTamam_Butonu' is clicked on

2021-11-23 09:57:28 - [TEST_STEP][PASSED] - click(findTestObject("Object Repository/Sayfalar/Giris_Sayfasi/RetveTamam_Butonu")): Object: 'Object Repository/Sayfalar/Giris_Sayfasi/RetveTamam_Butonu' is clicked on

2021-11-23 09:57:28 - [MESSAGE][INFO] - Finding Test Object 'Object Repository/Sayfalar/Giris_Sayfasi/RetveTamam_Butonu'

2021-11-23 09:57:28 - [MESSAGE][INFO] - Checking object

2021-11-23 09:57:28 - [MESSAGE][INFO] - Finding web element from Test Object's properties

2021-11-23 09:57:28 - [MESSAGE][INFO] - Checking timeout

2021-11-23 09:57:28 - [MESSAGE][INFO] - Finding web element with id: 'Object Repository/Sayfalar/Giris_Sayfasi/RetveTamam_Butonu' located by 'By.xpath: //*[@class = 'btn btn-default']' in '30' second(s)

2021-11-23 09:57:28 - [MESSAGE][INFO] - Smart Wait Function is triggered

2021-11-23 09:57:34 - [MESSAGE][INFO] - Found 1 web elements with id: 'Object Repository/Sayfalar/Giris_Sayfasi/RetveTamam_Butonu' located by 'By.xpath: //*[@class = 'btn btn-default']' in '30' second(s)

2021-11-23 09:57:34 - [MESSAGE][INFO] - Clicking on object: 'Object Repository/Sayfalar/Giris_Sayfasi/RetveTamam_Butonu'

2021-11-23 09:57:34 - [MESSAGE][PASSED] - Object: 'Object Repository/Sayfalar/Giris_Sayfasi/RetveTamam_Butonu' is clicked on

2021-11-23 09:57:34 - [TEST_STEP][PASSED] - if (verifyElementPresent(findTestObject("Sayfalar/Giris_Sayfasi/PopupOK"), 5, OPTIONAL)): null

2021-11-23 09:57:34 - [MESSAGE][INFO] - Finding Test Object 'Object Repository/Sayfalar/Giris_Sayfasi/PopupOK'

2021-11-23 09:57:34 - [MESSAGE][INFO] - Checking object

2021-11-23 09:57:34 - [MESSAGE][INFO] - Finding web element from Test Object's properties

2021-11-23 09:57:34 - [MESSAGE][INFO] - Checking timeout

2021-11-23 09:57:34 - [MESSAGE][INFO] - Finding web element with id: 'Object Repository/Sayfalar/Giris_Sayfasi/PopupOK' located by 'By.cssSelector: .btn.btn-success' in '5' second(s)

2021-11-23 09:57:34 - [MESSAGE][INFO] - Smart Wait Function is triggered

2021-11-23 09:57:34 - [MESSAGE][INFO] - Found 1 web elements with id: 'Object Repository/Sayfalar/Giris_Sayfasi/PopupOK' located by 'By.cssSelector: .btn.btn-success' in '5' second(s)

2021-11-23 09:57:34 - [MESSAGE][PASSED] - Object 'Object Repository/Sayfalar/Giris_Sayfasi/PopupOK' is present

2021-11-23 09:57:34 - [TEST_STEP][PASSED] - click(findTestObject("Object Repository/Sayfalar/Giris_Sayfasi/PopupCarpiGiris")): Object: 'Object Repository/Sayfalar/Giris_Sayfasi/PopupCarpiGiris' is clicked on

2021-11-23 09:57:34 - [MESSAGE][INFO] - Finding Test Object 'Object Repository/Sayfalar/Giris_Sayfasi/PopupCarpiGiris'

2021-11-23 09:57:34 - [MESSAGE][INFO] - Checking object

2021-11-23 09:57:34 - [MESSAGE][INFO] - Finding web element from Test Object's properties

2021-11-23 09:57:34 - [MESSAGE][INFO] - Checking timeout

2021-11-23 09:57:34 - [MESSAGE][INFO] - Finding web element with id: 'Object Repository/Sayfalar/Giris_Sayfasi/PopupCarpiGiris' located by 'By.cssSelector: .bootbox-close-button.close' in '30' second(s)

2021-11-23 09:57:34 - [MESSAGE][INFO] - Smart Wait Function is triggered

2021-11-23 09:57:35 - [MESSAGE][INFO] - Found 1 web elements with id: 'Object Repository/Sayfalar/Giris_Sayfasi/PopupCarpiGiris' located by 'By.cssSelector: .bootbox-close-button.close' in '30' second(s)

2021-11-23 09:57:35 - [MESSAGE][INFO] - Clicking on object: 'Object Repository/Sayfalar/Giris_Sayfasi/PopupCarpiGiris'

2021-11-23 09:57:35 - [MESSAGE][PASSED] - Object: 'Object Repository/Sayfalar/Giris_Sayfasi/PopupCarpiGiris' is clicked on

2021-11-23 09:57:35 - [TEST_STEP][PASSED] - verifyElementVisible(findTestObject("Object Repository/Kullanici_Islemleri/KullaniciIslemleri")): Object 'Object Repository/Kullanici_Islemleri/KullaniciIslemleri' is visible

2021-11-23 09:57:35 - [MESSAGE][INFO] - Finding Test Object 'Object Repository/Kullanici_Islemleri/KullaniciIslemleri'

2021-11-23 09:57:35 - [MESSAGE][INFO] - Checking object

2021-11-23 09:57:35 - [MESSAGE][INFO] - Finding web element from Test Object's properties

2021-11-23 09:57:35 - [MESSAGE][INFO] - Checking timeout

2021-11-23 09:57:35 - [MESSAGE][INFO] - Finding web element with id: 'Object Repository/Kullanici_Islemleri/KullaniciIslemleri' located by 'By.cssSelector: .dropdown>a>img' in '30' second(s)

2021-11-23 09:57:35 - [MESSAGE][INFO] - Smart Wait Function is triggered

2021-11-23 09:57:36 - [MESSAGE][INFO] - Found 1 web elements with id: 'Object Repository/Kullanici_Islemleri/KullaniciIslemleri' located by 'By.cssSelector: .dropdown>a>img' in '30' second(s)

2021-11-23 09:57:36 - [MESSAGE][PASSED] - Object 'Object Repository/Kullanici_Islemleri/KullaniciIslemleri' is visible

2021-11-23 09:57:36 - [MESSAGE][PASSED] - Call Test Case 'Test Cases/Sayfalar/Giris_Sayfasi/Login' successfully

2021-11-23 09:57:36 - [MESSAGE][INFO] - Checking called Test Case

2021-11-23 09:57:36 - [MESSAGE][INFO] - Starting to call Test Case 'Test Cases/Menu/AnaMenuSecimi'

2021-11-23 09:57:36 - [TEST_CASE][PASSED] - Test Cases/Menu/AnaMenuSecimi: Test Cases/Menu/AnaMenuSecimi

2021-11-23 09:57:36 - [TEST_STEP][PASSED] - Method.TextDegerineEsitElementeTikla(findTestObject("Menu/Ana_Menu"), Ana_Menu): Method.TextDegerineEsitElementeTikla is PASSED

2021-11-23 09:57:36 - [MESSAGE][INFO] - Finding Test Object 'Object Repository/Menu/Ana_Menu'

2021-11-23 09:57:36 - [MESSAGE][INFO] - Checking timeout

2021-11-23 09:57:36 - [MESSAGE][INFO] - Finding web element with id: 'Object Repository/Menu/Ana_Menu' located by 'By.xpath: //*[@class = 'dropdown-toggle']' in '10' second(s)

2021-11-23 09:57:36 - [MESSAGE][INFO] - Smart Wait Function is triggered

2021-11-23 09:57:36 - [MESSAGE][INFO] - Found 14 web elements with id: 'Object Repository/Menu/Ana_Menu' located by 'By.xpath: //*[@class = 'dropdown-toggle']' in '10' second(s)

2021-11-23 09:57:36 - [MESSAGE][PASSED] - Method.TextDegerineEsitElementeTikla is PASSED

2021-11-23 09:57:36 - [MESSAGE][PASSED] - Call Test Case 'Test Cases/Menu/AnaMenuSecimi' successfully

2021-11-23 09:57:36 - [MESSAGE][INFO] - Checking called Test Case

2021-11-23 09:57:36 - [MESSAGE][INFO] - Starting to call Test Case 'Test Cases/Menu/AltMenuSecimi'

2021-11-23 09:57:36 - [TEST_CASE][PASSED] - Test Cases/Menu/AltMenuSecimi: Test Cases/Menu/AltMenuSecimi

2021-11-23 09:57:36 - [TEST_STEP][PASSED] - Method.TextDegerineEsitElementeTikla(findTestObject("Menu/Alt_Menu"), Alt_Menu): Method.TextDegerineEsitElementeTikla is PASSED

2021-11-23 09:57:36 - [MESSAGE][INFO] - Finding Test Object 'Object Repository/Menu/Alt_Menu'

2021-11-23 09:57:37 - [MESSAGE][INFO] - Checking timeout

2021-11-23 09:57:37 - [MESSAGE][INFO] - Finding web element with id: 'Object Repository/Menu/Alt_Menu' located by 'By.xpath: //li[@class='dropdown dropdown-large open']//li[@class='dropdown-element']' in '10' second(s)

2021-11-23 09:57:37 - [MESSAGE][INFO] - Smart Wait Function is triggered

2021-11-23 09:57:37 - [MESSAGE][INFO] - Found 1 web elements with id: 'Object Repository/Menu/Alt_Menu' located by 'By.xpath: //li[@class='dropdown dropdown-large open']//li[@class='dropdown-element']' in '10' second(s)

2021-11-23 09:57:39 - [MESSAGE][PASSED] - Method.TextDegerineEsitElementeTikla is PASSED

2021-11-23 09:57:39 - [MESSAGE][PASSED] - Call Test Case 'Test Cases/Menu/AltMenuSecimi' successfully

2021-11-23 09:57:39 - [MESSAGE][INFO] - Checking called Test Case

2021-11-23 09:57:39 - [MESSAGE][INFO] - Starting to call Test Case 'Test Cases/Butonlar/ButonaTikla'

2021-11-23 09:57:39 - [TEST_CASE][PASSED] - Test Cases/Butonlar/ButonaTikla: Test Cases/Butonlar/ButonaTikla

2021-11-23 09:57:39 - [TEST_STEP][PASSED] - Method.TextDegerineEsitElementeTiklaEquals(findTestObject("Butonlar/Butonlar"), Buton_Adi): Method.TextDegerineEsitElementeTiklaEquals is PASSED

2021-11-23 09:57:39 - [MESSAGE][INFO] - Finding Test Object 'Object Repository/Butonlar/Butonlar'

2021-11-23 09:57:39 - [MESSAGE][INFO] - Checking timeout

2021-11-23 09:57:39 - [MESSAGE][INFO] - Finding web element with id: 'Object Repository/Butonlar/Butonlar' located by 'By.cssSelector: .panel.panel-default.text-center.footerPanel .btn,.btn.btn-primary.btnControls' in '10' second(s)

2021-11-23 09:57:39 - [MESSAGE][INFO] - Smart Wait Function is triggered

2021-11-23 09:57:39 - [MESSAGE][INFO] - Found 12 web elements with id: 'Object Repository/Butonlar/Butonlar' located by 'By.cssSelector: .panel.panel-default.text-center.footerPanel .btn,.btn.btn-primary.btnControls' in '10' second(s)

2021-11-23 09:57:39 - [MESSAGE][PASSED] - Method.TextDegerineEsitElementeTiklaEquals is PASSED

2021-11-23 09:57:39 - [MESSAGE][PASSED] - Call Test Case 'Test Cases/Butonlar/ButonaTikla' successfully

2021-11-23 09:57:39 - [MESSAGE][INFO] - Checking called Test Case

2021-11-23 09:57:39 - [MESSAGE][INFO] - Starting to call Test Case 'Test Cases/Sayfalar/Yetki_Yonetimi/KullaniciEklenir'

2021-11-23 09:57:40 - [TEST_CASE][PASSED] - Test Cases/Sayfalar/Yetki_Yonetimi/KullaniciEklenir: Test Cases/Sayfalar/Yetki_Yonetimi/KullaniciEklenir

2021-11-23 09:57:40 - [TEST_STEP][PASSED] - switchToFrame(findTestObject("Object Repository/Sayfalar/Yetki_Yonetimi/Kullanici_Bilgileri/frame"), 10): Switched to iframe: 'Object Repository/Sayfalar/Yetki_Yonetimi/Kullanici_Bilgileri/frame'

2021-11-23 09:57:40 - [MESSAGE][INFO] - Finding Test Object 'Object Repository/Sayfalar/Yetki_Yonetimi/Kullanici_Bilgileri/frame'

2021-11-23 09:57:41 - [MESSAGE][INFO] - Switching to iframe: 'Object Repository/Sayfalar/Yetki_Yonetimi/Kullanici_Bilgileri/frame'

2021-11-23 09:57:41 - [MESSAGE][INFO] - Finding web element from Test Object's properties

2021-11-23 09:57:41 - [MESSAGE][INFO] - Checking timeout

2021-11-23 09:57:41 - [MESSAGE][INFO] - Finding web element with id: 'Object Repository/Sayfalar/Yetki_Yonetimi/Kullanici_Bilgileri/frame' located by 'By.xpath: //*[@id = 'adduserframe']' in '10' second(s)

2021-11-23 09:57:41 - [MESSAGE][INFO] - Smart Wait Function is triggered

2021-11-23 09:57:41 - [MESSAGE][INFO] - Found 1 web elements with id: 'Object Repository/Sayfalar/Yetki_Yonetimi/Kullanici_Bilgileri/frame' located by 'By.xpath: //*[@id = 'adduserframe']' in '10' second(s)

2021-11-23 09:57:41 - [MESSAGE][INFO] - Switched to iframe: 'Object Repository/Sayfalar/Yetki_Yonetimi/Kullanici_Bilgileri/frame'

2021-11-23 09:57:41 - [TEST_STEP][PASSED] - waitForElementPresent(findTestObject("Object Repository/Sayfalar/Yetki_Yonetimi/Kullanici_Bilgileri/Kullanici_Kodu"), 10): Object 'Object Repository/Sayfalar/Yetki_Yonetimi/Kullanici_Bilgileri/Kullanici_Kodu' is present

2021-11-23 09:57:41 - [MESSAGE][INFO] - Finding Test Object 'Object Repository/Sayfalar/Yetki_Yonetimi/Kullanici_Bilgileri/Kullanici_Kodu'

2021-11-23 09:57:41 - [MESSAGE][INFO] - Checking object

2021-11-23 09:57:41 - [MESSAGE][INFO] - Finding web element from Test Object's properties

2021-11-23 09:57:41 - [MESSAGE][INFO] - Checking timeout

2021-11-23 09:57:41 - [MESSAGE][INFO] - Finding web element with id: 'Object Repository/Sayfalar/Yetki_Yonetimi/Kullanici_Bilgileri/Kullanici_Kodu' located by 'By.xpath: //*[@id = 'UserName_I']' in '10' second(s)

2021-11-23 09:57:41 - [MESSAGE][INFO] - Smart Wait Function is triggered

2021-11-23 09:57:41 - [MESSAGE][INFO] - Found 1 web elements with id: 'Object Repository/Sayfalar/Yetki_Yonetimi/Kullanici_Bilgileri/Kullanici_Kodu' located by 'By.xpath: //*[@id = 'UserName_I']' in '10' second(s)

2021-11-23 09:57:41 - [MESSAGE][PASSED] - Object 'Object Repository/Sayfalar/Yetki_Yonetimi/Kullanici_Bilgileri/Kullanici_Kodu' is present

2021-11-23 09:57:41 - [TEST_STEP][PASSED] - clearText(findTestObject("Object Repository/Sayfalar/Yetki_Yonetimi/Kullanici_Bilgileri/Kullanici_Kodu")): Text of object 'Object Repository/Sayfalar/Yetki_Yonetimi/Kullanici_Bilgileri/Kullanici_Kodu' is cleared

2021-11-23 09:57:41 - [MESSAGE][INFO] - Finding Test Object 'Object Repository/Sayfalar/Yetki_Yonetimi/Kullanici_Bilgileri/Kullanici_Kodu'

2021-11-23 09:57:41 - [MESSAGE][INFO] - Checking object

2021-11-23 09:57:41 - [MESSAGE][INFO] - Finding web element from Test Object's properties

2021-11-23 09:57:41 - [MESSAGE][INFO] - Checking timeout

2021-11-23 09:57:41 - [MESSAGE][INFO] - Finding web element with id: 'Object Repository/Sayfalar/Yetki_Yonetimi/Kullanici_Bilgileri/Kullanici_Kodu' located by 'By.xpath: //*[@id = 'UserName_I']' in '30' second(s)

2021-11-23 09:57:41 - [MESSAGE][INFO] - Smart Wait Function is triggered

2021-11-23 09:57:41 - [MESSAGE][INFO] - Found 1 web elements with id: 'Object Repository/Sayfalar/Yetki_Yonetimi/Kullanici_Bilgileri/Kullanici_Kodu' located by 'By.xpath: //*[@id = 'UserName_I']' in '30' second(s)

2021-11-23 09:57:41 - [MESSAGE][INFO] - Clearing text of object 'Object Repository/Sayfalar/Yetki_Yonetimi/Kullanici_Bilgileri/Kullanici_Kodu'

2021-11-23 09:57:41 - [MESSAGE][PASSED] - Text of object 'Object Repository/Sayfalar/Yetki_Yonetimi/Kullanici_Bilgileri/Kullanici_Kodu' is cleared

2021-11-23 09:57:41 - [TEST_STEP][PASSED] - sendKeys(findTestObject("Object Repository/Sayfalar/Yetki_Yonetimi/Kullanici_Bilgileri/Kullanici_Kodu"), Kullanici_Kodu): Keys 'VirgosolKullanici' sent to object: 'Object Repository/Sayfalar/Yetki_Yonetimi/Kullanici_Bilgileri/Kullanici_Kodu'

2021-11-23 09:57:41 - [MESSAGE][INFO] - Finding Test Object 'Object Repository/Sayfalar/Yetki_Yonetimi/Kullanici_Bilgileri/Kullanici_Kodu'

2021-11-23 09:57:41 - [MESSAGE][INFO] - Sending keys 'VirgosolKullanici' to object: 'Object Repository/Sayfalar/Yetki_Yonetimi/Kullanici_Bilgileri/Kullanici_Kodu'

2021-11-23 09:57:41 - [MESSAGE][INFO] - Finding web element from Test Object's properties

2021-11-23 09:57:41 - [MESSAGE][INFO] - Checking timeout

2021-11-23 09:57:41 - [MESSAGE][INFO] - Finding web element with id: 'Object Repository/Sayfalar/Yetki_Yonetimi/Kullanici_Bilgileri/Kullanici_Kodu' located by 'By.xpath: //*[@id = 'UserName_I']' in '30' second(s)

2021-11-23 09:57:41 - [MESSAGE][INFO] - Smart Wait Function is triggered

2021-11-23 09:57:41 - [MESSAGE][INFO] - Found 1 web elements with id: 'Object Repository/Sayfalar/Yetki_Yonetimi/Kullanici_Bilgileri/Kullanici_Kodu' located by 'By.xpath: //*[@id = 'UserName_I']' in '30' second(s)

2021-11-23 09:57:41 - [MESSAGE][PASSED] - Keys 'VirgosolKullanici' sent to object: 'Object Repository/Sayfalar/Yetki_Yonetimi/Kullanici_Bilgileri/Kullanici_Kodu'

2021-11-23 09:57:41 - [TEST_STEP][PASSED] - waitForElementPresent(findTestObject("Object Repository/Sayfalar/Yetki_Yonetimi/Kullanici_Bilgileri/Adi"), 10): Object 'Object Repository/Sayfalar/Yetki_Yonetimi/Kullanici_Bilgileri/Adi' is present

2021-11-23 09:57:41 - [MESSAGE][INFO] - Finding Test Object 'Object Repository/Sayfalar/Yetki_Yonetimi/Kullanici_Bilgileri/Adi'

2021-11-23 09:57:41 - [MESSAGE][INFO] - Checking object

2021-11-23 09:57:41 - [MESSAGE][INFO] - Finding web element from Test Object's properties

2021-11-23 09:57:41 - [MESSAGE][INFO] - Checking timeout

2021-11-23 09:57:41 - [MESSAGE][INFO] - Finding web element with id: 'Object Repository/Sayfalar/Yetki_Yonetimi/Kullanici_Bilgileri/Adi' located by 'By.xpath: //*[@id = 'Name_I']' in '10' second(s)

2021-11-23 09:57:41 - [MESSAGE][INFO] - Smart Wait Function is triggered

2021-11-23 09:57:41 - [MESSAGE][INFO] - Found 1 web elements with id: 'Object Repository/Sayfalar/Yetki_Yonetimi/Kullanici_Bilgileri/Adi' located by 'By.xpath: //*[@id = 'Name_I']' in '10' second(s)

2021-11-23 09:57:41 - [MESSAGE][PASSED] - Object 'Object Repository/Sayfalar/Yetki_Yonetimi/Kullanici_Bilgileri/Adi' is present

2021-11-23 09:57:41 - [TEST_STEP][PASSED] - clearText(findTestObject("Object Repository/Sayfalar/Yetki_Yonetimi/Kullanici_Bilgileri/Adi")): Text of object 'Object Repository/Sayfalar/Yetki_Yonetimi/Kullanici_Bilgileri/Adi' is cleared

2021-11-23 09:57:41 - [MESSAGE][INFO] - Finding Test Object 'Object Repository/Sayfalar/Yetki_Yonetimi/Kullanici_Bilgileri/Adi'

2021-11-23 09:57:41 - [MESSAGE][INFO] - Checking object

2021-11-23 09:57:41 - [MESSAGE][INFO] - Finding web element from Test Object's properties

2021-11-23 09:57:41 - [MESSAGE][INFO] - Checking timeout

2021-11-23 09:57:41 - [MESSAGE][INFO] - Finding web element with id: 'Object Repository/Sayfalar/Yetki_Yonetimi/Kullanici_Bilgileri/Adi' located by 'By.xpath: //*[@id = 'Name_I']' in '30' second(s)

2021-11-23 09:57:41 - [MESSAGE][INFO] - Smart Wait Function is triggered

2021-11-23 09:57:42 - [MESSAGE][INFO] - Found 1 web elements with id: 'Object Repository/Sayfalar/Yetki_Yonetimi/Kullanici_Bilgileri/Adi' located by 'By.xpath: //*[@id = 'Name_I']' in '30' second(s)

2021-11-23 09:57:42 - [MESSAGE][INFO] - Clearing text of object 'Object Repository/Sayfalar/Yetki_Yonetimi/Kullanici_Bilgileri/Adi'

2021-11-23 09:57:42 - [MESSAGE][PASSED] - Text of object 'Object Repository/Sayfalar/Yetki_Yonetimi/Kullanici_Bilgileri/Adi' is cleared

2021-11-23 09:57:42 - [TEST_STEP][PASSED] - sendKeys(findTestObject("Object Repository/Sayfalar/Yetki_Yonetimi/Kullanici_Bilgileri/Adi"), Adi): Keys 'Virgosol' sent to object: 'Object Repository/Sayfalar/Yetki_Yonetimi/Kullanici_Bilgileri/Adi'

2021-11-23 09:57:42 - [MESSAGE][INFO] - Finding Test Object 'Object Repository/Sayfalar/Yetki_Yonetimi/Kullanici_Bilgileri/Adi'

2021-11-23 09:57:42 - [MESSAGE][INFO] - Sending keys 'Virgosol' to object: 'Object Repository/Sayfalar/Yetki_Yonetimi/Kullanici_Bilgileri/Adi'

2021-11-23 09:57:42 - [MESSAGE][INFO] - Finding web element from Test Object's properties

2021-11-23 09:57:42 - [MESSAGE][INFO] - Checking timeout

2021-11-23 09:57:42 - [MESSAGE][INFO] - Finding web element with id: 'Object Repository/Sayfalar/Yetki_Yonetimi/Kullanici_Bilgileri/Adi' located by 'By.xpath: //*[@id = 'Name_I']' in '30' second(s)

2021-11-23 09:57:42 - [MESSAGE][INFO] - Smart Wait Function is triggered

2021-11-23 09:57:42 - [MESSAGE][INFO] - Found 1 web elements with id: 'Object Repository/Sayfalar/Yetki_Yonetimi/Kullanici_Bilgileri/Adi' located by 'By.xpath: //*[@id = 'Name_I']' in '30' second(s)

2021-11-23 09:57:42 - [MESSAGE][PASSED] - Keys 'Virgosol' sent to object: 'Object Repository/Sayfalar/Yetki_Yonetimi/Kullanici_Bilgileri/Adi'

2021-11-23 09:57:42 - [TEST_STEP][PASSED] - waitForElementPresent(findTestObject("Object Repository/Sayfalar/Yetki_Yonetimi/Kullanici_Bilgileri/Soyadi"), 10): Object 'Object Repository/Sayfalar/Yetki_Yonetimi/Kullanici_Bilgileri/Soyadi' is present

2021-11-23 09:57:42 - [MESSAGE][INFO] - Finding Test Object 'Object Repository/Sayfalar/Yetki_Yonetimi/Kullanici_Bilgileri/Soyadi'

2021-11-23 09:57:42 - [MESSAGE][INFO] - Checking object

2021-11-23 09:57:42 - [MESSAGE][INFO] - Finding web element from Test Object's properties

2021-11-23 09:57:42 - [MESSAGE][INFO] - Checking timeout

2021-11-23 09:57:42 - [MESSAGE][INFO] - Finding web element with id: 'Object Repository/Sayfalar/Yetki_Yonetimi/Kullanici_Bilgileri/Soyadi' located by 'By.xpath: //*[@id = 'FamilyName_I']' in '10' second(s)

2021-11-23 09:57:42 - [MESSAGE][INFO] - Smart Wait Function is triggered

2021-11-23 09:57:42 - [MESSAGE][INFO] - Found 1 web elements with id: 'Object Repository/Sayfalar/Yetki_Yonetimi/Kullanici_Bilgileri/Soyadi' located by 'By.xpath: //*[@id = 'FamilyName_I']' in '10' second(s)

2021-11-23 09:57:42 - [MESSAGE][PASSED] - Object 'Object Repository/Sayfalar/Yetki_Yonetimi/Kullanici_Bilgileri/Soyadi' is present

2021-11-23 09:57:42 - [TEST_STEP][PASSED] - clearText(findTestObject("Object Repository/Sayfalar/Yetki_Yonetimi/Kullanici_Bilgileri/Soyadi")): Text of object 'Object Repository/Sayfalar/Yetki_Yonetimi/Kullanici_Bilgileri/Soyadi' is cleared

2021-11-23 09:57:42 - [MESSAGE][INFO] - Finding Test Object 'Object Repository/Sayfalar/Yetki_Yonetimi/Kullanici_Bilgileri/Soyadi'

2021-11-23 09:57:42 - [MESSAGE][INFO] - Checking object

2021-11-23 09:57:42 - [MESSAGE][INFO] - Finding web element from Test Object's properties

2021-11-23 09:57:42 - [MESSAGE][INFO] - Checking timeout

2021-11-23 09:57:42 - [MESSAGE][INFO] - Finding web element with id: 'Object Repository/Sayfalar/Yetki_Yonetimi/Kullanici_Bilgileri/Soyadi' located by 'By.xpath: //*[@id = 'FamilyName_I']' in '30' second(s)

2021-11-23 09:57:42 - [MESSAGE][INFO] - Smart Wait Function is triggered

2021-11-23 09:57:42 - [MESSAGE][INFO] - Found 1 web elements with id: 'Object Repository/Sayfalar/Yetki_Yonetimi/Kullanici_Bilgileri/Soyadi' located by 'By.xpath: //*[@id = 'FamilyName_I']' in '30' second(s)

2021-11-23 09:57:42 - [MESSAGE][INFO] - Clearing text of object 'Object Repository/Sayfalar/Yetki_Yonetimi/Kullanici_Bilgileri/Soyadi'

2021-11-23 09:57:42 - [MESSAGE][PASSED] - Text of object 'Object Repository/Sayfalar/Yetki_Yonetimi/Kullanici_Bilgileri/Soyadi' is cleared

2021-11-23 09:57:42 - [TEST_STEP][PASSED] - sendKeys(findTestObject("Object Repository/Sayfalar/Yetki_Yonetimi/Kullanici_Bilgileri/Soyadi"), Soyadi): Keys 'Otomasyon' sent to object: 'Object Repository/Sayfalar/Yetki_Yonetimi/Kullanici_Bilgileri/Soyadi'

2021-11-23 09:57:42 - [MESSAGE][INFO] - Finding Test Object 'Object Repository/Sayfalar/Yetki_Yonetimi/Kullanici_Bilgileri/Soyadi'

2021-11-23 09:57:42 - [MESSAGE][INFO] - Sending keys 'Otomasyon' to object: 'Object Repository/Sayfalar/Yetki_Yonetimi/Kullanici_Bilgileri/Soyadi'

2021-11-23 09:57:42 - [MESSAGE][INFO] - Finding web element from Test Object's properties

2021-11-23 09:57:42 - [MESSAGE][INFO] - Checking timeout

2021-11-23 09:57:42 - [MESSAGE][INFO] - Finding web element with id: 'Object Repository/Sayfalar/Yetki_Yonetimi/Kullanici_Bilgileri/Soyadi' located by 'By.xpath: //*[@id = 'FamilyName_I']' in '30' second(s)

2021-11-23 09:57:42 - [MESSAGE][INFO] - Smart Wait Function is triggered

2021-11-23 09:57:42 - [MESSAGE][INFO] - Found 1 web elements with id: 'Object Repository/Sayfalar/Yetki_Yonetimi/Kullanici_Bilgileri/Soyadi' located by 'By.xpath: //*[@id = 'FamilyName_I']' in '30' second(s)

2021-11-23 09:57:42 - [MESSAGE][PASSED] - Keys 'Otomasyon' sent to object: 'Object Repository/Sayfalar/Yetki_Yonetimi/Kullanici_Bilgileri/Soyadi'

2021-11-23 09:57:42 - [TEST_STEP][PASSED] - waitForElementPresent(findTestObject("Object Repository/Sayfalar/Yetki_Yonetimi/Kullanici_Bilgileri/Posta"), 10): Object 'Object Repository/Sayfalar/Yetki_Yonetimi/Kullanici_Bilgileri/Posta' is present

2021-11-23 09:57:42 - [MESSAGE][INFO] - Finding Test Object 'Object Repository/Sayfalar/Yetki_Yonetimi/Kullanici_Bilgileri/Posta'

2021-11-23 09:57:42 - [MESSAGE][INFO] - Checking object

2021-11-23 09:57:42 - [MESSAGE][INFO] - Finding web element from Test Object's properties

2021-11-23 09:57:42 - [MESSAGE][INFO] - Checking timeout

2021-11-23 09:57:42 - [MESSAGE][INFO] - Finding web element with id: 'Object Repository/Sayfalar/Yetki_Yonetimi/Kullanici_Bilgileri/Posta' located by 'By.xpath: //*[@id = 'Mail_I']' in '10' second(s)

2021-11-23 09:57:42 - [MESSAGE][INFO] - Smart Wait Function is triggered

2021-11-23 09:57:42 - [MESSAGE][INFO] - Found 1 web elements with id: 'Object Repository/Sayfalar/Yetki_Yonetimi/Kullanici_Bilgileri/Posta' located by 'By.xpath: //*[@id = 'Mail_I']' in '10' second(s)

2021-11-23 09:57:42 - [MESSAGE][PASSED] - Object 'Object Repository/Sayfalar/Yetki_Yonetimi/Kullanici_Bilgileri/Posta' is present

2021-11-23 09:57:42 - [TEST_STEP][PASSED] - clearText(findTestObject("Object Repository/Sayfalar/Yetki_Yonetimi/Kullanici_Bilgileri/Posta")): Text of object 'Object Repository/Sayfalar/Yetki_Yonetimi/Kullanici_Bilgileri/Posta' is cleared

2021-11-23 09:57:42 - [MESSAGE][INFO] - Finding Test Object 'Object Repository/Sayfalar/Yetki_Yonetimi/Kullanici_Bilgileri/Posta'

2021-11-23 09:57:43 - [MESSAGE][INFO] - Checking object

2021-11-23 09:57:43 - [MESSAGE][INFO] - Finding web element from Test Object's properties

2021-11-23 09:57:43 - [MESSAGE][INFO] - Checking timeout

2021-11-23 09:57:43 - [MESSAGE][INFO] - Finding web element with id: 'Object Repository/Sayfalar/Yetki_Yonetimi/Kullanici_Bilgileri/Posta' located by 'By.xpath: //*[@id = 'Mail_I']' in '30' second(s)

2021-11-23 09:57:43 - [MESSAGE][INFO] - Smart Wait Function is triggered

2021-11-23 09:57:43 - [MESSAGE][INFO] - Found 1 web elements with id: 'Object Repository/Sayfalar/Yetki_Yonetimi/Kullanici_Bilgileri/Posta' located by 'By.xpath: //*[@id = 'Mail_I']' in '30' second(s)

2021-11-23 09:57:43 - [MESSAGE][INFO] - Clearing text of object 'Object Repository/Sayfalar/Yetki_Yonetimi/Kullanici_Bilgileri/Posta'

2021-11-23 09:57:43 - [MESSAGE][PASSED] - Text of object 'Object Repository/Sayfalar/Yetki_Yonetimi/Kullanici_Bilgileri/Posta' is cleared

2021-11-23 09:57:43 - [TEST_STEP][PASSED] - sendKeys(findTestObject("Object Repository/Sayfalar/Yetki_Yonetimi/Kullanici_Bilgileri/Posta"), Posta): Keys 'otomasyon@virgosol.com' sent to object: 'Object Repository/Sayfalar/Yetki_Yonetimi/Kullanici_Bilgileri/Posta'

2021-11-23 09:57:43 - [MESSAGE][INFO] - Finding Test Object 'Object Repository/Sayfalar/Yetki_Yonetimi/Kullanici_Bilgileri/Posta'

2021-11-23 09:57:43 - [MESSAGE][INFO] - Sending keys 'otomasyon@virgosol.com' to object: 'Object Repository/Sayfalar/Yetki_Yonetimi/Kullanici_Bilgileri/Posta'

2021-11-23 09:57:43 - [MESSAGE][INFO] - Finding web element from Test Object's properties

2021-11-23 09:57:43 - [MESSAGE][INFO] - Checking timeout

2021-11-23 09:57:43 - [MESSAGE][INFO] - Finding web element with id: 'Object Repository/Sayfalar/Yetki_Yonetimi/Kullanici_Bilgileri/Posta' located by 'By.xpath: //*[@id = 'Mail_I']' in '30' second(s)

2021-11-23 09:57:43 - [MESSAGE][INFO] - Smart Wait Function is triggered

2021-11-23 09:57:43 - [MESSAGE][INFO] - Found 1 web elements with id: 'Object Repository/Sayfalar/Yetki_Yonetimi/Kullanici_Bilgileri/Posta' located by 'By.xpath: //*[@id = 'Mail_I']' in '30' second(s)

2021-11-23 09:57:43 - [MESSAGE][PASSED] - Keys 'otomasyon@virgosol.com' sent to object: 'Object Repository/Sayfalar/Yetki_Yonetimi/Kullanici_Bilgileri/Posta'

2021-11-23 09:57:43 - [TEST_STEP][PASSED] - waitForElementPresent(findTestObject("Object Repository/Sayfalar/Yetki_Yonetimi/Kullanici_Bilgileri/Telefon"), 10): Object 'Object Repository/Sayfalar/Yetki_Yonetimi/Kullanici_Bilgileri/Telefon' is present

2021-11-23 09:57:43 - [MESSAGE][INFO] - Finding Test Object 'Object Repository/Sayfalar/Yetki_Yonetimi/Kullanici_Bilgileri/Telefon'

2021-11-23 09:57:43 - [MESSAGE][INFO] - Checking object

2021-11-23 09:57:43 - [MESSAGE][INFO] - Finding web element from Test Object's properties

2021-11-23 09:57:43 - [MESSAGE][INFO] - Checking timeout

2021-11-23 09:57:43 - [MESSAGE][INFO] - Finding web element with id: 'Object Repository/Sayfalar/Yetki_Yonetimi/Kullanici_Bilgileri/Telefon' located by 'By.xpath: //*[@id = 'Phone_I']' in '10' second(s)

2021-11-23 09:57:43 - [MESSAGE][INFO] - Smart Wait Function is triggered

2021-11-23 09:57:43 - [MESSAGE][INFO] - Found 1 web elements with id: 'Object Repository/Sayfalar/Yetki_Yonetimi/Kullanici_Bilgileri/Telefon' located by 'By.xpath: //*[@id = 'Phone_I']' in '10' second(s)

2021-11-23 09:57:43 - [MESSAGE][PASSED] - Object 'Object Repository/Sayfalar/Yetki_Yonetimi/Kullanici_Bilgileri/Telefon' is present

2021-11-23 09:57:43 - [TEST_STEP][PASSED] - clearText(findTestObject("Object Repository/Sayfalar/Yetki_Yonetimi/Kullanici_Bilgileri/Telefon")): Text of object 'Object Repository/Sayfalar/Yetki_Yonetimi/Kullanici_Bilgileri/Telefon' is cleared

2021-11-23 09:57:43 - [MESSAGE][INFO] - Finding Test Object 'Object Repository/Sayfalar/Yetki_Yonetimi/Kullanici_Bilgileri/Telefon'

2021-11-23 09:57:43 - [MESSAGE][INFO] - Checking object

2021-11-23 09:57:43 - [MESSAGE][INFO] - Finding web element from Test Object's properties

2021-11-23 09:57:43 - [MESSAGE][INFO] - Checking timeout

2021-11-23 09:57:43 - [MESSAGE][INFO] - Finding web element with id: 'Object Repository/Sayfalar/Yetki_Yonetimi/Kullanici_Bilgileri/Telefon' located by 'By.xpath: //*[@id = 'Phone_I']' in '30' second(s)

2021-11-23 09:57:43 - [MESSAGE][INFO] - Smart Wait Function is triggered

2021-11-23 09:57:43 - [MESSAGE][INFO] - Found 1 web elements with id: 'Object Repository/Sayfalar/Yetki_Yonetimi/Kullanici_Bilgileri/Telefon' located by 'By.xpath: //*[@id = 'Phone_I']' in '30' second(s)

2021-11-23 09:57:43 - [MESSAGE][INFO] - Clearing text of object 'Object Repository/Sayfalar/Yetki_Yonetimi/Kullanici_Bilgileri/Telefon'

2021-11-23 09:57:43 - [MESSAGE][PASSED] - Text of object 'Object Repository/Sayfalar/Yetki_Yonetimi/Kullanici_Bilgileri/Telefon' is cleared

2021-11-23 09:57:43 - [TEST_STEP][PASSED] - sendKeys(findTestObject("Object Repository/Sayfalar/Yetki_Yonetimi/Kullanici_Bilgileri/Telefon"), Telefon): Keys '5555555555' sent to object: 'Object Repository/Sayfalar/Yetki_Yonetimi/Kullanici_Bilgileri/Telefon'

2021-11-23 09:57:43 - [MESSAGE][INFO] - Finding Test Object 'Object Repository/Sayfalar/Yetki_Yonetimi/Kullanici_Bilgileri/Telefon'

2021-11-23 09:57:43 - [MESSAGE][INFO] - Sending keys '5555555555' to object: 'Object Repository/Sayfalar/Yetki_Yonetimi/Kullanici_Bilgileri/Telefon'

2021-11-23 09:57:43 - [MESSAGE][INFO] - Finding web element from Test Object's properties

2021-11-23 09:57:43 - [MESSAGE][INFO] - Checking timeout

2021-11-23 09:57:43 - [MESSAGE][INFO] - Finding web element with id: 'Object Repository/Sayfalar/Yetki_Yonetimi/Kullanici_Bilgileri/Telefon' located by 'By.xpath: //*[@id = 'Phone_I']' in '30' second(s)

2021-11-23 09:57:43 - [MESSAGE][INFO] - Smart Wait Function is triggered

2021-11-23 09:57:43 - [MESSAGE][INFO] - Found 1 web elements with id: 'Object Repository/Sayfalar/Yetki_Yonetimi/Kullanici_Bilgileri/Telefon' located by 'By.xpath: //*[@id = 'Phone_I']' in '30' second(s)

2021-11-23 09:57:43 - [MESSAGE][PASSED] - Keys '5555555555' sent to object: 'Object Repository/Sayfalar/Yetki_Yonetimi/Kullanici_Bilgileri/Telefon'

2021-11-23 09:57:43 - [TEST_STEP][PASSED] - waitForElementPresent(findTestObject("Object Repository/Sayfalar/Yetki_Yonetimi/Kullanici_Bilgileri/Unvan"), 10): Object 'Object Repository/Sayfalar/Yetki_Yonetimi/Kullanici_Bilgileri/Unvan' is present

2021-11-23 09:57:43 - [MESSAGE][INFO] - Finding Test Object 'Object Repository/Sayfalar/Yetki_Yonetimi/Kullanici_Bilgileri/Unvan'

2021-11-23 09:57:43 - [MESSAGE][INFO] - Checking object

2021-11-23 09:57:43 - [MESSAGE][INFO] - Finding web element from Test Object's properties

2021-11-23 09:57:43 - [MESSAGE][INFO] - Checking timeout

2021-11-23 09:57:43 - [MESSAGE][INFO] - Finding web element with id: 'Object Repository/Sayfalar/Yetki_Yonetimi/Kullanici_Bilgileri/Unvan' located by 'By.xpath: //*[@id = 'Title_I']' in '10' second(s)

2021-11-23 09:57:43 - [MESSAGE][INFO] - Smart Wait Function is triggered

2021-11-23 09:57:43 - [MESSAGE][INFO] - Found 1 web elements with id: 'Object Repository/Sayfalar/Yetki_Yonetimi/Kullanici_Bilgileri/Unvan' located by 'By.xpath: //*[@id = 'Title_I']' in '10' second(s)

2021-11-23 09:57:43 - [MESSAGE][PASSED] - Object 'Object Repository/Sayfalar/Yetki_Yonetimi/Kullanici_Bilgileri/Unvan' is present

2021-11-23 09:57:43 - [TEST_STEP][PASSED] - clearText(findTestObject("Object Repository/Sayfalar/Yetki_Yonetimi/Kullanici_Bilgileri/Unvan")): Text of object 'Object Repository/Sayfalar/Yetki_Yonetimi/Kullanici_Bilgileri/Unvan' is cleared

2021-11-23 09:57:43 - [MESSAGE][INFO] - Finding Test Object 'Object Repository/Sayfalar/Yetki_Yonetimi/Kullanici_Bilgileri/Unvan'

2021-11-23 09:57:43 - [MESSAGE][INFO] - Checking object

2021-11-23 09:57:43 - [MESSAGE][INFO] - Finding web element from Test Object's properties

2021-11-23 09:57:43 - [MESSAGE][INFO] - Checking timeout

2021-11-23 09:57:43 - [MESSAGE][INFO] - Finding web element with id: 'Object Repository/Sayfalar/Yetki_Yonetimi/Kullanici_Bilgileri/Unvan' located by 'By.xpath: //*[@id = 'Title_I']' in '30' second(s)

2021-11-23 09:57:43 - [MESSAGE][INFO] - Smart Wait Function is triggered

2021-11-23 09:57:43 - [MESSAGE][INFO] - Found 1 web elements with id: 'Object Repository/Sayfalar/Yetki_Yonetimi/Kullanici_Bilgileri/Unvan' located by 'By.xpath: //*[@id = 'Title_I']' in '30' second(s)

2021-11-23 09:57:43 - [MESSAGE][INFO] - Clearing text of object 'Object Repository/Sayfalar/Yetki_Yonetimi/Kullanici_Bilgileri/Unvan'

2021-11-23 09:57:44 - [MESSAGE][PASSED] - Text of object 'Object Repository/Sayfalar/Yetki_Yonetimi/Kullanici_Bilgileri/Unvan' is cleared

2021-11-23 09:57:44 - [TEST_STEP][PASSED] - sendKeys(findTestObject("Object Repository/Sayfalar/Yetki_Yonetimi/Kullanici_Bilgileri/Unvan"), Unvan): Keys 'Firma' sent to object: 'Object Repository/Sayfalar/Yetki_Yonetimi/Kullanici_Bilgileri/Unvan'

2021-11-23 09:57:44 - [MESSAGE][INFO] - Finding Test Object 'Object Repository/Sayfalar/Yetki_Yonetimi/Kullanici_Bilgileri/Unvan'

2021-11-23 09:57:44 - [MESSAGE][INFO] - Sending keys 'Firma' to object: 'Object Repository/Sayfalar/Yetki_Yonetimi/Kullanici_Bilgileri/Unvan'

2021-11-23 09:57:44 - [MESSAGE][INFO] - Finding web element from Test Object's properties

2021-11-23 09:57:44 - [MESSAGE][INFO] - Checking timeout

2021-11-23 09:57:44 - [MESSAGE][INFO] - Finding web element with id: 'Object Repository/Sayfalar/Yetki_Yonetimi/Kullanici_Bilgileri/Unvan' located by 'By.xpath: //*[@id = 'Title_I']' in '30' second(s)

2021-11-23 09:57:44 - [MESSAGE][INFO] - Smart Wait Function is triggered

2021-11-23 09:57:44 - [MESSAGE][INFO] - Found 1 web elements with id: 'Object Repository/Sayfalar/Yetki_Yonetimi/Kullanici_Bilgileri/Unvan' located by 'By.xpath: //*[@id = 'Title_I']' in '30' second(s)

2021-11-23 09:57:44 - [MESSAGE][PASSED] - Keys 'Firma' sent to object: 'Object Repository/Sayfalar/Yetki_Yonetimi/Kullanici_Bilgileri/Unvan'

2021-11-23 09:57:44 - [TEST_STEP][PASSED] - Method.TextDegerineEsitElementinAltindakineTikla(findTestObject("Object Repository/Sayfalar/Yetki_Yonetimi/Kullanici_Bilgileri/Firma_Secimi"), findTestObject("Object Repository/Sayfalar/Yetki_Yonetimi/Kullanici_Bilgileri/Firma_Secimi_Checkbox"), Firma_Secimi): Method.TextDegerineEsitElementinAltindakineTikla is PASSED

2021-11-23 09:57:44 - [MESSAGE][INFO] - Finding Test Object 'Object Repository/Sayfalar/Yetki_Yonetimi/Kullanici_Bilgileri/Firma_Secimi'

2021-11-23 09:57:44 - [MESSAGE][INFO] - Finding Test Object 'Object Repository/Sayfalar/Yetki_Yonetimi/Kullanici_Bilgileri/Firma_Secimi_Checkbox'

2021-11-23 09:57:44 - [MESSAGE][INFO] - Checking timeout

2021-11-23 09:57:44 - [MESSAGE][INFO] - Finding web element with id: 'Object Repository/Sayfalar/Yetki_Yonetimi/Kullanici_Bilgileri/Firma_Secimi' located by 'By.cssSelector: #FirmListBox_LBT td' in '10' second(s)

2021-11-23 09:57:44 - [MESSAGE][INFO] - Smart Wait Function is triggered

2021-11-23 09:57:44 - [MESSAGE][INFO] - Found 4 web elements with id: 'Object Repository/Sayfalar/Yetki_Yonetimi/Kullanici_Bilgileri/Firma_Secimi' located by 'By.cssSelector: #FirmListBox_LBT td' in '10' second(s)

2021-11-23 09:57:44 - [MESSAGE][INFO] - Smart Wait Function is triggered

2021-11-23 09:57:44 - [MESSAGE][PASSED] - Method.TextDegerineEsitElementinAltindakineTikla is PASSED

2021-11-23 09:57:44 - [TEST_STEP][PASSED] - waitForElementClickable(findTestObject("Object Repository/Sayfalar/Yetki_Yonetimi/Kullanici_Bilgileri/Kaydet"), 10): Object 'Object Repository/Sayfalar/Yetki_Yonetimi/Kullanici_Bilgileri/Kaydet' is clickable

2021-11-23 09:57:44 - [MESSAGE][INFO] - Finding Test Object 'Object Repository/Sayfalar/Yetki_Yonetimi/Kullanici_Bilgileri/Kaydet'

2021-11-23 09:57:44 - [MESSAGE][INFO] - Checking object

2021-11-23 09:57:44 - [MESSAGE][INFO] - Checking timeout

2021-11-23 09:57:44 - [MESSAGE][INFO] - Finding web element from Test Object's properties

2021-11-23 09:57:44 - [MESSAGE][INFO] - Checking timeout

2021-11-23 09:57:44 - [MESSAGE][INFO] - Finding web element with id: 'Object Repository/Sayfalar/Yetki_Yonetimi/Kullanici_Bilgileri/Kaydet' located by 'By.cssSelector: #btnSave_CD span' in '10' second(s)

2021-11-23 09:57:44 - [MESSAGE][INFO] - Smart Wait Function is triggered

2021-11-23 09:57:44 - [MESSAGE][INFO] - Found 1 web elements with id: 'Object Repository/Sayfalar/Yetki_Yonetimi/Kullanici_Bilgileri/Kaydet' located by 'By.cssSelector: #btnSave_CD span' in '10' second(s)

2021-11-23 09:57:44 - [MESSAGE][PASSED] - Object 'Object Repository/Sayfalar/Yetki_Yonetimi/Kullanici_Bilgileri/Kaydet' is clickable

2021-11-23 09:57:44 - [TEST_STEP][PASSED] - click(findTestObject("Object Repository/Sayfalar/Yetki_Yonetimi/Kullanici_Bilgileri/Kaydet")): Object: 'Object Repository/Sayfalar/Yetki_Yonetimi/Kullanici_Bilgileri/Kaydet' is clicked on

2021-11-23 09:57:44 - [MESSAGE][INFO] - Finding Test Object 'Object Repository/Sayfalar/Yetki_Yonetimi/Kullanici_Bilgileri/Kaydet'

2021-11-23 09:57:44 - [MESSAGE][INFO] - Checking object

2021-11-23 09:57:44 - [MESSAGE][INFO] - Finding web element from Test Object's properties

2021-11-23 09:57:44 - [MESSAGE][INFO] - Checking timeout

2021-11-23 09:57:44 - [MESSAGE][INFO] - Finding web element with id: 'Object Repository/Sayfalar/Yetki_Yonetimi/Kullanici_Bilgileri/Kaydet' located by 'By.cssSelector: #btnSave_CD span' in '30' second(s)

2021-11-23 09:57:44 - [MESSAGE][INFO] - Smart Wait Function is triggered

2021-11-23 09:57:44 - [MESSAGE][INFO] - Found 1 web elements with id: 'Object Repository/Sayfalar/Yetki_Yonetimi/Kullanici_Bilgileri/Kaydet' located by 'By.cssSelector: #btnSave_CD span' in '30' second(s)

2021-11-23 09:57:44 - [MESSAGE][INFO] - Clicking on object: 'Object Repository/Sayfalar/Yetki_Yonetimi/Kullanici_Bilgileri/Kaydet'

2021-11-23 09:57:44 - [MESSAGE][PASSED] - Object: 'Object Repository/Sayfalar/Yetki_Yonetimi/Kullanici_Bilgileri/Kaydet' is clicked on

2021-11-23 09:57:44 - [TEST_STEP][PASSED] - waitForElementClickable(findTestObject("Object Repository/Popup/Popup_Butons"), 10): Object 'Object Repository/Popup/Popup_Butons' is clickable

2021-11-23 09:57:44 - [MESSAGE][INFO] - Finding Test Object 'Object Repository/Popup/Popup_Butons'

2021-11-23 09:57:45 - [MESSAGE][INFO] - Checking object

2021-11-23 09:57:45 - [MESSAGE][INFO] - Checking timeout

2021-11-23 09:57:45 - [MESSAGE][INFO] - Finding web element from Test Object's properties

2021-11-23 09:57:45 - [MESSAGE][INFO] - Checking timeout

2021-11-23 09:57:45 - [MESSAGE][INFO] - Finding web element with id: 'Object Repository/Popup/Popup_Butons' located by 'By.cssSelector: .modal-footer>button' in '10' second(s)

2021-11-23 09:57:45 - [MESSAGE][INFO] - Smart Wait Function is triggered

2021-11-23 09:57:45 - [MESSAGE][INFO] - Found 1 web elements with id: 'Object Repository/Popup/Popup_Butons' located by 'By.cssSelector: .modal-footer>button' in '10' second(s)

2021-11-23 09:57:45 - [MESSAGE][PASSED] - Object 'Object Repository/Popup/Popup_Butons' is clickable

2021-11-23 09:57:45 - [TEST_STEP][PASSED] - waitForElementVisible(findTestObject("Object Repository/Popup/Popup_Butons"), 10): Object 'Object Repository/Popup/Popup_Butons' is visible

2021-11-23 09:57:45 - [MESSAGE][INFO] - Finding Test Object 'Object Repository/Popup/Popup_Butons'

2021-11-23 09:57:45 - [MESSAGE][INFO] - Checking object

2021-11-23 09:57:45 - [MESSAGE][INFO] - Checking timeout

2021-11-23 09:57:45 - [MESSAGE][INFO] - Finding web element from Test Object's properties

2021-11-23 09:57:45 - [MESSAGE][INFO] - Checking timeout

2021-11-23 09:57:45 - [MESSAGE][INFO] - Finding web element with id: 'Object Repository/Popup/Popup_Butons' located by 'By.cssSelector: .modal-footer>button' in '10' second(s)

2021-11-23 09:57:45 - [MESSAGE][INFO] - Smart Wait Function is triggered

2021-11-23 09:57:45 - [MESSAGE][INFO] - Found 1 web elements with id: 'Object Repository/Popup/Popup_Butons' located by 'By.cssSelector: .modal-footer>button' in '10' second(s)

2021-11-23 09:57:45 - [MESSAGE][PASSED] - Object 'Object Repository/Popup/Popup_Butons' is visible

2021-11-23 09:57:45 - [TEST_STEP][PASSED] - click(findTestObject("Object Repository/Popup/Popup_Butons")): Object: 'Object Repository/Popup/Popup_Butons' is clicked on

2021-11-23 09:57:45 - [MESSAGE][INFO] - Finding Test Object 'Object Repository/Popup/Popup_Butons'

2021-11-23 09:57:45 - [MESSAGE][INFO] - Checking object

2021-11-23 09:57:45 - [MESSAGE][INFO] - Finding web element from Test Object's properties

2021-11-23 09:57:45 - [MESSAGE][INFO] - Checking timeout

2021-11-23 09:57:45 - [MESSAGE][INFO] - Finding web element with id: 'Object Repository/Popup/Popup_Butons' located by 'By.cssSelector: .modal-footer>button' in '30' second(s)

2021-11-23 09:57:45 - [MESSAGE][INFO] - Smart Wait Function is triggered

2021-11-23 09:57:45 - [MESSAGE][INFO] - Found 1 web elements with id: 'Object Repository/Popup/Popup_Butons' located by 'By.cssSelector: .modal-footer>button' in '30' second(s)

2021-11-23 09:57:45 - [MESSAGE][INFO] - Clicking on object: 'Object Repository/Popup/Popup_Butons'

2021-11-23 09:57:45 - [MESSAGE][PASSED] - Object: 'Object Repository/Popup/Popup_Butons' is clicked on

2021-11-23 09:57:45 - [TEST_STEP][PASSED] - switchToDefaultContent(): Switching to default content

2021-11-23 09:57:45 - [MESSAGE][INFO] - Switching to default content

2021-11-23 09:57:45 - [MESSAGE][PASSED] - Call Test Case 'Test Cases/Sayfalar/Yetki_Yonetimi/KullaniciEklenir' successfully

2021-11-23 09:57:45 - [MESSAGE][INFO] - Checking called Test Case

2021-11-23 09:57:45 - [MESSAGE][INFO] - Starting to call Test Case 'Test Cases/Kullanici_Islemleri/KullaniciIslemlerindenSecimYapilir'

2021-11-23 09:57:45 - [TEST_CASE][FAILED] - Test Cases/Kullanici_Islemleri/KullaniciIslemlerindenSecimYapilir: Test Cases/Kullanici_Islemleri/KullaniciIslemlerindenSecimYapilir FAILED.
Reason:
com.kms.katalon.core.exception.StepFailedException: Unable to click on object 'Object Repository/Kullanici_Islemleri/KullaniciIslemleri'
	at com.kms.katalon.core.webui.keyword.internal.WebUIKeywordMain.stepFailed(WebUIKeywordMain.groovy:64)
	at com.kms.katalon.core.webui.keyword.internal.WebUIKeywordMain.runKeyword(WebUIKeywordMain.groovy:26)
	at com.kms.katalon.core.webui.keyword.builtin.ClickKeyword.click(ClickKeyword.groovy:75)
	at com.kms.katalon.core.webui.keyword.builtin.ClickKeyword.execute(ClickKeyword.groovy:42)
	at com.kms.katalon.core.keyword.internal.KeywordExecutor.executeKeywordForPlatform(KeywordExecutor.groovy:73)
	at com.kms.katalon.core.webui.keyword.WebUiBuiltInKeywords.click(WebUiBuiltInKeywords.groovy:620)
	at com.kms.katalon.core.webui.keyword.WebUiBuiltInKeywords$click$5.call(Unknown Source)
	at KullaniciIslemlerindenSecimYapilir.run(KullaniciIslemlerindenSecimYapilir:21)
	at com.kms.katalon.core.main.ScriptEngine.run(ScriptEngine.java:194)
	at com.kms.katalon.core.main.ScriptEngine.runScriptAsRawText(ScriptEngine.java:119)
	at com.kms.katalon.core.main.TestCaseExecutor.runScript(TestCaseExecutor.java:369)
	at com.kms.katalon.core.main.TestCaseExecutor.doExecute(TestCaseExecutor.java:360)
	at com.kms.katalon.core.main.TestCaseExecutor.processExecutionPhase(TestCaseExecutor.java:339)
	at com.kms.katalon.core.main.TestCaseExecutor.accessMainPhase(TestCaseExecutor.java:331)
	at com.kms.katalon.core.main.TestCaseExecutor.execute(TestCaseExecutor.java:248)
	at com.kms.katalon.core.main.TestCaseMain.runTestCase(TestCaseMain.java:138)
	at com.kms.katalon.core.keyword.builtin.CallTestCaseKeyword$_callTestCase_closure1.doCall(CallTestCaseKeyword.groovy:59)
	at com.kms.katalon.core.keyword.builtin.CallTestCaseKeyword$_callTestCase_closure1.call(CallTestCaseKeyword.groovy)
	at com.kms.katalon.core.keyword.internal.KeywordMain.runKeyword(KeywordMain.groovy:68)
	at com.kms.katalon.core.keyword.builtin.CallTestCaseKeyword.callTestCase(CallTestCaseKeyword.groovy:81)
	at com.kms.katalon.core.keyword.builtin.CallTestCaseKeyword.execute(CallTestCaseKeyword.groovy:44)
	at com.kms.katalon.core.keyword.internal.KeywordExecutor.executeKeywordForPlatform(KeywordExecutor.groovy:73)
	at com.kms.katalon.core.keyword.BuiltinKeywords.callTestCase(BuiltinKeywords.groovy:334)
	at kullaniciIslemleri.kullaniciIslemleri.kullaniciIslemi(kullaniciIslemleri.groovy:50)
	at cucumber.runtime.Utils$1.call(Utils.java:26)
	at cucumber.runtime.Timeout.timeout(Timeout.java:16)
	at cucumber.runtime.Utils.invoke(Utils.java:20)
	at cucumber.runtime.java.JavaStepDefinition.execute(JavaStepDefinition.java:49)
	at cucumber.runner.PickleStepDefinitionMatch.runStep(PickleStepDefinitionMatch.java:50)
	at cucumber.runner.TestStep.executeStep(TestStep.java:63)
	at cucumber.runner.TestStep.run(TestStep.java:49)
	at cucumber.runner.PickleStepTestStep.run(PickleStepTestStep.java:43)
	at cucumber.runner.TestCase.run(TestCase.java:44)
	at cucumber.runner.Runner.runPickle(Runner.java:40)
	at cucumber.runtime.Runtime$1.run(Runtime.java:84)
	at cucumber.runtime.Runtime$SameThreadExecutorService.execute(Runtime.java:220)
	at cucumber.runtime.Runtime.run(Runtime.java:81)
	at cucumber.api.cli.Main.run(Main.java:26)
	at cucumber.api.cli.Main$run.call(Unknown Source)
	at com.kms.katalon.core.cucumber.keyword.CucumberBuiltinKeywords$_runFeatureFile_closure1.doCall(CucumberBuiltinKeywords.groovy:106)
	at com.kms.katalon.core.cucumber.keyword.CucumberBuiltinKeywords$_runFeatureFile_closure1.doCall(CucumberBuiltinKeywords.groovy)
	at com.kms.katalon.core.keyword.internal.KeywordMain.runKeyword(KeywordMain.groovy:68)
	at com.kms.katalon.core.keyword.internal.KeywordMain$runKeyword.call(Unknown Source)
	at com.kms.katalon.core.cucumber.keyword.CucumberBuiltinKeywords.runFeatureFile(CucumberBuiltinKeywords.groovy:73)
	at com.kms.katalon.core.cucumber.keyword.CucumberBuiltinKeywords$runFeatureFile$0.callStatic(Unknown Source)
	at com.kms.katalon.core.cucumber.keyword.CucumberBuiltinKeywords.runFeatureFile(CucumberBuiltinKeywords.groovy:246)
	at com.kms.katalon.core.cucumber.keyword.CucumberBuiltinKeywords$runFeatureFile.call(Unknown Source)
	at Kullanici Ekle.run(Kullanici Ekle:17)
	at com.kms.katalon.core.main.ScriptEngine.run(ScriptEngine.java:194)
	at com.kms.katalon.core.main.ScriptEngine.runScriptAsRawText(ScriptEngine.java:119)
	at com.kms.katalon.core.main.TestCaseExecutor.runScript(TestCaseExecutor.java:369)
	at com.kms.katalon.core.main.TestCaseExecutor.doExecute(TestCaseExecutor.java:360)
	at com.kms.katalon.core.main.TestCaseExecutor.processExecutionPhase(TestCaseExecutor.java:339)
	at com.kms.katalon.core.main.TestCaseExecutor.accessMainPhase(TestCaseExecutor.java:331)
	at com.kms.katalon.core.main.TestCaseExecutor.execute(TestCaseExecutor.java:248)
	at com.kms.katalon.core.main.TestSuiteExecutor.accessTestCaseMainPhase(TestSuiteExecutor.java:191)
	at com.kms.katalon.core.main.TestSuiteExecutor.accessTestSuiteMainPhase(TestSuiteExecutor.java:140)
	at com.kms.katalon.core.main.TestSuiteExecutor.execute(TestSuiteExecutor.java:89)
	at com.kms.katalon.core.main.TestCaseMain.startTestSuite(TestCaseMain.java:181)
	at com.kms.katalon.core.main.TestCaseMain$startTestSuite$0.call(Unknown Source)
	at TempTestSuite1637647942092.run(TempTestSuite1637647942092.groovy:39)
Caused by: org.openqa.selenium.ElementClickInterceptedException: element click intercepted: Element <img src="/Content/Images/defaultTopLogo.png"> is not clickable at point (1865, 35). Other element would receive the click: <div class="modal" id="addUser" tabindex="-1" role="dialog" aria-hidden="true" style="z-index: 1; display: block;">...</div>
  (Session info: chrome=96.0.4664.45)
Build info: version: '3.141.59', revision: 'e82be7d358', time: '2018-11-14T08:25:53'
System info: host: 'DESKTOP-QBVMTUG', ip: '192.168.1.24', os.name: 'Windows 10', os.arch: 'amd64', os.version: '10.0', java.version: '1.8.0_282'
Driver info: com.kms.katalon.selenium.driver.CChromeDriver
Capabilities {acceptInsecureCerts: false, browserName: chrome, browserVersion: 96.0.4664.45, chrome: {chromedriverVersion: 96.0.4664.45 (76e4c1bb2ab46..., userDataDir: C:\Users\DELL\AppData\Local...}, goog:chromeOptions: {debuggerAddress: localhost:50295}, javascriptEnabled: true, networkConnectionEnabled: false, pageLoadStrategy: normal, platform: WINDOWS, platformName: WINDOWS, proxy: Proxy(), setWindowRect: true, strictFileInteractability: false, timeouts: {implicit: 0, pageLoad: 300000, script: 30000}, unhandledPromptBehavior: dismiss and notify, webauthn:extension:credBlob: true, webauthn:extension:largeBlob: true, webauthn:virtualAuthenticators: true}
Session ID: eac6cffc0a18f8938dc70b9f847494f1
	at org.openqa.selenium.remote.http.W3CHttpResponseCodec.createException(W3CHttpResponseCodec.java:187)
	at org.openqa.selenium.remote.http.W3CHttpResponseCodec.decode(W3CHttpResponseCodec.java:122)
	at org.openqa.selenium.remote.http.W3CHttpResponseCodec.decode(W3CHttpResponseCodec.java:49)
	at org.openqa.selenium.remote.HttpCommandExecutor.execute(HttpCommandExecutor.java:158)
	at org.openqa.selenium.remote.service.DriverCommandExecutor.execute(DriverCommandExecutor.java:83)
	at org.openqa.selenium.remote.RemoteWebDriver.execute(RemoteWebDriver.java:552)
	at com.kms.katalon.selenium.driver.CChromeDriver.execute(CChromeDriver.java:19)
	at org.openqa.selenium.remote.RemoteWebElement.execute(RemoteWebElement.java:285)
	at org.openqa.selenium.remote.RemoteWebElement.click(RemoteWebElement.java:84)
	at org.openqa.selenium.support.events.EventFiringWebDriver$EventFiringWebElement.lambda$new$0(EventFiringWebDriver.java:404)
	at com.sun.proxy.$Proxy20.click(Unknown Source)
	at org.openqa.selenium.support.events.EventFiringWebDriver$EventFiringWebElement.click(EventFiringWebDriver.java:417)
	at com.kms.katalon.core.webui.keyword.builtin.ClickKeyword$_click_closure1.doCall(ClickKeyword.groovy:68)
	at com.kms.katalon.core.webui.keyword.builtin.ClickKeyword$_click_closure1.call(ClickKeyword.groovy)
	at com.kms.katalon.core.webui.keyword.internal.WebUIKeywordMain.runKeyword(WebUIKeywordMain.groovy:20)
	... 59 more


2021-11-23 09:57:45 - [TEST_STEP][PASSED] - waitForElementClickable(findTestObject("Object Repository/Kullanici_Islemleri/KullaniciIslemleri"), 10): Object 'Object Repository/Kullanici_Islemleri/KullaniciIslemleri' is clickable

2021-11-23 09:57:45 - [MESSAGE][INFO] - Finding Test Object 'Object Repository/Kullanici_Islemleri/KullaniciIslemleri'

2021-11-23 09:57:45 - [MESSAGE][INFO] - Checking object

2021-11-23 09:57:45 - [MESSAGE][INFO] - Checking timeout

2021-11-23 09:57:45 - [MESSAGE][INFO] - Finding web element from Test Object's properties

2021-11-23 09:57:45 - [MESSAGE][INFO] - Checking timeout

2021-11-23 09:57:45 - [MESSAGE][INFO] - Finding web element with id: 'Object Repository/Kullanici_Islemleri/KullaniciIslemleri' located by 'By.cssSelector: .dropdown>a>img' in '10' second(s)

2021-11-23 09:57:45 - [MESSAGE][INFO] - Smart Wait Function is triggered

2021-11-23 09:57:45 - [MESSAGE][INFO] - Found 1 web elements with id: 'Object Repository/Kullanici_Islemleri/KullaniciIslemleri' located by 'By.cssSelector: .dropdown>a>img' in '10' second(s)

2021-11-23 09:57:45 - [MESSAGE][PASSED] - Object 'Object Repository/Kullanici_Islemleri/KullaniciIslemleri' is clickable

2021-11-23 09:57:45 - [TEST_STEP][FAILED] - click(findTestObject("Object Repository/Kullanici_Islemleri/KullaniciIslemleri")): Unable to click on object 'Object Repository/Kullanici_Islemleri/KullaniciIslemleri' (Root cause: com.kms.katalon.core.exception.StepFailedException: Unable to click on object 'Object Repository/Kullanici_Islemleri/KullaniciIslemleri'
	at com.kms.katalon.core.webui.keyword.internal.WebUIKeywordMain.stepFailed(WebUIKeywordMain.groovy:64)
	at com.kms.katalon.core.webui.keyword.internal.WebUIKeywordMain.runKeyword(WebUIKeywordMain.groovy:26)
	at com.kms.katalon.core.webui.keyword.builtin.ClickKeyword.click(ClickKeyword.groovy:75)
	at com.kms.katalon.core.webui.keyword.builtin.ClickKeyword.execute(ClickKeyword.groovy:42)
	at com.kms.katalon.core.keyword.internal.KeywordExecutor.executeKeywordForPlatform(KeywordExecutor.groovy:73)
	at com.kms.katalon.core.webui.keyword.WebUiBuiltInKeywords.click(WebUiBuiltInKeywords.groovy:620)
	at com.kms.katalon.core.webui.keyword.WebUiBuiltInKeywords$click$5.call(Unknown Source)
	at KullaniciIslemlerindenSecimYapilir.run(KullaniciIslemlerindenSecimYapilir:21)
	at com.kms.katalon.core.main.ScriptEngine.run(ScriptEngine.java:194)
	at com.kms.katalon.core.main.ScriptEngine.runScriptAsRawText(ScriptEngine.java:119)
	at com.kms.katalon.core.main.TestCaseExecutor.runScript(TestCaseExecutor.java:369)
	at com.kms.katalon.core.main.TestCaseExecutor.doExecute(TestCaseExecutor.java:360)
	at com.kms.katalon.core.main.TestCaseExecutor.processExecutionPhase(TestCaseExecutor.java:339)
	at com.kms.katalon.core.main.TestCaseExecutor.accessMainPhase(TestCaseExecutor.java:331)
	at com.kms.katalon.core.main.TestCaseExecutor.execute(TestCaseExecutor.java:248)
	at com.kms.katalon.core.main.TestCaseMain.runTestCase(TestCaseMain.java:138)
	at com.kms.katalon.core.keyword.builtin.CallTestCaseKeyword$_callTestCase_closure1.doCall(CallTestCaseKeyword.groovy:59)
	at com.kms.katalon.core.keyword.builtin.CallTestCaseKeyword$_callTestCase_closure1.call(CallTestCaseKeyword.groovy)
	at com.kms.katalon.core.keyword.internal.KeywordMain.runKeyword(KeywordMain.groovy:68)
	at com.kms.katalon.core.keyword.builtin.CallTestCaseKeyword.callTestCase(CallTestCaseKeyword.groovy:81)
	at com.kms.katalon.core.keyword.builtin.CallTestCaseKeyword.execute(CallTestCaseKeyword.groovy:44)
	at com.kms.katalon.core.keyword.internal.KeywordExecutor.executeKeywordForPlatform(KeywordExecutor.groovy:73)
	at com.kms.katalon.core.keyword.BuiltinKeywords.callTestCase(BuiltinKeywords.groovy:334)
	at kullaniciIslemleri.kullaniciIslemleri.kullaniciIslemi(kullaniciIslemleri.groovy:50)
	at cucumber.runtime.Utils$1.call(Utils.java:26)
	at cucumber.runtime.Timeout.timeout(Timeout.java:16)
	at cucumber.runtime.Utils.invoke(Utils.java:20)
	at cucumber.runtime.java.JavaStepDefinition.execute(JavaStepDefinition.java:49)
	at cucumber.runner.PickleStepDefinitionMatch.runStep(PickleStepDefinitionMatch.java:50)
	at cucumber.runner.TestStep.executeStep(TestStep.java:63)
	at cucumber.runner.TestStep.run(TestStep.java:49)
	at cucumber.runner.PickleStepTestStep.run(PickleStepTestStep.java:43)
	at cucumber.runner.TestCase.run(TestCase.java:44)
	at cucumber.runner.Runner.runPickle(Runner.java:40)
	at cucumber.runtime.Runtime$1.run(Runtime.java:84)
	at cucumber.runtime.Runtime$SameThreadExecutorService.execute(Runtime.java:220)
	at cucumber.runtime.Runtime.run(Runtime.java:81)
	at cucumber.api.cli.Main.run(Main.java:26)
	at cucumber.api.cli.Main$run.call(Unknown Source)
	at com.kms.katalon.core.cucumber.keyword.CucumberBuiltinKeywords$_runFeatureFile_closure1.doCall(CucumberBuiltinKeywords.groovy:106)
	at com.kms.katalon.core.cucumber.keyword.CucumberBuiltinKeywords$_runFeatureFile_closure1.doCall(CucumberBuiltinKeywords.groovy)
	at com.kms.katalon.core.keyword.internal.KeywordMain.runKeyword(KeywordMain.groovy:68)
	at com.kms.katalon.core.keyword.internal.KeywordMain$runKeyword.call(Unknown Source)
	at com.kms.katalon.core.cucumber.keyword.CucumberBuiltinKeywords.runFeatureFile(CucumberBuiltinKeywords.groovy:73)
	at com.kms.katalon.core.cucumber.keyword.CucumberBuiltinKeywords$runFeatureFile$0.callStatic(Unknown Source)
	at com.kms.katalon.core.cucumber.keyword.CucumberBuiltinKeywords.runFeatureFile(CucumberBuiltinKeywords.groovy:246)
	at com.kms.katalon.core.cucumber.keyword.CucumberBuiltinKeywords$runFeatureFile.call(Unknown Source)
	at Kullanici Ekle.run(Kullanici Ekle:17)
	at com.kms.katalon.core.main.ScriptEngine.run(ScriptEngine.java:194)
	at com.kms.katalon.core.main.ScriptEngine.runScriptAsRawText(ScriptEngine.java:119)
	at com.kms.katalon.core.main.TestCaseExecutor.runScript(TestCaseExecutor.java:369)
	at com.kms.katalon.core.main.TestCaseExecutor.doExecute(TestCaseExecutor.java:360)
	at com.kms.katalon.core.main.TestCaseExecutor.processExecutionPhase(TestCaseExecutor.java:339)
	at com.kms.katalon.core.main.TestCaseExecutor.accessMainPhase(TestCaseExecutor.java:331)
	at com.kms.katalon.core.main.TestCaseExecutor.execute(TestCaseExecutor.java:248)
	at com.kms.katalon.core.main.TestSuiteExecutor.accessTestCaseMainPhase(TestSuiteExecutor.java:191)
	at com.kms.katalon.core.main.TestSuiteExecutor.accessTestSuiteMainPhase(TestSuiteExecutor.java:140)
	at com.kms.katalon.core.main.TestSuiteExecutor.execute(TestSuiteExecutor.java:89)
	at com.kms.katalon.core.main.TestCaseMain.startTestSuite(TestCaseMain.java:181)
	at com.kms.katalon.core.main.TestCaseMain$startTestSuite$0.call(Unknown Source)
	at TempTestSuite1637647942092.run(TempTestSuite1637647942092.groovy:39)
Caused by: org.openqa.selenium.ElementClickInterceptedException: element click intercepted: Element <img src="/Content/Images/defaultTopLogo.png"> is not clickable at point (1865, 35). Other element would receive the click: <div class="modal" id="addUser" tabindex="-1" role="dialog" aria-hidden="true" style="z-index: 1; display: block;">...</div>
  (Session info: chrome=96.0.4664.45)
Build info: version: '3.141.59', revision: 'e82be7d358', time: '2018-11-14T08:25:53'
System info: host: 'DESKTOP-QBVMTUG', ip: '192.168.1.24', os.name: 'Windows 10', os.arch: 'amd64', os.version: '10.0', java.version: '1.8.0_282'
Driver info: com.kms.katalon.selenium.driver.CChromeDriver
Capabilities {acceptInsecureCerts: false, browserName: chrome, browserVersion: 96.0.4664.45, chrome: {chromedriverVersion: 96.0.4664.45 (76e4c1bb2ab46..., userDataDir: C:\Users\DELL\AppData\Local...}, goog:chromeOptions: {debuggerAddress: localhost:50295}, javascriptEnabled: true, networkConnectionEnabled: false, pageLoadStrategy: normal, platform: WINDOWS, platformName: WINDOWS, proxy: Proxy(), setWindowRect: true, strictFileInteractability: false, timeouts: {implicit: 0, pageLoad: 300000, script: 30000}, unhandledPromptBehavior: dismiss and notify, webauthn:extension:credBlob: true, webauthn:extension:largeBlob: true, webauthn:virtualAuthenticators: true}
Session ID: eac6cffc0a18f8938dc70b9f847494f1
	at org.openqa.selenium.remote.http.W3CHttpResponseCodec.createException(W3CHttpResponseCodec.java:187)
	at org.openqa.selenium.remote.http.W3CHttpResponseCodec.decode(W3CHttpResponseCodec.java:122)
	at org.openqa.selenium.remote.http.W3CHttpResponseCodec.decode(W3CHttpResponseCodec.java:49)
	at org.openqa.selenium.remote.HttpCommandExecutor.execute(HttpCommandExecutor.java:158)
	at org.openqa.selenium.remote.service.DriverCommandExecutor.execute(DriverCommandExecutor.java:83)
	at org.openqa.selenium.remote.RemoteWebDriver.execute(RemoteWebDriver.java:552)
	at com.kms.katalon.selenium.driver.CChromeDriver.execute(CChromeDriver.java:19)
	at org.openqa.selenium.remote.RemoteWebElement.execute(RemoteWebElement.java:285)
	at org.openqa.selenium.remote.RemoteWebElement.click(RemoteWebElement.java:84)
	at org.openqa.selenium.support.events.EventFiringWebDriver$EventFiringWebElement.lambda$new$0(EventFiringWebDriver.java:404)
	at com.sun.proxy.$Proxy20.click(Unknown Source)
	at org.openqa.selenium.support.events.EventFiringWebDriver$EventFiringWebElement.click(EventFiringWebDriver.java:417)
	at com.kms.katalon.core.webui.keyword.builtin.ClickKeyword$_click_closure1.doCall(ClickKeyword.groovy:68)
	at com.kms.katalon.core.webui.keyword.builtin.ClickKeyword$_click_closure1.call(ClickKeyword.groovy)
	at com.kms.katalon.core.webui.keyword.internal.WebUIKeywordMain.runKeyword(WebUIKeywordMain.groovy:20)
	at com.kms.katalon.core.webui.keyword.builtin.ClickKeyword.click(ClickKeyword.groovy:75)
	at com.kms.katalon.core.webui.keyword.builtin.ClickKeyword.execute(ClickKeyword.groovy:42)
	at com.kms.katalon.core.keyword.internal.KeywordExecutor.executeKeywordForPlatform(KeywordExecutor.groovy:73)
	at com.kms.katalon.core.webui.keyword.WebUiBuiltInKeywords.click(WebUiBuiltInKeywords.groovy:620)
	at com.kms.katalon.core.webui.keyword.WebUiBuiltInKeywords$click$5.call(Unknown Source)
	at Script1590733878064.run(Script1590733878064.groovy:21)
	at com.kms.katalon.core.main.ScriptEngine.run(ScriptEngine.java:194)
	at com.kms.katalon.core.main.ScriptEngine.runScriptAsRawText(ScriptEngine.java:119)
	at com.kms.katalon.core.main.TestCaseExecutor.runScript(TestCaseExecutor.java:369)
	at com.kms.katalon.core.main.TestCaseExecutor.doExecute(TestCaseExecutor.java:360)
	at com.kms.katalon.core.main.TestCaseExecutor.processExecutionPhase(TestCaseExecutor.java:339)
	at com.kms.katalon.core.main.TestCaseExecutor.accessMainPhase(TestCaseExecutor.java:331)
	at com.kms.katalon.core.main.TestCaseExecutor.execute(TestCaseExecutor.java:248)
	at com.kms.katalon.core.main.TestCaseMain.runTestCase(TestCaseMain.java:138)
	at com.kms.katalon.core.keyword.builtin.CallTestCaseKeyword$_callTestCase_closure1.doCall(CallTestCaseKeyword.groovy:59)
	at com.kms.katalon.core.keyword.builtin.CallTestCaseKeyword$_callTestCase_closure1.call(CallTestCaseKeyword.groovy)
	at com.kms.katalon.core.keyword.internal.KeywordMain.runKeyword(KeywordMain.groovy:68)
	at com.kms.katalon.core.keyword.builtin.CallTestCaseKeyword.callTestCase(CallTestCaseKeyword.groovy:81)
	at com.kms.katalon.core.keyword.builtin.CallTestCaseKeyword.execute(CallTestCaseKeyword.groovy:44)
	at com.kms.katalon.core.keyword.internal.KeywordExecutor.executeKeywordForPlatform(KeywordExecutor.groovy:73)
	at com.kms.katalon.core.keyword.BuiltinKeywords.callTestCase(BuiltinKeywords.groovy:334)
	at kullaniciIslemleri.kullaniciIslemleri.kullaniciIslemi(kullaniciIslemleri.groovy:50)
	at cucumber.runtime.Utils$1.call(Utils.java:26)
	at cucumber.runtime.Timeout.timeout(Timeout.java:16)
	at cucumber.runtime.Utils.invoke(Utils.java:20)
	at cucumber.runtime.java.JavaStepDefinition.execute(JavaStepDefinition.java:49)
	at cucumber.runner.PickleStepDefinitionMatch.runStep(PickleStepDefinitionMatch.java:50)
	at cucumber.runner.TestStep.executeStep(TestStep.java:63)
	at cucumber.runner.TestStep.run(TestStep.java:49)
	at cucumber.runner.PickleStepTestStep.run(PickleStepTestStep.java:43)
	at cucumber.runner.TestCase.run(TestCase.java:44)
	at cucumber.runner.Runner.runPickle(Runner.java:40)
	at cucumber.runtime.Runtime$1.run(Runtime.java:84)
	at cucumber.runtime.Runtime$SameThreadExecutorService.execute(Runtime.java:220)
	at cucumber.runtime.Runtime.run(Runtime.java:81)
	at cucumber.api.cli.Main.run(Main.java:26)
	at cucumber.api.cli.Main$run.call(Unknown Source)
	at com.kms.katalon.core.cucumber.keyword.CucumberBuiltinKeywords$_runFeatureFile_closure1.doCall(CucumberBuiltinKeywords.groovy:106)
	at com.kms.katalon.core.cucumber.keyword.CucumberBuiltinKeywords$_runFeatureFile_closure1.doCall(CucumberBuiltinKeywords.groovy)
	at com.kms.katalon.core.keyword.internal.KeywordMain.runKeyword(KeywordMain.groovy:68)
	at com.kms.katalon.core.keyword.internal.KeywordMain$runKeyword.call(Unknown Source)
	at com.kms.katalon.core.cucumber.keyword.CucumberBuiltinKeywords.runFeatureFile(CucumberBuiltinKeywords.groovy:73)
	at com.kms.katalon.core.cucumber.keyword.CucumberBuiltinKeywords$runFeatureFile$0.callStatic(Unknown Source)
	at com.kms.katalon.core.cucumber.keyword.CucumberBuiltinKeywords.runFeatureFile(CucumberBuiltinKeywords.groovy:246)
	at com.kms.katalon.core.cucumber.keyword.CucumberBuiltinKeywords$runFeatureFile.call(Unknown Source)
	at Script1600698734524.run(Script1600698734524.groovy:17)
	... 13 more
)

2021-11-23 09:57:45 - [MESSAGE][INFO] - Finding Test Object 'Object Repository/Kullanici_Islemleri/KullaniciIslemleri'

2021-11-23 09:57:46 - [MESSAGE][INFO] - Checking object

2021-11-23 09:57:46 - [MESSAGE][INFO] - Finding web element from Test Object's properties

2021-11-23 09:57:46 - [MESSAGE][INFO] - Checking timeout

2021-11-23 09:57:46 - [MESSAGE][INFO] - Finding web element with id: 'Object Repository/Kullanici_Islemleri/KullaniciIslemleri' located by 'By.cssSelector: .dropdown>a>img' in '30' second(s)

2021-11-23 09:57:46 - [MESSAGE][INFO] - Smart Wait Function is triggered

2021-11-23 09:57:46 - [MESSAGE][INFO] - Found 1 web elements with id: 'Object Repository/Kullanici_Islemleri/KullaniciIslemleri' located by 'By.cssSelector: .dropdown>a>img' in '30' second(s)

2021-11-23 09:57:46 - [MESSAGE][INFO] - Clicking on object: 'Object Repository/Kullanici_Islemleri/KullaniciIslemleri'

2021-11-23 09:57:47 - [MESSAGE][FAILED] - Unable to click on object 'Object Repository/Kullanici_Islemleri/KullaniciIslemleri' (Root cause: com.kms.katalon.core.exception.StepFailedException: Unable to click on object 'Object Repository/Kullanici_Islemleri/KullaniciIslemleri'
	at com.kms.katalon.core.webui.keyword.internal.WebUIKeywordMain.stepFailed(WebUIKeywordMain.groovy:64)
	at com.kms.katalon.core.webui.keyword.internal.WebUIKeywordMain.runKeyword(WebUIKeywordMain.groovy:26)
	at com.kms.katalon.core.webui.keyword.builtin.ClickKeyword.click(ClickKeyword.groovy:75)
	at com.kms.katalon.core.webui.keyword.builtin.ClickKeyword.execute(ClickKeyword.groovy:42)
	at com.kms.katalon.core.keyword.internal.KeywordExecutor.executeKeywordForPlatform(KeywordExecutor.groovy:73)
	at com.kms.katalon.core.webui.keyword.WebUiBuiltInKeywords.click(WebUiBuiltInKeywords.groovy:620)
	at com.kms.katalon.core.webui.keyword.WebUiBuiltInKeywords$click$5.call(Unknown Source)
	at KullaniciIslemlerindenSecimYapilir.run(KullaniciIslemlerindenSecimYapilir:21)
	at com.kms.katalon.core.main.ScriptEngine.run(ScriptEngine.java:194)
	at com.kms.katalon.core.main.ScriptEngine.runScriptAsRawText(ScriptEngine.java:119)
	at com.kms.katalon.core.main.TestCaseExecutor.runScript(TestCaseExecutor.java:369)
	at com.kms.katalon.core.main.TestCaseExecutor.doExecute(TestCaseExecutor.java:360)
	at com.kms.katalon.core.main.TestCaseExecutor.processExecutionPhase(TestCaseExecutor.java:339)
	at com.kms.katalon.core.main.TestCaseExecutor.accessMainPhase(TestCaseExecutor.java:331)
	at com.kms.katalon.core.main.TestCaseExecutor.execute(TestCaseExecutor.java:248)
	at com.kms.katalon.core.main.TestCaseMain.runTestCase(TestCaseMain.java:138)
	at com.kms.katalon.core.keyword.builtin.CallTestCaseKeyword$_callTestCase_closure1.doCall(CallTestCaseKeyword.groovy:59)
	at com.kms.katalon.core.keyword.builtin.CallTestCaseKeyword$_callTestCase_closure1.call(CallTestCaseKeyword.groovy)
	at com.kms.katalon.core.keyword.internal.KeywordMain.runKeyword(KeywordMain.groovy:68)
	at com.kms.katalon.core.keyword.builtin.CallTestCaseKeyword.callTestCase(CallTestCaseKeyword.groovy:81)
	at com.kms.katalon.core.keyword.builtin.CallTestCaseKeyword.execute(CallTestCaseKeyword.groovy:44)
	at com.kms.katalon.core.keyword.internal.KeywordExecutor.executeKeywordForPlatform(KeywordExecutor.groovy:73)
	at com.kms.katalon.core.keyword.BuiltinKeywords.callTestCase(BuiltinKeywords.groovy:334)
	at kullaniciIslemleri.kullaniciIslemleri.kullaniciIslemi(kullaniciIslemleri.groovy:50)
	at cucumber.runtime.Utils$1.call(Utils.java:26)
	at cucumber.runtime.Timeout.timeout(Timeout.java:16)
	at cucumber.runtime.Utils.invoke(Utils.java:20)
	at cucumber.runtime.java.JavaStepDefinition.execute(JavaStepDefinition.java:49)
	at cucumber.runner.PickleStepDefinitionMatch.runStep(PickleStepDefinitionMatch.java:50)
	at cucumber.runner.TestStep.executeStep(TestStep.java:63)
	at cucumber.runner.TestStep.run(TestStep.java:49)
	at cucumber.runner.PickleStepTestStep.run(PickleStepTestStep.java:43)
	at cucumber.runner.TestCase.run(TestCase.java:44)
	at cucumber.runner.Runner.runPickle(Runner.java:40)
	at cucumber.runtime.Runtime$1.run(Runtime.java:84)
	at cucumber.runtime.Runtime$SameThreadExecutorService.execute(Runtime.java:220)
	at cucumber.runtime.Runtime.run(Runtime.java:81)
	at cucumber.api.cli.Main.run(Main.java:26)
	at cucumber.api.cli.Main$run.call(Unknown Source)
	at com.kms.katalon.core.cucumber.keyword.CucumberBuiltinKeywords$_runFeatureFile_closure1.doCall(CucumberBuiltinKeywords.groovy:106)
	at com.kms.katalon.core.cucumber.keyword.CucumberBuiltinKeywords$_runFeatureFile_closure1.doCall(CucumberBuiltinKeywords.groovy)
	at com.kms.katalon.core.keyword.internal.KeywordMain.runKeyword(KeywordMain.groovy:68)
	at com.kms.katalon.core.keyword.internal.KeywordMain$runKeyword.call(Unknown Source)
	at com.kms.katalon.core.cucumber.keyword.CucumberBuiltinKeywords.runFeatureFile(CucumberBuiltinKeywords.groovy:73)
	at com.kms.katalon.core.cucumber.keyword.CucumberBuiltinKeywords$runFeatureFile$0.callStatic(Unknown Source)
	at com.kms.katalon.core.cucumber.keyword.CucumberBuiltinKeywords.runFeatureFile(CucumberBuiltinKeywords.groovy:246)
	at com.kms.katalon.core.cucumber.keyword.CucumberBuiltinKeywords$runFeatureFile.call(Unknown Source)
	at Kullanici Ekle.run(Kullanici Ekle:17)
	at com.kms.katalon.core.main.ScriptEngine.run(ScriptEngine.java:194)
	at com.kms.katalon.core.main.ScriptEngine.runScriptAsRawText(ScriptEngine.java:119)
	at com.kms.katalon.core.main.TestCaseExecutor.runScript(TestCaseExecutor.java:369)
	at com.kms.katalon.core.main.TestCaseExecutor.doExecute(TestCaseExecutor.java:360)
	at com.kms.katalon.core.main.TestCaseExecutor.processExecutionPhase(TestCaseExecutor.java:339)
	at com.kms.katalon.core.main.TestCaseExecutor.accessMainPhase(TestCaseExecutor.java:331)
	at com.kms.katalon.core.main.TestCaseExecutor.execute(TestCaseExecutor.java:248)
	at com.kms.katalon.core.main.TestSuiteExecutor.accessTestCaseMainPhase(TestSuiteExecutor.java:191)
	at com.kms.katalon.core.main.TestSuiteExecutor.accessTestSuiteMainPhase(TestSuiteExecutor.java:140)
	at com.kms.katalon.core.main.TestSuiteExecutor.execute(TestSuiteExecutor.java:89)
	at com.kms.katalon.core.main.TestCaseMain.startTestSuite(TestCaseMain.java:181)
	at com.kms.katalon.core.main.TestCaseMain$startTestSuite$0.call(Unknown Source)
	at TempTestSuite1637647942092.run(TempTestSuite1637647942092.groovy:39)
Caused by: org.openqa.selenium.ElementClickInterceptedException: element click intercepted: Element <img src="/Content/Images/defaultTopLogo.png"> is not clickable at point (1865, 35). Other element would receive the click: <div class="modal" id="addUser" tabindex="-1" role="dialog" aria-hidden="true" style="z-index: 1; display: block;">...</div>
  (Session info: chrome=96.0.4664.45)
Build info: version: '3.141.59', revision: 'e82be7d358', time: '2018-11-14T08:25:53'
System info: host: 'DESKTOP-QBVMTUG', ip: '192.168.1.24', os.name: 'Windows 10', os.arch: 'amd64', os.version: '10.0', java.version: '1.8.0_282'
Driver info: com.kms.katalon.selenium.driver.CChromeDriver
Capabilities {acceptInsecureCerts: false, browserName: chrome, browserVersion: 96.0.4664.45, chrome: {chromedriverVersion: 96.0.4664.45 (76e4c1bb2ab46..., userDataDir: C:\Users\DELL\AppData\Local...}, goog:chromeOptions: {debuggerAddress: localhost:50295}, javascriptEnabled: true, networkConnectionEnabled: false, pageLoadStrategy: normal, platform: WINDOWS, platformName: WINDOWS, proxy: Proxy(), setWindowRect: true, strictFileInteractability: false, timeouts: {implicit: 0, pageLoad: 300000, script: 30000}, unhandledPromptBehavior: dismiss and notify, webauthn:extension:credBlob: true, webauthn:extension:largeBlob: true, webauthn:virtualAuthenticators: true}
Session ID: eac6cffc0a18f8938dc70b9f847494f1
	at org.openqa.selenium.remote.http.W3CHttpResponseCodec.createException(W3CHttpResponseCodec.java:187)
	at org.openqa.selenium.remote.http.W3CHttpResponseCodec.decode(W3CHttpResponseCodec.java:122)
	at org.openqa.selenium.remote.http.W3CHttpResponseCodec.decode(W3CHttpResponseCodec.java:49)
	at org.openqa.selenium.remote.HttpCommandExecutor.execute(HttpCommandExecutor.java:158)
	at org.openqa.selenium.remote.service.DriverCommandExecutor.execute(DriverCommandExecutor.java:83)
	at org.openqa.selenium.remote.RemoteWebDriver.execute(RemoteWebDriver.java:552)
	at com.kms.katalon.selenium.driver.CChromeDriver.execute(CChromeDriver.java:19)
	at org.openqa.selenium.remote.RemoteWebElement.execute(RemoteWebElement.java:285)
	at org.openqa.selenium.remote.RemoteWebElement.click(RemoteWebElement.java:84)
	at org.openqa.selenium.support.events.EventFiringWebDriver$EventFiringWebElement.lambda$new$0(EventFiringWebDriver.java:404)
	at com.sun.proxy.$Proxy20.click(Unknown Source)
	at org.openqa.selenium.support.events.EventFiringWebDriver$EventFiringWebElement.click(EventFiringWebDriver.java:417)
	at com.kms.katalon.core.webui.keyword.builtin.ClickKeyword$_click_closure1.doCall(ClickKeyword.groovy:68)
	at com.kms.katalon.core.webui.keyword.builtin.ClickKeyword$_click_closure1.call(ClickKeyword.groovy)
	at com.kms.katalon.core.webui.keyword.internal.WebUIKeywordMain.runKeyword(WebUIKeywordMain.groovy:20)
	at com.kms.katalon.core.webui.keyword.builtin.ClickKeyword.click(ClickKeyword.groovy:75)
	at com.kms.katalon.core.webui.keyword.builtin.ClickKeyword.execute(ClickKeyword.groovy:42)
	at com.kms.katalon.core.keyword.internal.KeywordExecutor.executeKeywordForPlatform(KeywordExecutor.groovy:73)
	at com.kms.katalon.core.webui.keyword.WebUiBuiltInKeywords.click(WebUiBuiltInKeywords.groovy:620)
	at com.kms.katalon.core.webui.keyword.WebUiBuiltInKeywords$click$5.call(Unknown Source)
	at Script1590733878064.run(Script1590733878064.groovy:21)
	at com.kms.katalon.core.main.ScriptEngine.run(ScriptEngine.java:194)
	at com.kms.katalon.core.main.ScriptEngine.runScriptAsRawText(ScriptEngine.java:119)
	at com.kms.katalon.core.main.TestCaseExecutor.runScript(TestCaseExecutor.java:369)
	at com.kms.katalon.core.main.TestCaseExecutor.doExecute(TestCaseExecutor.java:360)
	at com.kms.katalon.core.main.TestCaseExecutor.processExecutionPhase(TestCaseExecutor.java:339)
	at com.kms.katalon.core.main.TestCaseExecutor.accessMainPhase(TestCaseExecutor.java:331)
	at com.kms.katalon.core.main.TestCaseExecutor.execute(TestCaseExecutor.java:248)
	at com.kms.katalon.core.main.TestCaseMain.runTestCase(TestCaseMain.java:138)
	at com.kms.katalon.core.keyword.builtin.CallTestCaseKeyword$_callTestCase_closure1.doCall(CallTestCaseKeyword.groovy:59)
	at com.kms.katalon.core.keyword.builtin.CallTestCaseKeyword$_callTestCase_closure1.call(CallTestCaseKeyword.groovy)
	at com.kms.katalon.core.keyword.internal.KeywordMain.runKeyword(KeywordMain.groovy:68)
	at com.kms.katalon.core.keyword.builtin.CallTestCaseKeyword.callTestCase(CallTestCaseKeyword.groovy:81)
	at com.kms.katalon.core.keyword.builtin.CallTestCaseKeyword.execute(CallTestCaseKeyword.groovy:44)
	at com.kms.katalon.core.keyword.internal.KeywordExecutor.executeKeywordForPlatform(KeywordExecutor.groovy:73)
	at com.kms.katalon.core.keyword.BuiltinKeywords.callTestCase(BuiltinKeywords.groovy:334)
	at kullaniciIslemleri.kullaniciIslemleri.kullaniciIslemi(kullaniciIslemleri.groovy:50)
	at cucumber.runtime.Utils$1.call(Utils.java:26)
	at cucumber.runtime.Timeout.timeout(Timeout.java:16)
	at cucumber.runtime.Utils.invoke(Utils.java:20)
	at cucumber.runtime.java.JavaStepDefinition.execute(JavaStepDefinition.java:49)
	at cucumber.runner.PickleStepDefinitionMatch.runStep(PickleStepDefinitionMatch.java:50)
	at cucumber.runner.TestStep.executeStep(TestStep.java:63)
	at cucumber.runner.TestStep.run(TestStep.java:49)
	at cucumber.runner.PickleStepTestStep.run(PickleStepTestStep.java:43)
	at cucumber.runner.TestCase.run(TestCase.java:44)
	at cucumber.runner.Runner.runPickle(Runner.java:40)
	at cucumber.runtime.Runtime$1.run(Runtime.java:84)
	at cucumber.runtime.Runtime$SameThreadExecutorService.execute(Runtime.java:220)
	at cucumber.runtime.Runtime.run(Runtime.java:81)
	at cucumber.api.cli.Main.run(Main.java:26)
	at cucumber.api.cli.Main$run.call(Unknown Source)
	at com.kms.katalon.core.cucumber.keyword.CucumberBuiltinKeywords$_runFeatureFile_closure1.doCall(CucumberBuiltinKeywords.groovy:106)
	at com.kms.katalon.core.cucumber.keyword.CucumberBuiltinKeywords$_runFeatureFile_closure1.doCall(CucumberBuiltinKeywords.groovy)
	at com.kms.katalon.core.keyword.internal.KeywordMain.runKeyword(KeywordMain.groovy:68)
	at com.kms.katalon.core.keyword.internal.KeywordMain$runKeyword.call(Unknown Source)
	at com.kms.katalon.core.cucumber.keyword.CucumberBuiltinKeywords.runFeatureFile(CucumberBuiltinKeywords.groovy:73)
	at com.kms.katalon.core.cucumber.keyword.CucumberBuiltinKeywords$runFeatureFile$0.callStatic(Unknown Source)
	at com.kms.katalon.core.cucumber.keyword.CucumberBuiltinKeywords.runFeatureFile(CucumberBuiltinKeywords.groovy:246)
	at com.kms.katalon.core.cucumber.keyword.CucumberBuiltinKeywords$runFeatureFile.call(Unknown Source)
	at Script1600698734524.run(Script1600698734524.groovy:17)
	... 13 more
)

2021-11-23 09:57:47 - [MESSAGE][FAILED] - Unable to call Test Case 'Test Cases/Kullanici_Islemleri/KullaniciIslemlerindenSecimYapilir' (Root cause: com.kms.katalon.core.exception.StepFailedException: Call Test Case 'Test Cases/Kullanici_Islemleri/KullaniciIslemlerindenSecimYapilir' failed
	at com.kms.katalon.core.keyword.builtin.CallTestCaseKeyword$_callTestCase_closure1.doCall(CallTestCaseKeyword.groovy:63)
	at com.kms.katalon.core.keyword.builtin.CallTestCaseKeyword$_callTestCase_closure1.call(CallTestCaseKeyword.groovy)
	at com.kms.katalon.core.keyword.internal.KeywordMain.runKeyword(KeywordMain.groovy:68)
	at com.kms.katalon.core.keyword.builtin.CallTestCaseKeyword.callTestCase(CallTestCaseKeyword.groovy:81)
	at com.kms.katalon.core.keyword.builtin.CallTestCaseKeyword.execute(CallTestCaseKeyword.groovy:44)
	at com.kms.katalon.core.keyword.internal.KeywordExecutor.executeKeywordForPlatform(KeywordExecutor.groovy:73)
	at com.kms.katalon.core.keyword.BuiltinKeywords.callTestCase(BuiltinKeywords.groovy:334)
	at kullaniciIslemleri.kullaniciIslemleri.kullaniciIslemi(kullaniciIslemleri.groovy:50)
	at cucumber.runtime.Utils$1.call(Utils.java:26)
	at cucumber.runtime.Timeout.timeout(Timeout.java:16)
	at cucumber.runtime.Utils.invoke(Utils.java:20)
	at cucumber.runtime.java.JavaStepDefinition.execute(JavaStepDefinition.java:49)
	at cucumber.runner.PickleStepDefinitionMatch.runStep(PickleStepDefinitionMatch.java:50)
	at cucumber.runner.TestStep.executeStep(TestStep.java:63)
	at cucumber.runner.TestStep.run(TestStep.java:49)
	at cucumber.runner.PickleStepTestStep.run(PickleStepTestStep.java:43)
	at cucumber.runner.TestCase.run(TestCase.java:44)
	at cucumber.runner.Runner.runPickle(Runner.java:40)
	at cucumber.runtime.Runtime$1.run(Runtime.java:84)
	at cucumber.runtime.Runtime$SameThreadExecutorService.execute(Runtime.java:220)
	at cucumber.runtime.Runtime.run(Runtime.java:81)
	at cucumber.api.cli.Main.run(Main.java:26)
	at cucumber.api.cli.Main$run.call(Unknown Source)
	at com.kms.katalon.core.cucumber.keyword.CucumberBuiltinKeywords$_runFeatureFile_closure1.doCall(CucumberBuiltinKeywords.groovy:106)
	at com.kms.katalon.core.cucumber.keyword.CucumberBuiltinKeywords$_runFeatureFile_closure1.doCall(CucumberBuiltinKeywords.groovy)
	at com.kms.katalon.core.keyword.internal.KeywordMain.runKeyword(KeywordMain.groovy:68)
	at com.kms.katalon.core.keyword.internal.KeywordMain$runKeyword.call(Unknown Source)
	at com.kms.katalon.core.cucumber.keyword.CucumberBuiltinKeywords.runFeatureFile(CucumberBuiltinKeywords.groovy:73)
	at com.kms.katalon.core.cucumber.keyword.CucumberBuiltinKeywords$runFeatureFile$0.callStatic(Unknown Source)
	at com.kms.katalon.core.cucumber.keyword.CucumberBuiltinKeywords.runFeatureFile(CucumberBuiltinKeywords.groovy:246)
	at com.kms.katalon.core.cucumber.keyword.CucumberBuiltinKeywords$runFeatureFile.call(Unknown Source)
	at Kullanici Ekle.run(Kullanici Ekle:17)
	at com.kms.katalon.core.main.ScriptEngine.run(ScriptEngine.java:194)
	at com.kms.katalon.core.main.ScriptEngine.runScriptAsRawText(ScriptEngine.java:119)
	at com.kms.katalon.core.main.TestCaseExecutor.runScript(TestCaseExecutor.java:369)
	at com.kms.katalon.core.main.TestCaseExecutor.doExecute(TestCaseExecutor.java:360)
	at com.kms.katalon.core.main.TestCaseExecutor.processExecutionPhase(TestCaseExecutor.java:339)
	at com.kms.katalon.core.main.TestCaseExecutor.accessMainPhase(TestCaseExecutor.java:331)
	at com.kms.katalon.core.main.TestCaseExecutor.execute(TestCaseExecutor.java:248)
	at com.kms.katalon.core.main.TestSuiteExecutor.accessTestCaseMainPhase(TestSuiteExecutor.java:191)
	at com.kms.katalon.core.main.TestSuiteExecutor.accessTestSuiteMainPhase(TestSuiteExecutor.java:140)
	at com.kms.katalon.core.main.TestSuiteExecutor.execute(TestSuiteExecutor.java:89)
	at com.kms.katalon.core.main.TestCaseMain.startTestSuite(TestCaseMain.java:181)
	at com.kms.katalon.core.main.TestCaseMain$startTestSuite$0.call(Unknown Source)
	at TempTestSuite1637647942092.run(TempTestSuite1637647942092.groovy:39)
Caused by: com.kms.katalon.core.exception.StepFailedException: Unable to click on object 'Object Repository/Kullanici_Islemleri/KullaniciIslemleri'
	at com.kms.katalon.core.webui.keyword.internal.WebUIKeywordMain.stepFailed(WebUIKeywordMain.groovy:64)
	at com.kms.katalon.core.webui.keyword.internal.WebUIKeywordMain.runKeyword(WebUIKeywordMain.groovy:26)
	at com.kms.katalon.core.webui.keyword.builtin.ClickKeyword.click(ClickKeyword.groovy:75)
	at com.kms.katalon.core.webui.keyword.builtin.ClickKeyword.execute(ClickKeyword.groovy:42)
	at com.kms.katalon.core.keyword.internal.KeywordExecutor.executeKeywordForPlatform(KeywordExecutor.groovy:73)
	at com.kms.katalon.core.webui.keyword.WebUiBuiltInKeywords.click(WebUiBuiltInKeywords.groovy:620)
	at com.kms.katalon.core.webui.keyword.WebUiBuiltInKeywords$click$5.call(Unknown Source)
	at KullaniciIslemlerindenSecimYapilir.run(KullaniciIslemlerindenSecimYapilir:21)
	at com.kms.katalon.core.main.ScriptEngine.run(ScriptEngine.java:194)
	at com.kms.katalon.core.main.ScriptEngine.runScriptAsRawText(ScriptEngine.java:119)
	at com.kms.katalon.core.main.TestCaseExecutor.runScript(TestCaseExecutor.java:369)
	at com.kms.katalon.core.main.TestCaseExecutor.doExecute(TestCaseExecutor.java:360)
	at com.kms.katalon.core.main.TestCaseExecutor.processExecutionPhase(TestCaseExecutor.java:339)
	at com.kms.katalon.core.main.TestCaseExecutor.accessMainPhase(TestCaseExecutor.java:331)
	at com.kms.katalon.core.main.TestCaseExecutor.execute(TestCaseExecutor.java:248)
	at com.kms.katalon.core.main.TestCaseMain.runTestCase(TestCaseMain.java:138)
	at com.kms.katalon.core.keyword.builtin.CallTestCaseKeyword$_callTestCase_closure1.doCall(CallTestCaseKeyword.groovy:59)
	... 44 more
Caused by: org.openqa.selenium.ElementClickInterceptedException: element click intercepted: Element <img src="/Content/Images/defaultTopLogo.png"> is not clickable at point (1865, 35). Other element would receive the click: <div class="modal" id="addUser" tabindex="-1" role="dialog" aria-hidden="true" style="z-index: 1; display: block;">...</div>
  (Session info: chrome=96.0.4664.45)
Build info: version: '3.141.59', revision: 'e82be7d358', time: '2018-11-14T08:25:53'
System info: host: 'DESKTOP-QBVMTUG', ip: '192.168.1.24', os.name: 'Windows 10', os.arch: 'amd64', os.version: '10.0', java.version: '1.8.0_282'
Driver info: com.kms.katalon.selenium.driver.CChromeDriver
Capabilities {acceptInsecureCerts: false, browserName: chrome, browserVersion: 96.0.4664.45, chrome: {chromedriverVersion: 96.0.4664.45 (76e4c1bb2ab46..., userDataDir: C:\Users\DELL\AppData\Local...}, goog:chromeOptions: {debuggerAddress: localhost:50295}, javascriptEnabled: true, networkConnectionEnabled: false, pageLoadStrategy: normal, platform: WINDOWS, platformName: WINDOWS, proxy: Proxy(), setWindowRect: true, strictFileInteractability: false, timeouts: {implicit: 0, pageLoad: 300000, script: 30000}, unhandledPromptBehavior: dismiss and notify, webauthn:extension:credBlob: true, webauthn:extension:largeBlob: true, webauthn:virtualAuthenticators: true}
Session ID: eac6cffc0a18f8938dc70b9f847494f1
	at org.openqa.selenium.remote.http.W3CHttpResponseCodec.createException(W3CHttpResponseCodec.java:187)
	at org.openqa.selenium.remote.http.W3CHttpResponseCodec.decode(W3CHttpResponseCodec.java:122)
	at org.openqa.selenium.remote.http.W3CHttpResponseCodec.decode(W3CHttpResponseCodec.java:49)
	at org.openqa.selenium.remote.HttpCommandExecutor.execute(HttpCommandExecutor.java:158)
	at org.openqa.selenium.remote.service.DriverCommandExecutor.execute(DriverCommandExecutor.java:83)
	at org.openqa.selenium.remote.RemoteWebDriver.execute(RemoteWebDriver.java:552)
	at com.kms.katalon.selenium.driver.CChromeDriver.execute(CChromeDriver.java:19)
	at org.openqa.selenium.remote.RemoteWebElement.execute(RemoteWebElement.java:285)
	at org.openqa.selenium.remote.RemoteWebElement.click(RemoteWebElement.java:84)
	at org.openqa.selenium.support.events.EventFiringWebDriver$EventFiringWebElement.lambda$new$0(EventFiringWebDriver.java:404)
	at com.sun.proxy.$Proxy20.click(Unknown Source)
	at org.openqa.selenium.support.events.EventFiringWebDriver$EventFiringWebElement.click(EventFiringWebDriver.java:417)
	at com.kms.katalon.core.webui.keyword.builtin.ClickKeyword$_click_closure1.doCall(ClickKeyword.groovy:68)
	at com.kms.katalon.core.webui.keyword.builtin.ClickKeyword$_click_closure1.call(ClickKeyword.groovy)
	at com.kms.katalon.core.webui.keyword.internal.WebUIKeywordMain.runKeyword(WebUIKeywordMain.groovy:20)
	... 59 more
)

2021-11-23 09:57:47 - [TEST_CASE][FAILED] - Start Test Case : SCENARIO Kullanici Eklenir: SCENARIO Kullanici Eklenir FAILED.
Reason:
com.kms.katalon.core.exception.StepFailedException: Call Test Case 'Test Cases/Kullanici_Islemleri/KullaniciIslemlerindenSecimYapilir' failed
	at com.kms.katalon.core.keyword.builtin.CallTestCaseKeyword$_callTestCase_closure1.doCall(CallTestCaseKeyword.groovy:63)
	at com.kms.katalon.core.keyword.builtin.CallTestCaseKeyword$_callTestCase_closure1.call(CallTestCaseKeyword.groovy)
	at com.kms.katalon.core.keyword.internal.KeywordMain.runKeyword(KeywordMain.groovy:68)
	at com.kms.katalon.core.keyword.builtin.CallTestCaseKeyword.callTestCase(CallTestCaseKeyword.groovy:81)
	at com.kms.katalon.core.keyword.builtin.CallTestCaseKeyword.execute(CallTestCaseKeyword.groovy:44)
	at com.kms.katalon.core.keyword.internal.KeywordExecutor.executeKeywordForPlatform(KeywordExecutor.groovy:73)
	at com.kms.katalon.core.keyword.BuiltinKeywords.callTestCase(BuiltinKeywords.groovy:334)
	at kullaniciIslemleri.kullaniciIslemleri.kullaniciIslemi(kullaniciIslemleri.groovy:50)
	at ✽.Kullanıcı işlemlerinden Çıkış seçilir(C:/Users/DELL/Documents/GitHub/EES_KatalonLogo/Include/features/Firma Yonetimi/Yetki Yonetimi/Kullanici Tanimlari/Kullanici Ekle.feature:9)
Caused by: com.kms.katalon.core.exception.StepFailedException: Unable to click on object 'Object Repository/Kullanici_Islemleri/KullaniciIslemleri'
	at com.kms.katalon.core.webui.keyword.internal.WebUIKeywordMain.stepFailed(WebUIKeywordMain.groovy:64)
	at com.kms.katalon.core.webui.keyword.internal.WebUIKeywordMain.runKeyword(WebUIKeywordMain.groovy:26)
	at com.kms.katalon.core.webui.keyword.builtin.ClickKeyword.click(ClickKeyword.groovy:75)
	at com.kms.katalon.core.webui.keyword.builtin.ClickKeyword.execute(ClickKeyword.groovy:42)
	at com.kms.katalon.core.keyword.internal.KeywordExecutor.executeKeywordForPlatform(KeywordExecutor.groovy:73)
	at com.kms.katalon.core.webui.keyword.WebUiBuiltInKeywords.click(WebUiBuiltInKeywords.groovy:620)
	at com.kms.katalon.core.webui.keyword.WebUiBuiltInKeywords$click$5.call(Unknown Source)
	at KullaniciIslemlerindenSecimYapilir.run(KullaniciIslemlerindenSecimYapilir:21)
	at com.kms.katalon.core.main.ScriptEngine.run(ScriptEngine.java:194)
	at com.kms.katalon.core.main.ScriptEngine.runScriptAsRawText(ScriptEngine.java:119)
	at com.kms.katalon.core.main.TestCaseExecutor.runScript(TestCaseExecutor.java:369)
	at com.kms.katalon.core.main.TestCaseExecutor.doExecute(TestCaseExecutor.java:360)
	at com.kms.katalon.core.main.TestCaseExecutor.processExecutionPhase(TestCaseExecutor.java:339)
	at com.kms.katalon.core.main.TestCaseExecutor.accessMainPhase(TestCaseExecutor.java:331)
	at com.kms.katalon.core.main.TestCaseExecutor.execute(TestCaseExecutor.java:248)
	at com.kms.katalon.core.main.TestCaseMain.runTestCase(TestCaseMain.java:138)
	at com.kms.katalon.core.keyword.builtin.CallTestCaseKeyword$_callTestCase_closure1.doCall(CallTestCaseKeyword.groovy:59)
	at com.kms.katalon.core.keyword.builtin.CallTestCaseKeyword$_callTestCase_closure1.call(CallTestCaseKeyword.groovy)
	at com.kms.katalon.core.keyword.internal.KeywordMain.runKeyword(KeywordMain.groovy:68)
	at com.kms.katalon.core.keyword.builtin.CallTestCaseKeyword.callTestCase(CallTestCaseKeyword.groovy:81)
	at com.kms.katalon.core.keyword.builtin.CallTestCaseKeyword.execute(CallTestCaseKeyword.groovy:44)
	at com.kms.katalon.core.keyword.internal.KeywordExecutor.executeKeywordForPlatform(KeywordExecutor.groovy:73)
	at com.kms.katalon.core.keyword.BuiltinKeywords.callTestCase(BuiltinKeywords.groovy:334)
	at kullaniciIslemleri.kullaniciIslemleri.kullaniciIslemi(kullaniciIslemleri.groovy:50)
	at cucumber.runtime.Utils$1.call(Utils.java:26)
	at cucumber.runtime.Timeout.timeout(Timeout.java:16)
	at cucumber.runtime.Utils.invoke(Utils.java:20)
	at cucumber.runtime.java.JavaStepDefinition.execute(JavaStepDefinition.java:49)
	at cucumber.runner.PickleStepDefinitionMatch.runStep(PickleStepDefinitionMatch.java:50)
	at cucumber.runner.TestStep.executeStep(TestStep.java:63)
	at cucumber.runner.TestStep.run(TestStep.java:49)
	at cucumber.runner.PickleStepTestStep.run(PickleStepTestStep.java:43)
	at cucumber.runner.TestCase.run(TestCase.java:44)
	at cucumber.runner.Runner.runPickle(Runner.java:40)
	at cucumber.runtime.Runtime$1.run(Runtime.java:84)
	at cucumber.runtime.Runtime$SameThreadExecutorService.execute(Runtime.java:220)
	at cucumber.runtime.Runtime.run(Runtime.java:81)
	at cucumber.api.cli.Main.run(Main.java:26)
	at cucumber.api.cli.Main$run.call(Unknown Source)
	at com.kms.katalon.core.cucumber.keyword.CucumberBuiltinKeywords$_runFeatureFile_closure1.doCall(CucumberBuiltinKeywords.groovy:106)
	at com.kms.katalon.core.cucumber.keyword.CucumberBuiltinKeywords$_runFeatureFile_closure1.doCall(CucumberBuiltinKeywords.groovy)
	at com.kms.katalon.core.keyword.internal.KeywordMain.runKeyword(KeywordMain.groovy:68)
	at com.kms.katalon.core.keyword.internal.KeywordMain$runKeyword.call(Unknown Source)
	at com.kms.katalon.core.cucumber.keyword.CucumberBuiltinKeywords.runFeatureFile(CucumberBuiltinKeywords.groovy:73)
	at com.kms.katalon.core.cucumber.keyword.CucumberBuiltinKeywords$runFeatureFile$0.callStatic(Unknown Source)
	at com.kms.katalon.core.cucumber.keyword.CucumberBuiltinKeywords.runFeatureFile(CucumberBuiltinKeywords.groovy:246)
	at com.kms.katalon.core.cucumber.keyword.CucumberBuiltinKeywords$runFeatureFile.call(Unknown Source)
	at Kullanici Ekle.run(Kullanici Ekle:17)
	at com.kms.katalon.core.main.ScriptEngine.run(ScriptEngine.java:194)
	at com.kms.katalon.core.main.ScriptEngine.runScriptAsRawText(ScriptEngine.java:119)
	at com.kms.katalon.core.main.TestCaseExecutor.runScript(TestCaseExecutor.java:369)
	at com.kms.katalon.core.main.TestCaseExecutor.doExecute(TestCaseExecutor.java:360)
	at com.kms.katalon.core.main.TestCaseExecutor.processExecutionPhase(TestCaseExecutor.java:339)
	at com.kms.katalon.core.main.TestCaseExecutor.accessMainPhase(TestCaseExecutor.java:331)
	at com.kms.katalon.core.main.TestCaseExecutor.execute(TestCaseExecutor.java:248)
	at com.kms.katalon.core.main.TestSuiteExecutor.accessTestCaseMainPhase(TestSuiteExecutor.java:191)
	at com.kms.katalon.core.main.TestSuiteExecutor.accessTestSuiteMainPhase(TestSuiteExecutor.java:140)
	at com.kms.katalon.core.main.TestSuiteExecutor.execute(TestSuiteExecutor.java:89)
	at com.kms.katalon.core.main.TestCaseMain.startTestSuite(TestCaseMain.java:181)
	at com.kms.katalon.core.main.TestCaseMain$startTestSuite$0.call(Unknown Source)
	at TempTestSuite1637647942092.run(TempTestSuite1637647942092.groovy:39)
Caused by: org.openqa.selenium.ElementClickInterceptedException: element click intercepted: Element <img src="/Content/Images/defaultTopLogo.png"> is not clickable at point (1865, 35). Other element would receive the click: <div class="modal" id="addUser" tabindex="-1" role="dialog" aria-hidden="true" style="z-index: 1; display: block;">...</div>
  (Session info: chrome=96.0.4664.45)
Build info: version: '3.141.59', revision: 'e82be7d358', time: '2018-11-14T08:25:53'
System info: host: 'DESKTOP-QBVMTUG', ip: '192.168.1.24', os.name: 'Windows 10', os.arch: 'amd64', os.version: '10.0', java.version: '1.8.0_282'
Driver info: com.kms.katalon.selenium.driver.CChromeDriver
Capabilities {acceptInsecureCerts: false, browserName: chrome, browserVersion: 96.0.4664.45, chrome: {chromedriverVersion: 96.0.4664.45 (76e4c1bb2ab46..., userDataDir: C:\Users\DELL\AppData\Local...}, goog:chromeOptions: {debuggerAddress: localhost:50295}, javascriptEnabled: true, networkConnectionEnabled: false, pageLoadStrategy: normal, platform: WINDOWS, platformName: WINDOWS, proxy: Proxy(), setWindowRect: true, strictFileInteractability: false, timeouts: {implicit: 0, pageLoad: 300000, script: 30000}, unhandledPromptBehavior: dismiss and notify, webauthn:extension:credBlob: true, webauthn:extension:largeBlob: true, webauthn:virtualAuthenticators: true}
Session ID: eac6cffc0a18f8938dc70b9f847494f1
	at org.openqa.selenium.remote.http.W3CHttpResponseCodec.createException(W3CHttpResponseCodec.java:187)
	at org.openqa.selenium.remote.http.W3CHttpResponseCodec.decode(W3CHttpResponseCodec.java:122)
	at org.openqa.selenium.remote.http.W3CHttpResponseCodec.decode(W3CHttpResponseCodec.java:49)
	at org.openqa.selenium.remote.HttpCommandExecutor.execute(HttpCommandExecutor.java:158)
	at org.openqa.selenium.remote.service.DriverCommandExecutor.execute(DriverCommandExecutor.java:83)
	at org.openqa.selenium.remote.RemoteWebDriver.execute(RemoteWebDriver.java:552)
	at com.kms.katalon.selenium.driver.CChromeDriver.execute(CChromeDriver.java:19)
	at org.openqa.selenium.remote.RemoteWebElement.execute(RemoteWebElement.java:285)
	at org.openqa.selenium.remote.RemoteWebElement.click(RemoteWebElement.java:84)
	at org.openqa.selenium.support.events.EventFiringWebDriver$EventFiringWebElement.lambda$new$0(EventFiringWebDriver.java:404)
	at com.sun.proxy.$Proxy20.click(Unknown Source)
	at org.openqa.selenium.support.events.EventFiringWebDriver$EventFiringWebElement.click(EventFiringWebDriver.java:417)
	at com.kms.katalon.core.webui.keyword.builtin.ClickKeyword$_click_closure1.doCall(ClickKeyword.groovy:68)
	at com.kms.katalon.core.webui.keyword.builtin.ClickKeyword$_click_closure1.call(ClickKeyword.groovy)
	at com.kms.katalon.core.webui.keyword.internal.WebUIKeywordMain.runKeyword(WebUIKeywordMain.groovy:20)
	... 59 more


2021-11-23 09:57:47 - [TEST_STEP][PASSED] - Kullanıcı adı ELOGO6 ve Şifre 123456 olarak giriş yapılır: Kullanıcı adı ELOGO6 ve Şifre 123456 olarak giriş yapılır

2021-11-23 09:57:47 - [MESSAGE][PASSED] - Kullanıcı adı ELOGO6 ve Şifre 123456 olarak giriş yapılır

2021-11-23 09:57:47 - [TEST_STEP][PASSED] - Ana menüden Firma Yönetimi seçilir: Ana menüden Firma Yönetimi seçilir

2021-11-23 09:57:47 - [MESSAGE][PASSED] - Ana menüden Firma Yönetimi seçilir

2021-11-23 09:57:47 - [TEST_STEP][PASSED] - Alt menüden Yetki Yönetimi seçilir: Alt menüden Yetki Yönetimi seçilir

2021-11-23 09:57:47 - [MESSAGE][PASSED] - Alt menüden Yetki Yönetimi seçilir

2021-11-23 09:57:47 - [TEST_STEP][PASSED] - Butonlardan Kullanıcı Ekle isimli butona tıklanır: Butonlardan Kullanıcı Ekle isimli butona tıklanır

2021-11-23 09:57:47 - [MESSAGE][PASSED] - Butonlardan Kullanıcı Ekle isimli butona tıklanır

2021-11-23 09:57:47 - [TEST_STEP][PASSED] - Kullanıcı bilgileri VirgosolKullanici,otomasyon@virgosol.com,Virgosol,Otomasyon,5555555555,Firma,ELOGO6 olarak girilir: Kullanıcı bilgileri VirgosolKullanici,otomasyon@virgosol.com,Virgosol,Otomasyon,5555555555,Firma,ELOGO6 olarak girilir

2021-11-23 09:57:47 - [MESSAGE][PASSED] - Kullanıcı bilgileri VirgosolKullanici,otomasyon@virgosol.com,Virgosol,Otomasyon,5555555555,Firma,ELOGO6 olarak girilir

2021-11-23 09:57:47 - [TEST_STEP][FAILED] - Kullanıcı işlemlerinden Çıkış seçilir: Kullanıcı işlemlerinden Çıkış seçilir FAILED.
Reason:
com.kms.katalon.core.exception.StepFailedException: Call Test Case 'Test Cases/Kullanici_Islemleri/KullaniciIslemlerindenSecimYapilir' failed
	at com.kms.katalon.core.keyword.builtin.CallTestCaseKeyword$_callTestCase_closure1.doCall(CallTestCaseKeyword.groovy:63)
	at com.kms.katalon.core.keyword.builtin.CallTestCaseKeyword$_callTestCase_closure1.call(CallTestCaseKeyword.groovy)
	at com.kms.katalon.core.keyword.internal.KeywordMain.runKeyword(KeywordMain.groovy:68)
	at com.kms.katalon.core.keyword.builtin.CallTestCaseKeyword.callTestCase(CallTestCaseKeyword.groovy:81)
	at com.kms.katalon.core.keyword.builtin.CallTestCaseKeyword.execute(CallTestCaseKeyword.groovy:44)
	at com.kms.katalon.core.keyword.internal.KeywordExecutor.executeKeywordForPlatform(KeywordExecutor.groovy:73)
	at com.kms.katalon.core.keyword.BuiltinKeywords.callTestCase(BuiltinKeywords.groovy:334)
	at kullaniciIslemleri.kullaniciIslemleri.kullaniciIslemi(kullaniciIslemleri.groovy:50)
	at ✽.Kullanıcı işlemlerinden Çıkış seçilir(C:/Users/DELL/Documents/GitHub/EES_KatalonLogo/Include/features/Firma Yonetimi/Yetki Yonetimi/Kullanici Tanimlari/Kullanici Ekle.feature:9)
Caused by: com.kms.katalon.core.exception.StepFailedException: Unable to click on object 'Object Repository/Kullanici_Islemleri/KullaniciIslemleri'
	at com.kms.katalon.core.webui.keyword.internal.WebUIKeywordMain.stepFailed(WebUIKeywordMain.groovy:64)
	at com.kms.katalon.core.webui.keyword.internal.WebUIKeywordMain.runKeyword(WebUIKeywordMain.groovy:26)
	at com.kms.katalon.core.webui.keyword.builtin.ClickKeyword.click(ClickKeyword.groovy:75)
	at com.kms.katalon.core.webui.keyword.builtin.ClickKeyword.execute(ClickKeyword.groovy:42)
	at com.kms.katalon.core.keyword.internal.KeywordExecutor.executeKeywordForPlatform(KeywordExecutor.groovy:73)
	at com.kms.katalon.core.webui.keyword.WebUiBuiltInKeywords.click(WebUiBuiltInKeywords.groovy:620)
	at com.kms.katalon.core.webui.keyword.WebUiBuiltInKeywords$click$5.call(Unknown Source)
	at KullaniciIslemlerindenSecimYapilir.run(KullaniciIslemlerindenSecimYapilir:21)
	at com.kms.katalon.core.main.ScriptEngine.run(ScriptEngine.java:194)
	at com.kms.katalon.core.main.ScriptEngine.runScriptAsRawText(ScriptEngine.java:119)
	at com.kms.katalon.core.main.TestCaseExecutor.runScript(TestCaseExecutor.java:369)
	at com.kms.katalon.core.main.TestCaseExecutor.doExecute(TestCaseExecutor.java:360)
	at com.kms.katalon.core.main.TestCaseExecutor.processExecutionPhase(TestCaseExecutor.java:339)
	at com.kms.katalon.core.main.TestCaseExecutor.accessMainPhase(TestCaseExecutor.java:331)
	at com.kms.katalon.core.main.TestCaseExecutor.execute(TestCaseExecutor.java:248)
	at com.kms.katalon.core.main.TestCaseMain.runTestCase(TestCaseMain.java:138)
	at com.kms.katalon.core.keyword.builtin.CallTestCaseKeyword$_callTestCase_closure1.doCall(CallTestCaseKeyword.groovy:59)
	at com.kms.katalon.core.keyword.builtin.CallTestCaseKeyword$_callTestCase_closure1.call(CallTestCaseKeyword.groovy)
	at com.kms.katalon.core.keyword.internal.KeywordMain.runKeyword(KeywordMain.groovy:68)
	at com.kms.katalon.core.keyword.builtin.CallTestCaseKeyword.callTestCase(CallTestCaseKeyword.groovy:81)
	at com.kms.katalon.core.keyword.builtin.CallTestCaseKeyword.execute(CallTestCaseKeyword.groovy:44)
	at com.kms.katalon.core.keyword.internal.KeywordExecutor.executeKeywordForPlatform(KeywordExecutor.groovy:73)
	at com.kms.katalon.core.keyword.BuiltinKeywords.callTestCase(BuiltinKeywords.groovy:334)
	at kullaniciIslemleri.kullaniciIslemleri.kullaniciIslemi(kullaniciIslemleri.groovy:50)
	at cucumber.runtime.Utils$1.call(Utils.java:26)
	at cucumber.runtime.Timeout.timeout(Timeout.java:16)
	at cucumber.runtime.Utils.invoke(Utils.java:20)
	at cucumber.runtime.java.JavaStepDefinition.execute(JavaStepDefinition.java:49)
	at cucumber.runner.PickleStepDefinitionMatch.runStep(PickleStepDefinitionMatch.java:50)
	at cucumber.runner.TestStep.executeStep(TestStep.java:63)
	at cucumber.runner.TestStep.run(TestStep.java:49)
	at cucumber.runner.PickleStepTestStep.run(PickleStepTestStep.java:43)
	at cucumber.runner.TestCase.run(TestCase.java:44)
	at cucumber.runner.Runner.runPickle(Runner.java:40)
	at cucumber.runtime.Runtime$1.run(Runtime.java:84)
	at cucumber.runtime.Runtime$SameThreadExecutorService.execute(Runtime.java:220)
	at cucumber.runtime.Runtime.run(Runtime.java:81)
	at cucumber.api.cli.Main.run(Main.java:26)
	at cucumber.api.cli.Main$run.call(Unknown Source)
	at com.kms.katalon.core.cucumber.keyword.CucumberBuiltinKeywords$_runFeatureFile_closure1.doCall(CucumberBuiltinKeywords.groovy:106)
	at com.kms.katalon.core.cucumber.keyword.CucumberBuiltinKeywords$_runFeatureFile_closure1.doCall(CucumberBuiltinKeywords.groovy)
	at com.kms.katalon.core.keyword.internal.KeywordMain.runKeyword(KeywordMain.groovy:68)
	at com.kms.katalon.core.keyword.internal.KeywordMain$runKeyword.call(Unknown Source)
	at com.kms.katalon.core.cucumber.keyword.CucumberBuiltinKeywords.runFeatureFile(CucumberBuiltinKeywords.groovy:73)
	at com.kms.katalon.core.cucumber.keyword.CucumberBuiltinKeywords$runFeatureFile$0.callStatic(Unknown Source)
	at com.kms.katalon.core.cucumber.keyword.CucumberBuiltinKeywords.runFeatureFile(CucumberBuiltinKeywords.groovy:246)
	at com.kms.katalon.core.cucumber.keyword.CucumberBuiltinKeywords$runFeatureFile.call(Unknown Source)
	at Kullanici Ekle.run(Kullanici Ekle:17)
	at com.kms.katalon.core.main.ScriptEngine.run(ScriptEngine.java:194)
	at com.kms.katalon.core.main.ScriptEngine.runScriptAsRawText(ScriptEngine.java:119)
	at com.kms.katalon.core.main.TestCaseExecutor.runScript(TestCaseExecutor.java:369)
	at com.kms.katalon.core.main.TestCaseExecutor.doExecute(TestCaseExecutor.java:360)
	at com.kms.katalon.core.main.TestCaseExecutor.processExecutionPhase(TestCaseExecutor.java:339)
	at com.kms.katalon.core.main.TestCaseExecutor.accessMainPhase(TestCaseExecutor.java:331)
	at com.kms.katalon.core.main.TestCaseExecutor.execute(TestCaseExecutor.java:248)
	at com.kms.katalon.core.main.TestSuiteExecutor.accessTestCaseMainPhase(TestSuiteExecutor.java:191)
	at com.kms.katalon.core.main.TestSuiteExecutor.accessTestSuiteMainPhase(TestSuiteExecutor.java:140)
	at com.kms.katalon.core.main.TestSuiteExecutor.execute(TestSuiteExecutor.java:89)
	at com.kms.katalon.core.main.TestCaseMain.startTestSuite(TestCaseMain.java:181)
	at com.kms.katalon.core.main.TestCaseMain$startTestSuite$0.call(Unknown Source)
	at TempTestSuite1637647942092.run(TempTestSuite1637647942092.groovy:39)
Caused by: org.openqa.selenium.ElementClickInterceptedException: element click intercepted: Element <img src="/Content/Images/defaultTopLogo.png"> is not clickable at point (1865, 35). Other element would receive the click: <div class="modal" id="addUser" tabindex="-1" role="dialog" aria-hidden="true" style="z-index: 1; display: block;">...</div>
  (Session info: chrome=96.0.4664.45)
Build info: version: '3.141.59', revision: 'e82be7d358', time: '2018-11-14T08:25:53'
System info: host: 'DESKTOP-QBVMTUG', ip: '192.168.1.24', os.name: 'Windows 10', os.arch: 'amd64', os.version: '10.0', java.version: '1.8.0_282'
Driver info: com.kms.katalon.selenium.driver.CChromeDriver
Capabilities {acceptInsecureCerts: false, browserName: chrome, browserVersion: 96.0.4664.45, chrome: {chromedriverVersion: 96.0.4664.45 (76e4c1bb2ab46..., userDataDir: C:\Users\DELL\AppData\Local...}, goog:chromeOptions: {debuggerAddress: localhost:50295}, javascriptEnabled: true, networkConnectionEnabled: false, pageLoadStrategy: normal, platform: WINDOWS, platformName: WINDOWS, proxy: Proxy(), setWindowRect: true, strictFileInteractability: false, timeouts: {implicit: 0, pageLoad: 300000, script: 30000}, unhandledPromptBehavior: dismiss and notify, webauthn:extension:credBlob: true, webauthn:extension:largeBlob: true, webauthn:virtualAuthenticators: true}
Session ID: eac6cffc0a18f8938dc70b9f847494f1
	at org.openqa.selenium.remote.http.W3CHttpResponseCodec.createException(W3CHttpResponseCodec.java:187)
	at org.openqa.selenium.remote.http.W3CHttpResponseCodec.decode(W3CHttpResponseCodec.java:122)
	at org.openqa.selenium.remote.http.W3CHttpResponseCodec.decode(W3CHttpResponseCodec.java:49)
	at org.openqa.selenium.remote.HttpCommandExecutor.execute(HttpCommandExecutor.java:158)
	at org.openqa.selenium.remote.service.DriverCommandExecutor.execute(DriverCommandExecutor.java:83)
	at org.openqa.selenium.remote.RemoteWebDriver.execute(RemoteWebDriver.java:552)
	at com.kms.katalon.selenium.driver.CChromeDriver.execute(CChromeDriver.java:19)
	at org.openqa.selenium.remote.RemoteWebElement.execute(RemoteWebElement.java:285)
	at org.openqa.selenium.remote.RemoteWebElement.click(RemoteWebElement.java:84)
	at org.openqa.selenium.support.events.EventFiringWebDriver$EventFiringWebElement.lambda$new$0(EventFiringWebDriver.java:404)
	at com.sun.proxy.$Proxy20.click(Unknown Source)
	at org.openqa.selenium.support.events.EventFiringWebDriver$EventFiringWebElement.click(EventFiringWebDriver.java:417)
	at com.kms.katalon.core.webui.keyword.builtin.ClickKeyword$_click_closure1.doCall(ClickKeyword.groovy:68)
	at com.kms.katalon.core.webui.keyword.builtin.ClickKeyword$_click_closure1.call(ClickKeyword.groovy)
	at com.kms.katalon.core.webui.keyword.internal.WebUIKeywordMain.runKeyword(WebUIKeywordMain.groovy:20)
	... 59 more


2021-11-23 09:57:47 - [MESSAGE][FAILED] - Kullanıcı işlemlerinden Çıkış seçilir FAILED.
Reason:
com.kms.katalon.core.exception.StepFailedException: Call Test Case 'Test Cases/Kullanici_Islemleri/KullaniciIslemlerindenSecimYapilir' failed
	at com.kms.katalon.core.keyword.builtin.CallTestCaseKeyword$_callTestCase_closure1.doCall(CallTestCaseKeyword.groovy:63)
	at com.kms.katalon.core.keyword.builtin.CallTestCaseKeyword$_callTestCase_closure1.call(CallTestCaseKeyword.groovy)
	at com.kms.katalon.core.keyword.internal.KeywordMain.runKeyword(KeywordMain.groovy:68)
	at com.kms.katalon.core.keyword.builtin.CallTestCaseKeyword.callTestCase(CallTestCaseKeyword.groovy:81)
	at com.kms.katalon.core.keyword.builtin.CallTestCaseKeyword.execute(CallTestCaseKeyword.groovy:44)
	at com.kms.katalon.core.keyword.internal.KeywordExecutor.executeKeywordForPlatform(KeywordExecutor.groovy:73)
	at com.kms.katalon.core.keyword.BuiltinKeywords.callTestCase(BuiltinKeywords.groovy:334)
	at kullaniciIslemleri.kullaniciIslemleri.kullaniciIslemi(kullaniciIslemleri.groovy:50)
	at ✽.Kullanıcı işlemlerinden Çıkış seçilir(C:/Users/DELL/Documents/GitHub/EES_KatalonLogo/Include/features/Firma Yonetimi/Yetki Yonetimi/Kullanici Tanimlari/Kullanici Ekle.feature:9)
Caused by: com.kms.katalon.core.exception.StepFailedException: Unable to click on object 'Object Repository/Kullanici_Islemleri/KullaniciIslemleri'
	at com.kms.katalon.core.webui.keyword.internal.WebUIKeywordMain.stepFailed(WebUIKeywordMain.groovy:64)
	at com.kms.katalon.core.webui.keyword.internal.WebUIKeywordMain.runKeyword(WebUIKeywordMain.groovy:26)
	at com.kms.katalon.core.webui.keyword.builtin.ClickKeyword.click(ClickKeyword.groovy:75)
	at com.kms.katalon.core.webui.keyword.builtin.ClickKeyword.execute(ClickKeyword.groovy:42)
	at com.kms.katalon.core.keyword.internal.KeywordExecutor.executeKeywordForPlatform(KeywordExecutor.groovy:73)
	at com.kms.katalon.core.webui.keyword.WebUiBuiltInKeywords.click(WebUiBuiltInKeywords.groovy:620)
	at com.kms.katalon.core.webui.keyword.WebUiBuiltInKeywords$click$5.call(Unknown Source)
	at KullaniciIslemlerindenSecimYapilir.run(KullaniciIslemlerindenSecimYapilir:21)
	at com.kms.katalon.core.main.ScriptEngine.run(ScriptEngine.java:194)
	at com.kms.katalon.core.main.ScriptEngine.runScriptAsRawText(ScriptEngine.java:119)
	at com.kms.katalon.core.main.TestCaseExecutor.runScript(TestCaseExecutor.java:369)
	at com.kms.katalon.core.main.TestCaseExecutor.doExecute(TestCaseExecutor.java:360)
	at com.kms.katalon.core.main.TestCaseExecutor.processExecutionPhase(TestCaseExecutor.java:339)
	at com.kms.katalon.core.main.TestCaseExecutor.accessMainPhase(TestCaseExecutor.java:331)
	at com.kms.katalon.core.main.TestCaseExecutor.execute(TestCaseExecutor.java:248)
	at com.kms.katalon.core.main.TestCaseMain.runTestCase(TestCaseMain.java:138)
	at com.kms.katalon.core.keyword.builtin.CallTestCaseKeyword$_callTestCase_closure1.doCall(CallTestCaseKeyword.groovy:59)
	at com.kms.katalon.core.keyword.builtin.CallTestCaseKeyword$_callTestCase_closure1.call(CallTestCaseKeyword.groovy)
	at com.kms.katalon.core.keyword.internal.KeywordMain.runKeyword(KeywordMain.groovy:68)
	at com.kms.katalon.core.keyword.builtin.CallTestCaseKeyword.callTestCase(CallTestCaseKeyword.groovy:81)
	at com.kms.katalon.core.keyword.builtin.CallTestCaseKeyword.execute(CallTestCaseKeyword.groovy:44)
	at com.kms.katalon.core.keyword.internal.KeywordExecutor.executeKeywordForPlatform(KeywordExecutor.groovy:73)
	at com.kms.katalon.core.keyword.BuiltinKeywords.callTestCase(BuiltinKeywords.groovy:334)
	at kullaniciIslemleri.kullaniciIslemleri.kullaniciIslemi(kullaniciIslemleri.groovy:50)
	at cucumber.runtime.Utils$1.call(Utils.java:26)
	at cucumber.runtime.Timeout.timeout(Timeout.java:16)
	at cucumber.runtime.Utils.invoke(Utils.java:20)
	at cucumber.runtime.java.JavaStepDefinition.execute(JavaStepDefinition.java:49)
	at cucumber.runner.PickleStepDefinitionMatch.runStep(PickleStepDefinitionMatch.java:50)
	at cucumber.runner.TestStep.executeStep(TestStep.java:63)
	at cucumber.runner.TestStep.run(TestStep.java:49)
	at cucumber.runner.PickleStepTestStep.run(PickleStepTestStep.java:43)
	at cucumber.runner.TestCase.run(TestCase.java:44)
	at cucumber.runner.Runner.runPickle(Runner.java:40)
	at cucumber.runtime.Runtime$1.run(Runtime.java:84)
	at cucumber.runtime.Runtime$SameThreadExecutorService.execute(Runtime.java:220)
	at cucumber.runtime.Runtime.run(Runtime.java:81)
	at cucumber.api.cli.Main.run(Main.java:26)
	at cucumber.api.cli.Main$run.call(Unknown Source)
	at com.kms.katalon.core.cucumber.keyword.CucumberBuiltinKeywords$_runFeatureFile_closure1.doCall(CucumberBuiltinKeywords.groovy:106)
	at com.kms.katalon.core.cucumber.keyword.CucumberBuiltinKeywords$_runFeatureFile_closure1.doCall(CucumberBuiltinKeywords.groovy)
	at com.kms.katalon.core.keyword.internal.KeywordMain.runKeyword(KeywordMain.groovy:68)
	at com.kms.katalon.core.keyword.internal.KeywordMain$runKeyword.call(Unknown Source)
	at com.kms.katalon.core.cucumber.keyword.CucumberBuiltinKeywords.runFeatureFile(CucumberBuiltinKeywords.groovy:73)
	at com.kms.katalon.core.cucumber.keyword.CucumberBuiltinKeywords$runFeatureFile$0.callStatic(Unknown Source)
	at com.kms.katalon.core.cucumber.keyword.CucumberBuiltinKeywords.runFeatureFile(CucumberBuiltinKeywords.groovy:246)
	at com.kms.katalon.core.cucumber.keyword.CucumberBuiltinKeywords$runFeatureFile.call(Unknown Source)
	at Kullanici Ekle.run(Kullanici Ekle:17)
	at com.kms.katalon.core.main.ScriptEngine.run(ScriptEngine.java:194)
	at com.kms.katalon.core.main.ScriptEngine.runScriptAsRawText(ScriptEngine.java:119)
	at com.kms.katalon.core.main.TestCaseExecutor.runScript(TestCaseExecutor.java:369)
	at com.kms.katalon.core.main.TestCaseExecutor.doExecute(TestCaseExecutor.java:360)
	at com.kms.katalon.core.main.TestCaseExecutor.processExecutionPhase(TestCaseExecutor.java:339)
	at com.kms.katalon.core.main.TestCaseExecutor.accessMainPhase(TestCaseExecutor.java:331)
	at com.kms.katalon.core.main.TestCaseExecutor.execute(TestCaseExecutor.java:248)
	at com.kms.katalon.core.main.TestSuiteExecutor.accessTestCaseMainPhase(TestSuiteExecutor.java:191)
	at com.kms.katalon.core.main.TestSuiteExecutor.accessTestSuiteMainPhase(TestSuiteExecutor.java:140)
	at com.kms.katalon.core.main.TestSuiteExecutor.execute(TestSuiteExecutor.java:89)
	at com.kms.katalon.core.main.TestCaseMain.startTestSuite(TestCaseMain.java:181)
	at com.kms.katalon.core.main.TestCaseMain$startTestSuite$0.call(Unknown Source)
	at TempTestSuite1637647942092.run(TempTestSuite1637647942092.groovy:39)
Caused by: org.openqa.selenium.ElementClickInterceptedException: element click intercepted: Element <img src="/Content/Images/defaultTopLogo.png"> is not clickable at point (1865, 35). Other element would receive the click: <div class="modal" id="addUser" tabindex="-1" role="dialog" aria-hidden="true" style="z-index: 1; display: block;">...</div>
  (Session info: chrome=96.0.4664.45)
Build info: version: '3.141.59', revision: 'e82be7d358', time: '2018-11-14T08:25:53'
System info: host: 'DESKTOP-QBVMTUG', ip: '192.168.1.24', os.name: 'Windows 10', os.arch: 'amd64', os.version: '10.0', java.version: '1.8.0_282'
Driver info: com.kms.katalon.selenium.driver.CChromeDriver
Capabilities {acceptInsecureCerts: false, browserName: chrome, browserVersion: 96.0.4664.45, chrome: {chromedriverVersion: 96.0.4664.45 (76e4c1bb2ab46..., userDataDir: C:\Users\DELL\AppData\Local...}, goog:chromeOptions: {debuggerAddress: localhost:50295}, javascriptEnabled: true, networkConnectionEnabled: false, pageLoadStrategy: normal, platform: WINDOWS, platformName: WINDOWS, proxy: Proxy(), setWindowRect: true, strictFileInteractability: false, timeouts: {implicit: 0, pageLoad: 300000, script: 30000}, unhandledPromptBehavior: dismiss and notify, webauthn:extension:credBlob: true, webauthn:extension:largeBlob: true, webauthn:virtualAuthenticators: true}
Session ID: eac6cffc0a18f8938dc70b9f847494f1
	at org.openqa.selenium.remote.http.W3CHttpResponseCodec.createException(W3CHttpResponseCodec.java:187)
	at org.openqa.selenium.remote.http.W3CHttpResponseCodec.decode(W3CHttpResponseCodec.java:122)
	at org.openqa.selenium.remote.http.W3CHttpResponseCodec.decode(W3CHttpResponseCodec.java:49)
	at org.openqa.selenium.remote.HttpCommandExecutor.execute(HttpCommandExecutor.java:158)
	at org.openqa.selenium.remote.service.DriverCommandExecutor.execute(DriverCommandExecutor.java:83)
	at org.openqa.selenium.remote.RemoteWebDriver.execute(RemoteWebDriver.java:552)
	at com.kms.katalon.selenium.driver.CChromeDriver.execute(CChromeDriver.java:19)
	at org.openqa.selenium.remote.RemoteWebElement.execute(RemoteWebElement.java:285)
	at org.openqa.selenium.remote.RemoteWebElement.click(RemoteWebElement.java:84)
	at org.openqa.selenium.support.events.EventFiringWebDriver$EventFiringWebElement.lambda$new$0(EventFiringWebDriver.java:404)
	at com.sun.proxy.$Proxy20.click(Unknown Source)
	at org.openqa.selenium.support.events.EventFiringWebDriver$EventFiringWebElement.click(EventFiringWebDriver.java:417)
	at com.kms.katalon.core.webui.keyword.builtin.ClickKeyword$_click_closure1.doCall(ClickKeyword.groovy:68)
	at com.kms.katalon.core.webui.keyword.builtin.ClickKeyword$_click_closure1.call(ClickKeyword.groovy)
	at com.kms.katalon.core.webui.keyword.internal.WebUIKeywordMain.runKeyword(WebUIKeywordMain.groovy:20)
	... 59 more


2021-11-23 09:57:47 - [MESSAGE][FAILED] - Feature file 'Include/features/Firma Yonetimi/Yetki Yonetimi/Kullanici Tanimlari/Kullanici Ekle.feature' was failed

2021-11-23 09:57:47 - [MESSAGE][FAILED] - Keyword runFeatureFile was failed (Root cause: com.kms.katalon.core.exception.StepFailedException: Feature file 'Include/features/Firma Yonetimi/Yetki Yonetimi/Kullanici Tanimlari/Kullanici Ekle.feature' was failed
	at com.kms.katalon.core.keyword.internal.KeywordMain.stepFailed(KeywordMain.groovy:50)
	at com.kms.katalon.core.keyword.internal.KeywordMain.stepFailed(KeywordMain.groovy)
	at com.kms.katalon.core.keyword.internal.KeywordMain.stepFailed(KeywordMain.groovy:23)
	at com.kms.katalon.core.keyword.internal.KeywordMain$stepFailed$0.call(Unknown Source)
	at com.kms.katalon.core.cucumber.keyword.CucumberBuiltinKeywords$_runFeatureFile_closure1.doCall(CucumberBuiltinKeywords.groovy:112)
	at com.kms.katalon.core.cucumber.keyword.CucumberBuiltinKeywords$_runFeatureFile_closure1.doCall(CucumberBuiltinKeywords.groovy)
	at com.kms.katalon.core.keyword.internal.KeywordMain.runKeyword(KeywordMain.groovy:68)
	at com.kms.katalon.core.keyword.internal.KeywordMain$runKeyword.call(Unknown Source)
	at com.kms.katalon.core.cucumber.keyword.CucumberBuiltinKeywords.runFeatureFile(CucumberBuiltinKeywords.groovy:73)
	at com.kms.katalon.core.cucumber.keyword.CucumberBuiltinKeywords$runFeatureFile$0.callStatic(Unknown Source)
	at com.kms.katalon.core.cucumber.keyword.CucumberBuiltinKeywords.runFeatureFile(CucumberBuiltinKeywords.groovy:246)
	at com.kms.katalon.core.cucumber.keyword.CucumberBuiltinKeywords$runFeatureFile.call(Unknown Source)
	at Kullanici Ekle.run(Kullanici Ekle:17)
	at com.kms.katalon.core.main.ScriptEngine.run(ScriptEngine.java:194)
	at com.kms.katalon.core.main.ScriptEngine.runScriptAsRawText(ScriptEngine.java:119)
	at com.kms.katalon.core.main.TestCaseExecutor.runScript(TestCaseExecutor.java:369)
	at com.kms.katalon.core.main.TestCaseExecutor.doExecute(TestCaseExecutor.java:360)
	at com.kms.katalon.core.main.TestCaseExecutor.processExecutionPhase(TestCaseExecutor.java:339)
	at com.kms.katalon.core.main.TestCaseExecutor.accessMainPhase(TestCaseExecutor.java:331)
	at com.kms.katalon.core.main.TestCaseExecutor.execute(TestCaseExecutor.java:248)
	at com.kms.katalon.core.main.TestSuiteExecutor.accessTestCaseMainPhase(TestSuiteExecutor.java:191)
	at com.kms.katalon.core.main.TestSuiteExecutor.accessTestSuiteMainPhase(TestSuiteExecutor.java:140)
	at com.kms.katalon.core.main.TestSuiteExecutor.execute(TestSuiteExecutor.java:89)
	at com.kms.katalon.core.main.TestCaseMain.startTestSuite(TestCaseMain.java:181)
	at com.kms.katalon.core.main.TestCaseMain$startTestSuite$0.call(Unknown Source)
	at TempTestSuite1637647942092.run(TempTestSuite1637647942092.groovy:39)
)

2021-11-23 09:57:47 - [TEST_STEP][PASSED] - Start listener action : sampleAfterTestSuite: Invoke 'com.kms.katalon.core.annotation.AfterTestCase' method: 'Listener.sampleAfterTestSuite(...)' completed.

2021-11-23 09:57:47 - [MESSAGE][INFO] - Starting invoke 'com.kms.katalon.core.annotation.AfterTestCase' method: 'Listener.sampleAfterTestSuite(...)'

2021-11-23 09:57:47 - [TEST_STEP][PASSED] - closeBrowser(): Invoke 'com.kms.katalon.core.annotation.AfterTestCase' method: 'Listener.sampleAfterTestSuite(...)' completed.

2021-11-23 09:57:47 - [MESSAGE][INFO] - Closing browser

2021-11-23 09:57:48 - [MESSAGE][PASSED] - Browser is closed

2021-11-23 09:57:48 - [MESSAGE][INFO] - Invoke 'com.kms.katalon.core.annotation.AfterTestCase' method: 'Listener.sampleAfterTestSuite(...)' completed.]]></system-out>
         <system-err><![CDATA[2021-11-23 09:57:16 - [TEST_CASE][FAILED] - Test Cases/Case Repository/Firma Yonetimi/Yetki Yonetimi/Kullanici Tanimlari/Kullanici Ekle: Test Cases/Case Repository/Firma Yonetimi/Yetki Yonetimi/Kullanici Tanimlari/Kullanici Ekle FAILED.
Reason:
com.kms.katalon.core.exception.StepFailedException: Feature file 'Include/features/Firma Yonetimi/Yetki Yonetimi/Kullanici Tanimlari/Kullanici Ekle.feature' was failed
	at com.kms.katalon.core.keyword.internal.KeywordMain.stepFailed(KeywordMain.groovy:50)
	at com.kms.katalon.core.keyword.internal.KeywordMain.stepFailed(KeywordMain.groovy)
	at com.kms.katalon.core.keyword.internal.KeywordMain.stepFailed(KeywordMain.groovy:23)
	at com.kms.katalon.core.keyword.internal.KeywordMain$stepFailed$0.call(Unknown Source)
	at com.kms.katalon.core.cucumber.keyword.CucumberBuiltinKeywords$_runFeatureFile_closure1.doCall(CucumberBuiltinKeywords.groovy:112)
	at com.kms.katalon.core.cucumber.keyword.CucumberBuiltinKeywords$_runFeatureFile_closure1.doCall(CucumberBuiltinKeywords.groovy)
	at com.kms.katalon.core.keyword.internal.KeywordMain.runKeyword(KeywordMain.groovy:68)
	at com.kms.katalon.core.keyword.internal.KeywordMain$runKeyword.call(Unknown Source)
	at com.kms.katalon.core.cucumber.keyword.CucumberBuiltinKeywords.runFeatureFile(CucumberBuiltinKeywords.groovy:73)
	at com.kms.katalon.core.cucumber.keyword.CucumberBuiltinKeywords$runFeatureFile$0.callStatic(Unknown Source)
	at com.kms.katalon.core.cucumber.keyword.CucumberBuiltinKeywords.runFeatureFile(CucumberBuiltinKeywords.groovy:246)
	at com.kms.katalon.core.cucumber.keyword.CucumberBuiltinKeywords$runFeatureFile.call(Unknown Source)
	at Kullanici Ekle.run(Kullanici Ekle:17)
	at com.kms.katalon.core.main.ScriptEngine.run(ScriptEngine.java:194)
	at com.kms.katalon.core.main.ScriptEngine.runScriptAsRawText(ScriptEngine.java:119)
	at com.kms.katalon.core.main.TestCaseExecutor.runScript(TestCaseExecutor.java:369)
	at com.kms.katalon.core.main.TestCaseExecutor.doExecute(TestCaseExecutor.java:360)
	at com.kms.katalon.core.main.TestCaseExecutor.processExecutionPhase(TestCaseExecutor.java:339)
	at com.kms.katalon.core.main.TestCaseExecutor.accessMainPhase(TestCaseExecutor.java:331)
	at com.kms.katalon.core.main.TestCaseExecutor.execute(TestCaseExecutor.java:248)
	at com.kms.katalon.core.main.TestSuiteExecutor.accessTestCaseMainPhase(TestSuiteExecutor.java:191)
	at com.kms.katalon.core.main.TestSuiteExecutor.accessTestSuiteMainPhase(TestSuiteExecutor.java:140)
	at com.kms.katalon.core.main.TestSuiteExecutor.execute(TestSuiteExecutor.java:89)
	at com.kms.katalon.core.main.TestCaseMain.startTestSuite(TestCaseMain.java:181)
	at com.kms.katalon.core.main.TestCaseMain$startTestSuite$0.call(Unknown Source)
	at TempTestSuite1637647942092.run(TempTestSuite1637647942092.groovy:39)]]></system-err>
      </testcase>
      <testcase name="Test Cases/Case Repository/Firma Yonetimi/Yetki Yonetimi/Kullanici Tanimlari/Rol ve Departman Tanimla" time="35.875" classname="Test Cases/Case Repository/Firma Yonetimi/Yetki Yonetimi/Kullanici Tanimlari/Rol ve Departman Tanimla" status="PASSED">
         <system-out><![CDATA[2021-11-23 09:57:48 - [TEST_CASE][PASSED] - Test Cases/Case Repository/Firma Yonetimi/Yetki Yonetimi/Kullanici Tanimlari/Rol ve Departman Tanimla: Test Cases/Case Repository/Firma Yonetimi/Yetki Yonetimi/Kullanici Tanimlari/Rol ve Departman Tanimla

2021-11-23 09:57:48 - [TEST_STEP][PASSED] - Start listener action : sampleBeforeTestSuite: Invoke 'com.kms.katalon.core.annotation.BeforeTestCase' method: 'Listener.sampleBeforeTestSuite(...)' completed.

2021-11-23 09:57:48 - [MESSAGE][INFO] - Starting invoke 'com.kms.katalon.core.annotation.BeforeTestCase' method: 'Listener.sampleBeforeTestSuite(...)'

2021-11-23 09:57:48 - [TEST_STEP][PASSED] - openBrowser(baseUrl): Browser is opened with url: 'https://efatura-stage.elogo.com.tr/'

2021-11-23 09:57:48 - [MESSAGE][INFO] - Opening browser

2021-11-23 09:57:48 - [MESSAGE][INFO] - Starting 'Chrome' driver

2021-11-23 09:57:48 - [MESSAGE][INFO] - User set preference: ['prefs', '{download.default_directory=C:\otomasyondownfiles}']

2021-11-23 09:57:48 - [MESSAGE][INFO] - Action delay is set to 0 milliseconds

2021-11-23 09:57:49 - [MESSAGE][INFO] - Navigating browser to: 'https://efatura-stage.elogo.com.tr/'

2021-11-23 09:57:51 - [MESSAGE][PASSED] - Browser is opened with url: 'https://efatura-stage.elogo.com.tr/'

2021-11-23 09:57:51 - [TEST_STEP][PASSED] - maximizeWindow(): Invoke 'com.kms.katalon.core.annotation.BeforeTestCase' method: 'Listener.sampleBeforeTestSuite(...)' completed.

2021-11-23 09:57:51 - [MESSAGE][INFO] - Maximizing current window

2021-11-23 09:57:51 - [MESSAGE][PASSED] - Current window maximized

2021-11-23 09:57:51 - [MESSAGE][INFO] - Invoke 'com.kms.katalon.core.annotation.BeforeTestCase' method: 'Listener.sampleBeforeTestSuite(...)' completed.

2021-11-23 09:57:51 - [TEST_STEP][PASSED] - runFeatureFile("Include/features/Firma Yonetimi/Yetki Yonetimi/Kullanici Tanimlari/Rol ve Departman Tanimla.feature"): Feature file: 'Include/features/Firma Yonetimi/Yetki Yonetimi/Kullanici Tanimlari/Rol ve Departman Tanimla.feature' was passed

2021-11-23 09:57:51 - [MESSAGE][INFO] - Starting run keyword runFeatureFile: 'Include/features/Firma Yonetimi/Yetki Yonetimi/Kullanici Tanimlari/Rol ve Departman Tanimla.feature' and extract report to folder: 'C:\Users\DELL\Documents\GitHub\EES_KatalonLogo\Reports\20211123_091110\Suite Repository\Firma_Yonetimi\20211123_091222/cucumber_report/1637650671923'...

2021-11-23 09:57:51 - [MESSAGE][INFO] - Glue: []

2021-11-23 09:57:53 - [MESSAGE][INFO] - Checking called Test Case

2021-11-23 09:57:53 - [MESSAGE][INFO] - Starting to call Test Case 'Test Cases/Sayfalar/Giris_Sayfasi/Login'

2021-11-23 09:57:53 - [TEST_CASE][PASSED] - Test Cases/Sayfalar/Giris_Sayfasi/Login: Test Cases/Sayfalar/Giris_Sayfasi/Login

2021-11-23 09:57:53 - [TEST_STEP][PASSED] - Sayfa_Basligi = getWindowTitle(): Current window's title is: 'LOGO e-Fatura'

2021-11-23 09:57:53 - [MESSAGE][INFO] - Getting current window's title

2021-11-23 09:57:53 - [MESSAGE][PASSED] - Current window's title is: 'LOGO e-Fatura'

2021-11-23 09:57:53 - [TEST_STEP][PASSED] - verifyMatch(Sayfa_Basligi, "LOGO e-Fatura", false): Actual text 'LOGO e-Fatura' and expected text 'LOGO e-Fatura' are matched 

2021-11-23 09:57:53 - [MESSAGE][INFO] - Matching actual text 'LOGO e-Fatura' with expected text 'LOGO e-Fatura'

2021-11-23 09:57:53 - [MESSAGE][PASSED] - Actual text 'LOGO e-Fatura' and expected text 'LOGO e-Fatura' are matched 

2021-11-23 09:57:53 - [TEST_STEP][PASSED] - sendKeys(findTestObject("Sayfalar/Giris_Sayfasi/Firma_Kodu"), KullaniciAdi): Keys 'ELOGO6' sent to object: 'Object Repository/Sayfalar/Giris_Sayfasi/Firma_Kodu'

2021-11-23 09:57:53 - [MESSAGE][INFO] - Finding Test Object 'Object Repository/Sayfalar/Giris_Sayfasi/Firma_Kodu'

2021-11-23 09:57:53 - [MESSAGE][INFO] - Sending keys 'ELOGO6' to object: 'Object Repository/Sayfalar/Giris_Sayfasi/Firma_Kodu'

2021-11-23 09:57:53 - [MESSAGE][INFO] - Finding web element from Test Object's properties

2021-11-23 09:57:53 - [MESSAGE][INFO] - Checking timeout

2021-11-23 09:57:53 - [MESSAGE][INFO] - Finding web element with id: 'Object Repository/Sayfalar/Giris_Sayfasi/Firma_Kodu' located by 'By.xpath: //*[@id = 'AccountName']' in '30' second(s)

2021-11-23 09:57:53 - [MESSAGE][INFO] - Smart Wait Function is triggered

2021-11-23 09:57:54 - [MESSAGE][INFO] - Found 1 web elements with id: 'Object Repository/Sayfalar/Giris_Sayfasi/Firma_Kodu' located by 'By.xpath: //*[@id = 'AccountName']' in '30' second(s)

2021-11-23 09:57:54 - [MESSAGE][PASSED] - Keys 'ELOGO6' sent to object: 'Object Repository/Sayfalar/Giris_Sayfasi/Firma_Kodu'

2021-11-23 09:57:54 - [TEST_STEP][PASSED] - sendKeys(findTestObject("Sayfalar/Giris_Sayfasi/Sifre"), Sifre): Keys '123456' sent to object: 'Object Repository/Sayfalar/Giris_Sayfasi/Sifre'

2021-11-23 09:57:54 - [MESSAGE][INFO] - Finding Test Object 'Object Repository/Sayfalar/Giris_Sayfasi/Sifre'

2021-11-23 09:57:54 - [MESSAGE][INFO] - Sending keys '123456' to object: 'Object Repository/Sayfalar/Giris_Sayfasi/Sifre'

2021-11-23 09:57:54 - [MESSAGE][INFO] - Finding web element from Test Object's properties

2021-11-23 09:57:54 - [MESSAGE][INFO] - Checking timeout

2021-11-23 09:57:54 - [MESSAGE][INFO] - Finding web element with id: 'Object Repository/Sayfalar/Giris_Sayfasi/Sifre' located by 'By.xpath: //*[@id = 'Password']' in '30' second(s)

2021-11-23 09:57:54 - [MESSAGE][INFO] - Smart Wait Function is triggered

2021-11-23 09:57:54 - [MESSAGE][INFO] - Found 1 web elements with id: 'Object Repository/Sayfalar/Giris_Sayfasi/Sifre' located by 'By.xpath: //*[@id = 'Password']' in '30' second(s)

2021-11-23 09:57:54 - [MESSAGE][PASSED] - Keys '123456' sent to object: 'Object Repository/Sayfalar/Giris_Sayfasi/Sifre'

2021-11-23 09:57:54 - [TEST_STEP][PASSED] - findWebElement(findTestObject("Sayfalar/Giris_Sayfasi/Giris_Butonu")).click(): Found 1 web elements with id: 'Object Repository/Sayfalar/Giris_Sayfasi/Giris_Butonu' located by 'By.cssSelector: #btnLogin' in '30' second(s)

2021-11-23 09:57:54 - [MESSAGE][INFO] - Finding Test Object 'Object Repository/Sayfalar/Giris_Sayfasi/Giris_Butonu'

2021-11-23 09:57:54 - [MESSAGE][INFO] - Finding web element from Test Object's properties

2021-11-23 09:57:54 - [MESSAGE][INFO] - Checking timeout

2021-11-23 09:57:54 - [MESSAGE][INFO] - Finding web element with id: 'Object Repository/Sayfalar/Giris_Sayfasi/Giris_Butonu' located by 'By.cssSelector: #btnLogin' in '30' second(s)

2021-11-23 09:57:54 - [MESSAGE][INFO] - Smart Wait Function is triggered

2021-11-23 09:57:55 - [MESSAGE][INFO] - Found 1 web elements with id: 'Object Repository/Sayfalar/Giris_Sayfasi/Giris_Butonu' located by 'By.cssSelector: #btnLogin' in '30' second(s)

2021-11-23 09:57:57 - [TEST_STEP][PASSED] - if (verifyElementPresent(findTestObject("Object Repository/Sayfalar/Giris_Sayfasi/RetveTamam_Butonu"), 5, OPTIONAL)): null

2021-11-23 09:57:57 - [MESSAGE][INFO] - Finding Test Object 'Object Repository/Sayfalar/Giris_Sayfasi/RetveTamam_Butonu'

2021-11-23 09:57:57 - [MESSAGE][INFO] - Checking object

2021-11-23 09:57:57 - [MESSAGE][INFO] - Finding web element from Test Object's properties

2021-11-23 09:57:57 - [MESSAGE][INFO] - Checking timeout

2021-11-23 09:57:57 - [MESSAGE][INFO] - Finding web element with id: 'Object Repository/Sayfalar/Giris_Sayfasi/RetveTamam_Butonu' located by 'By.xpath: //*[@class = 'btn btn-default']' in '5' second(s)

2021-11-23 09:57:57 - [MESSAGE][INFO] - Smart Wait Function is triggered

2021-11-23 09:57:58 - [MESSAGE][INFO] - Found 1 web elements with id: 'Object Repository/Sayfalar/Giris_Sayfasi/RetveTamam_Butonu' located by 'By.xpath: //*[@class = 'btn btn-default']' in '5' second(s)

2021-11-23 09:57:58 - [MESSAGE][PASSED] - Object 'Object Repository/Sayfalar/Giris_Sayfasi/RetveTamam_Butonu' is present

2021-11-23 09:57:58 - [TEST_STEP][PASSED] - click(findTestObject("Object Repository/Sayfalar/Giris_Sayfasi/RetveTamam_Butonu")): Object: 'Object Repository/Sayfalar/Giris_Sayfasi/RetveTamam_Butonu' is clicked on

2021-11-23 09:57:58 - [MESSAGE][INFO] - Finding Test Object 'Object Repository/Sayfalar/Giris_Sayfasi/RetveTamam_Butonu'

2021-11-23 09:57:58 - [MESSAGE][INFO] - Checking object

2021-11-23 09:57:58 - [MESSAGE][INFO] - Finding web element from Test Object's properties

2021-11-23 09:57:58 - [MESSAGE][INFO] - Checking timeout

2021-11-23 09:57:58 - [MESSAGE][INFO] - Finding web element with id: 'Object Repository/Sayfalar/Giris_Sayfasi/RetveTamam_Butonu' located by 'By.xpath: //*[@class = 'btn btn-default']' in '30' second(s)

2021-11-23 09:57:58 - [MESSAGE][INFO] - Smart Wait Function is triggered

2021-11-23 09:57:58 - [MESSAGE][INFO] - Found 1 web elements with id: 'Object Repository/Sayfalar/Giris_Sayfasi/RetveTamam_Butonu' located by 'By.xpath: //*[@class = 'btn btn-default']' in '30' second(s)

2021-11-23 09:57:58 - [MESSAGE][INFO] - Clicking on object: 'Object Repository/Sayfalar/Giris_Sayfasi/RetveTamam_Butonu'

2021-11-23 09:57:58 - [MESSAGE][PASSED] - Object: 'Object Repository/Sayfalar/Giris_Sayfasi/RetveTamam_Butonu' is clicked on

2021-11-23 09:57:58 - [TEST_STEP][PASSED] - click(findTestObject("Object Repository/Sayfalar/Giris_Sayfasi/RetveTamam_Butonu")): Object: 'Object Repository/Sayfalar/Giris_Sayfasi/RetveTamam_Butonu' is clicked on

2021-11-23 09:57:58 - [MESSAGE][INFO] - Finding Test Object 'Object Repository/Sayfalar/Giris_Sayfasi/RetveTamam_Butonu'

2021-11-23 09:57:58 - [MESSAGE][INFO] - Checking object

2021-11-23 09:57:58 - [MESSAGE][INFO] - Finding web element from Test Object's properties

2021-11-23 09:57:58 - [MESSAGE][INFO] - Checking timeout

2021-11-23 09:57:58 - [MESSAGE][INFO] - Finding web element with id: 'Object Repository/Sayfalar/Giris_Sayfasi/RetveTamam_Butonu' located by 'By.xpath: //*[@class = 'btn btn-default']' in '30' second(s)

2021-11-23 09:57:58 - [MESSAGE][INFO] - Smart Wait Function is triggered

2021-11-23 09:58:03 - [MESSAGE][INFO] - Found 1 web elements with id: 'Object Repository/Sayfalar/Giris_Sayfasi/RetveTamam_Butonu' located by 'By.xpath: //*[@class = 'btn btn-default']' in '30' second(s)

2021-11-23 09:58:03 - [MESSAGE][INFO] - Clicking on object: 'Object Repository/Sayfalar/Giris_Sayfasi/RetveTamam_Butonu'

2021-11-23 09:58:03 - [MESSAGE][PASSED] - Object: 'Object Repository/Sayfalar/Giris_Sayfasi/RetveTamam_Butonu' is clicked on

2021-11-23 09:58:03 - [TEST_STEP][PASSED] - if (verifyElementPresent(findTestObject("Sayfalar/Giris_Sayfasi/PopupOK"), 5, OPTIONAL)): null

2021-11-23 09:58:03 - [MESSAGE][INFO] - Finding Test Object 'Object Repository/Sayfalar/Giris_Sayfasi/PopupOK'

2021-11-23 09:58:03 - [MESSAGE][INFO] - Checking object

2021-11-23 09:58:03 - [MESSAGE][INFO] - Finding web element from Test Object's properties

2021-11-23 09:58:03 - [MESSAGE][INFO] - Checking timeout

2021-11-23 09:58:03 - [MESSAGE][INFO] - Finding web element with id: 'Object Repository/Sayfalar/Giris_Sayfasi/PopupOK' located by 'By.cssSelector: .btn.btn-success' in '5' second(s)

2021-11-23 09:58:03 - [MESSAGE][INFO] - Smart Wait Function is triggered

2021-11-23 09:58:03 - [MESSAGE][INFO] - Found 1 web elements with id: 'Object Repository/Sayfalar/Giris_Sayfasi/PopupOK' located by 'By.cssSelector: .btn.btn-success' in '5' second(s)

2021-11-23 09:58:03 - [MESSAGE][PASSED] - Object 'Object Repository/Sayfalar/Giris_Sayfasi/PopupOK' is present

2021-11-23 09:58:03 - [TEST_STEP][PASSED] - click(findTestObject("Object Repository/Sayfalar/Giris_Sayfasi/PopupCarpiGiris")): Object: 'Object Repository/Sayfalar/Giris_Sayfasi/PopupCarpiGiris' is clicked on

2021-11-23 09:58:03 - [MESSAGE][INFO] - Finding Test Object 'Object Repository/Sayfalar/Giris_Sayfasi/PopupCarpiGiris'

2021-11-23 09:58:03 - [MESSAGE][INFO] - Checking object

2021-11-23 09:58:03 - [MESSAGE][INFO] - Finding web element from Test Object's properties

2021-11-23 09:58:03 - [MESSAGE][INFO] - Checking timeout

2021-11-23 09:58:03 - [MESSAGE][INFO] - Finding web element with id: 'Object Repository/Sayfalar/Giris_Sayfasi/PopupCarpiGiris' located by 'By.cssSelector: .bootbox-close-button.close' in '30' second(s)

2021-11-23 09:58:03 - [MESSAGE][INFO] - Smart Wait Function is triggered

2021-11-23 09:58:04 - [MESSAGE][INFO] - Found 1 web elements with id: 'Object Repository/Sayfalar/Giris_Sayfasi/PopupCarpiGiris' located by 'By.cssSelector: .bootbox-close-button.close' in '30' second(s)

2021-11-23 09:58:04 - [MESSAGE][INFO] - Clicking on object: 'Object Repository/Sayfalar/Giris_Sayfasi/PopupCarpiGiris'

2021-11-23 09:58:04 - [MESSAGE][PASSED] - Object: 'Object Repository/Sayfalar/Giris_Sayfasi/PopupCarpiGiris' is clicked on

2021-11-23 09:58:04 - [TEST_STEP][PASSED] - verifyElementVisible(findTestObject("Object Repository/Kullanici_Islemleri/KullaniciIslemleri")): Object 'Object Repository/Kullanici_Islemleri/KullaniciIslemleri' is visible

2021-11-23 09:58:04 - [MESSAGE][INFO] - Finding Test Object 'Object Repository/Kullanici_Islemleri/KullaniciIslemleri'

2021-11-23 09:58:04 - [MESSAGE][INFO] - Checking object

2021-11-23 09:58:04 - [MESSAGE][INFO] - Finding web element from Test Object's properties

2021-11-23 09:58:04 - [MESSAGE][INFO] - Checking timeout

2021-11-23 09:58:04 - [MESSAGE][INFO] - Finding web element with id: 'Object Repository/Kullanici_Islemleri/KullaniciIslemleri' located by 'By.cssSelector: .dropdown>a>img' in '30' second(s)

2021-11-23 09:58:04 - [MESSAGE][INFO] - Smart Wait Function is triggered

2021-11-23 09:58:05 - [MESSAGE][INFO] - Found 1 web elements with id: 'Object Repository/Kullanici_Islemleri/KullaniciIslemleri' located by 'By.cssSelector: .dropdown>a>img' in '30' second(s)

2021-11-23 09:58:05 - [MESSAGE][PASSED] - Object 'Object Repository/Kullanici_Islemleri/KullaniciIslemleri' is visible

2021-11-23 09:58:05 - [MESSAGE][PASSED] - Call Test Case 'Test Cases/Sayfalar/Giris_Sayfasi/Login' successfully

2021-11-23 09:58:05 - [MESSAGE][INFO] - Checking called Test Case

2021-11-23 09:58:05 - [MESSAGE][INFO] - Starting to call Test Case 'Test Cases/Menu/AnaMenuSecimi'

2021-11-23 09:58:05 - [TEST_CASE][PASSED] - Test Cases/Menu/AnaMenuSecimi: Test Cases/Menu/AnaMenuSecimi

2021-11-23 09:58:05 - [TEST_STEP][PASSED] - Method.TextDegerineEsitElementeTikla(findTestObject("Menu/Ana_Menu"), Ana_Menu): Method.TextDegerineEsitElementeTikla is PASSED

2021-11-23 09:58:05 - [MESSAGE][INFO] - Finding Test Object 'Object Repository/Menu/Ana_Menu'

2021-11-23 09:58:05 - [MESSAGE][INFO] - Checking timeout

2021-11-23 09:58:05 - [MESSAGE][INFO] - Finding web element with id: 'Object Repository/Menu/Ana_Menu' located by 'By.xpath: //*[@class = 'dropdown-toggle']' in '10' second(s)

2021-11-23 09:58:05 - [MESSAGE][INFO] - Smart Wait Function is triggered

2021-11-23 09:58:05 - [MESSAGE][INFO] - Found 14 web elements with id: 'Object Repository/Menu/Ana_Menu' located by 'By.xpath: //*[@class = 'dropdown-toggle']' in '10' second(s)

2021-11-23 09:58:06 - [MESSAGE][PASSED] - Method.TextDegerineEsitElementeTikla is PASSED

2021-11-23 09:58:06 - [MESSAGE][PASSED] - Call Test Case 'Test Cases/Menu/AnaMenuSecimi' successfully

2021-11-23 09:58:06 - [MESSAGE][INFO] - Checking called Test Case

2021-11-23 09:58:06 - [MESSAGE][INFO] - Starting to call Test Case 'Test Cases/Menu/AltMenuSecimi'

2021-11-23 09:58:06 - [TEST_CASE][PASSED] - Test Cases/Menu/AltMenuSecimi: Test Cases/Menu/AltMenuSecimi

2021-11-23 09:58:06 - [TEST_STEP][PASSED] - Method.TextDegerineEsitElementeTikla(findTestObject("Menu/Alt_Menu"), Alt_Menu): Method.TextDegerineEsitElementeTikla is PASSED

2021-11-23 09:58:06 - [MESSAGE][INFO] - Finding Test Object 'Object Repository/Menu/Alt_Menu'

2021-11-23 09:58:06 - [MESSAGE][INFO] - Checking timeout

2021-11-23 09:58:06 - [MESSAGE][INFO] - Finding web element with id: 'Object Repository/Menu/Alt_Menu' located by 'By.xpath: //li[@class='dropdown dropdown-large open']//li[@class='dropdown-element']' in '10' second(s)

2021-11-23 09:58:06 - [MESSAGE][INFO] - Smart Wait Function is triggered

2021-11-23 09:58:06 - [MESSAGE][INFO] - Found 1 web elements with id: 'Object Repository/Menu/Alt_Menu' located by 'By.xpath: //li[@class='dropdown dropdown-large open']//li[@class='dropdown-element']' in '10' second(s)

2021-11-23 09:58:09 - [MESSAGE][PASSED] - Method.TextDegerineEsitElementeTikla is PASSED

2021-11-23 09:58:09 - [MESSAGE][PASSED] - Call Test Case 'Test Cases/Menu/AltMenuSecimi' successfully

2021-11-23 09:58:09 - [MESSAGE][INFO] - Checking called Test Case

2021-11-23 09:58:09 - [MESSAGE][INFO] - Starting to call Test Case 'Test Cases/Filtreler/ButonaTikla'

2021-11-23 09:58:09 - [TEST_CASE][PASSED] - Test Cases/Filtreler/ButonaTikla: Test Cases/Filtreler/ButonaTikla

2021-11-23 09:58:09 - [TEST_STEP][PASSED] - Method.TextDegerineEsitElementeTikla(findTestObject("Filtreler/Butonlar"), Filtre_Buton): Method.TextDegerineEsitElementeTikla is PASSED

2021-11-23 09:58:09 - [MESSAGE][INFO] - Finding Test Object 'Object Repository/Filtreler/Butonlar'

2021-11-23 09:58:09 - [MESSAGE][INFO] - Checking timeout

2021-11-23 09:58:09 - [MESSAGE][INFO] - Finding web element with id: 'Object Repository/Filtreler/Butonlar' located by 'By.cssSelector: .dxb>span' in '10' second(s)

2021-11-23 09:58:09 - [MESSAGE][INFO] - Smart Wait Function is triggered

2021-11-23 09:58:10 - [MESSAGE][INFO] - Found 6 web elements with id: 'Object Repository/Filtreler/Butonlar' located by 'By.cssSelector: .dxb>span' in '10' second(s)

2021-11-23 09:58:10 - [MESSAGE][PASSED] - Method.TextDegerineEsitElementeTikla is PASSED

2021-11-23 09:58:10 - [MESSAGE][PASSED] - Call Test Case 'Test Cases/Filtreler/ButonaTikla' successfully

2021-11-23 09:58:10 - [MESSAGE][INFO] - Checking called Test Case

2021-11-23 09:58:10 - [MESSAGE][INFO] - Starting to call Test Case 'Test Cases/Tablo/TablodaVeriVarMi'

2021-11-23 09:58:10 - [TEST_CASE][PASSED] - Test Cases/Tablo/TablodaVeriVarMi: Test Cases/Tablo/TablodaVeriVarMi

2021-11-23 09:58:10 - [TEST_STEP][PASSED] - verifyTextNotPresent("Görüntülenecek veri yok", true): Text 'Görüntülenecek veri yok' is not present on page using regular expression

2021-11-23 09:58:10 - [MESSAGE][INFO] - Checking text present  using regular expression

2021-11-23 09:58:10 - [MESSAGE][INFO] - Smart Wait Function is triggered

2021-11-23 09:58:11 - [MESSAGE][INFO] - Finding text 'Görüntülenecek veri yok' on page  using regular expression

2021-11-23 09:58:11 - [MESSAGE][PASSED] - Text 'Görüntülenecek veri yok' is not present on page using regular expression

2021-11-23 09:58:11 - [MESSAGE][PASSED] - Call Test Case 'Test Cases/Tablo/TablodaVeriVarMi' successfully

2021-11-23 09:58:11 - [MESSAGE][INFO] - Checking called Test Case

2021-11-23 09:58:11 - [MESSAGE][INFO] - Starting to call Test Case 'Test Cases/Tablo/TablodanVeriSec'

2021-11-23 09:58:11 - [TEST_CASE][PASSED] - Test Cases/Tablo/TablodanVeriSec: Test Cases/Tablo/TablodanVeriSec

2021-11-23 09:58:11 - [TEST_STEP][PASSED] - Method.TextDegerineEsitElementinAltindakineTikla(findTestObject("Tablo/Veriler"), findTestObject("Tablo/VerininCheckBoxi"), Veri_Adi): Method.TextDegerineEsitElementinAltindakineTikla is PASSED

2021-11-23 09:58:11 - [MESSAGE][INFO] - Finding Test Object 'Object Repository/Tablo/Veriler'

2021-11-23 09:58:11 - [MESSAGE][INFO] - Finding Test Object 'Object Repository/Tablo/VerininCheckBoxi'

2021-11-23 09:58:11 - [MESSAGE][INFO] - Checking timeout

2021-11-23 09:58:11 - [MESSAGE][INFO] - Finding web element with id: 'Object Repository/Tablo/Veriler' located by 'By.cssSelector: td.dxgv b ,td.dxgv' in '10' second(s)

2021-11-23 09:58:11 - [MESSAGE][INFO] - Smart Wait Function is triggered

2021-11-23 09:58:11 - [MESSAGE][INFO] - Found 62 web elements with id: 'Object Repository/Tablo/Veriler' located by 'By.cssSelector: td.dxgv b ,td.dxgv' in '10' second(s)

2021-11-23 09:58:12 - [MESSAGE][INFO] - Smart Wait Function is triggered

2021-11-23 09:58:12 - [MESSAGE][PASSED] - Method.TextDegerineEsitElementinAltindakineTikla is PASSED

2021-11-23 09:58:12 - [MESSAGE][PASSED] - Call Test Case 'Test Cases/Tablo/TablodanVeriSec' successfully

2021-11-23 09:58:12 - [MESSAGE][INFO] - Checking called Test Case

2021-11-23 09:58:12 - [MESSAGE][INFO] - Starting to call Test Case 'Test Cases/Butonlar/ButonaTikla'

2021-11-23 09:58:12 - [TEST_CASE][PASSED] - Test Cases/Butonlar/ButonaTikla: Test Cases/Butonlar/ButonaTikla

2021-11-23 09:58:12 - [TEST_STEP][PASSED] - Method.TextDegerineEsitElementeTiklaEquals(findTestObject("Butonlar/Butonlar"), Buton_Adi): Method.TextDegerineEsitElementeTiklaEquals is PASSED

2021-11-23 09:58:12 - [MESSAGE][INFO] - Finding Test Object 'Object Repository/Butonlar/Butonlar'

2021-11-23 09:58:12 - [MESSAGE][INFO] - Checking timeout

2021-11-23 09:58:12 - [MESSAGE][INFO] - Finding web element with id: 'Object Repository/Butonlar/Butonlar' located by 'By.cssSelector: .panel.panel-default.text-center.footerPanel .btn,.btn.btn-primary.btnControls' in '10' second(s)

2021-11-23 09:58:12 - [MESSAGE][INFO] - Smart Wait Function is triggered

2021-11-23 09:58:13 - [MESSAGE][INFO] - Found 12 web elements with id: 'Object Repository/Butonlar/Butonlar' located by 'By.cssSelector: .panel.panel-default.text-center.footerPanel .btn,.btn.btn-primary.btnControls' in '10' second(s)

2021-11-23 09:58:13 - [MESSAGE][PASSED] - Method.TextDegerineEsitElementeTiklaEquals is PASSED

2021-11-23 09:58:13 - [MESSAGE][PASSED] - Call Test Case 'Test Cases/Butonlar/ButonaTikla' successfully

2021-11-23 09:58:13 - [MESSAGE][INFO] - Checking called Test Case

2021-11-23 09:58:13 - [MESSAGE][INFO] - Starting to call Test Case 'Test Cases/Sayfalar/Yetki_Yonetimi/FirmaKodunaGoreFirmaSecilir'

2021-11-23 09:58:13 - [TEST_CASE][PASSED] - Test Cases/Sayfalar/Yetki_Yonetimi/FirmaKodunaGoreFirmaSecilir: Test Cases/Sayfalar/Yetki_Yonetimi/FirmaKodunaGoreFirmaSecilir

2021-11-23 09:58:14 - [TEST_STEP][PASSED] - switchToFrame(findTestObject("Object Repository/Sayfalar/Yetki_Yonetimi/Rol_Departman_Tanimlama/frame"), 10): Switched to iframe: 'Object Repository/Sayfalar/Yetki_Yonetimi/Rol_Departman_Tanimlama/frame'

2021-11-23 09:58:14 - [MESSAGE][INFO] - Finding Test Object 'Object Repository/Sayfalar/Yetki_Yonetimi/Rol_Departman_Tanimlama/frame'

2021-11-23 09:58:14 - [MESSAGE][INFO] - Switching to iframe: 'Object Repository/Sayfalar/Yetki_Yonetimi/Rol_Departman_Tanimlama/frame'

2021-11-23 09:58:14 - [MESSAGE][INFO] - Finding web element from Test Object's properties

2021-11-23 09:58:14 - [MESSAGE][INFO] - Checking timeout

2021-11-23 09:58:14 - [MESSAGE][INFO] - Finding web element with id: 'Object Repository/Sayfalar/Yetki_Yonetimi/Rol_Departman_Tanimlama/frame' located by 'By.xpath: //*[@id = 'userroledepartmentframe']' in '10' second(s)

2021-11-23 09:58:14 - [MESSAGE][INFO] - Smart Wait Function is triggered

2021-11-23 09:58:14 - [MESSAGE][INFO] - Found 1 web elements with id: 'Object Repository/Sayfalar/Yetki_Yonetimi/Rol_Departman_Tanimlama/frame' located by 'By.xpath: //*[@id = 'userroledepartmentframe']' in '10' second(s)

2021-11-23 09:58:14 - [MESSAGE][INFO] - Switched to iframe: 'Object Repository/Sayfalar/Yetki_Yonetimi/Rol_Departman_Tanimlama/frame'

2021-11-23 09:58:14 - [TEST_STEP][PASSED] - Method.TextDegerineEsitElementinAltindakineTikla(findTestObject("Object Repository/Sayfalar/Yetki_Yonetimi/Rol_Departman_Tanimlama/Firmalar"), findTestObject("Object Repository/Sayfalar/Yetki_Yonetimi/Rol_Departman_Tanimlama/Ekle"), Firma_Kodu): Method.TextDegerineEsitElementinAltindakineTikla is PASSED

2021-11-23 09:58:14 - [MESSAGE][INFO] - Finding Test Object 'Object Repository/Sayfalar/Yetki_Yonetimi/Rol_Departman_Tanimlama/Firmalar'

2021-11-23 09:58:15 - [MESSAGE][INFO] - Finding Test Object 'Object Repository/Sayfalar/Yetki_Yonetimi/Rol_Departman_Tanimlama/Ekle'

2021-11-23 09:58:15 - [MESSAGE][INFO] - Checking timeout

2021-11-23 09:58:15 - [MESSAGE][INFO] - Finding web element with id: 'Object Repository/Sayfalar/Yetki_Yonetimi/Rol_Departman_Tanimlama/Firmalar' located by 'By.cssSelector: #GridViewRoleAndDepartmentMatching_DXMainTable .dxgv.dx-ac' in '10' second(s)

2021-11-23 09:58:15 - [MESSAGE][INFO] - Smart Wait Function is triggered

2021-11-23 09:58:15 - [MESSAGE][INFO] - Found 2 web elements with id: 'Object Repository/Sayfalar/Yetki_Yonetimi/Rol_Departman_Tanimlama/Firmalar' located by 'By.cssSelector: #GridViewRoleAndDepartmentMatching_DXMainTable .dxgv.dx-ac' in '10' second(s)

2021-11-23 09:58:15 - [MESSAGE][INFO] - Smart Wait Function is triggered

2021-11-23 09:58:15 - [MESSAGE][PASSED] - Method.TextDegerineEsitElementinAltindakineTikla is PASSED

2021-11-23 09:58:15 - [MESSAGE][PASSED] - Call Test Case 'Test Cases/Sayfalar/Yetki_Yonetimi/FirmaKodunaGoreFirmaSecilir' successfully

2021-11-23 09:58:15 - [MESSAGE][INFO] - Checking called Test Case

2021-11-23 09:58:15 - [MESSAGE][INFO] - Starting to call Test Case 'Test Cases/Sayfalar/Yetki_Yonetimi/KullanicininDepartmaniSecilir'

2021-11-23 09:58:15 - [TEST_CASE][PASSED] - Test Cases/Sayfalar/Yetki_Yonetimi/KullanicininDepartmaniSecilir: Test Cases/Sayfalar/Yetki_Yonetimi/KullanicininDepartmaniSecilir

2021-11-23 09:58:15 - [TEST_STEP][PASSED] - waitForElementClickable(findTestObject("Object Repository/Sayfalar/Yetki_Yonetimi/Rol_Departman_Tanimlama/DepartmanDropdown"), 10): Object 'Object Repository/Sayfalar/Yetki_Yonetimi/Rol_Departman_Tanimlama/DepartmanDropdown' is clickable

2021-11-23 09:58:15 - [MESSAGE][INFO] - Finding Test Object 'Object Repository/Sayfalar/Yetki_Yonetimi/Rol_Departman_Tanimlama/DepartmanDropdown'

2021-11-23 09:58:15 - [MESSAGE][INFO] - Checking object

2021-11-23 09:58:15 - [MESSAGE][INFO] - Checking timeout

2021-11-23 09:58:15 - [MESSAGE][INFO] - Finding web element from Test Object's properties

2021-11-23 09:58:15 - [MESSAGE][INFO] - Checking timeout

2021-11-23 09:58:15 - [MESSAGE][INFO] - Finding web element with id: 'Object Repository/Sayfalar/Yetki_Yonetimi/Rol_Departman_Tanimlama/DepartmanDropdown' located by 'By.xpath: //*[@id = 'cmbFirmDepartment_I']' in '10' second(s)

2021-11-23 09:58:15 - [MESSAGE][INFO] - Smart Wait Function is triggered

2021-11-23 09:58:16 - [MESSAGE][INFO] - Found 1 web elements with id: 'Object Repository/Sayfalar/Yetki_Yonetimi/Rol_Departman_Tanimlama/DepartmanDropdown' located by 'By.xpath: //*[@id = 'cmbFirmDepartment_I']' in '10' second(s)

2021-11-23 09:58:16 - [MESSAGE][PASSED] - Object 'Object Repository/Sayfalar/Yetki_Yonetimi/Rol_Departman_Tanimlama/DepartmanDropdown' is clickable

2021-11-23 09:58:16 - [TEST_STEP][PASSED] - click(findTestObject("Object Repository/Sayfalar/Yetki_Yonetimi/Rol_Departman_Tanimlama/DepartmanDropdown")): Object: 'Object Repository/Sayfalar/Yetki_Yonetimi/Rol_Departman_Tanimlama/DepartmanDropdown' is clicked on

2021-11-23 09:58:16 - [MESSAGE][INFO] - Finding Test Object 'Object Repository/Sayfalar/Yetki_Yonetimi/Rol_Departman_Tanimlama/DepartmanDropdown'

2021-11-23 09:58:16 - [MESSAGE][INFO] - Checking object

2021-11-23 09:58:16 - [MESSAGE][INFO] - Finding web element from Test Object's properties

2021-11-23 09:58:16 - [MESSAGE][INFO] - Checking timeout

2021-11-23 09:58:16 - [MESSAGE][INFO] - Finding web element with id: 'Object Repository/Sayfalar/Yetki_Yonetimi/Rol_Departman_Tanimlama/DepartmanDropdown' located by 'By.xpath: //*[@id = 'cmbFirmDepartment_I']' in '30' second(s)

2021-11-23 09:58:16 - [MESSAGE][INFO] - Smart Wait Function is triggered

2021-11-23 09:58:16 - [MESSAGE][INFO] - Found 1 web elements with id: 'Object Repository/Sayfalar/Yetki_Yonetimi/Rol_Departman_Tanimlama/DepartmanDropdown' located by 'By.xpath: //*[@id = 'cmbFirmDepartment_I']' in '30' second(s)

2021-11-23 09:58:16 - [MESSAGE][INFO] - Clicking on object: 'Object Repository/Sayfalar/Yetki_Yonetimi/Rol_Departman_Tanimlama/DepartmanDropdown'

2021-11-23 09:58:16 - [MESSAGE][PASSED] - Object: 'Object Repository/Sayfalar/Yetki_Yonetimi/Rol_Departman_Tanimlama/DepartmanDropdown' is clicked on

2021-11-23 09:58:16 - [TEST_STEP][PASSED] - Method.TextDegerineEsitElementeTikla(findTestObject("Object Repository/Sayfalar/Yetki_Yonetimi/Rol_Departman_Tanimlama/DepartmanAdlari"), Departman_Adi): Method.TextDegerineEsitElementeTikla is PASSED

2021-11-23 09:58:16 - [MESSAGE][INFO] - Finding Test Object 'Object Repository/Sayfalar/Yetki_Yonetimi/Rol_Departman_Tanimlama/DepartmanAdlari'

2021-11-23 09:58:16 - [MESSAGE][INFO] - Checking timeout

2021-11-23 09:58:16 - [MESSAGE][INFO] - Finding web element with id: 'Object Repository/Sayfalar/Yetki_Yonetimi/Rol_Departman_Tanimlama/DepartmanAdlari' located by 'By.cssSelector: #cmbFirmDepartment_DDD_L_LBT td' in '10' second(s)

2021-11-23 09:58:16 - [MESSAGE][INFO] - Smart Wait Function is triggered

2021-11-23 09:58:16 - [MESSAGE][INFO] - Found 4 web elements with id: 'Object Repository/Sayfalar/Yetki_Yonetimi/Rol_Departman_Tanimlama/DepartmanAdlari' located by 'By.cssSelector: #cmbFirmDepartment_DDD_L_LBT td' in '10' second(s)

2021-11-23 09:58:16 - [MESSAGE][PASSED] - Method.TextDegerineEsitElementeTikla is PASSED

2021-11-23 09:58:16 - [MESSAGE][PASSED] - Call Test Case 'Test Cases/Sayfalar/Yetki_Yonetimi/KullanicininDepartmaniSecilir' successfully

2021-11-23 09:58:16 - [MESSAGE][INFO] - Checking called Test Case

2021-11-23 09:58:16 - [MESSAGE][INFO] - Starting to call Test Case 'Test Cases/Sayfalar/Yetki_Yonetimi/KullanicininRoluSecilir'

2021-11-23 09:58:16 - [TEST_CASE][PASSED] - Test Cases/Sayfalar/Yetki_Yonetimi/KullanicininRoluSecilir: Test Cases/Sayfalar/Yetki_Yonetimi/KullanicininRoluSecilir

2021-11-23 09:58:17 - [TEST_STEP][PASSED] - Method.TextDegerineEsitElementinAltindakineTikla(findTestObject("Object Repository/Sayfalar/Yetki_Yonetimi/Rol_Departman_Tanimlama/RolAdlari"), findTestObject("Object Repository/Sayfalar/Yetki_Yonetimi/Rol_Departman_Tanimlama/RolCheckBox"), Rol): Method.TextDegerineEsitElementinAltindakineTikla is PASSED

2021-11-23 09:58:17 - [MESSAGE][INFO] - Finding Test Object 'Object Repository/Sayfalar/Yetki_Yonetimi/Rol_Departman_Tanimlama/RolAdlari'

2021-11-23 09:58:17 - [MESSAGE][INFO] - Finding Test Object 'Object Repository/Sayfalar/Yetki_Yonetimi/Rol_Departman_Tanimlama/RolCheckBox'

2021-11-23 09:58:17 - [MESSAGE][INFO] - Checking timeout

2021-11-23 09:58:17 - [MESSAGE][INFO] - Finding web element with id: 'Object Repository/Sayfalar/Yetki_Yonetimi/Rol_Departman_Tanimlama/RolAdlari' located by 'By.cssSelector: #GridViewUserRole_DXMainTable td' in '10' second(s)

2021-11-23 09:58:17 - [MESSAGE][INFO] - Smart Wait Function is triggered

2021-11-23 09:58:17 - [MESSAGE][INFO] - Found 21 web elements with id: 'Object Repository/Sayfalar/Yetki_Yonetimi/Rol_Departman_Tanimlama/RolAdlari' located by 'By.cssSelector: #GridViewUserRole_DXMainTable td' in '10' second(s)

2021-11-23 09:58:17 - [MESSAGE][INFO] - Smart Wait Function is triggered

2021-11-23 09:58:18 - [MESSAGE][PASSED] - Method.TextDegerineEsitElementinAltindakineTikla is PASSED

2021-11-23 09:58:18 - [MESSAGE][PASSED] - Call Test Case 'Test Cases/Sayfalar/Yetki_Yonetimi/KullanicininRoluSecilir' successfully

2021-11-23 09:58:18 - [MESSAGE][INFO] - Checking called Test Case

2021-11-23 09:58:18 - [MESSAGE][INFO] - Starting to call Test Case 'Test Cases/Sayfalar/Yetki_Yonetimi/RolveDepartmanTanimlamayiKaydet'

2021-11-23 09:58:18 - [TEST_CASE][PASSED] - Test Cases/Sayfalar/Yetki_Yonetimi/RolveDepartmanTanimlamayiKaydet: Test Cases/Sayfalar/Yetki_Yonetimi/RolveDepartmanTanimlamayiKaydet

2021-11-23 09:58:18 - [TEST_STEP][PASSED] - waitForElementClickable(findTestObject("Object Repository/Sayfalar/Yetki_Yonetimi/Rol_Departman_Tanimlama/Kaydet"), 10): Object 'Object Repository/Sayfalar/Yetki_Yonetimi/Rol_Departman_Tanimlama/Kaydet' is clickable

2021-11-23 09:58:18 - [MESSAGE][INFO] - Finding Test Object 'Object Repository/Sayfalar/Yetki_Yonetimi/Rol_Departman_Tanimlama/Kaydet'

2021-11-23 09:58:18 - [MESSAGE][INFO] - Checking object

2021-11-23 09:58:18 - [MESSAGE][INFO] - Checking timeout

2021-11-23 09:58:18 - [MESSAGE][INFO] - Finding web element from Test Object's properties

2021-11-23 09:58:18 - [MESSAGE][INFO] - Checking timeout

2021-11-23 09:58:18 - [MESSAGE][INFO] - Finding web element with id: 'Object Repository/Sayfalar/Yetki_Yonetimi/Rol_Departman_Tanimlama/Kaydet' located by 'By.xpath: //*[@id = 'btnSaveRoleAndDepartmentMatch_CD']' in '10' second(s)

2021-11-23 09:58:18 - [MESSAGE][INFO] - Smart Wait Function is triggered

2021-11-23 09:58:18 - [MESSAGE][INFO] - Found 1 web elements with id: 'Object Repository/Sayfalar/Yetki_Yonetimi/Rol_Departman_Tanimlama/Kaydet' located by 'By.xpath: //*[@id = 'btnSaveRoleAndDepartmentMatch_CD']' in '10' second(s)

2021-11-23 09:58:18 - [MESSAGE][PASSED] - Object 'Object Repository/Sayfalar/Yetki_Yonetimi/Rol_Departman_Tanimlama/Kaydet' is clickable

2021-11-23 09:58:18 - [TEST_STEP][PASSED] - click(findTestObject("Object Repository/Sayfalar/Yetki_Yonetimi/Rol_Departman_Tanimlama/Kaydet")): Object: 'Object Repository/Sayfalar/Yetki_Yonetimi/Rol_Departman_Tanimlama/Kaydet' is clicked on

2021-11-23 09:58:18 - [MESSAGE][INFO] - Finding Test Object 'Object Repository/Sayfalar/Yetki_Yonetimi/Rol_Departman_Tanimlama/Kaydet'

2021-11-23 09:58:18 - [MESSAGE][INFO] - Checking object

2021-11-23 09:58:18 - [MESSAGE][INFO] - Finding web element from Test Object's properties

2021-11-23 09:58:18 - [MESSAGE][INFO] - Checking timeout

2021-11-23 09:58:18 - [MESSAGE][INFO] - Finding web element with id: 'Object Repository/Sayfalar/Yetki_Yonetimi/Rol_Departman_Tanimlama/Kaydet' located by 'By.xpath: //*[@id = 'btnSaveRoleAndDepartmentMatch_CD']' in '30' second(s)

2021-11-23 09:58:18 - [MESSAGE][INFO] - Smart Wait Function is triggered

2021-11-23 09:58:18 - [MESSAGE][INFO] - Found 1 web elements with id: 'Object Repository/Sayfalar/Yetki_Yonetimi/Rol_Departman_Tanimlama/Kaydet' located by 'By.xpath: //*[@id = 'btnSaveRoleAndDepartmentMatch_CD']' in '30' second(s)

2021-11-23 09:58:18 - [MESSAGE][INFO] - Clicking on object: 'Object Repository/Sayfalar/Yetki_Yonetimi/Rol_Departman_Tanimlama/Kaydet'

2021-11-23 09:58:19 - [MESSAGE][PASSED] - Object: 'Object Repository/Sayfalar/Yetki_Yonetimi/Rol_Departman_Tanimlama/Kaydet' is clicked on

2021-11-23 09:58:19 - [TEST_STEP][PASSED] - waitForElementClickable(findTestObject("Object Repository/Popup/Popup_Butons"), 10): Object 'Object Repository/Popup/Popup_Butons' is clickable

2021-11-23 09:58:19 - [MESSAGE][INFO] - Finding Test Object 'Object Repository/Popup/Popup_Butons'

2021-11-23 09:58:19 - [MESSAGE][INFO] - Checking object

2021-11-23 09:58:19 - [MESSAGE][INFO] - Checking timeout

2021-11-23 09:58:19 - [MESSAGE][INFO] - Finding web element from Test Object's properties

2021-11-23 09:58:19 - [MESSAGE][INFO] - Checking timeout

2021-11-23 09:58:19 - [MESSAGE][INFO] - Finding web element with id: 'Object Repository/Popup/Popup_Butons' located by 'By.cssSelector: .modal-footer>button' in '10' second(s)

2021-11-23 09:58:19 - [MESSAGE][INFO] - Smart Wait Function is triggered

2021-11-23 09:58:19 - [MESSAGE][INFO] - Found 1 web elements with id: 'Object Repository/Popup/Popup_Butons' located by 'By.cssSelector: .modal-footer>button' in '10' second(s)

2021-11-23 09:58:19 - [MESSAGE][PASSED] - Object 'Object Repository/Popup/Popup_Butons' is clickable

2021-11-23 09:58:19 - [TEST_STEP][PASSED] - callTestCase(findTestCase("Popup/PopupMesajiIceriyorMu"), ["Mesaj":"Kullanıcı tanımları başarıyla kaydedilmiştir"], STOP_ON_FAILURE): Call Test Case 'Test Cases/Popup/PopupMesajiIceriyorMu' successfully

2021-11-23 09:58:19 - [MESSAGE][INFO] - Checking called Test Case

2021-11-23 09:58:19 - [MESSAGE][INFO] - Starting to call Test Case 'Test Cases/Popup/PopupMesajiIceriyorMu'

2021-11-23 09:58:19 - [TEST_CASE][PASSED] - Test Cases/Popup/PopupMesajiIceriyorMu: Test Cases/Popup/PopupMesajiIceriyorMu

2021-11-23 09:58:19 - [TEST_STEP][PASSED] - waitForElementVisible(findTestObject("Popup/Popup"), 10): Object 'Object Repository/Popup/Popup' is visible

2021-11-23 09:58:19 - [MESSAGE][INFO] - Finding Test Object 'Object Repository/Popup/Popup'

2021-11-23 09:58:19 - [MESSAGE][INFO] - Checking object

2021-11-23 09:58:19 - [MESSAGE][INFO] - Checking timeout

2021-11-23 09:58:19 - [MESSAGE][INFO] - Finding web element from Test Object's properties

2021-11-23 09:58:19 - [MESSAGE][INFO] - Checking timeout

2021-11-23 09:58:19 - [MESSAGE][INFO] - Finding web element with id: 'Object Repository/Popup/Popup' located by 'By.cssSelector: .bootbox-body' in '10' second(s)

2021-11-23 09:58:19 - [MESSAGE][INFO] - Smart Wait Function is triggered

2021-11-23 09:58:19 - [MESSAGE][INFO] - Found 1 web elements with id: 'Object Repository/Popup/Popup' located by 'By.cssSelector: .bootbox-body' in '10' second(s)

2021-11-23 09:58:19 - [MESSAGE][PASSED] - Object 'Object Repository/Popup/Popup' is visible

2021-11-23 09:58:19 - [TEST_STEP][PASSED] - if (!(getText(findTestObject("Popup/Popup")).contains(Mesaj))): Text of object 'Object Repository/Popup/Popup' is: 'Kullanıcı tanımları başarıyla kaydedilmiştir.'

2021-11-23 09:58:19 - [MESSAGE][INFO] - Finding Test Object 'Object Repository/Popup/Popup'

2021-11-23 09:58:19 - [MESSAGE][INFO] - Checking object

2021-11-23 09:58:19 - [MESSAGE][INFO] - Finding web element from Test Object's properties

2021-11-23 09:58:19 - [MESSAGE][INFO] - Checking timeout

2021-11-23 09:58:19 - [MESSAGE][INFO] - Finding web element with id: 'Object Repository/Popup/Popup' located by 'By.cssSelector: .bootbox-body' in '30' second(s)

2021-11-23 09:58:19 - [MESSAGE][INFO] - Smart Wait Function is triggered

2021-11-23 09:58:19 - [MESSAGE][INFO] - Found 1 web elements with id: 'Object Repository/Popup/Popup' located by 'By.cssSelector: .bootbox-body' in '30' second(s)

2021-11-23 09:58:19 - [MESSAGE][INFO] - Getting text of object 'Object Repository/Popup/Popup'

2021-11-23 09:58:19 - [MESSAGE][PASSED] - Text of object 'Object Repository/Popup/Popup' is: 'Kullanıcı tanımları başarıyla kaydedilmiştir.'

2021-11-23 09:58:19 - [TEST_STEP][PASSED] - RaporNo = getText(findTestObject("Popup/Popup")).substring(0, 6): Text of object 'Object Repository/Popup/Popup' is: 'Kullanıcı tanımları başarıyla kaydedilmiştir.'

2021-11-23 09:58:19 - [MESSAGE][INFO] - Finding Test Object 'Object Repository/Popup/Popup'

2021-11-23 09:58:19 - [MESSAGE][INFO] - Checking object

2021-11-23 09:58:19 - [MESSAGE][INFO] - Finding web element from Test Object's properties

2021-11-23 09:58:19 - [MESSAGE][INFO] - Checking timeout

2021-11-23 09:58:19 - [MESSAGE][INFO] - Finding web element with id: 'Object Repository/Popup/Popup' located by 'By.cssSelector: .bootbox-body' in '30' second(s)

2021-11-23 09:58:19 - [MESSAGE][INFO] - Smart Wait Function is triggered

2021-11-23 09:58:19 - [MESSAGE][INFO] - Found 1 web elements with id: 'Object Repository/Popup/Popup' located by 'By.cssSelector: .bootbox-body' in '30' second(s)

2021-11-23 09:58:19 - [MESSAGE][INFO] - Getting text of object 'Object Repository/Popup/Popup'

2021-11-23 09:58:19 - [MESSAGE][PASSED] - Text of object 'Object Repository/Popup/Popup' is: 'Kullanıcı tanımları başarıyla kaydedilmiştir.'

2021-11-23 09:58:19 - [TEST_STEP][PASSED] - Console.println(RaporNo): null

2021-11-23 09:58:19 - [MESSAGE][PASSED] - Call Test Case 'Test Cases/Popup/PopupMesajiIceriyorMu' successfully

2021-11-23 09:58:19 - [TEST_STEP][PASSED] - callTestCase(findTestCase("Popup/PopupButonSecilir"), ["Buton":"Tamam"], STOP_ON_FAILURE): Call Test Case 'Test Cases/Popup/PopupButonSecilir' successfully

2021-11-23 09:58:19 - [MESSAGE][INFO] - Checking called Test Case

2021-11-23 09:58:19 - [MESSAGE][INFO] - Starting to call Test Case 'Test Cases/Popup/PopupButonSecilir'

2021-11-23 09:58:19 - [TEST_CASE][PASSED] - Test Cases/Popup/PopupButonSecilir: Test Cases/Popup/PopupButonSecilir

2021-11-23 09:58:19 - [TEST_STEP][PASSED] - Method.TextDegerineEsitElementeTikla(findTestObject("Popup/Popup_Butons"), Buton): Method.TextDegerineEsitElementeTikla is PASSED

2021-11-23 09:58:19 - [MESSAGE][INFO] - Finding Test Object 'Object Repository/Popup/Popup_Butons'

2021-11-23 09:58:19 - [MESSAGE][INFO] - Checking timeout

2021-11-23 09:58:19 - [MESSAGE][INFO] - Finding web element with id: 'Object Repository/Popup/Popup_Butons' located by 'By.cssSelector: .modal-footer>button' in '10' second(s)

2021-11-23 09:58:19 - [MESSAGE][INFO] - Smart Wait Function is triggered

2021-11-23 09:58:19 - [MESSAGE][INFO] - Found 1 web elements with id: 'Object Repository/Popup/Popup_Butons' located by 'By.cssSelector: .modal-footer>button' in '10' second(s)

2021-11-23 09:58:19 - [MESSAGE][PASSED] - Method.TextDegerineEsitElementeTikla is PASSED

2021-11-23 09:58:19 - [MESSAGE][PASSED] - Call Test Case 'Test Cases/Popup/PopupButonSecilir' successfully

2021-11-23 09:58:19 - [TEST_STEP][PASSED] - switchToDefaultContent(): Switching to default content

2021-11-23 09:58:19 - [MESSAGE][INFO] - Switching to default content

2021-11-23 09:58:20 - [MESSAGE][PASSED] - Call Test Case 'Test Cases/Sayfalar/Yetki_Yonetimi/RolveDepartmanTanimlamayiKaydet' successfully

2021-11-23 09:58:20 - [MESSAGE][INFO] - Checking called Test Case

2021-11-23 09:58:20 - [MESSAGE][INFO] - Starting to call Test Case 'Test Cases/Kullanici_Islemleri/KullaniciIslemlerindenSecimYapilir'

2021-11-23 09:58:20 - [TEST_CASE][PASSED] - Test Cases/Kullanici_Islemleri/KullaniciIslemlerindenSecimYapilir: Test Cases/Kullanici_Islemleri/KullaniciIslemlerindenSecimYapilir

2021-11-23 09:58:20 - [TEST_STEP][PASSED] - waitForElementClickable(findTestObject("Object Repository/Kullanici_Islemleri/KullaniciIslemleri"), 10): Object 'Object Repository/Kullanici_Islemleri/KullaniciIslemleri' is clickable

2021-11-23 09:58:20 - [MESSAGE][INFO] - Finding Test Object 'Object Repository/Kullanici_Islemleri/KullaniciIslemleri'

2021-11-23 09:58:20 - [MESSAGE][INFO] - Checking object

2021-11-23 09:58:20 - [MESSAGE][INFO] - Checking timeout

2021-11-23 09:58:20 - [MESSAGE][INFO] - Finding web element from Test Object's properties

2021-11-23 09:58:20 - [MESSAGE][INFO] - Checking timeout

2021-11-23 09:58:20 - [MESSAGE][INFO] - Finding web element with id: 'Object Repository/Kullanici_Islemleri/KullaniciIslemleri' located by 'By.cssSelector: .dropdown>a>img' in '10' second(s)

2021-11-23 09:58:20 - [MESSAGE][INFO] - Smart Wait Function is triggered

2021-11-23 09:58:20 - [MESSAGE][INFO] - Found 1 web elements with id: 'Object Repository/Kullanici_Islemleri/KullaniciIslemleri' located by 'By.cssSelector: .dropdown>a>img' in '10' second(s)

2021-11-23 09:58:20 - [MESSAGE][PASSED] - Object 'Object Repository/Kullanici_Islemleri/KullaniciIslemleri' is clickable

2021-11-23 09:58:20 - [TEST_STEP][PASSED] - click(findTestObject("Object Repository/Kullanici_Islemleri/KullaniciIslemleri")): Object: 'Object Repository/Kullanici_Islemleri/KullaniciIslemleri' is clicked on

2021-11-23 09:58:20 - [MESSAGE][INFO] - Finding Test Object 'Object Repository/Kullanici_Islemleri/KullaniciIslemleri'

2021-11-23 09:58:20 - [MESSAGE][INFO] - Checking object

2021-11-23 09:58:20 - [MESSAGE][INFO] - Finding web element from Test Object's properties

2021-11-23 09:58:20 - [MESSAGE][INFO] - Checking timeout

2021-11-23 09:58:20 - [MESSAGE][INFO] - Finding web element with id: 'Object Repository/Kullanici_Islemleri/KullaniciIslemleri' located by 'By.cssSelector: .dropdown>a>img' in '30' second(s)

2021-11-23 09:58:20 - [MESSAGE][INFO] - Smart Wait Function is triggered

2021-11-23 09:58:20 - [MESSAGE][INFO] - Found 1 web elements with id: 'Object Repository/Kullanici_Islemleri/KullaniciIslemleri' located by 'By.cssSelector: .dropdown>a>img' in '30' second(s)

2021-11-23 09:58:20 - [MESSAGE][INFO] - Clicking on object: 'Object Repository/Kullanici_Islemleri/KullaniciIslemleri'

2021-11-23 09:58:20 - [MESSAGE][PASSED] - Object: 'Object Repository/Kullanici_Islemleri/KullaniciIslemleri' is clicked on

2021-11-23 09:58:20 - [TEST_STEP][PASSED] - Method.TextDegerineEsitElementeTikla(findTestObject("Object Repository/Kullanici_Islemleri/Secenekler"), Islem): Method.TextDegerineEsitElementeTikla is PASSED

2021-11-23 09:58:20 - [MESSAGE][INFO] - Finding Test Object 'Object Repository/Kullanici_Islemleri/Secenekler'

2021-11-23 09:58:21 - [MESSAGE][INFO] - Checking timeout

2021-11-23 09:58:21 - [MESSAGE][INFO] - Finding web element with id: 'Object Repository/Kullanici_Islemleri/Secenekler' located by 'By.cssSelector: .nav.navbar-nav.navbar-right li a' in '10' second(s)

2021-11-23 09:58:21 - [MESSAGE][INFO] - Smart Wait Function is triggered

2021-11-23 09:58:21 - [MESSAGE][INFO] - Found 22 web elements with id: 'Object Repository/Kullanici_Islemleri/Secenekler' located by 'By.cssSelector: .nav.navbar-nav.navbar-right li a' in '10' second(s)

2021-11-23 09:58:22 - [MESSAGE][PASSED] - Method.TextDegerineEsitElementeTikla is PASSED

2021-11-23 09:58:22 - [TEST_STEP][PASSED] - verifyElementNotPresent(findTestObject("Object Repository/Kullanici_Islemleri/Secenekler"), 10): Web element with id: 'Object Repository/Kullanici_Islemleri/Secenekler' located by 'By.cssSelector: .nav.navbar-nav.navbar-right li a' is not present after '10' second(s)

2021-11-23 09:58:22 - [MESSAGE][INFO] - Finding Test Object 'Object Repository/Kullanici_Islemleri/Secenekler'

2021-11-23 09:58:22 - [MESSAGE][INFO] - Checking object

2021-11-23 09:58:22 - [MESSAGE][INFO] - Checking timeout

2021-11-23 09:58:22 - [MESSAGE][INFO] - Finding web element with id: 'Object Repository/Kullanici_Islemleri/Secenekler' located by 'By.cssSelector: .nav.navbar-nav.navbar-right li a' in '10' second(s)

2021-11-23 09:58:22 - [MESSAGE][INFO] - Smart Wait Function is triggered

2021-11-23 09:58:23 - [MESSAGE][PASSED] - Web element with id: 'Object Repository/Kullanici_Islemleri/Secenekler' located by 'By.cssSelector: .nav.navbar-nav.navbar-right li a' is not present after '10' second(s)

2021-11-23 09:58:23 - [MESSAGE][PASSED] - Call Test Case 'Test Cases/Kullanici_Islemleri/KullaniciIslemlerindenSecimYapilir' successfully

2021-11-23 09:58:23 - [TEST_CASE][PASSED] - Start Test Case : SCENARIO Departman ve Rol tanimlama: SCENARIO Departman ve Rol tanimlama

2021-11-23 09:58:23 - [TEST_STEP][PASSED] - Kullanıcı adı ELOGO6 ve Şifre 123456 olarak giriş yapılır: Kullanıcı adı ELOGO6 ve Şifre 123456 olarak giriş yapılır

2021-11-23 09:58:23 - [MESSAGE][PASSED] - Kullanıcı adı ELOGO6 ve Şifre 123456 olarak giriş yapılır

2021-11-23 09:58:23 - [TEST_STEP][PASSED] - Ana menüden Firma Yönetimi seçilir: Ana menüden Firma Yönetimi seçilir

2021-11-23 09:58:23 - [MESSAGE][PASSED] - Ana menüden Firma Yönetimi seçilir

2021-11-23 09:58:23 - [TEST_STEP][PASSED] - Alt menüden Yetki Yönetimi seçilir: Alt menüden Yetki Yönetimi seçilir

2021-11-23 09:58:23 - [MESSAGE][PASSED] - Alt menüden Yetki Yönetimi seçilir

2021-11-23 09:58:23 - [TEST_STEP][PASSED] - Filtre butonlarından Listele seçilir: Filtre butonlarından Listele seçilir

2021-11-23 09:58:23 - [MESSAGE][PASSED] - Filtre butonlarından Listele seçilir

2021-11-23 09:58:23 - [TEST_STEP][PASSED] - Tabloda veri var mı kontrol edilir: Tabloda veri var mı kontrol edilir

2021-11-23 09:58:23 - [MESSAGE][PASSED] - Tabloda veri var mı kontrol edilir

2021-11-23 09:58:23 - [TEST_STEP][PASSED] - Tablodan VirgosolKullanici isimli veri seçilir: Tablodan VirgosolKullanici isimli veri seçilir

2021-11-23 09:58:23 - [MESSAGE][PASSED] - Tablodan VirgosolKullanici isimli veri seçilir

2021-11-23 09:58:23 - [TEST_STEP][PASSED] - Butonlardan Rol ve Departman Tanımla isimli butona tıklanır: Butonlardan Rol ve Departman Tanımla isimli butona tıklanır

2021-11-23 09:58:23 - [MESSAGE][PASSED] - Butonlardan Rol ve Departman Tanımla isimli butona tıklanır

2021-11-23 09:58:23 - [TEST_STEP][PASSED] - Firma kodu ELOGO6 olan firma seçilir: Firma kodu ELOGO6 olan firma seçilir

2021-11-23 09:58:23 - [MESSAGE][PASSED] - Firma kodu ELOGO6 olan firma seçilir

2021-11-23 09:58:23 - [TEST_STEP][PASSED] - Kullanıcının departmanı brk olarak seçilir: Kullanıcının departmanı brk olarak seçilir

2021-11-23 09:58:23 - [MESSAGE][PASSED] - Kullanıcının departmanı brk olarak seçilir

2021-11-23 09:58:23 - [TEST_STEP][PASSED] - Kullanıcın rolü brk olarak secilir: Kullanıcın rolü brk olarak secilir

2021-11-23 09:58:23 - [MESSAGE][PASSED] - Kullanıcın rolü brk olarak secilir

2021-11-23 09:58:23 - [TEST_STEP][PASSED] - Rol ve Departman tanımlama kaydedilir: Rol ve Departman tanımlama kaydedilir

2021-11-23 09:58:23 - [MESSAGE][PASSED] - Rol ve Departman tanımlama kaydedilir

2021-11-23 09:58:23 - [TEST_STEP][PASSED] - Kullanıcı işlemlerinden Çıkış seçilir: Kullanıcı işlemlerinden Çıkış seçilir

2021-11-23 09:58:23 - [MESSAGE][PASSED] - Kullanıcı işlemlerinden Çıkış seçilir

2021-11-23 09:58:23 - [MESSAGE][PASSED] - Feature file: 'Include/features/Firma Yonetimi/Yetki Yonetimi/Kullanici Tanimlari/Rol ve Departman Tanimla.feature' was passed

2021-11-23 09:58:23 - [TEST_STEP][PASSED] - Start listener action : sampleAfterTestSuite: Invoke 'com.kms.katalon.core.annotation.AfterTestCase' method: 'Listener.sampleAfterTestSuite(...)' completed.

2021-11-23 09:58:23 - [MESSAGE][INFO] - Starting invoke 'com.kms.katalon.core.annotation.AfterTestCase' method: 'Listener.sampleAfterTestSuite(...)'

2021-11-23 09:58:23 - [TEST_STEP][PASSED] - closeBrowser(): Invoke 'com.kms.katalon.core.annotation.AfterTestCase' method: 'Listener.sampleAfterTestSuite(...)' completed.

2021-11-23 09:58:23 - [MESSAGE][INFO] - Closing browser

2021-11-23 09:58:23 - [MESSAGE][PASSED] - Browser is closed

2021-11-23 09:58:23 - [MESSAGE][INFO] - Invoke 'com.kms.katalon.core.annotation.AfterTestCase' method: 'Listener.sampleAfterTestSuite(...)' completed.]]></system-out>
         <system-err><![CDATA[]]></system-err>
      </testcase>
      <testcase name="Test Cases/Case Repository/Firma Yonetimi/Yetki Yonetimi/Kullanici Tanimlari/Sil" time="35.447" classname="Test Cases/Case Repository/Firma Yonetimi/Yetki Yonetimi/Kullanici Tanimlari/Sil" status="PASSED">
         <system-out><![CDATA[2021-11-23 09:58:23 - [TEST_CASE][PASSED] - Test Cases/Case Repository/Firma Yonetimi/Yetki Yonetimi/Kullanici Tanimlari/Sil: Test Cases/Case Repository/Firma Yonetimi/Yetki Yonetimi/Kullanici Tanimlari/Sil

2021-11-23 09:58:23 - [TEST_STEP][PASSED] - Start listener action : sampleBeforeTestSuite: Invoke 'com.kms.katalon.core.annotation.BeforeTestCase' method: 'Listener.sampleBeforeTestSuite(...)' completed.

2021-11-23 09:58:23 - [MESSAGE][INFO] - Starting invoke 'com.kms.katalon.core.annotation.BeforeTestCase' method: 'Listener.sampleBeforeTestSuite(...)'

2021-11-23 09:58:23 - [TEST_STEP][PASSED] - openBrowser(baseUrl): Browser is opened with url: 'https://efatura-stage.elogo.com.tr/'

2021-11-23 09:58:23 - [MESSAGE][INFO] - Opening browser

2021-11-23 09:58:23 - [MESSAGE][INFO] - Starting 'Chrome' driver

2021-11-23 09:58:23 - [MESSAGE][INFO] - User set preference: ['prefs', '{download.default_directory=C:\otomasyondownfiles}']

2021-11-23 09:58:23 - [MESSAGE][INFO] - Action delay is set to 0 milliseconds

2021-11-23 09:58:25 - [MESSAGE][INFO] - Navigating browser to: 'https://efatura-stage.elogo.com.tr/'

2021-11-23 09:58:30 - [MESSAGE][PASSED] - Browser is opened with url: 'https://efatura-stage.elogo.com.tr/'

2021-11-23 09:58:30 - [TEST_STEP][PASSED] - maximizeWindow(): Invoke 'com.kms.katalon.core.annotation.BeforeTestCase' method: 'Listener.sampleBeforeTestSuite(...)' completed.

2021-11-23 09:58:30 - [MESSAGE][INFO] - Maximizing current window

2021-11-23 09:58:30 - [MESSAGE][PASSED] - Current window maximized

2021-11-23 09:58:30 - [MESSAGE][INFO] - Invoke 'com.kms.katalon.core.annotation.BeforeTestCase' method: 'Listener.sampleBeforeTestSuite(...)' completed.

2021-11-23 09:58:30 - [TEST_STEP][PASSED] - runFeatureFile("Include/features/Firma Yonetimi/Yetki Yonetimi/Kullanici Tanimlari/Sil.feature"): Feature file: 'Include/features/Firma Yonetimi/Yetki Yonetimi/Kullanici Tanimlari/Sil.feature' was passed

2021-11-23 09:58:30 - [MESSAGE][INFO] - Starting run keyword runFeatureFile: 'Include/features/Firma Yonetimi/Yetki Yonetimi/Kullanici Tanimlari/Sil.feature' and extract report to folder: 'C:\Users\DELL\Documents\GitHub\EES_KatalonLogo\Reports\20211123_091110\Suite Repository\Firma_Yonetimi\20211123_091222/cucumber_report/1637650710719'...

2021-11-23 09:58:30 - [MESSAGE][INFO] - Glue: []

2021-11-23 09:58:32 - [MESSAGE][INFO] - Checking called Test Case

2021-11-23 09:58:32 - [MESSAGE][INFO] - Starting to call Test Case 'Test Cases/Sayfalar/Giris_Sayfasi/Login'

2021-11-23 09:58:33 - [TEST_CASE][PASSED] - Test Cases/Sayfalar/Giris_Sayfasi/Login: Test Cases/Sayfalar/Giris_Sayfasi/Login

2021-11-23 09:58:33 - [TEST_STEP][PASSED] - Sayfa_Basligi = getWindowTitle(): Current window's title is: 'LOGO e-Fatura'

2021-11-23 09:58:33 - [MESSAGE][INFO] - Getting current window's title

2021-11-23 09:58:33 - [MESSAGE][PASSED] - Current window's title is: 'LOGO e-Fatura'

2021-11-23 09:58:33 - [TEST_STEP][PASSED] - verifyMatch(Sayfa_Basligi, "LOGO e-Fatura", false): Actual text 'LOGO e-Fatura' and expected text 'LOGO e-Fatura' are matched 

2021-11-23 09:58:33 - [MESSAGE][INFO] - Matching actual text 'LOGO e-Fatura' with expected text 'LOGO e-Fatura'

2021-11-23 09:58:33 - [MESSAGE][PASSED] - Actual text 'LOGO e-Fatura' and expected text 'LOGO e-Fatura' are matched 

2021-11-23 09:58:33 - [TEST_STEP][PASSED] - sendKeys(findTestObject("Sayfalar/Giris_Sayfasi/Firma_Kodu"), KullaniciAdi): Keys 'ELOGO6' sent to object: 'Object Repository/Sayfalar/Giris_Sayfasi/Firma_Kodu'

2021-11-23 09:58:33 - [MESSAGE][INFO] - Finding Test Object 'Object Repository/Sayfalar/Giris_Sayfasi/Firma_Kodu'

2021-11-23 09:58:33 - [MESSAGE][INFO] - Sending keys 'ELOGO6' to object: 'Object Repository/Sayfalar/Giris_Sayfasi/Firma_Kodu'

2021-11-23 09:58:33 - [MESSAGE][INFO] - Finding web element from Test Object's properties

2021-11-23 09:58:33 - [MESSAGE][INFO] - Checking timeout

2021-11-23 09:58:33 - [MESSAGE][INFO] - Finding web element with id: 'Object Repository/Sayfalar/Giris_Sayfasi/Firma_Kodu' located by 'By.xpath: //*[@id = 'AccountName']' in '30' second(s)

2021-11-23 09:58:33 - [MESSAGE][INFO] - Smart Wait Function is triggered

2021-11-23 09:58:33 - [MESSAGE][INFO] - Found 1 web elements with id: 'Object Repository/Sayfalar/Giris_Sayfasi/Firma_Kodu' located by 'By.xpath: //*[@id = 'AccountName']' in '30' second(s)

2021-11-23 09:58:33 - [MESSAGE][PASSED] - Keys 'ELOGO6' sent to object: 'Object Repository/Sayfalar/Giris_Sayfasi/Firma_Kodu'

2021-11-23 09:58:33 - [TEST_STEP][PASSED] - sendKeys(findTestObject("Sayfalar/Giris_Sayfasi/Sifre"), Sifre): Keys '123456' sent to object: 'Object Repository/Sayfalar/Giris_Sayfasi/Sifre'

2021-11-23 09:58:33 - [MESSAGE][INFO] - Finding Test Object 'Object Repository/Sayfalar/Giris_Sayfasi/Sifre'

2021-11-23 09:58:33 - [MESSAGE][INFO] - Sending keys '123456' to object: 'Object Repository/Sayfalar/Giris_Sayfasi/Sifre'

2021-11-23 09:58:33 - [MESSAGE][INFO] - Finding web element from Test Object's properties

2021-11-23 09:58:33 - [MESSAGE][INFO] - Checking timeout

2021-11-23 09:58:33 - [MESSAGE][INFO] - Finding web element with id: 'Object Repository/Sayfalar/Giris_Sayfasi/Sifre' located by 'By.xpath: //*[@id = 'Password']' in '30' second(s)

2021-11-23 09:58:33 - [MESSAGE][INFO] - Smart Wait Function is triggered

2021-11-23 09:58:33 - [MESSAGE][INFO] - Found 1 web elements with id: 'Object Repository/Sayfalar/Giris_Sayfasi/Sifre' located by 'By.xpath: //*[@id = 'Password']' in '30' second(s)

2021-11-23 09:58:34 - [MESSAGE][PASSED] - Keys '123456' sent to object: 'Object Repository/Sayfalar/Giris_Sayfasi/Sifre'

2021-11-23 09:58:34 - [TEST_STEP][PASSED] - findWebElement(findTestObject("Sayfalar/Giris_Sayfasi/Giris_Butonu")).click(): Found 1 web elements with id: 'Object Repository/Sayfalar/Giris_Sayfasi/Giris_Butonu' located by 'By.cssSelector: #btnLogin' in '30' second(s)

2021-11-23 09:58:34 - [MESSAGE][INFO] - Finding Test Object 'Object Repository/Sayfalar/Giris_Sayfasi/Giris_Butonu'

2021-11-23 09:58:34 - [MESSAGE][INFO] - Finding web element from Test Object's properties

2021-11-23 09:58:34 - [MESSAGE][INFO] - Checking timeout

2021-11-23 09:58:34 - [MESSAGE][INFO] - Finding web element with id: 'Object Repository/Sayfalar/Giris_Sayfasi/Giris_Butonu' located by 'By.cssSelector: #btnLogin' in '30' second(s)

2021-11-23 09:58:34 - [MESSAGE][INFO] - Smart Wait Function is triggered

2021-11-23 09:58:34 - [MESSAGE][INFO] - Found 1 web elements with id: 'Object Repository/Sayfalar/Giris_Sayfasi/Giris_Butonu' located by 'By.cssSelector: #btnLogin' in '30' second(s)

2021-11-23 09:58:36 - [TEST_STEP][PASSED] - if (verifyElementPresent(findTestObject("Object Repository/Sayfalar/Giris_Sayfasi/RetveTamam_Butonu"), 5, OPTIONAL)): null

2021-11-23 09:58:36 - [MESSAGE][INFO] - Finding Test Object 'Object Repository/Sayfalar/Giris_Sayfasi/RetveTamam_Butonu'

2021-11-23 09:58:37 - [MESSAGE][INFO] - Checking object

2021-11-23 09:58:37 - [MESSAGE][INFO] - Finding web element from Test Object's properties

2021-11-23 09:58:37 - [MESSAGE][INFO] - Checking timeout

2021-11-23 09:58:37 - [MESSAGE][INFO] - Finding web element with id: 'Object Repository/Sayfalar/Giris_Sayfasi/RetveTamam_Butonu' located by 'By.xpath: //*[@class = 'btn btn-default']' in '5' second(s)

2021-11-23 09:58:37 - [MESSAGE][INFO] - Smart Wait Function is triggered

2021-11-23 09:58:37 - [MESSAGE][INFO] - Found 1 web elements with id: 'Object Repository/Sayfalar/Giris_Sayfasi/RetveTamam_Butonu' located by 'By.xpath: //*[@class = 'btn btn-default']' in '5' second(s)

2021-11-23 09:58:37 - [MESSAGE][PASSED] - Object 'Object Repository/Sayfalar/Giris_Sayfasi/RetveTamam_Butonu' is present

2021-11-23 09:58:37 - [TEST_STEP][PASSED] - click(findTestObject("Object Repository/Sayfalar/Giris_Sayfasi/RetveTamam_Butonu")): Object: 'Object Repository/Sayfalar/Giris_Sayfasi/RetveTamam_Butonu' is clicked on

2021-11-23 09:58:37 - [MESSAGE][INFO] - Finding Test Object 'Object Repository/Sayfalar/Giris_Sayfasi/RetveTamam_Butonu'

2021-11-23 09:58:37 - [MESSAGE][INFO] - Checking object

2021-11-23 09:58:37 - [MESSAGE][INFO] - Finding web element from Test Object's properties

2021-11-23 09:58:37 - [MESSAGE][INFO] - Checking timeout

2021-11-23 09:58:37 - [MESSAGE][INFO] - Finding web element with id: 'Object Repository/Sayfalar/Giris_Sayfasi/RetveTamam_Butonu' located by 'By.xpath: //*[@class = 'btn btn-default']' in '30' second(s)

2021-11-23 09:58:37 - [MESSAGE][INFO] - Smart Wait Function is triggered

2021-11-23 09:58:37 - [MESSAGE][INFO] - Found 1 web elements with id: 'Object Repository/Sayfalar/Giris_Sayfasi/RetveTamam_Butonu' located by 'By.xpath: //*[@class = 'btn btn-default']' in '30' second(s)

2021-11-23 09:58:37 - [MESSAGE][INFO] - Clicking on object: 'Object Repository/Sayfalar/Giris_Sayfasi/RetveTamam_Butonu'

2021-11-23 09:58:37 - [MESSAGE][PASSED] - Object: 'Object Repository/Sayfalar/Giris_Sayfasi/RetveTamam_Butonu' is clicked on

2021-11-23 09:58:37 - [TEST_STEP][PASSED] - click(findTestObject("Object Repository/Sayfalar/Giris_Sayfasi/RetveTamam_Butonu")): Object: 'Object Repository/Sayfalar/Giris_Sayfasi/RetveTamam_Butonu' is clicked on

2021-11-23 09:58:37 - [MESSAGE][INFO] - Finding Test Object 'Object Repository/Sayfalar/Giris_Sayfasi/RetveTamam_Butonu'

2021-11-23 09:58:37 - [MESSAGE][INFO] - Checking object

2021-11-23 09:58:37 - [MESSAGE][INFO] - Finding web element from Test Object's properties

2021-11-23 09:58:37 - [MESSAGE][INFO] - Checking timeout

2021-11-23 09:58:37 - [MESSAGE][INFO] - Finding web element with id: 'Object Repository/Sayfalar/Giris_Sayfasi/RetveTamam_Butonu' located by 'By.xpath: //*[@class = 'btn btn-default']' in '30' second(s)

2021-11-23 09:58:37 - [MESSAGE][INFO] - Smart Wait Function is triggered

2021-11-23 09:58:44 - [MESSAGE][INFO] - Found 1 web elements with id: 'Object Repository/Sayfalar/Giris_Sayfasi/RetveTamam_Butonu' located by 'By.xpath: //*[@class = 'btn btn-default']' in '30' second(s)

2021-11-23 09:58:44 - [MESSAGE][INFO] - Clicking on object: 'Object Repository/Sayfalar/Giris_Sayfasi/RetveTamam_Butonu'

2021-11-23 09:58:44 - [MESSAGE][PASSED] - Object: 'Object Repository/Sayfalar/Giris_Sayfasi/RetveTamam_Butonu' is clicked on

2021-11-23 09:58:44 - [TEST_STEP][PASSED] - if (verifyElementPresent(findTestObject("Sayfalar/Giris_Sayfasi/PopupOK"), 5, OPTIONAL)): null

2021-11-23 09:58:44 - [MESSAGE][INFO] - Finding Test Object 'Object Repository/Sayfalar/Giris_Sayfasi/PopupOK'

2021-11-23 09:58:44 - [MESSAGE][INFO] - Checking object

2021-11-23 09:58:44 - [MESSAGE][INFO] - Finding web element from Test Object's properties

2021-11-23 09:58:44 - [MESSAGE][INFO] - Checking timeout

2021-11-23 09:58:44 - [MESSAGE][INFO] - Finding web element with id: 'Object Repository/Sayfalar/Giris_Sayfasi/PopupOK' located by 'By.cssSelector: .btn.btn-success' in '5' second(s)

2021-11-23 09:58:44 - [MESSAGE][INFO] - Smart Wait Function is triggered

2021-11-23 09:58:45 - [MESSAGE][INFO] - Found 1 web elements with id: 'Object Repository/Sayfalar/Giris_Sayfasi/PopupOK' located by 'By.cssSelector: .btn.btn-success' in '5' second(s)

2021-11-23 09:58:45 - [MESSAGE][PASSED] - Object 'Object Repository/Sayfalar/Giris_Sayfasi/PopupOK' is present

2021-11-23 09:58:45 - [TEST_STEP][PASSED] - click(findTestObject("Object Repository/Sayfalar/Giris_Sayfasi/PopupCarpiGiris")): Object: 'Object Repository/Sayfalar/Giris_Sayfasi/PopupCarpiGiris' is clicked on

2021-11-23 09:58:45 - [MESSAGE][INFO] - Finding Test Object 'Object Repository/Sayfalar/Giris_Sayfasi/PopupCarpiGiris'

2021-11-23 09:58:45 - [MESSAGE][INFO] - Checking object

2021-11-23 09:58:45 - [MESSAGE][INFO] - Finding web element from Test Object's properties

2021-11-23 09:58:45 - [MESSAGE][INFO] - Checking timeout

2021-11-23 09:58:45 - [MESSAGE][INFO] - Finding web element with id: 'Object Repository/Sayfalar/Giris_Sayfasi/PopupCarpiGiris' located by 'By.cssSelector: .bootbox-close-button.close' in '30' second(s)

2021-11-23 09:58:45 - [MESSAGE][INFO] - Smart Wait Function is triggered

2021-11-23 09:58:45 - [MESSAGE][INFO] - Found 1 web elements with id: 'Object Repository/Sayfalar/Giris_Sayfasi/PopupCarpiGiris' located by 'By.cssSelector: .bootbox-close-button.close' in '30' second(s)

2021-11-23 09:58:45 - [MESSAGE][INFO] - Clicking on object: 'Object Repository/Sayfalar/Giris_Sayfasi/PopupCarpiGiris'

2021-11-23 09:58:45 - [MESSAGE][PASSED] - Object: 'Object Repository/Sayfalar/Giris_Sayfasi/PopupCarpiGiris' is clicked on

2021-11-23 09:58:45 - [TEST_STEP][PASSED] - verifyElementVisible(findTestObject("Object Repository/Kullanici_Islemleri/KullaniciIslemleri")): Object 'Object Repository/Kullanici_Islemleri/KullaniciIslemleri' is visible

2021-11-23 09:58:45 - [MESSAGE][INFO] - Finding Test Object 'Object Repository/Kullanici_Islemleri/KullaniciIslemleri'

2021-11-23 09:58:45 - [MESSAGE][INFO] - Checking object

2021-11-23 09:58:45 - [MESSAGE][INFO] - Finding web element from Test Object's properties

2021-11-23 09:58:45 - [MESSAGE][INFO] - Checking timeout

2021-11-23 09:58:45 - [MESSAGE][INFO] - Finding web element with id: 'Object Repository/Kullanici_Islemleri/KullaniciIslemleri' located by 'By.cssSelector: .dropdown>a>img' in '30' second(s)

2021-11-23 09:58:45 - [MESSAGE][INFO] - Smart Wait Function is triggered

2021-11-23 09:58:46 - [MESSAGE][INFO] - Found 1 web elements with id: 'Object Repository/Kullanici_Islemleri/KullaniciIslemleri' located by 'By.cssSelector: .dropdown>a>img' in '30' second(s)

2021-11-23 09:58:46 - [MESSAGE][PASSED] - Object 'Object Repository/Kullanici_Islemleri/KullaniciIslemleri' is visible

2021-11-23 09:58:46 - [MESSAGE][PASSED] - Call Test Case 'Test Cases/Sayfalar/Giris_Sayfasi/Login' successfully

2021-11-23 09:58:46 - [MESSAGE][INFO] - Checking called Test Case

2021-11-23 09:58:46 - [MESSAGE][INFO] - Starting to call Test Case 'Test Cases/Menu/AnaMenuSecimi'

2021-11-23 09:58:46 - [TEST_CASE][PASSED] - Test Cases/Menu/AnaMenuSecimi: Test Cases/Menu/AnaMenuSecimi

2021-11-23 09:58:46 - [TEST_STEP][PASSED] - Method.TextDegerineEsitElementeTikla(findTestObject("Menu/Ana_Menu"), Ana_Menu): Method.TextDegerineEsitElementeTikla is PASSED

2021-11-23 09:58:46 - [MESSAGE][INFO] - Finding Test Object 'Object Repository/Menu/Ana_Menu'

2021-11-23 09:58:46 - [MESSAGE][INFO] - Checking timeout

2021-11-23 09:58:46 - [MESSAGE][INFO] - Finding web element with id: 'Object Repository/Menu/Ana_Menu' located by 'By.xpath: //*[@class = 'dropdown-toggle']' in '10' second(s)

2021-11-23 09:58:46 - [MESSAGE][INFO] - Smart Wait Function is triggered

2021-11-23 09:58:47 - [MESSAGE][INFO] - Found 14 web elements with id: 'Object Repository/Menu/Ana_Menu' located by 'By.xpath: //*[@class = 'dropdown-toggle']' in '10' second(s)

2021-11-23 09:58:47 - [MESSAGE][PASSED] - Method.TextDegerineEsitElementeTikla is PASSED

2021-11-23 09:58:47 - [MESSAGE][PASSED] - Call Test Case 'Test Cases/Menu/AnaMenuSecimi' successfully

2021-11-23 09:58:47 - [MESSAGE][INFO] - Checking called Test Case

2021-11-23 09:58:47 - [MESSAGE][INFO] - Starting to call Test Case 'Test Cases/Menu/AltMenuSecimi'

2021-11-23 09:58:47 - [TEST_CASE][PASSED] - Test Cases/Menu/AltMenuSecimi: Test Cases/Menu/AltMenuSecimi

2021-11-23 09:58:47 - [TEST_STEP][PASSED] - Method.TextDegerineEsitElementeTikla(findTestObject("Menu/Alt_Menu"), Alt_Menu): Method.TextDegerineEsitElementeTikla is PASSED

2021-11-23 09:58:47 - [MESSAGE][INFO] - Finding Test Object 'Object Repository/Menu/Alt_Menu'

2021-11-23 09:58:47 - [MESSAGE][INFO] - Checking timeout

2021-11-23 09:58:47 - [MESSAGE][INFO] - Finding web element with id: 'Object Repository/Menu/Alt_Menu' located by 'By.xpath: //li[@class='dropdown dropdown-large open']//li[@class='dropdown-element']' in '10' second(s)

2021-11-23 09:58:47 - [MESSAGE][INFO] - Smart Wait Function is triggered

2021-11-23 09:58:47 - [MESSAGE][INFO] - Found 1 web elements with id: 'Object Repository/Menu/Alt_Menu' located by 'By.xpath: //li[@class='dropdown dropdown-large open']//li[@class='dropdown-element']' in '10' second(s)

2021-11-23 09:58:49 - [MESSAGE][PASSED] - Method.TextDegerineEsitElementeTikla is PASSED

2021-11-23 09:58:49 - [MESSAGE][PASSED] - Call Test Case 'Test Cases/Menu/AltMenuSecimi' successfully

2021-11-23 09:58:49 - [MESSAGE][INFO] - Checking called Test Case

2021-11-23 09:58:49 - [MESSAGE][INFO] - Starting to call Test Case 'Test Cases/Filtreler/ButonaTikla'

2021-11-23 09:58:49 - [TEST_CASE][PASSED] - Test Cases/Filtreler/ButonaTikla: Test Cases/Filtreler/ButonaTikla

2021-11-23 09:58:49 - [TEST_STEP][PASSED] - Method.TextDegerineEsitElementeTikla(findTestObject("Filtreler/Butonlar"), Filtre_Buton): Method.TextDegerineEsitElementeTikla is PASSED

2021-11-23 09:58:49 - [MESSAGE][INFO] - Finding Test Object 'Object Repository/Filtreler/Butonlar'

2021-11-23 09:58:49 - [MESSAGE][INFO] - Checking timeout

2021-11-23 09:58:49 - [MESSAGE][INFO] - Finding web element with id: 'Object Repository/Filtreler/Butonlar' located by 'By.cssSelector: .dxb>span' in '10' second(s)

2021-11-23 09:58:49 - [MESSAGE][INFO] - Smart Wait Function is triggered

2021-11-23 09:58:50 - [MESSAGE][INFO] - Found 6 web elements with id: 'Object Repository/Filtreler/Butonlar' located by 'By.cssSelector: .dxb>span' in '10' second(s)

2021-11-23 09:58:50 - [MESSAGE][PASSED] - Method.TextDegerineEsitElementeTikla is PASSED

2021-11-23 09:58:50 - [MESSAGE][PASSED] - Call Test Case 'Test Cases/Filtreler/ButonaTikla' successfully

2021-11-23 09:58:50 - [MESSAGE][INFO] - Checking called Test Case

2021-11-23 09:58:50 - [MESSAGE][INFO] - Starting to call Test Case 'Test Cases/Tablo/TablodaVeriVarMi'

2021-11-23 09:58:50 - [TEST_CASE][PASSED] - Test Cases/Tablo/TablodaVeriVarMi: Test Cases/Tablo/TablodaVeriVarMi

2021-11-23 09:58:50 - [TEST_STEP][PASSED] - verifyTextNotPresent("Görüntülenecek veri yok", true): Text 'Görüntülenecek veri yok' is not present on page using regular expression

2021-11-23 09:58:50 - [MESSAGE][INFO] - Checking text present  using regular expression

2021-11-23 09:58:50 - [MESSAGE][INFO] - Smart Wait Function is triggered

2021-11-23 09:58:51 - [MESSAGE][INFO] - Finding text 'Görüntülenecek veri yok' on page  using regular expression

2021-11-23 09:58:51 - [MESSAGE][PASSED] - Text 'Görüntülenecek veri yok' is not present on page using regular expression

2021-11-23 09:58:51 - [MESSAGE][PASSED] - Call Test Case 'Test Cases/Tablo/TablodaVeriVarMi' successfully

2021-11-23 09:58:51 - [MESSAGE][INFO] - Checking called Test Case

2021-11-23 09:58:51 - [MESSAGE][INFO] - Starting to call Test Case 'Test Cases/Tablo/TablodanVeriSec'

2021-11-23 09:58:51 - [TEST_CASE][PASSED] - Test Cases/Tablo/TablodanVeriSec: Test Cases/Tablo/TablodanVeriSec

2021-11-23 09:58:51 - [TEST_STEP][PASSED] - Method.TextDegerineEsitElementinAltindakineTikla(findTestObject("Tablo/Veriler"), findTestObject("Tablo/VerininCheckBoxi"), Veri_Adi): Method.TextDegerineEsitElementinAltindakineTikla is PASSED

2021-11-23 09:58:51 - [MESSAGE][INFO] - Finding Test Object 'Object Repository/Tablo/Veriler'

2021-11-23 09:58:51 - [MESSAGE][INFO] - Finding Test Object 'Object Repository/Tablo/VerininCheckBoxi'

2021-11-23 09:58:51 - [MESSAGE][INFO] - Checking timeout

2021-11-23 09:58:51 - [MESSAGE][INFO] - Finding web element with id: 'Object Repository/Tablo/Veriler' located by 'By.cssSelector: td.dxgv b ,td.dxgv' in '10' second(s)

2021-11-23 09:58:51 - [MESSAGE][INFO] - Smart Wait Function is triggered

2021-11-23 09:58:51 - [MESSAGE][INFO] - Found 62 web elements with id: 'Object Repository/Tablo/Veriler' located by 'By.cssSelector: td.dxgv b ,td.dxgv' in '10' second(s)

2021-11-23 09:58:52 - [MESSAGE][INFO] - Smart Wait Function is triggered

2021-11-23 09:58:52 - [MESSAGE][PASSED] - Method.TextDegerineEsitElementinAltindakineTikla is PASSED

2021-11-23 09:58:52 - [MESSAGE][PASSED] - Call Test Case 'Test Cases/Tablo/TablodanVeriSec' successfully

2021-11-23 09:58:52 - [MESSAGE][INFO] - Checking called Test Case

2021-11-23 09:58:52 - [MESSAGE][INFO] - Starting to call Test Case 'Test Cases/Butonlar/ButonaTikla'

2021-11-23 09:58:52 - [TEST_CASE][PASSED] - Test Cases/Butonlar/ButonaTikla: Test Cases/Butonlar/ButonaTikla

2021-11-23 09:58:52 - [TEST_STEP][PASSED] - Method.TextDegerineEsitElementeTiklaEquals(findTestObject("Butonlar/Butonlar"), Buton_Adi): Method.TextDegerineEsitElementeTiklaEquals is PASSED

2021-11-23 09:58:52 - [MESSAGE][INFO] - Finding Test Object 'Object Repository/Butonlar/Butonlar'

2021-11-23 09:58:52 - [MESSAGE][INFO] - Checking timeout

2021-11-23 09:58:52 - [MESSAGE][INFO] - Finding web element with id: 'Object Repository/Butonlar/Butonlar' located by 'By.cssSelector: .panel.panel-default.text-center.footerPanel .btn,.btn.btn-primary.btnControls' in '10' second(s)

2021-11-23 09:58:52 - [MESSAGE][INFO] - Smart Wait Function is triggered

2021-11-23 09:58:53 - [MESSAGE][INFO] - Found 12 web elements with id: 'Object Repository/Butonlar/Butonlar' located by 'By.cssSelector: .panel.panel-default.text-center.footerPanel .btn,.btn.btn-primary.btnControls' in '10' second(s)

2021-11-23 09:58:53 - [MESSAGE][PASSED] - Method.TextDegerineEsitElementeTiklaEquals is PASSED

2021-11-23 09:58:53 - [MESSAGE][PASSED] - Call Test Case 'Test Cases/Butonlar/ButonaTikla' successfully

2021-11-23 09:58:53 - [MESSAGE][INFO] - Checking called Test Case

2021-11-23 09:58:53 - [MESSAGE][INFO] - Starting to call Test Case 'Test Cases/Popup/PopupButonSecilir'

2021-11-23 09:58:53 - [TEST_CASE][PASSED] - Test Cases/Popup/PopupButonSecilir: Test Cases/Popup/PopupButonSecilir

2021-11-23 09:58:53 - [TEST_STEP][PASSED] - Method.TextDegerineEsitElementeTikla(findTestObject("Popup/Popup_Butons"), Buton): Method.TextDegerineEsitElementeTikla is PASSED

2021-11-23 09:58:53 - [MESSAGE][INFO] - Finding Test Object 'Object Repository/Popup/Popup_Butons'

2021-11-23 09:58:53 - [MESSAGE][INFO] - Checking timeout

2021-11-23 09:58:53 - [MESSAGE][INFO] - Finding web element with id: 'Object Repository/Popup/Popup_Butons' located by 'By.cssSelector: .modal-footer>button' in '10' second(s)

2021-11-23 09:58:53 - [MESSAGE][INFO] - Smart Wait Function is triggered

2021-11-23 09:58:54 - [MESSAGE][INFO] - Found 2 web elements with id: 'Object Repository/Popup/Popup_Butons' located by 'By.cssSelector: .modal-footer>button' in '10' second(s)

2021-11-23 09:58:54 - [MESSAGE][PASSED] - Method.TextDegerineEsitElementeTikla is PASSED

2021-11-23 09:58:54 - [MESSAGE][PASSED] - Call Test Case 'Test Cases/Popup/PopupButonSecilir' successfully

2021-11-23 09:58:54 - [MESSAGE][INFO] - Checking called Test Case

2021-11-23 09:58:54 - [MESSAGE][INFO] - Starting to call Test Case 'Test Cases/Popup/PopupButonSecilir'

2021-11-23 09:58:54 - [TEST_CASE][PASSED] - Test Cases/Popup/PopupButonSecilir: Test Cases/Popup/PopupButonSecilir

2021-11-23 09:58:54 - [TEST_STEP][PASSED] - Method.TextDegerineEsitElementeTikla(findTestObject("Popup/Popup_Butons"), Buton): Method.TextDegerineEsitElementeTikla is PASSED

2021-11-23 09:58:54 - [MESSAGE][INFO] - Finding Test Object 'Object Repository/Popup/Popup_Butons'

2021-11-23 09:58:54 - [MESSAGE][INFO] - Checking timeout

2021-11-23 09:58:54 - [MESSAGE][INFO] - Finding web element with id: 'Object Repository/Popup/Popup_Butons' located by 'By.cssSelector: .modal-footer>button' in '10' second(s)

2021-11-23 09:58:54 - [MESSAGE][INFO] - Smart Wait Function is triggered

2021-11-23 09:58:55 - [MESSAGE][INFO] - Found 1 web elements with id: 'Object Repository/Popup/Popup_Butons' located by 'By.cssSelector: .modal-footer>button' in '10' second(s)

2021-11-23 09:58:55 - [MESSAGE][PASSED] - Method.TextDegerineEsitElementeTikla is PASSED

2021-11-23 09:58:55 - [MESSAGE][PASSED] - Call Test Case 'Test Cases/Popup/PopupButonSecilir' successfully

2021-11-23 09:58:55 - [MESSAGE][INFO] - Checking called Test Case

2021-11-23 09:58:55 - [MESSAGE][INFO] - Starting to call Test Case 'Test Cases/Kullanici_Islemleri/KullaniciIslemlerindenSecimYapilir'

2021-11-23 09:58:55 - [TEST_CASE][PASSED] - Test Cases/Kullanici_Islemleri/KullaniciIslemlerindenSecimYapilir: Test Cases/Kullanici_Islemleri/KullaniciIslemlerindenSecimYapilir

2021-11-23 09:58:55 - [TEST_STEP][PASSED] - waitForElementClickable(findTestObject("Object Repository/Kullanici_Islemleri/KullaniciIslemleri"), 10): Object 'Object Repository/Kullanici_Islemleri/KullaniciIslemleri' is clickable

2021-11-23 09:58:55 - [MESSAGE][INFO] - Finding Test Object 'Object Repository/Kullanici_Islemleri/KullaniciIslemleri'

2021-11-23 09:58:55 - [MESSAGE][INFO] - Checking object

2021-11-23 09:58:55 - [MESSAGE][INFO] - Checking timeout

2021-11-23 09:58:55 - [MESSAGE][INFO] - Finding web element from Test Object's properties

2021-11-23 09:58:55 - [MESSAGE][INFO] - Checking timeout

2021-11-23 09:58:55 - [MESSAGE][INFO] - Finding web element with id: 'Object Repository/Kullanici_Islemleri/KullaniciIslemleri' located by 'By.cssSelector: .dropdown>a>img' in '10' second(s)

2021-11-23 09:58:55 - [MESSAGE][INFO] - Smart Wait Function is triggered

2021-11-23 09:58:56 - [MESSAGE][INFO] - Found 1 web elements with id: 'Object Repository/Kullanici_Islemleri/KullaniciIslemleri' located by 'By.cssSelector: .dropdown>a>img' in '10' second(s)

2021-11-23 09:58:56 - [MESSAGE][PASSED] - Object 'Object Repository/Kullanici_Islemleri/KullaniciIslemleri' is clickable

2021-11-23 09:58:56 - [TEST_STEP][PASSED] - click(findTestObject("Object Repository/Kullanici_Islemleri/KullaniciIslemleri")): Object: 'Object Repository/Kullanici_Islemleri/KullaniciIslemleri' is clicked on

2021-11-23 09:58:56 - [MESSAGE][INFO] - Finding Test Object 'Object Repository/Kullanici_Islemleri/KullaniciIslemleri'

2021-11-23 09:58:56 - [MESSAGE][INFO] - Checking object

2021-11-23 09:58:56 - [MESSAGE][INFO] - Finding web element from Test Object's properties

2021-11-23 09:58:56 - [MESSAGE][INFO] - Checking timeout

2021-11-23 09:58:56 - [MESSAGE][INFO] - Finding web element with id: 'Object Repository/Kullanici_Islemleri/KullaniciIslemleri' located by 'By.cssSelector: .dropdown>a>img' in '30' second(s)

2021-11-23 09:58:56 - [MESSAGE][INFO] - Smart Wait Function is triggered

2021-11-23 09:58:56 - [MESSAGE][INFO] - Found 1 web elements with id: 'Object Repository/Kullanici_Islemleri/KullaniciIslemleri' located by 'By.cssSelector: .dropdown>a>img' in '30' second(s)

2021-11-23 09:58:56 - [MESSAGE][INFO] - Clicking on object: 'Object Repository/Kullanici_Islemleri/KullaniciIslemleri'

2021-11-23 09:58:56 - [MESSAGE][PASSED] - Object: 'Object Repository/Kullanici_Islemleri/KullaniciIslemleri' is clicked on

2021-11-23 09:58:56 - [TEST_STEP][PASSED] - Method.TextDegerineEsitElementeTikla(findTestObject("Object Repository/Kullanici_Islemleri/Secenekler"), Islem): Method.TextDegerineEsitElementeTikla is PASSED

2021-11-23 09:58:56 - [MESSAGE][INFO] - Finding Test Object 'Object Repository/Kullanici_Islemleri/Secenekler'

2021-11-23 09:58:56 - [MESSAGE][INFO] - Checking timeout

2021-11-23 09:58:56 - [MESSAGE][INFO] - Finding web element with id: 'Object Repository/Kullanici_Islemleri/Secenekler' located by 'By.cssSelector: .nav.navbar-nav.navbar-right li a' in '10' second(s)

2021-11-23 09:58:56 - [MESSAGE][INFO] - Smart Wait Function is triggered

2021-11-23 09:58:56 - [MESSAGE][INFO] - Found 22 web elements with id: 'Object Repository/Kullanici_Islemleri/Secenekler' located by 'By.cssSelector: .nav.navbar-nav.navbar-right li a' in '10' second(s)

2021-11-23 09:58:58 - [MESSAGE][PASSED] - Method.TextDegerineEsitElementeTikla is PASSED

2021-11-23 09:58:58 - [TEST_STEP][PASSED] - verifyElementNotPresent(findTestObject("Object Repository/Kullanici_Islemleri/Secenekler"), 10): Web element with id: 'Object Repository/Kullanici_Islemleri/Secenekler' located by 'By.cssSelector: .nav.navbar-nav.navbar-right li a' is not present after '10' second(s)

2021-11-23 09:58:58 - [MESSAGE][INFO] - Finding Test Object 'Object Repository/Kullanici_Islemleri/Secenekler'

2021-11-23 09:58:58 - [MESSAGE][INFO] - Checking object

2021-11-23 09:58:58 - [MESSAGE][INFO] - Checking timeout

2021-11-23 09:58:58 - [MESSAGE][INFO] - Finding web element with id: 'Object Repository/Kullanici_Islemleri/Secenekler' located by 'By.cssSelector: .nav.navbar-nav.navbar-right li a' in '10' second(s)

2021-11-23 09:58:58 - [MESSAGE][INFO] - Smart Wait Function is triggered

2021-11-23 09:58:58 - [MESSAGE][PASSED] - Web element with id: 'Object Repository/Kullanici_Islemleri/Secenekler' located by 'By.cssSelector: .nav.navbar-nav.navbar-right li a' is not present after '10' second(s)

2021-11-23 09:58:58 - [MESSAGE][PASSED] - Call Test Case 'Test Cases/Kullanici_Islemleri/KullaniciIslemlerindenSecimYapilir' successfully

2021-11-23 09:58:58 - [TEST_CASE][PASSED] - Start Test Case : SCENARIO Kullanici silme: SCENARIO Kullanici silme

2021-11-23 09:58:58 - [TEST_STEP][PASSED] - Kullanıcı adı ELOGO6 ve Şifre 123456 olarak giriş yapılır: Kullanıcı adı ELOGO6 ve Şifre 123456 olarak giriş yapılır

2021-11-23 09:58:58 - [MESSAGE][PASSED] - Kullanıcı adı ELOGO6 ve Şifre 123456 olarak giriş yapılır

2021-11-23 09:58:58 - [TEST_STEP][PASSED] - Ana menüden Firma Yönetimi seçilir: Ana menüden Firma Yönetimi seçilir

2021-11-23 09:58:58 - [MESSAGE][PASSED] - Ana menüden Firma Yönetimi seçilir

2021-11-23 09:58:58 - [TEST_STEP][PASSED] - Alt menüden Yetki Yönetimi seçilir: Alt menüden Yetki Yönetimi seçilir

2021-11-23 09:58:58 - [MESSAGE][PASSED] - Alt menüden Yetki Yönetimi seçilir

2021-11-23 09:58:58 - [TEST_STEP][PASSED] - Filtre butonlarından Listele seçilir: Filtre butonlarından Listele seçilir

2021-11-23 09:58:58 - [MESSAGE][PASSED] - Filtre butonlarından Listele seçilir

2021-11-23 09:58:58 - [TEST_STEP][PASSED] - Tabloda veri var mı kontrol edilir: Tabloda veri var mı kontrol edilir

2021-11-23 09:58:58 - [MESSAGE][PASSED] - Tabloda veri var mı kontrol edilir

2021-11-23 09:58:58 - [TEST_STEP][PASSED] - Tablodan VirgosolKullanici isimli veri seçilir: Tablodan VirgosolKullanici isimli veri seçilir

2021-11-23 09:58:58 - [MESSAGE][PASSED] - Tablodan VirgosolKullanici isimli veri seçilir

2021-11-23 09:58:58 - [TEST_STEP][PASSED] - Butonlardan Sil isimli butona tıklanır: Butonlardan Sil isimli butona tıklanır

2021-11-23 09:58:58 - [MESSAGE][PASSED] - Butonlardan Sil isimli butona tıklanır

2021-11-23 09:58:58 - [TEST_STEP][PASSED] - Yönetim popupında Evet seçilir: Yönetim popupında Evet seçilir

2021-11-23 09:58:58 - [MESSAGE][PASSED] - Yönetim popupında Evet seçilir

2021-11-23 09:58:58 - [TEST_STEP][PASSED] - Yönetim popupında Tamam seçilir: Yönetim popupında Tamam seçilir

2021-11-23 09:58:58 - [MESSAGE][PASSED] - Yönetim popupında Tamam seçilir

2021-11-23 09:58:58 - [TEST_STEP][PASSED] - Kullanıcı işlemlerinden Çıkış seçilir: Kullanıcı işlemlerinden Çıkış seçilir

2021-11-23 09:58:58 - [MESSAGE][PASSED] - Kullanıcı işlemlerinden Çıkış seçilir

2021-11-23 09:58:58 - [MESSAGE][PASSED] - Feature file: 'Include/features/Firma Yonetimi/Yetki Yonetimi/Kullanici Tanimlari/Sil.feature' was passed

2021-11-23 09:58:58 - [TEST_STEP][PASSED] - Start listener action : sampleAfterTestSuite: Invoke 'com.kms.katalon.core.annotation.AfterTestCase' method: 'Listener.sampleAfterTestSuite(...)' completed.

2021-11-23 09:58:58 - [MESSAGE][INFO] - Starting invoke 'com.kms.katalon.core.annotation.AfterTestCase' method: 'Listener.sampleAfterTestSuite(...)'

2021-11-23 09:58:58 - [TEST_STEP][PASSED] - closeBrowser(): Invoke 'com.kms.katalon.core.annotation.AfterTestCase' method: 'Listener.sampleAfterTestSuite(...)' completed.

2021-11-23 09:58:58 - [MESSAGE][INFO] - Closing browser

2021-11-23 09:58:59 - [MESSAGE][PASSED] - Browser is closed

2021-11-23 09:58:59 - [MESSAGE][INFO] - Invoke 'com.kms.katalon.core.annotation.AfterTestCase' method: 'Listener.sampleAfterTestSuite(...)' completed.]]></system-out>
         <system-err><![CDATA[]]></system-err>
      </testcase>
      <testcase name="Test Cases/Case Repository/Firma Yonetimi/Yetki Yonetimi/Rol ve Yetki Tanimlari/Ekran Kontrolu" time="32.282" classname="Test Cases/Case Repository/Firma Yonetimi/Yetki Yonetimi/Rol ve Yetki Tanimlari/Ekran Kontrolu" status="PASSED">
         <system-out><![CDATA[2021-11-23 09:58:59 - [TEST_CASE][PASSED] - Test Cases/Case Repository/Firma Yonetimi/Yetki Yonetimi/Rol ve Yetki Tanimlari/Ekran Kontrolu: Test Cases/Case Repository/Firma Yonetimi/Yetki Yonetimi/Rol ve Yetki Tanimlari/Ekran Kontrolu

2021-11-23 09:58:59 - [TEST_STEP][PASSED] - Start listener action : sampleBeforeTestSuite: Invoke 'com.kms.katalon.core.annotation.BeforeTestCase' method: 'Listener.sampleBeforeTestSuite(...)' completed.

2021-11-23 09:58:59 - [MESSAGE][INFO] - Starting invoke 'com.kms.katalon.core.annotation.BeforeTestCase' method: 'Listener.sampleBeforeTestSuite(...)'

2021-11-23 09:58:59 - [TEST_STEP][PASSED] - openBrowser(baseUrl): Browser is opened with url: 'https://efatura-stage.elogo.com.tr/'

2021-11-23 09:58:59 - [MESSAGE][INFO] - Opening browser

2021-11-23 09:58:59 - [MESSAGE][INFO] - Starting 'Chrome' driver

2021-11-23 09:58:59 - [MESSAGE][INFO] - User set preference: ['prefs', '{download.default_directory=C:\otomasyondownfiles}']

2021-11-23 09:58:59 - [MESSAGE][INFO] - Action delay is set to 0 milliseconds

2021-11-23 09:59:01 - [MESSAGE][INFO] - Navigating browser to: 'https://efatura-stage.elogo.com.tr/'

2021-11-23 09:59:04 - [MESSAGE][PASSED] - Browser is opened with url: 'https://efatura-stage.elogo.com.tr/'

2021-11-23 09:59:04 - [TEST_STEP][PASSED] - maximizeWindow(): Invoke 'com.kms.katalon.core.annotation.BeforeTestCase' method: 'Listener.sampleBeforeTestSuite(...)' completed.

2021-11-23 09:59:04 - [MESSAGE][INFO] - Maximizing current window

2021-11-23 09:59:04 - [MESSAGE][PASSED] - Current window maximized

2021-11-23 09:59:04 - [MESSAGE][INFO] - Invoke 'com.kms.katalon.core.annotation.BeforeTestCase' method: 'Listener.sampleBeforeTestSuite(...)' completed.

2021-11-23 09:59:05 - [TEST_STEP][PASSED] - runFeatureFile("Include/features/Firma Yonetimi/Yetki Yonetimi/Rol ve Yetki Tanimlari/Ekran Kontrolu.feature"): Feature file: 'Include/features/Firma Yonetimi/Yetki Yonetimi/Rol ve Yetki Tanimlari/Ekran Kontrolu.feature' was passed

2021-11-23 09:59:05 - [MESSAGE][INFO] - Starting run keyword runFeatureFile: 'Include/features/Firma Yonetimi/Yetki Yonetimi/Rol ve Yetki Tanimlari/Ekran Kontrolu.feature' and extract report to folder: 'C:\Users\DELL\Documents\GitHub\EES_KatalonLogo\Reports\20211123_091110\Suite Repository\Firma_Yonetimi\20211123_091222/cucumber_report/1637650745314'...

2021-11-23 09:59:05 - [MESSAGE][INFO] - Glue: []

2021-11-23 09:59:08 - [MESSAGE][INFO] - Checking called Test Case

2021-11-23 09:59:08 - [MESSAGE][INFO] - Starting to call Test Case 'Test Cases/Sayfalar/Giris_Sayfasi/Login'

2021-11-23 09:59:08 - [TEST_CASE][PASSED] - Test Cases/Sayfalar/Giris_Sayfasi/Login: Test Cases/Sayfalar/Giris_Sayfasi/Login

2021-11-23 09:59:08 - [TEST_STEP][PASSED] - Sayfa_Basligi = getWindowTitle(): Current window's title is: 'LOGO e-Fatura'

2021-11-23 09:59:08 - [MESSAGE][INFO] - Getting current window's title

2021-11-23 09:59:08 - [MESSAGE][PASSED] - Current window's title is: 'LOGO e-Fatura'

2021-11-23 09:59:08 - [TEST_STEP][PASSED] - verifyMatch(Sayfa_Basligi, "LOGO e-Fatura", false): Actual text 'LOGO e-Fatura' and expected text 'LOGO e-Fatura' are matched 

2021-11-23 09:59:08 - [MESSAGE][INFO] - Matching actual text 'LOGO e-Fatura' with expected text 'LOGO e-Fatura'

2021-11-23 09:59:08 - [MESSAGE][PASSED] - Actual text 'LOGO e-Fatura' and expected text 'LOGO e-Fatura' are matched 

2021-11-23 09:59:08 - [TEST_STEP][PASSED] - sendKeys(findTestObject("Sayfalar/Giris_Sayfasi/Firma_Kodu"), KullaniciAdi): Keys 'ELOGO6' sent to object: 'Object Repository/Sayfalar/Giris_Sayfasi/Firma_Kodu'

2021-11-23 09:59:08 - [MESSAGE][INFO] - Finding Test Object 'Object Repository/Sayfalar/Giris_Sayfasi/Firma_Kodu'

2021-11-23 09:59:08 - [MESSAGE][INFO] - Sending keys 'ELOGO6' to object: 'Object Repository/Sayfalar/Giris_Sayfasi/Firma_Kodu'

2021-11-23 09:59:08 - [MESSAGE][INFO] - Finding web element from Test Object's properties

2021-11-23 09:59:08 - [MESSAGE][INFO] - Checking timeout

2021-11-23 09:59:08 - [MESSAGE][INFO] - Finding web element with id: 'Object Repository/Sayfalar/Giris_Sayfasi/Firma_Kodu' located by 'By.xpath: //*[@id = 'AccountName']' in '30' second(s)

2021-11-23 09:59:08 - [MESSAGE][INFO] - Smart Wait Function is triggered

2021-11-23 09:59:08 - [MESSAGE][INFO] - Found 1 web elements with id: 'Object Repository/Sayfalar/Giris_Sayfasi/Firma_Kodu' located by 'By.xpath: //*[@id = 'AccountName']' in '30' second(s)

2021-11-23 09:59:08 - [MESSAGE][PASSED] - Keys 'ELOGO6' sent to object: 'Object Repository/Sayfalar/Giris_Sayfasi/Firma_Kodu'

2021-11-23 09:59:08 - [TEST_STEP][PASSED] - sendKeys(findTestObject("Sayfalar/Giris_Sayfasi/Sifre"), Sifre): Keys '123456' sent to object: 'Object Repository/Sayfalar/Giris_Sayfasi/Sifre'

2021-11-23 09:59:08 - [MESSAGE][INFO] - Finding Test Object 'Object Repository/Sayfalar/Giris_Sayfasi/Sifre'

2021-11-23 09:59:08 - [MESSAGE][INFO] - Sending keys '123456' to object: 'Object Repository/Sayfalar/Giris_Sayfasi/Sifre'

2021-11-23 09:59:08 - [MESSAGE][INFO] - Finding web element from Test Object's properties

2021-11-23 09:59:08 - [MESSAGE][INFO] - Checking timeout

2021-11-23 09:59:08 - [MESSAGE][INFO] - Finding web element with id: 'Object Repository/Sayfalar/Giris_Sayfasi/Sifre' located by 'By.xpath: //*[@id = 'Password']' in '30' second(s)

2021-11-23 09:59:08 - [MESSAGE][INFO] - Smart Wait Function is triggered

2021-11-23 09:59:09 - [MESSAGE][INFO] - Found 1 web elements with id: 'Object Repository/Sayfalar/Giris_Sayfasi/Sifre' located by 'By.xpath: //*[@id = 'Password']' in '30' second(s)

2021-11-23 09:59:09 - [MESSAGE][PASSED] - Keys '123456' sent to object: 'Object Repository/Sayfalar/Giris_Sayfasi/Sifre'

2021-11-23 09:59:09 - [TEST_STEP][PASSED] - findWebElement(findTestObject("Sayfalar/Giris_Sayfasi/Giris_Butonu")).click(): Found 1 web elements with id: 'Object Repository/Sayfalar/Giris_Sayfasi/Giris_Butonu' located by 'By.cssSelector: #btnLogin' in '30' second(s)

2021-11-23 09:59:09 - [MESSAGE][INFO] - Finding Test Object 'Object Repository/Sayfalar/Giris_Sayfasi/Giris_Butonu'

2021-11-23 09:59:09 - [MESSAGE][INFO] - Finding web element from Test Object's properties

2021-11-23 09:59:09 - [MESSAGE][INFO] - Checking timeout

2021-11-23 09:59:09 - [MESSAGE][INFO] - Finding web element with id: 'Object Repository/Sayfalar/Giris_Sayfasi/Giris_Butonu' located by 'By.cssSelector: #btnLogin' in '30' second(s)

2021-11-23 09:59:09 - [MESSAGE][INFO] - Smart Wait Function is triggered

2021-11-23 09:59:09 - [MESSAGE][INFO] - Found 1 web elements with id: 'Object Repository/Sayfalar/Giris_Sayfasi/Giris_Butonu' located by 'By.cssSelector: #btnLogin' in '30' second(s)

2021-11-23 09:59:13 - [TEST_STEP][PASSED] - if (verifyElementPresent(findTestObject("Object Repository/Sayfalar/Giris_Sayfasi/RetveTamam_Butonu"), 5, OPTIONAL)): null

2021-11-23 09:59:13 - [MESSAGE][INFO] - Finding Test Object 'Object Repository/Sayfalar/Giris_Sayfasi/RetveTamam_Butonu'

2021-11-23 09:59:13 - [MESSAGE][INFO] - Checking object

2021-11-23 09:59:13 - [MESSAGE][INFO] - Finding web element from Test Object's properties

2021-11-23 09:59:13 - [MESSAGE][INFO] - Checking timeout

2021-11-23 09:59:13 - [MESSAGE][INFO] - Finding web element with id: 'Object Repository/Sayfalar/Giris_Sayfasi/RetveTamam_Butonu' located by 'By.xpath: //*[@class = 'btn btn-default']' in '5' second(s)

2021-11-23 09:59:13 - [MESSAGE][INFO] - Smart Wait Function is triggered

2021-11-23 09:59:13 - [MESSAGE][INFO] - Found 1 web elements with id: 'Object Repository/Sayfalar/Giris_Sayfasi/RetveTamam_Butonu' located by 'By.xpath: //*[@class = 'btn btn-default']' in '5' second(s)

2021-11-23 09:59:13 - [MESSAGE][PASSED] - Object 'Object Repository/Sayfalar/Giris_Sayfasi/RetveTamam_Butonu' is present

2021-11-23 09:59:13 - [TEST_STEP][PASSED] - click(findTestObject("Object Repository/Sayfalar/Giris_Sayfasi/RetveTamam_Butonu")): Object: 'Object Repository/Sayfalar/Giris_Sayfasi/RetveTamam_Butonu' is clicked on

2021-11-23 09:59:13 - [MESSAGE][INFO] - Finding Test Object 'Object Repository/Sayfalar/Giris_Sayfasi/RetveTamam_Butonu'

2021-11-23 09:59:13 - [MESSAGE][INFO] - Checking object

2021-11-23 09:59:13 - [MESSAGE][INFO] - Finding web element from Test Object's properties

2021-11-23 09:59:13 - [MESSAGE][INFO] - Checking timeout

2021-11-23 09:59:13 - [MESSAGE][INFO] - Finding web element with id: 'Object Repository/Sayfalar/Giris_Sayfasi/RetveTamam_Butonu' located by 'By.xpath: //*[@class = 'btn btn-default']' in '30' second(s)

2021-11-23 09:59:13 - [MESSAGE][INFO] - Smart Wait Function is triggered

2021-11-23 09:59:13 - [MESSAGE][INFO] - Found 1 web elements with id: 'Object Repository/Sayfalar/Giris_Sayfasi/RetveTamam_Butonu' located by 'By.xpath: //*[@class = 'btn btn-default']' in '30' second(s)

2021-11-23 09:59:13 - [MESSAGE][INFO] - Clicking on object: 'Object Repository/Sayfalar/Giris_Sayfasi/RetveTamam_Butonu'

2021-11-23 09:59:13 - [MESSAGE][PASSED] - Object: 'Object Repository/Sayfalar/Giris_Sayfasi/RetveTamam_Butonu' is clicked on

2021-11-23 09:59:13 - [TEST_STEP][PASSED] - click(findTestObject("Object Repository/Sayfalar/Giris_Sayfasi/RetveTamam_Butonu")): Object: 'Object Repository/Sayfalar/Giris_Sayfasi/RetveTamam_Butonu' is clicked on

2021-11-23 09:59:13 - [MESSAGE][INFO] - Finding Test Object 'Object Repository/Sayfalar/Giris_Sayfasi/RetveTamam_Butonu'

2021-11-23 09:59:14 - [MESSAGE][INFO] - Checking object

2021-11-23 09:59:14 - [MESSAGE][INFO] - Finding web element from Test Object's properties

2021-11-23 09:59:14 - [MESSAGE][INFO] - Checking timeout

2021-11-23 09:59:14 - [MESSAGE][INFO] - Finding web element with id: 'Object Repository/Sayfalar/Giris_Sayfasi/RetveTamam_Butonu' located by 'By.xpath: //*[@class = 'btn btn-default']' in '30' second(s)

2021-11-23 09:59:14 - [MESSAGE][INFO] - Smart Wait Function is triggered

2021-11-23 09:59:18 - [MESSAGE][INFO] - Found 1 web elements with id: 'Object Repository/Sayfalar/Giris_Sayfasi/RetveTamam_Butonu' located by 'By.xpath: //*[@class = 'btn btn-default']' in '30' second(s)

2021-11-23 09:59:18 - [MESSAGE][INFO] - Clicking on object: 'Object Repository/Sayfalar/Giris_Sayfasi/RetveTamam_Butonu'

2021-11-23 09:59:18 - [MESSAGE][PASSED] - Object: 'Object Repository/Sayfalar/Giris_Sayfasi/RetveTamam_Butonu' is clicked on

2021-11-23 09:59:18 - [TEST_STEP][PASSED] - if (verifyElementPresent(findTestObject("Sayfalar/Giris_Sayfasi/PopupOK"), 5, OPTIONAL)): null

2021-11-23 09:59:18 - [MESSAGE][INFO] - Finding Test Object 'Object Repository/Sayfalar/Giris_Sayfasi/PopupOK'

2021-11-23 09:59:18 - [MESSAGE][INFO] - Checking object

2021-11-23 09:59:18 - [MESSAGE][INFO] - Finding web element from Test Object's properties

2021-11-23 09:59:18 - [MESSAGE][INFO] - Checking timeout

2021-11-23 09:59:18 - [MESSAGE][INFO] - Finding web element with id: 'Object Repository/Sayfalar/Giris_Sayfasi/PopupOK' located by 'By.cssSelector: .btn.btn-success' in '5' second(s)

2021-11-23 09:59:18 - [MESSAGE][INFO] - Smart Wait Function is triggered

2021-11-23 09:59:19 - [MESSAGE][INFO] - Found 1 web elements with id: 'Object Repository/Sayfalar/Giris_Sayfasi/PopupOK' located by 'By.cssSelector: .btn.btn-success' in '5' second(s)

2021-11-23 09:59:19 - [MESSAGE][PASSED] - Object 'Object Repository/Sayfalar/Giris_Sayfasi/PopupOK' is present

2021-11-23 09:59:19 - [TEST_STEP][PASSED] - click(findTestObject("Object Repository/Sayfalar/Giris_Sayfasi/PopupCarpiGiris")): Object: 'Object Repository/Sayfalar/Giris_Sayfasi/PopupCarpiGiris' is clicked on

2021-11-23 09:59:19 - [MESSAGE][INFO] - Finding Test Object 'Object Repository/Sayfalar/Giris_Sayfasi/PopupCarpiGiris'

2021-11-23 09:59:19 - [MESSAGE][INFO] - Checking object

2021-11-23 09:59:19 - [MESSAGE][INFO] - Finding web element from Test Object's properties

2021-11-23 09:59:19 - [MESSAGE][INFO] - Checking timeout

2021-11-23 09:59:19 - [MESSAGE][INFO] - Finding web element with id: 'Object Repository/Sayfalar/Giris_Sayfasi/PopupCarpiGiris' located by 'By.cssSelector: .bootbox-close-button.close' in '30' second(s)

2021-11-23 09:59:19 - [MESSAGE][INFO] - Smart Wait Function is triggered

2021-11-23 09:59:19 - [MESSAGE][INFO] - Found 1 web elements with id: 'Object Repository/Sayfalar/Giris_Sayfasi/PopupCarpiGiris' located by 'By.cssSelector: .bootbox-close-button.close' in '30' second(s)

2021-11-23 09:59:19 - [MESSAGE][INFO] - Clicking on object: 'Object Repository/Sayfalar/Giris_Sayfasi/PopupCarpiGiris'

2021-11-23 09:59:19 - [MESSAGE][PASSED] - Object: 'Object Repository/Sayfalar/Giris_Sayfasi/PopupCarpiGiris' is clicked on

2021-11-23 09:59:19 - [TEST_STEP][PASSED] - verifyElementVisible(findTestObject("Object Repository/Kullanici_Islemleri/KullaniciIslemleri")): Object 'Object Repository/Kullanici_Islemleri/KullaniciIslemleri' is visible

2021-11-23 09:59:19 - [MESSAGE][INFO] - Finding Test Object 'Object Repository/Kullanici_Islemleri/KullaniciIslemleri'

2021-11-23 09:59:19 - [MESSAGE][INFO] - Checking object

2021-11-23 09:59:19 - [MESSAGE][INFO] - Finding web element from Test Object's properties

2021-11-23 09:59:19 - [MESSAGE][INFO] - Checking timeout

2021-11-23 09:59:19 - [MESSAGE][INFO] - Finding web element with id: 'Object Repository/Kullanici_Islemleri/KullaniciIslemleri' located by 'By.cssSelector: .dropdown>a>img' in '30' second(s)

2021-11-23 09:59:19 - [MESSAGE][INFO] - Smart Wait Function is triggered

2021-11-23 09:59:20 - [MESSAGE][INFO] - Found 1 web elements with id: 'Object Repository/Kullanici_Islemleri/KullaniciIslemleri' located by 'By.cssSelector: .dropdown>a>img' in '30' second(s)

2021-11-23 09:59:20 - [MESSAGE][PASSED] - Object 'Object Repository/Kullanici_Islemleri/KullaniciIslemleri' is visible

2021-11-23 09:59:20 - [MESSAGE][PASSED] - Call Test Case 'Test Cases/Sayfalar/Giris_Sayfasi/Login' successfully

2021-11-23 09:59:20 - [MESSAGE][INFO] - Checking called Test Case

2021-11-23 09:59:20 - [MESSAGE][INFO] - Starting to call Test Case 'Test Cases/Menu/AnaMenuSecimi'

2021-11-23 09:59:20 - [TEST_CASE][PASSED] - Test Cases/Menu/AnaMenuSecimi: Test Cases/Menu/AnaMenuSecimi

2021-11-23 09:59:20 - [TEST_STEP][PASSED] - Method.TextDegerineEsitElementeTikla(findTestObject("Menu/Ana_Menu"), Ana_Menu): Method.TextDegerineEsitElementeTikla is PASSED

2021-11-23 09:59:20 - [MESSAGE][INFO] - Finding Test Object 'Object Repository/Menu/Ana_Menu'

2021-11-23 09:59:20 - [MESSAGE][INFO] - Checking timeout

2021-11-23 09:59:20 - [MESSAGE][INFO] - Finding web element with id: 'Object Repository/Menu/Ana_Menu' located by 'By.xpath: //*[@class = 'dropdown-toggle']' in '10' second(s)

2021-11-23 09:59:20 - [MESSAGE][INFO] - Smart Wait Function is triggered

2021-11-23 09:59:20 - [MESSAGE][INFO] - Found 14 web elements with id: 'Object Repository/Menu/Ana_Menu' located by 'By.xpath: //*[@class = 'dropdown-toggle']' in '10' second(s)

2021-11-23 09:59:21 - [MESSAGE][PASSED] - Method.TextDegerineEsitElementeTikla is PASSED

2021-11-23 09:59:21 - [MESSAGE][PASSED] - Call Test Case 'Test Cases/Menu/AnaMenuSecimi' successfully

2021-11-23 09:59:21 - [MESSAGE][INFO] - Checking called Test Case

2021-11-23 09:59:21 - [MESSAGE][INFO] - Starting to call Test Case 'Test Cases/Menu/AltMenuSecimi'

2021-11-23 09:59:21 - [TEST_CASE][PASSED] - Test Cases/Menu/AltMenuSecimi: Test Cases/Menu/AltMenuSecimi

2021-11-23 09:59:21 - [TEST_STEP][PASSED] - Method.TextDegerineEsitElementeTikla(findTestObject("Menu/Alt_Menu"), Alt_Menu): Method.TextDegerineEsitElementeTikla is PASSED

2021-11-23 09:59:21 - [MESSAGE][INFO] - Finding Test Object 'Object Repository/Menu/Alt_Menu'

2021-11-23 09:59:21 - [MESSAGE][INFO] - Checking timeout

2021-11-23 09:59:21 - [MESSAGE][INFO] - Finding web element with id: 'Object Repository/Menu/Alt_Menu' located by 'By.xpath: //li[@class='dropdown dropdown-large open']//li[@class='dropdown-element']' in '10' second(s)

2021-11-23 09:59:21 - [MESSAGE][INFO] - Smart Wait Function is triggered

2021-11-23 09:59:21 - [MESSAGE][INFO] - Found 1 web elements with id: 'Object Repository/Menu/Alt_Menu' located by 'By.xpath: //li[@class='dropdown dropdown-large open']//li[@class='dropdown-element']' in '10' second(s)

2021-11-23 09:59:23 - [MESSAGE][PASSED] - Method.TextDegerineEsitElementeTikla is PASSED

2021-11-23 09:59:23 - [MESSAGE][PASSED] - Call Test Case 'Test Cases/Menu/AltMenuSecimi' successfully

2021-11-23 09:59:23 - [MESSAGE][INFO] - Checking called Test Case

2021-11-23 09:59:23 - [MESSAGE][INFO] - Starting to call Test Case 'Test Cases/Sayfalar/Yetki_Yonetimi/SekmeSecilir'

2021-11-23 09:59:23 - [TEST_CASE][PASSED] - Test Cases/Sayfalar/Yetki_Yonetimi/SekmeSecilir: Test Cases/Sayfalar/Yetki_Yonetimi/SekmeSecilir

2021-11-23 09:59:23 - [TEST_STEP][PASSED] - Method.TextDegerineEsitElementeTikla(findTestObject("Object Repository/Sayfalar/Yetki_Yonetimi/Sekmeler"), Sekme): Method.TextDegerineEsitElementeTikla is PASSED

2021-11-23 09:59:23 - [MESSAGE][INFO] - Finding Test Object 'Object Repository/Sayfalar/Yetki_Yonetimi/Sekmeler'

2021-11-23 09:59:23 - [MESSAGE][INFO] - Checking timeout

2021-11-23 09:59:23 - [MESSAGE][INFO] - Finding web element with id: 'Object Repository/Sayfalar/Yetki_Yonetimi/Sekmeler' located by 'By.cssSelector: #pcFeatures_TC>li[class="dxtc-tab"] span,#pcFeatures_TC>li[class="dxtc-activeTab dxtc-lead"] span' in '10' second(s)

2021-11-23 09:59:23 - [MESSAGE][INFO] - Smart Wait Function is triggered

2021-11-23 09:59:24 - [MESSAGE][INFO] - Found 3 web elements with id: 'Object Repository/Sayfalar/Yetki_Yonetimi/Sekmeler' located by 'By.cssSelector: #pcFeatures_TC>li[class="dxtc-tab"] span,#pcFeatures_TC>li[class="dxtc-activeTab dxtc-lead"] span' in '10' second(s)

2021-11-23 09:59:24 - [MESSAGE][PASSED] - Method.TextDegerineEsitElementeTikla is PASSED

2021-11-23 09:59:24 - [MESSAGE][PASSED] - Call Test Case 'Test Cases/Sayfalar/Yetki_Yonetimi/SekmeSecilir' successfully

2021-11-23 09:59:24 - [MESSAGE][INFO] - Checking called Test Case

2021-11-23 09:59:24 - [MESSAGE][INFO] - Starting to call Test Case 'Test Cases/Filtreler/FiltreVarMi'

2021-11-23 09:59:24 - [TEST_CASE][PASSED] - Test Cases/Filtreler/FiltreVarMi: Test Cases/Filtreler/FiltreVarMi

2021-11-23 09:59:24 - [TEST_STEP][PASSED] - Method.TextDegerineEsitElementVarMi(findTestObject("Filtreler/Basliklar"), Filtre_alan): Method.TextDegerineEsitElementVarMi is PASSED

2021-11-23 09:59:24 - [MESSAGE][INFO] - Finding Test Object 'Object Repository/Filtreler/Basliklar'

2021-11-23 09:59:24 - [MESSAGE][INFO] - Checking timeout

2021-11-23 09:59:24 - [MESSAGE][INFO] - Finding web element with id: 'Object Repository/Filtreler/Basliklar' located by 'By.cssSelector: .control-label.col-sm-4.paddingMarginRLC' in '10' second(s)

2021-11-23 09:59:24 - [MESSAGE][INFO] - Smart Wait Function is triggered

2021-11-23 09:59:24 - [MESSAGE][INFO] - Found 12 web elements with id: 'Object Repository/Filtreler/Basliklar' located by 'By.cssSelector: .control-label.col-sm-4.paddingMarginRLC' in '10' second(s)

2021-11-23 09:59:24 - [MESSAGE][PASSED] - Method.TextDegerineEsitElementVarMi is PASSED

2021-11-23 09:59:24 - [MESSAGE][PASSED] - Call Test Case 'Test Cases/Filtreler/FiltreVarMi' successfully

2021-11-23 09:59:24 - [MESSAGE][INFO] - Checking called Test Case

2021-11-23 09:59:24 - [MESSAGE][INFO] - Starting to call Test Case 'Test Cases/Filtreler/FiltreVarMi'

2021-11-23 09:59:24 - [TEST_CASE][PASSED] - Test Cases/Filtreler/FiltreVarMi: Test Cases/Filtreler/FiltreVarMi

2021-11-23 09:59:24 - [TEST_STEP][PASSED] - Method.TextDegerineEsitElementVarMi(findTestObject("Filtreler/Basliklar"), Filtre_alan): Method.TextDegerineEsitElementVarMi is PASSED

2021-11-23 09:59:24 - [MESSAGE][INFO] - Finding Test Object 'Object Repository/Filtreler/Basliklar'

2021-11-23 09:59:25 - [MESSAGE][INFO] - Checking timeout

2021-11-23 09:59:25 - [MESSAGE][INFO] - Finding web element with id: 'Object Repository/Filtreler/Basliklar' located by 'By.cssSelector: .control-label.col-sm-4.paddingMarginRLC' in '10' second(s)

2021-11-23 09:59:25 - [MESSAGE][INFO] - Smart Wait Function is triggered

2021-11-23 09:59:25 - [MESSAGE][INFO] - Found 12 web elements with id: 'Object Repository/Filtreler/Basliklar' located by 'By.cssSelector: .control-label.col-sm-4.paddingMarginRLC' in '10' second(s)

2021-11-23 09:59:25 - [MESSAGE][PASSED] - Method.TextDegerineEsitElementVarMi is PASSED

2021-11-23 09:59:25 - [MESSAGE][PASSED] - Call Test Case 'Test Cases/Filtreler/FiltreVarMi' successfully

2021-11-23 09:59:25 - [MESSAGE][INFO] - Checking called Test Case

2021-11-23 09:59:25 - [MESSAGE][INFO] - Starting to call Test Case 'Test Cases/Filtreler/ButonVarMi'

2021-11-23 09:59:25 - [TEST_CASE][PASSED] - Test Cases/Filtreler/ButonVarMi: Test Cases/Filtreler/ButonVarMi

2021-11-23 09:59:25 - [TEST_STEP][PASSED] - Method.TextDegerineEsitElementVarMi(findTestObject("Filtreler/Butonlar"), Filtre_Buton): Method.TextDegerineEsitElementVarMi is PASSED

2021-11-23 09:59:25 - [MESSAGE][INFO] - Finding Test Object 'Object Repository/Filtreler/Butonlar'

2021-11-23 09:59:25 - [MESSAGE][INFO] - Checking timeout

2021-11-23 09:59:25 - [MESSAGE][INFO] - Finding web element with id: 'Object Repository/Filtreler/Butonlar' located by 'By.cssSelector: .dxb>span' in '10' second(s)

2021-11-23 09:59:25 - [MESSAGE][INFO] - Smart Wait Function is triggered

2021-11-23 09:59:25 - [MESSAGE][INFO] - Found 6 web elements with id: 'Object Repository/Filtreler/Butonlar' located by 'By.cssSelector: .dxb>span' in '10' second(s)

2021-11-23 09:59:25 - [MESSAGE][PASSED] - Method.TextDegerineEsitElementVarMi is PASSED

2021-11-23 09:59:25 - [MESSAGE][PASSED] - Call Test Case 'Test Cases/Filtreler/ButonVarMi' successfully

2021-11-23 09:59:25 - [MESSAGE][INFO] - Checking called Test Case

2021-11-23 09:59:25 - [MESSAGE][INFO] - Starting to call Test Case 'Test Cases/Filtreler/ButonVarMi'

2021-11-23 09:59:25 - [TEST_CASE][PASSED] - Test Cases/Filtreler/ButonVarMi: Test Cases/Filtreler/ButonVarMi

2021-11-23 09:59:25 - [TEST_STEP][PASSED] - Method.TextDegerineEsitElementVarMi(findTestObject("Filtreler/Butonlar"), Filtre_Buton): Method.TextDegerineEsitElementVarMi is PASSED

2021-11-23 09:59:25 - [MESSAGE][INFO] - Finding Test Object 'Object Repository/Filtreler/Butonlar'

2021-11-23 09:59:25 - [MESSAGE][INFO] - Checking timeout

2021-11-23 09:59:25 - [MESSAGE][INFO] - Finding web element with id: 'Object Repository/Filtreler/Butonlar' located by 'By.cssSelector: .dxb>span' in '10' second(s)

2021-11-23 09:59:25 - [MESSAGE][INFO] - Smart Wait Function is triggered

2021-11-23 09:59:26 - [MESSAGE][INFO] - Found 6 web elements with id: 'Object Repository/Filtreler/Butonlar' located by 'By.cssSelector: .dxb>span' in '10' second(s)

2021-11-23 09:59:26 - [MESSAGE][PASSED] - Method.TextDegerineEsitElementVarMi is PASSED

2021-11-23 09:59:26 - [MESSAGE][PASSED] - Call Test Case 'Test Cases/Filtreler/ButonVarMi' successfully

2021-11-23 09:59:26 - [MESSAGE][INFO] - Checking called Test Case

2021-11-23 09:59:26 - [MESSAGE][INFO] - Starting to call Test Case 'Test Cases/Butonlar/ButonVarMi'

2021-11-23 09:59:26 - [TEST_CASE][PASSED] - Test Cases/Butonlar/ButonVarMi: Test Cases/Butonlar/ButonVarMi

2021-11-23 09:59:26 - [TEST_STEP][PASSED] - Method.TextDegerineEsitElementVarMi(findTestObject("Butonlar/Butonlar"), Buton): Method.TextDegerineEsitElementVarMi is PASSED

2021-11-23 09:59:26 - [MESSAGE][INFO] - Finding Test Object 'Object Repository/Butonlar/Butonlar'

2021-11-23 09:59:26 - [MESSAGE][INFO] - Checking timeout

2021-11-23 09:59:26 - [MESSAGE][INFO] - Finding web element with id: 'Object Repository/Butonlar/Butonlar' located by 'By.cssSelector: .panel.panel-default.text-center.footerPanel .btn,.btn.btn-primary.btnControls' in '10' second(s)

2021-11-23 09:59:26 - [MESSAGE][INFO] - Smart Wait Function is triggered

2021-11-23 09:59:26 - [MESSAGE][INFO] - Found 12 web elements with id: 'Object Repository/Butonlar/Butonlar' located by 'By.cssSelector: .panel.panel-default.text-center.footerPanel .btn,.btn.btn-primary.btnControls' in '10' second(s)

2021-11-23 09:59:26 - [MESSAGE][PASSED] - Method.TextDegerineEsitElementVarMi is PASSED

2021-11-23 09:59:26 - [MESSAGE][PASSED] - Call Test Case 'Test Cases/Butonlar/ButonVarMi' successfully

2021-11-23 09:59:26 - [MESSAGE][INFO] - Checking called Test Case

2021-11-23 09:59:26 - [MESSAGE][INFO] - Starting to call Test Case 'Test Cases/Butonlar/ButonVarMi'

2021-11-23 09:59:26 - [TEST_CASE][PASSED] - Test Cases/Butonlar/ButonVarMi: Test Cases/Butonlar/ButonVarMi

2021-11-23 09:59:26 - [TEST_STEP][PASSED] - Method.TextDegerineEsitElementVarMi(findTestObject("Butonlar/Butonlar"), Buton): Method.TextDegerineEsitElementVarMi is PASSED

2021-11-23 09:59:26 - [MESSAGE][INFO] - Finding Test Object 'Object Repository/Butonlar/Butonlar'

2021-11-23 09:59:26 - [MESSAGE][INFO] - Checking timeout

2021-11-23 09:59:26 - [MESSAGE][INFO] - Finding web element with id: 'Object Repository/Butonlar/Butonlar' located by 'By.cssSelector: .panel.panel-default.text-center.footerPanel .btn,.btn.btn-primary.btnControls' in '10' second(s)

2021-11-23 09:59:26 - [MESSAGE][INFO] - Smart Wait Function is triggered

2021-11-23 09:59:27 - [MESSAGE][INFO] - Found 12 web elements with id: 'Object Repository/Butonlar/Butonlar' located by 'By.cssSelector: .panel.panel-default.text-center.footerPanel .btn,.btn.btn-primary.btnControls' in '10' second(s)

2021-11-23 09:59:27 - [MESSAGE][PASSED] - Method.TextDegerineEsitElementVarMi is PASSED

2021-11-23 09:59:27 - [MESSAGE][PASSED] - Call Test Case 'Test Cases/Butonlar/ButonVarMi' successfully

2021-11-23 09:59:27 - [MESSAGE][INFO] - Checking called Test Case

2021-11-23 09:59:27 - [MESSAGE][INFO] - Starting to call Test Case 'Test Cases/Butonlar/ButonVarMi'

2021-11-23 09:59:27 - [TEST_CASE][PASSED] - Test Cases/Butonlar/ButonVarMi: Test Cases/Butonlar/ButonVarMi

2021-11-23 09:59:27 - [TEST_STEP][PASSED] - Method.TextDegerineEsitElementVarMi(findTestObject("Butonlar/Butonlar"), Buton): Method.TextDegerineEsitElementVarMi is PASSED

2021-11-23 09:59:27 - [MESSAGE][INFO] - Finding Test Object 'Object Repository/Butonlar/Butonlar'

2021-11-23 09:59:27 - [MESSAGE][INFO] - Checking timeout

2021-11-23 09:59:27 - [MESSAGE][INFO] - Finding web element with id: 'Object Repository/Butonlar/Butonlar' located by 'By.cssSelector: .panel.panel-default.text-center.footerPanel .btn,.btn.btn-primary.btnControls' in '10' second(s)

2021-11-23 09:59:27 - [MESSAGE][INFO] - Smart Wait Function is triggered

2021-11-23 09:59:27 - [MESSAGE][INFO] - Found 12 web elements with id: 'Object Repository/Butonlar/Butonlar' located by 'By.cssSelector: .panel.panel-default.text-center.footerPanel .btn,.btn.btn-primary.btnControls' in '10' second(s)

2021-11-23 09:59:27 - [MESSAGE][PASSED] - Method.TextDegerineEsitElementVarMi is PASSED

2021-11-23 09:59:27 - [MESSAGE][PASSED] - Call Test Case 'Test Cases/Butonlar/ButonVarMi' successfully

2021-11-23 09:59:27 - [MESSAGE][INFO] - Checking called Test Case

2021-11-23 09:59:27 - [MESSAGE][INFO] - Starting to call Test Case 'Test Cases/Butonlar/ButonVarMi'

2021-11-23 09:59:27 - [TEST_CASE][PASSED] - Test Cases/Butonlar/ButonVarMi: Test Cases/Butonlar/ButonVarMi

2021-11-23 09:59:27 - [TEST_STEP][PASSED] - Method.TextDegerineEsitElementVarMi(findTestObject("Butonlar/Butonlar"), Buton): Method.TextDegerineEsitElementVarMi is PASSED

2021-11-23 09:59:27 - [MESSAGE][INFO] - Finding Test Object 'Object Repository/Butonlar/Butonlar'

2021-11-23 09:59:27 - [MESSAGE][INFO] - Checking timeout

2021-11-23 09:59:27 - [MESSAGE][INFO] - Finding web element with id: 'Object Repository/Butonlar/Butonlar' located by 'By.cssSelector: .panel.panel-default.text-center.footerPanel .btn,.btn.btn-primary.btnControls' in '10' second(s)

2021-11-23 09:59:27 - [MESSAGE][INFO] - Smart Wait Function is triggered

2021-11-23 09:59:28 - [MESSAGE][INFO] - Found 12 web elements with id: 'Object Repository/Butonlar/Butonlar' located by 'By.cssSelector: .panel.panel-default.text-center.footerPanel .btn,.btn.btn-primary.btnControls' in '10' second(s)

2021-11-23 09:59:28 - [MESSAGE][PASSED] - Method.TextDegerineEsitElementVarMi is PASSED

2021-11-23 09:59:28 - [MESSAGE][PASSED] - Call Test Case 'Test Cases/Butonlar/ButonVarMi' successfully

2021-11-23 09:59:28 - [MESSAGE][INFO] - Checking called Test Case

2021-11-23 09:59:28 - [MESSAGE][INFO] - Starting to call Test Case 'Test Cases/Kullanici_Islemleri/KullaniciIslemlerindenSecimYapilir'

2021-11-23 09:59:28 - [TEST_CASE][PASSED] - Test Cases/Kullanici_Islemleri/KullaniciIslemlerindenSecimYapilir: Test Cases/Kullanici_Islemleri/KullaniciIslemlerindenSecimYapilir

2021-11-23 09:59:28 - [TEST_STEP][PASSED] - waitForElementClickable(findTestObject("Object Repository/Kullanici_Islemleri/KullaniciIslemleri"), 10): Object 'Object Repository/Kullanici_Islemleri/KullaniciIslemleri' is clickable

2021-11-23 09:59:28 - [MESSAGE][INFO] - Finding Test Object 'Object Repository/Kullanici_Islemleri/KullaniciIslemleri'

2021-11-23 09:59:28 - [MESSAGE][INFO] - Checking object

2021-11-23 09:59:28 - [MESSAGE][INFO] - Checking timeout

2021-11-23 09:59:28 - [MESSAGE][INFO] - Finding web element from Test Object's properties

2021-11-23 09:59:28 - [MESSAGE][INFO] - Checking timeout

2021-11-23 09:59:28 - [MESSAGE][INFO] - Finding web element with id: 'Object Repository/Kullanici_Islemleri/KullaniciIslemleri' located by 'By.cssSelector: .dropdown>a>img' in '10' second(s)

2021-11-23 09:59:28 - [MESSAGE][INFO] - Smart Wait Function is triggered

2021-11-23 09:59:28 - [MESSAGE][INFO] - Found 1 web elements with id: 'Object Repository/Kullanici_Islemleri/KullaniciIslemleri' located by 'By.cssSelector: .dropdown>a>img' in '10' second(s)

2021-11-23 09:59:28 - [MESSAGE][PASSED] - Object 'Object Repository/Kullanici_Islemleri/KullaniciIslemleri' is clickable

2021-11-23 09:59:28 - [TEST_STEP][PASSED] - click(findTestObject("Object Repository/Kullanici_Islemleri/KullaniciIslemleri")): Object: 'Object Repository/Kullanici_Islemleri/KullaniciIslemleri' is clicked on

2021-11-23 09:59:28 - [MESSAGE][INFO] - Finding Test Object 'Object Repository/Kullanici_Islemleri/KullaniciIslemleri'

2021-11-23 09:59:28 - [MESSAGE][INFO] - Checking object

2021-11-23 09:59:28 - [MESSAGE][INFO] - Finding web element from Test Object's properties

2021-11-23 09:59:28 - [MESSAGE][INFO] - Checking timeout

2021-11-23 09:59:28 - [MESSAGE][INFO] - Finding web element with id: 'Object Repository/Kullanici_Islemleri/KullaniciIslemleri' located by 'By.cssSelector: .dropdown>a>img' in '30' second(s)

2021-11-23 09:59:28 - [MESSAGE][INFO] - Smart Wait Function is triggered

2021-11-23 09:59:29 - [MESSAGE][INFO] - Found 1 web elements with id: 'Object Repository/Kullanici_Islemleri/KullaniciIslemleri' located by 'By.cssSelector: .dropdown>a>img' in '30' second(s)

2021-11-23 09:59:29 - [MESSAGE][INFO] - Clicking on object: 'Object Repository/Kullanici_Islemleri/KullaniciIslemleri'

2021-11-23 09:59:29 - [MESSAGE][PASSED] - Object: 'Object Repository/Kullanici_Islemleri/KullaniciIslemleri' is clicked on

2021-11-23 09:59:29 - [TEST_STEP][PASSED] - Method.TextDegerineEsitElementeTikla(findTestObject("Object Repository/Kullanici_Islemleri/Secenekler"), Islem): Method.TextDegerineEsitElementeTikla is PASSED

2021-11-23 09:59:29 - [MESSAGE][INFO] - Finding Test Object 'Object Repository/Kullanici_Islemleri/Secenekler'

2021-11-23 09:59:29 - [MESSAGE][INFO] - Checking timeout

2021-11-23 09:59:29 - [MESSAGE][INFO] - Finding web element with id: 'Object Repository/Kullanici_Islemleri/Secenekler' located by 'By.cssSelector: .nav.navbar-nav.navbar-right li a' in '10' second(s)

2021-11-23 09:59:29 - [MESSAGE][INFO] - Smart Wait Function is triggered

2021-11-23 09:59:29 - [MESSAGE][INFO] - Found 22 web elements with id: 'Object Repository/Kullanici_Islemleri/Secenekler' located by 'By.cssSelector: .nav.navbar-nav.navbar-right li a' in '10' second(s)

2021-11-23 09:59:30 - [MESSAGE][PASSED] - Method.TextDegerineEsitElementeTikla is PASSED

2021-11-23 09:59:30 - [TEST_STEP][PASSED] - verifyElementNotPresent(findTestObject("Object Repository/Kullanici_Islemleri/Secenekler"), 10): Web element with id: 'Object Repository/Kullanici_Islemleri/Secenekler' located by 'By.cssSelector: .nav.navbar-nav.navbar-right li a' is not present after '10' second(s)

2021-11-23 09:59:30 - [MESSAGE][INFO] - Finding Test Object 'Object Repository/Kullanici_Islemleri/Secenekler'

2021-11-23 09:59:30 - [MESSAGE][INFO] - Checking object

2021-11-23 09:59:30 - [MESSAGE][INFO] - Checking timeout

2021-11-23 09:59:30 - [MESSAGE][INFO] - Finding web element with id: 'Object Repository/Kullanici_Islemleri/Secenekler' located by 'By.cssSelector: .nav.navbar-nav.navbar-right li a' in '10' second(s)

2021-11-23 09:59:30 - [MESSAGE][INFO] - Smart Wait Function is triggered

2021-11-23 09:59:30 - [MESSAGE][PASSED] - Web element with id: 'Object Repository/Kullanici_Islemleri/Secenekler' located by 'By.cssSelector: .nav.navbar-nav.navbar-right li a' is not present after '10' second(s)

2021-11-23 09:59:30 - [MESSAGE][PASSED] - Call Test Case 'Test Cases/Kullanici_Islemleri/KullaniciIslemlerindenSecimYapilir' successfully

2021-11-23 09:59:30 - [TEST_CASE][PASSED] - Start Test Case : SCENARIO Rol ve Yetki Tanimlari Buton Kontrolu: SCENARIO Rol ve Yetki Tanimlari Buton Kontrolu

2021-11-23 09:59:30 - [TEST_STEP][PASSED] - Kullanıcı adı ELOGO6 ve Şifre 123456 olarak giriş yapılır: Kullanıcı adı ELOGO6 ve Şifre 123456 olarak giriş yapılır

2021-11-23 09:59:30 - [MESSAGE][PASSED] - Kullanıcı adı ELOGO6 ve Şifre 123456 olarak giriş yapılır

2021-11-23 09:59:30 - [TEST_STEP][PASSED] - Ana menüden Firma Yönetimi seçilir: Ana menüden Firma Yönetimi seçilir

2021-11-23 09:59:30 - [MESSAGE][PASSED] - Ana menüden Firma Yönetimi seçilir

2021-11-23 09:59:30 - [TEST_STEP][PASSED] - Alt menüden Yetki Yönetimi seçilir: Alt menüden Yetki Yönetimi seçilir

2021-11-23 09:59:30 - [MESSAGE][PASSED] - Alt menüden Yetki Yönetimi seçilir

2021-11-23 09:59:30 - [TEST_STEP][PASSED] - Sekmelerden Rol ve Yetki Tanımları seçilir: Sekmelerden Rol ve Yetki Tanımları seçilir

2021-11-23 09:59:30 - [MESSAGE][PASSED] - Sekmelerden Rol ve Yetki Tanımları seçilir

2021-11-23 09:59:30 - [TEST_STEP][PASSED] - Filtre alanlarında Rol Adı var mı: Filtre alanlarında Rol Adı var mı

2021-11-23 09:59:30 - [MESSAGE][PASSED] - Filtre alanlarında Rol Adı var mı

2021-11-23 09:59:30 - [TEST_STEP][PASSED] - Filtre alanlarında Rol Açıklaması var mı: Filtre alanlarında Rol Açıklaması var mı

2021-11-23 09:59:30 - [MESSAGE][PASSED] - Filtre alanlarında Rol Açıklaması var mı

2021-11-23 09:59:30 - [TEST_STEP][PASSED] - Filtre butonlarında Listele var mı: Filtre butonlarında Listele var mı

2021-11-23 09:59:30 - [MESSAGE][PASSED] - Filtre butonlarında Listele var mı

2021-11-23 09:59:30 - [TEST_STEP][PASSED] - Filtre butonlarında Temizle var mı: Filtre butonlarında Temizle var mı

2021-11-23 09:59:30 - [MESSAGE][PASSED] - Filtre butonlarında Temizle var mı

2021-11-23 09:59:30 - [TEST_STEP][PASSED] - Butonlardan Rol Ekle var mı: Butonlardan Rol Ekle var mı

2021-11-23 09:59:30 - [MESSAGE][PASSED] - Butonlardan Rol Ekle var mı

2021-11-23 09:59:30 - [TEST_STEP][PASSED] - Butonlardan Değiştir var mı: Butonlardan Değiştir var mı

2021-11-23 09:59:30 - [MESSAGE][PASSED] - Butonlardan Değiştir var mı

2021-11-23 09:59:30 - [TEST_STEP][PASSED] - Butonlardan Sil var mı: Butonlardan Sil var mı

2021-11-23 09:59:30 - [MESSAGE][PASSED] - Butonlardan Sil var mı

2021-11-23 09:59:30 - [TEST_STEP][PASSED] - Butonlardan Yetki Tanımla var mı: Butonlardan Yetki Tanımla var mı

2021-11-23 09:59:30 - [MESSAGE][PASSED] - Butonlardan Yetki Tanımla var mı

2021-11-23 09:59:30 - [TEST_STEP][PASSED] - Kullanıcı işlemlerinden Çıkış seçilir: Kullanıcı işlemlerinden Çıkış seçilir

2021-11-23 09:59:30 - [MESSAGE][PASSED] - Kullanıcı işlemlerinden Çıkış seçilir

2021-11-23 09:59:30 - [MESSAGE][PASSED] - Feature file: 'Include/features/Firma Yonetimi/Yetki Yonetimi/Rol ve Yetki Tanimlari/Ekran Kontrolu.feature' was passed

2021-11-23 09:59:30 - [TEST_STEP][PASSED] - Start listener action : sampleAfterTestSuite: Invoke 'com.kms.katalon.core.annotation.AfterTestCase' method: 'Listener.sampleAfterTestSuite(...)' completed.

2021-11-23 09:59:30 - [MESSAGE][INFO] - Starting invoke 'com.kms.katalon.core.annotation.AfterTestCase' method: 'Listener.sampleAfterTestSuite(...)'

2021-11-23 09:59:30 - [TEST_STEP][PASSED] - closeBrowser(): Invoke 'com.kms.katalon.core.annotation.AfterTestCase' method: 'Listener.sampleAfterTestSuite(...)' completed.

2021-11-23 09:59:31 - [MESSAGE][INFO] - Closing browser

2021-11-23 09:59:31 - [MESSAGE][PASSED] - Browser is closed

2021-11-23 09:59:31 - [MESSAGE][INFO] - Invoke 'com.kms.katalon.core.annotation.AfterTestCase' method: 'Listener.sampleAfterTestSuite(...)' completed.]]></system-out>
         <system-err><![CDATA[]]></system-err>
      </testcase>
      <testcase name="Test Cases/Case Repository/Firma Yonetimi/Yetki Yonetimi/Rol ve Yetki Tanimlari/Rol Ekle" time="40.557" classname="Test Cases/Case Repository/Firma Yonetimi/Yetki Yonetimi/Rol ve Yetki Tanimlari/Rol Ekle" status="PASSED">
         <system-out><![CDATA[2021-11-23 09:59:31 - [TEST_CASE][PASSED] - Test Cases/Case Repository/Firma Yonetimi/Yetki Yonetimi/Rol ve Yetki Tanimlari/Rol Ekle: Test Cases/Case Repository/Firma Yonetimi/Yetki Yonetimi/Rol ve Yetki Tanimlari/Rol Ekle

2021-11-23 09:59:31 - [TEST_STEP][PASSED] - Start listener action : sampleBeforeTestSuite: Invoke 'com.kms.katalon.core.annotation.BeforeTestCase' method: 'Listener.sampleBeforeTestSuite(...)' completed.

2021-11-23 09:59:31 - [MESSAGE][INFO] - Starting invoke 'com.kms.katalon.core.annotation.BeforeTestCase' method: 'Listener.sampleBeforeTestSuite(...)'

2021-11-23 09:59:31 - [TEST_STEP][PASSED] - openBrowser(baseUrl): Browser is opened with url: 'https://efatura-stage.elogo.com.tr/'

2021-11-23 09:59:31 - [MESSAGE][INFO] - Opening browser

2021-11-23 09:59:31 - [MESSAGE][INFO] - Starting 'Chrome' driver

2021-11-23 09:59:31 - [MESSAGE][INFO] - User set preference: ['prefs', '{download.default_directory=C:\otomasyondownfiles}']

2021-11-23 09:59:31 - [MESSAGE][INFO] - Action delay is set to 0 milliseconds

2021-11-23 09:59:33 - [MESSAGE][INFO] - Navigating browser to: 'https://efatura-stage.elogo.com.tr/'

2021-11-23 09:59:36 - [MESSAGE][PASSED] - Browser is opened with url: 'https://efatura-stage.elogo.com.tr/'

2021-11-23 09:59:36 - [TEST_STEP][PASSED] - maximizeWindow(): Invoke 'com.kms.katalon.core.annotation.BeforeTestCase' method: 'Listener.sampleBeforeTestSuite(...)' completed.

2021-11-23 09:59:36 - [MESSAGE][INFO] - Maximizing current window

2021-11-23 09:59:36 - [MESSAGE][PASSED] - Current window maximized

2021-11-23 09:59:36 - [MESSAGE][INFO] - Invoke 'com.kms.katalon.core.annotation.BeforeTestCase' method: 'Listener.sampleBeforeTestSuite(...)' completed.

2021-11-23 09:59:37 - [TEST_STEP][PASSED] - runFeatureFile("Include/features/Firma Yonetimi/Yetki Yonetimi/Rol ve Yetki Tanimlari/Rol Ekle.feature"): Feature file: 'Include/features/Firma Yonetimi/Yetki Yonetimi/Rol ve Yetki Tanimlari/Rol Ekle.feature' was passed

2021-11-23 09:59:37 - [MESSAGE][INFO] - Starting run keyword runFeatureFile: 'Include/features/Firma Yonetimi/Yetki Yonetimi/Rol ve Yetki Tanimlari/Rol Ekle.feature' and extract report to folder: 'C:\Users\DELL\Documents\GitHub\EES_KatalonLogo\Reports\20211123_091110\Suite Repository\Firma_Yonetimi\20211123_091222/cucumber_report/1637650777074'...

2021-11-23 09:59:37 - [MESSAGE][INFO] - Glue: []

2021-11-23 09:59:40 - [MESSAGE][INFO] - Checking called Test Case

2021-11-23 09:59:40 - [MESSAGE][INFO] - Starting to call Test Case 'Test Cases/Sayfalar/Giris_Sayfasi/Login'

2021-11-23 09:59:40 - [TEST_CASE][PASSED] - Test Cases/Sayfalar/Giris_Sayfasi/Login: Test Cases/Sayfalar/Giris_Sayfasi/Login

2021-11-23 09:59:40 - [TEST_STEP][PASSED] - Sayfa_Basligi = getWindowTitle(): Current window's title is: 'LOGO e-Fatura'

2021-11-23 09:59:40 - [MESSAGE][INFO] - Getting current window's title

2021-11-23 09:59:40 - [MESSAGE][PASSED] - Current window's title is: 'LOGO e-Fatura'

2021-11-23 09:59:40 - [TEST_STEP][PASSED] - verifyMatch(Sayfa_Basligi, "LOGO e-Fatura", false): Actual text 'LOGO e-Fatura' and expected text 'LOGO e-Fatura' are matched 

2021-11-23 09:59:40 - [MESSAGE][INFO] - Matching actual text 'LOGO e-Fatura' with expected text 'LOGO e-Fatura'

2021-11-23 09:59:40 - [MESSAGE][PASSED] - Actual text 'LOGO e-Fatura' and expected text 'LOGO e-Fatura' are matched 

2021-11-23 09:59:40 - [TEST_STEP][PASSED] - sendKeys(findTestObject("Sayfalar/Giris_Sayfasi/Firma_Kodu"), KullaniciAdi): Keys 'ELOGO6' sent to object: 'Object Repository/Sayfalar/Giris_Sayfasi/Firma_Kodu'

2021-11-23 09:59:40 - [MESSAGE][INFO] - Finding Test Object 'Object Repository/Sayfalar/Giris_Sayfasi/Firma_Kodu'

2021-11-23 09:59:40 - [MESSAGE][INFO] - Sending keys 'ELOGO6' to object: 'Object Repository/Sayfalar/Giris_Sayfasi/Firma_Kodu'

2021-11-23 09:59:40 - [MESSAGE][INFO] - Finding web element from Test Object's properties

2021-11-23 09:59:40 - [MESSAGE][INFO] - Checking timeout

2021-11-23 09:59:40 - [MESSAGE][INFO] - Finding web element with id: 'Object Repository/Sayfalar/Giris_Sayfasi/Firma_Kodu' located by 'By.xpath: //*[@id = 'AccountName']' in '30' second(s)

2021-11-23 09:59:40 - [MESSAGE][INFO] - Smart Wait Function is triggered

2021-11-23 09:59:40 - [MESSAGE][INFO] - Found 1 web elements with id: 'Object Repository/Sayfalar/Giris_Sayfasi/Firma_Kodu' located by 'By.xpath: //*[@id = 'AccountName']' in '30' second(s)

2021-11-23 09:59:40 - [MESSAGE][PASSED] - Keys 'ELOGO6' sent to object: 'Object Repository/Sayfalar/Giris_Sayfasi/Firma_Kodu'

2021-11-23 09:59:40 - [TEST_STEP][PASSED] - sendKeys(findTestObject("Sayfalar/Giris_Sayfasi/Sifre"), Sifre): Keys '123456' sent to object: 'Object Repository/Sayfalar/Giris_Sayfasi/Sifre'

2021-11-23 09:59:40 - [MESSAGE][INFO] - Finding Test Object 'Object Repository/Sayfalar/Giris_Sayfasi/Sifre'

2021-11-23 09:59:40 - [MESSAGE][INFO] - Sending keys '123456' to object: 'Object Repository/Sayfalar/Giris_Sayfasi/Sifre'

2021-11-23 09:59:40 - [MESSAGE][INFO] - Finding web element from Test Object's properties

2021-11-23 09:59:40 - [MESSAGE][INFO] - Checking timeout

2021-11-23 09:59:40 - [MESSAGE][INFO] - Finding web element with id: 'Object Repository/Sayfalar/Giris_Sayfasi/Sifre' located by 'By.xpath: //*[@id = 'Password']' in '30' second(s)

2021-11-23 09:59:40 - [MESSAGE][INFO] - Smart Wait Function is triggered

2021-11-23 09:59:41 - [MESSAGE][INFO] - Found 1 web elements with id: 'Object Repository/Sayfalar/Giris_Sayfasi/Sifre' located by 'By.xpath: //*[@id = 'Password']' in '30' second(s)

2021-11-23 09:59:41 - [MESSAGE][PASSED] - Keys '123456' sent to object: 'Object Repository/Sayfalar/Giris_Sayfasi/Sifre'

2021-11-23 09:59:41 - [TEST_STEP][PASSED] - findWebElement(findTestObject("Sayfalar/Giris_Sayfasi/Giris_Butonu")).click(): Found 1 web elements with id: 'Object Repository/Sayfalar/Giris_Sayfasi/Giris_Butonu' located by 'By.cssSelector: #btnLogin' in '30' second(s)

2021-11-23 09:59:41 - [MESSAGE][INFO] - Finding Test Object 'Object Repository/Sayfalar/Giris_Sayfasi/Giris_Butonu'

2021-11-23 09:59:41 - [MESSAGE][INFO] - Finding web element from Test Object's properties

2021-11-23 09:59:41 - [MESSAGE][INFO] - Checking timeout

2021-11-23 09:59:41 - [MESSAGE][INFO] - Finding web element with id: 'Object Repository/Sayfalar/Giris_Sayfasi/Giris_Butonu' located by 'By.cssSelector: #btnLogin' in '30' second(s)

2021-11-23 09:59:41 - [MESSAGE][INFO] - Smart Wait Function is triggered

2021-11-23 09:59:41 - [MESSAGE][INFO] - Found 1 web elements with id: 'Object Repository/Sayfalar/Giris_Sayfasi/Giris_Butonu' located by 'By.cssSelector: #btnLogin' in '30' second(s)

2021-11-23 09:59:45 - [TEST_STEP][PASSED] - if (verifyElementPresent(findTestObject("Object Repository/Sayfalar/Giris_Sayfasi/RetveTamam_Butonu"), 5, OPTIONAL)): null

2021-11-23 09:59:45 - [MESSAGE][INFO] - Finding Test Object 'Object Repository/Sayfalar/Giris_Sayfasi/RetveTamam_Butonu'

2021-11-23 09:59:45 - [MESSAGE][INFO] - Checking object

2021-11-23 09:59:45 - [MESSAGE][INFO] - Finding web element from Test Object's properties

2021-11-23 09:59:45 - [MESSAGE][INFO] - Checking timeout

2021-11-23 09:59:45 - [MESSAGE][INFO] - Finding web element with id: 'Object Repository/Sayfalar/Giris_Sayfasi/RetveTamam_Butonu' located by 'By.xpath: //*[@class = 'btn btn-default']' in '5' second(s)

2021-11-23 09:59:45 - [MESSAGE][INFO] - Smart Wait Function is triggered

2021-11-23 09:59:45 - [MESSAGE][INFO] - Found 1 web elements with id: 'Object Repository/Sayfalar/Giris_Sayfasi/RetveTamam_Butonu' located by 'By.xpath: //*[@class = 'btn btn-default']' in '5' second(s)

2021-11-23 09:59:45 - [MESSAGE][PASSED] - Object 'Object Repository/Sayfalar/Giris_Sayfasi/RetveTamam_Butonu' is present

2021-11-23 09:59:45 - [TEST_STEP][PASSED] - click(findTestObject("Object Repository/Sayfalar/Giris_Sayfasi/RetveTamam_Butonu")): Object: 'Object Repository/Sayfalar/Giris_Sayfasi/RetveTamam_Butonu' is clicked on

2021-11-23 09:59:45 - [MESSAGE][INFO] - Finding Test Object 'Object Repository/Sayfalar/Giris_Sayfasi/RetveTamam_Butonu'

2021-11-23 09:59:45 - [MESSAGE][INFO] - Checking object

2021-11-23 09:59:45 - [MESSAGE][INFO] - Finding web element from Test Object's properties

2021-11-23 09:59:45 - [MESSAGE][INFO] - Checking timeout

2021-11-23 09:59:45 - [MESSAGE][INFO] - Finding web element with id: 'Object Repository/Sayfalar/Giris_Sayfasi/RetveTamam_Butonu' located by 'By.xpath: //*[@class = 'btn btn-default']' in '30' second(s)

2021-11-23 09:59:45 - [MESSAGE][INFO] - Smart Wait Function is triggered

2021-11-23 09:59:46 - [MESSAGE][INFO] - Found 1 web elements with id: 'Object Repository/Sayfalar/Giris_Sayfasi/RetveTamam_Butonu' located by 'By.xpath: //*[@class = 'btn btn-default']' in '30' second(s)

2021-11-23 09:59:46 - [MESSAGE][INFO] - Clicking on object: 'Object Repository/Sayfalar/Giris_Sayfasi/RetveTamam_Butonu'

2021-11-23 09:59:46 - [MESSAGE][PASSED] - Object: 'Object Repository/Sayfalar/Giris_Sayfasi/RetveTamam_Butonu' is clicked on

2021-11-23 09:59:46 - [TEST_STEP][PASSED] - click(findTestObject("Object Repository/Sayfalar/Giris_Sayfasi/RetveTamam_Butonu")): Object: 'Object Repository/Sayfalar/Giris_Sayfasi/RetveTamam_Butonu' is clicked on

2021-11-23 09:59:46 - [MESSAGE][INFO] - Finding Test Object 'Object Repository/Sayfalar/Giris_Sayfasi/RetveTamam_Butonu'

2021-11-23 09:59:46 - [MESSAGE][INFO] - Checking object

2021-11-23 09:59:46 - [MESSAGE][INFO] - Finding web element from Test Object's properties

2021-11-23 09:59:46 - [MESSAGE][INFO] - Checking timeout

2021-11-23 09:59:46 - [MESSAGE][INFO] - Finding web element with id: 'Object Repository/Sayfalar/Giris_Sayfasi/RetveTamam_Butonu' located by 'By.xpath: //*[@class = 'btn btn-default']' in '30' second(s)

2021-11-23 09:59:46 - [MESSAGE][INFO] - Smart Wait Function is triggered

2021-11-23 09:59:50 - [MESSAGE][INFO] - Found 1 web elements with id: 'Object Repository/Sayfalar/Giris_Sayfasi/RetveTamam_Butonu' located by 'By.xpath: //*[@class = 'btn btn-default']' in '30' second(s)

2021-11-23 09:59:50 - [MESSAGE][INFO] - Clicking on object: 'Object Repository/Sayfalar/Giris_Sayfasi/RetveTamam_Butonu'

2021-11-23 09:59:50 - [MESSAGE][PASSED] - Object: 'Object Repository/Sayfalar/Giris_Sayfasi/RetveTamam_Butonu' is clicked on

2021-11-23 09:59:50 - [TEST_STEP][PASSED] - if (verifyElementPresent(findTestObject("Sayfalar/Giris_Sayfasi/PopupOK"), 5, OPTIONAL)): null

2021-11-23 09:59:50 - [MESSAGE][INFO] - Finding Test Object 'Object Repository/Sayfalar/Giris_Sayfasi/PopupOK'

2021-11-23 09:59:50 - [MESSAGE][INFO] - Checking object

2021-11-23 09:59:50 - [MESSAGE][INFO] - Finding web element from Test Object's properties

2021-11-23 09:59:50 - [MESSAGE][INFO] - Checking timeout

2021-11-23 09:59:50 - [MESSAGE][INFO] - Finding web element with id: 'Object Repository/Sayfalar/Giris_Sayfasi/PopupOK' located by 'By.cssSelector: .btn.btn-success' in '5' second(s)

2021-11-23 09:59:50 - [MESSAGE][INFO] - Smart Wait Function is triggered

2021-11-23 09:59:50 - [MESSAGE][INFO] - Found 1 web elements with id: 'Object Repository/Sayfalar/Giris_Sayfasi/PopupOK' located by 'By.cssSelector: .btn.btn-success' in '5' second(s)

2021-11-23 09:59:50 - [MESSAGE][PASSED] - Object 'Object Repository/Sayfalar/Giris_Sayfasi/PopupOK' is present

2021-11-23 09:59:50 - [TEST_STEP][PASSED] - click(findTestObject("Object Repository/Sayfalar/Giris_Sayfasi/PopupCarpiGiris")): Object: 'Object Repository/Sayfalar/Giris_Sayfasi/PopupCarpiGiris' is clicked on

2021-11-23 09:59:50 - [MESSAGE][INFO] - Finding Test Object 'Object Repository/Sayfalar/Giris_Sayfasi/PopupCarpiGiris'

2021-11-23 09:59:50 - [MESSAGE][INFO] - Checking object

2021-11-23 09:59:50 - [MESSAGE][INFO] - Finding web element from Test Object's properties

2021-11-23 09:59:50 - [MESSAGE][INFO] - Checking timeout

2021-11-23 09:59:50 - [MESSAGE][INFO] - Finding web element with id: 'Object Repository/Sayfalar/Giris_Sayfasi/PopupCarpiGiris' located by 'By.cssSelector: .bootbox-close-button.close' in '30' second(s)

2021-11-23 09:59:50 - [MESSAGE][INFO] - Smart Wait Function is triggered

2021-11-23 09:59:51 - [MESSAGE][INFO] - Found 1 web elements with id: 'Object Repository/Sayfalar/Giris_Sayfasi/PopupCarpiGiris' located by 'By.cssSelector: .bootbox-close-button.close' in '30' second(s)

2021-11-23 09:59:51 - [MESSAGE][INFO] - Clicking on object: 'Object Repository/Sayfalar/Giris_Sayfasi/PopupCarpiGiris'

2021-11-23 09:59:51 - [MESSAGE][PASSED] - Object: 'Object Repository/Sayfalar/Giris_Sayfasi/PopupCarpiGiris' is clicked on

2021-11-23 09:59:51 - [TEST_STEP][PASSED] - verifyElementVisible(findTestObject("Object Repository/Kullanici_Islemleri/KullaniciIslemleri")): Object 'Object Repository/Kullanici_Islemleri/KullaniciIslemleri' is visible

2021-11-23 09:59:51 - [MESSAGE][INFO] - Finding Test Object 'Object Repository/Kullanici_Islemleri/KullaniciIslemleri'

2021-11-23 09:59:51 - [MESSAGE][INFO] - Checking object

2021-11-23 09:59:51 - [MESSAGE][INFO] - Finding web element from Test Object's properties

2021-11-23 09:59:51 - [MESSAGE][INFO] - Checking timeout

2021-11-23 09:59:51 - [MESSAGE][INFO] - Finding web element with id: 'Object Repository/Kullanici_Islemleri/KullaniciIslemleri' located by 'By.cssSelector: .dropdown>a>img' in '30' second(s)

2021-11-23 09:59:51 - [MESSAGE][INFO] - Smart Wait Function is triggered

2021-11-23 09:59:52 - [MESSAGE][INFO] - Found 1 web elements with id: 'Object Repository/Kullanici_Islemleri/KullaniciIslemleri' located by 'By.cssSelector: .dropdown>a>img' in '30' second(s)

2021-11-23 09:59:52 - [MESSAGE][PASSED] - Object 'Object Repository/Kullanici_Islemleri/KullaniciIslemleri' is visible

2021-11-23 09:59:52 - [MESSAGE][PASSED] - Call Test Case 'Test Cases/Sayfalar/Giris_Sayfasi/Login' successfully

2021-11-23 09:59:52 - [MESSAGE][INFO] - Checking called Test Case

2021-11-23 09:59:52 - [MESSAGE][INFO] - Starting to call Test Case 'Test Cases/Menu/AnaMenuSecimi'

2021-11-23 09:59:52 - [TEST_CASE][PASSED] - Test Cases/Menu/AnaMenuSecimi: Test Cases/Menu/AnaMenuSecimi

2021-11-23 09:59:52 - [TEST_STEP][PASSED] - Method.TextDegerineEsitElementeTikla(findTestObject("Menu/Ana_Menu"), Ana_Menu): Method.TextDegerineEsitElementeTikla is PASSED

2021-11-23 09:59:52 - [MESSAGE][INFO] - Finding Test Object 'Object Repository/Menu/Ana_Menu'

2021-11-23 09:59:52 - [MESSAGE][INFO] - Checking timeout

2021-11-23 09:59:52 - [MESSAGE][INFO] - Finding web element with id: 'Object Repository/Menu/Ana_Menu' located by 'By.xpath: //*[@class = 'dropdown-toggle']' in '10' second(s)

2021-11-23 09:59:52 - [MESSAGE][INFO] - Smart Wait Function is triggered

2021-11-23 09:59:52 - [MESSAGE][INFO] - Found 14 web elements with id: 'Object Repository/Menu/Ana_Menu' located by 'By.xpath: //*[@class = 'dropdown-toggle']' in '10' second(s)

2021-11-23 09:59:52 - [MESSAGE][PASSED] - Method.TextDegerineEsitElementeTikla is PASSED

2021-11-23 09:59:52 - [MESSAGE][PASSED] - Call Test Case 'Test Cases/Menu/AnaMenuSecimi' successfully

2021-11-23 09:59:52 - [MESSAGE][INFO] - Checking called Test Case

2021-11-23 09:59:52 - [MESSAGE][INFO] - Starting to call Test Case 'Test Cases/Menu/AltMenuSecimi'

2021-11-23 09:59:52 - [TEST_CASE][PASSED] - Test Cases/Menu/AltMenuSecimi: Test Cases/Menu/AltMenuSecimi

2021-11-23 09:59:52 - [TEST_STEP][PASSED] - Method.TextDegerineEsitElementeTikla(findTestObject("Menu/Alt_Menu"), Alt_Menu): Method.TextDegerineEsitElementeTikla is PASSED

2021-11-23 09:59:52 - [MESSAGE][INFO] - Finding Test Object 'Object Repository/Menu/Alt_Menu'

2021-11-23 09:59:53 - [MESSAGE][INFO] - Checking timeout

2021-11-23 09:59:53 - [MESSAGE][INFO] - Finding web element with id: 'Object Repository/Menu/Alt_Menu' located by 'By.xpath: //li[@class='dropdown dropdown-large open']//li[@class='dropdown-element']' in '10' second(s)

2021-11-23 09:59:53 - [MESSAGE][INFO] - Smart Wait Function is triggered

2021-11-23 09:59:53 - [MESSAGE][INFO] - Found 1 web elements with id: 'Object Repository/Menu/Alt_Menu' located by 'By.xpath: //li[@class='dropdown dropdown-large open']//li[@class='dropdown-element']' in '10' second(s)

2021-11-23 09:59:55 - [MESSAGE][PASSED] - Method.TextDegerineEsitElementeTikla is PASSED

2021-11-23 09:59:55 - [MESSAGE][PASSED] - Call Test Case 'Test Cases/Menu/AltMenuSecimi' successfully

2021-11-23 09:59:55 - [MESSAGE][INFO] - Checking called Test Case

2021-11-23 09:59:55 - [MESSAGE][INFO] - Starting to call Test Case 'Test Cases/Sayfalar/Yetki_Yonetimi/SekmeSecilir'

2021-11-23 09:59:55 - [TEST_CASE][PASSED] - Test Cases/Sayfalar/Yetki_Yonetimi/SekmeSecilir: Test Cases/Sayfalar/Yetki_Yonetimi/SekmeSecilir

2021-11-23 09:59:55 - [TEST_STEP][PASSED] - Method.TextDegerineEsitElementeTikla(findTestObject("Object Repository/Sayfalar/Yetki_Yonetimi/Sekmeler"), Sekme): Method.TextDegerineEsitElementeTikla is PASSED

2021-11-23 09:59:55 - [MESSAGE][INFO] - Finding Test Object 'Object Repository/Sayfalar/Yetki_Yonetimi/Sekmeler'

2021-11-23 09:59:55 - [MESSAGE][INFO] - Checking timeout

2021-11-23 09:59:55 - [MESSAGE][INFO] - Finding web element with id: 'Object Repository/Sayfalar/Yetki_Yonetimi/Sekmeler' located by 'By.cssSelector: #pcFeatures_TC>li[class="dxtc-tab"] span,#pcFeatures_TC>li[class="dxtc-activeTab dxtc-lead"] span' in '10' second(s)

2021-11-23 09:59:55 - [MESSAGE][INFO] - Smart Wait Function is triggered

2021-11-23 09:59:56 - [MESSAGE][INFO] - Found 3 web elements with id: 'Object Repository/Sayfalar/Yetki_Yonetimi/Sekmeler' located by 'By.cssSelector: #pcFeatures_TC>li[class="dxtc-tab"] span,#pcFeatures_TC>li[class="dxtc-activeTab dxtc-lead"] span' in '10' second(s)

2021-11-23 09:59:56 - [MESSAGE][PASSED] - Method.TextDegerineEsitElementeTikla is PASSED

2021-11-23 09:59:56 - [MESSAGE][PASSED] - Call Test Case 'Test Cases/Sayfalar/Yetki_Yonetimi/SekmeSecilir' successfully

2021-11-23 09:59:56 - [MESSAGE][INFO] - Checking called Test Case

2021-11-23 09:59:56 - [MESSAGE][INFO] - Starting to call Test Case 'Test Cases/Butonlar/ButonaTikla'

2021-11-23 09:59:56 - [TEST_CASE][PASSED] - Test Cases/Butonlar/ButonaTikla: Test Cases/Butonlar/ButonaTikla

2021-11-23 09:59:56 - [TEST_STEP][PASSED] - Method.TextDegerineEsitElementeTiklaEquals(findTestObject("Butonlar/Butonlar"), Buton_Adi): Method.TextDegerineEsitElementeTiklaEquals is PASSED

2021-11-23 09:59:56 - [MESSAGE][INFO] - Finding Test Object 'Object Repository/Butonlar/Butonlar'

2021-11-23 09:59:56 - [MESSAGE][INFO] - Checking timeout

2021-11-23 09:59:56 - [MESSAGE][INFO] - Finding web element with id: 'Object Repository/Butonlar/Butonlar' located by 'By.cssSelector: .panel.panel-default.text-center.footerPanel .btn,.btn.btn-primary.btnControls' in '10' second(s)

2021-11-23 09:59:56 - [MESSAGE][INFO] - Smart Wait Function is triggered

2021-11-23 09:59:56 - [MESSAGE][INFO] - Found 12 web elements with id: 'Object Repository/Butonlar/Butonlar' located by 'By.cssSelector: .panel.panel-default.text-center.footerPanel .btn,.btn.btn-primary.btnControls' in '10' second(s)

2021-11-23 09:59:57 - [MESSAGE][PASSED] - Method.TextDegerineEsitElementeTiklaEquals is PASSED

2021-11-23 09:59:57 - [MESSAGE][PASSED] - Call Test Case 'Test Cases/Butonlar/ButonaTikla' successfully

2021-11-23 09:59:57 - [MESSAGE][INFO] - Checking called Test Case

2021-11-23 09:59:57 - [MESSAGE][INFO] - Starting to call Test Case 'Test Cases/Sayfalar/Yetki_Yonetimi/RolEklenir'

2021-11-23 09:59:57 - [TEST_CASE][PASSED] - Test Cases/Sayfalar/Yetki_Yonetimi/RolEklenir: Test Cases/Sayfalar/Yetki_Yonetimi/RolEklenir

2021-11-23 09:59:58 - [TEST_STEP][PASSED] - switchToFrame(findTestObject("Object Repository/Sayfalar/Yetki_Yonetimi/Rol_Bilgisi/frame"), 10): Switched to iframe: 'Object Repository/Sayfalar/Yetki_Yonetimi/Rol_Bilgisi/frame'

2021-11-23 09:59:58 - [MESSAGE][INFO] - Finding Test Object 'Object Repository/Sayfalar/Yetki_Yonetimi/Rol_Bilgisi/frame'

2021-11-23 09:59:59 - [MESSAGE][INFO] - Switching to iframe: 'Object Repository/Sayfalar/Yetki_Yonetimi/Rol_Bilgisi/frame'

2021-11-23 09:59:59 - [MESSAGE][INFO] - Finding web element from Test Object's properties

2021-11-23 09:59:59 - [MESSAGE][INFO] - Checking timeout

2021-11-23 09:59:59 - [MESSAGE][INFO] - Finding web element with id: 'Object Repository/Sayfalar/Yetki_Yonetimi/Rol_Bilgisi/frame' located by 'By.xpath: //*[@id = 'addrolframe']' in '10' second(s)

2021-11-23 09:59:59 - [MESSAGE][INFO] - Smart Wait Function is triggered

2021-11-23 09:59:59 - [MESSAGE][INFO] - Found 1 web elements with id: 'Object Repository/Sayfalar/Yetki_Yonetimi/Rol_Bilgisi/frame' located by 'By.xpath: //*[@id = 'addrolframe']' in '10' second(s)

2021-11-23 09:59:59 - [MESSAGE][INFO] - Switched to iframe: 'Object Repository/Sayfalar/Yetki_Yonetimi/Rol_Bilgisi/frame'

2021-11-23 09:59:59 - [TEST_STEP][PASSED] - waitForElementPresent(findTestObject("Object Repository/Sayfalar/Yetki_Yonetimi/Rol_Bilgisi/Adi"), 10): Object 'Object Repository/Sayfalar/Yetki_Yonetimi/Rol_Bilgisi/Adi' is present

2021-11-23 09:59:59 - [MESSAGE][INFO] - Finding Test Object 'Object Repository/Sayfalar/Yetki_Yonetimi/Rol_Bilgisi/Adi'

2021-11-23 09:59:59 - [MESSAGE][INFO] - Checking object

2021-11-23 09:59:59 - [MESSAGE][INFO] - Finding web element from Test Object's properties

2021-11-23 09:59:59 - [MESSAGE][INFO] - Checking timeout

2021-11-23 09:59:59 - [MESSAGE][INFO] - Finding web element with id: 'Object Repository/Sayfalar/Yetki_Yonetimi/Rol_Bilgisi/Adi' located by 'By.xpath: //*[@id = 'RoleName_I']' in '10' second(s)

2021-11-23 09:59:59 - [MESSAGE][INFO] - Smart Wait Function is triggered

2021-11-23 09:59:59 - [MESSAGE][INFO] - Found 1 web elements with id: 'Object Repository/Sayfalar/Yetki_Yonetimi/Rol_Bilgisi/Adi' located by 'By.xpath: //*[@id = 'RoleName_I']' in '10' second(s)

2021-11-23 09:59:59 - [MESSAGE][PASSED] - Object 'Object Repository/Sayfalar/Yetki_Yonetimi/Rol_Bilgisi/Adi' is present

2021-11-23 09:59:59 - [TEST_STEP][PASSED] - clearText(findTestObject("Object Repository/Sayfalar/Yetki_Yonetimi/Rol_Bilgisi/Adi")): Text of object 'Object Repository/Sayfalar/Yetki_Yonetimi/Rol_Bilgisi/Adi' is cleared

2021-11-23 09:59:59 - [MESSAGE][INFO] - Finding Test Object 'Object Repository/Sayfalar/Yetki_Yonetimi/Rol_Bilgisi/Adi'

2021-11-23 09:59:59 - [MESSAGE][INFO] - Checking object

2021-11-23 09:59:59 - [MESSAGE][INFO] - Finding web element from Test Object's properties

2021-11-23 09:59:59 - [MESSAGE][INFO] - Checking timeout

2021-11-23 09:59:59 - [MESSAGE][INFO] - Finding web element with id: 'Object Repository/Sayfalar/Yetki_Yonetimi/Rol_Bilgisi/Adi' located by 'By.xpath: //*[@id = 'RoleName_I']' in '30' second(s)

2021-11-23 09:59:59 - [MESSAGE][INFO] - Smart Wait Function is triggered

2021-11-23 09:59:59 - [MESSAGE][INFO] - Found 1 web elements with id: 'Object Repository/Sayfalar/Yetki_Yonetimi/Rol_Bilgisi/Adi' located by 'By.xpath: //*[@id = 'RoleName_I']' in '30' second(s)

2021-11-23 09:59:59 - [MESSAGE][INFO] - Clearing text of object 'Object Repository/Sayfalar/Yetki_Yonetimi/Rol_Bilgisi/Adi'

2021-11-23 09:59:59 - [MESSAGE][PASSED] - Text of object 'Object Repository/Sayfalar/Yetki_Yonetimi/Rol_Bilgisi/Adi' is cleared

2021-11-23 09:59:59 - [TEST_STEP][PASSED] - sendKeys(findTestObject("Object Repository/Sayfalar/Yetki_Yonetimi/Rol_Bilgisi/Adi"), Adi): Keys 'VirgosolRol' sent to object: 'Object Repository/Sayfalar/Yetki_Yonetimi/Rol_Bilgisi/Adi'

2021-11-23 09:59:59 - [MESSAGE][INFO] - Finding Test Object 'Object Repository/Sayfalar/Yetki_Yonetimi/Rol_Bilgisi/Adi'

2021-11-23 09:59:59 - [MESSAGE][INFO] - Sending keys 'VirgosolRol' to object: 'Object Repository/Sayfalar/Yetki_Yonetimi/Rol_Bilgisi/Adi'

2021-11-23 09:59:59 - [MESSAGE][INFO] - Finding web element from Test Object's properties

2021-11-23 09:59:59 - [MESSAGE][INFO] - Checking timeout

2021-11-23 09:59:59 - [MESSAGE][INFO] - Finding web element with id: 'Object Repository/Sayfalar/Yetki_Yonetimi/Rol_Bilgisi/Adi' located by 'By.xpath: //*[@id = 'RoleName_I']' in '30' second(s)

2021-11-23 09:59:59 - [MESSAGE][INFO] - Smart Wait Function is triggered

2021-11-23 10:00:00 - [MESSAGE][INFO] - Found 1 web elements with id: 'Object Repository/Sayfalar/Yetki_Yonetimi/Rol_Bilgisi/Adi' located by 'By.xpath: //*[@id = 'RoleName_I']' in '30' second(s)

2021-11-23 10:00:00 - [MESSAGE][PASSED] - Keys 'VirgosolRol' sent to object: 'Object Repository/Sayfalar/Yetki_Yonetimi/Rol_Bilgisi/Adi'

2021-11-23 10:00:00 - [TEST_STEP][PASSED] - waitForElementPresent(findTestObject("Object Repository/Sayfalar/Yetki_Yonetimi/Rol_Bilgisi/Aciklamasi"), 10): Object 'Object Repository/Sayfalar/Yetki_Yonetimi/Rol_Bilgisi/Aciklamasi' is present

2021-11-23 10:00:00 - [MESSAGE][INFO] - Finding Test Object 'Object Repository/Sayfalar/Yetki_Yonetimi/Rol_Bilgisi/Aciklamasi'

2021-11-23 10:00:00 - [MESSAGE][INFO] - Checking object

2021-11-23 10:00:00 - [MESSAGE][INFO] - Finding web element from Test Object's properties

2021-11-23 10:00:00 - [MESSAGE][INFO] - Checking timeout

2021-11-23 10:00:00 - [MESSAGE][INFO] - Finding web element with id: 'Object Repository/Sayfalar/Yetki_Yonetimi/Rol_Bilgisi/Aciklamasi' located by 'By.xpath: //*[@id = 'RoleDescription_I']' in '10' second(s)

2021-11-23 10:00:00 - [MESSAGE][INFO] - Smart Wait Function is triggered

2021-11-23 10:00:00 - [MESSAGE][INFO] - Found 1 web elements with id: 'Object Repository/Sayfalar/Yetki_Yonetimi/Rol_Bilgisi/Aciklamasi' located by 'By.xpath: //*[@id = 'RoleDescription_I']' in '10' second(s)

2021-11-23 10:00:00 - [MESSAGE][PASSED] - Object 'Object Repository/Sayfalar/Yetki_Yonetimi/Rol_Bilgisi/Aciklamasi' is present

2021-11-23 10:00:00 - [TEST_STEP][PASSED] - clearText(findTestObject("Object Repository/Sayfalar/Yetki_Yonetimi/Rol_Bilgisi/Aciklamasi")): Text of object 'Object Repository/Sayfalar/Yetki_Yonetimi/Rol_Bilgisi/Aciklamasi' is cleared

2021-11-23 10:00:00 - [MESSAGE][INFO] - Finding Test Object 'Object Repository/Sayfalar/Yetki_Yonetimi/Rol_Bilgisi/Aciklamasi'

2021-11-23 10:00:00 - [MESSAGE][INFO] - Checking object

2021-11-23 10:00:00 - [MESSAGE][INFO] - Finding web element from Test Object's properties

2021-11-23 10:00:00 - [MESSAGE][INFO] - Checking timeout

2021-11-23 10:00:00 - [MESSAGE][INFO] - Finding web element with id: 'Object Repository/Sayfalar/Yetki_Yonetimi/Rol_Bilgisi/Aciklamasi' located by 'By.xpath: //*[@id = 'RoleDescription_I']' in '30' second(s)

2021-11-23 10:00:00 - [MESSAGE][INFO] - Smart Wait Function is triggered

2021-11-23 10:00:00 - [MESSAGE][INFO] - Found 1 web elements with id: 'Object Repository/Sayfalar/Yetki_Yonetimi/Rol_Bilgisi/Aciklamasi' located by 'By.xpath: //*[@id = 'RoleDescription_I']' in '30' second(s)

2021-11-23 10:00:00 - [MESSAGE][INFO] - Clearing text of object 'Object Repository/Sayfalar/Yetki_Yonetimi/Rol_Bilgisi/Aciklamasi'

2021-11-23 10:00:00 - [MESSAGE][PASSED] - Text of object 'Object Repository/Sayfalar/Yetki_Yonetimi/Rol_Bilgisi/Aciklamasi' is cleared

2021-11-23 10:00:00 - [TEST_STEP][PASSED] - sendKeys(findTestObject("Object Repository/Sayfalar/Yetki_Yonetimi/Rol_Bilgisi/Aciklamasi"), Aciklamasi): Keys 'Otomasyon' sent to object: 'Object Repository/Sayfalar/Yetki_Yonetimi/Rol_Bilgisi/Aciklamasi'

2021-11-23 10:00:00 - [MESSAGE][INFO] - Finding Test Object 'Object Repository/Sayfalar/Yetki_Yonetimi/Rol_Bilgisi/Aciklamasi'

2021-11-23 10:00:00 - [MESSAGE][INFO] - Sending keys 'Otomasyon' to object: 'Object Repository/Sayfalar/Yetki_Yonetimi/Rol_Bilgisi/Aciklamasi'

2021-11-23 10:00:00 - [MESSAGE][INFO] - Finding web element from Test Object's properties

2021-11-23 10:00:00 - [MESSAGE][INFO] - Checking timeout

2021-11-23 10:00:00 - [MESSAGE][INFO] - Finding web element with id: 'Object Repository/Sayfalar/Yetki_Yonetimi/Rol_Bilgisi/Aciklamasi' located by 'By.xpath: //*[@id = 'RoleDescription_I']' in '30' second(s)

2021-11-23 10:00:00 - [MESSAGE][INFO] - Smart Wait Function is triggered

2021-11-23 10:00:00 - [MESSAGE][INFO] - Found 1 web elements with id: 'Object Repository/Sayfalar/Yetki_Yonetimi/Rol_Bilgisi/Aciklamasi' located by 'By.xpath: //*[@id = 'RoleDescription_I']' in '30' second(s)

2021-11-23 10:00:01 - [MESSAGE][PASSED] - Keys 'Otomasyon' sent to object: 'Object Repository/Sayfalar/Yetki_Yonetimi/Rol_Bilgisi/Aciklamasi'

2021-11-23 10:00:01 - [TEST_STEP][PASSED] - waitForElementClickable(findTestObject("Object Repository/Sayfalar/Yetki_Yonetimi/Rol_Bilgisi/Kaydet"), 10): Object 'Object Repository/Sayfalar/Yetki_Yonetimi/Rol_Bilgisi/Kaydet' is clickable

2021-11-23 10:00:01 - [MESSAGE][INFO] - Finding Test Object 'Object Repository/Sayfalar/Yetki_Yonetimi/Rol_Bilgisi/Kaydet'

2021-11-23 10:00:01 - [MESSAGE][INFO] - Checking object

2021-11-23 10:00:01 - [MESSAGE][INFO] - Checking timeout

2021-11-23 10:00:01 - [MESSAGE][INFO] - Finding web element from Test Object's properties

2021-11-23 10:00:01 - [MESSAGE][INFO] - Checking timeout

2021-11-23 10:00:01 - [MESSAGE][INFO] - Finding web element with id: 'Object Repository/Sayfalar/Yetki_Yonetimi/Rol_Bilgisi/Kaydet' located by 'By.cssSelector: #btnSaveRole_CD>span' in '10' second(s)

2021-11-23 10:00:01 - [MESSAGE][INFO] - Smart Wait Function is triggered

2021-11-23 10:00:01 - [MESSAGE][INFO] - Found 1 web elements with id: 'Object Repository/Sayfalar/Yetki_Yonetimi/Rol_Bilgisi/Kaydet' located by 'By.cssSelector: #btnSaveRole_CD>span' in '10' second(s)

2021-11-23 10:00:01 - [MESSAGE][PASSED] - Object 'Object Repository/Sayfalar/Yetki_Yonetimi/Rol_Bilgisi/Kaydet' is clickable

2021-11-23 10:00:01 - [TEST_STEP][PASSED] - click(findTestObject("Object Repository/Sayfalar/Yetki_Yonetimi/Rol_Bilgisi/Kaydet")): Object: 'Object Repository/Sayfalar/Yetki_Yonetimi/Rol_Bilgisi/Kaydet' is clicked on

2021-11-23 10:00:01 - [MESSAGE][INFO] - Finding Test Object 'Object Repository/Sayfalar/Yetki_Yonetimi/Rol_Bilgisi/Kaydet'

2021-11-23 10:00:01 - [MESSAGE][INFO] - Checking object

2021-11-23 10:00:01 - [MESSAGE][INFO] - Finding web element from Test Object's properties

2021-11-23 10:00:01 - [MESSAGE][INFO] - Checking timeout

2021-11-23 10:00:01 - [MESSAGE][INFO] - Finding web element with id: 'Object Repository/Sayfalar/Yetki_Yonetimi/Rol_Bilgisi/Kaydet' located by 'By.cssSelector: #btnSaveRole_CD>span' in '30' second(s)

2021-11-23 10:00:01 - [MESSAGE][INFO] - Smart Wait Function is triggered

2021-11-23 10:00:01 - [MESSAGE][INFO] - Found 1 web elements with id: 'Object Repository/Sayfalar/Yetki_Yonetimi/Rol_Bilgisi/Kaydet' located by 'By.cssSelector: #btnSaveRole_CD>span' in '30' second(s)

2021-11-23 10:00:01 - [MESSAGE][INFO] - Clicking on object: 'Object Repository/Sayfalar/Yetki_Yonetimi/Rol_Bilgisi/Kaydet'

2021-11-23 10:00:01 - [MESSAGE][PASSED] - Object: 'Object Repository/Sayfalar/Yetki_Yonetimi/Rol_Bilgisi/Kaydet' is clicked on

2021-11-23 10:00:01 - [TEST_STEP][PASSED] - callTestCase(findTestCase("Popup/PopupMesajiIceriyorMu"), ["Mesaj":"Rol kaydı oluşturulmuştur"], STOP_ON_FAILURE): Call Test Case 'Test Cases/Popup/PopupMesajiIceriyorMu' successfully

2021-11-23 10:00:01 - [MESSAGE][INFO] - Checking called Test Case

2021-11-23 10:00:01 - [MESSAGE][INFO] - Starting to call Test Case 'Test Cases/Popup/PopupMesajiIceriyorMu'

2021-11-23 10:00:01 - [TEST_CASE][PASSED] - Test Cases/Popup/PopupMesajiIceriyorMu: Test Cases/Popup/PopupMesajiIceriyorMu

2021-11-23 10:00:01 - [TEST_STEP][PASSED] - waitForElementVisible(findTestObject("Popup/Popup"), 10): Object 'Object Repository/Popup/Popup' is visible

2021-11-23 10:00:01 - [MESSAGE][INFO] - Finding Test Object 'Object Repository/Popup/Popup'

2021-11-23 10:00:01 - [MESSAGE][INFO] - Checking object

2021-11-23 10:00:01 - [MESSAGE][INFO] - Checking timeout

2021-11-23 10:00:01 - [MESSAGE][INFO] - Finding web element from Test Object's properties

2021-11-23 10:00:01 - [MESSAGE][INFO] - Checking timeout

2021-11-23 10:00:01 - [MESSAGE][INFO] - Finding web element with id: 'Object Repository/Popup/Popup' located by 'By.cssSelector: .bootbox-body' in '10' second(s)

2021-11-23 10:00:01 - [MESSAGE][INFO] - Smart Wait Function is triggered

2021-11-23 10:00:01 - [MESSAGE][INFO] - Found 1 web elements with id: 'Object Repository/Popup/Popup' located by 'By.cssSelector: .bootbox-body' in '10' second(s)

2021-11-23 10:00:02 - [MESSAGE][PASSED] - Object 'Object Repository/Popup/Popup' is visible

2021-11-23 10:00:02 - [TEST_STEP][PASSED] - if (!(getText(findTestObject("Popup/Popup")).contains(Mesaj))): Text of object 'Object Repository/Popup/Popup' is: 'Rol kaydı oluşturulmuştur.'

2021-11-23 10:00:02 - [MESSAGE][INFO] - Finding Test Object 'Object Repository/Popup/Popup'

2021-11-23 10:00:02 - [MESSAGE][INFO] - Checking object

2021-11-23 10:00:02 - [MESSAGE][INFO] - Finding web element from Test Object's properties

2021-11-23 10:00:02 - [MESSAGE][INFO] - Checking timeout

2021-11-23 10:00:02 - [MESSAGE][INFO] - Finding web element with id: 'Object Repository/Popup/Popup' located by 'By.cssSelector: .bootbox-body' in '30' second(s)

2021-11-23 10:00:02 - [MESSAGE][INFO] - Smart Wait Function is triggered

2021-11-23 10:00:02 - [MESSAGE][INFO] - Found 1 web elements with id: 'Object Repository/Popup/Popup' located by 'By.cssSelector: .bootbox-body' in '30' second(s)

2021-11-23 10:00:02 - [MESSAGE][INFO] - Getting text of object 'Object Repository/Popup/Popup'

2021-11-23 10:00:02 - [MESSAGE][PASSED] - Text of object 'Object Repository/Popup/Popup' is: 'Rol kaydı oluşturulmuştur.'

2021-11-23 10:00:02 - [TEST_STEP][PASSED] - RaporNo = getText(findTestObject("Popup/Popup")).substring(0, 6): Text of object 'Object Repository/Popup/Popup' is: 'Rol kaydı oluşturulmuştur.'

2021-11-23 10:00:02 - [MESSAGE][INFO] - Finding Test Object 'Object Repository/Popup/Popup'

2021-11-23 10:00:02 - [MESSAGE][INFO] - Checking object

2021-11-23 10:00:02 - [MESSAGE][INFO] - Finding web element from Test Object's properties

2021-11-23 10:00:02 - [MESSAGE][INFO] - Checking timeout

2021-11-23 10:00:02 - [MESSAGE][INFO] - Finding web element with id: 'Object Repository/Popup/Popup' located by 'By.cssSelector: .bootbox-body' in '30' second(s)

2021-11-23 10:00:02 - [MESSAGE][INFO] - Smart Wait Function is triggered

2021-11-23 10:00:02 - [MESSAGE][INFO] - Found 1 web elements with id: 'Object Repository/Popup/Popup' located by 'By.cssSelector: .bootbox-body' in '30' second(s)

2021-11-23 10:00:02 - [MESSAGE][INFO] - Getting text of object 'Object Repository/Popup/Popup'

2021-11-23 10:00:02 - [MESSAGE][PASSED] - Text of object 'Object Repository/Popup/Popup' is: 'Rol kaydı oluşturulmuştur.'

2021-11-23 10:00:02 - [TEST_STEP][PASSED] - Console.println(RaporNo): null

2021-11-23 10:00:02 - [MESSAGE][PASSED] - Call Test Case 'Test Cases/Popup/PopupMesajiIceriyorMu' successfully

2021-11-23 10:00:02 - [TEST_STEP][PASSED] - callTestCase(findTestCase("Popup/PopupButonSecilir"), ["Buton":"Tamam"], STOP_ON_FAILURE): Call Test Case 'Test Cases/Popup/PopupButonSecilir' successfully

2021-11-23 10:00:02 - [MESSAGE][INFO] - Checking called Test Case

2021-11-23 10:00:02 - [MESSAGE][INFO] - Starting to call Test Case 'Test Cases/Popup/PopupButonSecilir'

2021-11-23 10:00:02 - [TEST_CASE][PASSED] - Test Cases/Popup/PopupButonSecilir: Test Cases/Popup/PopupButonSecilir

2021-11-23 10:00:02 - [TEST_STEP][PASSED] - Method.TextDegerineEsitElementeTikla(findTestObject("Popup/Popup_Butons"), Buton): Method.TextDegerineEsitElementeTikla is PASSED

2021-11-23 10:00:02 - [MESSAGE][INFO] - Finding Test Object 'Object Repository/Popup/Popup_Butons'

2021-11-23 10:00:02 - [MESSAGE][INFO] - Checking timeout

2021-11-23 10:00:02 - [MESSAGE][INFO] - Finding web element with id: 'Object Repository/Popup/Popup_Butons' located by 'By.cssSelector: .modal-footer>button' in '10' second(s)

2021-11-23 10:00:02 - [MESSAGE][INFO] - Smart Wait Function is triggered

2021-11-23 10:00:02 - [MESSAGE][INFO] - Found 1 web elements with id: 'Object Repository/Popup/Popup_Butons' located by 'By.cssSelector: .modal-footer>button' in '10' second(s)

2021-11-23 10:00:03 - [MESSAGE][PASSED] - Method.TextDegerineEsitElementeTikla is PASSED

2021-11-23 10:00:03 - [MESSAGE][PASSED] - Call Test Case 'Test Cases/Popup/PopupButonSecilir' successfully

2021-11-23 10:00:03 - [TEST_STEP][PASSED] - switchToDefaultContent(): Switching to default content

2021-11-23 10:00:03 - [MESSAGE][INFO] - Switching to default content

2021-11-23 10:00:03 - [MESSAGE][PASSED] - Call Test Case 'Test Cases/Sayfalar/Yetki_Yonetimi/RolEklenir' successfully

2021-11-23 10:00:03 - [MESSAGE][INFO] - Checking called Test Case

2021-11-23 10:00:03 - [MESSAGE][INFO] - Starting to call Test Case 'Test Cases/Kullanici_Islemleri/KullaniciIslemlerindenSecimYapilir'

2021-11-23 10:00:03 - [TEST_CASE][PASSED] - Test Cases/Kullanici_Islemleri/KullaniciIslemlerindenSecimYapilir: Test Cases/Kullanici_Islemleri/KullaniciIslemlerindenSecimYapilir

2021-11-23 10:00:03 - [TEST_STEP][PASSED] - waitForElementClickable(findTestObject("Object Repository/Kullanici_Islemleri/KullaniciIslemleri"), 10): Object 'Object Repository/Kullanici_Islemleri/KullaniciIslemleri' is clickable

2021-11-23 10:00:03 - [MESSAGE][INFO] - Finding Test Object 'Object Repository/Kullanici_Islemleri/KullaniciIslemleri'

2021-11-23 10:00:03 - [MESSAGE][INFO] - Checking object

2021-11-23 10:00:03 - [MESSAGE][INFO] - Checking timeout

2021-11-23 10:00:03 - [MESSAGE][INFO] - Finding web element from Test Object's properties

2021-11-23 10:00:03 - [MESSAGE][INFO] - Checking timeout

2021-11-23 10:00:03 - [MESSAGE][INFO] - Finding web element with id: 'Object Repository/Kullanici_Islemleri/KullaniciIslemleri' located by 'By.cssSelector: .dropdown>a>img' in '10' second(s)

2021-11-23 10:00:03 - [MESSAGE][INFO] - Smart Wait Function is triggered

2021-11-23 10:00:04 - [MESSAGE][INFO] - Found 1 web elements with id: 'Object Repository/Kullanici_Islemleri/KullaniciIslemleri' located by 'By.cssSelector: .dropdown>a>img' in '10' second(s)

2021-11-23 10:00:04 - [MESSAGE][PASSED] - Object 'Object Repository/Kullanici_Islemleri/KullaniciIslemleri' is clickable

2021-11-23 10:00:04 - [TEST_STEP][PASSED] - click(findTestObject("Object Repository/Kullanici_Islemleri/KullaniciIslemleri")): Object: 'Object Repository/Kullanici_Islemleri/KullaniciIslemleri' is clicked on

2021-11-23 10:00:04 - [MESSAGE][INFO] - Finding Test Object 'Object Repository/Kullanici_Islemleri/KullaniciIslemleri'

2021-11-23 10:00:04 - [MESSAGE][INFO] - Checking object

2021-11-23 10:00:04 - [MESSAGE][INFO] - Finding web element from Test Object's properties

2021-11-23 10:00:04 - [MESSAGE][INFO] - Checking timeout

2021-11-23 10:00:04 - [MESSAGE][INFO] - Finding web element with id: 'Object Repository/Kullanici_Islemleri/KullaniciIslemleri' located by 'By.cssSelector: .dropdown>a>img' in '30' second(s)

2021-11-23 10:00:04 - [MESSAGE][INFO] - Smart Wait Function is triggered

2021-11-23 10:00:06 - [MESSAGE][INFO] - Found 1 web elements with id: 'Object Repository/Kullanici_Islemleri/KullaniciIslemleri' located by 'By.cssSelector: .dropdown>a>img' in '30' second(s)

2021-11-23 10:00:06 - [MESSAGE][INFO] - Clicking on object: 'Object Repository/Kullanici_Islemleri/KullaniciIslemleri'

2021-11-23 10:00:06 - [MESSAGE][PASSED] - Object: 'Object Repository/Kullanici_Islemleri/KullaniciIslemleri' is clicked on

2021-11-23 10:00:06 - [TEST_STEP][PASSED] - Method.TextDegerineEsitElementeTikla(findTestObject("Object Repository/Kullanici_Islemleri/Secenekler"), Islem): Method.TextDegerineEsitElementeTikla is PASSED

2021-11-23 10:00:06 - [MESSAGE][INFO] - Finding Test Object 'Object Repository/Kullanici_Islemleri/Secenekler'

2021-11-23 10:00:06 - [MESSAGE][INFO] - Checking timeout

2021-11-23 10:00:06 - [MESSAGE][INFO] - Finding web element with id: 'Object Repository/Kullanici_Islemleri/Secenekler' located by 'By.cssSelector: .nav.navbar-nav.navbar-right li a' in '10' second(s)

2021-11-23 10:00:06 - [MESSAGE][INFO] - Smart Wait Function is triggered

2021-11-23 10:00:08 - [MESSAGE][INFO] - Found 22 web elements with id: 'Object Repository/Kullanici_Islemleri/Secenekler' located by 'By.cssSelector: .nav.navbar-nav.navbar-right li a' in '10' second(s)

2021-11-23 10:00:10 - [MESSAGE][PASSED] - Method.TextDegerineEsitElementeTikla is PASSED

2021-11-23 10:00:10 - [TEST_STEP][PASSED] - verifyElementNotPresent(findTestObject("Object Repository/Kullanici_Islemleri/Secenekler"), 10): Web element with id: 'Object Repository/Kullanici_Islemleri/Secenekler' located by 'By.cssSelector: .nav.navbar-nav.navbar-right li a' is not present after '10' second(s)

2021-11-23 10:00:10 - [MESSAGE][INFO] - Finding Test Object 'Object Repository/Kullanici_Islemleri/Secenekler'

2021-11-23 10:00:10 - [MESSAGE][INFO] - Checking object

2021-11-23 10:00:10 - [MESSAGE][INFO] - Checking timeout

2021-11-23 10:00:10 - [MESSAGE][INFO] - Finding web element with id: 'Object Repository/Kullanici_Islemleri/Secenekler' located by 'By.cssSelector: .nav.navbar-nav.navbar-right li a' in '10' second(s)

2021-11-23 10:00:10 - [MESSAGE][INFO] - Smart Wait Function is triggered

2021-11-23 10:00:11 - [MESSAGE][PASSED] - Web element with id: 'Object Repository/Kullanici_Islemleri/Secenekler' located by 'By.cssSelector: .nav.navbar-nav.navbar-right li a' is not present after '10' second(s)

2021-11-23 10:00:11 - [MESSAGE][PASSED] - Call Test Case 'Test Cases/Kullanici_Islemleri/KullaniciIslemlerindenSecimYapilir' successfully

2021-11-23 10:00:11 - [TEST_CASE][PASSED] - Start Test Case : SCENARIO Rol Eklenir: SCENARIO Rol Eklenir

2021-11-23 10:00:11 - [TEST_STEP][PASSED] - Kullanıcı adı ELOGO6 ve Şifre 123456 olarak giriş yapılır: Kullanıcı adı ELOGO6 ve Şifre 123456 olarak giriş yapılır

2021-11-23 10:00:11 - [MESSAGE][PASSED] - Kullanıcı adı ELOGO6 ve Şifre 123456 olarak giriş yapılır

2021-11-23 10:00:11 - [TEST_STEP][PASSED] - Ana menüden Firma Yönetimi seçilir: Ana menüden Firma Yönetimi seçilir

2021-11-23 10:00:11 - [MESSAGE][PASSED] - Ana menüden Firma Yönetimi seçilir

2021-11-23 10:00:11 - [TEST_STEP][PASSED] - Alt menüden Yetki Yönetimi seçilir: Alt menüden Yetki Yönetimi seçilir

2021-11-23 10:00:11 - [MESSAGE][PASSED] - Alt menüden Yetki Yönetimi seçilir

2021-11-23 10:00:11 - [TEST_STEP][PASSED] - Sekmelerden Rol ve Yetki Tanımları seçilir: Sekmelerden Rol ve Yetki Tanımları seçilir

2021-11-23 10:00:11 - [MESSAGE][PASSED] - Sekmelerden Rol ve Yetki Tanımları seçilir

2021-11-23 10:00:11 - [TEST_STEP][PASSED] - Butonlardan Rol Ekle isimli butona tıklanır: Butonlardan Rol Ekle isimli butona tıklanır

2021-11-23 10:00:11 - [MESSAGE][PASSED] - Butonlardan Rol Ekle isimli butona tıklanır

2021-11-23 10:00:11 - [TEST_STEP][PASSED] - Rol Bilgileri VirgosolRol, Otomasyon girilir: Rol Bilgileri VirgosolRol, Otomasyon girilir

2021-11-23 10:00:11 - [MESSAGE][PASSED] - Rol Bilgileri VirgosolRol, Otomasyon girilir

2021-11-23 10:00:11 - [TEST_STEP][PASSED] - Kullanıcı işlemlerinden Çıkış seçilir: Kullanıcı işlemlerinden Çıkış seçilir

2021-11-23 10:00:11 - [MESSAGE][PASSED] - Kullanıcı işlemlerinden Çıkış seçilir

2021-11-23 10:00:11 - [MESSAGE][PASSED] - Feature file: 'Include/features/Firma Yonetimi/Yetki Yonetimi/Rol ve Yetki Tanimlari/Rol Ekle.feature' was passed

2021-11-23 10:00:11 - [TEST_STEP][PASSED] - Start listener action : sampleAfterTestSuite: Invoke 'com.kms.katalon.core.annotation.AfterTestCase' method: 'Listener.sampleAfterTestSuite(...)' completed.

2021-11-23 10:00:11 - [MESSAGE][INFO] - Starting invoke 'com.kms.katalon.core.annotation.AfterTestCase' method: 'Listener.sampleAfterTestSuite(...)'

2021-11-23 10:00:11 - [TEST_STEP][PASSED] - closeBrowser(): Invoke 'com.kms.katalon.core.annotation.AfterTestCase' method: 'Listener.sampleAfterTestSuite(...)' completed.

2021-11-23 10:00:11 - [MESSAGE][INFO] - Closing browser

2021-11-23 10:00:12 - [MESSAGE][PASSED] - Browser is closed

2021-11-23 10:00:12 - [MESSAGE][INFO] - Invoke 'com.kms.katalon.core.annotation.AfterTestCase' method: 'Listener.sampleAfterTestSuite(...)' completed.]]></system-out>
         <system-err><![CDATA[]]></system-err>
      </testcase>
      <testcase name="Test Cases/Case Repository/Firma Yonetimi/Yetki Yonetimi/Rol ve Yetki Tanimlari/Sil" time="28.283" classname="Test Cases/Case Repository/Firma Yonetimi/Yetki Yonetimi/Rol ve Yetki Tanimlari/Sil" status="PASSED">
         <system-out><![CDATA[2021-11-23 10:00:12 - [TEST_CASE][PASSED] - Test Cases/Case Repository/Firma Yonetimi/Yetki Yonetimi/Rol ve Yetki Tanimlari/Sil: Test Cases/Case Repository/Firma Yonetimi/Yetki Yonetimi/Rol ve Yetki Tanimlari/Sil

2021-11-23 10:00:12 - [TEST_STEP][PASSED] - Start listener action : sampleBeforeTestSuite: Invoke 'com.kms.katalon.core.annotation.BeforeTestCase' method: 'Listener.sampleBeforeTestSuite(...)' completed.

2021-11-23 10:00:12 - [MESSAGE][INFO] - Starting invoke 'com.kms.katalon.core.annotation.BeforeTestCase' method: 'Listener.sampleBeforeTestSuite(...)'

2021-11-23 10:00:12 - [TEST_STEP][PASSED] - openBrowser(baseUrl): Browser is opened with url: 'https://efatura-stage.elogo.com.tr/'

2021-11-23 10:00:12 - [MESSAGE][INFO] - Opening browser

2021-11-23 10:00:12 - [MESSAGE][INFO] - Starting 'Chrome' driver

2021-11-23 10:00:12 - [MESSAGE][INFO] - User set preference: ['prefs', '{download.default_directory=C:\otomasyondownfiles}']

2021-11-23 10:00:12 - [MESSAGE][INFO] - Action delay is set to 0 milliseconds

2021-11-23 10:00:13 - [MESSAGE][INFO] - Navigating browser to: 'https://efatura-stage.elogo.com.tr/'

2021-11-23 10:00:16 - [MESSAGE][PASSED] - Browser is opened with url: 'https://efatura-stage.elogo.com.tr/'

2021-11-23 10:00:16 - [TEST_STEP][PASSED] - maximizeWindow(): Invoke 'com.kms.katalon.core.annotation.BeforeTestCase' method: 'Listener.sampleBeforeTestSuite(...)' completed.

2021-11-23 10:00:16 - [MESSAGE][INFO] - Maximizing current window

2021-11-23 10:00:16 - [MESSAGE][PASSED] - Current window maximized

2021-11-23 10:00:16 - [MESSAGE][INFO] - Invoke 'com.kms.katalon.core.annotation.BeforeTestCase' method: 'Listener.sampleBeforeTestSuite(...)' completed.

2021-11-23 10:00:17 - [TEST_STEP][PASSED] - runFeatureFile("Include/features/Firma Yonetimi/Yetki Yonetimi/Rol ve Yetki Tanimlari/Sil.feature"): Feature file: 'Include/features/Firma Yonetimi/Yetki Yonetimi/Rol ve Yetki Tanimlari/Sil.feature' was passed

2021-11-23 10:00:17 - [MESSAGE][INFO] - Starting run keyword runFeatureFile: 'Include/features/Firma Yonetimi/Yetki Yonetimi/Rol ve Yetki Tanimlari/Sil.feature' and extract report to folder: 'C:\Users\DELL\Documents\GitHub\EES_KatalonLogo\Reports\20211123_091110\Suite Repository\Firma_Yonetimi\20211123_091222/cucumber_report/1637650817165'...

2021-11-23 10:00:17 - [MESSAGE][INFO] - Glue: []

2021-11-23 10:00:18 - [MESSAGE][INFO] - Checking called Test Case

2021-11-23 10:00:18 - [MESSAGE][INFO] - Starting to call Test Case 'Test Cases/Sayfalar/Giris_Sayfasi/Login'

2021-11-23 10:00:18 - [TEST_CASE][PASSED] - Test Cases/Sayfalar/Giris_Sayfasi/Login: Test Cases/Sayfalar/Giris_Sayfasi/Login

2021-11-23 10:00:18 - [TEST_STEP][PASSED] - Sayfa_Basligi = getWindowTitle(): Current window's title is: 'LOGO e-Fatura'

2021-11-23 10:00:18 - [MESSAGE][INFO] - Getting current window's title

2021-11-23 10:00:18 - [MESSAGE][PASSED] - Current window's title is: 'LOGO e-Fatura'

2021-11-23 10:00:18 - [TEST_STEP][PASSED] - verifyMatch(Sayfa_Basligi, "LOGO e-Fatura", false): Actual text 'LOGO e-Fatura' and expected text 'LOGO e-Fatura' are matched 

2021-11-23 10:00:18 - [MESSAGE][INFO] - Matching actual text 'LOGO e-Fatura' with expected text 'LOGO e-Fatura'

2021-11-23 10:00:18 - [MESSAGE][PASSED] - Actual text 'LOGO e-Fatura' and expected text 'LOGO e-Fatura' are matched 

2021-11-23 10:00:18 - [TEST_STEP][PASSED] - sendKeys(findTestObject("Sayfalar/Giris_Sayfasi/Firma_Kodu"), KullaniciAdi): Keys 'ELOGO6' sent to object: 'Object Repository/Sayfalar/Giris_Sayfasi/Firma_Kodu'

2021-11-23 10:00:18 - [MESSAGE][INFO] - Finding Test Object 'Object Repository/Sayfalar/Giris_Sayfasi/Firma_Kodu'

2021-11-23 10:00:18 - [MESSAGE][INFO] - Sending keys 'ELOGO6' to object: 'Object Repository/Sayfalar/Giris_Sayfasi/Firma_Kodu'

2021-11-23 10:00:18 - [MESSAGE][INFO] - Finding web element from Test Object's properties

2021-11-23 10:00:18 - [MESSAGE][INFO] - Checking timeout

2021-11-23 10:00:18 - [MESSAGE][INFO] - Finding web element with id: 'Object Repository/Sayfalar/Giris_Sayfasi/Firma_Kodu' located by 'By.xpath: //*[@id = 'AccountName']' in '30' second(s)

2021-11-23 10:00:18 - [MESSAGE][INFO] - Smart Wait Function is triggered

2021-11-23 10:00:18 - [MESSAGE][INFO] - Found 1 web elements with id: 'Object Repository/Sayfalar/Giris_Sayfasi/Firma_Kodu' located by 'By.xpath: //*[@id = 'AccountName']' in '30' second(s)

2021-11-23 10:00:18 - [MESSAGE][PASSED] - Keys 'ELOGO6' sent to object: 'Object Repository/Sayfalar/Giris_Sayfasi/Firma_Kodu'

2021-11-23 10:00:18 - [TEST_STEP][PASSED] - sendKeys(findTestObject("Sayfalar/Giris_Sayfasi/Sifre"), Sifre): Keys '123456' sent to object: 'Object Repository/Sayfalar/Giris_Sayfasi/Sifre'

2021-11-23 10:00:18 - [MESSAGE][INFO] - Finding Test Object 'Object Repository/Sayfalar/Giris_Sayfasi/Sifre'

2021-11-23 10:00:18 - [MESSAGE][INFO] - Sending keys '123456' to object: 'Object Repository/Sayfalar/Giris_Sayfasi/Sifre'

2021-11-23 10:00:18 - [MESSAGE][INFO] - Finding web element from Test Object's properties

2021-11-23 10:00:18 - [MESSAGE][INFO] - Checking timeout

2021-11-23 10:00:18 - [MESSAGE][INFO] - Finding web element with id: 'Object Repository/Sayfalar/Giris_Sayfasi/Sifre' located by 'By.xpath: //*[@id = 'Password']' in '30' second(s)

2021-11-23 10:00:18 - [MESSAGE][INFO] - Smart Wait Function is triggered

2021-11-23 10:00:18 - [MESSAGE][INFO] - Found 1 web elements with id: 'Object Repository/Sayfalar/Giris_Sayfasi/Sifre' located by 'By.xpath: //*[@id = 'Password']' in '30' second(s)

2021-11-23 10:00:18 - [MESSAGE][PASSED] - Keys '123456' sent to object: 'Object Repository/Sayfalar/Giris_Sayfasi/Sifre'

2021-11-23 10:00:18 - [TEST_STEP][PASSED] - findWebElement(findTestObject("Sayfalar/Giris_Sayfasi/Giris_Butonu")).click(): Found 1 web elements with id: 'Object Repository/Sayfalar/Giris_Sayfasi/Giris_Butonu' located by 'By.cssSelector: #btnLogin' in '30' second(s)

2021-11-23 10:00:18 - [MESSAGE][INFO] - Finding Test Object 'Object Repository/Sayfalar/Giris_Sayfasi/Giris_Butonu'

2021-11-23 10:00:19 - [MESSAGE][INFO] - Finding web element from Test Object's properties

2021-11-23 10:00:19 - [MESSAGE][INFO] - Checking timeout

2021-11-23 10:00:19 - [MESSAGE][INFO] - Finding web element with id: 'Object Repository/Sayfalar/Giris_Sayfasi/Giris_Butonu' located by 'By.cssSelector: #btnLogin' in '30' second(s)

2021-11-23 10:00:19 - [MESSAGE][INFO] - Smart Wait Function is triggered

2021-11-23 10:00:19 - [MESSAGE][INFO] - Found 1 web elements with id: 'Object Repository/Sayfalar/Giris_Sayfasi/Giris_Butonu' located by 'By.cssSelector: #btnLogin' in '30' second(s)

2021-11-23 10:00:21 - [TEST_STEP][PASSED] - if (verifyElementPresent(findTestObject("Object Repository/Sayfalar/Giris_Sayfasi/RetveTamam_Butonu"), 5, OPTIONAL)): null

2021-11-23 10:00:21 - [MESSAGE][INFO] - Finding Test Object 'Object Repository/Sayfalar/Giris_Sayfasi/RetveTamam_Butonu'

2021-11-23 10:00:21 - [MESSAGE][INFO] - Checking object

2021-11-23 10:00:21 - [MESSAGE][INFO] - Finding web element from Test Object's properties

2021-11-23 10:00:21 - [MESSAGE][INFO] - Checking timeout

2021-11-23 10:00:21 - [MESSAGE][INFO] - Finding web element with id: 'Object Repository/Sayfalar/Giris_Sayfasi/RetveTamam_Butonu' located by 'By.xpath: //*[@class = 'btn btn-default']' in '5' second(s)

2021-11-23 10:00:21 - [MESSAGE][INFO] - Smart Wait Function is triggered

2021-11-23 10:00:21 - [MESSAGE][INFO] - Found 1 web elements with id: 'Object Repository/Sayfalar/Giris_Sayfasi/RetveTamam_Butonu' located by 'By.xpath: //*[@class = 'btn btn-default']' in '5' second(s)

2021-11-23 10:00:21 - [MESSAGE][PASSED] - Object 'Object Repository/Sayfalar/Giris_Sayfasi/RetveTamam_Butonu' is present

2021-11-23 10:00:21 - [TEST_STEP][PASSED] - click(findTestObject("Object Repository/Sayfalar/Giris_Sayfasi/RetveTamam_Butonu")): Object: 'Object Repository/Sayfalar/Giris_Sayfasi/RetveTamam_Butonu' is clicked on

2021-11-23 10:00:21 - [MESSAGE][INFO] - Finding Test Object 'Object Repository/Sayfalar/Giris_Sayfasi/RetveTamam_Butonu'

2021-11-23 10:00:21 - [MESSAGE][INFO] - Checking object

2021-11-23 10:00:21 - [MESSAGE][INFO] - Finding web element from Test Object's properties

2021-11-23 10:00:21 - [MESSAGE][INFO] - Checking timeout

2021-11-23 10:00:21 - [MESSAGE][INFO] - Finding web element with id: 'Object Repository/Sayfalar/Giris_Sayfasi/RetveTamam_Butonu' located by 'By.xpath: //*[@class = 'btn btn-default']' in '30' second(s)

2021-11-23 10:00:21 - [MESSAGE][INFO] - Smart Wait Function is triggered

2021-11-23 10:00:22 - [MESSAGE][INFO] - Found 1 web elements with id: 'Object Repository/Sayfalar/Giris_Sayfasi/RetveTamam_Butonu' located by 'By.xpath: //*[@class = 'btn btn-default']' in '30' second(s)

2021-11-23 10:00:22 - [MESSAGE][INFO] - Clicking on object: 'Object Repository/Sayfalar/Giris_Sayfasi/RetveTamam_Butonu'

2021-11-23 10:00:22 - [MESSAGE][PASSED] - Object: 'Object Repository/Sayfalar/Giris_Sayfasi/RetveTamam_Butonu' is clicked on

2021-11-23 10:00:22 - [TEST_STEP][PASSED] - click(findTestObject("Object Repository/Sayfalar/Giris_Sayfasi/RetveTamam_Butonu")): Object: 'Object Repository/Sayfalar/Giris_Sayfasi/RetveTamam_Butonu' is clicked on

2021-11-23 10:00:22 - [MESSAGE][INFO] - Finding Test Object 'Object Repository/Sayfalar/Giris_Sayfasi/RetveTamam_Butonu'

2021-11-23 10:00:22 - [MESSAGE][INFO] - Checking object

2021-11-23 10:00:22 - [MESSAGE][INFO] - Finding web element from Test Object's properties

2021-11-23 10:00:22 - [MESSAGE][INFO] - Checking timeout

2021-11-23 10:00:22 - [MESSAGE][INFO] - Finding web element with id: 'Object Repository/Sayfalar/Giris_Sayfasi/RetveTamam_Butonu' located by 'By.xpath: //*[@class = 'btn btn-default']' in '30' second(s)

2021-11-23 10:00:22 - [MESSAGE][INFO] - Smart Wait Function is triggered

2021-11-23 10:00:26 - [MESSAGE][INFO] - Found 1 web elements with id: 'Object Repository/Sayfalar/Giris_Sayfasi/RetveTamam_Butonu' located by 'By.xpath: //*[@class = 'btn btn-default']' in '30' second(s)

2021-11-23 10:00:26 - [MESSAGE][INFO] - Clicking on object: 'Object Repository/Sayfalar/Giris_Sayfasi/RetveTamam_Butonu'

2021-11-23 10:00:26 - [MESSAGE][PASSED] - Object: 'Object Repository/Sayfalar/Giris_Sayfasi/RetveTamam_Butonu' is clicked on

2021-11-23 10:00:26 - [TEST_STEP][PASSED] - if (verifyElementPresent(findTestObject("Sayfalar/Giris_Sayfasi/PopupOK"), 5, OPTIONAL)): null

2021-11-23 10:00:26 - [MESSAGE][INFO] - Finding Test Object 'Object Repository/Sayfalar/Giris_Sayfasi/PopupOK'

2021-11-23 10:00:26 - [MESSAGE][INFO] - Checking object

2021-11-23 10:00:26 - [MESSAGE][INFO] - Finding web element from Test Object's properties

2021-11-23 10:00:26 - [MESSAGE][INFO] - Checking timeout

2021-11-23 10:00:26 - [MESSAGE][INFO] - Finding web element with id: 'Object Repository/Sayfalar/Giris_Sayfasi/PopupOK' located by 'By.cssSelector: .btn.btn-success' in '5' second(s)

2021-11-23 10:00:26 - [MESSAGE][INFO] - Smart Wait Function is triggered

2021-11-23 10:00:27 - [MESSAGE][INFO] - Found 1 web elements with id: 'Object Repository/Sayfalar/Giris_Sayfasi/PopupOK' located by 'By.cssSelector: .btn.btn-success' in '5' second(s)

2021-11-23 10:00:27 - [MESSAGE][PASSED] - Object 'Object Repository/Sayfalar/Giris_Sayfasi/PopupOK' is present

2021-11-23 10:00:27 - [TEST_STEP][PASSED] - click(findTestObject("Object Repository/Sayfalar/Giris_Sayfasi/PopupCarpiGiris")): Object: 'Object Repository/Sayfalar/Giris_Sayfasi/PopupCarpiGiris' is clicked on

2021-11-23 10:00:27 - [MESSAGE][INFO] - Finding Test Object 'Object Repository/Sayfalar/Giris_Sayfasi/PopupCarpiGiris'

2021-11-23 10:00:27 - [MESSAGE][INFO] - Checking object

2021-11-23 10:00:27 - [MESSAGE][INFO] - Finding web element from Test Object's properties

2021-11-23 10:00:27 - [MESSAGE][INFO] - Checking timeout

2021-11-23 10:00:27 - [MESSAGE][INFO] - Finding web element with id: 'Object Repository/Sayfalar/Giris_Sayfasi/PopupCarpiGiris' located by 'By.cssSelector: .bootbox-close-button.close' in '30' second(s)

2021-11-23 10:00:27 - [MESSAGE][INFO] - Smart Wait Function is triggered

2021-11-23 10:00:27 - [MESSAGE][INFO] - Found 1 web elements with id: 'Object Repository/Sayfalar/Giris_Sayfasi/PopupCarpiGiris' located by 'By.cssSelector: .bootbox-close-button.close' in '30' second(s)

2021-11-23 10:00:27 - [MESSAGE][INFO] - Clicking on object: 'Object Repository/Sayfalar/Giris_Sayfasi/PopupCarpiGiris'

2021-11-23 10:00:27 - [MESSAGE][PASSED] - Object: 'Object Repository/Sayfalar/Giris_Sayfasi/PopupCarpiGiris' is clicked on

2021-11-23 10:00:27 - [TEST_STEP][PASSED] - verifyElementVisible(findTestObject("Object Repository/Kullanici_Islemleri/KullaniciIslemleri")): Object 'Object Repository/Kullanici_Islemleri/KullaniciIslemleri' is visible

2021-11-23 10:00:27 - [MESSAGE][INFO] - Finding Test Object 'Object Repository/Kullanici_Islemleri/KullaniciIslemleri'

2021-11-23 10:00:27 - [MESSAGE][INFO] - Checking object

2021-11-23 10:00:27 - [MESSAGE][INFO] - Finding web element from Test Object's properties

2021-11-23 10:00:27 - [MESSAGE][INFO] - Checking timeout

2021-11-23 10:00:27 - [MESSAGE][INFO] - Finding web element with id: 'Object Repository/Kullanici_Islemleri/KullaniciIslemleri' located by 'By.cssSelector: .dropdown>a>img' in '30' second(s)

2021-11-23 10:00:27 - [MESSAGE][INFO] - Smart Wait Function is triggered

2021-11-23 10:00:28 - [MESSAGE][INFO] - Found 1 web elements with id: 'Object Repository/Kullanici_Islemleri/KullaniciIslemleri' located by 'By.cssSelector: .dropdown>a>img' in '30' second(s)

2021-11-23 10:00:28 - [MESSAGE][PASSED] - Object 'Object Repository/Kullanici_Islemleri/KullaniciIslemleri' is visible

2021-11-23 10:00:28 - [MESSAGE][PASSED] - Call Test Case 'Test Cases/Sayfalar/Giris_Sayfasi/Login' successfully

2021-11-23 10:00:28 - [MESSAGE][INFO] - Checking called Test Case

2021-11-23 10:00:28 - [MESSAGE][INFO] - Starting to call Test Case 'Test Cases/Menu/AnaMenuSecimi'

2021-11-23 10:00:28 - [TEST_CASE][PASSED] - Test Cases/Menu/AnaMenuSecimi: Test Cases/Menu/AnaMenuSecimi

2021-11-23 10:00:28 - [TEST_STEP][PASSED] - Method.TextDegerineEsitElementeTikla(findTestObject("Menu/Ana_Menu"), Ana_Menu): Method.TextDegerineEsitElementeTikla is PASSED

2021-11-23 10:00:28 - [MESSAGE][INFO] - Finding Test Object 'Object Repository/Menu/Ana_Menu'

2021-11-23 10:00:28 - [MESSAGE][INFO] - Checking timeout

2021-11-23 10:00:28 - [MESSAGE][INFO] - Finding web element with id: 'Object Repository/Menu/Ana_Menu' located by 'By.xpath: //*[@class = 'dropdown-toggle']' in '10' second(s)

2021-11-23 10:00:28 - [MESSAGE][INFO] - Smart Wait Function is triggered

2021-11-23 10:00:29 - [MESSAGE][INFO] - Found 14 web elements with id: 'Object Repository/Menu/Ana_Menu' located by 'By.xpath: //*[@class = 'dropdown-toggle']' in '10' second(s)

2021-11-23 10:00:29 - [MESSAGE][PASSED] - Method.TextDegerineEsitElementeTikla is PASSED

2021-11-23 10:00:29 - [MESSAGE][PASSED] - Call Test Case 'Test Cases/Menu/AnaMenuSecimi' successfully

2021-11-23 10:00:29 - [MESSAGE][INFO] - Checking called Test Case

2021-11-23 10:00:29 - [MESSAGE][INFO] - Starting to call Test Case 'Test Cases/Menu/AltMenuSecimi'

2021-11-23 10:00:29 - [TEST_CASE][PASSED] - Test Cases/Menu/AltMenuSecimi: Test Cases/Menu/AltMenuSecimi

2021-11-23 10:00:29 - [TEST_STEP][PASSED] - Method.TextDegerineEsitElementeTikla(findTestObject("Menu/Alt_Menu"), Alt_Menu): Method.TextDegerineEsitElementeTikla is PASSED

2021-11-23 10:00:29 - [MESSAGE][INFO] - Finding Test Object 'Object Repository/Menu/Alt_Menu'

2021-11-23 10:00:29 - [MESSAGE][INFO] - Checking timeout

2021-11-23 10:00:29 - [MESSAGE][INFO] - Finding web element with id: 'Object Repository/Menu/Alt_Menu' located by 'By.xpath: //li[@class='dropdown dropdown-large open']//li[@class='dropdown-element']' in '10' second(s)

2021-11-23 10:00:29 - [MESSAGE][INFO] - Smart Wait Function is triggered

2021-11-23 10:00:29 - [MESSAGE][INFO] - Found 1 web elements with id: 'Object Repository/Menu/Alt_Menu' located by 'By.xpath: //li[@class='dropdown dropdown-large open']//li[@class='dropdown-element']' in '10' second(s)

2021-11-23 10:00:31 - [MESSAGE][PASSED] - Method.TextDegerineEsitElementeTikla is PASSED

2021-11-23 10:00:31 - [MESSAGE][PASSED] - Call Test Case 'Test Cases/Menu/AltMenuSecimi' successfully

2021-11-23 10:00:31 - [MESSAGE][INFO] - Checking called Test Case

2021-11-23 10:00:31 - [MESSAGE][INFO] - Starting to call Test Case 'Test Cases/Sayfalar/Yetki_Yonetimi/SekmeSecilir'

2021-11-23 10:00:31 - [TEST_CASE][PASSED] - Test Cases/Sayfalar/Yetki_Yonetimi/SekmeSecilir: Test Cases/Sayfalar/Yetki_Yonetimi/SekmeSecilir

2021-11-23 10:00:31 - [TEST_STEP][PASSED] - Method.TextDegerineEsitElementeTikla(findTestObject("Object Repository/Sayfalar/Yetki_Yonetimi/Sekmeler"), Sekme): Method.TextDegerineEsitElementeTikla is PASSED

2021-11-23 10:00:31 - [MESSAGE][INFO] - Finding Test Object 'Object Repository/Sayfalar/Yetki_Yonetimi/Sekmeler'

2021-11-23 10:00:32 - [MESSAGE][INFO] - Checking timeout

2021-11-23 10:00:32 - [MESSAGE][INFO] - Finding web element with id: 'Object Repository/Sayfalar/Yetki_Yonetimi/Sekmeler' located by 'By.cssSelector: #pcFeatures_TC>li[class="dxtc-tab"] span,#pcFeatures_TC>li[class="dxtc-activeTab dxtc-lead"] span' in '10' second(s)

2021-11-23 10:00:32 - [MESSAGE][INFO] - Smart Wait Function is triggered

2021-11-23 10:00:32 - [MESSAGE][INFO] - Found 3 web elements with id: 'Object Repository/Sayfalar/Yetki_Yonetimi/Sekmeler' located by 'By.cssSelector: #pcFeatures_TC>li[class="dxtc-tab"] span,#pcFeatures_TC>li[class="dxtc-activeTab dxtc-lead"] span' in '10' second(s)

2021-11-23 10:00:32 - [MESSAGE][PASSED] - Method.TextDegerineEsitElementeTikla is PASSED

2021-11-23 10:00:32 - [MESSAGE][PASSED] - Call Test Case 'Test Cases/Sayfalar/Yetki_Yonetimi/SekmeSecilir' successfully

2021-11-23 10:00:32 - [MESSAGE][INFO] - Checking called Test Case

2021-11-23 10:00:32 - [MESSAGE][INFO] - Starting to call Test Case 'Test Cases/Filtreler/ButonaTikla'

2021-11-23 10:00:32 - [TEST_CASE][PASSED] - Test Cases/Filtreler/ButonaTikla: Test Cases/Filtreler/ButonaTikla

2021-11-23 10:00:32 - [TEST_STEP][PASSED] - Method.TextDegerineEsitElementeTikla(findTestObject("Filtreler/Butonlar"), Filtre_Buton): Method.TextDegerineEsitElementeTikla is PASSED

2021-11-23 10:00:32 - [MESSAGE][INFO] - Finding Test Object 'Object Repository/Filtreler/Butonlar'

2021-11-23 10:00:32 - [MESSAGE][INFO] - Checking timeout

2021-11-23 10:00:32 - [MESSAGE][INFO] - Finding web element with id: 'Object Repository/Filtreler/Butonlar' located by 'By.cssSelector: .dxb>span' in '10' second(s)

2021-11-23 10:00:32 - [MESSAGE][INFO] - Smart Wait Function is triggered

2021-11-23 10:00:32 - [MESSAGE][INFO] - Found 6 web elements with id: 'Object Repository/Filtreler/Butonlar' located by 'By.cssSelector: .dxb>span' in '10' second(s)

2021-11-23 10:00:32 - [MESSAGE][PASSED] - Method.TextDegerineEsitElementeTikla is PASSED

2021-11-23 10:00:32 - [MESSAGE][PASSED] - Call Test Case 'Test Cases/Filtreler/ButonaTikla' successfully

2021-11-23 10:00:32 - [MESSAGE][INFO] - Checking called Test Case

2021-11-23 10:00:32 - [MESSAGE][INFO] - Starting to call Test Case 'Test Cases/Tablo/TablodaVeriVarMi'

2021-11-23 10:00:32 - [TEST_CASE][PASSED] - Test Cases/Tablo/TablodaVeriVarMi: Test Cases/Tablo/TablodaVeriVarMi

2021-11-23 10:00:33 - [TEST_STEP][PASSED] - verifyTextNotPresent("Görüntülenecek veri yok", true): Text 'Görüntülenecek veri yok' is not present on page using regular expression

2021-11-23 10:00:33 - [MESSAGE][INFO] - Checking text present  using regular expression

2021-11-23 10:00:33 - [MESSAGE][INFO] - Smart Wait Function is triggered

2021-11-23 10:00:33 - [MESSAGE][INFO] - Finding text 'Görüntülenecek veri yok' on page  using regular expression

2021-11-23 10:00:33 - [MESSAGE][PASSED] - Text 'Görüntülenecek veri yok' is not present on page using regular expression

2021-11-23 10:00:33 - [MESSAGE][PASSED] - Call Test Case 'Test Cases/Tablo/TablodaVeriVarMi' successfully

2021-11-23 10:00:33 - [MESSAGE][INFO] - Checking called Test Case

2021-11-23 10:00:33 - [MESSAGE][INFO] - Starting to call Test Case 'Test Cases/Tablo/TablodanVeriSec'

2021-11-23 10:00:33 - [TEST_CASE][PASSED] - Test Cases/Tablo/TablodanVeriSec: Test Cases/Tablo/TablodanVeriSec

2021-11-23 10:00:33 - [TEST_STEP][PASSED] - Method.TextDegerineEsitElementinAltindakineTikla(findTestObject("Tablo/Veriler"), findTestObject("Tablo/VerininCheckBoxi"), Veri_Adi): Method.TextDegerineEsitElementinAltindakineTikla is PASSED

2021-11-23 10:00:33 - [MESSAGE][INFO] - Finding Test Object 'Object Repository/Tablo/Veriler'

2021-11-23 10:00:33 - [MESSAGE][INFO] - Finding Test Object 'Object Repository/Tablo/VerininCheckBoxi'

2021-11-23 10:00:33 - [MESSAGE][INFO] - Checking timeout

2021-11-23 10:00:33 - [MESSAGE][INFO] - Finding web element with id: 'Object Repository/Tablo/Veriler' located by 'By.cssSelector: td.dxgv b ,td.dxgv' in '10' second(s)

2021-11-23 10:00:33 - [MESSAGE][INFO] - Smart Wait Function is triggered

2021-11-23 10:00:34 - [MESSAGE][INFO] - Found 14 web elements with id: 'Object Repository/Tablo/Veriler' located by 'By.cssSelector: td.dxgv b ,td.dxgv' in '10' second(s)

2021-11-23 10:00:34 - [MESSAGE][INFO] - Smart Wait Function is triggered

2021-11-23 10:00:34 - [MESSAGE][PASSED] - Method.TextDegerineEsitElementinAltindakineTikla is PASSED

2021-11-23 10:00:34 - [MESSAGE][PASSED] - Call Test Case 'Test Cases/Tablo/TablodanVeriSec' successfully

2021-11-23 10:00:34 - [MESSAGE][INFO] - Checking called Test Case

2021-11-23 10:00:34 - [MESSAGE][INFO] - Starting to call Test Case 'Test Cases/Butonlar/ButonaTikla'

2021-11-23 10:00:34 - [TEST_CASE][PASSED] - Test Cases/Butonlar/ButonaTikla: Test Cases/Butonlar/ButonaTikla

2021-11-23 10:00:34 - [TEST_STEP][PASSED] - Method.TextDegerineEsitElementeTiklaEquals(findTestObject("Butonlar/Butonlar"), Buton_Adi): Method.TextDegerineEsitElementeTiklaEquals is PASSED

2021-11-23 10:00:34 - [MESSAGE][INFO] - Finding Test Object 'Object Repository/Butonlar/Butonlar'

2021-11-23 10:00:34 - [MESSAGE][INFO] - Checking timeout

2021-11-23 10:00:34 - [MESSAGE][INFO] - Finding web element with id: 'Object Repository/Butonlar/Butonlar' located by 'By.cssSelector: .panel.panel-default.text-center.footerPanel .btn,.btn.btn-primary.btnControls' in '10' second(s)

2021-11-23 10:00:34 - [MESSAGE][INFO] - Smart Wait Function is triggered

2021-11-23 10:00:34 - [MESSAGE][INFO] - Found 12 web elements with id: 'Object Repository/Butonlar/Butonlar' located by 'By.cssSelector: .panel.panel-default.text-center.footerPanel .btn,.btn.btn-primary.btnControls' in '10' second(s)

2021-11-23 10:00:34 - [MESSAGE][PASSED] - Method.TextDegerineEsitElementeTiklaEquals is PASSED

2021-11-23 10:00:34 - [MESSAGE][PASSED] - Call Test Case 'Test Cases/Butonlar/ButonaTikla' successfully

2021-11-23 10:00:34 - [MESSAGE][INFO] - Checking called Test Case

2021-11-23 10:00:34 - [MESSAGE][INFO] - Starting to call Test Case 'Test Cases/Popup/PopupButonSecilir'

2021-11-23 10:00:35 - [TEST_CASE][PASSED] - Test Cases/Popup/PopupButonSecilir: Test Cases/Popup/PopupButonSecilir

2021-11-23 10:00:35 - [TEST_STEP][PASSED] - Method.TextDegerineEsitElementeTikla(findTestObject("Popup/Popup_Butons"), Buton): Method.TextDegerineEsitElementeTikla is PASSED

2021-11-23 10:00:35 - [MESSAGE][INFO] - Finding Test Object 'Object Repository/Popup/Popup_Butons'

2021-11-23 10:00:35 - [MESSAGE][INFO] - Checking timeout

2021-11-23 10:00:35 - [MESSAGE][INFO] - Finding web element with id: 'Object Repository/Popup/Popup_Butons' located by 'By.cssSelector: .modal-footer>button' in '10' second(s)

2021-11-23 10:00:35 - [MESSAGE][INFO] - Smart Wait Function is triggered

2021-11-23 10:00:35 - [MESSAGE][INFO] - Found 2 web elements with id: 'Object Repository/Popup/Popup_Butons' located by 'By.cssSelector: .modal-footer>button' in '10' second(s)

2021-11-23 10:00:35 - [MESSAGE][PASSED] - Method.TextDegerineEsitElementeTikla is PASSED

2021-11-23 10:00:35 - [MESSAGE][PASSED] - Call Test Case 'Test Cases/Popup/PopupButonSecilir' successfully

2021-11-23 10:00:35 - [MESSAGE][INFO] - Checking called Test Case

2021-11-23 10:00:35 - [MESSAGE][INFO] - Starting to call Test Case 'Test Cases/Popup/PopupButonSecilir'

2021-11-23 10:00:36 - [TEST_CASE][PASSED] - Test Cases/Popup/PopupButonSecilir: Test Cases/Popup/PopupButonSecilir

2021-11-23 10:00:36 - [TEST_STEP][PASSED] - Method.TextDegerineEsitElementeTikla(findTestObject("Popup/Popup_Butons"), Buton): Method.TextDegerineEsitElementeTikla is PASSED

2021-11-23 10:00:36 - [MESSAGE][INFO] - Finding Test Object 'Object Repository/Popup/Popup_Butons'

2021-11-23 10:00:36 - [MESSAGE][INFO] - Checking timeout

2021-11-23 10:00:36 - [MESSAGE][INFO] - Finding web element with id: 'Object Repository/Popup/Popup_Butons' located by 'By.cssSelector: .modal-footer>button' in '10' second(s)

2021-11-23 10:00:36 - [MESSAGE][INFO] - Smart Wait Function is triggered

2021-11-23 10:00:36 - [MESSAGE][INFO] - Found 1 web elements with id: 'Object Repository/Popup/Popup_Butons' located by 'By.cssSelector: .modal-footer>button' in '10' second(s)

2021-11-23 10:00:36 - [MESSAGE][PASSED] - Method.TextDegerineEsitElementeTikla is PASSED

2021-11-23 10:00:36 - [MESSAGE][PASSED] - Call Test Case 'Test Cases/Popup/PopupButonSecilir' successfully

2021-11-23 10:00:36 - [MESSAGE][INFO] - Checking called Test Case

2021-11-23 10:00:36 - [MESSAGE][INFO] - Starting to call Test Case 'Test Cases/Kullanici_Islemleri/KullaniciIslemlerindenSecimYapilir'

2021-11-23 10:00:36 - [TEST_CASE][PASSED] - Test Cases/Kullanici_Islemleri/KullaniciIslemlerindenSecimYapilir: Test Cases/Kullanici_Islemleri/KullaniciIslemlerindenSecimYapilir

2021-11-23 10:00:36 - [TEST_STEP][PASSED] - waitForElementClickable(findTestObject("Object Repository/Kullanici_Islemleri/KullaniciIslemleri"), 10): Object 'Object Repository/Kullanici_Islemleri/KullaniciIslemleri' is clickable

2021-11-23 10:00:36 - [MESSAGE][INFO] - Finding Test Object 'Object Repository/Kullanici_Islemleri/KullaniciIslemleri'

2021-11-23 10:00:37 - [MESSAGE][INFO] - Checking object

2021-11-23 10:00:37 - [MESSAGE][INFO] - Checking timeout

2021-11-23 10:00:37 - [MESSAGE][INFO] - Finding web element from Test Object's properties

2021-11-23 10:00:37 - [MESSAGE][INFO] - Checking timeout

2021-11-23 10:00:37 - [MESSAGE][INFO] - Finding web element with id: 'Object Repository/Kullanici_Islemleri/KullaniciIslemleri' located by 'By.cssSelector: .dropdown>a>img' in '10' second(s)

2021-11-23 10:00:37 - [MESSAGE][INFO] - Smart Wait Function is triggered

2021-11-23 10:00:37 - [MESSAGE][INFO] - Found 1 web elements with id: 'Object Repository/Kullanici_Islemleri/KullaniciIslemleri' located by 'By.cssSelector: .dropdown>a>img' in '10' second(s)

2021-11-23 10:00:37 - [MESSAGE][PASSED] - Object 'Object Repository/Kullanici_Islemleri/KullaniciIslemleri' is clickable

2021-11-23 10:00:37 - [TEST_STEP][PASSED] - click(findTestObject("Object Repository/Kullanici_Islemleri/KullaniciIslemleri")): Object: 'Object Repository/Kullanici_Islemleri/KullaniciIslemleri' is clicked on

2021-11-23 10:00:37 - [MESSAGE][INFO] - Finding Test Object 'Object Repository/Kullanici_Islemleri/KullaniciIslemleri'

2021-11-23 10:00:37 - [MESSAGE][INFO] - Checking object

2021-11-23 10:00:37 - [MESSAGE][INFO] - Finding web element from Test Object's properties

2021-11-23 10:00:37 - [MESSAGE][INFO] - Checking timeout

2021-11-23 10:00:37 - [MESSAGE][INFO] - Finding web element with id: 'Object Repository/Kullanici_Islemleri/KullaniciIslemleri' located by 'By.cssSelector: .dropdown>a>img' in '30' second(s)

2021-11-23 10:00:37 - [MESSAGE][INFO] - Smart Wait Function is triggered

2021-11-23 10:00:37 - [MESSAGE][INFO] - Found 1 web elements with id: 'Object Repository/Kullanici_Islemleri/KullaniciIslemleri' located by 'By.cssSelector: .dropdown>a>img' in '30' second(s)

2021-11-23 10:00:37 - [MESSAGE][INFO] - Clicking on object: 'Object Repository/Kullanici_Islemleri/KullaniciIslemleri'

2021-11-23 10:00:37 - [MESSAGE][PASSED] - Object: 'Object Repository/Kullanici_Islemleri/KullaniciIslemleri' is clicked on

2021-11-23 10:00:37 - [TEST_STEP][PASSED] - Method.TextDegerineEsitElementeTikla(findTestObject("Object Repository/Kullanici_Islemleri/Secenekler"), Islem): Method.TextDegerineEsitElementeTikla is PASSED

2021-11-23 10:00:37 - [MESSAGE][INFO] - Finding Test Object 'Object Repository/Kullanici_Islemleri/Secenekler'

2021-11-23 10:00:38 - [MESSAGE][INFO] - Checking timeout

2021-11-23 10:00:38 - [MESSAGE][INFO] - Finding web element with id: 'Object Repository/Kullanici_Islemleri/Secenekler' located by 'By.cssSelector: .nav.navbar-nav.navbar-right li a' in '10' second(s)

2021-11-23 10:00:38 - [MESSAGE][INFO] - Smart Wait Function is triggered

2021-11-23 10:00:38 - [MESSAGE][INFO] - Found 22 web elements with id: 'Object Repository/Kullanici_Islemleri/Secenekler' located by 'By.cssSelector: .nav.navbar-nav.navbar-right li a' in '10' second(s)

2021-11-23 10:00:39 - [MESSAGE][PASSED] - Method.TextDegerineEsitElementeTikla is PASSED

2021-11-23 10:00:39 - [TEST_STEP][PASSED] - verifyElementNotPresent(findTestObject("Object Repository/Kullanici_Islemleri/Secenekler"), 10): Web element with id: 'Object Repository/Kullanici_Islemleri/Secenekler' located by 'By.cssSelector: .nav.navbar-nav.navbar-right li a' is not present after '10' second(s)

2021-11-23 10:00:39 - [MESSAGE][INFO] - Finding Test Object 'Object Repository/Kullanici_Islemleri/Secenekler'

2021-11-23 10:00:39 - [MESSAGE][INFO] - Checking object

2021-11-23 10:00:39 - [MESSAGE][INFO] - Checking timeout

2021-11-23 10:00:39 - [MESSAGE][INFO] - Finding web element with id: 'Object Repository/Kullanici_Islemleri/Secenekler' located by 'By.cssSelector: .nav.navbar-nav.navbar-right li a' in '10' second(s)

2021-11-23 10:00:39 - [MESSAGE][INFO] - Smart Wait Function is triggered

2021-11-23 10:00:39 - [MESSAGE][PASSED] - Web element with id: 'Object Repository/Kullanici_Islemleri/Secenekler' located by 'By.cssSelector: .nav.navbar-nav.navbar-right li a' is not present after '10' second(s)

2021-11-23 10:00:39 - [MESSAGE][PASSED] - Call Test Case 'Test Cases/Kullanici_Islemleri/KullaniciIslemlerindenSecimYapilir' successfully

2021-11-23 10:00:39 - [TEST_CASE][PASSED] - Start Test Case : SCENARIO Rol Silme: SCENARIO Rol Silme

2021-11-23 10:00:39 - [TEST_STEP][PASSED] - Kullanıcı adı ELOGO6 ve Şifre 123456 olarak giriş yapılır: Kullanıcı adı ELOGO6 ve Şifre 123456 olarak giriş yapılır

2021-11-23 10:00:39 - [MESSAGE][PASSED] - Kullanıcı adı ELOGO6 ve Şifre 123456 olarak giriş yapılır

2021-11-23 10:00:39 - [TEST_STEP][PASSED] - Ana menüden Firma Yönetimi seçilir: Ana menüden Firma Yönetimi seçilir

2021-11-23 10:00:39 - [MESSAGE][PASSED] - Ana menüden Firma Yönetimi seçilir

2021-11-23 10:00:39 - [TEST_STEP][PASSED] - Alt menüden Yetki Yönetimi seçilir: Alt menüden Yetki Yönetimi seçilir

2021-11-23 10:00:39 - [MESSAGE][PASSED] - Alt menüden Yetki Yönetimi seçilir

2021-11-23 10:00:39 - [TEST_STEP][PASSED] - Sekmelerden Rol ve Yetki Tanımları seçilir: Sekmelerden Rol ve Yetki Tanımları seçilir

2021-11-23 10:00:39 - [MESSAGE][PASSED] - Sekmelerden Rol ve Yetki Tanımları seçilir

2021-11-23 10:00:39 - [TEST_STEP][PASSED] - Filtre butonlarından Listele seçilir: Filtre butonlarından Listele seçilir

2021-11-23 10:00:39 - [MESSAGE][PASSED] - Filtre butonlarından Listele seçilir

2021-11-23 10:00:39 - [TEST_STEP][PASSED] - Tabloda veri var mı kontrol edilir: Tabloda veri var mı kontrol edilir

2021-11-23 10:00:39 - [MESSAGE][PASSED] - Tabloda veri var mı kontrol edilir

2021-11-23 10:00:39 - [TEST_STEP][PASSED] - Tablodan VirgosolRol isimli veri seçilir: Tablodan VirgosolRol isimli veri seçilir

2021-11-23 10:00:39 - [MESSAGE][PASSED] - Tablodan VirgosolRol isimli veri seçilir

2021-11-23 10:00:39 - [TEST_STEP][PASSED] - Butonlardan Sil isimli butona tıklanır: Butonlardan Sil isimli butona tıklanır

2021-11-23 10:00:39 - [MESSAGE][PASSED] - Butonlardan Sil isimli butona tıklanır

2021-11-23 10:00:39 - [TEST_STEP][PASSED] - Yönetim popupında Evet seçilir: Yönetim popupında Evet seçilir

2021-11-23 10:00:39 - [MESSAGE][PASSED] - Yönetim popupında Evet seçilir

2021-11-23 10:00:39 - [TEST_STEP][PASSED] - Yönetim popupında Tamam seçilir: Yönetim popupında Tamam seçilir

2021-11-23 10:00:39 - [MESSAGE][PASSED] - Yönetim popupında Tamam seçilir

2021-11-23 10:00:39 - [TEST_STEP][PASSED] - Kullanıcı işlemlerinden Çıkış seçilir: Kullanıcı işlemlerinden Çıkış seçilir

2021-11-23 10:00:39 - [MESSAGE][PASSED] - Kullanıcı işlemlerinden Çıkış seçilir

2021-11-23 10:00:39 - [MESSAGE][PASSED] - Feature file: 'Include/features/Firma Yonetimi/Yetki Yonetimi/Rol ve Yetki Tanimlari/Sil.feature' was passed

2021-11-23 10:00:39 - [TEST_STEP][PASSED] - Start listener action : sampleAfterTestSuite: Invoke 'com.kms.katalon.core.annotation.AfterTestCase' method: 'Listener.sampleAfterTestSuite(...)' completed.

2021-11-23 10:00:39 - [MESSAGE][INFO] - Starting invoke 'com.kms.katalon.core.annotation.AfterTestCase' method: 'Listener.sampleAfterTestSuite(...)'

2021-11-23 10:00:39 - [TEST_STEP][PASSED] - closeBrowser(): Invoke 'com.kms.katalon.core.annotation.AfterTestCase' method: 'Listener.sampleAfterTestSuite(...)' completed.

2021-11-23 10:00:39 - [MESSAGE][INFO] - Closing browser

2021-11-23 10:00:40 - [MESSAGE][PASSED] - Browser is closed

2021-11-23 10:00:40 - [MESSAGE][INFO] - Invoke 'com.kms.katalon.core.annotation.AfterTestCase' method: 'Listener.sampleAfterTestSuite(...)' completed.]]></system-out>
         <system-err><![CDATA[]]></system-err>
      </testcase>
      <testcase name="Test Cases/Case Repository/Firma Yonetimi/Yetki Yonetimi/Rol ve Yetki Tanimlari/Yetki Tanimla" time="59.586" classname="Test Cases/Case Repository/Firma Yonetimi/Yetki Yonetimi/Rol ve Yetki Tanimlari/Yetki Tanimla" status="PASSED">
         <system-out><![CDATA[2021-11-23 10:00:40 - [TEST_CASE][PASSED] - Test Cases/Case Repository/Firma Yonetimi/Yetki Yonetimi/Rol ve Yetki Tanimlari/Yetki Tanimla: Test Cases/Case Repository/Firma Yonetimi/Yetki Yonetimi/Rol ve Yetki Tanimlari/Yetki Tanimla

2021-11-23 10:00:40 - [TEST_STEP][PASSED] - Start listener action : sampleBeforeTestSuite: Invoke 'com.kms.katalon.core.annotation.BeforeTestCase' method: 'Listener.sampleBeforeTestSuite(...)' completed.

2021-11-23 10:00:40 - [MESSAGE][INFO] - Starting invoke 'com.kms.katalon.core.annotation.BeforeTestCase' method: 'Listener.sampleBeforeTestSuite(...)'

2021-11-23 10:00:40 - [TEST_STEP][PASSED] - openBrowser(baseUrl): Browser is opened with url: 'https://efatura-stage.elogo.com.tr/'

2021-11-23 10:00:40 - [MESSAGE][INFO] - Opening browser

2021-11-23 10:00:40 - [MESSAGE][INFO] - Starting 'Chrome' driver

2021-11-23 10:00:40 - [MESSAGE][INFO] - User set preference: ['prefs', '{download.default_directory=C:\otomasyondownfiles}']

2021-11-23 10:00:40 - [MESSAGE][INFO] - Action delay is set to 0 milliseconds

2021-11-23 10:00:41 - [MESSAGE][INFO] - Navigating browser to: 'https://efatura-stage.elogo.com.tr/'

2021-11-23 10:01:01 - [MESSAGE][PASSED] - Browser is opened with url: 'https://efatura-stage.elogo.com.tr/'

2021-11-23 10:01:01 - [TEST_STEP][PASSED] - maximizeWindow(): Invoke 'com.kms.katalon.core.annotation.BeforeTestCase' method: 'Listener.sampleBeforeTestSuite(...)' completed.

2021-11-23 10:01:01 - [MESSAGE][INFO] - Maximizing current window

2021-11-23 10:01:01 - [MESSAGE][PASSED] - Current window maximized

2021-11-23 10:01:01 - [MESSAGE][INFO] - Invoke 'com.kms.katalon.core.annotation.BeforeTestCase' method: 'Listener.sampleBeforeTestSuite(...)' completed.

2021-11-23 10:01:01 - [TEST_STEP][PASSED] - runFeatureFile("Include/features/Firma Yonetimi/Yetki Yonetimi/Rol ve Yetki Tanimlari/Yetki Tanimla.feature"): Feature file: 'Include/features/Firma Yonetimi/Yetki Yonetimi/Rol ve Yetki Tanimlari/Yetki Tanimla.feature' was passed

2021-11-23 10:01:01 - [MESSAGE][INFO] - Starting run keyword runFeatureFile: 'Include/features/Firma Yonetimi/Yetki Yonetimi/Rol ve Yetki Tanimlari/Yetki Tanimla.feature' and extract report to folder: 'C:\Users\DELL\Documents\GitHub\EES_KatalonLogo\Reports\20211123_091110\Suite Repository\Firma_Yonetimi\20211123_091222/cucumber_report/1637650861772'...

2021-11-23 10:01:01 - [MESSAGE][INFO] - Glue: []

2021-11-23 10:01:03 - [MESSAGE][INFO] - Checking called Test Case

2021-11-23 10:01:03 - [MESSAGE][INFO] - Starting to call Test Case 'Test Cases/Sayfalar/Giris_Sayfasi/Login'

2021-11-23 10:01:03 - [TEST_CASE][PASSED] - Test Cases/Sayfalar/Giris_Sayfasi/Login: Test Cases/Sayfalar/Giris_Sayfasi/Login

2021-11-23 10:01:03 - [TEST_STEP][PASSED] - Sayfa_Basligi = getWindowTitle(): Current window's title is: 'LOGO e-Fatura'

2021-11-23 10:01:03 - [MESSAGE][INFO] - Getting current window's title

2021-11-23 10:01:03 - [MESSAGE][PASSED] - Current window's title is: 'LOGO e-Fatura'

2021-11-23 10:01:03 - [TEST_STEP][PASSED] - verifyMatch(Sayfa_Basligi, "LOGO e-Fatura", false): Actual text 'LOGO e-Fatura' and expected text 'LOGO e-Fatura' are matched 

2021-11-23 10:01:03 - [MESSAGE][INFO] - Matching actual text 'LOGO e-Fatura' with expected text 'LOGO e-Fatura'

2021-11-23 10:01:03 - [MESSAGE][PASSED] - Actual text 'LOGO e-Fatura' and expected text 'LOGO e-Fatura' are matched 

2021-11-23 10:01:03 - [TEST_STEP][PASSED] - sendKeys(findTestObject("Sayfalar/Giris_Sayfasi/Firma_Kodu"), KullaniciAdi): Keys 'ELOGO6' sent to object: 'Object Repository/Sayfalar/Giris_Sayfasi/Firma_Kodu'

2021-11-23 10:01:03 - [MESSAGE][INFO] - Finding Test Object 'Object Repository/Sayfalar/Giris_Sayfasi/Firma_Kodu'

2021-11-23 10:01:03 - [MESSAGE][INFO] - Sending keys 'ELOGO6' to object: 'Object Repository/Sayfalar/Giris_Sayfasi/Firma_Kodu'

2021-11-23 10:01:03 - [MESSAGE][INFO] - Finding web element from Test Object's properties

2021-11-23 10:01:03 - [MESSAGE][INFO] - Checking timeout

2021-11-23 10:01:03 - [MESSAGE][INFO] - Finding web element with id: 'Object Repository/Sayfalar/Giris_Sayfasi/Firma_Kodu' located by 'By.xpath: //*[@id = 'AccountName']' in '30' second(s)

2021-11-23 10:01:03 - [MESSAGE][INFO] - Smart Wait Function is triggered

2021-11-23 10:01:03 - [MESSAGE][INFO] - Found 1 web elements with id: 'Object Repository/Sayfalar/Giris_Sayfasi/Firma_Kodu' located by 'By.xpath: //*[@id = 'AccountName']' in '30' second(s)

2021-11-23 10:01:03 - [MESSAGE][PASSED] - Keys 'ELOGO6' sent to object: 'Object Repository/Sayfalar/Giris_Sayfasi/Firma_Kodu'

2021-11-23 10:01:03 - [TEST_STEP][PASSED] - sendKeys(findTestObject("Sayfalar/Giris_Sayfasi/Sifre"), Sifre): Keys '123456' sent to object: 'Object Repository/Sayfalar/Giris_Sayfasi/Sifre'

2021-11-23 10:01:03 - [MESSAGE][INFO] - Finding Test Object 'Object Repository/Sayfalar/Giris_Sayfasi/Sifre'

2021-11-23 10:01:03 - [MESSAGE][INFO] - Sending keys '123456' to object: 'Object Repository/Sayfalar/Giris_Sayfasi/Sifre'

2021-11-23 10:01:03 - [MESSAGE][INFO] - Finding web element from Test Object's properties

2021-11-23 10:01:03 - [MESSAGE][INFO] - Checking timeout

2021-11-23 10:01:03 - [MESSAGE][INFO] - Finding web element with id: 'Object Repository/Sayfalar/Giris_Sayfasi/Sifre' located by 'By.xpath: //*[@id = 'Password']' in '30' second(s)

2021-11-23 10:01:03 - [MESSAGE][INFO] - Smart Wait Function is triggered

2021-11-23 10:01:03 - [MESSAGE][INFO] - Found 1 web elements with id: 'Object Repository/Sayfalar/Giris_Sayfasi/Sifre' located by 'By.xpath: //*[@id = 'Password']' in '30' second(s)

2021-11-23 10:01:04 - [MESSAGE][PASSED] - Keys '123456' sent to object: 'Object Repository/Sayfalar/Giris_Sayfasi/Sifre'

2021-11-23 10:01:04 - [TEST_STEP][PASSED] - findWebElement(findTestObject("Sayfalar/Giris_Sayfasi/Giris_Butonu")).click(): Found 1 web elements with id: 'Object Repository/Sayfalar/Giris_Sayfasi/Giris_Butonu' located by 'By.cssSelector: #btnLogin' in '30' second(s)

2021-11-23 10:01:04 - [MESSAGE][INFO] - Finding Test Object 'Object Repository/Sayfalar/Giris_Sayfasi/Giris_Butonu'

2021-11-23 10:01:04 - [MESSAGE][INFO] - Finding web element from Test Object's properties

2021-11-23 10:01:04 - [MESSAGE][INFO] - Checking timeout

2021-11-23 10:01:04 - [MESSAGE][INFO] - Finding web element with id: 'Object Repository/Sayfalar/Giris_Sayfasi/Giris_Butonu' located by 'By.cssSelector: #btnLogin' in '30' second(s)

2021-11-23 10:01:04 - [MESSAGE][INFO] - Smart Wait Function is triggered

2021-11-23 10:01:04 - [MESSAGE][INFO] - Found 1 web elements with id: 'Object Repository/Sayfalar/Giris_Sayfasi/Giris_Butonu' located by 'By.cssSelector: #btnLogin' in '30' second(s)

2021-11-23 10:01:07 - [TEST_STEP][PASSED] - if (verifyElementPresent(findTestObject("Object Repository/Sayfalar/Giris_Sayfasi/RetveTamam_Butonu"), 5, OPTIONAL)): null

2021-11-23 10:01:07 - [MESSAGE][INFO] - Finding Test Object 'Object Repository/Sayfalar/Giris_Sayfasi/RetveTamam_Butonu'

2021-11-23 10:01:07 - [MESSAGE][INFO] - Checking object

2021-11-23 10:01:07 - [MESSAGE][INFO] - Finding web element from Test Object's properties

2021-11-23 10:01:07 - [MESSAGE][INFO] - Checking timeout

2021-11-23 10:01:07 - [MESSAGE][INFO] - Finding web element with id: 'Object Repository/Sayfalar/Giris_Sayfasi/RetveTamam_Butonu' located by 'By.xpath: //*[@class = 'btn btn-default']' in '5' second(s)

2021-11-23 10:01:07 - [MESSAGE][INFO] - Smart Wait Function is triggered

2021-11-23 10:01:08 - [MESSAGE][INFO] - Found 1 web elements with id: 'Object Repository/Sayfalar/Giris_Sayfasi/RetveTamam_Butonu' located by 'By.xpath: //*[@class = 'btn btn-default']' in '5' second(s)

2021-11-23 10:01:08 - [MESSAGE][PASSED] - Object 'Object Repository/Sayfalar/Giris_Sayfasi/RetveTamam_Butonu' is present

2021-11-23 10:01:08 - [TEST_STEP][PASSED] - click(findTestObject("Object Repository/Sayfalar/Giris_Sayfasi/RetveTamam_Butonu")): Object: 'Object Repository/Sayfalar/Giris_Sayfasi/RetveTamam_Butonu' is clicked on

2021-11-23 10:01:08 - [MESSAGE][INFO] - Finding Test Object 'Object Repository/Sayfalar/Giris_Sayfasi/RetveTamam_Butonu'

2021-11-23 10:01:08 - [MESSAGE][INFO] - Checking object

2021-11-23 10:01:08 - [MESSAGE][INFO] - Finding web element from Test Object's properties

2021-11-23 10:01:08 - [MESSAGE][INFO] - Checking timeout

2021-11-23 10:01:08 - [MESSAGE][INFO] - Finding web element with id: 'Object Repository/Sayfalar/Giris_Sayfasi/RetveTamam_Butonu' located by 'By.xpath: //*[@class = 'btn btn-default']' in '30' second(s)

2021-11-23 10:01:08 - [MESSAGE][INFO] - Smart Wait Function is triggered

2021-11-23 10:01:08 - [MESSAGE][INFO] - Found 1 web elements with id: 'Object Repository/Sayfalar/Giris_Sayfasi/RetveTamam_Butonu' located by 'By.xpath: //*[@class = 'btn btn-default']' in '30' second(s)

2021-11-23 10:01:08 - [MESSAGE][INFO] - Clicking on object: 'Object Repository/Sayfalar/Giris_Sayfasi/RetveTamam_Butonu'

2021-11-23 10:01:08 - [MESSAGE][PASSED] - Object: 'Object Repository/Sayfalar/Giris_Sayfasi/RetveTamam_Butonu' is clicked on

2021-11-23 10:01:08 - [TEST_STEP][PASSED] - click(findTestObject("Object Repository/Sayfalar/Giris_Sayfasi/RetveTamam_Butonu")): Object: 'Object Repository/Sayfalar/Giris_Sayfasi/RetveTamam_Butonu' is clicked on

2021-11-23 10:01:08 - [MESSAGE][INFO] - Finding Test Object 'Object Repository/Sayfalar/Giris_Sayfasi/RetveTamam_Butonu'

2021-11-23 10:01:08 - [MESSAGE][INFO] - Checking object

2021-11-23 10:01:08 - [MESSAGE][INFO] - Finding web element from Test Object's properties

2021-11-23 10:01:08 - [MESSAGE][INFO] - Checking timeout

2021-11-23 10:01:08 - [MESSAGE][INFO] - Finding web element with id: 'Object Repository/Sayfalar/Giris_Sayfasi/RetveTamam_Butonu' located by 'By.xpath: //*[@class = 'btn btn-default']' in '30' second(s)

2021-11-23 10:01:08 - [MESSAGE][INFO] - Smart Wait Function is triggered

2021-11-23 10:01:11 - [MESSAGE][INFO] - Found 1 web elements with id: 'Object Repository/Sayfalar/Giris_Sayfasi/RetveTamam_Butonu' located by 'By.xpath: //*[@class = 'btn btn-default']' in '30' second(s)

2021-11-23 10:01:11 - [MESSAGE][INFO] - Clicking on object: 'Object Repository/Sayfalar/Giris_Sayfasi/RetveTamam_Butonu'

2021-11-23 10:01:11 - [MESSAGE][PASSED] - Object: 'Object Repository/Sayfalar/Giris_Sayfasi/RetveTamam_Butonu' is clicked on

2021-11-23 10:01:11 - [TEST_STEP][PASSED] - if (verifyElementPresent(findTestObject("Sayfalar/Giris_Sayfasi/PopupOK"), 5, OPTIONAL)): null

2021-11-23 10:01:11 - [MESSAGE][INFO] - Finding Test Object 'Object Repository/Sayfalar/Giris_Sayfasi/PopupOK'

2021-11-23 10:01:11 - [MESSAGE][INFO] - Checking object

2021-11-23 10:01:11 - [MESSAGE][INFO] - Finding web element from Test Object's properties

2021-11-23 10:01:11 - [MESSAGE][INFO] - Checking timeout

2021-11-23 10:01:11 - [MESSAGE][INFO] - Finding web element with id: 'Object Repository/Sayfalar/Giris_Sayfasi/PopupOK' located by 'By.cssSelector: .btn.btn-success' in '5' second(s)

2021-11-23 10:01:11 - [MESSAGE][INFO] - Smart Wait Function is triggered

2021-11-23 10:01:11 - [MESSAGE][INFO] - Found 1 web elements with id: 'Object Repository/Sayfalar/Giris_Sayfasi/PopupOK' located by 'By.cssSelector: .btn.btn-success' in '5' second(s)

2021-11-23 10:01:11 - [MESSAGE][PASSED] - Object 'Object Repository/Sayfalar/Giris_Sayfasi/PopupOK' is present

2021-11-23 10:01:11 - [TEST_STEP][PASSED] - click(findTestObject("Object Repository/Sayfalar/Giris_Sayfasi/PopupCarpiGiris")): Object: 'Object Repository/Sayfalar/Giris_Sayfasi/PopupCarpiGiris' is clicked on

2021-11-23 10:01:11 - [MESSAGE][INFO] - Finding Test Object 'Object Repository/Sayfalar/Giris_Sayfasi/PopupCarpiGiris'

2021-11-23 10:01:12 - [MESSAGE][INFO] - Checking object

2021-11-23 10:01:12 - [MESSAGE][INFO] - Finding web element from Test Object's properties

2021-11-23 10:01:12 - [MESSAGE][INFO] - Checking timeout

2021-11-23 10:01:12 - [MESSAGE][INFO] - Finding web element with id: 'Object Repository/Sayfalar/Giris_Sayfasi/PopupCarpiGiris' located by 'By.cssSelector: .bootbox-close-button.close' in '30' second(s)

2021-11-23 10:01:12 - [MESSAGE][INFO] - Smart Wait Function is triggered

2021-11-23 10:01:12 - [MESSAGE][INFO] - Found 1 web elements with id: 'Object Repository/Sayfalar/Giris_Sayfasi/PopupCarpiGiris' located by 'By.cssSelector: .bootbox-close-button.close' in '30' second(s)

2021-11-23 10:01:12 - [MESSAGE][INFO] - Clicking on object: 'Object Repository/Sayfalar/Giris_Sayfasi/PopupCarpiGiris'

2021-11-23 10:01:12 - [MESSAGE][PASSED] - Object: 'Object Repository/Sayfalar/Giris_Sayfasi/PopupCarpiGiris' is clicked on

2021-11-23 10:01:12 - [TEST_STEP][PASSED] - verifyElementVisible(findTestObject("Object Repository/Kullanici_Islemleri/KullaniciIslemleri")): Object 'Object Repository/Kullanici_Islemleri/KullaniciIslemleri' is visible

2021-11-23 10:01:12 - [MESSAGE][INFO] - Finding Test Object 'Object Repository/Kullanici_Islemleri/KullaniciIslemleri'

2021-11-23 10:01:12 - [MESSAGE][INFO] - Checking object

2021-11-23 10:01:12 - [MESSAGE][INFO] - Finding web element from Test Object's properties

2021-11-23 10:01:12 - [MESSAGE][INFO] - Checking timeout

2021-11-23 10:01:12 - [MESSAGE][INFO] - Finding web element with id: 'Object Repository/Kullanici_Islemleri/KullaniciIslemleri' located by 'By.cssSelector: .dropdown>a>img' in '30' second(s)

2021-11-23 10:01:12 - [MESSAGE][INFO] - Smart Wait Function is triggered

2021-11-23 10:01:13 - [MESSAGE][INFO] - Found 1 web elements with id: 'Object Repository/Kullanici_Islemleri/KullaniciIslemleri' located by 'By.cssSelector: .dropdown>a>img' in '30' second(s)

2021-11-23 10:01:13 - [MESSAGE][PASSED] - Object 'Object Repository/Kullanici_Islemleri/KullaniciIslemleri' is visible

2021-11-23 10:01:13 - [MESSAGE][PASSED] - Call Test Case 'Test Cases/Sayfalar/Giris_Sayfasi/Login' successfully

2021-11-23 10:01:13 - [MESSAGE][INFO] - Checking called Test Case

2021-11-23 10:01:13 - [MESSAGE][INFO] - Starting to call Test Case 'Test Cases/Menu/AnaMenuSecimi'

2021-11-23 10:01:13 - [TEST_CASE][PASSED] - Test Cases/Menu/AnaMenuSecimi: Test Cases/Menu/AnaMenuSecimi

2021-11-23 10:01:13 - [TEST_STEP][PASSED] - Method.TextDegerineEsitElementeTikla(findTestObject("Menu/Ana_Menu"), Ana_Menu): Method.TextDegerineEsitElementeTikla is PASSED

2021-11-23 10:01:13 - [MESSAGE][INFO] - Finding Test Object 'Object Repository/Menu/Ana_Menu'

2021-11-23 10:01:13 - [MESSAGE][INFO] - Checking timeout

2021-11-23 10:01:13 - [MESSAGE][INFO] - Finding web element with id: 'Object Repository/Menu/Ana_Menu' located by 'By.xpath: //*[@class = 'dropdown-toggle']' in '10' second(s)

2021-11-23 10:01:13 - [MESSAGE][INFO] - Smart Wait Function is triggered

2021-11-23 10:01:13 - [MESSAGE][INFO] - Found 14 web elements with id: 'Object Repository/Menu/Ana_Menu' located by 'By.xpath: //*[@class = 'dropdown-toggle']' in '10' second(s)

2021-11-23 10:01:13 - [MESSAGE][PASSED] - Method.TextDegerineEsitElementeTikla is PASSED

2021-11-23 10:01:13 - [MESSAGE][PASSED] - Call Test Case 'Test Cases/Menu/AnaMenuSecimi' successfully

2021-11-23 10:01:13 - [MESSAGE][INFO] - Checking called Test Case

2021-11-23 10:01:13 - [MESSAGE][INFO] - Starting to call Test Case 'Test Cases/Menu/AltMenuSecimi'

2021-11-23 10:01:14 - [TEST_CASE][PASSED] - Test Cases/Menu/AltMenuSecimi: Test Cases/Menu/AltMenuSecimi

2021-11-23 10:01:14 - [TEST_STEP][PASSED] - Method.TextDegerineEsitElementeTikla(findTestObject("Menu/Alt_Menu"), Alt_Menu): Method.TextDegerineEsitElementeTikla is PASSED

2021-11-23 10:01:14 - [MESSAGE][INFO] - Finding Test Object 'Object Repository/Menu/Alt_Menu'

2021-11-23 10:01:14 - [MESSAGE][INFO] - Checking timeout

2021-11-23 10:01:14 - [MESSAGE][INFO] - Finding web element with id: 'Object Repository/Menu/Alt_Menu' located by 'By.xpath: //li[@class='dropdown dropdown-large open']//li[@class='dropdown-element']' in '10' second(s)

2021-11-23 10:01:14 - [MESSAGE][INFO] - Smart Wait Function is triggered

2021-11-23 10:01:14 - [MESSAGE][INFO] - Found 1 web elements with id: 'Object Repository/Menu/Alt_Menu' located by 'By.xpath: //li[@class='dropdown dropdown-large open']//li[@class='dropdown-element']' in '10' second(s)

2021-11-23 10:01:24 - [MESSAGE][PASSED] - Method.TextDegerineEsitElementeTikla is PASSED

2021-11-23 10:01:24 - [MESSAGE][PASSED] - Call Test Case 'Test Cases/Menu/AltMenuSecimi' successfully

2021-11-23 10:01:24 - [MESSAGE][INFO] - Checking called Test Case

2021-11-23 10:01:24 - [MESSAGE][INFO] - Starting to call Test Case 'Test Cases/Sayfalar/Yetki_Yonetimi/SekmeSecilir'

2021-11-23 10:01:24 - [TEST_CASE][PASSED] - Test Cases/Sayfalar/Yetki_Yonetimi/SekmeSecilir: Test Cases/Sayfalar/Yetki_Yonetimi/SekmeSecilir

2021-11-23 10:01:24 - [TEST_STEP][PASSED] - Method.TextDegerineEsitElementeTikla(findTestObject("Object Repository/Sayfalar/Yetki_Yonetimi/Sekmeler"), Sekme): Method.TextDegerineEsitElementeTikla is PASSED

2021-11-23 10:01:24 - [MESSAGE][INFO] - Finding Test Object 'Object Repository/Sayfalar/Yetki_Yonetimi/Sekmeler'

2021-11-23 10:01:24 - [MESSAGE][INFO] - Checking timeout

2021-11-23 10:01:24 - [MESSAGE][INFO] - Finding web element with id: 'Object Repository/Sayfalar/Yetki_Yonetimi/Sekmeler' located by 'By.cssSelector: #pcFeatures_TC>li[class="dxtc-tab"] span,#pcFeatures_TC>li[class="dxtc-activeTab dxtc-lead"] span' in '10' second(s)

2021-11-23 10:01:24 - [MESSAGE][INFO] - Smart Wait Function is triggered

2021-11-23 10:01:24 - [MESSAGE][INFO] - Found 3 web elements with id: 'Object Repository/Sayfalar/Yetki_Yonetimi/Sekmeler' located by 'By.cssSelector: #pcFeatures_TC>li[class="dxtc-tab"] span,#pcFeatures_TC>li[class="dxtc-activeTab dxtc-lead"] span' in '10' second(s)

2021-11-23 10:01:25 - [MESSAGE][PASSED] - Method.TextDegerineEsitElementeTikla is PASSED

2021-11-23 10:01:25 - [MESSAGE][PASSED] - Call Test Case 'Test Cases/Sayfalar/Yetki_Yonetimi/SekmeSecilir' successfully

2021-11-23 10:01:25 - [MESSAGE][INFO] - Checking called Test Case

2021-11-23 10:01:25 - [MESSAGE][INFO] - Starting to call Test Case 'Test Cases/Filtreler/ButonaTikla'

2021-11-23 10:01:25 - [TEST_CASE][PASSED] - Test Cases/Filtreler/ButonaTikla: Test Cases/Filtreler/ButonaTikla

2021-11-23 10:01:25 - [TEST_STEP][PASSED] - Method.TextDegerineEsitElementeTikla(findTestObject("Filtreler/Butonlar"), Filtre_Buton): Method.TextDegerineEsitElementeTikla is PASSED

2021-11-23 10:01:25 - [MESSAGE][INFO] - Finding Test Object 'Object Repository/Filtreler/Butonlar'

2021-11-23 10:01:25 - [MESSAGE][INFO] - Checking timeout

2021-11-23 10:01:25 - [MESSAGE][INFO] - Finding web element with id: 'Object Repository/Filtreler/Butonlar' located by 'By.cssSelector: .dxb>span' in '10' second(s)

2021-11-23 10:01:25 - [MESSAGE][INFO] - Smart Wait Function is triggered

2021-11-23 10:01:25 - [MESSAGE][INFO] - Found 6 web elements with id: 'Object Repository/Filtreler/Butonlar' located by 'By.cssSelector: .dxb>span' in '10' second(s)

2021-11-23 10:01:25 - [MESSAGE][PASSED] - Method.TextDegerineEsitElementeTikla is PASSED

2021-11-23 10:01:25 - [MESSAGE][PASSED] - Call Test Case 'Test Cases/Filtreler/ButonaTikla' successfully

2021-11-23 10:01:25 - [MESSAGE][INFO] - Checking called Test Case

2021-11-23 10:01:25 - [MESSAGE][INFO] - Starting to call Test Case 'Test Cases/Tablo/TablodaVeriVarMi'

2021-11-23 10:01:25 - [TEST_CASE][PASSED] - Test Cases/Tablo/TablodaVeriVarMi: Test Cases/Tablo/TablodaVeriVarMi

2021-11-23 10:01:25 - [TEST_STEP][PASSED] - verifyTextNotPresent("Görüntülenecek veri yok", true): Text 'Görüntülenecek veri yok' is not present on page using regular expression

2021-11-23 10:01:25 - [MESSAGE][INFO] - Checking text present  using regular expression

2021-11-23 10:01:25 - [MESSAGE][INFO] - Smart Wait Function is triggered

2021-11-23 10:01:26 - [MESSAGE][INFO] - Finding text 'Görüntülenecek veri yok' on page  using regular expression

2021-11-23 10:01:26 - [MESSAGE][PASSED] - Text 'Görüntülenecek veri yok' is not present on page using regular expression

2021-11-23 10:01:26 - [MESSAGE][PASSED] - Call Test Case 'Test Cases/Tablo/TablodaVeriVarMi' successfully

2021-11-23 10:01:26 - [MESSAGE][INFO] - Checking called Test Case

2021-11-23 10:01:26 - [MESSAGE][INFO] - Starting to call Test Case 'Test Cases/Tablo/TablodanVeriSec'

2021-11-23 10:01:26 - [TEST_CASE][PASSED] - Test Cases/Tablo/TablodanVeriSec: Test Cases/Tablo/TablodanVeriSec

2021-11-23 10:01:26 - [TEST_STEP][PASSED] - Method.TextDegerineEsitElementinAltindakineTikla(findTestObject("Tablo/Veriler"), findTestObject("Tablo/VerininCheckBoxi"), Veri_Adi): Method.TextDegerineEsitElementinAltindakineTikla is PASSED

2021-11-23 10:01:26 - [MESSAGE][INFO] - Finding Test Object 'Object Repository/Tablo/Veriler'

2021-11-23 10:01:26 - [MESSAGE][INFO] - Finding Test Object 'Object Repository/Tablo/VerininCheckBoxi'

2021-11-23 10:01:26 - [MESSAGE][INFO] - Checking timeout

2021-11-23 10:01:26 - [MESSAGE][INFO] - Finding web element with id: 'Object Repository/Tablo/Veriler' located by 'By.cssSelector: td.dxgv b ,td.dxgv' in '10' second(s)

2021-11-23 10:01:26 - [MESSAGE][INFO] - Smart Wait Function is triggered

2021-11-23 10:01:26 - [MESSAGE][INFO] - Found 11 web elements with id: 'Object Repository/Tablo/Veriler' located by 'By.cssSelector: td.dxgv b ,td.dxgv' in '10' second(s)

2021-11-23 10:01:27 - [MESSAGE][INFO] - Smart Wait Function is triggered

2021-11-23 10:01:27 - [MESSAGE][PASSED] - Method.TextDegerineEsitElementinAltindakineTikla is PASSED

2021-11-23 10:01:27 - [MESSAGE][PASSED] - Call Test Case 'Test Cases/Tablo/TablodanVeriSec' successfully

2021-11-23 10:01:27 - [MESSAGE][INFO] - Checking called Test Case

2021-11-23 10:01:27 - [MESSAGE][INFO] - Starting to call Test Case 'Test Cases/Butonlar/ButonaTikla'

2021-11-23 10:01:27 - [TEST_CASE][PASSED] - Test Cases/Butonlar/ButonaTikla: Test Cases/Butonlar/ButonaTikla

2021-11-23 10:01:27 - [TEST_STEP][PASSED] - Method.TextDegerineEsitElementeTiklaEquals(findTestObject("Butonlar/Butonlar"), Buton_Adi): Method.TextDegerineEsitElementeTiklaEquals is PASSED

2021-11-23 10:01:27 - [MESSAGE][INFO] - Finding Test Object 'Object Repository/Butonlar/Butonlar'

2021-11-23 10:01:27 - [MESSAGE][INFO] - Checking timeout

2021-11-23 10:01:27 - [MESSAGE][INFO] - Finding web element with id: 'Object Repository/Butonlar/Butonlar' located by 'By.cssSelector: .panel.panel-default.text-center.footerPanel .btn,.btn.btn-primary.btnControls' in '10' second(s)

2021-11-23 10:01:27 - [MESSAGE][INFO] - Smart Wait Function is triggered

2021-11-23 10:01:27 - [MESSAGE][INFO] - Found 12 web elements with id: 'Object Repository/Butonlar/Butonlar' located by 'By.cssSelector: .panel.panel-default.text-center.footerPanel .btn,.btn.btn-primary.btnControls' in '10' second(s)

2021-11-23 10:01:28 - [MESSAGE][PASSED] - Method.TextDegerineEsitElementeTiklaEquals is PASSED

2021-11-23 10:01:28 - [MESSAGE][PASSED] - Call Test Case 'Test Cases/Butonlar/ButonaTikla' successfully

2021-11-23 10:01:28 - [MESSAGE][INFO] - Checking called Test Case

2021-11-23 10:01:28 - [MESSAGE][INFO] - Starting to call Test Case 'Test Cases/Sayfalar/Yetki_Yonetimi/YetkiTanimlanir'

2021-11-23 10:01:28 - [TEST_CASE][PASSED] - Test Cases/Sayfalar/Yetki_Yonetimi/YetkiTanimlanir: Test Cases/Sayfalar/Yetki_Yonetimi/YetkiTanimlanir

2021-11-23 10:01:28 - [TEST_STEP][PASSED] - switchToFrame(findTestObject("Object Repository/Sayfalar/Yetki_Yonetimi/Yetki_Tanimlama/frame"), 10): Switched to iframe: 'Object Repository/Sayfalar/Yetki_Yonetimi/Yetki_Tanimlama/frame'

2021-11-23 10:01:28 - [MESSAGE][INFO] - Finding Test Object 'Object Repository/Sayfalar/Yetki_Yonetimi/Yetki_Tanimlama/frame'

2021-11-23 10:01:28 - [MESSAGE][INFO] - Switching to iframe: 'Object Repository/Sayfalar/Yetki_Yonetimi/Yetki_Tanimlama/frame'

2021-11-23 10:01:28 - [MESSAGE][INFO] - Finding web element from Test Object's properties

2021-11-23 10:01:28 - [MESSAGE][INFO] - Checking timeout

2021-11-23 10:01:28 - [MESSAGE][INFO] - Finding web element with id: 'Object Repository/Sayfalar/Yetki_Yonetimi/Yetki_Tanimlama/frame' located by 'By.xpath: //*[@id = 'addrolruleframe']' in '10' second(s)

2021-11-23 10:01:28 - [MESSAGE][INFO] - Smart Wait Function is triggered

2021-11-23 10:01:28 - [MESSAGE][INFO] - Found 1 web elements with id: 'Object Repository/Sayfalar/Yetki_Yonetimi/Yetki_Tanimlama/frame' located by 'By.xpath: //*[@id = 'addrolruleframe']' in '10' second(s)

2021-11-23 10:01:32 - [MESSAGE][INFO] - Switched to iframe: 'Object Repository/Sayfalar/Yetki_Yonetimi/Yetki_Tanimlama/frame'

2021-11-23 10:01:32 - [TEST_STEP][PASSED] - waitForAngularLoad(10): This page doesn't use Angular.

2021-11-23 10:01:32 - [MESSAGE][WARNING] - This page doesn't use Angular.

2021-11-23 10:01:32 - [TEST_STEP][PASSED] - parcalar = <not implemented yet for class: org.codehaus.groovy.ast.expr.EmptyExpression>: null

2021-11-23 10:01:32 - [TEST_STEP][PASSED] - a = 0: null

2021-11-23 10:01:32 - [TEST_STEP][PASSED] - parcalar = Adi.split("/"): null

2021-11-23 10:01:32 - [TEST_STEP][PASSED] - for (def parca : parcalar): Method.TextDegerineEsitElementinAltindakineTikla is PASSED

2021-11-23 10:01:32 - [TEST_STEP][PASSED] - a = a + 1: null

2021-11-23 10:01:32 - [TEST_STEP][PASSED] - if (parcalar.size() == a): null

2021-11-23 10:01:32 - [TEST_STEP][PASSED] - else: Method.TextDegerineEsitElementinAltindakineTikla is PASSED

2021-11-23 10:01:32 - [TEST_STEP][PASSED] - Method.TextDegerineEsitElementinAltindakineTikla(findTestObject("Object Repository/Sayfalar/Yetki_Yonetimi/Yetki_Tanimlama/Yazilar"), findTestObject("Object Repository/Sayfalar/Yetki_Yonetimi/Yetki_Tanimlama/Tree"), parca): Method.TextDegerineEsitElementinAltindakineTikla is PASSED

2021-11-23 10:01:32 - [MESSAGE][INFO] - Finding Test Object 'Object Repository/Sayfalar/Yetki_Yonetimi/Yetki_Tanimlama/Yazilar'

2021-11-23 10:01:32 - [MESSAGE][INFO] - Finding Test Object 'Object Repository/Sayfalar/Yetki_Yonetimi/Yetki_Tanimlama/Tree'

2021-11-23 10:01:32 - [MESSAGE][INFO] - Checking timeout

2021-11-23 10:01:32 - [MESSAGE][INFO] - Finding web element with id: 'Object Repository/Sayfalar/Yetki_Yonetimi/Yetki_Tanimlama/Yazilar' located by 'By.cssSelector: #jstree a' in '10' second(s)

2021-11-23 10:01:32 - [MESSAGE][INFO] - Smart Wait Function is triggered

2021-11-23 10:01:32 - [MESSAGE][INFO] - Found 12 web elements with id: 'Object Repository/Sayfalar/Yetki_Yonetimi/Yetki_Tanimlama/Yazilar' located by 'By.cssSelector: #jstree a' in '10' second(s)

2021-11-23 10:01:32 - [MESSAGE][INFO] - Smart Wait Function is triggered

2021-11-23 10:01:32 - [MESSAGE][PASSED] - Method.TextDegerineEsitElementinAltindakineTikla is PASSED

2021-11-23 10:01:32 - [TEST_STEP][PASSED] - a = a + 1: null

2021-11-23 10:01:32 - [TEST_STEP][PASSED] - if (parcalar.size() == a): null

2021-11-23 10:01:32 - [TEST_STEP][PASSED] - else: Method.TextDegerineEsitElementinAltindakineTikla is PASSED

2021-11-23 10:01:32 - [TEST_STEP][PASSED] - Method.TextDegerineEsitElementinAltindakineTikla(findTestObject("Object Repository/Sayfalar/Yetki_Yonetimi/Yetki_Tanimlama/Yazilar"), findTestObject("Object Repository/Sayfalar/Yetki_Yonetimi/Yetki_Tanimlama/Tree"), parca): Method.TextDegerineEsitElementinAltindakineTikla is PASSED

2021-11-23 10:01:32 - [MESSAGE][INFO] - Finding Test Object 'Object Repository/Sayfalar/Yetki_Yonetimi/Yetki_Tanimlama/Yazilar'

2021-11-23 10:01:32 - [MESSAGE][INFO] - Finding Test Object 'Object Repository/Sayfalar/Yetki_Yonetimi/Yetki_Tanimlama/Tree'

2021-11-23 10:01:33 - [MESSAGE][INFO] - Checking timeout

2021-11-23 10:01:33 - [MESSAGE][INFO] - Finding web element with id: 'Object Repository/Sayfalar/Yetki_Yonetimi/Yetki_Tanimlama/Yazilar' located by 'By.cssSelector: #jstree a' in '10' second(s)

2021-11-23 10:01:33 - [MESSAGE][INFO] - Smart Wait Function is triggered

2021-11-23 10:01:33 - [MESSAGE][INFO] - Found 15 web elements with id: 'Object Repository/Sayfalar/Yetki_Yonetimi/Yetki_Tanimlama/Yazilar' located by 'By.cssSelector: #jstree a' in '10' second(s)

2021-11-23 10:01:33 - [MESSAGE][INFO] - Smart Wait Function is triggered

2021-11-23 10:01:33 - [MESSAGE][PASSED] - Method.TextDegerineEsitElementinAltindakineTikla is PASSED

2021-11-23 10:01:33 - [TEST_STEP][PASSED] - a = a + 1: null

2021-11-23 10:01:33 - [TEST_STEP][PASSED] - if (parcalar.size() == a): null

2021-11-23 10:01:33 - [TEST_STEP][PASSED] - else: Method.TextDegerineEsitElementinAltindakineTikla is PASSED

2021-11-23 10:01:33 - [TEST_STEP][PASSED] - Method.TextDegerineEsitElementinAltindakineTikla(findTestObject("Object Repository/Sayfalar/Yetki_Yonetimi/Yetki_Tanimlama/Yazilar"), findTestObject("Object Repository/Sayfalar/Yetki_Yonetimi/Yetki_Tanimlama/Tree"), parca): Method.TextDegerineEsitElementinAltindakineTikla is PASSED

2021-11-23 10:01:33 - [MESSAGE][INFO] - Finding Test Object 'Object Repository/Sayfalar/Yetki_Yonetimi/Yetki_Tanimlama/Yazilar'

2021-11-23 10:01:33 - [MESSAGE][INFO] - Finding Test Object 'Object Repository/Sayfalar/Yetki_Yonetimi/Yetki_Tanimlama/Tree'

2021-11-23 10:01:33 - [MESSAGE][INFO] - Checking timeout

2021-11-23 10:01:33 - [MESSAGE][INFO] - Finding web element with id: 'Object Repository/Sayfalar/Yetki_Yonetimi/Yetki_Tanimlama/Yazilar' located by 'By.cssSelector: #jstree a' in '10' second(s)

2021-11-23 10:01:33 - [MESSAGE][INFO] - Smart Wait Function is triggered

2021-11-23 10:01:33 - [MESSAGE][INFO] - Found 17 web elements with id: 'Object Repository/Sayfalar/Yetki_Yonetimi/Yetki_Tanimlama/Yazilar' located by 'By.cssSelector: #jstree a' in '10' second(s)

2021-11-23 10:01:33 - [MESSAGE][INFO] - Smart Wait Function is triggered

2021-11-23 10:01:33 - [MESSAGE][PASSED] - Method.TextDegerineEsitElementinAltindakineTikla is PASSED

2021-11-23 10:01:33 - [TEST_STEP][PASSED] - a = a + 1: null

2021-11-23 10:01:33 - [TEST_STEP][PASSED] - if (parcalar.size() == a): Method.TextDegerineEsitElementinAltindakineTikla is PASSED

2021-11-23 10:01:33 - [TEST_STEP][PASSED] - Method.TextDegerineEsitElementinAltindakineTikla(findTestObject("Object Repository/Sayfalar/Yetki_Yonetimi/Yetki_Tanimlama/Yazilar"), findTestObject("Object Repository/Sayfalar/Yetki_Yonetimi/Yetki_Tanimlama/Checkbox"), parca): Method.TextDegerineEsitElementinAltindakineTikla is PASSED

2021-11-23 10:01:33 - [MESSAGE][INFO] - Finding Test Object 'Object Repository/Sayfalar/Yetki_Yonetimi/Yetki_Tanimlama/Yazilar'

2021-11-23 10:01:33 - [MESSAGE][INFO] - Finding Test Object 'Object Repository/Sayfalar/Yetki_Yonetimi/Yetki_Tanimlama/Checkbox'

2021-11-23 10:01:33 - [MESSAGE][INFO] - Checking timeout

2021-11-23 10:01:33 - [MESSAGE][INFO] - Finding web element with id: 'Object Repository/Sayfalar/Yetki_Yonetimi/Yetki_Tanimlama/Yazilar' located by 'By.cssSelector: #jstree a' in '10' second(s)

2021-11-23 10:01:33 - [MESSAGE][INFO] - Smart Wait Function is triggered

2021-11-23 10:01:33 - [MESSAGE][INFO] - Found 30 web elements with id: 'Object Repository/Sayfalar/Yetki_Yonetimi/Yetki_Tanimlama/Yazilar' located by 'By.cssSelector: #jstree a' in '10' second(s)

2021-11-23 10:01:33 - [MESSAGE][INFO] - Smart Wait Function is triggered

2021-11-23 10:01:33 - [MESSAGE][PASSED] - Method.TextDegerineEsitElementinAltindakineTikla is PASSED

2021-11-23 10:01:33 - [TEST_STEP][PASSED] - waitForElementClickable(findTestObject("Object Repository/Sayfalar/Yetki_Yonetimi/Yetki_Tanimlama/Kaydet"), 10): Object 'Object Repository/Sayfalar/Yetki_Yonetimi/Yetki_Tanimlama/Kaydet' is clickable

2021-11-23 10:01:33 - [MESSAGE][INFO] - Finding Test Object 'Object Repository/Sayfalar/Yetki_Yonetimi/Yetki_Tanimlama/Kaydet'

2021-11-23 10:01:33 - [MESSAGE][INFO] - Checking object

2021-11-23 10:01:33 - [MESSAGE][INFO] - Checking timeout

2021-11-23 10:01:33 - [MESSAGE][INFO] - Finding web element from Test Object's properties

2021-11-23 10:01:33 - [MESSAGE][INFO] - Checking timeout

2021-11-23 10:01:33 - [MESSAGE][INFO] - Finding web element with id: 'Object Repository/Sayfalar/Yetki_Yonetimi/Yetki_Tanimlama/Kaydet' located by 'By.xpath: //*[@id="jstree"]/../..//span' in '10' second(s)

2021-11-23 10:01:33 - [MESSAGE][INFO] - Smart Wait Function is triggered

2021-11-23 10:01:33 - [MESSAGE][INFO] - Found 1 web elements with id: 'Object Repository/Sayfalar/Yetki_Yonetimi/Yetki_Tanimlama/Kaydet' located by 'By.xpath: //*[@id="jstree"]/../..//span' in '10' second(s)

2021-11-23 10:01:33 - [MESSAGE][PASSED] - Object 'Object Repository/Sayfalar/Yetki_Yonetimi/Yetki_Tanimlama/Kaydet' is clickable

2021-11-23 10:01:33 - [TEST_STEP][PASSED] - click(findTestObject("Object Repository/Sayfalar/Yetki_Yonetimi/Yetki_Tanimlama/Kaydet")): Object: 'Object Repository/Sayfalar/Yetki_Yonetimi/Yetki_Tanimlama/Kaydet' is clicked on

2021-11-23 10:01:33 - [MESSAGE][INFO] - Finding Test Object 'Object Repository/Sayfalar/Yetki_Yonetimi/Yetki_Tanimlama/Kaydet'

2021-11-23 10:01:33 - [MESSAGE][INFO] - Checking object

2021-11-23 10:01:33 - [MESSAGE][INFO] - Finding web element from Test Object's properties

2021-11-23 10:01:33 - [MESSAGE][INFO] - Checking timeout

2021-11-23 10:01:33 - [MESSAGE][INFO] - Finding web element with id: 'Object Repository/Sayfalar/Yetki_Yonetimi/Yetki_Tanimlama/Kaydet' located by 'By.xpath: //*[@id="jstree"]/../..//span' in '30' second(s)

2021-11-23 10:01:33 - [MESSAGE][INFO] - Smart Wait Function is triggered

2021-11-23 10:01:34 - [MESSAGE][INFO] - Found 1 web elements with id: 'Object Repository/Sayfalar/Yetki_Yonetimi/Yetki_Tanimlama/Kaydet' located by 'By.xpath: //*[@id="jstree"]/../..//span' in '30' second(s)

2021-11-23 10:01:34 - [MESSAGE][INFO] - Clicking on object: 'Object Repository/Sayfalar/Yetki_Yonetimi/Yetki_Tanimlama/Kaydet'

2021-11-23 10:01:34 - [MESSAGE][PASSED] - Object: 'Object Repository/Sayfalar/Yetki_Yonetimi/Yetki_Tanimlama/Kaydet' is clicked on

2021-11-23 10:01:34 - [TEST_STEP][PASSED] - switchToDefaultContent(): Switching to default content

2021-11-23 10:01:34 - [MESSAGE][INFO] - Switching to default content

2021-11-23 10:01:34 - [MESSAGE][PASSED] - Call Test Case 'Test Cases/Sayfalar/Yetki_Yonetimi/YetkiTanimlanir' successfully

2021-11-23 10:01:34 - [MESSAGE][INFO] - Checking called Test Case

2021-11-23 10:01:34 - [MESSAGE][INFO] - Starting to call Test Case 'Test Cases/Popup/PopupButonSecilir'

2021-11-23 10:01:34 - [TEST_CASE][PASSED] - Test Cases/Popup/PopupButonSecilir: Test Cases/Popup/PopupButonSecilir

2021-11-23 10:01:34 - [TEST_STEP][PASSED] - Method.TextDegerineEsitElementeTikla(findTestObject("Popup/Popup_Butons"), Buton): Method.TextDegerineEsitElementeTikla is PASSED

2021-11-23 10:01:34 - [MESSAGE][INFO] - Finding Test Object 'Object Repository/Popup/Popup_Butons'

2021-11-23 10:01:34 - [MESSAGE][INFO] - Checking timeout

2021-11-23 10:01:34 - [MESSAGE][INFO] - Finding web element with id: 'Object Repository/Popup/Popup_Butons' located by 'By.cssSelector: .modal-footer>button' in '10' second(s)

2021-11-23 10:01:34 - [MESSAGE][INFO] - Smart Wait Function is triggered

2021-11-23 10:01:36 - [MESSAGE][INFO] - Found 1 web elements with id: 'Object Repository/Popup/Popup_Butons' located by 'By.cssSelector: .modal-footer>button' in '10' second(s)

2021-11-23 10:01:36 - [MESSAGE][PASSED] - Method.TextDegerineEsitElementeTikla is PASSED

2021-11-23 10:01:36 - [MESSAGE][PASSED] - Call Test Case 'Test Cases/Popup/PopupButonSecilir' successfully

2021-11-23 10:01:36 - [MESSAGE][INFO] - Checking called Test Case

2021-11-23 10:01:36 - [MESSAGE][INFO] - Starting to call Test Case 'Test Cases/Kullanici_Islemleri/KullaniciIslemlerindenSecimYapilir'

2021-11-23 10:01:36 - [TEST_CASE][PASSED] - Test Cases/Kullanici_Islemleri/KullaniciIslemlerindenSecimYapilir: Test Cases/Kullanici_Islemleri/KullaniciIslemlerindenSecimYapilir

2021-11-23 10:01:36 - [TEST_STEP][PASSED] - waitForElementClickable(findTestObject("Object Repository/Kullanici_Islemleri/KullaniciIslemleri"), 10): Object 'Object Repository/Kullanici_Islemleri/KullaniciIslemleri' is clickable

2021-11-23 10:01:36 - [MESSAGE][INFO] - Finding Test Object 'Object Repository/Kullanici_Islemleri/KullaniciIslemleri'

2021-11-23 10:01:36 - [MESSAGE][INFO] - Checking object

2021-11-23 10:01:36 - [MESSAGE][INFO] - Checking timeout

2021-11-23 10:01:36 - [MESSAGE][INFO] - Finding web element from Test Object's properties

2021-11-23 10:01:36 - [MESSAGE][INFO] - Checking timeout

2021-11-23 10:01:36 - [MESSAGE][INFO] - Finding web element with id: 'Object Repository/Kullanici_Islemleri/KullaniciIslemleri' located by 'By.cssSelector: .dropdown>a>img' in '10' second(s)

2021-11-23 10:01:36 - [MESSAGE][INFO] - Smart Wait Function is triggered

2021-11-23 10:01:36 - [MESSAGE][INFO] - Found 1 web elements with id: 'Object Repository/Kullanici_Islemleri/KullaniciIslemleri' located by 'By.cssSelector: .dropdown>a>img' in '10' second(s)

2021-11-23 10:01:36 - [MESSAGE][PASSED] - Object 'Object Repository/Kullanici_Islemleri/KullaniciIslemleri' is clickable

2021-11-23 10:01:36 - [TEST_STEP][PASSED] - click(findTestObject("Object Repository/Kullanici_Islemleri/KullaniciIslemleri")): Object: 'Object Repository/Kullanici_Islemleri/KullaniciIslemleri' is clicked on

2021-11-23 10:01:36 - [MESSAGE][INFO] - Finding Test Object 'Object Repository/Kullanici_Islemleri/KullaniciIslemleri'

2021-11-23 10:01:37 - [MESSAGE][INFO] - Checking object

2021-11-23 10:01:37 - [MESSAGE][INFO] - Finding web element from Test Object's properties

2021-11-23 10:01:37 - [MESSAGE][INFO] - Checking timeout

2021-11-23 10:01:37 - [MESSAGE][INFO] - Finding web element with id: 'Object Repository/Kullanici_Islemleri/KullaniciIslemleri' located by 'By.cssSelector: .dropdown>a>img' in '30' second(s)

2021-11-23 10:01:37 - [MESSAGE][INFO] - Smart Wait Function is triggered

2021-11-23 10:01:37 - [MESSAGE][INFO] - Found 1 web elements with id: 'Object Repository/Kullanici_Islemleri/KullaniciIslemleri' located by 'By.cssSelector: .dropdown>a>img' in '30' second(s)

2021-11-23 10:01:37 - [MESSAGE][INFO] - Clicking on object: 'Object Repository/Kullanici_Islemleri/KullaniciIslemleri'

2021-11-23 10:01:37 - [MESSAGE][PASSED] - Object: 'Object Repository/Kullanici_Islemleri/KullaniciIslemleri' is clicked on

2021-11-23 10:01:37 - [TEST_STEP][PASSED] - Method.TextDegerineEsitElementeTikla(findTestObject("Object Repository/Kullanici_Islemleri/Secenekler"), Islem): Method.TextDegerineEsitElementeTikla is PASSED

2021-11-23 10:01:37 - [MESSAGE][INFO] - Finding Test Object 'Object Repository/Kullanici_Islemleri/Secenekler'

2021-11-23 10:01:37 - [MESSAGE][INFO] - Checking timeout

2021-11-23 10:01:37 - [MESSAGE][INFO] - Finding web element with id: 'Object Repository/Kullanici_Islemleri/Secenekler' located by 'By.cssSelector: .nav.navbar-nav.navbar-right li a' in '10' second(s)

2021-11-23 10:01:37 - [MESSAGE][INFO] - Smart Wait Function is triggered

2021-11-23 10:01:37 - [MESSAGE][INFO] - Found 22 web elements with id: 'Object Repository/Kullanici_Islemleri/Secenekler' located by 'By.cssSelector: .nav.navbar-nav.navbar-right li a' in '10' second(s)

2021-11-23 10:01:39 - [MESSAGE][PASSED] - Method.TextDegerineEsitElementeTikla is PASSED

2021-11-23 10:01:39 - [TEST_STEP][PASSED] - verifyElementNotPresent(findTestObject("Object Repository/Kullanici_Islemleri/Secenekler"), 10): Web element with id: 'Object Repository/Kullanici_Islemleri/Secenekler' located by 'By.cssSelector: .nav.navbar-nav.navbar-right li a' is not present after '10' second(s)

2021-11-23 10:01:39 - [MESSAGE][INFO] - Finding Test Object 'Object Repository/Kullanici_Islemleri/Secenekler'

2021-11-23 10:01:39 - [MESSAGE][INFO] - Checking object

2021-11-23 10:01:39 - [MESSAGE][INFO] - Checking timeout

2021-11-23 10:01:39 - [MESSAGE][INFO] - Finding web element with id: 'Object Repository/Kullanici_Islemleri/Secenekler' located by 'By.cssSelector: .nav.navbar-nav.navbar-right li a' in '10' second(s)

2021-11-23 10:01:39 - [MESSAGE][INFO] - Smart Wait Function is triggered

2021-11-23 10:01:39 - [MESSAGE][PASSED] - Web element with id: 'Object Repository/Kullanici_Islemleri/Secenekler' located by 'By.cssSelector: .nav.navbar-nav.navbar-right li a' is not present after '10' second(s)

2021-11-23 10:01:39 - [MESSAGE][PASSED] - Call Test Case 'Test Cases/Kullanici_Islemleri/KullaniciIslemlerindenSecimYapilir' successfully

2021-11-23 10:01:39 - [TEST_CASE][PASSED] - Start Test Case : SCENARIO Yetki tanimlama: SCENARIO Yetki tanimlama

2021-11-23 10:01:39 - [TEST_STEP][PASSED] - Kullanıcı adı ELOGO6 ve Şifre 123456 olarak giriş yapılır: Kullanıcı adı ELOGO6 ve Şifre 123456 olarak giriş yapılır

2021-11-23 10:01:39 - [MESSAGE][PASSED] - Kullanıcı adı ELOGO6 ve Şifre 123456 olarak giriş yapılır

2021-11-23 10:01:39 - [TEST_STEP][PASSED] - Ana menüden Firma Yönetimi seçilir: Ana menüden Firma Yönetimi seçilir

2021-11-23 10:01:39 - [MESSAGE][PASSED] - Ana menüden Firma Yönetimi seçilir

2021-11-23 10:01:39 - [TEST_STEP][PASSED] - Alt menüden Yetki Yönetimi seçilir: Alt menüden Yetki Yönetimi seçilir

2021-11-23 10:01:39 - [MESSAGE][PASSED] - Alt menüden Yetki Yönetimi seçilir

2021-11-23 10:01:39 - [TEST_STEP][PASSED] - Sekmelerden Rol ve Yetki Tanımları seçilir: Sekmelerden Rol ve Yetki Tanımları seçilir

2021-11-23 10:01:39 - [MESSAGE][PASSED] - Sekmelerden Rol ve Yetki Tanımları seçilir

2021-11-23 10:01:39 - [TEST_STEP][PASSED] - Filtre butonlarından Listele seçilir: Filtre butonlarından Listele seçilir

2021-11-23 10:01:39 - [MESSAGE][PASSED] - Filtre butonlarından Listele seçilir

2021-11-23 10:01:39 - [TEST_STEP][PASSED] - Tabloda veri var mı kontrol edilir: Tabloda veri var mı kontrol edilir

2021-11-23 10:01:39 - [MESSAGE][PASSED] - Tabloda veri var mı kontrol edilir

2021-11-23 10:01:39 - [TEST_STEP][PASSED] - Tablodan brk isimli veri seçilir: Tablodan brk isimli veri seçilir

2021-11-23 10:01:39 - [MESSAGE][PASSED] - Tablodan brk isimli veri seçilir

2021-11-23 10:01:39 - [TEST_STEP][PASSED] - Butonlardan Yetki Tanımla isimli butona tıklanır: Butonlardan Yetki Tanımla isimli butona tıklanır

2021-11-23 10:01:39 - [MESSAGE][PASSED] - Butonlardan Yetki Tanımla isimli butona tıklanır

2021-11-23 10:01:39 - [TEST_STEP][PASSED] - Yetki olarak e-İrsaliye/Gelen Kutusu/İrsaliyeler/Excel seçilir: Yetki olarak e-İrsaliye/Gelen Kutusu/İrsaliyeler/Excel seçilir

2021-11-23 10:01:39 - [MESSAGE][PASSED] - Yetki olarak e-İrsaliye/Gelen Kutusu/İrsaliyeler/Excel seçilir

2021-11-23 10:01:39 - [TEST_STEP][PASSED] - Yönetim popupında Tamam seçilir: Yönetim popupında Tamam seçilir

2021-11-23 10:01:39 - [MESSAGE][PASSED] - Yönetim popupında Tamam seçilir

2021-11-23 10:01:39 - [TEST_STEP][PASSED] - Kullanıcı işlemlerinden Çıkış seçilir: Kullanıcı işlemlerinden Çıkış seçilir

2021-11-23 10:01:39 - [MESSAGE][PASSED] - Kullanıcı işlemlerinden Çıkış seçilir

2021-11-23 10:01:39 - [MESSAGE][PASSED] - Feature file: 'Include/features/Firma Yonetimi/Yetki Yonetimi/Rol ve Yetki Tanimlari/Yetki Tanimla.feature' was passed

2021-11-23 10:01:39 - [TEST_STEP][PASSED] - Start listener action : sampleAfterTestSuite: Invoke 'com.kms.katalon.core.annotation.AfterTestCase' method: 'Listener.sampleAfterTestSuite(...)' completed.

2021-11-23 10:01:39 - [MESSAGE][INFO] - Starting invoke 'com.kms.katalon.core.annotation.AfterTestCase' method: 'Listener.sampleAfterTestSuite(...)'

2021-11-23 10:01:39 - [TEST_STEP][PASSED] - closeBrowser(): Invoke 'com.kms.katalon.core.annotation.AfterTestCase' method: 'Listener.sampleAfterTestSuite(...)' completed.

2021-11-23 10:01:39 - [MESSAGE][INFO] - Closing browser

2021-11-23 10:01:40 - [MESSAGE][PASSED] - Browser is closed

2021-11-23 10:01:40 - [MESSAGE][INFO] - Invoke 'com.kms.katalon.core.annotation.AfterTestCase' method: 'Listener.sampleAfterTestSuite(...)' completed.]]></system-out>
         <system-err><![CDATA[]]></system-err>
      </testcase>
      <system-out><![CDATA[2021-11-23 09:53:44 - [TEST_SUITE][FAILED] - Firma_Yonetimi: Test Cases/Case Repository/Firma Yonetimi/Yetki Yonetimi/Kullanici Tanimlari/Kullanici Ekle FAILED.
Reason:
com.kms.katalon.core.exception.StepFailedException: Feature file 'Include/features/Firma Yonetimi/Yetki Yonetimi/Kullanici Tanimlari/Kullanici Ekle.feature' was failed
	at com.kms.katalon.core.keyword.internal.KeywordMain.stepFailed(KeywordMain.groovy:50)
	at com.kms.katalon.core.keyword.internal.KeywordMain.stepFailed(KeywordMain.groovy)
	at com.kms.katalon.core.keyword.internal.KeywordMain.stepFailed(KeywordMain.groovy:23)
	at com.kms.katalon.core.keyword.internal.KeywordMain$stepFailed$0.call(Unknown Source)
	at com.kms.katalon.core.cucumber.keyword.CucumberBuiltinKeywords$_runFeatureFile_closure1.doCall(CucumberBuiltinKeywords.groovy:112)
	at com.kms.katalon.core.cucumber.keyword.CucumberBuiltinKeywords$_runFeatureFile_closure1.doCall(CucumberBuiltinKeywords.groovy)
	at com.kms.katalon.core.keyword.internal.KeywordMain.runKeyword(KeywordMain.groovy:68)
	at com.kms.katalon.core.keyword.internal.KeywordMain$runKeyword.call(Unknown Source)
	at com.kms.katalon.core.cucumber.keyword.CucumberBuiltinKeywords.runFeatureFile(CucumberBuiltinKeywords.groovy:73)
	at com.kms.katalon.core.cucumber.keyword.CucumberBuiltinKeywords$runFeatureFile$0.callStatic(Unknown Source)
	at com.kms.katalon.core.cucumber.keyword.CucumberBuiltinKeywords.runFeatureFile(CucumberBuiltinKeywords.groovy:246)
	at com.kms.katalon.core.cucumber.keyword.CucumberBuiltinKeywords$runFeatureFile.call(Unknown Source)
	at Kullanici Ekle.run(Kullanici Ekle:17)
	at com.kms.katalon.core.main.ScriptEngine.run(ScriptEngine.java:194)
	at com.kms.katalon.core.main.ScriptEngine.runScriptAsRawText(ScriptEngine.java:119)
	at com.kms.katalon.core.main.TestCaseExecutor.runScript(TestCaseExecutor.java:369)
	at com.kms.katalon.core.main.TestCaseExecutor.doExecute(TestCaseExecutor.java:360)
	at com.kms.katalon.core.main.TestCaseExecutor.processExecutionPhase(TestCaseExecutor.java:339)
	at com.kms.katalon.core.main.TestCaseExecutor.accessMainPhase(TestCaseExecutor.java:331)
	at com.kms.katalon.core.main.TestCaseExecutor.execute(TestCaseExecutor.java:248)
	at com.kms.katalon.core.main.TestSuiteExecutor.accessTestCaseMainPhase(TestSuiteExecutor.java:191)
	at com.kms.katalon.core.main.TestSuiteExecutor.accessTestSuiteMainPhase(TestSuiteExecutor.java:140)
	at com.kms.katalon.core.main.TestSuiteExecutor.execute(TestSuiteExecutor.java:89)
	at com.kms.katalon.core.main.TestCaseMain.startTestSuite(TestCaseMain.java:181)
	at com.kms.katalon.core.main.TestCaseMain$startTestSuite$0.call(Unknown Source)
	at TempTestSuite1637647942092.run(TempTestSuite1637647942092.groovy:39)]]></system-out>
      <system-err><![CDATA[2021-11-23 09:53:44 - [TEST_SUITE][FAILED] - Firma_Yonetimi: Test Cases/Case Repository/Firma Yonetimi/Yetki Yonetimi/Kullanici Tanimlari/Kullanici Ekle FAILED.
Reason:
com.kms.katalon.core.exception.StepFailedException: Feature file 'Include/features/Firma Yonetimi/Yetki Yonetimi/Kullanici Tanimlari/Kullanici Ekle.feature' was failed
	at com.kms.katalon.core.keyword.internal.KeywordMain.stepFailed(KeywordMain.groovy:50)
	at com.kms.katalon.core.keyword.internal.KeywordMain.stepFailed(KeywordMain.groovy)
	at com.kms.katalon.core.keyword.internal.KeywordMain.stepFailed(KeywordMain.groovy:23)
	at com.kms.katalon.core.keyword.internal.KeywordMain$stepFailed$0.call(Unknown Source)
	at com.kms.katalon.core.cucumber.keyword.CucumberBuiltinKeywords$_runFeatureFile_closure1.doCall(CucumberBuiltinKeywords.groovy:112)
	at com.kms.katalon.core.cucumber.keyword.CucumberBuiltinKeywords$_runFeatureFile_closure1.doCall(CucumberBuiltinKeywords.groovy)
	at com.kms.katalon.core.keyword.internal.KeywordMain.runKeyword(KeywordMain.groovy:68)
	at com.kms.katalon.core.keyword.internal.KeywordMain$runKeyword.call(Unknown Source)
	at com.kms.katalon.core.cucumber.keyword.CucumberBuiltinKeywords.runFeatureFile(CucumberBuiltinKeywords.groovy:73)
	at com.kms.katalon.core.cucumber.keyword.CucumberBuiltinKeywords$runFeatureFile$0.callStatic(Unknown Source)
	at com.kms.katalon.core.cucumber.keyword.CucumberBuiltinKeywords.runFeatureFile(CucumberBuiltinKeywords.groovy:246)
	at com.kms.katalon.core.cucumber.keyword.CucumberBuiltinKeywords$runFeatureFile.call(Unknown Source)
	at Kullanici Ekle.run(Kullanici Ekle:17)
	at com.kms.katalon.core.main.ScriptEngine.run(ScriptEngine.java:194)
	at com.kms.katalon.core.main.ScriptEngine.runScriptAsRawText(ScriptEngine.java:119)
	at com.kms.katalon.core.main.TestCaseExecutor.runScript(TestCaseExecutor.java:369)
	at com.kms.katalon.core.main.TestCaseExecutor.doExecute(TestCaseExecutor.java:360)
	at com.kms.katalon.core.main.TestCaseExecutor.processExecutionPhase(TestCaseExecutor.java:339)
	at com.kms.katalon.core.main.TestCaseExecutor.accessMainPhase(TestCaseExecutor.java:331)
	at com.kms.katalon.core.main.TestCaseExecutor.execute(TestCaseExecutor.java:248)
	at com.kms.katalon.core.main.TestSuiteExecutor.accessTestCaseMainPhase(TestSuiteExecutor.java:191)
	at com.kms.katalon.core.main.TestSuiteExecutor.accessTestSuiteMainPhase(TestSuiteExecutor.java:140)
	at com.kms.katalon.core.main.TestSuiteExecutor.execute(TestSuiteExecutor.java:89)
	at com.kms.katalon.core.main.TestCaseMain.startTestSuite(TestCaseMain.java:181)
	at com.kms.katalon.core.main.TestCaseMain$startTestSuite$0.call(Unknown Source)
	at TempTestSuite1637647942092.run(TempTestSuite1637647942092.groovy:39)]]></system-err>
   </testsuite>
</testsuites>
