<?xml version="1.0" encoding="UTF-8"?>
<testsuites name="Raporlar" time="125.374" tests="3" failures="0" errors="0">
   <testsuite name="Raporlar" tests="3" failures="0" errors="0" time="125.374" skipped="0" timestamp="2021-10-14 17:36:55" hostname="DELL - DESKTOP-QBVMTUG" id="">
      <properties>
         <property name="deviceName" value=""/>
         <property name="devicePlatform" value=""/>
         <property name="logFolder" value="C:\\Users\\DELL\\Downloads\\EES_Katalon-main\\Reports\\20211014_170112\\Suite Repository\\Raporlar\\20211014_170137"/>
         <property name="logFiles" value="C:\\Users\\DELL\\Downloads\\EES_Katalon-main\\Reports\\20211014_170112\\Suite Repository\\Raporlar\\20211014_170137\\execution0.log"/>
         <property name="attachments" value=""/>
         <property name="hostName" value="DELL - DESKTOP-QBVMTUG"/>
         <property name="os" value="Windows 10 64bit"/>
         <property name="katalonVersion" value="8.0.5.208"/>
         <property name="browser" value="Chrome 94.0.4606.81"/>
         <property name="hostAddress" value="10.10.3.14"/>
         <property name="sessionId" value="8678e6b818c449fc2b7d4cf4079b09b4"/>
         <property name="seleniumVersion" value="3.141.59"/>
         <property name="proxyInformation" value="ProxyInformation { proxyOption=NO_PROXY, proxyServerType=HTTP, username=, password=********, proxyServerAddress=, proxyServerPort=0, executionList=&quot;&quot;, isApplyToDesiredCapabilities=true }"/>
         <property name="platform" value="Windows 10"/>
      </properties>
      <testcase name="Test Cases/Case Repository/Raporlar/GIB Kullanici Listesi/Ekran Kontrolu" time="45.522" classname="Test Cases/Case Repository/Raporlar/GIB Kullanici Listesi/Ekran Kontrolu" status="PASSED">
         <system-out><![CDATA[2021-10-14 17:36:55 - [TEST_CASE][PASSED] - Test Cases/Case Repository/Raporlar/GIB Kullanici Listesi/Ekran Kontrolu: Test Cases/Case Repository/Raporlar/GIB Kullanici Listesi/Ekran Kontrolu

2021-10-14 17:36:55 - [TEST_STEP][PASSED] - Start listener action : sampleBeforeTestSuite: Invoke 'com.kms.katalon.core.annotation.BeforeTestCase' method: 'Listener.sampleBeforeTestSuite(...)' completed.

2021-10-14 17:36:55 - [MESSAGE][INFO] - Starting invoke 'com.kms.katalon.core.annotation.BeforeTestCase' method: 'Listener.sampleBeforeTestSuite(...)'

2021-10-14 17:36:55 - [TEST_STEP][PASSED] - openBrowser(baseUrl): Browser is opened with url: 'https://efatura-stage.elogo.com.tr/'

2021-10-14 17:36:56 - [MESSAGE][INFO] - Opening browser

2021-10-14 17:36:56 - [MESSAGE][INFO] - Starting 'Chrome' driver

2021-10-14 17:36:56 - [MESSAGE][INFO] - User set preference: ['prefs', '{download.default_directory=C:\otomasyondownfiles}']

2021-10-14 17:36:56 - [MESSAGE][INFO] - Action delay is set to 0 milliseconds

2021-10-14 17:36:59 - [MESSAGE][INFO] - Navigating browser to: 'https://efatura-stage.elogo.com.tr/'

2021-10-14 17:37:02 - [MESSAGE][PASSED] - Browser is opened with url: 'https://efatura-stage.elogo.com.tr/'

2021-10-14 17:37:02 - [TEST_STEP][PASSED] - maximizeWindow(): Invoke 'com.kms.katalon.core.annotation.BeforeTestCase' method: 'Listener.sampleBeforeTestSuite(...)' completed.

2021-10-14 17:37:02 - [MESSAGE][INFO] - Maximizing current window

2021-10-14 17:37:02 - [MESSAGE][PASSED] - Current window maximized

2021-10-14 17:37:02 - [MESSAGE][INFO] - Invoke 'com.kms.katalon.core.annotation.BeforeTestCase' method: 'Listener.sampleBeforeTestSuite(...)' completed.

2021-10-14 17:37:03 - [TEST_STEP][PASSED] - runFeatureFile("Include/features/Raporlar/GIB Kullanici Listesi/Ekran Kontrolu.feature"): Feature file: 'Include/features/Raporlar/GIB Kullanici Listesi/Ekran Kontrolu.feature' was passed

2021-10-14 17:37:03 - [MESSAGE][INFO] - Starting run keyword runFeatureFile: 'Include/features/Raporlar/GIB Kullanici Listesi/Ekran Kontrolu.feature' and extract report to folder: 'C:\Users\DELL\Downloads\EES_Katalon-main\Reports\20211014_170112\Suite Repository\Raporlar\20211014_170137/cucumber_report/1634222223108'...

2021-10-14 17:37:03 - [MESSAGE][INFO] - Glue: []

2021-10-14 17:37:05 - [MESSAGE][INFO] - Checking called Test Case

2021-10-14 17:37:05 - [MESSAGE][INFO] - Starting to call Test Case 'Test Cases/Sayfalar/Giris_Sayfasi/Login'

2021-10-14 17:37:05 - [TEST_CASE][PASSED] - Test Cases/Sayfalar/Giris_Sayfasi/Login: Test Cases/Sayfalar/Giris_Sayfasi/Login

2021-10-14 17:37:06 - [TEST_STEP][PASSED] - Sayfa_Basligi = getWindowTitle(): Current window's title is: 'LOGO e-Fatura'

2021-10-14 17:37:06 - [MESSAGE][INFO] - Getting current window's title

2021-10-14 17:37:06 - [MESSAGE][PASSED] - Current window's title is: 'LOGO e-Fatura'

2021-10-14 17:37:06 - [TEST_STEP][PASSED] - verifyMatch(Sayfa_Basligi, "LOGO e-Fatura", false): Actual text 'LOGO e-Fatura' and expected text 'LOGO e-Fatura' are matched 

2021-10-14 17:37:06 - [MESSAGE][INFO] - Matching actual text 'LOGO e-Fatura' with expected text 'LOGO e-Fatura'

2021-10-14 17:37:06 - [MESSAGE][PASSED] - Actual text 'LOGO e-Fatura' and expected text 'LOGO e-Fatura' are matched 

2021-10-14 17:37:06 - [TEST_STEP][PASSED] - sendKeys(findTestObject("Sayfalar/Giris_Sayfasi/Firma_Kodu"), KullaniciAdi): Keys 'ELOGO6' sent to object: 'Object Repository/Sayfalar/Giris_Sayfasi/Firma_Kodu'

2021-10-14 17:37:06 - [MESSAGE][INFO] - Finding Test Object 'Object Repository/Sayfalar/Giris_Sayfasi/Firma_Kodu'

2021-10-14 17:37:06 - [MESSAGE][INFO] - Sending keys 'ELOGO6' to object: 'Object Repository/Sayfalar/Giris_Sayfasi/Firma_Kodu'

2021-10-14 17:37:06 - [MESSAGE][INFO] - Finding web element from Test Object's properties

2021-10-14 17:37:06 - [MESSAGE][INFO] - Checking timeout

2021-10-14 17:37:06 - [MESSAGE][INFO] - Finding web element with id: 'Object Repository/Sayfalar/Giris_Sayfasi/Firma_Kodu' located by 'By.xpath: //*[@id = 'AccountName']' in '30' second(s)

2021-10-14 17:37:06 - [MESSAGE][INFO] - Smart Wait Function is triggered

2021-10-14 17:37:07 - [MESSAGE][INFO] - Found 1 web elements with id: 'Object Repository/Sayfalar/Giris_Sayfasi/Firma_Kodu' located by 'By.xpath: //*[@id = 'AccountName']' in '30' second(s)

2021-10-14 17:37:07 - [MESSAGE][PASSED] - Keys 'ELOGO6' sent to object: 'Object Repository/Sayfalar/Giris_Sayfasi/Firma_Kodu'

2021-10-14 17:37:07 - [TEST_STEP][PASSED] - sendKeys(findTestObject("Sayfalar/Giris_Sayfasi/Sifre"), Sifre): Keys '123456' sent to object: 'Object Repository/Sayfalar/Giris_Sayfasi/Sifre'

2021-10-14 17:37:07 - [MESSAGE][INFO] - Finding Test Object 'Object Repository/Sayfalar/Giris_Sayfasi/Sifre'

2021-10-14 17:37:07 - [MESSAGE][INFO] - Sending keys '123456' to object: 'Object Repository/Sayfalar/Giris_Sayfasi/Sifre'

2021-10-14 17:37:07 - [MESSAGE][INFO] - Finding web element from Test Object's properties

2021-10-14 17:37:07 - [MESSAGE][INFO] - Checking timeout

2021-10-14 17:37:07 - [MESSAGE][INFO] - Finding web element with id: 'Object Repository/Sayfalar/Giris_Sayfasi/Sifre' located by 'By.xpath: //*[@id = 'Password']' in '30' second(s)

2021-10-14 17:37:07 - [MESSAGE][INFO] - Smart Wait Function is triggered

2021-10-14 17:37:07 - [MESSAGE][INFO] - Found 1 web elements with id: 'Object Repository/Sayfalar/Giris_Sayfasi/Sifre' located by 'By.xpath: //*[@id = 'Password']' in '30' second(s)

2021-10-14 17:37:07 - [MESSAGE][PASSED] - Keys '123456' sent to object: 'Object Repository/Sayfalar/Giris_Sayfasi/Sifre'

2021-10-14 17:37:07 - [TEST_STEP][PASSED] - findWebElement(findTestObject("Sayfalar/Giris_Sayfasi/Giris_Butonu")).click(): Found 1 web elements with id: 'Object Repository/Sayfalar/Giris_Sayfasi/Giris_Butonu' located by 'By.cssSelector: #btnLogin' in '30' second(s)

2021-10-14 17:37:07 - [MESSAGE][INFO] - Finding Test Object 'Object Repository/Sayfalar/Giris_Sayfasi/Giris_Butonu'

2021-10-14 17:37:08 - [MESSAGE][INFO] - Finding web element from Test Object's properties

2021-10-14 17:37:08 - [MESSAGE][INFO] - Checking timeout

2021-10-14 17:37:08 - [MESSAGE][INFO] - Finding web element with id: 'Object Repository/Sayfalar/Giris_Sayfasi/Giris_Butonu' located by 'By.cssSelector: #btnLogin' in '30' second(s)

2021-10-14 17:37:08 - [MESSAGE][INFO] - Smart Wait Function is triggered

2021-10-14 17:37:08 - [MESSAGE][INFO] - Found 1 web elements with id: 'Object Repository/Sayfalar/Giris_Sayfasi/Giris_Butonu' located by 'By.cssSelector: #btnLogin' in '30' second(s)

2021-10-14 17:37:11 - [TEST_STEP][PASSED] - if (verifyElementPresent(findTestObject("Object Repository/Sayfalar/Giris_Sayfasi/RetveTamam_Butonu"), 5, OPTIONAL)): null

2021-10-14 17:37:11 - [MESSAGE][INFO] - Finding Test Object 'Object Repository/Sayfalar/Giris_Sayfasi/RetveTamam_Butonu'

2021-10-14 17:37:11 - [MESSAGE][INFO] - Checking object

2021-10-14 17:37:11 - [MESSAGE][INFO] - Finding web element from Test Object's properties

2021-10-14 17:37:11 - [MESSAGE][INFO] - Checking timeout

2021-10-14 17:37:11 - [MESSAGE][INFO] - Finding web element with id: 'Object Repository/Sayfalar/Giris_Sayfasi/RetveTamam_Butonu' located by 'By.xpath: //*[@class = 'btn btn-default']' in '5' second(s)

2021-10-14 17:37:11 - [MESSAGE][INFO] - Smart Wait Function is triggered

2021-10-14 17:37:12 - [MESSAGE][INFO] - Found 1 web elements with id: 'Object Repository/Sayfalar/Giris_Sayfasi/RetveTamam_Butonu' located by 'By.xpath: //*[@class = 'btn btn-default']' in '5' second(s)

2021-10-14 17:37:12 - [MESSAGE][PASSED] - Object 'Object Repository/Sayfalar/Giris_Sayfasi/RetveTamam_Butonu' is present

2021-10-14 17:37:12 - [TEST_STEP][PASSED] - click(findTestObject("Object Repository/Sayfalar/Giris_Sayfasi/RetveTamam_Butonu")): Object: 'Object Repository/Sayfalar/Giris_Sayfasi/RetveTamam_Butonu' is clicked on

2021-10-14 17:37:12 - [MESSAGE][INFO] - Finding Test Object 'Object Repository/Sayfalar/Giris_Sayfasi/RetveTamam_Butonu'

2021-10-14 17:37:12 - [MESSAGE][INFO] - Checking object

2021-10-14 17:37:12 - [MESSAGE][INFO] - Finding web element from Test Object's properties

2021-10-14 17:37:12 - [MESSAGE][INFO] - Checking timeout

2021-10-14 17:37:12 - [MESSAGE][INFO] - Finding web element with id: 'Object Repository/Sayfalar/Giris_Sayfasi/RetveTamam_Butonu' located by 'By.xpath: //*[@class = 'btn btn-default']' in '30' second(s)

2021-10-14 17:37:12 - [MESSAGE][INFO] - Smart Wait Function is triggered

2021-10-14 17:37:12 - [MESSAGE][INFO] - Found 1 web elements with id: 'Object Repository/Sayfalar/Giris_Sayfasi/RetveTamam_Butonu' located by 'By.xpath: //*[@class = 'btn btn-default']' in '30' second(s)

2021-10-14 17:37:12 - [MESSAGE][INFO] - Clicking on object: 'Object Repository/Sayfalar/Giris_Sayfasi/RetveTamam_Butonu'

2021-10-14 17:37:12 - [MESSAGE][PASSED] - Object: 'Object Repository/Sayfalar/Giris_Sayfasi/RetveTamam_Butonu' is clicked on

2021-10-14 17:37:12 - [TEST_STEP][PASSED] - click(findTestObject("Object Repository/Sayfalar/Giris_Sayfasi/RetveTamam_Butonu")): Object: 'Object Repository/Sayfalar/Giris_Sayfasi/RetveTamam_Butonu' is clicked on

2021-10-14 17:37:12 - [MESSAGE][INFO] - Finding Test Object 'Object Repository/Sayfalar/Giris_Sayfasi/RetveTamam_Butonu'

2021-10-14 17:37:12 - [MESSAGE][INFO] - Checking object

2021-10-14 17:37:12 - [MESSAGE][INFO] - Finding web element from Test Object's properties

2021-10-14 17:37:12 - [MESSAGE][INFO] - Checking timeout

2021-10-14 17:37:12 - [MESSAGE][INFO] - Finding web element with id: 'Object Repository/Sayfalar/Giris_Sayfasi/RetveTamam_Butonu' located by 'By.xpath: //*[@class = 'btn btn-default']' in '30' second(s)

2021-10-14 17:37:12 - [MESSAGE][INFO] - Smart Wait Function is triggered

2021-10-14 17:37:14 - [MESSAGE][INFO] - Found 1 web elements with id: 'Object Repository/Sayfalar/Giris_Sayfasi/RetveTamam_Butonu' located by 'By.xpath: //*[@class = 'btn btn-default']' in '30' second(s)

2021-10-14 17:37:14 - [MESSAGE][INFO] - Clicking on object: 'Object Repository/Sayfalar/Giris_Sayfasi/RetveTamam_Butonu'

2021-10-14 17:37:14 - [MESSAGE][PASSED] - Object: 'Object Repository/Sayfalar/Giris_Sayfasi/RetveTamam_Butonu' is clicked on

2021-10-14 17:37:14 - [TEST_STEP][PASSED] - if (verifyElementPresent(findTestObject("Sayfalar/Giris_Sayfasi/PopupOK"), 5, OPTIONAL)): null

2021-10-14 17:37:14 - [MESSAGE][INFO] - Finding Test Object 'Object Repository/Sayfalar/Giris_Sayfasi/PopupOK'

2021-10-14 17:37:14 - [MESSAGE][INFO] - Checking object

2021-10-14 17:37:14 - [MESSAGE][INFO] - Finding web element from Test Object's properties

2021-10-14 17:37:14 - [MESSAGE][INFO] - Checking timeout

2021-10-14 17:37:14 - [MESSAGE][INFO] - Finding web element with id: 'Object Repository/Sayfalar/Giris_Sayfasi/PopupOK' located by 'By.cssSelector: .btn.btn-success' in '5' second(s)

2021-10-14 17:37:14 - [MESSAGE][INFO] - Smart Wait Function is triggered

2021-10-14 17:37:15 - [MESSAGE][INFO] - Found 1 web elements with id: 'Object Repository/Sayfalar/Giris_Sayfasi/PopupOK' located by 'By.cssSelector: .btn.btn-success' in '5' second(s)

2021-10-14 17:37:15 - [MESSAGE][PASSED] - Object 'Object Repository/Sayfalar/Giris_Sayfasi/PopupOK' is present

2021-10-14 17:37:15 - [TEST_STEP][PASSED] - click(findTestObject("Object Repository/Sayfalar/Giris_Sayfasi/PopupCarpiGiris")): Object: 'Object Repository/Sayfalar/Giris_Sayfasi/PopupCarpiGiris' is clicked on

2021-10-14 17:37:15 - [MESSAGE][INFO] - Finding Test Object 'Object Repository/Sayfalar/Giris_Sayfasi/PopupCarpiGiris'

2021-10-14 17:37:15 - [MESSAGE][INFO] - Checking object

2021-10-14 17:37:15 - [MESSAGE][INFO] - Finding web element from Test Object's properties

2021-10-14 17:37:15 - [MESSAGE][INFO] - Checking timeout

2021-10-14 17:37:15 - [MESSAGE][INFO] - Finding web element with id: 'Object Repository/Sayfalar/Giris_Sayfasi/PopupCarpiGiris' located by 'By.cssSelector: .bootbox-close-button.close' in '30' second(s)

2021-10-14 17:37:15 - [MESSAGE][INFO] - Smart Wait Function is triggered

2021-10-14 17:37:15 - [MESSAGE][INFO] - Found 1 web elements with id: 'Object Repository/Sayfalar/Giris_Sayfasi/PopupCarpiGiris' located by 'By.cssSelector: .bootbox-close-button.close' in '30' second(s)

2021-10-14 17:37:15 - [MESSAGE][INFO] - Clicking on object: 'Object Repository/Sayfalar/Giris_Sayfasi/PopupCarpiGiris'

2021-10-14 17:37:15 - [MESSAGE][PASSED] - Object: 'Object Repository/Sayfalar/Giris_Sayfasi/PopupCarpiGiris' is clicked on

2021-10-14 17:37:15 - [TEST_STEP][PASSED] - verifyElementVisible(findTestObject("Object Repository/Kullanici_Islemleri/KullaniciIslemleri")): Object 'Object Repository/Kullanici_Islemleri/KullaniciIslemleri' is visible

2021-10-14 17:37:15 - [MESSAGE][INFO] - Finding Test Object 'Object Repository/Kullanici_Islemleri/KullaniciIslemleri'

2021-10-14 17:37:15 - [MESSAGE][INFO] - Checking object

2021-10-14 17:37:15 - [MESSAGE][INFO] - Finding web element from Test Object's properties

2021-10-14 17:37:15 - [MESSAGE][INFO] - Checking timeout

2021-10-14 17:37:15 - [MESSAGE][INFO] - Finding web element with id: 'Object Repository/Kullanici_Islemleri/KullaniciIslemleri' located by 'By.cssSelector: .dropdown>a>img' in '30' second(s)

2021-10-14 17:37:15 - [MESSAGE][INFO] - Smart Wait Function is triggered

2021-10-14 17:37:16 - [MESSAGE][INFO] - Found 1 web elements with id: 'Object Repository/Kullanici_Islemleri/KullaniciIslemleri' located by 'By.cssSelector: .dropdown>a>img' in '30' second(s)

2021-10-14 17:37:16 - [MESSAGE][PASSED] - Object 'Object Repository/Kullanici_Islemleri/KullaniciIslemleri' is visible

2021-10-14 17:37:16 - [MESSAGE][PASSED] - Call Test Case 'Test Cases/Sayfalar/Giris_Sayfasi/Login' successfully

2021-10-14 17:37:16 - [MESSAGE][INFO] - Checking called Test Case

2021-10-14 17:37:16 - [MESSAGE][INFO] - Starting to call Test Case 'Test Cases/Menu/AnaMenuSecimi'

2021-10-14 17:37:16 - [TEST_CASE][PASSED] - Test Cases/Menu/AnaMenuSecimi: Test Cases/Menu/AnaMenuSecimi

2021-10-14 17:37:17 - [TEST_STEP][PASSED] - Method.TextDegerineEsitElementeTikla(findTestObject("Menu/Ana_Menu"), Ana_Menu): Method.TextDegerineEsitElementeTikla is PASSED

2021-10-14 17:37:17 - [MESSAGE][INFO] - Finding Test Object 'Object Repository/Menu/Ana_Menu'

2021-10-14 17:37:17 - [MESSAGE][INFO] - Checking timeout

2021-10-14 17:37:17 - [MESSAGE][INFO] - Finding web element with id: 'Object Repository/Menu/Ana_Menu' located by 'By.xpath: //*[@class = 'dropdown-toggle']' in '10' second(s)

2021-10-14 17:37:17 - [MESSAGE][INFO] - Smart Wait Function is triggered

2021-10-14 17:37:17 - [MESSAGE][INFO] - Found 14 web elements with id: 'Object Repository/Menu/Ana_Menu' located by 'By.xpath: //*[@class = 'dropdown-toggle']' in '10' second(s)

2021-10-14 17:37:18 - [MESSAGE][PASSED] - Method.TextDegerineEsitElementeTikla is PASSED

2021-10-14 17:37:18 - [MESSAGE][PASSED] - Call Test Case 'Test Cases/Menu/AnaMenuSecimi' successfully

2021-10-14 17:37:18 - [MESSAGE][INFO] - Checking called Test Case

2021-10-14 17:37:18 - [MESSAGE][INFO] - Starting to call Test Case 'Test Cases/Menu/AltMenuSecimi'

2021-10-14 17:37:18 - [TEST_CASE][PASSED] - Test Cases/Menu/AltMenuSecimi: Test Cases/Menu/AltMenuSecimi

2021-10-14 17:37:18 - [TEST_STEP][PASSED] - Method.TextDegerineEsitElementeTikla(findTestObject("Menu/Alt_Menu"), Alt_Menu): Method.TextDegerineEsitElementeTikla is PASSED

2021-10-14 17:37:18 - [MESSAGE][INFO] - Finding Test Object 'Object Repository/Menu/Alt_Menu'

2021-10-14 17:37:18 - [MESSAGE][INFO] - Checking timeout

2021-10-14 17:37:18 - [MESSAGE][INFO] - Finding web element with id: 'Object Repository/Menu/Alt_Menu' located by 'By.xpath: //li[@class='dropdown dropdown-large open']//li[@class='dropdown-element']' in '10' second(s)

2021-10-14 17:37:18 - [MESSAGE][INFO] - Smart Wait Function is triggered

2021-10-14 17:37:19 - [MESSAGE][INFO] - Found 9 web elements with id: 'Object Repository/Menu/Alt_Menu' located by 'By.xpath: //li[@class='dropdown dropdown-large open']//li[@class='dropdown-element']' in '10' second(s)

2021-10-14 17:37:19 - [MESSAGE][PASSED] - Method.TextDegerineEsitElementeTikla is PASSED

2021-10-14 17:37:19 - [MESSAGE][PASSED] - Call Test Case 'Test Cases/Menu/AltMenuSecimi' successfully

2021-10-14 17:37:19 - [MESSAGE][INFO] - Checking called Test Case

2021-10-14 17:37:19 - [MESSAGE][INFO] - Starting to call Test Case 'Test Cases/Filtreler/FiltreVarMi_Raporlar'

2021-10-14 17:37:19 - [TEST_CASE][PASSED] - Test Cases/Filtreler/FiltreVarMi_Raporlar: Test Cases/Filtreler/FiltreVarMi_Raporlar

2021-10-14 17:37:20 - [TEST_STEP][PASSED] - Method.TextDegerineEsitElementVarMi(findTestObject("Filtreler/Basliklar_Raporlar"), Filtre_alan): Method.TextDegerineEsitElementVarMi is PASSED

2021-10-14 17:37:20 - [MESSAGE][INFO] - Finding Test Object 'Object Repository/Filtreler/Basliklar_Raporlar'

2021-10-14 17:37:20 - [MESSAGE][INFO] - Checking timeout

2021-10-14 17:37:20 - [MESSAGE][INFO] - Finding web element with id: 'Object Repository/Filtreler/Basliklar_Raporlar' located by 'By.cssSelector: .control-label.col-sm-4.col-sm-4' in '10' second(s)

2021-10-14 17:37:20 - [MESSAGE][INFO] - Smart Wait Function is triggered

2021-10-14 17:37:20 - [MESSAGE][INFO] - Found 7 web elements with id: 'Object Repository/Filtreler/Basliklar_Raporlar' located by 'By.cssSelector: .control-label.col-sm-4.col-sm-4' in '10' second(s)

2021-10-14 17:37:20 - [MESSAGE][PASSED] - Method.TextDegerineEsitElementVarMi is PASSED

2021-10-14 17:37:20 - [MESSAGE][PASSED] - Call Test Case 'Test Cases/Filtreler/FiltreVarMi_Raporlar' successfully

2021-10-14 17:37:20 - [MESSAGE][INFO] - Checking called Test Case

2021-10-14 17:37:20 - [MESSAGE][INFO] - Starting to call Test Case 'Test Cases/Filtreler/FiltreVarMi_Raporlar'

2021-10-14 17:37:20 - [TEST_CASE][PASSED] - Test Cases/Filtreler/FiltreVarMi_Raporlar: Test Cases/Filtreler/FiltreVarMi_Raporlar

2021-10-14 17:37:20 - [TEST_STEP][PASSED] - Method.TextDegerineEsitElementVarMi(findTestObject("Filtreler/Basliklar_Raporlar"), Filtre_alan): Method.TextDegerineEsitElementVarMi is PASSED

2021-10-14 17:37:20 - [MESSAGE][INFO] - Finding Test Object 'Object Repository/Filtreler/Basliklar_Raporlar'

2021-10-14 17:37:21 - [MESSAGE][INFO] - Checking timeout

2021-10-14 17:37:21 - [MESSAGE][INFO] - Finding web element with id: 'Object Repository/Filtreler/Basliklar_Raporlar' located by 'By.cssSelector: .control-label.col-sm-4.col-sm-4' in '10' second(s)

2021-10-14 17:37:21 - [MESSAGE][INFO] - Smart Wait Function is triggered

2021-10-14 17:37:21 - [MESSAGE][INFO] - Found 7 web elements with id: 'Object Repository/Filtreler/Basliklar_Raporlar' located by 'By.cssSelector: .control-label.col-sm-4.col-sm-4' in '10' second(s)

2021-10-14 17:37:21 - [MESSAGE][PASSED] - Method.TextDegerineEsitElementVarMi is PASSED

2021-10-14 17:37:21 - [MESSAGE][PASSED] - Call Test Case 'Test Cases/Filtreler/FiltreVarMi_Raporlar' successfully

2021-10-14 17:37:21 - [MESSAGE][INFO] - Checking called Test Case

2021-10-14 17:37:21 - [MESSAGE][INFO] - Starting to call Test Case 'Test Cases/Filtreler/FiltreVarMi_Raporlar'

2021-10-14 17:37:21 - [TEST_CASE][PASSED] - Test Cases/Filtreler/FiltreVarMi_Raporlar: Test Cases/Filtreler/FiltreVarMi_Raporlar

2021-10-14 17:37:21 - [TEST_STEP][PASSED] - Method.TextDegerineEsitElementVarMi(findTestObject("Filtreler/Basliklar_Raporlar"), Filtre_alan): Method.TextDegerineEsitElementVarMi is PASSED

2021-10-14 17:37:21 - [MESSAGE][INFO] - Finding Test Object 'Object Repository/Filtreler/Basliklar_Raporlar'

2021-10-14 17:37:21 - [MESSAGE][INFO] - Checking timeout

2021-10-14 17:37:21 - [MESSAGE][INFO] - Finding web element with id: 'Object Repository/Filtreler/Basliklar_Raporlar' located by 'By.cssSelector: .control-label.col-sm-4.col-sm-4' in '10' second(s)

2021-10-14 17:37:21 - [MESSAGE][INFO] - Smart Wait Function is triggered

2021-10-14 17:37:21 - [MESSAGE][INFO] - Found 7 web elements with id: 'Object Repository/Filtreler/Basliklar_Raporlar' located by 'By.cssSelector: .control-label.col-sm-4.col-sm-4' in '10' second(s)

2021-10-14 17:37:21 - [MESSAGE][PASSED] - Method.TextDegerineEsitElementVarMi is PASSED

2021-10-14 17:37:21 - [MESSAGE][PASSED] - Call Test Case 'Test Cases/Filtreler/FiltreVarMi_Raporlar' successfully

2021-10-14 17:37:21 - [MESSAGE][INFO] - Checking called Test Case

2021-10-14 17:37:21 - [MESSAGE][INFO] - Starting to call Test Case 'Test Cases/Filtreler/FiltreVarMi_Raporlar'

2021-10-14 17:37:21 - [TEST_CASE][PASSED] - Test Cases/Filtreler/FiltreVarMi_Raporlar: Test Cases/Filtreler/FiltreVarMi_Raporlar

2021-10-14 17:37:21 - [TEST_STEP][PASSED] - Method.TextDegerineEsitElementVarMi(findTestObject("Filtreler/Basliklar_Raporlar"), Filtre_alan): Method.TextDegerineEsitElementVarMi is PASSED

2021-10-14 17:37:21 - [MESSAGE][INFO] - Finding Test Object 'Object Repository/Filtreler/Basliklar_Raporlar'

2021-10-14 17:37:21 - [MESSAGE][INFO] - Checking timeout

2021-10-14 17:37:21 - [MESSAGE][INFO] - Finding web element with id: 'Object Repository/Filtreler/Basliklar_Raporlar' located by 'By.cssSelector: .control-label.col-sm-4.col-sm-4' in '10' second(s)

2021-10-14 17:37:21 - [MESSAGE][INFO] - Smart Wait Function is triggered

2021-10-14 17:37:22 - [MESSAGE][INFO] - Found 7 web elements with id: 'Object Repository/Filtreler/Basliklar_Raporlar' located by 'By.cssSelector: .control-label.col-sm-4.col-sm-4' in '10' second(s)

2021-10-14 17:37:22 - [MESSAGE][PASSED] - Method.TextDegerineEsitElementVarMi is PASSED

2021-10-14 17:37:22 - [MESSAGE][PASSED] - Call Test Case 'Test Cases/Filtreler/FiltreVarMi_Raporlar' successfully

2021-10-14 17:37:22 - [MESSAGE][INFO] - Checking called Test Case

2021-10-14 17:37:22 - [MESSAGE][INFO] - Starting to call Test Case 'Test Cases/Filtreler/FiltreVarMi_Raporlar'

2021-10-14 17:37:22 - [TEST_CASE][PASSED] - Test Cases/Filtreler/FiltreVarMi_Raporlar: Test Cases/Filtreler/FiltreVarMi_Raporlar

2021-10-14 17:37:22 - [TEST_STEP][PASSED] - Method.TextDegerineEsitElementVarMi(findTestObject("Filtreler/Basliklar_Raporlar"), Filtre_alan): Method.TextDegerineEsitElementVarMi is PASSED

2021-10-14 17:37:22 - [MESSAGE][INFO] - Finding Test Object 'Object Repository/Filtreler/Basliklar_Raporlar'

2021-10-14 17:37:22 - [MESSAGE][INFO] - Checking timeout

2021-10-14 17:37:22 - [MESSAGE][INFO] - Finding web element with id: 'Object Repository/Filtreler/Basliklar_Raporlar' located by 'By.cssSelector: .control-label.col-sm-4.col-sm-4' in '10' second(s)

2021-10-14 17:37:22 - [MESSAGE][INFO] - Smart Wait Function is triggered

2021-10-14 17:37:22 - [MESSAGE][INFO] - Found 7 web elements with id: 'Object Repository/Filtreler/Basliklar_Raporlar' located by 'By.cssSelector: .control-label.col-sm-4.col-sm-4' in '10' second(s)

2021-10-14 17:37:22 - [MESSAGE][PASSED] - Method.TextDegerineEsitElementVarMi is PASSED

2021-10-14 17:37:22 - [MESSAGE][PASSED] - Call Test Case 'Test Cases/Filtreler/FiltreVarMi_Raporlar' successfully

2021-10-14 17:37:22 - [MESSAGE][INFO] - Checking called Test Case

2021-10-14 17:37:22 - [MESSAGE][INFO] - Starting to call Test Case 'Test Cases/Filtreler/FiltreVarMi_Raporlar'

2021-10-14 17:37:22 - [TEST_CASE][PASSED] - Test Cases/Filtreler/FiltreVarMi_Raporlar: Test Cases/Filtreler/FiltreVarMi_Raporlar

2021-10-14 17:37:22 - [TEST_STEP][PASSED] - Method.TextDegerineEsitElementVarMi(findTestObject("Filtreler/Basliklar_Raporlar"), Filtre_alan): Method.TextDegerineEsitElementVarMi is PASSED

2021-10-14 17:37:22 - [MESSAGE][INFO] - Finding Test Object 'Object Repository/Filtreler/Basliklar_Raporlar'

2021-10-14 17:37:22 - [MESSAGE][INFO] - Checking timeout

2021-10-14 17:37:22 - [MESSAGE][INFO] - Finding web element with id: 'Object Repository/Filtreler/Basliklar_Raporlar' located by 'By.cssSelector: .control-label.col-sm-4.col-sm-4' in '10' second(s)

2021-10-14 17:37:22 - [MESSAGE][INFO] - Smart Wait Function is triggered

2021-10-14 17:37:23 - [MESSAGE][INFO] - Found 7 web elements with id: 'Object Repository/Filtreler/Basliklar_Raporlar' located by 'By.cssSelector: .control-label.col-sm-4.col-sm-4' in '10' second(s)

2021-10-14 17:37:23 - [MESSAGE][PASSED] - Method.TextDegerineEsitElementVarMi is PASSED

2021-10-14 17:37:23 - [MESSAGE][PASSED] - Call Test Case 'Test Cases/Filtreler/FiltreVarMi_Raporlar' successfully

2021-10-14 17:37:23 - [MESSAGE][INFO] - Checking called Test Case

2021-10-14 17:37:23 - [MESSAGE][INFO] - Starting to call Test Case 'Test Cases/Filtreler/FiltreVarMi_Raporlar'

2021-10-14 17:37:23 - [TEST_CASE][PASSED] - Test Cases/Filtreler/FiltreVarMi_Raporlar: Test Cases/Filtreler/FiltreVarMi_Raporlar

2021-10-14 17:37:23 - [TEST_STEP][PASSED] - Method.TextDegerineEsitElementVarMi(findTestObject("Filtreler/Basliklar_Raporlar"), Filtre_alan): Method.TextDegerineEsitElementVarMi is PASSED

2021-10-14 17:37:23 - [MESSAGE][INFO] - Finding Test Object 'Object Repository/Filtreler/Basliklar_Raporlar'

2021-10-14 17:37:23 - [MESSAGE][INFO] - Checking timeout

2021-10-14 17:37:23 - [MESSAGE][INFO] - Finding web element with id: 'Object Repository/Filtreler/Basliklar_Raporlar' located by 'By.cssSelector: .control-label.col-sm-4.col-sm-4' in '10' second(s)

2021-10-14 17:37:23 - [MESSAGE][INFO] - Smart Wait Function is triggered

2021-10-14 17:37:23 - [MESSAGE][INFO] - Found 7 web elements with id: 'Object Repository/Filtreler/Basliklar_Raporlar' located by 'By.cssSelector: .control-label.col-sm-4.col-sm-4' in '10' second(s)

2021-10-14 17:37:23 - [MESSAGE][PASSED] - Method.TextDegerineEsitElementVarMi is PASSED

2021-10-14 17:37:23 - [MESSAGE][PASSED] - Call Test Case 'Test Cases/Filtreler/FiltreVarMi_Raporlar' successfully

2021-10-14 17:37:23 - [MESSAGE][INFO] - Checking called Test Case

2021-10-14 17:37:23 - [MESSAGE][INFO] - Starting to call Test Case 'Test Cases/Filtreler/ButonVarMi'

2021-10-14 17:37:23 - [TEST_CASE][PASSED] - Test Cases/Filtreler/ButonVarMi: Test Cases/Filtreler/ButonVarMi

2021-10-14 17:37:24 - [TEST_STEP][PASSED] - Method.TextDegerineEsitElementVarMi(findTestObject("Filtreler/Butonlar"), Filtre_Buton): Method.TextDegerineEsitElementVarMi is PASSED

2021-10-14 17:37:24 - [MESSAGE][INFO] - Finding Test Object 'Object Repository/Filtreler/Butonlar'

2021-10-14 17:37:24 - [MESSAGE][INFO] - Checking timeout

2021-10-14 17:37:24 - [MESSAGE][INFO] - Finding web element with id: 'Object Repository/Filtreler/Butonlar' located by 'By.cssSelector: .dxb>span' in '10' second(s)

2021-10-14 17:37:24 - [MESSAGE][INFO] - Smart Wait Function is triggered

2021-10-14 17:37:24 - [MESSAGE][INFO] - Found 2 web elements with id: 'Object Repository/Filtreler/Butonlar' located by 'By.cssSelector: .dxb>span' in '10' second(s)

2021-10-14 17:37:24 - [MESSAGE][PASSED] - Method.TextDegerineEsitElementVarMi is PASSED

2021-10-14 17:37:24 - [MESSAGE][PASSED] - Call Test Case 'Test Cases/Filtreler/ButonVarMi' successfully

2021-10-14 17:37:24 - [MESSAGE][INFO] - Checking called Test Case

2021-10-14 17:37:24 - [MESSAGE][INFO] - Starting to call Test Case 'Test Cases/Filtreler/ButonVarMi'

2021-10-14 17:37:25 - [TEST_CASE][PASSED] - Test Cases/Filtreler/ButonVarMi: Test Cases/Filtreler/ButonVarMi

2021-10-14 17:37:25 - [TEST_STEP][PASSED] - Method.TextDegerineEsitElementVarMi(findTestObject("Filtreler/Butonlar"), Filtre_Buton): Method.TextDegerineEsitElementVarMi is PASSED

2021-10-14 17:37:25 - [MESSAGE][INFO] - Finding Test Object 'Object Repository/Filtreler/Butonlar'

2021-10-14 17:37:25 - [MESSAGE][INFO] - Checking timeout

2021-10-14 17:37:25 - [MESSAGE][INFO] - Finding web element with id: 'Object Repository/Filtreler/Butonlar' located by 'By.cssSelector: .dxb>span' in '10' second(s)

2021-10-14 17:37:25 - [MESSAGE][INFO] - Smart Wait Function is triggered

2021-10-14 17:37:25 - [MESSAGE][INFO] - Found 2 web elements with id: 'Object Repository/Filtreler/Butonlar' located by 'By.cssSelector: .dxb>span' in '10' second(s)

2021-10-14 17:37:25 - [MESSAGE][PASSED] - Method.TextDegerineEsitElementVarMi is PASSED

2021-10-14 17:37:25 - [MESSAGE][PASSED] - Call Test Case 'Test Cases/Filtreler/ButonVarMi' successfully

2021-10-14 17:37:25 - [MESSAGE][INFO] - Checking called Test Case

2021-10-14 17:37:25 - [MESSAGE][INFO] - Starting to call Test Case 'Test Cases/Butonlar/ButonVarMi'

2021-10-14 17:37:25 - [TEST_CASE][PASSED] - Test Cases/Butonlar/ButonVarMi: Test Cases/Butonlar/ButonVarMi

2021-10-14 17:37:26 - [TEST_STEP][PASSED] - Method.TextDegerineEsitElementVarMi(findTestObject("Butonlar/Butonlar"), Buton): Method.TextDegerineEsitElementVarMi is PASSED

2021-10-14 17:37:26 - [MESSAGE][INFO] - Finding Test Object 'Object Repository/Butonlar/Butonlar'

2021-10-14 17:37:26 - [MESSAGE][INFO] - Checking timeout

2021-10-14 17:37:26 - [MESSAGE][INFO] - Finding web element with id: 'Object Repository/Butonlar/Butonlar' located by 'By.cssSelector: .panel.panel-default.text-center.footerPanel .btn,.btn.btn-primary.btnControls' in '10' second(s)

2021-10-14 17:37:26 - [MESSAGE][INFO] - Smart Wait Function is triggered

2021-10-14 17:37:26 - [MESSAGE][INFO] - Found 1 web elements with id: 'Object Repository/Butonlar/Butonlar' located by 'By.cssSelector: .panel.panel-default.text-center.footerPanel .btn,.btn.btn-primary.btnControls' in '10' second(s)

2021-10-14 17:37:26 - [MESSAGE][PASSED] - Method.TextDegerineEsitElementVarMi is PASSED

2021-10-14 17:37:26 - [MESSAGE][PASSED] - Call Test Case 'Test Cases/Butonlar/ButonVarMi' successfully

2021-10-14 17:37:26 - [MESSAGE][INFO] - Checking called Test Case

2021-10-14 17:37:26 - [MESSAGE][INFO] - Starting to call Test Case 'Test Cases/Butonlar/ButonaTikla'

2021-10-14 17:37:26 - [TEST_CASE][PASSED] - Test Cases/Butonlar/ButonaTikla: Test Cases/Butonlar/ButonaTikla

2021-10-14 17:37:27 - [TEST_STEP][PASSED] - Method.TextDegerineEsitElementeTiklaEquals(findTestObject("Butonlar/Butonlar"), Buton_Adi): Method.TextDegerineEsitElementeTiklaEquals is PASSED

2021-10-14 17:37:27 - [MESSAGE][INFO] - Finding Test Object 'Object Repository/Butonlar/Butonlar'

2021-10-14 17:37:27 - [MESSAGE][INFO] - Checking timeout

2021-10-14 17:37:27 - [MESSAGE][INFO] - Finding web element with id: 'Object Repository/Butonlar/Butonlar' located by 'By.cssSelector: .panel.panel-default.text-center.footerPanel .btn,.btn.btn-primary.btnControls' in '10' second(s)

2021-10-14 17:37:27 - [MESSAGE][INFO] - Smart Wait Function is triggered

2021-10-14 17:37:27 - [MESSAGE][INFO] - Found 1 web elements with id: 'Object Repository/Butonlar/Butonlar' located by 'By.cssSelector: .panel.panel-default.text-center.footerPanel .btn,.btn.btn-primary.btnControls' in '10' second(s)

2021-10-14 17:37:27 - [MESSAGE][PASSED] - Method.TextDegerineEsitElementeTiklaEquals is PASSED

2021-10-14 17:37:27 - [MESSAGE][PASSED] - Call Test Case 'Test Cases/Butonlar/ButonaTikla' successfully

2021-10-14 17:37:27 - [MESSAGE][INFO] - Checking called Test Case

2021-10-14 17:37:27 - [MESSAGE][INFO] - Starting to call Test Case 'Test Cases/Butonlar/AltButonVarMi'

2021-10-14 17:37:27 - [TEST_CASE][PASSED] - Test Cases/Butonlar/AltButonVarMi: Test Cases/Butonlar/AltButonVarMi

2021-10-14 17:37:28 - [TEST_STEP][PASSED] - Method.TextDegerineEsitElementVarMi(findTestObject("Butonlar/AltButonlar"), AltButon): Method.TextDegerineEsitElementVarMi is PASSED

2021-10-14 17:37:28 - [MESSAGE][INFO] - Finding Test Object 'Object Repository/Butonlar/AltButonlar'

2021-10-14 17:37:28 - [MESSAGE][INFO] - Checking timeout

2021-10-14 17:37:28 - [MESSAGE][INFO] - Finding web element with id: 'Object Repository/Butonlar/AltButonlar' located by 'By.cssSelector: .btn-group.open li>a' in '10' second(s)

2021-10-14 17:37:28 - [MESSAGE][INFO] - Smart Wait Function is triggered

2021-10-14 17:37:29 - [MESSAGE][INFO] - Found 1 web elements with id: 'Object Repository/Butonlar/AltButonlar' located by 'By.cssSelector: .btn-group.open li>a' in '10' second(s)

2021-10-14 17:37:29 - [MESSAGE][PASSED] - Method.TextDegerineEsitElementVarMi is PASSED

2021-10-14 17:37:29 - [MESSAGE][PASSED] - Call Test Case 'Test Cases/Butonlar/AltButonVarMi' successfully

2021-10-14 17:37:29 - [MESSAGE][INFO] - Checking called Test Case

2021-10-14 17:37:29 - [MESSAGE][INFO] - Starting to call Test Case 'Test Cases/Filtreler/RaporTexboxaYaz'

2021-10-14 17:37:29 - [TEST_CASE][PASSED] - Test Cases/Filtreler/RaporTexboxaYaz: Test Cases/Filtreler/RaporTexboxaYaz

2021-10-14 17:37:29 - [TEST_STEP][PASSED] - Method.TextDegerineEsitElementinAltindakiTextboxtaYaz(findTestObject("Filtreler/Basliklar_Raporlar"), findTestObject("Filtreler/Basliga_Gore_Textbox"), Filtre_Adi, Filtre_Degeri): Method.TextDegerineEsitElementinAltindakiTextboxtaYaz is PASSED

2021-10-14 17:37:29 - [MESSAGE][INFO] - Finding Test Object 'Object Repository/Filtreler/Basliklar_Raporlar'

2021-10-14 17:37:30 - [MESSAGE][INFO] - Finding Test Object 'Object Repository/Filtreler/Basliga_Gore_Textbox'

2021-10-14 17:37:30 - [MESSAGE][INFO] - Checking timeout

2021-10-14 17:37:30 - [MESSAGE][INFO] - Finding web element with id: 'Object Repository/Filtreler/Basliklar_Raporlar' located by 'By.cssSelector: .control-label.col-sm-4.col-sm-4' in '10' second(s)

2021-10-14 17:37:30 - [MESSAGE][INFO] - Smart Wait Function is triggered

2021-10-14 17:37:30 - [MESSAGE][INFO] - Found 7 web elements with id: 'Object Repository/Filtreler/Basliklar_Raporlar' located by 'By.cssSelector: .control-label.col-sm-4.col-sm-4' in '10' second(s)

2021-10-14 17:37:30 - [MESSAGE][INFO] - Smart Wait Function is triggered

2021-10-14 17:37:31 - [MESSAGE][PASSED] - Method.TextDegerineEsitElementinAltindakiTextboxtaYaz is PASSED

2021-10-14 17:37:31 - [MESSAGE][PASSED] - Call Test Case 'Test Cases/Filtreler/RaporTexboxaYaz' successfully

2021-10-14 17:37:31 - [MESSAGE][INFO] - Checking called Test Case

2021-10-14 17:37:31 - [MESSAGE][INFO] - Starting to call Test Case 'Test Cases/Filtreler/ButonaTikla'

2021-10-14 17:37:31 - [TEST_CASE][PASSED] - Test Cases/Filtreler/ButonaTikla: Test Cases/Filtreler/ButonaTikla

2021-10-14 17:37:31 - [TEST_STEP][PASSED] - Method.TextDegerineEsitElementeTikla(findTestObject("Filtreler/Butonlar"), Filtre_Buton): Method.TextDegerineEsitElementeTikla is PASSED

2021-10-14 17:37:31 - [MESSAGE][INFO] - Finding Test Object 'Object Repository/Filtreler/Butonlar'

2021-10-14 17:37:31 - [MESSAGE][INFO] - Checking timeout

2021-10-14 17:37:31 - [MESSAGE][INFO] - Finding web element with id: 'Object Repository/Filtreler/Butonlar' located by 'By.cssSelector: .dxb>span' in '10' second(s)

2021-10-14 17:37:31 - [MESSAGE][INFO] - Smart Wait Function is triggered

2021-10-14 17:37:32 - [MESSAGE][INFO] - Found 2 web elements with id: 'Object Repository/Filtreler/Butonlar' located by 'By.cssSelector: .dxb>span' in '10' second(s)

2021-10-14 17:37:32 - [MESSAGE][PASSED] - Method.TextDegerineEsitElementeTikla is PASSED

2021-10-14 17:37:32 - [MESSAGE][PASSED] - Call Test Case 'Test Cases/Filtreler/ButonaTikla' successfully

2021-10-14 17:37:32 - [MESSAGE][INFO] - Checking called Test Case

2021-10-14 17:37:32 - [MESSAGE][INFO] - Starting to call Test Case 'Test Cases/Tablo/TablodaVeriVarMi'

2021-10-14 17:37:32 - [TEST_CASE][PASSED] - Test Cases/Tablo/TablodaVeriVarMi: Test Cases/Tablo/TablodaVeriVarMi

2021-10-14 17:37:33 - [TEST_STEP][PASSED] - verifyTextNotPresent("Görüntülenecek veri yok", true): Text 'Görüntülenecek veri yok' is not present on page using regular expression

2021-10-14 17:37:33 - [MESSAGE][INFO] - Checking text present  using regular expression

2021-10-14 17:37:33 - [MESSAGE][INFO] - Smart Wait Function is triggered

2021-10-14 17:37:33 - [MESSAGE][INFO] - Finding text 'Görüntülenecek veri yok' on page  using regular expression

2021-10-14 17:37:33 - [MESSAGE][PASSED] - Text 'Görüntülenecek veri yok' is not present on page using regular expression

2021-10-14 17:37:33 - [MESSAGE][PASSED] - Call Test Case 'Test Cases/Tablo/TablodaVeriVarMi' successfully

2021-10-14 17:37:33 - [MESSAGE][INFO] - Checking called Test Case

2021-10-14 17:37:33 - [MESSAGE][INFO] - Starting to call Test Case 'Test Cases/Butonlar/NumaraliSayfayaGec'

2021-10-14 17:37:33 - [TEST_CASE][PASSED] - Test Cases/Butonlar/NumaraliSayfayaGec: Test Cases/Butonlar/NumaraliSayfayaGec

2021-10-14 17:37:34 - [TEST_STEP][PASSED] - waitForElementClickable(findTestObject("Butonlar/SayfaNumarasi"), 10): Object 'Object Repository/Butonlar/SayfaNumarasi' is clickable

2021-10-14 17:37:34 - [MESSAGE][INFO] - Finding Test Object 'Object Repository/Butonlar/SayfaNumarasi'

2021-10-14 17:37:34 - [MESSAGE][INFO] - Checking object

2021-10-14 17:37:34 - [MESSAGE][INFO] - Checking timeout

2021-10-14 17:37:34 - [MESSAGE][INFO] - Finding web element from Test Object's properties

2021-10-14 17:37:34 - [MESSAGE][INFO] - Checking timeout

2021-10-14 17:37:34 - [MESSAGE][INFO] - Finding web element with id: 'Object Repository/Butonlar/SayfaNumarasi' located by 'By.cssSelector: .dxp-num' in '10' second(s)

2021-10-14 17:37:34 - [MESSAGE][INFO] - Smart Wait Function is triggered

2021-10-14 17:37:35 - [MESSAGE][INFO] - Found 2 web elements with id: 'Object Repository/Butonlar/SayfaNumarasi' located by 'By.cssSelector: .dxp-num' in '10' second(s)

2021-10-14 17:37:35 - [MESSAGE][PASSED] - Object 'Object Repository/Butonlar/SayfaNumarasi' is clickable

2021-10-14 17:37:35 - [TEST_STEP][PASSED] - Method.TextDegerineEsitElementeTiklaEquals(findTestObject("Butonlar/SayfaNumarasi"), SayfaNumarasi): Method.TextDegerineEsitElementeTiklaEquals is PASSED

2021-10-14 17:37:35 - [MESSAGE][INFO] - Finding Test Object 'Object Repository/Butonlar/SayfaNumarasi'

2021-10-14 17:37:35 - [MESSAGE][INFO] - Checking timeout

2021-10-14 17:37:35 - [MESSAGE][INFO] - Finding web element with id: 'Object Repository/Butonlar/SayfaNumarasi' located by 'By.cssSelector: .dxp-num' in '10' second(s)

2021-10-14 17:37:35 - [MESSAGE][INFO] - Smart Wait Function is triggered

2021-10-14 17:37:36 - [MESSAGE][INFO] - Found 2 web elements with id: 'Object Repository/Butonlar/SayfaNumarasi' located by 'By.cssSelector: .dxp-num' in '10' second(s)

2021-10-14 17:37:36 - [MESSAGE][PASSED] - Method.TextDegerineEsitElementeTiklaEquals is PASSED

2021-10-14 17:37:36 - [MESSAGE][PASSED] - Call Test Case 'Test Cases/Butonlar/NumaraliSayfayaGec' successfully

2021-10-14 17:37:36 - [MESSAGE][INFO] - Checking called Test Case

2021-10-14 17:37:36 - [MESSAGE][INFO] - Starting to call Test Case 'Test Cases/Kullanici_Islemleri/KullaniciIslemlerindenSecimYapilir'

2021-10-14 17:37:36 - [TEST_CASE][PASSED] - Test Cases/Kullanici_Islemleri/KullaniciIslemlerindenSecimYapilir: Test Cases/Kullanici_Islemleri/KullaniciIslemlerindenSecimYapilir

2021-10-14 17:37:37 - [TEST_STEP][PASSED] - waitForElementClickable(findTestObject("Object Repository/Kullanici_Islemleri/KullaniciIslemleri"), 10): Object 'Object Repository/Kullanici_Islemleri/KullaniciIslemleri' is clickable

2021-10-14 17:37:37 - [MESSAGE][INFO] - Finding Test Object 'Object Repository/Kullanici_Islemleri/KullaniciIslemleri'

2021-10-14 17:37:37 - [MESSAGE][INFO] - Checking object

2021-10-14 17:37:37 - [MESSAGE][INFO] - Checking timeout

2021-10-14 17:37:37 - [MESSAGE][INFO] - Finding web element from Test Object's properties

2021-10-14 17:37:37 - [MESSAGE][INFO] - Checking timeout

2021-10-14 17:37:37 - [MESSAGE][INFO] - Finding web element with id: 'Object Repository/Kullanici_Islemleri/KullaniciIslemleri' located by 'By.cssSelector: .dropdown>a>img' in '10' second(s)

2021-10-14 17:37:37 - [MESSAGE][INFO] - Smart Wait Function is triggered

2021-10-14 17:37:37 - [MESSAGE][INFO] - Found 1 web elements with id: 'Object Repository/Kullanici_Islemleri/KullaniciIslemleri' located by 'By.cssSelector: .dropdown>a>img' in '10' second(s)

2021-10-14 17:37:37 - [MESSAGE][PASSED] - Object 'Object Repository/Kullanici_Islemleri/KullaniciIslemleri' is clickable

2021-10-14 17:37:37 - [TEST_STEP][PASSED] - click(findTestObject("Object Repository/Kullanici_Islemleri/KullaniciIslemleri")): Object: 'Object Repository/Kullanici_Islemleri/KullaniciIslemleri' is clicked on

2021-10-14 17:37:37 - [MESSAGE][INFO] - Finding Test Object 'Object Repository/Kullanici_Islemleri/KullaniciIslemleri'

2021-10-14 17:37:37 - [MESSAGE][INFO] - Checking object

2021-10-14 17:37:37 - [MESSAGE][INFO] - Finding web element from Test Object's properties

2021-10-14 17:37:37 - [MESSAGE][INFO] - Checking timeout

2021-10-14 17:37:37 - [MESSAGE][INFO] - Finding web element with id: 'Object Repository/Kullanici_Islemleri/KullaniciIslemleri' located by 'By.cssSelector: .dropdown>a>img' in '30' second(s)

2021-10-14 17:37:37 - [MESSAGE][INFO] - Smart Wait Function is triggered

2021-10-14 17:37:38 - [MESSAGE][INFO] - Found 1 web elements with id: 'Object Repository/Kullanici_Islemleri/KullaniciIslemleri' located by 'By.cssSelector: .dropdown>a>img' in '30' second(s)

2021-10-14 17:37:38 - [MESSAGE][INFO] - Clicking on object: 'Object Repository/Kullanici_Islemleri/KullaniciIslemleri'

2021-10-14 17:37:38 - [MESSAGE][PASSED] - Object: 'Object Repository/Kullanici_Islemleri/KullaniciIslemleri' is clicked on

2021-10-14 17:37:38 - [TEST_STEP][PASSED] - Method.TextDegerineEsitElementeTikla(findTestObject("Object Repository/Kullanici_Islemleri/Secenekler"), Islem): Method.TextDegerineEsitElementeTikla is PASSED

2021-10-14 17:37:38 - [MESSAGE][INFO] - Finding Test Object 'Object Repository/Kullanici_Islemleri/Secenekler'

2021-10-14 17:37:38 - [MESSAGE][INFO] - Checking timeout

2021-10-14 17:37:38 - [MESSAGE][INFO] - Finding web element with id: 'Object Repository/Kullanici_Islemleri/Secenekler' located by 'By.cssSelector: .nav.navbar-nav.navbar-right li a' in '10' second(s)

2021-10-14 17:37:38 - [MESSAGE][INFO] - Smart Wait Function is triggered

2021-10-14 17:37:38 - [MESSAGE][INFO] - Found 22 web elements with id: 'Object Repository/Kullanici_Islemleri/Secenekler' located by 'By.cssSelector: .nav.navbar-nav.navbar-right li a' in '10' second(s)

2021-10-14 17:37:39 - [MESSAGE][PASSED] - Method.TextDegerineEsitElementeTikla is PASSED

2021-10-14 17:37:39 - [TEST_STEP][PASSED] - verifyElementNotPresent(findTestObject("Object Repository/Kullanici_Islemleri/Secenekler"), 10): Web element with id: 'Object Repository/Kullanici_Islemleri/Secenekler' located by 'By.cssSelector: .nav.navbar-nav.navbar-right li a' is not present after '10' second(s)

2021-10-14 17:37:39 - [MESSAGE][INFO] - Finding Test Object 'Object Repository/Kullanici_Islemleri/Secenekler'

2021-10-14 17:37:39 - [MESSAGE][INFO] - Checking object

2021-10-14 17:37:39 - [MESSAGE][INFO] - Checking timeout

2021-10-14 17:37:39 - [MESSAGE][INFO] - Finding web element with id: 'Object Repository/Kullanici_Islemleri/Secenekler' located by 'By.cssSelector: .nav.navbar-nav.navbar-right li a' in '10' second(s)

2021-10-14 17:37:39 - [MESSAGE][INFO] - Smart Wait Function is triggered

2021-10-14 17:37:40 - [MESSAGE][PASSED] - Web element with id: 'Object Repository/Kullanici_Islemleri/Secenekler' located by 'By.cssSelector: .nav.navbar-nav.navbar-right li a' is not present after '10' second(s)

2021-10-14 17:37:40 - [MESSAGE][PASSED] - Call Test Case 'Test Cases/Kullanici_Islemleri/KullaniciIslemlerindenSecimYapilir' successfully

2021-10-14 17:37:40 - [TEST_CASE][PASSED] - Start Test Case : SCENARIO Raporlar GIB Kullanici Listesi Buton Kontrolu: SCENARIO Raporlar GIB Kullanici Listesi Buton Kontrolu

2021-10-14 17:37:40 - [TEST_STEP][PASSED] - Kullanıcı adı ELOGO6 ve Şifre 123456 olarak giriş yapılır: Kullanıcı adı ELOGO6 ve Şifre 123456 olarak giriş yapılır

2021-10-14 17:37:40 - [MESSAGE][PASSED] - Kullanıcı adı ELOGO6 ve Şifre 123456 olarak giriş yapılır

2021-10-14 17:37:40 - [TEST_STEP][PASSED] - Ana menüden Raporlar seçilir: Ana menüden Raporlar seçilir

2021-10-14 17:37:40 - [MESSAGE][PASSED] - Ana menüden Raporlar seçilir

2021-10-14 17:37:40 - [TEST_STEP][PASSED] - Alt menüden GİB Kullanıcı Listesi seçilir: Alt menüden GİB Kullanıcı Listesi seçilir

2021-10-14 17:37:40 - [MESSAGE][PASSED] - Alt menüden GİB Kullanıcı Listesi seçilir

2021-10-14 17:37:40 - [TEST_STEP][PASSED] - Raporlar Filtre alanlarında Firma Adı var mı: Raporlar Filtre alanlarında Firma Adı var mı

2021-10-14 17:37:40 - [MESSAGE][PASSED] - Raporlar Filtre alanlarında Firma Adı var mı

2021-10-14 17:37:40 - [TEST_STEP][PASSED] - Raporlar Filtre alanlarında Firma Tipi var mı: Raporlar Filtre alanlarında Firma Tipi var mı

2021-10-14 17:37:40 - [MESSAGE][PASSED] - Raporlar Filtre alanlarında Firma Tipi var mı

2021-10-14 17:37:40 - [TEST_STEP][PASSED] - Raporlar Filtre alanlarında Kullanıcı Tipi var mı: Raporlar Filtre alanlarında Kullanıcı Tipi var mı

2021-10-14 17:37:40 - [MESSAGE][PASSED] - Raporlar Filtre alanlarında Kullanıcı Tipi var mı

2021-10-14 17:37:40 - [TEST_STEP][PASSED] - Raporlar Filtre alanlarında Kayıt Tarihi var mı: Raporlar Filtre alanlarında Kayıt Tarihi var mı

2021-10-14 17:37:40 - [MESSAGE][PASSED] - Raporlar Filtre alanlarında Kayıt Tarihi var mı

2021-10-14 17:37:40 - [TEST_STEP][PASSED] - Raporlar Filtre alanlarında Etiket Kayıt Tarihi var mı: Raporlar Filtre alanlarında Etiket Kayıt Tarihi var mı

2021-10-14 17:37:40 - [MESSAGE][PASSED] - Raporlar Filtre alanlarında Etiket Kayıt Tarihi var mı

2021-10-14 17:37:40 - [TEST_STEP][PASSED] - Raporlar Filtre alanlarında Etiket var mı: Raporlar Filtre alanlarında Etiket var mı

2021-10-14 17:37:40 - [MESSAGE][PASSED] - Raporlar Filtre alanlarında Etiket var mı

2021-10-14 17:37:40 - [TEST_STEP][PASSED] - Raporlar Filtre alanlarında Vergi No var mı: Raporlar Filtre alanlarında Vergi No var mı

2021-10-14 17:37:40 - [MESSAGE][PASSED] - Raporlar Filtre alanlarında Vergi No var mı

2021-10-14 17:37:40 - [TEST_STEP][PASSED] - Filtre butonlarında Listele var mı: Filtre butonlarında Listele var mı

2021-10-14 17:37:40 - [MESSAGE][PASSED] - Filtre butonlarında Listele var mı

2021-10-14 17:37:40 - [TEST_STEP][PASSED] - Filtre butonlarında Temizle var mı: Filtre butonlarında Temizle var mı

2021-10-14 17:37:40 - [MESSAGE][PASSED] - Filtre butonlarında Temizle var mı

2021-10-14 17:37:40 - [TEST_STEP][PASSED] - Butonlardan Excel var mı: Butonlardan Excel var mı

2021-10-14 17:37:40 - [MESSAGE][PASSED] - Butonlardan Excel var mı

2021-10-14 17:37:40 - [TEST_STEP][PASSED] - Butonlardan Excel isimli butona tıklanır: Butonlardan Excel isimli butona tıklanır

2021-10-14 17:37:40 - [MESSAGE][PASSED] - Butonlardan Excel isimli butona tıklanır

2021-10-14 17:37:40 - [TEST_STEP][PASSED] - Alt butonlardan Excel'e Aktar var mı: Alt butonlardan Excel'e Aktar var mı

2021-10-14 17:37:40 - [MESSAGE][PASSED] - Alt butonlardan Excel'e Aktar var mı

2021-10-14 17:37:40 - [TEST_STEP][PASSED] - Rapor Filtreleriden Vergi No filtresine 1234567806 textini yaz: Rapor Filtreleriden Vergi No filtresine 1234567806 textini yaz

2021-10-14 17:37:40 - [MESSAGE][PASSED] - Rapor Filtreleriden Vergi No filtresine 1234567806 textini yaz

2021-10-14 17:37:40 - [TEST_STEP][PASSED] - Filtre butonlarından Listele seçilir: Filtre butonlarından Listele seçilir

2021-10-14 17:37:40 - [MESSAGE][PASSED] - Filtre butonlarından Listele seçilir

2021-10-14 17:37:40 - [TEST_STEP][PASSED] - Tabloda veri var mı kontrol edilir: Tabloda veri var mı kontrol edilir

2021-10-14 17:37:40 - [MESSAGE][PASSED] - Tabloda veri var mı kontrol edilir

2021-10-14 17:37:40 - [TEST_STEP][PASSED] - Sayfa butonlarından 2 numaralı sayfa butonuna tıklanır: Sayfa butonlarından 2 numaralı sayfa butonuna tıklanır

2021-10-14 17:37:40 - [MESSAGE][PASSED] - Sayfa butonlarından 2 numaralı sayfa butonuna tıklanır

2021-10-14 17:37:40 - [TEST_STEP][PASSED] - Kullanıcı işlemlerinden Çıkış seçilir: Kullanıcı işlemlerinden Çıkış seçilir

2021-10-14 17:37:40 - [MESSAGE][PASSED] - Kullanıcı işlemlerinden Çıkış seçilir

2021-10-14 17:37:40 - [MESSAGE][PASSED] - Feature file: 'Include/features/Raporlar/GIB Kullanici Listesi/Ekran Kontrolu.feature' was passed

2021-10-14 17:37:40 - [TEST_STEP][PASSED] - Start listener action : sampleAfterTestSuite: Invoke 'com.kms.katalon.core.annotation.AfterTestCase' method: 'Listener.sampleAfterTestSuite(...)' completed.

2021-10-14 17:37:40 - [MESSAGE][INFO] - Starting invoke 'com.kms.katalon.core.annotation.AfterTestCase' method: 'Listener.sampleAfterTestSuite(...)'

2021-10-14 17:37:40 - [TEST_STEP][PASSED] - closeBrowser(): Invoke 'com.kms.katalon.core.annotation.AfterTestCase' method: 'Listener.sampleAfterTestSuite(...)' completed.

2021-10-14 17:37:40 - [MESSAGE][INFO] - Closing browser

2021-10-14 17:37:41 - [MESSAGE][PASSED] - Browser is closed

2021-10-14 17:37:41 - [MESSAGE][INFO] - Invoke 'com.kms.katalon.core.annotation.AfterTestCase' method: 'Listener.sampleAfterTestSuite(...)' completed.]]></system-out>
         <system-err><![CDATA[]]></system-err>
      </testcase>
      <testcase name="Test Cases/Case Repository/Raporlar/GIB Kullanici Listesi/Excel" time="31.086" classname="Test Cases/Case Repository/Raporlar/GIB Kullanici Listesi/Excel" status="PASSED">
         <system-out><![CDATA[2021-10-14 17:37:41 - [TEST_CASE][PASSED] - Test Cases/Case Repository/Raporlar/GIB Kullanici Listesi/Excel: Test Cases/Case Repository/Raporlar/GIB Kullanici Listesi/Excel

2021-10-14 17:37:41 - [TEST_STEP][PASSED] - Start listener action : sampleBeforeTestSuite: Invoke 'com.kms.katalon.core.annotation.BeforeTestCase' method: 'Listener.sampleBeforeTestSuite(...)' completed.

2021-10-14 17:37:41 - [MESSAGE][INFO] - Starting invoke 'com.kms.katalon.core.annotation.BeforeTestCase' method: 'Listener.sampleBeforeTestSuite(...)'

2021-10-14 17:37:41 - [TEST_STEP][PASSED] - openBrowser(baseUrl): Browser is opened with url: 'https://efatura-stage.elogo.com.tr/'

2021-10-14 17:37:41 - [MESSAGE][INFO] - Opening browser

2021-10-14 17:37:41 - [MESSAGE][INFO] - Starting 'Chrome' driver

2021-10-14 17:37:41 - [MESSAGE][INFO] - User set preference: ['prefs', '{download.default_directory=C:\otomasyondownfiles}']

2021-10-14 17:37:41 - [MESSAGE][INFO] - Action delay is set to 0 milliseconds

2021-10-14 17:37:42 - [MESSAGE][INFO] - Navigating browser to: 'https://efatura-stage.elogo.com.tr/'

2021-10-14 17:37:47 - [MESSAGE][PASSED] - Browser is opened with url: 'https://efatura-stage.elogo.com.tr/'

2021-10-14 17:37:47 - [TEST_STEP][PASSED] - maximizeWindow(): Invoke 'com.kms.katalon.core.annotation.BeforeTestCase' method: 'Listener.sampleBeforeTestSuite(...)' completed.

2021-10-14 17:37:47 - [MESSAGE][INFO] - Maximizing current window

2021-10-14 17:37:47 - [MESSAGE][PASSED] - Current window maximized

2021-10-14 17:37:47 - [MESSAGE][INFO] - Invoke 'com.kms.katalon.core.annotation.BeforeTestCase' method: 'Listener.sampleBeforeTestSuite(...)' completed.

2021-10-14 17:37:48 - [TEST_STEP][PASSED] - runFeatureFile("Include/features/Raporlar/GIB Kullanici Listesi/Excel.feature"): Feature file: 'Include/features/Raporlar/GIB Kullanici Listesi/Excel.feature' was passed

2021-10-14 17:37:48 - [MESSAGE][INFO] - Starting run keyword runFeatureFile: 'Include/features/Raporlar/GIB Kullanici Listesi/Excel.feature' and extract report to folder: 'C:\Users\DELL\Downloads\EES_Katalon-main\Reports\20211014_170112\Suite Repository\Raporlar\20211014_170137/cucumber_report/1634222268243'...

2021-10-14 17:37:48 - [MESSAGE][INFO] - Glue: []

2021-10-14 17:37:49 - [MESSAGE][INFO] - Checking called Test Case

2021-10-14 17:37:49 - [MESSAGE][INFO] - Starting to call Test Case 'Test Cases/Sayfalar/Giris_Sayfasi/Login'

2021-10-14 17:37:49 - [TEST_CASE][PASSED] - Test Cases/Sayfalar/Giris_Sayfasi/Login: Test Cases/Sayfalar/Giris_Sayfasi/Login

2021-10-14 17:37:49 - [TEST_STEP][PASSED] - Sayfa_Basligi = getWindowTitle(): Current window's title is: 'LOGO e-Fatura'

2021-10-14 17:37:49 - [MESSAGE][INFO] - Getting current window's title

2021-10-14 17:37:49 - [MESSAGE][PASSED] - Current window's title is: 'LOGO e-Fatura'

2021-10-14 17:37:49 - [TEST_STEP][PASSED] - verifyMatch(Sayfa_Basligi, "LOGO e-Fatura", false): Actual text 'LOGO e-Fatura' and expected text 'LOGO e-Fatura' are matched 

2021-10-14 17:37:49 - [MESSAGE][INFO] - Matching actual text 'LOGO e-Fatura' with expected text 'LOGO e-Fatura'

2021-10-14 17:37:49 - [MESSAGE][PASSED] - Actual text 'LOGO e-Fatura' and expected text 'LOGO e-Fatura' are matched 

2021-10-14 17:37:49 - [TEST_STEP][PASSED] - sendKeys(findTestObject("Sayfalar/Giris_Sayfasi/Firma_Kodu"), KullaniciAdi): Keys 'ELOGO6' sent to object: 'Object Repository/Sayfalar/Giris_Sayfasi/Firma_Kodu'

2021-10-14 17:37:49 - [MESSAGE][INFO] - Finding Test Object 'Object Repository/Sayfalar/Giris_Sayfasi/Firma_Kodu'

2021-10-14 17:37:49 - [MESSAGE][INFO] - Sending keys 'ELOGO6' to object: 'Object Repository/Sayfalar/Giris_Sayfasi/Firma_Kodu'

2021-10-14 17:37:49 - [MESSAGE][INFO] - Finding web element from Test Object's properties

2021-10-14 17:37:49 - [MESSAGE][INFO] - Checking timeout

2021-10-14 17:37:49 - [MESSAGE][INFO] - Finding web element with id: 'Object Repository/Sayfalar/Giris_Sayfasi/Firma_Kodu' located by 'By.xpath: //*[@id = 'AccountName']' in '30' second(s)

2021-10-14 17:37:49 - [MESSAGE][INFO] - Smart Wait Function is triggered

2021-10-14 17:37:49 - [MESSAGE][INFO] - Found 1 web elements with id: 'Object Repository/Sayfalar/Giris_Sayfasi/Firma_Kodu' located by 'By.xpath: //*[@id = 'AccountName']' in '30' second(s)

2021-10-14 17:37:49 - [MESSAGE][PASSED] - Keys 'ELOGO6' sent to object: 'Object Repository/Sayfalar/Giris_Sayfasi/Firma_Kodu'

2021-10-14 17:37:49 - [TEST_STEP][PASSED] - sendKeys(findTestObject("Sayfalar/Giris_Sayfasi/Sifre"), Sifre): Keys '123456' sent to object: 'Object Repository/Sayfalar/Giris_Sayfasi/Sifre'

2021-10-14 17:37:49 - [MESSAGE][INFO] - Finding Test Object 'Object Repository/Sayfalar/Giris_Sayfasi/Sifre'

2021-10-14 17:37:49 - [MESSAGE][INFO] - Sending keys '123456' to object: 'Object Repository/Sayfalar/Giris_Sayfasi/Sifre'

2021-10-14 17:37:49 - [MESSAGE][INFO] - Finding web element from Test Object's properties

2021-10-14 17:37:49 - [MESSAGE][INFO] - Checking timeout

2021-10-14 17:37:49 - [MESSAGE][INFO] - Finding web element with id: 'Object Repository/Sayfalar/Giris_Sayfasi/Sifre' located by 'By.xpath: //*[@id = 'Password']' in '30' second(s)

2021-10-14 17:37:49 - [MESSAGE][INFO] - Smart Wait Function is triggered

2021-10-14 17:37:50 - [MESSAGE][INFO] - Found 1 web elements with id: 'Object Repository/Sayfalar/Giris_Sayfasi/Sifre' located by 'By.xpath: //*[@id = 'Password']' in '30' second(s)

2021-10-14 17:37:50 - [MESSAGE][PASSED] - Keys '123456' sent to object: 'Object Repository/Sayfalar/Giris_Sayfasi/Sifre'

2021-10-14 17:37:50 - [TEST_STEP][PASSED] - findWebElement(findTestObject("Sayfalar/Giris_Sayfasi/Giris_Butonu")).click(): Found 1 web elements with id: 'Object Repository/Sayfalar/Giris_Sayfasi/Giris_Butonu' located by 'By.cssSelector: #btnLogin' in '30' second(s)

2021-10-14 17:37:50 - [MESSAGE][INFO] - Finding Test Object 'Object Repository/Sayfalar/Giris_Sayfasi/Giris_Butonu'

2021-10-14 17:37:50 - [MESSAGE][INFO] - Finding web element from Test Object's properties

2021-10-14 17:37:50 - [MESSAGE][INFO] - Checking timeout

2021-10-14 17:37:50 - [MESSAGE][INFO] - Finding web element with id: 'Object Repository/Sayfalar/Giris_Sayfasi/Giris_Butonu' located by 'By.cssSelector: #btnLogin' in '30' second(s)

2021-10-14 17:37:50 - [MESSAGE][INFO] - Smart Wait Function is triggered

2021-10-14 17:37:50 - [MESSAGE][INFO] - Found 1 web elements with id: 'Object Repository/Sayfalar/Giris_Sayfasi/Giris_Butonu' located by 'By.cssSelector: #btnLogin' in '30' second(s)

2021-10-14 17:37:52 - [TEST_STEP][PASSED] - if (verifyElementPresent(findTestObject("Object Repository/Sayfalar/Giris_Sayfasi/RetveTamam_Butonu"), 5, OPTIONAL)): null

2021-10-14 17:37:52 - [MESSAGE][INFO] - Finding Test Object 'Object Repository/Sayfalar/Giris_Sayfasi/RetveTamam_Butonu'

2021-10-14 17:37:52 - [MESSAGE][INFO] - Checking object

2021-10-14 17:37:52 - [MESSAGE][INFO] - Finding web element from Test Object's properties

2021-10-14 17:37:52 - [MESSAGE][INFO] - Checking timeout

2021-10-14 17:37:52 - [MESSAGE][INFO] - Finding web element with id: 'Object Repository/Sayfalar/Giris_Sayfasi/RetveTamam_Butonu' located by 'By.xpath: //*[@class = 'btn btn-default']' in '5' second(s)

2021-10-14 17:37:52 - [MESSAGE][INFO] - Smart Wait Function is triggered

2021-10-14 17:37:53 - [MESSAGE][INFO] - Found 1 web elements with id: 'Object Repository/Sayfalar/Giris_Sayfasi/RetveTamam_Butonu' located by 'By.xpath: //*[@class = 'btn btn-default']' in '5' second(s)

2021-10-14 17:37:53 - [MESSAGE][PASSED] - Object 'Object Repository/Sayfalar/Giris_Sayfasi/RetveTamam_Butonu' is present

2021-10-14 17:37:53 - [TEST_STEP][PASSED] - click(findTestObject("Object Repository/Sayfalar/Giris_Sayfasi/RetveTamam_Butonu")): Object: 'Object Repository/Sayfalar/Giris_Sayfasi/RetveTamam_Butonu' is clicked on

2021-10-14 17:37:53 - [MESSAGE][INFO] - Finding Test Object 'Object Repository/Sayfalar/Giris_Sayfasi/RetveTamam_Butonu'

2021-10-14 17:37:53 - [MESSAGE][INFO] - Checking object

2021-10-14 17:37:53 - [MESSAGE][INFO] - Finding web element from Test Object's properties

2021-10-14 17:37:53 - [MESSAGE][INFO] - Checking timeout

2021-10-14 17:37:53 - [MESSAGE][INFO] - Finding web element with id: 'Object Repository/Sayfalar/Giris_Sayfasi/RetveTamam_Butonu' located by 'By.xpath: //*[@class = 'btn btn-default']' in '30' second(s)

2021-10-14 17:37:53 - [MESSAGE][INFO] - Smart Wait Function is triggered

2021-10-14 17:37:53 - [MESSAGE][INFO] - Found 1 web elements with id: 'Object Repository/Sayfalar/Giris_Sayfasi/RetveTamam_Butonu' located by 'By.xpath: //*[@class = 'btn btn-default']' in '30' second(s)

2021-10-14 17:37:53 - [MESSAGE][INFO] - Clicking on object: 'Object Repository/Sayfalar/Giris_Sayfasi/RetveTamam_Butonu'

2021-10-14 17:37:53 - [MESSAGE][PASSED] - Object: 'Object Repository/Sayfalar/Giris_Sayfasi/RetveTamam_Butonu' is clicked on

2021-10-14 17:37:53 - [TEST_STEP][PASSED] - click(findTestObject("Object Repository/Sayfalar/Giris_Sayfasi/RetveTamam_Butonu")): Object: 'Object Repository/Sayfalar/Giris_Sayfasi/RetveTamam_Butonu' is clicked on

2021-10-14 17:37:53 - [MESSAGE][INFO] - Finding Test Object 'Object Repository/Sayfalar/Giris_Sayfasi/RetveTamam_Butonu'

2021-10-14 17:37:53 - [MESSAGE][INFO] - Checking object

2021-10-14 17:37:53 - [MESSAGE][INFO] - Finding web element from Test Object's properties

2021-10-14 17:37:53 - [MESSAGE][INFO] - Checking timeout

2021-10-14 17:37:53 - [MESSAGE][INFO] - Finding web element with id: 'Object Repository/Sayfalar/Giris_Sayfasi/RetveTamam_Butonu' located by 'By.xpath: //*[@class = 'btn btn-default']' in '30' second(s)

2021-10-14 17:37:53 - [MESSAGE][INFO] - Smart Wait Function is triggered

2021-10-14 17:37:59 - [MESSAGE][INFO] - Found 1 web elements with id: 'Object Repository/Sayfalar/Giris_Sayfasi/RetveTamam_Butonu' located by 'By.xpath: //*[@class = 'btn btn-default']' in '30' second(s)

2021-10-14 17:37:59 - [MESSAGE][INFO] - Clicking on object: 'Object Repository/Sayfalar/Giris_Sayfasi/RetveTamam_Butonu'

2021-10-14 17:37:59 - [MESSAGE][PASSED] - Object: 'Object Repository/Sayfalar/Giris_Sayfasi/RetveTamam_Butonu' is clicked on

2021-10-14 17:37:59 - [TEST_STEP][PASSED] - if (verifyElementPresent(findTestObject("Sayfalar/Giris_Sayfasi/PopupOK"), 5, OPTIONAL)): null

2021-10-14 17:37:59 - [MESSAGE][INFO] - Finding Test Object 'Object Repository/Sayfalar/Giris_Sayfasi/PopupOK'

2021-10-14 17:37:59 - [MESSAGE][INFO] - Checking object

2021-10-14 17:37:59 - [MESSAGE][INFO] - Finding web element from Test Object's properties

2021-10-14 17:37:59 - [MESSAGE][INFO] - Checking timeout

2021-10-14 17:37:59 - [MESSAGE][INFO] - Finding web element with id: 'Object Repository/Sayfalar/Giris_Sayfasi/PopupOK' located by 'By.cssSelector: .btn.btn-success' in '5' second(s)

2021-10-14 17:37:59 - [MESSAGE][INFO] - Smart Wait Function is triggered

2021-10-14 17:38:00 - [MESSAGE][INFO] - Found 1 web elements with id: 'Object Repository/Sayfalar/Giris_Sayfasi/PopupOK' located by 'By.cssSelector: .btn.btn-success' in '5' second(s)

2021-10-14 17:38:00 - [MESSAGE][PASSED] - Object 'Object Repository/Sayfalar/Giris_Sayfasi/PopupOK' is present

2021-10-14 17:38:00 - [TEST_STEP][PASSED] - click(findTestObject("Object Repository/Sayfalar/Giris_Sayfasi/PopupCarpiGiris")): Object: 'Object Repository/Sayfalar/Giris_Sayfasi/PopupCarpiGiris' is clicked on

2021-10-14 17:38:00 - [MESSAGE][INFO] - Finding Test Object 'Object Repository/Sayfalar/Giris_Sayfasi/PopupCarpiGiris'

2021-10-14 17:38:00 - [MESSAGE][INFO] - Checking object

2021-10-14 17:38:00 - [MESSAGE][INFO] - Finding web element from Test Object's properties

2021-10-14 17:38:00 - [MESSAGE][INFO] - Checking timeout

2021-10-14 17:38:00 - [MESSAGE][INFO] - Finding web element with id: 'Object Repository/Sayfalar/Giris_Sayfasi/PopupCarpiGiris' located by 'By.cssSelector: .bootbox-close-button.close' in '30' second(s)

2021-10-14 17:38:00 - [MESSAGE][INFO] - Smart Wait Function is triggered

2021-10-14 17:38:00 - [MESSAGE][INFO] - Found 1 web elements with id: 'Object Repository/Sayfalar/Giris_Sayfasi/PopupCarpiGiris' located by 'By.cssSelector: .bootbox-close-button.close' in '30' second(s)

2021-10-14 17:38:00 - [MESSAGE][INFO] - Clicking on object: 'Object Repository/Sayfalar/Giris_Sayfasi/PopupCarpiGiris'

2021-10-14 17:38:00 - [MESSAGE][PASSED] - Object: 'Object Repository/Sayfalar/Giris_Sayfasi/PopupCarpiGiris' is clicked on

2021-10-14 17:38:00 - [TEST_STEP][PASSED] - verifyElementVisible(findTestObject("Object Repository/Kullanici_Islemleri/KullaniciIslemleri")): Object 'Object Repository/Kullanici_Islemleri/KullaniciIslemleri' is visible

2021-10-14 17:38:00 - [MESSAGE][INFO] - Finding Test Object 'Object Repository/Kullanici_Islemleri/KullaniciIslemleri'

2021-10-14 17:38:00 - [MESSAGE][INFO] - Checking object

2021-10-14 17:38:00 - [MESSAGE][INFO] - Finding web element from Test Object's properties

2021-10-14 17:38:00 - [MESSAGE][INFO] - Checking timeout

2021-10-14 17:38:00 - [MESSAGE][INFO] - Finding web element with id: 'Object Repository/Kullanici_Islemleri/KullaniciIslemleri' located by 'By.cssSelector: .dropdown>a>img' in '30' second(s)

2021-10-14 17:38:00 - [MESSAGE][INFO] - Smart Wait Function is triggered

2021-10-14 17:38:01 - [MESSAGE][INFO] - Found 1 web elements with id: 'Object Repository/Kullanici_Islemleri/KullaniciIslemleri' located by 'By.cssSelector: .dropdown>a>img' in '30' second(s)

2021-10-14 17:38:01 - [MESSAGE][PASSED] - Object 'Object Repository/Kullanici_Islemleri/KullaniciIslemleri' is visible

2021-10-14 17:38:01 - [MESSAGE][PASSED] - Call Test Case 'Test Cases/Sayfalar/Giris_Sayfasi/Login' successfully

2021-10-14 17:38:01 - [MESSAGE][INFO] - Checking called Test Case

2021-10-14 17:38:01 - [MESSAGE][INFO] - Starting to call Test Case 'Test Cases/Menu/AnaMenuSecimi'

2021-10-14 17:38:01 - [TEST_CASE][PASSED] - Test Cases/Menu/AnaMenuSecimi: Test Cases/Menu/AnaMenuSecimi

2021-10-14 17:38:01 - [TEST_STEP][PASSED] - Method.TextDegerineEsitElementeTikla(findTestObject("Menu/Ana_Menu"), Ana_Menu): Method.TextDegerineEsitElementeTikla is PASSED

2021-10-14 17:38:01 - [MESSAGE][INFO] - Finding Test Object 'Object Repository/Menu/Ana_Menu'

2021-10-14 17:38:01 - [MESSAGE][INFO] - Checking timeout

2021-10-14 17:38:01 - [MESSAGE][INFO] - Finding web element with id: 'Object Repository/Menu/Ana_Menu' located by 'By.xpath: //*[@class = 'dropdown-toggle']' in '10' second(s)

2021-10-14 17:38:01 - [MESSAGE][INFO] - Smart Wait Function is triggered

2021-10-14 17:38:01 - [MESSAGE][INFO] - Found 14 web elements with id: 'Object Repository/Menu/Ana_Menu' located by 'By.xpath: //*[@class = 'dropdown-toggle']' in '10' second(s)

2021-10-14 17:38:02 - [MESSAGE][PASSED] - Method.TextDegerineEsitElementeTikla is PASSED

2021-10-14 17:38:02 - [MESSAGE][PASSED] - Call Test Case 'Test Cases/Menu/AnaMenuSecimi' successfully

2021-10-14 17:38:02 - [MESSAGE][INFO] - Checking called Test Case

2021-10-14 17:38:02 - [MESSAGE][INFO] - Starting to call Test Case 'Test Cases/Menu/AltMenuSecimi'

2021-10-14 17:38:02 - [TEST_CASE][PASSED] - Test Cases/Menu/AltMenuSecimi: Test Cases/Menu/AltMenuSecimi

2021-10-14 17:38:02 - [TEST_STEP][PASSED] - Method.TextDegerineEsitElementeTikla(findTestObject("Menu/Alt_Menu"), Alt_Menu): Method.TextDegerineEsitElementeTikla is PASSED

2021-10-14 17:38:02 - [MESSAGE][INFO] - Finding Test Object 'Object Repository/Menu/Alt_Menu'

2021-10-14 17:38:02 - [MESSAGE][INFO] - Checking timeout

2021-10-14 17:38:02 - [MESSAGE][INFO] - Finding web element with id: 'Object Repository/Menu/Alt_Menu' located by 'By.xpath: //li[@class='dropdown dropdown-large open']//li[@class='dropdown-element']' in '10' second(s)

2021-10-14 17:38:02 - [MESSAGE][INFO] - Smart Wait Function is triggered

2021-10-14 17:38:02 - [MESSAGE][INFO] - Found 9 web elements with id: 'Object Repository/Menu/Alt_Menu' located by 'By.xpath: //li[@class='dropdown dropdown-large open']//li[@class='dropdown-element']' in '10' second(s)

2021-10-14 17:38:03 - [MESSAGE][PASSED] - Method.TextDegerineEsitElementeTikla is PASSED

2021-10-14 17:38:03 - [MESSAGE][PASSED] - Call Test Case 'Test Cases/Menu/AltMenuSecimi' successfully

2021-10-14 17:38:03 - [MESSAGE][INFO] - Checking called Test Case

2021-10-14 17:38:03 - [MESSAGE][INFO] - Starting to call Test Case 'Test Cases/Filtreler/RaporTexboxaYaz'

2021-10-14 17:38:03 - [TEST_CASE][PASSED] - Test Cases/Filtreler/RaporTexboxaYaz: Test Cases/Filtreler/RaporTexboxaYaz

2021-10-14 17:38:03 - [TEST_STEP][PASSED] - Method.TextDegerineEsitElementinAltindakiTextboxtaYaz(findTestObject("Filtreler/Basliklar_Raporlar"), findTestObject("Filtreler/Basliga_Gore_Textbox"), Filtre_Adi, Filtre_Degeri): Method.TextDegerineEsitElementinAltindakiTextboxtaYaz is PASSED

2021-10-14 17:38:03 - [MESSAGE][INFO] - Finding Test Object 'Object Repository/Filtreler/Basliklar_Raporlar'

2021-10-14 17:38:03 - [MESSAGE][INFO] - Finding Test Object 'Object Repository/Filtreler/Basliga_Gore_Textbox'

2021-10-14 17:38:03 - [MESSAGE][INFO] - Checking timeout

2021-10-14 17:38:03 - [MESSAGE][INFO] - Finding web element with id: 'Object Repository/Filtreler/Basliklar_Raporlar' located by 'By.cssSelector: .control-label.col-sm-4.col-sm-4' in '10' second(s)

2021-10-14 17:38:03 - [MESSAGE][INFO] - Smart Wait Function is triggered

2021-10-14 17:38:04 - [MESSAGE][INFO] - Found 7 web elements with id: 'Object Repository/Filtreler/Basliklar_Raporlar' located by 'By.cssSelector: .control-label.col-sm-4.col-sm-4' in '10' second(s)

2021-10-14 17:38:04 - [MESSAGE][INFO] - Smart Wait Function is triggered

2021-10-14 17:38:04 - [MESSAGE][PASSED] - Method.TextDegerineEsitElementinAltindakiTextboxtaYaz is PASSED

2021-10-14 17:38:04 - [MESSAGE][PASSED] - Call Test Case 'Test Cases/Filtreler/RaporTexboxaYaz' successfully

2021-10-14 17:38:04 - [MESSAGE][INFO] - Checking called Test Case

2021-10-14 17:38:04 - [MESSAGE][INFO] - Starting to call Test Case 'Test Cases/Filtreler/ButonaTikla'

2021-10-14 17:38:04 - [TEST_CASE][PASSED] - Test Cases/Filtreler/ButonaTikla: Test Cases/Filtreler/ButonaTikla

2021-10-14 17:38:04 - [TEST_STEP][PASSED] - Method.TextDegerineEsitElementeTikla(findTestObject("Filtreler/Butonlar"), Filtre_Buton): Method.TextDegerineEsitElementeTikla is PASSED

2021-10-14 17:38:04 - [MESSAGE][INFO] - Finding Test Object 'Object Repository/Filtreler/Butonlar'

2021-10-14 17:38:04 - [MESSAGE][INFO] - Checking timeout

2021-10-14 17:38:04 - [MESSAGE][INFO] - Finding web element with id: 'Object Repository/Filtreler/Butonlar' located by 'By.cssSelector: .dxb>span' in '10' second(s)

2021-10-14 17:38:04 - [MESSAGE][INFO] - Smart Wait Function is triggered

2021-10-14 17:38:05 - [MESSAGE][INFO] - Found 2 web elements with id: 'Object Repository/Filtreler/Butonlar' located by 'By.cssSelector: .dxb>span' in '10' second(s)

2021-10-14 17:38:05 - [MESSAGE][PASSED] - Method.TextDegerineEsitElementeTikla is PASSED

2021-10-14 17:38:05 - [MESSAGE][PASSED] - Call Test Case 'Test Cases/Filtreler/ButonaTikla' successfully

2021-10-14 17:38:05 - [MESSAGE][INFO] - Checking called Test Case

2021-10-14 17:38:05 - [MESSAGE][INFO] - Starting to call Test Case 'Test Cases/Tablo/TablodaVeriVarMi'

2021-10-14 17:38:05 - [TEST_CASE][PASSED] - Test Cases/Tablo/TablodaVeriVarMi: Test Cases/Tablo/TablodaVeriVarMi

2021-10-14 17:38:05 - [TEST_STEP][PASSED] - verifyTextNotPresent("Görüntülenecek veri yok", true): Text 'Görüntülenecek veri yok' is not present on page using regular expression

2021-10-14 17:38:05 - [MESSAGE][INFO] - Checking text present  using regular expression

2021-10-14 17:38:05 - [MESSAGE][INFO] - Smart Wait Function is triggered

2021-10-14 17:38:06 - [MESSAGE][INFO] - Finding text 'Görüntülenecek veri yok' on page  using regular expression

2021-10-14 17:38:06 - [MESSAGE][PASSED] - Text 'Görüntülenecek veri yok' is not present on page using regular expression

2021-10-14 17:38:06 - [MESSAGE][PASSED] - Call Test Case 'Test Cases/Tablo/TablodaVeriVarMi' successfully

2021-10-14 17:38:06 - [MESSAGE][INFO] - Checking called Test Case

2021-10-14 17:38:06 - [MESSAGE][INFO] - Starting to call Test Case 'Test Cases/Butonlar/ButonaTikla'

2021-10-14 17:38:06 - [TEST_CASE][PASSED] - Test Cases/Butonlar/ButonaTikla: Test Cases/Butonlar/ButonaTikla

2021-10-14 17:38:06 - [TEST_STEP][PASSED] - Method.TextDegerineEsitElementeTiklaEquals(findTestObject("Butonlar/Butonlar"), Buton_Adi): Method.TextDegerineEsitElementeTiklaEquals is PASSED

2021-10-14 17:38:06 - [MESSAGE][INFO] - Finding Test Object 'Object Repository/Butonlar/Butonlar'

2021-10-14 17:38:06 - [MESSAGE][INFO] - Checking timeout

2021-10-14 17:38:06 - [MESSAGE][INFO] - Finding web element with id: 'Object Repository/Butonlar/Butonlar' located by 'By.cssSelector: .panel.panel-default.text-center.footerPanel .btn,.btn.btn-primary.btnControls' in '10' second(s)

2021-10-14 17:38:06 - [MESSAGE][INFO] - Smart Wait Function is triggered

2021-10-14 17:38:06 - [MESSAGE][INFO] - Found 1 web elements with id: 'Object Repository/Butonlar/Butonlar' located by 'By.cssSelector: .panel.panel-default.text-center.footerPanel .btn,.btn.btn-primary.btnControls' in '10' second(s)

2021-10-14 17:38:06 - [MESSAGE][PASSED] - Method.TextDegerineEsitElementeTiklaEquals is PASSED

2021-10-14 17:38:06 - [MESSAGE][PASSED] - Call Test Case 'Test Cases/Butonlar/ButonaTikla' successfully

2021-10-14 17:38:06 - [MESSAGE][INFO] - Checking called Test Case

2021-10-14 17:38:06 - [MESSAGE][INFO] - Starting to call Test Case 'Test Cases/Butonlar/AltButonaTikla'

2021-10-14 17:38:06 - [TEST_CASE][PASSED] - Test Cases/Butonlar/AltButonaTikla: Test Cases/Butonlar/AltButonaTikla

2021-10-14 17:38:07 - [TEST_STEP][PASSED] - Method.TextDegerineEsitElementeTikla(findTestObject("Butonlar/AltButonlar"), Alt_Buton): Method.TextDegerineEsitElementeTikla is PASSED

2021-10-14 17:38:07 - [MESSAGE][INFO] - Finding Test Object 'Object Repository/Butonlar/AltButonlar'

2021-10-14 17:38:07 - [MESSAGE][INFO] - Checking timeout

2021-10-14 17:38:07 - [MESSAGE][INFO] - Finding web element with id: 'Object Repository/Butonlar/AltButonlar' located by 'By.cssSelector: .btn-group.open li>a' in '10' second(s)

2021-10-14 17:38:07 - [MESSAGE][INFO] - Smart Wait Function is triggered

2021-10-14 17:38:07 - [MESSAGE][INFO] - Found 1 web elements with id: 'Object Repository/Butonlar/AltButonlar' located by 'By.cssSelector: .btn-group.open li>a' in '10' second(s)

2021-10-14 17:38:08 - [MESSAGE][PASSED] - Method.TextDegerineEsitElementeTikla is PASSED

2021-10-14 17:38:08 - [MESSAGE][PASSED] - Call Test Case 'Test Cases/Butonlar/AltButonaTikla' successfully

2021-10-14 17:38:08 - [MESSAGE][INFO] - Checking called Test Case

2021-10-14 17:38:08 - [MESSAGE][INFO] - Starting to call Test Case 'Test Cases/Kullanici_Islemleri/KullaniciIslemlerindenSecimYapilir'

2021-10-14 17:38:08 - [TEST_CASE][PASSED] - Test Cases/Kullanici_Islemleri/KullaniciIslemlerindenSecimYapilir: Test Cases/Kullanici_Islemleri/KullaniciIslemlerindenSecimYapilir

2021-10-14 17:38:08 - [TEST_STEP][PASSED] - waitForElementClickable(findTestObject("Object Repository/Kullanici_Islemleri/KullaniciIslemleri"), 10): Object 'Object Repository/Kullanici_Islemleri/KullaniciIslemleri' is clickable

2021-10-14 17:38:08 - [MESSAGE][INFO] - Finding Test Object 'Object Repository/Kullanici_Islemleri/KullaniciIslemleri'

2021-10-14 17:38:08 - [MESSAGE][INFO] - Checking object

2021-10-14 17:38:08 - [MESSAGE][INFO] - Checking timeout

2021-10-14 17:38:08 - [MESSAGE][INFO] - Finding web element from Test Object's properties

2021-10-14 17:38:08 - [MESSAGE][INFO] - Checking timeout

2021-10-14 17:38:08 - [MESSAGE][INFO] - Finding web element with id: 'Object Repository/Kullanici_Islemleri/KullaniciIslemleri' located by 'By.cssSelector: .dropdown>a>img' in '10' second(s)

2021-10-14 17:38:08 - [MESSAGE][INFO] - Smart Wait Function is triggered

2021-10-14 17:38:08 - [MESSAGE][INFO] - Found 1 web elements with id: 'Object Repository/Kullanici_Islemleri/KullaniciIslemleri' located by 'By.cssSelector: .dropdown>a>img' in '10' second(s)

2021-10-14 17:38:08 - [MESSAGE][PASSED] - Object 'Object Repository/Kullanici_Islemleri/KullaniciIslemleri' is clickable

2021-10-14 17:38:08 - [TEST_STEP][PASSED] - click(findTestObject("Object Repository/Kullanici_Islemleri/KullaniciIslemleri")): Object: 'Object Repository/Kullanici_Islemleri/KullaniciIslemleri' is clicked on

2021-10-14 17:38:08 - [MESSAGE][INFO] - Finding Test Object 'Object Repository/Kullanici_Islemleri/KullaniciIslemleri'

2021-10-14 17:38:09 - [MESSAGE][INFO] - Checking object

2021-10-14 17:38:09 - [MESSAGE][INFO] - Finding web element from Test Object's properties

2021-10-14 17:38:09 - [MESSAGE][INFO] - Checking timeout

2021-10-14 17:38:09 - [MESSAGE][INFO] - Finding web element with id: 'Object Repository/Kullanici_Islemleri/KullaniciIslemleri' located by 'By.cssSelector: .dropdown>a>img' in '30' second(s)

2021-10-14 17:38:09 - [MESSAGE][INFO] - Smart Wait Function is triggered

2021-10-14 17:38:09 - [MESSAGE][INFO] - Found 1 web elements with id: 'Object Repository/Kullanici_Islemleri/KullaniciIslemleri' located by 'By.cssSelector: .dropdown>a>img' in '30' second(s)

2021-10-14 17:38:09 - [MESSAGE][INFO] - Clicking on object: 'Object Repository/Kullanici_Islemleri/KullaniciIslemleri'

2021-10-14 17:38:09 - [MESSAGE][PASSED] - Object: 'Object Repository/Kullanici_Islemleri/KullaniciIslemleri' is clicked on

2021-10-14 17:38:09 - [TEST_STEP][PASSED] - Method.TextDegerineEsitElementeTikla(findTestObject("Object Repository/Kullanici_Islemleri/Secenekler"), Islem): Method.TextDegerineEsitElementeTikla is PASSED

2021-10-14 17:38:09 - [MESSAGE][INFO] - Finding Test Object 'Object Repository/Kullanici_Islemleri/Secenekler'

2021-10-14 17:38:09 - [MESSAGE][INFO] - Checking timeout

2021-10-14 17:38:09 - [MESSAGE][INFO] - Finding web element with id: 'Object Repository/Kullanici_Islemleri/Secenekler' located by 'By.cssSelector: .nav.navbar-nav.navbar-right li a' in '10' second(s)

2021-10-14 17:38:09 - [MESSAGE][INFO] - Smart Wait Function is triggered

2021-10-14 17:38:09 - [MESSAGE][INFO] - Found 22 web elements with id: 'Object Repository/Kullanici_Islemleri/Secenekler' located by 'By.cssSelector: .nav.navbar-nav.navbar-right li a' in '10' second(s)

2021-10-14 17:38:10 - [MESSAGE][PASSED] - Method.TextDegerineEsitElementeTikla is PASSED

2021-10-14 17:38:10 - [TEST_STEP][PASSED] - verifyElementNotPresent(findTestObject("Object Repository/Kullanici_Islemleri/Secenekler"), 10): Web element with id: 'Object Repository/Kullanici_Islemleri/Secenekler' located by 'By.cssSelector: .nav.navbar-nav.navbar-right li a' is not present after '10' second(s)

2021-10-14 17:38:10 - [MESSAGE][INFO] - Finding Test Object 'Object Repository/Kullanici_Islemleri/Secenekler'

2021-10-14 17:38:10 - [MESSAGE][INFO] - Checking object

2021-10-14 17:38:10 - [MESSAGE][INFO] - Checking timeout

2021-10-14 17:38:10 - [MESSAGE][INFO] - Finding web element with id: 'Object Repository/Kullanici_Islemleri/Secenekler' located by 'By.cssSelector: .nav.navbar-nav.navbar-right li a' in '10' second(s)

2021-10-14 17:38:10 - [MESSAGE][INFO] - Smart Wait Function is triggered

2021-10-14 17:38:11 - [MESSAGE][PASSED] - Web element with id: 'Object Repository/Kullanici_Islemleri/Secenekler' located by 'By.cssSelector: .nav.navbar-nav.navbar-right li a' is not present after '10' second(s)

2021-10-14 17:38:11 - [MESSAGE][PASSED] - Call Test Case 'Test Cases/Kullanici_Islemleri/KullaniciIslemlerindenSecimYapilir' successfully

2021-10-14 17:38:11 - [TEST_CASE][PASSED] - Start Test Case : SCENARIO Faturayi excele aktarma: SCENARIO Faturayi excele aktarma

2021-10-14 17:38:11 - [TEST_STEP][PASSED] - Kullanıcı adı ELOGO6 ve Şifre 123456 olarak giriş yapılır: Kullanıcı adı ELOGO6 ve Şifre 123456 olarak giriş yapılır

2021-10-14 17:38:11 - [MESSAGE][PASSED] - Kullanıcı adı ELOGO6 ve Şifre 123456 olarak giriş yapılır

2021-10-14 17:38:11 - [TEST_STEP][PASSED] - Ana menüden Raporlar seçilir: Ana menüden Raporlar seçilir

2021-10-14 17:38:11 - [MESSAGE][PASSED] - Ana menüden Raporlar seçilir

2021-10-14 17:38:11 - [TEST_STEP][PASSED] - Alt menüden GİB Kullanıcı Listesi seçilir: Alt menüden GİB Kullanıcı Listesi seçilir

2021-10-14 17:38:11 - [MESSAGE][PASSED] - Alt menüden GİB Kullanıcı Listesi seçilir

2021-10-14 17:38:11 - [TEST_STEP][PASSED] - Rapor Filtreleriden Vergi No filtresine 1234567806 textini yaz: Rapor Filtreleriden Vergi No filtresine 1234567806 textini yaz

2021-10-14 17:38:11 - [MESSAGE][PASSED] - Rapor Filtreleriden Vergi No filtresine 1234567806 textini yaz

2021-10-14 17:38:11 - [TEST_STEP][PASSED] - Filtre butonlarından Listele seçilir: Filtre butonlarından Listele seçilir

2021-10-14 17:38:11 - [MESSAGE][PASSED] - Filtre butonlarından Listele seçilir

2021-10-14 17:38:11 - [TEST_STEP][PASSED] - Tabloda veri var mı kontrol edilir: Tabloda veri var mı kontrol edilir

2021-10-14 17:38:11 - [MESSAGE][PASSED] - Tabloda veri var mı kontrol edilir

2021-10-14 17:38:11 - [TEST_STEP][PASSED] - Butonlardan Excel isimli butona tıklanır: Butonlardan Excel isimli butona tıklanır

2021-10-14 17:38:11 - [MESSAGE][PASSED] - Butonlardan Excel isimli butona tıklanır

2021-10-14 17:38:11 - [TEST_STEP][PASSED] - Alt butonlardan Excel'e Aktar butonuna tıklanır: Alt butonlardan Excel'e Aktar butonuna tıklanır

2021-10-14 17:38:11 - [MESSAGE][PASSED] - Alt butonlardan Excel'e Aktar butonuna tıklanır

2021-10-14 17:38:11 - [TEST_STEP][PASSED] - Kullanıcı işlemlerinden Çıkış seçilir: Kullanıcı işlemlerinden Çıkış seçilir

2021-10-14 17:38:11 - [MESSAGE][PASSED] - Kullanıcı işlemlerinden Çıkış seçilir

2021-10-14 17:38:11 - [MESSAGE][PASSED] - Feature file: 'Include/features/Raporlar/GIB Kullanici Listesi/Excel.feature' was passed

2021-10-14 17:38:11 - [TEST_STEP][PASSED] - Start listener action : sampleAfterTestSuite: Invoke 'com.kms.katalon.core.annotation.AfterTestCase' method: 'Listener.sampleAfterTestSuite(...)' completed.

2021-10-14 17:38:11 - [MESSAGE][INFO] - Starting invoke 'com.kms.katalon.core.annotation.AfterTestCase' method: 'Listener.sampleAfterTestSuite(...)'

2021-10-14 17:38:11 - [TEST_STEP][PASSED] - closeBrowser(): Invoke 'com.kms.katalon.core.annotation.AfterTestCase' method: 'Listener.sampleAfterTestSuite(...)' completed.

2021-10-14 17:38:11 - [MESSAGE][INFO] - Closing browser

2021-10-14 17:38:12 - [MESSAGE][PASSED] - Browser is closed

2021-10-14 17:38:12 - [MESSAGE][INFO] - Invoke 'com.kms.katalon.core.annotation.AfterTestCase' method: 'Listener.sampleAfterTestSuite(...)' completed.]]></system-out>
         <system-err><![CDATA[]]></system-err>
      </testcase>
      <testcase name="Test Cases/Case Repository/Raporlar/Izlenme Kayitlari/Ekran Kontrolu" time="39.652" classname="Test Cases/Case Repository/Raporlar/Izlenme Kayitlari/Ekran Kontrolu" status="PASSED">
         <system-out><![CDATA[2021-10-14 17:38:12 - [TEST_CASE][PASSED] - Test Cases/Case Repository/Raporlar/Izlenme Kayitlari/Ekran Kontrolu: Test Cases/Case Repository/Raporlar/Izlenme Kayitlari/Ekran Kontrolu

2021-10-14 17:38:12 - [TEST_STEP][PASSED] - Start listener action : sampleBeforeTestSuite: Invoke 'com.kms.katalon.core.annotation.BeforeTestCase' method: 'Listener.sampleBeforeTestSuite(...)' completed.

2021-10-14 17:38:12 - [MESSAGE][INFO] - Starting invoke 'com.kms.katalon.core.annotation.BeforeTestCase' method: 'Listener.sampleBeforeTestSuite(...)'

2021-10-14 17:38:12 - [TEST_STEP][PASSED] - openBrowser(baseUrl): Browser is opened with url: 'https://efatura-stage.elogo.com.tr/'

2021-10-14 17:38:12 - [MESSAGE][INFO] - Opening browser

2021-10-14 17:38:12 - [MESSAGE][INFO] - Starting 'Chrome' driver

2021-10-14 17:38:12 - [MESSAGE][INFO] - User set preference: ['prefs', '{download.default_directory=C:\otomasyondownfiles}']

2021-10-14 17:38:12 - [MESSAGE][INFO] - Action delay is set to 0 milliseconds

2021-10-14 17:38:13 - [MESSAGE][INFO] - Navigating browser to: 'https://efatura-stage.elogo.com.tr/'

2021-10-14 17:38:15 - [MESSAGE][PASSED] - Browser is opened with url: 'https://efatura-stage.elogo.com.tr/'

2021-10-14 17:38:15 - [TEST_STEP][PASSED] - maximizeWindow(): Invoke 'com.kms.katalon.core.annotation.BeforeTestCase' method: 'Listener.sampleBeforeTestSuite(...)' completed.

2021-10-14 17:38:15 - [MESSAGE][INFO] - Maximizing current window

2021-10-14 17:38:15 - [MESSAGE][PASSED] - Current window maximized

2021-10-14 17:38:15 - [MESSAGE][INFO] - Invoke 'com.kms.katalon.core.annotation.BeforeTestCase' method: 'Listener.sampleBeforeTestSuite(...)' completed.

2021-10-14 17:38:16 - [TEST_STEP][PASSED] - runFeatureFile("Include/features/Raporlar/Izlenme Kayitlari/Ekran Kontrolu.feature"): Feature file: 'Include/features/Raporlar/Izlenme Kayitlari/Ekran Kontrolu.feature' was passed

2021-10-14 17:38:16 - [MESSAGE][INFO] - Starting run keyword runFeatureFile: 'Include/features/Raporlar/Izlenme Kayitlari/Ekran Kontrolu.feature' and extract report to folder: 'C:\Users\DELL\Downloads\EES_Katalon-main\Reports\20211014_170112\Suite Repository\Raporlar\20211014_170137/cucumber_report/1634222296359'...

2021-10-14 17:38:16 - [MESSAGE][INFO] - Glue: []

2021-10-14 17:38:17 - [MESSAGE][INFO] - Checking called Test Case

2021-10-14 17:38:17 - [MESSAGE][INFO] - Starting to call Test Case 'Test Cases/Sayfalar/Giris_Sayfasi/Login'

2021-10-14 17:38:17 - [TEST_CASE][PASSED] - Test Cases/Sayfalar/Giris_Sayfasi/Login: Test Cases/Sayfalar/Giris_Sayfasi/Login

2021-10-14 17:38:17 - [TEST_STEP][PASSED] - Sayfa_Basligi = getWindowTitle(): Current window's title is: 'LOGO e-Fatura'

2021-10-14 17:38:17 - [MESSAGE][INFO] - Getting current window's title

2021-10-14 17:38:17 - [MESSAGE][PASSED] - Current window's title is: 'LOGO e-Fatura'

2021-10-14 17:38:17 - [TEST_STEP][PASSED] - verifyMatch(Sayfa_Basligi, "LOGO e-Fatura", false): Actual text 'LOGO e-Fatura' and expected text 'LOGO e-Fatura' are matched 

2021-10-14 17:38:17 - [MESSAGE][INFO] - Matching actual text 'LOGO e-Fatura' with expected text 'LOGO e-Fatura'

2021-10-14 17:38:17 - [MESSAGE][PASSED] - Actual text 'LOGO e-Fatura' and expected text 'LOGO e-Fatura' are matched 

2021-10-14 17:38:17 - [TEST_STEP][PASSED] - sendKeys(findTestObject("Sayfalar/Giris_Sayfasi/Firma_Kodu"), KullaniciAdi): Keys 'ELOGO6' sent to object: 'Object Repository/Sayfalar/Giris_Sayfasi/Firma_Kodu'

2021-10-14 17:38:17 - [MESSAGE][INFO] - Finding Test Object 'Object Repository/Sayfalar/Giris_Sayfasi/Firma_Kodu'

2021-10-14 17:38:17 - [MESSAGE][INFO] - Sending keys 'ELOGO6' to object: 'Object Repository/Sayfalar/Giris_Sayfasi/Firma_Kodu'

2021-10-14 17:38:17 - [MESSAGE][INFO] - Finding web element from Test Object's properties

2021-10-14 17:38:17 - [MESSAGE][INFO] - Checking timeout

2021-10-14 17:38:17 - [MESSAGE][INFO] - Finding web element with id: 'Object Repository/Sayfalar/Giris_Sayfasi/Firma_Kodu' located by 'By.xpath: //*[@id = 'AccountName']' in '30' second(s)

2021-10-14 17:38:17 - [MESSAGE][INFO] - Smart Wait Function is triggered

2021-10-14 17:38:17 - [MESSAGE][INFO] - Found 1 web elements with id: 'Object Repository/Sayfalar/Giris_Sayfasi/Firma_Kodu' located by 'By.xpath: //*[@id = 'AccountName']' in '30' second(s)

2021-10-14 17:38:18 - [MESSAGE][PASSED] - Keys 'ELOGO6' sent to object: 'Object Repository/Sayfalar/Giris_Sayfasi/Firma_Kodu'

2021-10-14 17:38:18 - [TEST_STEP][PASSED] - sendKeys(findTestObject("Sayfalar/Giris_Sayfasi/Sifre"), Sifre): Keys '123456' sent to object: 'Object Repository/Sayfalar/Giris_Sayfasi/Sifre'

2021-10-14 17:38:18 - [MESSAGE][INFO] - Finding Test Object 'Object Repository/Sayfalar/Giris_Sayfasi/Sifre'

2021-10-14 17:38:18 - [MESSAGE][INFO] - Sending keys '123456' to object: 'Object Repository/Sayfalar/Giris_Sayfasi/Sifre'

2021-10-14 17:38:18 - [MESSAGE][INFO] - Finding web element from Test Object's properties

2021-10-14 17:38:18 - [MESSAGE][INFO] - Checking timeout

2021-10-14 17:38:18 - [MESSAGE][INFO] - Finding web element with id: 'Object Repository/Sayfalar/Giris_Sayfasi/Sifre' located by 'By.xpath: //*[@id = 'Password']' in '30' second(s)

2021-10-14 17:38:18 - [MESSAGE][INFO] - Smart Wait Function is triggered

2021-10-14 17:38:18 - [MESSAGE][INFO] - Found 1 web elements with id: 'Object Repository/Sayfalar/Giris_Sayfasi/Sifre' located by 'By.xpath: //*[@id = 'Password']' in '30' second(s)

2021-10-14 17:38:18 - [MESSAGE][PASSED] - Keys '123456' sent to object: 'Object Repository/Sayfalar/Giris_Sayfasi/Sifre'

2021-10-14 17:38:18 - [TEST_STEP][PASSED] - findWebElement(findTestObject("Sayfalar/Giris_Sayfasi/Giris_Butonu")).click(): Found 1 web elements with id: 'Object Repository/Sayfalar/Giris_Sayfasi/Giris_Butonu' located by 'By.cssSelector: #btnLogin' in '30' second(s)

2021-10-14 17:38:18 - [MESSAGE][INFO] - Finding Test Object 'Object Repository/Sayfalar/Giris_Sayfasi/Giris_Butonu'

2021-10-14 17:38:18 - [MESSAGE][INFO] - Finding web element from Test Object's properties

2021-10-14 17:38:18 - [MESSAGE][INFO] - Checking timeout

2021-10-14 17:38:18 - [MESSAGE][INFO] - Finding web element with id: 'Object Repository/Sayfalar/Giris_Sayfasi/Giris_Butonu' located by 'By.cssSelector: #btnLogin' in '30' second(s)

2021-10-14 17:38:18 - [MESSAGE][INFO] - Smart Wait Function is triggered

2021-10-14 17:38:19 - [MESSAGE][INFO] - Found 1 web elements with id: 'Object Repository/Sayfalar/Giris_Sayfasi/Giris_Butonu' located by 'By.cssSelector: #btnLogin' in '30' second(s)

2021-10-14 17:38:21 - [TEST_STEP][PASSED] - if (verifyElementPresent(findTestObject("Object Repository/Sayfalar/Giris_Sayfasi/RetveTamam_Butonu"), 5, OPTIONAL)): null

2021-10-14 17:38:21 - [MESSAGE][INFO] - Finding Test Object 'Object Repository/Sayfalar/Giris_Sayfasi/RetveTamam_Butonu'

2021-10-14 17:38:21 - [MESSAGE][INFO] - Checking object

2021-10-14 17:38:21 - [MESSAGE][INFO] - Finding web element from Test Object's properties

2021-10-14 17:38:21 - [MESSAGE][INFO] - Checking timeout

2021-10-14 17:38:21 - [MESSAGE][INFO] - Finding web element with id: 'Object Repository/Sayfalar/Giris_Sayfasi/RetveTamam_Butonu' located by 'By.xpath: //*[@class = 'btn btn-default']' in '5' second(s)

2021-10-14 17:38:21 - [MESSAGE][INFO] - Smart Wait Function is triggered

2021-10-14 17:38:21 - [MESSAGE][INFO] - Found 1 web elements with id: 'Object Repository/Sayfalar/Giris_Sayfasi/RetveTamam_Butonu' located by 'By.xpath: //*[@class = 'btn btn-default']' in '5' second(s)

2021-10-14 17:38:21 - [MESSAGE][PASSED] - Object 'Object Repository/Sayfalar/Giris_Sayfasi/RetveTamam_Butonu' is present

2021-10-14 17:38:21 - [TEST_STEP][PASSED] - click(findTestObject("Object Repository/Sayfalar/Giris_Sayfasi/RetveTamam_Butonu")): Object: 'Object Repository/Sayfalar/Giris_Sayfasi/RetveTamam_Butonu' is clicked on

2021-10-14 17:38:21 - [MESSAGE][INFO] - Finding Test Object 'Object Repository/Sayfalar/Giris_Sayfasi/RetveTamam_Butonu'

2021-10-14 17:38:22 - [MESSAGE][INFO] - Checking object

2021-10-14 17:38:22 - [MESSAGE][INFO] - Finding web element from Test Object's properties

2021-10-14 17:38:22 - [MESSAGE][INFO] - Checking timeout

2021-10-14 17:38:22 - [MESSAGE][INFO] - Finding web element with id: 'Object Repository/Sayfalar/Giris_Sayfasi/RetveTamam_Butonu' located by 'By.xpath: //*[@class = 'btn btn-default']' in '30' second(s)

2021-10-14 17:38:22 - [MESSAGE][INFO] - Smart Wait Function is triggered

2021-10-14 17:38:22 - [MESSAGE][INFO] - Found 1 web elements with id: 'Object Repository/Sayfalar/Giris_Sayfasi/RetveTamam_Butonu' located by 'By.xpath: //*[@class = 'btn btn-default']' in '30' second(s)

2021-10-14 17:38:22 - [MESSAGE][INFO] - Clicking on object: 'Object Repository/Sayfalar/Giris_Sayfasi/RetveTamam_Butonu'

2021-10-14 17:38:22 - [MESSAGE][PASSED] - Object: 'Object Repository/Sayfalar/Giris_Sayfasi/RetveTamam_Butonu' is clicked on

2021-10-14 17:38:22 - [TEST_STEP][PASSED] - click(findTestObject("Object Repository/Sayfalar/Giris_Sayfasi/RetveTamam_Butonu")): Object: 'Object Repository/Sayfalar/Giris_Sayfasi/RetveTamam_Butonu' is clicked on

2021-10-14 17:38:22 - [MESSAGE][INFO] - Finding Test Object 'Object Repository/Sayfalar/Giris_Sayfasi/RetveTamam_Butonu'

2021-10-14 17:38:22 - [MESSAGE][INFO] - Checking object

2021-10-14 17:38:22 - [MESSAGE][INFO] - Finding web element from Test Object's properties

2021-10-14 17:38:22 - [MESSAGE][INFO] - Checking timeout

2021-10-14 17:38:22 - [MESSAGE][INFO] - Finding web element with id: 'Object Repository/Sayfalar/Giris_Sayfasi/RetveTamam_Butonu' located by 'By.xpath: //*[@class = 'btn btn-default']' in '30' second(s)

2021-10-14 17:38:22 - [MESSAGE][INFO] - Smart Wait Function is triggered

2021-10-14 17:38:25 - [MESSAGE][INFO] - Found 1 web elements with id: 'Object Repository/Sayfalar/Giris_Sayfasi/RetveTamam_Butonu' located by 'By.xpath: //*[@class = 'btn btn-default']' in '30' second(s)

2021-10-14 17:38:25 - [MESSAGE][INFO] - Clicking on object: 'Object Repository/Sayfalar/Giris_Sayfasi/RetveTamam_Butonu'

2021-10-14 17:38:25 - [MESSAGE][PASSED] - Object: 'Object Repository/Sayfalar/Giris_Sayfasi/RetveTamam_Butonu' is clicked on

2021-10-14 17:38:25 - [TEST_STEP][PASSED] - if (verifyElementPresent(findTestObject("Sayfalar/Giris_Sayfasi/PopupOK"), 5, OPTIONAL)): null

2021-10-14 17:38:25 - [MESSAGE][INFO] - Finding Test Object 'Object Repository/Sayfalar/Giris_Sayfasi/PopupOK'

2021-10-14 17:38:26 - [MESSAGE][INFO] - Checking object

2021-10-14 17:38:26 - [MESSAGE][INFO] - Finding web element from Test Object's properties

2021-10-14 17:38:26 - [MESSAGE][INFO] - Checking timeout

2021-10-14 17:38:26 - [MESSAGE][INFO] - Finding web element with id: 'Object Repository/Sayfalar/Giris_Sayfasi/PopupOK' located by 'By.cssSelector: .btn.btn-success' in '5' second(s)

2021-10-14 17:38:26 - [MESSAGE][INFO] - Smart Wait Function is triggered

2021-10-14 17:38:26 - [MESSAGE][INFO] - Found 1 web elements with id: 'Object Repository/Sayfalar/Giris_Sayfasi/PopupOK' located by 'By.cssSelector: .btn.btn-success' in '5' second(s)

2021-10-14 17:38:26 - [MESSAGE][PASSED] - Object 'Object Repository/Sayfalar/Giris_Sayfasi/PopupOK' is present

2021-10-14 17:38:26 - [TEST_STEP][PASSED] - click(findTestObject("Object Repository/Sayfalar/Giris_Sayfasi/PopupCarpiGiris")): Object: 'Object Repository/Sayfalar/Giris_Sayfasi/PopupCarpiGiris' is clicked on

2021-10-14 17:38:26 - [MESSAGE][INFO] - Finding Test Object 'Object Repository/Sayfalar/Giris_Sayfasi/PopupCarpiGiris'

2021-10-14 17:38:26 - [MESSAGE][INFO] - Checking object

2021-10-14 17:38:26 - [MESSAGE][INFO] - Finding web element from Test Object's properties

2021-10-14 17:38:26 - [MESSAGE][INFO] - Checking timeout

2021-10-14 17:38:26 - [MESSAGE][INFO] - Finding web element with id: 'Object Repository/Sayfalar/Giris_Sayfasi/PopupCarpiGiris' located by 'By.cssSelector: .bootbox-close-button.close' in '30' second(s)

2021-10-14 17:38:26 - [MESSAGE][INFO] - Smart Wait Function is triggered

2021-10-14 17:38:26 - [MESSAGE][INFO] - Found 1 web elements with id: 'Object Repository/Sayfalar/Giris_Sayfasi/PopupCarpiGiris' located by 'By.cssSelector: .bootbox-close-button.close' in '30' second(s)

2021-10-14 17:38:26 - [MESSAGE][INFO] - Clicking on object: 'Object Repository/Sayfalar/Giris_Sayfasi/PopupCarpiGiris'

2021-10-14 17:38:27 - [MESSAGE][PASSED] - Object: 'Object Repository/Sayfalar/Giris_Sayfasi/PopupCarpiGiris' is clicked on

2021-10-14 17:38:27 - [TEST_STEP][PASSED] - verifyElementVisible(findTestObject("Object Repository/Kullanici_Islemleri/KullaniciIslemleri")): Object 'Object Repository/Kullanici_Islemleri/KullaniciIslemleri' is visible

2021-10-14 17:38:27 - [MESSAGE][INFO] - Finding Test Object 'Object Repository/Kullanici_Islemleri/KullaniciIslemleri'

2021-10-14 17:38:27 - [MESSAGE][INFO] - Checking object

2021-10-14 17:38:27 - [MESSAGE][INFO] - Finding web element from Test Object's properties

2021-10-14 17:38:27 - [MESSAGE][INFO] - Checking timeout

2021-10-14 17:38:27 - [MESSAGE][INFO] - Finding web element with id: 'Object Repository/Kullanici_Islemleri/KullaniciIslemleri' located by 'By.cssSelector: .dropdown>a>img' in '30' second(s)

2021-10-14 17:38:27 - [MESSAGE][INFO] - Smart Wait Function is triggered

2021-10-14 17:38:27 - [MESSAGE][INFO] - Found 1 web elements with id: 'Object Repository/Kullanici_Islemleri/KullaniciIslemleri' located by 'By.cssSelector: .dropdown>a>img' in '30' second(s)

2021-10-14 17:38:27 - [MESSAGE][PASSED] - Object 'Object Repository/Kullanici_Islemleri/KullaniciIslemleri' is visible

2021-10-14 17:38:27 - [MESSAGE][PASSED] - Call Test Case 'Test Cases/Sayfalar/Giris_Sayfasi/Login' successfully

2021-10-14 17:38:27 - [MESSAGE][INFO] - Checking called Test Case

2021-10-14 17:38:27 - [MESSAGE][INFO] - Starting to call Test Case 'Test Cases/Menu/AnaMenuSecimi'

2021-10-14 17:38:27 - [TEST_CASE][PASSED] - Test Cases/Menu/AnaMenuSecimi: Test Cases/Menu/AnaMenuSecimi

2021-10-14 17:38:27 - [TEST_STEP][PASSED] - Method.TextDegerineEsitElementeTikla(findTestObject("Menu/Ana_Menu"), Ana_Menu): Method.TextDegerineEsitElementeTikla is PASSED

2021-10-14 17:38:27 - [MESSAGE][INFO] - Finding Test Object 'Object Repository/Menu/Ana_Menu'

2021-10-14 17:38:28 - [MESSAGE][INFO] - Checking timeout

2021-10-14 17:38:28 - [MESSAGE][INFO] - Finding web element with id: 'Object Repository/Menu/Ana_Menu' located by 'By.xpath: //*[@class = 'dropdown-toggle']' in '10' second(s)

2021-10-14 17:38:28 - [MESSAGE][INFO] - Smart Wait Function is triggered

2021-10-14 17:38:28 - [MESSAGE][INFO] - Found 14 web elements with id: 'Object Repository/Menu/Ana_Menu' located by 'By.xpath: //*[@class = 'dropdown-toggle']' in '10' second(s)

2021-10-14 17:38:28 - [MESSAGE][PASSED] - Method.TextDegerineEsitElementeTikla is PASSED

2021-10-14 17:38:28 - [MESSAGE][PASSED] - Call Test Case 'Test Cases/Menu/AnaMenuSecimi' successfully

2021-10-14 17:38:28 - [MESSAGE][INFO] - Checking called Test Case

2021-10-14 17:38:28 - [MESSAGE][INFO] - Starting to call Test Case 'Test Cases/Menu/AltMenuSecimi'

2021-10-14 17:38:28 - [TEST_CASE][PASSED] - Test Cases/Menu/AltMenuSecimi: Test Cases/Menu/AltMenuSecimi

2021-10-14 17:38:28 - [TEST_STEP][PASSED] - Method.TextDegerineEsitElementeTikla(findTestObject("Menu/Alt_Menu"), Alt_Menu): Method.TextDegerineEsitElementeTikla is PASSED

2021-10-14 17:38:28 - [MESSAGE][INFO] - Finding Test Object 'Object Repository/Menu/Alt_Menu'

2021-10-14 17:38:28 - [MESSAGE][INFO] - Checking timeout

2021-10-14 17:38:28 - [MESSAGE][INFO] - Finding web element with id: 'Object Repository/Menu/Alt_Menu' located by 'By.xpath: //li[@class='dropdown dropdown-large open']//li[@class='dropdown-element']' in '10' second(s)

2021-10-14 17:38:28 - [MESSAGE][INFO] - Smart Wait Function is triggered

2021-10-14 17:38:29 - [MESSAGE][INFO] - Found 9 web elements with id: 'Object Repository/Menu/Alt_Menu' located by 'By.xpath: //li[@class='dropdown dropdown-large open']//li[@class='dropdown-element']' in '10' second(s)

2021-10-14 17:38:31 - [MESSAGE][PASSED] - Method.TextDegerineEsitElementeTikla is PASSED

2021-10-14 17:38:31 - [MESSAGE][PASSED] - Call Test Case 'Test Cases/Menu/AltMenuSecimi' successfully

2021-10-14 17:38:31 - [MESSAGE][INFO] - Checking called Test Case

2021-10-14 17:38:31 - [MESSAGE][INFO] - Starting to call Test Case 'Test Cases/Filtreler/FiltreVarMi'

2021-10-14 17:38:31 - [TEST_CASE][PASSED] - Test Cases/Filtreler/FiltreVarMi: Test Cases/Filtreler/FiltreVarMi

2021-10-14 17:38:32 - [TEST_STEP][PASSED] - Method.TextDegerineEsitElementVarMi(findTestObject("Filtreler/Basliklar"), Filtre_alan): Method.TextDegerineEsitElementVarMi is PASSED

2021-10-14 17:38:32 - [MESSAGE][INFO] - Finding Test Object 'Object Repository/Filtreler/Basliklar'

2021-10-14 17:38:32 - [MESSAGE][INFO] - Checking timeout

2021-10-14 17:38:32 - [MESSAGE][INFO] - Finding web element with id: 'Object Repository/Filtreler/Basliklar' located by 'By.cssSelector: .control-label.col-sm-4.paddingMarginRLC' in '10' second(s)

2021-10-14 17:38:32 - [MESSAGE][INFO] - Smart Wait Function is triggered

2021-10-14 17:38:32 - [MESSAGE][INFO] - Found 7 web elements with id: 'Object Repository/Filtreler/Basliklar' located by 'By.cssSelector: .control-label.col-sm-4.paddingMarginRLC' in '10' second(s)

2021-10-14 17:38:32 - [MESSAGE][PASSED] - Method.TextDegerineEsitElementVarMi is PASSED

2021-10-14 17:38:32 - [MESSAGE][PASSED] - Call Test Case 'Test Cases/Filtreler/FiltreVarMi' successfully

2021-10-14 17:38:32 - [MESSAGE][INFO] - Checking called Test Case

2021-10-14 17:38:32 - [MESSAGE][INFO] - Starting to call Test Case 'Test Cases/Filtreler/FiltreVarMi'

2021-10-14 17:38:33 - [TEST_CASE][PASSED] - Test Cases/Filtreler/FiltreVarMi: Test Cases/Filtreler/FiltreVarMi

2021-10-14 17:38:33 - [TEST_STEP][PASSED] - Method.TextDegerineEsitElementVarMi(findTestObject("Filtreler/Basliklar"), Filtre_alan): Method.TextDegerineEsitElementVarMi is PASSED

2021-10-14 17:38:33 - [MESSAGE][INFO] - Finding Test Object 'Object Repository/Filtreler/Basliklar'

2021-10-14 17:38:33 - [MESSAGE][INFO] - Checking timeout

2021-10-14 17:38:33 - [MESSAGE][INFO] - Finding web element with id: 'Object Repository/Filtreler/Basliklar' located by 'By.cssSelector: .control-label.col-sm-4.paddingMarginRLC' in '10' second(s)

2021-10-14 17:38:33 - [MESSAGE][INFO] - Smart Wait Function is triggered

2021-10-14 17:38:33 - [MESSAGE][INFO] - Found 7 web elements with id: 'Object Repository/Filtreler/Basliklar' located by 'By.cssSelector: .control-label.col-sm-4.paddingMarginRLC' in '10' second(s)

2021-10-14 17:38:33 - [MESSAGE][PASSED] - Method.TextDegerineEsitElementVarMi is PASSED

2021-10-14 17:38:33 - [MESSAGE][PASSED] - Call Test Case 'Test Cases/Filtreler/FiltreVarMi' successfully

2021-10-14 17:38:33 - [MESSAGE][INFO] - Checking called Test Case

2021-10-14 17:38:33 - [MESSAGE][INFO] - Starting to call Test Case 'Test Cases/Filtreler/FiltreVarMi'

2021-10-14 17:38:33 - [TEST_CASE][PASSED] - Test Cases/Filtreler/FiltreVarMi: Test Cases/Filtreler/FiltreVarMi

2021-10-14 17:38:33 - [TEST_STEP][PASSED] - Method.TextDegerineEsitElementVarMi(findTestObject("Filtreler/Basliklar"), Filtre_alan): Method.TextDegerineEsitElementVarMi is PASSED

2021-10-14 17:38:33 - [MESSAGE][INFO] - Finding Test Object 'Object Repository/Filtreler/Basliklar'

2021-10-14 17:38:33 - [MESSAGE][INFO] - Checking timeout

2021-10-14 17:38:33 - [MESSAGE][INFO] - Finding web element with id: 'Object Repository/Filtreler/Basliklar' located by 'By.cssSelector: .control-label.col-sm-4.paddingMarginRLC' in '10' second(s)

2021-10-14 17:38:33 - [MESSAGE][INFO] - Smart Wait Function is triggered

2021-10-14 17:38:33 - [MESSAGE][INFO] - Found 7 web elements with id: 'Object Repository/Filtreler/Basliklar' located by 'By.cssSelector: .control-label.col-sm-4.paddingMarginRLC' in '10' second(s)

2021-10-14 17:38:34 - [MESSAGE][PASSED] - Method.TextDegerineEsitElementVarMi is PASSED

2021-10-14 17:38:34 - [MESSAGE][PASSED] - Call Test Case 'Test Cases/Filtreler/FiltreVarMi' successfully

2021-10-14 17:38:34 - [MESSAGE][INFO] - Checking called Test Case

2021-10-14 17:38:34 - [MESSAGE][INFO] - Starting to call Test Case 'Test Cases/Filtreler/FiltreVarMi'

2021-10-14 17:38:34 - [TEST_CASE][PASSED] - Test Cases/Filtreler/FiltreVarMi: Test Cases/Filtreler/FiltreVarMi

2021-10-14 17:38:34 - [TEST_STEP][PASSED] - Method.TextDegerineEsitElementVarMi(findTestObject("Filtreler/Basliklar"), Filtre_alan): Method.TextDegerineEsitElementVarMi is PASSED

2021-10-14 17:38:34 - [MESSAGE][INFO] - Finding Test Object 'Object Repository/Filtreler/Basliklar'

2021-10-14 17:38:34 - [MESSAGE][INFO] - Checking timeout

2021-10-14 17:38:34 - [MESSAGE][INFO] - Finding web element with id: 'Object Repository/Filtreler/Basliklar' located by 'By.cssSelector: .control-label.col-sm-4.paddingMarginRLC' in '10' second(s)

2021-10-14 17:38:34 - [MESSAGE][INFO] - Smart Wait Function is triggered

2021-10-14 17:38:34 - [MESSAGE][INFO] - Found 7 web elements with id: 'Object Repository/Filtreler/Basliklar' located by 'By.cssSelector: .control-label.col-sm-4.paddingMarginRLC' in '10' second(s)

2021-10-14 17:38:34 - [MESSAGE][PASSED] - Method.TextDegerineEsitElementVarMi is PASSED

2021-10-14 17:38:34 - [MESSAGE][PASSED] - Call Test Case 'Test Cases/Filtreler/FiltreVarMi' successfully

2021-10-14 17:38:34 - [MESSAGE][INFO] - Checking called Test Case

2021-10-14 17:38:34 - [MESSAGE][INFO] - Starting to call Test Case 'Test Cases/Filtreler/FiltreVarMi'

2021-10-14 17:38:34 - [TEST_CASE][PASSED] - Test Cases/Filtreler/FiltreVarMi: Test Cases/Filtreler/FiltreVarMi

2021-10-14 17:38:34 - [TEST_STEP][PASSED] - Method.TextDegerineEsitElementVarMi(findTestObject("Filtreler/Basliklar"), Filtre_alan): Method.TextDegerineEsitElementVarMi is PASSED

2021-10-14 17:38:34 - [MESSAGE][INFO] - Finding Test Object 'Object Repository/Filtreler/Basliklar'

2021-10-14 17:38:34 - [MESSAGE][INFO] - Checking timeout

2021-10-14 17:38:34 - [MESSAGE][INFO] - Finding web element with id: 'Object Repository/Filtreler/Basliklar' located by 'By.cssSelector: .control-label.col-sm-4.paddingMarginRLC' in '10' second(s)

2021-10-14 17:38:34 - [MESSAGE][INFO] - Smart Wait Function is triggered

2021-10-14 17:38:34 - [MESSAGE][INFO] - Found 7 web elements with id: 'Object Repository/Filtreler/Basliklar' located by 'By.cssSelector: .control-label.col-sm-4.paddingMarginRLC' in '10' second(s)

2021-10-14 17:38:34 - [MESSAGE][PASSED] - Method.TextDegerineEsitElementVarMi is PASSED

2021-10-14 17:38:34 - [MESSAGE][PASSED] - Call Test Case 'Test Cases/Filtreler/FiltreVarMi' successfully

2021-10-14 17:38:34 - [MESSAGE][INFO] - Checking called Test Case

2021-10-14 17:38:34 - [MESSAGE][INFO] - Starting to call Test Case 'Test Cases/Filtreler/FiltreVarMi'

2021-10-14 17:38:34 - [TEST_CASE][PASSED] - Test Cases/Filtreler/FiltreVarMi: Test Cases/Filtreler/FiltreVarMi

2021-10-14 17:38:34 - [TEST_STEP][PASSED] - Method.TextDegerineEsitElementVarMi(findTestObject("Filtreler/Basliklar"), Filtre_alan): Method.TextDegerineEsitElementVarMi is PASSED

2021-10-14 17:38:34 - [MESSAGE][INFO] - Finding Test Object 'Object Repository/Filtreler/Basliklar'

2021-10-14 17:38:35 - [MESSAGE][INFO] - Checking timeout

2021-10-14 17:38:35 - [MESSAGE][INFO] - Finding web element with id: 'Object Repository/Filtreler/Basliklar' located by 'By.cssSelector: .control-label.col-sm-4.paddingMarginRLC' in '10' second(s)

2021-10-14 17:38:35 - [MESSAGE][INFO] - Smart Wait Function is triggered

2021-10-14 17:38:35 - [MESSAGE][INFO] - Found 7 web elements with id: 'Object Repository/Filtreler/Basliklar' located by 'By.cssSelector: .control-label.col-sm-4.paddingMarginRLC' in '10' second(s)

2021-10-14 17:38:35 - [MESSAGE][PASSED] - Method.TextDegerineEsitElementVarMi is PASSED

2021-10-14 17:38:35 - [MESSAGE][PASSED] - Call Test Case 'Test Cases/Filtreler/FiltreVarMi' successfully

2021-10-14 17:38:35 - [MESSAGE][INFO] - Checking called Test Case

2021-10-14 17:38:35 - [MESSAGE][INFO] - Starting to call Test Case 'Test Cases/Filtreler/FiltreVarMi'

2021-10-14 17:38:35 - [TEST_CASE][PASSED] - Test Cases/Filtreler/FiltreVarMi: Test Cases/Filtreler/FiltreVarMi

2021-10-14 17:38:35 - [TEST_STEP][PASSED] - Method.TextDegerineEsitElementVarMi(findTestObject("Filtreler/Basliklar"), Filtre_alan): Method.TextDegerineEsitElementVarMi is PASSED

2021-10-14 17:38:35 - [MESSAGE][INFO] - Finding Test Object 'Object Repository/Filtreler/Basliklar'

2021-10-14 17:38:35 - [MESSAGE][INFO] - Checking timeout

2021-10-14 17:38:35 - [MESSAGE][INFO] - Finding web element with id: 'Object Repository/Filtreler/Basliklar' located by 'By.cssSelector: .control-label.col-sm-4.paddingMarginRLC' in '10' second(s)

2021-10-14 17:38:35 - [MESSAGE][INFO] - Smart Wait Function is triggered

2021-10-14 17:38:35 - [MESSAGE][INFO] - Found 7 web elements with id: 'Object Repository/Filtreler/Basliklar' located by 'By.cssSelector: .control-label.col-sm-4.paddingMarginRLC' in '10' second(s)

2021-10-14 17:38:35 - [MESSAGE][PASSED] - Method.TextDegerineEsitElementVarMi is PASSED

2021-10-14 17:38:35 - [MESSAGE][PASSED] - Call Test Case 'Test Cases/Filtreler/FiltreVarMi' successfully

2021-10-14 17:38:35 - [MESSAGE][INFO] - Checking called Test Case

2021-10-14 17:38:35 - [MESSAGE][INFO] - Starting to call Test Case 'Test Cases/Filtreler/ButonVarMi'

2021-10-14 17:38:35 - [TEST_CASE][PASSED] - Test Cases/Filtreler/ButonVarMi: Test Cases/Filtreler/ButonVarMi

2021-10-14 17:38:35 - [TEST_STEP][PASSED] - Method.TextDegerineEsitElementVarMi(findTestObject("Filtreler/Butonlar"), Filtre_Buton): Method.TextDegerineEsitElementVarMi is PASSED

2021-10-14 17:38:35 - [MESSAGE][INFO] - Finding Test Object 'Object Repository/Filtreler/Butonlar'

2021-10-14 17:38:35 - [MESSAGE][INFO] - Checking timeout

2021-10-14 17:38:35 - [MESSAGE][INFO] - Finding web element with id: 'Object Repository/Filtreler/Butonlar' located by 'By.cssSelector: .dxb>span' in '10' second(s)

2021-10-14 17:38:35 - [MESSAGE][INFO] - Smart Wait Function is triggered

2021-10-14 17:38:36 - [MESSAGE][INFO] - Found 2 web elements with id: 'Object Repository/Filtreler/Butonlar' located by 'By.cssSelector: .dxb>span' in '10' second(s)

2021-10-14 17:38:36 - [MESSAGE][PASSED] - Method.TextDegerineEsitElementVarMi is PASSED

2021-10-14 17:38:36 - [MESSAGE][PASSED] - Call Test Case 'Test Cases/Filtreler/ButonVarMi' successfully

2021-10-14 17:38:36 - [MESSAGE][INFO] - Checking called Test Case

2021-10-14 17:38:36 - [MESSAGE][INFO] - Starting to call Test Case 'Test Cases/Filtreler/ButonVarMi'

2021-10-14 17:38:36 - [TEST_CASE][PASSED] - Test Cases/Filtreler/ButonVarMi: Test Cases/Filtreler/ButonVarMi

2021-10-14 17:38:36 - [TEST_STEP][PASSED] - Method.TextDegerineEsitElementVarMi(findTestObject("Filtreler/Butonlar"), Filtre_Buton): Method.TextDegerineEsitElementVarMi is PASSED

2021-10-14 17:38:36 - [MESSAGE][INFO] - Finding Test Object 'Object Repository/Filtreler/Butonlar'

2021-10-14 17:38:36 - [MESSAGE][INFO] - Checking timeout

2021-10-14 17:38:36 - [MESSAGE][INFO] - Finding web element with id: 'Object Repository/Filtreler/Butonlar' located by 'By.cssSelector: .dxb>span' in '10' second(s)

2021-10-14 17:38:36 - [MESSAGE][INFO] - Smart Wait Function is triggered

2021-10-14 17:38:36 - [MESSAGE][INFO] - Found 2 web elements with id: 'Object Repository/Filtreler/Butonlar' located by 'By.cssSelector: .dxb>span' in '10' second(s)

2021-10-14 17:38:36 - [MESSAGE][PASSED] - Method.TextDegerineEsitElementVarMi is PASSED

2021-10-14 17:38:36 - [MESSAGE][PASSED] - Call Test Case 'Test Cases/Filtreler/ButonVarMi' successfully

2021-10-14 17:38:36 - [MESSAGE][INFO] - Checking called Test Case

2021-10-14 17:38:36 - [MESSAGE][INFO] - Starting to call Test Case 'Test Cases/Filtreler/DropdownSec'

2021-10-14 17:38:36 - [TEST_CASE][PASSED] - Test Cases/Filtreler/DropdownSec: Test Cases/Filtreler/DropdownSec

2021-10-14 17:38:37 - [TEST_STEP][PASSED] - Method.TextDegerineEsitElementinAltindakineTikla(findTestObject("Filtreler/Basliklar"), findTestObject("Filtreler/Basliga_Gore_Baslangic_Image"), Filtre_Adi): Method.TextDegerineEsitElementinAltindakineTikla is PASSED

2021-10-14 17:38:37 - [MESSAGE][INFO] - Finding Test Object 'Object Repository/Filtreler/Basliklar'

2021-10-14 17:38:37 - [MESSAGE][INFO] - Finding Test Object 'Object Repository/Filtreler/Basliga_Gore_Baslangic_Image'

2021-10-14 17:38:37 - [MESSAGE][INFO] - Checking timeout

2021-10-14 17:38:37 - [MESSAGE][INFO] - Finding web element with id: 'Object Repository/Filtreler/Basliklar' located by 'By.cssSelector: .control-label.col-sm-4.paddingMarginRLC' in '10' second(s)

2021-10-14 17:38:37 - [MESSAGE][INFO] - Smart Wait Function is triggered

2021-10-14 17:38:37 - [MESSAGE][INFO] - Found 7 web elements with id: 'Object Repository/Filtreler/Basliklar' located by 'By.cssSelector: .control-label.col-sm-4.paddingMarginRLC' in '10' second(s)

2021-10-14 17:38:37 - [MESSAGE][INFO] - Smart Wait Function is triggered

2021-10-14 17:38:38 - [MESSAGE][PASSED] - Method.TextDegerineEsitElementinAltindakineTikla is PASSED

2021-10-14 17:38:38 - [TEST_STEP][PASSED] - Method.TextDegerineEsitElementeTikla(findTestObject("Object Repository/Filtreler/Basliga_Gore_Dropdown"), Filtre_Degeri): Method.TextDegerineEsitElementeTikla is PASSED

2021-10-14 17:38:38 - [MESSAGE][INFO] - Finding Test Object 'Object Repository/Filtreler/Basliga_Gore_Dropdown'

2021-10-14 17:38:38 - [MESSAGE][INFO] - Checking timeout

2021-10-14 17:38:38 - [MESSAGE][INFO] - Finding web element with id: 'Object Repository/Filtreler/Basliga_Gore_Dropdown' located by 'By.xpath: //*[@class = 'dxeListBoxItemRow_LECustomTheme']' in '10' second(s)

2021-10-14 17:38:38 - [MESSAGE][INFO] - Smart Wait Function is triggered

2021-10-14 17:38:38 - [MESSAGE][INFO] - Found 289 web elements with id: 'Object Repository/Filtreler/Basliga_Gore_Dropdown' located by 'By.xpath: //*[@class = 'dxeListBoxItemRow_LECustomTheme']' in '10' second(s)

2021-10-14 17:38:45 - [MESSAGE][PASSED] - Method.TextDegerineEsitElementeTikla is PASSED

2021-10-14 17:38:45 - [MESSAGE][PASSED] - Call Test Case 'Test Cases/Filtreler/DropdownSec' successfully

2021-10-14 17:38:45 - [MESSAGE][INFO] - Checking called Test Case

2021-10-14 17:38:45 - [MESSAGE][INFO] - Starting to call Test Case 'Test Cases/Filtreler/ButonaTikla'

2021-10-14 17:38:45 - [TEST_CASE][PASSED] - Test Cases/Filtreler/ButonaTikla: Test Cases/Filtreler/ButonaTikla

2021-10-14 17:38:45 - [TEST_STEP][PASSED] - Method.TextDegerineEsitElementeTikla(findTestObject("Filtreler/Butonlar"), Filtre_Buton): Method.TextDegerineEsitElementeTikla is PASSED

2021-10-14 17:38:45 - [MESSAGE][INFO] - Finding Test Object 'Object Repository/Filtreler/Butonlar'

2021-10-14 17:38:45 - [MESSAGE][INFO] - Checking timeout

2021-10-14 17:38:45 - [MESSAGE][INFO] - Finding web element with id: 'Object Repository/Filtreler/Butonlar' located by 'By.cssSelector: .dxb>span' in '10' second(s)

2021-10-14 17:38:45 - [MESSAGE][INFO] - Smart Wait Function is triggered

2021-10-14 17:38:45 - [MESSAGE][INFO] - Found 2 web elements with id: 'Object Repository/Filtreler/Butonlar' located by 'By.cssSelector: .dxb>span' in '10' second(s)

2021-10-14 17:38:46 - [MESSAGE][PASSED] - Method.TextDegerineEsitElementeTikla is PASSED

2021-10-14 17:38:46 - [MESSAGE][PASSED] - Call Test Case 'Test Cases/Filtreler/ButonaTikla' successfully

2021-10-14 17:38:46 - [MESSAGE][INFO] - Checking called Test Case

2021-10-14 17:38:46 - [MESSAGE][INFO] - Starting to call Test Case 'Test Cases/Tablo/TablodaVeriVarMi'

2021-10-14 17:38:46 - [TEST_CASE][PASSED] - Test Cases/Tablo/TablodaVeriVarMi: Test Cases/Tablo/TablodaVeriVarMi

2021-10-14 17:38:46 - [TEST_STEP][PASSED] - verifyTextNotPresent("Görüntülenecek veri yok", true): Text 'Görüntülenecek veri yok' is not present on page using regular expression

2021-10-14 17:38:46 - [MESSAGE][INFO] - Checking text present  using regular expression

2021-10-14 17:38:46 - [MESSAGE][INFO] - Smart Wait Function is triggered

2021-10-14 17:38:47 - [MESSAGE][INFO] - Finding text 'Görüntülenecek veri yok' on page  using regular expression

2021-10-14 17:38:47 - [MESSAGE][PASSED] - Text 'Görüntülenecek veri yok' is not present on page using regular expression

2021-10-14 17:38:47 - [MESSAGE][PASSED] - Call Test Case 'Test Cases/Tablo/TablodaVeriVarMi' successfully

2021-10-14 17:38:47 - [MESSAGE][INFO] - Checking called Test Case

2021-10-14 17:38:47 - [MESSAGE][INFO] - Starting to call Test Case 'Test Cases/Butonlar/NumaraliSayfayaGec'

2021-10-14 17:38:47 - [TEST_CASE][PASSED] - Test Cases/Butonlar/NumaraliSayfayaGec: Test Cases/Butonlar/NumaraliSayfayaGec

2021-10-14 17:38:47 - [TEST_STEP][PASSED] - waitForElementClickable(findTestObject("Butonlar/SayfaNumarasi"), 10): Object 'Object Repository/Butonlar/SayfaNumarasi' is clickable

2021-10-14 17:38:47 - [MESSAGE][INFO] - Finding Test Object 'Object Repository/Butonlar/SayfaNumarasi'

2021-10-14 17:38:47 - [MESSAGE][INFO] - Checking object

2021-10-14 17:38:47 - [MESSAGE][INFO] - Checking timeout

2021-10-14 17:38:47 - [MESSAGE][INFO] - Finding web element from Test Object's properties

2021-10-14 17:38:47 - [MESSAGE][INFO] - Checking timeout

2021-10-14 17:38:47 - [MESSAGE][INFO] - Finding web element with id: 'Object Repository/Butonlar/SayfaNumarasi' located by 'By.cssSelector: .dxp-num' in '10' second(s)

2021-10-14 17:38:47 - [MESSAGE][INFO] - Smart Wait Function is triggered

2021-10-14 17:38:47 - [MESSAGE][INFO] - Found 7 web elements with id: 'Object Repository/Butonlar/SayfaNumarasi' located by 'By.cssSelector: .dxp-num' in '10' second(s)

2021-10-14 17:38:47 - [MESSAGE][PASSED] - Object 'Object Repository/Butonlar/SayfaNumarasi' is clickable

2021-10-14 17:38:47 - [TEST_STEP][PASSED] - Method.TextDegerineEsitElementeTiklaEquals(findTestObject("Butonlar/SayfaNumarasi"), SayfaNumarasi): Method.TextDegerineEsitElementeTiklaEquals is PASSED

2021-10-14 17:38:47 - [MESSAGE][INFO] - Finding Test Object 'Object Repository/Butonlar/SayfaNumarasi'

2021-10-14 17:38:47 - [MESSAGE][INFO] - Checking timeout

2021-10-14 17:38:47 - [MESSAGE][INFO] - Finding web element with id: 'Object Repository/Butonlar/SayfaNumarasi' located by 'By.cssSelector: .dxp-num' in '10' second(s)

2021-10-14 17:38:47 - [MESSAGE][INFO] - Smart Wait Function is triggered

2021-10-14 17:38:47 - [MESSAGE][INFO] - Found 7 web elements with id: 'Object Repository/Butonlar/SayfaNumarasi' located by 'By.cssSelector: .dxp-num' in '10' second(s)

2021-10-14 17:38:48 - [MESSAGE][PASSED] - Method.TextDegerineEsitElementeTiklaEquals is PASSED

2021-10-14 17:38:48 - [MESSAGE][PASSED] - Call Test Case 'Test Cases/Butonlar/NumaraliSayfayaGec' successfully

2021-10-14 17:38:48 - [MESSAGE][INFO] - Checking called Test Case

2021-10-14 17:38:48 - [MESSAGE][INFO] - Starting to call Test Case 'Test Cases/Kullanici_Islemleri/KullaniciIslemlerindenSecimYapilir'

2021-10-14 17:38:48 - [TEST_CASE][PASSED] - Test Cases/Kullanici_Islemleri/KullaniciIslemlerindenSecimYapilir: Test Cases/Kullanici_Islemleri/KullaniciIslemlerindenSecimYapilir

2021-10-14 17:38:48 - [TEST_STEP][PASSED] - waitForElementClickable(findTestObject("Object Repository/Kullanici_Islemleri/KullaniciIslemleri"), 10): Object 'Object Repository/Kullanici_Islemleri/KullaniciIslemleri' is clickable

2021-10-14 17:38:48 - [MESSAGE][INFO] - Finding Test Object 'Object Repository/Kullanici_Islemleri/KullaniciIslemleri'

2021-10-14 17:38:48 - [MESSAGE][INFO] - Checking object

2021-10-14 17:38:48 - [MESSAGE][INFO] - Checking timeout

2021-10-14 17:38:48 - [MESSAGE][INFO] - Finding web element from Test Object's properties

2021-10-14 17:38:48 - [MESSAGE][INFO] - Checking timeout

2021-10-14 17:38:48 - [MESSAGE][INFO] - Finding web element with id: 'Object Repository/Kullanici_Islemleri/KullaniciIslemleri' located by 'By.cssSelector: .dropdown>a>img' in '10' second(s)

2021-10-14 17:38:48 - [MESSAGE][INFO] - Smart Wait Function is triggered

2021-10-14 17:38:48 - [MESSAGE][INFO] - Found 1 web elements with id: 'Object Repository/Kullanici_Islemleri/KullaniciIslemleri' located by 'By.cssSelector: .dropdown>a>img' in '10' second(s)

2021-10-14 17:38:48 - [MESSAGE][PASSED] - Object 'Object Repository/Kullanici_Islemleri/KullaniciIslemleri' is clickable

2021-10-14 17:38:48 - [TEST_STEP][PASSED] - click(findTestObject("Object Repository/Kullanici_Islemleri/KullaniciIslemleri")): Object: 'Object Repository/Kullanici_Islemleri/KullaniciIslemleri' is clicked on

2021-10-14 17:38:48 - [MESSAGE][INFO] - Finding Test Object 'Object Repository/Kullanici_Islemleri/KullaniciIslemleri'

2021-10-14 17:38:48 - [MESSAGE][INFO] - Checking object

2021-10-14 17:38:48 - [MESSAGE][INFO] - Finding web element from Test Object's properties

2021-10-14 17:38:48 - [MESSAGE][INFO] - Checking timeout

2021-10-14 17:38:48 - [MESSAGE][INFO] - Finding web element with id: 'Object Repository/Kullanici_Islemleri/KullaniciIslemleri' located by 'By.cssSelector: .dropdown>a>img' in '30' second(s)

2021-10-14 17:38:48 - [MESSAGE][INFO] - Smart Wait Function is triggered

2021-10-14 17:38:49 - [MESSAGE][INFO] - Found 1 web elements with id: 'Object Repository/Kullanici_Islemleri/KullaniciIslemleri' located by 'By.cssSelector: .dropdown>a>img' in '30' second(s)

2021-10-14 17:38:49 - [MESSAGE][INFO] - Clicking on object: 'Object Repository/Kullanici_Islemleri/KullaniciIslemleri'

2021-10-14 17:38:49 - [MESSAGE][PASSED] - Object: 'Object Repository/Kullanici_Islemleri/KullaniciIslemleri' is clicked on

2021-10-14 17:38:49 - [TEST_STEP][PASSED] - Method.TextDegerineEsitElementeTikla(findTestObject("Object Repository/Kullanici_Islemleri/Secenekler"), Islem): Method.TextDegerineEsitElementeTikla is PASSED

2021-10-14 17:38:49 - [MESSAGE][INFO] - Finding Test Object 'Object Repository/Kullanici_Islemleri/Secenekler'

2021-10-14 17:38:49 - [MESSAGE][INFO] - Checking timeout

2021-10-14 17:38:49 - [MESSAGE][INFO] - Finding web element with id: 'Object Repository/Kullanici_Islemleri/Secenekler' located by 'By.cssSelector: .nav.navbar-nav.navbar-right li a' in '10' second(s)

2021-10-14 17:38:49 - [MESSAGE][INFO] - Smart Wait Function is triggered

2021-10-14 17:38:49 - [MESSAGE][INFO] - Found 22 web elements with id: 'Object Repository/Kullanici_Islemleri/Secenekler' located by 'By.cssSelector: .nav.navbar-nav.navbar-right li a' in '10' second(s)

2021-10-14 17:38:50 - [MESSAGE][PASSED] - Method.TextDegerineEsitElementeTikla is PASSED

2021-10-14 17:38:50 - [TEST_STEP][PASSED] - verifyElementNotPresent(findTestObject("Object Repository/Kullanici_Islemleri/Secenekler"), 10): Web element with id: 'Object Repository/Kullanici_Islemleri/Secenekler' located by 'By.cssSelector: .nav.navbar-nav.navbar-right li a' is not present after '10' second(s)

2021-10-14 17:38:50 - [MESSAGE][INFO] - Finding Test Object 'Object Repository/Kullanici_Islemleri/Secenekler'

2021-10-14 17:38:50 - [MESSAGE][INFO] - Checking object

2021-10-14 17:38:50 - [MESSAGE][INFO] - Checking timeout

2021-10-14 17:38:50 - [MESSAGE][INFO] - Finding web element with id: 'Object Repository/Kullanici_Islemleri/Secenekler' located by 'By.cssSelector: .nav.navbar-nav.navbar-right li a' in '10' second(s)

2021-10-14 17:38:50 - [MESSAGE][INFO] - Smart Wait Function is triggered

2021-10-14 17:38:51 - [MESSAGE][PASSED] - Web element with id: 'Object Repository/Kullanici_Islemleri/Secenekler' located by 'By.cssSelector: .nav.navbar-nav.navbar-right li a' is not present after '10' second(s)

2021-10-14 17:38:51 - [MESSAGE][PASSED] - Call Test Case 'Test Cases/Kullanici_Islemleri/KullaniciIslemlerindenSecimYapilir' successfully

2021-10-14 17:38:51 - [TEST_CASE][PASSED] - Start Test Case : SCENARIO Raporlar Izlenme Kayitlari Ekran Kontrolu: SCENARIO Raporlar Izlenme Kayitlari Ekran Kontrolu

2021-10-14 17:38:51 - [TEST_STEP][PASSED] - Kullanıcı adı ELOGO6 ve Şifre 123456 olarak giriş yapılır: Kullanıcı adı ELOGO6 ve Şifre 123456 olarak giriş yapılır

2021-10-14 17:38:51 - [MESSAGE][PASSED] - Kullanıcı adı ELOGO6 ve Şifre 123456 olarak giriş yapılır

2021-10-14 17:38:51 - [TEST_STEP][PASSED] - Ana menüden Raporlar seçilir: Ana menüden Raporlar seçilir

2021-10-14 17:38:51 - [MESSAGE][PASSED] - Ana menüden Raporlar seçilir

2021-10-14 17:38:51 - [TEST_STEP][PASSED] - Alt menüden İzleme Kayıtları seçilir: Alt menüden İzleme Kayıtları seçilir

2021-10-14 17:38:51 - [MESSAGE][PASSED] - Alt menüden İzleme Kayıtları seçilir

2021-10-14 17:38:51 - [TEST_STEP][PASSED] - Filtre alanlarında Tarih Aralığı var mı: Filtre alanlarında Tarih Aralığı var mı

2021-10-14 17:38:51 - [MESSAGE][PASSED] - Filtre alanlarında Tarih Aralığı var mı

2021-10-14 17:38:51 - [TEST_STEP][PASSED] - Filtre alanlarında İşlem Tipi var mı: Filtre alanlarında İşlem Tipi var mı

2021-10-14 17:38:51 - [MESSAGE][PASSED] - Filtre alanlarında İşlem Tipi var mı

2021-10-14 17:38:51 - [TEST_STEP][PASSED] - Filtre alanlarında Kullanıcı Adı var mı: Filtre alanlarında Kullanıcı Adı var mı

2021-10-14 17:38:51 - [MESSAGE][PASSED] - Filtre alanlarında Kullanıcı Adı var mı

2021-10-14 17:38:51 - [TEST_STEP][PASSED] - Filtre alanlarında Ekran var mı: Filtre alanlarında Ekran var mı

2021-10-14 17:38:51 - [MESSAGE][PASSED] - Filtre alanlarında Ekran var mı

2021-10-14 17:38:51 - [TEST_STEP][PASSED] - Filtre alanlarında İşlem Sonucu var mı: Filtre alanlarında İşlem Sonucu var mı

2021-10-14 17:38:51 - [MESSAGE][PASSED] - Filtre alanlarında İşlem Sonucu var mı

2021-10-14 17:38:51 - [TEST_STEP][PASSED] - Filtre alanlarında İşlem var mı: Filtre alanlarında İşlem var mı

2021-10-14 17:38:51 - [MESSAGE][PASSED] - Filtre alanlarında İşlem var mı

2021-10-14 17:38:51 - [TEST_STEP][PASSED] - Filtre alanlarında Ip Adresi var mı: Filtre alanlarında Ip Adresi var mı

2021-10-14 17:38:51 - [MESSAGE][PASSED] - Filtre alanlarında Ip Adresi var mı

2021-10-14 17:38:51 - [TEST_STEP][PASSED] - Filtre butonlarında Listele var mı: Filtre butonlarında Listele var mı

2021-10-14 17:38:51 - [MESSAGE][PASSED] - Filtre butonlarında Listele var mı

2021-10-14 17:38:51 - [TEST_STEP][PASSED] - Filtre butonlarında Temizle var mı: Filtre butonlarında Temizle var mı

2021-10-14 17:38:51 - [MESSAGE][PASSED] - Filtre butonlarında Temizle var mı

2021-10-14 17:38:51 - [TEST_STEP][PASSED] - Filtrelerden İşlem Tipi filtresine Bildirim dropdowndan degeri seçilir: Filtrelerden İşlem Tipi filtresine Bildirim dropdowndan degeri seçilir

2021-10-14 17:38:51 - [MESSAGE][PASSED] - Filtrelerden İşlem Tipi filtresine Bildirim dropdowndan degeri seçilir

2021-10-14 17:38:51 - [TEST_STEP][PASSED] - Filtre butonlarından Listele seçilir: Filtre butonlarından Listele seçilir

2021-10-14 17:38:51 - [MESSAGE][PASSED] - Filtre butonlarından Listele seçilir

2021-10-14 17:38:51 - [TEST_STEP][PASSED] - Tabloda veri var mı kontrol edilir: Tabloda veri var mı kontrol edilir

2021-10-14 17:38:51 - [MESSAGE][PASSED] - Tabloda veri var mı kontrol edilir

2021-10-14 17:38:51 - [TEST_STEP][PASSED] - Sayfa butonlarından 2 numaralı sayfa butonuna tıklanır: Sayfa butonlarından 2 numaralı sayfa butonuna tıklanır

2021-10-14 17:38:51 - [MESSAGE][PASSED] - Sayfa butonlarından 2 numaralı sayfa butonuna tıklanır

2021-10-14 17:38:51 - [TEST_STEP][PASSED] - Kullanıcı işlemlerinden Çıkış seçilir: Kullanıcı işlemlerinden Çıkış seçilir

2021-10-14 17:38:51 - [MESSAGE][PASSED] - Kullanıcı işlemlerinden Çıkış seçilir

2021-10-14 17:38:51 - [MESSAGE][PASSED] - Feature file: 'Include/features/Raporlar/Izlenme Kayitlari/Ekran Kontrolu.feature' was passed

2021-10-14 17:38:51 - [TEST_STEP][PASSED] - Start listener action : sampleAfterTestSuite: Invoke 'com.kms.katalon.core.annotation.AfterTestCase' method: 'Listener.sampleAfterTestSuite(...)' completed.

2021-10-14 17:38:51 - [MESSAGE][INFO] - Starting invoke 'com.kms.katalon.core.annotation.AfterTestCase' method: 'Listener.sampleAfterTestSuite(...)'

2021-10-14 17:38:51 - [TEST_STEP][PASSED] - closeBrowser(): Invoke 'com.kms.katalon.core.annotation.AfterTestCase' method: 'Listener.sampleAfterTestSuite(...)' completed.

2021-10-14 17:38:51 - [MESSAGE][INFO] - Closing browser

2021-10-14 17:38:51 - [MESSAGE][PASSED] - Browser is closed

2021-10-14 17:38:51 - [MESSAGE][INFO] - Invoke 'com.kms.katalon.core.annotation.AfterTestCase' method: 'Listener.sampleAfterTestSuite(...)' completed.]]></system-out>
         <system-err><![CDATA[]]></system-err>
      </testcase>
      <system-out><![CDATA[2021-10-14 17:36:55 - [TEST_SUITE][PASSED] - Raporlar: Test Cases/Case Repository/Raporlar/Izlenme Kayitlari/Ekran Kontrolu]]></system-out>
      <system-err><![CDATA[]]></system-err>
   </testsuite>
</testsuites>
