<?xml version="1.0" encoding="UTF-8"?>
<testsuites name="Firma_Yonetimi" time="442.878" tests="13" failures="0" errors="0">
   <testsuite name="Firma_Yonetimi" tests="13" failures="0" errors="0" time="442.878" skipped="0" timestamp="2021-10-15 17:28:22" hostname="DELL - DESKTOP-QBVMTUG" id="">
      <properties>
         <property name="deviceName" value=""/>
         <property name="devicePlatform" value=""/>
         <property name="logFolder" value="C:\\Users\\DELL\\Downloads\\EES_Katalon-main\\Reports\\20211015_165642\\Suite Repository\\Firma_Yonetimi\\20211015_165749"/>
         <property name="logFiles" value="C:\\Users\\DELL\\Downloads\\EES_Katalon-main\\Reports\\20211015_165642\\Suite Repository\\Firma_Yonetimi\\20211015_165749\\execution0.log"/>
         <property name="attachments" value=""/>
         <property name="hostName" value="DELL - DESKTOP-QBVMTUG"/>
         <property name="os" value="Windows 10 64bit"/>
         <property name="katalonVersion" value="8.0.5.208"/>
         <property name="browser" value="Chrome 94.0.4606.81"/>
         <property name="hostAddress" value="192.168.1.19"/>
         <property name="sessionId" value="086fb9f8360c02e51b9fbbd7b8611da2"/>
         <property name="seleniumVersion" value="3.141.59"/>
         <property name="proxyInformation" value="ProxyInformation { proxyOption=NO_PROXY, proxyServerType=HTTP, username=, password=********, proxyServerAddress=, proxyServerPort=0, executionList=&quot;&quot;, isApplyToDesiredCapabilities=true }"/>
         <property name="platform" value="Windows 10"/>
      </properties>
      <testcase name="Test Cases/Case Repository/Firma Yonetimi/Yetki Yonetimi/Departman Tanimlari/Departman Ekle" time="43.85" classname="Test Cases/Case Repository/Firma Yonetimi/Yetki Yonetimi/Departman Tanimlari/Departman Ekle" status="PASSED">
         <system-out><![CDATA[2021-10-15 17:28:22 - [TEST_CASE][PASSED] - Test Cases/Case Repository/Firma Yonetimi/Yetki Yonetimi/Departman Tanimlari/Departman Ekle: Test Cases/Case Repository/Firma Yonetimi/Yetki Yonetimi/Departman Tanimlari/Departman Ekle

2021-10-15 17:28:22 - [TEST_STEP][PASSED] - Start listener action : sampleBeforeTestSuite: Invoke 'com.kms.katalon.core.annotation.BeforeTestCase' method: 'Listener.sampleBeforeTestSuite(...)' completed.

2021-10-15 17:28:22 - [MESSAGE][INFO] - Starting invoke 'com.kms.katalon.core.annotation.BeforeTestCase' method: 'Listener.sampleBeforeTestSuite(...)'

2021-10-15 17:28:22 - [TEST_STEP][PASSED] - openBrowser(baseUrl): Browser is opened with url: 'https://efatura-stage.elogo.com.tr/'

2021-10-15 17:28:24 - [MESSAGE][INFO] - Opening browser

2021-10-15 17:28:24 - [MESSAGE][INFO] - Starting 'Chrome' driver

2021-10-15 17:28:24 - [MESSAGE][INFO] - User set preference: ['prefs', '{download.default_directory=C:\otomasyondownfiles}']

2021-10-15 17:28:24 - [MESSAGE][INFO] - Action delay is set to 0 milliseconds

2021-10-15 17:28:26 - [MESSAGE][INFO] - Navigating browser to: 'https://efatura-stage.elogo.com.tr/'

2021-10-15 17:28:29 - [MESSAGE][PASSED] - Browser is opened with url: 'https://efatura-stage.elogo.com.tr/'

2021-10-15 17:28:29 - [TEST_STEP][PASSED] - maximizeWindow(): Invoke 'com.kms.katalon.core.annotation.BeforeTestCase' method: 'Listener.sampleBeforeTestSuite(...)' completed.

2021-10-15 17:28:29 - [MESSAGE][INFO] - Maximizing current window

2021-10-15 17:28:29 - [MESSAGE][PASSED] - Current window maximized

2021-10-15 17:28:29 - [MESSAGE][INFO] - Invoke 'com.kms.katalon.core.annotation.BeforeTestCase' method: 'Listener.sampleBeforeTestSuite(...)' completed.

2021-10-15 17:28:30 - [TEST_STEP][PASSED] - runFeatureFile("Include/features/Firma Yonetimi/Yetki Yonetimi/Departman Tanimlari/Departman Ekle.feature"): Feature file: 'Include/features/Firma Yonetimi/Yetki Yonetimi/Departman Tanimlari/Departman Ekle.feature' was passed

2021-10-15 17:28:30 - [MESSAGE][INFO] - Starting run keyword runFeatureFile: 'Include/features/Firma Yonetimi/Yetki Yonetimi/Departman Tanimlari/Departman Ekle.feature' and extract report to folder: 'C:\Users\DELL\Downloads\EES_Katalon-main\Reports\20211015_165642\Suite Repository\Firma_Yonetimi\20211015_165749/cucumber_report/1634308110251'...

2021-10-15 17:28:30 - [MESSAGE][INFO] - Glue: []

2021-10-15 17:28:32 - [MESSAGE][INFO] - Checking called Test Case

2021-10-15 17:28:32 - [MESSAGE][INFO] - Starting to call Test Case 'Test Cases/Sayfalar/Giris_Sayfasi/Login'

2021-10-15 17:28:32 - [TEST_CASE][PASSED] - Test Cases/Sayfalar/Giris_Sayfasi/Login: Test Cases/Sayfalar/Giris_Sayfasi/Login

2021-10-15 17:28:33 - [TEST_STEP][PASSED] - Sayfa_Basligi = getWindowTitle(): Current window's title is: 'LOGO e-Fatura'

2021-10-15 17:28:33 - [MESSAGE][INFO] - Getting current window's title

2021-10-15 17:28:33 - [MESSAGE][PASSED] - Current window's title is: 'LOGO e-Fatura'

2021-10-15 17:28:33 - [TEST_STEP][PASSED] - verifyMatch(Sayfa_Basligi, "LOGO e-Fatura", false): Actual text 'LOGO e-Fatura' and expected text 'LOGO e-Fatura' are matched 

2021-10-15 17:28:33 - [MESSAGE][INFO] - Matching actual text 'LOGO e-Fatura' with expected text 'LOGO e-Fatura'

2021-10-15 17:28:33 - [MESSAGE][PASSED] - Actual text 'LOGO e-Fatura' and expected text 'LOGO e-Fatura' are matched 

2021-10-15 17:28:33 - [TEST_STEP][PASSED] - sendKeys(findTestObject("Sayfalar/Giris_Sayfasi/Firma_Kodu"), KullaniciAdi): Keys 'ELOGO6' sent to object: 'Object Repository/Sayfalar/Giris_Sayfasi/Firma_Kodu'

2021-10-15 17:28:33 - [MESSAGE][INFO] - Finding Test Object 'Object Repository/Sayfalar/Giris_Sayfasi/Firma_Kodu'

2021-10-15 17:28:34 - [MESSAGE][INFO] - Sending keys 'ELOGO6' to object: 'Object Repository/Sayfalar/Giris_Sayfasi/Firma_Kodu'

2021-10-15 17:28:34 - [MESSAGE][INFO] - Finding web element from Test Object's properties

2021-10-15 17:28:34 - [MESSAGE][INFO] - Checking timeout

2021-10-15 17:28:34 - [MESSAGE][INFO] - Finding web element with id: 'Object Repository/Sayfalar/Giris_Sayfasi/Firma_Kodu' located by 'By.xpath: //*[@id = 'AccountName']' in '30' second(s)

2021-10-15 17:28:34 - [MESSAGE][INFO] - Smart Wait Function is triggered

2021-10-15 17:28:34 - [MESSAGE][INFO] - Found 1 web elements with id: 'Object Repository/Sayfalar/Giris_Sayfasi/Firma_Kodu' located by 'By.xpath: //*[@id = 'AccountName']' in '30' second(s)

2021-10-15 17:28:34 - [MESSAGE][PASSED] - Keys 'ELOGO6' sent to object: 'Object Repository/Sayfalar/Giris_Sayfasi/Firma_Kodu'

2021-10-15 17:28:34 - [TEST_STEP][PASSED] - sendKeys(findTestObject("Sayfalar/Giris_Sayfasi/Sifre"), Sifre): Keys '123456' sent to object: 'Object Repository/Sayfalar/Giris_Sayfasi/Sifre'

2021-10-15 17:28:34 - [MESSAGE][INFO] - Finding Test Object 'Object Repository/Sayfalar/Giris_Sayfasi/Sifre'

2021-10-15 17:28:34 - [MESSAGE][INFO] - Sending keys '123456' to object: 'Object Repository/Sayfalar/Giris_Sayfasi/Sifre'

2021-10-15 17:28:34 - [MESSAGE][INFO] - Finding web element from Test Object's properties

2021-10-15 17:28:34 - [MESSAGE][INFO] - Checking timeout

2021-10-15 17:28:34 - [MESSAGE][INFO] - Finding web element with id: 'Object Repository/Sayfalar/Giris_Sayfasi/Sifre' located by 'By.xpath: //*[@id = 'Password']' in '30' second(s)

2021-10-15 17:28:34 - [MESSAGE][INFO] - Smart Wait Function is triggered

2021-10-15 17:28:34 - [MESSAGE][INFO] - Found 1 web elements with id: 'Object Repository/Sayfalar/Giris_Sayfasi/Sifre' located by 'By.xpath: //*[@id = 'Password']' in '30' second(s)

2021-10-15 17:28:35 - [MESSAGE][PASSED] - Keys '123456' sent to object: 'Object Repository/Sayfalar/Giris_Sayfasi/Sifre'

2021-10-15 17:28:35 - [TEST_STEP][PASSED] - findWebElement(findTestObject("Sayfalar/Giris_Sayfasi/Giris_Butonu")).click(): Found 1 web elements with id: 'Object Repository/Sayfalar/Giris_Sayfasi/Giris_Butonu' located by 'By.cssSelector: #btnLogin' in '30' second(s)

2021-10-15 17:28:35 - [MESSAGE][INFO] - Finding Test Object 'Object Repository/Sayfalar/Giris_Sayfasi/Giris_Butonu'

2021-10-15 17:28:35 - [MESSAGE][INFO] - Finding web element from Test Object's properties

2021-10-15 17:28:35 - [MESSAGE][INFO] - Checking timeout

2021-10-15 17:28:35 - [MESSAGE][INFO] - Finding web element with id: 'Object Repository/Sayfalar/Giris_Sayfasi/Giris_Butonu' located by 'By.cssSelector: #btnLogin' in '30' second(s)

2021-10-15 17:28:35 - [MESSAGE][INFO] - Smart Wait Function is triggered

2021-10-15 17:28:35 - [MESSAGE][INFO] - Found 1 web elements with id: 'Object Repository/Sayfalar/Giris_Sayfasi/Giris_Butonu' located by 'By.cssSelector: #btnLogin' in '30' second(s)

2021-10-15 17:28:37 - [TEST_STEP][PASSED] - if (verifyElementPresent(findTestObject("Object Repository/Sayfalar/Giris_Sayfasi/RetveTamam_Butonu"), 5, OPTIONAL)): null

2021-10-15 17:28:37 - [MESSAGE][INFO] - Finding Test Object 'Object Repository/Sayfalar/Giris_Sayfasi/RetveTamam_Butonu'

2021-10-15 17:28:37 - [MESSAGE][INFO] - Checking object

2021-10-15 17:28:37 - [MESSAGE][INFO] - Finding web element from Test Object's properties

2021-10-15 17:28:37 - [MESSAGE][INFO] - Checking timeout

2021-10-15 17:28:37 - [MESSAGE][INFO] - Finding web element with id: 'Object Repository/Sayfalar/Giris_Sayfasi/RetveTamam_Butonu' located by 'By.xpath: //*[@class = 'btn btn-default']' in '5' second(s)

2021-10-15 17:28:37 - [MESSAGE][INFO] - Smart Wait Function is triggered

2021-10-15 17:28:37 - [MESSAGE][INFO] - Found 1 web elements with id: 'Object Repository/Sayfalar/Giris_Sayfasi/RetveTamam_Butonu' located by 'By.xpath: //*[@class = 'btn btn-default']' in '5' second(s)

2021-10-15 17:28:37 - [MESSAGE][PASSED] - Object 'Object Repository/Sayfalar/Giris_Sayfasi/RetveTamam_Butonu' is present

2021-10-15 17:28:37 - [TEST_STEP][PASSED] - click(findTestObject("Object Repository/Sayfalar/Giris_Sayfasi/RetveTamam_Butonu")): Object: 'Object Repository/Sayfalar/Giris_Sayfasi/RetveTamam_Butonu' is clicked on

2021-10-15 17:28:37 - [MESSAGE][INFO] - Finding Test Object 'Object Repository/Sayfalar/Giris_Sayfasi/RetveTamam_Butonu'

2021-10-15 17:28:38 - [MESSAGE][INFO] - Checking object

2021-10-15 17:28:38 - [MESSAGE][INFO] - Finding web element from Test Object's properties

2021-10-15 17:28:38 - [MESSAGE][INFO] - Checking timeout

2021-10-15 17:28:38 - [MESSAGE][INFO] - Finding web element with id: 'Object Repository/Sayfalar/Giris_Sayfasi/RetveTamam_Butonu' located by 'By.xpath: //*[@class = 'btn btn-default']' in '30' second(s)

2021-10-15 17:28:38 - [MESSAGE][INFO] - Smart Wait Function is triggered

2021-10-15 17:28:38 - [MESSAGE][INFO] - Found 1 web elements with id: 'Object Repository/Sayfalar/Giris_Sayfasi/RetveTamam_Butonu' located by 'By.xpath: //*[@class = 'btn btn-default']' in '30' second(s)

2021-10-15 17:28:38 - [MESSAGE][INFO] - Clicking on object: 'Object Repository/Sayfalar/Giris_Sayfasi/RetveTamam_Butonu'

2021-10-15 17:28:38 - [MESSAGE][PASSED] - Object: 'Object Repository/Sayfalar/Giris_Sayfasi/RetveTamam_Butonu' is clicked on

2021-10-15 17:28:38 - [TEST_STEP][PASSED] - click(findTestObject("Object Repository/Sayfalar/Giris_Sayfasi/RetveTamam_Butonu")): Object: 'Object Repository/Sayfalar/Giris_Sayfasi/RetveTamam_Butonu' is clicked on

2021-10-15 17:28:38 - [MESSAGE][INFO] - Finding Test Object 'Object Repository/Sayfalar/Giris_Sayfasi/RetveTamam_Butonu'

2021-10-15 17:28:38 - [MESSAGE][INFO] - Checking object

2021-10-15 17:28:38 - [MESSAGE][INFO] - Finding web element from Test Object's properties

2021-10-15 17:28:38 - [MESSAGE][INFO] - Checking timeout

2021-10-15 17:28:38 - [MESSAGE][INFO] - Finding web element with id: 'Object Repository/Sayfalar/Giris_Sayfasi/RetveTamam_Butonu' located by 'By.xpath: //*[@class = 'btn btn-default']' in '30' second(s)

2021-10-15 17:28:38 - [MESSAGE][INFO] - Smart Wait Function is triggered

2021-10-15 17:28:40 - [MESSAGE][INFO] - Found 1 web elements with id: 'Object Repository/Sayfalar/Giris_Sayfasi/RetveTamam_Butonu' located by 'By.xpath: //*[@class = 'btn btn-default']' in '30' second(s)

2021-10-15 17:28:40 - [MESSAGE][INFO] - Clicking on object: 'Object Repository/Sayfalar/Giris_Sayfasi/RetveTamam_Butonu'

2021-10-15 17:28:40 - [MESSAGE][PASSED] - Object: 'Object Repository/Sayfalar/Giris_Sayfasi/RetveTamam_Butonu' is clicked on

2021-10-15 17:28:40 - [TEST_STEP][PASSED] - if (verifyElementPresent(findTestObject("Sayfalar/Giris_Sayfasi/PopupOK"), 5, OPTIONAL)): null

2021-10-15 17:28:40 - [MESSAGE][INFO] - Finding Test Object 'Object Repository/Sayfalar/Giris_Sayfasi/PopupOK'

2021-10-15 17:28:40 - [MESSAGE][INFO] - Checking object

2021-10-15 17:28:40 - [MESSAGE][INFO] - Finding web element from Test Object's properties

2021-10-15 17:28:40 - [MESSAGE][INFO] - Checking timeout

2021-10-15 17:28:40 - [MESSAGE][INFO] - Finding web element with id: 'Object Repository/Sayfalar/Giris_Sayfasi/PopupOK' located by 'By.cssSelector: .btn.btn-success' in '5' second(s)

2021-10-15 17:28:40 - [MESSAGE][INFO] - Smart Wait Function is triggered

2021-10-15 17:28:41 - [MESSAGE][INFO] - Found 1 web elements with id: 'Object Repository/Sayfalar/Giris_Sayfasi/PopupOK' located by 'By.cssSelector: .btn.btn-success' in '5' second(s)

2021-10-15 17:28:41 - [MESSAGE][PASSED] - Object 'Object Repository/Sayfalar/Giris_Sayfasi/PopupOK' is present

2021-10-15 17:28:41 - [TEST_STEP][PASSED] - click(findTestObject("Object Repository/Sayfalar/Giris_Sayfasi/PopupCarpiGiris")): Object: 'Object Repository/Sayfalar/Giris_Sayfasi/PopupCarpiGiris' is clicked on

2021-10-15 17:28:41 - [MESSAGE][INFO] - Finding Test Object 'Object Repository/Sayfalar/Giris_Sayfasi/PopupCarpiGiris'

2021-10-15 17:28:41 - [MESSAGE][INFO] - Checking object

2021-10-15 17:28:41 - [MESSAGE][INFO] - Finding web element from Test Object's properties

2021-10-15 17:28:41 - [MESSAGE][INFO] - Checking timeout

2021-10-15 17:28:41 - [MESSAGE][INFO] - Finding web element with id: 'Object Repository/Sayfalar/Giris_Sayfasi/PopupCarpiGiris' located by 'By.cssSelector: .bootbox-close-button.close' in '30' second(s)

2021-10-15 17:28:41 - [MESSAGE][INFO] - Smart Wait Function is triggered

2021-10-15 17:28:41 - [MESSAGE][INFO] - Found 1 web elements with id: 'Object Repository/Sayfalar/Giris_Sayfasi/PopupCarpiGiris' located by 'By.cssSelector: .bootbox-close-button.close' in '30' second(s)

2021-10-15 17:28:41 - [MESSAGE][INFO] - Clicking on object: 'Object Repository/Sayfalar/Giris_Sayfasi/PopupCarpiGiris'

2021-10-15 17:28:41 - [MESSAGE][PASSED] - Object: 'Object Repository/Sayfalar/Giris_Sayfasi/PopupCarpiGiris' is clicked on

2021-10-15 17:28:41 - [TEST_STEP][PASSED] - verifyElementVisible(findTestObject("Object Repository/Kullanici_Islemleri/KullaniciIslemleri")): Object 'Object Repository/Kullanici_Islemleri/KullaniciIslemleri' is visible

2021-10-15 17:28:41 - [MESSAGE][INFO] - Finding Test Object 'Object Repository/Kullanici_Islemleri/KullaniciIslemleri'

2021-10-15 17:28:41 - [MESSAGE][INFO] - Checking object

2021-10-15 17:28:41 - [MESSAGE][INFO] - Finding web element from Test Object's properties

2021-10-15 17:28:41 - [MESSAGE][INFO] - Checking timeout

2021-10-15 17:28:41 - [MESSAGE][INFO] - Finding web element with id: 'Object Repository/Kullanici_Islemleri/KullaniciIslemleri' located by 'By.cssSelector: .dropdown>a>img' in '30' second(s)

2021-10-15 17:28:41 - [MESSAGE][INFO] - Smart Wait Function is triggered

2021-10-15 17:28:42 - [MESSAGE][INFO] - Found 1 web elements with id: 'Object Repository/Kullanici_Islemleri/KullaniciIslemleri' located by 'By.cssSelector: .dropdown>a>img' in '30' second(s)

2021-10-15 17:28:42 - [MESSAGE][PASSED] - Object 'Object Repository/Kullanici_Islemleri/KullaniciIslemleri' is visible

2021-10-15 17:28:42 - [MESSAGE][PASSED] - Call Test Case 'Test Cases/Sayfalar/Giris_Sayfasi/Login' successfully

2021-10-15 17:28:42 - [MESSAGE][INFO] - Checking called Test Case

2021-10-15 17:28:42 - [MESSAGE][INFO] - Starting to call Test Case 'Test Cases/Menu/AnaMenuSecimi'

2021-10-15 17:28:42 - [TEST_CASE][PASSED] - Test Cases/Menu/AnaMenuSecimi: Test Cases/Menu/AnaMenuSecimi

2021-10-15 17:28:42 - [TEST_STEP][PASSED] - Method.TextDegerineEsitElementeTikla(findTestObject("Menu/Ana_Menu"), Ana_Menu): Method.TextDegerineEsitElementeTikla is PASSED

2021-10-15 17:28:42 - [MESSAGE][INFO] - Finding Test Object 'Object Repository/Menu/Ana_Menu'

2021-10-15 17:28:43 - [MESSAGE][INFO] - Checking timeout

2021-10-15 17:28:43 - [MESSAGE][INFO] - Finding web element with id: 'Object Repository/Menu/Ana_Menu' located by 'By.xpath: //*[@class = 'dropdown-toggle']' in '10' second(s)

2021-10-15 17:28:43 - [MESSAGE][INFO] - Smart Wait Function is triggered

2021-10-15 17:28:43 - [MESSAGE][INFO] - Found 14 web elements with id: 'Object Repository/Menu/Ana_Menu' located by 'By.xpath: //*[@class = 'dropdown-toggle']' in '10' second(s)

2021-10-15 17:28:43 - [MESSAGE][PASSED] - Method.TextDegerineEsitElementeTikla is PASSED

2021-10-15 17:28:43 - [MESSAGE][PASSED] - Call Test Case 'Test Cases/Menu/AnaMenuSecimi' successfully

2021-10-15 17:28:43 - [MESSAGE][INFO] - Checking called Test Case

2021-10-15 17:28:43 - [MESSAGE][INFO] - Starting to call Test Case 'Test Cases/Menu/AltMenuSecimi'

2021-10-15 17:28:43 - [TEST_CASE][PASSED] - Test Cases/Menu/AltMenuSecimi: Test Cases/Menu/AltMenuSecimi

2021-10-15 17:28:44 - [TEST_STEP][PASSED] - Method.TextDegerineEsitElementeTikla(findTestObject("Menu/Alt_Menu"), Alt_Menu): Method.TextDegerineEsitElementeTikla is PASSED

2021-10-15 17:28:44 - [MESSAGE][INFO] - Finding Test Object 'Object Repository/Menu/Alt_Menu'

2021-10-15 17:28:44 - [MESSAGE][INFO] - Checking timeout

2021-10-15 17:28:44 - [MESSAGE][INFO] - Finding web element with id: 'Object Repository/Menu/Alt_Menu' located by 'By.xpath: //li[@class='dropdown dropdown-large open']//li[@class='dropdown-element']' in '10' second(s)

2021-10-15 17:28:44 - [MESSAGE][INFO] - Smart Wait Function is triggered

2021-10-15 17:28:44 - [MESSAGE][INFO] - Found 1 web elements with id: 'Object Repository/Menu/Alt_Menu' located by 'By.xpath: //li[@class='dropdown dropdown-large open']//li[@class='dropdown-element']' in '10' second(s)

2021-10-15 17:28:52 - [MESSAGE][PASSED] - Method.TextDegerineEsitElementeTikla is PASSED

2021-10-15 17:28:52 - [MESSAGE][PASSED] - Call Test Case 'Test Cases/Menu/AltMenuSecimi' successfully

2021-10-15 17:28:52 - [MESSAGE][INFO] - Checking called Test Case

2021-10-15 17:28:52 - [MESSAGE][INFO] - Starting to call Test Case 'Test Cases/Sayfalar/Yetki_Yonetimi/SekmeSecilir'

2021-10-15 17:28:52 - [TEST_CASE][PASSED] - Test Cases/Sayfalar/Yetki_Yonetimi/SekmeSecilir: Test Cases/Sayfalar/Yetki_Yonetimi/SekmeSecilir

2021-10-15 17:28:53 - [TEST_STEP][PASSED] - Method.TextDegerineEsitElementeTikla(findTestObject("Object Repository/Sayfalar/Yetki_Yonetimi/Sekmeler"), Sekme): Method.TextDegerineEsitElementeTikla is PASSED

2021-10-15 17:28:53 - [MESSAGE][INFO] - Finding Test Object 'Object Repository/Sayfalar/Yetki_Yonetimi/Sekmeler'

2021-10-15 17:28:53 - [MESSAGE][INFO] - Checking timeout

2021-10-15 17:28:53 - [MESSAGE][INFO] - Finding web element with id: 'Object Repository/Sayfalar/Yetki_Yonetimi/Sekmeler' located by 'By.cssSelector: #pcFeatures_TC>li[class="dxtc-tab"] span,#pcFeatures_TC>li[class="dxtc-activeTab dxtc-lead"] span' in '10' second(s)

2021-10-15 17:28:53 - [MESSAGE][INFO] - Smart Wait Function is triggered

2021-10-15 17:28:53 - [MESSAGE][INFO] - Found 3 web elements with id: 'Object Repository/Sayfalar/Yetki_Yonetimi/Sekmeler' located by 'By.cssSelector: #pcFeatures_TC>li[class="dxtc-tab"] span,#pcFeatures_TC>li[class="dxtc-activeTab dxtc-lead"] span' in '10' second(s)

2021-10-15 17:28:53 - [MESSAGE][PASSED] - Method.TextDegerineEsitElementeTikla is PASSED

2021-10-15 17:28:53 - [MESSAGE][PASSED] - Call Test Case 'Test Cases/Sayfalar/Yetki_Yonetimi/SekmeSecilir' successfully

2021-10-15 17:28:53 - [MESSAGE][INFO] - Checking called Test Case

2021-10-15 17:28:53 - [MESSAGE][INFO] - Starting to call Test Case 'Test Cases/Butonlar/ButonaTikla'

2021-10-15 17:28:53 - [TEST_CASE][PASSED] - Test Cases/Butonlar/ButonaTikla: Test Cases/Butonlar/ButonaTikla

2021-10-15 17:28:54 - [TEST_STEP][PASSED] - Method.TextDegerineEsitElementeTiklaEquals(findTestObject("Butonlar/Butonlar"), Buton_Adi): Method.TextDegerineEsitElementeTiklaEquals is PASSED

2021-10-15 17:28:54 - [MESSAGE][INFO] - Finding Test Object 'Object Repository/Butonlar/Butonlar'

2021-10-15 17:28:54 - [MESSAGE][INFO] - Checking timeout

2021-10-15 17:28:54 - [MESSAGE][INFO] - Finding web element with id: 'Object Repository/Butonlar/Butonlar' located by 'By.cssSelector: .panel.panel-default.text-center.footerPanel .btn,.btn.btn-primary.btnControls' in '10' second(s)

2021-10-15 17:28:54 - [MESSAGE][INFO] - Smart Wait Function is triggered

2021-10-15 17:28:54 - [MESSAGE][INFO] - Found 12 web elements with id: 'Object Repository/Butonlar/Butonlar' located by 'By.cssSelector: .panel.panel-default.text-center.footerPanel .btn,.btn.btn-primary.btnControls' in '10' second(s)

2021-10-15 17:28:55 - [MESSAGE][PASSED] - Method.TextDegerineEsitElementeTiklaEquals is PASSED

2021-10-15 17:28:55 - [MESSAGE][PASSED] - Call Test Case 'Test Cases/Butonlar/ButonaTikla' successfully

2021-10-15 17:28:55 - [MESSAGE][INFO] - Checking called Test Case

2021-10-15 17:28:55 - [MESSAGE][INFO] - Starting to call Test Case 'Test Cases/Sayfalar/Yetki_Yonetimi/DepartmanEklenir'

2021-10-15 17:28:55 - [TEST_CASE][PASSED] - Test Cases/Sayfalar/Yetki_Yonetimi/DepartmanEklenir: Test Cases/Sayfalar/Yetki_Yonetimi/DepartmanEklenir

2021-10-15 17:28:55 - [TEST_STEP][PASSED] - switchToFrame(findTestObject("Object Repository/Sayfalar/Yetki_Yonetimi/Departman_Bilgileri/frame"), 10): Switched to iframe: 'Object Repository/Sayfalar/Yetki_Yonetimi/Departman_Bilgileri/frame'

2021-10-15 17:28:55 - [MESSAGE][INFO] - Finding Test Object 'Object Repository/Sayfalar/Yetki_Yonetimi/Departman_Bilgileri/frame'

2021-10-15 17:28:55 - [MESSAGE][INFO] - Switching to iframe: 'Object Repository/Sayfalar/Yetki_Yonetimi/Departman_Bilgileri/frame'

2021-10-15 17:28:55 - [MESSAGE][INFO] - Finding web element from Test Object's properties

2021-10-15 17:28:55 - [MESSAGE][INFO] - Checking timeout

2021-10-15 17:28:55 - [MESSAGE][INFO] - Finding web element with id: 'Object Repository/Sayfalar/Yetki_Yonetimi/Departman_Bilgileri/frame' located by 'By.xpath: //*[@id = 'departmanaddframe']' in '10' second(s)

2021-10-15 17:28:55 - [MESSAGE][INFO] - Smart Wait Function is triggered

2021-10-15 17:28:56 - [MESSAGE][INFO] - Found 1 web elements with id: 'Object Repository/Sayfalar/Yetki_Yonetimi/Departman_Bilgileri/frame' located by 'By.xpath: //*[@id = 'departmanaddframe']' in '10' second(s)

2021-10-15 17:28:56 - [MESSAGE][INFO] - Switched to iframe: 'Object Repository/Sayfalar/Yetki_Yonetimi/Departman_Bilgileri/frame'

2021-10-15 17:28:56 - [TEST_STEP][PASSED] - waitForElementPresent(findTestObject("Object Repository/Sayfalar/Yetki_Yonetimi/Departman_Bilgileri/Adi"), 10): Object 'Object Repository/Sayfalar/Yetki_Yonetimi/Departman_Bilgileri/Adi' is present

2021-10-15 17:28:56 - [MESSAGE][INFO] - Finding Test Object 'Object Repository/Sayfalar/Yetki_Yonetimi/Departman_Bilgileri/Adi'

2021-10-15 17:28:56 - [MESSAGE][INFO] - Checking object

2021-10-15 17:28:56 - [MESSAGE][INFO] - Finding web element from Test Object's properties

2021-10-15 17:28:56 - [MESSAGE][INFO] - Checking timeout

2021-10-15 17:28:56 - [MESSAGE][INFO] - Finding web element with id: 'Object Repository/Sayfalar/Yetki_Yonetimi/Departman_Bilgileri/Adi' located by 'By.xpath: //*[@id = 'DepartmentName_I']' in '10' second(s)

2021-10-15 17:28:56 - [MESSAGE][INFO] - Smart Wait Function is triggered

2021-10-15 17:28:56 - [MESSAGE][INFO] - Found 1 web elements with id: 'Object Repository/Sayfalar/Yetki_Yonetimi/Departman_Bilgileri/Adi' located by 'By.xpath: //*[@id = 'DepartmentName_I']' in '10' second(s)

2021-10-15 17:28:56 - [MESSAGE][PASSED] - Object 'Object Repository/Sayfalar/Yetki_Yonetimi/Departman_Bilgileri/Adi' is present

2021-10-15 17:28:56 - [TEST_STEP][PASSED] - clearText(findTestObject("Object Repository/Sayfalar/Yetki_Yonetimi/Departman_Bilgileri/Adi")): Text of object 'Object Repository/Sayfalar/Yetki_Yonetimi/Departman_Bilgileri/Adi' is cleared

2021-10-15 17:28:56 - [MESSAGE][INFO] - Finding Test Object 'Object Repository/Sayfalar/Yetki_Yonetimi/Departman_Bilgileri/Adi'

2021-10-15 17:28:56 - [MESSAGE][INFO] - Checking object

2021-10-15 17:28:56 - [MESSAGE][INFO] - Finding web element from Test Object's properties

2021-10-15 17:28:56 - [MESSAGE][INFO] - Checking timeout

2021-10-15 17:28:56 - [MESSAGE][INFO] - Finding web element with id: 'Object Repository/Sayfalar/Yetki_Yonetimi/Departman_Bilgileri/Adi' located by 'By.xpath: //*[@id = 'DepartmentName_I']' in '30' second(s)

2021-10-15 17:28:56 - [MESSAGE][INFO] - Smart Wait Function is triggered

2021-10-15 17:28:56 - [MESSAGE][INFO] - Found 1 web elements with id: 'Object Repository/Sayfalar/Yetki_Yonetimi/Departman_Bilgileri/Adi' located by 'By.xpath: //*[@id = 'DepartmentName_I']' in '30' second(s)

2021-10-15 17:28:56 - [MESSAGE][INFO] - Clearing text of object 'Object Repository/Sayfalar/Yetki_Yonetimi/Departman_Bilgileri/Adi'

2021-10-15 17:28:56 - [MESSAGE][PASSED] - Text of object 'Object Repository/Sayfalar/Yetki_Yonetimi/Departman_Bilgileri/Adi' is cleared

2021-10-15 17:28:56 - [TEST_STEP][PASSED] - sendKeys(findTestObject("Object Repository/Sayfalar/Yetki_Yonetimi/Departman_Bilgileri/Adi"), Departman): Keys 'VirgosolDepartman' sent to object: 'Object Repository/Sayfalar/Yetki_Yonetimi/Departman_Bilgileri/Adi'

2021-10-15 17:28:56 - [MESSAGE][INFO] - Finding Test Object 'Object Repository/Sayfalar/Yetki_Yonetimi/Departman_Bilgileri/Adi'

2021-10-15 17:28:56 - [MESSAGE][INFO] - Sending keys 'VirgosolDepartman' to object: 'Object Repository/Sayfalar/Yetki_Yonetimi/Departman_Bilgileri/Adi'

2021-10-15 17:28:56 - [MESSAGE][INFO] - Finding web element from Test Object's properties

2021-10-15 17:28:56 - [MESSAGE][INFO] - Checking timeout

2021-10-15 17:28:56 - [MESSAGE][INFO] - Finding web element with id: 'Object Repository/Sayfalar/Yetki_Yonetimi/Departman_Bilgileri/Adi' located by 'By.xpath: //*[@id = 'DepartmentName_I']' in '30' second(s)

2021-10-15 17:28:56 - [MESSAGE][INFO] - Smart Wait Function is triggered

2021-10-15 17:28:56 - [MESSAGE][INFO] - Found 1 web elements with id: 'Object Repository/Sayfalar/Yetki_Yonetimi/Departman_Bilgileri/Adi' located by 'By.xpath: //*[@id = 'DepartmentName_I']' in '30' second(s)

2021-10-15 17:28:56 - [MESSAGE][PASSED] - Keys 'VirgosolDepartman' sent to object: 'Object Repository/Sayfalar/Yetki_Yonetimi/Departman_Bilgileri/Adi'

2021-10-15 17:28:56 - [TEST_STEP][PASSED] - waitForElementPresent(findTestObject("Object Repository/Sayfalar/Yetki_Yonetimi/Departman_Bilgileri/Aciklamasi"), 10): Object 'Object Repository/Sayfalar/Yetki_Yonetimi/Departman_Bilgileri/Aciklamasi' is present

2021-10-15 17:28:56 - [MESSAGE][INFO] - Finding Test Object 'Object Repository/Sayfalar/Yetki_Yonetimi/Departman_Bilgileri/Aciklamasi'

2021-10-15 17:28:57 - [MESSAGE][INFO] - Checking object

2021-10-15 17:28:57 - [MESSAGE][INFO] - Finding web element from Test Object's properties

2021-10-15 17:28:57 - [MESSAGE][INFO] - Checking timeout

2021-10-15 17:28:57 - [MESSAGE][INFO] - Finding web element with id: 'Object Repository/Sayfalar/Yetki_Yonetimi/Departman_Bilgileri/Aciklamasi' located by 'By.xpath: //*[@id = 'DepartmentDescription_I']' in '10' second(s)

2021-10-15 17:28:57 - [MESSAGE][INFO] - Smart Wait Function is triggered

2021-10-15 17:28:57 - [MESSAGE][INFO] - Found 1 web elements with id: 'Object Repository/Sayfalar/Yetki_Yonetimi/Departman_Bilgileri/Aciklamasi' located by 'By.xpath: //*[@id = 'DepartmentDescription_I']' in '10' second(s)

2021-10-15 17:28:57 - [MESSAGE][PASSED] - Object 'Object Repository/Sayfalar/Yetki_Yonetimi/Departman_Bilgileri/Aciklamasi' is present

2021-10-15 17:28:57 - [TEST_STEP][PASSED] - clearText(findTestObject("Object Repository/Sayfalar/Yetki_Yonetimi/Departman_Bilgileri/Aciklamasi")): Text of object 'Object Repository/Sayfalar/Yetki_Yonetimi/Departman_Bilgileri/Aciklamasi' is cleared

2021-10-15 17:28:57 - [MESSAGE][INFO] - Finding Test Object 'Object Repository/Sayfalar/Yetki_Yonetimi/Departman_Bilgileri/Aciklamasi'

2021-10-15 17:28:57 - [MESSAGE][INFO] - Checking object

2021-10-15 17:28:57 - [MESSAGE][INFO] - Finding web element from Test Object's properties

2021-10-15 17:28:57 - [MESSAGE][INFO] - Checking timeout

2021-10-15 17:28:57 - [MESSAGE][INFO] - Finding web element with id: 'Object Repository/Sayfalar/Yetki_Yonetimi/Departman_Bilgileri/Aciklamasi' located by 'By.xpath: //*[@id = 'DepartmentDescription_I']' in '30' second(s)

2021-10-15 17:28:57 - [MESSAGE][INFO] - Smart Wait Function is triggered

2021-10-15 17:28:57 - [MESSAGE][INFO] - Found 1 web elements with id: 'Object Repository/Sayfalar/Yetki_Yonetimi/Departman_Bilgileri/Aciklamasi' located by 'By.xpath: //*[@id = 'DepartmentDescription_I']' in '30' second(s)

2021-10-15 17:28:57 - [MESSAGE][INFO] - Clearing text of object 'Object Repository/Sayfalar/Yetki_Yonetimi/Departman_Bilgileri/Aciklamasi'

2021-10-15 17:28:57 - [MESSAGE][PASSED] - Text of object 'Object Repository/Sayfalar/Yetki_Yonetimi/Departman_Bilgileri/Aciklamasi' is cleared

2021-10-15 17:28:57 - [TEST_STEP][PASSED] - sendKeys(findTestObject("Object Repository/Sayfalar/Yetki_Yonetimi/Departman_Bilgileri/Aciklamasi"), Aciklama): Keys 'Otomasyon' sent to object: 'Object Repository/Sayfalar/Yetki_Yonetimi/Departman_Bilgileri/Aciklamasi'

2021-10-15 17:28:57 - [MESSAGE][INFO] - Finding Test Object 'Object Repository/Sayfalar/Yetki_Yonetimi/Departman_Bilgileri/Aciklamasi'

2021-10-15 17:28:57 - [MESSAGE][INFO] - Sending keys 'Otomasyon' to object: 'Object Repository/Sayfalar/Yetki_Yonetimi/Departman_Bilgileri/Aciklamasi'

2021-10-15 17:28:57 - [MESSAGE][INFO] - Finding web element from Test Object's properties

2021-10-15 17:28:57 - [MESSAGE][INFO] - Checking timeout

2021-10-15 17:28:57 - [MESSAGE][INFO] - Finding web element with id: 'Object Repository/Sayfalar/Yetki_Yonetimi/Departman_Bilgileri/Aciklamasi' located by 'By.xpath: //*[@id = 'DepartmentDescription_I']' in '30' second(s)

2021-10-15 17:28:57 - [MESSAGE][INFO] - Smart Wait Function is triggered

2021-10-15 17:28:57 - [MESSAGE][INFO] - Found 1 web elements with id: 'Object Repository/Sayfalar/Yetki_Yonetimi/Departman_Bilgileri/Aciklamasi' located by 'By.xpath: //*[@id = 'DepartmentDescription_I']' in '30' second(s)

2021-10-15 17:28:57 - [MESSAGE][PASSED] - Keys 'Otomasyon' sent to object: 'Object Repository/Sayfalar/Yetki_Yonetimi/Departman_Bilgileri/Aciklamasi'

2021-10-15 17:28:57 - [TEST_STEP][PASSED] - waitForElementPresent(findTestObject("Object Repository/Sayfalar/Yetki_Yonetimi/Departman_Bilgileri/e-Posta"), 10): Object 'Object Repository/Sayfalar/Yetki_Yonetimi/Departman_Bilgileri/e-Posta' is present

2021-10-15 17:28:57 - [MESSAGE][INFO] - Finding Test Object 'Object Repository/Sayfalar/Yetki_Yonetimi/Departman_Bilgileri/e-Posta'

2021-10-15 17:28:57 - [MESSAGE][INFO] - Checking object

2021-10-15 17:28:57 - [MESSAGE][INFO] - Finding web element from Test Object's properties

2021-10-15 17:28:57 - [MESSAGE][INFO] - Checking timeout

2021-10-15 17:28:57 - [MESSAGE][INFO] - Finding web element with id: 'Object Repository/Sayfalar/Yetki_Yonetimi/Departman_Bilgileri/e-Posta' located by 'By.xpath: //*[@id = 'DepartmentEmail_I']' in '10' second(s)

2021-10-15 17:28:57 - [MESSAGE][INFO] - Smart Wait Function is triggered

2021-10-15 17:28:57 - [MESSAGE][INFO] - Found 1 web elements with id: 'Object Repository/Sayfalar/Yetki_Yonetimi/Departman_Bilgileri/e-Posta' located by 'By.xpath: //*[@id = 'DepartmentEmail_I']' in '10' second(s)

2021-10-15 17:28:57 - [MESSAGE][PASSED] - Object 'Object Repository/Sayfalar/Yetki_Yonetimi/Departman_Bilgileri/e-Posta' is present

2021-10-15 17:28:57 - [TEST_STEP][PASSED] - clearText(findTestObject("Object Repository/Sayfalar/Yetki_Yonetimi/Departman_Bilgileri/e-Posta")): Text of object 'Object Repository/Sayfalar/Yetki_Yonetimi/Departman_Bilgileri/e-Posta' is cleared

2021-10-15 17:28:57 - [MESSAGE][INFO] - Finding Test Object 'Object Repository/Sayfalar/Yetki_Yonetimi/Departman_Bilgileri/e-Posta'

2021-10-15 17:28:57 - [MESSAGE][INFO] - Checking object

2021-10-15 17:28:57 - [MESSAGE][INFO] - Finding web element from Test Object's properties

2021-10-15 17:28:57 - [MESSAGE][INFO] - Checking timeout

2021-10-15 17:28:57 - [MESSAGE][INFO] - Finding web element with id: 'Object Repository/Sayfalar/Yetki_Yonetimi/Departman_Bilgileri/e-Posta' located by 'By.xpath: //*[@id = 'DepartmentEmail_I']' in '30' second(s)

2021-10-15 17:28:57 - [MESSAGE][INFO] - Smart Wait Function is triggered

2021-10-15 17:28:57 - [MESSAGE][INFO] - Found 1 web elements with id: 'Object Repository/Sayfalar/Yetki_Yonetimi/Departman_Bilgileri/e-Posta' located by 'By.xpath: //*[@id = 'DepartmentEmail_I']' in '30' second(s)

2021-10-15 17:28:57 - [MESSAGE][INFO] - Clearing text of object 'Object Repository/Sayfalar/Yetki_Yonetimi/Departman_Bilgileri/e-Posta'

2021-10-15 17:28:57 - [MESSAGE][PASSED] - Text of object 'Object Repository/Sayfalar/Yetki_Yonetimi/Departman_Bilgileri/e-Posta' is cleared

2021-10-15 17:28:57 - [TEST_STEP][PASSED] - sendKeys(findTestObject("Object Repository/Sayfalar/Yetki_Yonetimi/Departman_Bilgileri/e-Posta"), Posta): Keys 'otomasyon@virgosol.com' sent to object: 'Object Repository/Sayfalar/Yetki_Yonetimi/Departman_Bilgileri/e-Posta'

2021-10-15 17:28:57 - [MESSAGE][INFO] - Finding Test Object 'Object Repository/Sayfalar/Yetki_Yonetimi/Departman_Bilgileri/e-Posta'

2021-10-15 17:28:57 - [MESSAGE][INFO] - Sending keys 'otomasyon@virgosol.com' to object: 'Object Repository/Sayfalar/Yetki_Yonetimi/Departman_Bilgileri/e-Posta'

2021-10-15 17:28:57 - [MESSAGE][INFO] - Finding web element from Test Object's properties

2021-10-15 17:28:57 - [MESSAGE][INFO] - Checking timeout

2021-10-15 17:28:57 - [MESSAGE][INFO] - Finding web element with id: 'Object Repository/Sayfalar/Yetki_Yonetimi/Departman_Bilgileri/e-Posta' located by 'By.xpath: //*[@id = 'DepartmentEmail_I']' in '30' second(s)

2021-10-15 17:28:57 - [MESSAGE][INFO] - Smart Wait Function is triggered

2021-10-15 17:28:57 - [MESSAGE][INFO] - Found 1 web elements with id: 'Object Repository/Sayfalar/Yetki_Yonetimi/Departman_Bilgileri/e-Posta' located by 'By.xpath: //*[@id = 'DepartmentEmail_I']' in '30' second(s)

2021-10-15 17:28:58 - [MESSAGE][PASSED] - Keys 'otomasyon@virgosol.com' sent to object: 'Object Repository/Sayfalar/Yetki_Yonetimi/Departman_Bilgileri/e-Posta'

2021-10-15 17:28:58 - [TEST_STEP][PASSED] - if (toString().equals(Atayabilir_Mi)): null

2021-10-15 17:28:58 - [TEST_STEP][PASSED] - waitForElementClickable(findTestObject("Object Repository/Sayfalar/Yetki_Yonetimi/Departman_Bilgileri/Kaydet"), 10): Object 'Object Repository/Sayfalar/Yetki_Yonetimi/Departman_Bilgileri/Kaydet' is clickable

2021-10-15 17:28:58 - [MESSAGE][INFO] - Finding Test Object 'Object Repository/Sayfalar/Yetki_Yonetimi/Departman_Bilgileri/Kaydet'

2021-10-15 17:28:58 - [MESSAGE][INFO] - Checking object

2021-10-15 17:28:58 - [MESSAGE][INFO] - Checking timeout

2021-10-15 17:28:58 - [MESSAGE][INFO] - Finding web element from Test Object's properties

2021-10-15 17:28:58 - [MESSAGE][INFO] - Checking timeout

2021-10-15 17:28:58 - [MESSAGE][INFO] - Finding web element with id: 'Object Repository/Sayfalar/Yetki_Yonetimi/Departman_Bilgileri/Kaydet' located by 'By.xpath: //*[@id = 'btnSaveDepartment_CD']' in '10' second(s)

2021-10-15 17:28:58 - [MESSAGE][INFO] - Smart Wait Function is triggered

2021-10-15 17:28:58 - [MESSAGE][INFO] - Found 1 web elements with id: 'Object Repository/Sayfalar/Yetki_Yonetimi/Departman_Bilgileri/Kaydet' located by 'By.xpath: //*[@id = 'btnSaveDepartment_CD']' in '10' second(s)

2021-10-15 17:28:58 - [MESSAGE][PASSED] - Object 'Object Repository/Sayfalar/Yetki_Yonetimi/Departman_Bilgileri/Kaydet' is clickable

2021-10-15 17:28:58 - [TEST_STEP][PASSED] - click(findTestObject("Object Repository/Sayfalar/Yetki_Yonetimi/Departman_Bilgileri/Kaydet")): Object: 'Object Repository/Sayfalar/Yetki_Yonetimi/Departman_Bilgileri/Kaydet' is clicked on

2021-10-15 17:28:58 - [MESSAGE][INFO] - Finding Test Object 'Object Repository/Sayfalar/Yetki_Yonetimi/Departman_Bilgileri/Kaydet'

2021-10-15 17:28:58 - [MESSAGE][INFO] - Checking object

2021-10-15 17:28:58 - [MESSAGE][INFO] - Finding web element from Test Object's properties

2021-10-15 17:28:58 - [MESSAGE][INFO] - Checking timeout

2021-10-15 17:28:58 - [MESSAGE][INFO] - Finding web element with id: 'Object Repository/Sayfalar/Yetki_Yonetimi/Departman_Bilgileri/Kaydet' located by 'By.xpath: //*[@id = 'btnSaveDepartment_CD']' in '30' second(s)

2021-10-15 17:28:58 - [MESSAGE][INFO] - Smart Wait Function is triggered

2021-10-15 17:28:58 - [MESSAGE][INFO] - Found 1 web elements with id: 'Object Repository/Sayfalar/Yetki_Yonetimi/Departman_Bilgileri/Kaydet' located by 'By.xpath: //*[@id = 'btnSaveDepartment_CD']' in '30' second(s)

2021-10-15 17:28:58 - [MESSAGE][INFO] - Clicking on object: 'Object Repository/Sayfalar/Yetki_Yonetimi/Departman_Bilgileri/Kaydet'

2021-10-15 17:28:58 - [MESSAGE][PASSED] - Object: 'Object Repository/Sayfalar/Yetki_Yonetimi/Departman_Bilgileri/Kaydet' is clicked on

2021-10-15 17:28:58 - [TEST_STEP][PASSED] - callTestCase(findTestCase("Popup/PopupMesajiIceriyorMu"), ["Mesaj":"oluşturulmuştur"], STOP_ON_FAILURE): Call Test Case 'Test Cases/Popup/PopupMesajiIceriyorMu' successfully

2021-10-15 17:28:58 - [MESSAGE][INFO] - Checking called Test Case

2021-10-15 17:28:58 - [MESSAGE][INFO] - Starting to call Test Case 'Test Cases/Popup/PopupMesajiIceriyorMu'

2021-10-15 17:28:58 - [TEST_CASE][PASSED] - Test Cases/Popup/PopupMesajiIceriyorMu: Test Cases/Popup/PopupMesajiIceriyorMu

2021-10-15 17:28:59 - [TEST_STEP][PASSED] - waitForElementVisible(findTestObject("Popup/Popup"), 10): Object 'Object Repository/Popup/Popup' is visible

2021-10-15 17:28:59 - [MESSAGE][INFO] - Finding Test Object 'Object Repository/Popup/Popup'

2021-10-15 17:28:59 - [MESSAGE][INFO] - Checking object

2021-10-15 17:28:59 - [MESSAGE][INFO] - Checking timeout

2021-10-15 17:28:59 - [MESSAGE][INFO] - Finding web element from Test Object's properties

2021-10-15 17:28:59 - [MESSAGE][INFO] - Checking timeout

2021-10-15 17:28:59 - [MESSAGE][INFO] - Finding web element with id: 'Object Repository/Popup/Popup' located by 'By.cssSelector: .bootbox-body' in '10' second(s)

2021-10-15 17:28:59 - [MESSAGE][INFO] - Smart Wait Function is triggered

2021-10-15 17:28:59 - [MESSAGE][INFO] - Smart Wait Function is triggered

2021-10-15 17:28:59 - [MESSAGE][INFO] - Smart Wait Function is triggered

2021-10-15 17:28:59 - [MESSAGE][INFO] - Smart Wait Function is triggered

2021-10-15 17:28:59 - [MESSAGE][INFO] - Found 1 web elements with id: 'Object Repository/Popup/Popup' located by 'By.cssSelector: .bootbox-body' in '10' second(s)

2021-10-15 17:29:00 - [MESSAGE][PASSED] - Object 'Object Repository/Popup/Popup' is visible

2021-10-15 17:29:00 - [TEST_STEP][PASSED] - if (!(getText(findTestObject("Popup/Popup")).contains(Mesaj))): Text of object 'Object Repository/Popup/Popup' is: 'Departman kaydı oluşturulmuştur.'

2021-10-15 17:29:00 - [MESSAGE][INFO] - Finding Test Object 'Object Repository/Popup/Popup'

2021-10-15 17:29:00 - [MESSAGE][INFO] - Checking object

2021-10-15 17:29:00 - [MESSAGE][INFO] - Finding web element from Test Object's properties

2021-10-15 17:29:00 - [MESSAGE][INFO] - Checking timeout

2021-10-15 17:29:00 - [MESSAGE][INFO] - Finding web element with id: 'Object Repository/Popup/Popup' located by 'By.cssSelector: .bootbox-body' in '30' second(s)

2021-10-15 17:29:00 - [MESSAGE][INFO] - Smart Wait Function is triggered

2021-10-15 17:29:00 - [MESSAGE][INFO] - Found 1 web elements with id: 'Object Repository/Popup/Popup' located by 'By.cssSelector: .bootbox-body' in '30' second(s)

2021-10-15 17:29:00 - [MESSAGE][INFO] - Getting text of object 'Object Repository/Popup/Popup'

2021-10-15 17:29:00 - [MESSAGE][PASSED] - Text of object 'Object Repository/Popup/Popup' is: 'Departman kaydı oluşturulmuştur.'

2021-10-15 17:29:00 - [TEST_STEP][PASSED] - RaporNo = getText(findTestObject("Popup/Popup")).substring(0, 6): Text of object 'Object Repository/Popup/Popup' is: 'Departman kaydı oluşturulmuştur.'

2021-10-15 17:29:00 - [MESSAGE][INFO] - Finding Test Object 'Object Repository/Popup/Popup'

2021-10-15 17:29:00 - [MESSAGE][INFO] - Checking object

2021-10-15 17:29:00 - [MESSAGE][INFO] - Finding web element from Test Object's properties

2021-10-15 17:29:00 - [MESSAGE][INFO] - Checking timeout

2021-10-15 17:29:00 - [MESSAGE][INFO] - Finding web element with id: 'Object Repository/Popup/Popup' located by 'By.cssSelector: .bootbox-body' in '30' second(s)

2021-10-15 17:29:00 - [MESSAGE][INFO] - Smart Wait Function is triggered

2021-10-15 17:29:00 - [MESSAGE][INFO] - Found 1 web elements with id: 'Object Repository/Popup/Popup' located by 'By.cssSelector: .bootbox-body' in '30' second(s)

2021-10-15 17:29:00 - [MESSAGE][INFO] - Getting text of object 'Object Repository/Popup/Popup'

2021-10-15 17:29:00 - [MESSAGE][PASSED] - Text of object 'Object Repository/Popup/Popup' is: 'Departman kaydı oluşturulmuştur.'

2021-10-15 17:29:00 - [TEST_STEP][PASSED] - Console.println(RaporNo): null

2021-10-15 17:29:00 - [MESSAGE][PASSED] - Call Test Case 'Test Cases/Popup/PopupMesajiIceriyorMu' successfully

2021-10-15 17:29:00 - [TEST_STEP][PASSED] - callTestCase(findTestCase("Popup/PopupButonSecilir"), ["Buton":"Tamam"], STOP_ON_FAILURE): Call Test Case 'Test Cases/Popup/PopupButonSecilir' successfully

2021-10-15 17:29:00 - [MESSAGE][INFO] - Checking called Test Case

2021-10-15 17:29:00 - [MESSAGE][INFO] - Starting to call Test Case 'Test Cases/Popup/PopupButonSecilir'

2021-10-15 17:29:00 - [TEST_CASE][PASSED] - Test Cases/Popup/PopupButonSecilir: Test Cases/Popup/PopupButonSecilir

2021-10-15 17:29:01 - [TEST_STEP][PASSED] - Method.TextDegerineEsitElementeTikla(findTestObject("Popup/Popup_Butons"), Buton): Method.TextDegerineEsitElementeTikla is PASSED

2021-10-15 17:29:01 - [MESSAGE][INFO] - Finding Test Object 'Object Repository/Popup/Popup_Butons'

2021-10-15 17:29:01 - [MESSAGE][INFO] - Checking timeout

2021-10-15 17:29:01 - [MESSAGE][INFO] - Finding web element with id: 'Object Repository/Popup/Popup_Butons' located by 'By.cssSelector: .modal-footer>button' in '10' second(s)

2021-10-15 17:29:01 - [MESSAGE][INFO] - Smart Wait Function is triggered

2021-10-15 17:29:01 - [MESSAGE][INFO] - Found 1 web elements with id: 'Object Repository/Popup/Popup_Butons' located by 'By.cssSelector: .modal-footer>button' in '10' second(s)

2021-10-15 17:29:01 - [MESSAGE][PASSED] - Method.TextDegerineEsitElementeTikla is PASSED

2021-10-15 17:29:01 - [MESSAGE][PASSED] - Call Test Case 'Test Cases/Popup/PopupButonSecilir' successfully

2021-10-15 17:29:01 - [TEST_STEP][PASSED] - switchToDefaultContent(): Switching to default content

2021-10-15 17:29:01 - [MESSAGE][INFO] - Switching to default content

2021-10-15 17:29:01 - [MESSAGE][PASSED] - Call Test Case 'Test Cases/Sayfalar/Yetki_Yonetimi/DepartmanEklenir' successfully

2021-10-15 17:29:01 - [MESSAGE][INFO] - Checking called Test Case

2021-10-15 17:29:01 - [MESSAGE][INFO] - Starting to call Test Case 'Test Cases/Kullanici_Islemleri/KullaniciIslemlerindenSecimYapilir'

2021-10-15 17:29:01 - [TEST_CASE][PASSED] - Test Cases/Kullanici_Islemleri/KullaniciIslemlerindenSecimYapilir: Test Cases/Kullanici_Islemleri/KullaniciIslemlerindenSecimYapilir

2021-10-15 17:29:02 - [TEST_STEP][PASSED] - waitForElementClickable(findTestObject("Object Repository/Kullanici_Islemleri/KullaniciIslemleri"), 10): Object 'Object Repository/Kullanici_Islemleri/KullaniciIslemleri' is clickable

2021-10-15 17:29:02 - [MESSAGE][INFO] - Finding Test Object 'Object Repository/Kullanici_Islemleri/KullaniciIslemleri'

2021-10-15 17:29:02 - [MESSAGE][INFO] - Checking object

2021-10-15 17:29:02 - [MESSAGE][INFO] - Checking timeout

2021-10-15 17:29:02 - [MESSAGE][INFO] - Finding web element from Test Object's properties

2021-10-15 17:29:02 - [MESSAGE][INFO] - Checking timeout

2021-10-15 17:29:02 - [MESSAGE][INFO] - Finding web element with id: 'Object Repository/Kullanici_Islemleri/KullaniciIslemleri' located by 'By.cssSelector: .dropdown>a>img' in '10' second(s)

2021-10-15 17:29:02 - [MESSAGE][INFO] - Smart Wait Function is triggered

2021-10-15 17:29:03 - [MESSAGE][INFO] - Found 1 web elements with id: 'Object Repository/Kullanici_Islemleri/KullaniciIslemleri' located by 'By.cssSelector: .dropdown>a>img' in '10' second(s)

2021-10-15 17:29:03 - [MESSAGE][PASSED] - Object 'Object Repository/Kullanici_Islemleri/KullaniciIslemleri' is clickable

2021-10-15 17:29:03 - [TEST_STEP][PASSED] - click(findTestObject("Object Repository/Kullanici_Islemleri/KullaniciIslemleri")): Object: 'Object Repository/Kullanici_Islemleri/KullaniciIslemleri' is clicked on

2021-10-15 17:29:03 - [MESSAGE][INFO] - Finding Test Object 'Object Repository/Kullanici_Islemleri/KullaniciIslemleri'

2021-10-15 17:29:03 - [MESSAGE][INFO] - Checking object

2021-10-15 17:29:03 - [MESSAGE][INFO] - Finding web element from Test Object's properties

2021-10-15 17:29:03 - [MESSAGE][INFO] - Checking timeout

2021-10-15 17:29:03 - [MESSAGE][INFO] - Finding web element with id: 'Object Repository/Kullanici_Islemleri/KullaniciIslemleri' located by 'By.cssSelector: .dropdown>a>img' in '30' second(s)

2021-10-15 17:29:03 - [MESSAGE][INFO] - Smart Wait Function is triggered

2021-10-15 17:29:03 - [MESSAGE][INFO] - Found 1 web elements with id: 'Object Repository/Kullanici_Islemleri/KullaniciIslemleri' located by 'By.cssSelector: .dropdown>a>img' in '30' second(s)

2021-10-15 17:29:03 - [MESSAGE][INFO] - Clicking on object: 'Object Repository/Kullanici_Islemleri/KullaniciIslemleri'

2021-10-15 17:29:03 - [MESSAGE][PASSED] - Object: 'Object Repository/Kullanici_Islemleri/KullaniciIslemleri' is clicked on

2021-10-15 17:29:03 - [TEST_STEP][PASSED] - Method.TextDegerineEsitElementeTikla(findTestObject("Object Repository/Kullanici_Islemleri/Secenekler"), Islem): Method.TextDegerineEsitElementeTikla is PASSED

2021-10-15 17:29:03 - [MESSAGE][INFO] - Finding Test Object 'Object Repository/Kullanici_Islemleri/Secenekler'

2021-10-15 17:29:03 - [MESSAGE][INFO] - Checking timeout

2021-10-15 17:29:03 - [MESSAGE][INFO] - Finding web element with id: 'Object Repository/Kullanici_Islemleri/Secenekler' located by 'By.cssSelector: .nav.navbar-nav.navbar-right li a' in '10' second(s)

2021-10-15 17:29:03 - [MESSAGE][INFO] - Smart Wait Function is triggered

2021-10-15 17:29:04 - [MESSAGE][INFO] - Found 22 web elements with id: 'Object Repository/Kullanici_Islemleri/Secenekler' located by 'By.cssSelector: .nav.navbar-nav.navbar-right li a' in '10' second(s)

2021-10-15 17:29:05 - [MESSAGE][PASSED] - Method.TextDegerineEsitElementeTikla is PASSED

2021-10-15 17:29:05 - [TEST_STEP][PASSED] - verifyElementNotPresent(findTestObject("Object Repository/Kullanici_Islemleri/Secenekler"), 10): Web element with id: 'Object Repository/Kullanici_Islemleri/Secenekler' located by 'By.cssSelector: .nav.navbar-nav.navbar-right li a' is not present after '10' second(s)

2021-10-15 17:29:05 - [MESSAGE][INFO] - Finding Test Object 'Object Repository/Kullanici_Islemleri/Secenekler'

2021-10-15 17:29:05 - [MESSAGE][INFO] - Checking object

2021-10-15 17:29:05 - [MESSAGE][INFO] - Checking timeout

2021-10-15 17:29:05 - [MESSAGE][INFO] - Finding web element with id: 'Object Repository/Kullanici_Islemleri/Secenekler' located by 'By.cssSelector: .nav.navbar-nav.navbar-right li a' in '10' second(s)

2021-10-15 17:29:05 - [MESSAGE][INFO] - Smart Wait Function is triggered

2021-10-15 17:29:05 - [MESSAGE][PASSED] - Web element with id: 'Object Repository/Kullanici_Islemleri/Secenekler' located by 'By.cssSelector: .nav.navbar-nav.navbar-right li a' is not present after '10' second(s)

2021-10-15 17:29:05 - [MESSAGE][PASSED] - Call Test Case 'Test Cases/Kullanici_Islemleri/KullaniciIslemlerindenSecimYapilir' successfully

2021-10-15 17:29:05 - [TEST_CASE][PASSED] - Start Test Case : SCENARIO Departman Eklenir: SCENARIO Departman Eklenir

2021-10-15 17:29:05 - [TEST_STEP][PASSED] - Kullanıcı adı ELOGO6 ve Şifre 123456 olarak giriş yapılır: Kullanıcı adı ELOGO6 ve Şifre 123456 olarak giriş yapılır

2021-10-15 17:29:05 - [MESSAGE][PASSED] - Kullanıcı adı ELOGO6 ve Şifre 123456 olarak giriş yapılır

2021-10-15 17:29:05 - [TEST_STEP][PASSED] - Ana menüden Firma Yönetimi seçilir: Ana menüden Firma Yönetimi seçilir

2021-10-15 17:29:05 - [MESSAGE][PASSED] - Ana menüden Firma Yönetimi seçilir

2021-10-15 17:29:05 - [TEST_STEP][PASSED] - Alt menüden Yetki Yönetimi seçilir: Alt menüden Yetki Yönetimi seçilir

2021-10-15 17:29:05 - [MESSAGE][PASSED] - Alt menüden Yetki Yönetimi seçilir

2021-10-15 17:29:05 - [TEST_STEP][PASSED] - Sekmelerden Departman Tanımları seçilir: Sekmelerden Departman Tanımları seçilir

2021-10-15 17:29:05 - [MESSAGE][PASSED] - Sekmelerden Departman Tanımları seçilir

2021-10-15 17:29:05 - [TEST_STEP][PASSED] - Butonlardan Departman Ekle isimli butona tıklanır: Butonlardan Departman Ekle isimli butona tıklanır

2021-10-15 17:29:05 - [MESSAGE][PASSED] - Butonlardan Departman Ekle isimli butona tıklanır

2021-10-15 17:29:05 - [TEST_STEP][PASSED] - Departman bilgileri VirgosolDepartman, Otomasyon, otomasyon@virgosol.com, Atayamaz olarak girilir: Departman bilgileri VirgosolDepartman, Otomasyon, otomasyon@virgosol.com, Atayamaz olarak girilir

2021-10-15 17:29:05 - [MESSAGE][PASSED] - Departman bilgileri VirgosolDepartman, Otomasyon, otomasyon@virgosol.com, Atayamaz olarak girilir

2021-10-15 17:29:05 - [TEST_STEP][PASSED] - Kullanıcı işlemlerinden Çıkış seçilir: Kullanıcı işlemlerinden Çıkış seçilir

2021-10-15 17:29:05 - [MESSAGE][PASSED] - Kullanıcı işlemlerinden Çıkış seçilir

2021-10-15 17:29:06 - [MESSAGE][PASSED] - Feature file: 'Include/features/Firma Yonetimi/Yetki Yonetimi/Departman Tanimlari/Departman Ekle.feature' was passed

2021-10-15 17:29:06 - [TEST_STEP][PASSED] - Start listener action : sampleAfterTestSuite: Invoke 'com.kms.katalon.core.annotation.AfterTestCase' method: 'Listener.sampleAfterTestSuite(...)' completed.

2021-10-15 17:29:06 - [MESSAGE][INFO] - Starting invoke 'com.kms.katalon.core.annotation.AfterTestCase' method: 'Listener.sampleAfterTestSuite(...)'

2021-10-15 17:29:06 - [TEST_STEP][PASSED] - closeBrowser(): Invoke 'com.kms.katalon.core.annotation.AfterTestCase' method: 'Listener.sampleAfterTestSuite(...)' completed.

2021-10-15 17:29:06 - [MESSAGE][INFO] - Closing browser

2021-10-15 17:29:06 - [MESSAGE][PASSED] - Browser is closed

2021-10-15 17:29:06 - [MESSAGE][INFO] - Invoke 'com.kms.katalon.core.annotation.AfterTestCase' method: 'Listener.sampleAfterTestSuite(...)' completed.]]></system-out>
         <system-err><![CDATA[]]></system-err>
      </testcase>
      <testcase name="Test Cases/Case Repository/Firma Yonetimi/Yetki Yonetimi/Departman Tanimlari/Ekran Kontrolu" time="33.608" classname="Test Cases/Case Repository/Firma Yonetimi/Yetki Yonetimi/Departman Tanimlari/Ekran Kontrolu" status="PASSED">
         <system-out><![CDATA[2021-10-15 17:29:06 - [TEST_CASE][PASSED] - Test Cases/Case Repository/Firma Yonetimi/Yetki Yonetimi/Departman Tanimlari/Ekran Kontrolu: Test Cases/Case Repository/Firma Yonetimi/Yetki Yonetimi/Departman Tanimlari/Ekran Kontrolu

2021-10-15 17:29:06 - [TEST_STEP][PASSED] - Start listener action : sampleBeforeTestSuite: Invoke 'com.kms.katalon.core.annotation.BeforeTestCase' method: 'Listener.sampleBeforeTestSuite(...)' completed.

2021-10-15 17:29:06 - [MESSAGE][INFO] - Starting invoke 'com.kms.katalon.core.annotation.BeforeTestCase' method: 'Listener.sampleBeforeTestSuite(...)'

2021-10-15 17:29:06 - [TEST_STEP][PASSED] - openBrowser(baseUrl): Browser is opened with url: 'https://efatura-stage.elogo.com.tr/'

2021-10-15 17:29:06 - [MESSAGE][INFO] - Opening browser

2021-10-15 17:29:06 - [MESSAGE][INFO] - Starting 'Chrome' driver

2021-10-15 17:29:06 - [MESSAGE][INFO] - User set preference: ['prefs', '{download.default_directory=C:\otomasyondownfiles}']

2021-10-15 17:29:06 - [MESSAGE][INFO] - Action delay is set to 0 milliseconds

2021-10-15 17:29:07 - [MESSAGE][INFO] - Navigating browser to: 'https://efatura-stage.elogo.com.tr/'

2021-10-15 17:29:11 - [MESSAGE][PASSED] - Browser is opened with url: 'https://efatura-stage.elogo.com.tr/'

2021-10-15 17:29:11 - [TEST_STEP][PASSED] - maximizeWindow(): Invoke 'com.kms.katalon.core.annotation.BeforeTestCase' method: 'Listener.sampleBeforeTestSuite(...)' completed.

2021-10-15 17:29:11 - [MESSAGE][INFO] - Maximizing current window

2021-10-15 17:29:11 - [MESSAGE][PASSED] - Current window maximized

2021-10-15 17:29:11 - [MESSAGE][INFO] - Invoke 'com.kms.katalon.core.annotation.BeforeTestCase' method: 'Listener.sampleBeforeTestSuite(...)' completed.

2021-10-15 17:29:12 - [TEST_STEP][PASSED] - runFeatureFile("Include/features/Firma Yonetimi/Yetki Yonetimi/Departman Tanimlari/Ekran Kontrolu.feature"): Feature file: 'Include/features/Firma Yonetimi/Yetki Yonetimi/Departman Tanimlari/Ekran Kontrolu.feature' was passed

2021-10-15 17:29:12 - [MESSAGE][INFO] - Starting run keyword runFeatureFile: 'Include/features/Firma Yonetimi/Yetki Yonetimi/Departman Tanimlari/Ekran Kontrolu.feature' and extract report to folder: 'C:\Users\DELL\Downloads\EES_Katalon-main\Reports\20211015_165642\Suite Repository\Firma_Yonetimi\20211015_165749/cucumber_report/1634308152500'...

2021-10-15 17:29:12 - [MESSAGE][INFO] - Glue: []

2021-10-15 17:29:13 - [MESSAGE][INFO] - Checking called Test Case

2021-10-15 17:29:13 - [MESSAGE][INFO] - Starting to call Test Case 'Test Cases/Sayfalar/Giris_Sayfasi/Login'

2021-10-15 17:29:13 - [TEST_CASE][PASSED] - Test Cases/Sayfalar/Giris_Sayfasi/Login: Test Cases/Sayfalar/Giris_Sayfasi/Login

2021-10-15 17:29:13 - [TEST_STEP][PASSED] - Sayfa_Basligi = getWindowTitle(): Current window's title is: 'LOGO e-Fatura'

2021-10-15 17:29:13 - [MESSAGE][INFO] - Getting current window's title

2021-10-15 17:29:13 - [MESSAGE][PASSED] - Current window's title is: 'LOGO e-Fatura'

2021-10-15 17:29:13 - [TEST_STEP][PASSED] - verifyMatch(Sayfa_Basligi, "LOGO e-Fatura", false): Actual text 'LOGO e-Fatura' and expected text 'LOGO e-Fatura' are matched 

2021-10-15 17:29:13 - [MESSAGE][INFO] - Matching actual text 'LOGO e-Fatura' with expected text 'LOGO e-Fatura'

2021-10-15 17:29:13 - [MESSAGE][PASSED] - Actual text 'LOGO e-Fatura' and expected text 'LOGO e-Fatura' are matched 

2021-10-15 17:29:13 - [TEST_STEP][PASSED] - sendKeys(findTestObject("Sayfalar/Giris_Sayfasi/Firma_Kodu"), KullaniciAdi): Keys 'ELOGO6' sent to object: 'Object Repository/Sayfalar/Giris_Sayfasi/Firma_Kodu'

2021-10-15 17:29:13 - [MESSAGE][INFO] - Finding Test Object 'Object Repository/Sayfalar/Giris_Sayfasi/Firma_Kodu'

2021-10-15 17:29:13 - [MESSAGE][INFO] - Sending keys 'ELOGO6' to object: 'Object Repository/Sayfalar/Giris_Sayfasi/Firma_Kodu'

2021-10-15 17:29:13 - [MESSAGE][INFO] - Finding web element from Test Object's properties

2021-10-15 17:29:13 - [MESSAGE][INFO] - Checking timeout

2021-10-15 17:29:13 - [MESSAGE][INFO] - Finding web element with id: 'Object Repository/Sayfalar/Giris_Sayfasi/Firma_Kodu' located by 'By.xpath: //*[@id = 'AccountName']' in '30' second(s)

2021-10-15 17:29:13 - [MESSAGE][INFO] - Smart Wait Function is triggered

2021-10-15 17:29:13 - [MESSAGE][INFO] - Found 1 web elements with id: 'Object Repository/Sayfalar/Giris_Sayfasi/Firma_Kodu' located by 'By.xpath: //*[@id = 'AccountName']' in '30' second(s)

2021-10-15 17:29:13 - [MESSAGE][PASSED] - Keys 'ELOGO6' sent to object: 'Object Repository/Sayfalar/Giris_Sayfasi/Firma_Kodu'

2021-10-15 17:29:13 - [TEST_STEP][PASSED] - sendKeys(findTestObject("Sayfalar/Giris_Sayfasi/Sifre"), Sifre): Keys '123456' sent to object: 'Object Repository/Sayfalar/Giris_Sayfasi/Sifre'

2021-10-15 17:29:13 - [MESSAGE][INFO] - Finding Test Object 'Object Repository/Sayfalar/Giris_Sayfasi/Sifre'

2021-10-15 17:29:14 - [MESSAGE][INFO] - Sending keys '123456' to object: 'Object Repository/Sayfalar/Giris_Sayfasi/Sifre'

2021-10-15 17:29:14 - [MESSAGE][INFO] - Finding web element from Test Object's properties

2021-10-15 17:29:14 - [MESSAGE][INFO] - Checking timeout

2021-10-15 17:29:14 - [MESSAGE][INFO] - Finding web element with id: 'Object Repository/Sayfalar/Giris_Sayfasi/Sifre' located by 'By.xpath: //*[@id = 'Password']' in '30' second(s)

2021-10-15 17:29:14 - [MESSAGE][INFO] - Smart Wait Function is triggered

2021-10-15 17:29:14 - [MESSAGE][INFO] - Found 1 web elements with id: 'Object Repository/Sayfalar/Giris_Sayfasi/Sifre' located by 'By.xpath: //*[@id = 'Password']' in '30' second(s)

2021-10-15 17:29:14 - [MESSAGE][PASSED] - Keys '123456' sent to object: 'Object Repository/Sayfalar/Giris_Sayfasi/Sifre'

2021-10-15 17:29:14 - [TEST_STEP][PASSED] - findWebElement(findTestObject("Sayfalar/Giris_Sayfasi/Giris_Butonu")).click(): Found 1 web elements with id: 'Object Repository/Sayfalar/Giris_Sayfasi/Giris_Butonu' located by 'By.cssSelector: #btnLogin' in '30' second(s)

2021-10-15 17:29:14 - [MESSAGE][INFO] - Finding Test Object 'Object Repository/Sayfalar/Giris_Sayfasi/Giris_Butonu'

2021-10-15 17:29:14 - [MESSAGE][INFO] - Finding web element from Test Object's properties

2021-10-15 17:29:14 - [MESSAGE][INFO] - Checking timeout

2021-10-15 17:29:14 - [MESSAGE][INFO] - Finding web element with id: 'Object Repository/Sayfalar/Giris_Sayfasi/Giris_Butonu' located by 'By.cssSelector: #btnLogin' in '30' second(s)

2021-10-15 17:29:14 - [MESSAGE][INFO] - Smart Wait Function is triggered

2021-10-15 17:29:15 - [MESSAGE][INFO] - Found 1 web elements with id: 'Object Repository/Sayfalar/Giris_Sayfasi/Giris_Butonu' located by 'By.cssSelector: #btnLogin' in '30' second(s)

2021-10-15 17:29:17 - [TEST_STEP][PASSED] - if (verifyElementPresent(findTestObject("Object Repository/Sayfalar/Giris_Sayfasi/RetveTamam_Butonu"), 5, OPTIONAL)): null

2021-10-15 17:29:17 - [MESSAGE][INFO] - Finding Test Object 'Object Repository/Sayfalar/Giris_Sayfasi/RetveTamam_Butonu'

2021-10-15 17:29:17 - [MESSAGE][INFO] - Checking object

2021-10-15 17:29:17 - [MESSAGE][INFO] - Finding web element from Test Object's properties

2021-10-15 17:29:17 - [MESSAGE][INFO] - Checking timeout

2021-10-15 17:29:17 - [MESSAGE][INFO] - Finding web element with id: 'Object Repository/Sayfalar/Giris_Sayfasi/RetveTamam_Butonu' located by 'By.xpath: //*[@class = 'btn btn-default']' in '5' second(s)

2021-10-15 17:29:17 - [MESSAGE][INFO] - Smart Wait Function is triggered

2021-10-15 17:29:17 - [MESSAGE][INFO] - Found 1 web elements with id: 'Object Repository/Sayfalar/Giris_Sayfasi/RetveTamam_Butonu' located by 'By.xpath: //*[@class = 'btn btn-default']' in '5' second(s)

2021-10-15 17:29:17 - [MESSAGE][PASSED] - Object 'Object Repository/Sayfalar/Giris_Sayfasi/RetveTamam_Butonu' is present

2021-10-15 17:29:17 - [TEST_STEP][PASSED] - click(findTestObject("Object Repository/Sayfalar/Giris_Sayfasi/RetveTamam_Butonu")): Object: 'Object Repository/Sayfalar/Giris_Sayfasi/RetveTamam_Butonu' is clicked on

2021-10-15 17:29:17 - [MESSAGE][INFO] - Finding Test Object 'Object Repository/Sayfalar/Giris_Sayfasi/RetveTamam_Butonu'

2021-10-15 17:29:18 - [MESSAGE][INFO] - Checking object

2021-10-15 17:29:18 - [MESSAGE][INFO] - Finding web element from Test Object's properties

2021-10-15 17:29:18 - [MESSAGE][INFO] - Checking timeout

2021-10-15 17:29:18 - [MESSAGE][INFO] - Finding web element with id: 'Object Repository/Sayfalar/Giris_Sayfasi/RetveTamam_Butonu' located by 'By.xpath: //*[@class = 'btn btn-default']' in '30' second(s)

2021-10-15 17:29:18 - [MESSAGE][INFO] - Smart Wait Function is triggered

2021-10-15 17:29:18 - [MESSAGE][INFO] - Found 1 web elements with id: 'Object Repository/Sayfalar/Giris_Sayfasi/RetveTamam_Butonu' located by 'By.xpath: //*[@class = 'btn btn-default']' in '30' second(s)

2021-10-15 17:29:18 - [MESSAGE][INFO] - Clicking on object: 'Object Repository/Sayfalar/Giris_Sayfasi/RetveTamam_Butonu'

2021-10-15 17:29:18 - [MESSAGE][PASSED] - Object: 'Object Repository/Sayfalar/Giris_Sayfasi/RetveTamam_Butonu' is clicked on

2021-10-15 17:29:18 - [TEST_STEP][PASSED] - click(findTestObject("Object Repository/Sayfalar/Giris_Sayfasi/RetveTamam_Butonu")): Object: 'Object Repository/Sayfalar/Giris_Sayfasi/RetveTamam_Butonu' is clicked on

2021-10-15 17:29:18 - [MESSAGE][INFO] - Finding Test Object 'Object Repository/Sayfalar/Giris_Sayfasi/RetveTamam_Butonu'

2021-10-15 17:29:18 - [MESSAGE][INFO] - Checking object

2021-10-15 17:29:18 - [MESSAGE][INFO] - Finding web element from Test Object's properties

2021-10-15 17:29:18 - [MESSAGE][INFO] - Checking timeout

2021-10-15 17:29:18 - [MESSAGE][INFO] - Finding web element with id: 'Object Repository/Sayfalar/Giris_Sayfasi/RetveTamam_Butonu' located by 'By.xpath: //*[@class = 'btn btn-default']' in '30' second(s)

2021-10-15 17:29:18 - [MESSAGE][INFO] - Smart Wait Function is triggered

2021-10-15 17:29:24 - [MESSAGE][INFO] - Found 1 web elements with id: 'Object Repository/Sayfalar/Giris_Sayfasi/RetveTamam_Butonu' located by 'By.xpath: //*[@class = 'btn btn-default']' in '30' second(s)

2021-10-15 17:29:24 - [MESSAGE][INFO] - Clicking on object: 'Object Repository/Sayfalar/Giris_Sayfasi/RetveTamam_Butonu'

2021-10-15 17:29:24 - [MESSAGE][PASSED] - Object: 'Object Repository/Sayfalar/Giris_Sayfasi/RetveTamam_Butonu' is clicked on

2021-10-15 17:29:24 - [TEST_STEP][PASSED] - if (verifyElementPresent(findTestObject("Sayfalar/Giris_Sayfasi/PopupOK"), 5, OPTIONAL)): null

2021-10-15 17:29:24 - [MESSAGE][INFO] - Finding Test Object 'Object Repository/Sayfalar/Giris_Sayfasi/PopupOK'

2021-10-15 17:29:24 - [MESSAGE][INFO] - Checking object

2021-10-15 17:29:24 - [MESSAGE][INFO] - Finding web element from Test Object's properties

2021-10-15 17:29:24 - [MESSAGE][INFO] - Checking timeout

2021-10-15 17:29:24 - [MESSAGE][INFO] - Finding web element with id: 'Object Repository/Sayfalar/Giris_Sayfasi/PopupOK' located by 'By.cssSelector: .btn.btn-success' in '5' second(s)

2021-10-15 17:29:24 - [MESSAGE][INFO] - Smart Wait Function is triggered

2021-10-15 17:29:25 - [MESSAGE][INFO] - Found 1 web elements with id: 'Object Repository/Sayfalar/Giris_Sayfasi/PopupOK' located by 'By.cssSelector: .btn.btn-success' in '5' second(s)

2021-10-15 17:29:25 - [MESSAGE][PASSED] - Object 'Object Repository/Sayfalar/Giris_Sayfasi/PopupOK' is present

2021-10-15 17:29:25 - [TEST_STEP][PASSED] - click(findTestObject("Object Repository/Sayfalar/Giris_Sayfasi/PopupCarpiGiris")): Object: 'Object Repository/Sayfalar/Giris_Sayfasi/PopupCarpiGiris' is clicked on

2021-10-15 17:29:25 - [MESSAGE][INFO] - Finding Test Object 'Object Repository/Sayfalar/Giris_Sayfasi/PopupCarpiGiris'

2021-10-15 17:29:25 - [MESSAGE][INFO] - Checking object

2021-10-15 17:29:25 - [MESSAGE][INFO] - Finding web element from Test Object's properties

2021-10-15 17:29:25 - [MESSAGE][INFO] - Checking timeout

2021-10-15 17:29:25 - [MESSAGE][INFO] - Finding web element with id: 'Object Repository/Sayfalar/Giris_Sayfasi/PopupCarpiGiris' located by 'By.cssSelector: .bootbox-close-button.close' in '30' second(s)

2021-10-15 17:29:25 - [MESSAGE][INFO] - Smart Wait Function is triggered

2021-10-15 17:29:25 - [MESSAGE][INFO] - Found 1 web elements with id: 'Object Repository/Sayfalar/Giris_Sayfasi/PopupCarpiGiris' located by 'By.cssSelector: .bootbox-close-button.close' in '30' second(s)

2021-10-15 17:29:25 - [MESSAGE][INFO] - Clicking on object: 'Object Repository/Sayfalar/Giris_Sayfasi/PopupCarpiGiris'

2021-10-15 17:29:25 - [MESSAGE][PASSED] - Object: 'Object Repository/Sayfalar/Giris_Sayfasi/PopupCarpiGiris' is clicked on

2021-10-15 17:29:25 - [TEST_STEP][PASSED] - verifyElementVisible(findTestObject("Object Repository/Kullanici_Islemleri/KullaniciIslemleri")): Object 'Object Repository/Kullanici_Islemleri/KullaniciIslemleri' is visible

2021-10-15 17:29:25 - [MESSAGE][INFO] - Finding Test Object 'Object Repository/Kullanici_Islemleri/KullaniciIslemleri'

2021-10-15 17:29:25 - [MESSAGE][INFO] - Checking object

2021-10-15 17:29:25 - [MESSAGE][INFO] - Finding web element from Test Object's properties

2021-10-15 17:29:25 - [MESSAGE][INFO] - Checking timeout

2021-10-15 17:29:25 - [MESSAGE][INFO] - Finding web element with id: 'Object Repository/Kullanici_Islemleri/KullaniciIslemleri' located by 'By.cssSelector: .dropdown>a>img' in '30' second(s)

2021-10-15 17:29:25 - [MESSAGE][INFO] - Smart Wait Function is triggered

2021-10-15 17:29:26 - [MESSAGE][INFO] - Found 1 web elements with id: 'Object Repository/Kullanici_Islemleri/KullaniciIslemleri' located by 'By.cssSelector: .dropdown>a>img' in '30' second(s)

2021-10-15 17:29:26 - [MESSAGE][PASSED] - Object 'Object Repository/Kullanici_Islemleri/KullaniciIslemleri' is visible

2021-10-15 17:29:26 - [MESSAGE][PASSED] - Call Test Case 'Test Cases/Sayfalar/Giris_Sayfasi/Login' successfully

2021-10-15 17:29:26 - [MESSAGE][INFO] - Checking called Test Case

2021-10-15 17:29:26 - [MESSAGE][INFO] - Starting to call Test Case 'Test Cases/Menu/AnaMenuSecimi'

2021-10-15 17:29:26 - [TEST_CASE][PASSED] - Test Cases/Menu/AnaMenuSecimi: Test Cases/Menu/AnaMenuSecimi

2021-10-15 17:29:26 - [TEST_STEP][PASSED] - Method.TextDegerineEsitElementeTikla(findTestObject("Menu/Ana_Menu"), Ana_Menu): Method.TextDegerineEsitElementeTikla is PASSED

2021-10-15 17:29:26 - [MESSAGE][INFO] - Finding Test Object 'Object Repository/Menu/Ana_Menu'

2021-10-15 17:29:26 - [MESSAGE][INFO] - Checking timeout

2021-10-15 17:29:26 - [MESSAGE][INFO] - Finding web element with id: 'Object Repository/Menu/Ana_Menu' located by 'By.xpath: //*[@class = 'dropdown-toggle']' in '10' second(s)

2021-10-15 17:29:26 - [MESSAGE][INFO] - Smart Wait Function is triggered

2021-10-15 17:29:26 - [MESSAGE][INFO] - Found 14 web elements with id: 'Object Repository/Menu/Ana_Menu' located by 'By.xpath: //*[@class = 'dropdown-toggle']' in '10' second(s)

2021-10-15 17:29:27 - [MESSAGE][PASSED] - Method.TextDegerineEsitElementeTikla is PASSED

2021-10-15 17:29:27 - [MESSAGE][PASSED] - Call Test Case 'Test Cases/Menu/AnaMenuSecimi' successfully

2021-10-15 17:29:27 - [MESSAGE][INFO] - Checking called Test Case

2021-10-15 17:29:27 - [MESSAGE][INFO] - Starting to call Test Case 'Test Cases/Menu/AltMenuSecimi'

2021-10-15 17:29:27 - [TEST_CASE][PASSED] - Test Cases/Menu/AltMenuSecimi: Test Cases/Menu/AltMenuSecimi

2021-10-15 17:29:27 - [TEST_STEP][PASSED] - Method.TextDegerineEsitElementeTikla(findTestObject("Menu/Alt_Menu"), Alt_Menu): Method.TextDegerineEsitElementeTikla is PASSED

2021-10-15 17:29:27 - [MESSAGE][INFO] - Finding Test Object 'Object Repository/Menu/Alt_Menu'

2021-10-15 17:29:27 - [MESSAGE][INFO] - Checking timeout

2021-10-15 17:29:27 - [MESSAGE][INFO] - Finding web element with id: 'Object Repository/Menu/Alt_Menu' located by 'By.xpath: //li[@class='dropdown dropdown-large open']//li[@class='dropdown-element']' in '10' second(s)

2021-10-15 17:29:27 - [MESSAGE][INFO] - Smart Wait Function is triggered

2021-10-15 17:29:27 - [MESSAGE][INFO] - Found 1 web elements with id: 'Object Repository/Menu/Alt_Menu' located by 'By.xpath: //li[@class='dropdown dropdown-large open']//li[@class='dropdown-element']' in '10' second(s)

2021-10-15 17:29:30 - [MESSAGE][PASSED] - Method.TextDegerineEsitElementeTikla is PASSED

2021-10-15 17:29:30 - [MESSAGE][PASSED] - Call Test Case 'Test Cases/Menu/AltMenuSecimi' successfully

2021-10-15 17:29:30 - [MESSAGE][INFO] - Checking called Test Case

2021-10-15 17:29:30 - [MESSAGE][INFO] - Starting to call Test Case 'Test Cases/Sayfalar/Yetki_Yonetimi/SekmeSecilir'

2021-10-15 17:29:30 - [TEST_CASE][PASSED] - Test Cases/Sayfalar/Yetki_Yonetimi/SekmeSecilir: Test Cases/Sayfalar/Yetki_Yonetimi/SekmeSecilir

2021-10-15 17:29:30 - [TEST_STEP][PASSED] - Method.TextDegerineEsitElementeTikla(findTestObject("Object Repository/Sayfalar/Yetki_Yonetimi/Sekmeler"), Sekme): Method.TextDegerineEsitElementeTikla is PASSED

2021-10-15 17:29:30 - [MESSAGE][INFO] - Finding Test Object 'Object Repository/Sayfalar/Yetki_Yonetimi/Sekmeler'

2021-10-15 17:29:30 - [MESSAGE][INFO] - Checking timeout

2021-10-15 17:29:30 - [MESSAGE][INFO] - Finding web element with id: 'Object Repository/Sayfalar/Yetki_Yonetimi/Sekmeler' located by 'By.cssSelector: #pcFeatures_TC>li[class="dxtc-tab"] span,#pcFeatures_TC>li[class="dxtc-activeTab dxtc-lead"] span' in '10' second(s)

2021-10-15 17:29:30 - [MESSAGE][INFO] - Smart Wait Function is triggered

2021-10-15 17:29:30 - [MESSAGE][INFO] - Found 3 web elements with id: 'Object Repository/Sayfalar/Yetki_Yonetimi/Sekmeler' located by 'By.cssSelector: #pcFeatures_TC>li[class="dxtc-tab"] span,#pcFeatures_TC>li[class="dxtc-activeTab dxtc-lead"] span' in '10' second(s)

2021-10-15 17:29:30 - [MESSAGE][PASSED] - Method.TextDegerineEsitElementeTikla is PASSED

2021-10-15 17:29:30 - [MESSAGE][PASSED] - Call Test Case 'Test Cases/Sayfalar/Yetki_Yonetimi/SekmeSecilir' successfully

2021-10-15 17:29:30 - [MESSAGE][INFO] - Checking called Test Case

2021-10-15 17:29:30 - [MESSAGE][INFO] - Starting to call Test Case 'Test Cases/Filtreler/FiltreVarMi'

2021-10-15 17:29:30 - [TEST_CASE][PASSED] - Test Cases/Filtreler/FiltreVarMi: Test Cases/Filtreler/FiltreVarMi

2021-10-15 17:29:31 - [TEST_STEP][PASSED] - Method.TextDegerineEsitElementVarMi(findTestObject("Filtreler/Basliklar"), Filtre_alan): Method.TextDegerineEsitElementVarMi is PASSED

2021-10-15 17:29:31 - [MESSAGE][INFO] - Finding Test Object 'Object Repository/Filtreler/Basliklar'

2021-10-15 17:29:31 - [MESSAGE][INFO] - Checking timeout

2021-10-15 17:29:31 - [MESSAGE][INFO] - Finding web element with id: 'Object Repository/Filtreler/Basliklar' located by 'By.cssSelector: .control-label.col-sm-4.paddingMarginRLC' in '10' second(s)

2021-10-15 17:29:31 - [MESSAGE][INFO] - Smart Wait Function is triggered

2021-10-15 17:29:31 - [MESSAGE][INFO] - Found 12 web elements with id: 'Object Repository/Filtreler/Basliklar' located by 'By.cssSelector: .control-label.col-sm-4.paddingMarginRLC' in '10' second(s)

2021-10-15 17:29:31 - [MESSAGE][PASSED] - Method.TextDegerineEsitElementVarMi is PASSED

2021-10-15 17:29:31 - [MESSAGE][PASSED] - Call Test Case 'Test Cases/Filtreler/FiltreVarMi' successfully

2021-10-15 17:29:31 - [MESSAGE][INFO] - Checking called Test Case

2021-10-15 17:29:31 - [MESSAGE][INFO] - Starting to call Test Case 'Test Cases/Filtreler/FiltreVarMi'

2021-10-15 17:29:32 - [TEST_CASE][PASSED] - Test Cases/Filtreler/FiltreVarMi: Test Cases/Filtreler/FiltreVarMi

2021-10-15 17:29:32 - [TEST_STEP][PASSED] - Method.TextDegerineEsitElementVarMi(findTestObject("Filtreler/Basliklar"), Filtre_alan): Method.TextDegerineEsitElementVarMi is PASSED

2021-10-15 17:29:32 - [MESSAGE][INFO] - Finding Test Object 'Object Repository/Filtreler/Basliklar'

2021-10-15 17:29:32 - [MESSAGE][INFO] - Checking timeout

2021-10-15 17:29:32 - [MESSAGE][INFO] - Finding web element with id: 'Object Repository/Filtreler/Basliklar' located by 'By.cssSelector: .control-label.col-sm-4.paddingMarginRLC' in '10' second(s)

2021-10-15 17:29:32 - [MESSAGE][INFO] - Smart Wait Function is triggered

2021-10-15 17:29:32 - [MESSAGE][INFO] - Found 12 web elements with id: 'Object Repository/Filtreler/Basliklar' located by 'By.cssSelector: .control-label.col-sm-4.paddingMarginRLC' in '10' second(s)

2021-10-15 17:29:32 - [MESSAGE][PASSED] - Method.TextDegerineEsitElementVarMi is PASSED

2021-10-15 17:29:32 - [MESSAGE][PASSED] - Call Test Case 'Test Cases/Filtreler/FiltreVarMi' successfully

2021-10-15 17:29:32 - [MESSAGE][INFO] - Checking called Test Case

2021-10-15 17:29:32 - [MESSAGE][INFO] - Starting to call Test Case 'Test Cases/Filtreler/FiltreVarMi'

2021-10-15 17:29:32 - [TEST_CASE][PASSED] - Test Cases/Filtreler/FiltreVarMi: Test Cases/Filtreler/FiltreVarMi

2021-10-15 17:29:32 - [TEST_STEP][PASSED] - Method.TextDegerineEsitElementVarMi(findTestObject("Filtreler/Basliklar"), Filtre_alan): Method.TextDegerineEsitElementVarMi is PASSED

2021-10-15 17:29:32 - [MESSAGE][INFO] - Finding Test Object 'Object Repository/Filtreler/Basliklar'

2021-10-15 17:29:32 - [MESSAGE][INFO] - Checking timeout

2021-10-15 17:29:32 - [MESSAGE][INFO] - Finding web element with id: 'Object Repository/Filtreler/Basliklar' located by 'By.cssSelector: .control-label.col-sm-4.paddingMarginRLC' in '10' second(s)

2021-10-15 17:29:32 - [MESSAGE][INFO] - Smart Wait Function is triggered

2021-10-15 17:29:32 - [MESSAGE][INFO] - Found 12 web elements with id: 'Object Repository/Filtreler/Basliklar' located by 'By.cssSelector: .control-label.col-sm-4.paddingMarginRLC' in '10' second(s)

2021-10-15 17:29:32 - [MESSAGE][PASSED] - Method.TextDegerineEsitElementVarMi is PASSED

2021-10-15 17:29:32 - [MESSAGE][PASSED] - Call Test Case 'Test Cases/Filtreler/FiltreVarMi' successfully

2021-10-15 17:29:32 - [MESSAGE][INFO] - Checking called Test Case

2021-10-15 17:29:32 - [MESSAGE][INFO] - Starting to call Test Case 'Test Cases/Filtreler/ButonVarMi'

2021-10-15 17:29:32 - [TEST_CASE][PASSED] - Test Cases/Filtreler/ButonVarMi: Test Cases/Filtreler/ButonVarMi

2021-10-15 17:29:33 - [TEST_STEP][PASSED] - Method.TextDegerineEsitElementVarMi(findTestObject("Filtreler/Butonlar"), Filtre_Buton): Method.TextDegerineEsitElementVarMi is PASSED

2021-10-15 17:29:33 - [MESSAGE][INFO] - Finding Test Object 'Object Repository/Filtreler/Butonlar'

2021-10-15 17:29:33 - [MESSAGE][INFO] - Checking timeout

2021-10-15 17:29:33 - [MESSAGE][INFO] - Finding web element with id: 'Object Repository/Filtreler/Butonlar' located by 'By.cssSelector: .dxb>span' in '10' second(s)

2021-10-15 17:29:33 - [MESSAGE][INFO] - Smart Wait Function is triggered

2021-10-15 17:29:33 - [MESSAGE][INFO] - Found 6 web elements with id: 'Object Repository/Filtreler/Butonlar' located by 'By.cssSelector: .dxb>span' in '10' second(s)

2021-10-15 17:29:33 - [MESSAGE][PASSED] - Method.TextDegerineEsitElementVarMi is PASSED

2021-10-15 17:29:33 - [MESSAGE][PASSED] - Call Test Case 'Test Cases/Filtreler/ButonVarMi' successfully

2021-10-15 17:29:33 - [MESSAGE][INFO] - Checking called Test Case

2021-10-15 17:29:33 - [MESSAGE][INFO] - Starting to call Test Case 'Test Cases/Filtreler/ButonVarMi'

2021-10-15 17:29:33 - [TEST_CASE][PASSED] - Test Cases/Filtreler/ButonVarMi: Test Cases/Filtreler/ButonVarMi

2021-10-15 17:29:33 - [TEST_STEP][PASSED] - Method.TextDegerineEsitElementVarMi(findTestObject("Filtreler/Butonlar"), Filtre_Buton): Method.TextDegerineEsitElementVarMi is PASSED

2021-10-15 17:29:33 - [MESSAGE][INFO] - Finding Test Object 'Object Repository/Filtreler/Butonlar'

2021-10-15 17:29:33 - [MESSAGE][INFO] - Checking timeout

2021-10-15 17:29:33 - [MESSAGE][INFO] - Finding web element with id: 'Object Repository/Filtreler/Butonlar' located by 'By.cssSelector: .dxb>span' in '10' second(s)

2021-10-15 17:29:33 - [MESSAGE][INFO] - Smart Wait Function is triggered

2021-10-15 17:29:34 - [MESSAGE][INFO] - Found 6 web elements with id: 'Object Repository/Filtreler/Butonlar' located by 'By.cssSelector: .dxb>span' in '10' second(s)

2021-10-15 17:29:34 - [MESSAGE][PASSED] - Method.TextDegerineEsitElementVarMi is PASSED

2021-10-15 17:29:34 - [MESSAGE][PASSED] - Call Test Case 'Test Cases/Filtreler/ButonVarMi' successfully

2021-10-15 17:29:34 - [MESSAGE][INFO] - Checking called Test Case

2021-10-15 17:29:34 - [MESSAGE][INFO] - Starting to call Test Case 'Test Cases/Butonlar/ButonVarMi'

2021-10-15 17:29:34 - [TEST_CASE][PASSED] - Test Cases/Butonlar/ButonVarMi: Test Cases/Butonlar/ButonVarMi

2021-10-15 17:29:34 - [TEST_STEP][PASSED] - Method.TextDegerineEsitElementVarMi(findTestObject("Butonlar/Butonlar"), Buton): Method.TextDegerineEsitElementVarMi is PASSED

2021-10-15 17:29:34 - [MESSAGE][INFO] - Finding Test Object 'Object Repository/Butonlar/Butonlar'

2021-10-15 17:29:34 - [MESSAGE][INFO] - Checking timeout

2021-10-15 17:29:34 - [MESSAGE][INFO] - Finding web element with id: 'Object Repository/Butonlar/Butonlar' located by 'By.cssSelector: .panel.panel-default.text-center.footerPanel .btn,.btn.btn-primary.btnControls' in '10' second(s)

2021-10-15 17:29:34 - [MESSAGE][INFO] - Smart Wait Function is triggered

2021-10-15 17:29:35 - [MESSAGE][INFO] - Found 12 web elements with id: 'Object Repository/Butonlar/Butonlar' located by 'By.cssSelector: .panel.panel-default.text-center.footerPanel .btn,.btn.btn-primary.btnControls' in '10' second(s)

2021-10-15 17:29:35 - [MESSAGE][PASSED] - Method.TextDegerineEsitElementVarMi is PASSED

2021-10-15 17:29:35 - [MESSAGE][PASSED] - Call Test Case 'Test Cases/Butonlar/ButonVarMi' successfully

2021-10-15 17:29:35 - [MESSAGE][INFO] - Checking called Test Case

2021-10-15 17:29:35 - [MESSAGE][INFO] - Starting to call Test Case 'Test Cases/Butonlar/ButonVarMi'

2021-10-15 17:29:35 - [TEST_CASE][PASSED] - Test Cases/Butonlar/ButonVarMi: Test Cases/Butonlar/ButonVarMi

2021-10-15 17:29:35 - [TEST_STEP][PASSED] - Method.TextDegerineEsitElementVarMi(findTestObject("Butonlar/Butonlar"), Buton): Method.TextDegerineEsitElementVarMi is PASSED

2021-10-15 17:29:35 - [MESSAGE][INFO] - Finding Test Object 'Object Repository/Butonlar/Butonlar'

2021-10-15 17:29:35 - [MESSAGE][INFO] - Checking timeout

2021-10-15 17:29:35 - [MESSAGE][INFO] - Finding web element with id: 'Object Repository/Butonlar/Butonlar' located by 'By.cssSelector: .panel.panel-default.text-center.footerPanel .btn,.btn.btn-primary.btnControls' in '10' second(s)

2021-10-15 17:29:35 - [MESSAGE][INFO] - Smart Wait Function is triggered

2021-10-15 17:29:35 - [MESSAGE][INFO] - Found 12 web elements with id: 'Object Repository/Butonlar/Butonlar' located by 'By.cssSelector: .panel.panel-default.text-center.footerPanel .btn,.btn.btn-primary.btnControls' in '10' second(s)

2021-10-15 17:29:35 - [MESSAGE][PASSED] - Method.TextDegerineEsitElementVarMi is PASSED

2021-10-15 17:29:35 - [MESSAGE][PASSED] - Call Test Case 'Test Cases/Butonlar/ButonVarMi' successfully

2021-10-15 17:29:35 - [MESSAGE][INFO] - Checking called Test Case

2021-10-15 17:29:35 - [MESSAGE][INFO] - Starting to call Test Case 'Test Cases/Butonlar/ButonVarMi'

2021-10-15 17:29:35 - [TEST_CASE][PASSED] - Test Cases/Butonlar/ButonVarMi: Test Cases/Butonlar/ButonVarMi

2021-10-15 17:29:35 - [TEST_STEP][PASSED] - Method.TextDegerineEsitElementVarMi(findTestObject("Butonlar/Butonlar"), Buton): Method.TextDegerineEsitElementVarMi is PASSED

2021-10-15 17:29:35 - [MESSAGE][INFO] - Finding Test Object 'Object Repository/Butonlar/Butonlar'

2021-10-15 17:29:35 - [MESSAGE][INFO] - Checking timeout

2021-10-15 17:29:35 - [MESSAGE][INFO] - Finding web element with id: 'Object Repository/Butonlar/Butonlar' located by 'By.cssSelector: .panel.panel-default.text-center.footerPanel .btn,.btn.btn-primary.btnControls' in '10' second(s)

2021-10-15 17:29:35 - [MESSAGE][INFO] - Smart Wait Function is triggered

2021-10-15 17:29:36 - [MESSAGE][INFO] - Found 12 web elements with id: 'Object Repository/Butonlar/Butonlar' located by 'By.cssSelector: .panel.panel-default.text-center.footerPanel .btn,.btn.btn-primary.btnControls' in '10' second(s)

2021-10-15 17:29:36 - [MESSAGE][PASSED] - Method.TextDegerineEsitElementVarMi is PASSED

2021-10-15 17:29:36 - [MESSAGE][PASSED] - Call Test Case 'Test Cases/Butonlar/ButonVarMi' successfully

2021-10-15 17:29:36 - [MESSAGE][INFO] - Checking called Test Case

2021-10-15 17:29:36 - [MESSAGE][INFO] - Starting to call Test Case 'Test Cases/Butonlar/ButonVarMi'

2021-10-15 17:29:36 - [TEST_CASE][PASSED] - Test Cases/Butonlar/ButonVarMi: Test Cases/Butonlar/ButonVarMi

2021-10-15 17:29:36 - [TEST_STEP][PASSED] - Method.TextDegerineEsitElementVarMi(findTestObject("Butonlar/Butonlar"), Buton): Method.TextDegerineEsitElementVarMi is PASSED

2021-10-15 17:29:36 - [MESSAGE][INFO] - Finding Test Object 'Object Repository/Butonlar/Butonlar'

2021-10-15 17:29:36 - [MESSAGE][INFO] - Checking timeout

2021-10-15 17:29:36 - [MESSAGE][INFO] - Finding web element with id: 'Object Repository/Butonlar/Butonlar' located by 'By.cssSelector: .panel.panel-default.text-center.footerPanel .btn,.btn.btn-primary.btnControls' in '10' second(s)

2021-10-15 17:29:36 - [MESSAGE][INFO] - Smart Wait Function is triggered

2021-10-15 17:29:36 - [MESSAGE][INFO] - Found 12 web elements with id: 'Object Repository/Butonlar/Butonlar' located by 'By.cssSelector: .panel.panel-default.text-center.footerPanel .btn,.btn.btn-primary.btnControls' in '10' second(s)

2021-10-15 17:29:36 - [MESSAGE][PASSED] - Method.TextDegerineEsitElementVarMi is PASSED

2021-10-15 17:29:36 - [MESSAGE][PASSED] - Call Test Case 'Test Cases/Butonlar/ButonVarMi' successfully

2021-10-15 17:29:36 - [MESSAGE][INFO] - Checking called Test Case

2021-10-15 17:29:36 - [MESSAGE][INFO] - Starting to call Test Case 'Test Cases/Kullanici_Islemleri/KullaniciIslemlerindenSecimYapilir'

2021-10-15 17:29:36 - [TEST_CASE][PASSED] - Test Cases/Kullanici_Islemleri/KullaniciIslemlerindenSecimYapilir: Test Cases/Kullanici_Islemleri/KullaniciIslemlerindenSecimYapilir

2021-10-15 17:29:36 - [TEST_STEP][PASSED] - waitForElementClickable(findTestObject("Object Repository/Kullanici_Islemleri/KullaniciIslemleri"), 10): Object 'Object Repository/Kullanici_Islemleri/KullaniciIslemleri' is clickable

2021-10-15 17:29:36 - [MESSAGE][INFO] - Finding Test Object 'Object Repository/Kullanici_Islemleri/KullaniciIslemleri'

2021-10-15 17:29:36 - [MESSAGE][INFO] - Checking object

2021-10-15 17:29:36 - [MESSAGE][INFO] - Checking timeout

2021-10-15 17:29:36 - [MESSAGE][INFO] - Finding web element from Test Object's properties

2021-10-15 17:29:36 - [MESSAGE][INFO] - Checking timeout

2021-10-15 17:29:36 - [MESSAGE][INFO] - Finding web element with id: 'Object Repository/Kullanici_Islemleri/KullaniciIslemleri' located by 'By.cssSelector: .dropdown>a>img' in '10' second(s)

2021-10-15 17:29:36 - [MESSAGE][INFO] - Smart Wait Function is triggered

2021-10-15 17:29:37 - [MESSAGE][INFO] - Found 1 web elements with id: 'Object Repository/Kullanici_Islemleri/KullaniciIslemleri' located by 'By.cssSelector: .dropdown>a>img' in '10' second(s)

2021-10-15 17:29:37 - [MESSAGE][PASSED] - Object 'Object Repository/Kullanici_Islemleri/KullaniciIslemleri' is clickable

2021-10-15 17:29:37 - [TEST_STEP][PASSED] - click(findTestObject("Object Repository/Kullanici_Islemleri/KullaniciIslemleri")): Object: 'Object Repository/Kullanici_Islemleri/KullaniciIslemleri' is clicked on

2021-10-15 17:29:37 - [MESSAGE][INFO] - Finding Test Object 'Object Repository/Kullanici_Islemleri/KullaniciIslemleri'

2021-10-15 17:29:37 - [MESSAGE][INFO] - Checking object

2021-10-15 17:29:37 - [MESSAGE][INFO] - Finding web element from Test Object's properties

2021-10-15 17:29:37 - [MESSAGE][INFO] - Checking timeout

2021-10-15 17:29:37 - [MESSAGE][INFO] - Finding web element with id: 'Object Repository/Kullanici_Islemleri/KullaniciIslemleri' located by 'By.cssSelector: .dropdown>a>img' in '30' second(s)

2021-10-15 17:29:37 - [MESSAGE][INFO] - Smart Wait Function is triggered

2021-10-15 17:29:37 - [MESSAGE][INFO] - Found 1 web elements with id: 'Object Repository/Kullanici_Islemleri/KullaniciIslemleri' located by 'By.cssSelector: .dropdown>a>img' in '30' second(s)

2021-10-15 17:29:37 - [MESSAGE][INFO] - Clicking on object: 'Object Repository/Kullanici_Islemleri/KullaniciIslemleri'

2021-10-15 17:29:37 - [MESSAGE][PASSED] - Object: 'Object Repository/Kullanici_Islemleri/KullaniciIslemleri' is clicked on

2021-10-15 17:29:37 - [TEST_STEP][PASSED] - Method.TextDegerineEsitElementeTikla(findTestObject("Object Repository/Kullanici_Islemleri/Secenekler"), Islem): Method.TextDegerineEsitElementeTikla is PASSED

2021-10-15 17:29:37 - [MESSAGE][INFO] - Finding Test Object 'Object Repository/Kullanici_Islemleri/Secenekler'

2021-10-15 17:29:37 - [MESSAGE][INFO] - Checking timeout

2021-10-15 17:29:37 - [MESSAGE][INFO] - Finding web element with id: 'Object Repository/Kullanici_Islemleri/Secenekler' located by 'By.cssSelector: .nav.navbar-nav.navbar-right li a' in '10' second(s)

2021-10-15 17:29:37 - [MESSAGE][INFO] - Smart Wait Function is triggered

2021-10-15 17:29:38 - [MESSAGE][INFO] - Found 22 web elements with id: 'Object Repository/Kullanici_Islemleri/Secenekler' located by 'By.cssSelector: .nav.navbar-nav.navbar-right li a' in '10' second(s)

2021-10-15 17:29:39 - [MESSAGE][PASSED] - Method.TextDegerineEsitElementeTikla is PASSED

2021-10-15 17:29:39 - [TEST_STEP][PASSED] - verifyElementNotPresent(findTestObject("Object Repository/Kullanici_Islemleri/Secenekler"), 10): Web element with id: 'Object Repository/Kullanici_Islemleri/Secenekler' located by 'By.cssSelector: .nav.navbar-nav.navbar-right li a' is not present after '10' second(s)

2021-10-15 17:29:39 - [MESSAGE][INFO] - Finding Test Object 'Object Repository/Kullanici_Islemleri/Secenekler'

2021-10-15 17:29:39 - [MESSAGE][INFO] - Checking object

2021-10-15 17:29:39 - [MESSAGE][INFO] - Checking timeout

2021-10-15 17:29:39 - [MESSAGE][INFO] - Finding web element with id: 'Object Repository/Kullanici_Islemleri/Secenekler' located by 'By.cssSelector: .nav.navbar-nav.navbar-right li a' in '10' second(s)

2021-10-15 17:29:39 - [MESSAGE][INFO] - Smart Wait Function is triggered

2021-10-15 17:29:39 - [MESSAGE][PASSED] - Web element with id: 'Object Repository/Kullanici_Islemleri/Secenekler' located by 'By.cssSelector: .nav.navbar-nav.navbar-right li a' is not present after '10' second(s)

2021-10-15 17:29:39 - [MESSAGE][PASSED] - Call Test Case 'Test Cases/Kullanici_Islemleri/KullaniciIslemlerindenSecimYapilir' successfully

2021-10-15 17:29:39 - [TEST_CASE][PASSED] - Start Test Case : SCENARIO Departman Tanimlari Buton Kontrolu: SCENARIO Departman Tanimlari Buton Kontrolu

2021-10-15 17:29:39 - [TEST_STEP][PASSED] - Kullanıcı adı ELOGO6 ve Şifre 123456 olarak giriş yapılır: Kullanıcı adı ELOGO6 ve Şifre 123456 olarak giriş yapılır

2021-10-15 17:29:39 - [MESSAGE][PASSED] - Kullanıcı adı ELOGO6 ve Şifre 123456 olarak giriş yapılır

2021-10-15 17:29:39 - [TEST_STEP][PASSED] - Ana menüden Firma Yönetimi seçilir: Ana menüden Firma Yönetimi seçilir

2021-10-15 17:29:39 - [MESSAGE][PASSED] - Ana menüden Firma Yönetimi seçilir

2021-10-15 17:29:39 - [TEST_STEP][PASSED] - Alt menüden Yetki Yönetimi seçilir: Alt menüden Yetki Yönetimi seçilir

2021-10-15 17:29:39 - [MESSAGE][PASSED] - Alt menüden Yetki Yönetimi seçilir

2021-10-15 17:29:39 - [TEST_STEP][PASSED] - Sekmelerden Departman Tanımları seçilir: Sekmelerden Departman Tanımları seçilir

2021-10-15 17:29:39 - [MESSAGE][PASSED] - Sekmelerden Departman Tanımları seçilir

2021-10-15 17:29:39 - [TEST_STEP][PASSED] - Filtre alanlarında Departman Adı var mı: Filtre alanlarında Departman Adı var mı

2021-10-15 17:29:39 - [MESSAGE][PASSED] - Filtre alanlarında Departman Adı var mı

2021-10-15 17:29:39 - [TEST_STEP][PASSED] - Filtre alanlarında Açıklama var mı: Filtre alanlarında Açıklama var mı

2021-10-15 17:29:39 - [MESSAGE][PASSED] - Filtre alanlarında Açıklama var mı

2021-10-15 17:29:39 - [TEST_STEP][PASSED] - Filtre alanlarında e-Posta var mı: Filtre alanlarında e-Posta var mı

2021-10-15 17:29:39 - [MESSAGE][PASSED] - Filtre alanlarında e-Posta var mı

2021-10-15 17:29:39 - [TEST_STEP][PASSED] - Filtre butonlarında Listele var mı: Filtre butonlarında Listele var mı

2021-10-15 17:29:39 - [MESSAGE][PASSED] - Filtre butonlarında Listele var mı

2021-10-15 17:29:39 - [TEST_STEP][PASSED] - Filtre butonlarında Temizle var mı: Filtre butonlarında Temizle var mı

2021-10-15 17:29:39 - [MESSAGE][PASSED] - Filtre butonlarında Temizle var mı

2021-10-15 17:29:39 - [TEST_STEP][PASSED] - Butonlardan Departman Ekle var mı: Butonlardan Departman Ekle var mı

2021-10-15 17:29:39 - [MESSAGE][PASSED] - Butonlardan Departman Ekle var mı

2021-10-15 17:29:39 - [TEST_STEP][PASSED] - Butonlardan Değiştir var mı: Butonlardan Değiştir var mı

2021-10-15 17:29:39 - [MESSAGE][PASSED] - Butonlardan Değiştir var mı

2021-10-15 17:29:39 - [TEST_STEP][PASSED] - Butonlardan Sil var mı: Butonlardan Sil var mı

2021-10-15 17:29:39 - [MESSAGE][PASSED] - Butonlardan Sil var mı

2021-10-15 17:29:39 - [TEST_STEP][PASSED] - Butonlardan Kural Tanımla var mı: Butonlardan Kural Tanımla var mı

2021-10-15 17:29:39 - [MESSAGE][PASSED] - Butonlardan Kural Tanımla var mı

2021-10-15 17:29:39 - [TEST_STEP][PASSED] - Kullanıcı işlemlerinden Çıkış seçilir: Kullanıcı işlemlerinden Çıkış seçilir

2021-10-15 17:29:39 - [MESSAGE][PASSED] - Kullanıcı işlemlerinden Çıkış seçilir

2021-10-15 17:29:39 - [MESSAGE][PASSED] - Feature file: 'Include/features/Firma Yonetimi/Yetki Yonetimi/Departman Tanimlari/Ekran Kontrolu.feature' was passed

2021-10-15 17:29:39 - [TEST_STEP][PASSED] - Start listener action : sampleAfterTestSuite: Invoke 'com.kms.katalon.core.annotation.AfterTestCase' method: 'Listener.sampleAfterTestSuite(...)' completed.

2021-10-15 17:29:39 - [MESSAGE][INFO] - Starting invoke 'com.kms.katalon.core.annotation.AfterTestCase' method: 'Listener.sampleAfterTestSuite(...)'

2021-10-15 17:29:39 - [TEST_STEP][PASSED] - closeBrowser(): Invoke 'com.kms.katalon.core.annotation.AfterTestCase' method: 'Listener.sampleAfterTestSuite(...)' completed.

2021-10-15 17:29:39 - [MESSAGE][INFO] - Closing browser

2021-10-15 17:29:40 - [MESSAGE][PASSED] - Browser is closed

2021-10-15 17:29:40 - [MESSAGE][INFO] - Invoke 'com.kms.katalon.core.annotation.AfterTestCase' method: 'Listener.sampleAfterTestSuite(...)' completed.]]></system-out>
         <system-err><![CDATA[]]></system-err>
      </testcase>
      <testcase name="Test Cases/Case Repository/Firma Yonetimi/Yetki Yonetimi/Departman Tanimlari/Kural Tanimla/Kural Ekle" time="41.054" classname="Test Cases/Case Repository/Firma Yonetimi/Yetki Yonetimi/Departman Tanimlari/Kural Tanimla/Kural Ekle" status="PASSED">
         <system-out><![CDATA[2021-10-15 17:29:40 - [TEST_CASE][PASSED] - Test Cases/Case Repository/Firma Yonetimi/Yetki Yonetimi/Departman Tanimlari/Kural Tanimla/Kural Ekle: Test Cases/Case Repository/Firma Yonetimi/Yetki Yonetimi/Departman Tanimlari/Kural Tanimla/Kural Ekle

2021-10-15 17:29:40 - [TEST_STEP][PASSED] - Start listener action : sampleBeforeTestSuite: Invoke 'com.kms.katalon.core.annotation.BeforeTestCase' method: 'Listener.sampleBeforeTestSuite(...)' completed.

2021-10-15 17:29:40 - [MESSAGE][INFO] - Starting invoke 'com.kms.katalon.core.annotation.BeforeTestCase' method: 'Listener.sampleBeforeTestSuite(...)'

2021-10-15 17:29:40 - [TEST_STEP][PASSED] - openBrowser(baseUrl): Browser is opened with url: 'https://efatura-stage.elogo.com.tr/'

2021-10-15 17:29:40 - [MESSAGE][INFO] - Opening browser

2021-10-15 17:29:40 - [MESSAGE][INFO] - Starting 'Chrome' driver

2021-10-15 17:29:40 - [MESSAGE][INFO] - User set preference: ['prefs', '{download.default_directory=C:\otomasyondownfiles}']

2021-10-15 17:29:40 - [MESSAGE][INFO] - Action delay is set to 0 milliseconds

2021-10-15 17:29:41 - [MESSAGE][INFO] - Navigating browser to: 'https://efatura-stage.elogo.com.tr/'

2021-10-15 17:29:43 - [MESSAGE][PASSED] - Browser is opened with url: 'https://efatura-stage.elogo.com.tr/'

2021-10-15 17:29:43 - [TEST_STEP][PASSED] - maximizeWindow(): Invoke 'com.kms.katalon.core.annotation.BeforeTestCase' method: 'Listener.sampleBeforeTestSuite(...)' completed.

2021-10-15 17:29:43 - [MESSAGE][INFO] - Maximizing current window

2021-10-15 17:29:43 - [MESSAGE][PASSED] - Current window maximized

2021-10-15 17:29:43 - [MESSAGE][INFO] - Invoke 'com.kms.katalon.core.annotation.BeforeTestCase' method: 'Listener.sampleBeforeTestSuite(...)' completed.

2021-10-15 17:29:44 - [TEST_STEP][PASSED] - runFeatureFile("Include/features/Firma Yonetimi/Yetki Yonetimi/Departman Tanimlari/Kural Tanimla/Kural Ekle.feature"): Feature file: 'Include/features/Firma Yonetimi/Yetki Yonetimi/Departman Tanimlari/Kural Tanimla/Kural Ekle.feature' was passed

2021-10-15 17:29:44 - [MESSAGE][INFO] - Starting run keyword runFeatureFile: 'Include/features/Firma Yonetimi/Yetki Yonetimi/Departman Tanimlari/Kural Tanimla/Kural Ekle.feature' and extract report to folder: 'C:\Users\DELL\Downloads\EES_Katalon-main\Reports\20211015_165642\Suite Repository\Firma_Yonetimi\20211015_165749/cucumber_report/1634308184268'...

2021-10-15 17:29:44 - [MESSAGE][INFO] - Glue: []

2021-10-15 17:29:45 - [MESSAGE][INFO] - Checking called Test Case

2021-10-15 17:29:45 - [MESSAGE][INFO] - Starting to call Test Case 'Test Cases/Sayfalar/Giris_Sayfasi/Login'

2021-10-15 17:29:45 - [TEST_CASE][PASSED] - Test Cases/Sayfalar/Giris_Sayfasi/Login: Test Cases/Sayfalar/Giris_Sayfasi/Login

2021-10-15 17:29:45 - [TEST_STEP][PASSED] - Sayfa_Basligi = getWindowTitle(): Current window's title is: 'LOGO e-Fatura'

2021-10-15 17:29:45 - [MESSAGE][INFO] - Getting current window's title

2021-10-15 17:29:45 - [MESSAGE][PASSED] - Current window's title is: 'LOGO e-Fatura'

2021-10-15 17:29:45 - [TEST_STEP][PASSED] - verifyMatch(Sayfa_Basligi, "LOGO e-Fatura", false): Actual text 'LOGO e-Fatura' and expected text 'LOGO e-Fatura' are matched 

2021-10-15 17:29:45 - [MESSAGE][INFO] - Matching actual text 'LOGO e-Fatura' with expected text 'LOGO e-Fatura'

2021-10-15 17:29:45 - [MESSAGE][PASSED] - Actual text 'LOGO e-Fatura' and expected text 'LOGO e-Fatura' are matched 

2021-10-15 17:29:45 - [TEST_STEP][PASSED] - sendKeys(findTestObject("Sayfalar/Giris_Sayfasi/Firma_Kodu"), KullaniciAdi): Keys 'ELOGO6' sent to object: 'Object Repository/Sayfalar/Giris_Sayfasi/Firma_Kodu'

2021-10-15 17:29:45 - [MESSAGE][INFO] - Finding Test Object 'Object Repository/Sayfalar/Giris_Sayfasi/Firma_Kodu'

2021-10-15 17:29:45 - [MESSAGE][INFO] - Sending keys 'ELOGO6' to object: 'Object Repository/Sayfalar/Giris_Sayfasi/Firma_Kodu'

2021-10-15 17:29:45 - [MESSAGE][INFO] - Finding web element from Test Object's properties

2021-10-15 17:29:45 - [MESSAGE][INFO] - Checking timeout

2021-10-15 17:29:45 - [MESSAGE][INFO] - Finding web element with id: 'Object Repository/Sayfalar/Giris_Sayfasi/Firma_Kodu' located by 'By.xpath: //*[@id = 'AccountName']' in '30' second(s)

2021-10-15 17:29:45 - [MESSAGE][INFO] - Smart Wait Function is triggered

2021-10-15 17:29:45 - [MESSAGE][INFO] - Found 1 web elements with id: 'Object Repository/Sayfalar/Giris_Sayfasi/Firma_Kodu' located by 'By.xpath: //*[@id = 'AccountName']' in '30' second(s)

2021-10-15 17:29:45 - [MESSAGE][PASSED] - Keys 'ELOGO6' sent to object: 'Object Repository/Sayfalar/Giris_Sayfasi/Firma_Kodu'

2021-10-15 17:29:45 - [TEST_STEP][PASSED] - sendKeys(findTestObject("Sayfalar/Giris_Sayfasi/Sifre"), Sifre): Keys '123456' sent to object: 'Object Repository/Sayfalar/Giris_Sayfasi/Sifre'

2021-10-15 17:29:45 - [MESSAGE][INFO] - Finding Test Object 'Object Repository/Sayfalar/Giris_Sayfasi/Sifre'

2021-10-15 17:29:45 - [MESSAGE][INFO] - Sending keys '123456' to object: 'Object Repository/Sayfalar/Giris_Sayfasi/Sifre'

2021-10-15 17:29:45 - [MESSAGE][INFO] - Finding web element from Test Object's properties

2021-10-15 17:29:45 - [MESSAGE][INFO] - Checking timeout

2021-10-15 17:29:45 - [MESSAGE][INFO] - Finding web element with id: 'Object Repository/Sayfalar/Giris_Sayfasi/Sifre' located by 'By.xpath: //*[@id = 'Password']' in '30' second(s)

2021-10-15 17:29:45 - [MESSAGE][INFO] - Smart Wait Function is triggered

2021-10-15 17:29:45 - [MESSAGE][INFO] - Found 1 web elements with id: 'Object Repository/Sayfalar/Giris_Sayfasi/Sifre' located by 'By.xpath: //*[@id = 'Password']' in '30' second(s)

2021-10-15 17:29:46 - [MESSAGE][PASSED] - Keys '123456' sent to object: 'Object Repository/Sayfalar/Giris_Sayfasi/Sifre'

2021-10-15 17:29:46 - [TEST_STEP][PASSED] - findWebElement(findTestObject("Sayfalar/Giris_Sayfasi/Giris_Butonu")).click(): Found 1 web elements with id: 'Object Repository/Sayfalar/Giris_Sayfasi/Giris_Butonu' located by 'By.cssSelector: #btnLogin' in '30' second(s)

2021-10-15 17:29:46 - [MESSAGE][INFO] - Finding Test Object 'Object Repository/Sayfalar/Giris_Sayfasi/Giris_Butonu'

2021-10-15 17:29:46 - [MESSAGE][INFO] - Finding web element from Test Object's properties

2021-10-15 17:29:46 - [MESSAGE][INFO] - Checking timeout

2021-10-15 17:29:46 - [MESSAGE][INFO] - Finding web element with id: 'Object Repository/Sayfalar/Giris_Sayfasi/Giris_Butonu' located by 'By.cssSelector: #btnLogin' in '30' second(s)

2021-10-15 17:29:46 - [MESSAGE][INFO] - Smart Wait Function is triggered

2021-10-15 17:29:46 - [MESSAGE][INFO] - Found 1 web elements with id: 'Object Repository/Sayfalar/Giris_Sayfasi/Giris_Butonu' located by 'By.cssSelector: #btnLogin' in '30' second(s)

2021-10-15 17:29:48 - [TEST_STEP][PASSED] - if (verifyElementPresent(findTestObject("Object Repository/Sayfalar/Giris_Sayfasi/RetveTamam_Butonu"), 5, OPTIONAL)): null

2021-10-15 17:29:48 - [MESSAGE][INFO] - Finding Test Object 'Object Repository/Sayfalar/Giris_Sayfasi/RetveTamam_Butonu'

2021-10-15 17:29:48 - [MESSAGE][INFO] - Checking object

2021-10-15 17:29:48 - [MESSAGE][INFO] - Finding web element from Test Object's properties

2021-10-15 17:29:48 - [MESSAGE][INFO] - Checking timeout

2021-10-15 17:29:48 - [MESSAGE][INFO] - Finding web element with id: 'Object Repository/Sayfalar/Giris_Sayfasi/RetveTamam_Butonu' located by 'By.xpath: //*[@class = 'btn btn-default']' in '5' second(s)

2021-10-15 17:29:48 - [MESSAGE][INFO] - Smart Wait Function is triggered

2021-10-15 17:29:49 - [MESSAGE][INFO] - Found 1 web elements with id: 'Object Repository/Sayfalar/Giris_Sayfasi/RetveTamam_Butonu' located by 'By.xpath: //*[@class = 'btn btn-default']' in '5' second(s)

2021-10-15 17:29:49 - [MESSAGE][PASSED] - Object 'Object Repository/Sayfalar/Giris_Sayfasi/RetveTamam_Butonu' is present

2021-10-15 17:29:49 - [TEST_STEP][PASSED] - click(findTestObject("Object Repository/Sayfalar/Giris_Sayfasi/RetveTamam_Butonu")): Object: 'Object Repository/Sayfalar/Giris_Sayfasi/RetveTamam_Butonu' is clicked on

2021-10-15 17:29:49 - [MESSAGE][INFO] - Finding Test Object 'Object Repository/Sayfalar/Giris_Sayfasi/RetveTamam_Butonu'

2021-10-15 17:29:49 - [MESSAGE][INFO] - Checking object

2021-10-15 17:29:49 - [MESSAGE][INFO] - Finding web element from Test Object's properties

2021-10-15 17:29:49 - [MESSAGE][INFO] - Checking timeout

2021-10-15 17:29:49 - [MESSAGE][INFO] - Finding web element with id: 'Object Repository/Sayfalar/Giris_Sayfasi/RetveTamam_Butonu' located by 'By.xpath: //*[@class = 'btn btn-default']' in '30' second(s)

2021-10-15 17:29:49 - [MESSAGE][INFO] - Smart Wait Function is triggered

2021-10-15 17:29:49 - [MESSAGE][INFO] - Found 1 web elements with id: 'Object Repository/Sayfalar/Giris_Sayfasi/RetveTamam_Butonu' located by 'By.xpath: //*[@class = 'btn btn-default']' in '30' second(s)

2021-10-15 17:29:49 - [MESSAGE][INFO] - Clicking on object: 'Object Repository/Sayfalar/Giris_Sayfasi/RetveTamam_Butonu'

2021-10-15 17:29:49 - [MESSAGE][PASSED] - Object: 'Object Repository/Sayfalar/Giris_Sayfasi/RetveTamam_Butonu' is clicked on

2021-10-15 17:29:49 - [TEST_STEP][PASSED] - click(findTestObject("Object Repository/Sayfalar/Giris_Sayfasi/RetveTamam_Butonu")): Object: 'Object Repository/Sayfalar/Giris_Sayfasi/RetveTamam_Butonu' is clicked on

2021-10-15 17:29:49 - [MESSAGE][INFO] - Finding Test Object 'Object Repository/Sayfalar/Giris_Sayfasi/RetveTamam_Butonu'

2021-10-15 17:29:49 - [MESSAGE][INFO] - Checking object

2021-10-15 17:29:49 - [MESSAGE][INFO] - Finding web element from Test Object's properties

2021-10-15 17:29:49 - [MESSAGE][INFO] - Checking timeout

2021-10-15 17:29:49 - [MESSAGE][INFO] - Finding web element with id: 'Object Repository/Sayfalar/Giris_Sayfasi/RetveTamam_Butonu' located by 'By.xpath: //*[@class = 'btn btn-default']' in '30' second(s)

2021-10-15 17:29:49 - [MESSAGE][INFO] - Smart Wait Function is triggered

2021-10-15 17:29:57 - [MESSAGE][INFO] - Found 1 web elements with id: 'Object Repository/Sayfalar/Giris_Sayfasi/RetveTamam_Butonu' located by 'By.xpath: //*[@class = 'btn btn-default']' in '30' second(s)

2021-10-15 17:29:57 - [MESSAGE][INFO] - Clicking on object: 'Object Repository/Sayfalar/Giris_Sayfasi/RetveTamam_Butonu'

2021-10-15 17:29:57 - [MESSAGE][PASSED] - Object: 'Object Repository/Sayfalar/Giris_Sayfasi/RetveTamam_Butonu' is clicked on

2021-10-15 17:29:57 - [TEST_STEP][PASSED] - if (verifyElementPresent(findTestObject("Sayfalar/Giris_Sayfasi/PopupOK"), 5, OPTIONAL)): null

2021-10-15 17:29:57 - [MESSAGE][INFO] - Finding Test Object 'Object Repository/Sayfalar/Giris_Sayfasi/PopupOK'

2021-10-15 17:29:58 - [MESSAGE][INFO] - Checking object

2021-10-15 17:29:58 - [MESSAGE][INFO] - Finding web element from Test Object's properties

2021-10-15 17:29:58 - [MESSAGE][INFO] - Checking timeout

2021-10-15 17:29:58 - [MESSAGE][INFO] - Finding web element with id: 'Object Repository/Sayfalar/Giris_Sayfasi/PopupOK' located by 'By.cssSelector: .btn.btn-success' in '5' second(s)

2021-10-15 17:29:58 - [MESSAGE][INFO] - Smart Wait Function is triggered

2021-10-15 17:29:58 - [MESSAGE][INFO] - Found 1 web elements with id: 'Object Repository/Sayfalar/Giris_Sayfasi/PopupOK' located by 'By.cssSelector: .btn.btn-success' in '5' second(s)

2021-10-15 17:29:58 - [MESSAGE][PASSED] - Object 'Object Repository/Sayfalar/Giris_Sayfasi/PopupOK' is present

2021-10-15 17:29:58 - [TEST_STEP][PASSED] - click(findTestObject("Object Repository/Sayfalar/Giris_Sayfasi/PopupCarpiGiris")): Object: 'Object Repository/Sayfalar/Giris_Sayfasi/PopupCarpiGiris' is clicked on

2021-10-15 17:29:58 - [MESSAGE][INFO] - Finding Test Object 'Object Repository/Sayfalar/Giris_Sayfasi/PopupCarpiGiris'

2021-10-15 17:29:58 - [MESSAGE][INFO] - Checking object

2021-10-15 17:29:58 - [MESSAGE][INFO] - Finding web element from Test Object's properties

2021-10-15 17:29:58 - [MESSAGE][INFO] - Checking timeout

2021-10-15 17:29:58 - [MESSAGE][INFO] - Finding web element with id: 'Object Repository/Sayfalar/Giris_Sayfasi/PopupCarpiGiris' located by 'By.cssSelector: .bootbox-close-button.close' in '30' second(s)

2021-10-15 17:29:58 - [MESSAGE][INFO] - Smart Wait Function is triggered

2021-10-15 17:29:59 - [MESSAGE][INFO] - Found 1 web elements with id: 'Object Repository/Sayfalar/Giris_Sayfasi/PopupCarpiGiris' located by 'By.cssSelector: .bootbox-close-button.close' in '30' second(s)

2021-10-15 17:29:59 - [MESSAGE][INFO] - Clicking on object: 'Object Repository/Sayfalar/Giris_Sayfasi/PopupCarpiGiris'

2021-10-15 17:29:59 - [MESSAGE][PASSED] - Object: 'Object Repository/Sayfalar/Giris_Sayfasi/PopupCarpiGiris' is clicked on

2021-10-15 17:29:59 - [TEST_STEP][PASSED] - verifyElementVisible(findTestObject("Object Repository/Kullanici_Islemleri/KullaniciIslemleri")): Object 'Object Repository/Kullanici_Islemleri/KullaniciIslemleri' is visible

2021-10-15 17:29:59 - [MESSAGE][INFO] - Finding Test Object 'Object Repository/Kullanici_Islemleri/KullaniciIslemleri'

2021-10-15 17:29:59 - [MESSAGE][INFO] - Checking object

2021-10-15 17:29:59 - [MESSAGE][INFO] - Finding web element from Test Object's properties

2021-10-15 17:29:59 - [MESSAGE][INFO] - Checking timeout

2021-10-15 17:29:59 - [MESSAGE][INFO] - Finding web element with id: 'Object Repository/Kullanici_Islemleri/KullaniciIslemleri' located by 'By.cssSelector: .dropdown>a>img' in '30' second(s)

2021-10-15 17:29:59 - [MESSAGE][INFO] - Smart Wait Function is triggered

2021-10-15 17:30:00 - [MESSAGE][INFO] - Found 1 web elements with id: 'Object Repository/Kullanici_Islemleri/KullaniciIslemleri' located by 'By.cssSelector: .dropdown>a>img' in '30' second(s)

2021-10-15 17:30:00 - [MESSAGE][PASSED] - Object 'Object Repository/Kullanici_Islemleri/KullaniciIslemleri' is visible

2021-10-15 17:30:00 - [MESSAGE][PASSED] - Call Test Case 'Test Cases/Sayfalar/Giris_Sayfasi/Login' successfully

2021-10-15 17:30:00 - [MESSAGE][INFO] - Checking called Test Case

2021-10-15 17:30:00 - [MESSAGE][INFO] - Starting to call Test Case 'Test Cases/Menu/AnaMenuSecimi'

2021-10-15 17:30:00 - [TEST_CASE][PASSED] - Test Cases/Menu/AnaMenuSecimi: Test Cases/Menu/AnaMenuSecimi

2021-10-15 17:30:00 - [TEST_STEP][PASSED] - Method.TextDegerineEsitElementeTikla(findTestObject("Menu/Ana_Menu"), Ana_Menu): Method.TextDegerineEsitElementeTikla is PASSED

2021-10-15 17:30:00 - [MESSAGE][INFO] - Finding Test Object 'Object Repository/Menu/Ana_Menu'

2021-10-15 17:30:00 - [MESSAGE][INFO] - Checking timeout

2021-10-15 17:30:00 - [MESSAGE][INFO] - Finding web element with id: 'Object Repository/Menu/Ana_Menu' located by 'By.xpath: //*[@class = 'dropdown-toggle']' in '10' second(s)

2021-10-15 17:30:00 - [MESSAGE][INFO] - Smart Wait Function is triggered

2021-10-15 17:30:00 - [MESSAGE][INFO] - Found 14 web elements with id: 'Object Repository/Menu/Ana_Menu' located by 'By.xpath: //*[@class = 'dropdown-toggle']' in '10' second(s)

2021-10-15 17:30:00 - [MESSAGE][PASSED] - Method.TextDegerineEsitElementeTikla is PASSED

2021-10-15 17:30:00 - [MESSAGE][PASSED] - Call Test Case 'Test Cases/Menu/AnaMenuSecimi' successfully

2021-10-15 17:30:00 - [MESSAGE][INFO] - Checking called Test Case

2021-10-15 17:30:00 - [MESSAGE][INFO] - Starting to call Test Case 'Test Cases/Menu/AltMenuSecimi'

2021-10-15 17:30:00 - [TEST_CASE][PASSED] - Test Cases/Menu/AltMenuSecimi: Test Cases/Menu/AltMenuSecimi

2021-10-15 17:30:00 - [TEST_STEP][PASSED] - Method.TextDegerineEsitElementeTikla(findTestObject("Menu/Alt_Menu"), Alt_Menu): Method.TextDegerineEsitElementeTikla is PASSED

2021-10-15 17:30:00 - [MESSAGE][INFO] - Finding Test Object 'Object Repository/Menu/Alt_Menu'

2021-10-15 17:30:01 - [MESSAGE][INFO] - Checking timeout

2021-10-15 17:30:01 - [MESSAGE][INFO] - Finding web element with id: 'Object Repository/Menu/Alt_Menu' located by 'By.xpath: //li[@class='dropdown dropdown-large open']//li[@class='dropdown-element']' in '10' second(s)

2021-10-15 17:30:01 - [MESSAGE][INFO] - Smart Wait Function is triggered

2021-10-15 17:30:01 - [MESSAGE][INFO] - Found 1 web elements with id: 'Object Repository/Menu/Alt_Menu' located by 'By.xpath: //li[@class='dropdown dropdown-large open']//li[@class='dropdown-element']' in '10' second(s)

2021-10-15 17:30:04 - [MESSAGE][PASSED] - Method.TextDegerineEsitElementeTikla is PASSED

2021-10-15 17:30:04 - [MESSAGE][PASSED] - Call Test Case 'Test Cases/Menu/AltMenuSecimi' successfully

2021-10-15 17:30:04 - [MESSAGE][INFO] - Checking called Test Case

2021-10-15 17:30:04 - [MESSAGE][INFO] - Starting to call Test Case 'Test Cases/Sayfalar/Yetki_Yonetimi/SekmeSecilir'

2021-10-15 17:30:04 - [TEST_CASE][PASSED] - Test Cases/Sayfalar/Yetki_Yonetimi/SekmeSecilir: Test Cases/Sayfalar/Yetki_Yonetimi/SekmeSecilir

2021-10-15 17:30:04 - [TEST_STEP][PASSED] - Method.TextDegerineEsitElementeTikla(findTestObject("Object Repository/Sayfalar/Yetki_Yonetimi/Sekmeler"), Sekme): Method.TextDegerineEsitElementeTikla is PASSED

2021-10-15 17:30:04 - [MESSAGE][INFO] - Finding Test Object 'Object Repository/Sayfalar/Yetki_Yonetimi/Sekmeler'

2021-10-15 17:30:04 - [MESSAGE][INFO] - Checking timeout

2021-10-15 17:30:04 - [MESSAGE][INFO] - Finding web element with id: 'Object Repository/Sayfalar/Yetki_Yonetimi/Sekmeler' located by 'By.cssSelector: #pcFeatures_TC>li[class="dxtc-tab"] span,#pcFeatures_TC>li[class="dxtc-activeTab dxtc-lead"] span' in '10' second(s)

2021-10-15 17:30:04 - [MESSAGE][INFO] - Smart Wait Function is triggered

2021-10-15 17:30:04 - [MESSAGE][INFO] - Found 3 web elements with id: 'Object Repository/Sayfalar/Yetki_Yonetimi/Sekmeler' located by 'By.cssSelector: #pcFeatures_TC>li[class="dxtc-tab"] span,#pcFeatures_TC>li[class="dxtc-activeTab dxtc-lead"] span' in '10' second(s)

2021-10-15 17:30:04 - [MESSAGE][PASSED] - Method.TextDegerineEsitElementeTikla is PASSED

2021-10-15 17:30:04 - [MESSAGE][PASSED] - Call Test Case 'Test Cases/Sayfalar/Yetki_Yonetimi/SekmeSecilir' successfully

2021-10-15 17:30:04 - [MESSAGE][INFO] - Checking called Test Case

2021-10-15 17:30:04 - [MESSAGE][INFO] - Starting to call Test Case 'Test Cases/Filtreler/ButonaTikla'

2021-10-15 17:30:04 - [TEST_CASE][PASSED] - Test Cases/Filtreler/ButonaTikla: Test Cases/Filtreler/ButonaTikla

2021-10-15 17:30:05 - [TEST_STEP][PASSED] - Method.TextDegerineEsitElementeTikla(findTestObject("Filtreler/Butonlar"), Filtre_Buton): Method.TextDegerineEsitElementeTikla is PASSED

2021-10-15 17:30:05 - [MESSAGE][INFO] - Finding Test Object 'Object Repository/Filtreler/Butonlar'

2021-10-15 17:30:05 - [MESSAGE][INFO] - Checking timeout

2021-10-15 17:30:05 - [MESSAGE][INFO] - Finding web element with id: 'Object Repository/Filtreler/Butonlar' located by 'By.cssSelector: .dxb>span' in '10' second(s)

2021-10-15 17:30:05 - [MESSAGE][INFO] - Smart Wait Function is triggered

2021-10-15 17:30:05 - [MESSAGE][INFO] - Found 6 web elements with id: 'Object Repository/Filtreler/Butonlar' located by 'By.cssSelector: .dxb>span' in '10' second(s)

2021-10-15 17:30:06 - [MESSAGE][PASSED] - Method.TextDegerineEsitElementeTikla is PASSED

2021-10-15 17:30:06 - [MESSAGE][PASSED] - Call Test Case 'Test Cases/Filtreler/ButonaTikla' successfully

2021-10-15 17:30:06 - [MESSAGE][INFO] - Checking called Test Case

2021-10-15 17:30:06 - [MESSAGE][INFO] - Starting to call Test Case 'Test Cases/Tablo/TablodaVeriVarMi'

2021-10-15 17:30:06 - [TEST_CASE][PASSED] - Test Cases/Tablo/TablodaVeriVarMi: Test Cases/Tablo/TablodaVeriVarMi

2021-10-15 17:30:06 - [TEST_STEP][PASSED] - verifyTextNotPresent("Görüntülenecek veri yok", true): Text 'Görüntülenecek veri yok' is not present on page using regular expression

2021-10-15 17:30:06 - [MESSAGE][INFO] - Checking text present  using regular expression

2021-10-15 17:30:06 - [MESSAGE][INFO] - Smart Wait Function is triggered

2021-10-15 17:30:07 - [MESSAGE][INFO] - Finding text 'Görüntülenecek veri yok' on page  using regular expression

2021-10-15 17:30:07 - [MESSAGE][PASSED] - Text 'Görüntülenecek veri yok' is not present on page using regular expression

2021-10-15 17:30:07 - [MESSAGE][PASSED] - Call Test Case 'Test Cases/Tablo/TablodaVeriVarMi' successfully

2021-10-15 17:30:07 - [MESSAGE][INFO] - Checking called Test Case

2021-10-15 17:30:07 - [MESSAGE][INFO] - Starting to call Test Case 'Test Cases/Tablo/TablodanVeriSec'

2021-10-15 17:30:07 - [TEST_CASE][PASSED] - Test Cases/Tablo/TablodanVeriSec: Test Cases/Tablo/TablodanVeriSec

2021-10-15 17:30:07 - [TEST_STEP][PASSED] - Method.TextDegerineEsitElementinAltindakineTikla(findTestObject("Tablo/Veriler"), findTestObject("Tablo/VerininCheckBoxi"), Veri_Adi): Method.TextDegerineEsitElementinAltindakineTikla is PASSED

2021-10-15 17:30:07 - [MESSAGE][INFO] - Finding Test Object 'Object Repository/Tablo/Veriler'

2021-10-15 17:30:07 - [MESSAGE][INFO] - Finding Test Object 'Object Repository/Tablo/VerininCheckBoxi'

2021-10-15 17:30:07 - [MESSAGE][INFO] - Checking timeout

2021-10-15 17:30:07 - [MESSAGE][INFO] - Finding web element with id: 'Object Repository/Tablo/Veriler' located by 'By.cssSelector: td.dxgv b ,td.dxgv' in '10' second(s)

2021-10-15 17:30:07 - [MESSAGE][INFO] - Smart Wait Function is triggered

2021-10-15 17:30:07 - [MESSAGE][INFO] - Found 22 web elements with id: 'Object Repository/Tablo/Veriler' located by 'By.cssSelector: td.dxgv b ,td.dxgv' in '10' second(s)

2021-10-15 17:30:07 - [MESSAGE][INFO] - Smart Wait Function is triggered

2021-10-15 17:30:08 - [MESSAGE][PASSED] - Method.TextDegerineEsitElementinAltindakineTikla is PASSED

2021-10-15 17:30:08 - [MESSAGE][PASSED] - Call Test Case 'Test Cases/Tablo/TablodanVeriSec' successfully

2021-10-15 17:30:08 - [MESSAGE][INFO] - Checking called Test Case

2021-10-15 17:30:08 - [MESSAGE][INFO] - Starting to call Test Case 'Test Cases/Butonlar/ButonaTikla'

2021-10-15 17:30:08 - [TEST_CASE][PASSED] - Test Cases/Butonlar/ButonaTikla: Test Cases/Butonlar/ButonaTikla

2021-10-15 17:30:08 - [TEST_STEP][PASSED] - Method.TextDegerineEsitElementeTiklaEquals(findTestObject("Butonlar/Butonlar"), Buton_Adi): Method.TextDegerineEsitElementeTiklaEquals is PASSED

2021-10-15 17:30:08 - [MESSAGE][INFO] - Finding Test Object 'Object Repository/Butonlar/Butonlar'

2021-10-15 17:30:08 - [MESSAGE][INFO] - Checking timeout

2021-10-15 17:30:08 - [MESSAGE][INFO] - Finding web element with id: 'Object Repository/Butonlar/Butonlar' located by 'By.cssSelector: .panel.panel-default.text-center.footerPanel .btn,.btn.btn-primary.btnControls' in '10' second(s)

2021-10-15 17:30:08 - [MESSAGE][INFO] - Smart Wait Function is triggered

2021-10-15 17:30:08 - [MESSAGE][INFO] - Found 12 web elements with id: 'Object Repository/Butonlar/Butonlar' located by 'By.cssSelector: .panel.panel-default.text-center.footerPanel .btn,.btn.btn-primary.btnControls' in '10' second(s)

2021-10-15 17:30:09 - [MESSAGE][PASSED] - Method.TextDegerineEsitElementeTiklaEquals is PASSED

2021-10-15 17:30:09 - [MESSAGE][PASSED] - Call Test Case 'Test Cases/Butonlar/ButonaTikla' successfully

2021-10-15 17:30:09 - [MESSAGE][INFO] - Checking called Test Case

2021-10-15 17:30:09 - [MESSAGE][INFO] - Starting to call Test Case 'Test Cases/Sayfalar/Yetki_Yonetimi/KuralTanimlanir'

2021-10-15 17:30:09 - [TEST_CASE][PASSED] - Test Cases/Sayfalar/Yetki_Yonetimi/KuralTanimlanir: Test Cases/Sayfalar/Yetki_Yonetimi/KuralTanimlanir

2021-10-15 17:30:10 - [TEST_STEP][PASSED] - switchToFrame(findTestObject("Object Repository/Sayfalar/Yetki_Yonetimi/Kural_Tanimlama/frame"), 10): Switched to iframe: 'Object Repository/Sayfalar/Yetki_Yonetimi/Kural_Tanimlama/frame'

2021-10-15 17:30:10 - [MESSAGE][INFO] - Finding Test Object 'Object Repository/Sayfalar/Yetki_Yonetimi/Kural_Tanimlama/frame'

2021-10-15 17:30:10 - [MESSAGE][INFO] - Switching to iframe: 'Object Repository/Sayfalar/Yetki_Yonetimi/Kural_Tanimlama/frame'

2021-10-15 17:30:10 - [MESSAGE][INFO] - Finding web element from Test Object's properties

2021-10-15 17:30:10 - [MESSAGE][INFO] - Checking timeout

2021-10-15 17:30:10 - [MESSAGE][INFO] - Finding web element with id: 'Object Repository/Sayfalar/Yetki_Yonetimi/Kural_Tanimlama/frame' located by 'By.xpath: //*[@id = 'departmentruleframe']' in '10' second(s)

2021-10-15 17:30:10 - [MESSAGE][INFO] - Smart Wait Function is triggered

2021-10-15 17:30:11 - [MESSAGE][INFO] - Found 1 web elements with id: 'Object Repository/Sayfalar/Yetki_Yonetimi/Kural_Tanimlama/frame' located by 'By.xpath: //*[@id = 'departmentruleframe']' in '10' second(s)

2021-10-15 17:30:11 - [MESSAGE][INFO] - Switched to iframe: 'Object Repository/Sayfalar/Yetki_Yonetimi/Kural_Tanimlama/frame'

2021-10-15 17:30:11 - [TEST_STEP][PASSED] - waitForElementClickable(findTestObject("Object Repository/Sayfalar/Yetki_Yonetimi/Kural_Tanimlama/Ekle"), 10): Object 'Object Repository/Sayfalar/Yetki_Yonetimi/Kural_Tanimlama/Ekle' is clickable

2021-10-15 17:30:11 - [MESSAGE][INFO] - Finding Test Object 'Object Repository/Sayfalar/Yetki_Yonetimi/Kural_Tanimlama/Ekle'

2021-10-15 17:30:11 - [MESSAGE][INFO] - Checking object

2021-10-15 17:30:11 - [MESSAGE][INFO] - Checking timeout

2021-10-15 17:30:11 - [MESSAGE][INFO] - Finding web element from Test Object's properties

2021-10-15 17:30:11 - [MESSAGE][INFO] - Checking timeout

2021-10-15 17:30:11 - [MESSAGE][INFO] - Finding web element with id: 'Object Repository/Sayfalar/Yetki_Yonetimi/Kural_Tanimlama/Ekle' located by 'By.cssSelector: .fa.fa-plus.fa-lg.text-muted' in '10' second(s)

2021-10-15 17:30:11 - [MESSAGE][INFO] - Smart Wait Function is triggered

2021-10-15 17:30:11 - [MESSAGE][INFO] - Found 1 web elements with id: 'Object Repository/Sayfalar/Yetki_Yonetimi/Kural_Tanimlama/Ekle' located by 'By.cssSelector: .fa.fa-plus.fa-lg.text-muted' in '10' second(s)

2021-10-15 17:30:11 - [MESSAGE][PASSED] - Object 'Object Repository/Sayfalar/Yetki_Yonetimi/Kural_Tanimlama/Ekle' is clickable

2021-10-15 17:30:11 - [TEST_STEP][PASSED] - click(findTestObject("Object Repository/Sayfalar/Yetki_Yonetimi/Kural_Tanimlama/Ekle")): Object: 'Object Repository/Sayfalar/Yetki_Yonetimi/Kural_Tanimlama/Ekle' is clicked on

2021-10-15 17:30:11 - [MESSAGE][INFO] - Finding Test Object 'Object Repository/Sayfalar/Yetki_Yonetimi/Kural_Tanimlama/Ekle'

2021-10-15 17:30:11 - [MESSAGE][INFO] - Checking object

2021-10-15 17:30:11 - [MESSAGE][INFO] - Finding web element from Test Object's properties

2021-10-15 17:30:11 - [MESSAGE][INFO] - Checking timeout

2021-10-15 17:30:11 - [MESSAGE][INFO] - Finding web element with id: 'Object Repository/Sayfalar/Yetki_Yonetimi/Kural_Tanimlama/Ekle' located by 'By.cssSelector: .fa.fa-plus.fa-lg.text-muted' in '30' second(s)

2021-10-15 17:30:11 - [MESSAGE][INFO] - Smart Wait Function is triggered

2021-10-15 17:30:11 - [MESSAGE][INFO] - Found 1 web elements with id: 'Object Repository/Sayfalar/Yetki_Yonetimi/Kural_Tanimlama/Ekle' located by 'By.cssSelector: .fa.fa-plus.fa-lg.text-muted' in '30' second(s)

2021-10-15 17:30:11 - [MESSAGE][INFO] - Clicking on object: 'Object Repository/Sayfalar/Yetki_Yonetimi/Kural_Tanimlama/Ekle'

2021-10-15 17:30:11 - [MESSAGE][PASSED] - Object: 'Object Repository/Sayfalar/Yetki_Yonetimi/Kural_Tanimlama/Ekle' is clicked on

2021-10-15 17:30:11 - [TEST_STEP][PASSED] - waitForElementPresent(findTestObject("Object Repository/Sayfalar/Yetki_Yonetimi/Kural_Tanimlama/Belge_Turu"), 10): Object 'Object Repository/Sayfalar/Yetki_Yonetimi/Kural_Tanimlama/Belge_Turu' is present

2021-10-15 17:30:11 - [MESSAGE][INFO] - Finding Test Object 'Object Repository/Sayfalar/Yetki_Yonetimi/Kural_Tanimlama/Belge_Turu'

2021-10-15 17:30:11 - [MESSAGE][INFO] - Checking object

2021-10-15 17:30:11 - [MESSAGE][INFO] - Finding web element from Test Object's properties

2021-10-15 17:30:11 - [MESSAGE][INFO] - Checking timeout

2021-10-15 17:30:11 - [MESSAGE][INFO] - Finding web element with id: 'Object Repository/Sayfalar/Yetki_Yonetimi/Kural_Tanimlama/Belge_Turu' located by 'By.xpath: //*[@id = 'GridViewDepartmentRuleDefinition_DXEditor1_I']' in '10' second(s)

2021-10-15 17:30:11 - [MESSAGE][INFO] - Smart Wait Function is triggered

2021-10-15 17:30:11 - [MESSAGE][INFO] - Found 1 web elements with id: 'Object Repository/Sayfalar/Yetki_Yonetimi/Kural_Tanimlama/Belge_Turu' located by 'By.xpath: //*[@id = 'GridViewDepartmentRuleDefinition_DXEditor1_I']' in '10' second(s)

2021-10-15 17:30:11 - [MESSAGE][PASSED] - Object 'Object Repository/Sayfalar/Yetki_Yonetimi/Kural_Tanimlama/Belge_Turu' is present

2021-10-15 17:30:11 - [TEST_STEP][PASSED] - clearText(findTestObject("Object Repository/Sayfalar/Yetki_Yonetimi/Kural_Tanimlama/Belge_Turu")): Text of object 'Object Repository/Sayfalar/Yetki_Yonetimi/Kural_Tanimlama/Belge_Turu' is cleared

2021-10-15 17:30:11 - [MESSAGE][INFO] - Finding Test Object 'Object Repository/Sayfalar/Yetki_Yonetimi/Kural_Tanimlama/Belge_Turu'

2021-10-15 17:30:11 - [MESSAGE][INFO] - Checking object

2021-10-15 17:30:11 - [MESSAGE][INFO] - Finding web element from Test Object's properties

2021-10-15 17:30:11 - [MESSAGE][INFO] - Checking timeout

2021-10-15 17:30:11 - [MESSAGE][INFO] - Finding web element with id: 'Object Repository/Sayfalar/Yetki_Yonetimi/Kural_Tanimlama/Belge_Turu' located by 'By.xpath: //*[@id = 'GridViewDepartmentRuleDefinition_DXEditor1_I']' in '30' second(s)

2021-10-15 17:30:11 - [MESSAGE][INFO] - Smart Wait Function is triggered

2021-10-15 17:30:11 - [MESSAGE][INFO] - Found 1 web elements with id: 'Object Repository/Sayfalar/Yetki_Yonetimi/Kural_Tanimlama/Belge_Turu' located by 'By.xpath: //*[@id = 'GridViewDepartmentRuleDefinition_DXEditor1_I']' in '30' second(s)

2021-10-15 17:30:11 - [MESSAGE][INFO] - Clearing text of object 'Object Repository/Sayfalar/Yetki_Yonetimi/Kural_Tanimlama/Belge_Turu'

2021-10-15 17:30:11 - [MESSAGE][PASSED] - Text of object 'Object Repository/Sayfalar/Yetki_Yonetimi/Kural_Tanimlama/Belge_Turu' is cleared

2021-10-15 17:30:11 - [TEST_STEP][PASSED] - sendKeys(findTestObject("Object Repository/Sayfalar/Yetki_Yonetimi/Kural_Tanimlama/Belge_Turu"), Belge_Turu): Keys 'e-Fatura' sent to object: 'Object Repository/Sayfalar/Yetki_Yonetimi/Kural_Tanimlama/Belge_Turu'

2021-10-15 17:30:11 - [MESSAGE][INFO] - Finding Test Object 'Object Repository/Sayfalar/Yetki_Yonetimi/Kural_Tanimlama/Belge_Turu'

2021-10-15 17:30:12 - [MESSAGE][INFO] - Sending keys 'e-Fatura' to object: 'Object Repository/Sayfalar/Yetki_Yonetimi/Kural_Tanimlama/Belge_Turu'

2021-10-15 17:30:12 - [MESSAGE][INFO] - Finding web element from Test Object's properties

2021-10-15 17:30:12 - [MESSAGE][INFO] - Checking timeout

2021-10-15 17:30:12 - [MESSAGE][INFO] - Finding web element with id: 'Object Repository/Sayfalar/Yetki_Yonetimi/Kural_Tanimlama/Belge_Turu' located by 'By.xpath: //*[@id = 'GridViewDepartmentRuleDefinition_DXEditor1_I']' in '30' second(s)

2021-10-15 17:30:12 - [MESSAGE][INFO] - Smart Wait Function is triggered

2021-10-15 17:30:12 - [MESSAGE][INFO] - Found 1 web elements with id: 'Object Repository/Sayfalar/Yetki_Yonetimi/Kural_Tanimlama/Belge_Turu' located by 'By.xpath: //*[@id = 'GridViewDepartmentRuleDefinition_DXEditor1_I']' in '30' second(s)

2021-10-15 17:30:12 - [MESSAGE][PASSED] - Keys 'e-Fatura' sent to object: 'Object Repository/Sayfalar/Yetki_Yonetimi/Kural_Tanimlama/Belge_Turu'

2021-10-15 17:30:12 - [TEST_STEP][PASSED] - waitForElementPresent(findTestObject("Object Repository/Sayfalar/Yetki_Yonetimi/Kural_Tanimlama/Yon"), 10): Object 'Object Repository/Sayfalar/Yetki_Yonetimi/Kural_Tanimlama/Yon' is present

2021-10-15 17:30:12 - [MESSAGE][INFO] - Finding Test Object 'Object Repository/Sayfalar/Yetki_Yonetimi/Kural_Tanimlama/Yon'

2021-10-15 17:30:12 - [MESSAGE][INFO] - Checking object

2021-10-15 17:30:12 - [MESSAGE][INFO] - Finding web element from Test Object's properties

2021-10-15 17:30:12 - [MESSAGE][INFO] - Checking timeout

2021-10-15 17:30:12 - [MESSAGE][INFO] - Finding web element with id: 'Object Repository/Sayfalar/Yetki_Yonetimi/Kural_Tanimlama/Yon' located by 'By.xpath: //*[@id = 'GridViewDepartmentRuleDefinition_DXEditor2_I']' in '10' second(s)

2021-10-15 17:30:12 - [MESSAGE][INFO] - Smart Wait Function is triggered

2021-10-15 17:30:12 - [MESSAGE][INFO] - Found 1 web elements with id: 'Object Repository/Sayfalar/Yetki_Yonetimi/Kural_Tanimlama/Yon' located by 'By.xpath: //*[@id = 'GridViewDepartmentRuleDefinition_DXEditor2_I']' in '10' second(s)

2021-10-15 17:30:12 - [MESSAGE][PASSED] - Object 'Object Repository/Sayfalar/Yetki_Yonetimi/Kural_Tanimlama/Yon' is present

2021-10-15 17:30:12 - [TEST_STEP][PASSED] - clearText(findTestObject("Object Repository/Sayfalar/Yetki_Yonetimi/Kural_Tanimlama/Yon")): Text of object 'Object Repository/Sayfalar/Yetki_Yonetimi/Kural_Tanimlama/Yon' is cleared

2021-10-15 17:30:12 - [MESSAGE][INFO] - Finding Test Object 'Object Repository/Sayfalar/Yetki_Yonetimi/Kural_Tanimlama/Yon'

2021-10-15 17:30:12 - [MESSAGE][INFO] - Checking object

2021-10-15 17:30:12 - [MESSAGE][INFO] - Finding web element from Test Object's properties

2021-10-15 17:30:12 - [MESSAGE][INFO] - Checking timeout

2021-10-15 17:30:12 - [MESSAGE][INFO] - Finding web element with id: 'Object Repository/Sayfalar/Yetki_Yonetimi/Kural_Tanimlama/Yon' located by 'By.xpath: //*[@id = 'GridViewDepartmentRuleDefinition_DXEditor2_I']' in '30' second(s)

2021-10-15 17:30:12 - [MESSAGE][INFO] - Smart Wait Function is triggered

2021-10-15 17:30:12 - [MESSAGE][INFO] - Found 1 web elements with id: 'Object Repository/Sayfalar/Yetki_Yonetimi/Kural_Tanimlama/Yon' located by 'By.xpath: //*[@id = 'GridViewDepartmentRuleDefinition_DXEditor2_I']' in '30' second(s)

2021-10-15 17:30:12 - [MESSAGE][INFO] - Clearing text of object 'Object Repository/Sayfalar/Yetki_Yonetimi/Kural_Tanimlama/Yon'

2021-10-15 17:30:12 - [MESSAGE][PASSED] - Text of object 'Object Repository/Sayfalar/Yetki_Yonetimi/Kural_Tanimlama/Yon' is cleared

2021-10-15 17:30:12 - [TEST_STEP][PASSED] - sendKeys(findTestObject("Object Repository/Sayfalar/Yetki_Yonetimi/Kural_Tanimlama/Yon"), Yon): Keys 'Giden' sent to object: 'Object Repository/Sayfalar/Yetki_Yonetimi/Kural_Tanimlama/Yon'

2021-10-15 17:30:12 - [MESSAGE][INFO] - Finding Test Object 'Object Repository/Sayfalar/Yetki_Yonetimi/Kural_Tanimlama/Yon'

2021-10-15 17:30:12 - [MESSAGE][INFO] - Sending keys 'Giden' to object: 'Object Repository/Sayfalar/Yetki_Yonetimi/Kural_Tanimlama/Yon'

2021-10-15 17:30:12 - [MESSAGE][INFO] - Finding web element from Test Object's properties

2021-10-15 17:30:12 - [MESSAGE][INFO] - Checking timeout

2021-10-15 17:30:12 - [MESSAGE][INFO] - Finding web element with id: 'Object Repository/Sayfalar/Yetki_Yonetimi/Kural_Tanimlama/Yon' located by 'By.xpath: //*[@id = 'GridViewDepartmentRuleDefinition_DXEditor2_I']' in '30' second(s)

2021-10-15 17:30:12 - [MESSAGE][INFO] - Smart Wait Function is triggered

2021-10-15 17:30:12 - [MESSAGE][INFO] - Found 1 web elements with id: 'Object Repository/Sayfalar/Yetki_Yonetimi/Kural_Tanimlama/Yon' located by 'By.xpath: //*[@id = 'GridViewDepartmentRuleDefinition_DXEditor2_I']' in '30' second(s)

2021-10-15 17:30:12 - [MESSAGE][PASSED] - Keys 'Giden' sent to object: 'Object Repository/Sayfalar/Yetki_Yonetimi/Kural_Tanimlama/Yon'

2021-10-15 17:30:12 - [TEST_STEP][PASSED] - waitForElementPresent(findTestObject("Object Repository/Sayfalar/Yetki_Yonetimi/Kural_Tanimlama/Birinci_Parametre_Secenekleri"), 10): Object 'Object Repository/Sayfalar/Yetki_Yonetimi/Kural_Tanimlama/Birinci_Parametre_Secenekleri' is present

2021-10-15 17:30:12 - [MESSAGE][INFO] - Finding Test Object 'Object Repository/Sayfalar/Yetki_Yonetimi/Kural_Tanimlama/Birinci_Parametre_Secenekleri'

2021-10-15 17:30:12 - [MESSAGE][INFO] - Checking object

2021-10-15 17:30:12 - [MESSAGE][INFO] - Finding web element from Test Object's properties

2021-10-15 17:30:12 - [MESSAGE][INFO] - Checking timeout

2021-10-15 17:30:12 - [MESSAGE][INFO] - Finding web element with id: 'Object Repository/Sayfalar/Yetki_Yonetimi/Kural_Tanimlama/Birinci_Parametre_Secenekleri' located by 'By.xpath: //*[@id = 'GridViewDepartmentRuleDefinition_DXEditor3_I']' in '10' second(s)

2021-10-15 17:30:12 - [MESSAGE][INFO] - Smart Wait Function is triggered

2021-10-15 17:30:12 - [MESSAGE][INFO] - Found 1 web elements with id: 'Object Repository/Sayfalar/Yetki_Yonetimi/Kural_Tanimlama/Birinci_Parametre_Secenekleri' located by 'By.xpath: //*[@id = 'GridViewDepartmentRuleDefinition_DXEditor3_I']' in '10' second(s)

2021-10-15 17:30:12 - [MESSAGE][PASSED] - Object 'Object Repository/Sayfalar/Yetki_Yonetimi/Kural_Tanimlama/Birinci_Parametre_Secenekleri' is present

2021-10-15 17:30:12 - [TEST_STEP][PASSED] - clearText(findTestObject("Object Repository/Sayfalar/Yetki_Yonetimi/Kural_Tanimlama/Birinci_Parametre_Secenekleri")): Text of object 'Object Repository/Sayfalar/Yetki_Yonetimi/Kural_Tanimlama/Birinci_Parametre_Secenekleri' is cleared

2021-10-15 17:30:12 - [MESSAGE][INFO] - Finding Test Object 'Object Repository/Sayfalar/Yetki_Yonetimi/Kural_Tanimlama/Birinci_Parametre_Secenekleri'

2021-10-15 17:30:13 - [MESSAGE][INFO] - Checking object

2021-10-15 17:30:13 - [MESSAGE][INFO] - Finding web element from Test Object's properties

2021-10-15 17:30:13 - [MESSAGE][INFO] - Checking timeout

2021-10-15 17:30:13 - [MESSAGE][INFO] - Finding web element with id: 'Object Repository/Sayfalar/Yetki_Yonetimi/Kural_Tanimlama/Birinci_Parametre_Secenekleri' located by 'By.xpath: //*[@id = 'GridViewDepartmentRuleDefinition_DXEditor3_I']' in '30' second(s)

2021-10-15 17:30:13 - [MESSAGE][INFO] - Smart Wait Function is triggered

2021-10-15 17:30:13 - [MESSAGE][INFO] - Found 1 web elements with id: 'Object Repository/Sayfalar/Yetki_Yonetimi/Kural_Tanimlama/Birinci_Parametre_Secenekleri' located by 'By.xpath: //*[@id = 'GridViewDepartmentRuleDefinition_DXEditor3_I']' in '30' second(s)

2021-10-15 17:30:13 - [MESSAGE][INFO] - Clearing text of object 'Object Repository/Sayfalar/Yetki_Yonetimi/Kural_Tanimlama/Birinci_Parametre_Secenekleri'

2021-10-15 17:30:13 - [MESSAGE][PASSED] - Text of object 'Object Repository/Sayfalar/Yetki_Yonetimi/Kural_Tanimlama/Birinci_Parametre_Secenekleri' is cleared

2021-10-15 17:30:13 - [TEST_STEP][PASSED] - sendKeys(findTestObject("Object Repository/Sayfalar/Yetki_Yonetimi/Kural_Tanimlama/Birinci_Parametre_Secenekleri"), Birinci_Parametre_Secenekleri): Keys 'Tümü için Yetkili' sent to object: 'Object Repository/Sayfalar/Yetki_Yonetimi/Kural_Tanimlama/Birinci_Parametre_Secenekleri'

2021-10-15 17:30:13 - [MESSAGE][INFO] - Finding Test Object 'Object Repository/Sayfalar/Yetki_Yonetimi/Kural_Tanimlama/Birinci_Parametre_Secenekleri'

2021-10-15 17:30:13 - [MESSAGE][INFO] - Sending keys 'Tümü için Yetkili' to object: 'Object Repository/Sayfalar/Yetki_Yonetimi/Kural_Tanimlama/Birinci_Parametre_Secenekleri'

2021-10-15 17:30:13 - [MESSAGE][INFO] - Finding web element from Test Object's properties

2021-10-15 17:30:13 - [MESSAGE][INFO] - Checking timeout

2021-10-15 17:30:13 - [MESSAGE][INFO] - Finding web element with id: 'Object Repository/Sayfalar/Yetki_Yonetimi/Kural_Tanimlama/Birinci_Parametre_Secenekleri' located by 'By.xpath: //*[@id = 'GridViewDepartmentRuleDefinition_DXEditor3_I']' in '30' second(s)

2021-10-15 17:30:13 - [MESSAGE][INFO] - Smart Wait Function is triggered

2021-10-15 17:30:13 - [MESSAGE][INFO] - Found 1 web elements with id: 'Object Repository/Sayfalar/Yetki_Yonetimi/Kural_Tanimlama/Birinci_Parametre_Secenekleri' located by 'By.xpath: //*[@id = 'GridViewDepartmentRuleDefinition_DXEditor3_I']' in '30' second(s)

2021-10-15 17:30:13 - [MESSAGE][PASSED] - Keys 'Tümü için Yetkili' sent to object: 'Object Repository/Sayfalar/Yetki_Yonetimi/Kural_Tanimlama/Birinci_Parametre_Secenekleri'

2021-10-15 17:30:13 - [TEST_STEP][PASSED] - waitForElementPresent(findTestObject("Object Repository/Sayfalar/Yetki_Yonetimi/Kural_Tanimlama/Birinci_Parametre_Degeri"), 10): Object 'Object Repository/Sayfalar/Yetki_Yonetimi/Kural_Tanimlama/Birinci_Parametre_Degeri' is present

2021-10-15 17:30:13 - [MESSAGE][INFO] - Finding Test Object 'Object Repository/Sayfalar/Yetki_Yonetimi/Kural_Tanimlama/Birinci_Parametre_Degeri'

2021-10-15 17:30:13 - [MESSAGE][INFO] - Checking object

2021-10-15 17:30:13 - [MESSAGE][INFO] - Finding web element from Test Object's properties

2021-10-15 17:30:13 - [MESSAGE][INFO] - Checking timeout

2021-10-15 17:30:13 - [MESSAGE][INFO] - Finding web element with id: 'Object Repository/Sayfalar/Yetki_Yonetimi/Kural_Tanimlama/Birinci_Parametre_Degeri' located by 'By.xpath: //*[@id = 'GridViewDepartmentRuleDefinition_DXEditor4_I']' in '10' second(s)

2021-10-15 17:30:13 - [MESSAGE][INFO] - Smart Wait Function is triggered

2021-10-15 17:30:13 - [MESSAGE][INFO] - Found 1 web elements with id: 'Object Repository/Sayfalar/Yetki_Yonetimi/Kural_Tanimlama/Birinci_Parametre_Degeri' located by 'By.xpath: //*[@id = 'GridViewDepartmentRuleDefinition_DXEditor4_I']' in '10' second(s)

2021-10-15 17:30:13 - [MESSAGE][PASSED] - Object 'Object Repository/Sayfalar/Yetki_Yonetimi/Kural_Tanimlama/Birinci_Parametre_Degeri' is present

2021-10-15 17:30:13 - [TEST_STEP][PASSED] - clearText(findTestObject("Object Repository/Sayfalar/Yetki_Yonetimi/Kural_Tanimlama/Birinci_Parametre_Degeri")): Text of object 'Object Repository/Sayfalar/Yetki_Yonetimi/Kural_Tanimlama/Birinci_Parametre_Degeri' is cleared

2021-10-15 17:30:13 - [MESSAGE][INFO] - Finding Test Object 'Object Repository/Sayfalar/Yetki_Yonetimi/Kural_Tanimlama/Birinci_Parametre_Degeri'

2021-10-15 17:30:13 - [MESSAGE][INFO] - Checking object

2021-10-15 17:30:13 - [MESSAGE][INFO] - Finding web element from Test Object's properties

2021-10-15 17:30:13 - [MESSAGE][INFO] - Checking timeout

2021-10-15 17:30:13 - [MESSAGE][INFO] - Finding web element with id: 'Object Repository/Sayfalar/Yetki_Yonetimi/Kural_Tanimlama/Birinci_Parametre_Degeri' located by 'By.xpath: //*[@id = 'GridViewDepartmentRuleDefinition_DXEditor4_I']' in '30' second(s)

2021-10-15 17:30:13 - [MESSAGE][INFO] - Smart Wait Function is triggered

2021-10-15 17:30:13 - [MESSAGE][INFO] - Found 1 web elements with id: 'Object Repository/Sayfalar/Yetki_Yonetimi/Kural_Tanimlama/Birinci_Parametre_Degeri' located by 'By.xpath: //*[@id = 'GridViewDepartmentRuleDefinition_DXEditor4_I']' in '30' second(s)

2021-10-15 17:30:13 - [MESSAGE][INFO] - Clearing text of object 'Object Repository/Sayfalar/Yetki_Yonetimi/Kural_Tanimlama/Birinci_Parametre_Degeri'

2021-10-15 17:30:14 - [MESSAGE][PASSED] - Text of object 'Object Repository/Sayfalar/Yetki_Yonetimi/Kural_Tanimlama/Birinci_Parametre_Degeri' is cleared

2021-10-15 17:30:14 - [TEST_STEP][PASSED] - sendKeys(findTestObject("Object Repository/Sayfalar/Yetki_Yonetimi/Kural_Tanimlama/Birinci_Parametre_Degeri"), Birinci_Parametre_Degeri): Keys '' sent to object: 'Object Repository/Sayfalar/Yetki_Yonetimi/Kural_Tanimlama/Birinci_Parametre_Degeri'

2021-10-15 17:30:14 - [MESSAGE][INFO] - Finding Test Object 'Object Repository/Sayfalar/Yetki_Yonetimi/Kural_Tanimlama/Birinci_Parametre_Degeri'

2021-10-15 17:30:14 - [MESSAGE][INFO] - Sending keys '' to object: 'Object Repository/Sayfalar/Yetki_Yonetimi/Kural_Tanimlama/Birinci_Parametre_Degeri'

2021-10-15 17:30:14 - [MESSAGE][INFO] - Finding web element from Test Object's properties

2021-10-15 17:30:14 - [MESSAGE][INFO] - Checking timeout

2021-10-15 17:30:14 - [MESSAGE][INFO] - Finding web element with id: 'Object Repository/Sayfalar/Yetki_Yonetimi/Kural_Tanimlama/Birinci_Parametre_Degeri' located by 'By.xpath: //*[@id = 'GridViewDepartmentRuleDefinition_DXEditor4_I']' in '30' second(s)

2021-10-15 17:30:14 - [MESSAGE][INFO] - Smart Wait Function is triggered

2021-10-15 17:30:14 - [MESSAGE][INFO] - Found 1 web elements with id: 'Object Repository/Sayfalar/Yetki_Yonetimi/Kural_Tanimlama/Birinci_Parametre_Degeri' located by 'By.xpath: //*[@id = 'GridViewDepartmentRuleDefinition_DXEditor4_I']' in '30' second(s)

2021-10-15 17:30:14 - [MESSAGE][PASSED] - Keys '' sent to object: 'Object Repository/Sayfalar/Yetki_Yonetimi/Kural_Tanimlama/Birinci_Parametre_Degeri'

2021-10-15 17:30:14 - [TEST_STEP][PASSED] - waitForElementPresent(findTestObject("Object Repository/Sayfalar/Yetki_Yonetimi/Kural_Tanimlama/Ikinci_Parametre_Secenekleri"), 10): Object 'Object Repository/Sayfalar/Yetki_Yonetimi/Kural_Tanimlama/Ikinci_Parametre_Secenekleri' is present

2021-10-15 17:30:14 - [MESSAGE][INFO] - Finding Test Object 'Object Repository/Sayfalar/Yetki_Yonetimi/Kural_Tanimlama/Ikinci_Parametre_Secenekleri'

2021-10-15 17:30:14 - [MESSAGE][INFO] - Checking object

2021-10-15 17:30:14 - [MESSAGE][INFO] - Finding web element from Test Object's properties

2021-10-15 17:30:14 - [MESSAGE][INFO] - Checking timeout

2021-10-15 17:30:14 - [MESSAGE][INFO] - Finding web element with id: 'Object Repository/Sayfalar/Yetki_Yonetimi/Kural_Tanimlama/Ikinci_Parametre_Secenekleri' located by 'By.xpath: //*[@id = 'GridViewDepartmentRuleDefinition_DXEditor5_I']' in '10' second(s)

2021-10-15 17:30:14 - [MESSAGE][INFO] - Smart Wait Function is triggered

2021-10-15 17:30:14 - [MESSAGE][INFO] - Found 1 web elements with id: 'Object Repository/Sayfalar/Yetki_Yonetimi/Kural_Tanimlama/Ikinci_Parametre_Secenekleri' located by 'By.xpath: //*[@id = 'GridViewDepartmentRuleDefinition_DXEditor5_I']' in '10' second(s)

2021-10-15 17:30:14 - [MESSAGE][PASSED] - Object 'Object Repository/Sayfalar/Yetki_Yonetimi/Kural_Tanimlama/Ikinci_Parametre_Secenekleri' is present

2021-10-15 17:30:14 - [TEST_STEP][PASSED] - clearText(findTestObject("Object Repository/Sayfalar/Yetki_Yonetimi/Kural_Tanimlama/Ikinci_Parametre_Secenekleri")): Text of object 'Object Repository/Sayfalar/Yetki_Yonetimi/Kural_Tanimlama/Ikinci_Parametre_Secenekleri' is cleared

2021-10-15 17:30:14 - [MESSAGE][INFO] - Finding Test Object 'Object Repository/Sayfalar/Yetki_Yonetimi/Kural_Tanimlama/Ikinci_Parametre_Secenekleri'

2021-10-15 17:30:14 - [MESSAGE][INFO] - Checking object

2021-10-15 17:30:14 - [MESSAGE][INFO] - Finding web element from Test Object's properties

2021-10-15 17:30:14 - [MESSAGE][INFO] - Checking timeout

2021-10-15 17:30:14 - [MESSAGE][INFO] - Finding web element with id: 'Object Repository/Sayfalar/Yetki_Yonetimi/Kural_Tanimlama/Ikinci_Parametre_Secenekleri' located by 'By.xpath: //*[@id = 'GridViewDepartmentRuleDefinition_DXEditor5_I']' in '30' second(s)

2021-10-15 17:30:14 - [MESSAGE][INFO] - Smart Wait Function is triggered

2021-10-15 17:30:14 - [MESSAGE][INFO] - Found 1 web elements with id: 'Object Repository/Sayfalar/Yetki_Yonetimi/Kural_Tanimlama/Ikinci_Parametre_Secenekleri' located by 'By.xpath: //*[@id = 'GridViewDepartmentRuleDefinition_DXEditor5_I']' in '30' second(s)

2021-10-15 17:30:14 - [MESSAGE][INFO] - Clearing text of object 'Object Repository/Sayfalar/Yetki_Yonetimi/Kural_Tanimlama/Ikinci_Parametre_Secenekleri'

2021-10-15 17:30:14 - [MESSAGE][PASSED] - Text of object 'Object Repository/Sayfalar/Yetki_Yonetimi/Kural_Tanimlama/Ikinci_Parametre_Secenekleri' is cleared

2021-10-15 17:30:14 - [TEST_STEP][PASSED] - sendKeys(findTestObject("Object Repository/Sayfalar/Yetki_Yonetimi/Kural_Tanimlama/Ikinci_Parametre_Secenekleri"), Ikinci_Parametre_Secenekleri): Keys '' sent to object: 'Object Repository/Sayfalar/Yetki_Yonetimi/Kural_Tanimlama/Ikinci_Parametre_Secenekleri'

2021-10-15 17:30:14 - [MESSAGE][INFO] - Finding Test Object 'Object Repository/Sayfalar/Yetki_Yonetimi/Kural_Tanimlama/Ikinci_Parametre_Secenekleri'

2021-10-15 17:30:14 - [MESSAGE][INFO] - Sending keys '' to object: 'Object Repository/Sayfalar/Yetki_Yonetimi/Kural_Tanimlama/Ikinci_Parametre_Secenekleri'

2021-10-15 17:30:14 - [MESSAGE][INFO] - Finding web element from Test Object's properties

2021-10-15 17:30:14 - [MESSAGE][INFO] - Checking timeout

2021-10-15 17:30:14 - [MESSAGE][INFO] - Finding web element with id: 'Object Repository/Sayfalar/Yetki_Yonetimi/Kural_Tanimlama/Ikinci_Parametre_Secenekleri' located by 'By.xpath: //*[@id = 'GridViewDepartmentRuleDefinition_DXEditor5_I']' in '30' second(s)

2021-10-15 17:30:14 - [MESSAGE][INFO] - Smart Wait Function is triggered

2021-10-15 17:30:14 - [MESSAGE][INFO] - Found 1 web elements with id: 'Object Repository/Sayfalar/Yetki_Yonetimi/Kural_Tanimlama/Ikinci_Parametre_Secenekleri' located by 'By.xpath: //*[@id = 'GridViewDepartmentRuleDefinition_DXEditor5_I']' in '30' second(s)

2021-10-15 17:30:14 - [MESSAGE][PASSED] - Keys '' sent to object: 'Object Repository/Sayfalar/Yetki_Yonetimi/Kural_Tanimlama/Ikinci_Parametre_Secenekleri'

2021-10-15 17:30:14 - [TEST_STEP][PASSED] - waitForElementPresent(findTestObject("Object Repository/Sayfalar/Yetki_Yonetimi/Kural_Tanimlama/Ikinci_Parametre_Degeri"), 10): Object 'Object Repository/Sayfalar/Yetki_Yonetimi/Kural_Tanimlama/Ikinci_Parametre_Degeri' is present

2021-10-15 17:30:14 - [MESSAGE][INFO] - Finding Test Object 'Object Repository/Sayfalar/Yetki_Yonetimi/Kural_Tanimlama/Ikinci_Parametre_Degeri'

2021-10-15 17:30:14 - [MESSAGE][INFO] - Checking object

2021-10-15 17:30:14 - [MESSAGE][INFO] - Finding web element from Test Object's properties

2021-10-15 17:30:14 - [MESSAGE][INFO] - Checking timeout

2021-10-15 17:30:14 - [MESSAGE][INFO] - Finding web element with id: 'Object Repository/Sayfalar/Yetki_Yonetimi/Kural_Tanimlama/Ikinci_Parametre_Degeri' located by 'By.xpath: //*[@id = 'GridViewDepartmentRuleDefinition_DXEditor6_I']' in '10' second(s)

2021-10-15 17:30:14 - [MESSAGE][INFO] - Smart Wait Function is triggered

2021-10-15 17:30:15 - [MESSAGE][INFO] - Found 1 web elements with id: 'Object Repository/Sayfalar/Yetki_Yonetimi/Kural_Tanimlama/Ikinci_Parametre_Degeri' located by 'By.xpath: //*[@id = 'GridViewDepartmentRuleDefinition_DXEditor6_I']' in '10' second(s)

2021-10-15 17:30:15 - [MESSAGE][PASSED] - Object 'Object Repository/Sayfalar/Yetki_Yonetimi/Kural_Tanimlama/Ikinci_Parametre_Degeri' is present

2021-10-15 17:30:15 - [TEST_STEP][PASSED] - clearText(findTestObject("Object Repository/Sayfalar/Yetki_Yonetimi/Kural_Tanimlama/Ikinci_Parametre_Degeri")): Text of object 'Object Repository/Sayfalar/Yetki_Yonetimi/Kural_Tanimlama/Ikinci_Parametre_Degeri' is cleared

2021-10-15 17:30:15 - [MESSAGE][INFO] - Finding Test Object 'Object Repository/Sayfalar/Yetki_Yonetimi/Kural_Tanimlama/Ikinci_Parametre_Degeri'

2021-10-15 17:30:15 - [MESSAGE][INFO] - Checking object

2021-10-15 17:30:15 - [MESSAGE][INFO] - Finding web element from Test Object's properties

2021-10-15 17:30:15 - [MESSAGE][INFO] - Checking timeout

2021-10-15 17:30:15 - [MESSAGE][INFO] - Finding web element with id: 'Object Repository/Sayfalar/Yetki_Yonetimi/Kural_Tanimlama/Ikinci_Parametre_Degeri' located by 'By.xpath: //*[@id = 'GridViewDepartmentRuleDefinition_DXEditor6_I']' in '30' second(s)

2021-10-15 17:30:15 - [MESSAGE][INFO] - Smart Wait Function is triggered

2021-10-15 17:30:15 - [MESSAGE][INFO] - Found 1 web elements with id: 'Object Repository/Sayfalar/Yetki_Yonetimi/Kural_Tanimlama/Ikinci_Parametre_Degeri' located by 'By.xpath: //*[@id = 'GridViewDepartmentRuleDefinition_DXEditor6_I']' in '30' second(s)

2021-10-15 17:30:15 - [MESSAGE][INFO] - Clearing text of object 'Object Repository/Sayfalar/Yetki_Yonetimi/Kural_Tanimlama/Ikinci_Parametre_Degeri'

2021-10-15 17:30:15 - [MESSAGE][PASSED] - Text of object 'Object Repository/Sayfalar/Yetki_Yonetimi/Kural_Tanimlama/Ikinci_Parametre_Degeri' is cleared

2021-10-15 17:30:15 - [TEST_STEP][PASSED] - sendKeys(findTestObject("Object Repository/Sayfalar/Yetki_Yonetimi/Kural_Tanimlama/Ikinci_Parametre_Degeri"), Ikinci_Parametre_Degeri): Keys '' sent to object: 'Object Repository/Sayfalar/Yetki_Yonetimi/Kural_Tanimlama/Ikinci_Parametre_Degeri'

2021-10-15 17:30:15 - [MESSAGE][INFO] - Finding Test Object 'Object Repository/Sayfalar/Yetki_Yonetimi/Kural_Tanimlama/Ikinci_Parametre_Degeri'

2021-10-15 17:30:15 - [MESSAGE][INFO] - Sending keys '' to object: 'Object Repository/Sayfalar/Yetki_Yonetimi/Kural_Tanimlama/Ikinci_Parametre_Degeri'

2021-10-15 17:30:15 - [MESSAGE][INFO] - Finding web element from Test Object's properties

2021-10-15 17:30:15 - [MESSAGE][INFO] - Checking timeout

2021-10-15 17:30:15 - [MESSAGE][INFO] - Finding web element with id: 'Object Repository/Sayfalar/Yetki_Yonetimi/Kural_Tanimlama/Ikinci_Parametre_Degeri' located by 'By.xpath: //*[@id = 'GridViewDepartmentRuleDefinition_DXEditor6_I']' in '30' second(s)

2021-10-15 17:30:15 - [MESSAGE][INFO] - Smart Wait Function is triggered

2021-10-15 17:30:15 - [MESSAGE][INFO] - Found 1 web elements with id: 'Object Repository/Sayfalar/Yetki_Yonetimi/Kural_Tanimlama/Ikinci_Parametre_Degeri' located by 'By.xpath: //*[@id = 'GridViewDepartmentRuleDefinition_DXEditor6_I']' in '30' second(s)

2021-10-15 17:30:15 - [MESSAGE][PASSED] - Keys '' sent to object: 'Object Repository/Sayfalar/Yetki_Yonetimi/Kural_Tanimlama/Ikinci_Parametre_Degeri'

2021-10-15 17:30:15 - [TEST_STEP][PASSED] - if (Mail_Gonderilsin_Mi.equals("Mail Gönderilsin")): Object: 'Object Repository/Sayfalar/Yetki_Yonetimi/Kural_Tanimlama/Mail_Gonderilsin' is clicked on

2021-10-15 17:30:15 - [TEST_STEP][PASSED] - click(findTestObject("Object Repository/Sayfalar/Yetki_Yonetimi/Kural_Tanimlama/Mail_Gonderilsin")): Object: 'Object Repository/Sayfalar/Yetki_Yonetimi/Kural_Tanimlama/Mail_Gonderilsin' is clicked on

2021-10-15 17:30:15 - [MESSAGE][INFO] - Finding Test Object 'Object Repository/Sayfalar/Yetki_Yonetimi/Kural_Tanimlama/Mail_Gonderilsin'

2021-10-15 17:30:15 - [MESSAGE][INFO] - Checking object

2021-10-15 17:30:15 - [MESSAGE][INFO] - Finding web element from Test Object's properties

2021-10-15 17:30:15 - [MESSAGE][INFO] - Checking timeout

2021-10-15 17:30:15 - [MESSAGE][INFO] - Finding web element with id: 'Object Repository/Sayfalar/Yetki_Yonetimi/Kural_Tanimlama/Mail_Gonderilsin' located by 'By.cssSelector: #GridViewDepartmentRuleDefinition_DXMainTable .dxWeb_edtCheckBoxUnchecked_LECustomTheme.dxICheckBox_LECustomTheme.dxichSys' in '30' second(s)

2021-10-15 17:30:15 - [MESSAGE][INFO] - Smart Wait Function is triggered

2021-10-15 17:30:15 - [MESSAGE][INFO] - Found 1 web elements with id: 'Object Repository/Sayfalar/Yetki_Yonetimi/Kural_Tanimlama/Mail_Gonderilsin' located by 'By.cssSelector: #GridViewDepartmentRuleDefinition_DXMainTable .dxWeb_edtCheckBoxUnchecked_LECustomTheme.dxICheckBox_LECustomTheme.dxichSys' in '30' second(s)

2021-10-15 17:30:15 - [MESSAGE][INFO] - Clicking on object: 'Object Repository/Sayfalar/Yetki_Yonetimi/Kural_Tanimlama/Mail_Gonderilsin'

2021-10-15 17:30:15 - [MESSAGE][PASSED] - Object: 'Object Repository/Sayfalar/Yetki_Yonetimi/Kural_Tanimlama/Mail_Gonderilsin' is clicked on

2021-10-15 17:30:15 - [TEST_STEP][PASSED] - waitForElementClickable(findTestObject("Object Repository/Sayfalar/Yetki_Yonetimi/Kural_Tanimlama/Kaydet"), 10): Object 'Object Repository/Sayfalar/Yetki_Yonetimi/Kural_Tanimlama/Kaydet' is clickable

2021-10-15 17:30:15 - [MESSAGE][INFO] - Finding Test Object 'Object Repository/Sayfalar/Yetki_Yonetimi/Kural_Tanimlama/Kaydet'

2021-10-15 17:30:15 - [MESSAGE][INFO] - Checking object

2021-10-15 17:30:15 - [MESSAGE][INFO] - Checking timeout

2021-10-15 17:30:15 - [MESSAGE][INFO] - Finding web element from Test Object's properties

2021-10-15 17:30:15 - [MESSAGE][INFO] - Checking timeout

2021-10-15 17:30:15 - [MESSAGE][INFO] - Finding web element with id: 'Object Repository/Sayfalar/Yetki_Yonetimi/Kural_Tanimlama/Kaydet' located by 'By.cssSelector: .fa.fa-floppy-o.fa-lg.text-success' in '10' second(s)

2021-10-15 17:30:15 - [MESSAGE][INFO] - Smart Wait Function is triggered

2021-10-15 17:30:15 - [MESSAGE][INFO] - Found 1 web elements with id: 'Object Repository/Sayfalar/Yetki_Yonetimi/Kural_Tanimlama/Kaydet' located by 'By.cssSelector: .fa.fa-floppy-o.fa-lg.text-success' in '10' second(s)

2021-10-15 17:30:15 - [MESSAGE][PASSED] - Object 'Object Repository/Sayfalar/Yetki_Yonetimi/Kural_Tanimlama/Kaydet' is clickable

2021-10-15 17:30:15 - [TEST_STEP][PASSED] - click(findTestObject("Object Repository/Sayfalar/Yetki_Yonetimi/Kural_Tanimlama/Kaydet"), STOP_ON_FAILURE): Object: 'Object Repository/Sayfalar/Yetki_Yonetimi/Kural_Tanimlama/Kaydet' is clicked on

2021-10-15 17:30:15 - [MESSAGE][INFO] - Finding Test Object 'Object Repository/Sayfalar/Yetki_Yonetimi/Kural_Tanimlama/Kaydet'

2021-10-15 17:30:15 - [MESSAGE][INFO] - Checking object

2021-10-15 17:30:15 - [MESSAGE][INFO] - Finding web element from Test Object's properties

2021-10-15 17:30:15 - [MESSAGE][INFO] - Checking timeout

2021-10-15 17:30:15 - [MESSAGE][INFO] - Finding web element with id: 'Object Repository/Sayfalar/Yetki_Yonetimi/Kural_Tanimlama/Kaydet' located by 'By.cssSelector: .fa.fa-floppy-o.fa-lg.text-success' in '30' second(s)

2021-10-15 17:30:15 - [MESSAGE][INFO] - Smart Wait Function is triggered

2021-10-15 17:30:16 - [MESSAGE][INFO] - Found 1 web elements with id: 'Object Repository/Sayfalar/Yetki_Yonetimi/Kural_Tanimlama/Kaydet' located by 'By.cssSelector: .fa.fa-floppy-o.fa-lg.text-success' in '30' second(s)

2021-10-15 17:30:16 - [MESSAGE][INFO] - Clicking on object: 'Object Repository/Sayfalar/Yetki_Yonetimi/Kural_Tanimlama/Kaydet'

2021-10-15 17:30:16 - [MESSAGE][PASSED] - Object: 'Object Repository/Sayfalar/Yetki_Yonetimi/Kural_Tanimlama/Kaydet' is clicked on

2021-10-15 17:30:16 - [TEST_STEP][PASSED] - switchToDefaultContent(): Switching to default content

2021-10-15 17:30:16 - [MESSAGE][INFO] - Switching to default content

2021-10-15 17:30:16 - [TEST_STEP][PASSED] - waitForElementClickable(findTestObject("Object Repository/Sayfalar/Yetki_Yonetimi/Kural_Tanimlama/Kapat"), 10): Object 'Object Repository/Sayfalar/Yetki_Yonetimi/Kural_Tanimlama/Kapat' is clickable

2021-10-15 17:30:16 - [MESSAGE][INFO] - Finding Test Object 'Object Repository/Sayfalar/Yetki_Yonetimi/Kural_Tanimlama/Kapat'

2021-10-15 17:30:16 - [MESSAGE][INFO] - Checking object

2021-10-15 17:30:16 - [MESSAGE][INFO] - Checking timeout

2021-10-15 17:30:16 - [MESSAGE][INFO] - Finding web element from Test Object's properties

2021-10-15 17:30:16 - [MESSAGE][INFO] - Checking timeout

2021-10-15 17:30:16 - [MESSAGE][INFO] - Finding web element with id: 'Object Repository/Sayfalar/Yetki_Yonetimi/Kural_Tanimlama/Kapat' located by 'By.cssSelector: #departmentRule span' in '10' second(s)

2021-10-15 17:30:16 - [MESSAGE][INFO] - Smart Wait Function is triggered

2021-10-15 17:30:16 - [MESSAGE][INFO] - Found 1 web elements with id: 'Object Repository/Sayfalar/Yetki_Yonetimi/Kural_Tanimlama/Kapat' located by 'By.cssSelector: #departmentRule span' in '10' second(s)

2021-10-15 17:30:16 - [MESSAGE][PASSED] - Object 'Object Repository/Sayfalar/Yetki_Yonetimi/Kural_Tanimlama/Kapat' is clickable

2021-10-15 17:30:16 - [TEST_STEP][PASSED] - click(findTestObject("Object Repository/Sayfalar/Yetki_Yonetimi/Kural_Tanimlama/Kapat")): Object: 'Object Repository/Sayfalar/Yetki_Yonetimi/Kural_Tanimlama/Kapat' is clicked on

2021-10-15 17:30:16 - [MESSAGE][INFO] - Finding Test Object 'Object Repository/Sayfalar/Yetki_Yonetimi/Kural_Tanimlama/Kapat'

2021-10-15 17:30:16 - [MESSAGE][INFO] - Checking object

2021-10-15 17:30:16 - [MESSAGE][INFO] - Finding web element from Test Object's properties

2021-10-15 17:30:16 - [MESSAGE][INFO] - Checking timeout

2021-10-15 17:30:16 - [MESSAGE][INFO] - Finding web element with id: 'Object Repository/Sayfalar/Yetki_Yonetimi/Kural_Tanimlama/Kapat' located by 'By.cssSelector: #departmentRule span' in '30' second(s)

2021-10-15 17:30:16 - [MESSAGE][INFO] - Smart Wait Function is triggered

2021-10-15 17:30:17 - [MESSAGE][INFO] - Found 1 web elements with id: 'Object Repository/Sayfalar/Yetki_Yonetimi/Kural_Tanimlama/Kapat' located by 'By.cssSelector: #departmentRule span' in '30' second(s)

2021-10-15 17:30:17 - [MESSAGE][INFO] - Clicking on object: 'Object Repository/Sayfalar/Yetki_Yonetimi/Kural_Tanimlama/Kapat'

2021-10-15 17:30:17 - [MESSAGE][PASSED] - Object: 'Object Repository/Sayfalar/Yetki_Yonetimi/Kural_Tanimlama/Kapat' is clicked on

2021-10-15 17:30:17 - [MESSAGE][PASSED] - Call Test Case 'Test Cases/Sayfalar/Yetki_Yonetimi/KuralTanimlanir' successfully

2021-10-15 17:30:17 - [MESSAGE][INFO] - Checking called Test Case

2021-10-15 17:30:17 - [MESSAGE][INFO] - Starting to call Test Case 'Test Cases/Kullanici_Islemleri/KullaniciIslemlerindenSecimYapilir'

2021-10-15 17:30:17 - [TEST_CASE][PASSED] - Test Cases/Kullanici_Islemleri/KullaniciIslemlerindenSecimYapilir: Test Cases/Kullanici_Islemleri/KullaniciIslemlerindenSecimYapilir

2021-10-15 17:30:17 - [TEST_STEP][PASSED] - waitForElementClickable(findTestObject("Object Repository/Kullanici_Islemleri/KullaniciIslemleri"), 10): Object 'Object Repository/Kullanici_Islemleri/KullaniciIslemleri' is clickable

2021-10-15 17:30:17 - [MESSAGE][INFO] - Finding Test Object 'Object Repository/Kullanici_Islemleri/KullaniciIslemleri'

2021-10-15 17:30:17 - [MESSAGE][INFO] - Checking object

2021-10-15 17:30:17 - [MESSAGE][INFO] - Checking timeout

2021-10-15 17:30:17 - [MESSAGE][INFO] - Finding web element from Test Object's properties

2021-10-15 17:30:17 - [MESSAGE][INFO] - Checking timeout

2021-10-15 17:30:17 - [MESSAGE][INFO] - Finding web element with id: 'Object Repository/Kullanici_Islemleri/KullaniciIslemleri' located by 'By.cssSelector: .dropdown>a>img' in '10' second(s)

2021-10-15 17:30:17 - [MESSAGE][INFO] - Smart Wait Function is triggered

2021-10-15 17:30:17 - [MESSAGE][INFO] - Found 1 web elements with id: 'Object Repository/Kullanici_Islemleri/KullaniciIslemleri' located by 'By.cssSelector: .dropdown>a>img' in '10' second(s)

2021-10-15 17:30:17 - [MESSAGE][PASSED] - Object 'Object Repository/Kullanici_Islemleri/KullaniciIslemleri' is clickable

2021-10-15 17:30:17 - [TEST_STEP][PASSED] - click(findTestObject("Object Repository/Kullanici_Islemleri/KullaniciIslemleri")): Object: 'Object Repository/Kullanici_Islemleri/KullaniciIslemleri' is clicked on

2021-10-15 17:30:17 - [MESSAGE][INFO] - Finding Test Object 'Object Repository/Kullanici_Islemleri/KullaniciIslemleri'

2021-10-15 17:30:17 - [MESSAGE][INFO] - Checking object

2021-10-15 17:30:17 - [MESSAGE][INFO] - Finding web element from Test Object's properties

2021-10-15 17:30:17 - [MESSAGE][INFO] - Checking timeout

2021-10-15 17:30:17 - [MESSAGE][INFO] - Finding web element with id: 'Object Repository/Kullanici_Islemleri/KullaniciIslemleri' located by 'By.cssSelector: .dropdown>a>img' in '30' second(s)

2021-10-15 17:30:17 - [MESSAGE][INFO] - Smart Wait Function is triggered

2021-10-15 17:30:17 - [MESSAGE][INFO] - Found 1 web elements with id: 'Object Repository/Kullanici_Islemleri/KullaniciIslemleri' located by 'By.cssSelector: .dropdown>a>img' in '30' second(s)

2021-10-15 17:30:17 - [MESSAGE][INFO] - Clicking on object: 'Object Repository/Kullanici_Islemleri/KullaniciIslemleri'

2021-10-15 17:30:17 - [MESSAGE][PASSED] - Object: 'Object Repository/Kullanici_Islemleri/KullaniciIslemleri' is clicked on

2021-10-15 17:30:17 - [TEST_STEP][PASSED] - Method.TextDegerineEsitElementeTikla(findTestObject("Object Repository/Kullanici_Islemleri/Secenekler"), Islem): Method.TextDegerineEsitElementeTikla is PASSED

2021-10-15 17:30:17 - [MESSAGE][INFO] - Finding Test Object 'Object Repository/Kullanici_Islemleri/Secenekler'

2021-10-15 17:30:18 - [MESSAGE][INFO] - Checking timeout

2021-10-15 17:30:18 - [MESSAGE][INFO] - Finding web element with id: 'Object Repository/Kullanici_Islemleri/Secenekler' located by 'By.cssSelector: .nav.navbar-nav.navbar-right li a' in '10' second(s)

2021-10-15 17:30:18 - [MESSAGE][INFO] - Smart Wait Function is triggered

2021-10-15 17:30:18 - [MESSAGE][INFO] - Found 22 web elements with id: 'Object Repository/Kullanici_Islemleri/Secenekler' located by 'By.cssSelector: .nav.navbar-nav.navbar-right li a' in '10' second(s)

2021-10-15 17:30:20 - [MESSAGE][PASSED] - Method.TextDegerineEsitElementeTikla is PASSED

2021-10-15 17:30:20 - [TEST_STEP][PASSED] - verifyElementNotPresent(findTestObject("Object Repository/Kullanici_Islemleri/Secenekler"), 10): Web element with id: 'Object Repository/Kullanici_Islemleri/Secenekler' located by 'By.cssSelector: .nav.navbar-nav.navbar-right li a' is not present after '10' second(s)

2021-10-15 17:30:20 - [MESSAGE][INFO] - Finding Test Object 'Object Repository/Kullanici_Islemleri/Secenekler'

2021-10-15 17:30:20 - [MESSAGE][INFO] - Checking object

2021-10-15 17:30:20 - [MESSAGE][INFO] - Checking timeout

2021-10-15 17:30:20 - [MESSAGE][INFO] - Finding web element with id: 'Object Repository/Kullanici_Islemleri/Secenekler' located by 'By.cssSelector: .nav.navbar-nav.navbar-right li a' in '10' second(s)

2021-10-15 17:30:20 - [MESSAGE][INFO] - Smart Wait Function is triggered

2021-10-15 17:30:20 - [MESSAGE][PASSED] - Web element with id: 'Object Repository/Kullanici_Islemleri/Secenekler' located by 'By.cssSelector: .nav.navbar-nav.navbar-right li a' is not present after '10' second(s)

2021-10-15 17:30:20 - [MESSAGE][PASSED] - Call Test Case 'Test Cases/Kullanici_Islemleri/KullaniciIslemlerindenSecimYapilir' successfully

2021-10-15 17:30:20 - [TEST_CASE][PASSED] - Start Test Case : SCENARIO Kural tanimlama: SCENARIO Kural tanimlama

2021-10-15 17:30:20 - [TEST_STEP][PASSED] - Kullanıcı adı ELOGO6 ve Şifre 123456 olarak giriş yapılır: Kullanıcı adı ELOGO6 ve Şifre 123456 olarak giriş yapılır

2021-10-15 17:30:20 - [MESSAGE][PASSED] - Kullanıcı adı ELOGO6 ve Şifre 123456 olarak giriş yapılır

2021-10-15 17:30:20 - [TEST_STEP][PASSED] - Ana menüden Firma Yönetimi seçilir: Ana menüden Firma Yönetimi seçilir

2021-10-15 17:30:20 - [MESSAGE][PASSED] - Ana menüden Firma Yönetimi seçilir

2021-10-15 17:30:20 - [TEST_STEP][PASSED] - Alt menüden Yetki Yönetimi seçilir: Alt menüden Yetki Yönetimi seçilir

2021-10-15 17:30:20 - [MESSAGE][PASSED] - Alt menüden Yetki Yönetimi seçilir

2021-10-15 17:30:20 - [TEST_STEP][PASSED] - Sekmelerden Departman Tanımları seçilir: Sekmelerden Departman Tanımları seçilir

2021-10-15 17:30:20 - [MESSAGE][PASSED] - Sekmelerden Departman Tanımları seçilir

2021-10-15 17:30:20 - [TEST_STEP][PASSED] - Filtre butonlarından Listele seçilir: Filtre butonlarından Listele seçilir

2021-10-15 17:30:20 - [MESSAGE][PASSED] - Filtre butonlarından Listele seçilir

2021-10-15 17:30:20 - [TEST_STEP][PASSED] - Tabloda veri var mı kontrol edilir: Tabloda veri var mı kontrol edilir

2021-10-15 17:30:20 - [MESSAGE][PASSED] - Tabloda veri var mı kontrol edilir

2021-10-15 17:30:20 - [TEST_STEP][PASSED] - Tablodan VirgosolDepartman isimli veri seçilir: Tablodan VirgosolDepartman isimli veri seçilir

2021-10-15 17:30:20 - [MESSAGE][PASSED] - Tablodan VirgosolDepartman isimli veri seçilir

2021-10-15 17:30:20 - [TEST_STEP][PASSED] - Butonlardan Kural Tanımla isimli butona tıklanır: Butonlardan Kural Tanımla isimli butona tıklanır

2021-10-15 17:30:20 - [MESSAGE][PASSED] - Butonlardan Kural Tanımla isimli butona tıklanır

2021-10-15 17:30:20 - [TEST_STEP][PASSED] - Kural olarak e-Fatura,Giden,Tümü için Yetkili,,,,Mail Gönderilsin girilir: Kural olarak e-Fatura,Giden,Tümü için Yetkili,,,,Mail Gönderilsin girilir

2021-10-15 17:30:20 - [MESSAGE][PASSED] - Kural olarak e-Fatura,Giden,Tümü için Yetkili,,,,Mail Gönderilsin girilir

2021-10-15 17:30:20 - [TEST_STEP][PASSED] - Kullanıcı işlemlerinden Çıkış seçilir: Kullanıcı işlemlerinden Çıkış seçilir

2021-10-15 17:30:20 - [MESSAGE][PASSED] - Kullanıcı işlemlerinden Çıkış seçilir

2021-10-15 17:30:20 - [MESSAGE][PASSED] - Feature file: 'Include/features/Firma Yonetimi/Yetki Yonetimi/Departman Tanimlari/Kural Tanimla/Kural Ekle.feature' was passed

2021-10-15 17:30:20 - [TEST_STEP][PASSED] - Start listener action : sampleAfterTestSuite: Invoke 'com.kms.katalon.core.annotation.AfterTestCase' method: 'Listener.sampleAfterTestSuite(...)' completed.

2021-10-15 17:30:20 - [MESSAGE][INFO] - Starting invoke 'com.kms.katalon.core.annotation.AfterTestCase' method: 'Listener.sampleAfterTestSuite(...)'

2021-10-15 17:30:20 - [TEST_STEP][PASSED] - closeBrowser(): Invoke 'com.kms.katalon.core.annotation.AfterTestCase' method: 'Listener.sampleAfterTestSuite(...)' completed.

2021-10-15 17:30:20 - [MESSAGE][INFO] - Closing browser

2021-10-15 17:30:21 - [MESSAGE][PASSED] - Browser is closed

2021-10-15 17:30:21 - [MESSAGE][INFO] - Invoke 'com.kms.katalon.core.annotation.AfterTestCase' method: 'Listener.sampleAfterTestSuite(...)' completed.]]></system-out>
         <system-err><![CDATA[]]></system-err>
      </testcase>
      <testcase name="Test Cases/Case Repository/Firma Yonetimi/Yetki Yonetimi/Departman Tanimlari/Kural Tanimla/Kural Sil" time="31.075" classname="Test Cases/Case Repository/Firma Yonetimi/Yetki Yonetimi/Departman Tanimlari/Kural Tanimla/Kural Sil" status="PASSED">
         <system-out><![CDATA[2021-10-15 17:30:21 - [TEST_CASE][PASSED] - Test Cases/Case Repository/Firma Yonetimi/Yetki Yonetimi/Departman Tanimlari/Kural Tanimla/Kural Sil: Test Cases/Case Repository/Firma Yonetimi/Yetki Yonetimi/Departman Tanimlari/Kural Tanimla/Kural Sil

2021-10-15 17:30:21 - [TEST_STEP][PASSED] - Start listener action : sampleBeforeTestSuite: Invoke 'com.kms.katalon.core.annotation.BeforeTestCase' method: 'Listener.sampleBeforeTestSuite(...)' completed.

2021-10-15 17:30:21 - [MESSAGE][INFO] - Starting invoke 'com.kms.katalon.core.annotation.BeforeTestCase' method: 'Listener.sampleBeforeTestSuite(...)'

2021-10-15 17:30:21 - [TEST_STEP][PASSED] - openBrowser(baseUrl): Browser is opened with url: 'https://efatura-stage.elogo.com.tr/'

2021-10-15 17:30:21 - [MESSAGE][INFO] - Opening browser

2021-10-15 17:30:21 - [MESSAGE][INFO] - Starting 'Chrome' driver

2021-10-15 17:30:21 - [MESSAGE][INFO] - User set preference: ['prefs', '{download.default_directory=C:\otomasyondownfiles}']

2021-10-15 17:30:21 - [MESSAGE][INFO] - Action delay is set to 0 milliseconds

2021-10-15 17:30:22 - [MESSAGE][INFO] - Navigating browser to: 'https://efatura-stage.elogo.com.tr/'

2021-10-15 17:30:24 - [MESSAGE][PASSED] - Browser is opened with url: 'https://efatura-stage.elogo.com.tr/'

2021-10-15 17:30:24 - [TEST_STEP][PASSED] - maximizeWindow(): Invoke 'com.kms.katalon.core.annotation.BeforeTestCase' method: 'Listener.sampleBeforeTestSuite(...)' completed.

2021-10-15 17:30:24 - [MESSAGE][INFO] - Maximizing current window

2021-10-15 17:30:24 - [MESSAGE][PASSED] - Current window maximized

2021-10-15 17:30:24 - [MESSAGE][INFO] - Invoke 'com.kms.katalon.core.annotation.BeforeTestCase' method: 'Listener.sampleBeforeTestSuite(...)' completed.

2021-10-15 17:30:25 - [TEST_STEP][PASSED] - runFeatureFile("Include/features/Firma Yonetimi/Yetki Yonetimi/Departman Tanimlari/Kural Tanimla/Kural Sil.feature"): Feature file: 'Include/features/Firma Yonetimi/Yetki Yonetimi/Departman Tanimlari/Kural Tanimla/Kural Sil.feature' was passed

2021-10-15 17:30:25 - [MESSAGE][INFO] - Starting run keyword runFeatureFile: 'Include/features/Firma Yonetimi/Yetki Yonetimi/Departman Tanimlari/Kural Tanimla/Kural Sil.feature' and extract report to folder: 'C:\Users\DELL\Downloads\EES_Katalon-main\Reports\20211015_165642\Suite Repository\Firma_Yonetimi\20211015_165749/cucumber_report/1634308225554'...

2021-10-15 17:30:25 - [MESSAGE][INFO] - Glue: []

2021-10-15 17:30:26 - [MESSAGE][INFO] - Checking called Test Case

2021-10-15 17:30:26 - [MESSAGE][INFO] - Starting to call Test Case 'Test Cases/Sayfalar/Giris_Sayfasi/Login'

2021-10-15 17:30:26 - [TEST_CASE][PASSED] - Test Cases/Sayfalar/Giris_Sayfasi/Login: Test Cases/Sayfalar/Giris_Sayfasi/Login

2021-10-15 17:30:26 - [TEST_STEP][PASSED] - Sayfa_Basligi = getWindowTitle(): Current window's title is: 'LOGO e-Fatura'

2021-10-15 17:30:26 - [MESSAGE][INFO] - Getting current window's title

2021-10-15 17:30:26 - [MESSAGE][PASSED] - Current window's title is: 'LOGO e-Fatura'

2021-10-15 17:30:26 - [TEST_STEP][PASSED] - verifyMatch(Sayfa_Basligi, "LOGO e-Fatura", false): Actual text 'LOGO e-Fatura' and expected text 'LOGO e-Fatura' are matched 

2021-10-15 17:30:26 - [MESSAGE][INFO] - Matching actual text 'LOGO e-Fatura' with expected text 'LOGO e-Fatura'

2021-10-15 17:30:26 - [MESSAGE][PASSED] - Actual text 'LOGO e-Fatura' and expected text 'LOGO e-Fatura' are matched 

2021-10-15 17:30:26 - [TEST_STEP][PASSED] - sendKeys(findTestObject("Sayfalar/Giris_Sayfasi/Firma_Kodu"), KullaniciAdi): Keys 'ELOGO6' sent to object: 'Object Repository/Sayfalar/Giris_Sayfasi/Firma_Kodu'

2021-10-15 17:30:26 - [MESSAGE][INFO] - Finding Test Object 'Object Repository/Sayfalar/Giris_Sayfasi/Firma_Kodu'

2021-10-15 17:30:26 - [MESSAGE][INFO] - Sending keys 'ELOGO6' to object: 'Object Repository/Sayfalar/Giris_Sayfasi/Firma_Kodu'

2021-10-15 17:30:26 - [MESSAGE][INFO] - Finding web element from Test Object's properties

2021-10-15 17:30:26 - [MESSAGE][INFO] - Checking timeout

2021-10-15 17:30:26 - [MESSAGE][INFO] - Finding web element with id: 'Object Repository/Sayfalar/Giris_Sayfasi/Firma_Kodu' located by 'By.xpath: //*[@id = 'AccountName']' in '30' second(s)

2021-10-15 17:30:26 - [MESSAGE][INFO] - Smart Wait Function is triggered

2021-10-15 17:30:26 - [MESSAGE][INFO] - Found 1 web elements with id: 'Object Repository/Sayfalar/Giris_Sayfasi/Firma_Kodu' located by 'By.xpath: //*[@id = 'AccountName']' in '30' second(s)

2021-10-15 17:30:26 - [MESSAGE][PASSED] - Keys 'ELOGO6' sent to object: 'Object Repository/Sayfalar/Giris_Sayfasi/Firma_Kodu'

2021-10-15 17:30:26 - [TEST_STEP][PASSED] - sendKeys(findTestObject("Sayfalar/Giris_Sayfasi/Sifre"), Sifre): Keys '123456' sent to object: 'Object Repository/Sayfalar/Giris_Sayfasi/Sifre'

2021-10-15 17:30:26 - [MESSAGE][INFO] - Finding Test Object 'Object Repository/Sayfalar/Giris_Sayfasi/Sifre'

2021-10-15 17:30:27 - [MESSAGE][INFO] - Sending keys '123456' to object: 'Object Repository/Sayfalar/Giris_Sayfasi/Sifre'

2021-10-15 17:30:27 - [MESSAGE][INFO] - Finding web element from Test Object's properties

2021-10-15 17:30:27 - [MESSAGE][INFO] - Checking timeout

2021-10-15 17:30:27 - [MESSAGE][INFO] - Finding web element with id: 'Object Repository/Sayfalar/Giris_Sayfasi/Sifre' located by 'By.xpath: //*[@id = 'Password']' in '30' second(s)

2021-10-15 17:30:27 - [MESSAGE][INFO] - Smart Wait Function is triggered

2021-10-15 17:30:27 - [MESSAGE][INFO] - Found 1 web elements with id: 'Object Repository/Sayfalar/Giris_Sayfasi/Sifre' located by 'By.xpath: //*[@id = 'Password']' in '30' second(s)

2021-10-15 17:30:27 - [MESSAGE][PASSED] - Keys '123456' sent to object: 'Object Repository/Sayfalar/Giris_Sayfasi/Sifre'

2021-10-15 17:30:27 - [TEST_STEP][PASSED] - findWebElement(findTestObject("Sayfalar/Giris_Sayfasi/Giris_Butonu")).click(): Found 1 web elements with id: 'Object Repository/Sayfalar/Giris_Sayfasi/Giris_Butonu' located by 'By.cssSelector: #btnLogin' in '30' second(s)

2021-10-15 17:30:27 - [MESSAGE][INFO] - Finding Test Object 'Object Repository/Sayfalar/Giris_Sayfasi/Giris_Butonu'

2021-10-15 17:30:27 - [MESSAGE][INFO] - Finding web element from Test Object's properties

2021-10-15 17:30:27 - [MESSAGE][INFO] - Checking timeout

2021-10-15 17:30:27 - [MESSAGE][INFO] - Finding web element with id: 'Object Repository/Sayfalar/Giris_Sayfasi/Giris_Butonu' located by 'By.cssSelector: #btnLogin' in '30' second(s)

2021-10-15 17:30:27 - [MESSAGE][INFO] - Smart Wait Function is triggered

2021-10-15 17:30:27 - [MESSAGE][INFO] - Found 1 web elements with id: 'Object Repository/Sayfalar/Giris_Sayfasi/Giris_Butonu' located by 'By.cssSelector: #btnLogin' in '30' second(s)

2021-10-15 17:30:30 - [TEST_STEP][PASSED] - if (verifyElementPresent(findTestObject("Object Repository/Sayfalar/Giris_Sayfasi/RetveTamam_Butonu"), 5, OPTIONAL)): null

2021-10-15 17:30:30 - [MESSAGE][INFO] - Finding Test Object 'Object Repository/Sayfalar/Giris_Sayfasi/RetveTamam_Butonu'

2021-10-15 17:30:30 - [MESSAGE][INFO] - Checking object

2021-10-15 17:30:30 - [MESSAGE][INFO] - Finding web element from Test Object's properties

2021-10-15 17:30:30 - [MESSAGE][INFO] - Checking timeout

2021-10-15 17:30:30 - [MESSAGE][INFO] - Finding web element with id: 'Object Repository/Sayfalar/Giris_Sayfasi/RetveTamam_Butonu' located by 'By.xpath: //*[@class = 'btn btn-default']' in '5' second(s)

2021-10-15 17:30:30 - [MESSAGE][INFO] - Smart Wait Function is triggered

2021-10-15 17:30:30 - [MESSAGE][INFO] - Found 1 web elements with id: 'Object Repository/Sayfalar/Giris_Sayfasi/RetveTamam_Butonu' located by 'By.xpath: //*[@class = 'btn btn-default']' in '5' second(s)

2021-10-15 17:30:30 - [MESSAGE][PASSED] - Object 'Object Repository/Sayfalar/Giris_Sayfasi/RetveTamam_Butonu' is present

2021-10-15 17:30:30 - [TEST_STEP][PASSED] - click(findTestObject("Object Repository/Sayfalar/Giris_Sayfasi/RetveTamam_Butonu")): Object: 'Object Repository/Sayfalar/Giris_Sayfasi/RetveTamam_Butonu' is clicked on

2021-10-15 17:30:30 - [MESSAGE][INFO] - Finding Test Object 'Object Repository/Sayfalar/Giris_Sayfasi/RetveTamam_Butonu'

2021-10-15 17:30:30 - [MESSAGE][INFO] - Checking object

2021-10-15 17:30:30 - [MESSAGE][INFO] - Finding web element from Test Object's properties

2021-10-15 17:30:30 - [MESSAGE][INFO] - Checking timeout

2021-10-15 17:30:30 - [MESSAGE][INFO] - Finding web element with id: 'Object Repository/Sayfalar/Giris_Sayfasi/RetveTamam_Butonu' located by 'By.xpath: //*[@class = 'btn btn-default']' in '30' second(s)

2021-10-15 17:30:30 - [MESSAGE][INFO] - Smart Wait Function is triggered

2021-10-15 17:30:31 - [MESSAGE][INFO] - Found 1 web elements with id: 'Object Repository/Sayfalar/Giris_Sayfasi/RetveTamam_Butonu' located by 'By.xpath: //*[@class = 'btn btn-default']' in '30' second(s)

2021-10-15 17:30:31 - [MESSAGE][INFO] - Clicking on object: 'Object Repository/Sayfalar/Giris_Sayfasi/RetveTamam_Butonu'

2021-10-15 17:30:31 - [MESSAGE][PASSED] - Object: 'Object Repository/Sayfalar/Giris_Sayfasi/RetveTamam_Butonu' is clicked on

2021-10-15 17:30:31 - [TEST_STEP][PASSED] - click(findTestObject("Object Repository/Sayfalar/Giris_Sayfasi/RetveTamam_Butonu")): Object: 'Object Repository/Sayfalar/Giris_Sayfasi/RetveTamam_Butonu' is clicked on

2021-10-15 17:30:31 - [MESSAGE][INFO] - Finding Test Object 'Object Repository/Sayfalar/Giris_Sayfasi/RetveTamam_Butonu'

2021-10-15 17:30:31 - [MESSAGE][INFO] - Checking object

2021-10-15 17:30:31 - [MESSAGE][INFO] - Finding web element from Test Object's properties

2021-10-15 17:30:31 - [MESSAGE][INFO] - Checking timeout

2021-10-15 17:30:31 - [MESSAGE][INFO] - Finding web element with id: 'Object Repository/Sayfalar/Giris_Sayfasi/RetveTamam_Butonu' located by 'By.xpath: //*[@class = 'btn btn-default']' in '30' second(s)

2021-10-15 17:30:31 - [MESSAGE][INFO] - Smart Wait Function is triggered

2021-10-15 17:30:36 - [MESSAGE][INFO] - Found 1 web elements with id: 'Object Repository/Sayfalar/Giris_Sayfasi/RetveTamam_Butonu' located by 'By.xpath: //*[@class = 'btn btn-default']' in '30' second(s)

2021-10-15 17:30:36 - [MESSAGE][INFO] - Clicking on object: 'Object Repository/Sayfalar/Giris_Sayfasi/RetveTamam_Butonu'

2021-10-15 17:30:36 - [MESSAGE][PASSED] - Object: 'Object Repository/Sayfalar/Giris_Sayfasi/RetveTamam_Butonu' is clicked on

2021-10-15 17:30:36 - [TEST_STEP][PASSED] - if (verifyElementPresent(findTestObject("Sayfalar/Giris_Sayfasi/PopupOK"), 5, OPTIONAL)): null

2021-10-15 17:30:36 - [MESSAGE][INFO] - Finding Test Object 'Object Repository/Sayfalar/Giris_Sayfasi/PopupOK'

2021-10-15 17:30:37 - [MESSAGE][INFO] - Checking object

2021-10-15 17:30:37 - [MESSAGE][INFO] - Finding web element from Test Object's properties

2021-10-15 17:30:37 - [MESSAGE][INFO] - Checking timeout

2021-10-15 17:30:37 - [MESSAGE][INFO] - Finding web element with id: 'Object Repository/Sayfalar/Giris_Sayfasi/PopupOK' located by 'By.cssSelector: .btn.btn-success' in '5' second(s)

2021-10-15 17:30:37 - [MESSAGE][INFO] - Smart Wait Function is triggered

2021-10-15 17:30:37 - [MESSAGE][INFO] - Found 1 web elements with id: 'Object Repository/Sayfalar/Giris_Sayfasi/PopupOK' located by 'By.cssSelector: .btn.btn-success' in '5' second(s)

2021-10-15 17:30:37 - [MESSAGE][PASSED] - Object 'Object Repository/Sayfalar/Giris_Sayfasi/PopupOK' is present

2021-10-15 17:30:37 - [TEST_STEP][PASSED] - click(findTestObject("Object Repository/Sayfalar/Giris_Sayfasi/PopupCarpiGiris")): Object: 'Object Repository/Sayfalar/Giris_Sayfasi/PopupCarpiGiris' is clicked on

2021-10-15 17:30:37 - [MESSAGE][INFO] - Finding Test Object 'Object Repository/Sayfalar/Giris_Sayfasi/PopupCarpiGiris'

2021-10-15 17:30:37 - [MESSAGE][INFO] - Checking object

2021-10-15 17:30:37 - [MESSAGE][INFO] - Finding web element from Test Object's properties

2021-10-15 17:30:37 - [MESSAGE][INFO] - Checking timeout

2021-10-15 17:30:37 - [MESSAGE][INFO] - Finding web element with id: 'Object Repository/Sayfalar/Giris_Sayfasi/PopupCarpiGiris' located by 'By.cssSelector: .bootbox-close-button.close' in '30' second(s)

2021-10-15 17:30:37 - [MESSAGE][INFO] - Smart Wait Function is triggered

2021-10-15 17:30:38 - [MESSAGE][INFO] - Found 1 web elements with id: 'Object Repository/Sayfalar/Giris_Sayfasi/PopupCarpiGiris' located by 'By.cssSelector: .bootbox-close-button.close' in '30' second(s)

2021-10-15 17:30:38 - [MESSAGE][INFO] - Clicking on object: 'Object Repository/Sayfalar/Giris_Sayfasi/PopupCarpiGiris'

2021-10-15 17:30:38 - [MESSAGE][PASSED] - Object: 'Object Repository/Sayfalar/Giris_Sayfasi/PopupCarpiGiris' is clicked on

2021-10-15 17:30:38 - [TEST_STEP][PASSED] - verifyElementVisible(findTestObject("Object Repository/Kullanici_Islemleri/KullaniciIslemleri")): Object 'Object Repository/Kullanici_Islemleri/KullaniciIslemleri' is visible

2021-10-15 17:30:38 - [MESSAGE][INFO] - Finding Test Object 'Object Repository/Kullanici_Islemleri/KullaniciIslemleri'

2021-10-15 17:30:38 - [MESSAGE][INFO] - Checking object

2021-10-15 17:30:38 - [MESSAGE][INFO] - Finding web element from Test Object's properties

2021-10-15 17:30:38 - [MESSAGE][INFO] - Checking timeout

2021-10-15 17:30:38 - [MESSAGE][INFO] - Finding web element with id: 'Object Repository/Kullanici_Islemleri/KullaniciIslemleri' located by 'By.cssSelector: .dropdown>a>img' in '30' second(s)

2021-10-15 17:30:38 - [MESSAGE][INFO] - Smart Wait Function is triggered

2021-10-15 17:30:38 - [MESSAGE][INFO] - Found 1 web elements with id: 'Object Repository/Kullanici_Islemleri/KullaniciIslemleri' located by 'By.cssSelector: .dropdown>a>img' in '30' second(s)

2021-10-15 17:30:38 - [MESSAGE][PASSED] - Object 'Object Repository/Kullanici_Islemleri/KullaniciIslemleri' is visible

2021-10-15 17:30:38 - [MESSAGE][PASSED] - Call Test Case 'Test Cases/Sayfalar/Giris_Sayfasi/Login' successfully

2021-10-15 17:30:38 - [MESSAGE][INFO] - Checking called Test Case

2021-10-15 17:30:38 - [MESSAGE][INFO] - Starting to call Test Case 'Test Cases/Menu/AnaMenuSecimi'

2021-10-15 17:30:39 - [TEST_CASE][PASSED] - Test Cases/Menu/AnaMenuSecimi: Test Cases/Menu/AnaMenuSecimi

2021-10-15 17:30:39 - [TEST_STEP][PASSED] - Method.TextDegerineEsitElementeTikla(findTestObject("Menu/Ana_Menu"), Ana_Menu): Method.TextDegerineEsitElementeTikla is PASSED

2021-10-15 17:30:39 - [MESSAGE][INFO] - Finding Test Object 'Object Repository/Menu/Ana_Menu'

2021-10-15 17:30:39 - [MESSAGE][INFO] - Checking timeout

2021-10-15 17:30:39 - [MESSAGE][INFO] - Finding web element with id: 'Object Repository/Menu/Ana_Menu' located by 'By.xpath: //*[@class = 'dropdown-toggle']' in '10' second(s)

2021-10-15 17:30:39 - [MESSAGE][INFO] - Smart Wait Function is triggered

2021-10-15 17:30:39 - [MESSAGE][INFO] - Found 14 web elements with id: 'Object Repository/Menu/Ana_Menu' located by 'By.xpath: //*[@class = 'dropdown-toggle']' in '10' second(s)

2021-10-15 17:30:39 - [MESSAGE][PASSED] - Method.TextDegerineEsitElementeTikla is PASSED

2021-10-15 17:30:39 - [MESSAGE][PASSED] - Call Test Case 'Test Cases/Menu/AnaMenuSecimi' successfully

2021-10-15 17:30:39 - [MESSAGE][INFO] - Checking called Test Case

2021-10-15 17:30:39 - [MESSAGE][INFO] - Starting to call Test Case 'Test Cases/Menu/AltMenuSecimi'

2021-10-15 17:30:39 - [TEST_CASE][PASSED] - Test Cases/Menu/AltMenuSecimi: Test Cases/Menu/AltMenuSecimi

2021-10-15 17:30:39 - [TEST_STEP][PASSED] - Method.TextDegerineEsitElementeTikla(findTestObject("Menu/Alt_Menu"), Alt_Menu): Method.TextDegerineEsitElementeTikla is PASSED

2021-10-15 17:30:39 - [MESSAGE][INFO] - Finding Test Object 'Object Repository/Menu/Alt_Menu'

2021-10-15 17:30:39 - [MESSAGE][INFO] - Checking timeout

2021-10-15 17:30:39 - [MESSAGE][INFO] - Finding web element with id: 'Object Repository/Menu/Alt_Menu' located by 'By.xpath: //li[@class='dropdown dropdown-large open']//li[@class='dropdown-element']' in '10' second(s)

2021-10-15 17:30:39 - [MESSAGE][INFO] - Smart Wait Function is triggered

2021-10-15 17:30:40 - [MESSAGE][INFO] - Found 1 web elements with id: 'Object Repository/Menu/Alt_Menu' located by 'By.xpath: //li[@class='dropdown dropdown-large open']//li[@class='dropdown-element']' in '10' second(s)

2021-10-15 17:30:42 - [MESSAGE][PASSED] - Method.TextDegerineEsitElementeTikla is PASSED

2021-10-15 17:30:42 - [MESSAGE][PASSED] - Call Test Case 'Test Cases/Menu/AltMenuSecimi' successfully

2021-10-15 17:30:42 - [MESSAGE][INFO] - Checking called Test Case

2021-10-15 17:30:42 - [MESSAGE][INFO] - Starting to call Test Case 'Test Cases/Sayfalar/Yetki_Yonetimi/SekmeSecilir'

2021-10-15 17:30:42 - [TEST_CASE][PASSED] - Test Cases/Sayfalar/Yetki_Yonetimi/SekmeSecilir: Test Cases/Sayfalar/Yetki_Yonetimi/SekmeSecilir

2021-10-15 17:30:42 - [TEST_STEP][PASSED] - Method.TextDegerineEsitElementeTikla(findTestObject("Object Repository/Sayfalar/Yetki_Yonetimi/Sekmeler"), Sekme): Method.TextDegerineEsitElementeTikla is PASSED

2021-10-15 17:30:42 - [MESSAGE][INFO] - Finding Test Object 'Object Repository/Sayfalar/Yetki_Yonetimi/Sekmeler'

2021-10-15 17:30:42 - [MESSAGE][INFO] - Checking timeout

2021-10-15 17:30:42 - [MESSAGE][INFO] - Finding web element with id: 'Object Repository/Sayfalar/Yetki_Yonetimi/Sekmeler' located by 'By.cssSelector: #pcFeatures_TC>li[class="dxtc-tab"] span,#pcFeatures_TC>li[class="dxtc-activeTab dxtc-lead"] span' in '10' second(s)

2021-10-15 17:30:42 - [MESSAGE][INFO] - Smart Wait Function is triggered

2021-10-15 17:30:42 - [MESSAGE][INFO] - Found 3 web elements with id: 'Object Repository/Sayfalar/Yetki_Yonetimi/Sekmeler' located by 'By.cssSelector: #pcFeatures_TC>li[class="dxtc-tab"] span,#pcFeatures_TC>li[class="dxtc-activeTab dxtc-lead"] span' in '10' second(s)

2021-10-15 17:30:42 - [MESSAGE][PASSED] - Method.TextDegerineEsitElementeTikla is PASSED

2021-10-15 17:30:42 - [MESSAGE][PASSED] - Call Test Case 'Test Cases/Sayfalar/Yetki_Yonetimi/SekmeSecilir' successfully

2021-10-15 17:30:42 - [MESSAGE][INFO] - Checking called Test Case

2021-10-15 17:30:42 - [MESSAGE][INFO] - Starting to call Test Case 'Test Cases/Filtreler/ButonaTikla'

2021-10-15 17:30:42 - [TEST_CASE][PASSED] - Test Cases/Filtreler/ButonaTikla: Test Cases/Filtreler/ButonaTikla

2021-10-15 17:30:42 - [TEST_STEP][PASSED] - Method.TextDegerineEsitElementeTikla(findTestObject("Filtreler/Butonlar"), Filtre_Buton): Method.TextDegerineEsitElementeTikla is PASSED

2021-10-15 17:30:42 - [MESSAGE][INFO] - Finding Test Object 'Object Repository/Filtreler/Butonlar'

2021-10-15 17:30:42 - [MESSAGE][INFO] - Checking timeout

2021-10-15 17:30:42 - [MESSAGE][INFO] - Finding web element with id: 'Object Repository/Filtreler/Butonlar' located by 'By.cssSelector: .dxb>span' in '10' second(s)

2021-10-15 17:30:42 - [MESSAGE][INFO] - Smart Wait Function is triggered

2021-10-15 17:30:43 - [MESSAGE][INFO] - Found 6 web elements with id: 'Object Repository/Filtreler/Butonlar' located by 'By.cssSelector: .dxb>span' in '10' second(s)

2021-10-15 17:30:43 - [MESSAGE][PASSED] - Method.TextDegerineEsitElementeTikla is PASSED

2021-10-15 17:30:43 - [MESSAGE][PASSED] - Call Test Case 'Test Cases/Filtreler/ButonaTikla' successfully

2021-10-15 17:30:43 - [MESSAGE][INFO] - Checking called Test Case

2021-10-15 17:30:43 - [MESSAGE][INFO] - Starting to call Test Case 'Test Cases/Tablo/TablodaVeriVarMi'

2021-10-15 17:30:43 - [TEST_CASE][PASSED] - Test Cases/Tablo/TablodaVeriVarMi: Test Cases/Tablo/TablodaVeriVarMi

2021-10-15 17:30:43 - [TEST_STEP][PASSED] - verifyTextNotPresent("Görüntülenecek veri yok", true): Text 'Görüntülenecek veri yok' is not present on page using regular expression

2021-10-15 17:30:43 - [MESSAGE][INFO] - Checking text present  using regular expression

2021-10-15 17:30:43 - [MESSAGE][INFO] - Smart Wait Function is triggered

2021-10-15 17:30:44 - [MESSAGE][INFO] - Finding text 'Görüntülenecek veri yok' on page  using regular expression

2021-10-15 17:30:44 - [MESSAGE][PASSED] - Text 'Görüntülenecek veri yok' is not present on page using regular expression

2021-10-15 17:30:44 - [MESSAGE][PASSED] - Call Test Case 'Test Cases/Tablo/TablodaVeriVarMi' successfully

2021-10-15 17:30:44 - [MESSAGE][INFO] - Checking called Test Case

2021-10-15 17:30:44 - [MESSAGE][INFO] - Starting to call Test Case 'Test Cases/Tablo/TablodanVeriSec'

2021-10-15 17:30:44 - [TEST_CASE][PASSED] - Test Cases/Tablo/TablodanVeriSec: Test Cases/Tablo/TablodanVeriSec

2021-10-15 17:30:44 - [TEST_STEP][PASSED] - Method.TextDegerineEsitElementinAltindakineTikla(findTestObject("Tablo/Veriler"), findTestObject("Tablo/VerininCheckBoxi"), Veri_Adi): Method.TextDegerineEsitElementinAltindakineTikla is PASSED

2021-10-15 17:30:44 - [MESSAGE][INFO] - Finding Test Object 'Object Repository/Tablo/Veriler'

2021-10-15 17:30:44 - [MESSAGE][INFO] - Finding Test Object 'Object Repository/Tablo/VerininCheckBoxi'

2021-10-15 17:30:44 - [MESSAGE][INFO] - Checking timeout

2021-10-15 17:30:44 - [MESSAGE][INFO] - Finding web element with id: 'Object Repository/Tablo/Veriler' located by 'By.cssSelector: td.dxgv b ,td.dxgv' in '10' second(s)

2021-10-15 17:30:44 - [MESSAGE][INFO] - Smart Wait Function is triggered

2021-10-15 17:30:45 - [MESSAGE][INFO] - Found 22 web elements with id: 'Object Repository/Tablo/Veriler' located by 'By.cssSelector: td.dxgv b ,td.dxgv' in '10' second(s)

2021-10-15 17:30:45 - [MESSAGE][INFO] - Smart Wait Function is triggered

2021-10-15 17:30:45 - [MESSAGE][PASSED] - Method.TextDegerineEsitElementinAltindakineTikla is PASSED

2021-10-15 17:30:45 - [MESSAGE][PASSED] - Call Test Case 'Test Cases/Tablo/TablodanVeriSec' successfully

2021-10-15 17:30:45 - [MESSAGE][INFO] - Checking called Test Case

2021-10-15 17:30:45 - [MESSAGE][INFO] - Starting to call Test Case 'Test Cases/Butonlar/ButonaTikla'

2021-10-15 17:30:45 - [TEST_CASE][PASSED] - Test Cases/Butonlar/ButonaTikla: Test Cases/Butonlar/ButonaTikla

2021-10-15 17:30:45 - [TEST_STEP][PASSED] - Method.TextDegerineEsitElementeTiklaEquals(findTestObject("Butonlar/Butonlar"), Buton_Adi): Method.TextDegerineEsitElementeTiklaEquals is PASSED

2021-10-15 17:30:45 - [MESSAGE][INFO] - Finding Test Object 'Object Repository/Butonlar/Butonlar'

2021-10-15 17:30:45 - [MESSAGE][INFO] - Checking timeout

2021-10-15 17:30:45 - [MESSAGE][INFO] - Finding web element with id: 'Object Repository/Butonlar/Butonlar' located by 'By.cssSelector: .panel.panel-default.text-center.footerPanel .btn,.btn.btn-primary.btnControls' in '10' second(s)

2021-10-15 17:30:45 - [MESSAGE][INFO] - Smart Wait Function is triggered

2021-10-15 17:30:45 - [MESSAGE][INFO] - Found 12 web elements with id: 'Object Repository/Butonlar/Butonlar' located by 'By.cssSelector: .panel.panel-default.text-center.footerPanel .btn,.btn.btn-primary.btnControls' in '10' second(s)

2021-10-15 17:30:46 - [MESSAGE][PASSED] - Method.TextDegerineEsitElementeTiklaEquals is PASSED

2021-10-15 17:30:46 - [MESSAGE][PASSED] - Call Test Case 'Test Cases/Butonlar/ButonaTikla' successfully

2021-10-15 17:30:46 - [MESSAGE][INFO] - Checking called Test Case

2021-10-15 17:30:46 - [MESSAGE][INFO] - Starting to call Test Case 'Test Cases/Sayfalar/Yetki_Yonetimi/KuralSilinir'

2021-10-15 17:30:46 - [TEST_CASE][PASSED] - Test Cases/Sayfalar/Yetki_Yonetimi/KuralSilinir: Test Cases/Sayfalar/Yetki_Yonetimi/KuralSilinir

2021-10-15 17:30:47 - [TEST_STEP][PASSED] - switchToFrame(findTestObject("Object Repository/Sayfalar/Yetki_Yonetimi/Kural_Tanimlama/frame"), 10): Switched to iframe: 'Object Repository/Sayfalar/Yetki_Yonetimi/Kural_Tanimlama/frame'

2021-10-15 17:30:47 - [MESSAGE][INFO] - Finding Test Object 'Object Repository/Sayfalar/Yetki_Yonetimi/Kural_Tanimlama/frame'

2021-10-15 17:30:47 - [MESSAGE][INFO] - Switching to iframe: 'Object Repository/Sayfalar/Yetki_Yonetimi/Kural_Tanimlama/frame'

2021-10-15 17:30:47 - [MESSAGE][INFO] - Finding web element from Test Object's properties

2021-10-15 17:30:47 - [MESSAGE][INFO] - Checking timeout

2021-10-15 17:30:47 - [MESSAGE][INFO] - Finding web element with id: 'Object Repository/Sayfalar/Yetki_Yonetimi/Kural_Tanimlama/frame' located by 'By.xpath: //*[@id = 'departmentruleframe']' in '10' second(s)

2021-10-15 17:30:47 - [MESSAGE][INFO] - Smart Wait Function is triggered

2021-10-15 17:30:47 - [MESSAGE][INFO] - Found 1 web elements with id: 'Object Repository/Sayfalar/Yetki_Yonetimi/Kural_Tanimlama/frame' located by 'By.xpath: //*[@id = 'departmentruleframe']' in '10' second(s)

2021-10-15 17:30:47 - [MESSAGE][INFO] - Switched to iframe: 'Object Repository/Sayfalar/Yetki_Yonetimi/Kural_Tanimlama/frame'

2021-10-15 17:30:47 - [TEST_STEP][PASSED] - waitForElementClickable(findTestObject("Object Repository/Sayfalar/Yetki_Yonetimi/Kural_Tanimlama/sil"), 10): Object 'Object Repository/Sayfalar/Yetki_Yonetimi/Kural_Tanimlama/sil' is clickable

2021-10-15 17:30:47 - [MESSAGE][INFO] - Finding Test Object 'Object Repository/Sayfalar/Yetki_Yonetimi/Kural_Tanimlama/sil'

2021-10-15 17:30:47 - [MESSAGE][INFO] - Checking object

2021-10-15 17:30:47 - [MESSAGE][INFO] - Checking timeout

2021-10-15 17:30:47 - [MESSAGE][INFO] - Finding web element from Test Object's properties

2021-10-15 17:30:47 - [MESSAGE][INFO] - Checking timeout

2021-10-15 17:30:47 - [MESSAGE][INFO] - Finding web element with id: 'Object Repository/Sayfalar/Yetki_Yonetimi/Kural_Tanimlama/sil' located by 'By.cssSelector: .fa.fa-trash-o.fa-lg.text-danger' in '10' second(s)

2021-10-15 17:30:47 - [MESSAGE][INFO] - Smart Wait Function is triggered

2021-10-15 17:30:47 - [MESSAGE][INFO] - Found 1 web elements with id: 'Object Repository/Sayfalar/Yetki_Yonetimi/Kural_Tanimlama/sil' located by 'By.cssSelector: .fa.fa-trash-o.fa-lg.text-danger' in '10' second(s)

2021-10-15 17:30:47 - [MESSAGE][PASSED] - Object 'Object Repository/Sayfalar/Yetki_Yonetimi/Kural_Tanimlama/sil' is clickable

2021-10-15 17:30:47 - [TEST_STEP][PASSED] - click(findTestObject("Object Repository/Sayfalar/Yetki_Yonetimi/Kural_Tanimlama/sil")): Object: 'Object Repository/Sayfalar/Yetki_Yonetimi/Kural_Tanimlama/sil' is clicked on

2021-10-15 17:30:47 - [MESSAGE][INFO] - Finding Test Object 'Object Repository/Sayfalar/Yetki_Yonetimi/Kural_Tanimlama/sil'

2021-10-15 17:30:47 - [MESSAGE][INFO] - Checking object

2021-10-15 17:30:47 - [MESSAGE][INFO] - Finding web element from Test Object's properties

2021-10-15 17:30:47 - [MESSAGE][INFO] - Checking timeout

2021-10-15 17:30:47 - [MESSAGE][INFO] - Finding web element with id: 'Object Repository/Sayfalar/Yetki_Yonetimi/Kural_Tanimlama/sil' located by 'By.cssSelector: .fa.fa-trash-o.fa-lg.text-danger' in '30' second(s)

2021-10-15 17:30:47 - [MESSAGE][INFO] - Smart Wait Function is triggered

2021-10-15 17:30:47 - [MESSAGE][INFO] - Found 1 web elements with id: 'Object Repository/Sayfalar/Yetki_Yonetimi/Kural_Tanimlama/sil' located by 'By.cssSelector: .fa.fa-trash-o.fa-lg.text-danger' in '30' second(s)

2021-10-15 17:30:47 - [MESSAGE][INFO] - Clicking on object: 'Object Repository/Sayfalar/Yetki_Yonetimi/Kural_Tanimlama/sil'

2021-10-15 17:30:47 - [MESSAGE][PASSED] - Object: 'Object Repository/Sayfalar/Yetki_Yonetimi/Kural_Tanimlama/sil' is clicked on

2021-10-15 17:30:47 - [TEST_STEP][PASSED] - switchToDefaultContent(): Switching to default content

2021-10-15 17:30:47 - [MESSAGE][INFO] - Switching to default content

2021-10-15 17:30:47 - [TEST_STEP][PASSED] - waitForElementClickable(findTestObject("Object Repository/Sayfalar/Yetki_Yonetimi/Kural_Tanimlama/Kapat"), 10): Object 'Object Repository/Sayfalar/Yetki_Yonetimi/Kural_Tanimlama/Kapat' is clickable

2021-10-15 17:30:47 - [MESSAGE][INFO] - Finding Test Object 'Object Repository/Sayfalar/Yetki_Yonetimi/Kural_Tanimlama/Kapat'

2021-10-15 17:30:48 - [MESSAGE][INFO] - Checking object

2021-10-15 17:30:48 - [MESSAGE][INFO] - Checking timeout

2021-10-15 17:30:48 - [MESSAGE][INFO] - Finding web element from Test Object's properties

2021-10-15 17:30:48 - [MESSAGE][INFO] - Checking timeout

2021-10-15 17:30:48 - [MESSAGE][INFO] - Finding web element with id: 'Object Repository/Sayfalar/Yetki_Yonetimi/Kural_Tanimlama/Kapat' located by 'By.cssSelector: #departmentRule span' in '10' second(s)

2021-10-15 17:30:48 - [MESSAGE][INFO] - Smart Wait Function is triggered

2021-10-15 17:30:48 - [MESSAGE][INFO] - Found 1 web elements with id: 'Object Repository/Sayfalar/Yetki_Yonetimi/Kural_Tanimlama/Kapat' located by 'By.cssSelector: #departmentRule span' in '10' second(s)

2021-10-15 17:30:48 - [MESSAGE][PASSED] - Object 'Object Repository/Sayfalar/Yetki_Yonetimi/Kural_Tanimlama/Kapat' is clickable

2021-10-15 17:30:48 - [TEST_STEP][PASSED] - click(findTestObject("Object Repository/Sayfalar/Yetki_Yonetimi/Kural_Tanimlama/Kapat")): Object: 'Object Repository/Sayfalar/Yetki_Yonetimi/Kural_Tanimlama/Kapat' is clicked on

2021-10-15 17:30:48 - [MESSAGE][INFO] - Finding Test Object 'Object Repository/Sayfalar/Yetki_Yonetimi/Kural_Tanimlama/Kapat'

2021-10-15 17:30:48 - [MESSAGE][INFO] - Checking object

2021-10-15 17:30:48 - [MESSAGE][INFO] - Finding web element from Test Object's properties

2021-10-15 17:30:48 - [MESSAGE][INFO] - Checking timeout

2021-10-15 17:30:48 - [MESSAGE][INFO] - Finding web element with id: 'Object Repository/Sayfalar/Yetki_Yonetimi/Kural_Tanimlama/Kapat' located by 'By.cssSelector: #departmentRule span' in '30' second(s)

2021-10-15 17:30:48 - [MESSAGE][INFO] - Smart Wait Function is triggered

2021-10-15 17:30:48 - [MESSAGE][INFO] - Found 1 web elements with id: 'Object Repository/Sayfalar/Yetki_Yonetimi/Kural_Tanimlama/Kapat' located by 'By.cssSelector: #departmentRule span' in '30' second(s)

2021-10-15 17:30:48 - [MESSAGE][INFO] - Clicking on object: 'Object Repository/Sayfalar/Yetki_Yonetimi/Kural_Tanimlama/Kapat'

2021-10-15 17:30:48 - [MESSAGE][PASSED] - Object: 'Object Repository/Sayfalar/Yetki_Yonetimi/Kural_Tanimlama/Kapat' is clicked on

2021-10-15 17:30:48 - [MESSAGE][PASSED] - Call Test Case 'Test Cases/Sayfalar/Yetki_Yonetimi/KuralSilinir' successfully

2021-10-15 17:30:48 - [MESSAGE][INFO] - Checking called Test Case

2021-10-15 17:30:48 - [MESSAGE][INFO] - Starting to call Test Case 'Test Cases/Kullanici_Islemleri/KullaniciIslemlerindenSecimYapilir'

2021-10-15 17:30:48 - [TEST_CASE][PASSED] - Test Cases/Kullanici_Islemleri/KullaniciIslemlerindenSecimYapilir: Test Cases/Kullanici_Islemleri/KullaniciIslemlerindenSecimYapilir

2021-10-15 17:30:48 - [TEST_STEP][PASSED] - waitForElementClickable(findTestObject("Object Repository/Kullanici_Islemleri/KullaniciIslemleri"), 10): Object 'Object Repository/Kullanici_Islemleri/KullaniciIslemleri' is clickable

2021-10-15 17:30:48 - [MESSAGE][INFO] - Finding Test Object 'Object Repository/Kullanici_Islemleri/KullaniciIslemleri'

2021-10-15 17:30:48 - [MESSAGE][INFO] - Checking object

2021-10-15 17:30:48 - [MESSAGE][INFO] - Checking timeout

2021-10-15 17:30:48 - [MESSAGE][INFO] - Finding web element from Test Object's properties

2021-10-15 17:30:48 - [MESSAGE][INFO] - Checking timeout

2021-10-15 17:30:48 - [MESSAGE][INFO] - Finding web element with id: 'Object Repository/Kullanici_Islemleri/KullaniciIslemleri' located by 'By.cssSelector: .dropdown>a>img' in '10' second(s)

2021-10-15 17:30:48 - [MESSAGE][INFO] - Smart Wait Function is triggered

2021-10-15 17:30:49 - [MESSAGE][INFO] - Found 1 web elements with id: 'Object Repository/Kullanici_Islemleri/KullaniciIslemleri' located by 'By.cssSelector: .dropdown>a>img' in '10' second(s)

2021-10-15 17:30:49 - [MESSAGE][PASSED] - Object 'Object Repository/Kullanici_Islemleri/KullaniciIslemleri' is clickable

2021-10-15 17:30:49 - [TEST_STEP][PASSED] - click(findTestObject("Object Repository/Kullanici_Islemleri/KullaniciIslemleri")): Object: 'Object Repository/Kullanici_Islemleri/KullaniciIslemleri' is clicked on

2021-10-15 17:30:49 - [MESSAGE][INFO] - Finding Test Object 'Object Repository/Kullanici_Islemleri/KullaniciIslemleri'

2021-10-15 17:30:49 - [MESSAGE][INFO] - Checking object

2021-10-15 17:30:49 - [MESSAGE][INFO] - Finding web element from Test Object's properties

2021-10-15 17:30:49 - [MESSAGE][INFO] - Checking timeout

2021-10-15 17:30:49 - [MESSAGE][INFO] - Finding web element with id: 'Object Repository/Kullanici_Islemleri/KullaniciIslemleri' located by 'By.cssSelector: .dropdown>a>img' in '30' second(s)

2021-10-15 17:30:49 - [MESSAGE][INFO] - Smart Wait Function is triggered

2021-10-15 17:30:49 - [MESSAGE][INFO] - Found 1 web elements with id: 'Object Repository/Kullanici_Islemleri/KullaniciIslemleri' located by 'By.cssSelector: .dropdown>a>img' in '30' second(s)

2021-10-15 17:30:49 - [MESSAGE][INFO] - Clicking on object: 'Object Repository/Kullanici_Islemleri/KullaniciIslemleri'

2021-10-15 17:30:49 - [MESSAGE][PASSED] - Object: 'Object Repository/Kullanici_Islemleri/KullaniciIslemleri' is clicked on

2021-10-15 17:30:49 - [TEST_STEP][PASSED] - Method.TextDegerineEsitElementeTikla(findTestObject("Object Repository/Kullanici_Islemleri/Secenekler"), Islem): Method.TextDegerineEsitElementeTikla is PASSED

2021-10-15 17:30:49 - [MESSAGE][INFO] - Finding Test Object 'Object Repository/Kullanici_Islemleri/Secenekler'

2021-10-15 17:30:49 - [MESSAGE][INFO] - Checking timeout

2021-10-15 17:30:49 - [MESSAGE][INFO] - Finding web element with id: 'Object Repository/Kullanici_Islemleri/Secenekler' located by 'By.cssSelector: .nav.navbar-nav.navbar-right li a' in '10' second(s)

2021-10-15 17:30:49 - [MESSAGE][INFO] - Smart Wait Function is triggered

2021-10-15 17:30:49 - [MESSAGE][INFO] - Found 22 web elements with id: 'Object Repository/Kullanici_Islemleri/Secenekler' located by 'By.cssSelector: .nav.navbar-nav.navbar-right li a' in '10' second(s)

2021-10-15 17:30:51 - [MESSAGE][PASSED] - Method.TextDegerineEsitElementeTikla is PASSED

2021-10-15 17:30:51 - [TEST_STEP][PASSED] - verifyElementNotPresent(findTestObject("Object Repository/Kullanici_Islemleri/Secenekler"), 10): Web element with id: 'Object Repository/Kullanici_Islemleri/Secenekler' located by 'By.cssSelector: .nav.navbar-nav.navbar-right li a' is not present after '10' second(s)

2021-10-15 17:30:51 - [MESSAGE][INFO] - Finding Test Object 'Object Repository/Kullanici_Islemleri/Secenekler'

2021-10-15 17:30:51 - [MESSAGE][INFO] - Checking object

2021-10-15 17:30:51 - [MESSAGE][INFO] - Checking timeout

2021-10-15 17:30:51 - [MESSAGE][INFO] - Finding web element with id: 'Object Repository/Kullanici_Islemleri/Secenekler' located by 'By.cssSelector: .nav.navbar-nav.navbar-right li a' in '10' second(s)

2021-10-15 17:30:51 - [MESSAGE][INFO] - Smart Wait Function is triggered

2021-10-15 17:30:51 - [MESSAGE][PASSED] - Web element with id: 'Object Repository/Kullanici_Islemleri/Secenekler' located by 'By.cssSelector: .nav.navbar-nav.navbar-right li a' is not present after '10' second(s)

2021-10-15 17:30:51 - [MESSAGE][PASSED] - Call Test Case 'Test Cases/Kullanici_Islemleri/KullaniciIslemlerindenSecimYapilir' successfully

2021-10-15 17:30:51 - [TEST_CASE][PASSED] - Start Test Case : SCENARIO Kural silme: SCENARIO Kural silme

2021-10-15 17:30:51 - [TEST_STEP][PASSED] - Kullanıcı adı ELOGO6 ve Şifre 123456 olarak giriş yapılır: Kullanıcı adı ELOGO6 ve Şifre 123456 olarak giriş yapılır

2021-10-15 17:30:51 - [MESSAGE][PASSED] - Kullanıcı adı ELOGO6 ve Şifre 123456 olarak giriş yapılır

2021-10-15 17:30:51 - [TEST_STEP][PASSED] - Ana menüden Firma Yönetimi seçilir: Ana menüden Firma Yönetimi seçilir

2021-10-15 17:30:51 - [MESSAGE][PASSED] - Ana menüden Firma Yönetimi seçilir

2021-10-15 17:30:51 - [TEST_STEP][PASSED] - Alt menüden Yetki Yönetimi seçilir: Alt menüden Yetki Yönetimi seçilir

2021-10-15 17:30:51 - [MESSAGE][PASSED] - Alt menüden Yetki Yönetimi seçilir

2021-10-15 17:30:51 - [TEST_STEP][PASSED] - Sekmelerden Departman Tanımları seçilir: Sekmelerden Departman Tanımları seçilir

2021-10-15 17:30:51 - [MESSAGE][PASSED] - Sekmelerden Departman Tanımları seçilir

2021-10-15 17:30:51 - [TEST_STEP][PASSED] - Filtre butonlarından Listele seçilir: Filtre butonlarından Listele seçilir

2021-10-15 17:30:51 - [MESSAGE][PASSED] - Filtre butonlarından Listele seçilir

2021-10-15 17:30:51 - [TEST_STEP][PASSED] - Tabloda veri var mı kontrol edilir: Tabloda veri var mı kontrol edilir

2021-10-15 17:30:51 - [MESSAGE][PASSED] - Tabloda veri var mı kontrol edilir

2021-10-15 17:30:51 - [TEST_STEP][PASSED] - Tablodan VirgosolDepartman isimli veri seçilir: Tablodan VirgosolDepartman isimli veri seçilir

2021-10-15 17:30:51 - [MESSAGE][PASSED] - Tablodan VirgosolDepartman isimli veri seçilir

2021-10-15 17:30:51 - [TEST_STEP][PASSED] - Butonlardan Kural Tanımla isimli butona tıklanır: Butonlardan Kural Tanımla isimli butona tıklanır

2021-10-15 17:30:51 - [MESSAGE][PASSED] - Butonlardan Kural Tanımla isimli butona tıklanır

2021-10-15 17:30:51 - [TEST_STEP][PASSED] - Kural silinir: Kural silinir

2021-10-15 17:30:51 - [MESSAGE][PASSED] - Kural silinir

2021-10-15 17:30:51 - [TEST_STEP][PASSED] - Kullanıcı işlemlerinden Çıkış seçilir: Kullanıcı işlemlerinden Çıkış seçilir

2021-10-15 17:30:51 - [MESSAGE][PASSED] - Kullanıcı işlemlerinden Çıkış seçilir

2021-10-15 17:30:51 - [MESSAGE][PASSED] - Feature file: 'Include/features/Firma Yonetimi/Yetki Yonetimi/Departman Tanimlari/Kural Tanimla/Kural Sil.feature' was passed

2021-10-15 17:30:51 - [TEST_STEP][PASSED] - Start listener action : sampleAfterTestSuite: Invoke 'com.kms.katalon.core.annotation.AfterTestCase' method: 'Listener.sampleAfterTestSuite(...)' completed.

2021-10-15 17:30:51 - [MESSAGE][INFO] - Starting invoke 'com.kms.katalon.core.annotation.AfterTestCase' method: 'Listener.sampleAfterTestSuite(...)'

2021-10-15 17:30:51 - [TEST_STEP][PASSED] - closeBrowser(): Invoke 'com.kms.katalon.core.annotation.AfterTestCase' method: 'Listener.sampleAfterTestSuite(...)' completed.

2021-10-15 17:30:51 - [MESSAGE][INFO] - Closing browser

2021-10-15 17:30:52 - [MESSAGE][PASSED] - Browser is closed

2021-10-15 17:30:52 - [MESSAGE][INFO] - Invoke 'com.kms.katalon.core.annotation.AfterTestCase' method: 'Listener.sampleAfterTestSuite(...)' completed.]]></system-out>
         <system-err><![CDATA[]]></system-err>
      </testcase>
      <testcase name="Test Cases/Case Repository/Firma Yonetimi/Yetki Yonetimi/Departman Tanimlari/Sil" time="33.53" classname="Test Cases/Case Repository/Firma Yonetimi/Yetki Yonetimi/Departman Tanimlari/Sil" status="PASSED">
         <system-out><![CDATA[2021-10-15 17:30:52 - [TEST_CASE][PASSED] - Test Cases/Case Repository/Firma Yonetimi/Yetki Yonetimi/Departman Tanimlari/Sil: Test Cases/Case Repository/Firma Yonetimi/Yetki Yonetimi/Departman Tanimlari/Sil

2021-10-15 17:30:52 - [TEST_STEP][PASSED] - Start listener action : sampleBeforeTestSuite: Invoke 'com.kms.katalon.core.annotation.BeforeTestCase' method: 'Listener.sampleBeforeTestSuite(...)' completed.

2021-10-15 17:30:52 - [MESSAGE][INFO] - Starting invoke 'com.kms.katalon.core.annotation.BeforeTestCase' method: 'Listener.sampleBeforeTestSuite(...)'

2021-10-15 17:30:52 - [TEST_STEP][PASSED] - openBrowser(baseUrl): Browser is opened with url: 'https://efatura-stage.elogo.com.tr/'

2021-10-15 17:30:52 - [MESSAGE][INFO] - Opening browser

2021-10-15 17:30:52 - [MESSAGE][INFO] - Starting 'Chrome' driver

2021-10-15 17:30:52 - [MESSAGE][INFO] - User set preference: ['prefs', '{download.default_directory=C:\otomasyondownfiles}']

2021-10-15 17:30:52 - [MESSAGE][INFO] - Action delay is set to 0 milliseconds

2021-10-15 17:30:53 - [MESSAGE][INFO] - Navigating browser to: 'https://efatura-stage.elogo.com.tr/'

2021-10-15 17:30:55 - [MESSAGE][PASSED] - Browser is opened with url: 'https://efatura-stage.elogo.com.tr/'

2021-10-15 17:30:55 - [TEST_STEP][PASSED] - maximizeWindow(): Invoke 'com.kms.katalon.core.annotation.BeforeTestCase' method: 'Listener.sampleBeforeTestSuite(...)' completed.

2021-10-15 17:30:55 - [MESSAGE][INFO] - Maximizing current window

2021-10-15 17:30:55 - [MESSAGE][PASSED] - Current window maximized

2021-10-15 17:30:55 - [MESSAGE][INFO] - Invoke 'com.kms.katalon.core.annotation.BeforeTestCase' method: 'Listener.sampleBeforeTestSuite(...)' completed.

2021-10-15 17:30:56 - [TEST_STEP][PASSED] - runFeatureFile("Include/features/Firma Yonetimi/Yetki Yonetimi/Departman Tanimlari/Sil.feature"): Feature file: 'Include/features/Firma Yonetimi/Yetki Yonetimi/Departman Tanimlari/Sil.feature' was passed

2021-10-15 17:30:56 - [MESSAGE][INFO] - Starting run keyword runFeatureFile: 'Include/features/Firma Yonetimi/Yetki Yonetimi/Departman Tanimlari/Sil.feature' and extract report to folder: 'C:\Users\DELL\Downloads\EES_Katalon-main\Reports\20211015_165642\Suite Repository\Firma_Yonetimi\20211015_165749/cucumber_report/1634308256418'...

2021-10-15 17:30:56 - [MESSAGE][INFO] - Glue: []

2021-10-15 17:30:57 - [MESSAGE][INFO] - Checking called Test Case

2021-10-15 17:30:57 - [MESSAGE][INFO] - Starting to call Test Case 'Test Cases/Sayfalar/Giris_Sayfasi/Login'

2021-10-15 17:30:57 - [TEST_CASE][PASSED] - Test Cases/Sayfalar/Giris_Sayfasi/Login: Test Cases/Sayfalar/Giris_Sayfasi/Login

2021-10-15 17:30:57 - [TEST_STEP][PASSED] - Sayfa_Basligi = getWindowTitle(): Current window's title is: 'LOGO e-Fatura'

2021-10-15 17:30:57 - [MESSAGE][INFO] - Getting current window's title

2021-10-15 17:30:57 - [MESSAGE][PASSED] - Current window's title is: 'LOGO e-Fatura'

2021-10-15 17:30:57 - [TEST_STEP][PASSED] - verifyMatch(Sayfa_Basligi, "LOGO e-Fatura", false): Actual text 'LOGO e-Fatura' and expected text 'LOGO e-Fatura' are matched 

2021-10-15 17:30:57 - [MESSAGE][INFO] - Matching actual text 'LOGO e-Fatura' with expected text 'LOGO e-Fatura'

2021-10-15 17:30:57 - [MESSAGE][PASSED] - Actual text 'LOGO e-Fatura' and expected text 'LOGO e-Fatura' are matched 

2021-10-15 17:30:57 - [TEST_STEP][PASSED] - sendKeys(findTestObject("Sayfalar/Giris_Sayfasi/Firma_Kodu"), KullaniciAdi): Keys 'ELOGO6' sent to object: 'Object Repository/Sayfalar/Giris_Sayfasi/Firma_Kodu'

2021-10-15 17:30:57 - [MESSAGE][INFO] - Finding Test Object 'Object Repository/Sayfalar/Giris_Sayfasi/Firma_Kodu'

2021-10-15 17:30:57 - [MESSAGE][INFO] - Sending keys 'ELOGO6' to object: 'Object Repository/Sayfalar/Giris_Sayfasi/Firma_Kodu'

2021-10-15 17:30:57 - [MESSAGE][INFO] - Finding web element from Test Object's properties

2021-10-15 17:30:57 - [MESSAGE][INFO] - Checking timeout

2021-10-15 17:30:57 - [MESSAGE][INFO] - Finding web element with id: 'Object Repository/Sayfalar/Giris_Sayfasi/Firma_Kodu' located by 'By.xpath: //*[@id = 'AccountName']' in '30' second(s)

2021-10-15 17:30:57 - [MESSAGE][INFO] - Smart Wait Function is triggered

2021-10-15 17:30:57 - [MESSAGE][INFO] - Found 1 web elements with id: 'Object Repository/Sayfalar/Giris_Sayfasi/Firma_Kodu' located by 'By.xpath: //*[@id = 'AccountName']' in '30' second(s)

2021-10-15 17:30:57 - [MESSAGE][PASSED] - Keys 'ELOGO6' sent to object: 'Object Repository/Sayfalar/Giris_Sayfasi/Firma_Kodu'

2021-10-15 17:30:57 - [TEST_STEP][PASSED] - sendKeys(findTestObject("Sayfalar/Giris_Sayfasi/Sifre"), Sifre): Keys '123456' sent to object: 'Object Repository/Sayfalar/Giris_Sayfasi/Sifre'

2021-10-15 17:30:57 - [MESSAGE][INFO] - Finding Test Object 'Object Repository/Sayfalar/Giris_Sayfasi/Sifre'

2021-10-15 17:30:57 - [MESSAGE][INFO] - Sending keys '123456' to object: 'Object Repository/Sayfalar/Giris_Sayfasi/Sifre'

2021-10-15 17:30:57 - [MESSAGE][INFO] - Finding web element from Test Object's properties

2021-10-15 17:30:57 - [MESSAGE][INFO] - Checking timeout

2021-10-15 17:30:57 - [MESSAGE][INFO] - Finding web element with id: 'Object Repository/Sayfalar/Giris_Sayfasi/Sifre' located by 'By.xpath: //*[@id = 'Password']' in '30' second(s)

2021-10-15 17:30:57 - [MESSAGE][INFO] - Smart Wait Function is triggered

2021-10-15 17:30:58 - [MESSAGE][INFO] - Found 1 web elements with id: 'Object Repository/Sayfalar/Giris_Sayfasi/Sifre' located by 'By.xpath: //*[@id = 'Password']' in '30' second(s)

2021-10-15 17:30:58 - [MESSAGE][PASSED] - Keys '123456' sent to object: 'Object Repository/Sayfalar/Giris_Sayfasi/Sifre'

2021-10-15 17:30:58 - [TEST_STEP][PASSED] - findWebElement(findTestObject("Sayfalar/Giris_Sayfasi/Giris_Butonu")).click(): Found 1 web elements with id: 'Object Repository/Sayfalar/Giris_Sayfasi/Giris_Butonu' located by 'By.cssSelector: #btnLogin' in '30' second(s)

2021-10-15 17:30:58 - [MESSAGE][INFO] - Finding Test Object 'Object Repository/Sayfalar/Giris_Sayfasi/Giris_Butonu'

2021-10-15 17:30:58 - [MESSAGE][INFO] - Finding web element from Test Object's properties

2021-10-15 17:30:58 - [MESSAGE][INFO] - Checking timeout

2021-10-15 17:30:58 - [MESSAGE][INFO] - Finding web element with id: 'Object Repository/Sayfalar/Giris_Sayfasi/Giris_Butonu' located by 'By.cssSelector: #btnLogin' in '30' second(s)

2021-10-15 17:30:58 - [MESSAGE][INFO] - Smart Wait Function is triggered

2021-10-15 17:30:58 - [MESSAGE][INFO] - Found 1 web elements with id: 'Object Repository/Sayfalar/Giris_Sayfasi/Giris_Butonu' located by 'By.cssSelector: #btnLogin' in '30' second(s)

2021-10-15 17:31:00 - [TEST_STEP][PASSED] - if (verifyElementPresent(findTestObject("Object Repository/Sayfalar/Giris_Sayfasi/RetveTamam_Butonu"), 5, OPTIONAL)): null

2021-10-15 17:31:00 - [MESSAGE][INFO] - Finding Test Object 'Object Repository/Sayfalar/Giris_Sayfasi/RetveTamam_Butonu'

2021-10-15 17:31:01 - [MESSAGE][INFO] - Checking object

2021-10-15 17:31:01 - [MESSAGE][INFO] - Finding web element from Test Object's properties

2021-10-15 17:31:01 - [MESSAGE][INFO] - Checking timeout

2021-10-15 17:31:01 - [MESSAGE][INFO] - Finding web element with id: 'Object Repository/Sayfalar/Giris_Sayfasi/RetveTamam_Butonu' located by 'By.xpath: //*[@class = 'btn btn-default']' in '5' second(s)

2021-10-15 17:31:01 - [MESSAGE][INFO] - Smart Wait Function is triggered

2021-10-15 17:31:01 - [MESSAGE][INFO] - Found 1 web elements with id: 'Object Repository/Sayfalar/Giris_Sayfasi/RetveTamam_Butonu' located by 'By.xpath: //*[@class = 'btn btn-default']' in '5' second(s)

2021-10-15 17:31:01 - [MESSAGE][PASSED] - Object 'Object Repository/Sayfalar/Giris_Sayfasi/RetveTamam_Butonu' is present

2021-10-15 17:31:01 - [TEST_STEP][PASSED] - click(findTestObject("Object Repository/Sayfalar/Giris_Sayfasi/RetveTamam_Butonu")): Object: 'Object Repository/Sayfalar/Giris_Sayfasi/RetveTamam_Butonu' is clicked on

2021-10-15 17:31:01 - [MESSAGE][INFO] - Finding Test Object 'Object Repository/Sayfalar/Giris_Sayfasi/RetveTamam_Butonu'

2021-10-15 17:31:01 - [MESSAGE][INFO] - Checking object

2021-10-15 17:31:01 - [MESSAGE][INFO] - Finding web element from Test Object's properties

2021-10-15 17:31:01 - [MESSAGE][INFO] - Checking timeout

2021-10-15 17:31:01 - [MESSAGE][INFO] - Finding web element with id: 'Object Repository/Sayfalar/Giris_Sayfasi/RetveTamam_Butonu' located by 'By.xpath: //*[@class = 'btn btn-default']' in '30' second(s)

2021-10-15 17:31:01 - [MESSAGE][INFO] - Smart Wait Function is triggered

2021-10-15 17:31:01 - [MESSAGE][INFO] - Found 1 web elements with id: 'Object Repository/Sayfalar/Giris_Sayfasi/RetveTamam_Butonu' located by 'By.xpath: //*[@class = 'btn btn-default']' in '30' second(s)

2021-10-15 17:31:01 - [MESSAGE][INFO] - Clicking on object: 'Object Repository/Sayfalar/Giris_Sayfasi/RetveTamam_Butonu'

2021-10-15 17:31:01 - [MESSAGE][PASSED] - Object: 'Object Repository/Sayfalar/Giris_Sayfasi/RetveTamam_Butonu' is clicked on

2021-10-15 17:31:01 - [TEST_STEP][PASSED] - click(findTestObject("Object Repository/Sayfalar/Giris_Sayfasi/RetveTamam_Butonu")): Object: 'Object Repository/Sayfalar/Giris_Sayfasi/RetveTamam_Butonu' is clicked on

2021-10-15 17:31:01 - [MESSAGE][INFO] - Finding Test Object 'Object Repository/Sayfalar/Giris_Sayfasi/RetveTamam_Butonu'

2021-10-15 17:31:01 - [MESSAGE][INFO] - Checking object

2021-10-15 17:31:01 - [MESSAGE][INFO] - Finding web element from Test Object's properties

2021-10-15 17:31:01 - [MESSAGE][INFO] - Checking timeout

2021-10-15 17:31:01 - [MESSAGE][INFO] - Finding web element with id: 'Object Repository/Sayfalar/Giris_Sayfasi/RetveTamam_Butonu' located by 'By.xpath: //*[@class = 'btn btn-default']' in '30' second(s)

2021-10-15 17:31:01 - [MESSAGE][INFO] - Smart Wait Function is triggered

2021-10-15 17:31:08 - [MESSAGE][INFO] - Found 1 web elements with id: 'Object Repository/Sayfalar/Giris_Sayfasi/RetveTamam_Butonu' located by 'By.xpath: //*[@class = 'btn btn-default']' in '30' second(s)

2021-10-15 17:31:08 - [MESSAGE][INFO] - Clicking on object: 'Object Repository/Sayfalar/Giris_Sayfasi/RetveTamam_Butonu'

2021-10-15 17:31:08 - [MESSAGE][PASSED] - Object: 'Object Repository/Sayfalar/Giris_Sayfasi/RetveTamam_Butonu' is clicked on

2021-10-15 17:31:08 - [TEST_STEP][PASSED] - if (verifyElementPresent(findTestObject("Sayfalar/Giris_Sayfasi/PopupOK"), 5, OPTIONAL)): null

2021-10-15 17:31:08 - [MESSAGE][INFO] - Finding Test Object 'Object Repository/Sayfalar/Giris_Sayfasi/PopupOK'

2021-10-15 17:31:09 - [MESSAGE][INFO] - Checking object

2021-10-15 17:31:09 - [MESSAGE][INFO] - Finding web element from Test Object's properties

2021-10-15 17:31:09 - [MESSAGE][INFO] - Checking timeout

2021-10-15 17:31:09 - [MESSAGE][INFO] - Finding web element with id: 'Object Repository/Sayfalar/Giris_Sayfasi/PopupOK' located by 'By.cssSelector: .btn.btn-success' in '5' second(s)

2021-10-15 17:31:09 - [MESSAGE][INFO] - Smart Wait Function is triggered

2021-10-15 17:31:09 - [MESSAGE][INFO] - Found 1 web elements with id: 'Object Repository/Sayfalar/Giris_Sayfasi/PopupOK' located by 'By.cssSelector: .btn.btn-success' in '5' second(s)

2021-10-15 17:31:09 - [MESSAGE][PASSED] - Object 'Object Repository/Sayfalar/Giris_Sayfasi/PopupOK' is present

2021-10-15 17:31:09 - [TEST_STEP][PASSED] - click(findTestObject("Object Repository/Sayfalar/Giris_Sayfasi/PopupCarpiGiris")): Object: 'Object Repository/Sayfalar/Giris_Sayfasi/PopupCarpiGiris' is clicked on

2021-10-15 17:31:09 - [MESSAGE][INFO] - Finding Test Object 'Object Repository/Sayfalar/Giris_Sayfasi/PopupCarpiGiris'

2021-10-15 17:31:09 - [MESSAGE][INFO] - Checking object

2021-10-15 17:31:09 - [MESSAGE][INFO] - Finding web element from Test Object's properties

2021-10-15 17:31:09 - [MESSAGE][INFO] - Checking timeout

2021-10-15 17:31:09 - [MESSAGE][INFO] - Finding web element with id: 'Object Repository/Sayfalar/Giris_Sayfasi/PopupCarpiGiris' located by 'By.cssSelector: .bootbox-close-button.close' in '30' second(s)

2021-10-15 17:31:09 - [MESSAGE][INFO] - Smart Wait Function is triggered

2021-10-15 17:31:10 - [MESSAGE][INFO] - Found 1 web elements with id: 'Object Repository/Sayfalar/Giris_Sayfasi/PopupCarpiGiris' located by 'By.cssSelector: .bootbox-close-button.close' in '30' second(s)

2021-10-15 17:31:10 - [MESSAGE][INFO] - Clicking on object: 'Object Repository/Sayfalar/Giris_Sayfasi/PopupCarpiGiris'

2021-10-15 17:31:10 - [MESSAGE][PASSED] - Object: 'Object Repository/Sayfalar/Giris_Sayfasi/PopupCarpiGiris' is clicked on

2021-10-15 17:31:10 - [TEST_STEP][PASSED] - verifyElementVisible(findTestObject("Object Repository/Kullanici_Islemleri/KullaniciIslemleri")): Object 'Object Repository/Kullanici_Islemleri/KullaniciIslemleri' is visible

2021-10-15 17:31:10 - [MESSAGE][INFO] - Finding Test Object 'Object Repository/Kullanici_Islemleri/KullaniciIslemleri'

2021-10-15 17:31:10 - [MESSAGE][INFO] - Checking object

2021-10-15 17:31:10 - [MESSAGE][INFO] - Finding web element from Test Object's properties

2021-10-15 17:31:10 - [MESSAGE][INFO] - Checking timeout

2021-10-15 17:31:10 - [MESSAGE][INFO] - Finding web element with id: 'Object Repository/Kullanici_Islemleri/KullaniciIslemleri' located by 'By.cssSelector: .dropdown>a>img' in '30' second(s)

2021-10-15 17:31:10 - [MESSAGE][INFO] - Smart Wait Function is triggered

2021-10-15 17:31:10 - [MESSAGE][INFO] - Found 1 web elements with id: 'Object Repository/Kullanici_Islemleri/KullaniciIslemleri' located by 'By.cssSelector: .dropdown>a>img' in '30' second(s)

2021-10-15 17:31:11 - [MESSAGE][PASSED] - Object 'Object Repository/Kullanici_Islemleri/KullaniciIslemleri' is visible

2021-10-15 17:31:11 - [MESSAGE][PASSED] - Call Test Case 'Test Cases/Sayfalar/Giris_Sayfasi/Login' successfully

2021-10-15 17:31:11 - [MESSAGE][INFO] - Checking called Test Case

2021-10-15 17:31:11 - [MESSAGE][INFO] - Starting to call Test Case 'Test Cases/Menu/AnaMenuSecimi'

2021-10-15 17:31:11 - [TEST_CASE][PASSED] - Test Cases/Menu/AnaMenuSecimi: Test Cases/Menu/AnaMenuSecimi

2021-10-15 17:31:11 - [TEST_STEP][PASSED] - Method.TextDegerineEsitElementeTikla(findTestObject("Menu/Ana_Menu"), Ana_Menu): Method.TextDegerineEsitElementeTikla is PASSED

2021-10-15 17:31:11 - [MESSAGE][INFO] - Finding Test Object 'Object Repository/Menu/Ana_Menu'

2021-10-15 17:31:11 - [MESSAGE][INFO] - Checking timeout

2021-10-15 17:31:11 - [MESSAGE][INFO] - Finding web element with id: 'Object Repository/Menu/Ana_Menu' located by 'By.xpath: //*[@class = 'dropdown-toggle']' in '10' second(s)

2021-10-15 17:31:11 - [MESSAGE][INFO] - Smart Wait Function is triggered

2021-10-15 17:31:11 - [MESSAGE][INFO] - Found 14 web elements with id: 'Object Repository/Menu/Ana_Menu' located by 'By.xpath: //*[@class = 'dropdown-toggle']' in '10' second(s)

2021-10-15 17:31:12 - [MESSAGE][PASSED] - Method.TextDegerineEsitElementeTikla is PASSED

2021-10-15 17:31:12 - [MESSAGE][PASSED] - Call Test Case 'Test Cases/Menu/AnaMenuSecimi' successfully

2021-10-15 17:31:12 - [MESSAGE][INFO] - Checking called Test Case

2021-10-15 17:31:12 - [MESSAGE][INFO] - Starting to call Test Case 'Test Cases/Menu/AltMenuSecimi'

2021-10-15 17:31:12 - [TEST_CASE][PASSED] - Test Cases/Menu/AltMenuSecimi: Test Cases/Menu/AltMenuSecimi

2021-10-15 17:31:12 - [TEST_STEP][PASSED] - Method.TextDegerineEsitElementeTikla(findTestObject("Menu/Alt_Menu"), Alt_Menu): Method.TextDegerineEsitElementeTikla is PASSED

2021-10-15 17:31:12 - [MESSAGE][INFO] - Finding Test Object 'Object Repository/Menu/Alt_Menu'

2021-10-15 17:31:12 - [MESSAGE][INFO] - Checking timeout

2021-10-15 17:31:12 - [MESSAGE][INFO] - Finding web element with id: 'Object Repository/Menu/Alt_Menu' located by 'By.xpath: //li[@class='dropdown dropdown-large open']//li[@class='dropdown-element']' in '10' second(s)

2021-10-15 17:31:12 - [MESSAGE][INFO] - Smart Wait Function is triggered

2021-10-15 17:31:12 - [MESSAGE][INFO] - Found 1 web elements with id: 'Object Repository/Menu/Alt_Menu' located by 'By.xpath: //li[@class='dropdown dropdown-large open']//li[@class='dropdown-element']' in '10' second(s)

2021-10-15 17:31:15 - [MESSAGE][PASSED] - Method.TextDegerineEsitElementeTikla is PASSED

2021-10-15 17:31:15 - [MESSAGE][PASSED] - Call Test Case 'Test Cases/Menu/AltMenuSecimi' successfully

2021-10-15 17:31:15 - [MESSAGE][INFO] - Checking called Test Case

2021-10-15 17:31:15 - [MESSAGE][INFO] - Starting to call Test Case 'Test Cases/Sayfalar/Yetki_Yonetimi/SekmeSecilir'

2021-10-15 17:31:15 - [TEST_CASE][PASSED] - Test Cases/Sayfalar/Yetki_Yonetimi/SekmeSecilir: Test Cases/Sayfalar/Yetki_Yonetimi/SekmeSecilir

2021-10-15 17:31:15 - [TEST_STEP][PASSED] - Method.TextDegerineEsitElementeTikla(findTestObject("Object Repository/Sayfalar/Yetki_Yonetimi/Sekmeler"), Sekme): Method.TextDegerineEsitElementeTikla is PASSED

2021-10-15 17:31:15 - [MESSAGE][INFO] - Finding Test Object 'Object Repository/Sayfalar/Yetki_Yonetimi/Sekmeler'

2021-10-15 17:31:15 - [MESSAGE][INFO] - Checking timeout

2021-10-15 17:31:15 - [MESSAGE][INFO] - Finding web element with id: 'Object Repository/Sayfalar/Yetki_Yonetimi/Sekmeler' located by 'By.cssSelector: #pcFeatures_TC>li[class="dxtc-tab"] span,#pcFeatures_TC>li[class="dxtc-activeTab dxtc-lead"] span' in '10' second(s)

2021-10-15 17:31:15 - [MESSAGE][INFO] - Smart Wait Function is triggered

2021-10-15 17:31:15 - [MESSAGE][INFO] - Found 3 web elements with id: 'Object Repository/Sayfalar/Yetki_Yonetimi/Sekmeler' located by 'By.cssSelector: #pcFeatures_TC>li[class="dxtc-tab"] span,#pcFeatures_TC>li[class="dxtc-activeTab dxtc-lead"] span' in '10' second(s)

2021-10-15 17:31:15 - [MESSAGE][PASSED] - Method.TextDegerineEsitElementeTikla is PASSED

2021-10-15 17:31:15 - [MESSAGE][PASSED] - Call Test Case 'Test Cases/Sayfalar/Yetki_Yonetimi/SekmeSecilir' successfully

2021-10-15 17:31:15 - [MESSAGE][INFO] - Checking called Test Case

2021-10-15 17:31:15 - [MESSAGE][INFO] - Starting to call Test Case 'Test Cases/Filtreler/ButonaTikla'

2021-10-15 17:31:15 - [TEST_CASE][PASSED] - Test Cases/Filtreler/ButonaTikla: Test Cases/Filtreler/ButonaTikla

2021-10-15 17:31:15 - [TEST_STEP][PASSED] - Method.TextDegerineEsitElementeTikla(findTestObject("Filtreler/Butonlar"), Filtre_Buton): Method.TextDegerineEsitElementeTikla is PASSED

2021-10-15 17:31:15 - [MESSAGE][INFO] - Finding Test Object 'Object Repository/Filtreler/Butonlar'

2021-10-15 17:31:15 - [MESSAGE][INFO] - Checking timeout

2021-10-15 17:31:15 - [MESSAGE][INFO] - Finding web element with id: 'Object Repository/Filtreler/Butonlar' located by 'By.cssSelector: .dxb>span' in '10' second(s)

2021-10-15 17:31:15 - [MESSAGE][INFO] - Smart Wait Function is triggered

2021-10-15 17:31:16 - [MESSAGE][INFO] - Found 6 web elements with id: 'Object Repository/Filtreler/Butonlar' located by 'By.cssSelector: .dxb>span' in '10' second(s)

2021-10-15 17:31:16 - [MESSAGE][PASSED] - Method.TextDegerineEsitElementeTikla is PASSED

2021-10-15 17:31:16 - [MESSAGE][PASSED] - Call Test Case 'Test Cases/Filtreler/ButonaTikla' successfully

2021-10-15 17:31:16 - [MESSAGE][INFO] - Checking called Test Case

2021-10-15 17:31:16 - [MESSAGE][INFO] - Starting to call Test Case 'Test Cases/Tablo/TablodaVeriVarMi'

2021-10-15 17:31:16 - [TEST_CASE][PASSED] - Test Cases/Tablo/TablodaVeriVarMi: Test Cases/Tablo/TablodaVeriVarMi

2021-10-15 17:31:16 - [TEST_STEP][PASSED] - verifyTextNotPresent("Görüntülenecek veri yok", true): Text 'Görüntülenecek veri yok' is not present on page using regular expression

2021-10-15 17:31:16 - [MESSAGE][INFO] - Checking text present  using regular expression

2021-10-15 17:31:16 - [MESSAGE][INFO] - Smart Wait Function is triggered

2021-10-15 17:31:17 - [MESSAGE][INFO] - Finding text 'Görüntülenecek veri yok' on page  using regular expression

2021-10-15 17:31:17 - [MESSAGE][PASSED] - Text 'Görüntülenecek veri yok' is not present on page using regular expression

2021-10-15 17:31:17 - [MESSAGE][PASSED] - Call Test Case 'Test Cases/Tablo/TablodaVeriVarMi' successfully

2021-10-15 17:31:17 - [MESSAGE][INFO] - Checking called Test Case

2021-10-15 17:31:17 - [MESSAGE][INFO] - Starting to call Test Case 'Test Cases/Tablo/TablodanVeriSec'

2021-10-15 17:31:17 - [TEST_CASE][PASSED] - Test Cases/Tablo/TablodanVeriSec: Test Cases/Tablo/TablodanVeriSec

2021-10-15 17:31:17 - [TEST_STEP][PASSED] - Method.TextDegerineEsitElementinAltindakineTikla(findTestObject("Tablo/Veriler"), findTestObject("Tablo/VerininCheckBoxi"), Veri_Adi): Method.TextDegerineEsitElementinAltindakineTikla is PASSED

2021-10-15 17:31:17 - [MESSAGE][INFO] - Finding Test Object 'Object Repository/Tablo/Veriler'

2021-10-15 17:31:17 - [MESSAGE][INFO] - Finding Test Object 'Object Repository/Tablo/VerininCheckBoxi'

2021-10-15 17:31:17 - [MESSAGE][INFO] - Checking timeout

2021-10-15 17:31:17 - [MESSAGE][INFO] - Finding web element with id: 'Object Repository/Tablo/Veriler' located by 'By.cssSelector: td.dxgv b ,td.dxgv' in '10' second(s)

2021-10-15 17:31:17 - [MESSAGE][INFO] - Smart Wait Function is triggered

2021-10-15 17:31:17 - [MESSAGE][INFO] - Found 22 web elements with id: 'Object Repository/Tablo/Veriler' located by 'By.cssSelector: td.dxgv b ,td.dxgv' in '10' second(s)

2021-10-15 17:31:17 - [MESSAGE][INFO] - Smart Wait Function is triggered

2021-10-15 17:31:18 - [MESSAGE][PASSED] - Method.TextDegerineEsitElementinAltindakineTikla is PASSED

2021-10-15 17:31:18 - [MESSAGE][PASSED] - Call Test Case 'Test Cases/Tablo/TablodanVeriSec' successfully

2021-10-15 17:31:18 - [MESSAGE][INFO] - Checking called Test Case

2021-10-15 17:31:18 - [MESSAGE][INFO] - Starting to call Test Case 'Test Cases/Butonlar/ButonaTikla'

2021-10-15 17:31:18 - [TEST_CASE][PASSED] - Test Cases/Butonlar/ButonaTikla: Test Cases/Butonlar/ButonaTikla

2021-10-15 17:31:18 - [TEST_STEP][PASSED] - Method.TextDegerineEsitElementeTiklaEquals(findTestObject("Butonlar/Butonlar"), Buton_Adi): Method.TextDegerineEsitElementeTiklaEquals is PASSED

2021-10-15 17:31:18 - [MESSAGE][INFO] - Finding Test Object 'Object Repository/Butonlar/Butonlar'

2021-10-15 17:31:18 - [MESSAGE][INFO] - Checking timeout

2021-10-15 17:31:18 - [MESSAGE][INFO] - Finding web element with id: 'Object Repository/Butonlar/Butonlar' located by 'By.cssSelector: .panel.panel-default.text-center.footerPanel .btn,.btn.btn-primary.btnControls' in '10' second(s)

2021-10-15 17:31:18 - [MESSAGE][INFO] - Smart Wait Function is triggered

2021-10-15 17:31:18 - [MESSAGE][INFO] - Found 12 web elements with id: 'Object Repository/Butonlar/Butonlar' located by 'By.cssSelector: .panel.panel-default.text-center.footerPanel .btn,.btn.btn-primary.btnControls' in '10' second(s)

2021-10-15 17:31:18 - [MESSAGE][PASSED] - Method.TextDegerineEsitElementeTiklaEquals is PASSED

2021-10-15 17:31:18 - [MESSAGE][PASSED] - Call Test Case 'Test Cases/Butonlar/ButonaTikla' successfully

2021-10-15 17:31:18 - [MESSAGE][INFO] - Checking called Test Case

2021-10-15 17:31:18 - [MESSAGE][INFO] - Starting to call Test Case 'Test Cases/Popup/PopupMesajiIceriyorMu'

2021-10-15 17:31:18 - [TEST_CASE][PASSED] - Test Cases/Popup/PopupMesajiIceriyorMu: Test Cases/Popup/PopupMesajiIceriyorMu

2021-10-15 17:31:18 - [TEST_STEP][PASSED] - waitForElementVisible(findTestObject("Popup/Popup"), 10): Object 'Object Repository/Popup/Popup' is visible

2021-10-15 17:31:18 - [MESSAGE][INFO] - Finding Test Object 'Object Repository/Popup/Popup'

2021-10-15 17:31:18 - [MESSAGE][INFO] - Checking object

2021-10-15 17:31:18 - [MESSAGE][INFO] - Checking timeout

2021-10-15 17:31:18 - [MESSAGE][INFO] - Finding web element from Test Object's properties

2021-10-15 17:31:18 - [MESSAGE][INFO] - Checking timeout

2021-10-15 17:31:18 - [MESSAGE][INFO] - Finding web element with id: 'Object Repository/Popup/Popup' located by 'By.cssSelector: .bootbox-body' in '10' second(s)

2021-10-15 17:31:18 - [MESSAGE][INFO] - Smart Wait Function is triggered

2021-10-15 17:31:19 - [MESSAGE][INFO] - Found 1 web elements with id: 'Object Repository/Popup/Popup' located by 'By.cssSelector: .bootbox-body' in '10' second(s)

2021-10-15 17:31:19 - [MESSAGE][PASSED] - Object 'Object Repository/Popup/Popup' is visible

2021-10-15 17:31:19 - [TEST_STEP][PASSED] - if (!(getText(findTestObject("Popup/Popup")).contains(Mesaj))): Text of object 'Object Repository/Popup/Popup' is: 'Seçilen kayıtlar silenecektir emin misiniz?'

2021-10-15 17:31:19 - [MESSAGE][INFO] - Finding Test Object 'Object Repository/Popup/Popup'

2021-10-15 17:31:19 - [MESSAGE][INFO] - Checking object

2021-10-15 17:31:19 - [MESSAGE][INFO] - Finding web element from Test Object's properties

2021-10-15 17:31:19 - [MESSAGE][INFO] - Checking timeout

2021-10-15 17:31:19 - [MESSAGE][INFO] - Finding web element with id: 'Object Repository/Popup/Popup' located by 'By.cssSelector: .bootbox-body' in '30' second(s)

2021-10-15 17:31:19 - [MESSAGE][INFO] - Smart Wait Function is triggered

2021-10-15 17:31:19 - [MESSAGE][INFO] - Found 1 web elements with id: 'Object Repository/Popup/Popup' located by 'By.cssSelector: .bootbox-body' in '30' second(s)

2021-10-15 17:31:19 - [MESSAGE][INFO] - Getting text of object 'Object Repository/Popup/Popup'

2021-10-15 17:31:19 - [MESSAGE][PASSED] - Text of object 'Object Repository/Popup/Popup' is: 'Seçilen kayıtlar silenecektir emin misiniz?'

2021-10-15 17:31:19 - [TEST_STEP][PASSED] - RaporNo = getText(findTestObject("Popup/Popup")).substring(0, 6): Text of object 'Object Repository/Popup/Popup' is: 'Seçilen kayıtlar silenecektir emin misiniz?'

2021-10-15 17:31:19 - [MESSAGE][INFO] - Finding Test Object 'Object Repository/Popup/Popup'

2021-10-15 17:31:20 - [MESSAGE][INFO] - Checking object

2021-10-15 17:31:20 - [MESSAGE][INFO] - Finding web element from Test Object's properties

2021-10-15 17:31:20 - [MESSAGE][INFO] - Checking timeout

2021-10-15 17:31:20 - [MESSAGE][INFO] - Finding web element with id: 'Object Repository/Popup/Popup' located by 'By.cssSelector: .bootbox-body' in '30' second(s)

2021-10-15 17:31:20 - [MESSAGE][INFO] - Smart Wait Function is triggered

2021-10-15 17:31:20 - [MESSAGE][INFO] - Found 1 web elements with id: 'Object Repository/Popup/Popup' located by 'By.cssSelector: .bootbox-body' in '30' second(s)

2021-10-15 17:31:20 - [MESSAGE][INFO] - Getting text of object 'Object Repository/Popup/Popup'

2021-10-15 17:31:20 - [MESSAGE][PASSED] - Text of object 'Object Repository/Popup/Popup' is: 'Seçilen kayıtlar silenecektir emin misiniz?'

2021-10-15 17:31:20 - [TEST_STEP][PASSED] - Console.println(RaporNo): null

2021-10-15 17:31:20 - [MESSAGE][PASSED] - Call Test Case 'Test Cases/Popup/PopupMesajiIceriyorMu' successfully

2021-10-15 17:31:20 - [MESSAGE][INFO] - Checking called Test Case

2021-10-15 17:31:20 - [MESSAGE][INFO] - Starting to call Test Case 'Test Cases/Popup/PopupButonSecilir'

2021-10-15 17:31:20 - [TEST_CASE][PASSED] - Test Cases/Popup/PopupButonSecilir: Test Cases/Popup/PopupButonSecilir

2021-10-15 17:31:20 - [TEST_STEP][PASSED] - Method.TextDegerineEsitElementeTikla(findTestObject("Popup/Popup_Butons"), Buton): Method.TextDegerineEsitElementeTikla is PASSED

2021-10-15 17:31:20 - [MESSAGE][INFO] - Finding Test Object 'Object Repository/Popup/Popup_Butons'

2021-10-15 17:31:20 - [MESSAGE][INFO] - Checking timeout

2021-10-15 17:31:20 - [MESSAGE][INFO] - Finding web element with id: 'Object Repository/Popup/Popup_Butons' located by 'By.cssSelector: .modal-footer>button' in '10' second(s)

2021-10-15 17:31:20 - [MESSAGE][INFO] - Smart Wait Function is triggered

2021-10-15 17:31:20 - [MESSAGE][INFO] - Found 2 web elements with id: 'Object Repository/Popup/Popup_Butons' located by 'By.cssSelector: .modal-footer>button' in '10' second(s)

2021-10-15 17:31:20 - [MESSAGE][PASSED] - Method.TextDegerineEsitElementeTikla is PASSED

2021-10-15 17:31:20 - [MESSAGE][PASSED] - Call Test Case 'Test Cases/Popup/PopupButonSecilir' successfully

2021-10-15 17:31:20 - [MESSAGE][INFO] - Checking called Test Case

2021-10-15 17:31:20 - [MESSAGE][INFO] - Starting to call Test Case 'Test Cases/Popup/PopupButonSecilir'

2021-10-15 17:31:21 - [TEST_CASE][PASSED] - Test Cases/Popup/PopupButonSecilir: Test Cases/Popup/PopupButonSecilir

2021-10-15 17:31:21 - [TEST_STEP][PASSED] - Method.TextDegerineEsitElementeTikla(findTestObject("Popup/Popup_Butons"), Buton): Method.TextDegerineEsitElementeTikla is PASSED

2021-10-15 17:31:21 - [MESSAGE][INFO] - Finding Test Object 'Object Repository/Popup/Popup_Butons'

2021-10-15 17:31:21 - [MESSAGE][INFO] - Checking timeout

2021-10-15 17:31:21 - [MESSAGE][INFO] - Finding web element with id: 'Object Repository/Popup/Popup_Butons' located by 'By.cssSelector: .modal-footer>button' in '10' second(s)

2021-10-15 17:31:21 - [MESSAGE][INFO] - Smart Wait Function is triggered

2021-10-15 17:31:21 - [MESSAGE][INFO] - Found 1 web elements with id: 'Object Repository/Popup/Popup_Butons' located by 'By.cssSelector: .modal-footer>button' in '10' second(s)

2021-10-15 17:31:21 - [MESSAGE][PASSED] - Method.TextDegerineEsitElementeTikla is PASSED

2021-10-15 17:31:21 - [MESSAGE][PASSED] - Call Test Case 'Test Cases/Popup/PopupButonSecilir' successfully

2021-10-15 17:31:21 - [MESSAGE][INFO] - Checking called Test Case

2021-10-15 17:31:21 - [MESSAGE][INFO] - Starting to call Test Case 'Test Cases/Kullanici_Islemleri/KullaniciIslemlerindenSecimYapilir'

2021-10-15 17:31:21 - [TEST_CASE][PASSED] - Test Cases/Kullanici_Islemleri/KullaniciIslemlerindenSecimYapilir: Test Cases/Kullanici_Islemleri/KullaniciIslemlerindenSecimYapilir

2021-10-15 17:31:21 - [TEST_STEP][PASSED] - waitForElementClickable(findTestObject("Object Repository/Kullanici_Islemleri/KullaniciIslemleri"), 10): Object 'Object Repository/Kullanici_Islemleri/KullaniciIslemleri' is clickable

2021-10-15 17:31:21 - [MESSAGE][INFO] - Finding Test Object 'Object Repository/Kullanici_Islemleri/KullaniciIslemleri'

2021-10-15 17:31:22 - [MESSAGE][INFO] - Checking object

2021-10-15 17:31:22 - [MESSAGE][INFO] - Checking timeout

2021-10-15 17:31:22 - [MESSAGE][INFO] - Finding web element from Test Object's properties

2021-10-15 17:31:22 - [MESSAGE][INFO] - Checking timeout

2021-10-15 17:31:22 - [MESSAGE][INFO] - Finding web element with id: 'Object Repository/Kullanici_Islemleri/KullaniciIslemleri' located by 'By.cssSelector: .dropdown>a>img' in '10' second(s)

2021-10-15 17:31:22 - [MESSAGE][INFO] - Smart Wait Function is triggered

2021-10-15 17:31:22 - [MESSAGE][INFO] - Found 1 web elements with id: 'Object Repository/Kullanici_Islemleri/KullaniciIslemleri' located by 'By.cssSelector: .dropdown>a>img' in '10' second(s)

2021-10-15 17:31:22 - [MESSAGE][PASSED] - Object 'Object Repository/Kullanici_Islemleri/KullaniciIslemleri' is clickable

2021-10-15 17:31:22 - [TEST_STEP][PASSED] - click(findTestObject("Object Repository/Kullanici_Islemleri/KullaniciIslemleri")): Object: 'Object Repository/Kullanici_Islemleri/KullaniciIslemleri' is clicked on

2021-10-15 17:31:22 - [MESSAGE][INFO] - Finding Test Object 'Object Repository/Kullanici_Islemleri/KullaniciIslemleri'

2021-10-15 17:31:22 - [MESSAGE][INFO] - Checking object

2021-10-15 17:31:22 - [MESSAGE][INFO] - Finding web element from Test Object's properties

2021-10-15 17:31:22 - [MESSAGE][INFO] - Checking timeout

2021-10-15 17:31:22 - [MESSAGE][INFO] - Finding web element with id: 'Object Repository/Kullanici_Islemleri/KullaniciIslemleri' located by 'By.cssSelector: .dropdown>a>img' in '30' second(s)

2021-10-15 17:31:22 - [MESSAGE][INFO] - Smart Wait Function is triggered

2021-10-15 17:31:23 - [MESSAGE][INFO] - Found 1 web elements with id: 'Object Repository/Kullanici_Islemleri/KullaniciIslemleri' located by 'By.cssSelector: .dropdown>a>img' in '30' second(s)

2021-10-15 17:31:23 - [MESSAGE][INFO] - Clicking on object: 'Object Repository/Kullanici_Islemleri/KullaniciIslemleri'

2021-10-15 17:31:23 - [MESSAGE][PASSED] - Object: 'Object Repository/Kullanici_Islemleri/KullaniciIslemleri' is clicked on

2021-10-15 17:31:23 - [TEST_STEP][PASSED] - Method.TextDegerineEsitElementeTikla(findTestObject("Object Repository/Kullanici_Islemleri/Secenekler"), Islem): Method.TextDegerineEsitElementeTikla is PASSED

2021-10-15 17:31:23 - [MESSAGE][INFO] - Finding Test Object 'Object Repository/Kullanici_Islemleri/Secenekler'

2021-10-15 17:31:23 - [MESSAGE][INFO] - Checking timeout

2021-10-15 17:31:23 - [MESSAGE][INFO] - Finding web element with id: 'Object Repository/Kullanici_Islemleri/Secenekler' located by 'By.cssSelector: .nav.navbar-nav.navbar-right li a' in '10' second(s)

2021-10-15 17:31:23 - [MESSAGE][INFO] - Smart Wait Function is triggered

2021-10-15 17:31:23 - [MESSAGE][INFO] - Found 22 web elements with id: 'Object Repository/Kullanici_Islemleri/Secenekler' located by 'By.cssSelector: .nav.navbar-nav.navbar-right li a' in '10' second(s)

2021-10-15 17:31:24 - [MESSAGE][PASSED] - Method.TextDegerineEsitElementeTikla is PASSED

2021-10-15 17:31:24 - [TEST_STEP][PASSED] - verifyElementNotPresent(findTestObject("Object Repository/Kullanici_Islemleri/Secenekler"), 10): Web element with id: 'Object Repository/Kullanici_Islemleri/Secenekler' located by 'By.cssSelector: .nav.navbar-nav.navbar-right li a' is not present after '10' second(s)

2021-10-15 17:31:24 - [MESSAGE][INFO] - Finding Test Object 'Object Repository/Kullanici_Islemleri/Secenekler'

2021-10-15 17:31:24 - [MESSAGE][INFO] - Checking object

2021-10-15 17:31:24 - [MESSAGE][INFO] - Checking timeout

2021-10-15 17:31:24 - [MESSAGE][INFO] - Finding web element with id: 'Object Repository/Kullanici_Islemleri/Secenekler' located by 'By.cssSelector: .nav.navbar-nav.navbar-right li a' in '10' second(s)

2021-10-15 17:31:24 - [MESSAGE][INFO] - Smart Wait Function is triggered

2021-10-15 17:31:25 - [MESSAGE][PASSED] - Web element with id: 'Object Repository/Kullanici_Islemleri/Secenekler' located by 'By.cssSelector: .nav.navbar-nav.navbar-right li a' is not present after '10' second(s)

2021-10-15 17:31:25 - [MESSAGE][PASSED] - Call Test Case 'Test Cases/Kullanici_Islemleri/KullaniciIslemlerindenSecimYapilir' successfully

2021-10-15 17:31:25 - [TEST_CASE][PASSED] - Start Test Case : SCENARIO Departman Silme: SCENARIO Departman Silme

2021-10-15 17:31:25 - [TEST_STEP][PASSED] - Kullanıcı adı ELOGO6 ve Şifre 123456 olarak giriş yapılır: Kullanıcı adı ELOGO6 ve Şifre 123456 olarak giriş yapılır

2021-10-15 17:31:25 - [MESSAGE][PASSED] - Kullanıcı adı ELOGO6 ve Şifre 123456 olarak giriş yapılır

2021-10-15 17:31:25 - [TEST_STEP][PASSED] - Ana menüden Firma Yönetimi seçilir: Ana menüden Firma Yönetimi seçilir

2021-10-15 17:31:25 - [MESSAGE][PASSED] - Ana menüden Firma Yönetimi seçilir

2021-10-15 17:31:25 - [TEST_STEP][PASSED] - Alt menüden Yetki Yönetimi seçilir: Alt menüden Yetki Yönetimi seçilir

2021-10-15 17:31:25 - [MESSAGE][PASSED] - Alt menüden Yetki Yönetimi seçilir

2021-10-15 17:31:25 - [TEST_STEP][PASSED] - Sekmelerden Departman Tanımları seçilir: Sekmelerden Departman Tanımları seçilir

2021-10-15 17:31:25 - [MESSAGE][PASSED] - Sekmelerden Departman Tanımları seçilir

2021-10-15 17:31:25 - [TEST_STEP][PASSED] - Filtre butonlarından Listele seçilir: Filtre butonlarından Listele seçilir

2021-10-15 17:31:25 - [MESSAGE][PASSED] - Filtre butonlarından Listele seçilir

2021-10-15 17:31:25 - [TEST_STEP][PASSED] - Tabloda veri var mı kontrol edilir: Tabloda veri var mı kontrol edilir

2021-10-15 17:31:25 - [MESSAGE][PASSED] - Tabloda veri var mı kontrol edilir

2021-10-15 17:31:25 - [TEST_STEP][PASSED] - Tablodan VirgosolDepartman isimli veri seçilir: Tablodan VirgosolDepartman isimli veri seçilir

2021-10-15 17:31:25 - [MESSAGE][PASSED] - Tablodan VirgosolDepartman isimli veri seçilir

2021-10-15 17:31:25 - [TEST_STEP][PASSED] - Butonlardan Sil isimli butona tıklanır: Butonlardan Sil isimli butona tıklanır

2021-10-15 17:31:25 - [MESSAGE][PASSED] - Butonlardan Sil isimli butona tıklanır

2021-10-15 17:31:25 - [TEST_STEP][PASSED] - Popup mesajı Seçilen kayıtlar silenecektir emin misiniz içeriyor mu: Popup mesajı Seçilen kayıtlar silenecektir emin misiniz içeriyor mu

2021-10-15 17:31:25 - [MESSAGE][PASSED] - Popup mesajı Seçilen kayıtlar silenecektir emin misiniz içeriyor mu

2021-10-15 17:31:25 - [TEST_STEP][PASSED] - Yönetim popupında Evet seçilir: Yönetim popupında Evet seçilir

2021-10-15 17:31:25 - [MESSAGE][PASSED] - Yönetim popupında Evet seçilir

2021-10-15 17:31:25 - [TEST_STEP][PASSED] - Yönetim popupında Tamam seçilir: Yönetim popupında Tamam seçilir

2021-10-15 17:31:25 - [MESSAGE][PASSED] - Yönetim popupında Tamam seçilir

2021-10-15 17:31:25 - [TEST_STEP][PASSED] - Kullanıcı işlemlerinden Çıkış seçilir: Kullanıcı işlemlerinden Çıkış seçilir

2021-10-15 17:31:25 - [MESSAGE][PASSED] - Kullanıcı işlemlerinden Çıkış seçilir

2021-10-15 17:31:25 - [MESSAGE][PASSED] - Feature file: 'Include/features/Firma Yonetimi/Yetki Yonetimi/Departman Tanimlari/Sil.feature' was passed

2021-10-15 17:31:25 - [TEST_STEP][PASSED] - Start listener action : sampleAfterTestSuite: Invoke 'com.kms.katalon.core.annotation.AfterTestCase' method: 'Listener.sampleAfterTestSuite(...)' completed.

2021-10-15 17:31:25 - [MESSAGE][INFO] - Starting invoke 'com.kms.katalon.core.annotation.AfterTestCase' method: 'Listener.sampleAfterTestSuite(...)'

2021-10-15 17:31:25 - [TEST_STEP][PASSED] - closeBrowser(): Invoke 'com.kms.katalon.core.annotation.AfterTestCase' method: 'Listener.sampleAfterTestSuite(...)' completed.

2021-10-15 17:31:25 - [MESSAGE][INFO] - Closing browser

2021-10-15 17:31:26 - [MESSAGE][PASSED] - Browser is closed

2021-10-15 17:31:26 - [MESSAGE][INFO] - Invoke 'com.kms.katalon.core.annotation.AfterTestCase' method: 'Listener.sampleAfterTestSuite(...)' completed.]]></system-out>
         <system-err><![CDATA[]]></system-err>
      </testcase>
      <testcase name="Test Cases/Case Repository/Firma Yonetimi/Yetki Yonetimi/Kullanici Tanimlari/Ekran Kontrolu" time="33.204" classname="Test Cases/Case Repository/Firma Yonetimi/Yetki Yonetimi/Kullanici Tanimlari/Ekran Kontrolu" status="PASSED">
         <system-out><![CDATA[2021-10-15 17:31:26 - [TEST_CASE][PASSED] - Test Cases/Case Repository/Firma Yonetimi/Yetki Yonetimi/Kullanici Tanimlari/Ekran Kontrolu: Test Cases/Case Repository/Firma Yonetimi/Yetki Yonetimi/Kullanici Tanimlari/Ekran Kontrolu

2021-10-15 17:31:26 - [TEST_STEP][PASSED] - Start listener action : sampleBeforeTestSuite: Invoke 'com.kms.katalon.core.annotation.BeforeTestCase' method: 'Listener.sampleBeforeTestSuite(...)' completed.

2021-10-15 17:31:26 - [MESSAGE][INFO] - Starting invoke 'com.kms.katalon.core.annotation.BeforeTestCase' method: 'Listener.sampleBeforeTestSuite(...)'

2021-10-15 17:31:26 - [TEST_STEP][PASSED] - openBrowser(baseUrl): Browser is opened with url: 'https://efatura-stage.elogo.com.tr/'

2021-10-15 17:31:26 - [MESSAGE][INFO] - Opening browser

2021-10-15 17:31:26 - [MESSAGE][INFO] - Starting 'Chrome' driver

2021-10-15 17:31:26 - [MESSAGE][INFO] - User set preference: ['prefs', '{download.default_directory=C:\otomasyondownfiles}']

2021-10-15 17:31:26 - [MESSAGE][INFO] - Action delay is set to 0 milliseconds

2021-10-15 17:31:27 - [MESSAGE][INFO] - Navigating browser to: 'https://efatura-stage.elogo.com.tr/'

2021-10-15 17:31:30 - [MESSAGE][PASSED] - Browser is opened with url: 'https://efatura-stage.elogo.com.tr/'

2021-10-15 17:31:30 - [TEST_STEP][PASSED] - maximizeWindow(): Invoke 'com.kms.katalon.core.annotation.BeforeTestCase' method: 'Listener.sampleBeforeTestSuite(...)' completed.

2021-10-15 17:31:30 - [MESSAGE][INFO] - Maximizing current window

2021-10-15 17:31:30 - [MESSAGE][PASSED] - Current window maximized

2021-10-15 17:31:30 - [MESSAGE][INFO] - Invoke 'com.kms.katalon.core.annotation.BeforeTestCase' method: 'Listener.sampleBeforeTestSuite(...)' completed.

2021-10-15 17:31:30 - [TEST_STEP][PASSED] - runFeatureFile("Include/features/Firma Yonetimi/Yetki Yonetimi/Kullanici Tanimlari/Ekran Kontrolu.feature"): Feature file: 'Include/features/Firma Yonetimi/Yetki Yonetimi/Kullanici Tanimlari/Ekran Kontrolu.feature' was passed

2021-10-15 17:31:30 - [MESSAGE][INFO] - Starting run keyword runFeatureFile: 'Include/features/Firma Yonetimi/Yetki Yonetimi/Kullanici Tanimlari/Ekran Kontrolu.feature' and extract report to folder: 'C:\Users\DELL\Downloads\EES_Katalon-main\Reports\20211015_165642\Suite Repository\Firma_Yonetimi\20211015_165749/cucumber_report/1634308290865'...

2021-10-15 17:31:30 - [MESSAGE][INFO] - Glue: []

2021-10-15 17:31:31 - [MESSAGE][INFO] - Checking called Test Case

2021-10-15 17:31:31 - [MESSAGE][INFO] - Starting to call Test Case 'Test Cases/Sayfalar/Giris_Sayfasi/Login'

2021-10-15 17:31:31 - [TEST_CASE][PASSED] - Test Cases/Sayfalar/Giris_Sayfasi/Login: Test Cases/Sayfalar/Giris_Sayfasi/Login

2021-10-15 17:31:31 - [TEST_STEP][PASSED] - Sayfa_Basligi = getWindowTitle(): Current window's title is: 'LOGO e-Fatura'

2021-10-15 17:31:31 - [MESSAGE][INFO] - Getting current window's title

2021-10-15 17:31:31 - [MESSAGE][PASSED] - Current window's title is: 'LOGO e-Fatura'

2021-10-15 17:31:31 - [TEST_STEP][PASSED] - verifyMatch(Sayfa_Basligi, "LOGO e-Fatura", false): Actual text 'LOGO e-Fatura' and expected text 'LOGO e-Fatura' are matched 

2021-10-15 17:31:31 - [MESSAGE][INFO] - Matching actual text 'LOGO e-Fatura' with expected text 'LOGO e-Fatura'

2021-10-15 17:31:31 - [MESSAGE][PASSED] - Actual text 'LOGO e-Fatura' and expected text 'LOGO e-Fatura' are matched 

2021-10-15 17:31:31 - [TEST_STEP][PASSED] - sendKeys(findTestObject("Sayfalar/Giris_Sayfasi/Firma_Kodu"), KullaniciAdi): Keys 'ELOGO6' sent to object: 'Object Repository/Sayfalar/Giris_Sayfasi/Firma_Kodu'

2021-10-15 17:31:31 - [MESSAGE][INFO] - Finding Test Object 'Object Repository/Sayfalar/Giris_Sayfasi/Firma_Kodu'

2021-10-15 17:31:32 - [MESSAGE][INFO] - Sending keys 'ELOGO6' to object: 'Object Repository/Sayfalar/Giris_Sayfasi/Firma_Kodu'

2021-10-15 17:31:32 - [MESSAGE][INFO] - Finding web element from Test Object's properties

2021-10-15 17:31:32 - [MESSAGE][INFO] - Checking timeout

2021-10-15 17:31:32 - [MESSAGE][INFO] - Finding web element with id: 'Object Repository/Sayfalar/Giris_Sayfasi/Firma_Kodu' located by 'By.xpath: //*[@id = 'AccountName']' in '30' second(s)

2021-10-15 17:31:32 - [MESSAGE][INFO] - Smart Wait Function is triggered

2021-10-15 17:31:32 - [MESSAGE][INFO] - Found 1 web elements with id: 'Object Repository/Sayfalar/Giris_Sayfasi/Firma_Kodu' located by 'By.xpath: //*[@id = 'AccountName']' in '30' second(s)

2021-10-15 17:31:32 - [MESSAGE][PASSED] - Keys 'ELOGO6' sent to object: 'Object Repository/Sayfalar/Giris_Sayfasi/Firma_Kodu'

2021-10-15 17:31:32 - [TEST_STEP][PASSED] - sendKeys(findTestObject("Sayfalar/Giris_Sayfasi/Sifre"), Sifre): Keys '123456' sent to object: 'Object Repository/Sayfalar/Giris_Sayfasi/Sifre'

2021-10-15 17:31:32 - [MESSAGE][INFO] - Finding Test Object 'Object Repository/Sayfalar/Giris_Sayfasi/Sifre'

2021-10-15 17:31:32 - [MESSAGE][INFO] - Sending keys '123456' to object: 'Object Repository/Sayfalar/Giris_Sayfasi/Sifre'

2021-10-15 17:31:32 - [MESSAGE][INFO] - Finding web element from Test Object's properties

2021-10-15 17:31:32 - [MESSAGE][INFO] - Checking timeout

2021-10-15 17:31:32 - [MESSAGE][INFO] - Finding web element with id: 'Object Repository/Sayfalar/Giris_Sayfasi/Sifre' located by 'By.xpath: //*[@id = 'Password']' in '30' second(s)

2021-10-15 17:31:32 - [MESSAGE][INFO] - Smart Wait Function is triggered

2021-10-15 17:31:32 - [MESSAGE][INFO] - Found 1 web elements with id: 'Object Repository/Sayfalar/Giris_Sayfasi/Sifre' located by 'By.xpath: //*[@id = 'Password']' in '30' second(s)

2021-10-15 17:31:33 - [MESSAGE][PASSED] - Keys '123456' sent to object: 'Object Repository/Sayfalar/Giris_Sayfasi/Sifre'

2021-10-15 17:31:33 - [TEST_STEP][PASSED] - findWebElement(findTestObject("Sayfalar/Giris_Sayfasi/Giris_Butonu")).click(): Found 1 web elements with id: 'Object Repository/Sayfalar/Giris_Sayfasi/Giris_Butonu' located by 'By.cssSelector: #btnLogin' in '30' second(s)

2021-10-15 17:31:33 - [MESSAGE][INFO] - Finding Test Object 'Object Repository/Sayfalar/Giris_Sayfasi/Giris_Butonu'

2021-10-15 17:31:33 - [MESSAGE][INFO] - Finding web element from Test Object's properties

2021-10-15 17:31:33 - [MESSAGE][INFO] - Checking timeout

2021-10-15 17:31:33 - [MESSAGE][INFO] - Finding web element with id: 'Object Repository/Sayfalar/Giris_Sayfasi/Giris_Butonu' located by 'By.cssSelector: #btnLogin' in '30' second(s)

2021-10-15 17:31:33 - [MESSAGE][INFO] - Smart Wait Function is triggered

2021-10-15 17:31:33 - [MESSAGE][INFO] - Found 1 web elements with id: 'Object Repository/Sayfalar/Giris_Sayfasi/Giris_Butonu' located by 'By.cssSelector: #btnLogin' in '30' second(s)

2021-10-15 17:31:35 - [TEST_STEP][PASSED] - if (verifyElementPresent(findTestObject("Object Repository/Sayfalar/Giris_Sayfasi/RetveTamam_Butonu"), 5, OPTIONAL)): null

2021-10-15 17:31:35 - [MESSAGE][INFO] - Finding Test Object 'Object Repository/Sayfalar/Giris_Sayfasi/RetveTamam_Butonu'

2021-10-15 17:31:35 - [MESSAGE][INFO] - Checking object

2021-10-15 17:31:35 - [MESSAGE][INFO] - Finding web element from Test Object's properties

2021-10-15 17:31:35 - [MESSAGE][INFO] - Checking timeout

2021-10-15 17:31:35 - [MESSAGE][INFO] - Finding web element with id: 'Object Repository/Sayfalar/Giris_Sayfasi/RetveTamam_Butonu' located by 'By.xpath: //*[@class = 'btn btn-default']' in '5' second(s)

2021-10-15 17:31:35 - [MESSAGE][INFO] - Smart Wait Function is triggered

2021-10-15 17:31:36 - [MESSAGE][INFO] - Found 1 web elements with id: 'Object Repository/Sayfalar/Giris_Sayfasi/RetveTamam_Butonu' located by 'By.xpath: //*[@class = 'btn btn-default']' in '5' second(s)

2021-10-15 17:31:36 - [MESSAGE][PASSED] - Object 'Object Repository/Sayfalar/Giris_Sayfasi/RetveTamam_Butonu' is present

2021-10-15 17:31:36 - [TEST_STEP][PASSED] - click(findTestObject("Object Repository/Sayfalar/Giris_Sayfasi/RetveTamam_Butonu")): Object: 'Object Repository/Sayfalar/Giris_Sayfasi/RetveTamam_Butonu' is clicked on

2021-10-15 17:31:36 - [MESSAGE][INFO] - Finding Test Object 'Object Repository/Sayfalar/Giris_Sayfasi/RetveTamam_Butonu'

2021-10-15 17:31:36 - [MESSAGE][INFO] - Checking object

2021-10-15 17:31:36 - [MESSAGE][INFO] - Finding web element from Test Object's properties

2021-10-15 17:31:36 - [MESSAGE][INFO] - Checking timeout

2021-10-15 17:31:36 - [MESSAGE][INFO] - Finding web element with id: 'Object Repository/Sayfalar/Giris_Sayfasi/RetveTamam_Butonu' located by 'By.xpath: //*[@class = 'btn btn-default']' in '30' second(s)

2021-10-15 17:31:36 - [MESSAGE][INFO] - Smart Wait Function is triggered

2021-10-15 17:31:36 - [MESSAGE][INFO] - Found 1 web elements with id: 'Object Repository/Sayfalar/Giris_Sayfasi/RetveTamam_Butonu' located by 'By.xpath: //*[@class = 'btn btn-default']' in '30' second(s)

2021-10-15 17:31:36 - [MESSAGE][INFO] - Clicking on object: 'Object Repository/Sayfalar/Giris_Sayfasi/RetveTamam_Butonu'

2021-10-15 17:31:36 - [MESSAGE][PASSED] - Object: 'Object Repository/Sayfalar/Giris_Sayfasi/RetveTamam_Butonu' is clicked on

2021-10-15 17:31:36 - [TEST_STEP][PASSED] - click(findTestObject("Object Repository/Sayfalar/Giris_Sayfasi/RetveTamam_Butonu")): Object: 'Object Repository/Sayfalar/Giris_Sayfasi/RetveTamam_Butonu' is clicked on

2021-10-15 17:31:36 - [MESSAGE][INFO] - Finding Test Object 'Object Repository/Sayfalar/Giris_Sayfasi/RetveTamam_Butonu'

2021-10-15 17:31:36 - [MESSAGE][INFO] - Checking object

2021-10-15 17:31:36 - [MESSAGE][INFO] - Finding web element from Test Object's properties

2021-10-15 17:31:36 - [MESSAGE][INFO] - Checking timeout

2021-10-15 17:31:36 - [MESSAGE][INFO] - Finding web element with id: 'Object Repository/Sayfalar/Giris_Sayfasi/RetveTamam_Butonu' located by 'By.xpath: //*[@class = 'btn btn-default']' in '30' second(s)

2021-10-15 17:31:36 - [MESSAGE][INFO] - Smart Wait Function is triggered

2021-10-15 17:31:43 - [MESSAGE][INFO] - Found 1 web elements with id: 'Object Repository/Sayfalar/Giris_Sayfasi/RetveTamam_Butonu' located by 'By.xpath: //*[@class = 'btn btn-default']' in '30' second(s)

2021-10-15 17:31:43 - [MESSAGE][INFO] - Clicking on object: 'Object Repository/Sayfalar/Giris_Sayfasi/RetveTamam_Butonu'

2021-10-15 17:31:44 - [MESSAGE][PASSED] - Object: 'Object Repository/Sayfalar/Giris_Sayfasi/RetveTamam_Butonu' is clicked on

2021-10-15 17:31:44 - [TEST_STEP][PASSED] - if (verifyElementPresent(findTestObject("Sayfalar/Giris_Sayfasi/PopupOK"), 5, OPTIONAL)): null

2021-10-15 17:31:44 - [MESSAGE][INFO] - Finding Test Object 'Object Repository/Sayfalar/Giris_Sayfasi/PopupOK'

2021-10-15 17:31:44 - [MESSAGE][INFO] - Checking object

2021-10-15 17:31:44 - [MESSAGE][INFO] - Finding web element from Test Object's properties

2021-10-15 17:31:44 - [MESSAGE][INFO] - Checking timeout

2021-10-15 17:31:44 - [MESSAGE][INFO] - Finding web element with id: 'Object Repository/Sayfalar/Giris_Sayfasi/PopupOK' located by 'By.cssSelector: .btn.btn-success' in '5' second(s)

2021-10-15 17:31:44 - [MESSAGE][INFO] - Smart Wait Function is triggered

2021-10-15 17:31:44 - [MESSAGE][INFO] - Found 1 web elements with id: 'Object Repository/Sayfalar/Giris_Sayfasi/PopupOK' located by 'By.cssSelector: .btn.btn-success' in '5' second(s)

2021-10-15 17:31:44 - [MESSAGE][PASSED] - Object 'Object Repository/Sayfalar/Giris_Sayfasi/PopupOK' is present

2021-10-15 17:31:44 - [TEST_STEP][PASSED] - click(findTestObject("Object Repository/Sayfalar/Giris_Sayfasi/PopupCarpiGiris")): Object: 'Object Repository/Sayfalar/Giris_Sayfasi/PopupCarpiGiris' is clicked on

2021-10-15 17:31:44 - [MESSAGE][INFO] - Finding Test Object 'Object Repository/Sayfalar/Giris_Sayfasi/PopupCarpiGiris'

2021-10-15 17:31:44 - [MESSAGE][INFO] - Checking object

2021-10-15 17:31:44 - [MESSAGE][INFO] - Finding web element from Test Object's properties

2021-10-15 17:31:44 - [MESSAGE][INFO] - Checking timeout

2021-10-15 17:31:44 - [MESSAGE][INFO] - Finding web element with id: 'Object Repository/Sayfalar/Giris_Sayfasi/PopupCarpiGiris' located by 'By.cssSelector: .bootbox-close-button.close' in '30' second(s)

2021-10-15 17:31:44 - [MESSAGE][INFO] - Smart Wait Function is triggered

2021-10-15 17:31:45 - [MESSAGE][INFO] - Found 1 web elements with id: 'Object Repository/Sayfalar/Giris_Sayfasi/PopupCarpiGiris' located by 'By.cssSelector: .bootbox-close-button.close' in '30' second(s)

2021-10-15 17:31:45 - [MESSAGE][INFO] - Clicking on object: 'Object Repository/Sayfalar/Giris_Sayfasi/PopupCarpiGiris'

2021-10-15 17:31:45 - [MESSAGE][PASSED] - Object: 'Object Repository/Sayfalar/Giris_Sayfasi/PopupCarpiGiris' is clicked on

2021-10-15 17:31:45 - [TEST_STEP][PASSED] - verifyElementVisible(findTestObject("Object Repository/Kullanici_Islemleri/KullaniciIslemleri")): Object 'Object Repository/Kullanici_Islemleri/KullaniciIslemleri' is visible

2021-10-15 17:31:45 - [MESSAGE][INFO] - Finding Test Object 'Object Repository/Kullanici_Islemleri/KullaniciIslemleri'

2021-10-15 17:31:45 - [MESSAGE][INFO] - Checking object

2021-10-15 17:31:45 - [MESSAGE][INFO] - Finding web element from Test Object's properties

2021-10-15 17:31:45 - [MESSAGE][INFO] - Checking timeout

2021-10-15 17:31:45 - [MESSAGE][INFO] - Finding web element with id: 'Object Repository/Kullanici_Islemleri/KullaniciIslemleri' located by 'By.cssSelector: .dropdown>a>img' in '30' second(s)

2021-10-15 17:31:45 - [MESSAGE][INFO] - Smart Wait Function is triggered

2021-10-15 17:31:45 - [MESSAGE][INFO] - Found 1 web elements with id: 'Object Repository/Kullanici_Islemleri/KullaniciIslemleri' located by 'By.cssSelector: .dropdown>a>img' in '30' second(s)

2021-10-15 17:31:46 - [MESSAGE][PASSED] - Object 'Object Repository/Kullanici_Islemleri/KullaniciIslemleri' is visible

2021-10-15 17:31:46 - [MESSAGE][PASSED] - Call Test Case 'Test Cases/Sayfalar/Giris_Sayfasi/Login' successfully

2021-10-15 17:31:46 - [MESSAGE][INFO] - Checking called Test Case

2021-10-15 17:31:46 - [MESSAGE][INFO] - Starting to call Test Case 'Test Cases/Menu/AnaMenuSecimi'

2021-10-15 17:31:46 - [TEST_CASE][PASSED] - Test Cases/Menu/AnaMenuSecimi: Test Cases/Menu/AnaMenuSecimi

2021-10-15 17:31:46 - [TEST_STEP][PASSED] - Method.TextDegerineEsitElementeTikla(findTestObject("Menu/Ana_Menu"), Ana_Menu): Method.TextDegerineEsitElementeTikla is PASSED

2021-10-15 17:31:46 - [MESSAGE][INFO] - Finding Test Object 'Object Repository/Menu/Ana_Menu'

2021-10-15 17:31:46 - [MESSAGE][INFO] - Checking timeout

2021-10-15 17:31:46 - [MESSAGE][INFO] - Finding web element with id: 'Object Repository/Menu/Ana_Menu' located by 'By.xpath: //*[@class = 'dropdown-toggle']' in '10' second(s)

2021-10-15 17:31:46 - [MESSAGE][INFO] - Smart Wait Function is triggered

2021-10-15 17:31:46 - [MESSAGE][INFO] - Found 14 web elements with id: 'Object Repository/Menu/Ana_Menu' located by 'By.xpath: //*[@class = 'dropdown-toggle']' in '10' second(s)

2021-10-15 17:31:46 - [MESSAGE][PASSED] - Method.TextDegerineEsitElementeTikla is PASSED

2021-10-15 17:31:46 - [MESSAGE][PASSED] - Call Test Case 'Test Cases/Menu/AnaMenuSecimi' successfully

2021-10-15 17:31:46 - [MESSAGE][INFO] - Checking called Test Case

2021-10-15 17:31:46 - [MESSAGE][INFO] - Starting to call Test Case 'Test Cases/Menu/AltMenuSecimi'

2021-10-15 17:31:46 - [TEST_CASE][PASSED] - Test Cases/Menu/AltMenuSecimi: Test Cases/Menu/AltMenuSecimi

2021-10-15 17:31:46 - [TEST_STEP][PASSED] - Method.TextDegerineEsitElementeTikla(findTestObject("Menu/Alt_Menu"), Alt_Menu): Method.TextDegerineEsitElementeTikla is PASSED

2021-10-15 17:31:46 - [MESSAGE][INFO] - Finding Test Object 'Object Repository/Menu/Alt_Menu'

2021-10-15 17:31:46 - [MESSAGE][INFO] - Checking timeout

2021-10-15 17:31:46 - [MESSAGE][INFO] - Finding web element with id: 'Object Repository/Menu/Alt_Menu' located by 'By.xpath: //li[@class='dropdown dropdown-large open']//li[@class='dropdown-element']' in '10' second(s)

2021-10-15 17:31:46 - [MESSAGE][INFO] - Smart Wait Function is triggered

2021-10-15 17:31:47 - [MESSAGE][INFO] - Found 1 web elements with id: 'Object Repository/Menu/Alt_Menu' located by 'By.xpath: //li[@class='dropdown dropdown-large open']//li[@class='dropdown-element']' in '10' second(s)

2021-10-15 17:31:49 - [MESSAGE][PASSED] - Method.TextDegerineEsitElementeTikla is PASSED

2021-10-15 17:31:49 - [MESSAGE][PASSED] - Call Test Case 'Test Cases/Menu/AltMenuSecimi' successfully

2021-10-15 17:31:49 - [MESSAGE][INFO] - Checking called Test Case

2021-10-15 17:31:49 - [MESSAGE][INFO] - Starting to call Test Case 'Test Cases/Sayfalar/Yetki_Yonetimi/SekmeSecilir'

2021-10-15 17:31:49 - [TEST_CASE][PASSED] - Test Cases/Sayfalar/Yetki_Yonetimi/SekmeSecilir: Test Cases/Sayfalar/Yetki_Yonetimi/SekmeSecilir

2021-10-15 17:31:49 - [TEST_STEP][PASSED] - Method.TextDegerineEsitElementeTikla(findTestObject("Object Repository/Sayfalar/Yetki_Yonetimi/Sekmeler"), Sekme): Method.TextDegerineEsitElementeTikla is PASSED

2021-10-15 17:31:49 - [MESSAGE][INFO] - Finding Test Object 'Object Repository/Sayfalar/Yetki_Yonetimi/Sekmeler'

2021-10-15 17:31:49 - [MESSAGE][INFO] - Checking timeout

2021-10-15 17:31:49 - [MESSAGE][INFO] - Finding web element with id: 'Object Repository/Sayfalar/Yetki_Yonetimi/Sekmeler' located by 'By.cssSelector: #pcFeatures_TC>li[class="dxtc-tab"] span,#pcFeatures_TC>li[class="dxtc-activeTab dxtc-lead"] span' in '10' second(s)

2021-10-15 17:31:49 - [MESSAGE][INFO] - Smart Wait Function is triggered

2021-10-15 17:31:49 - [MESSAGE][INFO] - Found 3 web elements with id: 'Object Repository/Sayfalar/Yetki_Yonetimi/Sekmeler' located by 'By.cssSelector: #pcFeatures_TC>li[class="dxtc-tab"] span,#pcFeatures_TC>li[class="dxtc-activeTab dxtc-lead"] span' in '10' second(s)

2021-10-15 17:31:49 - [MESSAGE][PASSED] - Method.TextDegerineEsitElementeTikla is PASSED

2021-10-15 17:31:49 - [MESSAGE][PASSED] - Call Test Case 'Test Cases/Sayfalar/Yetki_Yonetimi/SekmeSecilir' successfully

2021-10-15 17:31:49 - [MESSAGE][INFO] - Checking called Test Case

2021-10-15 17:31:49 - [MESSAGE][INFO] - Starting to call Test Case 'Test Cases/Filtreler/FiltreVarMi'

2021-10-15 17:31:49 - [TEST_CASE][PASSED] - Test Cases/Filtreler/FiltreVarMi: Test Cases/Filtreler/FiltreVarMi

2021-10-15 17:31:49 - [TEST_STEP][PASSED] - Method.TextDegerineEsitElementVarMi(findTestObject("Filtreler/Basliklar"), Filtre_alan): Method.TextDegerineEsitElementVarMi is PASSED

2021-10-15 17:31:49 - [MESSAGE][INFO] - Finding Test Object 'Object Repository/Filtreler/Basliklar'

2021-10-15 17:31:49 - [MESSAGE][INFO] - Checking timeout

2021-10-15 17:31:49 - [MESSAGE][INFO] - Finding web element with id: 'Object Repository/Filtreler/Basliklar' located by 'By.cssSelector: .control-label.col-sm-4.paddingMarginRLC' in '10' second(s)

2021-10-15 17:31:49 - [MESSAGE][INFO] - Smart Wait Function is triggered

2021-10-15 17:31:50 - [MESSAGE][INFO] - Found 12 web elements with id: 'Object Repository/Filtreler/Basliklar' located by 'By.cssSelector: .control-label.col-sm-4.paddingMarginRLC' in '10' second(s)

2021-10-15 17:31:50 - [MESSAGE][PASSED] - Method.TextDegerineEsitElementVarMi is PASSED

2021-10-15 17:31:50 - [MESSAGE][PASSED] - Call Test Case 'Test Cases/Filtreler/FiltreVarMi' successfully

2021-10-15 17:31:50 - [MESSAGE][INFO] - Checking called Test Case

2021-10-15 17:31:50 - [MESSAGE][INFO] - Starting to call Test Case 'Test Cases/Filtreler/FiltreVarMi'

2021-10-15 17:31:50 - [TEST_CASE][PASSED] - Test Cases/Filtreler/FiltreVarMi: Test Cases/Filtreler/FiltreVarMi

2021-10-15 17:31:50 - [TEST_STEP][PASSED] - Method.TextDegerineEsitElementVarMi(findTestObject("Filtreler/Basliklar"), Filtre_alan): Method.TextDegerineEsitElementVarMi is PASSED

2021-10-15 17:31:50 - [MESSAGE][INFO] - Finding Test Object 'Object Repository/Filtreler/Basliklar'

2021-10-15 17:31:50 - [MESSAGE][INFO] - Checking timeout

2021-10-15 17:31:50 - [MESSAGE][INFO] - Finding web element with id: 'Object Repository/Filtreler/Basliklar' located by 'By.cssSelector: .control-label.col-sm-4.paddingMarginRLC' in '10' second(s)

2021-10-15 17:31:50 - [MESSAGE][INFO] - Smart Wait Function is triggered

2021-10-15 17:31:50 - [MESSAGE][INFO] - Found 12 web elements with id: 'Object Repository/Filtreler/Basliklar' located by 'By.cssSelector: .control-label.col-sm-4.paddingMarginRLC' in '10' second(s)

2021-10-15 17:31:50 - [MESSAGE][PASSED] - Method.TextDegerineEsitElementVarMi is PASSED

2021-10-15 17:31:50 - [MESSAGE][PASSED] - Call Test Case 'Test Cases/Filtreler/FiltreVarMi' successfully

2021-10-15 17:31:50 - [MESSAGE][INFO] - Checking called Test Case

2021-10-15 17:31:50 - [MESSAGE][INFO] - Starting to call Test Case 'Test Cases/Filtreler/FiltreVarMi'

2021-10-15 17:31:50 - [TEST_CASE][PASSED] - Test Cases/Filtreler/FiltreVarMi: Test Cases/Filtreler/FiltreVarMi

2021-10-15 17:31:50 - [TEST_STEP][PASSED] - Method.TextDegerineEsitElementVarMi(findTestObject("Filtreler/Basliklar"), Filtre_alan): Method.TextDegerineEsitElementVarMi is PASSED

2021-10-15 17:31:50 - [MESSAGE][INFO] - Finding Test Object 'Object Repository/Filtreler/Basliklar'

2021-10-15 17:31:50 - [MESSAGE][INFO] - Checking timeout

2021-10-15 17:31:50 - [MESSAGE][INFO] - Finding web element with id: 'Object Repository/Filtreler/Basliklar' located by 'By.cssSelector: .control-label.col-sm-4.paddingMarginRLC' in '10' second(s)

2021-10-15 17:31:50 - [MESSAGE][INFO] - Smart Wait Function is triggered

2021-10-15 17:31:51 - [MESSAGE][INFO] - Found 12 web elements with id: 'Object Repository/Filtreler/Basliklar' located by 'By.cssSelector: .control-label.col-sm-4.paddingMarginRLC' in '10' second(s)

2021-10-15 17:31:51 - [MESSAGE][PASSED] - Method.TextDegerineEsitElementVarMi is PASSED

2021-10-15 17:31:51 - [MESSAGE][PASSED] - Call Test Case 'Test Cases/Filtreler/FiltreVarMi' successfully

2021-10-15 17:31:51 - [MESSAGE][INFO] - Checking called Test Case

2021-10-15 17:31:51 - [MESSAGE][INFO] - Starting to call Test Case 'Test Cases/Filtreler/FiltreVarMi'

2021-10-15 17:31:51 - [TEST_CASE][PASSED] - Test Cases/Filtreler/FiltreVarMi: Test Cases/Filtreler/FiltreVarMi

2021-10-15 17:31:51 - [TEST_STEP][PASSED] - Method.TextDegerineEsitElementVarMi(findTestObject("Filtreler/Basliklar"), Filtre_alan): Method.TextDegerineEsitElementVarMi is PASSED

2021-10-15 17:31:51 - [MESSAGE][INFO] - Finding Test Object 'Object Repository/Filtreler/Basliklar'

2021-10-15 17:31:51 - [MESSAGE][INFO] - Checking timeout

2021-10-15 17:31:51 - [MESSAGE][INFO] - Finding web element with id: 'Object Repository/Filtreler/Basliklar' located by 'By.cssSelector: .control-label.col-sm-4.paddingMarginRLC' in '10' second(s)

2021-10-15 17:31:51 - [MESSAGE][INFO] - Smart Wait Function is triggered

2021-10-15 17:31:51 - [MESSAGE][INFO] - Found 12 web elements with id: 'Object Repository/Filtreler/Basliklar' located by 'By.cssSelector: .control-label.col-sm-4.paddingMarginRLC' in '10' second(s)

2021-10-15 17:31:51 - [MESSAGE][PASSED] - Method.TextDegerineEsitElementVarMi is PASSED

2021-10-15 17:31:51 - [MESSAGE][PASSED] - Call Test Case 'Test Cases/Filtreler/FiltreVarMi' successfully

2021-10-15 17:31:51 - [MESSAGE][INFO] - Checking called Test Case

2021-10-15 17:31:51 - [MESSAGE][INFO] - Starting to call Test Case 'Test Cases/Filtreler/FiltreVarMi'

2021-10-15 17:31:51 - [TEST_CASE][PASSED] - Test Cases/Filtreler/FiltreVarMi: Test Cases/Filtreler/FiltreVarMi

2021-10-15 17:31:51 - [TEST_STEP][PASSED] - Method.TextDegerineEsitElementVarMi(findTestObject("Filtreler/Basliklar"), Filtre_alan): Method.TextDegerineEsitElementVarMi is PASSED

2021-10-15 17:31:51 - [MESSAGE][INFO] - Finding Test Object 'Object Repository/Filtreler/Basliklar'

2021-10-15 17:31:51 - [MESSAGE][INFO] - Checking timeout

2021-10-15 17:31:51 - [MESSAGE][INFO] - Finding web element with id: 'Object Repository/Filtreler/Basliklar' located by 'By.cssSelector: .control-label.col-sm-4.paddingMarginRLC' in '10' second(s)

2021-10-15 17:31:51 - [MESSAGE][INFO] - Smart Wait Function is triggered

2021-10-15 17:31:52 - [MESSAGE][INFO] - Found 12 web elements with id: 'Object Repository/Filtreler/Basliklar' located by 'By.cssSelector: .control-label.col-sm-4.paddingMarginRLC' in '10' second(s)

2021-10-15 17:31:52 - [MESSAGE][PASSED] - Method.TextDegerineEsitElementVarMi is PASSED

2021-10-15 17:31:52 - [MESSAGE][PASSED] - Call Test Case 'Test Cases/Filtreler/FiltreVarMi' successfully

2021-10-15 17:31:52 - [MESSAGE][INFO] - Checking called Test Case

2021-10-15 17:31:52 - [MESSAGE][INFO] - Starting to call Test Case 'Test Cases/Filtreler/FiltreVarMi'

2021-10-15 17:31:52 - [TEST_CASE][PASSED] - Test Cases/Filtreler/FiltreVarMi: Test Cases/Filtreler/FiltreVarMi

2021-10-15 17:31:52 - [TEST_STEP][PASSED] - Method.TextDegerineEsitElementVarMi(findTestObject("Filtreler/Basliklar"), Filtre_alan): Method.TextDegerineEsitElementVarMi is PASSED

2021-10-15 17:31:52 - [MESSAGE][INFO] - Finding Test Object 'Object Repository/Filtreler/Basliklar'

2021-10-15 17:31:52 - [MESSAGE][INFO] - Checking timeout

2021-10-15 17:31:52 - [MESSAGE][INFO] - Finding web element with id: 'Object Repository/Filtreler/Basliklar' located by 'By.cssSelector: .control-label.col-sm-4.paddingMarginRLC' in '10' second(s)

2021-10-15 17:31:52 - [MESSAGE][INFO] - Smart Wait Function is triggered

2021-10-15 17:31:52 - [MESSAGE][INFO] - Found 12 web elements with id: 'Object Repository/Filtreler/Basliklar' located by 'By.cssSelector: .control-label.col-sm-4.paddingMarginRLC' in '10' second(s)

2021-10-15 17:31:52 - [MESSAGE][PASSED] - Method.TextDegerineEsitElementVarMi is PASSED

2021-10-15 17:31:52 - [MESSAGE][PASSED] - Call Test Case 'Test Cases/Filtreler/FiltreVarMi' successfully

2021-10-15 17:31:52 - [MESSAGE][INFO] - Checking called Test Case

2021-10-15 17:31:52 - [MESSAGE][INFO] - Starting to call Test Case 'Test Cases/Filtreler/FiltreVarMi'

2021-10-15 17:31:52 - [TEST_CASE][PASSED] - Test Cases/Filtreler/FiltreVarMi: Test Cases/Filtreler/FiltreVarMi

2021-10-15 17:31:52 - [TEST_STEP][PASSED] - Method.TextDegerineEsitElementVarMi(findTestObject("Filtreler/Basliklar"), Filtre_alan): Method.TextDegerineEsitElementVarMi is PASSED

2021-10-15 17:31:52 - [MESSAGE][INFO] - Finding Test Object 'Object Repository/Filtreler/Basliklar'

2021-10-15 17:31:52 - [MESSAGE][INFO] - Checking timeout

2021-10-15 17:31:52 - [MESSAGE][INFO] - Finding web element with id: 'Object Repository/Filtreler/Basliklar' located by 'By.cssSelector: .control-label.col-sm-4.paddingMarginRLC' in '10' second(s)

2021-10-15 17:31:52 - [MESSAGE][INFO] - Smart Wait Function is triggered

2021-10-15 17:31:53 - [MESSAGE][INFO] - Found 12 web elements with id: 'Object Repository/Filtreler/Basliklar' located by 'By.cssSelector: .control-label.col-sm-4.paddingMarginRLC' in '10' second(s)

2021-10-15 17:31:53 - [MESSAGE][PASSED] - Method.TextDegerineEsitElementVarMi is PASSED

2021-10-15 17:31:53 - [MESSAGE][PASSED] - Call Test Case 'Test Cases/Filtreler/FiltreVarMi' successfully

2021-10-15 17:31:53 - [MESSAGE][INFO] - Checking called Test Case

2021-10-15 17:31:53 - [MESSAGE][INFO] - Starting to call Test Case 'Test Cases/Filtreler/ButonVarMi'

2021-10-15 17:31:53 - [TEST_CASE][PASSED] - Test Cases/Filtreler/ButonVarMi: Test Cases/Filtreler/ButonVarMi

2021-10-15 17:31:53 - [TEST_STEP][PASSED] - Method.TextDegerineEsitElementVarMi(findTestObject("Filtreler/Butonlar"), Filtre_Buton): Method.TextDegerineEsitElementVarMi is PASSED

2021-10-15 17:31:53 - [MESSAGE][INFO] - Finding Test Object 'Object Repository/Filtreler/Butonlar'

2021-10-15 17:31:53 - [MESSAGE][INFO] - Checking timeout

2021-10-15 17:31:53 - [MESSAGE][INFO] - Finding web element with id: 'Object Repository/Filtreler/Butonlar' located by 'By.cssSelector: .dxb>span' in '10' second(s)

2021-10-15 17:31:53 - [MESSAGE][INFO] - Smart Wait Function is triggered

2021-10-15 17:31:53 - [MESSAGE][INFO] - Found 6 web elements with id: 'Object Repository/Filtreler/Butonlar' located by 'By.cssSelector: .dxb>span' in '10' second(s)

2021-10-15 17:31:53 - [MESSAGE][PASSED] - Method.TextDegerineEsitElementVarMi is PASSED

2021-10-15 17:31:53 - [MESSAGE][PASSED] - Call Test Case 'Test Cases/Filtreler/ButonVarMi' successfully

2021-10-15 17:31:53 - [MESSAGE][INFO] - Checking called Test Case

2021-10-15 17:31:53 - [MESSAGE][INFO] - Starting to call Test Case 'Test Cases/Filtreler/ButonVarMi'

2021-10-15 17:31:53 - [TEST_CASE][PASSED] - Test Cases/Filtreler/ButonVarMi: Test Cases/Filtreler/ButonVarMi

2021-10-15 17:31:53 - [TEST_STEP][PASSED] - Method.TextDegerineEsitElementVarMi(findTestObject("Filtreler/Butonlar"), Filtre_Buton): Method.TextDegerineEsitElementVarMi is PASSED

2021-10-15 17:31:53 - [MESSAGE][INFO] - Finding Test Object 'Object Repository/Filtreler/Butonlar'

2021-10-15 17:31:53 - [MESSAGE][INFO] - Checking timeout

2021-10-15 17:31:53 - [MESSAGE][INFO] - Finding web element with id: 'Object Repository/Filtreler/Butonlar' located by 'By.cssSelector: .dxb>span' in '10' second(s)

2021-10-15 17:31:53 - [MESSAGE][INFO] - Smart Wait Function is triggered

2021-10-15 17:31:53 - [MESSAGE][INFO] - Found 6 web elements with id: 'Object Repository/Filtreler/Butonlar' located by 'By.cssSelector: .dxb>span' in '10' second(s)

2021-10-15 17:31:53 - [MESSAGE][PASSED] - Method.TextDegerineEsitElementVarMi is PASSED

2021-10-15 17:31:53 - [MESSAGE][PASSED] - Call Test Case 'Test Cases/Filtreler/ButonVarMi' successfully

2021-10-15 17:31:53 - [MESSAGE][INFO] - Checking called Test Case

2021-10-15 17:31:53 - [MESSAGE][INFO] - Starting to call Test Case 'Test Cases/Butonlar/ButonVarMi'

2021-10-15 17:31:53 - [TEST_CASE][PASSED] - Test Cases/Butonlar/ButonVarMi: Test Cases/Butonlar/ButonVarMi

2021-10-15 17:31:53 - [TEST_STEP][PASSED] - Method.TextDegerineEsitElementVarMi(findTestObject("Butonlar/Butonlar"), Buton): Method.TextDegerineEsitElementVarMi is PASSED

2021-10-15 17:31:53 - [MESSAGE][INFO] - Finding Test Object 'Object Repository/Butonlar/Butonlar'

2021-10-15 17:31:54 - [MESSAGE][INFO] - Checking timeout

2021-10-15 17:31:54 - [MESSAGE][INFO] - Finding web element with id: 'Object Repository/Butonlar/Butonlar' located by 'By.cssSelector: .panel.panel-default.text-center.footerPanel .btn,.btn.btn-primary.btnControls' in '10' second(s)

2021-10-15 17:31:54 - [MESSAGE][INFO] - Smart Wait Function is triggered

2021-10-15 17:31:54 - [MESSAGE][INFO] - Found 12 web elements with id: 'Object Repository/Butonlar/Butonlar' located by 'By.cssSelector: .panel.panel-default.text-center.footerPanel .btn,.btn.btn-primary.btnControls' in '10' second(s)

2021-10-15 17:31:54 - [MESSAGE][PASSED] - Method.TextDegerineEsitElementVarMi is PASSED

2021-10-15 17:31:54 - [MESSAGE][PASSED] - Call Test Case 'Test Cases/Butonlar/ButonVarMi' successfully

2021-10-15 17:31:54 - [MESSAGE][INFO] - Checking called Test Case

2021-10-15 17:31:54 - [MESSAGE][INFO] - Starting to call Test Case 'Test Cases/Butonlar/ButonVarMi'

2021-10-15 17:31:54 - [TEST_CASE][PASSED] - Test Cases/Butonlar/ButonVarMi: Test Cases/Butonlar/ButonVarMi

2021-10-15 17:31:54 - [TEST_STEP][PASSED] - Method.TextDegerineEsitElementVarMi(findTestObject("Butonlar/Butonlar"), Buton): Method.TextDegerineEsitElementVarMi is PASSED

2021-10-15 17:31:54 - [MESSAGE][INFO] - Finding Test Object 'Object Repository/Butonlar/Butonlar'

2021-10-15 17:31:54 - [MESSAGE][INFO] - Checking timeout

2021-10-15 17:31:54 - [MESSAGE][INFO] - Finding web element with id: 'Object Repository/Butonlar/Butonlar' located by 'By.cssSelector: .panel.panel-default.text-center.footerPanel .btn,.btn.btn-primary.btnControls' in '10' second(s)

2021-10-15 17:31:54 - [MESSAGE][INFO] - Smart Wait Function is triggered

2021-10-15 17:31:54 - [MESSAGE][INFO] - Found 12 web elements with id: 'Object Repository/Butonlar/Butonlar' located by 'By.cssSelector: .panel.panel-default.text-center.footerPanel .btn,.btn.btn-primary.btnControls' in '10' second(s)

2021-10-15 17:31:54 - [MESSAGE][PASSED] - Method.TextDegerineEsitElementVarMi is PASSED

2021-10-15 17:31:54 - [MESSAGE][PASSED] - Call Test Case 'Test Cases/Butonlar/ButonVarMi' successfully

2021-10-15 17:31:54 - [MESSAGE][INFO] - Checking called Test Case

2021-10-15 17:31:54 - [MESSAGE][INFO] - Starting to call Test Case 'Test Cases/Butonlar/ButonVarMi'

2021-10-15 17:31:54 - [TEST_CASE][PASSED] - Test Cases/Butonlar/ButonVarMi: Test Cases/Butonlar/ButonVarMi

2021-10-15 17:31:54 - [TEST_STEP][PASSED] - Method.TextDegerineEsitElementVarMi(findTestObject("Butonlar/Butonlar"), Buton): Method.TextDegerineEsitElementVarMi is PASSED

2021-10-15 17:31:54 - [MESSAGE][INFO] - Finding Test Object 'Object Repository/Butonlar/Butonlar'

2021-10-15 17:31:54 - [MESSAGE][INFO] - Checking timeout

2021-10-15 17:31:54 - [MESSAGE][INFO] - Finding web element with id: 'Object Repository/Butonlar/Butonlar' located by 'By.cssSelector: .panel.panel-default.text-center.footerPanel .btn,.btn.btn-primary.btnControls' in '10' second(s)

2021-10-15 17:31:54 - [MESSAGE][INFO] - Smart Wait Function is triggered

2021-10-15 17:31:55 - [MESSAGE][INFO] - Found 12 web elements with id: 'Object Repository/Butonlar/Butonlar' located by 'By.cssSelector: .panel.panel-default.text-center.footerPanel .btn,.btn.btn-primary.btnControls' in '10' second(s)

2021-10-15 17:31:55 - [MESSAGE][PASSED] - Method.TextDegerineEsitElementVarMi is PASSED

2021-10-15 17:31:55 - [MESSAGE][PASSED] - Call Test Case 'Test Cases/Butonlar/ButonVarMi' successfully

2021-10-15 17:31:55 - [MESSAGE][INFO] - Checking called Test Case

2021-10-15 17:31:55 - [MESSAGE][INFO] - Starting to call Test Case 'Test Cases/Butonlar/ButonVarMi'

2021-10-15 17:31:55 - [TEST_CASE][PASSED] - Test Cases/Butonlar/ButonVarMi: Test Cases/Butonlar/ButonVarMi

2021-10-15 17:31:55 - [TEST_STEP][PASSED] - Method.TextDegerineEsitElementVarMi(findTestObject("Butonlar/Butonlar"), Buton): Method.TextDegerineEsitElementVarMi is PASSED

2021-10-15 17:31:55 - [MESSAGE][INFO] - Finding Test Object 'Object Repository/Butonlar/Butonlar'

2021-10-15 17:31:55 - [MESSAGE][INFO] - Checking timeout

2021-10-15 17:31:55 - [MESSAGE][INFO] - Finding web element with id: 'Object Repository/Butonlar/Butonlar' located by 'By.cssSelector: .panel.panel-default.text-center.footerPanel .btn,.btn.btn-primary.btnControls' in '10' second(s)

2021-10-15 17:31:55 - [MESSAGE][INFO] - Smart Wait Function is triggered

2021-10-15 17:31:55 - [MESSAGE][INFO] - Found 12 web elements with id: 'Object Repository/Butonlar/Butonlar' located by 'By.cssSelector: .panel.panel-default.text-center.footerPanel .btn,.btn.btn-primary.btnControls' in '10' second(s)

2021-10-15 17:31:55 - [MESSAGE][PASSED] - Method.TextDegerineEsitElementVarMi is PASSED

2021-10-15 17:31:55 - [MESSAGE][PASSED] - Call Test Case 'Test Cases/Butonlar/ButonVarMi' successfully

2021-10-15 17:31:55 - [MESSAGE][INFO] - Checking called Test Case

2021-10-15 17:31:55 - [MESSAGE][INFO] - Starting to call Test Case 'Test Cases/Kullanici_Islemleri/KullaniciIslemlerindenSecimYapilir'

2021-10-15 17:31:55 - [TEST_CASE][PASSED] - Test Cases/Kullanici_Islemleri/KullaniciIslemlerindenSecimYapilir: Test Cases/Kullanici_Islemleri/KullaniciIslemlerindenSecimYapilir

2021-10-15 17:31:55 - [TEST_STEP][PASSED] - waitForElementClickable(findTestObject("Object Repository/Kullanici_Islemleri/KullaniciIslemleri"), 10): Object 'Object Repository/Kullanici_Islemleri/KullaniciIslemleri' is clickable

2021-10-15 17:31:55 - [MESSAGE][INFO] - Finding Test Object 'Object Repository/Kullanici_Islemleri/KullaniciIslemleri'

2021-10-15 17:31:55 - [MESSAGE][INFO] - Checking object

2021-10-15 17:31:55 - [MESSAGE][INFO] - Checking timeout

2021-10-15 17:31:55 - [MESSAGE][INFO] - Finding web element from Test Object's properties

2021-10-15 17:31:55 - [MESSAGE][INFO] - Checking timeout

2021-10-15 17:31:55 - [MESSAGE][INFO] - Finding web element with id: 'Object Repository/Kullanici_Islemleri/KullaniciIslemleri' located by 'By.cssSelector: .dropdown>a>img' in '10' second(s)

2021-10-15 17:31:55 - [MESSAGE][INFO] - Smart Wait Function is triggered

2021-10-15 17:31:56 - [MESSAGE][INFO] - Found 1 web elements with id: 'Object Repository/Kullanici_Islemleri/KullaniciIslemleri' located by 'By.cssSelector: .dropdown>a>img' in '10' second(s)

2021-10-15 17:31:56 - [MESSAGE][PASSED] - Object 'Object Repository/Kullanici_Islemleri/KullaniciIslemleri' is clickable

2021-10-15 17:31:56 - [TEST_STEP][PASSED] - click(findTestObject("Object Repository/Kullanici_Islemleri/KullaniciIslemleri")): Object: 'Object Repository/Kullanici_Islemleri/KullaniciIslemleri' is clicked on

2021-10-15 17:31:56 - [MESSAGE][INFO] - Finding Test Object 'Object Repository/Kullanici_Islemleri/KullaniciIslemleri'

2021-10-15 17:31:56 - [MESSAGE][INFO] - Checking object

2021-10-15 17:31:56 - [MESSAGE][INFO] - Finding web element from Test Object's properties

2021-10-15 17:31:56 - [MESSAGE][INFO] - Checking timeout

2021-10-15 17:31:56 - [MESSAGE][INFO] - Finding web element with id: 'Object Repository/Kullanici_Islemleri/KullaniciIslemleri' located by 'By.cssSelector: .dropdown>a>img' in '30' second(s)

2021-10-15 17:31:56 - [MESSAGE][INFO] - Smart Wait Function is triggered

2021-10-15 17:31:56 - [MESSAGE][INFO] - Found 1 web elements with id: 'Object Repository/Kullanici_Islemleri/KullaniciIslemleri' located by 'By.cssSelector: .dropdown>a>img' in '30' second(s)

2021-10-15 17:31:56 - [MESSAGE][INFO] - Clicking on object: 'Object Repository/Kullanici_Islemleri/KullaniciIslemleri'

2021-10-15 17:31:56 - [MESSAGE][PASSED] - Object: 'Object Repository/Kullanici_Islemleri/KullaniciIslemleri' is clicked on

2021-10-15 17:31:56 - [TEST_STEP][PASSED] - Method.TextDegerineEsitElementeTikla(findTestObject("Object Repository/Kullanici_Islemleri/Secenekler"), Islem): Method.TextDegerineEsitElementeTikla is PASSED

2021-10-15 17:31:56 - [MESSAGE][INFO] - Finding Test Object 'Object Repository/Kullanici_Islemleri/Secenekler'

2021-10-15 17:31:56 - [MESSAGE][INFO] - Checking timeout

2021-10-15 17:31:56 - [MESSAGE][INFO] - Finding web element with id: 'Object Repository/Kullanici_Islemleri/Secenekler' located by 'By.cssSelector: .nav.navbar-nav.navbar-right li a' in '10' second(s)

2021-10-15 17:31:56 - [MESSAGE][INFO] - Smart Wait Function is triggered

2021-10-15 17:31:56 - [MESSAGE][INFO] - Found 22 web elements with id: 'Object Repository/Kullanici_Islemleri/Secenekler' located by 'By.cssSelector: .nav.navbar-nav.navbar-right li a' in '10' second(s)

2021-10-15 17:31:57 - [MESSAGE][PASSED] - Method.TextDegerineEsitElementeTikla is PASSED

2021-10-15 17:31:57 - [TEST_STEP][PASSED] - verifyElementNotPresent(findTestObject("Object Repository/Kullanici_Islemleri/Secenekler"), 10): Web element with id: 'Object Repository/Kullanici_Islemleri/Secenekler' located by 'By.cssSelector: .nav.navbar-nav.navbar-right li a' is not present after '10' second(s)

2021-10-15 17:31:57 - [MESSAGE][INFO] - Finding Test Object 'Object Repository/Kullanici_Islemleri/Secenekler'

2021-10-15 17:31:58 - [MESSAGE][INFO] - Checking object

2021-10-15 17:31:58 - [MESSAGE][INFO] - Checking timeout

2021-10-15 17:31:58 - [MESSAGE][INFO] - Finding web element with id: 'Object Repository/Kullanici_Islemleri/Secenekler' located by 'By.cssSelector: .nav.navbar-nav.navbar-right li a' in '10' second(s)

2021-10-15 17:31:58 - [MESSAGE][INFO] - Smart Wait Function is triggered

2021-10-15 17:31:58 - [MESSAGE][PASSED] - Web element with id: 'Object Repository/Kullanici_Islemleri/Secenekler' located by 'By.cssSelector: .nav.navbar-nav.navbar-right li a' is not present after '10' second(s)

2021-10-15 17:31:58 - [MESSAGE][PASSED] - Call Test Case 'Test Cases/Kullanici_Islemleri/KullaniciIslemlerindenSecimYapilir' successfully

2021-10-15 17:31:58 - [TEST_CASE][PASSED] - Start Test Case : SCENARIO Kullanici Tanimlari Buton Kontrolu: SCENARIO Kullanici Tanimlari Buton Kontrolu

2021-10-15 17:31:58 - [TEST_STEP][PASSED] - Kullanıcı adı ELOGO6 ve Şifre 123456 olarak giriş yapılır: Kullanıcı adı ELOGO6 ve Şifre 123456 olarak giriş yapılır

2021-10-15 17:31:58 - [MESSAGE][PASSED] - Kullanıcı adı ELOGO6 ve Şifre 123456 olarak giriş yapılır

2021-10-15 17:31:58 - [TEST_STEP][PASSED] - Ana menüden Firma Yönetimi seçilir: Ana menüden Firma Yönetimi seçilir

2021-10-15 17:31:58 - [MESSAGE][PASSED] - Ana menüden Firma Yönetimi seçilir

2021-10-15 17:31:58 - [TEST_STEP][PASSED] - Alt menüden Yetki Yönetimi seçilir: Alt menüden Yetki Yönetimi seçilir

2021-10-15 17:31:58 - [MESSAGE][PASSED] - Alt menüden Yetki Yönetimi seçilir

2021-10-15 17:31:58 - [TEST_STEP][PASSED] - Sekmelerden Kullanıcı Tanımları seçilir: Sekmelerden Kullanıcı Tanımları seçilir

2021-10-15 17:31:58 - [MESSAGE][PASSED] - Sekmelerden Kullanıcı Tanımları seçilir

2021-10-15 17:31:58 - [TEST_STEP][PASSED] - Filtre alanlarında Kullanıcı Kodu var mı: Filtre alanlarında Kullanıcı Kodu var mı

2021-10-15 17:31:58 - [MESSAGE][PASSED] - Filtre alanlarında Kullanıcı Kodu var mı

2021-10-15 17:31:58 - [TEST_STEP][PASSED] - Filtre alanlarında Adı Soyadı var mı: Filtre alanlarında Adı Soyadı var mı

2021-10-15 17:31:58 - [MESSAGE][PASSED] - Filtre alanlarında Adı Soyadı var mı

2021-10-15 17:31:58 - [TEST_STEP][PASSED] - Filtre alanlarında Kullanıcı Unvan var mı: Filtre alanlarında Kullanıcı Unvan var mı

2021-10-15 17:31:58 - [MESSAGE][PASSED] - Filtre alanlarında Kullanıcı Unvan var mı

2021-10-15 17:31:58 - [TEST_STEP][PASSED] - Filtre alanlarında e-Posta var mı: Filtre alanlarında e-Posta var mı

2021-10-15 17:31:58 - [MESSAGE][PASSED] - Filtre alanlarında e-Posta var mı

2021-10-15 17:31:58 - [TEST_STEP][PASSED] - Filtre alanlarında Firma var mı: Filtre alanlarında Firma var mı

2021-10-15 17:31:58 - [MESSAGE][PASSED] - Filtre alanlarında Firma var mı

2021-10-15 17:31:58 - [TEST_STEP][PASSED] - Filtre alanlarında Departman var mı: Filtre alanlarında Departman var mı

2021-10-15 17:31:58 - [MESSAGE][PASSED] - Filtre alanlarında Departman var mı

2021-10-15 17:31:58 - [TEST_STEP][PASSED] - Filtre alanlarında Rol var mı: Filtre alanlarında Rol var mı

2021-10-15 17:31:58 - [MESSAGE][PASSED] - Filtre alanlarında Rol var mı

2021-10-15 17:31:58 - [TEST_STEP][PASSED] - Filtre butonlarında Listele var mı: Filtre butonlarında Listele var mı

2021-10-15 17:31:58 - [MESSAGE][PASSED] - Filtre butonlarında Listele var mı

2021-10-15 17:31:58 - [TEST_STEP][PASSED] - Filtre butonlarında Temizle var mı: Filtre butonlarında Temizle var mı

2021-10-15 17:31:58 - [MESSAGE][PASSED] - Filtre butonlarında Temizle var mı

2021-10-15 17:31:58 - [TEST_STEP][PASSED] - Butonlardan Kullanıcı Ekle var mı: Butonlardan Kullanıcı Ekle var mı

2021-10-15 17:31:58 - [MESSAGE][PASSED] - Butonlardan Kullanıcı Ekle var mı

2021-10-15 17:31:58 - [TEST_STEP][PASSED] - Butonlardan Değiştir var mı: Butonlardan Değiştir var mı

2021-10-15 17:31:58 - [MESSAGE][PASSED] - Butonlardan Değiştir var mı

2021-10-15 17:31:58 - [TEST_STEP][PASSED] - Butonlardan Sil var mı: Butonlardan Sil var mı

2021-10-15 17:31:58 - [MESSAGE][PASSED] - Butonlardan Sil var mı

2021-10-15 17:31:58 - [TEST_STEP][PASSED] - Butonlardan Rol ve Departman Tanımla var mı: Butonlardan Rol ve Departman Tanımla var mı

2021-10-15 17:31:58 - [MESSAGE][PASSED] - Butonlardan Rol ve Departman Tanımla var mı

2021-10-15 17:31:58 - [TEST_STEP][PASSED] - Kullanıcı işlemlerinden Çıkış seçilir: Kullanıcı işlemlerinden Çıkış seçilir

2021-10-15 17:31:58 - [MESSAGE][PASSED] - Kullanıcı işlemlerinden Çıkış seçilir

2021-10-15 17:31:58 - [MESSAGE][PASSED] - Feature file: 'Include/features/Firma Yonetimi/Yetki Yonetimi/Kullanici Tanimlari/Ekran Kontrolu.feature' was passed

2021-10-15 17:31:58 - [TEST_STEP][PASSED] - Start listener action : sampleAfterTestSuite: Invoke 'com.kms.katalon.core.annotation.AfterTestCase' method: 'Listener.sampleAfterTestSuite(...)' completed.

2021-10-15 17:31:58 - [MESSAGE][INFO] - Starting invoke 'com.kms.katalon.core.annotation.AfterTestCase' method: 'Listener.sampleAfterTestSuite(...)'

2021-10-15 17:31:58 - [TEST_STEP][PASSED] - closeBrowser(): Invoke 'com.kms.katalon.core.annotation.AfterTestCase' method: 'Listener.sampleAfterTestSuite(...)' completed.

2021-10-15 17:31:58 - [MESSAGE][INFO] - Closing browser

2021-10-15 17:31:59 - [MESSAGE][PASSED] - Browser is closed

2021-10-15 17:31:59 - [MESSAGE][INFO] - Invoke 'com.kms.katalon.core.annotation.AfterTestCase' method: 'Listener.sampleAfterTestSuite(...)' completed.]]></system-out>
         <system-err><![CDATA[]]></system-err>
      </testcase>
      <testcase name="Test Cases/Case Repository/Firma Yonetimi/Yetki Yonetimi/Kullanici Tanimlari/Kullanici Ekle" time="30.871" classname="Test Cases/Case Repository/Firma Yonetimi/Yetki Yonetimi/Kullanici Tanimlari/Kullanici Ekle" status="PASSED">
         <system-out><![CDATA[2021-10-15 17:31:59 - [TEST_CASE][PASSED] - Test Cases/Case Repository/Firma Yonetimi/Yetki Yonetimi/Kullanici Tanimlari/Kullanici Ekle: Test Cases/Case Repository/Firma Yonetimi/Yetki Yonetimi/Kullanici Tanimlari/Kullanici Ekle

2021-10-15 17:31:59 - [TEST_STEP][PASSED] - Start listener action : sampleBeforeTestSuite: Invoke 'com.kms.katalon.core.annotation.BeforeTestCase' method: 'Listener.sampleBeforeTestSuite(...)' completed.

2021-10-15 17:31:59 - [MESSAGE][INFO] - Starting invoke 'com.kms.katalon.core.annotation.BeforeTestCase' method: 'Listener.sampleBeforeTestSuite(...)'

2021-10-15 17:31:59 - [TEST_STEP][PASSED] - openBrowser(baseUrl): Browser is opened with url: 'https://efatura-stage.elogo.com.tr/'

2021-10-15 17:31:59 - [MESSAGE][INFO] - Opening browser

2021-10-15 17:31:59 - [MESSAGE][INFO] - Starting 'Chrome' driver

2021-10-15 17:31:59 - [MESSAGE][INFO] - User set preference: ['prefs', '{download.default_directory=C:\otomasyondownfiles}']

2021-10-15 17:31:59 - [MESSAGE][INFO] - Action delay is set to 0 milliseconds

2021-10-15 17:32:00 - [MESSAGE][INFO] - Navigating browser to: 'https://efatura-stage.elogo.com.tr/'

2021-10-15 17:32:02 - [MESSAGE][PASSED] - Browser is opened with url: 'https://efatura-stage.elogo.com.tr/'

2021-10-15 17:32:02 - [TEST_STEP][PASSED] - maximizeWindow(): Invoke 'com.kms.katalon.core.annotation.BeforeTestCase' method: 'Listener.sampleBeforeTestSuite(...)' completed.

2021-10-15 17:32:02 - [MESSAGE][INFO] - Maximizing current window

2021-10-15 17:32:02 - [MESSAGE][PASSED] - Current window maximized

2021-10-15 17:32:02 - [MESSAGE][INFO] - Invoke 'com.kms.katalon.core.annotation.BeforeTestCase' method: 'Listener.sampleBeforeTestSuite(...)' completed.

2021-10-15 17:32:02 - [TEST_STEP][PASSED] - runFeatureFile("Include/features/Firma Yonetimi/Yetki Yonetimi/Kullanici Tanimlari/Kullanici Ekle.feature"): Feature file: 'Include/features/Firma Yonetimi/Yetki Yonetimi/Kullanici Tanimlari/Kullanici Ekle.feature' was passed

2021-10-15 17:32:02 - [MESSAGE][INFO] - Starting run keyword runFeatureFile: 'Include/features/Firma Yonetimi/Yetki Yonetimi/Kullanici Tanimlari/Kullanici Ekle.feature' and extract report to folder: 'C:\Users\DELL\Downloads\EES_Katalon-main\Reports\20211015_165642\Suite Repository\Firma_Yonetimi\20211015_165749/cucumber_report/1634308322925'...

2021-10-15 17:32:02 - [MESSAGE][INFO] - Glue: []

2021-10-15 17:32:03 - [MESSAGE][INFO] - Checking called Test Case

2021-10-15 17:32:03 - [MESSAGE][INFO] - Starting to call Test Case 'Test Cases/Sayfalar/Giris_Sayfasi/Login'

2021-10-15 17:32:03 - [TEST_CASE][PASSED] - Test Cases/Sayfalar/Giris_Sayfasi/Login: Test Cases/Sayfalar/Giris_Sayfasi/Login

2021-10-15 17:32:03 - [TEST_STEP][PASSED] - Sayfa_Basligi = getWindowTitle(): Current window's title is: 'LOGO e-Fatura'

2021-10-15 17:32:03 - [MESSAGE][INFO] - Getting current window's title

2021-10-15 17:32:03 - [MESSAGE][PASSED] - Current window's title is: 'LOGO e-Fatura'

2021-10-15 17:32:03 - [TEST_STEP][PASSED] - verifyMatch(Sayfa_Basligi, "LOGO e-Fatura", false): Actual text 'LOGO e-Fatura' and expected text 'LOGO e-Fatura' are matched 

2021-10-15 17:32:03 - [MESSAGE][INFO] - Matching actual text 'LOGO e-Fatura' with expected text 'LOGO e-Fatura'

2021-10-15 17:32:03 - [MESSAGE][PASSED] - Actual text 'LOGO e-Fatura' and expected text 'LOGO e-Fatura' are matched 

2021-10-15 17:32:03 - [TEST_STEP][PASSED] - sendKeys(findTestObject("Sayfalar/Giris_Sayfasi/Firma_Kodu"), KullaniciAdi): Keys 'ELOGO6' sent to object: 'Object Repository/Sayfalar/Giris_Sayfasi/Firma_Kodu'

2021-10-15 17:32:03 - [MESSAGE][INFO] - Finding Test Object 'Object Repository/Sayfalar/Giris_Sayfasi/Firma_Kodu'

2021-10-15 17:32:03 - [MESSAGE][INFO] - Sending keys 'ELOGO6' to object: 'Object Repository/Sayfalar/Giris_Sayfasi/Firma_Kodu'

2021-10-15 17:32:03 - [MESSAGE][INFO] - Finding web element from Test Object's properties

2021-10-15 17:32:03 - [MESSAGE][INFO] - Checking timeout

2021-10-15 17:32:03 - [MESSAGE][INFO] - Finding web element with id: 'Object Repository/Sayfalar/Giris_Sayfasi/Firma_Kodu' located by 'By.xpath: //*[@id = 'AccountName']' in '30' second(s)

2021-10-15 17:32:03 - [MESSAGE][INFO] - Smart Wait Function is triggered

2021-10-15 17:32:04 - [MESSAGE][INFO] - Found 1 web elements with id: 'Object Repository/Sayfalar/Giris_Sayfasi/Firma_Kodu' located by 'By.xpath: //*[@id = 'AccountName']' in '30' second(s)

2021-10-15 17:32:04 - [MESSAGE][PASSED] - Keys 'ELOGO6' sent to object: 'Object Repository/Sayfalar/Giris_Sayfasi/Firma_Kodu'

2021-10-15 17:32:04 - [TEST_STEP][PASSED] - sendKeys(findTestObject("Sayfalar/Giris_Sayfasi/Sifre"), Sifre): Keys '123456' sent to object: 'Object Repository/Sayfalar/Giris_Sayfasi/Sifre'

2021-10-15 17:32:04 - [MESSAGE][INFO] - Finding Test Object 'Object Repository/Sayfalar/Giris_Sayfasi/Sifre'

2021-10-15 17:32:04 - [MESSAGE][INFO] - Sending keys '123456' to object: 'Object Repository/Sayfalar/Giris_Sayfasi/Sifre'

2021-10-15 17:32:04 - [MESSAGE][INFO] - Finding web element from Test Object's properties

2021-10-15 17:32:04 - [MESSAGE][INFO] - Checking timeout

2021-10-15 17:32:04 - [MESSAGE][INFO] - Finding web element with id: 'Object Repository/Sayfalar/Giris_Sayfasi/Sifre' located by 'By.xpath: //*[@id = 'Password']' in '30' second(s)

2021-10-15 17:32:04 - [MESSAGE][INFO] - Smart Wait Function is triggered

2021-10-15 17:32:04 - [MESSAGE][INFO] - Found 1 web elements with id: 'Object Repository/Sayfalar/Giris_Sayfasi/Sifre' located by 'By.xpath: //*[@id = 'Password']' in '30' second(s)

2021-10-15 17:32:04 - [MESSAGE][PASSED] - Keys '123456' sent to object: 'Object Repository/Sayfalar/Giris_Sayfasi/Sifre'

2021-10-15 17:32:04 - [TEST_STEP][PASSED] - findWebElement(findTestObject("Sayfalar/Giris_Sayfasi/Giris_Butonu")).click(): Found 1 web elements with id: 'Object Repository/Sayfalar/Giris_Sayfasi/Giris_Butonu' located by 'By.cssSelector: #btnLogin' in '30' second(s)

2021-10-15 17:32:04 - [MESSAGE][INFO] - Finding Test Object 'Object Repository/Sayfalar/Giris_Sayfasi/Giris_Butonu'

2021-10-15 17:32:05 - [MESSAGE][INFO] - Finding web element from Test Object's properties

2021-10-15 17:32:05 - [MESSAGE][INFO] - Checking timeout

2021-10-15 17:32:05 - [MESSAGE][INFO] - Finding web element with id: 'Object Repository/Sayfalar/Giris_Sayfasi/Giris_Butonu' located by 'By.cssSelector: #btnLogin' in '30' second(s)

2021-10-15 17:32:05 - [MESSAGE][INFO] - Smart Wait Function is triggered

2021-10-15 17:32:05 - [MESSAGE][INFO] - Found 1 web elements with id: 'Object Repository/Sayfalar/Giris_Sayfasi/Giris_Butonu' located by 'By.cssSelector: #btnLogin' in '30' second(s)

2021-10-15 17:32:07 - [TEST_STEP][PASSED] - if (verifyElementPresent(findTestObject("Object Repository/Sayfalar/Giris_Sayfasi/RetveTamam_Butonu"), 5, OPTIONAL)): null

2021-10-15 17:32:07 - [MESSAGE][INFO] - Finding Test Object 'Object Repository/Sayfalar/Giris_Sayfasi/RetveTamam_Butonu'

2021-10-15 17:32:07 - [MESSAGE][INFO] - Checking object

2021-10-15 17:32:07 - [MESSAGE][INFO] - Finding web element from Test Object's properties

2021-10-15 17:32:07 - [MESSAGE][INFO] - Checking timeout

2021-10-15 17:32:07 - [MESSAGE][INFO] - Finding web element with id: 'Object Repository/Sayfalar/Giris_Sayfasi/RetveTamam_Butonu' located by 'By.xpath: //*[@class = 'btn btn-default']' in '5' second(s)

2021-10-15 17:32:07 - [MESSAGE][INFO] - Smart Wait Function is triggered

2021-10-15 17:32:07 - [MESSAGE][INFO] - Found 1 web elements with id: 'Object Repository/Sayfalar/Giris_Sayfasi/RetveTamam_Butonu' located by 'By.xpath: //*[@class = 'btn btn-default']' in '5' second(s)

2021-10-15 17:32:07 - [MESSAGE][PASSED] - Object 'Object Repository/Sayfalar/Giris_Sayfasi/RetveTamam_Butonu' is present

2021-10-15 17:32:07 - [TEST_STEP][PASSED] - click(findTestObject("Object Repository/Sayfalar/Giris_Sayfasi/RetveTamam_Butonu")): Object: 'Object Repository/Sayfalar/Giris_Sayfasi/RetveTamam_Butonu' is clicked on

2021-10-15 17:32:07 - [MESSAGE][INFO] - Finding Test Object 'Object Repository/Sayfalar/Giris_Sayfasi/RetveTamam_Butonu'

2021-10-15 17:32:08 - [MESSAGE][INFO] - Checking object

2021-10-15 17:32:08 - [MESSAGE][INFO] - Finding web element from Test Object's properties

2021-10-15 17:32:08 - [MESSAGE][INFO] - Checking timeout

2021-10-15 17:32:08 - [MESSAGE][INFO] - Finding web element with id: 'Object Repository/Sayfalar/Giris_Sayfasi/RetveTamam_Butonu' located by 'By.xpath: //*[@class = 'btn btn-default']' in '30' second(s)

2021-10-15 17:32:08 - [MESSAGE][INFO] - Smart Wait Function is triggered

2021-10-15 17:32:08 - [MESSAGE][INFO] - Found 1 web elements with id: 'Object Repository/Sayfalar/Giris_Sayfasi/RetveTamam_Butonu' located by 'By.xpath: //*[@class = 'btn btn-default']' in '30' second(s)

2021-10-15 17:32:08 - [MESSAGE][INFO] - Clicking on object: 'Object Repository/Sayfalar/Giris_Sayfasi/RetveTamam_Butonu'

2021-10-15 17:32:08 - [MESSAGE][PASSED] - Object: 'Object Repository/Sayfalar/Giris_Sayfasi/RetveTamam_Butonu' is clicked on

2021-10-15 17:32:08 - [TEST_STEP][PASSED] - click(findTestObject("Object Repository/Sayfalar/Giris_Sayfasi/RetveTamam_Butonu")): Object: 'Object Repository/Sayfalar/Giris_Sayfasi/RetveTamam_Butonu' is clicked on

2021-10-15 17:32:08 - [MESSAGE][INFO] - Finding Test Object 'Object Repository/Sayfalar/Giris_Sayfasi/RetveTamam_Butonu'

2021-10-15 17:32:08 - [MESSAGE][INFO] - Checking object

2021-10-15 17:32:08 - [MESSAGE][INFO] - Finding web element from Test Object's properties

2021-10-15 17:32:08 - [MESSAGE][INFO] - Checking timeout

2021-10-15 17:32:08 - [MESSAGE][INFO] - Finding web element with id: 'Object Repository/Sayfalar/Giris_Sayfasi/RetveTamam_Butonu' located by 'By.xpath: //*[@class = 'btn btn-default']' in '30' second(s)

2021-10-15 17:32:08 - [MESSAGE][INFO] - Smart Wait Function is triggered

2021-10-15 17:32:14 - [MESSAGE][INFO] - Found 1 web elements with id: 'Object Repository/Sayfalar/Giris_Sayfasi/RetveTamam_Butonu' located by 'By.xpath: //*[@class = 'btn btn-default']' in '30' second(s)

2021-10-15 17:32:14 - [MESSAGE][INFO] - Clicking on object: 'Object Repository/Sayfalar/Giris_Sayfasi/RetveTamam_Butonu'

2021-10-15 17:32:14 - [MESSAGE][PASSED] - Object: 'Object Repository/Sayfalar/Giris_Sayfasi/RetveTamam_Butonu' is clicked on

2021-10-15 17:32:14 - [TEST_STEP][PASSED] - if (verifyElementPresent(findTestObject("Sayfalar/Giris_Sayfasi/PopupOK"), 5, OPTIONAL)): null

2021-10-15 17:32:14 - [MESSAGE][INFO] - Finding Test Object 'Object Repository/Sayfalar/Giris_Sayfasi/PopupOK'

2021-10-15 17:32:14 - [MESSAGE][INFO] - Checking object

2021-10-15 17:32:14 - [MESSAGE][INFO] - Finding web element from Test Object's properties

2021-10-15 17:32:14 - [MESSAGE][INFO] - Checking timeout

2021-10-15 17:32:14 - [MESSAGE][INFO] - Finding web element with id: 'Object Repository/Sayfalar/Giris_Sayfasi/PopupOK' located by 'By.cssSelector: .btn.btn-success' in '5' second(s)

2021-10-15 17:32:14 - [MESSAGE][INFO] - Smart Wait Function is triggered

2021-10-15 17:32:15 - [MESSAGE][INFO] - Found 1 web elements with id: 'Object Repository/Sayfalar/Giris_Sayfasi/PopupOK' located by 'By.cssSelector: .btn.btn-success' in '5' second(s)

2021-10-15 17:32:15 - [MESSAGE][PASSED] - Object 'Object Repository/Sayfalar/Giris_Sayfasi/PopupOK' is present

2021-10-15 17:32:15 - [TEST_STEP][PASSED] - click(findTestObject("Object Repository/Sayfalar/Giris_Sayfasi/PopupCarpiGiris")): Object: 'Object Repository/Sayfalar/Giris_Sayfasi/PopupCarpiGiris' is clicked on

2021-10-15 17:32:15 - [MESSAGE][INFO] - Finding Test Object 'Object Repository/Sayfalar/Giris_Sayfasi/PopupCarpiGiris'

2021-10-15 17:32:15 - [MESSAGE][INFO] - Checking object

2021-10-15 17:32:15 - [MESSAGE][INFO] - Finding web element from Test Object's properties

2021-10-15 17:32:15 - [MESSAGE][INFO] - Checking timeout

2021-10-15 17:32:15 - [MESSAGE][INFO] - Finding web element with id: 'Object Repository/Sayfalar/Giris_Sayfasi/PopupCarpiGiris' located by 'By.cssSelector: .bootbox-close-button.close' in '30' second(s)

2021-10-15 17:32:15 - [MESSAGE][INFO] - Smart Wait Function is triggered

2021-10-15 17:32:15 - [MESSAGE][INFO] - Found 1 web elements with id: 'Object Repository/Sayfalar/Giris_Sayfasi/PopupCarpiGiris' located by 'By.cssSelector: .bootbox-close-button.close' in '30' second(s)

2021-10-15 17:32:15 - [MESSAGE][INFO] - Clicking on object: 'Object Repository/Sayfalar/Giris_Sayfasi/PopupCarpiGiris'

2021-10-15 17:32:15 - [MESSAGE][PASSED] - Object: 'Object Repository/Sayfalar/Giris_Sayfasi/PopupCarpiGiris' is clicked on

2021-10-15 17:32:15 - [TEST_STEP][PASSED] - verifyElementVisible(findTestObject("Object Repository/Kullanici_Islemleri/KullaniciIslemleri")): Object 'Object Repository/Kullanici_Islemleri/KullaniciIslemleri' is visible

2021-10-15 17:32:15 - [MESSAGE][INFO] - Finding Test Object 'Object Repository/Kullanici_Islemleri/KullaniciIslemleri'

2021-10-15 17:32:15 - [MESSAGE][INFO] - Checking object

2021-10-15 17:32:15 - [MESSAGE][INFO] - Finding web element from Test Object's properties

2021-10-15 17:32:15 - [MESSAGE][INFO] - Checking timeout

2021-10-15 17:32:15 - [MESSAGE][INFO] - Finding web element with id: 'Object Repository/Kullanici_Islemleri/KullaniciIslemleri' located by 'By.cssSelector: .dropdown>a>img' in '30' second(s)

2021-10-15 17:32:15 - [MESSAGE][INFO] - Smart Wait Function is triggered

2021-10-15 17:32:16 - [MESSAGE][INFO] - Found 1 web elements with id: 'Object Repository/Kullanici_Islemleri/KullaniciIslemleri' located by 'By.cssSelector: .dropdown>a>img' in '30' second(s)

2021-10-15 17:32:16 - [MESSAGE][PASSED] - Object 'Object Repository/Kullanici_Islemleri/KullaniciIslemleri' is visible

2021-10-15 17:32:16 - [MESSAGE][PASSED] - Call Test Case 'Test Cases/Sayfalar/Giris_Sayfasi/Login' successfully

2021-10-15 17:32:16 - [MESSAGE][INFO] - Checking called Test Case

2021-10-15 17:32:16 - [MESSAGE][INFO] - Starting to call Test Case 'Test Cases/Menu/AnaMenuSecimi'

2021-10-15 17:32:16 - [TEST_CASE][PASSED] - Test Cases/Menu/AnaMenuSecimi: Test Cases/Menu/AnaMenuSecimi

2021-10-15 17:32:16 - [TEST_STEP][PASSED] - Method.TextDegerineEsitElementeTikla(findTestObject("Menu/Ana_Menu"), Ana_Menu): Method.TextDegerineEsitElementeTikla is PASSED

2021-10-15 17:32:16 - [MESSAGE][INFO] - Finding Test Object 'Object Repository/Menu/Ana_Menu'

2021-10-15 17:32:16 - [MESSAGE][INFO] - Checking timeout

2021-10-15 17:32:16 - [MESSAGE][INFO] - Finding web element with id: 'Object Repository/Menu/Ana_Menu' located by 'By.xpath: //*[@class = 'dropdown-toggle']' in '10' second(s)

2021-10-15 17:32:16 - [MESSAGE][INFO] - Smart Wait Function is triggered

2021-10-15 17:32:17 - [MESSAGE][INFO] - Found 14 web elements with id: 'Object Repository/Menu/Ana_Menu' located by 'By.xpath: //*[@class = 'dropdown-toggle']' in '10' second(s)

2021-10-15 17:32:17 - [MESSAGE][PASSED] - Method.TextDegerineEsitElementeTikla is PASSED

2021-10-15 17:32:17 - [MESSAGE][PASSED] - Call Test Case 'Test Cases/Menu/AnaMenuSecimi' successfully

2021-10-15 17:32:17 - [MESSAGE][INFO] - Checking called Test Case

2021-10-15 17:32:17 - [MESSAGE][INFO] - Starting to call Test Case 'Test Cases/Menu/AltMenuSecimi'

2021-10-15 17:32:17 - [TEST_CASE][PASSED] - Test Cases/Menu/AltMenuSecimi: Test Cases/Menu/AltMenuSecimi

2021-10-15 17:32:17 - [TEST_STEP][PASSED] - Method.TextDegerineEsitElementeTikla(findTestObject("Menu/Alt_Menu"), Alt_Menu): Method.TextDegerineEsitElementeTikla is PASSED

2021-10-15 17:32:17 - [MESSAGE][INFO] - Finding Test Object 'Object Repository/Menu/Alt_Menu'

2021-10-15 17:32:17 - [MESSAGE][INFO] - Checking timeout

2021-10-15 17:32:17 - [MESSAGE][INFO] - Finding web element with id: 'Object Repository/Menu/Alt_Menu' located by 'By.xpath: //li[@class='dropdown dropdown-large open']//li[@class='dropdown-element']' in '10' second(s)

2021-10-15 17:32:17 - [MESSAGE][INFO] - Smart Wait Function is triggered

2021-10-15 17:32:18 - [MESSAGE][INFO] - Found 1 web elements with id: 'Object Repository/Menu/Alt_Menu' located by 'By.xpath: //li[@class='dropdown dropdown-large open']//li[@class='dropdown-element']' in '10' second(s)

2021-10-15 17:32:20 - [MESSAGE][PASSED] - Method.TextDegerineEsitElementeTikla is PASSED

2021-10-15 17:32:20 - [MESSAGE][PASSED] - Call Test Case 'Test Cases/Menu/AltMenuSecimi' successfully

2021-10-15 17:32:20 - [MESSAGE][INFO] - Checking called Test Case

2021-10-15 17:32:20 - [MESSAGE][INFO] - Starting to call Test Case 'Test Cases/Butonlar/ButonaTikla'

2021-10-15 17:32:20 - [TEST_CASE][PASSED] - Test Cases/Butonlar/ButonaTikla: Test Cases/Butonlar/ButonaTikla

2021-10-15 17:32:20 - [TEST_STEP][PASSED] - Method.TextDegerineEsitElementeTiklaEquals(findTestObject("Butonlar/Butonlar"), Buton_Adi): Method.TextDegerineEsitElementeTiklaEquals is PASSED

2021-10-15 17:32:20 - [MESSAGE][INFO] - Finding Test Object 'Object Repository/Butonlar/Butonlar'

2021-10-15 17:32:20 - [MESSAGE][INFO] - Checking timeout

2021-10-15 17:32:20 - [MESSAGE][INFO] - Finding web element with id: 'Object Repository/Butonlar/Butonlar' located by 'By.cssSelector: .panel.panel-default.text-center.footerPanel .btn,.btn.btn-primary.btnControls' in '10' second(s)

2021-10-15 17:32:20 - [MESSAGE][INFO] - Smart Wait Function is triggered

2021-10-15 17:32:20 - [MESSAGE][INFO] - Found 12 web elements with id: 'Object Repository/Butonlar/Butonlar' located by 'By.cssSelector: .panel.panel-default.text-center.footerPanel .btn,.btn.btn-primary.btnControls' in '10' second(s)

2021-10-15 17:32:20 - [MESSAGE][PASSED] - Method.TextDegerineEsitElementeTiklaEquals is PASSED

2021-10-15 17:32:20 - [MESSAGE][PASSED] - Call Test Case 'Test Cases/Butonlar/ButonaTikla' successfully

2021-10-15 17:32:20 - [MESSAGE][INFO] - Checking called Test Case

2021-10-15 17:32:20 - [MESSAGE][INFO] - Starting to call Test Case 'Test Cases/Sayfalar/Yetki_Yonetimi/KullaniciEklenir'

2021-10-15 17:32:21 - [TEST_CASE][PASSED] - Test Cases/Sayfalar/Yetki_Yonetimi/KullaniciEklenir: Test Cases/Sayfalar/Yetki_Yonetimi/KullaniciEklenir

2021-10-15 17:32:22 - [TEST_STEP][PASSED] - switchToFrame(findTestObject("Object Repository/Sayfalar/Yetki_Yonetimi/Kullanici_Bilgileri/frame"), 10): Switched to iframe: 'Object Repository/Sayfalar/Yetki_Yonetimi/Kullanici_Bilgileri/frame'

2021-10-15 17:32:22 - [MESSAGE][INFO] - Finding Test Object 'Object Repository/Sayfalar/Yetki_Yonetimi/Kullanici_Bilgileri/frame'

2021-10-15 17:32:22 - [MESSAGE][INFO] - Switching to iframe: 'Object Repository/Sayfalar/Yetki_Yonetimi/Kullanici_Bilgileri/frame'

2021-10-15 17:32:22 - [MESSAGE][INFO] - Finding web element from Test Object's properties

2021-10-15 17:32:22 - [MESSAGE][INFO] - Checking timeout

2021-10-15 17:32:22 - [MESSAGE][INFO] - Finding web element with id: 'Object Repository/Sayfalar/Yetki_Yonetimi/Kullanici_Bilgileri/frame' located by 'By.xpath: //*[@id = 'adduserframe']' in '10' second(s)

2021-10-15 17:32:22 - [MESSAGE][INFO] - Smart Wait Function is triggered

2021-10-15 17:32:22 - [MESSAGE][INFO] - Found 1 web elements with id: 'Object Repository/Sayfalar/Yetki_Yonetimi/Kullanici_Bilgileri/frame' located by 'By.xpath: //*[@id = 'adduserframe']' in '10' second(s)

2021-10-15 17:32:22 - [MESSAGE][INFO] - Switched to iframe: 'Object Repository/Sayfalar/Yetki_Yonetimi/Kullanici_Bilgileri/frame'

2021-10-15 17:32:22 - [TEST_STEP][PASSED] - waitForElementPresent(findTestObject("Object Repository/Sayfalar/Yetki_Yonetimi/Kullanici_Bilgileri/Kullanici_Kodu"), 10): Object 'Object Repository/Sayfalar/Yetki_Yonetimi/Kullanici_Bilgileri/Kullanici_Kodu' is present

2021-10-15 17:32:22 - [MESSAGE][INFO] - Finding Test Object 'Object Repository/Sayfalar/Yetki_Yonetimi/Kullanici_Bilgileri/Kullanici_Kodu'

2021-10-15 17:32:22 - [MESSAGE][INFO] - Checking object

2021-10-15 17:32:22 - [MESSAGE][INFO] - Finding web element from Test Object's properties

2021-10-15 17:32:22 - [MESSAGE][INFO] - Checking timeout

2021-10-15 17:32:22 - [MESSAGE][INFO] - Finding web element with id: 'Object Repository/Sayfalar/Yetki_Yonetimi/Kullanici_Bilgileri/Kullanici_Kodu' located by 'By.xpath: //*[@id = 'UserName_I']' in '10' second(s)

2021-10-15 17:32:22 - [MESSAGE][INFO] - Smart Wait Function is triggered

2021-10-15 17:32:22 - [MESSAGE][INFO] - Found 1 web elements with id: 'Object Repository/Sayfalar/Yetki_Yonetimi/Kullanici_Bilgileri/Kullanici_Kodu' located by 'By.xpath: //*[@id = 'UserName_I']' in '10' second(s)

2021-10-15 17:32:22 - [MESSAGE][PASSED] - Object 'Object Repository/Sayfalar/Yetki_Yonetimi/Kullanici_Bilgileri/Kullanici_Kodu' is present

2021-10-15 17:32:22 - [TEST_STEP][PASSED] - clearText(findTestObject("Object Repository/Sayfalar/Yetki_Yonetimi/Kullanici_Bilgileri/Kullanici_Kodu")): Text of object 'Object Repository/Sayfalar/Yetki_Yonetimi/Kullanici_Bilgileri/Kullanici_Kodu' is cleared

2021-10-15 17:32:22 - [MESSAGE][INFO] - Finding Test Object 'Object Repository/Sayfalar/Yetki_Yonetimi/Kullanici_Bilgileri/Kullanici_Kodu'

2021-10-15 17:32:22 - [MESSAGE][INFO] - Checking object

2021-10-15 17:32:22 - [MESSAGE][INFO] - Finding web element from Test Object's properties

2021-10-15 17:32:22 - [MESSAGE][INFO] - Checking timeout

2021-10-15 17:32:22 - [MESSAGE][INFO] - Finding web element with id: 'Object Repository/Sayfalar/Yetki_Yonetimi/Kullanici_Bilgileri/Kullanici_Kodu' located by 'By.xpath: //*[@id = 'UserName_I']' in '30' second(s)

2021-10-15 17:32:22 - [MESSAGE][INFO] - Smart Wait Function is triggered

2021-10-15 17:32:22 - [MESSAGE][INFO] - Found 1 web elements with id: 'Object Repository/Sayfalar/Yetki_Yonetimi/Kullanici_Bilgileri/Kullanici_Kodu' located by 'By.xpath: //*[@id = 'UserName_I']' in '30' second(s)

2021-10-15 17:32:22 - [MESSAGE][INFO] - Clearing text of object 'Object Repository/Sayfalar/Yetki_Yonetimi/Kullanici_Bilgileri/Kullanici_Kodu'

2021-10-15 17:32:22 - [MESSAGE][PASSED] - Text of object 'Object Repository/Sayfalar/Yetki_Yonetimi/Kullanici_Bilgileri/Kullanici_Kodu' is cleared

2021-10-15 17:32:22 - [TEST_STEP][PASSED] - sendKeys(findTestObject("Object Repository/Sayfalar/Yetki_Yonetimi/Kullanici_Bilgileri/Kullanici_Kodu"), Kullanici_Kodu): Keys 'VirgosolKullanici' sent to object: 'Object Repository/Sayfalar/Yetki_Yonetimi/Kullanici_Bilgileri/Kullanici_Kodu'

2021-10-15 17:32:22 - [MESSAGE][INFO] - Finding Test Object 'Object Repository/Sayfalar/Yetki_Yonetimi/Kullanici_Bilgileri/Kullanici_Kodu'

2021-10-15 17:32:22 - [MESSAGE][INFO] - Sending keys 'VirgosolKullanici' to object: 'Object Repository/Sayfalar/Yetki_Yonetimi/Kullanici_Bilgileri/Kullanici_Kodu'

2021-10-15 17:32:22 - [MESSAGE][INFO] - Finding web element from Test Object's properties

2021-10-15 17:32:22 - [MESSAGE][INFO] - Checking timeout

2021-10-15 17:32:22 - [MESSAGE][INFO] - Finding web element with id: 'Object Repository/Sayfalar/Yetki_Yonetimi/Kullanici_Bilgileri/Kullanici_Kodu' located by 'By.xpath: //*[@id = 'UserName_I']' in '30' second(s)

2021-10-15 17:32:22 - [MESSAGE][INFO] - Smart Wait Function is triggered

2021-10-15 17:32:22 - [MESSAGE][INFO] - Found 1 web elements with id: 'Object Repository/Sayfalar/Yetki_Yonetimi/Kullanici_Bilgileri/Kullanici_Kodu' located by 'By.xpath: //*[@id = 'UserName_I']' in '30' second(s)

2021-10-15 17:32:22 - [MESSAGE][PASSED] - Keys 'VirgosolKullanici' sent to object: 'Object Repository/Sayfalar/Yetki_Yonetimi/Kullanici_Bilgileri/Kullanici_Kodu'

2021-10-15 17:32:22 - [TEST_STEP][PASSED] - waitForElementPresent(findTestObject("Object Repository/Sayfalar/Yetki_Yonetimi/Kullanici_Bilgileri/Adi"), 10): Object 'Object Repository/Sayfalar/Yetki_Yonetimi/Kullanici_Bilgileri/Adi' is present

2021-10-15 17:32:22 - [MESSAGE][INFO] - Finding Test Object 'Object Repository/Sayfalar/Yetki_Yonetimi/Kullanici_Bilgileri/Adi'

2021-10-15 17:32:23 - [MESSAGE][INFO] - Checking object

2021-10-15 17:32:23 - [MESSAGE][INFO] - Finding web element from Test Object's properties

2021-10-15 17:32:23 - [MESSAGE][INFO] - Checking timeout

2021-10-15 17:32:23 - [MESSAGE][INFO] - Finding web element with id: 'Object Repository/Sayfalar/Yetki_Yonetimi/Kullanici_Bilgileri/Adi' located by 'By.xpath: //*[@id = 'Name_I']' in '10' second(s)

2021-10-15 17:32:23 - [MESSAGE][INFO] - Smart Wait Function is triggered

2021-10-15 17:32:23 - [MESSAGE][INFO] - Found 1 web elements with id: 'Object Repository/Sayfalar/Yetki_Yonetimi/Kullanici_Bilgileri/Adi' located by 'By.xpath: //*[@id = 'Name_I']' in '10' second(s)

2021-10-15 17:32:23 - [MESSAGE][PASSED] - Object 'Object Repository/Sayfalar/Yetki_Yonetimi/Kullanici_Bilgileri/Adi' is present

2021-10-15 17:32:23 - [TEST_STEP][PASSED] - clearText(findTestObject("Object Repository/Sayfalar/Yetki_Yonetimi/Kullanici_Bilgileri/Adi")): Text of object 'Object Repository/Sayfalar/Yetki_Yonetimi/Kullanici_Bilgileri/Adi' is cleared

2021-10-15 17:32:23 - [MESSAGE][INFO] - Finding Test Object 'Object Repository/Sayfalar/Yetki_Yonetimi/Kullanici_Bilgileri/Adi'

2021-10-15 17:32:23 - [MESSAGE][INFO] - Checking object

2021-10-15 17:32:23 - [MESSAGE][INFO] - Finding web element from Test Object's properties

2021-10-15 17:32:23 - [MESSAGE][INFO] - Checking timeout

2021-10-15 17:32:23 - [MESSAGE][INFO] - Finding web element with id: 'Object Repository/Sayfalar/Yetki_Yonetimi/Kullanici_Bilgileri/Adi' located by 'By.xpath: //*[@id = 'Name_I']' in '30' second(s)

2021-10-15 17:32:23 - [MESSAGE][INFO] - Smart Wait Function is triggered

2021-10-15 17:32:23 - [MESSAGE][INFO] - Found 1 web elements with id: 'Object Repository/Sayfalar/Yetki_Yonetimi/Kullanici_Bilgileri/Adi' located by 'By.xpath: //*[@id = 'Name_I']' in '30' second(s)

2021-10-15 17:32:23 - [MESSAGE][INFO] - Clearing text of object 'Object Repository/Sayfalar/Yetki_Yonetimi/Kullanici_Bilgileri/Adi'

2021-10-15 17:32:23 - [MESSAGE][PASSED] - Text of object 'Object Repository/Sayfalar/Yetki_Yonetimi/Kullanici_Bilgileri/Adi' is cleared

2021-10-15 17:32:23 - [TEST_STEP][PASSED] - sendKeys(findTestObject("Object Repository/Sayfalar/Yetki_Yonetimi/Kullanici_Bilgileri/Adi"), Adi): Keys 'Virgosol' sent to object: 'Object Repository/Sayfalar/Yetki_Yonetimi/Kullanici_Bilgileri/Adi'

2021-10-15 17:32:23 - [MESSAGE][INFO] - Finding Test Object 'Object Repository/Sayfalar/Yetki_Yonetimi/Kullanici_Bilgileri/Adi'

2021-10-15 17:32:23 - [MESSAGE][INFO] - Sending keys 'Virgosol' to object: 'Object Repository/Sayfalar/Yetki_Yonetimi/Kullanici_Bilgileri/Adi'

2021-10-15 17:32:23 - [MESSAGE][INFO] - Finding web element from Test Object's properties

2021-10-15 17:32:23 - [MESSAGE][INFO] - Checking timeout

2021-10-15 17:32:23 - [MESSAGE][INFO] - Finding web element with id: 'Object Repository/Sayfalar/Yetki_Yonetimi/Kullanici_Bilgileri/Adi' located by 'By.xpath: //*[@id = 'Name_I']' in '30' second(s)

2021-10-15 17:32:23 - [MESSAGE][INFO] - Smart Wait Function is triggered

2021-10-15 17:32:23 - [MESSAGE][INFO] - Found 1 web elements with id: 'Object Repository/Sayfalar/Yetki_Yonetimi/Kullanici_Bilgileri/Adi' located by 'By.xpath: //*[@id = 'Name_I']' in '30' second(s)

2021-10-15 17:32:23 - [MESSAGE][PASSED] - Keys 'Virgosol' sent to object: 'Object Repository/Sayfalar/Yetki_Yonetimi/Kullanici_Bilgileri/Adi'

2021-10-15 17:32:23 - [TEST_STEP][PASSED] - waitForElementPresent(findTestObject("Object Repository/Sayfalar/Yetki_Yonetimi/Kullanici_Bilgileri/Soyadi"), 10): Object 'Object Repository/Sayfalar/Yetki_Yonetimi/Kullanici_Bilgileri/Soyadi' is present

2021-10-15 17:32:23 - [MESSAGE][INFO] - Finding Test Object 'Object Repository/Sayfalar/Yetki_Yonetimi/Kullanici_Bilgileri/Soyadi'

2021-10-15 17:32:23 - [MESSAGE][INFO] - Checking object

2021-10-15 17:32:23 - [MESSAGE][INFO] - Finding web element from Test Object's properties

2021-10-15 17:32:23 - [MESSAGE][INFO] - Checking timeout

2021-10-15 17:32:23 - [MESSAGE][INFO] - Finding web element with id: 'Object Repository/Sayfalar/Yetki_Yonetimi/Kullanici_Bilgileri/Soyadi' located by 'By.xpath: //*[@id = 'FamilyName_I']' in '10' second(s)

2021-10-15 17:32:23 - [MESSAGE][INFO] - Smart Wait Function is triggered

2021-10-15 17:32:23 - [MESSAGE][INFO] - Found 1 web elements with id: 'Object Repository/Sayfalar/Yetki_Yonetimi/Kullanici_Bilgileri/Soyadi' located by 'By.xpath: //*[@id = 'FamilyName_I']' in '10' second(s)

2021-10-15 17:32:23 - [MESSAGE][PASSED] - Object 'Object Repository/Sayfalar/Yetki_Yonetimi/Kullanici_Bilgileri/Soyadi' is present

2021-10-15 17:32:23 - [TEST_STEP][PASSED] - clearText(findTestObject("Object Repository/Sayfalar/Yetki_Yonetimi/Kullanici_Bilgileri/Soyadi")): Text of object 'Object Repository/Sayfalar/Yetki_Yonetimi/Kullanici_Bilgileri/Soyadi' is cleared

2021-10-15 17:32:23 - [MESSAGE][INFO] - Finding Test Object 'Object Repository/Sayfalar/Yetki_Yonetimi/Kullanici_Bilgileri/Soyadi'

2021-10-15 17:32:23 - [MESSAGE][INFO] - Checking object

2021-10-15 17:32:23 - [MESSAGE][INFO] - Finding web element from Test Object's properties

2021-10-15 17:32:23 - [MESSAGE][INFO] - Checking timeout

2021-10-15 17:32:23 - [MESSAGE][INFO] - Finding web element with id: 'Object Repository/Sayfalar/Yetki_Yonetimi/Kullanici_Bilgileri/Soyadi' located by 'By.xpath: //*[@id = 'FamilyName_I']' in '30' second(s)

2021-10-15 17:32:23 - [MESSAGE][INFO] - Smart Wait Function is triggered

2021-10-15 17:32:23 - [MESSAGE][INFO] - Found 1 web elements with id: 'Object Repository/Sayfalar/Yetki_Yonetimi/Kullanici_Bilgileri/Soyadi' located by 'By.xpath: //*[@id = 'FamilyName_I']' in '30' second(s)

2021-10-15 17:32:23 - [MESSAGE][INFO] - Clearing text of object 'Object Repository/Sayfalar/Yetki_Yonetimi/Kullanici_Bilgileri/Soyadi'

2021-10-15 17:32:23 - [MESSAGE][PASSED] - Text of object 'Object Repository/Sayfalar/Yetki_Yonetimi/Kullanici_Bilgileri/Soyadi' is cleared

2021-10-15 17:32:23 - [TEST_STEP][PASSED] - sendKeys(findTestObject("Object Repository/Sayfalar/Yetki_Yonetimi/Kullanici_Bilgileri/Soyadi"), Soyadi): Keys 'Otomasyon' sent to object: 'Object Repository/Sayfalar/Yetki_Yonetimi/Kullanici_Bilgileri/Soyadi'

2021-10-15 17:32:23 - [MESSAGE][INFO] - Finding Test Object 'Object Repository/Sayfalar/Yetki_Yonetimi/Kullanici_Bilgileri/Soyadi'

2021-10-15 17:32:23 - [MESSAGE][INFO] - Sending keys 'Otomasyon' to object: 'Object Repository/Sayfalar/Yetki_Yonetimi/Kullanici_Bilgileri/Soyadi'

2021-10-15 17:32:23 - [MESSAGE][INFO] - Finding web element from Test Object's properties

2021-10-15 17:32:23 - [MESSAGE][INFO] - Checking timeout

2021-10-15 17:32:23 - [MESSAGE][INFO] - Finding web element with id: 'Object Repository/Sayfalar/Yetki_Yonetimi/Kullanici_Bilgileri/Soyadi' located by 'By.xpath: //*[@id = 'FamilyName_I']' in '30' second(s)

2021-10-15 17:32:23 - [MESSAGE][INFO] - Smart Wait Function is triggered

2021-10-15 17:32:23 - [MESSAGE][INFO] - Found 1 web elements with id: 'Object Repository/Sayfalar/Yetki_Yonetimi/Kullanici_Bilgileri/Soyadi' located by 'By.xpath: //*[@id = 'FamilyName_I']' in '30' second(s)

2021-10-15 17:32:23 - [MESSAGE][PASSED] - Keys 'Otomasyon' sent to object: 'Object Repository/Sayfalar/Yetki_Yonetimi/Kullanici_Bilgileri/Soyadi'

2021-10-15 17:32:23 - [TEST_STEP][PASSED] - waitForElementPresent(findTestObject("Object Repository/Sayfalar/Yetki_Yonetimi/Kullanici_Bilgileri/Posta"), 10): Object 'Object Repository/Sayfalar/Yetki_Yonetimi/Kullanici_Bilgileri/Posta' is present

2021-10-15 17:32:23 - [MESSAGE][INFO] - Finding Test Object 'Object Repository/Sayfalar/Yetki_Yonetimi/Kullanici_Bilgileri/Posta'

2021-10-15 17:32:24 - [MESSAGE][INFO] - Checking object

2021-10-15 17:32:24 - [MESSAGE][INFO] - Finding web element from Test Object's properties

2021-10-15 17:32:24 - [MESSAGE][INFO] - Checking timeout

2021-10-15 17:32:24 - [MESSAGE][INFO] - Finding web element with id: 'Object Repository/Sayfalar/Yetki_Yonetimi/Kullanici_Bilgileri/Posta' located by 'By.xpath: //*[@id = 'Mail_I']' in '10' second(s)

2021-10-15 17:32:24 - [MESSAGE][INFO] - Smart Wait Function is triggered

2021-10-15 17:32:24 - [MESSAGE][INFO] - Found 1 web elements with id: 'Object Repository/Sayfalar/Yetki_Yonetimi/Kullanici_Bilgileri/Posta' located by 'By.xpath: //*[@id = 'Mail_I']' in '10' second(s)

2021-10-15 17:32:24 - [MESSAGE][PASSED] - Object 'Object Repository/Sayfalar/Yetki_Yonetimi/Kullanici_Bilgileri/Posta' is present

2021-10-15 17:32:24 - [TEST_STEP][PASSED] - clearText(findTestObject("Object Repository/Sayfalar/Yetki_Yonetimi/Kullanici_Bilgileri/Posta")): Text of object 'Object Repository/Sayfalar/Yetki_Yonetimi/Kullanici_Bilgileri/Posta' is cleared

2021-10-15 17:32:24 - [MESSAGE][INFO] - Finding Test Object 'Object Repository/Sayfalar/Yetki_Yonetimi/Kullanici_Bilgileri/Posta'

2021-10-15 17:32:24 - [MESSAGE][INFO] - Checking object

2021-10-15 17:32:24 - [MESSAGE][INFO] - Finding web element from Test Object's properties

2021-10-15 17:32:24 - [MESSAGE][INFO] - Checking timeout

2021-10-15 17:32:24 - [MESSAGE][INFO] - Finding web element with id: 'Object Repository/Sayfalar/Yetki_Yonetimi/Kullanici_Bilgileri/Posta' located by 'By.xpath: //*[@id = 'Mail_I']' in '30' second(s)

2021-10-15 17:32:24 - [MESSAGE][INFO] - Smart Wait Function is triggered

2021-10-15 17:32:24 - [MESSAGE][INFO] - Found 1 web elements with id: 'Object Repository/Sayfalar/Yetki_Yonetimi/Kullanici_Bilgileri/Posta' located by 'By.xpath: //*[@id = 'Mail_I']' in '30' second(s)

2021-10-15 17:32:24 - [MESSAGE][INFO] - Clearing text of object 'Object Repository/Sayfalar/Yetki_Yonetimi/Kullanici_Bilgileri/Posta'

2021-10-15 17:32:24 - [MESSAGE][PASSED] - Text of object 'Object Repository/Sayfalar/Yetki_Yonetimi/Kullanici_Bilgileri/Posta' is cleared

2021-10-15 17:32:24 - [TEST_STEP][PASSED] - sendKeys(findTestObject("Object Repository/Sayfalar/Yetki_Yonetimi/Kullanici_Bilgileri/Posta"), Posta): Keys 'otomasyon@virgosol.com' sent to object: 'Object Repository/Sayfalar/Yetki_Yonetimi/Kullanici_Bilgileri/Posta'

2021-10-15 17:32:24 - [MESSAGE][INFO] - Finding Test Object 'Object Repository/Sayfalar/Yetki_Yonetimi/Kullanici_Bilgileri/Posta'

2021-10-15 17:32:24 - [MESSAGE][INFO] - Sending keys 'otomasyon@virgosol.com' to object: 'Object Repository/Sayfalar/Yetki_Yonetimi/Kullanici_Bilgileri/Posta'

2021-10-15 17:32:24 - [MESSAGE][INFO] - Finding web element from Test Object's properties

2021-10-15 17:32:24 - [MESSAGE][INFO] - Checking timeout

2021-10-15 17:32:24 - [MESSAGE][INFO] - Finding web element with id: 'Object Repository/Sayfalar/Yetki_Yonetimi/Kullanici_Bilgileri/Posta' located by 'By.xpath: //*[@id = 'Mail_I']' in '30' second(s)

2021-10-15 17:32:24 - [MESSAGE][INFO] - Smart Wait Function is triggered

2021-10-15 17:32:24 - [MESSAGE][INFO] - Found 1 web elements with id: 'Object Repository/Sayfalar/Yetki_Yonetimi/Kullanici_Bilgileri/Posta' located by 'By.xpath: //*[@id = 'Mail_I']' in '30' second(s)

2021-10-15 17:32:24 - [MESSAGE][PASSED] - Keys 'otomasyon@virgosol.com' sent to object: 'Object Repository/Sayfalar/Yetki_Yonetimi/Kullanici_Bilgileri/Posta'

2021-10-15 17:32:24 - [TEST_STEP][PASSED] - waitForElementPresent(findTestObject("Object Repository/Sayfalar/Yetki_Yonetimi/Kullanici_Bilgileri/Telefon"), 10): Object 'Object Repository/Sayfalar/Yetki_Yonetimi/Kullanici_Bilgileri/Telefon' is present

2021-10-15 17:32:24 - [MESSAGE][INFO] - Finding Test Object 'Object Repository/Sayfalar/Yetki_Yonetimi/Kullanici_Bilgileri/Telefon'

2021-10-15 17:32:24 - [MESSAGE][INFO] - Checking object

2021-10-15 17:32:24 - [MESSAGE][INFO] - Finding web element from Test Object's properties

2021-10-15 17:32:24 - [MESSAGE][INFO] - Checking timeout

2021-10-15 17:32:24 - [MESSAGE][INFO] - Finding web element with id: 'Object Repository/Sayfalar/Yetki_Yonetimi/Kullanici_Bilgileri/Telefon' located by 'By.xpath: //*[@id = 'Phone_I']' in '10' second(s)

2021-10-15 17:32:24 - [MESSAGE][INFO] - Smart Wait Function is triggered

2021-10-15 17:32:24 - [MESSAGE][INFO] - Found 1 web elements with id: 'Object Repository/Sayfalar/Yetki_Yonetimi/Kullanici_Bilgileri/Telefon' located by 'By.xpath: //*[@id = 'Phone_I']' in '10' second(s)

2021-10-15 17:32:24 - [MESSAGE][PASSED] - Object 'Object Repository/Sayfalar/Yetki_Yonetimi/Kullanici_Bilgileri/Telefon' is present

2021-10-15 17:32:24 - [TEST_STEP][PASSED] - clearText(findTestObject("Object Repository/Sayfalar/Yetki_Yonetimi/Kullanici_Bilgileri/Telefon")): Text of object 'Object Repository/Sayfalar/Yetki_Yonetimi/Kullanici_Bilgileri/Telefon' is cleared

2021-10-15 17:32:24 - [MESSAGE][INFO] - Finding Test Object 'Object Repository/Sayfalar/Yetki_Yonetimi/Kullanici_Bilgileri/Telefon'

2021-10-15 17:32:24 - [MESSAGE][INFO] - Checking object

2021-10-15 17:32:24 - [MESSAGE][INFO] - Finding web element from Test Object's properties

2021-10-15 17:32:24 - [MESSAGE][INFO] - Checking timeout

2021-10-15 17:32:24 - [MESSAGE][INFO] - Finding web element with id: 'Object Repository/Sayfalar/Yetki_Yonetimi/Kullanici_Bilgileri/Telefon' located by 'By.xpath: //*[@id = 'Phone_I']' in '30' second(s)

2021-10-15 17:32:24 - [MESSAGE][INFO] - Smart Wait Function is triggered

2021-10-15 17:32:24 - [MESSAGE][INFO] - Found 1 web elements with id: 'Object Repository/Sayfalar/Yetki_Yonetimi/Kullanici_Bilgileri/Telefon' located by 'By.xpath: //*[@id = 'Phone_I']' in '30' second(s)

2021-10-15 17:32:24 - [MESSAGE][INFO] - Clearing text of object 'Object Repository/Sayfalar/Yetki_Yonetimi/Kullanici_Bilgileri/Telefon'

2021-10-15 17:32:24 - [MESSAGE][PASSED] - Text of object 'Object Repository/Sayfalar/Yetki_Yonetimi/Kullanici_Bilgileri/Telefon' is cleared

2021-10-15 17:32:24 - [TEST_STEP][PASSED] - sendKeys(findTestObject("Object Repository/Sayfalar/Yetki_Yonetimi/Kullanici_Bilgileri/Telefon"), Telefon): Keys '5555555555' sent to object: 'Object Repository/Sayfalar/Yetki_Yonetimi/Kullanici_Bilgileri/Telefon'

2021-10-15 17:32:24 - [MESSAGE][INFO] - Finding Test Object 'Object Repository/Sayfalar/Yetki_Yonetimi/Kullanici_Bilgileri/Telefon'

2021-10-15 17:32:24 - [MESSAGE][INFO] - Sending keys '5555555555' to object: 'Object Repository/Sayfalar/Yetki_Yonetimi/Kullanici_Bilgileri/Telefon'

2021-10-15 17:32:24 - [MESSAGE][INFO] - Finding web element from Test Object's properties

2021-10-15 17:32:24 - [MESSAGE][INFO] - Checking timeout

2021-10-15 17:32:24 - [MESSAGE][INFO] - Finding web element with id: 'Object Repository/Sayfalar/Yetki_Yonetimi/Kullanici_Bilgileri/Telefon' located by 'By.xpath: //*[@id = 'Phone_I']' in '30' second(s)

2021-10-15 17:32:24 - [MESSAGE][INFO] - Smart Wait Function is triggered

2021-10-15 17:32:24 - [MESSAGE][INFO] - Found 1 web elements with id: 'Object Repository/Sayfalar/Yetki_Yonetimi/Kullanici_Bilgileri/Telefon' located by 'By.xpath: //*[@id = 'Phone_I']' in '30' second(s)

2021-10-15 17:32:24 - [MESSAGE][PASSED] - Keys '5555555555' sent to object: 'Object Repository/Sayfalar/Yetki_Yonetimi/Kullanici_Bilgileri/Telefon'

2021-10-15 17:32:24 - [TEST_STEP][PASSED] - waitForElementPresent(findTestObject("Object Repository/Sayfalar/Yetki_Yonetimi/Kullanici_Bilgileri/Unvan"), 10): Object 'Object Repository/Sayfalar/Yetki_Yonetimi/Kullanici_Bilgileri/Unvan' is present

2021-10-15 17:32:24 - [MESSAGE][INFO] - Finding Test Object 'Object Repository/Sayfalar/Yetki_Yonetimi/Kullanici_Bilgileri/Unvan'

2021-10-15 17:32:24 - [MESSAGE][INFO] - Checking object

2021-10-15 17:32:24 - [MESSAGE][INFO] - Finding web element from Test Object's properties

2021-10-15 17:32:24 - [MESSAGE][INFO] - Checking timeout

2021-10-15 17:32:24 - [MESSAGE][INFO] - Finding web element with id: 'Object Repository/Sayfalar/Yetki_Yonetimi/Kullanici_Bilgileri/Unvan' located by 'By.xpath: //*[@id = 'Title_I']' in '10' second(s)

2021-10-15 17:32:24 - [MESSAGE][INFO] - Smart Wait Function is triggered

2021-10-15 17:32:24 - [MESSAGE][INFO] - Found 1 web elements with id: 'Object Repository/Sayfalar/Yetki_Yonetimi/Kullanici_Bilgileri/Unvan' located by 'By.xpath: //*[@id = 'Title_I']' in '10' second(s)

2021-10-15 17:32:24 - [MESSAGE][PASSED] - Object 'Object Repository/Sayfalar/Yetki_Yonetimi/Kullanici_Bilgileri/Unvan' is present

2021-10-15 17:32:24 - [TEST_STEP][PASSED] - clearText(findTestObject("Object Repository/Sayfalar/Yetki_Yonetimi/Kullanici_Bilgileri/Unvan")): Text of object 'Object Repository/Sayfalar/Yetki_Yonetimi/Kullanici_Bilgileri/Unvan' is cleared

2021-10-15 17:32:24 - [MESSAGE][INFO] - Finding Test Object 'Object Repository/Sayfalar/Yetki_Yonetimi/Kullanici_Bilgileri/Unvan'

2021-10-15 17:32:24 - [MESSAGE][INFO] - Checking object

2021-10-15 17:32:24 - [MESSAGE][INFO] - Finding web element from Test Object's properties

2021-10-15 17:32:24 - [MESSAGE][INFO] - Checking timeout

2021-10-15 17:32:24 - [MESSAGE][INFO] - Finding web element with id: 'Object Repository/Sayfalar/Yetki_Yonetimi/Kullanici_Bilgileri/Unvan' located by 'By.xpath: //*[@id = 'Title_I']' in '30' second(s)

2021-10-15 17:32:24 - [MESSAGE][INFO] - Smart Wait Function is triggered

2021-10-15 17:32:25 - [MESSAGE][INFO] - Found 1 web elements with id: 'Object Repository/Sayfalar/Yetki_Yonetimi/Kullanici_Bilgileri/Unvan' located by 'By.xpath: //*[@id = 'Title_I']' in '30' second(s)

2021-10-15 17:32:25 - [MESSAGE][INFO] - Clearing text of object 'Object Repository/Sayfalar/Yetki_Yonetimi/Kullanici_Bilgileri/Unvan'

2021-10-15 17:32:25 - [MESSAGE][PASSED] - Text of object 'Object Repository/Sayfalar/Yetki_Yonetimi/Kullanici_Bilgileri/Unvan' is cleared

2021-10-15 17:32:25 - [TEST_STEP][PASSED] - sendKeys(findTestObject("Object Repository/Sayfalar/Yetki_Yonetimi/Kullanici_Bilgileri/Unvan"), Unvan): Keys 'Firma' sent to object: 'Object Repository/Sayfalar/Yetki_Yonetimi/Kullanici_Bilgileri/Unvan'

2021-10-15 17:32:25 - [MESSAGE][INFO] - Finding Test Object 'Object Repository/Sayfalar/Yetki_Yonetimi/Kullanici_Bilgileri/Unvan'

2021-10-15 17:32:25 - [MESSAGE][INFO] - Sending keys 'Firma' to object: 'Object Repository/Sayfalar/Yetki_Yonetimi/Kullanici_Bilgileri/Unvan'

2021-10-15 17:32:25 - [MESSAGE][INFO] - Finding web element from Test Object's properties

2021-10-15 17:32:25 - [MESSAGE][INFO] - Checking timeout

2021-10-15 17:32:25 - [MESSAGE][INFO] - Finding web element with id: 'Object Repository/Sayfalar/Yetki_Yonetimi/Kullanici_Bilgileri/Unvan' located by 'By.xpath: //*[@id = 'Title_I']' in '30' second(s)

2021-10-15 17:32:25 - [MESSAGE][INFO] - Smart Wait Function is triggered

2021-10-15 17:32:25 - [MESSAGE][INFO] - Found 1 web elements with id: 'Object Repository/Sayfalar/Yetki_Yonetimi/Kullanici_Bilgileri/Unvan' located by 'By.xpath: //*[@id = 'Title_I']' in '30' second(s)

2021-10-15 17:32:25 - [MESSAGE][PASSED] - Keys 'Firma' sent to object: 'Object Repository/Sayfalar/Yetki_Yonetimi/Kullanici_Bilgileri/Unvan'

2021-10-15 17:32:25 - [TEST_STEP][PASSED] - Method.TextDegerineEsitElementinAltindakineTikla(findTestObject("Object Repository/Sayfalar/Yetki_Yonetimi/Kullanici_Bilgileri/Firma_Secimi"), findTestObject("Object Repository/Sayfalar/Yetki_Yonetimi/Kullanici_Bilgileri/Firma_Secimi_Checkbox"), Firma_Secimi): Method.TextDegerineEsitElementinAltindakineTikla is PASSED

2021-10-15 17:32:25 - [MESSAGE][INFO] - Finding Test Object 'Object Repository/Sayfalar/Yetki_Yonetimi/Kullanici_Bilgileri/Firma_Secimi'

2021-10-15 17:32:25 - [MESSAGE][INFO] - Finding Test Object 'Object Repository/Sayfalar/Yetki_Yonetimi/Kullanici_Bilgileri/Firma_Secimi_Checkbox'

2021-10-15 17:32:25 - [MESSAGE][INFO] - Checking timeout

2021-10-15 17:32:25 - [MESSAGE][INFO] - Finding web element with id: 'Object Repository/Sayfalar/Yetki_Yonetimi/Kullanici_Bilgileri/Firma_Secimi' located by 'By.cssSelector: #FirmListBox_LBT td' in '10' second(s)

2021-10-15 17:32:25 - [MESSAGE][INFO] - Smart Wait Function is triggered

2021-10-15 17:32:25 - [MESSAGE][INFO] - Found 4 web elements with id: 'Object Repository/Sayfalar/Yetki_Yonetimi/Kullanici_Bilgileri/Firma_Secimi' located by 'By.cssSelector: #FirmListBox_LBT td' in '10' second(s)

2021-10-15 17:32:25 - [MESSAGE][INFO] - Smart Wait Function is triggered

2021-10-15 17:32:25 - [MESSAGE][PASSED] - Method.TextDegerineEsitElementinAltindakineTikla is PASSED

2021-10-15 17:32:25 - [TEST_STEP][PASSED] - waitForElementClickable(findTestObject("Object Repository/Sayfalar/Yetki_Yonetimi/Kullanici_Bilgileri/Kaydet"), 10): Object 'Object Repository/Sayfalar/Yetki_Yonetimi/Kullanici_Bilgileri/Kaydet' is clickable

2021-10-15 17:32:25 - [MESSAGE][INFO] - Finding Test Object 'Object Repository/Sayfalar/Yetki_Yonetimi/Kullanici_Bilgileri/Kaydet'

2021-10-15 17:32:25 - [MESSAGE][INFO] - Checking object

2021-10-15 17:32:25 - [MESSAGE][INFO] - Checking timeout

2021-10-15 17:32:25 - [MESSAGE][INFO] - Finding web element from Test Object's properties

2021-10-15 17:32:25 - [MESSAGE][INFO] - Checking timeout

2021-10-15 17:32:25 - [MESSAGE][INFO] - Finding web element with id: 'Object Repository/Sayfalar/Yetki_Yonetimi/Kullanici_Bilgileri/Kaydet' located by 'By.cssSelector: #btnSave_CD span' in '10' second(s)

2021-10-15 17:32:25 - [MESSAGE][INFO] - Smart Wait Function is triggered

2021-10-15 17:32:25 - [MESSAGE][INFO] - Found 1 web elements with id: 'Object Repository/Sayfalar/Yetki_Yonetimi/Kullanici_Bilgileri/Kaydet' located by 'By.cssSelector: #btnSave_CD span' in '10' second(s)

2021-10-15 17:32:25 - [MESSAGE][PASSED] - Object 'Object Repository/Sayfalar/Yetki_Yonetimi/Kullanici_Bilgileri/Kaydet' is clickable

2021-10-15 17:32:25 - [TEST_STEP][PASSED] - click(findTestObject("Object Repository/Sayfalar/Yetki_Yonetimi/Kullanici_Bilgileri/Kaydet")): Object: 'Object Repository/Sayfalar/Yetki_Yonetimi/Kullanici_Bilgileri/Kaydet' is clicked on

2021-10-15 17:32:25 - [MESSAGE][INFO] - Finding Test Object 'Object Repository/Sayfalar/Yetki_Yonetimi/Kullanici_Bilgileri/Kaydet'

2021-10-15 17:32:25 - [MESSAGE][INFO] - Checking object

2021-10-15 17:32:25 - [MESSAGE][INFO] - Finding web element from Test Object's properties

2021-10-15 17:32:25 - [MESSAGE][INFO] - Checking timeout

2021-10-15 17:32:25 - [MESSAGE][INFO] - Finding web element with id: 'Object Repository/Sayfalar/Yetki_Yonetimi/Kullanici_Bilgileri/Kaydet' located by 'By.cssSelector: #btnSave_CD span' in '30' second(s)

2021-10-15 17:32:25 - [MESSAGE][INFO] - Smart Wait Function is triggered

2021-10-15 17:32:25 - [MESSAGE][INFO] - Found 1 web elements with id: 'Object Repository/Sayfalar/Yetki_Yonetimi/Kullanici_Bilgileri/Kaydet' located by 'By.cssSelector: #btnSave_CD span' in '30' second(s)

2021-10-15 17:32:25 - [MESSAGE][INFO] - Clicking on object: 'Object Repository/Sayfalar/Yetki_Yonetimi/Kullanici_Bilgileri/Kaydet'

2021-10-15 17:32:25 - [MESSAGE][PASSED] - Object: 'Object Repository/Sayfalar/Yetki_Yonetimi/Kullanici_Bilgileri/Kaydet' is clicked on

2021-10-15 17:32:25 - [TEST_STEP][PASSED] - waitForElementClickable(findTestObject("Object Repository/Popup/Popup_Butons"), 10): Object 'Object Repository/Popup/Popup_Butons' is clickable

2021-10-15 17:32:25 - [MESSAGE][INFO] - Finding Test Object 'Object Repository/Popup/Popup_Butons'

2021-10-15 17:32:25 - [MESSAGE][INFO] - Checking object

2021-10-15 17:32:25 - [MESSAGE][INFO] - Checking timeout

2021-10-15 17:32:25 - [MESSAGE][INFO] - Finding web element from Test Object's properties

2021-10-15 17:32:25 - [MESSAGE][INFO] - Checking timeout

2021-10-15 17:32:25 - [MESSAGE][INFO] - Finding web element with id: 'Object Repository/Popup/Popup_Butons' located by 'By.cssSelector: .modal-footer>button' in '10' second(s)

2021-10-15 17:32:25 - [MESSAGE][INFO] - Smart Wait Function is triggered

2021-10-15 17:32:25 - [MESSAGE][INFO] - Smart Wait Function is triggered

2021-10-15 17:32:25 - [MESSAGE][INFO] - Smart Wait Function is triggered

2021-10-15 17:32:25 - [MESSAGE][INFO] - Smart Wait Function is triggered

2021-10-15 17:32:26 - [MESSAGE][INFO] - Smart Wait Function is triggered

2021-10-15 17:32:26 - [MESSAGE][INFO] - Smart Wait Function is triggered

2021-10-15 17:32:26 - [MESSAGE][INFO] - Found 1 web elements with id: 'Object Repository/Popup/Popup_Butons' located by 'By.cssSelector: .modal-footer>button' in '10' second(s)

2021-10-15 17:32:26 - [MESSAGE][PASSED] - Object 'Object Repository/Popup/Popup_Butons' is clickable

2021-10-15 17:32:26 - [TEST_STEP][PASSED] - waitForElementVisible(findTestObject("Object Repository/Popup/Popup_Butons"), 10): Object 'Object Repository/Popup/Popup_Butons' is visible

2021-10-15 17:32:26 - [MESSAGE][INFO] - Finding Test Object 'Object Repository/Popup/Popup_Butons'

2021-10-15 17:32:26 - [MESSAGE][INFO] - Checking object

2021-10-15 17:32:26 - [MESSAGE][INFO] - Checking timeout

2021-10-15 17:32:26 - [MESSAGE][INFO] - Finding web element from Test Object's properties

2021-10-15 17:32:26 - [MESSAGE][INFO] - Checking timeout

2021-10-15 17:32:26 - [MESSAGE][INFO] - Finding web element with id: 'Object Repository/Popup/Popup_Butons' located by 'By.cssSelector: .modal-footer>button' in '10' second(s)

2021-10-15 17:32:26 - [MESSAGE][INFO] - Smart Wait Function is triggered

2021-10-15 17:32:26 - [MESSAGE][INFO] - Found 1 web elements with id: 'Object Repository/Popup/Popup_Butons' located by 'By.cssSelector: .modal-footer>button' in '10' second(s)

2021-10-15 17:32:26 - [MESSAGE][PASSED] - Object 'Object Repository/Popup/Popup_Butons' is visible

2021-10-15 17:32:26 - [TEST_STEP][PASSED] - click(findTestObject("Object Repository/Popup/Popup_Butons")): Object: 'Object Repository/Popup/Popup_Butons' is clicked on

2021-10-15 17:32:26 - [MESSAGE][INFO] - Finding Test Object 'Object Repository/Popup/Popup_Butons'

2021-10-15 17:32:26 - [MESSAGE][INFO] - Checking object

2021-10-15 17:32:26 - [MESSAGE][INFO] - Finding web element from Test Object's properties

2021-10-15 17:32:26 - [MESSAGE][INFO] - Checking timeout

2021-10-15 17:32:26 - [MESSAGE][INFO] - Finding web element with id: 'Object Repository/Popup/Popup_Butons' located by 'By.cssSelector: .modal-footer>button' in '30' second(s)

2021-10-15 17:32:26 - [MESSAGE][INFO] - Smart Wait Function is triggered

2021-10-15 17:32:26 - [MESSAGE][INFO] - Found 1 web elements with id: 'Object Repository/Popup/Popup_Butons' located by 'By.cssSelector: .modal-footer>button' in '30' second(s)

2021-10-15 17:32:26 - [MESSAGE][INFO] - Clicking on object: 'Object Repository/Popup/Popup_Butons'

2021-10-15 17:32:26 - [MESSAGE][PASSED] - Object: 'Object Repository/Popup/Popup_Butons' is clicked on

2021-10-15 17:32:26 - [TEST_STEP][PASSED] - switchToDefaultContent(): Switching to default content

2021-10-15 17:32:26 - [MESSAGE][INFO] - Switching to default content

2021-10-15 17:32:26 - [MESSAGE][PASSED] - Call Test Case 'Test Cases/Sayfalar/Yetki_Yonetimi/KullaniciEklenir' successfully

2021-10-15 17:32:26 - [MESSAGE][INFO] - Checking called Test Case

2021-10-15 17:32:26 - [MESSAGE][INFO] - Starting to call Test Case 'Test Cases/Kullanici_Islemleri/KullaniciIslemlerindenSecimYapilir'

2021-10-15 17:32:26 - [TEST_CASE][PASSED] - Test Cases/Kullanici_Islemleri/KullaniciIslemlerindenSecimYapilir: Test Cases/Kullanici_Islemleri/KullaniciIslemlerindenSecimYapilir

2021-10-15 17:32:26 - [TEST_STEP][PASSED] - waitForElementClickable(findTestObject("Object Repository/Kullanici_Islemleri/KullaniciIslemleri"), 10): Object 'Object Repository/Kullanici_Islemleri/KullaniciIslemleri' is clickable

2021-10-15 17:32:26 - [MESSAGE][INFO] - Finding Test Object 'Object Repository/Kullanici_Islemleri/KullaniciIslemleri'

2021-10-15 17:32:26 - [MESSAGE][INFO] - Checking object

2021-10-15 17:32:26 - [MESSAGE][INFO] - Checking timeout

2021-10-15 17:32:26 - [MESSAGE][INFO] - Finding web element from Test Object's properties

2021-10-15 17:32:26 - [MESSAGE][INFO] - Checking timeout

2021-10-15 17:32:26 - [MESSAGE][INFO] - Finding web element with id: 'Object Repository/Kullanici_Islemleri/KullaniciIslemleri' located by 'By.cssSelector: .dropdown>a>img' in '10' second(s)

2021-10-15 17:32:26 - [MESSAGE][INFO] - Smart Wait Function is triggered

2021-10-15 17:32:27 - [MESSAGE][INFO] - Found 1 web elements with id: 'Object Repository/Kullanici_Islemleri/KullaniciIslemleri' located by 'By.cssSelector: .dropdown>a>img' in '10' second(s)

2021-10-15 17:32:27 - [MESSAGE][PASSED] - Object 'Object Repository/Kullanici_Islemleri/KullaniciIslemleri' is clickable

2021-10-15 17:32:27 - [TEST_STEP][PASSED] - click(findTestObject("Object Repository/Kullanici_Islemleri/KullaniciIslemleri")): Object: 'Object Repository/Kullanici_Islemleri/KullaniciIslemleri' is clicked on

2021-10-15 17:32:27 - [MESSAGE][INFO] - Finding Test Object 'Object Repository/Kullanici_Islemleri/KullaniciIslemleri'

2021-10-15 17:32:27 - [MESSAGE][INFO] - Checking object

2021-10-15 17:32:27 - [MESSAGE][INFO] - Finding web element from Test Object's properties

2021-10-15 17:32:27 - [MESSAGE][INFO] - Checking timeout

2021-10-15 17:32:27 - [MESSAGE][INFO] - Finding web element with id: 'Object Repository/Kullanici_Islemleri/KullaniciIslemleri' located by 'By.cssSelector: .dropdown>a>img' in '30' second(s)

2021-10-15 17:32:27 - [MESSAGE][INFO] - Smart Wait Function is triggered

2021-10-15 17:32:27 - [MESSAGE][INFO] - Found 1 web elements with id: 'Object Repository/Kullanici_Islemleri/KullaniciIslemleri' located by 'By.cssSelector: .dropdown>a>img' in '30' second(s)

2021-10-15 17:32:27 - [MESSAGE][INFO] - Clicking on object: 'Object Repository/Kullanici_Islemleri/KullaniciIslemleri'

2021-10-15 17:32:27 - [MESSAGE][PASSED] - Object: 'Object Repository/Kullanici_Islemleri/KullaniciIslemleri' is clicked on

2021-10-15 17:32:27 - [TEST_STEP][PASSED] - Method.TextDegerineEsitElementeTikla(findTestObject("Object Repository/Kullanici_Islemleri/Secenekler"), Islem): Method.TextDegerineEsitElementeTikla is PASSED

2021-10-15 17:32:27 - [MESSAGE][INFO] - Finding Test Object 'Object Repository/Kullanici_Islemleri/Secenekler'

2021-10-15 17:32:27 - [MESSAGE][INFO] - Checking timeout

2021-10-15 17:32:27 - [MESSAGE][INFO] - Finding web element with id: 'Object Repository/Kullanici_Islemleri/Secenekler' located by 'By.cssSelector: .nav.navbar-nav.navbar-right li a' in '10' second(s)

2021-10-15 17:32:27 - [MESSAGE][INFO] - Smart Wait Function is triggered

2021-10-15 17:32:28 - [MESSAGE][INFO] - Found 22 web elements with id: 'Object Repository/Kullanici_Islemleri/Secenekler' located by 'By.cssSelector: .nav.navbar-nav.navbar-right li a' in '10' second(s)

2021-10-15 17:32:28 - [MESSAGE][PASSED] - Method.TextDegerineEsitElementeTikla is PASSED

2021-10-15 17:32:28 - [TEST_STEP][PASSED] - verifyElementNotPresent(findTestObject("Object Repository/Kullanici_Islemleri/Secenekler"), 10): Web element with id: 'Object Repository/Kullanici_Islemleri/Secenekler' located by 'By.cssSelector: .nav.navbar-nav.navbar-right li a' is not present after '10' second(s)

2021-10-15 17:32:28 - [MESSAGE][INFO] - Finding Test Object 'Object Repository/Kullanici_Islemleri/Secenekler'

2021-10-15 17:32:28 - [MESSAGE][INFO] - Checking object

2021-10-15 17:32:28 - [MESSAGE][INFO] - Checking timeout

2021-10-15 17:32:28 - [MESSAGE][INFO] - Finding web element with id: 'Object Repository/Kullanici_Islemleri/Secenekler' located by 'By.cssSelector: .nav.navbar-nav.navbar-right li a' in '10' second(s)

2021-10-15 17:32:28 - [MESSAGE][INFO] - Smart Wait Function is triggered

2021-10-15 17:32:29 - [MESSAGE][PASSED] - Web element with id: 'Object Repository/Kullanici_Islemleri/Secenekler' located by 'By.cssSelector: .nav.navbar-nav.navbar-right li a' is not present after '10' second(s)

2021-10-15 17:32:29 - [MESSAGE][PASSED] - Call Test Case 'Test Cases/Kullanici_Islemleri/KullaniciIslemlerindenSecimYapilir' successfully

2021-10-15 17:32:29 - [TEST_CASE][PASSED] - Start Test Case : SCENARIO Kullanici Eklenir: SCENARIO Kullanici Eklenir

2021-10-15 17:32:29 - [TEST_STEP][PASSED] - Kullanıcı adı ELOGO6 ve Şifre 123456 olarak giriş yapılır: Kullanıcı adı ELOGO6 ve Şifre 123456 olarak giriş yapılır

2021-10-15 17:32:29 - [MESSAGE][PASSED] - Kullanıcı adı ELOGO6 ve Şifre 123456 olarak giriş yapılır

2021-10-15 17:32:29 - [TEST_STEP][PASSED] - Ana menüden Firma Yönetimi seçilir: Ana menüden Firma Yönetimi seçilir

2021-10-15 17:32:29 - [MESSAGE][PASSED] - Ana menüden Firma Yönetimi seçilir

2021-10-15 17:32:29 - [TEST_STEP][PASSED] - Alt menüden Yetki Yönetimi seçilir: Alt menüden Yetki Yönetimi seçilir

2021-10-15 17:32:29 - [MESSAGE][PASSED] - Alt menüden Yetki Yönetimi seçilir

2021-10-15 17:32:29 - [TEST_STEP][PASSED] - Butonlardan Kullanıcı Ekle isimli butona tıklanır: Butonlardan Kullanıcı Ekle isimli butona tıklanır

2021-10-15 17:32:29 - [MESSAGE][PASSED] - Butonlardan Kullanıcı Ekle isimli butona tıklanır

2021-10-15 17:32:29 - [TEST_STEP][PASSED] - Kullanıcı bilgileri VirgosolKullanici,otomasyon@virgosol.com,Virgosol,Otomasyon,5555555555,Firma,ELOGO6 olarak girilir: Kullanıcı bilgileri VirgosolKullanici,otomasyon@virgosol.com,Virgosol,Otomasyon,5555555555,Firma,ELOGO6 olarak girilir

2021-10-15 17:32:29 - [MESSAGE][PASSED] - Kullanıcı bilgileri VirgosolKullanici,otomasyon@virgosol.com,Virgosol,Otomasyon,5555555555,Firma,ELOGO6 olarak girilir

2021-10-15 17:32:29 - [TEST_STEP][PASSED] - Kullanıcı işlemlerinden Çıkış seçilir: Kullanıcı işlemlerinden Çıkış seçilir

2021-10-15 17:32:29 - [MESSAGE][PASSED] - Kullanıcı işlemlerinden Çıkış seçilir

2021-10-15 17:32:29 - [MESSAGE][PASSED] - Feature file: 'Include/features/Firma Yonetimi/Yetki Yonetimi/Kullanici Tanimlari/Kullanici Ekle.feature' was passed

2021-10-15 17:32:29 - [TEST_STEP][PASSED] - Start listener action : sampleAfterTestSuite: Invoke 'com.kms.katalon.core.annotation.AfterTestCase' method: 'Listener.sampleAfterTestSuite(...)' completed.

2021-10-15 17:32:29 - [MESSAGE][INFO] - Starting invoke 'com.kms.katalon.core.annotation.AfterTestCase' method: 'Listener.sampleAfterTestSuite(...)'

2021-10-15 17:32:29 - [TEST_STEP][PASSED] - closeBrowser(): Invoke 'com.kms.katalon.core.annotation.AfterTestCase' method: 'Listener.sampleAfterTestSuite(...)' completed.

2021-10-15 17:32:29 - [MESSAGE][INFO] - Closing browser

2021-10-15 17:32:30 - [MESSAGE][PASSED] - Browser is closed

2021-10-15 17:32:30 - [MESSAGE][INFO] - Invoke 'com.kms.katalon.core.annotation.AfterTestCase' method: 'Listener.sampleAfterTestSuite(...)' completed.]]></system-out>
         <system-err><![CDATA[]]></system-err>
      </testcase>
      <testcase name="Test Cases/Case Repository/Firma Yonetimi/Yetki Yonetimi/Kullanici Tanimlari/Rol ve Departman Tanimla" time="37.888" classname="Test Cases/Case Repository/Firma Yonetimi/Yetki Yonetimi/Kullanici Tanimlari/Rol ve Departman Tanimla" status="PASSED">
         <system-out><![CDATA[2021-10-15 17:32:30 - [TEST_CASE][PASSED] - Test Cases/Case Repository/Firma Yonetimi/Yetki Yonetimi/Kullanici Tanimlari/Rol ve Departman Tanimla: Test Cases/Case Repository/Firma Yonetimi/Yetki Yonetimi/Kullanici Tanimlari/Rol ve Departman Tanimla

2021-10-15 17:32:30 - [TEST_STEP][PASSED] - Start listener action : sampleBeforeTestSuite: Invoke 'com.kms.katalon.core.annotation.BeforeTestCase' method: 'Listener.sampleBeforeTestSuite(...)' completed.

2021-10-15 17:32:30 - [MESSAGE][INFO] - Starting invoke 'com.kms.katalon.core.annotation.BeforeTestCase' method: 'Listener.sampleBeforeTestSuite(...)'

2021-10-15 17:32:30 - [TEST_STEP][PASSED] - openBrowser(baseUrl): Browser is opened with url: 'https://efatura-stage.elogo.com.tr/'

2021-10-15 17:32:30 - [MESSAGE][INFO] - Opening browser

2021-10-15 17:32:30 - [MESSAGE][INFO] - Starting 'Chrome' driver

2021-10-15 17:32:30 - [MESSAGE][INFO] - User set preference: ['prefs', '{download.default_directory=C:\otomasyondownfiles}']

2021-10-15 17:32:30 - [MESSAGE][INFO] - Action delay is set to 0 milliseconds

2021-10-15 17:32:31 - [MESSAGE][INFO] - Navigating browser to: 'https://efatura-stage.elogo.com.tr/'

2021-10-15 17:32:34 - [MESSAGE][PASSED] - Browser is opened with url: 'https://efatura-stage.elogo.com.tr/'

2021-10-15 17:32:34 - [TEST_STEP][PASSED] - maximizeWindow(): Invoke 'com.kms.katalon.core.annotation.BeforeTestCase' method: 'Listener.sampleBeforeTestSuite(...)' completed.

2021-10-15 17:32:34 - [MESSAGE][INFO] - Maximizing current window

2021-10-15 17:32:34 - [MESSAGE][PASSED] - Current window maximized

2021-10-15 17:32:34 - [MESSAGE][INFO] - Invoke 'com.kms.katalon.core.annotation.BeforeTestCase' method: 'Listener.sampleBeforeTestSuite(...)' completed.

2021-10-15 17:32:34 - [TEST_STEP][PASSED] - runFeatureFile("Include/features/Firma Yonetimi/Yetki Yonetimi/Kullanici Tanimlari/Rol ve Departman Tanimla.feature"): Feature file: 'Include/features/Firma Yonetimi/Yetki Yonetimi/Kullanici Tanimlari/Rol ve Departman Tanimla.feature' was passed

2021-10-15 17:32:34 - [MESSAGE][INFO] - Starting run keyword runFeatureFile: 'Include/features/Firma Yonetimi/Yetki Yonetimi/Kullanici Tanimlari/Rol ve Departman Tanimla.feature' and extract report to folder: 'C:\Users\DELL\Downloads\EES_Katalon-main\Reports\20211015_165642\Suite Repository\Firma_Yonetimi\20211015_165749/cucumber_report/1634308354903'...

2021-10-15 17:32:34 - [MESSAGE][INFO] - Glue: []

2021-10-15 17:32:36 - [MESSAGE][INFO] - Checking called Test Case

2021-10-15 17:32:36 - [MESSAGE][INFO] - Starting to call Test Case 'Test Cases/Sayfalar/Giris_Sayfasi/Login'

2021-10-15 17:32:36 - [TEST_CASE][PASSED] - Test Cases/Sayfalar/Giris_Sayfasi/Login: Test Cases/Sayfalar/Giris_Sayfasi/Login

2021-10-15 17:32:36 - [TEST_STEP][PASSED] - Sayfa_Basligi = getWindowTitle(): Current window's title is: 'LOGO e-Fatura'

2021-10-15 17:32:36 - [MESSAGE][INFO] - Getting current window's title

2021-10-15 17:32:36 - [MESSAGE][PASSED] - Current window's title is: 'LOGO e-Fatura'

2021-10-15 17:32:36 - [TEST_STEP][PASSED] - verifyMatch(Sayfa_Basligi, "LOGO e-Fatura", false): Actual text 'LOGO e-Fatura' and expected text 'LOGO e-Fatura' are matched 

2021-10-15 17:32:36 - [MESSAGE][INFO] - Matching actual text 'LOGO e-Fatura' with expected text 'LOGO e-Fatura'

2021-10-15 17:32:36 - [MESSAGE][PASSED] - Actual text 'LOGO e-Fatura' and expected text 'LOGO e-Fatura' are matched 

2021-10-15 17:32:36 - [TEST_STEP][PASSED] - sendKeys(findTestObject("Sayfalar/Giris_Sayfasi/Firma_Kodu"), KullaniciAdi): Keys 'ELOGO6' sent to object: 'Object Repository/Sayfalar/Giris_Sayfasi/Firma_Kodu'

2021-10-15 17:32:36 - [MESSAGE][INFO] - Finding Test Object 'Object Repository/Sayfalar/Giris_Sayfasi/Firma_Kodu'

2021-10-15 17:32:36 - [MESSAGE][INFO] - Sending keys 'ELOGO6' to object: 'Object Repository/Sayfalar/Giris_Sayfasi/Firma_Kodu'

2021-10-15 17:32:36 - [MESSAGE][INFO] - Finding web element from Test Object's properties

2021-10-15 17:32:36 - [MESSAGE][INFO] - Checking timeout

2021-10-15 17:32:36 - [MESSAGE][INFO] - Finding web element with id: 'Object Repository/Sayfalar/Giris_Sayfasi/Firma_Kodu' located by 'By.xpath: //*[@id = 'AccountName']' in '30' second(s)

2021-10-15 17:32:36 - [MESSAGE][INFO] - Smart Wait Function is triggered

2021-10-15 17:32:36 - [MESSAGE][INFO] - Found 1 web elements with id: 'Object Repository/Sayfalar/Giris_Sayfasi/Firma_Kodu' located by 'By.xpath: //*[@id = 'AccountName']' in '30' second(s)

2021-10-15 17:32:36 - [MESSAGE][PASSED] - Keys 'ELOGO6' sent to object: 'Object Repository/Sayfalar/Giris_Sayfasi/Firma_Kodu'

2021-10-15 17:32:36 - [TEST_STEP][PASSED] - sendKeys(findTestObject("Sayfalar/Giris_Sayfasi/Sifre"), Sifre): Keys '123456' sent to object: 'Object Repository/Sayfalar/Giris_Sayfasi/Sifre'

2021-10-15 17:32:36 - [MESSAGE][INFO] - Finding Test Object 'Object Repository/Sayfalar/Giris_Sayfasi/Sifre'

2021-10-15 17:32:37 - [MESSAGE][INFO] - Sending keys '123456' to object: 'Object Repository/Sayfalar/Giris_Sayfasi/Sifre'

2021-10-15 17:32:37 - [MESSAGE][INFO] - Finding web element from Test Object's properties

2021-10-15 17:32:37 - [MESSAGE][INFO] - Checking timeout

2021-10-15 17:32:37 - [MESSAGE][INFO] - Finding web element with id: 'Object Repository/Sayfalar/Giris_Sayfasi/Sifre' located by 'By.xpath: //*[@id = 'Password']' in '30' second(s)

2021-10-15 17:32:37 - [MESSAGE][INFO] - Smart Wait Function is triggered

2021-10-15 17:32:37 - [MESSAGE][INFO] - Found 1 web elements with id: 'Object Repository/Sayfalar/Giris_Sayfasi/Sifre' located by 'By.xpath: //*[@id = 'Password']' in '30' second(s)

2021-10-15 17:32:37 - [MESSAGE][PASSED] - Keys '123456' sent to object: 'Object Repository/Sayfalar/Giris_Sayfasi/Sifre'

2021-10-15 17:32:37 - [TEST_STEP][PASSED] - findWebElement(findTestObject("Sayfalar/Giris_Sayfasi/Giris_Butonu")).click(): Found 1 web elements with id: 'Object Repository/Sayfalar/Giris_Sayfasi/Giris_Butonu' located by 'By.cssSelector: #btnLogin' in '30' second(s)

2021-10-15 17:32:37 - [MESSAGE][INFO] - Finding Test Object 'Object Repository/Sayfalar/Giris_Sayfasi/Giris_Butonu'

2021-10-15 17:32:37 - [MESSAGE][INFO] - Finding web element from Test Object's properties

2021-10-15 17:32:37 - [MESSAGE][INFO] - Checking timeout

2021-10-15 17:32:37 - [MESSAGE][INFO] - Finding web element with id: 'Object Repository/Sayfalar/Giris_Sayfasi/Giris_Butonu' located by 'By.cssSelector: #btnLogin' in '30' second(s)

2021-10-15 17:32:37 - [MESSAGE][INFO] - Smart Wait Function is triggered

2021-10-15 17:32:37 - [MESSAGE][INFO] - Found 1 web elements with id: 'Object Repository/Sayfalar/Giris_Sayfasi/Giris_Butonu' located by 'By.cssSelector: #btnLogin' in '30' second(s)

2021-10-15 17:32:40 - [TEST_STEP][PASSED] - if (verifyElementPresent(findTestObject("Object Repository/Sayfalar/Giris_Sayfasi/RetveTamam_Butonu"), 5, OPTIONAL)): null

2021-10-15 17:32:40 - [MESSAGE][INFO] - Finding Test Object 'Object Repository/Sayfalar/Giris_Sayfasi/RetveTamam_Butonu'

2021-10-15 17:32:40 - [MESSAGE][INFO] - Checking object

2021-10-15 17:32:40 - [MESSAGE][INFO] - Finding web element from Test Object's properties

2021-10-15 17:32:40 - [MESSAGE][INFO] - Checking timeout

2021-10-15 17:32:40 - [MESSAGE][INFO] - Finding web element with id: 'Object Repository/Sayfalar/Giris_Sayfasi/RetveTamam_Butonu' located by 'By.xpath: //*[@class = 'btn btn-default']' in '5' second(s)

2021-10-15 17:32:40 - [MESSAGE][INFO] - Smart Wait Function is triggered

2021-10-15 17:32:41 - [MESSAGE][INFO] - Found 1 web elements with id: 'Object Repository/Sayfalar/Giris_Sayfasi/RetveTamam_Butonu' located by 'By.xpath: //*[@class = 'btn btn-default']' in '5' second(s)

2021-10-15 17:32:41 - [MESSAGE][PASSED] - Object 'Object Repository/Sayfalar/Giris_Sayfasi/RetveTamam_Butonu' is present

2021-10-15 17:32:41 - [TEST_STEP][PASSED] - click(findTestObject("Object Repository/Sayfalar/Giris_Sayfasi/RetveTamam_Butonu")): Object: 'Object Repository/Sayfalar/Giris_Sayfasi/RetveTamam_Butonu' is clicked on

2021-10-15 17:32:41 - [MESSAGE][INFO] - Finding Test Object 'Object Repository/Sayfalar/Giris_Sayfasi/RetveTamam_Butonu'

2021-10-15 17:32:41 - [MESSAGE][INFO] - Checking object

2021-10-15 17:32:41 - [MESSAGE][INFO] - Finding web element from Test Object's properties

2021-10-15 17:32:41 - [MESSAGE][INFO] - Checking timeout

2021-10-15 17:32:41 - [MESSAGE][INFO] - Finding web element with id: 'Object Repository/Sayfalar/Giris_Sayfasi/RetveTamam_Butonu' located by 'By.xpath: //*[@class = 'btn btn-default']' in '30' second(s)

2021-10-15 17:32:41 - [MESSAGE][INFO] - Smart Wait Function is triggered

2021-10-15 17:32:41 - [MESSAGE][INFO] - Found 1 web elements with id: 'Object Repository/Sayfalar/Giris_Sayfasi/RetveTamam_Butonu' located by 'By.xpath: //*[@class = 'btn btn-default']' in '30' second(s)

2021-10-15 17:32:41 - [MESSAGE][INFO] - Clicking on object: 'Object Repository/Sayfalar/Giris_Sayfasi/RetveTamam_Butonu'

2021-10-15 17:32:41 - [MESSAGE][PASSED] - Object: 'Object Repository/Sayfalar/Giris_Sayfasi/RetveTamam_Butonu' is clicked on

2021-10-15 17:32:41 - [TEST_STEP][PASSED] - click(findTestObject("Object Repository/Sayfalar/Giris_Sayfasi/RetveTamam_Butonu")): Object: 'Object Repository/Sayfalar/Giris_Sayfasi/RetveTamam_Butonu' is clicked on

2021-10-15 17:32:41 - [MESSAGE][INFO] - Finding Test Object 'Object Repository/Sayfalar/Giris_Sayfasi/RetveTamam_Butonu'

2021-10-15 17:32:41 - [MESSAGE][INFO] - Checking object

2021-10-15 17:32:41 - [MESSAGE][INFO] - Finding web element from Test Object's properties

2021-10-15 17:32:41 - [MESSAGE][INFO] - Checking timeout

2021-10-15 17:32:41 - [MESSAGE][INFO] - Finding web element with id: 'Object Repository/Sayfalar/Giris_Sayfasi/RetveTamam_Butonu' located by 'By.xpath: //*[@class = 'btn btn-default']' in '30' second(s)

2021-10-15 17:32:41 - [MESSAGE][INFO] - Smart Wait Function is triggered

2021-10-15 17:32:48 - [MESSAGE][INFO] - Found 1 web elements with id: 'Object Repository/Sayfalar/Giris_Sayfasi/RetveTamam_Butonu' located by 'By.xpath: //*[@class = 'btn btn-default']' in '30' second(s)

2021-10-15 17:32:48 - [MESSAGE][INFO] - Clicking on object: 'Object Repository/Sayfalar/Giris_Sayfasi/RetveTamam_Butonu'

2021-10-15 17:32:48 - [MESSAGE][PASSED] - Object: 'Object Repository/Sayfalar/Giris_Sayfasi/RetveTamam_Butonu' is clicked on

2021-10-15 17:32:48 - [TEST_STEP][PASSED] - if (verifyElementPresent(findTestObject("Sayfalar/Giris_Sayfasi/PopupOK"), 5, OPTIONAL)): null

2021-10-15 17:32:48 - [MESSAGE][INFO] - Finding Test Object 'Object Repository/Sayfalar/Giris_Sayfasi/PopupOK'

2021-10-15 17:32:48 - [MESSAGE][INFO] - Checking object

2021-10-15 17:32:48 - [MESSAGE][INFO] - Finding web element from Test Object's properties

2021-10-15 17:32:48 - [MESSAGE][INFO] - Checking timeout

2021-10-15 17:32:48 - [MESSAGE][INFO] - Finding web element with id: 'Object Repository/Sayfalar/Giris_Sayfasi/PopupOK' located by 'By.cssSelector: .btn.btn-success' in '5' second(s)

2021-10-15 17:32:48 - [MESSAGE][INFO] - Smart Wait Function is triggered

2021-10-15 17:32:49 - [MESSAGE][INFO] - Found 1 web elements with id: 'Object Repository/Sayfalar/Giris_Sayfasi/PopupOK' located by 'By.cssSelector: .btn.btn-success' in '5' second(s)

2021-10-15 17:32:49 - [MESSAGE][PASSED] - Object 'Object Repository/Sayfalar/Giris_Sayfasi/PopupOK' is present

2021-10-15 17:32:49 - [TEST_STEP][PASSED] - click(findTestObject("Object Repository/Sayfalar/Giris_Sayfasi/PopupCarpiGiris")): Object: 'Object Repository/Sayfalar/Giris_Sayfasi/PopupCarpiGiris' is clicked on

2021-10-15 17:32:49 - [MESSAGE][INFO] - Finding Test Object 'Object Repository/Sayfalar/Giris_Sayfasi/PopupCarpiGiris'

2021-10-15 17:32:49 - [MESSAGE][INFO] - Checking object

2021-10-15 17:32:49 - [MESSAGE][INFO] - Finding web element from Test Object's properties

2021-10-15 17:32:49 - [MESSAGE][INFO] - Checking timeout

2021-10-15 17:32:49 - [MESSAGE][INFO] - Finding web element with id: 'Object Repository/Sayfalar/Giris_Sayfasi/PopupCarpiGiris' located by 'By.cssSelector: .bootbox-close-button.close' in '30' second(s)

2021-10-15 17:32:49 - [MESSAGE][INFO] - Smart Wait Function is triggered

2021-10-15 17:32:49 - [MESSAGE][INFO] - Found 1 web elements with id: 'Object Repository/Sayfalar/Giris_Sayfasi/PopupCarpiGiris' located by 'By.cssSelector: .bootbox-close-button.close' in '30' second(s)

2021-10-15 17:32:49 - [MESSAGE][INFO] - Clicking on object: 'Object Repository/Sayfalar/Giris_Sayfasi/PopupCarpiGiris'

2021-10-15 17:32:49 - [MESSAGE][PASSED] - Object: 'Object Repository/Sayfalar/Giris_Sayfasi/PopupCarpiGiris' is clicked on

2021-10-15 17:32:49 - [TEST_STEP][PASSED] - verifyElementVisible(findTestObject("Object Repository/Kullanici_Islemleri/KullaniciIslemleri")): Object 'Object Repository/Kullanici_Islemleri/KullaniciIslemleri' is visible

2021-10-15 17:32:49 - [MESSAGE][INFO] - Finding Test Object 'Object Repository/Kullanici_Islemleri/KullaniciIslemleri'

2021-10-15 17:32:50 - [MESSAGE][INFO] - Checking object

2021-10-15 17:32:50 - [MESSAGE][INFO] - Finding web element from Test Object's properties

2021-10-15 17:32:50 - [MESSAGE][INFO] - Checking timeout

2021-10-15 17:32:50 - [MESSAGE][INFO] - Finding web element with id: 'Object Repository/Kullanici_Islemleri/KullaniciIslemleri' located by 'By.cssSelector: .dropdown>a>img' in '30' second(s)

2021-10-15 17:32:50 - [MESSAGE][INFO] - Smart Wait Function is triggered

2021-10-15 17:32:50 - [MESSAGE][INFO] - Found 1 web elements with id: 'Object Repository/Kullanici_Islemleri/KullaniciIslemleri' located by 'By.cssSelector: .dropdown>a>img' in '30' second(s)

2021-10-15 17:32:50 - [MESSAGE][PASSED] - Object 'Object Repository/Kullanici_Islemleri/KullaniciIslemleri' is visible

2021-10-15 17:32:50 - [MESSAGE][PASSED] - Call Test Case 'Test Cases/Sayfalar/Giris_Sayfasi/Login' successfully

2021-10-15 17:32:50 - [MESSAGE][INFO] - Checking called Test Case

2021-10-15 17:32:50 - [MESSAGE][INFO] - Starting to call Test Case 'Test Cases/Menu/AnaMenuSecimi'

2021-10-15 17:32:50 - [TEST_CASE][PASSED] - Test Cases/Menu/AnaMenuSecimi: Test Cases/Menu/AnaMenuSecimi

2021-10-15 17:32:50 - [TEST_STEP][PASSED] - Method.TextDegerineEsitElementeTikla(findTestObject("Menu/Ana_Menu"), Ana_Menu): Method.TextDegerineEsitElementeTikla is PASSED

2021-10-15 17:32:50 - [MESSAGE][INFO] - Finding Test Object 'Object Repository/Menu/Ana_Menu'

2021-10-15 17:32:50 - [MESSAGE][INFO] - Checking timeout

2021-10-15 17:32:50 - [MESSAGE][INFO] - Finding web element with id: 'Object Repository/Menu/Ana_Menu' located by 'By.xpath: //*[@class = 'dropdown-toggle']' in '10' second(s)

2021-10-15 17:32:50 - [MESSAGE][INFO] - Smart Wait Function is triggered

2021-10-15 17:32:51 - [MESSAGE][INFO] - Found 14 web elements with id: 'Object Repository/Menu/Ana_Menu' located by 'By.xpath: //*[@class = 'dropdown-toggle']' in '10' second(s)

2021-10-15 17:32:51 - [MESSAGE][PASSED] - Method.TextDegerineEsitElementeTikla is PASSED

2021-10-15 17:32:51 - [MESSAGE][PASSED] - Call Test Case 'Test Cases/Menu/AnaMenuSecimi' successfully

2021-10-15 17:32:51 - [MESSAGE][INFO] - Checking called Test Case

2021-10-15 17:32:51 - [MESSAGE][INFO] - Starting to call Test Case 'Test Cases/Menu/AltMenuSecimi'

2021-10-15 17:32:51 - [TEST_CASE][PASSED] - Test Cases/Menu/AltMenuSecimi: Test Cases/Menu/AltMenuSecimi

2021-10-15 17:32:51 - [TEST_STEP][PASSED] - Method.TextDegerineEsitElementeTikla(findTestObject("Menu/Alt_Menu"), Alt_Menu): Method.TextDegerineEsitElementeTikla is PASSED

2021-10-15 17:32:51 - [MESSAGE][INFO] - Finding Test Object 'Object Repository/Menu/Alt_Menu'

2021-10-15 17:32:51 - [MESSAGE][INFO] - Checking timeout

2021-10-15 17:32:51 - [MESSAGE][INFO] - Finding web element with id: 'Object Repository/Menu/Alt_Menu' located by 'By.xpath: //li[@class='dropdown dropdown-large open']//li[@class='dropdown-element']' in '10' second(s)

2021-10-15 17:32:51 - [MESSAGE][INFO] - Smart Wait Function is triggered

2021-10-15 17:32:52 - [MESSAGE][INFO] - Found 1 web elements with id: 'Object Repository/Menu/Alt_Menu' located by 'By.xpath: //li[@class='dropdown dropdown-large open']//li[@class='dropdown-element']' in '10' second(s)

2021-10-15 17:32:54 - [MESSAGE][PASSED] - Method.TextDegerineEsitElementeTikla is PASSED

2021-10-15 17:32:54 - [MESSAGE][PASSED] - Call Test Case 'Test Cases/Menu/AltMenuSecimi' successfully

2021-10-15 17:32:54 - [MESSAGE][INFO] - Checking called Test Case

2021-10-15 17:32:54 - [MESSAGE][INFO] - Starting to call Test Case 'Test Cases/Filtreler/ButonaTikla'

2021-10-15 17:32:54 - [TEST_CASE][PASSED] - Test Cases/Filtreler/ButonaTikla: Test Cases/Filtreler/ButonaTikla

2021-10-15 17:32:54 - [TEST_STEP][PASSED] - Method.TextDegerineEsitElementeTikla(findTestObject("Filtreler/Butonlar"), Filtre_Buton): Method.TextDegerineEsitElementeTikla is PASSED

2021-10-15 17:32:54 - [MESSAGE][INFO] - Finding Test Object 'Object Repository/Filtreler/Butonlar'

2021-10-15 17:32:55 - [MESSAGE][INFO] - Checking timeout

2021-10-15 17:32:55 - [MESSAGE][INFO] - Finding web element with id: 'Object Repository/Filtreler/Butonlar' located by 'By.cssSelector: .dxb>span' in '10' second(s)

2021-10-15 17:32:55 - [MESSAGE][INFO] - Smart Wait Function is triggered

2021-10-15 17:32:55 - [MESSAGE][INFO] - Found 6 web elements with id: 'Object Repository/Filtreler/Butonlar' located by 'By.cssSelector: .dxb>span' in '10' second(s)

2021-10-15 17:32:55 - [MESSAGE][PASSED] - Method.TextDegerineEsitElementeTikla is PASSED

2021-10-15 17:32:55 - [MESSAGE][PASSED] - Call Test Case 'Test Cases/Filtreler/ButonaTikla' successfully

2021-10-15 17:32:55 - [MESSAGE][INFO] - Checking called Test Case

2021-10-15 17:32:55 - [MESSAGE][INFO] - Starting to call Test Case 'Test Cases/Tablo/TablodaVeriVarMi'

2021-10-15 17:32:55 - [TEST_CASE][PASSED] - Test Cases/Tablo/TablodaVeriVarMi: Test Cases/Tablo/TablodaVeriVarMi

2021-10-15 17:32:55 - [TEST_STEP][PASSED] - verifyTextNotPresent("Görüntülenecek veri yok", true): Text 'Görüntülenecek veri yok' is not present on page using regular expression

2021-10-15 17:32:55 - [MESSAGE][INFO] - Checking text present  using regular expression

2021-10-15 17:32:55 - [MESSAGE][INFO] - Smart Wait Function is triggered

2021-10-15 17:32:56 - [MESSAGE][INFO] - Finding text 'Görüntülenecek veri yok' on page  using regular expression

2021-10-15 17:32:56 - [MESSAGE][PASSED] - Text 'Görüntülenecek veri yok' is not present on page using regular expression

2021-10-15 17:32:56 - [MESSAGE][PASSED] - Call Test Case 'Test Cases/Tablo/TablodaVeriVarMi' successfully

2021-10-15 17:32:56 - [MESSAGE][INFO] - Checking called Test Case

2021-10-15 17:32:56 - [MESSAGE][INFO] - Starting to call Test Case 'Test Cases/Tablo/TablodanVeriSec'

2021-10-15 17:32:56 - [TEST_CASE][PASSED] - Test Cases/Tablo/TablodanVeriSec: Test Cases/Tablo/TablodanVeriSec

2021-10-15 17:32:56 - [TEST_STEP][PASSED] - Method.TextDegerineEsitElementinAltindakineTikla(findTestObject("Tablo/Veriler"), findTestObject("Tablo/VerininCheckBoxi"), Veri_Adi): Method.TextDegerineEsitElementinAltindakineTikla is PASSED

2021-10-15 17:32:56 - [MESSAGE][INFO] - Finding Test Object 'Object Repository/Tablo/Veriler'

2021-10-15 17:32:56 - [MESSAGE][INFO] - Finding Test Object 'Object Repository/Tablo/VerininCheckBoxi'

2021-10-15 17:32:56 - [MESSAGE][INFO] - Checking timeout

2021-10-15 17:32:56 - [MESSAGE][INFO] - Finding web element with id: 'Object Repository/Tablo/Veriler' located by 'By.cssSelector: td.dxgv b ,td.dxgv' in '10' second(s)

2021-10-15 17:32:56 - [MESSAGE][INFO] - Smart Wait Function is triggered

2021-10-15 17:32:56 - [MESSAGE][INFO] - Found 62 web elements with id: 'Object Repository/Tablo/Veriler' located by 'By.cssSelector: td.dxgv b ,td.dxgv' in '10' second(s)

2021-10-15 17:32:57 - [MESSAGE][INFO] - Smart Wait Function is triggered

2021-10-15 17:32:57 - [MESSAGE][PASSED] - Method.TextDegerineEsitElementinAltindakineTikla is PASSED

2021-10-15 17:32:57 - [MESSAGE][PASSED] - Call Test Case 'Test Cases/Tablo/TablodanVeriSec' successfully

2021-10-15 17:32:57 - [MESSAGE][INFO] - Checking called Test Case

2021-10-15 17:32:57 - [MESSAGE][INFO] - Starting to call Test Case 'Test Cases/Butonlar/ButonaTikla'

2021-10-15 17:32:57 - [TEST_CASE][PASSED] - Test Cases/Butonlar/ButonaTikla: Test Cases/Butonlar/ButonaTikla

2021-10-15 17:32:57 - [TEST_STEP][PASSED] - Method.TextDegerineEsitElementeTiklaEquals(findTestObject("Butonlar/Butonlar"), Buton_Adi): Method.TextDegerineEsitElementeTiklaEquals is PASSED

2021-10-15 17:32:57 - [MESSAGE][INFO] - Finding Test Object 'Object Repository/Butonlar/Butonlar'

2021-10-15 17:32:57 - [MESSAGE][INFO] - Checking timeout

2021-10-15 17:32:57 - [MESSAGE][INFO] - Finding web element with id: 'Object Repository/Butonlar/Butonlar' located by 'By.cssSelector: .panel.panel-default.text-center.footerPanel .btn,.btn.btn-primary.btnControls' in '10' second(s)

2021-10-15 17:32:57 - [MESSAGE][INFO] - Smart Wait Function is triggered

2021-10-15 17:32:58 - [MESSAGE][INFO] - Found 12 web elements with id: 'Object Repository/Butonlar/Butonlar' located by 'By.cssSelector: .panel.panel-default.text-center.footerPanel .btn,.btn.btn-primary.btnControls' in '10' second(s)

2021-10-15 17:32:58 - [MESSAGE][PASSED] - Method.TextDegerineEsitElementeTiklaEquals is PASSED

2021-10-15 17:32:58 - [MESSAGE][PASSED] - Call Test Case 'Test Cases/Butonlar/ButonaTikla' successfully

2021-10-15 17:32:58 - [MESSAGE][INFO] - Checking called Test Case

2021-10-15 17:32:58 - [MESSAGE][INFO] - Starting to call Test Case 'Test Cases/Sayfalar/Yetki_Yonetimi/FirmaKodunaGoreFirmaSecilir'

2021-10-15 17:32:58 - [TEST_CASE][PASSED] - Test Cases/Sayfalar/Yetki_Yonetimi/FirmaKodunaGoreFirmaSecilir: Test Cases/Sayfalar/Yetki_Yonetimi/FirmaKodunaGoreFirmaSecilir

2021-10-15 17:32:59 - [TEST_STEP][PASSED] - switchToFrame(findTestObject("Object Repository/Sayfalar/Yetki_Yonetimi/Rol_Departman_Tanimlama/frame"), 10): Switched to iframe: 'Object Repository/Sayfalar/Yetki_Yonetimi/Rol_Departman_Tanimlama/frame'

2021-10-15 17:32:59 - [MESSAGE][INFO] - Finding Test Object 'Object Repository/Sayfalar/Yetki_Yonetimi/Rol_Departman_Tanimlama/frame'

2021-10-15 17:32:59 - [MESSAGE][INFO] - Switching to iframe: 'Object Repository/Sayfalar/Yetki_Yonetimi/Rol_Departman_Tanimlama/frame'

2021-10-15 17:32:59 - [MESSAGE][INFO] - Finding web element from Test Object's properties

2021-10-15 17:32:59 - [MESSAGE][INFO] - Checking timeout

2021-10-15 17:32:59 - [MESSAGE][INFO] - Finding web element with id: 'Object Repository/Sayfalar/Yetki_Yonetimi/Rol_Departman_Tanimlama/frame' located by 'By.xpath: //*[@id = 'userroledepartmentframe']' in '10' second(s)

2021-10-15 17:32:59 - [MESSAGE][INFO] - Smart Wait Function is triggered

2021-10-15 17:32:59 - [MESSAGE][INFO] - Found 1 web elements with id: 'Object Repository/Sayfalar/Yetki_Yonetimi/Rol_Departman_Tanimlama/frame' located by 'By.xpath: //*[@id = 'userroledepartmentframe']' in '10' second(s)

2021-10-15 17:32:59 - [MESSAGE][INFO] - Switched to iframe: 'Object Repository/Sayfalar/Yetki_Yonetimi/Rol_Departman_Tanimlama/frame'

2021-10-15 17:32:59 - [TEST_STEP][PASSED] - Method.TextDegerineEsitElementinAltindakineTikla(findTestObject("Object Repository/Sayfalar/Yetki_Yonetimi/Rol_Departman_Tanimlama/Firmalar"), findTestObject("Object Repository/Sayfalar/Yetki_Yonetimi/Rol_Departman_Tanimlama/Ekle"), Firma_Kodu): Method.TextDegerineEsitElementinAltindakineTikla is PASSED

2021-10-15 17:32:59 - [MESSAGE][INFO] - Finding Test Object 'Object Repository/Sayfalar/Yetki_Yonetimi/Rol_Departman_Tanimlama/Firmalar'

2021-10-15 17:32:59 - [MESSAGE][INFO] - Finding Test Object 'Object Repository/Sayfalar/Yetki_Yonetimi/Rol_Departman_Tanimlama/Ekle'

2021-10-15 17:32:59 - [MESSAGE][INFO] - Checking timeout

2021-10-15 17:32:59 - [MESSAGE][INFO] - Finding web element with id: 'Object Repository/Sayfalar/Yetki_Yonetimi/Rol_Departman_Tanimlama/Firmalar' located by 'By.cssSelector: #GridViewRoleAndDepartmentMatching_DXMainTable .dxgv.dx-ac' in '10' second(s)

2021-10-15 17:32:59 - [MESSAGE][INFO] - Smart Wait Function is triggered

2021-10-15 17:32:59 - [MESSAGE][INFO] - Found 2 web elements with id: 'Object Repository/Sayfalar/Yetki_Yonetimi/Rol_Departman_Tanimlama/Firmalar' located by 'By.cssSelector: #GridViewRoleAndDepartmentMatching_DXMainTable .dxgv.dx-ac' in '10' second(s)

2021-10-15 17:32:59 - [MESSAGE][INFO] - Smart Wait Function is triggered

2021-10-15 17:32:59 - [MESSAGE][PASSED] - Method.TextDegerineEsitElementinAltindakineTikla is PASSED

2021-10-15 17:32:59 - [MESSAGE][PASSED] - Call Test Case 'Test Cases/Sayfalar/Yetki_Yonetimi/FirmaKodunaGoreFirmaSecilir' successfully

2021-10-15 17:32:59 - [MESSAGE][INFO] - Checking called Test Case

2021-10-15 17:32:59 - [MESSAGE][INFO] - Starting to call Test Case 'Test Cases/Sayfalar/Yetki_Yonetimi/KullanicininDepartmaniSecilir'

2021-10-15 17:33:00 - [TEST_CASE][PASSED] - Test Cases/Sayfalar/Yetki_Yonetimi/KullanicininDepartmaniSecilir: Test Cases/Sayfalar/Yetki_Yonetimi/KullanicininDepartmaniSecilir

2021-10-15 17:33:00 - [TEST_STEP][PASSED] - waitForElementClickable(findTestObject("Object Repository/Sayfalar/Yetki_Yonetimi/Rol_Departman_Tanimlama/DepartmanDropdown"), 10): Object 'Object Repository/Sayfalar/Yetki_Yonetimi/Rol_Departman_Tanimlama/DepartmanDropdown' is clickable

2021-10-15 17:33:00 - [MESSAGE][INFO] - Finding Test Object 'Object Repository/Sayfalar/Yetki_Yonetimi/Rol_Departman_Tanimlama/DepartmanDropdown'

2021-10-15 17:33:00 - [MESSAGE][INFO] - Checking object

2021-10-15 17:33:00 - [MESSAGE][INFO] - Checking timeout

2021-10-15 17:33:00 - [MESSAGE][INFO] - Finding web element from Test Object's properties

2021-10-15 17:33:00 - [MESSAGE][INFO] - Checking timeout

2021-10-15 17:33:00 - [MESSAGE][INFO] - Finding web element with id: 'Object Repository/Sayfalar/Yetki_Yonetimi/Rol_Departman_Tanimlama/DepartmanDropdown' located by 'By.xpath: //*[@id = 'cmbFirmDepartment_I']' in '10' second(s)

2021-10-15 17:33:00 - [MESSAGE][INFO] - Smart Wait Function is triggered

2021-10-15 17:33:00 - [MESSAGE][INFO] - Found 1 web elements with id: 'Object Repository/Sayfalar/Yetki_Yonetimi/Rol_Departman_Tanimlama/DepartmanDropdown' located by 'By.xpath: //*[@id = 'cmbFirmDepartment_I']' in '10' second(s)

2021-10-15 17:33:00 - [MESSAGE][PASSED] - Object 'Object Repository/Sayfalar/Yetki_Yonetimi/Rol_Departman_Tanimlama/DepartmanDropdown' is clickable

2021-10-15 17:33:00 - [TEST_STEP][PASSED] - click(findTestObject("Object Repository/Sayfalar/Yetki_Yonetimi/Rol_Departman_Tanimlama/DepartmanDropdown")): Object: 'Object Repository/Sayfalar/Yetki_Yonetimi/Rol_Departman_Tanimlama/DepartmanDropdown' is clicked on

2021-10-15 17:33:00 - [MESSAGE][INFO] - Finding Test Object 'Object Repository/Sayfalar/Yetki_Yonetimi/Rol_Departman_Tanimlama/DepartmanDropdown'

2021-10-15 17:33:00 - [MESSAGE][INFO] - Checking object

2021-10-15 17:33:00 - [MESSAGE][INFO] - Finding web element from Test Object's properties

2021-10-15 17:33:00 - [MESSAGE][INFO] - Checking timeout

2021-10-15 17:33:00 - [MESSAGE][INFO] - Finding web element with id: 'Object Repository/Sayfalar/Yetki_Yonetimi/Rol_Departman_Tanimlama/DepartmanDropdown' located by 'By.xpath: //*[@id = 'cmbFirmDepartment_I']' in '30' second(s)

2021-10-15 17:33:00 - [MESSAGE][INFO] - Smart Wait Function is triggered

2021-10-15 17:33:00 - [MESSAGE][INFO] - Found 1 web elements with id: 'Object Repository/Sayfalar/Yetki_Yonetimi/Rol_Departman_Tanimlama/DepartmanDropdown' located by 'By.xpath: //*[@id = 'cmbFirmDepartment_I']' in '30' second(s)

2021-10-15 17:33:00 - [MESSAGE][INFO] - Clicking on object: 'Object Repository/Sayfalar/Yetki_Yonetimi/Rol_Departman_Tanimlama/DepartmanDropdown'

2021-10-15 17:33:01 - [MESSAGE][PASSED] - Object: 'Object Repository/Sayfalar/Yetki_Yonetimi/Rol_Departman_Tanimlama/DepartmanDropdown' is clicked on

2021-10-15 17:33:01 - [TEST_STEP][PASSED] - Method.TextDegerineEsitElementeTikla(findTestObject("Object Repository/Sayfalar/Yetki_Yonetimi/Rol_Departman_Tanimlama/DepartmanAdlari"), Departman_Adi): Method.TextDegerineEsitElementeTikla is PASSED

2021-10-15 17:33:01 - [MESSAGE][INFO] - Finding Test Object 'Object Repository/Sayfalar/Yetki_Yonetimi/Rol_Departman_Tanimlama/DepartmanAdlari'

2021-10-15 17:33:01 - [MESSAGE][INFO] - Checking timeout

2021-10-15 17:33:01 - [MESSAGE][INFO] - Finding web element with id: 'Object Repository/Sayfalar/Yetki_Yonetimi/Rol_Departman_Tanimlama/DepartmanAdlari' located by 'By.cssSelector: #cmbFirmDepartment_DDD_L_LBT td' in '10' second(s)

2021-10-15 17:33:01 - [MESSAGE][INFO] - Smart Wait Function is triggered

2021-10-15 17:33:01 - [MESSAGE][INFO] - Found 4 web elements with id: 'Object Repository/Sayfalar/Yetki_Yonetimi/Rol_Departman_Tanimlama/DepartmanAdlari' located by 'By.cssSelector: #cmbFirmDepartment_DDD_L_LBT td' in '10' second(s)

2021-10-15 17:33:01 - [MESSAGE][PASSED] - Method.TextDegerineEsitElementeTikla is PASSED

2021-10-15 17:33:01 - [MESSAGE][PASSED] - Call Test Case 'Test Cases/Sayfalar/Yetki_Yonetimi/KullanicininDepartmaniSecilir' successfully

2021-10-15 17:33:01 - [MESSAGE][INFO] - Checking called Test Case

2021-10-15 17:33:01 - [MESSAGE][INFO] - Starting to call Test Case 'Test Cases/Sayfalar/Yetki_Yonetimi/KullanicininRoluSecilir'

2021-10-15 17:33:01 - [TEST_CASE][PASSED] - Test Cases/Sayfalar/Yetki_Yonetimi/KullanicininRoluSecilir: Test Cases/Sayfalar/Yetki_Yonetimi/KullanicininRoluSecilir

2021-10-15 17:33:02 - [TEST_STEP][PASSED] - Method.TextDegerineEsitElementinAltindakineTikla(findTestObject("Object Repository/Sayfalar/Yetki_Yonetimi/Rol_Departman_Tanimlama/RolAdlari"), findTestObject("Object Repository/Sayfalar/Yetki_Yonetimi/Rol_Departman_Tanimlama/RolCheckBox"), Rol): Method.TextDegerineEsitElementinAltindakineTikla is PASSED

2021-10-15 17:33:02 - [MESSAGE][INFO] - Finding Test Object 'Object Repository/Sayfalar/Yetki_Yonetimi/Rol_Departman_Tanimlama/RolAdlari'

2021-10-15 17:33:02 - [MESSAGE][INFO] - Finding Test Object 'Object Repository/Sayfalar/Yetki_Yonetimi/Rol_Departman_Tanimlama/RolCheckBox'

2021-10-15 17:33:02 - [MESSAGE][INFO] - Checking timeout

2021-10-15 17:33:02 - [MESSAGE][INFO] - Finding web element with id: 'Object Repository/Sayfalar/Yetki_Yonetimi/Rol_Departman_Tanimlama/RolAdlari' located by 'By.cssSelector: #GridViewUserRole_DXMainTable td' in '10' second(s)

2021-10-15 17:33:02 - [MESSAGE][INFO] - Smart Wait Function is triggered

2021-10-15 17:33:02 - [MESSAGE][INFO] - Found 21 web elements with id: 'Object Repository/Sayfalar/Yetki_Yonetimi/Rol_Departman_Tanimlama/RolAdlari' located by 'By.cssSelector: #GridViewUserRole_DXMainTable td' in '10' second(s)

2021-10-15 17:33:02 - [MESSAGE][INFO] - Smart Wait Function is triggered

2021-10-15 17:33:02 - [MESSAGE][PASSED] - Method.TextDegerineEsitElementinAltindakineTikla is PASSED

2021-10-15 17:33:02 - [MESSAGE][PASSED] - Call Test Case 'Test Cases/Sayfalar/Yetki_Yonetimi/KullanicininRoluSecilir' successfully

2021-10-15 17:33:02 - [MESSAGE][INFO] - Checking called Test Case

2021-10-15 17:33:02 - [MESSAGE][INFO] - Starting to call Test Case 'Test Cases/Sayfalar/Yetki_Yonetimi/RolveDepartmanTanimlamayiKaydet'

2021-10-15 17:33:02 - [TEST_CASE][PASSED] - Test Cases/Sayfalar/Yetki_Yonetimi/RolveDepartmanTanimlamayiKaydet: Test Cases/Sayfalar/Yetki_Yonetimi/RolveDepartmanTanimlamayiKaydet

2021-10-15 17:33:03 - [TEST_STEP][PASSED] - waitForElementClickable(findTestObject("Object Repository/Sayfalar/Yetki_Yonetimi/Rol_Departman_Tanimlama/Kaydet"), 10): Object 'Object Repository/Sayfalar/Yetki_Yonetimi/Rol_Departman_Tanimlama/Kaydet' is clickable

2021-10-15 17:33:03 - [MESSAGE][INFO] - Finding Test Object 'Object Repository/Sayfalar/Yetki_Yonetimi/Rol_Departman_Tanimlama/Kaydet'

2021-10-15 17:33:03 - [MESSAGE][INFO] - Checking object

2021-10-15 17:33:03 - [MESSAGE][INFO] - Checking timeout

2021-10-15 17:33:03 - [MESSAGE][INFO] - Finding web element from Test Object's properties

2021-10-15 17:33:03 - [MESSAGE][INFO] - Checking timeout

2021-10-15 17:33:03 - [MESSAGE][INFO] - Finding web element with id: 'Object Repository/Sayfalar/Yetki_Yonetimi/Rol_Departman_Tanimlama/Kaydet' located by 'By.xpath: //*[@id = 'btnSaveRoleAndDepartmentMatch_CD']' in '10' second(s)

2021-10-15 17:33:03 - [MESSAGE][INFO] - Smart Wait Function is triggered

2021-10-15 17:33:03 - [MESSAGE][INFO] - Found 1 web elements with id: 'Object Repository/Sayfalar/Yetki_Yonetimi/Rol_Departman_Tanimlama/Kaydet' located by 'By.xpath: //*[@id = 'btnSaveRoleAndDepartmentMatch_CD']' in '10' second(s)

2021-10-15 17:33:03 - [MESSAGE][PASSED] - Object 'Object Repository/Sayfalar/Yetki_Yonetimi/Rol_Departman_Tanimlama/Kaydet' is clickable

2021-10-15 17:33:03 - [TEST_STEP][PASSED] - click(findTestObject("Object Repository/Sayfalar/Yetki_Yonetimi/Rol_Departman_Tanimlama/Kaydet")): Object: 'Object Repository/Sayfalar/Yetki_Yonetimi/Rol_Departman_Tanimlama/Kaydet' is clicked on

2021-10-15 17:33:03 - [MESSAGE][INFO] - Finding Test Object 'Object Repository/Sayfalar/Yetki_Yonetimi/Rol_Departman_Tanimlama/Kaydet'

2021-10-15 17:33:03 - [MESSAGE][INFO] - Checking object

2021-10-15 17:33:03 - [MESSAGE][INFO] - Finding web element from Test Object's properties

2021-10-15 17:33:03 - [MESSAGE][INFO] - Checking timeout

2021-10-15 17:33:03 - [MESSAGE][INFO] - Finding web element with id: 'Object Repository/Sayfalar/Yetki_Yonetimi/Rol_Departman_Tanimlama/Kaydet' located by 'By.xpath: //*[@id = 'btnSaveRoleAndDepartmentMatch_CD']' in '30' second(s)

2021-10-15 17:33:03 - [MESSAGE][INFO] - Smart Wait Function is triggered

2021-10-15 17:33:03 - [MESSAGE][INFO] - Found 1 web elements with id: 'Object Repository/Sayfalar/Yetki_Yonetimi/Rol_Departman_Tanimlama/Kaydet' located by 'By.xpath: //*[@id = 'btnSaveRoleAndDepartmentMatch_CD']' in '30' second(s)

2021-10-15 17:33:03 - [MESSAGE][INFO] - Clicking on object: 'Object Repository/Sayfalar/Yetki_Yonetimi/Rol_Departman_Tanimlama/Kaydet'

2021-10-15 17:33:03 - [MESSAGE][PASSED] - Object: 'Object Repository/Sayfalar/Yetki_Yonetimi/Rol_Departman_Tanimlama/Kaydet' is clicked on

2021-10-15 17:33:03 - [TEST_STEP][PASSED] - waitForElementClickable(findTestObject("Object Repository/Popup/Popup_Butons"), 10): Object 'Object Repository/Popup/Popup_Butons' is clickable

2021-10-15 17:33:03 - [MESSAGE][INFO] - Finding Test Object 'Object Repository/Popup/Popup_Butons'

2021-10-15 17:33:03 - [MESSAGE][INFO] - Checking object

2021-10-15 17:33:03 - [MESSAGE][INFO] - Checking timeout

2021-10-15 17:33:03 - [MESSAGE][INFO] - Finding web element from Test Object's properties

2021-10-15 17:33:03 - [MESSAGE][INFO] - Checking timeout

2021-10-15 17:33:03 - [MESSAGE][INFO] - Finding web element with id: 'Object Repository/Popup/Popup_Butons' located by 'By.cssSelector: .modal-footer>button' in '10' second(s)

2021-10-15 17:33:03 - [MESSAGE][INFO] - Smart Wait Function is triggered

2021-10-15 17:33:03 - [MESSAGE][INFO] - Found 1 web elements with id: 'Object Repository/Popup/Popup_Butons' located by 'By.cssSelector: .modal-footer>button' in '10' second(s)

2021-10-15 17:33:03 - [MESSAGE][PASSED] - Object 'Object Repository/Popup/Popup_Butons' is clickable

2021-10-15 17:33:03 - [TEST_STEP][PASSED] - callTestCase(findTestCase("Popup/PopupMesajiIceriyorMu"), ["Mesaj":"Kullanıcı tanımları başarıyla kaydedilmiştir"], STOP_ON_FAILURE): Call Test Case 'Test Cases/Popup/PopupMesajiIceriyorMu' successfully

2021-10-15 17:33:03 - [MESSAGE][INFO] - Checking called Test Case

2021-10-15 17:33:03 - [MESSAGE][INFO] - Starting to call Test Case 'Test Cases/Popup/PopupMesajiIceriyorMu'

2021-10-15 17:33:03 - [TEST_CASE][PASSED] - Test Cases/Popup/PopupMesajiIceriyorMu: Test Cases/Popup/PopupMesajiIceriyorMu

2021-10-15 17:33:03 - [TEST_STEP][PASSED] - waitForElementVisible(findTestObject("Popup/Popup"), 10): Object 'Object Repository/Popup/Popup' is visible

2021-10-15 17:33:03 - [MESSAGE][INFO] - Finding Test Object 'Object Repository/Popup/Popup'

2021-10-15 17:33:03 - [MESSAGE][INFO] - Checking object

2021-10-15 17:33:03 - [MESSAGE][INFO] - Checking timeout

2021-10-15 17:33:03 - [MESSAGE][INFO] - Finding web element from Test Object's properties

2021-10-15 17:33:03 - [MESSAGE][INFO] - Checking timeout

2021-10-15 17:33:03 - [MESSAGE][INFO] - Finding web element with id: 'Object Repository/Popup/Popup' located by 'By.cssSelector: .bootbox-body' in '10' second(s)

2021-10-15 17:33:03 - [MESSAGE][INFO] - Smart Wait Function is triggered

2021-10-15 17:33:03 - [MESSAGE][INFO] - Found 1 web elements with id: 'Object Repository/Popup/Popup' located by 'By.cssSelector: .bootbox-body' in '10' second(s)

2021-10-15 17:33:03 - [MESSAGE][PASSED] - Object 'Object Repository/Popup/Popup' is visible

2021-10-15 17:33:03 - [TEST_STEP][PASSED] - if (!(getText(findTestObject("Popup/Popup")).contains(Mesaj))): Text of object 'Object Repository/Popup/Popup' is: 'Kullanıcı tanımları başarıyla kaydedilmiştir.'

2021-10-15 17:33:03 - [MESSAGE][INFO] - Finding Test Object 'Object Repository/Popup/Popup'

2021-10-15 17:33:04 - [MESSAGE][INFO] - Checking object

2021-10-15 17:33:04 - [MESSAGE][INFO] - Finding web element from Test Object's properties

2021-10-15 17:33:04 - [MESSAGE][INFO] - Checking timeout

2021-10-15 17:33:04 - [MESSAGE][INFO] - Finding web element with id: 'Object Repository/Popup/Popup' located by 'By.cssSelector: .bootbox-body' in '30' second(s)

2021-10-15 17:33:04 - [MESSAGE][INFO] - Smart Wait Function is triggered

2021-10-15 17:33:04 - [MESSAGE][INFO] - Found 1 web elements with id: 'Object Repository/Popup/Popup' located by 'By.cssSelector: .bootbox-body' in '30' second(s)

2021-10-15 17:33:04 - [MESSAGE][INFO] - Getting text of object 'Object Repository/Popup/Popup'

2021-10-15 17:33:04 - [MESSAGE][PASSED] - Text of object 'Object Repository/Popup/Popup' is: 'Kullanıcı tanımları başarıyla kaydedilmiştir.'

2021-10-15 17:33:04 - [TEST_STEP][PASSED] - RaporNo = getText(findTestObject("Popup/Popup")).substring(0, 6): Text of object 'Object Repository/Popup/Popup' is: 'Kullanıcı tanımları başarıyla kaydedilmiştir.'

2021-10-15 17:33:04 - [MESSAGE][INFO] - Finding Test Object 'Object Repository/Popup/Popup'

2021-10-15 17:33:04 - [MESSAGE][INFO] - Checking object

2021-10-15 17:33:04 - [MESSAGE][INFO] - Finding web element from Test Object's properties

2021-10-15 17:33:04 - [MESSAGE][INFO] - Checking timeout

2021-10-15 17:33:04 - [MESSAGE][INFO] - Finding web element with id: 'Object Repository/Popup/Popup' located by 'By.cssSelector: .bootbox-body' in '30' second(s)

2021-10-15 17:33:04 - [MESSAGE][INFO] - Smart Wait Function is triggered

2021-10-15 17:33:04 - [MESSAGE][INFO] - Found 1 web elements with id: 'Object Repository/Popup/Popup' located by 'By.cssSelector: .bootbox-body' in '30' second(s)

2021-10-15 17:33:04 - [MESSAGE][INFO] - Getting text of object 'Object Repository/Popup/Popup'

2021-10-15 17:33:04 - [MESSAGE][PASSED] - Text of object 'Object Repository/Popup/Popup' is: 'Kullanıcı tanımları başarıyla kaydedilmiştir.'

2021-10-15 17:33:04 - [TEST_STEP][PASSED] - Console.println(RaporNo): null

2021-10-15 17:33:04 - [MESSAGE][PASSED] - Call Test Case 'Test Cases/Popup/PopupMesajiIceriyorMu' successfully

2021-10-15 17:33:04 - [TEST_STEP][PASSED] - callTestCase(findTestCase("Popup/PopupButonSecilir"), ["Buton":"Tamam"], STOP_ON_FAILURE): Call Test Case 'Test Cases/Popup/PopupButonSecilir' successfully

2021-10-15 17:33:04 - [MESSAGE][INFO] - Checking called Test Case

2021-10-15 17:33:04 - [MESSAGE][INFO] - Starting to call Test Case 'Test Cases/Popup/PopupButonSecilir'

2021-10-15 17:33:04 - [TEST_CASE][PASSED] - Test Cases/Popup/PopupButonSecilir: Test Cases/Popup/PopupButonSecilir

2021-10-15 17:33:04 - [TEST_STEP][PASSED] - Method.TextDegerineEsitElementeTikla(findTestObject("Popup/Popup_Butons"), Buton): Method.TextDegerineEsitElementeTikla is PASSED

2021-10-15 17:33:04 - [MESSAGE][INFO] - Finding Test Object 'Object Repository/Popup/Popup_Butons'

2021-10-15 17:33:04 - [MESSAGE][INFO] - Checking timeout

2021-10-15 17:33:04 - [MESSAGE][INFO] - Finding web element with id: 'Object Repository/Popup/Popup_Butons' located by 'By.cssSelector: .modal-footer>button' in '10' second(s)

2021-10-15 17:33:04 - [MESSAGE][INFO] - Smart Wait Function is triggered

2021-10-15 17:33:04 - [MESSAGE][INFO] - Found 1 web elements with id: 'Object Repository/Popup/Popup_Butons' located by 'By.cssSelector: .modal-footer>button' in '10' second(s)

2021-10-15 17:33:04 - [MESSAGE][PASSED] - Method.TextDegerineEsitElementeTikla is PASSED

2021-10-15 17:33:04 - [MESSAGE][PASSED] - Call Test Case 'Test Cases/Popup/PopupButonSecilir' successfully

2021-10-15 17:33:04 - [TEST_STEP][PASSED] - switchToDefaultContent(): Switching to default content

2021-10-15 17:33:04 - [MESSAGE][INFO] - Switching to default content

2021-10-15 17:33:04 - [MESSAGE][PASSED] - Call Test Case 'Test Cases/Sayfalar/Yetki_Yonetimi/RolveDepartmanTanimlamayiKaydet' successfully

2021-10-15 17:33:04 - [MESSAGE][INFO] - Checking called Test Case

2021-10-15 17:33:04 - [MESSAGE][INFO] - Starting to call Test Case 'Test Cases/Kullanici_Islemleri/KullaniciIslemlerindenSecimYapilir'

2021-10-15 17:33:04 - [TEST_CASE][PASSED] - Test Cases/Kullanici_Islemleri/KullaniciIslemlerindenSecimYapilir: Test Cases/Kullanici_Islemleri/KullaniciIslemlerindenSecimYapilir

2021-10-15 17:33:04 - [TEST_STEP][PASSED] - waitForElementClickable(findTestObject("Object Repository/Kullanici_Islemleri/KullaniciIslemleri"), 10): Object 'Object Repository/Kullanici_Islemleri/KullaniciIslemleri' is clickable

2021-10-15 17:33:04 - [MESSAGE][INFO] - Finding Test Object 'Object Repository/Kullanici_Islemleri/KullaniciIslemleri'

2021-10-15 17:33:04 - [MESSAGE][INFO] - Checking object

2021-10-15 17:33:04 - [MESSAGE][INFO] - Checking timeout

2021-10-15 17:33:04 - [MESSAGE][INFO] - Finding web element from Test Object's properties

2021-10-15 17:33:04 - [MESSAGE][INFO] - Checking timeout

2021-10-15 17:33:04 - [MESSAGE][INFO] - Finding web element with id: 'Object Repository/Kullanici_Islemleri/KullaniciIslemleri' located by 'By.cssSelector: .dropdown>a>img' in '10' second(s)

2021-10-15 17:33:04 - [MESSAGE][INFO] - Smart Wait Function is triggered

2021-10-15 17:33:05 - [MESSAGE][INFO] - Found 1 web elements with id: 'Object Repository/Kullanici_Islemleri/KullaniciIslemleri' located by 'By.cssSelector: .dropdown>a>img' in '10' second(s)

2021-10-15 17:33:05 - [MESSAGE][PASSED] - Object 'Object Repository/Kullanici_Islemleri/KullaniciIslemleri' is clickable

2021-10-15 17:33:05 - [TEST_STEP][PASSED] - click(findTestObject("Object Repository/Kullanici_Islemleri/KullaniciIslemleri")): Object: 'Object Repository/Kullanici_Islemleri/KullaniciIslemleri' is clicked on

2021-10-15 17:33:05 - [MESSAGE][INFO] - Finding Test Object 'Object Repository/Kullanici_Islemleri/KullaniciIslemleri'

2021-10-15 17:33:05 - [MESSAGE][INFO] - Checking object

2021-10-15 17:33:05 - [MESSAGE][INFO] - Finding web element from Test Object's properties

2021-10-15 17:33:05 - [MESSAGE][INFO] - Checking timeout

2021-10-15 17:33:05 - [MESSAGE][INFO] - Finding web element with id: 'Object Repository/Kullanici_Islemleri/KullaniciIslemleri' located by 'By.cssSelector: .dropdown>a>img' in '30' second(s)

2021-10-15 17:33:05 - [MESSAGE][INFO] - Smart Wait Function is triggered

2021-10-15 17:33:05 - [MESSAGE][INFO] - Found 1 web elements with id: 'Object Repository/Kullanici_Islemleri/KullaniciIslemleri' located by 'By.cssSelector: .dropdown>a>img' in '30' second(s)

2021-10-15 17:33:05 - [MESSAGE][INFO] - Clicking on object: 'Object Repository/Kullanici_Islemleri/KullaniciIslemleri'

2021-10-15 17:33:05 - [MESSAGE][PASSED] - Object: 'Object Repository/Kullanici_Islemleri/KullaniciIslemleri' is clicked on

2021-10-15 17:33:05 - [TEST_STEP][PASSED] - Method.TextDegerineEsitElementeTikla(findTestObject("Object Repository/Kullanici_Islemleri/Secenekler"), Islem): Method.TextDegerineEsitElementeTikla is PASSED

2021-10-15 17:33:05 - [MESSAGE][INFO] - Finding Test Object 'Object Repository/Kullanici_Islemleri/Secenekler'

2021-10-15 17:33:05 - [MESSAGE][INFO] - Checking timeout

2021-10-15 17:33:05 - [MESSAGE][INFO] - Finding web element with id: 'Object Repository/Kullanici_Islemleri/Secenekler' located by 'By.cssSelector: .nav.navbar-nav.navbar-right li a' in '10' second(s)

2021-10-15 17:33:05 - [MESSAGE][INFO] - Smart Wait Function is triggered

2021-10-15 17:33:05 - [MESSAGE][INFO] - Found 22 web elements with id: 'Object Repository/Kullanici_Islemleri/Secenekler' located by 'By.cssSelector: .nav.navbar-nav.navbar-right li a' in '10' second(s)

2021-10-15 17:33:06 - [MESSAGE][PASSED] - Method.TextDegerineEsitElementeTikla is PASSED

2021-10-15 17:33:06 - [TEST_STEP][PASSED] - verifyElementNotPresent(findTestObject("Object Repository/Kullanici_Islemleri/Secenekler"), 10): Web element with id: 'Object Repository/Kullanici_Islemleri/Secenekler' located by 'By.cssSelector: .nav.navbar-nav.navbar-right li a' is not present after '10' second(s)

2021-10-15 17:33:06 - [MESSAGE][INFO] - Finding Test Object 'Object Repository/Kullanici_Islemleri/Secenekler'

2021-10-15 17:33:06 - [MESSAGE][INFO] - Checking object

2021-10-15 17:33:06 - [MESSAGE][INFO] - Checking timeout

2021-10-15 17:33:06 - [MESSAGE][INFO] - Finding web element with id: 'Object Repository/Kullanici_Islemleri/Secenekler' located by 'By.cssSelector: .nav.navbar-nav.navbar-right li a' in '10' second(s)

2021-10-15 17:33:06 - [MESSAGE][INFO] - Smart Wait Function is triggered

2021-10-15 17:33:07 - [MESSAGE][PASSED] - Web element with id: 'Object Repository/Kullanici_Islemleri/Secenekler' located by 'By.cssSelector: .nav.navbar-nav.navbar-right li a' is not present after '10' second(s)

2021-10-15 17:33:07 - [MESSAGE][PASSED] - Call Test Case 'Test Cases/Kullanici_Islemleri/KullaniciIslemlerindenSecimYapilir' successfully

2021-10-15 17:33:07 - [TEST_CASE][PASSED] - Start Test Case : SCENARIO Departman ve Rol tanimlama: SCENARIO Departman ve Rol tanimlama

2021-10-15 17:33:07 - [TEST_STEP][PASSED] - Kullanıcı adı ELOGO6 ve Şifre 123456 olarak giriş yapılır: Kullanıcı adı ELOGO6 ve Şifre 123456 olarak giriş yapılır

2021-10-15 17:33:07 - [MESSAGE][PASSED] - Kullanıcı adı ELOGO6 ve Şifre 123456 olarak giriş yapılır

2021-10-15 17:33:07 - [TEST_STEP][PASSED] - Ana menüden Firma Yönetimi seçilir: Ana menüden Firma Yönetimi seçilir

2021-10-15 17:33:07 - [MESSAGE][PASSED] - Ana menüden Firma Yönetimi seçilir

2021-10-15 17:33:07 - [TEST_STEP][PASSED] - Alt menüden Yetki Yönetimi seçilir: Alt menüden Yetki Yönetimi seçilir

2021-10-15 17:33:07 - [MESSAGE][PASSED] - Alt menüden Yetki Yönetimi seçilir

2021-10-15 17:33:07 - [TEST_STEP][PASSED] - Filtre butonlarından Listele seçilir: Filtre butonlarından Listele seçilir

2021-10-15 17:33:07 - [MESSAGE][PASSED] - Filtre butonlarından Listele seçilir

2021-10-15 17:33:07 - [TEST_STEP][PASSED] - Tabloda veri var mı kontrol edilir: Tabloda veri var mı kontrol edilir

2021-10-15 17:33:07 - [MESSAGE][PASSED] - Tabloda veri var mı kontrol edilir

2021-10-15 17:33:07 - [TEST_STEP][PASSED] - Tablodan VirgosolKullanici isimli veri seçilir: Tablodan VirgosolKullanici isimli veri seçilir

2021-10-15 17:33:07 - [MESSAGE][PASSED] - Tablodan VirgosolKullanici isimli veri seçilir

2021-10-15 17:33:07 - [TEST_STEP][PASSED] - Butonlardan Rol ve Departman Tanımla isimli butona tıklanır: Butonlardan Rol ve Departman Tanımla isimli butona tıklanır

2021-10-15 17:33:07 - [MESSAGE][PASSED] - Butonlardan Rol ve Departman Tanımla isimli butona tıklanır

2021-10-15 17:33:07 - [TEST_STEP][PASSED] - Firma kodu ELOGO6 olan firma seçilir: Firma kodu ELOGO6 olan firma seçilir

2021-10-15 17:33:07 - [MESSAGE][PASSED] - Firma kodu ELOGO6 olan firma seçilir

2021-10-15 17:33:07 - [TEST_STEP][PASSED] - Kullanıcının departmanı brk olarak seçilir: Kullanıcının departmanı brk olarak seçilir

2021-10-15 17:33:07 - [MESSAGE][PASSED] - Kullanıcının departmanı brk olarak seçilir

2021-10-15 17:33:07 - [TEST_STEP][PASSED] - Kullanıcın rolü brk olarak secilir: Kullanıcın rolü brk olarak secilir

2021-10-15 17:33:07 - [MESSAGE][PASSED] - Kullanıcın rolü brk olarak secilir

2021-10-15 17:33:07 - [TEST_STEP][PASSED] - Rol ve Departman tanımlama kaydedilir: Rol ve Departman tanımlama kaydedilir

2021-10-15 17:33:07 - [MESSAGE][PASSED] - Rol ve Departman tanımlama kaydedilir

2021-10-15 17:33:07 - [TEST_STEP][PASSED] - Kullanıcı işlemlerinden Çıkış seçilir: Kullanıcı işlemlerinden Çıkış seçilir

2021-10-15 17:33:07 - [MESSAGE][PASSED] - Kullanıcı işlemlerinden Çıkış seçilir

2021-10-15 17:33:07 - [MESSAGE][PASSED] - Feature file: 'Include/features/Firma Yonetimi/Yetki Yonetimi/Kullanici Tanimlari/Rol ve Departman Tanimla.feature' was passed

2021-10-15 17:33:07 - [TEST_STEP][PASSED] - Start listener action : sampleAfterTestSuite: Invoke 'com.kms.katalon.core.annotation.AfterTestCase' method: 'Listener.sampleAfterTestSuite(...)' completed.

2021-10-15 17:33:07 - [MESSAGE][INFO] - Starting invoke 'com.kms.katalon.core.annotation.AfterTestCase' method: 'Listener.sampleAfterTestSuite(...)'

2021-10-15 17:33:07 - [TEST_STEP][PASSED] - closeBrowser(): Invoke 'com.kms.katalon.core.annotation.AfterTestCase' method: 'Listener.sampleAfterTestSuite(...)' completed.

2021-10-15 17:33:07 - [MESSAGE][INFO] - Closing browser

2021-10-15 17:33:08 - [MESSAGE][PASSED] - Browser is closed

2021-10-15 17:33:08 - [MESSAGE][INFO] - Invoke 'com.kms.katalon.core.annotation.AfterTestCase' method: 'Listener.sampleAfterTestSuite(...)' completed.]]></system-out>
         <system-err><![CDATA[]]></system-err>
      </testcase>
      <testcase name="Test Cases/Case Repository/Firma Yonetimi/Yetki Yonetimi/Kullanici Tanimlari/Sil" time="30.538" classname="Test Cases/Case Repository/Firma Yonetimi/Yetki Yonetimi/Kullanici Tanimlari/Sil" status="PASSED">
         <system-out><![CDATA[2021-10-15 17:33:08 - [TEST_CASE][PASSED] - Test Cases/Case Repository/Firma Yonetimi/Yetki Yonetimi/Kullanici Tanimlari/Sil: Test Cases/Case Repository/Firma Yonetimi/Yetki Yonetimi/Kullanici Tanimlari/Sil

2021-10-15 17:33:08 - [TEST_STEP][PASSED] - Start listener action : sampleBeforeTestSuite: Invoke 'com.kms.katalon.core.annotation.BeforeTestCase' method: 'Listener.sampleBeforeTestSuite(...)' completed.

2021-10-15 17:33:08 - [MESSAGE][INFO] - Starting invoke 'com.kms.katalon.core.annotation.BeforeTestCase' method: 'Listener.sampleBeforeTestSuite(...)'

2021-10-15 17:33:08 - [TEST_STEP][PASSED] - openBrowser(baseUrl): Browser is opened with url: 'https://efatura-stage.elogo.com.tr/'

2021-10-15 17:33:08 - [MESSAGE][INFO] - Opening browser

2021-10-15 17:33:08 - [MESSAGE][INFO] - Starting 'Chrome' driver

2021-10-15 17:33:08 - [MESSAGE][INFO] - User set preference: ['prefs', '{download.default_directory=C:\otomasyondownfiles}']

2021-10-15 17:33:08 - [MESSAGE][INFO] - Action delay is set to 0 milliseconds

2021-10-15 17:33:09 - [MESSAGE][INFO] - Navigating browser to: 'https://efatura-stage.elogo.com.tr/'

2021-10-15 17:33:14 - [MESSAGE][PASSED] - Browser is opened with url: 'https://efatura-stage.elogo.com.tr/'

2021-10-15 17:33:14 - [TEST_STEP][PASSED] - maximizeWindow(): Invoke 'com.kms.katalon.core.annotation.BeforeTestCase' method: 'Listener.sampleBeforeTestSuite(...)' completed.

2021-10-15 17:33:14 - [MESSAGE][INFO] - Maximizing current window

2021-10-15 17:33:14 - [MESSAGE][PASSED] - Current window maximized

2021-10-15 17:33:14 - [MESSAGE][INFO] - Invoke 'com.kms.katalon.core.annotation.BeforeTestCase' method: 'Listener.sampleBeforeTestSuite(...)' completed.

2021-10-15 17:33:14 - [TEST_STEP][PASSED] - runFeatureFile("Include/features/Firma Yonetimi/Yetki Yonetimi/Kullanici Tanimlari/Sil.feature"): Feature file: 'Include/features/Firma Yonetimi/Yetki Yonetimi/Kullanici Tanimlari/Sil.feature' was passed

2021-10-15 17:33:14 - [MESSAGE][INFO] - Starting run keyword runFeatureFile: 'Include/features/Firma Yonetimi/Yetki Yonetimi/Kullanici Tanimlari/Sil.feature' and extract report to folder: 'C:\Users\DELL\Downloads\EES_Katalon-main\Reports\20211015_165642\Suite Repository\Firma_Yonetimi\20211015_165749/cucumber_report/1634308394721'...

2021-10-15 17:33:14 - [MESSAGE][INFO] - Glue: []

2021-10-15 17:33:15 - [MESSAGE][INFO] - Checking called Test Case

2021-10-15 17:33:15 - [MESSAGE][INFO] - Starting to call Test Case 'Test Cases/Sayfalar/Giris_Sayfasi/Login'

2021-10-15 17:33:15 - [TEST_CASE][PASSED] - Test Cases/Sayfalar/Giris_Sayfasi/Login: Test Cases/Sayfalar/Giris_Sayfasi/Login

2021-10-15 17:33:15 - [TEST_STEP][PASSED] - Sayfa_Basligi = getWindowTitle(): Current window's title is: 'LOGO e-Fatura'

2021-10-15 17:33:15 - [MESSAGE][INFO] - Getting current window's title

2021-10-15 17:33:15 - [MESSAGE][PASSED] - Current window's title is: 'LOGO e-Fatura'

2021-10-15 17:33:15 - [TEST_STEP][PASSED] - verifyMatch(Sayfa_Basligi, "LOGO e-Fatura", false): Actual text 'LOGO e-Fatura' and expected text 'LOGO e-Fatura' are matched 

2021-10-15 17:33:15 - [MESSAGE][INFO] - Matching actual text 'LOGO e-Fatura' with expected text 'LOGO e-Fatura'

2021-10-15 17:33:15 - [MESSAGE][PASSED] - Actual text 'LOGO e-Fatura' and expected text 'LOGO e-Fatura' are matched 

2021-10-15 17:33:15 - [TEST_STEP][PASSED] - sendKeys(findTestObject("Sayfalar/Giris_Sayfasi/Firma_Kodu"), KullaniciAdi): Keys 'ELOGO6' sent to object: 'Object Repository/Sayfalar/Giris_Sayfasi/Firma_Kodu'

2021-10-15 17:33:15 - [MESSAGE][INFO] - Finding Test Object 'Object Repository/Sayfalar/Giris_Sayfasi/Firma_Kodu'

2021-10-15 17:33:15 - [MESSAGE][INFO] - Sending keys 'ELOGO6' to object: 'Object Repository/Sayfalar/Giris_Sayfasi/Firma_Kodu'

2021-10-15 17:33:15 - [MESSAGE][INFO] - Finding web element from Test Object's properties

2021-10-15 17:33:15 - [MESSAGE][INFO] - Checking timeout

2021-10-15 17:33:15 - [MESSAGE][INFO] - Finding web element with id: 'Object Repository/Sayfalar/Giris_Sayfasi/Firma_Kodu' located by 'By.xpath: //*[@id = 'AccountName']' in '30' second(s)

2021-10-15 17:33:15 - [MESSAGE][INFO] - Smart Wait Function is triggered

2021-10-15 17:33:16 - [MESSAGE][INFO] - Found 1 web elements with id: 'Object Repository/Sayfalar/Giris_Sayfasi/Firma_Kodu' located by 'By.xpath: //*[@id = 'AccountName']' in '30' second(s)

2021-10-15 17:33:16 - [MESSAGE][PASSED] - Keys 'ELOGO6' sent to object: 'Object Repository/Sayfalar/Giris_Sayfasi/Firma_Kodu'

2021-10-15 17:33:16 - [TEST_STEP][PASSED] - sendKeys(findTestObject("Sayfalar/Giris_Sayfasi/Sifre"), Sifre): Keys '123456' sent to object: 'Object Repository/Sayfalar/Giris_Sayfasi/Sifre'

2021-10-15 17:33:16 - [MESSAGE][INFO] - Finding Test Object 'Object Repository/Sayfalar/Giris_Sayfasi/Sifre'

2021-10-15 17:33:16 - [MESSAGE][INFO] - Sending keys '123456' to object: 'Object Repository/Sayfalar/Giris_Sayfasi/Sifre'

2021-10-15 17:33:16 - [MESSAGE][INFO] - Finding web element from Test Object's properties

2021-10-15 17:33:16 - [MESSAGE][INFO] - Checking timeout

2021-10-15 17:33:16 - [MESSAGE][INFO] - Finding web element with id: 'Object Repository/Sayfalar/Giris_Sayfasi/Sifre' located by 'By.xpath: //*[@id = 'Password']' in '30' second(s)

2021-10-15 17:33:16 - [MESSAGE][INFO] - Smart Wait Function is triggered

2021-10-15 17:33:16 - [MESSAGE][INFO] - Found 1 web elements with id: 'Object Repository/Sayfalar/Giris_Sayfasi/Sifre' located by 'By.xpath: //*[@id = 'Password']' in '30' second(s)

2021-10-15 17:33:16 - [MESSAGE][PASSED] - Keys '123456' sent to object: 'Object Repository/Sayfalar/Giris_Sayfasi/Sifre'

2021-10-15 17:33:16 - [TEST_STEP][PASSED] - findWebElement(findTestObject("Sayfalar/Giris_Sayfasi/Giris_Butonu")).click(): Found 1 web elements with id: 'Object Repository/Sayfalar/Giris_Sayfasi/Giris_Butonu' located by 'By.cssSelector: #btnLogin' in '30' second(s)

2021-10-15 17:33:16 - [MESSAGE][INFO] - Finding Test Object 'Object Repository/Sayfalar/Giris_Sayfasi/Giris_Butonu'

2021-10-15 17:33:16 - [MESSAGE][INFO] - Finding web element from Test Object's properties

2021-10-15 17:33:16 - [MESSAGE][INFO] - Checking timeout

2021-10-15 17:33:16 - [MESSAGE][INFO] - Finding web element with id: 'Object Repository/Sayfalar/Giris_Sayfasi/Giris_Butonu' located by 'By.cssSelector: #btnLogin' in '30' second(s)

2021-10-15 17:33:16 - [MESSAGE][INFO] - Smart Wait Function is triggered

2021-10-15 17:33:17 - [MESSAGE][INFO] - Found 1 web elements with id: 'Object Repository/Sayfalar/Giris_Sayfasi/Giris_Butonu' located by 'By.cssSelector: #btnLogin' in '30' second(s)

2021-10-15 17:33:19 - [TEST_STEP][PASSED] - if (verifyElementPresent(findTestObject("Object Repository/Sayfalar/Giris_Sayfasi/RetveTamam_Butonu"), 5, OPTIONAL)): null

2021-10-15 17:33:19 - [MESSAGE][INFO] - Finding Test Object 'Object Repository/Sayfalar/Giris_Sayfasi/RetveTamam_Butonu'

2021-10-15 17:33:19 - [MESSAGE][INFO] - Checking object

2021-10-15 17:33:19 - [MESSAGE][INFO] - Finding web element from Test Object's properties

2021-10-15 17:33:19 - [MESSAGE][INFO] - Checking timeout

2021-10-15 17:33:19 - [MESSAGE][INFO] - Finding web element with id: 'Object Repository/Sayfalar/Giris_Sayfasi/RetveTamam_Butonu' located by 'By.xpath: //*[@class = 'btn btn-default']' in '5' second(s)

2021-10-15 17:33:19 - [MESSAGE][INFO] - Smart Wait Function is triggered

2021-10-15 17:33:19 - [MESSAGE][INFO] - Found 1 web elements with id: 'Object Repository/Sayfalar/Giris_Sayfasi/RetveTamam_Butonu' located by 'By.xpath: //*[@class = 'btn btn-default']' in '5' second(s)

2021-10-15 17:33:19 - [MESSAGE][PASSED] - Object 'Object Repository/Sayfalar/Giris_Sayfasi/RetveTamam_Butonu' is present

2021-10-15 17:33:19 - [TEST_STEP][PASSED] - click(findTestObject("Object Repository/Sayfalar/Giris_Sayfasi/RetveTamam_Butonu")): Object: 'Object Repository/Sayfalar/Giris_Sayfasi/RetveTamam_Butonu' is clicked on

2021-10-15 17:33:19 - [MESSAGE][INFO] - Finding Test Object 'Object Repository/Sayfalar/Giris_Sayfasi/RetveTamam_Butonu'

2021-10-15 17:33:20 - [MESSAGE][INFO] - Checking object

2021-10-15 17:33:20 - [MESSAGE][INFO] - Finding web element from Test Object's properties

2021-10-15 17:33:20 - [MESSAGE][INFO] - Checking timeout

2021-10-15 17:33:20 - [MESSAGE][INFO] - Finding web element with id: 'Object Repository/Sayfalar/Giris_Sayfasi/RetveTamam_Butonu' located by 'By.xpath: //*[@class = 'btn btn-default']' in '30' second(s)

2021-10-15 17:33:20 - [MESSAGE][INFO] - Smart Wait Function is triggered

2021-10-15 17:33:20 - [MESSAGE][INFO] - Found 1 web elements with id: 'Object Repository/Sayfalar/Giris_Sayfasi/RetveTamam_Butonu' located by 'By.xpath: //*[@class = 'btn btn-default']' in '30' second(s)

2021-10-15 17:33:20 - [MESSAGE][INFO] - Clicking on object: 'Object Repository/Sayfalar/Giris_Sayfasi/RetveTamam_Butonu'

2021-10-15 17:33:20 - [MESSAGE][PASSED] - Object: 'Object Repository/Sayfalar/Giris_Sayfasi/RetveTamam_Butonu' is clicked on

2021-10-15 17:33:20 - [TEST_STEP][PASSED] - click(findTestObject("Object Repository/Sayfalar/Giris_Sayfasi/RetveTamam_Butonu")): Object: 'Object Repository/Sayfalar/Giris_Sayfasi/RetveTamam_Butonu' is clicked on

2021-10-15 17:33:20 - [MESSAGE][INFO] - Finding Test Object 'Object Repository/Sayfalar/Giris_Sayfasi/RetveTamam_Butonu'

2021-10-15 17:33:20 - [MESSAGE][INFO] - Checking object

2021-10-15 17:33:20 - [MESSAGE][INFO] - Finding web element from Test Object's properties

2021-10-15 17:33:20 - [MESSAGE][INFO] - Checking timeout

2021-10-15 17:33:20 - [MESSAGE][INFO] - Finding web element with id: 'Object Repository/Sayfalar/Giris_Sayfasi/RetveTamam_Butonu' located by 'By.xpath: //*[@class = 'btn btn-default']' in '30' second(s)

2021-10-15 17:33:20 - [MESSAGE][INFO] - Smart Wait Function is triggered

2021-10-15 17:33:24 - [MESSAGE][INFO] - Found 1 web elements with id: 'Object Repository/Sayfalar/Giris_Sayfasi/RetveTamam_Butonu' located by 'By.xpath: //*[@class = 'btn btn-default']' in '30' second(s)

2021-10-15 17:33:24 - [MESSAGE][INFO] - Clicking on object: 'Object Repository/Sayfalar/Giris_Sayfasi/RetveTamam_Butonu'

2021-10-15 17:33:24 - [MESSAGE][PASSED] - Object: 'Object Repository/Sayfalar/Giris_Sayfasi/RetveTamam_Butonu' is clicked on

2021-10-15 17:33:24 - [TEST_STEP][PASSED] - if (verifyElementPresent(findTestObject("Sayfalar/Giris_Sayfasi/PopupOK"), 5, OPTIONAL)): null

2021-10-15 17:33:24 - [MESSAGE][INFO] - Finding Test Object 'Object Repository/Sayfalar/Giris_Sayfasi/PopupOK'

2021-10-15 17:33:25 - [MESSAGE][INFO] - Checking object

2021-10-15 17:33:25 - [MESSAGE][INFO] - Finding web element from Test Object's properties

2021-10-15 17:33:25 - [MESSAGE][INFO] - Checking timeout

2021-10-15 17:33:25 - [MESSAGE][INFO] - Finding web element with id: 'Object Repository/Sayfalar/Giris_Sayfasi/PopupOK' located by 'By.cssSelector: .btn.btn-success' in '5' second(s)

2021-10-15 17:33:25 - [MESSAGE][INFO] - Smart Wait Function is triggered

2021-10-15 17:33:25 - [MESSAGE][INFO] - Found 1 web elements with id: 'Object Repository/Sayfalar/Giris_Sayfasi/PopupOK' located by 'By.cssSelector: .btn.btn-success' in '5' second(s)

2021-10-15 17:33:25 - [MESSAGE][PASSED] - Object 'Object Repository/Sayfalar/Giris_Sayfasi/PopupOK' is present

2021-10-15 17:33:25 - [TEST_STEP][PASSED] - click(findTestObject("Object Repository/Sayfalar/Giris_Sayfasi/PopupCarpiGiris")): Object: 'Object Repository/Sayfalar/Giris_Sayfasi/PopupCarpiGiris' is clicked on

2021-10-15 17:33:25 - [MESSAGE][INFO] - Finding Test Object 'Object Repository/Sayfalar/Giris_Sayfasi/PopupCarpiGiris'

2021-10-15 17:33:25 - [MESSAGE][INFO] - Checking object

2021-10-15 17:33:25 - [MESSAGE][INFO] - Finding web element from Test Object's properties

2021-10-15 17:33:25 - [MESSAGE][INFO] - Checking timeout

2021-10-15 17:33:25 - [MESSAGE][INFO] - Finding web element with id: 'Object Repository/Sayfalar/Giris_Sayfasi/PopupCarpiGiris' located by 'By.cssSelector: .bootbox-close-button.close' in '30' second(s)

2021-10-15 17:33:25 - [MESSAGE][INFO] - Smart Wait Function is triggered

2021-10-15 17:33:26 - [MESSAGE][INFO] - Found 1 web elements with id: 'Object Repository/Sayfalar/Giris_Sayfasi/PopupCarpiGiris' located by 'By.cssSelector: .bootbox-close-button.close' in '30' second(s)

2021-10-15 17:33:26 - [MESSAGE][INFO] - Clicking on object: 'Object Repository/Sayfalar/Giris_Sayfasi/PopupCarpiGiris'

2021-10-15 17:33:26 - [MESSAGE][PASSED] - Object: 'Object Repository/Sayfalar/Giris_Sayfasi/PopupCarpiGiris' is clicked on

2021-10-15 17:33:26 - [TEST_STEP][PASSED] - verifyElementVisible(findTestObject("Object Repository/Kullanici_Islemleri/KullaniciIslemleri")): Object 'Object Repository/Kullanici_Islemleri/KullaniciIslemleri' is visible

2021-10-15 17:33:26 - [MESSAGE][INFO] - Finding Test Object 'Object Repository/Kullanici_Islemleri/KullaniciIslemleri'

2021-10-15 17:33:26 - [MESSAGE][INFO] - Checking object

2021-10-15 17:33:26 - [MESSAGE][INFO] - Finding web element from Test Object's properties

2021-10-15 17:33:26 - [MESSAGE][INFO] - Checking timeout

2021-10-15 17:33:26 - [MESSAGE][INFO] - Finding web element with id: 'Object Repository/Kullanici_Islemleri/KullaniciIslemleri' located by 'By.cssSelector: .dropdown>a>img' in '30' second(s)

2021-10-15 17:33:26 - [MESSAGE][INFO] - Smart Wait Function is triggered

2021-10-15 17:33:27 - [MESSAGE][INFO] - Found 1 web elements with id: 'Object Repository/Kullanici_Islemleri/KullaniciIslemleri' located by 'By.cssSelector: .dropdown>a>img' in '30' second(s)

2021-10-15 17:33:27 - [MESSAGE][PASSED] - Object 'Object Repository/Kullanici_Islemleri/KullaniciIslemleri' is visible

2021-10-15 17:33:27 - [MESSAGE][PASSED] - Call Test Case 'Test Cases/Sayfalar/Giris_Sayfasi/Login' successfully

2021-10-15 17:33:27 - [MESSAGE][INFO] - Checking called Test Case

2021-10-15 17:33:27 - [MESSAGE][INFO] - Starting to call Test Case 'Test Cases/Menu/AnaMenuSecimi'

2021-10-15 17:33:27 - [TEST_CASE][PASSED] - Test Cases/Menu/AnaMenuSecimi: Test Cases/Menu/AnaMenuSecimi

2021-10-15 17:33:27 - [TEST_STEP][PASSED] - Method.TextDegerineEsitElementeTikla(findTestObject("Menu/Ana_Menu"), Ana_Menu): Method.TextDegerineEsitElementeTikla is PASSED

2021-10-15 17:33:27 - [MESSAGE][INFO] - Finding Test Object 'Object Repository/Menu/Ana_Menu'

2021-10-15 17:33:27 - [MESSAGE][INFO] - Checking timeout

2021-10-15 17:33:27 - [MESSAGE][INFO] - Finding web element with id: 'Object Repository/Menu/Ana_Menu' located by 'By.xpath: //*[@class = 'dropdown-toggle']' in '10' second(s)

2021-10-15 17:33:27 - [MESSAGE][INFO] - Smart Wait Function is triggered

2021-10-15 17:33:27 - [MESSAGE][INFO] - Found 14 web elements with id: 'Object Repository/Menu/Ana_Menu' located by 'By.xpath: //*[@class = 'dropdown-toggle']' in '10' second(s)

2021-10-15 17:33:27 - [MESSAGE][PASSED] - Method.TextDegerineEsitElementeTikla is PASSED

2021-10-15 17:33:27 - [MESSAGE][PASSED] - Call Test Case 'Test Cases/Menu/AnaMenuSecimi' successfully

2021-10-15 17:33:27 - [MESSAGE][INFO] - Checking called Test Case

2021-10-15 17:33:27 - [MESSAGE][INFO] - Starting to call Test Case 'Test Cases/Menu/AltMenuSecimi'

2021-10-15 17:33:27 - [TEST_CASE][PASSED] - Test Cases/Menu/AltMenuSecimi: Test Cases/Menu/AltMenuSecimi

2021-10-15 17:33:27 - [TEST_STEP][PASSED] - Method.TextDegerineEsitElementeTikla(findTestObject("Menu/Alt_Menu"), Alt_Menu): Method.TextDegerineEsitElementeTikla is PASSED

2021-10-15 17:33:27 - [MESSAGE][INFO] - Finding Test Object 'Object Repository/Menu/Alt_Menu'

2021-10-15 17:33:27 - [MESSAGE][INFO] - Checking timeout

2021-10-15 17:33:27 - [MESSAGE][INFO] - Finding web element with id: 'Object Repository/Menu/Alt_Menu' located by 'By.xpath: //li[@class='dropdown dropdown-large open']//li[@class='dropdown-element']' in '10' second(s)

2021-10-15 17:33:27 - [MESSAGE][INFO] - Smart Wait Function is triggered

2021-10-15 17:33:28 - [MESSAGE][INFO] - Found 1 web elements with id: 'Object Repository/Menu/Alt_Menu' located by 'By.xpath: //li[@class='dropdown dropdown-large open']//li[@class='dropdown-element']' in '10' second(s)

2021-10-15 17:33:29 - [MESSAGE][PASSED] - Method.TextDegerineEsitElementeTikla is PASSED

2021-10-15 17:33:29 - [MESSAGE][PASSED] - Call Test Case 'Test Cases/Menu/AltMenuSecimi' successfully

2021-10-15 17:33:30 - [MESSAGE][INFO] - Checking called Test Case

2021-10-15 17:33:30 - [MESSAGE][INFO] - Starting to call Test Case 'Test Cases/Filtreler/ButonaTikla'

2021-10-15 17:33:30 - [TEST_CASE][PASSED] - Test Cases/Filtreler/ButonaTikla: Test Cases/Filtreler/ButonaTikla

2021-10-15 17:33:30 - [TEST_STEP][PASSED] - Method.TextDegerineEsitElementeTikla(findTestObject("Filtreler/Butonlar"), Filtre_Buton): Method.TextDegerineEsitElementeTikla is PASSED

2021-10-15 17:33:30 - [MESSAGE][INFO] - Finding Test Object 'Object Repository/Filtreler/Butonlar'

2021-10-15 17:33:30 - [MESSAGE][INFO] - Checking timeout

2021-10-15 17:33:30 - [MESSAGE][INFO] - Finding web element with id: 'Object Repository/Filtreler/Butonlar' located by 'By.cssSelector: .dxb>span' in '10' second(s)

2021-10-15 17:33:30 - [MESSAGE][INFO] - Smart Wait Function is triggered

2021-10-15 17:33:30 - [MESSAGE][INFO] - Found 6 web elements with id: 'Object Repository/Filtreler/Butonlar' located by 'By.cssSelector: .dxb>span' in '10' second(s)

2021-10-15 17:33:30 - [MESSAGE][PASSED] - Method.TextDegerineEsitElementeTikla is PASSED

2021-10-15 17:33:30 - [MESSAGE][PASSED] - Call Test Case 'Test Cases/Filtreler/ButonaTikla' successfully

2021-10-15 17:33:30 - [MESSAGE][INFO] - Checking called Test Case

2021-10-15 17:33:30 - [MESSAGE][INFO] - Starting to call Test Case 'Test Cases/Tablo/TablodaVeriVarMi'

2021-10-15 17:33:30 - [TEST_CASE][PASSED] - Test Cases/Tablo/TablodaVeriVarMi: Test Cases/Tablo/TablodaVeriVarMi

2021-10-15 17:33:30 - [TEST_STEP][PASSED] - verifyTextNotPresent("Görüntülenecek veri yok", true): Text 'Görüntülenecek veri yok' is not present on page using regular expression

2021-10-15 17:33:30 - [MESSAGE][INFO] - Checking text present  using regular expression

2021-10-15 17:33:30 - [MESSAGE][INFO] - Smart Wait Function is triggered

2021-10-15 17:33:31 - [MESSAGE][INFO] - Finding text 'Görüntülenecek veri yok' on page  using regular expression

2021-10-15 17:33:31 - [MESSAGE][PASSED] - Text 'Görüntülenecek veri yok' is not present on page using regular expression

2021-10-15 17:33:31 - [MESSAGE][PASSED] - Call Test Case 'Test Cases/Tablo/TablodaVeriVarMi' successfully

2021-10-15 17:33:31 - [MESSAGE][INFO] - Checking called Test Case

2021-10-15 17:33:31 - [MESSAGE][INFO] - Starting to call Test Case 'Test Cases/Tablo/TablodanVeriSec'

2021-10-15 17:33:31 - [TEST_CASE][PASSED] - Test Cases/Tablo/TablodanVeriSec: Test Cases/Tablo/TablodanVeriSec

2021-10-15 17:33:31 - [TEST_STEP][PASSED] - Method.TextDegerineEsitElementinAltindakineTikla(findTestObject("Tablo/Veriler"), findTestObject("Tablo/VerininCheckBoxi"), Veri_Adi): Method.TextDegerineEsitElementinAltindakineTikla is PASSED

2021-10-15 17:33:31 - [MESSAGE][INFO] - Finding Test Object 'Object Repository/Tablo/Veriler'

2021-10-15 17:33:31 - [MESSAGE][INFO] - Finding Test Object 'Object Repository/Tablo/VerininCheckBoxi'

2021-10-15 17:33:31 - [MESSAGE][INFO] - Checking timeout

2021-10-15 17:33:31 - [MESSAGE][INFO] - Finding web element with id: 'Object Repository/Tablo/Veriler' located by 'By.cssSelector: td.dxgv b ,td.dxgv' in '10' second(s)

2021-10-15 17:33:31 - [MESSAGE][INFO] - Smart Wait Function is triggered

2021-10-15 17:33:31 - [MESSAGE][INFO] - Found 62 web elements with id: 'Object Repository/Tablo/Veriler' located by 'By.cssSelector: td.dxgv b ,td.dxgv' in '10' second(s)

2021-10-15 17:33:32 - [MESSAGE][INFO] - Smart Wait Function is triggered

2021-10-15 17:33:32 - [MESSAGE][PASSED] - Method.TextDegerineEsitElementinAltindakineTikla is PASSED

2021-10-15 17:33:32 - [MESSAGE][PASSED] - Call Test Case 'Test Cases/Tablo/TablodanVeriSec' successfully

2021-10-15 17:33:32 - [MESSAGE][INFO] - Checking called Test Case

2021-10-15 17:33:32 - [MESSAGE][INFO] - Starting to call Test Case 'Test Cases/Butonlar/ButonaTikla'

2021-10-15 17:33:32 - [TEST_CASE][PASSED] - Test Cases/Butonlar/ButonaTikla: Test Cases/Butonlar/ButonaTikla

2021-10-15 17:33:32 - [TEST_STEP][PASSED] - Method.TextDegerineEsitElementeTiklaEquals(findTestObject("Butonlar/Butonlar"), Buton_Adi): Method.TextDegerineEsitElementeTiklaEquals is PASSED

2021-10-15 17:33:32 - [MESSAGE][INFO] - Finding Test Object 'Object Repository/Butonlar/Butonlar'

2021-10-15 17:33:32 - [MESSAGE][INFO] - Checking timeout

2021-10-15 17:33:32 - [MESSAGE][INFO] - Finding web element with id: 'Object Repository/Butonlar/Butonlar' located by 'By.cssSelector: .panel.panel-default.text-center.footerPanel .btn,.btn.btn-primary.btnControls' in '10' second(s)

2021-10-15 17:33:32 - [MESSAGE][INFO] - Smart Wait Function is triggered

2021-10-15 17:33:32 - [MESSAGE][INFO] - Found 12 web elements with id: 'Object Repository/Butonlar/Butonlar' located by 'By.cssSelector: .panel.panel-default.text-center.footerPanel .btn,.btn.btn-primary.btnControls' in '10' second(s)

2021-10-15 17:33:33 - [MESSAGE][PASSED] - Method.TextDegerineEsitElementeTiklaEquals is PASSED

2021-10-15 17:33:33 - [MESSAGE][PASSED] - Call Test Case 'Test Cases/Butonlar/ButonaTikla' successfully

2021-10-15 17:33:33 - [MESSAGE][INFO] - Checking called Test Case

2021-10-15 17:33:33 - [MESSAGE][INFO] - Starting to call Test Case 'Test Cases/Popup/PopupButonSecilir'

2021-10-15 17:33:33 - [TEST_CASE][PASSED] - Test Cases/Popup/PopupButonSecilir: Test Cases/Popup/PopupButonSecilir

2021-10-15 17:33:33 - [TEST_STEP][PASSED] - Method.TextDegerineEsitElementeTikla(findTestObject("Popup/Popup_Butons"), Buton): Method.TextDegerineEsitElementeTikla is PASSED

2021-10-15 17:33:33 - [MESSAGE][INFO] - Finding Test Object 'Object Repository/Popup/Popup_Butons'

2021-10-15 17:33:33 - [MESSAGE][INFO] - Checking timeout

2021-10-15 17:33:33 - [MESSAGE][INFO] - Finding web element with id: 'Object Repository/Popup/Popup_Butons' located by 'By.cssSelector: .modal-footer>button' in '10' second(s)

2021-10-15 17:33:33 - [MESSAGE][INFO] - Smart Wait Function is triggered

2021-10-15 17:33:33 - [MESSAGE][INFO] - Found 2 web elements with id: 'Object Repository/Popup/Popup_Butons' located by 'By.cssSelector: .modal-footer>button' in '10' second(s)

2021-10-15 17:33:34 - [MESSAGE][PASSED] - Method.TextDegerineEsitElementeTikla is PASSED

2021-10-15 17:33:34 - [MESSAGE][PASSED] - Call Test Case 'Test Cases/Popup/PopupButonSecilir' successfully

2021-10-15 17:33:34 - [MESSAGE][INFO] - Checking called Test Case

2021-10-15 17:33:34 - [MESSAGE][INFO] - Starting to call Test Case 'Test Cases/Popup/PopupButonSecilir'

2021-10-15 17:33:34 - [TEST_CASE][PASSED] - Test Cases/Popup/PopupButonSecilir: Test Cases/Popup/PopupButonSecilir

2021-10-15 17:33:34 - [TEST_STEP][PASSED] - Method.TextDegerineEsitElementeTikla(findTestObject("Popup/Popup_Butons"), Buton): Method.TextDegerineEsitElementeTikla is PASSED

2021-10-15 17:33:34 - [MESSAGE][INFO] - Finding Test Object 'Object Repository/Popup/Popup_Butons'

2021-10-15 17:33:34 - [MESSAGE][INFO] - Checking timeout

2021-10-15 17:33:34 - [MESSAGE][INFO] - Finding web element with id: 'Object Repository/Popup/Popup_Butons' located by 'By.cssSelector: .modal-footer>button' in '10' second(s)

2021-10-15 17:33:34 - [MESSAGE][INFO] - Smart Wait Function is triggered

2021-10-15 17:33:34 - [MESSAGE][INFO] - Found 1 web elements with id: 'Object Repository/Popup/Popup_Butons' located by 'By.cssSelector: .modal-footer>button' in '10' second(s)

2021-10-15 17:33:34 - [MESSAGE][PASSED] - Method.TextDegerineEsitElementeTikla is PASSED

2021-10-15 17:33:34 - [MESSAGE][PASSED] - Call Test Case 'Test Cases/Popup/PopupButonSecilir' successfully

2021-10-15 17:33:34 - [MESSAGE][INFO] - Checking called Test Case

2021-10-15 17:33:34 - [MESSAGE][INFO] - Starting to call Test Case 'Test Cases/Kullanici_Islemleri/KullaniciIslemlerindenSecimYapilir'

2021-10-15 17:33:35 - [TEST_CASE][PASSED] - Test Cases/Kullanici_Islemleri/KullaniciIslemlerindenSecimYapilir: Test Cases/Kullanici_Islemleri/KullaniciIslemlerindenSecimYapilir

2021-10-15 17:33:35 - [TEST_STEP][PASSED] - waitForElementClickable(findTestObject("Object Repository/Kullanici_Islemleri/KullaniciIslemleri"), 10): Object 'Object Repository/Kullanici_Islemleri/KullaniciIslemleri' is clickable

2021-10-15 17:33:35 - [MESSAGE][INFO] - Finding Test Object 'Object Repository/Kullanici_Islemleri/KullaniciIslemleri'

2021-10-15 17:33:35 - [MESSAGE][INFO] - Checking object

2021-10-15 17:33:35 - [MESSAGE][INFO] - Checking timeout

2021-10-15 17:33:35 - [MESSAGE][INFO] - Finding web element from Test Object's properties

2021-10-15 17:33:35 - [MESSAGE][INFO] - Checking timeout

2021-10-15 17:33:35 - [MESSAGE][INFO] - Finding web element with id: 'Object Repository/Kullanici_Islemleri/KullaniciIslemleri' located by 'By.cssSelector: .dropdown>a>img' in '10' second(s)

2021-10-15 17:33:35 - [MESSAGE][INFO] - Smart Wait Function is triggered

2021-10-15 17:33:35 - [MESSAGE][INFO] - Found 1 web elements with id: 'Object Repository/Kullanici_Islemleri/KullaniciIslemleri' located by 'By.cssSelector: .dropdown>a>img' in '10' second(s)

2021-10-15 17:33:35 - [MESSAGE][PASSED] - Object 'Object Repository/Kullanici_Islemleri/KullaniciIslemleri' is clickable

2021-10-15 17:33:35 - [TEST_STEP][PASSED] - click(findTestObject("Object Repository/Kullanici_Islemleri/KullaniciIslemleri")): Object: 'Object Repository/Kullanici_Islemleri/KullaniciIslemleri' is clicked on

2021-10-15 17:33:35 - [MESSAGE][INFO] - Finding Test Object 'Object Repository/Kullanici_Islemleri/KullaniciIslemleri'

2021-10-15 17:33:35 - [MESSAGE][INFO] - Checking object

2021-10-15 17:33:35 - [MESSAGE][INFO] - Finding web element from Test Object's properties

2021-10-15 17:33:35 - [MESSAGE][INFO] - Checking timeout

2021-10-15 17:33:35 - [MESSAGE][INFO] - Finding web element with id: 'Object Repository/Kullanici_Islemleri/KullaniciIslemleri' located by 'By.cssSelector: .dropdown>a>img' in '30' second(s)

2021-10-15 17:33:35 - [MESSAGE][INFO] - Smart Wait Function is triggered

2021-10-15 17:33:36 - [MESSAGE][INFO] - Found 1 web elements with id: 'Object Repository/Kullanici_Islemleri/KullaniciIslemleri' located by 'By.cssSelector: .dropdown>a>img' in '30' second(s)

2021-10-15 17:33:36 - [MESSAGE][INFO] - Clicking on object: 'Object Repository/Kullanici_Islemleri/KullaniciIslemleri'

2021-10-15 17:33:36 - [MESSAGE][PASSED] - Object: 'Object Repository/Kullanici_Islemleri/KullaniciIslemleri' is clicked on

2021-10-15 17:33:36 - [TEST_STEP][PASSED] - Method.TextDegerineEsitElementeTikla(findTestObject("Object Repository/Kullanici_Islemleri/Secenekler"), Islem): Method.TextDegerineEsitElementeTikla is PASSED

2021-10-15 17:33:36 - [MESSAGE][INFO] - Finding Test Object 'Object Repository/Kullanici_Islemleri/Secenekler'

2021-10-15 17:33:36 - [MESSAGE][INFO] - Checking timeout

2021-10-15 17:33:36 - [MESSAGE][INFO] - Finding web element with id: 'Object Repository/Kullanici_Islemleri/Secenekler' located by 'By.cssSelector: .nav.navbar-nav.navbar-right li a' in '10' second(s)

2021-10-15 17:33:36 - [MESSAGE][INFO] - Smart Wait Function is triggered

2021-10-15 17:33:36 - [MESSAGE][INFO] - Found 22 web elements with id: 'Object Repository/Kullanici_Islemleri/Secenekler' located by 'By.cssSelector: .nav.navbar-nav.navbar-right li a' in '10' second(s)

2021-10-15 17:33:37 - [MESSAGE][PASSED] - Method.TextDegerineEsitElementeTikla is PASSED

2021-10-15 17:33:37 - [TEST_STEP][PASSED] - verifyElementNotPresent(findTestObject("Object Repository/Kullanici_Islemleri/Secenekler"), 10): Web element with id: 'Object Repository/Kullanici_Islemleri/Secenekler' located by 'By.cssSelector: .nav.navbar-nav.navbar-right li a' is not present after '10' second(s)

2021-10-15 17:33:37 - [MESSAGE][INFO] - Finding Test Object 'Object Repository/Kullanici_Islemleri/Secenekler'

2021-10-15 17:33:37 - [MESSAGE][INFO] - Checking object

2021-10-15 17:33:37 - [MESSAGE][INFO] - Checking timeout

2021-10-15 17:33:37 - [MESSAGE][INFO] - Finding web element with id: 'Object Repository/Kullanici_Islemleri/Secenekler' located by 'By.cssSelector: .nav.navbar-nav.navbar-right li a' in '10' second(s)

2021-10-15 17:33:37 - [MESSAGE][INFO] - Smart Wait Function is triggered

2021-10-15 17:33:37 - [MESSAGE][PASSED] - Web element with id: 'Object Repository/Kullanici_Islemleri/Secenekler' located by 'By.cssSelector: .nav.navbar-nav.navbar-right li a' is not present after '10' second(s)

2021-10-15 17:33:37 - [MESSAGE][PASSED] - Call Test Case 'Test Cases/Kullanici_Islemleri/KullaniciIslemlerindenSecimYapilir' successfully

2021-10-15 17:33:37 - [TEST_CASE][PASSED] - Start Test Case : SCENARIO Kullanici silme: SCENARIO Kullanici silme

2021-10-15 17:33:37 - [TEST_STEP][PASSED] - Kullanıcı adı ELOGO6 ve Şifre 123456 olarak giriş yapılır: Kullanıcı adı ELOGO6 ve Şifre 123456 olarak giriş yapılır

2021-10-15 17:33:37 - [MESSAGE][PASSED] - Kullanıcı adı ELOGO6 ve Şifre 123456 olarak giriş yapılır

2021-10-15 17:33:37 - [TEST_STEP][PASSED] - Ana menüden Firma Yönetimi seçilir: Ana menüden Firma Yönetimi seçilir

2021-10-15 17:33:37 - [MESSAGE][PASSED] - Ana menüden Firma Yönetimi seçilir

2021-10-15 17:33:37 - [TEST_STEP][PASSED] - Alt menüden Yetki Yönetimi seçilir: Alt menüden Yetki Yönetimi seçilir

2021-10-15 17:33:37 - [MESSAGE][PASSED] - Alt menüden Yetki Yönetimi seçilir

2021-10-15 17:33:37 - [TEST_STEP][PASSED] - Filtre butonlarından Listele seçilir: Filtre butonlarından Listele seçilir

2021-10-15 17:33:37 - [MESSAGE][PASSED] - Filtre butonlarından Listele seçilir

2021-10-15 17:33:37 - [TEST_STEP][PASSED] - Tabloda veri var mı kontrol edilir: Tabloda veri var mı kontrol edilir

2021-10-15 17:33:37 - [MESSAGE][PASSED] - Tabloda veri var mı kontrol edilir

2021-10-15 17:33:37 - [TEST_STEP][PASSED] - Tablodan VirgosolKullanici isimli veri seçilir: Tablodan VirgosolKullanici isimli veri seçilir

2021-10-15 17:33:37 - [MESSAGE][PASSED] - Tablodan VirgosolKullanici isimli veri seçilir

2021-10-15 17:33:37 - [TEST_STEP][PASSED] - Butonlardan Sil isimli butona tıklanır: Butonlardan Sil isimli butona tıklanır

2021-10-15 17:33:37 - [MESSAGE][PASSED] - Butonlardan Sil isimli butona tıklanır

2021-10-15 17:33:37 - [TEST_STEP][PASSED] - Yönetim popupında Evet seçilir: Yönetim popupında Evet seçilir

2021-10-15 17:33:37 - [MESSAGE][PASSED] - Yönetim popupında Evet seçilir

2021-10-15 17:33:37 - [TEST_STEP][PASSED] - Yönetim popupında Tamam seçilir: Yönetim popupında Tamam seçilir

2021-10-15 17:33:37 - [MESSAGE][PASSED] - Yönetim popupında Tamam seçilir

2021-10-15 17:33:37 - [TEST_STEP][PASSED] - Kullanıcı işlemlerinden Çıkış seçilir: Kullanıcı işlemlerinden Çıkış seçilir

2021-10-15 17:33:37 - [MESSAGE][PASSED] - Kullanıcı işlemlerinden Çıkış seçilir

2021-10-15 17:33:37 - [MESSAGE][PASSED] - Feature file: 'Include/features/Firma Yonetimi/Yetki Yonetimi/Kullanici Tanimlari/Sil.feature' was passed

2021-10-15 17:33:37 - [TEST_STEP][PASSED] - Start listener action : sampleAfterTestSuite: Invoke 'com.kms.katalon.core.annotation.AfterTestCase' method: 'Listener.sampleAfterTestSuite(...)' completed.

2021-10-15 17:33:37 - [MESSAGE][INFO] - Starting invoke 'com.kms.katalon.core.annotation.AfterTestCase' method: 'Listener.sampleAfterTestSuite(...)'

2021-10-15 17:33:37 - [TEST_STEP][PASSED] - closeBrowser(): Invoke 'com.kms.katalon.core.annotation.AfterTestCase' method: 'Listener.sampleAfterTestSuite(...)' completed.

2021-10-15 17:33:37 - [MESSAGE][INFO] - Closing browser

2021-10-15 17:33:38 - [MESSAGE][PASSED] - Browser is closed

2021-10-15 17:33:38 - [MESSAGE][INFO] - Invoke 'com.kms.katalon.core.annotation.AfterTestCase' method: 'Listener.sampleAfterTestSuite(...)' completed.]]></system-out>
         <system-err><![CDATA[]]></system-err>
      </testcase>
      <testcase name="Test Cases/Case Repository/Firma Yonetimi/Yetki Yonetimi/Rol ve Yetki Tanimlari/Ekran Kontrolu" time="28.485" classname="Test Cases/Case Repository/Firma Yonetimi/Yetki Yonetimi/Rol ve Yetki Tanimlari/Ekran Kontrolu" status="PASSED">
         <system-out><![CDATA[2021-10-15 17:33:38 - [TEST_CASE][PASSED] - Test Cases/Case Repository/Firma Yonetimi/Yetki Yonetimi/Rol ve Yetki Tanimlari/Ekran Kontrolu: Test Cases/Case Repository/Firma Yonetimi/Yetki Yonetimi/Rol ve Yetki Tanimlari/Ekran Kontrolu

2021-10-15 17:33:38 - [TEST_STEP][PASSED] - Start listener action : sampleBeforeTestSuite: Invoke 'com.kms.katalon.core.annotation.BeforeTestCase' method: 'Listener.sampleBeforeTestSuite(...)' completed.

2021-10-15 17:33:38 - [MESSAGE][INFO] - Starting invoke 'com.kms.katalon.core.annotation.BeforeTestCase' method: 'Listener.sampleBeforeTestSuite(...)'

2021-10-15 17:33:38 - [TEST_STEP][PASSED] - openBrowser(baseUrl): Browser is opened with url: 'https://efatura-stage.elogo.com.tr/'

2021-10-15 17:33:38 - [MESSAGE][INFO] - Opening browser

2021-10-15 17:33:38 - [MESSAGE][INFO] - Starting 'Chrome' driver

2021-10-15 17:33:38 - [MESSAGE][INFO] - User set preference: ['prefs', '{download.default_directory=C:\otomasyondownfiles}']

2021-10-15 17:33:38 - [MESSAGE][INFO] - Action delay is set to 0 milliseconds

2021-10-15 17:33:39 - [MESSAGE][INFO] - Navigating browser to: 'https://efatura-stage.elogo.com.tr/'

2021-10-15 17:33:44 - [MESSAGE][PASSED] - Browser is opened with url: 'https://efatura-stage.elogo.com.tr/'

2021-10-15 17:33:44 - [TEST_STEP][PASSED] - maximizeWindow(): Invoke 'com.kms.katalon.core.annotation.BeforeTestCase' method: 'Listener.sampleBeforeTestSuite(...)' completed.

2021-10-15 17:33:44 - [MESSAGE][INFO] - Maximizing current window

2021-10-15 17:33:44 - [MESSAGE][PASSED] - Current window maximized

2021-10-15 17:33:44 - [MESSAGE][INFO] - Invoke 'com.kms.katalon.core.annotation.BeforeTestCase' method: 'Listener.sampleBeforeTestSuite(...)' completed.

2021-10-15 17:33:45 - [TEST_STEP][PASSED] - runFeatureFile("Include/features/Firma Yonetimi/Yetki Yonetimi/Rol ve Yetki Tanimlari/Ekran Kontrolu.feature"): Feature file: 'Include/features/Firma Yonetimi/Yetki Yonetimi/Rol ve Yetki Tanimlari/Ekran Kontrolu.feature' was passed

2021-10-15 17:33:45 - [MESSAGE][INFO] - Starting run keyword runFeatureFile: 'Include/features/Firma Yonetimi/Yetki Yonetimi/Rol ve Yetki Tanimlari/Ekran Kontrolu.feature' and extract report to folder: 'C:\Users\DELL\Downloads\EES_Katalon-main\Reports\20211015_165642\Suite Repository\Firma_Yonetimi\20211015_165749/cucumber_report/1634308425075'...

2021-10-15 17:33:45 - [MESSAGE][INFO] - Glue: []

2021-10-15 17:33:45 - [MESSAGE][INFO] - Checking called Test Case

2021-10-15 17:33:45 - [MESSAGE][INFO] - Starting to call Test Case 'Test Cases/Sayfalar/Giris_Sayfasi/Login'

2021-10-15 17:33:45 - [TEST_CASE][PASSED] - Test Cases/Sayfalar/Giris_Sayfasi/Login: Test Cases/Sayfalar/Giris_Sayfasi/Login

2021-10-15 17:33:45 - [TEST_STEP][PASSED] - Sayfa_Basligi = getWindowTitle(): Current window's title is: 'LOGO e-Fatura'

2021-10-15 17:33:45 - [MESSAGE][INFO] - Getting current window's title

2021-10-15 17:33:45 - [MESSAGE][PASSED] - Current window's title is: 'LOGO e-Fatura'

2021-10-15 17:33:45 - [TEST_STEP][PASSED] - verifyMatch(Sayfa_Basligi, "LOGO e-Fatura", false): Actual text 'LOGO e-Fatura' and expected text 'LOGO e-Fatura' are matched 

2021-10-15 17:33:45 - [MESSAGE][INFO] - Matching actual text 'LOGO e-Fatura' with expected text 'LOGO e-Fatura'

2021-10-15 17:33:45 - [MESSAGE][PASSED] - Actual text 'LOGO e-Fatura' and expected text 'LOGO e-Fatura' are matched 

2021-10-15 17:33:45 - [TEST_STEP][PASSED] - sendKeys(findTestObject("Sayfalar/Giris_Sayfasi/Firma_Kodu"), KullaniciAdi): Keys 'ELOGO6' sent to object: 'Object Repository/Sayfalar/Giris_Sayfasi/Firma_Kodu'

2021-10-15 17:33:45 - [MESSAGE][INFO] - Finding Test Object 'Object Repository/Sayfalar/Giris_Sayfasi/Firma_Kodu'

2021-10-15 17:33:45 - [MESSAGE][INFO] - Sending keys 'ELOGO6' to object: 'Object Repository/Sayfalar/Giris_Sayfasi/Firma_Kodu'

2021-10-15 17:33:45 - [MESSAGE][INFO] - Finding web element from Test Object's properties

2021-10-15 17:33:45 - [MESSAGE][INFO] - Checking timeout

2021-10-15 17:33:45 - [MESSAGE][INFO] - Finding web element with id: 'Object Repository/Sayfalar/Giris_Sayfasi/Firma_Kodu' located by 'By.xpath: //*[@id = 'AccountName']' in '30' second(s)

2021-10-15 17:33:45 - [MESSAGE][INFO] - Smart Wait Function is triggered

2021-10-15 17:33:46 - [MESSAGE][INFO] - Found 1 web elements with id: 'Object Repository/Sayfalar/Giris_Sayfasi/Firma_Kodu' located by 'By.xpath: //*[@id = 'AccountName']' in '30' second(s)

2021-10-15 17:33:46 - [MESSAGE][PASSED] - Keys 'ELOGO6' sent to object: 'Object Repository/Sayfalar/Giris_Sayfasi/Firma_Kodu'

2021-10-15 17:33:46 - [TEST_STEP][PASSED] - sendKeys(findTestObject("Sayfalar/Giris_Sayfasi/Sifre"), Sifre): Keys '123456' sent to object: 'Object Repository/Sayfalar/Giris_Sayfasi/Sifre'

2021-10-15 17:33:46 - [MESSAGE][INFO] - Finding Test Object 'Object Repository/Sayfalar/Giris_Sayfasi/Sifre'

2021-10-15 17:33:46 - [MESSAGE][INFO] - Sending keys '123456' to object: 'Object Repository/Sayfalar/Giris_Sayfasi/Sifre'

2021-10-15 17:33:46 - [MESSAGE][INFO] - Finding web element from Test Object's properties

2021-10-15 17:33:46 - [MESSAGE][INFO] - Checking timeout

2021-10-15 17:33:46 - [MESSAGE][INFO] - Finding web element with id: 'Object Repository/Sayfalar/Giris_Sayfasi/Sifre' located by 'By.xpath: //*[@id = 'Password']' in '30' second(s)

2021-10-15 17:33:46 - [MESSAGE][INFO] - Smart Wait Function is triggered

2021-10-15 17:33:46 - [MESSAGE][INFO] - Found 1 web elements with id: 'Object Repository/Sayfalar/Giris_Sayfasi/Sifre' located by 'By.xpath: //*[@id = 'Password']' in '30' second(s)

2021-10-15 17:33:46 - [MESSAGE][PASSED] - Keys '123456' sent to object: 'Object Repository/Sayfalar/Giris_Sayfasi/Sifre'

2021-10-15 17:33:46 - [TEST_STEP][PASSED] - findWebElement(findTestObject("Sayfalar/Giris_Sayfasi/Giris_Butonu")).click(): Found 1 web elements with id: 'Object Repository/Sayfalar/Giris_Sayfasi/Giris_Butonu' located by 'By.cssSelector: #btnLogin' in '30' second(s)

2021-10-15 17:33:46 - [MESSAGE][INFO] - Finding Test Object 'Object Repository/Sayfalar/Giris_Sayfasi/Giris_Butonu'

2021-10-15 17:33:46 - [MESSAGE][INFO] - Finding web element from Test Object's properties

2021-10-15 17:33:46 - [MESSAGE][INFO] - Checking timeout

2021-10-15 17:33:46 - [MESSAGE][INFO] - Finding web element with id: 'Object Repository/Sayfalar/Giris_Sayfasi/Giris_Butonu' located by 'By.cssSelector: #btnLogin' in '30' second(s)

2021-10-15 17:33:46 - [MESSAGE][INFO] - Smart Wait Function is triggered

2021-10-15 17:33:46 - [MESSAGE][INFO] - Found 1 web elements with id: 'Object Repository/Sayfalar/Giris_Sayfasi/Giris_Butonu' located by 'By.cssSelector: #btnLogin' in '30' second(s)

2021-10-15 17:33:50 - [TEST_STEP][PASSED] - if (verifyElementPresent(findTestObject("Object Repository/Sayfalar/Giris_Sayfasi/RetveTamam_Butonu"), 5, OPTIONAL)): null

2021-10-15 17:33:50 - [MESSAGE][INFO] - Finding Test Object 'Object Repository/Sayfalar/Giris_Sayfasi/RetveTamam_Butonu'

2021-10-15 17:33:50 - [MESSAGE][INFO] - Checking object

2021-10-15 17:33:50 - [MESSAGE][INFO] - Finding web element from Test Object's properties

2021-10-15 17:33:50 - [MESSAGE][INFO] - Checking timeout

2021-10-15 17:33:50 - [MESSAGE][INFO] - Finding web element with id: 'Object Repository/Sayfalar/Giris_Sayfasi/RetveTamam_Butonu' located by 'By.xpath: //*[@class = 'btn btn-default']' in '5' second(s)

2021-10-15 17:33:50 - [MESSAGE][INFO] - Smart Wait Function is triggered

2021-10-15 17:33:50 - [MESSAGE][INFO] - Found 1 web elements with id: 'Object Repository/Sayfalar/Giris_Sayfasi/RetveTamam_Butonu' located by 'By.xpath: //*[@class = 'btn btn-default']' in '5' second(s)

2021-10-15 17:33:50 - [MESSAGE][PASSED] - Object 'Object Repository/Sayfalar/Giris_Sayfasi/RetveTamam_Butonu' is present

2021-10-15 17:33:50 - [TEST_STEP][PASSED] - click(findTestObject("Object Repository/Sayfalar/Giris_Sayfasi/RetveTamam_Butonu")): Object: 'Object Repository/Sayfalar/Giris_Sayfasi/RetveTamam_Butonu' is clicked on

2021-10-15 17:33:50 - [MESSAGE][INFO] - Finding Test Object 'Object Repository/Sayfalar/Giris_Sayfasi/RetveTamam_Butonu'

2021-10-15 17:33:50 - [MESSAGE][INFO] - Checking object

2021-10-15 17:33:50 - [MESSAGE][INFO] - Finding web element from Test Object's properties

2021-10-15 17:33:50 - [MESSAGE][INFO] - Checking timeout

2021-10-15 17:33:50 - [MESSAGE][INFO] - Finding web element with id: 'Object Repository/Sayfalar/Giris_Sayfasi/RetveTamam_Butonu' located by 'By.xpath: //*[@class = 'btn btn-default']' in '30' second(s)

2021-10-15 17:33:50 - [MESSAGE][INFO] - Smart Wait Function is triggered

2021-10-15 17:33:50 - [MESSAGE][INFO] - Found 1 web elements with id: 'Object Repository/Sayfalar/Giris_Sayfasi/RetveTamam_Butonu' located by 'By.xpath: //*[@class = 'btn btn-default']' in '30' second(s)

2021-10-15 17:33:50 - [MESSAGE][INFO] - Clicking on object: 'Object Repository/Sayfalar/Giris_Sayfasi/RetveTamam_Butonu'

2021-10-15 17:33:51 - [MESSAGE][PASSED] - Object: 'Object Repository/Sayfalar/Giris_Sayfasi/RetveTamam_Butonu' is clicked on

2021-10-15 17:33:51 - [TEST_STEP][PASSED] - click(findTestObject("Object Repository/Sayfalar/Giris_Sayfasi/RetveTamam_Butonu")): Object: 'Object Repository/Sayfalar/Giris_Sayfasi/RetveTamam_Butonu' is clicked on

2021-10-15 17:33:51 - [MESSAGE][INFO] - Finding Test Object 'Object Repository/Sayfalar/Giris_Sayfasi/RetveTamam_Butonu'

2021-10-15 17:33:51 - [MESSAGE][INFO] - Checking object

2021-10-15 17:33:51 - [MESSAGE][INFO] - Finding web element from Test Object's properties

2021-10-15 17:33:51 - [MESSAGE][INFO] - Checking timeout

2021-10-15 17:33:51 - [MESSAGE][INFO] - Finding web element with id: 'Object Repository/Sayfalar/Giris_Sayfasi/RetveTamam_Butonu' located by 'By.xpath: //*[@class = 'btn btn-default']' in '30' second(s)

2021-10-15 17:33:51 - [MESSAGE][INFO] - Smart Wait Function is triggered

2021-10-15 17:33:54 - [MESSAGE][INFO] - Found 1 web elements with id: 'Object Repository/Sayfalar/Giris_Sayfasi/RetveTamam_Butonu' located by 'By.xpath: //*[@class = 'btn btn-default']' in '30' second(s)

2021-10-15 17:33:54 - [MESSAGE][INFO] - Clicking on object: 'Object Repository/Sayfalar/Giris_Sayfasi/RetveTamam_Butonu'

2021-10-15 17:33:54 - [MESSAGE][PASSED] - Object: 'Object Repository/Sayfalar/Giris_Sayfasi/RetveTamam_Butonu' is clicked on

2021-10-15 17:33:54 - [TEST_STEP][PASSED] - if (verifyElementPresent(findTestObject("Sayfalar/Giris_Sayfasi/PopupOK"), 5, OPTIONAL)): null

2021-10-15 17:33:54 - [MESSAGE][INFO] - Finding Test Object 'Object Repository/Sayfalar/Giris_Sayfasi/PopupOK'

2021-10-15 17:33:54 - [MESSAGE][INFO] - Checking object

2021-10-15 17:33:54 - [MESSAGE][INFO] - Finding web element from Test Object's properties

2021-10-15 17:33:54 - [MESSAGE][INFO] - Checking timeout

2021-10-15 17:33:54 - [MESSAGE][INFO] - Finding web element with id: 'Object Repository/Sayfalar/Giris_Sayfasi/PopupOK' located by 'By.cssSelector: .btn.btn-success' in '5' second(s)

2021-10-15 17:33:54 - [MESSAGE][INFO] - Smart Wait Function is triggered

2021-10-15 17:33:55 - [MESSAGE][INFO] - Found 1 web elements with id: 'Object Repository/Sayfalar/Giris_Sayfasi/PopupOK' located by 'By.cssSelector: .btn.btn-success' in '5' second(s)

2021-10-15 17:33:55 - [MESSAGE][PASSED] - Object 'Object Repository/Sayfalar/Giris_Sayfasi/PopupOK' is present

2021-10-15 17:33:55 - [TEST_STEP][PASSED] - click(findTestObject("Object Repository/Sayfalar/Giris_Sayfasi/PopupCarpiGiris")): Object: 'Object Repository/Sayfalar/Giris_Sayfasi/PopupCarpiGiris' is clicked on

2021-10-15 17:33:55 - [MESSAGE][INFO] - Finding Test Object 'Object Repository/Sayfalar/Giris_Sayfasi/PopupCarpiGiris'

2021-10-15 17:33:55 - [MESSAGE][INFO] - Checking object

2021-10-15 17:33:55 - [MESSAGE][INFO] - Finding web element from Test Object's properties

2021-10-15 17:33:55 - [MESSAGE][INFO] - Checking timeout

2021-10-15 17:33:55 - [MESSAGE][INFO] - Finding web element with id: 'Object Repository/Sayfalar/Giris_Sayfasi/PopupCarpiGiris' located by 'By.cssSelector: .bootbox-close-button.close' in '30' second(s)

2021-10-15 17:33:55 - [MESSAGE][INFO] - Smart Wait Function is triggered

2021-10-15 17:33:55 - [MESSAGE][INFO] - Found 1 web elements with id: 'Object Repository/Sayfalar/Giris_Sayfasi/PopupCarpiGiris' located by 'By.cssSelector: .bootbox-close-button.close' in '30' second(s)

2021-10-15 17:33:55 - [MESSAGE][INFO] - Clicking on object: 'Object Repository/Sayfalar/Giris_Sayfasi/PopupCarpiGiris'

2021-10-15 17:33:55 - [MESSAGE][PASSED] - Object: 'Object Repository/Sayfalar/Giris_Sayfasi/PopupCarpiGiris' is clicked on

2021-10-15 17:33:55 - [TEST_STEP][PASSED] - verifyElementVisible(findTestObject("Object Repository/Kullanici_Islemleri/KullaniciIslemleri")): Object 'Object Repository/Kullanici_Islemleri/KullaniciIslemleri' is visible

2021-10-15 17:33:55 - [MESSAGE][INFO] - Finding Test Object 'Object Repository/Kullanici_Islemleri/KullaniciIslemleri'

2021-10-15 17:33:55 - [MESSAGE][INFO] - Checking object

2021-10-15 17:33:55 - [MESSAGE][INFO] - Finding web element from Test Object's properties

2021-10-15 17:33:55 - [MESSAGE][INFO] - Checking timeout

2021-10-15 17:33:55 - [MESSAGE][INFO] - Finding web element with id: 'Object Repository/Kullanici_Islemleri/KullaniciIslemleri' located by 'By.cssSelector: .dropdown>a>img' in '30' second(s)

2021-10-15 17:33:55 - [MESSAGE][INFO] - Smart Wait Function is triggered

2021-10-15 17:33:56 - [MESSAGE][INFO] - Found 1 web elements with id: 'Object Repository/Kullanici_Islemleri/KullaniciIslemleri' located by 'By.cssSelector: .dropdown>a>img' in '30' second(s)

2021-10-15 17:33:56 - [MESSAGE][PASSED] - Object 'Object Repository/Kullanici_Islemleri/KullaniciIslemleri' is visible

2021-10-15 17:33:56 - [MESSAGE][PASSED] - Call Test Case 'Test Cases/Sayfalar/Giris_Sayfasi/Login' successfully

2021-10-15 17:33:56 - [MESSAGE][INFO] - Checking called Test Case

2021-10-15 17:33:56 - [MESSAGE][INFO] - Starting to call Test Case 'Test Cases/Menu/AnaMenuSecimi'

2021-10-15 17:33:56 - [TEST_CASE][PASSED] - Test Cases/Menu/AnaMenuSecimi: Test Cases/Menu/AnaMenuSecimi

2021-10-15 17:33:56 - [TEST_STEP][PASSED] - Method.TextDegerineEsitElementeTikla(findTestObject("Menu/Ana_Menu"), Ana_Menu): Method.TextDegerineEsitElementeTikla is PASSED

2021-10-15 17:33:56 - [MESSAGE][INFO] - Finding Test Object 'Object Repository/Menu/Ana_Menu'

2021-10-15 17:33:56 - [MESSAGE][INFO] - Checking timeout

2021-10-15 17:33:56 - [MESSAGE][INFO] - Finding web element with id: 'Object Repository/Menu/Ana_Menu' located by 'By.xpath: //*[@class = 'dropdown-toggle']' in '10' second(s)

2021-10-15 17:33:56 - [MESSAGE][INFO] - Smart Wait Function is triggered

2021-10-15 17:33:56 - [MESSAGE][INFO] - Found 14 web elements with id: 'Object Repository/Menu/Ana_Menu' located by 'By.xpath: //*[@class = 'dropdown-toggle']' in '10' second(s)

2021-10-15 17:33:56 - [MESSAGE][PASSED] - Method.TextDegerineEsitElementeTikla is PASSED

2021-10-15 17:33:56 - [MESSAGE][PASSED] - Call Test Case 'Test Cases/Menu/AnaMenuSecimi' successfully

2021-10-15 17:33:56 - [MESSAGE][INFO] - Checking called Test Case

2021-10-15 17:33:56 - [MESSAGE][INFO] - Starting to call Test Case 'Test Cases/Menu/AltMenuSecimi'

2021-10-15 17:33:57 - [TEST_CASE][PASSED] - Test Cases/Menu/AltMenuSecimi: Test Cases/Menu/AltMenuSecimi

2021-10-15 17:33:57 - [TEST_STEP][PASSED] - Method.TextDegerineEsitElementeTikla(findTestObject("Menu/Alt_Menu"), Alt_Menu): Method.TextDegerineEsitElementeTikla is PASSED

2021-10-15 17:33:57 - [MESSAGE][INFO] - Finding Test Object 'Object Repository/Menu/Alt_Menu'

2021-10-15 17:33:57 - [MESSAGE][INFO] - Checking timeout

2021-10-15 17:33:57 - [MESSAGE][INFO] - Finding web element with id: 'Object Repository/Menu/Alt_Menu' located by 'By.xpath: //li[@class='dropdown dropdown-large open']//li[@class='dropdown-element']' in '10' second(s)

2021-10-15 17:33:57 - [MESSAGE][INFO] - Smart Wait Function is triggered

2021-10-15 17:33:57 - [MESSAGE][INFO] - Found 1 web elements with id: 'Object Repository/Menu/Alt_Menu' located by 'By.xpath: //li[@class='dropdown dropdown-large open']//li[@class='dropdown-element']' in '10' second(s)

2021-10-15 17:33:59 - [MESSAGE][PASSED] - Method.TextDegerineEsitElementeTikla is PASSED

2021-10-15 17:33:59 - [MESSAGE][PASSED] - Call Test Case 'Test Cases/Menu/AltMenuSecimi' successfully

2021-10-15 17:33:59 - [MESSAGE][INFO] - Checking called Test Case

2021-10-15 17:33:59 - [MESSAGE][INFO] - Starting to call Test Case 'Test Cases/Sayfalar/Yetki_Yonetimi/SekmeSecilir'

2021-10-15 17:33:59 - [TEST_CASE][PASSED] - Test Cases/Sayfalar/Yetki_Yonetimi/SekmeSecilir: Test Cases/Sayfalar/Yetki_Yonetimi/SekmeSecilir

2021-10-15 17:33:59 - [TEST_STEP][PASSED] - Method.TextDegerineEsitElementeTikla(findTestObject("Object Repository/Sayfalar/Yetki_Yonetimi/Sekmeler"), Sekme): Method.TextDegerineEsitElementeTikla is PASSED

2021-10-15 17:33:59 - [MESSAGE][INFO] - Finding Test Object 'Object Repository/Sayfalar/Yetki_Yonetimi/Sekmeler'

2021-10-15 17:33:59 - [MESSAGE][INFO] - Checking timeout

2021-10-15 17:33:59 - [MESSAGE][INFO] - Finding web element with id: 'Object Repository/Sayfalar/Yetki_Yonetimi/Sekmeler' located by 'By.cssSelector: #pcFeatures_TC>li[class="dxtc-tab"] span,#pcFeatures_TC>li[class="dxtc-activeTab dxtc-lead"] span' in '10' second(s)

2021-10-15 17:33:59 - [MESSAGE][INFO] - Smart Wait Function is triggered

2021-10-15 17:33:59 - [MESSAGE][INFO] - Found 3 web elements with id: 'Object Repository/Sayfalar/Yetki_Yonetimi/Sekmeler' located by 'By.cssSelector: #pcFeatures_TC>li[class="dxtc-tab"] span,#pcFeatures_TC>li[class="dxtc-activeTab dxtc-lead"] span' in '10' second(s)

2021-10-15 17:33:59 - [MESSAGE][PASSED] - Method.TextDegerineEsitElementeTikla is PASSED

2021-10-15 17:33:59 - [MESSAGE][PASSED] - Call Test Case 'Test Cases/Sayfalar/Yetki_Yonetimi/SekmeSecilir' successfully

2021-10-15 17:33:59 - [MESSAGE][INFO] - Checking called Test Case

2021-10-15 17:33:59 - [MESSAGE][INFO] - Starting to call Test Case 'Test Cases/Filtreler/FiltreVarMi'

2021-10-15 17:33:59 - [TEST_CASE][PASSED] - Test Cases/Filtreler/FiltreVarMi: Test Cases/Filtreler/FiltreVarMi

2021-10-15 17:33:59 - [TEST_STEP][PASSED] - Method.TextDegerineEsitElementVarMi(findTestObject("Filtreler/Basliklar"), Filtre_alan): Method.TextDegerineEsitElementVarMi is PASSED

2021-10-15 17:33:59 - [MESSAGE][INFO] - Finding Test Object 'Object Repository/Filtreler/Basliklar'

2021-10-15 17:34:00 - [MESSAGE][INFO] - Checking timeout

2021-10-15 17:34:00 - [MESSAGE][INFO] - Finding web element with id: 'Object Repository/Filtreler/Basliklar' located by 'By.cssSelector: .control-label.col-sm-4.paddingMarginRLC' in '10' second(s)

2021-10-15 17:34:00 - [MESSAGE][INFO] - Smart Wait Function is triggered

2021-10-15 17:34:00 - [MESSAGE][INFO] - Found 12 web elements with id: 'Object Repository/Filtreler/Basliklar' located by 'By.cssSelector: .control-label.col-sm-4.paddingMarginRLC' in '10' second(s)

2021-10-15 17:34:00 - [MESSAGE][PASSED] - Method.TextDegerineEsitElementVarMi is PASSED

2021-10-15 17:34:00 - [MESSAGE][PASSED] - Call Test Case 'Test Cases/Filtreler/FiltreVarMi' successfully

2021-10-15 17:34:00 - [MESSAGE][INFO] - Checking called Test Case

2021-10-15 17:34:00 - [MESSAGE][INFO] - Starting to call Test Case 'Test Cases/Filtreler/FiltreVarMi'

2021-10-15 17:34:00 - [TEST_CASE][PASSED] - Test Cases/Filtreler/FiltreVarMi: Test Cases/Filtreler/FiltreVarMi

2021-10-15 17:34:00 - [TEST_STEP][PASSED] - Method.TextDegerineEsitElementVarMi(findTestObject("Filtreler/Basliklar"), Filtre_alan): Method.TextDegerineEsitElementVarMi is PASSED

2021-10-15 17:34:00 - [MESSAGE][INFO] - Finding Test Object 'Object Repository/Filtreler/Basliklar'

2021-10-15 17:34:00 - [MESSAGE][INFO] - Checking timeout

2021-10-15 17:34:00 - [MESSAGE][INFO] - Finding web element with id: 'Object Repository/Filtreler/Basliklar' located by 'By.cssSelector: .control-label.col-sm-4.paddingMarginRLC' in '10' second(s)

2021-10-15 17:34:00 - [MESSAGE][INFO] - Smart Wait Function is triggered

2021-10-15 17:34:00 - [MESSAGE][INFO] - Found 12 web elements with id: 'Object Repository/Filtreler/Basliklar' located by 'By.cssSelector: .control-label.col-sm-4.paddingMarginRLC' in '10' second(s)

2021-10-15 17:34:00 - [MESSAGE][PASSED] - Method.TextDegerineEsitElementVarMi is PASSED

2021-10-15 17:34:00 - [MESSAGE][PASSED] - Call Test Case 'Test Cases/Filtreler/FiltreVarMi' successfully

2021-10-15 17:34:00 - [MESSAGE][INFO] - Checking called Test Case

2021-10-15 17:34:00 - [MESSAGE][INFO] - Starting to call Test Case 'Test Cases/Filtreler/ButonVarMi'

2021-10-15 17:34:00 - [TEST_CASE][PASSED] - Test Cases/Filtreler/ButonVarMi: Test Cases/Filtreler/ButonVarMi

2021-10-15 17:34:00 - [TEST_STEP][PASSED] - Method.TextDegerineEsitElementVarMi(findTestObject("Filtreler/Butonlar"), Filtre_Buton): Method.TextDegerineEsitElementVarMi is PASSED

2021-10-15 17:34:00 - [MESSAGE][INFO] - Finding Test Object 'Object Repository/Filtreler/Butonlar'

2021-10-15 17:34:01 - [MESSAGE][INFO] - Checking timeout

2021-10-15 17:34:01 - [MESSAGE][INFO] - Finding web element with id: 'Object Repository/Filtreler/Butonlar' located by 'By.cssSelector: .dxb>span' in '10' second(s)

2021-10-15 17:34:01 - [MESSAGE][INFO] - Smart Wait Function is triggered

2021-10-15 17:34:01 - [MESSAGE][INFO] - Found 6 web elements with id: 'Object Repository/Filtreler/Butonlar' located by 'By.cssSelector: .dxb>span' in '10' second(s)

2021-10-15 17:34:01 - [MESSAGE][PASSED] - Method.TextDegerineEsitElementVarMi is PASSED

2021-10-15 17:34:01 - [MESSAGE][PASSED] - Call Test Case 'Test Cases/Filtreler/ButonVarMi' successfully

2021-10-15 17:34:01 - [MESSAGE][INFO] - Checking called Test Case

2021-10-15 17:34:01 - [MESSAGE][INFO] - Starting to call Test Case 'Test Cases/Filtreler/ButonVarMi'

2021-10-15 17:34:01 - [TEST_CASE][PASSED] - Test Cases/Filtreler/ButonVarMi: Test Cases/Filtreler/ButonVarMi

2021-10-15 17:34:01 - [TEST_STEP][PASSED] - Method.TextDegerineEsitElementVarMi(findTestObject("Filtreler/Butonlar"), Filtre_Buton): Method.TextDegerineEsitElementVarMi is PASSED

2021-10-15 17:34:01 - [MESSAGE][INFO] - Finding Test Object 'Object Repository/Filtreler/Butonlar'

2021-10-15 17:34:01 - [MESSAGE][INFO] - Checking timeout

2021-10-15 17:34:01 - [MESSAGE][INFO] - Finding web element with id: 'Object Repository/Filtreler/Butonlar' located by 'By.cssSelector: .dxb>span' in '10' second(s)

2021-10-15 17:34:01 - [MESSAGE][INFO] - Smart Wait Function is triggered

2021-10-15 17:34:01 - [MESSAGE][INFO] - Found 6 web elements with id: 'Object Repository/Filtreler/Butonlar' located by 'By.cssSelector: .dxb>span' in '10' second(s)

2021-10-15 17:34:01 - [MESSAGE][PASSED] - Method.TextDegerineEsitElementVarMi is PASSED

2021-10-15 17:34:01 - [MESSAGE][PASSED] - Call Test Case 'Test Cases/Filtreler/ButonVarMi' successfully

2021-10-15 17:34:01 - [MESSAGE][INFO] - Checking called Test Case

2021-10-15 17:34:01 - [MESSAGE][INFO] - Starting to call Test Case 'Test Cases/Butonlar/ButonVarMi'

2021-10-15 17:34:01 - [TEST_CASE][PASSED] - Test Cases/Butonlar/ButonVarMi: Test Cases/Butonlar/ButonVarMi

2021-10-15 17:34:01 - [TEST_STEP][PASSED] - Method.TextDegerineEsitElementVarMi(findTestObject("Butonlar/Butonlar"), Buton): Method.TextDegerineEsitElementVarMi is PASSED

2021-10-15 17:34:01 - [MESSAGE][INFO] - Finding Test Object 'Object Repository/Butonlar/Butonlar'

2021-10-15 17:34:01 - [MESSAGE][INFO] - Checking timeout

2021-10-15 17:34:01 - [MESSAGE][INFO] - Finding web element with id: 'Object Repository/Butonlar/Butonlar' located by 'By.cssSelector: .panel.panel-default.text-center.footerPanel .btn,.btn.btn-primary.btnControls' in '10' second(s)

2021-10-15 17:34:01 - [MESSAGE][INFO] - Smart Wait Function is triggered

2021-10-15 17:34:02 - [MESSAGE][INFO] - Found 12 web elements with id: 'Object Repository/Butonlar/Butonlar' located by 'By.cssSelector: .panel.panel-default.text-center.footerPanel .btn,.btn.btn-primary.btnControls' in '10' second(s)

2021-10-15 17:34:02 - [MESSAGE][PASSED] - Method.TextDegerineEsitElementVarMi is PASSED

2021-10-15 17:34:02 - [MESSAGE][PASSED] - Call Test Case 'Test Cases/Butonlar/ButonVarMi' successfully

2021-10-15 17:34:02 - [MESSAGE][INFO] - Checking called Test Case

2021-10-15 17:34:02 - [MESSAGE][INFO] - Starting to call Test Case 'Test Cases/Butonlar/ButonVarMi'

2021-10-15 17:34:02 - [TEST_CASE][PASSED] - Test Cases/Butonlar/ButonVarMi: Test Cases/Butonlar/ButonVarMi

2021-10-15 17:34:02 - [TEST_STEP][PASSED] - Method.TextDegerineEsitElementVarMi(findTestObject("Butonlar/Butonlar"), Buton): Method.TextDegerineEsitElementVarMi is PASSED

2021-10-15 17:34:02 - [MESSAGE][INFO] - Finding Test Object 'Object Repository/Butonlar/Butonlar'

2021-10-15 17:34:02 - [MESSAGE][INFO] - Checking timeout

2021-10-15 17:34:02 - [MESSAGE][INFO] - Finding web element with id: 'Object Repository/Butonlar/Butonlar' located by 'By.cssSelector: .panel.panel-default.text-center.footerPanel .btn,.btn.btn-primary.btnControls' in '10' second(s)

2021-10-15 17:34:02 - [MESSAGE][INFO] - Smart Wait Function is triggered

2021-10-15 17:34:02 - [MESSAGE][INFO] - Found 12 web elements with id: 'Object Repository/Butonlar/Butonlar' located by 'By.cssSelector: .panel.panel-default.text-center.footerPanel .btn,.btn.btn-primary.btnControls' in '10' second(s)

2021-10-15 17:34:02 - [MESSAGE][PASSED] - Method.TextDegerineEsitElementVarMi is PASSED

2021-10-15 17:34:02 - [MESSAGE][PASSED] - Call Test Case 'Test Cases/Butonlar/ButonVarMi' successfully

2021-10-15 17:34:02 - [MESSAGE][INFO] - Checking called Test Case

2021-10-15 17:34:02 - [MESSAGE][INFO] - Starting to call Test Case 'Test Cases/Butonlar/ButonVarMi'

2021-10-15 17:34:02 - [TEST_CASE][PASSED] - Test Cases/Butonlar/ButonVarMi: Test Cases/Butonlar/ButonVarMi

2021-10-15 17:34:02 - [TEST_STEP][PASSED] - Method.TextDegerineEsitElementVarMi(findTestObject("Butonlar/Butonlar"), Buton): Method.TextDegerineEsitElementVarMi is PASSED

2021-10-15 17:34:02 - [MESSAGE][INFO] - Finding Test Object 'Object Repository/Butonlar/Butonlar'

2021-10-15 17:34:02 - [MESSAGE][INFO] - Checking timeout

2021-10-15 17:34:02 - [MESSAGE][INFO] - Finding web element with id: 'Object Repository/Butonlar/Butonlar' located by 'By.cssSelector: .panel.panel-default.text-center.footerPanel .btn,.btn.btn-primary.btnControls' in '10' second(s)

2021-10-15 17:34:02 - [MESSAGE][INFO] - Smart Wait Function is triggered

2021-10-15 17:34:03 - [MESSAGE][INFO] - Found 12 web elements with id: 'Object Repository/Butonlar/Butonlar' located by 'By.cssSelector: .panel.panel-default.text-center.footerPanel .btn,.btn.btn-primary.btnControls' in '10' second(s)

2021-10-15 17:34:03 - [MESSAGE][PASSED] - Method.TextDegerineEsitElementVarMi is PASSED

2021-10-15 17:34:03 - [MESSAGE][PASSED] - Call Test Case 'Test Cases/Butonlar/ButonVarMi' successfully

2021-10-15 17:34:03 - [MESSAGE][INFO] - Checking called Test Case

2021-10-15 17:34:03 - [MESSAGE][INFO] - Starting to call Test Case 'Test Cases/Butonlar/ButonVarMi'

2021-10-15 17:34:03 - [TEST_CASE][PASSED] - Test Cases/Butonlar/ButonVarMi: Test Cases/Butonlar/ButonVarMi

2021-10-15 17:34:03 - [TEST_STEP][PASSED] - Method.TextDegerineEsitElementVarMi(findTestObject("Butonlar/Butonlar"), Buton): Method.TextDegerineEsitElementVarMi is PASSED

2021-10-15 17:34:03 - [MESSAGE][INFO] - Finding Test Object 'Object Repository/Butonlar/Butonlar'

2021-10-15 17:34:03 - [MESSAGE][INFO] - Checking timeout

2021-10-15 17:34:03 - [MESSAGE][INFO] - Finding web element with id: 'Object Repository/Butonlar/Butonlar' located by 'By.cssSelector: .panel.panel-default.text-center.footerPanel .btn,.btn.btn-primary.btnControls' in '10' second(s)

2021-10-15 17:34:03 - [MESSAGE][INFO] - Smart Wait Function is triggered

2021-10-15 17:34:03 - [MESSAGE][INFO] - Found 12 web elements with id: 'Object Repository/Butonlar/Butonlar' located by 'By.cssSelector: .panel.panel-default.text-center.footerPanel .btn,.btn.btn-primary.btnControls' in '10' second(s)

2021-10-15 17:34:03 - [MESSAGE][PASSED] - Method.TextDegerineEsitElementVarMi is PASSED

2021-10-15 17:34:03 - [MESSAGE][PASSED] - Call Test Case 'Test Cases/Butonlar/ButonVarMi' successfully

2021-10-15 17:34:03 - [MESSAGE][INFO] - Checking called Test Case

2021-10-15 17:34:03 - [MESSAGE][INFO] - Starting to call Test Case 'Test Cases/Kullanici_Islemleri/KullaniciIslemlerindenSecimYapilir'

2021-10-15 17:34:03 - [TEST_CASE][PASSED] - Test Cases/Kullanici_Islemleri/KullaniciIslemlerindenSecimYapilir: Test Cases/Kullanici_Islemleri/KullaniciIslemlerindenSecimYapilir

2021-10-15 17:34:03 - [TEST_STEP][PASSED] - waitForElementClickable(findTestObject("Object Repository/Kullanici_Islemleri/KullaniciIslemleri"), 10): Object 'Object Repository/Kullanici_Islemleri/KullaniciIslemleri' is clickable

2021-10-15 17:34:03 - [MESSAGE][INFO] - Finding Test Object 'Object Repository/Kullanici_Islemleri/KullaniciIslemleri'

2021-10-15 17:34:03 - [MESSAGE][INFO] - Checking object

2021-10-15 17:34:03 - [MESSAGE][INFO] - Checking timeout

2021-10-15 17:34:03 - [MESSAGE][INFO] - Finding web element from Test Object's properties

2021-10-15 17:34:03 - [MESSAGE][INFO] - Checking timeout

2021-10-15 17:34:03 - [MESSAGE][INFO] - Finding web element with id: 'Object Repository/Kullanici_Islemleri/KullaniciIslemleri' located by 'By.cssSelector: .dropdown>a>img' in '10' second(s)

2021-10-15 17:34:03 - [MESSAGE][INFO] - Smart Wait Function is triggered

2021-10-15 17:34:04 - [MESSAGE][INFO] - Found 1 web elements with id: 'Object Repository/Kullanici_Islemleri/KullaniciIslemleri' located by 'By.cssSelector: .dropdown>a>img' in '10' second(s)

2021-10-15 17:34:04 - [MESSAGE][PASSED] - Object 'Object Repository/Kullanici_Islemleri/KullaniciIslemleri' is clickable

2021-10-15 17:34:04 - [TEST_STEP][PASSED] - click(findTestObject("Object Repository/Kullanici_Islemleri/KullaniciIslemleri")): Object: 'Object Repository/Kullanici_Islemleri/KullaniciIslemleri' is clicked on

2021-10-15 17:34:04 - [MESSAGE][INFO] - Finding Test Object 'Object Repository/Kullanici_Islemleri/KullaniciIslemleri'

2021-10-15 17:34:04 - [MESSAGE][INFO] - Checking object

2021-10-15 17:34:04 - [MESSAGE][INFO] - Finding web element from Test Object's properties

2021-10-15 17:34:04 - [MESSAGE][INFO] - Checking timeout

2021-10-15 17:34:04 - [MESSAGE][INFO] - Finding web element with id: 'Object Repository/Kullanici_Islemleri/KullaniciIslemleri' located by 'By.cssSelector: .dropdown>a>img' in '30' second(s)

2021-10-15 17:34:04 - [MESSAGE][INFO] - Smart Wait Function is triggered

2021-10-15 17:34:04 - [MESSAGE][INFO] - Found 1 web elements with id: 'Object Repository/Kullanici_Islemleri/KullaniciIslemleri' located by 'By.cssSelector: .dropdown>a>img' in '30' second(s)

2021-10-15 17:34:04 - [MESSAGE][INFO] - Clicking on object: 'Object Repository/Kullanici_Islemleri/KullaniciIslemleri'

2021-10-15 17:34:04 - [MESSAGE][PASSED] - Object: 'Object Repository/Kullanici_Islemleri/KullaniciIslemleri' is clicked on

2021-10-15 17:34:04 - [TEST_STEP][PASSED] - Method.TextDegerineEsitElementeTikla(findTestObject("Object Repository/Kullanici_Islemleri/Secenekler"), Islem): Method.TextDegerineEsitElementeTikla is PASSED

2021-10-15 17:34:04 - [MESSAGE][INFO] - Finding Test Object 'Object Repository/Kullanici_Islemleri/Secenekler'

2021-10-15 17:34:04 - [MESSAGE][INFO] - Checking timeout

2021-10-15 17:34:04 - [MESSAGE][INFO] - Finding web element with id: 'Object Repository/Kullanici_Islemleri/Secenekler' located by 'By.cssSelector: .nav.navbar-nav.navbar-right li a' in '10' second(s)

2021-10-15 17:34:04 - [MESSAGE][INFO] - Smart Wait Function is triggered

2021-10-15 17:34:04 - [MESSAGE][INFO] - Found 22 web elements with id: 'Object Repository/Kullanici_Islemleri/Secenekler' located by 'By.cssSelector: .nav.navbar-nav.navbar-right li a' in '10' second(s)

2021-10-15 17:34:05 - [MESSAGE][PASSED] - Method.TextDegerineEsitElementeTikla is PASSED

2021-10-15 17:34:05 - [TEST_STEP][PASSED] - verifyElementNotPresent(findTestObject("Object Repository/Kullanici_Islemleri/Secenekler"), 10): Web element with id: 'Object Repository/Kullanici_Islemleri/Secenekler' located by 'By.cssSelector: .nav.navbar-nav.navbar-right li a' is not present after '10' second(s)

2021-10-15 17:34:05 - [MESSAGE][INFO] - Finding Test Object 'Object Repository/Kullanici_Islemleri/Secenekler'

2021-10-15 17:34:05 - [MESSAGE][INFO] - Checking object

2021-10-15 17:34:05 - [MESSAGE][INFO] - Checking timeout

2021-10-15 17:34:05 - [MESSAGE][INFO] - Finding web element with id: 'Object Repository/Kullanici_Islemleri/Secenekler' located by 'By.cssSelector: .nav.navbar-nav.navbar-right li a' in '10' second(s)

2021-10-15 17:34:05 - [MESSAGE][INFO] - Smart Wait Function is triggered

2021-10-15 17:34:06 - [MESSAGE][PASSED] - Web element with id: 'Object Repository/Kullanici_Islemleri/Secenekler' located by 'By.cssSelector: .nav.navbar-nav.navbar-right li a' is not present after '10' second(s)

2021-10-15 17:34:06 - [MESSAGE][PASSED] - Call Test Case 'Test Cases/Kullanici_Islemleri/KullaniciIslemlerindenSecimYapilir' successfully

2021-10-15 17:34:06 - [TEST_CASE][PASSED] - Start Test Case : SCENARIO Rol ve Yetki Tanimlari Buton Kontrolu: SCENARIO Rol ve Yetki Tanimlari Buton Kontrolu

2021-10-15 17:34:06 - [TEST_STEP][PASSED] - Kullanıcı adı ELOGO6 ve Şifre 123456 olarak giriş yapılır: Kullanıcı adı ELOGO6 ve Şifre 123456 olarak giriş yapılır

2021-10-15 17:34:06 - [MESSAGE][PASSED] - Kullanıcı adı ELOGO6 ve Şifre 123456 olarak giriş yapılır

2021-10-15 17:34:06 - [TEST_STEP][PASSED] - Ana menüden Firma Yönetimi seçilir: Ana menüden Firma Yönetimi seçilir

2021-10-15 17:34:06 - [MESSAGE][PASSED] - Ana menüden Firma Yönetimi seçilir

2021-10-15 17:34:06 - [TEST_STEP][PASSED] - Alt menüden Yetki Yönetimi seçilir: Alt menüden Yetki Yönetimi seçilir

2021-10-15 17:34:06 - [MESSAGE][PASSED] - Alt menüden Yetki Yönetimi seçilir

2021-10-15 17:34:06 - [TEST_STEP][PASSED] - Sekmelerden Rol ve Yetki Tanımları seçilir: Sekmelerden Rol ve Yetki Tanımları seçilir

2021-10-15 17:34:06 - [MESSAGE][PASSED] - Sekmelerden Rol ve Yetki Tanımları seçilir

2021-10-15 17:34:06 - [TEST_STEP][PASSED] - Filtre alanlarında Rol Adı var mı: Filtre alanlarında Rol Adı var mı

2021-10-15 17:34:06 - [MESSAGE][PASSED] - Filtre alanlarında Rol Adı var mı

2021-10-15 17:34:06 - [TEST_STEP][PASSED] - Filtre alanlarında Rol Açıklaması var mı: Filtre alanlarında Rol Açıklaması var mı

2021-10-15 17:34:06 - [MESSAGE][PASSED] - Filtre alanlarında Rol Açıklaması var mı

2021-10-15 17:34:06 - [TEST_STEP][PASSED] - Filtre butonlarında Listele var mı: Filtre butonlarında Listele var mı

2021-10-15 17:34:06 - [MESSAGE][PASSED] - Filtre butonlarında Listele var mı

2021-10-15 17:34:06 - [TEST_STEP][PASSED] - Filtre butonlarında Temizle var mı: Filtre butonlarında Temizle var mı

2021-10-15 17:34:06 - [MESSAGE][PASSED] - Filtre butonlarında Temizle var mı

2021-10-15 17:34:06 - [TEST_STEP][PASSED] - Butonlardan Rol Ekle var mı: Butonlardan Rol Ekle var mı

2021-10-15 17:34:06 - [MESSAGE][PASSED] - Butonlardan Rol Ekle var mı

2021-10-15 17:34:06 - [TEST_STEP][PASSED] - Butonlardan Değiştir var mı: Butonlardan Değiştir var mı

2021-10-15 17:34:06 - [MESSAGE][PASSED] - Butonlardan Değiştir var mı

2021-10-15 17:34:06 - [TEST_STEP][PASSED] - Butonlardan Sil var mı: Butonlardan Sil var mı

2021-10-15 17:34:06 - [MESSAGE][PASSED] - Butonlardan Sil var mı

2021-10-15 17:34:06 - [TEST_STEP][PASSED] - Butonlardan Yetki Tanımla var mı: Butonlardan Yetki Tanımla var mı

2021-10-15 17:34:06 - [MESSAGE][PASSED] - Butonlardan Yetki Tanımla var mı

2021-10-15 17:34:06 - [TEST_STEP][PASSED] - Kullanıcı işlemlerinden Çıkış seçilir: Kullanıcı işlemlerinden Çıkış seçilir

2021-10-15 17:34:06 - [MESSAGE][PASSED] - Kullanıcı işlemlerinden Çıkış seçilir

2021-10-15 17:34:06 - [MESSAGE][PASSED] - Feature file: 'Include/features/Firma Yonetimi/Yetki Yonetimi/Rol ve Yetki Tanimlari/Ekran Kontrolu.feature' was passed

2021-10-15 17:34:06 - [TEST_STEP][PASSED] - Start listener action : sampleAfterTestSuite: Invoke 'com.kms.katalon.core.annotation.AfterTestCase' method: 'Listener.sampleAfterTestSuite(...)' completed.

2021-10-15 17:34:06 - [MESSAGE][INFO] - Starting invoke 'com.kms.katalon.core.annotation.AfterTestCase' method: 'Listener.sampleAfterTestSuite(...)'

2021-10-15 17:34:06 - [TEST_STEP][PASSED] - closeBrowser(): Invoke 'com.kms.katalon.core.annotation.AfterTestCase' method: 'Listener.sampleAfterTestSuite(...)' completed.

2021-10-15 17:34:06 - [MESSAGE][INFO] - Closing browser

2021-10-15 17:34:07 - [MESSAGE][PASSED] - Browser is closed

2021-10-15 17:34:07 - [MESSAGE][INFO] - Invoke 'com.kms.katalon.core.annotation.AfterTestCase' method: 'Listener.sampleAfterTestSuite(...)' completed.]]></system-out>
         <system-err><![CDATA[]]></system-err>
      </testcase>
      <testcase name="Test Cases/Case Repository/Firma Yonetimi/Yetki Yonetimi/Rol ve Yetki Tanimlari/Rol Ekle" time="29.475" classname="Test Cases/Case Repository/Firma Yonetimi/Yetki Yonetimi/Rol ve Yetki Tanimlari/Rol Ekle" status="PASSED">
         <system-out><![CDATA[2021-10-15 17:34:07 - [TEST_CASE][PASSED] - Test Cases/Case Repository/Firma Yonetimi/Yetki Yonetimi/Rol ve Yetki Tanimlari/Rol Ekle: Test Cases/Case Repository/Firma Yonetimi/Yetki Yonetimi/Rol ve Yetki Tanimlari/Rol Ekle

2021-10-15 17:34:07 - [TEST_STEP][PASSED] - Start listener action : sampleBeforeTestSuite: Invoke 'com.kms.katalon.core.annotation.BeforeTestCase' method: 'Listener.sampleBeforeTestSuite(...)' completed.

2021-10-15 17:34:07 - [MESSAGE][INFO] - Starting invoke 'com.kms.katalon.core.annotation.BeforeTestCase' method: 'Listener.sampleBeforeTestSuite(...)'

2021-10-15 17:34:07 - [TEST_STEP][PASSED] - openBrowser(baseUrl): Browser is opened with url: 'https://efatura-stage.elogo.com.tr/'

2021-10-15 17:34:07 - [MESSAGE][INFO] - Opening browser

2021-10-15 17:34:07 - [MESSAGE][INFO] - Starting 'Chrome' driver

2021-10-15 17:34:07 - [MESSAGE][INFO] - User set preference: ['prefs', '{download.default_directory=C:\otomasyondownfiles}']

2021-10-15 17:34:07 - [MESSAGE][INFO] - Action delay is set to 0 milliseconds

2021-10-15 17:34:08 - [MESSAGE][INFO] - Navigating browser to: 'https://efatura-stage.elogo.com.tr/'

2021-10-15 17:34:11 - [MESSAGE][PASSED] - Browser is opened with url: 'https://efatura-stage.elogo.com.tr/'

2021-10-15 17:34:11 - [TEST_STEP][PASSED] - maximizeWindow(): Invoke 'com.kms.katalon.core.annotation.BeforeTestCase' method: 'Listener.sampleBeforeTestSuite(...)' completed.

2021-10-15 17:34:11 - [MESSAGE][INFO] - Maximizing current window

2021-10-15 17:34:11 - [MESSAGE][PASSED] - Current window maximized

2021-10-15 17:34:11 - [MESSAGE][INFO] - Invoke 'com.kms.katalon.core.annotation.BeforeTestCase' method: 'Listener.sampleBeforeTestSuite(...)' completed.

2021-10-15 17:34:12 - [TEST_STEP][PASSED] - runFeatureFile("Include/features/Firma Yonetimi/Yetki Yonetimi/Rol ve Yetki Tanimlari/Rol Ekle.feature"): Feature file: 'Include/features/Firma Yonetimi/Yetki Yonetimi/Rol ve Yetki Tanimlari/Rol Ekle.feature' was passed

2021-10-15 17:34:12 - [MESSAGE][INFO] - Starting run keyword runFeatureFile: 'Include/features/Firma Yonetimi/Yetki Yonetimi/Rol ve Yetki Tanimlari/Rol Ekle.feature' and extract report to folder: 'C:\Users\DELL\Downloads\EES_Katalon-main\Reports\20211015_165642\Suite Repository\Firma_Yonetimi\20211015_165749/cucumber_report/1634308452009'...

2021-10-15 17:34:12 - [MESSAGE][INFO] - Glue: []

2021-10-15 17:34:12 - [MESSAGE][INFO] - Checking called Test Case

2021-10-15 17:34:12 - [MESSAGE][INFO] - Starting to call Test Case 'Test Cases/Sayfalar/Giris_Sayfasi/Login'

2021-10-15 17:34:12 - [TEST_CASE][PASSED] - Test Cases/Sayfalar/Giris_Sayfasi/Login: Test Cases/Sayfalar/Giris_Sayfasi/Login

2021-10-15 17:34:12 - [TEST_STEP][PASSED] - Sayfa_Basligi = getWindowTitle(): Current window's title is: 'LOGO e-Fatura'

2021-10-15 17:34:12 - [MESSAGE][INFO] - Getting current window's title

2021-10-15 17:34:12 - [MESSAGE][PASSED] - Current window's title is: 'LOGO e-Fatura'

2021-10-15 17:34:12 - [TEST_STEP][PASSED] - verifyMatch(Sayfa_Basligi, "LOGO e-Fatura", false): Actual text 'LOGO e-Fatura' and expected text 'LOGO e-Fatura' are matched 

2021-10-15 17:34:12 - [MESSAGE][INFO] - Matching actual text 'LOGO e-Fatura' with expected text 'LOGO e-Fatura'

2021-10-15 17:34:12 - [MESSAGE][PASSED] - Actual text 'LOGO e-Fatura' and expected text 'LOGO e-Fatura' are matched 

2021-10-15 17:34:12 - [TEST_STEP][PASSED] - sendKeys(findTestObject("Sayfalar/Giris_Sayfasi/Firma_Kodu"), KullaniciAdi): Keys 'ELOGO6' sent to object: 'Object Repository/Sayfalar/Giris_Sayfasi/Firma_Kodu'

2021-10-15 17:34:12 - [MESSAGE][INFO] - Finding Test Object 'Object Repository/Sayfalar/Giris_Sayfasi/Firma_Kodu'

2021-10-15 17:34:12 - [MESSAGE][INFO] - Sending keys 'ELOGO6' to object: 'Object Repository/Sayfalar/Giris_Sayfasi/Firma_Kodu'

2021-10-15 17:34:12 - [MESSAGE][INFO] - Finding web element from Test Object's properties

2021-10-15 17:34:12 - [MESSAGE][INFO] - Checking timeout

2021-10-15 17:34:12 - [MESSAGE][INFO] - Finding web element with id: 'Object Repository/Sayfalar/Giris_Sayfasi/Firma_Kodu' located by 'By.xpath: //*[@id = 'AccountName']' in '30' second(s)

2021-10-15 17:34:12 - [MESSAGE][INFO] - Smart Wait Function is triggered

2021-10-15 17:34:13 - [MESSAGE][INFO] - Found 1 web elements with id: 'Object Repository/Sayfalar/Giris_Sayfasi/Firma_Kodu' located by 'By.xpath: //*[@id = 'AccountName']' in '30' second(s)

2021-10-15 17:34:13 - [MESSAGE][PASSED] - Keys 'ELOGO6' sent to object: 'Object Repository/Sayfalar/Giris_Sayfasi/Firma_Kodu'

2021-10-15 17:34:13 - [TEST_STEP][PASSED] - sendKeys(findTestObject("Sayfalar/Giris_Sayfasi/Sifre"), Sifre): Keys '123456' sent to object: 'Object Repository/Sayfalar/Giris_Sayfasi/Sifre'

2021-10-15 17:34:13 - [MESSAGE][INFO] - Finding Test Object 'Object Repository/Sayfalar/Giris_Sayfasi/Sifre'

2021-10-15 17:34:13 - [MESSAGE][INFO] - Sending keys '123456' to object: 'Object Repository/Sayfalar/Giris_Sayfasi/Sifre'

2021-10-15 17:34:13 - [MESSAGE][INFO] - Finding web element from Test Object's properties

2021-10-15 17:34:13 - [MESSAGE][INFO] - Checking timeout

2021-10-15 17:34:13 - [MESSAGE][INFO] - Finding web element with id: 'Object Repository/Sayfalar/Giris_Sayfasi/Sifre' located by 'By.xpath: //*[@id = 'Password']' in '30' second(s)

2021-10-15 17:34:13 - [MESSAGE][INFO] - Smart Wait Function is triggered

2021-10-15 17:34:13 - [MESSAGE][INFO] - Found 1 web elements with id: 'Object Repository/Sayfalar/Giris_Sayfasi/Sifre' located by 'By.xpath: //*[@id = 'Password']' in '30' second(s)

2021-10-15 17:34:13 - [MESSAGE][PASSED] - Keys '123456' sent to object: 'Object Repository/Sayfalar/Giris_Sayfasi/Sifre'

2021-10-15 17:34:13 - [TEST_STEP][PASSED] - findWebElement(findTestObject("Sayfalar/Giris_Sayfasi/Giris_Butonu")).click(): Found 1 web elements with id: 'Object Repository/Sayfalar/Giris_Sayfasi/Giris_Butonu' located by 'By.cssSelector: #btnLogin' in '30' second(s)

2021-10-15 17:34:13 - [MESSAGE][INFO] - Finding Test Object 'Object Repository/Sayfalar/Giris_Sayfasi/Giris_Butonu'

2021-10-15 17:34:13 - [MESSAGE][INFO] - Finding web element from Test Object's properties

2021-10-15 17:34:13 - [MESSAGE][INFO] - Checking timeout

2021-10-15 17:34:13 - [MESSAGE][INFO] - Finding web element with id: 'Object Repository/Sayfalar/Giris_Sayfasi/Giris_Butonu' located by 'By.cssSelector: #btnLogin' in '30' second(s)

2021-10-15 17:34:13 - [MESSAGE][INFO] - Smart Wait Function is triggered

2021-10-15 17:34:13 - [MESSAGE][INFO] - Found 1 web elements with id: 'Object Repository/Sayfalar/Giris_Sayfasi/Giris_Butonu' located by 'By.cssSelector: #btnLogin' in '30' second(s)

2021-10-15 17:34:16 - [TEST_STEP][PASSED] - if (verifyElementPresent(findTestObject("Object Repository/Sayfalar/Giris_Sayfasi/RetveTamam_Butonu"), 5, OPTIONAL)): null

2021-10-15 17:34:16 - [MESSAGE][INFO] - Finding Test Object 'Object Repository/Sayfalar/Giris_Sayfasi/RetveTamam_Butonu'

2021-10-15 17:34:16 - [MESSAGE][INFO] - Checking object

2021-10-15 17:34:16 - [MESSAGE][INFO] - Finding web element from Test Object's properties

2021-10-15 17:34:16 - [MESSAGE][INFO] - Checking timeout

2021-10-15 17:34:16 - [MESSAGE][INFO] - Finding web element with id: 'Object Repository/Sayfalar/Giris_Sayfasi/RetveTamam_Butonu' located by 'By.xpath: //*[@class = 'btn btn-default']' in '5' second(s)

2021-10-15 17:34:16 - [MESSAGE][INFO] - Smart Wait Function is triggered

2021-10-15 17:34:16 - [MESSAGE][INFO] - Found 1 web elements with id: 'Object Repository/Sayfalar/Giris_Sayfasi/RetveTamam_Butonu' located by 'By.xpath: //*[@class = 'btn btn-default']' in '5' second(s)

2021-10-15 17:34:16 - [MESSAGE][PASSED] - Object 'Object Repository/Sayfalar/Giris_Sayfasi/RetveTamam_Butonu' is present

2021-10-15 17:34:16 - [TEST_STEP][PASSED] - click(findTestObject("Object Repository/Sayfalar/Giris_Sayfasi/RetveTamam_Butonu")): Object: 'Object Repository/Sayfalar/Giris_Sayfasi/RetveTamam_Butonu' is clicked on

2021-10-15 17:34:16 - [MESSAGE][INFO] - Finding Test Object 'Object Repository/Sayfalar/Giris_Sayfasi/RetveTamam_Butonu'

2021-10-15 17:34:16 - [MESSAGE][INFO] - Checking object

2021-10-15 17:34:16 - [MESSAGE][INFO] - Finding web element from Test Object's properties

2021-10-15 17:34:16 - [MESSAGE][INFO] - Checking timeout

2021-10-15 17:34:16 - [MESSAGE][INFO] - Finding web element with id: 'Object Repository/Sayfalar/Giris_Sayfasi/RetveTamam_Butonu' located by 'By.xpath: //*[@class = 'btn btn-default']' in '30' second(s)

2021-10-15 17:34:16 - [MESSAGE][INFO] - Smart Wait Function is triggered

2021-10-15 17:34:16 - [MESSAGE][INFO] - Found 1 web elements with id: 'Object Repository/Sayfalar/Giris_Sayfasi/RetveTamam_Butonu' located by 'By.xpath: //*[@class = 'btn btn-default']' in '30' second(s)

2021-10-15 17:34:16 - [MESSAGE][INFO] - Clicking on object: 'Object Repository/Sayfalar/Giris_Sayfasi/RetveTamam_Butonu'

2021-10-15 17:34:16 - [MESSAGE][PASSED] - Object: 'Object Repository/Sayfalar/Giris_Sayfasi/RetveTamam_Butonu' is clicked on

2021-10-15 17:34:16 - [TEST_STEP][PASSED] - click(findTestObject("Object Repository/Sayfalar/Giris_Sayfasi/RetveTamam_Butonu")): Object: 'Object Repository/Sayfalar/Giris_Sayfasi/RetveTamam_Butonu' is clicked on

2021-10-15 17:34:16 - [MESSAGE][INFO] - Finding Test Object 'Object Repository/Sayfalar/Giris_Sayfasi/RetveTamam_Butonu'

2021-10-15 17:34:16 - [MESSAGE][INFO] - Checking object

2021-10-15 17:34:16 - [MESSAGE][INFO] - Finding web element from Test Object's properties

2021-10-15 17:34:16 - [MESSAGE][INFO] - Checking timeout

2021-10-15 17:34:16 - [MESSAGE][INFO] - Finding web element with id: 'Object Repository/Sayfalar/Giris_Sayfasi/RetveTamam_Butonu' located by 'By.xpath: //*[@class = 'btn btn-default']' in '30' second(s)

2021-10-15 17:34:16 - [MESSAGE][INFO] - Smart Wait Function is triggered

2021-10-15 17:34:20 - [MESSAGE][INFO] - Found 1 web elements with id: 'Object Repository/Sayfalar/Giris_Sayfasi/RetveTamam_Butonu' located by 'By.xpath: //*[@class = 'btn btn-default']' in '30' second(s)

2021-10-15 17:34:20 - [MESSAGE][INFO] - Clicking on object: 'Object Repository/Sayfalar/Giris_Sayfasi/RetveTamam_Butonu'

2021-10-15 17:34:20 - [MESSAGE][PASSED] - Object: 'Object Repository/Sayfalar/Giris_Sayfasi/RetveTamam_Butonu' is clicked on

2021-10-15 17:34:20 - [TEST_STEP][PASSED] - if (verifyElementPresent(findTestObject("Sayfalar/Giris_Sayfasi/PopupOK"), 5, OPTIONAL)): null

2021-10-15 17:34:20 - [MESSAGE][INFO] - Finding Test Object 'Object Repository/Sayfalar/Giris_Sayfasi/PopupOK'

2021-10-15 17:34:20 - [MESSAGE][INFO] - Checking object

2021-10-15 17:34:20 - [MESSAGE][INFO] - Finding web element from Test Object's properties

2021-10-15 17:34:20 - [MESSAGE][INFO] - Checking timeout

2021-10-15 17:34:20 - [MESSAGE][INFO] - Finding web element with id: 'Object Repository/Sayfalar/Giris_Sayfasi/PopupOK' located by 'By.cssSelector: .btn.btn-success' in '5' second(s)

2021-10-15 17:34:20 - [MESSAGE][INFO] - Smart Wait Function is triggered

2021-10-15 17:34:20 - [MESSAGE][INFO] - Found 1 web elements with id: 'Object Repository/Sayfalar/Giris_Sayfasi/PopupOK' located by 'By.cssSelector: .btn.btn-success' in '5' second(s)

2021-10-15 17:34:20 - [MESSAGE][PASSED] - Object 'Object Repository/Sayfalar/Giris_Sayfasi/PopupOK' is present

2021-10-15 17:34:20 - [TEST_STEP][PASSED] - click(findTestObject("Object Repository/Sayfalar/Giris_Sayfasi/PopupCarpiGiris")): Object: 'Object Repository/Sayfalar/Giris_Sayfasi/PopupCarpiGiris' is clicked on

2021-10-15 17:34:20 - [MESSAGE][INFO] - Finding Test Object 'Object Repository/Sayfalar/Giris_Sayfasi/PopupCarpiGiris'

2021-10-15 17:34:20 - [MESSAGE][INFO] - Checking object

2021-10-15 17:34:20 - [MESSAGE][INFO] - Finding web element from Test Object's properties

2021-10-15 17:34:20 - [MESSAGE][INFO] - Checking timeout

2021-10-15 17:34:20 - [MESSAGE][INFO] - Finding web element with id: 'Object Repository/Sayfalar/Giris_Sayfasi/PopupCarpiGiris' located by 'By.cssSelector: .bootbox-close-button.close' in '30' second(s)

2021-10-15 17:34:20 - [MESSAGE][INFO] - Smart Wait Function is triggered

2021-10-15 17:34:21 - [MESSAGE][INFO] - Found 1 web elements with id: 'Object Repository/Sayfalar/Giris_Sayfasi/PopupCarpiGiris' located by 'By.cssSelector: .bootbox-close-button.close' in '30' second(s)

2021-10-15 17:34:21 - [MESSAGE][INFO] - Clicking on object: 'Object Repository/Sayfalar/Giris_Sayfasi/PopupCarpiGiris'

2021-10-15 17:34:21 - [MESSAGE][PASSED] - Object: 'Object Repository/Sayfalar/Giris_Sayfasi/PopupCarpiGiris' is clicked on

2021-10-15 17:34:21 - [TEST_STEP][PASSED] - verifyElementVisible(findTestObject("Object Repository/Kullanici_Islemleri/KullaniciIslemleri")): Object 'Object Repository/Kullanici_Islemleri/KullaniciIslemleri' is visible

2021-10-15 17:34:21 - [MESSAGE][INFO] - Finding Test Object 'Object Repository/Kullanici_Islemleri/KullaniciIslemleri'

2021-10-15 17:34:21 - [MESSAGE][INFO] - Checking object

2021-10-15 17:34:21 - [MESSAGE][INFO] - Finding web element from Test Object's properties

2021-10-15 17:34:21 - [MESSAGE][INFO] - Checking timeout

2021-10-15 17:34:21 - [MESSAGE][INFO] - Finding web element with id: 'Object Repository/Kullanici_Islemleri/KullaniciIslemleri' located by 'By.cssSelector: .dropdown>a>img' in '30' second(s)

2021-10-15 17:34:21 - [MESSAGE][INFO] - Smart Wait Function is triggered

2021-10-15 17:34:22 - [MESSAGE][INFO] - Found 1 web elements with id: 'Object Repository/Kullanici_Islemleri/KullaniciIslemleri' located by 'By.cssSelector: .dropdown>a>img' in '30' second(s)

2021-10-15 17:34:22 - [MESSAGE][PASSED] - Object 'Object Repository/Kullanici_Islemleri/KullaniciIslemleri' is visible

2021-10-15 17:34:22 - [MESSAGE][PASSED] - Call Test Case 'Test Cases/Sayfalar/Giris_Sayfasi/Login' successfully

2021-10-15 17:34:22 - [MESSAGE][INFO] - Checking called Test Case

2021-10-15 17:34:22 - [MESSAGE][INFO] - Starting to call Test Case 'Test Cases/Menu/AnaMenuSecimi'

2021-10-15 17:34:22 - [TEST_CASE][PASSED] - Test Cases/Menu/AnaMenuSecimi: Test Cases/Menu/AnaMenuSecimi

2021-10-15 17:34:22 - [TEST_STEP][PASSED] - Method.TextDegerineEsitElementeTikla(findTestObject("Menu/Ana_Menu"), Ana_Menu): Method.TextDegerineEsitElementeTikla is PASSED

2021-10-15 17:34:22 - [MESSAGE][INFO] - Finding Test Object 'Object Repository/Menu/Ana_Menu'

2021-10-15 17:34:22 - [MESSAGE][INFO] - Checking timeout

2021-10-15 17:34:22 - [MESSAGE][INFO] - Finding web element with id: 'Object Repository/Menu/Ana_Menu' located by 'By.xpath: //*[@class = 'dropdown-toggle']' in '10' second(s)

2021-10-15 17:34:22 - [MESSAGE][INFO] - Smart Wait Function is triggered

2021-10-15 17:34:22 - [MESSAGE][INFO] - Found 14 web elements with id: 'Object Repository/Menu/Ana_Menu' located by 'By.xpath: //*[@class = 'dropdown-toggle']' in '10' second(s)

2021-10-15 17:34:22 - [MESSAGE][PASSED] - Method.TextDegerineEsitElementeTikla is PASSED

2021-10-15 17:34:22 - [MESSAGE][PASSED] - Call Test Case 'Test Cases/Menu/AnaMenuSecimi' successfully

2021-10-15 17:34:22 - [MESSAGE][INFO] - Checking called Test Case

2021-10-15 17:34:22 - [MESSAGE][INFO] - Starting to call Test Case 'Test Cases/Menu/AltMenuSecimi'

2021-10-15 17:34:22 - [TEST_CASE][PASSED] - Test Cases/Menu/AltMenuSecimi: Test Cases/Menu/AltMenuSecimi

2021-10-15 17:34:22 - [TEST_STEP][PASSED] - Method.TextDegerineEsitElementeTikla(findTestObject("Menu/Alt_Menu"), Alt_Menu): Method.TextDegerineEsitElementeTikla is PASSED

2021-10-15 17:34:22 - [MESSAGE][INFO] - Finding Test Object 'Object Repository/Menu/Alt_Menu'

2021-10-15 17:34:23 - [MESSAGE][INFO] - Checking timeout

2021-10-15 17:34:23 - [MESSAGE][INFO] - Finding web element with id: 'Object Repository/Menu/Alt_Menu' located by 'By.xpath: //li[@class='dropdown dropdown-large open']//li[@class='dropdown-element']' in '10' second(s)

2021-10-15 17:34:23 - [MESSAGE][INFO] - Smart Wait Function is triggered

2021-10-15 17:34:23 - [MESSAGE][INFO] - Found 1 web elements with id: 'Object Repository/Menu/Alt_Menu' located by 'By.xpath: //li[@class='dropdown dropdown-large open']//li[@class='dropdown-element']' in '10' second(s)

2021-10-15 17:34:27 - [MESSAGE][PASSED] - Method.TextDegerineEsitElementeTikla is PASSED

2021-10-15 17:34:27 - [MESSAGE][PASSED] - Call Test Case 'Test Cases/Menu/AltMenuSecimi' successfully

2021-10-15 17:34:27 - [MESSAGE][INFO] - Checking called Test Case

2021-10-15 17:34:27 - [MESSAGE][INFO] - Starting to call Test Case 'Test Cases/Sayfalar/Yetki_Yonetimi/SekmeSecilir'

2021-10-15 17:34:27 - [TEST_CASE][PASSED] - Test Cases/Sayfalar/Yetki_Yonetimi/SekmeSecilir: Test Cases/Sayfalar/Yetki_Yonetimi/SekmeSecilir

2021-10-15 17:34:27 - [TEST_STEP][PASSED] - Method.TextDegerineEsitElementeTikla(findTestObject("Object Repository/Sayfalar/Yetki_Yonetimi/Sekmeler"), Sekme): Method.TextDegerineEsitElementeTikla is PASSED

2021-10-15 17:34:27 - [MESSAGE][INFO] - Finding Test Object 'Object Repository/Sayfalar/Yetki_Yonetimi/Sekmeler'

2021-10-15 17:34:27 - [MESSAGE][INFO] - Checking timeout

2021-10-15 17:34:27 - [MESSAGE][INFO] - Finding web element with id: 'Object Repository/Sayfalar/Yetki_Yonetimi/Sekmeler' located by 'By.cssSelector: #pcFeatures_TC>li[class="dxtc-tab"] span,#pcFeatures_TC>li[class="dxtc-activeTab dxtc-lead"] span' in '10' second(s)

2021-10-15 17:34:27 - [MESSAGE][INFO] - Smart Wait Function is triggered

2021-10-15 17:34:28 - [MESSAGE][INFO] - Found 3 web elements with id: 'Object Repository/Sayfalar/Yetki_Yonetimi/Sekmeler' located by 'By.cssSelector: #pcFeatures_TC>li[class="dxtc-tab"] span,#pcFeatures_TC>li[class="dxtc-activeTab dxtc-lead"] span' in '10' second(s)

2021-10-15 17:34:28 - [MESSAGE][PASSED] - Method.TextDegerineEsitElementeTikla is PASSED

2021-10-15 17:34:28 - [MESSAGE][PASSED] - Call Test Case 'Test Cases/Sayfalar/Yetki_Yonetimi/SekmeSecilir' successfully

2021-10-15 17:34:28 - [MESSAGE][INFO] - Checking called Test Case

2021-10-15 17:34:28 - [MESSAGE][INFO] - Starting to call Test Case 'Test Cases/Butonlar/ButonaTikla'

2021-10-15 17:34:28 - [TEST_CASE][PASSED] - Test Cases/Butonlar/ButonaTikla: Test Cases/Butonlar/ButonaTikla

2021-10-15 17:34:28 - [TEST_STEP][PASSED] - Method.TextDegerineEsitElementeTiklaEquals(findTestObject("Butonlar/Butonlar"), Buton_Adi): Method.TextDegerineEsitElementeTiklaEquals is PASSED

2021-10-15 17:34:28 - [MESSAGE][INFO] - Finding Test Object 'Object Repository/Butonlar/Butonlar'

2021-10-15 17:34:28 - [MESSAGE][INFO] - Checking timeout

2021-10-15 17:34:28 - [MESSAGE][INFO] - Finding web element with id: 'Object Repository/Butonlar/Butonlar' located by 'By.cssSelector: .panel.panel-default.text-center.footerPanel .btn,.btn.btn-primary.btnControls' in '10' second(s)

2021-10-15 17:34:28 - [MESSAGE][INFO] - Smart Wait Function is triggered

2021-10-15 17:34:28 - [MESSAGE][INFO] - Found 12 web elements with id: 'Object Repository/Butonlar/Butonlar' located by 'By.cssSelector: .panel.panel-default.text-center.footerPanel .btn,.btn.btn-primary.btnControls' in '10' second(s)

2021-10-15 17:34:29 - [MESSAGE][PASSED] - Method.TextDegerineEsitElementeTiklaEquals is PASSED

2021-10-15 17:34:29 - [MESSAGE][PASSED] - Call Test Case 'Test Cases/Butonlar/ButonaTikla' successfully

2021-10-15 17:34:29 - [MESSAGE][INFO] - Checking called Test Case

2021-10-15 17:34:29 - [MESSAGE][INFO] - Starting to call Test Case 'Test Cases/Sayfalar/Yetki_Yonetimi/RolEklenir'

2021-10-15 17:34:29 - [TEST_CASE][PASSED] - Test Cases/Sayfalar/Yetki_Yonetimi/RolEklenir: Test Cases/Sayfalar/Yetki_Yonetimi/RolEklenir

2021-10-15 17:34:29 - [TEST_STEP][PASSED] - switchToFrame(findTestObject("Object Repository/Sayfalar/Yetki_Yonetimi/Rol_Bilgisi/frame"), 10): Switched to iframe: 'Object Repository/Sayfalar/Yetki_Yonetimi/Rol_Bilgisi/frame'

2021-10-15 17:34:29 - [MESSAGE][INFO] - Finding Test Object 'Object Repository/Sayfalar/Yetki_Yonetimi/Rol_Bilgisi/frame'

2021-10-15 17:34:29 - [MESSAGE][INFO] - Switching to iframe: 'Object Repository/Sayfalar/Yetki_Yonetimi/Rol_Bilgisi/frame'

2021-10-15 17:34:29 - [MESSAGE][INFO] - Finding web element from Test Object's properties

2021-10-15 17:34:29 - [MESSAGE][INFO] - Checking timeout

2021-10-15 17:34:29 - [MESSAGE][INFO] - Finding web element with id: 'Object Repository/Sayfalar/Yetki_Yonetimi/Rol_Bilgisi/frame' located by 'By.xpath: //*[@id = 'addrolframe']' in '10' second(s)

2021-10-15 17:34:29 - [MESSAGE][INFO] - Smart Wait Function is triggered

2021-10-15 17:34:30 - [MESSAGE][INFO] - Found 1 web elements with id: 'Object Repository/Sayfalar/Yetki_Yonetimi/Rol_Bilgisi/frame' located by 'By.xpath: //*[@id = 'addrolframe']' in '10' second(s)

2021-10-15 17:34:30 - [MESSAGE][INFO] - Switched to iframe: 'Object Repository/Sayfalar/Yetki_Yonetimi/Rol_Bilgisi/frame'

2021-10-15 17:34:30 - [TEST_STEP][PASSED] - waitForElementPresent(findTestObject("Object Repository/Sayfalar/Yetki_Yonetimi/Rol_Bilgisi/Adi"), 10): Object 'Object Repository/Sayfalar/Yetki_Yonetimi/Rol_Bilgisi/Adi' is present

2021-10-15 17:34:30 - [MESSAGE][INFO] - Finding Test Object 'Object Repository/Sayfalar/Yetki_Yonetimi/Rol_Bilgisi/Adi'

2021-10-15 17:34:30 - [MESSAGE][INFO] - Checking object

2021-10-15 17:34:30 - [MESSAGE][INFO] - Finding web element from Test Object's properties

2021-10-15 17:34:30 - [MESSAGE][INFO] - Checking timeout

2021-10-15 17:34:30 - [MESSAGE][INFO] - Finding web element with id: 'Object Repository/Sayfalar/Yetki_Yonetimi/Rol_Bilgisi/Adi' located by 'By.xpath: //*[@id = 'RoleName_I']' in '10' second(s)

2021-10-15 17:34:30 - [MESSAGE][INFO] - Smart Wait Function is triggered

2021-10-15 17:34:30 - [MESSAGE][INFO] - Found 1 web elements with id: 'Object Repository/Sayfalar/Yetki_Yonetimi/Rol_Bilgisi/Adi' located by 'By.xpath: //*[@id = 'RoleName_I']' in '10' second(s)

2021-10-15 17:34:30 - [MESSAGE][PASSED] - Object 'Object Repository/Sayfalar/Yetki_Yonetimi/Rol_Bilgisi/Adi' is present

2021-10-15 17:34:30 - [TEST_STEP][PASSED] - clearText(findTestObject("Object Repository/Sayfalar/Yetki_Yonetimi/Rol_Bilgisi/Adi")): Text of object 'Object Repository/Sayfalar/Yetki_Yonetimi/Rol_Bilgisi/Adi' is cleared

2021-10-15 17:34:30 - [MESSAGE][INFO] - Finding Test Object 'Object Repository/Sayfalar/Yetki_Yonetimi/Rol_Bilgisi/Adi'

2021-10-15 17:34:30 - [MESSAGE][INFO] - Checking object

2021-10-15 17:34:30 - [MESSAGE][INFO] - Finding web element from Test Object's properties

2021-10-15 17:34:30 - [MESSAGE][INFO] - Checking timeout

2021-10-15 17:34:30 - [MESSAGE][INFO] - Finding web element with id: 'Object Repository/Sayfalar/Yetki_Yonetimi/Rol_Bilgisi/Adi' located by 'By.xpath: //*[@id = 'RoleName_I']' in '30' second(s)

2021-10-15 17:34:30 - [MESSAGE][INFO] - Smart Wait Function is triggered

2021-10-15 17:34:30 - [MESSAGE][INFO] - Found 1 web elements with id: 'Object Repository/Sayfalar/Yetki_Yonetimi/Rol_Bilgisi/Adi' located by 'By.xpath: //*[@id = 'RoleName_I']' in '30' second(s)

2021-10-15 17:34:30 - [MESSAGE][INFO] - Clearing text of object 'Object Repository/Sayfalar/Yetki_Yonetimi/Rol_Bilgisi/Adi'

2021-10-15 17:34:30 - [MESSAGE][PASSED] - Text of object 'Object Repository/Sayfalar/Yetki_Yonetimi/Rol_Bilgisi/Adi' is cleared

2021-10-15 17:34:30 - [TEST_STEP][PASSED] - sendKeys(findTestObject("Object Repository/Sayfalar/Yetki_Yonetimi/Rol_Bilgisi/Adi"), Adi): Keys 'VirgosolRol' sent to object: 'Object Repository/Sayfalar/Yetki_Yonetimi/Rol_Bilgisi/Adi'

2021-10-15 17:34:30 - [MESSAGE][INFO] - Finding Test Object 'Object Repository/Sayfalar/Yetki_Yonetimi/Rol_Bilgisi/Adi'

2021-10-15 17:34:30 - [MESSAGE][INFO] - Sending keys 'VirgosolRol' to object: 'Object Repository/Sayfalar/Yetki_Yonetimi/Rol_Bilgisi/Adi'

2021-10-15 17:34:30 - [MESSAGE][INFO] - Finding web element from Test Object's properties

2021-10-15 17:34:30 - [MESSAGE][INFO] - Checking timeout

2021-10-15 17:34:30 - [MESSAGE][INFO] - Finding web element with id: 'Object Repository/Sayfalar/Yetki_Yonetimi/Rol_Bilgisi/Adi' located by 'By.xpath: //*[@id = 'RoleName_I']' in '30' second(s)

2021-10-15 17:34:30 - [MESSAGE][INFO] - Smart Wait Function is triggered

2021-10-15 17:34:30 - [MESSAGE][INFO] - Found 1 web elements with id: 'Object Repository/Sayfalar/Yetki_Yonetimi/Rol_Bilgisi/Adi' located by 'By.xpath: //*[@id = 'RoleName_I']' in '30' second(s)

2021-10-15 17:34:30 - [MESSAGE][PASSED] - Keys 'VirgosolRol' sent to object: 'Object Repository/Sayfalar/Yetki_Yonetimi/Rol_Bilgisi/Adi'

2021-10-15 17:34:30 - [TEST_STEP][PASSED] - waitForElementPresent(findTestObject("Object Repository/Sayfalar/Yetki_Yonetimi/Rol_Bilgisi/Aciklamasi"), 10): Object 'Object Repository/Sayfalar/Yetki_Yonetimi/Rol_Bilgisi/Aciklamasi' is present

2021-10-15 17:34:30 - [MESSAGE][INFO] - Finding Test Object 'Object Repository/Sayfalar/Yetki_Yonetimi/Rol_Bilgisi/Aciklamasi'

2021-10-15 17:34:30 - [MESSAGE][INFO] - Checking object

2021-10-15 17:34:30 - [MESSAGE][INFO] - Finding web element from Test Object's properties

2021-10-15 17:34:30 - [MESSAGE][INFO] - Checking timeout

2021-10-15 17:34:30 - [MESSAGE][INFO] - Finding web element with id: 'Object Repository/Sayfalar/Yetki_Yonetimi/Rol_Bilgisi/Aciklamasi' located by 'By.xpath: //*[@id = 'RoleDescription_I']' in '10' second(s)

2021-10-15 17:34:30 - [MESSAGE][INFO] - Smart Wait Function is triggered

2021-10-15 17:34:30 - [MESSAGE][INFO] - Found 1 web elements with id: 'Object Repository/Sayfalar/Yetki_Yonetimi/Rol_Bilgisi/Aciklamasi' located by 'By.xpath: //*[@id = 'RoleDescription_I']' in '10' second(s)

2021-10-15 17:34:31 - [MESSAGE][PASSED] - Object 'Object Repository/Sayfalar/Yetki_Yonetimi/Rol_Bilgisi/Aciklamasi' is present

2021-10-15 17:34:31 - [TEST_STEP][PASSED] - clearText(findTestObject("Object Repository/Sayfalar/Yetki_Yonetimi/Rol_Bilgisi/Aciklamasi")): Text of object 'Object Repository/Sayfalar/Yetki_Yonetimi/Rol_Bilgisi/Aciklamasi' is cleared

2021-10-15 17:34:31 - [MESSAGE][INFO] - Finding Test Object 'Object Repository/Sayfalar/Yetki_Yonetimi/Rol_Bilgisi/Aciklamasi'

2021-10-15 17:34:31 - [MESSAGE][INFO] - Checking object

2021-10-15 17:34:31 - [MESSAGE][INFO] - Finding web element from Test Object's properties

2021-10-15 17:34:31 - [MESSAGE][INFO] - Checking timeout

2021-10-15 17:34:31 - [MESSAGE][INFO] - Finding web element with id: 'Object Repository/Sayfalar/Yetki_Yonetimi/Rol_Bilgisi/Aciklamasi' located by 'By.xpath: //*[@id = 'RoleDescription_I']' in '30' second(s)

2021-10-15 17:34:31 - [MESSAGE][INFO] - Smart Wait Function is triggered

2021-10-15 17:34:31 - [MESSAGE][INFO] - Found 1 web elements with id: 'Object Repository/Sayfalar/Yetki_Yonetimi/Rol_Bilgisi/Aciklamasi' located by 'By.xpath: //*[@id = 'RoleDescription_I']' in '30' second(s)

2021-10-15 17:34:31 - [MESSAGE][INFO] - Clearing text of object 'Object Repository/Sayfalar/Yetki_Yonetimi/Rol_Bilgisi/Aciklamasi'

2021-10-15 17:34:31 - [MESSAGE][PASSED] - Text of object 'Object Repository/Sayfalar/Yetki_Yonetimi/Rol_Bilgisi/Aciklamasi' is cleared

2021-10-15 17:34:31 - [TEST_STEP][PASSED] - sendKeys(findTestObject("Object Repository/Sayfalar/Yetki_Yonetimi/Rol_Bilgisi/Aciklamasi"), Aciklamasi): Keys 'Otomasyon' sent to object: 'Object Repository/Sayfalar/Yetki_Yonetimi/Rol_Bilgisi/Aciklamasi'

2021-10-15 17:34:31 - [MESSAGE][INFO] - Finding Test Object 'Object Repository/Sayfalar/Yetki_Yonetimi/Rol_Bilgisi/Aciklamasi'

2021-10-15 17:34:31 - [MESSAGE][INFO] - Sending keys 'Otomasyon' to object: 'Object Repository/Sayfalar/Yetki_Yonetimi/Rol_Bilgisi/Aciklamasi'

2021-10-15 17:34:31 - [MESSAGE][INFO] - Finding web element from Test Object's properties

2021-10-15 17:34:31 - [MESSAGE][INFO] - Checking timeout

2021-10-15 17:34:31 - [MESSAGE][INFO] - Finding web element with id: 'Object Repository/Sayfalar/Yetki_Yonetimi/Rol_Bilgisi/Aciklamasi' located by 'By.xpath: //*[@id = 'RoleDescription_I']' in '30' second(s)

2021-10-15 17:34:31 - [MESSAGE][INFO] - Smart Wait Function is triggered

2021-10-15 17:34:31 - [MESSAGE][INFO] - Found 1 web elements with id: 'Object Repository/Sayfalar/Yetki_Yonetimi/Rol_Bilgisi/Aciklamasi' located by 'By.xpath: //*[@id = 'RoleDescription_I']' in '30' second(s)

2021-10-15 17:34:31 - [MESSAGE][PASSED] - Keys 'Otomasyon' sent to object: 'Object Repository/Sayfalar/Yetki_Yonetimi/Rol_Bilgisi/Aciklamasi'

2021-10-15 17:34:31 - [TEST_STEP][PASSED] - waitForElementClickable(findTestObject("Object Repository/Sayfalar/Yetki_Yonetimi/Rol_Bilgisi/Kaydet"), 10): Object 'Object Repository/Sayfalar/Yetki_Yonetimi/Rol_Bilgisi/Kaydet' is clickable

2021-10-15 17:34:31 - [MESSAGE][INFO] - Finding Test Object 'Object Repository/Sayfalar/Yetki_Yonetimi/Rol_Bilgisi/Kaydet'

2021-10-15 17:34:31 - [MESSAGE][INFO] - Checking object

2021-10-15 17:34:31 - [MESSAGE][INFO] - Checking timeout

2021-10-15 17:34:31 - [MESSAGE][INFO] - Finding web element from Test Object's properties

2021-10-15 17:34:31 - [MESSAGE][INFO] - Checking timeout

2021-10-15 17:34:31 - [MESSAGE][INFO] - Finding web element with id: 'Object Repository/Sayfalar/Yetki_Yonetimi/Rol_Bilgisi/Kaydet' located by 'By.cssSelector: #btnSaveRole_CD>span' in '10' second(s)

2021-10-15 17:34:31 - [MESSAGE][INFO] - Smart Wait Function is triggered

2021-10-15 17:34:31 - [MESSAGE][INFO] - Found 1 web elements with id: 'Object Repository/Sayfalar/Yetki_Yonetimi/Rol_Bilgisi/Kaydet' located by 'By.cssSelector: #btnSaveRole_CD>span' in '10' second(s)

2021-10-15 17:34:31 - [MESSAGE][PASSED] - Object 'Object Repository/Sayfalar/Yetki_Yonetimi/Rol_Bilgisi/Kaydet' is clickable

2021-10-15 17:34:31 - [TEST_STEP][PASSED] - click(findTestObject("Object Repository/Sayfalar/Yetki_Yonetimi/Rol_Bilgisi/Kaydet")): Object: 'Object Repository/Sayfalar/Yetki_Yonetimi/Rol_Bilgisi/Kaydet' is clicked on

2021-10-15 17:34:31 - [MESSAGE][INFO] - Finding Test Object 'Object Repository/Sayfalar/Yetki_Yonetimi/Rol_Bilgisi/Kaydet'

2021-10-15 17:34:31 - [MESSAGE][INFO] - Checking object

2021-10-15 17:34:31 - [MESSAGE][INFO] - Finding web element from Test Object's properties

2021-10-15 17:34:31 - [MESSAGE][INFO] - Checking timeout

2021-10-15 17:34:31 - [MESSAGE][INFO] - Finding web element with id: 'Object Repository/Sayfalar/Yetki_Yonetimi/Rol_Bilgisi/Kaydet' located by 'By.cssSelector: #btnSaveRole_CD>span' in '30' second(s)

2021-10-15 17:34:31 - [MESSAGE][INFO] - Smart Wait Function is triggered

2021-10-15 17:34:31 - [MESSAGE][INFO] - Found 1 web elements with id: 'Object Repository/Sayfalar/Yetki_Yonetimi/Rol_Bilgisi/Kaydet' located by 'By.cssSelector: #btnSaveRole_CD>span' in '30' second(s)

2021-10-15 17:34:31 - [MESSAGE][INFO] - Clicking on object: 'Object Repository/Sayfalar/Yetki_Yonetimi/Rol_Bilgisi/Kaydet'

2021-10-15 17:34:31 - [MESSAGE][PASSED] - Object: 'Object Repository/Sayfalar/Yetki_Yonetimi/Rol_Bilgisi/Kaydet' is clicked on

2021-10-15 17:34:31 - [TEST_STEP][PASSED] - callTestCase(findTestCase("Popup/PopupMesajiIceriyorMu"), ["Mesaj":"Rol kaydı oluşturulmuştur"], STOP_ON_FAILURE): Call Test Case 'Test Cases/Popup/PopupMesajiIceriyorMu' successfully

2021-10-15 17:34:31 - [MESSAGE][INFO] - Checking called Test Case

2021-10-15 17:34:31 - [MESSAGE][INFO] - Starting to call Test Case 'Test Cases/Popup/PopupMesajiIceriyorMu'

2021-10-15 17:34:31 - [TEST_CASE][PASSED] - Test Cases/Popup/PopupMesajiIceriyorMu: Test Cases/Popup/PopupMesajiIceriyorMu

2021-10-15 17:34:31 - [TEST_STEP][PASSED] - waitForElementVisible(findTestObject("Popup/Popup"), 10): Object 'Object Repository/Popup/Popup' is visible

2021-10-15 17:34:31 - [MESSAGE][INFO] - Finding Test Object 'Object Repository/Popup/Popup'

2021-10-15 17:34:32 - [MESSAGE][INFO] - Checking object

2021-10-15 17:34:32 - [MESSAGE][INFO] - Checking timeout

2021-10-15 17:34:32 - [MESSAGE][INFO] - Finding web element from Test Object's properties

2021-10-15 17:34:32 - [MESSAGE][INFO] - Checking timeout

2021-10-15 17:34:32 - [MESSAGE][INFO] - Finding web element with id: 'Object Repository/Popup/Popup' located by 'By.cssSelector: .bootbox-body' in '10' second(s)

2021-10-15 17:34:32 - [MESSAGE][INFO] - Smart Wait Function is triggered

2021-10-15 17:34:32 - [MESSAGE][INFO] - Found 1 web elements with id: 'Object Repository/Popup/Popup' located by 'By.cssSelector: .bootbox-body' in '10' second(s)

2021-10-15 17:34:32 - [MESSAGE][PASSED] - Object 'Object Repository/Popup/Popup' is visible

2021-10-15 17:34:32 - [TEST_STEP][PASSED] - if (!(getText(findTestObject("Popup/Popup")).contains(Mesaj))): Text of object 'Object Repository/Popup/Popup' is: 'Rol kaydı oluşturulmuştur.'

2021-10-15 17:34:32 - [MESSAGE][INFO] - Finding Test Object 'Object Repository/Popup/Popup'

2021-10-15 17:34:32 - [MESSAGE][INFO] - Checking object

2021-10-15 17:34:32 - [MESSAGE][INFO] - Finding web element from Test Object's properties

2021-10-15 17:34:32 - [MESSAGE][INFO] - Checking timeout

2021-10-15 17:34:32 - [MESSAGE][INFO] - Finding web element with id: 'Object Repository/Popup/Popup' located by 'By.cssSelector: .bootbox-body' in '30' second(s)

2021-10-15 17:34:32 - [MESSAGE][INFO] - Smart Wait Function is triggered

2021-10-15 17:34:32 - [MESSAGE][INFO] - Found 1 web elements with id: 'Object Repository/Popup/Popup' located by 'By.cssSelector: .bootbox-body' in '30' second(s)

2021-10-15 17:34:32 - [MESSAGE][INFO] - Getting text of object 'Object Repository/Popup/Popup'

2021-10-15 17:34:32 - [MESSAGE][PASSED] - Text of object 'Object Repository/Popup/Popup' is: 'Rol kaydı oluşturulmuştur.'

2021-10-15 17:34:32 - [TEST_STEP][PASSED] - RaporNo = getText(findTestObject("Popup/Popup")).substring(0, 6): Text of object 'Object Repository/Popup/Popup' is: 'Rol kaydı oluşturulmuştur.'

2021-10-15 17:34:32 - [MESSAGE][INFO] - Finding Test Object 'Object Repository/Popup/Popup'

2021-10-15 17:34:32 - [MESSAGE][INFO] - Checking object

2021-10-15 17:34:32 - [MESSAGE][INFO] - Finding web element from Test Object's properties

2021-10-15 17:34:32 - [MESSAGE][INFO] - Checking timeout

2021-10-15 17:34:32 - [MESSAGE][INFO] - Finding web element with id: 'Object Repository/Popup/Popup' located by 'By.cssSelector: .bootbox-body' in '30' second(s)

2021-10-15 17:34:32 - [MESSAGE][INFO] - Smart Wait Function is triggered

2021-10-15 17:34:32 - [MESSAGE][INFO] - Found 1 web elements with id: 'Object Repository/Popup/Popup' located by 'By.cssSelector: .bootbox-body' in '30' second(s)

2021-10-15 17:34:32 - [MESSAGE][INFO] - Getting text of object 'Object Repository/Popup/Popup'

2021-10-15 17:34:32 - [MESSAGE][PASSED] - Text of object 'Object Repository/Popup/Popup' is: 'Rol kaydı oluşturulmuştur.'

2021-10-15 17:34:32 - [TEST_STEP][PASSED] - Console.println(RaporNo): null

2021-10-15 17:34:32 - [MESSAGE][PASSED] - Call Test Case 'Test Cases/Popup/PopupMesajiIceriyorMu' successfully

2021-10-15 17:34:32 - [TEST_STEP][PASSED] - callTestCase(findTestCase("Popup/PopupButonSecilir"), ["Buton":"Tamam"], STOP_ON_FAILURE): Call Test Case 'Test Cases/Popup/PopupButonSecilir' successfully

2021-10-15 17:34:32 - [MESSAGE][INFO] - Checking called Test Case

2021-10-15 17:34:32 - [MESSAGE][INFO] - Starting to call Test Case 'Test Cases/Popup/PopupButonSecilir'

2021-10-15 17:34:32 - [TEST_CASE][PASSED] - Test Cases/Popup/PopupButonSecilir: Test Cases/Popup/PopupButonSecilir

2021-10-15 17:34:32 - [TEST_STEP][PASSED] - Method.TextDegerineEsitElementeTikla(findTestObject("Popup/Popup_Butons"), Buton): Method.TextDegerineEsitElementeTikla is PASSED

2021-10-15 17:34:32 - [MESSAGE][INFO] - Finding Test Object 'Object Repository/Popup/Popup_Butons'

2021-10-15 17:34:32 - [MESSAGE][INFO] - Checking timeout

2021-10-15 17:34:32 - [MESSAGE][INFO] - Finding web element with id: 'Object Repository/Popup/Popup_Butons' located by 'By.cssSelector: .modal-footer>button' in '10' second(s)

2021-10-15 17:34:32 - [MESSAGE][INFO] - Smart Wait Function is triggered

2021-10-15 17:34:32 - [MESSAGE][INFO] - Found 1 web elements with id: 'Object Repository/Popup/Popup_Butons' located by 'By.cssSelector: .modal-footer>button' in '10' second(s)

2021-10-15 17:34:32 - [MESSAGE][PASSED] - Method.TextDegerineEsitElementeTikla is PASSED

2021-10-15 17:34:32 - [MESSAGE][PASSED] - Call Test Case 'Test Cases/Popup/PopupButonSecilir' successfully

2021-10-15 17:34:32 - [TEST_STEP][PASSED] - switchToDefaultContent(): Switching to default content

2021-10-15 17:34:32 - [MESSAGE][INFO] - Switching to default content

2021-10-15 17:34:32 - [MESSAGE][PASSED] - Call Test Case 'Test Cases/Sayfalar/Yetki_Yonetimi/RolEklenir' successfully

2021-10-15 17:34:32 - [MESSAGE][INFO] - Checking called Test Case

2021-10-15 17:34:32 - [MESSAGE][INFO] - Starting to call Test Case 'Test Cases/Kullanici_Islemleri/KullaniciIslemlerindenSecimYapilir'

2021-10-15 17:34:32 - [TEST_CASE][PASSED] - Test Cases/Kullanici_Islemleri/KullaniciIslemlerindenSecimYapilir: Test Cases/Kullanici_Islemleri/KullaniciIslemlerindenSecimYapilir

2021-10-15 17:34:32 - [TEST_STEP][PASSED] - waitForElementClickable(findTestObject("Object Repository/Kullanici_Islemleri/KullaniciIslemleri"), 10): Object 'Object Repository/Kullanici_Islemleri/KullaniciIslemleri' is clickable

2021-10-15 17:34:32 - [MESSAGE][INFO] - Finding Test Object 'Object Repository/Kullanici_Islemleri/KullaniciIslemleri'

2021-10-15 17:34:33 - [MESSAGE][INFO] - Checking object

2021-10-15 17:34:33 - [MESSAGE][INFO] - Checking timeout

2021-10-15 17:34:33 - [MESSAGE][INFO] - Finding web element from Test Object's properties

2021-10-15 17:34:33 - [MESSAGE][INFO] - Checking timeout

2021-10-15 17:34:33 - [MESSAGE][INFO] - Finding web element with id: 'Object Repository/Kullanici_Islemleri/KullaniciIslemleri' located by 'By.cssSelector: .dropdown>a>img' in '10' second(s)

2021-10-15 17:34:33 - [MESSAGE][INFO] - Smart Wait Function is triggered

2021-10-15 17:34:33 - [MESSAGE][INFO] - Found 1 web elements with id: 'Object Repository/Kullanici_Islemleri/KullaniciIslemleri' located by 'By.cssSelector: .dropdown>a>img' in '10' second(s)

2021-10-15 17:34:33 - [MESSAGE][PASSED] - Object 'Object Repository/Kullanici_Islemleri/KullaniciIslemleri' is clickable

2021-10-15 17:34:33 - [TEST_STEP][PASSED] - click(findTestObject("Object Repository/Kullanici_Islemleri/KullaniciIslemleri")): Object: 'Object Repository/Kullanici_Islemleri/KullaniciIslemleri' is clicked on

2021-10-15 17:34:33 - [MESSAGE][INFO] - Finding Test Object 'Object Repository/Kullanici_Islemleri/KullaniciIslemleri'

2021-10-15 17:34:33 - [MESSAGE][INFO] - Checking object

2021-10-15 17:34:33 - [MESSAGE][INFO] - Finding web element from Test Object's properties

2021-10-15 17:34:33 - [MESSAGE][INFO] - Checking timeout

2021-10-15 17:34:33 - [MESSAGE][INFO] - Finding web element with id: 'Object Repository/Kullanici_Islemleri/KullaniciIslemleri' located by 'By.cssSelector: .dropdown>a>img' in '30' second(s)

2021-10-15 17:34:33 - [MESSAGE][INFO] - Smart Wait Function is triggered

2021-10-15 17:34:33 - [MESSAGE][INFO] - Found 1 web elements with id: 'Object Repository/Kullanici_Islemleri/KullaniciIslemleri' located by 'By.cssSelector: .dropdown>a>img' in '30' second(s)

2021-10-15 17:34:33 - [MESSAGE][INFO] - Clicking on object: 'Object Repository/Kullanici_Islemleri/KullaniciIslemleri'

2021-10-15 17:34:33 - [MESSAGE][PASSED] - Object: 'Object Repository/Kullanici_Islemleri/KullaniciIslemleri' is clicked on

2021-10-15 17:34:33 - [TEST_STEP][PASSED] - Method.TextDegerineEsitElementeTikla(findTestObject("Object Repository/Kullanici_Islemleri/Secenekler"), Islem): Method.TextDegerineEsitElementeTikla is PASSED

2021-10-15 17:34:33 - [MESSAGE][INFO] - Finding Test Object 'Object Repository/Kullanici_Islemleri/Secenekler'

2021-10-15 17:34:34 - [MESSAGE][INFO] - Checking timeout

2021-10-15 17:34:34 - [MESSAGE][INFO] - Finding web element with id: 'Object Repository/Kullanici_Islemleri/Secenekler' located by 'By.cssSelector: .nav.navbar-nav.navbar-right li a' in '10' second(s)

2021-10-15 17:34:34 - [MESSAGE][INFO] - Smart Wait Function is triggered

2021-10-15 17:34:34 - [MESSAGE][INFO] - Found 22 web elements with id: 'Object Repository/Kullanici_Islemleri/Secenekler' located by 'By.cssSelector: .nav.navbar-nav.navbar-right li a' in '10' second(s)

2021-10-15 17:34:35 - [MESSAGE][PASSED] - Method.TextDegerineEsitElementeTikla is PASSED

2021-10-15 17:34:35 - [TEST_STEP][PASSED] - verifyElementNotPresent(findTestObject("Object Repository/Kullanici_Islemleri/Secenekler"), 10): Web element with id: 'Object Repository/Kullanici_Islemleri/Secenekler' located by 'By.cssSelector: .nav.navbar-nav.navbar-right li a' is not present after '10' second(s)

2021-10-15 17:34:35 - [MESSAGE][INFO] - Finding Test Object 'Object Repository/Kullanici_Islemleri/Secenekler'

2021-10-15 17:34:35 - [MESSAGE][INFO] - Checking object

2021-10-15 17:34:35 - [MESSAGE][INFO] - Checking timeout

2021-10-15 17:34:35 - [MESSAGE][INFO] - Finding web element with id: 'Object Repository/Kullanici_Islemleri/Secenekler' located by 'By.cssSelector: .nav.navbar-nav.navbar-right li a' in '10' second(s)

2021-10-15 17:34:35 - [MESSAGE][INFO] - Smart Wait Function is triggered

2021-10-15 17:34:35 - [MESSAGE][PASSED] - Web element with id: 'Object Repository/Kullanici_Islemleri/Secenekler' located by 'By.cssSelector: .nav.navbar-nav.navbar-right li a' is not present after '10' second(s)

2021-10-15 17:34:35 - [MESSAGE][PASSED] - Call Test Case 'Test Cases/Kullanici_Islemleri/KullaniciIslemlerindenSecimYapilir' successfully

2021-10-15 17:34:35 - [TEST_CASE][PASSED] - Start Test Case : SCENARIO Rol Eklenir: SCENARIO Rol Eklenir

2021-10-15 17:34:35 - [TEST_STEP][PASSED] - Kullanıcı adı ELOGO6 ve Şifre 123456 olarak giriş yapılır: Kullanıcı adı ELOGO6 ve Şifre 123456 olarak giriş yapılır

2021-10-15 17:34:35 - [MESSAGE][PASSED] - Kullanıcı adı ELOGO6 ve Şifre 123456 olarak giriş yapılır

2021-10-15 17:34:35 - [TEST_STEP][PASSED] - Ana menüden Firma Yönetimi seçilir: Ana menüden Firma Yönetimi seçilir

2021-10-15 17:34:35 - [MESSAGE][PASSED] - Ana menüden Firma Yönetimi seçilir

2021-10-15 17:34:35 - [TEST_STEP][PASSED] - Alt menüden Yetki Yönetimi seçilir: Alt menüden Yetki Yönetimi seçilir

2021-10-15 17:34:35 - [MESSAGE][PASSED] - Alt menüden Yetki Yönetimi seçilir

2021-10-15 17:34:35 - [TEST_STEP][PASSED] - Sekmelerden Rol ve Yetki Tanımları seçilir: Sekmelerden Rol ve Yetki Tanımları seçilir

2021-10-15 17:34:35 - [MESSAGE][PASSED] - Sekmelerden Rol ve Yetki Tanımları seçilir

2021-10-15 17:34:35 - [TEST_STEP][PASSED] - Butonlardan Rol Ekle isimli butona tıklanır: Butonlardan Rol Ekle isimli butona tıklanır

2021-10-15 17:34:35 - [MESSAGE][PASSED] - Butonlardan Rol Ekle isimli butona tıklanır

2021-10-15 17:34:35 - [TEST_STEP][PASSED] - Rol Bilgileri VirgosolRol, Otomasyon girilir: Rol Bilgileri VirgosolRol, Otomasyon girilir

2021-10-15 17:34:35 - [MESSAGE][PASSED] - Rol Bilgileri VirgosolRol, Otomasyon girilir

2021-10-15 17:34:35 - [TEST_STEP][PASSED] - Kullanıcı işlemlerinden Çıkış seçilir: Kullanıcı işlemlerinden Çıkış seçilir

2021-10-15 17:34:35 - [MESSAGE][PASSED] - Kullanıcı işlemlerinden Çıkış seçilir

2021-10-15 17:34:35 - [MESSAGE][PASSED] - Feature file: 'Include/features/Firma Yonetimi/Yetki Yonetimi/Rol ve Yetki Tanimlari/Rol Ekle.feature' was passed

2021-10-15 17:34:35 - [TEST_STEP][PASSED] - Start listener action : sampleAfterTestSuite: Invoke 'com.kms.katalon.core.annotation.AfterTestCase' method: 'Listener.sampleAfterTestSuite(...)' completed.

2021-10-15 17:34:35 - [MESSAGE][INFO] - Starting invoke 'com.kms.katalon.core.annotation.AfterTestCase' method: 'Listener.sampleAfterTestSuite(...)'

2021-10-15 17:34:35 - [TEST_STEP][PASSED] - closeBrowser(): Invoke 'com.kms.katalon.core.annotation.AfterTestCase' method: 'Listener.sampleAfterTestSuite(...)' completed.

2021-10-15 17:34:35 - [MESSAGE][INFO] - Closing browser

2021-10-15 17:34:36 - [MESSAGE][PASSED] - Browser is closed

2021-10-15 17:34:36 - [MESSAGE][INFO] - Invoke 'com.kms.katalon.core.annotation.AfterTestCase' method: 'Listener.sampleAfterTestSuite(...)' completed.]]></system-out>
         <system-err><![CDATA[]]></system-err>
      </testcase>
      <testcase name="Test Cases/Case Repository/Firma Yonetimi/Yetki Yonetimi/Rol ve Yetki Tanimlari/Sil" time="24.94" classname="Test Cases/Case Repository/Firma Yonetimi/Yetki Yonetimi/Rol ve Yetki Tanimlari/Sil" status="PASSED">
         <system-out><![CDATA[2021-10-15 17:34:36 - [TEST_CASE][PASSED] - Test Cases/Case Repository/Firma Yonetimi/Yetki Yonetimi/Rol ve Yetki Tanimlari/Sil: Test Cases/Case Repository/Firma Yonetimi/Yetki Yonetimi/Rol ve Yetki Tanimlari/Sil

2021-10-15 17:34:36 - [TEST_STEP][PASSED] - Start listener action : sampleBeforeTestSuite: Invoke 'com.kms.katalon.core.annotation.BeforeTestCase' method: 'Listener.sampleBeforeTestSuite(...)' completed.

2021-10-15 17:34:36 - [MESSAGE][INFO] - Starting invoke 'com.kms.katalon.core.annotation.BeforeTestCase' method: 'Listener.sampleBeforeTestSuite(...)'

2021-10-15 17:34:36 - [TEST_STEP][PASSED] - openBrowser(baseUrl): Browser is opened with url: 'https://efatura-stage.elogo.com.tr/'

2021-10-15 17:34:36 - [MESSAGE][INFO] - Opening browser

2021-10-15 17:34:36 - [MESSAGE][INFO] - Starting 'Chrome' driver

2021-10-15 17:34:36 - [MESSAGE][INFO] - User set preference: ['prefs', '{download.default_directory=C:\otomasyondownfiles}']

2021-10-15 17:34:36 - [MESSAGE][INFO] - Action delay is set to 0 milliseconds

2021-10-15 17:34:37 - [MESSAGE][INFO] - Navigating browser to: 'https://efatura-stage.elogo.com.tr/'

2021-10-15 17:34:40 - [MESSAGE][PASSED] - Browser is opened with url: 'https://efatura-stage.elogo.com.tr/'

2021-10-15 17:34:40 - [TEST_STEP][PASSED] - maximizeWindow(): Invoke 'com.kms.katalon.core.annotation.BeforeTestCase' method: 'Listener.sampleBeforeTestSuite(...)' completed.

2021-10-15 17:34:40 - [MESSAGE][INFO] - Maximizing current window

2021-10-15 17:34:40 - [MESSAGE][PASSED] - Current window maximized

2021-10-15 17:34:40 - [MESSAGE][INFO] - Invoke 'com.kms.katalon.core.annotation.BeforeTestCase' method: 'Listener.sampleBeforeTestSuite(...)' completed.

2021-10-15 17:34:40 - [TEST_STEP][PASSED] - runFeatureFile("Include/features/Firma Yonetimi/Yetki Yonetimi/Rol ve Yetki Tanimlari/Sil.feature"): Feature file: 'Include/features/Firma Yonetimi/Yetki Yonetimi/Rol ve Yetki Tanimlari/Sil.feature' was passed

2021-10-15 17:34:40 - [MESSAGE][INFO] - Starting run keyword runFeatureFile: 'Include/features/Firma Yonetimi/Yetki Yonetimi/Rol ve Yetki Tanimlari/Sil.feature' and extract report to folder: 'C:\Users\DELL\Downloads\EES_Katalon-main\Reports\20211015_165642\Suite Repository\Firma_Yonetimi\20211015_165749/cucumber_report/1634308480591'...

2021-10-15 17:34:40 - [MESSAGE][INFO] - Glue: []

2021-10-15 17:34:41 - [MESSAGE][INFO] - Checking called Test Case

2021-10-15 17:34:41 - [MESSAGE][INFO] - Starting to call Test Case 'Test Cases/Sayfalar/Giris_Sayfasi/Login'

2021-10-15 17:34:41 - [TEST_CASE][PASSED] - Test Cases/Sayfalar/Giris_Sayfasi/Login: Test Cases/Sayfalar/Giris_Sayfasi/Login

2021-10-15 17:34:41 - [TEST_STEP][PASSED] - Sayfa_Basligi = getWindowTitle(): Current window's title is: 'LOGO e-Fatura'

2021-10-15 17:34:41 - [MESSAGE][INFO] - Getting current window's title

2021-10-15 17:34:41 - [MESSAGE][PASSED] - Current window's title is: 'LOGO e-Fatura'

2021-10-15 17:34:41 - [TEST_STEP][PASSED] - verifyMatch(Sayfa_Basligi, "LOGO e-Fatura", false): Actual text 'LOGO e-Fatura' and expected text 'LOGO e-Fatura' are matched 

2021-10-15 17:34:41 - [MESSAGE][INFO] - Matching actual text 'LOGO e-Fatura' with expected text 'LOGO e-Fatura'

2021-10-15 17:34:41 - [MESSAGE][PASSED] - Actual text 'LOGO e-Fatura' and expected text 'LOGO e-Fatura' are matched 

2021-10-15 17:34:41 - [TEST_STEP][PASSED] - sendKeys(findTestObject("Sayfalar/Giris_Sayfasi/Firma_Kodu"), KullaniciAdi): Keys 'ELOGO6' sent to object: 'Object Repository/Sayfalar/Giris_Sayfasi/Firma_Kodu'

2021-10-15 17:34:41 - [MESSAGE][INFO] - Finding Test Object 'Object Repository/Sayfalar/Giris_Sayfasi/Firma_Kodu'

2021-10-15 17:34:41 - [MESSAGE][INFO] - Sending keys 'ELOGO6' to object: 'Object Repository/Sayfalar/Giris_Sayfasi/Firma_Kodu'

2021-10-15 17:34:41 - [MESSAGE][INFO] - Finding web element from Test Object's properties

2021-10-15 17:34:41 - [MESSAGE][INFO] - Checking timeout

2021-10-15 17:34:41 - [MESSAGE][INFO] - Finding web element with id: 'Object Repository/Sayfalar/Giris_Sayfasi/Firma_Kodu' located by 'By.xpath: //*[@id = 'AccountName']' in '30' second(s)

2021-10-15 17:34:41 - [MESSAGE][INFO] - Smart Wait Function is triggered

2021-10-15 17:34:41 - [MESSAGE][INFO] - Found 1 web elements with id: 'Object Repository/Sayfalar/Giris_Sayfasi/Firma_Kodu' located by 'By.xpath: //*[@id = 'AccountName']' in '30' second(s)

2021-10-15 17:34:41 - [MESSAGE][PASSED] - Keys 'ELOGO6' sent to object: 'Object Repository/Sayfalar/Giris_Sayfasi/Firma_Kodu'

2021-10-15 17:34:41 - [TEST_STEP][PASSED] - sendKeys(findTestObject("Sayfalar/Giris_Sayfasi/Sifre"), Sifre): Keys '123456' sent to object: 'Object Repository/Sayfalar/Giris_Sayfasi/Sifre'

2021-10-15 17:34:41 - [MESSAGE][INFO] - Finding Test Object 'Object Repository/Sayfalar/Giris_Sayfasi/Sifre'

2021-10-15 17:34:41 - [MESSAGE][INFO] - Sending keys '123456' to object: 'Object Repository/Sayfalar/Giris_Sayfasi/Sifre'

2021-10-15 17:34:41 - [MESSAGE][INFO] - Finding web element from Test Object's properties

2021-10-15 17:34:41 - [MESSAGE][INFO] - Checking timeout

2021-10-15 17:34:41 - [MESSAGE][INFO] - Finding web element with id: 'Object Repository/Sayfalar/Giris_Sayfasi/Sifre' located by 'By.xpath: //*[@id = 'Password']' in '30' second(s)

2021-10-15 17:34:41 - [MESSAGE][INFO] - Smart Wait Function is triggered

2021-10-15 17:34:42 - [MESSAGE][INFO] - Found 1 web elements with id: 'Object Repository/Sayfalar/Giris_Sayfasi/Sifre' located by 'By.xpath: //*[@id = 'Password']' in '30' second(s)

2021-10-15 17:34:42 - [MESSAGE][PASSED] - Keys '123456' sent to object: 'Object Repository/Sayfalar/Giris_Sayfasi/Sifre'

2021-10-15 17:34:42 - [TEST_STEP][PASSED] - findWebElement(findTestObject("Sayfalar/Giris_Sayfasi/Giris_Butonu")).click(): Found 1 web elements with id: 'Object Repository/Sayfalar/Giris_Sayfasi/Giris_Butonu' located by 'By.cssSelector: #btnLogin' in '30' second(s)

2021-10-15 17:34:42 - [MESSAGE][INFO] - Finding Test Object 'Object Repository/Sayfalar/Giris_Sayfasi/Giris_Butonu'

2021-10-15 17:34:42 - [MESSAGE][INFO] - Finding web element from Test Object's properties

2021-10-15 17:34:42 - [MESSAGE][INFO] - Checking timeout

2021-10-15 17:34:42 - [MESSAGE][INFO] - Finding web element with id: 'Object Repository/Sayfalar/Giris_Sayfasi/Giris_Butonu' located by 'By.cssSelector: #btnLogin' in '30' second(s)

2021-10-15 17:34:42 - [MESSAGE][INFO] - Smart Wait Function is triggered

2021-10-15 17:34:42 - [MESSAGE][INFO] - Found 1 web elements with id: 'Object Repository/Sayfalar/Giris_Sayfasi/Giris_Butonu' located by 'By.cssSelector: #btnLogin' in '30' second(s)

2021-10-15 17:34:44 - [TEST_STEP][PASSED] - if (verifyElementPresent(findTestObject("Object Repository/Sayfalar/Giris_Sayfasi/RetveTamam_Butonu"), 5, OPTIONAL)): null

2021-10-15 17:34:44 - [MESSAGE][INFO] - Finding Test Object 'Object Repository/Sayfalar/Giris_Sayfasi/RetveTamam_Butonu'

2021-10-15 17:34:44 - [MESSAGE][INFO] - Checking object

2021-10-15 17:34:44 - [MESSAGE][INFO] - Finding web element from Test Object's properties

2021-10-15 17:34:44 - [MESSAGE][INFO] - Checking timeout

2021-10-15 17:34:44 - [MESSAGE][INFO] - Finding web element with id: 'Object Repository/Sayfalar/Giris_Sayfasi/RetveTamam_Butonu' located by 'By.xpath: //*[@class = 'btn btn-default']' in '5' second(s)

2021-10-15 17:34:44 - [MESSAGE][INFO] - Smart Wait Function is triggered

2021-10-15 17:34:44 - [MESSAGE][INFO] - Found 1 web elements with id: 'Object Repository/Sayfalar/Giris_Sayfasi/RetveTamam_Butonu' located by 'By.xpath: //*[@class = 'btn btn-default']' in '5' second(s)

2021-10-15 17:34:44 - [MESSAGE][PASSED] - Object 'Object Repository/Sayfalar/Giris_Sayfasi/RetveTamam_Butonu' is present

2021-10-15 17:34:44 - [TEST_STEP][PASSED] - click(findTestObject("Object Repository/Sayfalar/Giris_Sayfasi/RetveTamam_Butonu")): Object: 'Object Repository/Sayfalar/Giris_Sayfasi/RetveTamam_Butonu' is clicked on

2021-10-15 17:34:44 - [MESSAGE][INFO] - Finding Test Object 'Object Repository/Sayfalar/Giris_Sayfasi/RetveTamam_Butonu'

2021-10-15 17:34:44 - [MESSAGE][INFO] - Checking object

2021-10-15 17:34:44 - [MESSAGE][INFO] - Finding web element from Test Object's properties

2021-10-15 17:34:44 - [MESSAGE][INFO] - Checking timeout

2021-10-15 17:34:44 - [MESSAGE][INFO] - Finding web element with id: 'Object Repository/Sayfalar/Giris_Sayfasi/RetveTamam_Butonu' located by 'By.xpath: //*[@class = 'btn btn-default']' in '30' second(s)

2021-10-15 17:34:44 - [MESSAGE][INFO] - Smart Wait Function is triggered

2021-10-15 17:34:45 - [MESSAGE][INFO] - Found 1 web elements with id: 'Object Repository/Sayfalar/Giris_Sayfasi/RetveTamam_Butonu' located by 'By.xpath: //*[@class = 'btn btn-default']' in '30' second(s)

2021-10-15 17:34:45 - [MESSAGE][INFO] - Clicking on object: 'Object Repository/Sayfalar/Giris_Sayfasi/RetveTamam_Butonu'

2021-10-15 17:34:45 - [MESSAGE][PASSED] - Object: 'Object Repository/Sayfalar/Giris_Sayfasi/RetveTamam_Butonu' is clicked on

2021-10-15 17:34:45 - [TEST_STEP][PASSED] - click(findTestObject("Object Repository/Sayfalar/Giris_Sayfasi/RetveTamam_Butonu")): Object: 'Object Repository/Sayfalar/Giris_Sayfasi/RetveTamam_Butonu' is clicked on

2021-10-15 17:34:45 - [MESSAGE][INFO] - Finding Test Object 'Object Repository/Sayfalar/Giris_Sayfasi/RetveTamam_Butonu'

2021-10-15 17:34:45 - [MESSAGE][INFO] - Checking object

2021-10-15 17:34:45 - [MESSAGE][INFO] - Finding web element from Test Object's properties

2021-10-15 17:34:45 - [MESSAGE][INFO] - Checking timeout

2021-10-15 17:34:45 - [MESSAGE][INFO] - Finding web element with id: 'Object Repository/Sayfalar/Giris_Sayfasi/RetveTamam_Butonu' located by 'By.xpath: //*[@class = 'btn btn-default']' in '30' second(s)

2021-10-15 17:34:45 - [MESSAGE][INFO] - Smart Wait Function is triggered

2021-10-15 17:34:47 - [MESSAGE][INFO] - Found 1 web elements with id: 'Object Repository/Sayfalar/Giris_Sayfasi/RetveTamam_Butonu' located by 'By.xpath: //*[@class = 'btn btn-default']' in '30' second(s)

2021-10-15 17:34:47 - [MESSAGE][INFO] - Clicking on object: 'Object Repository/Sayfalar/Giris_Sayfasi/RetveTamam_Butonu'

2021-10-15 17:34:47 - [MESSAGE][PASSED] - Object: 'Object Repository/Sayfalar/Giris_Sayfasi/RetveTamam_Butonu' is clicked on

2021-10-15 17:34:47 - [TEST_STEP][PASSED] - if (verifyElementPresent(findTestObject("Sayfalar/Giris_Sayfasi/PopupOK"), 5, OPTIONAL)): null

2021-10-15 17:34:47 - [MESSAGE][INFO] - Finding Test Object 'Object Repository/Sayfalar/Giris_Sayfasi/PopupOK'

2021-10-15 17:34:47 - [MESSAGE][INFO] - Checking object

2021-10-15 17:34:47 - [MESSAGE][INFO] - Finding web element from Test Object's properties

2021-10-15 17:34:47 - [MESSAGE][INFO] - Checking timeout

2021-10-15 17:34:47 - [MESSAGE][INFO] - Finding web element with id: 'Object Repository/Sayfalar/Giris_Sayfasi/PopupOK' located by 'By.cssSelector: .btn.btn-success' in '5' second(s)

2021-10-15 17:34:47 - [MESSAGE][INFO] - Smart Wait Function is triggered

2021-10-15 17:34:48 - [MESSAGE][INFO] - Found 1 web elements with id: 'Object Repository/Sayfalar/Giris_Sayfasi/PopupOK' located by 'By.cssSelector: .btn.btn-success' in '5' second(s)

2021-10-15 17:34:48 - [MESSAGE][PASSED] - Object 'Object Repository/Sayfalar/Giris_Sayfasi/PopupOK' is present

2021-10-15 17:34:48 - [TEST_STEP][PASSED] - click(findTestObject("Object Repository/Sayfalar/Giris_Sayfasi/PopupCarpiGiris")): Object: 'Object Repository/Sayfalar/Giris_Sayfasi/PopupCarpiGiris' is clicked on

2021-10-15 17:34:48 - [MESSAGE][INFO] - Finding Test Object 'Object Repository/Sayfalar/Giris_Sayfasi/PopupCarpiGiris'

2021-10-15 17:34:48 - [MESSAGE][INFO] - Checking object

2021-10-15 17:34:48 - [MESSAGE][INFO] - Finding web element from Test Object's properties

2021-10-15 17:34:48 - [MESSAGE][INFO] - Checking timeout

2021-10-15 17:34:48 - [MESSAGE][INFO] - Finding web element with id: 'Object Repository/Sayfalar/Giris_Sayfasi/PopupCarpiGiris' located by 'By.cssSelector: .bootbox-close-button.close' in '30' second(s)

2021-10-15 17:34:48 - [MESSAGE][INFO] - Smart Wait Function is triggered

2021-10-15 17:34:48 - [MESSAGE][INFO] - Found 1 web elements with id: 'Object Repository/Sayfalar/Giris_Sayfasi/PopupCarpiGiris' located by 'By.cssSelector: .bootbox-close-button.close' in '30' second(s)

2021-10-15 17:34:48 - [MESSAGE][INFO] - Clicking on object: 'Object Repository/Sayfalar/Giris_Sayfasi/PopupCarpiGiris'

2021-10-15 17:34:48 - [MESSAGE][PASSED] - Object: 'Object Repository/Sayfalar/Giris_Sayfasi/PopupCarpiGiris' is clicked on

2021-10-15 17:34:48 - [TEST_STEP][PASSED] - verifyElementVisible(findTestObject("Object Repository/Kullanici_Islemleri/KullaniciIslemleri")): Object 'Object Repository/Kullanici_Islemleri/KullaniciIslemleri' is visible

2021-10-15 17:34:48 - [MESSAGE][INFO] - Finding Test Object 'Object Repository/Kullanici_Islemleri/KullaniciIslemleri'

2021-10-15 17:34:48 - [MESSAGE][INFO] - Checking object

2021-10-15 17:34:48 - [MESSAGE][INFO] - Finding web element from Test Object's properties

2021-10-15 17:34:48 - [MESSAGE][INFO] - Checking timeout

2021-10-15 17:34:48 - [MESSAGE][INFO] - Finding web element with id: 'Object Repository/Kullanici_Islemleri/KullaniciIslemleri' located by 'By.cssSelector: .dropdown>a>img' in '30' second(s)

2021-10-15 17:34:48 - [MESSAGE][INFO] - Smart Wait Function is triggered

2021-10-15 17:34:49 - [MESSAGE][INFO] - Found 1 web elements with id: 'Object Repository/Kullanici_Islemleri/KullaniciIslemleri' located by 'By.cssSelector: .dropdown>a>img' in '30' second(s)

2021-10-15 17:34:49 - [MESSAGE][PASSED] - Object 'Object Repository/Kullanici_Islemleri/KullaniciIslemleri' is visible

2021-10-15 17:34:49 - [MESSAGE][PASSED] - Call Test Case 'Test Cases/Sayfalar/Giris_Sayfasi/Login' successfully

2021-10-15 17:34:49 - [MESSAGE][INFO] - Checking called Test Case

2021-10-15 17:34:49 - [MESSAGE][INFO] - Starting to call Test Case 'Test Cases/Menu/AnaMenuSecimi'

2021-10-15 17:34:49 - [TEST_CASE][PASSED] - Test Cases/Menu/AnaMenuSecimi: Test Cases/Menu/AnaMenuSecimi

2021-10-15 17:34:49 - [TEST_STEP][PASSED] - Method.TextDegerineEsitElementeTikla(findTestObject("Menu/Ana_Menu"), Ana_Menu): Method.TextDegerineEsitElementeTikla is PASSED

2021-10-15 17:34:49 - [MESSAGE][INFO] - Finding Test Object 'Object Repository/Menu/Ana_Menu'

2021-10-15 17:34:49 - [MESSAGE][INFO] - Checking timeout

2021-10-15 17:34:49 - [MESSAGE][INFO] - Finding web element with id: 'Object Repository/Menu/Ana_Menu' located by 'By.xpath: //*[@class = 'dropdown-toggle']' in '10' second(s)

2021-10-15 17:34:49 - [MESSAGE][INFO] - Smart Wait Function is triggered

2021-10-15 17:34:49 - [MESSAGE][INFO] - Found 14 web elements with id: 'Object Repository/Menu/Ana_Menu' located by 'By.xpath: //*[@class = 'dropdown-toggle']' in '10' second(s)

2021-10-15 17:34:50 - [MESSAGE][PASSED] - Method.TextDegerineEsitElementeTikla is PASSED

2021-10-15 17:34:50 - [MESSAGE][PASSED] - Call Test Case 'Test Cases/Menu/AnaMenuSecimi' successfully

2021-10-15 17:34:50 - [MESSAGE][INFO] - Checking called Test Case

2021-10-15 17:34:50 - [MESSAGE][INFO] - Starting to call Test Case 'Test Cases/Menu/AltMenuSecimi'

2021-10-15 17:34:50 - [TEST_CASE][PASSED] - Test Cases/Menu/AltMenuSecimi: Test Cases/Menu/AltMenuSecimi

2021-10-15 17:34:50 - [TEST_STEP][PASSED] - Method.TextDegerineEsitElementeTikla(findTestObject("Menu/Alt_Menu"), Alt_Menu): Method.TextDegerineEsitElementeTikla is PASSED

2021-10-15 17:34:50 - [MESSAGE][INFO] - Finding Test Object 'Object Repository/Menu/Alt_Menu'

2021-10-15 17:34:50 - [MESSAGE][INFO] - Checking timeout

2021-10-15 17:34:50 - [MESSAGE][INFO] - Finding web element with id: 'Object Repository/Menu/Alt_Menu' located by 'By.xpath: //li[@class='dropdown dropdown-large open']//li[@class='dropdown-element']' in '10' second(s)

2021-10-15 17:34:50 - [MESSAGE][INFO] - Smart Wait Function is triggered

2021-10-15 17:34:50 - [MESSAGE][INFO] - Found 1 web elements with id: 'Object Repository/Menu/Alt_Menu' located by 'By.xpath: //li[@class='dropdown dropdown-large open']//li[@class='dropdown-element']' in '10' second(s)

2021-10-15 17:34:52 - [MESSAGE][PASSED] - Method.TextDegerineEsitElementeTikla is PASSED

2021-10-15 17:34:52 - [MESSAGE][PASSED] - Call Test Case 'Test Cases/Menu/AltMenuSecimi' successfully

2021-10-15 17:34:52 - [MESSAGE][INFO] - Checking called Test Case

2021-10-15 17:34:52 - [MESSAGE][INFO] - Starting to call Test Case 'Test Cases/Sayfalar/Yetki_Yonetimi/SekmeSecilir'

2021-10-15 17:34:52 - [TEST_CASE][PASSED] - Test Cases/Sayfalar/Yetki_Yonetimi/SekmeSecilir: Test Cases/Sayfalar/Yetki_Yonetimi/SekmeSecilir

2021-10-15 17:34:52 - [TEST_STEP][PASSED] - Method.TextDegerineEsitElementeTikla(findTestObject("Object Repository/Sayfalar/Yetki_Yonetimi/Sekmeler"), Sekme): Method.TextDegerineEsitElementeTikla is PASSED

2021-10-15 17:34:52 - [MESSAGE][INFO] - Finding Test Object 'Object Repository/Sayfalar/Yetki_Yonetimi/Sekmeler'

2021-10-15 17:34:52 - [MESSAGE][INFO] - Checking timeout

2021-10-15 17:34:52 - [MESSAGE][INFO] - Finding web element with id: 'Object Repository/Sayfalar/Yetki_Yonetimi/Sekmeler' located by 'By.cssSelector: #pcFeatures_TC>li[class="dxtc-tab"] span,#pcFeatures_TC>li[class="dxtc-activeTab dxtc-lead"] span' in '10' second(s)

2021-10-15 17:34:52 - [MESSAGE][INFO] - Smart Wait Function is triggered

2021-10-15 17:34:53 - [MESSAGE][INFO] - Found 3 web elements with id: 'Object Repository/Sayfalar/Yetki_Yonetimi/Sekmeler' located by 'By.cssSelector: #pcFeatures_TC>li[class="dxtc-tab"] span,#pcFeatures_TC>li[class="dxtc-activeTab dxtc-lead"] span' in '10' second(s)

2021-10-15 17:34:53 - [MESSAGE][PASSED] - Method.TextDegerineEsitElementeTikla is PASSED

2021-10-15 17:34:53 - [MESSAGE][PASSED] - Call Test Case 'Test Cases/Sayfalar/Yetki_Yonetimi/SekmeSecilir' successfully

2021-10-15 17:34:53 - [MESSAGE][INFO] - Checking called Test Case

2021-10-15 17:34:53 - [MESSAGE][INFO] - Starting to call Test Case 'Test Cases/Filtreler/ButonaTikla'

2021-10-15 17:34:53 - [TEST_CASE][PASSED] - Test Cases/Filtreler/ButonaTikla: Test Cases/Filtreler/ButonaTikla

2021-10-15 17:34:53 - [TEST_STEP][PASSED] - Method.TextDegerineEsitElementeTikla(findTestObject("Filtreler/Butonlar"), Filtre_Buton): Method.TextDegerineEsitElementeTikla is PASSED

2021-10-15 17:34:53 - [MESSAGE][INFO] - Finding Test Object 'Object Repository/Filtreler/Butonlar'

2021-10-15 17:34:53 - [MESSAGE][INFO] - Checking timeout

2021-10-15 17:34:53 - [MESSAGE][INFO] - Finding web element with id: 'Object Repository/Filtreler/Butonlar' located by 'By.cssSelector: .dxb>span' in '10' second(s)

2021-10-15 17:34:53 - [MESSAGE][INFO] - Smart Wait Function is triggered

2021-10-15 17:34:53 - [MESSAGE][INFO] - Found 6 web elements with id: 'Object Repository/Filtreler/Butonlar' located by 'By.cssSelector: .dxb>span' in '10' second(s)

2021-10-15 17:34:53 - [MESSAGE][PASSED] - Method.TextDegerineEsitElementeTikla is PASSED

2021-10-15 17:34:53 - [MESSAGE][PASSED] - Call Test Case 'Test Cases/Filtreler/ButonaTikla' successfully

2021-10-15 17:34:53 - [MESSAGE][INFO] - Checking called Test Case

2021-10-15 17:34:53 - [MESSAGE][INFO] - Starting to call Test Case 'Test Cases/Tablo/TablodaVeriVarMi'

2021-10-15 17:34:53 - [TEST_CASE][PASSED] - Test Cases/Tablo/TablodaVeriVarMi: Test Cases/Tablo/TablodaVeriVarMi

2021-10-15 17:34:53 - [TEST_STEP][PASSED] - verifyTextNotPresent("Görüntülenecek veri yok", true): Text 'Görüntülenecek veri yok' is not present on page using regular expression

2021-10-15 17:34:53 - [MESSAGE][INFO] - Checking text present  using regular expression

2021-10-15 17:34:53 - [MESSAGE][INFO] - Smart Wait Function is triggered

2021-10-15 17:34:54 - [MESSAGE][INFO] - Finding text 'Görüntülenecek veri yok' on page  using regular expression

2021-10-15 17:34:54 - [MESSAGE][PASSED] - Text 'Görüntülenecek veri yok' is not present on page using regular expression

2021-10-15 17:34:54 - [MESSAGE][PASSED] - Call Test Case 'Test Cases/Tablo/TablodaVeriVarMi' successfully

2021-10-15 17:34:54 - [MESSAGE][INFO] - Checking called Test Case

2021-10-15 17:34:54 - [MESSAGE][INFO] - Starting to call Test Case 'Test Cases/Tablo/TablodanVeriSec'

2021-10-15 17:34:54 - [TEST_CASE][PASSED] - Test Cases/Tablo/TablodanVeriSec: Test Cases/Tablo/TablodanVeriSec

2021-10-15 17:34:54 - [TEST_STEP][PASSED] - Method.TextDegerineEsitElementinAltindakineTikla(findTestObject("Tablo/Veriler"), findTestObject("Tablo/VerininCheckBoxi"), Veri_Adi): Method.TextDegerineEsitElementinAltindakineTikla is PASSED

2021-10-15 17:34:54 - [MESSAGE][INFO] - Finding Test Object 'Object Repository/Tablo/Veriler'

2021-10-15 17:34:54 - [MESSAGE][INFO] - Finding Test Object 'Object Repository/Tablo/VerininCheckBoxi'

2021-10-15 17:34:54 - [MESSAGE][INFO] - Checking timeout

2021-10-15 17:34:54 - [MESSAGE][INFO] - Finding web element with id: 'Object Repository/Tablo/Veriler' located by 'By.cssSelector: td.dxgv b ,td.dxgv' in '10' second(s)

2021-10-15 17:34:54 - [MESSAGE][INFO] - Smart Wait Function is triggered

2021-10-15 17:34:55 - [MESSAGE][INFO] - Found 14 web elements with id: 'Object Repository/Tablo/Veriler' located by 'By.cssSelector: td.dxgv b ,td.dxgv' in '10' second(s)

2021-10-15 17:34:55 - [MESSAGE][INFO] - Smart Wait Function is triggered

2021-10-15 17:34:55 - [MESSAGE][PASSED] - Method.TextDegerineEsitElementinAltindakineTikla is PASSED

2021-10-15 17:34:55 - [MESSAGE][PASSED] - Call Test Case 'Test Cases/Tablo/TablodanVeriSec' successfully

2021-10-15 17:34:55 - [MESSAGE][INFO] - Checking called Test Case

2021-10-15 17:34:55 - [MESSAGE][INFO] - Starting to call Test Case 'Test Cases/Butonlar/ButonaTikla'

2021-10-15 17:34:55 - [TEST_CASE][PASSED] - Test Cases/Butonlar/ButonaTikla: Test Cases/Butonlar/ButonaTikla

2021-10-15 17:34:55 - [TEST_STEP][PASSED] - Method.TextDegerineEsitElementeTiklaEquals(findTestObject("Butonlar/Butonlar"), Buton_Adi): Method.TextDegerineEsitElementeTiklaEquals is PASSED

2021-10-15 17:34:55 - [MESSAGE][INFO] - Finding Test Object 'Object Repository/Butonlar/Butonlar'

2021-10-15 17:34:55 - [MESSAGE][INFO] - Checking timeout

2021-10-15 17:34:55 - [MESSAGE][INFO] - Finding web element with id: 'Object Repository/Butonlar/Butonlar' located by 'By.cssSelector: .panel.panel-default.text-center.footerPanel .btn,.btn.btn-primary.btnControls' in '10' second(s)

2021-10-15 17:34:55 - [MESSAGE][INFO] - Smart Wait Function is triggered

2021-10-15 17:34:55 - [MESSAGE][INFO] - Found 12 web elements with id: 'Object Repository/Butonlar/Butonlar' located by 'By.cssSelector: .panel.panel-default.text-center.footerPanel .btn,.btn.btn-primary.btnControls' in '10' second(s)

2021-10-15 17:34:55 - [MESSAGE][PASSED] - Method.TextDegerineEsitElementeTiklaEquals is PASSED

2021-10-15 17:34:55 - [MESSAGE][PASSED] - Call Test Case 'Test Cases/Butonlar/ButonaTikla' successfully

2021-10-15 17:34:55 - [MESSAGE][INFO] - Checking called Test Case

2021-10-15 17:34:55 - [MESSAGE][INFO] - Starting to call Test Case 'Test Cases/Popup/PopupButonSecilir'

2021-10-15 17:34:56 - [TEST_CASE][PASSED] - Test Cases/Popup/PopupButonSecilir: Test Cases/Popup/PopupButonSecilir

2021-10-15 17:34:56 - [TEST_STEP][PASSED] - Method.TextDegerineEsitElementeTikla(findTestObject("Popup/Popup_Butons"), Buton): Method.TextDegerineEsitElementeTikla is PASSED

2021-10-15 17:34:56 - [MESSAGE][INFO] - Finding Test Object 'Object Repository/Popup/Popup_Butons'

2021-10-15 17:34:56 - [MESSAGE][INFO] - Checking timeout

2021-10-15 17:34:56 - [MESSAGE][INFO] - Finding web element with id: 'Object Repository/Popup/Popup_Butons' located by 'By.cssSelector: .modal-footer>button' in '10' second(s)

2021-10-15 17:34:56 - [MESSAGE][INFO] - Smart Wait Function is triggered

2021-10-15 17:34:56 - [MESSAGE][INFO] - Found 2 web elements with id: 'Object Repository/Popup/Popup_Butons' located by 'By.cssSelector: .modal-footer>button' in '10' second(s)

2021-10-15 17:34:56 - [MESSAGE][PASSED] - Method.TextDegerineEsitElementeTikla is PASSED

2021-10-15 17:34:56 - [MESSAGE][PASSED] - Call Test Case 'Test Cases/Popup/PopupButonSecilir' successfully

2021-10-15 17:34:56 - [MESSAGE][INFO] - Checking called Test Case

2021-10-15 17:34:56 - [MESSAGE][INFO] - Starting to call Test Case 'Test Cases/Popup/PopupButonSecilir'

2021-10-15 17:34:57 - [TEST_CASE][PASSED] - Test Cases/Popup/PopupButonSecilir: Test Cases/Popup/PopupButonSecilir

2021-10-15 17:34:57 - [TEST_STEP][PASSED] - Method.TextDegerineEsitElementeTikla(findTestObject("Popup/Popup_Butons"), Buton): Method.TextDegerineEsitElementeTikla is PASSED

2021-10-15 17:34:57 - [MESSAGE][INFO] - Finding Test Object 'Object Repository/Popup/Popup_Butons'

2021-10-15 17:34:57 - [MESSAGE][INFO] - Checking timeout

2021-10-15 17:34:57 - [MESSAGE][INFO] - Finding web element with id: 'Object Repository/Popup/Popup_Butons' located by 'By.cssSelector: .modal-footer>button' in '10' second(s)

2021-10-15 17:34:57 - [MESSAGE][INFO] - Smart Wait Function is triggered

2021-10-15 17:34:57 - [MESSAGE][INFO] - Found 1 web elements with id: 'Object Repository/Popup/Popup_Butons' located by 'By.cssSelector: .modal-footer>button' in '10' second(s)

2021-10-15 17:34:57 - [MESSAGE][PASSED] - Method.TextDegerineEsitElementeTikla is PASSED

2021-10-15 17:34:57 - [MESSAGE][PASSED] - Call Test Case 'Test Cases/Popup/PopupButonSecilir' successfully

2021-10-15 17:34:57 - [MESSAGE][INFO] - Checking called Test Case

2021-10-15 17:34:57 - [MESSAGE][INFO] - Starting to call Test Case 'Test Cases/Kullanici_Islemleri/KullaniciIslemlerindenSecimYapilir'

2021-10-15 17:34:57 - [TEST_CASE][PASSED] - Test Cases/Kullanici_Islemleri/KullaniciIslemlerindenSecimYapilir: Test Cases/Kullanici_Islemleri/KullaniciIslemlerindenSecimYapilir

2021-10-15 17:34:57 - [TEST_STEP][PASSED] - waitForElementClickable(findTestObject("Object Repository/Kullanici_Islemleri/KullaniciIslemleri"), 10): Object 'Object Repository/Kullanici_Islemleri/KullaniciIslemleri' is clickable

2021-10-15 17:34:57 - [MESSAGE][INFO] - Finding Test Object 'Object Repository/Kullanici_Islemleri/KullaniciIslemleri'

2021-10-15 17:34:57 - [MESSAGE][INFO] - Checking object

2021-10-15 17:34:57 - [MESSAGE][INFO] - Checking timeout

2021-10-15 17:34:57 - [MESSAGE][INFO] - Finding web element from Test Object's properties

2021-10-15 17:34:57 - [MESSAGE][INFO] - Checking timeout

2021-10-15 17:34:57 - [MESSAGE][INFO] - Finding web element with id: 'Object Repository/Kullanici_Islemleri/KullaniciIslemleri' located by 'By.cssSelector: .dropdown>a>img' in '10' second(s)

2021-10-15 17:34:57 - [MESSAGE][INFO] - Smart Wait Function is triggered

2021-10-15 17:34:58 - [MESSAGE][INFO] - Found 1 web elements with id: 'Object Repository/Kullanici_Islemleri/KullaniciIslemleri' located by 'By.cssSelector: .dropdown>a>img' in '10' second(s)

2021-10-15 17:34:58 - [MESSAGE][PASSED] - Object 'Object Repository/Kullanici_Islemleri/KullaniciIslemleri' is clickable

2021-10-15 17:34:58 - [TEST_STEP][PASSED] - click(findTestObject("Object Repository/Kullanici_Islemleri/KullaniciIslemleri")): Object: 'Object Repository/Kullanici_Islemleri/KullaniciIslemleri' is clicked on

2021-10-15 17:34:58 - [MESSAGE][INFO] - Finding Test Object 'Object Repository/Kullanici_Islemleri/KullaniciIslemleri'

2021-10-15 17:34:58 - [MESSAGE][INFO] - Checking object

2021-10-15 17:34:58 - [MESSAGE][INFO] - Finding web element from Test Object's properties

2021-10-15 17:34:58 - [MESSAGE][INFO] - Checking timeout

2021-10-15 17:34:58 - [MESSAGE][INFO] - Finding web element with id: 'Object Repository/Kullanici_Islemleri/KullaniciIslemleri' located by 'By.cssSelector: .dropdown>a>img' in '30' second(s)

2021-10-15 17:34:58 - [MESSAGE][INFO] - Smart Wait Function is triggered

2021-10-15 17:34:58 - [MESSAGE][INFO] - Found 1 web elements with id: 'Object Repository/Kullanici_Islemleri/KullaniciIslemleri' located by 'By.cssSelector: .dropdown>a>img' in '30' second(s)

2021-10-15 17:34:58 - [MESSAGE][INFO] - Clicking on object: 'Object Repository/Kullanici_Islemleri/KullaniciIslemleri'

2021-10-15 17:34:58 - [MESSAGE][PASSED] - Object: 'Object Repository/Kullanici_Islemleri/KullaniciIslemleri' is clicked on

2021-10-15 17:34:58 - [TEST_STEP][PASSED] - Method.TextDegerineEsitElementeTikla(findTestObject("Object Repository/Kullanici_Islemleri/Secenekler"), Islem): Method.TextDegerineEsitElementeTikla is PASSED

2021-10-15 17:34:58 - [MESSAGE][INFO] - Finding Test Object 'Object Repository/Kullanici_Islemleri/Secenekler'

2021-10-15 17:34:59 - [MESSAGE][INFO] - Checking timeout

2021-10-15 17:34:59 - [MESSAGE][INFO] - Finding web element with id: 'Object Repository/Kullanici_Islemleri/Secenekler' located by 'By.cssSelector: .nav.navbar-nav.navbar-right li a' in '10' second(s)

2021-10-15 17:34:59 - [MESSAGE][INFO] - Smart Wait Function is triggered

2021-10-15 17:34:59 - [MESSAGE][INFO] - Found 22 web elements with id: 'Object Repository/Kullanici_Islemleri/Secenekler' located by 'By.cssSelector: .nav.navbar-nav.navbar-right li a' in '10' second(s)

2021-10-15 17:35:00 - [MESSAGE][PASSED] - Method.TextDegerineEsitElementeTikla is PASSED

2021-10-15 17:35:00 - [TEST_STEP][PASSED] - verifyElementNotPresent(findTestObject("Object Repository/Kullanici_Islemleri/Secenekler"), 10): Web element with id: 'Object Repository/Kullanici_Islemleri/Secenekler' located by 'By.cssSelector: .nav.navbar-nav.navbar-right li a' is not present after '10' second(s)

2021-10-15 17:35:00 - [MESSAGE][INFO] - Finding Test Object 'Object Repository/Kullanici_Islemleri/Secenekler'

2021-10-15 17:35:00 - [MESSAGE][INFO] - Checking object

2021-10-15 17:35:00 - [MESSAGE][INFO] - Checking timeout

2021-10-15 17:35:00 - [MESSAGE][INFO] - Finding web element with id: 'Object Repository/Kullanici_Islemleri/Secenekler' located by 'By.cssSelector: .nav.navbar-nav.navbar-right li a' in '10' second(s)

2021-10-15 17:35:00 - [MESSAGE][INFO] - Smart Wait Function is triggered

2021-10-15 17:35:00 - [MESSAGE][PASSED] - Web element with id: 'Object Repository/Kullanici_Islemleri/Secenekler' located by 'By.cssSelector: .nav.navbar-nav.navbar-right li a' is not present after '10' second(s)

2021-10-15 17:35:00 - [MESSAGE][PASSED] - Call Test Case 'Test Cases/Kullanici_Islemleri/KullaniciIslemlerindenSecimYapilir' successfully

2021-10-15 17:35:00 - [TEST_CASE][PASSED] - Start Test Case : SCENARIO Rol Silme: SCENARIO Rol Silme

2021-10-15 17:35:00 - [TEST_STEP][PASSED] - Kullanıcı adı ELOGO6 ve Şifre 123456 olarak giriş yapılır: Kullanıcı adı ELOGO6 ve Şifre 123456 olarak giriş yapılır

2021-10-15 17:35:00 - [MESSAGE][PASSED] - Kullanıcı adı ELOGO6 ve Şifre 123456 olarak giriş yapılır

2021-10-15 17:35:00 - [TEST_STEP][PASSED] - Ana menüden Firma Yönetimi seçilir: Ana menüden Firma Yönetimi seçilir

2021-10-15 17:35:00 - [MESSAGE][PASSED] - Ana menüden Firma Yönetimi seçilir

2021-10-15 17:35:00 - [TEST_STEP][PASSED] - Alt menüden Yetki Yönetimi seçilir: Alt menüden Yetki Yönetimi seçilir

2021-10-15 17:35:00 - [MESSAGE][PASSED] - Alt menüden Yetki Yönetimi seçilir

2021-10-15 17:35:00 - [TEST_STEP][PASSED] - Sekmelerden Rol ve Yetki Tanımları seçilir: Sekmelerden Rol ve Yetki Tanımları seçilir

2021-10-15 17:35:00 - [MESSAGE][PASSED] - Sekmelerden Rol ve Yetki Tanımları seçilir

2021-10-15 17:35:00 - [TEST_STEP][PASSED] - Filtre butonlarından Listele seçilir: Filtre butonlarından Listele seçilir

2021-10-15 17:35:00 - [MESSAGE][PASSED] - Filtre butonlarından Listele seçilir

2021-10-15 17:35:00 - [TEST_STEP][PASSED] - Tabloda veri var mı kontrol edilir: Tabloda veri var mı kontrol edilir

2021-10-15 17:35:00 - [MESSAGE][PASSED] - Tabloda veri var mı kontrol edilir

2021-10-15 17:35:00 - [TEST_STEP][PASSED] - Tablodan VirgosolRol isimli veri seçilir: Tablodan VirgosolRol isimli veri seçilir

2021-10-15 17:35:00 - [MESSAGE][PASSED] - Tablodan VirgosolRol isimli veri seçilir

2021-10-15 17:35:00 - [TEST_STEP][PASSED] - Butonlardan Sil isimli butona tıklanır: Butonlardan Sil isimli butona tıklanır

2021-10-15 17:35:00 - [MESSAGE][PASSED] - Butonlardan Sil isimli butona tıklanır

2021-10-15 17:35:00 - [TEST_STEP][PASSED] - Yönetim popupında Evet seçilir: Yönetim popupında Evet seçilir

2021-10-15 17:35:00 - [MESSAGE][PASSED] - Yönetim popupında Evet seçilir

2021-10-15 17:35:00 - [TEST_STEP][PASSED] - Yönetim popupında Tamam seçilir: Yönetim popupında Tamam seçilir

2021-10-15 17:35:00 - [MESSAGE][PASSED] - Yönetim popupında Tamam seçilir

2021-10-15 17:35:00 - [TEST_STEP][PASSED] - Kullanıcı işlemlerinden Çıkış seçilir: Kullanıcı işlemlerinden Çıkış seçilir

2021-10-15 17:35:00 - [MESSAGE][PASSED] - Kullanıcı işlemlerinden Çıkış seçilir

2021-10-15 17:35:00 - [MESSAGE][PASSED] - Feature file: 'Include/features/Firma Yonetimi/Yetki Yonetimi/Rol ve Yetki Tanimlari/Sil.feature' was passed

2021-10-15 17:35:00 - [TEST_STEP][PASSED] - Start listener action : sampleAfterTestSuite: Invoke 'com.kms.katalon.core.annotation.AfterTestCase' method: 'Listener.sampleAfterTestSuite(...)' completed.

2021-10-15 17:35:00 - [MESSAGE][INFO] - Starting invoke 'com.kms.katalon.core.annotation.AfterTestCase' method: 'Listener.sampleAfterTestSuite(...)'

2021-10-15 17:35:00 - [TEST_STEP][PASSED] - closeBrowser(): Invoke 'com.kms.katalon.core.annotation.AfterTestCase' method: 'Listener.sampleAfterTestSuite(...)' completed.

2021-10-15 17:35:00 - [MESSAGE][INFO] - Closing browser

2021-10-15 17:35:01 - [MESSAGE][PASSED] - Browser is closed

2021-10-15 17:35:01 - [MESSAGE][INFO] - Invoke 'com.kms.katalon.core.annotation.AfterTestCase' method: 'Listener.sampleAfterTestSuite(...)' completed.]]></system-out>
         <system-err><![CDATA[]]></system-err>
      </testcase>
      <testcase name="Test Cases/Case Repository/Firma Yonetimi/Yetki Yonetimi/Rol ve Yetki Tanimlari/Yetki Tanimla" time="33.742" classname="Test Cases/Case Repository/Firma Yonetimi/Yetki Yonetimi/Rol ve Yetki Tanimlari/Yetki Tanimla" status="PASSED">
         <system-out><![CDATA[2021-10-15 17:35:01 - [TEST_CASE][PASSED] - Test Cases/Case Repository/Firma Yonetimi/Yetki Yonetimi/Rol ve Yetki Tanimlari/Yetki Tanimla: Test Cases/Case Repository/Firma Yonetimi/Yetki Yonetimi/Rol ve Yetki Tanimlari/Yetki Tanimla

2021-10-15 17:35:01 - [TEST_STEP][PASSED] - Start listener action : sampleBeforeTestSuite: Invoke 'com.kms.katalon.core.annotation.BeforeTestCase' method: 'Listener.sampleBeforeTestSuite(...)' completed.

2021-10-15 17:35:01 - [MESSAGE][INFO] - Starting invoke 'com.kms.katalon.core.annotation.BeforeTestCase' method: 'Listener.sampleBeforeTestSuite(...)'

2021-10-15 17:35:01 - [TEST_STEP][PASSED] - openBrowser(baseUrl): Browser is opened with url: 'https://efatura-stage.elogo.com.tr/'

2021-10-15 17:35:01 - [MESSAGE][INFO] - Opening browser

2021-10-15 17:35:01 - [MESSAGE][INFO] - Starting 'Chrome' driver

2021-10-15 17:35:01 - [MESSAGE][INFO] - User set preference: ['prefs', '{download.default_directory=C:\otomasyondownfiles}']

2021-10-15 17:35:01 - [MESSAGE][INFO] - Action delay is set to 0 milliseconds

2021-10-15 17:35:02 - [MESSAGE][INFO] - Navigating browser to: 'https://efatura-stage.elogo.com.tr/'

2021-10-15 17:35:05 - [MESSAGE][PASSED] - Browser is opened with url: 'https://efatura-stage.elogo.com.tr/'

2021-10-15 17:35:05 - [TEST_STEP][PASSED] - maximizeWindow(): Invoke 'com.kms.katalon.core.annotation.BeforeTestCase' method: 'Listener.sampleBeforeTestSuite(...)' completed.

2021-10-15 17:35:05 - [MESSAGE][INFO] - Maximizing current window

2021-10-15 17:35:05 - [MESSAGE][PASSED] - Current window maximized

2021-10-15 17:35:05 - [MESSAGE][INFO] - Invoke 'com.kms.katalon.core.annotation.BeforeTestCase' method: 'Listener.sampleBeforeTestSuite(...)' completed.

2021-10-15 17:35:05 - [TEST_STEP][PASSED] - runFeatureFile("Include/features/Firma Yonetimi/Yetki Yonetimi/Rol ve Yetki Tanimlari/Yetki Tanimla.feature"): Feature file: 'Include/features/Firma Yonetimi/Yetki Yonetimi/Rol ve Yetki Tanimlari/Yetki Tanimla.feature' was passed

2021-10-15 17:35:05 - [MESSAGE][INFO] - Starting run keyword runFeatureFile: 'Include/features/Firma Yonetimi/Yetki Yonetimi/Rol ve Yetki Tanimlari/Yetki Tanimla.feature' and extract report to folder: 'C:\Users\DELL\Downloads\EES_Katalon-main\Reports\20211015_165642\Suite Repository\Firma_Yonetimi\20211015_165749/cucumber_report/1634308505810'...

2021-10-15 17:35:05 - [MESSAGE][INFO] - Glue: []

2021-10-15 17:35:06 - [MESSAGE][INFO] - Checking called Test Case

2021-10-15 17:35:06 - [MESSAGE][INFO] - Starting to call Test Case 'Test Cases/Sayfalar/Giris_Sayfasi/Login'

2021-10-15 17:35:06 - [TEST_CASE][PASSED] - Test Cases/Sayfalar/Giris_Sayfasi/Login: Test Cases/Sayfalar/Giris_Sayfasi/Login

2021-10-15 17:35:06 - [TEST_STEP][PASSED] - Sayfa_Basligi = getWindowTitle(): Current window's title is: 'LOGO e-Fatura'

2021-10-15 17:35:06 - [MESSAGE][INFO] - Getting current window's title

2021-10-15 17:35:06 - [MESSAGE][PASSED] - Current window's title is: 'LOGO e-Fatura'

2021-10-15 17:35:06 - [TEST_STEP][PASSED] - verifyMatch(Sayfa_Basligi, "LOGO e-Fatura", false): Actual text 'LOGO e-Fatura' and expected text 'LOGO e-Fatura' are matched 

2021-10-15 17:35:06 - [MESSAGE][INFO] - Matching actual text 'LOGO e-Fatura' with expected text 'LOGO e-Fatura'

2021-10-15 17:35:06 - [MESSAGE][PASSED] - Actual text 'LOGO e-Fatura' and expected text 'LOGO e-Fatura' are matched 

2021-10-15 17:35:06 - [TEST_STEP][PASSED] - sendKeys(findTestObject("Sayfalar/Giris_Sayfasi/Firma_Kodu"), KullaniciAdi): Keys 'ELOGO6' sent to object: 'Object Repository/Sayfalar/Giris_Sayfasi/Firma_Kodu'

2021-10-15 17:35:06 - [MESSAGE][INFO] - Finding Test Object 'Object Repository/Sayfalar/Giris_Sayfasi/Firma_Kodu'

2021-10-15 17:35:06 - [MESSAGE][INFO] - Sending keys 'ELOGO6' to object: 'Object Repository/Sayfalar/Giris_Sayfasi/Firma_Kodu'

2021-10-15 17:35:06 - [MESSAGE][INFO] - Finding web element from Test Object's properties

2021-10-15 17:35:06 - [MESSAGE][INFO] - Checking timeout

2021-10-15 17:35:06 - [MESSAGE][INFO] - Finding web element with id: 'Object Repository/Sayfalar/Giris_Sayfasi/Firma_Kodu' located by 'By.xpath: //*[@id = 'AccountName']' in '30' second(s)

2021-10-15 17:35:06 - [MESSAGE][INFO] - Smart Wait Function is triggered

2021-10-15 17:35:06 - [MESSAGE][INFO] - Found 1 web elements with id: 'Object Repository/Sayfalar/Giris_Sayfasi/Firma_Kodu' located by 'By.xpath: //*[@id = 'AccountName']' in '30' second(s)

2021-10-15 17:35:06 - [MESSAGE][PASSED] - Keys 'ELOGO6' sent to object: 'Object Repository/Sayfalar/Giris_Sayfasi/Firma_Kodu'

2021-10-15 17:35:06 - [TEST_STEP][PASSED] - sendKeys(findTestObject("Sayfalar/Giris_Sayfasi/Sifre"), Sifre): Keys '123456' sent to object: 'Object Repository/Sayfalar/Giris_Sayfasi/Sifre'

2021-10-15 17:35:06 - [MESSAGE][INFO] - Finding Test Object 'Object Repository/Sayfalar/Giris_Sayfasi/Sifre'

2021-10-15 17:35:06 - [MESSAGE][INFO] - Sending keys '123456' to object: 'Object Repository/Sayfalar/Giris_Sayfasi/Sifre'

2021-10-15 17:35:06 - [MESSAGE][INFO] - Finding web element from Test Object's properties

2021-10-15 17:35:06 - [MESSAGE][INFO] - Checking timeout

2021-10-15 17:35:06 - [MESSAGE][INFO] - Finding web element with id: 'Object Repository/Sayfalar/Giris_Sayfasi/Sifre' located by 'By.xpath: //*[@id = 'Password']' in '30' second(s)

2021-10-15 17:35:06 - [MESSAGE][INFO] - Smart Wait Function is triggered

2021-10-15 17:35:07 - [MESSAGE][INFO] - Found 1 web elements with id: 'Object Repository/Sayfalar/Giris_Sayfasi/Sifre' located by 'By.xpath: //*[@id = 'Password']' in '30' second(s)

2021-10-15 17:35:07 - [MESSAGE][PASSED] - Keys '123456' sent to object: 'Object Repository/Sayfalar/Giris_Sayfasi/Sifre'

2021-10-15 17:35:07 - [TEST_STEP][PASSED] - findWebElement(findTestObject("Sayfalar/Giris_Sayfasi/Giris_Butonu")).click(): Found 1 web elements with id: 'Object Repository/Sayfalar/Giris_Sayfasi/Giris_Butonu' located by 'By.cssSelector: #btnLogin' in '30' second(s)

2021-10-15 17:35:07 - [MESSAGE][INFO] - Finding Test Object 'Object Repository/Sayfalar/Giris_Sayfasi/Giris_Butonu'

2021-10-15 17:35:07 - [MESSAGE][INFO] - Finding web element from Test Object's properties

2021-10-15 17:35:07 - [MESSAGE][INFO] - Checking timeout

2021-10-15 17:35:07 - [MESSAGE][INFO] - Finding web element with id: 'Object Repository/Sayfalar/Giris_Sayfasi/Giris_Butonu' located by 'By.cssSelector: #btnLogin' in '30' second(s)

2021-10-15 17:35:07 - [MESSAGE][INFO] - Smart Wait Function is triggered

2021-10-15 17:35:07 - [MESSAGE][INFO] - Found 1 web elements with id: 'Object Repository/Sayfalar/Giris_Sayfasi/Giris_Butonu' located by 'By.cssSelector: #btnLogin' in '30' second(s)

2021-10-15 17:35:10 - [TEST_STEP][PASSED] - if (verifyElementPresent(findTestObject("Object Repository/Sayfalar/Giris_Sayfasi/RetveTamam_Butonu"), 5, OPTIONAL)): null

2021-10-15 17:35:10 - [MESSAGE][INFO] - Finding Test Object 'Object Repository/Sayfalar/Giris_Sayfasi/RetveTamam_Butonu'

2021-10-15 17:35:10 - [MESSAGE][INFO] - Checking object

2021-10-15 17:35:10 - [MESSAGE][INFO] - Finding web element from Test Object's properties

2021-10-15 17:35:10 - [MESSAGE][INFO] - Checking timeout

2021-10-15 17:35:10 - [MESSAGE][INFO] - Finding web element with id: 'Object Repository/Sayfalar/Giris_Sayfasi/RetveTamam_Butonu' located by 'By.xpath: //*[@class = 'btn btn-default']' in '5' second(s)

2021-10-15 17:35:10 - [MESSAGE][INFO] - Smart Wait Function is triggered

2021-10-15 17:35:11 - [MESSAGE][INFO] - Found 1 web elements with id: 'Object Repository/Sayfalar/Giris_Sayfasi/RetveTamam_Butonu' located by 'By.xpath: //*[@class = 'btn btn-default']' in '5' second(s)

2021-10-15 17:35:11 - [MESSAGE][PASSED] - Object 'Object Repository/Sayfalar/Giris_Sayfasi/RetveTamam_Butonu' is present

2021-10-15 17:35:11 - [TEST_STEP][PASSED] - click(findTestObject("Object Repository/Sayfalar/Giris_Sayfasi/RetveTamam_Butonu")): Object: 'Object Repository/Sayfalar/Giris_Sayfasi/RetveTamam_Butonu' is clicked on

2021-10-15 17:35:11 - [MESSAGE][INFO] - Finding Test Object 'Object Repository/Sayfalar/Giris_Sayfasi/RetveTamam_Butonu'

2021-10-15 17:35:11 - [MESSAGE][INFO] - Checking object

2021-10-15 17:35:11 - [MESSAGE][INFO] - Finding web element from Test Object's properties

2021-10-15 17:35:11 - [MESSAGE][INFO] - Checking timeout

2021-10-15 17:35:11 - [MESSAGE][INFO] - Finding web element with id: 'Object Repository/Sayfalar/Giris_Sayfasi/RetveTamam_Butonu' located by 'By.xpath: //*[@class = 'btn btn-default']' in '30' second(s)

2021-10-15 17:35:11 - [MESSAGE][INFO] - Smart Wait Function is triggered

2021-10-15 17:35:11 - [MESSAGE][INFO] - Found 1 web elements with id: 'Object Repository/Sayfalar/Giris_Sayfasi/RetveTamam_Butonu' located by 'By.xpath: //*[@class = 'btn btn-default']' in '30' second(s)

2021-10-15 17:35:11 - [MESSAGE][INFO] - Clicking on object: 'Object Repository/Sayfalar/Giris_Sayfasi/RetveTamam_Butonu'

2021-10-15 17:35:11 - [MESSAGE][PASSED] - Object: 'Object Repository/Sayfalar/Giris_Sayfasi/RetveTamam_Butonu' is clicked on

2021-10-15 17:35:11 - [TEST_STEP][PASSED] - click(findTestObject("Object Repository/Sayfalar/Giris_Sayfasi/RetveTamam_Butonu")): Object: 'Object Repository/Sayfalar/Giris_Sayfasi/RetveTamam_Butonu' is clicked on

2021-10-15 17:35:11 - [MESSAGE][INFO] - Finding Test Object 'Object Repository/Sayfalar/Giris_Sayfasi/RetveTamam_Butonu'

2021-10-15 17:35:11 - [MESSAGE][INFO] - Checking object

2021-10-15 17:35:11 - [MESSAGE][INFO] - Finding web element from Test Object's properties

2021-10-15 17:35:11 - [MESSAGE][INFO] - Checking timeout

2021-10-15 17:35:11 - [MESSAGE][INFO] - Finding web element with id: 'Object Repository/Sayfalar/Giris_Sayfasi/RetveTamam_Butonu' located by 'By.xpath: //*[@class = 'btn btn-default']' in '30' second(s)

2021-10-15 17:35:11 - [MESSAGE][INFO] - Smart Wait Function is triggered

2021-10-15 17:35:14 - [MESSAGE][INFO] - Found 1 web elements with id: 'Object Repository/Sayfalar/Giris_Sayfasi/RetveTamam_Butonu' located by 'By.xpath: //*[@class = 'btn btn-default']' in '30' second(s)

2021-10-15 17:35:14 - [MESSAGE][INFO] - Clicking on object: 'Object Repository/Sayfalar/Giris_Sayfasi/RetveTamam_Butonu'

2021-10-15 17:35:14 - [MESSAGE][PASSED] - Object: 'Object Repository/Sayfalar/Giris_Sayfasi/RetveTamam_Butonu' is clicked on

2021-10-15 17:35:14 - [TEST_STEP][PASSED] - if (verifyElementPresent(findTestObject("Sayfalar/Giris_Sayfasi/PopupOK"), 5, OPTIONAL)): null

2021-10-15 17:35:14 - [MESSAGE][INFO] - Finding Test Object 'Object Repository/Sayfalar/Giris_Sayfasi/PopupOK'

2021-10-15 17:35:14 - [MESSAGE][INFO] - Checking object

2021-10-15 17:35:14 - [MESSAGE][INFO] - Finding web element from Test Object's properties

2021-10-15 17:35:14 - [MESSAGE][INFO] - Checking timeout

2021-10-15 17:35:14 - [MESSAGE][INFO] - Finding web element with id: 'Object Repository/Sayfalar/Giris_Sayfasi/PopupOK' located by 'By.cssSelector: .btn.btn-success' in '5' second(s)

2021-10-15 17:35:14 - [MESSAGE][INFO] - Smart Wait Function is triggered

2021-10-15 17:35:15 - [MESSAGE][INFO] - Found 1 web elements with id: 'Object Repository/Sayfalar/Giris_Sayfasi/PopupOK' located by 'By.cssSelector: .btn.btn-success' in '5' second(s)

2021-10-15 17:35:15 - [MESSAGE][PASSED] - Object 'Object Repository/Sayfalar/Giris_Sayfasi/PopupOK' is present

2021-10-15 17:35:15 - [TEST_STEP][PASSED] - click(findTestObject("Object Repository/Sayfalar/Giris_Sayfasi/PopupCarpiGiris")): Object: 'Object Repository/Sayfalar/Giris_Sayfasi/PopupCarpiGiris' is clicked on

2021-10-15 17:35:15 - [MESSAGE][INFO] - Finding Test Object 'Object Repository/Sayfalar/Giris_Sayfasi/PopupCarpiGiris'

2021-10-15 17:35:15 - [MESSAGE][INFO] - Checking object

2021-10-15 17:35:15 - [MESSAGE][INFO] - Finding web element from Test Object's properties

2021-10-15 17:35:15 - [MESSAGE][INFO] - Checking timeout

2021-10-15 17:35:15 - [MESSAGE][INFO] - Finding web element with id: 'Object Repository/Sayfalar/Giris_Sayfasi/PopupCarpiGiris' located by 'By.cssSelector: .bootbox-close-button.close' in '30' second(s)

2021-10-15 17:35:15 - [MESSAGE][INFO] - Smart Wait Function is triggered

2021-10-15 17:35:15 - [MESSAGE][INFO] - Found 1 web elements with id: 'Object Repository/Sayfalar/Giris_Sayfasi/PopupCarpiGiris' located by 'By.cssSelector: .bootbox-close-button.close' in '30' second(s)

2021-10-15 17:35:15 - [MESSAGE][INFO] - Clicking on object: 'Object Repository/Sayfalar/Giris_Sayfasi/PopupCarpiGiris'

2021-10-15 17:35:15 - [MESSAGE][PASSED] - Object: 'Object Repository/Sayfalar/Giris_Sayfasi/PopupCarpiGiris' is clicked on

2021-10-15 17:35:15 - [TEST_STEP][PASSED] - verifyElementVisible(findTestObject("Object Repository/Kullanici_Islemleri/KullaniciIslemleri")): Object 'Object Repository/Kullanici_Islemleri/KullaniciIslemleri' is visible

2021-10-15 17:35:15 - [MESSAGE][INFO] - Finding Test Object 'Object Repository/Kullanici_Islemleri/KullaniciIslemleri'

2021-10-15 17:35:16 - [MESSAGE][INFO] - Checking object

2021-10-15 17:35:16 - [MESSAGE][INFO] - Finding web element from Test Object's properties

2021-10-15 17:35:16 - [MESSAGE][INFO] - Checking timeout

2021-10-15 17:35:16 - [MESSAGE][INFO] - Finding web element with id: 'Object Repository/Kullanici_Islemleri/KullaniciIslemleri' located by 'By.cssSelector: .dropdown>a>img' in '30' second(s)

2021-10-15 17:35:16 - [MESSAGE][INFO] - Smart Wait Function is triggered

2021-10-15 17:35:16 - [MESSAGE][INFO] - Found 1 web elements with id: 'Object Repository/Kullanici_Islemleri/KullaniciIslemleri' located by 'By.cssSelector: .dropdown>a>img' in '30' second(s)

2021-10-15 17:35:16 - [MESSAGE][PASSED] - Object 'Object Repository/Kullanici_Islemleri/KullaniciIslemleri' is visible

2021-10-15 17:35:16 - [MESSAGE][PASSED] - Call Test Case 'Test Cases/Sayfalar/Giris_Sayfasi/Login' successfully

2021-10-15 17:35:16 - [MESSAGE][INFO] - Checking called Test Case

2021-10-15 17:35:16 - [MESSAGE][INFO] - Starting to call Test Case 'Test Cases/Menu/AnaMenuSecimi'

2021-10-15 17:35:16 - [TEST_CASE][PASSED] - Test Cases/Menu/AnaMenuSecimi: Test Cases/Menu/AnaMenuSecimi

2021-10-15 17:35:16 - [TEST_STEP][PASSED] - Method.TextDegerineEsitElementeTikla(findTestObject("Menu/Ana_Menu"), Ana_Menu): Method.TextDegerineEsitElementeTikla is PASSED

2021-10-15 17:35:16 - [MESSAGE][INFO] - Finding Test Object 'Object Repository/Menu/Ana_Menu'

2021-10-15 17:35:16 - [MESSAGE][INFO] - Checking timeout

2021-10-15 17:35:16 - [MESSAGE][INFO] - Finding web element with id: 'Object Repository/Menu/Ana_Menu' located by 'By.xpath: //*[@class = 'dropdown-toggle']' in '10' second(s)

2021-10-15 17:35:16 - [MESSAGE][INFO] - Smart Wait Function is triggered

2021-10-15 17:35:17 - [MESSAGE][INFO] - Found 14 web elements with id: 'Object Repository/Menu/Ana_Menu' located by 'By.xpath: //*[@class = 'dropdown-toggle']' in '10' second(s)

2021-10-15 17:35:17 - [MESSAGE][PASSED] - Method.TextDegerineEsitElementeTikla is PASSED

2021-10-15 17:35:17 - [MESSAGE][PASSED] - Call Test Case 'Test Cases/Menu/AnaMenuSecimi' successfully

2021-10-15 17:35:17 - [MESSAGE][INFO] - Checking called Test Case

2021-10-15 17:35:17 - [MESSAGE][INFO] - Starting to call Test Case 'Test Cases/Menu/AltMenuSecimi'

2021-10-15 17:35:17 - [TEST_CASE][PASSED] - Test Cases/Menu/AltMenuSecimi: Test Cases/Menu/AltMenuSecimi

2021-10-15 17:35:17 - [TEST_STEP][PASSED] - Method.TextDegerineEsitElementeTikla(findTestObject("Menu/Alt_Menu"), Alt_Menu): Method.TextDegerineEsitElementeTikla is PASSED

2021-10-15 17:35:17 - [MESSAGE][INFO] - Finding Test Object 'Object Repository/Menu/Alt_Menu'

2021-10-15 17:35:17 - [MESSAGE][INFO] - Checking timeout

2021-10-15 17:35:17 - [MESSAGE][INFO] - Finding web element with id: 'Object Repository/Menu/Alt_Menu' located by 'By.xpath: //li[@class='dropdown dropdown-large open']//li[@class='dropdown-element']' in '10' second(s)

2021-10-15 17:35:17 - [MESSAGE][INFO] - Smart Wait Function is triggered

2021-10-15 17:35:17 - [MESSAGE][INFO] - Found 1 web elements with id: 'Object Repository/Menu/Alt_Menu' located by 'By.xpath: //li[@class='dropdown dropdown-large open']//li[@class='dropdown-element']' in '10' second(s)

2021-10-15 17:35:20 - [MESSAGE][PASSED] - Method.TextDegerineEsitElementeTikla is PASSED

2021-10-15 17:35:20 - [MESSAGE][PASSED] - Call Test Case 'Test Cases/Menu/AltMenuSecimi' successfully

2021-10-15 17:35:20 - [MESSAGE][INFO] - Checking called Test Case

2021-10-15 17:35:20 - [MESSAGE][INFO] - Starting to call Test Case 'Test Cases/Sayfalar/Yetki_Yonetimi/SekmeSecilir'

2021-10-15 17:35:20 - [TEST_CASE][PASSED] - Test Cases/Sayfalar/Yetki_Yonetimi/SekmeSecilir: Test Cases/Sayfalar/Yetki_Yonetimi/SekmeSecilir

2021-10-15 17:35:20 - [TEST_STEP][PASSED] - Method.TextDegerineEsitElementeTikla(findTestObject("Object Repository/Sayfalar/Yetki_Yonetimi/Sekmeler"), Sekme): Method.TextDegerineEsitElementeTikla is PASSED

2021-10-15 17:35:20 - [MESSAGE][INFO] - Finding Test Object 'Object Repository/Sayfalar/Yetki_Yonetimi/Sekmeler'

2021-10-15 17:35:20 - [MESSAGE][INFO] - Checking timeout

2021-10-15 17:35:20 - [MESSAGE][INFO] - Finding web element with id: 'Object Repository/Sayfalar/Yetki_Yonetimi/Sekmeler' located by 'By.cssSelector: #pcFeatures_TC>li[class="dxtc-tab"] span,#pcFeatures_TC>li[class="dxtc-activeTab dxtc-lead"] span' in '10' second(s)

2021-10-15 17:35:20 - [MESSAGE][INFO] - Smart Wait Function is triggered

2021-10-15 17:35:21 - [MESSAGE][INFO] - Found 3 web elements with id: 'Object Repository/Sayfalar/Yetki_Yonetimi/Sekmeler' located by 'By.cssSelector: #pcFeatures_TC>li[class="dxtc-tab"] span,#pcFeatures_TC>li[class="dxtc-activeTab dxtc-lead"] span' in '10' second(s)

2021-10-15 17:35:21 - [MESSAGE][PASSED] - Method.TextDegerineEsitElementeTikla is PASSED

2021-10-15 17:35:21 - [MESSAGE][PASSED] - Call Test Case 'Test Cases/Sayfalar/Yetki_Yonetimi/SekmeSecilir' successfully

2021-10-15 17:35:21 - [MESSAGE][INFO] - Checking called Test Case

2021-10-15 17:35:21 - [MESSAGE][INFO] - Starting to call Test Case 'Test Cases/Filtreler/ButonaTikla'

2021-10-15 17:35:21 - [TEST_CASE][PASSED] - Test Cases/Filtreler/ButonaTikla: Test Cases/Filtreler/ButonaTikla

2021-10-15 17:35:21 - [TEST_STEP][PASSED] - Method.TextDegerineEsitElementeTikla(findTestObject("Filtreler/Butonlar"), Filtre_Buton): Method.TextDegerineEsitElementeTikla is PASSED

2021-10-15 17:35:21 - [MESSAGE][INFO] - Finding Test Object 'Object Repository/Filtreler/Butonlar'

2021-10-15 17:35:21 - [MESSAGE][INFO] - Checking timeout

2021-10-15 17:35:21 - [MESSAGE][INFO] - Finding web element with id: 'Object Repository/Filtreler/Butonlar' located by 'By.cssSelector: .dxb>span' in '10' second(s)

2021-10-15 17:35:21 - [MESSAGE][INFO] - Smart Wait Function is triggered

2021-10-15 17:35:21 - [MESSAGE][INFO] - Found 6 web elements with id: 'Object Repository/Filtreler/Butonlar' located by 'By.cssSelector: .dxb>span' in '10' second(s)

2021-10-15 17:35:22 - [MESSAGE][PASSED] - Method.TextDegerineEsitElementeTikla is PASSED

2021-10-15 17:35:22 - [MESSAGE][PASSED] - Call Test Case 'Test Cases/Filtreler/ButonaTikla' successfully

2021-10-15 17:35:22 - [MESSAGE][INFO] - Checking called Test Case

2021-10-15 17:35:22 - [MESSAGE][INFO] - Starting to call Test Case 'Test Cases/Tablo/TablodaVeriVarMi'

2021-10-15 17:35:22 - [TEST_CASE][PASSED] - Test Cases/Tablo/TablodaVeriVarMi: Test Cases/Tablo/TablodaVeriVarMi

2021-10-15 17:35:22 - [TEST_STEP][PASSED] - verifyTextNotPresent("Görüntülenecek veri yok", true): Text 'Görüntülenecek veri yok' is not present on page using regular expression

2021-10-15 17:35:22 - [MESSAGE][INFO] - Checking text present  using regular expression

2021-10-15 17:35:22 - [MESSAGE][INFO] - Smart Wait Function is triggered

2021-10-15 17:35:22 - [MESSAGE][INFO] - Finding text 'Görüntülenecek veri yok' on page  using regular expression

2021-10-15 17:35:22 - [MESSAGE][PASSED] - Text 'Görüntülenecek veri yok' is not present on page using regular expression

2021-10-15 17:35:22 - [MESSAGE][PASSED] - Call Test Case 'Test Cases/Tablo/TablodaVeriVarMi' successfully

2021-10-15 17:35:22 - [MESSAGE][INFO] - Checking called Test Case

2021-10-15 17:35:22 - [MESSAGE][INFO] - Starting to call Test Case 'Test Cases/Tablo/TablodanVeriSec'

2021-10-15 17:35:22 - [TEST_CASE][PASSED] - Test Cases/Tablo/TablodanVeriSec: Test Cases/Tablo/TablodanVeriSec

2021-10-15 17:35:22 - [TEST_STEP][PASSED] - Method.TextDegerineEsitElementinAltindakineTikla(findTestObject("Tablo/Veriler"), findTestObject("Tablo/VerininCheckBoxi"), Veri_Adi): Method.TextDegerineEsitElementinAltindakineTikla is PASSED

2021-10-15 17:35:22 - [MESSAGE][INFO] - Finding Test Object 'Object Repository/Tablo/Veriler'

2021-10-15 17:35:22 - [MESSAGE][INFO] - Finding Test Object 'Object Repository/Tablo/VerininCheckBoxi'

2021-10-15 17:35:22 - [MESSAGE][INFO] - Checking timeout

2021-10-15 17:35:22 - [MESSAGE][INFO] - Finding web element with id: 'Object Repository/Tablo/Veriler' located by 'By.cssSelector: td.dxgv b ,td.dxgv' in '10' second(s)

2021-10-15 17:35:22 - [MESSAGE][INFO] - Smart Wait Function is triggered

2021-10-15 17:35:23 - [MESSAGE][INFO] - Found 11 web elements with id: 'Object Repository/Tablo/Veriler' located by 'By.cssSelector: td.dxgv b ,td.dxgv' in '10' second(s)

2021-10-15 17:35:23 - [MESSAGE][INFO] - Smart Wait Function is triggered

2021-10-15 17:35:23 - [MESSAGE][PASSED] - Method.TextDegerineEsitElementinAltindakineTikla is PASSED

2021-10-15 17:35:23 - [MESSAGE][PASSED] - Call Test Case 'Test Cases/Tablo/TablodanVeriSec' successfully

2021-10-15 17:35:23 - [MESSAGE][INFO] - Checking called Test Case

2021-10-15 17:35:23 - [MESSAGE][INFO] - Starting to call Test Case 'Test Cases/Butonlar/ButonaTikla'

2021-10-15 17:35:23 - [TEST_CASE][PASSED] - Test Cases/Butonlar/ButonaTikla: Test Cases/Butonlar/ButonaTikla

2021-10-15 17:35:23 - [TEST_STEP][PASSED] - Method.TextDegerineEsitElementeTiklaEquals(findTestObject("Butonlar/Butonlar"), Buton_Adi): Method.TextDegerineEsitElementeTiklaEquals is PASSED

2021-10-15 17:35:23 - [MESSAGE][INFO] - Finding Test Object 'Object Repository/Butonlar/Butonlar'

2021-10-15 17:35:23 - [MESSAGE][INFO] - Checking timeout

2021-10-15 17:35:23 - [MESSAGE][INFO] - Finding web element with id: 'Object Repository/Butonlar/Butonlar' located by 'By.cssSelector: .panel.panel-default.text-center.footerPanel .btn,.btn.btn-primary.btnControls' in '10' second(s)

2021-10-15 17:35:23 - [MESSAGE][INFO] - Smart Wait Function is triggered

2021-10-15 17:35:23 - [MESSAGE][INFO] - Found 12 web elements with id: 'Object Repository/Butonlar/Butonlar' located by 'By.cssSelector: .panel.panel-default.text-center.footerPanel .btn,.btn.btn-primary.btnControls' in '10' second(s)

2021-10-15 17:35:24 - [MESSAGE][PASSED] - Method.TextDegerineEsitElementeTiklaEquals is PASSED

2021-10-15 17:35:24 - [MESSAGE][PASSED] - Call Test Case 'Test Cases/Butonlar/ButonaTikla' successfully

2021-10-15 17:35:24 - [MESSAGE][INFO] - Checking called Test Case

2021-10-15 17:35:24 - [MESSAGE][INFO] - Starting to call Test Case 'Test Cases/Sayfalar/Yetki_Yonetimi/YetkiTanimlanir'

2021-10-15 17:35:24 - [TEST_CASE][PASSED] - Test Cases/Sayfalar/Yetki_Yonetimi/YetkiTanimlanir: Test Cases/Sayfalar/Yetki_Yonetimi/YetkiTanimlanir

2021-10-15 17:35:24 - [TEST_STEP][PASSED] - switchToFrame(findTestObject("Object Repository/Sayfalar/Yetki_Yonetimi/Yetki_Tanimlama/frame"), 10): Switched to iframe: 'Object Repository/Sayfalar/Yetki_Yonetimi/Yetki_Tanimlama/frame'

2021-10-15 17:35:24 - [MESSAGE][INFO] - Finding Test Object 'Object Repository/Sayfalar/Yetki_Yonetimi/Yetki_Tanimlama/frame'

2021-10-15 17:35:24 - [MESSAGE][INFO] - Switching to iframe: 'Object Repository/Sayfalar/Yetki_Yonetimi/Yetki_Tanimlama/frame'

2021-10-15 17:35:24 - [MESSAGE][INFO] - Finding web element from Test Object's properties

2021-10-15 17:35:24 - [MESSAGE][INFO] - Checking timeout

2021-10-15 17:35:24 - [MESSAGE][INFO] - Finding web element with id: 'Object Repository/Sayfalar/Yetki_Yonetimi/Yetki_Tanimlama/frame' located by 'By.xpath: //*[@id = 'addrolruleframe']' in '10' second(s)

2021-10-15 17:35:24 - [MESSAGE][INFO] - Smart Wait Function is triggered

2021-10-15 17:35:25 - [MESSAGE][INFO] - Found 1 web elements with id: 'Object Repository/Sayfalar/Yetki_Yonetimi/Yetki_Tanimlama/frame' located by 'By.xpath: //*[@id = 'addrolruleframe']' in '10' second(s)

2021-10-15 17:35:26 - [MESSAGE][INFO] - Switched to iframe: 'Object Repository/Sayfalar/Yetki_Yonetimi/Yetki_Tanimlama/frame'

2021-10-15 17:35:26 - [TEST_STEP][PASSED] - waitForAngularLoad(10): This page doesn't use Angular.

2021-10-15 17:35:27 - [MESSAGE][WARNING] - This page doesn't use Angular.

2021-10-15 17:35:27 - [TEST_STEP][PASSED] - parcalar = <not implemented yet for class: org.codehaus.groovy.ast.expr.EmptyExpression>: null

2021-10-15 17:35:27 - [TEST_STEP][PASSED] - a = 0: null

2021-10-15 17:35:27 - [TEST_STEP][PASSED] - parcalar = Adi.split("/"): null

2021-10-15 17:35:27 - [TEST_STEP][PASSED] - for (def parca : parcalar): Method.TextDegerineEsitElementinAltindakineTikla is PASSED

2021-10-15 17:35:27 - [TEST_STEP][PASSED] - a = a + 1: null

2021-10-15 17:35:27 - [TEST_STEP][PASSED] - if (parcalar.size() == a): null

2021-10-15 17:35:27 - [TEST_STEP][PASSED] - else: Method.TextDegerineEsitElementinAltindakineTikla is PASSED

2021-10-15 17:35:27 - [TEST_STEP][PASSED] - Method.TextDegerineEsitElementinAltindakineTikla(findTestObject("Object Repository/Sayfalar/Yetki_Yonetimi/Yetki_Tanimlama/Yazilar"), findTestObject("Object Repository/Sayfalar/Yetki_Yonetimi/Yetki_Tanimlama/Tree"), parca): Method.TextDegerineEsitElementinAltindakineTikla is PASSED

2021-10-15 17:35:27 - [MESSAGE][INFO] - Finding Test Object 'Object Repository/Sayfalar/Yetki_Yonetimi/Yetki_Tanimlama/Yazilar'

2021-10-15 17:35:27 - [MESSAGE][INFO] - Finding Test Object 'Object Repository/Sayfalar/Yetki_Yonetimi/Yetki_Tanimlama/Tree'

2021-10-15 17:35:27 - [MESSAGE][INFO] - Checking timeout

2021-10-15 17:35:27 - [MESSAGE][INFO] - Finding web element with id: 'Object Repository/Sayfalar/Yetki_Yonetimi/Yetki_Tanimlama/Yazilar' located by 'By.cssSelector: #jstree a' in '10' second(s)

2021-10-15 17:35:27 - [MESSAGE][INFO] - Smart Wait Function is triggered

2021-10-15 17:35:27 - [MESSAGE][INFO] - Found 11 web elements with id: 'Object Repository/Sayfalar/Yetki_Yonetimi/Yetki_Tanimlama/Yazilar' located by 'By.cssSelector: #jstree a' in '10' second(s)

2021-10-15 17:35:27 - [MESSAGE][INFO] - Smart Wait Function is triggered

2021-10-15 17:35:27 - [MESSAGE][PASSED] - Method.TextDegerineEsitElementinAltindakineTikla is PASSED

2021-10-15 17:35:27 - [TEST_STEP][PASSED] - a = a + 1: null

2021-10-15 17:35:27 - [TEST_STEP][PASSED] - if (parcalar.size() == a): null

2021-10-15 17:35:27 - [TEST_STEP][PASSED] - else: Method.TextDegerineEsitElementinAltindakineTikla is PASSED

2021-10-15 17:35:27 - [TEST_STEP][PASSED] - Method.TextDegerineEsitElementinAltindakineTikla(findTestObject("Object Repository/Sayfalar/Yetki_Yonetimi/Yetki_Tanimlama/Yazilar"), findTestObject("Object Repository/Sayfalar/Yetki_Yonetimi/Yetki_Tanimlama/Tree"), parca): Method.TextDegerineEsitElementinAltindakineTikla is PASSED

2021-10-15 17:35:27 - [MESSAGE][INFO] - Finding Test Object 'Object Repository/Sayfalar/Yetki_Yonetimi/Yetki_Tanimlama/Yazilar'

2021-10-15 17:35:27 - [MESSAGE][INFO] - Finding Test Object 'Object Repository/Sayfalar/Yetki_Yonetimi/Yetki_Tanimlama/Tree'

2021-10-15 17:35:27 - [MESSAGE][INFO] - Checking timeout

2021-10-15 17:35:27 - [MESSAGE][INFO] - Finding web element with id: 'Object Repository/Sayfalar/Yetki_Yonetimi/Yetki_Tanimlama/Yazilar' located by 'By.cssSelector: #jstree a' in '10' second(s)

2021-10-15 17:35:27 - [MESSAGE][INFO] - Smart Wait Function is triggered

2021-10-15 17:35:27 - [MESSAGE][INFO] - Found 14 web elements with id: 'Object Repository/Sayfalar/Yetki_Yonetimi/Yetki_Tanimlama/Yazilar' located by 'By.cssSelector: #jstree a' in '10' second(s)

2021-10-15 17:35:27 - [MESSAGE][INFO] - Smart Wait Function is triggered

2021-10-15 17:35:27 - [MESSAGE][PASSED] - Method.TextDegerineEsitElementinAltindakineTikla is PASSED

2021-10-15 17:35:27 - [TEST_STEP][PASSED] - a = a + 1: null

2021-10-15 17:35:27 - [TEST_STEP][PASSED] - if (parcalar.size() == a): null

2021-10-15 17:35:27 - [TEST_STEP][PASSED] - else: Method.TextDegerineEsitElementinAltindakineTikla is PASSED

2021-10-15 17:35:27 - [TEST_STEP][PASSED] - Method.TextDegerineEsitElementinAltindakineTikla(findTestObject("Object Repository/Sayfalar/Yetki_Yonetimi/Yetki_Tanimlama/Yazilar"), findTestObject("Object Repository/Sayfalar/Yetki_Yonetimi/Yetki_Tanimlama/Tree"), parca): Method.TextDegerineEsitElementinAltindakineTikla is PASSED

2021-10-15 17:35:27 - [MESSAGE][INFO] - Finding Test Object 'Object Repository/Sayfalar/Yetki_Yonetimi/Yetki_Tanimlama/Yazilar'

2021-10-15 17:35:27 - [MESSAGE][INFO] - Finding Test Object 'Object Repository/Sayfalar/Yetki_Yonetimi/Yetki_Tanimlama/Tree'

2021-10-15 17:35:27 - [MESSAGE][INFO] - Checking timeout

2021-10-15 17:35:27 - [MESSAGE][INFO] - Finding web element with id: 'Object Repository/Sayfalar/Yetki_Yonetimi/Yetki_Tanimlama/Yazilar' located by 'By.cssSelector: #jstree a' in '10' second(s)

2021-10-15 17:35:27 - [MESSAGE][INFO] - Smart Wait Function is triggered

2021-10-15 17:35:27 - [MESSAGE][INFO] - Found 16 web elements with id: 'Object Repository/Sayfalar/Yetki_Yonetimi/Yetki_Tanimlama/Yazilar' located by 'By.cssSelector: #jstree a' in '10' second(s)

2021-10-15 17:35:27 - [MESSAGE][INFO] - Smart Wait Function is triggered

2021-10-15 17:35:28 - [MESSAGE][PASSED] - Method.TextDegerineEsitElementinAltindakineTikla is PASSED

2021-10-15 17:35:28 - [TEST_STEP][PASSED] - a = a + 1: null

2021-10-15 17:35:28 - [TEST_STEP][PASSED] - if (parcalar.size() == a): Method.TextDegerineEsitElementinAltindakineTikla is PASSED

2021-10-15 17:35:28 - [TEST_STEP][PASSED] - Method.TextDegerineEsitElementinAltindakineTikla(findTestObject("Object Repository/Sayfalar/Yetki_Yonetimi/Yetki_Tanimlama/Yazilar"), findTestObject("Object Repository/Sayfalar/Yetki_Yonetimi/Yetki_Tanimlama/Checkbox"), parca): Method.TextDegerineEsitElementinAltindakineTikla is PASSED

2021-10-15 17:35:28 - [MESSAGE][INFO] - Finding Test Object 'Object Repository/Sayfalar/Yetki_Yonetimi/Yetki_Tanimlama/Yazilar'

2021-10-15 17:35:28 - [MESSAGE][INFO] - Finding Test Object 'Object Repository/Sayfalar/Yetki_Yonetimi/Yetki_Tanimlama/Checkbox'

2021-10-15 17:35:28 - [MESSAGE][INFO] - Checking timeout

2021-10-15 17:35:28 - [MESSAGE][INFO] - Finding web element with id: 'Object Repository/Sayfalar/Yetki_Yonetimi/Yetki_Tanimlama/Yazilar' located by 'By.cssSelector: #jstree a' in '10' second(s)

2021-10-15 17:35:28 - [MESSAGE][INFO] - Smart Wait Function is triggered

2021-10-15 17:35:28 - [MESSAGE][INFO] - Found 29 web elements with id: 'Object Repository/Sayfalar/Yetki_Yonetimi/Yetki_Tanimlama/Yazilar' located by 'By.cssSelector: #jstree a' in '10' second(s)

2021-10-15 17:35:28 - [MESSAGE][INFO] - Smart Wait Function is triggered

2021-10-15 17:35:28 - [MESSAGE][PASSED] - Method.TextDegerineEsitElementinAltindakineTikla is PASSED

2021-10-15 17:35:28 - [TEST_STEP][PASSED] - waitForElementClickable(findTestObject("Object Repository/Sayfalar/Yetki_Yonetimi/Yetki_Tanimlama/Kaydet"), 10): Object 'Object Repository/Sayfalar/Yetki_Yonetimi/Yetki_Tanimlama/Kaydet' is clickable

2021-10-15 17:35:28 - [MESSAGE][INFO] - Finding Test Object 'Object Repository/Sayfalar/Yetki_Yonetimi/Yetki_Tanimlama/Kaydet'

2021-10-15 17:35:28 - [MESSAGE][INFO] - Checking object

2021-10-15 17:35:28 - [MESSAGE][INFO] - Checking timeout

2021-10-15 17:35:28 - [MESSAGE][INFO] - Finding web element from Test Object's properties

2021-10-15 17:35:28 - [MESSAGE][INFO] - Checking timeout

2021-10-15 17:35:28 - [MESSAGE][INFO] - Finding web element with id: 'Object Repository/Sayfalar/Yetki_Yonetimi/Yetki_Tanimlama/Kaydet' located by 'By.xpath: //*[@id="jstree"]/../..//span' in '10' second(s)

2021-10-15 17:35:28 - [MESSAGE][INFO] - Smart Wait Function is triggered

2021-10-15 17:35:28 - [MESSAGE][INFO] - Found 1 web elements with id: 'Object Repository/Sayfalar/Yetki_Yonetimi/Yetki_Tanimlama/Kaydet' located by 'By.xpath: //*[@id="jstree"]/../..//span' in '10' second(s)

2021-10-15 17:35:28 - [MESSAGE][PASSED] - Object 'Object Repository/Sayfalar/Yetki_Yonetimi/Yetki_Tanimlama/Kaydet' is clickable

2021-10-15 17:35:28 - [TEST_STEP][PASSED] - click(findTestObject("Object Repository/Sayfalar/Yetki_Yonetimi/Yetki_Tanimlama/Kaydet")): Object: 'Object Repository/Sayfalar/Yetki_Yonetimi/Yetki_Tanimlama/Kaydet' is clicked on

2021-10-15 17:35:28 - [MESSAGE][INFO] - Finding Test Object 'Object Repository/Sayfalar/Yetki_Yonetimi/Yetki_Tanimlama/Kaydet'

2021-10-15 17:35:28 - [MESSAGE][INFO] - Checking object

2021-10-15 17:35:28 - [MESSAGE][INFO] - Finding web element from Test Object's properties

2021-10-15 17:35:28 - [MESSAGE][INFO] - Checking timeout

2021-10-15 17:35:28 - [MESSAGE][INFO] - Finding web element with id: 'Object Repository/Sayfalar/Yetki_Yonetimi/Yetki_Tanimlama/Kaydet' located by 'By.xpath: //*[@id="jstree"]/../..//span' in '30' second(s)

2021-10-15 17:35:28 - [MESSAGE][INFO] - Smart Wait Function is triggered

2021-10-15 17:35:28 - [MESSAGE][INFO] - Found 1 web elements with id: 'Object Repository/Sayfalar/Yetki_Yonetimi/Yetki_Tanimlama/Kaydet' located by 'By.xpath: //*[@id="jstree"]/../..//span' in '30' second(s)

2021-10-15 17:35:28 - [MESSAGE][INFO] - Clicking on object: 'Object Repository/Sayfalar/Yetki_Yonetimi/Yetki_Tanimlama/Kaydet'

2021-10-15 17:35:28 - [MESSAGE][PASSED] - Object: 'Object Repository/Sayfalar/Yetki_Yonetimi/Yetki_Tanimlama/Kaydet' is clicked on

2021-10-15 17:35:28 - [TEST_STEP][PASSED] - switchToDefaultContent(): Switching to default content

2021-10-15 17:35:28 - [MESSAGE][INFO] - Switching to default content

2021-10-15 17:35:28 - [MESSAGE][PASSED] - Call Test Case 'Test Cases/Sayfalar/Yetki_Yonetimi/YetkiTanimlanir' successfully

2021-10-15 17:35:28 - [MESSAGE][INFO] - Checking called Test Case

2021-10-15 17:35:28 - [MESSAGE][INFO] - Starting to call Test Case 'Test Cases/Popup/PopupButonSecilir'

2021-10-15 17:35:28 - [TEST_CASE][PASSED] - Test Cases/Popup/PopupButonSecilir: Test Cases/Popup/PopupButonSecilir

2021-10-15 17:35:28 - [TEST_STEP][PASSED] - Method.TextDegerineEsitElementeTikla(findTestObject("Popup/Popup_Butons"), Buton): Method.TextDegerineEsitElementeTikla is PASSED

2021-10-15 17:35:28 - [MESSAGE][INFO] - Finding Test Object 'Object Repository/Popup/Popup_Butons'

2021-10-15 17:35:28 - [MESSAGE][INFO] - Checking timeout

2021-10-15 17:35:28 - [MESSAGE][INFO] - Finding web element with id: 'Object Repository/Popup/Popup_Butons' located by 'By.cssSelector: .modal-footer>button' in '10' second(s)

2021-10-15 17:35:28 - [MESSAGE][INFO] - Smart Wait Function is triggered

2021-10-15 17:35:31 - [MESSAGE][INFO] - Found 1 web elements with id: 'Object Repository/Popup/Popup_Butons' located by 'By.cssSelector: .modal-footer>button' in '10' second(s)

2021-10-15 17:35:31 - [MESSAGE][PASSED] - Method.TextDegerineEsitElementeTikla is PASSED

2021-10-15 17:35:31 - [MESSAGE][PASSED] - Call Test Case 'Test Cases/Popup/PopupButonSecilir' successfully

2021-10-15 17:35:31 - [MESSAGE][INFO] - Checking called Test Case

2021-10-15 17:35:31 - [MESSAGE][INFO] - Starting to call Test Case 'Test Cases/Kullanici_Islemleri/KullaniciIslemlerindenSecimYapilir'

2021-10-15 17:35:31 - [TEST_CASE][PASSED] - Test Cases/Kullanici_Islemleri/KullaniciIslemlerindenSecimYapilir: Test Cases/Kullanici_Islemleri/KullaniciIslemlerindenSecimYapilir

2021-10-15 17:35:31 - [TEST_STEP][PASSED] - waitForElementClickable(findTestObject("Object Repository/Kullanici_Islemleri/KullaniciIslemleri"), 10): Object 'Object Repository/Kullanici_Islemleri/KullaniciIslemleri' is clickable

2021-10-15 17:35:31 - [MESSAGE][INFO] - Finding Test Object 'Object Repository/Kullanici_Islemleri/KullaniciIslemleri'

2021-10-15 17:35:31 - [MESSAGE][INFO] - Checking object

2021-10-15 17:35:31 - [MESSAGE][INFO] - Checking timeout

2021-10-15 17:35:31 - [MESSAGE][INFO] - Finding web element from Test Object's properties

2021-10-15 17:35:31 - [MESSAGE][INFO] - Checking timeout

2021-10-15 17:35:31 - [MESSAGE][INFO] - Finding web element with id: 'Object Repository/Kullanici_Islemleri/KullaniciIslemleri' located by 'By.cssSelector: .dropdown>a>img' in '10' second(s)

2021-10-15 17:35:31 - [MESSAGE][INFO] - Smart Wait Function is triggered

2021-10-15 17:35:31 - [MESSAGE][INFO] - Found 1 web elements with id: 'Object Repository/Kullanici_Islemleri/KullaniciIslemleri' located by 'By.cssSelector: .dropdown>a>img' in '10' second(s)

2021-10-15 17:35:31 - [MESSAGE][PASSED] - Object 'Object Repository/Kullanici_Islemleri/KullaniciIslemleri' is clickable

2021-10-15 17:35:31 - [TEST_STEP][PASSED] - click(findTestObject("Object Repository/Kullanici_Islemleri/KullaniciIslemleri")): Object: 'Object Repository/Kullanici_Islemleri/KullaniciIslemleri' is clicked on

2021-10-15 17:35:31 - [MESSAGE][INFO] - Finding Test Object 'Object Repository/Kullanici_Islemleri/KullaniciIslemleri'

2021-10-15 17:35:31 - [MESSAGE][INFO] - Checking object

2021-10-15 17:35:31 - [MESSAGE][INFO] - Finding web element from Test Object's properties

2021-10-15 17:35:31 - [MESSAGE][INFO] - Checking timeout

2021-10-15 17:35:31 - [MESSAGE][INFO] - Finding web element with id: 'Object Repository/Kullanici_Islemleri/KullaniciIslemleri' located by 'By.cssSelector: .dropdown>a>img' in '30' second(s)

2021-10-15 17:35:31 - [MESSAGE][INFO] - Smart Wait Function is triggered

2021-10-15 17:35:32 - [MESSAGE][INFO] - Found 1 web elements with id: 'Object Repository/Kullanici_Islemleri/KullaniciIslemleri' located by 'By.cssSelector: .dropdown>a>img' in '30' second(s)

2021-10-15 17:35:32 - [MESSAGE][INFO] - Clicking on object: 'Object Repository/Kullanici_Islemleri/KullaniciIslemleri'

2021-10-15 17:35:32 - [MESSAGE][PASSED] - Object: 'Object Repository/Kullanici_Islemleri/KullaniciIslemleri' is clicked on

2021-10-15 17:35:32 - [TEST_STEP][PASSED] - Method.TextDegerineEsitElementeTikla(findTestObject("Object Repository/Kullanici_Islemleri/Secenekler"), Islem): Method.TextDegerineEsitElementeTikla is PASSED

2021-10-15 17:35:32 - [MESSAGE][INFO] - Finding Test Object 'Object Repository/Kullanici_Islemleri/Secenekler'

2021-10-15 17:35:32 - [MESSAGE][INFO] - Checking timeout

2021-10-15 17:35:32 - [MESSAGE][INFO] - Finding web element with id: 'Object Repository/Kullanici_Islemleri/Secenekler' located by 'By.cssSelector: .nav.navbar-nav.navbar-right li a' in '10' second(s)

2021-10-15 17:35:32 - [MESSAGE][INFO] - Smart Wait Function is triggered

2021-10-15 17:35:32 - [MESSAGE][INFO] - Found 22 web elements with id: 'Object Repository/Kullanici_Islemleri/Secenekler' located by 'By.cssSelector: .nav.navbar-nav.navbar-right li a' in '10' second(s)

2021-10-15 17:35:34 - [MESSAGE][PASSED] - Method.TextDegerineEsitElementeTikla is PASSED

2021-10-15 17:35:34 - [TEST_STEP][PASSED] - verifyElementNotPresent(findTestObject("Object Repository/Kullanici_Islemleri/Secenekler"), 10): Web element with id: 'Object Repository/Kullanici_Islemleri/Secenekler' located by 'By.cssSelector: .nav.navbar-nav.navbar-right li a' is not present after '10' second(s)

2021-10-15 17:35:34 - [MESSAGE][INFO] - Finding Test Object 'Object Repository/Kullanici_Islemleri/Secenekler'

2021-10-15 17:35:34 - [MESSAGE][INFO] - Checking object

2021-10-15 17:35:34 - [MESSAGE][INFO] - Checking timeout

2021-10-15 17:35:34 - [MESSAGE][INFO] - Finding web element with id: 'Object Repository/Kullanici_Islemleri/Secenekler' located by 'By.cssSelector: .nav.navbar-nav.navbar-right li a' in '10' second(s)

2021-10-15 17:35:34 - [MESSAGE][INFO] - Smart Wait Function is triggered

2021-10-15 17:35:34 - [MESSAGE][PASSED] - Web element with id: 'Object Repository/Kullanici_Islemleri/Secenekler' located by 'By.cssSelector: .nav.navbar-nav.navbar-right li a' is not present after '10' second(s)

2021-10-15 17:35:34 - [MESSAGE][PASSED] - Call Test Case 'Test Cases/Kullanici_Islemleri/KullaniciIslemlerindenSecimYapilir' successfully

2021-10-15 17:35:34 - [TEST_CASE][PASSED] - Start Test Case : SCENARIO Yetki tanimlama: SCENARIO Yetki tanimlama

2021-10-15 17:35:34 - [TEST_STEP][PASSED] - Kullanıcı adı ELOGO6 ve Şifre 123456 olarak giriş yapılır: Kullanıcı adı ELOGO6 ve Şifre 123456 olarak giriş yapılır

2021-10-15 17:35:34 - [MESSAGE][PASSED] - Kullanıcı adı ELOGO6 ve Şifre 123456 olarak giriş yapılır

2021-10-15 17:35:34 - [TEST_STEP][PASSED] - Ana menüden Firma Yönetimi seçilir: Ana menüden Firma Yönetimi seçilir

2021-10-15 17:35:34 - [MESSAGE][PASSED] - Ana menüden Firma Yönetimi seçilir

2021-10-15 17:35:34 - [TEST_STEP][PASSED] - Alt menüden Yetki Yönetimi seçilir: Alt menüden Yetki Yönetimi seçilir

2021-10-15 17:35:34 - [MESSAGE][PASSED] - Alt menüden Yetki Yönetimi seçilir

2021-10-15 17:35:34 - [TEST_STEP][PASSED] - Sekmelerden Rol ve Yetki Tanımları seçilir: Sekmelerden Rol ve Yetki Tanımları seçilir

2021-10-15 17:35:34 - [MESSAGE][PASSED] - Sekmelerden Rol ve Yetki Tanımları seçilir

2021-10-15 17:35:34 - [TEST_STEP][PASSED] - Filtre butonlarından Listele seçilir: Filtre butonlarından Listele seçilir

2021-10-15 17:35:34 - [MESSAGE][PASSED] - Filtre butonlarından Listele seçilir

2021-10-15 17:35:34 - [TEST_STEP][PASSED] - Tabloda veri var mı kontrol edilir: Tabloda veri var mı kontrol edilir

2021-10-15 17:35:34 - [MESSAGE][PASSED] - Tabloda veri var mı kontrol edilir

2021-10-15 17:35:34 - [TEST_STEP][PASSED] - Tablodan brk isimli veri seçilir: Tablodan brk isimli veri seçilir

2021-10-15 17:35:34 - [MESSAGE][PASSED] - Tablodan brk isimli veri seçilir

2021-10-15 17:35:34 - [TEST_STEP][PASSED] - Butonlardan Yetki Tanımla isimli butona tıklanır: Butonlardan Yetki Tanımla isimli butona tıklanır

2021-10-15 17:35:34 - [MESSAGE][PASSED] - Butonlardan Yetki Tanımla isimli butona tıklanır

2021-10-15 17:35:34 - [TEST_STEP][PASSED] - Yetki olarak e-İrsaliye/Gelen Kutusu/İrsaliyeler/Excel seçilir: Yetki olarak e-İrsaliye/Gelen Kutusu/İrsaliyeler/Excel seçilir

2021-10-15 17:35:34 - [MESSAGE][PASSED] - Yetki olarak e-İrsaliye/Gelen Kutusu/İrsaliyeler/Excel seçilir

2021-10-15 17:35:34 - [TEST_STEP][PASSED] - Yönetim popupında Tamam seçilir: Yönetim popupında Tamam seçilir

2021-10-15 17:35:34 - [MESSAGE][PASSED] - Yönetim popupında Tamam seçilir

2021-10-15 17:35:34 - [TEST_STEP][PASSED] - Kullanıcı işlemlerinden Çıkış seçilir: Kullanıcı işlemlerinden Çıkış seçilir

2021-10-15 17:35:34 - [MESSAGE][PASSED] - Kullanıcı işlemlerinden Çıkış seçilir

2021-10-15 17:35:34 - [MESSAGE][PASSED] - Feature file: 'Include/features/Firma Yonetimi/Yetki Yonetimi/Rol ve Yetki Tanimlari/Yetki Tanimla.feature' was passed

2021-10-15 17:35:34 - [TEST_STEP][PASSED] - Start listener action : sampleAfterTestSuite: Invoke 'com.kms.katalon.core.annotation.AfterTestCase' method: 'Listener.sampleAfterTestSuite(...)' completed.

2021-10-15 17:35:34 - [MESSAGE][INFO] - Starting invoke 'com.kms.katalon.core.annotation.AfterTestCase' method: 'Listener.sampleAfterTestSuite(...)'

2021-10-15 17:35:34 - [TEST_STEP][PASSED] - closeBrowser(): Invoke 'com.kms.katalon.core.annotation.AfterTestCase' method: 'Listener.sampleAfterTestSuite(...)' completed.

2021-10-15 17:35:34 - [MESSAGE][INFO] - Closing browser

2021-10-15 17:35:35 - [MESSAGE][PASSED] - Browser is closed

2021-10-15 17:35:35 - [MESSAGE][INFO] - Invoke 'com.kms.katalon.core.annotation.AfterTestCase' method: 'Listener.sampleAfterTestSuite(...)' completed.]]></system-out>
         <system-err><![CDATA[]]></system-err>
      </testcase>
      <system-out><![CDATA[2021-10-15 17:28:22 - [TEST_SUITE][PASSED] - Firma_Yonetimi: Test Cases/Case Repository/Firma Yonetimi/Yetki Yonetimi/Rol ve Yetki Tanimlari/Yetki Tanimla]]></system-out>
      <system-err><![CDATA[]]></system-err>
   </testsuite>
</testsuites>
