<?xml version="1.0" encoding="UTF-8"?>
<testsuites name="Raporlar" time="240.856" tests="4" failures="0" errors="0">
   <testsuite name="Raporlar" tests="4" failures="0" errors="0" time="240.856" skipped="0" timestamp="2021-11-12 17:45:11" hostname="DELL - DESKTOP-QBVMTUG" id="">
      <properties>
         <property name="deviceName" value=""/>
         <property name="devicePlatform" value=""/>
         <property name="logFolder" value="C:\\Users\\DELL\\Documents\\GitHub\\EES_KatalonLogo\\Reports\\20211112_170311\\Suite Repository\\Raporlar\\20211112_170425"/>
         <property name="logFiles" value="C:\\Users\\DELL\\Documents\\GitHub\\EES_KatalonLogo\\Reports\\20211112_170311\\Suite Repository\\Raporlar\\20211112_170425\\execution0.log"/>
         <property name="attachments" value=""/>
         <property name="hostName" value="DELL - DESKTOP-QBVMTUG"/>
         <property name="os" value="Windows 10 64bit"/>
         <property name="katalonVersion" value="8.0.5.208"/>
         <property name="browser" value="Chrome 95.0.4638.69"/>
         <property name="hostAddress" value="192.168.1.18"/>
         <property name="sessionId" value="902af3cdbf52402b06c568d58a674eb5"/>
         <property name="seleniumVersion" value="3.141.59"/>
         <property name="proxyInformation" value="ProxyInformation { proxyOption=NO_PROXY, proxyServerType=HTTP, username=, password=********, proxyServerAddress=, proxyServerPort=0, executionList=&quot;&quot;, isApplyToDesiredCapabilities=true }"/>
         <property name="platform" value="Windows 10"/>
      </properties>
      <testcase name="Test Cases/Case Repository/Raporlar/GIB Kullanici Listesi/Ekran Kontrolu" time="46.744" classname="Test Cases/Case Repository/Raporlar/GIB Kullanici Listesi/Ekran Kontrolu" status="PASSED">
         <system-out><![CDATA[2021-11-12 17:45:11 - [TEST_CASE][PASSED] - Test Cases/Case Repository/Raporlar/GIB Kullanici Listesi/Ekran Kontrolu: Test Cases/Case Repository/Raporlar/GIB Kullanici Listesi/Ekran Kontrolu

2021-11-12 17:45:11 - [TEST_STEP][PASSED] - Start listener action : sampleBeforeTestSuite: Invoke 'com.kms.katalon.core.annotation.BeforeTestCase' method: 'Listener.sampleBeforeTestSuite(...)' completed.

2021-11-12 17:45:11 - [MESSAGE][INFO] - Starting invoke 'com.kms.katalon.core.annotation.BeforeTestCase' method: 'Listener.sampleBeforeTestSuite(...)'

2021-11-12 17:45:11 - [TEST_STEP][PASSED] - openBrowser(baseUrl): Browser is opened with url: 'https://efatura-stage.elogo.com.tr/'

2021-11-12 17:45:12 - [MESSAGE][INFO] - Opening browser

2021-11-12 17:45:12 - [MESSAGE][INFO] - Starting 'Chrome' driver

2021-11-12 17:45:12 - [MESSAGE][INFO] - User set preference: ['prefs', '{download.default_directory=C:\otomasyondownfiles}']

2021-11-12 17:45:12 - [MESSAGE][INFO] - Action delay is set to 0 milliseconds

2021-11-12 17:45:14 - [MESSAGE][INFO] - Navigating browser to: 'https://efatura-stage.elogo.com.tr/'

2021-11-12 17:45:17 - [MESSAGE][PASSED] - Browser is opened with url: 'https://efatura-stage.elogo.com.tr/'

2021-11-12 17:45:17 - [TEST_STEP][PASSED] - maximizeWindow(): Invoke 'com.kms.katalon.core.annotation.BeforeTestCase' method: 'Listener.sampleBeforeTestSuite(...)' completed.

2021-11-12 17:45:17 - [MESSAGE][INFO] - Maximizing current window

2021-11-12 17:45:17 - [MESSAGE][PASSED] - Current window maximized

2021-11-12 17:45:17 - [MESSAGE][INFO] - Invoke 'com.kms.katalon.core.annotation.BeforeTestCase' method: 'Listener.sampleBeforeTestSuite(...)' completed.

2021-11-12 17:45:18 - [TEST_STEP][PASSED] - runFeatureFile("Include/features/Raporlar/GIB Kullanici Listesi/Ekran Kontrolu.feature"): Feature file: 'Include/features/Raporlar/GIB Kullanici Listesi/Ekran Kontrolu.feature' was passed

2021-11-12 17:45:18 - [MESSAGE][INFO] - Starting run keyword runFeatureFile: 'Include/features/Raporlar/GIB Kullanici Listesi/Ekran Kontrolu.feature' and extract report to folder: 'C:\Users\DELL\Documents\GitHub\EES_KatalonLogo\Reports\20211112_170311\Suite Repository\Raporlar\20211112_170425/cucumber_report/1636728318528'...

2021-11-12 17:45:18 - [MESSAGE][INFO] - Glue: []

2021-11-12 17:45:21 - [MESSAGE][INFO] - Checking called Test Case

2021-11-12 17:45:21 - [MESSAGE][INFO] - Starting to call Test Case 'Test Cases/Sayfalar/Giris_Sayfasi/Login'

2021-11-12 17:45:21 - [TEST_CASE][PASSED] - Test Cases/Sayfalar/Giris_Sayfasi/Login: Test Cases/Sayfalar/Giris_Sayfasi/Login

2021-11-12 17:45:22 - [TEST_STEP][PASSED] - Sayfa_Basligi = getWindowTitle(): Current window's title is: 'LOGO e-Fatura'

2021-11-12 17:45:22 - [MESSAGE][INFO] - Getting current window's title

2021-11-12 17:45:22 - [MESSAGE][PASSED] - Current window's title is: 'LOGO e-Fatura'

2021-11-12 17:45:22 - [TEST_STEP][PASSED] - verifyMatch(Sayfa_Basligi, "LOGO e-Fatura", false): Actual text 'LOGO e-Fatura' and expected text 'LOGO e-Fatura' are matched 

2021-11-12 17:45:22 - [MESSAGE][INFO] - Matching actual text 'LOGO e-Fatura' with expected text 'LOGO e-Fatura'

2021-11-12 17:45:22 - [MESSAGE][PASSED] - Actual text 'LOGO e-Fatura' and expected text 'LOGO e-Fatura' are matched 

2021-11-12 17:45:22 - [TEST_STEP][PASSED] - sendKeys(findTestObject("Sayfalar/Giris_Sayfasi/Firma_Kodu"), KullaniciAdi): Keys 'ELOGO6' sent to object: 'Object Repository/Sayfalar/Giris_Sayfasi/Firma_Kodu'

2021-11-12 17:45:22 - [MESSAGE][INFO] - Finding Test Object 'Object Repository/Sayfalar/Giris_Sayfasi/Firma_Kodu'

2021-11-12 17:45:22 - [MESSAGE][INFO] - Sending keys 'ELOGO6' to object: 'Object Repository/Sayfalar/Giris_Sayfasi/Firma_Kodu'

2021-11-12 17:45:22 - [MESSAGE][INFO] - Finding web element from Test Object's properties

2021-11-12 17:45:22 - [MESSAGE][INFO] - Checking timeout

2021-11-12 17:45:22 - [MESSAGE][INFO] - Finding web element with id: 'Object Repository/Sayfalar/Giris_Sayfasi/Firma_Kodu' located by 'By.xpath: //*[@id = 'AccountName']' in '30' second(s)

2021-11-12 17:45:22 - [MESSAGE][INFO] - Smart Wait Function is triggered

2021-11-12 17:45:23 - [MESSAGE][INFO] - Found 1 web elements with id: 'Object Repository/Sayfalar/Giris_Sayfasi/Firma_Kodu' located by 'By.xpath: //*[@id = 'AccountName']' in '30' second(s)

2021-11-12 17:45:23 - [MESSAGE][PASSED] - Keys 'ELOGO6' sent to object: 'Object Repository/Sayfalar/Giris_Sayfasi/Firma_Kodu'

2021-11-12 17:45:23 - [TEST_STEP][PASSED] - sendKeys(findTestObject("Sayfalar/Giris_Sayfasi/Sifre"), Sifre): Keys '123456' sent to object: 'Object Repository/Sayfalar/Giris_Sayfasi/Sifre'

2021-11-12 17:45:23 - [MESSAGE][INFO] - Finding Test Object 'Object Repository/Sayfalar/Giris_Sayfasi/Sifre'

2021-11-12 17:45:23 - [MESSAGE][INFO] - Sending keys '123456' to object: 'Object Repository/Sayfalar/Giris_Sayfasi/Sifre'

2021-11-12 17:45:23 - [MESSAGE][INFO] - Finding web element from Test Object's properties

2021-11-12 17:45:23 - [MESSAGE][INFO] - Checking timeout

2021-11-12 17:45:23 - [MESSAGE][INFO] - Finding web element with id: 'Object Repository/Sayfalar/Giris_Sayfasi/Sifre' located by 'By.xpath: //*[@id = 'Password']' in '30' second(s)

2021-11-12 17:45:23 - [MESSAGE][INFO] - Smart Wait Function is triggered

2021-11-12 17:45:23 - [MESSAGE][INFO] - Found 1 web elements with id: 'Object Repository/Sayfalar/Giris_Sayfasi/Sifre' located by 'By.xpath: //*[@id = 'Password']' in '30' second(s)

2021-11-12 17:45:23 - [MESSAGE][PASSED] - Keys '123456' sent to object: 'Object Repository/Sayfalar/Giris_Sayfasi/Sifre'

2021-11-12 17:45:23 - [TEST_STEP][PASSED] - findWebElement(findTestObject("Sayfalar/Giris_Sayfasi/Giris_Butonu")).click(): Found 1 web elements with id: 'Object Repository/Sayfalar/Giris_Sayfasi/Giris_Butonu' located by 'By.cssSelector: #btnLogin' in '30' second(s)

2021-11-12 17:45:23 - [MESSAGE][INFO] - Finding Test Object 'Object Repository/Sayfalar/Giris_Sayfasi/Giris_Butonu'

2021-11-12 17:45:24 - [MESSAGE][INFO] - Finding web element from Test Object's properties

2021-11-12 17:45:24 - [MESSAGE][INFO] - Checking timeout

2021-11-12 17:45:24 - [MESSAGE][INFO] - Finding web element with id: 'Object Repository/Sayfalar/Giris_Sayfasi/Giris_Butonu' located by 'By.cssSelector: #btnLogin' in '30' second(s)

2021-11-12 17:45:24 - [MESSAGE][INFO] - Smart Wait Function is triggered

2021-11-12 17:45:24 - [MESSAGE][INFO] - Found 1 web elements with id: 'Object Repository/Sayfalar/Giris_Sayfasi/Giris_Butonu' located by 'By.cssSelector: #btnLogin' in '30' second(s)

2021-11-12 17:45:26 - [TEST_STEP][PASSED] - if (verifyElementPresent(findTestObject("Object Repository/Sayfalar/Giris_Sayfasi/RetveTamam_Butonu"), 5, OPTIONAL)): null

2021-11-12 17:45:26 - [MESSAGE][INFO] - Finding Test Object 'Object Repository/Sayfalar/Giris_Sayfasi/RetveTamam_Butonu'

2021-11-12 17:45:27 - [MESSAGE][INFO] - Checking object

2021-11-12 17:45:27 - [MESSAGE][INFO] - Finding web element from Test Object's properties

2021-11-12 17:45:27 - [MESSAGE][INFO] - Checking timeout

2021-11-12 17:45:27 - [MESSAGE][INFO] - Finding web element with id: 'Object Repository/Sayfalar/Giris_Sayfasi/RetveTamam_Butonu' located by 'By.xpath: //*[@class = 'btn btn-default']' in '5' second(s)

2021-11-12 17:45:27 - [MESSAGE][INFO] - Smart Wait Function is triggered

2021-11-12 17:45:27 - [MESSAGE][INFO] - Found 1 web elements with id: 'Object Repository/Sayfalar/Giris_Sayfasi/RetveTamam_Butonu' located by 'By.xpath: //*[@class = 'btn btn-default']' in '5' second(s)

2021-11-12 17:45:27 - [MESSAGE][PASSED] - Object 'Object Repository/Sayfalar/Giris_Sayfasi/RetveTamam_Butonu' is present

2021-11-12 17:45:27 - [TEST_STEP][PASSED] - click(findTestObject("Object Repository/Sayfalar/Giris_Sayfasi/RetveTamam_Butonu")): Object: 'Object Repository/Sayfalar/Giris_Sayfasi/RetveTamam_Butonu' is clicked on

2021-11-12 17:45:27 - [MESSAGE][INFO] - Finding Test Object 'Object Repository/Sayfalar/Giris_Sayfasi/RetveTamam_Butonu'

2021-11-12 17:45:27 - [MESSAGE][INFO] - Checking object

2021-11-12 17:45:27 - [MESSAGE][INFO] - Finding web element from Test Object's properties

2021-11-12 17:45:27 - [MESSAGE][INFO] - Checking timeout

2021-11-12 17:45:27 - [MESSAGE][INFO] - Finding web element with id: 'Object Repository/Sayfalar/Giris_Sayfasi/RetveTamam_Butonu' located by 'By.xpath: //*[@class = 'btn btn-default']' in '30' second(s)

2021-11-12 17:45:27 - [MESSAGE][INFO] - Smart Wait Function is triggered

2021-11-12 17:45:27 - [MESSAGE][INFO] - Found 1 web elements with id: 'Object Repository/Sayfalar/Giris_Sayfasi/RetveTamam_Butonu' located by 'By.xpath: //*[@class = 'btn btn-default']' in '30' second(s)

2021-11-12 17:45:27 - [MESSAGE][INFO] - Clicking on object: 'Object Repository/Sayfalar/Giris_Sayfasi/RetveTamam_Butonu'

2021-11-12 17:45:27 - [MESSAGE][PASSED] - Object: 'Object Repository/Sayfalar/Giris_Sayfasi/RetveTamam_Butonu' is clicked on

2021-11-12 17:45:27 - [TEST_STEP][PASSED] - click(findTestObject("Object Repository/Sayfalar/Giris_Sayfasi/RetveTamam_Butonu")): Object: 'Object Repository/Sayfalar/Giris_Sayfasi/RetveTamam_Butonu' is clicked on

2021-11-12 17:45:27 - [MESSAGE][INFO] - Finding Test Object 'Object Repository/Sayfalar/Giris_Sayfasi/RetveTamam_Butonu'

2021-11-12 17:45:27 - [MESSAGE][INFO] - Checking object

2021-11-12 17:45:27 - [MESSAGE][INFO] - Finding web element from Test Object's properties

2021-11-12 17:45:27 - [MESSAGE][INFO] - Checking timeout

2021-11-12 17:45:27 - [MESSAGE][INFO] - Finding web element with id: 'Object Repository/Sayfalar/Giris_Sayfasi/RetveTamam_Butonu' located by 'By.xpath: //*[@class = 'btn btn-default']' in '30' second(s)

2021-11-12 17:45:27 - [MESSAGE][INFO] - Smart Wait Function is triggered

2021-11-12 17:45:33 - [MESSAGE][INFO] - Found 1 web elements with id: 'Object Repository/Sayfalar/Giris_Sayfasi/RetveTamam_Butonu' located by 'By.xpath: //*[@class = 'btn btn-default']' in '30' second(s)

2021-11-12 17:45:33 - [MESSAGE][INFO] - Clicking on object: 'Object Repository/Sayfalar/Giris_Sayfasi/RetveTamam_Butonu'

2021-11-12 17:45:33 - [MESSAGE][PASSED] - Object: 'Object Repository/Sayfalar/Giris_Sayfasi/RetveTamam_Butonu' is clicked on

2021-11-12 17:45:33 - [TEST_STEP][PASSED] - if (verifyElementPresent(findTestObject("Sayfalar/Giris_Sayfasi/PopupOK"), 5, OPTIONAL)): null

2021-11-12 17:45:33 - [MESSAGE][INFO] - Finding Test Object 'Object Repository/Sayfalar/Giris_Sayfasi/PopupOK'

2021-11-12 17:45:33 - [MESSAGE][INFO] - Checking object

2021-11-12 17:45:33 - [MESSAGE][INFO] - Finding web element from Test Object's properties

2021-11-12 17:45:33 - [MESSAGE][INFO] - Checking timeout

2021-11-12 17:45:33 - [MESSAGE][INFO] - Finding web element with id: 'Object Repository/Sayfalar/Giris_Sayfasi/PopupOK' located by 'By.cssSelector: .btn.btn-success' in '5' second(s)

2021-11-12 17:45:33 - [MESSAGE][INFO] - Smart Wait Function is triggered

2021-11-12 17:45:34 - [MESSAGE][INFO] - Found 1 web elements with id: 'Object Repository/Sayfalar/Giris_Sayfasi/PopupOK' located by 'By.cssSelector: .btn.btn-success' in '5' second(s)

2021-11-12 17:45:34 - [MESSAGE][PASSED] - Object 'Object Repository/Sayfalar/Giris_Sayfasi/PopupOK' is present

2021-11-12 17:45:34 - [TEST_STEP][PASSED] - click(findTestObject("Object Repository/Sayfalar/Giris_Sayfasi/PopupCarpiGiris")): Object: 'Object Repository/Sayfalar/Giris_Sayfasi/PopupCarpiGiris' is clicked on

2021-11-12 17:45:34 - [MESSAGE][INFO] - Finding Test Object 'Object Repository/Sayfalar/Giris_Sayfasi/PopupCarpiGiris'

2021-11-12 17:45:34 - [MESSAGE][INFO] - Checking object

2021-11-12 17:45:34 - [MESSAGE][INFO] - Finding web element from Test Object's properties

2021-11-12 17:45:34 - [MESSAGE][INFO] - Checking timeout

2021-11-12 17:45:34 - [MESSAGE][INFO] - Finding web element with id: 'Object Repository/Sayfalar/Giris_Sayfasi/PopupCarpiGiris' located by 'By.cssSelector: .bootbox-close-button.close' in '30' second(s)

2021-11-12 17:45:34 - [MESSAGE][INFO] - Smart Wait Function is triggered

2021-11-12 17:45:34 - [MESSAGE][INFO] - Found 1 web elements with id: 'Object Repository/Sayfalar/Giris_Sayfasi/PopupCarpiGiris' located by 'By.cssSelector: .bootbox-close-button.close' in '30' second(s)

2021-11-12 17:45:34 - [MESSAGE][INFO] - Clicking on object: 'Object Repository/Sayfalar/Giris_Sayfasi/PopupCarpiGiris'

2021-11-12 17:45:34 - [MESSAGE][PASSED] - Object: 'Object Repository/Sayfalar/Giris_Sayfasi/PopupCarpiGiris' is clicked on

2021-11-12 17:45:34 - [TEST_STEP][PASSED] - verifyElementVisible(findTestObject("Object Repository/Kullanici_Islemleri/KullaniciIslemleri")): Object 'Object Repository/Kullanici_Islemleri/KullaniciIslemleri' is visible

2021-11-12 17:45:34 - [MESSAGE][INFO] - Finding Test Object 'Object Repository/Kullanici_Islemleri/KullaniciIslemleri'

2021-11-12 17:45:34 - [MESSAGE][INFO] - Checking object

2021-11-12 17:45:34 - [MESSAGE][INFO] - Finding web element from Test Object's properties

2021-11-12 17:45:34 - [MESSAGE][INFO] - Checking timeout

2021-11-12 17:45:34 - [MESSAGE][INFO] - Finding web element with id: 'Object Repository/Kullanici_Islemleri/KullaniciIslemleri' located by 'By.cssSelector: .dropdown>a>img' in '30' second(s)

2021-11-12 17:45:34 - [MESSAGE][INFO] - Smart Wait Function is triggered

2021-11-12 17:45:35 - [MESSAGE][INFO] - Found 1 web elements with id: 'Object Repository/Kullanici_Islemleri/KullaniciIslemleri' located by 'By.cssSelector: .dropdown>a>img' in '30' second(s)

2021-11-12 17:45:35 - [MESSAGE][PASSED] - Object 'Object Repository/Kullanici_Islemleri/KullaniciIslemleri' is visible

2021-11-12 17:45:35 - [MESSAGE][PASSED] - Call Test Case 'Test Cases/Sayfalar/Giris_Sayfasi/Login' successfully

2021-11-12 17:45:35 - [MESSAGE][INFO] - Checking called Test Case

2021-11-12 17:45:35 - [MESSAGE][INFO] - Starting to call Test Case 'Test Cases/Menu/AnaMenuSecimi'

2021-11-12 17:45:35 - [TEST_CASE][PASSED] - Test Cases/Menu/AnaMenuSecimi: Test Cases/Menu/AnaMenuSecimi

2021-11-12 17:45:36 - [TEST_STEP][PASSED] - Method.TextDegerineEsitElementeTikla(findTestObject("Menu/Ana_Menu"), Ana_Menu): Method.TextDegerineEsitElementeTikla is PASSED

2021-11-12 17:45:36 - [MESSAGE][INFO] - Finding Test Object 'Object Repository/Menu/Ana_Menu'

2021-11-12 17:45:36 - [MESSAGE][INFO] - Checking timeout

2021-11-12 17:45:36 - [MESSAGE][INFO] - Finding web element with id: 'Object Repository/Menu/Ana_Menu' located by 'By.xpath: //*[@class = 'dropdown-toggle']' in '10' second(s)

2021-11-12 17:45:36 - [MESSAGE][INFO] - Smart Wait Function is triggered

2021-11-12 17:45:36 - [MESSAGE][INFO] - Found 14 web elements with id: 'Object Repository/Menu/Ana_Menu' located by 'By.xpath: //*[@class = 'dropdown-toggle']' in '10' second(s)

2021-11-12 17:45:36 - [MESSAGE][PASSED] - Method.TextDegerineEsitElementeTikla is PASSED

2021-11-12 17:45:36 - [MESSAGE][PASSED] - Call Test Case 'Test Cases/Menu/AnaMenuSecimi' successfully

2021-11-12 17:45:36 - [MESSAGE][INFO] - Checking called Test Case

2021-11-12 17:45:36 - [MESSAGE][INFO] - Starting to call Test Case 'Test Cases/Menu/AltMenuSecimi'

2021-11-12 17:45:36 - [TEST_CASE][PASSED] - Test Cases/Menu/AltMenuSecimi: Test Cases/Menu/AltMenuSecimi

2021-11-12 17:45:37 - [TEST_STEP][PASSED] - Method.TextDegerineEsitElementeTikla(findTestObject("Menu/Alt_Menu"), Alt_Menu): Method.TextDegerineEsitElementeTikla is PASSED

2021-11-12 17:45:37 - [MESSAGE][INFO] - Finding Test Object 'Object Repository/Menu/Alt_Menu'

2021-11-12 17:45:37 - [MESSAGE][INFO] - Checking timeout

2021-11-12 17:45:37 - [MESSAGE][INFO] - Finding web element with id: 'Object Repository/Menu/Alt_Menu' located by 'By.xpath: //li[@class='dropdown dropdown-large open']//li[@class='dropdown-element']' in '10' second(s)

2021-11-12 17:45:37 - [MESSAGE][INFO] - Smart Wait Function is triggered

2021-11-12 17:45:37 - [MESSAGE][INFO] - Found 9 web elements with id: 'Object Repository/Menu/Alt_Menu' located by 'By.xpath: //li[@class='dropdown dropdown-large open']//li[@class='dropdown-element']' in '10' second(s)

2021-11-12 17:45:38 - [MESSAGE][PASSED] - Method.TextDegerineEsitElementeTikla is PASSED

2021-11-12 17:45:38 - [MESSAGE][PASSED] - Call Test Case 'Test Cases/Menu/AltMenuSecimi' successfully

2021-11-12 17:45:38 - [MESSAGE][INFO] - Checking called Test Case

2021-11-12 17:45:38 - [MESSAGE][INFO] - Starting to call Test Case 'Test Cases/Filtreler/FiltreVarMi_Raporlar'

2021-11-12 17:45:38 - [TEST_CASE][PASSED] - Test Cases/Filtreler/FiltreVarMi_Raporlar: Test Cases/Filtreler/FiltreVarMi_Raporlar

2021-11-12 17:45:39 - [TEST_STEP][PASSED] - Method.TextDegerineEsitElementVarMi(findTestObject("Filtreler/Basliklar_Raporlar"), Filtre_alan): Method.TextDegerineEsitElementVarMi is PASSED

2021-11-12 17:45:39 - [MESSAGE][INFO] - Finding Test Object 'Object Repository/Filtreler/Basliklar_Raporlar'

2021-11-12 17:45:39 - [MESSAGE][INFO] - Checking timeout

2021-11-12 17:45:39 - [MESSAGE][INFO] - Finding web element with id: 'Object Repository/Filtreler/Basliklar_Raporlar' located by 'By.cssSelector: .control-label.col-sm-4.col-sm-4' in '10' second(s)

2021-11-12 17:45:39 - [MESSAGE][INFO] - Smart Wait Function is triggered

2021-11-12 17:45:39 - [MESSAGE][INFO] - Found 7 web elements with id: 'Object Repository/Filtreler/Basliklar_Raporlar' located by 'By.cssSelector: .control-label.col-sm-4.col-sm-4' in '10' second(s)

2021-11-12 17:45:39 - [MESSAGE][PASSED] - Method.TextDegerineEsitElementVarMi is PASSED

2021-11-12 17:45:39 - [MESSAGE][PASSED] - Call Test Case 'Test Cases/Filtreler/FiltreVarMi_Raporlar' successfully

2021-11-12 17:45:39 - [MESSAGE][INFO] - Checking called Test Case

2021-11-12 17:45:39 - [MESSAGE][INFO] - Starting to call Test Case 'Test Cases/Filtreler/FiltreVarMi_Raporlar'

2021-11-12 17:45:40 - [TEST_CASE][PASSED] - Test Cases/Filtreler/FiltreVarMi_Raporlar: Test Cases/Filtreler/FiltreVarMi_Raporlar

2021-11-12 17:45:40 - [TEST_STEP][PASSED] - Method.TextDegerineEsitElementVarMi(findTestObject("Filtreler/Basliklar_Raporlar"), Filtre_alan): Method.TextDegerineEsitElementVarMi is PASSED

2021-11-12 17:45:40 - [MESSAGE][INFO] - Finding Test Object 'Object Repository/Filtreler/Basliklar_Raporlar'

2021-11-12 17:45:40 - [MESSAGE][INFO] - Checking timeout

2021-11-12 17:45:40 - [MESSAGE][INFO] - Finding web element with id: 'Object Repository/Filtreler/Basliklar_Raporlar' located by 'By.cssSelector: .control-label.col-sm-4.col-sm-4' in '10' second(s)

2021-11-12 17:45:40 - [MESSAGE][INFO] - Smart Wait Function is triggered

2021-11-12 17:45:40 - [MESSAGE][INFO] - Found 7 web elements with id: 'Object Repository/Filtreler/Basliklar_Raporlar' located by 'By.cssSelector: .control-label.col-sm-4.col-sm-4' in '10' second(s)

2021-11-12 17:45:40 - [MESSAGE][PASSED] - Method.TextDegerineEsitElementVarMi is PASSED

2021-11-12 17:45:40 - [MESSAGE][PASSED] - Call Test Case 'Test Cases/Filtreler/FiltreVarMi_Raporlar' successfully

2021-11-12 17:45:40 - [MESSAGE][INFO] - Checking called Test Case

2021-11-12 17:45:40 - [MESSAGE][INFO] - Starting to call Test Case 'Test Cases/Filtreler/FiltreVarMi_Raporlar'

2021-11-12 17:45:40 - [TEST_CASE][PASSED] - Test Cases/Filtreler/FiltreVarMi_Raporlar: Test Cases/Filtreler/FiltreVarMi_Raporlar

2021-11-12 17:45:40 - [TEST_STEP][PASSED] - Method.TextDegerineEsitElementVarMi(findTestObject("Filtreler/Basliklar_Raporlar"), Filtre_alan): Method.TextDegerineEsitElementVarMi is PASSED

2021-11-12 17:45:40 - [MESSAGE][INFO] - Finding Test Object 'Object Repository/Filtreler/Basliklar_Raporlar'

2021-11-12 17:45:40 - [MESSAGE][INFO] - Checking timeout

2021-11-12 17:45:40 - [MESSAGE][INFO] - Finding web element with id: 'Object Repository/Filtreler/Basliklar_Raporlar' located by 'By.cssSelector: .control-label.col-sm-4.col-sm-4' in '10' second(s)

2021-11-12 17:45:40 - [MESSAGE][INFO] - Smart Wait Function is triggered

2021-11-12 17:45:40 - [MESSAGE][INFO] - Found 7 web elements with id: 'Object Repository/Filtreler/Basliklar_Raporlar' located by 'By.cssSelector: .control-label.col-sm-4.col-sm-4' in '10' second(s)

2021-11-12 17:45:41 - [MESSAGE][PASSED] - Method.TextDegerineEsitElementVarMi is PASSED

2021-11-12 17:45:41 - [MESSAGE][PASSED] - Call Test Case 'Test Cases/Filtreler/FiltreVarMi_Raporlar' successfully

2021-11-12 17:45:41 - [MESSAGE][INFO] - Checking called Test Case

2021-11-12 17:45:41 - [MESSAGE][INFO] - Starting to call Test Case 'Test Cases/Filtreler/FiltreVarMi_Raporlar'

2021-11-12 17:45:41 - [TEST_CASE][PASSED] - Test Cases/Filtreler/FiltreVarMi_Raporlar: Test Cases/Filtreler/FiltreVarMi_Raporlar

2021-11-12 17:45:41 - [TEST_STEP][PASSED] - Method.TextDegerineEsitElementVarMi(findTestObject("Filtreler/Basliklar_Raporlar"), Filtre_alan): Method.TextDegerineEsitElementVarMi is PASSED

2021-11-12 17:45:41 - [MESSAGE][INFO] - Finding Test Object 'Object Repository/Filtreler/Basliklar_Raporlar'

2021-11-12 17:45:41 - [MESSAGE][INFO] - Checking timeout

2021-11-12 17:45:41 - [MESSAGE][INFO] - Finding web element with id: 'Object Repository/Filtreler/Basliklar_Raporlar' located by 'By.cssSelector: .control-label.col-sm-4.col-sm-4' in '10' second(s)

2021-11-12 17:45:41 - [MESSAGE][INFO] - Smart Wait Function is triggered

2021-11-12 17:45:41 - [MESSAGE][INFO] - Found 7 web elements with id: 'Object Repository/Filtreler/Basliklar_Raporlar' located by 'By.cssSelector: .control-label.col-sm-4.col-sm-4' in '10' second(s)

2021-11-12 17:45:41 - [MESSAGE][PASSED] - Method.TextDegerineEsitElementVarMi is PASSED

2021-11-12 17:45:41 - [MESSAGE][PASSED] - Call Test Case 'Test Cases/Filtreler/FiltreVarMi_Raporlar' successfully

2021-11-12 17:45:41 - [MESSAGE][INFO] - Checking called Test Case

2021-11-12 17:45:41 - [MESSAGE][INFO] - Starting to call Test Case 'Test Cases/Filtreler/FiltreVarMi_Raporlar'

2021-11-12 17:45:41 - [TEST_CASE][PASSED] - Test Cases/Filtreler/FiltreVarMi_Raporlar: Test Cases/Filtreler/FiltreVarMi_Raporlar

2021-11-12 17:45:41 - [TEST_STEP][PASSED] - Method.TextDegerineEsitElementVarMi(findTestObject("Filtreler/Basliklar_Raporlar"), Filtre_alan): Method.TextDegerineEsitElementVarMi is PASSED

2021-11-12 17:45:41 - [MESSAGE][INFO] - Finding Test Object 'Object Repository/Filtreler/Basliklar_Raporlar'

2021-11-12 17:45:41 - [MESSAGE][INFO] - Checking timeout

2021-11-12 17:45:41 - [MESSAGE][INFO] - Finding web element with id: 'Object Repository/Filtreler/Basliklar_Raporlar' located by 'By.cssSelector: .control-label.col-sm-4.col-sm-4' in '10' second(s)

2021-11-12 17:45:41 - [MESSAGE][INFO] - Smart Wait Function is triggered

2021-11-12 17:45:42 - [MESSAGE][INFO] - Found 7 web elements with id: 'Object Repository/Filtreler/Basliklar_Raporlar' located by 'By.cssSelector: .control-label.col-sm-4.col-sm-4' in '10' second(s)

2021-11-12 17:45:42 - [MESSAGE][PASSED] - Method.TextDegerineEsitElementVarMi is PASSED

2021-11-12 17:45:42 - [MESSAGE][PASSED] - Call Test Case 'Test Cases/Filtreler/FiltreVarMi_Raporlar' successfully

2021-11-12 17:45:42 - [MESSAGE][INFO] - Checking called Test Case

2021-11-12 17:45:42 - [MESSAGE][INFO] - Starting to call Test Case 'Test Cases/Filtreler/FiltreVarMi_Raporlar'

2021-11-12 17:45:42 - [TEST_CASE][PASSED] - Test Cases/Filtreler/FiltreVarMi_Raporlar: Test Cases/Filtreler/FiltreVarMi_Raporlar

2021-11-12 17:45:42 - [TEST_STEP][PASSED] - Method.TextDegerineEsitElementVarMi(findTestObject("Filtreler/Basliklar_Raporlar"), Filtre_alan): Method.TextDegerineEsitElementVarMi is PASSED

2021-11-12 17:45:42 - [MESSAGE][INFO] - Finding Test Object 'Object Repository/Filtreler/Basliklar_Raporlar'

2021-11-12 17:45:42 - [MESSAGE][INFO] - Checking timeout

2021-11-12 17:45:42 - [MESSAGE][INFO] - Finding web element with id: 'Object Repository/Filtreler/Basliklar_Raporlar' located by 'By.cssSelector: .control-label.col-sm-4.col-sm-4' in '10' second(s)

2021-11-12 17:45:42 - [MESSAGE][INFO] - Smart Wait Function is triggered

2021-11-12 17:45:42 - [MESSAGE][INFO] - Found 7 web elements with id: 'Object Repository/Filtreler/Basliklar_Raporlar' located by 'By.cssSelector: .control-label.col-sm-4.col-sm-4' in '10' second(s)

2021-11-12 17:45:42 - [MESSAGE][PASSED] - Method.TextDegerineEsitElementVarMi is PASSED

2021-11-12 17:45:42 - [MESSAGE][PASSED] - Call Test Case 'Test Cases/Filtreler/FiltreVarMi_Raporlar' successfully

2021-11-12 17:45:42 - [MESSAGE][INFO] - Checking called Test Case

2021-11-12 17:45:42 - [MESSAGE][INFO] - Starting to call Test Case 'Test Cases/Filtreler/FiltreVarMi_Raporlar'

2021-11-12 17:45:42 - [TEST_CASE][PASSED] - Test Cases/Filtreler/FiltreVarMi_Raporlar: Test Cases/Filtreler/FiltreVarMi_Raporlar

2021-11-12 17:45:42 - [TEST_STEP][PASSED] - Method.TextDegerineEsitElementVarMi(findTestObject("Filtreler/Basliklar_Raporlar"), Filtre_alan): Method.TextDegerineEsitElementVarMi is PASSED

2021-11-12 17:45:42 - [MESSAGE][INFO] - Finding Test Object 'Object Repository/Filtreler/Basliklar_Raporlar'

2021-11-12 17:45:42 - [MESSAGE][INFO] - Checking timeout

2021-11-12 17:45:42 - [MESSAGE][INFO] - Finding web element with id: 'Object Repository/Filtreler/Basliklar_Raporlar' located by 'By.cssSelector: .control-label.col-sm-4.col-sm-4' in '10' second(s)

2021-11-12 17:45:42 - [MESSAGE][INFO] - Smart Wait Function is triggered

2021-11-12 17:45:42 - [MESSAGE][INFO] - Found 7 web elements with id: 'Object Repository/Filtreler/Basliklar_Raporlar' located by 'By.cssSelector: .control-label.col-sm-4.col-sm-4' in '10' second(s)

2021-11-12 17:45:43 - [MESSAGE][PASSED] - Method.TextDegerineEsitElementVarMi is PASSED

2021-11-12 17:45:43 - [MESSAGE][PASSED] - Call Test Case 'Test Cases/Filtreler/FiltreVarMi_Raporlar' successfully

2021-11-12 17:45:43 - [MESSAGE][INFO] - Checking called Test Case

2021-11-12 17:45:43 - [MESSAGE][INFO] - Starting to call Test Case 'Test Cases/Filtreler/ButonVarMi'

2021-11-12 17:45:43 - [TEST_CASE][PASSED] - Test Cases/Filtreler/ButonVarMi: Test Cases/Filtreler/ButonVarMi

2021-11-12 17:45:43 - [TEST_STEP][PASSED] - Method.TextDegerineEsitElementVarMi(findTestObject("Filtreler/Butonlar"), Filtre_Buton): Method.TextDegerineEsitElementVarMi is PASSED

2021-11-12 17:45:43 - [MESSAGE][INFO] - Finding Test Object 'Object Repository/Filtreler/Butonlar'

2021-11-12 17:45:43 - [MESSAGE][INFO] - Checking timeout

2021-11-12 17:45:43 - [MESSAGE][INFO] - Finding web element with id: 'Object Repository/Filtreler/Butonlar' located by 'By.cssSelector: .dxb>span' in '10' second(s)

2021-11-12 17:45:43 - [MESSAGE][INFO] - Smart Wait Function is triggered

2021-11-12 17:45:44 - [MESSAGE][INFO] - Found 2 web elements with id: 'Object Repository/Filtreler/Butonlar' located by 'By.cssSelector: .dxb>span' in '10' second(s)

2021-11-12 17:45:44 - [MESSAGE][PASSED] - Method.TextDegerineEsitElementVarMi is PASSED

2021-11-12 17:45:44 - [MESSAGE][PASSED] - Call Test Case 'Test Cases/Filtreler/ButonVarMi' successfully

2021-11-12 17:45:44 - [MESSAGE][INFO] - Checking called Test Case

2021-11-12 17:45:44 - [MESSAGE][INFO] - Starting to call Test Case 'Test Cases/Filtreler/ButonVarMi'

2021-11-12 17:45:44 - [TEST_CASE][PASSED] - Test Cases/Filtreler/ButonVarMi: Test Cases/Filtreler/ButonVarMi

2021-11-12 17:45:44 - [TEST_STEP][PASSED] - Method.TextDegerineEsitElementVarMi(findTestObject("Filtreler/Butonlar"), Filtre_Buton): Method.TextDegerineEsitElementVarMi is PASSED

2021-11-12 17:45:44 - [MESSAGE][INFO] - Finding Test Object 'Object Repository/Filtreler/Butonlar'

2021-11-12 17:45:44 - [MESSAGE][INFO] - Checking timeout

2021-11-12 17:45:44 - [MESSAGE][INFO] - Finding web element with id: 'Object Repository/Filtreler/Butonlar' located by 'By.cssSelector: .dxb>span' in '10' second(s)

2021-11-12 17:45:44 - [MESSAGE][INFO] - Smart Wait Function is triggered

2021-11-12 17:45:44 - [MESSAGE][INFO] - Found 2 web elements with id: 'Object Repository/Filtreler/Butonlar' located by 'By.cssSelector: .dxb>span' in '10' second(s)

2021-11-12 17:45:44 - [MESSAGE][PASSED] - Method.TextDegerineEsitElementVarMi is PASSED

2021-11-12 17:45:44 - [MESSAGE][PASSED] - Call Test Case 'Test Cases/Filtreler/ButonVarMi' successfully

2021-11-12 17:45:44 - [MESSAGE][INFO] - Checking called Test Case

2021-11-12 17:45:44 - [MESSAGE][INFO] - Starting to call Test Case 'Test Cases/Butonlar/ButonVarMi'

2021-11-12 17:45:44 - [TEST_CASE][PASSED] - Test Cases/Butonlar/ButonVarMi: Test Cases/Butonlar/ButonVarMi

2021-11-12 17:45:45 - [TEST_STEP][PASSED] - Method.TextDegerineEsitElementVarMi(findTestObject("Butonlar/Butonlar"), Buton): Method.TextDegerineEsitElementVarMi is PASSED

2021-11-12 17:45:45 - [MESSAGE][INFO] - Finding Test Object 'Object Repository/Butonlar/Butonlar'

2021-11-12 17:45:45 - [MESSAGE][INFO] - Checking timeout

2021-11-12 17:45:45 - [MESSAGE][INFO] - Finding web element with id: 'Object Repository/Butonlar/Butonlar' located by 'By.cssSelector: .panel.panel-default.text-center.footerPanel .btn,.btn.btn-primary.btnControls' in '10' second(s)

2021-11-12 17:45:45 - [MESSAGE][INFO] - Smart Wait Function is triggered

2021-11-12 17:45:45 - [MESSAGE][INFO] - Found 1 web elements with id: 'Object Repository/Butonlar/Butonlar' located by 'By.cssSelector: .panel.panel-default.text-center.footerPanel .btn,.btn.btn-primary.btnControls' in '10' second(s)

2021-11-12 17:45:45 - [MESSAGE][PASSED] - Method.TextDegerineEsitElementVarMi is PASSED

2021-11-12 17:45:45 - [MESSAGE][PASSED] - Call Test Case 'Test Cases/Butonlar/ButonVarMi' successfully

2021-11-12 17:45:45 - [MESSAGE][INFO] - Checking called Test Case

2021-11-12 17:45:45 - [MESSAGE][INFO] - Starting to call Test Case 'Test Cases/Butonlar/ButonaTikla'

2021-11-12 17:45:45 - [TEST_CASE][PASSED] - Test Cases/Butonlar/ButonaTikla: Test Cases/Butonlar/ButonaTikla

2021-11-12 17:45:45 - [TEST_STEP][PASSED] - Method.TextDegerineEsitElementeTiklaEquals(findTestObject("Butonlar/Butonlar"), Buton_Adi): Method.TextDegerineEsitElementeTiklaEquals is PASSED

2021-11-12 17:45:45 - [MESSAGE][INFO] - Finding Test Object 'Object Repository/Butonlar/Butonlar'

2021-11-12 17:45:46 - [MESSAGE][INFO] - Checking timeout

2021-11-12 17:45:46 - [MESSAGE][INFO] - Finding web element with id: 'Object Repository/Butonlar/Butonlar' located by 'By.cssSelector: .panel.panel-default.text-center.footerPanel .btn,.btn.btn-primary.btnControls' in '10' second(s)

2021-11-12 17:45:46 - [MESSAGE][INFO] - Smart Wait Function is triggered

2021-11-12 17:45:46 - [MESSAGE][INFO] - Found 1 web elements with id: 'Object Repository/Butonlar/Butonlar' located by 'By.cssSelector: .panel.panel-default.text-center.footerPanel .btn,.btn.btn-primary.btnControls' in '10' second(s)

2021-11-12 17:45:46 - [MESSAGE][PASSED] - Method.TextDegerineEsitElementeTiklaEquals is PASSED

2021-11-12 17:45:46 - [MESSAGE][PASSED] - Call Test Case 'Test Cases/Butonlar/ButonaTikla' successfully

2021-11-12 17:45:46 - [MESSAGE][INFO] - Checking called Test Case

2021-11-12 17:45:46 - [MESSAGE][INFO] - Starting to call Test Case 'Test Cases/Butonlar/AltButonVarMi'

2021-11-12 17:45:46 - [TEST_CASE][PASSED] - Test Cases/Butonlar/AltButonVarMi: Test Cases/Butonlar/AltButonVarMi

2021-11-12 17:45:46 - [TEST_STEP][PASSED] - Method.TextDegerineEsitElementVarMi(findTestObject("Butonlar/AltButonlar"), AltButon): Method.TextDegerineEsitElementVarMi is PASSED

2021-11-12 17:45:46 - [MESSAGE][INFO] - Finding Test Object 'Object Repository/Butonlar/AltButonlar'

2021-11-12 17:45:47 - [MESSAGE][INFO] - Checking timeout

2021-11-12 17:45:47 - [MESSAGE][INFO] - Finding web element with id: 'Object Repository/Butonlar/AltButonlar' located by 'By.cssSelector: .btn-group.open li>a' in '10' second(s)

2021-11-12 17:45:47 - [MESSAGE][INFO] - Smart Wait Function is triggered

2021-11-12 17:45:47 - [MESSAGE][INFO] - Found 1 web elements with id: 'Object Repository/Butonlar/AltButonlar' located by 'By.cssSelector: .btn-group.open li>a' in '10' second(s)

2021-11-12 17:45:47 - [MESSAGE][PASSED] - Method.TextDegerineEsitElementVarMi is PASSED

2021-11-12 17:45:47 - [MESSAGE][PASSED] - Call Test Case 'Test Cases/Butonlar/AltButonVarMi' successfully

2021-11-12 17:45:47 - [MESSAGE][INFO] - Checking called Test Case

2021-11-12 17:45:47 - [MESSAGE][INFO] - Starting to call Test Case 'Test Cases/Filtreler/RaporTexboxaYaz'

2021-11-12 17:45:47 - [TEST_CASE][PASSED] - Test Cases/Filtreler/RaporTexboxaYaz: Test Cases/Filtreler/RaporTexboxaYaz

2021-11-12 17:45:47 - [TEST_STEP][PASSED] - Method.TextDegerineEsitElementinAltindakiTextboxtaYaz(findTestObject("Filtreler/Basliklar_Raporlar"), findTestObject("Filtreler/Basliga_Gore_Textbox"), Filtre_Adi, Filtre_Degeri): Method.TextDegerineEsitElementinAltindakiTextboxtaYaz is PASSED

2021-11-12 17:45:47 - [MESSAGE][INFO] - Finding Test Object 'Object Repository/Filtreler/Basliklar_Raporlar'

2021-11-12 17:45:48 - [MESSAGE][INFO] - Finding Test Object 'Object Repository/Filtreler/Basliga_Gore_Textbox'

2021-11-12 17:45:48 - [MESSAGE][INFO] - Checking timeout

2021-11-12 17:45:48 - [MESSAGE][INFO] - Finding web element with id: 'Object Repository/Filtreler/Basliklar_Raporlar' located by 'By.cssSelector: .control-label.col-sm-4.col-sm-4' in '10' second(s)

2021-11-12 17:45:48 - [MESSAGE][INFO] - Smart Wait Function is triggered

2021-11-12 17:45:48 - [MESSAGE][INFO] - Found 7 web elements with id: 'Object Repository/Filtreler/Basliklar_Raporlar' located by 'By.cssSelector: .control-label.col-sm-4.col-sm-4' in '10' second(s)

2021-11-12 17:45:48 - [MESSAGE][INFO] - Smart Wait Function is triggered

2021-11-12 17:45:48 - [MESSAGE][PASSED] - Method.TextDegerineEsitElementinAltindakiTextboxtaYaz is PASSED

2021-11-12 17:45:48 - [MESSAGE][PASSED] - Call Test Case 'Test Cases/Filtreler/RaporTexboxaYaz' successfully

2021-11-12 17:45:48 - [MESSAGE][INFO] - Checking called Test Case

2021-11-12 17:45:48 - [MESSAGE][INFO] - Starting to call Test Case 'Test Cases/Filtreler/ButonaTikla'

2021-11-12 17:45:49 - [TEST_CASE][PASSED] - Test Cases/Filtreler/ButonaTikla: Test Cases/Filtreler/ButonaTikla

2021-11-12 17:45:49 - [TEST_STEP][PASSED] - Method.TextDegerineEsitElementeTikla(findTestObject("Filtreler/Butonlar"), Filtre_Buton): Method.TextDegerineEsitElementeTikla is PASSED

2021-11-12 17:45:49 - [MESSAGE][INFO] - Finding Test Object 'Object Repository/Filtreler/Butonlar'

2021-11-12 17:45:49 - [MESSAGE][INFO] - Checking timeout

2021-11-12 17:45:49 - [MESSAGE][INFO] - Finding web element with id: 'Object Repository/Filtreler/Butonlar' located by 'By.cssSelector: .dxb>span' in '10' second(s)

2021-11-12 17:45:49 - [MESSAGE][INFO] - Smart Wait Function is triggered

2021-11-12 17:45:50 - [MESSAGE][INFO] - Found 2 web elements with id: 'Object Repository/Filtreler/Butonlar' located by 'By.cssSelector: .dxb>span' in '10' second(s)

2021-11-12 17:45:50 - [MESSAGE][PASSED] - Method.TextDegerineEsitElementeTikla is PASSED

2021-11-12 17:45:50 - [MESSAGE][PASSED] - Call Test Case 'Test Cases/Filtreler/ButonaTikla' successfully

2021-11-12 17:45:50 - [MESSAGE][INFO] - Checking called Test Case

2021-11-12 17:45:50 - [MESSAGE][INFO] - Starting to call Test Case 'Test Cases/Tablo/TablodaVeriVarMi'

2021-11-12 17:45:50 - [TEST_CASE][PASSED] - Test Cases/Tablo/TablodaVeriVarMi: Test Cases/Tablo/TablodaVeriVarMi

2021-11-12 17:45:50 - [TEST_STEP][PASSED] - verifyTextNotPresent("Görüntülenecek veri yok", true): Text 'Görüntülenecek veri yok' is not present on page using regular expression

2021-11-12 17:45:50 - [MESSAGE][INFO] - Checking text present  using regular expression

2021-11-12 17:45:50 - [MESSAGE][INFO] - Smart Wait Function is triggered

2021-11-12 17:45:51 - [MESSAGE][INFO] - Finding text 'Görüntülenecek veri yok' on page  using regular expression

2021-11-12 17:45:51 - [MESSAGE][PASSED] - Text 'Görüntülenecek veri yok' is not present on page using regular expression

2021-11-12 17:45:51 - [MESSAGE][PASSED] - Call Test Case 'Test Cases/Tablo/TablodaVeriVarMi' successfully

2021-11-12 17:45:51 - [MESSAGE][INFO] - Checking called Test Case

2021-11-12 17:45:51 - [MESSAGE][INFO] - Starting to call Test Case 'Test Cases/Butonlar/NumaraliSayfayaGec'

2021-11-12 17:45:51 - [TEST_CASE][PASSED] - Test Cases/Butonlar/NumaraliSayfayaGec: Test Cases/Butonlar/NumaraliSayfayaGec

2021-11-12 17:45:52 - [TEST_STEP][PASSED] - waitForElementClickable(findTestObject("Butonlar/SayfaNumarasi"), 10): Object 'Object Repository/Butonlar/SayfaNumarasi' is clickable

2021-11-12 17:45:52 - [MESSAGE][INFO] - Finding Test Object 'Object Repository/Butonlar/SayfaNumarasi'

2021-11-12 17:45:52 - [MESSAGE][INFO] - Checking object

2021-11-12 17:45:52 - [MESSAGE][INFO] - Checking timeout

2021-11-12 17:45:52 - [MESSAGE][INFO] - Finding web element from Test Object's properties

2021-11-12 17:45:52 - [MESSAGE][INFO] - Checking timeout

2021-11-12 17:45:52 - [MESSAGE][INFO] - Finding web element with id: 'Object Repository/Butonlar/SayfaNumarasi' located by 'By.cssSelector: .dxp-num' in '10' second(s)

2021-11-12 17:45:52 - [MESSAGE][INFO] - Smart Wait Function is triggered

2021-11-12 17:45:52 - [MESSAGE][INFO] - Found 2 web elements with id: 'Object Repository/Butonlar/SayfaNumarasi' located by 'By.cssSelector: .dxp-num' in '10' second(s)

2021-11-12 17:45:52 - [MESSAGE][PASSED] - Object 'Object Repository/Butonlar/SayfaNumarasi' is clickable

2021-11-12 17:45:52 - [TEST_STEP][PASSED] - Method.TextDegerineEsitElementeTiklaEquals(findTestObject("Butonlar/SayfaNumarasi"), SayfaNumarasi): Method.TextDegerineEsitElementeTiklaEquals is PASSED

2021-11-12 17:45:52 - [MESSAGE][INFO] - Finding Test Object 'Object Repository/Butonlar/SayfaNumarasi'

2021-11-12 17:45:52 - [MESSAGE][INFO] - Checking timeout

2021-11-12 17:45:52 - [MESSAGE][INFO] - Finding web element with id: 'Object Repository/Butonlar/SayfaNumarasi' located by 'By.cssSelector: .dxp-num' in '10' second(s)

2021-11-12 17:45:52 - [MESSAGE][INFO] - Smart Wait Function is triggered

2021-11-12 17:45:53 - [MESSAGE][INFO] - Found 2 web elements with id: 'Object Repository/Butonlar/SayfaNumarasi' located by 'By.cssSelector: .dxp-num' in '10' second(s)

2021-11-12 17:45:53 - [MESSAGE][PASSED] - Method.TextDegerineEsitElementeTiklaEquals is PASSED

2021-11-12 17:45:53 - [MESSAGE][PASSED] - Call Test Case 'Test Cases/Butonlar/NumaraliSayfayaGec' successfully

2021-11-12 17:45:53 - [MESSAGE][INFO] - Checking called Test Case

2021-11-12 17:45:53 - [MESSAGE][INFO] - Starting to call Test Case 'Test Cases/Kullanici_Islemleri/KullaniciIslemlerindenSecimYapilir'

2021-11-12 17:45:53 - [TEST_CASE][PASSED] - Test Cases/Kullanici_Islemleri/KullaniciIslemlerindenSecimYapilir: Test Cases/Kullanici_Islemleri/KullaniciIslemlerindenSecimYapilir

2021-11-12 17:45:54 - [TEST_STEP][PASSED] - waitForElementClickable(findTestObject("Object Repository/Kullanici_Islemleri/KullaniciIslemleri"), 10): Object 'Object Repository/Kullanici_Islemleri/KullaniciIslemleri' is clickable

2021-11-12 17:45:54 - [MESSAGE][INFO] - Finding Test Object 'Object Repository/Kullanici_Islemleri/KullaniciIslemleri'

2021-11-12 17:45:54 - [MESSAGE][INFO] - Checking object

2021-11-12 17:45:54 - [MESSAGE][INFO] - Checking timeout

2021-11-12 17:45:54 - [MESSAGE][INFO] - Finding web element from Test Object's properties

2021-11-12 17:45:54 - [MESSAGE][INFO] - Checking timeout

2021-11-12 17:45:54 - [MESSAGE][INFO] - Finding web element with id: 'Object Repository/Kullanici_Islemleri/KullaniciIslemleri' located by 'By.cssSelector: .dropdown>a>img' in '10' second(s)

2021-11-12 17:45:54 - [MESSAGE][INFO] - Smart Wait Function is triggered

2021-11-12 17:45:54 - [MESSAGE][INFO] - Found 1 web elements with id: 'Object Repository/Kullanici_Islemleri/KullaniciIslemleri' located by 'By.cssSelector: .dropdown>a>img' in '10' second(s)

2021-11-12 17:45:54 - [MESSAGE][PASSED] - Object 'Object Repository/Kullanici_Islemleri/KullaniciIslemleri' is clickable

2021-11-12 17:45:54 - [TEST_STEP][PASSED] - click(findTestObject("Object Repository/Kullanici_Islemleri/KullaniciIslemleri")): Object: 'Object Repository/Kullanici_Islemleri/KullaniciIslemleri' is clicked on

2021-11-12 17:45:54 - [MESSAGE][INFO] - Finding Test Object 'Object Repository/Kullanici_Islemleri/KullaniciIslemleri'

2021-11-12 17:45:54 - [MESSAGE][INFO] - Checking object

2021-11-12 17:45:54 - [MESSAGE][INFO] - Finding web element from Test Object's properties

2021-11-12 17:45:54 - [MESSAGE][INFO] - Checking timeout

2021-11-12 17:45:54 - [MESSAGE][INFO] - Finding web element with id: 'Object Repository/Kullanici_Islemleri/KullaniciIslemleri' located by 'By.cssSelector: .dropdown>a>img' in '30' second(s)

2021-11-12 17:45:54 - [MESSAGE][INFO] - Smart Wait Function is triggered

2021-11-12 17:45:55 - [MESSAGE][INFO] - Found 1 web elements with id: 'Object Repository/Kullanici_Islemleri/KullaniciIslemleri' located by 'By.cssSelector: .dropdown>a>img' in '30' second(s)

2021-11-12 17:45:55 - [MESSAGE][INFO] - Clicking on object: 'Object Repository/Kullanici_Islemleri/KullaniciIslemleri'

2021-11-12 17:45:55 - [MESSAGE][PASSED] - Object: 'Object Repository/Kullanici_Islemleri/KullaniciIslemleri' is clicked on

2021-11-12 17:45:55 - [TEST_STEP][PASSED] - Method.TextDegerineEsitElementeTikla(findTestObject("Object Repository/Kullanici_Islemleri/Secenekler"), Islem): Method.TextDegerineEsitElementeTikla is PASSED

2021-11-12 17:45:55 - [MESSAGE][INFO] - Finding Test Object 'Object Repository/Kullanici_Islemleri/Secenekler'

2021-11-12 17:45:55 - [MESSAGE][INFO] - Checking timeout

2021-11-12 17:45:55 - [MESSAGE][INFO] - Finding web element with id: 'Object Repository/Kullanici_Islemleri/Secenekler' located by 'By.cssSelector: .nav.navbar-nav.navbar-right li a' in '10' second(s)

2021-11-12 17:45:55 - [MESSAGE][INFO] - Smart Wait Function is triggered

2021-11-12 17:45:55 - [MESSAGE][INFO] - Found 22 web elements with id: 'Object Repository/Kullanici_Islemleri/Secenekler' located by 'By.cssSelector: .nav.navbar-nav.navbar-right li a' in '10' second(s)

2021-11-12 17:45:57 - [MESSAGE][PASSED] - Method.TextDegerineEsitElementeTikla is PASSED

2021-11-12 17:45:57 - [TEST_STEP][PASSED] - verifyElementNotPresent(findTestObject("Object Repository/Kullanici_Islemleri/Secenekler"), 10): Web element with id: 'Object Repository/Kullanici_Islemleri/Secenekler' located by 'By.cssSelector: .nav.navbar-nav.navbar-right li a' is not present after '10' second(s)

2021-11-12 17:45:57 - [MESSAGE][INFO] - Finding Test Object 'Object Repository/Kullanici_Islemleri/Secenekler'

2021-11-12 17:45:57 - [MESSAGE][INFO] - Checking object

2021-11-12 17:45:57 - [MESSAGE][INFO] - Checking timeout

2021-11-12 17:45:57 - [MESSAGE][INFO] - Finding web element with id: 'Object Repository/Kullanici_Islemleri/Secenekler' located by 'By.cssSelector: .nav.navbar-nav.navbar-right li a' in '10' second(s)

2021-11-12 17:45:57 - [MESSAGE][INFO] - Smart Wait Function is triggered

2021-11-12 17:45:57 - [MESSAGE][PASSED] - Web element with id: 'Object Repository/Kullanici_Islemleri/Secenekler' located by 'By.cssSelector: .nav.navbar-nav.navbar-right li a' is not present after '10' second(s)

2021-11-12 17:45:57 - [MESSAGE][PASSED] - Call Test Case 'Test Cases/Kullanici_Islemleri/KullaniciIslemlerindenSecimYapilir' successfully

2021-11-12 17:45:57 - [TEST_CASE][PASSED] - Start Test Case : SCENARIO Raporlar GIB Kullanici Listesi Buton Kontrolu: SCENARIO Raporlar GIB Kullanici Listesi Buton Kontrolu

2021-11-12 17:45:57 - [TEST_STEP][PASSED] - Kullanıcı adı ELOGO6 ve Şifre 123456 olarak giriş yapılır: Kullanıcı adı ELOGO6 ve Şifre 123456 olarak giriş yapılır

2021-11-12 17:45:57 - [MESSAGE][PASSED] - Kullanıcı adı ELOGO6 ve Şifre 123456 olarak giriş yapılır

2021-11-12 17:45:57 - [TEST_STEP][PASSED] - Ana menüden Raporlar seçilir: Ana menüden Raporlar seçilir

2021-11-12 17:45:57 - [MESSAGE][PASSED] - Ana menüden Raporlar seçilir

2021-11-12 17:45:57 - [TEST_STEP][PASSED] - Alt menüden GİB Kullanıcı Listesi seçilir: Alt menüden GİB Kullanıcı Listesi seçilir

2021-11-12 17:45:57 - [MESSAGE][PASSED] - Alt menüden GİB Kullanıcı Listesi seçilir

2021-11-12 17:45:57 - [TEST_STEP][PASSED] - Raporlar Filtre alanlarında Firma Adı var mı: Raporlar Filtre alanlarında Firma Adı var mı

2021-11-12 17:45:57 - [MESSAGE][PASSED] - Raporlar Filtre alanlarında Firma Adı var mı

2021-11-12 17:45:57 - [TEST_STEP][PASSED] - Raporlar Filtre alanlarında Firma Tipi var mı: Raporlar Filtre alanlarında Firma Tipi var mı

2021-11-12 17:45:57 - [MESSAGE][PASSED] - Raporlar Filtre alanlarında Firma Tipi var mı

2021-11-12 17:45:57 - [TEST_STEP][PASSED] - Raporlar Filtre alanlarında Kullanıcı Tipi var mı: Raporlar Filtre alanlarında Kullanıcı Tipi var mı

2021-11-12 17:45:57 - [MESSAGE][PASSED] - Raporlar Filtre alanlarında Kullanıcı Tipi var mı

2021-11-12 17:45:57 - [TEST_STEP][PASSED] - Raporlar Filtre alanlarında Kayıt Tarihi var mı: Raporlar Filtre alanlarında Kayıt Tarihi var mı

2021-11-12 17:45:57 - [MESSAGE][PASSED] - Raporlar Filtre alanlarında Kayıt Tarihi var mı

2021-11-12 17:45:57 - [TEST_STEP][PASSED] - Raporlar Filtre alanlarında Etiket Kayıt Tarihi var mı: Raporlar Filtre alanlarında Etiket Kayıt Tarihi var mı

2021-11-12 17:45:57 - [MESSAGE][PASSED] - Raporlar Filtre alanlarında Etiket Kayıt Tarihi var mı

2021-11-12 17:45:57 - [TEST_STEP][PASSED] - Raporlar Filtre alanlarında Etiket var mı: Raporlar Filtre alanlarında Etiket var mı

2021-11-12 17:45:57 - [MESSAGE][PASSED] - Raporlar Filtre alanlarında Etiket var mı

2021-11-12 17:45:57 - [TEST_STEP][PASSED] - Raporlar Filtre alanlarında Vergi No var mı: Raporlar Filtre alanlarında Vergi No var mı

2021-11-12 17:45:57 - [MESSAGE][PASSED] - Raporlar Filtre alanlarında Vergi No var mı

2021-11-12 17:45:57 - [TEST_STEP][PASSED] - Filtre butonlarında Listele var mı: Filtre butonlarında Listele var mı

2021-11-12 17:45:57 - [MESSAGE][PASSED] - Filtre butonlarında Listele var mı

2021-11-12 17:45:57 - [TEST_STEP][PASSED] - Filtre butonlarında Temizle var mı: Filtre butonlarında Temizle var mı

2021-11-12 17:45:57 - [MESSAGE][PASSED] - Filtre butonlarında Temizle var mı

2021-11-12 17:45:57 - [TEST_STEP][PASSED] - Butonlardan Excel var mı: Butonlardan Excel var mı

2021-11-12 17:45:57 - [MESSAGE][PASSED] - Butonlardan Excel var mı

2021-11-12 17:45:57 - [TEST_STEP][PASSED] - Butonlardan Excel isimli butona tıklanır: Butonlardan Excel isimli butona tıklanır

2021-11-12 17:45:57 - [MESSAGE][PASSED] - Butonlardan Excel isimli butona tıklanır

2021-11-12 17:45:57 - [TEST_STEP][PASSED] - Alt butonlardan Excel'e Aktar var mı: Alt butonlardan Excel'e Aktar var mı

2021-11-12 17:45:57 - [MESSAGE][PASSED] - Alt butonlardan Excel'e Aktar var mı

2021-11-12 17:45:57 - [TEST_STEP][PASSED] - Rapor Filtreleriden Vergi No filtresine 1234567806 textini yaz: Rapor Filtreleriden Vergi No filtresine 1234567806 textini yaz

2021-11-12 17:45:57 - [MESSAGE][PASSED] - Rapor Filtreleriden Vergi No filtresine 1234567806 textini yaz

2021-11-12 17:45:57 - [TEST_STEP][PASSED] - Filtre butonlarından Listele seçilir: Filtre butonlarından Listele seçilir

2021-11-12 17:45:57 - [MESSAGE][PASSED] - Filtre butonlarından Listele seçilir

2021-11-12 17:45:57 - [TEST_STEP][PASSED] - Tabloda veri var mı kontrol edilir: Tabloda veri var mı kontrol edilir

2021-11-12 17:45:57 - [MESSAGE][PASSED] - Tabloda veri var mı kontrol edilir

2021-11-12 17:45:57 - [TEST_STEP][PASSED] - Sayfa butonlarından 2 numaralı sayfa butonuna tıklanır: Sayfa butonlarından 2 numaralı sayfa butonuna tıklanır

2021-11-12 17:45:57 - [MESSAGE][PASSED] - Sayfa butonlarından 2 numaralı sayfa butonuna tıklanır

2021-11-12 17:45:57 - [TEST_STEP][PASSED] - Kullanıcı işlemlerinden Çıkış seçilir: Kullanıcı işlemlerinden Çıkış seçilir

2021-11-12 17:45:57 - [MESSAGE][PASSED] - Kullanıcı işlemlerinden Çıkış seçilir

2021-11-12 17:45:57 - [MESSAGE][PASSED] - Feature file: 'Include/features/Raporlar/GIB Kullanici Listesi/Ekran Kontrolu.feature' was passed

2021-11-12 17:45:57 - [TEST_STEP][PASSED] - Start listener action : sampleAfterTestSuite: Invoke 'com.kms.katalon.core.annotation.AfterTestCase' method: 'Listener.sampleAfterTestSuite(...)' completed.

2021-11-12 17:45:57 - [MESSAGE][INFO] - Starting invoke 'com.kms.katalon.core.annotation.AfterTestCase' method: 'Listener.sampleAfterTestSuite(...)'

2021-11-12 17:45:57 - [TEST_STEP][PASSED] - closeBrowser(): Invoke 'com.kms.katalon.core.annotation.AfterTestCase' method: 'Listener.sampleAfterTestSuite(...)' completed.

2021-11-12 17:45:57 - [MESSAGE][INFO] - Closing browser

2021-11-12 17:45:58 - [MESSAGE][PASSED] - Browser is closed

2021-11-12 17:45:58 - [MESSAGE][INFO] - Invoke 'com.kms.katalon.core.annotation.AfterTestCase' method: 'Listener.sampleAfterTestSuite(...)' completed.]]></system-out>
         <system-err><![CDATA[]]></system-err>
      </testcase>
      <testcase name="Test Cases/Case Repository/Raporlar/GIB Kullanici Listesi/Excel" time="26.484" classname="Test Cases/Case Repository/Raporlar/GIB Kullanici Listesi/Excel" status="PASSED">
         <system-out><![CDATA[2021-11-12 17:45:58 - [TEST_CASE][PASSED] - Test Cases/Case Repository/Raporlar/GIB Kullanici Listesi/Excel: Test Cases/Case Repository/Raporlar/GIB Kullanici Listesi/Excel

2021-11-12 17:45:58 - [TEST_STEP][PASSED] - Start listener action : sampleBeforeTestSuite: Invoke 'com.kms.katalon.core.annotation.BeforeTestCase' method: 'Listener.sampleBeforeTestSuite(...)' completed.

2021-11-12 17:45:58 - [MESSAGE][INFO] - Starting invoke 'com.kms.katalon.core.annotation.BeforeTestCase' method: 'Listener.sampleBeforeTestSuite(...)'

2021-11-12 17:45:58 - [TEST_STEP][PASSED] - openBrowser(baseUrl): Browser is opened with url: 'https://efatura-stage.elogo.com.tr/'

2021-11-12 17:45:58 - [MESSAGE][INFO] - Opening browser

2021-11-12 17:45:58 - [MESSAGE][INFO] - Starting 'Chrome' driver

2021-11-12 17:45:58 - [MESSAGE][INFO] - User set preference: ['prefs', '{download.default_directory=C:\otomasyondownfiles}']

2021-11-12 17:45:58 - [MESSAGE][INFO] - Action delay is set to 0 milliseconds

2021-11-12 17:45:59 - [MESSAGE][INFO] - Navigating browser to: 'https://efatura-stage.elogo.com.tr/'

2021-11-12 17:46:02 - [MESSAGE][PASSED] - Browser is opened with url: 'https://efatura-stage.elogo.com.tr/'

2021-11-12 17:46:02 - [TEST_STEP][PASSED] - maximizeWindow(): Invoke 'com.kms.katalon.core.annotation.BeforeTestCase' method: 'Listener.sampleBeforeTestSuite(...)' completed.

2021-11-12 17:46:02 - [MESSAGE][INFO] - Maximizing current window

2021-11-12 17:46:02 - [MESSAGE][PASSED] - Current window maximized

2021-11-12 17:46:02 - [MESSAGE][INFO] - Invoke 'com.kms.katalon.core.annotation.BeforeTestCase' method: 'Listener.sampleBeforeTestSuite(...)' completed.

2021-11-12 17:46:02 - [TEST_STEP][PASSED] - runFeatureFile("Include/features/Raporlar/GIB Kullanici Listesi/Excel.feature"): Feature file: 'Include/features/Raporlar/GIB Kullanici Listesi/Excel.feature' was passed

2021-11-12 17:46:02 - [MESSAGE][INFO] - Starting run keyword runFeatureFile: 'Include/features/Raporlar/GIB Kullanici Listesi/Excel.feature' and extract report to folder: 'C:\Users\DELL\Documents\GitHub\EES_KatalonLogo\Reports\20211112_170311\Suite Repository\Raporlar\20211112_170425/cucumber_report/1636728362972'...

2021-11-12 17:46:02 - [MESSAGE][INFO] - Glue: []

2021-11-12 17:46:04 - [MESSAGE][INFO] - Checking called Test Case

2021-11-12 17:46:04 - [MESSAGE][INFO] - Starting to call Test Case 'Test Cases/Sayfalar/Giris_Sayfasi/Login'

2021-11-12 17:46:04 - [TEST_CASE][PASSED] - Test Cases/Sayfalar/Giris_Sayfasi/Login: Test Cases/Sayfalar/Giris_Sayfasi/Login

2021-11-12 17:46:04 - [TEST_STEP][PASSED] - Sayfa_Basligi = getWindowTitle(): Current window's title is: 'LOGO e-Fatura'

2021-11-12 17:46:04 - [MESSAGE][INFO] - Getting current window's title

2021-11-12 17:46:04 - [MESSAGE][PASSED] - Current window's title is: 'LOGO e-Fatura'

2021-11-12 17:46:04 - [TEST_STEP][PASSED] - verifyMatch(Sayfa_Basligi, "LOGO e-Fatura", false): Actual text 'LOGO e-Fatura' and expected text 'LOGO e-Fatura' are matched 

2021-11-12 17:46:04 - [MESSAGE][INFO] - Matching actual text 'LOGO e-Fatura' with expected text 'LOGO e-Fatura'

2021-11-12 17:46:04 - [MESSAGE][PASSED] - Actual text 'LOGO e-Fatura' and expected text 'LOGO e-Fatura' are matched 

2021-11-12 17:46:04 - [TEST_STEP][PASSED] - sendKeys(findTestObject("Sayfalar/Giris_Sayfasi/Firma_Kodu"), KullaniciAdi): Keys 'ELOGO6' sent to object: 'Object Repository/Sayfalar/Giris_Sayfasi/Firma_Kodu'

2021-11-12 17:46:04 - [MESSAGE][INFO] - Finding Test Object 'Object Repository/Sayfalar/Giris_Sayfasi/Firma_Kodu'

2021-11-12 17:46:04 - [MESSAGE][INFO] - Sending keys 'ELOGO6' to object: 'Object Repository/Sayfalar/Giris_Sayfasi/Firma_Kodu'

2021-11-12 17:46:04 - [MESSAGE][INFO] - Finding web element from Test Object's properties

2021-11-12 17:46:04 - [MESSAGE][INFO] - Checking timeout

2021-11-12 17:46:04 - [MESSAGE][INFO] - Finding web element with id: 'Object Repository/Sayfalar/Giris_Sayfasi/Firma_Kodu' located by 'By.xpath: //*[@id = 'AccountName']' in '30' second(s)

2021-11-12 17:46:04 - [MESSAGE][INFO] - Smart Wait Function is triggered

2021-11-12 17:46:04 - [MESSAGE][INFO] - Found 1 web elements with id: 'Object Repository/Sayfalar/Giris_Sayfasi/Firma_Kodu' located by 'By.xpath: //*[@id = 'AccountName']' in '30' second(s)

2021-11-12 17:46:05 - [MESSAGE][PASSED] - Keys 'ELOGO6' sent to object: 'Object Repository/Sayfalar/Giris_Sayfasi/Firma_Kodu'

2021-11-12 17:46:05 - [TEST_STEP][PASSED] - sendKeys(findTestObject("Sayfalar/Giris_Sayfasi/Sifre"), Sifre): Keys '123456' sent to object: 'Object Repository/Sayfalar/Giris_Sayfasi/Sifre'

2021-11-12 17:46:05 - [MESSAGE][INFO] - Finding Test Object 'Object Repository/Sayfalar/Giris_Sayfasi/Sifre'

2021-11-12 17:46:05 - [MESSAGE][INFO] - Sending keys '123456' to object: 'Object Repository/Sayfalar/Giris_Sayfasi/Sifre'

2021-11-12 17:46:05 - [MESSAGE][INFO] - Finding web element from Test Object's properties

2021-11-12 17:46:05 - [MESSAGE][INFO] - Checking timeout

2021-11-12 17:46:05 - [MESSAGE][INFO] - Finding web element with id: 'Object Repository/Sayfalar/Giris_Sayfasi/Sifre' located by 'By.xpath: //*[@id = 'Password']' in '30' second(s)

2021-11-12 17:46:05 - [MESSAGE][INFO] - Smart Wait Function is triggered

2021-11-12 17:46:05 - [MESSAGE][INFO] - Found 1 web elements with id: 'Object Repository/Sayfalar/Giris_Sayfasi/Sifre' located by 'By.xpath: //*[@id = 'Password']' in '30' second(s)

2021-11-12 17:46:05 - [MESSAGE][PASSED] - Keys '123456' sent to object: 'Object Repository/Sayfalar/Giris_Sayfasi/Sifre'

2021-11-12 17:46:05 - [TEST_STEP][PASSED] - findWebElement(findTestObject("Sayfalar/Giris_Sayfasi/Giris_Butonu")).click(): Found 1 web elements with id: 'Object Repository/Sayfalar/Giris_Sayfasi/Giris_Butonu' located by 'By.cssSelector: #btnLogin' in '30' second(s)

2021-11-12 17:46:05 - [MESSAGE][INFO] - Finding Test Object 'Object Repository/Sayfalar/Giris_Sayfasi/Giris_Butonu'

2021-11-12 17:46:05 - [MESSAGE][INFO] - Finding web element from Test Object's properties

2021-11-12 17:46:05 - [MESSAGE][INFO] - Checking timeout

2021-11-12 17:46:05 - [MESSAGE][INFO] - Finding web element with id: 'Object Repository/Sayfalar/Giris_Sayfasi/Giris_Butonu' located by 'By.cssSelector: #btnLogin' in '30' second(s)

2021-11-12 17:46:05 - [MESSAGE][INFO] - Smart Wait Function is triggered

2021-11-12 17:46:05 - [MESSAGE][INFO] - Found 1 web elements with id: 'Object Repository/Sayfalar/Giris_Sayfasi/Giris_Butonu' located by 'By.cssSelector: #btnLogin' in '30' second(s)

2021-11-12 17:46:08 - [TEST_STEP][PASSED] - if (verifyElementPresent(findTestObject("Object Repository/Sayfalar/Giris_Sayfasi/RetveTamam_Butonu"), 5, OPTIONAL)): null

2021-11-12 17:46:08 - [MESSAGE][INFO] - Finding Test Object 'Object Repository/Sayfalar/Giris_Sayfasi/RetveTamam_Butonu'

2021-11-12 17:46:08 - [MESSAGE][INFO] - Checking object

2021-11-12 17:46:08 - [MESSAGE][INFO] - Finding web element from Test Object's properties

2021-11-12 17:46:08 - [MESSAGE][INFO] - Checking timeout

2021-11-12 17:46:08 - [MESSAGE][INFO] - Finding web element with id: 'Object Repository/Sayfalar/Giris_Sayfasi/RetveTamam_Butonu' located by 'By.xpath: //*[@class = 'btn btn-default']' in '5' second(s)

2021-11-12 17:46:08 - [MESSAGE][INFO] - Smart Wait Function is triggered

2021-11-12 17:46:08 - [MESSAGE][INFO] - Found 1 web elements with id: 'Object Repository/Sayfalar/Giris_Sayfasi/RetveTamam_Butonu' located by 'By.xpath: //*[@class = 'btn btn-default']' in '5' second(s)

2021-11-12 17:46:08 - [MESSAGE][PASSED] - Object 'Object Repository/Sayfalar/Giris_Sayfasi/RetveTamam_Butonu' is present

2021-11-12 17:46:08 - [TEST_STEP][PASSED] - click(findTestObject("Object Repository/Sayfalar/Giris_Sayfasi/RetveTamam_Butonu")): Object: 'Object Repository/Sayfalar/Giris_Sayfasi/RetveTamam_Butonu' is clicked on

2021-11-12 17:46:08 - [MESSAGE][INFO] - Finding Test Object 'Object Repository/Sayfalar/Giris_Sayfasi/RetveTamam_Butonu'

2021-11-12 17:46:09 - [MESSAGE][INFO] - Checking object

2021-11-12 17:46:09 - [MESSAGE][INFO] - Finding web element from Test Object's properties

2021-11-12 17:46:09 - [MESSAGE][INFO] - Checking timeout

2021-11-12 17:46:09 - [MESSAGE][INFO] - Finding web element with id: 'Object Repository/Sayfalar/Giris_Sayfasi/RetveTamam_Butonu' located by 'By.xpath: //*[@class = 'btn btn-default']' in '30' second(s)

2021-11-12 17:46:09 - [MESSAGE][INFO] - Smart Wait Function is triggered

2021-11-12 17:46:09 - [MESSAGE][INFO] - Found 1 web elements with id: 'Object Repository/Sayfalar/Giris_Sayfasi/RetveTamam_Butonu' located by 'By.xpath: //*[@class = 'btn btn-default']' in '30' second(s)

2021-11-12 17:46:09 - [MESSAGE][INFO] - Clicking on object: 'Object Repository/Sayfalar/Giris_Sayfasi/RetveTamam_Butonu'

2021-11-12 17:46:09 - [MESSAGE][PASSED] - Object: 'Object Repository/Sayfalar/Giris_Sayfasi/RetveTamam_Butonu' is clicked on

2021-11-12 17:46:09 - [TEST_STEP][PASSED] - click(findTestObject("Object Repository/Sayfalar/Giris_Sayfasi/RetveTamam_Butonu")): Object: 'Object Repository/Sayfalar/Giris_Sayfasi/RetveTamam_Butonu' is clicked on

2021-11-12 17:46:09 - [MESSAGE][INFO] - Finding Test Object 'Object Repository/Sayfalar/Giris_Sayfasi/RetveTamam_Butonu'

2021-11-12 17:46:09 - [MESSAGE][INFO] - Checking object

2021-11-12 17:46:09 - [MESSAGE][INFO] - Finding web element from Test Object's properties

2021-11-12 17:46:09 - [MESSAGE][INFO] - Checking timeout

2021-11-12 17:46:09 - [MESSAGE][INFO] - Finding web element with id: 'Object Repository/Sayfalar/Giris_Sayfasi/RetveTamam_Butonu' located by 'By.xpath: //*[@class = 'btn btn-default']' in '30' second(s)

2021-11-12 17:46:09 - [MESSAGE][INFO] - Smart Wait Function is triggered

2021-11-12 17:46:12 - [MESSAGE][INFO] - Found 1 web elements with id: 'Object Repository/Sayfalar/Giris_Sayfasi/RetveTamam_Butonu' located by 'By.xpath: //*[@class = 'btn btn-default']' in '30' second(s)

2021-11-12 17:46:12 - [MESSAGE][INFO] - Clicking on object: 'Object Repository/Sayfalar/Giris_Sayfasi/RetveTamam_Butonu'

2021-11-12 17:46:12 - [MESSAGE][PASSED] - Object: 'Object Repository/Sayfalar/Giris_Sayfasi/RetveTamam_Butonu' is clicked on

2021-11-12 17:46:12 - [TEST_STEP][PASSED] - if (verifyElementPresent(findTestObject("Sayfalar/Giris_Sayfasi/PopupOK"), 5, OPTIONAL)): null

2021-11-12 17:46:12 - [MESSAGE][INFO] - Finding Test Object 'Object Repository/Sayfalar/Giris_Sayfasi/PopupOK'

2021-11-12 17:46:12 - [MESSAGE][INFO] - Checking object

2021-11-12 17:46:12 - [MESSAGE][INFO] - Finding web element from Test Object's properties

2021-11-12 17:46:12 - [MESSAGE][INFO] - Checking timeout

2021-11-12 17:46:12 - [MESSAGE][INFO] - Finding web element with id: 'Object Repository/Sayfalar/Giris_Sayfasi/PopupOK' located by 'By.cssSelector: .btn.btn-success' in '5' second(s)

2021-11-12 17:46:12 - [MESSAGE][INFO] - Smart Wait Function is triggered

2021-11-12 17:46:13 - [MESSAGE][INFO] - Found 1 web elements with id: 'Object Repository/Sayfalar/Giris_Sayfasi/PopupOK' located by 'By.cssSelector: .btn.btn-success' in '5' second(s)

2021-11-12 17:46:13 - [MESSAGE][PASSED] - Object 'Object Repository/Sayfalar/Giris_Sayfasi/PopupOK' is present

2021-11-12 17:46:13 - [TEST_STEP][PASSED] - click(findTestObject("Object Repository/Sayfalar/Giris_Sayfasi/PopupCarpiGiris")): Object: 'Object Repository/Sayfalar/Giris_Sayfasi/PopupCarpiGiris' is clicked on

2021-11-12 17:46:13 - [MESSAGE][INFO] - Finding Test Object 'Object Repository/Sayfalar/Giris_Sayfasi/PopupCarpiGiris'

2021-11-12 17:46:13 - [MESSAGE][INFO] - Checking object

2021-11-12 17:46:13 - [MESSAGE][INFO] - Finding web element from Test Object's properties

2021-11-12 17:46:13 - [MESSAGE][INFO] - Checking timeout

2021-11-12 17:46:13 - [MESSAGE][INFO] - Finding web element with id: 'Object Repository/Sayfalar/Giris_Sayfasi/PopupCarpiGiris' located by 'By.cssSelector: .bootbox-close-button.close' in '30' second(s)

2021-11-12 17:46:13 - [MESSAGE][INFO] - Smart Wait Function is triggered

2021-11-12 17:46:13 - [MESSAGE][INFO] - Found 1 web elements with id: 'Object Repository/Sayfalar/Giris_Sayfasi/PopupCarpiGiris' located by 'By.cssSelector: .bootbox-close-button.close' in '30' second(s)

2021-11-12 17:46:13 - [MESSAGE][INFO] - Clicking on object: 'Object Repository/Sayfalar/Giris_Sayfasi/PopupCarpiGiris'

2021-11-12 17:46:13 - [MESSAGE][PASSED] - Object: 'Object Repository/Sayfalar/Giris_Sayfasi/PopupCarpiGiris' is clicked on

2021-11-12 17:46:13 - [TEST_STEP][PASSED] - verifyElementVisible(findTestObject("Object Repository/Kullanici_Islemleri/KullaniciIslemleri")): Object 'Object Repository/Kullanici_Islemleri/KullaniciIslemleri' is visible

2021-11-12 17:46:13 - [MESSAGE][INFO] - Finding Test Object 'Object Repository/Kullanici_Islemleri/KullaniciIslemleri'

2021-11-12 17:46:13 - [MESSAGE][INFO] - Checking object

2021-11-12 17:46:13 - [MESSAGE][INFO] - Finding web element from Test Object's properties

2021-11-12 17:46:13 - [MESSAGE][INFO] - Checking timeout

2021-11-12 17:46:13 - [MESSAGE][INFO] - Finding web element with id: 'Object Repository/Kullanici_Islemleri/KullaniciIslemleri' located by 'By.cssSelector: .dropdown>a>img' in '30' second(s)

2021-11-12 17:46:13 - [MESSAGE][INFO] - Smart Wait Function is triggered

2021-11-12 17:46:14 - [MESSAGE][INFO] - Found 1 web elements with id: 'Object Repository/Kullanici_Islemleri/KullaniciIslemleri' located by 'By.cssSelector: .dropdown>a>img' in '30' second(s)

2021-11-12 17:46:14 - [MESSAGE][PASSED] - Object 'Object Repository/Kullanici_Islemleri/KullaniciIslemleri' is visible

2021-11-12 17:46:14 - [MESSAGE][PASSED] - Call Test Case 'Test Cases/Sayfalar/Giris_Sayfasi/Login' successfully

2021-11-12 17:46:14 - [MESSAGE][INFO] - Checking called Test Case

2021-11-12 17:46:14 - [MESSAGE][INFO] - Starting to call Test Case 'Test Cases/Menu/AnaMenuSecimi'

2021-11-12 17:46:14 - [TEST_CASE][PASSED] - Test Cases/Menu/AnaMenuSecimi: Test Cases/Menu/AnaMenuSecimi

2021-11-12 17:46:14 - [TEST_STEP][PASSED] - Method.TextDegerineEsitElementeTikla(findTestObject("Menu/Ana_Menu"), Ana_Menu): Method.TextDegerineEsitElementeTikla is PASSED

2021-11-12 17:46:14 - [MESSAGE][INFO] - Finding Test Object 'Object Repository/Menu/Ana_Menu'

2021-11-12 17:46:14 - [MESSAGE][INFO] - Checking timeout

2021-11-12 17:46:14 - [MESSAGE][INFO] - Finding web element with id: 'Object Repository/Menu/Ana_Menu' located by 'By.xpath: //*[@class = 'dropdown-toggle']' in '10' second(s)

2021-11-12 17:46:14 - [MESSAGE][INFO] - Smart Wait Function is triggered

2021-11-12 17:46:15 - [MESSAGE][INFO] - Found 14 web elements with id: 'Object Repository/Menu/Ana_Menu' located by 'By.xpath: //*[@class = 'dropdown-toggle']' in '10' second(s)

2021-11-12 17:46:15 - [MESSAGE][PASSED] - Method.TextDegerineEsitElementeTikla is PASSED

2021-11-12 17:46:15 - [MESSAGE][PASSED] - Call Test Case 'Test Cases/Menu/AnaMenuSecimi' successfully

2021-11-12 17:46:15 - [MESSAGE][INFO] - Checking called Test Case

2021-11-12 17:46:15 - [MESSAGE][INFO] - Starting to call Test Case 'Test Cases/Menu/AltMenuSecimi'

2021-11-12 17:46:15 - [TEST_CASE][PASSED] - Test Cases/Menu/AltMenuSecimi: Test Cases/Menu/AltMenuSecimi

2021-11-12 17:46:15 - [TEST_STEP][PASSED] - Method.TextDegerineEsitElementeTikla(findTestObject("Menu/Alt_Menu"), Alt_Menu): Method.TextDegerineEsitElementeTikla is PASSED

2021-11-12 17:46:15 - [MESSAGE][INFO] - Finding Test Object 'Object Repository/Menu/Alt_Menu'

2021-11-12 17:46:15 - [MESSAGE][INFO] - Checking timeout

2021-11-12 17:46:15 - [MESSAGE][INFO] - Finding web element with id: 'Object Repository/Menu/Alt_Menu' located by 'By.xpath: //li[@class='dropdown dropdown-large open']//li[@class='dropdown-element']' in '10' second(s)

2021-11-12 17:46:15 - [MESSAGE][INFO] - Smart Wait Function is triggered

2021-11-12 17:46:15 - [MESSAGE][INFO] - Found 9 web elements with id: 'Object Repository/Menu/Alt_Menu' located by 'By.xpath: //li[@class='dropdown dropdown-large open']//li[@class='dropdown-element']' in '10' second(s)

2021-11-12 17:46:16 - [MESSAGE][PASSED] - Method.TextDegerineEsitElementeTikla is PASSED

2021-11-12 17:46:16 - [MESSAGE][PASSED] - Call Test Case 'Test Cases/Menu/AltMenuSecimi' successfully

2021-11-12 17:46:16 - [MESSAGE][INFO] - Checking called Test Case

2021-11-12 17:46:16 - [MESSAGE][INFO] - Starting to call Test Case 'Test Cases/Filtreler/RaporTexboxaYaz'

2021-11-12 17:46:16 - [TEST_CASE][PASSED] - Test Cases/Filtreler/RaporTexboxaYaz: Test Cases/Filtreler/RaporTexboxaYaz

2021-11-12 17:46:16 - [TEST_STEP][PASSED] - Method.TextDegerineEsitElementinAltindakiTextboxtaYaz(findTestObject("Filtreler/Basliklar_Raporlar"), findTestObject("Filtreler/Basliga_Gore_Textbox"), Filtre_Adi, Filtre_Degeri): Method.TextDegerineEsitElementinAltindakiTextboxtaYaz is PASSED

2021-11-12 17:46:16 - [MESSAGE][INFO] - Finding Test Object 'Object Repository/Filtreler/Basliklar_Raporlar'

2021-11-12 17:46:16 - [MESSAGE][INFO] - Finding Test Object 'Object Repository/Filtreler/Basliga_Gore_Textbox'

2021-11-12 17:46:16 - [MESSAGE][INFO] - Checking timeout

2021-11-12 17:46:16 - [MESSAGE][INFO] - Finding web element with id: 'Object Repository/Filtreler/Basliklar_Raporlar' located by 'By.cssSelector: .control-label.col-sm-4.col-sm-4' in '10' second(s)

2021-11-12 17:46:16 - [MESSAGE][INFO] - Smart Wait Function is triggered

2021-11-12 17:46:17 - [MESSAGE][INFO] - Found 7 web elements with id: 'Object Repository/Filtreler/Basliklar_Raporlar' located by 'By.cssSelector: .control-label.col-sm-4.col-sm-4' in '10' second(s)

2021-11-12 17:46:17 - [MESSAGE][INFO] - Smart Wait Function is triggered

2021-11-12 17:46:17 - [MESSAGE][PASSED] - Method.TextDegerineEsitElementinAltindakiTextboxtaYaz is PASSED

2021-11-12 17:46:17 - [MESSAGE][PASSED] - Call Test Case 'Test Cases/Filtreler/RaporTexboxaYaz' successfully

2021-11-12 17:46:17 - [MESSAGE][INFO] - Checking called Test Case

2021-11-12 17:46:17 - [MESSAGE][INFO] - Starting to call Test Case 'Test Cases/Filtreler/ButonaTikla'

2021-11-12 17:46:17 - [TEST_CASE][PASSED] - Test Cases/Filtreler/ButonaTikla: Test Cases/Filtreler/ButonaTikla

2021-11-12 17:46:17 - [TEST_STEP][PASSED] - Method.TextDegerineEsitElementeTikla(findTestObject("Filtreler/Butonlar"), Filtre_Buton): Method.TextDegerineEsitElementeTikla is PASSED

2021-11-12 17:46:17 - [MESSAGE][INFO] - Finding Test Object 'Object Repository/Filtreler/Butonlar'

2021-11-12 17:46:17 - [MESSAGE][INFO] - Checking timeout

2021-11-12 17:46:17 - [MESSAGE][INFO] - Finding web element with id: 'Object Repository/Filtreler/Butonlar' located by 'By.cssSelector: .dxb>span' in '10' second(s)

2021-11-12 17:46:17 - [MESSAGE][INFO] - Smart Wait Function is triggered

2021-11-12 17:46:18 - [MESSAGE][INFO] - Found 2 web elements with id: 'Object Repository/Filtreler/Butonlar' located by 'By.cssSelector: .dxb>span' in '10' second(s)

2021-11-12 17:46:18 - [MESSAGE][PASSED] - Method.TextDegerineEsitElementeTikla is PASSED

2021-11-12 17:46:18 - [MESSAGE][PASSED] - Call Test Case 'Test Cases/Filtreler/ButonaTikla' successfully

2021-11-12 17:46:18 - [MESSAGE][INFO] - Checking called Test Case

2021-11-12 17:46:18 - [MESSAGE][INFO] - Starting to call Test Case 'Test Cases/Tablo/TablodaVeriVarMi'

2021-11-12 17:46:18 - [TEST_CASE][PASSED] - Test Cases/Tablo/TablodaVeriVarMi: Test Cases/Tablo/TablodaVeriVarMi

2021-11-12 17:46:18 - [TEST_STEP][PASSED] - verifyTextNotPresent("Görüntülenecek veri yok", true): Text 'Görüntülenecek veri yok' is not present on page using regular expression

2021-11-12 17:46:18 - [MESSAGE][INFO] - Checking text present  using regular expression

2021-11-12 17:46:18 - [MESSAGE][INFO] - Smart Wait Function is triggered

2021-11-12 17:46:19 - [MESSAGE][INFO] - Finding text 'Görüntülenecek veri yok' on page  using regular expression

2021-11-12 17:46:19 - [MESSAGE][PASSED] - Text 'Görüntülenecek veri yok' is not present on page using regular expression

2021-11-12 17:46:19 - [MESSAGE][PASSED] - Call Test Case 'Test Cases/Tablo/TablodaVeriVarMi' successfully

2021-11-12 17:46:19 - [MESSAGE][INFO] - Checking called Test Case

2021-11-12 17:46:19 - [MESSAGE][INFO] - Starting to call Test Case 'Test Cases/Butonlar/ButonaTikla'

2021-11-12 17:46:19 - [TEST_CASE][PASSED] - Test Cases/Butonlar/ButonaTikla: Test Cases/Butonlar/ButonaTikla

2021-11-12 17:46:19 - [TEST_STEP][PASSED] - Method.TextDegerineEsitElementeTiklaEquals(findTestObject("Butonlar/Butonlar"), Buton_Adi): Method.TextDegerineEsitElementeTiklaEquals is PASSED

2021-11-12 17:46:19 - [MESSAGE][INFO] - Finding Test Object 'Object Repository/Butonlar/Butonlar'

2021-11-12 17:46:19 - [MESSAGE][INFO] - Checking timeout

2021-11-12 17:46:19 - [MESSAGE][INFO] - Finding web element with id: 'Object Repository/Butonlar/Butonlar' located by 'By.cssSelector: .panel.panel-default.text-center.footerPanel .btn,.btn.btn-primary.btnControls' in '10' second(s)

2021-11-12 17:46:19 - [MESSAGE][INFO] - Smart Wait Function is triggered

2021-11-12 17:46:19 - [MESSAGE][INFO] - Found 1 web elements with id: 'Object Repository/Butonlar/Butonlar' located by 'By.cssSelector: .panel.panel-default.text-center.footerPanel .btn,.btn.btn-primary.btnControls' in '10' second(s)

2021-11-12 17:46:19 - [MESSAGE][PASSED] - Method.TextDegerineEsitElementeTiklaEquals is PASSED

2021-11-12 17:46:19 - [MESSAGE][PASSED] - Call Test Case 'Test Cases/Butonlar/ButonaTikla' successfully

2021-11-12 17:46:19 - [MESSAGE][INFO] - Checking called Test Case

2021-11-12 17:46:19 - [MESSAGE][INFO] - Starting to call Test Case 'Test Cases/Butonlar/AltButonaTikla'

2021-11-12 17:46:19 - [TEST_CASE][PASSED] - Test Cases/Butonlar/AltButonaTikla: Test Cases/Butonlar/AltButonaTikla

2021-11-12 17:46:20 - [TEST_STEP][PASSED] - Method.TextDegerineEsitElementeTikla(findTestObject("Butonlar/AltButonlar"), Alt_Buton): Method.TextDegerineEsitElementeTikla is PASSED

2021-11-12 17:46:20 - [MESSAGE][INFO] - Finding Test Object 'Object Repository/Butonlar/AltButonlar'

2021-11-12 17:46:20 - [MESSAGE][INFO] - Checking timeout

2021-11-12 17:46:20 - [MESSAGE][INFO] - Finding web element with id: 'Object Repository/Butonlar/AltButonlar' located by 'By.cssSelector: .btn-group.open li>a' in '10' second(s)

2021-11-12 17:46:20 - [MESSAGE][INFO] - Smart Wait Function is triggered

2021-11-12 17:46:20 - [MESSAGE][INFO] - Found 1 web elements with id: 'Object Repository/Butonlar/AltButonlar' located by 'By.cssSelector: .btn-group.open li>a' in '10' second(s)

2021-11-12 17:46:21 - [MESSAGE][PASSED] - Method.TextDegerineEsitElementeTikla is PASSED

2021-11-12 17:46:21 - [MESSAGE][PASSED] - Call Test Case 'Test Cases/Butonlar/AltButonaTikla' successfully

2021-11-12 17:46:21 - [MESSAGE][INFO] - Checking called Test Case

2021-11-12 17:46:21 - [MESSAGE][INFO] - Starting to call Test Case 'Test Cases/Kullanici_Islemleri/KullaniciIslemlerindenSecimYapilir'

2021-11-12 17:46:21 - [TEST_CASE][PASSED] - Test Cases/Kullanici_Islemleri/KullaniciIslemlerindenSecimYapilir: Test Cases/Kullanici_Islemleri/KullaniciIslemlerindenSecimYapilir

2021-11-12 17:46:21 - [TEST_STEP][PASSED] - waitForElementClickable(findTestObject("Object Repository/Kullanici_Islemleri/KullaniciIslemleri"), 10): Object 'Object Repository/Kullanici_Islemleri/KullaniciIslemleri' is clickable

2021-11-12 17:46:21 - [MESSAGE][INFO] - Finding Test Object 'Object Repository/Kullanici_Islemleri/KullaniciIslemleri'

2021-11-12 17:46:21 - [MESSAGE][INFO] - Checking object

2021-11-12 17:46:21 - [MESSAGE][INFO] - Checking timeout

2021-11-12 17:46:21 - [MESSAGE][INFO] - Finding web element from Test Object's properties

2021-11-12 17:46:21 - [MESSAGE][INFO] - Checking timeout

2021-11-12 17:46:21 - [MESSAGE][INFO] - Finding web element with id: 'Object Repository/Kullanici_Islemleri/KullaniciIslemleri' located by 'By.cssSelector: .dropdown>a>img' in '10' second(s)

2021-11-12 17:46:21 - [MESSAGE][INFO] - Smart Wait Function is triggered

2021-11-12 17:46:21 - [MESSAGE][INFO] - Found 1 web elements with id: 'Object Repository/Kullanici_Islemleri/KullaniciIslemleri' located by 'By.cssSelector: .dropdown>a>img' in '10' second(s)

2021-11-12 17:46:21 - [MESSAGE][PASSED] - Object 'Object Repository/Kullanici_Islemleri/KullaniciIslemleri' is clickable

2021-11-12 17:46:21 - [TEST_STEP][PASSED] - click(findTestObject("Object Repository/Kullanici_Islemleri/KullaniciIslemleri")): Object: 'Object Repository/Kullanici_Islemleri/KullaniciIslemleri' is clicked on

2021-11-12 17:46:21 - [MESSAGE][INFO] - Finding Test Object 'Object Repository/Kullanici_Islemleri/KullaniciIslemleri'

2021-11-12 17:46:21 - [MESSAGE][INFO] - Checking object

2021-11-12 17:46:21 - [MESSAGE][INFO] - Finding web element from Test Object's properties

2021-11-12 17:46:21 - [MESSAGE][INFO] - Checking timeout

2021-11-12 17:46:21 - [MESSAGE][INFO] - Finding web element with id: 'Object Repository/Kullanici_Islemleri/KullaniciIslemleri' located by 'By.cssSelector: .dropdown>a>img' in '30' second(s)

2021-11-12 17:46:21 - [MESSAGE][INFO] - Smart Wait Function is triggered

2021-11-12 17:46:22 - [MESSAGE][INFO] - Found 1 web elements with id: 'Object Repository/Kullanici_Islemleri/KullaniciIslemleri' located by 'By.cssSelector: .dropdown>a>img' in '30' second(s)

2021-11-12 17:46:22 - [MESSAGE][INFO] - Clicking on object: 'Object Repository/Kullanici_Islemleri/KullaniciIslemleri'

2021-11-12 17:46:22 - [MESSAGE][PASSED] - Object: 'Object Repository/Kullanici_Islemleri/KullaniciIslemleri' is clicked on

2021-11-12 17:46:22 - [TEST_STEP][PASSED] - Method.TextDegerineEsitElementeTikla(findTestObject("Object Repository/Kullanici_Islemleri/Secenekler"), Islem): Method.TextDegerineEsitElementeTikla is PASSED

2021-11-12 17:46:22 - [MESSAGE][INFO] - Finding Test Object 'Object Repository/Kullanici_Islemleri/Secenekler'

2021-11-12 17:46:22 - [MESSAGE][INFO] - Checking timeout

2021-11-12 17:46:22 - [MESSAGE][INFO] - Finding web element with id: 'Object Repository/Kullanici_Islemleri/Secenekler' located by 'By.cssSelector: .nav.navbar-nav.navbar-right li a' in '10' second(s)

2021-11-12 17:46:22 - [MESSAGE][INFO] - Smart Wait Function is triggered

2021-11-12 17:46:22 - [MESSAGE][INFO] - Found 22 web elements with id: 'Object Repository/Kullanici_Islemleri/Secenekler' located by 'By.cssSelector: .nav.navbar-nav.navbar-right li a' in '10' second(s)

2021-11-12 17:46:23 - [MESSAGE][PASSED] - Method.TextDegerineEsitElementeTikla is PASSED

2021-11-12 17:46:23 - [TEST_STEP][PASSED] - verifyElementNotPresent(findTestObject("Object Repository/Kullanici_Islemleri/Secenekler"), 10): Web element with id: 'Object Repository/Kullanici_Islemleri/Secenekler' located by 'By.cssSelector: .nav.navbar-nav.navbar-right li a' is not present after '10' second(s)

2021-11-12 17:46:23 - [MESSAGE][INFO] - Finding Test Object 'Object Repository/Kullanici_Islemleri/Secenekler'

2021-11-12 17:46:23 - [MESSAGE][INFO] - Checking object

2021-11-12 17:46:23 - [MESSAGE][INFO] - Checking timeout

2021-11-12 17:46:23 - [MESSAGE][INFO] - Finding web element with id: 'Object Repository/Kullanici_Islemleri/Secenekler' located by 'By.cssSelector: .nav.navbar-nav.navbar-right li a' in '10' second(s)

2021-11-12 17:46:23 - [MESSAGE][INFO] - Smart Wait Function is triggered

2021-11-12 17:46:24 - [MESSAGE][PASSED] - Web element with id: 'Object Repository/Kullanici_Islemleri/Secenekler' located by 'By.cssSelector: .nav.navbar-nav.navbar-right li a' is not present after '10' second(s)

2021-11-12 17:46:24 - [MESSAGE][PASSED] - Call Test Case 'Test Cases/Kullanici_Islemleri/KullaniciIslemlerindenSecimYapilir' successfully

2021-11-12 17:46:24 - [TEST_CASE][PASSED] - Start Test Case : SCENARIO Faturayi excele aktarma: SCENARIO Faturayi excele aktarma

2021-11-12 17:46:24 - [TEST_STEP][PASSED] - Kullanıcı adı ELOGO6 ve Şifre 123456 olarak giriş yapılır: Kullanıcı adı ELOGO6 ve Şifre 123456 olarak giriş yapılır

2021-11-12 17:46:24 - [MESSAGE][PASSED] - Kullanıcı adı ELOGO6 ve Şifre 123456 olarak giriş yapılır

2021-11-12 17:46:24 - [TEST_STEP][PASSED] - Ana menüden Raporlar seçilir: Ana menüden Raporlar seçilir

2021-11-12 17:46:24 - [MESSAGE][PASSED] - Ana menüden Raporlar seçilir

2021-11-12 17:46:24 - [TEST_STEP][PASSED] - Alt menüden GİB Kullanıcı Listesi seçilir: Alt menüden GİB Kullanıcı Listesi seçilir

2021-11-12 17:46:24 - [MESSAGE][PASSED] - Alt menüden GİB Kullanıcı Listesi seçilir

2021-11-12 17:46:24 - [TEST_STEP][PASSED] - Rapor Filtreleriden Vergi No filtresine 1234567806 textini yaz: Rapor Filtreleriden Vergi No filtresine 1234567806 textini yaz

2021-11-12 17:46:24 - [MESSAGE][PASSED] - Rapor Filtreleriden Vergi No filtresine 1234567806 textini yaz

2021-11-12 17:46:24 - [TEST_STEP][PASSED] - Filtre butonlarından Listele seçilir: Filtre butonlarından Listele seçilir

2021-11-12 17:46:24 - [MESSAGE][PASSED] - Filtre butonlarından Listele seçilir

2021-11-12 17:46:24 - [TEST_STEP][PASSED] - Tabloda veri var mı kontrol edilir: Tabloda veri var mı kontrol edilir

2021-11-12 17:46:24 - [MESSAGE][PASSED] - Tabloda veri var mı kontrol edilir

2021-11-12 17:46:24 - [TEST_STEP][PASSED] - Butonlardan Excel isimli butona tıklanır: Butonlardan Excel isimli butona tıklanır

2021-11-12 17:46:24 - [MESSAGE][PASSED] - Butonlardan Excel isimli butona tıklanır

2021-11-12 17:46:24 - [TEST_STEP][PASSED] - Alt butonlardan Excel'e Aktar butonuna tıklanır: Alt butonlardan Excel'e Aktar butonuna tıklanır

2021-11-12 17:46:24 - [MESSAGE][PASSED] - Alt butonlardan Excel'e Aktar butonuna tıklanır

2021-11-12 17:46:24 - [TEST_STEP][PASSED] - Kullanıcı işlemlerinden Çıkış seçilir: Kullanıcı işlemlerinden Çıkış seçilir

2021-11-12 17:46:24 - [MESSAGE][PASSED] - Kullanıcı işlemlerinden Çıkış seçilir

2021-11-12 17:46:24 - [MESSAGE][PASSED] - Feature file: 'Include/features/Raporlar/GIB Kullanici Listesi/Excel.feature' was passed

2021-11-12 17:46:24 - [TEST_STEP][PASSED] - Start listener action : sampleAfterTestSuite: Invoke 'com.kms.katalon.core.annotation.AfterTestCase' method: 'Listener.sampleAfterTestSuite(...)' completed.

2021-11-12 17:46:24 - [MESSAGE][INFO] - Starting invoke 'com.kms.katalon.core.annotation.AfterTestCase' method: 'Listener.sampleAfterTestSuite(...)'

2021-11-12 17:46:24 - [TEST_STEP][PASSED] - closeBrowser(): Invoke 'com.kms.katalon.core.annotation.AfterTestCase' method: 'Listener.sampleAfterTestSuite(...)' completed.

2021-11-12 17:46:24 - [MESSAGE][INFO] - Closing browser

2021-11-12 17:46:25 - [MESSAGE][PASSED] - Browser is closed

2021-11-12 17:46:25 - [MESSAGE][INFO] - Invoke 'com.kms.katalon.core.annotation.AfterTestCase' method: 'Listener.sampleAfterTestSuite(...)' completed.]]></system-out>
         <system-err><![CDATA[]]></system-err>
      </testcase>
      <testcase name="Test Cases/Case Repository/Raporlar/Izlenme Kayitlari/Ekran Kontrolu" time="45.345" classname="Test Cases/Case Repository/Raporlar/Izlenme Kayitlari/Ekran Kontrolu" status="PASSED">
         <system-out><![CDATA[2021-11-12 17:46:25 - [TEST_CASE][PASSED] - Test Cases/Case Repository/Raporlar/Izlenme Kayitlari/Ekran Kontrolu: Test Cases/Case Repository/Raporlar/Izlenme Kayitlari/Ekran Kontrolu

2021-11-12 17:46:25 - [TEST_STEP][PASSED] - Start listener action : sampleBeforeTestSuite: Invoke 'com.kms.katalon.core.annotation.BeforeTestCase' method: 'Listener.sampleBeforeTestSuite(...)' completed.

2021-11-12 17:46:25 - [MESSAGE][INFO] - Starting invoke 'com.kms.katalon.core.annotation.BeforeTestCase' method: 'Listener.sampleBeforeTestSuite(...)'

2021-11-12 17:46:25 - [TEST_STEP][PASSED] - openBrowser(baseUrl): Browser is opened with url: 'https://efatura-stage.elogo.com.tr/'

2021-11-12 17:46:25 - [MESSAGE][INFO] - Opening browser

2021-11-12 17:46:25 - [MESSAGE][INFO] - Starting 'Chrome' driver

2021-11-12 17:46:25 - [MESSAGE][INFO] - User set preference: ['prefs', '{download.default_directory=C:\otomasyondownfiles}']

2021-11-12 17:46:25 - [MESSAGE][INFO] - Action delay is set to 0 milliseconds

2021-11-12 17:46:26 - [MESSAGE][INFO] - Navigating browser to: 'https://efatura-stage.elogo.com.tr/'

2021-11-12 17:46:29 - [MESSAGE][PASSED] - Browser is opened with url: 'https://efatura-stage.elogo.com.tr/'

2021-11-12 17:46:29 - [TEST_STEP][PASSED] - maximizeWindow(): Invoke 'com.kms.katalon.core.annotation.BeforeTestCase' method: 'Listener.sampleBeforeTestSuite(...)' completed.

2021-11-12 17:46:29 - [MESSAGE][INFO] - Maximizing current window

2021-11-12 17:46:29 - [MESSAGE][PASSED] - Current window maximized

2021-11-12 17:46:29 - [MESSAGE][INFO] - Invoke 'com.kms.katalon.core.annotation.BeforeTestCase' method: 'Listener.sampleBeforeTestSuite(...)' completed.

2021-11-12 17:46:30 - [TEST_STEP][PASSED] - runFeatureFile("Include/features/Raporlar/Izlenme Kayitlari/Ekran Kontrolu.feature"): Feature file: 'Include/features/Raporlar/Izlenme Kayitlari/Ekran Kontrolu.feature' was passed

2021-11-12 17:46:30 - [MESSAGE][INFO] - Starting run keyword runFeatureFile: 'Include/features/Raporlar/Izlenme Kayitlari/Ekran Kontrolu.feature' and extract report to folder: 'C:\Users\DELL\Documents\GitHub\EES_KatalonLogo\Reports\20211112_170311\Suite Repository\Raporlar\20211112_170425/cucumber_report/1636728390400'...

2021-11-12 17:46:30 - [MESSAGE][INFO] - Glue: []

2021-11-12 17:46:31 - [MESSAGE][INFO] - Checking called Test Case

2021-11-12 17:46:31 - [MESSAGE][INFO] - Starting to call Test Case 'Test Cases/Sayfalar/Giris_Sayfasi/Login'

2021-11-12 17:46:31 - [TEST_CASE][PASSED] - Test Cases/Sayfalar/Giris_Sayfasi/Login: Test Cases/Sayfalar/Giris_Sayfasi/Login

2021-11-12 17:46:31 - [TEST_STEP][PASSED] - Sayfa_Basligi = getWindowTitle(): Current window's title is: 'LOGO e-Fatura'

2021-11-12 17:46:31 - [MESSAGE][INFO] - Getting current window's title

2021-11-12 17:46:31 - [MESSAGE][PASSED] - Current window's title is: 'LOGO e-Fatura'

2021-11-12 17:46:31 - [TEST_STEP][PASSED] - verifyMatch(Sayfa_Basligi, "LOGO e-Fatura", false): Actual text 'LOGO e-Fatura' and expected text 'LOGO e-Fatura' are matched 

2021-11-12 17:46:31 - [MESSAGE][INFO] - Matching actual text 'LOGO e-Fatura' with expected text 'LOGO e-Fatura'

2021-11-12 17:46:31 - [MESSAGE][PASSED] - Actual text 'LOGO e-Fatura' and expected text 'LOGO e-Fatura' are matched 

2021-11-12 17:46:31 - [TEST_STEP][PASSED] - sendKeys(findTestObject("Sayfalar/Giris_Sayfasi/Firma_Kodu"), KullaniciAdi): Keys 'ELOGO6' sent to object: 'Object Repository/Sayfalar/Giris_Sayfasi/Firma_Kodu'

2021-11-12 17:46:31 - [MESSAGE][INFO] - Finding Test Object 'Object Repository/Sayfalar/Giris_Sayfasi/Firma_Kodu'

2021-11-12 17:46:32 - [MESSAGE][INFO] - Sending keys 'ELOGO6' to object: 'Object Repository/Sayfalar/Giris_Sayfasi/Firma_Kodu'

2021-11-12 17:46:32 - [MESSAGE][INFO] - Finding web element from Test Object's properties

2021-11-12 17:46:32 - [MESSAGE][INFO] - Checking timeout

2021-11-12 17:46:32 - [MESSAGE][INFO] - Finding web element with id: 'Object Repository/Sayfalar/Giris_Sayfasi/Firma_Kodu' located by 'By.xpath: //*[@id = 'AccountName']' in '30' second(s)

2021-11-12 17:46:32 - [MESSAGE][INFO] - Smart Wait Function is triggered

2021-11-12 17:46:32 - [MESSAGE][INFO] - Found 1 web elements with id: 'Object Repository/Sayfalar/Giris_Sayfasi/Firma_Kodu' located by 'By.xpath: //*[@id = 'AccountName']' in '30' second(s)

2021-11-12 17:46:32 - [MESSAGE][PASSED] - Keys 'ELOGO6' sent to object: 'Object Repository/Sayfalar/Giris_Sayfasi/Firma_Kodu'

2021-11-12 17:46:32 - [TEST_STEP][PASSED] - sendKeys(findTestObject("Sayfalar/Giris_Sayfasi/Sifre"), Sifre): Keys '123456' sent to object: 'Object Repository/Sayfalar/Giris_Sayfasi/Sifre'

2021-11-12 17:46:32 - [MESSAGE][INFO] - Finding Test Object 'Object Repository/Sayfalar/Giris_Sayfasi/Sifre'

2021-11-12 17:46:32 - [MESSAGE][INFO] - Sending keys '123456' to object: 'Object Repository/Sayfalar/Giris_Sayfasi/Sifre'

2021-11-12 17:46:32 - [MESSAGE][INFO] - Finding web element from Test Object's properties

2021-11-12 17:46:32 - [MESSAGE][INFO] - Checking timeout

2021-11-12 17:46:32 - [MESSAGE][INFO] - Finding web element with id: 'Object Repository/Sayfalar/Giris_Sayfasi/Sifre' located by 'By.xpath: //*[@id = 'Password']' in '30' second(s)

2021-11-12 17:46:32 - [MESSAGE][INFO] - Smart Wait Function is triggered

2021-11-12 17:46:32 - [MESSAGE][INFO] - Found 1 web elements with id: 'Object Repository/Sayfalar/Giris_Sayfasi/Sifre' located by 'By.xpath: //*[@id = 'Password']' in '30' second(s)

2021-11-12 17:46:32 - [MESSAGE][PASSED] - Keys '123456' sent to object: 'Object Repository/Sayfalar/Giris_Sayfasi/Sifre'

2021-11-12 17:46:32 - [TEST_STEP][PASSED] - findWebElement(findTestObject("Sayfalar/Giris_Sayfasi/Giris_Butonu")).click(): Found 1 web elements with id: 'Object Repository/Sayfalar/Giris_Sayfasi/Giris_Butonu' located by 'By.cssSelector: #btnLogin' in '30' second(s)

2021-11-12 17:46:32 - [MESSAGE][INFO] - Finding Test Object 'Object Repository/Sayfalar/Giris_Sayfasi/Giris_Butonu'

2021-11-12 17:46:33 - [MESSAGE][INFO] - Finding web element from Test Object's properties

2021-11-12 17:46:33 - [MESSAGE][INFO] - Checking timeout

2021-11-12 17:46:33 - [MESSAGE][INFO] - Finding web element with id: 'Object Repository/Sayfalar/Giris_Sayfasi/Giris_Butonu' located by 'By.cssSelector: #btnLogin' in '30' second(s)

2021-11-12 17:46:33 - [MESSAGE][INFO] - Smart Wait Function is triggered

2021-11-12 17:46:33 - [MESSAGE][INFO] - Found 1 web elements with id: 'Object Repository/Sayfalar/Giris_Sayfasi/Giris_Butonu' located by 'By.cssSelector: #btnLogin' in '30' second(s)

2021-11-12 17:46:36 - [TEST_STEP][PASSED] - if (verifyElementPresent(findTestObject("Object Repository/Sayfalar/Giris_Sayfasi/RetveTamam_Butonu"), 5, OPTIONAL)): null

2021-11-12 17:46:36 - [MESSAGE][INFO] - Finding Test Object 'Object Repository/Sayfalar/Giris_Sayfasi/RetveTamam_Butonu'

2021-11-12 17:46:36 - [MESSAGE][INFO] - Checking object

2021-11-12 17:46:36 - [MESSAGE][INFO] - Finding web element from Test Object's properties

2021-11-12 17:46:36 - [MESSAGE][INFO] - Checking timeout

2021-11-12 17:46:36 - [MESSAGE][INFO] - Finding web element with id: 'Object Repository/Sayfalar/Giris_Sayfasi/RetveTamam_Butonu' located by 'By.xpath: //*[@class = 'btn btn-default']' in '5' second(s)

2021-11-12 17:46:36 - [MESSAGE][INFO] - Smart Wait Function is triggered

2021-11-12 17:46:36 - [MESSAGE][INFO] - Found 1 web elements with id: 'Object Repository/Sayfalar/Giris_Sayfasi/RetveTamam_Butonu' located by 'By.xpath: //*[@class = 'btn btn-default']' in '5' second(s)

2021-11-12 17:46:36 - [MESSAGE][PASSED] - Object 'Object Repository/Sayfalar/Giris_Sayfasi/RetveTamam_Butonu' is present

2021-11-12 17:46:36 - [TEST_STEP][PASSED] - click(findTestObject("Object Repository/Sayfalar/Giris_Sayfasi/RetveTamam_Butonu")): Object: 'Object Repository/Sayfalar/Giris_Sayfasi/RetveTamam_Butonu' is clicked on

2021-11-12 17:46:36 - [MESSAGE][INFO] - Finding Test Object 'Object Repository/Sayfalar/Giris_Sayfasi/RetveTamam_Butonu'

2021-11-12 17:46:36 - [MESSAGE][INFO] - Checking object

2021-11-12 17:46:36 - [MESSAGE][INFO] - Finding web element from Test Object's properties

2021-11-12 17:46:36 - [MESSAGE][INFO] - Checking timeout

2021-11-12 17:46:36 - [MESSAGE][INFO] - Finding web element with id: 'Object Repository/Sayfalar/Giris_Sayfasi/RetveTamam_Butonu' located by 'By.xpath: //*[@class = 'btn btn-default']' in '30' second(s)

2021-11-12 17:46:36 - [MESSAGE][INFO] - Smart Wait Function is triggered

2021-11-12 17:46:37 - [MESSAGE][INFO] - Found 1 web elements with id: 'Object Repository/Sayfalar/Giris_Sayfasi/RetveTamam_Butonu' located by 'By.xpath: //*[@class = 'btn btn-default']' in '30' second(s)

2021-11-12 17:46:37 - [MESSAGE][INFO] - Clicking on object: 'Object Repository/Sayfalar/Giris_Sayfasi/RetveTamam_Butonu'

2021-11-12 17:46:37 - [MESSAGE][PASSED] - Object: 'Object Repository/Sayfalar/Giris_Sayfasi/RetveTamam_Butonu' is clicked on

2021-11-12 17:46:37 - [TEST_STEP][PASSED] - click(findTestObject("Object Repository/Sayfalar/Giris_Sayfasi/RetveTamam_Butonu")): Object: 'Object Repository/Sayfalar/Giris_Sayfasi/RetveTamam_Butonu' is clicked on

2021-11-12 17:46:37 - [MESSAGE][INFO] - Finding Test Object 'Object Repository/Sayfalar/Giris_Sayfasi/RetveTamam_Butonu'

2021-11-12 17:46:37 - [MESSAGE][INFO] - Checking object

2021-11-12 17:46:37 - [MESSAGE][INFO] - Finding web element from Test Object's properties

2021-11-12 17:46:37 - [MESSAGE][INFO] - Checking timeout

2021-11-12 17:46:37 - [MESSAGE][INFO] - Finding web element with id: 'Object Repository/Sayfalar/Giris_Sayfasi/RetveTamam_Butonu' located by 'By.xpath: //*[@class = 'btn btn-default']' in '30' second(s)

2021-11-12 17:46:37 - [MESSAGE][INFO] - Smart Wait Function is triggered

2021-11-12 17:46:41 - [MESSAGE][INFO] - Found 1 web elements with id: 'Object Repository/Sayfalar/Giris_Sayfasi/RetveTamam_Butonu' located by 'By.xpath: //*[@class = 'btn btn-default']' in '30' second(s)

2021-11-12 17:46:41 - [MESSAGE][INFO] - Clicking on object: 'Object Repository/Sayfalar/Giris_Sayfasi/RetveTamam_Butonu'

2021-11-12 17:46:41 - [MESSAGE][PASSED] - Object: 'Object Repository/Sayfalar/Giris_Sayfasi/RetveTamam_Butonu' is clicked on

2021-11-12 17:46:41 - [TEST_STEP][PASSED] - if (verifyElementPresent(findTestObject("Sayfalar/Giris_Sayfasi/PopupOK"), 5, OPTIONAL)): null

2021-11-12 17:46:41 - [MESSAGE][INFO] - Finding Test Object 'Object Repository/Sayfalar/Giris_Sayfasi/PopupOK'

2021-11-12 17:46:41 - [MESSAGE][INFO] - Checking object

2021-11-12 17:46:41 - [MESSAGE][INFO] - Finding web element from Test Object's properties

2021-11-12 17:46:41 - [MESSAGE][INFO] - Checking timeout

2021-11-12 17:46:41 - [MESSAGE][INFO] - Finding web element with id: 'Object Repository/Sayfalar/Giris_Sayfasi/PopupOK' located by 'By.cssSelector: .btn.btn-success' in '5' second(s)

2021-11-12 17:46:41 - [MESSAGE][INFO] - Smart Wait Function is triggered

2021-11-12 17:46:42 - [MESSAGE][INFO] - Found 1 web elements with id: 'Object Repository/Sayfalar/Giris_Sayfasi/PopupOK' located by 'By.cssSelector: .btn.btn-success' in '5' second(s)

2021-11-12 17:46:42 - [MESSAGE][PASSED] - Object 'Object Repository/Sayfalar/Giris_Sayfasi/PopupOK' is present

2021-11-12 17:46:42 - [TEST_STEP][PASSED] - click(findTestObject("Object Repository/Sayfalar/Giris_Sayfasi/PopupCarpiGiris")): Object: 'Object Repository/Sayfalar/Giris_Sayfasi/PopupCarpiGiris' is clicked on

2021-11-12 17:46:42 - [MESSAGE][INFO] - Finding Test Object 'Object Repository/Sayfalar/Giris_Sayfasi/PopupCarpiGiris'

2021-11-12 17:46:42 - [MESSAGE][INFO] - Checking object

2021-11-12 17:46:42 - [MESSAGE][INFO] - Finding web element from Test Object's properties

2021-11-12 17:46:42 - [MESSAGE][INFO] - Checking timeout

2021-11-12 17:46:42 - [MESSAGE][INFO] - Finding web element with id: 'Object Repository/Sayfalar/Giris_Sayfasi/PopupCarpiGiris' located by 'By.cssSelector: .bootbox-close-button.close' in '30' second(s)

2021-11-12 17:46:42 - [MESSAGE][INFO] - Smart Wait Function is triggered

2021-11-12 17:46:42 - [MESSAGE][INFO] - Found 1 web elements with id: 'Object Repository/Sayfalar/Giris_Sayfasi/PopupCarpiGiris' located by 'By.cssSelector: .bootbox-close-button.close' in '30' second(s)

2021-11-12 17:46:42 - [MESSAGE][INFO] - Clicking on object: 'Object Repository/Sayfalar/Giris_Sayfasi/PopupCarpiGiris'

2021-11-12 17:46:42 - [MESSAGE][PASSED] - Object: 'Object Repository/Sayfalar/Giris_Sayfasi/PopupCarpiGiris' is clicked on

2021-11-12 17:46:42 - [TEST_STEP][PASSED] - verifyElementVisible(findTestObject("Object Repository/Kullanici_Islemleri/KullaniciIslemleri")): Object 'Object Repository/Kullanici_Islemleri/KullaniciIslemleri' is visible

2021-11-12 17:46:42 - [MESSAGE][INFO] - Finding Test Object 'Object Repository/Kullanici_Islemleri/KullaniciIslemleri'

2021-11-12 17:46:42 - [MESSAGE][INFO] - Checking object

2021-11-12 17:46:42 - [MESSAGE][INFO] - Finding web element from Test Object's properties

2021-11-12 17:46:42 - [MESSAGE][INFO] - Checking timeout

2021-11-12 17:46:42 - [MESSAGE][INFO] - Finding web element with id: 'Object Repository/Kullanici_Islemleri/KullaniciIslemleri' located by 'By.cssSelector: .dropdown>a>img' in '30' second(s)

2021-11-12 17:46:42 - [MESSAGE][INFO] - Smart Wait Function is triggered

2021-11-12 17:46:43 - [MESSAGE][INFO] - Found 1 web elements with id: 'Object Repository/Kullanici_Islemleri/KullaniciIslemleri' located by 'By.cssSelector: .dropdown>a>img' in '30' second(s)

2021-11-12 17:46:43 - [MESSAGE][PASSED] - Object 'Object Repository/Kullanici_Islemleri/KullaniciIslemleri' is visible

2021-11-12 17:46:43 - [MESSAGE][PASSED] - Call Test Case 'Test Cases/Sayfalar/Giris_Sayfasi/Login' successfully

2021-11-12 17:46:43 - [MESSAGE][INFO] - Checking called Test Case

2021-11-12 17:46:43 - [MESSAGE][INFO] - Starting to call Test Case 'Test Cases/Menu/AnaMenuSecimi'

2021-11-12 17:46:43 - [TEST_CASE][PASSED] - Test Cases/Menu/AnaMenuSecimi: Test Cases/Menu/AnaMenuSecimi

2021-11-12 17:46:43 - [TEST_STEP][PASSED] - Method.TextDegerineEsitElementeTikla(findTestObject("Menu/Ana_Menu"), Ana_Menu): Method.TextDegerineEsitElementeTikla is PASSED

2021-11-12 17:46:43 - [MESSAGE][INFO] - Finding Test Object 'Object Repository/Menu/Ana_Menu'

2021-11-12 17:46:43 - [MESSAGE][INFO] - Checking timeout

2021-11-12 17:46:43 - [MESSAGE][INFO] - Finding web element with id: 'Object Repository/Menu/Ana_Menu' located by 'By.xpath: //*[@class = 'dropdown-toggle']' in '10' second(s)

2021-11-12 17:46:43 - [MESSAGE][INFO] - Smart Wait Function is triggered

2021-11-12 17:46:44 - [MESSAGE][INFO] - Found 14 web elements with id: 'Object Repository/Menu/Ana_Menu' located by 'By.xpath: //*[@class = 'dropdown-toggle']' in '10' second(s)

2021-11-12 17:46:44 - [MESSAGE][PASSED] - Method.TextDegerineEsitElementeTikla is PASSED

2021-11-12 17:46:44 - [MESSAGE][PASSED] - Call Test Case 'Test Cases/Menu/AnaMenuSecimi' successfully

2021-11-12 17:46:44 - [MESSAGE][INFO] - Checking called Test Case

2021-11-12 17:46:44 - [MESSAGE][INFO] - Starting to call Test Case 'Test Cases/Menu/AltMenuSecimi'

2021-11-12 17:46:44 - [TEST_CASE][PASSED] - Test Cases/Menu/AltMenuSecimi: Test Cases/Menu/AltMenuSecimi

2021-11-12 17:46:44 - [TEST_STEP][PASSED] - Method.TextDegerineEsitElementeTikla(findTestObject("Menu/Alt_Menu"), Alt_Menu): Method.TextDegerineEsitElementeTikla is PASSED

2021-11-12 17:46:44 - [MESSAGE][INFO] - Finding Test Object 'Object Repository/Menu/Alt_Menu'

2021-11-12 17:46:44 - [MESSAGE][INFO] - Checking timeout

2021-11-12 17:46:44 - [MESSAGE][INFO] - Finding web element with id: 'Object Repository/Menu/Alt_Menu' located by 'By.xpath: //li[@class='dropdown dropdown-large open']//li[@class='dropdown-element']' in '10' second(s)

2021-11-12 17:46:44 - [MESSAGE][INFO] - Smart Wait Function is triggered

2021-11-12 17:46:44 - [MESSAGE][INFO] - Found 9 web elements with id: 'Object Repository/Menu/Alt_Menu' located by 'By.xpath: //li[@class='dropdown dropdown-large open']//li[@class='dropdown-element']' in '10' second(s)

2021-11-12 17:46:50 - [MESSAGE][PASSED] - Method.TextDegerineEsitElementeTikla is PASSED

2021-11-12 17:46:50 - [MESSAGE][PASSED] - Call Test Case 'Test Cases/Menu/AltMenuSecimi' successfully

2021-11-12 17:46:50 - [MESSAGE][INFO] - Checking called Test Case

2021-11-12 17:46:50 - [MESSAGE][INFO] - Starting to call Test Case 'Test Cases/Filtreler/FiltreVarMi'

2021-11-12 17:46:50 - [TEST_CASE][PASSED] - Test Cases/Filtreler/FiltreVarMi: Test Cases/Filtreler/FiltreVarMi

2021-11-12 17:46:51 - [TEST_STEP][PASSED] - Method.TextDegerineEsitElementVarMi(findTestObject("Filtreler/Basliklar"), Filtre_alan): Method.TextDegerineEsitElementVarMi is PASSED

2021-11-12 17:46:51 - [MESSAGE][INFO] - Finding Test Object 'Object Repository/Filtreler/Basliklar'

2021-11-12 17:46:51 - [MESSAGE][INFO] - Checking timeout

2021-11-12 17:46:51 - [MESSAGE][INFO] - Finding web element with id: 'Object Repository/Filtreler/Basliklar' located by 'By.cssSelector: .control-label.col-sm-4.paddingMarginRLC' in '10' second(s)

2021-11-12 17:46:51 - [MESSAGE][INFO] - Smart Wait Function is triggered

2021-11-12 17:46:52 - [MESSAGE][INFO] - Found 7 web elements with id: 'Object Repository/Filtreler/Basliklar' located by 'By.cssSelector: .control-label.col-sm-4.paddingMarginRLC' in '10' second(s)

2021-11-12 17:46:52 - [MESSAGE][PASSED] - Method.TextDegerineEsitElementVarMi is PASSED

2021-11-12 17:46:52 - [MESSAGE][PASSED] - Call Test Case 'Test Cases/Filtreler/FiltreVarMi' successfully

2021-11-12 17:46:52 - [MESSAGE][INFO] - Checking called Test Case

2021-11-12 17:46:52 - [MESSAGE][INFO] - Starting to call Test Case 'Test Cases/Filtreler/FiltreVarMi'

2021-11-12 17:46:52 - [TEST_CASE][PASSED] - Test Cases/Filtreler/FiltreVarMi: Test Cases/Filtreler/FiltreVarMi

2021-11-12 17:46:52 - [TEST_STEP][PASSED] - Method.TextDegerineEsitElementVarMi(findTestObject("Filtreler/Basliklar"), Filtre_alan): Method.TextDegerineEsitElementVarMi is PASSED

2021-11-12 17:46:52 - [MESSAGE][INFO] - Finding Test Object 'Object Repository/Filtreler/Basliklar'

2021-11-12 17:46:52 - [MESSAGE][INFO] - Checking timeout

2021-11-12 17:46:52 - [MESSAGE][INFO] - Finding web element with id: 'Object Repository/Filtreler/Basliklar' located by 'By.cssSelector: .control-label.col-sm-4.paddingMarginRLC' in '10' second(s)

2021-11-12 17:46:52 - [MESSAGE][INFO] - Smart Wait Function is triggered

2021-11-12 17:46:52 - [MESSAGE][INFO] - Found 7 web elements with id: 'Object Repository/Filtreler/Basliklar' located by 'By.cssSelector: .control-label.col-sm-4.paddingMarginRLC' in '10' second(s)

2021-11-12 17:46:52 - [MESSAGE][PASSED] - Method.TextDegerineEsitElementVarMi is PASSED

2021-11-12 17:46:52 - [MESSAGE][PASSED] - Call Test Case 'Test Cases/Filtreler/FiltreVarMi' successfully

2021-11-12 17:46:52 - [MESSAGE][INFO] - Checking called Test Case

2021-11-12 17:46:52 - [MESSAGE][INFO] - Starting to call Test Case 'Test Cases/Filtreler/FiltreVarMi'

2021-11-12 17:46:52 - [TEST_CASE][PASSED] - Test Cases/Filtreler/FiltreVarMi: Test Cases/Filtreler/FiltreVarMi

2021-11-12 17:46:52 - [TEST_STEP][PASSED] - Method.TextDegerineEsitElementVarMi(findTestObject("Filtreler/Basliklar"), Filtre_alan): Method.TextDegerineEsitElementVarMi is PASSED

2021-11-12 17:46:52 - [MESSAGE][INFO] - Finding Test Object 'Object Repository/Filtreler/Basliklar'

2021-11-12 17:46:52 - [MESSAGE][INFO] - Checking timeout

2021-11-12 17:46:52 - [MESSAGE][INFO] - Finding web element with id: 'Object Repository/Filtreler/Basliklar' located by 'By.cssSelector: .control-label.col-sm-4.paddingMarginRLC' in '10' second(s)

2021-11-12 17:46:52 - [MESSAGE][INFO] - Smart Wait Function is triggered

2021-11-12 17:46:53 - [MESSAGE][INFO] - Found 7 web elements with id: 'Object Repository/Filtreler/Basliklar' located by 'By.cssSelector: .control-label.col-sm-4.paddingMarginRLC' in '10' second(s)

2021-11-12 17:46:53 - [MESSAGE][PASSED] - Method.TextDegerineEsitElementVarMi is PASSED

2021-11-12 17:46:53 - [MESSAGE][PASSED] - Call Test Case 'Test Cases/Filtreler/FiltreVarMi' successfully

2021-11-12 17:46:53 - [MESSAGE][INFO] - Checking called Test Case

2021-11-12 17:46:53 - [MESSAGE][INFO] - Starting to call Test Case 'Test Cases/Filtreler/FiltreVarMi'

2021-11-12 17:46:53 - [TEST_CASE][PASSED] - Test Cases/Filtreler/FiltreVarMi: Test Cases/Filtreler/FiltreVarMi

2021-11-12 17:46:53 - [TEST_STEP][PASSED] - Method.TextDegerineEsitElementVarMi(findTestObject("Filtreler/Basliklar"), Filtre_alan): Method.TextDegerineEsitElementVarMi is PASSED

2021-11-12 17:46:53 - [MESSAGE][INFO] - Finding Test Object 'Object Repository/Filtreler/Basliklar'

2021-11-12 17:46:53 - [MESSAGE][INFO] - Checking timeout

2021-11-12 17:46:53 - [MESSAGE][INFO] - Finding web element with id: 'Object Repository/Filtreler/Basliklar' located by 'By.cssSelector: .control-label.col-sm-4.paddingMarginRLC' in '10' second(s)

2021-11-12 17:46:53 - [MESSAGE][INFO] - Smart Wait Function is triggered

2021-11-12 17:46:53 - [MESSAGE][INFO] - Found 7 web elements with id: 'Object Repository/Filtreler/Basliklar' located by 'By.cssSelector: .control-label.col-sm-4.paddingMarginRLC' in '10' second(s)

2021-11-12 17:46:53 - [MESSAGE][PASSED] - Method.TextDegerineEsitElementVarMi is PASSED

2021-11-12 17:46:53 - [MESSAGE][PASSED] - Call Test Case 'Test Cases/Filtreler/FiltreVarMi' successfully

2021-11-12 17:46:53 - [MESSAGE][INFO] - Checking called Test Case

2021-11-12 17:46:53 - [MESSAGE][INFO] - Starting to call Test Case 'Test Cases/Filtreler/FiltreVarMi'

2021-11-12 17:46:53 - [TEST_CASE][PASSED] - Test Cases/Filtreler/FiltreVarMi: Test Cases/Filtreler/FiltreVarMi

2021-11-12 17:46:53 - [TEST_STEP][PASSED] - Method.TextDegerineEsitElementVarMi(findTestObject("Filtreler/Basliklar"), Filtre_alan): Method.TextDegerineEsitElementVarMi is PASSED

2021-11-12 17:46:53 - [MESSAGE][INFO] - Finding Test Object 'Object Repository/Filtreler/Basliklar'

2021-11-12 17:46:53 - [MESSAGE][INFO] - Checking timeout

2021-11-12 17:46:53 - [MESSAGE][INFO] - Finding web element with id: 'Object Repository/Filtreler/Basliklar' located by 'By.cssSelector: .control-label.col-sm-4.paddingMarginRLC' in '10' second(s)

2021-11-12 17:46:53 - [MESSAGE][INFO] - Smart Wait Function is triggered

2021-11-12 17:46:54 - [MESSAGE][INFO] - Found 7 web elements with id: 'Object Repository/Filtreler/Basliklar' located by 'By.cssSelector: .control-label.col-sm-4.paddingMarginRLC' in '10' second(s)

2021-11-12 17:46:54 - [MESSAGE][PASSED] - Method.TextDegerineEsitElementVarMi is PASSED

2021-11-12 17:46:54 - [MESSAGE][PASSED] - Call Test Case 'Test Cases/Filtreler/FiltreVarMi' successfully

2021-11-12 17:46:54 - [MESSAGE][INFO] - Checking called Test Case

2021-11-12 17:46:54 - [MESSAGE][INFO] - Starting to call Test Case 'Test Cases/Filtreler/FiltreVarMi'

2021-11-12 17:46:54 - [TEST_CASE][PASSED] - Test Cases/Filtreler/FiltreVarMi: Test Cases/Filtreler/FiltreVarMi

2021-11-12 17:46:54 - [TEST_STEP][PASSED] - Method.TextDegerineEsitElementVarMi(findTestObject("Filtreler/Basliklar"), Filtre_alan): Method.TextDegerineEsitElementVarMi is PASSED

2021-11-12 17:46:54 - [MESSAGE][INFO] - Finding Test Object 'Object Repository/Filtreler/Basliklar'

2021-11-12 17:46:54 - [MESSAGE][INFO] - Checking timeout

2021-11-12 17:46:54 - [MESSAGE][INFO] - Finding web element with id: 'Object Repository/Filtreler/Basliklar' located by 'By.cssSelector: .control-label.col-sm-4.paddingMarginRLC' in '10' second(s)

2021-11-12 17:46:54 - [MESSAGE][INFO] - Smart Wait Function is triggered

2021-11-12 17:46:54 - [MESSAGE][INFO] - Found 7 web elements with id: 'Object Repository/Filtreler/Basliklar' located by 'By.cssSelector: .control-label.col-sm-4.paddingMarginRLC' in '10' second(s)

2021-11-12 17:46:54 - [MESSAGE][PASSED] - Method.TextDegerineEsitElementVarMi is PASSED

2021-11-12 17:46:54 - [MESSAGE][PASSED] - Call Test Case 'Test Cases/Filtreler/FiltreVarMi' successfully

2021-11-12 17:46:54 - [MESSAGE][INFO] - Checking called Test Case

2021-11-12 17:46:54 - [MESSAGE][INFO] - Starting to call Test Case 'Test Cases/Filtreler/FiltreVarMi'

2021-11-12 17:46:54 - [TEST_CASE][PASSED] - Test Cases/Filtreler/FiltreVarMi: Test Cases/Filtreler/FiltreVarMi

2021-11-12 17:46:54 - [TEST_STEP][PASSED] - Method.TextDegerineEsitElementVarMi(findTestObject("Filtreler/Basliklar"), Filtre_alan): Method.TextDegerineEsitElementVarMi is PASSED

2021-11-12 17:46:54 - [MESSAGE][INFO] - Finding Test Object 'Object Repository/Filtreler/Basliklar'

2021-11-12 17:46:54 - [MESSAGE][INFO] - Checking timeout

2021-11-12 17:46:54 - [MESSAGE][INFO] - Finding web element with id: 'Object Repository/Filtreler/Basliklar' located by 'By.cssSelector: .control-label.col-sm-4.paddingMarginRLC' in '10' second(s)

2021-11-12 17:46:54 - [MESSAGE][INFO] - Smart Wait Function is triggered

2021-11-12 17:46:55 - [MESSAGE][INFO] - Found 7 web elements with id: 'Object Repository/Filtreler/Basliklar' located by 'By.cssSelector: .control-label.col-sm-4.paddingMarginRLC' in '10' second(s)

2021-11-12 17:46:55 - [MESSAGE][PASSED] - Method.TextDegerineEsitElementVarMi is PASSED

2021-11-12 17:46:55 - [MESSAGE][PASSED] - Call Test Case 'Test Cases/Filtreler/FiltreVarMi' successfully

2021-11-12 17:46:55 - [MESSAGE][INFO] - Checking called Test Case

2021-11-12 17:46:55 - [MESSAGE][INFO] - Starting to call Test Case 'Test Cases/Filtreler/ButonVarMi'

2021-11-12 17:46:55 - [TEST_CASE][PASSED] - Test Cases/Filtreler/ButonVarMi: Test Cases/Filtreler/ButonVarMi

2021-11-12 17:46:55 - [TEST_STEP][PASSED] - Method.TextDegerineEsitElementVarMi(findTestObject("Filtreler/Butonlar"), Filtre_Buton): Method.TextDegerineEsitElementVarMi is PASSED

2021-11-12 17:46:55 - [MESSAGE][INFO] - Finding Test Object 'Object Repository/Filtreler/Butonlar'

2021-11-12 17:46:55 - [MESSAGE][INFO] - Checking timeout

2021-11-12 17:46:55 - [MESSAGE][INFO] - Finding web element with id: 'Object Repository/Filtreler/Butonlar' located by 'By.cssSelector: .dxb>span' in '10' second(s)

2021-11-12 17:46:55 - [MESSAGE][INFO] - Smart Wait Function is triggered

2021-11-12 17:46:55 - [MESSAGE][INFO] - Found 2 web elements with id: 'Object Repository/Filtreler/Butonlar' located by 'By.cssSelector: .dxb>span' in '10' second(s)

2021-11-12 17:46:55 - [MESSAGE][PASSED] - Method.TextDegerineEsitElementVarMi is PASSED

2021-11-12 17:46:55 - [MESSAGE][PASSED] - Call Test Case 'Test Cases/Filtreler/ButonVarMi' successfully

2021-11-12 17:46:55 - [MESSAGE][INFO] - Checking called Test Case

2021-11-12 17:46:55 - [MESSAGE][INFO] - Starting to call Test Case 'Test Cases/Filtreler/ButonVarMi'

2021-11-12 17:46:55 - [TEST_CASE][PASSED] - Test Cases/Filtreler/ButonVarMi: Test Cases/Filtreler/ButonVarMi

2021-11-12 17:46:55 - [TEST_STEP][PASSED] - Method.TextDegerineEsitElementVarMi(findTestObject("Filtreler/Butonlar"), Filtre_Buton): Method.TextDegerineEsitElementVarMi is PASSED

2021-11-12 17:46:55 - [MESSAGE][INFO] - Finding Test Object 'Object Repository/Filtreler/Butonlar'

2021-11-12 17:46:55 - [MESSAGE][INFO] - Checking timeout

2021-11-12 17:46:55 - [MESSAGE][INFO] - Finding web element with id: 'Object Repository/Filtreler/Butonlar' located by 'By.cssSelector: .dxb>span' in '10' second(s)

2021-11-12 17:46:55 - [MESSAGE][INFO] - Smart Wait Function is triggered

2021-11-12 17:46:56 - [MESSAGE][INFO] - Found 2 web elements with id: 'Object Repository/Filtreler/Butonlar' located by 'By.cssSelector: .dxb>span' in '10' second(s)

2021-11-12 17:46:56 - [MESSAGE][PASSED] - Method.TextDegerineEsitElementVarMi is PASSED

2021-11-12 17:46:56 - [MESSAGE][PASSED] - Call Test Case 'Test Cases/Filtreler/ButonVarMi' successfully

2021-11-12 17:46:56 - [MESSAGE][INFO] - Checking called Test Case

2021-11-12 17:46:56 - [MESSAGE][INFO] - Starting to call Test Case 'Test Cases/Filtreler/DropdownSec'

2021-11-12 17:46:56 - [TEST_CASE][PASSED] - Test Cases/Filtreler/DropdownSec: Test Cases/Filtreler/DropdownSec

2021-11-12 17:46:56 - [TEST_STEP][PASSED] - Method.TextDegerineEsitElementinAltindakineTikla(findTestObject("Filtreler/Basliklar"), findTestObject("Filtreler/Basliga_Gore_Baslangic_Image"), Filtre_Adi): Method.TextDegerineEsitElementinAltindakineTikla is PASSED

2021-11-12 17:46:56 - [MESSAGE][INFO] - Finding Test Object 'Object Repository/Filtreler/Basliklar'

2021-11-12 17:46:56 - [MESSAGE][INFO] - Finding Test Object 'Object Repository/Filtreler/Basliga_Gore_Baslangic_Image'

2021-11-12 17:46:57 - [MESSAGE][INFO] - Checking timeout

2021-11-12 17:46:57 - [MESSAGE][INFO] - Finding web element with id: 'Object Repository/Filtreler/Basliklar' located by 'By.cssSelector: .control-label.col-sm-4.paddingMarginRLC' in '10' second(s)

2021-11-12 17:46:57 - [MESSAGE][INFO] - Smart Wait Function is triggered

2021-11-12 17:46:57 - [MESSAGE][INFO] - Found 7 web elements with id: 'Object Repository/Filtreler/Basliklar' located by 'By.cssSelector: .control-label.col-sm-4.paddingMarginRLC' in '10' second(s)

2021-11-12 17:46:57 - [MESSAGE][INFO] - Smart Wait Function is triggered

2021-11-12 17:46:57 - [MESSAGE][PASSED] - Method.TextDegerineEsitElementinAltindakineTikla is PASSED

2021-11-12 17:46:57 - [TEST_STEP][PASSED] - Method.TextDegerineEsitElementeTikla(findTestObject("Object Repository/Filtreler/Basliga_Gore_Dropdown"), Filtre_Degeri): Method.TextDegerineEsitElementeTikla is PASSED

2021-11-12 17:46:57 - [MESSAGE][INFO] - Finding Test Object 'Object Repository/Filtreler/Basliga_Gore_Dropdown'

2021-11-12 17:46:57 - [MESSAGE][INFO] - Checking timeout

2021-11-12 17:46:57 - [MESSAGE][INFO] - Finding web element with id: 'Object Repository/Filtreler/Basliga_Gore_Dropdown' located by 'By.xpath: //*[@class = 'dxeListBoxItemRow_LECustomTheme']' in '10' second(s)

2021-11-12 17:46:57 - [MESSAGE][INFO] - Smart Wait Function is triggered

2021-11-12 17:46:58 - [MESSAGE][INFO] - Found 290 web elements with id: 'Object Repository/Filtreler/Basliga_Gore_Dropdown' located by 'By.xpath: //*[@class = 'dxeListBoxItemRow_LECustomTheme']' in '10' second(s)

2021-11-12 17:47:03 - [MESSAGE][PASSED] - Method.TextDegerineEsitElementeTikla is PASSED

2021-11-12 17:47:03 - [MESSAGE][PASSED] - Call Test Case 'Test Cases/Filtreler/DropdownSec' successfully

2021-11-12 17:47:03 - [MESSAGE][INFO] - Checking called Test Case

2021-11-12 17:47:03 - [MESSAGE][INFO] - Starting to call Test Case 'Test Cases/Filtreler/ButonaTikla'

2021-11-12 17:47:03 - [TEST_CASE][PASSED] - Test Cases/Filtreler/ButonaTikla: Test Cases/Filtreler/ButonaTikla

2021-11-12 17:47:03 - [TEST_STEP][PASSED] - Method.TextDegerineEsitElementeTikla(findTestObject("Filtreler/Butonlar"), Filtre_Buton): Method.TextDegerineEsitElementeTikla is PASSED

2021-11-12 17:47:03 - [MESSAGE][INFO] - Finding Test Object 'Object Repository/Filtreler/Butonlar'

2021-11-12 17:47:03 - [MESSAGE][INFO] - Checking timeout

2021-11-12 17:47:03 - [MESSAGE][INFO] - Finding web element with id: 'Object Repository/Filtreler/Butonlar' located by 'By.cssSelector: .dxb>span' in '10' second(s)

2021-11-12 17:47:03 - [MESSAGE][INFO] - Smart Wait Function is triggered

2021-11-12 17:47:03 - [MESSAGE][INFO] - Found 2 web elements with id: 'Object Repository/Filtreler/Butonlar' located by 'By.cssSelector: .dxb>span' in '10' second(s)

2021-11-12 17:47:03 - [MESSAGE][PASSED] - Method.TextDegerineEsitElementeTikla is PASSED

2021-11-12 17:47:03 - [MESSAGE][PASSED] - Call Test Case 'Test Cases/Filtreler/ButonaTikla' successfully

2021-11-12 17:47:03 - [MESSAGE][INFO] - Checking called Test Case

2021-11-12 17:47:03 - [MESSAGE][INFO] - Starting to call Test Case 'Test Cases/Tablo/TablodaVeriVarMi'

2021-11-12 17:47:03 - [TEST_CASE][PASSED] - Test Cases/Tablo/TablodaVeriVarMi: Test Cases/Tablo/TablodaVeriVarMi

2021-11-12 17:47:03 - [TEST_STEP][PASSED] - verifyTextNotPresent("Görüntülenecek veri yok", true): Text 'Görüntülenecek veri yok' is not present on page using regular expression

2021-11-12 17:47:03 - [MESSAGE][INFO] - Checking text present  using regular expression

2021-11-12 17:47:03 - [MESSAGE][INFO] - Smart Wait Function is triggered

2021-11-12 17:47:05 - [MESSAGE][INFO] - Finding text 'Görüntülenecek veri yok' on page  using regular expression

2021-11-12 17:47:05 - [MESSAGE][PASSED] - Text 'Görüntülenecek veri yok' is not present on page using regular expression

2021-11-12 17:47:05 - [MESSAGE][PASSED] - Call Test Case 'Test Cases/Tablo/TablodaVeriVarMi' successfully

2021-11-12 17:47:05 - [MESSAGE][INFO] - Checking called Test Case

2021-11-12 17:47:05 - [MESSAGE][INFO] - Starting to call Test Case 'Test Cases/Butonlar/NumaraliSayfayaGec'

2021-11-12 17:47:05 - [TEST_CASE][PASSED] - Test Cases/Butonlar/NumaraliSayfayaGec: Test Cases/Butonlar/NumaraliSayfayaGec

2021-11-12 17:47:05 - [TEST_STEP][PASSED] - waitForElementClickable(findTestObject("Butonlar/SayfaNumarasi"), 10): Object 'Object Repository/Butonlar/SayfaNumarasi' is clickable

2021-11-12 17:47:05 - [MESSAGE][INFO] - Finding Test Object 'Object Repository/Butonlar/SayfaNumarasi'

2021-11-12 17:47:05 - [MESSAGE][INFO] - Checking object

2021-11-12 17:47:05 - [MESSAGE][INFO] - Checking timeout

2021-11-12 17:47:05 - [MESSAGE][INFO] - Finding web element from Test Object's properties

2021-11-12 17:47:05 - [MESSAGE][INFO] - Checking timeout

2021-11-12 17:47:05 - [MESSAGE][INFO] - Finding web element with id: 'Object Repository/Butonlar/SayfaNumarasi' located by 'By.cssSelector: .dxp-num' in '10' second(s)

2021-11-12 17:47:05 - [MESSAGE][INFO] - Smart Wait Function is triggered

2021-11-12 17:47:05 - [MESSAGE][INFO] - Found 7 web elements with id: 'Object Repository/Butonlar/SayfaNumarasi' located by 'By.cssSelector: .dxp-num' in '10' second(s)

2021-11-12 17:47:05 - [MESSAGE][PASSED] - Object 'Object Repository/Butonlar/SayfaNumarasi' is clickable

2021-11-12 17:47:05 - [TEST_STEP][PASSED] - Method.TextDegerineEsitElementeTiklaEquals(findTestObject("Butonlar/SayfaNumarasi"), SayfaNumarasi): Method.TextDegerineEsitElementeTiklaEquals is PASSED

2021-11-12 17:47:05 - [MESSAGE][INFO] - Finding Test Object 'Object Repository/Butonlar/SayfaNumarasi'

2021-11-12 17:47:05 - [MESSAGE][INFO] - Checking timeout

2021-11-12 17:47:05 - [MESSAGE][INFO] - Finding web element with id: 'Object Repository/Butonlar/SayfaNumarasi' located by 'By.cssSelector: .dxp-num' in '10' second(s)

2021-11-12 17:47:05 - [MESSAGE][INFO] - Smart Wait Function is triggered

2021-11-12 17:47:06 - [MESSAGE][INFO] - Found 7 web elements with id: 'Object Repository/Butonlar/SayfaNumarasi' located by 'By.cssSelector: .dxp-num' in '10' second(s)

2021-11-12 17:47:06 - [MESSAGE][PASSED] - Method.TextDegerineEsitElementeTiklaEquals is PASSED

2021-11-12 17:47:06 - [MESSAGE][PASSED] - Call Test Case 'Test Cases/Butonlar/NumaraliSayfayaGec' successfully

2021-11-12 17:47:06 - [MESSAGE][INFO] - Checking called Test Case

2021-11-12 17:47:06 - [MESSAGE][INFO] - Starting to call Test Case 'Test Cases/Kullanici_Islemleri/KullaniciIslemlerindenSecimYapilir'

2021-11-12 17:47:06 - [TEST_CASE][PASSED] - Test Cases/Kullanici_Islemleri/KullaniciIslemlerindenSecimYapilir: Test Cases/Kullanici_Islemleri/KullaniciIslemlerindenSecimYapilir

2021-11-12 17:47:06 - [TEST_STEP][PASSED] - waitForElementClickable(findTestObject("Object Repository/Kullanici_Islemleri/KullaniciIslemleri"), 10): Object 'Object Repository/Kullanici_Islemleri/KullaniciIslemleri' is clickable

2021-11-12 17:47:06 - [MESSAGE][INFO] - Finding Test Object 'Object Repository/Kullanici_Islemleri/KullaniciIslemleri'

2021-11-12 17:47:06 - [MESSAGE][INFO] - Checking object

2021-11-12 17:47:06 - [MESSAGE][INFO] - Checking timeout

2021-11-12 17:47:06 - [MESSAGE][INFO] - Finding web element from Test Object's properties

2021-11-12 17:47:06 - [MESSAGE][INFO] - Checking timeout

2021-11-12 17:47:06 - [MESSAGE][INFO] - Finding web element with id: 'Object Repository/Kullanici_Islemleri/KullaniciIslemleri' located by 'By.cssSelector: .dropdown>a>img' in '10' second(s)

2021-11-12 17:47:06 - [MESSAGE][INFO] - Smart Wait Function is triggered

2021-11-12 17:47:07 - [MESSAGE][INFO] - Found 1 web elements with id: 'Object Repository/Kullanici_Islemleri/KullaniciIslemleri' located by 'By.cssSelector: .dropdown>a>img' in '10' second(s)

2021-11-12 17:47:07 - [MESSAGE][PASSED] - Object 'Object Repository/Kullanici_Islemleri/KullaniciIslemleri' is clickable

2021-11-12 17:47:07 - [TEST_STEP][PASSED] - click(findTestObject("Object Repository/Kullanici_Islemleri/KullaniciIslemleri")): Object: 'Object Repository/Kullanici_Islemleri/KullaniciIslemleri' is clicked on

2021-11-12 17:47:07 - [MESSAGE][INFO] - Finding Test Object 'Object Repository/Kullanici_Islemleri/KullaniciIslemleri'

2021-11-12 17:47:07 - [MESSAGE][INFO] - Checking object

2021-11-12 17:47:07 - [MESSAGE][INFO] - Finding web element from Test Object's properties

2021-11-12 17:47:07 - [MESSAGE][INFO] - Checking timeout

2021-11-12 17:47:07 - [MESSAGE][INFO] - Finding web element with id: 'Object Repository/Kullanici_Islemleri/KullaniciIslemleri' located by 'By.cssSelector: .dropdown>a>img' in '30' second(s)

2021-11-12 17:47:07 - [MESSAGE][INFO] - Smart Wait Function is triggered

2021-11-12 17:47:07 - [MESSAGE][INFO] - Found 1 web elements with id: 'Object Repository/Kullanici_Islemleri/KullaniciIslemleri' located by 'By.cssSelector: .dropdown>a>img' in '30' second(s)

2021-11-12 17:47:07 - [MESSAGE][INFO] - Clicking on object: 'Object Repository/Kullanici_Islemleri/KullaniciIslemleri'

2021-11-12 17:47:07 - [MESSAGE][PASSED] - Object: 'Object Repository/Kullanici_Islemleri/KullaniciIslemleri' is clicked on

2021-11-12 17:47:07 - [TEST_STEP][PASSED] - Method.TextDegerineEsitElementeTikla(findTestObject("Object Repository/Kullanici_Islemleri/Secenekler"), Islem): Method.TextDegerineEsitElementeTikla is PASSED

2021-11-12 17:47:07 - [MESSAGE][INFO] - Finding Test Object 'Object Repository/Kullanici_Islemleri/Secenekler'

2021-11-12 17:47:07 - [MESSAGE][INFO] - Checking timeout

2021-11-12 17:47:07 - [MESSAGE][INFO] - Finding web element with id: 'Object Repository/Kullanici_Islemleri/Secenekler' located by 'By.cssSelector: .nav.navbar-nav.navbar-right li a' in '10' second(s)

2021-11-12 17:47:07 - [MESSAGE][INFO] - Smart Wait Function is triggered

2021-11-12 17:47:07 - [MESSAGE][INFO] - Found 22 web elements with id: 'Object Repository/Kullanici_Islemleri/Secenekler' located by 'By.cssSelector: .nav.navbar-nav.navbar-right li a' in '10' second(s)

2021-11-12 17:47:09 - [MESSAGE][PASSED] - Method.TextDegerineEsitElementeTikla is PASSED

2021-11-12 17:47:09 - [TEST_STEP][PASSED] - verifyElementNotPresent(findTestObject("Object Repository/Kullanici_Islemleri/Secenekler"), 10): Web element with id: 'Object Repository/Kullanici_Islemleri/Secenekler' located by 'By.cssSelector: .nav.navbar-nav.navbar-right li a' is not present after '10' second(s)

2021-11-12 17:47:09 - [MESSAGE][INFO] - Finding Test Object 'Object Repository/Kullanici_Islemleri/Secenekler'

2021-11-12 17:47:09 - [MESSAGE][INFO] - Checking object

2021-11-12 17:47:09 - [MESSAGE][INFO] - Checking timeout

2021-11-12 17:47:09 - [MESSAGE][INFO] - Finding web element with id: 'Object Repository/Kullanici_Islemleri/Secenekler' located by 'By.cssSelector: .nav.navbar-nav.navbar-right li a' in '10' second(s)

2021-11-12 17:47:09 - [MESSAGE][INFO] - Smart Wait Function is triggered

2021-11-12 17:47:09 - [MESSAGE][PASSED] - Web element with id: 'Object Repository/Kullanici_Islemleri/Secenekler' located by 'By.cssSelector: .nav.navbar-nav.navbar-right li a' is not present after '10' second(s)

2021-11-12 17:47:09 - [MESSAGE][PASSED] - Call Test Case 'Test Cases/Kullanici_Islemleri/KullaniciIslemlerindenSecimYapilir' successfully

2021-11-12 17:47:09 - [TEST_CASE][PASSED] - Start Test Case : SCENARIO Raporlar Izlenme Kayitlari Ekran Kontrolu: SCENARIO Raporlar Izlenme Kayitlari Ekran Kontrolu

2021-11-12 17:47:09 - [TEST_STEP][PASSED] - Kullanıcı adı ELOGO6 ve Şifre 123456 olarak giriş yapılır: Kullanıcı adı ELOGO6 ve Şifre 123456 olarak giriş yapılır

2021-11-12 17:47:09 - [MESSAGE][PASSED] - Kullanıcı adı ELOGO6 ve Şifre 123456 olarak giriş yapılır

2021-11-12 17:47:09 - [TEST_STEP][PASSED] - Ana menüden Raporlar seçilir: Ana menüden Raporlar seçilir

2021-11-12 17:47:09 - [MESSAGE][PASSED] - Ana menüden Raporlar seçilir

2021-11-12 17:47:09 - [TEST_STEP][PASSED] - Alt menüden İzleme Kayıtları seçilir: Alt menüden İzleme Kayıtları seçilir

2021-11-12 17:47:09 - [MESSAGE][PASSED] - Alt menüden İzleme Kayıtları seçilir

2021-11-12 17:47:09 - [TEST_STEP][PASSED] - Filtre alanlarında Tarih Aralığı var mı: Filtre alanlarında Tarih Aralığı var mı

2021-11-12 17:47:09 - [MESSAGE][PASSED] - Filtre alanlarında Tarih Aralığı var mı

2021-11-12 17:47:09 - [TEST_STEP][PASSED] - Filtre alanlarında İşlem Tipi var mı: Filtre alanlarında İşlem Tipi var mı

2021-11-12 17:47:09 - [MESSAGE][PASSED] - Filtre alanlarında İşlem Tipi var mı

2021-11-12 17:47:09 - [TEST_STEP][PASSED] - Filtre alanlarında Kullanıcı Adı var mı: Filtre alanlarında Kullanıcı Adı var mı

2021-11-12 17:47:09 - [MESSAGE][PASSED] - Filtre alanlarında Kullanıcı Adı var mı

2021-11-12 17:47:09 - [TEST_STEP][PASSED] - Filtre alanlarında Ekran var mı: Filtre alanlarında Ekran var mı

2021-11-12 17:47:09 - [MESSAGE][PASSED] - Filtre alanlarında Ekran var mı

2021-11-12 17:47:09 - [TEST_STEP][PASSED] - Filtre alanlarında İşlem Sonucu var mı: Filtre alanlarında İşlem Sonucu var mı

2021-11-12 17:47:09 - [MESSAGE][PASSED] - Filtre alanlarında İşlem Sonucu var mı

2021-11-12 17:47:09 - [TEST_STEP][PASSED] - Filtre alanlarında İşlem var mı: Filtre alanlarında İşlem var mı

2021-11-12 17:47:09 - [MESSAGE][PASSED] - Filtre alanlarında İşlem var mı

2021-11-12 17:47:09 - [TEST_STEP][PASSED] - Filtre alanlarında Ip Adresi var mı: Filtre alanlarında Ip Adresi var mı

2021-11-12 17:47:09 - [MESSAGE][PASSED] - Filtre alanlarında Ip Adresi var mı

2021-11-12 17:47:09 - [TEST_STEP][PASSED] - Filtre butonlarında Listele var mı: Filtre butonlarında Listele var mı

2021-11-12 17:47:09 - [MESSAGE][PASSED] - Filtre butonlarında Listele var mı

2021-11-12 17:47:09 - [TEST_STEP][PASSED] - Filtre butonlarında Temizle var mı: Filtre butonlarında Temizle var mı

2021-11-12 17:47:09 - [MESSAGE][PASSED] - Filtre butonlarında Temizle var mı

2021-11-12 17:47:09 - [TEST_STEP][PASSED] - Filtrelerden İşlem Tipi filtresine Bildirim dropdowndan degeri seçilir: Filtrelerden İşlem Tipi filtresine Bildirim dropdowndan degeri seçilir

2021-11-12 17:47:09 - [MESSAGE][PASSED] - Filtrelerden İşlem Tipi filtresine Bildirim dropdowndan degeri seçilir

2021-11-12 17:47:09 - [TEST_STEP][PASSED] - Filtre butonlarından Listele seçilir: Filtre butonlarından Listele seçilir

2021-11-12 17:47:09 - [MESSAGE][PASSED] - Filtre butonlarından Listele seçilir

2021-11-12 17:47:09 - [TEST_STEP][PASSED] - Tabloda veri var mı kontrol edilir: Tabloda veri var mı kontrol edilir

2021-11-12 17:47:09 - [MESSAGE][PASSED] - Tabloda veri var mı kontrol edilir

2021-11-12 17:47:09 - [TEST_STEP][PASSED] - Sayfa butonlarından 2 numaralı sayfa butonuna tıklanır: Sayfa butonlarından 2 numaralı sayfa butonuna tıklanır

2021-11-12 17:47:09 - [MESSAGE][PASSED] - Sayfa butonlarından 2 numaralı sayfa butonuna tıklanır

2021-11-12 17:47:09 - [TEST_STEP][PASSED] - Kullanıcı işlemlerinden Çıkış seçilir: Kullanıcı işlemlerinden Çıkış seçilir

2021-11-12 17:47:09 - [MESSAGE][PASSED] - Kullanıcı işlemlerinden Çıkış seçilir

2021-11-12 17:47:09 - [MESSAGE][PASSED] - Feature file: 'Include/features/Raporlar/Izlenme Kayitlari/Ekran Kontrolu.feature' was passed

2021-11-12 17:47:09 - [TEST_STEP][PASSED] - Start listener action : sampleAfterTestSuite: Invoke 'com.kms.katalon.core.annotation.AfterTestCase' method: 'Listener.sampleAfterTestSuite(...)' completed.

2021-11-12 17:47:09 - [MESSAGE][INFO] - Starting invoke 'com.kms.katalon.core.annotation.AfterTestCase' method: 'Listener.sampleAfterTestSuite(...)'

2021-11-12 17:47:09 - [TEST_STEP][PASSED] - closeBrowser(): Invoke 'com.kms.katalon.core.annotation.AfterTestCase' method: 'Listener.sampleAfterTestSuite(...)' completed.

2021-11-12 17:47:09 - [MESSAGE][INFO] - Closing browser

2021-11-12 17:47:10 - [MESSAGE][PASSED] - Browser is closed

2021-11-12 17:47:10 - [MESSAGE][INFO] - Invoke 'com.kms.katalon.core.annotation.AfterTestCase' method: 'Listener.sampleAfterTestSuite(...)' completed.]]></system-out>
         <system-err><![CDATA[]]></system-err>
      </testcase>
      <testcase name="Test Cases/Case Repository/Raporlar/Kümülatif Kontrol Raporu/Ekran Kontrolü ve Excel Aktar" time="112.386" classname="Test Cases/Case Repository/Raporlar/Kümülatif Kontrol Raporu/Ekran Kontrolü ve Excel Aktar" status="PASSED">
         <system-out><![CDATA[2021-11-12 17:47:10 - [TEST_CASE][PASSED] - Test Cases/Case Repository/Raporlar/Kümülatif Kontrol Raporu/Ekran Kontrolü ve Excel Aktar: Test Cases/Case Repository/Raporlar/Kümülatif Kontrol Raporu/Ekran Kontrolü ve Excel Aktar

2021-11-12 17:47:10 - [TEST_STEP][PASSED] - Start listener action : sampleBeforeTestSuite: Invoke 'com.kms.katalon.core.annotation.BeforeTestCase' method: 'Listener.sampleBeforeTestSuite(...)' completed.

2021-11-12 17:47:10 - [MESSAGE][INFO] - Starting invoke 'com.kms.katalon.core.annotation.BeforeTestCase' method: 'Listener.sampleBeforeTestSuite(...)'

2021-11-12 17:47:10 - [TEST_STEP][PASSED] - openBrowser(baseUrl): Browser is opened with url: 'https://efatura-stage.elogo.com.tr/'

2021-11-12 17:47:10 - [MESSAGE][INFO] - Opening browser

2021-11-12 17:47:10 - [MESSAGE][INFO] - Starting 'Chrome' driver

2021-11-12 17:47:10 - [MESSAGE][INFO] - User set preference: ['prefs', '{download.default_directory=C:\otomasyondownfiles}']

2021-11-12 17:47:10 - [MESSAGE][INFO] - Action delay is set to 0 milliseconds

2021-11-12 17:47:11 - [MESSAGE][INFO] - Navigating browser to: 'https://efatura-stage.elogo.com.tr/'

2021-11-12 17:47:14 - [MESSAGE][PASSED] - Browser is opened with url: 'https://efatura-stage.elogo.com.tr/'

2021-11-12 17:47:14 - [TEST_STEP][PASSED] - maximizeWindow(): Invoke 'com.kms.katalon.core.annotation.BeforeTestCase' method: 'Listener.sampleBeforeTestSuite(...)' completed.

2021-11-12 17:47:14 - [MESSAGE][INFO] - Maximizing current window

2021-11-12 17:47:14 - [MESSAGE][PASSED] - Current window maximized

2021-11-12 17:47:14 - [MESSAGE][INFO] - Invoke 'com.kms.katalon.core.annotation.BeforeTestCase' method: 'Listener.sampleBeforeTestSuite(...)' completed.

2021-11-12 17:47:15 - [TEST_STEP][PASSED] - runFeatureFile("Include/features/Raporlar/Kümülatif Kontör Raporu/Ekran Kontrolü ve Excel Aktar.feature"): Feature file: 'Include/features/Raporlar/Kümülatif Kontör Raporu/Ekran Kontrolü ve Excel Aktar.feature' was passed

2021-11-12 17:47:15 - [MESSAGE][INFO] - Starting run keyword runFeatureFile: 'Include/features/Raporlar/Kümülatif Kontör Raporu/Ekran Kontrolü ve Excel Aktar.feature' and extract report to folder: 'C:\Users\DELL\Documents\GitHub\EES_KatalonLogo\Reports\20211112_170311\Suite Repository\Raporlar\20211112_170425/cucumber_report/1636728435057'...

2021-11-12 17:47:15 - [MESSAGE][INFO] - Glue: []

2021-11-12 17:47:16 - [MESSAGE][INFO] - Checking called Test Case

2021-11-12 17:47:16 - [MESSAGE][INFO] - Starting to call Test Case 'Test Cases/Sayfalar/Giris_Sayfasi/Login'

2021-11-12 17:47:16 - [TEST_CASE][PASSED] - Test Cases/Sayfalar/Giris_Sayfasi/Login: Test Cases/Sayfalar/Giris_Sayfasi/Login

2021-11-12 17:47:16 - [TEST_STEP][PASSED] - Sayfa_Basligi = getWindowTitle(): Current window's title is: 'LOGO e-Fatura'

2021-11-12 17:47:16 - [MESSAGE][INFO] - Getting current window's title

2021-11-12 17:47:16 - [MESSAGE][PASSED] - Current window's title is: 'LOGO e-Fatura'

2021-11-12 17:47:16 - [TEST_STEP][PASSED] - verifyMatch(Sayfa_Basligi, "LOGO e-Fatura", false): Actual text 'LOGO e-Fatura' and expected text 'LOGO e-Fatura' are matched 

2021-11-12 17:47:16 - [MESSAGE][INFO] - Matching actual text 'LOGO e-Fatura' with expected text 'LOGO e-Fatura'

2021-11-12 17:47:16 - [MESSAGE][PASSED] - Actual text 'LOGO e-Fatura' and expected text 'LOGO e-Fatura' are matched 

2021-11-12 17:47:16 - [TEST_STEP][PASSED] - sendKeys(findTestObject("Sayfalar/Giris_Sayfasi/Firma_Kodu"), KullaniciAdi): Keys 'ELOGO6' sent to object: 'Object Repository/Sayfalar/Giris_Sayfasi/Firma_Kodu'

2021-11-12 17:47:16 - [MESSAGE][INFO] - Finding Test Object 'Object Repository/Sayfalar/Giris_Sayfasi/Firma_Kodu'

2021-11-12 17:47:16 - [MESSAGE][INFO] - Sending keys 'ELOGO6' to object: 'Object Repository/Sayfalar/Giris_Sayfasi/Firma_Kodu'

2021-11-12 17:47:16 - [MESSAGE][INFO] - Finding web element from Test Object's properties

2021-11-12 17:47:16 - [MESSAGE][INFO] - Checking timeout

2021-11-12 17:47:16 - [MESSAGE][INFO] - Finding web element with id: 'Object Repository/Sayfalar/Giris_Sayfasi/Firma_Kodu' located by 'By.xpath: //*[@id = 'AccountName']' in '30' second(s)

2021-11-12 17:47:16 - [MESSAGE][INFO] - Smart Wait Function is triggered

2021-11-12 17:47:16 - [MESSAGE][INFO] - Found 1 web elements with id: 'Object Repository/Sayfalar/Giris_Sayfasi/Firma_Kodu' located by 'By.xpath: //*[@id = 'AccountName']' in '30' second(s)

2021-11-12 17:47:16 - [MESSAGE][PASSED] - Keys 'ELOGO6' sent to object: 'Object Repository/Sayfalar/Giris_Sayfasi/Firma_Kodu'

2021-11-12 17:47:16 - [TEST_STEP][PASSED] - sendKeys(findTestObject("Sayfalar/Giris_Sayfasi/Sifre"), Sifre): Keys '123456' sent to object: 'Object Repository/Sayfalar/Giris_Sayfasi/Sifre'

2021-11-12 17:47:16 - [MESSAGE][INFO] - Finding Test Object 'Object Repository/Sayfalar/Giris_Sayfasi/Sifre'

2021-11-12 17:47:16 - [MESSAGE][INFO] - Sending keys '123456' to object: 'Object Repository/Sayfalar/Giris_Sayfasi/Sifre'

2021-11-12 17:47:16 - [MESSAGE][INFO] - Finding web element from Test Object's properties

2021-11-12 17:47:16 - [MESSAGE][INFO] - Checking timeout

2021-11-12 17:47:16 - [MESSAGE][INFO] - Finding web element with id: 'Object Repository/Sayfalar/Giris_Sayfasi/Sifre' located by 'By.xpath: //*[@id = 'Password']' in '30' second(s)

2021-11-12 17:47:16 - [MESSAGE][INFO] - Smart Wait Function is triggered

2021-11-12 17:47:17 - [MESSAGE][INFO] - Found 1 web elements with id: 'Object Repository/Sayfalar/Giris_Sayfasi/Sifre' located by 'By.xpath: //*[@id = 'Password']' in '30' second(s)

2021-11-12 17:47:17 - [MESSAGE][PASSED] - Keys '123456' sent to object: 'Object Repository/Sayfalar/Giris_Sayfasi/Sifre'

2021-11-12 17:47:17 - [TEST_STEP][PASSED] - findWebElement(findTestObject("Sayfalar/Giris_Sayfasi/Giris_Butonu")).click(): Found 1 web elements with id: 'Object Repository/Sayfalar/Giris_Sayfasi/Giris_Butonu' located by 'By.cssSelector: #btnLogin' in '30' second(s)

2021-11-12 17:47:17 - [MESSAGE][INFO] - Finding Test Object 'Object Repository/Sayfalar/Giris_Sayfasi/Giris_Butonu'

2021-11-12 17:47:17 - [MESSAGE][INFO] - Finding web element from Test Object's properties

2021-11-12 17:47:17 - [MESSAGE][INFO] - Checking timeout

2021-11-12 17:47:17 - [MESSAGE][INFO] - Finding web element with id: 'Object Repository/Sayfalar/Giris_Sayfasi/Giris_Butonu' located by 'By.cssSelector: #btnLogin' in '30' second(s)

2021-11-12 17:47:17 - [MESSAGE][INFO] - Smart Wait Function is triggered

2021-11-12 17:47:17 - [MESSAGE][INFO] - Found 1 web elements with id: 'Object Repository/Sayfalar/Giris_Sayfasi/Giris_Butonu' located by 'By.cssSelector: #btnLogin' in '30' second(s)

2021-11-12 17:47:20 - [TEST_STEP][PASSED] - if (verifyElementPresent(findTestObject("Object Repository/Sayfalar/Giris_Sayfasi/RetveTamam_Butonu"), 5, OPTIONAL)): null

2021-11-12 17:47:20 - [MESSAGE][INFO] - Finding Test Object 'Object Repository/Sayfalar/Giris_Sayfasi/RetveTamam_Butonu'

2021-11-12 17:47:20 - [MESSAGE][INFO] - Checking object

2021-11-12 17:47:20 - [MESSAGE][INFO] - Finding web element from Test Object's properties

2021-11-12 17:47:20 - [MESSAGE][INFO] - Checking timeout

2021-11-12 17:47:20 - [MESSAGE][INFO] - Finding web element with id: 'Object Repository/Sayfalar/Giris_Sayfasi/RetveTamam_Butonu' located by 'By.xpath: //*[@class = 'btn btn-default']' in '5' second(s)

2021-11-12 17:47:20 - [MESSAGE][INFO] - Smart Wait Function is triggered

2021-11-12 17:47:20 - [MESSAGE][INFO] - Found 1 web elements with id: 'Object Repository/Sayfalar/Giris_Sayfasi/RetveTamam_Butonu' located by 'By.xpath: //*[@class = 'btn btn-default']' in '5' second(s)

2021-11-12 17:47:20 - [MESSAGE][PASSED] - Object 'Object Repository/Sayfalar/Giris_Sayfasi/RetveTamam_Butonu' is present

2021-11-12 17:47:20 - [TEST_STEP][PASSED] - click(findTestObject("Object Repository/Sayfalar/Giris_Sayfasi/RetveTamam_Butonu")): Object: 'Object Repository/Sayfalar/Giris_Sayfasi/RetveTamam_Butonu' is clicked on

2021-11-12 17:47:20 - [MESSAGE][INFO] - Finding Test Object 'Object Repository/Sayfalar/Giris_Sayfasi/RetveTamam_Butonu'

2021-11-12 17:47:20 - [MESSAGE][INFO] - Checking object

2021-11-12 17:47:20 - [MESSAGE][INFO] - Finding web element from Test Object's properties

2021-11-12 17:47:20 - [MESSAGE][INFO] - Checking timeout

2021-11-12 17:47:20 - [MESSAGE][INFO] - Finding web element with id: 'Object Repository/Sayfalar/Giris_Sayfasi/RetveTamam_Butonu' located by 'By.xpath: //*[@class = 'btn btn-default']' in '30' second(s)

2021-11-12 17:47:20 - [MESSAGE][INFO] - Smart Wait Function is triggered

2021-11-12 17:47:21 - [MESSAGE][INFO] - Found 1 web elements with id: 'Object Repository/Sayfalar/Giris_Sayfasi/RetveTamam_Butonu' located by 'By.xpath: //*[@class = 'btn btn-default']' in '30' second(s)

2021-11-12 17:47:21 - [MESSAGE][INFO] - Clicking on object: 'Object Repository/Sayfalar/Giris_Sayfasi/RetveTamam_Butonu'

2021-11-12 17:47:21 - [MESSAGE][PASSED] - Object: 'Object Repository/Sayfalar/Giris_Sayfasi/RetveTamam_Butonu' is clicked on

2021-11-12 17:47:21 - [TEST_STEP][PASSED] - click(findTestObject("Object Repository/Sayfalar/Giris_Sayfasi/RetveTamam_Butonu")): Object: 'Object Repository/Sayfalar/Giris_Sayfasi/RetveTamam_Butonu' is clicked on

2021-11-12 17:47:21 - [MESSAGE][INFO] - Finding Test Object 'Object Repository/Sayfalar/Giris_Sayfasi/RetveTamam_Butonu'

2021-11-12 17:47:21 - [MESSAGE][INFO] - Checking object

2021-11-12 17:47:21 - [MESSAGE][INFO] - Finding web element from Test Object's properties

2021-11-12 17:47:21 - [MESSAGE][INFO] - Checking timeout

2021-11-12 17:47:21 - [MESSAGE][INFO] - Finding web element with id: 'Object Repository/Sayfalar/Giris_Sayfasi/RetveTamam_Butonu' located by 'By.xpath: //*[@class = 'btn btn-default']' in '30' second(s)

2021-11-12 17:47:21 - [MESSAGE][INFO] - Smart Wait Function is triggered

2021-11-12 17:47:25 - [MESSAGE][INFO] - Found 1 web elements with id: 'Object Repository/Sayfalar/Giris_Sayfasi/RetveTamam_Butonu' located by 'By.xpath: //*[@class = 'btn btn-default']' in '30' second(s)

2021-11-12 17:47:25 - [MESSAGE][INFO] - Clicking on object: 'Object Repository/Sayfalar/Giris_Sayfasi/RetveTamam_Butonu'

2021-11-12 17:47:25 - [MESSAGE][PASSED] - Object: 'Object Repository/Sayfalar/Giris_Sayfasi/RetveTamam_Butonu' is clicked on

2021-11-12 17:47:25 - [TEST_STEP][PASSED] - if (verifyElementPresent(findTestObject("Sayfalar/Giris_Sayfasi/PopupOK"), 5, OPTIONAL)): null

2021-11-12 17:47:25 - [MESSAGE][INFO] - Finding Test Object 'Object Repository/Sayfalar/Giris_Sayfasi/PopupOK'

2021-11-12 17:47:25 - [MESSAGE][INFO] - Checking object

2021-11-12 17:47:25 - [MESSAGE][INFO] - Finding web element from Test Object's properties

2021-11-12 17:47:25 - [MESSAGE][INFO] - Checking timeout

2021-11-12 17:47:25 - [MESSAGE][INFO] - Finding web element with id: 'Object Repository/Sayfalar/Giris_Sayfasi/PopupOK' located by 'By.cssSelector: .btn.btn-success' in '5' second(s)

2021-11-12 17:47:25 - [MESSAGE][INFO] - Smart Wait Function is triggered

2021-11-12 17:47:26 - [MESSAGE][INFO] - Found 1 web elements with id: 'Object Repository/Sayfalar/Giris_Sayfasi/PopupOK' located by 'By.cssSelector: .btn.btn-success' in '5' second(s)

2021-11-12 17:47:26 - [MESSAGE][PASSED] - Object 'Object Repository/Sayfalar/Giris_Sayfasi/PopupOK' is present

2021-11-12 17:47:26 - [TEST_STEP][PASSED] - click(findTestObject("Object Repository/Sayfalar/Giris_Sayfasi/PopupCarpiGiris")): Object: 'Object Repository/Sayfalar/Giris_Sayfasi/PopupCarpiGiris' is clicked on

2021-11-12 17:47:26 - [MESSAGE][INFO] - Finding Test Object 'Object Repository/Sayfalar/Giris_Sayfasi/PopupCarpiGiris'

2021-11-12 17:47:26 - [MESSAGE][INFO] - Checking object

2021-11-12 17:47:26 - [MESSAGE][INFO] - Finding web element from Test Object's properties

2021-11-12 17:47:26 - [MESSAGE][INFO] - Checking timeout

2021-11-12 17:47:26 - [MESSAGE][INFO] - Finding web element with id: 'Object Repository/Sayfalar/Giris_Sayfasi/PopupCarpiGiris' located by 'By.cssSelector: .bootbox-close-button.close' in '30' second(s)

2021-11-12 17:47:26 - [MESSAGE][INFO] - Smart Wait Function is triggered

2021-11-12 17:47:26 - [MESSAGE][INFO] - Found 1 web elements with id: 'Object Repository/Sayfalar/Giris_Sayfasi/PopupCarpiGiris' located by 'By.cssSelector: .bootbox-close-button.close' in '30' second(s)

2021-11-12 17:47:26 - [MESSAGE][INFO] - Clicking on object: 'Object Repository/Sayfalar/Giris_Sayfasi/PopupCarpiGiris'

2021-11-12 17:47:26 - [MESSAGE][PASSED] - Object: 'Object Repository/Sayfalar/Giris_Sayfasi/PopupCarpiGiris' is clicked on

2021-11-12 17:47:26 - [TEST_STEP][PASSED] - verifyElementVisible(findTestObject("Object Repository/Kullanici_Islemleri/KullaniciIslemleri")): Object 'Object Repository/Kullanici_Islemleri/KullaniciIslemleri' is visible

2021-11-12 17:47:26 - [MESSAGE][INFO] - Finding Test Object 'Object Repository/Kullanici_Islemleri/KullaniciIslemleri'

2021-11-12 17:47:26 - [MESSAGE][INFO] - Checking object

2021-11-12 17:47:26 - [MESSAGE][INFO] - Finding web element from Test Object's properties

2021-11-12 17:47:26 - [MESSAGE][INFO] - Checking timeout

2021-11-12 17:47:26 - [MESSAGE][INFO] - Finding web element with id: 'Object Repository/Kullanici_Islemleri/KullaniciIslemleri' located by 'By.cssSelector: .dropdown>a>img' in '30' second(s)

2021-11-12 17:47:26 - [MESSAGE][INFO] - Smart Wait Function is triggered

2021-11-12 17:47:27 - [MESSAGE][INFO] - Found 1 web elements with id: 'Object Repository/Kullanici_Islemleri/KullaniciIslemleri' located by 'By.cssSelector: .dropdown>a>img' in '30' second(s)

2021-11-12 17:47:27 - [MESSAGE][PASSED] - Object 'Object Repository/Kullanici_Islemleri/KullaniciIslemleri' is visible

2021-11-12 17:47:27 - [MESSAGE][PASSED] - Call Test Case 'Test Cases/Sayfalar/Giris_Sayfasi/Login' successfully

2021-11-12 17:47:27 - [MESSAGE][INFO] - Checking called Test Case

2021-11-12 17:47:27 - [MESSAGE][INFO] - Starting to call Test Case 'Test Cases/Menu/AnaMenuSecimi'

2021-11-12 17:47:27 - [TEST_CASE][PASSED] - Test Cases/Menu/AnaMenuSecimi: Test Cases/Menu/AnaMenuSecimi

2021-11-12 17:47:27 - [TEST_STEP][PASSED] - Method.TextDegerineEsitElementeTikla(findTestObject("Menu/Ana_Menu"), Ana_Menu): Method.TextDegerineEsitElementeTikla is PASSED

2021-11-12 17:47:27 - [MESSAGE][INFO] - Finding Test Object 'Object Repository/Menu/Ana_Menu'

2021-11-12 17:47:27 - [MESSAGE][INFO] - Checking timeout

2021-11-12 17:47:27 - [MESSAGE][INFO] - Finding web element with id: 'Object Repository/Menu/Ana_Menu' located by 'By.xpath: //*[@class = 'dropdown-toggle']' in '10' second(s)

2021-11-12 17:47:27 - [MESSAGE][INFO] - Smart Wait Function is triggered

2021-11-12 17:47:27 - [MESSAGE][INFO] - Found 14 web elements with id: 'Object Repository/Menu/Ana_Menu' located by 'By.xpath: //*[@class = 'dropdown-toggle']' in '10' second(s)

2021-11-12 17:47:28 - [MESSAGE][PASSED] - Method.TextDegerineEsitElementeTikla is PASSED

2021-11-12 17:47:28 - [MESSAGE][PASSED] - Call Test Case 'Test Cases/Menu/AnaMenuSecimi' successfully

2021-11-12 17:47:28 - [MESSAGE][INFO] - Checking called Test Case

2021-11-12 17:47:28 - [MESSAGE][INFO] - Starting to call Test Case 'Test Cases/Menu/AltMenuSecimi'

2021-11-12 17:47:28 - [TEST_CASE][PASSED] - Test Cases/Menu/AltMenuSecimi: Test Cases/Menu/AltMenuSecimi

2021-11-12 17:47:28 - [TEST_STEP][PASSED] - Method.TextDegerineEsitElementeTikla(findTestObject("Menu/Alt_Menu"), Alt_Menu): Method.TextDegerineEsitElementeTikla is PASSED

2021-11-12 17:47:28 - [MESSAGE][INFO] - Finding Test Object 'Object Repository/Menu/Alt_Menu'

2021-11-12 17:47:28 - [MESSAGE][INFO] - Checking timeout

2021-11-12 17:47:28 - [MESSAGE][INFO] - Finding web element with id: 'Object Repository/Menu/Alt_Menu' located by 'By.xpath: //li[@class='dropdown dropdown-large open']//li[@class='dropdown-element']' in '10' second(s)

2021-11-12 17:47:28 - [MESSAGE][INFO] - Smart Wait Function is triggered

2021-11-12 17:47:28 - [MESSAGE][INFO] - Found 9 web elements with id: 'Object Repository/Menu/Alt_Menu' located by 'By.xpath: //li[@class='dropdown dropdown-large open']//li[@class='dropdown-element']' in '10' second(s)

2021-11-12 17:47:29 - [MESSAGE][PASSED] - Method.TextDegerineEsitElementeTikla is PASSED

2021-11-12 17:47:29 - [MESSAGE][PASSED] - Call Test Case 'Test Cases/Menu/AltMenuSecimi' successfully

2021-11-12 17:47:29 - [MESSAGE][INFO] - Checking called Test Case

2021-11-12 17:47:29 - [MESSAGE][INFO] - Starting to call Test Case 'Test Cases/Filtreler/TexboxaYaz'

2021-11-12 17:47:29 - [TEST_CASE][PASSED] - Test Cases/Filtreler/TexboxaYaz: Test Cases/Filtreler/TexboxaYaz

2021-11-12 17:47:30 - [TEST_STEP][PASSED] - Method.TextDegerineEsitElementinAltindakiTextboxtaYaz(findTestObject("Filtreler/Basliklar"), findTestObject("Filtreler/Basliga_Gore_Textbox"), Filtre_Adi, Filtre_Degeri): Method.TextDegerineEsitElementinAltindakiTextboxtaYaz is PASSED

2021-11-12 17:47:30 - [MESSAGE][INFO] - Finding Test Object 'Object Repository/Filtreler/Basliklar'

2021-11-12 17:47:30 - [MESSAGE][INFO] - Finding Test Object 'Object Repository/Filtreler/Basliga_Gore_Textbox'

2021-11-12 17:47:30 - [MESSAGE][INFO] - Checking timeout

2021-11-12 17:47:30 - [MESSAGE][INFO] - Finding web element with id: 'Object Repository/Filtreler/Basliklar' located by 'By.cssSelector: .control-label.col-sm-4.paddingMarginRLC' in '10' second(s)

2021-11-12 17:47:30 - [MESSAGE][INFO] - Smart Wait Function is triggered

2021-11-12 17:47:30 - [MESSAGE][INFO] - Found 6 web elements with id: 'Object Repository/Filtreler/Basliklar' located by 'By.cssSelector: .control-label.col-sm-4.paddingMarginRLC' in '10' second(s)

2021-11-12 17:47:30 - [MESSAGE][INFO] - Smart Wait Function is triggered

2021-11-12 17:47:31 - [MESSAGE][PASSED] - Method.TextDegerineEsitElementinAltindakiTextboxtaYaz is PASSED

2021-11-12 17:47:31 - [MESSAGE][PASSED] - Call Test Case 'Test Cases/Filtreler/TexboxaYaz' successfully

2021-11-12 17:47:31 - [MESSAGE][INFO] - Checking called Test Case

2021-11-12 17:47:31 - [MESSAGE][INFO] - Starting to call Test Case 'Test Cases/Filtreler/BaslangicYaz'

2021-11-12 17:47:31 - [TEST_CASE][PASSED] - Test Cases/Filtreler/BaslangicYaz: Test Cases/Filtreler/BaslangicYaz

2021-11-12 17:47:31 - [TEST_STEP][PASSED] - Method.TextDegerineEsitElementinAltindakineTikla(findTestObject("Filtreler/Basliklar"), findTestObject("Filtreler/Basliga_Gore_Baslangic_Image"), Filtre_Adi): Method.TextDegerineEsitElementinAltindakineTikla is PASSED

2021-11-12 17:47:31 - [MESSAGE][INFO] - Finding Test Object 'Object Repository/Filtreler/Basliklar'

2021-11-12 17:47:31 - [MESSAGE][INFO] - Finding Test Object 'Object Repository/Filtreler/Basliga_Gore_Baslangic_Image'

2021-11-12 17:47:31 - [MESSAGE][INFO] - Checking timeout

2021-11-12 17:47:31 - [MESSAGE][INFO] - Finding web element with id: 'Object Repository/Filtreler/Basliklar' located by 'By.cssSelector: .control-label.col-sm-4.paddingMarginRLC' in '10' second(s)

2021-11-12 17:47:31 - [MESSAGE][INFO] - Smart Wait Function is triggered

2021-11-12 17:47:32 - [MESSAGE][INFO] - Found 6 web elements with id: 'Object Repository/Filtreler/Basliklar' located by 'By.cssSelector: .control-label.col-sm-4.paddingMarginRLC' in '10' second(s)

2021-11-12 17:47:32 - [MESSAGE][INFO] - Smart Wait Function is triggered

2021-11-12 17:47:32 - [MESSAGE][PASSED] - Method.TextDegerineEsitElementinAltindakineTikla is PASSED

2021-11-12 17:47:32 - [TEST_STEP][PASSED] - Method.TextDegerineEsitElementinAltindakiTextboxtaYaz(findTestObject("Filtreler/Basliklar"), findTestObject("Filtreler/Basliga_Gore_Baslangic"), Filtre_Adi, Filtre_Degeri): Method.TextDegerineEsitElementinAltindakiTextboxtaYaz is PASSED

2021-11-12 17:47:32 - [MESSAGE][INFO] - Finding Test Object 'Object Repository/Filtreler/Basliklar'

2021-11-12 17:47:32 - [MESSAGE][INFO] - Finding Test Object 'Object Repository/Filtreler/Basliga_Gore_Baslangic'

2021-11-12 17:47:32 - [MESSAGE][INFO] - Checking timeout

2021-11-12 17:47:32 - [MESSAGE][INFO] - Finding web element with id: 'Object Repository/Filtreler/Basliklar' located by 'By.cssSelector: .control-label.col-sm-4.paddingMarginRLC' in '10' second(s)

2021-11-12 17:47:32 - [MESSAGE][INFO] - Smart Wait Function is triggered

2021-11-12 17:47:33 - [MESSAGE][INFO] - Found 6 web elements with id: 'Object Repository/Filtreler/Basliklar' located by 'By.cssSelector: .control-label.col-sm-4.paddingMarginRLC' in '10' second(s)

2021-11-12 17:47:33 - [MESSAGE][INFO] - Smart Wait Function is triggered

2021-11-12 17:47:33 - [MESSAGE][PASSED] - Method.TextDegerineEsitElementinAltindakiTextboxtaYaz is PASSED

2021-11-12 17:47:33 - [MESSAGE][PASSED] - Call Test Case 'Test Cases/Filtreler/BaslangicYaz' successfully

2021-11-12 17:47:33 - [MESSAGE][INFO] - Checking called Test Case

2021-11-12 17:47:33 - [MESSAGE][INFO] - Starting to call Test Case 'Test Cases/Filtreler/BitisYaz'

2021-11-12 17:47:33 - [TEST_CASE][PASSED] - Test Cases/Filtreler/BitisYaz: Test Cases/Filtreler/BitisYaz

2021-11-12 17:47:34 - [TEST_STEP][PASSED] - Method.TextDegerineEsitElementinAltindakineTikla(findTestObject("Filtreler/Basliklar"), findTestObject("Filtreler/Basliga_Gore_Bitis_Image"), Filtre_Adi): Method.TextDegerineEsitElementinAltindakineTikla is PASSED

2021-11-12 17:47:34 - [MESSAGE][INFO] - Finding Test Object 'Object Repository/Filtreler/Basliklar'

2021-11-12 17:47:34 - [MESSAGE][INFO] - Finding Test Object 'Object Repository/Filtreler/Basliga_Gore_Bitis_Image'

2021-11-12 17:47:34 - [MESSAGE][INFO] - Checking timeout

2021-11-12 17:47:34 - [MESSAGE][INFO] - Finding web element with id: 'Object Repository/Filtreler/Basliklar' located by 'By.cssSelector: .control-label.col-sm-4.paddingMarginRLC' in '10' second(s)

2021-11-12 17:47:34 - [MESSAGE][INFO] - Smart Wait Function is triggered

2021-11-12 17:47:34 - [MESSAGE][INFO] - Found 6 web elements with id: 'Object Repository/Filtreler/Basliklar' located by 'By.cssSelector: .control-label.col-sm-4.paddingMarginRLC' in '10' second(s)

2021-11-12 17:47:34 - [MESSAGE][INFO] - Smart Wait Function is triggered

2021-11-12 17:47:34 - [MESSAGE][PASSED] - Method.TextDegerineEsitElementinAltindakineTikla is PASSED

2021-11-12 17:47:34 - [TEST_STEP][PASSED] - Method.TextDegerineEsitElementinAltindakiTextboxtaYaz(findTestObject("Filtreler/Basliklar"), findTestObject("Object Repository/Filtreler/Basliga_Gore_Bitis"), Filtre_Adi, Filtre_Degeri): Method.TextDegerineEsitElementinAltindakiTextboxtaYaz is PASSED

2021-11-12 17:47:34 - [MESSAGE][INFO] - Finding Test Object 'Object Repository/Filtreler/Basliklar'

2021-11-12 17:47:35 - [MESSAGE][INFO] - Finding Test Object 'Object Repository/Filtreler/Basliga_Gore_Bitis'

2021-11-12 17:47:35 - [MESSAGE][INFO] - Checking timeout

2021-11-12 17:47:35 - [MESSAGE][INFO] - Finding web element with id: 'Object Repository/Filtreler/Basliklar' located by 'By.cssSelector: .control-label.col-sm-4.paddingMarginRLC' in '10' second(s)

2021-11-12 17:47:35 - [MESSAGE][INFO] - Smart Wait Function is triggered

2021-11-12 17:47:35 - [MESSAGE][INFO] - Found 6 web elements with id: 'Object Repository/Filtreler/Basliklar' located by 'By.cssSelector: .control-label.col-sm-4.paddingMarginRLC' in '10' second(s)

2021-11-12 17:47:35 - [MESSAGE][INFO] - Smart Wait Function is triggered

2021-11-12 17:47:35 - [MESSAGE][PASSED] - Method.TextDegerineEsitElementinAltindakiTextboxtaYaz is PASSED

2021-11-12 17:47:35 - [MESSAGE][PASSED] - Call Test Case 'Test Cases/Filtreler/BitisYaz' successfully

2021-11-12 17:47:35 - [MESSAGE][INFO] - Checking called Test Case

2021-11-12 17:47:35 - [MESSAGE][INFO] - Starting to call Test Case 'Test Cases/Filtreler/EnterBas'

2021-11-12 17:47:36 - [TEST_CASE][PASSED] - Test Cases/Filtreler/EnterBas: Test Cases/Filtreler/EnterBas

2021-11-12 17:47:36 - [TEST_STEP][PASSED] - robot = new java.awt.Robot(): null

2021-11-12 17:47:36 - [TEST_STEP][PASSED] - robot.keyPress(VK_ENTER): null

2021-11-12 17:47:36 - [MESSAGE][PASSED] - Call Test Case 'Test Cases/Filtreler/EnterBas' successfully

2021-11-12 17:47:37 - [MESSAGE][INFO] - Checking called Test Case

2021-11-12 17:47:37 - [MESSAGE][INFO] - Starting to call Test Case 'Test Cases/Filtreler/TexboxaYaz'

2021-11-12 17:47:37 - [TEST_CASE][PASSED] - Test Cases/Filtreler/TexboxaYaz: Test Cases/Filtreler/TexboxaYaz

2021-11-12 17:47:37 - [TEST_STEP][PASSED] - Method.TextDegerineEsitElementinAltindakiTextboxtaYaz(findTestObject("Filtreler/Basliklar"), findTestObject("Filtreler/Basliga_Gore_Textbox"), Filtre_Adi, Filtre_Degeri): Method.TextDegerineEsitElementinAltindakiTextboxtaYaz is PASSED

2021-11-12 17:47:37 - [MESSAGE][INFO] - Finding Test Object 'Object Repository/Filtreler/Basliklar'

2021-11-12 17:47:37 - [MESSAGE][INFO] - Finding Test Object 'Object Repository/Filtreler/Basliga_Gore_Textbox'

2021-11-12 17:47:37 - [MESSAGE][INFO] - Checking timeout

2021-11-12 17:47:37 - [MESSAGE][INFO] - Finding web element with id: 'Object Repository/Filtreler/Basliklar' located by 'By.cssSelector: .control-label.col-sm-4.paddingMarginRLC' in '10' second(s)

2021-11-12 17:47:37 - [MESSAGE][INFO] - Smart Wait Function is triggered

2021-11-12 17:47:37 - [MESSAGE][INFO] - Found 6 web elements with id: 'Object Repository/Filtreler/Basliklar' located by 'By.cssSelector: .control-label.col-sm-4.paddingMarginRLC' in '10' second(s)

2021-11-12 17:47:37 - [MESSAGE][INFO] - Smart Wait Function is triggered

2021-11-12 17:47:37 - [MESSAGE][PASSED] - Method.TextDegerineEsitElementinAltindakiTextboxtaYaz is PASSED

2021-11-12 17:47:37 - [MESSAGE][PASSED] - Call Test Case 'Test Cases/Filtreler/TexboxaYaz' successfully

2021-11-12 17:47:37 - [MESSAGE][INFO] - Checking called Test Case

2021-11-12 17:47:37 - [MESSAGE][INFO] - Starting to call Test Case 'Test Cases/Filtreler/TexboxaYaz'

2021-11-12 17:47:38 - [TEST_CASE][PASSED] - Test Cases/Filtreler/TexboxaYaz: Test Cases/Filtreler/TexboxaYaz

2021-11-12 17:47:38 - [TEST_STEP][PASSED] - Method.TextDegerineEsitElementinAltindakiTextboxtaYaz(findTestObject("Filtreler/Basliklar"), findTestObject("Filtreler/Basliga_Gore_Textbox"), Filtre_Adi, Filtre_Degeri): Method.TextDegerineEsitElementinAltindakiTextboxtaYaz is PASSED

2021-11-12 17:47:38 - [MESSAGE][INFO] - Finding Test Object 'Object Repository/Filtreler/Basliklar'

2021-11-12 17:47:38 - [MESSAGE][INFO] - Finding Test Object 'Object Repository/Filtreler/Basliga_Gore_Textbox'

2021-11-12 17:47:38 - [MESSAGE][INFO] - Checking timeout

2021-11-12 17:47:38 - [MESSAGE][INFO] - Finding web element with id: 'Object Repository/Filtreler/Basliklar' located by 'By.cssSelector: .control-label.col-sm-4.paddingMarginRLC' in '10' second(s)

2021-11-12 17:47:38 - [MESSAGE][INFO] - Smart Wait Function is triggered

2021-11-12 17:47:38 - [MESSAGE][INFO] - Found 6 web elements with id: 'Object Repository/Filtreler/Basliklar' located by 'By.cssSelector: .control-label.col-sm-4.paddingMarginRLC' in '10' second(s)

2021-11-12 17:47:38 - [MESSAGE][INFO] - Smart Wait Function is triggered

2021-11-12 17:47:39 - [MESSAGE][PASSED] - Method.TextDegerineEsitElementinAltindakiTextboxtaYaz is PASSED

2021-11-12 17:47:39 - [MESSAGE][PASSED] - Call Test Case 'Test Cases/Filtreler/TexboxaYaz' successfully

2021-11-12 17:47:39 - [MESSAGE][INFO] - Checking called Test Case

2021-11-12 17:47:39 - [MESSAGE][INFO] - Starting to call Test Case 'Test Cases/Filtreler/DropdownSec'

2021-11-12 17:47:39 - [TEST_CASE][PASSED] - Test Cases/Filtreler/DropdownSec: Test Cases/Filtreler/DropdownSec

2021-11-12 17:47:39 - [TEST_STEP][PASSED] - Method.TextDegerineEsitElementinAltindakineTikla(findTestObject("Filtreler/Basliklar"), findTestObject("Filtreler/Basliga_Gore_Baslangic_Image"), Filtre_Adi): Method.TextDegerineEsitElementinAltindakineTikla is PASSED

2021-11-12 17:47:39 - [MESSAGE][INFO] - Finding Test Object 'Object Repository/Filtreler/Basliklar'

2021-11-12 17:47:39 - [MESSAGE][INFO] - Finding Test Object 'Object Repository/Filtreler/Basliga_Gore_Baslangic_Image'

2021-11-12 17:47:39 - [MESSAGE][INFO] - Checking timeout

2021-11-12 17:47:39 - [MESSAGE][INFO] - Finding web element with id: 'Object Repository/Filtreler/Basliklar' located by 'By.cssSelector: .control-label.col-sm-4.paddingMarginRLC' in '10' second(s)

2021-11-12 17:47:39 - [MESSAGE][INFO] - Smart Wait Function is triggered

2021-11-12 17:47:39 - [MESSAGE][INFO] - Found 6 web elements with id: 'Object Repository/Filtreler/Basliklar' located by 'By.cssSelector: .control-label.col-sm-4.paddingMarginRLC' in '10' second(s)

2021-11-12 17:47:39 - [MESSAGE][INFO] - Smart Wait Function is triggered

2021-11-12 17:47:40 - [MESSAGE][PASSED] - Method.TextDegerineEsitElementinAltindakineTikla is PASSED

2021-11-12 17:47:40 - [TEST_STEP][PASSED] - Method.TextDegerineEsitElementeTikla(findTestObject("Object Repository/Filtreler/Basliga_Gore_Dropdown"), Filtre_Degeri): Method.TextDegerineEsitElementeTikla is PASSED

2021-11-12 17:47:40 - [MESSAGE][INFO] - Finding Test Object 'Object Repository/Filtreler/Basliga_Gore_Dropdown'

2021-11-12 17:47:40 - [MESSAGE][INFO] - Checking timeout

2021-11-12 17:47:40 - [MESSAGE][INFO] - Finding web element with id: 'Object Repository/Filtreler/Basliga_Gore_Dropdown' located by 'By.xpath: //*[@class = 'dxeListBoxItemRow_LECustomTheme']' in '10' second(s)

2021-11-12 17:47:40 - [MESSAGE][INFO] - Smart Wait Function is triggered

2021-11-12 17:47:40 - [MESSAGE][INFO] - Found 58 web elements with id: 'Object Repository/Filtreler/Basliga_Gore_Dropdown' located by 'By.xpath: //*[@class = 'dxeListBoxItemRow_LECustomTheme']' in '10' second(s)

2021-11-12 17:47:40 - [MESSAGE][PASSED] - Method.TextDegerineEsitElementeTikla is PASSED

2021-11-12 17:47:40 - [MESSAGE][PASSED] - Call Test Case 'Test Cases/Filtreler/DropdownSec' successfully

2021-11-12 17:47:40 - [MESSAGE][INFO] - Checking called Test Case

2021-11-12 17:47:40 - [MESSAGE][INFO] - Starting to call Test Case 'Test Cases/Filtreler/ButonaTikla'

2021-11-12 17:47:40 - [TEST_CASE][PASSED] - Test Cases/Filtreler/ButonaTikla: Test Cases/Filtreler/ButonaTikla

2021-11-12 17:47:40 - [TEST_STEP][PASSED] - Method.TextDegerineEsitElementeTikla(findTestObject("Filtreler/Butonlar"), Filtre_Buton): Method.TextDegerineEsitElementeTikla is PASSED

2021-11-12 17:47:40 - [MESSAGE][INFO] - Finding Test Object 'Object Repository/Filtreler/Butonlar'

2021-11-12 17:47:40 - [MESSAGE][INFO] - Checking timeout

2021-11-12 17:47:40 - [MESSAGE][INFO] - Finding web element with id: 'Object Repository/Filtreler/Butonlar' located by 'By.cssSelector: .dxb>span' in '10' second(s)

2021-11-12 17:47:40 - [MESSAGE][INFO] - Smart Wait Function is triggered

2021-11-12 17:47:41 - [MESSAGE][INFO] - Found 2 web elements with id: 'Object Repository/Filtreler/Butonlar' located by 'By.cssSelector: .dxb>span' in '10' second(s)

2021-11-12 17:47:41 - [MESSAGE][PASSED] - Method.TextDegerineEsitElementeTikla is PASSED

2021-11-12 17:47:41 - [MESSAGE][PASSED] - Call Test Case 'Test Cases/Filtreler/ButonaTikla' successfully

2021-11-12 17:47:41 - [MESSAGE][INFO] - Checking called Test Case

2021-11-12 17:47:41 - [MESSAGE][INFO] - Starting to call Test Case 'Test Cases/Tablo/TablodaVeriVarMi'

2021-11-12 17:47:41 - [TEST_CASE][PASSED] - Test Cases/Tablo/TablodaVeriVarMi: Test Cases/Tablo/TablodaVeriVarMi

2021-11-12 17:47:41 - [TEST_STEP][PASSED] - verifyTextNotPresent("Görüntülenecek veri yok", true): Text 'Görüntülenecek veri yok' is not present on page using regular expression

2021-11-12 17:47:41 - [MESSAGE][INFO] - Checking text present  using regular expression

2021-11-12 17:47:41 - [MESSAGE][INFO] - Smart Wait Function is triggered

2021-11-12 17:47:41 - [MESSAGE][INFO] - Finding text 'Görüntülenecek veri yok' on page  using regular expression

2021-11-12 17:47:41 - [MESSAGE][PASSED] - Text 'Görüntülenecek veri yok' is not present on page using regular expression

2021-11-12 17:47:41 - [MESSAGE][PASSED] - Call Test Case 'Test Cases/Tablo/TablodaVeriVarMi' successfully

2021-11-12 17:47:41 - [MESSAGE][INFO] - Checking called Test Case

2021-11-12 17:47:41 - [MESSAGE][INFO] - Starting to call Test Case 'Test Cases/Filtreler/DropdownSec'

2021-11-12 17:47:42 - [TEST_CASE][PASSED] - Test Cases/Filtreler/DropdownSec: Test Cases/Filtreler/DropdownSec

2021-11-12 17:47:42 - [TEST_STEP][PASSED] - Method.TextDegerineEsitElementinAltindakineTikla(findTestObject("Filtreler/Basliklar"), findTestObject("Filtreler/Basliga_Gore_Baslangic_Image"), Filtre_Adi): Method.TextDegerineEsitElementinAltindakineTikla is PASSED

2021-11-12 17:47:42 - [MESSAGE][INFO] - Finding Test Object 'Object Repository/Filtreler/Basliklar'

2021-11-12 17:47:42 - [MESSAGE][INFO] - Finding Test Object 'Object Repository/Filtreler/Basliga_Gore_Baslangic_Image'

2021-11-12 17:47:42 - [MESSAGE][INFO] - Checking timeout

2021-11-12 17:47:42 - [MESSAGE][INFO] - Finding web element with id: 'Object Repository/Filtreler/Basliklar' located by 'By.cssSelector: .control-label.col-sm-4.paddingMarginRLC' in '10' second(s)

2021-11-12 17:47:42 - [MESSAGE][INFO] - Smart Wait Function is triggered

2021-11-12 17:47:42 - [MESSAGE][INFO] - Found 6 web elements with id: 'Object Repository/Filtreler/Basliklar' located by 'By.cssSelector: .control-label.col-sm-4.paddingMarginRLC' in '10' second(s)

2021-11-12 17:47:42 - [MESSAGE][INFO] - Smart Wait Function is triggered

2021-11-12 17:47:42 - [MESSAGE][PASSED] - Method.TextDegerineEsitElementinAltindakineTikla is PASSED

2021-11-12 17:47:42 - [TEST_STEP][PASSED] - Method.TextDegerineEsitElementeTikla(findTestObject("Object Repository/Filtreler/Basliga_Gore_Dropdown"), Filtre_Degeri): Method.TextDegerineEsitElementeTikla is PASSED

2021-11-12 17:47:42 - [MESSAGE][INFO] - Finding Test Object 'Object Repository/Filtreler/Basliga_Gore_Dropdown'

2021-11-12 17:47:42 - [MESSAGE][INFO] - Checking timeout

2021-11-12 17:47:42 - [MESSAGE][INFO] - Finding web element with id: 'Object Repository/Filtreler/Basliga_Gore_Dropdown' located by 'By.xpath: //*[@class = 'dxeListBoxItemRow_LECustomTheme']' in '10' second(s)

2021-11-12 17:47:42 - [MESSAGE][INFO] - Smart Wait Function is triggered

2021-11-12 17:47:43 - [MESSAGE][INFO] - Found 58 web elements with id: 'Object Repository/Filtreler/Basliga_Gore_Dropdown' located by 'By.xpath: //*[@class = 'dxeListBoxItemRow_LECustomTheme']' in '10' second(s)

2021-11-12 17:47:43 - [MESSAGE][PASSED] - Method.TextDegerineEsitElementeTikla is PASSED

2021-11-12 17:47:43 - [MESSAGE][PASSED] - Call Test Case 'Test Cases/Filtreler/DropdownSec' successfully

2021-11-12 17:47:43 - [MESSAGE][INFO] - Checking called Test Case

2021-11-12 17:47:43 - [MESSAGE][INFO] - Starting to call Test Case 'Test Cases/Filtreler/ButonaTikla'

2021-11-12 17:47:43 - [TEST_CASE][PASSED] - Test Cases/Filtreler/ButonaTikla: Test Cases/Filtreler/ButonaTikla

2021-11-12 17:47:43 - [TEST_STEP][PASSED] - Method.TextDegerineEsitElementeTikla(findTestObject("Filtreler/Butonlar"), Filtre_Buton): Method.TextDegerineEsitElementeTikla is PASSED

2021-11-12 17:47:43 - [MESSAGE][INFO] - Finding Test Object 'Object Repository/Filtreler/Butonlar'

2021-11-12 17:47:43 - [MESSAGE][INFO] - Checking timeout

2021-11-12 17:47:43 - [MESSAGE][INFO] - Finding web element with id: 'Object Repository/Filtreler/Butonlar' located by 'By.cssSelector: .dxb>span' in '10' second(s)

2021-11-12 17:47:43 - [MESSAGE][INFO] - Smart Wait Function is triggered

2021-11-12 17:47:44 - [MESSAGE][INFO] - Found 2 web elements with id: 'Object Repository/Filtreler/Butonlar' located by 'By.cssSelector: .dxb>span' in '10' second(s)

2021-11-12 17:47:44 - [MESSAGE][PASSED] - Method.TextDegerineEsitElementeTikla is PASSED

2021-11-12 17:47:44 - [MESSAGE][PASSED] - Call Test Case 'Test Cases/Filtreler/ButonaTikla' successfully

2021-11-12 17:47:44 - [MESSAGE][INFO] - Checking called Test Case

2021-11-12 17:47:44 - [MESSAGE][INFO] - Starting to call Test Case 'Test Cases/Tablo/TablodaVeriVarMi'

2021-11-12 17:47:44 - [TEST_CASE][PASSED] - Test Cases/Tablo/TablodaVeriVarMi: Test Cases/Tablo/TablodaVeriVarMi

2021-11-12 17:47:44 - [TEST_STEP][PASSED] - verifyTextNotPresent("Görüntülenecek veri yok", true): Text 'Görüntülenecek veri yok' is not present on page using regular expression

2021-11-12 17:47:44 - [MESSAGE][INFO] - Checking text present  using regular expression

2021-11-12 17:47:44 - [MESSAGE][INFO] - Smart Wait Function is triggered

2021-11-12 17:47:44 - [MESSAGE][INFO] - Finding text 'Görüntülenecek veri yok' on page  using regular expression

2021-11-12 17:47:44 - [MESSAGE][PASSED] - Text 'Görüntülenecek veri yok' is not present on page using regular expression

2021-11-12 17:47:44 - [MESSAGE][PASSED] - Call Test Case 'Test Cases/Tablo/TablodaVeriVarMi' successfully

2021-11-12 17:47:44 - [MESSAGE][INFO] - Checking called Test Case

2021-11-12 17:47:44 - [MESSAGE][INFO] - Starting to call Test Case 'Test Cases/Filtreler/DropdownSec'

2021-11-12 17:47:44 - [TEST_CASE][PASSED] - Test Cases/Filtreler/DropdownSec: Test Cases/Filtreler/DropdownSec

2021-11-12 17:47:44 - [TEST_STEP][PASSED] - Method.TextDegerineEsitElementinAltindakineTikla(findTestObject("Filtreler/Basliklar"), findTestObject("Filtreler/Basliga_Gore_Baslangic_Image"), Filtre_Adi): Method.TextDegerineEsitElementinAltindakineTikla is PASSED

2021-11-12 17:47:44 - [MESSAGE][INFO] - Finding Test Object 'Object Repository/Filtreler/Basliklar'

2021-11-12 17:47:45 - [MESSAGE][INFO] - Finding Test Object 'Object Repository/Filtreler/Basliga_Gore_Baslangic_Image'

2021-11-12 17:47:45 - [MESSAGE][INFO] - Checking timeout

2021-11-12 17:47:45 - [MESSAGE][INFO] - Finding web element with id: 'Object Repository/Filtreler/Basliklar' located by 'By.cssSelector: .control-label.col-sm-4.paddingMarginRLC' in '10' second(s)

2021-11-12 17:47:45 - [MESSAGE][INFO] - Smart Wait Function is triggered

2021-11-12 17:47:45 - [MESSAGE][INFO] - Found 6 web elements with id: 'Object Repository/Filtreler/Basliklar' located by 'By.cssSelector: .control-label.col-sm-4.paddingMarginRLC' in '10' second(s)

2021-11-12 17:47:45 - [MESSAGE][INFO] - Smart Wait Function is triggered

2021-11-12 17:47:45 - [MESSAGE][PASSED] - Method.TextDegerineEsitElementinAltindakineTikla is PASSED

2021-11-12 17:47:45 - [TEST_STEP][PASSED] - Method.TextDegerineEsitElementeTikla(findTestObject("Object Repository/Filtreler/Basliga_Gore_Dropdown"), Filtre_Degeri): Method.TextDegerineEsitElementeTikla is PASSED

2021-11-12 17:47:45 - [MESSAGE][INFO] - Finding Test Object 'Object Repository/Filtreler/Basliga_Gore_Dropdown'

2021-11-12 17:47:46 - [MESSAGE][INFO] - Checking timeout

2021-11-12 17:47:46 - [MESSAGE][INFO] - Finding web element with id: 'Object Repository/Filtreler/Basliga_Gore_Dropdown' located by 'By.xpath: //*[@class = 'dxeListBoxItemRow_LECustomTheme']' in '10' second(s)

2021-11-12 17:47:46 - [MESSAGE][INFO] - Smart Wait Function is triggered

2021-11-12 17:47:46 - [MESSAGE][INFO] - Found 58 web elements with id: 'Object Repository/Filtreler/Basliga_Gore_Dropdown' located by 'By.xpath: //*[@class = 'dxeListBoxItemRow_LECustomTheme']' in '10' second(s)

2021-11-12 17:47:46 - [MESSAGE][PASSED] - Method.TextDegerineEsitElementeTikla is PASSED

2021-11-12 17:47:46 - [MESSAGE][PASSED] - Call Test Case 'Test Cases/Filtreler/DropdownSec' successfully

2021-11-12 17:47:46 - [MESSAGE][INFO] - Checking called Test Case

2021-11-12 17:47:46 - [MESSAGE][INFO] - Starting to call Test Case 'Test Cases/Filtreler/DropdownSec'

2021-11-12 17:47:46 - [TEST_CASE][PASSED] - Test Cases/Filtreler/DropdownSec: Test Cases/Filtreler/DropdownSec

2021-11-12 17:47:46 - [TEST_STEP][PASSED] - Method.TextDegerineEsitElementinAltindakineTikla(findTestObject("Filtreler/Basliklar"), findTestObject("Filtreler/Basliga_Gore_Baslangic_Image"), Filtre_Adi): Method.TextDegerineEsitElementinAltindakineTikla is PASSED

2021-11-12 17:47:46 - [MESSAGE][INFO] - Finding Test Object 'Object Repository/Filtreler/Basliklar'

2021-11-12 17:47:46 - [MESSAGE][INFO] - Finding Test Object 'Object Repository/Filtreler/Basliga_Gore_Baslangic_Image'

2021-11-12 17:47:47 - [MESSAGE][INFO] - Checking timeout

2021-11-12 17:47:47 - [MESSAGE][INFO] - Finding web element with id: 'Object Repository/Filtreler/Basliklar' located by 'By.cssSelector: .control-label.col-sm-4.paddingMarginRLC' in '10' second(s)

2021-11-12 17:47:47 - [MESSAGE][INFO] - Smart Wait Function is triggered

2021-11-12 17:47:47 - [MESSAGE][INFO] - Found 6 web elements with id: 'Object Repository/Filtreler/Basliklar' located by 'By.cssSelector: .control-label.col-sm-4.paddingMarginRLC' in '10' second(s)

2021-11-12 17:47:47 - [MESSAGE][INFO] - Smart Wait Function is triggered

2021-11-12 17:47:47 - [MESSAGE][PASSED] - Method.TextDegerineEsitElementinAltindakineTikla is PASSED

2021-11-12 17:47:47 - [TEST_STEP][PASSED] - Method.TextDegerineEsitElementeTikla(findTestObject("Object Repository/Filtreler/Basliga_Gore_Dropdown"), Filtre_Degeri): Method.TextDegerineEsitElementeTikla is PASSED

2021-11-12 17:47:47 - [MESSAGE][INFO] - Finding Test Object 'Object Repository/Filtreler/Basliga_Gore_Dropdown'

2021-11-12 17:47:47 - [MESSAGE][INFO] - Checking timeout

2021-11-12 17:47:47 - [MESSAGE][INFO] - Finding web element with id: 'Object Repository/Filtreler/Basliga_Gore_Dropdown' located by 'By.xpath: //*[@class = 'dxeListBoxItemRow_LECustomTheme']' in '10' second(s)

2021-11-12 17:47:47 - [MESSAGE][INFO] - Smart Wait Function is triggered

2021-11-12 17:47:48 - [MESSAGE][INFO] - Found 58 web elements with id: 'Object Repository/Filtreler/Basliga_Gore_Dropdown' located by 'By.xpath: //*[@class = 'dxeListBoxItemRow_LECustomTheme']' in '10' second(s)

2021-11-12 17:47:48 - [MESSAGE][PASSED] - Method.TextDegerineEsitElementeTikla is PASSED

2021-11-12 17:47:48 - [MESSAGE][PASSED] - Call Test Case 'Test Cases/Filtreler/DropdownSec' successfully

2021-11-12 17:47:48 - [MESSAGE][INFO] - Checking called Test Case

2021-11-12 17:47:48 - [MESSAGE][INFO] - Starting to call Test Case 'Test Cases/Filtreler/ButonaTikla'

2021-11-12 17:47:48 - [TEST_CASE][PASSED] - Test Cases/Filtreler/ButonaTikla: Test Cases/Filtreler/ButonaTikla

2021-11-12 17:47:48 - [TEST_STEP][PASSED] - Method.TextDegerineEsitElementeTikla(findTestObject("Filtreler/Butonlar"), Filtre_Buton): Method.TextDegerineEsitElementeTikla is PASSED

2021-11-12 17:47:48 - [MESSAGE][INFO] - Finding Test Object 'Object Repository/Filtreler/Butonlar'

2021-11-12 17:47:49 - [MESSAGE][INFO] - Checking timeout

2021-11-12 17:47:49 - [MESSAGE][INFO] - Finding web element with id: 'Object Repository/Filtreler/Butonlar' located by 'By.cssSelector: .dxb>span' in '10' second(s)

2021-11-12 17:47:49 - [MESSAGE][INFO] - Smart Wait Function is triggered

2021-11-12 17:47:49 - [MESSAGE][INFO] - Found 2 web elements with id: 'Object Repository/Filtreler/Butonlar' located by 'By.cssSelector: .dxb>span' in '10' second(s)

2021-11-12 17:47:49 - [MESSAGE][PASSED] - Method.TextDegerineEsitElementeTikla is PASSED

2021-11-12 17:47:49 - [MESSAGE][PASSED] - Call Test Case 'Test Cases/Filtreler/ButonaTikla' successfully

2021-11-12 17:47:49 - [MESSAGE][INFO] - Checking called Test Case

2021-11-12 17:47:49 - [MESSAGE][INFO] - Starting to call Test Case 'Test Cases/Tablo/TablodaVeriVarMi'

2021-11-12 17:47:49 - [TEST_CASE][PASSED] - Test Cases/Tablo/TablodaVeriVarMi: Test Cases/Tablo/TablodaVeriVarMi

2021-11-12 17:47:49 - [TEST_STEP][PASSED] - verifyTextNotPresent("Görüntülenecek veri yok", true): Text 'Görüntülenecek veri yok' is not present on page using regular expression

2021-11-12 17:47:49 - [MESSAGE][INFO] - Checking text present  using regular expression

2021-11-12 17:47:49 - [MESSAGE][INFO] - Smart Wait Function is triggered

2021-11-12 17:47:50 - [MESSAGE][INFO] - Finding text 'Görüntülenecek veri yok' on page  using regular expression

2021-11-12 17:47:50 - [MESSAGE][PASSED] - Text 'Görüntülenecek veri yok' is not present on page using regular expression

2021-11-12 17:47:50 - [MESSAGE][PASSED] - Call Test Case 'Test Cases/Tablo/TablodaVeriVarMi' successfully

2021-11-12 17:47:50 - [MESSAGE][INFO] - Checking called Test Case

2021-11-12 17:47:50 - [MESSAGE][INFO] - Starting to call Test Case 'Test Cases/Filtreler/TexboxaYaz'

2021-11-12 17:47:50 - [TEST_CASE][PASSED] - Test Cases/Filtreler/TexboxaYaz: Test Cases/Filtreler/TexboxaYaz

2021-11-12 17:47:50 - [TEST_STEP][PASSED] - Method.TextDegerineEsitElementinAltindakiTextboxtaYaz(findTestObject("Filtreler/Basliklar"), findTestObject("Filtreler/Basliga_Gore_Textbox"), Filtre_Adi, Filtre_Degeri): Method.TextDegerineEsitElementinAltindakiTextboxtaYaz is PASSED

2021-11-12 17:47:50 - [MESSAGE][INFO] - Finding Test Object 'Object Repository/Filtreler/Basliklar'

2021-11-12 17:47:50 - [MESSAGE][INFO] - Finding Test Object 'Object Repository/Filtreler/Basliga_Gore_Textbox'

2021-11-12 17:47:50 - [MESSAGE][INFO] - Checking timeout

2021-11-12 17:47:50 - [MESSAGE][INFO] - Finding web element with id: 'Object Repository/Filtreler/Basliklar' located by 'By.cssSelector: .control-label.col-sm-4.paddingMarginRLC' in '10' second(s)

2021-11-12 17:47:50 - [MESSAGE][INFO] - Smart Wait Function is triggered

2021-11-12 17:47:50 - [MESSAGE][INFO] - Found 6 web elements with id: 'Object Repository/Filtreler/Basliklar' located by 'By.cssSelector: .control-label.col-sm-4.paddingMarginRLC' in '10' second(s)

2021-11-12 17:47:50 - [MESSAGE][INFO] - Smart Wait Function is triggered

2021-11-12 17:47:51 - [MESSAGE][PASSED] - Method.TextDegerineEsitElementinAltindakiTextboxtaYaz is PASSED

2021-11-12 17:47:51 - [MESSAGE][PASSED] - Call Test Case 'Test Cases/Filtreler/TexboxaYaz' successfully

2021-11-12 17:47:51 - [MESSAGE][INFO] - Checking called Test Case

2021-11-12 17:47:51 - [MESSAGE][INFO] - Starting to call Test Case 'Test Cases/Filtreler/TexboxaYaz'

2021-11-12 17:47:51 - [TEST_CASE][PASSED] - Test Cases/Filtreler/TexboxaYaz: Test Cases/Filtreler/TexboxaYaz

2021-11-12 17:47:51 - [TEST_STEP][PASSED] - Method.TextDegerineEsitElementinAltindakiTextboxtaYaz(findTestObject("Filtreler/Basliklar"), findTestObject("Filtreler/Basliga_Gore_Textbox"), Filtre_Adi, Filtre_Degeri): Method.TextDegerineEsitElementinAltindakiTextboxtaYaz is PASSED

2021-11-12 17:47:51 - [MESSAGE][INFO] - Finding Test Object 'Object Repository/Filtreler/Basliklar'

2021-11-12 17:47:51 - [MESSAGE][INFO] - Finding Test Object 'Object Repository/Filtreler/Basliga_Gore_Textbox'

2021-11-12 17:47:51 - [MESSAGE][INFO] - Checking timeout

2021-11-12 17:47:51 - [MESSAGE][INFO] - Finding web element with id: 'Object Repository/Filtreler/Basliklar' located by 'By.cssSelector: .control-label.col-sm-4.paddingMarginRLC' in '10' second(s)

2021-11-12 17:47:51 - [MESSAGE][INFO] - Smart Wait Function is triggered

2021-11-12 17:47:51 - [MESSAGE][INFO] - Found 6 web elements with id: 'Object Repository/Filtreler/Basliklar' located by 'By.cssSelector: .control-label.col-sm-4.paddingMarginRLC' in '10' second(s)

2021-11-12 17:47:51 - [MESSAGE][INFO] - Smart Wait Function is triggered

2021-11-12 17:47:52 - [MESSAGE][PASSED] - Method.TextDegerineEsitElementinAltindakiTextboxtaYaz is PASSED

2021-11-12 17:47:52 - [MESSAGE][PASSED] - Call Test Case 'Test Cases/Filtreler/TexboxaYaz' successfully

2021-11-12 17:47:52 - [MESSAGE][INFO] - Checking called Test Case

2021-11-12 17:47:52 - [MESSAGE][INFO] - Starting to call Test Case 'Test Cases/Filtreler/DropdownSec'

2021-11-12 17:47:52 - [TEST_CASE][PASSED] - Test Cases/Filtreler/DropdownSec: Test Cases/Filtreler/DropdownSec

2021-11-12 17:47:52 - [TEST_STEP][PASSED] - Method.TextDegerineEsitElementinAltindakineTikla(findTestObject("Filtreler/Basliklar"), findTestObject("Filtreler/Basliga_Gore_Baslangic_Image"), Filtre_Adi): Method.TextDegerineEsitElementinAltindakineTikla is PASSED

2021-11-12 17:47:52 - [MESSAGE][INFO] - Finding Test Object 'Object Repository/Filtreler/Basliklar'

2021-11-12 17:47:52 - [MESSAGE][INFO] - Finding Test Object 'Object Repository/Filtreler/Basliga_Gore_Baslangic_Image'

2021-11-12 17:47:52 - [MESSAGE][INFO] - Checking timeout

2021-11-12 17:47:52 - [MESSAGE][INFO] - Finding web element with id: 'Object Repository/Filtreler/Basliklar' located by 'By.cssSelector: .control-label.col-sm-4.paddingMarginRLC' in '10' second(s)

2021-11-12 17:47:52 - [MESSAGE][INFO] - Smart Wait Function is triggered

2021-11-12 17:47:53 - [MESSAGE][INFO] - Found 6 web elements with id: 'Object Repository/Filtreler/Basliklar' located by 'By.cssSelector: .control-label.col-sm-4.paddingMarginRLC' in '10' second(s)

2021-11-12 17:47:53 - [MESSAGE][INFO] - Smart Wait Function is triggered

2021-11-12 17:47:53 - [MESSAGE][PASSED] - Method.TextDegerineEsitElementinAltindakineTikla is PASSED

2021-11-12 17:47:53 - [TEST_STEP][PASSED] - Method.TextDegerineEsitElementeTikla(findTestObject("Object Repository/Filtreler/Basliga_Gore_Dropdown"), Filtre_Degeri): Method.TextDegerineEsitElementeTikla is PASSED

2021-11-12 17:47:53 - [MESSAGE][INFO] - Finding Test Object 'Object Repository/Filtreler/Basliga_Gore_Dropdown'

2021-11-12 17:47:53 - [MESSAGE][INFO] - Checking timeout

2021-11-12 17:47:53 - [MESSAGE][INFO] - Finding web element with id: 'Object Repository/Filtreler/Basliga_Gore_Dropdown' located by 'By.xpath: //*[@class = 'dxeListBoxItemRow_LECustomTheme']' in '10' second(s)

2021-11-12 17:47:53 - [MESSAGE][INFO] - Smart Wait Function is triggered

2021-11-12 17:47:53 - [MESSAGE][INFO] - Found 58 web elements with id: 'Object Repository/Filtreler/Basliga_Gore_Dropdown' located by 'By.xpath: //*[@class = 'dxeListBoxItemRow_LECustomTheme']' in '10' second(s)

2021-11-12 17:47:53 - [MESSAGE][PASSED] - Method.TextDegerineEsitElementeTikla is PASSED

2021-11-12 17:47:53 - [MESSAGE][PASSED] - Call Test Case 'Test Cases/Filtreler/DropdownSec' successfully

2021-11-12 17:47:53 - [MESSAGE][INFO] - Checking called Test Case

2021-11-12 17:47:53 - [MESSAGE][INFO] - Starting to call Test Case 'Test Cases/Filtreler/ButonaTikla'

2021-11-12 17:47:54 - [TEST_CASE][PASSED] - Test Cases/Filtreler/ButonaTikla: Test Cases/Filtreler/ButonaTikla

2021-11-12 17:47:54 - [TEST_STEP][PASSED] - Method.TextDegerineEsitElementeTikla(findTestObject("Filtreler/Butonlar"), Filtre_Buton): Method.TextDegerineEsitElementeTikla is PASSED

2021-11-12 17:47:54 - [MESSAGE][INFO] - Finding Test Object 'Object Repository/Filtreler/Butonlar'

2021-11-12 17:47:54 - [MESSAGE][INFO] - Checking timeout

2021-11-12 17:47:54 - [MESSAGE][INFO] - Finding web element with id: 'Object Repository/Filtreler/Butonlar' located by 'By.cssSelector: .dxb>span' in '10' second(s)

2021-11-12 17:47:54 - [MESSAGE][INFO] - Smart Wait Function is triggered

2021-11-12 17:47:54 - [MESSAGE][INFO] - Found 2 web elements with id: 'Object Repository/Filtreler/Butonlar' located by 'By.cssSelector: .dxb>span' in '10' second(s)

2021-11-12 17:47:54 - [MESSAGE][PASSED] - Method.TextDegerineEsitElementeTikla is PASSED

2021-11-12 17:47:54 - [MESSAGE][PASSED] - Call Test Case 'Test Cases/Filtreler/ButonaTikla' successfully

2021-11-12 17:47:54 - [MESSAGE][INFO] - Checking called Test Case

2021-11-12 17:47:54 - [MESSAGE][INFO] - Starting to call Test Case 'Test Cases/Tablo/TablodaVeriVarMi'

2021-11-12 17:47:54 - [TEST_CASE][PASSED] - Test Cases/Tablo/TablodaVeriVarMi: Test Cases/Tablo/TablodaVeriVarMi

2021-11-12 17:47:54 - [TEST_STEP][PASSED] - verifyTextNotPresent("Görüntülenecek veri yok", true): Text 'Görüntülenecek veri yok' is not present on page using regular expression

2021-11-12 17:47:54 - [MESSAGE][INFO] - Checking text present  using regular expression

2021-11-12 17:47:54 - [MESSAGE][INFO] - Smart Wait Function is triggered

2021-11-12 17:47:55 - [MESSAGE][INFO] - Finding text 'Görüntülenecek veri yok' on page  using regular expression

2021-11-12 17:47:55 - [MESSAGE][PASSED] - Text 'Görüntülenecek veri yok' is not present on page using regular expression

2021-11-12 17:47:55 - [MESSAGE][PASSED] - Call Test Case 'Test Cases/Tablo/TablodaVeriVarMi' successfully

2021-11-12 17:47:55 - [MESSAGE][INFO] - Checking called Test Case

2021-11-12 17:47:55 - [MESSAGE][INFO] - Starting to call Test Case 'Test Cases/Filtreler/TexboxaYaz'

2021-11-12 17:47:55 - [TEST_CASE][PASSED] - Test Cases/Filtreler/TexboxaYaz: Test Cases/Filtreler/TexboxaYaz

2021-11-12 17:47:55 - [TEST_STEP][PASSED] - Method.TextDegerineEsitElementinAltindakiTextboxtaYaz(findTestObject("Filtreler/Basliklar"), findTestObject("Filtreler/Basliga_Gore_Textbox"), Filtre_Adi, Filtre_Degeri): Method.TextDegerineEsitElementinAltindakiTextboxtaYaz is PASSED

2021-11-12 17:47:55 - [MESSAGE][INFO] - Finding Test Object 'Object Repository/Filtreler/Basliklar'

2021-11-12 17:47:55 - [MESSAGE][INFO] - Finding Test Object 'Object Repository/Filtreler/Basliga_Gore_Textbox'

2021-11-12 17:47:55 - [MESSAGE][INFO] - Checking timeout

2021-11-12 17:47:55 - [MESSAGE][INFO] - Finding web element with id: 'Object Repository/Filtreler/Basliklar' located by 'By.cssSelector: .control-label.col-sm-4.paddingMarginRLC' in '10' second(s)

2021-11-12 17:47:55 - [MESSAGE][INFO] - Smart Wait Function is triggered

2021-11-12 17:47:56 - [MESSAGE][INFO] - Found 6 web elements with id: 'Object Repository/Filtreler/Basliklar' located by 'By.cssSelector: .control-label.col-sm-4.paddingMarginRLC' in '10' second(s)

2021-11-12 17:47:56 - [MESSAGE][INFO] - Smart Wait Function is triggered

2021-11-12 17:47:56 - [MESSAGE][PASSED] - Method.TextDegerineEsitElementinAltindakiTextboxtaYaz is PASSED

2021-11-12 17:47:56 - [MESSAGE][PASSED] - Call Test Case 'Test Cases/Filtreler/TexboxaYaz' successfully

2021-11-12 17:47:56 - [MESSAGE][INFO] - Checking called Test Case

2021-11-12 17:47:56 - [MESSAGE][INFO] - Starting to call Test Case 'Test Cases/Filtreler/TexboxaYaz'

2021-11-12 17:47:56 - [TEST_CASE][PASSED] - Test Cases/Filtreler/TexboxaYaz: Test Cases/Filtreler/TexboxaYaz

2021-11-12 17:47:56 - [TEST_STEP][PASSED] - Method.TextDegerineEsitElementinAltindakiTextboxtaYaz(findTestObject("Filtreler/Basliklar"), findTestObject("Filtreler/Basliga_Gore_Textbox"), Filtre_Adi, Filtre_Degeri): Method.TextDegerineEsitElementinAltindakiTextboxtaYaz is PASSED

2021-11-12 17:47:56 - [MESSAGE][INFO] - Finding Test Object 'Object Repository/Filtreler/Basliklar'

2021-11-12 17:47:56 - [MESSAGE][INFO] - Finding Test Object 'Object Repository/Filtreler/Basliga_Gore_Textbox'

2021-11-12 17:47:56 - [MESSAGE][INFO] - Checking timeout

2021-11-12 17:47:56 - [MESSAGE][INFO] - Finding web element with id: 'Object Repository/Filtreler/Basliklar' located by 'By.cssSelector: .control-label.col-sm-4.paddingMarginRLC' in '10' second(s)

2021-11-12 17:47:56 - [MESSAGE][INFO] - Smart Wait Function is triggered

2021-11-12 17:47:57 - [MESSAGE][INFO] - Found 6 web elements with id: 'Object Repository/Filtreler/Basliklar' located by 'By.cssSelector: .control-label.col-sm-4.paddingMarginRLC' in '10' second(s)

2021-11-12 17:47:57 - [MESSAGE][INFO] - Smart Wait Function is triggered

2021-11-12 17:47:57 - [MESSAGE][PASSED] - Method.TextDegerineEsitElementinAltindakiTextboxtaYaz is PASSED

2021-11-12 17:47:57 - [MESSAGE][PASSED] - Call Test Case 'Test Cases/Filtreler/TexboxaYaz' successfully

2021-11-12 17:47:57 - [MESSAGE][INFO] - Checking called Test Case

2021-11-12 17:47:57 - [MESSAGE][INFO] - Starting to call Test Case 'Test Cases/Filtreler/ButonaTikla'

2021-11-12 17:47:57 - [TEST_CASE][PASSED] - Test Cases/Filtreler/ButonaTikla: Test Cases/Filtreler/ButonaTikla

2021-11-12 17:47:57 - [TEST_STEP][PASSED] - Method.TextDegerineEsitElementeTikla(findTestObject("Filtreler/Butonlar"), Filtre_Buton): Method.TextDegerineEsitElementeTikla is PASSED

2021-11-12 17:47:57 - [MESSAGE][INFO] - Finding Test Object 'Object Repository/Filtreler/Butonlar'

2021-11-12 17:47:57 - [MESSAGE][INFO] - Checking timeout

2021-11-12 17:47:57 - [MESSAGE][INFO] - Finding web element with id: 'Object Repository/Filtreler/Butonlar' located by 'By.cssSelector: .dxb>span' in '10' second(s)

2021-11-12 17:47:57 - [MESSAGE][INFO] - Smart Wait Function is triggered

2021-11-12 17:47:58 - [MESSAGE][INFO] - Found 2 web elements with id: 'Object Repository/Filtreler/Butonlar' located by 'By.cssSelector: .dxb>span' in '10' second(s)

2021-11-12 17:47:58 - [MESSAGE][PASSED] - Method.TextDegerineEsitElementeTikla is PASSED

2021-11-12 17:47:58 - [MESSAGE][PASSED] - Call Test Case 'Test Cases/Filtreler/ButonaTikla' successfully

2021-11-12 17:47:58 - [MESSAGE][INFO] - Checking called Test Case

2021-11-12 17:47:58 - [MESSAGE][INFO] - Starting to call Test Case 'Test Cases/Tablo/TablodaVeriVarMi'

2021-11-12 17:47:58 - [TEST_CASE][PASSED] - Test Cases/Tablo/TablodaVeriVarMi: Test Cases/Tablo/TablodaVeriVarMi

2021-11-12 17:47:58 - [TEST_STEP][PASSED] - verifyTextNotPresent("Görüntülenecek veri yok", true): Text 'Görüntülenecek veri yok' is not present on page using regular expression

2021-11-12 17:47:58 - [MESSAGE][INFO] - Checking text present  using regular expression

2021-11-12 17:47:58 - [MESSAGE][INFO] - Smart Wait Function is triggered

2021-11-12 17:47:59 - [MESSAGE][INFO] - Finding text 'Görüntülenecek veri yok' on page  using regular expression

2021-11-12 17:47:59 - [MESSAGE][PASSED] - Text 'Görüntülenecek veri yok' is not present on page using regular expression

2021-11-12 17:47:59 - [MESSAGE][PASSED] - Call Test Case 'Test Cases/Tablo/TablodaVeriVarMi' successfully

2021-11-12 17:47:59 - [MESSAGE][INFO] - Checking called Test Case

2021-11-12 17:47:59 - [MESSAGE][INFO] - Starting to call Test Case 'Test Cases/Filtreler/DropdownSec'

2021-11-12 17:47:59 - [TEST_CASE][PASSED] - Test Cases/Filtreler/DropdownSec: Test Cases/Filtreler/DropdownSec

2021-11-12 17:47:59 - [TEST_STEP][PASSED] - Method.TextDegerineEsitElementinAltindakineTikla(findTestObject("Filtreler/Basliklar"), findTestObject("Filtreler/Basliga_Gore_Baslangic_Image"), Filtre_Adi): Method.TextDegerineEsitElementinAltindakineTikla is PASSED

2021-11-12 17:47:59 - [MESSAGE][INFO] - Finding Test Object 'Object Repository/Filtreler/Basliklar'

2021-11-12 17:47:59 - [MESSAGE][INFO] - Finding Test Object 'Object Repository/Filtreler/Basliga_Gore_Baslangic_Image'

2021-11-12 17:47:59 - [MESSAGE][INFO] - Checking timeout

2021-11-12 17:47:59 - [MESSAGE][INFO] - Finding web element with id: 'Object Repository/Filtreler/Basliklar' located by 'By.cssSelector: .control-label.col-sm-4.paddingMarginRLC' in '10' second(s)

2021-11-12 17:47:59 - [MESSAGE][INFO] - Smart Wait Function is triggered

2021-11-12 17:47:59 - [MESSAGE][INFO] - Found 6 web elements with id: 'Object Repository/Filtreler/Basliklar' located by 'By.cssSelector: .control-label.col-sm-4.paddingMarginRLC' in '10' second(s)

2021-11-12 17:47:59 - [MESSAGE][INFO] - Smart Wait Function is triggered

2021-11-12 17:47:59 - [MESSAGE][PASSED] - Method.TextDegerineEsitElementinAltindakineTikla is PASSED

2021-11-12 17:47:59 - [TEST_STEP][PASSED] - Method.TextDegerineEsitElementeTikla(findTestObject("Object Repository/Filtreler/Basliga_Gore_Dropdown"), Filtre_Degeri): Method.TextDegerineEsitElementeTikla is PASSED

2021-11-12 17:47:59 - [MESSAGE][INFO] - Finding Test Object 'Object Repository/Filtreler/Basliga_Gore_Dropdown'

2021-11-12 17:48:00 - [MESSAGE][INFO] - Checking timeout

2021-11-12 17:48:00 - [MESSAGE][INFO] - Finding web element with id: 'Object Repository/Filtreler/Basliga_Gore_Dropdown' located by 'By.xpath: //*[@class = 'dxeListBoxItemRow_LECustomTheme']' in '10' second(s)

2021-11-12 17:48:00 - [MESSAGE][INFO] - Smart Wait Function is triggered

2021-11-12 17:48:00 - [MESSAGE][INFO] - Found 58 web elements with id: 'Object Repository/Filtreler/Basliga_Gore_Dropdown' located by 'By.xpath: //*[@class = 'dxeListBoxItemRow_LECustomTheme']' in '10' second(s)

2021-11-12 17:48:01 - [MESSAGE][PASSED] - Method.TextDegerineEsitElementeTikla is PASSED

2021-11-12 17:48:01 - [MESSAGE][PASSED] - Call Test Case 'Test Cases/Filtreler/DropdownSec' successfully

2021-11-12 17:48:01 - [MESSAGE][INFO] - Checking called Test Case

2021-11-12 17:48:01 - [MESSAGE][INFO] - Starting to call Test Case 'Test Cases/Filtreler/ButonaTikla'

2021-11-12 17:48:01 - [TEST_CASE][PASSED] - Test Cases/Filtreler/ButonaTikla: Test Cases/Filtreler/ButonaTikla

2021-11-12 17:48:01 - [TEST_STEP][PASSED] - Method.TextDegerineEsitElementeTikla(findTestObject("Filtreler/Butonlar"), Filtre_Buton): Method.TextDegerineEsitElementeTikla is PASSED

2021-11-12 17:48:01 - [MESSAGE][INFO] - Finding Test Object 'Object Repository/Filtreler/Butonlar'

2021-11-12 17:48:01 - [MESSAGE][INFO] - Checking timeout

2021-11-12 17:48:01 - [MESSAGE][INFO] - Finding web element with id: 'Object Repository/Filtreler/Butonlar' located by 'By.cssSelector: .dxb>span' in '10' second(s)

2021-11-12 17:48:01 - [MESSAGE][INFO] - Smart Wait Function is triggered

2021-11-12 17:48:01 - [MESSAGE][INFO] - Found 2 web elements with id: 'Object Repository/Filtreler/Butonlar' located by 'By.cssSelector: .dxb>span' in '10' second(s)

2021-11-12 17:48:01 - [MESSAGE][PASSED] - Method.TextDegerineEsitElementeTikla is PASSED

2021-11-12 17:48:01 - [MESSAGE][PASSED] - Call Test Case 'Test Cases/Filtreler/ButonaTikla' successfully

2021-11-12 17:48:01 - [MESSAGE][INFO] - Checking called Test Case

2021-11-12 17:48:01 - [MESSAGE][INFO] - Starting to call Test Case 'Test Cases/Tablo/TablodaVeriVarMi'

2021-11-12 17:48:01 - [TEST_CASE][PASSED] - Test Cases/Tablo/TablodaVeriVarMi: Test Cases/Tablo/TablodaVeriVarMi

2021-11-12 17:48:01 - [TEST_STEP][PASSED] - verifyTextNotPresent("Görüntülenecek veri yok", true): Text 'Görüntülenecek veri yok' is not present on page using regular expression

2021-11-12 17:48:01 - [MESSAGE][INFO] - Checking text present  using regular expression

2021-11-12 17:48:01 - [MESSAGE][INFO] - Smart Wait Function is triggered

2021-11-12 17:48:02 - [MESSAGE][INFO] - Finding text 'Görüntülenecek veri yok' on page  using regular expression

2021-11-12 17:48:02 - [MESSAGE][PASSED] - Text 'Görüntülenecek veri yok' is not present on page using regular expression

2021-11-12 17:48:02 - [MESSAGE][PASSED] - Call Test Case 'Test Cases/Tablo/TablodaVeriVarMi' successfully

2021-11-12 17:48:02 - [MESSAGE][INFO] - Checking called Test Case

2021-11-12 17:48:02 - [MESSAGE][INFO] - Starting to call Test Case 'Test Cases/Filtreler/TexboxaYaz'

2021-11-12 17:48:02 - [TEST_CASE][PASSED] - Test Cases/Filtreler/TexboxaYaz: Test Cases/Filtreler/TexboxaYaz

2021-11-12 17:48:02 - [TEST_STEP][PASSED] - Method.TextDegerineEsitElementinAltindakiTextboxtaYaz(findTestObject("Filtreler/Basliklar"), findTestObject("Filtreler/Basliga_Gore_Textbox"), Filtre_Adi, Filtre_Degeri): Method.TextDegerineEsitElementinAltindakiTextboxtaYaz is PASSED

2021-11-12 17:48:02 - [MESSAGE][INFO] - Finding Test Object 'Object Repository/Filtreler/Basliklar'

2021-11-12 17:48:02 - [MESSAGE][INFO] - Finding Test Object 'Object Repository/Filtreler/Basliga_Gore_Textbox'

2021-11-12 17:48:02 - [MESSAGE][INFO] - Checking timeout

2021-11-12 17:48:02 - [MESSAGE][INFO] - Finding web element with id: 'Object Repository/Filtreler/Basliklar' located by 'By.cssSelector: .control-label.col-sm-4.paddingMarginRLC' in '10' second(s)

2021-11-12 17:48:02 - [MESSAGE][INFO] - Smart Wait Function is triggered

2021-11-12 17:48:02 - [MESSAGE][INFO] - Found 6 web elements with id: 'Object Repository/Filtreler/Basliklar' located by 'By.cssSelector: .control-label.col-sm-4.paddingMarginRLC' in '10' second(s)

2021-11-12 17:48:02 - [MESSAGE][INFO] - Smart Wait Function is triggered

2021-11-12 17:48:03 - [MESSAGE][PASSED] - Method.TextDegerineEsitElementinAltindakiTextboxtaYaz is PASSED

2021-11-12 17:48:03 - [MESSAGE][PASSED] - Call Test Case 'Test Cases/Filtreler/TexboxaYaz' successfully

2021-11-12 17:48:03 - [MESSAGE][INFO] - Checking called Test Case

2021-11-12 17:48:03 - [MESSAGE][INFO] - Starting to call Test Case 'Test Cases/Filtreler/TexboxaYaz'

2021-11-12 17:48:03 - [TEST_CASE][PASSED] - Test Cases/Filtreler/TexboxaYaz: Test Cases/Filtreler/TexboxaYaz

2021-11-12 17:48:03 - [TEST_STEP][PASSED] - Method.TextDegerineEsitElementinAltindakiTextboxtaYaz(findTestObject("Filtreler/Basliklar"), findTestObject("Filtreler/Basliga_Gore_Textbox"), Filtre_Adi, Filtre_Degeri): Method.TextDegerineEsitElementinAltindakiTextboxtaYaz is PASSED

2021-11-12 17:48:03 - [MESSAGE][INFO] - Finding Test Object 'Object Repository/Filtreler/Basliklar'

2021-11-12 17:48:03 - [MESSAGE][INFO] - Finding Test Object 'Object Repository/Filtreler/Basliga_Gore_Textbox'

2021-11-12 17:48:03 - [MESSAGE][INFO] - Checking timeout

2021-11-12 17:48:03 - [MESSAGE][INFO] - Finding web element with id: 'Object Repository/Filtreler/Basliklar' located by 'By.cssSelector: .control-label.col-sm-4.paddingMarginRLC' in '10' second(s)

2021-11-12 17:48:03 - [MESSAGE][INFO] - Smart Wait Function is triggered

2021-11-12 17:48:03 - [MESSAGE][INFO] - Found 6 web elements with id: 'Object Repository/Filtreler/Basliklar' located by 'By.cssSelector: .control-label.col-sm-4.paddingMarginRLC' in '10' second(s)

2021-11-12 17:48:03 - [MESSAGE][INFO] - Smart Wait Function is triggered

2021-11-12 17:48:04 - [MESSAGE][PASSED] - Method.TextDegerineEsitElementinAltindakiTextboxtaYaz is PASSED

2021-11-12 17:48:04 - [MESSAGE][PASSED] - Call Test Case 'Test Cases/Filtreler/TexboxaYaz' successfully

2021-11-12 17:48:04 - [MESSAGE][INFO] - Checking called Test Case

2021-11-12 17:48:04 - [MESSAGE][INFO] - Starting to call Test Case 'Test Cases/Filtreler/DropdownSec'

2021-11-12 17:48:04 - [TEST_CASE][PASSED] - Test Cases/Filtreler/DropdownSec: Test Cases/Filtreler/DropdownSec

2021-11-12 17:48:04 - [TEST_STEP][PASSED] - Method.TextDegerineEsitElementinAltindakineTikla(findTestObject("Filtreler/Basliklar"), findTestObject("Filtreler/Basliga_Gore_Baslangic_Image"), Filtre_Adi): Method.TextDegerineEsitElementinAltindakineTikla is PASSED

2021-11-12 17:48:04 - [MESSAGE][INFO] - Finding Test Object 'Object Repository/Filtreler/Basliklar'

2021-11-12 17:48:04 - [MESSAGE][INFO] - Finding Test Object 'Object Repository/Filtreler/Basliga_Gore_Baslangic_Image'

2021-11-12 17:48:04 - [MESSAGE][INFO] - Checking timeout

2021-11-12 17:48:04 - [MESSAGE][INFO] - Finding web element with id: 'Object Repository/Filtreler/Basliklar' located by 'By.cssSelector: .control-label.col-sm-4.paddingMarginRLC' in '10' second(s)

2021-11-12 17:48:04 - [MESSAGE][INFO] - Smart Wait Function is triggered

2021-11-12 17:48:04 - [MESSAGE][INFO] - Found 6 web elements with id: 'Object Repository/Filtreler/Basliklar' located by 'By.cssSelector: .control-label.col-sm-4.paddingMarginRLC' in '10' second(s)

2021-11-12 17:48:04 - [MESSAGE][INFO] - Smart Wait Function is triggered

2021-11-12 17:48:05 - [MESSAGE][PASSED] - Method.TextDegerineEsitElementinAltindakineTikla is PASSED

2021-11-12 17:48:05 - [TEST_STEP][PASSED] - Method.TextDegerineEsitElementeTikla(findTestObject("Object Repository/Filtreler/Basliga_Gore_Dropdown"), Filtre_Degeri): Method.TextDegerineEsitElementeTikla is PASSED

2021-11-12 17:48:05 - [MESSAGE][INFO] - Finding Test Object 'Object Repository/Filtreler/Basliga_Gore_Dropdown'

2021-11-12 17:48:05 - [MESSAGE][INFO] - Checking timeout

2021-11-12 17:48:05 - [MESSAGE][INFO] - Finding web element with id: 'Object Repository/Filtreler/Basliga_Gore_Dropdown' located by 'By.xpath: //*[@class = 'dxeListBoxItemRow_LECustomTheme']' in '10' second(s)

2021-11-12 17:48:05 - [MESSAGE][INFO] - Smart Wait Function is triggered

2021-11-12 17:48:05 - [MESSAGE][INFO] - Found 58 web elements with id: 'Object Repository/Filtreler/Basliga_Gore_Dropdown' located by 'By.xpath: //*[@class = 'dxeListBoxItemRow_LECustomTheme']' in '10' second(s)

2021-11-12 17:48:05 - [MESSAGE][PASSED] - Method.TextDegerineEsitElementeTikla is PASSED

2021-11-12 17:48:05 - [MESSAGE][PASSED] - Call Test Case 'Test Cases/Filtreler/DropdownSec' successfully

2021-11-12 17:48:05 - [MESSAGE][INFO] - Checking called Test Case

2021-11-12 17:48:05 - [MESSAGE][INFO] - Starting to call Test Case 'Test Cases/Filtreler/ButonaTikla'

2021-11-12 17:48:05 - [TEST_CASE][PASSED] - Test Cases/Filtreler/ButonaTikla: Test Cases/Filtreler/ButonaTikla

2021-11-12 17:48:05 - [TEST_STEP][PASSED] - Method.TextDegerineEsitElementeTikla(findTestObject("Filtreler/Butonlar"), Filtre_Buton): Method.TextDegerineEsitElementeTikla is PASSED

2021-11-12 17:48:05 - [MESSAGE][INFO] - Finding Test Object 'Object Repository/Filtreler/Butonlar'

2021-11-12 17:48:05 - [MESSAGE][INFO] - Checking timeout

2021-11-12 17:48:05 - [MESSAGE][INFO] - Finding web element with id: 'Object Repository/Filtreler/Butonlar' located by 'By.cssSelector: .dxb>span' in '10' second(s)

2021-11-12 17:48:05 - [MESSAGE][INFO] - Smart Wait Function is triggered

2021-11-12 17:48:06 - [MESSAGE][INFO] - Found 2 web elements with id: 'Object Repository/Filtreler/Butonlar' located by 'By.cssSelector: .dxb>span' in '10' second(s)

2021-11-12 17:48:06 - [MESSAGE][PASSED] - Method.TextDegerineEsitElementeTikla is PASSED

2021-11-12 17:48:06 - [MESSAGE][PASSED] - Call Test Case 'Test Cases/Filtreler/ButonaTikla' successfully

2021-11-12 17:48:06 - [MESSAGE][INFO] - Checking called Test Case

2021-11-12 17:48:06 - [MESSAGE][INFO] - Starting to call Test Case 'Test Cases/Tablo/TablodaVeriVarMi'

2021-11-12 17:48:06 - [TEST_CASE][PASSED] - Test Cases/Tablo/TablodaVeriVarMi: Test Cases/Tablo/TablodaVeriVarMi

2021-11-12 17:48:06 - [TEST_STEP][PASSED] - verifyTextNotPresent("Görüntülenecek veri yok", true): Text 'Görüntülenecek veri yok' is not present on page using regular expression

2021-11-12 17:48:06 - [MESSAGE][INFO] - Checking text present  using regular expression

2021-11-12 17:48:06 - [MESSAGE][INFO] - Smart Wait Function is triggered

2021-11-12 17:48:07 - [MESSAGE][INFO] - Finding text 'Görüntülenecek veri yok' on page  using regular expression

2021-11-12 17:48:07 - [MESSAGE][PASSED] - Text 'Görüntülenecek veri yok' is not present on page using regular expression

2021-11-12 17:48:07 - [MESSAGE][PASSED] - Call Test Case 'Test Cases/Tablo/TablodaVeriVarMi' successfully

2021-11-12 17:48:07 - [MESSAGE][INFO] - Checking called Test Case

2021-11-12 17:48:07 - [MESSAGE][INFO] - Starting to call Test Case 'Test Cases/Filtreler/DropdownSec'

2021-11-12 17:48:07 - [TEST_CASE][PASSED] - Test Cases/Filtreler/DropdownSec: Test Cases/Filtreler/DropdownSec

2021-11-12 17:48:07 - [TEST_STEP][PASSED] - Method.TextDegerineEsitElementinAltindakineTikla(findTestObject("Filtreler/Basliklar"), findTestObject("Filtreler/Basliga_Gore_Baslangic_Image"), Filtre_Adi): Method.TextDegerineEsitElementinAltindakineTikla is PASSED

2021-11-12 17:48:07 - [MESSAGE][INFO] - Finding Test Object 'Object Repository/Filtreler/Basliklar'

2021-11-12 17:48:07 - [MESSAGE][INFO] - Finding Test Object 'Object Repository/Filtreler/Basliga_Gore_Baslangic_Image'

2021-11-12 17:48:07 - [MESSAGE][INFO] - Checking timeout

2021-11-12 17:48:07 - [MESSAGE][INFO] - Finding web element with id: 'Object Repository/Filtreler/Basliklar' located by 'By.cssSelector: .control-label.col-sm-4.paddingMarginRLC' in '10' second(s)

2021-11-12 17:48:07 - [MESSAGE][INFO] - Smart Wait Function is triggered

2021-11-12 17:48:07 - [MESSAGE][INFO] - Found 6 web elements with id: 'Object Repository/Filtreler/Basliklar' located by 'By.cssSelector: .control-label.col-sm-4.paddingMarginRLC' in '10' second(s)

2021-11-12 17:48:08 - [MESSAGE][INFO] - Smart Wait Function is triggered

2021-11-12 17:48:08 - [MESSAGE][PASSED] - Method.TextDegerineEsitElementinAltindakineTikla is PASSED

2021-11-12 17:48:08 - [TEST_STEP][PASSED] - Method.TextDegerineEsitElementeTikla(findTestObject("Object Repository/Filtreler/Basliga_Gore_Dropdown"), Filtre_Degeri): Method.TextDegerineEsitElementeTikla is PASSED

2021-11-12 17:48:08 - [MESSAGE][INFO] - Finding Test Object 'Object Repository/Filtreler/Basliga_Gore_Dropdown'

2021-11-12 17:48:08 - [MESSAGE][INFO] - Checking timeout

2021-11-12 17:48:08 - [MESSAGE][INFO] - Finding web element with id: 'Object Repository/Filtreler/Basliga_Gore_Dropdown' located by 'By.xpath: //*[@class = 'dxeListBoxItemRow_LECustomTheme']' in '10' second(s)

2021-11-12 17:48:08 - [MESSAGE][INFO] - Smart Wait Function is triggered

2021-11-12 17:48:08 - [MESSAGE][INFO] - Found 58 web elements with id: 'Object Repository/Filtreler/Basliga_Gore_Dropdown' located by 'By.xpath: //*[@class = 'dxeListBoxItemRow_LECustomTheme']' in '10' second(s)

2021-11-12 17:48:09 - [MESSAGE][PASSED] - Method.TextDegerineEsitElementeTikla is PASSED

2021-11-12 17:48:09 - [MESSAGE][PASSED] - Call Test Case 'Test Cases/Filtreler/DropdownSec' successfully

2021-11-12 17:48:09 - [MESSAGE][INFO] - Checking called Test Case

2021-11-12 17:48:09 - [MESSAGE][INFO] - Starting to call Test Case 'Test Cases/Filtreler/ButonaTikla'

2021-11-12 17:48:09 - [TEST_CASE][PASSED] - Test Cases/Filtreler/ButonaTikla: Test Cases/Filtreler/ButonaTikla

2021-11-12 17:48:09 - [TEST_STEP][PASSED] - Method.TextDegerineEsitElementeTikla(findTestObject("Filtreler/Butonlar"), Filtre_Buton): Method.TextDegerineEsitElementeTikla is PASSED

2021-11-12 17:48:09 - [MESSAGE][INFO] - Finding Test Object 'Object Repository/Filtreler/Butonlar'

2021-11-12 17:48:09 - [MESSAGE][INFO] - Checking timeout

2021-11-12 17:48:09 - [MESSAGE][INFO] - Finding web element with id: 'Object Repository/Filtreler/Butonlar' located by 'By.cssSelector: .dxb>span' in '10' second(s)

2021-11-12 17:48:09 - [MESSAGE][INFO] - Smart Wait Function is triggered

2021-11-12 17:48:09 - [MESSAGE][INFO] - Found 2 web elements with id: 'Object Repository/Filtreler/Butonlar' located by 'By.cssSelector: .dxb>span' in '10' second(s)

2021-11-12 17:48:09 - [MESSAGE][PASSED] - Method.TextDegerineEsitElementeTikla is PASSED

2021-11-12 17:48:09 - [MESSAGE][PASSED] - Call Test Case 'Test Cases/Filtreler/ButonaTikla' successfully

2021-11-12 17:48:09 - [MESSAGE][INFO] - Checking called Test Case

2021-11-12 17:48:09 - [MESSAGE][INFO] - Starting to call Test Case 'Test Cases/Tablo/TablodaVeriVarMi'

2021-11-12 17:48:09 - [TEST_CASE][PASSED] - Test Cases/Tablo/TablodaVeriVarMi: Test Cases/Tablo/TablodaVeriVarMi

2021-11-12 17:48:09 - [TEST_STEP][PASSED] - verifyTextNotPresent("Görüntülenecek veri yok", true): Text 'Görüntülenecek veri yok' is not present on page using regular expression

2021-11-12 17:48:09 - [MESSAGE][INFO] - Checking text present  using regular expression

2021-11-12 17:48:09 - [MESSAGE][INFO] - Smart Wait Function is triggered

2021-11-12 17:48:10 - [MESSAGE][INFO] - Finding text 'Görüntülenecek veri yok' on page  using regular expression

2021-11-12 17:48:10 - [MESSAGE][PASSED] - Text 'Görüntülenecek veri yok' is not present on page using regular expression

2021-11-12 17:48:10 - [MESSAGE][PASSED] - Call Test Case 'Test Cases/Tablo/TablodaVeriVarMi' successfully

2021-11-12 17:48:10 - [MESSAGE][INFO] - Checking called Test Case

2021-11-12 17:48:10 - [MESSAGE][INFO] - Starting to call Test Case 'Test Cases/Filtreler/TexboxaYaz'

2021-11-12 17:48:10 - [TEST_CASE][PASSED] - Test Cases/Filtreler/TexboxaYaz: Test Cases/Filtreler/TexboxaYaz

2021-11-12 17:48:10 - [TEST_STEP][PASSED] - Method.TextDegerineEsitElementinAltindakiTextboxtaYaz(findTestObject("Filtreler/Basliklar"), findTestObject("Filtreler/Basliga_Gore_Textbox"), Filtre_Adi, Filtre_Degeri): Method.TextDegerineEsitElementinAltindakiTextboxtaYaz is PASSED

2021-11-12 17:48:10 - [MESSAGE][INFO] - Finding Test Object 'Object Repository/Filtreler/Basliklar'

2021-11-12 17:48:10 - [MESSAGE][INFO] - Finding Test Object 'Object Repository/Filtreler/Basliga_Gore_Textbox'

2021-11-12 17:48:10 - [MESSAGE][INFO] - Checking timeout

2021-11-12 17:48:10 - [MESSAGE][INFO] - Finding web element with id: 'Object Repository/Filtreler/Basliklar' located by 'By.cssSelector: .control-label.col-sm-4.paddingMarginRLC' in '10' second(s)

2021-11-12 17:48:10 - [MESSAGE][INFO] - Smart Wait Function is triggered

2021-11-12 17:48:11 - [MESSAGE][INFO] - Found 6 web elements with id: 'Object Repository/Filtreler/Basliklar' located by 'By.cssSelector: .control-label.col-sm-4.paddingMarginRLC' in '10' second(s)

2021-11-12 17:48:11 - [MESSAGE][INFO] - Smart Wait Function is triggered

2021-11-12 17:48:11 - [MESSAGE][PASSED] - Method.TextDegerineEsitElementinAltindakiTextboxtaYaz is PASSED

2021-11-12 17:48:11 - [MESSAGE][PASSED] - Call Test Case 'Test Cases/Filtreler/TexboxaYaz' successfully

2021-11-12 17:48:11 - [MESSAGE][INFO] - Checking called Test Case

2021-11-12 17:48:11 - [MESSAGE][INFO] - Starting to call Test Case 'Test Cases/Filtreler/TexboxaYaz'

2021-11-12 17:48:11 - [TEST_CASE][PASSED] - Test Cases/Filtreler/TexboxaYaz: Test Cases/Filtreler/TexboxaYaz

2021-11-12 17:48:11 - [TEST_STEP][PASSED] - Method.TextDegerineEsitElementinAltindakiTextboxtaYaz(findTestObject("Filtreler/Basliklar"), findTestObject("Filtreler/Basliga_Gore_Textbox"), Filtre_Adi, Filtre_Degeri): Method.TextDegerineEsitElementinAltindakiTextboxtaYaz is PASSED

2021-11-12 17:48:11 - [MESSAGE][INFO] - Finding Test Object 'Object Repository/Filtreler/Basliklar'

2021-11-12 17:48:11 - [MESSAGE][INFO] - Finding Test Object 'Object Repository/Filtreler/Basliga_Gore_Textbox'

2021-11-12 17:48:11 - [MESSAGE][INFO] - Checking timeout

2021-11-12 17:48:11 - [MESSAGE][INFO] - Finding web element with id: 'Object Repository/Filtreler/Basliklar' located by 'By.cssSelector: .control-label.col-sm-4.paddingMarginRLC' in '10' second(s)

2021-11-12 17:48:11 - [MESSAGE][INFO] - Smart Wait Function is triggered

2021-11-12 17:48:12 - [MESSAGE][INFO] - Found 6 web elements with id: 'Object Repository/Filtreler/Basliklar' located by 'By.cssSelector: .control-label.col-sm-4.paddingMarginRLC' in '10' second(s)

2021-11-12 17:48:12 - [MESSAGE][INFO] - Smart Wait Function is triggered

2021-11-12 17:48:12 - [MESSAGE][PASSED] - Method.TextDegerineEsitElementinAltindakiTextboxtaYaz is PASSED

2021-11-12 17:48:12 - [MESSAGE][PASSED] - Call Test Case 'Test Cases/Filtreler/TexboxaYaz' successfully

2021-11-12 17:48:12 - [MESSAGE][INFO] - Checking called Test Case

2021-11-12 17:48:12 - [MESSAGE][INFO] - Starting to call Test Case 'Test Cases/Filtreler/TexboxaYaz'

2021-11-12 17:48:12 - [TEST_CASE][PASSED] - Test Cases/Filtreler/TexboxaYaz: Test Cases/Filtreler/TexboxaYaz

2021-11-12 17:48:12 - [TEST_STEP][PASSED] - Method.TextDegerineEsitElementinAltindakiTextboxtaYaz(findTestObject("Filtreler/Basliklar"), findTestObject("Filtreler/Basliga_Gore_Textbox"), Filtre_Adi, Filtre_Degeri): Method.TextDegerineEsitElementinAltindakiTextboxtaYaz is PASSED

2021-11-12 17:48:12 - [MESSAGE][INFO] - Finding Test Object 'Object Repository/Filtreler/Basliklar'

2021-11-12 17:48:12 - [MESSAGE][INFO] - Finding Test Object 'Object Repository/Filtreler/Basliga_Gore_Textbox'

2021-11-12 17:48:12 - [MESSAGE][INFO] - Checking timeout

2021-11-12 17:48:12 - [MESSAGE][INFO] - Finding web element with id: 'Object Repository/Filtreler/Basliklar' located by 'By.cssSelector: .control-label.col-sm-4.paddingMarginRLC' in '10' second(s)

2021-11-12 17:48:12 - [MESSAGE][INFO] - Smart Wait Function is triggered

2021-11-12 17:48:12 - [MESSAGE][INFO] - Found 6 web elements with id: 'Object Repository/Filtreler/Basliklar' located by 'By.cssSelector: .control-label.col-sm-4.paddingMarginRLC' in '10' second(s)

2021-11-12 17:48:12 - [MESSAGE][INFO] - Smart Wait Function is triggered

2021-11-12 17:48:13 - [MESSAGE][PASSED] - Method.TextDegerineEsitElementinAltindakiTextboxtaYaz is PASSED

2021-11-12 17:48:13 - [MESSAGE][PASSED] - Call Test Case 'Test Cases/Filtreler/TexboxaYaz' successfully

2021-11-12 17:48:13 - [MESSAGE][INFO] - Checking called Test Case

2021-11-12 17:48:13 - [MESSAGE][INFO] - Starting to call Test Case 'Test Cases/Filtreler/DropdownSec'

2021-11-12 17:48:13 - [TEST_CASE][PASSED] - Test Cases/Filtreler/DropdownSec: Test Cases/Filtreler/DropdownSec

2021-11-12 17:48:13 - [TEST_STEP][PASSED] - Method.TextDegerineEsitElementinAltindakineTikla(findTestObject("Filtreler/Basliklar"), findTestObject("Filtreler/Basliga_Gore_Baslangic_Image"), Filtre_Adi): Method.TextDegerineEsitElementinAltindakineTikla is PASSED

2021-11-12 17:48:13 - [MESSAGE][INFO] - Finding Test Object 'Object Repository/Filtreler/Basliklar'

2021-11-12 17:48:13 - [MESSAGE][INFO] - Finding Test Object 'Object Repository/Filtreler/Basliga_Gore_Baslangic_Image'

2021-11-12 17:48:13 - [MESSAGE][INFO] - Checking timeout

2021-11-12 17:48:13 - [MESSAGE][INFO] - Finding web element with id: 'Object Repository/Filtreler/Basliklar' located by 'By.cssSelector: .control-label.col-sm-4.paddingMarginRLC' in '10' second(s)

2021-11-12 17:48:13 - [MESSAGE][INFO] - Smart Wait Function is triggered

2021-11-12 17:48:14 - [MESSAGE][INFO] - Found 6 web elements with id: 'Object Repository/Filtreler/Basliklar' located by 'By.cssSelector: .control-label.col-sm-4.paddingMarginRLC' in '10' second(s)

2021-11-12 17:48:14 - [MESSAGE][INFO] - Smart Wait Function is triggered

2021-11-12 17:48:14 - [MESSAGE][PASSED] - Method.TextDegerineEsitElementinAltindakineTikla is PASSED

2021-11-12 17:48:14 - [TEST_STEP][PASSED] - Method.TextDegerineEsitElementeTikla(findTestObject("Object Repository/Filtreler/Basliga_Gore_Dropdown"), Filtre_Degeri): Method.TextDegerineEsitElementeTikla is PASSED

2021-11-12 17:48:14 - [MESSAGE][INFO] - Finding Test Object 'Object Repository/Filtreler/Basliga_Gore_Dropdown'

2021-11-12 17:48:14 - [MESSAGE][INFO] - Checking timeout

2021-11-12 17:48:14 - [MESSAGE][INFO] - Finding web element with id: 'Object Repository/Filtreler/Basliga_Gore_Dropdown' located by 'By.xpath: //*[@class = 'dxeListBoxItemRow_LECustomTheme']' in '10' second(s)

2021-11-12 17:48:14 - [MESSAGE][INFO] - Smart Wait Function is triggered

2021-11-12 17:48:14 - [MESSAGE][INFO] - Found 58 web elements with id: 'Object Repository/Filtreler/Basliga_Gore_Dropdown' located by 'By.xpath: //*[@class = 'dxeListBoxItemRow_LECustomTheme']' in '10' second(s)

2021-11-12 17:48:14 - [MESSAGE][PASSED] - Method.TextDegerineEsitElementeTikla is PASSED

2021-11-12 17:48:14 - [MESSAGE][PASSED] - Call Test Case 'Test Cases/Filtreler/DropdownSec' successfully

2021-11-12 17:48:14 - [MESSAGE][INFO] - Checking called Test Case

2021-11-12 17:48:14 - [MESSAGE][INFO] - Starting to call Test Case 'Test Cases/Filtreler/DropdownSec'

2021-11-12 17:48:15 - [TEST_CASE][PASSED] - Test Cases/Filtreler/DropdownSec: Test Cases/Filtreler/DropdownSec

2021-11-12 17:48:15 - [TEST_STEP][PASSED] - Method.TextDegerineEsitElementinAltindakineTikla(findTestObject("Filtreler/Basliklar"), findTestObject("Filtreler/Basliga_Gore_Baslangic_Image"), Filtre_Adi): Method.TextDegerineEsitElementinAltindakineTikla is PASSED

2021-11-12 17:48:15 - [MESSAGE][INFO] - Finding Test Object 'Object Repository/Filtreler/Basliklar'

2021-11-12 17:48:15 - [MESSAGE][INFO] - Finding Test Object 'Object Repository/Filtreler/Basliga_Gore_Baslangic_Image'

2021-11-12 17:48:15 - [MESSAGE][INFO] - Checking timeout

2021-11-12 17:48:15 - [MESSAGE][INFO] - Finding web element with id: 'Object Repository/Filtreler/Basliklar' located by 'By.cssSelector: .control-label.col-sm-4.paddingMarginRLC' in '10' second(s)

2021-11-12 17:48:15 - [MESSAGE][INFO] - Smart Wait Function is triggered

2021-11-12 17:48:15 - [MESSAGE][INFO] - Found 6 web elements with id: 'Object Repository/Filtreler/Basliklar' located by 'By.cssSelector: .control-label.col-sm-4.paddingMarginRLC' in '10' second(s)

2021-11-12 17:48:15 - [MESSAGE][INFO] - Smart Wait Function is triggered

2021-11-12 17:48:15 - [MESSAGE][PASSED] - Method.TextDegerineEsitElementinAltindakineTikla is PASSED

2021-11-12 17:48:15 - [TEST_STEP][PASSED] - Method.TextDegerineEsitElementeTikla(findTestObject("Object Repository/Filtreler/Basliga_Gore_Dropdown"), Filtre_Degeri): Method.TextDegerineEsitElementeTikla is PASSED

2021-11-12 17:48:15 - [MESSAGE][INFO] - Finding Test Object 'Object Repository/Filtreler/Basliga_Gore_Dropdown'

2021-11-12 17:48:16 - [MESSAGE][INFO] - Checking timeout

2021-11-12 17:48:16 - [MESSAGE][INFO] - Finding web element with id: 'Object Repository/Filtreler/Basliga_Gore_Dropdown' located by 'By.xpath: //*[@class = 'dxeListBoxItemRow_LECustomTheme']' in '10' second(s)

2021-11-12 17:48:16 - [MESSAGE][INFO] - Smart Wait Function is triggered

2021-11-12 17:48:16 - [MESSAGE][INFO] - Found 58 web elements with id: 'Object Repository/Filtreler/Basliga_Gore_Dropdown' located by 'By.xpath: //*[@class = 'dxeListBoxItemRow_LECustomTheme']' in '10' second(s)

2021-11-12 17:48:16 - [MESSAGE][PASSED] - Method.TextDegerineEsitElementeTikla is PASSED

2021-11-12 17:48:16 - [MESSAGE][PASSED] - Call Test Case 'Test Cases/Filtreler/DropdownSec' successfully

2021-11-12 17:48:16 - [MESSAGE][INFO] - Checking called Test Case

2021-11-12 17:48:16 - [MESSAGE][INFO] - Starting to call Test Case 'Test Cases/Filtreler/ButonaTikla'

2021-11-12 17:48:16 - [TEST_CASE][PASSED] - Test Cases/Filtreler/ButonaTikla: Test Cases/Filtreler/ButonaTikla

2021-11-12 17:48:16 - [TEST_STEP][PASSED] - Method.TextDegerineEsitElementeTikla(findTestObject("Filtreler/Butonlar"), Filtre_Buton): Method.TextDegerineEsitElementeTikla is PASSED

2021-11-12 17:48:16 - [MESSAGE][INFO] - Finding Test Object 'Object Repository/Filtreler/Butonlar'

2021-11-12 17:48:16 - [MESSAGE][INFO] - Checking timeout

2021-11-12 17:48:16 - [MESSAGE][INFO] - Finding web element with id: 'Object Repository/Filtreler/Butonlar' located by 'By.cssSelector: .dxb>span' in '10' second(s)

2021-11-12 17:48:16 - [MESSAGE][INFO] - Smart Wait Function is triggered

2021-11-12 17:48:16 - [MESSAGE][INFO] - Found 2 web elements with id: 'Object Repository/Filtreler/Butonlar' located by 'By.cssSelector: .dxb>span' in '10' second(s)

2021-11-12 17:48:16 - [MESSAGE][PASSED] - Method.TextDegerineEsitElementeTikla is PASSED

2021-11-12 17:48:16 - [MESSAGE][PASSED] - Call Test Case 'Test Cases/Filtreler/ButonaTikla' successfully

2021-11-12 17:48:16 - [MESSAGE][INFO] - Checking called Test Case

2021-11-12 17:48:16 - [MESSAGE][INFO] - Starting to call Test Case 'Test Cases/Tablo/TablodaVeriVarMi'

2021-11-12 17:48:17 - [TEST_CASE][PASSED] - Test Cases/Tablo/TablodaVeriVarMi: Test Cases/Tablo/TablodaVeriVarMi

2021-11-12 17:48:17 - [TEST_STEP][PASSED] - verifyTextNotPresent("Görüntülenecek veri yok", true): Text 'Görüntülenecek veri yok' is not present on page using regular expression

2021-11-12 17:48:17 - [MESSAGE][INFO] - Checking text present  using regular expression

2021-11-12 17:48:17 - [MESSAGE][INFO] - Smart Wait Function is triggered

2021-11-12 17:48:17 - [MESSAGE][INFO] - Finding text 'Görüntülenecek veri yok' on page  using regular expression

2021-11-12 17:48:17 - [MESSAGE][PASSED] - Text 'Görüntülenecek veri yok' is not present on page using regular expression

2021-11-12 17:48:17 - [MESSAGE][PASSED] - Call Test Case 'Test Cases/Tablo/TablodaVeriVarMi' successfully

2021-11-12 17:48:17 - [MESSAGE][INFO] - Checking called Test Case

2021-11-12 17:48:17 - [MESSAGE][INFO] - Starting to call Test Case 'Test Cases/Filtreler/TexboxaYaz'

2021-11-12 17:48:17 - [TEST_CASE][PASSED] - Test Cases/Filtreler/TexboxaYaz: Test Cases/Filtreler/TexboxaYaz

2021-11-12 17:48:17 - [TEST_STEP][PASSED] - Method.TextDegerineEsitElementinAltindakiTextboxtaYaz(findTestObject("Filtreler/Basliklar"), findTestObject("Filtreler/Basliga_Gore_Textbox"), Filtre_Adi, Filtre_Degeri): Method.TextDegerineEsitElementinAltindakiTextboxtaYaz is PASSED

2021-11-12 17:48:17 - [MESSAGE][INFO] - Finding Test Object 'Object Repository/Filtreler/Basliklar'

2021-11-12 17:48:17 - [MESSAGE][INFO] - Finding Test Object 'Object Repository/Filtreler/Basliga_Gore_Textbox'

2021-11-12 17:48:17 - [MESSAGE][INFO] - Checking timeout

2021-11-12 17:48:17 - [MESSAGE][INFO] - Finding web element with id: 'Object Repository/Filtreler/Basliklar' located by 'By.cssSelector: .control-label.col-sm-4.paddingMarginRLC' in '10' second(s)

2021-11-12 17:48:17 - [MESSAGE][INFO] - Smart Wait Function is triggered

2021-11-12 17:48:18 - [MESSAGE][INFO] - Found 6 web elements with id: 'Object Repository/Filtreler/Basliklar' located by 'By.cssSelector: .control-label.col-sm-4.paddingMarginRLC' in '10' second(s)

2021-11-12 17:48:18 - [MESSAGE][INFO] - Smart Wait Function is triggered

2021-11-12 17:48:18 - [MESSAGE][PASSED] - Method.TextDegerineEsitElementinAltindakiTextboxtaYaz is PASSED

2021-11-12 17:48:18 - [MESSAGE][PASSED] - Call Test Case 'Test Cases/Filtreler/TexboxaYaz' successfully

2021-11-12 17:48:18 - [MESSAGE][INFO] - Checking called Test Case

2021-11-12 17:48:18 - [MESSAGE][INFO] - Starting to call Test Case 'Test Cases/Filtreler/TexboxaYaz'

2021-11-12 17:48:18 - [TEST_CASE][PASSED] - Test Cases/Filtreler/TexboxaYaz: Test Cases/Filtreler/TexboxaYaz

2021-11-12 17:48:18 - [TEST_STEP][PASSED] - Method.TextDegerineEsitElementinAltindakiTextboxtaYaz(findTestObject("Filtreler/Basliklar"), findTestObject("Filtreler/Basliga_Gore_Textbox"), Filtre_Adi, Filtre_Degeri): Method.TextDegerineEsitElementinAltindakiTextboxtaYaz is PASSED

2021-11-12 17:48:18 - [MESSAGE][INFO] - Finding Test Object 'Object Repository/Filtreler/Basliklar'

2021-11-12 17:48:18 - [MESSAGE][INFO] - Finding Test Object 'Object Repository/Filtreler/Basliga_Gore_Textbox'

2021-11-12 17:48:18 - [MESSAGE][INFO] - Checking timeout

2021-11-12 17:48:18 - [MESSAGE][INFO] - Finding web element with id: 'Object Repository/Filtreler/Basliklar' located by 'By.cssSelector: .control-label.col-sm-4.paddingMarginRLC' in '10' second(s)

2021-11-12 17:48:18 - [MESSAGE][INFO] - Smart Wait Function is triggered

2021-11-12 17:48:19 - [MESSAGE][INFO] - Found 6 web elements with id: 'Object Repository/Filtreler/Basliklar' located by 'By.cssSelector: .control-label.col-sm-4.paddingMarginRLC' in '10' second(s)

2021-11-12 17:48:19 - [MESSAGE][INFO] - Smart Wait Function is triggered

2021-11-12 17:48:19 - [MESSAGE][PASSED] - Method.TextDegerineEsitElementinAltindakiTextboxtaYaz is PASSED

2021-11-12 17:48:19 - [MESSAGE][PASSED] - Call Test Case 'Test Cases/Filtreler/TexboxaYaz' successfully

2021-11-12 17:48:19 - [MESSAGE][INFO] - Checking called Test Case

2021-11-12 17:48:19 - [MESSAGE][INFO] - Starting to call Test Case 'Test Cases/Filtreler/TexboxaYaz'

2021-11-12 17:48:19 - [TEST_CASE][PASSED] - Test Cases/Filtreler/TexboxaYaz: Test Cases/Filtreler/TexboxaYaz

2021-11-12 17:48:19 - [TEST_STEP][PASSED] - Method.TextDegerineEsitElementinAltindakiTextboxtaYaz(findTestObject("Filtreler/Basliklar"), findTestObject("Filtreler/Basliga_Gore_Textbox"), Filtre_Adi, Filtre_Degeri): Method.TextDegerineEsitElementinAltindakiTextboxtaYaz is PASSED

2021-11-12 17:48:19 - [MESSAGE][INFO] - Finding Test Object 'Object Repository/Filtreler/Basliklar'

2021-11-12 17:48:19 - [MESSAGE][INFO] - Finding Test Object 'Object Repository/Filtreler/Basliga_Gore_Textbox'

2021-11-12 17:48:19 - [MESSAGE][INFO] - Checking timeout

2021-11-12 17:48:19 - [MESSAGE][INFO] - Finding web element with id: 'Object Repository/Filtreler/Basliklar' located by 'By.cssSelector: .control-label.col-sm-4.paddingMarginRLC' in '10' second(s)

2021-11-12 17:48:19 - [MESSAGE][INFO] - Smart Wait Function is triggered

2021-11-12 17:48:19 - [MESSAGE][INFO] - Found 6 web elements with id: 'Object Repository/Filtreler/Basliklar' located by 'By.cssSelector: .control-label.col-sm-4.paddingMarginRLC' in '10' second(s)

2021-11-12 17:48:19 - [MESSAGE][INFO] - Smart Wait Function is triggered

2021-11-12 17:48:20 - [MESSAGE][PASSED] - Method.TextDegerineEsitElementinAltindakiTextboxtaYaz is PASSED

2021-11-12 17:48:20 - [MESSAGE][PASSED] - Call Test Case 'Test Cases/Filtreler/TexboxaYaz' successfully

2021-11-12 17:48:20 - [MESSAGE][INFO] - Checking called Test Case

2021-11-12 17:48:20 - [MESSAGE][INFO] - Starting to call Test Case 'Test Cases/Filtreler/DropdownSec'

2021-11-12 17:48:20 - [TEST_CASE][PASSED] - Test Cases/Filtreler/DropdownSec: Test Cases/Filtreler/DropdownSec

2021-11-12 17:48:20 - [TEST_STEP][PASSED] - Method.TextDegerineEsitElementinAltindakineTikla(findTestObject("Filtreler/Basliklar"), findTestObject("Filtreler/Basliga_Gore_Baslangic_Image"), Filtre_Adi): Method.TextDegerineEsitElementinAltindakineTikla is PASSED

2021-11-12 17:48:20 - [MESSAGE][INFO] - Finding Test Object 'Object Repository/Filtreler/Basliklar'

2021-11-12 17:48:20 - [MESSAGE][INFO] - Finding Test Object 'Object Repository/Filtreler/Basliga_Gore_Baslangic_Image'

2021-11-12 17:48:20 - [MESSAGE][INFO] - Checking timeout

2021-11-12 17:48:20 - [MESSAGE][INFO] - Finding web element with id: 'Object Repository/Filtreler/Basliklar' located by 'By.cssSelector: .control-label.col-sm-4.paddingMarginRLC' in '10' second(s)

2021-11-12 17:48:20 - [MESSAGE][INFO] - Smart Wait Function is triggered

2021-11-12 17:48:20 - [MESSAGE][INFO] - Found 6 web elements with id: 'Object Repository/Filtreler/Basliklar' located by 'By.cssSelector: .control-label.col-sm-4.paddingMarginRLC' in '10' second(s)

2021-11-12 17:48:20 - [MESSAGE][INFO] - Smart Wait Function is triggered

2021-11-12 17:48:21 - [MESSAGE][PASSED] - Method.TextDegerineEsitElementinAltindakineTikla is PASSED

2021-11-12 17:48:21 - [TEST_STEP][PASSED] - Method.TextDegerineEsitElementeTikla(findTestObject("Object Repository/Filtreler/Basliga_Gore_Dropdown"), Filtre_Degeri): Method.TextDegerineEsitElementeTikla is PASSED

2021-11-12 17:48:21 - [MESSAGE][INFO] - Finding Test Object 'Object Repository/Filtreler/Basliga_Gore_Dropdown'

2021-11-12 17:48:21 - [MESSAGE][INFO] - Checking timeout

2021-11-12 17:48:21 - [MESSAGE][INFO] - Finding web element with id: 'Object Repository/Filtreler/Basliga_Gore_Dropdown' located by 'By.xpath: //*[@class = 'dxeListBoxItemRow_LECustomTheme']' in '10' second(s)

2021-11-12 17:48:21 - [MESSAGE][INFO] - Smart Wait Function is triggered

2021-11-12 17:48:21 - [MESSAGE][INFO] - Found 58 web elements with id: 'Object Repository/Filtreler/Basliga_Gore_Dropdown' located by 'By.xpath: //*[@class = 'dxeListBoxItemRow_LECustomTheme']' in '10' second(s)

2021-11-12 17:48:21 - [MESSAGE][PASSED] - Method.TextDegerineEsitElementeTikla is PASSED

2021-11-12 17:48:21 - [MESSAGE][PASSED] - Call Test Case 'Test Cases/Filtreler/DropdownSec' successfully

2021-11-12 17:48:21 - [MESSAGE][INFO] - Checking called Test Case

2021-11-12 17:48:21 - [MESSAGE][INFO] - Starting to call Test Case 'Test Cases/Filtreler/ButonaTikla'

2021-11-12 17:48:21 - [TEST_CASE][PASSED] - Test Cases/Filtreler/ButonaTikla: Test Cases/Filtreler/ButonaTikla

2021-11-12 17:48:21 - [TEST_STEP][PASSED] - Method.TextDegerineEsitElementeTikla(findTestObject("Filtreler/Butonlar"), Filtre_Buton): Method.TextDegerineEsitElementeTikla is PASSED

2021-11-12 17:48:21 - [MESSAGE][INFO] - Finding Test Object 'Object Repository/Filtreler/Butonlar'

2021-11-12 17:48:21 - [MESSAGE][INFO] - Checking timeout

2021-11-12 17:48:21 - [MESSAGE][INFO] - Finding web element with id: 'Object Repository/Filtreler/Butonlar' located by 'By.cssSelector: .dxb>span' in '10' second(s)

2021-11-12 17:48:21 - [MESSAGE][INFO] - Smart Wait Function is triggered

2021-11-12 17:48:22 - [MESSAGE][INFO] - Found 2 web elements with id: 'Object Repository/Filtreler/Butonlar' located by 'By.cssSelector: .dxb>span' in '10' second(s)

2021-11-12 17:48:22 - [MESSAGE][PASSED] - Method.TextDegerineEsitElementeTikla is PASSED

2021-11-12 17:48:22 - [MESSAGE][PASSED] - Call Test Case 'Test Cases/Filtreler/ButonaTikla' successfully

2021-11-12 17:48:22 - [MESSAGE][INFO] - Checking called Test Case

2021-11-12 17:48:22 - [MESSAGE][INFO] - Starting to call Test Case 'Test Cases/Tablo/TablodaVeriVarMi'

2021-11-12 17:48:22 - [TEST_CASE][PASSED] - Test Cases/Tablo/TablodaVeriVarMi: Test Cases/Tablo/TablodaVeriVarMi

2021-11-12 17:48:22 - [TEST_STEP][PASSED] - verifyTextNotPresent("Görüntülenecek veri yok", true): Text 'Görüntülenecek veri yok' is not present on page using regular expression

2021-11-12 17:48:22 - [MESSAGE][INFO] - Checking text present  using regular expression

2021-11-12 17:48:22 - [MESSAGE][INFO] - Smart Wait Function is triggered

2021-11-12 17:48:22 - [MESSAGE][INFO] - Finding text 'Görüntülenecek veri yok' on page  using regular expression

2021-11-12 17:48:22 - [MESSAGE][PASSED] - Text 'Görüntülenecek veri yok' is not present on page using regular expression

2021-11-12 17:48:22 - [MESSAGE][PASSED] - Call Test Case 'Test Cases/Tablo/TablodaVeriVarMi' successfully

2021-11-12 17:48:22 - [MESSAGE][INFO] - Checking called Test Case

2021-11-12 17:48:22 - [MESSAGE][INFO] - Starting to call Test Case 'Test Cases/Filtreler/TexboxaYaz'

2021-11-12 17:48:22 - [TEST_CASE][PASSED] - Test Cases/Filtreler/TexboxaYaz: Test Cases/Filtreler/TexboxaYaz

2021-11-12 17:48:22 - [TEST_STEP][PASSED] - Method.TextDegerineEsitElementinAltindakiTextboxtaYaz(findTestObject("Filtreler/Basliklar"), findTestObject("Filtreler/Basliga_Gore_Textbox"), Filtre_Adi, Filtre_Degeri): Method.TextDegerineEsitElementinAltindakiTextboxtaYaz is PASSED

2021-11-12 17:48:22 - [MESSAGE][INFO] - Finding Test Object 'Object Repository/Filtreler/Basliklar'

2021-11-12 17:48:23 - [MESSAGE][INFO] - Finding Test Object 'Object Repository/Filtreler/Basliga_Gore_Textbox'

2021-11-12 17:48:23 - [MESSAGE][INFO] - Checking timeout

2021-11-12 17:48:23 - [MESSAGE][INFO] - Finding web element with id: 'Object Repository/Filtreler/Basliklar' located by 'By.cssSelector: .control-label.col-sm-4.paddingMarginRLC' in '10' second(s)

2021-11-12 17:48:23 - [MESSAGE][INFO] - Smart Wait Function is triggered

2021-11-12 17:48:23 - [MESSAGE][INFO] - Found 6 web elements with id: 'Object Repository/Filtreler/Basliklar' located by 'By.cssSelector: .control-label.col-sm-4.paddingMarginRLC' in '10' second(s)

2021-11-12 17:48:23 - [MESSAGE][INFO] - Smart Wait Function is triggered

2021-11-12 17:48:23 - [MESSAGE][PASSED] - Method.TextDegerineEsitElementinAltindakiTextboxtaYaz is PASSED

2021-11-12 17:48:23 - [MESSAGE][PASSED] - Call Test Case 'Test Cases/Filtreler/TexboxaYaz' successfully

2021-11-12 17:48:24 - [MESSAGE][INFO] - Checking called Test Case

2021-11-12 17:48:24 - [MESSAGE][INFO] - Starting to call Test Case 'Test Cases/Filtreler/ButonaTikla'

2021-11-12 17:48:24 - [TEST_CASE][PASSED] - Test Cases/Filtreler/ButonaTikla: Test Cases/Filtreler/ButonaTikla

2021-11-12 17:48:24 - [TEST_STEP][PASSED] - Method.TextDegerineEsitElementeTikla(findTestObject("Filtreler/Butonlar"), Filtre_Buton): Method.TextDegerineEsitElementeTikla is PASSED

2021-11-12 17:48:24 - [MESSAGE][INFO] - Finding Test Object 'Object Repository/Filtreler/Butonlar'

2021-11-12 17:48:24 - [MESSAGE][INFO] - Checking timeout

2021-11-12 17:48:24 - [MESSAGE][INFO] - Finding web element with id: 'Object Repository/Filtreler/Butonlar' located by 'By.cssSelector: .dxb>span' in '10' second(s)

2021-11-12 17:48:24 - [MESSAGE][INFO] - Smart Wait Function is triggered

2021-11-12 17:48:24 - [MESSAGE][INFO] - Found 2 web elements with id: 'Object Repository/Filtreler/Butonlar' located by 'By.cssSelector: .dxb>span' in '10' second(s)

2021-11-12 17:48:24 - [MESSAGE][PASSED] - Method.TextDegerineEsitElementeTikla is PASSED

2021-11-12 17:48:24 - [MESSAGE][PASSED] - Call Test Case 'Test Cases/Filtreler/ButonaTikla' successfully

2021-11-12 17:48:24 - [MESSAGE][INFO] - Checking called Test Case

2021-11-12 17:48:24 - [MESSAGE][INFO] - Starting to call Test Case 'Test Cases/Filtreler/DropdownSec'

2021-11-12 17:48:24 - [TEST_CASE][PASSED] - Test Cases/Filtreler/DropdownSec: Test Cases/Filtreler/DropdownSec

2021-11-12 17:48:24 - [TEST_STEP][PASSED] - Method.TextDegerineEsitElementinAltindakineTikla(findTestObject("Filtreler/Basliklar"), findTestObject("Filtreler/Basliga_Gore_Baslangic_Image"), Filtre_Adi): Method.TextDegerineEsitElementinAltindakineTikla is PASSED

2021-11-12 17:48:24 - [MESSAGE][INFO] - Finding Test Object 'Object Repository/Filtreler/Basliklar'

2021-11-12 17:48:24 - [MESSAGE][INFO] - Finding Test Object 'Object Repository/Filtreler/Basliga_Gore_Baslangic_Image'

2021-11-12 17:48:24 - [MESSAGE][INFO] - Checking timeout

2021-11-12 17:48:24 - [MESSAGE][INFO] - Finding web element with id: 'Object Repository/Filtreler/Basliklar' located by 'By.cssSelector: .control-label.col-sm-4.paddingMarginRLC' in '10' second(s)

2021-11-12 17:48:24 - [MESSAGE][INFO] - Smart Wait Function is triggered

2021-11-12 17:48:25 - [MESSAGE][INFO] - Found 6 web elements with id: 'Object Repository/Filtreler/Basliklar' located by 'By.cssSelector: .control-label.col-sm-4.paddingMarginRLC' in '10' second(s)

2021-11-12 17:48:25 - [MESSAGE][INFO] - Smart Wait Function is triggered

2021-11-12 17:48:25 - [MESSAGE][PASSED] - Method.TextDegerineEsitElementinAltindakineTikla is PASSED

2021-11-12 17:48:25 - [TEST_STEP][PASSED] - Method.TextDegerineEsitElementeTikla(findTestObject("Object Repository/Filtreler/Basliga_Gore_Dropdown"), Filtre_Degeri): Method.TextDegerineEsitElementeTikla is PASSED

2021-11-12 17:48:25 - [MESSAGE][INFO] - Finding Test Object 'Object Repository/Filtreler/Basliga_Gore_Dropdown'

2021-11-12 17:48:25 - [MESSAGE][INFO] - Checking timeout

2021-11-12 17:48:25 - [MESSAGE][INFO] - Finding web element with id: 'Object Repository/Filtreler/Basliga_Gore_Dropdown' located by 'By.xpath: //*[@class = 'dxeListBoxItemRow_LECustomTheme']' in '10' second(s)

2021-11-12 17:48:25 - [MESSAGE][INFO] - Smart Wait Function is triggered

2021-11-12 17:48:25 - [MESSAGE][INFO] - Found 58 web elements with id: 'Object Repository/Filtreler/Basliga_Gore_Dropdown' located by 'By.xpath: //*[@class = 'dxeListBoxItemRow_LECustomTheme']' in '10' second(s)

2021-11-12 17:48:26 - [MESSAGE][PASSED] - Method.TextDegerineEsitElementeTikla is PASSED

2021-11-12 17:48:26 - [MESSAGE][PASSED] - Call Test Case 'Test Cases/Filtreler/DropdownSec' successfully

2021-11-12 17:48:26 - [MESSAGE][INFO] - Checking called Test Case

2021-11-12 17:48:26 - [MESSAGE][INFO] - Starting to call Test Case 'Test Cases/Filtreler/ButonaTikla'

2021-11-12 17:48:26 - [TEST_CASE][PASSED] - Test Cases/Filtreler/ButonaTikla: Test Cases/Filtreler/ButonaTikla

2021-11-12 17:48:26 - [TEST_STEP][PASSED] - Method.TextDegerineEsitElementeTikla(findTestObject("Filtreler/Butonlar"), Filtre_Buton): Method.TextDegerineEsitElementeTikla is PASSED

2021-11-12 17:48:26 - [MESSAGE][INFO] - Finding Test Object 'Object Repository/Filtreler/Butonlar'

2021-11-12 17:48:26 - [MESSAGE][INFO] - Checking timeout

2021-11-12 17:48:26 - [MESSAGE][INFO] - Finding web element with id: 'Object Repository/Filtreler/Butonlar' located by 'By.cssSelector: .dxb>span' in '10' second(s)

2021-11-12 17:48:26 - [MESSAGE][INFO] - Smart Wait Function is triggered

2021-11-12 17:48:26 - [MESSAGE][INFO] - Found 2 web elements with id: 'Object Repository/Filtreler/Butonlar' located by 'By.cssSelector: .dxb>span' in '10' second(s)

2021-11-12 17:48:26 - [MESSAGE][PASSED] - Method.TextDegerineEsitElementeTikla is PASSED

2021-11-12 17:48:26 - [MESSAGE][PASSED] - Call Test Case 'Test Cases/Filtreler/ButonaTikla' successfully

2021-11-12 17:48:26 - [MESSAGE][INFO] - Checking called Test Case

2021-11-12 17:48:26 - [MESSAGE][INFO] - Starting to call Test Case 'Test Cases/Tablo/TablodaVeriVarMi'

2021-11-12 17:48:26 - [TEST_CASE][PASSED] - Test Cases/Tablo/TablodaVeriVarMi: Test Cases/Tablo/TablodaVeriVarMi

2021-11-12 17:48:26 - [TEST_STEP][PASSED] - verifyTextNotPresent("Görüntülenecek veri yok", true): Text 'Görüntülenecek veri yok' is not present on page using regular expression

2021-11-12 17:48:26 - [MESSAGE][INFO] - Checking text present  using regular expression

2021-11-12 17:48:26 - [MESSAGE][INFO] - Smart Wait Function is triggered

2021-11-12 17:48:27 - [MESSAGE][INFO] - Finding text 'Görüntülenecek veri yok' on page  using regular expression

2021-11-12 17:48:27 - [MESSAGE][PASSED] - Text 'Görüntülenecek veri yok' is not present on page using regular expression

2021-11-12 17:48:27 - [MESSAGE][PASSED] - Call Test Case 'Test Cases/Tablo/TablodaVeriVarMi' successfully

2021-11-12 17:48:27 - [MESSAGE][INFO] - Checking called Test Case

2021-11-12 17:48:27 - [MESSAGE][INFO] - Starting to call Test Case 'Test Cases/Filtreler/TexboxaYaz'

2021-11-12 17:48:27 - [TEST_CASE][PASSED] - Test Cases/Filtreler/TexboxaYaz: Test Cases/Filtreler/TexboxaYaz

2021-11-12 17:48:27 - [TEST_STEP][PASSED] - Method.TextDegerineEsitElementinAltindakiTextboxtaYaz(findTestObject("Filtreler/Basliklar"), findTestObject("Filtreler/Basliga_Gore_Textbox"), Filtre_Adi, Filtre_Degeri): Method.TextDegerineEsitElementinAltindakiTextboxtaYaz is PASSED

2021-11-12 17:48:27 - [MESSAGE][INFO] - Finding Test Object 'Object Repository/Filtreler/Basliklar'

2021-11-12 17:48:27 - [MESSAGE][INFO] - Finding Test Object 'Object Repository/Filtreler/Basliga_Gore_Textbox'

2021-11-12 17:48:27 - [MESSAGE][INFO] - Checking timeout

2021-11-12 17:48:27 - [MESSAGE][INFO] - Finding web element with id: 'Object Repository/Filtreler/Basliklar' located by 'By.cssSelector: .control-label.col-sm-4.paddingMarginRLC' in '10' second(s)

2021-11-12 17:48:27 - [MESSAGE][INFO] - Smart Wait Function is triggered

2021-11-12 17:48:27 - [MESSAGE][INFO] - Found 6 web elements with id: 'Object Repository/Filtreler/Basliklar' located by 'By.cssSelector: .control-label.col-sm-4.paddingMarginRLC' in '10' second(s)

2021-11-12 17:48:27 - [MESSAGE][INFO] - Smart Wait Function is triggered

2021-11-12 17:48:28 - [MESSAGE][PASSED] - Method.TextDegerineEsitElementinAltindakiTextboxtaYaz is PASSED

2021-11-12 17:48:28 - [MESSAGE][PASSED] - Call Test Case 'Test Cases/Filtreler/TexboxaYaz' successfully

2021-11-12 17:48:28 - [MESSAGE][INFO] - Checking called Test Case

2021-11-12 17:48:28 - [MESSAGE][INFO] - Starting to call Test Case 'Test Cases/Filtreler/TexboxaYaz'

2021-11-12 17:48:28 - [TEST_CASE][PASSED] - Test Cases/Filtreler/TexboxaYaz: Test Cases/Filtreler/TexboxaYaz

2021-11-12 17:48:28 - [TEST_STEP][PASSED] - Method.TextDegerineEsitElementinAltindakiTextboxtaYaz(findTestObject("Filtreler/Basliklar"), findTestObject("Filtreler/Basliga_Gore_Textbox"), Filtre_Adi, Filtre_Degeri): Method.TextDegerineEsitElementinAltindakiTextboxtaYaz is PASSED

2021-11-12 17:48:28 - [MESSAGE][INFO] - Finding Test Object 'Object Repository/Filtreler/Basliklar'

2021-11-12 17:48:28 - [MESSAGE][INFO] - Finding Test Object 'Object Repository/Filtreler/Basliga_Gore_Textbox'

2021-11-12 17:48:28 - [MESSAGE][INFO] - Checking timeout

2021-11-12 17:48:28 - [MESSAGE][INFO] - Finding web element with id: 'Object Repository/Filtreler/Basliklar' located by 'By.cssSelector: .control-label.col-sm-4.paddingMarginRLC' in '10' second(s)

2021-11-12 17:48:28 - [MESSAGE][INFO] - Smart Wait Function is triggered

2021-11-12 17:48:28 - [MESSAGE][INFO] - Found 6 web elements with id: 'Object Repository/Filtreler/Basliklar' located by 'By.cssSelector: .control-label.col-sm-4.paddingMarginRLC' in '10' second(s)

2021-11-12 17:48:28 - [MESSAGE][INFO] - Smart Wait Function is triggered

2021-11-12 17:48:29 - [MESSAGE][PASSED] - Method.TextDegerineEsitElementinAltindakiTextboxtaYaz is PASSED

2021-11-12 17:48:29 - [MESSAGE][PASSED] - Call Test Case 'Test Cases/Filtreler/TexboxaYaz' successfully

2021-11-12 17:48:29 - [MESSAGE][INFO] - Checking called Test Case

2021-11-12 17:48:29 - [MESSAGE][INFO] - Starting to call Test Case 'Test Cases/Filtreler/DropdownSec'

2021-11-12 17:48:29 - [TEST_CASE][PASSED] - Test Cases/Filtreler/DropdownSec: Test Cases/Filtreler/DropdownSec

2021-11-12 17:48:29 - [TEST_STEP][PASSED] - Method.TextDegerineEsitElementinAltindakineTikla(findTestObject("Filtreler/Basliklar"), findTestObject("Filtreler/Basliga_Gore_Baslangic_Image"), Filtre_Adi): Method.TextDegerineEsitElementinAltindakineTikla is PASSED

2021-11-12 17:48:29 - [MESSAGE][INFO] - Finding Test Object 'Object Repository/Filtreler/Basliklar'

2021-11-12 17:48:29 - [MESSAGE][INFO] - Finding Test Object 'Object Repository/Filtreler/Basliga_Gore_Baslangic_Image'

2021-11-12 17:48:29 - [MESSAGE][INFO] - Checking timeout

2021-11-12 17:48:29 - [MESSAGE][INFO] - Finding web element with id: 'Object Repository/Filtreler/Basliklar' located by 'By.cssSelector: .control-label.col-sm-4.paddingMarginRLC' in '10' second(s)

2021-11-12 17:48:29 - [MESSAGE][INFO] - Smart Wait Function is triggered

2021-11-12 17:48:29 - [MESSAGE][INFO] - Found 6 web elements with id: 'Object Repository/Filtreler/Basliklar' located by 'By.cssSelector: .control-label.col-sm-4.paddingMarginRLC' in '10' second(s)

2021-11-12 17:48:29 - [MESSAGE][INFO] - Smart Wait Function is triggered

2021-11-12 17:48:30 - [MESSAGE][PASSED] - Method.TextDegerineEsitElementinAltindakineTikla is PASSED

2021-11-12 17:48:30 - [TEST_STEP][PASSED] - Method.TextDegerineEsitElementeTikla(findTestObject("Object Repository/Filtreler/Basliga_Gore_Dropdown"), Filtre_Degeri): Method.TextDegerineEsitElementeTikla is PASSED

2021-11-12 17:48:30 - [MESSAGE][INFO] - Finding Test Object 'Object Repository/Filtreler/Basliga_Gore_Dropdown'

2021-11-12 17:48:30 - [MESSAGE][INFO] - Checking timeout

2021-11-12 17:48:30 - [MESSAGE][INFO] - Finding web element with id: 'Object Repository/Filtreler/Basliga_Gore_Dropdown' located by 'By.xpath: //*[@class = 'dxeListBoxItemRow_LECustomTheme']' in '10' second(s)

2021-11-12 17:48:30 - [MESSAGE][INFO] - Smart Wait Function is triggered

2021-11-12 17:48:30 - [MESSAGE][INFO] - Found 58 web elements with id: 'Object Repository/Filtreler/Basliga_Gore_Dropdown' located by 'By.xpath: //*[@class = 'dxeListBoxItemRow_LECustomTheme']' in '10' second(s)

2021-11-12 17:48:30 - [MESSAGE][PASSED] - Method.TextDegerineEsitElementeTikla is PASSED

2021-11-12 17:48:30 - [MESSAGE][PASSED] - Call Test Case 'Test Cases/Filtreler/DropdownSec' successfully

2021-11-12 17:48:30 - [MESSAGE][INFO] - Checking called Test Case

2021-11-12 17:48:30 - [MESSAGE][INFO] - Starting to call Test Case 'Test Cases/Filtreler/ButonaTikla'

2021-11-12 17:48:30 - [TEST_CASE][PASSED] - Test Cases/Filtreler/ButonaTikla: Test Cases/Filtreler/ButonaTikla

2021-11-12 17:48:30 - [TEST_STEP][PASSED] - Method.TextDegerineEsitElementeTikla(findTestObject("Filtreler/Butonlar"), Filtre_Buton): Method.TextDegerineEsitElementeTikla is PASSED

2021-11-12 17:48:30 - [MESSAGE][INFO] - Finding Test Object 'Object Repository/Filtreler/Butonlar'

2021-11-12 17:48:30 - [MESSAGE][INFO] - Checking timeout

2021-11-12 17:48:30 - [MESSAGE][INFO] - Finding web element with id: 'Object Repository/Filtreler/Butonlar' located by 'By.cssSelector: .dxb>span' in '10' second(s)

2021-11-12 17:48:30 - [MESSAGE][INFO] - Smart Wait Function is triggered

2021-11-12 17:48:31 - [MESSAGE][INFO] - Found 2 web elements with id: 'Object Repository/Filtreler/Butonlar' located by 'By.cssSelector: .dxb>span' in '10' second(s)

2021-11-12 17:48:31 - [MESSAGE][PASSED] - Method.TextDegerineEsitElementeTikla is PASSED

2021-11-12 17:48:31 - [MESSAGE][PASSED] - Call Test Case 'Test Cases/Filtreler/ButonaTikla' successfully

2021-11-12 17:48:31 - [MESSAGE][INFO] - Checking called Test Case

2021-11-12 17:48:31 - [MESSAGE][INFO] - Starting to call Test Case 'Test Cases/Tablo/TablodaVeriVarMi'

2021-11-12 17:48:31 - [TEST_CASE][PASSED] - Test Cases/Tablo/TablodaVeriVarMi: Test Cases/Tablo/TablodaVeriVarMi

2021-11-12 17:48:31 - [TEST_STEP][PASSED] - verifyTextNotPresent("Görüntülenecek veri yok", true): Text 'Görüntülenecek veri yok' is not present on page using regular expression

2021-11-12 17:48:31 - [MESSAGE][INFO] - Checking text present  using regular expression

2021-11-12 17:48:31 - [MESSAGE][INFO] - Smart Wait Function is triggered

2021-11-12 17:48:31 - [MESSAGE][INFO] - Finding text 'Görüntülenecek veri yok' on page  using regular expression

2021-11-12 17:48:31 - [MESSAGE][PASSED] - Text 'Görüntülenecek veri yok' is not present on page using regular expression

2021-11-12 17:48:31 - [MESSAGE][PASSED] - Call Test Case 'Test Cases/Tablo/TablodaVeriVarMi' successfully

2021-11-12 17:48:31 - [MESSAGE][INFO] - Checking called Test Case

2021-11-12 17:48:31 - [MESSAGE][INFO] - Starting to call Test Case 'Test Cases/Filtreler/TexboxaYaz'

2021-11-12 17:48:31 - [TEST_CASE][PASSED] - Test Cases/Filtreler/TexboxaYaz: Test Cases/Filtreler/TexboxaYaz

2021-11-12 17:48:31 - [TEST_STEP][PASSED] - Method.TextDegerineEsitElementinAltindakiTextboxtaYaz(findTestObject("Filtreler/Basliklar"), findTestObject("Filtreler/Basliga_Gore_Textbox"), Filtre_Adi, Filtre_Degeri): Method.TextDegerineEsitElementinAltindakiTextboxtaYaz is PASSED

2021-11-12 17:48:31 - [MESSAGE][INFO] - Finding Test Object 'Object Repository/Filtreler/Basliklar'

2021-11-12 17:48:32 - [MESSAGE][INFO] - Finding Test Object 'Object Repository/Filtreler/Basliga_Gore_Textbox'

2021-11-12 17:48:32 - [MESSAGE][INFO] - Checking timeout

2021-11-12 17:48:32 - [MESSAGE][INFO] - Finding web element with id: 'Object Repository/Filtreler/Basliklar' located by 'By.cssSelector: .control-label.col-sm-4.paddingMarginRLC' in '10' second(s)

2021-11-12 17:48:32 - [MESSAGE][INFO] - Smart Wait Function is triggered

2021-11-12 17:48:32 - [MESSAGE][INFO] - Found 6 web elements with id: 'Object Repository/Filtreler/Basliklar' located by 'By.cssSelector: .control-label.col-sm-4.paddingMarginRLC' in '10' second(s)

2021-11-12 17:48:32 - [MESSAGE][INFO] - Smart Wait Function is triggered

2021-11-12 17:48:33 - [MESSAGE][PASSED] - Method.TextDegerineEsitElementinAltindakiTextboxtaYaz is PASSED

2021-11-12 17:48:33 - [MESSAGE][PASSED] - Call Test Case 'Test Cases/Filtreler/TexboxaYaz' successfully

2021-11-12 17:48:33 - [MESSAGE][INFO] - Checking called Test Case

2021-11-12 17:48:33 - [MESSAGE][INFO] - Starting to call Test Case 'Test Cases/Filtreler/TexboxaYaz'

2021-11-12 17:48:33 - [TEST_CASE][PASSED] - Test Cases/Filtreler/TexboxaYaz: Test Cases/Filtreler/TexboxaYaz

2021-11-12 17:48:33 - [TEST_STEP][PASSED] - Method.TextDegerineEsitElementinAltindakiTextboxtaYaz(findTestObject("Filtreler/Basliklar"), findTestObject("Filtreler/Basliga_Gore_Textbox"), Filtre_Adi, Filtre_Degeri): Method.TextDegerineEsitElementinAltindakiTextboxtaYaz is PASSED

2021-11-12 17:48:33 - [MESSAGE][INFO] - Finding Test Object 'Object Repository/Filtreler/Basliklar'

2021-11-12 17:48:33 - [MESSAGE][INFO] - Finding Test Object 'Object Repository/Filtreler/Basliga_Gore_Textbox'

2021-11-12 17:48:33 - [MESSAGE][INFO] - Checking timeout

2021-11-12 17:48:33 - [MESSAGE][INFO] - Finding web element with id: 'Object Repository/Filtreler/Basliklar' located by 'By.cssSelector: .control-label.col-sm-4.paddingMarginRLC' in '10' second(s)

2021-11-12 17:48:33 - [MESSAGE][INFO] - Smart Wait Function is triggered

2021-11-12 17:48:33 - [MESSAGE][INFO] - Found 6 web elements with id: 'Object Repository/Filtreler/Basliklar' located by 'By.cssSelector: .control-label.col-sm-4.paddingMarginRLC' in '10' second(s)

2021-11-12 17:48:33 - [MESSAGE][INFO] - Smart Wait Function is triggered

2021-11-12 17:48:34 - [MESSAGE][PASSED] - Method.TextDegerineEsitElementinAltindakiTextboxtaYaz is PASSED

2021-11-12 17:48:34 - [MESSAGE][PASSED] - Call Test Case 'Test Cases/Filtreler/TexboxaYaz' successfully

2021-11-12 17:48:34 - [MESSAGE][INFO] - Checking called Test Case

2021-11-12 17:48:34 - [MESSAGE][INFO] - Starting to call Test Case 'Test Cases/Filtreler/ButonaTikla'

2021-11-12 17:48:34 - [TEST_CASE][PASSED] - Test Cases/Filtreler/ButonaTikla: Test Cases/Filtreler/ButonaTikla

2021-11-12 17:48:34 - [TEST_STEP][PASSED] - Method.TextDegerineEsitElementeTikla(findTestObject("Filtreler/Butonlar"), Filtre_Buton): Method.TextDegerineEsitElementeTikla is PASSED

2021-11-12 17:48:34 - [MESSAGE][INFO] - Finding Test Object 'Object Repository/Filtreler/Butonlar'

2021-11-12 17:48:34 - [MESSAGE][INFO] - Checking timeout

2021-11-12 17:48:34 - [MESSAGE][INFO] - Finding web element with id: 'Object Repository/Filtreler/Butonlar' located by 'By.cssSelector: .dxb>span' in '10' second(s)

2021-11-12 17:48:34 - [MESSAGE][INFO] - Smart Wait Function is triggered

2021-11-12 17:48:34 - [MESSAGE][INFO] - Found 2 web elements with id: 'Object Repository/Filtreler/Butonlar' located by 'By.cssSelector: .dxb>span' in '10' second(s)

2021-11-12 17:48:35 - [MESSAGE][PASSED] - Method.TextDegerineEsitElementeTikla is PASSED

2021-11-12 17:48:35 - [MESSAGE][PASSED] - Call Test Case 'Test Cases/Filtreler/ButonaTikla' successfully

2021-11-12 17:48:35 - [MESSAGE][INFO] - Checking called Test Case

2021-11-12 17:48:35 - [MESSAGE][INFO] - Starting to call Test Case 'Test Cases/Tablo/TablodaVeriVarMi'

2021-11-12 17:48:35 - [TEST_CASE][PASSED] - Test Cases/Tablo/TablodaVeriVarMi: Test Cases/Tablo/TablodaVeriVarMi

2021-11-12 17:48:35 - [TEST_STEP][PASSED] - verifyTextNotPresent("Görüntülenecek veri yok", true): Text 'Görüntülenecek veri yok' is not present on page using regular expression

2021-11-12 17:48:35 - [MESSAGE][INFO] - Checking text present  using regular expression

2021-11-12 17:48:35 - [MESSAGE][INFO] - Smart Wait Function is triggered

2021-11-12 17:48:35 - [MESSAGE][INFO] - Finding text 'Görüntülenecek veri yok' on page  using regular expression

2021-11-12 17:48:35 - [MESSAGE][PASSED] - Text 'Görüntülenecek veri yok' is not present on page using regular expression

2021-11-12 17:48:35 - [MESSAGE][PASSED] - Call Test Case 'Test Cases/Tablo/TablodaVeriVarMi' successfully

2021-11-12 17:48:35 - [MESSAGE][INFO] - Checking called Test Case

2021-11-12 17:48:35 - [MESSAGE][INFO] - Starting to call Test Case 'Test Cases/Filtreler/DropdownSec'

2021-11-12 17:48:35 - [TEST_CASE][PASSED] - Test Cases/Filtreler/DropdownSec: Test Cases/Filtreler/DropdownSec

2021-11-12 17:48:35 - [TEST_STEP][PASSED] - Method.TextDegerineEsitElementinAltindakineTikla(findTestObject("Filtreler/Basliklar"), findTestObject("Filtreler/Basliga_Gore_Baslangic_Image"), Filtre_Adi): Method.TextDegerineEsitElementinAltindakineTikla is PASSED

2021-11-12 17:48:35 - [MESSAGE][INFO] - Finding Test Object 'Object Repository/Filtreler/Basliklar'

2021-11-12 17:48:35 - [MESSAGE][INFO] - Finding Test Object 'Object Repository/Filtreler/Basliga_Gore_Baslangic_Image'

2021-11-12 17:48:35 - [MESSAGE][INFO] - Checking timeout

2021-11-12 17:48:35 - [MESSAGE][INFO] - Finding web element with id: 'Object Repository/Filtreler/Basliklar' located by 'By.cssSelector: .control-label.col-sm-4.paddingMarginRLC' in '10' second(s)

2021-11-12 17:48:35 - [MESSAGE][INFO] - Smart Wait Function is triggered

2021-11-12 17:48:36 - [MESSAGE][INFO] - Found 6 web elements with id: 'Object Repository/Filtreler/Basliklar' located by 'By.cssSelector: .control-label.col-sm-4.paddingMarginRLC' in '10' second(s)

2021-11-12 17:48:36 - [MESSAGE][INFO] - Smart Wait Function is triggered

2021-11-12 17:48:36 - [MESSAGE][PASSED] - Method.TextDegerineEsitElementinAltindakineTikla is PASSED

2021-11-12 17:48:36 - [TEST_STEP][PASSED] - Method.TextDegerineEsitElementeTikla(findTestObject("Object Repository/Filtreler/Basliga_Gore_Dropdown"), Filtre_Degeri): Method.TextDegerineEsitElementeTikla is PASSED

2021-11-12 17:48:36 - [MESSAGE][INFO] - Finding Test Object 'Object Repository/Filtreler/Basliga_Gore_Dropdown'

2021-11-12 17:48:36 - [MESSAGE][INFO] - Checking timeout

2021-11-12 17:48:36 - [MESSAGE][INFO] - Finding web element with id: 'Object Repository/Filtreler/Basliga_Gore_Dropdown' located by 'By.xpath: //*[@class = 'dxeListBoxItemRow_LECustomTheme']' in '10' second(s)

2021-11-12 17:48:36 - [MESSAGE][INFO] - Smart Wait Function is triggered

2021-11-12 17:48:36 - [MESSAGE][INFO] - Found 58 web elements with id: 'Object Repository/Filtreler/Basliga_Gore_Dropdown' located by 'By.xpath: //*[@class = 'dxeListBoxItemRow_LECustomTheme']' in '10' second(s)

2021-11-12 17:48:37 - [MESSAGE][PASSED] - Method.TextDegerineEsitElementeTikla is PASSED

2021-11-12 17:48:37 - [MESSAGE][PASSED] - Call Test Case 'Test Cases/Filtreler/DropdownSec' successfully

2021-11-12 17:48:37 - [MESSAGE][INFO] - Checking called Test Case

2021-11-12 17:48:37 - [MESSAGE][INFO] - Starting to call Test Case 'Test Cases/Filtreler/ButonaTikla'

2021-11-12 17:48:37 - [TEST_CASE][PASSED] - Test Cases/Filtreler/ButonaTikla: Test Cases/Filtreler/ButonaTikla

2021-11-12 17:48:37 - [TEST_STEP][PASSED] - Method.TextDegerineEsitElementeTikla(findTestObject("Filtreler/Butonlar"), Filtre_Buton): Method.TextDegerineEsitElementeTikla is PASSED

2021-11-12 17:48:37 - [MESSAGE][INFO] - Finding Test Object 'Object Repository/Filtreler/Butonlar'

2021-11-12 17:48:37 - [MESSAGE][INFO] - Checking timeout

2021-11-12 17:48:37 - [MESSAGE][INFO] - Finding web element with id: 'Object Repository/Filtreler/Butonlar' located by 'By.cssSelector: .dxb>span' in '10' second(s)

2021-11-12 17:48:37 - [MESSAGE][INFO] - Smart Wait Function is triggered

2021-11-12 17:48:37 - [MESSAGE][INFO] - Found 2 web elements with id: 'Object Repository/Filtreler/Butonlar' located by 'By.cssSelector: .dxb>span' in '10' second(s)

2021-11-12 17:48:37 - [MESSAGE][PASSED] - Method.TextDegerineEsitElementeTikla is PASSED

2021-11-12 17:48:37 - [MESSAGE][PASSED] - Call Test Case 'Test Cases/Filtreler/ButonaTikla' successfully

2021-11-12 17:48:37 - [MESSAGE][INFO] - Checking called Test Case

2021-11-12 17:48:37 - [MESSAGE][INFO] - Starting to call Test Case 'Test Cases/Tablo/TablodaVeriVarMi'

2021-11-12 17:48:37 - [TEST_CASE][PASSED] - Test Cases/Tablo/TablodaVeriVarMi: Test Cases/Tablo/TablodaVeriVarMi

2021-11-12 17:48:37 - [TEST_STEP][PASSED] - verifyTextNotPresent("Görüntülenecek veri yok", true): Text 'Görüntülenecek veri yok' is not present on page using regular expression

2021-11-12 17:48:37 - [MESSAGE][INFO] - Checking text present  using regular expression

2021-11-12 17:48:37 - [MESSAGE][INFO] - Smart Wait Function is triggered

2021-11-12 17:48:38 - [MESSAGE][INFO] - Finding text 'Görüntülenecek veri yok' on page  using regular expression

2021-11-12 17:48:38 - [MESSAGE][PASSED] - Text 'Görüntülenecek veri yok' is not present on page using regular expression

2021-11-12 17:48:38 - [MESSAGE][PASSED] - Call Test Case 'Test Cases/Tablo/TablodaVeriVarMi' successfully

2021-11-12 17:48:38 - [MESSAGE][INFO] - Checking called Test Case

2021-11-12 17:48:38 - [MESSAGE][INFO] - Starting to call Test Case 'Test Cases/Filtreler/TexboxaYaz'

2021-11-12 17:48:38 - [TEST_CASE][PASSED] - Test Cases/Filtreler/TexboxaYaz: Test Cases/Filtreler/TexboxaYaz

2021-11-12 17:48:38 - [TEST_STEP][PASSED] - Method.TextDegerineEsitElementinAltindakiTextboxtaYaz(findTestObject("Filtreler/Basliklar"), findTestObject("Filtreler/Basliga_Gore_Textbox"), Filtre_Adi, Filtre_Degeri): Method.TextDegerineEsitElementinAltindakiTextboxtaYaz is PASSED

2021-11-12 17:48:38 - [MESSAGE][INFO] - Finding Test Object 'Object Repository/Filtreler/Basliklar'

2021-11-12 17:48:38 - [MESSAGE][INFO] - Finding Test Object 'Object Repository/Filtreler/Basliga_Gore_Textbox'

2021-11-12 17:48:38 - [MESSAGE][INFO] - Checking timeout

2021-11-12 17:48:38 - [MESSAGE][INFO] - Finding web element with id: 'Object Repository/Filtreler/Basliklar' located by 'By.cssSelector: .control-label.col-sm-4.paddingMarginRLC' in '10' second(s)

2021-11-12 17:48:38 - [MESSAGE][INFO] - Smart Wait Function is triggered

2021-11-12 17:48:38 - [MESSAGE][INFO] - Found 6 web elements with id: 'Object Repository/Filtreler/Basliklar' located by 'By.cssSelector: .control-label.col-sm-4.paddingMarginRLC' in '10' second(s)

2021-11-12 17:48:38 - [MESSAGE][INFO] - Smart Wait Function is triggered

2021-11-12 17:48:39 - [MESSAGE][PASSED] - Method.TextDegerineEsitElementinAltindakiTextboxtaYaz is PASSED

2021-11-12 17:48:39 - [MESSAGE][PASSED] - Call Test Case 'Test Cases/Filtreler/TexboxaYaz' successfully

2021-11-12 17:48:39 - [MESSAGE][INFO] - Checking called Test Case

2021-11-12 17:48:39 - [MESSAGE][INFO] - Starting to call Test Case 'Test Cases/Filtreler/DropdownSec'

2021-11-12 17:48:39 - [TEST_CASE][PASSED] - Test Cases/Filtreler/DropdownSec: Test Cases/Filtreler/DropdownSec

2021-11-12 17:48:39 - [TEST_STEP][PASSED] - Method.TextDegerineEsitElementinAltindakineTikla(findTestObject("Filtreler/Basliklar"), findTestObject("Filtreler/Basliga_Gore_Baslangic_Image"), Filtre_Adi): Method.TextDegerineEsitElementinAltindakineTikla is PASSED

2021-11-12 17:48:39 - [MESSAGE][INFO] - Finding Test Object 'Object Repository/Filtreler/Basliklar'

2021-11-12 17:48:39 - [MESSAGE][INFO] - Finding Test Object 'Object Repository/Filtreler/Basliga_Gore_Baslangic_Image'

2021-11-12 17:48:39 - [MESSAGE][INFO] - Checking timeout

2021-11-12 17:48:39 - [MESSAGE][INFO] - Finding web element with id: 'Object Repository/Filtreler/Basliklar' located by 'By.cssSelector: .control-label.col-sm-4.paddingMarginRLC' in '10' second(s)

2021-11-12 17:48:39 - [MESSAGE][INFO] - Smart Wait Function is triggered

2021-11-12 17:48:39 - [MESSAGE][INFO] - Found 6 web elements with id: 'Object Repository/Filtreler/Basliklar' located by 'By.cssSelector: .control-label.col-sm-4.paddingMarginRLC' in '10' second(s)

2021-11-12 17:48:39 - [MESSAGE][INFO] - Smart Wait Function is triggered

2021-11-12 17:48:40 - [MESSAGE][PASSED] - Method.TextDegerineEsitElementinAltindakineTikla is PASSED

2021-11-12 17:48:40 - [TEST_STEP][PASSED] - Method.TextDegerineEsitElementeTikla(findTestObject("Object Repository/Filtreler/Basliga_Gore_Dropdown"), Filtre_Degeri): Method.TextDegerineEsitElementeTikla is PASSED

2021-11-12 17:48:40 - [MESSAGE][INFO] - Finding Test Object 'Object Repository/Filtreler/Basliga_Gore_Dropdown'

2021-11-12 17:48:40 - [MESSAGE][INFO] - Checking timeout

2021-11-12 17:48:40 - [MESSAGE][INFO] - Finding web element with id: 'Object Repository/Filtreler/Basliga_Gore_Dropdown' located by 'By.xpath: //*[@class = 'dxeListBoxItemRow_LECustomTheme']' in '10' second(s)

2021-11-12 17:48:40 - [MESSAGE][INFO] - Smart Wait Function is triggered

2021-11-12 17:48:40 - [MESSAGE][INFO] - Found 58 web elements with id: 'Object Repository/Filtreler/Basliga_Gore_Dropdown' located by 'By.xpath: //*[@class = 'dxeListBoxItemRow_LECustomTheme']' in '10' second(s)

2021-11-12 17:48:40 - [MESSAGE][PASSED] - Method.TextDegerineEsitElementeTikla is PASSED

2021-11-12 17:48:40 - [MESSAGE][PASSED] - Call Test Case 'Test Cases/Filtreler/DropdownSec' successfully

2021-11-12 17:48:40 - [MESSAGE][INFO] - Checking called Test Case

2021-11-12 17:48:40 - [MESSAGE][INFO] - Starting to call Test Case 'Test Cases/Filtreler/DropdownSec'

2021-11-12 17:48:40 - [TEST_CASE][PASSED] - Test Cases/Filtreler/DropdownSec: Test Cases/Filtreler/DropdownSec

2021-11-12 17:48:40 - [TEST_STEP][PASSED] - Method.TextDegerineEsitElementinAltindakineTikla(findTestObject("Filtreler/Basliklar"), findTestObject("Filtreler/Basliga_Gore_Baslangic_Image"), Filtre_Adi): Method.TextDegerineEsitElementinAltindakineTikla is PASSED

2021-11-12 17:48:40 - [MESSAGE][INFO] - Finding Test Object 'Object Repository/Filtreler/Basliklar'

2021-11-12 17:48:40 - [MESSAGE][INFO] - Finding Test Object 'Object Repository/Filtreler/Basliga_Gore_Baslangic_Image'

2021-11-12 17:48:40 - [MESSAGE][INFO] - Checking timeout

2021-11-12 17:48:40 - [MESSAGE][INFO] - Finding web element with id: 'Object Repository/Filtreler/Basliklar' located by 'By.cssSelector: .control-label.col-sm-4.paddingMarginRLC' in '10' second(s)

2021-11-12 17:48:40 - [MESSAGE][INFO] - Smart Wait Function is triggered

2021-11-12 17:48:41 - [MESSAGE][INFO] - Found 6 web elements with id: 'Object Repository/Filtreler/Basliklar' located by 'By.cssSelector: .control-label.col-sm-4.paddingMarginRLC' in '10' second(s)

2021-11-12 17:48:41 - [MESSAGE][INFO] - Smart Wait Function is triggered

2021-11-12 17:48:41 - [MESSAGE][PASSED] - Method.TextDegerineEsitElementinAltindakineTikla is PASSED

2021-11-12 17:48:41 - [TEST_STEP][PASSED] - Method.TextDegerineEsitElementeTikla(findTestObject("Object Repository/Filtreler/Basliga_Gore_Dropdown"), Filtre_Degeri): Method.TextDegerineEsitElementeTikla is PASSED

2021-11-12 17:48:41 - [MESSAGE][INFO] - Finding Test Object 'Object Repository/Filtreler/Basliga_Gore_Dropdown'

2021-11-12 17:48:41 - [MESSAGE][INFO] - Checking timeout

2021-11-12 17:48:41 - [MESSAGE][INFO] - Finding web element with id: 'Object Repository/Filtreler/Basliga_Gore_Dropdown' located by 'By.xpath: //*[@class = 'dxeListBoxItemRow_LECustomTheme']' in '10' second(s)

2021-11-12 17:48:41 - [MESSAGE][INFO] - Smart Wait Function is triggered

2021-11-12 17:48:42 - [MESSAGE][INFO] - Found 58 web elements with id: 'Object Repository/Filtreler/Basliga_Gore_Dropdown' located by 'By.xpath: //*[@class = 'dxeListBoxItemRow_LECustomTheme']' in '10' second(s)

2021-11-12 17:48:42 - [MESSAGE][PASSED] - Method.TextDegerineEsitElementeTikla is PASSED

2021-11-12 17:48:42 - [MESSAGE][PASSED] - Call Test Case 'Test Cases/Filtreler/DropdownSec' successfully

2021-11-12 17:48:42 - [MESSAGE][INFO] - Checking called Test Case

2021-11-12 17:48:42 - [MESSAGE][INFO] - Starting to call Test Case 'Test Cases/Filtreler/ButonaTikla'

2021-11-12 17:48:42 - [TEST_CASE][PASSED] - Test Cases/Filtreler/ButonaTikla: Test Cases/Filtreler/ButonaTikla

2021-11-12 17:48:42 - [TEST_STEP][PASSED] - Method.TextDegerineEsitElementeTikla(findTestObject("Filtreler/Butonlar"), Filtre_Buton): Method.TextDegerineEsitElementeTikla is PASSED

2021-11-12 17:48:42 - [MESSAGE][INFO] - Finding Test Object 'Object Repository/Filtreler/Butonlar'

2021-11-12 17:48:42 - [MESSAGE][INFO] - Checking timeout

2021-11-12 17:48:42 - [MESSAGE][INFO] - Finding web element with id: 'Object Repository/Filtreler/Butonlar' located by 'By.cssSelector: .dxb>span' in '10' second(s)

2021-11-12 17:48:42 - [MESSAGE][INFO] - Smart Wait Function is triggered

2021-11-12 17:48:42 - [MESSAGE][INFO] - Found 2 web elements with id: 'Object Repository/Filtreler/Butonlar' located by 'By.cssSelector: .dxb>span' in '10' second(s)

2021-11-12 17:48:42 - [MESSAGE][PASSED] - Method.TextDegerineEsitElementeTikla is PASSED

2021-11-12 17:48:42 - [MESSAGE][PASSED] - Call Test Case 'Test Cases/Filtreler/ButonaTikla' successfully

2021-11-12 17:48:42 - [MESSAGE][INFO] - Checking called Test Case

2021-11-12 17:48:42 - [MESSAGE][INFO] - Starting to call Test Case 'Test Cases/Butonlar/SayfaBoyutuRaporlar'

2021-11-12 17:48:42 - [TEST_CASE][PASSED] - Test Cases/Butonlar/SayfaBoyutuRaporlar: Test Cases/Butonlar/SayfaBoyutuRaporlar

2021-11-12 17:48:43 - [TEST_STEP][PASSED] - click(findTestObject("Butonlar/SayfaBoyutuDropdownRaporlar")): Object: 'Object Repository/Butonlar/SayfaBoyutuDropdownRaporlar' is clicked on

2021-11-12 17:48:43 - [MESSAGE][INFO] - Finding Test Object 'Object Repository/Butonlar/SayfaBoyutuDropdownRaporlar'

2021-11-12 17:48:43 - [MESSAGE][INFO] - Checking object

2021-11-12 17:48:43 - [MESSAGE][INFO] - Finding web element from Test Object's properties

2021-11-12 17:48:43 - [MESSAGE][INFO] - Checking timeout

2021-11-12 17:48:43 - [MESSAGE][INFO] - Finding web element with id: 'Object Repository/Butonlar/SayfaBoyutuDropdownRaporlar' located by 'By.cssSelector: #GridViewCumulativeCreditReport_DXPagerBottom_PSB' in '30' second(s)

2021-11-12 17:48:43 - [MESSAGE][INFO] - Smart Wait Function is triggered

2021-11-12 17:48:44 - [MESSAGE][INFO] - Found 1 web elements with id: 'Object Repository/Butonlar/SayfaBoyutuDropdownRaporlar' located by 'By.cssSelector: #GridViewCumulativeCreditReport_DXPagerBottom_PSB' in '30' second(s)

2021-11-12 17:48:44 - [MESSAGE][INFO] - Clicking on object: 'Object Repository/Butonlar/SayfaBoyutuDropdownRaporlar'

2021-11-12 17:48:44 - [MESSAGE][PASSED] - Object: 'Object Repository/Butonlar/SayfaBoyutuDropdownRaporlar' is clicked on

2021-11-12 17:48:44 - [TEST_STEP][PASSED] - Method.TextDegerineEsitElementeTikla(findTestObject("Butonlar/SayfaBoyutu"), SayfaBoyutu): Method.TextDegerineEsitElementeTikla is PASSED

2021-11-12 17:48:44 - [MESSAGE][INFO] - Finding Test Object 'Object Repository/Butonlar/SayfaBoyutu'

2021-11-12 17:48:44 - [MESSAGE][INFO] - Checking timeout

2021-11-12 17:48:44 - [MESSAGE][INFO] - Finding web element with id: 'Object Repository/Butonlar/SayfaBoyutu' located by 'By.cssSelector: .dxm-item .dx-vam' in '10' second(s)

2021-11-12 17:48:44 - [MESSAGE][INFO] - Smart Wait Function is triggered

2021-11-12 17:48:44 - [MESSAGE][INFO] - Found 3 web elements with id: 'Object Repository/Butonlar/SayfaBoyutu' located by 'By.cssSelector: .dxm-item .dx-vam' in '10' second(s)

2021-11-12 17:48:44 - [MESSAGE][PASSED] - Method.TextDegerineEsitElementeTikla is PASSED

2021-11-12 17:48:44 - [MESSAGE][PASSED] - Call Test Case 'Test Cases/Butonlar/SayfaBoyutuRaporlar' successfully

2021-11-12 17:48:44 - [MESSAGE][INFO] - Checking called Test Case

2021-11-12 17:48:44 - [MESSAGE][INFO] - Starting to call Test Case 'Test Cases/Butonlar/NumaraliSayfayaGec'

2021-11-12 17:48:44 - [TEST_CASE][PASSED] - Test Cases/Butonlar/NumaraliSayfayaGec: Test Cases/Butonlar/NumaraliSayfayaGec

2021-11-12 17:48:44 - [TEST_STEP][PASSED] - waitForElementClickable(findTestObject("Butonlar/SayfaNumarasi"), 10): Object 'Object Repository/Butonlar/SayfaNumarasi' is clickable

2021-11-12 17:48:44 - [MESSAGE][INFO] - Finding Test Object 'Object Repository/Butonlar/SayfaNumarasi'

2021-11-12 17:48:44 - [MESSAGE][INFO] - Checking object

2021-11-12 17:48:44 - [MESSAGE][INFO] - Checking timeout

2021-11-12 17:48:44 - [MESSAGE][INFO] - Finding web element from Test Object's properties

2021-11-12 17:48:44 - [MESSAGE][INFO] - Checking timeout

2021-11-12 17:48:44 - [MESSAGE][INFO] - Finding web element with id: 'Object Repository/Butonlar/SayfaNumarasi' located by 'By.cssSelector: .dxp-num' in '10' second(s)

2021-11-12 17:48:44 - [MESSAGE][INFO] - Smart Wait Function is triggered

2021-11-12 17:48:45 - [MESSAGE][INFO] - Found 2 web elements with id: 'Object Repository/Butonlar/SayfaNumarasi' located by 'By.cssSelector: .dxp-num' in '10' second(s)

2021-11-12 17:48:45 - [MESSAGE][PASSED] - Object 'Object Repository/Butonlar/SayfaNumarasi' is clickable

2021-11-12 17:48:45 - [TEST_STEP][PASSED] - Method.TextDegerineEsitElementeTiklaEquals(findTestObject("Butonlar/SayfaNumarasi"), SayfaNumarasi): Method.TextDegerineEsitElementeTiklaEquals is PASSED

2021-11-12 17:48:45 - [MESSAGE][INFO] - Finding Test Object 'Object Repository/Butonlar/SayfaNumarasi'

2021-11-12 17:48:45 - [MESSAGE][INFO] - Checking timeout

2021-11-12 17:48:45 - [MESSAGE][INFO] - Finding web element with id: 'Object Repository/Butonlar/SayfaNumarasi' located by 'By.cssSelector: .dxp-num' in '10' second(s)

2021-11-12 17:48:45 - [MESSAGE][INFO] - Smart Wait Function is triggered

2021-11-12 17:48:45 - [MESSAGE][INFO] - Found 2 web elements with id: 'Object Repository/Butonlar/SayfaNumarasi' located by 'By.cssSelector: .dxp-num' in '10' second(s)

2021-11-12 17:48:45 - [MESSAGE][PASSED] - Method.TextDegerineEsitElementeTiklaEquals is PASSED

2021-11-12 17:48:45 - [MESSAGE][PASSED] - Call Test Case 'Test Cases/Butonlar/NumaraliSayfayaGec' successfully

2021-11-12 17:48:45 - [MESSAGE][INFO] - Checking called Test Case

2021-11-12 17:48:45 - [MESSAGE][INFO] - Starting to call Test Case 'Test Cases/Tablo/TablodaVeriVarMi'

2021-11-12 17:48:45 - [TEST_CASE][PASSED] - Test Cases/Tablo/TablodaVeriVarMi: Test Cases/Tablo/TablodaVeriVarMi

2021-11-12 17:48:45 - [TEST_STEP][PASSED] - verifyTextNotPresent("Görüntülenecek veri yok", true): Text 'Görüntülenecek veri yok' is not present on page using regular expression

2021-11-12 17:48:45 - [MESSAGE][INFO] - Checking text present  using regular expression

2021-11-12 17:48:45 - [MESSAGE][INFO] - Smart Wait Function is triggered

2021-11-12 17:48:46 - [MESSAGE][INFO] - Finding text 'Görüntülenecek veri yok' on page  using regular expression

2021-11-12 17:48:46 - [MESSAGE][PASSED] - Text 'Görüntülenecek veri yok' is not present on page using regular expression

2021-11-12 17:48:46 - [MESSAGE][PASSED] - Call Test Case 'Test Cases/Tablo/TablodaVeriVarMi' successfully

2021-11-12 17:48:46 - [MESSAGE][INFO] - Checking called Test Case

2021-11-12 17:48:46 - [MESSAGE][INFO] - Starting to call Test Case 'Test Cases/Butonlar/NumaraliSayfayaGec'

2021-11-12 17:48:46 - [TEST_CASE][PASSED] - Test Cases/Butonlar/NumaraliSayfayaGec: Test Cases/Butonlar/NumaraliSayfayaGec

2021-11-12 17:48:46 - [TEST_STEP][PASSED] - waitForElementClickable(findTestObject("Butonlar/SayfaNumarasi"), 10): Object 'Object Repository/Butonlar/SayfaNumarasi' is clickable

2021-11-12 17:48:46 - [MESSAGE][INFO] - Finding Test Object 'Object Repository/Butonlar/SayfaNumarasi'

2021-11-12 17:48:46 - [MESSAGE][INFO] - Checking object

2021-11-12 17:48:46 - [MESSAGE][INFO] - Checking timeout

2021-11-12 17:48:46 - [MESSAGE][INFO] - Finding web element from Test Object's properties

2021-11-12 17:48:46 - [MESSAGE][INFO] - Checking timeout

2021-11-12 17:48:46 - [MESSAGE][INFO] - Finding web element with id: 'Object Repository/Butonlar/SayfaNumarasi' located by 'By.cssSelector: .dxp-num' in '10' second(s)

2021-11-12 17:48:46 - [MESSAGE][INFO] - Smart Wait Function is triggered

2021-11-12 17:48:47 - [MESSAGE][INFO] - Found 2 web elements with id: 'Object Repository/Butonlar/SayfaNumarasi' located by 'By.cssSelector: .dxp-num' in '10' second(s)

2021-11-12 17:48:47 - [MESSAGE][PASSED] - Object 'Object Repository/Butonlar/SayfaNumarasi' is clickable

2021-11-12 17:48:47 - [TEST_STEP][PASSED] - Method.TextDegerineEsitElementeTiklaEquals(findTestObject("Butonlar/SayfaNumarasi"), SayfaNumarasi): Method.TextDegerineEsitElementeTiklaEquals is PASSED

2021-11-12 17:48:47 - [MESSAGE][INFO] - Finding Test Object 'Object Repository/Butonlar/SayfaNumarasi'

2021-11-12 17:48:47 - [MESSAGE][INFO] - Checking timeout

2021-11-12 17:48:47 - [MESSAGE][INFO] - Finding web element with id: 'Object Repository/Butonlar/SayfaNumarasi' located by 'By.cssSelector: .dxp-num' in '10' second(s)

2021-11-12 17:48:47 - [MESSAGE][INFO] - Smart Wait Function is triggered

2021-11-12 17:48:47 - [MESSAGE][INFO] - Found 2 web elements with id: 'Object Repository/Butonlar/SayfaNumarasi' located by 'By.cssSelector: .dxp-num' in '10' second(s)

2021-11-12 17:48:47 - [MESSAGE][PASSED] - Method.TextDegerineEsitElementeTiklaEquals is PASSED

2021-11-12 17:48:47 - [MESSAGE][PASSED] - Call Test Case 'Test Cases/Butonlar/NumaraliSayfayaGec' successfully

2021-11-12 17:48:47 - [MESSAGE][INFO] - Checking called Test Case

2021-11-12 17:48:47 - [MESSAGE][INFO] - Starting to call Test Case 'Test Cases/Butonlar/SayfaBoyutuRaporlar'

2021-11-12 17:48:47 - [TEST_CASE][PASSED] - Test Cases/Butonlar/SayfaBoyutuRaporlar: Test Cases/Butonlar/SayfaBoyutuRaporlar

2021-11-12 17:48:47 - [TEST_STEP][PASSED] - click(findTestObject("Butonlar/SayfaBoyutuDropdownRaporlar")): Object: 'Object Repository/Butonlar/SayfaBoyutuDropdownRaporlar' is clicked on

2021-11-12 17:48:47 - [MESSAGE][INFO] - Finding Test Object 'Object Repository/Butonlar/SayfaBoyutuDropdownRaporlar'

2021-11-12 17:48:47 - [MESSAGE][INFO] - Checking object

2021-11-12 17:48:47 - [MESSAGE][INFO] - Finding web element from Test Object's properties

2021-11-12 17:48:47 - [MESSAGE][INFO] - Checking timeout

2021-11-12 17:48:47 - [MESSAGE][INFO] - Finding web element with id: 'Object Repository/Butonlar/SayfaBoyutuDropdownRaporlar' located by 'By.cssSelector: #GridViewCumulativeCreditReport_DXPagerBottom_PSB' in '30' second(s)

2021-11-12 17:48:47 - [MESSAGE][INFO] - Smart Wait Function is triggered

2021-11-12 17:48:48 - [MESSAGE][INFO] - Found 1 web elements with id: 'Object Repository/Butonlar/SayfaBoyutuDropdownRaporlar' located by 'By.cssSelector: #GridViewCumulativeCreditReport_DXPagerBottom_PSB' in '30' second(s)

2021-11-12 17:48:48 - [MESSAGE][INFO] - Clicking on object: 'Object Repository/Butonlar/SayfaBoyutuDropdownRaporlar'

2021-11-12 17:48:48 - [MESSAGE][PASSED] - Object: 'Object Repository/Butonlar/SayfaBoyutuDropdownRaporlar' is clicked on

2021-11-12 17:48:48 - [TEST_STEP][PASSED] - Method.TextDegerineEsitElementeTikla(findTestObject("Butonlar/SayfaBoyutu"), SayfaBoyutu): Method.TextDegerineEsitElementeTikla is PASSED

2021-11-12 17:48:48 - [MESSAGE][INFO] - Finding Test Object 'Object Repository/Butonlar/SayfaBoyutu'

2021-11-12 17:48:48 - [MESSAGE][INFO] - Checking timeout

2021-11-12 17:48:48 - [MESSAGE][INFO] - Finding web element with id: 'Object Repository/Butonlar/SayfaBoyutu' located by 'By.cssSelector: .dxm-item .dx-vam' in '10' second(s)

2021-11-12 17:48:48 - [MESSAGE][INFO] - Smart Wait Function is triggered

2021-11-12 17:48:48 - [MESSAGE][INFO] - Found 3 web elements with id: 'Object Repository/Butonlar/SayfaBoyutu' located by 'By.cssSelector: .dxm-item .dx-vam' in '10' second(s)

2021-11-12 17:48:48 - [MESSAGE][PASSED] - Method.TextDegerineEsitElementeTikla is PASSED

2021-11-12 17:48:48 - [MESSAGE][PASSED] - Call Test Case 'Test Cases/Butonlar/SayfaBoyutuRaporlar' successfully

2021-11-12 17:48:48 - [MESSAGE][INFO] - Checking called Test Case

2021-11-12 17:48:48 - [MESSAGE][INFO] - Starting to call Test Case 'Test Cases/Butonlar/NumaraliSayfayaGec'

2021-11-12 17:48:48 - [TEST_CASE][PASSED] - Test Cases/Butonlar/NumaraliSayfayaGec: Test Cases/Butonlar/NumaraliSayfayaGec

2021-11-12 17:48:48 - [TEST_STEP][PASSED] - waitForElementClickable(findTestObject("Butonlar/SayfaNumarasi"), 10): Object 'Object Repository/Butonlar/SayfaNumarasi' is clickable

2021-11-12 17:48:48 - [MESSAGE][INFO] - Finding Test Object 'Object Repository/Butonlar/SayfaNumarasi'

2021-11-12 17:48:48 - [MESSAGE][INFO] - Checking object

2021-11-12 17:48:48 - [MESSAGE][INFO] - Checking timeout

2021-11-12 17:48:48 - [MESSAGE][INFO] - Finding web element from Test Object's properties

2021-11-12 17:48:48 - [MESSAGE][INFO] - Checking timeout

2021-11-12 17:48:48 - [MESSAGE][INFO] - Finding web element with id: 'Object Repository/Butonlar/SayfaNumarasi' located by 'By.cssSelector: .dxp-num' in '10' second(s)

2021-11-12 17:48:48 - [MESSAGE][INFO] - Smart Wait Function is triggered

2021-11-12 17:48:49 - [MESSAGE][INFO] - Found 3 web elements with id: 'Object Repository/Butonlar/SayfaNumarasi' located by 'By.cssSelector: .dxp-num' in '10' second(s)

2021-11-12 17:48:49 - [MESSAGE][PASSED] - Object 'Object Repository/Butonlar/SayfaNumarasi' is clickable

2021-11-12 17:48:49 - [TEST_STEP][PASSED] - Method.TextDegerineEsitElementeTiklaEquals(findTestObject("Butonlar/SayfaNumarasi"), SayfaNumarasi): Method.TextDegerineEsitElementeTiklaEquals is PASSED

2021-11-12 17:48:49 - [MESSAGE][INFO] - Finding Test Object 'Object Repository/Butonlar/SayfaNumarasi'

2021-11-12 17:48:49 - [MESSAGE][INFO] - Checking timeout

2021-11-12 17:48:49 - [MESSAGE][INFO] - Finding web element with id: 'Object Repository/Butonlar/SayfaNumarasi' located by 'By.cssSelector: .dxp-num' in '10' second(s)

2021-11-12 17:48:49 - [MESSAGE][INFO] - Smart Wait Function is triggered

2021-11-12 17:48:49 - [MESSAGE][INFO] - Found 3 web elements with id: 'Object Repository/Butonlar/SayfaNumarasi' located by 'By.cssSelector: .dxp-num' in '10' second(s)

2021-11-12 17:48:49 - [MESSAGE][PASSED] - Method.TextDegerineEsitElementeTiklaEquals is PASSED

2021-11-12 17:48:49 - [MESSAGE][PASSED] - Call Test Case 'Test Cases/Butonlar/NumaraliSayfayaGec' successfully

2021-11-12 17:48:49 - [MESSAGE][INFO] - Checking called Test Case

2021-11-12 17:48:49 - [MESSAGE][INFO] - Starting to call Test Case 'Test Cases/Tablo/TablodaVeriVarMi'

2021-11-12 17:48:49 - [TEST_CASE][PASSED] - Test Cases/Tablo/TablodaVeriVarMi: Test Cases/Tablo/TablodaVeriVarMi

2021-11-12 17:48:49 - [TEST_STEP][PASSED] - verifyTextNotPresent("Görüntülenecek veri yok", true): Text 'Görüntülenecek veri yok' is not present on page using regular expression

2021-11-12 17:48:49 - [MESSAGE][INFO] - Checking text present  using regular expression

2021-11-12 17:48:49 - [MESSAGE][INFO] - Smart Wait Function is triggered

2021-11-12 17:48:50 - [MESSAGE][INFO] - Finding text 'Görüntülenecek veri yok' on page  using regular expression

2021-11-12 17:48:50 - [MESSAGE][PASSED] - Text 'Görüntülenecek veri yok' is not present on page using regular expression

2021-11-12 17:48:50 - [MESSAGE][PASSED] - Call Test Case 'Test Cases/Tablo/TablodaVeriVarMi' successfully

2021-11-12 17:48:50 - [MESSAGE][INFO] - Checking called Test Case

2021-11-12 17:48:50 - [MESSAGE][INFO] - Starting to call Test Case 'Test Cases/Butonlar/NumaraliSayfayaGec'

2021-11-12 17:48:50 - [TEST_CASE][PASSED] - Test Cases/Butonlar/NumaraliSayfayaGec: Test Cases/Butonlar/NumaraliSayfayaGec

2021-11-12 17:48:50 - [TEST_STEP][PASSED] - waitForElementClickable(findTestObject("Butonlar/SayfaNumarasi"), 10): Object 'Object Repository/Butonlar/SayfaNumarasi' is clickable

2021-11-12 17:48:50 - [MESSAGE][INFO] - Finding Test Object 'Object Repository/Butonlar/SayfaNumarasi'

2021-11-12 17:48:50 - [MESSAGE][INFO] - Checking object

2021-11-12 17:48:50 - [MESSAGE][INFO] - Checking timeout

2021-11-12 17:48:50 - [MESSAGE][INFO] - Finding web element from Test Object's properties

2021-11-12 17:48:50 - [MESSAGE][INFO] - Checking timeout

2021-11-12 17:48:50 - [MESSAGE][INFO] - Finding web element with id: 'Object Repository/Butonlar/SayfaNumarasi' located by 'By.cssSelector: .dxp-num' in '10' second(s)

2021-11-12 17:48:50 - [MESSAGE][INFO] - Smart Wait Function is triggered

2021-11-12 17:48:50 - [MESSAGE][INFO] - Found 3 web elements with id: 'Object Repository/Butonlar/SayfaNumarasi' located by 'By.cssSelector: .dxp-num' in '10' second(s)

2021-11-12 17:48:50 - [MESSAGE][PASSED] - Object 'Object Repository/Butonlar/SayfaNumarasi' is clickable

2021-11-12 17:48:50 - [TEST_STEP][PASSED] - Method.TextDegerineEsitElementeTiklaEquals(findTestObject("Butonlar/SayfaNumarasi"), SayfaNumarasi): Method.TextDegerineEsitElementeTiklaEquals is PASSED

2021-11-12 17:48:50 - [MESSAGE][INFO] - Finding Test Object 'Object Repository/Butonlar/SayfaNumarasi'

2021-11-12 17:48:50 - [MESSAGE][INFO] - Checking timeout

2021-11-12 17:48:50 - [MESSAGE][INFO] - Finding web element with id: 'Object Repository/Butonlar/SayfaNumarasi' located by 'By.cssSelector: .dxp-num' in '10' second(s)

2021-11-12 17:48:50 - [MESSAGE][INFO] - Smart Wait Function is triggered

2021-11-12 17:48:51 - [MESSAGE][INFO] - Found 3 web elements with id: 'Object Repository/Butonlar/SayfaNumarasi' located by 'By.cssSelector: .dxp-num' in '10' second(s)

2021-11-12 17:48:51 - [MESSAGE][PASSED] - Method.TextDegerineEsitElementeTiklaEquals is PASSED

2021-11-12 17:48:51 - [MESSAGE][PASSED] - Call Test Case 'Test Cases/Butonlar/NumaraliSayfayaGec' successfully

2021-11-12 17:48:51 - [MESSAGE][INFO] - Checking called Test Case

2021-11-12 17:48:51 - [MESSAGE][INFO] - Starting to call Test Case 'Test Cases/Tablo/TablodaVeriVarMi'

2021-11-12 17:48:51 - [TEST_CASE][PASSED] - Test Cases/Tablo/TablodaVeriVarMi: Test Cases/Tablo/TablodaVeriVarMi

2021-11-12 17:48:51 - [TEST_STEP][PASSED] - verifyTextNotPresent("Görüntülenecek veri yok", true): Text 'Görüntülenecek veri yok' is not present on page using regular expression

2021-11-12 17:48:51 - [MESSAGE][INFO] - Checking text present  using regular expression

2021-11-12 17:48:51 - [MESSAGE][INFO] - Smart Wait Function is triggered

2021-11-12 17:48:52 - [MESSAGE][INFO] - Finding text 'Görüntülenecek veri yok' on page  using regular expression

2021-11-12 17:48:52 - [MESSAGE][PASSED] - Text 'Görüntülenecek veri yok' is not present on page using regular expression

2021-11-12 17:48:52 - [MESSAGE][PASSED] - Call Test Case 'Test Cases/Tablo/TablodaVeriVarMi' successfully

2021-11-12 17:48:52 - [MESSAGE][INFO] - Checking called Test Case

2021-11-12 17:48:52 - [MESSAGE][INFO] - Starting to call Test Case 'Test Cases/Butonlar/NumaraliSayfayaGec'

2021-11-12 17:48:52 - [TEST_CASE][PASSED] - Test Cases/Butonlar/NumaraliSayfayaGec: Test Cases/Butonlar/NumaraliSayfayaGec

2021-11-12 17:48:52 - [TEST_STEP][PASSED] - waitForElementClickable(findTestObject("Butonlar/SayfaNumarasi"), 10): Object 'Object Repository/Butonlar/SayfaNumarasi' is clickable

2021-11-12 17:48:52 - [MESSAGE][INFO] - Finding Test Object 'Object Repository/Butonlar/SayfaNumarasi'

2021-11-12 17:48:52 - [MESSAGE][INFO] - Checking object

2021-11-12 17:48:52 - [MESSAGE][INFO] - Checking timeout

2021-11-12 17:48:52 - [MESSAGE][INFO] - Finding web element from Test Object's properties

2021-11-12 17:48:52 - [MESSAGE][INFO] - Checking timeout

2021-11-12 17:48:52 - [MESSAGE][INFO] - Finding web element with id: 'Object Repository/Butonlar/SayfaNumarasi' located by 'By.cssSelector: .dxp-num' in '10' second(s)

2021-11-12 17:48:52 - [MESSAGE][INFO] - Smart Wait Function is triggered

2021-11-12 17:48:52 - [MESSAGE][INFO] - Found 3 web elements with id: 'Object Repository/Butonlar/SayfaNumarasi' located by 'By.cssSelector: .dxp-num' in '10' second(s)

2021-11-12 17:48:52 - [MESSAGE][PASSED] - Object 'Object Repository/Butonlar/SayfaNumarasi' is clickable

2021-11-12 17:48:52 - [TEST_STEP][PASSED] - Method.TextDegerineEsitElementeTiklaEquals(findTestObject("Butonlar/SayfaNumarasi"), SayfaNumarasi): Method.TextDegerineEsitElementeTiklaEquals is PASSED

2021-11-12 17:48:52 - [MESSAGE][INFO] - Finding Test Object 'Object Repository/Butonlar/SayfaNumarasi'

2021-11-12 17:48:52 - [MESSAGE][INFO] - Checking timeout

2021-11-12 17:48:52 - [MESSAGE][INFO] - Finding web element with id: 'Object Repository/Butonlar/SayfaNumarasi' located by 'By.cssSelector: .dxp-num' in '10' second(s)

2021-11-12 17:48:52 - [MESSAGE][INFO] - Smart Wait Function is triggered

2021-11-12 17:48:52 - [MESSAGE][INFO] - Found 3 web elements with id: 'Object Repository/Butonlar/SayfaNumarasi' located by 'By.cssSelector: .dxp-num' in '10' second(s)

2021-11-12 17:48:52 - [MESSAGE][PASSED] - Method.TextDegerineEsitElementeTiklaEquals is PASSED

2021-11-12 17:48:52 - [MESSAGE][PASSED] - Call Test Case 'Test Cases/Butonlar/NumaraliSayfayaGec' successfully

2021-11-12 17:48:52 - [MESSAGE][INFO] - Checking called Test Case

2021-11-12 17:48:52 - [MESSAGE][INFO] - Starting to call Test Case 'Test Cases/Butonlar/SayfaBoyutuRaporlar'

2021-11-12 17:48:53 - [TEST_CASE][PASSED] - Test Cases/Butonlar/SayfaBoyutuRaporlar: Test Cases/Butonlar/SayfaBoyutuRaporlar

2021-11-12 17:48:53 - [TEST_STEP][PASSED] - click(findTestObject("Butonlar/SayfaBoyutuDropdownRaporlar")): Object: 'Object Repository/Butonlar/SayfaBoyutuDropdownRaporlar' is clicked on

2021-11-12 17:48:53 - [MESSAGE][INFO] - Finding Test Object 'Object Repository/Butonlar/SayfaBoyutuDropdownRaporlar'

2021-11-12 17:48:53 - [MESSAGE][INFO] - Checking object

2021-11-12 17:48:53 - [MESSAGE][INFO] - Finding web element from Test Object's properties

2021-11-12 17:48:53 - [MESSAGE][INFO] - Checking timeout

2021-11-12 17:48:53 - [MESSAGE][INFO] - Finding web element with id: 'Object Repository/Butonlar/SayfaBoyutuDropdownRaporlar' located by 'By.cssSelector: #GridViewCumulativeCreditReport_DXPagerBottom_PSB' in '30' second(s)

2021-11-12 17:48:53 - [MESSAGE][INFO] - Smart Wait Function is triggered

2021-11-12 17:48:53 - [MESSAGE][INFO] - Found 1 web elements with id: 'Object Repository/Butonlar/SayfaBoyutuDropdownRaporlar' located by 'By.cssSelector: #GridViewCumulativeCreditReport_DXPagerBottom_PSB' in '30' second(s)

2021-11-12 17:48:53 - [MESSAGE][INFO] - Clicking on object: 'Object Repository/Butonlar/SayfaBoyutuDropdownRaporlar'

2021-11-12 17:48:53 - [MESSAGE][PASSED] - Object: 'Object Repository/Butonlar/SayfaBoyutuDropdownRaporlar' is clicked on

2021-11-12 17:48:53 - [TEST_STEP][PASSED] - Method.TextDegerineEsitElementeTikla(findTestObject("Butonlar/SayfaBoyutu"), SayfaBoyutu): Method.TextDegerineEsitElementeTikla is PASSED

2021-11-12 17:48:53 - [MESSAGE][INFO] - Finding Test Object 'Object Repository/Butonlar/SayfaBoyutu'

2021-11-12 17:48:53 - [MESSAGE][INFO] - Checking timeout

2021-11-12 17:48:53 - [MESSAGE][INFO] - Finding web element with id: 'Object Repository/Butonlar/SayfaBoyutu' located by 'By.cssSelector: .dxm-item .dx-vam' in '10' second(s)

2021-11-12 17:48:53 - [MESSAGE][INFO] - Smart Wait Function is triggered

2021-11-12 17:48:54 - [MESSAGE][INFO] - Found 3 web elements with id: 'Object Repository/Butonlar/SayfaBoyutu' located by 'By.cssSelector: .dxm-item .dx-vam' in '10' second(s)

2021-11-12 17:48:54 - [MESSAGE][PASSED] - Method.TextDegerineEsitElementeTikla is PASSED

2021-11-12 17:48:54 - [MESSAGE][PASSED] - Call Test Case 'Test Cases/Butonlar/SayfaBoyutuRaporlar' successfully

2021-11-12 17:48:54 - [MESSAGE][INFO] - Checking called Test Case

2021-11-12 17:48:54 - [MESSAGE][INFO] - Starting to call Test Case 'Test Cases/Tablo/TablodaVeriVarMi'

2021-11-12 17:48:54 - [TEST_CASE][PASSED] - Test Cases/Tablo/TablodaVeriVarMi: Test Cases/Tablo/TablodaVeriVarMi

2021-11-12 17:48:54 - [TEST_STEP][PASSED] - verifyTextNotPresent("Görüntülenecek veri yok", true): Text 'Görüntülenecek veri yok' is not present on page using regular expression

2021-11-12 17:48:54 - [MESSAGE][INFO] - Checking text present  using regular expression

2021-11-12 17:48:54 - [MESSAGE][INFO] - Smart Wait Function is triggered

2021-11-12 17:48:54 - [MESSAGE][INFO] - Finding text 'Görüntülenecek veri yok' on page  using regular expression

2021-11-12 17:48:54 - [MESSAGE][PASSED] - Text 'Görüntülenecek veri yok' is not present on page using regular expression

2021-11-12 17:48:54 - [MESSAGE][PASSED] - Call Test Case 'Test Cases/Tablo/TablodaVeriVarMi' successfully

2021-11-12 17:48:54 - [MESSAGE][INFO] - Checking called Test Case

2021-11-12 17:48:54 - [MESSAGE][INFO] - Starting to call Test Case 'Test Cases/Butonlar/ButonaTikla'

2021-11-12 17:48:54 - [TEST_CASE][PASSED] - Test Cases/Butonlar/ButonaTikla: Test Cases/Butonlar/ButonaTikla

2021-11-12 17:48:54 - [TEST_STEP][PASSED] - Method.TextDegerineEsitElementeTiklaEquals(findTestObject("Butonlar/Butonlar"), Buton_Adi): Method.TextDegerineEsitElementeTiklaEquals is PASSED

2021-11-12 17:48:54 - [MESSAGE][INFO] - Finding Test Object 'Object Repository/Butonlar/Butonlar'

2021-11-12 17:48:54 - [MESSAGE][INFO] - Checking timeout

2021-11-12 17:48:54 - [MESSAGE][INFO] - Finding web element with id: 'Object Repository/Butonlar/Butonlar' located by 'By.cssSelector: .panel.panel-default.text-center.footerPanel .btn,.btn.btn-primary.btnControls' in '10' second(s)

2021-11-12 17:48:54 - [MESSAGE][INFO] - Smart Wait Function is triggered

2021-11-12 17:48:55 - [MESSAGE][INFO] - Found 1 web elements with id: 'Object Repository/Butonlar/Butonlar' located by 'By.cssSelector: .panel.panel-default.text-center.footerPanel .btn,.btn.btn-primary.btnControls' in '10' second(s)

2021-11-12 17:48:55 - [MESSAGE][PASSED] - Method.TextDegerineEsitElementeTiklaEquals is PASSED

2021-11-12 17:48:55 - [MESSAGE][PASSED] - Call Test Case 'Test Cases/Butonlar/ButonaTikla' successfully

2021-11-12 17:48:55 - [MESSAGE][INFO] - Checking called Test Case

2021-11-12 17:48:55 - [MESSAGE][INFO] - Starting to call Test Case 'Test Cases/Butonlar/DosyaIndirildiMi'

2021-11-12 17:48:55 - [TEST_CASE][PASSED] - Test Cases/Butonlar/DosyaIndirildiMi: Test Cases/Butonlar/DosyaIndirildiMi

2021-11-12 17:48:56 - [TEST_STEP][PASSED] - Method.isimliDosyaIndirildiMi(DownloadFile, FileName): Method.isimliDosyaIndirildiMi is PASSED

2021-11-12 17:48:56 - [MESSAGE][INFO] - Delaying browser in 3 second(s)

2021-11-12 17:48:59 - [MESSAGE][PASSED] - Delayed 3 second(s)

2021-11-12 17:48:59 - [MESSAGE][PASSED] - Method.isimliDosyaIndirildiMi is PASSED

2021-11-12 17:48:59 - [MESSAGE][PASSED] - Call Test Case 'Test Cases/Butonlar/DosyaIndirildiMi' successfully

2021-11-12 17:48:59 - [MESSAGE][INFO] - Checking called Test Case

2021-11-12 17:48:59 - [MESSAGE][INFO] - Starting to call Test Case 'Test Cases/Kullanici_Islemleri/KullaniciIslemlerindenSecimYapilir'

2021-11-12 17:48:59 - [TEST_CASE][PASSED] - Test Cases/Kullanici_Islemleri/KullaniciIslemlerindenSecimYapilir: Test Cases/Kullanici_Islemleri/KullaniciIslemlerindenSecimYapilir

2021-11-12 17:48:59 - [TEST_STEP][PASSED] - waitForElementClickable(findTestObject("Object Repository/Kullanici_Islemleri/KullaniciIslemleri"), 10): Object 'Object Repository/Kullanici_Islemleri/KullaniciIslemleri' is clickable

2021-11-12 17:48:59 - [MESSAGE][INFO] - Finding Test Object 'Object Repository/Kullanici_Islemleri/KullaniciIslemleri'

2021-11-12 17:48:59 - [MESSAGE][INFO] - Checking object

2021-11-12 17:48:59 - [MESSAGE][INFO] - Checking timeout

2021-11-12 17:48:59 - [MESSAGE][INFO] - Finding web element from Test Object's properties

2021-11-12 17:48:59 - [MESSAGE][INFO] - Checking timeout

2021-11-12 17:48:59 - [MESSAGE][INFO] - Finding web element with id: 'Object Repository/Kullanici_Islemleri/KullaniciIslemleri' located by 'By.cssSelector: .dropdown>a>img' in '10' second(s)

2021-11-12 17:48:59 - [MESSAGE][INFO] - Smart Wait Function is triggered

2021-11-12 17:48:59 - [MESSAGE][INFO] - Found 1 web elements with id: 'Object Repository/Kullanici_Islemleri/KullaniciIslemleri' located by 'By.cssSelector: .dropdown>a>img' in '10' second(s)

2021-11-12 17:48:59 - [MESSAGE][PASSED] - Object 'Object Repository/Kullanici_Islemleri/KullaniciIslemleri' is clickable

2021-11-12 17:48:59 - [TEST_STEP][PASSED] - click(findTestObject("Object Repository/Kullanici_Islemleri/KullaniciIslemleri")): Object: 'Object Repository/Kullanici_Islemleri/KullaniciIslemleri' is clicked on

2021-11-12 17:48:59 - [MESSAGE][INFO] - Finding Test Object 'Object Repository/Kullanici_Islemleri/KullaniciIslemleri'

2021-11-12 17:48:59 - [MESSAGE][INFO] - Checking object

2021-11-12 17:48:59 - [MESSAGE][INFO] - Finding web element from Test Object's properties

2021-11-12 17:48:59 - [MESSAGE][INFO] - Checking timeout

2021-11-12 17:48:59 - [MESSAGE][INFO] - Finding web element with id: 'Object Repository/Kullanici_Islemleri/KullaniciIslemleri' located by 'By.cssSelector: .dropdown>a>img' in '30' second(s)

2021-11-12 17:48:59 - [MESSAGE][INFO] - Smart Wait Function is triggered

2021-11-12 17:49:00 - [MESSAGE][INFO] - Found 1 web elements with id: 'Object Repository/Kullanici_Islemleri/KullaniciIslemleri' located by 'By.cssSelector: .dropdown>a>img' in '30' second(s)

2021-11-12 17:49:00 - [MESSAGE][INFO] - Clicking on object: 'Object Repository/Kullanici_Islemleri/KullaniciIslemleri'

2021-11-12 17:49:00 - [MESSAGE][PASSED] - Object: 'Object Repository/Kullanici_Islemleri/KullaniciIslemleri' is clicked on

2021-11-12 17:49:00 - [TEST_STEP][PASSED] - Method.TextDegerineEsitElementeTikla(findTestObject("Object Repository/Kullanici_Islemleri/Secenekler"), Islem): Method.TextDegerineEsitElementeTikla is PASSED

2021-11-12 17:49:00 - [MESSAGE][INFO] - Finding Test Object 'Object Repository/Kullanici_Islemleri/Secenekler'

2021-11-12 17:49:00 - [MESSAGE][INFO] - Checking timeout

2021-11-12 17:49:00 - [MESSAGE][INFO] - Finding web element with id: 'Object Repository/Kullanici_Islemleri/Secenekler' located by 'By.cssSelector: .nav.navbar-nav.navbar-right li a' in '10' second(s)

2021-11-12 17:49:00 - [MESSAGE][INFO] - Smart Wait Function is triggered

2021-11-12 17:49:00 - [MESSAGE][INFO] - Found 22 web elements with id: 'Object Repository/Kullanici_Islemleri/Secenekler' located by 'By.cssSelector: .nav.navbar-nav.navbar-right li a' in '10' second(s)

2021-11-12 17:49:01 - [MESSAGE][PASSED] - Method.TextDegerineEsitElementeTikla is PASSED

2021-11-12 17:49:01 - [TEST_STEP][PASSED] - verifyElementNotPresent(findTestObject("Object Repository/Kullanici_Islemleri/Secenekler"), 10): Web element with id: 'Object Repository/Kullanici_Islemleri/Secenekler' located by 'By.cssSelector: .nav.navbar-nav.navbar-right li a' is not present after '10' second(s)

2021-11-12 17:49:01 - [MESSAGE][INFO] - Finding Test Object 'Object Repository/Kullanici_Islemleri/Secenekler'

2021-11-12 17:49:01 - [MESSAGE][INFO] - Checking object

2021-11-12 17:49:01 - [MESSAGE][INFO] - Checking timeout

2021-11-12 17:49:01 - [MESSAGE][INFO] - Finding web element with id: 'Object Repository/Kullanici_Islemleri/Secenekler' located by 'By.cssSelector: .nav.navbar-nav.navbar-right li a' in '10' second(s)

2021-11-12 17:49:01 - [MESSAGE][INFO] - Smart Wait Function is triggered

2021-11-12 17:49:02 - [MESSAGE][PASSED] - Web element with id: 'Object Repository/Kullanici_Islemleri/Secenekler' located by 'By.cssSelector: .nav.navbar-nav.navbar-right li a' is not present after '10' second(s)

2021-11-12 17:49:02 - [MESSAGE][PASSED] - Call Test Case 'Test Cases/Kullanici_Islemleri/KullaniciIslemlerindenSecimYapilir' successfully

2021-11-12 17:49:02 - [TEST_CASE][PASSED] - Start Test Case : SCENARIO Kümülatif Kontör Raporu Kontrolleri: SCENARIO Kümülatif Kontör Raporu Kontrolleri

2021-11-12 17:49:02 - [TEST_STEP][PASSED] - Kullanıcı adı ELOGO6 ve Şifre 123456 olarak giriş yapılır: Kullanıcı adı ELOGO6 ve Şifre 123456 olarak giriş yapılır

2021-11-12 17:49:02 - [MESSAGE][PASSED] - Kullanıcı adı ELOGO6 ve Şifre 123456 olarak giriş yapılır

2021-11-12 17:49:02 - [TEST_STEP][PASSED] - Ana menüden Raporlar seçilir: Ana menüden Raporlar seçilir

2021-11-12 17:49:02 - [MESSAGE][PASSED] - Ana menüden Raporlar seçilir

2021-11-12 17:49:02 - [TEST_STEP][PASSED] - Alt menüden Kümülatif Kontör Raporu seçilir: Alt menüden Kümülatif Kontör Raporu seçilir

2021-11-12 17:49:02 - [MESSAGE][PASSED] - Alt menüden Kümülatif Kontör Raporu seçilir

2021-11-12 17:49:02 - [TEST_STEP][PASSED] - Filtrelerden Firma Adı filtresine E LOGO 6 textini yaz: Filtrelerden Firma Adı filtresine E LOGO 6 textini yaz

2021-11-12 17:49:02 - [MESSAGE][PASSED] - Filtrelerden Firma Adı filtresine E LOGO 6 textini yaz

2021-11-12 17:49:02 - [TEST_STEP][PASSED] - Filtrelerden İşlem Tarihi filtresine 15.10.2021 baslangic degerini yaz: Filtrelerden İşlem Tarihi filtresine 15.10.2021 baslangic degerini yaz

2021-11-12 17:49:02 - [MESSAGE][PASSED] - Filtrelerden İşlem Tarihi filtresine 15.10.2021 baslangic degerini yaz

2021-11-12 17:49:02 - [TEST_STEP][PASSED] - Filtrelerden İşlem Tarihi filtresine 21.10.2021 bitis degerini yaz: Filtrelerden İşlem Tarihi filtresine 21.10.2021 bitis degerini yaz

2021-11-12 17:49:02 - [MESSAGE][PASSED] - Filtrelerden İşlem Tarihi filtresine 21.10.2021 bitis degerini yaz

2021-11-12 17:49:02 - [TEST_STEP][PASSED] - Enter'a bas: Enter'a bas

2021-11-12 17:49:02 - [MESSAGE][PASSED] - Enter'a bas

2021-11-12 17:49:02 - [TEST_STEP][PASSED] - Filtrelerden VKN / TCKN filtresine 1234567806 textini yaz: Filtrelerden VKN / TCKN filtresine 1234567806 textini yaz

2021-11-12 17:49:02 - [MESSAGE][PASSED] - Filtrelerden VKN / TCKN filtresine 1234567806 textini yaz

2021-11-12 17:49:02 - [TEST_STEP][PASSED] - Filtrelerden Kullanıcı Kodu filtresine ELOGO6 textini yaz: Filtrelerden Kullanıcı Kodu filtresine ELOGO6 textini yaz

2021-11-12 17:49:02 - [MESSAGE][PASSED] - Filtrelerden Kullanıcı Kodu filtresine ELOGO6 textini yaz

2021-11-12 17:49:02 - [TEST_STEP][PASSED] - Filtrelerden Firma Tipi filtresine Tümü dropdowndan degeri seçilir: Filtrelerden Firma Tipi filtresine Tümü dropdowndan degeri seçilir

2021-11-12 17:49:02 - [MESSAGE][PASSED] - Filtrelerden Firma Tipi filtresine Tümü dropdowndan degeri seçilir

2021-11-12 17:49:02 - [TEST_STEP][PASSED] - Filtre butonlarından Listele seçilir: Filtre butonlarından Listele seçilir

2021-11-12 17:49:02 - [MESSAGE][PASSED] - Filtre butonlarından Listele seçilir

2021-11-12 17:49:02 - [TEST_STEP][PASSED] - Tabloda veri var mı kontrol edilir: Tabloda veri var mı kontrol edilir

2021-11-12 17:49:02 - [MESSAGE][PASSED] - Tabloda veri var mı kontrol edilir

2021-11-12 17:49:02 - [TEST_STEP][PASSED] - Filtrelerden Hizmet Açıklaması filtresine e-İrsaliye Giden dropdowndan degeri seçilir: Filtrelerden Hizmet Açıklaması filtresine e-İrsaliye Giden dropdowndan degeri seçilir

2021-11-12 17:49:02 - [MESSAGE][PASSED] - Filtrelerden Hizmet Açıklaması filtresine e-İrsaliye Giden dropdowndan degeri seçilir

2021-11-12 17:49:02 - [TEST_STEP][PASSED] - Filtre butonlarından Listele seçilir: Filtre butonlarından Listele seçilir

2021-11-12 17:49:02 - [MESSAGE][PASSED] - Filtre butonlarından Listele seçilir

2021-11-12 17:49:02 - [TEST_STEP][PASSED] - Tabloda veri var mı kontrol edilir: Tabloda veri var mı kontrol edilir

2021-11-12 17:49:02 - [MESSAGE][PASSED] - Tabloda veri var mı kontrol edilir

2021-11-12 17:49:02 - [TEST_STEP][PASSED] - Filtrelerden Firma Tipi filtresine Ana Firma dropdowndan degeri seçilir: Filtrelerden Firma Tipi filtresine Ana Firma dropdowndan degeri seçilir

2021-11-12 17:49:02 - [MESSAGE][PASSED] - Filtrelerden Firma Tipi filtresine Ana Firma dropdowndan degeri seçilir

2021-11-12 17:49:02 - [TEST_STEP][PASSED] - Filtrelerden Hizmet Açıklaması filtresine e-İrsaliye Gelen dropdowndan degeri seçilir: Filtrelerden Hizmet Açıklaması filtresine e-İrsaliye Gelen dropdowndan degeri seçilir

2021-11-12 17:49:02 - [MESSAGE][PASSED] - Filtrelerden Hizmet Açıklaması filtresine e-İrsaliye Gelen dropdowndan degeri seçilir

2021-11-12 17:49:02 - [TEST_STEP][PASSED] - Filtre butonlarından Listele seçilir: Filtre butonlarından Listele seçilir

2021-11-12 17:49:02 - [MESSAGE][PASSED] - Filtre butonlarından Listele seçilir

2021-11-12 17:49:02 - [TEST_STEP][PASSED] - Tabloda veri var mı kontrol edilir: Tabloda veri var mı kontrol edilir

2021-11-12 17:49:02 - [MESSAGE][PASSED] - Tabloda veri var mı kontrol edilir

2021-11-12 17:49:02 - [TEST_STEP][PASSED] - Filtrelerden VKN / TCKN filtresine  textini yaz: Filtrelerden VKN / TCKN filtresine  textini yaz

2021-11-12 17:49:02 - [MESSAGE][PASSED] - Filtrelerden VKN / TCKN filtresine  textini yaz

2021-11-12 17:49:02 - [TEST_STEP][PASSED] - Filtrelerden Kullanıcı Kodu filtresine  textini yaz: Filtrelerden Kullanıcı Kodu filtresine  textini yaz

2021-11-12 17:49:02 - [MESSAGE][PASSED] - Filtrelerden Kullanıcı Kodu filtresine  textini yaz

2021-11-12 17:49:02 - [TEST_STEP][PASSED] - Filtrelerden Hizmet Açıklaması filtresine Hepsi dropdowndan degeri seçilir: Filtrelerden Hizmet Açıklaması filtresine Hepsi dropdowndan degeri seçilir

2021-11-12 17:49:02 - [MESSAGE][PASSED] - Filtrelerden Hizmet Açıklaması filtresine Hepsi dropdowndan degeri seçilir

2021-11-12 17:49:02 - [TEST_STEP][PASSED] - Filtre butonlarından Listele seçilir: Filtre butonlarından Listele seçilir

2021-11-12 17:49:02 - [MESSAGE][PASSED] - Filtre butonlarından Listele seçilir

2021-11-12 17:49:02 - [TEST_STEP][PASSED] - Tabloda veri var mı kontrol edilir: Tabloda veri var mı kontrol edilir

2021-11-12 17:49:02 - [MESSAGE][PASSED] - Tabloda veri var mı kontrol edilir

2021-11-12 17:49:02 - [TEST_STEP][PASSED] - Filtrelerden Firma Adı filtresine  textini yaz: Filtrelerden Firma Adı filtresine  textini yaz

2021-11-12 17:49:02 - [MESSAGE][PASSED] - Filtrelerden Firma Adı filtresine  textini yaz

2021-11-12 17:49:02 - [TEST_STEP][PASSED] - Filtrelerden VKN / TCKN filtresine 1234567806 textini yaz: Filtrelerden VKN / TCKN filtresine 1234567806 textini yaz

2021-11-12 17:49:02 - [MESSAGE][PASSED] - Filtrelerden VKN / TCKN filtresine 1234567806 textini yaz

2021-11-12 17:49:02 - [TEST_STEP][PASSED] - Filtre butonlarından Listele seçilir: Filtre butonlarından Listele seçilir

2021-11-12 17:49:02 - [MESSAGE][PASSED] - Filtre butonlarından Listele seçilir

2021-11-12 17:49:02 - [TEST_STEP][PASSED] - Tabloda veri var mı kontrol edilir: Tabloda veri var mı kontrol edilir

2021-11-12 17:49:02 - [MESSAGE][PASSED] - Tabloda veri var mı kontrol edilir

2021-11-12 17:49:02 - [TEST_STEP][PASSED] - Filtrelerden Hizmet Açıklaması filtresine e-MM Mail dropdowndan degeri seçilir: Filtrelerden Hizmet Açıklaması filtresine e-MM Mail dropdowndan degeri seçilir

2021-11-12 17:49:02 - [MESSAGE][PASSED] - Filtrelerden Hizmet Açıklaması filtresine e-MM Mail dropdowndan degeri seçilir

2021-11-12 17:49:02 - [TEST_STEP][PASSED] - Filtre butonlarından Listele seçilir: Filtre butonlarından Listele seçilir

2021-11-12 17:49:02 - [MESSAGE][PASSED] - Filtre butonlarından Listele seçilir

2021-11-12 17:49:02 - [TEST_STEP][PASSED] - Tabloda veri var mı kontrol edilir: Tabloda veri var mı kontrol edilir

2021-11-12 17:49:02 - [MESSAGE][PASSED] - Tabloda veri var mı kontrol edilir

2021-11-12 17:49:02 - [TEST_STEP][PASSED] - Filtrelerden VKN / TCKN filtresine  textini yaz: Filtrelerden VKN / TCKN filtresine  textini yaz

2021-11-12 17:49:02 - [MESSAGE][PASSED] - Filtrelerden VKN / TCKN filtresine  textini yaz

2021-11-12 17:49:02 - [TEST_STEP][PASSED] - Filtrelerden Kullanıcı Kodu filtresine ELOGO6 textini yaz: Filtrelerden Kullanıcı Kodu filtresine ELOGO6 textini yaz

2021-11-12 17:49:02 - [MESSAGE][PASSED] - Filtrelerden Kullanıcı Kodu filtresine ELOGO6 textini yaz

2021-11-12 17:49:02 - [TEST_STEP][PASSED] - Filtrelerden Hizmet Açıklaması filtresine Hepsi dropdowndan degeri seçilir: Filtrelerden Hizmet Açıklaması filtresine Hepsi dropdowndan degeri seçilir

2021-11-12 17:49:02 - [MESSAGE][PASSED] - Filtrelerden Hizmet Açıklaması filtresine Hepsi dropdowndan degeri seçilir

2021-11-12 17:49:02 - [TEST_STEP][PASSED] - Filtre butonlarından Listele seçilir: Filtre butonlarından Listele seçilir

2021-11-12 17:49:02 - [MESSAGE][PASSED] - Filtre butonlarından Listele seçilir

2021-11-12 17:49:02 - [TEST_STEP][PASSED] - Tabloda veri var mı kontrol edilir: Tabloda veri var mı kontrol edilir

2021-11-12 17:49:02 - [MESSAGE][PASSED] - Tabloda veri var mı kontrol edilir

2021-11-12 17:49:02 - [TEST_STEP][PASSED] - Filtrelerden Hizmet Açıklaması filtresine e-Müstahsil Makbuzu dropdowndan degeri seçilir: Filtrelerden Hizmet Açıklaması filtresine e-Müstahsil Makbuzu dropdowndan degeri seçilir

2021-11-12 17:49:02 - [MESSAGE][PASSED] - Filtrelerden Hizmet Açıklaması filtresine e-Müstahsil Makbuzu dropdowndan degeri seçilir

2021-11-12 17:49:02 - [TEST_STEP][PASSED] - Filtre butonlarından Listele seçilir: Filtre butonlarından Listele seçilir

2021-11-12 17:49:02 - [MESSAGE][PASSED] - Filtre butonlarından Listele seçilir

2021-11-12 17:49:02 - [TEST_STEP][PASSED] - Tabloda veri var mı kontrol edilir: Tabloda veri var mı kontrol edilir

2021-11-12 17:49:02 - [MESSAGE][PASSED] - Tabloda veri var mı kontrol edilir

2021-11-12 17:49:02 - [TEST_STEP][PASSED] - Filtrelerden Firma Adı filtresine ELOGO6ALT textini yaz: Filtrelerden Firma Adı filtresine ELOGO6ALT textini yaz

2021-11-12 17:49:02 - [MESSAGE][PASSED] - Filtrelerden Firma Adı filtresine ELOGO6ALT textini yaz

2021-11-12 17:49:02 - [TEST_STEP][PASSED] - Filtrelerden VKN / TCKN filtresine 1234567805 textini yaz: Filtrelerden VKN / TCKN filtresine 1234567805 textini yaz

2021-11-12 17:49:02 - [MESSAGE][PASSED] - Filtrelerden VKN / TCKN filtresine 1234567805 textini yaz

2021-11-12 17:49:02 - [TEST_STEP][PASSED] - Filtrelerden Kullanıcı Kodu filtresine ELOGO6ALT textini yaz: Filtrelerden Kullanıcı Kodu filtresine ELOGO6ALT textini yaz

2021-11-12 17:49:02 - [MESSAGE][PASSED] - Filtrelerden Kullanıcı Kodu filtresine ELOGO6ALT textini yaz

2021-11-12 17:49:02 - [TEST_STEP][PASSED] - Filtrelerden Hizmet Açıklaması filtresine Hepsi dropdowndan degeri seçilir: Filtrelerden Hizmet Açıklaması filtresine Hepsi dropdowndan degeri seçilir

2021-11-12 17:49:02 - [MESSAGE][PASSED] - Filtrelerden Hizmet Açıklaması filtresine Hepsi dropdowndan degeri seçilir

2021-11-12 17:49:02 - [TEST_STEP][PASSED] - Filtrelerden Firma Tipi filtresine Tümü dropdowndan degeri seçilir: Filtrelerden Firma Tipi filtresine Tümü dropdowndan degeri seçilir

2021-11-12 17:49:02 - [MESSAGE][PASSED] - Filtrelerden Firma Tipi filtresine Tümü dropdowndan degeri seçilir

2021-11-12 17:49:02 - [TEST_STEP][PASSED] - Filtre butonlarından Listele seçilir: Filtre butonlarından Listele seçilir

2021-11-12 17:49:02 - [MESSAGE][PASSED] - Filtre butonlarından Listele seçilir

2021-11-12 17:49:02 - [TEST_STEP][PASSED] - Tabloda veri var mı kontrol edilir: Tabloda veri var mı kontrol edilir

2021-11-12 17:49:02 - [MESSAGE][PASSED] - Tabloda veri var mı kontrol edilir

2021-11-12 17:49:02 - [TEST_STEP][PASSED] - Filtrelerden Firma Adı filtresine  textini yaz: Filtrelerden Firma Adı filtresine  textini yaz

2021-11-12 17:49:02 - [MESSAGE][PASSED] - Filtrelerden Firma Adı filtresine  textini yaz

2021-11-12 17:49:02 - [TEST_STEP][PASSED] - Filtrelerden VKN / TCKN filtresine  textini yaz: Filtrelerden VKN / TCKN filtresine  textini yaz

2021-11-12 17:49:02 - [MESSAGE][PASSED] - Filtrelerden VKN / TCKN filtresine  textini yaz

2021-11-12 17:49:02 - [TEST_STEP][PASSED] - Filtrelerden Kullanıcı Kodu filtresine  textini yaz: Filtrelerden Kullanıcı Kodu filtresine  textini yaz

2021-11-12 17:49:02 - [MESSAGE][PASSED] - Filtrelerden Kullanıcı Kodu filtresine  textini yaz

2021-11-12 17:49:02 - [TEST_STEP][PASSED] - Filtrelerden Firma Tipi filtresine Alt Firma dropdowndan degeri seçilir: Filtrelerden Firma Tipi filtresine Alt Firma dropdowndan degeri seçilir

2021-11-12 17:49:02 - [MESSAGE][PASSED] - Filtrelerden Firma Tipi filtresine Alt Firma dropdowndan degeri seçilir

2021-11-12 17:49:02 - [TEST_STEP][PASSED] - Filtre butonlarından Listele seçilir: Filtre butonlarından Listele seçilir

2021-11-12 17:49:02 - [MESSAGE][PASSED] - Filtre butonlarından Listele seçilir

2021-11-12 17:49:02 - [TEST_STEP][PASSED] - Tabloda veri var mı kontrol edilir: Tabloda veri var mı kontrol edilir

2021-11-12 17:49:02 - [MESSAGE][PASSED] - Tabloda veri var mı kontrol edilir

2021-11-12 17:49:02 - [TEST_STEP][PASSED] - Filtrelerden Firma Adı filtresine ELOGO6ALT textini yaz: Filtrelerden Firma Adı filtresine ELOGO6ALT textini yaz

2021-11-12 17:49:02 - [MESSAGE][PASSED] - Filtrelerden Firma Adı filtresine ELOGO6ALT textini yaz

2021-11-12 17:49:02 - [TEST_STEP][PASSED] - Filtre butonlarından Listele seçilir: Filtre butonlarından Listele seçilir

2021-11-12 17:49:02 - [MESSAGE][PASSED] - Filtre butonlarından Listele seçilir

2021-11-12 17:49:02 - [TEST_STEP][PASSED] - Filtrelerden Hizmet Açıklaması filtresine e-Fatura Gelen dropdowndan degeri seçilir: Filtrelerden Hizmet Açıklaması filtresine e-Fatura Gelen dropdowndan degeri seçilir

2021-11-12 17:49:02 - [MESSAGE][PASSED] - Filtrelerden Hizmet Açıklaması filtresine e-Fatura Gelen dropdowndan degeri seçilir

2021-11-12 17:49:02 - [TEST_STEP][PASSED] - Filtre butonlarından Listele seçilir: Filtre butonlarından Listele seçilir

2021-11-12 17:49:02 - [MESSAGE][PASSED] - Filtre butonlarından Listele seçilir

2021-11-12 17:49:02 - [TEST_STEP][PASSED] - Tabloda veri var mı kontrol edilir: Tabloda veri var mı kontrol edilir

2021-11-12 17:49:02 - [MESSAGE][PASSED] - Tabloda veri var mı kontrol edilir

2021-11-12 17:49:02 - [TEST_STEP][PASSED] - Filtrelerden Firma Adı filtresine  textini yaz: Filtrelerden Firma Adı filtresine  textini yaz

2021-11-12 17:49:02 - [MESSAGE][PASSED] - Filtrelerden Firma Adı filtresine  textini yaz

2021-11-12 17:49:02 - [TEST_STEP][PASSED] - Filtrelerden VKN / TCKN filtresine 1234567805 textini yaz: Filtrelerden VKN / TCKN filtresine 1234567805 textini yaz

2021-11-12 17:49:02 - [MESSAGE][PASSED] - Filtrelerden VKN / TCKN filtresine 1234567805 textini yaz

2021-11-12 17:49:02 - [TEST_STEP][PASSED] - Filtrelerden Hizmet Açıklaması filtresine Hepsi dropdowndan degeri seçilir: Filtrelerden Hizmet Açıklaması filtresine Hepsi dropdowndan degeri seçilir

2021-11-12 17:49:02 - [MESSAGE][PASSED] - Filtrelerden Hizmet Açıklaması filtresine Hepsi dropdowndan degeri seçilir

2021-11-12 17:49:02 - [TEST_STEP][PASSED] - Filtre butonlarından Listele seçilir: Filtre butonlarından Listele seçilir

2021-11-12 17:49:02 - [MESSAGE][PASSED] - Filtre butonlarından Listele seçilir

2021-11-12 17:49:02 - [TEST_STEP][PASSED] - Tabloda veri var mı kontrol edilir: Tabloda veri var mı kontrol edilir

2021-11-12 17:49:02 - [MESSAGE][PASSED] - Tabloda veri var mı kontrol edilir

2021-11-12 17:49:02 - [TEST_STEP][PASSED] - Filtrelerden VKN / TCKN filtresine  textini yaz: Filtrelerden VKN / TCKN filtresine  textini yaz

2021-11-12 17:49:02 - [MESSAGE][PASSED] - Filtrelerden VKN / TCKN filtresine  textini yaz

2021-11-12 17:49:02 - [TEST_STEP][PASSED] - Filtrelerden Kullanıcı Kodu filtresine ELOGO6ALT textini yaz: Filtrelerden Kullanıcı Kodu filtresine ELOGO6ALT textini yaz

2021-11-12 17:49:02 - [MESSAGE][PASSED] - Filtrelerden Kullanıcı Kodu filtresine ELOGO6ALT textini yaz

2021-11-12 17:49:02 - [TEST_STEP][PASSED] - Filtre butonlarından Listele seçilir: Filtre butonlarından Listele seçilir

2021-11-12 17:49:02 - [MESSAGE][PASSED] - Filtre butonlarından Listele seçilir

2021-11-12 17:49:02 - [TEST_STEP][PASSED] - Tabloda veri var mı kontrol edilir: Tabloda veri var mı kontrol edilir

2021-11-12 17:49:02 - [MESSAGE][PASSED] - Tabloda veri var mı kontrol edilir

2021-11-12 17:49:02 - [TEST_STEP][PASSED] - Filtrelerden Hizmet Açıklaması filtresine MT940 dropdowndan degeri seçilir: Filtrelerden Hizmet Açıklaması filtresine MT940 dropdowndan degeri seçilir

2021-11-12 17:49:02 - [MESSAGE][PASSED] - Filtrelerden Hizmet Açıklaması filtresine MT940 dropdowndan degeri seçilir

2021-11-12 17:49:02 - [TEST_STEP][PASSED] - Filtre butonlarından Listele seçilir: Filtre butonlarından Listele seçilir

2021-11-12 17:49:02 - [MESSAGE][PASSED] - Filtre butonlarından Listele seçilir

2021-11-12 17:49:02 - [TEST_STEP][PASSED] - Tabloda veri var mı kontrol edilir: Tabloda veri var mı kontrol edilir

2021-11-12 17:49:02 - [MESSAGE][PASSED] - Tabloda veri var mı kontrol edilir

2021-11-12 17:49:02 - [TEST_STEP][PASSED] - Filtrelerden Kullanıcı Kodu filtresine  textini yaz: Filtrelerden Kullanıcı Kodu filtresine  textini yaz

2021-11-12 17:49:02 - [MESSAGE][PASSED] - Filtrelerden Kullanıcı Kodu filtresine  textini yaz

2021-11-12 17:49:02 - [TEST_STEP][PASSED] - Filtrelerden Firma Tipi filtresine Tümü dropdowndan degeri seçilir: Filtrelerden Firma Tipi filtresine Tümü dropdowndan degeri seçilir

2021-11-12 17:49:02 - [MESSAGE][PASSED] - Filtrelerden Firma Tipi filtresine Tümü dropdowndan degeri seçilir

2021-11-12 17:49:02 - [TEST_STEP][PASSED] - Filtrelerden Hizmet Açıklaması filtresine Hepsi dropdowndan degeri seçilir: Filtrelerden Hizmet Açıklaması filtresine Hepsi dropdowndan degeri seçilir

2021-11-12 17:49:02 - [MESSAGE][PASSED] - Filtrelerden Hizmet Açıklaması filtresine Hepsi dropdowndan degeri seçilir

2021-11-12 17:49:02 - [TEST_STEP][PASSED] - Filtre butonlarından Listele seçilir: Filtre butonlarından Listele seçilir

2021-11-12 17:49:02 - [MESSAGE][PASSED] - Filtre butonlarından Listele seçilir

2021-11-12 17:49:02 - [TEST_STEP][PASSED] - Raporlar sayfa boyutu 20 olarak seçilir: Raporlar sayfa boyutu 20 olarak seçilir

2021-11-12 17:49:02 - [MESSAGE][PASSED] - Raporlar sayfa boyutu 20 olarak seçilir

2021-11-12 17:49:02 - [TEST_STEP][PASSED] - Sayfa butonlarından 2 numaralı sayfa butonuna tıklanır: Sayfa butonlarından 2 numaralı sayfa butonuna tıklanır

2021-11-12 17:49:02 - [MESSAGE][PASSED] - Sayfa butonlarından 2 numaralı sayfa butonuna tıklanır

2021-11-12 17:49:02 - [TEST_STEP][PASSED] - Tabloda veri var mı kontrol edilir: Tabloda veri var mı kontrol edilir

2021-11-12 17:49:02 - [MESSAGE][PASSED] - Tabloda veri var mı kontrol edilir

2021-11-12 17:49:02 - [TEST_STEP][PASSED] - Sayfa butonlarından 1 numaralı sayfa butonuna tıklanır: Sayfa butonlarından 1 numaralı sayfa butonuna tıklanır

2021-11-12 17:49:02 - [MESSAGE][PASSED] - Sayfa butonlarından 1 numaralı sayfa butonuna tıklanır

2021-11-12 17:49:02 - [TEST_STEP][PASSED] - Raporlar sayfa boyutu 10 olarak seçilir: Raporlar sayfa boyutu 10 olarak seçilir

2021-11-12 17:49:02 - [MESSAGE][PASSED] - Raporlar sayfa boyutu 10 olarak seçilir

2021-11-12 17:49:02 - [TEST_STEP][PASSED] - Sayfa butonlarından 2 numaralı sayfa butonuna tıklanır: Sayfa butonlarından 2 numaralı sayfa butonuna tıklanır

2021-11-12 17:49:02 - [MESSAGE][PASSED] - Sayfa butonlarından 2 numaralı sayfa butonuna tıklanır

2021-11-12 17:49:02 - [TEST_STEP][PASSED] - Tabloda veri var mı kontrol edilir: Tabloda veri var mı kontrol edilir

2021-11-12 17:49:02 - [MESSAGE][PASSED] - Tabloda veri var mı kontrol edilir

2021-11-12 17:49:02 - [TEST_STEP][PASSED] - Sayfa butonlarından 3 numaralı sayfa butonuna tıklanır: Sayfa butonlarından 3 numaralı sayfa butonuna tıklanır

2021-11-12 17:49:02 - [MESSAGE][PASSED] - Sayfa butonlarından 3 numaralı sayfa butonuna tıklanır

2021-11-12 17:49:02 - [TEST_STEP][PASSED] - Tabloda veri var mı kontrol edilir: Tabloda veri var mı kontrol edilir

2021-11-12 17:49:02 - [MESSAGE][PASSED] - Tabloda veri var mı kontrol edilir

2021-11-12 17:49:02 - [TEST_STEP][PASSED] - Sayfa butonlarından 1 numaralı sayfa butonuna tıklanır: Sayfa butonlarından 1 numaralı sayfa butonuna tıklanır

2021-11-12 17:49:02 - [MESSAGE][PASSED] - Sayfa butonlarından 1 numaralı sayfa butonuna tıklanır

2021-11-12 17:49:02 - [TEST_STEP][PASSED] - Raporlar sayfa boyutu 50 olarak seçilir: Raporlar sayfa boyutu 50 olarak seçilir

2021-11-12 17:49:02 - [MESSAGE][PASSED] - Raporlar sayfa boyutu 50 olarak seçilir

2021-11-12 17:49:02 - [TEST_STEP][PASSED] - Tabloda veri var mı kontrol edilir: Tabloda veri var mı kontrol edilir

2021-11-12 17:49:02 - [MESSAGE][PASSED] - Tabloda veri var mı kontrol edilir

2021-11-12 17:49:02 - [TEST_STEP][PASSED] - Butonlardan Excel isimli butona tıklanır: Butonlardan Excel isimli butona tıklanır

2021-11-12 17:49:02 - [MESSAGE][PASSED] - Butonlardan Excel isimli butona tıklanır

2021-11-12 17:49:02 - [TEST_STEP][PASSED] - Ön eki Kümülatif_Kontör_Raporu olan dosya indirildi mi: Ön eki Kümülatif_Kontör_Raporu olan dosya indirildi mi

2021-11-12 17:49:02 - [MESSAGE][PASSED] - Ön eki Kümülatif_Kontör_Raporu olan dosya indirildi mi

2021-11-12 17:49:02 - [TEST_STEP][PASSED] - Kullanıcı işlemlerinden Çıkış seçilir: Kullanıcı işlemlerinden Çıkış seçilir

2021-11-12 17:49:02 - [MESSAGE][PASSED] - Kullanıcı işlemlerinden Çıkış seçilir

2021-11-12 17:49:02 - [MESSAGE][PASSED] - Feature file: 'Include/features/Raporlar/Kümülatif Kontör Raporu/Ekran Kontrolü ve Excel Aktar.feature' was passed

2021-11-12 17:49:02 - [TEST_STEP][PASSED] - Start listener action : sampleAfterTestSuite: Invoke 'com.kms.katalon.core.annotation.AfterTestCase' method: 'Listener.sampleAfterTestSuite(...)' completed.

2021-11-12 17:49:02 - [MESSAGE][INFO] - Starting invoke 'com.kms.katalon.core.annotation.AfterTestCase' method: 'Listener.sampleAfterTestSuite(...)'

2021-11-12 17:49:02 - [TEST_STEP][PASSED] - closeBrowser(): Invoke 'com.kms.katalon.core.annotation.AfterTestCase' method: 'Listener.sampleAfterTestSuite(...)' completed.

2021-11-12 17:49:02 - [MESSAGE][INFO] - Closing browser

2021-11-12 17:49:02 - [MESSAGE][PASSED] - Browser is closed

2021-11-12 17:49:02 - [MESSAGE][INFO] - Invoke 'com.kms.katalon.core.annotation.AfterTestCase' method: 'Listener.sampleAfterTestSuite(...)' completed.]]></system-out>
         <system-err><![CDATA[]]></system-err>
      </testcase>
      <system-out><![CDATA[2021-11-12 17:45:11 - [TEST_SUITE][PASSED] - Raporlar: Test Cases/Case Repository/Raporlar/Kümülatif Kontrol Raporu/Ekran Kontrolü ve Excel Aktar]]></system-out>
      <system-err><![CDATA[]]></system-err>
   </testsuite>
</testsuites>
