<?xml version="1.0" encoding="UTF-8"?>
<testsuites name="e-Arsiv" time="149.946" tests="1" failures="0" errors="0">
   <testsuite name="e-Arsiv" tests="1" failures="0" errors="0" time="149.946" skipped="0" timestamp="2021-11-12 17:49:24" hostname="DELL - DESKTOP-QBVMTUG" id="">
      <properties>
         <property name="deviceName" value=""/>
         <property name="devicePlatform" value=""/>
         <property name="logFolder" value="C:\\Users\\DELL\\Documents\\GitHub\\EES_KatalonLogo\\Reports\\20211112_172624\\Suite Repository\\e-Arsiv\\20211112_172624"/>
         <property name="logFiles" value="C:\\Users\\DELL\\Documents\\GitHub\\EES_KatalonLogo\\Reports\\20211112_172624\\Suite Repository\\e-Arsiv\\20211112_172624\\execution0.log"/>
         <property name="attachments" value=""/>
         <property name="hostName" value="DELL - DESKTOP-QBVMTUG"/>
         <property name="os" value="Windows 10 64bit"/>
         <property name="katalonVersion" value="8.0.5.208"/>
         <property name="browser" value="Chrome 95.0.4638.69"/>
         <property name="hostAddress" value="192.168.1.18"/>
         <property name="sessionId" value="b25d819960fba5cbeeffcd3902c96565"/>
         <property name="seleniumVersion" value="3.141.59"/>
         <property name="proxyInformation" value="ProxyInformation { proxyOption=NO_PROXY, proxyServerType=HTTP, username=, password=********, proxyServerAddress=, proxyServerPort=0, executionList=&quot;&quot;, isApplyToDesiredCapabilities=true }"/>
         <property name="platform" value="Windows 10"/>
      </properties>
      <testcase name="Test Cases/Case Repository/e-Arsiv/e-Arsiv Araclari/e-Arsiv Fatura Olusturma/Ekle/Elektronik-Satis Tipinde" time="142.602" classname="Test Cases/Case Repository/e-Arsiv/e-Arsiv Araclari/e-Arsiv Fatura Olusturma/Ekle/Elektronik-Satis Tipinde" status="PASSED">
         <system-out><![CDATA[2021-11-12 17:49:24 - [TEST_CASE][PASSED] - Test Cases/Case Repository/e-Arsiv/e-Arsiv Araclari/e-Arsiv Fatura Olusturma/Ekle/Elektronik-Satis Tipinde: Test Cases/Case Repository/e-Arsiv/e-Arsiv Araclari/e-Arsiv Fatura Olusturma/Ekle/Elektronik-Satis Tipinde

2021-11-12 17:49:24 - [TEST_STEP][PASSED] - Start listener action : sampleBeforeTestSuite: Invoke 'com.kms.katalon.core.annotation.BeforeTestCase' method: 'Listener.sampleBeforeTestSuite(...)' completed.

2021-11-12 17:49:24 - [MESSAGE][INFO] - Starting invoke 'com.kms.katalon.core.annotation.BeforeTestCase' method: 'Listener.sampleBeforeTestSuite(...)'

2021-11-12 17:49:24 - [TEST_STEP][PASSED] - openBrowser(baseUrl): Browser is opened with url: 'https://efatura-stage.elogo.com.tr/'

2021-11-12 17:49:26 - [MESSAGE][INFO] - Opening browser

2021-11-12 17:49:26 - [MESSAGE][INFO] - Starting 'Chrome' driver

2021-11-12 17:49:26 - [MESSAGE][INFO] - User set preference: ['prefs', '{download.default_directory=C:\otomasyondownfiles}']

2021-11-12 17:49:26 - [MESSAGE][INFO] - Action delay is set to 0 milliseconds

2021-11-12 17:49:30 - [MESSAGE][INFO] - Navigating browser to: 'https://efatura-stage.elogo.com.tr/'

2021-11-12 17:49:32 - [MESSAGE][PASSED] - Browser is opened with url: 'https://efatura-stage.elogo.com.tr/'

2021-11-12 17:49:32 - [TEST_STEP][PASSED] - maximizeWindow(): Invoke 'com.kms.katalon.core.annotation.BeforeTestCase' method: 'Listener.sampleBeforeTestSuite(...)' completed.

2021-11-12 17:49:32 - [MESSAGE][INFO] - Maximizing current window

2021-11-12 17:49:32 - [MESSAGE][PASSED] - Current window maximized

2021-11-12 17:49:32 - [MESSAGE][INFO] - Invoke 'com.kms.katalon.core.annotation.BeforeTestCase' method: 'Listener.sampleBeforeTestSuite(...)' completed.

2021-11-12 17:49:33 - [TEST_STEP][PASSED] - runFeatureFile("Include/features/e-Arsiv/e-Arsiv Araclari/e-Arsiv Fatura Olusturma/Ekle/Elektronik ve Satis Tipinde.feature"): Feature file: 'Include/features/e-Arsiv/e-Arsiv Araclari/e-Arsiv Fatura Olusturma/Ekle/Elektronik ve Satis Tipinde.feature' was passed

2021-11-12 17:49:33 - [MESSAGE][INFO] - Starting run keyword runFeatureFile: 'Include/features/e-Arsiv/e-Arsiv Araclari/e-Arsiv Fatura Olusturma/Ekle/Elektronik ve Satis Tipinde.feature' and extract report to folder: 'C:\Users\DELL\Documents\GitHub\EES_KatalonLogo\Reports\20211112_172624\Suite Repository\e-Arsiv\20211112_172624/cucumber_report/1636728573442'...

2021-11-12 17:49:33 - [MESSAGE][INFO] - Glue: []

2021-11-12 17:49:36 - [MESSAGE][INFO] - Checking called Test Case

2021-11-12 17:49:36 - [MESSAGE][INFO] - Starting to call Test Case 'Test Cases/Sayfalar/Giris_Sayfasi/Login'

2021-11-12 17:49:36 - [TEST_CASE][PASSED] - Test Cases/Sayfalar/Giris_Sayfasi/Login: Test Cases/Sayfalar/Giris_Sayfasi/Login

2021-11-12 17:49:37 - [TEST_STEP][PASSED] - Sayfa_Basligi = getWindowTitle(): Current window's title is: 'LOGO e-Fatura'

2021-11-12 17:49:37 - [MESSAGE][INFO] - Getting current window's title

2021-11-12 17:49:37 - [MESSAGE][PASSED] - Current window's title is: 'LOGO e-Fatura'

2021-11-12 17:49:37 - [TEST_STEP][PASSED] - verifyMatch(Sayfa_Basligi, "LOGO e-Fatura", false): Actual text 'LOGO e-Fatura' and expected text 'LOGO e-Fatura' are matched 

2021-11-12 17:49:37 - [MESSAGE][INFO] - Matching actual text 'LOGO e-Fatura' with expected text 'LOGO e-Fatura'

2021-11-12 17:49:37 - [MESSAGE][PASSED] - Actual text 'LOGO e-Fatura' and expected text 'LOGO e-Fatura' are matched 

2021-11-12 17:49:37 - [TEST_STEP][PASSED] - sendKeys(findTestObject("Sayfalar/Giris_Sayfasi/Firma_Kodu"), KullaniciAdi): Keys 'ELOGO6' sent to object: 'Object Repository/Sayfalar/Giris_Sayfasi/Firma_Kodu'

2021-11-12 17:49:37 - [MESSAGE][INFO] - Finding Test Object 'Object Repository/Sayfalar/Giris_Sayfasi/Firma_Kodu'

2021-11-12 17:49:37 - [MESSAGE][INFO] - Sending keys 'ELOGO6' to object: 'Object Repository/Sayfalar/Giris_Sayfasi/Firma_Kodu'

2021-11-12 17:49:37 - [MESSAGE][INFO] - Finding web element from Test Object's properties

2021-11-12 17:49:37 - [MESSAGE][INFO] - Checking timeout

2021-11-12 17:49:37 - [MESSAGE][INFO] - Finding web element with id: 'Object Repository/Sayfalar/Giris_Sayfasi/Firma_Kodu' located by 'By.xpath: //*[@id = 'AccountName']' in '30' second(s)

2021-11-12 17:49:37 - [MESSAGE][INFO] - Smart Wait Function is triggered

2021-11-12 17:49:37 - [MESSAGE][INFO] - Found 1 web elements with id: 'Object Repository/Sayfalar/Giris_Sayfasi/Firma_Kodu' located by 'By.xpath: //*[@id = 'AccountName']' in '30' second(s)

2021-11-12 17:49:38 - [MESSAGE][PASSED] - Keys 'ELOGO6' sent to object: 'Object Repository/Sayfalar/Giris_Sayfasi/Firma_Kodu'

2021-11-12 17:49:38 - [TEST_STEP][PASSED] - sendKeys(findTestObject("Sayfalar/Giris_Sayfasi/Sifre"), Sifre): Keys '123456' sent to object: 'Object Repository/Sayfalar/Giris_Sayfasi/Sifre'

2021-11-12 17:49:38 - [MESSAGE][INFO] - Finding Test Object 'Object Repository/Sayfalar/Giris_Sayfasi/Sifre'

2021-11-12 17:49:38 - [MESSAGE][INFO] - Sending keys '123456' to object: 'Object Repository/Sayfalar/Giris_Sayfasi/Sifre'

2021-11-12 17:49:38 - [MESSAGE][INFO] - Finding web element from Test Object's properties

2021-11-12 17:49:38 - [MESSAGE][INFO] - Checking timeout

2021-11-12 17:49:38 - [MESSAGE][INFO] - Finding web element with id: 'Object Repository/Sayfalar/Giris_Sayfasi/Sifre' located by 'By.xpath: //*[@id = 'Password']' in '30' second(s)

2021-11-12 17:49:38 - [MESSAGE][INFO] - Smart Wait Function is triggered

2021-11-12 17:49:38 - [MESSAGE][INFO] - Found 1 web elements with id: 'Object Repository/Sayfalar/Giris_Sayfasi/Sifre' located by 'By.xpath: //*[@id = 'Password']' in '30' second(s)

2021-11-12 17:49:38 - [MESSAGE][PASSED] - Keys '123456' sent to object: 'Object Repository/Sayfalar/Giris_Sayfasi/Sifre'

2021-11-12 17:49:38 - [TEST_STEP][PASSED] - findWebElement(findTestObject("Sayfalar/Giris_Sayfasi/Giris_Butonu")).click(): Found 1 web elements with id: 'Object Repository/Sayfalar/Giris_Sayfasi/Giris_Butonu' located by 'By.cssSelector: #btnLogin' in '30' second(s)

2021-11-12 17:49:38 - [MESSAGE][INFO] - Finding Test Object 'Object Repository/Sayfalar/Giris_Sayfasi/Giris_Butonu'

2021-11-12 17:49:38 - [MESSAGE][INFO] - Finding web element from Test Object's properties

2021-11-12 17:49:38 - [MESSAGE][INFO] - Checking timeout

2021-11-12 17:49:38 - [MESSAGE][INFO] - Finding web element with id: 'Object Repository/Sayfalar/Giris_Sayfasi/Giris_Butonu' located by 'By.cssSelector: #btnLogin' in '30' second(s)

2021-11-12 17:49:38 - [MESSAGE][INFO] - Smart Wait Function is triggered

2021-11-12 17:49:39 - [MESSAGE][INFO] - Found 1 web elements with id: 'Object Repository/Sayfalar/Giris_Sayfasi/Giris_Butonu' located by 'By.cssSelector: #btnLogin' in '30' second(s)

2021-11-12 17:49:41 - [TEST_STEP][PASSED] - if (verifyElementPresent(findTestObject("Object Repository/Sayfalar/Giris_Sayfasi/RetveTamam_Butonu"), 5, OPTIONAL)): null

2021-11-12 17:49:41 - [MESSAGE][INFO] - Finding Test Object 'Object Repository/Sayfalar/Giris_Sayfasi/RetveTamam_Butonu'

2021-11-12 17:49:41 - [MESSAGE][INFO] - Checking object

2021-11-12 17:49:41 - [MESSAGE][INFO] - Finding web element from Test Object's properties

2021-11-12 17:49:41 - [MESSAGE][INFO] - Checking timeout

2021-11-12 17:49:41 - [MESSAGE][INFO] - Finding web element with id: 'Object Repository/Sayfalar/Giris_Sayfasi/RetveTamam_Butonu' located by 'By.xpath: //*[@class = 'btn btn-default']' in '5' second(s)

2021-11-12 17:49:41 - [MESSAGE][INFO] - Smart Wait Function is triggered

2021-11-12 17:49:42 - [MESSAGE][INFO] - Found 1 web elements with id: 'Object Repository/Sayfalar/Giris_Sayfasi/RetveTamam_Butonu' located by 'By.xpath: //*[@class = 'btn btn-default']' in '5' second(s)

2021-11-12 17:49:42 - [MESSAGE][PASSED] - Object 'Object Repository/Sayfalar/Giris_Sayfasi/RetveTamam_Butonu' is present

2021-11-12 17:49:42 - [TEST_STEP][PASSED] - click(findTestObject("Object Repository/Sayfalar/Giris_Sayfasi/RetveTamam_Butonu")): Object: 'Object Repository/Sayfalar/Giris_Sayfasi/RetveTamam_Butonu' is clicked on

2021-11-12 17:49:42 - [MESSAGE][INFO] - Finding Test Object 'Object Repository/Sayfalar/Giris_Sayfasi/RetveTamam_Butonu'

2021-11-12 17:49:42 - [MESSAGE][INFO] - Checking object

2021-11-12 17:49:42 - [MESSAGE][INFO] - Finding web element from Test Object's properties

2021-11-12 17:49:42 - [MESSAGE][INFO] - Checking timeout

2021-11-12 17:49:42 - [MESSAGE][INFO] - Finding web element with id: 'Object Repository/Sayfalar/Giris_Sayfasi/RetveTamam_Butonu' located by 'By.xpath: //*[@class = 'btn btn-default']' in '30' second(s)

2021-11-12 17:49:42 - [MESSAGE][INFO] - Smart Wait Function is triggered

2021-11-12 17:49:42 - [MESSAGE][INFO] - Found 1 web elements with id: 'Object Repository/Sayfalar/Giris_Sayfasi/RetveTamam_Butonu' located by 'By.xpath: //*[@class = 'btn btn-default']' in '30' second(s)

2021-11-12 17:49:42 - [MESSAGE][INFO] - Clicking on object: 'Object Repository/Sayfalar/Giris_Sayfasi/RetveTamam_Butonu'

2021-11-12 17:49:42 - [MESSAGE][PASSED] - Object: 'Object Repository/Sayfalar/Giris_Sayfasi/RetveTamam_Butonu' is clicked on

2021-11-12 17:49:42 - [TEST_STEP][PASSED] - click(findTestObject("Object Repository/Sayfalar/Giris_Sayfasi/RetveTamam_Butonu")): Object: 'Object Repository/Sayfalar/Giris_Sayfasi/RetveTamam_Butonu' is clicked on

2021-11-12 17:49:42 - [MESSAGE][INFO] - Finding Test Object 'Object Repository/Sayfalar/Giris_Sayfasi/RetveTamam_Butonu'

2021-11-12 17:49:42 - [MESSAGE][INFO] - Checking object

2021-11-12 17:49:42 - [MESSAGE][INFO] - Finding web element from Test Object's properties

2021-11-12 17:49:42 - [MESSAGE][INFO] - Checking timeout

2021-11-12 17:49:42 - [MESSAGE][INFO] - Finding web element with id: 'Object Repository/Sayfalar/Giris_Sayfasi/RetveTamam_Butonu' located by 'By.xpath: //*[@class = 'btn btn-default']' in '30' second(s)

2021-11-12 17:49:42 - [MESSAGE][INFO] - Smart Wait Function is triggered

2021-11-12 17:49:45 - [MESSAGE][INFO] - Found 1 web elements with id: 'Object Repository/Sayfalar/Giris_Sayfasi/RetveTamam_Butonu' located by 'By.xpath: //*[@class = 'btn btn-default']' in '30' second(s)

2021-11-12 17:49:45 - [MESSAGE][INFO] - Clicking on object: 'Object Repository/Sayfalar/Giris_Sayfasi/RetveTamam_Butonu'

2021-11-12 17:49:45 - [MESSAGE][PASSED] - Object: 'Object Repository/Sayfalar/Giris_Sayfasi/RetveTamam_Butonu' is clicked on

2021-11-12 17:49:45 - [TEST_STEP][PASSED] - if (verifyElementPresent(findTestObject("Sayfalar/Giris_Sayfasi/PopupOK"), 5, OPTIONAL)): null

2021-11-12 17:49:45 - [MESSAGE][INFO] - Finding Test Object 'Object Repository/Sayfalar/Giris_Sayfasi/PopupOK'

2021-11-12 17:49:45 - [MESSAGE][INFO] - Checking object

2021-11-12 17:49:45 - [MESSAGE][INFO] - Finding web element from Test Object's properties

2021-11-12 17:49:45 - [MESSAGE][INFO] - Checking timeout

2021-11-12 17:49:45 - [MESSAGE][INFO] - Finding web element with id: 'Object Repository/Sayfalar/Giris_Sayfasi/PopupOK' located by 'By.cssSelector: .btn.btn-success' in '5' second(s)

2021-11-12 17:49:45 - [MESSAGE][INFO] - Smart Wait Function is triggered

2021-11-12 17:49:46 - [MESSAGE][INFO] - Found 1 web elements with id: 'Object Repository/Sayfalar/Giris_Sayfasi/PopupOK' located by 'By.cssSelector: .btn.btn-success' in '5' second(s)

2021-11-12 17:49:46 - [MESSAGE][PASSED] - Object 'Object Repository/Sayfalar/Giris_Sayfasi/PopupOK' is present

2021-11-12 17:49:46 - [TEST_STEP][PASSED] - click(findTestObject("Object Repository/Sayfalar/Giris_Sayfasi/PopupCarpiGiris")): Object: 'Object Repository/Sayfalar/Giris_Sayfasi/PopupCarpiGiris' is clicked on

2021-11-12 17:49:46 - [MESSAGE][INFO] - Finding Test Object 'Object Repository/Sayfalar/Giris_Sayfasi/PopupCarpiGiris'

2021-11-12 17:49:46 - [MESSAGE][INFO] - Checking object

2021-11-12 17:49:46 - [MESSAGE][INFO] - Finding web element from Test Object's properties

2021-11-12 17:49:46 - [MESSAGE][INFO] - Checking timeout

2021-11-12 17:49:46 - [MESSAGE][INFO] - Finding web element with id: 'Object Repository/Sayfalar/Giris_Sayfasi/PopupCarpiGiris' located by 'By.cssSelector: .bootbox-close-button.close' in '30' second(s)

2021-11-12 17:49:46 - [MESSAGE][INFO] - Smart Wait Function is triggered

2021-11-12 17:49:46 - [MESSAGE][INFO] - Found 1 web elements with id: 'Object Repository/Sayfalar/Giris_Sayfasi/PopupCarpiGiris' located by 'By.cssSelector: .bootbox-close-button.close' in '30' second(s)

2021-11-12 17:49:46 - [MESSAGE][INFO] - Clicking on object: 'Object Repository/Sayfalar/Giris_Sayfasi/PopupCarpiGiris'

2021-11-12 17:49:46 - [MESSAGE][PASSED] - Object: 'Object Repository/Sayfalar/Giris_Sayfasi/PopupCarpiGiris' is clicked on

2021-11-12 17:49:46 - [TEST_STEP][PASSED] - verifyElementVisible(findTestObject("Object Repository/Kullanici_Islemleri/KullaniciIslemleri")): Object 'Object Repository/Kullanici_Islemleri/KullaniciIslemleri' is visible

2021-11-12 17:49:46 - [MESSAGE][INFO] - Finding Test Object 'Object Repository/Kullanici_Islemleri/KullaniciIslemleri'

2021-11-12 17:49:47 - [MESSAGE][INFO] - Checking object

2021-11-12 17:49:47 - [MESSAGE][INFO] - Finding web element from Test Object's properties

2021-11-12 17:49:47 - [MESSAGE][INFO] - Checking timeout

2021-11-12 17:49:47 - [MESSAGE][INFO] - Finding web element with id: 'Object Repository/Kullanici_Islemleri/KullaniciIslemleri' located by 'By.cssSelector: .dropdown>a>img' in '30' second(s)

2021-11-12 17:49:47 - [MESSAGE][INFO] - Smart Wait Function is triggered

2021-11-12 17:49:47 - [MESSAGE][INFO] - Found 1 web elements with id: 'Object Repository/Kullanici_Islemleri/KullaniciIslemleri' located by 'By.cssSelector: .dropdown>a>img' in '30' second(s)

2021-11-12 17:49:47 - [MESSAGE][PASSED] - Object 'Object Repository/Kullanici_Islemleri/KullaniciIslemleri' is visible

2021-11-12 17:49:47 - [MESSAGE][PASSED] - Call Test Case 'Test Cases/Sayfalar/Giris_Sayfasi/Login' successfully

2021-11-12 17:49:47 - [MESSAGE][INFO] - Checking called Test Case

2021-11-12 17:49:47 - [MESSAGE][INFO] - Starting to call Test Case 'Test Cases/Menu/AnaMenuSecimi'

2021-11-12 17:49:47 - [TEST_CASE][PASSED] - Test Cases/Menu/AnaMenuSecimi: Test Cases/Menu/AnaMenuSecimi

2021-11-12 17:49:48 - [TEST_STEP][PASSED] - Method.TextDegerineEsitElementeTikla(findTestObject("Menu/Ana_Menu"), Ana_Menu): Method.TextDegerineEsitElementeTikla is PASSED

2021-11-12 17:49:48 - [MESSAGE][INFO] - Finding Test Object 'Object Repository/Menu/Ana_Menu'

2021-11-12 17:49:48 - [MESSAGE][INFO] - Checking timeout

2021-11-12 17:49:48 - [MESSAGE][INFO] - Finding web element with id: 'Object Repository/Menu/Ana_Menu' located by 'By.xpath: //*[@class = 'dropdown-toggle']' in '10' second(s)

2021-11-12 17:49:48 - [MESSAGE][INFO] - Smart Wait Function is triggered

2021-11-12 17:49:49 - [MESSAGE][INFO] - Found 14 web elements with id: 'Object Repository/Menu/Ana_Menu' located by 'By.xpath: //*[@class = 'dropdown-toggle']' in '10' second(s)

2021-11-12 17:49:49 - [MESSAGE][PASSED] - Method.TextDegerineEsitElementeTikla is PASSED

2021-11-12 17:49:49 - [MESSAGE][PASSED] - Call Test Case 'Test Cases/Menu/AnaMenuSecimi' successfully

2021-11-12 17:49:49 - [MESSAGE][INFO] - Checking called Test Case

2021-11-12 17:49:49 - [MESSAGE][INFO] - Starting to call Test Case 'Test Cases/Menu/BasligaGoreAltMenuSecimi'

2021-11-12 17:49:49 - [TEST_CASE][PASSED] - Test Cases/Menu/BasligaGoreAltMenuSecimi: Test Cases/Menu/BasligaGoreAltMenuSecimi

2021-11-12 17:49:50 - [TEST_STEP][PASSED] - Method.TextDegerineEsitElementinAltindakiTextDegerineEsitOlanaTikla(findTestObject("Menu/Menu_Basligi"), findTestObject("Menu/Basliga_Gore_Alt_Menu"), Baslik, Alt_Menu): Method.TextDegerineEsitElementinAltindakiTextDegerineEsitOlanaTikla is PASSED

2021-11-12 17:49:50 - [MESSAGE][INFO] - Finding Test Object 'Object Repository/Menu/Menu_Basligi'

2021-11-12 17:49:50 - [MESSAGE][INFO] - Finding Test Object 'Object Repository/Menu/Basliga_Gore_Alt_Menu'

2021-11-12 17:49:50 - [MESSAGE][INFO] - Checking timeout

2021-11-12 17:49:50 - [MESSAGE][INFO] - Finding web element with id: 'Object Repository/Menu/Menu_Basligi' located by 'By.xpath: //li[@class='dropdown dropdown-large open']//li[@class='dropdown-header']' in '10' second(s)

2021-11-12 17:49:50 - [MESSAGE][INFO] - Smart Wait Function is triggered

2021-11-12 17:49:50 - [MESSAGE][INFO] - Found 2 web elements with id: 'Object Repository/Menu/Menu_Basligi' located by 'By.xpath: //li[@class='dropdown dropdown-large open']//li[@class='dropdown-header']' in '10' second(s)

2021-11-12 17:49:50 - [MESSAGE][INFO] - Smart Wait Function is triggered

2021-11-12 17:49:53 - [MESSAGE][PASSED] - Method.TextDegerineEsitElementinAltindakiTextDegerineEsitOlanaTikla is PASSED

2021-11-12 17:49:53 - [MESSAGE][PASSED] - Call Test Case 'Test Cases/Menu/BasligaGoreAltMenuSecimi' successfully

2021-11-12 17:49:53 - [MESSAGE][INFO] - Checking called Test Case

2021-11-12 17:49:53 - [MESSAGE][INFO] - Starting to call Test Case 'Test Cases/Tablo/Olusturma Tarihi'

2021-11-12 17:49:53 - [TEST_CASE][PASSED] - Test Cases/Tablo/Olusturma Tarihi: Test Cases/Tablo/Olusturma Tarihi

2021-11-12 17:49:53 - [TEST_STEP][PASSED] - if (verifyTextNotPresent("Görüntülenecek veri yok", true, OPTIONAL)): null

2021-11-12 17:49:53 - [MESSAGE][INFO] - Checking text present  using regular expression

2021-11-12 17:49:53 - [MESSAGE][INFO] - Smart Wait Function is triggered

2021-11-12 17:49:54 - [MESSAGE][INFO] - Finding text 'Görüntülenecek veri yok' on page  using regular expression

2021-11-12 17:49:54 - [MESSAGE][PASSED] - Text 'Görüntülenecek veri yok' is not present on page using regular expression

2021-11-12 17:49:54 - [TEST_STEP][PASSED] - click(findTestObject("Temizle/Olusturma_Tarihi_CheckBox")): Object: 'Object Repository/Temizle/Olusturma_Tarihi_CheckBox' is clicked on

2021-11-12 17:49:54 - [MESSAGE][INFO] - Finding Test Object 'Object Repository/Temizle/Olusturma_Tarihi_CheckBox'

2021-11-12 17:49:54 - [MESSAGE][INFO] - Checking object

2021-11-12 17:49:54 - [MESSAGE][INFO] - Finding web element from Test Object's properties

2021-11-12 17:49:54 - [MESSAGE][INFO] - Checking timeout

2021-11-12 17:49:54 - [MESSAGE][INFO] - Finding web element with id: 'Object Repository/Temizle/Olusturma_Tarihi_CheckBox' located by 'By.xpath: //*[@title = 'Bu sayfadaki tüm satırları Seç']' in '30' second(s)

2021-11-12 17:49:54 - [MESSAGE][INFO] - Smart Wait Function is triggered

2021-11-12 17:49:54 - [MESSAGE][INFO] - Found 1 web elements with id: 'Object Repository/Temizle/Olusturma_Tarihi_CheckBox' located by 'By.xpath: //*[@title = 'Bu sayfadaki tüm satırları Seç']' in '30' second(s)

2021-11-12 17:49:54 - [MESSAGE][INFO] - Clicking on object: 'Object Repository/Temizle/Olusturma_Tarihi_CheckBox'

2021-11-12 17:49:54 - [MESSAGE][PASSED] - Object: 'Object Repository/Temizle/Olusturma_Tarihi_CheckBox' is clicked on

2021-11-12 17:49:54 - [TEST_STEP][PASSED] - Method.TextDegerineEsitElementeTiklaEquals(findTestObject("Butonlar/Butonlar"), "Sil"): Method.TextDegerineEsitElementeTiklaEquals is PASSED

2021-11-12 17:49:54 - [MESSAGE][INFO] - Finding Test Object 'Object Repository/Butonlar/Butonlar'

2021-11-12 17:49:54 - [MESSAGE][INFO] - Checking timeout

2021-11-12 17:49:54 - [MESSAGE][INFO] - Finding web element with id: 'Object Repository/Butonlar/Butonlar' located by 'By.cssSelector: .panel.panel-default.text-center.footerPanel .btn,.btn.btn-primary.btnControls' in '10' second(s)

2021-11-12 17:49:54 - [MESSAGE][INFO] - Smart Wait Function is triggered

2021-11-12 17:49:55 - [MESSAGE][INFO] - Found 10 web elements with id: 'Object Repository/Butonlar/Butonlar' located by 'By.cssSelector: .panel.panel-default.text-center.footerPanel .btn,.btn.btn-primary.btnControls' in '10' second(s)

2021-11-12 17:49:55 - [MESSAGE][PASSED] - Method.TextDegerineEsitElementeTiklaEquals is PASSED

2021-11-12 17:49:55 - [TEST_STEP][PASSED] - Method.TextDegerineEsitElementeTikla(findTestObject("Popup/Popup_Butons"), "Evet"): Method.TextDegerineEsitElementeTikla is PASSED

2021-11-12 17:49:55 - [MESSAGE][INFO] - Finding Test Object 'Object Repository/Popup/Popup_Butons'

2021-11-12 17:49:55 - [MESSAGE][INFO] - Checking timeout

2021-11-12 17:49:55 - [MESSAGE][INFO] - Finding web element with id: 'Object Repository/Popup/Popup_Butons' located by 'By.cssSelector: .modal-footer>button' in '10' second(s)

2021-11-12 17:49:55 - [MESSAGE][INFO] - Smart Wait Function is triggered

2021-11-12 17:49:56 - [MESSAGE][INFO] - Found 2 web elements with id: 'Object Repository/Popup/Popup_Butons' located by 'By.cssSelector: .modal-footer>button' in '10' second(s)

2021-11-12 17:49:56 - [MESSAGE][PASSED] - Method.TextDegerineEsitElementeTikla is PASSED

2021-11-12 17:49:56 - [TEST_STEP][PASSED] - Method.TextDegerineEsitElementeTikla(findTestObject("Popup/Popup_Butons"), "Tamam"): Method.TextDegerineEsitElementeTikla is PASSED

2021-11-12 17:49:56 - [MESSAGE][INFO] - Finding Test Object 'Object Repository/Popup/Popup_Butons'

2021-11-12 17:49:56 - [MESSAGE][INFO] - Checking timeout

2021-11-12 17:49:56 - [MESSAGE][INFO] - Finding web element with id: 'Object Repository/Popup/Popup_Butons' located by 'By.cssSelector: .modal-footer>button' in '10' second(s)

2021-11-12 17:49:56 - [MESSAGE][INFO] - Smart Wait Function is triggered

2021-11-12 17:49:57 - [MESSAGE][INFO] - Found 1 web elements with id: 'Object Repository/Popup/Popup_Butons' located by 'By.cssSelector: .modal-footer>button' in '10' second(s)

2021-11-12 17:49:57 - [MESSAGE][PASSED] - Method.TextDegerineEsitElementeTikla is PASSED

2021-11-12 17:49:57 - [MESSAGE][PASSED] - Call Test Case 'Test Cases/Tablo/Olusturma Tarihi' successfully

2021-11-12 17:49:57 - [MESSAGE][INFO] - Checking called Test Case

2021-11-12 17:49:57 - [MESSAGE][INFO] - Starting to call Test Case 'Test Cases/Butonlar/ButonaTikla'

2021-11-12 17:49:57 - [TEST_CASE][PASSED] - Test Cases/Butonlar/ButonaTikla: Test Cases/Butonlar/ButonaTikla

2021-11-12 17:49:58 - [TEST_STEP][PASSED] - Method.TextDegerineEsitElementeTiklaEquals(findTestObject("Butonlar/Butonlar"), Buton_Adi): Method.TextDegerineEsitElementeTiklaEquals is PASSED

2021-11-12 17:49:58 - [MESSAGE][INFO] - Finding Test Object 'Object Repository/Butonlar/Butonlar'

2021-11-12 17:49:58 - [MESSAGE][INFO] - Checking timeout

2021-11-12 17:49:58 - [MESSAGE][INFO] - Finding web element with id: 'Object Repository/Butonlar/Butonlar' located by 'By.cssSelector: .panel.panel-default.text-center.footerPanel .btn,.btn.btn-primary.btnControls' in '10' second(s)

2021-11-12 17:49:58 - [MESSAGE][INFO] - Smart Wait Function is triggered

2021-11-12 17:49:59 - [MESSAGE][INFO] - Found 10 web elements with id: 'Object Repository/Butonlar/Butonlar' located by 'By.cssSelector: .panel.panel-default.text-center.footerPanel .btn,.btn.btn-primary.btnControls' in '10' second(s)

2021-11-12 17:49:59 - [MESSAGE][PASSED] - Method.TextDegerineEsitElementeTiklaEquals is PASSED

2021-11-12 17:49:59 - [MESSAGE][PASSED] - Call Test Case 'Test Cases/Butonlar/ButonaTikla' successfully

2021-11-12 17:49:59 - [MESSAGE][INFO] - Checking called Test Case

2021-11-12 17:49:59 - [MESSAGE][INFO] - Starting to call Test Case 'Test Cases/Olusturma/Genel/GorselTasarimSayfasıBasligiIceriyorMu'

2021-11-12 17:49:59 - [TEST_CASE][PASSED] - Test Cases/Olusturma/Genel/GorselTasarimSayfasıBasligiIceriyorMu: Test Cases/Olusturma/Genel/GorselTasarimSayfasıBasligiIceriyorMu

2021-11-12 17:50:00 - [TEST_STEP][PASSED] - verifyElementText(findTestObject("Object Repository/Olusturma/Genel/GorselTasarimBaslik"), Baslik): Actual text and expected text of test object 'Object Repository/Olusturma/Genel/GorselTasarimBaslik' are matched.

2021-11-12 17:50:00 - [MESSAGE][INFO] - Finding Test Object 'Object Repository/Olusturma/Genel/GorselTasarimBaslik'

2021-11-12 17:50:00 - [MESSAGE][INFO] - Checking object

2021-11-12 17:50:00 - [MESSAGE][INFO] - Finding web element from Test Object's properties

2021-11-12 17:50:00 - [MESSAGE][INFO] - Checking timeout

2021-11-12 17:50:00 - [MESSAGE][INFO] - Finding web element with id: 'Object Repository/Olusturma/Genel/GorselTasarimBaslik' located by 'By.cssSelector: #flAlici_0>div>span' in '30' second(s)

2021-11-12 17:50:00 - [MESSAGE][INFO] - Smart Wait Function is triggered

2021-11-12 17:50:06 - [MESSAGE][INFO] - Found 1 web elements with id: 'Object Repository/Olusturma/Genel/GorselTasarimBaslik' located by 'By.cssSelector: #flAlici_0>div>span' in '30' second(s)

2021-11-12 17:50:06 - [MESSAGE][PASSED] - Actual text and expected text of test object 'Object Repository/Olusturma/Genel/GorselTasarimBaslik' are matched.

2021-11-12 17:50:06 - [MESSAGE][PASSED] - Call Test Case 'Test Cases/Olusturma/Genel/GorselTasarimSayfasıBasligiIceriyorMu' successfully

2021-11-12 17:50:06 - [MESSAGE][INFO] - Checking called Test Case

2021-11-12 17:50:06 - [MESSAGE][INFO] - Starting to call Test Case 'Test Cases/Olusturma/Genel/AliciSecilir'

2021-11-12 17:50:06 - [TEST_CASE][PASSED] - Test Cases/Olusturma/Genel/AliciSecilir: Test Cases/Olusturma/Genel/AliciSecilir

2021-11-12 17:50:06 - [TEST_STEP][PASSED] - click(findTestObject("Olusturma/Genel/AliciBilgisi/Alici_Ara")): Object: 'Object Repository/Olusturma/Genel/AliciBilgisi/Alici_Ara' is clicked on

2021-11-12 17:50:06 - [MESSAGE][INFO] - Finding Test Object 'Object Repository/Olusturma/Genel/AliciBilgisi/Alici_Ara'

2021-11-12 17:50:06 - [MESSAGE][INFO] - Checking object

2021-11-12 17:50:06 - [MESSAGE][INFO] - Finding web element from Test Object's properties

2021-11-12 17:50:06 - [MESSAGE][INFO] - Checking timeout

2021-11-12 17:50:06 - [MESSAGE][INFO] - Finding web element with id: 'Object Repository/Olusturma/Genel/AliciBilgisi/Alici_Ara' located by 'By.xpath: //td[@id='txtCustomerText_B-1']' in '30' second(s)

2021-11-12 17:50:06 - [MESSAGE][INFO] - Smart Wait Function is triggered

2021-11-12 17:50:07 - [MESSAGE][INFO] - Found 1 web elements with id: 'Object Repository/Olusturma/Genel/AliciBilgisi/Alici_Ara' located by 'By.xpath: //td[@id='txtCustomerText_B-1']' in '30' second(s)

2021-11-12 17:50:07 - [MESSAGE][INFO] - Clicking on object: 'Object Repository/Olusturma/Genel/AliciBilgisi/Alici_Ara'

2021-11-12 17:50:07 - [MESSAGE][PASSED] - Object: 'Object Repository/Olusturma/Genel/AliciBilgisi/Alici_Ara' is clicked on

2021-11-12 17:50:07 - [TEST_STEP][PASSED] - click(findTestObject("Olusturma/Genel/AliciBilgisi/Alici_Bilgisi")): Object: 'Object Repository/Olusturma/Genel/AliciBilgisi/Alici_Bilgisi' is clicked on

2021-11-12 17:50:07 - [MESSAGE][INFO] - Finding Test Object 'Object Repository/Olusturma/Genel/AliciBilgisi/Alici_Bilgisi'

2021-11-12 17:50:07 - [MESSAGE][INFO] - Checking object

2021-11-12 17:50:07 - [MESSAGE][INFO] - Finding web element from Test Object's properties

2021-11-12 17:50:07 - [MESSAGE][INFO] - Checking timeout

2021-11-12 17:50:07 - [MESSAGE][INFO] - Finding web element with id: 'Object Repository/Olusturma/Genel/AliciBilgisi/Alici_Bilgisi' located by 'By.xpath: //iframe[@id='customerselectiframe']' in '30' second(s)

2021-11-12 17:50:07 - [MESSAGE][INFO] - Smart Wait Function is triggered

2021-11-12 17:50:07 - [MESSAGE][INFO] - Found 1 web elements with id: 'Object Repository/Olusturma/Genel/AliciBilgisi/Alici_Bilgisi' located by 'By.xpath: //iframe[@id='customerselectiframe']' in '30' second(s)

2021-11-12 17:50:07 - [MESSAGE][INFO] - Clicking on object: 'Object Repository/Olusturma/Genel/AliciBilgisi/Alici_Bilgisi'

2021-11-12 17:50:07 - [MESSAGE][PASSED] - Object: 'Object Repository/Olusturma/Genel/AliciBilgisi/Alici_Bilgisi' is clicked on

2021-11-12 17:50:07 - [TEST_STEP][PASSED] - setText(findTestObject("Olusturma/Genel/AliciBilgisi/Alici_Gir"), Alici_Adi): Switching to default content

2021-11-12 17:50:07 - [MESSAGE][INFO] - Finding Test Object 'Object Repository/Olusturma/Genel/AliciBilgisi/Alici_Gir'

2021-11-12 17:50:07 - [MESSAGE][INFO] - Finding Test Object 'Object Repository/Olusturma/Genel/AliciBilgisi/Alici_Bilgisi'

2021-11-12 17:50:07 - [MESSAGE][INFO] - Checking object

2021-11-12 17:50:07 - [MESSAGE][INFO] - Checking text

2021-11-12 17:50:07 - [MESSAGE][INFO] - Object: 'Object Repository/Olusturma/Genel/AliciBilgisi/Alici_Gir' has parent object(s)

2021-11-12 17:50:07 - [MESSAGE][INFO] - Switching to iframe: 'Object Repository/Olusturma/Genel/AliciBilgisi/Alici_Bilgisi'

2021-11-12 17:50:07 - [MESSAGE][INFO] - Finding web element from Test Object's properties

2021-11-12 17:50:07 - [MESSAGE][INFO] - Checking timeout

2021-11-12 17:50:07 - [MESSAGE][INFO] - Finding web element with id: 'Object Repository/Olusturma/Genel/AliciBilgisi/Alici_Bilgisi' located by 'By.xpath: //iframe[@id='customerselectiframe']' in '30' second(s)

2021-11-12 17:50:07 - [MESSAGE][INFO] - Smart Wait Function is triggered

2021-11-12 17:50:08 - [MESSAGE][INFO] - Found 1 web elements with id: 'Object Repository/Olusturma/Genel/AliciBilgisi/Alici_Bilgisi' located by 'By.xpath: //iframe[@id='customerselectiframe']' in '30' second(s)

2021-11-12 17:50:08 - [MESSAGE][INFO] - Switched to iframe: 'Object Repository/Olusturma/Genel/AliciBilgisi/Alici_Bilgisi'

2021-11-12 17:50:08 - [MESSAGE][INFO] - Finding web element from Test Object's properties

2021-11-12 17:50:08 - [MESSAGE][INFO] - Checking timeout

2021-11-12 17:50:08 - [MESSAGE][INFO] - Finding web element with id: 'Object Repository/Olusturma/Genel/AliciBilgisi/Alici_Gir' located by 'By.xpath: //input[@id='GridViewCustomer_DXFREditorcol1_I']' in '30' second(s)

2021-11-12 17:50:08 - [MESSAGE][INFO] - Smart Wait Function is triggered

2021-11-12 17:50:08 - [MESSAGE][INFO] - Found 1 web elements with id: 'Object Repository/Olusturma/Genel/AliciBilgisi/Alici_Gir' located by 'By.xpath: //input[@id='GridViewCustomer_DXFREditorcol1_I']' in '30' second(s)

2021-11-12 17:50:08 - [MESSAGE][INFO] - Clearing text of object 'Object Repository/Olusturma/Genel/AliciBilgisi/Alici_Gir'

2021-11-12 17:50:08 - [MESSAGE][INFO] - Finding web element from Test Object's properties

2021-11-12 17:50:08 - [MESSAGE][INFO] - Checking timeout

2021-11-12 17:50:08 - [MESSAGE][INFO] - Finding web element with id: 'Object Repository/Olusturma/Genel/AliciBilgisi/Alici_Gir' located by 'By.xpath: //input[@id='GridViewCustomer_DXFREditorcol1_I']' in '30' second(s)

2021-11-12 17:50:08 - [MESSAGE][INFO] - Smart Wait Function is triggered

2021-11-12 17:50:08 - [MESSAGE][INFO] - Found 1 web elements with id: 'Object Repository/Olusturma/Genel/AliciBilgisi/Alici_Gir' located by 'By.xpath: //input[@id='GridViewCustomer_DXFREditorcol1_I']' in '30' second(s)

2021-11-12 17:50:08 - [MESSAGE][INFO] - Setting text of object 'Object Repository/Olusturma/Genel/AliciBilgisi/Alici_Gir' to value 'UC0045'

2021-11-12 17:50:08 - [MESSAGE][PASSED] - Text 'UC0045' is set on object 'Object Repository/Olusturma/Genel/AliciBilgisi/Alici_Gir'

2021-11-12 17:50:08 - [MESSAGE][INFO] - Switching to default content

2021-11-12 17:50:08 - [TEST_STEP][PASSED] - waitForElementClickable(findTestObject("Olusturma/Genel/AliciBilgisi/Alici_Adi"), 10): Switching to default content

2021-11-12 17:50:08 - [MESSAGE][INFO] - Finding Test Object 'Object Repository/Olusturma/Genel/AliciBilgisi/Alici_Adi'

2021-11-12 17:50:08 - [MESSAGE][INFO] - Finding Test Object 'Object Repository/Olusturma/Genel/AliciBilgisi/iframe_Alc Bilgisi_customerselectiframe'

2021-11-12 17:50:08 - [MESSAGE][INFO] - Checking object

2021-11-12 17:50:08 - [MESSAGE][INFO] - Checking timeout

2021-11-12 17:50:08 - [MESSAGE][INFO] - Object: 'Object Repository/Olusturma/Genel/AliciBilgisi/Alici_Adi' has parent object(s)

2021-11-12 17:50:08 - [MESSAGE][INFO] - Switching to iframe: 'Object Repository/Olusturma/Genel/AliciBilgisi/iframe_Alc Bilgisi_customerselectiframe'

2021-11-12 17:50:08 - [MESSAGE][INFO] - Finding web element from Test Object's properties

2021-11-12 17:50:08 - [MESSAGE][INFO] - Checking timeout

2021-11-12 17:50:08 - [MESSAGE][INFO] - Finding web element with id: 'Object Repository/Olusturma/Genel/AliciBilgisi/iframe_Alc Bilgisi_customerselectiframe' located by 'By.xpath: //iframe[@id='customerselectiframe']' in '10' second(s)

2021-11-12 17:50:08 - [MESSAGE][INFO] - Smart Wait Function is triggered

2021-11-12 17:50:09 - [MESSAGE][INFO] - Found 1 web elements with id: 'Object Repository/Olusturma/Genel/AliciBilgisi/iframe_Alc Bilgisi_customerselectiframe' located by 'By.xpath: //iframe[@id='customerselectiframe']' in '10' second(s)

2021-11-12 17:50:09 - [MESSAGE][INFO] - Switched to iframe: 'Object Repository/Olusturma/Genel/AliciBilgisi/iframe_Alc Bilgisi_customerselectiframe'

2021-11-12 17:50:09 - [MESSAGE][INFO] - Finding web element from Test Object's properties

2021-11-12 17:50:09 - [MESSAGE][INFO] - Checking timeout

2021-11-12 17:50:09 - [MESSAGE][INFO] - Finding web element with id: 'Object Repository/Olusturma/Genel/AliciBilgisi/Alici_Adi' located by 'By.xpath: //tr[@id='GridViewCustomer_DXDataRow0']/td[2]' in '10' second(s)

2021-11-12 17:50:09 - [MESSAGE][INFO] - Smart Wait Function is triggered

2021-11-12 17:50:09 - [MESSAGE][INFO] - Found 1 web elements with id: 'Object Repository/Olusturma/Genel/AliciBilgisi/Alici_Adi' located by 'By.xpath: //tr[@id='GridViewCustomer_DXDataRow0']/td[2]' in '10' second(s)

2021-11-12 17:50:09 - [MESSAGE][PASSED] - Object 'Object Repository/Olusturma/Genel/AliciBilgisi/Alici_Adi' is clickable

2021-11-12 17:50:09 - [MESSAGE][INFO] - Switching to default content

2021-11-12 17:50:09 - [TEST_STEP][PASSED] - click(findTestObject("Olusturma/Genel/AliciBilgisi/frame")): Switching to default content

2021-11-12 17:50:09 - [MESSAGE][INFO] - Finding Test Object 'Object Repository/Olusturma/Genel/AliciBilgisi/frame'

2021-11-12 17:50:09 - [MESSAGE][INFO] - Finding Test Object 'Object Repository/Olusturma/Genel/AliciBilgisi/iframe_Alc Bilgisi_customerselectiframe'

2021-11-12 17:50:09 - [MESSAGE][INFO] - Checking object

2021-11-12 17:50:09 - [MESSAGE][INFO] - Object: 'Object Repository/Olusturma/Genel/AliciBilgisi/frame' has parent object(s)

2021-11-12 17:50:09 - [MESSAGE][INFO] - Switching to iframe: 'Object Repository/Olusturma/Genel/AliciBilgisi/iframe_Alc Bilgisi_customerselectiframe'

2021-11-12 17:50:09 - [MESSAGE][INFO] - Finding web element from Test Object's properties

2021-11-12 17:50:09 - [MESSAGE][INFO] - Checking timeout

2021-11-12 17:50:09 - [MESSAGE][INFO] - Finding web element with id: 'Object Repository/Olusturma/Genel/AliciBilgisi/iframe_Alc Bilgisi_customerselectiframe' located by 'By.xpath: //iframe[@id='customerselectiframe']' in '30' second(s)

2021-11-12 17:50:09 - [MESSAGE][INFO] - Smart Wait Function is triggered

2021-11-12 17:50:09 - [MESSAGE][INFO] - Found 1 web elements with id: 'Object Repository/Olusturma/Genel/AliciBilgisi/iframe_Alc Bilgisi_customerselectiframe' located by 'By.xpath: //iframe[@id='customerselectiframe']' in '30' second(s)

2021-11-12 17:50:09 - [MESSAGE][INFO] - Switched to iframe: 'Object Repository/Olusturma/Genel/AliciBilgisi/iframe_Alc Bilgisi_customerselectiframe'

2021-11-12 17:50:09 - [MESSAGE][INFO] - Finding web element from Test Object's properties

2021-11-12 17:50:09 - [MESSAGE][INFO] - Checking timeout

2021-11-12 17:50:09 - [MESSAGE][INFO] - Finding web element with id: 'Object Repository/Olusturma/Genel/AliciBilgisi/frame' located by 'By.xpath: //*/text()[normalize-space(.)='']/parent::*' in '30' second(s)

2021-11-12 17:50:09 - [MESSAGE][INFO] - Smart Wait Function is triggered

2021-11-12 17:50:09 - [MESSAGE][INFO] - Found 64 web elements with id: 'Object Repository/Olusturma/Genel/AliciBilgisi/frame' located by 'By.xpath: //*/text()[normalize-space(.)='']/parent::*' in '30' second(s)

2021-11-12 17:50:09 - [MESSAGE][INFO] - Clicking on object: 'Object Repository/Olusturma/Genel/AliciBilgisi/frame'

2021-11-12 17:50:09 - [MESSAGE][PASSED] - Object: 'Object Repository/Olusturma/Genel/AliciBilgisi/frame' is clicked on

2021-11-12 17:50:09 - [MESSAGE][INFO] - Switching to default content

2021-11-12 17:50:09 - [TEST_STEP][PASSED] - click(findTestObject("Olusturma/Genel/AliciBilgisi/Alici_Adi")): Switching to default content

2021-11-12 17:50:09 - [MESSAGE][INFO] - Finding Test Object 'Object Repository/Olusturma/Genel/AliciBilgisi/Alici_Adi'

2021-11-12 17:50:10 - [MESSAGE][INFO] - Finding Test Object 'Object Repository/Olusturma/Genel/AliciBilgisi/iframe_Alc Bilgisi_customerselectiframe'

2021-11-12 17:50:10 - [MESSAGE][INFO] - Checking object

2021-11-12 17:50:10 - [MESSAGE][INFO] - Object: 'Object Repository/Olusturma/Genel/AliciBilgisi/Alici_Adi' has parent object(s)

2021-11-12 17:50:10 - [MESSAGE][INFO] - Switching to iframe: 'Object Repository/Olusturma/Genel/AliciBilgisi/iframe_Alc Bilgisi_customerselectiframe'

2021-11-12 17:50:10 - [MESSAGE][INFO] - Finding web element from Test Object's properties

2021-11-12 17:50:10 - [MESSAGE][INFO] - Checking timeout

2021-11-12 17:50:10 - [MESSAGE][INFO] - Finding web element with id: 'Object Repository/Olusturma/Genel/AliciBilgisi/iframe_Alc Bilgisi_customerselectiframe' located by 'By.xpath: //iframe[@id='customerselectiframe']' in '30' second(s)

2021-11-12 17:50:10 - [MESSAGE][INFO] - Smart Wait Function is triggered

2021-11-12 17:50:10 - [MESSAGE][INFO] - Found 1 web elements with id: 'Object Repository/Olusturma/Genel/AliciBilgisi/iframe_Alc Bilgisi_customerselectiframe' located by 'By.xpath: //iframe[@id='customerselectiframe']' in '30' second(s)

2021-11-12 17:50:10 - [MESSAGE][INFO] - Switched to iframe: 'Object Repository/Olusturma/Genel/AliciBilgisi/iframe_Alc Bilgisi_customerselectiframe'

2021-11-12 17:50:10 - [MESSAGE][INFO] - Finding web element from Test Object's properties

2021-11-12 17:50:10 - [MESSAGE][INFO] - Checking timeout

2021-11-12 17:50:10 - [MESSAGE][INFO] - Finding web element with id: 'Object Repository/Olusturma/Genel/AliciBilgisi/Alici_Adi' located by 'By.xpath: //tr[@id='GridViewCustomer_DXDataRow0']/td[2]' in '30' second(s)

2021-11-12 17:50:10 - [MESSAGE][INFO] - Smart Wait Function is triggered

2021-11-12 17:50:10 - [MESSAGE][INFO] - Found 1 web elements with id: 'Object Repository/Olusturma/Genel/AliciBilgisi/Alici_Adi' located by 'By.xpath: //tr[@id='GridViewCustomer_DXDataRow0']/td[2]' in '30' second(s)

2021-11-12 17:50:10 - [MESSAGE][INFO] - Clicking on object: 'Object Repository/Olusturma/Genel/AliciBilgisi/Alici_Adi'

2021-11-12 17:50:10 - [MESSAGE][PASSED] - Object: 'Object Repository/Olusturma/Genel/AliciBilgisi/Alici_Adi' is clicked on

2021-11-12 17:50:10 - [MESSAGE][INFO] - Switching to default content

2021-11-12 17:50:10 - [TEST_STEP][PASSED] - click(findTestObject("Olusturma/Genel/AliciBilgisi/Tamam_Bosluk")): Switching to default content

2021-11-12 17:50:10 - [MESSAGE][INFO] - Finding Test Object 'Object Repository/Olusturma/Genel/AliciBilgisi/Tamam_Bosluk'

2021-11-12 17:50:10 - [MESSAGE][INFO] - Finding Test Object 'Object Repository/Olusturma/Genel/AliciBilgisi/Alici_Bilgisi'

2021-11-12 17:50:10 - [MESSAGE][INFO] - Checking object

2021-11-12 17:50:10 - [MESSAGE][INFO] - Object: 'Object Repository/Olusturma/Genel/AliciBilgisi/Tamam_Bosluk' has parent object(s)

2021-11-12 17:50:10 - [MESSAGE][INFO] - Switching to iframe: 'Object Repository/Olusturma/Genel/AliciBilgisi/Alici_Bilgisi'

2021-11-12 17:50:10 - [MESSAGE][INFO] - Finding web element from Test Object's properties

2021-11-12 17:50:10 - [MESSAGE][INFO] - Checking timeout

2021-11-12 17:50:10 - [MESSAGE][INFO] - Finding web element with id: 'Object Repository/Olusturma/Genel/AliciBilgisi/Alici_Bilgisi' located by 'By.xpath: //iframe[@id='customerselectiframe']' in '30' second(s)

2021-11-12 17:50:10 - [MESSAGE][INFO] - Smart Wait Function is triggered

2021-11-12 17:50:11 - [MESSAGE][INFO] - Found 1 web elements with id: 'Object Repository/Olusturma/Genel/AliciBilgisi/Alici_Bilgisi' located by 'By.xpath: //iframe[@id='customerselectiframe']' in '30' second(s)

2021-11-12 17:50:11 - [MESSAGE][INFO] - Switched to iframe: 'Object Repository/Olusturma/Genel/AliciBilgisi/Alici_Bilgisi'

2021-11-12 17:50:11 - [MESSAGE][INFO] - Finding web element from Test Object's properties

2021-11-12 17:50:11 - [MESSAGE][INFO] - Checking timeout

2021-11-12 17:50:11 - [MESSAGE][INFO] - Finding web element with id: 'Object Repository/Olusturma/Genel/AliciBilgisi/Tamam_Bosluk' located by 'By.xpath: (.//*[normalize-space(text()) and normalize-space(.)='Sayfa Boyutu:'])[1]/following::div[7]' in '30' second(s)

2021-11-12 17:50:11 - [MESSAGE][INFO] - Smart Wait Function is triggered

2021-11-12 17:50:11 - [MESSAGE][INFO] - Found 1 web elements with id: 'Object Repository/Olusturma/Genel/AliciBilgisi/Tamam_Bosluk' located by 'By.xpath: (.//*[normalize-space(text()) and normalize-space(.)='Sayfa Boyutu:'])[1]/following::div[7]' in '30' second(s)

2021-11-12 17:50:11 - [MESSAGE][INFO] - Clicking on object: 'Object Repository/Olusturma/Genel/AliciBilgisi/Tamam_Bosluk'

2021-11-12 17:50:11 - [MESSAGE][PASSED] - Object: 'Object Repository/Olusturma/Genel/AliciBilgisi/Tamam_Bosluk' is clicked on

2021-11-12 17:50:11 - [MESSAGE][INFO] - Switching to default content

2021-11-12 17:50:11 - [TEST_STEP][PASSED] - waitForElementClickable(findTestObject("Olusturma/Genel/AliciBilgisi/Tamam_Butonu"), 10): Switching to default content

2021-11-12 17:50:11 - [MESSAGE][INFO] - Finding Test Object 'Object Repository/Olusturma/Genel/AliciBilgisi/Tamam_Butonu'

2021-11-12 17:50:11 - [MESSAGE][INFO] - Finding Test Object 'Object Repository/Olusturma/Genel/AliciBilgisi/Alici_Bilgisi'

2021-11-12 17:50:11 - [MESSAGE][INFO] - Checking object

2021-11-12 17:50:11 - [MESSAGE][INFO] - Checking timeout

2021-11-12 17:50:11 - [MESSAGE][INFO] - Object: 'Object Repository/Olusturma/Genel/AliciBilgisi/Tamam_Butonu' has parent object(s)

2021-11-12 17:50:11 - [MESSAGE][INFO] - Switching to iframe: 'Object Repository/Olusturma/Genel/AliciBilgisi/Alici_Bilgisi'

2021-11-12 17:50:11 - [MESSAGE][INFO] - Finding web element from Test Object's properties

2021-11-12 17:50:11 - [MESSAGE][INFO] - Checking timeout

2021-11-12 17:50:11 - [MESSAGE][INFO] - Finding web element with id: 'Object Repository/Olusturma/Genel/AliciBilgisi/Alici_Bilgisi' located by 'By.xpath: //iframe[@id='customerselectiframe']' in '10' second(s)

2021-11-12 17:50:11 - [MESSAGE][INFO] - Smart Wait Function is triggered

2021-11-12 17:50:11 - [MESSAGE][INFO] - Found 1 web elements with id: 'Object Repository/Olusturma/Genel/AliciBilgisi/Alici_Bilgisi' located by 'By.xpath: //iframe[@id='customerselectiframe']' in '10' second(s)

2021-11-12 17:50:11 - [MESSAGE][INFO] - Switched to iframe: 'Object Repository/Olusturma/Genel/AliciBilgisi/Alici_Bilgisi'

2021-11-12 17:50:11 - [MESSAGE][INFO] - Finding web element from Test Object's properties

2021-11-12 17:50:11 - [MESSAGE][INFO] - Checking timeout

2021-11-12 17:50:11 - [MESSAGE][INFO] - Finding web element with id: 'Object Repository/Olusturma/Genel/AliciBilgisi/Tamam_Butonu' located by 'By.xpath: //div[@id='btnSelectCustomer_CD']/span' in '10' second(s)

2021-11-12 17:50:11 - [MESSAGE][INFO] - Smart Wait Function is triggered

2021-11-12 17:50:11 - [MESSAGE][INFO] - Found 1 web elements with id: 'Object Repository/Olusturma/Genel/AliciBilgisi/Tamam_Butonu' located by 'By.xpath: //div[@id='btnSelectCustomer_CD']/span' in '10' second(s)

2021-11-12 17:50:11 - [MESSAGE][PASSED] - Object 'Object Repository/Olusturma/Genel/AliciBilgisi/Tamam_Butonu' is clickable

2021-11-12 17:50:11 - [MESSAGE][INFO] - Switching to default content

2021-11-12 17:50:11 - [TEST_STEP][PASSED] - click(findTestObject("Olusturma/Genel/AliciBilgisi/Tamam_Butonu")): Switching to default content

2021-11-12 17:50:11 - [MESSAGE][INFO] - Finding Test Object 'Object Repository/Olusturma/Genel/AliciBilgisi/Tamam_Butonu'

2021-11-12 17:50:12 - [MESSAGE][INFO] - Finding Test Object 'Object Repository/Olusturma/Genel/AliciBilgisi/Alici_Bilgisi'

2021-11-12 17:50:12 - [MESSAGE][INFO] - Checking object

2021-11-12 17:50:12 - [MESSAGE][INFO] - Object: 'Object Repository/Olusturma/Genel/AliciBilgisi/Tamam_Butonu' has parent object(s)

2021-11-12 17:50:12 - [MESSAGE][INFO] - Switching to iframe: 'Object Repository/Olusturma/Genel/AliciBilgisi/Alici_Bilgisi'

2021-11-12 17:50:12 - [MESSAGE][INFO] - Finding web element from Test Object's properties

2021-11-12 17:50:12 - [MESSAGE][INFO] - Checking timeout

2021-11-12 17:50:12 - [MESSAGE][INFO] - Finding web element with id: 'Object Repository/Olusturma/Genel/AliciBilgisi/Alici_Bilgisi' located by 'By.xpath: //iframe[@id='customerselectiframe']' in '30' second(s)

2021-11-12 17:50:12 - [MESSAGE][INFO] - Smart Wait Function is triggered

2021-11-12 17:50:12 - [MESSAGE][INFO] - Found 1 web elements with id: 'Object Repository/Olusturma/Genel/AliciBilgisi/Alici_Bilgisi' located by 'By.xpath: //iframe[@id='customerselectiframe']' in '30' second(s)

2021-11-12 17:50:12 - [MESSAGE][INFO] - Switched to iframe: 'Object Repository/Olusturma/Genel/AliciBilgisi/Alici_Bilgisi'

2021-11-12 17:50:12 - [MESSAGE][INFO] - Finding web element from Test Object's properties

2021-11-12 17:50:12 - [MESSAGE][INFO] - Checking timeout

2021-11-12 17:50:12 - [MESSAGE][INFO] - Finding web element with id: 'Object Repository/Olusturma/Genel/AliciBilgisi/Tamam_Butonu' located by 'By.xpath: //div[@id='btnSelectCustomer_CD']/span' in '30' second(s)

2021-11-12 17:50:12 - [MESSAGE][INFO] - Smart Wait Function is triggered

2021-11-12 17:50:12 - [MESSAGE][INFO] - Found 1 web elements with id: 'Object Repository/Olusturma/Genel/AliciBilgisi/Tamam_Butonu' located by 'By.xpath: //div[@id='btnSelectCustomer_CD']/span' in '30' second(s)

2021-11-12 17:50:12 - [MESSAGE][INFO] - Clicking on object: 'Object Repository/Olusturma/Genel/AliciBilgisi/Tamam_Butonu'

2021-11-12 17:50:12 - [MESSAGE][PASSED] - Object: 'Object Repository/Olusturma/Genel/AliciBilgisi/Tamam_Butonu' is clicked on

2021-11-12 17:50:12 - [MESSAGE][INFO] - Switching to default content

2021-11-12 17:50:12 - [TEST_STEP][PASSED] - waitForElementPresent(findTestObject("Olusturma/Genel/AliciBilgisi/VKN-TCKN"), 10): Object 'Object Repository/Olusturma/Genel/AliciBilgisi/VKN-TCKN' is present

2021-11-12 17:50:12 - [MESSAGE][INFO] - Finding Test Object 'Object Repository/Olusturma/Genel/AliciBilgisi/VKN-TCKN'

2021-11-12 17:50:12 - [MESSAGE][INFO] - Checking object

2021-11-12 17:50:12 - [MESSAGE][INFO] - Finding web element from Test Object's properties

2021-11-12 17:50:12 - [MESSAGE][INFO] - Checking timeout

2021-11-12 17:50:12 - [MESSAGE][INFO] - Finding web element with id: 'Object Repository/Olusturma/Genel/AliciBilgisi/VKN-TCKN' located by 'By.xpath: //*[@id = 'txtVknTckn_I']' in '10' second(s)

2021-11-12 17:50:12 - [MESSAGE][INFO] - Smart Wait Function is triggered

2021-11-12 17:50:13 - [MESSAGE][INFO] - Found 1 web elements with id: 'Object Repository/Olusturma/Genel/AliciBilgisi/VKN-TCKN' located by 'By.xpath: //*[@id = 'txtVknTckn_I']' in '10' second(s)

2021-11-12 17:50:13 - [MESSAGE][PASSED] - Object 'Object Repository/Olusturma/Genel/AliciBilgisi/VKN-TCKN' is present

2021-11-12 17:50:13 - [TEST_STEP][PASSED] - text = getAttribute(findTestObject("Olusturma/Genel/AliciBilgisi/VKN-TCKN"), "value"): Attribute 'value' of object 'Object Repository/Olusturma/Genel/AliciBilgisi/VKN-TCKN' is: '0748742193'

2021-11-12 17:50:13 - [MESSAGE][INFO] - Finding Test Object 'Object Repository/Olusturma/Genel/AliciBilgisi/VKN-TCKN'

2021-11-12 17:50:13 - [MESSAGE][INFO] - Checking object

2021-11-12 17:50:13 - [MESSAGE][INFO] - Checking attribute

2021-11-12 17:50:13 - [MESSAGE][INFO] - Finding web element from Test Object's properties

2021-11-12 17:50:13 - [MESSAGE][INFO] - Checking timeout

2021-11-12 17:50:13 - [MESSAGE][INFO] - Finding web element with id: 'Object Repository/Olusturma/Genel/AliciBilgisi/VKN-TCKN' located by 'By.xpath: //*[@id = 'txtVknTckn_I']' in '30' second(s)

2021-11-12 17:50:13 - [MESSAGE][INFO] - Smart Wait Function is triggered

2021-11-12 17:50:13 - [MESSAGE][INFO] - Found 1 web elements with id: 'Object Repository/Olusturma/Genel/AliciBilgisi/VKN-TCKN' located by 'By.xpath: //*[@id = 'txtVknTckn_I']' in '30' second(s)

2021-11-12 17:50:13 - [MESSAGE][INFO] - Getting attribute 'value' of object 'Object Repository/Olusturma/Genel/AliciBilgisi/VKN-TCKN'

2021-11-12 17:50:13 - [MESSAGE][PASSED] - Attribute 'value' of object 'Object Repository/Olusturma/Genel/AliciBilgisi/VKN-TCKN' is: '0748742193'

2021-11-12 17:50:13 - [TEST_STEP][PASSED] - if (text.equals("")): null

2021-11-12 17:50:13 - [MESSAGE][PASSED] - Call Test Case 'Test Cases/Olusturma/Genel/AliciSecilir' successfully

2021-11-12 17:50:13 - [MESSAGE][INFO] - Checking called Test Case

2021-11-12 17:50:13 - [MESSAGE][INFO] - Starting to call Test Case 'Test Cases/Olusturma/Genel/GonderimSekliSecilir'

2021-11-12 17:50:13 - [TEST_CASE][PASSED] - Test Cases/Olusturma/Genel/GonderimSekliSecilir: Test Cases/Olusturma/Genel/GonderimSekliSecilir

2021-11-12 17:50:14 - [TEST_STEP][PASSED] - waitForElementClickable(findTestObject("Object Repository/Olusturma/Genel/GonderimSekli/GonderimSekli"), 10): Object 'Object Repository/Olusturma/Genel/GonderimSekli/GonderimSekli' is clickable

2021-11-12 17:50:14 - [MESSAGE][INFO] - Finding Test Object 'Object Repository/Olusturma/Genel/GonderimSekli/GonderimSekli'

2021-11-12 17:50:14 - [MESSAGE][INFO] - Checking object

2021-11-12 17:50:14 - [MESSAGE][INFO] - Checking timeout

2021-11-12 17:50:14 - [MESSAGE][INFO] - Finding web element from Test Object's properties

2021-11-12 17:50:14 - [MESSAGE][INFO] - Checking timeout

2021-11-12 17:50:14 - [MESSAGE][INFO] - Finding web element with id: 'Object Repository/Olusturma/Genel/GonderimSekli/GonderimSekli' located by 'By.xpath: //*[@id = 'txtGonderimSekil_I']' in '10' second(s)

2021-11-12 17:50:14 - [MESSAGE][INFO] - Smart Wait Function is triggered

2021-11-12 17:50:14 - [MESSAGE][INFO] - Found 1 web elements with id: 'Object Repository/Olusturma/Genel/GonderimSekli/GonderimSekli' located by 'By.xpath: //*[@id = 'txtGonderimSekil_I']' in '10' second(s)

2021-11-12 17:50:14 - [MESSAGE][PASSED] - Object 'Object Repository/Olusturma/Genel/GonderimSekli/GonderimSekli' is clickable

2021-11-12 17:50:14 - [TEST_STEP][PASSED] - click(findTestObject("Object Repository/Olusturma/Genel/GonderimSekli/GonderimSekli")): Object: 'Object Repository/Olusturma/Genel/GonderimSekli/GonderimSekli' is clicked on

2021-11-12 17:50:14 - [MESSAGE][INFO] - Finding Test Object 'Object Repository/Olusturma/Genel/GonderimSekli/GonderimSekli'

2021-11-12 17:50:14 - [MESSAGE][INFO] - Checking object

2021-11-12 17:50:14 - [MESSAGE][INFO] - Finding web element from Test Object's properties

2021-11-12 17:50:14 - [MESSAGE][INFO] - Checking timeout

2021-11-12 17:50:14 - [MESSAGE][INFO] - Finding web element with id: 'Object Repository/Olusturma/Genel/GonderimSekli/GonderimSekli' located by 'By.xpath: //*[@id = 'txtGonderimSekil_I']' in '30' second(s)

2021-11-12 17:50:14 - [MESSAGE][INFO] - Smart Wait Function is triggered

2021-11-12 17:50:15 - [MESSAGE][INFO] - Found 1 web elements with id: 'Object Repository/Olusturma/Genel/GonderimSekli/GonderimSekli' located by 'By.xpath: //*[@id = 'txtGonderimSekil_I']' in '30' second(s)

2021-11-12 17:50:15 - [MESSAGE][INFO] - Clicking on object: 'Object Repository/Olusturma/Genel/GonderimSekli/GonderimSekli'

2021-11-12 17:50:15 - [MESSAGE][PASSED] - Object: 'Object Repository/Olusturma/Genel/GonderimSekli/GonderimSekli' is clicked on

2021-11-12 17:50:15 - [TEST_STEP][PASSED] - Method.TextDegerineEsitElementeTikla(findTestObject("Object Repository/Olusturma/Genel/GonderimSekli/GonderimSekliAdi"), GonderimSekli): Method.TextDegerineEsitElementeTikla is PASSED

2021-11-12 17:50:15 - [MESSAGE][INFO] - Finding Test Object 'Object Repository/Olusturma/Genel/GonderimSekli/GonderimSekliAdi'

2021-11-12 17:50:15 - [MESSAGE][INFO] - Checking timeout

2021-11-12 17:50:15 - [MESSAGE][INFO] - Finding web element with id: 'Object Repository/Olusturma/Genel/GonderimSekli/GonderimSekliAdi' located by 'By.cssSelector: #txtGonderimSekil_DDD_L_LBT td' in '10' second(s)

2021-11-12 17:50:15 - [MESSAGE][INFO] - Smart Wait Function is triggered

2021-11-12 17:50:15 - [MESSAGE][INFO] - Found 2 web elements with id: 'Object Repository/Olusturma/Genel/GonderimSekli/GonderimSekliAdi' located by 'By.cssSelector: #txtGonderimSekil_DDD_L_LBT td' in '10' second(s)

2021-11-12 17:50:15 - [MESSAGE][PASSED] - Method.TextDegerineEsitElementeTikla is PASSED

2021-11-12 17:50:15 - [MESSAGE][PASSED] - Call Test Case 'Test Cases/Olusturma/Genel/GonderimSekliSecilir' successfully

2021-11-12 17:50:15 - [MESSAGE][INFO] - Checking called Test Case

2021-11-12 17:50:15 - [MESSAGE][INFO] - Starting to call Test Case 'Test Cases/Olusturma/Genel/TipSecilir'

2021-11-12 17:50:15 - [TEST_CASE][PASSED] - Test Cases/Olusturma/Genel/TipSecilir: Test Cases/Olusturma/Genel/TipSecilir

2021-11-12 17:50:16 - [TEST_STEP][PASSED] - waitForElementClickable(findTestObject("Olusturma/Genel/TipSecilir/Tip"), 10): Object 'Object Repository/Olusturma/Genel/TipSecilir/Tip' is clickable

2021-11-12 17:50:16 - [MESSAGE][INFO] - Finding Test Object 'Object Repository/Olusturma/Genel/TipSecilir/Tip'

2021-11-12 17:50:16 - [MESSAGE][INFO] - Checking object

2021-11-12 17:50:16 - [MESSAGE][INFO] - Checking timeout

2021-11-12 17:50:16 - [MESSAGE][INFO] - Finding web element from Test Object's properties

2021-11-12 17:50:16 - [MESSAGE][INFO] - Checking timeout

2021-11-12 17:50:16 - [MESSAGE][INFO] - Finding web element with id: 'Object Repository/Olusturma/Genel/TipSecilir/Tip' located by 'By.xpath: //*[@id = 'DocumentTypeCode_I']' in '10' second(s)

2021-11-12 17:50:16 - [MESSAGE][INFO] - Smart Wait Function is triggered

2021-11-12 17:50:16 - [MESSAGE][INFO] - Found 1 web elements with id: 'Object Repository/Olusturma/Genel/TipSecilir/Tip' located by 'By.xpath: //*[@id = 'DocumentTypeCode_I']' in '10' second(s)

2021-11-12 17:50:16 - [MESSAGE][PASSED] - Object 'Object Repository/Olusturma/Genel/TipSecilir/Tip' is clickable

2021-11-12 17:50:16 - [TEST_STEP][PASSED] - click(findTestObject("Olusturma/Genel/TipSecilir/Tip")): Object: 'Object Repository/Olusturma/Genel/TipSecilir/Tip' is clicked on

2021-11-12 17:50:16 - [MESSAGE][INFO] - Finding Test Object 'Object Repository/Olusturma/Genel/TipSecilir/Tip'

2021-11-12 17:50:17 - [MESSAGE][INFO] - Checking object

2021-11-12 17:50:17 - [MESSAGE][INFO] - Finding web element from Test Object's properties

2021-11-12 17:50:17 - [MESSAGE][INFO] - Checking timeout

2021-11-12 17:50:17 - [MESSAGE][INFO] - Finding web element with id: 'Object Repository/Olusturma/Genel/TipSecilir/Tip' located by 'By.xpath: //*[@id = 'DocumentTypeCode_I']' in '30' second(s)

2021-11-12 17:50:17 - [MESSAGE][INFO] - Smart Wait Function is triggered

2021-11-12 17:50:17 - [MESSAGE][INFO] - Found 1 web elements with id: 'Object Repository/Olusturma/Genel/TipSecilir/Tip' located by 'By.xpath: //*[@id = 'DocumentTypeCode_I']' in '30' second(s)

2021-11-12 17:50:17 - [MESSAGE][INFO] - Clicking on object: 'Object Repository/Olusturma/Genel/TipSecilir/Tip'

2021-11-12 17:50:17 - [MESSAGE][PASSED] - Object: 'Object Repository/Olusturma/Genel/TipSecilir/Tip' is clicked on

2021-11-12 17:50:17 - [TEST_STEP][PASSED] - Method.TextDegerineEsitElementeTikla(findTestObject("Object Repository/Olusturma/Genel/TipSecilir/Tip_Adi"), Tip): Method.TextDegerineEsitElementeTikla is PASSED

2021-11-12 17:50:17 - [MESSAGE][INFO] - Finding Test Object 'Object Repository/Olusturma/Genel/TipSecilir/Tip_Adi'

2021-11-12 17:50:17 - [MESSAGE][INFO] - Checking timeout

2021-11-12 17:50:17 - [MESSAGE][INFO] - Finding web element with id: 'Object Repository/Olusturma/Genel/TipSecilir/Tip_Adi' located by 'By.cssSelector: #DocumentTypeCode_DDD_L_LBT td' in '10' second(s)

2021-11-12 17:50:17 - [MESSAGE][INFO] - Smart Wait Function is triggered

2021-11-12 17:50:17 - [MESSAGE][INFO] - Found 9 web elements with id: 'Object Repository/Olusturma/Genel/TipSecilir/Tip_Adi' located by 'By.cssSelector: #DocumentTypeCode_DDD_L_LBT td' in '10' second(s)

2021-11-12 17:50:18 - [MESSAGE][PASSED] - Method.TextDegerineEsitElementeTikla is PASSED

2021-11-12 17:50:18 - [MESSAGE][PASSED] - Call Test Case 'Test Cases/Olusturma/Genel/TipSecilir' successfully

2021-11-12 17:50:18 - [MESSAGE][INFO] - Checking called Test Case

2021-11-12 17:50:18 - [MESSAGE][INFO] - Starting to call Test Case 'Test Cases/Olusturma/Genel/EkleButonunaBasilir'

2021-11-12 17:50:18 - [TEST_CASE][PASSED] - Test Cases/Olusturma/Genel/EkleButonunaBasilir: Test Cases/Olusturma/Genel/EkleButonunaBasilir

2021-11-12 17:50:18 - [TEST_STEP][PASSED] - waitForElementClickable(findTestObject("Object Repository/Olusturma/Genel/Olusturma/Ekle"), 10): Object 'Object Repository/Olusturma/Genel/Olusturma/Ekle' is clickable

2021-11-12 17:50:18 - [MESSAGE][INFO] - Finding Test Object 'Object Repository/Olusturma/Genel/Olusturma/Ekle'

2021-11-12 17:50:18 - [MESSAGE][INFO] - Checking object

2021-11-12 17:50:18 - [MESSAGE][INFO] - Checking timeout

2021-11-12 17:50:18 - [MESSAGE][INFO] - Finding web element from Test Object's properties

2021-11-12 17:50:18 - [MESSAGE][INFO] - Checking timeout

2021-11-12 17:50:18 - [MESSAGE][INFO] - Finding web element with id: 'Object Repository/Olusturma/Genel/Olusturma/Ekle' located by 'By.cssSelector: #divmalhizmet i.fa.fa-plus.fa-lg.text-muted' in '10' second(s)

2021-11-12 17:50:18 - [MESSAGE][INFO] - Smart Wait Function is triggered

2021-11-12 17:50:19 - [MESSAGE][INFO] - Found 1 web elements with id: 'Object Repository/Olusturma/Genel/Olusturma/Ekle' located by 'By.cssSelector: #divmalhizmet i.fa.fa-plus.fa-lg.text-muted' in '10' second(s)

2021-11-12 17:50:19 - [MESSAGE][PASSED] - Object 'Object Repository/Olusturma/Genel/Olusturma/Ekle' is clickable

2021-11-12 17:50:19 - [TEST_STEP][PASSED] - click(findTestObject("Object Repository/Olusturma/Genel/Olusturma/Ekle")): Object: 'Object Repository/Olusturma/Genel/Olusturma/Ekle' is clicked on

2021-11-12 17:50:19 - [MESSAGE][INFO] - Finding Test Object 'Object Repository/Olusturma/Genel/Olusturma/Ekle'

2021-11-12 17:50:19 - [MESSAGE][INFO] - Checking object

2021-11-12 17:50:19 - [MESSAGE][INFO] - Finding web element from Test Object's properties

2021-11-12 17:50:19 - [MESSAGE][INFO] - Checking timeout

2021-11-12 17:50:19 - [MESSAGE][INFO] - Finding web element with id: 'Object Repository/Olusturma/Genel/Olusturma/Ekle' located by 'By.cssSelector: #divmalhizmet i.fa.fa-plus.fa-lg.text-muted' in '30' second(s)

2021-11-12 17:50:19 - [MESSAGE][INFO] - Smart Wait Function is triggered

2021-11-12 17:50:19 - [MESSAGE][INFO] - Found 1 web elements with id: 'Object Repository/Olusturma/Genel/Olusturma/Ekle' located by 'By.cssSelector: #divmalhizmet i.fa.fa-plus.fa-lg.text-muted' in '30' second(s)

2021-11-12 17:50:19 - [MESSAGE][INFO] - Clicking on object: 'Object Repository/Olusturma/Genel/Olusturma/Ekle'

2021-11-12 17:50:19 - [MESSAGE][PASSED] - Object: 'Object Repository/Olusturma/Genel/Olusturma/Ekle' is clicked on

2021-11-12 17:50:19 - [TEST_STEP][PASSED] - waitForElementClickable(findTestObject("Olusturma/Genel/Olusturma/EklenenSatirCarpiImage"), 10): Object 'Object Repository/Olusturma/Genel/Olusturma/EklenenSatirCarpiImage' is clickable

2021-11-12 17:50:19 - [MESSAGE][INFO] - Finding Test Object 'Object Repository/Olusturma/Genel/Olusturma/EklenenSatirCarpiImage'

2021-11-12 17:50:19 - [MESSAGE][INFO] - Checking object

2021-11-12 17:50:19 - [MESSAGE][INFO] - Checking timeout

2021-11-12 17:50:19 - [MESSAGE][INFO] - Finding web element from Test Object's properties

2021-11-12 17:50:19 - [MESSAGE][INFO] - Checking timeout

2021-11-12 17:50:19 - [MESSAGE][INFO] - Finding web element with id: 'Object Repository/Olusturma/Genel/Olusturma/EklenenSatirCarpiImage' located by 'By.cssSelector: .fa.fa-times.fa-lg.text-primary' in '10' second(s)

2021-11-12 17:50:19 - [MESSAGE][INFO] - Smart Wait Function is triggered

2021-11-12 17:50:19 - [MESSAGE][INFO] - Smart Wait Function is triggered

2021-11-12 17:50:21 - [MESSAGE][INFO] - Found 1 web elements with id: 'Object Repository/Olusturma/Genel/Olusturma/EklenenSatirCarpiImage' located by 'By.cssSelector: .fa.fa-times.fa-lg.text-primary' in '10' second(s)

2021-11-12 17:50:21 - [MESSAGE][PASSED] - Object 'Object Repository/Olusturma/Genel/Olusturma/EklenenSatirCarpiImage' is clickable

2021-11-12 17:50:21 - [MESSAGE][PASSED] - Call Test Case 'Test Cases/Olusturma/Genel/EkleButonunaBasilir' successfully

2021-11-12 17:50:21 - [MESSAGE][INFO] - Checking called Test Case

2021-11-12 17:50:21 - [MESSAGE][INFO] - Starting to call Test Case 'Test Cases/Olusturma/Genel/Olusturma'

2021-11-12 17:50:21 - [TEST_CASE][PASSED] - Test Cases/Olusturma/Genel/Olusturma: Test Cases/Olusturma/Genel/Olusturma

2021-11-12 17:50:21 - [TEST_STEP][PASSED] - driver = getWebDriver(): null

2021-11-12 17:50:21 - [TEST_STEP][PASSED] - action = new org.openqa.selenium.interactions.Actions(driver): null

2021-11-12 17:50:21 - [TEST_STEP][PASSED] - baslikElement = <not implemented yet for class: org.codehaus.groovy.ast.expr.EmptyExpression>: null

2021-11-12 17:50:21 - [TEST_STEP][PASSED] - sonElement = <not implemented yet for class: org.codehaus.groovy.ast.expr.EmptyExpression>: null

2021-11-12 17:50:21 - [TEST_STEP][PASSED] - attr = <not implemented yet for class: org.codehaus.groovy.ast.expr.EmptyExpression>: null

2021-11-12 17:50:21 - [TEST_STEP][PASSED] - a = 0: null

2021-11-12 17:50:21 - [TEST_STEP][PASSED] - elements = findWebElements(findTestObject("Object Repository/Olusturma/Genel/Olusturma/TabloBasliklari"), 10): Found 13 web elements with id: 'Object Repository/Olusturma/Genel/Olusturma/TabloBasliklari' located by 'By.cssSelector: div#divmalhizmet .dxgvTable_LECustomTheme td.dxgvHeader_LECustomTheme tr>td:nth-child(1)' in '10' second(s)

2021-11-12 17:50:21 - [MESSAGE][INFO] - Finding Test Object 'Object Repository/Olusturma/Genel/Olusturma/TabloBasliklari'

2021-11-12 17:50:22 - [MESSAGE][INFO] - Checking timeout

2021-11-12 17:50:22 - [MESSAGE][INFO] - Finding web element with id: 'Object Repository/Olusturma/Genel/Olusturma/TabloBasliklari' located by 'By.cssSelector: div#divmalhizmet .dxgvTable_LECustomTheme td.dxgvHeader_LECustomTheme tr>td:nth-child(1)' in '10' second(s)

2021-11-12 17:50:22 - [MESSAGE][INFO] - Smart Wait Function is triggered

2021-11-12 17:50:22 - [MESSAGE][INFO] - Found 13 web elements with id: 'Object Repository/Olusturma/Genel/Olusturma/TabloBasliklari' located by 'By.cssSelector: div#divmalhizmet .dxgvTable_LECustomTheme td.dxgvHeader_LECustomTheme tr>td:nth-child(1)' in '10' second(s)

2021-11-12 17:50:22 - [TEST_STEP][PASSED] - for (def element : elements): null

2021-11-12 17:50:22 - [TEST_STEP][PASSED] - build().perform(): null

2021-11-12 17:50:22 - [TEST_STEP][PASSED] - if (getText().equals(Baslik)): null

2021-11-12 17:50:22 - [TEST_STEP][PASSED] - baslikElement = element.findElement(By.xpath("../../../..")): Smart Wait Function is triggered

2021-11-12 17:50:22 - [MESSAGE][INFO] - Smart Wait Function is triggered

2021-11-12 17:50:22 - [TEST_STEP][PASSED] - attr = baslikElement.getAttribute("id"): null

2021-11-12 17:50:22 - [TEST_STEP][PASSED] - println("girdi ve idsini aldı = " + attr): null

2021-11-12 17:50:22 - [TEST_STEP][PASSED] - break: null

2021-11-12 17:50:22 - [TEST_STEP][PASSED] - countElement = baslikElement.findElements(By.xpath("../td")): Smart Wait Function is triggered

2021-11-12 17:50:22 - [MESSAGE][INFO] - Smart Wait Function is triggered

2021-11-12 17:50:23 - [TEST_STEP][PASSED] - for (def element : countElement): null

2021-11-12 17:50:23 - [TEST_STEP][PASSED] - if (toString().equals(attr.toString())): null

2021-11-12 17:50:23 - [TEST_STEP][PASSED] - (a++): null

2021-11-12 17:50:23 - [TEST_STEP][PASSED] - if (toString().equals(attr.toString())): null

2021-11-12 17:50:23 - [TEST_STEP][PASSED] - break: null

2021-11-12 17:50:23 - [TEST_STEP][PASSED] - son = findWebElement(findTestObject("Object Repository/Olusturma/Genel/Olusturma/EklenenSatir")).findElement(By.xpath("td[@class='dxgvInlineEditCell_LECustomTheme dxgv'][" + a + "]//td[@class='dxic']/input")): Smart Wait Function is triggered

2021-11-12 17:50:23 - [MESSAGE][INFO] - Finding Test Object 'Object Repository/Olusturma/Genel/Olusturma/EklenenSatir'

2021-11-12 17:50:23 - [MESSAGE][INFO] - Finding web element from Test Object's properties

2021-11-12 17:50:23 - [MESSAGE][INFO] - Checking timeout

2021-11-12 17:50:23 - [MESSAGE][INFO] - Finding web element with id: 'Object Repository/Olusturma/Genel/Olusturma/EklenenSatir' located by 'By.cssSelector: #divmalhizmet .dxgvInlineEditRow_LECustomTheme' in '30' second(s)

2021-11-12 17:50:23 - [MESSAGE][INFO] - Smart Wait Function is triggered

2021-11-12 17:50:23 - [MESSAGE][INFO] - Found 1 web elements with id: 'Object Repository/Olusturma/Genel/Olusturma/EklenenSatir' located by 'By.cssSelector: #divmalhizmet .dxgvInlineEditRow_LECustomTheme' in '30' second(s)

2021-11-12 17:50:23 - [MESSAGE][INFO] - Smart Wait Function is triggered

2021-11-12 17:50:23 - [TEST_STEP][PASSED] - if (!(getAttribute("value").contains("Vkn"))): null

2021-11-12 17:50:23 - [TEST_STEP][PASSED] - son.clear(): null

2021-11-12 17:50:23 - [TEST_STEP][PASSED] - son.sendKeys(Deger): null

2021-11-12 17:50:24 - [MESSAGE][PASSED] - Call Test Case 'Test Cases/Olusturma/Genel/Olusturma' successfully

2021-11-12 17:50:24 - [MESSAGE][INFO] - Checking called Test Case

2021-11-12 17:50:24 - [MESSAGE][INFO] - Starting to call Test Case 'Test Cases/Olusturma/Genel/Olusturma'

2021-11-12 17:50:24 - [TEST_CASE][PASSED] - Test Cases/Olusturma/Genel/Olusturma: Test Cases/Olusturma/Genel/Olusturma

2021-11-12 17:50:24 - [TEST_STEP][PASSED] - driver = getWebDriver(): null

2021-11-12 17:50:24 - [TEST_STEP][PASSED] - action = new org.openqa.selenium.interactions.Actions(driver): null

2021-11-12 17:50:24 - [TEST_STEP][PASSED] - baslikElement = <not implemented yet for class: org.codehaus.groovy.ast.expr.EmptyExpression>: null

2021-11-12 17:50:24 - [TEST_STEP][PASSED] - sonElement = <not implemented yet for class: org.codehaus.groovy.ast.expr.EmptyExpression>: null

2021-11-12 17:50:24 - [TEST_STEP][PASSED] - attr = <not implemented yet for class: org.codehaus.groovy.ast.expr.EmptyExpression>: null

2021-11-12 17:50:24 - [TEST_STEP][PASSED] - a = 0: null

2021-11-12 17:50:24 - [TEST_STEP][PASSED] - elements = findWebElements(findTestObject("Object Repository/Olusturma/Genel/Olusturma/TabloBasliklari"), 10): Found 13 web elements with id: 'Object Repository/Olusturma/Genel/Olusturma/TabloBasliklari' located by 'By.cssSelector: div#divmalhizmet .dxgvTable_LECustomTheme td.dxgvHeader_LECustomTheme tr>td:nth-child(1)' in '10' second(s)

2021-11-12 17:50:24 - [MESSAGE][INFO] - Finding Test Object 'Object Repository/Olusturma/Genel/Olusturma/TabloBasliklari'

2021-11-12 17:50:24 - [MESSAGE][INFO] - Checking timeout

2021-11-12 17:50:24 - [MESSAGE][INFO] - Finding web element with id: 'Object Repository/Olusturma/Genel/Olusturma/TabloBasliklari' located by 'By.cssSelector: div#divmalhizmet .dxgvTable_LECustomTheme td.dxgvHeader_LECustomTheme tr>td:nth-child(1)' in '10' second(s)

2021-11-12 17:50:24 - [MESSAGE][INFO] - Smart Wait Function is triggered

2021-11-12 17:50:24 - [MESSAGE][INFO] - Found 13 web elements with id: 'Object Repository/Olusturma/Genel/Olusturma/TabloBasliklari' located by 'By.cssSelector: div#divmalhizmet .dxgvTable_LECustomTheme td.dxgvHeader_LECustomTheme tr>td:nth-child(1)' in '10' second(s)

2021-11-12 17:50:24 - [TEST_STEP][PASSED] - for (def element : elements): null

2021-11-12 17:50:24 - [TEST_STEP][PASSED] - build().perform(): null

2021-11-12 17:50:24 - [TEST_STEP][PASSED] - if (getText().equals(Baslik)): null

2021-11-12 17:50:24 - [TEST_STEP][PASSED] - build().perform(): null

2021-11-12 17:50:24 - [TEST_STEP][PASSED] - if (getText().equals(Baslik)): null

2021-11-12 17:50:24 - [TEST_STEP][PASSED] - baslikElement = element.findElement(By.xpath("../../../..")): Smart Wait Function is triggered

2021-11-12 17:50:24 - [MESSAGE][INFO] - Smart Wait Function is triggered

2021-11-12 17:50:25 - [TEST_STEP][PASSED] - attr = baslikElement.getAttribute("id"): null

2021-11-12 17:50:25 - [TEST_STEP][PASSED] - println("girdi ve idsini aldı = " + attr): null

2021-11-12 17:50:25 - [TEST_STEP][PASSED] - break: null

2021-11-12 17:50:25 - [TEST_STEP][PASSED] - countElement = baslikElement.findElements(By.xpath("../td")): Smart Wait Function is triggered

2021-11-12 17:50:25 - [MESSAGE][INFO] - Smart Wait Function is triggered

2021-11-12 17:50:25 - [TEST_STEP][PASSED] - for (def element : countElement): null

2021-11-12 17:50:25 - [TEST_STEP][PASSED] - if (toString().equals(attr.toString())): null

2021-11-12 17:50:25 - [TEST_STEP][PASSED] - (a++): null

2021-11-12 17:50:25 - [TEST_STEP][PASSED] - if (toString().equals(attr.toString())): null

2021-11-12 17:50:25 - [TEST_STEP][PASSED] - (a++): null

2021-11-12 17:50:25 - [TEST_STEP][PASSED] - if (toString().equals(attr.toString())): null

2021-11-12 17:50:25 - [TEST_STEP][PASSED] - break: null

2021-11-12 17:50:25 - [TEST_STEP][PASSED] - son = findWebElement(findTestObject("Object Repository/Olusturma/Genel/Olusturma/EklenenSatir")).findElement(By.xpath("td[@class='dxgvInlineEditCell_LECustomTheme dxgv'][" + a + "]//td[@class='dxic']/input")): Smart Wait Function is triggered

2021-11-12 17:50:25 - [MESSAGE][INFO] - Finding Test Object 'Object Repository/Olusturma/Genel/Olusturma/EklenenSatir'

2021-11-12 17:50:25 - [MESSAGE][INFO] - Finding web element from Test Object's properties

2021-11-12 17:50:25 - [MESSAGE][INFO] - Checking timeout

2021-11-12 17:50:25 - [MESSAGE][INFO] - Finding web element with id: 'Object Repository/Olusturma/Genel/Olusturma/EklenenSatir' located by 'By.cssSelector: #divmalhizmet .dxgvInlineEditRow_LECustomTheme' in '30' second(s)

2021-11-12 17:50:25 - [MESSAGE][INFO] - Smart Wait Function is triggered

2021-11-12 17:50:25 - [MESSAGE][INFO] - Found 1 web elements with id: 'Object Repository/Olusturma/Genel/Olusturma/EklenenSatir' located by 'By.cssSelector: #divmalhizmet .dxgvInlineEditRow_LECustomTheme' in '30' second(s)

2021-11-12 17:50:25 - [MESSAGE][INFO] - Smart Wait Function is triggered

2021-11-12 17:50:26 - [TEST_STEP][PASSED] - if (!(getAttribute("value").contains("Vkn"))): null

2021-11-12 17:50:26 - [TEST_STEP][PASSED] - son.clear(): null

2021-11-12 17:50:26 - [TEST_STEP][PASSED] - son.sendKeys(Deger): null

2021-11-12 17:50:26 - [MESSAGE][PASSED] - Call Test Case 'Test Cases/Olusturma/Genel/Olusturma' successfully

2021-11-12 17:50:26 - [MESSAGE][INFO] - Checking called Test Case

2021-11-12 17:50:26 - [MESSAGE][INFO] - Starting to call Test Case 'Test Cases/Olusturma/Genel/Olusturma'

2021-11-12 17:50:26 - [TEST_CASE][PASSED] - Test Cases/Olusturma/Genel/Olusturma: Test Cases/Olusturma/Genel/Olusturma

2021-11-12 17:50:26 - [TEST_STEP][PASSED] - driver = getWebDriver(): null

2021-11-12 17:50:26 - [TEST_STEP][PASSED] - action = new org.openqa.selenium.interactions.Actions(driver): null

2021-11-12 17:50:26 - [TEST_STEP][PASSED] - baslikElement = <not implemented yet for class: org.codehaus.groovy.ast.expr.EmptyExpression>: null

2021-11-12 17:50:26 - [TEST_STEP][PASSED] - sonElement = <not implemented yet for class: org.codehaus.groovy.ast.expr.EmptyExpression>: null

2021-11-12 17:50:26 - [TEST_STEP][PASSED] - attr = <not implemented yet for class: org.codehaus.groovy.ast.expr.EmptyExpression>: null

2021-11-12 17:50:26 - [TEST_STEP][PASSED] - a = 0: null

2021-11-12 17:50:26 - [TEST_STEP][PASSED] - elements = findWebElements(findTestObject("Object Repository/Olusturma/Genel/Olusturma/TabloBasliklari"), 10): Found 13 web elements with id: 'Object Repository/Olusturma/Genel/Olusturma/TabloBasliklari' located by 'By.cssSelector: div#divmalhizmet .dxgvTable_LECustomTheme td.dxgvHeader_LECustomTheme tr>td:nth-child(1)' in '10' second(s)

2021-11-12 17:50:26 - [MESSAGE][INFO] - Finding Test Object 'Object Repository/Olusturma/Genel/Olusturma/TabloBasliklari'

2021-11-12 17:50:26 - [MESSAGE][INFO] - Checking timeout

2021-11-12 17:50:26 - [MESSAGE][INFO] - Finding web element with id: 'Object Repository/Olusturma/Genel/Olusturma/TabloBasliklari' located by 'By.cssSelector: div#divmalhizmet .dxgvTable_LECustomTheme td.dxgvHeader_LECustomTheme tr>td:nth-child(1)' in '10' second(s)

2021-11-12 17:50:26 - [MESSAGE][INFO] - Smart Wait Function is triggered

2021-11-12 17:50:26 - [MESSAGE][INFO] - Found 13 web elements with id: 'Object Repository/Olusturma/Genel/Olusturma/TabloBasliklari' located by 'By.cssSelector: div#divmalhizmet .dxgvTable_LECustomTheme td.dxgvHeader_LECustomTheme tr>td:nth-child(1)' in '10' second(s)

2021-11-12 17:50:26 - [TEST_STEP][PASSED] - for (def element : elements): null

2021-11-12 17:50:26 - [TEST_STEP][PASSED] - build().perform(): null

2021-11-12 17:50:27 - [TEST_STEP][PASSED] - if (getText().equals(Baslik)): null

2021-11-12 17:50:27 - [TEST_STEP][PASSED] - build().perform(): null

2021-11-12 17:50:27 - [TEST_STEP][PASSED] - if (getText().equals(Baslik)): null

2021-11-12 17:50:27 - [TEST_STEP][PASSED] - build().perform(): null

2021-11-12 17:50:27 - [TEST_STEP][PASSED] - if (getText().equals(Baslik)): null

2021-11-12 17:50:27 - [TEST_STEP][PASSED] - build().perform(): null

2021-11-12 17:50:27 - [TEST_STEP][PASSED] - if (getText().equals(Baslik)): null

2021-11-12 17:50:27 - [TEST_STEP][PASSED] - baslikElement = element.findElement(By.xpath("../../../..")): Smart Wait Function is triggered

2021-11-12 17:50:27 - [MESSAGE][INFO] - Smart Wait Function is triggered

2021-11-12 17:50:27 - [TEST_STEP][PASSED] - attr = baslikElement.getAttribute("id"): null

2021-11-12 17:50:27 - [TEST_STEP][PASSED] - println("girdi ve idsini aldı = " + attr): null

2021-11-12 17:50:27 - [TEST_STEP][PASSED] - break: null

2021-11-12 17:50:27 - [TEST_STEP][PASSED] - countElement = baslikElement.findElements(By.xpath("../td")): Smart Wait Function is triggered

2021-11-12 17:50:27 - [MESSAGE][INFO] - Smart Wait Function is triggered

2021-11-12 17:50:28 - [TEST_STEP][PASSED] - for (def element : countElement): null

2021-11-12 17:50:28 - [TEST_STEP][PASSED] - if (toString().equals(attr.toString())): null

2021-11-12 17:50:28 - [TEST_STEP][PASSED] - (a++): null

2021-11-12 17:50:28 - [TEST_STEP][PASSED] - if (toString().equals(attr.toString())): null

2021-11-12 17:50:28 - [TEST_STEP][PASSED] - (a++): null

2021-11-12 17:50:28 - [TEST_STEP][PASSED] - if (toString().equals(attr.toString())): null

2021-11-12 17:50:28 - [TEST_STEP][PASSED] - (a++): null

2021-11-12 17:50:28 - [TEST_STEP][PASSED] - if (toString().equals(attr.toString())): null

2021-11-12 17:50:28 - [TEST_STEP][PASSED] - (a++): null

2021-11-12 17:50:28 - [TEST_STEP][PASSED] - if (toString().equals(attr.toString())): null

2021-11-12 17:50:28 - [TEST_STEP][PASSED] - break: null

2021-11-12 17:50:28 - [TEST_STEP][PASSED] - son = findWebElement(findTestObject("Object Repository/Olusturma/Genel/Olusturma/EklenenSatir")).findElement(By.xpath("td[@class='dxgvInlineEditCell_LECustomTheme dxgv'][" + a + "]//td[@class='dxic']/input")): Smart Wait Function is triggered

2021-11-12 17:50:28 - [MESSAGE][INFO] - Finding Test Object 'Object Repository/Olusturma/Genel/Olusturma/EklenenSatir'

2021-11-12 17:50:28 - [MESSAGE][INFO] - Finding web element from Test Object's properties

2021-11-12 17:50:28 - [MESSAGE][INFO] - Checking timeout

2021-11-12 17:50:28 - [MESSAGE][INFO] - Finding web element with id: 'Object Repository/Olusturma/Genel/Olusturma/EklenenSatir' located by 'By.cssSelector: #divmalhizmet .dxgvInlineEditRow_LECustomTheme' in '30' second(s)

2021-11-12 17:50:28 - [MESSAGE][INFO] - Smart Wait Function is triggered

2021-11-12 17:50:28 - [MESSAGE][INFO] - Found 1 web elements with id: 'Object Repository/Olusturma/Genel/Olusturma/EklenenSatir' located by 'By.cssSelector: #divmalhizmet .dxgvInlineEditRow_LECustomTheme' in '30' second(s)

2021-11-12 17:50:28 - [MESSAGE][INFO] - Smart Wait Function is triggered

2021-11-12 17:50:29 - [TEST_STEP][PASSED] - if (!(getAttribute("value").contains("Vkn"))): null

2021-11-12 17:50:29 - [TEST_STEP][PASSED] - son.clear(): null

2021-11-12 17:50:29 - [TEST_STEP][PASSED] - son.sendKeys(Deger): null

2021-11-12 17:50:29 - [MESSAGE][PASSED] - Call Test Case 'Test Cases/Olusturma/Genel/Olusturma' successfully

2021-11-12 17:50:29 - [MESSAGE][INFO] - Checking called Test Case

2021-11-12 17:50:29 - [MESSAGE][INFO] - Starting to call Test Case 'Test Cases/Olusturma/Genel/Olusturma'

2021-11-12 17:50:29 - [TEST_CASE][PASSED] - Test Cases/Olusturma/Genel/Olusturma: Test Cases/Olusturma/Genel/Olusturma

2021-11-12 17:50:29 - [TEST_STEP][PASSED] - driver = getWebDriver(): null

2021-11-12 17:50:29 - [TEST_STEP][PASSED] - action = new org.openqa.selenium.interactions.Actions(driver): null

2021-11-12 17:50:29 - [TEST_STEP][PASSED] - baslikElement = <not implemented yet for class: org.codehaus.groovy.ast.expr.EmptyExpression>: null

2021-11-12 17:50:29 - [TEST_STEP][PASSED] - sonElement = <not implemented yet for class: org.codehaus.groovy.ast.expr.EmptyExpression>: null

2021-11-12 17:50:29 - [TEST_STEP][PASSED] - attr = <not implemented yet for class: org.codehaus.groovy.ast.expr.EmptyExpression>: null

2021-11-12 17:50:29 - [TEST_STEP][PASSED] - a = 0: null

2021-11-12 17:50:29 - [TEST_STEP][PASSED] - elements = findWebElements(findTestObject("Object Repository/Olusturma/Genel/Olusturma/TabloBasliklari"), 10): Found 13 web elements with id: 'Object Repository/Olusturma/Genel/Olusturma/TabloBasliklari' located by 'By.cssSelector: div#divmalhizmet .dxgvTable_LECustomTheme td.dxgvHeader_LECustomTheme tr>td:nth-child(1)' in '10' second(s)

2021-11-12 17:50:29 - [MESSAGE][INFO] - Finding Test Object 'Object Repository/Olusturma/Genel/Olusturma/TabloBasliklari'

2021-11-12 17:50:29 - [MESSAGE][INFO] - Checking timeout

2021-11-12 17:50:29 - [MESSAGE][INFO] - Finding web element with id: 'Object Repository/Olusturma/Genel/Olusturma/TabloBasliklari' located by 'By.cssSelector: div#divmalhizmet .dxgvTable_LECustomTheme td.dxgvHeader_LECustomTheme tr>td:nth-child(1)' in '10' second(s)

2021-11-12 17:50:29 - [MESSAGE][INFO] - Smart Wait Function is triggered

2021-11-12 17:50:30 - [MESSAGE][INFO] - Found 13 web elements with id: 'Object Repository/Olusturma/Genel/Olusturma/TabloBasliklari' located by 'By.cssSelector: div#divmalhizmet .dxgvTable_LECustomTheme td.dxgvHeader_LECustomTheme tr>td:nth-child(1)' in '10' second(s)

2021-11-12 17:50:30 - [TEST_STEP][PASSED] - for (def element : elements): null

2021-11-12 17:50:30 - [TEST_STEP][PASSED] - build().perform(): null

2021-11-12 17:50:30 - [TEST_STEP][PASSED] - if (getText().equals(Baslik)): null

2021-11-12 17:50:30 - [TEST_STEP][PASSED] - build().perform(): null

2021-11-12 17:50:30 - [TEST_STEP][PASSED] - if (getText().equals(Baslik)): null

2021-11-12 17:50:30 - [TEST_STEP][PASSED] - build().perform(): null

2021-11-12 17:50:30 - [TEST_STEP][PASSED] - if (getText().equals(Baslik)): null

2021-11-12 17:50:30 - [TEST_STEP][PASSED] - build().perform(): null

2021-11-12 17:50:30 - [TEST_STEP][PASSED] - if (getText().equals(Baslik)): null

2021-11-12 17:50:30 - [TEST_STEP][PASSED] - build().perform(): null

2021-11-12 17:50:31 - [TEST_STEP][PASSED] - if (getText().equals(Baslik)): null

2021-11-12 17:50:31 - [TEST_STEP][PASSED] - build().perform(): null

2021-11-12 17:50:31 - [TEST_STEP][PASSED] - if (getText().equals(Baslik)): null

2021-11-12 17:50:31 - [TEST_STEP][PASSED] - baslikElement = element.findElement(By.xpath("../../../..")): Smart Wait Function is triggered

2021-11-12 17:50:31 - [MESSAGE][INFO] - Smart Wait Function is triggered

2021-11-12 17:50:31 - [TEST_STEP][PASSED] - attr = baslikElement.getAttribute("id"): null

2021-11-12 17:50:31 - [TEST_STEP][PASSED] - println("girdi ve idsini aldı = " + attr): null

2021-11-12 17:50:31 - [TEST_STEP][PASSED] - break: null

2021-11-12 17:50:31 - [TEST_STEP][PASSED] - countElement = baslikElement.findElements(By.xpath("../td")): Smart Wait Function is triggered

2021-11-12 17:50:31 - [MESSAGE][INFO] - Smart Wait Function is triggered

2021-11-12 17:50:31 - [TEST_STEP][PASSED] - for (def element : countElement): null

2021-11-12 17:50:31 - [TEST_STEP][PASSED] - if (toString().equals(attr.toString())): null

2021-11-12 17:50:31 - [TEST_STEP][PASSED] - (a++): null

2021-11-12 17:50:31 - [TEST_STEP][PASSED] - if (toString().equals(attr.toString())): null

2021-11-12 17:50:31 - [TEST_STEP][PASSED] - (a++): null

2021-11-12 17:50:32 - [TEST_STEP][PASSED] - if (toString().equals(attr.toString())): null

2021-11-12 17:50:32 - [TEST_STEP][PASSED] - (a++): null

2021-11-12 17:50:32 - [TEST_STEP][PASSED] - if (toString().equals(attr.toString())): null

2021-11-12 17:50:32 - [TEST_STEP][PASSED] - (a++): null

2021-11-12 17:50:32 - [TEST_STEP][PASSED] - if (toString().equals(attr.toString())): null

2021-11-12 17:50:32 - [TEST_STEP][PASSED] - (a++): null

2021-11-12 17:50:32 - [TEST_STEP][PASSED] - if (toString().equals(attr.toString())): null

2021-11-12 17:50:32 - [TEST_STEP][PASSED] - (a++): null

2021-11-12 17:50:32 - [TEST_STEP][PASSED] - if (toString().equals(attr.toString())): null

2021-11-12 17:50:32 - [TEST_STEP][PASSED] - break: null

2021-11-12 17:50:32 - [TEST_STEP][PASSED] - son = findWebElement(findTestObject("Object Repository/Olusturma/Genel/Olusturma/EklenenSatir")).findElement(By.xpath("td[@class='dxgvInlineEditCell_LECustomTheme dxgv'][" + a + "]//td[@class='dxic']/input")): Smart Wait Function is triggered

2021-11-12 17:50:32 - [MESSAGE][INFO] - Finding Test Object 'Object Repository/Olusturma/Genel/Olusturma/EklenenSatir'

2021-11-12 17:50:32 - [MESSAGE][INFO] - Finding web element from Test Object's properties

2021-11-12 17:50:32 - [MESSAGE][INFO] - Checking timeout

2021-11-12 17:50:32 - [MESSAGE][INFO] - Finding web element with id: 'Object Repository/Olusturma/Genel/Olusturma/EklenenSatir' located by 'By.cssSelector: #divmalhizmet .dxgvInlineEditRow_LECustomTheme' in '30' second(s)

2021-11-12 17:50:32 - [MESSAGE][INFO] - Smart Wait Function is triggered

2021-11-12 17:50:32 - [MESSAGE][INFO] - Found 1 web elements with id: 'Object Repository/Olusturma/Genel/Olusturma/EklenenSatir' located by 'By.cssSelector: #divmalhizmet .dxgvInlineEditRow_LECustomTheme' in '30' second(s)

2021-11-12 17:50:32 - [MESSAGE][INFO] - Smart Wait Function is triggered

2021-11-12 17:50:32 - [TEST_STEP][PASSED] - if (!(getAttribute("value").contains("Vkn"))): null

2021-11-12 17:50:32 - [TEST_STEP][PASSED] - son.clear(): null

2021-11-12 17:50:32 - [TEST_STEP][PASSED] - son.sendKeys(Deger): null

2021-11-12 17:50:33 - [MESSAGE][PASSED] - Call Test Case 'Test Cases/Olusturma/Genel/Olusturma' successfully

2021-11-12 17:50:33 - [MESSAGE][INFO] - Checking called Test Case

2021-11-12 17:50:33 - [MESSAGE][INFO] - Starting to call Test Case 'Test Cases/Olusturma/Genel/NotGirilir'

2021-11-12 17:50:33 - [TEST_CASE][PASSED] - Test Cases/Olusturma/Genel/NotGirilir: Test Cases/Olusturma/Genel/NotGirilir

2021-11-12 17:50:33 - [TEST_STEP][PASSED] - i = 0: null

2021-11-12 17:50:33 - [TEST_STEP][PASSED] - waitForElementClickable(findTestObject("Olusturma/Genel/Not/Notlar"), 10): Object 'Object Repository/Olusturma/Genel/Not/Notlar' is clickable

2021-11-12 17:50:33 - [MESSAGE][INFO] - Finding Test Object 'Object Repository/Olusturma/Genel/Not/Notlar'

2021-11-12 17:50:34 - [MESSAGE][INFO] - Checking object

2021-11-12 17:50:34 - [MESSAGE][INFO] - Checking timeout

2021-11-12 17:50:34 - [MESSAGE][INFO] - Finding web element from Test Object's properties

2021-11-12 17:50:34 - [MESSAGE][INFO] - Checking timeout

2021-11-12 17:50:34 - [MESSAGE][INFO] - Finding web element with id: 'Object Repository/Olusturma/Genel/Not/Notlar' located by 'By.xpath: //*[@id = 'txtNote_I']' in '10' second(s)

2021-11-12 17:50:34 - [MESSAGE][INFO] - Smart Wait Function is triggered

2021-11-12 17:50:34 - [MESSAGE][INFO] - Found 1 web elements with id: 'Object Repository/Olusturma/Genel/Not/Notlar' located by 'By.xpath: //*[@id = 'txtNote_I']' in '10' second(s)

2021-11-12 17:50:34 - [MESSAGE][PASSED] - Object 'Object Repository/Olusturma/Genel/Not/Notlar' is clickable

2021-11-12 17:50:34 - [TEST_STEP][PASSED] - clearText(findTestObject("Olusturma/Genel/Not/Notlar")): Text of object 'Object Repository/Olusturma/Genel/Not/Notlar' is cleared

2021-11-12 17:50:34 - [MESSAGE][INFO] - Finding Test Object 'Object Repository/Olusturma/Genel/Not/Notlar'

2021-11-12 17:50:34 - [MESSAGE][INFO] - Checking object

2021-11-12 17:50:34 - [MESSAGE][INFO] - Finding web element from Test Object's properties

2021-11-12 17:50:34 - [MESSAGE][INFO] - Checking timeout

2021-11-12 17:50:34 - [MESSAGE][INFO] - Finding web element with id: 'Object Repository/Olusturma/Genel/Not/Notlar' located by 'By.xpath: //*[@id = 'txtNote_I']' in '30' second(s)

2021-11-12 17:50:34 - [MESSAGE][INFO] - Smart Wait Function is triggered

2021-11-12 17:50:34 - [MESSAGE][INFO] - Found 1 web elements with id: 'Object Repository/Olusturma/Genel/Not/Notlar' located by 'By.xpath: //*[@id = 'txtNote_I']' in '30' second(s)

2021-11-12 17:50:34 - [MESSAGE][INFO] - Clearing text of object 'Object Repository/Olusturma/Genel/Not/Notlar'

2021-11-12 17:50:34 - [MESSAGE][PASSED] - Text of object 'Object Repository/Olusturma/Genel/Not/Notlar' is cleared

2021-11-12 17:50:34 - [TEST_STEP][PASSED] - click(findTestObject("Olusturma/Genel/Not/Notlar")): Object: 'Object Repository/Olusturma/Genel/Not/Notlar' is clicked on

2021-11-12 17:50:34 - [MESSAGE][INFO] - Finding Test Object 'Object Repository/Olusturma/Genel/Not/Notlar'

2021-11-12 17:50:34 - [MESSAGE][INFO] - Checking object

2021-11-12 17:50:34 - [MESSAGE][INFO] - Finding web element from Test Object's properties

2021-11-12 17:50:34 - [MESSAGE][INFO] - Checking timeout

2021-11-12 17:50:34 - [MESSAGE][INFO] - Finding web element with id: 'Object Repository/Olusturma/Genel/Not/Notlar' located by 'By.xpath: //*[@id = 'txtNote_I']' in '30' second(s)

2021-11-12 17:50:34 - [MESSAGE][INFO] - Smart Wait Function is triggered

2021-11-12 17:50:35 - [MESSAGE][INFO] - Found 1 web elements with id: 'Object Repository/Olusturma/Genel/Not/Notlar' located by 'By.xpath: //*[@id = 'txtNote_I']' in '30' second(s)

2021-11-12 17:50:35 - [MESSAGE][INFO] - Clicking on object: 'Object Repository/Olusturma/Genel/Not/Notlar'

2021-11-12 17:50:35 - [MESSAGE][PASSED] - Object: 'Object Repository/Olusturma/Genel/Not/Notlar' is clicked on

2021-11-12 17:50:35 - [TEST_STEP][PASSED] - while (true): null

2021-11-12 17:50:35 - [TEST_STEP][PASSED] - delay(1): Delayed 1 second(s)

2021-11-12 17:50:35 - [MESSAGE][INFO] - Delaying browser in 1 second(s)

2021-11-12 17:50:36 - [MESSAGE][PASSED] - Delayed 1 second(s)

2021-11-12 17:50:36 - [TEST_STEP][PASSED] - ajaxIsComplete = executeJavaScript("return jQuery.active == 0", null): Execute JavaScript 'return jQuery.active == 0' successfully

2021-11-12 17:50:36 - [MESSAGE][PASSED] - Execute JavaScript 'return jQuery.active == 0' successfully

2021-11-12 17:50:36 - [TEST_STEP][PASSED] - if (ajaxIsComplete): null

2021-11-12 17:50:36 - [TEST_STEP][PASSED] - break: null

2021-11-12 17:50:36 - [TEST_STEP][PASSED] - sendKeys(findTestObject("Olusturma/Genel/Not/Notlar"), Not): Keys 'Otomasyon Not' sent to object: 'Object Repository/Olusturma/Genel/Not/Notlar'

2021-11-12 17:50:36 - [MESSAGE][INFO] - Finding Test Object 'Object Repository/Olusturma/Genel/Not/Notlar'

2021-11-12 17:50:36 - [MESSAGE][INFO] - Sending keys 'Otomasyon Not' to object: 'Object Repository/Olusturma/Genel/Not/Notlar'

2021-11-12 17:50:36 - [MESSAGE][INFO] - Finding web element from Test Object's properties

2021-11-12 17:50:36 - [MESSAGE][INFO] - Checking timeout

2021-11-12 17:50:36 - [MESSAGE][INFO] - Finding web element with id: 'Object Repository/Olusturma/Genel/Not/Notlar' located by 'By.xpath: //*[@id = 'txtNote_I']' in '30' second(s)

2021-11-12 17:50:36 - [MESSAGE][INFO] - Smart Wait Function is triggered

2021-11-12 17:50:36 - [MESSAGE][INFO] - Found 1 web elements with id: 'Object Repository/Olusturma/Genel/Not/Notlar' located by 'By.xpath: //*[@id = 'txtNote_I']' in '30' second(s)

2021-11-12 17:50:36 - [MESSAGE][PASSED] - Keys 'Otomasyon Not' sent to object: 'Object Repository/Olusturma/Genel/Not/Notlar'

2021-11-12 17:50:36 - [MESSAGE][PASSED] - Call Test Case 'Test Cases/Olusturma/Genel/NotGirilir' successfully

2021-11-12 17:50:36 - [MESSAGE][INFO] - Checking called Test Case

2021-11-12 17:50:36 - [MESSAGE][INFO] - Starting to call Test Case 'Test Cases/Olusturma/Genel/KaydetButonunaTiklanir'

2021-11-12 17:50:36 - [TEST_CASE][PASSED] - Test Cases/Olusturma/Genel/KaydetButonunaTiklanir: Test Cases/Olusturma/Genel/KaydetButonunaTiklanir

2021-11-12 17:50:37 - [TEST_STEP][PASSED] - i = 0: null

2021-11-12 17:50:37 - [TEST_STEP][PASSED] - waitForElementPresent(findTestObject("Olusturma/Genel/Not/Notlar"), 10): Object 'Object Repository/Olusturma/Genel/Not/Notlar' is present

2021-11-12 17:50:37 - [MESSAGE][INFO] - Finding Test Object 'Object Repository/Olusturma/Genel/Not/Notlar'

2021-11-12 17:50:37 - [MESSAGE][INFO] - Checking object

2021-11-12 17:50:37 - [MESSAGE][INFO] - Finding web element from Test Object's properties

2021-11-12 17:50:37 - [MESSAGE][INFO] - Checking timeout

2021-11-12 17:50:37 - [MESSAGE][INFO] - Finding web element with id: 'Object Repository/Olusturma/Genel/Not/Notlar' located by 'By.xpath: //*[@id = 'txtNote_I']' in '10' second(s)

2021-11-12 17:50:37 - [MESSAGE][INFO] - Smart Wait Function is triggered

2021-11-12 17:50:37 - [MESSAGE][INFO] - Found 1 web elements with id: 'Object Repository/Olusturma/Genel/Not/Notlar' located by 'By.xpath: //*[@id = 'txtNote_I']' in '10' second(s)

2021-11-12 17:50:37 - [MESSAGE][PASSED] - Object 'Object Repository/Olusturma/Genel/Not/Notlar' is present

2021-11-12 17:50:37 - [TEST_STEP][PASSED] - click(findTestObject("Olusturma/Genel/Not/Notlar")): Object: 'Object Repository/Olusturma/Genel/Not/Notlar' is clicked on

2021-11-12 17:50:37 - [MESSAGE][INFO] - Finding Test Object 'Object Repository/Olusturma/Genel/Not/Notlar'

2021-11-12 17:50:37 - [MESSAGE][INFO] - Checking object

2021-11-12 17:50:37 - [MESSAGE][INFO] - Finding web element from Test Object's properties

2021-11-12 17:50:37 - [MESSAGE][INFO] - Checking timeout

2021-11-12 17:50:37 - [MESSAGE][INFO] - Finding web element with id: 'Object Repository/Olusturma/Genel/Not/Notlar' located by 'By.xpath: //*[@id = 'txtNote_I']' in '30' second(s)

2021-11-12 17:50:37 - [MESSAGE][INFO] - Smart Wait Function is triggered

2021-11-12 17:50:38 - [MESSAGE][INFO] - Found 1 web elements with id: 'Object Repository/Olusturma/Genel/Not/Notlar' located by 'By.xpath: //*[@id = 'txtNote_I']' in '30' second(s)

2021-11-12 17:50:38 - [MESSAGE][INFO] - Clicking on object: 'Object Repository/Olusturma/Genel/Not/Notlar'

2021-11-12 17:50:38 - [MESSAGE][PASSED] - Object: 'Object Repository/Olusturma/Genel/Not/Notlar' is clicked on

2021-11-12 17:50:38 - [TEST_STEP][PASSED] - while (true): null

2021-11-12 17:50:38 - [TEST_STEP][PASSED] - delay(1): Delayed 1 second(s)

2021-11-12 17:50:38 - [MESSAGE][INFO] - Delaying browser in 1 second(s)

2021-11-12 17:50:39 - [MESSAGE][PASSED] - Delayed 1 second(s)

2021-11-12 17:50:39 - [TEST_STEP][PASSED] - ajaxIsComplete = executeJavaScript("return jQuery.active == 0", null): Execute JavaScript 'return jQuery.active == 0' successfully

2021-11-12 17:50:39 - [MESSAGE][PASSED] - Execute JavaScript 'return jQuery.active == 0' successfully

2021-11-12 17:50:39 - [TEST_STEP][PASSED] - if (ajaxIsComplete): null

2021-11-12 17:50:39 - [TEST_STEP][PASSED] - break: null

2021-11-12 17:50:39 - [TEST_STEP][PASSED] - waitForElementClickable(findTestObject("Object Repository/Olusturma/Genel/Buton"), 10): Object 'Object Repository/Olusturma/Genel/Buton' is clickable

2021-11-12 17:50:39 - [MESSAGE][INFO] - Finding Test Object 'Object Repository/Olusturma/Genel/Buton'

2021-11-12 17:50:39 - [MESSAGE][INFO] - Checking object

2021-11-12 17:50:39 - [MESSAGE][INFO] - Checking timeout

2021-11-12 17:50:39 - [MESSAGE][INFO] - Finding web element from Test Object's properties

2021-11-12 17:50:39 - [MESSAGE][INFO] - Checking timeout

2021-11-12 17:50:39 - [MESSAGE][INFO] - Finding web element with id: 'Object Repository/Olusturma/Genel/Buton' located by 'By.xpath: //*[@id = 'btnKaydet']' in '10' second(s)

2021-11-12 17:50:39 - [MESSAGE][INFO] - Smart Wait Function is triggered

2021-11-12 17:50:39 - [MESSAGE][INFO] - Found 1 web elements with id: 'Object Repository/Olusturma/Genel/Buton' located by 'By.xpath: //*[@id = 'btnKaydet']' in '10' second(s)

2021-11-12 17:50:39 - [MESSAGE][PASSED] - Object 'Object Repository/Olusturma/Genel/Buton' is clickable

2021-11-12 17:50:39 - [TEST_STEP][PASSED] - click(findTestObject("Object Repository/Olusturma/Genel/Buton")): Object: 'Object Repository/Olusturma/Genel/Buton' is clicked on

2021-11-12 17:50:39 - [MESSAGE][INFO] - Finding Test Object 'Object Repository/Olusturma/Genel/Buton'

2021-11-12 17:50:39 - [MESSAGE][INFO] - Checking object

2021-11-12 17:50:39 - [MESSAGE][INFO] - Finding web element from Test Object's properties

2021-11-12 17:50:39 - [MESSAGE][INFO] - Checking timeout

2021-11-12 17:50:39 - [MESSAGE][INFO] - Finding web element with id: 'Object Repository/Olusturma/Genel/Buton' located by 'By.xpath: //*[@id = 'btnKaydet']' in '30' second(s)

2021-11-12 17:50:39 - [MESSAGE][INFO] - Smart Wait Function is triggered

2021-11-12 17:50:40 - [MESSAGE][INFO] - Found 1 web elements with id: 'Object Repository/Olusturma/Genel/Buton' located by 'By.xpath: //*[@id = 'btnKaydet']' in '30' second(s)

2021-11-12 17:50:40 - [MESSAGE][INFO] - Clicking on object: 'Object Repository/Olusturma/Genel/Buton'

2021-11-12 17:50:42 - [MESSAGE][PASSED] - Object: 'Object Repository/Olusturma/Genel/Buton' is clicked on

2021-11-12 17:50:42 - [MESSAGE][PASSED] - Call Test Case 'Test Cases/Olusturma/Genel/KaydetButonunaTiklanir' successfully

2021-11-12 17:50:42 - [MESSAGE][INFO] - Checking called Test Case

2021-11-12 17:50:42 - [MESSAGE][INFO] - Starting to call Test Case 'Test Cases/Tablo/TablodaUnvanliVeriOlusturulduMu'

2021-11-12 17:50:42 - [TEST_CASE][PASSED] - Test Cases/Tablo/TablodaUnvanliVeriOlusturulduMu: Test Cases/Tablo/TablodaUnvanliVeriOlusturulduMu

2021-11-12 17:50:43 - [TEST_STEP][PASSED] - waitForElementVisible(findTestObject("Tablo/OlusturulanVeri"), 10, STOP_ON_FAILURE): Object 'Object Repository/Tablo/OlusturulanVeri' is visible

2021-11-12 17:50:43 - [MESSAGE][INFO] - Finding Test Object 'Object Repository/Tablo/OlusturulanVeri'

2021-11-12 17:50:43 - [MESSAGE][INFO] - Checking object

2021-11-12 17:50:43 - [MESSAGE][INFO] - Checking timeout

2021-11-12 17:50:43 - [MESSAGE][INFO] - Finding web element from Test Object's properties

2021-11-12 17:50:43 - [MESSAGE][INFO] - Checking timeout

2021-11-12 17:50:43 - [MESSAGE][INFO] - Finding web element with id: 'Object Repository/Tablo/OlusturulanVeri' located by 'By.cssSelector: table.dxgvTable_LECustomTheme>tbody>tr:nth-child(3)>td.dxgv b,table.dxgvTable_LECustomTheme>tbody>tr:nth-child(3)>td.dxgv' in '10' second(s)

2021-11-12 17:50:43 - [MESSAGE][INFO] - Smart Wait Function is triggered

2021-11-12 17:50:43 - [MESSAGE][INFO] - Found 14 web elements with id: 'Object Repository/Tablo/OlusturulanVeri' located by 'By.cssSelector: table.dxgvTable_LECustomTheme>tbody>tr:nth-child(3)>td.dxgv b,table.dxgvTable_LECustomTheme>tbody>tr:nth-child(3)>td.dxgv' in '10' second(s)

2021-11-12 17:50:43 - [MESSAGE][PASSED] - Object 'Object Repository/Tablo/OlusturulanVeri' is visible

2021-11-12 17:50:43 - [TEST_STEP][PASSED] - Method.TextDegerineEsitElementVarMi(findTestObject("Tablo/OlusturulanVeri"), Unvan): Method.TextDegerineEsitElementVarMi is PASSED

2021-11-12 17:50:43 - [MESSAGE][INFO] - Finding Test Object 'Object Repository/Tablo/OlusturulanVeri'

2021-11-12 17:50:43 - [MESSAGE][INFO] - Checking timeout

2021-11-12 17:50:43 - [MESSAGE][INFO] - Finding web element with id: 'Object Repository/Tablo/OlusturulanVeri' located by 'By.cssSelector: table.dxgvTable_LECustomTheme>tbody>tr:nth-child(3)>td.dxgv b,table.dxgvTable_LECustomTheme>tbody>tr:nth-child(3)>td.dxgv' in '10' second(s)

2021-11-12 17:50:43 - [MESSAGE][INFO] - Smart Wait Function is triggered

2021-11-12 17:50:44 - [MESSAGE][INFO] - Found 14 web elements with id: 'Object Repository/Tablo/OlusturulanVeri' located by 'By.cssSelector: table.dxgvTable_LECustomTheme>tbody>tr:nth-child(3)>td.dxgv b,table.dxgvTable_LECustomTheme>tbody>tr:nth-child(3)>td.dxgv' in '10' second(s)

2021-11-12 17:50:44 - [MESSAGE][PASSED] - Method.TextDegerineEsitElementVarMi is PASSED

2021-11-12 17:50:44 - [MESSAGE][PASSED] - Call Test Case 'Test Cases/Tablo/TablodaUnvanliVeriOlusturulduMu' successfully

2021-11-12 17:50:44 - [MESSAGE][INFO] - Checking called Test Case

2021-11-12 17:50:44 - [MESSAGE][INFO] - Starting to call Test Case 'Test Cases/Tablo/TablodanVeriSec'

2021-11-12 17:50:44 - [TEST_CASE][PASSED] - Test Cases/Tablo/TablodanVeriSec: Test Cases/Tablo/TablodanVeriSec

2021-11-12 17:50:44 - [TEST_STEP][PASSED] - Method.TextDegerineEsitElementinAltindakineTikla(findTestObject("Tablo/Veriler"), findTestObject("Tablo/VerininCheckBoxi"), Veri_Adi): Method.TextDegerineEsitElementinAltindakineTikla is PASSED

2021-11-12 17:50:44 - [MESSAGE][INFO] - Finding Test Object 'Object Repository/Tablo/Veriler'

2021-11-12 17:50:44 - [MESSAGE][INFO] - Finding Test Object 'Object Repository/Tablo/VerininCheckBoxi'

2021-11-12 17:50:44 - [MESSAGE][INFO] - Checking timeout

2021-11-12 17:50:44 - [MESSAGE][INFO] - Finding web element with id: 'Object Repository/Tablo/Veriler' located by 'By.cssSelector: td.dxgv b ,td.dxgv' in '10' second(s)

2021-11-12 17:50:44 - [MESSAGE][INFO] - Smart Wait Function is triggered

2021-11-12 17:50:45 - [MESSAGE][INFO] - Found 140 web elements with id: 'Object Repository/Tablo/Veriler' located by 'By.cssSelector: td.dxgv b ,td.dxgv' in '10' second(s)

2021-11-12 17:50:45 - [MESSAGE][INFO] - Smart Wait Function is triggered

2021-11-12 17:50:45 - [MESSAGE][PASSED] - Method.TextDegerineEsitElementinAltindakineTikla is PASSED

2021-11-12 17:50:45 - [MESSAGE][PASSED] - Call Test Case 'Test Cases/Tablo/TablodanVeriSec' successfully

2021-11-12 17:50:45 - [MESSAGE][INFO] - Checking called Test Case

2021-11-12 17:50:45 - [MESSAGE][INFO] - Starting to call Test Case 'Test Cases/Butonlar/ButonaTikla'

2021-11-12 17:50:45 - [TEST_CASE][PASSED] - Test Cases/Butonlar/ButonaTikla: Test Cases/Butonlar/ButonaTikla

2021-11-12 17:50:45 - [TEST_STEP][PASSED] - Method.TextDegerineEsitElementeTiklaEquals(findTestObject("Butonlar/Butonlar"), Buton_Adi): Method.TextDegerineEsitElementeTiklaEquals is PASSED

2021-11-12 17:50:45 - [MESSAGE][INFO] - Finding Test Object 'Object Repository/Butonlar/Butonlar'

2021-11-12 17:50:45 - [MESSAGE][INFO] - Checking timeout

2021-11-12 17:50:45 - [MESSAGE][INFO] - Finding web element with id: 'Object Repository/Butonlar/Butonlar' located by 'By.cssSelector: .panel.panel-default.text-center.footerPanel .btn,.btn.btn-primary.btnControls' in '10' second(s)

2021-11-12 17:50:45 - [MESSAGE][INFO] - Smart Wait Function is triggered

2021-11-12 17:50:46 - [MESSAGE][INFO] - Found 10 web elements with id: 'Object Repository/Butonlar/Butonlar' located by 'By.cssSelector: .panel.panel-default.text-center.footerPanel .btn,.btn.btn-primary.btnControls' in '10' second(s)

2021-11-12 17:50:49 - [MESSAGE][PASSED] - Method.TextDegerineEsitElementeTiklaEquals is PASSED

2021-11-12 17:50:49 - [MESSAGE][PASSED] - Call Test Case 'Test Cases/Butonlar/ButonaTikla' successfully

2021-11-12 17:50:49 - [MESSAGE][INFO] - Checking called Test Case

2021-11-12 17:50:49 - [MESSAGE][INFO] - Starting to call Test Case 'Test Cases/Olusturma/Genel/GorselTasarimSayfasıBasligiIceriyorMu'

2021-11-12 17:50:50 - [TEST_CASE][PASSED] - Test Cases/Olusturma/Genel/GorselTasarimSayfasıBasligiIceriyorMu: Test Cases/Olusturma/Genel/GorselTasarimSayfasıBasligiIceriyorMu

2021-11-12 17:50:50 - [TEST_STEP][PASSED] - verifyElementText(findTestObject("Object Repository/Olusturma/Genel/GorselTasarimBaslik"), Baslik): Actual text and expected text of test object 'Object Repository/Olusturma/Genel/GorselTasarimBaslik' are matched.

2021-11-12 17:50:50 - [MESSAGE][INFO] - Finding Test Object 'Object Repository/Olusturma/Genel/GorselTasarimBaslik'

2021-11-12 17:50:50 - [MESSAGE][INFO] - Checking object

2021-11-12 17:50:50 - [MESSAGE][INFO] - Finding web element from Test Object's properties

2021-11-12 17:50:50 - [MESSAGE][INFO] - Checking timeout

2021-11-12 17:50:50 - [MESSAGE][INFO] - Finding web element with id: 'Object Repository/Olusturma/Genel/GorselTasarimBaslik' located by 'By.cssSelector: #flAlici_0>div>span' in '30' second(s)

2021-11-12 17:50:50 - [MESSAGE][INFO] - Smart Wait Function is triggered

2021-11-12 17:50:51 - [MESSAGE][INFO] - Found 1 web elements with id: 'Object Repository/Olusturma/Genel/GorselTasarimBaslik' located by 'By.cssSelector: #flAlici_0>div>span' in '30' second(s)

2021-11-12 17:50:51 - [MESSAGE][PASSED] - Actual text and expected text of test object 'Object Repository/Olusturma/Genel/GorselTasarimBaslik' are matched.

2021-11-12 17:50:51 - [MESSAGE][PASSED] - Call Test Case 'Test Cases/Olusturma/Genel/GorselTasarimSayfasıBasligiIceriyorMu' successfully

2021-11-12 17:50:51 - [MESSAGE][INFO] - Checking called Test Case

2021-11-12 17:50:51 - [MESSAGE][INFO] - Starting to call Test Case 'Test Cases/Olusturma/Genel/NotGirilir'

2021-11-12 17:50:51 - [TEST_CASE][PASSED] - Test Cases/Olusturma/Genel/NotGirilir: Test Cases/Olusturma/Genel/NotGirilir

2021-11-12 17:50:51 - [TEST_STEP][PASSED] - i = 0: null

2021-11-12 17:50:51 - [TEST_STEP][PASSED] - waitForElementClickable(findTestObject("Olusturma/Genel/Not/Notlar"), 10): Object 'Object Repository/Olusturma/Genel/Not/Notlar' is clickable

2021-11-12 17:50:51 - [MESSAGE][INFO] - Finding Test Object 'Object Repository/Olusturma/Genel/Not/Notlar'

2021-11-12 17:50:52 - [MESSAGE][INFO] - Checking object

2021-11-12 17:50:52 - [MESSAGE][INFO] - Checking timeout

2021-11-12 17:50:52 - [MESSAGE][INFO] - Finding web element from Test Object's properties

2021-11-12 17:50:52 - [MESSAGE][INFO] - Checking timeout

2021-11-12 17:50:52 - [MESSAGE][INFO] - Finding web element with id: 'Object Repository/Olusturma/Genel/Not/Notlar' located by 'By.xpath: //*[@id = 'txtNote_I']' in '10' second(s)

2021-11-12 17:50:52 - [MESSAGE][INFO] - Smart Wait Function is triggered

2021-11-12 17:50:52 - [MESSAGE][INFO] - Found 1 web elements with id: 'Object Repository/Olusturma/Genel/Not/Notlar' located by 'By.xpath: //*[@id = 'txtNote_I']' in '10' second(s)

2021-11-12 17:50:52 - [MESSAGE][PASSED] - Object 'Object Repository/Olusturma/Genel/Not/Notlar' is clickable

2021-11-12 17:50:52 - [TEST_STEP][PASSED] - clearText(findTestObject("Olusturma/Genel/Not/Notlar")): Text of object 'Object Repository/Olusturma/Genel/Not/Notlar' is cleared

2021-11-12 17:50:52 - [MESSAGE][INFO] - Finding Test Object 'Object Repository/Olusturma/Genel/Not/Notlar'

2021-11-12 17:50:52 - [MESSAGE][INFO] - Checking object

2021-11-12 17:50:52 - [MESSAGE][INFO] - Finding web element from Test Object's properties

2021-11-12 17:50:52 - [MESSAGE][INFO] - Checking timeout

2021-11-12 17:50:52 - [MESSAGE][INFO] - Finding web element with id: 'Object Repository/Olusturma/Genel/Not/Notlar' located by 'By.xpath: //*[@id = 'txtNote_I']' in '30' second(s)

2021-11-12 17:50:52 - [MESSAGE][INFO] - Smart Wait Function is triggered

2021-11-12 17:50:52 - [MESSAGE][INFO] - Found 1 web elements with id: 'Object Repository/Olusturma/Genel/Not/Notlar' located by 'By.xpath: //*[@id = 'txtNote_I']' in '30' second(s)

2021-11-12 17:50:52 - [MESSAGE][INFO] - Clearing text of object 'Object Repository/Olusturma/Genel/Not/Notlar'

2021-11-12 17:50:52 - [MESSAGE][PASSED] - Text of object 'Object Repository/Olusturma/Genel/Not/Notlar' is cleared

2021-11-12 17:50:52 - [TEST_STEP][PASSED] - click(findTestObject("Olusturma/Genel/Not/Notlar")): Object: 'Object Repository/Olusturma/Genel/Not/Notlar' is clicked on

2021-11-12 17:50:52 - [MESSAGE][INFO] - Finding Test Object 'Object Repository/Olusturma/Genel/Not/Notlar'

2021-11-12 17:50:52 - [MESSAGE][INFO] - Checking object

2021-11-12 17:50:52 - [MESSAGE][INFO] - Finding web element from Test Object's properties

2021-11-12 17:50:52 - [MESSAGE][INFO] - Checking timeout

2021-11-12 17:50:52 - [MESSAGE][INFO] - Finding web element with id: 'Object Repository/Olusturma/Genel/Not/Notlar' located by 'By.xpath: //*[@id = 'txtNote_I']' in '30' second(s)

2021-11-12 17:50:52 - [MESSAGE][INFO] - Smart Wait Function is triggered

2021-11-12 17:50:53 - [MESSAGE][INFO] - Found 1 web elements with id: 'Object Repository/Olusturma/Genel/Not/Notlar' located by 'By.xpath: //*[@id = 'txtNote_I']' in '30' second(s)

2021-11-12 17:50:53 - [MESSAGE][INFO] - Clicking on object: 'Object Repository/Olusturma/Genel/Not/Notlar'

2021-11-12 17:50:53 - [MESSAGE][PASSED] - Object: 'Object Repository/Olusturma/Genel/Not/Notlar' is clicked on

2021-11-12 17:50:53 - [TEST_STEP][PASSED] - while (true): null

2021-11-12 17:50:53 - [TEST_STEP][PASSED] - delay(1): Delayed 1 second(s)

2021-11-12 17:50:53 - [MESSAGE][INFO] - Delaying browser in 1 second(s)

2021-11-12 17:50:54 - [MESSAGE][PASSED] - Delayed 1 second(s)

2021-11-12 17:50:54 - [TEST_STEP][PASSED] - ajaxIsComplete = executeJavaScript("return jQuery.active == 0", null): Execute JavaScript 'return jQuery.active == 0' successfully

2021-11-12 17:50:54 - [MESSAGE][PASSED] - Execute JavaScript 'return jQuery.active == 0' successfully

2021-11-12 17:50:54 - [TEST_STEP][PASSED] - if (ajaxIsComplete): null

2021-11-12 17:50:54 - [TEST_STEP][PASSED] - break: null

2021-11-12 17:50:54 - [TEST_STEP][PASSED] - sendKeys(findTestObject("Olusturma/Genel/Not/Notlar"), Not): Keys 'Otomasyon Not Degistir' sent to object: 'Object Repository/Olusturma/Genel/Not/Notlar'

2021-11-12 17:50:54 - [MESSAGE][INFO] - Finding Test Object 'Object Repository/Olusturma/Genel/Not/Notlar'

2021-11-12 17:50:54 - [MESSAGE][INFO] - Sending keys 'Otomasyon Not Degistir' to object: 'Object Repository/Olusturma/Genel/Not/Notlar'

2021-11-12 17:50:54 - [MESSAGE][INFO] - Finding web element from Test Object's properties

2021-11-12 17:50:54 - [MESSAGE][INFO] - Checking timeout

2021-11-12 17:50:54 - [MESSAGE][INFO] - Finding web element with id: 'Object Repository/Olusturma/Genel/Not/Notlar' located by 'By.xpath: //*[@id = 'txtNote_I']' in '30' second(s)

2021-11-12 17:50:54 - [MESSAGE][INFO] - Smart Wait Function is triggered

2021-11-12 17:50:54 - [MESSAGE][INFO] - Found 1 web elements with id: 'Object Repository/Olusturma/Genel/Not/Notlar' located by 'By.xpath: //*[@id = 'txtNote_I']' in '30' second(s)

2021-11-12 17:50:54 - [MESSAGE][PASSED] - Keys 'Otomasyon Not Degistir' sent to object: 'Object Repository/Olusturma/Genel/Not/Notlar'

2021-11-12 17:50:54 - [MESSAGE][PASSED] - Call Test Case 'Test Cases/Olusturma/Genel/NotGirilir' successfully

2021-11-12 17:50:54 - [MESSAGE][INFO] - Checking called Test Case

2021-11-12 17:50:54 - [MESSAGE][INFO] - Starting to call Test Case 'Test Cases/Olusturma/Genel/EttnBilgisiKayitEdilir'

2021-11-12 17:50:54 - [TEST_CASE][PASSED] - Test Cases/Olusturma/Genel/EttnBilgisiKayitEdilir: Test Cases/Olusturma/Genel/EttnBilgisiKayitEdilir

2021-11-12 17:50:55 - [TEST_STEP][PASSED] - verifyElementPresent(findTestObject("Object Repository/Olusturma/Genel/Olusturma/eArsivEttnBilgisi"), 7): Object 'Object Repository/Olusturma/Genel/Olusturma/eArsivEttnBilgisi' is present

2021-11-12 17:50:55 - [MESSAGE][INFO] - Finding Test Object 'Object Repository/Olusturma/Genel/Olusturma/eArsivEttnBilgisi'

2021-11-12 17:50:55 - [MESSAGE][INFO] - Checking object

2021-11-12 17:50:55 - [MESSAGE][INFO] - Finding web element from Test Object's properties

2021-11-12 17:50:55 - [MESSAGE][INFO] - Checking timeout

2021-11-12 17:50:55 - [MESSAGE][INFO] - Finding web element with id: 'Object Repository/Olusturma/Genel/Olusturma/eArsivEttnBilgisi' located by 'By.xpath: //*[@id = 'Uuid_I']' in '7' second(s)

2021-11-12 17:50:55 - [MESSAGE][INFO] - Smart Wait Function is triggered

2021-11-12 17:50:55 - [MESSAGE][INFO] - Found 1 web elements with id: 'Object Repository/Olusturma/Genel/Olusturma/eArsivEttnBilgisi' located by 'By.xpath: //*[@id = 'Uuid_I']' in '7' second(s)

2021-11-12 17:50:55 - [MESSAGE][PASSED] - Object 'Object Repository/Olusturma/Genel/Olusturma/eArsivEttnBilgisi' is present

2021-11-12 17:50:55 - [TEST_STEP][PASSED] - ettn = getAttribute(findTestObject("Object Repository/Olusturma/Genel/Olusturma/eArsivEttnBilgisi"), "value"): Attribute 'value' of object 'Object Repository/Olusturma/Genel/Olusturma/eArsivEttnBilgisi' is: 'f4d20192-691f-4f53-b748-1cacc4975388'

2021-11-12 17:50:55 - [MESSAGE][INFO] - Finding Test Object 'Object Repository/Olusturma/Genel/Olusturma/eArsivEttnBilgisi'

2021-11-12 17:50:55 - [MESSAGE][INFO] - Checking object

2021-11-12 17:50:55 - [MESSAGE][INFO] - Checking attribute

2021-11-12 17:50:55 - [MESSAGE][INFO] - Finding web element from Test Object's properties

2021-11-12 17:50:55 - [MESSAGE][INFO] - Checking timeout

2021-11-12 17:50:55 - [MESSAGE][INFO] - Finding web element with id: 'Object Repository/Olusturma/Genel/Olusturma/eArsivEttnBilgisi' located by 'By.xpath: //*[@id = 'Uuid_I']' in '30' second(s)

2021-11-12 17:50:55 - [MESSAGE][INFO] - Smart Wait Function is triggered

2021-11-12 17:50:56 - [MESSAGE][INFO] - Found 1 web elements with id: 'Object Repository/Olusturma/Genel/Olusturma/eArsivEttnBilgisi' located by 'By.xpath: //*[@id = 'Uuid_I']' in '30' second(s)

2021-11-12 17:50:56 - [MESSAGE][INFO] - Getting attribute 'value' of object 'Object Repository/Olusturma/Genel/Olusturma/eArsivEttnBilgisi'

2021-11-12 17:50:56 - [MESSAGE][PASSED] - Attribute 'value' of object 'Object Repository/Olusturma/Genel/Olusturma/eArsivEttnBilgisi' is: 'f4d20192-691f-4f53-b748-1cacc4975388'

2021-11-12 17:50:56 - [MESSAGE][PASSED] - Call Test Case 'Test Cases/Olusturma/Genel/EttnBilgisiKayitEdilir' successfully

2021-11-12 17:50:56 - [MESSAGE][INFO] - Checking called Test Case

2021-11-12 17:50:56 - [MESSAGE][INFO] - Starting to call Test Case 'Test Cases/Olusturma/Genel/KaydetButonunaTiklanir'

2021-11-12 17:50:56 - [TEST_CASE][PASSED] - Test Cases/Olusturma/Genel/KaydetButonunaTiklanir: Test Cases/Olusturma/Genel/KaydetButonunaTiklanir

2021-11-12 17:50:56 - [TEST_STEP][PASSED] - i = 0: null

2021-11-12 17:50:56 - [TEST_STEP][PASSED] - waitForElementPresent(findTestObject("Olusturma/Genel/Not/Notlar"), 10): Object 'Object Repository/Olusturma/Genel/Not/Notlar' is present

2021-11-12 17:50:56 - [MESSAGE][INFO] - Finding Test Object 'Object Repository/Olusturma/Genel/Not/Notlar'

2021-11-12 17:50:56 - [MESSAGE][INFO] - Checking object

2021-11-12 17:50:56 - [MESSAGE][INFO] - Finding web element from Test Object's properties

2021-11-12 17:50:56 - [MESSAGE][INFO] - Checking timeout

2021-11-12 17:50:56 - [MESSAGE][INFO] - Finding web element with id: 'Object Repository/Olusturma/Genel/Not/Notlar' located by 'By.xpath: //*[@id = 'txtNote_I']' in '10' second(s)

2021-11-12 17:50:56 - [MESSAGE][INFO] - Smart Wait Function is triggered

2021-11-12 17:50:56 - [MESSAGE][INFO] - Found 1 web elements with id: 'Object Repository/Olusturma/Genel/Not/Notlar' located by 'By.xpath: //*[@id = 'txtNote_I']' in '10' second(s)

2021-11-12 17:50:56 - [MESSAGE][PASSED] - Object 'Object Repository/Olusturma/Genel/Not/Notlar' is present

2021-11-12 17:50:56 - [TEST_STEP][PASSED] - click(findTestObject("Olusturma/Genel/Not/Notlar")): Object: 'Object Repository/Olusturma/Genel/Not/Notlar' is clicked on

2021-11-12 17:50:56 - [MESSAGE][INFO] - Finding Test Object 'Object Repository/Olusturma/Genel/Not/Notlar'

2021-11-12 17:50:56 - [MESSAGE][INFO] - Checking object

2021-11-12 17:50:56 - [MESSAGE][INFO] - Finding web element from Test Object's properties

2021-11-12 17:50:56 - [MESSAGE][INFO] - Checking timeout

2021-11-12 17:50:56 - [MESSAGE][INFO] - Finding web element with id: 'Object Repository/Olusturma/Genel/Not/Notlar' located by 'By.xpath: //*[@id = 'txtNote_I']' in '30' second(s)

2021-11-12 17:50:56 - [MESSAGE][INFO] - Smart Wait Function is triggered

2021-11-12 17:50:56 - [MESSAGE][INFO] - Found 1 web elements with id: 'Object Repository/Olusturma/Genel/Not/Notlar' located by 'By.xpath: //*[@id = 'txtNote_I']' in '30' second(s)

2021-11-12 17:50:56 - [MESSAGE][INFO] - Clicking on object: 'Object Repository/Olusturma/Genel/Not/Notlar'

2021-11-12 17:50:56 - [MESSAGE][PASSED] - Object: 'Object Repository/Olusturma/Genel/Not/Notlar' is clicked on

2021-11-12 17:50:56 - [TEST_STEP][PASSED] - while (true): null

2021-11-12 17:50:56 - [TEST_STEP][PASSED] - delay(1): Delayed 1 second(s)

2021-11-12 17:50:56 - [MESSAGE][INFO] - Delaying browser in 1 second(s)

2021-11-12 17:50:57 - [MESSAGE][PASSED] - Delayed 1 second(s)

2021-11-12 17:50:57 - [TEST_STEP][PASSED] - ajaxIsComplete = executeJavaScript("return jQuery.active == 0", null): Execute JavaScript 'return jQuery.active == 0' successfully

2021-11-12 17:50:58 - [MESSAGE][PASSED] - Execute JavaScript 'return jQuery.active == 0' successfully

2021-11-12 17:50:58 - [TEST_STEP][PASSED] - if (ajaxIsComplete): null

2021-11-12 17:50:58 - [TEST_STEP][PASSED] - break: null

2021-11-12 17:50:58 - [TEST_STEP][PASSED] - waitForElementClickable(findTestObject("Object Repository/Olusturma/Genel/Buton"), 10): Object 'Object Repository/Olusturma/Genel/Buton' is clickable

2021-11-12 17:50:58 - [MESSAGE][INFO] - Finding Test Object 'Object Repository/Olusturma/Genel/Buton'

2021-11-12 17:50:58 - [MESSAGE][INFO] - Checking object

2021-11-12 17:50:58 - [MESSAGE][INFO] - Checking timeout

2021-11-12 17:50:58 - [MESSAGE][INFO] - Finding web element from Test Object's properties

2021-11-12 17:50:58 - [MESSAGE][INFO] - Checking timeout

2021-11-12 17:50:58 - [MESSAGE][INFO] - Finding web element with id: 'Object Repository/Olusturma/Genel/Buton' located by 'By.xpath: //*[@id = 'btnKaydet']' in '10' second(s)

2021-11-12 17:50:58 - [MESSAGE][INFO] - Smart Wait Function is triggered

2021-11-12 17:50:58 - [MESSAGE][INFO] - Found 1 web elements with id: 'Object Repository/Olusturma/Genel/Buton' located by 'By.xpath: //*[@id = 'btnKaydet']' in '10' second(s)

2021-11-12 17:50:58 - [MESSAGE][PASSED] - Object 'Object Repository/Olusturma/Genel/Buton' is clickable

2021-11-12 17:50:58 - [TEST_STEP][PASSED] - click(findTestObject("Object Repository/Olusturma/Genel/Buton")): Object: 'Object Repository/Olusturma/Genel/Buton' is clicked on

2021-11-12 17:50:58 - [MESSAGE][INFO] - Finding Test Object 'Object Repository/Olusturma/Genel/Buton'

2021-11-12 17:50:58 - [MESSAGE][INFO] - Checking object

2021-11-12 17:50:58 - [MESSAGE][INFO] - Finding web element from Test Object's properties

2021-11-12 17:50:58 - [MESSAGE][INFO] - Checking timeout

2021-11-12 17:50:58 - [MESSAGE][INFO] - Finding web element with id: 'Object Repository/Olusturma/Genel/Buton' located by 'By.xpath: //*[@id = 'btnKaydet']' in '30' second(s)

2021-11-12 17:50:58 - [MESSAGE][INFO] - Smart Wait Function is triggered

2021-11-12 17:50:58 - [MESSAGE][INFO] - Found 1 web elements with id: 'Object Repository/Olusturma/Genel/Buton' located by 'By.xpath: //*[@id = 'btnKaydet']' in '30' second(s)

2021-11-12 17:50:58 - [MESSAGE][INFO] - Clicking on object: 'Object Repository/Olusturma/Genel/Buton'

2021-11-12 17:51:01 - [MESSAGE][PASSED] - Object: 'Object Repository/Olusturma/Genel/Buton' is clicked on

2021-11-12 17:51:01 - [MESSAGE][PASSED] - Call Test Case 'Test Cases/Olusturma/Genel/KaydetButonunaTiklanir' successfully

2021-11-12 17:51:01 - [MESSAGE][INFO] - Checking called Test Case

2021-11-12 17:51:01 - [MESSAGE][INFO] - Starting to call Test Case 'Test Cases/Tablo/TablodaUnvanliVeriOlusturulduMu'

2021-11-12 17:51:01 - [TEST_CASE][PASSED] - Test Cases/Tablo/TablodaUnvanliVeriOlusturulduMu: Test Cases/Tablo/TablodaUnvanliVeriOlusturulduMu

2021-11-12 17:51:01 - [TEST_STEP][PASSED] - waitForElementVisible(findTestObject("Tablo/OlusturulanVeri"), 10, STOP_ON_FAILURE): Object 'Object Repository/Tablo/OlusturulanVeri' is visible

2021-11-12 17:51:01 - [MESSAGE][INFO] - Finding Test Object 'Object Repository/Tablo/OlusturulanVeri'

2021-11-12 17:51:01 - [MESSAGE][INFO] - Checking object

2021-11-12 17:51:01 - [MESSAGE][INFO] - Checking timeout

2021-11-12 17:51:01 - [MESSAGE][INFO] - Finding web element from Test Object's properties

2021-11-12 17:51:01 - [MESSAGE][INFO] - Checking timeout

2021-11-12 17:51:01 - [MESSAGE][INFO] - Finding web element with id: 'Object Repository/Tablo/OlusturulanVeri' located by 'By.cssSelector: table.dxgvTable_LECustomTheme>tbody>tr:nth-child(3)>td.dxgv b,table.dxgvTable_LECustomTheme>tbody>tr:nth-child(3)>td.dxgv' in '10' second(s)

2021-11-12 17:51:01 - [MESSAGE][INFO] - Smart Wait Function is triggered

2021-11-12 17:51:01 - [MESSAGE][INFO] - Found 14 web elements with id: 'Object Repository/Tablo/OlusturulanVeri' located by 'By.cssSelector: table.dxgvTable_LECustomTheme>tbody>tr:nth-child(3)>td.dxgv b,table.dxgvTable_LECustomTheme>tbody>tr:nth-child(3)>td.dxgv' in '10' second(s)

2021-11-12 17:51:01 - [MESSAGE][PASSED] - Object 'Object Repository/Tablo/OlusturulanVeri' is visible

2021-11-12 17:51:01 - [TEST_STEP][PASSED] - Method.TextDegerineEsitElementVarMi(findTestObject("Tablo/OlusturulanVeri"), Unvan): Method.TextDegerineEsitElementVarMi is PASSED

2021-11-12 17:51:01 - [MESSAGE][INFO] - Finding Test Object 'Object Repository/Tablo/OlusturulanVeri'

2021-11-12 17:51:01 - [MESSAGE][INFO] - Checking timeout

2021-11-12 17:51:01 - [MESSAGE][INFO] - Finding web element with id: 'Object Repository/Tablo/OlusturulanVeri' located by 'By.cssSelector: table.dxgvTable_LECustomTheme>tbody>tr:nth-child(3)>td.dxgv b,table.dxgvTable_LECustomTheme>tbody>tr:nth-child(3)>td.dxgv' in '10' second(s)

2021-11-12 17:51:01 - [MESSAGE][INFO] - Smart Wait Function is triggered

2021-11-12 17:51:01 - [MESSAGE][INFO] - Found 14 web elements with id: 'Object Repository/Tablo/OlusturulanVeri' located by 'By.cssSelector: table.dxgvTable_LECustomTheme>tbody>tr:nth-child(3)>td.dxgv b,table.dxgvTable_LECustomTheme>tbody>tr:nth-child(3)>td.dxgv' in '10' second(s)

2021-11-12 17:51:02 - [MESSAGE][PASSED] - Method.TextDegerineEsitElementVarMi is PASSED

2021-11-12 17:51:02 - [MESSAGE][PASSED] - Call Test Case 'Test Cases/Tablo/TablodaUnvanliVeriOlusturulduMu' successfully

2021-11-12 17:51:02 - [MESSAGE][INFO] - Checking called Test Case

2021-11-12 17:51:02 - [MESSAGE][INFO] - Starting to call Test Case 'Test Cases/Tablo/TablodanVeriSec'

2021-11-12 17:51:02 - [TEST_CASE][PASSED] - Test Cases/Tablo/TablodanVeriSec: Test Cases/Tablo/TablodanVeriSec

2021-11-12 17:51:02 - [TEST_STEP][PASSED] - Method.TextDegerineEsitElementinAltindakineTikla(findTestObject("Tablo/Veriler"), findTestObject("Tablo/VerininCheckBoxi"), Veri_Adi): Method.TextDegerineEsitElementinAltindakineTikla is PASSED

2021-11-12 17:51:02 - [MESSAGE][INFO] - Finding Test Object 'Object Repository/Tablo/Veriler'

2021-11-12 17:51:02 - [MESSAGE][INFO] - Finding Test Object 'Object Repository/Tablo/VerininCheckBoxi'

2021-11-12 17:51:02 - [MESSAGE][INFO] - Checking timeout

2021-11-12 17:51:02 - [MESSAGE][INFO] - Finding web element with id: 'Object Repository/Tablo/Veriler' located by 'By.cssSelector: td.dxgv b ,td.dxgv' in '10' second(s)

2021-11-12 17:51:02 - [MESSAGE][INFO] - Smart Wait Function is triggered

2021-11-12 17:51:02 - [MESSAGE][INFO] - Found 140 web elements with id: 'Object Repository/Tablo/Veriler' located by 'By.cssSelector: td.dxgv b ,td.dxgv' in '10' second(s)

2021-11-12 17:51:02 - [MESSAGE][INFO] - Smart Wait Function is triggered

2021-11-12 17:51:03 - [MESSAGE][PASSED] - Method.TextDegerineEsitElementinAltindakineTikla is PASSED

2021-11-12 17:51:03 - [MESSAGE][PASSED] - Call Test Case 'Test Cases/Tablo/TablodanVeriSec' successfully

2021-11-12 17:51:03 - [MESSAGE][INFO] - Checking called Test Case

2021-11-12 17:51:03 - [MESSAGE][INFO] - Starting to call Test Case 'Test Cases/Butonlar/ButonaTikla'

2021-11-12 17:51:03 - [TEST_CASE][PASSED] - Test Cases/Butonlar/ButonaTikla: Test Cases/Butonlar/ButonaTikla

2021-11-12 17:51:03 - [TEST_STEP][PASSED] - Method.TextDegerineEsitElementeTiklaEquals(findTestObject("Butonlar/Butonlar"), Buton_Adi): Method.TextDegerineEsitElementeTiklaEquals is PASSED

2021-11-12 17:51:03 - [MESSAGE][INFO] - Finding Test Object 'Object Repository/Butonlar/Butonlar'

2021-11-12 17:51:03 - [MESSAGE][INFO] - Checking timeout

2021-11-12 17:51:03 - [MESSAGE][INFO] - Finding web element with id: 'Object Repository/Butonlar/Butonlar' located by 'By.cssSelector: .panel.panel-default.text-center.footerPanel .btn,.btn.btn-primary.btnControls' in '10' second(s)

2021-11-12 17:51:03 - [MESSAGE][INFO] - Smart Wait Function is triggered

2021-11-12 17:51:03 - [MESSAGE][INFO] - Found 10 web elements with id: 'Object Repository/Butonlar/Butonlar' located by 'By.cssSelector: .panel.panel-default.text-center.footerPanel .btn,.btn.btn-primary.btnControls' in '10' second(s)

2021-11-12 17:51:03 - [MESSAGE][PASSED] - Method.TextDegerineEsitElementeTiklaEquals is PASSED

2021-11-12 17:51:03 - [MESSAGE][PASSED] - Call Test Case 'Test Cases/Butonlar/ButonaTikla' successfully

2021-11-12 17:51:03 - [MESSAGE][INFO] - Checking called Test Case

2021-11-12 17:51:03 - [MESSAGE][INFO] - Starting to call Test Case 'Test Cases/Popup/PopupMesajiIceriyorMu'

2021-11-12 17:51:03 - [TEST_CASE][PASSED] - Test Cases/Popup/PopupMesajiIceriyorMu: Test Cases/Popup/PopupMesajiIceriyorMu

2021-11-12 17:51:04 - [TEST_STEP][PASSED] - waitForElementVisible(findTestObject("Popup/Popup"), 10): Object 'Object Repository/Popup/Popup' is visible

2021-11-12 17:51:04 - [MESSAGE][INFO] - Finding Test Object 'Object Repository/Popup/Popup'

2021-11-12 17:51:04 - [MESSAGE][INFO] - Checking object

2021-11-12 17:51:04 - [MESSAGE][INFO] - Checking timeout

2021-11-12 17:51:04 - [MESSAGE][INFO] - Finding web element from Test Object's properties

2021-11-12 17:51:04 - [MESSAGE][INFO] - Checking timeout

2021-11-12 17:51:04 - [MESSAGE][INFO] - Finding web element with id: 'Object Repository/Popup/Popup' located by 'By.cssSelector: .bootbox-body' in '10' second(s)

2021-11-12 17:51:04 - [MESSAGE][INFO] - Smart Wait Function is triggered

2021-11-12 17:51:04 - [MESSAGE][INFO] - Found 1 web elements with id: 'Object Repository/Popup/Popup' located by 'By.cssSelector: .bootbox-body' in '10' second(s)

2021-11-12 17:51:04 - [MESSAGE][PASSED] - Object 'Object Repository/Popup/Popup' is visible

2021-11-12 17:51:04 - [TEST_STEP][PASSED] - if (!(getText(findTestObject("Popup/Popup")).contains(Mesaj))): Text of object 'Object Repository/Popup/Popup' is: 'Oluşturulacak fatura numarası : MRT2021000000315 Fatura numarası oluşturulduktan sonra fatura silinemez. Fatura numarası, tarihi ve ön eki değiştirilemez. Devam etmek istiyor musunuz?'

2021-11-12 17:51:04 - [MESSAGE][INFO] - Finding Test Object 'Object Repository/Popup/Popup'

2021-11-12 17:51:04 - [MESSAGE][INFO] - Checking object

2021-11-12 17:51:04 - [MESSAGE][INFO] - Finding web element from Test Object's properties

2021-11-12 17:51:04 - [MESSAGE][INFO] - Checking timeout

2021-11-12 17:51:04 - [MESSAGE][INFO] - Finding web element with id: 'Object Repository/Popup/Popup' located by 'By.cssSelector: .bootbox-body' in '30' second(s)

2021-11-12 17:51:04 - [MESSAGE][INFO] - Smart Wait Function is triggered

2021-11-12 17:51:05 - [MESSAGE][INFO] - Found 1 web elements with id: 'Object Repository/Popup/Popup' located by 'By.cssSelector: .bootbox-body' in '30' second(s)

2021-11-12 17:51:05 - [MESSAGE][INFO] - Getting text of object 'Object Repository/Popup/Popup'

2021-11-12 17:51:05 - [MESSAGE][PASSED] - Text of object 'Object Repository/Popup/Popup' is: 'Oluşturulacak fatura numarası : MRT2021000000315 Fatura numarası oluşturulduktan sonra fatura silinemez. Fatura numarası, tarihi ve ön eki değiştirilemez. Devam etmek istiyor musunuz?'

2021-11-12 17:51:05 - [TEST_STEP][PASSED] - RaporNo = getText(findTestObject("Popup/Popup")).substring(0, 6): Text of object 'Object Repository/Popup/Popup' is: 'Oluşturulacak fatura numarası : MRT2021000000315 Fatura numarası oluşturulduktan sonra fatura silinemez. Fatura numarası, tarihi ve ön eki değiştirilemez. Devam etmek istiyor musunuz?'

2021-11-12 17:51:05 - [MESSAGE][INFO] - Finding Test Object 'Object Repository/Popup/Popup'

2021-11-12 17:51:05 - [MESSAGE][INFO] - Checking object

2021-11-12 17:51:05 - [MESSAGE][INFO] - Finding web element from Test Object's properties

2021-11-12 17:51:05 - [MESSAGE][INFO] - Checking timeout

2021-11-12 17:51:05 - [MESSAGE][INFO] - Finding web element with id: 'Object Repository/Popup/Popup' located by 'By.cssSelector: .bootbox-body' in '30' second(s)

2021-11-12 17:51:05 - [MESSAGE][INFO] - Smart Wait Function is triggered

2021-11-12 17:51:05 - [MESSAGE][INFO] - Found 1 web elements with id: 'Object Repository/Popup/Popup' located by 'By.cssSelector: .bootbox-body' in '30' second(s)

2021-11-12 17:51:05 - [MESSAGE][INFO] - Getting text of object 'Object Repository/Popup/Popup'

2021-11-12 17:51:05 - [MESSAGE][PASSED] - Text of object 'Object Repository/Popup/Popup' is: 'Oluşturulacak fatura numarası : MRT2021000000315 Fatura numarası oluşturulduktan sonra fatura silinemez. Fatura numarası, tarihi ve ön eki değiştirilemez. Devam etmek istiyor musunuz?'

2021-11-12 17:51:05 - [TEST_STEP][PASSED] - Console.println(RaporNo): null

2021-11-12 17:51:05 - [MESSAGE][PASSED] - Call Test Case 'Test Cases/Popup/PopupMesajiIceriyorMu' successfully

2021-11-12 17:51:05 - [MESSAGE][INFO] - Checking called Test Case

2021-11-12 17:51:05 - [MESSAGE][INFO] - Starting to call Test Case 'Test Cases/Popup/PopupButonSecilir'

2021-11-12 17:51:05 - [TEST_CASE][PASSED] - Test Cases/Popup/PopupButonSecilir: Test Cases/Popup/PopupButonSecilir

2021-11-12 17:51:06 - [TEST_STEP][PASSED] - Method.TextDegerineEsitElementeTikla(findTestObject("Popup/Popup_Butons"), Buton): Method.TextDegerineEsitElementeTikla is PASSED

2021-11-12 17:51:06 - [MESSAGE][INFO] - Finding Test Object 'Object Repository/Popup/Popup_Butons'

2021-11-12 17:51:06 - [MESSAGE][INFO] - Checking timeout

2021-11-12 17:51:06 - [MESSAGE][INFO] - Finding web element with id: 'Object Repository/Popup/Popup_Butons' located by 'By.cssSelector: .modal-footer>button' in '10' second(s)

2021-11-12 17:51:06 - [MESSAGE][INFO] - Smart Wait Function is triggered

2021-11-12 17:51:06 - [MESSAGE][INFO] - Found 2 web elements with id: 'Object Repository/Popup/Popup_Butons' located by 'By.cssSelector: .modal-footer>button' in '10' second(s)

2021-11-12 17:51:06 - [MESSAGE][PASSED] - Method.TextDegerineEsitElementeTikla is PASSED

2021-11-12 17:51:06 - [MESSAGE][PASSED] - Call Test Case 'Test Cases/Popup/PopupButonSecilir' successfully

2021-11-12 17:51:06 - [MESSAGE][INFO] - Checking called Test Case

2021-11-12 17:51:06 - [MESSAGE][INFO] - Starting to call Test Case 'Test Cases/Popup/PopupMesajiIceriyorMu'

2021-11-12 17:51:06 - [TEST_CASE][PASSED] - Test Cases/Popup/PopupMesajiIceriyorMu: Test Cases/Popup/PopupMesajiIceriyorMu

2021-11-12 17:51:06 - [TEST_STEP][PASSED] - waitForElementVisible(findTestObject("Popup/Popup"), 10): Object 'Object Repository/Popup/Popup' is visible

2021-11-12 17:51:06 - [MESSAGE][INFO] - Finding Test Object 'Object Repository/Popup/Popup'

2021-11-12 17:51:07 - [MESSAGE][INFO] - Checking object

2021-11-12 17:51:07 - [MESSAGE][INFO] - Checking timeout

2021-11-12 17:51:07 - [MESSAGE][INFO] - Finding web element from Test Object's properties

2021-11-12 17:51:07 - [MESSAGE][INFO] - Checking timeout

2021-11-12 17:51:07 - [MESSAGE][INFO] - Finding web element with id: 'Object Repository/Popup/Popup' located by 'By.cssSelector: .bootbox-body' in '10' second(s)

2021-11-12 17:51:07 - [MESSAGE][INFO] - Smart Wait Function is triggered

2021-11-12 17:51:07 - [MESSAGE][INFO] - Found 1 web elements with id: 'Object Repository/Popup/Popup' located by 'By.cssSelector: .bootbox-body' in '10' second(s)

2021-11-12 17:51:07 - [MESSAGE][PASSED] - Object 'Object Repository/Popup/Popup' is visible

2021-11-12 17:51:07 - [TEST_STEP][PASSED] - if (!(getText(findTestObject("Popup/Popup")).contains(Mesaj))): Text of object 'Object Repository/Popup/Popup' is: 'Fatura numaranız MRT2021000000315 olarak oluşmuştur.'

2021-11-12 17:51:07 - [MESSAGE][INFO] - Finding Test Object 'Object Repository/Popup/Popup'

2021-11-12 17:51:07 - [MESSAGE][INFO] - Checking object

2021-11-12 17:51:07 - [MESSAGE][INFO] - Finding web element from Test Object's properties

2021-11-12 17:51:07 - [MESSAGE][INFO] - Checking timeout

2021-11-12 17:51:07 - [MESSAGE][INFO] - Finding web element with id: 'Object Repository/Popup/Popup' located by 'By.cssSelector: .bootbox-body' in '30' second(s)

2021-11-12 17:51:07 - [MESSAGE][INFO] - Smart Wait Function is triggered

2021-11-12 17:51:08 - [MESSAGE][INFO] - Found 1 web elements with id: 'Object Repository/Popup/Popup' located by 'By.cssSelector: .bootbox-body' in '30' second(s)

2021-11-12 17:51:08 - [MESSAGE][INFO] - Getting text of object 'Object Repository/Popup/Popup'

2021-11-12 17:51:08 - [MESSAGE][PASSED] - Text of object 'Object Repository/Popup/Popup' is: 'Fatura numaranız MRT2021000000315 olarak oluşmuştur.'

2021-11-12 17:51:08 - [TEST_STEP][PASSED] - RaporNo = getText(findTestObject("Popup/Popup")).substring(0, 6): Text of object 'Object Repository/Popup/Popup' is: 'Fatura numaranız MRT2021000000315 olarak oluşmuştur.'

2021-11-12 17:51:08 - [MESSAGE][INFO] - Finding Test Object 'Object Repository/Popup/Popup'

2021-11-12 17:51:08 - [MESSAGE][INFO] - Checking object

2021-11-12 17:51:08 - [MESSAGE][INFO] - Finding web element from Test Object's properties

2021-11-12 17:51:08 - [MESSAGE][INFO] - Checking timeout

2021-11-12 17:51:08 - [MESSAGE][INFO] - Finding web element with id: 'Object Repository/Popup/Popup' located by 'By.cssSelector: .bootbox-body' in '30' second(s)

2021-11-12 17:51:08 - [MESSAGE][INFO] - Smart Wait Function is triggered

2021-11-12 17:51:08 - [MESSAGE][INFO] - Found 1 web elements with id: 'Object Repository/Popup/Popup' located by 'By.cssSelector: .bootbox-body' in '30' second(s)

2021-11-12 17:51:08 - [MESSAGE][INFO] - Getting text of object 'Object Repository/Popup/Popup'

2021-11-12 17:51:08 - [MESSAGE][PASSED] - Text of object 'Object Repository/Popup/Popup' is: 'Fatura numaranız MRT2021000000315 olarak oluşmuştur.'

2021-11-12 17:51:08 - [TEST_STEP][PASSED] - Console.println(RaporNo): null

2021-11-12 17:51:08 - [MESSAGE][PASSED] - Call Test Case 'Test Cases/Popup/PopupMesajiIceriyorMu' successfully

2021-11-12 17:51:08 - [MESSAGE][INFO] - Checking called Test Case

2021-11-12 17:51:08 - [MESSAGE][INFO] - Starting to call Test Case 'Test Cases/Popup/PopupButonSecilir'

2021-11-12 17:51:08 - [TEST_CASE][PASSED] - Test Cases/Popup/PopupButonSecilir: Test Cases/Popup/PopupButonSecilir

2021-11-12 17:51:08 - [TEST_STEP][PASSED] - Method.TextDegerineEsitElementeTikla(findTestObject("Popup/Popup_Butons"), Buton): Method.TextDegerineEsitElementeTikla is PASSED

2021-11-12 17:51:08 - [MESSAGE][INFO] - Finding Test Object 'Object Repository/Popup/Popup_Butons'

2021-11-12 17:51:08 - [MESSAGE][INFO] - Checking timeout

2021-11-12 17:51:08 - [MESSAGE][INFO] - Finding web element with id: 'Object Repository/Popup/Popup_Butons' located by 'By.cssSelector: .modal-footer>button' in '10' second(s)

2021-11-12 17:51:08 - [MESSAGE][INFO] - Smart Wait Function is triggered

2021-11-12 17:51:08 - [MESSAGE][INFO] - Found 1 web elements with id: 'Object Repository/Popup/Popup_Butons' located by 'By.cssSelector: .modal-footer>button' in '10' second(s)

2021-11-12 17:51:09 - [MESSAGE][PASSED] - Method.TextDegerineEsitElementeTikla is PASSED

2021-11-12 17:51:09 - [MESSAGE][PASSED] - Call Test Case 'Test Cases/Popup/PopupButonSecilir' successfully

2021-11-12 17:51:09 - [MESSAGE][INFO] - Checking called Test Case

2021-11-12 17:51:09 - [MESSAGE][INFO] - Starting to call Test Case 'Test Cases/Tablo/TablodanVeriSec'

2021-11-12 17:51:09 - [TEST_CASE][PASSED] - Test Cases/Tablo/TablodanVeriSec: Test Cases/Tablo/TablodanVeriSec

2021-11-12 17:51:09 - [TEST_STEP][PASSED] - Method.TextDegerineEsitElementinAltindakineTikla(findTestObject("Tablo/Veriler"), findTestObject("Tablo/VerininCheckBoxi"), Veri_Adi): Method.TextDegerineEsitElementinAltindakineTikla is PASSED

2021-11-12 17:51:09 - [MESSAGE][INFO] - Finding Test Object 'Object Repository/Tablo/Veriler'

2021-11-12 17:51:09 - [MESSAGE][INFO] - Finding Test Object 'Object Repository/Tablo/VerininCheckBoxi'

2021-11-12 17:51:09 - [MESSAGE][INFO] - Checking timeout

2021-11-12 17:51:09 - [MESSAGE][INFO] - Finding web element with id: 'Object Repository/Tablo/Veriler' located by 'By.cssSelector: td.dxgv b ,td.dxgv' in '10' second(s)

2021-11-12 17:51:09 - [MESSAGE][INFO] - Smart Wait Function is triggered

2021-11-12 17:51:09 - [MESSAGE][INFO] - Found 140 web elements with id: 'Object Repository/Tablo/Veriler' located by 'By.cssSelector: td.dxgv b ,td.dxgv' in '10' second(s)

2021-11-12 17:51:10 - [MESSAGE][INFO] - Smart Wait Function is triggered

2021-11-12 17:51:10 - [MESSAGE][PASSED] - Method.TextDegerineEsitElementinAltindakineTikla is PASSED

2021-11-12 17:51:10 - [MESSAGE][PASSED] - Call Test Case 'Test Cases/Tablo/TablodanVeriSec' successfully

2021-11-12 17:51:10 - [MESSAGE][INFO] - Checking called Test Case

2021-11-12 17:51:10 - [MESSAGE][INFO] - Starting to call Test Case 'Test Cases/Butonlar/ButonaTikla'

2021-11-12 17:51:10 - [TEST_CASE][PASSED] - Test Cases/Butonlar/ButonaTikla: Test Cases/Butonlar/ButonaTikla

2021-11-12 17:51:10 - [TEST_STEP][PASSED] - Method.TextDegerineEsitElementeTiklaEquals(findTestObject("Butonlar/Butonlar"), Buton_Adi): Method.TextDegerineEsitElementeTiklaEquals is PASSED

2021-11-12 17:51:10 - [MESSAGE][INFO] - Finding Test Object 'Object Repository/Butonlar/Butonlar'

2021-11-12 17:51:10 - [MESSAGE][INFO] - Checking timeout

2021-11-12 17:51:10 - [MESSAGE][INFO] - Finding web element with id: 'Object Repository/Butonlar/Butonlar' located by 'By.cssSelector: .panel.panel-default.text-center.footerPanel .btn,.btn.btn-primary.btnControls' in '10' second(s)

2021-11-12 17:51:10 - [MESSAGE][INFO] - Smart Wait Function is triggered

2021-11-12 17:51:11 - [MESSAGE][INFO] - Found 10 web elements with id: 'Object Repository/Butonlar/Butonlar' located by 'By.cssSelector: .panel.panel-default.text-center.footerPanel .btn,.btn.btn-primary.btnControls' in '10' second(s)

2021-11-12 17:51:11 - [MESSAGE][PASSED] - Method.TextDegerineEsitElementeTiklaEquals is PASSED

2021-11-12 17:51:11 - [MESSAGE][PASSED] - Call Test Case 'Test Cases/Butonlar/ButonaTikla' successfully

2021-11-12 17:51:11 - [MESSAGE][INFO] - Checking called Test Case

2021-11-12 17:51:11 - [MESSAGE][INFO] - Starting to call Test Case 'Test Cases/Sekmeler/YeniSekmeyeGec'

2021-11-12 17:51:11 - [TEST_CASE][PASSED] - Test Cases/Sekmeler/YeniSekmeyeGec: Test Cases/Sekmeler/YeniSekmeyeGec

2021-11-12 17:51:12 - [TEST_STEP][PASSED] - switchToWindowIndex(1): Switched to window with index: '1'

2021-11-12 17:51:12 - [MESSAGE][INFO] - Checking index

2021-11-12 17:51:12 - [MESSAGE][INFO] - Switching window with index: '1'

2021-11-12 17:51:12 - [MESSAGE][PASSED] - Switched to window with index: '1'

2021-11-12 17:51:12 - [MESSAGE][PASSED] - Call Test Case 'Test Cases/Sekmeler/YeniSekmeyeGec' successfully

2021-11-12 17:51:12 - [MESSAGE][INFO] - Checking called Test Case

2021-11-12 17:51:12 - [MESSAGE][INFO] - Starting to call Test Case 'Test Cases/Sekmeler/YeniSekmeBasligindaVarMi'

2021-11-12 17:51:12 - [TEST_CASE][PASSED] - Test Cases/Sekmeler/YeniSekmeBasligindaVarMi: Test Cases/Sekmeler/YeniSekmeBasligindaVarMi

2021-11-12 17:51:12 - [TEST_STEP][PASSED] - verifyElementText(findTestObject("Object Repository/Sekmeler/Olusturma_Goster_Baslik"), Title): Actual text and expected text of test object 'Object Repository/Sekmeler/Olusturma_Goster_Baslik' are matched.

2021-11-12 17:51:12 - [MESSAGE][INFO] - Finding Test Object 'Object Repository/Sekmeler/Olusturma_Goster_Baslik'

2021-11-12 17:51:13 - [MESSAGE][INFO] - Checking object

2021-11-12 17:51:13 - [MESSAGE][INFO] - Finding web element from Test Object's properties

2021-11-12 17:51:13 - [MESSAGE][INFO] - Checking timeout

2021-11-12 17:51:13 - [MESSAGE][INFO] - Finding web element with id: 'Object Repository/Sekmeler/Olusturma_Goster_Baslik' located by 'By.cssSelector: h1>span,td>font,font' in '30' second(s)

2021-11-12 17:51:13 - [MESSAGE][INFO] - Smart Wait Function is triggered

2021-11-12 17:51:13 - [MESSAGE][INFO] - Found 1 web elements with id: 'Object Repository/Sekmeler/Olusturma_Goster_Baslik' located by 'By.cssSelector: h1>span,td>font,font' in '30' second(s)

2021-11-12 17:51:13 - [MESSAGE][PASSED] - Actual text and expected text of test object 'Object Repository/Sekmeler/Olusturma_Goster_Baslik' are matched.

2021-11-12 17:51:13 - [MESSAGE][PASSED] - Call Test Case 'Test Cases/Sekmeler/YeniSekmeBasligindaVarMi' successfully

2021-11-12 17:51:13 - [MESSAGE][INFO] - Checking called Test Case

2021-11-12 17:51:13 - [MESSAGE][INFO] - Starting to call Test Case 'Test Cases/Sekmeler/Ana_Sekmeye_Gec'

2021-11-12 17:51:13 - [TEST_CASE][PASSED] - Test Cases/Sekmeler/Ana_Sekmeye_Gec: Test Cases/Sekmeler/Ana_Sekmeye_Gec

2021-11-12 17:51:13 - [TEST_STEP][PASSED] - try: Window with index 1 is closed

2021-11-12 17:51:13 - [TEST_STEP][PASSED] - index = getWindowIndex(): Current window's index is: 1

2021-11-12 17:51:14 - [MESSAGE][INFO] - Getting current window's index

2021-11-12 17:51:14 - [MESSAGE][PASSED] - Current window's index is: 1

2021-11-12 17:51:14 - [TEST_STEP][PASSED] - closeWindowIndex(index): Window with index 1 is closed

2021-11-12 17:51:14 - [MESSAGE][INFO] - Checking index

2021-11-12 17:51:14 - [MESSAGE][INFO] - Closing window with index 1

2021-11-12 17:51:14 - [MESSAGE][PASSED] - Window with index 1 is closed

2021-11-12 17:51:14 - [TEST_STEP][PASSED] - switchToWindowIndex(0): Switched to window with index: '0'

2021-11-12 17:51:14 - [MESSAGE][INFO] - Checking index

2021-11-12 17:51:14 - [MESSAGE][INFO] - Switching window with index: '0'

2021-11-12 17:51:14 - [MESSAGE][PASSED] - Switched to window with index: '0'

2021-11-12 17:51:14 - [MESSAGE][PASSED] - Call Test Case 'Test Cases/Sekmeler/Ana_Sekmeye_Gec' successfully

2021-11-12 17:51:14 - [MESSAGE][INFO] - Checking called Test Case

2021-11-12 17:51:14 - [MESSAGE][INFO] - Starting to call Test Case 'Test Cases/Butonlar/ButonaTikla'

2021-11-12 17:51:14 - [TEST_CASE][PASSED] - Test Cases/Butonlar/ButonaTikla: Test Cases/Butonlar/ButonaTikla

2021-11-12 17:51:14 - [TEST_STEP][PASSED] - Method.TextDegerineEsitElementeTiklaEquals(findTestObject("Butonlar/Butonlar"), Buton_Adi): Method.TextDegerineEsitElementeTiklaEquals is PASSED

2021-11-12 17:51:14 - [MESSAGE][INFO] - Finding Test Object 'Object Repository/Butonlar/Butonlar'

2021-11-12 17:51:14 - [MESSAGE][INFO] - Checking timeout

2021-11-12 17:51:14 - [MESSAGE][INFO] - Finding web element with id: 'Object Repository/Butonlar/Butonlar' located by 'By.cssSelector: .panel.panel-default.text-center.footerPanel .btn,.btn.btn-primary.btnControls' in '10' second(s)

2021-11-12 17:51:14 - [MESSAGE][INFO] - Smart Wait Function is triggered

2021-11-12 17:51:14 - [MESSAGE][INFO] - Found 10 web elements with id: 'Object Repository/Butonlar/Butonlar' located by 'By.cssSelector: .panel.panel-default.text-center.footerPanel .btn,.btn.btn-primary.btnControls' in '10' second(s)

2021-11-12 17:51:14 - [MESSAGE][PASSED] - Method.TextDegerineEsitElementeTiklaEquals is PASSED

2021-11-12 17:51:14 - [MESSAGE][PASSED] - Call Test Case 'Test Cases/Butonlar/ButonaTikla' successfully

2021-11-12 17:51:14 - [MESSAGE][INFO] - Checking called Test Case

2021-11-12 17:51:14 - [MESSAGE][INFO] - Starting to call Test Case 'Test Cases/Sekmeler/YeniSekmeyeGec'

2021-11-12 17:51:15 - [TEST_CASE][PASSED] - Test Cases/Sekmeler/YeniSekmeyeGec: Test Cases/Sekmeler/YeniSekmeyeGec

2021-11-12 17:51:15 - [TEST_STEP][PASSED] - switchToWindowIndex(1): Switched to window with index: '1'

2021-11-12 17:51:15 - [MESSAGE][INFO] - Checking index

2021-11-12 17:51:15 - [MESSAGE][INFO] - Switching window with index: '1'

2021-11-12 17:51:15 - [MESSAGE][PASSED] - Switched to window with index: '1'

2021-11-12 17:51:15 - [MESSAGE][PASSED] - Call Test Case 'Test Cases/Sekmeler/YeniSekmeyeGec' successfully

2021-11-12 17:51:15 - [MESSAGE][INFO] - Checking called Test Case

2021-11-12 17:51:15 - [MESSAGE][INFO] - Starting to call Test Case 'Test Cases/Sekmeler/TagGeldiMi'

2021-11-12 17:51:15 - [TEST_CASE][PASSED] - Test Cases/Sekmeler/TagGeldiMi: Test Cases/Sekmeler/TagGeldiMi

2021-11-12 17:51:16 - [TEST_STEP][PASSED] - waitForElementPresent(findTestObject("Object Repository/Sekmeler/UBLTag"), 10): Object 'Object Repository/Sekmeler/UBLTag' is present

2021-11-12 17:51:16 - [MESSAGE][INFO] - Finding Test Object 'Object Repository/Sekmeler/UBLTag'

2021-11-12 17:51:16 - [MESSAGE][INFO] - Checking object

2021-11-12 17:51:16 - [MESSAGE][INFO] - Finding web element from Test Object's properties

2021-11-12 17:51:16 - [MESSAGE][INFO] - Checking timeout

2021-11-12 17:51:16 - [MESSAGE][INFO] - Finding web element with id: 'Object Repository/Sekmeler/UBLTag' located by 'By.cssSelector: #webkit-xml-viewer-source-xml>:first-child' in '10' second(s)

2021-11-12 17:51:16 - [MESSAGE][INFO] - Smart Wait Function is triggered

2021-11-12 17:51:16 - [MESSAGE][INFO] - Found 1 web elements with id: 'Object Repository/Sekmeler/UBLTag' located by 'By.cssSelector: #webkit-xml-viewer-source-xml>:first-child' in '10' second(s)

2021-11-12 17:51:16 - [MESSAGE][PASSED] - Object 'Object Repository/Sekmeler/UBLTag' is present

2021-11-12 17:51:16 - [TEST_STEP][PASSED] - println(toLowerCase().toString()): Found 1 web elements with id: 'Object Repository/Sekmeler/UBLTag' located by 'By.cssSelector: #webkit-xml-viewer-source-xml>:first-child' in '10' second(s)

2021-11-12 17:51:16 - [MESSAGE][INFO] - Finding Test Object 'Object Repository/Sekmeler/UBLTag'

2021-11-12 17:51:16 - [MESSAGE][INFO] - Finding web element from Test Object's properties

2021-11-12 17:51:16 - [MESSAGE][INFO] - Checking timeout

2021-11-12 17:51:16 - [MESSAGE][INFO] - Finding web element with id: 'Object Repository/Sekmeler/UBLTag' located by 'By.cssSelector: #webkit-xml-viewer-source-xml>:first-child' in '10' second(s)

2021-11-12 17:51:16 - [MESSAGE][INFO] - Smart Wait Function is triggered

2021-11-12 17:51:16 - [MESSAGE][INFO] - Found 1 web elements with id: 'Object Repository/Sekmeler/UBLTag' located by 'By.cssSelector: #webkit-xml-viewer-source-xml>:first-child' in '10' second(s)

2021-11-12 17:51:16 - [TEST_STEP][PASSED] - if (!(toString().contains(toString().toLowerCase()))): Found 1 web elements with id: 'Object Repository/Sekmeler/UBLTag' located by 'By.cssSelector: #webkit-xml-viewer-source-xml>:first-child' in '10' second(s)

2021-11-12 17:51:16 - [MESSAGE][INFO] - Finding Test Object 'Object Repository/Sekmeler/UBLTag'

2021-11-12 17:51:16 - [MESSAGE][INFO] - Finding web element from Test Object's properties

2021-11-12 17:51:16 - [MESSAGE][INFO] - Checking timeout

2021-11-12 17:51:16 - [MESSAGE][INFO] - Finding web element with id: 'Object Repository/Sekmeler/UBLTag' located by 'By.cssSelector: #webkit-xml-viewer-source-xml>:first-child' in '10' second(s)

2021-11-12 17:51:16 - [MESSAGE][INFO] - Smart Wait Function is triggered

2021-11-12 17:51:16 - [MESSAGE][INFO] - Found 1 web elements with id: 'Object Repository/Sekmeler/UBLTag' located by 'By.cssSelector: #webkit-xml-viewer-source-xml>:first-child' in '10' second(s)

2021-11-12 17:51:16 - [MESSAGE][PASSED] - Call Test Case 'Test Cases/Sekmeler/TagGeldiMi' successfully

2021-11-12 17:51:16 - [MESSAGE][INFO] - Checking called Test Case

2021-11-12 17:51:16 - [MESSAGE][INFO] - Starting to call Test Case 'Test Cases/Sekmeler/Ana_Sekmeye_Gec'

2021-11-12 17:51:16 - [TEST_CASE][PASSED] - Test Cases/Sekmeler/Ana_Sekmeye_Gec: Test Cases/Sekmeler/Ana_Sekmeye_Gec

2021-11-12 17:51:16 - [TEST_STEP][PASSED] - try: Window with index 1 is closed

2021-11-12 17:51:16 - [TEST_STEP][PASSED] - index = getWindowIndex(): Current window's index is: 1

2021-11-12 17:51:16 - [MESSAGE][INFO] - Getting current window's index

2021-11-12 17:51:16 - [MESSAGE][PASSED] - Current window's index is: 1

2021-11-12 17:51:16 - [TEST_STEP][PASSED] - closeWindowIndex(index): Window with index 1 is closed

2021-11-12 17:51:16 - [MESSAGE][INFO] - Checking index

2021-11-12 17:51:16 - [MESSAGE][INFO] - Closing window with index 1

2021-11-12 17:51:17 - [MESSAGE][PASSED] - Window with index 1 is closed

2021-11-12 17:51:17 - [TEST_STEP][PASSED] - switchToWindowIndex(0): Switched to window with index: '0'

2021-11-12 17:51:17 - [MESSAGE][INFO] - Checking index

2021-11-12 17:51:17 - [MESSAGE][INFO] - Switching window with index: '0'

2021-11-12 17:51:17 - [MESSAGE][PASSED] - Switched to window with index: '0'

2021-11-12 17:51:17 - [MESSAGE][PASSED] - Call Test Case 'Test Cases/Sekmeler/Ana_Sekmeye_Gec' successfully

2021-11-12 17:51:17 - [MESSAGE][INFO] - Checking called Test Case

2021-11-12 17:51:17 - [MESSAGE][INFO] - Starting to call Test Case 'Test Cases/Butonlar/ButonaTikla'

2021-11-12 17:51:17 - [TEST_CASE][PASSED] - Test Cases/Butonlar/ButonaTikla: Test Cases/Butonlar/ButonaTikla

2021-11-12 17:51:17 - [TEST_STEP][PASSED] - Method.TextDegerineEsitElementeTiklaEquals(findTestObject("Butonlar/Butonlar"), Buton_Adi): Method.TextDegerineEsitElementeTiklaEquals is PASSED

2021-11-12 17:51:17 - [MESSAGE][INFO] - Finding Test Object 'Object Repository/Butonlar/Butonlar'

2021-11-12 17:51:17 - [MESSAGE][INFO] - Checking timeout

2021-11-12 17:51:17 - [MESSAGE][INFO] - Finding web element with id: 'Object Repository/Butonlar/Butonlar' located by 'By.cssSelector: .panel.panel-default.text-center.footerPanel .btn,.btn.btn-primary.btnControls' in '10' second(s)

2021-11-12 17:51:17 - [MESSAGE][INFO] - Smart Wait Function is triggered

2021-11-12 17:51:17 - [MESSAGE][INFO] - Found 10 web elements with id: 'Object Repository/Butonlar/Butonlar' located by 'By.cssSelector: .panel.panel-default.text-center.footerPanel .btn,.btn.btn-primary.btnControls' in '10' second(s)

2021-11-12 17:51:17 - [MESSAGE][PASSED] - Method.TextDegerineEsitElementeTiklaEquals is PASSED

2021-11-12 17:51:17 - [MESSAGE][PASSED] - Call Test Case 'Test Cases/Butonlar/ButonaTikla' successfully

2021-11-12 17:51:17 - [MESSAGE][INFO] - Checking called Test Case

2021-11-12 17:51:17 - [MESSAGE][INFO] - Starting to call Test Case 'Test Cases/Butonlar/AltButonaTikla'

2021-11-12 17:51:17 - [TEST_CASE][PASSED] - Test Cases/Butonlar/AltButonaTikla: Test Cases/Butonlar/AltButonaTikla

2021-11-12 17:51:18 - [TEST_STEP][PASSED] - Method.TextDegerineEsitElementeTikla(findTestObject("Butonlar/AltButonlar"), Alt_Buton): Method.TextDegerineEsitElementeTikla is PASSED

2021-11-12 17:51:18 - [MESSAGE][INFO] - Finding Test Object 'Object Repository/Butonlar/AltButonlar'

2021-11-12 17:51:18 - [MESSAGE][INFO] - Checking timeout

2021-11-12 17:51:18 - [MESSAGE][INFO] - Finding web element with id: 'Object Repository/Butonlar/AltButonlar' located by 'By.cssSelector: .btn-group.open li>a' in '10' second(s)

2021-11-12 17:51:18 - [MESSAGE][INFO] - Smart Wait Function is triggered

2021-11-12 17:51:18 - [MESSAGE][INFO] - Found 2 web elements with id: 'Object Repository/Butonlar/AltButonlar' located by 'By.cssSelector: .btn-group.open li>a' in '10' second(s)

2021-11-12 17:51:19 - [MESSAGE][PASSED] - Method.TextDegerineEsitElementeTikla is PASSED

2021-11-12 17:51:19 - [MESSAGE][PASSED] - Call Test Case 'Test Cases/Butonlar/AltButonaTikla' successfully

2021-11-12 17:51:19 - [MESSAGE][INFO] - Checking called Test Case

2021-11-12 17:51:19 - [MESSAGE][INFO] - Starting to call Test Case 'Test Cases/Butonlar/DosyaIndirildiMi'

2021-11-12 17:51:19 - [TEST_CASE][PASSED] - Test Cases/Butonlar/DosyaIndirildiMi: Test Cases/Butonlar/DosyaIndirildiMi

2021-11-12 17:51:20 - [TEST_STEP][PASSED] - Method.isimliDosyaIndirildiMi(DownloadFile, FileName): Method.isimliDosyaIndirildiMi is PASSED

2021-11-12 17:51:20 - [MESSAGE][INFO] - Delaying browser in 3 second(s)

2021-11-12 17:51:23 - [MESSAGE][PASSED] - Delayed 3 second(s)

2021-11-12 17:51:23 - [MESSAGE][PASSED] - Method.isimliDosyaIndirildiMi is PASSED

2021-11-12 17:51:23 - [MESSAGE][PASSED] - Call Test Case 'Test Cases/Butonlar/DosyaIndirildiMi' successfully

2021-11-12 17:51:23 - [MESSAGE][INFO] - Checking called Test Case

2021-11-12 17:51:23 - [MESSAGE][INFO] - Starting to call Test Case 'Test Cases/Butonlar/ButonaTikla'

2021-11-12 17:51:23 - [TEST_CASE][PASSED] - Test Cases/Butonlar/ButonaTikla: Test Cases/Butonlar/ButonaTikla

2021-11-12 17:51:23 - [TEST_STEP][PASSED] - Method.TextDegerineEsitElementeTiklaEquals(findTestObject("Butonlar/Butonlar"), Buton_Adi): Method.TextDegerineEsitElementeTiklaEquals is PASSED

2021-11-12 17:51:23 - [MESSAGE][INFO] - Finding Test Object 'Object Repository/Butonlar/Butonlar'

2021-11-12 17:51:23 - [MESSAGE][INFO] - Checking timeout

2021-11-12 17:51:23 - [MESSAGE][INFO] - Finding web element with id: 'Object Repository/Butonlar/Butonlar' located by 'By.cssSelector: .panel.panel-default.text-center.footerPanel .btn,.btn.btn-primary.btnControls' in '10' second(s)

2021-11-12 17:51:23 - [MESSAGE][INFO] - Smart Wait Function is triggered

2021-11-12 17:51:23 - [MESSAGE][INFO] - Found 10 web elements with id: 'Object Repository/Butonlar/Butonlar' located by 'By.cssSelector: .panel.panel-default.text-center.footerPanel .btn,.btn.btn-primary.btnControls' in '10' second(s)

2021-11-12 17:51:23 - [MESSAGE][PASSED] - Method.TextDegerineEsitElementeTiklaEquals is PASSED

2021-11-12 17:51:23 - [MESSAGE][PASSED] - Call Test Case 'Test Cases/Butonlar/ButonaTikla' successfully

2021-11-12 17:51:23 - [MESSAGE][INFO] - Checking called Test Case

2021-11-12 17:51:23 - [MESSAGE][INFO] - Starting to call Test Case 'Test Cases/Butonlar/AltButonaTikla'

2021-11-12 17:51:24 - [TEST_CASE][PASSED] - Test Cases/Butonlar/AltButonaTikla: Test Cases/Butonlar/AltButonaTikla

2021-11-12 17:51:24 - [TEST_STEP][PASSED] - Method.TextDegerineEsitElementeTikla(findTestObject("Butonlar/AltButonlar"), Alt_Buton): Method.TextDegerineEsitElementeTikla is PASSED

2021-11-12 17:51:24 - [MESSAGE][INFO] - Finding Test Object 'Object Repository/Butonlar/AltButonlar'

2021-11-12 17:51:24 - [MESSAGE][INFO] - Checking timeout

2021-11-12 17:51:24 - [MESSAGE][INFO] - Finding web element with id: 'Object Repository/Butonlar/AltButonlar' located by 'By.cssSelector: .btn-group.open li>a' in '10' second(s)

2021-11-12 17:51:24 - [MESSAGE][INFO] - Smart Wait Function is triggered

2021-11-12 17:51:24 - [MESSAGE][INFO] - Found 2 web elements with id: 'Object Repository/Butonlar/AltButonlar' located by 'By.cssSelector: .btn-group.open li>a' in '10' second(s)

2021-11-12 17:51:24 - [MESSAGE][PASSED] - Method.TextDegerineEsitElementeTikla is PASSED

2021-11-12 17:51:24 - [MESSAGE][PASSED] - Call Test Case 'Test Cases/Butonlar/AltButonaTikla' successfully

2021-11-12 17:51:24 - [MESSAGE][INFO] - Checking called Test Case

2021-11-12 17:51:24 - [MESSAGE][INFO] - Starting to call Test Case 'Test Cases/Butonlar/DosyaIndirildiMi'

2021-11-12 17:51:24 - [TEST_CASE][PASSED] - Test Cases/Butonlar/DosyaIndirildiMi: Test Cases/Butonlar/DosyaIndirildiMi

2021-11-12 17:51:24 - [TEST_STEP][PASSED] - Method.isimliDosyaIndirildiMi(DownloadFile, FileName): Method.isimliDosyaIndirildiMi is PASSED

2021-11-12 17:51:25 - [MESSAGE][INFO] - Delaying browser in 3 second(s)

2021-11-12 17:51:28 - [MESSAGE][PASSED] - Delayed 3 second(s)

2021-11-12 17:51:28 - [MESSAGE][PASSED] - Method.isimliDosyaIndirildiMi is PASSED

2021-11-12 17:51:28 - [MESSAGE][PASSED] - Call Test Case 'Test Cases/Butonlar/DosyaIndirildiMi' successfully

2021-11-12 17:51:28 - [MESSAGE][INFO] - Checking called Test Case

2021-11-12 17:51:28 - [MESSAGE][INFO] - Starting to call Test Case 'Test Cases/Butonlar/ButonaTikla'

2021-11-12 17:51:28 - [TEST_CASE][PASSED] - Test Cases/Butonlar/ButonaTikla: Test Cases/Butonlar/ButonaTikla

2021-11-12 17:51:28 - [TEST_STEP][PASSED] - Method.TextDegerineEsitElementeTiklaEquals(findTestObject("Butonlar/Butonlar"), Buton_Adi): Method.TextDegerineEsitElementeTiklaEquals is PASSED

2021-11-12 17:51:28 - [MESSAGE][INFO] - Finding Test Object 'Object Repository/Butonlar/Butonlar'

2021-11-12 17:51:28 - [MESSAGE][INFO] - Checking timeout

2021-11-12 17:51:28 - [MESSAGE][INFO] - Finding web element with id: 'Object Repository/Butonlar/Butonlar' located by 'By.cssSelector: .panel.panel-default.text-center.footerPanel .btn,.btn.btn-primary.btnControls' in '10' second(s)

2021-11-12 17:51:28 - [MESSAGE][INFO] - Smart Wait Function is triggered

2021-11-12 17:51:28 - [MESSAGE][INFO] - Found 10 web elements with id: 'Object Repository/Butonlar/Butonlar' located by 'By.cssSelector: .panel.panel-default.text-center.footerPanel .btn,.btn.btn-primary.btnControls' in '10' second(s)

2021-11-12 17:51:29 - [MESSAGE][PASSED] - Method.TextDegerineEsitElementeTiklaEquals is PASSED

2021-11-12 17:51:29 - [MESSAGE][PASSED] - Call Test Case 'Test Cases/Butonlar/ButonaTikla' successfully

2021-11-12 17:51:29 - [MESSAGE][INFO] - Checking called Test Case

2021-11-12 17:51:29 - [MESSAGE][INFO] - Starting to call Test Case 'Test Cases/Popup/PopupMesajiIceriyorMu'

2021-11-12 17:51:29 - [TEST_CASE][PASSED] - Test Cases/Popup/PopupMesajiIceriyorMu: Test Cases/Popup/PopupMesajiIceriyorMu

2021-11-12 17:51:29 - [TEST_STEP][PASSED] - waitForElementVisible(findTestObject("Popup/Popup"), 10): Object 'Object Repository/Popup/Popup' is visible

2021-11-12 17:51:29 - [MESSAGE][INFO] - Finding Test Object 'Object Repository/Popup/Popup'

2021-11-12 17:51:29 - [MESSAGE][INFO] - Checking object

2021-11-12 17:51:29 - [MESSAGE][INFO] - Checking timeout

2021-11-12 17:51:29 - [MESSAGE][INFO] - Finding web element from Test Object's properties

2021-11-12 17:51:29 - [MESSAGE][INFO] - Checking timeout

2021-11-12 17:51:29 - [MESSAGE][INFO] - Finding web element with id: 'Object Repository/Popup/Popup' located by 'By.cssSelector: .bootbox-body' in '10' second(s)

2021-11-12 17:51:29 - [MESSAGE][INFO] - Smart Wait Function is triggered

2021-11-12 17:51:29 - [MESSAGE][INFO] - Found 1 web elements with id: 'Object Repository/Popup/Popup' located by 'By.cssSelector: .bootbox-body' in '10' second(s)

2021-11-12 17:51:29 - [MESSAGE][PASSED] - Object 'Object Repository/Popup/Popup' is visible

2021-11-12 17:51:29 - [TEST_STEP][PASSED] - if (!(getText(findTestObject("Popup/Popup")).contains(Mesaj))): Text of object 'Object Repository/Popup/Popup' is: 'MRT serisi için onaylanmamış belge(leri)niz bulunmaktadır.
FFE serisi için onaylanmamış belge(leri)niz bulunmaktadır.
Devam etmek istiyor musunuz?'

2021-11-12 17:51:29 - [MESSAGE][INFO] - Finding Test Object 'Object Repository/Popup/Popup'

2021-11-12 17:51:29 - [MESSAGE][INFO] - Checking object

2021-11-12 17:51:29 - [MESSAGE][INFO] - Finding web element from Test Object's properties

2021-11-12 17:51:29 - [MESSAGE][INFO] - Checking timeout

2021-11-12 17:51:29 - [MESSAGE][INFO] - Finding web element with id: 'Object Repository/Popup/Popup' located by 'By.cssSelector: .bootbox-body' in '30' second(s)

2021-11-12 17:51:29 - [MESSAGE][INFO] - Smart Wait Function is triggered

2021-11-12 17:51:30 - [MESSAGE][INFO] - Found 1 web elements with id: 'Object Repository/Popup/Popup' located by 'By.cssSelector: .bootbox-body' in '30' second(s)

2021-11-12 17:51:30 - [MESSAGE][INFO] - Getting text of object 'Object Repository/Popup/Popup'

2021-11-12 17:51:30 - [MESSAGE][PASSED] - Text of object 'Object Repository/Popup/Popup' is: 'MRT serisi için onaylanmamış belge(leri)niz bulunmaktadır.
FFE serisi için onaylanmamış belge(leri)niz bulunmaktadır.
Devam etmek istiyor musunuz?'

2021-11-12 17:51:30 - [TEST_STEP][PASSED] - RaporNo = getText(findTestObject("Popup/Popup")).substring(0, 6): Text of object 'Object Repository/Popup/Popup' is: 'MRT serisi için onaylanmamış belge(leri)niz bulunmaktadır.
FFE serisi için onaylanmamış belge(leri)niz bulunmaktadır.
Devam etmek istiyor musunuz?'

2021-11-12 17:51:30 - [MESSAGE][INFO] - Finding Test Object 'Object Repository/Popup/Popup'

2021-11-12 17:51:30 - [MESSAGE][INFO] - Checking object

2021-11-12 17:51:30 - [MESSAGE][INFO] - Finding web element from Test Object's properties

2021-11-12 17:51:30 - [MESSAGE][INFO] - Checking timeout

2021-11-12 17:51:30 - [MESSAGE][INFO] - Finding web element with id: 'Object Repository/Popup/Popup' located by 'By.cssSelector: .bootbox-body' in '30' second(s)

2021-11-12 17:51:30 - [MESSAGE][INFO] - Smart Wait Function is triggered

2021-11-12 17:51:30 - [MESSAGE][INFO] - Found 1 web elements with id: 'Object Repository/Popup/Popup' located by 'By.cssSelector: .bootbox-body' in '30' second(s)

2021-11-12 17:51:30 - [MESSAGE][INFO] - Getting text of object 'Object Repository/Popup/Popup'

2021-11-12 17:51:30 - [MESSAGE][PASSED] - Text of object 'Object Repository/Popup/Popup' is: 'MRT serisi için onaylanmamış belge(leri)niz bulunmaktadır.
FFE serisi için onaylanmamış belge(leri)niz bulunmaktadır.
Devam etmek istiyor musunuz?'

2021-11-12 17:51:30 - [TEST_STEP][PASSED] - Console.println(RaporNo): null

2021-11-12 17:51:30 - [MESSAGE][PASSED] - Call Test Case 'Test Cases/Popup/PopupMesajiIceriyorMu' successfully

2021-11-12 17:51:30 - [MESSAGE][INFO] - Checking called Test Case

2021-11-12 17:51:30 - [MESSAGE][INFO] - Starting to call Test Case 'Test Cases/Popup/PopupButonSecilir'

2021-11-12 17:51:30 - [TEST_CASE][PASSED] - Test Cases/Popup/PopupButonSecilir: Test Cases/Popup/PopupButonSecilir

2021-11-12 17:51:30 - [TEST_STEP][PASSED] - Method.TextDegerineEsitElementeTikla(findTestObject("Popup/Popup_Butons"), Buton): Method.TextDegerineEsitElementeTikla is PASSED

2021-11-12 17:51:30 - [MESSAGE][INFO] - Finding Test Object 'Object Repository/Popup/Popup_Butons'

2021-11-12 17:51:30 - [MESSAGE][INFO] - Checking timeout

2021-11-12 17:51:30 - [MESSAGE][INFO] - Finding web element with id: 'Object Repository/Popup/Popup_Butons' located by 'By.cssSelector: .modal-footer>button' in '10' second(s)

2021-11-12 17:51:30 - [MESSAGE][INFO] - Smart Wait Function is triggered

2021-11-12 17:51:31 - [MESSAGE][INFO] - Found 2 web elements with id: 'Object Repository/Popup/Popup_Butons' located by 'By.cssSelector: .modal-footer>button' in '10' second(s)

2021-11-12 17:51:31 - [MESSAGE][PASSED] - Method.TextDegerineEsitElementeTikla is PASSED

2021-11-12 17:51:31 - [MESSAGE][PASSED] - Call Test Case 'Test Cases/Popup/PopupButonSecilir' successfully

2021-11-12 17:51:31 - [MESSAGE][INFO] - Checking called Test Case

2021-11-12 17:51:31 - [MESSAGE][INFO] - Starting to call Test Case 'Test Cases/Menu/AnaMenuSecimi'

2021-11-12 17:51:31 - [TEST_CASE][PASSED] - Test Cases/Menu/AnaMenuSecimi: Test Cases/Menu/AnaMenuSecimi

2021-11-12 17:51:31 - [TEST_STEP][PASSED] - Method.TextDegerineEsitElementeTikla(findTestObject("Menu/Ana_Menu"), Ana_Menu): Method.TextDegerineEsitElementeTikla is PASSED

2021-11-12 17:51:31 - [MESSAGE][INFO] - Finding Test Object 'Object Repository/Menu/Ana_Menu'

2021-11-12 17:51:31 - [MESSAGE][INFO] - Checking timeout

2021-11-12 17:51:31 - [MESSAGE][INFO] - Finding web element with id: 'Object Repository/Menu/Ana_Menu' located by 'By.xpath: //*[@class = 'dropdown-toggle']' in '10' second(s)

2021-11-12 17:51:31 - [MESSAGE][INFO] - Smart Wait Function is triggered

2021-11-12 17:51:32 - [MESSAGE][INFO] - Found 14 web elements with id: 'Object Repository/Menu/Ana_Menu' located by 'By.xpath: //*[@class = 'dropdown-toggle']' in '10' second(s)

2021-11-12 17:51:32 - [MESSAGE][PASSED] - Method.TextDegerineEsitElementeTikla is PASSED

2021-11-12 17:51:32 - [MESSAGE][PASSED] - Call Test Case 'Test Cases/Menu/AnaMenuSecimi' successfully

2021-11-12 17:51:32 - [MESSAGE][INFO] - Checking called Test Case

2021-11-12 17:51:32 - [MESSAGE][INFO] - Starting to call Test Case 'Test Cases/Menu/BasligaGoreAltMenuSecimi'

2021-11-12 17:51:32 - [TEST_CASE][PASSED] - Test Cases/Menu/BasligaGoreAltMenuSecimi: Test Cases/Menu/BasligaGoreAltMenuSecimi

2021-11-12 17:51:32 - [TEST_STEP][PASSED] - Method.TextDegerineEsitElementinAltindakiTextDegerineEsitOlanaTikla(findTestObject("Menu/Menu_Basligi"), findTestObject("Menu/Basliga_Gore_Alt_Menu"), Baslik, Alt_Menu): Method.TextDegerineEsitElementinAltindakiTextDegerineEsitOlanaTikla is PASSED

2021-11-12 17:51:32 - [MESSAGE][INFO] - Finding Test Object 'Object Repository/Menu/Menu_Basligi'

2021-11-12 17:51:32 - [MESSAGE][INFO] - Finding Test Object 'Object Repository/Menu/Basliga_Gore_Alt_Menu'

2021-11-12 17:51:32 - [MESSAGE][INFO] - Checking timeout

2021-11-12 17:51:32 - [MESSAGE][INFO] - Finding web element with id: 'Object Repository/Menu/Menu_Basligi' located by 'By.xpath: //li[@class='dropdown dropdown-large open']//li[@class='dropdown-header']' in '10' second(s)

2021-11-12 17:51:32 - [MESSAGE][INFO] - Smart Wait Function is triggered

2021-11-12 17:51:33 - [MESSAGE][INFO] - Found 2 web elements with id: 'Object Repository/Menu/Menu_Basligi' located by 'By.xpath: //li[@class='dropdown dropdown-large open']//li[@class='dropdown-header']' in '10' second(s)

2021-11-12 17:51:33 - [MESSAGE][INFO] - Smart Wait Function is triggered

2021-11-12 17:51:35 - [MESSAGE][PASSED] - Method.TextDegerineEsitElementinAltindakiTextDegerineEsitOlanaTikla is PASSED

2021-11-12 17:51:35 - [MESSAGE][PASSED] - Call Test Case 'Test Cases/Menu/BasligaGoreAltMenuSecimi' successfully

2021-11-12 17:51:35 - [MESSAGE][INFO] - Checking called Test Case

2021-11-12 17:51:35 - [MESSAGE][INFO] - Starting to call Test Case 'Test Cases/Filtreler/EttnYaz'

2021-11-12 17:51:35 - [TEST_CASE][PASSED] - Test Cases/Filtreler/EttnYaz: Test Cases/Filtreler/EttnYaz

2021-11-12 17:51:36 - [TEST_STEP][PASSED] - Method.TextDegerineEsitElementinAltindakiTextboxtaYaz(findTestObject("Filtreler/Basliklar"), findTestObject("Filtreler/Basliga_Gore_Textbox"), "ETTN", ettn): Method.TextDegerineEsitElementinAltindakiTextboxtaYaz is PASSED

2021-11-12 17:51:36 - [MESSAGE][INFO] - Finding Test Object 'Object Repository/Filtreler/Basliklar'

2021-11-12 17:51:36 - [MESSAGE][INFO] - Finding Test Object 'Object Repository/Filtreler/Basliga_Gore_Textbox'

2021-11-12 17:51:36 - [MESSAGE][INFO] - Checking timeout

2021-11-12 17:51:36 - [MESSAGE][INFO] - Finding web element with id: 'Object Repository/Filtreler/Basliklar' located by 'By.cssSelector: .control-label.col-sm-4.paddingMarginRLC' in '10' second(s)

2021-11-12 17:51:36 - [MESSAGE][INFO] - Smart Wait Function is triggered

2021-11-12 17:51:36 - [MESSAGE][INFO] - Found 19 web elements with id: 'Object Repository/Filtreler/Basliklar' located by 'By.cssSelector: .control-label.col-sm-4.paddingMarginRLC' in '10' second(s)

2021-11-12 17:51:36 - [MESSAGE][INFO] - Smart Wait Function is triggered

2021-11-12 17:51:37 - [MESSAGE][PASSED] - Method.TextDegerineEsitElementinAltindakiTextboxtaYaz is PASSED

2021-11-12 17:51:37 - [MESSAGE][PASSED] - Call Test Case 'Test Cases/Filtreler/EttnYaz' successfully

2021-11-12 17:51:37 - [MESSAGE][INFO] - Checking called Test Case

2021-11-12 17:51:37 - [MESSAGE][INFO] - Starting to call Test Case 'Test Cases/Filtreler/ButonaTikla'

2021-11-12 17:51:37 - [TEST_CASE][PASSED] - Test Cases/Filtreler/ButonaTikla: Test Cases/Filtreler/ButonaTikla

2021-11-12 17:51:37 - [TEST_STEP][PASSED] - Method.TextDegerineEsitElementeTikla(findTestObject("Filtreler/Butonlar"), Filtre_Buton): Method.TextDegerineEsitElementeTikla is PASSED

2021-11-12 17:51:37 - [MESSAGE][INFO] - Finding Test Object 'Object Repository/Filtreler/Butonlar'

2021-11-12 17:51:37 - [MESSAGE][INFO] - Checking timeout

2021-11-12 17:51:37 - [MESSAGE][INFO] - Finding web element with id: 'Object Repository/Filtreler/Butonlar' located by 'By.cssSelector: .dxb>span' in '10' second(s)

2021-11-12 17:51:37 - [MESSAGE][INFO] - Smart Wait Function is triggered

2021-11-12 17:51:38 - [MESSAGE][INFO] - Found 3 web elements with id: 'Object Repository/Filtreler/Butonlar' located by 'By.cssSelector: .dxb>span' in '10' second(s)

2021-11-12 17:51:38 - [MESSAGE][PASSED] - Method.TextDegerineEsitElementeTikla is PASSED

2021-11-12 17:51:38 - [MESSAGE][PASSED] - Call Test Case 'Test Cases/Filtreler/ButonaTikla' successfully

2021-11-12 17:51:38 - [MESSAGE][INFO] - Checking called Test Case

2021-11-12 17:51:38 - [MESSAGE][INFO] - Starting to call Test Case 'Test Cases/Tablo/TablodaVeriVarMi'

2021-11-12 17:51:38 - [TEST_CASE][PASSED] - Test Cases/Tablo/TablodaVeriVarMi: Test Cases/Tablo/TablodaVeriVarMi

2021-11-12 17:51:38 - [TEST_STEP][PASSED] - verifyTextNotPresent("Görüntülenecek veri yok", true): Text 'Görüntülenecek veri yok' is not present on page using regular expression

2021-11-12 17:51:38 - [MESSAGE][INFO] - Checking text present  using regular expression

2021-11-12 17:51:38 - [MESSAGE][INFO] - Smart Wait Function is triggered

2021-11-12 17:51:39 - [MESSAGE][INFO] - Finding text 'Görüntülenecek veri yok' on page  using regular expression

2021-11-12 17:51:39 - [MESSAGE][PASSED] - Text 'Görüntülenecek veri yok' is not present on page using regular expression

2021-11-12 17:51:39 - [MESSAGE][PASSED] - Call Test Case 'Test Cases/Tablo/TablodaVeriVarMi' successfully

2021-11-12 17:51:39 - [MESSAGE][INFO] - Checking called Test Case

2021-11-12 17:51:39 - [MESSAGE][INFO] - Starting to call Test Case 'Test Cases/Tablo/TablodaVeriBasariliMiArsiv'

2021-11-12 17:51:39 - [TEST_CASE][PASSED] - Test Cases/Tablo/TablodaVeriBasariliMiArsiv: Test Cases/Tablo/TablodaVeriBasariliMiArsiv

2021-11-12 17:51:39 - [TEST_STEP][PASSED] - sayac = 80: null

2021-11-12 17:51:39 - [TEST_STEP][PASSED] - while (verifyElementText(findTestObject("Object Repository/Tablo/DurumBilgisiArsiv"), "Henüz Sonuçlanmadı", OPTIONAL)): Actual text 'Başarılı' and expected text 'Henüz Sonuçlanmadı' of test object 'Object Repository/Tablo/DurumBilgisiArsiv' are NOT matched. (Root cause: com.kms.katalon.core.exception.StepFailedException: Actual text 'Başarılı' and expected text 'Henüz Sonuçlanmadı' of test object 'Object Repository/Tablo/DurumBilgisiArsiv' are NOT matched.
	at com.kms.katalon.core.webui.keyword.internal.WebUIKeywordMain.stepFailed(WebUIKeywordMain.groovy:64)
	at com.kms.katalon.core.webui.keyword.builtin.VerifyElementTextKeyword$_verifyElementText_closure1.doCall(VerifyElementTextKeyword.groovy:57)
	at com.kms.katalon.core.webui.keyword.builtin.VerifyElementTextKeyword$_verifyElementText_closure1.call(VerifyElementTextKeyword.groovy)
	at com.kms.katalon.core.webui.keyword.internal.WebUIKeywordMain.runKeyword(WebUIKeywordMain.groovy:20)
	at com.kms.katalon.core.webui.keyword.builtin.VerifyElementTextKeyword.verifyElementText(VerifyElementTextKeyword.groovy:72)
	at com.kms.katalon.core.webui.keyword.builtin.VerifyElementTextKeyword.execute(VerifyElementTextKeyword.groovy:40)
	at com.kms.katalon.core.keyword.internal.KeywordExecutor.executeKeywordForPlatform(KeywordExecutor.groovy:73)
	at com.kms.katalon.core.webui.keyword.WebUiBuiltInKeywords.verifyElementText(WebUiBuiltInKeywords.groovy:4733)
	at com.kms.katalon.core.webui.keyword.WebUiBuiltInKeywords$verifyElementText$25.call(Unknown Source)
	at TablodaVeriBasariliMiArsiv.run(TablodaVeriBasariliMiArsiv:22)
	at com.kms.katalon.core.main.ScriptEngine.run(ScriptEngine.java:194)
	at com.kms.katalon.core.main.ScriptEngine.runScriptAsRawText(ScriptEngine.java:119)
	at com.kms.katalon.core.main.TestCaseExecutor.runScript(TestCaseExecutor.java:369)
	at com.kms.katalon.core.main.TestCaseExecutor.doExecute(TestCaseExecutor.java:360)
	at com.kms.katalon.core.main.TestCaseExecutor.processExecutionPhase(TestCaseExecutor.java:339)
	at com.kms.katalon.core.main.TestCaseExecutor.accessMainPhase(TestCaseExecutor.java:331)
	at com.kms.katalon.core.main.TestCaseExecutor.execute(TestCaseExecutor.java:248)
	at com.kms.katalon.core.main.TestCaseMain.runTestCase(TestCaseMain.java:138)
	at com.kms.katalon.core.keyword.builtin.CallTestCaseKeyword$_callTestCase_closure1.doCall(CallTestCaseKeyword.groovy:59)
	at com.kms.katalon.core.keyword.builtin.CallTestCaseKeyword$_callTestCase_closure1.call(CallTestCaseKeyword.groovy)
	at com.kms.katalon.core.keyword.internal.KeywordMain.runKeyword(KeywordMain.groovy:68)
	at com.kms.katalon.core.keyword.builtin.CallTestCaseKeyword.callTestCase(CallTestCaseKeyword.groovy:81)
	at com.kms.katalon.core.keyword.builtin.CallTestCaseKeyword.execute(CallTestCaseKeyword.groovy:44)
	at com.kms.katalon.core.keyword.internal.KeywordExecutor.executeKeywordForPlatform(KeywordExecutor.groovy:73)
	at com.kms.katalon.core.keyword.BuiltinKeywords.callTestCase(BuiltinKeywords.groovy:334)
	at tablo.tablo.tablodaVeriBasariliMiArsiv(tablo.groovy:95)
	at cucumber.runtime.Utils$1.call(Utils.java:26)
	at cucumber.runtime.Timeout.timeout(Timeout.java:16)
	at cucumber.runtime.Utils.invoke(Utils.java:20)
	at cucumber.runtime.java.JavaStepDefinition.execute(JavaStepDefinition.java:49)
	at cucumber.runner.PickleStepDefinitionMatch.runStep(PickleStepDefinitionMatch.java:50)
	at cucumber.runner.TestStep.executeStep(TestStep.java:63)
	at cucumber.runner.TestStep.run(TestStep.java:49)
	at cucumber.runner.PickleStepTestStep.run(PickleStepTestStep.java:43)
	at cucumber.runner.TestCase.run(TestCase.java:44)
	at cucumber.runner.Runner.runPickle(Runner.java:40)
	at cucumber.runtime.Runtime$1.run(Runtime.java:84)
	at cucumber.runtime.Runtime$SameThreadExecutorService.execute(Runtime.java:220)
	at cucumber.runtime.Runtime.run(Runtime.java:81)
	at cucumber.api.cli.Main.run(Main.java:26)
	at cucumber.api.cli.Main$run.call(Unknown Source)
	at com.kms.katalon.core.cucumber.keyword.CucumberBuiltinKeywords$_runFeatureFile_closure1.doCall(CucumberBuiltinKeywords.groovy:106)
	at com.kms.katalon.core.cucumber.keyword.CucumberBuiltinKeywords$_runFeatureFile_closure1.doCall(CucumberBuiltinKeywords.groovy)
	at com.kms.katalon.core.keyword.internal.KeywordMain.runKeyword(KeywordMain.groovy:68)
	at com.kms.katalon.core.keyword.internal.KeywordMain$runKeyword.call(Unknown Source)
	at com.kms.katalon.core.cucumber.keyword.CucumberBuiltinKeywords.runFeatureFile(CucumberBuiltinKeywords.groovy:73)
	at com.kms.katalon.core.cucumber.keyword.CucumberBuiltinKeywords$runFeatureFile$0.callStatic(Unknown Source)
	at com.kms.katalon.core.cucumber.keyword.CucumberBuiltinKeywords.runFeatureFile(CucumberBuiltinKeywords.groovy:246)
	at com.kms.katalon.core.cucumber.keyword.CucumberBuiltinKeywords$runFeatureFile.call(Unknown Source)
	at Elektronik-Satis Tipinde.run(Elektronik-Satis Tipinde:17)
	at com.kms.katalon.core.main.ScriptEngine.run(ScriptEngine.java:194)
	at com.kms.katalon.core.main.ScriptEngine.runScriptAsRawText(ScriptEngine.java:119)
	at com.kms.katalon.core.main.TestCaseExecutor.runScript(TestCaseExecutor.java:369)
	at com.kms.katalon.core.main.TestCaseExecutor.doExecute(TestCaseExecutor.java:360)
	at com.kms.katalon.core.main.TestCaseExecutor.processExecutionPhase(TestCaseExecutor.java:339)
	at com.kms.katalon.core.main.TestCaseExecutor.accessMainPhase(TestCaseExecutor.java:331)
	at com.kms.katalon.core.main.TestCaseExecutor.execute(TestCaseExecutor.java:248)
	at com.kms.katalon.core.main.TestSuiteExecutor.accessTestCaseMainPhase(TestSuiteExecutor.java:191)
	at com.kms.katalon.core.main.TestSuiteExecutor.accessTestSuiteMainPhase(TestSuiteExecutor.java:140)
	at com.kms.katalon.core.main.TestSuiteExecutor.execute(TestSuiteExecutor.java:89)
	at com.kms.katalon.core.main.TestCaseMain.startTestSuite(TestCaseMain.java:181)
	at com.kms.katalon.core.main.TestCaseMain$startTestSuite$0.call(Unknown Source)
	at TempTestSuite1636727184281.run(TempTestSuite1636727184281.groovy:39)
)

2021-11-12 17:51:39 - [MESSAGE][INFO] - Finding Test Object 'Object Repository/Tablo/DurumBilgisiArsiv'

2021-11-12 17:51:39 - [MESSAGE][INFO] - Checking object

2021-11-12 17:51:39 - [MESSAGE][INFO] - Finding web element from Test Object's properties

2021-11-12 17:51:39 - [MESSAGE][INFO] - Checking timeout

2021-11-12 17:51:39 - [MESSAGE][INFO] - Finding web element with id: 'Object Repository/Tablo/DurumBilgisiArsiv' located by 'By.xpath: //*[@id = 'GridViewEArchiveInvoices_tccell0_9']' in '30' second(s)

2021-11-12 17:51:39 - [MESSAGE][INFO] - Smart Wait Function is triggered

2021-11-12 17:51:40 - [MESSAGE][INFO] - Found 1 web elements with id: 'Object Repository/Tablo/DurumBilgisiArsiv' located by 'By.xpath: //*[@id = 'GridViewEArchiveInvoices_tccell0_9']' in '30' second(s)

2021-11-12 17:51:40 - [MESSAGE][WARNING] - Actual text 'Başarılı' and expected text 'Henüz Sonuçlanmadı' of test object 'Object Repository/Tablo/DurumBilgisiArsiv' are NOT matched. (Root cause: com.kms.katalon.core.exception.StepFailedException: Actual text 'Başarılı' and expected text 'Henüz Sonuçlanmadı' of test object 'Object Repository/Tablo/DurumBilgisiArsiv' are NOT matched.
	at com.kms.katalon.core.webui.keyword.internal.WebUIKeywordMain.stepFailed(WebUIKeywordMain.groovy:64)
	at com.kms.katalon.core.webui.keyword.builtin.VerifyElementTextKeyword$_verifyElementText_closure1.doCall(VerifyElementTextKeyword.groovy:57)
	at com.kms.katalon.core.webui.keyword.builtin.VerifyElementTextKeyword$_verifyElementText_closure1.call(VerifyElementTextKeyword.groovy)
	at com.kms.katalon.core.webui.keyword.internal.WebUIKeywordMain.runKeyword(WebUIKeywordMain.groovy:20)
	at com.kms.katalon.core.webui.keyword.builtin.VerifyElementTextKeyword.verifyElementText(VerifyElementTextKeyword.groovy:72)
	at com.kms.katalon.core.webui.keyword.builtin.VerifyElementTextKeyword.execute(VerifyElementTextKeyword.groovy:40)
	at com.kms.katalon.core.keyword.internal.KeywordExecutor.executeKeywordForPlatform(KeywordExecutor.groovy:73)
	at com.kms.katalon.core.webui.keyword.WebUiBuiltInKeywords.verifyElementText(WebUiBuiltInKeywords.groovy:4733)
	at com.kms.katalon.core.webui.keyword.WebUiBuiltInKeywords$verifyElementText$25.call(Unknown Source)
	at TablodaVeriBasariliMiArsiv.run(TablodaVeriBasariliMiArsiv:22)
	at com.kms.katalon.core.main.ScriptEngine.run(ScriptEngine.java:194)
	at com.kms.katalon.core.main.ScriptEngine.runScriptAsRawText(ScriptEngine.java:119)
	at com.kms.katalon.core.main.TestCaseExecutor.runScript(TestCaseExecutor.java:369)
	at com.kms.katalon.core.main.TestCaseExecutor.doExecute(TestCaseExecutor.java:360)
	at com.kms.katalon.core.main.TestCaseExecutor.processExecutionPhase(TestCaseExecutor.java:339)
	at com.kms.katalon.core.main.TestCaseExecutor.accessMainPhase(TestCaseExecutor.java:331)
	at com.kms.katalon.core.main.TestCaseExecutor.execute(TestCaseExecutor.java:248)
	at com.kms.katalon.core.main.TestCaseMain.runTestCase(TestCaseMain.java:138)
	at com.kms.katalon.core.keyword.builtin.CallTestCaseKeyword$_callTestCase_closure1.doCall(CallTestCaseKeyword.groovy:59)
	at com.kms.katalon.core.keyword.builtin.CallTestCaseKeyword$_callTestCase_closure1.call(CallTestCaseKeyword.groovy)
	at com.kms.katalon.core.keyword.internal.KeywordMain.runKeyword(KeywordMain.groovy:68)
	at com.kms.katalon.core.keyword.builtin.CallTestCaseKeyword.callTestCase(CallTestCaseKeyword.groovy:81)
	at com.kms.katalon.core.keyword.builtin.CallTestCaseKeyword.execute(CallTestCaseKeyword.groovy:44)
	at com.kms.katalon.core.keyword.internal.KeywordExecutor.executeKeywordForPlatform(KeywordExecutor.groovy:73)
	at com.kms.katalon.core.keyword.BuiltinKeywords.callTestCase(BuiltinKeywords.groovy:334)
	at tablo.tablo.tablodaVeriBasariliMiArsiv(tablo.groovy:95)
	at cucumber.runtime.Utils$1.call(Utils.java:26)
	at cucumber.runtime.Timeout.timeout(Timeout.java:16)
	at cucumber.runtime.Utils.invoke(Utils.java:20)
	at cucumber.runtime.java.JavaStepDefinition.execute(JavaStepDefinition.java:49)
	at cucumber.runner.PickleStepDefinitionMatch.runStep(PickleStepDefinitionMatch.java:50)
	at cucumber.runner.TestStep.executeStep(TestStep.java:63)
	at cucumber.runner.TestStep.run(TestStep.java:49)
	at cucumber.runner.PickleStepTestStep.run(PickleStepTestStep.java:43)
	at cucumber.runner.TestCase.run(TestCase.java:44)
	at cucumber.runner.Runner.runPickle(Runner.java:40)
	at cucumber.runtime.Runtime$1.run(Runtime.java:84)
	at cucumber.runtime.Runtime$SameThreadExecutorService.execute(Runtime.java:220)
	at cucumber.runtime.Runtime.run(Runtime.java:81)
	at cucumber.api.cli.Main.run(Main.java:26)
	at cucumber.api.cli.Main$run.call(Unknown Source)
	at com.kms.katalon.core.cucumber.keyword.CucumberBuiltinKeywords$_runFeatureFile_closure1.doCall(CucumberBuiltinKeywords.groovy:106)
	at com.kms.katalon.core.cucumber.keyword.CucumberBuiltinKeywords$_runFeatureFile_closure1.doCall(CucumberBuiltinKeywords.groovy)
	at com.kms.katalon.core.keyword.internal.KeywordMain.runKeyword(KeywordMain.groovy:68)
	at com.kms.katalon.core.keyword.internal.KeywordMain$runKeyword.call(Unknown Source)
	at com.kms.katalon.core.cucumber.keyword.CucumberBuiltinKeywords.runFeatureFile(CucumberBuiltinKeywords.groovy:73)
	at com.kms.katalon.core.cucumber.keyword.CucumberBuiltinKeywords$runFeatureFile$0.callStatic(Unknown Source)
	at com.kms.katalon.core.cucumber.keyword.CucumberBuiltinKeywords.runFeatureFile(CucumberBuiltinKeywords.groovy:246)
	at com.kms.katalon.core.cucumber.keyword.CucumberBuiltinKeywords$runFeatureFile.call(Unknown Source)
	at Elektronik-Satis Tipinde.run(Elektronik-Satis Tipinde:17)
	at com.kms.katalon.core.main.ScriptEngine.run(ScriptEngine.java:194)
	at com.kms.katalon.core.main.ScriptEngine.runScriptAsRawText(ScriptEngine.java:119)
	at com.kms.katalon.core.main.TestCaseExecutor.runScript(TestCaseExecutor.java:369)
	at com.kms.katalon.core.main.TestCaseExecutor.doExecute(TestCaseExecutor.java:360)
	at com.kms.katalon.core.main.TestCaseExecutor.processExecutionPhase(TestCaseExecutor.java:339)
	at com.kms.katalon.core.main.TestCaseExecutor.accessMainPhase(TestCaseExecutor.java:331)
	at com.kms.katalon.core.main.TestCaseExecutor.execute(TestCaseExecutor.java:248)
	at com.kms.katalon.core.main.TestSuiteExecutor.accessTestCaseMainPhase(TestSuiteExecutor.java:191)
	at com.kms.katalon.core.main.TestSuiteExecutor.accessTestSuiteMainPhase(TestSuiteExecutor.java:140)
	at com.kms.katalon.core.main.TestSuiteExecutor.execute(TestSuiteExecutor.java:89)
	at com.kms.katalon.core.main.TestCaseMain.startTestSuite(TestCaseMain.java:181)
	at com.kms.katalon.core.main.TestCaseMain$startTestSuite$0.call(Unknown Source)
	at TempTestSuite1636727184281.run(TempTestSuite1636727184281.groovy:39)
)

2021-11-12 17:51:40 - [TEST_STEP][PASSED] - Method.TextDegerineEsitElementVarMi(findTestObject("Object Repository/Tablo/DurumBilgisiArsiv"), "Başarılı"): Method.TextDegerineEsitElementVarMi is PASSED

2021-11-12 17:51:40 - [MESSAGE][INFO] - Finding Test Object 'Object Repository/Tablo/DurumBilgisiArsiv'

2021-11-12 17:51:40 - [MESSAGE][INFO] - Checking timeout

2021-11-12 17:51:40 - [MESSAGE][INFO] - Finding web element with id: 'Object Repository/Tablo/DurumBilgisiArsiv' located by 'By.xpath: //*[@id = 'GridViewEArchiveInvoices_tccell0_9']' in '10' second(s)

2021-11-12 17:51:40 - [MESSAGE][INFO] - Smart Wait Function is triggered

2021-11-12 17:51:40 - [MESSAGE][INFO] - Found 1 web elements with id: 'Object Repository/Tablo/DurumBilgisiArsiv' located by 'By.xpath: //*[@id = 'GridViewEArchiveInvoices_tccell0_9']' in '10' second(s)

2021-11-12 17:51:40 - [MESSAGE][PASSED] - Method.TextDegerineEsitElementVarMi is PASSED

2021-11-12 17:51:40 - [MESSAGE][PASSED] - Call Test Case 'Test Cases/Tablo/TablodaVeriBasariliMiArsiv' successfully

2021-11-12 17:51:40 - [MESSAGE][INFO] - Checking called Test Case

2021-11-12 17:51:40 - [MESSAGE][INFO] - Starting to call Test Case 'Test Cases/Kullanici_Islemleri/KullaniciIslemlerindenSecimYapilir'

2021-11-12 17:51:40 - [TEST_CASE][PASSED] - Test Cases/Kullanici_Islemleri/KullaniciIslemlerindenSecimYapilir: Test Cases/Kullanici_Islemleri/KullaniciIslemlerindenSecimYapilir

2021-11-12 17:51:41 - [TEST_STEP][PASSED] - waitForElementClickable(findTestObject("Object Repository/Kullanici_Islemleri/KullaniciIslemleri"), 10): Object 'Object Repository/Kullanici_Islemleri/KullaniciIslemleri' is clickable

2021-11-12 17:51:41 - [MESSAGE][INFO] - Finding Test Object 'Object Repository/Kullanici_Islemleri/KullaniciIslemleri'

2021-11-12 17:51:41 - [MESSAGE][INFO] - Checking object

2021-11-12 17:51:41 - [MESSAGE][INFO] - Checking timeout

2021-11-12 17:51:41 - [MESSAGE][INFO] - Finding web element from Test Object's properties

2021-11-12 17:51:41 - [MESSAGE][INFO] - Checking timeout

2021-11-12 17:51:41 - [MESSAGE][INFO] - Finding web element with id: 'Object Repository/Kullanici_Islemleri/KullaniciIslemleri' located by 'By.cssSelector: .dropdown>a>img' in '10' second(s)

2021-11-12 17:51:41 - [MESSAGE][INFO] - Smart Wait Function is triggered

2021-11-12 17:51:41 - [MESSAGE][INFO] - Found 1 web elements with id: 'Object Repository/Kullanici_Islemleri/KullaniciIslemleri' located by 'By.cssSelector: .dropdown>a>img' in '10' second(s)

2021-11-12 17:51:41 - [MESSAGE][PASSED] - Object 'Object Repository/Kullanici_Islemleri/KullaniciIslemleri' is clickable

2021-11-12 17:51:41 - [TEST_STEP][PASSED] - click(findTestObject("Object Repository/Kullanici_Islemleri/KullaniciIslemleri")): Object: 'Object Repository/Kullanici_Islemleri/KullaniciIslemleri' is clicked on

2021-11-12 17:51:41 - [MESSAGE][INFO] - Finding Test Object 'Object Repository/Kullanici_Islemleri/KullaniciIslemleri'

2021-11-12 17:51:41 - [MESSAGE][INFO] - Checking object

2021-11-12 17:51:41 - [MESSAGE][INFO] - Finding web element from Test Object's properties

2021-11-12 17:51:41 - [MESSAGE][INFO] - Checking timeout

2021-11-12 17:51:41 - [MESSAGE][INFO] - Finding web element with id: 'Object Repository/Kullanici_Islemleri/KullaniciIslemleri' located by 'By.cssSelector: .dropdown>a>img' in '30' second(s)

2021-11-12 17:51:41 - [MESSAGE][INFO] - Smart Wait Function is triggered

2021-11-12 17:51:41 - [MESSAGE][INFO] - Found 1 web elements with id: 'Object Repository/Kullanici_Islemleri/KullaniciIslemleri' located by 'By.cssSelector: .dropdown>a>img' in '30' second(s)

2021-11-12 17:51:41 - [MESSAGE][INFO] - Clicking on object: 'Object Repository/Kullanici_Islemleri/KullaniciIslemleri'

2021-11-12 17:51:42 - [MESSAGE][PASSED] - Object: 'Object Repository/Kullanici_Islemleri/KullaniciIslemleri' is clicked on

2021-11-12 17:51:42 - [TEST_STEP][PASSED] - Method.TextDegerineEsitElementeTikla(findTestObject("Object Repository/Kullanici_Islemleri/Secenekler"), Islem): Method.TextDegerineEsitElementeTikla is PASSED

2021-11-12 17:51:42 - [MESSAGE][INFO] - Finding Test Object 'Object Repository/Kullanici_Islemleri/Secenekler'

2021-11-12 17:51:42 - [MESSAGE][INFO] - Checking timeout

2021-11-12 17:51:42 - [MESSAGE][INFO] - Finding web element with id: 'Object Repository/Kullanici_Islemleri/Secenekler' located by 'By.cssSelector: .nav.navbar-nav.navbar-right li a' in '10' second(s)

2021-11-12 17:51:42 - [MESSAGE][INFO] - Smart Wait Function is triggered

2021-11-12 17:51:42 - [MESSAGE][INFO] - Found 22 web elements with id: 'Object Repository/Kullanici_Islemleri/Secenekler' located by 'By.cssSelector: .nav.navbar-nav.navbar-right li a' in '10' second(s)

2021-11-12 17:51:45 - [MESSAGE][PASSED] - Method.TextDegerineEsitElementeTikla is PASSED

2021-11-12 17:51:45 - [TEST_STEP][PASSED] - verifyElementNotPresent(findTestObject("Object Repository/Kullanici_Islemleri/Secenekler"), 10): Web element with id: 'Object Repository/Kullanici_Islemleri/Secenekler' located by 'By.cssSelector: .nav.navbar-nav.navbar-right li a' is not present after '10' second(s)

2021-11-12 17:51:45 - [MESSAGE][INFO] - Finding Test Object 'Object Repository/Kullanici_Islemleri/Secenekler'

2021-11-12 17:51:45 - [MESSAGE][INFO] - Checking object

2021-11-12 17:51:45 - [MESSAGE][INFO] - Checking timeout

2021-11-12 17:51:45 - [MESSAGE][INFO] - Finding web element with id: 'Object Repository/Kullanici_Islemleri/Secenekler' located by 'By.cssSelector: .nav.navbar-nav.navbar-right li a' in '10' second(s)

2021-11-12 17:51:45 - [MESSAGE][INFO] - Smart Wait Function is triggered

2021-11-12 17:51:45 - [MESSAGE][PASSED] - Web element with id: 'Object Repository/Kullanici_Islemleri/Secenekler' located by 'By.cssSelector: .nav.navbar-nav.navbar-right li a' is not present after '10' second(s)

2021-11-12 17:51:45 - [MESSAGE][PASSED] - Call Test Case 'Test Cases/Kullanici_Islemleri/KullaniciIslemlerindenSecimYapilir' successfully

2021-11-12 17:51:45 - [TEST_CASE][PASSED] - Start Test Case : SCENARIO Gonderim tipi Elektronik ve Satis tipinde e-Arsiv faturasi olusturulmasi: SCENARIO Gonderim tipi Elektronik ve Satis tipinde e-Arsiv faturasi olusturulmasi

2021-11-12 17:51:45 - [TEST_STEP][PASSED] - Kullanıcı adı ELOGO6 ve Şifre 123456 olarak giriş yapılır: Kullanıcı adı ELOGO6 ve Şifre 123456 olarak giriş yapılır

2021-11-12 17:51:45 - [MESSAGE][PASSED] - Kullanıcı adı ELOGO6 ve Şifre 123456 olarak giriş yapılır

2021-11-12 17:51:45 - [TEST_STEP][PASSED] - Ana menüden e-Arşiv seçilir: Ana menüden e-Arşiv seçilir

2021-11-12 17:51:45 - [MESSAGE][PASSED] - Ana menüden e-Arşiv seçilir

2021-11-12 17:51:45 - [TEST_STEP][PASSED] - Alt menü e-Arşiv Araçları başlığı altındaki e-Arşiv Fatura Oluşturma seçilir: Alt menü e-Arşiv Araçları başlığı altındaki e-Arşiv Fatura Oluşturma seçilir

2021-11-12 17:51:45 - [MESSAGE][PASSED] - Alt menü e-Arşiv Araçları başlığı altındaki e-Arşiv Fatura Oluşturma seçilir

2021-11-12 17:51:45 - [TEST_STEP][PASSED] - Tablodaki tüm veriler silinir: Tablodaki tüm veriler silinir

2021-11-12 17:51:45 - [MESSAGE][PASSED] - Tablodaki tüm veriler silinir

2021-11-12 17:51:45 - [TEST_STEP][PASSED] - Butonlardan Ekle isimli butona tıklanır: Butonlardan Ekle isimli butona tıklanır

2021-11-12 17:51:45 - [MESSAGE][PASSED] - Butonlardan Ekle isimli butona tıklanır

2021-11-12 17:51:45 - [TEST_STEP][PASSED] - Görsel tasarım sayfasının e-Arşiv Fatura Bilgileri başlığını içerdiği kontrol edilir: Görsel tasarım sayfasının e-Arşiv Fatura Bilgileri başlığını içerdiği kontrol edilir

2021-11-12 17:51:45 - [MESSAGE][PASSED] - Görsel tasarım sayfasının e-Arşiv Fatura Bilgileri başlığını içerdiği kontrol edilir

2021-11-12 17:51:45 - [TEST_STEP][PASSED] - Alıcı adı alanına UC0045 girilir: Alıcı adı alanına UC0045 girilir

2021-11-12 17:51:45 - [MESSAGE][PASSED] - Alıcı adı alanına UC0045 girilir

2021-11-12 17:51:45 - [TEST_STEP][PASSED] - Gönderim Şekli Elektronik olarak seçilir: Gönderim Şekli Elektronik olarak seçilir

2021-11-12 17:51:45 - [MESSAGE][PASSED] - Gönderim Şekli Elektronik olarak seçilir

2021-11-12 17:51:45 - [TEST_STEP][PASSED] - Tip alanından Satış seçilir: Tip alanından Satış seçilir

2021-11-12 17:51:45 - [MESSAGE][PASSED] - Tip alanından Satış seçilir

2021-11-12 17:51:45 - [TEST_STEP][PASSED] - Ekle butonuna basılır: Ekle butonuna basılır

2021-11-12 17:51:45 - [MESSAGE][PASSED] - Ekle butonuna basılır

2021-11-12 17:51:45 - [TEST_STEP][PASSED] - Ürün ekleme alanında Mal/Hizmet başlığına Otomasyon girilir: Ürün ekleme alanında Mal/Hizmet başlığına Otomasyon girilir

2021-11-12 17:51:45 - [MESSAGE][PASSED] - Ürün ekleme alanında Mal/Hizmet başlığına Otomasyon girilir

2021-11-12 17:51:45 - [TEST_STEP][PASSED] - Ürün ekleme alanında Açıklaması başlığına Virgosol girilir: Ürün ekleme alanında Açıklaması başlığına Virgosol girilir

2021-11-12 17:51:45 - [MESSAGE][PASSED] - Ürün ekleme alanında Açıklaması başlığına Virgosol girilir

2021-11-12 17:51:45 - [TEST_STEP][PASSED] - Ürün ekleme alanında Miktarı başlığına 400 girilir: Ürün ekleme alanında Miktarı başlığına 400 girilir

2021-11-12 17:51:45 - [MESSAGE][PASSED] - Ürün ekleme alanında Miktarı başlığına 400 girilir

2021-11-12 17:51:45 - [TEST_STEP][PASSED] - Ürün ekleme alanında Birim Fiyat başlığına 100 girilir: Ürün ekleme alanında Birim Fiyat başlığına 100 girilir

2021-11-12 17:51:45 - [MESSAGE][PASSED] - Ürün ekleme alanında Birim Fiyat başlığına 100 girilir

2021-11-12 17:51:45 - [TEST_STEP][PASSED] - Notlar alanına Otomasyon Not girilir: Notlar alanına Otomasyon Not girilir

2021-11-12 17:51:45 - [MESSAGE][PASSED] - Notlar alanına Otomasyon Not girilir

2021-11-12 17:51:45 - [TEST_STEP][PASSED] - Kaydet butonu seçilir: Kaydet butonu seçilir

2021-11-12 17:51:45 - [MESSAGE][PASSED] - Kaydet butonu seçilir

2021-11-12 17:51:45 - [TEST_STEP][PASSED] - Tabloda VirgosolOtomasyonTEST ünvanlı veri oluşturuldu mu: Tabloda VirgosolOtomasyonTEST ünvanlı veri oluşturuldu mu

2021-11-12 17:51:45 - [MESSAGE][PASSED] - Tabloda VirgosolOtomasyonTEST ünvanlı veri oluşturuldu mu

2021-11-12 17:51:45 - [TEST_STEP][PASSED] - Tablodan VirgosolOtomasyonTEST isimli veri seçilir: Tablodan VirgosolOtomasyonTEST isimli veri seçilir

2021-11-12 17:51:45 - [MESSAGE][PASSED] - Tablodan VirgosolOtomasyonTEST isimli veri seçilir

2021-11-12 17:51:45 - [TEST_STEP][PASSED] - Butonlardan Değiştir isimli butona tıklanır: Butonlardan Değiştir isimli butona tıklanır

2021-11-12 17:51:45 - [MESSAGE][PASSED] - Butonlardan Değiştir isimli butona tıklanır

2021-11-12 17:51:45 - [TEST_STEP][PASSED] - Görsel tasarım sayfasının e-Arşiv Fatura Bilgileri başlığını içerdiği kontrol edilir: Görsel tasarım sayfasının e-Arşiv Fatura Bilgileri başlığını içerdiği kontrol edilir

2021-11-12 17:51:45 - [MESSAGE][PASSED] - Görsel tasarım sayfasının e-Arşiv Fatura Bilgileri başlığını içerdiği kontrol edilir

2021-11-12 17:51:45 - [TEST_STEP][PASSED] - Notlar alanına Otomasyon Not Degistir girilir: Notlar alanına Otomasyon Not Degistir girilir

2021-11-12 17:51:45 - [MESSAGE][PASSED] - Notlar alanına Otomasyon Not Degistir girilir

2021-11-12 17:51:45 - [TEST_STEP][PASSED] - Ettn bilgisi kayıt edilir: Ettn bilgisi kayıt edilir

2021-11-12 17:51:45 - [MESSAGE][PASSED] - Ettn bilgisi kayıt edilir

2021-11-12 17:51:45 - [TEST_STEP][PASSED] - Kaydet butonu seçilir: Kaydet butonu seçilir

2021-11-12 17:51:45 - [MESSAGE][PASSED] - Kaydet butonu seçilir

2021-11-12 17:51:45 - [TEST_STEP][PASSED] - Tabloda VirgosolOtomasyonTEST ünvanlı veri oluşturuldu mu: Tabloda VirgosolOtomasyonTEST ünvanlı veri oluşturuldu mu

2021-11-12 17:51:45 - [MESSAGE][PASSED] - Tabloda VirgosolOtomasyonTEST ünvanlı veri oluşturuldu mu

2021-11-12 17:51:45 - [TEST_STEP][PASSED] - Tablodan VirgosolOtomasyonTEST isimli veri seçilir: Tablodan VirgosolOtomasyonTEST isimli veri seçilir

2021-11-12 17:51:45 - [MESSAGE][PASSED] - Tablodan VirgosolOtomasyonTEST isimli veri seçilir

2021-11-12 17:51:45 - [TEST_STEP][PASSED] - Butonlardan Numara Oluştur isimli butona tıklanır: Butonlardan Numara Oluştur isimli butona tıklanır

2021-11-12 17:51:45 - [MESSAGE][PASSED] - Butonlardan Numara Oluştur isimli butona tıklanır

2021-11-12 17:51:45 - [TEST_STEP][PASSED] - Popup mesajı Devam etmek istiyor musunuz içeriyor mu: Popup mesajı Devam etmek istiyor musunuz içeriyor mu

2021-11-12 17:51:45 - [MESSAGE][PASSED] - Popup mesajı Devam etmek istiyor musunuz içeriyor mu

2021-11-12 17:51:45 - [TEST_STEP][PASSED] - Yönetim popupında Evet seçilir: Yönetim popupında Evet seçilir

2021-11-12 17:51:45 - [MESSAGE][PASSED] - Yönetim popupında Evet seçilir

2021-11-12 17:51:45 - [TEST_STEP][PASSED] - Popup mesajı oluşmuştur içeriyor mu: Popup mesajı oluşmuştur içeriyor mu

2021-11-12 17:51:45 - [MESSAGE][PASSED] - Popup mesajı oluşmuştur içeriyor mu

2021-11-12 17:51:45 - [TEST_STEP][PASSED] - Yönetim popupında Tamam seçilir: Yönetim popupında Tamam seçilir

2021-11-12 17:51:45 - [MESSAGE][PASSED] - Yönetim popupında Tamam seçilir

2021-11-12 17:51:45 - [TEST_STEP][PASSED] - Tablodan VirgosolOtomasyonTEST isimli veri seçilir: Tablodan VirgosolOtomasyonTEST isimli veri seçilir

2021-11-12 17:51:45 - [MESSAGE][PASSED] - Tablodan VirgosolOtomasyonTEST isimli veri seçilir

2021-11-12 17:51:45 - [TEST_STEP][PASSED] - Butonlardan Göster isimli butona tıklanır: Butonlardan Göster isimli butona tıklanır

2021-11-12 17:51:45 - [MESSAGE][PASSED] - Butonlardan Göster isimli butona tıklanır

2021-11-12 17:51:45 - [TEST_STEP][PASSED] - Yeni açılan sekmeye geçilir: Yeni açılan sekmeye geçilir

2021-11-12 17:51:45 - [MESSAGE][PASSED] - Yeni açılan sekmeye geçilir

2021-11-12 17:51:45 - [TEST_STEP][PASSED] - Yeni sekme başlığında e-Arşiv Fatura var mı kontrol edilir: Yeni sekme başlığında e-Arşiv Fatura var mı kontrol edilir

2021-11-12 17:51:45 - [MESSAGE][PASSED] - Yeni sekme başlığında e-Arşiv Fatura var mı kontrol edilir

2021-11-12 17:51:45 - [TEST_STEP][PASSED] - Ana sekmeye geçilir: Ana sekmeye geçilir

2021-11-12 17:51:45 - [MESSAGE][PASSED] - Ana sekmeye geçilir

2021-11-12 17:51:45 - [TEST_STEP][PASSED] - Butonlardan UBL isimli butona tıklanır: Butonlardan UBL isimli butona tıklanır

2021-11-12 17:51:45 - [MESSAGE][PASSED] - Butonlardan UBL isimli butona tıklanır

2021-11-12 17:51:45 - [TEST_STEP][PASSED] - Yeni açılan sekmeye geçilir: Yeni açılan sekmeye geçilir

2021-11-12 17:51:45 - [MESSAGE][PASSED] - Yeni açılan sekmeye geçilir

2021-11-12 17:51:45 - [TEST_STEP][PASSED] - invoice tagli ubl geldi mi: invoice tagli ubl geldi mi

2021-11-12 17:51:45 - [MESSAGE][PASSED] - invoice tagli ubl geldi mi

2021-11-12 17:51:45 - [TEST_STEP][PASSED] - Ana sekmeye geçilir: Ana sekmeye geçilir

2021-11-12 17:51:45 - [MESSAGE][PASSED] - Ana sekmeye geçilir

2021-11-12 17:51:45 - [TEST_STEP][PASSED] - Butonlardan Excel isimli butona tıklanır: Butonlardan Excel isimli butona tıklanır

2021-11-12 17:51:45 - [MESSAGE][PASSED] - Butonlardan Excel isimli butona tıklanır

2021-11-12 17:51:45 - [TEST_STEP][PASSED] - Alt butonlardan Excel'e Aktar butonuna tıklanır: Alt butonlardan Excel'e Aktar butonuna tıklanır

2021-11-12 17:51:45 - [MESSAGE][PASSED] - Alt butonlardan Excel'e Aktar butonuna tıklanır

2021-11-12 17:51:45 - [TEST_STEP][PASSED] - Ön eki UserInvoice olan dosya indirildi mi: Ön eki UserInvoice olan dosya indirildi mi

2021-11-12 17:51:45 - [MESSAGE][PASSED] - Ön eki UserInvoice olan dosya indirildi mi

2021-11-12 17:51:45 - [TEST_STEP][PASSED] - Butonlardan Excel isimli butona tıklanır: Butonlardan Excel isimli butona tıklanır

2021-11-12 17:51:45 - [MESSAGE][PASSED] - Butonlardan Excel isimli butona tıklanır

2021-11-12 17:51:45 - [TEST_STEP][PASSED] - Alt butonlardan Tümünü Excel'e Aktar butonuna tıklanır: Alt butonlardan Tümünü Excel'e Aktar butonuna tıklanır

2021-11-12 17:51:45 - [MESSAGE][PASSED] - Alt butonlardan Tümünü Excel'e Aktar butonuna tıklanır

2021-11-12 17:51:45 - [TEST_STEP][PASSED] - Ön eki UserInvoice olan dosya indirildi mi: Ön eki UserInvoice olan dosya indirildi mi

2021-11-12 17:51:45 - [MESSAGE][PASSED] - Ön eki UserInvoice olan dosya indirildi mi

2021-11-12 17:51:45 - [TEST_STEP][PASSED] - Butonlardan Gönder isimli butona tıklanır: Butonlardan Gönder isimli butona tıklanır

2021-11-12 17:51:45 - [MESSAGE][PASSED] - Butonlardan Gönder isimli butona tıklanır

2021-11-12 17:51:45 - [TEST_STEP][PASSED] - Popup mesajı Devam etmek istiyor musunuz içeriyor mu: Popup mesajı Devam etmek istiyor musunuz içeriyor mu

2021-11-12 17:51:45 - [MESSAGE][PASSED] - Popup mesajı Devam etmek istiyor musunuz içeriyor mu

2021-11-12 17:51:45 - [TEST_STEP][PASSED] - Yönetim popupında Evet seçilir: Yönetim popupında Evet seçilir

2021-11-12 17:51:45 - [MESSAGE][PASSED] - Yönetim popupında Evet seçilir

2021-11-12 17:51:45 - [TEST_STEP][PASSED] - Ana menüden e-Arşiv seçilir: Ana menüden e-Arşiv seçilir

2021-11-12 17:51:45 - [MESSAGE][PASSED] - Ana menüden e-Arşiv seçilir

2021-11-12 17:51:45 - [TEST_STEP][PASSED] - Alt menü e-Arşiv Hareketleri başlığı altındaki e-Arşiv Faturaları seçilir: Alt menü e-Arşiv Hareketleri başlığı altındaki e-Arşiv Faturaları seçilir

2021-11-12 17:51:45 - [MESSAGE][PASSED] - Alt menü e-Arşiv Hareketleri başlığı altındaki e-Arşiv Faturaları seçilir

2021-11-12 17:51:45 - [TEST_STEP][PASSED] - Filtrelerden Ettn filtresine Ettn bilgisi yaz: Filtrelerden Ettn filtresine Ettn bilgisi yaz

2021-11-12 17:51:45 - [MESSAGE][PASSED] - Filtrelerden Ettn filtresine Ettn bilgisi yaz

2021-11-12 17:51:45 - [TEST_STEP][PASSED] - Filtre butonlarından Listele seçilir: Filtre butonlarından Listele seçilir

2021-11-12 17:51:45 - [MESSAGE][PASSED] - Filtre butonlarından Listele seçilir

2021-11-12 17:51:45 - [TEST_STEP][PASSED] - Tabloda veri var mı kontrol edilir: Tabloda veri var mı kontrol edilir

2021-11-12 17:51:45 - [MESSAGE][PASSED] - Tabloda veri var mı kontrol edilir

2021-11-12 17:51:45 - [TEST_STEP][PASSED] - Tabloda yeni oluşturulan eArsiv verisi başarılı mı: Tabloda yeni oluşturulan eArsiv verisi başarılı mı

2021-11-12 17:51:45 - [MESSAGE][PASSED] - Tabloda yeni oluşturulan eArsiv verisi başarılı mı

2021-11-12 17:51:45 - [TEST_STEP][PASSED] - Kullanıcı işlemlerinden Çıkış seçilir: Kullanıcı işlemlerinden Çıkış seçilir

2021-11-12 17:51:45 - [MESSAGE][PASSED] - Kullanıcı işlemlerinden Çıkış seçilir

2021-11-12 17:51:45 - [MESSAGE][PASSED] - Feature file: 'Include/features/e-Arsiv/e-Arsiv Araclari/e-Arsiv Fatura Olusturma/Ekle/Elektronik ve Satis Tipinde.feature' was passed

2021-11-12 17:51:45 - [TEST_STEP][PASSED] - Start listener action : sampleAfterTestSuite: Invoke 'com.kms.katalon.core.annotation.AfterTestCase' method: 'Listener.sampleAfterTestSuite(...)' completed.

2021-11-12 17:51:45 - [MESSAGE][INFO] - Starting invoke 'com.kms.katalon.core.annotation.AfterTestCase' method: 'Listener.sampleAfterTestSuite(...)'

2021-11-12 17:51:45 - [TEST_STEP][PASSED] - closeBrowser(): Invoke 'com.kms.katalon.core.annotation.AfterTestCase' method: 'Listener.sampleAfterTestSuite(...)' completed.

2021-11-12 17:51:45 - [MESSAGE][INFO] - Closing browser

2021-11-12 17:51:47 - [MESSAGE][PASSED] - Browser is closed

2021-11-12 17:51:47 - [MESSAGE][INFO] - Invoke 'com.kms.katalon.core.annotation.AfterTestCase' method: 'Listener.sampleAfterTestSuite(...)' completed.]]></system-out>
         <system-err><![CDATA[]]></system-err>
      </testcase>
      <system-out><![CDATA[2021-11-12 17:49:24 - [TEST_SUITE][PASSED] - e-Arsiv: Test Cases/Case Repository/e-Arsiv/e-Arsiv Araclari/e-Arsiv Fatura Olusturma/Ekle/Elektronik-Satis Tipinde]]></system-out>
      <system-err><![CDATA[]]></system-err>
   </testsuite>
</testsuites>
