<?xml version="1.0" encoding="UTF-8"?>
<testsuites name="ExceleAktarVeTopluIndirme" time="1750.354" tests="29" failures="0" errors="0">
   <testsuite name="ExceleAktarVeTopluIndirme" tests="29" failures="0" errors="0" time="1750.354" skipped="0" timestamp="2021-11-18 11:29:02" hostname="DELL - DESKTOP-QBVMTUG" id="">
      <properties>
         <property name="deviceName" value=""/>
         <property name="devicePlatform" value=""/>
         <property name="logFolder" value="C:\\Users\\DELL\\Documents\\GitHub\\EES_KatalonLogo\\Reports\\20211118_110909\\Suite Repository\\ExceleAktarVeTopluIndirme\\20211118_110948"/>
         <property name="logFiles" value="C:\\Users\\DELL\\Documents\\GitHub\\EES_KatalonLogo\\Reports\\20211118_110909\\Suite Repository\\ExceleAktarVeTopluIndirme\\20211118_110948\\execution0.log, C:\\Users\\DELL\\Documents\\GitHub\\EES_KatalonLogo\\Reports\\20211118_110909\\Suite Repository\\ExceleAktarVeTopluIndirme\\20211118_110948\\execution1.log"/>
         <property name="attachments" value=""/>
         <property name="hostName" value="DELL - DESKTOP-QBVMTUG"/>
         <property name="os" value="Windows 10 64bit"/>
         <property name="katalonVersion" value="8.0.5.208"/>
         <property name="browser" value="Chrome 96.0.4664.45"/>
         <property name="hostAddress" value="192.168.1.24"/>
         <property name="sessionId" value="6715371a2e2618d2bac237b00a07b103"/>
         <property name="seleniumVersion" value="3.141.59"/>
         <property name="proxyInformation" value="ProxyInformation { proxyOption=NO_PROXY, proxyServerType=HTTP, username=, password=********, proxyServerAddress=, proxyServerPort=0, executionList=&quot;&quot;, isApplyToDesiredCapabilities=true }"/>
         <property name="platform" value="Windows 10"/>
      </properties>
      <testcase name="Test Cases/Case Repository/e-Fatura/Gelen Kutusu/Faturalar/Excele Aktar" time="79.008" classname="Test Cases/Case Repository/e-Fatura/Gelen Kutusu/Faturalar/Excele Aktar" status="PASSED">
         <system-out><![CDATA[2021-11-18 11:29:02 - [TEST_CASE][PASSED] - Test Cases/Case Repository/e-Fatura/Gelen Kutusu/Faturalar/Excele Aktar: Test Cases/Case Repository/e-Fatura/Gelen Kutusu/Faturalar/Excele Aktar

2021-11-18 11:29:02 - [TEST_STEP][PASSED] - Start listener action : sampleBeforeTestSuite: Invoke 'com.kms.katalon.core.annotation.BeforeTestCase' method: 'Listener.sampleBeforeTestSuite(...)' completed.

2021-11-18 11:29:02 - [MESSAGE][INFO] - Starting invoke 'com.kms.katalon.core.annotation.BeforeTestCase' method: 'Listener.sampleBeforeTestSuite(...)'

2021-11-18 11:29:02 - [TEST_STEP][PASSED] - openBrowser(baseUrl): Browser is opened with url: 'https://efatura-stage.elogo.com.tr/'

2021-11-18 11:29:03 - [MESSAGE][INFO] - Opening browser

2021-11-18 11:29:03 - [MESSAGE][INFO] - Starting 'Chrome' driver

2021-11-18 11:29:03 - [MESSAGE][INFO] - User set preference: ['prefs', '{download.default_directory=C:\otomasyondownfiles}']

2021-11-18 11:29:04 - [MESSAGE][INFO] - Action delay is set to 0 milliseconds

2021-11-18 11:29:08 - [MESSAGE][INFO] - Navigating browser to: 'https://efatura-stage.elogo.com.tr/'

2021-11-18 11:29:10 - [MESSAGE][PASSED] - Browser is opened with url: 'https://efatura-stage.elogo.com.tr/'

2021-11-18 11:29:10 - [TEST_STEP][PASSED] - maximizeWindow(): Invoke 'com.kms.katalon.core.annotation.BeforeTestCase' method: 'Listener.sampleBeforeTestSuite(...)' completed.

2021-11-18 11:29:10 - [MESSAGE][INFO] - Maximizing current window

2021-11-18 11:29:10 - [MESSAGE][PASSED] - Current window maximized

2021-11-18 11:29:10 - [MESSAGE][INFO] - Invoke 'com.kms.katalon.core.annotation.BeforeTestCase' method: 'Listener.sampleBeforeTestSuite(...)' completed.

2021-11-18 11:29:11 - [TEST_STEP][PASSED] - runFeatureFile("Include/features/e-Fatura/Gelen Kutusu/Faturalar/Excele Aktar.feature"): Feature file: 'Include/features/e-Fatura/Gelen Kutusu/Faturalar/Excele Aktar.feature' was passed

2021-11-18 11:29:11 - [MESSAGE][INFO] - Starting run keyword runFeatureFile: 'Include/features/e-Fatura/Gelen Kutusu/Faturalar/Excele Aktar.feature' and extract report to folder: 'C:\Users\DELL\Documents\GitHub\EES_KatalonLogo\Reports\20211118_110909\Suite Repository\ExceleAktarVeTopluIndirme\20211118_110948/cucumber_report/1637224151120'...

2021-11-18 11:29:11 - [MESSAGE][INFO] - Glue: []

2021-11-18 11:29:14 - [MESSAGE][INFO] - Checking called Test Case

2021-11-18 11:29:14 - [MESSAGE][INFO] - Starting to call Test Case 'Test Cases/Sayfalar/Giris_Sayfasi/Login'

2021-11-18 11:29:14 - [TEST_CASE][PASSED] - Test Cases/Sayfalar/Giris_Sayfasi/Login: Test Cases/Sayfalar/Giris_Sayfasi/Login

2021-11-18 11:29:15 - [TEST_STEP][PASSED] - Sayfa_Basligi = getWindowTitle(): Current window's title is: 'LOGO e-Fatura'

2021-11-18 11:29:15 - [MESSAGE][INFO] - Getting current window's title

2021-11-18 11:29:15 - [MESSAGE][PASSED] - Current window's title is: 'LOGO e-Fatura'

2021-11-18 11:29:15 - [TEST_STEP][PASSED] - verifyMatch(Sayfa_Basligi, "LOGO e-Fatura", false): Actual text 'LOGO e-Fatura' and expected text 'LOGO e-Fatura' are matched 

2021-11-18 11:29:15 - [MESSAGE][INFO] - Matching actual text 'LOGO e-Fatura' with expected text 'LOGO e-Fatura'

2021-11-18 11:29:15 - [MESSAGE][PASSED] - Actual text 'LOGO e-Fatura' and expected text 'LOGO e-Fatura' are matched 

2021-11-18 11:29:15 - [TEST_STEP][PASSED] - sendKeys(findTestObject("Sayfalar/Giris_Sayfasi/Firma_Kodu"), KullaniciAdi): Keys 'ELOGO6' sent to object: 'Object Repository/Sayfalar/Giris_Sayfasi/Firma_Kodu'

2021-11-18 11:29:15 - [MESSAGE][INFO] - Finding Test Object 'Object Repository/Sayfalar/Giris_Sayfasi/Firma_Kodu'

2021-11-18 11:29:15 - [MESSAGE][INFO] - Sending keys 'ELOGO6' to object: 'Object Repository/Sayfalar/Giris_Sayfasi/Firma_Kodu'

2021-11-18 11:29:15 - [MESSAGE][INFO] - Finding web element from Test Object's properties

2021-11-18 11:29:15 - [MESSAGE][INFO] - Checking timeout

2021-11-18 11:29:15 - [MESSAGE][INFO] - Finding web element with id: 'Object Repository/Sayfalar/Giris_Sayfasi/Firma_Kodu' located by 'By.xpath: //*[@id = 'AccountName']' in '30' second(s)

2021-11-18 11:29:15 - [MESSAGE][INFO] - Smart Wait Function is triggered

2021-11-18 11:29:15 - [MESSAGE][INFO] - Found 1 web elements with id: 'Object Repository/Sayfalar/Giris_Sayfasi/Firma_Kodu' located by 'By.xpath: //*[@id = 'AccountName']' in '30' second(s)

2021-11-18 11:29:15 - [MESSAGE][PASSED] - Keys 'ELOGO6' sent to object: 'Object Repository/Sayfalar/Giris_Sayfasi/Firma_Kodu'

2021-11-18 11:29:15 - [TEST_STEP][PASSED] - sendKeys(findTestObject("Sayfalar/Giris_Sayfasi/Sifre"), Sifre): Keys '123456' sent to object: 'Object Repository/Sayfalar/Giris_Sayfasi/Sifre'

2021-11-18 11:29:15 - [MESSAGE][INFO] - Finding Test Object 'Object Repository/Sayfalar/Giris_Sayfasi/Sifre'

2021-11-18 11:29:15 - [MESSAGE][INFO] - Sending keys '123456' to object: 'Object Repository/Sayfalar/Giris_Sayfasi/Sifre'

2021-11-18 11:29:15 - [MESSAGE][INFO] - Finding web element from Test Object's properties

2021-11-18 11:29:15 - [MESSAGE][INFO] - Checking timeout

2021-11-18 11:29:15 - [MESSAGE][INFO] - Finding web element with id: 'Object Repository/Sayfalar/Giris_Sayfasi/Sifre' located by 'By.xpath: //*[@id = 'Password']' in '30' second(s)

2021-11-18 11:29:15 - [MESSAGE][INFO] - Smart Wait Function is triggered

2021-11-18 11:29:16 - [MESSAGE][INFO] - Found 1 web elements with id: 'Object Repository/Sayfalar/Giris_Sayfasi/Sifre' located by 'By.xpath: //*[@id = 'Password']' in '30' second(s)

2021-11-18 11:29:16 - [MESSAGE][PASSED] - Keys '123456' sent to object: 'Object Repository/Sayfalar/Giris_Sayfasi/Sifre'

2021-11-18 11:29:16 - [TEST_STEP][PASSED] - findWebElement(findTestObject("Sayfalar/Giris_Sayfasi/Giris_Butonu")).click(): Found 1 web elements with id: 'Object Repository/Sayfalar/Giris_Sayfasi/Giris_Butonu' located by 'By.cssSelector: #btnLogin' in '30' second(s)

2021-11-18 11:29:16 - [MESSAGE][INFO] - Finding Test Object 'Object Repository/Sayfalar/Giris_Sayfasi/Giris_Butonu'

2021-11-18 11:29:16 - [MESSAGE][INFO] - Finding web element from Test Object's properties

2021-11-18 11:29:16 - [MESSAGE][INFO] - Checking timeout

2021-11-18 11:29:16 - [MESSAGE][INFO] - Finding web element with id: 'Object Repository/Sayfalar/Giris_Sayfasi/Giris_Butonu' located by 'By.cssSelector: #btnLogin' in '30' second(s)

2021-11-18 11:29:16 - [MESSAGE][INFO] - Smart Wait Function is triggered

2021-11-18 11:29:16 - [MESSAGE][INFO] - Found 1 web elements with id: 'Object Repository/Sayfalar/Giris_Sayfasi/Giris_Butonu' located by 'By.cssSelector: #btnLogin' in '30' second(s)

2021-11-18 11:29:18 - [TEST_STEP][PASSED] - if (verifyElementPresent(findTestObject("Object Repository/Sayfalar/Giris_Sayfasi/RetveTamam_Butonu"), 5, OPTIONAL)): null

2021-11-18 11:29:18 - [MESSAGE][INFO] - Finding Test Object 'Object Repository/Sayfalar/Giris_Sayfasi/RetveTamam_Butonu'

2021-11-18 11:29:18 - [MESSAGE][INFO] - Checking object

2021-11-18 11:29:18 - [MESSAGE][INFO] - Finding web element from Test Object's properties

2021-11-18 11:29:18 - [MESSAGE][INFO] - Checking timeout

2021-11-18 11:29:18 - [MESSAGE][INFO] - Finding web element with id: 'Object Repository/Sayfalar/Giris_Sayfasi/RetveTamam_Butonu' located by 'By.xpath: //*[@class = 'btn btn-default']' in '5' second(s)

2021-11-18 11:29:18 - [MESSAGE][INFO] - Smart Wait Function is triggered

2021-11-18 11:29:19 - [MESSAGE][INFO] - Found 1 web elements with id: 'Object Repository/Sayfalar/Giris_Sayfasi/RetveTamam_Butonu' located by 'By.xpath: //*[@class = 'btn btn-default']' in '5' second(s)

2021-11-18 11:29:19 - [MESSAGE][PASSED] - Object 'Object Repository/Sayfalar/Giris_Sayfasi/RetveTamam_Butonu' is present

2021-11-18 11:29:19 - [TEST_STEP][PASSED] - click(findTestObject("Object Repository/Sayfalar/Giris_Sayfasi/RetveTamam_Butonu")): Object: 'Object Repository/Sayfalar/Giris_Sayfasi/RetveTamam_Butonu' is clicked on

2021-11-18 11:29:19 - [MESSAGE][INFO] - Finding Test Object 'Object Repository/Sayfalar/Giris_Sayfasi/RetveTamam_Butonu'

2021-11-18 11:29:19 - [MESSAGE][INFO] - Checking object

2021-11-18 11:29:19 - [MESSAGE][INFO] - Finding web element from Test Object's properties

2021-11-18 11:29:19 - [MESSAGE][INFO] - Checking timeout

2021-11-18 11:29:19 - [MESSAGE][INFO] - Finding web element with id: 'Object Repository/Sayfalar/Giris_Sayfasi/RetveTamam_Butonu' located by 'By.xpath: //*[@class = 'btn btn-default']' in '30' second(s)

2021-11-18 11:29:19 - [MESSAGE][INFO] - Smart Wait Function is triggered

2021-11-18 11:29:19 - [MESSAGE][INFO] - Found 1 web elements with id: 'Object Repository/Sayfalar/Giris_Sayfasi/RetveTamam_Butonu' located by 'By.xpath: //*[@class = 'btn btn-default']' in '30' second(s)

2021-11-18 11:29:19 - [MESSAGE][INFO] - Clicking on object: 'Object Repository/Sayfalar/Giris_Sayfasi/RetveTamam_Butonu'

2021-11-18 11:29:19 - [MESSAGE][PASSED] - Object: 'Object Repository/Sayfalar/Giris_Sayfasi/RetveTamam_Butonu' is clicked on

2021-11-18 11:29:19 - [TEST_STEP][PASSED] - click(findTestObject("Object Repository/Sayfalar/Giris_Sayfasi/RetveTamam_Butonu")): Object: 'Object Repository/Sayfalar/Giris_Sayfasi/RetveTamam_Butonu' is clicked on

2021-11-18 11:29:19 - [MESSAGE][INFO] - Finding Test Object 'Object Repository/Sayfalar/Giris_Sayfasi/RetveTamam_Butonu'

2021-11-18 11:29:19 - [MESSAGE][INFO] - Checking object

2021-11-18 11:29:19 - [MESSAGE][INFO] - Finding web element from Test Object's properties

2021-11-18 11:29:19 - [MESSAGE][INFO] - Checking timeout

2021-11-18 11:29:19 - [MESSAGE][INFO] - Finding web element with id: 'Object Repository/Sayfalar/Giris_Sayfasi/RetveTamam_Butonu' located by 'By.xpath: //*[@class = 'btn btn-default']' in '30' second(s)

2021-11-18 11:29:19 - [MESSAGE][INFO] - Smart Wait Function is triggered

2021-11-18 11:29:23 - [MESSAGE][INFO] - Found 1 web elements with id: 'Object Repository/Sayfalar/Giris_Sayfasi/RetveTamam_Butonu' located by 'By.xpath: //*[@class = 'btn btn-default']' in '30' second(s)

2021-11-18 11:29:23 - [MESSAGE][INFO] - Clicking on object: 'Object Repository/Sayfalar/Giris_Sayfasi/RetveTamam_Butonu'

2021-11-18 11:29:24 - [MESSAGE][PASSED] - Object: 'Object Repository/Sayfalar/Giris_Sayfasi/RetveTamam_Butonu' is clicked on

2021-11-18 11:29:24 - [TEST_STEP][PASSED] - if (verifyElementPresent(findTestObject("Sayfalar/Giris_Sayfasi/PopupOK"), 5, OPTIONAL)): null

2021-11-18 11:29:24 - [MESSAGE][INFO] - Finding Test Object 'Object Repository/Sayfalar/Giris_Sayfasi/PopupOK'

2021-11-18 11:29:24 - [MESSAGE][INFO] - Checking object

2021-11-18 11:29:24 - [MESSAGE][INFO] - Finding web element from Test Object's properties

2021-11-18 11:29:24 - [MESSAGE][INFO] - Checking timeout

2021-11-18 11:29:24 - [MESSAGE][INFO] - Finding web element with id: 'Object Repository/Sayfalar/Giris_Sayfasi/PopupOK' located by 'By.cssSelector: .btn.btn-success' in '5' second(s)

2021-11-18 11:29:24 - [MESSAGE][INFO] - Smart Wait Function is triggered

2021-11-18 11:29:24 - [MESSAGE][INFO] - Found 1 web elements with id: 'Object Repository/Sayfalar/Giris_Sayfasi/PopupOK' located by 'By.cssSelector: .btn.btn-success' in '5' second(s)

2021-11-18 11:29:24 - [MESSAGE][PASSED] - Object 'Object Repository/Sayfalar/Giris_Sayfasi/PopupOK' is present

2021-11-18 11:29:24 - [TEST_STEP][PASSED] - click(findTestObject("Object Repository/Sayfalar/Giris_Sayfasi/PopupCarpiGiris")): Object: 'Object Repository/Sayfalar/Giris_Sayfasi/PopupCarpiGiris' is clicked on

2021-11-18 11:29:24 - [MESSAGE][INFO] - Finding Test Object 'Object Repository/Sayfalar/Giris_Sayfasi/PopupCarpiGiris'

2021-11-18 11:29:24 - [MESSAGE][INFO] - Checking object

2021-11-18 11:29:24 - [MESSAGE][INFO] - Finding web element from Test Object's properties

2021-11-18 11:29:24 - [MESSAGE][INFO] - Checking timeout

2021-11-18 11:29:24 - [MESSAGE][INFO] - Finding web element with id: 'Object Repository/Sayfalar/Giris_Sayfasi/PopupCarpiGiris' located by 'By.cssSelector: .bootbox-close-button.close' in '30' second(s)

2021-11-18 11:29:24 - [MESSAGE][INFO] - Smart Wait Function is triggered

2021-11-18 11:29:25 - [MESSAGE][INFO] - Found 1 web elements with id: 'Object Repository/Sayfalar/Giris_Sayfasi/PopupCarpiGiris' located by 'By.cssSelector: .bootbox-close-button.close' in '30' second(s)

2021-11-18 11:29:25 - [MESSAGE][INFO] - Clicking on object: 'Object Repository/Sayfalar/Giris_Sayfasi/PopupCarpiGiris'

2021-11-18 11:29:25 - [MESSAGE][PASSED] - Object: 'Object Repository/Sayfalar/Giris_Sayfasi/PopupCarpiGiris' is clicked on

2021-11-18 11:29:25 - [TEST_STEP][PASSED] - verifyElementVisible(findTestObject("Object Repository/Kullanici_Islemleri/KullaniciIslemleri")): Object 'Object Repository/Kullanici_Islemleri/KullaniciIslemleri' is visible

2021-11-18 11:29:25 - [MESSAGE][INFO] - Finding Test Object 'Object Repository/Kullanici_Islemleri/KullaniciIslemleri'

2021-11-18 11:29:25 - [MESSAGE][INFO] - Checking object

2021-11-18 11:29:25 - [MESSAGE][INFO] - Finding web element from Test Object's properties

2021-11-18 11:29:25 - [MESSAGE][INFO] - Checking timeout

2021-11-18 11:29:25 - [MESSAGE][INFO] - Finding web element with id: 'Object Repository/Kullanici_Islemleri/KullaniciIslemleri' located by 'By.cssSelector: .dropdown>a>img' in '30' second(s)

2021-11-18 11:29:25 - [MESSAGE][INFO] - Smart Wait Function is triggered

2021-11-18 11:29:26 - [MESSAGE][INFO] - Found 1 web elements with id: 'Object Repository/Kullanici_Islemleri/KullaniciIslemleri' located by 'By.cssSelector: .dropdown>a>img' in '30' second(s)

2021-11-18 11:29:26 - [MESSAGE][PASSED] - Object 'Object Repository/Kullanici_Islemleri/KullaniciIslemleri' is visible

2021-11-18 11:29:26 - [MESSAGE][PASSED] - Call Test Case 'Test Cases/Sayfalar/Giris_Sayfasi/Login' successfully

2021-11-18 11:29:26 - [MESSAGE][INFO] - Checking called Test Case

2021-11-18 11:29:26 - [MESSAGE][INFO] - Starting to call Test Case 'Test Cases/Menu/AnaMenuSecimi'

2021-11-18 11:29:26 - [TEST_CASE][PASSED] - Test Cases/Menu/AnaMenuSecimi: Test Cases/Menu/AnaMenuSecimi

2021-11-18 11:29:26 - [TEST_STEP][PASSED] - Method.TextDegerineEsitElementeTikla(findTestObject("Menu/Ana_Menu"), Ana_Menu): Method.TextDegerineEsitElementeTikla is PASSED

2021-11-18 11:29:26 - [MESSAGE][INFO] - Finding Test Object 'Object Repository/Menu/Ana_Menu'

2021-11-18 11:29:26 - [MESSAGE][INFO] - Checking timeout

2021-11-18 11:29:26 - [MESSAGE][INFO] - Finding web element with id: 'Object Repository/Menu/Ana_Menu' located by 'By.xpath: //*[@class = 'dropdown-toggle']' in '10' second(s)

2021-11-18 11:29:26 - [MESSAGE][INFO] - Smart Wait Function is triggered

2021-11-18 11:29:27 - [MESSAGE][INFO] - Found 14 web elements with id: 'Object Repository/Menu/Ana_Menu' located by 'By.xpath: //*[@class = 'dropdown-toggle']' in '10' second(s)

2021-11-18 11:29:27 - [MESSAGE][PASSED] - Method.TextDegerineEsitElementeTikla is PASSED

2021-11-18 11:29:27 - [MESSAGE][PASSED] - Call Test Case 'Test Cases/Menu/AnaMenuSecimi' successfully

2021-11-18 11:29:27 - [MESSAGE][INFO] - Checking called Test Case

2021-11-18 11:29:27 - [MESSAGE][INFO] - Starting to call Test Case 'Test Cases/Menu/BasligaGoreAltMenuSecimi'

2021-11-18 11:29:27 - [TEST_CASE][PASSED] - Test Cases/Menu/BasligaGoreAltMenuSecimi: Test Cases/Menu/BasligaGoreAltMenuSecimi

2021-11-18 11:29:28 - [TEST_STEP][PASSED] - Method.TextDegerineEsitElementinAltindakiTextDegerineEsitOlanaTikla(findTestObject("Menu/Menu_Basligi"), findTestObject("Menu/Basliga_Gore_Alt_Menu"), Baslik, Alt_Menu): Method.TextDegerineEsitElementinAltindakiTextDegerineEsitOlanaTikla is PASSED

2021-11-18 11:29:28 - [MESSAGE][INFO] - Finding Test Object 'Object Repository/Menu/Menu_Basligi'

2021-11-18 11:29:28 - [MESSAGE][INFO] - Finding Test Object 'Object Repository/Menu/Basliga_Gore_Alt_Menu'

2021-11-18 11:29:28 - [MESSAGE][INFO] - Checking timeout

2021-11-18 11:29:28 - [MESSAGE][INFO] - Finding web element with id: 'Object Repository/Menu/Menu_Basligi' located by 'By.xpath: //li[@class='dropdown dropdown-large open']//li[@class='dropdown-header']' in '10' second(s)

2021-11-18 11:29:28 - [MESSAGE][INFO] - Smart Wait Function is triggered

2021-11-18 11:29:28 - [MESSAGE][INFO] - Found 3 web elements with id: 'Object Repository/Menu/Menu_Basligi' located by 'By.xpath: //li[@class='dropdown dropdown-large open']//li[@class='dropdown-header']' in '10' second(s)

2021-11-18 11:29:28 - [MESSAGE][INFO] - Smart Wait Function is triggered

2021-11-18 11:29:31 - [MESSAGE][PASSED] - Method.TextDegerineEsitElementinAltindakiTextDegerineEsitOlanaTikla is PASSED

2021-11-18 11:29:31 - [MESSAGE][PASSED] - Call Test Case 'Test Cases/Menu/BasligaGoreAltMenuSecimi' successfully

2021-11-18 11:29:31 - [MESSAGE][INFO] - Checking called Test Case

2021-11-18 11:29:31 - [MESSAGE][INFO] - Starting to call Test Case 'Test Cases/Filtreler/BaslangicYaz'

2021-11-18 11:29:31 - [TEST_CASE][PASSED] - Test Cases/Filtreler/BaslangicYaz: Test Cases/Filtreler/BaslangicYaz

2021-11-18 11:29:32 - [TEST_STEP][PASSED] - delay(3): Delayed 3 second(s)

2021-11-18 11:29:32 - [MESSAGE][INFO] - Delaying browser in 3 second(s)

2021-11-18 11:29:35 - [MESSAGE][PASSED] - Delayed 3 second(s)

2021-11-18 11:29:35 - [TEST_STEP][PASSED] - Method.TextDegerineEsitElementinAltindakineTikla(findTestObject("Filtreler/Basliklar"), findTestObject("Filtreler/Basliga_Gore_Baslangic_Image"), Filtre_Adi): Method.TextDegerineEsitElementinAltindakineTikla is PASSED

2021-11-18 11:29:35 - [MESSAGE][INFO] - Finding Test Object 'Object Repository/Filtreler/Basliklar'

2021-11-18 11:29:35 - [MESSAGE][INFO] - Finding Test Object 'Object Repository/Filtreler/Basliga_Gore_Baslangic_Image'

2021-11-18 11:29:35 - [MESSAGE][INFO] - Checking timeout

2021-11-18 11:29:35 - [MESSAGE][INFO] - Finding web element with id: 'Object Repository/Filtreler/Basliklar' located by 'By.cssSelector: .control-label.col-sm-4.paddingMarginRLC' in '10' second(s)

2021-11-18 11:29:35 - [MESSAGE][INFO] - Smart Wait Function is triggered

2021-11-18 11:29:36 - [MESSAGE][INFO] - Found 19 web elements with id: 'Object Repository/Filtreler/Basliklar' located by 'By.cssSelector: .control-label.col-sm-4.paddingMarginRLC' in '10' second(s)

2021-11-18 11:29:36 - [MESSAGE][INFO] - Smart Wait Function is triggered

2021-11-18 11:29:36 - [MESSAGE][PASSED] - Method.TextDegerineEsitElementinAltindakineTikla is PASSED

2021-11-18 11:29:36 - [TEST_STEP][PASSED] - Method.TextDegerineEsitElementinAltindakiTextboxtaYaz(findTestObject("Filtreler/Basliklar"), findTestObject("Filtreler/Basliga_Gore_Baslangic"), Filtre_Adi, Filtre_Degeri): Method.TextDegerineEsitElementinAltindakiTextboxtaYaz is PASSED

2021-11-18 11:29:36 - [MESSAGE][INFO] - Finding Test Object 'Object Repository/Filtreler/Basliklar'

2021-11-18 11:29:36 - [MESSAGE][INFO] - Finding Test Object 'Object Repository/Filtreler/Basliga_Gore_Baslangic'

2021-11-18 11:29:36 - [MESSAGE][INFO] - Checking timeout

2021-11-18 11:29:36 - [MESSAGE][INFO] - Finding web element with id: 'Object Repository/Filtreler/Basliklar' located by 'By.cssSelector: .control-label.col-sm-4.paddingMarginRLC' in '10' second(s)

2021-11-18 11:29:36 - [MESSAGE][INFO] - Smart Wait Function is triggered

2021-11-18 11:29:37 - [MESSAGE][INFO] - Found 19 web elements with id: 'Object Repository/Filtreler/Basliklar' located by 'By.cssSelector: .control-label.col-sm-4.paddingMarginRLC' in '10' second(s)

2021-11-18 11:29:37 - [MESSAGE][INFO] - Smart Wait Function is triggered

2021-11-18 11:29:37 - [MESSAGE][PASSED] - Method.TextDegerineEsitElementinAltindakiTextboxtaYaz is PASSED

2021-11-18 11:29:37 - [MESSAGE][PASSED] - Call Test Case 'Test Cases/Filtreler/BaslangicYaz' successfully

2021-11-18 11:29:37 - [MESSAGE][INFO] - Checking called Test Case

2021-11-18 11:29:37 - [MESSAGE][INFO] - Starting to call Test Case 'Test Cases/Filtreler/BitisYaz'

2021-11-18 11:29:37 - [TEST_CASE][PASSED] - Test Cases/Filtreler/BitisYaz: Test Cases/Filtreler/BitisYaz

2021-11-18 11:29:38 - [TEST_STEP][PASSED] - Method.TextDegerineEsitElementinAltindakineTikla(findTestObject("Filtreler/Basliklar"), findTestObject("Filtreler/Basliga_Gore_Bitis_Image"), Filtre_Adi): Method.TextDegerineEsitElementinAltindakineTikla is PASSED

2021-11-18 11:29:38 - [MESSAGE][INFO] - Finding Test Object 'Object Repository/Filtreler/Basliklar'

2021-11-18 11:29:38 - [MESSAGE][INFO] - Finding Test Object 'Object Repository/Filtreler/Basliga_Gore_Bitis_Image'

2021-11-18 11:29:38 - [MESSAGE][INFO] - Checking timeout

2021-11-18 11:29:38 - [MESSAGE][INFO] - Finding web element with id: 'Object Repository/Filtreler/Basliklar' located by 'By.cssSelector: .control-label.col-sm-4.paddingMarginRLC' in '10' second(s)

2021-11-18 11:29:38 - [MESSAGE][INFO] - Smart Wait Function is triggered

2021-11-18 11:29:38 - [MESSAGE][INFO] - Found 19 web elements with id: 'Object Repository/Filtreler/Basliklar' located by 'By.cssSelector: .control-label.col-sm-4.paddingMarginRLC' in '10' second(s)

2021-11-18 11:29:38 - [MESSAGE][INFO] - Smart Wait Function is triggered

2021-11-18 11:29:39 - [MESSAGE][PASSED] - Method.TextDegerineEsitElementinAltindakineTikla is PASSED

2021-11-18 11:29:39 - [TEST_STEP][PASSED] - Method.TextDegerineEsitElementinAltindakiTextboxtaYaz(findTestObject("Filtreler/Basliklar"), findTestObject("Object Repository/Filtreler/Basliga_Gore_Bitis"), Filtre_Adi, Filtre_Degeri): Method.TextDegerineEsitElementinAltindakiTextboxtaYaz is PASSED

2021-11-18 11:29:39 - [MESSAGE][INFO] - Finding Test Object 'Object Repository/Filtreler/Basliklar'

2021-11-18 11:29:39 - [MESSAGE][INFO] - Finding Test Object 'Object Repository/Filtreler/Basliga_Gore_Bitis'

2021-11-18 11:29:39 - [MESSAGE][INFO] - Checking timeout

2021-11-18 11:29:39 - [MESSAGE][INFO] - Finding web element with id: 'Object Repository/Filtreler/Basliklar' located by 'By.cssSelector: .control-label.col-sm-4.paddingMarginRLC' in '10' second(s)

2021-11-18 11:29:39 - [MESSAGE][INFO] - Smart Wait Function is triggered

2021-11-18 11:29:39 - [MESSAGE][INFO] - Found 19 web elements with id: 'Object Repository/Filtreler/Basliklar' located by 'By.cssSelector: .control-label.col-sm-4.paddingMarginRLC' in '10' second(s)

2021-11-18 11:29:39 - [MESSAGE][INFO] - Smart Wait Function is triggered

2021-11-18 11:29:40 - [MESSAGE][PASSED] - Method.TextDegerineEsitElementinAltindakiTextboxtaYaz is PASSED

2021-11-18 11:29:40 - [MESSAGE][PASSED] - Call Test Case 'Test Cases/Filtreler/BitisYaz' successfully

2021-11-18 11:29:40 - [MESSAGE][INFO] - Checking called Test Case

2021-11-18 11:29:40 - [MESSAGE][INFO] - Starting to call Test Case 'Test Cases/Filtreler/TexboxaYaz'

2021-11-18 11:29:40 - [TEST_CASE][PASSED] - Test Cases/Filtreler/TexboxaYaz: Test Cases/Filtreler/TexboxaYaz

2021-11-18 11:29:41 - [TEST_STEP][PASSED] - Method.TextDegerineEsitElementinAltindakiTextboxtaYaz(findTestObject("Filtreler/Basliklar"), findTestObject("Filtreler/Basliga_Gore_Textbox"), Filtre_Adi, Filtre_Degeri): Method.TextDegerineEsitElementinAltindakiTextboxtaYaz is PASSED

2021-11-18 11:29:41 - [MESSAGE][INFO] - Finding Test Object 'Object Repository/Filtreler/Basliklar'

2021-11-18 11:29:41 - [MESSAGE][INFO] - Finding Test Object 'Object Repository/Filtreler/Basliga_Gore_Textbox'

2021-11-18 11:29:41 - [MESSAGE][INFO] - Checking timeout

2021-11-18 11:29:41 - [MESSAGE][INFO] - Finding web element with id: 'Object Repository/Filtreler/Basliklar' located by 'By.cssSelector: .control-label.col-sm-4.paddingMarginRLC' in '10' second(s)

2021-11-18 11:29:41 - [MESSAGE][INFO] - Smart Wait Function is triggered

2021-11-18 11:29:41 - [MESSAGE][INFO] - Found 19 web elements with id: 'Object Repository/Filtreler/Basliklar' located by 'By.cssSelector: .control-label.col-sm-4.paddingMarginRLC' in '10' second(s)

2021-11-18 11:29:41 - [MESSAGE][INFO] - Smart Wait Function is triggered

2021-11-18 11:29:42 - [MESSAGE][PASSED] - Method.TextDegerineEsitElementinAltindakiTextboxtaYaz is PASSED

2021-11-18 11:29:42 - [MESSAGE][PASSED] - Call Test Case 'Test Cases/Filtreler/TexboxaYaz' successfully

2021-11-18 11:29:42 - [MESSAGE][INFO] - Checking called Test Case

2021-11-18 11:29:42 - [MESSAGE][INFO] - Starting to call Test Case 'Test Cases/Filtreler/ButonaTikla'

2021-11-18 11:29:42 - [TEST_CASE][PASSED] - Test Cases/Filtreler/ButonaTikla: Test Cases/Filtreler/ButonaTikla

2021-11-18 11:29:42 - [TEST_STEP][PASSED] - Method.TextDegerineEsitElementeTikla(findTestObject("Filtreler/Butonlar"), Filtre_Buton): Method.TextDegerineEsitElementeTikla is PASSED

2021-11-18 11:29:42 - [MESSAGE][INFO] - Finding Test Object 'Object Repository/Filtreler/Butonlar'

2021-11-18 11:29:42 - [MESSAGE][INFO] - Checking timeout

2021-11-18 11:29:42 - [MESSAGE][INFO] - Finding web element with id: 'Object Repository/Filtreler/Butonlar' located by 'By.cssSelector: .dxb>span' in '10' second(s)

2021-11-18 11:29:42 - [MESSAGE][INFO] - Smart Wait Function is triggered

2021-11-18 11:29:43 - [MESSAGE][INFO] - Found 3 web elements with id: 'Object Repository/Filtreler/Butonlar' located by 'By.cssSelector: .dxb>span' in '10' second(s)

2021-11-18 11:29:43 - [MESSAGE][PASSED] - Method.TextDegerineEsitElementeTikla is PASSED

2021-11-18 11:29:43 - [MESSAGE][PASSED] - Call Test Case 'Test Cases/Filtreler/ButonaTikla' successfully

2021-11-18 11:29:43 - [MESSAGE][INFO] - Checking called Test Case

2021-11-18 11:29:43 - [MESSAGE][INFO] - Starting to call Test Case 'Test Cases/Tablo/TablodaVeriVarMi'

2021-11-18 11:29:43 - [TEST_CASE][PASSED] - Test Cases/Tablo/TablodaVeriVarMi: Test Cases/Tablo/TablodaVeriVarMi

2021-11-18 11:29:44 - [TEST_STEP][PASSED] - verifyTextNotPresent("Görüntülenecek veri yok", true): Text 'Görüntülenecek veri yok' is not present on page using regular expression

2021-11-18 11:29:44 - [MESSAGE][INFO] - Checking text present  using regular expression

2021-11-18 11:29:44 - [MESSAGE][INFO] - Smart Wait Function is triggered

2021-11-18 11:29:44 - [MESSAGE][INFO] - Finding text 'Görüntülenecek veri yok' on page  using regular expression

2021-11-18 11:29:44 - [MESSAGE][PASSED] - Text 'Görüntülenecek veri yok' is not present on page using regular expression

2021-11-18 11:29:44 - [MESSAGE][PASSED] - Call Test Case 'Test Cases/Tablo/TablodaVeriVarMi' successfully

2021-11-18 11:29:44 - [MESSAGE][INFO] - Checking called Test Case

2021-11-18 11:29:44 - [MESSAGE][INFO] - Starting to call Test Case 'Test Cases/Tablo/TablodanVeriSec'

2021-11-18 11:29:44 - [TEST_CASE][PASSED] - Test Cases/Tablo/TablodanVeriSec: Test Cases/Tablo/TablodanVeriSec

2021-11-18 11:29:45 - [TEST_STEP][PASSED] - Method.TextDegerineEsitElementinAltindakineTikla(findTestObject("Tablo/Veriler"), findTestObject("Tablo/VerininCheckBoxi"), Veri_Adi): Method.TextDegerineEsitElementinAltindakineTikla is PASSED

2021-11-18 11:29:45 - [MESSAGE][INFO] - Finding Test Object 'Object Repository/Tablo/Veriler'

2021-11-18 11:29:45 - [MESSAGE][INFO] - Finding Test Object 'Object Repository/Tablo/VerininCheckBoxi'

2021-11-18 11:29:45 - [MESSAGE][INFO] - Checking timeout

2021-11-18 11:29:45 - [MESSAGE][INFO] - Finding web element with id: 'Object Repository/Tablo/Veriler' located by 'By.cssSelector: td.dxgv b ,td.dxgv' in '10' second(s)

2021-11-18 11:29:45 - [MESSAGE][INFO] - Smart Wait Function is triggered

2021-11-18 11:29:45 - [MESSAGE][INFO] - Found 140 web elements with id: 'Object Repository/Tablo/Veriler' located by 'By.cssSelector: td.dxgv b ,td.dxgv' in '10' second(s)

2021-11-18 11:29:46 - [MESSAGE][INFO] - Smart Wait Function is triggered

2021-11-18 11:29:46 - [MESSAGE][PASSED] - Method.TextDegerineEsitElementinAltindakineTikla is PASSED

2021-11-18 11:29:46 - [MESSAGE][PASSED] - Call Test Case 'Test Cases/Tablo/TablodanVeriSec' successfully

2021-11-18 11:29:46 - [MESSAGE][INFO] - Checking called Test Case

2021-11-18 11:29:46 - [MESSAGE][INFO] - Starting to call Test Case 'Test Cases/Butonlar/ButonaTikla'

2021-11-18 11:29:46 - [TEST_CASE][PASSED] - Test Cases/Butonlar/ButonaTikla: Test Cases/Butonlar/ButonaTikla

2021-11-18 11:29:47 - [TEST_STEP][PASSED] - Method.TextDegerineEsitElementeTiklaEquals(findTestObject("Butonlar/Butonlar"), Buton_Adi): Method.TextDegerineEsitElementeTiklaEquals is PASSED

2021-11-18 11:29:47 - [MESSAGE][INFO] - Finding Test Object 'Object Repository/Butonlar/Butonlar'

2021-11-18 11:29:47 - [MESSAGE][INFO] - Checking timeout

2021-11-18 11:29:47 - [MESSAGE][INFO] - Finding web element with id: 'Object Repository/Butonlar/Butonlar' located by 'By.cssSelector: .panel.panel-default.text-center.footerPanel .btn,.btn.btn-primary.btnControls' in '10' second(s)

2021-11-18 11:29:47 - [MESSAGE][INFO] - Smart Wait Function is triggered

2021-11-18 11:29:47 - [MESSAGE][INFO] - Found 15 web elements with id: 'Object Repository/Butonlar/Butonlar' located by 'By.cssSelector: .panel.panel-default.text-center.footerPanel .btn,.btn.btn-primary.btnControls' in '10' second(s)

2021-11-18 11:29:47 - [MESSAGE][PASSED] - Method.TextDegerineEsitElementeTiklaEquals is PASSED

2021-11-18 11:29:47 - [MESSAGE][PASSED] - Call Test Case 'Test Cases/Butonlar/ButonaTikla' successfully

2021-11-18 11:29:47 - [MESSAGE][INFO] - Checking called Test Case

2021-11-18 11:29:47 - [MESSAGE][INFO] - Starting to call Test Case 'Test Cases/Butonlar/AltButonaTikla'

2021-11-18 11:29:47 - [TEST_CASE][PASSED] - Test Cases/Butonlar/AltButonaTikla: Test Cases/Butonlar/AltButonaTikla

2021-11-18 11:29:48 - [TEST_STEP][PASSED] - Method.TextDegerineEsitElementeTikla(findTestObject("Butonlar/AltButonlar"), Alt_Buton): Method.TextDegerineEsitElementeTikla is PASSED

2021-11-18 11:29:48 - [MESSAGE][INFO] - Finding Test Object 'Object Repository/Butonlar/AltButonlar'

2021-11-18 11:29:48 - [MESSAGE][INFO] - Checking timeout

2021-11-18 11:29:48 - [MESSAGE][INFO] - Finding web element with id: 'Object Repository/Butonlar/AltButonlar' located by 'By.cssSelector: .btn-group.open li>a' in '10' second(s)

2021-11-18 11:29:48 - [MESSAGE][INFO] - Smart Wait Function is triggered

2021-11-18 11:29:48 - [MESSAGE][INFO] - Found 2 web elements with id: 'Object Repository/Butonlar/AltButonlar' located by 'By.cssSelector: .btn-group.open li>a' in '10' second(s)

2021-11-18 11:29:48 - [MESSAGE][PASSED] - Method.TextDegerineEsitElementeTikla is PASSED

2021-11-18 11:29:48 - [MESSAGE][PASSED] - Call Test Case 'Test Cases/Butonlar/AltButonaTikla' successfully

2021-11-18 11:29:48 - [MESSAGE][INFO] - Checking called Test Case

2021-11-18 11:29:48 - [MESSAGE][INFO] - Starting to call Test Case 'Test Cases/Popup/PopupMesajiIceriyorMu'

2021-11-18 11:29:48 - [TEST_CASE][PASSED] - Test Cases/Popup/PopupMesajiIceriyorMu: Test Cases/Popup/PopupMesajiIceriyorMu

2021-11-18 11:29:49 - [TEST_STEP][PASSED] - waitForElementVisible(findTestObject("Popup/Popup"), 10): Object 'Object Repository/Popup/Popup' is visible

2021-11-18 11:29:49 - [MESSAGE][INFO] - Finding Test Object 'Object Repository/Popup/Popup'

2021-11-18 11:29:49 - [MESSAGE][INFO] - Checking object

2021-11-18 11:29:49 - [MESSAGE][INFO] - Checking timeout

2021-11-18 11:29:49 - [MESSAGE][INFO] - Finding web element from Test Object's properties

2021-11-18 11:29:49 - [MESSAGE][INFO] - Checking timeout

2021-11-18 11:29:49 - [MESSAGE][INFO] - Finding web element with id: 'Object Repository/Popup/Popup' located by 'By.cssSelector: .bootbox-body' in '10' second(s)

2021-11-18 11:29:49 - [MESSAGE][INFO] - Smart Wait Function is triggered

2021-11-18 11:29:53 - [MESSAGE][INFO] - Found 1 web elements with id: 'Object Repository/Popup/Popup' located by 'By.cssSelector: .bootbox-body' in '10' second(s)

2021-11-18 11:29:53 - [MESSAGE][PASSED] - Object 'Object Repository/Popup/Popup' is visible

2021-11-18 11:29:53 - [TEST_STEP][PASSED] - if (!(getText(findTestObject("Popup/Popup")).contains(Mesaj))): Text of object 'Object Repository/Popup/Popup' is: 'Lütfen rapor bildiriminin gönderileceği e-posta adresini belirtiniz.
e-Posta Adresi'

2021-11-18 11:29:53 - [MESSAGE][INFO] - Finding Test Object 'Object Repository/Popup/Popup'

2021-11-18 11:29:53 - [MESSAGE][INFO] - Checking object

2021-11-18 11:29:53 - [MESSAGE][INFO] - Finding web element from Test Object's properties

2021-11-18 11:29:53 - [MESSAGE][INFO] - Checking timeout

2021-11-18 11:29:53 - [MESSAGE][INFO] - Finding web element with id: 'Object Repository/Popup/Popup' located by 'By.cssSelector: .bootbox-body' in '30' second(s)

2021-11-18 11:29:53 - [MESSAGE][INFO] - Smart Wait Function is triggered

2021-11-18 11:29:53 - [MESSAGE][INFO] - Found 1 web elements with id: 'Object Repository/Popup/Popup' located by 'By.cssSelector: .bootbox-body' in '30' second(s)

2021-11-18 11:29:53 - [MESSAGE][INFO] - Getting text of object 'Object Repository/Popup/Popup'

2021-11-18 11:29:53 - [MESSAGE][PASSED] - Text of object 'Object Repository/Popup/Popup' is: 'Lütfen rapor bildiriminin gönderileceği e-posta adresini belirtiniz.
e-Posta Adresi'

2021-11-18 11:29:53 - [TEST_STEP][PASSED] - RaporNo = getText(findTestObject("Popup/Popup")).substring(0, 6): Text of object 'Object Repository/Popup/Popup' is: 'Lütfen rapor bildiriminin gönderileceği e-posta adresini belirtiniz.
e-Posta Adresi'

2021-11-18 11:29:53 - [MESSAGE][INFO] - Finding Test Object 'Object Repository/Popup/Popup'

2021-11-18 11:29:54 - [MESSAGE][INFO] - Checking object

2021-11-18 11:29:54 - [MESSAGE][INFO] - Finding web element from Test Object's properties

2021-11-18 11:29:54 - [MESSAGE][INFO] - Checking timeout

2021-11-18 11:29:54 - [MESSAGE][INFO] - Finding web element with id: 'Object Repository/Popup/Popup' located by 'By.cssSelector: .bootbox-body' in '30' second(s)

2021-11-18 11:29:54 - [MESSAGE][INFO] - Smart Wait Function is triggered

2021-11-18 11:29:54 - [MESSAGE][INFO] - Found 1 web elements with id: 'Object Repository/Popup/Popup' located by 'By.cssSelector: .bootbox-body' in '30' second(s)

2021-11-18 11:29:54 - [MESSAGE][INFO] - Getting text of object 'Object Repository/Popup/Popup'

2021-11-18 11:29:54 - [MESSAGE][PASSED] - Text of object 'Object Repository/Popup/Popup' is: 'Lütfen rapor bildiriminin gönderileceği e-posta adresini belirtiniz.
e-Posta Adresi'

2021-11-18 11:29:54 - [TEST_STEP][PASSED] - Console.println(RaporNo): null

2021-11-18 11:29:54 - [MESSAGE][PASSED] - Call Test Case 'Test Cases/Popup/PopupMesajiIceriyorMu' successfully

2021-11-18 11:29:54 - [MESSAGE][INFO] - Checking called Test Case

2021-11-18 11:29:54 - [MESSAGE][INFO] - Starting to call Test Case 'Test Cases/Popup/PopupaEmailEklenir'

2021-11-18 11:29:54 - [TEST_CASE][PASSED] - Test Cases/Popup/PopupaEmailEklenir: Test Cases/Popup/PopupaEmailEklenir

2021-11-18 11:29:55 - [TEST_STEP][PASSED] - clearText(findTestObject("Popup/EmailText")): Text of object 'Object Repository/Popup/EmailText' is cleared

2021-11-18 11:29:55 - [MESSAGE][INFO] - Finding Test Object 'Object Repository/Popup/EmailText'

2021-11-18 11:29:55 - [MESSAGE][INFO] - Checking object

2021-11-18 11:29:55 - [MESSAGE][INFO] - Finding web element from Test Object's properties

2021-11-18 11:29:55 - [MESSAGE][INFO] - Checking timeout

2021-11-18 11:29:55 - [MESSAGE][INFO] - Finding web element with id: 'Object Repository/Popup/EmailText' located by 'By.xpath: //*[@id="eMails"]' in '30' second(s)

2021-11-18 11:29:55 - [MESSAGE][INFO] - Smart Wait Function is triggered

2021-11-18 11:29:55 - [MESSAGE][INFO] - Found 1 web elements with id: 'Object Repository/Popup/EmailText' located by 'By.xpath: //*[@id="eMails"]' in '30' second(s)

2021-11-18 11:29:55 - [MESSAGE][INFO] - Clearing text of object 'Object Repository/Popup/EmailText'

2021-11-18 11:29:55 - [MESSAGE][PASSED] - Text of object 'Object Repository/Popup/EmailText' is cleared

2021-11-18 11:29:55 - [TEST_STEP][PASSED] - sendKeys(findTestObject("Popup/EmailText"), Email): Keys 'elogotest@gmail.com;ali.kara@logo.com.tr' sent to object: 'Object Repository/Popup/EmailText'

2021-11-18 11:29:55 - [MESSAGE][INFO] - Finding Test Object 'Object Repository/Popup/EmailText'

2021-11-18 11:29:55 - [MESSAGE][INFO] - Sending keys 'elogotest@gmail.com;ali.kara@logo.com.tr' to object: 'Object Repository/Popup/EmailText'

2021-11-18 11:29:55 - [MESSAGE][INFO] - Finding web element from Test Object's properties

2021-11-18 11:29:55 - [MESSAGE][INFO] - Checking timeout

2021-11-18 11:29:55 - [MESSAGE][INFO] - Finding web element with id: 'Object Repository/Popup/EmailText' located by 'By.xpath: //*[@id="eMails"]' in '30' second(s)

2021-11-18 11:29:55 - [MESSAGE][INFO] - Smart Wait Function is triggered

2021-11-18 11:29:56 - [MESSAGE][INFO] - Found 1 web elements with id: 'Object Repository/Popup/EmailText' located by 'By.xpath: //*[@id="eMails"]' in '30' second(s)

2021-11-18 11:29:56 - [MESSAGE][PASSED] - Keys 'elogotest@gmail.com;ali.kara@logo.com.tr' sent to object: 'Object Repository/Popup/EmailText'

2021-11-18 11:29:56 - [MESSAGE][PASSED] - Call Test Case 'Test Cases/Popup/PopupaEmailEklenir' successfully

2021-11-18 11:29:56 - [MESSAGE][INFO] - Checking called Test Case

2021-11-18 11:29:56 - [MESSAGE][INFO] - Starting to call Test Case 'Test Cases/Popup/PopupButonSecilir'

2021-11-18 11:29:56 - [TEST_CASE][PASSED] - Test Cases/Popup/PopupButonSecilir: Test Cases/Popup/PopupButonSecilir

2021-11-18 11:29:56 - [TEST_STEP][PASSED] - Method.TextDegerineEsitElementeTikla(findTestObject("Popup/Popup_Butons"), Buton): Method.TextDegerineEsitElementeTikla is PASSED

2021-11-18 11:29:56 - [MESSAGE][INFO] - Finding Test Object 'Object Repository/Popup/Popup_Butons'

2021-11-18 11:29:56 - [MESSAGE][INFO] - Checking timeout

2021-11-18 11:29:56 - [MESSAGE][INFO] - Finding web element with id: 'Object Repository/Popup/Popup_Butons' located by 'By.cssSelector: .modal-footer>button' in '10' second(s)

2021-11-18 11:29:56 - [MESSAGE][INFO] - Smart Wait Function is triggered

2021-11-18 11:29:57 - [MESSAGE][INFO] - Found 2 web elements with id: 'Object Repository/Popup/Popup_Butons' located by 'By.cssSelector: .modal-footer>button' in '10' second(s)

2021-11-18 11:29:57 - [MESSAGE][PASSED] - Method.TextDegerineEsitElementeTikla is PASSED

2021-11-18 11:29:57 - [MESSAGE][PASSED] - Call Test Case 'Test Cases/Popup/PopupButonSecilir' successfully

2021-11-18 11:29:57 - [MESSAGE][INFO] - Checking called Test Case

2021-11-18 11:29:57 - [MESSAGE][INFO] - Starting to call Test Case 'Test Cases/Popup/PopupMesajiIceriyorMu'

2021-11-18 11:29:57 - [TEST_CASE][PASSED] - Test Cases/Popup/PopupMesajiIceriyorMu: Test Cases/Popup/PopupMesajiIceriyorMu

2021-11-18 11:29:57 - [TEST_STEP][PASSED] - waitForElementVisible(findTestObject("Popup/Popup"), 10): Object 'Object Repository/Popup/Popup' is visible

2021-11-18 11:29:57 - [MESSAGE][INFO] - Finding Test Object 'Object Repository/Popup/Popup'

2021-11-18 11:29:57 - [MESSAGE][INFO] - Checking object

2021-11-18 11:29:57 - [MESSAGE][INFO] - Checking timeout

2021-11-18 11:29:57 - [MESSAGE][INFO] - Finding web element from Test Object's properties

2021-11-18 11:29:57 - [MESSAGE][INFO] - Checking timeout

2021-11-18 11:29:57 - [MESSAGE][INFO] - Finding web element with id: 'Object Repository/Popup/Popup' located by 'By.cssSelector: .bootbox-body' in '10' second(s)

2021-11-18 11:29:57 - [MESSAGE][INFO] - Smart Wait Function is triggered

2021-11-18 11:29:58 - [MESSAGE][INFO] - Found 1 web elements with id: 'Object Repository/Popup/Popup' located by 'By.cssSelector: .bootbox-body' in '10' second(s)

2021-11-18 11:29:58 - [MESSAGE][PASSED] - Object 'Object Repository/Popup/Popup' is visible

2021-11-18 11:29:58 - [TEST_STEP][PASSED] - if (!(getText(findTestObject("Popup/Popup")).contains(Mesaj))): Text of object 'Object Repository/Popup/Popup' is: '17350 no’lu talebiniz işleme alınmıştır. Raporunuz hazırlandığında (elogotest@gmail.com;ali.kara@logo.com.tr) adresinize mail gönderilecektir.
Rapor durumunuzu Raporlar > Toplu Veri İndirme ekranından takip edebilir, hazırlandı durumundaki raporlarınızı ilgili menüden indirebilirsiniz.'

2021-11-18 11:29:58 - [MESSAGE][INFO] - Finding Test Object 'Object Repository/Popup/Popup'

2021-11-18 11:29:58 - [MESSAGE][INFO] - Checking object

2021-11-18 11:29:58 - [MESSAGE][INFO] - Finding web element from Test Object's properties

2021-11-18 11:29:58 - [MESSAGE][INFO] - Checking timeout

2021-11-18 11:29:58 - [MESSAGE][INFO] - Finding web element with id: 'Object Repository/Popup/Popup' located by 'By.cssSelector: .bootbox-body' in '30' second(s)

2021-11-18 11:29:58 - [MESSAGE][INFO] - Smart Wait Function is triggered

2021-11-18 11:29:58 - [MESSAGE][INFO] - Found 1 web elements with id: 'Object Repository/Popup/Popup' located by 'By.cssSelector: .bootbox-body' in '30' second(s)

2021-11-18 11:29:58 - [MESSAGE][INFO] - Getting text of object 'Object Repository/Popup/Popup'

2021-11-18 11:29:58 - [MESSAGE][PASSED] - Text of object 'Object Repository/Popup/Popup' is: '17350 no’lu talebiniz işleme alınmıştır. Raporunuz hazırlandığında (elogotest@gmail.com;ali.kara@logo.com.tr) adresinize mail gönderilecektir.
Rapor durumunuzu Raporlar > Toplu Veri İndirme ekranından takip edebilir, hazırlandı durumundaki raporlarınızı ilgili menüden indirebilirsiniz.'

2021-11-18 11:29:58 - [TEST_STEP][PASSED] - RaporNo = getText(findTestObject("Popup/Popup")).substring(0, 6): Text of object 'Object Repository/Popup/Popup' is: '17350 no’lu talebiniz işleme alınmıştır. Raporunuz hazırlandığında (elogotest@gmail.com;ali.kara@logo.com.tr) adresinize mail gönderilecektir.
Rapor durumunuzu Raporlar > Toplu Veri İndirme ekranından takip edebilir, hazırlandı durumundaki raporlarınızı ilgili menüden indirebilirsiniz.'

2021-11-18 11:29:58 - [MESSAGE][INFO] - Finding Test Object 'Object Repository/Popup/Popup'

2021-11-18 11:29:58 - [MESSAGE][INFO] - Checking object

2021-11-18 11:29:58 - [MESSAGE][INFO] - Finding web element from Test Object's properties

2021-11-18 11:29:58 - [MESSAGE][INFO] - Checking timeout

2021-11-18 11:29:58 - [MESSAGE][INFO] - Finding web element with id: 'Object Repository/Popup/Popup' located by 'By.cssSelector: .bootbox-body' in '30' second(s)

2021-11-18 11:29:58 - [MESSAGE][INFO] - Smart Wait Function is triggered

2021-11-18 11:29:58 - [MESSAGE][INFO] - Found 1 web elements with id: 'Object Repository/Popup/Popup' located by 'By.cssSelector: .bootbox-body' in '30' second(s)

2021-11-18 11:29:58 - [MESSAGE][INFO] - Getting text of object 'Object Repository/Popup/Popup'

2021-11-18 11:29:58 - [MESSAGE][PASSED] - Text of object 'Object Repository/Popup/Popup' is: '17350 no’lu talebiniz işleme alınmıştır. Raporunuz hazırlandığında (elogotest@gmail.com;ali.kara@logo.com.tr) adresinize mail gönderilecektir.
Rapor durumunuzu Raporlar > Toplu Veri İndirme ekranından takip edebilir, hazırlandı durumundaki raporlarınızı ilgili menüden indirebilirsiniz.'

2021-11-18 11:29:58 - [TEST_STEP][PASSED] - Console.println(RaporNo): null

2021-11-18 11:29:58 - [MESSAGE][PASSED] - Call Test Case 'Test Cases/Popup/PopupMesajiIceriyorMu' successfully

2021-11-18 11:29:58 - [MESSAGE][INFO] - Checking called Test Case

2021-11-18 11:29:58 - [MESSAGE][INFO] - Starting to call Test Case 'Test Cases/Popup/PopupButonSecilir'

2021-11-18 11:29:58 - [TEST_CASE][PASSED] - Test Cases/Popup/PopupButonSecilir: Test Cases/Popup/PopupButonSecilir

2021-11-18 11:29:58 - [TEST_STEP][PASSED] - Method.TextDegerineEsitElementeTikla(findTestObject("Popup/Popup_Butons"), Buton): Method.TextDegerineEsitElementeTikla is PASSED

2021-11-18 11:29:58 - [MESSAGE][INFO] - Finding Test Object 'Object Repository/Popup/Popup_Butons'

2021-11-18 11:29:59 - [MESSAGE][INFO] - Checking timeout

2021-11-18 11:29:59 - [MESSAGE][INFO] - Finding web element with id: 'Object Repository/Popup/Popup_Butons' located by 'By.cssSelector: .modal-footer>button' in '10' second(s)

2021-11-18 11:29:59 - [MESSAGE][INFO] - Smart Wait Function is triggered

2021-11-18 11:29:59 - [MESSAGE][INFO] - Found 1 web elements with id: 'Object Repository/Popup/Popup_Butons' located by 'By.cssSelector: .modal-footer>button' in '10' second(s)

2021-11-18 11:29:59 - [MESSAGE][PASSED] - Method.TextDegerineEsitElementeTikla is PASSED

2021-11-18 11:29:59 - [MESSAGE][PASSED] - Call Test Case 'Test Cases/Popup/PopupButonSecilir' successfully

2021-11-18 11:29:59 - [MESSAGE][INFO] - Checking called Test Case

2021-11-18 11:29:59 - [MESSAGE][INFO] - Starting to call Test Case 'Test Cases/Butonlar/ButonaTikla'

2021-11-18 11:29:59 - [TEST_CASE][PASSED] - Test Cases/Butonlar/ButonaTikla: Test Cases/Butonlar/ButonaTikla

2021-11-18 11:29:59 - [TEST_STEP][PASSED] - Method.TextDegerineEsitElementeTiklaEquals(findTestObject("Butonlar/Butonlar"), Buton_Adi): Method.TextDegerineEsitElementeTiklaEquals is PASSED

2021-11-18 11:29:59 - [MESSAGE][INFO] - Finding Test Object 'Object Repository/Butonlar/Butonlar'

2021-11-18 11:29:59 - [MESSAGE][INFO] - Checking timeout

2021-11-18 11:29:59 - [MESSAGE][INFO] - Finding web element with id: 'Object Repository/Butonlar/Butonlar' located by 'By.cssSelector: .panel.panel-default.text-center.footerPanel .btn,.btn.btn-primary.btnControls' in '10' second(s)

2021-11-18 11:29:59 - [MESSAGE][INFO] - Smart Wait Function is triggered

2021-11-18 11:30:00 - [MESSAGE][INFO] - Found 15 web elements with id: 'Object Repository/Butonlar/Butonlar' located by 'By.cssSelector: .panel.panel-default.text-center.footerPanel .btn,.btn.btn-primary.btnControls' in '10' second(s)

2021-11-18 11:30:00 - [MESSAGE][PASSED] - Method.TextDegerineEsitElementeTiklaEquals is PASSED

2021-11-18 11:30:00 - [MESSAGE][PASSED] - Call Test Case 'Test Cases/Butonlar/ButonaTikla' successfully

2021-11-18 11:30:00 - [MESSAGE][INFO] - Checking called Test Case

2021-11-18 11:30:00 - [MESSAGE][INFO] - Starting to call Test Case 'Test Cases/Butonlar/AltButonaTikla'

2021-11-18 11:30:00 - [TEST_CASE][PASSED] - Test Cases/Butonlar/AltButonaTikla: Test Cases/Butonlar/AltButonaTikla

2021-11-18 11:30:00 - [TEST_STEP][PASSED] - Method.TextDegerineEsitElementeTikla(findTestObject("Butonlar/AltButonlar"), Alt_Buton): Method.TextDegerineEsitElementeTikla is PASSED

2021-11-18 11:30:00 - [MESSAGE][INFO] - Finding Test Object 'Object Repository/Butonlar/AltButonlar'

2021-11-18 11:30:00 - [MESSAGE][INFO] - Checking timeout

2021-11-18 11:30:00 - [MESSAGE][INFO] - Finding web element with id: 'Object Repository/Butonlar/AltButonlar' located by 'By.cssSelector: .btn-group.open li>a' in '10' second(s)

2021-11-18 11:30:00 - [MESSAGE][INFO] - Smart Wait Function is triggered

2021-11-18 11:30:00 - [MESSAGE][INFO] - Found 2 web elements with id: 'Object Repository/Butonlar/AltButonlar' located by 'By.cssSelector: .btn-group.open li>a' in '10' second(s)

2021-11-18 11:30:00 - [MESSAGE][PASSED] - Method.TextDegerineEsitElementeTikla is PASSED

2021-11-18 11:30:00 - [MESSAGE][PASSED] - Call Test Case 'Test Cases/Butonlar/AltButonaTikla' successfully

2021-11-18 11:30:00 - [MESSAGE][INFO] - Checking called Test Case

2021-11-18 11:30:00 - [MESSAGE][INFO] - Starting to call Test Case 'Test Cases/Popup/PopupMesajiIceriyorMu'

2021-11-18 11:30:00 - [TEST_CASE][PASSED] - Test Cases/Popup/PopupMesajiIceriyorMu: Test Cases/Popup/PopupMesajiIceriyorMu

2021-11-18 11:30:00 - [TEST_STEP][PASSED] - waitForElementVisible(findTestObject("Popup/Popup"), 10): Object 'Object Repository/Popup/Popup' is visible

2021-11-18 11:30:00 - [MESSAGE][INFO] - Finding Test Object 'Object Repository/Popup/Popup'

2021-11-18 11:30:01 - [MESSAGE][INFO] - Checking object

2021-11-18 11:30:01 - [MESSAGE][INFO] - Checking timeout

2021-11-18 11:30:01 - [MESSAGE][INFO] - Finding web element from Test Object's properties

2021-11-18 11:30:01 - [MESSAGE][INFO] - Checking timeout

2021-11-18 11:30:01 - [MESSAGE][INFO] - Finding web element with id: 'Object Repository/Popup/Popup' located by 'By.cssSelector: .bootbox-body' in '10' second(s)

2021-11-18 11:30:01 - [MESSAGE][INFO] - Smart Wait Function is triggered

2021-11-18 11:30:01 - [MESSAGE][INFO] - Found 1 web elements with id: 'Object Repository/Popup/Popup' located by 'By.cssSelector: .bootbox-body' in '10' second(s)

2021-11-18 11:30:01 - [MESSAGE][PASSED] - Object 'Object Repository/Popup/Popup' is visible

2021-11-18 11:30:01 - [TEST_STEP][PASSED] - if (!(getText(findTestObject("Popup/Popup")).contains(Mesaj))): Text of object 'Object Repository/Popup/Popup' is: 'Lütfen rapor bildiriminin gönderileceği e-posta adresini belirtiniz.
e-Posta Adresi'

2021-11-18 11:30:01 - [MESSAGE][INFO] - Finding Test Object 'Object Repository/Popup/Popup'

2021-11-18 11:30:01 - [MESSAGE][INFO] - Checking object

2021-11-18 11:30:01 - [MESSAGE][INFO] - Finding web element from Test Object's properties

2021-11-18 11:30:01 - [MESSAGE][INFO] - Checking timeout

2021-11-18 11:30:01 - [MESSAGE][INFO] - Finding web element with id: 'Object Repository/Popup/Popup' located by 'By.cssSelector: .bootbox-body' in '30' second(s)

2021-11-18 11:30:01 - [MESSAGE][INFO] - Smart Wait Function is triggered

2021-11-18 11:30:01 - [MESSAGE][INFO] - Found 1 web elements with id: 'Object Repository/Popup/Popup' located by 'By.cssSelector: .bootbox-body' in '30' second(s)

2021-11-18 11:30:01 - [MESSAGE][INFO] - Getting text of object 'Object Repository/Popup/Popup'

2021-11-18 11:30:01 - [MESSAGE][PASSED] - Text of object 'Object Repository/Popup/Popup' is: 'Lütfen rapor bildiriminin gönderileceği e-posta adresini belirtiniz.
e-Posta Adresi'

2021-11-18 11:30:01 - [TEST_STEP][PASSED] - RaporNo = getText(findTestObject("Popup/Popup")).substring(0, 6): Text of object 'Object Repository/Popup/Popup' is: 'Lütfen rapor bildiriminin gönderileceği e-posta adresini belirtiniz.
e-Posta Adresi'

2021-11-18 11:30:01 - [MESSAGE][INFO] - Finding Test Object 'Object Repository/Popup/Popup'

2021-11-18 11:30:02 - [MESSAGE][INFO] - Checking object

2021-11-18 11:30:02 - [MESSAGE][INFO] - Finding web element from Test Object's properties

2021-11-18 11:30:02 - [MESSAGE][INFO] - Checking timeout

2021-11-18 11:30:02 - [MESSAGE][INFO] - Finding web element with id: 'Object Repository/Popup/Popup' located by 'By.cssSelector: .bootbox-body' in '30' second(s)

2021-11-18 11:30:02 - [MESSAGE][INFO] - Smart Wait Function is triggered

2021-11-18 11:30:02 - [MESSAGE][INFO] - Found 1 web elements with id: 'Object Repository/Popup/Popup' located by 'By.cssSelector: .bootbox-body' in '30' second(s)

2021-11-18 11:30:02 - [MESSAGE][INFO] - Getting text of object 'Object Repository/Popup/Popup'

2021-11-18 11:30:02 - [MESSAGE][PASSED] - Text of object 'Object Repository/Popup/Popup' is: 'Lütfen rapor bildiriminin gönderileceği e-posta adresini belirtiniz.
e-Posta Adresi'

2021-11-18 11:30:02 - [TEST_STEP][PASSED] - Console.println(RaporNo): null

2021-11-18 11:30:02 - [MESSAGE][PASSED] - Call Test Case 'Test Cases/Popup/PopupMesajiIceriyorMu' successfully

2021-11-18 11:30:02 - [MESSAGE][INFO] - Checking called Test Case

2021-11-18 11:30:02 - [MESSAGE][INFO] - Starting to call Test Case 'Test Cases/Popup/PopupaEmailEklenir'

2021-11-18 11:30:02 - [TEST_CASE][PASSED] - Test Cases/Popup/PopupaEmailEklenir: Test Cases/Popup/PopupaEmailEklenir

2021-11-18 11:30:02 - [TEST_STEP][PASSED] - clearText(findTestObject("Popup/EmailText")): Text of object 'Object Repository/Popup/EmailText' is cleared

2021-11-18 11:30:02 - [MESSAGE][INFO] - Finding Test Object 'Object Repository/Popup/EmailText'

2021-11-18 11:30:02 - [MESSAGE][INFO] - Checking object

2021-11-18 11:30:02 - [MESSAGE][INFO] - Finding web element from Test Object's properties

2021-11-18 11:30:02 - [MESSAGE][INFO] - Checking timeout

2021-11-18 11:30:02 - [MESSAGE][INFO] - Finding web element with id: 'Object Repository/Popup/EmailText' located by 'By.xpath: //*[@id="eMails"]' in '30' second(s)

2021-11-18 11:30:02 - [MESSAGE][INFO] - Smart Wait Function is triggered

2021-11-18 11:30:02 - [MESSAGE][INFO] - Found 1 web elements with id: 'Object Repository/Popup/EmailText' located by 'By.xpath: //*[@id="eMails"]' in '30' second(s)

2021-11-18 11:30:02 - [MESSAGE][INFO] - Clearing text of object 'Object Repository/Popup/EmailText'

2021-11-18 11:30:02 - [MESSAGE][PASSED] - Text of object 'Object Repository/Popup/EmailText' is cleared

2021-11-18 11:30:02 - [TEST_STEP][PASSED] - sendKeys(findTestObject("Popup/EmailText"), Email): Keys 'elogotest@gmail.com;ali.kara@logo.com.tr' sent to object: 'Object Repository/Popup/EmailText'

2021-11-18 11:30:02 - [MESSAGE][INFO] - Finding Test Object 'Object Repository/Popup/EmailText'

2021-11-18 11:30:02 - [MESSAGE][INFO] - Sending keys 'elogotest@gmail.com;ali.kara@logo.com.tr' to object: 'Object Repository/Popup/EmailText'

2021-11-18 11:30:02 - [MESSAGE][INFO] - Finding web element from Test Object's properties

2021-11-18 11:30:02 - [MESSAGE][INFO] - Checking timeout

2021-11-18 11:30:02 - [MESSAGE][INFO] - Finding web element with id: 'Object Repository/Popup/EmailText' located by 'By.xpath: //*[@id="eMails"]' in '30' second(s)

2021-11-18 11:30:02 - [MESSAGE][INFO] - Smart Wait Function is triggered

2021-11-18 11:30:03 - [MESSAGE][INFO] - Found 1 web elements with id: 'Object Repository/Popup/EmailText' located by 'By.xpath: //*[@id="eMails"]' in '30' second(s)

2021-11-18 11:30:03 - [MESSAGE][PASSED] - Keys 'elogotest@gmail.com;ali.kara@logo.com.tr' sent to object: 'Object Repository/Popup/EmailText'

2021-11-18 11:30:03 - [MESSAGE][PASSED] - Call Test Case 'Test Cases/Popup/PopupaEmailEklenir' successfully

2021-11-18 11:30:03 - [MESSAGE][INFO] - Checking called Test Case

2021-11-18 11:30:03 - [MESSAGE][INFO] - Starting to call Test Case 'Test Cases/Popup/PopupButonSecilir'

2021-11-18 11:30:03 - [TEST_CASE][PASSED] - Test Cases/Popup/PopupButonSecilir: Test Cases/Popup/PopupButonSecilir

2021-11-18 11:30:03 - [TEST_STEP][PASSED] - Method.TextDegerineEsitElementeTikla(findTestObject("Popup/Popup_Butons"), Buton): Method.TextDegerineEsitElementeTikla is PASSED

2021-11-18 11:30:03 - [MESSAGE][INFO] - Finding Test Object 'Object Repository/Popup/Popup_Butons'

2021-11-18 11:30:03 - [MESSAGE][INFO] - Checking timeout

2021-11-18 11:30:03 - [MESSAGE][INFO] - Finding web element with id: 'Object Repository/Popup/Popup_Butons' located by 'By.cssSelector: .modal-footer>button' in '10' second(s)

2021-11-18 11:30:03 - [MESSAGE][INFO] - Smart Wait Function is triggered

2021-11-18 11:30:03 - [MESSAGE][INFO] - Found 2 web elements with id: 'Object Repository/Popup/Popup_Butons' located by 'By.cssSelector: .modal-footer>button' in '10' second(s)

2021-11-18 11:30:03 - [MESSAGE][PASSED] - Method.TextDegerineEsitElementeTikla is PASSED

2021-11-18 11:30:03 - [MESSAGE][PASSED] - Call Test Case 'Test Cases/Popup/PopupButonSecilir' successfully

2021-11-18 11:30:03 - [MESSAGE][INFO] - Checking called Test Case

2021-11-18 11:30:03 - [MESSAGE][INFO] - Starting to call Test Case 'Test Cases/Popup/PopupMesajiIceriyorMu'

2021-11-18 11:30:03 - [TEST_CASE][PASSED] - Test Cases/Popup/PopupMesajiIceriyorMu: Test Cases/Popup/PopupMesajiIceriyorMu

2021-11-18 11:30:03 - [TEST_STEP][PASSED] - waitForElementVisible(findTestObject("Popup/Popup"), 10): Object 'Object Repository/Popup/Popup' is visible

2021-11-18 11:30:03 - [MESSAGE][INFO] - Finding Test Object 'Object Repository/Popup/Popup'

2021-11-18 11:30:04 - [MESSAGE][INFO] - Checking object

2021-11-18 11:30:04 - [MESSAGE][INFO] - Checking timeout

2021-11-18 11:30:04 - [MESSAGE][INFO] - Finding web element from Test Object's properties

2021-11-18 11:30:04 - [MESSAGE][INFO] - Checking timeout

2021-11-18 11:30:04 - [MESSAGE][INFO] - Finding web element with id: 'Object Repository/Popup/Popup' located by 'By.cssSelector: .bootbox-body' in '10' second(s)

2021-11-18 11:30:04 - [MESSAGE][INFO] - Smart Wait Function is triggered

2021-11-18 11:30:05 - [MESSAGE][INFO] - Found 1 web elements with id: 'Object Repository/Popup/Popup' located by 'By.cssSelector: .bootbox-body' in '10' second(s)

2021-11-18 11:30:05 - [MESSAGE][PASSED] - Object 'Object Repository/Popup/Popup' is visible

2021-11-18 11:30:05 - [TEST_STEP][PASSED] - if (!(getText(findTestObject("Popup/Popup")).contains(Mesaj))): Text of object 'Object Repository/Popup/Popup' is: '17351 no’lu talebiniz işleme alınmıştır. Raporunuz hazırlandığında (elogotest@gmail.com;ali.kara@logo.com.tr) adresinize mail gönderilecektir.
Rapor durumunuzu Raporlar > Toplu Veri İndirme ekranından takip edebilir, hazırlandı durumundaki raporlarınızı ilgili menüden indirebilirsiniz.'

2021-11-18 11:30:05 - [MESSAGE][INFO] - Finding Test Object 'Object Repository/Popup/Popup'

2021-11-18 11:30:05 - [MESSAGE][INFO] - Checking object

2021-11-18 11:30:05 - [MESSAGE][INFO] - Finding web element from Test Object's properties

2021-11-18 11:30:05 - [MESSAGE][INFO] - Checking timeout

2021-11-18 11:30:05 - [MESSAGE][INFO] - Finding web element with id: 'Object Repository/Popup/Popup' located by 'By.cssSelector: .bootbox-body' in '30' second(s)

2021-11-18 11:30:05 - [MESSAGE][INFO] - Smart Wait Function is triggered

2021-11-18 11:30:06 - [MESSAGE][INFO] - Found 1 web elements with id: 'Object Repository/Popup/Popup' located by 'By.cssSelector: .bootbox-body' in '30' second(s)

2021-11-18 11:30:06 - [MESSAGE][INFO] - Getting text of object 'Object Repository/Popup/Popup'

2021-11-18 11:30:06 - [MESSAGE][PASSED] - Text of object 'Object Repository/Popup/Popup' is: '17351 no’lu talebiniz işleme alınmıştır. Raporunuz hazırlandığında (elogotest@gmail.com;ali.kara@logo.com.tr) adresinize mail gönderilecektir.
Rapor durumunuzu Raporlar > Toplu Veri İndirme ekranından takip edebilir, hazırlandı durumundaki raporlarınızı ilgili menüden indirebilirsiniz.'

2021-11-18 11:30:06 - [TEST_STEP][PASSED] - RaporNo = getText(findTestObject("Popup/Popup")).substring(0, 6): Text of object 'Object Repository/Popup/Popup' is: '17351 no’lu talebiniz işleme alınmıştır. Raporunuz hazırlandığında (elogotest@gmail.com;ali.kara@logo.com.tr) adresinize mail gönderilecektir.
Rapor durumunuzu Raporlar > Toplu Veri İndirme ekranından takip edebilir, hazırlandı durumundaki raporlarınızı ilgili menüden indirebilirsiniz.'

2021-11-18 11:30:06 - [MESSAGE][INFO] - Finding Test Object 'Object Repository/Popup/Popup'

2021-11-18 11:30:06 - [MESSAGE][INFO] - Checking object

2021-11-18 11:30:06 - [MESSAGE][INFO] - Finding web element from Test Object's properties

2021-11-18 11:30:06 - [MESSAGE][INFO] - Checking timeout

2021-11-18 11:30:06 - [MESSAGE][INFO] - Finding web element with id: 'Object Repository/Popup/Popup' located by 'By.cssSelector: .bootbox-body' in '30' second(s)

2021-11-18 11:30:06 - [MESSAGE][INFO] - Smart Wait Function is triggered

2021-11-18 11:30:06 - [MESSAGE][INFO] - Found 1 web elements with id: 'Object Repository/Popup/Popup' located by 'By.cssSelector: .bootbox-body' in '30' second(s)

2021-11-18 11:30:06 - [MESSAGE][INFO] - Getting text of object 'Object Repository/Popup/Popup'

2021-11-18 11:30:06 - [MESSAGE][PASSED] - Text of object 'Object Repository/Popup/Popup' is: '17351 no’lu talebiniz işleme alınmıştır. Raporunuz hazırlandığında (elogotest@gmail.com;ali.kara@logo.com.tr) adresinize mail gönderilecektir.
Rapor durumunuzu Raporlar > Toplu Veri İndirme ekranından takip edebilir, hazırlandı durumundaki raporlarınızı ilgili menüden indirebilirsiniz.'

2021-11-18 11:30:06 - [TEST_STEP][PASSED] - Console.println(RaporNo): null

2021-11-18 11:30:06 - [MESSAGE][PASSED] - Call Test Case 'Test Cases/Popup/PopupMesajiIceriyorMu' successfully

2021-11-18 11:30:06 - [MESSAGE][INFO] - Checking called Test Case

2021-11-18 11:30:06 - [MESSAGE][INFO] - Starting to call Test Case 'Test Cases/Popup/PopupButonSecilir'

2021-11-18 11:30:06 - [TEST_CASE][PASSED] - Test Cases/Popup/PopupButonSecilir: Test Cases/Popup/PopupButonSecilir

2021-11-18 11:30:06 - [TEST_STEP][PASSED] - Method.TextDegerineEsitElementeTikla(findTestObject("Popup/Popup_Butons"), Buton): Method.TextDegerineEsitElementeTikla is PASSED

2021-11-18 11:30:06 - [MESSAGE][INFO] - Finding Test Object 'Object Repository/Popup/Popup_Butons'

2021-11-18 11:30:06 - [MESSAGE][INFO] - Checking timeout

2021-11-18 11:30:06 - [MESSAGE][INFO] - Finding web element with id: 'Object Repository/Popup/Popup_Butons' located by 'By.cssSelector: .modal-footer>button' in '10' second(s)

2021-11-18 11:30:06 - [MESSAGE][INFO] - Smart Wait Function is triggered

2021-11-18 11:30:06 - [MESSAGE][INFO] - Found 1 web elements with id: 'Object Repository/Popup/Popup_Butons' located by 'By.cssSelector: .modal-footer>button' in '10' second(s)

2021-11-18 11:30:06 - [MESSAGE][PASSED] - Method.TextDegerineEsitElementeTikla is PASSED

2021-11-18 11:30:06 - [MESSAGE][PASSED] - Call Test Case 'Test Cases/Popup/PopupButonSecilir' successfully

2021-11-18 11:30:06 - [MESSAGE][INFO] - Checking called Test Case

2021-11-18 11:30:06 - [MESSAGE][INFO] - Starting to call Test Case 'Test Cases/Menu/AnaMenuSecimi'

2021-11-18 11:30:06 - [TEST_CASE][PASSED] - Test Cases/Menu/AnaMenuSecimi: Test Cases/Menu/AnaMenuSecimi

2021-11-18 11:30:06 - [TEST_STEP][PASSED] - Method.TextDegerineEsitElementeTikla(findTestObject("Menu/Ana_Menu"), Ana_Menu): Method.TextDegerineEsitElementeTikla is PASSED

2021-11-18 11:30:06 - [MESSAGE][INFO] - Finding Test Object 'Object Repository/Menu/Ana_Menu'

2021-11-18 11:30:06 - [MESSAGE][INFO] - Checking timeout

2021-11-18 11:30:06 - [MESSAGE][INFO] - Finding web element with id: 'Object Repository/Menu/Ana_Menu' located by 'By.xpath: //*[@class = 'dropdown-toggle']' in '10' second(s)

2021-11-18 11:30:06 - [MESSAGE][INFO] - Smart Wait Function is triggered

2021-11-18 11:30:07 - [MESSAGE][INFO] - Found 14 web elements with id: 'Object Repository/Menu/Ana_Menu' located by 'By.xpath: //*[@class = 'dropdown-toggle']' in '10' second(s)

2021-11-18 11:30:07 - [MESSAGE][PASSED] - Method.TextDegerineEsitElementeTikla is PASSED

2021-11-18 11:30:07 - [MESSAGE][PASSED] - Call Test Case 'Test Cases/Menu/AnaMenuSecimi' successfully

2021-11-18 11:30:07 - [MESSAGE][INFO] - Checking called Test Case

2021-11-18 11:30:07 - [MESSAGE][INFO] - Starting to call Test Case 'Test Cases/Menu/AltMenuSecimi'

2021-11-18 11:30:07 - [TEST_CASE][PASSED] - Test Cases/Menu/AltMenuSecimi: Test Cases/Menu/AltMenuSecimi

2021-11-18 11:30:08 - [TEST_STEP][PASSED] - Method.TextDegerineEsitElementeTikla(findTestObject("Menu/Alt_Menu"), Alt_Menu): Method.TextDegerineEsitElementeTikla is PASSED

2021-11-18 11:30:08 - [MESSAGE][INFO] - Finding Test Object 'Object Repository/Menu/Alt_Menu'

2021-11-18 11:30:08 - [MESSAGE][INFO] - Checking timeout

2021-11-18 11:30:08 - [MESSAGE][INFO] - Finding web element with id: 'Object Repository/Menu/Alt_Menu' located by 'By.xpath: //li[@class='dropdown dropdown-large open']//li[@class='dropdown-element']' in '10' second(s)

2021-11-18 11:30:08 - [MESSAGE][INFO] - Smart Wait Function is triggered

2021-11-18 11:30:08 - [MESSAGE][INFO] - Found 9 web elements with id: 'Object Repository/Menu/Alt_Menu' located by 'By.xpath: //li[@class='dropdown dropdown-large open']//li[@class='dropdown-element']' in '10' second(s)

2021-11-18 11:30:13 - [MESSAGE][PASSED] - Method.TextDegerineEsitElementeTikla is PASSED

2021-11-18 11:30:13 - [MESSAGE][PASSED] - Call Test Case 'Test Cases/Menu/AltMenuSecimi' successfully

2021-11-18 11:30:13 - [MESSAGE][INFO] - Checking called Test Case

2021-11-18 11:30:13 - [MESSAGE][INFO] - Starting to call Test Case 'Test Cases/Filtreler/RaporNoYaz'

2021-11-18 11:30:13 - [TEST_CASE][PASSED] - Test Cases/Filtreler/RaporNoYaz: Test Cases/Filtreler/RaporNoYaz

2021-11-18 11:30:14 - [TEST_STEP][PASSED] - Method.TextDegerineEsitElementinAltindakiTextboxtaYaz(findTestObject("Filtreler/Basliklar"), findTestObject("Filtreler/Basliga_Gore_Textbox"), "Talep No", RaporNo): Method.TextDegerineEsitElementinAltindakiTextboxtaYaz is PASSED

2021-11-18 11:30:14 - [MESSAGE][INFO] - Finding Test Object 'Object Repository/Filtreler/Basliklar'

2021-11-18 11:30:14 - [MESSAGE][INFO] - Finding Test Object 'Object Repository/Filtreler/Basliga_Gore_Textbox'

2021-11-18 11:30:14 - [MESSAGE][INFO] - Checking timeout

2021-11-18 11:30:14 - [MESSAGE][INFO] - Finding web element with id: 'Object Repository/Filtreler/Basliklar' located by 'By.cssSelector: .control-label.col-sm-4.paddingMarginRLC' in '10' second(s)

2021-11-18 11:30:14 - [MESSAGE][INFO] - Smart Wait Function is triggered

2021-11-18 11:30:15 - [MESSAGE][INFO] - Found 8 web elements with id: 'Object Repository/Filtreler/Basliklar' located by 'By.cssSelector: .control-label.col-sm-4.paddingMarginRLC' in '10' second(s)

2021-11-18 11:30:15 - [MESSAGE][INFO] - Smart Wait Function is triggered

2021-11-18 11:30:15 - [MESSAGE][PASSED] - Method.TextDegerineEsitElementinAltindakiTextboxtaYaz is PASSED

2021-11-18 11:30:15 - [MESSAGE][PASSED] - Call Test Case 'Test Cases/Filtreler/RaporNoYaz' successfully

2021-11-18 11:30:15 - [MESSAGE][INFO] - Checking called Test Case

2021-11-18 11:30:15 - [MESSAGE][INFO] - Starting to call Test Case 'Test Cases/Filtreler/ButonaTikla'

2021-11-18 11:30:15 - [TEST_CASE][PASSED] - Test Cases/Filtreler/ButonaTikla: Test Cases/Filtreler/ButonaTikla

2021-11-18 11:30:15 - [TEST_STEP][PASSED] - Method.TextDegerineEsitElementeTikla(findTestObject("Filtreler/Butonlar"), Filtre_Buton): Method.TextDegerineEsitElementeTikla is PASSED

2021-11-18 11:30:15 - [MESSAGE][INFO] - Finding Test Object 'Object Repository/Filtreler/Butonlar'

2021-11-18 11:30:15 - [MESSAGE][INFO] - Checking timeout

2021-11-18 11:30:15 - [MESSAGE][INFO] - Finding web element with id: 'Object Repository/Filtreler/Butonlar' located by 'By.cssSelector: .dxb>span' in '10' second(s)

2021-11-18 11:30:15 - [MESSAGE][INFO] - Smart Wait Function is triggered

2021-11-18 11:30:16 - [MESSAGE][INFO] - Found 2 web elements with id: 'Object Repository/Filtreler/Butonlar' located by 'By.cssSelector: .dxb>span' in '10' second(s)

2021-11-18 11:30:16 - [MESSAGE][PASSED] - Method.TextDegerineEsitElementeTikla is PASSED

2021-11-18 11:30:16 - [MESSAGE][PASSED] - Call Test Case 'Test Cases/Filtreler/ButonaTikla' successfully

2021-11-18 11:30:16 - [MESSAGE][INFO] - Checking called Test Case

2021-11-18 11:30:16 - [MESSAGE][INFO] - Starting to call Test Case 'Test Cases/Tablo/TablodaVeriVarMi'

2021-11-18 11:30:16 - [TEST_CASE][PASSED] - Test Cases/Tablo/TablodaVeriVarMi: Test Cases/Tablo/TablodaVeriVarMi

2021-11-18 11:30:16 - [TEST_STEP][PASSED] - verifyTextNotPresent("Görüntülenecek veri yok", true): Text 'Görüntülenecek veri yok' is not present on page using regular expression

2021-11-18 11:30:16 - [MESSAGE][INFO] - Checking text present  using regular expression

2021-11-18 11:30:16 - [MESSAGE][INFO] - Smart Wait Function is triggered

2021-11-18 11:30:16 - [MESSAGE][INFO] - Finding text 'Görüntülenecek veri yok' on page  using regular expression

2021-11-18 11:30:16 - [MESSAGE][PASSED] - Text 'Görüntülenecek veri yok' is not present on page using regular expression

2021-11-18 11:30:16 - [MESSAGE][PASSED] - Call Test Case 'Test Cases/Tablo/TablodaVeriVarMi' successfully

2021-11-18 11:30:16 - [MESSAGE][INFO] - Checking called Test Case

2021-11-18 11:30:16 - [MESSAGE][INFO] - Starting to call Test Case 'Test Cases/Kullanici_Islemleri/KullaniciIslemlerindenSecimYapilir'

2021-11-18 11:30:16 - [TEST_CASE][PASSED] - Test Cases/Kullanici_Islemleri/KullaniciIslemlerindenSecimYapilir: Test Cases/Kullanici_Islemleri/KullaniciIslemlerindenSecimYapilir

2021-11-18 11:30:17 - [TEST_STEP][PASSED] - waitForElementClickable(findTestObject("Object Repository/Kullanici_Islemleri/KullaniciIslemleri"), 10): Object 'Object Repository/Kullanici_Islemleri/KullaniciIslemleri' is clickable

2021-11-18 11:30:17 - [MESSAGE][INFO] - Finding Test Object 'Object Repository/Kullanici_Islemleri/KullaniciIslemleri'

2021-11-18 11:30:17 - [MESSAGE][INFO] - Checking object

2021-11-18 11:30:17 - [MESSAGE][INFO] - Checking timeout

2021-11-18 11:30:17 - [MESSAGE][INFO] - Finding web element from Test Object's properties

2021-11-18 11:30:17 - [MESSAGE][INFO] - Checking timeout

2021-11-18 11:30:17 - [MESSAGE][INFO] - Finding web element with id: 'Object Repository/Kullanici_Islemleri/KullaniciIslemleri' located by 'By.cssSelector: .dropdown>a>img' in '10' second(s)

2021-11-18 11:30:17 - [MESSAGE][INFO] - Smart Wait Function is triggered

2021-11-18 11:30:17 - [MESSAGE][INFO] - Found 1 web elements with id: 'Object Repository/Kullanici_Islemleri/KullaniciIslemleri' located by 'By.cssSelector: .dropdown>a>img' in '10' second(s)

2021-11-18 11:30:17 - [MESSAGE][PASSED] - Object 'Object Repository/Kullanici_Islemleri/KullaniciIslemleri' is clickable

2021-11-18 11:30:17 - [TEST_STEP][PASSED] - click(findTestObject("Object Repository/Kullanici_Islemleri/KullaniciIslemleri")): Object: 'Object Repository/Kullanici_Islemleri/KullaniciIslemleri' is clicked on

2021-11-18 11:30:17 - [MESSAGE][INFO] - Finding Test Object 'Object Repository/Kullanici_Islemleri/KullaniciIslemleri'

2021-11-18 11:30:18 - [MESSAGE][INFO] - Checking object

2021-11-18 11:30:18 - [MESSAGE][INFO] - Finding web element from Test Object's properties

2021-11-18 11:30:18 - [MESSAGE][INFO] - Checking timeout

2021-11-18 11:30:18 - [MESSAGE][INFO] - Finding web element with id: 'Object Repository/Kullanici_Islemleri/KullaniciIslemleri' located by 'By.cssSelector: .dropdown>a>img' in '30' second(s)

2021-11-18 11:30:18 - [MESSAGE][INFO] - Smart Wait Function is triggered

2021-11-18 11:30:18 - [MESSAGE][INFO] - Found 1 web elements with id: 'Object Repository/Kullanici_Islemleri/KullaniciIslemleri' located by 'By.cssSelector: .dropdown>a>img' in '30' second(s)

2021-11-18 11:30:18 - [MESSAGE][INFO] - Clicking on object: 'Object Repository/Kullanici_Islemleri/KullaniciIslemleri'

2021-11-18 11:30:18 - [MESSAGE][PASSED] - Object: 'Object Repository/Kullanici_Islemleri/KullaniciIslemleri' is clicked on

2021-11-18 11:30:18 - [TEST_STEP][PASSED] - Method.TextDegerineEsitElementeTikla(findTestObject("Object Repository/Kullanici_Islemleri/Secenekler"), Islem): Method.TextDegerineEsitElementeTikla is PASSED

2021-11-18 11:30:18 - [MESSAGE][INFO] - Finding Test Object 'Object Repository/Kullanici_Islemleri/Secenekler'

2021-11-18 11:30:18 - [MESSAGE][INFO] - Checking timeout

2021-11-18 11:30:18 - [MESSAGE][INFO] - Finding web element with id: 'Object Repository/Kullanici_Islemleri/Secenekler' located by 'By.cssSelector: .nav.navbar-nav.navbar-right li a' in '10' second(s)

2021-11-18 11:30:18 - [MESSAGE][INFO] - Smart Wait Function is triggered

2021-11-18 11:30:18 - [MESSAGE][INFO] - Found 22 web elements with id: 'Object Repository/Kullanici_Islemleri/Secenekler' located by 'By.cssSelector: .nav.navbar-nav.navbar-right li a' in '10' second(s)

2021-11-18 11:30:20 - [MESSAGE][PASSED] - Method.TextDegerineEsitElementeTikla is PASSED

2021-11-18 11:30:20 - [TEST_STEP][PASSED] - verifyElementNotPresent(findTestObject("Object Repository/Kullanici_Islemleri/Secenekler"), 10): Web element with id: 'Object Repository/Kullanici_Islemleri/Secenekler' located by 'By.cssSelector: .nav.navbar-nav.navbar-right li a' is not present after '10' second(s)

2021-11-18 11:30:20 - [MESSAGE][INFO] - Finding Test Object 'Object Repository/Kullanici_Islemleri/Secenekler'

2021-11-18 11:30:20 - [MESSAGE][INFO] - Checking object

2021-11-18 11:30:20 - [MESSAGE][INFO] - Checking timeout

2021-11-18 11:30:20 - [MESSAGE][INFO] - Finding web element with id: 'Object Repository/Kullanici_Islemleri/Secenekler' located by 'By.cssSelector: .nav.navbar-nav.navbar-right li a' in '10' second(s)

2021-11-18 11:30:20 - [MESSAGE][INFO] - Smart Wait Function is triggered

2021-11-18 11:30:20 - [MESSAGE][PASSED] - Web element with id: 'Object Repository/Kullanici_Islemleri/Secenekler' located by 'By.cssSelector: .nav.navbar-nav.navbar-right li a' is not present after '10' second(s)

2021-11-18 11:30:20 - [MESSAGE][PASSED] - Call Test Case 'Test Cases/Kullanici_Islemleri/KullaniciIslemlerindenSecimYapilir' successfully

2021-11-18 11:30:20 - [TEST_CASE][PASSED] - Start Test Case : SCENARIO Faturayi excele aktarma: SCENARIO Faturayi excele aktarma

2021-11-18 11:30:20 - [TEST_STEP][PASSED] - Kullanıcı adı ELOGO6 ve Şifre 123456 olarak giriş yapılır: Kullanıcı adı ELOGO6 ve Şifre 123456 olarak giriş yapılır

2021-11-18 11:30:20 - [MESSAGE][PASSED] - Kullanıcı adı ELOGO6 ve Şifre 123456 olarak giriş yapılır

2021-11-18 11:30:20 - [TEST_STEP][PASSED] - Ana menüden e-Fatura seçilir: Ana menüden e-Fatura seçilir

2021-11-18 11:30:20 - [MESSAGE][PASSED] - Ana menüden e-Fatura seçilir

2021-11-18 11:30:20 - [TEST_STEP][PASSED] - Alt menü Gelen Kutusu başlığı altındaki Faturalar seçilir: Alt menü Gelen Kutusu başlığı altındaki Faturalar seçilir

2021-11-18 11:30:20 - [MESSAGE][PASSED] - Alt menü Gelen Kutusu başlığı altındaki Faturalar seçilir

2021-11-18 11:30:20 - [TEST_STEP][PASSED] - Filtrelerden Oluşturma Tarihi filtresine 01.12.2020 baslangic degerini yaz: Filtrelerden Oluşturma Tarihi filtresine 01.12.2020 baslangic degerini yaz

2021-11-18 11:30:20 - [MESSAGE][PASSED] - Filtrelerden Oluşturma Tarihi filtresine 01.12.2020 baslangic degerini yaz

2021-11-18 11:30:20 - [TEST_STEP][PASSED] - Filtrelerden Oluşturma Tarihi filtresine 31.12.2020 bitis degerini yaz: Filtrelerden Oluşturma Tarihi filtresine 31.12.2020 bitis degerini yaz

2021-11-18 11:30:20 - [MESSAGE][PASSED] - Filtrelerden Oluşturma Tarihi filtresine 31.12.2020 bitis degerini yaz

2021-11-18 11:30:20 - [TEST_STEP][PASSED] - Filtrelerden Gönderici Ünvanı filtresine E LOGO 6 textini yaz: Filtrelerden Gönderici Ünvanı filtresine E LOGO 6 textini yaz

2021-11-18 11:30:20 - [MESSAGE][PASSED] - Filtrelerden Gönderici Ünvanı filtresine E LOGO 6 textini yaz

2021-11-18 11:30:20 - [TEST_STEP][PASSED] - Filtre butonlarından Listele seçilir: Filtre butonlarından Listele seçilir

2021-11-18 11:30:20 - [MESSAGE][PASSED] - Filtre butonlarından Listele seçilir

2021-11-18 11:30:20 - [TEST_STEP][PASSED] - Tabloda veri var mı kontrol edilir: Tabloda veri var mı kontrol edilir

2021-11-18 11:30:20 - [MESSAGE][PASSED] - Tabloda veri var mı kontrol edilir

2021-11-18 11:30:20 - [TEST_STEP][PASSED] - Tablodan E LOGO 6 isimli veri seçilir: Tablodan E LOGO 6 isimli veri seçilir

2021-11-18 11:30:20 - [MESSAGE][PASSED] - Tablodan E LOGO 6 isimli veri seçilir

2021-11-18 11:30:20 - [TEST_STEP][PASSED] - Butonlardan Excel isimli butona tıklanır: Butonlardan Excel isimli butona tıklanır

2021-11-18 11:30:20 - [MESSAGE][PASSED] - Butonlardan Excel isimli butona tıklanır

2021-11-18 11:30:20 - [TEST_STEP][PASSED] - Alt butonlardan Excel'e Aktar butonuna tıklanır: Alt butonlardan Excel'e Aktar butonuna tıklanır

2021-11-18 11:30:20 - [MESSAGE][PASSED] - Alt butonlardan Excel'e Aktar butonuna tıklanır

2021-11-18 11:30:20 - [TEST_STEP][PASSED] - Popup mesajı Lütfen rapor bildiriminin gönderileceği e-posta adresini belirtiniz. içeriyor mu: Popup mesajı Lütfen rapor bildiriminin gönderileceği e-posta adresini belirtiniz. içeriyor mu

2021-11-18 11:30:20 - [MESSAGE][PASSED] - Popup mesajı Lütfen rapor bildiriminin gönderileceği e-posta adresini belirtiniz. içeriyor mu

2021-11-18 11:30:20 - [TEST_STEP][PASSED] - Popup email elogotest@gmail.com;ali.kara@logo.com.tr olarak girilir: Popup email elogotest@gmail.com;ali.kara@logo.com.tr olarak girilir

2021-11-18 11:30:20 - [MESSAGE][PASSED] - Popup email elogotest@gmail.com;ali.kara@logo.com.tr olarak girilir

2021-11-18 11:30:20 - [TEST_STEP][PASSED] - Yönetim popupında Gönder seçilir: Yönetim popupında Gönder seçilir

2021-11-18 11:30:20 - [MESSAGE][PASSED] - Yönetim popupında Gönder seçilir

2021-11-18 11:30:20 - [TEST_STEP][PASSED] - Popup mesajı talebiniz işleme alınmıştır içeriyor mu: Popup mesajı talebiniz işleme alınmıştır içeriyor mu

2021-11-18 11:30:20 - [MESSAGE][PASSED] - Popup mesajı talebiniz işleme alınmıştır içeriyor mu

2021-11-18 11:30:20 - [TEST_STEP][PASSED] - Yönetim popupında Tamam seçilir: Yönetim popupında Tamam seçilir

2021-11-18 11:30:20 - [MESSAGE][PASSED] - Yönetim popupında Tamam seçilir

2021-11-18 11:30:20 - [TEST_STEP][PASSED] - Butonlardan Excel isimli butona tıklanır: Butonlardan Excel isimli butona tıklanır

2021-11-18 11:30:20 - [MESSAGE][PASSED] - Butonlardan Excel isimli butona tıklanır

2021-11-18 11:30:20 - [TEST_STEP][PASSED] - Alt butonlardan Tümünü Excel'e Aktar butonuna tıklanır: Alt butonlardan Tümünü Excel'e Aktar butonuna tıklanır

2021-11-18 11:30:20 - [MESSAGE][PASSED] - Alt butonlardan Tümünü Excel'e Aktar butonuna tıklanır

2021-11-18 11:30:20 - [TEST_STEP][PASSED] - Popup mesajı Lütfen rapor bildiriminin gönderileceği e-posta adresini belirtiniz. içeriyor mu: Popup mesajı Lütfen rapor bildiriminin gönderileceği e-posta adresini belirtiniz. içeriyor mu

2021-11-18 11:30:20 - [MESSAGE][PASSED] - Popup mesajı Lütfen rapor bildiriminin gönderileceği e-posta adresini belirtiniz. içeriyor mu

2021-11-18 11:30:20 - [TEST_STEP][PASSED] - Popup email elogotest@gmail.com;ali.kara@logo.com.tr olarak girilir: Popup email elogotest@gmail.com;ali.kara@logo.com.tr olarak girilir

2021-11-18 11:30:20 - [MESSAGE][PASSED] - Popup email elogotest@gmail.com;ali.kara@logo.com.tr olarak girilir

2021-11-18 11:30:20 - [TEST_STEP][PASSED] - Yönetim popupında Gönder seçilir: Yönetim popupında Gönder seçilir

2021-11-18 11:30:20 - [MESSAGE][PASSED] - Yönetim popupında Gönder seçilir

2021-11-18 11:30:20 - [TEST_STEP][PASSED] - Popup mesajı talebiniz işleme alınmıştır içeriyor mu: Popup mesajı talebiniz işleme alınmıştır içeriyor mu

2021-11-18 11:30:20 - [MESSAGE][PASSED] - Popup mesajı talebiniz işleme alınmıştır içeriyor mu

2021-11-18 11:30:20 - [TEST_STEP][PASSED] - Yönetim popupında Tamam seçilir: Yönetim popupında Tamam seçilir

2021-11-18 11:30:20 - [MESSAGE][PASSED] - Yönetim popupında Tamam seçilir

2021-11-18 11:30:20 - [TEST_STEP][PASSED] - Ana menüden Raporlar seçilir: Ana menüden Raporlar seçilir

2021-11-18 11:30:20 - [MESSAGE][PASSED] - Ana menüden Raporlar seçilir

2021-11-18 11:30:20 - [TEST_STEP][PASSED] - Alt menüden Toplu Veri İndirme seçilir: Alt menüden Toplu Veri İndirme seçilir

2021-11-18 11:30:20 - [MESSAGE][PASSED] - Alt menüden Toplu Veri İndirme seçilir

2021-11-18 11:30:20 - [TEST_STEP][PASSED] - Filtrelerden Talep No filtresine Rapor No bilgisi yaz: Filtrelerden Talep No filtresine Rapor No bilgisi yaz

2021-11-18 11:30:20 - [MESSAGE][PASSED] - Filtrelerden Talep No filtresine Rapor No bilgisi yaz

2021-11-18 11:30:20 - [TEST_STEP][PASSED] - Filtre butonlarından Listele seçilir: Filtre butonlarından Listele seçilir

2021-11-18 11:30:20 - [MESSAGE][PASSED] - Filtre butonlarından Listele seçilir

2021-11-18 11:30:20 - [TEST_STEP][PASSED] - Tabloda veri var mı kontrol edilir: Tabloda veri var mı kontrol edilir

2021-11-18 11:30:20 - [MESSAGE][PASSED] - Tabloda veri var mı kontrol edilir

2021-11-18 11:30:20 - [TEST_STEP][PASSED] - Kullanıcı işlemlerinden Çıkış seçilir: Kullanıcı işlemlerinden Çıkış seçilir

2021-11-18 11:30:20 - [MESSAGE][PASSED] - Kullanıcı işlemlerinden Çıkış seçilir

2021-11-18 11:30:21 - [MESSAGE][PASSED] - Feature file: 'Include/features/e-Fatura/Gelen Kutusu/Faturalar/Excele Aktar.feature' was passed

2021-11-18 11:30:21 - [TEST_STEP][PASSED] - Start listener action : sampleAfterTestSuite: Invoke 'com.kms.katalon.core.annotation.AfterTestCase' method: 'Listener.sampleAfterTestSuite(...)' completed.

2021-11-18 11:30:21 - [MESSAGE][INFO] - Starting invoke 'com.kms.katalon.core.annotation.AfterTestCase' method: 'Listener.sampleAfterTestSuite(...)'

2021-11-18 11:30:21 - [TEST_STEP][PASSED] - closeBrowser(): Invoke 'com.kms.katalon.core.annotation.AfterTestCase' method: 'Listener.sampleAfterTestSuite(...)' completed.

2021-11-18 11:30:21 - [MESSAGE][INFO] - Closing browser

2021-11-18 11:30:21 - [MESSAGE][PASSED] - Browser is closed

2021-11-18 11:30:21 - [MESSAGE][INFO] - Invoke 'com.kms.katalon.core.annotation.AfterTestCase' method: 'Listener.sampleAfterTestSuite(...)' completed.]]></system-out>
         <system-err><![CDATA[]]></system-err>
      </testcase>
      <testcase name="Test Cases/Case Repository/e-Fatura/Gelen Kutusu/Faturalar/Toplu Indirme" time="67.867" classname="Test Cases/Case Repository/e-Fatura/Gelen Kutusu/Faturalar/Toplu Indirme" status="PASSED">
         <system-out><![CDATA[2021-11-18 11:30:21 - [TEST_CASE][PASSED] - Test Cases/Case Repository/e-Fatura/Gelen Kutusu/Faturalar/Toplu Indirme: Test Cases/Case Repository/e-Fatura/Gelen Kutusu/Faturalar/Toplu Indirme

2021-11-18 11:30:21 - [TEST_STEP][PASSED] - Start listener action : sampleBeforeTestSuite: Invoke 'com.kms.katalon.core.annotation.BeforeTestCase' method: 'Listener.sampleBeforeTestSuite(...)' completed.

2021-11-18 11:30:21 - [MESSAGE][INFO] - Starting invoke 'com.kms.katalon.core.annotation.BeforeTestCase' method: 'Listener.sampleBeforeTestSuite(...)'

2021-11-18 11:30:21 - [TEST_STEP][PASSED] - openBrowser(baseUrl): Browser is opened with url: 'https://efatura-stage.elogo.com.tr/'

2021-11-18 11:30:21 - [MESSAGE][INFO] - Opening browser

2021-11-18 11:30:21 - [MESSAGE][INFO] - Starting 'Chrome' driver

2021-11-18 11:30:21 - [MESSAGE][INFO] - User set preference: ['prefs', '{download.default_directory=C:\otomasyondownfiles}']

2021-11-18 11:30:21 - [MESSAGE][INFO] - Action delay is set to 0 milliseconds

2021-11-18 11:30:23 - [MESSAGE][INFO] - Navigating browser to: 'https://efatura-stage.elogo.com.tr/'

2021-11-18 11:30:25 - [MESSAGE][PASSED] - Browser is opened with url: 'https://efatura-stage.elogo.com.tr/'

2021-11-18 11:30:25 - [TEST_STEP][PASSED] - maximizeWindow(): Invoke 'com.kms.katalon.core.annotation.BeforeTestCase' method: 'Listener.sampleBeforeTestSuite(...)' completed.

2021-11-18 11:30:25 - [MESSAGE][INFO] - Maximizing current window

2021-11-18 11:30:25 - [MESSAGE][PASSED] - Current window maximized

2021-11-18 11:30:25 - [MESSAGE][INFO] - Invoke 'com.kms.katalon.core.annotation.BeforeTestCase' method: 'Listener.sampleBeforeTestSuite(...)' completed.

2021-11-18 11:30:26 - [TEST_STEP][PASSED] - runFeatureFile("Include/features/e-Fatura/Gelen Kutusu/Faturalar/Toplu Indirme.feature"): Feature file: 'Include/features/e-Fatura/Gelen Kutusu/Faturalar/Toplu Indirme.feature' was passed

2021-11-18 11:30:26 - [MESSAGE][INFO] - Starting run keyword runFeatureFile: 'Include/features/e-Fatura/Gelen Kutusu/Faturalar/Toplu Indirme.feature' and extract report to folder: 'C:\Users\DELL\Documents\GitHub\EES_KatalonLogo\Reports\20211118_110909\Suite Repository\ExceleAktarVeTopluIndirme\20211118_110948/cucumber_report/1637224226510'...

2021-11-18 11:30:26 - [MESSAGE][INFO] - Glue: []

2021-11-18 11:30:28 - [MESSAGE][INFO] - Checking called Test Case

2021-11-18 11:30:28 - [MESSAGE][INFO] - Starting to call Test Case 'Test Cases/Sayfalar/Giris_Sayfasi/Login'

2021-11-18 11:30:28 - [TEST_CASE][PASSED] - Test Cases/Sayfalar/Giris_Sayfasi/Login: Test Cases/Sayfalar/Giris_Sayfasi/Login

2021-11-18 11:30:28 - [TEST_STEP][PASSED] - Sayfa_Basligi = getWindowTitle(): Current window's title is: 'LOGO e-Fatura'

2021-11-18 11:30:28 - [MESSAGE][INFO] - Getting current window's title

2021-11-18 11:30:28 - [MESSAGE][PASSED] - Current window's title is: 'LOGO e-Fatura'

2021-11-18 11:30:28 - [TEST_STEP][PASSED] - verifyMatch(Sayfa_Basligi, "LOGO e-Fatura", false): Actual text 'LOGO e-Fatura' and expected text 'LOGO e-Fatura' are matched 

2021-11-18 11:30:28 - [MESSAGE][INFO] - Matching actual text 'LOGO e-Fatura' with expected text 'LOGO e-Fatura'

2021-11-18 11:30:28 - [MESSAGE][PASSED] - Actual text 'LOGO e-Fatura' and expected text 'LOGO e-Fatura' are matched 

2021-11-18 11:30:28 - [TEST_STEP][PASSED] - sendKeys(findTestObject("Sayfalar/Giris_Sayfasi/Firma_Kodu"), KullaniciAdi): Keys 'ELOGO6' sent to object: 'Object Repository/Sayfalar/Giris_Sayfasi/Firma_Kodu'

2021-11-18 11:30:28 - [MESSAGE][INFO] - Finding Test Object 'Object Repository/Sayfalar/Giris_Sayfasi/Firma_Kodu'

2021-11-18 11:30:28 - [MESSAGE][INFO] - Sending keys 'ELOGO6' to object: 'Object Repository/Sayfalar/Giris_Sayfasi/Firma_Kodu'

2021-11-18 11:30:28 - [MESSAGE][INFO] - Finding web element from Test Object's properties

2021-11-18 11:30:28 - [MESSAGE][INFO] - Checking timeout

2021-11-18 11:30:28 - [MESSAGE][INFO] - Finding web element with id: 'Object Repository/Sayfalar/Giris_Sayfasi/Firma_Kodu' located by 'By.xpath: //*[@id = 'AccountName']' in '30' second(s)

2021-11-18 11:30:28 - [MESSAGE][INFO] - Smart Wait Function is triggered

2021-11-18 11:30:28 - [MESSAGE][INFO] - Found 1 web elements with id: 'Object Repository/Sayfalar/Giris_Sayfasi/Firma_Kodu' located by 'By.xpath: //*[@id = 'AccountName']' in '30' second(s)

2021-11-18 11:30:28 - [MESSAGE][PASSED] - Keys 'ELOGO6' sent to object: 'Object Repository/Sayfalar/Giris_Sayfasi/Firma_Kodu'

2021-11-18 11:30:28 - [TEST_STEP][PASSED] - sendKeys(findTestObject("Sayfalar/Giris_Sayfasi/Sifre"), Sifre): Keys '123456' sent to object: 'Object Repository/Sayfalar/Giris_Sayfasi/Sifre'

2021-11-18 11:30:28 - [MESSAGE][INFO] - Finding Test Object 'Object Repository/Sayfalar/Giris_Sayfasi/Sifre'

2021-11-18 11:30:29 - [MESSAGE][INFO] - Sending keys '123456' to object: 'Object Repository/Sayfalar/Giris_Sayfasi/Sifre'

2021-11-18 11:30:29 - [MESSAGE][INFO] - Finding web element from Test Object's properties

2021-11-18 11:30:29 - [MESSAGE][INFO] - Checking timeout

2021-11-18 11:30:29 - [MESSAGE][INFO] - Finding web element with id: 'Object Repository/Sayfalar/Giris_Sayfasi/Sifre' located by 'By.xpath: //*[@id = 'Password']' in '30' second(s)

2021-11-18 11:30:29 - [MESSAGE][INFO] - Smart Wait Function is triggered

2021-11-18 11:30:29 - [MESSAGE][INFO] - Found 1 web elements with id: 'Object Repository/Sayfalar/Giris_Sayfasi/Sifre' located by 'By.xpath: //*[@id = 'Password']' in '30' second(s)

2021-11-18 11:30:29 - [MESSAGE][PASSED] - Keys '123456' sent to object: 'Object Repository/Sayfalar/Giris_Sayfasi/Sifre'

2021-11-18 11:30:29 - [TEST_STEP][PASSED] - findWebElement(findTestObject("Sayfalar/Giris_Sayfasi/Giris_Butonu")).click(): Found 1 web elements with id: 'Object Repository/Sayfalar/Giris_Sayfasi/Giris_Butonu' located by 'By.cssSelector: #btnLogin' in '30' second(s)

2021-11-18 11:30:29 - [MESSAGE][INFO] - Finding Test Object 'Object Repository/Sayfalar/Giris_Sayfasi/Giris_Butonu'

2021-11-18 11:30:29 - [MESSAGE][INFO] - Finding web element from Test Object's properties

2021-11-18 11:30:29 - [MESSAGE][INFO] - Checking timeout

2021-11-18 11:30:29 - [MESSAGE][INFO] - Finding web element with id: 'Object Repository/Sayfalar/Giris_Sayfasi/Giris_Butonu' located by 'By.cssSelector: #btnLogin' in '30' second(s)

2021-11-18 11:30:29 - [MESSAGE][INFO] - Smart Wait Function is triggered

2021-11-18 11:30:29 - [MESSAGE][INFO] - Found 1 web elements with id: 'Object Repository/Sayfalar/Giris_Sayfasi/Giris_Butonu' located by 'By.cssSelector: #btnLogin' in '30' second(s)

2021-11-18 11:30:32 - [TEST_STEP][PASSED] - if (verifyElementPresent(findTestObject("Object Repository/Sayfalar/Giris_Sayfasi/RetveTamam_Butonu"), 5, OPTIONAL)): null

2021-11-18 11:30:32 - [MESSAGE][INFO] - Finding Test Object 'Object Repository/Sayfalar/Giris_Sayfasi/RetveTamam_Butonu'

2021-11-18 11:30:32 - [MESSAGE][INFO] - Checking object

2021-11-18 11:30:32 - [MESSAGE][INFO] - Finding web element from Test Object's properties

2021-11-18 11:30:32 - [MESSAGE][INFO] - Checking timeout

2021-11-18 11:30:32 - [MESSAGE][INFO] - Finding web element with id: 'Object Repository/Sayfalar/Giris_Sayfasi/RetveTamam_Butonu' located by 'By.xpath: //*[@class = 'btn btn-default']' in '5' second(s)

2021-11-18 11:30:32 - [MESSAGE][INFO] - Smart Wait Function is triggered

2021-11-18 11:30:32 - [MESSAGE][INFO] - Found 1 web elements with id: 'Object Repository/Sayfalar/Giris_Sayfasi/RetveTamam_Butonu' located by 'By.xpath: //*[@class = 'btn btn-default']' in '5' second(s)

2021-11-18 11:30:32 - [MESSAGE][PASSED] - Object 'Object Repository/Sayfalar/Giris_Sayfasi/RetveTamam_Butonu' is present

2021-11-18 11:30:32 - [TEST_STEP][PASSED] - click(findTestObject("Object Repository/Sayfalar/Giris_Sayfasi/RetveTamam_Butonu")): Object: 'Object Repository/Sayfalar/Giris_Sayfasi/RetveTamam_Butonu' is clicked on

2021-11-18 11:30:32 - [MESSAGE][INFO] - Finding Test Object 'Object Repository/Sayfalar/Giris_Sayfasi/RetveTamam_Butonu'

2021-11-18 11:30:32 - [MESSAGE][INFO] - Checking object

2021-11-18 11:30:32 - [MESSAGE][INFO] - Finding web element from Test Object's properties

2021-11-18 11:30:32 - [MESSAGE][INFO] - Checking timeout

2021-11-18 11:30:32 - [MESSAGE][INFO] - Finding web element with id: 'Object Repository/Sayfalar/Giris_Sayfasi/RetveTamam_Butonu' located by 'By.xpath: //*[@class = 'btn btn-default']' in '30' second(s)

2021-11-18 11:30:32 - [MESSAGE][INFO] - Smart Wait Function is triggered

2021-11-18 11:30:33 - [MESSAGE][INFO] - Found 1 web elements with id: 'Object Repository/Sayfalar/Giris_Sayfasi/RetveTamam_Butonu' located by 'By.xpath: //*[@class = 'btn btn-default']' in '30' second(s)

2021-11-18 11:30:33 - [MESSAGE][INFO] - Clicking on object: 'Object Repository/Sayfalar/Giris_Sayfasi/RetveTamam_Butonu'

2021-11-18 11:30:33 - [MESSAGE][PASSED] - Object: 'Object Repository/Sayfalar/Giris_Sayfasi/RetveTamam_Butonu' is clicked on

2021-11-18 11:30:33 - [TEST_STEP][PASSED] - click(findTestObject("Object Repository/Sayfalar/Giris_Sayfasi/RetveTamam_Butonu")): Object: 'Object Repository/Sayfalar/Giris_Sayfasi/RetveTamam_Butonu' is clicked on

2021-11-18 11:30:33 - [MESSAGE][INFO] - Finding Test Object 'Object Repository/Sayfalar/Giris_Sayfasi/RetveTamam_Butonu'

2021-11-18 11:30:33 - [MESSAGE][INFO] - Checking object

2021-11-18 11:30:33 - [MESSAGE][INFO] - Finding web element from Test Object's properties

2021-11-18 11:30:33 - [MESSAGE][INFO] - Checking timeout

2021-11-18 11:30:33 - [MESSAGE][INFO] - Finding web element with id: 'Object Repository/Sayfalar/Giris_Sayfasi/RetveTamam_Butonu' located by 'By.xpath: //*[@class = 'btn btn-default']' in '30' second(s)

2021-11-18 11:30:33 - [MESSAGE][INFO] - Smart Wait Function is triggered

2021-11-18 11:30:37 - [MESSAGE][INFO] - Found 1 web elements with id: 'Object Repository/Sayfalar/Giris_Sayfasi/RetveTamam_Butonu' located by 'By.xpath: //*[@class = 'btn btn-default']' in '30' second(s)

2021-11-18 11:30:37 - [MESSAGE][INFO] - Clicking on object: 'Object Repository/Sayfalar/Giris_Sayfasi/RetveTamam_Butonu'

2021-11-18 11:30:37 - [MESSAGE][PASSED] - Object: 'Object Repository/Sayfalar/Giris_Sayfasi/RetveTamam_Butonu' is clicked on

2021-11-18 11:30:37 - [TEST_STEP][PASSED] - if (verifyElementPresent(findTestObject("Sayfalar/Giris_Sayfasi/PopupOK"), 5, OPTIONAL)): null

2021-11-18 11:30:37 - [MESSAGE][INFO] - Finding Test Object 'Object Repository/Sayfalar/Giris_Sayfasi/PopupOK'

2021-11-18 11:30:37 - [MESSAGE][INFO] - Checking object

2021-11-18 11:30:37 - [MESSAGE][INFO] - Finding web element from Test Object's properties

2021-11-18 11:30:37 - [MESSAGE][INFO] - Checking timeout

2021-11-18 11:30:37 - [MESSAGE][INFO] - Finding web element with id: 'Object Repository/Sayfalar/Giris_Sayfasi/PopupOK' located by 'By.cssSelector: .btn.btn-success' in '5' second(s)

2021-11-18 11:30:37 - [MESSAGE][INFO] - Smart Wait Function is triggered

2021-11-18 11:30:38 - [MESSAGE][INFO] - Found 1 web elements with id: 'Object Repository/Sayfalar/Giris_Sayfasi/PopupOK' located by 'By.cssSelector: .btn.btn-success' in '5' second(s)

2021-11-18 11:30:38 - [MESSAGE][PASSED] - Object 'Object Repository/Sayfalar/Giris_Sayfasi/PopupOK' is present

2021-11-18 11:30:38 - [TEST_STEP][PASSED] - click(findTestObject("Object Repository/Sayfalar/Giris_Sayfasi/PopupCarpiGiris")): Object: 'Object Repository/Sayfalar/Giris_Sayfasi/PopupCarpiGiris' is clicked on

2021-11-18 11:30:38 - [MESSAGE][INFO] - Finding Test Object 'Object Repository/Sayfalar/Giris_Sayfasi/PopupCarpiGiris'

2021-11-18 11:30:38 - [MESSAGE][INFO] - Checking object

2021-11-18 11:30:38 - [MESSAGE][INFO] - Finding web element from Test Object's properties

2021-11-18 11:30:38 - [MESSAGE][INFO] - Checking timeout

2021-11-18 11:30:38 - [MESSAGE][INFO] - Finding web element with id: 'Object Repository/Sayfalar/Giris_Sayfasi/PopupCarpiGiris' located by 'By.cssSelector: .bootbox-close-button.close' in '30' second(s)

2021-11-18 11:30:38 - [MESSAGE][INFO] - Smart Wait Function is triggered

2021-11-18 11:30:38 - [MESSAGE][INFO] - Found 1 web elements with id: 'Object Repository/Sayfalar/Giris_Sayfasi/PopupCarpiGiris' located by 'By.cssSelector: .bootbox-close-button.close' in '30' second(s)

2021-11-18 11:30:38 - [MESSAGE][INFO] - Clicking on object: 'Object Repository/Sayfalar/Giris_Sayfasi/PopupCarpiGiris'

2021-11-18 11:30:38 - [MESSAGE][PASSED] - Object: 'Object Repository/Sayfalar/Giris_Sayfasi/PopupCarpiGiris' is clicked on

2021-11-18 11:30:38 - [TEST_STEP][PASSED] - verifyElementVisible(findTestObject("Object Repository/Kullanici_Islemleri/KullaniciIslemleri")): Object 'Object Repository/Kullanici_Islemleri/KullaniciIslemleri' is visible

2021-11-18 11:30:38 - [MESSAGE][INFO] - Finding Test Object 'Object Repository/Kullanici_Islemleri/KullaniciIslemleri'

2021-11-18 11:30:38 - [MESSAGE][INFO] - Checking object

2021-11-18 11:30:38 - [MESSAGE][INFO] - Finding web element from Test Object's properties

2021-11-18 11:30:38 - [MESSAGE][INFO] - Checking timeout

2021-11-18 11:30:38 - [MESSAGE][INFO] - Finding web element with id: 'Object Repository/Kullanici_Islemleri/KullaniciIslemleri' located by 'By.cssSelector: .dropdown>a>img' in '30' second(s)

2021-11-18 11:30:38 - [MESSAGE][INFO] - Smart Wait Function is triggered

2021-11-18 11:30:39 - [MESSAGE][INFO] - Found 1 web elements with id: 'Object Repository/Kullanici_Islemleri/KullaniciIslemleri' located by 'By.cssSelector: .dropdown>a>img' in '30' second(s)

2021-11-18 11:30:39 - [MESSAGE][PASSED] - Object 'Object Repository/Kullanici_Islemleri/KullaniciIslemleri' is visible

2021-11-18 11:30:39 - [MESSAGE][PASSED] - Call Test Case 'Test Cases/Sayfalar/Giris_Sayfasi/Login' successfully

2021-11-18 11:30:39 - [MESSAGE][INFO] - Checking called Test Case

2021-11-18 11:30:39 - [MESSAGE][INFO] - Starting to call Test Case 'Test Cases/Menu/AnaMenuSecimi'

2021-11-18 11:30:39 - [TEST_CASE][PASSED] - Test Cases/Menu/AnaMenuSecimi: Test Cases/Menu/AnaMenuSecimi

2021-11-18 11:30:39 - [TEST_STEP][PASSED] - Method.TextDegerineEsitElementeTikla(findTestObject("Menu/Ana_Menu"), Ana_Menu): Method.TextDegerineEsitElementeTikla is PASSED

2021-11-18 11:30:39 - [MESSAGE][INFO] - Finding Test Object 'Object Repository/Menu/Ana_Menu'

2021-11-18 11:30:39 - [MESSAGE][INFO] - Checking timeout

2021-11-18 11:30:39 - [MESSAGE][INFO] - Finding web element with id: 'Object Repository/Menu/Ana_Menu' located by 'By.xpath: //*[@class = 'dropdown-toggle']' in '10' second(s)

2021-11-18 11:30:39 - [MESSAGE][INFO] - Smart Wait Function is triggered

2021-11-18 11:30:39 - [MESSAGE][INFO] - Found 14 web elements with id: 'Object Repository/Menu/Ana_Menu' located by 'By.xpath: //*[@class = 'dropdown-toggle']' in '10' second(s)

2021-11-18 11:30:39 - [MESSAGE][PASSED] - Method.TextDegerineEsitElementeTikla is PASSED

2021-11-18 11:30:39 - [MESSAGE][PASSED] - Call Test Case 'Test Cases/Menu/AnaMenuSecimi' successfully

2021-11-18 11:30:39 - [MESSAGE][INFO] - Checking called Test Case

2021-11-18 11:30:39 - [MESSAGE][INFO] - Starting to call Test Case 'Test Cases/Menu/BasligaGoreAltMenuSecimi'

2021-11-18 11:30:40 - [TEST_CASE][PASSED] - Test Cases/Menu/BasligaGoreAltMenuSecimi: Test Cases/Menu/BasligaGoreAltMenuSecimi

2021-11-18 11:30:40 - [TEST_STEP][PASSED] - Method.TextDegerineEsitElementinAltindakiTextDegerineEsitOlanaTikla(findTestObject("Menu/Menu_Basligi"), findTestObject("Menu/Basliga_Gore_Alt_Menu"), Baslik, Alt_Menu): Method.TextDegerineEsitElementinAltindakiTextDegerineEsitOlanaTikla is PASSED

2021-11-18 11:30:40 - [MESSAGE][INFO] - Finding Test Object 'Object Repository/Menu/Menu_Basligi'

2021-11-18 11:30:40 - [MESSAGE][INFO] - Finding Test Object 'Object Repository/Menu/Basliga_Gore_Alt_Menu'

2021-11-18 11:30:40 - [MESSAGE][INFO] - Checking timeout

2021-11-18 11:30:40 - [MESSAGE][INFO] - Finding web element with id: 'Object Repository/Menu/Menu_Basligi' located by 'By.xpath: //li[@class='dropdown dropdown-large open']//li[@class='dropdown-header']' in '10' second(s)

2021-11-18 11:30:40 - [MESSAGE][INFO] - Smart Wait Function is triggered

2021-11-18 11:30:40 - [MESSAGE][INFO] - Found 3 web elements with id: 'Object Repository/Menu/Menu_Basligi' located by 'By.xpath: //li[@class='dropdown dropdown-large open']//li[@class='dropdown-header']' in '10' second(s)

2021-11-18 11:30:40 - [MESSAGE][INFO] - Smart Wait Function is triggered

2021-11-18 11:30:42 - [MESSAGE][PASSED] - Method.TextDegerineEsitElementinAltindakiTextDegerineEsitOlanaTikla is PASSED

2021-11-18 11:30:42 - [MESSAGE][PASSED] - Call Test Case 'Test Cases/Menu/BasligaGoreAltMenuSecimi' successfully

2021-11-18 11:30:42 - [MESSAGE][INFO] - Checking called Test Case

2021-11-18 11:30:42 - [MESSAGE][INFO] - Starting to call Test Case 'Test Cases/Filtreler/BaslangicYaz'

2021-11-18 11:30:42 - [TEST_CASE][PASSED] - Test Cases/Filtreler/BaslangicYaz: Test Cases/Filtreler/BaslangicYaz

2021-11-18 11:30:42 - [TEST_STEP][PASSED] - delay(3): Delayed 3 second(s)

2021-11-18 11:30:42 - [MESSAGE][INFO] - Delaying browser in 3 second(s)

2021-11-18 11:30:45 - [MESSAGE][PASSED] - Delayed 3 second(s)

2021-11-18 11:30:45 - [TEST_STEP][PASSED] - Method.TextDegerineEsitElementinAltindakineTikla(findTestObject("Filtreler/Basliklar"), findTestObject("Filtreler/Basliga_Gore_Baslangic_Image"), Filtre_Adi): Method.TextDegerineEsitElementinAltindakineTikla is PASSED

2021-11-18 11:30:45 - [MESSAGE][INFO] - Finding Test Object 'Object Repository/Filtreler/Basliklar'

2021-11-18 11:30:45 - [MESSAGE][INFO] - Finding Test Object 'Object Repository/Filtreler/Basliga_Gore_Baslangic_Image'

2021-11-18 11:30:45 - [MESSAGE][INFO] - Checking timeout

2021-11-18 11:30:45 - [MESSAGE][INFO] - Finding web element with id: 'Object Repository/Filtreler/Basliklar' located by 'By.cssSelector: .control-label.col-sm-4.paddingMarginRLC' in '10' second(s)

2021-11-18 11:30:45 - [MESSAGE][INFO] - Smart Wait Function is triggered

2021-11-18 11:30:46 - [MESSAGE][INFO] - Found 19 web elements with id: 'Object Repository/Filtreler/Basliklar' located by 'By.cssSelector: .control-label.col-sm-4.paddingMarginRLC' in '10' second(s)

2021-11-18 11:30:46 - [MESSAGE][INFO] - Smart Wait Function is triggered

2021-11-18 11:30:46 - [MESSAGE][PASSED] - Method.TextDegerineEsitElementinAltindakineTikla is PASSED

2021-11-18 11:30:46 - [TEST_STEP][PASSED] - Method.TextDegerineEsitElementinAltindakiTextboxtaYaz(findTestObject("Filtreler/Basliklar"), findTestObject("Filtreler/Basliga_Gore_Baslangic"), Filtre_Adi, Filtre_Degeri): Method.TextDegerineEsitElementinAltindakiTextboxtaYaz is PASSED

2021-11-18 11:30:46 - [MESSAGE][INFO] - Finding Test Object 'Object Repository/Filtreler/Basliklar'

2021-11-18 11:30:46 - [MESSAGE][INFO] - Finding Test Object 'Object Repository/Filtreler/Basliga_Gore_Baslangic'

2021-11-18 11:30:46 - [MESSAGE][INFO] - Checking timeout

2021-11-18 11:30:46 - [MESSAGE][INFO] - Finding web element with id: 'Object Repository/Filtreler/Basliklar' located by 'By.cssSelector: .control-label.col-sm-4.paddingMarginRLC' in '10' second(s)

2021-11-18 11:30:46 - [MESSAGE][INFO] - Smart Wait Function is triggered

2021-11-18 11:30:47 - [MESSAGE][INFO] - Found 19 web elements with id: 'Object Repository/Filtreler/Basliklar' located by 'By.cssSelector: .control-label.col-sm-4.paddingMarginRLC' in '10' second(s)

2021-11-18 11:30:47 - [MESSAGE][INFO] - Smart Wait Function is triggered

2021-11-18 11:30:47 - [MESSAGE][PASSED] - Method.TextDegerineEsitElementinAltindakiTextboxtaYaz is PASSED

2021-11-18 11:30:47 - [MESSAGE][PASSED] - Call Test Case 'Test Cases/Filtreler/BaslangicYaz' successfully

2021-11-18 11:30:47 - [MESSAGE][INFO] - Checking called Test Case

2021-11-18 11:30:47 - [MESSAGE][INFO] - Starting to call Test Case 'Test Cases/Filtreler/BitisYaz'

2021-11-18 11:30:47 - [TEST_CASE][PASSED] - Test Cases/Filtreler/BitisYaz: Test Cases/Filtreler/BitisYaz

2021-11-18 11:30:47 - [TEST_STEP][PASSED] - Method.TextDegerineEsitElementinAltindakineTikla(findTestObject("Filtreler/Basliklar"), findTestObject("Filtreler/Basliga_Gore_Bitis_Image"), Filtre_Adi): Method.TextDegerineEsitElementinAltindakineTikla is PASSED

2021-11-18 11:30:47 - [MESSAGE][INFO] - Finding Test Object 'Object Repository/Filtreler/Basliklar'

2021-11-18 11:30:47 - [MESSAGE][INFO] - Finding Test Object 'Object Repository/Filtreler/Basliga_Gore_Bitis_Image'

2021-11-18 11:30:47 - [MESSAGE][INFO] - Checking timeout

2021-11-18 11:30:47 - [MESSAGE][INFO] - Finding web element with id: 'Object Repository/Filtreler/Basliklar' located by 'By.cssSelector: .control-label.col-sm-4.paddingMarginRLC' in '10' second(s)

2021-11-18 11:30:47 - [MESSAGE][INFO] - Smart Wait Function is triggered

2021-11-18 11:30:48 - [MESSAGE][INFO] - Found 19 web elements with id: 'Object Repository/Filtreler/Basliklar' located by 'By.cssSelector: .control-label.col-sm-4.paddingMarginRLC' in '10' second(s)

2021-11-18 11:30:48 - [MESSAGE][INFO] - Smart Wait Function is triggered

2021-11-18 11:30:48 - [MESSAGE][PASSED] - Method.TextDegerineEsitElementinAltindakineTikla is PASSED

2021-11-18 11:30:48 - [TEST_STEP][PASSED] - Method.TextDegerineEsitElementinAltindakiTextboxtaYaz(findTestObject("Filtreler/Basliklar"), findTestObject("Object Repository/Filtreler/Basliga_Gore_Bitis"), Filtre_Adi, Filtre_Degeri): Method.TextDegerineEsitElementinAltindakiTextboxtaYaz is PASSED

2021-11-18 11:30:48 - [MESSAGE][INFO] - Finding Test Object 'Object Repository/Filtreler/Basliklar'

2021-11-18 11:30:48 - [MESSAGE][INFO] - Finding Test Object 'Object Repository/Filtreler/Basliga_Gore_Bitis'

2021-11-18 11:30:48 - [MESSAGE][INFO] - Checking timeout

2021-11-18 11:30:48 - [MESSAGE][INFO] - Finding web element with id: 'Object Repository/Filtreler/Basliklar' located by 'By.cssSelector: .control-label.col-sm-4.paddingMarginRLC' in '10' second(s)

2021-11-18 11:30:48 - [MESSAGE][INFO] - Smart Wait Function is triggered

2021-11-18 11:30:49 - [MESSAGE][INFO] - Found 19 web elements with id: 'Object Repository/Filtreler/Basliklar' located by 'By.cssSelector: .control-label.col-sm-4.paddingMarginRLC' in '10' second(s)

2021-11-18 11:30:49 - [MESSAGE][INFO] - Smart Wait Function is triggered

2021-11-18 11:30:49 - [MESSAGE][PASSED] - Method.TextDegerineEsitElementinAltindakiTextboxtaYaz is PASSED

2021-11-18 11:30:49 - [MESSAGE][PASSED] - Call Test Case 'Test Cases/Filtreler/BitisYaz' successfully

2021-11-18 11:30:49 - [MESSAGE][INFO] - Checking called Test Case

2021-11-18 11:30:49 - [MESSAGE][INFO] - Starting to call Test Case 'Test Cases/Filtreler/TexboxaYaz'

2021-11-18 11:30:49 - [TEST_CASE][PASSED] - Test Cases/Filtreler/TexboxaYaz: Test Cases/Filtreler/TexboxaYaz

2021-11-18 11:30:49 - [TEST_STEP][PASSED] - Method.TextDegerineEsitElementinAltindakiTextboxtaYaz(findTestObject("Filtreler/Basliklar"), findTestObject("Filtreler/Basliga_Gore_Textbox"), Filtre_Adi, Filtre_Degeri): Method.TextDegerineEsitElementinAltindakiTextboxtaYaz is PASSED

2021-11-18 11:30:49 - [MESSAGE][INFO] - Finding Test Object 'Object Repository/Filtreler/Basliklar'

2021-11-18 11:30:49 - [MESSAGE][INFO] - Finding Test Object 'Object Repository/Filtreler/Basliga_Gore_Textbox'

2021-11-18 11:30:49 - [MESSAGE][INFO] - Checking timeout

2021-11-18 11:30:49 - [MESSAGE][INFO] - Finding web element with id: 'Object Repository/Filtreler/Basliklar' located by 'By.cssSelector: .control-label.col-sm-4.paddingMarginRLC' in '10' second(s)

2021-11-18 11:30:49 - [MESSAGE][INFO] - Smart Wait Function is triggered

2021-11-18 11:30:50 - [MESSAGE][INFO] - Found 19 web elements with id: 'Object Repository/Filtreler/Basliklar' located by 'By.cssSelector: .control-label.col-sm-4.paddingMarginRLC' in '10' second(s)

2021-11-18 11:30:50 - [MESSAGE][INFO] - Smart Wait Function is triggered

2021-11-18 11:30:50 - [MESSAGE][PASSED] - Method.TextDegerineEsitElementinAltindakiTextboxtaYaz is PASSED

2021-11-18 11:30:50 - [MESSAGE][PASSED] - Call Test Case 'Test Cases/Filtreler/TexboxaYaz' successfully

2021-11-18 11:30:50 - [MESSAGE][INFO] - Checking called Test Case

2021-11-18 11:30:50 - [MESSAGE][INFO] - Starting to call Test Case 'Test Cases/Filtreler/ButonaTikla'

2021-11-18 11:30:51 - [TEST_CASE][PASSED] - Test Cases/Filtreler/ButonaTikla: Test Cases/Filtreler/ButonaTikla

2021-11-18 11:30:51 - [TEST_STEP][PASSED] - Method.TextDegerineEsitElementeTikla(findTestObject("Filtreler/Butonlar"), Filtre_Buton): Method.TextDegerineEsitElementeTikla is PASSED

2021-11-18 11:30:51 - [MESSAGE][INFO] - Finding Test Object 'Object Repository/Filtreler/Butonlar'

2021-11-18 11:30:51 - [MESSAGE][INFO] - Checking timeout

2021-11-18 11:30:51 - [MESSAGE][INFO] - Finding web element with id: 'Object Repository/Filtreler/Butonlar' located by 'By.cssSelector: .dxb>span' in '10' second(s)

2021-11-18 11:30:51 - [MESSAGE][INFO] - Smart Wait Function is triggered

2021-11-18 11:30:51 - [MESSAGE][INFO] - Found 3 web elements with id: 'Object Repository/Filtreler/Butonlar' located by 'By.cssSelector: .dxb>span' in '10' second(s)

2021-11-18 11:30:51 - [MESSAGE][PASSED] - Method.TextDegerineEsitElementeTikla is PASSED

2021-11-18 11:30:51 - [MESSAGE][PASSED] - Call Test Case 'Test Cases/Filtreler/ButonaTikla' successfully

2021-11-18 11:30:51 - [MESSAGE][INFO] - Checking called Test Case

2021-11-18 11:30:51 - [MESSAGE][INFO] - Starting to call Test Case 'Test Cases/Tablo/TablodaVeriVarMi'

2021-11-18 11:30:51 - [TEST_CASE][PASSED] - Test Cases/Tablo/TablodaVeriVarMi: Test Cases/Tablo/TablodaVeriVarMi

2021-11-18 11:30:51 - [TEST_STEP][PASSED] - verifyTextNotPresent("Görüntülenecek veri yok", true): Text 'Görüntülenecek veri yok' is not present on page using regular expression

2021-11-18 11:30:51 - [MESSAGE][INFO] - Checking text present  using regular expression

2021-11-18 11:30:51 - [MESSAGE][INFO] - Smart Wait Function is triggered

2021-11-18 11:30:52 - [MESSAGE][INFO] - Finding text 'Görüntülenecek veri yok' on page  using regular expression

2021-11-18 11:30:52 - [MESSAGE][PASSED] - Text 'Görüntülenecek veri yok' is not present on page using regular expression

2021-11-18 11:30:52 - [MESSAGE][PASSED] - Call Test Case 'Test Cases/Tablo/TablodaVeriVarMi' successfully

2021-11-18 11:30:52 - [MESSAGE][INFO] - Checking called Test Case

2021-11-18 11:30:52 - [MESSAGE][INFO] - Starting to call Test Case 'Test Cases/Tablo/TablodanVeriSec'

2021-11-18 11:30:52 - [TEST_CASE][PASSED] - Test Cases/Tablo/TablodanVeriSec: Test Cases/Tablo/TablodanVeriSec

2021-11-18 11:30:52 - [TEST_STEP][PASSED] - Method.TextDegerineEsitElementinAltindakineTikla(findTestObject("Tablo/Veriler"), findTestObject("Tablo/VerininCheckBoxi"), Veri_Adi): Method.TextDegerineEsitElementinAltindakineTikla is PASSED

2021-11-18 11:30:52 - [MESSAGE][INFO] - Finding Test Object 'Object Repository/Tablo/Veriler'

2021-11-18 11:30:52 - [MESSAGE][INFO] - Finding Test Object 'Object Repository/Tablo/VerininCheckBoxi'

2021-11-18 11:30:52 - [MESSAGE][INFO] - Checking timeout

2021-11-18 11:30:52 - [MESSAGE][INFO] - Finding web element with id: 'Object Repository/Tablo/Veriler' located by 'By.cssSelector: td.dxgv b ,td.dxgv' in '10' second(s)

2021-11-18 11:30:52 - [MESSAGE][INFO] - Smart Wait Function is triggered

2021-11-18 11:30:52 - [MESSAGE][INFO] - Found 140 web elements with id: 'Object Repository/Tablo/Veriler' located by 'By.cssSelector: td.dxgv b ,td.dxgv' in '10' second(s)

2021-11-18 11:30:53 - [MESSAGE][INFO] - Smart Wait Function is triggered

2021-11-18 11:30:53 - [MESSAGE][PASSED] - Method.TextDegerineEsitElementinAltindakineTikla is PASSED

2021-11-18 11:30:53 - [MESSAGE][PASSED] - Call Test Case 'Test Cases/Tablo/TablodanVeriSec' successfully

2021-11-18 11:30:53 - [MESSAGE][INFO] - Checking called Test Case

2021-11-18 11:30:53 - [MESSAGE][INFO] - Starting to call Test Case 'Test Cases/Butonlar/ButonaTikla'

2021-11-18 11:30:53 - [TEST_CASE][PASSED] - Test Cases/Butonlar/ButonaTikla: Test Cases/Butonlar/ButonaTikla

2021-11-18 11:30:53 - [TEST_STEP][PASSED] - Method.TextDegerineEsitElementeTiklaEquals(findTestObject("Butonlar/Butonlar"), Buton_Adi): Method.TextDegerineEsitElementeTiklaEquals is PASSED

2021-11-18 11:30:53 - [MESSAGE][INFO] - Finding Test Object 'Object Repository/Butonlar/Butonlar'

2021-11-18 11:30:53 - [MESSAGE][INFO] - Checking timeout

2021-11-18 11:30:53 - [MESSAGE][INFO] - Finding web element with id: 'Object Repository/Butonlar/Butonlar' located by 'By.cssSelector: .panel.panel-default.text-center.footerPanel .btn,.btn.btn-primary.btnControls' in '10' second(s)

2021-11-18 11:30:53 - [MESSAGE][INFO] - Smart Wait Function is triggered

2021-11-18 11:30:53 - [MESSAGE][INFO] - Found 15 web elements with id: 'Object Repository/Butonlar/Butonlar' located by 'By.cssSelector: .panel.panel-default.text-center.footerPanel .btn,.btn.btn-primary.btnControls' in '10' second(s)

2021-11-18 11:30:53 - [MESSAGE][PASSED] - Method.TextDegerineEsitElementeTiklaEquals is PASSED

2021-11-18 11:30:53 - [MESSAGE][PASSED] - Call Test Case 'Test Cases/Butonlar/ButonaTikla' successfully

2021-11-18 11:30:53 - [MESSAGE][INFO] - Checking called Test Case

2021-11-18 11:30:53 - [MESSAGE][INFO] - Starting to call Test Case 'Test Cases/Butonlar/AltButonaTikla'

2021-11-18 11:30:53 - [TEST_CASE][PASSED] - Test Cases/Butonlar/AltButonaTikla: Test Cases/Butonlar/AltButonaTikla

2021-11-18 11:30:53 - [TEST_STEP][PASSED] - Method.TextDegerineEsitElementeTikla(findTestObject("Butonlar/AltButonlar"), Alt_Buton): Method.TextDegerineEsitElementeTikla is PASSED

2021-11-18 11:30:53 - [MESSAGE][INFO] - Finding Test Object 'Object Repository/Butonlar/AltButonlar'

2021-11-18 11:30:54 - [MESSAGE][INFO] - Checking timeout

2021-11-18 11:30:54 - [MESSAGE][INFO] - Finding web element with id: 'Object Repository/Butonlar/AltButonlar' located by 'By.cssSelector: .btn-group.open li>a' in '10' second(s)

2021-11-18 11:30:54 - [MESSAGE][INFO] - Smart Wait Function is triggered

2021-11-18 11:30:54 - [MESSAGE][INFO] - Found 4 web elements with id: 'Object Repository/Butonlar/AltButonlar' located by 'By.cssSelector: .btn-group.open li>a' in '10' second(s)

2021-11-18 11:30:54 - [MESSAGE][PASSED] - Method.TextDegerineEsitElementeTikla is PASSED

2021-11-18 11:30:54 - [MESSAGE][PASSED] - Call Test Case 'Test Cases/Butonlar/AltButonaTikla' successfully

2021-11-18 11:30:54 - [MESSAGE][INFO] - Checking called Test Case

2021-11-18 11:30:54 - [MESSAGE][INFO] - Starting to call Test Case 'Test Cases/Popup/PopupMesajiIceriyorMu'

2021-11-18 11:30:54 - [TEST_CASE][PASSED] - Test Cases/Popup/PopupMesajiIceriyorMu: Test Cases/Popup/PopupMesajiIceriyorMu

2021-11-18 11:30:54 - [TEST_STEP][PASSED] - waitForElementVisible(findTestObject("Popup/Popup"), 10): Object 'Object Repository/Popup/Popup' is visible

2021-11-18 11:30:54 - [MESSAGE][INFO] - Finding Test Object 'Object Repository/Popup/Popup'

2021-11-18 11:30:54 - [MESSAGE][INFO] - Checking object

2021-11-18 11:30:54 - [MESSAGE][INFO] - Checking timeout

2021-11-18 11:30:54 - [MESSAGE][INFO] - Finding web element from Test Object's properties

2021-11-18 11:30:54 - [MESSAGE][INFO] - Checking timeout

2021-11-18 11:30:54 - [MESSAGE][INFO] - Finding web element with id: 'Object Repository/Popup/Popup' located by 'By.cssSelector: .bootbox-body' in '10' second(s)

2021-11-18 11:30:54 - [MESSAGE][INFO] - Smart Wait Function is triggered

2021-11-18 11:30:55 - [MESSAGE][INFO] - Found 1 web elements with id: 'Object Repository/Popup/Popup' located by 'By.cssSelector: .bootbox-body' in '10' second(s)

2021-11-18 11:30:55 - [MESSAGE][PASSED] - Object 'Object Repository/Popup/Popup' is visible

2021-11-18 11:30:55 - [TEST_STEP][PASSED] - if (!(getText(findTestObject("Popup/Popup")).contains(Mesaj))): Text of object 'Object Repository/Popup/Popup' is: 'Lütfen rapor bildiriminin gönderileceği e-posta adresini belirtiniz.
e-Posta Adresi'

2021-11-18 11:30:55 - [MESSAGE][INFO] - Finding Test Object 'Object Repository/Popup/Popup'

2021-11-18 11:30:55 - [MESSAGE][INFO] - Checking object

2021-11-18 11:30:55 - [MESSAGE][INFO] - Finding web element from Test Object's properties

2021-11-18 11:30:55 - [MESSAGE][INFO] - Checking timeout

2021-11-18 11:30:55 - [MESSAGE][INFO] - Finding web element with id: 'Object Repository/Popup/Popup' located by 'By.cssSelector: .bootbox-body' in '30' second(s)

2021-11-18 11:30:55 - [MESSAGE][INFO] - Smart Wait Function is triggered

2021-11-18 11:30:55 - [MESSAGE][INFO] - Found 1 web elements with id: 'Object Repository/Popup/Popup' located by 'By.cssSelector: .bootbox-body' in '30' second(s)

2021-11-18 11:30:55 - [MESSAGE][INFO] - Getting text of object 'Object Repository/Popup/Popup'

2021-11-18 11:30:55 - [MESSAGE][PASSED] - Text of object 'Object Repository/Popup/Popup' is: 'Lütfen rapor bildiriminin gönderileceği e-posta adresini belirtiniz.
e-Posta Adresi'

2021-11-18 11:30:55 - [TEST_STEP][PASSED] - RaporNo = getText(findTestObject("Popup/Popup")).substring(0, 6): Text of object 'Object Repository/Popup/Popup' is: 'Lütfen rapor bildiriminin gönderileceği e-posta adresini belirtiniz.
e-Posta Adresi'

2021-11-18 11:30:55 - [MESSAGE][INFO] - Finding Test Object 'Object Repository/Popup/Popup'

2021-11-18 11:30:55 - [MESSAGE][INFO] - Checking object

2021-11-18 11:30:55 - [MESSAGE][INFO] - Finding web element from Test Object's properties

2021-11-18 11:30:55 - [MESSAGE][INFO] - Checking timeout

2021-11-18 11:30:55 - [MESSAGE][INFO] - Finding web element with id: 'Object Repository/Popup/Popup' located by 'By.cssSelector: .bootbox-body' in '30' second(s)

2021-11-18 11:30:55 - [MESSAGE][INFO] - Smart Wait Function is triggered

2021-11-18 11:30:56 - [MESSAGE][INFO] - Found 1 web elements with id: 'Object Repository/Popup/Popup' located by 'By.cssSelector: .bootbox-body' in '30' second(s)

2021-11-18 11:30:56 - [MESSAGE][INFO] - Getting text of object 'Object Repository/Popup/Popup'

2021-11-18 11:30:56 - [MESSAGE][PASSED] - Text of object 'Object Repository/Popup/Popup' is: 'Lütfen rapor bildiriminin gönderileceği e-posta adresini belirtiniz.
e-Posta Adresi'

2021-11-18 11:30:56 - [TEST_STEP][PASSED] - Console.println(RaporNo): null

2021-11-18 11:30:56 - [MESSAGE][PASSED] - Call Test Case 'Test Cases/Popup/PopupMesajiIceriyorMu' successfully

2021-11-18 11:30:56 - [MESSAGE][INFO] - Checking called Test Case

2021-11-18 11:30:56 - [MESSAGE][INFO] - Starting to call Test Case 'Test Cases/Popup/PopupaEmailEklenir'

2021-11-18 11:30:56 - [TEST_CASE][PASSED] - Test Cases/Popup/PopupaEmailEklenir: Test Cases/Popup/PopupaEmailEklenir

2021-11-18 11:30:56 - [TEST_STEP][PASSED] - clearText(findTestObject("Popup/EmailText")): Text of object 'Object Repository/Popup/EmailText' is cleared

2021-11-18 11:30:56 - [MESSAGE][INFO] - Finding Test Object 'Object Repository/Popup/EmailText'

2021-11-18 11:30:56 - [MESSAGE][INFO] - Checking object

2021-11-18 11:30:56 - [MESSAGE][INFO] - Finding web element from Test Object's properties

2021-11-18 11:30:56 - [MESSAGE][INFO] - Checking timeout

2021-11-18 11:30:56 - [MESSAGE][INFO] - Finding web element with id: 'Object Repository/Popup/EmailText' located by 'By.xpath: //*[@id="eMails"]' in '30' second(s)

2021-11-18 11:30:56 - [MESSAGE][INFO] - Smart Wait Function is triggered

2021-11-18 11:30:56 - [MESSAGE][INFO] - Found 1 web elements with id: 'Object Repository/Popup/EmailText' located by 'By.xpath: //*[@id="eMails"]' in '30' second(s)

2021-11-18 11:30:56 - [MESSAGE][INFO] - Clearing text of object 'Object Repository/Popup/EmailText'

2021-11-18 11:30:56 - [MESSAGE][PASSED] - Text of object 'Object Repository/Popup/EmailText' is cleared

2021-11-18 11:30:56 - [TEST_STEP][PASSED] - sendKeys(findTestObject("Popup/EmailText"), Email): Keys 'elogotest@gmail.com;ali.kara@logo.com.tr' sent to object: 'Object Repository/Popup/EmailText'

2021-11-18 11:30:56 - [MESSAGE][INFO] - Finding Test Object 'Object Repository/Popup/EmailText'

2021-11-18 11:30:56 - [MESSAGE][INFO] - Sending keys 'elogotest@gmail.com;ali.kara@logo.com.tr' to object: 'Object Repository/Popup/EmailText'

2021-11-18 11:30:56 - [MESSAGE][INFO] - Finding web element from Test Object's properties

2021-11-18 11:30:56 - [MESSAGE][INFO] - Checking timeout

2021-11-18 11:30:56 - [MESSAGE][INFO] - Finding web element with id: 'Object Repository/Popup/EmailText' located by 'By.xpath: //*[@id="eMails"]' in '30' second(s)

2021-11-18 11:30:56 - [MESSAGE][INFO] - Smart Wait Function is triggered

2021-11-18 11:30:57 - [MESSAGE][INFO] - Found 1 web elements with id: 'Object Repository/Popup/EmailText' located by 'By.xpath: //*[@id="eMails"]' in '30' second(s)

2021-11-18 11:30:57 - [MESSAGE][PASSED] - Keys 'elogotest@gmail.com;ali.kara@logo.com.tr' sent to object: 'Object Repository/Popup/EmailText'

2021-11-18 11:30:57 - [MESSAGE][PASSED] - Call Test Case 'Test Cases/Popup/PopupaEmailEklenir' successfully

2021-11-18 11:30:57 - [MESSAGE][INFO] - Checking called Test Case

2021-11-18 11:30:57 - [MESSAGE][INFO] - Starting to call Test Case 'Test Cases/Popup/PopupButonSecilir'

2021-11-18 11:30:57 - [TEST_CASE][PASSED] - Test Cases/Popup/PopupButonSecilir: Test Cases/Popup/PopupButonSecilir

2021-11-18 11:30:57 - [TEST_STEP][PASSED] - Method.TextDegerineEsitElementeTikla(findTestObject("Popup/Popup_Butons"), Buton): Method.TextDegerineEsitElementeTikla is PASSED

2021-11-18 11:30:57 - [MESSAGE][INFO] - Finding Test Object 'Object Repository/Popup/Popup_Butons'

2021-11-18 11:30:57 - [MESSAGE][INFO] - Checking timeout

2021-11-18 11:30:57 - [MESSAGE][INFO] - Finding web element with id: 'Object Repository/Popup/Popup_Butons' located by 'By.cssSelector: .modal-footer>button' in '10' second(s)

2021-11-18 11:30:57 - [MESSAGE][INFO] - Smart Wait Function is triggered

2021-11-18 11:30:57 - [MESSAGE][INFO] - Found 2 web elements with id: 'Object Repository/Popup/Popup_Butons' located by 'By.cssSelector: .modal-footer>button' in '10' second(s)

2021-11-18 11:30:57 - [MESSAGE][PASSED] - Method.TextDegerineEsitElementeTikla is PASSED

2021-11-18 11:30:57 - [MESSAGE][PASSED] - Call Test Case 'Test Cases/Popup/PopupButonSecilir' successfully

2021-11-18 11:30:57 - [MESSAGE][INFO] - Checking called Test Case

2021-11-18 11:30:57 - [MESSAGE][INFO] - Starting to call Test Case 'Test Cases/Popup/PopupMesajiIceriyorMu'

2021-11-18 11:30:57 - [TEST_CASE][PASSED] - Test Cases/Popup/PopupMesajiIceriyorMu: Test Cases/Popup/PopupMesajiIceriyorMu

2021-11-18 11:30:57 - [TEST_STEP][PASSED] - waitForElementVisible(findTestObject("Popup/Popup"), 10): Object 'Object Repository/Popup/Popup' is visible

2021-11-18 11:30:57 - [MESSAGE][INFO] - Finding Test Object 'Object Repository/Popup/Popup'

2021-11-18 11:30:57 - [MESSAGE][INFO] - Checking object

2021-11-18 11:30:57 - [MESSAGE][INFO] - Checking timeout

2021-11-18 11:30:57 - [MESSAGE][INFO] - Finding web element from Test Object's properties

2021-11-18 11:30:57 - [MESSAGE][INFO] - Checking timeout

2021-11-18 11:30:57 - [MESSAGE][INFO] - Finding web element with id: 'Object Repository/Popup/Popup' located by 'By.cssSelector: .bootbox-body' in '10' second(s)

2021-11-18 11:30:57 - [MESSAGE][INFO] - Smart Wait Function is triggered

2021-11-18 11:30:58 - [MESSAGE][INFO] - Found 1 web elements with id: 'Object Repository/Popup/Popup' located by 'By.cssSelector: .bootbox-body' in '10' second(s)

2021-11-18 11:30:58 - [MESSAGE][PASSED] - Object 'Object Repository/Popup/Popup' is visible

2021-11-18 11:30:58 - [TEST_STEP][PASSED] - if (!(getText(findTestObject("Popup/Popup")).contains(Mesaj))): Text of object 'Object Repository/Popup/Popup' is: '17352 no’lu talebiniz işleme alınmıştır. Raporunuz hazırlandığında (elogotest@gmail.com;ali.kara@logo.com.tr) adresinize mail gönderilecektir.
Rapor durumunuzu Raporlar > Toplu Veri İndirme ekranından takip edebilir, hazırlandı durumundaki raporlarınızı ilgili menüden indirebilirsiniz.'

2021-11-18 11:30:58 - [MESSAGE][INFO] - Finding Test Object 'Object Repository/Popup/Popup'

2021-11-18 11:30:58 - [MESSAGE][INFO] - Checking object

2021-11-18 11:30:58 - [MESSAGE][INFO] - Finding web element from Test Object's properties

2021-11-18 11:30:58 - [MESSAGE][INFO] - Checking timeout

2021-11-18 11:30:58 - [MESSAGE][INFO] - Finding web element with id: 'Object Repository/Popup/Popup' located by 'By.cssSelector: .bootbox-body' in '30' second(s)

2021-11-18 11:30:58 - [MESSAGE][INFO] - Smart Wait Function is triggered

2021-11-18 11:30:58 - [MESSAGE][INFO] - Found 1 web elements with id: 'Object Repository/Popup/Popup' located by 'By.cssSelector: .bootbox-body' in '30' second(s)

2021-11-18 11:30:58 - [MESSAGE][INFO] - Getting text of object 'Object Repository/Popup/Popup'

2021-11-18 11:30:58 - [MESSAGE][PASSED] - Text of object 'Object Repository/Popup/Popup' is: '17352 no’lu talebiniz işleme alınmıştır. Raporunuz hazırlandığında (elogotest@gmail.com;ali.kara@logo.com.tr) adresinize mail gönderilecektir.
Rapor durumunuzu Raporlar > Toplu Veri İndirme ekranından takip edebilir, hazırlandı durumundaki raporlarınızı ilgili menüden indirebilirsiniz.'

2021-11-18 11:30:58 - [TEST_STEP][PASSED] - RaporNo = getText(findTestObject("Popup/Popup")).substring(0, 6): Text of object 'Object Repository/Popup/Popup' is: '17352 no’lu talebiniz işleme alınmıştır. Raporunuz hazırlandığında (elogotest@gmail.com;ali.kara@logo.com.tr) adresinize mail gönderilecektir.
Rapor durumunuzu Raporlar > Toplu Veri İndirme ekranından takip edebilir, hazırlandı durumundaki raporlarınızı ilgili menüden indirebilirsiniz.'

2021-11-18 11:30:58 - [MESSAGE][INFO] - Finding Test Object 'Object Repository/Popup/Popup'

2021-11-18 11:30:59 - [MESSAGE][INFO] - Checking object

2021-11-18 11:30:59 - [MESSAGE][INFO] - Finding web element from Test Object's properties

2021-11-18 11:30:59 - [MESSAGE][INFO] - Checking timeout

2021-11-18 11:30:59 - [MESSAGE][INFO] - Finding web element with id: 'Object Repository/Popup/Popup' located by 'By.cssSelector: .bootbox-body' in '30' second(s)

2021-11-18 11:30:59 - [MESSAGE][INFO] - Smart Wait Function is triggered

2021-11-18 11:30:59 - [MESSAGE][INFO] - Found 1 web elements with id: 'Object Repository/Popup/Popup' located by 'By.cssSelector: .bootbox-body' in '30' second(s)

2021-11-18 11:30:59 - [MESSAGE][INFO] - Getting text of object 'Object Repository/Popup/Popup'

2021-11-18 11:30:59 - [MESSAGE][PASSED] - Text of object 'Object Repository/Popup/Popup' is: '17352 no’lu talebiniz işleme alınmıştır. Raporunuz hazırlandığında (elogotest@gmail.com;ali.kara@logo.com.tr) adresinize mail gönderilecektir.
Rapor durumunuzu Raporlar > Toplu Veri İndirme ekranından takip edebilir, hazırlandı durumundaki raporlarınızı ilgili menüden indirebilirsiniz.'

2021-11-18 11:30:59 - [TEST_STEP][PASSED] - Console.println(RaporNo): null

2021-11-18 11:30:59 - [MESSAGE][PASSED] - Call Test Case 'Test Cases/Popup/PopupMesajiIceriyorMu' successfully

2021-11-18 11:30:59 - [MESSAGE][INFO] - Checking called Test Case

2021-11-18 11:30:59 - [MESSAGE][INFO] - Starting to call Test Case 'Test Cases/Popup/PopupButonSecilir'

2021-11-18 11:30:59 - [TEST_CASE][PASSED] - Test Cases/Popup/PopupButonSecilir: Test Cases/Popup/PopupButonSecilir

2021-11-18 11:30:59 - [TEST_STEP][PASSED] - Method.TextDegerineEsitElementeTikla(findTestObject("Popup/Popup_Butons"), Buton): Method.TextDegerineEsitElementeTikla is PASSED

2021-11-18 11:30:59 - [MESSAGE][INFO] - Finding Test Object 'Object Repository/Popup/Popup_Butons'

2021-11-18 11:30:59 - [MESSAGE][INFO] - Checking timeout

2021-11-18 11:30:59 - [MESSAGE][INFO] - Finding web element with id: 'Object Repository/Popup/Popup_Butons' located by 'By.cssSelector: .modal-footer>button' in '10' second(s)

2021-11-18 11:30:59 - [MESSAGE][INFO] - Smart Wait Function is triggered

2021-11-18 11:30:59 - [MESSAGE][INFO] - Found 1 web elements with id: 'Object Repository/Popup/Popup_Butons' located by 'By.cssSelector: .modal-footer>button' in '10' second(s)

2021-11-18 11:30:59 - [MESSAGE][PASSED] - Method.TextDegerineEsitElementeTikla is PASSED

2021-11-18 11:30:59 - [MESSAGE][PASSED] - Call Test Case 'Test Cases/Popup/PopupButonSecilir' successfully

2021-11-18 11:30:59 - [MESSAGE][INFO] - Checking called Test Case

2021-11-18 11:30:59 - [MESSAGE][INFO] - Starting to call Test Case 'Test Cases/Butonlar/ButonaTikla'

2021-11-18 11:30:59 - [TEST_CASE][PASSED] - Test Cases/Butonlar/ButonaTikla: Test Cases/Butonlar/ButonaTikla

2021-11-18 11:30:59 - [TEST_STEP][PASSED] - Method.TextDegerineEsitElementeTiklaEquals(findTestObject("Butonlar/Butonlar"), Buton_Adi): Method.TextDegerineEsitElementeTiklaEquals is PASSED

2021-11-18 11:30:59 - [MESSAGE][INFO] - Finding Test Object 'Object Repository/Butonlar/Butonlar'

2021-11-18 11:31:00 - [MESSAGE][INFO] - Checking timeout

2021-11-18 11:31:00 - [MESSAGE][INFO] - Finding web element with id: 'Object Repository/Butonlar/Butonlar' located by 'By.cssSelector: .panel.panel-default.text-center.footerPanel .btn,.btn.btn-primary.btnControls' in '10' second(s)

2021-11-18 11:31:00 - [MESSAGE][INFO] - Smart Wait Function is triggered

2021-11-18 11:31:00 - [MESSAGE][INFO] - Found 15 web elements with id: 'Object Repository/Butonlar/Butonlar' located by 'By.cssSelector: .panel.panel-default.text-center.footerPanel .btn,.btn.btn-primary.btnControls' in '10' second(s)

2021-11-18 11:31:00 - [MESSAGE][PASSED] - Method.TextDegerineEsitElementeTiklaEquals is PASSED

2021-11-18 11:31:00 - [MESSAGE][PASSED] - Call Test Case 'Test Cases/Butonlar/ButonaTikla' successfully

2021-11-18 11:31:00 - [MESSAGE][INFO] - Checking called Test Case

2021-11-18 11:31:00 - [MESSAGE][INFO] - Starting to call Test Case 'Test Cases/Butonlar/AltButonaTikla'

2021-11-18 11:31:00 - [TEST_CASE][PASSED] - Test Cases/Butonlar/AltButonaTikla: Test Cases/Butonlar/AltButonaTikla

2021-11-18 11:31:00 - [TEST_STEP][PASSED] - Method.TextDegerineEsitElementeTikla(findTestObject("Butonlar/AltButonlar"), Alt_Buton): Method.TextDegerineEsitElementeTikla is PASSED

2021-11-18 11:31:00 - [MESSAGE][INFO] - Finding Test Object 'Object Repository/Butonlar/AltButonlar'

2021-11-18 11:31:00 - [MESSAGE][INFO] - Checking timeout

2021-11-18 11:31:00 - [MESSAGE][INFO] - Finding web element with id: 'Object Repository/Butonlar/AltButonlar' located by 'By.cssSelector: .btn-group.open li>a' in '10' second(s)

2021-11-18 11:31:00 - [MESSAGE][INFO] - Smart Wait Function is triggered

2021-11-18 11:31:01 - [MESSAGE][INFO] - Found 4 web elements with id: 'Object Repository/Butonlar/AltButonlar' located by 'By.cssSelector: .btn-group.open li>a' in '10' second(s)

2021-11-18 11:31:01 - [MESSAGE][PASSED] - Method.TextDegerineEsitElementeTikla is PASSED

2021-11-18 11:31:01 - [MESSAGE][PASSED] - Call Test Case 'Test Cases/Butonlar/AltButonaTikla' successfully

2021-11-18 11:31:01 - [MESSAGE][INFO] - Checking called Test Case

2021-11-18 11:31:01 - [MESSAGE][INFO] - Starting to call Test Case 'Test Cases/Popup/PopupMesajiIceriyorMu'

2021-11-18 11:31:01 - [TEST_CASE][PASSED] - Test Cases/Popup/PopupMesajiIceriyorMu: Test Cases/Popup/PopupMesajiIceriyorMu

2021-11-18 11:31:01 - [TEST_STEP][PASSED] - waitForElementVisible(findTestObject("Popup/Popup"), 10): Object 'Object Repository/Popup/Popup' is visible

2021-11-18 11:31:01 - [MESSAGE][INFO] - Finding Test Object 'Object Repository/Popup/Popup'

2021-11-18 11:31:01 - [MESSAGE][INFO] - Checking object

2021-11-18 11:31:01 - [MESSAGE][INFO] - Checking timeout

2021-11-18 11:31:01 - [MESSAGE][INFO] - Finding web element from Test Object's properties

2021-11-18 11:31:01 - [MESSAGE][INFO] - Checking timeout

2021-11-18 11:31:01 - [MESSAGE][INFO] - Finding web element with id: 'Object Repository/Popup/Popup' located by 'By.cssSelector: .bootbox-body' in '10' second(s)

2021-11-18 11:31:01 - [MESSAGE][INFO] - Smart Wait Function is triggered

2021-11-18 11:31:01 - [MESSAGE][INFO] - Found 1 web elements with id: 'Object Repository/Popup/Popup' located by 'By.cssSelector: .bootbox-body' in '10' second(s)

2021-11-18 11:31:01 - [MESSAGE][PASSED] - Object 'Object Repository/Popup/Popup' is visible

2021-11-18 11:31:01 - [TEST_STEP][PASSED] - if (!(getText(findTestObject("Popup/Popup")).contains(Mesaj))): Text of object 'Object Repository/Popup/Popup' is: 'Lütfen rapor bildiriminin gönderileceği e-posta adresini belirtiniz.
e-Posta Adresi'

2021-11-18 11:31:01 - [MESSAGE][INFO] - Finding Test Object 'Object Repository/Popup/Popup'

2021-11-18 11:31:02 - [MESSAGE][INFO] - Checking object

2021-11-18 11:31:02 - [MESSAGE][INFO] - Finding web element from Test Object's properties

2021-11-18 11:31:02 - [MESSAGE][INFO] - Checking timeout

2021-11-18 11:31:02 - [MESSAGE][INFO] - Finding web element with id: 'Object Repository/Popup/Popup' located by 'By.cssSelector: .bootbox-body' in '30' second(s)

2021-11-18 11:31:02 - [MESSAGE][INFO] - Smart Wait Function is triggered

2021-11-18 11:31:02 - [MESSAGE][INFO] - Found 1 web elements with id: 'Object Repository/Popup/Popup' located by 'By.cssSelector: .bootbox-body' in '30' second(s)

2021-11-18 11:31:02 - [MESSAGE][INFO] - Getting text of object 'Object Repository/Popup/Popup'

2021-11-18 11:31:02 - [MESSAGE][PASSED] - Text of object 'Object Repository/Popup/Popup' is: 'Lütfen rapor bildiriminin gönderileceği e-posta adresini belirtiniz.
e-Posta Adresi'

2021-11-18 11:31:02 - [TEST_STEP][PASSED] - RaporNo = getText(findTestObject("Popup/Popup")).substring(0, 6): Text of object 'Object Repository/Popup/Popup' is: 'Lütfen rapor bildiriminin gönderileceği e-posta adresini belirtiniz.
e-Posta Adresi'

2021-11-18 11:31:02 - [MESSAGE][INFO] - Finding Test Object 'Object Repository/Popup/Popup'

2021-11-18 11:31:02 - [MESSAGE][INFO] - Checking object

2021-11-18 11:31:02 - [MESSAGE][INFO] - Finding web element from Test Object's properties

2021-11-18 11:31:02 - [MESSAGE][INFO] - Checking timeout

2021-11-18 11:31:02 - [MESSAGE][INFO] - Finding web element with id: 'Object Repository/Popup/Popup' located by 'By.cssSelector: .bootbox-body' in '30' second(s)

2021-11-18 11:31:02 - [MESSAGE][INFO] - Smart Wait Function is triggered

2021-11-18 11:31:02 - [MESSAGE][INFO] - Found 1 web elements with id: 'Object Repository/Popup/Popup' located by 'By.cssSelector: .bootbox-body' in '30' second(s)

2021-11-18 11:31:02 - [MESSAGE][INFO] - Getting text of object 'Object Repository/Popup/Popup'

2021-11-18 11:31:02 - [MESSAGE][PASSED] - Text of object 'Object Repository/Popup/Popup' is: 'Lütfen rapor bildiriminin gönderileceği e-posta adresini belirtiniz.
e-Posta Adresi'

2021-11-18 11:31:02 - [TEST_STEP][PASSED] - Console.println(RaporNo): null

2021-11-18 11:31:02 - [MESSAGE][PASSED] - Call Test Case 'Test Cases/Popup/PopupMesajiIceriyorMu' successfully

2021-11-18 11:31:02 - [MESSAGE][INFO] - Checking called Test Case

2021-11-18 11:31:02 - [MESSAGE][INFO] - Starting to call Test Case 'Test Cases/Popup/PopupaEmailEklenir'

2021-11-18 11:31:02 - [TEST_CASE][PASSED] - Test Cases/Popup/PopupaEmailEklenir: Test Cases/Popup/PopupaEmailEklenir

2021-11-18 11:31:02 - [TEST_STEP][PASSED] - clearText(findTestObject("Popup/EmailText")): Text of object 'Object Repository/Popup/EmailText' is cleared

2021-11-18 11:31:02 - [MESSAGE][INFO] - Finding Test Object 'Object Repository/Popup/EmailText'

2021-11-18 11:31:02 - [MESSAGE][INFO] - Checking object

2021-11-18 11:31:02 - [MESSAGE][INFO] - Finding web element from Test Object's properties

2021-11-18 11:31:02 - [MESSAGE][INFO] - Checking timeout

2021-11-18 11:31:02 - [MESSAGE][INFO] - Finding web element with id: 'Object Repository/Popup/EmailText' located by 'By.xpath: //*[@id="eMails"]' in '30' second(s)

2021-11-18 11:31:02 - [MESSAGE][INFO] - Smart Wait Function is triggered

2021-11-18 11:31:03 - [MESSAGE][INFO] - Found 1 web elements with id: 'Object Repository/Popup/EmailText' located by 'By.xpath: //*[@id="eMails"]' in '30' second(s)

2021-11-18 11:31:03 - [MESSAGE][INFO] - Clearing text of object 'Object Repository/Popup/EmailText'

2021-11-18 11:31:03 - [MESSAGE][PASSED] - Text of object 'Object Repository/Popup/EmailText' is cleared

2021-11-18 11:31:03 - [TEST_STEP][PASSED] - sendKeys(findTestObject("Popup/EmailText"), Email): Keys 'elogotest@gmail.com;ali.kara@logo.com.tr' sent to object: 'Object Repository/Popup/EmailText'

2021-11-18 11:31:03 - [MESSAGE][INFO] - Finding Test Object 'Object Repository/Popup/EmailText'

2021-11-18 11:31:03 - [MESSAGE][INFO] - Sending keys 'elogotest@gmail.com;ali.kara@logo.com.tr' to object: 'Object Repository/Popup/EmailText'

2021-11-18 11:31:03 - [MESSAGE][INFO] - Finding web element from Test Object's properties

2021-11-18 11:31:03 - [MESSAGE][INFO] - Checking timeout

2021-11-18 11:31:03 - [MESSAGE][INFO] - Finding web element with id: 'Object Repository/Popup/EmailText' located by 'By.xpath: //*[@id="eMails"]' in '30' second(s)

2021-11-18 11:31:03 - [MESSAGE][INFO] - Smart Wait Function is triggered

2021-11-18 11:31:03 - [MESSAGE][INFO] - Found 1 web elements with id: 'Object Repository/Popup/EmailText' located by 'By.xpath: //*[@id="eMails"]' in '30' second(s)

2021-11-18 11:31:03 - [MESSAGE][PASSED] - Keys 'elogotest@gmail.com;ali.kara@logo.com.tr' sent to object: 'Object Repository/Popup/EmailText'

2021-11-18 11:31:03 - [MESSAGE][PASSED] - Call Test Case 'Test Cases/Popup/PopupaEmailEklenir' successfully

2021-11-18 11:31:03 - [MESSAGE][INFO] - Checking called Test Case

2021-11-18 11:31:03 - [MESSAGE][INFO] - Starting to call Test Case 'Test Cases/Popup/PopupButonSecilir'

2021-11-18 11:31:03 - [TEST_CASE][PASSED] - Test Cases/Popup/PopupButonSecilir: Test Cases/Popup/PopupButonSecilir

2021-11-18 11:31:04 - [TEST_STEP][PASSED] - Method.TextDegerineEsitElementeTikla(findTestObject("Popup/Popup_Butons"), Buton): Method.TextDegerineEsitElementeTikla is PASSED

2021-11-18 11:31:04 - [MESSAGE][INFO] - Finding Test Object 'Object Repository/Popup/Popup_Butons'

2021-11-18 11:31:04 - [MESSAGE][INFO] - Checking timeout

2021-11-18 11:31:04 - [MESSAGE][INFO] - Finding web element with id: 'Object Repository/Popup/Popup_Butons' located by 'By.cssSelector: .modal-footer>button' in '10' second(s)

2021-11-18 11:31:04 - [MESSAGE][INFO] - Smart Wait Function is triggered

2021-11-18 11:31:04 - [MESSAGE][INFO] - Found 2 web elements with id: 'Object Repository/Popup/Popup_Butons' located by 'By.cssSelector: .modal-footer>button' in '10' second(s)

2021-11-18 11:31:04 - [MESSAGE][PASSED] - Method.TextDegerineEsitElementeTikla is PASSED

2021-11-18 11:31:04 - [MESSAGE][PASSED] - Call Test Case 'Test Cases/Popup/PopupButonSecilir' successfully

2021-11-18 11:31:04 - [MESSAGE][INFO] - Checking called Test Case

2021-11-18 11:31:04 - [MESSAGE][INFO] - Starting to call Test Case 'Test Cases/Popup/PopupMesajiIceriyorMu'

2021-11-18 11:31:04 - [TEST_CASE][PASSED] - Test Cases/Popup/PopupMesajiIceriyorMu: Test Cases/Popup/PopupMesajiIceriyorMu

2021-11-18 11:31:04 - [TEST_STEP][PASSED] - waitForElementVisible(findTestObject("Popup/Popup"), 10): Object 'Object Repository/Popup/Popup' is visible

2021-11-18 11:31:04 - [MESSAGE][INFO] - Finding Test Object 'Object Repository/Popup/Popup'

2021-11-18 11:31:04 - [MESSAGE][INFO] - Checking object

2021-11-18 11:31:04 - [MESSAGE][INFO] - Checking timeout

2021-11-18 11:31:04 - [MESSAGE][INFO] - Finding web element from Test Object's properties

2021-11-18 11:31:04 - [MESSAGE][INFO] - Checking timeout

2021-11-18 11:31:04 - [MESSAGE][INFO] - Finding web element with id: 'Object Repository/Popup/Popup' located by 'By.cssSelector: .bootbox-body' in '10' second(s)

2021-11-18 11:31:04 - [MESSAGE][INFO] - Smart Wait Function is triggered

2021-11-18 11:31:05 - [MESSAGE][INFO] - Found 1 web elements with id: 'Object Repository/Popup/Popup' located by 'By.cssSelector: .bootbox-body' in '10' second(s)

2021-11-18 11:31:05 - [MESSAGE][PASSED] - Object 'Object Repository/Popup/Popup' is visible

2021-11-18 11:31:05 - [TEST_STEP][PASSED] - if (!(getText(findTestObject("Popup/Popup")).contains(Mesaj))): Text of object 'Object Repository/Popup/Popup' is: '17353 no’lu talebiniz işleme alınmıştır. Raporunuz hazırlandığında (elogotest@gmail.com;ali.kara@logo.com.tr) adresinize mail gönderilecektir.
Rapor durumunuzu Raporlar > Toplu Veri İndirme ekranından takip edebilir, hazırlandı durumundaki raporlarınızı ilgili menüden indirebilirsiniz.'

2021-11-18 11:31:05 - [MESSAGE][INFO] - Finding Test Object 'Object Repository/Popup/Popup'

2021-11-18 11:31:05 - [MESSAGE][INFO] - Checking object

2021-11-18 11:31:05 - [MESSAGE][INFO] - Finding web element from Test Object's properties

2021-11-18 11:31:05 - [MESSAGE][INFO] - Checking timeout

2021-11-18 11:31:05 - [MESSAGE][INFO] - Finding web element with id: 'Object Repository/Popup/Popup' located by 'By.cssSelector: .bootbox-body' in '30' second(s)

2021-11-18 11:31:05 - [MESSAGE][INFO] - Smart Wait Function is triggered

2021-11-18 11:31:05 - [MESSAGE][INFO] - Found 1 web elements with id: 'Object Repository/Popup/Popup' located by 'By.cssSelector: .bootbox-body' in '30' second(s)

2021-11-18 11:31:05 - [MESSAGE][INFO] - Getting text of object 'Object Repository/Popup/Popup'

2021-11-18 11:31:05 - [MESSAGE][PASSED] - Text of object 'Object Repository/Popup/Popup' is: '17353 no’lu talebiniz işleme alınmıştır. Raporunuz hazırlandığında (elogotest@gmail.com;ali.kara@logo.com.tr) adresinize mail gönderilecektir.
Rapor durumunuzu Raporlar > Toplu Veri İndirme ekranından takip edebilir, hazırlandı durumundaki raporlarınızı ilgili menüden indirebilirsiniz.'

2021-11-18 11:31:05 - [TEST_STEP][PASSED] - RaporNo = getText(findTestObject("Popup/Popup")).substring(0, 6): Text of object 'Object Repository/Popup/Popup' is: '17353 no’lu talebiniz işleme alınmıştır. Raporunuz hazırlandığında (elogotest@gmail.com;ali.kara@logo.com.tr) adresinize mail gönderilecektir.
Rapor durumunuzu Raporlar > Toplu Veri İndirme ekranından takip edebilir, hazırlandı durumundaki raporlarınızı ilgili menüden indirebilirsiniz.'

2021-11-18 11:31:05 - [MESSAGE][INFO] - Finding Test Object 'Object Repository/Popup/Popup'

2021-11-18 11:31:05 - [MESSAGE][INFO] - Checking object

2021-11-18 11:31:05 - [MESSAGE][INFO] - Finding web element from Test Object's properties

2021-11-18 11:31:05 - [MESSAGE][INFO] - Checking timeout

2021-11-18 11:31:05 - [MESSAGE][INFO] - Finding web element with id: 'Object Repository/Popup/Popup' located by 'By.cssSelector: .bootbox-body' in '30' second(s)

2021-11-18 11:31:05 - [MESSAGE][INFO] - Smart Wait Function is triggered

2021-11-18 11:31:06 - [MESSAGE][INFO] - Found 1 web elements with id: 'Object Repository/Popup/Popup' located by 'By.cssSelector: .bootbox-body' in '30' second(s)

2021-11-18 11:31:06 - [MESSAGE][INFO] - Getting text of object 'Object Repository/Popup/Popup'

2021-11-18 11:31:06 - [MESSAGE][PASSED] - Text of object 'Object Repository/Popup/Popup' is: '17353 no’lu talebiniz işleme alınmıştır. Raporunuz hazırlandığında (elogotest@gmail.com;ali.kara@logo.com.tr) adresinize mail gönderilecektir.
Rapor durumunuzu Raporlar > Toplu Veri İndirme ekranından takip edebilir, hazırlandı durumundaki raporlarınızı ilgili menüden indirebilirsiniz.'

2021-11-18 11:31:06 - [TEST_STEP][PASSED] - Console.println(RaporNo): null

2021-11-18 11:31:06 - [MESSAGE][PASSED] - Call Test Case 'Test Cases/Popup/PopupMesajiIceriyorMu' successfully

2021-11-18 11:31:06 - [MESSAGE][INFO] - Checking called Test Case

2021-11-18 11:31:06 - [MESSAGE][INFO] - Starting to call Test Case 'Test Cases/Popup/PopupButonSecilir'

2021-11-18 11:31:06 - [TEST_CASE][PASSED] - Test Cases/Popup/PopupButonSecilir: Test Cases/Popup/PopupButonSecilir

2021-11-18 11:31:06 - [TEST_STEP][PASSED] - Method.TextDegerineEsitElementeTikla(findTestObject("Popup/Popup_Butons"), Buton): Method.TextDegerineEsitElementeTikla is PASSED

2021-11-18 11:31:06 - [MESSAGE][INFO] - Finding Test Object 'Object Repository/Popup/Popup_Butons'

2021-11-18 11:31:06 - [MESSAGE][INFO] - Checking timeout

2021-11-18 11:31:06 - [MESSAGE][INFO] - Finding web element with id: 'Object Repository/Popup/Popup_Butons' located by 'By.cssSelector: .modal-footer>button' in '10' second(s)

2021-11-18 11:31:06 - [MESSAGE][INFO] - Smart Wait Function is triggered

2021-11-18 11:31:06 - [MESSAGE][INFO] - Found 1 web elements with id: 'Object Repository/Popup/Popup_Butons' located by 'By.cssSelector: .modal-footer>button' in '10' second(s)

2021-11-18 11:31:06 - [MESSAGE][PASSED] - Method.TextDegerineEsitElementeTikla is PASSED

2021-11-18 11:31:06 - [MESSAGE][PASSED] - Call Test Case 'Test Cases/Popup/PopupButonSecilir' successfully

2021-11-18 11:31:06 - [MESSAGE][INFO] - Checking called Test Case

2021-11-18 11:31:06 - [MESSAGE][INFO] - Starting to call Test Case 'Test Cases/Butonlar/ButonaTikla'

2021-11-18 11:31:07 - [TEST_CASE][PASSED] - Test Cases/Butonlar/ButonaTikla: Test Cases/Butonlar/ButonaTikla

2021-11-18 11:31:07 - [TEST_STEP][PASSED] - Method.TextDegerineEsitElementeTiklaEquals(findTestObject("Butonlar/Butonlar"), Buton_Adi): Method.TextDegerineEsitElementeTiklaEquals is PASSED

2021-11-18 11:31:07 - [MESSAGE][INFO] - Finding Test Object 'Object Repository/Butonlar/Butonlar'

2021-11-18 11:31:07 - [MESSAGE][INFO] - Checking timeout

2021-11-18 11:31:07 - [MESSAGE][INFO] - Finding web element with id: 'Object Repository/Butonlar/Butonlar' located by 'By.cssSelector: .panel.panel-default.text-center.footerPanel .btn,.btn.btn-primary.btnControls' in '10' second(s)

2021-11-18 11:31:07 - [MESSAGE][INFO] - Smart Wait Function is triggered

2021-11-18 11:31:07 - [MESSAGE][INFO] - Found 15 web elements with id: 'Object Repository/Butonlar/Butonlar' located by 'By.cssSelector: .panel.panel-default.text-center.footerPanel .btn,.btn.btn-primary.btnControls' in '10' second(s)

2021-11-18 11:31:07 - [MESSAGE][PASSED] - Method.TextDegerineEsitElementeTiklaEquals is PASSED

2021-11-18 11:31:07 - [MESSAGE][PASSED] - Call Test Case 'Test Cases/Butonlar/ButonaTikla' successfully

2021-11-18 11:31:07 - [MESSAGE][INFO] - Checking called Test Case

2021-11-18 11:31:07 - [MESSAGE][INFO] - Starting to call Test Case 'Test Cases/Butonlar/AltButonaTikla'

2021-11-18 11:31:07 - [TEST_CASE][PASSED] - Test Cases/Butonlar/AltButonaTikla: Test Cases/Butonlar/AltButonaTikla

2021-11-18 11:31:07 - [TEST_STEP][PASSED] - Method.TextDegerineEsitElementeTikla(findTestObject("Butonlar/AltButonlar"), Alt_Buton): Method.TextDegerineEsitElementeTikla is PASSED

2021-11-18 11:31:07 - [MESSAGE][INFO] - Finding Test Object 'Object Repository/Butonlar/AltButonlar'

2021-11-18 11:31:08 - [MESSAGE][INFO] - Checking timeout

2021-11-18 11:31:08 - [MESSAGE][INFO] - Finding web element with id: 'Object Repository/Butonlar/AltButonlar' located by 'By.cssSelector: .btn-group.open li>a' in '10' second(s)

2021-11-18 11:31:08 - [MESSAGE][INFO] - Smart Wait Function is triggered

2021-11-18 11:31:08 - [MESSAGE][INFO] - Found 4 web elements with id: 'Object Repository/Butonlar/AltButonlar' located by 'By.cssSelector: .btn-group.open li>a' in '10' second(s)

2021-11-18 11:31:08 - [MESSAGE][PASSED] - Method.TextDegerineEsitElementeTikla is PASSED

2021-11-18 11:31:08 - [MESSAGE][PASSED] - Call Test Case 'Test Cases/Butonlar/AltButonaTikla' successfully

2021-11-18 11:31:08 - [MESSAGE][INFO] - Checking called Test Case

2021-11-18 11:31:08 - [MESSAGE][INFO] - Starting to call Test Case 'Test Cases/Popup/PopupMesajiIceriyorMu'

2021-11-18 11:31:08 - [TEST_CASE][PASSED] - Test Cases/Popup/PopupMesajiIceriyorMu: Test Cases/Popup/PopupMesajiIceriyorMu

2021-11-18 11:31:08 - [TEST_STEP][PASSED] - waitForElementVisible(findTestObject("Popup/Popup"), 10): Object 'Object Repository/Popup/Popup' is visible

2021-11-18 11:31:08 - [MESSAGE][INFO] - Finding Test Object 'Object Repository/Popup/Popup'

2021-11-18 11:31:08 - [MESSAGE][INFO] - Checking object

2021-11-18 11:31:08 - [MESSAGE][INFO] - Checking timeout

2021-11-18 11:31:08 - [MESSAGE][INFO] - Finding web element from Test Object's properties

2021-11-18 11:31:08 - [MESSAGE][INFO] - Checking timeout

2021-11-18 11:31:08 - [MESSAGE][INFO] - Finding web element with id: 'Object Repository/Popup/Popup' located by 'By.cssSelector: .bootbox-body' in '10' second(s)

2021-11-18 11:31:08 - [MESSAGE][INFO] - Smart Wait Function is triggered

2021-11-18 11:31:09 - [MESSAGE][INFO] - Found 1 web elements with id: 'Object Repository/Popup/Popup' located by 'By.cssSelector: .bootbox-body' in '10' second(s)

2021-11-18 11:31:09 - [MESSAGE][PASSED] - Object 'Object Repository/Popup/Popup' is visible

2021-11-18 11:31:09 - [TEST_STEP][PASSED] - if (!(getText(findTestObject("Popup/Popup")).contains(Mesaj))): Text of object 'Object Repository/Popup/Popup' is: 'Lütfen rapor bildiriminin gönderileceği e-posta adresini belirtiniz.
e-Posta Adresi'

2021-11-18 11:31:09 - [MESSAGE][INFO] - Finding Test Object 'Object Repository/Popup/Popup'

2021-11-18 11:31:09 - [MESSAGE][INFO] - Checking object

2021-11-18 11:31:09 - [MESSAGE][INFO] - Finding web element from Test Object's properties

2021-11-18 11:31:09 - [MESSAGE][INFO] - Checking timeout

2021-11-18 11:31:09 - [MESSAGE][INFO] - Finding web element with id: 'Object Repository/Popup/Popup' located by 'By.cssSelector: .bootbox-body' in '30' second(s)

2021-11-18 11:31:09 - [MESSAGE][INFO] - Smart Wait Function is triggered

2021-11-18 11:31:09 - [MESSAGE][INFO] - Found 1 web elements with id: 'Object Repository/Popup/Popup' located by 'By.cssSelector: .bootbox-body' in '30' second(s)

2021-11-18 11:31:09 - [MESSAGE][INFO] - Getting text of object 'Object Repository/Popup/Popup'

2021-11-18 11:31:09 - [MESSAGE][PASSED] - Text of object 'Object Repository/Popup/Popup' is: 'Lütfen rapor bildiriminin gönderileceği e-posta adresini belirtiniz.
e-Posta Adresi'

2021-11-18 11:31:09 - [TEST_STEP][PASSED] - RaporNo = getText(findTestObject("Popup/Popup")).substring(0, 6): Text of object 'Object Repository/Popup/Popup' is: 'Lütfen rapor bildiriminin gönderileceği e-posta adresini belirtiniz.
e-Posta Adresi'

2021-11-18 11:31:09 - [MESSAGE][INFO] - Finding Test Object 'Object Repository/Popup/Popup'

2021-11-18 11:31:09 - [MESSAGE][INFO] - Checking object

2021-11-18 11:31:09 - [MESSAGE][INFO] - Finding web element from Test Object's properties

2021-11-18 11:31:09 - [MESSAGE][INFO] - Checking timeout

2021-11-18 11:31:09 - [MESSAGE][INFO] - Finding web element with id: 'Object Repository/Popup/Popup' located by 'By.cssSelector: .bootbox-body' in '30' second(s)

2021-11-18 11:31:09 - [MESSAGE][INFO] - Smart Wait Function is triggered

2021-11-18 11:31:09 - [MESSAGE][INFO] - Found 1 web elements with id: 'Object Repository/Popup/Popup' located by 'By.cssSelector: .bootbox-body' in '30' second(s)

2021-11-18 11:31:09 - [MESSAGE][INFO] - Getting text of object 'Object Repository/Popup/Popup'

2021-11-18 11:31:09 - [MESSAGE][PASSED] - Text of object 'Object Repository/Popup/Popup' is: 'Lütfen rapor bildiriminin gönderileceği e-posta adresini belirtiniz.
e-Posta Adresi'

2021-11-18 11:31:09 - [TEST_STEP][PASSED] - Console.println(RaporNo): null

2021-11-18 11:31:09 - [MESSAGE][PASSED] - Call Test Case 'Test Cases/Popup/PopupMesajiIceriyorMu' successfully

2021-11-18 11:31:09 - [MESSAGE][INFO] - Checking called Test Case

2021-11-18 11:31:09 - [MESSAGE][INFO] - Starting to call Test Case 'Test Cases/Popup/PopupaEmailEklenir'

2021-11-18 11:31:09 - [TEST_CASE][PASSED] - Test Cases/Popup/PopupaEmailEklenir: Test Cases/Popup/PopupaEmailEklenir

2021-11-18 11:31:09 - [TEST_STEP][PASSED] - clearText(findTestObject("Popup/EmailText")): Text of object 'Object Repository/Popup/EmailText' is cleared

2021-11-18 11:31:09 - [MESSAGE][INFO] - Finding Test Object 'Object Repository/Popup/EmailText'

2021-11-18 11:31:09 - [MESSAGE][INFO] - Checking object

2021-11-18 11:31:09 - [MESSAGE][INFO] - Finding web element from Test Object's properties

2021-11-18 11:31:09 - [MESSAGE][INFO] - Checking timeout

2021-11-18 11:31:09 - [MESSAGE][INFO] - Finding web element with id: 'Object Repository/Popup/EmailText' located by 'By.xpath: //*[@id="eMails"]' in '30' second(s)

2021-11-18 11:31:09 - [MESSAGE][INFO] - Smart Wait Function is triggered

2021-11-18 11:31:10 - [MESSAGE][INFO] - Found 1 web elements with id: 'Object Repository/Popup/EmailText' located by 'By.xpath: //*[@id="eMails"]' in '30' second(s)

2021-11-18 11:31:10 - [MESSAGE][INFO] - Clearing text of object 'Object Repository/Popup/EmailText'

2021-11-18 11:31:10 - [MESSAGE][PASSED] - Text of object 'Object Repository/Popup/EmailText' is cleared

2021-11-18 11:31:10 - [TEST_STEP][PASSED] - sendKeys(findTestObject("Popup/EmailText"), Email): Keys 'elogotest@gmail.com;ali.kara@logo.com.tr' sent to object: 'Object Repository/Popup/EmailText'

2021-11-18 11:31:10 - [MESSAGE][INFO] - Finding Test Object 'Object Repository/Popup/EmailText'

2021-11-18 11:31:10 - [MESSAGE][INFO] - Sending keys 'elogotest@gmail.com;ali.kara@logo.com.tr' to object: 'Object Repository/Popup/EmailText'

2021-11-18 11:31:10 - [MESSAGE][INFO] - Finding web element from Test Object's properties

2021-11-18 11:31:10 - [MESSAGE][INFO] - Checking timeout

2021-11-18 11:31:10 - [MESSAGE][INFO] - Finding web element with id: 'Object Repository/Popup/EmailText' located by 'By.xpath: //*[@id="eMails"]' in '30' second(s)

2021-11-18 11:31:10 - [MESSAGE][INFO] - Smart Wait Function is triggered

2021-11-18 11:31:10 - [MESSAGE][INFO] - Found 1 web elements with id: 'Object Repository/Popup/EmailText' located by 'By.xpath: //*[@id="eMails"]' in '30' second(s)

2021-11-18 11:31:10 - [MESSAGE][PASSED] - Keys 'elogotest@gmail.com;ali.kara@logo.com.tr' sent to object: 'Object Repository/Popup/EmailText'

2021-11-18 11:31:10 - [MESSAGE][PASSED] - Call Test Case 'Test Cases/Popup/PopupaEmailEklenir' successfully

2021-11-18 11:31:10 - [MESSAGE][INFO] - Checking called Test Case

2021-11-18 11:31:10 - [MESSAGE][INFO] - Starting to call Test Case 'Test Cases/Popup/PopupButonSecilir'

2021-11-18 11:31:10 - [TEST_CASE][PASSED] - Test Cases/Popup/PopupButonSecilir: Test Cases/Popup/PopupButonSecilir

2021-11-18 11:31:10 - [TEST_STEP][PASSED] - Method.TextDegerineEsitElementeTikla(findTestObject("Popup/Popup_Butons"), Buton): Method.TextDegerineEsitElementeTikla is PASSED

2021-11-18 11:31:10 - [MESSAGE][INFO] - Finding Test Object 'Object Repository/Popup/Popup_Butons'

2021-11-18 11:31:10 - [MESSAGE][INFO] - Checking timeout

2021-11-18 11:31:10 - [MESSAGE][INFO] - Finding web element with id: 'Object Repository/Popup/Popup_Butons' located by 'By.cssSelector: .modal-footer>button' in '10' second(s)

2021-11-18 11:31:10 - [MESSAGE][INFO] - Smart Wait Function is triggered

2021-11-18 11:31:11 - [MESSAGE][INFO] - Found 2 web elements with id: 'Object Repository/Popup/Popup_Butons' located by 'By.cssSelector: .modal-footer>button' in '10' second(s)

2021-11-18 11:31:11 - [MESSAGE][PASSED] - Method.TextDegerineEsitElementeTikla is PASSED

2021-11-18 11:31:11 - [MESSAGE][PASSED] - Call Test Case 'Test Cases/Popup/PopupButonSecilir' successfully

2021-11-18 11:31:11 - [MESSAGE][INFO] - Checking called Test Case

2021-11-18 11:31:11 - [MESSAGE][INFO] - Starting to call Test Case 'Test Cases/Popup/PopupMesajiIceriyorMu'

2021-11-18 11:31:11 - [TEST_CASE][PASSED] - Test Cases/Popup/PopupMesajiIceriyorMu: Test Cases/Popup/PopupMesajiIceriyorMu

2021-11-18 11:31:11 - [TEST_STEP][PASSED] - waitForElementVisible(findTestObject("Popup/Popup"), 10): Object 'Object Repository/Popup/Popup' is visible

2021-11-18 11:31:11 - [MESSAGE][INFO] - Finding Test Object 'Object Repository/Popup/Popup'

2021-11-18 11:31:11 - [MESSAGE][INFO] - Checking object

2021-11-18 11:31:11 - [MESSAGE][INFO] - Checking timeout

2021-11-18 11:31:11 - [MESSAGE][INFO] - Finding web element from Test Object's properties

2021-11-18 11:31:11 - [MESSAGE][INFO] - Checking timeout

2021-11-18 11:31:11 - [MESSAGE][INFO] - Finding web element with id: 'Object Repository/Popup/Popup' located by 'By.cssSelector: .bootbox-body' in '10' second(s)

2021-11-18 11:31:11 - [MESSAGE][INFO] - Smart Wait Function is triggered

2021-11-18 11:31:12 - [MESSAGE][INFO] - Found 1 web elements with id: 'Object Repository/Popup/Popup' located by 'By.cssSelector: .bootbox-body' in '10' second(s)

2021-11-18 11:31:12 - [MESSAGE][PASSED] - Object 'Object Repository/Popup/Popup' is visible

2021-11-18 11:31:12 - [TEST_STEP][PASSED] - if (!(getText(findTestObject("Popup/Popup")).contains(Mesaj))): Text of object 'Object Repository/Popup/Popup' is: '17354 no’lu talebiniz işleme alınmıştır. Raporunuz hazırlandığında (elogotest@gmail.com;ali.kara@logo.com.tr) adresinize mail gönderilecektir.
Rapor durumunuzu Raporlar > Toplu Veri İndirme ekranından takip edebilir, hazırlandı durumundaki raporlarınızı ilgili menüden indirebilirsiniz.'

2021-11-18 11:31:12 - [MESSAGE][INFO] - Finding Test Object 'Object Repository/Popup/Popup'

2021-11-18 11:31:12 - [MESSAGE][INFO] - Checking object

2021-11-18 11:31:12 - [MESSAGE][INFO] - Finding web element from Test Object's properties

2021-11-18 11:31:12 - [MESSAGE][INFO] - Checking timeout

2021-11-18 11:31:12 - [MESSAGE][INFO] - Finding web element with id: 'Object Repository/Popup/Popup' located by 'By.cssSelector: .bootbox-body' in '30' second(s)

2021-11-18 11:31:12 - [MESSAGE][INFO] - Smart Wait Function is triggered

2021-11-18 11:31:12 - [MESSAGE][INFO] - Found 1 web elements with id: 'Object Repository/Popup/Popup' located by 'By.cssSelector: .bootbox-body' in '30' second(s)

2021-11-18 11:31:12 - [MESSAGE][INFO] - Getting text of object 'Object Repository/Popup/Popup'

2021-11-18 11:31:12 - [MESSAGE][PASSED] - Text of object 'Object Repository/Popup/Popup' is: '17354 no’lu talebiniz işleme alınmıştır. Raporunuz hazırlandığında (elogotest@gmail.com;ali.kara@logo.com.tr) adresinize mail gönderilecektir.
Rapor durumunuzu Raporlar > Toplu Veri İndirme ekranından takip edebilir, hazırlandı durumundaki raporlarınızı ilgili menüden indirebilirsiniz.'

2021-11-18 11:31:12 - [TEST_STEP][PASSED] - RaporNo = getText(findTestObject("Popup/Popup")).substring(0, 6): Text of object 'Object Repository/Popup/Popup' is: '17354 no’lu talebiniz işleme alınmıştır. Raporunuz hazırlandığında (elogotest@gmail.com;ali.kara@logo.com.tr) adresinize mail gönderilecektir.
Rapor durumunuzu Raporlar > Toplu Veri İndirme ekranından takip edebilir, hazırlandı durumundaki raporlarınızı ilgili menüden indirebilirsiniz.'

2021-11-18 11:31:12 - [MESSAGE][INFO] - Finding Test Object 'Object Repository/Popup/Popup'

2021-11-18 11:31:12 - [MESSAGE][INFO] - Checking object

2021-11-18 11:31:12 - [MESSAGE][INFO] - Finding web element from Test Object's properties

2021-11-18 11:31:12 - [MESSAGE][INFO] - Checking timeout

2021-11-18 11:31:12 - [MESSAGE][INFO] - Finding web element with id: 'Object Repository/Popup/Popup' located by 'By.cssSelector: .bootbox-body' in '30' second(s)

2021-11-18 11:31:12 - [MESSAGE][INFO] - Smart Wait Function is triggered

2021-11-18 11:31:12 - [MESSAGE][INFO] - Found 1 web elements with id: 'Object Repository/Popup/Popup' located by 'By.cssSelector: .bootbox-body' in '30' second(s)

2021-11-18 11:31:12 - [MESSAGE][INFO] - Getting text of object 'Object Repository/Popup/Popup'

2021-11-18 11:31:12 - [MESSAGE][PASSED] - Text of object 'Object Repository/Popup/Popup' is: '17354 no’lu talebiniz işleme alınmıştır. Raporunuz hazırlandığında (elogotest@gmail.com;ali.kara@logo.com.tr) adresinize mail gönderilecektir.
Rapor durumunuzu Raporlar > Toplu Veri İndirme ekranından takip edebilir, hazırlandı durumundaki raporlarınızı ilgili menüden indirebilirsiniz.'

2021-11-18 11:31:12 - [TEST_STEP][PASSED] - Console.println(RaporNo): null

2021-11-18 11:31:12 - [MESSAGE][PASSED] - Call Test Case 'Test Cases/Popup/PopupMesajiIceriyorMu' successfully

2021-11-18 11:31:12 - [MESSAGE][INFO] - Checking called Test Case

2021-11-18 11:31:12 - [MESSAGE][INFO] - Starting to call Test Case 'Test Cases/Popup/PopupButonSecilir'

2021-11-18 11:31:12 - [TEST_CASE][PASSED] - Test Cases/Popup/PopupButonSecilir: Test Cases/Popup/PopupButonSecilir

2021-11-18 11:31:12 - [TEST_STEP][PASSED] - Method.TextDegerineEsitElementeTikla(findTestObject("Popup/Popup_Butons"), Buton): Method.TextDegerineEsitElementeTikla is PASSED

2021-11-18 11:31:12 - [MESSAGE][INFO] - Finding Test Object 'Object Repository/Popup/Popup_Butons'

2021-11-18 11:31:13 - [MESSAGE][INFO] - Checking timeout

2021-11-18 11:31:13 - [MESSAGE][INFO] - Finding web element with id: 'Object Repository/Popup/Popup_Butons' located by 'By.cssSelector: .modal-footer>button' in '10' second(s)

2021-11-18 11:31:13 - [MESSAGE][INFO] - Smart Wait Function is triggered

2021-11-18 11:31:13 - [MESSAGE][INFO] - Found 1 web elements with id: 'Object Repository/Popup/Popup_Butons' located by 'By.cssSelector: .modal-footer>button' in '10' second(s)

2021-11-18 11:31:13 - [MESSAGE][PASSED] - Method.TextDegerineEsitElementeTikla is PASSED

2021-11-18 11:31:13 - [MESSAGE][PASSED] - Call Test Case 'Test Cases/Popup/PopupButonSecilir' successfully

2021-11-18 11:31:13 - [MESSAGE][INFO] - Checking called Test Case

2021-11-18 11:31:13 - [MESSAGE][INFO] - Starting to call Test Case 'Test Cases/Butonlar/ButonaTikla'

2021-11-18 11:31:13 - [TEST_CASE][PASSED] - Test Cases/Butonlar/ButonaTikla: Test Cases/Butonlar/ButonaTikla

2021-11-18 11:31:13 - [TEST_STEP][PASSED] - Method.TextDegerineEsitElementeTiklaEquals(findTestObject("Butonlar/Butonlar"), Buton_Adi): Method.TextDegerineEsitElementeTiklaEquals is PASSED

2021-11-18 11:31:13 - [MESSAGE][INFO] - Finding Test Object 'Object Repository/Butonlar/Butonlar'

2021-11-18 11:31:13 - [MESSAGE][INFO] - Checking timeout

2021-11-18 11:31:13 - [MESSAGE][INFO] - Finding web element with id: 'Object Repository/Butonlar/Butonlar' located by 'By.cssSelector: .panel.panel-default.text-center.footerPanel .btn,.btn.btn-primary.btnControls' in '10' second(s)

2021-11-18 11:31:13 - [MESSAGE][INFO] - Smart Wait Function is triggered

2021-11-18 11:31:14 - [MESSAGE][INFO] - Found 15 web elements with id: 'Object Repository/Butonlar/Butonlar' located by 'By.cssSelector: .panel.panel-default.text-center.footerPanel .btn,.btn.btn-primary.btnControls' in '10' second(s)

2021-11-18 11:31:14 - [MESSAGE][PASSED] - Method.TextDegerineEsitElementeTiklaEquals is PASSED

2021-11-18 11:31:14 - [MESSAGE][PASSED] - Call Test Case 'Test Cases/Butonlar/ButonaTikla' successfully

2021-11-18 11:31:14 - [MESSAGE][INFO] - Checking called Test Case

2021-11-18 11:31:14 - [MESSAGE][INFO] - Starting to call Test Case 'Test Cases/Butonlar/AltButonaTikla'

2021-11-18 11:31:14 - [TEST_CASE][PASSED] - Test Cases/Butonlar/AltButonaTikla: Test Cases/Butonlar/AltButonaTikla

2021-11-18 11:31:14 - [TEST_STEP][PASSED] - Method.TextDegerineEsitElementeTikla(findTestObject("Butonlar/AltButonlar"), Alt_Buton): Method.TextDegerineEsitElementeTikla is PASSED

2021-11-18 11:31:14 - [MESSAGE][INFO] - Finding Test Object 'Object Repository/Butonlar/AltButonlar'

2021-11-18 11:31:14 - [MESSAGE][INFO] - Checking timeout

2021-11-18 11:31:14 - [MESSAGE][INFO] - Finding web element with id: 'Object Repository/Butonlar/AltButonlar' located by 'By.cssSelector: .btn-group.open li>a' in '10' second(s)

2021-11-18 11:31:14 - [MESSAGE][INFO] - Smart Wait Function is triggered

2021-11-18 11:31:14 - [MESSAGE][INFO] - Found 4 web elements with id: 'Object Repository/Butonlar/AltButonlar' located by 'By.cssSelector: .btn-group.open li>a' in '10' second(s)

2021-11-18 11:31:15 - [MESSAGE][PASSED] - Method.TextDegerineEsitElementeTikla is PASSED

2021-11-18 11:31:15 - [MESSAGE][PASSED] - Call Test Case 'Test Cases/Butonlar/AltButonaTikla' successfully

2021-11-18 11:31:15 - [MESSAGE][INFO] - Checking called Test Case

2021-11-18 11:31:15 - [MESSAGE][INFO] - Starting to call Test Case 'Test Cases/Popup/PopupMesajiIceriyorMu'

2021-11-18 11:31:15 - [TEST_CASE][PASSED] - Test Cases/Popup/PopupMesajiIceriyorMu: Test Cases/Popup/PopupMesajiIceriyorMu

2021-11-18 11:31:15 - [TEST_STEP][PASSED] - waitForElementVisible(findTestObject("Popup/Popup"), 10): Object 'Object Repository/Popup/Popup' is visible

2021-11-18 11:31:15 - [MESSAGE][INFO] - Finding Test Object 'Object Repository/Popup/Popup'

2021-11-18 11:31:15 - [MESSAGE][INFO] - Checking object

2021-11-18 11:31:15 - [MESSAGE][INFO] - Checking timeout

2021-11-18 11:31:15 - [MESSAGE][INFO] - Finding web element from Test Object's properties

2021-11-18 11:31:15 - [MESSAGE][INFO] - Checking timeout

2021-11-18 11:31:15 - [MESSAGE][INFO] - Finding web element with id: 'Object Repository/Popup/Popup' located by 'By.cssSelector: .bootbox-body' in '10' second(s)

2021-11-18 11:31:15 - [MESSAGE][INFO] - Smart Wait Function is triggered

2021-11-18 11:31:15 - [MESSAGE][INFO] - Found 1 web elements with id: 'Object Repository/Popup/Popup' located by 'By.cssSelector: .bootbox-body' in '10' second(s)

2021-11-18 11:31:15 - [MESSAGE][PASSED] - Object 'Object Repository/Popup/Popup' is visible

2021-11-18 11:31:15 - [TEST_STEP][PASSED] - if (!(getText(findTestObject("Popup/Popup")).contains(Mesaj))): Text of object 'Object Repository/Popup/Popup' is: 'Lütfen rapor bildiriminin gönderileceği e-posta adresini belirtiniz.
e-Posta Adresi'

2021-11-18 11:31:15 - [MESSAGE][INFO] - Finding Test Object 'Object Repository/Popup/Popup'

2021-11-18 11:31:15 - [MESSAGE][INFO] - Checking object

2021-11-18 11:31:15 - [MESSAGE][INFO] - Finding web element from Test Object's properties

2021-11-18 11:31:15 - [MESSAGE][INFO] - Checking timeout

2021-11-18 11:31:15 - [MESSAGE][INFO] - Finding web element with id: 'Object Repository/Popup/Popup' located by 'By.cssSelector: .bootbox-body' in '30' second(s)

2021-11-18 11:31:15 - [MESSAGE][INFO] - Smart Wait Function is triggered

2021-11-18 11:31:15 - [MESSAGE][INFO] - Found 1 web elements with id: 'Object Repository/Popup/Popup' located by 'By.cssSelector: .bootbox-body' in '30' second(s)

2021-11-18 11:31:15 - [MESSAGE][INFO] - Getting text of object 'Object Repository/Popup/Popup'

2021-11-18 11:31:15 - [MESSAGE][PASSED] - Text of object 'Object Repository/Popup/Popup' is: 'Lütfen rapor bildiriminin gönderileceği e-posta adresini belirtiniz.
e-Posta Adresi'

2021-11-18 11:31:15 - [TEST_STEP][PASSED] - RaporNo = getText(findTestObject("Popup/Popup")).substring(0, 6): Text of object 'Object Repository/Popup/Popup' is: 'Lütfen rapor bildiriminin gönderileceği e-posta adresini belirtiniz.
e-Posta Adresi'

2021-11-18 11:31:15 - [MESSAGE][INFO] - Finding Test Object 'Object Repository/Popup/Popup'

2021-11-18 11:31:16 - [MESSAGE][INFO] - Checking object

2021-11-18 11:31:16 - [MESSAGE][INFO] - Finding web element from Test Object's properties

2021-11-18 11:31:16 - [MESSAGE][INFO] - Checking timeout

2021-11-18 11:31:16 - [MESSAGE][INFO] - Finding web element with id: 'Object Repository/Popup/Popup' located by 'By.cssSelector: .bootbox-body' in '30' second(s)

2021-11-18 11:31:16 - [MESSAGE][INFO] - Smart Wait Function is triggered

2021-11-18 11:31:16 - [MESSAGE][INFO] - Found 1 web elements with id: 'Object Repository/Popup/Popup' located by 'By.cssSelector: .bootbox-body' in '30' second(s)

2021-11-18 11:31:16 - [MESSAGE][INFO] - Getting text of object 'Object Repository/Popup/Popup'

2021-11-18 11:31:16 - [MESSAGE][PASSED] - Text of object 'Object Repository/Popup/Popup' is: 'Lütfen rapor bildiriminin gönderileceği e-posta adresini belirtiniz.
e-Posta Adresi'

2021-11-18 11:31:16 - [TEST_STEP][PASSED] - Console.println(RaporNo): null

2021-11-18 11:31:16 - [MESSAGE][PASSED] - Call Test Case 'Test Cases/Popup/PopupMesajiIceriyorMu' successfully

2021-11-18 11:31:16 - [MESSAGE][INFO] - Checking called Test Case

2021-11-18 11:31:16 - [MESSAGE][INFO] - Starting to call Test Case 'Test Cases/Popup/PopupaEmailEklenir'

2021-11-18 11:31:16 - [TEST_CASE][PASSED] - Test Cases/Popup/PopupaEmailEklenir: Test Cases/Popup/PopupaEmailEklenir

2021-11-18 11:31:16 - [TEST_STEP][PASSED] - clearText(findTestObject("Popup/EmailText")): Text of object 'Object Repository/Popup/EmailText' is cleared

2021-11-18 11:31:16 - [MESSAGE][INFO] - Finding Test Object 'Object Repository/Popup/EmailText'

2021-11-18 11:31:16 - [MESSAGE][INFO] - Checking object

2021-11-18 11:31:16 - [MESSAGE][INFO] - Finding web element from Test Object's properties

2021-11-18 11:31:16 - [MESSAGE][INFO] - Checking timeout

2021-11-18 11:31:16 - [MESSAGE][INFO] - Finding web element with id: 'Object Repository/Popup/EmailText' located by 'By.xpath: //*[@id="eMails"]' in '30' second(s)

2021-11-18 11:31:16 - [MESSAGE][INFO] - Smart Wait Function is triggered

2021-11-18 11:31:16 - [MESSAGE][INFO] - Found 1 web elements with id: 'Object Repository/Popup/EmailText' located by 'By.xpath: //*[@id="eMails"]' in '30' second(s)

2021-11-18 11:31:16 - [MESSAGE][INFO] - Clearing text of object 'Object Repository/Popup/EmailText'

2021-11-18 11:31:16 - [MESSAGE][PASSED] - Text of object 'Object Repository/Popup/EmailText' is cleared

2021-11-18 11:31:16 - [TEST_STEP][PASSED] - sendKeys(findTestObject("Popup/EmailText"), Email): Keys 'elogotest@gmail.com;ali.kara@logo.com.tr' sent to object: 'Object Repository/Popup/EmailText'

2021-11-18 11:31:16 - [MESSAGE][INFO] - Finding Test Object 'Object Repository/Popup/EmailText'

2021-11-18 11:31:16 - [MESSAGE][INFO] - Sending keys 'elogotest@gmail.com;ali.kara@logo.com.tr' to object: 'Object Repository/Popup/EmailText'

2021-11-18 11:31:16 - [MESSAGE][INFO] - Finding web element from Test Object's properties

2021-11-18 11:31:16 - [MESSAGE][INFO] - Checking timeout

2021-11-18 11:31:16 - [MESSAGE][INFO] - Finding web element with id: 'Object Repository/Popup/EmailText' located by 'By.xpath: //*[@id="eMails"]' in '30' second(s)

2021-11-18 11:31:16 - [MESSAGE][INFO] - Smart Wait Function is triggered

2021-11-18 11:31:17 - [MESSAGE][INFO] - Found 1 web elements with id: 'Object Repository/Popup/EmailText' located by 'By.xpath: //*[@id="eMails"]' in '30' second(s)

2021-11-18 11:31:17 - [MESSAGE][PASSED] - Keys 'elogotest@gmail.com;ali.kara@logo.com.tr' sent to object: 'Object Repository/Popup/EmailText'

2021-11-18 11:31:17 - [MESSAGE][PASSED] - Call Test Case 'Test Cases/Popup/PopupaEmailEklenir' successfully

2021-11-18 11:31:17 - [MESSAGE][INFO] - Checking called Test Case

2021-11-18 11:31:17 - [MESSAGE][INFO] - Starting to call Test Case 'Test Cases/Popup/PopupButonSecilir'

2021-11-18 11:31:17 - [TEST_CASE][PASSED] - Test Cases/Popup/PopupButonSecilir: Test Cases/Popup/PopupButonSecilir

2021-11-18 11:31:17 - [TEST_STEP][PASSED] - Method.TextDegerineEsitElementeTikla(findTestObject("Popup/Popup_Butons"), Buton): Method.TextDegerineEsitElementeTikla is PASSED

2021-11-18 11:31:17 - [MESSAGE][INFO] - Finding Test Object 'Object Repository/Popup/Popup_Butons'

2021-11-18 11:31:17 - [MESSAGE][INFO] - Checking timeout

2021-11-18 11:31:17 - [MESSAGE][INFO] - Finding web element with id: 'Object Repository/Popup/Popup_Butons' located by 'By.cssSelector: .modal-footer>button' in '10' second(s)

2021-11-18 11:31:17 - [MESSAGE][INFO] - Smart Wait Function is triggered

2021-11-18 11:31:17 - [MESSAGE][INFO] - Found 2 web elements with id: 'Object Repository/Popup/Popup_Butons' located by 'By.cssSelector: .modal-footer>button' in '10' second(s)

2021-11-18 11:31:17 - [MESSAGE][PASSED] - Method.TextDegerineEsitElementeTikla is PASSED

2021-11-18 11:31:17 - [MESSAGE][PASSED] - Call Test Case 'Test Cases/Popup/PopupButonSecilir' successfully

2021-11-18 11:31:17 - [MESSAGE][INFO] - Checking called Test Case

2021-11-18 11:31:17 - [MESSAGE][INFO] - Starting to call Test Case 'Test Cases/Popup/PopupMesajiIceriyorMu'

2021-11-18 11:31:17 - [TEST_CASE][PASSED] - Test Cases/Popup/PopupMesajiIceriyorMu: Test Cases/Popup/PopupMesajiIceriyorMu

2021-11-18 11:31:17 - [TEST_STEP][PASSED] - waitForElementVisible(findTestObject("Popup/Popup"), 10): Object 'Object Repository/Popup/Popup' is visible

2021-11-18 11:31:17 - [MESSAGE][INFO] - Finding Test Object 'Object Repository/Popup/Popup'

2021-11-18 11:31:17 - [MESSAGE][INFO] - Checking object

2021-11-18 11:31:17 - [MESSAGE][INFO] - Checking timeout

2021-11-18 11:31:17 - [MESSAGE][INFO] - Finding web element from Test Object's properties

2021-11-18 11:31:17 - [MESSAGE][INFO] - Checking timeout

2021-11-18 11:31:17 - [MESSAGE][INFO] - Finding web element with id: 'Object Repository/Popup/Popup' located by 'By.cssSelector: .bootbox-body' in '10' second(s)

2021-11-18 11:31:17 - [MESSAGE][INFO] - Smart Wait Function is triggered

2021-11-18 11:31:18 - [MESSAGE][INFO] - Found 1 web elements with id: 'Object Repository/Popup/Popup' located by 'By.cssSelector: .bootbox-body' in '10' second(s)

2021-11-18 11:31:18 - [MESSAGE][PASSED] - Object 'Object Repository/Popup/Popup' is visible

2021-11-18 11:31:18 - [TEST_STEP][PASSED] - if (!(getText(findTestObject("Popup/Popup")).contains(Mesaj))): Text of object 'Object Repository/Popup/Popup' is: '17355 no’lu talebiniz işleme alınmıştır. Raporunuz hazırlandığında (elogotest@gmail.com;ali.kara@logo.com.tr) adresinize mail gönderilecektir.
Rapor durumunuzu Raporlar > Toplu Veri İndirme ekranından takip edebilir, hazırlandı durumundaki raporlarınızı ilgili menüden indirebilirsiniz.'

2021-11-18 11:31:18 - [MESSAGE][INFO] - Finding Test Object 'Object Repository/Popup/Popup'

2021-11-18 11:31:18 - [MESSAGE][INFO] - Checking object

2021-11-18 11:31:18 - [MESSAGE][INFO] - Finding web element from Test Object's properties

2021-11-18 11:31:18 - [MESSAGE][INFO] - Checking timeout

2021-11-18 11:31:18 - [MESSAGE][INFO] - Finding web element with id: 'Object Repository/Popup/Popup' located by 'By.cssSelector: .bootbox-body' in '30' second(s)

2021-11-18 11:31:18 - [MESSAGE][INFO] - Smart Wait Function is triggered

2021-11-18 11:31:19 - [MESSAGE][INFO] - Found 1 web elements with id: 'Object Repository/Popup/Popup' located by 'By.cssSelector: .bootbox-body' in '30' second(s)

2021-11-18 11:31:19 - [MESSAGE][INFO] - Getting text of object 'Object Repository/Popup/Popup'

2021-11-18 11:31:19 - [MESSAGE][PASSED] - Text of object 'Object Repository/Popup/Popup' is: '17355 no’lu talebiniz işleme alınmıştır. Raporunuz hazırlandığında (elogotest@gmail.com;ali.kara@logo.com.tr) adresinize mail gönderilecektir.
Rapor durumunuzu Raporlar > Toplu Veri İndirme ekranından takip edebilir, hazırlandı durumundaki raporlarınızı ilgili menüden indirebilirsiniz.'

2021-11-18 11:31:19 - [TEST_STEP][PASSED] - RaporNo = getText(findTestObject("Popup/Popup")).substring(0, 6): Text of object 'Object Repository/Popup/Popup' is: '17355 no’lu talebiniz işleme alınmıştır. Raporunuz hazırlandığında (elogotest@gmail.com;ali.kara@logo.com.tr) adresinize mail gönderilecektir.
Rapor durumunuzu Raporlar > Toplu Veri İndirme ekranından takip edebilir, hazırlandı durumundaki raporlarınızı ilgili menüden indirebilirsiniz.'

2021-11-18 11:31:19 - [MESSAGE][INFO] - Finding Test Object 'Object Repository/Popup/Popup'

2021-11-18 11:31:19 - [MESSAGE][INFO] - Checking object

2021-11-18 11:31:19 - [MESSAGE][INFO] - Finding web element from Test Object's properties

2021-11-18 11:31:19 - [MESSAGE][INFO] - Checking timeout

2021-11-18 11:31:19 - [MESSAGE][INFO] - Finding web element with id: 'Object Repository/Popup/Popup' located by 'By.cssSelector: .bootbox-body' in '30' second(s)

2021-11-18 11:31:19 - [MESSAGE][INFO] - Smart Wait Function is triggered

2021-11-18 11:31:19 - [MESSAGE][INFO] - Found 1 web elements with id: 'Object Repository/Popup/Popup' located by 'By.cssSelector: .bootbox-body' in '30' second(s)

2021-11-18 11:31:19 - [MESSAGE][INFO] - Getting text of object 'Object Repository/Popup/Popup'

2021-11-18 11:31:19 - [MESSAGE][PASSED] - Text of object 'Object Repository/Popup/Popup' is: '17355 no’lu talebiniz işleme alınmıştır. Raporunuz hazırlandığında (elogotest@gmail.com;ali.kara@logo.com.tr) adresinize mail gönderilecektir.
Rapor durumunuzu Raporlar > Toplu Veri İndirme ekranından takip edebilir, hazırlandı durumundaki raporlarınızı ilgili menüden indirebilirsiniz.'

2021-11-18 11:31:19 - [TEST_STEP][PASSED] - Console.println(RaporNo): null

2021-11-18 11:31:19 - [MESSAGE][PASSED] - Call Test Case 'Test Cases/Popup/PopupMesajiIceriyorMu' successfully

2021-11-18 11:31:19 - [MESSAGE][INFO] - Checking called Test Case

2021-11-18 11:31:19 - [MESSAGE][INFO] - Starting to call Test Case 'Test Cases/Popup/PopupButonSecilir'

2021-11-18 11:31:19 - [TEST_CASE][PASSED] - Test Cases/Popup/PopupButonSecilir: Test Cases/Popup/PopupButonSecilir

2021-11-18 11:31:19 - [TEST_STEP][PASSED] - Method.TextDegerineEsitElementeTikla(findTestObject("Popup/Popup_Butons"), Buton): Method.TextDegerineEsitElementeTikla is PASSED

2021-11-18 11:31:19 - [MESSAGE][INFO] - Finding Test Object 'Object Repository/Popup/Popup_Butons'

2021-11-18 11:31:19 - [MESSAGE][INFO] - Checking timeout

2021-11-18 11:31:19 - [MESSAGE][INFO] - Finding web element with id: 'Object Repository/Popup/Popup_Butons' located by 'By.cssSelector: .modal-footer>button' in '10' second(s)

2021-11-18 11:31:19 - [MESSAGE][INFO] - Smart Wait Function is triggered

2021-11-18 11:31:19 - [MESSAGE][INFO] - Found 1 web elements with id: 'Object Repository/Popup/Popup_Butons' located by 'By.cssSelector: .modal-footer>button' in '10' second(s)

2021-11-18 11:31:19 - [MESSAGE][PASSED] - Method.TextDegerineEsitElementeTikla is PASSED

2021-11-18 11:31:19 - [MESSAGE][PASSED] - Call Test Case 'Test Cases/Popup/PopupButonSecilir' successfully

2021-11-18 11:31:19 - [MESSAGE][INFO] - Checking called Test Case

2021-11-18 11:31:19 - [MESSAGE][INFO] - Starting to call Test Case 'Test Cases/Menu/AnaMenuSecimi'

2021-11-18 11:31:19 - [TEST_CASE][PASSED] - Test Cases/Menu/AnaMenuSecimi: Test Cases/Menu/AnaMenuSecimi

2021-11-18 11:31:20 - [TEST_STEP][PASSED] - Method.TextDegerineEsitElementeTikla(findTestObject("Menu/Ana_Menu"), Ana_Menu): Method.TextDegerineEsitElementeTikla is PASSED

2021-11-18 11:31:20 - [MESSAGE][INFO] - Finding Test Object 'Object Repository/Menu/Ana_Menu'

2021-11-18 11:31:20 - [MESSAGE][INFO] - Checking timeout

2021-11-18 11:31:20 - [MESSAGE][INFO] - Finding web element with id: 'Object Repository/Menu/Ana_Menu' located by 'By.xpath: //*[@class = 'dropdown-toggle']' in '10' second(s)

2021-11-18 11:31:20 - [MESSAGE][INFO] - Smart Wait Function is triggered

2021-11-18 11:31:20 - [MESSAGE][INFO] - Found 14 web elements with id: 'Object Repository/Menu/Ana_Menu' located by 'By.xpath: //*[@class = 'dropdown-toggle']' in '10' second(s)

2021-11-18 11:31:20 - [MESSAGE][PASSED] - Method.TextDegerineEsitElementeTikla is PASSED

2021-11-18 11:31:20 - [MESSAGE][PASSED] - Call Test Case 'Test Cases/Menu/AnaMenuSecimi' successfully

2021-11-18 11:31:20 - [MESSAGE][INFO] - Checking called Test Case

2021-11-18 11:31:20 - [MESSAGE][INFO] - Starting to call Test Case 'Test Cases/Menu/AltMenuSecimi'

2021-11-18 11:31:20 - [TEST_CASE][PASSED] - Test Cases/Menu/AltMenuSecimi: Test Cases/Menu/AltMenuSecimi

2021-11-18 11:31:20 - [TEST_STEP][PASSED] - Method.TextDegerineEsitElementeTikla(findTestObject("Menu/Alt_Menu"), Alt_Menu): Method.TextDegerineEsitElementeTikla is PASSED

2021-11-18 11:31:20 - [MESSAGE][INFO] - Finding Test Object 'Object Repository/Menu/Alt_Menu'

2021-11-18 11:31:21 - [MESSAGE][INFO] - Checking timeout

2021-11-18 11:31:21 - [MESSAGE][INFO] - Finding web element with id: 'Object Repository/Menu/Alt_Menu' located by 'By.xpath: //li[@class='dropdown dropdown-large open']//li[@class='dropdown-element']' in '10' second(s)

2021-11-18 11:31:21 - [MESSAGE][INFO] - Smart Wait Function is triggered

2021-11-18 11:31:21 - [MESSAGE][INFO] - Found 9 web elements with id: 'Object Repository/Menu/Alt_Menu' located by 'By.xpath: //li[@class='dropdown dropdown-large open']//li[@class='dropdown-element']' in '10' second(s)

2021-11-18 11:31:22 - [MESSAGE][PASSED] - Method.TextDegerineEsitElementeTikla is PASSED

2021-11-18 11:31:22 - [MESSAGE][PASSED] - Call Test Case 'Test Cases/Menu/AltMenuSecimi' successfully

2021-11-18 11:31:22 - [MESSAGE][INFO] - Checking called Test Case

2021-11-18 11:31:22 - [MESSAGE][INFO] - Starting to call Test Case 'Test Cases/Filtreler/RaporNoYaz'

2021-11-18 11:31:22 - [TEST_CASE][PASSED] - Test Cases/Filtreler/RaporNoYaz: Test Cases/Filtreler/RaporNoYaz

2021-11-18 11:31:22 - [TEST_STEP][PASSED] - Method.TextDegerineEsitElementinAltindakiTextboxtaYaz(findTestObject("Filtreler/Basliklar"), findTestObject("Filtreler/Basliga_Gore_Textbox"), "Talep No", RaporNo): Method.TextDegerineEsitElementinAltindakiTextboxtaYaz is PASSED

2021-11-18 11:31:22 - [MESSAGE][INFO] - Finding Test Object 'Object Repository/Filtreler/Basliklar'

2021-11-18 11:31:22 - [MESSAGE][INFO] - Finding Test Object 'Object Repository/Filtreler/Basliga_Gore_Textbox'

2021-11-18 11:31:22 - [MESSAGE][INFO] - Checking timeout

2021-11-18 11:31:22 - [MESSAGE][INFO] - Finding web element with id: 'Object Repository/Filtreler/Basliklar' located by 'By.cssSelector: .control-label.col-sm-4.paddingMarginRLC' in '10' second(s)

2021-11-18 11:31:22 - [MESSAGE][INFO] - Smart Wait Function is triggered

2021-11-18 11:31:23 - [MESSAGE][INFO] - Found 8 web elements with id: 'Object Repository/Filtreler/Basliklar' located by 'By.cssSelector: .control-label.col-sm-4.paddingMarginRLC' in '10' second(s)

2021-11-18 11:31:23 - [MESSAGE][INFO] - Smart Wait Function is triggered

2021-11-18 11:31:23 - [MESSAGE][PASSED] - Method.TextDegerineEsitElementinAltindakiTextboxtaYaz is PASSED

2021-11-18 11:31:23 - [MESSAGE][PASSED] - Call Test Case 'Test Cases/Filtreler/RaporNoYaz' successfully

2021-11-18 11:31:23 - [MESSAGE][INFO] - Checking called Test Case

2021-11-18 11:31:23 - [MESSAGE][INFO] - Starting to call Test Case 'Test Cases/Filtreler/ButonaTikla'

2021-11-18 11:31:23 - [TEST_CASE][PASSED] - Test Cases/Filtreler/ButonaTikla: Test Cases/Filtreler/ButonaTikla

2021-11-18 11:31:23 - [TEST_STEP][PASSED] - Method.TextDegerineEsitElementeTikla(findTestObject("Filtreler/Butonlar"), Filtre_Buton): Method.TextDegerineEsitElementeTikla is PASSED

2021-11-18 11:31:23 - [MESSAGE][INFO] - Finding Test Object 'Object Repository/Filtreler/Butonlar'

2021-11-18 11:31:23 - [MESSAGE][INFO] - Checking timeout

2021-11-18 11:31:23 - [MESSAGE][INFO] - Finding web element with id: 'Object Repository/Filtreler/Butonlar' located by 'By.cssSelector: .dxb>span' in '10' second(s)

2021-11-18 11:31:23 - [MESSAGE][INFO] - Smart Wait Function is triggered

2021-11-18 11:31:24 - [MESSAGE][INFO] - Found 2 web elements with id: 'Object Repository/Filtreler/Butonlar' located by 'By.cssSelector: .dxb>span' in '10' second(s)

2021-11-18 11:31:24 - [MESSAGE][PASSED] - Method.TextDegerineEsitElementeTikla is PASSED

2021-11-18 11:31:24 - [MESSAGE][PASSED] - Call Test Case 'Test Cases/Filtreler/ButonaTikla' successfully

2021-11-18 11:31:24 - [MESSAGE][INFO] - Checking called Test Case

2021-11-18 11:31:24 - [MESSAGE][INFO] - Starting to call Test Case 'Test Cases/Tablo/TablodaVeriVarMi'

2021-11-18 11:31:24 - [TEST_CASE][PASSED] - Test Cases/Tablo/TablodaVeriVarMi: Test Cases/Tablo/TablodaVeriVarMi

2021-11-18 11:31:24 - [TEST_STEP][PASSED] - verifyTextNotPresent("Görüntülenecek veri yok", true): Text 'Görüntülenecek veri yok' is not present on page using regular expression

2021-11-18 11:31:24 - [MESSAGE][INFO] - Checking text present  using regular expression

2021-11-18 11:31:24 - [MESSAGE][INFO] - Smart Wait Function is triggered

2021-11-18 11:31:25 - [MESSAGE][INFO] - Finding text 'Görüntülenecek veri yok' on page  using regular expression

2021-11-18 11:31:25 - [MESSAGE][PASSED] - Text 'Görüntülenecek veri yok' is not present on page using regular expression

2021-11-18 11:31:25 - [MESSAGE][PASSED] - Call Test Case 'Test Cases/Tablo/TablodaVeriVarMi' successfully

2021-11-18 11:31:25 - [MESSAGE][INFO] - Checking called Test Case

2021-11-18 11:31:25 - [MESSAGE][INFO] - Starting to call Test Case 'Test Cases/Kullanici_Islemleri/KullaniciIslemlerindenSecimYapilir'

2021-11-18 11:31:25 - [TEST_CASE][PASSED] - Test Cases/Kullanici_Islemleri/KullaniciIslemlerindenSecimYapilir: Test Cases/Kullanici_Islemleri/KullaniciIslemlerindenSecimYapilir

2021-11-18 11:31:25 - [TEST_STEP][PASSED] - waitForElementClickable(findTestObject("Object Repository/Kullanici_Islemleri/KullaniciIslemleri"), 10): Object 'Object Repository/Kullanici_Islemleri/KullaniciIslemleri' is clickable

2021-11-18 11:31:25 - [MESSAGE][INFO] - Finding Test Object 'Object Repository/Kullanici_Islemleri/KullaniciIslemleri'

2021-11-18 11:31:25 - [MESSAGE][INFO] - Checking object

2021-11-18 11:31:25 - [MESSAGE][INFO] - Checking timeout

2021-11-18 11:31:25 - [MESSAGE][INFO] - Finding web element from Test Object's properties

2021-11-18 11:31:25 - [MESSAGE][INFO] - Checking timeout

2021-11-18 11:31:25 - [MESSAGE][INFO] - Finding web element with id: 'Object Repository/Kullanici_Islemleri/KullaniciIslemleri' located by 'By.cssSelector: .dropdown>a>img' in '10' second(s)

2021-11-18 11:31:25 - [MESSAGE][INFO] - Smart Wait Function is triggered

2021-11-18 11:31:25 - [MESSAGE][INFO] - Found 1 web elements with id: 'Object Repository/Kullanici_Islemleri/KullaniciIslemleri' located by 'By.cssSelector: .dropdown>a>img' in '10' second(s)

2021-11-18 11:31:25 - [MESSAGE][PASSED] - Object 'Object Repository/Kullanici_Islemleri/KullaniciIslemleri' is clickable

2021-11-18 11:31:25 - [TEST_STEP][PASSED] - click(findTestObject("Object Repository/Kullanici_Islemleri/KullaniciIslemleri")): Object: 'Object Repository/Kullanici_Islemleri/KullaniciIslemleri' is clicked on

2021-11-18 11:31:25 - [MESSAGE][INFO] - Finding Test Object 'Object Repository/Kullanici_Islemleri/KullaniciIslemleri'

2021-11-18 11:31:25 - [MESSAGE][INFO] - Checking object

2021-11-18 11:31:25 - [MESSAGE][INFO] - Finding web element from Test Object's properties

2021-11-18 11:31:25 - [MESSAGE][INFO] - Checking timeout

2021-11-18 11:31:25 - [MESSAGE][INFO] - Finding web element with id: 'Object Repository/Kullanici_Islemleri/KullaniciIslemleri' located by 'By.cssSelector: .dropdown>a>img' in '30' second(s)

2021-11-18 11:31:25 - [MESSAGE][INFO] - Smart Wait Function is triggered

2021-11-18 11:31:26 - [MESSAGE][INFO] - Found 1 web elements with id: 'Object Repository/Kullanici_Islemleri/KullaniciIslemleri' located by 'By.cssSelector: .dropdown>a>img' in '30' second(s)

2021-11-18 11:31:26 - [MESSAGE][INFO] - Clicking on object: 'Object Repository/Kullanici_Islemleri/KullaniciIslemleri'

2021-11-18 11:31:26 - [MESSAGE][PASSED] - Object: 'Object Repository/Kullanici_Islemleri/KullaniciIslemleri' is clicked on

2021-11-18 11:31:26 - [TEST_STEP][PASSED] - Method.TextDegerineEsitElementeTikla(findTestObject("Object Repository/Kullanici_Islemleri/Secenekler"), Islem): Method.TextDegerineEsitElementeTikla is PASSED

2021-11-18 11:31:26 - [MESSAGE][INFO] - Finding Test Object 'Object Repository/Kullanici_Islemleri/Secenekler'

2021-11-18 11:31:26 - [MESSAGE][INFO] - Checking timeout

2021-11-18 11:31:26 - [MESSAGE][INFO] - Finding web element with id: 'Object Repository/Kullanici_Islemleri/Secenekler' located by 'By.cssSelector: .nav.navbar-nav.navbar-right li a' in '10' second(s)

2021-11-18 11:31:26 - [MESSAGE][INFO] - Smart Wait Function is triggered

2021-11-18 11:31:26 - [MESSAGE][INFO] - Found 22 web elements with id: 'Object Repository/Kullanici_Islemleri/Secenekler' located by 'By.cssSelector: .nav.navbar-nav.navbar-right li a' in '10' second(s)

2021-11-18 11:31:28 - [MESSAGE][PASSED] - Method.TextDegerineEsitElementeTikla is PASSED

2021-11-18 11:31:28 - [TEST_STEP][PASSED] - verifyElementNotPresent(findTestObject("Object Repository/Kullanici_Islemleri/Secenekler"), 10): Web element with id: 'Object Repository/Kullanici_Islemleri/Secenekler' located by 'By.cssSelector: .nav.navbar-nav.navbar-right li a' is not present after '10' second(s)

2021-11-18 11:31:28 - [MESSAGE][INFO] - Finding Test Object 'Object Repository/Kullanici_Islemleri/Secenekler'

2021-11-18 11:31:28 - [MESSAGE][INFO] - Checking object

2021-11-18 11:31:28 - [MESSAGE][INFO] - Checking timeout

2021-11-18 11:31:28 - [MESSAGE][INFO] - Finding web element with id: 'Object Repository/Kullanici_Islemleri/Secenekler' located by 'By.cssSelector: .nav.navbar-nav.navbar-right li a' in '10' second(s)

2021-11-18 11:31:28 - [MESSAGE][INFO] - Smart Wait Function is triggered

2021-11-18 11:31:28 - [MESSAGE][PASSED] - Web element with id: 'Object Repository/Kullanici_Islemleri/Secenekler' located by 'By.cssSelector: .nav.navbar-nav.navbar-right li a' is not present after '10' second(s)

2021-11-18 11:31:28 - [MESSAGE][PASSED] - Call Test Case 'Test Cases/Kullanici_Islemleri/KullaniciIslemlerindenSecimYapilir' successfully

2021-11-18 11:31:28 - [TEST_CASE][PASSED] - Start Test Case : SCENARIO e-Fatura Gelen Kutusu Toplu Indirme - PDF Secilenlerin indirilmesi: SCENARIO e-Fatura Gelen Kutusu Toplu Indirme - PDF Secilenlerin indirilmesi

2021-11-18 11:31:28 - [TEST_STEP][PASSED] - Kullanıcı adı ELOGO6 ve Şifre 123456 olarak giriş yapılır: Kullanıcı adı ELOGO6 ve Şifre 123456 olarak giriş yapılır

2021-11-18 11:31:28 - [MESSAGE][PASSED] - Kullanıcı adı ELOGO6 ve Şifre 123456 olarak giriş yapılır

2021-11-18 11:31:28 - [TEST_STEP][PASSED] - Ana menüden e-Fatura seçilir: Ana menüden e-Fatura seçilir

2021-11-18 11:31:28 - [MESSAGE][PASSED] - Ana menüden e-Fatura seçilir

2021-11-18 11:31:28 - [TEST_STEP][PASSED] - Alt menü Gelen Kutusu başlığı altındaki Faturalar seçilir: Alt menü Gelen Kutusu başlığı altındaki Faturalar seçilir

2021-11-18 11:31:28 - [MESSAGE][PASSED] - Alt menü Gelen Kutusu başlığı altındaki Faturalar seçilir

2021-11-18 11:31:28 - [TEST_STEP][PASSED] - Filtrelerden Oluşturma Tarihi filtresine 01.12.2020 baslangic degerini yaz: Filtrelerden Oluşturma Tarihi filtresine 01.12.2020 baslangic degerini yaz

2021-11-18 11:31:28 - [MESSAGE][PASSED] - Filtrelerden Oluşturma Tarihi filtresine 01.12.2020 baslangic degerini yaz

2021-11-18 11:31:28 - [TEST_STEP][PASSED] - Filtrelerden Oluşturma Tarihi filtresine 31.12.2020 bitis degerini yaz: Filtrelerden Oluşturma Tarihi filtresine 31.12.2020 bitis degerini yaz

2021-11-18 11:31:28 - [MESSAGE][PASSED] - Filtrelerden Oluşturma Tarihi filtresine 31.12.2020 bitis degerini yaz

2021-11-18 11:31:28 - [TEST_STEP][PASSED] - Filtrelerden Gönderici Ünvanı filtresine E LOGO 6 textini yaz: Filtrelerden Gönderici Ünvanı filtresine E LOGO 6 textini yaz

2021-11-18 11:31:28 - [MESSAGE][PASSED] - Filtrelerden Gönderici Ünvanı filtresine E LOGO 6 textini yaz

2021-11-18 11:31:28 - [TEST_STEP][PASSED] - Filtre butonlarından Listele seçilir: Filtre butonlarından Listele seçilir

2021-11-18 11:31:28 - [MESSAGE][PASSED] - Filtre butonlarından Listele seçilir

2021-11-18 11:31:28 - [TEST_STEP][PASSED] - Tabloda veri var mı kontrol edilir: Tabloda veri var mı kontrol edilir

2021-11-18 11:31:28 - [MESSAGE][PASSED] - Tabloda veri var mı kontrol edilir

2021-11-18 11:31:28 - [TEST_STEP][PASSED] - Tablodan E LOGO 6 isimli veri seçilir: Tablodan E LOGO 6 isimli veri seçilir

2021-11-18 11:31:28 - [MESSAGE][PASSED] - Tablodan E LOGO 6 isimli veri seçilir

2021-11-18 11:31:28 - [TEST_STEP][PASSED] - Butonlardan Toplu İndirme isimli butona tıklanır: Butonlardan Toplu İndirme isimli butona tıklanır

2021-11-18 11:31:28 - [MESSAGE][PASSED] - Butonlardan Toplu İndirme isimli butona tıklanır

2021-11-18 11:31:28 - [TEST_STEP][PASSED] - Alt butonlardan PDF Seçilenleri İndir butonuna tıklanır: Alt butonlardan PDF Seçilenleri İndir butonuna tıklanır

2021-11-18 11:31:28 - [MESSAGE][PASSED] - Alt butonlardan PDF Seçilenleri İndir butonuna tıklanır

2021-11-18 11:31:28 - [TEST_STEP][PASSED] - Popup mesajı Lütfen rapor bildiriminin gönderileceği e-posta adresini belirtiniz. içeriyor mu: Popup mesajı Lütfen rapor bildiriminin gönderileceği e-posta adresini belirtiniz. içeriyor mu

2021-11-18 11:31:28 - [MESSAGE][PASSED] - Popup mesajı Lütfen rapor bildiriminin gönderileceği e-posta adresini belirtiniz. içeriyor mu

2021-11-18 11:31:28 - [TEST_STEP][PASSED] - Popup email elogotest@gmail.com;ali.kara@logo.com.tr olarak girilir: Popup email elogotest@gmail.com;ali.kara@logo.com.tr olarak girilir

2021-11-18 11:31:28 - [MESSAGE][PASSED] - Popup email elogotest@gmail.com;ali.kara@logo.com.tr olarak girilir

2021-11-18 11:31:28 - [TEST_STEP][PASSED] - Yönetim popupında Gönder seçilir: Yönetim popupında Gönder seçilir

2021-11-18 11:31:28 - [MESSAGE][PASSED] - Yönetim popupında Gönder seçilir

2021-11-18 11:31:28 - [TEST_STEP][PASSED] - Popup mesajı talebiniz işleme alınmıştır içeriyor mu: Popup mesajı talebiniz işleme alınmıştır içeriyor mu

2021-11-18 11:31:28 - [MESSAGE][PASSED] - Popup mesajı talebiniz işleme alınmıştır içeriyor mu

2021-11-18 11:31:28 - [TEST_STEP][PASSED] - Yönetim popupında Tamam seçilir: Yönetim popupında Tamam seçilir

2021-11-18 11:31:28 - [MESSAGE][PASSED] - Yönetim popupında Tamam seçilir

2021-11-18 11:31:28 - [TEST_STEP][PASSED] - Butonlardan Toplu İndirme isimli butona tıklanır: Butonlardan Toplu İndirme isimli butona tıklanır

2021-11-18 11:31:28 - [MESSAGE][PASSED] - Butonlardan Toplu İndirme isimli butona tıklanır

2021-11-18 11:31:28 - [TEST_STEP][PASSED] - Alt butonlardan PDF Tümünü İndir butonuna tıklanır: Alt butonlardan PDF Tümünü İndir butonuna tıklanır

2021-11-18 11:31:28 - [MESSAGE][PASSED] - Alt butonlardan PDF Tümünü İndir butonuna tıklanır

2021-11-18 11:31:28 - [TEST_STEP][PASSED] - Popup mesajı Lütfen rapor bildiriminin gönderileceği e-posta adresini belirtiniz. içeriyor mu: Popup mesajı Lütfen rapor bildiriminin gönderileceği e-posta adresini belirtiniz. içeriyor mu

2021-11-18 11:31:28 - [MESSAGE][PASSED] - Popup mesajı Lütfen rapor bildiriminin gönderileceği e-posta adresini belirtiniz. içeriyor mu

2021-11-18 11:31:28 - [TEST_STEP][PASSED] - Popup email elogotest@gmail.com;ali.kara@logo.com.tr olarak girilir: Popup email elogotest@gmail.com;ali.kara@logo.com.tr olarak girilir

2021-11-18 11:31:28 - [MESSAGE][PASSED] - Popup email elogotest@gmail.com;ali.kara@logo.com.tr olarak girilir

2021-11-18 11:31:28 - [TEST_STEP][PASSED] - Yönetim popupında Gönder seçilir: Yönetim popupında Gönder seçilir

2021-11-18 11:31:28 - [MESSAGE][PASSED] - Yönetim popupında Gönder seçilir

2021-11-18 11:31:28 - [TEST_STEP][PASSED] - Popup mesajı talebiniz işleme alınmıştır içeriyor mu: Popup mesajı talebiniz işleme alınmıştır içeriyor mu

2021-11-18 11:31:28 - [MESSAGE][PASSED] - Popup mesajı talebiniz işleme alınmıştır içeriyor mu

2021-11-18 11:31:28 - [TEST_STEP][PASSED] - Yönetim popupında Tamam seçilir: Yönetim popupında Tamam seçilir

2021-11-18 11:31:28 - [MESSAGE][PASSED] - Yönetim popupında Tamam seçilir

2021-11-18 11:31:28 - [TEST_STEP][PASSED] - Butonlardan Toplu İndirme isimli butona tıklanır: Butonlardan Toplu İndirme isimli butona tıklanır

2021-11-18 11:31:28 - [MESSAGE][PASSED] - Butonlardan Toplu İndirme isimli butona tıklanır

2021-11-18 11:31:28 - [TEST_STEP][PASSED] - Alt butonlardan UBL Seçilenleri İndir butonuna tıklanır: Alt butonlardan UBL Seçilenleri İndir butonuna tıklanır

2021-11-18 11:31:28 - [MESSAGE][PASSED] - Alt butonlardan UBL Seçilenleri İndir butonuna tıklanır

2021-11-18 11:31:28 - [TEST_STEP][PASSED] - Popup mesajı Lütfen rapor bildiriminin gönderileceği e-posta adresini belirtiniz. içeriyor mu: Popup mesajı Lütfen rapor bildiriminin gönderileceği e-posta adresini belirtiniz. içeriyor mu

2021-11-18 11:31:28 - [MESSAGE][PASSED] - Popup mesajı Lütfen rapor bildiriminin gönderileceği e-posta adresini belirtiniz. içeriyor mu

2021-11-18 11:31:28 - [TEST_STEP][PASSED] - Popup email elogotest@gmail.com;ali.kara@logo.com.tr olarak girilir: Popup email elogotest@gmail.com;ali.kara@logo.com.tr olarak girilir

2021-11-18 11:31:28 - [MESSAGE][PASSED] - Popup email elogotest@gmail.com;ali.kara@logo.com.tr olarak girilir

2021-11-18 11:31:28 - [TEST_STEP][PASSED] - Yönetim popupında Gönder seçilir: Yönetim popupında Gönder seçilir

2021-11-18 11:31:28 - [MESSAGE][PASSED] - Yönetim popupında Gönder seçilir

2021-11-18 11:31:28 - [TEST_STEP][PASSED] - Popup mesajı talebiniz işleme alınmıştır içeriyor mu: Popup mesajı talebiniz işleme alınmıştır içeriyor mu

2021-11-18 11:31:28 - [MESSAGE][PASSED] - Popup mesajı talebiniz işleme alınmıştır içeriyor mu

2021-11-18 11:31:28 - [TEST_STEP][PASSED] - Yönetim popupında Tamam seçilir: Yönetim popupında Tamam seçilir

2021-11-18 11:31:28 - [MESSAGE][PASSED] - Yönetim popupında Tamam seçilir

2021-11-18 11:31:28 - [TEST_STEP][PASSED] - Butonlardan Toplu İndirme isimli butona tıklanır: Butonlardan Toplu İndirme isimli butona tıklanır

2021-11-18 11:31:28 - [MESSAGE][PASSED] - Butonlardan Toplu İndirme isimli butona tıklanır

2021-11-18 11:31:28 - [TEST_STEP][PASSED] - Alt butonlardan UBL Tümünü İndir butonuna tıklanır: Alt butonlardan UBL Tümünü İndir butonuna tıklanır

2021-11-18 11:31:28 - [MESSAGE][PASSED] - Alt butonlardan UBL Tümünü İndir butonuna tıklanır

2021-11-18 11:31:28 - [TEST_STEP][PASSED] - Popup mesajı Lütfen rapor bildiriminin gönderileceği e-posta adresini belirtiniz. içeriyor mu: Popup mesajı Lütfen rapor bildiriminin gönderileceği e-posta adresini belirtiniz. içeriyor mu

2021-11-18 11:31:28 - [MESSAGE][PASSED] - Popup mesajı Lütfen rapor bildiriminin gönderileceği e-posta adresini belirtiniz. içeriyor mu

2021-11-18 11:31:28 - [TEST_STEP][PASSED] - Popup email elogotest@gmail.com;ali.kara@logo.com.tr olarak girilir: Popup email elogotest@gmail.com;ali.kara@logo.com.tr olarak girilir

2021-11-18 11:31:28 - [MESSAGE][PASSED] - Popup email elogotest@gmail.com;ali.kara@logo.com.tr olarak girilir

2021-11-18 11:31:28 - [TEST_STEP][PASSED] - Yönetim popupında Gönder seçilir: Yönetim popupında Gönder seçilir

2021-11-18 11:31:28 - [MESSAGE][PASSED] - Yönetim popupında Gönder seçilir

2021-11-18 11:31:28 - [TEST_STEP][PASSED] - Popup mesajı talebiniz işleme alınmıştır içeriyor mu: Popup mesajı talebiniz işleme alınmıştır içeriyor mu

2021-11-18 11:31:28 - [MESSAGE][PASSED] - Popup mesajı talebiniz işleme alınmıştır içeriyor mu

2021-11-18 11:31:28 - [TEST_STEP][PASSED] - Yönetim popupında Tamam seçilir: Yönetim popupında Tamam seçilir

2021-11-18 11:31:28 - [MESSAGE][PASSED] - Yönetim popupında Tamam seçilir

2021-11-18 11:31:28 - [TEST_STEP][PASSED] - Ana menüden Raporlar seçilir: Ana menüden Raporlar seçilir

2021-11-18 11:31:28 - [MESSAGE][PASSED] - Ana menüden Raporlar seçilir

2021-11-18 11:31:28 - [TEST_STEP][PASSED] - Alt menüden Toplu Veri İndirme seçilir: Alt menüden Toplu Veri İndirme seçilir

2021-11-18 11:31:28 - [MESSAGE][PASSED] - Alt menüden Toplu Veri İndirme seçilir

2021-11-18 11:31:28 - [TEST_STEP][PASSED] - Filtrelerden Talep No filtresine Rapor No bilgisi yaz: Filtrelerden Talep No filtresine Rapor No bilgisi yaz

2021-11-18 11:31:28 - [MESSAGE][PASSED] - Filtrelerden Talep No filtresine Rapor No bilgisi yaz

2021-11-18 11:31:28 - [TEST_STEP][PASSED] - Filtre butonlarından Listele seçilir: Filtre butonlarından Listele seçilir

2021-11-18 11:31:28 - [MESSAGE][PASSED] - Filtre butonlarından Listele seçilir

2021-11-18 11:31:28 - [TEST_STEP][PASSED] - Tabloda veri var mı kontrol edilir: Tabloda veri var mı kontrol edilir

2021-11-18 11:31:28 - [MESSAGE][PASSED] - Tabloda veri var mı kontrol edilir

2021-11-18 11:31:28 - [TEST_STEP][PASSED] - Kullanıcı işlemlerinden Çıkış seçilir: Kullanıcı işlemlerinden Çıkış seçilir

2021-11-18 11:31:28 - [MESSAGE][PASSED] - Kullanıcı işlemlerinden Çıkış seçilir

2021-11-18 11:31:28 - [MESSAGE][PASSED] - Feature file: 'Include/features/e-Fatura/Gelen Kutusu/Faturalar/Toplu Indirme.feature' was passed

2021-11-18 11:31:28 - [TEST_STEP][PASSED] - Start listener action : sampleAfterTestSuite: Invoke 'com.kms.katalon.core.annotation.AfterTestCase' method: 'Listener.sampleAfterTestSuite(...)' completed.

2021-11-18 11:31:28 - [MESSAGE][INFO] - Starting invoke 'com.kms.katalon.core.annotation.AfterTestCase' method: 'Listener.sampleAfterTestSuite(...)'

2021-11-18 11:31:28 - [TEST_STEP][PASSED] - closeBrowser(): Invoke 'com.kms.katalon.core.annotation.AfterTestCase' method: 'Listener.sampleAfterTestSuite(...)' completed.

2021-11-18 11:31:28 - [MESSAGE][INFO] - Closing browser

2021-11-18 11:31:29 - [MESSAGE][PASSED] - Browser is closed

2021-11-18 11:31:29 - [MESSAGE][INFO] - Invoke 'com.kms.katalon.core.annotation.AfterTestCase' method: 'Listener.sampleAfterTestSuite(...)' completed.]]></system-out>
         <system-err><![CDATA[]]></system-err>
      </testcase>
      <testcase name="Test Cases/Case Repository/e-Fatura/Gelen Kutusu/Uygulama Yanitlari/Excele Aktar" time="55.085" classname="Test Cases/Case Repository/e-Fatura/Gelen Kutusu/Uygulama Yanitlari/Excele Aktar" status="PASSED">
         <system-out><![CDATA[2021-11-18 11:31:29 - [TEST_CASE][PASSED] - Test Cases/Case Repository/e-Fatura/Gelen Kutusu/Uygulama Yanitlari/Excele Aktar: Test Cases/Case Repository/e-Fatura/Gelen Kutusu/Uygulama Yanitlari/Excele Aktar

2021-11-18 11:31:29 - [TEST_STEP][PASSED] - Start listener action : sampleBeforeTestSuite: Invoke 'com.kms.katalon.core.annotation.BeforeTestCase' method: 'Listener.sampleBeforeTestSuite(...)' completed.

2021-11-18 11:31:29 - [MESSAGE][INFO] - Starting invoke 'com.kms.katalon.core.annotation.BeforeTestCase' method: 'Listener.sampleBeforeTestSuite(...)'

2021-11-18 11:31:29 - [TEST_STEP][PASSED] - openBrowser(baseUrl): Browser is opened with url: 'https://efatura-stage.elogo.com.tr/'

2021-11-18 11:31:29 - [MESSAGE][INFO] - Opening browser

2021-11-18 11:31:29 - [MESSAGE][INFO] - Starting 'Chrome' driver

2021-11-18 11:31:29 - [MESSAGE][INFO] - User set preference: ['prefs', '{download.default_directory=C:\otomasyondownfiles}']

2021-11-18 11:31:29 - [MESSAGE][INFO] - Action delay is set to 0 milliseconds

2021-11-18 11:31:32 - [MESSAGE][INFO] - Navigating browser to: 'https://efatura-stage.elogo.com.tr/'

2021-11-18 11:31:35 - [MESSAGE][PASSED] - Browser is opened with url: 'https://efatura-stage.elogo.com.tr/'

2021-11-18 11:31:35 - [TEST_STEP][PASSED] - maximizeWindow(): Invoke 'com.kms.katalon.core.annotation.BeforeTestCase' method: 'Listener.sampleBeforeTestSuite(...)' completed.

2021-11-18 11:31:35 - [MESSAGE][INFO] - Maximizing current window

2021-11-18 11:31:35 - [MESSAGE][PASSED] - Current window maximized

2021-11-18 11:31:35 - [MESSAGE][INFO] - Invoke 'com.kms.katalon.core.annotation.BeforeTestCase' method: 'Listener.sampleBeforeTestSuite(...)' completed.

2021-11-18 11:31:35 - [TEST_STEP][PASSED] - runFeatureFile("Include/features/e-Fatura/Gelen Kutusu/Uygulama Yanitlari/Excele Aktar.feature"): Feature file: 'Include/features/e-Fatura/Gelen Kutusu/Uygulama Yanitlari/Excele Aktar.feature' was passed

2021-11-18 11:31:35 - [MESSAGE][INFO] - Starting run keyword runFeatureFile: 'Include/features/e-Fatura/Gelen Kutusu/Uygulama Yanitlari/Excele Aktar.feature' and extract report to folder: 'C:\Users\DELL\Documents\GitHub\EES_KatalonLogo\Reports\20211118_110909\Suite Repository\ExceleAktarVeTopluIndirme\20211118_110948/cucumber_report/1637224295911'...

2021-11-18 11:31:35 - [MESSAGE][INFO] - Glue: []

2021-11-18 11:31:38 - [MESSAGE][INFO] - Checking called Test Case

2021-11-18 11:31:38 - [MESSAGE][INFO] - Starting to call Test Case 'Test Cases/Sayfalar/Giris_Sayfasi/Login'

2021-11-18 11:31:38 - [TEST_CASE][PASSED] - Test Cases/Sayfalar/Giris_Sayfasi/Login: Test Cases/Sayfalar/Giris_Sayfasi/Login

2021-11-18 11:31:38 - [TEST_STEP][PASSED] - Sayfa_Basligi = getWindowTitle(): Current window's title is: 'LOGO e-Fatura'

2021-11-18 11:31:38 - [MESSAGE][INFO] - Getting current window's title

2021-11-18 11:31:38 - [MESSAGE][PASSED] - Current window's title is: 'LOGO e-Fatura'

2021-11-18 11:31:38 - [TEST_STEP][PASSED] - verifyMatch(Sayfa_Basligi, "LOGO e-Fatura", false): Actual text 'LOGO e-Fatura' and expected text 'LOGO e-Fatura' are matched 

2021-11-18 11:31:38 - [MESSAGE][INFO] - Matching actual text 'LOGO e-Fatura' with expected text 'LOGO e-Fatura'

2021-11-18 11:31:38 - [MESSAGE][PASSED] - Actual text 'LOGO e-Fatura' and expected text 'LOGO e-Fatura' are matched 

2021-11-18 11:31:38 - [TEST_STEP][PASSED] - sendKeys(findTestObject("Sayfalar/Giris_Sayfasi/Firma_Kodu"), KullaniciAdi): Keys 'ELOGO6' sent to object: 'Object Repository/Sayfalar/Giris_Sayfasi/Firma_Kodu'

2021-11-18 11:31:38 - [MESSAGE][INFO] - Finding Test Object 'Object Repository/Sayfalar/Giris_Sayfasi/Firma_Kodu'

2021-11-18 11:31:38 - [MESSAGE][INFO] - Sending keys 'ELOGO6' to object: 'Object Repository/Sayfalar/Giris_Sayfasi/Firma_Kodu'

2021-11-18 11:31:38 - [MESSAGE][INFO] - Finding web element from Test Object's properties

2021-11-18 11:31:38 - [MESSAGE][INFO] - Checking timeout

2021-11-18 11:31:38 - [MESSAGE][INFO] - Finding web element with id: 'Object Repository/Sayfalar/Giris_Sayfasi/Firma_Kodu' located by 'By.xpath: //*[@id = 'AccountName']' in '30' second(s)

2021-11-18 11:31:38 - [MESSAGE][INFO] - Smart Wait Function is triggered

2021-11-18 11:31:38 - [MESSAGE][INFO] - Found 1 web elements with id: 'Object Repository/Sayfalar/Giris_Sayfasi/Firma_Kodu' located by 'By.xpath: //*[@id = 'AccountName']' in '30' second(s)

2021-11-18 11:31:38 - [MESSAGE][PASSED] - Keys 'ELOGO6' sent to object: 'Object Repository/Sayfalar/Giris_Sayfasi/Firma_Kodu'

2021-11-18 11:31:38 - [TEST_STEP][PASSED] - sendKeys(findTestObject("Sayfalar/Giris_Sayfasi/Sifre"), Sifre): Keys '123456' sent to object: 'Object Repository/Sayfalar/Giris_Sayfasi/Sifre'

2021-11-18 11:31:38 - [MESSAGE][INFO] - Finding Test Object 'Object Repository/Sayfalar/Giris_Sayfasi/Sifre'

2021-11-18 11:31:38 - [MESSAGE][INFO] - Sending keys '123456' to object: 'Object Repository/Sayfalar/Giris_Sayfasi/Sifre'

2021-11-18 11:31:38 - [MESSAGE][INFO] - Finding web element from Test Object's properties

2021-11-18 11:31:38 - [MESSAGE][INFO] - Checking timeout

2021-11-18 11:31:38 - [MESSAGE][INFO] - Finding web element with id: 'Object Repository/Sayfalar/Giris_Sayfasi/Sifre' located by 'By.xpath: //*[@id = 'Password']' in '30' second(s)

2021-11-18 11:31:38 - [MESSAGE][INFO] - Smart Wait Function is triggered

2021-11-18 11:31:39 - [MESSAGE][INFO] - Found 1 web elements with id: 'Object Repository/Sayfalar/Giris_Sayfasi/Sifre' located by 'By.xpath: //*[@id = 'Password']' in '30' second(s)

2021-11-18 11:31:39 - [MESSAGE][PASSED] - Keys '123456' sent to object: 'Object Repository/Sayfalar/Giris_Sayfasi/Sifre'

2021-11-18 11:31:39 - [TEST_STEP][PASSED] - findWebElement(findTestObject("Sayfalar/Giris_Sayfasi/Giris_Butonu")).click(): Found 1 web elements with id: 'Object Repository/Sayfalar/Giris_Sayfasi/Giris_Butonu' located by 'By.cssSelector: #btnLogin' in '30' second(s)

2021-11-18 11:31:39 - [MESSAGE][INFO] - Finding Test Object 'Object Repository/Sayfalar/Giris_Sayfasi/Giris_Butonu'

2021-11-18 11:31:39 - [MESSAGE][INFO] - Finding web element from Test Object's properties

2021-11-18 11:31:39 - [MESSAGE][INFO] - Checking timeout

2021-11-18 11:31:39 - [MESSAGE][INFO] - Finding web element with id: 'Object Repository/Sayfalar/Giris_Sayfasi/Giris_Butonu' located by 'By.cssSelector: #btnLogin' in '30' second(s)

2021-11-18 11:31:39 - [MESSAGE][INFO] - Smart Wait Function is triggered

2021-11-18 11:31:39 - [MESSAGE][INFO] - Found 1 web elements with id: 'Object Repository/Sayfalar/Giris_Sayfasi/Giris_Butonu' located by 'By.cssSelector: #btnLogin' in '30' second(s)

2021-11-18 11:31:42 - [TEST_STEP][PASSED] - if (verifyElementPresent(findTestObject("Object Repository/Sayfalar/Giris_Sayfasi/RetveTamam_Butonu"), 5, OPTIONAL)): null

2021-11-18 11:31:42 - [MESSAGE][INFO] - Finding Test Object 'Object Repository/Sayfalar/Giris_Sayfasi/RetveTamam_Butonu'

2021-11-18 11:31:42 - [MESSAGE][INFO] - Checking object

2021-11-18 11:31:42 - [MESSAGE][INFO] - Finding web element from Test Object's properties

2021-11-18 11:31:42 - [MESSAGE][INFO] - Checking timeout

2021-11-18 11:31:42 - [MESSAGE][INFO] - Finding web element with id: 'Object Repository/Sayfalar/Giris_Sayfasi/RetveTamam_Butonu' located by 'By.xpath: //*[@class = 'btn btn-default']' in '5' second(s)

2021-11-18 11:31:42 - [MESSAGE][INFO] - Smart Wait Function is triggered

2021-11-18 11:31:42 - [MESSAGE][INFO] - Found 1 web elements with id: 'Object Repository/Sayfalar/Giris_Sayfasi/RetveTamam_Butonu' located by 'By.xpath: //*[@class = 'btn btn-default']' in '5' second(s)

2021-11-18 11:31:42 - [MESSAGE][PASSED] - Object 'Object Repository/Sayfalar/Giris_Sayfasi/RetveTamam_Butonu' is present

2021-11-18 11:31:42 - [TEST_STEP][PASSED] - click(findTestObject("Object Repository/Sayfalar/Giris_Sayfasi/RetveTamam_Butonu")): Object: 'Object Repository/Sayfalar/Giris_Sayfasi/RetveTamam_Butonu' is clicked on

2021-11-18 11:31:42 - [MESSAGE][INFO] - Finding Test Object 'Object Repository/Sayfalar/Giris_Sayfasi/RetveTamam_Butonu'

2021-11-18 11:31:42 - [MESSAGE][INFO] - Checking object

2021-11-18 11:31:42 - [MESSAGE][INFO] - Finding web element from Test Object's properties

2021-11-18 11:31:42 - [MESSAGE][INFO] - Checking timeout

2021-11-18 11:31:42 - [MESSAGE][INFO] - Finding web element with id: 'Object Repository/Sayfalar/Giris_Sayfasi/RetveTamam_Butonu' located by 'By.xpath: //*[@class = 'btn btn-default']' in '30' second(s)

2021-11-18 11:31:42 - [MESSAGE][INFO] - Smart Wait Function is triggered

2021-11-18 11:31:42 - [MESSAGE][INFO] - Found 1 web elements with id: 'Object Repository/Sayfalar/Giris_Sayfasi/RetveTamam_Butonu' located by 'By.xpath: //*[@class = 'btn btn-default']' in '30' second(s)

2021-11-18 11:31:42 - [MESSAGE][INFO] - Clicking on object: 'Object Repository/Sayfalar/Giris_Sayfasi/RetveTamam_Butonu'

2021-11-18 11:31:42 - [MESSAGE][PASSED] - Object: 'Object Repository/Sayfalar/Giris_Sayfasi/RetveTamam_Butonu' is clicked on

2021-11-18 11:31:42 - [TEST_STEP][PASSED] - click(findTestObject("Object Repository/Sayfalar/Giris_Sayfasi/RetveTamam_Butonu")): Object: 'Object Repository/Sayfalar/Giris_Sayfasi/RetveTamam_Butonu' is clicked on

2021-11-18 11:31:42 - [MESSAGE][INFO] - Finding Test Object 'Object Repository/Sayfalar/Giris_Sayfasi/RetveTamam_Butonu'

2021-11-18 11:31:43 - [MESSAGE][INFO] - Checking object

2021-11-18 11:31:43 - [MESSAGE][INFO] - Finding web element from Test Object's properties

2021-11-18 11:31:43 - [MESSAGE][INFO] - Checking timeout

2021-11-18 11:31:43 - [MESSAGE][INFO] - Finding web element with id: 'Object Repository/Sayfalar/Giris_Sayfasi/RetveTamam_Butonu' located by 'By.xpath: //*[@class = 'btn btn-default']' in '30' second(s)

2021-11-18 11:31:43 - [MESSAGE][INFO] - Smart Wait Function is triggered

2021-11-18 11:31:48 - [MESSAGE][INFO] - Found 1 web elements with id: 'Object Repository/Sayfalar/Giris_Sayfasi/RetveTamam_Butonu' located by 'By.xpath: //*[@class = 'btn btn-default']' in '30' second(s)

2021-11-18 11:31:48 - [MESSAGE][INFO] - Clicking on object: 'Object Repository/Sayfalar/Giris_Sayfasi/RetveTamam_Butonu'

2021-11-18 11:31:48 - [MESSAGE][PASSED] - Object: 'Object Repository/Sayfalar/Giris_Sayfasi/RetveTamam_Butonu' is clicked on

2021-11-18 11:31:48 - [TEST_STEP][PASSED] - if (verifyElementPresent(findTestObject("Sayfalar/Giris_Sayfasi/PopupOK"), 5, OPTIONAL)): null

2021-11-18 11:31:48 - [MESSAGE][INFO] - Finding Test Object 'Object Repository/Sayfalar/Giris_Sayfasi/PopupOK'

2021-11-18 11:31:48 - [MESSAGE][INFO] - Checking object

2021-11-18 11:31:48 - [MESSAGE][INFO] - Finding web element from Test Object's properties

2021-11-18 11:31:48 - [MESSAGE][INFO] - Checking timeout

2021-11-18 11:31:48 - [MESSAGE][INFO] - Finding web element with id: 'Object Repository/Sayfalar/Giris_Sayfasi/PopupOK' located by 'By.cssSelector: .btn.btn-success' in '5' second(s)

2021-11-18 11:31:48 - [MESSAGE][INFO] - Smart Wait Function is triggered

2021-11-18 11:31:49 - [MESSAGE][INFO] - Found 1 web elements with id: 'Object Repository/Sayfalar/Giris_Sayfasi/PopupOK' located by 'By.cssSelector: .btn.btn-success' in '5' second(s)

2021-11-18 11:31:49 - [MESSAGE][PASSED] - Object 'Object Repository/Sayfalar/Giris_Sayfasi/PopupOK' is present

2021-11-18 11:31:49 - [TEST_STEP][PASSED] - click(findTestObject("Object Repository/Sayfalar/Giris_Sayfasi/PopupCarpiGiris")): Object: 'Object Repository/Sayfalar/Giris_Sayfasi/PopupCarpiGiris' is clicked on

2021-11-18 11:31:49 - [MESSAGE][INFO] - Finding Test Object 'Object Repository/Sayfalar/Giris_Sayfasi/PopupCarpiGiris'

2021-11-18 11:31:49 - [MESSAGE][INFO] - Checking object

2021-11-18 11:31:49 - [MESSAGE][INFO] - Finding web element from Test Object's properties

2021-11-18 11:31:49 - [MESSAGE][INFO] - Checking timeout

2021-11-18 11:31:49 - [MESSAGE][INFO] - Finding web element with id: 'Object Repository/Sayfalar/Giris_Sayfasi/PopupCarpiGiris' located by 'By.cssSelector: .bootbox-close-button.close' in '30' second(s)

2021-11-18 11:31:49 - [MESSAGE][INFO] - Smart Wait Function is triggered

2021-11-18 11:31:49 - [MESSAGE][INFO] - Found 1 web elements with id: 'Object Repository/Sayfalar/Giris_Sayfasi/PopupCarpiGiris' located by 'By.cssSelector: .bootbox-close-button.close' in '30' second(s)

2021-11-18 11:31:49 - [MESSAGE][INFO] - Clicking on object: 'Object Repository/Sayfalar/Giris_Sayfasi/PopupCarpiGiris'

2021-11-18 11:31:49 - [MESSAGE][PASSED] - Object: 'Object Repository/Sayfalar/Giris_Sayfasi/PopupCarpiGiris' is clicked on

2021-11-18 11:31:49 - [TEST_STEP][PASSED] - verifyElementVisible(findTestObject("Object Repository/Kullanici_Islemleri/KullaniciIslemleri")): Object 'Object Repository/Kullanici_Islemleri/KullaniciIslemleri' is visible

2021-11-18 11:31:49 - [MESSAGE][INFO] - Finding Test Object 'Object Repository/Kullanici_Islemleri/KullaniciIslemleri'

2021-11-18 11:31:49 - [MESSAGE][INFO] - Checking object

2021-11-18 11:31:49 - [MESSAGE][INFO] - Finding web element from Test Object's properties

2021-11-18 11:31:49 - [MESSAGE][INFO] - Checking timeout

2021-11-18 11:31:49 - [MESSAGE][INFO] - Finding web element with id: 'Object Repository/Kullanici_Islemleri/KullaniciIslemleri' located by 'By.cssSelector: .dropdown>a>img' in '30' second(s)

2021-11-18 11:31:49 - [MESSAGE][INFO] - Smart Wait Function is triggered

2021-11-18 11:31:50 - [MESSAGE][INFO] - Found 1 web elements with id: 'Object Repository/Kullanici_Islemleri/KullaniciIslemleri' located by 'By.cssSelector: .dropdown>a>img' in '30' second(s)

2021-11-18 11:31:50 - [MESSAGE][PASSED] - Object 'Object Repository/Kullanici_Islemleri/KullaniciIslemleri' is visible

2021-11-18 11:31:50 - [MESSAGE][PASSED] - Call Test Case 'Test Cases/Sayfalar/Giris_Sayfasi/Login' successfully

2021-11-18 11:31:50 - [MESSAGE][INFO] - Checking called Test Case

2021-11-18 11:31:50 - [MESSAGE][INFO] - Starting to call Test Case 'Test Cases/Menu/AnaMenuSecimi'

2021-11-18 11:31:50 - [TEST_CASE][PASSED] - Test Cases/Menu/AnaMenuSecimi: Test Cases/Menu/AnaMenuSecimi

2021-11-18 11:31:50 - [TEST_STEP][PASSED] - Method.TextDegerineEsitElementeTikla(findTestObject("Menu/Ana_Menu"), Ana_Menu): Method.TextDegerineEsitElementeTikla is PASSED

2021-11-18 11:31:50 - [MESSAGE][INFO] - Finding Test Object 'Object Repository/Menu/Ana_Menu'

2021-11-18 11:31:50 - [MESSAGE][INFO] - Checking timeout

2021-11-18 11:31:50 - [MESSAGE][INFO] - Finding web element with id: 'Object Repository/Menu/Ana_Menu' located by 'By.xpath: //*[@class = 'dropdown-toggle']' in '10' second(s)

2021-11-18 11:31:50 - [MESSAGE][INFO] - Smart Wait Function is triggered

2021-11-18 11:31:51 - [MESSAGE][INFO] - Found 14 web elements with id: 'Object Repository/Menu/Ana_Menu' located by 'By.xpath: //*[@class = 'dropdown-toggle']' in '10' second(s)

2021-11-18 11:31:51 - [MESSAGE][PASSED] - Method.TextDegerineEsitElementeTikla is PASSED

2021-11-18 11:31:51 - [MESSAGE][PASSED] - Call Test Case 'Test Cases/Menu/AnaMenuSecimi' successfully

2021-11-18 11:31:51 - [MESSAGE][INFO] - Checking called Test Case

2021-11-18 11:31:51 - [MESSAGE][INFO] - Starting to call Test Case 'Test Cases/Menu/BasligaGoreAltMenuSecimi'

2021-11-18 11:31:51 - [TEST_CASE][PASSED] - Test Cases/Menu/BasligaGoreAltMenuSecimi: Test Cases/Menu/BasligaGoreAltMenuSecimi

2021-11-18 11:31:51 - [TEST_STEP][PASSED] - Method.TextDegerineEsitElementinAltindakiTextDegerineEsitOlanaTikla(findTestObject("Menu/Menu_Basligi"), findTestObject("Menu/Basliga_Gore_Alt_Menu"), Baslik, Alt_Menu): Method.TextDegerineEsitElementinAltindakiTextDegerineEsitOlanaTikla is PASSED

2021-11-18 11:31:51 - [MESSAGE][INFO] - Finding Test Object 'Object Repository/Menu/Menu_Basligi'

2021-11-18 11:31:51 - [MESSAGE][INFO] - Finding Test Object 'Object Repository/Menu/Basliga_Gore_Alt_Menu'

2021-11-18 11:31:51 - [MESSAGE][INFO] - Checking timeout

2021-11-18 11:31:51 - [MESSAGE][INFO] - Finding web element with id: 'Object Repository/Menu/Menu_Basligi' located by 'By.xpath: //li[@class='dropdown dropdown-large open']//li[@class='dropdown-header']' in '10' second(s)

2021-11-18 11:31:51 - [MESSAGE][INFO] - Smart Wait Function is triggered

2021-11-18 11:31:51 - [MESSAGE][INFO] - Found 3 web elements with id: 'Object Repository/Menu/Menu_Basligi' located by 'By.xpath: //li[@class='dropdown dropdown-large open']//li[@class='dropdown-header']' in '10' second(s)

2021-11-18 11:31:51 - [MESSAGE][INFO] - Smart Wait Function is triggered

2021-11-18 11:31:53 - [MESSAGE][PASSED] - Method.TextDegerineEsitElementinAltindakiTextDegerineEsitOlanaTikla is PASSED

2021-11-18 11:31:53 - [MESSAGE][PASSED] - Call Test Case 'Test Cases/Menu/BasligaGoreAltMenuSecimi' successfully

2021-11-18 11:31:53 - [MESSAGE][INFO] - Checking called Test Case

2021-11-18 11:31:53 - [MESSAGE][INFO] - Starting to call Test Case 'Test Cases/Filtreler/BaslangicYaz'

2021-11-18 11:31:53 - [TEST_CASE][PASSED] - Test Cases/Filtreler/BaslangicYaz: Test Cases/Filtreler/BaslangicYaz

2021-11-18 11:31:53 - [TEST_STEP][PASSED] - delay(3): Delayed 3 second(s)

2021-11-18 11:31:53 - [MESSAGE][INFO] - Delaying browser in 3 second(s)

2021-11-18 11:31:56 - [MESSAGE][PASSED] - Delayed 3 second(s)

2021-11-18 11:31:56 - [TEST_STEP][PASSED] - Method.TextDegerineEsitElementinAltindakineTikla(findTestObject("Filtreler/Basliklar"), findTestObject("Filtreler/Basliga_Gore_Baslangic_Image"), Filtre_Adi): Method.TextDegerineEsitElementinAltindakineTikla is PASSED

2021-11-18 11:31:56 - [MESSAGE][INFO] - Finding Test Object 'Object Repository/Filtreler/Basliklar'

2021-11-18 11:31:56 - [MESSAGE][INFO] - Finding Test Object 'Object Repository/Filtreler/Basliga_Gore_Baslangic_Image'

2021-11-18 11:31:56 - [MESSAGE][INFO] - Checking timeout

2021-11-18 11:31:56 - [MESSAGE][INFO] - Finding web element with id: 'Object Repository/Filtreler/Basliklar' located by 'By.cssSelector: .control-label.col-sm-4.paddingMarginRLC' in '10' second(s)

2021-11-18 11:31:56 - [MESSAGE][INFO] - Smart Wait Function is triggered

2021-11-18 11:31:57 - [MESSAGE][INFO] - Found 13 web elements with id: 'Object Repository/Filtreler/Basliklar' located by 'By.cssSelector: .control-label.col-sm-4.paddingMarginRLC' in '10' second(s)

2021-11-18 11:31:57 - [MESSAGE][INFO] - Smart Wait Function is triggered

2021-11-18 11:31:57 - [MESSAGE][PASSED] - Method.TextDegerineEsitElementinAltindakineTikla is PASSED

2021-11-18 11:31:57 - [TEST_STEP][PASSED] - Method.TextDegerineEsitElementinAltindakiTextboxtaYaz(findTestObject("Filtreler/Basliklar"), findTestObject("Filtreler/Basliga_Gore_Baslangic"), Filtre_Adi, Filtre_Degeri): Method.TextDegerineEsitElementinAltindakiTextboxtaYaz is PASSED

2021-11-18 11:31:57 - [MESSAGE][INFO] - Finding Test Object 'Object Repository/Filtreler/Basliklar'

2021-11-18 11:31:57 - [MESSAGE][INFO] - Finding Test Object 'Object Repository/Filtreler/Basliga_Gore_Baslangic'

2021-11-18 11:31:57 - [MESSAGE][INFO] - Checking timeout

2021-11-18 11:31:57 - [MESSAGE][INFO] - Finding web element with id: 'Object Repository/Filtreler/Basliklar' located by 'By.cssSelector: .control-label.col-sm-4.paddingMarginRLC' in '10' second(s)

2021-11-18 11:31:57 - [MESSAGE][INFO] - Smart Wait Function is triggered

2021-11-18 11:31:57 - [MESSAGE][INFO] - Found 13 web elements with id: 'Object Repository/Filtreler/Basliklar' located by 'By.cssSelector: .control-label.col-sm-4.paddingMarginRLC' in '10' second(s)

2021-11-18 11:31:58 - [MESSAGE][INFO] - Smart Wait Function is triggered

2021-11-18 11:31:58 - [MESSAGE][PASSED] - Method.TextDegerineEsitElementinAltindakiTextboxtaYaz is PASSED

2021-11-18 11:31:58 - [MESSAGE][PASSED] - Call Test Case 'Test Cases/Filtreler/BaslangicYaz' successfully

2021-11-18 11:31:58 - [MESSAGE][INFO] - Checking called Test Case

2021-11-18 11:31:58 - [MESSAGE][INFO] - Starting to call Test Case 'Test Cases/Filtreler/BitisYaz'

2021-11-18 11:31:58 - [TEST_CASE][PASSED] - Test Cases/Filtreler/BitisYaz: Test Cases/Filtreler/BitisYaz

2021-11-18 11:31:58 - [TEST_STEP][PASSED] - Method.TextDegerineEsitElementinAltindakineTikla(findTestObject("Filtreler/Basliklar"), findTestObject("Filtreler/Basliga_Gore_Bitis_Image"), Filtre_Adi): Method.TextDegerineEsitElementinAltindakineTikla is PASSED

2021-11-18 11:31:58 - [MESSAGE][INFO] - Finding Test Object 'Object Repository/Filtreler/Basliklar'

2021-11-18 11:31:58 - [MESSAGE][INFO] - Finding Test Object 'Object Repository/Filtreler/Basliga_Gore_Bitis_Image'

2021-11-18 11:31:58 - [MESSAGE][INFO] - Checking timeout

2021-11-18 11:31:58 - [MESSAGE][INFO] - Finding web element with id: 'Object Repository/Filtreler/Basliklar' located by 'By.cssSelector: .control-label.col-sm-4.paddingMarginRLC' in '10' second(s)

2021-11-18 11:31:58 - [MESSAGE][INFO] - Smart Wait Function is triggered

2021-11-18 11:31:59 - [MESSAGE][INFO] - Found 13 web elements with id: 'Object Repository/Filtreler/Basliklar' located by 'By.cssSelector: .control-label.col-sm-4.paddingMarginRLC' in '10' second(s)

2021-11-18 11:31:59 - [MESSAGE][INFO] - Smart Wait Function is triggered

2021-11-18 11:31:59 - [MESSAGE][PASSED] - Method.TextDegerineEsitElementinAltindakineTikla is PASSED

2021-11-18 11:31:59 - [TEST_STEP][PASSED] - Method.TextDegerineEsitElementinAltindakiTextboxtaYaz(findTestObject("Filtreler/Basliklar"), findTestObject("Object Repository/Filtreler/Basliga_Gore_Bitis"), Filtre_Adi, Filtre_Degeri): Method.TextDegerineEsitElementinAltindakiTextboxtaYaz is PASSED

2021-11-18 11:31:59 - [MESSAGE][INFO] - Finding Test Object 'Object Repository/Filtreler/Basliklar'

2021-11-18 11:31:59 - [MESSAGE][INFO] - Finding Test Object 'Object Repository/Filtreler/Basliga_Gore_Bitis'

2021-11-18 11:31:59 - [MESSAGE][INFO] - Checking timeout

2021-11-18 11:31:59 - [MESSAGE][INFO] - Finding web element with id: 'Object Repository/Filtreler/Basliklar' located by 'By.cssSelector: .control-label.col-sm-4.paddingMarginRLC' in '10' second(s)

2021-11-18 11:31:59 - [MESSAGE][INFO] - Smart Wait Function is triggered

2021-11-18 11:31:59 - [MESSAGE][INFO] - Found 13 web elements with id: 'Object Repository/Filtreler/Basliklar' located by 'By.cssSelector: .control-label.col-sm-4.paddingMarginRLC' in '10' second(s)

2021-11-18 11:31:59 - [MESSAGE][INFO] - Smart Wait Function is triggered

2021-11-18 11:32:00 - [MESSAGE][PASSED] - Method.TextDegerineEsitElementinAltindakiTextboxtaYaz is PASSED

2021-11-18 11:32:00 - [MESSAGE][PASSED] - Call Test Case 'Test Cases/Filtreler/BitisYaz' successfully

2021-11-18 11:32:00 - [MESSAGE][INFO] - Checking called Test Case

2021-11-18 11:32:00 - [MESSAGE][INFO] - Starting to call Test Case 'Test Cases/Filtreler/TexboxaYaz'

2021-11-18 11:32:00 - [TEST_CASE][PASSED] - Test Cases/Filtreler/TexboxaYaz: Test Cases/Filtreler/TexboxaYaz

2021-11-18 11:32:00 - [TEST_STEP][PASSED] - Method.TextDegerineEsitElementinAltindakiTextboxtaYaz(findTestObject("Filtreler/Basliklar"), findTestObject("Filtreler/Basliga_Gore_Textbox"), Filtre_Adi, Filtre_Degeri): Method.TextDegerineEsitElementinAltindakiTextboxtaYaz is PASSED

2021-11-18 11:32:00 - [MESSAGE][INFO] - Finding Test Object 'Object Repository/Filtreler/Basliklar'

2021-11-18 11:32:00 - [MESSAGE][INFO] - Finding Test Object 'Object Repository/Filtreler/Basliga_Gore_Textbox'

2021-11-18 11:32:00 - [MESSAGE][INFO] - Checking timeout

2021-11-18 11:32:00 - [MESSAGE][INFO] - Finding web element with id: 'Object Repository/Filtreler/Basliklar' located by 'By.cssSelector: .control-label.col-sm-4.paddingMarginRLC' in '10' second(s)

2021-11-18 11:32:00 - [MESSAGE][INFO] - Smart Wait Function is triggered

2021-11-18 11:32:00 - [MESSAGE][INFO] - Found 13 web elements with id: 'Object Repository/Filtreler/Basliklar' located by 'By.cssSelector: .control-label.col-sm-4.paddingMarginRLC' in '10' second(s)

2021-11-18 11:32:00 - [MESSAGE][INFO] - Smart Wait Function is triggered

2021-11-18 11:32:01 - [MESSAGE][PASSED] - Method.TextDegerineEsitElementinAltindakiTextboxtaYaz is PASSED

2021-11-18 11:32:01 - [MESSAGE][PASSED] - Call Test Case 'Test Cases/Filtreler/TexboxaYaz' successfully

2021-11-18 11:32:01 - [MESSAGE][INFO] - Checking called Test Case

2021-11-18 11:32:01 - [MESSAGE][INFO] - Starting to call Test Case 'Test Cases/Filtreler/ButonaTikla'

2021-11-18 11:32:01 - [TEST_CASE][PASSED] - Test Cases/Filtreler/ButonaTikla: Test Cases/Filtreler/ButonaTikla

2021-11-18 11:32:01 - [TEST_STEP][PASSED] - Method.TextDegerineEsitElementeTikla(findTestObject("Filtreler/Butonlar"), Filtre_Buton): Method.TextDegerineEsitElementeTikla is PASSED

2021-11-18 11:32:01 - [MESSAGE][INFO] - Finding Test Object 'Object Repository/Filtreler/Butonlar'

2021-11-18 11:32:01 - [MESSAGE][INFO] - Checking timeout

2021-11-18 11:32:01 - [MESSAGE][INFO] - Finding web element with id: 'Object Repository/Filtreler/Butonlar' located by 'By.cssSelector: .dxb>span' in '10' second(s)

2021-11-18 11:32:01 - [MESSAGE][INFO] - Smart Wait Function is triggered

2021-11-18 11:32:01 - [MESSAGE][INFO] - Found 3 web elements with id: 'Object Repository/Filtreler/Butonlar' located by 'By.cssSelector: .dxb>span' in '10' second(s)

2021-11-18 11:32:02 - [MESSAGE][PASSED] - Method.TextDegerineEsitElementeTikla is PASSED

2021-11-18 11:32:02 - [MESSAGE][PASSED] - Call Test Case 'Test Cases/Filtreler/ButonaTikla' successfully

2021-11-18 11:32:02 - [MESSAGE][INFO] - Checking called Test Case

2021-11-18 11:32:02 - [MESSAGE][INFO] - Starting to call Test Case 'Test Cases/Tablo/TablodaVeriVarMi'

2021-11-18 11:32:02 - [TEST_CASE][PASSED] - Test Cases/Tablo/TablodaVeriVarMi: Test Cases/Tablo/TablodaVeriVarMi

2021-11-18 11:32:02 - [TEST_STEP][PASSED] - verifyTextNotPresent("Görüntülenecek veri yok", true): Text 'Görüntülenecek veri yok' is not present on page using regular expression

2021-11-18 11:32:02 - [MESSAGE][INFO] - Checking text present  using regular expression

2021-11-18 11:32:02 - [MESSAGE][INFO] - Smart Wait Function is triggered

2021-11-18 11:32:02 - [MESSAGE][INFO] - Finding text 'Görüntülenecek veri yok' on page  using regular expression

2021-11-18 11:32:02 - [MESSAGE][PASSED] - Text 'Görüntülenecek veri yok' is not present on page using regular expression

2021-11-18 11:32:02 - [MESSAGE][PASSED] - Call Test Case 'Test Cases/Tablo/TablodaVeriVarMi' successfully

2021-11-18 11:32:02 - [MESSAGE][INFO] - Checking called Test Case

2021-11-18 11:32:02 - [MESSAGE][INFO] - Starting to call Test Case 'Test Cases/Tablo/TablodanVeriSec'

2021-11-18 11:32:02 - [TEST_CASE][PASSED] - Test Cases/Tablo/TablodanVeriSec: Test Cases/Tablo/TablodanVeriSec

2021-11-18 11:32:02 - [TEST_STEP][PASSED] - Method.TextDegerineEsitElementinAltindakineTikla(findTestObject("Tablo/Veriler"), findTestObject("Tablo/VerininCheckBoxi"), Veri_Adi): Method.TextDegerineEsitElementinAltindakineTikla is PASSED

2021-11-18 11:32:02 - [MESSAGE][INFO] - Finding Test Object 'Object Repository/Tablo/Veriler'

2021-11-18 11:32:03 - [MESSAGE][INFO] - Finding Test Object 'Object Repository/Tablo/VerininCheckBoxi'

2021-11-18 11:32:03 - [MESSAGE][INFO] - Checking timeout

2021-11-18 11:32:03 - [MESSAGE][INFO] - Finding web element with id: 'Object Repository/Tablo/Veriler' located by 'By.cssSelector: td.dxgv b ,td.dxgv' in '10' second(s)

2021-11-18 11:32:03 - [MESSAGE][INFO] - Smart Wait Function is triggered

2021-11-18 11:32:03 - [MESSAGE][INFO] - Found 26 web elements with id: 'Object Repository/Tablo/Veriler' located by 'By.cssSelector: td.dxgv b ,td.dxgv' in '10' second(s)

2021-11-18 11:32:03 - [MESSAGE][INFO] - Smart Wait Function is triggered

2021-11-18 11:32:03 - [MESSAGE][PASSED] - Method.TextDegerineEsitElementinAltindakineTikla is PASSED

2021-11-18 11:32:03 - [MESSAGE][PASSED] - Call Test Case 'Test Cases/Tablo/TablodanVeriSec' successfully

2021-11-18 11:32:03 - [MESSAGE][INFO] - Checking called Test Case

2021-11-18 11:32:03 - [MESSAGE][INFO] - Starting to call Test Case 'Test Cases/Butonlar/ButonaTikla'

2021-11-18 11:32:03 - [TEST_CASE][PASSED] - Test Cases/Butonlar/ButonaTikla: Test Cases/Butonlar/ButonaTikla

2021-11-18 11:32:03 - [TEST_STEP][PASSED] - Method.TextDegerineEsitElementeTiklaEquals(findTestObject("Butonlar/Butonlar"), Buton_Adi): Method.TextDegerineEsitElementeTiklaEquals is PASSED

2021-11-18 11:32:03 - [MESSAGE][INFO] - Finding Test Object 'Object Repository/Butonlar/Butonlar'

2021-11-18 11:32:03 - [MESSAGE][INFO] - Checking timeout

2021-11-18 11:32:03 - [MESSAGE][INFO] - Finding web element with id: 'Object Repository/Butonlar/Butonlar' located by 'By.cssSelector: .panel.panel-default.text-center.footerPanel .btn,.btn.btn-primary.btnControls' in '10' second(s)

2021-11-18 11:32:03 - [MESSAGE][INFO] - Smart Wait Function is triggered

2021-11-18 11:32:04 - [MESSAGE][INFO] - Found 7 web elements with id: 'Object Repository/Butonlar/Butonlar' located by 'By.cssSelector: .panel.panel-default.text-center.footerPanel .btn,.btn.btn-primary.btnControls' in '10' second(s)

2021-11-18 11:32:04 - [MESSAGE][PASSED] - Method.TextDegerineEsitElementeTiklaEquals is PASSED

2021-11-18 11:32:04 - [MESSAGE][PASSED] - Call Test Case 'Test Cases/Butonlar/ButonaTikla' successfully

2021-11-18 11:32:04 - [MESSAGE][INFO] - Checking called Test Case

2021-11-18 11:32:04 - [MESSAGE][INFO] - Starting to call Test Case 'Test Cases/Butonlar/AltButonaTikla'

2021-11-18 11:32:04 - [TEST_CASE][PASSED] - Test Cases/Butonlar/AltButonaTikla: Test Cases/Butonlar/AltButonaTikla

2021-11-18 11:32:04 - [TEST_STEP][PASSED] - Method.TextDegerineEsitElementeTikla(findTestObject("Butonlar/AltButonlar"), Alt_Buton): Method.TextDegerineEsitElementeTikla is PASSED

2021-11-18 11:32:04 - [MESSAGE][INFO] - Finding Test Object 'Object Repository/Butonlar/AltButonlar'

2021-11-18 11:32:04 - [MESSAGE][INFO] - Checking timeout

2021-11-18 11:32:04 - [MESSAGE][INFO] - Finding web element with id: 'Object Repository/Butonlar/AltButonlar' located by 'By.cssSelector: .btn-group.open li>a' in '10' second(s)

2021-11-18 11:32:04 - [MESSAGE][INFO] - Smart Wait Function is triggered

2021-11-18 11:32:04 - [MESSAGE][INFO] - Found 2 web elements with id: 'Object Repository/Butonlar/AltButonlar' located by 'By.cssSelector: .btn-group.open li>a' in '10' second(s)

2021-11-18 11:32:04 - [MESSAGE][PASSED] - Method.TextDegerineEsitElementeTikla is PASSED

2021-11-18 11:32:04 - [MESSAGE][PASSED] - Call Test Case 'Test Cases/Butonlar/AltButonaTikla' successfully

2021-11-18 11:32:04 - [MESSAGE][INFO] - Checking called Test Case

2021-11-18 11:32:04 - [MESSAGE][INFO] - Starting to call Test Case 'Test Cases/Popup/PopupMesajiIceriyorMu'

2021-11-18 11:32:04 - [TEST_CASE][PASSED] - Test Cases/Popup/PopupMesajiIceriyorMu: Test Cases/Popup/PopupMesajiIceriyorMu

2021-11-18 11:32:04 - [TEST_STEP][PASSED] - waitForElementVisible(findTestObject("Popup/Popup"), 10): Object 'Object Repository/Popup/Popup' is visible

2021-11-18 11:32:04 - [MESSAGE][INFO] - Finding Test Object 'Object Repository/Popup/Popup'

2021-11-18 11:32:05 - [MESSAGE][INFO] - Checking object

2021-11-18 11:32:05 - [MESSAGE][INFO] - Checking timeout

2021-11-18 11:32:05 - [MESSAGE][INFO] - Finding web element from Test Object's properties

2021-11-18 11:32:05 - [MESSAGE][INFO] - Checking timeout

2021-11-18 11:32:05 - [MESSAGE][INFO] - Finding web element with id: 'Object Repository/Popup/Popup' located by 'By.cssSelector: .bootbox-body' in '10' second(s)

2021-11-18 11:32:05 - [MESSAGE][INFO] - Smart Wait Function is triggered

2021-11-18 11:32:05 - [MESSAGE][INFO] - Found 1 web elements with id: 'Object Repository/Popup/Popup' located by 'By.cssSelector: .bootbox-body' in '10' second(s)

2021-11-18 11:32:05 - [MESSAGE][PASSED] - Object 'Object Repository/Popup/Popup' is visible

2021-11-18 11:32:05 - [TEST_STEP][PASSED] - if (!(getText(findTestObject("Popup/Popup")).contains(Mesaj))): Text of object 'Object Repository/Popup/Popup' is: 'Lütfen rapor bildiriminin gönderileceği e-posta adresini belirtiniz.
e-Posta Adresi'

2021-11-18 11:32:05 - [MESSAGE][INFO] - Finding Test Object 'Object Repository/Popup/Popup'

2021-11-18 11:32:06 - [MESSAGE][INFO] - Checking object

2021-11-18 11:32:06 - [MESSAGE][INFO] - Finding web element from Test Object's properties

2021-11-18 11:32:06 - [MESSAGE][INFO] - Checking timeout

2021-11-18 11:32:06 - [MESSAGE][INFO] - Finding web element with id: 'Object Repository/Popup/Popup' located by 'By.cssSelector: .bootbox-body' in '30' second(s)

2021-11-18 11:32:06 - [MESSAGE][INFO] - Smart Wait Function is triggered

2021-11-18 11:32:06 - [MESSAGE][INFO] - Found 1 web elements with id: 'Object Repository/Popup/Popup' located by 'By.cssSelector: .bootbox-body' in '30' second(s)

2021-11-18 11:32:06 - [MESSAGE][INFO] - Getting text of object 'Object Repository/Popup/Popup'

2021-11-18 11:32:06 - [MESSAGE][PASSED] - Text of object 'Object Repository/Popup/Popup' is: 'Lütfen rapor bildiriminin gönderileceği e-posta adresini belirtiniz.
e-Posta Adresi'

2021-11-18 11:32:06 - [TEST_STEP][PASSED] - RaporNo = getText(findTestObject("Popup/Popup")).substring(0, 6): Text of object 'Object Repository/Popup/Popup' is: 'Lütfen rapor bildiriminin gönderileceği e-posta adresini belirtiniz.
e-Posta Adresi'

2021-11-18 11:32:06 - [MESSAGE][INFO] - Finding Test Object 'Object Repository/Popup/Popup'

2021-11-18 11:32:06 - [MESSAGE][INFO] - Checking object

2021-11-18 11:32:06 - [MESSAGE][INFO] - Finding web element from Test Object's properties

2021-11-18 11:32:06 - [MESSAGE][INFO] - Checking timeout

2021-11-18 11:32:06 - [MESSAGE][INFO] - Finding web element with id: 'Object Repository/Popup/Popup' located by 'By.cssSelector: .bootbox-body' in '30' second(s)

2021-11-18 11:32:06 - [MESSAGE][INFO] - Smart Wait Function is triggered

2021-11-18 11:32:06 - [MESSAGE][INFO] - Found 1 web elements with id: 'Object Repository/Popup/Popup' located by 'By.cssSelector: .bootbox-body' in '30' second(s)

2021-11-18 11:32:06 - [MESSAGE][INFO] - Getting text of object 'Object Repository/Popup/Popup'

2021-11-18 11:32:06 - [MESSAGE][PASSED] - Text of object 'Object Repository/Popup/Popup' is: 'Lütfen rapor bildiriminin gönderileceği e-posta adresini belirtiniz.
e-Posta Adresi'

2021-11-18 11:32:06 - [TEST_STEP][PASSED] - Console.println(RaporNo): null

2021-11-18 11:32:06 - [MESSAGE][PASSED] - Call Test Case 'Test Cases/Popup/PopupMesajiIceriyorMu' successfully

2021-11-18 11:32:06 - [MESSAGE][INFO] - Checking called Test Case

2021-11-18 11:32:06 - [MESSAGE][INFO] - Starting to call Test Case 'Test Cases/Popup/PopupaEmailEklenir'

2021-11-18 11:32:06 - [TEST_CASE][PASSED] - Test Cases/Popup/PopupaEmailEklenir: Test Cases/Popup/PopupaEmailEklenir

2021-11-18 11:32:06 - [TEST_STEP][PASSED] - clearText(findTestObject("Popup/EmailText")): Text of object 'Object Repository/Popup/EmailText' is cleared

2021-11-18 11:32:06 - [MESSAGE][INFO] - Finding Test Object 'Object Repository/Popup/EmailText'

2021-11-18 11:32:06 - [MESSAGE][INFO] - Checking object

2021-11-18 11:32:06 - [MESSAGE][INFO] - Finding web element from Test Object's properties

2021-11-18 11:32:06 - [MESSAGE][INFO] - Checking timeout

2021-11-18 11:32:06 - [MESSAGE][INFO] - Finding web element with id: 'Object Repository/Popup/EmailText' located by 'By.xpath: //*[@id="eMails"]' in '30' second(s)

2021-11-18 11:32:06 - [MESSAGE][INFO] - Smart Wait Function is triggered

2021-11-18 11:32:07 - [MESSAGE][INFO] - Found 1 web elements with id: 'Object Repository/Popup/EmailText' located by 'By.xpath: //*[@id="eMails"]' in '30' second(s)

2021-11-18 11:32:07 - [MESSAGE][INFO] - Clearing text of object 'Object Repository/Popup/EmailText'

2021-11-18 11:32:07 - [MESSAGE][PASSED] - Text of object 'Object Repository/Popup/EmailText' is cleared

2021-11-18 11:32:07 - [TEST_STEP][PASSED] - sendKeys(findTestObject("Popup/EmailText"), Email): Keys 'elogotest@gmail.com;ali.kara@logo.com.tr' sent to object: 'Object Repository/Popup/EmailText'

2021-11-18 11:32:07 - [MESSAGE][INFO] - Finding Test Object 'Object Repository/Popup/EmailText'

2021-11-18 11:32:07 - [MESSAGE][INFO] - Sending keys 'elogotest@gmail.com;ali.kara@logo.com.tr' to object: 'Object Repository/Popup/EmailText'

2021-11-18 11:32:07 - [MESSAGE][INFO] - Finding web element from Test Object's properties

2021-11-18 11:32:07 - [MESSAGE][INFO] - Checking timeout

2021-11-18 11:32:07 - [MESSAGE][INFO] - Finding web element with id: 'Object Repository/Popup/EmailText' located by 'By.xpath: //*[@id="eMails"]' in '30' second(s)

2021-11-18 11:32:07 - [MESSAGE][INFO] - Smart Wait Function is triggered

2021-11-18 11:32:07 - [MESSAGE][INFO] - Found 1 web elements with id: 'Object Repository/Popup/EmailText' located by 'By.xpath: //*[@id="eMails"]' in '30' second(s)

2021-11-18 11:32:07 - [MESSAGE][PASSED] - Keys 'elogotest@gmail.com;ali.kara@logo.com.tr' sent to object: 'Object Repository/Popup/EmailText'

2021-11-18 11:32:07 - [MESSAGE][PASSED] - Call Test Case 'Test Cases/Popup/PopupaEmailEklenir' successfully

2021-11-18 11:32:07 - [MESSAGE][INFO] - Checking called Test Case

2021-11-18 11:32:07 - [MESSAGE][INFO] - Starting to call Test Case 'Test Cases/Popup/PopupButonSecilir'

2021-11-18 11:32:07 - [TEST_CASE][PASSED] - Test Cases/Popup/PopupButonSecilir: Test Cases/Popup/PopupButonSecilir

2021-11-18 11:32:07 - [TEST_STEP][PASSED] - Method.TextDegerineEsitElementeTikla(findTestObject("Popup/Popup_Butons"), Buton): Method.TextDegerineEsitElementeTikla is PASSED

2021-11-18 11:32:07 - [MESSAGE][INFO] - Finding Test Object 'Object Repository/Popup/Popup_Butons'

2021-11-18 11:32:07 - [MESSAGE][INFO] - Checking timeout

2021-11-18 11:32:07 - [MESSAGE][INFO] - Finding web element with id: 'Object Repository/Popup/Popup_Butons' located by 'By.cssSelector: .modal-footer>button' in '10' second(s)

2021-11-18 11:32:07 - [MESSAGE][INFO] - Smart Wait Function is triggered

2021-11-18 11:32:08 - [MESSAGE][INFO] - Found 2 web elements with id: 'Object Repository/Popup/Popup_Butons' located by 'By.cssSelector: .modal-footer>button' in '10' second(s)

2021-11-18 11:32:08 - [MESSAGE][PASSED] - Method.TextDegerineEsitElementeTikla is PASSED

2021-11-18 11:32:08 - [MESSAGE][PASSED] - Call Test Case 'Test Cases/Popup/PopupButonSecilir' successfully

2021-11-18 11:32:08 - [MESSAGE][INFO] - Checking called Test Case

2021-11-18 11:32:08 - [MESSAGE][INFO] - Starting to call Test Case 'Test Cases/Popup/PopupMesajiIceriyorMu'

2021-11-18 11:32:08 - [TEST_CASE][PASSED] - Test Cases/Popup/PopupMesajiIceriyorMu: Test Cases/Popup/PopupMesajiIceriyorMu

2021-11-18 11:32:08 - [TEST_STEP][PASSED] - waitForElementVisible(findTestObject("Popup/Popup"), 10): Object 'Object Repository/Popup/Popup' is visible

2021-11-18 11:32:08 - [MESSAGE][INFO] - Finding Test Object 'Object Repository/Popup/Popup'

2021-11-18 11:32:08 - [MESSAGE][INFO] - Checking object

2021-11-18 11:32:08 - [MESSAGE][INFO] - Checking timeout

2021-11-18 11:32:08 - [MESSAGE][INFO] - Finding web element from Test Object's properties

2021-11-18 11:32:08 - [MESSAGE][INFO] - Checking timeout

2021-11-18 11:32:08 - [MESSAGE][INFO] - Finding web element with id: 'Object Repository/Popup/Popup' located by 'By.cssSelector: .bootbox-body' in '10' second(s)

2021-11-18 11:32:08 - [MESSAGE][INFO] - Smart Wait Function is triggered

2021-11-18 11:32:09 - [MESSAGE][INFO] - Found 1 web elements with id: 'Object Repository/Popup/Popup' located by 'By.cssSelector: .bootbox-body' in '10' second(s)

2021-11-18 11:32:09 - [MESSAGE][PASSED] - Object 'Object Repository/Popup/Popup' is visible

2021-11-18 11:32:09 - [TEST_STEP][PASSED] - if (!(getText(findTestObject("Popup/Popup")).contains(Mesaj))): Text of object 'Object Repository/Popup/Popup' is: '17356 no’lu talebiniz işleme alınmıştır. Raporunuz hazırlandığında (elogotest@gmail.com;ali.kara@logo.com.tr) adresinize mail gönderilecektir.
Rapor durumunuzu Raporlar > Toplu Veri İndirme ekranından takip edebilir, hazırlandı durumundaki raporlarınızı ilgili menüden indirebilirsiniz.'

2021-11-18 11:32:09 - [MESSAGE][INFO] - Finding Test Object 'Object Repository/Popup/Popup'

2021-11-18 11:32:09 - [MESSAGE][INFO] - Checking object

2021-11-18 11:32:09 - [MESSAGE][INFO] - Finding web element from Test Object's properties

2021-11-18 11:32:09 - [MESSAGE][INFO] - Checking timeout

2021-11-18 11:32:09 - [MESSAGE][INFO] - Finding web element with id: 'Object Repository/Popup/Popup' located by 'By.cssSelector: .bootbox-body' in '30' second(s)

2021-11-18 11:32:09 - [MESSAGE][INFO] - Smart Wait Function is triggered

2021-11-18 11:32:09 - [MESSAGE][INFO] - Found 1 web elements with id: 'Object Repository/Popup/Popup' located by 'By.cssSelector: .bootbox-body' in '30' second(s)

2021-11-18 11:32:09 - [MESSAGE][INFO] - Getting text of object 'Object Repository/Popup/Popup'

2021-11-18 11:32:09 - [MESSAGE][PASSED] - Text of object 'Object Repository/Popup/Popup' is: '17356 no’lu talebiniz işleme alınmıştır. Raporunuz hazırlandığında (elogotest@gmail.com;ali.kara@logo.com.tr) adresinize mail gönderilecektir.
Rapor durumunuzu Raporlar > Toplu Veri İndirme ekranından takip edebilir, hazırlandı durumundaki raporlarınızı ilgili menüden indirebilirsiniz.'

2021-11-18 11:32:09 - [TEST_STEP][PASSED] - RaporNo = getText(findTestObject("Popup/Popup")).substring(0, 6): Text of object 'Object Repository/Popup/Popup' is: '17356 no’lu talebiniz işleme alınmıştır. Raporunuz hazırlandığında (elogotest@gmail.com;ali.kara@logo.com.tr) adresinize mail gönderilecektir.
Rapor durumunuzu Raporlar > Toplu Veri İndirme ekranından takip edebilir, hazırlandı durumundaki raporlarınızı ilgili menüden indirebilirsiniz.'

2021-11-18 11:32:09 - [MESSAGE][INFO] - Finding Test Object 'Object Repository/Popup/Popup'

2021-11-18 11:32:09 - [MESSAGE][INFO] - Checking object

2021-11-18 11:32:09 - [MESSAGE][INFO] - Finding web element from Test Object's properties

2021-11-18 11:32:09 - [MESSAGE][INFO] - Checking timeout

2021-11-18 11:32:09 - [MESSAGE][INFO] - Finding web element with id: 'Object Repository/Popup/Popup' located by 'By.cssSelector: .bootbox-body' in '30' second(s)

2021-11-18 11:32:09 - [MESSAGE][INFO] - Smart Wait Function is triggered

2021-11-18 11:32:10 - [MESSAGE][INFO] - Found 1 web elements with id: 'Object Repository/Popup/Popup' located by 'By.cssSelector: .bootbox-body' in '30' second(s)

2021-11-18 11:32:10 - [MESSAGE][INFO] - Getting text of object 'Object Repository/Popup/Popup'

2021-11-18 11:32:10 - [MESSAGE][PASSED] - Text of object 'Object Repository/Popup/Popup' is: '17356 no’lu talebiniz işleme alınmıştır. Raporunuz hazırlandığında (elogotest@gmail.com;ali.kara@logo.com.tr) adresinize mail gönderilecektir.
Rapor durumunuzu Raporlar > Toplu Veri İndirme ekranından takip edebilir, hazırlandı durumundaki raporlarınızı ilgili menüden indirebilirsiniz.'

2021-11-18 11:32:10 - [TEST_STEP][PASSED] - Console.println(RaporNo): null

2021-11-18 11:32:10 - [MESSAGE][PASSED] - Call Test Case 'Test Cases/Popup/PopupMesajiIceriyorMu' successfully

2021-11-18 11:32:10 - [MESSAGE][INFO] - Checking called Test Case

2021-11-18 11:32:10 - [MESSAGE][INFO] - Starting to call Test Case 'Test Cases/Popup/PopupButonSecilir'

2021-11-18 11:32:10 - [TEST_CASE][PASSED] - Test Cases/Popup/PopupButonSecilir: Test Cases/Popup/PopupButonSecilir

2021-11-18 11:32:10 - [TEST_STEP][PASSED] - Method.TextDegerineEsitElementeTikla(findTestObject("Popup/Popup_Butons"), Buton): Method.TextDegerineEsitElementeTikla is PASSED

2021-11-18 11:32:10 - [MESSAGE][INFO] - Finding Test Object 'Object Repository/Popup/Popup_Butons'

2021-11-18 11:32:10 - [MESSAGE][INFO] - Checking timeout

2021-11-18 11:32:10 - [MESSAGE][INFO] - Finding web element with id: 'Object Repository/Popup/Popup_Butons' located by 'By.cssSelector: .modal-footer>button' in '10' second(s)

2021-11-18 11:32:10 - [MESSAGE][INFO] - Smart Wait Function is triggered

2021-11-18 11:32:10 - [MESSAGE][INFO] - Found 1 web elements with id: 'Object Repository/Popup/Popup_Butons' located by 'By.cssSelector: .modal-footer>button' in '10' second(s)

2021-11-18 11:32:10 - [MESSAGE][PASSED] - Method.TextDegerineEsitElementeTikla is PASSED

2021-11-18 11:32:10 - [MESSAGE][PASSED] - Call Test Case 'Test Cases/Popup/PopupButonSecilir' successfully

2021-11-18 11:32:10 - [MESSAGE][INFO] - Checking called Test Case

2021-11-18 11:32:10 - [MESSAGE][INFO] - Starting to call Test Case 'Test Cases/Butonlar/ButonaTikla'

2021-11-18 11:32:10 - [TEST_CASE][PASSED] - Test Cases/Butonlar/ButonaTikla: Test Cases/Butonlar/ButonaTikla

2021-11-18 11:32:10 - [TEST_STEP][PASSED] - Method.TextDegerineEsitElementeTiklaEquals(findTestObject("Butonlar/Butonlar"), Buton_Adi): Method.TextDegerineEsitElementeTiklaEquals is PASSED

2021-11-18 11:32:10 - [MESSAGE][INFO] - Finding Test Object 'Object Repository/Butonlar/Butonlar'

2021-11-18 11:32:10 - [MESSAGE][INFO] - Checking timeout

2021-11-18 11:32:10 - [MESSAGE][INFO] - Finding web element with id: 'Object Repository/Butonlar/Butonlar' located by 'By.cssSelector: .panel.panel-default.text-center.footerPanel .btn,.btn.btn-primary.btnControls' in '10' second(s)

2021-11-18 11:32:10 - [MESSAGE][INFO] - Smart Wait Function is triggered

2021-11-18 11:32:11 - [MESSAGE][INFO] - Found 7 web elements with id: 'Object Repository/Butonlar/Butonlar' located by 'By.cssSelector: .panel.panel-default.text-center.footerPanel .btn,.btn.btn-primary.btnControls' in '10' second(s)

2021-11-18 11:32:11 - [MESSAGE][PASSED] - Method.TextDegerineEsitElementeTiklaEquals is PASSED

2021-11-18 11:32:11 - [MESSAGE][PASSED] - Call Test Case 'Test Cases/Butonlar/ButonaTikla' successfully

2021-11-18 11:32:11 - [MESSAGE][INFO] - Checking called Test Case

2021-11-18 11:32:11 - [MESSAGE][INFO] - Starting to call Test Case 'Test Cases/Butonlar/AltButonaTikla'

2021-11-18 11:32:11 - [TEST_CASE][PASSED] - Test Cases/Butonlar/AltButonaTikla: Test Cases/Butonlar/AltButonaTikla

2021-11-18 11:32:11 - [TEST_STEP][PASSED] - Method.TextDegerineEsitElementeTikla(findTestObject("Butonlar/AltButonlar"), Alt_Buton): Method.TextDegerineEsitElementeTikla is PASSED

2021-11-18 11:32:11 - [MESSAGE][INFO] - Finding Test Object 'Object Repository/Butonlar/AltButonlar'

2021-11-18 11:32:11 - [MESSAGE][INFO] - Checking timeout

2021-11-18 11:32:11 - [MESSAGE][INFO] - Finding web element with id: 'Object Repository/Butonlar/AltButonlar' located by 'By.cssSelector: .btn-group.open li>a' in '10' second(s)

2021-11-18 11:32:11 - [MESSAGE][INFO] - Smart Wait Function is triggered

2021-11-18 11:32:11 - [MESSAGE][INFO] - Found 2 web elements with id: 'Object Repository/Butonlar/AltButonlar' located by 'By.cssSelector: .btn-group.open li>a' in '10' second(s)

2021-11-18 11:32:11 - [MESSAGE][PASSED] - Method.TextDegerineEsitElementeTikla is PASSED

2021-11-18 11:32:11 - [MESSAGE][PASSED] - Call Test Case 'Test Cases/Butonlar/AltButonaTikla' successfully

2021-11-18 11:32:11 - [MESSAGE][INFO] - Checking called Test Case

2021-11-18 11:32:11 - [MESSAGE][INFO] - Starting to call Test Case 'Test Cases/Popup/PopupMesajiIceriyorMu'

2021-11-18 11:32:11 - [TEST_CASE][PASSED] - Test Cases/Popup/PopupMesajiIceriyorMu: Test Cases/Popup/PopupMesajiIceriyorMu

2021-11-18 11:32:11 - [TEST_STEP][PASSED] - waitForElementVisible(findTestObject("Popup/Popup"), 10): Object 'Object Repository/Popup/Popup' is visible

2021-11-18 11:32:11 - [MESSAGE][INFO] - Finding Test Object 'Object Repository/Popup/Popup'

2021-11-18 11:32:12 - [MESSAGE][INFO] - Checking object

2021-11-18 11:32:12 - [MESSAGE][INFO] - Checking timeout

2021-11-18 11:32:12 - [MESSAGE][INFO] - Finding web element from Test Object's properties

2021-11-18 11:32:12 - [MESSAGE][INFO] - Checking timeout

2021-11-18 11:32:12 - [MESSAGE][INFO] - Finding web element with id: 'Object Repository/Popup/Popup' located by 'By.cssSelector: .bootbox-body' in '10' second(s)

2021-11-18 11:32:12 - [MESSAGE][INFO] - Smart Wait Function is triggered

2021-11-18 11:32:12 - [MESSAGE][INFO] - Found 1 web elements with id: 'Object Repository/Popup/Popup' located by 'By.cssSelector: .bootbox-body' in '10' second(s)

2021-11-18 11:32:12 - [MESSAGE][PASSED] - Object 'Object Repository/Popup/Popup' is visible

2021-11-18 11:32:12 - [TEST_STEP][PASSED] - if (!(getText(findTestObject("Popup/Popup")).contains(Mesaj))): Text of object 'Object Repository/Popup/Popup' is: 'Lütfen rapor bildiriminin gönderileceği e-posta adresini belirtiniz.
e-Posta Adresi'

2021-11-18 11:32:12 - [MESSAGE][INFO] - Finding Test Object 'Object Repository/Popup/Popup'

2021-11-18 11:32:12 - [MESSAGE][INFO] - Checking object

2021-11-18 11:32:12 - [MESSAGE][INFO] - Finding web element from Test Object's properties

2021-11-18 11:32:12 - [MESSAGE][INFO] - Checking timeout

2021-11-18 11:32:12 - [MESSAGE][INFO] - Finding web element with id: 'Object Repository/Popup/Popup' located by 'By.cssSelector: .bootbox-body' in '30' second(s)

2021-11-18 11:32:12 - [MESSAGE][INFO] - Smart Wait Function is triggered

2021-11-18 11:32:12 - [MESSAGE][INFO] - Found 1 web elements with id: 'Object Repository/Popup/Popup' located by 'By.cssSelector: .bootbox-body' in '30' second(s)

2021-11-18 11:32:12 - [MESSAGE][INFO] - Getting text of object 'Object Repository/Popup/Popup'

2021-11-18 11:32:12 - [MESSAGE][PASSED] - Text of object 'Object Repository/Popup/Popup' is: 'Lütfen rapor bildiriminin gönderileceği e-posta adresini belirtiniz.
e-Posta Adresi'

2021-11-18 11:32:12 - [TEST_STEP][PASSED] - RaporNo = getText(findTestObject("Popup/Popup")).substring(0, 6): Text of object 'Object Repository/Popup/Popup' is: 'Lütfen rapor bildiriminin gönderileceği e-posta adresini belirtiniz.
e-Posta Adresi'

2021-11-18 11:32:12 - [MESSAGE][INFO] - Finding Test Object 'Object Repository/Popup/Popup'

2021-11-18 11:32:12 - [MESSAGE][INFO] - Checking object

2021-11-18 11:32:12 - [MESSAGE][INFO] - Finding web element from Test Object's properties

2021-11-18 11:32:12 - [MESSAGE][INFO] - Checking timeout

2021-11-18 11:32:12 - [MESSAGE][INFO] - Finding web element with id: 'Object Repository/Popup/Popup' located by 'By.cssSelector: .bootbox-body' in '30' second(s)

2021-11-18 11:32:12 - [MESSAGE][INFO] - Smart Wait Function is triggered

2021-11-18 11:32:13 - [MESSAGE][INFO] - Found 1 web elements with id: 'Object Repository/Popup/Popup' located by 'By.cssSelector: .bootbox-body' in '30' second(s)

2021-11-18 11:32:13 - [MESSAGE][INFO] - Getting text of object 'Object Repository/Popup/Popup'

2021-11-18 11:32:13 - [MESSAGE][PASSED] - Text of object 'Object Repository/Popup/Popup' is: 'Lütfen rapor bildiriminin gönderileceği e-posta adresini belirtiniz.
e-Posta Adresi'

2021-11-18 11:32:13 - [TEST_STEP][PASSED] - Console.println(RaporNo): null

2021-11-18 11:32:13 - [MESSAGE][PASSED] - Call Test Case 'Test Cases/Popup/PopupMesajiIceriyorMu' successfully

2021-11-18 11:32:13 - [MESSAGE][INFO] - Checking called Test Case

2021-11-18 11:32:13 - [MESSAGE][INFO] - Starting to call Test Case 'Test Cases/Popup/PopupaEmailEklenir'

2021-11-18 11:32:13 - [TEST_CASE][PASSED] - Test Cases/Popup/PopupaEmailEklenir: Test Cases/Popup/PopupaEmailEklenir

2021-11-18 11:32:13 - [TEST_STEP][PASSED] - clearText(findTestObject("Popup/EmailText")): Text of object 'Object Repository/Popup/EmailText' is cleared

2021-11-18 11:32:13 - [MESSAGE][INFO] - Finding Test Object 'Object Repository/Popup/EmailText'

2021-11-18 11:32:13 - [MESSAGE][INFO] - Checking object

2021-11-18 11:32:13 - [MESSAGE][INFO] - Finding web element from Test Object's properties

2021-11-18 11:32:13 - [MESSAGE][INFO] - Checking timeout

2021-11-18 11:32:13 - [MESSAGE][INFO] - Finding web element with id: 'Object Repository/Popup/EmailText' located by 'By.xpath: //*[@id="eMails"]' in '30' second(s)

2021-11-18 11:32:13 - [MESSAGE][INFO] - Smart Wait Function is triggered

2021-11-18 11:32:13 - [MESSAGE][INFO] - Found 1 web elements with id: 'Object Repository/Popup/EmailText' located by 'By.xpath: //*[@id="eMails"]' in '30' second(s)

2021-11-18 11:32:13 - [MESSAGE][INFO] - Clearing text of object 'Object Repository/Popup/EmailText'

2021-11-18 11:32:13 - [MESSAGE][PASSED] - Text of object 'Object Repository/Popup/EmailText' is cleared

2021-11-18 11:32:13 - [TEST_STEP][PASSED] - sendKeys(findTestObject("Popup/EmailText"), Email): Keys 'elogotest@gmail.com;ali.kara@logo.com.tr' sent to object: 'Object Repository/Popup/EmailText'

2021-11-18 11:32:13 - [MESSAGE][INFO] - Finding Test Object 'Object Repository/Popup/EmailText'

2021-11-18 11:32:13 - [MESSAGE][INFO] - Sending keys 'elogotest@gmail.com;ali.kara@logo.com.tr' to object: 'Object Repository/Popup/EmailText'

2021-11-18 11:32:13 - [MESSAGE][INFO] - Finding web element from Test Object's properties

2021-11-18 11:32:13 - [MESSAGE][INFO] - Checking timeout

2021-11-18 11:32:13 - [MESSAGE][INFO] - Finding web element with id: 'Object Repository/Popup/EmailText' located by 'By.xpath: //*[@id="eMails"]' in '30' second(s)

2021-11-18 11:32:13 - [MESSAGE][INFO] - Smart Wait Function is triggered

2021-11-18 11:32:13 - [MESSAGE][INFO] - Found 1 web elements with id: 'Object Repository/Popup/EmailText' located by 'By.xpath: //*[@id="eMails"]' in '30' second(s)

2021-11-18 11:32:14 - [MESSAGE][PASSED] - Keys 'elogotest@gmail.com;ali.kara@logo.com.tr' sent to object: 'Object Repository/Popup/EmailText'

2021-11-18 11:32:14 - [MESSAGE][PASSED] - Call Test Case 'Test Cases/Popup/PopupaEmailEklenir' successfully

2021-11-18 11:32:14 - [MESSAGE][INFO] - Checking called Test Case

2021-11-18 11:32:14 - [MESSAGE][INFO] - Starting to call Test Case 'Test Cases/Popup/PopupButonSecilir'

2021-11-18 11:32:14 - [TEST_CASE][PASSED] - Test Cases/Popup/PopupButonSecilir: Test Cases/Popup/PopupButonSecilir

2021-11-18 11:32:14 - [TEST_STEP][PASSED] - Method.TextDegerineEsitElementeTikla(findTestObject("Popup/Popup_Butons"), Buton): Method.TextDegerineEsitElementeTikla is PASSED

2021-11-18 11:32:14 - [MESSAGE][INFO] - Finding Test Object 'Object Repository/Popup/Popup_Butons'

2021-11-18 11:32:14 - [MESSAGE][INFO] - Checking timeout

2021-11-18 11:32:14 - [MESSAGE][INFO] - Finding web element with id: 'Object Repository/Popup/Popup_Butons' located by 'By.cssSelector: .modal-footer>button' in '10' second(s)

2021-11-18 11:32:14 - [MESSAGE][INFO] - Smart Wait Function is triggered

2021-11-18 11:32:14 - [MESSAGE][INFO] - Found 2 web elements with id: 'Object Repository/Popup/Popup_Butons' located by 'By.cssSelector: .modal-footer>button' in '10' second(s)

2021-11-18 11:32:14 - [MESSAGE][PASSED] - Method.TextDegerineEsitElementeTikla is PASSED

2021-11-18 11:32:14 - [MESSAGE][PASSED] - Call Test Case 'Test Cases/Popup/PopupButonSecilir' successfully

2021-11-18 11:32:14 - [MESSAGE][INFO] - Checking called Test Case

2021-11-18 11:32:14 - [MESSAGE][INFO] - Starting to call Test Case 'Test Cases/Popup/PopupMesajiIceriyorMu'

2021-11-18 11:32:14 - [TEST_CASE][PASSED] - Test Cases/Popup/PopupMesajiIceriyorMu: Test Cases/Popup/PopupMesajiIceriyorMu

2021-11-18 11:32:14 - [TEST_STEP][PASSED] - waitForElementVisible(findTestObject("Popup/Popup"), 10): Object 'Object Repository/Popup/Popup' is visible

2021-11-18 11:32:14 - [MESSAGE][INFO] - Finding Test Object 'Object Repository/Popup/Popup'

2021-11-18 11:32:14 - [MESSAGE][INFO] - Checking object

2021-11-18 11:32:14 - [MESSAGE][INFO] - Checking timeout

2021-11-18 11:32:14 - [MESSAGE][INFO] - Finding web element from Test Object's properties

2021-11-18 11:32:14 - [MESSAGE][INFO] - Checking timeout

2021-11-18 11:32:14 - [MESSAGE][INFO] - Finding web element with id: 'Object Repository/Popup/Popup' located by 'By.cssSelector: .bootbox-body' in '10' second(s)

2021-11-18 11:32:14 - [MESSAGE][INFO] - Smart Wait Function is triggered

2021-11-18 11:32:15 - [MESSAGE][INFO] - Found 1 web elements with id: 'Object Repository/Popup/Popup' located by 'By.cssSelector: .bootbox-body' in '10' second(s)

2021-11-18 11:32:15 - [MESSAGE][PASSED] - Object 'Object Repository/Popup/Popup' is visible

2021-11-18 11:32:15 - [TEST_STEP][PASSED] - if (!(getText(findTestObject("Popup/Popup")).contains(Mesaj))): Text of object 'Object Repository/Popup/Popup' is: '17357 no’lu talebiniz işleme alınmıştır. Raporunuz hazırlandığında (elogotest@gmail.com;ali.kara@logo.com.tr) adresinize mail gönderilecektir.
Rapor durumunuzu Raporlar > Toplu Veri İndirme ekranından takip edebilir, hazırlandı durumundaki raporlarınızı ilgili menüden indirebilirsiniz.'

2021-11-18 11:32:15 - [MESSAGE][INFO] - Finding Test Object 'Object Repository/Popup/Popup'

2021-11-18 11:32:15 - [MESSAGE][INFO] - Checking object

2021-11-18 11:32:15 - [MESSAGE][INFO] - Finding web element from Test Object's properties

2021-11-18 11:32:15 - [MESSAGE][INFO] - Checking timeout

2021-11-18 11:32:15 - [MESSAGE][INFO] - Finding web element with id: 'Object Repository/Popup/Popup' located by 'By.cssSelector: .bootbox-body' in '30' second(s)

2021-11-18 11:32:15 - [MESSAGE][INFO] - Smart Wait Function is triggered

2021-11-18 11:32:15 - [MESSAGE][INFO] - Found 1 web elements with id: 'Object Repository/Popup/Popup' located by 'By.cssSelector: .bootbox-body' in '30' second(s)

2021-11-18 11:32:15 - [MESSAGE][INFO] - Getting text of object 'Object Repository/Popup/Popup'

2021-11-18 11:32:15 - [MESSAGE][PASSED] - Text of object 'Object Repository/Popup/Popup' is: '17357 no’lu talebiniz işleme alınmıştır. Raporunuz hazırlandığında (elogotest@gmail.com;ali.kara@logo.com.tr) adresinize mail gönderilecektir.
Rapor durumunuzu Raporlar > Toplu Veri İndirme ekranından takip edebilir, hazırlandı durumundaki raporlarınızı ilgili menüden indirebilirsiniz.'

2021-11-18 11:32:15 - [TEST_STEP][PASSED] - RaporNo = getText(findTestObject("Popup/Popup")).substring(0, 6): Text of object 'Object Repository/Popup/Popup' is: '17357 no’lu talebiniz işleme alınmıştır. Raporunuz hazırlandığında (elogotest@gmail.com;ali.kara@logo.com.tr) adresinize mail gönderilecektir.
Rapor durumunuzu Raporlar > Toplu Veri İndirme ekranından takip edebilir, hazırlandı durumundaki raporlarınızı ilgili menüden indirebilirsiniz.'

2021-11-18 11:32:15 - [MESSAGE][INFO] - Finding Test Object 'Object Repository/Popup/Popup'

2021-11-18 11:32:15 - [MESSAGE][INFO] - Checking object

2021-11-18 11:32:15 - [MESSAGE][INFO] - Finding web element from Test Object's properties

2021-11-18 11:32:15 - [MESSAGE][INFO] - Checking timeout

2021-11-18 11:32:15 - [MESSAGE][INFO] - Finding web element with id: 'Object Repository/Popup/Popup' located by 'By.cssSelector: .bootbox-body' in '30' second(s)

2021-11-18 11:32:15 - [MESSAGE][INFO] - Smart Wait Function is triggered

2021-11-18 11:32:16 - [MESSAGE][INFO] - Found 1 web elements with id: 'Object Repository/Popup/Popup' located by 'By.cssSelector: .bootbox-body' in '30' second(s)

2021-11-18 11:32:16 - [MESSAGE][INFO] - Getting text of object 'Object Repository/Popup/Popup'

2021-11-18 11:32:16 - [MESSAGE][PASSED] - Text of object 'Object Repository/Popup/Popup' is: '17357 no’lu talebiniz işleme alınmıştır. Raporunuz hazırlandığında (elogotest@gmail.com;ali.kara@logo.com.tr) adresinize mail gönderilecektir.
Rapor durumunuzu Raporlar > Toplu Veri İndirme ekranından takip edebilir, hazırlandı durumundaki raporlarınızı ilgili menüden indirebilirsiniz.'

2021-11-18 11:32:16 - [TEST_STEP][PASSED] - Console.println(RaporNo): null

2021-11-18 11:32:16 - [MESSAGE][PASSED] - Call Test Case 'Test Cases/Popup/PopupMesajiIceriyorMu' successfully

2021-11-18 11:32:16 - [MESSAGE][INFO] - Checking called Test Case

2021-11-18 11:32:16 - [MESSAGE][INFO] - Starting to call Test Case 'Test Cases/Popup/PopupButonSecilir'

2021-11-18 11:32:16 - [TEST_CASE][PASSED] - Test Cases/Popup/PopupButonSecilir: Test Cases/Popup/PopupButonSecilir

2021-11-18 11:32:16 - [TEST_STEP][PASSED] - Method.TextDegerineEsitElementeTikla(findTestObject("Popup/Popup_Butons"), Buton): Method.TextDegerineEsitElementeTikla is PASSED

2021-11-18 11:32:16 - [MESSAGE][INFO] - Finding Test Object 'Object Repository/Popup/Popup_Butons'

2021-11-18 11:32:16 - [MESSAGE][INFO] - Checking timeout

2021-11-18 11:32:16 - [MESSAGE][INFO] - Finding web element with id: 'Object Repository/Popup/Popup_Butons' located by 'By.cssSelector: .modal-footer>button' in '10' second(s)

2021-11-18 11:32:16 - [MESSAGE][INFO] - Smart Wait Function is triggered

2021-11-18 11:32:16 - [MESSAGE][INFO] - Found 1 web elements with id: 'Object Repository/Popup/Popup_Butons' located by 'By.cssSelector: .modal-footer>button' in '10' second(s)

2021-11-18 11:32:16 - [MESSAGE][PASSED] - Method.TextDegerineEsitElementeTikla is PASSED

2021-11-18 11:32:16 - [MESSAGE][PASSED] - Call Test Case 'Test Cases/Popup/PopupButonSecilir' successfully

2021-11-18 11:32:16 - [MESSAGE][INFO] - Checking called Test Case

2021-11-18 11:32:16 - [MESSAGE][INFO] - Starting to call Test Case 'Test Cases/Menu/AnaMenuSecimi'

2021-11-18 11:32:16 - [TEST_CASE][PASSED] - Test Cases/Menu/AnaMenuSecimi: Test Cases/Menu/AnaMenuSecimi

2021-11-18 11:32:16 - [TEST_STEP][PASSED] - Method.TextDegerineEsitElementeTikla(findTestObject("Menu/Ana_Menu"), Ana_Menu): Method.TextDegerineEsitElementeTikla is PASSED

2021-11-18 11:32:16 - [MESSAGE][INFO] - Finding Test Object 'Object Repository/Menu/Ana_Menu'

2021-11-18 11:32:16 - [MESSAGE][INFO] - Checking timeout

2021-11-18 11:32:16 - [MESSAGE][INFO] - Finding web element with id: 'Object Repository/Menu/Ana_Menu' located by 'By.xpath: //*[@class = 'dropdown-toggle']' in '10' second(s)

2021-11-18 11:32:16 - [MESSAGE][INFO] - Smart Wait Function is triggered

2021-11-18 11:32:17 - [MESSAGE][INFO] - Found 15 web elements with id: 'Object Repository/Menu/Ana_Menu' located by 'By.xpath: //*[@class = 'dropdown-toggle']' in '10' second(s)

2021-11-18 11:32:17 - [MESSAGE][PASSED] - Method.TextDegerineEsitElementeTikla is PASSED

2021-11-18 11:32:17 - [MESSAGE][PASSED] - Call Test Case 'Test Cases/Menu/AnaMenuSecimi' successfully

2021-11-18 11:32:17 - [MESSAGE][INFO] - Checking called Test Case

2021-11-18 11:32:17 - [MESSAGE][INFO] - Starting to call Test Case 'Test Cases/Menu/AltMenuSecimi'

2021-11-18 11:32:17 - [TEST_CASE][PASSED] - Test Cases/Menu/AltMenuSecimi: Test Cases/Menu/AltMenuSecimi

2021-11-18 11:32:17 - [TEST_STEP][PASSED] - Method.TextDegerineEsitElementeTikla(findTestObject("Menu/Alt_Menu"), Alt_Menu): Method.TextDegerineEsitElementeTikla is PASSED

2021-11-18 11:32:17 - [MESSAGE][INFO] - Finding Test Object 'Object Repository/Menu/Alt_Menu'

2021-11-18 11:32:17 - [MESSAGE][INFO] - Checking timeout

2021-11-18 11:32:17 - [MESSAGE][INFO] - Finding web element with id: 'Object Repository/Menu/Alt_Menu' located by 'By.xpath: //li[@class='dropdown dropdown-large open']//li[@class='dropdown-element']' in '10' second(s)

2021-11-18 11:32:17 - [MESSAGE][INFO] - Smart Wait Function is triggered

2021-11-18 11:32:18 - [MESSAGE][INFO] - Found 9 web elements with id: 'Object Repository/Menu/Alt_Menu' located by 'By.xpath: //li[@class='dropdown dropdown-large open']//li[@class='dropdown-element']' in '10' second(s)

2021-11-18 11:32:18 - [MESSAGE][PASSED] - Method.TextDegerineEsitElementeTikla is PASSED

2021-11-18 11:32:18 - [MESSAGE][PASSED] - Call Test Case 'Test Cases/Menu/AltMenuSecimi' successfully

2021-11-18 11:32:18 - [MESSAGE][INFO] - Checking called Test Case

2021-11-18 11:32:18 - [MESSAGE][INFO] - Starting to call Test Case 'Test Cases/Filtreler/RaporNoYaz'

2021-11-18 11:32:18 - [TEST_CASE][PASSED] - Test Cases/Filtreler/RaporNoYaz: Test Cases/Filtreler/RaporNoYaz

2021-11-18 11:32:18 - [TEST_STEP][PASSED] - Method.TextDegerineEsitElementinAltindakiTextboxtaYaz(findTestObject("Filtreler/Basliklar"), findTestObject("Filtreler/Basliga_Gore_Textbox"), "Talep No", RaporNo): Method.TextDegerineEsitElementinAltindakiTextboxtaYaz is PASSED

2021-11-18 11:32:18 - [MESSAGE][INFO] - Finding Test Object 'Object Repository/Filtreler/Basliklar'

2021-11-18 11:32:19 - [MESSAGE][INFO] - Finding Test Object 'Object Repository/Filtreler/Basliga_Gore_Textbox'

2021-11-18 11:32:19 - [MESSAGE][INFO] - Checking timeout

2021-11-18 11:32:19 - [MESSAGE][INFO] - Finding web element with id: 'Object Repository/Filtreler/Basliklar' located by 'By.cssSelector: .control-label.col-sm-4.paddingMarginRLC' in '10' second(s)

2021-11-18 11:32:19 - [MESSAGE][INFO] - Smart Wait Function is triggered

2021-11-18 11:32:19 - [MESSAGE][INFO] - Found 8 web elements with id: 'Object Repository/Filtreler/Basliklar' located by 'By.cssSelector: .control-label.col-sm-4.paddingMarginRLC' in '10' second(s)

2021-11-18 11:32:19 - [MESSAGE][INFO] - Smart Wait Function is triggered

2021-11-18 11:32:19 - [MESSAGE][PASSED] - Method.TextDegerineEsitElementinAltindakiTextboxtaYaz is PASSED

2021-11-18 11:32:19 - [MESSAGE][PASSED] - Call Test Case 'Test Cases/Filtreler/RaporNoYaz' successfully

2021-11-18 11:32:19 - [MESSAGE][INFO] - Checking called Test Case

2021-11-18 11:32:19 - [MESSAGE][INFO] - Starting to call Test Case 'Test Cases/Filtreler/ButonaTikla'

2021-11-18 11:32:19 - [TEST_CASE][PASSED] - Test Cases/Filtreler/ButonaTikla: Test Cases/Filtreler/ButonaTikla

2021-11-18 11:32:19 - [TEST_STEP][PASSED] - Method.TextDegerineEsitElementeTikla(findTestObject("Filtreler/Butonlar"), Filtre_Buton): Method.TextDegerineEsitElementeTikla is PASSED

2021-11-18 11:32:19 - [MESSAGE][INFO] - Finding Test Object 'Object Repository/Filtreler/Butonlar'

2021-11-18 11:32:20 - [MESSAGE][INFO] - Checking timeout

2021-11-18 11:32:20 - [MESSAGE][INFO] - Finding web element with id: 'Object Repository/Filtreler/Butonlar' located by 'By.cssSelector: .dxb>span' in '10' second(s)

2021-11-18 11:32:20 - [MESSAGE][INFO] - Smart Wait Function is triggered

2021-11-18 11:32:20 - [MESSAGE][INFO] - Found 2 web elements with id: 'Object Repository/Filtreler/Butonlar' located by 'By.cssSelector: .dxb>span' in '10' second(s)

2021-11-18 11:32:20 - [MESSAGE][PASSED] - Method.TextDegerineEsitElementeTikla is PASSED

2021-11-18 11:32:20 - [MESSAGE][PASSED] - Call Test Case 'Test Cases/Filtreler/ButonaTikla' successfully

2021-11-18 11:32:20 - [MESSAGE][INFO] - Checking called Test Case

2021-11-18 11:32:20 - [MESSAGE][INFO] - Starting to call Test Case 'Test Cases/Tablo/TablodaVeriVarMi'

2021-11-18 11:32:20 - [TEST_CASE][PASSED] - Test Cases/Tablo/TablodaVeriVarMi: Test Cases/Tablo/TablodaVeriVarMi

2021-11-18 11:32:20 - [TEST_STEP][PASSED] - verifyTextNotPresent("Görüntülenecek veri yok", true): Text 'Görüntülenecek veri yok' is not present on page using regular expression

2021-11-18 11:32:20 - [MESSAGE][INFO] - Checking text present  using regular expression

2021-11-18 11:32:20 - [MESSAGE][INFO] - Smart Wait Function is triggered

2021-11-18 11:32:21 - [MESSAGE][INFO] - Finding text 'Görüntülenecek veri yok' on page  using regular expression

2021-11-18 11:32:21 - [MESSAGE][PASSED] - Text 'Görüntülenecek veri yok' is not present on page using regular expression

2021-11-18 11:32:21 - [MESSAGE][PASSED] - Call Test Case 'Test Cases/Tablo/TablodaVeriVarMi' successfully

2021-11-18 11:32:21 - [MESSAGE][INFO] - Checking called Test Case

2021-11-18 11:32:21 - [MESSAGE][INFO] - Starting to call Test Case 'Test Cases/Kullanici_Islemleri/KullaniciIslemlerindenSecimYapilir'

2021-11-18 11:32:21 - [TEST_CASE][PASSED] - Test Cases/Kullanici_Islemleri/KullaniciIslemlerindenSecimYapilir: Test Cases/Kullanici_Islemleri/KullaniciIslemlerindenSecimYapilir

2021-11-18 11:32:21 - [TEST_STEP][PASSED] - waitForElementClickable(findTestObject("Object Repository/Kullanici_Islemleri/KullaniciIslemleri"), 10): Object 'Object Repository/Kullanici_Islemleri/KullaniciIslemleri' is clickable

2021-11-18 11:32:21 - [MESSAGE][INFO] - Finding Test Object 'Object Repository/Kullanici_Islemleri/KullaniciIslemleri'

2021-11-18 11:32:21 - [MESSAGE][INFO] - Checking object

2021-11-18 11:32:21 - [MESSAGE][INFO] - Checking timeout

2021-11-18 11:32:21 - [MESSAGE][INFO] - Finding web element from Test Object's properties

2021-11-18 11:32:21 - [MESSAGE][INFO] - Checking timeout

2021-11-18 11:32:21 - [MESSAGE][INFO] - Finding web element with id: 'Object Repository/Kullanici_Islemleri/KullaniciIslemleri' located by 'By.cssSelector: .dropdown>a>img' in '10' second(s)

2021-11-18 11:32:21 - [MESSAGE][INFO] - Smart Wait Function is triggered

2021-11-18 11:32:21 - [MESSAGE][INFO] - Found 1 web elements with id: 'Object Repository/Kullanici_Islemleri/KullaniciIslemleri' located by 'By.cssSelector: .dropdown>a>img' in '10' second(s)

2021-11-18 11:32:21 - [MESSAGE][PASSED] - Object 'Object Repository/Kullanici_Islemleri/KullaniciIslemleri' is clickable

2021-11-18 11:32:21 - [TEST_STEP][PASSED] - click(findTestObject("Object Repository/Kullanici_Islemleri/KullaniciIslemleri")): Object: 'Object Repository/Kullanici_Islemleri/KullaniciIslemleri' is clicked on

2021-11-18 11:32:21 - [MESSAGE][INFO] - Finding Test Object 'Object Repository/Kullanici_Islemleri/KullaniciIslemleri'

2021-11-18 11:32:21 - [MESSAGE][INFO] - Checking object

2021-11-18 11:32:21 - [MESSAGE][INFO] - Finding web element from Test Object's properties

2021-11-18 11:32:21 - [MESSAGE][INFO] - Checking timeout

2021-11-18 11:32:21 - [MESSAGE][INFO] - Finding web element with id: 'Object Repository/Kullanici_Islemleri/KullaniciIslemleri' located by 'By.cssSelector: .dropdown>a>img' in '30' second(s)

2021-11-18 11:32:21 - [MESSAGE][INFO] - Smart Wait Function is triggered

2021-11-18 11:32:21 - [MESSAGE][INFO] - Found 1 web elements with id: 'Object Repository/Kullanici_Islemleri/KullaniciIslemleri' located by 'By.cssSelector: .dropdown>a>img' in '30' second(s)

2021-11-18 11:32:21 - [MESSAGE][INFO] - Clicking on object: 'Object Repository/Kullanici_Islemleri/KullaniciIslemleri'

2021-11-18 11:32:21 - [MESSAGE][PASSED] - Object: 'Object Repository/Kullanici_Islemleri/KullaniciIslemleri' is clicked on

2021-11-18 11:32:21 - [TEST_STEP][PASSED] - Method.TextDegerineEsitElementeTikla(findTestObject("Object Repository/Kullanici_Islemleri/Secenekler"), Islem): Method.TextDegerineEsitElementeTikla is PASSED

2021-11-18 11:32:21 - [MESSAGE][INFO] - Finding Test Object 'Object Repository/Kullanici_Islemleri/Secenekler'

2021-11-18 11:32:22 - [MESSAGE][INFO] - Checking timeout

2021-11-18 11:32:22 - [MESSAGE][INFO] - Finding web element with id: 'Object Repository/Kullanici_Islemleri/Secenekler' located by 'By.cssSelector: .nav.navbar-nav.navbar-right li a' in '10' second(s)

2021-11-18 11:32:22 - [MESSAGE][INFO] - Smart Wait Function is triggered

2021-11-18 11:32:22 - [MESSAGE][INFO] - Found 22 web elements with id: 'Object Repository/Kullanici_Islemleri/Secenekler' located by 'By.cssSelector: .nav.navbar-nav.navbar-right li a' in '10' second(s)

2021-11-18 11:32:23 - [MESSAGE][PASSED] - Method.TextDegerineEsitElementeTikla is PASSED

2021-11-18 11:32:23 - [TEST_STEP][PASSED] - verifyElementNotPresent(findTestObject("Object Repository/Kullanici_Islemleri/Secenekler"), 10): Web element with id: 'Object Repository/Kullanici_Islemleri/Secenekler' located by 'By.cssSelector: .nav.navbar-nav.navbar-right li a' is not present after '10' second(s)

2021-11-18 11:32:23 - [MESSAGE][INFO] - Finding Test Object 'Object Repository/Kullanici_Islemleri/Secenekler'

2021-11-18 11:32:23 - [MESSAGE][INFO] - Checking object

2021-11-18 11:32:23 - [MESSAGE][INFO] - Checking timeout

2021-11-18 11:32:23 - [MESSAGE][INFO] - Finding web element with id: 'Object Repository/Kullanici_Islemleri/Secenekler' located by 'By.cssSelector: .nav.navbar-nav.navbar-right li a' in '10' second(s)

2021-11-18 11:32:23 - [MESSAGE][INFO] - Smart Wait Function is triggered

2021-11-18 11:32:24 - [MESSAGE][PASSED] - Web element with id: 'Object Repository/Kullanici_Islemleri/Secenekler' located by 'By.cssSelector: .nav.navbar-nav.navbar-right li a' is not present after '10' second(s)

2021-11-18 11:32:24 - [MESSAGE][PASSED] - Call Test Case 'Test Cases/Kullanici_Islemleri/KullaniciIslemlerindenSecimYapilir' successfully

2021-11-18 11:32:24 - [TEST_CASE][PASSED] - Start Test Case : SCENARIO Uygulama Yanitinin Excele aktarilmasi: SCENARIO Uygulama Yanitinin Excele aktarilmasi

2021-11-18 11:32:24 - [TEST_STEP][PASSED] - Kullanıcı adı ELOGO6 ve Şifre 123456 olarak giriş yapılır: Kullanıcı adı ELOGO6 ve Şifre 123456 olarak giriş yapılır

2021-11-18 11:32:24 - [MESSAGE][PASSED] - Kullanıcı adı ELOGO6 ve Şifre 123456 olarak giriş yapılır

2021-11-18 11:32:24 - [TEST_STEP][PASSED] - Ana menüden e-Fatura seçilir: Ana menüden e-Fatura seçilir

2021-11-18 11:32:24 - [MESSAGE][PASSED] - Ana menüden e-Fatura seçilir

2021-11-18 11:32:24 - [TEST_STEP][PASSED] - Alt menü Gelen Kutusu başlığı altındaki Uygulama Yanıtları seçilir: Alt menü Gelen Kutusu başlığı altındaki Uygulama Yanıtları seçilir

2021-11-18 11:32:24 - [MESSAGE][PASSED] - Alt menü Gelen Kutusu başlığı altındaki Uygulama Yanıtları seçilir

2021-11-18 11:32:24 - [TEST_STEP][PASSED] - Filtrelerden Oluşturma Tarihi filtresine 01.12.2020 baslangic degerini yaz: Filtrelerden Oluşturma Tarihi filtresine 01.12.2020 baslangic degerini yaz

2021-11-18 11:32:24 - [MESSAGE][PASSED] - Filtrelerden Oluşturma Tarihi filtresine 01.12.2020 baslangic degerini yaz

2021-11-18 11:32:24 - [TEST_STEP][PASSED] - Filtrelerden Oluşturma Tarihi filtresine 31.12.2020 bitis degerini yaz: Filtrelerden Oluşturma Tarihi filtresine 31.12.2020 bitis degerini yaz

2021-11-18 11:32:24 - [MESSAGE][PASSED] - Filtrelerden Oluşturma Tarihi filtresine 31.12.2020 bitis degerini yaz

2021-11-18 11:32:24 - [TEST_STEP][PASSED] - Filtrelerden Gönderen VKN filtresine 1234567806 textini yaz: Filtrelerden Gönderen VKN filtresine 1234567806 textini yaz

2021-11-18 11:32:24 - [MESSAGE][PASSED] - Filtrelerden Gönderen VKN filtresine 1234567806 textini yaz

2021-11-18 11:32:24 - [TEST_STEP][PASSED] - Filtre butonlarından Listele seçilir: Filtre butonlarından Listele seçilir

2021-11-18 11:32:24 - [MESSAGE][PASSED] - Filtre butonlarından Listele seçilir

2021-11-18 11:32:24 - [TEST_STEP][PASSED] - Tabloda veri var mı kontrol edilir: Tabloda veri var mı kontrol edilir

2021-11-18 11:32:24 - [MESSAGE][PASSED] - Tabloda veri var mı kontrol edilir

2021-11-18 11:32:24 - [TEST_STEP][PASSED] - Tablodan 1234567806 isimli veri seçilir: Tablodan 1234567806 isimli veri seçilir

2021-11-18 11:32:24 - [MESSAGE][PASSED] - Tablodan 1234567806 isimli veri seçilir

2021-11-18 11:32:24 - [TEST_STEP][PASSED] - Butonlardan Excel isimli butona tıklanır: Butonlardan Excel isimli butona tıklanır

2021-11-18 11:32:24 - [MESSAGE][PASSED] - Butonlardan Excel isimli butona tıklanır

2021-11-18 11:32:24 - [TEST_STEP][PASSED] - Alt butonlardan Excel'e Aktar butonuna tıklanır: Alt butonlardan Excel'e Aktar butonuna tıklanır

2021-11-18 11:32:24 - [MESSAGE][PASSED] - Alt butonlardan Excel'e Aktar butonuna tıklanır

2021-11-18 11:32:24 - [TEST_STEP][PASSED] - Popup mesajı Lütfen rapor bildiriminin gönderileceği e-posta adresini belirtiniz. içeriyor mu: Popup mesajı Lütfen rapor bildiriminin gönderileceği e-posta adresini belirtiniz. içeriyor mu

2021-11-18 11:32:24 - [MESSAGE][PASSED] - Popup mesajı Lütfen rapor bildiriminin gönderileceği e-posta adresini belirtiniz. içeriyor mu

2021-11-18 11:32:24 - [TEST_STEP][PASSED] - Popup email elogotest@gmail.com;ali.kara@logo.com.tr olarak girilir: Popup email elogotest@gmail.com;ali.kara@logo.com.tr olarak girilir

2021-11-18 11:32:24 - [MESSAGE][PASSED] - Popup email elogotest@gmail.com;ali.kara@logo.com.tr olarak girilir

2021-11-18 11:32:24 - [TEST_STEP][PASSED] - Yönetim popupında Gönder seçilir: Yönetim popupında Gönder seçilir

2021-11-18 11:32:24 - [MESSAGE][PASSED] - Yönetim popupında Gönder seçilir

2021-11-18 11:32:24 - [TEST_STEP][PASSED] - Popup mesajı talebiniz işleme alınmıştır içeriyor mu: Popup mesajı talebiniz işleme alınmıştır içeriyor mu

2021-11-18 11:32:24 - [MESSAGE][PASSED] - Popup mesajı talebiniz işleme alınmıştır içeriyor mu

2021-11-18 11:32:24 - [TEST_STEP][PASSED] - Yönetim popupında Tamam seçilir: Yönetim popupında Tamam seçilir

2021-11-18 11:32:24 - [MESSAGE][PASSED] - Yönetim popupında Tamam seçilir

2021-11-18 11:32:24 - [TEST_STEP][PASSED] - Butonlardan Excel isimli butona tıklanır: Butonlardan Excel isimli butona tıklanır

2021-11-18 11:32:24 - [MESSAGE][PASSED] - Butonlardan Excel isimli butona tıklanır

2021-11-18 11:32:24 - [TEST_STEP][PASSED] - Alt butonlardan Tümünü Excel'e Aktar butonuna tıklanır: Alt butonlardan Tümünü Excel'e Aktar butonuna tıklanır

2021-11-18 11:32:24 - [MESSAGE][PASSED] - Alt butonlardan Tümünü Excel'e Aktar butonuna tıklanır

2021-11-18 11:32:24 - [TEST_STEP][PASSED] - Popup mesajı Lütfen rapor bildiriminin gönderileceği e-posta adresini belirtiniz. içeriyor mu: Popup mesajı Lütfen rapor bildiriminin gönderileceği e-posta adresini belirtiniz. içeriyor mu

2021-11-18 11:32:24 - [MESSAGE][PASSED] - Popup mesajı Lütfen rapor bildiriminin gönderileceği e-posta adresini belirtiniz. içeriyor mu

2021-11-18 11:32:24 - [TEST_STEP][PASSED] - Popup email elogotest@gmail.com;ali.kara@logo.com.tr olarak girilir: Popup email elogotest@gmail.com;ali.kara@logo.com.tr olarak girilir

2021-11-18 11:32:24 - [MESSAGE][PASSED] - Popup email elogotest@gmail.com;ali.kara@logo.com.tr olarak girilir

2021-11-18 11:32:24 - [TEST_STEP][PASSED] - Yönetim popupında Gönder seçilir: Yönetim popupında Gönder seçilir

2021-11-18 11:32:24 - [MESSAGE][PASSED] - Yönetim popupında Gönder seçilir

2021-11-18 11:32:24 - [TEST_STEP][PASSED] - Popup mesajı talebiniz işleme alınmıştır içeriyor mu: Popup mesajı talebiniz işleme alınmıştır içeriyor mu

2021-11-18 11:32:24 - [MESSAGE][PASSED] - Popup mesajı talebiniz işleme alınmıştır içeriyor mu

2021-11-18 11:32:24 - [TEST_STEP][PASSED] - Yönetim popupında Tamam seçilir: Yönetim popupında Tamam seçilir

2021-11-18 11:32:24 - [MESSAGE][PASSED] - Yönetim popupında Tamam seçilir

2021-11-18 11:32:24 - [TEST_STEP][PASSED] - Ana menüden Raporlar seçilir: Ana menüden Raporlar seçilir

2021-11-18 11:32:24 - [MESSAGE][PASSED] - Ana menüden Raporlar seçilir

2021-11-18 11:32:24 - [TEST_STEP][PASSED] - Alt menüden Toplu Veri İndirme seçilir: Alt menüden Toplu Veri İndirme seçilir

2021-11-18 11:32:24 - [MESSAGE][PASSED] - Alt menüden Toplu Veri İndirme seçilir

2021-11-18 11:32:24 - [TEST_STEP][PASSED] - Filtrelerden Talep No filtresine Rapor No bilgisi yaz: Filtrelerden Talep No filtresine Rapor No bilgisi yaz

2021-11-18 11:32:24 - [MESSAGE][PASSED] - Filtrelerden Talep No filtresine Rapor No bilgisi yaz

2021-11-18 11:32:24 - [TEST_STEP][PASSED] - Filtre butonlarından Listele seçilir: Filtre butonlarından Listele seçilir

2021-11-18 11:32:24 - [MESSAGE][PASSED] - Filtre butonlarından Listele seçilir

2021-11-18 11:32:24 - [TEST_STEP][PASSED] - Tabloda veri var mı kontrol edilir: Tabloda veri var mı kontrol edilir

2021-11-18 11:32:24 - [MESSAGE][PASSED] - Tabloda veri var mı kontrol edilir

2021-11-18 11:32:24 - [TEST_STEP][PASSED] - Kullanıcı işlemlerinden Çıkış seçilir: Kullanıcı işlemlerinden Çıkış seçilir

2021-11-18 11:32:24 - [MESSAGE][PASSED] - Kullanıcı işlemlerinden Çıkış seçilir

2021-11-18 11:32:24 - [MESSAGE][PASSED] - Feature file: 'Include/features/e-Fatura/Gelen Kutusu/Uygulama Yanitlari/Excele Aktar.feature' was passed

2021-11-18 11:32:24 - [TEST_STEP][PASSED] - Start listener action : sampleAfterTestSuite: Invoke 'com.kms.katalon.core.annotation.AfterTestCase' method: 'Listener.sampleAfterTestSuite(...)' completed.

2021-11-18 11:32:24 - [MESSAGE][INFO] - Starting invoke 'com.kms.katalon.core.annotation.AfterTestCase' method: 'Listener.sampleAfterTestSuite(...)'

2021-11-18 11:32:24 - [TEST_STEP][PASSED] - closeBrowser(): Invoke 'com.kms.katalon.core.annotation.AfterTestCase' method: 'Listener.sampleAfterTestSuite(...)' completed.

2021-11-18 11:32:24 - [MESSAGE][INFO] - Closing browser

2021-11-18 11:32:24 - [MESSAGE][PASSED] - Browser is closed

2021-11-18 11:32:24 - [MESSAGE][INFO] - Invoke 'com.kms.katalon.core.annotation.AfterTestCase' method: 'Listener.sampleAfterTestSuite(...)' completed.]]></system-out>
         <system-err><![CDATA[]]></system-err>
      </testcase>
      <testcase name="Test Cases/Case Repository/e-Fatura/Gelen Kutusu/Uygulama Yanitlari/Toplu Indirme" time="56.952" classname="Test Cases/Case Repository/e-Fatura/Gelen Kutusu/Uygulama Yanitlari/Toplu Indirme" status="PASSED">
         <system-out><![CDATA[2021-11-18 11:32:24 - [TEST_CASE][PASSED] - Test Cases/Case Repository/e-Fatura/Gelen Kutusu/Uygulama Yanitlari/Toplu Indirme: Test Cases/Case Repository/e-Fatura/Gelen Kutusu/Uygulama Yanitlari/Toplu Indirme

2021-11-18 11:32:24 - [TEST_STEP][PASSED] - Start listener action : sampleBeforeTestSuite: Invoke 'com.kms.katalon.core.annotation.BeforeTestCase' method: 'Listener.sampleBeforeTestSuite(...)' completed.

2021-11-18 11:32:24 - [MESSAGE][INFO] - Starting invoke 'com.kms.katalon.core.annotation.BeforeTestCase' method: 'Listener.sampleBeforeTestSuite(...)'

2021-11-18 11:32:24 - [TEST_STEP][PASSED] - openBrowser(baseUrl): Browser is opened with url: 'https://efatura-stage.elogo.com.tr/'

2021-11-18 11:32:24 - [MESSAGE][INFO] - Opening browser

2021-11-18 11:32:24 - [MESSAGE][INFO] - Starting 'Chrome' driver

2021-11-18 11:32:24 - [MESSAGE][INFO] - User set preference: ['prefs', '{download.default_directory=C:\otomasyondownfiles}']

2021-11-18 11:32:24 - [MESSAGE][INFO] - Action delay is set to 0 milliseconds

2021-11-18 11:32:26 - [MESSAGE][INFO] - Navigating browser to: 'https://efatura-stage.elogo.com.tr/'

2021-11-18 11:32:29 - [MESSAGE][PASSED] - Browser is opened with url: 'https://efatura-stage.elogo.com.tr/'

2021-11-18 11:32:29 - [TEST_STEP][PASSED] - maximizeWindow(): Invoke 'com.kms.katalon.core.annotation.BeforeTestCase' method: 'Listener.sampleBeforeTestSuite(...)' completed.

2021-11-18 11:32:29 - [MESSAGE][INFO] - Maximizing current window

2021-11-18 11:32:29 - [MESSAGE][PASSED] - Current window maximized

2021-11-18 11:32:29 - [MESSAGE][INFO] - Invoke 'com.kms.katalon.core.annotation.BeforeTestCase' method: 'Listener.sampleBeforeTestSuite(...)' completed.

2021-11-18 11:32:29 - [TEST_STEP][PASSED] - runFeatureFile("Include/features/e-Fatura/Gelen Kutusu/Uygulama Yanitlari/Toplu Indirme.feature"): Feature file: 'Include/features/e-Fatura/Gelen Kutusu/Uygulama Yanitlari/Toplu Indirme.feature' was passed

2021-11-18 11:32:29 - [MESSAGE][INFO] - Starting run keyword runFeatureFile: 'Include/features/e-Fatura/Gelen Kutusu/Uygulama Yanitlari/Toplu Indirme.feature' and extract report to folder: 'C:\Users\DELL\Documents\GitHub\EES_KatalonLogo\Reports\20211118_110909\Suite Repository\ExceleAktarVeTopluIndirme\20211118_110948/cucumber_report/1637224349831'...

2021-11-18 11:32:29 - [MESSAGE][INFO] - Glue: []

2021-11-18 11:32:31 - [MESSAGE][INFO] - Checking called Test Case

2021-11-18 11:32:31 - [MESSAGE][INFO] - Starting to call Test Case 'Test Cases/Sayfalar/Giris_Sayfasi/Login'

2021-11-18 11:32:31 - [TEST_CASE][PASSED] - Test Cases/Sayfalar/Giris_Sayfasi/Login: Test Cases/Sayfalar/Giris_Sayfasi/Login

2021-11-18 11:32:31 - [TEST_STEP][PASSED] - Sayfa_Basligi = getWindowTitle(): Current window's title is: 'LOGO e-Fatura'

2021-11-18 11:32:31 - [MESSAGE][INFO] - Getting current window's title

2021-11-18 11:32:31 - [MESSAGE][PASSED] - Current window's title is: 'LOGO e-Fatura'

2021-11-18 11:32:31 - [TEST_STEP][PASSED] - verifyMatch(Sayfa_Basligi, "LOGO e-Fatura", false): Actual text 'LOGO e-Fatura' and expected text 'LOGO e-Fatura' are matched 

2021-11-18 11:32:31 - [MESSAGE][INFO] - Matching actual text 'LOGO e-Fatura' with expected text 'LOGO e-Fatura'

2021-11-18 11:32:31 - [MESSAGE][PASSED] - Actual text 'LOGO e-Fatura' and expected text 'LOGO e-Fatura' are matched 

2021-11-18 11:32:31 - [TEST_STEP][PASSED] - sendKeys(findTestObject("Sayfalar/Giris_Sayfasi/Firma_Kodu"), KullaniciAdi): Keys 'ELOGO6' sent to object: 'Object Repository/Sayfalar/Giris_Sayfasi/Firma_Kodu'

2021-11-18 11:32:31 - [MESSAGE][INFO] - Finding Test Object 'Object Repository/Sayfalar/Giris_Sayfasi/Firma_Kodu'

2021-11-18 11:32:31 - [MESSAGE][INFO] - Sending keys 'ELOGO6' to object: 'Object Repository/Sayfalar/Giris_Sayfasi/Firma_Kodu'

2021-11-18 11:32:31 - [MESSAGE][INFO] - Finding web element from Test Object's properties

2021-11-18 11:32:31 - [MESSAGE][INFO] - Checking timeout

2021-11-18 11:32:31 - [MESSAGE][INFO] - Finding web element with id: 'Object Repository/Sayfalar/Giris_Sayfasi/Firma_Kodu' located by 'By.xpath: //*[@id = 'AccountName']' in '30' second(s)

2021-11-18 11:32:31 - [MESSAGE][INFO] - Smart Wait Function is triggered

2021-11-18 11:32:31 - [MESSAGE][INFO] - Found 1 web elements with id: 'Object Repository/Sayfalar/Giris_Sayfasi/Firma_Kodu' located by 'By.xpath: //*[@id = 'AccountName']' in '30' second(s)

2021-11-18 11:32:31 - [MESSAGE][PASSED] - Keys 'ELOGO6' sent to object: 'Object Repository/Sayfalar/Giris_Sayfasi/Firma_Kodu'

2021-11-18 11:32:31 - [TEST_STEP][PASSED] - sendKeys(findTestObject("Sayfalar/Giris_Sayfasi/Sifre"), Sifre): Keys '123456' sent to object: 'Object Repository/Sayfalar/Giris_Sayfasi/Sifre'

2021-11-18 11:32:31 - [MESSAGE][INFO] - Finding Test Object 'Object Repository/Sayfalar/Giris_Sayfasi/Sifre'

2021-11-18 11:32:31 - [MESSAGE][INFO] - Sending keys '123456' to object: 'Object Repository/Sayfalar/Giris_Sayfasi/Sifre'

2021-11-18 11:32:31 - [MESSAGE][INFO] - Finding web element from Test Object's properties

2021-11-18 11:32:31 - [MESSAGE][INFO] - Checking timeout

2021-11-18 11:32:31 - [MESSAGE][INFO] - Finding web element with id: 'Object Repository/Sayfalar/Giris_Sayfasi/Sifre' located by 'By.xpath: //*[@id = 'Password']' in '30' second(s)

2021-11-18 11:32:31 - [MESSAGE][INFO] - Smart Wait Function is triggered

2021-11-18 11:32:31 - [MESSAGE][INFO] - Found 1 web elements with id: 'Object Repository/Sayfalar/Giris_Sayfasi/Sifre' located by 'By.xpath: //*[@id = 'Password']' in '30' second(s)

2021-11-18 11:32:31 - [MESSAGE][PASSED] - Keys '123456' sent to object: 'Object Repository/Sayfalar/Giris_Sayfasi/Sifre'

2021-11-18 11:32:31 - [TEST_STEP][PASSED] - findWebElement(findTestObject("Sayfalar/Giris_Sayfasi/Giris_Butonu")).click(): Found 1 web elements with id: 'Object Repository/Sayfalar/Giris_Sayfasi/Giris_Butonu' located by 'By.cssSelector: #btnLogin' in '30' second(s)

2021-11-18 11:32:31 - [MESSAGE][INFO] - Finding Test Object 'Object Repository/Sayfalar/Giris_Sayfasi/Giris_Butonu'

2021-11-18 11:32:32 - [MESSAGE][INFO] - Finding web element from Test Object's properties

2021-11-18 11:32:32 - [MESSAGE][INFO] - Checking timeout

2021-11-18 11:32:32 - [MESSAGE][INFO] - Finding web element with id: 'Object Repository/Sayfalar/Giris_Sayfasi/Giris_Butonu' located by 'By.cssSelector: #btnLogin' in '30' second(s)

2021-11-18 11:32:32 - [MESSAGE][INFO] - Smart Wait Function is triggered

2021-11-18 11:32:32 - [MESSAGE][INFO] - Found 1 web elements with id: 'Object Repository/Sayfalar/Giris_Sayfasi/Giris_Butonu' located by 'By.cssSelector: #btnLogin' in '30' second(s)

2021-11-18 11:32:34 - [TEST_STEP][PASSED] - if (verifyElementPresent(findTestObject("Object Repository/Sayfalar/Giris_Sayfasi/RetveTamam_Butonu"), 5, OPTIONAL)): null

2021-11-18 11:32:34 - [MESSAGE][INFO] - Finding Test Object 'Object Repository/Sayfalar/Giris_Sayfasi/RetveTamam_Butonu'

2021-11-18 11:32:35 - [MESSAGE][INFO] - Checking object

2021-11-18 11:32:35 - [MESSAGE][INFO] - Finding web element from Test Object's properties

2021-11-18 11:32:35 - [MESSAGE][INFO] - Checking timeout

2021-11-18 11:32:35 - [MESSAGE][INFO] - Finding web element with id: 'Object Repository/Sayfalar/Giris_Sayfasi/RetveTamam_Butonu' located by 'By.xpath: //*[@class = 'btn btn-default']' in '5' second(s)

2021-11-18 11:32:35 - [MESSAGE][INFO] - Smart Wait Function is triggered

2021-11-18 11:32:35 - [MESSAGE][INFO] - Found 1 web elements with id: 'Object Repository/Sayfalar/Giris_Sayfasi/RetveTamam_Butonu' located by 'By.xpath: //*[@class = 'btn btn-default']' in '5' second(s)

2021-11-18 11:32:35 - [MESSAGE][PASSED] - Object 'Object Repository/Sayfalar/Giris_Sayfasi/RetveTamam_Butonu' is present

2021-11-18 11:32:35 - [TEST_STEP][PASSED] - click(findTestObject("Object Repository/Sayfalar/Giris_Sayfasi/RetveTamam_Butonu")): Object: 'Object Repository/Sayfalar/Giris_Sayfasi/RetveTamam_Butonu' is clicked on

2021-11-18 11:32:35 - [MESSAGE][INFO] - Finding Test Object 'Object Repository/Sayfalar/Giris_Sayfasi/RetveTamam_Butonu'

2021-11-18 11:32:35 - [MESSAGE][INFO] - Checking object

2021-11-18 11:32:35 - [MESSAGE][INFO] - Finding web element from Test Object's properties

2021-11-18 11:32:35 - [MESSAGE][INFO] - Checking timeout

2021-11-18 11:32:35 - [MESSAGE][INFO] - Finding web element with id: 'Object Repository/Sayfalar/Giris_Sayfasi/RetveTamam_Butonu' located by 'By.xpath: //*[@class = 'btn btn-default']' in '30' second(s)

2021-11-18 11:32:35 - [MESSAGE][INFO] - Smart Wait Function is triggered

2021-11-18 11:32:35 - [MESSAGE][INFO] - Found 1 web elements with id: 'Object Repository/Sayfalar/Giris_Sayfasi/RetveTamam_Butonu' located by 'By.xpath: //*[@class = 'btn btn-default']' in '30' second(s)

2021-11-18 11:32:35 - [MESSAGE][INFO] - Clicking on object: 'Object Repository/Sayfalar/Giris_Sayfasi/RetveTamam_Butonu'

2021-11-18 11:32:35 - [MESSAGE][PASSED] - Object: 'Object Repository/Sayfalar/Giris_Sayfasi/RetveTamam_Butonu' is clicked on

2021-11-18 11:32:35 - [TEST_STEP][PASSED] - click(findTestObject("Object Repository/Sayfalar/Giris_Sayfasi/RetveTamam_Butonu")): Object: 'Object Repository/Sayfalar/Giris_Sayfasi/RetveTamam_Butonu' is clicked on

2021-11-18 11:32:35 - [MESSAGE][INFO] - Finding Test Object 'Object Repository/Sayfalar/Giris_Sayfasi/RetveTamam_Butonu'

2021-11-18 11:32:35 - [MESSAGE][INFO] - Checking object

2021-11-18 11:32:35 - [MESSAGE][INFO] - Finding web element from Test Object's properties

2021-11-18 11:32:35 - [MESSAGE][INFO] - Checking timeout

2021-11-18 11:32:35 - [MESSAGE][INFO] - Finding web element with id: 'Object Repository/Sayfalar/Giris_Sayfasi/RetveTamam_Butonu' located by 'By.xpath: //*[@class = 'btn btn-default']' in '30' second(s)

2021-11-18 11:32:35 - [MESSAGE][INFO] - Smart Wait Function is triggered

2021-11-18 11:32:40 - [MESSAGE][INFO] - Found 1 web elements with id: 'Object Repository/Sayfalar/Giris_Sayfasi/RetveTamam_Butonu' located by 'By.xpath: //*[@class = 'btn btn-default']' in '30' second(s)

2021-11-18 11:32:40 - [MESSAGE][INFO] - Clicking on object: 'Object Repository/Sayfalar/Giris_Sayfasi/RetveTamam_Butonu'

2021-11-18 11:32:40 - [MESSAGE][PASSED] - Object: 'Object Repository/Sayfalar/Giris_Sayfasi/RetveTamam_Butonu' is clicked on

2021-11-18 11:32:40 - [TEST_STEP][PASSED] - if (verifyElementPresent(findTestObject("Sayfalar/Giris_Sayfasi/PopupOK"), 5, OPTIONAL)): null

2021-11-18 11:32:40 - [MESSAGE][INFO] - Finding Test Object 'Object Repository/Sayfalar/Giris_Sayfasi/PopupOK'

2021-11-18 11:32:40 - [MESSAGE][INFO] - Checking object

2021-11-18 11:32:40 - [MESSAGE][INFO] - Finding web element from Test Object's properties

2021-11-18 11:32:40 - [MESSAGE][INFO] - Checking timeout

2021-11-18 11:32:40 - [MESSAGE][INFO] - Finding web element with id: 'Object Repository/Sayfalar/Giris_Sayfasi/PopupOK' located by 'By.cssSelector: .btn.btn-success' in '5' second(s)

2021-11-18 11:32:40 - [MESSAGE][INFO] - Smart Wait Function is triggered

2021-11-18 11:32:40 - [MESSAGE][INFO] - Found 1 web elements with id: 'Object Repository/Sayfalar/Giris_Sayfasi/PopupOK' located by 'By.cssSelector: .btn.btn-success' in '5' second(s)

2021-11-18 11:32:40 - [MESSAGE][PASSED] - Object 'Object Repository/Sayfalar/Giris_Sayfasi/PopupOK' is present

2021-11-18 11:32:40 - [TEST_STEP][PASSED] - click(findTestObject("Object Repository/Sayfalar/Giris_Sayfasi/PopupCarpiGiris")): Object: 'Object Repository/Sayfalar/Giris_Sayfasi/PopupCarpiGiris' is clicked on

2021-11-18 11:32:40 - [MESSAGE][INFO] - Finding Test Object 'Object Repository/Sayfalar/Giris_Sayfasi/PopupCarpiGiris'

2021-11-18 11:32:41 - [MESSAGE][INFO] - Checking object

2021-11-18 11:32:41 - [MESSAGE][INFO] - Finding web element from Test Object's properties

2021-11-18 11:32:41 - [MESSAGE][INFO] - Checking timeout

2021-11-18 11:32:41 - [MESSAGE][INFO] - Finding web element with id: 'Object Repository/Sayfalar/Giris_Sayfasi/PopupCarpiGiris' located by 'By.cssSelector: .bootbox-close-button.close' in '30' second(s)

2021-11-18 11:32:41 - [MESSAGE][INFO] - Smart Wait Function is triggered

2021-11-18 11:32:41 - [MESSAGE][INFO] - Found 1 web elements with id: 'Object Repository/Sayfalar/Giris_Sayfasi/PopupCarpiGiris' located by 'By.cssSelector: .bootbox-close-button.close' in '30' second(s)

2021-11-18 11:32:41 - [MESSAGE][INFO] - Clicking on object: 'Object Repository/Sayfalar/Giris_Sayfasi/PopupCarpiGiris'

2021-11-18 11:32:41 - [MESSAGE][PASSED] - Object: 'Object Repository/Sayfalar/Giris_Sayfasi/PopupCarpiGiris' is clicked on

2021-11-18 11:32:41 - [TEST_STEP][PASSED] - verifyElementVisible(findTestObject("Object Repository/Kullanici_Islemleri/KullaniciIslemleri")): Object 'Object Repository/Kullanici_Islemleri/KullaniciIslemleri' is visible

2021-11-18 11:32:41 - [MESSAGE][INFO] - Finding Test Object 'Object Repository/Kullanici_Islemleri/KullaniciIslemleri'

2021-11-18 11:32:41 - [MESSAGE][INFO] - Checking object

2021-11-18 11:32:41 - [MESSAGE][INFO] - Finding web element from Test Object's properties

2021-11-18 11:32:41 - [MESSAGE][INFO] - Checking timeout

2021-11-18 11:32:41 - [MESSAGE][INFO] - Finding web element with id: 'Object Repository/Kullanici_Islemleri/KullaniciIslemleri' located by 'By.cssSelector: .dropdown>a>img' in '30' second(s)

2021-11-18 11:32:41 - [MESSAGE][INFO] - Smart Wait Function is triggered

2021-11-18 11:32:42 - [MESSAGE][INFO] - Found 1 web elements with id: 'Object Repository/Kullanici_Islemleri/KullaniciIslemleri' located by 'By.cssSelector: .dropdown>a>img' in '30' second(s)

2021-11-18 11:32:42 - [MESSAGE][PASSED] - Object 'Object Repository/Kullanici_Islemleri/KullaniciIslemleri' is visible

2021-11-18 11:32:42 - [MESSAGE][PASSED] - Call Test Case 'Test Cases/Sayfalar/Giris_Sayfasi/Login' successfully

2021-11-18 11:32:42 - [MESSAGE][INFO] - Checking called Test Case

2021-11-18 11:32:42 - [MESSAGE][INFO] - Starting to call Test Case 'Test Cases/Menu/AnaMenuSecimi'

2021-11-18 11:32:42 - [TEST_CASE][PASSED] - Test Cases/Menu/AnaMenuSecimi: Test Cases/Menu/AnaMenuSecimi

2021-11-18 11:32:42 - [TEST_STEP][PASSED] - Method.TextDegerineEsitElementeTikla(findTestObject("Menu/Ana_Menu"), Ana_Menu): Method.TextDegerineEsitElementeTikla is PASSED

2021-11-18 11:32:42 - [MESSAGE][INFO] - Finding Test Object 'Object Repository/Menu/Ana_Menu'

2021-11-18 11:32:42 - [MESSAGE][INFO] - Checking timeout

2021-11-18 11:32:42 - [MESSAGE][INFO] - Finding web element with id: 'Object Repository/Menu/Ana_Menu' located by 'By.xpath: //*[@class = 'dropdown-toggle']' in '10' second(s)

2021-11-18 11:32:42 - [MESSAGE][INFO] - Smart Wait Function is triggered

2021-11-18 11:32:42 - [MESSAGE][INFO] - Found 14 web elements with id: 'Object Repository/Menu/Ana_Menu' located by 'By.xpath: //*[@class = 'dropdown-toggle']' in '10' second(s)

2021-11-18 11:32:42 - [MESSAGE][PASSED] - Method.TextDegerineEsitElementeTikla is PASSED

2021-11-18 11:32:42 - [MESSAGE][PASSED] - Call Test Case 'Test Cases/Menu/AnaMenuSecimi' successfully

2021-11-18 11:32:42 - [MESSAGE][INFO] - Checking called Test Case

2021-11-18 11:32:42 - [MESSAGE][INFO] - Starting to call Test Case 'Test Cases/Menu/BasligaGoreAltMenuSecimi'

2021-11-18 11:32:42 - [TEST_CASE][PASSED] - Test Cases/Menu/BasligaGoreAltMenuSecimi: Test Cases/Menu/BasligaGoreAltMenuSecimi

2021-11-18 11:32:42 - [TEST_STEP][PASSED] - Method.TextDegerineEsitElementinAltindakiTextDegerineEsitOlanaTikla(findTestObject("Menu/Menu_Basligi"), findTestObject("Menu/Basliga_Gore_Alt_Menu"), Baslik, Alt_Menu): Method.TextDegerineEsitElementinAltindakiTextDegerineEsitOlanaTikla is PASSED

2021-11-18 11:32:42 - [MESSAGE][INFO] - Finding Test Object 'Object Repository/Menu/Menu_Basligi'

2021-11-18 11:32:42 - [MESSAGE][INFO] - Finding Test Object 'Object Repository/Menu/Basliga_Gore_Alt_Menu'

2021-11-18 11:32:42 - [MESSAGE][INFO] - Checking timeout

2021-11-18 11:32:42 - [MESSAGE][INFO] - Finding web element with id: 'Object Repository/Menu/Menu_Basligi' located by 'By.xpath: //li[@class='dropdown dropdown-large open']//li[@class='dropdown-header']' in '10' second(s)

2021-11-18 11:32:42 - [MESSAGE][INFO] - Smart Wait Function is triggered

2021-11-18 11:32:43 - [MESSAGE][INFO] - Found 3 web elements with id: 'Object Repository/Menu/Menu_Basligi' located by 'By.xpath: //li[@class='dropdown dropdown-large open']//li[@class='dropdown-header']' in '10' second(s)

2021-11-18 11:32:43 - [MESSAGE][INFO] - Smart Wait Function is triggered

2021-11-18 11:32:48 - [MESSAGE][PASSED] - Method.TextDegerineEsitElementinAltindakiTextDegerineEsitOlanaTikla is PASSED

2021-11-18 11:32:48 - [MESSAGE][PASSED] - Call Test Case 'Test Cases/Menu/BasligaGoreAltMenuSecimi' successfully

2021-11-18 11:32:48 - [MESSAGE][INFO] - Checking called Test Case

2021-11-18 11:32:48 - [MESSAGE][INFO] - Starting to call Test Case 'Test Cases/Filtreler/BaslangicYaz'

2021-11-18 11:32:48 - [TEST_CASE][PASSED] - Test Cases/Filtreler/BaslangicYaz: Test Cases/Filtreler/BaslangicYaz

2021-11-18 11:32:48 - [TEST_STEP][PASSED] - delay(3): Delayed 3 second(s)

2021-11-18 11:32:48 - [MESSAGE][INFO] - Delaying browser in 3 second(s)

2021-11-18 11:32:51 - [MESSAGE][PASSED] - Delayed 3 second(s)

2021-11-18 11:32:51 - [TEST_STEP][PASSED] - Method.TextDegerineEsitElementinAltindakineTikla(findTestObject("Filtreler/Basliklar"), findTestObject("Filtreler/Basliga_Gore_Baslangic_Image"), Filtre_Adi): Method.TextDegerineEsitElementinAltindakineTikla is PASSED

2021-11-18 11:32:51 - [MESSAGE][INFO] - Finding Test Object 'Object Repository/Filtreler/Basliklar'

2021-11-18 11:32:51 - [MESSAGE][INFO] - Finding Test Object 'Object Repository/Filtreler/Basliga_Gore_Baslangic_Image'

2021-11-18 11:32:51 - [MESSAGE][INFO] - Checking timeout

2021-11-18 11:32:51 - [MESSAGE][INFO] - Finding web element with id: 'Object Repository/Filtreler/Basliklar' located by 'By.cssSelector: .control-label.col-sm-4.paddingMarginRLC' in '10' second(s)

2021-11-18 11:32:51 - [MESSAGE][INFO] - Smart Wait Function is triggered

2021-11-18 11:32:51 - [MESSAGE][INFO] - Found 13 web elements with id: 'Object Repository/Filtreler/Basliklar' located by 'By.cssSelector: .control-label.col-sm-4.paddingMarginRLC' in '10' second(s)

2021-11-18 11:32:51 - [MESSAGE][INFO] - Smart Wait Function is triggered

2021-11-18 11:32:52 - [MESSAGE][PASSED] - Method.TextDegerineEsitElementinAltindakineTikla is PASSED

2021-11-18 11:32:52 - [TEST_STEP][PASSED] - Method.TextDegerineEsitElementinAltindakiTextboxtaYaz(findTestObject("Filtreler/Basliklar"), findTestObject("Filtreler/Basliga_Gore_Baslangic"), Filtre_Adi, Filtre_Degeri): Method.TextDegerineEsitElementinAltindakiTextboxtaYaz is PASSED

2021-11-18 11:32:52 - [MESSAGE][INFO] - Finding Test Object 'Object Repository/Filtreler/Basliklar'

2021-11-18 11:32:52 - [MESSAGE][INFO] - Finding Test Object 'Object Repository/Filtreler/Basliga_Gore_Baslangic'

2021-11-18 11:32:52 - [MESSAGE][INFO] - Checking timeout

2021-11-18 11:32:52 - [MESSAGE][INFO] - Finding web element with id: 'Object Repository/Filtreler/Basliklar' located by 'By.cssSelector: .control-label.col-sm-4.paddingMarginRLC' in '10' second(s)

2021-11-18 11:32:52 - [MESSAGE][INFO] - Smart Wait Function is triggered

2021-11-18 11:32:52 - [MESSAGE][INFO] - Found 13 web elements with id: 'Object Repository/Filtreler/Basliklar' located by 'By.cssSelector: .control-label.col-sm-4.paddingMarginRLC' in '10' second(s)

2021-11-18 11:32:52 - [MESSAGE][INFO] - Smart Wait Function is triggered

2021-11-18 11:32:53 - [MESSAGE][PASSED] - Method.TextDegerineEsitElementinAltindakiTextboxtaYaz is PASSED

2021-11-18 11:32:53 - [MESSAGE][PASSED] - Call Test Case 'Test Cases/Filtreler/BaslangicYaz' successfully

2021-11-18 11:32:53 - [MESSAGE][INFO] - Checking called Test Case

2021-11-18 11:32:53 - [MESSAGE][INFO] - Starting to call Test Case 'Test Cases/Filtreler/BitisYaz'

2021-11-18 11:32:53 - [TEST_CASE][PASSED] - Test Cases/Filtreler/BitisYaz: Test Cases/Filtreler/BitisYaz

2021-11-18 11:32:53 - [TEST_STEP][PASSED] - Method.TextDegerineEsitElementinAltindakineTikla(findTestObject("Filtreler/Basliklar"), findTestObject("Filtreler/Basliga_Gore_Bitis_Image"), Filtre_Adi): Method.TextDegerineEsitElementinAltindakineTikla is PASSED

2021-11-18 11:32:53 - [MESSAGE][INFO] - Finding Test Object 'Object Repository/Filtreler/Basliklar'

2021-11-18 11:32:53 - [MESSAGE][INFO] - Finding Test Object 'Object Repository/Filtreler/Basliga_Gore_Bitis_Image'

2021-11-18 11:32:53 - [MESSAGE][INFO] - Checking timeout

2021-11-18 11:32:53 - [MESSAGE][INFO] - Finding web element with id: 'Object Repository/Filtreler/Basliklar' located by 'By.cssSelector: .control-label.col-sm-4.paddingMarginRLC' in '10' second(s)

2021-11-18 11:32:53 - [MESSAGE][INFO] - Smart Wait Function is triggered

2021-11-18 11:32:53 - [MESSAGE][INFO] - Found 13 web elements with id: 'Object Repository/Filtreler/Basliklar' located by 'By.cssSelector: .control-label.col-sm-4.paddingMarginRLC' in '10' second(s)

2021-11-18 11:32:53 - [MESSAGE][INFO] - Smart Wait Function is triggered

2021-11-18 11:32:54 - [MESSAGE][PASSED] - Method.TextDegerineEsitElementinAltindakineTikla is PASSED

2021-11-18 11:32:54 - [TEST_STEP][PASSED] - Method.TextDegerineEsitElementinAltindakiTextboxtaYaz(findTestObject("Filtreler/Basliklar"), findTestObject("Object Repository/Filtreler/Basliga_Gore_Bitis"), Filtre_Adi, Filtre_Degeri): Method.TextDegerineEsitElementinAltindakiTextboxtaYaz is PASSED

2021-11-18 11:32:54 - [MESSAGE][INFO] - Finding Test Object 'Object Repository/Filtreler/Basliklar'

2021-11-18 11:32:54 - [MESSAGE][INFO] - Finding Test Object 'Object Repository/Filtreler/Basliga_Gore_Bitis'

2021-11-18 11:32:54 - [MESSAGE][INFO] - Checking timeout

2021-11-18 11:32:54 - [MESSAGE][INFO] - Finding web element with id: 'Object Repository/Filtreler/Basliklar' located by 'By.cssSelector: .control-label.col-sm-4.paddingMarginRLC' in '10' second(s)

2021-11-18 11:32:54 - [MESSAGE][INFO] - Smart Wait Function is triggered

2021-11-18 11:32:54 - [MESSAGE][INFO] - Found 13 web elements with id: 'Object Repository/Filtreler/Basliklar' located by 'By.cssSelector: .control-label.col-sm-4.paddingMarginRLC' in '10' second(s)

2021-11-18 11:32:54 - [MESSAGE][INFO] - Smart Wait Function is triggered

2021-11-18 11:32:55 - [MESSAGE][PASSED] - Method.TextDegerineEsitElementinAltindakiTextboxtaYaz is PASSED

2021-11-18 11:32:55 - [MESSAGE][PASSED] - Call Test Case 'Test Cases/Filtreler/BitisYaz' successfully

2021-11-18 11:32:55 - [MESSAGE][INFO] - Checking called Test Case

2021-11-18 11:32:55 - [MESSAGE][INFO] - Starting to call Test Case 'Test Cases/Filtreler/TexboxaYaz'

2021-11-18 11:32:55 - [TEST_CASE][PASSED] - Test Cases/Filtreler/TexboxaYaz: Test Cases/Filtreler/TexboxaYaz

2021-11-18 11:32:55 - [TEST_STEP][PASSED] - Method.TextDegerineEsitElementinAltindakiTextboxtaYaz(findTestObject("Filtreler/Basliklar"), findTestObject("Filtreler/Basliga_Gore_Textbox"), Filtre_Adi, Filtre_Degeri): Method.TextDegerineEsitElementinAltindakiTextboxtaYaz is PASSED

2021-11-18 11:32:55 - [MESSAGE][INFO] - Finding Test Object 'Object Repository/Filtreler/Basliklar'

2021-11-18 11:32:55 - [MESSAGE][INFO] - Finding Test Object 'Object Repository/Filtreler/Basliga_Gore_Textbox'

2021-11-18 11:32:55 - [MESSAGE][INFO] - Checking timeout

2021-11-18 11:32:55 - [MESSAGE][INFO] - Finding web element with id: 'Object Repository/Filtreler/Basliklar' located by 'By.cssSelector: .control-label.col-sm-4.paddingMarginRLC' in '10' second(s)

2021-11-18 11:32:55 - [MESSAGE][INFO] - Smart Wait Function is triggered

2021-11-18 11:32:55 - [MESSAGE][INFO] - Found 13 web elements with id: 'Object Repository/Filtreler/Basliklar' located by 'By.cssSelector: .control-label.col-sm-4.paddingMarginRLC' in '10' second(s)

2021-11-18 11:32:55 - [MESSAGE][INFO] - Smart Wait Function is triggered

2021-11-18 11:32:56 - [MESSAGE][PASSED] - Method.TextDegerineEsitElementinAltindakiTextboxtaYaz is PASSED

2021-11-18 11:32:56 - [MESSAGE][PASSED] - Call Test Case 'Test Cases/Filtreler/TexboxaYaz' successfully

2021-11-18 11:32:56 - [MESSAGE][INFO] - Checking called Test Case

2021-11-18 11:32:56 - [MESSAGE][INFO] - Starting to call Test Case 'Test Cases/Filtreler/ButonaTikla'

2021-11-18 11:32:56 - [TEST_CASE][PASSED] - Test Cases/Filtreler/ButonaTikla: Test Cases/Filtreler/ButonaTikla

2021-11-18 11:32:56 - [TEST_STEP][PASSED] - Method.TextDegerineEsitElementeTikla(findTestObject("Filtreler/Butonlar"), Filtre_Buton): Method.TextDegerineEsitElementeTikla is PASSED

2021-11-18 11:32:56 - [MESSAGE][INFO] - Finding Test Object 'Object Repository/Filtreler/Butonlar'

2021-11-18 11:32:56 - [MESSAGE][INFO] - Checking timeout

2021-11-18 11:32:56 - [MESSAGE][INFO] - Finding web element with id: 'Object Repository/Filtreler/Butonlar' located by 'By.cssSelector: .dxb>span' in '10' second(s)

2021-11-18 11:32:56 - [MESSAGE][INFO] - Smart Wait Function is triggered

2021-11-18 11:32:56 - [MESSAGE][INFO] - Found 3 web elements with id: 'Object Repository/Filtreler/Butonlar' located by 'By.cssSelector: .dxb>span' in '10' second(s)

2021-11-18 11:32:56 - [MESSAGE][PASSED] - Method.TextDegerineEsitElementeTikla is PASSED

2021-11-18 11:32:56 - [MESSAGE][PASSED] - Call Test Case 'Test Cases/Filtreler/ButonaTikla' successfully

2021-11-18 11:32:56 - [MESSAGE][INFO] - Checking called Test Case

2021-11-18 11:32:56 - [MESSAGE][INFO] - Starting to call Test Case 'Test Cases/Tablo/TablodaVeriVarMi'

2021-11-18 11:32:56 - [TEST_CASE][PASSED] - Test Cases/Tablo/TablodaVeriVarMi: Test Cases/Tablo/TablodaVeriVarMi

2021-11-18 11:32:56 - [TEST_STEP][PASSED] - verifyTextNotPresent("Görüntülenecek veri yok", true): Text 'Görüntülenecek veri yok' is not present on page using regular expression

2021-11-18 11:32:56 - [MESSAGE][INFO] - Checking text present  using regular expression

2021-11-18 11:32:56 - [MESSAGE][INFO] - Smart Wait Function is triggered

2021-11-18 11:32:57 - [MESSAGE][INFO] - Finding text 'Görüntülenecek veri yok' on page  using regular expression

2021-11-18 11:32:57 - [MESSAGE][PASSED] - Text 'Görüntülenecek veri yok' is not present on page using regular expression

2021-11-18 11:32:57 - [MESSAGE][PASSED] - Call Test Case 'Test Cases/Tablo/TablodaVeriVarMi' successfully

2021-11-18 11:32:57 - [MESSAGE][INFO] - Checking called Test Case

2021-11-18 11:32:57 - [MESSAGE][INFO] - Starting to call Test Case 'Test Cases/Tablo/TablodanVeriSec'

2021-11-18 11:32:57 - [TEST_CASE][PASSED] - Test Cases/Tablo/TablodanVeriSec: Test Cases/Tablo/TablodanVeriSec

2021-11-18 11:32:57 - [TEST_STEP][PASSED] - Method.TextDegerineEsitElementinAltindakineTikla(findTestObject("Tablo/Veriler"), findTestObject("Tablo/VerininCheckBoxi"), Veri_Adi): Method.TextDegerineEsitElementinAltindakineTikla is PASSED

2021-11-18 11:32:57 - [MESSAGE][INFO] - Finding Test Object 'Object Repository/Tablo/Veriler'

2021-11-18 11:32:57 - [MESSAGE][INFO] - Finding Test Object 'Object Repository/Tablo/VerininCheckBoxi'

2021-11-18 11:32:57 - [MESSAGE][INFO] - Checking timeout

2021-11-18 11:32:57 - [MESSAGE][INFO] - Finding web element with id: 'Object Repository/Tablo/Veriler' located by 'By.cssSelector: td.dxgv b ,td.dxgv' in '10' second(s)

2021-11-18 11:32:57 - [MESSAGE][INFO] - Smart Wait Function is triggered

2021-11-18 11:32:58 - [MESSAGE][INFO] - Found 26 web elements with id: 'Object Repository/Tablo/Veriler' located by 'By.cssSelector: td.dxgv b ,td.dxgv' in '10' second(s)

2021-11-18 11:32:58 - [MESSAGE][INFO] - Smart Wait Function is triggered

2021-11-18 11:32:58 - [MESSAGE][PASSED] - Method.TextDegerineEsitElementinAltindakineTikla is PASSED

2021-11-18 11:32:58 - [MESSAGE][PASSED] - Call Test Case 'Test Cases/Tablo/TablodanVeriSec' successfully

2021-11-18 11:32:58 - [MESSAGE][INFO] - Checking called Test Case

2021-11-18 11:32:58 - [MESSAGE][INFO] - Starting to call Test Case 'Test Cases/Butonlar/ButonaTikla'

2021-11-18 11:32:58 - [TEST_CASE][PASSED] - Test Cases/Butonlar/ButonaTikla: Test Cases/Butonlar/ButonaTikla

2021-11-18 11:32:58 - [TEST_STEP][PASSED] - Method.TextDegerineEsitElementeTiklaEquals(findTestObject("Butonlar/Butonlar"), Buton_Adi): Method.TextDegerineEsitElementeTiklaEquals is PASSED

2021-11-18 11:32:58 - [MESSAGE][INFO] - Finding Test Object 'Object Repository/Butonlar/Butonlar'

2021-11-18 11:32:58 - [MESSAGE][INFO] - Checking timeout

2021-11-18 11:32:58 - [MESSAGE][INFO] - Finding web element with id: 'Object Repository/Butonlar/Butonlar' located by 'By.cssSelector: .panel.panel-default.text-center.footerPanel .btn,.btn.btn-primary.btnControls' in '10' second(s)

2021-11-18 11:32:58 - [MESSAGE][INFO] - Smart Wait Function is triggered

2021-11-18 11:32:58 - [MESSAGE][INFO] - Found 7 web elements with id: 'Object Repository/Butonlar/Butonlar' located by 'By.cssSelector: .panel.panel-default.text-center.footerPanel .btn,.btn.btn-primary.btnControls' in '10' second(s)

2021-11-18 11:32:59 - [MESSAGE][PASSED] - Method.TextDegerineEsitElementeTiklaEquals is PASSED

2021-11-18 11:32:59 - [MESSAGE][PASSED] - Call Test Case 'Test Cases/Butonlar/ButonaTikla' successfully

2021-11-18 11:32:59 - [MESSAGE][INFO] - Checking called Test Case

2021-11-18 11:32:59 - [MESSAGE][INFO] - Starting to call Test Case 'Test Cases/Butonlar/AltButonaTikla'

2021-11-18 11:32:59 - [TEST_CASE][PASSED] - Test Cases/Butonlar/AltButonaTikla: Test Cases/Butonlar/AltButonaTikla

2021-11-18 11:32:59 - [TEST_STEP][PASSED] - Method.TextDegerineEsitElementeTikla(findTestObject("Butonlar/AltButonlar"), Alt_Buton): Method.TextDegerineEsitElementeTikla is PASSED

2021-11-18 11:32:59 - [MESSAGE][INFO] - Finding Test Object 'Object Repository/Butonlar/AltButonlar'

2021-11-18 11:32:59 - [MESSAGE][INFO] - Checking timeout

2021-11-18 11:32:59 - [MESSAGE][INFO] - Finding web element with id: 'Object Repository/Butonlar/AltButonlar' located by 'By.cssSelector: .btn-group.open li>a' in '10' second(s)

2021-11-18 11:32:59 - [MESSAGE][INFO] - Smart Wait Function is triggered

2021-11-18 11:32:59 - [MESSAGE][INFO] - Found 2 web elements with id: 'Object Repository/Butonlar/AltButonlar' located by 'By.cssSelector: .btn-group.open li>a' in '10' second(s)

2021-11-18 11:32:59 - [MESSAGE][PASSED] - Method.TextDegerineEsitElementeTikla is PASSED

2021-11-18 11:32:59 - [MESSAGE][PASSED] - Call Test Case 'Test Cases/Butonlar/AltButonaTikla' successfully

2021-11-18 11:32:59 - [MESSAGE][INFO] - Checking called Test Case

2021-11-18 11:32:59 - [MESSAGE][INFO] - Starting to call Test Case 'Test Cases/Popup/PopupMesajiIceriyorMu'

2021-11-18 11:32:59 - [TEST_CASE][PASSED] - Test Cases/Popup/PopupMesajiIceriyorMu: Test Cases/Popup/PopupMesajiIceriyorMu

2021-11-18 11:32:59 - [TEST_STEP][PASSED] - waitForElementVisible(findTestObject("Popup/Popup"), 10): Object 'Object Repository/Popup/Popup' is visible

2021-11-18 11:32:59 - [MESSAGE][INFO] - Finding Test Object 'Object Repository/Popup/Popup'

2021-11-18 11:32:59 - [MESSAGE][INFO] - Checking object

2021-11-18 11:32:59 - [MESSAGE][INFO] - Checking timeout

2021-11-18 11:32:59 - [MESSAGE][INFO] - Finding web element from Test Object's properties

2021-11-18 11:32:59 - [MESSAGE][INFO] - Checking timeout

2021-11-18 11:32:59 - [MESSAGE][INFO] - Finding web element with id: 'Object Repository/Popup/Popup' located by 'By.cssSelector: .bootbox-body' in '10' second(s)

2021-11-18 11:32:59 - [MESSAGE][INFO] - Smart Wait Function is triggered

2021-11-18 11:33:00 - [MESSAGE][INFO] - Found 1 web elements with id: 'Object Repository/Popup/Popup' located by 'By.cssSelector: .bootbox-body' in '10' second(s)

2021-11-18 11:33:00 - [MESSAGE][PASSED] - Object 'Object Repository/Popup/Popup' is visible

2021-11-18 11:33:00 - [TEST_STEP][PASSED] - if (!(getText(findTestObject("Popup/Popup")).contains(Mesaj))): Text of object 'Object Repository/Popup/Popup' is: 'Lütfen rapor bildiriminin gönderileceği e-posta adresini belirtiniz.
e-Posta Adresi'

2021-11-18 11:33:00 - [MESSAGE][INFO] - Finding Test Object 'Object Repository/Popup/Popup'

2021-11-18 11:33:00 - [MESSAGE][INFO] - Checking object

2021-11-18 11:33:00 - [MESSAGE][INFO] - Finding web element from Test Object's properties

2021-11-18 11:33:00 - [MESSAGE][INFO] - Checking timeout

2021-11-18 11:33:00 - [MESSAGE][INFO] - Finding web element with id: 'Object Repository/Popup/Popup' located by 'By.cssSelector: .bootbox-body' in '30' second(s)

2021-11-18 11:33:00 - [MESSAGE][INFO] - Smart Wait Function is triggered

2021-11-18 11:33:01 - [MESSAGE][INFO] - Found 1 web elements with id: 'Object Repository/Popup/Popup' located by 'By.cssSelector: .bootbox-body' in '30' second(s)

2021-11-18 11:33:01 - [MESSAGE][INFO] - Getting text of object 'Object Repository/Popup/Popup'

2021-11-18 11:33:01 - [MESSAGE][PASSED] - Text of object 'Object Repository/Popup/Popup' is: 'Lütfen rapor bildiriminin gönderileceği e-posta adresini belirtiniz.
e-Posta Adresi'

2021-11-18 11:33:01 - [TEST_STEP][PASSED] - RaporNo = getText(findTestObject("Popup/Popup")).substring(0, 6): Text of object 'Object Repository/Popup/Popup' is: 'Lütfen rapor bildiriminin gönderileceği e-posta adresini belirtiniz.
e-Posta Adresi'

2021-11-18 11:33:01 - [MESSAGE][INFO] - Finding Test Object 'Object Repository/Popup/Popup'

2021-11-18 11:33:01 - [MESSAGE][INFO] - Checking object

2021-11-18 11:33:01 - [MESSAGE][INFO] - Finding web element from Test Object's properties

2021-11-18 11:33:01 - [MESSAGE][INFO] - Checking timeout

2021-11-18 11:33:01 - [MESSAGE][INFO] - Finding web element with id: 'Object Repository/Popup/Popup' located by 'By.cssSelector: .bootbox-body' in '30' second(s)

2021-11-18 11:33:01 - [MESSAGE][INFO] - Smart Wait Function is triggered

2021-11-18 11:33:01 - [MESSAGE][INFO] - Found 1 web elements with id: 'Object Repository/Popup/Popup' located by 'By.cssSelector: .bootbox-body' in '30' second(s)

2021-11-18 11:33:01 - [MESSAGE][INFO] - Getting text of object 'Object Repository/Popup/Popup'

2021-11-18 11:33:01 - [MESSAGE][PASSED] - Text of object 'Object Repository/Popup/Popup' is: 'Lütfen rapor bildiriminin gönderileceği e-posta adresini belirtiniz.
e-Posta Adresi'

2021-11-18 11:33:01 - [TEST_STEP][PASSED] - Console.println(RaporNo): null

2021-11-18 11:33:01 - [MESSAGE][PASSED] - Call Test Case 'Test Cases/Popup/PopupMesajiIceriyorMu' successfully

2021-11-18 11:33:01 - [MESSAGE][INFO] - Checking called Test Case

2021-11-18 11:33:01 - [MESSAGE][INFO] - Starting to call Test Case 'Test Cases/Popup/PopupaEmailEklenir'

2021-11-18 11:33:01 - [TEST_CASE][PASSED] - Test Cases/Popup/PopupaEmailEklenir: Test Cases/Popup/PopupaEmailEklenir

2021-11-18 11:33:01 - [TEST_STEP][PASSED] - clearText(findTestObject("Popup/EmailText")): Text of object 'Object Repository/Popup/EmailText' is cleared

2021-11-18 11:33:01 - [MESSAGE][INFO] - Finding Test Object 'Object Repository/Popup/EmailText'

2021-11-18 11:33:01 - [MESSAGE][INFO] - Checking object

2021-11-18 11:33:01 - [MESSAGE][INFO] - Finding web element from Test Object's properties

2021-11-18 11:33:01 - [MESSAGE][INFO] - Checking timeout

2021-11-18 11:33:01 - [MESSAGE][INFO] - Finding web element with id: 'Object Repository/Popup/EmailText' located by 'By.xpath: //*[@id="eMails"]' in '30' second(s)

2021-11-18 11:33:01 - [MESSAGE][INFO] - Smart Wait Function is triggered

2021-11-18 11:33:02 - [MESSAGE][INFO] - Found 1 web elements with id: 'Object Repository/Popup/EmailText' located by 'By.xpath: //*[@id="eMails"]' in '30' second(s)

2021-11-18 11:33:02 - [MESSAGE][INFO] - Clearing text of object 'Object Repository/Popup/EmailText'

2021-11-18 11:33:02 - [MESSAGE][PASSED] - Text of object 'Object Repository/Popup/EmailText' is cleared

2021-11-18 11:33:02 - [TEST_STEP][PASSED] - sendKeys(findTestObject("Popup/EmailText"), Email): Keys 'elogotest@gmail.com;ali.kara@logo.com.tr' sent to object: 'Object Repository/Popup/EmailText'

2021-11-18 11:33:02 - [MESSAGE][INFO] - Finding Test Object 'Object Repository/Popup/EmailText'

2021-11-18 11:33:02 - [MESSAGE][INFO] - Sending keys 'elogotest@gmail.com;ali.kara@logo.com.tr' to object: 'Object Repository/Popup/EmailText'

2021-11-18 11:33:02 - [MESSAGE][INFO] - Finding web element from Test Object's properties

2021-11-18 11:33:02 - [MESSAGE][INFO] - Checking timeout

2021-11-18 11:33:02 - [MESSAGE][INFO] - Finding web element with id: 'Object Repository/Popup/EmailText' located by 'By.xpath: //*[@id="eMails"]' in '30' second(s)

2021-11-18 11:33:02 - [MESSAGE][INFO] - Smart Wait Function is triggered

2021-11-18 11:33:02 - [MESSAGE][INFO] - Found 1 web elements with id: 'Object Repository/Popup/EmailText' located by 'By.xpath: //*[@id="eMails"]' in '30' second(s)

2021-11-18 11:33:02 - [MESSAGE][PASSED] - Keys 'elogotest@gmail.com;ali.kara@logo.com.tr' sent to object: 'Object Repository/Popup/EmailText'

2021-11-18 11:33:02 - [MESSAGE][PASSED] - Call Test Case 'Test Cases/Popup/PopupaEmailEklenir' successfully

2021-11-18 11:33:02 - [MESSAGE][INFO] - Checking called Test Case

2021-11-18 11:33:02 - [MESSAGE][INFO] - Starting to call Test Case 'Test Cases/Popup/PopupButonSecilir'

2021-11-18 11:33:02 - [TEST_CASE][PASSED] - Test Cases/Popup/PopupButonSecilir: Test Cases/Popup/PopupButonSecilir

2021-11-18 11:33:02 - [TEST_STEP][PASSED] - Method.TextDegerineEsitElementeTikla(findTestObject("Popup/Popup_Butons"), Buton): Method.TextDegerineEsitElementeTikla is PASSED

2021-11-18 11:33:02 - [MESSAGE][INFO] - Finding Test Object 'Object Repository/Popup/Popup_Butons'

2021-11-18 11:33:02 - [MESSAGE][INFO] - Checking timeout

2021-11-18 11:33:02 - [MESSAGE][INFO] - Finding web element with id: 'Object Repository/Popup/Popup_Butons' located by 'By.cssSelector: .modal-footer>button' in '10' second(s)

2021-11-18 11:33:02 - [MESSAGE][INFO] - Smart Wait Function is triggered

2021-11-18 11:33:02 - [MESSAGE][INFO] - Found 2 web elements with id: 'Object Repository/Popup/Popup_Butons' located by 'By.cssSelector: .modal-footer>button' in '10' second(s)

2021-11-18 11:33:02 - [MESSAGE][PASSED] - Method.TextDegerineEsitElementeTikla is PASSED

2021-11-18 11:33:02 - [MESSAGE][PASSED] - Call Test Case 'Test Cases/Popup/PopupButonSecilir' successfully

2021-11-18 11:33:03 - [MESSAGE][INFO] - Checking called Test Case

2021-11-18 11:33:03 - [MESSAGE][INFO] - Starting to call Test Case 'Test Cases/Popup/PopupMesajiIceriyorMu'

2021-11-18 11:33:03 - [TEST_CASE][PASSED] - Test Cases/Popup/PopupMesajiIceriyorMu: Test Cases/Popup/PopupMesajiIceriyorMu

2021-11-18 11:33:03 - [TEST_STEP][PASSED] - waitForElementVisible(findTestObject("Popup/Popup"), 10): Object 'Object Repository/Popup/Popup' is visible

2021-11-18 11:33:03 - [MESSAGE][INFO] - Finding Test Object 'Object Repository/Popup/Popup'

2021-11-18 11:33:03 - [MESSAGE][INFO] - Checking object

2021-11-18 11:33:03 - [MESSAGE][INFO] - Checking timeout

2021-11-18 11:33:03 - [MESSAGE][INFO] - Finding web element from Test Object's properties

2021-11-18 11:33:03 - [MESSAGE][INFO] - Checking timeout

2021-11-18 11:33:03 - [MESSAGE][INFO] - Finding web element with id: 'Object Repository/Popup/Popup' located by 'By.cssSelector: .bootbox-body' in '10' second(s)

2021-11-18 11:33:03 - [MESSAGE][INFO] - Smart Wait Function is triggered

2021-11-18 11:33:04 - [MESSAGE][INFO] - Found 1 web elements with id: 'Object Repository/Popup/Popup' located by 'By.cssSelector: .bootbox-body' in '10' second(s)

2021-11-18 11:33:04 - [MESSAGE][PASSED] - Object 'Object Repository/Popup/Popup' is visible

2021-11-18 11:33:04 - [TEST_STEP][PASSED] - if (!(getText(findTestObject("Popup/Popup")).contains(Mesaj))): Text of object 'Object Repository/Popup/Popup' is: '17358 no’lu talebiniz işleme alınmıştır. Raporunuz hazırlandığında (elogotest@gmail.com;ali.kara@logo.com.tr) adresinize mail gönderilecektir.
Rapor durumunuzu Raporlar > Toplu Veri İndirme ekranından takip edebilir, hazırlandı durumundaki raporlarınızı ilgili menüden indirebilirsiniz.'

2021-11-18 11:33:04 - [MESSAGE][INFO] - Finding Test Object 'Object Repository/Popup/Popup'

2021-11-18 11:33:04 - [MESSAGE][INFO] - Checking object

2021-11-18 11:33:04 - [MESSAGE][INFO] - Finding web element from Test Object's properties

2021-11-18 11:33:04 - [MESSAGE][INFO] - Checking timeout

2021-11-18 11:33:04 - [MESSAGE][INFO] - Finding web element with id: 'Object Repository/Popup/Popup' located by 'By.cssSelector: .bootbox-body' in '30' second(s)

2021-11-18 11:33:04 - [MESSAGE][INFO] - Smart Wait Function is triggered

2021-11-18 11:33:04 - [MESSAGE][INFO] - Found 1 web elements with id: 'Object Repository/Popup/Popup' located by 'By.cssSelector: .bootbox-body' in '30' second(s)

2021-11-18 11:33:04 - [MESSAGE][INFO] - Getting text of object 'Object Repository/Popup/Popup'

2021-11-18 11:33:04 - [MESSAGE][PASSED] - Text of object 'Object Repository/Popup/Popup' is: '17358 no’lu talebiniz işleme alınmıştır. Raporunuz hazırlandığında (elogotest@gmail.com;ali.kara@logo.com.tr) adresinize mail gönderilecektir.
Rapor durumunuzu Raporlar > Toplu Veri İndirme ekranından takip edebilir, hazırlandı durumundaki raporlarınızı ilgili menüden indirebilirsiniz.'

2021-11-18 11:33:04 - [TEST_STEP][PASSED] - RaporNo = getText(findTestObject("Popup/Popup")).substring(0, 6): Text of object 'Object Repository/Popup/Popup' is: '17358 no’lu talebiniz işleme alınmıştır. Raporunuz hazırlandığında (elogotest@gmail.com;ali.kara@logo.com.tr) adresinize mail gönderilecektir.
Rapor durumunuzu Raporlar > Toplu Veri İndirme ekranından takip edebilir, hazırlandı durumundaki raporlarınızı ilgili menüden indirebilirsiniz.'

2021-11-18 11:33:04 - [MESSAGE][INFO] - Finding Test Object 'Object Repository/Popup/Popup'

2021-11-18 11:33:04 - [MESSAGE][INFO] - Checking object

2021-11-18 11:33:04 - [MESSAGE][INFO] - Finding web element from Test Object's properties

2021-11-18 11:33:04 - [MESSAGE][INFO] - Checking timeout

2021-11-18 11:33:04 - [MESSAGE][INFO] - Finding web element with id: 'Object Repository/Popup/Popup' located by 'By.cssSelector: .bootbox-body' in '30' second(s)

2021-11-18 11:33:04 - [MESSAGE][INFO] - Smart Wait Function is triggered

2021-11-18 11:33:05 - [MESSAGE][INFO] - Found 1 web elements with id: 'Object Repository/Popup/Popup' located by 'By.cssSelector: .bootbox-body' in '30' second(s)

2021-11-18 11:33:05 - [MESSAGE][INFO] - Getting text of object 'Object Repository/Popup/Popup'

2021-11-18 11:33:05 - [MESSAGE][PASSED] - Text of object 'Object Repository/Popup/Popup' is: '17358 no’lu talebiniz işleme alınmıştır. Raporunuz hazırlandığında (elogotest@gmail.com;ali.kara@logo.com.tr) adresinize mail gönderilecektir.
Rapor durumunuzu Raporlar > Toplu Veri İndirme ekranından takip edebilir, hazırlandı durumundaki raporlarınızı ilgili menüden indirebilirsiniz.'

2021-11-18 11:33:05 - [TEST_STEP][PASSED] - Console.println(RaporNo): null

2021-11-18 11:33:05 - [MESSAGE][PASSED] - Call Test Case 'Test Cases/Popup/PopupMesajiIceriyorMu' successfully

2021-11-18 11:33:05 - [MESSAGE][INFO] - Checking called Test Case

2021-11-18 11:33:05 - [MESSAGE][INFO] - Starting to call Test Case 'Test Cases/Popup/PopupButonSecilir'

2021-11-18 11:33:05 - [TEST_CASE][PASSED] - Test Cases/Popup/PopupButonSecilir: Test Cases/Popup/PopupButonSecilir

2021-11-18 11:33:05 - [TEST_STEP][PASSED] - Method.TextDegerineEsitElementeTikla(findTestObject("Popup/Popup_Butons"), Buton): Method.TextDegerineEsitElementeTikla is PASSED

2021-11-18 11:33:05 - [MESSAGE][INFO] - Finding Test Object 'Object Repository/Popup/Popup_Butons'

2021-11-18 11:33:05 - [MESSAGE][INFO] - Checking timeout

2021-11-18 11:33:05 - [MESSAGE][INFO] - Finding web element with id: 'Object Repository/Popup/Popup_Butons' located by 'By.cssSelector: .modal-footer>button' in '10' second(s)

2021-11-18 11:33:05 - [MESSAGE][INFO] - Smart Wait Function is triggered

2021-11-18 11:33:05 - [MESSAGE][INFO] - Found 1 web elements with id: 'Object Repository/Popup/Popup_Butons' located by 'By.cssSelector: .modal-footer>button' in '10' second(s)

2021-11-18 11:33:05 - [MESSAGE][PASSED] - Method.TextDegerineEsitElementeTikla is PASSED

2021-11-18 11:33:05 - [MESSAGE][PASSED] - Call Test Case 'Test Cases/Popup/PopupButonSecilir' successfully

2021-11-18 11:33:05 - [MESSAGE][INFO] - Checking called Test Case

2021-11-18 11:33:05 - [MESSAGE][INFO] - Starting to call Test Case 'Test Cases/Butonlar/ButonaTikla'

2021-11-18 11:33:05 - [TEST_CASE][PASSED] - Test Cases/Butonlar/ButonaTikla: Test Cases/Butonlar/ButonaTikla

2021-11-18 11:33:05 - [TEST_STEP][PASSED] - Method.TextDegerineEsitElementeTiklaEquals(findTestObject("Butonlar/Butonlar"), Buton_Adi): Method.TextDegerineEsitElementeTiklaEquals is PASSED

2021-11-18 11:33:05 - [MESSAGE][INFO] - Finding Test Object 'Object Repository/Butonlar/Butonlar'

2021-11-18 11:33:05 - [MESSAGE][INFO] - Checking timeout

2021-11-18 11:33:05 - [MESSAGE][INFO] - Finding web element with id: 'Object Repository/Butonlar/Butonlar' located by 'By.cssSelector: .panel.panel-default.text-center.footerPanel .btn,.btn.btn-primary.btnControls' in '10' second(s)

2021-11-18 11:33:05 - [MESSAGE][INFO] - Smart Wait Function is triggered

2021-11-18 11:33:06 - [MESSAGE][INFO] - Found 7 web elements with id: 'Object Repository/Butonlar/Butonlar' located by 'By.cssSelector: .panel.panel-default.text-center.footerPanel .btn,.btn.btn-primary.btnControls' in '10' second(s)

2021-11-18 11:33:06 - [MESSAGE][PASSED] - Method.TextDegerineEsitElementeTiklaEquals is PASSED

2021-11-18 11:33:06 - [MESSAGE][PASSED] - Call Test Case 'Test Cases/Butonlar/ButonaTikla' successfully

2021-11-18 11:33:06 - [MESSAGE][INFO] - Checking called Test Case

2021-11-18 11:33:06 - [MESSAGE][INFO] - Starting to call Test Case 'Test Cases/Butonlar/AltButonaTikla'

2021-11-18 11:33:06 - [TEST_CASE][PASSED] - Test Cases/Butonlar/AltButonaTikla: Test Cases/Butonlar/AltButonaTikla

2021-11-18 11:33:06 - [TEST_STEP][PASSED] - Method.TextDegerineEsitElementeTikla(findTestObject("Butonlar/AltButonlar"), Alt_Buton): Method.TextDegerineEsitElementeTikla is PASSED

2021-11-18 11:33:06 - [MESSAGE][INFO] - Finding Test Object 'Object Repository/Butonlar/AltButonlar'

2021-11-18 11:33:06 - [MESSAGE][INFO] - Checking timeout

2021-11-18 11:33:06 - [MESSAGE][INFO] - Finding web element with id: 'Object Repository/Butonlar/AltButonlar' located by 'By.cssSelector: .btn-group.open li>a' in '10' second(s)

2021-11-18 11:33:06 - [MESSAGE][INFO] - Smart Wait Function is triggered

2021-11-18 11:33:07 - [MESSAGE][INFO] - Found 2 web elements with id: 'Object Repository/Butonlar/AltButonlar' located by 'By.cssSelector: .btn-group.open li>a' in '10' second(s)

2021-11-18 11:33:07 - [MESSAGE][PASSED] - Method.TextDegerineEsitElementeTikla is PASSED

2021-11-18 11:33:07 - [MESSAGE][PASSED] - Call Test Case 'Test Cases/Butonlar/AltButonaTikla' successfully

2021-11-18 11:33:07 - [MESSAGE][INFO] - Checking called Test Case

2021-11-18 11:33:07 - [MESSAGE][INFO] - Starting to call Test Case 'Test Cases/Popup/PopupMesajiIceriyorMu'

2021-11-18 11:33:07 - [TEST_CASE][PASSED] - Test Cases/Popup/PopupMesajiIceriyorMu: Test Cases/Popup/PopupMesajiIceriyorMu

2021-11-18 11:33:07 - [TEST_STEP][PASSED] - waitForElementVisible(findTestObject("Popup/Popup"), 10): Object 'Object Repository/Popup/Popup' is visible

2021-11-18 11:33:07 - [MESSAGE][INFO] - Finding Test Object 'Object Repository/Popup/Popup'

2021-11-18 11:33:07 - [MESSAGE][INFO] - Checking object

2021-11-18 11:33:07 - [MESSAGE][INFO] - Checking timeout

2021-11-18 11:33:07 - [MESSAGE][INFO] - Finding web element from Test Object's properties

2021-11-18 11:33:07 - [MESSAGE][INFO] - Checking timeout

2021-11-18 11:33:07 - [MESSAGE][INFO] - Finding web element with id: 'Object Repository/Popup/Popup' located by 'By.cssSelector: .bootbox-body' in '10' second(s)

2021-11-18 11:33:07 - [MESSAGE][INFO] - Smart Wait Function is triggered

2021-11-18 11:33:07 - [MESSAGE][INFO] - Found 1 web elements with id: 'Object Repository/Popup/Popup' located by 'By.cssSelector: .bootbox-body' in '10' second(s)

2021-11-18 11:33:07 - [MESSAGE][PASSED] - Object 'Object Repository/Popup/Popup' is visible

2021-11-18 11:33:07 - [TEST_STEP][PASSED] - if (!(getText(findTestObject("Popup/Popup")).contains(Mesaj))): Text of object 'Object Repository/Popup/Popup' is: 'Lütfen rapor bildiriminin gönderileceği e-posta adresini belirtiniz.
e-Posta Adresi'

2021-11-18 11:33:07 - [MESSAGE][INFO] - Finding Test Object 'Object Repository/Popup/Popup'

2021-11-18 11:33:07 - [MESSAGE][INFO] - Checking object

2021-11-18 11:33:07 - [MESSAGE][INFO] - Finding web element from Test Object's properties

2021-11-18 11:33:07 - [MESSAGE][INFO] - Checking timeout

2021-11-18 11:33:07 - [MESSAGE][INFO] - Finding web element with id: 'Object Repository/Popup/Popup' located by 'By.cssSelector: .bootbox-body' in '30' second(s)

2021-11-18 11:33:07 - [MESSAGE][INFO] - Smart Wait Function is triggered

2021-11-18 11:33:08 - [MESSAGE][INFO] - Found 1 web elements with id: 'Object Repository/Popup/Popup' located by 'By.cssSelector: .bootbox-body' in '30' second(s)

2021-11-18 11:33:08 - [MESSAGE][INFO] - Getting text of object 'Object Repository/Popup/Popup'

2021-11-18 11:33:08 - [MESSAGE][PASSED] - Text of object 'Object Repository/Popup/Popup' is: 'Lütfen rapor bildiriminin gönderileceği e-posta adresini belirtiniz.
e-Posta Adresi'

2021-11-18 11:33:08 - [TEST_STEP][PASSED] - RaporNo = getText(findTestObject("Popup/Popup")).substring(0, 6): Text of object 'Object Repository/Popup/Popup' is: 'Lütfen rapor bildiriminin gönderileceği e-posta adresini belirtiniz.
e-Posta Adresi'

2021-11-18 11:33:08 - [MESSAGE][INFO] - Finding Test Object 'Object Repository/Popup/Popup'

2021-11-18 11:33:08 - [MESSAGE][INFO] - Checking object

2021-11-18 11:33:08 - [MESSAGE][INFO] - Finding web element from Test Object's properties

2021-11-18 11:33:08 - [MESSAGE][INFO] - Checking timeout

2021-11-18 11:33:08 - [MESSAGE][INFO] - Finding web element with id: 'Object Repository/Popup/Popup' located by 'By.cssSelector: .bootbox-body' in '30' second(s)

2021-11-18 11:33:08 - [MESSAGE][INFO] - Smart Wait Function is triggered

2021-11-18 11:33:08 - [MESSAGE][INFO] - Found 1 web elements with id: 'Object Repository/Popup/Popup' located by 'By.cssSelector: .bootbox-body' in '30' second(s)

2021-11-18 11:33:08 - [MESSAGE][INFO] - Getting text of object 'Object Repository/Popup/Popup'

2021-11-18 11:33:08 - [MESSAGE][PASSED] - Text of object 'Object Repository/Popup/Popup' is: 'Lütfen rapor bildiriminin gönderileceği e-posta adresini belirtiniz.
e-Posta Adresi'

2021-11-18 11:33:08 - [TEST_STEP][PASSED] - Console.println(RaporNo): null

2021-11-18 11:33:08 - [MESSAGE][PASSED] - Call Test Case 'Test Cases/Popup/PopupMesajiIceriyorMu' successfully

2021-11-18 11:33:08 - [MESSAGE][INFO] - Checking called Test Case

2021-11-18 11:33:08 - [MESSAGE][INFO] - Starting to call Test Case 'Test Cases/Popup/PopupaEmailEklenir'

2021-11-18 11:33:08 - [TEST_CASE][PASSED] - Test Cases/Popup/PopupaEmailEklenir: Test Cases/Popup/PopupaEmailEklenir

2021-11-18 11:33:08 - [TEST_STEP][PASSED] - clearText(findTestObject("Popup/EmailText")): Text of object 'Object Repository/Popup/EmailText' is cleared

2021-11-18 11:33:08 - [MESSAGE][INFO] - Finding Test Object 'Object Repository/Popup/EmailText'

2021-11-18 11:33:08 - [MESSAGE][INFO] - Checking object

2021-11-18 11:33:08 - [MESSAGE][INFO] - Finding web element from Test Object's properties

2021-11-18 11:33:08 - [MESSAGE][INFO] - Checking timeout

2021-11-18 11:33:08 - [MESSAGE][INFO] - Finding web element with id: 'Object Repository/Popup/EmailText' located by 'By.xpath: //*[@id="eMails"]' in '30' second(s)

2021-11-18 11:33:08 - [MESSAGE][INFO] - Smart Wait Function is triggered

2021-11-18 11:33:09 - [MESSAGE][INFO] - Found 1 web elements with id: 'Object Repository/Popup/EmailText' located by 'By.xpath: //*[@id="eMails"]' in '30' second(s)

2021-11-18 11:33:09 - [MESSAGE][INFO] - Clearing text of object 'Object Repository/Popup/EmailText'

2021-11-18 11:33:09 - [MESSAGE][PASSED] - Text of object 'Object Repository/Popup/EmailText' is cleared

2021-11-18 11:33:09 - [TEST_STEP][PASSED] - sendKeys(findTestObject("Popup/EmailText"), Email): Keys 'elogotest@gmail.com;ali.kara@logo.com.tr' sent to object: 'Object Repository/Popup/EmailText'

2021-11-18 11:33:09 - [MESSAGE][INFO] - Finding Test Object 'Object Repository/Popup/EmailText'

2021-11-18 11:33:09 - [MESSAGE][INFO] - Sending keys 'elogotest@gmail.com;ali.kara@logo.com.tr' to object: 'Object Repository/Popup/EmailText'

2021-11-18 11:33:09 - [MESSAGE][INFO] - Finding web element from Test Object's properties

2021-11-18 11:33:09 - [MESSAGE][INFO] - Checking timeout

2021-11-18 11:33:09 - [MESSAGE][INFO] - Finding web element with id: 'Object Repository/Popup/EmailText' located by 'By.xpath: //*[@id="eMails"]' in '30' second(s)

2021-11-18 11:33:09 - [MESSAGE][INFO] - Smart Wait Function is triggered

2021-11-18 11:33:09 - [MESSAGE][INFO] - Found 1 web elements with id: 'Object Repository/Popup/EmailText' located by 'By.xpath: //*[@id="eMails"]' in '30' second(s)

2021-11-18 11:33:09 - [MESSAGE][PASSED] - Keys 'elogotest@gmail.com;ali.kara@logo.com.tr' sent to object: 'Object Repository/Popup/EmailText'

2021-11-18 11:33:09 - [MESSAGE][PASSED] - Call Test Case 'Test Cases/Popup/PopupaEmailEklenir' successfully

2021-11-18 11:33:09 - [MESSAGE][INFO] - Checking called Test Case

2021-11-18 11:33:09 - [MESSAGE][INFO] - Starting to call Test Case 'Test Cases/Popup/PopupButonSecilir'

2021-11-18 11:33:09 - [TEST_CASE][PASSED] - Test Cases/Popup/PopupButonSecilir: Test Cases/Popup/PopupButonSecilir

2021-11-18 11:33:09 - [TEST_STEP][PASSED] - Method.TextDegerineEsitElementeTikla(findTestObject("Popup/Popup_Butons"), Buton): Method.TextDegerineEsitElementeTikla is PASSED

2021-11-18 11:33:09 - [MESSAGE][INFO] - Finding Test Object 'Object Repository/Popup/Popup_Butons'

2021-11-18 11:33:10 - [MESSAGE][INFO] - Checking timeout

2021-11-18 11:33:10 - [MESSAGE][INFO] - Finding web element with id: 'Object Repository/Popup/Popup_Butons' located by 'By.cssSelector: .modal-footer>button' in '10' second(s)

2021-11-18 11:33:10 - [MESSAGE][INFO] - Smart Wait Function is triggered

2021-11-18 11:33:10 - [MESSAGE][INFO] - Found 2 web elements with id: 'Object Repository/Popup/Popup_Butons' located by 'By.cssSelector: .modal-footer>button' in '10' second(s)

2021-11-18 11:33:10 - [MESSAGE][PASSED] - Method.TextDegerineEsitElementeTikla is PASSED

2021-11-18 11:33:10 - [MESSAGE][PASSED] - Call Test Case 'Test Cases/Popup/PopupButonSecilir' successfully

2021-11-18 11:33:10 - [MESSAGE][INFO] - Checking called Test Case

2021-11-18 11:33:10 - [MESSAGE][INFO] - Starting to call Test Case 'Test Cases/Popup/PopupMesajiIceriyorMu'

2021-11-18 11:33:10 - [TEST_CASE][PASSED] - Test Cases/Popup/PopupMesajiIceriyorMu: Test Cases/Popup/PopupMesajiIceriyorMu

2021-11-18 11:33:10 - [TEST_STEP][PASSED] - waitForElementVisible(findTestObject("Popup/Popup"), 10): Object 'Object Repository/Popup/Popup' is visible

2021-11-18 11:33:10 - [MESSAGE][INFO] - Finding Test Object 'Object Repository/Popup/Popup'

2021-11-18 11:33:10 - [MESSAGE][INFO] - Checking object

2021-11-18 11:33:10 - [MESSAGE][INFO] - Checking timeout

2021-11-18 11:33:10 - [MESSAGE][INFO] - Finding web element from Test Object's properties

2021-11-18 11:33:10 - [MESSAGE][INFO] - Checking timeout

2021-11-18 11:33:10 - [MESSAGE][INFO] - Finding web element with id: 'Object Repository/Popup/Popup' located by 'By.cssSelector: .bootbox-body' in '10' second(s)

2021-11-18 11:33:10 - [MESSAGE][INFO] - Smart Wait Function is triggered

2021-11-18 11:33:11 - [MESSAGE][INFO] - Found 1 web elements with id: 'Object Repository/Popup/Popup' located by 'By.cssSelector: .bootbox-body' in '10' second(s)

2021-11-18 11:33:11 - [MESSAGE][PASSED] - Object 'Object Repository/Popup/Popup' is visible

2021-11-18 11:33:11 - [TEST_STEP][PASSED] - if (!(getText(findTestObject("Popup/Popup")).contains(Mesaj))): Text of object 'Object Repository/Popup/Popup' is: '17359 no’lu talebiniz işleme alınmıştır. Raporunuz hazırlandığında (elogotest@gmail.com;ali.kara@logo.com.tr) adresinize mail gönderilecektir.
Rapor durumunuzu Raporlar > Toplu Veri İndirme ekranından takip edebilir, hazırlandı durumundaki raporlarınızı ilgili menüden indirebilirsiniz.'

2021-11-18 11:33:11 - [MESSAGE][INFO] - Finding Test Object 'Object Repository/Popup/Popup'

2021-11-18 11:33:11 - [MESSAGE][INFO] - Checking object

2021-11-18 11:33:11 - [MESSAGE][INFO] - Finding web element from Test Object's properties

2021-11-18 11:33:11 - [MESSAGE][INFO] - Checking timeout

2021-11-18 11:33:11 - [MESSAGE][INFO] - Finding web element with id: 'Object Repository/Popup/Popup' located by 'By.cssSelector: .bootbox-body' in '30' second(s)

2021-11-18 11:33:11 - [MESSAGE][INFO] - Smart Wait Function is triggered

2021-11-18 11:33:11 - [MESSAGE][INFO] - Found 1 web elements with id: 'Object Repository/Popup/Popup' located by 'By.cssSelector: .bootbox-body' in '30' second(s)

2021-11-18 11:33:11 - [MESSAGE][INFO] - Getting text of object 'Object Repository/Popup/Popup'

2021-11-18 11:33:11 - [MESSAGE][PASSED] - Text of object 'Object Repository/Popup/Popup' is: '17359 no’lu talebiniz işleme alınmıştır. Raporunuz hazırlandığında (elogotest@gmail.com;ali.kara@logo.com.tr) adresinize mail gönderilecektir.
Rapor durumunuzu Raporlar > Toplu Veri İndirme ekranından takip edebilir, hazırlandı durumundaki raporlarınızı ilgili menüden indirebilirsiniz.'

2021-11-18 11:33:11 - [TEST_STEP][PASSED] - RaporNo = getText(findTestObject("Popup/Popup")).substring(0, 6): Text of object 'Object Repository/Popup/Popup' is: '17359 no’lu talebiniz işleme alınmıştır. Raporunuz hazırlandığında (elogotest@gmail.com;ali.kara@logo.com.tr) adresinize mail gönderilecektir.
Rapor durumunuzu Raporlar > Toplu Veri İndirme ekranından takip edebilir, hazırlandı durumundaki raporlarınızı ilgili menüden indirebilirsiniz.'

2021-11-18 11:33:11 - [MESSAGE][INFO] - Finding Test Object 'Object Repository/Popup/Popup'

2021-11-18 11:33:11 - [MESSAGE][INFO] - Checking object

2021-11-18 11:33:11 - [MESSAGE][INFO] - Finding web element from Test Object's properties

2021-11-18 11:33:11 - [MESSAGE][INFO] - Checking timeout

2021-11-18 11:33:11 - [MESSAGE][INFO] - Finding web element with id: 'Object Repository/Popup/Popup' located by 'By.cssSelector: .bootbox-body' in '30' second(s)

2021-11-18 11:33:11 - [MESSAGE][INFO] - Smart Wait Function is triggered

2021-11-18 11:33:12 - [MESSAGE][INFO] - Found 1 web elements with id: 'Object Repository/Popup/Popup' located by 'By.cssSelector: .bootbox-body' in '30' second(s)

2021-11-18 11:33:12 - [MESSAGE][INFO] - Getting text of object 'Object Repository/Popup/Popup'

2021-11-18 11:33:12 - [MESSAGE][PASSED] - Text of object 'Object Repository/Popup/Popup' is: '17359 no’lu talebiniz işleme alınmıştır. Raporunuz hazırlandığında (elogotest@gmail.com;ali.kara@logo.com.tr) adresinize mail gönderilecektir.
Rapor durumunuzu Raporlar > Toplu Veri İndirme ekranından takip edebilir, hazırlandı durumundaki raporlarınızı ilgili menüden indirebilirsiniz.'

2021-11-18 11:33:12 - [TEST_STEP][PASSED] - Console.println(RaporNo): null

2021-11-18 11:33:12 - [MESSAGE][PASSED] - Call Test Case 'Test Cases/Popup/PopupMesajiIceriyorMu' successfully

2021-11-18 11:33:12 - [MESSAGE][INFO] - Checking called Test Case

2021-11-18 11:33:12 - [MESSAGE][INFO] - Starting to call Test Case 'Test Cases/Popup/PopupButonSecilir'

2021-11-18 11:33:12 - [TEST_CASE][PASSED] - Test Cases/Popup/PopupButonSecilir: Test Cases/Popup/PopupButonSecilir

2021-11-18 11:33:12 - [TEST_STEP][PASSED] - Method.TextDegerineEsitElementeTikla(findTestObject("Popup/Popup_Butons"), Buton): Method.TextDegerineEsitElementeTikla is PASSED

2021-11-18 11:33:12 - [MESSAGE][INFO] - Finding Test Object 'Object Repository/Popup/Popup_Butons'

2021-11-18 11:33:12 - [MESSAGE][INFO] - Checking timeout

2021-11-18 11:33:12 - [MESSAGE][INFO] - Finding web element with id: 'Object Repository/Popup/Popup_Butons' located by 'By.cssSelector: .modal-footer>button' in '10' second(s)

2021-11-18 11:33:12 - [MESSAGE][INFO] - Smart Wait Function is triggered

2021-11-18 11:33:12 - [MESSAGE][INFO] - Found 1 web elements with id: 'Object Repository/Popup/Popup_Butons' located by 'By.cssSelector: .modal-footer>button' in '10' second(s)

2021-11-18 11:33:12 - [MESSAGE][PASSED] - Method.TextDegerineEsitElementeTikla is PASSED

2021-11-18 11:33:12 - [MESSAGE][PASSED] - Call Test Case 'Test Cases/Popup/PopupButonSecilir' successfully

2021-11-18 11:33:12 - [MESSAGE][INFO] - Checking called Test Case

2021-11-18 11:33:12 - [MESSAGE][INFO] - Starting to call Test Case 'Test Cases/Menu/AnaMenuSecimi'

2021-11-18 11:33:12 - [TEST_CASE][PASSED] - Test Cases/Menu/AnaMenuSecimi: Test Cases/Menu/AnaMenuSecimi

2021-11-18 11:33:12 - [TEST_STEP][PASSED] - Method.TextDegerineEsitElementeTikla(findTestObject("Menu/Ana_Menu"), Ana_Menu): Method.TextDegerineEsitElementeTikla is PASSED

2021-11-18 11:33:12 - [MESSAGE][INFO] - Finding Test Object 'Object Repository/Menu/Ana_Menu'

2021-11-18 11:33:12 - [MESSAGE][INFO] - Checking timeout

2021-11-18 11:33:12 - [MESSAGE][INFO] - Finding web element with id: 'Object Repository/Menu/Ana_Menu' located by 'By.xpath: //*[@class = 'dropdown-toggle']' in '10' second(s)

2021-11-18 11:33:12 - [MESSAGE][INFO] - Smart Wait Function is triggered

2021-11-18 11:33:13 - [MESSAGE][INFO] - Found 15 web elements with id: 'Object Repository/Menu/Ana_Menu' located by 'By.xpath: //*[@class = 'dropdown-toggle']' in '10' second(s)

2021-11-18 11:33:13 - [MESSAGE][PASSED] - Method.TextDegerineEsitElementeTikla is PASSED

2021-11-18 11:33:13 - [MESSAGE][PASSED] - Call Test Case 'Test Cases/Menu/AnaMenuSecimi' successfully

2021-11-18 11:33:13 - [MESSAGE][INFO] - Checking called Test Case

2021-11-18 11:33:13 - [MESSAGE][INFO] - Starting to call Test Case 'Test Cases/Menu/AltMenuSecimi'

2021-11-18 11:33:13 - [TEST_CASE][PASSED] - Test Cases/Menu/AltMenuSecimi: Test Cases/Menu/AltMenuSecimi

2021-11-18 11:33:13 - [TEST_STEP][PASSED] - Method.TextDegerineEsitElementeTikla(findTestObject("Menu/Alt_Menu"), Alt_Menu): Method.TextDegerineEsitElementeTikla is PASSED

2021-11-18 11:33:13 - [MESSAGE][INFO] - Finding Test Object 'Object Repository/Menu/Alt_Menu'

2021-11-18 11:33:14 - [MESSAGE][INFO] - Checking timeout

2021-11-18 11:33:14 - [MESSAGE][INFO] - Finding web element with id: 'Object Repository/Menu/Alt_Menu' located by 'By.xpath: //li[@class='dropdown dropdown-large open']//li[@class='dropdown-element']' in '10' second(s)

2021-11-18 11:33:14 - [MESSAGE][INFO] - Smart Wait Function is triggered

2021-11-18 11:33:14 - [MESSAGE][INFO] - Found 9 web elements with id: 'Object Repository/Menu/Alt_Menu' located by 'By.xpath: //li[@class='dropdown dropdown-large open']//li[@class='dropdown-element']' in '10' second(s)

2021-11-18 11:33:15 - [MESSAGE][PASSED] - Method.TextDegerineEsitElementeTikla is PASSED

2021-11-18 11:33:15 - [MESSAGE][PASSED] - Call Test Case 'Test Cases/Menu/AltMenuSecimi' successfully

2021-11-18 11:33:15 - [MESSAGE][INFO] - Checking called Test Case

2021-11-18 11:33:15 - [MESSAGE][INFO] - Starting to call Test Case 'Test Cases/Filtreler/RaporNoYaz'

2021-11-18 11:33:15 - [TEST_CASE][PASSED] - Test Cases/Filtreler/RaporNoYaz: Test Cases/Filtreler/RaporNoYaz

2021-11-18 11:33:15 - [TEST_STEP][PASSED] - Method.TextDegerineEsitElementinAltindakiTextboxtaYaz(findTestObject("Filtreler/Basliklar"), findTestObject("Filtreler/Basliga_Gore_Textbox"), "Talep No", RaporNo): Method.TextDegerineEsitElementinAltindakiTextboxtaYaz is PASSED

2021-11-18 11:33:15 - [MESSAGE][INFO] - Finding Test Object 'Object Repository/Filtreler/Basliklar'

2021-11-18 11:33:15 - [MESSAGE][INFO] - Finding Test Object 'Object Repository/Filtreler/Basliga_Gore_Textbox'

2021-11-18 11:33:15 - [MESSAGE][INFO] - Checking timeout

2021-11-18 11:33:15 - [MESSAGE][INFO] - Finding web element with id: 'Object Repository/Filtreler/Basliklar' located by 'By.cssSelector: .control-label.col-sm-4.paddingMarginRLC' in '10' second(s)

2021-11-18 11:33:15 - [MESSAGE][INFO] - Smart Wait Function is triggered

2021-11-18 11:33:15 - [MESSAGE][INFO] - Found 8 web elements with id: 'Object Repository/Filtreler/Basliklar' located by 'By.cssSelector: .control-label.col-sm-4.paddingMarginRLC' in '10' second(s)

2021-11-18 11:33:15 - [MESSAGE][INFO] - Smart Wait Function is triggered

2021-11-18 11:33:16 - [MESSAGE][PASSED] - Method.TextDegerineEsitElementinAltindakiTextboxtaYaz is PASSED

2021-11-18 11:33:16 - [MESSAGE][PASSED] - Call Test Case 'Test Cases/Filtreler/RaporNoYaz' successfully

2021-11-18 11:33:16 - [MESSAGE][INFO] - Checking called Test Case

2021-11-18 11:33:16 - [MESSAGE][INFO] - Starting to call Test Case 'Test Cases/Filtreler/ButonaTikla'

2021-11-18 11:33:16 - [TEST_CASE][PASSED] - Test Cases/Filtreler/ButonaTikla: Test Cases/Filtreler/ButonaTikla

2021-11-18 11:33:16 - [TEST_STEP][PASSED] - Method.TextDegerineEsitElementeTikla(findTestObject("Filtreler/Butonlar"), Filtre_Buton): Method.TextDegerineEsitElementeTikla is PASSED

2021-11-18 11:33:16 - [MESSAGE][INFO] - Finding Test Object 'Object Repository/Filtreler/Butonlar'

2021-11-18 11:33:16 - [MESSAGE][INFO] - Checking timeout

2021-11-18 11:33:16 - [MESSAGE][INFO] - Finding web element with id: 'Object Repository/Filtreler/Butonlar' located by 'By.cssSelector: .dxb>span' in '10' second(s)

2021-11-18 11:33:16 - [MESSAGE][INFO] - Smart Wait Function is triggered

2021-11-18 11:33:16 - [MESSAGE][INFO] - Found 2 web elements with id: 'Object Repository/Filtreler/Butonlar' located by 'By.cssSelector: .dxb>span' in '10' second(s)

2021-11-18 11:33:16 - [MESSAGE][PASSED] - Method.TextDegerineEsitElementeTikla is PASSED

2021-11-18 11:33:16 - [MESSAGE][PASSED] - Call Test Case 'Test Cases/Filtreler/ButonaTikla' successfully

2021-11-18 11:33:16 - [MESSAGE][INFO] - Checking called Test Case

2021-11-18 11:33:16 - [MESSAGE][INFO] - Starting to call Test Case 'Test Cases/Tablo/TablodaVeriVarMi'

2021-11-18 11:33:16 - [TEST_CASE][PASSED] - Test Cases/Tablo/TablodaVeriVarMi: Test Cases/Tablo/TablodaVeriVarMi

2021-11-18 11:33:16 - [TEST_STEP][PASSED] - verifyTextNotPresent("Görüntülenecek veri yok", true): Text 'Görüntülenecek veri yok' is not present on page using regular expression

2021-11-18 11:33:16 - [MESSAGE][INFO] - Checking text present  using regular expression

2021-11-18 11:33:16 - [MESSAGE][INFO] - Smart Wait Function is triggered

2021-11-18 11:33:17 - [MESSAGE][INFO] - Finding text 'Görüntülenecek veri yok' on page  using regular expression

2021-11-18 11:33:17 - [MESSAGE][PASSED] - Text 'Görüntülenecek veri yok' is not present on page using regular expression

2021-11-18 11:33:17 - [MESSAGE][PASSED] - Call Test Case 'Test Cases/Tablo/TablodaVeriVarMi' successfully

2021-11-18 11:33:17 - [MESSAGE][INFO] - Checking called Test Case

2021-11-18 11:33:17 - [MESSAGE][INFO] - Starting to call Test Case 'Test Cases/Kullanici_Islemleri/KullaniciIslemlerindenSecimYapilir'

2021-11-18 11:33:17 - [TEST_CASE][PASSED] - Test Cases/Kullanici_Islemleri/KullaniciIslemlerindenSecimYapilir: Test Cases/Kullanici_Islemleri/KullaniciIslemlerindenSecimYapilir

2021-11-18 11:33:17 - [TEST_STEP][PASSED] - waitForElementClickable(findTestObject("Object Repository/Kullanici_Islemleri/KullaniciIslemleri"), 10): Object 'Object Repository/Kullanici_Islemleri/KullaniciIslemleri' is clickable

2021-11-18 11:33:17 - [MESSAGE][INFO] - Finding Test Object 'Object Repository/Kullanici_Islemleri/KullaniciIslemleri'

2021-11-18 11:33:17 - [MESSAGE][INFO] - Checking object

2021-11-18 11:33:17 - [MESSAGE][INFO] - Checking timeout

2021-11-18 11:33:17 - [MESSAGE][INFO] - Finding web element from Test Object's properties

2021-11-18 11:33:17 - [MESSAGE][INFO] - Checking timeout

2021-11-18 11:33:17 - [MESSAGE][INFO] - Finding web element with id: 'Object Repository/Kullanici_Islemleri/KullaniciIslemleri' located by 'By.cssSelector: .dropdown>a>img' in '10' second(s)

2021-11-18 11:33:17 - [MESSAGE][INFO] - Smart Wait Function is triggered

2021-11-18 11:33:17 - [MESSAGE][INFO] - Found 1 web elements with id: 'Object Repository/Kullanici_Islemleri/KullaniciIslemleri' located by 'By.cssSelector: .dropdown>a>img' in '10' second(s)

2021-11-18 11:33:17 - [MESSAGE][PASSED] - Object 'Object Repository/Kullanici_Islemleri/KullaniciIslemleri' is clickable

2021-11-18 11:33:17 - [TEST_STEP][PASSED] - click(findTestObject("Object Repository/Kullanici_Islemleri/KullaniciIslemleri")): Object: 'Object Repository/Kullanici_Islemleri/KullaniciIslemleri' is clicked on

2021-11-18 11:33:17 - [MESSAGE][INFO] - Finding Test Object 'Object Repository/Kullanici_Islemleri/KullaniciIslemleri'

2021-11-18 11:33:17 - [MESSAGE][INFO] - Checking object

2021-11-18 11:33:17 - [MESSAGE][INFO] - Finding web element from Test Object's properties

2021-11-18 11:33:17 - [MESSAGE][INFO] - Checking timeout

2021-11-18 11:33:17 - [MESSAGE][INFO] - Finding web element with id: 'Object Repository/Kullanici_Islemleri/KullaniciIslemleri' located by 'By.cssSelector: .dropdown>a>img' in '30' second(s)

2021-11-18 11:33:17 - [MESSAGE][INFO] - Smart Wait Function is triggered

2021-11-18 11:33:18 - [MESSAGE][INFO] - Found 1 web elements with id: 'Object Repository/Kullanici_Islemleri/KullaniciIslemleri' located by 'By.cssSelector: .dropdown>a>img' in '30' second(s)

2021-11-18 11:33:18 - [MESSAGE][INFO] - Clicking on object: 'Object Repository/Kullanici_Islemleri/KullaniciIslemleri'

2021-11-18 11:33:18 - [MESSAGE][PASSED] - Object: 'Object Repository/Kullanici_Islemleri/KullaniciIslemleri' is clicked on

2021-11-18 11:33:18 - [TEST_STEP][PASSED] - Method.TextDegerineEsitElementeTikla(findTestObject("Object Repository/Kullanici_Islemleri/Secenekler"), Islem): Method.TextDegerineEsitElementeTikla is PASSED

2021-11-18 11:33:18 - [MESSAGE][INFO] - Finding Test Object 'Object Repository/Kullanici_Islemleri/Secenekler'

2021-11-18 11:33:18 - [MESSAGE][INFO] - Checking timeout

2021-11-18 11:33:18 - [MESSAGE][INFO] - Finding web element with id: 'Object Repository/Kullanici_Islemleri/Secenekler' located by 'By.cssSelector: .nav.navbar-nav.navbar-right li a' in '10' second(s)

2021-11-18 11:33:18 - [MESSAGE][INFO] - Smart Wait Function is triggered

2021-11-18 11:33:18 - [MESSAGE][INFO] - Found 22 web elements with id: 'Object Repository/Kullanici_Islemleri/Secenekler' located by 'By.cssSelector: .nav.navbar-nav.navbar-right li a' in '10' second(s)

2021-11-18 11:33:20 - [MESSAGE][PASSED] - Method.TextDegerineEsitElementeTikla is PASSED

2021-11-18 11:33:20 - [TEST_STEP][PASSED] - verifyElementNotPresent(findTestObject("Object Repository/Kullanici_Islemleri/Secenekler"), 10): Web element with id: 'Object Repository/Kullanici_Islemleri/Secenekler' located by 'By.cssSelector: .nav.navbar-nav.navbar-right li a' is not present after '10' second(s)

2021-11-18 11:33:20 - [MESSAGE][INFO] - Finding Test Object 'Object Repository/Kullanici_Islemleri/Secenekler'

2021-11-18 11:33:20 - [MESSAGE][INFO] - Checking object

2021-11-18 11:33:20 - [MESSAGE][INFO] - Checking timeout

2021-11-18 11:33:20 - [MESSAGE][INFO] - Finding web element with id: 'Object Repository/Kullanici_Islemleri/Secenekler' located by 'By.cssSelector: .nav.navbar-nav.navbar-right li a' in '10' second(s)

2021-11-18 11:33:20 - [MESSAGE][INFO] - Smart Wait Function is triggered

2021-11-18 11:33:20 - [MESSAGE][PASSED] - Web element with id: 'Object Repository/Kullanici_Islemleri/Secenekler' located by 'By.cssSelector: .nav.navbar-nav.navbar-right li a' is not present after '10' second(s)

2021-11-18 11:33:20 - [MESSAGE][PASSED] - Call Test Case 'Test Cases/Kullanici_Islemleri/KullaniciIslemlerindenSecimYapilir' successfully

2021-11-18 11:33:20 - [TEST_CASE][PASSED] - Start Test Case : SCENARIO e-Fatura Gelen Kutusu Uygulama Yanıtları Toplu Indirme - UBL Secilenlerin indirilmesi: SCENARIO e-Fatura Gelen Kutusu Uygulama Yanıtları Toplu Indirme - UBL Secilenlerin indirilmesi

2021-11-18 11:33:20 - [TEST_STEP][PASSED] - Kullanıcı adı ELOGO6 ve Şifre 123456 olarak giriş yapılır: Kullanıcı adı ELOGO6 ve Şifre 123456 olarak giriş yapılır

2021-11-18 11:33:20 - [MESSAGE][PASSED] - Kullanıcı adı ELOGO6 ve Şifre 123456 olarak giriş yapılır

2021-11-18 11:33:20 - [TEST_STEP][PASSED] - Ana menüden e-Fatura seçilir: Ana menüden e-Fatura seçilir

2021-11-18 11:33:20 - [MESSAGE][PASSED] - Ana menüden e-Fatura seçilir

2021-11-18 11:33:20 - [TEST_STEP][PASSED] - Alt menü Gelen Kutusu başlığı altındaki Uygulama Yanıtları seçilir: Alt menü Gelen Kutusu başlığı altındaki Uygulama Yanıtları seçilir

2021-11-18 11:33:20 - [MESSAGE][PASSED] - Alt menü Gelen Kutusu başlığı altındaki Uygulama Yanıtları seçilir

2021-11-18 11:33:20 - [TEST_STEP][PASSED] - Filtrelerden Oluşturma Tarihi filtresine 01.12.2020 baslangic degerini yaz: Filtrelerden Oluşturma Tarihi filtresine 01.12.2020 baslangic degerini yaz

2021-11-18 11:33:20 - [MESSAGE][PASSED] - Filtrelerden Oluşturma Tarihi filtresine 01.12.2020 baslangic degerini yaz

2021-11-18 11:33:20 - [TEST_STEP][PASSED] - Filtrelerden Oluşturma Tarihi filtresine 31.12.2020 bitis degerini yaz: Filtrelerden Oluşturma Tarihi filtresine 31.12.2020 bitis degerini yaz

2021-11-18 11:33:20 - [MESSAGE][PASSED] - Filtrelerden Oluşturma Tarihi filtresine 31.12.2020 bitis degerini yaz

2021-11-18 11:33:20 - [TEST_STEP][PASSED] - Filtrelerden Gönderen VKN filtresine 1234567806 textini yaz: Filtrelerden Gönderen VKN filtresine 1234567806 textini yaz

2021-11-18 11:33:20 - [MESSAGE][PASSED] - Filtrelerden Gönderen VKN filtresine 1234567806 textini yaz

2021-11-18 11:33:20 - [TEST_STEP][PASSED] - Filtre butonlarından Listele seçilir: Filtre butonlarından Listele seçilir

2021-11-18 11:33:20 - [MESSAGE][PASSED] - Filtre butonlarından Listele seçilir

2021-11-18 11:33:20 - [TEST_STEP][PASSED] - Tabloda veri var mı kontrol edilir: Tabloda veri var mı kontrol edilir

2021-11-18 11:33:20 - [MESSAGE][PASSED] - Tabloda veri var mı kontrol edilir

2021-11-18 11:33:20 - [TEST_STEP][PASSED] - Tablodan 1234567806 isimli veri seçilir: Tablodan 1234567806 isimli veri seçilir

2021-11-18 11:33:20 - [MESSAGE][PASSED] - Tablodan 1234567806 isimli veri seçilir

2021-11-18 11:33:20 - [TEST_STEP][PASSED] - Butonlardan Toplu İndirme isimli butona tıklanır: Butonlardan Toplu İndirme isimli butona tıklanır

2021-11-18 11:33:20 - [MESSAGE][PASSED] - Butonlardan Toplu İndirme isimli butona tıklanır

2021-11-18 11:33:20 - [TEST_STEP][PASSED] - Alt butonlardan UBL Seçilenleri İndir butonuna tıklanır: Alt butonlardan UBL Seçilenleri İndir butonuna tıklanır

2021-11-18 11:33:20 - [MESSAGE][PASSED] - Alt butonlardan UBL Seçilenleri İndir butonuna tıklanır

2021-11-18 11:33:20 - [TEST_STEP][PASSED] - Popup mesajı Lütfen rapor bildiriminin gönderileceği e-posta adresini belirtiniz. içeriyor mu: Popup mesajı Lütfen rapor bildiriminin gönderileceği e-posta adresini belirtiniz. içeriyor mu

2021-11-18 11:33:20 - [MESSAGE][PASSED] - Popup mesajı Lütfen rapor bildiriminin gönderileceği e-posta adresini belirtiniz. içeriyor mu

2021-11-18 11:33:20 - [TEST_STEP][PASSED] - Popup email elogotest@gmail.com;ali.kara@logo.com.tr olarak girilir: Popup email elogotest@gmail.com;ali.kara@logo.com.tr olarak girilir

2021-11-18 11:33:20 - [MESSAGE][PASSED] - Popup email elogotest@gmail.com;ali.kara@logo.com.tr olarak girilir

2021-11-18 11:33:20 - [TEST_STEP][PASSED] - Yönetim popupında Gönder seçilir: Yönetim popupında Gönder seçilir

2021-11-18 11:33:20 - [MESSAGE][PASSED] - Yönetim popupında Gönder seçilir

2021-11-18 11:33:20 - [TEST_STEP][PASSED] - Popup mesajı talebiniz işleme alınmıştır içeriyor mu: Popup mesajı talebiniz işleme alınmıştır içeriyor mu

2021-11-18 11:33:20 - [MESSAGE][PASSED] - Popup mesajı talebiniz işleme alınmıştır içeriyor mu

2021-11-18 11:33:20 - [TEST_STEP][PASSED] - Yönetim popupında Tamam seçilir: Yönetim popupında Tamam seçilir

2021-11-18 11:33:20 - [MESSAGE][PASSED] - Yönetim popupında Tamam seçilir

2021-11-18 11:33:20 - [TEST_STEP][PASSED] - Butonlardan Toplu İndirme isimli butona tıklanır: Butonlardan Toplu İndirme isimli butona tıklanır

2021-11-18 11:33:20 - [MESSAGE][PASSED] - Butonlardan Toplu İndirme isimli butona tıklanır

2021-11-18 11:33:20 - [TEST_STEP][PASSED] - Alt butonlardan UBL Tümünü İndir butonuna tıklanır: Alt butonlardan UBL Tümünü İndir butonuna tıklanır

2021-11-18 11:33:20 - [MESSAGE][PASSED] - Alt butonlardan UBL Tümünü İndir butonuna tıklanır

2021-11-18 11:33:20 - [TEST_STEP][PASSED] - Popup mesajı Lütfen rapor bildiriminin gönderileceği e-posta adresini belirtiniz. içeriyor mu: Popup mesajı Lütfen rapor bildiriminin gönderileceği e-posta adresini belirtiniz. içeriyor mu

2021-11-18 11:33:20 - [MESSAGE][PASSED] - Popup mesajı Lütfen rapor bildiriminin gönderileceği e-posta adresini belirtiniz. içeriyor mu

2021-11-18 11:33:20 - [TEST_STEP][PASSED] - Popup email elogotest@gmail.com;ali.kara@logo.com.tr olarak girilir: Popup email elogotest@gmail.com;ali.kara@logo.com.tr olarak girilir

2021-11-18 11:33:20 - [MESSAGE][PASSED] - Popup email elogotest@gmail.com;ali.kara@logo.com.tr olarak girilir

2021-11-18 11:33:20 - [TEST_STEP][PASSED] - Yönetim popupında Gönder seçilir: Yönetim popupında Gönder seçilir

2021-11-18 11:33:20 - [MESSAGE][PASSED] - Yönetim popupında Gönder seçilir

2021-11-18 11:33:20 - [TEST_STEP][PASSED] - Popup mesajı talebiniz işleme alınmıştır içeriyor mu: Popup mesajı talebiniz işleme alınmıştır içeriyor mu

2021-11-18 11:33:20 - [MESSAGE][PASSED] - Popup mesajı talebiniz işleme alınmıştır içeriyor mu

2021-11-18 11:33:20 - [TEST_STEP][PASSED] - Yönetim popupında Tamam seçilir: Yönetim popupında Tamam seçilir

2021-11-18 11:33:20 - [MESSAGE][PASSED] - Yönetim popupında Tamam seçilir

2021-11-18 11:33:20 - [TEST_STEP][PASSED] - Ana menüden Raporlar seçilir: Ana menüden Raporlar seçilir

2021-11-18 11:33:20 - [MESSAGE][PASSED] - Ana menüden Raporlar seçilir

2021-11-18 11:33:20 - [TEST_STEP][PASSED] - Alt menüden Toplu Veri İndirme seçilir: Alt menüden Toplu Veri İndirme seçilir

2021-11-18 11:33:20 - [MESSAGE][PASSED] - Alt menüden Toplu Veri İndirme seçilir

2021-11-18 11:33:20 - [TEST_STEP][PASSED] - Filtrelerden Talep No filtresine Rapor No bilgisi yaz: Filtrelerden Talep No filtresine Rapor No bilgisi yaz

2021-11-18 11:33:20 - [MESSAGE][PASSED] - Filtrelerden Talep No filtresine Rapor No bilgisi yaz

2021-11-18 11:33:20 - [TEST_STEP][PASSED] - Filtre butonlarından Listele seçilir: Filtre butonlarından Listele seçilir

2021-11-18 11:33:20 - [MESSAGE][PASSED] - Filtre butonlarından Listele seçilir

2021-11-18 11:33:20 - [TEST_STEP][PASSED] - Tabloda veri var mı kontrol edilir: Tabloda veri var mı kontrol edilir

2021-11-18 11:33:20 - [MESSAGE][PASSED] - Tabloda veri var mı kontrol edilir

2021-11-18 11:33:20 - [TEST_STEP][PASSED] - Kullanıcı işlemlerinden Çıkış seçilir: Kullanıcı işlemlerinden Çıkış seçilir

2021-11-18 11:33:20 - [MESSAGE][PASSED] - Kullanıcı işlemlerinden Çıkış seçilir

2021-11-18 11:33:20 - [MESSAGE][PASSED] - Feature file: 'Include/features/e-Fatura/Gelen Kutusu/Uygulama Yanitlari/Toplu Indirme.feature' was passed

2021-11-18 11:33:20 - [TEST_STEP][PASSED] - Start listener action : sampleAfterTestSuite: Invoke 'com.kms.katalon.core.annotation.AfterTestCase' method: 'Listener.sampleAfterTestSuite(...)' completed.

2021-11-18 11:33:20 - [MESSAGE][INFO] - Starting invoke 'com.kms.katalon.core.annotation.AfterTestCase' method: 'Listener.sampleAfterTestSuite(...)'

2021-11-18 11:33:20 - [TEST_STEP][PASSED] - closeBrowser(): Invoke 'com.kms.katalon.core.annotation.AfterTestCase' method: 'Listener.sampleAfterTestSuite(...)' completed.

2021-11-18 11:33:20 - [MESSAGE][INFO] - Closing browser

2021-11-18 11:33:21 - [MESSAGE][PASSED] - Browser is closed

2021-11-18 11:33:21 - [MESSAGE][INFO] - Invoke 'com.kms.katalon.core.annotation.AfterTestCase' method: 'Listener.sampleAfterTestSuite(...)' completed.]]></system-out>
         <system-err><![CDATA[]]></system-err>
      </testcase>
      <testcase name="Test Cases/Case Repository/e-Fatura/Giden Kutusu/Faturalar/Excele Aktar" time="55.467" classname="Test Cases/Case Repository/e-Fatura/Giden Kutusu/Faturalar/Excele Aktar" status="PASSED">
         <system-out><![CDATA[2021-11-18 11:33:21 - [TEST_CASE][PASSED] - Test Cases/Case Repository/e-Fatura/Giden Kutusu/Faturalar/Excele Aktar: Test Cases/Case Repository/e-Fatura/Giden Kutusu/Faturalar/Excele Aktar

2021-11-18 11:33:21 - [TEST_STEP][PASSED] - Start listener action : sampleBeforeTestSuite: Invoke 'com.kms.katalon.core.annotation.BeforeTestCase' method: 'Listener.sampleBeforeTestSuite(...)' completed.

2021-11-18 11:33:21 - [MESSAGE][INFO] - Starting invoke 'com.kms.katalon.core.annotation.BeforeTestCase' method: 'Listener.sampleBeforeTestSuite(...)'

2021-11-18 11:33:21 - [TEST_STEP][PASSED] - openBrowser(baseUrl): Browser is opened with url: 'https://efatura-stage.elogo.com.tr/'

2021-11-18 11:33:21 - [MESSAGE][INFO] - Opening browser

2021-11-18 11:33:21 - [MESSAGE][INFO] - Starting 'Chrome' driver

2021-11-18 11:33:21 - [MESSAGE][INFO] - User set preference: ['prefs', '{download.default_directory=C:\otomasyondownfiles}']

2021-11-18 11:33:21 - [MESSAGE][INFO] - Action delay is set to 0 milliseconds

2021-11-18 11:33:23 - [MESSAGE][INFO] - Navigating browser to: 'https://efatura-stage.elogo.com.tr/'

2021-11-18 11:33:25 - [MESSAGE][PASSED] - Browser is opened with url: 'https://efatura-stage.elogo.com.tr/'

2021-11-18 11:33:25 - [TEST_STEP][PASSED] - maximizeWindow(): Invoke 'com.kms.katalon.core.annotation.BeforeTestCase' method: 'Listener.sampleBeforeTestSuite(...)' completed.

2021-11-18 11:33:25 - [MESSAGE][INFO] - Maximizing current window

2021-11-18 11:33:25 - [MESSAGE][PASSED] - Current window maximized

2021-11-18 11:33:25 - [MESSAGE][INFO] - Invoke 'com.kms.katalon.core.annotation.BeforeTestCase' method: 'Listener.sampleBeforeTestSuite(...)' completed.

2021-11-18 11:33:26 - [TEST_STEP][PASSED] - runFeatureFile("Include/features/e-Fatura/Giden Kutusu/Faturalar/Excele Aktar.feature"): Feature file: 'Include/features/e-Fatura/Giden Kutusu/Faturalar/Excele Aktar.feature' was passed

2021-11-18 11:33:26 - [MESSAGE][INFO] - Starting run keyword runFeatureFile: 'Include/features/e-Fatura/Giden Kutusu/Faturalar/Excele Aktar.feature' and extract report to folder: 'C:\Users\DELL\Documents\GitHub\EES_KatalonLogo\Reports\20211118_110909\Suite Repository\ExceleAktarVeTopluIndirme\20211118_110948/cucumber_report/1637224406286'...

2021-11-18 11:33:26 - [MESSAGE][INFO] - Glue: []

2021-11-18 11:33:28 - [MESSAGE][INFO] - Checking called Test Case

2021-11-18 11:33:28 - [MESSAGE][INFO] - Starting to call Test Case 'Test Cases/Sayfalar/Giris_Sayfasi/Login'

2021-11-18 11:33:28 - [TEST_CASE][PASSED] - Test Cases/Sayfalar/Giris_Sayfasi/Login: Test Cases/Sayfalar/Giris_Sayfasi/Login

2021-11-18 11:33:28 - [TEST_STEP][PASSED] - Sayfa_Basligi = getWindowTitle(): Current window's title is: 'LOGO e-Fatura'

2021-11-18 11:33:28 - [MESSAGE][INFO] - Getting current window's title

2021-11-18 11:33:28 - [MESSAGE][PASSED] - Current window's title is: 'LOGO e-Fatura'

2021-11-18 11:33:28 - [TEST_STEP][PASSED] - verifyMatch(Sayfa_Basligi, "LOGO e-Fatura", false): Actual text 'LOGO e-Fatura' and expected text 'LOGO e-Fatura' are matched 

2021-11-18 11:33:28 - [MESSAGE][INFO] - Matching actual text 'LOGO e-Fatura' with expected text 'LOGO e-Fatura'

2021-11-18 11:33:28 - [MESSAGE][PASSED] - Actual text 'LOGO e-Fatura' and expected text 'LOGO e-Fatura' are matched 

2021-11-18 11:33:28 - [TEST_STEP][PASSED] - sendKeys(findTestObject("Sayfalar/Giris_Sayfasi/Firma_Kodu"), KullaniciAdi): Keys 'ELOGO6' sent to object: 'Object Repository/Sayfalar/Giris_Sayfasi/Firma_Kodu'

2021-11-18 11:33:28 - [MESSAGE][INFO] - Finding Test Object 'Object Repository/Sayfalar/Giris_Sayfasi/Firma_Kodu'

2021-11-18 11:33:28 - [MESSAGE][INFO] - Sending keys 'ELOGO6' to object: 'Object Repository/Sayfalar/Giris_Sayfasi/Firma_Kodu'

2021-11-18 11:33:28 - [MESSAGE][INFO] - Finding web element from Test Object's properties

2021-11-18 11:33:28 - [MESSAGE][INFO] - Checking timeout

2021-11-18 11:33:28 - [MESSAGE][INFO] - Finding web element with id: 'Object Repository/Sayfalar/Giris_Sayfasi/Firma_Kodu' located by 'By.xpath: //*[@id = 'AccountName']' in '30' second(s)

2021-11-18 11:33:28 - [MESSAGE][INFO] - Smart Wait Function is triggered

2021-11-18 11:33:28 - [MESSAGE][INFO] - Found 1 web elements with id: 'Object Repository/Sayfalar/Giris_Sayfasi/Firma_Kodu' located by 'By.xpath: //*[@id = 'AccountName']' in '30' second(s)

2021-11-18 11:33:28 - [MESSAGE][PASSED] - Keys 'ELOGO6' sent to object: 'Object Repository/Sayfalar/Giris_Sayfasi/Firma_Kodu'

2021-11-18 11:33:28 - [TEST_STEP][PASSED] - sendKeys(findTestObject("Sayfalar/Giris_Sayfasi/Sifre"), Sifre): Keys '123456' sent to object: 'Object Repository/Sayfalar/Giris_Sayfasi/Sifre'

2021-11-18 11:33:28 - [MESSAGE][INFO] - Finding Test Object 'Object Repository/Sayfalar/Giris_Sayfasi/Sifre'

2021-11-18 11:33:28 - [MESSAGE][INFO] - Sending keys '123456' to object: 'Object Repository/Sayfalar/Giris_Sayfasi/Sifre'

2021-11-18 11:33:28 - [MESSAGE][INFO] - Finding web element from Test Object's properties

2021-11-18 11:33:28 - [MESSAGE][INFO] - Checking timeout

2021-11-18 11:33:28 - [MESSAGE][INFO] - Finding web element with id: 'Object Repository/Sayfalar/Giris_Sayfasi/Sifre' located by 'By.xpath: //*[@id = 'Password']' in '30' second(s)

2021-11-18 11:33:28 - [MESSAGE][INFO] - Smart Wait Function is triggered

2021-11-18 11:33:29 - [MESSAGE][INFO] - Found 1 web elements with id: 'Object Repository/Sayfalar/Giris_Sayfasi/Sifre' located by 'By.xpath: //*[@id = 'Password']' in '30' second(s)

2021-11-18 11:33:29 - [MESSAGE][PASSED] - Keys '123456' sent to object: 'Object Repository/Sayfalar/Giris_Sayfasi/Sifre'

2021-11-18 11:33:29 - [TEST_STEP][PASSED] - findWebElement(findTestObject("Sayfalar/Giris_Sayfasi/Giris_Butonu")).click(): Found 1 web elements with id: 'Object Repository/Sayfalar/Giris_Sayfasi/Giris_Butonu' located by 'By.cssSelector: #btnLogin' in '30' second(s)

2021-11-18 11:33:29 - [MESSAGE][INFO] - Finding Test Object 'Object Repository/Sayfalar/Giris_Sayfasi/Giris_Butonu'

2021-11-18 11:33:29 - [MESSAGE][INFO] - Finding web element from Test Object's properties

2021-11-18 11:33:29 - [MESSAGE][INFO] - Checking timeout

2021-11-18 11:33:29 - [MESSAGE][INFO] - Finding web element with id: 'Object Repository/Sayfalar/Giris_Sayfasi/Giris_Butonu' located by 'By.cssSelector: #btnLogin' in '30' second(s)

2021-11-18 11:33:29 - [MESSAGE][INFO] - Smart Wait Function is triggered

2021-11-18 11:33:29 - [MESSAGE][INFO] - Found 1 web elements with id: 'Object Repository/Sayfalar/Giris_Sayfasi/Giris_Butonu' located by 'By.cssSelector: #btnLogin' in '30' second(s)

2021-11-18 11:33:31 - [TEST_STEP][PASSED] - if (verifyElementPresent(findTestObject("Object Repository/Sayfalar/Giris_Sayfasi/RetveTamam_Butonu"), 5, OPTIONAL)): null

2021-11-18 11:33:31 - [MESSAGE][INFO] - Finding Test Object 'Object Repository/Sayfalar/Giris_Sayfasi/RetveTamam_Butonu'

2021-11-18 11:33:32 - [MESSAGE][INFO] - Checking object

2021-11-18 11:33:32 - [MESSAGE][INFO] - Finding web element from Test Object's properties

2021-11-18 11:33:32 - [MESSAGE][INFO] - Checking timeout

2021-11-18 11:33:32 - [MESSAGE][INFO] - Finding web element with id: 'Object Repository/Sayfalar/Giris_Sayfasi/RetveTamam_Butonu' located by 'By.xpath: //*[@class = 'btn btn-default']' in '5' second(s)

2021-11-18 11:33:32 - [MESSAGE][INFO] - Smart Wait Function is triggered

2021-11-18 11:33:32 - [MESSAGE][INFO] - Found 1 web elements with id: 'Object Repository/Sayfalar/Giris_Sayfasi/RetveTamam_Butonu' located by 'By.xpath: //*[@class = 'btn btn-default']' in '5' second(s)

2021-11-18 11:33:32 - [MESSAGE][PASSED] - Object 'Object Repository/Sayfalar/Giris_Sayfasi/RetveTamam_Butonu' is present

2021-11-18 11:33:32 - [TEST_STEP][PASSED] - click(findTestObject("Object Repository/Sayfalar/Giris_Sayfasi/RetveTamam_Butonu")): Object: 'Object Repository/Sayfalar/Giris_Sayfasi/RetveTamam_Butonu' is clicked on

2021-11-18 11:33:32 - [MESSAGE][INFO] - Finding Test Object 'Object Repository/Sayfalar/Giris_Sayfasi/RetveTamam_Butonu'

2021-11-18 11:33:32 - [MESSAGE][INFO] - Checking object

2021-11-18 11:33:32 - [MESSAGE][INFO] - Finding web element from Test Object's properties

2021-11-18 11:33:32 - [MESSAGE][INFO] - Checking timeout

2021-11-18 11:33:32 - [MESSAGE][INFO] - Finding web element with id: 'Object Repository/Sayfalar/Giris_Sayfasi/RetveTamam_Butonu' located by 'By.xpath: //*[@class = 'btn btn-default']' in '30' second(s)

2021-11-18 11:33:32 - [MESSAGE][INFO] - Smart Wait Function is triggered

2021-11-18 11:33:32 - [MESSAGE][INFO] - Found 1 web elements with id: 'Object Repository/Sayfalar/Giris_Sayfasi/RetveTamam_Butonu' located by 'By.xpath: //*[@class = 'btn btn-default']' in '30' second(s)

2021-11-18 11:33:32 - [MESSAGE][INFO] - Clicking on object: 'Object Repository/Sayfalar/Giris_Sayfasi/RetveTamam_Butonu'

2021-11-18 11:33:32 - [MESSAGE][PASSED] - Object: 'Object Repository/Sayfalar/Giris_Sayfasi/RetveTamam_Butonu' is clicked on

2021-11-18 11:33:32 - [TEST_STEP][PASSED] - click(findTestObject("Object Repository/Sayfalar/Giris_Sayfasi/RetveTamam_Butonu")): Object: 'Object Repository/Sayfalar/Giris_Sayfasi/RetveTamam_Butonu' is clicked on

2021-11-18 11:33:32 - [MESSAGE][INFO] - Finding Test Object 'Object Repository/Sayfalar/Giris_Sayfasi/RetveTamam_Butonu'

2021-11-18 11:33:32 - [MESSAGE][INFO] - Checking object

2021-11-18 11:33:32 - [MESSAGE][INFO] - Finding web element from Test Object's properties

2021-11-18 11:33:32 - [MESSAGE][INFO] - Checking timeout

2021-11-18 11:33:32 - [MESSAGE][INFO] - Finding web element with id: 'Object Repository/Sayfalar/Giris_Sayfasi/RetveTamam_Butonu' located by 'By.xpath: //*[@class = 'btn btn-default']' in '30' second(s)

2021-11-18 11:33:32 - [MESSAGE][INFO] - Smart Wait Function is triggered

2021-11-18 11:33:39 - [MESSAGE][INFO] - Found 1 web elements with id: 'Object Repository/Sayfalar/Giris_Sayfasi/RetveTamam_Butonu' located by 'By.xpath: //*[@class = 'btn btn-default']' in '30' second(s)

2021-11-18 11:33:39 - [MESSAGE][INFO] - Clicking on object: 'Object Repository/Sayfalar/Giris_Sayfasi/RetveTamam_Butonu'

2021-11-18 11:33:39 - [MESSAGE][PASSED] - Object: 'Object Repository/Sayfalar/Giris_Sayfasi/RetveTamam_Butonu' is clicked on

2021-11-18 11:33:39 - [TEST_STEP][PASSED] - if (verifyElementPresent(findTestObject("Sayfalar/Giris_Sayfasi/PopupOK"), 5, OPTIONAL)): null

2021-11-18 11:33:39 - [MESSAGE][INFO] - Finding Test Object 'Object Repository/Sayfalar/Giris_Sayfasi/PopupOK'

2021-11-18 11:33:39 - [MESSAGE][INFO] - Checking object

2021-11-18 11:33:39 - [MESSAGE][INFO] - Finding web element from Test Object's properties

2021-11-18 11:33:39 - [MESSAGE][INFO] - Checking timeout

2021-11-18 11:33:39 - [MESSAGE][INFO] - Finding web element with id: 'Object Repository/Sayfalar/Giris_Sayfasi/PopupOK' located by 'By.cssSelector: .btn.btn-success' in '5' second(s)

2021-11-18 11:33:39 - [MESSAGE][INFO] - Smart Wait Function is triggered

2021-11-18 11:33:40 - [MESSAGE][INFO] - Found 1 web elements with id: 'Object Repository/Sayfalar/Giris_Sayfasi/PopupOK' located by 'By.cssSelector: .btn.btn-success' in '5' second(s)

2021-11-18 11:33:40 - [MESSAGE][PASSED] - Object 'Object Repository/Sayfalar/Giris_Sayfasi/PopupOK' is present

2021-11-18 11:33:40 - [TEST_STEP][PASSED] - click(findTestObject("Object Repository/Sayfalar/Giris_Sayfasi/PopupCarpiGiris")): Object: 'Object Repository/Sayfalar/Giris_Sayfasi/PopupCarpiGiris' is clicked on

2021-11-18 11:33:40 - [MESSAGE][INFO] - Finding Test Object 'Object Repository/Sayfalar/Giris_Sayfasi/PopupCarpiGiris'

2021-11-18 11:33:40 - [MESSAGE][INFO] - Checking object

2021-11-18 11:33:40 - [MESSAGE][INFO] - Finding web element from Test Object's properties

2021-11-18 11:33:40 - [MESSAGE][INFO] - Checking timeout

2021-11-18 11:33:40 - [MESSAGE][INFO] - Finding web element with id: 'Object Repository/Sayfalar/Giris_Sayfasi/PopupCarpiGiris' located by 'By.cssSelector: .bootbox-close-button.close' in '30' second(s)

2021-11-18 11:33:40 - [MESSAGE][INFO] - Smart Wait Function is triggered

2021-11-18 11:33:40 - [MESSAGE][INFO] - Found 1 web elements with id: 'Object Repository/Sayfalar/Giris_Sayfasi/PopupCarpiGiris' located by 'By.cssSelector: .bootbox-close-button.close' in '30' second(s)

2021-11-18 11:33:40 - [MESSAGE][INFO] - Clicking on object: 'Object Repository/Sayfalar/Giris_Sayfasi/PopupCarpiGiris'

2021-11-18 11:33:40 - [MESSAGE][PASSED] - Object: 'Object Repository/Sayfalar/Giris_Sayfasi/PopupCarpiGiris' is clicked on

2021-11-18 11:33:40 - [TEST_STEP][PASSED] - verifyElementVisible(findTestObject("Object Repository/Kullanici_Islemleri/KullaniciIslemleri")): Object 'Object Repository/Kullanici_Islemleri/KullaniciIslemleri' is visible

2021-11-18 11:33:40 - [MESSAGE][INFO] - Finding Test Object 'Object Repository/Kullanici_Islemleri/KullaniciIslemleri'

2021-11-18 11:33:40 - [MESSAGE][INFO] - Checking object

2021-11-18 11:33:40 - [MESSAGE][INFO] - Finding web element from Test Object's properties

2021-11-18 11:33:40 - [MESSAGE][INFO] - Checking timeout

2021-11-18 11:33:40 - [MESSAGE][INFO] - Finding web element with id: 'Object Repository/Kullanici_Islemleri/KullaniciIslemleri' located by 'By.cssSelector: .dropdown>a>img' in '30' second(s)

2021-11-18 11:33:40 - [MESSAGE][INFO] - Smart Wait Function is triggered

2021-11-18 11:33:41 - [MESSAGE][INFO] - Found 1 web elements with id: 'Object Repository/Kullanici_Islemleri/KullaniciIslemleri' located by 'By.cssSelector: .dropdown>a>img' in '30' second(s)

2021-11-18 11:33:41 - [MESSAGE][PASSED] - Object 'Object Repository/Kullanici_Islemleri/KullaniciIslemleri' is visible

2021-11-18 11:33:41 - [MESSAGE][PASSED] - Call Test Case 'Test Cases/Sayfalar/Giris_Sayfasi/Login' successfully

2021-11-18 11:33:41 - [MESSAGE][INFO] - Checking called Test Case

2021-11-18 11:33:41 - [MESSAGE][INFO] - Starting to call Test Case 'Test Cases/Menu/AnaMenuSecimi'

2021-11-18 11:33:41 - [TEST_CASE][PASSED] - Test Cases/Menu/AnaMenuSecimi: Test Cases/Menu/AnaMenuSecimi

2021-11-18 11:33:41 - [TEST_STEP][PASSED] - Method.TextDegerineEsitElementeTikla(findTestObject("Menu/Ana_Menu"), Ana_Menu): Method.TextDegerineEsitElementeTikla is PASSED

2021-11-18 11:33:41 - [MESSAGE][INFO] - Finding Test Object 'Object Repository/Menu/Ana_Menu'

2021-11-18 11:33:41 - [MESSAGE][INFO] - Checking timeout

2021-11-18 11:33:41 - [MESSAGE][INFO] - Finding web element with id: 'Object Repository/Menu/Ana_Menu' located by 'By.xpath: //*[@class = 'dropdown-toggle']' in '10' second(s)

2021-11-18 11:33:41 - [MESSAGE][INFO] - Smart Wait Function is triggered

2021-11-18 11:33:41 - [MESSAGE][INFO] - Found 14 web elements with id: 'Object Repository/Menu/Ana_Menu' located by 'By.xpath: //*[@class = 'dropdown-toggle']' in '10' second(s)

2021-11-18 11:33:42 - [MESSAGE][PASSED] - Method.TextDegerineEsitElementeTikla is PASSED

2021-11-18 11:33:42 - [MESSAGE][PASSED] - Call Test Case 'Test Cases/Menu/AnaMenuSecimi' successfully

2021-11-18 11:33:42 - [MESSAGE][INFO] - Checking called Test Case

2021-11-18 11:33:42 - [MESSAGE][INFO] - Starting to call Test Case 'Test Cases/Menu/BasligaGoreAltMenuSecimi'

2021-11-18 11:33:42 - [TEST_CASE][PASSED] - Test Cases/Menu/BasligaGoreAltMenuSecimi: Test Cases/Menu/BasligaGoreAltMenuSecimi

2021-11-18 11:33:42 - [TEST_STEP][PASSED] - Method.TextDegerineEsitElementinAltindakiTextDegerineEsitOlanaTikla(findTestObject("Menu/Menu_Basligi"), findTestObject("Menu/Basliga_Gore_Alt_Menu"), Baslik, Alt_Menu): Method.TextDegerineEsitElementinAltindakiTextDegerineEsitOlanaTikla is PASSED

2021-11-18 11:33:42 - [MESSAGE][INFO] - Finding Test Object 'Object Repository/Menu/Menu_Basligi'

2021-11-18 11:33:42 - [MESSAGE][INFO] - Finding Test Object 'Object Repository/Menu/Basliga_Gore_Alt_Menu'

2021-11-18 11:33:42 - [MESSAGE][INFO] - Checking timeout

2021-11-18 11:33:42 - [MESSAGE][INFO] - Finding web element with id: 'Object Repository/Menu/Menu_Basligi' located by 'By.xpath: //li[@class='dropdown dropdown-large open']//li[@class='dropdown-header']' in '10' second(s)

2021-11-18 11:33:42 - [MESSAGE][INFO] - Smart Wait Function is triggered

2021-11-18 11:33:42 - [MESSAGE][INFO] - Found 3 web elements with id: 'Object Repository/Menu/Menu_Basligi' located by 'By.xpath: //li[@class='dropdown dropdown-large open']//li[@class='dropdown-header']' in '10' second(s)

2021-11-18 11:33:42 - [MESSAGE][INFO] - Smart Wait Function is triggered

2021-11-18 11:33:46 - [MESSAGE][PASSED] - Method.TextDegerineEsitElementinAltindakiTextDegerineEsitOlanaTikla is PASSED

2021-11-18 11:33:46 - [MESSAGE][PASSED] - Call Test Case 'Test Cases/Menu/BasligaGoreAltMenuSecimi' successfully

2021-11-18 11:33:46 - [MESSAGE][INFO] - Checking called Test Case

2021-11-18 11:33:46 - [MESSAGE][INFO] - Starting to call Test Case 'Test Cases/Filtreler/BaslangicYaz'

2021-11-18 11:33:46 - [TEST_CASE][PASSED] - Test Cases/Filtreler/BaslangicYaz: Test Cases/Filtreler/BaslangicYaz

2021-11-18 11:33:46 - [TEST_STEP][PASSED] - delay(3): Delayed 3 second(s)

2021-11-18 11:33:46 - [MESSAGE][INFO] - Delaying browser in 3 second(s)

2021-11-18 11:33:49 - [MESSAGE][PASSED] - Delayed 3 second(s)

2021-11-18 11:33:49 - [TEST_STEP][PASSED] - Method.TextDegerineEsitElementinAltindakineTikla(findTestObject("Filtreler/Basliklar"), findTestObject("Filtreler/Basliga_Gore_Baslangic_Image"), Filtre_Adi): Method.TextDegerineEsitElementinAltindakineTikla is PASSED

2021-11-18 11:33:49 - [MESSAGE][INFO] - Finding Test Object 'Object Repository/Filtreler/Basliklar'

2021-11-18 11:33:49 - [MESSAGE][INFO] - Finding Test Object 'Object Repository/Filtreler/Basliga_Gore_Baslangic_Image'

2021-11-18 11:33:49 - [MESSAGE][INFO] - Checking timeout

2021-11-18 11:33:49 - [MESSAGE][INFO] - Finding web element with id: 'Object Repository/Filtreler/Basliklar' located by 'By.cssSelector: .control-label.col-sm-4.paddingMarginRLC' in '10' second(s)

2021-11-18 11:33:49 - [MESSAGE][INFO] - Smart Wait Function is triggered

2021-11-18 11:33:49 - [MESSAGE][INFO] - Found 20 web elements with id: 'Object Repository/Filtreler/Basliklar' located by 'By.cssSelector: .control-label.col-sm-4.paddingMarginRLC' in '10' second(s)

2021-11-18 11:33:49 - [MESSAGE][INFO] - Smart Wait Function is triggered

2021-11-18 11:33:50 - [MESSAGE][PASSED] - Method.TextDegerineEsitElementinAltindakineTikla is PASSED

2021-11-18 11:33:50 - [TEST_STEP][PASSED] - Method.TextDegerineEsitElementinAltindakiTextboxtaYaz(findTestObject("Filtreler/Basliklar"), findTestObject("Filtreler/Basliga_Gore_Baslangic"), Filtre_Adi, Filtre_Degeri): Method.TextDegerineEsitElementinAltindakiTextboxtaYaz is PASSED

2021-11-18 11:33:50 - [MESSAGE][INFO] - Finding Test Object 'Object Repository/Filtreler/Basliklar'

2021-11-18 11:33:50 - [MESSAGE][INFO] - Finding Test Object 'Object Repository/Filtreler/Basliga_Gore_Baslangic'

2021-11-18 11:33:50 - [MESSAGE][INFO] - Checking timeout

2021-11-18 11:33:50 - [MESSAGE][INFO] - Finding web element with id: 'Object Repository/Filtreler/Basliklar' located by 'By.cssSelector: .control-label.col-sm-4.paddingMarginRLC' in '10' second(s)

2021-11-18 11:33:50 - [MESSAGE][INFO] - Smart Wait Function is triggered

2021-11-18 11:33:50 - [MESSAGE][INFO] - Found 20 web elements with id: 'Object Repository/Filtreler/Basliklar' located by 'By.cssSelector: .control-label.col-sm-4.paddingMarginRLC' in '10' second(s)

2021-11-18 11:33:50 - [MESSAGE][INFO] - Smart Wait Function is triggered

2021-11-18 11:33:51 - [MESSAGE][PASSED] - Method.TextDegerineEsitElementinAltindakiTextboxtaYaz is PASSED

2021-11-18 11:33:51 - [MESSAGE][PASSED] - Call Test Case 'Test Cases/Filtreler/BaslangicYaz' successfully

2021-11-18 11:33:51 - [MESSAGE][INFO] - Checking called Test Case

2021-11-18 11:33:51 - [MESSAGE][INFO] - Starting to call Test Case 'Test Cases/Filtreler/BitisYaz'

2021-11-18 11:33:51 - [TEST_CASE][PASSED] - Test Cases/Filtreler/BitisYaz: Test Cases/Filtreler/BitisYaz

2021-11-18 11:33:51 - [TEST_STEP][PASSED] - Method.TextDegerineEsitElementinAltindakineTikla(findTestObject("Filtreler/Basliklar"), findTestObject("Filtreler/Basliga_Gore_Bitis_Image"), Filtre_Adi): Method.TextDegerineEsitElementinAltindakineTikla is PASSED

2021-11-18 11:33:51 - [MESSAGE][INFO] - Finding Test Object 'Object Repository/Filtreler/Basliklar'

2021-11-18 11:33:51 - [MESSAGE][INFO] - Finding Test Object 'Object Repository/Filtreler/Basliga_Gore_Bitis_Image'

2021-11-18 11:33:51 - [MESSAGE][INFO] - Checking timeout

2021-11-18 11:33:51 - [MESSAGE][INFO] - Finding web element with id: 'Object Repository/Filtreler/Basliklar' located by 'By.cssSelector: .control-label.col-sm-4.paddingMarginRLC' in '10' second(s)

2021-11-18 11:33:51 - [MESSAGE][INFO] - Smart Wait Function is triggered

2021-11-18 11:33:51 - [MESSAGE][INFO] - Found 20 web elements with id: 'Object Repository/Filtreler/Basliklar' located by 'By.cssSelector: .control-label.col-sm-4.paddingMarginRLC' in '10' second(s)

2021-11-18 11:33:51 - [MESSAGE][INFO] - Smart Wait Function is triggered

2021-11-18 11:33:52 - [MESSAGE][PASSED] - Method.TextDegerineEsitElementinAltindakineTikla is PASSED

2021-11-18 11:33:52 - [TEST_STEP][PASSED] - Method.TextDegerineEsitElementinAltindakiTextboxtaYaz(findTestObject("Filtreler/Basliklar"), findTestObject("Object Repository/Filtreler/Basliga_Gore_Bitis"), Filtre_Adi, Filtre_Degeri): Method.TextDegerineEsitElementinAltindakiTextboxtaYaz is PASSED

2021-11-18 11:33:52 - [MESSAGE][INFO] - Finding Test Object 'Object Repository/Filtreler/Basliklar'

2021-11-18 11:33:52 - [MESSAGE][INFO] - Finding Test Object 'Object Repository/Filtreler/Basliga_Gore_Bitis'

2021-11-18 11:33:52 - [MESSAGE][INFO] - Checking timeout

2021-11-18 11:33:52 - [MESSAGE][INFO] - Finding web element with id: 'Object Repository/Filtreler/Basliklar' located by 'By.cssSelector: .control-label.col-sm-4.paddingMarginRLC' in '10' second(s)

2021-11-18 11:33:52 - [MESSAGE][INFO] - Smart Wait Function is triggered

2021-11-18 11:33:52 - [MESSAGE][INFO] - Found 20 web elements with id: 'Object Repository/Filtreler/Basliklar' located by 'By.cssSelector: .control-label.col-sm-4.paddingMarginRLC' in '10' second(s)

2021-11-18 11:33:52 - [MESSAGE][INFO] - Smart Wait Function is triggered

2021-11-18 11:33:53 - [MESSAGE][PASSED] - Method.TextDegerineEsitElementinAltindakiTextboxtaYaz is PASSED

2021-11-18 11:33:53 - [MESSAGE][PASSED] - Call Test Case 'Test Cases/Filtreler/BitisYaz' successfully

2021-11-18 11:33:53 - [MESSAGE][INFO] - Checking called Test Case

2021-11-18 11:33:53 - [MESSAGE][INFO] - Starting to call Test Case 'Test Cases/Filtreler/TexboxaYaz'

2021-11-18 11:33:53 - [TEST_CASE][PASSED] - Test Cases/Filtreler/TexboxaYaz: Test Cases/Filtreler/TexboxaYaz

2021-11-18 11:33:53 - [TEST_STEP][PASSED] - Method.TextDegerineEsitElementinAltindakiTextboxtaYaz(findTestObject("Filtreler/Basliklar"), findTestObject("Filtreler/Basliga_Gore_Textbox"), Filtre_Adi, Filtre_Degeri): Method.TextDegerineEsitElementinAltindakiTextboxtaYaz is PASSED

2021-11-18 11:33:53 - [MESSAGE][INFO] - Finding Test Object 'Object Repository/Filtreler/Basliklar'

2021-11-18 11:33:53 - [MESSAGE][INFO] - Finding Test Object 'Object Repository/Filtreler/Basliga_Gore_Textbox'

2021-11-18 11:33:53 - [MESSAGE][INFO] - Checking timeout

2021-11-18 11:33:53 - [MESSAGE][INFO] - Finding web element with id: 'Object Repository/Filtreler/Basliklar' located by 'By.cssSelector: .control-label.col-sm-4.paddingMarginRLC' in '10' second(s)

2021-11-18 11:33:53 - [MESSAGE][INFO] - Smart Wait Function is triggered

2021-11-18 11:33:53 - [MESSAGE][INFO] - Found 20 web elements with id: 'Object Repository/Filtreler/Basliklar' located by 'By.cssSelector: .control-label.col-sm-4.paddingMarginRLC' in '10' second(s)

2021-11-18 11:33:53 - [MESSAGE][INFO] - Smart Wait Function is triggered

2021-11-18 11:33:53 - [MESSAGE][PASSED] - Method.TextDegerineEsitElementinAltindakiTextboxtaYaz is PASSED

2021-11-18 11:33:53 - [MESSAGE][PASSED] - Call Test Case 'Test Cases/Filtreler/TexboxaYaz' successfully

2021-11-18 11:33:53 - [MESSAGE][INFO] - Checking called Test Case

2021-11-18 11:33:53 - [MESSAGE][INFO] - Starting to call Test Case 'Test Cases/Filtreler/ButonaTikla'

2021-11-18 11:33:54 - [TEST_CASE][PASSED] - Test Cases/Filtreler/ButonaTikla: Test Cases/Filtreler/ButonaTikla

2021-11-18 11:33:54 - [TEST_STEP][PASSED] - Method.TextDegerineEsitElementeTikla(findTestObject("Filtreler/Butonlar"), Filtre_Buton): Method.TextDegerineEsitElementeTikla is PASSED

2021-11-18 11:33:54 - [MESSAGE][INFO] - Finding Test Object 'Object Repository/Filtreler/Butonlar'

2021-11-18 11:33:54 - [MESSAGE][INFO] - Checking timeout

2021-11-18 11:33:54 - [MESSAGE][INFO] - Finding web element with id: 'Object Repository/Filtreler/Butonlar' located by 'By.cssSelector: .dxb>span' in '10' second(s)

2021-11-18 11:33:54 - [MESSAGE][INFO] - Smart Wait Function is triggered

2021-11-18 11:33:54 - [MESSAGE][INFO] - Found 3 web elements with id: 'Object Repository/Filtreler/Butonlar' located by 'By.cssSelector: .dxb>span' in '10' second(s)

2021-11-18 11:33:54 - [MESSAGE][PASSED] - Method.TextDegerineEsitElementeTikla is PASSED

2021-11-18 11:33:54 - [MESSAGE][PASSED] - Call Test Case 'Test Cases/Filtreler/ButonaTikla' successfully

2021-11-18 11:33:54 - [MESSAGE][INFO] - Checking called Test Case

2021-11-18 11:33:54 - [MESSAGE][INFO] - Starting to call Test Case 'Test Cases/Tablo/TablodaVeriVarMi'

2021-11-18 11:33:54 - [TEST_CASE][PASSED] - Test Cases/Tablo/TablodaVeriVarMi: Test Cases/Tablo/TablodaVeriVarMi

2021-11-18 11:33:54 - [TEST_STEP][PASSED] - verifyTextNotPresent("Görüntülenecek veri yok", true): Text 'Görüntülenecek veri yok' is not present on page using regular expression

2021-11-18 11:33:54 - [MESSAGE][INFO] - Checking text present  using regular expression

2021-11-18 11:33:54 - [MESSAGE][INFO] - Smart Wait Function is triggered

2021-11-18 11:33:55 - [MESSAGE][INFO] - Finding text 'Görüntülenecek veri yok' on page  using regular expression

2021-11-18 11:33:55 - [MESSAGE][PASSED] - Text 'Görüntülenecek veri yok' is not present on page using regular expression

2021-11-18 11:33:55 - [MESSAGE][PASSED] - Call Test Case 'Test Cases/Tablo/TablodaVeriVarMi' successfully

2021-11-18 11:33:55 - [MESSAGE][INFO] - Checking called Test Case

2021-11-18 11:33:55 - [MESSAGE][INFO] - Starting to call Test Case 'Test Cases/Tablo/TablodanVeriSec'

2021-11-18 11:33:55 - [TEST_CASE][PASSED] - Test Cases/Tablo/TablodanVeriSec: Test Cases/Tablo/TablodanVeriSec

2021-11-18 11:33:55 - [TEST_STEP][PASSED] - Method.TextDegerineEsitElementinAltindakineTikla(findTestObject("Tablo/Veriler"), findTestObject("Tablo/VerininCheckBoxi"), Veri_Adi): Method.TextDegerineEsitElementinAltindakineTikla is PASSED

2021-11-18 11:33:55 - [MESSAGE][INFO] - Finding Test Object 'Object Repository/Tablo/Veriler'

2021-11-18 11:33:55 - [MESSAGE][INFO] - Finding Test Object 'Object Repository/Tablo/VerininCheckBoxi'

2021-11-18 11:33:55 - [MESSAGE][INFO] - Checking timeout

2021-11-18 11:33:55 - [MESSAGE][INFO] - Finding web element with id: 'Object Repository/Tablo/Veriler' located by 'By.cssSelector: td.dxgv b ,td.dxgv' in '10' second(s)

2021-11-18 11:33:55 - [MESSAGE][INFO] - Smart Wait Function is triggered

2021-11-18 11:33:56 - [MESSAGE][INFO] - Found 140 web elements with id: 'Object Repository/Tablo/Veriler' located by 'By.cssSelector: td.dxgv b ,td.dxgv' in '10' second(s)

2021-11-18 11:33:56 - [MESSAGE][INFO] - Smart Wait Function is triggered

2021-11-18 11:33:56 - [MESSAGE][PASSED] - Method.TextDegerineEsitElementinAltindakineTikla is PASSED

2021-11-18 11:33:56 - [MESSAGE][PASSED] - Call Test Case 'Test Cases/Tablo/TablodanVeriSec' successfully

2021-11-18 11:33:56 - [MESSAGE][INFO] - Checking called Test Case

2021-11-18 11:33:56 - [MESSAGE][INFO] - Starting to call Test Case 'Test Cases/Butonlar/ButonaTikla'

2021-11-18 11:33:56 - [TEST_CASE][PASSED] - Test Cases/Butonlar/ButonaTikla: Test Cases/Butonlar/ButonaTikla

2021-11-18 11:33:56 - [TEST_STEP][PASSED] - Method.TextDegerineEsitElementeTiklaEquals(findTestObject("Butonlar/Butonlar"), Buton_Adi): Method.TextDegerineEsitElementeTiklaEquals is PASSED

2021-11-18 11:33:56 - [MESSAGE][INFO] - Finding Test Object 'Object Repository/Butonlar/Butonlar'

2021-11-18 11:33:56 - [MESSAGE][INFO] - Checking timeout

2021-11-18 11:33:56 - [MESSAGE][INFO] - Finding web element with id: 'Object Repository/Butonlar/Butonlar' located by 'By.cssSelector: .panel.panel-default.text-center.footerPanel .btn,.btn.btn-primary.btnControls' in '10' second(s)

2021-11-18 11:33:56 - [MESSAGE][INFO] - Smart Wait Function is triggered

2021-11-18 11:33:56 - [MESSAGE][INFO] - Found 17 web elements with id: 'Object Repository/Butonlar/Butonlar' located by 'By.cssSelector: .panel.panel-default.text-center.footerPanel .btn,.btn.btn-primary.btnControls' in '10' second(s)

2021-11-18 11:33:56 - [MESSAGE][PASSED] - Method.TextDegerineEsitElementeTiklaEquals is PASSED

2021-11-18 11:33:56 - [MESSAGE][PASSED] - Call Test Case 'Test Cases/Butonlar/ButonaTikla' successfully

2021-11-18 11:33:56 - [MESSAGE][INFO] - Checking called Test Case

2021-11-18 11:33:56 - [MESSAGE][INFO] - Starting to call Test Case 'Test Cases/Butonlar/AltButonaTikla'

2021-11-18 11:33:57 - [TEST_CASE][PASSED] - Test Cases/Butonlar/AltButonaTikla: Test Cases/Butonlar/AltButonaTikla

2021-11-18 11:33:57 - [TEST_STEP][PASSED] - Method.TextDegerineEsitElementeTikla(findTestObject("Butonlar/AltButonlar"), Alt_Buton): Method.TextDegerineEsitElementeTikla is PASSED

2021-11-18 11:33:57 - [MESSAGE][INFO] - Finding Test Object 'Object Repository/Butonlar/AltButonlar'

2021-11-18 11:33:57 - [MESSAGE][INFO] - Checking timeout

2021-11-18 11:33:57 - [MESSAGE][INFO] - Finding web element with id: 'Object Repository/Butonlar/AltButonlar' located by 'By.cssSelector: .btn-group.open li>a' in '10' second(s)

2021-11-18 11:33:57 - [MESSAGE][INFO] - Smart Wait Function is triggered

2021-11-18 11:33:57 - [MESSAGE][INFO] - Found 2 web elements with id: 'Object Repository/Butonlar/AltButonlar' located by 'By.cssSelector: .btn-group.open li>a' in '10' second(s)

2021-11-18 11:33:57 - [MESSAGE][PASSED] - Method.TextDegerineEsitElementeTikla is PASSED

2021-11-18 11:33:57 - [MESSAGE][PASSED] - Call Test Case 'Test Cases/Butonlar/AltButonaTikla' successfully

2021-11-18 11:33:57 - [MESSAGE][INFO] - Checking called Test Case

2021-11-18 11:33:57 - [MESSAGE][INFO] - Starting to call Test Case 'Test Cases/Popup/PopupMesajiIceriyorMu'

2021-11-18 11:33:57 - [TEST_CASE][PASSED] - Test Cases/Popup/PopupMesajiIceriyorMu: Test Cases/Popup/PopupMesajiIceriyorMu

2021-11-18 11:33:57 - [TEST_STEP][PASSED] - waitForElementVisible(findTestObject("Popup/Popup"), 10): Object 'Object Repository/Popup/Popup' is visible

2021-11-18 11:33:57 - [MESSAGE][INFO] - Finding Test Object 'Object Repository/Popup/Popup'

2021-11-18 11:33:57 - [MESSAGE][INFO] - Checking object

2021-11-18 11:33:57 - [MESSAGE][INFO] - Checking timeout

2021-11-18 11:33:57 - [MESSAGE][INFO] - Finding web element from Test Object's properties

2021-11-18 11:33:57 - [MESSAGE][INFO] - Checking timeout

2021-11-18 11:33:57 - [MESSAGE][INFO] - Finding web element with id: 'Object Repository/Popup/Popup' located by 'By.cssSelector: .bootbox-body' in '10' second(s)

2021-11-18 11:33:57 - [MESSAGE][INFO] - Smart Wait Function is triggered

2021-11-18 11:33:58 - [MESSAGE][INFO] - Found 1 web elements with id: 'Object Repository/Popup/Popup' located by 'By.cssSelector: .bootbox-body' in '10' second(s)

2021-11-18 11:33:58 - [MESSAGE][PASSED] - Object 'Object Repository/Popup/Popup' is visible

2021-11-18 11:33:58 - [TEST_STEP][PASSED] - if (!(getText(findTestObject("Popup/Popup")).contains(Mesaj))): Text of object 'Object Repository/Popup/Popup' is: 'Lütfen rapor bildiriminin gönderileceği e-posta adresini belirtiniz.
e-Posta Adresi'

2021-11-18 11:33:58 - [MESSAGE][INFO] - Finding Test Object 'Object Repository/Popup/Popup'

2021-11-18 11:33:58 - [MESSAGE][INFO] - Checking object

2021-11-18 11:33:58 - [MESSAGE][INFO] - Finding web element from Test Object's properties

2021-11-18 11:33:58 - [MESSAGE][INFO] - Checking timeout

2021-11-18 11:33:58 - [MESSAGE][INFO] - Finding web element with id: 'Object Repository/Popup/Popup' located by 'By.cssSelector: .bootbox-body' in '30' second(s)

2021-11-18 11:33:58 - [MESSAGE][INFO] - Smart Wait Function is triggered

2021-11-18 11:33:58 - [MESSAGE][INFO] - Found 1 web elements with id: 'Object Repository/Popup/Popup' located by 'By.cssSelector: .bootbox-body' in '30' second(s)

2021-11-18 11:33:58 - [MESSAGE][INFO] - Getting text of object 'Object Repository/Popup/Popup'

2021-11-18 11:33:58 - [MESSAGE][PASSED] - Text of object 'Object Repository/Popup/Popup' is: 'Lütfen rapor bildiriminin gönderileceği e-posta adresini belirtiniz.
e-Posta Adresi'

2021-11-18 11:33:58 - [TEST_STEP][PASSED] - RaporNo = getText(findTestObject("Popup/Popup")).substring(0, 6): Text of object 'Object Repository/Popup/Popup' is: 'Lütfen rapor bildiriminin gönderileceği e-posta adresini belirtiniz.
e-Posta Adresi'

2021-11-18 11:33:58 - [MESSAGE][INFO] - Finding Test Object 'Object Repository/Popup/Popup'

2021-11-18 11:33:59 - [MESSAGE][INFO] - Checking object

2021-11-18 11:33:59 - [MESSAGE][INFO] - Finding web element from Test Object's properties

2021-11-18 11:33:59 - [MESSAGE][INFO] - Checking timeout

2021-11-18 11:33:59 - [MESSAGE][INFO] - Finding web element with id: 'Object Repository/Popup/Popup' located by 'By.cssSelector: .bootbox-body' in '30' second(s)

2021-11-18 11:33:59 - [MESSAGE][INFO] - Smart Wait Function is triggered

2021-11-18 11:33:59 - [MESSAGE][INFO] - Found 1 web elements with id: 'Object Repository/Popup/Popup' located by 'By.cssSelector: .bootbox-body' in '30' second(s)

2021-11-18 11:33:59 - [MESSAGE][INFO] - Getting text of object 'Object Repository/Popup/Popup'

2021-11-18 11:33:59 - [MESSAGE][PASSED] - Text of object 'Object Repository/Popup/Popup' is: 'Lütfen rapor bildiriminin gönderileceği e-posta adresini belirtiniz.
e-Posta Adresi'

2021-11-18 11:33:59 - [TEST_STEP][PASSED] - Console.println(RaporNo): null

2021-11-18 11:33:59 - [MESSAGE][PASSED] - Call Test Case 'Test Cases/Popup/PopupMesajiIceriyorMu' successfully

2021-11-18 11:33:59 - [MESSAGE][INFO] - Checking called Test Case

2021-11-18 11:33:59 - [MESSAGE][INFO] - Starting to call Test Case 'Test Cases/Popup/PopupaEmailEklenir'

2021-11-18 11:33:59 - [TEST_CASE][PASSED] - Test Cases/Popup/PopupaEmailEklenir: Test Cases/Popup/PopupaEmailEklenir

2021-11-18 11:33:59 - [TEST_STEP][PASSED] - clearText(findTestObject("Popup/EmailText")): Text of object 'Object Repository/Popup/EmailText' is cleared

2021-11-18 11:33:59 - [MESSAGE][INFO] - Finding Test Object 'Object Repository/Popup/EmailText'

2021-11-18 11:33:59 - [MESSAGE][INFO] - Checking object

2021-11-18 11:33:59 - [MESSAGE][INFO] - Finding web element from Test Object's properties

2021-11-18 11:33:59 - [MESSAGE][INFO] - Checking timeout

2021-11-18 11:33:59 - [MESSAGE][INFO] - Finding web element with id: 'Object Repository/Popup/EmailText' located by 'By.xpath: //*[@id="eMails"]' in '30' second(s)

2021-11-18 11:33:59 - [MESSAGE][INFO] - Smart Wait Function is triggered

2021-11-18 11:33:59 - [MESSAGE][INFO] - Found 1 web elements with id: 'Object Repository/Popup/EmailText' located by 'By.xpath: //*[@id="eMails"]' in '30' second(s)

2021-11-18 11:33:59 - [MESSAGE][INFO] - Clearing text of object 'Object Repository/Popup/EmailText'

2021-11-18 11:33:59 - [MESSAGE][PASSED] - Text of object 'Object Repository/Popup/EmailText' is cleared

2021-11-18 11:33:59 - [TEST_STEP][PASSED] - sendKeys(findTestObject("Popup/EmailText"), Email): Keys 'elogotest@gmail.com;ali.kara@logo.com.tr' sent to object: 'Object Repository/Popup/EmailText'

2021-11-18 11:33:59 - [MESSAGE][INFO] - Finding Test Object 'Object Repository/Popup/EmailText'

2021-11-18 11:33:59 - [MESSAGE][INFO] - Sending keys 'elogotest@gmail.com;ali.kara@logo.com.tr' to object: 'Object Repository/Popup/EmailText'

2021-11-18 11:33:59 - [MESSAGE][INFO] - Finding web element from Test Object's properties

2021-11-18 11:33:59 - [MESSAGE][INFO] - Checking timeout

2021-11-18 11:33:59 - [MESSAGE][INFO] - Finding web element with id: 'Object Repository/Popup/EmailText' located by 'By.xpath: //*[@id="eMails"]' in '30' second(s)

2021-11-18 11:33:59 - [MESSAGE][INFO] - Smart Wait Function is triggered

2021-11-18 11:34:00 - [MESSAGE][INFO] - Found 1 web elements with id: 'Object Repository/Popup/EmailText' located by 'By.xpath: //*[@id="eMails"]' in '30' second(s)

2021-11-18 11:34:00 - [MESSAGE][PASSED] - Keys 'elogotest@gmail.com;ali.kara@logo.com.tr' sent to object: 'Object Repository/Popup/EmailText'

2021-11-18 11:34:00 - [MESSAGE][PASSED] - Call Test Case 'Test Cases/Popup/PopupaEmailEklenir' successfully

2021-11-18 11:34:00 - [MESSAGE][INFO] - Checking called Test Case

2021-11-18 11:34:00 - [MESSAGE][INFO] - Starting to call Test Case 'Test Cases/Popup/PopupButonSecilir'

2021-11-18 11:34:00 - [TEST_CASE][PASSED] - Test Cases/Popup/PopupButonSecilir: Test Cases/Popup/PopupButonSecilir

2021-11-18 11:34:00 - [TEST_STEP][PASSED] - Method.TextDegerineEsitElementeTikla(findTestObject("Popup/Popup_Butons"), Buton): Method.TextDegerineEsitElementeTikla is PASSED

2021-11-18 11:34:00 - [MESSAGE][INFO] - Finding Test Object 'Object Repository/Popup/Popup_Butons'

2021-11-18 11:34:00 - [MESSAGE][INFO] - Checking timeout

2021-11-18 11:34:00 - [MESSAGE][INFO] - Finding web element with id: 'Object Repository/Popup/Popup_Butons' located by 'By.cssSelector: .modal-footer>button' in '10' second(s)

2021-11-18 11:34:00 - [MESSAGE][INFO] - Smart Wait Function is triggered

2021-11-18 11:34:00 - [MESSAGE][INFO] - Found 2 web elements with id: 'Object Repository/Popup/Popup_Butons' located by 'By.cssSelector: .modal-footer>button' in '10' second(s)

2021-11-18 11:34:00 - [MESSAGE][PASSED] - Method.TextDegerineEsitElementeTikla is PASSED

2021-11-18 11:34:00 - [MESSAGE][PASSED] - Call Test Case 'Test Cases/Popup/PopupButonSecilir' successfully

2021-11-18 11:34:00 - [MESSAGE][INFO] - Checking called Test Case

2021-11-18 11:34:00 - [MESSAGE][INFO] - Starting to call Test Case 'Test Cases/Popup/PopupMesajiIceriyorMu'

2021-11-18 11:34:00 - [TEST_CASE][PASSED] - Test Cases/Popup/PopupMesajiIceriyorMu: Test Cases/Popup/PopupMesajiIceriyorMu

2021-11-18 11:34:00 - [TEST_STEP][PASSED] - waitForElementVisible(findTestObject("Popup/Popup"), 10): Object 'Object Repository/Popup/Popup' is visible

2021-11-18 11:34:00 - [MESSAGE][INFO] - Finding Test Object 'Object Repository/Popup/Popup'

2021-11-18 11:34:00 - [MESSAGE][INFO] - Checking object

2021-11-18 11:34:00 - [MESSAGE][INFO] - Checking timeout

2021-11-18 11:34:00 - [MESSAGE][INFO] - Finding web element from Test Object's properties

2021-11-18 11:34:00 - [MESSAGE][INFO] - Checking timeout

2021-11-18 11:34:00 - [MESSAGE][INFO] - Finding web element with id: 'Object Repository/Popup/Popup' located by 'By.cssSelector: .bootbox-body' in '10' second(s)

2021-11-18 11:34:00 - [MESSAGE][INFO] - Smart Wait Function is triggered

2021-11-18 11:34:01 - [MESSAGE][INFO] - Found 1 web elements with id: 'Object Repository/Popup/Popup' located by 'By.cssSelector: .bootbox-body' in '10' second(s)

2021-11-18 11:34:01 - [MESSAGE][PASSED] - Object 'Object Repository/Popup/Popup' is visible

2021-11-18 11:34:01 - [TEST_STEP][PASSED] - if (!(getText(findTestObject("Popup/Popup")).contains(Mesaj))): Text of object 'Object Repository/Popup/Popup' is: '17360 no’lu talebiniz işleme alınmıştır. Raporunuz hazırlandığında (elogotest@gmail.com;ali.kara@logo.com.tr) adresinize mail gönderilecektir.
Rapor durumunuzu Raporlar > Toplu Veri İndirme ekranından takip edebilir, hazırlandı durumundaki raporlarınızı ilgili menüden indirebilirsiniz.'

2021-11-18 11:34:01 - [MESSAGE][INFO] - Finding Test Object 'Object Repository/Popup/Popup'

2021-11-18 11:34:01 - [MESSAGE][INFO] - Checking object

2021-11-18 11:34:01 - [MESSAGE][INFO] - Finding web element from Test Object's properties

2021-11-18 11:34:01 - [MESSAGE][INFO] - Checking timeout

2021-11-18 11:34:01 - [MESSAGE][INFO] - Finding web element with id: 'Object Repository/Popup/Popup' located by 'By.cssSelector: .bootbox-body' in '30' second(s)

2021-11-18 11:34:01 - [MESSAGE][INFO] - Smart Wait Function is triggered

2021-11-18 11:34:01 - [MESSAGE][INFO] - Found 1 web elements with id: 'Object Repository/Popup/Popup' located by 'By.cssSelector: .bootbox-body' in '30' second(s)

2021-11-18 11:34:01 - [MESSAGE][INFO] - Getting text of object 'Object Repository/Popup/Popup'

2021-11-18 11:34:01 - [MESSAGE][PASSED] - Text of object 'Object Repository/Popup/Popup' is: '17360 no’lu talebiniz işleme alınmıştır. Raporunuz hazırlandığında (elogotest@gmail.com;ali.kara@logo.com.tr) adresinize mail gönderilecektir.
Rapor durumunuzu Raporlar > Toplu Veri İndirme ekranından takip edebilir, hazırlandı durumundaki raporlarınızı ilgili menüden indirebilirsiniz.'

2021-11-18 11:34:01 - [TEST_STEP][PASSED] - RaporNo = getText(findTestObject("Popup/Popup")).substring(0, 6): Text of object 'Object Repository/Popup/Popup' is: '17360 no’lu talebiniz işleme alınmıştır. Raporunuz hazırlandığında (elogotest@gmail.com;ali.kara@logo.com.tr) adresinize mail gönderilecektir.
Rapor durumunuzu Raporlar > Toplu Veri İndirme ekranından takip edebilir, hazırlandı durumundaki raporlarınızı ilgili menüden indirebilirsiniz.'

2021-11-18 11:34:01 - [MESSAGE][INFO] - Finding Test Object 'Object Repository/Popup/Popup'

2021-11-18 11:34:01 - [MESSAGE][INFO] - Checking object

2021-11-18 11:34:01 - [MESSAGE][INFO] - Finding web element from Test Object's properties

2021-11-18 11:34:01 - [MESSAGE][INFO] - Checking timeout

2021-11-18 11:34:01 - [MESSAGE][INFO] - Finding web element with id: 'Object Repository/Popup/Popup' located by 'By.cssSelector: .bootbox-body' in '30' second(s)

2021-11-18 11:34:01 - [MESSAGE][INFO] - Smart Wait Function is triggered

2021-11-18 11:34:02 - [MESSAGE][INFO] - Found 1 web elements with id: 'Object Repository/Popup/Popup' located by 'By.cssSelector: .bootbox-body' in '30' second(s)

2021-11-18 11:34:02 - [MESSAGE][INFO] - Getting text of object 'Object Repository/Popup/Popup'

2021-11-18 11:34:02 - [MESSAGE][PASSED] - Text of object 'Object Repository/Popup/Popup' is: '17360 no’lu talebiniz işleme alınmıştır. Raporunuz hazırlandığında (elogotest@gmail.com;ali.kara@logo.com.tr) adresinize mail gönderilecektir.
Rapor durumunuzu Raporlar > Toplu Veri İndirme ekranından takip edebilir, hazırlandı durumundaki raporlarınızı ilgili menüden indirebilirsiniz.'

2021-11-18 11:34:02 - [TEST_STEP][PASSED] - Console.println(RaporNo): null

2021-11-18 11:34:02 - [MESSAGE][PASSED] - Call Test Case 'Test Cases/Popup/PopupMesajiIceriyorMu' successfully

2021-11-18 11:34:02 - [MESSAGE][INFO] - Checking called Test Case

2021-11-18 11:34:02 - [MESSAGE][INFO] - Starting to call Test Case 'Test Cases/Popup/PopupButonSecilir'

2021-11-18 11:34:02 - [TEST_CASE][PASSED] - Test Cases/Popup/PopupButonSecilir: Test Cases/Popup/PopupButonSecilir

2021-11-18 11:34:02 - [TEST_STEP][PASSED] - Method.TextDegerineEsitElementeTikla(findTestObject("Popup/Popup_Butons"), Buton): Method.TextDegerineEsitElementeTikla is PASSED

2021-11-18 11:34:02 - [MESSAGE][INFO] - Finding Test Object 'Object Repository/Popup/Popup_Butons'

2021-11-18 11:34:02 - [MESSAGE][INFO] - Checking timeout

2021-11-18 11:34:02 - [MESSAGE][INFO] - Finding web element with id: 'Object Repository/Popup/Popup_Butons' located by 'By.cssSelector: .modal-footer>button' in '10' second(s)

2021-11-18 11:34:02 - [MESSAGE][INFO] - Smart Wait Function is triggered

2021-11-18 11:34:02 - [MESSAGE][INFO] - Found 1 web elements with id: 'Object Repository/Popup/Popup_Butons' located by 'By.cssSelector: .modal-footer>button' in '10' second(s)

2021-11-18 11:34:02 - [MESSAGE][PASSED] - Method.TextDegerineEsitElementeTikla is PASSED

2021-11-18 11:34:02 - [MESSAGE][PASSED] - Call Test Case 'Test Cases/Popup/PopupButonSecilir' successfully

2021-11-18 11:34:02 - [MESSAGE][INFO] - Checking called Test Case

2021-11-18 11:34:02 - [MESSAGE][INFO] - Starting to call Test Case 'Test Cases/Butonlar/ButonaTikla'

2021-11-18 11:34:02 - [TEST_CASE][PASSED] - Test Cases/Butonlar/ButonaTikla: Test Cases/Butonlar/ButonaTikla

2021-11-18 11:34:02 - [TEST_STEP][PASSED] - Method.TextDegerineEsitElementeTiklaEquals(findTestObject("Butonlar/Butonlar"), Buton_Adi): Method.TextDegerineEsitElementeTiklaEquals is PASSED

2021-11-18 11:34:02 - [MESSAGE][INFO] - Finding Test Object 'Object Repository/Butonlar/Butonlar'

2021-11-18 11:34:02 - [MESSAGE][INFO] - Checking timeout

2021-11-18 11:34:02 - [MESSAGE][INFO] - Finding web element with id: 'Object Repository/Butonlar/Butonlar' located by 'By.cssSelector: .panel.panel-default.text-center.footerPanel .btn,.btn.btn-primary.btnControls' in '10' second(s)

2021-11-18 11:34:02 - [MESSAGE][INFO] - Smart Wait Function is triggered

2021-11-18 11:34:03 - [MESSAGE][INFO] - Found 17 web elements with id: 'Object Repository/Butonlar/Butonlar' located by 'By.cssSelector: .panel.panel-default.text-center.footerPanel .btn,.btn.btn-primary.btnControls' in '10' second(s)

2021-11-18 11:34:03 - [MESSAGE][PASSED] - Method.TextDegerineEsitElementeTiklaEquals is PASSED

2021-11-18 11:34:03 - [MESSAGE][PASSED] - Call Test Case 'Test Cases/Butonlar/ButonaTikla' successfully

2021-11-18 11:34:03 - [MESSAGE][INFO] - Checking called Test Case

2021-11-18 11:34:03 - [MESSAGE][INFO] - Starting to call Test Case 'Test Cases/Butonlar/AltButonaTikla'

2021-11-18 11:34:03 - [TEST_CASE][PASSED] - Test Cases/Butonlar/AltButonaTikla: Test Cases/Butonlar/AltButonaTikla

2021-11-18 11:34:03 - [TEST_STEP][PASSED] - Method.TextDegerineEsitElementeTikla(findTestObject("Butonlar/AltButonlar"), Alt_Buton): Method.TextDegerineEsitElementeTikla is PASSED

2021-11-18 11:34:03 - [MESSAGE][INFO] - Finding Test Object 'Object Repository/Butonlar/AltButonlar'

2021-11-18 11:34:03 - [MESSAGE][INFO] - Checking timeout

2021-11-18 11:34:03 - [MESSAGE][INFO] - Finding web element with id: 'Object Repository/Butonlar/AltButonlar' located by 'By.cssSelector: .btn-group.open li>a' in '10' second(s)

2021-11-18 11:34:03 - [MESSAGE][INFO] - Smart Wait Function is triggered

2021-11-18 11:34:03 - [MESSAGE][INFO] - Found 2 web elements with id: 'Object Repository/Butonlar/AltButonlar' located by 'By.cssSelector: .btn-group.open li>a' in '10' second(s)

2021-11-18 11:34:04 - [MESSAGE][PASSED] - Method.TextDegerineEsitElementeTikla is PASSED

2021-11-18 11:34:04 - [MESSAGE][PASSED] - Call Test Case 'Test Cases/Butonlar/AltButonaTikla' successfully

2021-11-18 11:34:04 - [MESSAGE][INFO] - Checking called Test Case

2021-11-18 11:34:04 - [MESSAGE][INFO] - Starting to call Test Case 'Test Cases/Popup/PopupMesajiIceriyorMu'

2021-11-18 11:34:04 - [TEST_CASE][PASSED] - Test Cases/Popup/PopupMesajiIceriyorMu: Test Cases/Popup/PopupMesajiIceriyorMu

2021-11-18 11:34:04 - [TEST_STEP][PASSED] - waitForElementVisible(findTestObject("Popup/Popup"), 10): Object 'Object Repository/Popup/Popup' is visible

2021-11-18 11:34:04 - [MESSAGE][INFO] - Finding Test Object 'Object Repository/Popup/Popup'

2021-11-18 11:34:04 - [MESSAGE][INFO] - Checking object

2021-11-18 11:34:04 - [MESSAGE][INFO] - Checking timeout

2021-11-18 11:34:04 - [MESSAGE][INFO] - Finding web element from Test Object's properties

2021-11-18 11:34:04 - [MESSAGE][INFO] - Checking timeout

2021-11-18 11:34:04 - [MESSAGE][INFO] - Finding web element with id: 'Object Repository/Popup/Popup' located by 'By.cssSelector: .bootbox-body' in '10' second(s)

2021-11-18 11:34:04 - [MESSAGE][INFO] - Smart Wait Function is triggered

2021-11-18 11:34:04 - [MESSAGE][INFO] - Found 1 web elements with id: 'Object Repository/Popup/Popup' located by 'By.cssSelector: .bootbox-body' in '10' second(s)

2021-11-18 11:34:04 - [MESSAGE][PASSED] - Object 'Object Repository/Popup/Popup' is visible

2021-11-18 11:34:04 - [TEST_STEP][PASSED] - if (!(getText(findTestObject("Popup/Popup")).contains(Mesaj))): Text of object 'Object Repository/Popup/Popup' is: 'Lütfen rapor bildiriminin gönderileceği e-posta adresini belirtiniz.
e-Posta Adresi'

2021-11-18 11:34:04 - [MESSAGE][INFO] - Finding Test Object 'Object Repository/Popup/Popup'

2021-11-18 11:34:04 - [MESSAGE][INFO] - Checking object

2021-11-18 11:34:04 - [MESSAGE][INFO] - Finding web element from Test Object's properties

2021-11-18 11:34:04 - [MESSAGE][INFO] - Checking timeout

2021-11-18 11:34:04 - [MESSAGE][INFO] - Finding web element with id: 'Object Repository/Popup/Popup' located by 'By.cssSelector: .bootbox-body' in '30' second(s)

2021-11-18 11:34:04 - [MESSAGE][INFO] - Smart Wait Function is triggered

2021-11-18 11:34:05 - [MESSAGE][INFO] - Found 1 web elements with id: 'Object Repository/Popup/Popup' located by 'By.cssSelector: .bootbox-body' in '30' second(s)

2021-11-18 11:34:05 - [MESSAGE][INFO] - Getting text of object 'Object Repository/Popup/Popup'

2021-11-18 11:34:05 - [MESSAGE][PASSED] - Text of object 'Object Repository/Popup/Popup' is: 'Lütfen rapor bildiriminin gönderileceği e-posta adresini belirtiniz.
e-Posta Adresi'

2021-11-18 11:34:05 - [TEST_STEP][PASSED] - RaporNo = getText(findTestObject("Popup/Popup")).substring(0, 6): Text of object 'Object Repository/Popup/Popup' is: 'Lütfen rapor bildiriminin gönderileceği e-posta adresini belirtiniz.
e-Posta Adresi'

2021-11-18 11:34:05 - [MESSAGE][INFO] - Finding Test Object 'Object Repository/Popup/Popup'

2021-11-18 11:34:05 - [MESSAGE][INFO] - Checking object

2021-11-18 11:34:05 - [MESSAGE][INFO] - Finding web element from Test Object's properties

2021-11-18 11:34:05 - [MESSAGE][INFO] - Checking timeout

2021-11-18 11:34:05 - [MESSAGE][INFO] - Finding web element with id: 'Object Repository/Popup/Popup' located by 'By.cssSelector: .bootbox-body' in '30' second(s)

2021-11-18 11:34:05 - [MESSAGE][INFO] - Smart Wait Function is triggered

2021-11-18 11:34:05 - [MESSAGE][INFO] - Found 1 web elements with id: 'Object Repository/Popup/Popup' located by 'By.cssSelector: .bootbox-body' in '30' second(s)

2021-11-18 11:34:05 - [MESSAGE][INFO] - Getting text of object 'Object Repository/Popup/Popup'

2021-11-18 11:34:05 - [MESSAGE][PASSED] - Text of object 'Object Repository/Popup/Popup' is: 'Lütfen rapor bildiriminin gönderileceği e-posta adresini belirtiniz.
e-Posta Adresi'

2021-11-18 11:34:05 - [TEST_STEP][PASSED] - Console.println(RaporNo): null

2021-11-18 11:34:05 - [MESSAGE][PASSED] - Call Test Case 'Test Cases/Popup/PopupMesajiIceriyorMu' successfully

2021-11-18 11:34:05 - [MESSAGE][INFO] - Checking called Test Case

2021-11-18 11:34:05 - [MESSAGE][INFO] - Starting to call Test Case 'Test Cases/Popup/PopupaEmailEklenir'

2021-11-18 11:34:05 - [TEST_CASE][PASSED] - Test Cases/Popup/PopupaEmailEklenir: Test Cases/Popup/PopupaEmailEklenir

2021-11-18 11:34:05 - [TEST_STEP][PASSED] - clearText(findTestObject("Popup/EmailText")): Text of object 'Object Repository/Popup/EmailText' is cleared

2021-11-18 11:34:05 - [MESSAGE][INFO] - Finding Test Object 'Object Repository/Popup/EmailText'

2021-11-18 11:34:05 - [MESSAGE][INFO] - Checking object

2021-11-18 11:34:05 - [MESSAGE][INFO] - Finding web element from Test Object's properties

2021-11-18 11:34:05 - [MESSAGE][INFO] - Checking timeout

2021-11-18 11:34:05 - [MESSAGE][INFO] - Finding web element with id: 'Object Repository/Popup/EmailText' located by 'By.xpath: //*[@id="eMails"]' in '30' second(s)

2021-11-18 11:34:05 - [MESSAGE][INFO] - Smart Wait Function is triggered

2021-11-18 11:34:05 - [MESSAGE][INFO] - Found 1 web elements with id: 'Object Repository/Popup/EmailText' located by 'By.xpath: //*[@id="eMails"]' in '30' second(s)

2021-11-18 11:34:05 - [MESSAGE][INFO] - Clearing text of object 'Object Repository/Popup/EmailText'

2021-11-18 11:34:05 - [MESSAGE][PASSED] - Text of object 'Object Repository/Popup/EmailText' is cleared

2021-11-18 11:34:05 - [TEST_STEP][PASSED] - sendKeys(findTestObject("Popup/EmailText"), Email): Keys 'elogotest@gmail.com;ali.kara@logo.com.tr' sent to object: 'Object Repository/Popup/EmailText'

2021-11-18 11:34:05 - [MESSAGE][INFO] - Finding Test Object 'Object Repository/Popup/EmailText'

2021-11-18 11:34:05 - [MESSAGE][INFO] - Sending keys 'elogotest@gmail.com;ali.kara@logo.com.tr' to object: 'Object Repository/Popup/EmailText'

2021-11-18 11:34:05 - [MESSAGE][INFO] - Finding web element from Test Object's properties

2021-11-18 11:34:05 - [MESSAGE][INFO] - Checking timeout

2021-11-18 11:34:05 - [MESSAGE][INFO] - Finding web element with id: 'Object Repository/Popup/EmailText' located by 'By.xpath: //*[@id="eMails"]' in '30' second(s)

2021-11-18 11:34:05 - [MESSAGE][INFO] - Smart Wait Function is triggered

2021-11-18 11:34:06 - [MESSAGE][INFO] - Found 1 web elements with id: 'Object Repository/Popup/EmailText' located by 'By.xpath: //*[@id="eMails"]' in '30' second(s)

2021-11-18 11:34:06 - [MESSAGE][PASSED] - Keys 'elogotest@gmail.com;ali.kara@logo.com.tr' sent to object: 'Object Repository/Popup/EmailText'

2021-11-18 11:34:06 - [MESSAGE][PASSED] - Call Test Case 'Test Cases/Popup/PopupaEmailEklenir' successfully

2021-11-18 11:34:06 - [MESSAGE][INFO] - Checking called Test Case

2021-11-18 11:34:06 - [MESSAGE][INFO] - Starting to call Test Case 'Test Cases/Popup/PopupButonSecilir'

2021-11-18 11:34:06 - [TEST_CASE][PASSED] - Test Cases/Popup/PopupButonSecilir: Test Cases/Popup/PopupButonSecilir

2021-11-18 11:34:06 - [TEST_STEP][PASSED] - Method.TextDegerineEsitElementeTikla(findTestObject("Popup/Popup_Butons"), Buton): Method.TextDegerineEsitElementeTikla is PASSED

2021-11-18 11:34:06 - [MESSAGE][INFO] - Finding Test Object 'Object Repository/Popup/Popup_Butons'

2021-11-18 11:34:06 - [MESSAGE][INFO] - Checking timeout

2021-11-18 11:34:06 - [MESSAGE][INFO] - Finding web element with id: 'Object Repository/Popup/Popup_Butons' located by 'By.cssSelector: .modal-footer>button' in '10' second(s)

2021-11-18 11:34:06 - [MESSAGE][INFO] - Smart Wait Function is triggered

2021-11-18 11:34:06 - [MESSAGE][INFO] - Found 2 web elements with id: 'Object Repository/Popup/Popup_Butons' located by 'By.cssSelector: .modal-footer>button' in '10' second(s)

2021-11-18 11:34:06 - [MESSAGE][PASSED] - Method.TextDegerineEsitElementeTikla is PASSED

2021-11-18 11:34:06 - [MESSAGE][PASSED] - Call Test Case 'Test Cases/Popup/PopupButonSecilir' successfully

2021-11-18 11:34:06 - [MESSAGE][INFO] - Checking called Test Case

2021-11-18 11:34:06 - [MESSAGE][INFO] - Starting to call Test Case 'Test Cases/Popup/PopupMesajiIceriyorMu'

2021-11-18 11:34:06 - [TEST_CASE][PASSED] - Test Cases/Popup/PopupMesajiIceriyorMu: Test Cases/Popup/PopupMesajiIceriyorMu

2021-11-18 11:34:06 - [TEST_STEP][PASSED] - waitForElementVisible(findTestObject("Popup/Popup"), 10): Object 'Object Repository/Popup/Popup' is visible

2021-11-18 11:34:06 - [MESSAGE][INFO] - Finding Test Object 'Object Repository/Popup/Popup'

2021-11-18 11:34:06 - [MESSAGE][INFO] - Checking object

2021-11-18 11:34:06 - [MESSAGE][INFO] - Checking timeout

2021-11-18 11:34:06 - [MESSAGE][INFO] - Finding web element from Test Object's properties

2021-11-18 11:34:06 - [MESSAGE][INFO] - Checking timeout

2021-11-18 11:34:06 - [MESSAGE][INFO] - Finding web element with id: 'Object Repository/Popup/Popup' located by 'By.cssSelector: .bootbox-body' in '10' second(s)

2021-11-18 11:34:06 - [MESSAGE][INFO] - Smart Wait Function is triggered

2021-11-18 11:34:07 - [MESSAGE][INFO] - Found 1 web elements with id: 'Object Repository/Popup/Popup' located by 'By.cssSelector: .bootbox-body' in '10' second(s)

2021-11-18 11:34:07 - [MESSAGE][PASSED] - Object 'Object Repository/Popup/Popup' is visible

2021-11-18 11:34:07 - [TEST_STEP][PASSED] - if (!(getText(findTestObject("Popup/Popup")).contains(Mesaj))): Text of object 'Object Repository/Popup/Popup' is: '17361 no’lu talebiniz işleme alınmıştır. Raporunuz hazırlandığında (elogotest@gmail.com;ali.kara@logo.com.tr) adresinize mail gönderilecektir.
Rapor durumunuzu Raporlar > Toplu Veri İndirme ekranından takip edebilir, hazırlandı durumundaki raporlarınızı ilgili menüden indirebilirsiniz.'

2021-11-18 11:34:07 - [MESSAGE][INFO] - Finding Test Object 'Object Repository/Popup/Popup'

2021-11-18 11:34:07 - [MESSAGE][INFO] - Checking object

2021-11-18 11:34:07 - [MESSAGE][INFO] - Finding web element from Test Object's properties

2021-11-18 11:34:07 - [MESSAGE][INFO] - Checking timeout

2021-11-18 11:34:07 - [MESSAGE][INFO] - Finding web element with id: 'Object Repository/Popup/Popup' located by 'By.cssSelector: .bootbox-body' in '30' second(s)

2021-11-18 11:34:07 - [MESSAGE][INFO] - Smart Wait Function is triggered

2021-11-18 11:34:07 - [MESSAGE][INFO] - Found 1 web elements with id: 'Object Repository/Popup/Popup' located by 'By.cssSelector: .bootbox-body' in '30' second(s)

2021-11-18 11:34:07 - [MESSAGE][INFO] - Getting text of object 'Object Repository/Popup/Popup'

2021-11-18 11:34:07 - [MESSAGE][PASSED] - Text of object 'Object Repository/Popup/Popup' is: '17361 no’lu talebiniz işleme alınmıştır. Raporunuz hazırlandığında (elogotest@gmail.com;ali.kara@logo.com.tr) adresinize mail gönderilecektir.
Rapor durumunuzu Raporlar > Toplu Veri İndirme ekranından takip edebilir, hazırlandı durumundaki raporlarınızı ilgili menüden indirebilirsiniz.'

2021-11-18 11:34:07 - [TEST_STEP][PASSED] - RaporNo = getText(findTestObject("Popup/Popup")).substring(0, 6): Text of object 'Object Repository/Popup/Popup' is: '17361 no’lu talebiniz işleme alınmıştır. Raporunuz hazırlandığında (elogotest@gmail.com;ali.kara@logo.com.tr) adresinize mail gönderilecektir.
Rapor durumunuzu Raporlar > Toplu Veri İndirme ekranından takip edebilir, hazırlandı durumundaki raporlarınızı ilgili menüden indirebilirsiniz.'

2021-11-18 11:34:07 - [MESSAGE][INFO] - Finding Test Object 'Object Repository/Popup/Popup'

2021-11-18 11:34:07 - [MESSAGE][INFO] - Checking object

2021-11-18 11:34:07 - [MESSAGE][INFO] - Finding web element from Test Object's properties

2021-11-18 11:34:07 - [MESSAGE][INFO] - Checking timeout

2021-11-18 11:34:07 - [MESSAGE][INFO] - Finding web element with id: 'Object Repository/Popup/Popup' located by 'By.cssSelector: .bootbox-body' in '30' second(s)

2021-11-18 11:34:07 - [MESSAGE][INFO] - Smart Wait Function is triggered

2021-11-18 11:34:08 - [MESSAGE][INFO] - Found 1 web elements with id: 'Object Repository/Popup/Popup' located by 'By.cssSelector: .bootbox-body' in '30' second(s)

2021-11-18 11:34:08 - [MESSAGE][INFO] - Getting text of object 'Object Repository/Popup/Popup'

2021-11-18 11:34:08 - [MESSAGE][PASSED] - Text of object 'Object Repository/Popup/Popup' is: '17361 no’lu talebiniz işleme alınmıştır. Raporunuz hazırlandığında (elogotest@gmail.com;ali.kara@logo.com.tr) adresinize mail gönderilecektir.
Rapor durumunuzu Raporlar > Toplu Veri İndirme ekranından takip edebilir, hazırlandı durumundaki raporlarınızı ilgili menüden indirebilirsiniz.'

2021-11-18 11:34:08 - [TEST_STEP][PASSED] - Console.println(RaporNo): null

2021-11-18 11:34:08 - [MESSAGE][PASSED] - Call Test Case 'Test Cases/Popup/PopupMesajiIceriyorMu' successfully

2021-11-18 11:34:08 - [MESSAGE][INFO] - Checking called Test Case

2021-11-18 11:34:08 - [MESSAGE][INFO] - Starting to call Test Case 'Test Cases/Popup/PopupButonSecilir'

2021-11-18 11:34:08 - [TEST_CASE][PASSED] - Test Cases/Popup/PopupButonSecilir: Test Cases/Popup/PopupButonSecilir

2021-11-18 11:34:08 - [TEST_STEP][PASSED] - Method.TextDegerineEsitElementeTikla(findTestObject("Popup/Popup_Butons"), Buton): Method.TextDegerineEsitElementeTikla is PASSED

2021-11-18 11:34:08 - [MESSAGE][INFO] - Finding Test Object 'Object Repository/Popup/Popup_Butons'

2021-11-18 11:34:08 - [MESSAGE][INFO] - Checking timeout

2021-11-18 11:34:08 - [MESSAGE][INFO] - Finding web element with id: 'Object Repository/Popup/Popup_Butons' located by 'By.cssSelector: .modal-footer>button' in '10' second(s)

2021-11-18 11:34:08 - [MESSAGE][INFO] - Smart Wait Function is triggered

2021-11-18 11:34:08 - [MESSAGE][INFO] - Found 1 web elements with id: 'Object Repository/Popup/Popup_Butons' located by 'By.cssSelector: .modal-footer>button' in '10' second(s)

2021-11-18 11:34:08 - [MESSAGE][PASSED] - Method.TextDegerineEsitElementeTikla is PASSED

2021-11-18 11:34:08 - [MESSAGE][PASSED] - Call Test Case 'Test Cases/Popup/PopupButonSecilir' successfully

2021-11-18 11:34:08 - [MESSAGE][INFO] - Checking called Test Case

2021-11-18 11:34:08 - [MESSAGE][INFO] - Starting to call Test Case 'Test Cases/Menu/AnaMenuSecimi'

2021-11-18 11:34:08 - [TEST_CASE][PASSED] - Test Cases/Menu/AnaMenuSecimi: Test Cases/Menu/AnaMenuSecimi

2021-11-18 11:34:08 - [TEST_STEP][PASSED] - Method.TextDegerineEsitElementeTikla(findTestObject("Menu/Ana_Menu"), Ana_Menu): Method.TextDegerineEsitElementeTikla is PASSED

2021-11-18 11:34:08 - [MESSAGE][INFO] - Finding Test Object 'Object Repository/Menu/Ana_Menu'

2021-11-18 11:34:08 - [MESSAGE][INFO] - Checking timeout

2021-11-18 11:34:08 - [MESSAGE][INFO] - Finding web element with id: 'Object Repository/Menu/Ana_Menu' located by 'By.xpath: //*[@class = 'dropdown-toggle']' in '10' second(s)

2021-11-18 11:34:08 - [MESSAGE][INFO] - Smart Wait Function is triggered

2021-11-18 11:34:09 - [MESSAGE][INFO] - Found 14 web elements with id: 'Object Repository/Menu/Ana_Menu' located by 'By.xpath: //*[@class = 'dropdown-toggle']' in '10' second(s)

2021-11-18 11:34:09 - [MESSAGE][PASSED] - Method.TextDegerineEsitElementeTikla is PASSED

2021-11-18 11:34:09 - [MESSAGE][PASSED] - Call Test Case 'Test Cases/Menu/AnaMenuSecimi' successfully

2021-11-18 11:34:09 - [MESSAGE][INFO] - Checking called Test Case

2021-11-18 11:34:09 - [MESSAGE][INFO] - Starting to call Test Case 'Test Cases/Menu/AltMenuSecimi'

2021-11-18 11:34:09 - [TEST_CASE][PASSED] - Test Cases/Menu/AltMenuSecimi: Test Cases/Menu/AltMenuSecimi

2021-11-18 11:34:09 - [TEST_STEP][PASSED] - Method.TextDegerineEsitElementeTikla(findTestObject("Menu/Alt_Menu"), Alt_Menu): Method.TextDegerineEsitElementeTikla is PASSED

2021-11-18 11:34:09 - [MESSAGE][INFO] - Finding Test Object 'Object Repository/Menu/Alt_Menu'

2021-11-18 11:34:10 - [MESSAGE][INFO] - Checking timeout

2021-11-18 11:34:10 - [MESSAGE][INFO] - Finding web element with id: 'Object Repository/Menu/Alt_Menu' located by 'By.xpath: //li[@class='dropdown dropdown-large open']//li[@class='dropdown-element']' in '10' second(s)

2021-11-18 11:34:10 - [MESSAGE][INFO] - Smart Wait Function is triggered

2021-11-18 11:34:10 - [MESSAGE][INFO] - Found 9 web elements with id: 'Object Repository/Menu/Alt_Menu' located by 'By.xpath: //li[@class='dropdown dropdown-large open']//li[@class='dropdown-element']' in '10' second(s)

2021-11-18 11:34:11 - [MESSAGE][PASSED] - Method.TextDegerineEsitElementeTikla is PASSED

2021-11-18 11:34:11 - [MESSAGE][PASSED] - Call Test Case 'Test Cases/Menu/AltMenuSecimi' successfully

2021-11-18 11:34:11 - [MESSAGE][INFO] - Checking called Test Case

2021-11-18 11:34:11 - [MESSAGE][INFO] - Starting to call Test Case 'Test Cases/Filtreler/RaporNoYaz'

2021-11-18 11:34:11 - [TEST_CASE][PASSED] - Test Cases/Filtreler/RaporNoYaz: Test Cases/Filtreler/RaporNoYaz

2021-11-18 11:34:11 - [TEST_STEP][PASSED] - Method.TextDegerineEsitElementinAltindakiTextboxtaYaz(findTestObject("Filtreler/Basliklar"), findTestObject("Filtreler/Basliga_Gore_Textbox"), "Talep No", RaporNo): Method.TextDegerineEsitElementinAltindakiTextboxtaYaz is PASSED

2021-11-18 11:34:11 - [MESSAGE][INFO] - Finding Test Object 'Object Repository/Filtreler/Basliklar'

2021-11-18 11:34:11 - [MESSAGE][INFO] - Finding Test Object 'Object Repository/Filtreler/Basliga_Gore_Textbox'

2021-11-18 11:34:11 - [MESSAGE][INFO] - Checking timeout

2021-11-18 11:34:11 - [MESSAGE][INFO] - Finding web element with id: 'Object Repository/Filtreler/Basliklar' located by 'By.cssSelector: .control-label.col-sm-4.paddingMarginRLC' in '10' second(s)

2021-11-18 11:34:11 - [MESSAGE][INFO] - Smart Wait Function is triggered

2021-11-18 11:34:11 - [MESSAGE][INFO] - Found 8 web elements with id: 'Object Repository/Filtreler/Basliklar' located by 'By.cssSelector: .control-label.col-sm-4.paddingMarginRLC' in '10' second(s)

2021-11-18 11:34:11 - [MESSAGE][INFO] - Smart Wait Function is triggered

2021-11-18 11:34:12 - [MESSAGE][PASSED] - Method.TextDegerineEsitElementinAltindakiTextboxtaYaz is PASSED

2021-11-18 11:34:12 - [MESSAGE][PASSED] - Call Test Case 'Test Cases/Filtreler/RaporNoYaz' successfully

2021-11-18 11:34:12 - [MESSAGE][INFO] - Checking called Test Case

2021-11-18 11:34:12 - [MESSAGE][INFO] - Starting to call Test Case 'Test Cases/Filtreler/ButonaTikla'

2021-11-18 11:34:12 - [TEST_CASE][PASSED] - Test Cases/Filtreler/ButonaTikla: Test Cases/Filtreler/ButonaTikla

2021-11-18 11:34:12 - [TEST_STEP][PASSED] - Method.TextDegerineEsitElementeTikla(findTestObject("Filtreler/Butonlar"), Filtre_Buton): Method.TextDegerineEsitElementeTikla is PASSED

2021-11-18 11:34:12 - [MESSAGE][INFO] - Finding Test Object 'Object Repository/Filtreler/Butonlar'

2021-11-18 11:34:12 - [MESSAGE][INFO] - Checking timeout

2021-11-18 11:34:12 - [MESSAGE][INFO] - Finding web element with id: 'Object Repository/Filtreler/Butonlar' located by 'By.cssSelector: .dxb>span' in '10' second(s)

2021-11-18 11:34:12 - [MESSAGE][INFO] - Smart Wait Function is triggered

2021-11-18 11:34:12 - [MESSAGE][INFO] - Found 2 web elements with id: 'Object Repository/Filtreler/Butonlar' located by 'By.cssSelector: .dxb>span' in '10' second(s)

2021-11-18 11:34:12 - [MESSAGE][PASSED] - Method.TextDegerineEsitElementeTikla is PASSED

2021-11-18 11:34:12 - [MESSAGE][PASSED] - Call Test Case 'Test Cases/Filtreler/ButonaTikla' successfully

2021-11-18 11:34:12 - [MESSAGE][INFO] - Checking called Test Case

2021-11-18 11:34:12 - [MESSAGE][INFO] - Starting to call Test Case 'Test Cases/Tablo/TablodaVeriVarMi'

2021-11-18 11:34:12 - [TEST_CASE][PASSED] - Test Cases/Tablo/TablodaVeriVarMi: Test Cases/Tablo/TablodaVeriVarMi

2021-11-18 11:34:12 - [TEST_STEP][PASSED] - verifyTextNotPresent("Görüntülenecek veri yok", true): Text 'Görüntülenecek veri yok' is not present on page using regular expression

2021-11-18 11:34:12 - [MESSAGE][INFO] - Checking text present  using regular expression

2021-11-18 11:34:12 - [MESSAGE][INFO] - Smart Wait Function is triggered

2021-11-18 11:34:13 - [MESSAGE][INFO] - Finding text 'Görüntülenecek veri yok' on page  using regular expression

2021-11-18 11:34:13 - [MESSAGE][PASSED] - Text 'Görüntülenecek veri yok' is not present on page using regular expression

2021-11-18 11:34:13 - [MESSAGE][PASSED] - Call Test Case 'Test Cases/Tablo/TablodaVeriVarMi' successfully

2021-11-18 11:34:13 - [MESSAGE][INFO] - Checking called Test Case

2021-11-18 11:34:13 - [MESSAGE][INFO] - Starting to call Test Case 'Test Cases/Kullanici_Islemleri/KullaniciIslemlerindenSecimYapilir'

2021-11-18 11:34:13 - [TEST_CASE][PASSED] - Test Cases/Kullanici_Islemleri/KullaniciIslemlerindenSecimYapilir: Test Cases/Kullanici_Islemleri/KullaniciIslemlerindenSecimYapilir

2021-11-18 11:34:13 - [TEST_STEP][PASSED] - waitForElementClickable(findTestObject("Object Repository/Kullanici_Islemleri/KullaniciIslemleri"), 10): Object 'Object Repository/Kullanici_Islemleri/KullaniciIslemleri' is clickable

2021-11-18 11:34:13 - [MESSAGE][INFO] - Finding Test Object 'Object Repository/Kullanici_Islemleri/KullaniciIslemleri'

2021-11-18 11:34:13 - [MESSAGE][INFO] - Checking object

2021-11-18 11:34:13 - [MESSAGE][INFO] - Checking timeout

2021-11-18 11:34:13 - [MESSAGE][INFO] - Finding web element from Test Object's properties

2021-11-18 11:34:13 - [MESSAGE][INFO] - Checking timeout

2021-11-18 11:34:13 - [MESSAGE][INFO] - Finding web element with id: 'Object Repository/Kullanici_Islemleri/KullaniciIslemleri' located by 'By.cssSelector: .dropdown>a>img' in '10' second(s)

2021-11-18 11:34:13 - [MESSAGE][INFO] - Smart Wait Function is triggered

2021-11-18 11:34:13 - [MESSAGE][INFO] - Found 1 web elements with id: 'Object Repository/Kullanici_Islemleri/KullaniciIslemleri' located by 'By.cssSelector: .dropdown>a>img' in '10' second(s)

2021-11-18 11:34:13 - [MESSAGE][PASSED] - Object 'Object Repository/Kullanici_Islemleri/KullaniciIslemleri' is clickable

2021-11-18 11:34:13 - [TEST_STEP][PASSED] - click(findTestObject("Object Repository/Kullanici_Islemleri/KullaniciIslemleri")): Object: 'Object Repository/Kullanici_Islemleri/KullaniciIslemleri' is clicked on

2021-11-18 11:34:13 - [MESSAGE][INFO] - Finding Test Object 'Object Repository/Kullanici_Islemleri/KullaniciIslemleri'

2021-11-18 11:34:13 - [MESSAGE][INFO] - Checking object

2021-11-18 11:34:13 - [MESSAGE][INFO] - Finding web element from Test Object's properties

2021-11-18 11:34:13 - [MESSAGE][INFO] - Checking timeout

2021-11-18 11:34:13 - [MESSAGE][INFO] - Finding web element with id: 'Object Repository/Kullanici_Islemleri/KullaniciIslemleri' located by 'By.cssSelector: .dropdown>a>img' in '30' second(s)

2021-11-18 11:34:13 - [MESSAGE][INFO] - Smart Wait Function is triggered

2021-11-18 11:34:14 - [MESSAGE][INFO] - Found 1 web elements with id: 'Object Repository/Kullanici_Islemleri/KullaniciIslemleri' located by 'By.cssSelector: .dropdown>a>img' in '30' second(s)

2021-11-18 11:34:14 - [MESSAGE][INFO] - Clicking on object: 'Object Repository/Kullanici_Islemleri/KullaniciIslemleri'

2021-11-18 11:34:14 - [MESSAGE][PASSED] - Object: 'Object Repository/Kullanici_Islemleri/KullaniciIslemleri' is clicked on

2021-11-18 11:34:14 - [TEST_STEP][PASSED] - Method.TextDegerineEsitElementeTikla(findTestObject("Object Repository/Kullanici_Islemleri/Secenekler"), Islem): Method.TextDegerineEsitElementeTikla is PASSED

2021-11-18 11:34:14 - [MESSAGE][INFO] - Finding Test Object 'Object Repository/Kullanici_Islemleri/Secenekler'

2021-11-18 11:34:14 - [MESSAGE][INFO] - Checking timeout

2021-11-18 11:34:14 - [MESSAGE][INFO] - Finding web element with id: 'Object Repository/Kullanici_Islemleri/Secenekler' located by 'By.cssSelector: .nav.navbar-nav.navbar-right li a' in '10' second(s)

2021-11-18 11:34:14 - [MESSAGE][INFO] - Smart Wait Function is triggered

2021-11-18 11:34:14 - [MESSAGE][INFO] - Found 22 web elements with id: 'Object Repository/Kullanici_Islemleri/Secenekler' located by 'By.cssSelector: .nav.navbar-nav.navbar-right li a' in '10' second(s)

2021-11-18 11:34:16 - [MESSAGE][PASSED] - Method.TextDegerineEsitElementeTikla is PASSED

2021-11-18 11:34:16 - [TEST_STEP][PASSED] - verifyElementNotPresent(findTestObject("Object Repository/Kullanici_Islemleri/Secenekler"), 10): Web element with id: 'Object Repository/Kullanici_Islemleri/Secenekler' located by 'By.cssSelector: .nav.navbar-nav.navbar-right li a' is not present after '10' second(s)

2021-11-18 11:34:16 - [MESSAGE][INFO] - Finding Test Object 'Object Repository/Kullanici_Islemleri/Secenekler'

2021-11-18 11:34:16 - [MESSAGE][INFO] - Checking object

2021-11-18 11:34:16 - [MESSAGE][INFO] - Checking timeout

2021-11-18 11:34:16 - [MESSAGE][INFO] - Finding web element with id: 'Object Repository/Kullanici_Islemleri/Secenekler' located by 'By.cssSelector: .nav.navbar-nav.navbar-right li a' in '10' second(s)

2021-11-18 11:34:16 - [MESSAGE][INFO] - Smart Wait Function is triggered

2021-11-18 11:34:16 - [MESSAGE][PASSED] - Web element with id: 'Object Repository/Kullanici_Islemleri/Secenekler' located by 'By.cssSelector: .nav.navbar-nav.navbar-right li a' is not present after '10' second(s)

2021-11-18 11:34:16 - [MESSAGE][PASSED] - Call Test Case 'Test Cases/Kullanici_Islemleri/KullaniciIslemlerindenSecimYapilir' successfully

2021-11-18 11:34:16 - [TEST_CASE][PASSED] - Start Test Case : SCENARIO Faturayi excele aktarma: SCENARIO Faturayi excele aktarma

2021-11-18 11:34:16 - [TEST_STEP][PASSED] - Kullanıcı adı ELOGO6 ve Şifre 123456 olarak giriş yapılır: Kullanıcı adı ELOGO6 ve Şifre 123456 olarak giriş yapılır

2021-11-18 11:34:16 - [MESSAGE][PASSED] - Kullanıcı adı ELOGO6 ve Şifre 123456 olarak giriş yapılır

2021-11-18 11:34:16 - [TEST_STEP][PASSED] - Ana menüden e-Fatura seçilir: Ana menüden e-Fatura seçilir

2021-11-18 11:34:16 - [MESSAGE][PASSED] - Ana menüden e-Fatura seçilir

2021-11-18 11:34:16 - [TEST_STEP][PASSED] - Alt menü Giden Kutusu başlığı altındaki Faturalar seçilir: Alt menü Giden Kutusu başlığı altındaki Faturalar seçilir

2021-11-18 11:34:16 - [MESSAGE][PASSED] - Alt menü Giden Kutusu başlığı altındaki Faturalar seçilir

2021-11-18 11:34:16 - [TEST_STEP][PASSED] - Filtrelerden Oluşturma Tarihi filtresine 01.12.2020 baslangic degerini yaz: Filtrelerden Oluşturma Tarihi filtresine 01.12.2020 baslangic degerini yaz

2021-11-18 11:34:16 - [MESSAGE][PASSED] - Filtrelerden Oluşturma Tarihi filtresine 01.12.2020 baslangic degerini yaz

2021-11-18 11:34:16 - [TEST_STEP][PASSED] - Filtrelerden Oluşturma Tarihi filtresine 31.12.2020 bitis degerini yaz: Filtrelerden Oluşturma Tarihi filtresine 31.12.2020 bitis degerini yaz

2021-11-18 11:34:16 - [MESSAGE][PASSED] - Filtrelerden Oluşturma Tarihi filtresine 31.12.2020 bitis degerini yaz

2021-11-18 11:34:16 - [TEST_STEP][PASSED] - Filtrelerden Alıcı Ünvanı filtresine TEST textini yaz: Filtrelerden Alıcı Ünvanı filtresine TEST textini yaz

2021-11-18 11:34:16 - [MESSAGE][PASSED] - Filtrelerden Alıcı Ünvanı filtresine TEST textini yaz

2021-11-18 11:34:16 - [TEST_STEP][PASSED] - Filtre butonlarından Listele seçilir: Filtre butonlarından Listele seçilir

2021-11-18 11:34:16 - [MESSAGE][PASSED] - Filtre butonlarından Listele seçilir

2021-11-18 11:34:16 - [TEST_STEP][PASSED] - Tabloda veri var mı kontrol edilir: Tabloda veri var mı kontrol edilir

2021-11-18 11:34:16 - [MESSAGE][PASSED] - Tabloda veri var mı kontrol edilir

2021-11-18 11:34:16 - [TEST_STEP][PASSED] - Tablodan TEST isimli veri seçilir: Tablodan TEST isimli veri seçilir

2021-11-18 11:34:16 - [MESSAGE][PASSED] - Tablodan TEST isimli veri seçilir

2021-11-18 11:34:16 - [TEST_STEP][PASSED] - Butonlardan Excel isimli butona tıklanır: Butonlardan Excel isimli butona tıklanır

2021-11-18 11:34:16 - [MESSAGE][PASSED] - Butonlardan Excel isimli butona tıklanır

2021-11-18 11:34:16 - [TEST_STEP][PASSED] - Alt butonlardan Excel'e Aktar butonuna tıklanır: Alt butonlardan Excel'e Aktar butonuna tıklanır

2021-11-18 11:34:16 - [MESSAGE][PASSED] - Alt butonlardan Excel'e Aktar butonuna tıklanır

2021-11-18 11:34:16 - [TEST_STEP][PASSED] - Popup mesajı Lütfen rapor bildiriminin gönderileceği e-posta adresini belirtiniz. içeriyor mu: Popup mesajı Lütfen rapor bildiriminin gönderileceği e-posta adresini belirtiniz. içeriyor mu

2021-11-18 11:34:16 - [MESSAGE][PASSED] - Popup mesajı Lütfen rapor bildiriminin gönderileceği e-posta adresini belirtiniz. içeriyor mu

2021-11-18 11:34:16 - [TEST_STEP][PASSED] - Popup email elogotest@gmail.com;ali.kara@logo.com.tr olarak girilir: Popup email elogotest@gmail.com;ali.kara@logo.com.tr olarak girilir

2021-11-18 11:34:16 - [MESSAGE][PASSED] - Popup email elogotest@gmail.com;ali.kara@logo.com.tr olarak girilir

2021-11-18 11:34:16 - [TEST_STEP][PASSED] - Yönetim popupında Gönder seçilir: Yönetim popupında Gönder seçilir

2021-11-18 11:34:16 - [MESSAGE][PASSED] - Yönetim popupında Gönder seçilir

2021-11-18 11:34:16 - [TEST_STEP][PASSED] - Popup mesajı talebiniz işleme alınmıştır içeriyor mu: Popup mesajı talebiniz işleme alınmıştır içeriyor mu

2021-11-18 11:34:16 - [MESSAGE][PASSED] - Popup mesajı talebiniz işleme alınmıştır içeriyor mu

2021-11-18 11:34:16 - [TEST_STEP][PASSED] - Yönetim popupında Tamam seçilir: Yönetim popupında Tamam seçilir

2021-11-18 11:34:16 - [MESSAGE][PASSED] - Yönetim popupında Tamam seçilir

2021-11-18 11:34:16 - [TEST_STEP][PASSED] - Butonlardan Excel isimli butona tıklanır: Butonlardan Excel isimli butona tıklanır

2021-11-18 11:34:16 - [MESSAGE][PASSED] - Butonlardan Excel isimli butona tıklanır

2021-11-18 11:34:16 - [TEST_STEP][PASSED] - Alt butonlardan Tümünü Excel'e Aktar butonuna tıklanır: Alt butonlardan Tümünü Excel'e Aktar butonuna tıklanır

2021-11-18 11:34:16 - [MESSAGE][PASSED] - Alt butonlardan Tümünü Excel'e Aktar butonuna tıklanır

2021-11-18 11:34:16 - [TEST_STEP][PASSED] - Popup mesajı Lütfen rapor bildiriminin gönderileceği e-posta adresini belirtiniz. içeriyor mu: Popup mesajı Lütfen rapor bildiriminin gönderileceği e-posta adresini belirtiniz. içeriyor mu

2021-11-18 11:34:16 - [MESSAGE][PASSED] - Popup mesajı Lütfen rapor bildiriminin gönderileceği e-posta adresini belirtiniz. içeriyor mu

2021-11-18 11:34:16 - [TEST_STEP][PASSED] - Popup email elogotest@gmail.com;ali.kara@logo.com.tr olarak girilir: Popup email elogotest@gmail.com;ali.kara@logo.com.tr olarak girilir

2021-11-18 11:34:16 - [MESSAGE][PASSED] - Popup email elogotest@gmail.com;ali.kara@logo.com.tr olarak girilir

2021-11-18 11:34:16 - [TEST_STEP][PASSED] - Yönetim popupında Gönder seçilir: Yönetim popupında Gönder seçilir

2021-11-18 11:34:16 - [MESSAGE][PASSED] - Yönetim popupında Gönder seçilir

2021-11-18 11:34:16 - [TEST_STEP][PASSED] - Popup mesajı talebiniz işleme alınmıştır içeriyor mu: Popup mesajı talebiniz işleme alınmıştır içeriyor mu

2021-11-18 11:34:16 - [MESSAGE][PASSED] - Popup mesajı talebiniz işleme alınmıştır içeriyor mu

2021-11-18 11:34:16 - [TEST_STEP][PASSED] - Yönetim popupında Tamam seçilir: Yönetim popupında Tamam seçilir

2021-11-18 11:34:16 - [MESSAGE][PASSED] - Yönetim popupında Tamam seçilir

2021-11-18 11:34:16 - [TEST_STEP][PASSED] - Ana menüden Raporlar seçilir: Ana menüden Raporlar seçilir

2021-11-18 11:34:16 - [MESSAGE][PASSED] - Ana menüden Raporlar seçilir

2021-11-18 11:34:16 - [TEST_STEP][PASSED] - Alt menüden Toplu Veri İndirme seçilir: Alt menüden Toplu Veri İndirme seçilir

2021-11-18 11:34:16 - [MESSAGE][PASSED] - Alt menüden Toplu Veri İndirme seçilir

2021-11-18 11:34:16 - [TEST_STEP][PASSED] - Filtrelerden Talep No filtresine Rapor No bilgisi yaz: Filtrelerden Talep No filtresine Rapor No bilgisi yaz

2021-11-18 11:34:16 - [MESSAGE][PASSED] - Filtrelerden Talep No filtresine Rapor No bilgisi yaz

2021-11-18 11:34:16 - [TEST_STEP][PASSED] - Filtre butonlarından Listele seçilir: Filtre butonlarından Listele seçilir

2021-11-18 11:34:16 - [MESSAGE][PASSED] - Filtre butonlarından Listele seçilir

2021-11-18 11:34:16 - [TEST_STEP][PASSED] - Tabloda veri var mı kontrol edilir: Tabloda veri var mı kontrol edilir

2021-11-18 11:34:16 - [MESSAGE][PASSED] - Tabloda veri var mı kontrol edilir

2021-11-18 11:34:16 - [TEST_STEP][PASSED] - Kullanıcı işlemlerinden Çıkış seçilir: Kullanıcı işlemlerinden Çıkış seçilir

2021-11-18 11:34:16 - [MESSAGE][PASSED] - Kullanıcı işlemlerinden Çıkış seçilir

2021-11-18 11:34:16 - [MESSAGE][PASSED] - Feature file: 'Include/features/e-Fatura/Giden Kutusu/Faturalar/Excele Aktar.feature' was passed

2021-11-18 11:34:16 - [TEST_STEP][PASSED] - Start listener action : sampleAfterTestSuite: Invoke 'com.kms.katalon.core.annotation.AfterTestCase' method: 'Listener.sampleAfterTestSuite(...)' completed.

2021-11-18 11:34:16 - [MESSAGE][INFO] - Starting invoke 'com.kms.katalon.core.annotation.AfterTestCase' method: 'Listener.sampleAfterTestSuite(...)'

2021-11-18 11:34:16 - [TEST_STEP][PASSED] - closeBrowser(): Invoke 'com.kms.katalon.core.annotation.AfterTestCase' method: 'Listener.sampleAfterTestSuite(...)' completed.

2021-11-18 11:34:16 - [MESSAGE][INFO] - Closing browser

2021-11-18 11:34:17 - [MESSAGE][PASSED] - Browser is closed

2021-11-18 11:34:17 - [MESSAGE][INFO] - Invoke 'com.kms.katalon.core.annotation.AfterTestCase' method: 'Listener.sampleAfterTestSuite(...)' completed.]]></system-out>
         <system-err><![CDATA[]]></system-err>
      </testcase>
      <testcase name="Test Cases/Case Repository/e-Fatura/Giden Kutusu/Faturalar/Toplu Indirme" time="68.334" classname="Test Cases/Case Repository/e-Fatura/Giden Kutusu/Faturalar/Toplu Indirme" status="PASSED">
         <system-out><![CDATA[2021-11-18 11:34:17 - [TEST_CASE][PASSED] - Test Cases/Case Repository/e-Fatura/Giden Kutusu/Faturalar/Toplu Indirme: Test Cases/Case Repository/e-Fatura/Giden Kutusu/Faturalar/Toplu Indirme

2021-11-18 11:34:17 - [TEST_STEP][PASSED] - Start listener action : sampleBeforeTestSuite: Invoke 'com.kms.katalon.core.annotation.BeforeTestCase' method: 'Listener.sampleBeforeTestSuite(...)' completed.

2021-11-18 11:34:17 - [MESSAGE][INFO] - Starting invoke 'com.kms.katalon.core.annotation.BeforeTestCase' method: 'Listener.sampleBeforeTestSuite(...)'

2021-11-18 11:34:17 - [TEST_STEP][PASSED] - openBrowser(baseUrl): Browser is opened with url: 'https://efatura-stage.elogo.com.tr/'

2021-11-18 11:34:17 - [MESSAGE][INFO] - Opening browser

2021-11-18 11:34:17 - [MESSAGE][INFO] - Starting 'Chrome' driver

2021-11-18 11:34:17 - [MESSAGE][INFO] - User set preference: ['prefs', '{download.default_directory=C:\otomasyondownfiles}']

2021-11-18 11:34:17 - [MESSAGE][INFO] - Action delay is set to 0 milliseconds

2021-11-18 11:34:18 - [MESSAGE][INFO] - Navigating browser to: 'https://efatura-stage.elogo.com.tr/'

2021-11-18 11:34:21 - [MESSAGE][PASSED] - Browser is opened with url: 'https://efatura-stage.elogo.com.tr/'

2021-11-18 11:34:21 - [TEST_STEP][PASSED] - maximizeWindow(): Invoke 'com.kms.katalon.core.annotation.BeforeTestCase' method: 'Listener.sampleBeforeTestSuite(...)' completed.

2021-11-18 11:34:21 - [MESSAGE][INFO] - Maximizing current window

2021-11-18 11:34:22 - [MESSAGE][PASSED] - Current window maximized

2021-11-18 11:34:22 - [MESSAGE][INFO] - Invoke 'com.kms.katalon.core.annotation.BeforeTestCase' method: 'Listener.sampleBeforeTestSuite(...)' completed.

2021-11-18 11:34:22 - [TEST_STEP][PASSED] - runFeatureFile("Include/features/e-Fatura/Giden Kutusu/Faturalar/Toplu Indirme.feature"): Feature file: 'Include/features/e-Fatura/Giden Kutusu/Faturalar/Toplu Indirme.feature' was passed

2021-11-18 11:34:22 - [MESSAGE][INFO] - Starting run keyword runFeatureFile: 'Include/features/e-Fatura/Giden Kutusu/Faturalar/Toplu Indirme.feature' and extract report to folder: 'C:\Users\DELL\Documents\GitHub\EES_KatalonLogo\Reports\20211118_110909\Suite Repository\ExceleAktarVeTopluIndirme\20211118_110948/cucumber_report/1637224462435'...

2021-11-18 11:34:22 - [MESSAGE][INFO] - Glue: []

2021-11-18 11:34:24 - [MESSAGE][INFO] - Checking called Test Case

2021-11-18 11:34:24 - [MESSAGE][INFO] - Starting to call Test Case 'Test Cases/Sayfalar/Giris_Sayfasi/Login'

2021-11-18 11:34:24 - [TEST_CASE][PASSED] - Test Cases/Sayfalar/Giris_Sayfasi/Login: Test Cases/Sayfalar/Giris_Sayfasi/Login

2021-11-18 11:34:24 - [TEST_STEP][PASSED] - Sayfa_Basligi = getWindowTitle(): Current window's title is: 'LOGO e-Fatura'

2021-11-18 11:34:24 - [MESSAGE][INFO] - Getting current window's title

2021-11-18 11:34:24 - [MESSAGE][PASSED] - Current window's title is: 'LOGO e-Fatura'

2021-11-18 11:34:24 - [TEST_STEP][PASSED] - verifyMatch(Sayfa_Basligi, "LOGO e-Fatura", false): Actual text 'LOGO e-Fatura' and expected text 'LOGO e-Fatura' are matched 

2021-11-18 11:34:24 - [MESSAGE][INFO] - Matching actual text 'LOGO e-Fatura' with expected text 'LOGO e-Fatura'

2021-11-18 11:34:24 - [MESSAGE][PASSED] - Actual text 'LOGO e-Fatura' and expected text 'LOGO e-Fatura' are matched 

2021-11-18 11:34:24 - [TEST_STEP][PASSED] - sendKeys(findTestObject("Sayfalar/Giris_Sayfasi/Firma_Kodu"), KullaniciAdi): Keys 'ELOGO6' sent to object: 'Object Repository/Sayfalar/Giris_Sayfasi/Firma_Kodu'

2021-11-18 11:34:24 - [MESSAGE][INFO] - Finding Test Object 'Object Repository/Sayfalar/Giris_Sayfasi/Firma_Kodu'

2021-11-18 11:34:24 - [MESSAGE][INFO] - Sending keys 'ELOGO6' to object: 'Object Repository/Sayfalar/Giris_Sayfasi/Firma_Kodu'

2021-11-18 11:34:24 - [MESSAGE][INFO] - Finding web element from Test Object's properties

2021-11-18 11:34:24 - [MESSAGE][INFO] - Checking timeout

2021-11-18 11:34:24 - [MESSAGE][INFO] - Finding web element with id: 'Object Repository/Sayfalar/Giris_Sayfasi/Firma_Kodu' located by 'By.xpath: //*[@id = 'AccountName']' in '30' second(s)

2021-11-18 11:34:24 - [MESSAGE][INFO] - Smart Wait Function is triggered

2021-11-18 11:34:24 - [MESSAGE][INFO] - Found 1 web elements with id: 'Object Repository/Sayfalar/Giris_Sayfasi/Firma_Kodu' located by 'By.xpath: //*[@id = 'AccountName']' in '30' second(s)

2021-11-18 11:34:24 - [MESSAGE][PASSED] - Keys 'ELOGO6' sent to object: 'Object Repository/Sayfalar/Giris_Sayfasi/Firma_Kodu'

2021-11-18 11:34:24 - [TEST_STEP][PASSED] - sendKeys(findTestObject("Sayfalar/Giris_Sayfasi/Sifre"), Sifre): Keys '123456' sent to object: 'Object Repository/Sayfalar/Giris_Sayfasi/Sifre'

2021-11-18 11:34:24 - [MESSAGE][INFO] - Finding Test Object 'Object Repository/Sayfalar/Giris_Sayfasi/Sifre'

2021-11-18 11:34:24 - [MESSAGE][INFO] - Sending keys '123456' to object: 'Object Repository/Sayfalar/Giris_Sayfasi/Sifre'

2021-11-18 11:34:24 - [MESSAGE][INFO] - Finding web element from Test Object's properties

2021-11-18 11:34:24 - [MESSAGE][INFO] - Checking timeout

2021-11-18 11:34:24 - [MESSAGE][INFO] - Finding web element with id: 'Object Repository/Sayfalar/Giris_Sayfasi/Sifre' located by 'By.xpath: //*[@id = 'Password']' in '30' second(s)

2021-11-18 11:34:24 - [MESSAGE][INFO] - Smart Wait Function is triggered

2021-11-18 11:34:24 - [MESSAGE][INFO] - Found 1 web elements with id: 'Object Repository/Sayfalar/Giris_Sayfasi/Sifre' located by 'By.xpath: //*[@id = 'Password']' in '30' second(s)

2021-11-18 11:34:25 - [MESSAGE][PASSED] - Keys '123456' sent to object: 'Object Repository/Sayfalar/Giris_Sayfasi/Sifre'

2021-11-18 11:34:25 - [TEST_STEP][PASSED] - findWebElement(findTestObject("Sayfalar/Giris_Sayfasi/Giris_Butonu")).click(): Found 1 web elements with id: 'Object Repository/Sayfalar/Giris_Sayfasi/Giris_Butonu' located by 'By.cssSelector: #btnLogin' in '30' second(s)

2021-11-18 11:34:25 - [MESSAGE][INFO] - Finding Test Object 'Object Repository/Sayfalar/Giris_Sayfasi/Giris_Butonu'

2021-11-18 11:34:25 - [MESSAGE][INFO] - Finding web element from Test Object's properties

2021-11-18 11:34:25 - [MESSAGE][INFO] - Checking timeout

2021-11-18 11:34:25 - [MESSAGE][INFO] - Finding web element with id: 'Object Repository/Sayfalar/Giris_Sayfasi/Giris_Butonu' located by 'By.cssSelector: #btnLogin' in '30' second(s)

2021-11-18 11:34:25 - [MESSAGE][INFO] - Smart Wait Function is triggered

2021-11-18 11:34:25 - [MESSAGE][INFO] - Found 1 web elements with id: 'Object Repository/Sayfalar/Giris_Sayfasi/Giris_Butonu' located by 'By.cssSelector: #btnLogin' in '30' second(s)

2021-11-18 11:34:27 - [TEST_STEP][PASSED] - if (verifyElementPresent(findTestObject("Object Repository/Sayfalar/Giris_Sayfasi/RetveTamam_Butonu"), 5, OPTIONAL)): null

2021-11-18 11:34:27 - [MESSAGE][INFO] - Finding Test Object 'Object Repository/Sayfalar/Giris_Sayfasi/RetveTamam_Butonu'

2021-11-18 11:34:27 - [MESSAGE][INFO] - Checking object

2021-11-18 11:34:27 - [MESSAGE][INFO] - Finding web element from Test Object's properties

2021-11-18 11:34:27 - [MESSAGE][INFO] - Checking timeout

2021-11-18 11:34:27 - [MESSAGE][INFO] - Finding web element with id: 'Object Repository/Sayfalar/Giris_Sayfasi/RetveTamam_Butonu' located by 'By.xpath: //*[@class = 'btn btn-default']' in '5' second(s)

2021-11-18 11:34:27 - [MESSAGE][INFO] - Smart Wait Function is triggered

2021-11-18 11:34:28 - [MESSAGE][INFO] - Found 1 web elements with id: 'Object Repository/Sayfalar/Giris_Sayfasi/RetveTamam_Butonu' located by 'By.xpath: //*[@class = 'btn btn-default']' in '5' second(s)

2021-11-18 11:34:28 - [MESSAGE][PASSED] - Object 'Object Repository/Sayfalar/Giris_Sayfasi/RetveTamam_Butonu' is present

2021-11-18 11:34:28 - [TEST_STEP][PASSED] - click(findTestObject("Object Repository/Sayfalar/Giris_Sayfasi/RetveTamam_Butonu")): Object: 'Object Repository/Sayfalar/Giris_Sayfasi/RetveTamam_Butonu' is clicked on

2021-11-18 11:34:28 - [MESSAGE][INFO] - Finding Test Object 'Object Repository/Sayfalar/Giris_Sayfasi/RetveTamam_Butonu'

2021-11-18 11:34:28 - [MESSAGE][INFO] - Checking object

2021-11-18 11:34:28 - [MESSAGE][INFO] - Finding web element from Test Object's properties

2021-11-18 11:34:28 - [MESSAGE][INFO] - Checking timeout

2021-11-18 11:34:28 - [MESSAGE][INFO] - Finding web element with id: 'Object Repository/Sayfalar/Giris_Sayfasi/RetveTamam_Butonu' located by 'By.xpath: //*[@class = 'btn btn-default']' in '30' second(s)

2021-11-18 11:34:28 - [MESSAGE][INFO] - Smart Wait Function is triggered

2021-11-18 11:34:28 - [MESSAGE][INFO] - Found 1 web elements with id: 'Object Repository/Sayfalar/Giris_Sayfasi/RetveTamam_Butonu' located by 'By.xpath: //*[@class = 'btn btn-default']' in '30' second(s)

2021-11-18 11:34:28 - [MESSAGE][INFO] - Clicking on object: 'Object Repository/Sayfalar/Giris_Sayfasi/RetveTamam_Butonu'

2021-11-18 11:34:28 - [MESSAGE][PASSED] - Object: 'Object Repository/Sayfalar/Giris_Sayfasi/RetveTamam_Butonu' is clicked on

2021-11-18 11:34:28 - [TEST_STEP][PASSED] - click(findTestObject("Object Repository/Sayfalar/Giris_Sayfasi/RetveTamam_Butonu")): Object: 'Object Repository/Sayfalar/Giris_Sayfasi/RetveTamam_Butonu' is clicked on

2021-11-18 11:34:28 - [MESSAGE][INFO] - Finding Test Object 'Object Repository/Sayfalar/Giris_Sayfasi/RetveTamam_Butonu'

2021-11-18 11:34:28 - [MESSAGE][INFO] - Checking object

2021-11-18 11:34:28 - [MESSAGE][INFO] - Finding web element from Test Object's properties

2021-11-18 11:34:28 - [MESSAGE][INFO] - Checking timeout

2021-11-18 11:34:28 - [MESSAGE][INFO] - Finding web element with id: 'Object Repository/Sayfalar/Giris_Sayfasi/RetveTamam_Butonu' located by 'By.xpath: //*[@class = 'btn btn-default']' in '30' second(s)

2021-11-18 11:34:28 - [MESSAGE][INFO] - Smart Wait Function is triggered

2021-11-18 11:34:32 - [MESSAGE][INFO] - Found 1 web elements with id: 'Object Repository/Sayfalar/Giris_Sayfasi/RetveTamam_Butonu' located by 'By.xpath: //*[@class = 'btn btn-default']' in '30' second(s)

2021-11-18 11:34:32 - [MESSAGE][INFO] - Clicking on object: 'Object Repository/Sayfalar/Giris_Sayfasi/RetveTamam_Butonu'

2021-11-18 11:34:32 - [MESSAGE][PASSED] - Object: 'Object Repository/Sayfalar/Giris_Sayfasi/RetveTamam_Butonu' is clicked on

2021-11-18 11:34:32 - [TEST_STEP][PASSED] - if (verifyElementPresent(findTestObject("Sayfalar/Giris_Sayfasi/PopupOK"), 5, OPTIONAL)): null

2021-11-18 11:34:32 - [MESSAGE][INFO] - Finding Test Object 'Object Repository/Sayfalar/Giris_Sayfasi/PopupOK'

2021-11-18 11:34:33 - [MESSAGE][INFO] - Checking object

2021-11-18 11:34:33 - [MESSAGE][INFO] - Finding web element from Test Object's properties

2021-11-18 11:34:33 - [MESSAGE][INFO] - Checking timeout

2021-11-18 11:34:33 - [MESSAGE][INFO] - Finding web element with id: 'Object Repository/Sayfalar/Giris_Sayfasi/PopupOK' located by 'By.cssSelector: .btn.btn-success' in '5' second(s)

2021-11-18 11:34:33 - [MESSAGE][INFO] - Smart Wait Function is triggered

2021-11-18 11:34:33 - [MESSAGE][INFO] - Found 1 web elements with id: 'Object Repository/Sayfalar/Giris_Sayfasi/PopupOK' located by 'By.cssSelector: .btn.btn-success' in '5' second(s)

2021-11-18 11:34:33 - [MESSAGE][PASSED] - Object 'Object Repository/Sayfalar/Giris_Sayfasi/PopupOK' is present

2021-11-18 11:34:33 - [TEST_STEP][PASSED] - click(findTestObject("Object Repository/Sayfalar/Giris_Sayfasi/PopupCarpiGiris")): Object: 'Object Repository/Sayfalar/Giris_Sayfasi/PopupCarpiGiris' is clicked on

2021-11-18 11:34:33 - [MESSAGE][INFO] - Finding Test Object 'Object Repository/Sayfalar/Giris_Sayfasi/PopupCarpiGiris'

2021-11-18 11:34:33 - [MESSAGE][INFO] - Checking object

2021-11-18 11:34:33 - [MESSAGE][INFO] - Finding web element from Test Object's properties

2021-11-18 11:34:33 - [MESSAGE][INFO] - Checking timeout

2021-11-18 11:34:33 - [MESSAGE][INFO] - Finding web element with id: 'Object Repository/Sayfalar/Giris_Sayfasi/PopupCarpiGiris' located by 'By.cssSelector: .bootbox-close-button.close' in '30' second(s)

2021-11-18 11:34:33 - [MESSAGE][INFO] - Smart Wait Function is triggered

2021-11-18 11:34:34 - [MESSAGE][INFO] - Found 1 web elements with id: 'Object Repository/Sayfalar/Giris_Sayfasi/PopupCarpiGiris' located by 'By.cssSelector: .bootbox-close-button.close' in '30' second(s)

2021-11-18 11:34:34 - [MESSAGE][INFO] - Clicking on object: 'Object Repository/Sayfalar/Giris_Sayfasi/PopupCarpiGiris'

2021-11-18 11:34:34 - [MESSAGE][PASSED] - Object: 'Object Repository/Sayfalar/Giris_Sayfasi/PopupCarpiGiris' is clicked on

2021-11-18 11:34:34 - [TEST_STEP][PASSED] - verifyElementVisible(findTestObject("Object Repository/Kullanici_Islemleri/KullaniciIslemleri")): Object 'Object Repository/Kullanici_Islemleri/KullaniciIslemleri' is visible

2021-11-18 11:34:34 - [MESSAGE][INFO] - Finding Test Object 'Object Repository/Kullanici_Islemleri/KullaniciIslemleri'

2021-11-18 11:34:34 - [MESSAGE][INFO] - Checking object

2021-11-18 11:34:34 - [MESSAGE][INFO] - Finding web element from Test Object's properties

2021-11-18 11:34:34 - [MESSAGE][INFO] - Checking timeout

2021-11-18 11:34:34 - [MESSAGE][INFO] - Finding web element with id: 'Object Repository/Kullanici_Islemleri/KullaniciIslemleri' located by 'By.cssSelector: .dropdown>a>img' in '30' second(s)

2021-11-18 11:34:34 - [MESSAGE][INFO] - Smart Wait Function is triggered

2021-11-18 11:34:34 - [MESSAGE][INFO] - Found 1 web elements with id: 'Object Repository/Kullanici_Islemleri/KullaniciIslemleri' located by 'By.cssSelector: .dropdown>a>img' in '30' second(s)

2021-11-18 11:34:34 - [MESSAGE][PASSED] - Object 'Object Repository/Kullanici_Islemleri/KullaniciIslemleri' is visible

2021-11-18 11:34:34 - [MESSAGE][PASSED] - Call Test Case 'Test Cases/Sayfalar/Giris_Sayfasi/Login' successfully

2021-11-18 11:34:34 - [MESSAGE][INFO] - Checking called Test Case

2021-11-18 11:34:34 - [MESSAGE][INFO] - Starting to call Test Case 'Test Cases/Menu/AnaMenuSecimi'

2021-11-18 11:34:35 - [TEST_CASE][PASSED] - Test Cases/Menu/AnaMenuSecimi: Test Cases/Menu/AnaMenuSecimi

2021-11-18 11:34:35 - [TEST_STEP][PASSED] - Method.TextDegerineEsitElementeTikla(findTestObject("Menu/Ana_Menu"), Ana_Menu): Method.TextDegerineEsitElementeTikla is PASSED

2021-11-18 11:34:35 - [MESSAGE][INFO] - Finding Test Object 'Object Repository/Menu/Ana_Menu'

2021-11-18 11:34:35 - [MESSAGE][INFO] - Checking timeout

2021-11-18 11:34:35 - [MESSAGE][INFO] - Finding web element with id: 'Object Repository/Menu/Ana_Menu' located by 'By.xpath: //*[@class = 'dropdown-toggle']' in '10' second(s)

2021-11-18 11:34:35 - [MESSAGE][INFO] - Smart Wait Function is triggered

2021-11-18 11:34:35 - [MESSAGE][INFO] - Found 14 web elements with id: 'Object Repository/Menu/Ana_Menu' located by 'By.xpath: //*[@class = 'dropdown-toggle']' in '10' second(s)

2021-11-18 11:34:35 - [MESSAGE][PASSED] - Method.TextDegerineEsitElementeTikla is PASSED

2021-11-18 11:34:35 - [MESSAGE][PASSED] - Call Test Case 'Test Cases/Menu/AnaMenuSecimi' successfully

2021-11-18 11:34:35 - [MESSAGE][INFO] - Checking called Test Case

2021-11-18 11:34:35 - [MESSAGE][INFO] - Starting to call Test Case 'Test Cases/Menu/BasligaGoreAltMenuSecimi'

2021-11-18 11:34:35 - [TEST_CASE][PASSED] - Test Cases/Menu/BasligaGoreAltMenuSecimi: Test Cases/Menu/BasligaGoreAltMenuSecimi

2021-11-18 11:34:35 - [TEST_STEP][PASSED] - Method.TextDegerineEsitElementinAltindakiTextDegerineEsitOlanaTikla(findTestObject("Menu/Menu_Basligi"), findTestObject("Menu/Basliga_Gore_Alt_Menu"), Baslik, Alt_Menu): Method.TextDegerineEsitElementinAltindakiTextDegerineEsitOlanaTikla is PASSED

2021-11-18 11:34:35 - [MESSAGE][INFO] - Finding Test Object 'Object Repository/Menu/Menu_Basligi'

2021-11-18 11:34:35 - [MESSAGE][INFO] - Finding Test Object 'Object Repository/Menu/Basliga_Gore_Alt_Menu'

2021-11-18 11:34:35 - [MESSAGE][INFO] - Checking timeout

2021-11-18 11:34:35 - [MESSAGE][INFO] - Finding web element with id: 'Object Repository/Menu/Menu_Basligi' located by 'By.xpath: //li[@class='dropdown dropdown-large open']//li[@class='dropdown-header']' in '10' second(s)

2021-11-18 11:34:35 - [MESSAGE][INFO] - Smart Wait Function is triggered

2021-11-18 11:34:36 - [MESSAGE][INFO] - Found 3 web elements with id: 'Object Repository/Menu/Menu_Basligi' located by 'By.xpath: //li[@class='dropdown dropdown-large open']//li[@class='dropdown-header']' in '10' second(s)

2021-11-18 11:34:36 - [MESSAGE][INFO] - Smart Wait Function is triggered

2021-11-18 11:34:38 - [MESSAGE][PASSED] - Method.TextDegerineEsitElementinAltindakiTextDegerineEsitOlanaTikla is PASSED

2021-11-18 11:34:38 - [MESSAGE][PASSED] - Call Test Case 'Test Cases/Menu/BasligaGoreAltMenuSecimi' successfully

2021-11-18 11:34:38 - [MESSAGE][INFO] - Checking called Test Case

2021-11-18 11:34:38 - [MESSAGE][INFO] - Starting to call Test Case 'Test Cases/Filtreler/BaslangicYaz'

2021-11-18 11:34:38 - [TEST_CASE][PASSED] - Test Cases/Filtreler/BaslangicYaz: Test Cases/Filtreler/BaslangicYaz

2021-11-18 11:34:38 - [TEST_STEP][PASSED] - delay(3): Delayed 3 second(s)

2021-11-18 11:34:38 - [MESSAGE][INFO] - Delaying browser in 3 second(s)

2021-11-18 11:34:41 - [MESSAGE][PASSED] - Delayed 3 second(s)

2021-11-18 11:34:41 - [TEST_STEP][PASSED] - Method.TextDegerineEsitElementinAltindakineTikla(findTestObject("Filtreler/Basliklar"), findTestObject("Filtreler/Basliga_Gore_Baslangic_Image"), Filtre_Adi): Method.TextDegerineEsitElementinAltindakineTikla is PASSED

2021-11-18 11:34:41 - [MESSAGE][INFO] - Finding Test Object 'Object Repository/Filtreler/Basliklar'

2021-11-18 11:34:41 - [MESSAGE][INFO] - Finding Test Object 'Object Repository/Filtreler/Basliga_Gore_Baslangic_Image'

2021-11-18 11:34:41 - [MESSAGE][INFO] - Checking timeout

2021-11-18 11:34:41 - [MESSAGE][INFO] - Finding web element with id: 'Object Repository/Filtreler/Basliklar' located by 'By.cssSelector: .control-label.col-sm-4.paddingMarginRLC' in '10' second(s)

2021-11-18 11:34:41 - [MESSAGE][INFO] - Smart Wait Function is triggered

2021-11-18 11:34:42 - [MESSAGE][INFO] - Found 20 web elements with id: 'Object Repository/Filtreler/Basliklar' located by 'By.cssSelector: .control-label.col-sm-4.paddingMarginRLC' in '10' second(s)

2021-11-18 11:34:42 - [MESSAGE][INFO] - Smart Wait Function is triggered

2021-11-18 11:34:42 - [MESSAGE][PASSED] - Method.TextDegerineEsitElementinAltindakineTikla is PASSED

2021-11-18 11:34:42 - [TEST_STEP][PASSED] - Method.TextDegerineEsitElementinAltindakiTextboxtaYaz(findTestObject("Filtreler/Basliklar"), findTestObject("Filtreler/Basliga_Gore_Baslangic"), Filtre_Adi, Filtre_Degeri): Method.TextDegerineEsitElementinAltindakiTextboxtaYaz is PASSED

2021-11-18 11:34:42 - [MESSAGE][INFO] - Finding Test Object 'Object Repository/Filtreler/Basliklar'

2021-11-18 11:34:42 - [MESSAGE][INFO] - Finding Test Object 'Object Repository/Filtreler/Basliga_Gore_Baslangic'

2021-11-18 11:34:42 - [MESSAGE][INFO] - Checking timeout

2021-11-18 11:34:42 - [MESSAGE][INFO] - Finding web element with id: 'Object Repository/Filtreler/Basliklar' located by 'By.cssSelector: .control-label.col-sm-4.paddingMarginRLC' in '10' second(s)

2021-11-18 11:34:42 - [MESSAGE][INFO] - Smart Wait Function is triggered

2021-11-18 11:34:43 - [MESSAGE][INFO] - Found 20 web elements with id: 'Object Repository/Filtreler/Basliklar' located by 'By.cssSelector: .control-label.col-sm-4.paddingMarginRLC' in '10' second(s)

2021-11-18 11:34:43 - [MESSAGE][INFO] - Smart Wait Function is triggered

2021-11-18 11:34:43 - [MESSAGE][PASSED] - Method.TextDegerineEsitElementinAltindakiTextboxtaYaz is PASSED

2021-11-18 11:34:43 - [MESSAGE][PASSED] - Call Test Case 'Test Cases/Filtreler/BaslangicYaz' successfully

2021-11-18 11:34:43 - [MESSAGE][INFO] - Checking called Test Case

2021-11-18 11:34:43 - [MESSAGE][INFO] - Starting to call Test Case 'Test Cases/Filtreler/BitisYaz'

2021-11-18 11:34:43 - [TEST_CASE][PASSED] - Test Cases/Filtreler/BitisYaz: Test Cases/Filtreler/BitisYaz

2021-11-18 11:34:43 - [TEST_STEP][PASSED] - Method.TextDegerineEsitElementinAltindakineTikla(findTestObject("Filtreler/Basliklar"), findTestObject("Filtreler/Basliga_Gore_Bitis_Image"), Filtre_Adi): Method.TextDegerineEsitElementinAltindakineTikla is PASSED

2021-11-18 11:34:43 - [MESSAGE][INFO] - Finding Test Object 'Object Repository/Filtreler/Basliklar'

2021-11-18 11:34:43 - [MESSAGE][INFO] - Finding Test Object 'Object Repository/Filtreler/Basliga_Gore_Bitis_Image'

2021-11-18 11:34:43 - [MESSAGE][INFO] - Checking timeout

2021-11-18 11:34:43 - [MESSAGE][INFO] - Finding web element with id: 'Object Repository/Filtreler/Basliklar' located by 'By.cssSelector: .control-label.col-sm-4.paddingMarginRLC' in '10' second(s)

2021-11-18 11:34:43 - [MESSAGE][INFO] - Smart Wait Function is triggered

2021-11-18 11:34:43 - [MESSAGE][INFO] - Found 20 web elements with id: 'Object Repository/Filtreler/Basliklar' located by 'By.cssSelector: .control-label.col-sm-4.paddingMarginRLC' in '10' second(s)

2021-11-18 11:34:44 - [MESSAGE][INFO] - Smart Wait Function is triggered

2021-11-18 11:34:44 - [MESSAGE][PASSED] - Method.TextDegerineEsitElementinAltindakineTikla is PASSED

2021-11-18 11:34:44 - [TEST_STEP][PASSED] - Method.TextDegerineEsitElementinAltindakiTextboxtaYaz(findTestObject("Filtreler/Basliklar"), findTestObject("Object Repository/Filtreler/Basliga_Gore_Bitis"), Filtre_Adi, Filtre_Degeri): Method.TextDegerineEsitElementinAltindakiTextboxtaYaz is PASSED

2021-11-18 11:34:44 - [MESSAGE][INFO] - Finding Test Object 'Object Repository/Filtreler/Basliklar'

2021-11-18 11:34:44 - [MESSAGE][INFO] - Finding Test Object 'Object Repository/Filtreler/Basliga_Gore_Bitis'

2021-11-18 11:34:44 - [MESSAGE][INFO] - Checking timeout

2021-11-18 11:34:44 - [MESSAGE][INFO] - Finding web element with id: 'Object Repository/Filtreler/Basliklar' located by 'By.cssSelector: .control-label.col-sm-4.paddingMarginRLC' in '10' second(s)

2021-11-18 11:34:44 - [MESSAGE][INFO] - Smart Wait Function is triggered

2021-11-18 11:34:44 - [MESSAGE][INFO] - Found 20 web elements with id: 'Object Repository/Filtreler/Basliklar' located by 'By.cssSelector: .control-label.col-sm-4.paddingMarginRLC' in '10' second(s)

2021-11-18 11:34:44 - [MESSAGE][INFO] - Smart Wait Function is triggered

2021-11-18 11:34:45 - [MESSAGE][PASSED] - Method.TextDegerineEsitElementinAltindakiTextboxtaYaz is PASSED

2021-11-18 11:34:45 - [MESSAGE][PASSED] - Call Test Case 'Test Cases/Filtreler/BitisYaz' successfully

2021-11-18 11:34:45 - [MESSAGE][INFO] - Checking called Test Case

2021-11-18 11:34:45 - [MESSAGE][INFO] - Starting to call Test Case 'Test Cases/Filtreler/TexboxaYaz'

2021-11-18 11:34:45 - [TEST_CASE][PASSED] - Test Cases/Filtreler/TexboxaYaz: Test Cases/Filtreler/TexboxaYaz

2021-11-18 11:34:45 - [TEST_STEP][PASSED] - Method.TextDegerineEsitElementinAltindakiTextboxtaYaz(findTestObject("Filtreler/Basliklar"), findTestObject("Filtreler/Basliga_Gore_Textbox"), Filtre_Adi, Filtre_Degeri): Method.TextDegerineEsitElementinAltindakiTextboxtaYaz is PASSED

2021-11-18 11:34:45 - [MESSAGE][INFO] - Finding Test Object 'Object Repository/Filtreler/Basliklar'

2021-11-18 11:34:45 - [MESSAGE][INFO] - Finding Test Object 'Object Repository/Filtreler/Basliga_Gore_Textbox'

2021-11-18 11:34:45 - [MESSAGE][INFO] - Checking timeout

2021-11-18 11:34:45 - [MESSAGE][INFO] - Finding web element with id: 'Object Repository/Filtreler/Basliklar' located by 'By.cssSelector: .control-label.col-sm-4.paddingMarginRLC' in '10' second(s)

2021-11-18 11:34:45 - [MESSAGE][INFO] - Smart Wait Function is triggered

2021-11-18 11:34:45 - [MESSAGE][INFO] - Found 20 web elements with id: 'Object Repository/Filtreler/Basliklar' located by 'By.cssSelector: .control-label.col-sm-4.paddingMarginRLC' in '10' second(s)

2021-11-18 11:34:45 - [MESSAGE][INFO] - Smart Wait Function is triggered

2021-11-18 11:34:46 - [MESSAGE][PASSED] - Method.TextDegerineEsitElementinAltindakiTextboxtaYaz is PASSED

2021-11-18 11:34:46 - [MESSAGE][PASSED] - Call Test Case 'Test Cases/Filtreler/TexboxaYaz' successfully

2021-11-18 11:34:46 - [MESSAGE][INFO] - Checking called Test Case

2021-11-18 11:34:46 - [MESSAGE][INFO] - Starting to call Test Case 'Test Cases/Filtreler/ButonaTikla'

2021-11-18 11:34:46 - [TEST_CASE][PASSED] - Test Cases/Filtreler/ButonaTikla: Test Cases/Filtreler/ButonaTikla

2021-11-18 11:34:46 - [TEST_STEP][PASSED] - Method.TextDegerineEsitElementeTikla(findTestObject("Filtreler/Butonlar"), Filtre_Buton): Method.TextDegerineEsitElementeTikla is PASSED

2021-11-18 11:34:46 - [MESSAGE][INFO] - Finding Test Object 'Object Repository/Filtreler/Butonlar'

2021-11-18 11:34:46 - [MESSAGE][INFO] - Checking timeout

2021-11-18 11:34:46 - [MESSAGE][INFO] - Finding web element with id: 'Object Repository/Filtreler/Butonlar' located by 'By.cssSelector: .dxb>span' in '10' second(s)

2021-11-18 11:34:46 - [MESSAGE][INFO] - Smart Wait Function is triggered

2021-11-18 11:34:46 - [MESSAGE][INFO] - Found 3 web elements with id: 'Object Repository/Filtreler/Butonlar' located by 'By.cssSelector: .dxb>span' in '10' second(s)

2021-11-18 11:34:46 - [MESSAGE][PASSED] - Method.TextDegerineEsitElementeTikla is PASSED

2021-11-18 11:34:46 - [MESSAGE][PASSED] - Call Test Case 'Test Cases/Filtreler/ButonaTikla' successfully

2021-11-18 11:34:46 - [MESSAGE][INFO] - Checking called Test Case

2021-11-18 11:34:46 - [MESSAGE][INFO] - Starting to call Test Case 'Test Cases/Tablo/TablodaVeriVarMi'

2021-11-18 11:34:46 - [TEST_CASE][PASSED] - Test Cases/Tablo/TablodaVeriVarMi: Test Cases/Tablo/TablodaVeriVarMi

2021-11-18 11:34:46 - [TEST_STEP][PASSED] - verifyTextNotPresent("Görüntülenecek veri yok", true): Text 'Görüntülenecek veri yok' is not present on page using regular expression

2021-11-18 11:34:46 - [MESSAGE][INFO] - Checking text present  using regular expression

2021-11-18 11:34:46 - [MESSAGE][INFO] - Smart Wait Function is triggered

2021-11-18 11:34:47 - [MESSAGE][INFO] - Finding text 'Görüntülenecek veri yok' on page  using regular expression

2021-11-18 11:34:47 - [MESSAGE][PASSED] - Text 'Görüntülenecek veri yok' is not present on page using regular expression

2021-11-18 11:34:47 - [MESSAGE][PASSED] - Call Test Case 'Test Cases/Tablo/TablodaVeriVarMi' successfully

2021-11-18 11:34:47 - [MESSAGE][INFO] - Checking called Test Case

2021-11-18 11:34:47 - [MESSAGE][INFO] - Starting to call Test Case 'Test Cases/Tablo/TablodanVeriSec'

2021-11-18 11:34:47 - [TEST_CASE][PASSED] - Test Cases/Tablo/TablodanVeriSec: Test Cases/Tablo/TablodanVeriSec

2021-11-18 11:34:47 - [TEST_STEP][PASSED] - Method.TextDegerineEsitElementinAltindakineTikla(findTestObject("Tablo/Veriler"), findTestObject("Tablo/VerininCheckBoxi"), Veri_Adi): Method.TextDegerineEsitElementinAltindakineTikla is PASSED

2021-11-18 11:34:47 - [MESSAGE][INFO] - Finding Test Object 'Object Repository/Tablo/Veriler'

2021-11-18 11:34:47 - [MESSAGE][INFO] - Finding Test Object 'Object Repository/Tablo/VerininCheckBoxi'

2021-11-18 11:34:48 - [MESSAGE][INFO] - Checking timeout

2021-11-18 11:34:48 - [MESSAGE][INFO] - Finding web element with id: 'Object Repository/Tablo/Veriler' located by 'By.cssSelector: td.dxgv b ,td.dxgv' in '10' second(s)

2021-11-18 11:34:48 - [MESSAGE][INFO] - Smart Wait Function is triggered

2021-11-18 11:34:48 - [MESSAGE][INFO] - Found 140 web elements with id: 'Object Repository/Tablo/Veriler' located by 'By.cssSelector: td.dxgv b ,td.dxgv' in '10' second(s)

2021-11-18 11:34:48 - [MESSAGE][INFO] - Smart Wait Function is triggered

2021-11-18 11:34:48 - [MESSAGE][PASSED] - Method.TextDegerineEsitElementinAltindakineTikla is PASSED

2021-11-18 11:34:48 - [MESSAGE][PASSED] - Call Test Case 'Test Cases/Tablo/TablodanVeriSec' successfully

2021-11-18 11:34:48 - [MESSAGE][INFO] - Checking called Test Case

2021-11-18 11:34:48 - [MESSAGE][INFO] - Starting to call Test Case 'Test Cases/Butonlar/ButonaTikla'

2021-11-18 11:34:48 - [TEST_CASE][PASSED] - Test Cases/Butonlar/ButonaTikla: Test Cases/Butonlar/ButonaTikla

2021-11-18 11:34:48 - [TEST_STEP][PASSED] - Method.TextDegerineEsitElementeTiklaEquals(findTestObject("Butonlar/Butonlar"), Buton_Adi): Method.TextDegerineEsitElementeTiklaEquals is PASSED

2021-11-18 11:34:48 - [MESSAGE][INFO] - Finding Test Object 'Object Repository/Butonlar/Butonlar'

2021-11-18 11:34:48 - [MESSAGE][INFO] - Checking timeout

2021-11-18 11:34:48 - [MESSAGE][INFO] - Finding web element with id: 'Object Repository/Butonlar/Butonlar' located by 'By.cssSelector: .panel.panel-default.text-center.footerPanel .btn,.btn.btn-primary.btnControls' in '10' second(s)

2021-11-18 11:34:48 - [MESSAGE][INFO] - Smart Wait Function is triggered

2021-11-18 11:34:49 - [MESSAGE][INFO] - Found 17 web elements with id: 'Object Repository/Butonlar/Butonlar' located by 'By.cssSelector: .panel.panel-default.text-center.footerPanel .btn,.btn.btn-primary.btnControls' in '10' second(s)

2021-11-18 11:34:49 - [MESSAGE][PASSED] - Method.TextDegerineEsitElementeTiklaEquals is PASSED

2021-11-18 11:34:49 - [MESSAGE][PASSED] - Call Test Case 'Test Cases/Butonlar/ButonaTikla' successfully

2021-11-18 11:34:49 - [MESSAGE][INFO] - Checking called Test Case

2021-11-18 11:34:49 - [MESSAGE][INFO] - Starting to call Test Case 'Test Cases/Butonlar/AltButonaTikla'

2021-11-18 11:34:49 - [TEST_CASE][PASSED] - Test Cases/Butonlar/AltButonaTikla: Test Cases/Butonlar/AltButonaTikla

2021-11-18 11:34:49 - [TEST_STEP][PASSED] - Method.TextDegerineEsitElementeTikla(findTestObject("Butonlar/AltButonlar"), Alt_Buton): Method.TextDegerineEsitElementeTikla is PASSED

2021-11-18 11:34:49 - [MESSAGE][INFO] - Finding Test Object 'Object Repository/Butonlar/AltButonlar'

2021-11-18 11:34:49 - [MESSAGE][INFO] - Checking timeout

2021-11-18 11:34:49 - [MESSAGE][INFO] - Finding web element with id: 'Object Repository/Butonlar/AltButonlar' located by 'By.cssSelector: .btn-group.open li>a' in '10' second(s)

2021-11-18 11:34:49 - [MESSAGE][INFO] - Smart Wait Function is triggered

2021-11-18 11:34:49 - [MESSAGE][INFO] - Found 4 web elements with id: 'Object Repository/Butonlar/AltButonlar' located by 'By.cssSelector: .btn-group.open li>a' in '10' second(s)

2021-11-18 11:34:49 - [MESSAGE][PASSED] - Method.TextDegerineEsitElementeTikla is PASSED

2021-11-18 11:34:49 - [MESSAGE][PASSED] - Call Test Case 'Test Cases/Butonlar/AltButonaTikla' successfully

2021-11-18 11:34:49 - [MESSAGE][INFO] - Checking called Test Case

2021-11-18 11:34:49 - [MESSAGE][INFO] - Starting to call Test Case 'Test Cases/Popup/PopupMesajiIceriyorMu'

2021-11-18 11:34:50 - [TEST_CASE][PASSED] - Test Cases/Popup/PopupMesajiIceriyorMu: Test Cases/Popup/PopupMesajiIceriyorMu

2021-11-18 11:34:50 - [TEST_STEP][PASSED] - waitForElementVisible(findTestObject("Popup/Popup"), 10): Object 'Object Repository/Popup/Popup' is visible

2021-11-18 11:34:50 - [MESSAGE][INFO] - Finding Test Object 'Object Repository/Popup/Popup'

2021-11-18 11:34:50 - [MESSAGE][INFO] - Checking object

2021-11-18 11:34:50 - [MESSAGE][INFO] - Checking timeout

2021-11-18 11:34:50 - [MESSAGE][INFO] - Finding web element from Test Object's properties

2021-11-18 11:34:50 - [MESSAGE][INFO] - Checking timeout

2021-11-18 11:34:50 - [MESSAGE][INFO] - Finding web element with id: 'Object Repository/Popup/Popup' located by 'By.cssSelector: .bootbox-body' in '10' second(s)

2021-11-18 11:34:50 - [MESSAGE][INFO] - Smart Wait Function is triggered

2021-11-18 11:34:51 - [MESSAGE][INFO] - Found 1 web elements with id: 'Object Repository/Popup/Popup' located by 'By.cssSelector: .bootbox-body' in '10' second(s)

2021-11-18 11:34:51 - [MESSAGE][PASSED] - Object 'Object Repository/Popup/Popup' is visible

2021-11-18 11:34:51 - [TEST_STEP][PASSED] - if (!(getText(findTestObject("Popup/Popup")).contains(Mesaj))): Text of object 'Object Repository/Popup/Popup' is: 'Lütfen rapor bildiriminin gönderileceği e-posta adresini belirtiniz.
e-Posta Adresi'

2021-11-18 11:34:51 - [MESSAGE][INFO] - Finding Test Object 'Object Repository/Popup/Popup'

2021-11-18 11:34:51 - [MESSAGE][INFO] - Checking object

2021-11-18 11:34:51 - [MESSAGE][INFO] - Finding web element from Test Object's properties

2021-11-18 11:34:51 - [MESSAGE][INFO] - Checking timeout

2021-11-18 11:34:51 - [MESSAGE][INFO] - Finding web element with id: 'Object Repository/Popup/Popup' located by 'By.cssSelector: .bootbox-body' in '30' second(s)

2021-11-18 11:34:51 - [MESSAGE][INFO] - Smart Wait Function is triggered

2021-11-18 11:34:51 - [MESSAGE][INFO] - Found 1 web elements with id: 'Object Repository/Popup/Popup' located by 'By.cssSelector: .bootbox-body' in '30' second(s)

2021-11-18 11:34:51 - [MESSAGE][INFO] - Getting text of object 'Object Repository/Popup/Popup'

2021-11-18 11:34:51 - [MESSAGE][PASSED] - Text of object 'Object Repository/Popup/Popup' is: 'Lütfen rapor bildiriminin gönderileceği e-posta adresini belirtiniz.
e-Posta Adresi'

2021-11-18 11:34:51 - [TEST_STEP][PASSED] - RaporNo = getText(findTestObject("Popup/Popup")).substring(0, 6): Text of object 'Object Repository/Popup/Popup' is: 'Lütfen rapor bildiriminin gönderileceği e-posta adresini belirtiniz.
e-Posta Adresi'

2021-11-18 11:34:51 - [MESSAGE][INFO] - Finding Test Object 'Object Repository/Popup/Popup'

2021-11-18 11:34:51 - [MESSAGE][INFO] - Checking object

2021-11-18 11:34:51 - [MESSAGE][INFO] - Finding web element from Test Object's properties

2021-11-18 11:34:51 - [MESSAGE][INFO] - Checking timeout

2021-11-18 11:34:51 - [MESSAGE][INFO] - Finding web element with id: 'Object Repository/Popup/Popup' located by 'By.cssSelector: .bootbox-body' in '30' second(s)

2021-11-18 11:34:51 - [MESSAGE][INFO] - Smart Wait Function is triggered

2021-11-18 11:34:51 - [MESSAGE][INFO] - Found 1 web elements with id: 'Object Repository/Popup/Popup' located by 'By.cssSelector: .bootbox-body' in '30' second(s)

2021-11-18 11:34:51 - [MESSAGE][INFO] - Getting text of object 'Object Repository/Popup/Popup'

2021-11-18 11:34:51 - [MESSAGE][PASSED] - Text of object 'Object Repository/Popup/Popup' is: 'Lütfen rapor bildiriminin gönderileceği e-posta adresini belirtiniz.
e-Posta Adresi'

2021-11-18 11:34:51 - [TEST_STEP][PASSED] - Console.println(RaporNo): null

2021-11-18 11:34:51 - [MESSAGE][PASSED] - Call Test Case 'Test Cases/Popup/PopupMesajiIceriyorMu' successfully

2021-11-18 11:34:51 - [MESSAGE][INFO] - Checking called Test Case

2021-11-18 11:34:51 - [MESSAGE][INFO] - Starting to call Test Case 'Test Cases/Popup/PopupaEmailEklenir'

2021-11-18 11:34:52 - [TEST_CASE][PASSED] - Test Cases/Popup/PopupaEmailEklenir: Test Cases/Popup/PopupaEmailEklenir

2021-11-18 11:34:52 - [TEST_STEP][PASSED] - clearText(findTestObject("Popup/EmailText")): Text of object 'Object Repository/Popup/EmailText' is cleared

2021-11-18 11:34:52 - [MESSAGE][INFO] - Finding Test Object 'Object Repository/Popup/EmailText'

2021-11-18 11:34:52 - [MESSAGE][INFO] - Checking object

2021-11-18 11:34:52 - [MESSAGE][INFO] - Finding web element from Test Object's properties

2021-11-18 11:34:52 - [MESSAGE][INFO] - Checking timeout

2021-11-18 11:34:52 - [MESSAGE][INFO] - Finding web element with id: 'Object Repository/Popup/EmailText' located by 'By.xpath: //*[@id="eMails"]' in '30' second(s)

2021-11-18 11:34:52 - [MESSAGE][INFO] - Smart Wait Function is triggered

2021-11-18 11:34:52 - [MESSAGE][INFO] - Found 1 web elements with id: 'Object Repository/Popup/EmailText' located by 'By.xpath: //*[@id="eMails"]' in '30' second(s)

2021-11-18 11:34:52 - [MESSAGE][INFO] - Clearing text of object 'Object Repository/Popup/EmailText'

2021-11-18 11:34:52 - [MESSAGE][PASSED] - Text of object 'Object Repository/Popup/EmailText' is cleared

2021-11-18 11:34:52 - [TEST_STEP][PASSED] - sendKeys(findTestObject("Popup/EmailText"), Email): Keys 'elogotest@gmail.com;ali.kara@logo.com.tr' sent to object: 'Object Repository/Popup/EmailText'

2021-11-18 11:34:52 - [MESSAGE][INFO] - Finding Test Object 'Object Repository/Popup/EmailText'

2021-11-18 11:34:52 - [MESSAGE][INFO] - Sending keys 'elogotest@gmail.com;ali.kara@logo.com.tr' to object: 'Object Repository/Popup/EmailText'

2021-11-18 11:34:52 - [MESSAGE][INFO] - Finding web element from Test Object's properties

2021-11-18 11:34:52 - [MESSAGE][INFO] - Checking timeout

2021-11-18 11:34:52 - [MESSAGE][INFO] - Finding web element with id: 'Object Repository/Popup/EmailText' located by 'By.xpath: //*[@id="eMails"]' in '30' second(s)

2021-11-18 11:34:52 - [MESSAGE][INFO] - Smart Wait Function is triggered

2021-11-18 11:34:52 - [MESSAGE][INFO] - Found 1 web elements with id: 'Object Repository/Popup/EmailText' located by 'By.xpath: //*[@id="eMails"]' in '30' second(s)

2021-11-18 11:34:52 - [MESSAGE][PASSED] - Keys 'elogotest@gmail.com;ali.kara@logo.com.tr' sent to object: 'Object Repository/Popup/EmailText'

2021-11-18 11:34:52 - [MESSAGE][PASSED] - Call Test Case 'Test Cases/Popup/PopupaEmailEklenir' successfully

2021-11-18 11:34:52 - [MESSAGE][INFO] - Checking called Test Case

2021-11-18 11:34:52 - [MESSAGE][INFO] - Starting to call Test Case 'Test Cases/Popup/PopupButonSecilir'

2021-11-18 11:34:53 - [TEST_CASE][PASSED] - Test Cases/Popup/PopupButonSecilir: Test Cases/Popup/PopupButonSecilir

2021-11-18 11:34:53 - [TEST_STEP][PASSED] - Method.TextDegerineEsitElementeTikla(findTestObject("Popup/Popup_Butons"), Buton): Method.TextDegerineEsitElementeTikla is PASSED

2021-11-18 11:34:53 - [MESSAGE][INFO] - Finding Test Object 'Object Repository/Popup/Popup_Butons'

2021-11-18 11:34:53 - [MESSAGE][INFO] - Checking timeout

2021-11-18 11:34:53 - [MESSAGE][INFO] - Finding web element with id: 'Object Repository/Popup/Popup_Butons' located by 'By.cssSelector: .modal-footer>button' in '10' second(s)

2021-11-18 11:34:53 - [MESSAGE][INFO] - Smart Wait Function is triggered

2021-11-18 11:34:53 - [MESSAGE][INFO] - Found 2 web elements with id: 'Object Repository/Popup/Popup_Butons' located by 'By.cssSelector: .modal-footer>button' in '10' second(s)

2021-11-18 11:34:53 - [MESSAGE][PASSED] - Method.TextDegerineEsitElementeTikla is PASSED

2021-11-18 11:34:53 - [MESSAGE][PASSED] - Call Test Case 'Test Cases/Popup/PopupButonSecilir' successfully

2021-11-18 11:34:53 - [MESSAGE][INFO] - Checking called Test Case

2021-11-18 11:34:53 - [MESSAGE][INFO] - Starting to call Test Case 'Test Cases/Popup/PopupMesajiIceriyorMu'

2021-11-18 11:34:53 - [TEST_CASE][PASSED] - Test Cases/Popup/PopupMesajiIceriyorMu: Test Cases/Popup/PopupMesajiIceriyorMu

2021-11-18 11:34:53 - [TEST_STEP][PASSED] - waitForElementVisible(findTestObject("Popup/Popup"), 10): Object 'Object Repository/Popup/Popup' is visible

2021-11-18 11:34:53 - [MESSAGE][INFO] - Finding Test Object 'Object Repository/Popup/Popup'

2021-11-18 11:34:53 - [MESSAGE][INFO] - Checking object

2021-11-18 11:34:53 - [MESSAGE][INFO] - Checking timeout

2021-11-18 11:34:53 - [MESSAGE][INFO] - Finding web element from Test Object's properties

2021-11-18 11:34:53 - [MESSAGE][INFO] - Checking timeout

2021-11-18 11:34:53 - [MESSAGE][INFO] - Finding web element with id: 'Object Repository/Popup/Popup' located by 'By.cssSelector: .bootbox-body' in '10' second(s)

2021-11-18 11:34:53 - [MESSAGE][INFO] - Smart Wait Function is triggered

2021-11-18 11:34:54 - [MESSAGE][INFO] - Found 1 web elements with id: 'Object Repository/Popup/Popup' located by 'By.cssSelector: .bootbox-body' in '10' second(s)

2021-11-18 11:34:54 - [MESSAGE][PASSED] - Object 'Object Repository/Popup/Popup' is visible

2021-11-18 11:34:54 - [TEST_STEP][PASSED] - if (!(getText(findTestObject("Popup/Popup")).contains(Mesaj))): Text of object 'Object Repository/Popup/Popup' is: '17362 no’lu talebiniz işleme alınmıştır. Raporunuz hazırlandığında (elogotest@gmail.com;ali.kara@logo.com.tr) adresinize mail gönderilecektir.
Rapor durumunuzu Raporlar > Toplu Veri İndirme ekranından takip edebilir, hazırlandı durumundaki raporlarınızı ilgili menüden indirebilirsiniz.'

2021-11-18 11:34:54 - [MESSAGE][INFO] - Finding Test Object 'Object Repository/Popup/Popup'

2021-11-18 11:34:54 - [MESSAGE][INFO] - Checking object

2021-11-18 11:34:54 - [MESSAGE][INFO] - Finding web element from Test Object's properties

2021-11-18 11:34:54 - [MESSAGE][INFO] - Checking timeout

2021-11-18 11:34:54 - [MESSAGE][INFO] - Finding web element with id: 'Object Repository/Popup/Popup' located by 'By.cssSelector: .bootbox-body' in '30' second(s)

2021-11-18 11:34:54 - [MESSAGE][INFO] - Smart Wait Function is triggered

2021-11-18 11:34:54 - [MESSAGE][INFO] - Found 1 web elements with id: 'Object Repository/Popup/Popup' located by 'By.cssSelector: .bootbox-body' in '30' second(s)

2021-11-18 11:34:54 - [MESSAGE][INFO] - Getting text of object 'Object Repository/Popup/Popup'

2021-11-18 11:34:54 - [MESSAGE][PASSED] - Text of object 'Object Repository/Popup/Popup' is: '17362 no’lu talebiniz işleme alınmıştır. Raporunuz hazırlandığında (elogotest@gmail.com;ali.kara@logo.com.tr) adresinize mail gönderilecektir.
Rapor durumunuzu Raporlar > Toplu Veri İndirme ekranından takip edebilir, hazırlandı durumundaki raporlarınızı ilgili menüden indirebilirsiniz.'

2021-11-18 11:34:54 - [TEST_STEP][PASSED] - RaporNo = getText(findTestObject("Popup/Popup")).substring(0, 6): Text of object 'Object Repository/Popup/Popup' is: '17362 no’lu talebiniz işleme alınmıştır. Raporunuz hazırlandığında (elogotest@gmail.com;ali.kara@logo.com.tr) adresinize mail gönderilecektir.
Rapor durumunuzu Raporlar > Toplu Veri İndirme ekranından takip edebilir, hazırlandı durumundaki raporlarınızı ilgili menüden indirebilirsiniz.'

2021-11-18 11:34:54 - [MESSAGE][INFO] - Finding Test Object 'Object Repository/Popup/Popup'

2021-11-18 11:34:54 - [MESSAGE][INFO] - Checking object

2021-11-18 11:34:54 - [MESSAGE][INFO] - Finding web element from Test Object's properties

2021-11-18 11:34:54 - [MESSAGE][INFO] - Checking timeout

2021-11-18 11:34:54 - [MESSAGE][INFO] - Finding web element with id: 'Object Repository/Popup/Popup' located by 'By.cssSelector: .bootbox-body' in '30' second(s)

2021-11-18 11:34:54 - [MESSAGE][INFO] - Smart Wait Function is triggered

2021-11-18 11:34:55 - [MESSAGE][INFO] - Found 1 web elements with id: 'Object Repository/Popup/Popup' located by 'By.cssSelector: .bootbox-body' in '30' second(s)

2021-11-18 11:34:55 - [MESSAGE][INFO] - Getting text of object 'Object Repository/Popup/Popup'

2021-11-18 11:34:55 - [MESSAGE][PASSED] - Text of object 'Object Repository/Popup/Popup' is: '17362 no’lu talebiniz işleme alınmıştır. Raporunuz hazırlandığında (elogotest@gmail.com;ali.kara@logo.com.tr) adresinize mail gönderilecektir.
Rapor durumunuzu Raporlar > Toplu Veri İndirme ekranından takip edebilir, hazırlandı durumundaki raporlarınızı ilgili menüden indirebilirsiniz.'

2021-11-18 11:34:55 - [TEST_STEP][PASSED] - Console.println(RaporNo): null

2021-11-18 11:34:55 - [MESSAGE][PASSED] - Call Test Case 'Test Cases/Popup/PopupMesajiIceriyorMu' successfully

2021-11-18 11:34:55 - [MESSAGE][INFO] - Checking called Test Case

2021-11-18 11:34:55 - [MESSAGE][INFO] - Starting to call Test Case 'Test Cases/Popup/PopupButonSecilir'

2021-11-18 11:34:55 - [TEST_CASE][PASSED] - Test Cases/Popup/PopupButonSecilir: Test Cases/Popup/PopupButonSecilir

2021-11-18 11:34:55 - [TEST_STEP][PASSED] - Method.TextDegerineEsitElementeTikla(findTestObject("Popup/Popup_Butons"), Buton): Method.TextDegerineEsitElementeTikla is PASSED

2021-11-18 11:34:55 - [MESSAGE][INFO] - Finding Test Object 'Object Repository/Popup/Popup_Butons'

2021-11-18 11:34:55 - [MESSAGE][INFO] - Checking timeout

2021-11-18 11:34:55 - [MESSAGE][INFO] - Finding web element with id: 'Object Repository/Popup/Popup_Butons' located by 'By.cssSelector: .modal-footer>button' in '10' second(s)

2021-11-18 11:34:55 - [MESSAGE][INFO] - Smart Wait Function is triggered

2021-11-18 11:34:55 - [MESSAGE][INFO] - Found 1 web elements with id: 'Object Repository/Popup/Popup_Butons' located by 'By.cssSelector: .modal-footer>button' in '10' second(s)

2021-11-18 11:34:55 - [MESSAGE][PASSED] - Method.TextDegerineEsitElementeTikla is PASSED

2021-11-18 11:34:55 - [MESSAGE][PASSED] - Call Test Case 'Test Cases/Popup/PopupButonSecilir' successfully

2021-11-18 11:34:55 - [MESSAGE][INFO] - Checking called Test Case

2021-11-18 11:34:55 - [MESSAGE][INFO] - Starting to call Test Case 'Test Cases/Butonlar/ButonaTikla'

2021-11-18 11:34:55 - [TEST_CASE][PASSED] - Test Cases/Butonlar/ButonaTikla: Test Cases/Butonlar/ButonaTikla

2021-11-18 11:34:55 - [TEST_STEP][PASSED] - Method.TextDegerineEsitElementeTiklaEquals(findTestObject("Butonlar/Butonlar"), Buton_Adi): Method.TextDegerineEsitElementeTiklaEquals is PASSED

2021-11-18 11:34:55 - [MESSAGE][INFO] - Finding Test Object 'Object Repository/Butonlar/Butonlar'

2021-11-18 11:34:55 - [MESSAGE][INFO] - Checking timeout

2021-11-18 11:34:55 - [MESSAGE][INFO] - Finding web element with id: 'Object Repository/Butonlar/Butonlar' located by 'By.cssSelector: .panel.panel-default.text-center.footerPanel .btn,.btn.btn-primary.btnControls' in '10' second(s)

2021-11-18 11:34:55 - [MESSAGE][INFO] - Smart Wait Function is triggered

2021-11-18 11:34:56 - [MESSAGE][INFO] - Found 17 web elements with id: 'Object Repository/Butonlar/Butonlar' located by 'By.cssSelector: .panel.panel-default.text-center.footerPanel .btn,.btn.btn-primary.btnControls' in '10' second(s)

2021-11-18 11:34:56 - [MESSAGE][PASSED] - Method.TextDegerineEsitElementeTiklaEquals is PASSED

2021-11-18 11:34:56 - [MESSAGE][PASSED] - Call Test Case 'Test Cases/Butonlar/ButonaTikla' successfully

2021-11-18 11:34:56 - [MESSAGE][INFO] - Checking called Test Case

2021-11-18 11:34:56 - [MESSAGE][INFO] - Starting to call Test Case 'Test Cases/Butonlar/AltButonaTikla'

2021-11-18 11:34:56 - [TEST_CASE][PASSED] - Test Cases/Butonlar/AltButonaTikla: Test Cases/Butonlar/AltButonaTikla

2021-11-18 11:34:56 - [TEST_STEP][PASSED] - Method.TextDegerineEsitElementeTikla(findTestObject("Butonlar/AltButonlar"), Alt_Buton): Method.TextDegerineEsitElementeTikla is PASSED

2021-11-18 11:34:56 - [MESSAGE][INFO] - Finding Test Object 'Object Repository/Butonlar/AltButonlar'

2021-11-18 11:34:56 - [MESSAGE][INFO] - Checking timeout

2021-11-18 11:34:56 - [MESSAGE][INFO] - Finding web element with id: 'Object Repository/Butonlar/AltButonlar' located by 'By.cssSelector: .btn-group.open li>a' in '10' second(s)

2021-11-18 11:34:56 - [MESSAGE][INFO] - Smart Wait Function is triggered

2021-11-18 11:34:56 - [MESSAGE][INFO] - Found 4 web elements with id: 'Object Repository/Butonlar/AltButonlar' located by 'By.cssSelector: .btn-group.open li>a' in '10' second(s)

2021-11-18 11:34:57 - [MESSAGE][PASSED] - Method.TextDegerineEsitElementeTikla is PASSED

2021-11-18 11:34:57 - [MESSAGE][PASSED] - Call Test Case 'Test Cases/Butonlar/AltButonaTikla' successfully

2021-11-18 11:34:57 - [MESSAGE][INFO] - Checking called Test Case

2021-11-18 11:34:57 - [MESSAGE][INFO] - Starting to call Test Case 'Test Cases/Popup/PopupMesajiIceriyorMu'

2021-11-18 11:34:57 - [TEST_CASE][PASSED] - Test Cases/Popup/PopupMesajiIceriyorMu: Test Cases/Popup/PopupMesajiIceriyorMu

2021-11-18 11:34:57 - [TEST_STEP][PASSED] - waitForElementVisible(findTestObject("Popup/Popup"), 10): Object 'Object Repository/Popup/Popup' is visible

2021-11-18 11:34:57 - [MESSAGE][INFO] - Finding Test Object 'Object Repository/Popup/Popup'

2021-11-18 11:34:57 - [MESSAGE][INFO] - Checking object

2021-11-18 11:34:57 - [MESSAGE][INFO] - Checking timeout

2021-11-18 11:34:57 - [MESSAGE][INFO] - Finding web element from Test Object's properties

2021-11-18 11:34:57 - [MESSAGE][INFO] - Checking timeout

2021-11-18 11:34:57 - [MESSAGE][INFO] - Finding web element with id: 'Object Repository/Popup/Popup' located by 'By.cssSelector: .bootbox-body' in '10' second(s)

2021-11-18 11:34:57 - [MESSAGE][INFO] - Smart Wait Function is triggered

2021-11-18 11:34:57 - [MESSAGE][INFO] - Found 1 web elements with id: 'Object Repository/Popup/Popup' located by 'By.cssSelector: .bootbox-body' in '10' second(s)

2021-11-18 11:34:57 - [MESSAGE][PASSED] - Object 'Object Repository/Popup/Popup' is visible

2021-11-18 11:34:57 - [TEST_STEP][PASSED] - if (!(getText(findTestObject("Popup/Popup")).contains(Mesaj))): Text of object 'Object Repository/Popup/Popup' is: 'Lütfen rapor bildiriminin gönderileceği e-posta adresini belirtiniz.
e-Posta Adresi'

2021-11-18 11:34:57 - [MESSAGE][INFO] - Finding Test Object 'Object Repository/Popup/Popup'

2021-11-18 11:34:57 - [MESSAGE][INFO] - Checking object

2021-11-18 11:34:57 - [MESSAGE][INFO] - Finding web element from Test Object's properties

2021-11-18 11:34:57 - [MESSAGE][INFO] - Checking timeout

2021-11-18 11:34:57 - [MESSAGE][INFO] - Finding web element with id: 'Object Repository/Popup/Popup' located by 'By.cssSelector: .bootbox-body' in '30' second(s)

2021-11-18 11:34:57 - [MESSAGE][INFO] - Smart Wait Function is triggered

2021-11-18 11:34:57 - [MESSAGE][INFO] - Found 1 web elements with id: 'Object Repository/Popup/Popup' located by 'By.cssSelector: .bootbox-body' in '30' second(s)

2021-11-18 11:34:57 - [MESSAGE][INFO] - Getting text of object 'Object Repository/Popup/Popup'

2021-11-18 11:34:58 - [MESSAGE][PASSED] - Text of object 'Object Repository/Popup/Popup' is: 'Lütfen rapor bildiriminin gönderileceği e-posta adresini belirtiniz.
e-Posta Adresi'

2021-11-18 11:34:58 - [TEST_STEP][PASSED] - RaporNo = getText(findTestObject("Popup/Popup")).substring(0, 6): Text of object 'Object Repository/Popup/Popup' is: 'Lütfen rapor bildiriminin gönderileceği e-posta adresini belirtiniz.
e-Posta Adresi'

2021-11-18 11:34:58 - [MESSAGE][INFO] - Finding Test Object 'Object Repository/Popup/Popup'

2021-11-18 11:34:58 - [MESSAGE][INFO] - Checking object

2021-11-18 11:34:58 - [MESSAGE][INFO] - Finding web element from Test Object's properties

2021-11-18 11:34:58 - [MESSAGE][INFO] - Checking timeout

2021-11-18 11:34:58 - [MESSAGE][INFO] - Finding web element with id: 'Object Repository/Popup/Popup' located by 'By.cssSelector: .bootbox-body' in '30' second(s)

2021-11-18 11:34:58 - [MESSAGE][INFO] - Smart Wait Function is triggered

2021-11-18 11:34:58 - [MESSAGE][INFO] - Found 1 web elements with id: 'Object Repository/Popup/Popup' located by 'By.cssSelector: .bootbox-body' in '30' second(s)

2021-11-18 11:34:58 - [MESSAGE][INFO] - Getting text of object 'Object Repository/Popup/Popup'

2021-11-18 11:34:58 - [MESSAGE][PASSED] - Text of object 'Object Repository/Popup/Popup' is: 'Lütfen rapor bildiriminin gönderileceği e-posta adresini belirtiniz.
e-Posta Adresi'

2021-11-18 11:34:58 - [TEST_STEP][PASSED] - Console.println(RaporNo): null

2021-11-18 11:34:58 - [MESSAGE][PASSED] - Call Test Case 'Test Cases/Popup/PopupMesajiIceriyorMu' successfully

2021-11-18 11:34:58 - [MESSAGE][INFO] - Checking called Test Case

2021-11-18 11:34:58 - [MESSAGE][INFO] - Starting to call Test Case 'Test Cases/Popup/PopupaEmailEklenir'

2021-11-18 11:34:58 - [TEST_CASE][PASSED] - Test Cases/Popup/PopupaEmailEklenir: Test Cases/Popup/PopupaEmailEklenir

2021-11-18 11:34:58 - [TEST_STEP][PASSED] - clearText(findTestObject("Popup/EmailText")): Text of object 'Object Repository/Popup/EmailText' is cleared

2021-11-18 11:34:58 - [MESSAGE][INFO] - Finding Test Object 'Object Repository/Popup/EmailText'

2021-11-18 11:34:58 - [MESSAGE][INFO] - Checking object

2021-11-18 11:34:58 - [MESSAGE][INFO] - Finding web element from Test Object's properties

2021-11-18 11:34:58 - [MESSAGE][INFO] - Checking timeout

2021-11-18 11:34:58 - [MESSAGE][INFO] - Finding web element with id: 'Object Repository/Popup/EmailText' located by 'By.xpath: //*[@id="eMails"]' in '30' second(s)

2021-11-18 11:34:58 - [MESSAGE][INFO] - Smart Wait Function is triggered

2021-11-18 11:34:58 - [MESSAGE][INFO] - Found 1 web elements with id: 'Object Repository/Popup/EmailText' located by 'By.xpath: //*[@id="eMails"]' in '30' second(s)

2021-11-18 11:34:58 - [MESSAGE][INFO] - Clearing text of object 'Object Repository/Popup/EmailText'

2021-11-18 11:34:58 - [MESSAGE][PASSED] - Text of object 'Object Repository/Popup/EmailText' is cleared

2021-11-18 11:34:58 - [TEST_STEP][PASSED] - sendKeys(findTestObject("Popup/EmailText"), Email): Keys 'elogotest@gmail.com;ali.kara@logo.com.tr' sent to object: 'Object Repository/Popup/EmailText'

2021-11-18 11:34:58 - [MESSAGE][INFO] - Finding Test Object 'Object Repository/Popup/EmailText'

2021-11-18 11:34:59 - [MESSAGE][INFO] - Sending keys 'elogotest@gmail.com;ali.kara@logo.com.tr' to object: 'Object Repository/Popup/EmailText'

2021-11-18 11:34:59 - [MESSAGE][INFO] - Finding web element from Test Object's properties

2021-11-18 11:34:59 - [MESSAGE][INFO] - Checking timeout

2021-11-18 11:34:59 - [MESSAGE][INFO] - Finding web element with id: 'Object Repository/Popup/EmailText' located by 'By.xpath: //*[@id="eMails"]' in '30' second(s)

2021-11-18 11:34:59 - [MESSAGE][INFO] - Smart Wait Function is triggered

2021-11-18 11:34:59 - [MESSAGE][INFO] - Found 1 web elements with id: 'Object Repository/Popup/EmailText' located by 'By.xpath: //*[@id="eMails"]' in '30' second(s)

2021-11-18 11:34:59 - [MESSAGE][PASSED] - Keys 'elogotest@gmail.com;ali.kara@logo.com.tr' sent to object: 'Object Repository/Popup/EmailText'

2021-11-18 11:34:59 - [MESSAGE][PASSED] - Call Test Case 'Test Cases/Popup/PopupaEmailEklenir' successfully

2021-11-18 11:34:59 - [MESSAGE][INFO] - Checking called Test Case

2021-11-18 11:34:59 - [MESSAGE][INFO] - Starting to call Test Case 'Test Cases/Popup/PopupButonSecilir'

2021-11-18 11:34:59 - [TEST_CASE][PASSED] - Test Cases/Popup/PopupButonSecilir: Test Cases/Popup/PopupButonSecilir

2021-11-18 11:34:59 - [TEST_STEP][PASSED] - Method.TextDegerineEsitElementeTikla(findTestObject("Popup/Popup_Butons"), Buton): Method.TextDegerineEsitElementeTikla is PASSED

2021-11-18 11:34:59 - [MESSAGE][INFO] - Finding Test Object 'Object Repository/Popup/Popup_Butons'

2021-11-18 11:34:59 - [MESSAGE][INFO] - Checking timeout

2021-11-18 11:34:59 - [MESSAGE][INFO] - Finding web element with id: 'Object Repository/Popup/Popup_Butons' located by 'By.cssSelector: .modal-footer>button' in '10' second(s)

2021-11-18 11:34:59 - [MESSAGE][INFO] - Smart Wait Function is triggered

2021-11-18 11:35:00 - [MESSAGE][INFO] - Found 2 web elements with id: 'Object Repository/Popup/Popup_Butons' located by 'By.cssSelector: .modal-footer>button' in '10' second(s)

2021-11-18 11:35:00 - [MESSAGE][PASSED] - Method.TextDegerineEsitElementeTikla is PASSED

2021-11-18 11:35:00 - [MESSAGE][PASSED] - Call Test Case 'Test Cases/Popup/PopupButonSecilir' successfully

2021-11-18 11:35:00 - [MESSAGE][INFO] - Checking called Test Case

2021-11-18 11:35:00 - [MESSAGE][INFO] - Starting to call Test Case 'Test Cases/Popup/PopupMesajiIceriyorMu'

2021-11-18 11:35:00 - [TEST_CASE][PASSED] - Test Cases/Popup/PopupMesajiIceriyorMu: Test Cases/Popup/PopupMesajiIceriyorMu

2021-11-18 11:35:00 - [TEST_STEP][PASSED] - waitForElementVisible(findTestObject("Popup/Popup"), 10): Object 'Object Repository/Popup/Popup' is visible

2021-11-18 11:35:00 - [MESSAGE][INFO] - Finding Test Object 'Object Repository/Popup/Popup'

2021-11-18 11:35:00 - [MESSAGE][INFO] - Checking object

2021-11-18 11:35:00 - [MESSAGE][INFO] - Checking timeout

2021-11-18 11:35:00 - [MESSAGE][INFO] - Finding web element from Test Object's properties

2021-11-18 11:35:00 - [MESSAGE][INFO] - Checking timeout

2021-11-18 11:35:00 - [MESSAGE][INFO] - Finding web element with id: 'Object Repository/Popup/Popup' located by 'By.cssSelector: .bootbox-body' in '10' second(s)

2021-11-18 11:35:00 - [MESSAGE][INFO] - Smart Wait Function is triggered

2021-11-18 11:35:00 - [MESSAGE][INFO] - Found 1 web elements with id: 'Object Repository/Popup/Popup' located by 'By.cssSelector: .bootbox-body' in '10' second(s)

2021-11-18 11:35:01 - [MESSAGE][PASSED] - Object 'Object Repository/Popup/Popup' is visible

2021-11-18 11:35:01 - [TEST_STEP][PASSED] - if (!(getText(findTestObject("Popup/Popup")).contains(Mesaj))): Text of object 'Object Repository/Popup/Popup' is: '17363 no’lu talebiniz işleme alınmıştır. Raporunuz hazırlandığında (elogotest@gmail.com;ali.kara@logo.com.tr) adresinize mail gönderilecektir.
Rapor durumunuzu Raporlar > Toplu Veri İndirme ekranından takip edebilir, hazırlandı durumundaki raporlarınızı ilgili menüden indirebilirsiniz.'

2021-11-18 11:35:01 - [MESSAGE][INFO] - Finding Test Object 'Object Repository/Popup/Popup'

2021-11-18 11:35:01 - [MESSAGE][INFO] - Checking object

2021-11-18 11:35:01 - [MESSAGE][INFO] - Finding web element from Test Object's properties

2021-11-18 11:35:01 - [MESSAGE][INFO] - Checking timeout

2021-11-18 11:35:01 - [MESSAGE][INFO] - Finding web element with id: 'Object Repository/Popup/Popup' located by 'By.cssSelector: .bootbox-body' in '30' second(s)

2021-11-18 11:35:01 - [MESSAGE][INFO] - Smart Wait Function is triggered

2021-11-18 11:35:01 - [MESSAGE][INFO] - Found 1 web elements with id: 'Object Repository/Popup/Popup' located by 'By.cssSelector: .bootbox-body' in '30' second(s)

2021-11-18 11:35:01 - [MESSAGE][INFO] - Getting text of object 'Object Repository/Popup/Popup'

2021-11-18 11:35:01 - [MESSAGE][PASSED] - Text of object 'Object Repository/Popup/Popup' is: '17363 no’lu talebiniz işleme alınmıştır. Raporunuz hazırlandığında (elogotest@gmail.com;ali.kara@logo.com.tr) adresinize mail gönderilecektir.
Rapor durumunuzu Raporlar > Toplu Veri İndirme ekranından takip edebilir, hazırlandı durumundaki raporlarınızı ilgili menüden indirebilirsiniz.'

2021-11-18 11:35:01 - [TEST_STEP][PASSED] - RaporNo = getText(findTestObject("Popup/Popup")).substring(0, 6): Text of object 'Object Repository/Popup/Popup' is: '17363 no’lu talebiniz işleme alınmıştır. Raporunuz hazırlandığında (elogotest@gmail.com;ali.kara@logo.com.tr) adresinize mail gönderilecektir.
Rapor durumunuzu Raporlar > Toplu Veri İndirme ekranından takip edebilir, hazırlandı durumundaki raporlarınızı ilgili menüden indirebilirsiniz.'

2021-11-18 11:35:01 - [MESSAGE][INFO] - Finding Test Object 'Object Repository/Popup/Popup'

2021-11-18 11:35:01 - [MESSAGE][INFO] - Checking object

2021-11-18 11:35:01 - [MESSAGE][INFO] - Finding web element from Test Object's properties

2021-11-18 11:35:01 - [MESSAGE][INFO] - Checking timeout

2021-11-18 11:35:01 - [MESSAGE][INFO] - Finding web element with id: 'Object Repository/Popup/Popup' located by 'By.cssSelector: .bootbox-body' in '30' second(s)

2021-11-18 11:35:01 - [MESSAGE][INFO] - Smart Wait Function is triggered

2021-11-18 11:35:01 - [MESSAGE][INFO] - Found 1 web elements with id: 'Object Repository/Popup/Popup' located by 'By.cssSelector: .bootbox-body' in '30' second(s)

2021-11-18 11:35:01 - [MESSAGE][INFO] - Getting text of object 'Object Repository/Popup/Popup'

2021-11-18 11:35:01 - [MESSAGE][PASSED] - Text of object 'Object Repository/Popup/Popup' is: '17363 no’lu talebiniz işleme alınmıştır. Raporunuz hazırlandığında (elogotest@gmail.com;ali.kara@logo.com.tr) adresinize mail gönderilecektir.
Rapor durumunuzu Raporlar > Toplu Veri İndirme ekranından takip edebilir, hazırlandı durumundaki raporlarınızı ilgili menüden indirebilirsiniz.'

2021-11-18 11:35:01 - [TEST_STEP][PASSED] - Console.println(RaporNo): null

2021-11-18 11:35:01 - [MESSAGE][PASSED] - Call Test Case 'Test Cases/Popup/PopupMesajiIceriyorMu' successfully

2021-11-18 11:35:01 - [MESSAGE][INFO] - Checking called Test Case

2021-11-18 11:35:01 - [MESSAGE][INFO] - Starting to call Test Case 'Test Cases/Popup/PopupButonSecilir'

2021-11-18 11:35:01 - [TEST_CASE][PASSED] - Test Cases/Popup/PopupButonSecilir: Test Cases/Popup/PopupButonSecilir

2021-11-18 11:35:01 - [TEST_STEP][PASSED] - Method.TextDegerineEsitElementeTikla(findTestObject("Popup/Popup_Butons"), Buton): Method.TextDegerineEsitElementeTikla is PASSED

2021-11-18 11:35:01 - [MESSAGE][INFO] - Finding Test Object 'Object Repository/Popup/Popup_Butons'

2021-11-18 11:35:01 - [MESSAGE][INFO] - Checking timeout

2021-11-18 11:35:01 - [MESSAGE][INFO] - Finding web element with id: 'Object Repository/Popup/Popup_Butons' located by 'By.cssSelector: .modal-footer>button' in '10' second(s)

2021-11-18 11:35:01 - [MESSAGE][INFO] - Smart Wait Function is triggered

2021-11-18 11:35:02 - [MESSAGE][INFO] - Found 1 web elements with id: 'Object Repository/Popup/Popup_Butons' located by 'By.cssSelector: .modal-footer>button' in '10' second(s)

2021-11-18 11:35:02 - [MESSAGE][PASSED] - Method.TextDegerineEsitElementeTikla is PASSED

2021-11-18 11:35:02 - [MESSAGE][PASSED] - Call Test Case 'Test Cases/Popup/PopupButonSecilir' successfully

2021-11-18 11:35:02 - [MESSAGE][INFO] - Checking called Test Case

2021-11-18 11:35:02 - [MESSAGE][INFO] - Starting to call Test Case 'Test Cases/Butonlar/ButonaTikla'

2021-11-18 11:35:02 - [TEST_CASE][PASSED] - Test Cases/Butonlar/ButonaTikla: Test Cases/Butonlar/ButonaTikla

2021-11-18 11:35:02 - [TEST_STEP][PASSED] - Method.TextDegerineEsitElementeTiklaEquals(findTestObject("Butonlar/Butonlar"), Buton_Adi): Method.TextDegerineEsitElementeTiklaEquals is PASSED

2021-11-18 11:35:02 - [MESSAGE][INFO] - Finding Test Object 'Object Repository/Butonlar/Butonlar'

2021-11-18 11:35:02 - [MESSAGE][INFO] - Checking timeout

2021-11-18 11:35:02 - [MESSAGE][INFO] - Finding web element with id: 'Object Repository/Butonlar/Butonlar' located by 'By.cssSelector: .panel.panel-default.text-center.footerPanel .btn,.btn.btn-primary.btnControls' in '10' second(s)

2021-11-18 11:35:02 - [MESSAGE][INFO] - Smart Wait Function is triggered

2021-11-18 11:35:03 - [MESSAGE][INFO] - Found 17 web elements with id: 'Object Repository/Butonlar/Butonlar' located by 'By.cssSelector: .panel.panel-default.text-center.footerPanel .btn,.btn.btn-primary.btnControls' in '10' second(s)

2021-11-18 11:35:03 - [MESSAGE][PASSED] - Method.TextDegerineEsitElementeTiklaEquals is PASSED

2021-11-18 11:35:03 - [MESSAGE][PASSED] - Call Test Case 'Test Cases/Butonlar/ButonaTikla' successfully

2021-11-18 11:35:03 - [MESSAGE][INFO] - Checking called Test Case

2021-11-18 11:35:03 - [MESSAGE][INFO] - Starting to call Test Case 'Test Cases/Butonlar/AltButonaTikla'

2021-11-18 11:35:03 - [TEST_CASE][PASSED] - Test Cases/Butonlar/AltButonaTikla: Test Cases/Butonlar/AltButonaTikla

2021-11-18 11:35:03 - [TEST_STEP][PASSED] - Method.TextDegerineEsitElementeTikla(findTestObject("Butonlar/AltButonlar"), Alt_Buton): Method.TextDegerineEsitElementeTikla is PASSED

2021-11-18 11:35:03 - [MESSAGE][INFO] - Finding Test Object 'Object Repository/Butonlar/AltButonlar'

2021-11-18 11:35:03 - [MESSAGE][INFO] - Checking timeout

2021-11-18 11:35:03 - [MESSAGE][INFO] - Finding web element with id: 'Object Repository/Butonlar/AltButonlar' located by 'By.cssSelector: .btn-group.open li>a' in '10' second(s)

2021-11-18 11:35:03 - [MESSAGE][INFO] - Smart Wait Function is triggered

2021-11-18 11:35:03 - [MESSAGE][INFO] - Found 4 web elements with id: 'Object Repository/Butonlar/AltButonlar' located by 'By.cssSelector: .btn-group.open li>a' in '10' second(s)

2021-11-18 11:35:03 - [MESSAGE][PASSED] - Method.TextDegerineEsitElementeTikla is PASSED

2021-11-18 11:35:03 - [MESSAGE][PASSED] - Call Test Case 'Test Cases/Butonlar/AltButonaTikla' successfully

2021-11-18 11:35:03 - [MESSAGE][INFO] - Checking called Test Case

2021-11-18 11:35:03 - [MESSAGE][INFO] - Starting to call Test Case 'Test Cases/Popup/PopupMesajiIceriyorMu'

2021-11-18 11:35:03 - [TEST_CASE][PASSED] - Test Cases/Popup/PopupMesajiIceriyorMu: Test Cases/Popup/PopupMesajiIceriyorMu

2021-11-18 11:35:03 - [TEST_STEP][PASSED] - waitForElementVisible(findTestObject("Popup/Popup"), 10): Object 'Object Repository/Popup/Popup' is visible

2021-11-18 11:35:03 - [MESSAGE][INFO] - Finding Test Object 'Object Repository/Popup/Popup'

2021-11-18 11:35:03 - [MESSAGE][INFO] - Checking object

2021-11-18 11:35:03 - [MESSAGE][INFO] - Checking timeout

2021-11-18 11:35:03 - [MESSAGE][INFO] - Finding web element from Test Object's properties

2021-11-18 11:35:03 - [MESSAGE][INFO] - Checking timeout

2021-11-18 11:35:03 - [MESSAGE][INFO] - Finding web element with id: 'Object Repository/Popup/Popup' located by 'By.cssSelector: .bootbox-body' in '10' second(s)

2021-11-18 11:35:03 - [MESSAGE][INFO] - Smart Wait Function is triggered

2021-11-18 11:35:04 - [MESSAGE][INFO] - Found 1 web elements with id: 'Object Repository/Popup/Popup' located by 'By.cssSelector: .bootbox-body' in '10' second(s)

2021-11-18 11:35:04 - [MESSAGE][PASSED] - Object 'Object Repository/Popup/Popup' is visible

2021-11-18 11:35:04 - [TEST_STEP][PASSED] - if (!(getText(findTestObject("Popup/Popup")).contains(Mesaj))): Text of object 'Object Repository/Popup/Popup' is: 'Lütfen rapor bildiriminin gönderileceği e-posta adresini belirtiniz.
e-Posta Adresi'

2021-11-18 11:35:04 - [MESSAGE][INFO] - Finding Test Object 'Object Repository/Popup/Popup'

2021-11-18 11:35:04 - [MESSAGE][INFO] - Checking object

2021-11-18 11:35:04 - [MESSAGE][INFO] - Finding web element from Test Object's properties

2021-11-18 11:35:04 - [MESSAGE][INFO] - Checking timeout

2021-11-18 11:35:04 - [MESSAGE][INFO] - Finding web element with id: 'Object Repository/Popup/Popup' located by 'By.cssSelector: .bootbox-body' in '30' second(s)

2021-11-18 11:35:04 - [MESSAGE][INFO] - Smart Wait Function is triggered

2021-11-18 11:35:04 - [MESSAGE][INFO] - Found 1 web elements with id: 'Object Repository/Popup/Popup' located by 'By.cssSelector: .bootbox-body' in '30' second(s)

2021-11-18 11:35:04 - [MESSAGE][INFO] - Getting text of object 'Object Repository/Popup/Popup'

2021-11-18 11:35:04 - [MESSAGE][PASSED] - Text of object 'Object Repository/Popup/Popup' is: 'Lütfen rapor bildiriminin gönderileceği e-posta adresini belirtiniz.
e-Posta Adresi'

2021-11-18 11:35:04 - [TEST_STEP][PASSED] - RaporNo = getText(findTestObject("Popup/Popup")).substring(0, 6): Text of object 'Object Repository/Popup/Popup' is: 'Lütfen rapor bildiriminin gönderileceği e-posta adresini belirtiniz.
e-Posta Adresi'

2021-11-18 11:35:04 - [MESSAGE][INFO] - Finding Test Object 'Object Repository/Popup/Popup'

2021-11-18 11:35:04 - [MESSAGE][INFO] - Checking object

2021-11-18 11:35:04 - [MESSAGE][INFO] - Finding web element from Test Object's properties

2021-11-18 11:35:04 - [MESSAGE][INFO] - Checking timeout

2021-11-18 11:35:04 - [MESSAGE][INFO] - Finding web element with id: 'Object Repository/Popup/Popup' located by 'By.cssSelector: .bootbox-body' in '30' second(s)

2021-11-18 11:35:04 - [MESSAGE][INFO] - Smart Wait Function is triggered

2021-11-18 11:35:04 - [MESSAGE][INFO] - Found 1 web elements with id: 'Object Repository/Popup/Popup' located by 'By.cssSelector: .bootbox-body' in '30' second(s)

2021-11-18 11:35:04 - [MESSAGE][INFO] - Getting text of object 'Object Repository/Popup/Popup'

2021-11-18 11:35:04 - [MESSAGE][PASSED] - Text of object 'Object Repository/Popup/Popup' is: 'Lütfen rapor bildiriminin gönderileceği e-posta adresini belirtiniz.
e-Posta Adresi'

2021-11-18 11:35:04 - [TEST_STEP][PASSED] - Console.println(RaporNo): null

2021-11-18 11:35:04 - [MESSAGE][PASSED] - Call Test Case 'Test Cases/Popup/PopupMesajiIceriyorMu' successfully

2021-11-18 11:35:04 - [MESSAGE][INFO] - Checking called Test Case

2021-11-18 11:35:04 - [MESSAGE][INFO] - Starting to call Test Case 'Test Cases/Popup/PopupaEmailEklenir'

2021-11-18 11:35:04 - [TEST_CASE][PASSED] - Test Cases/Popup/PopupaEmailEklenir: Test Cases/Popup/PopupaEmailEklenir

2021-11-18 11:35:04 - [TEST_STEP][PASSED] - clearText(findTestObject("Popup/EmailText")): Text of object 'Object Repository/Popup/EmailText' is cleared

2021-11-18 11:35:04 - [MESSAGE][INFO] - Finding Test Object 'Object Repository/Popup/EmailText'

2021-11-18 11:35:05 - [MESSAGE][INFO] - Checking object

2021-11-18 11:35:05 - [MESSAGE][INFO] - Finding web element from Test Object's properties

2021-11-18 11:35:05 - [MESSAGE][INFO] - Checking timeout

2021-11-18 11:35:05 - [MESSAGE][INFO] - Finding web element with id: 'Object Repository/Popup/EmailText' located by 'By.xpath: //*[@id="eMails"]' in '30' second(s)

2021-11-18 11:35:05 - [MESSAGE][INFO] - Smart Wait Function is triggered

2021-11-18 11:35:05 - [MESSAGE][INFO] - Found 1 web elements with id: 'Object Repository/Popup/EmailText' located by 'By.xpath: //*[@id="eMails"]' in '30' second(s)

2021-11-18 11:35:05 - [MESSAGE][INFO] - Clearing text of object 'Object Repository/Popup/EmailText'

2021-11-18 11:35:05 - [MESSAGE][PASSED] - Text of object 'Object Repository/Popup/EmailText' is cleared

2021-11-18 11:35:05 - [TEST_STEP][PASSED] - sendKeys(findTestObject("Popup/EmailText"), Email): Keys 'elogotest@gmail.com;ali.kara@logo.com.tr' sent to object: 'Object Repository/Popup/EmailText'

2021-11-18 11:35:05 - [MESSAGE][INFO] - Finding Test Object 'Object Repository/Popup/EmailText'

2021-11-18 11:35:05 - [MESSAGE][INFO] - Sending keys 'elogotest@gmail.com;ali.kara@logo.com.tr' to object: 'Object Repository/Popup/EmailText'

2021-11-18 11:35:05 - [MESSAGE][INFO] - Finding web element from Test Object's properties

2021-11-18 11:35:05 - [MESSAGE][INFO] - Checking timeout

2021-11-18 11:35:05 - [MESSAGE][INFO] - Finding web element with id: 'Object Repository/Popup/EmailText' located by 'By.xpath: //*[@id="eMails"]' in '30' second(s)

2021-11-18 11:35:05 - [MESSAGE][INFO] - Smart Wait Function is triggered

2021-11-18 11:35:05 - [MESSAGE][INFO] - Found 1 web elements with id: 'Object Repository/Popup/EmailText' located by 'By.xpath: //*[@id="eMails"]' in '30' second(s)

2021-11-18 11:35:05 - [MESSAGE][PASSED] - Keys 'elogotest@gmail.com;ali.kara@logo.com.tr' sent to object: 'Object Repository/Popup/EmailText'

2021-11-18 11:35:05 - [MESSAGE][PASSED] - Call Test Case 'Test Cases/Popup/PopupaEmailEklenir' successfully

2021-11-18 11:35:05 - [MESSAGE][INFO] - Checking called Test Case

2021-11-18 11:35:05 - [MESSAGE][INFO] - Starting to call Test Case 'Test Cases/Popup/PopupButonSecilir'

2021-11-18 11:35:05 - [TEST_CASE][PASSED] - Test Cases/Popup/PopupButonSecilir: Test Cases/Popup/PopupButonSecilir

2021-11-18 11:35:05 - [TEST_STEP][PASSED] - Method.TextDegerineEsitElementeTikla(findTestObject("Popup/Popup_Butons"), Buton): Method.TextDegerineEsitElementeTikla is PASSED

2021-11-18 11:35:05 - [MESSAGE][INFO] - Finding Test Object 'Object Repository/Popup/Popup_Butons'

2021-11-18 11:35:05 - [MESSAGE][INFO] - Checking timeout

2021-11-18 11:35:05 - [MESSAGE][INFO] - Finding web element with id: 'Object Repository/Popup/Popup_Butons' located by 'By.cssSelector: .modal-footer>button' in '10' second(s)

2021-11-18 11:35:05 - [MESSAGE][INFO] - Smart Wait Function is triggered

2021-11-18 11:35:06 - [MESSAGE][INFO] - Found 2 web elements with id: 'Object Repository/Popup/Popup_Butons' located by 'By.cssSelector: .modal-footer>button' in '10' second(s)

2021-11-18 11:35:06 - [MESSAGE][PASSED] - Method.TextDegerineEsitElementeTikla is PASSED

2021-11-18 11:35:06 - [MESSAGE][PASSED] - Call Test Case 'Test Cases/Popup/PopupButonSecilir' successfully

2021-11-18 11:35:06 - [MESSAGE][INFO] - Checking called Test Case

2021-11-18 11:35:06 - [MESSAGE][INFO] - Starting to call Test Case 'Test Cases/Popup/PopupMesajiIceriyorMu'

2021-11-18 11:35:06 - [TEST_CASE][PASSED] - Test Cases/Popup/PopupMesajiIceriyorMu: Test Cases/Popup/PopupMesajiIceriyorMu

2021-11-18 11:35:06 - [TEST_STEP][PASSED] - waitForElementVisible(findTestObject("Popup/Popup"), 10): Object 'Object Repository/Popup/Popup' is visible

2021-11-18 11:35:06 - [MESSAGE][INFO] - Finding Test Object 'Object Repository/Popup/Popup'

2021-11-18 11:35:06 - [MESSAGE][INFO] - Checking object

2021-11-18 11:35:06 - [MESSAGE][INFO] - Checking timeout

2021-11-18 11:35:06 - [MESSAGE][INFO] - Finding web element from Test Object's properties

2021-11-18 11:35:06 - [MESSAGE][INFO] - Checking timeout

2021-11-18 11:35:06 - [MESSAGE][INFO] - Finding web element with id: 'Object Repository/Popup/Popup' located by 'By.cssSelector: .bootbox-body' in '10' second(s)

2021-11-18 11:35:06 - [MESSAGE][INFO] - Smart Wait Function is triggered

2021-11-18 11:35:06 - [MESSAGE][INFO] - Found 1 web elements with id: 'Object Repository/Popup/Popup' located by 'By.cssSelector: .bootbox-body' in '10' second(s)

2021-11-18 11:35:07 - [MESSAGE][PASSED] - Object 'Object Repository/Popup/Popup' is visible

2021-11-18 11:35:07 - [TEST_STEP][PASSED] - if (!(getText(findTestObject("Popup/Popup")).contains(Mesaj))): Text of object 'Object Repository/Popup/Popup' is: '17364 no’lu talebiniz işleme alınmıştır. Raporunuz hazırlandığında (elogotest@gmail.com;ali.kara@logo.com.tr) adresinize mail gönderilecektir.
Rapor durumunuzu Raporlar > Toplu Veri İndirme ekranından takip edebilir, hazırlandı durumundaki raporlarınızı ilgili menüden indirebilirsiniz.'

2021-11-18 11:35:07 - [MESSAGE][INFO] - Finding Test Object 'Object Repository/Popup/Popup'

2021-11-18 11:35:07 - [MESSAGE][INFO] - Checking object

2021-11-18 11:35:07 - [MESSAGE][INFO] - Finding web element from Test Object's properties

2021-11-18 11:35:07 - [MESSAGE][INFO] - Checking timeout

2021-11-18 11:35:07 - [MESSAGE][INFO] - Finding web element with id: 'Object Repository/Popup/Popup' located by 'By.cssSelector: .bootbox-body' in '30' second(s)

2021-11-18 11:35:07 - [MESSAGE][INFO] - Smart Wait Function is triggered

2021-11-18 11:35:07 - [MESSAGE][INFO] - Found 1 web elements with id: 'Object Repository/Popup/Popup' located by 'By.cssSelector: .bootbox-body' in '30' second(s)

2021-11-18 11:35:07 - [MESSAGE][INFO] - Getting text of object 'Object Repository/Popup/Popup'

2021-11-18 11:35:07 - [MESSAGE][PASSED] - Text of object 'Object Repository/Popup/Popup' is: '17364 no’lu talebiniz işleme alınmıştır. Raporunuz hazırlandığında (elogotest@gmail.com;ali.kara@logo.com.tr) adresinize mail gönderilecektir.
Rapor durumunuzu Raporlar > Toplu Veri İndirme ekranından takip edebilir, hazırlandı durumundaki raporlarınızı ilgili menüden indirebilirsiniz.'

2021-11-18 11:35:07 - [TEST_STEP][PASSED] - RaporNo = getText(findTestObject("Popup/Popup")).substring(0, 6): Text of object 'Object Repository/Popup/Popup' is: '17364 no’lu talebiniz işleme alınmıştır. Raporunuz hazırlandığında (elogotest@gmail.com;ali.kara@logo.com.tr) adresinize mail gönderilecektir.
Rapor durumunuzu Raporlar > Toplu Veri İndirme ekranından takip edebilir, hazırlandı durumundaki raporlarınızı ilgili menüden indirebilirsiniz.'

2021-11-18 11:35:07 - [MESSAGE][INFO] - Finding Test Object 'Object Repository/Popup/Popup'

2021-11-18 11:35:07 - [MESSAGE][INFO] - Checking object

2021-11-18 11:35:07 - [MESSAGE][INFO] - Finding web element from Test Object's properties

2021-11-18 11:35:07 - [MESSAGE][INFO] - Checking timeout

2021-11-18 11:35:07 - [MESSAGE][INFO] - Finding web element with id: 'Object Repository/Popup/Popup' located by 'By.cssSelector: .bootbox-body' in '30' second(s)

2021-11-18 11:35:07 - [MESSAGE][INFO] - Smart Wait Function is triggered

2021-11-18 11:35:07 - [MESSAGE][INFO] - Found 1 web elements with id: 'Object Repository/Popup/Popup' located by 'By.cssSelector: .bootbox-body' in '30' second(s)

2021-11-18 11:35:07 - [MESSAGE][INFO] - Getting text of object 'Object Repository/Popup/Popup'

2021-11-18 11:35:07 - [MESSAGE][PASSED] - Text of object 'Object Repository/Popup/Popup' is: '17364 no’lu talebiniz işleme alınmıştır. Raporunuz hazırlandığında (elogotest@gmail.com;ali.kara@logo.com.tr) adresinize mail gönderilecektir.
Rapor durumunuzu Raporlar > Toplu Veri İndirme ekranından takip edebilir, hazırlandı durumundaki raporlarınızı ilgili menüden indirebilirsiniz.'

2021-11-18 11:35:07 - [TEST_STEP][PASSED] - Console.println(RaporNo): null

2021-11-18 11:35:07 - [MESSAGE][PASSED] - Call Test Case 'Test Cases/Popup/PopupMesajiIceriyorMu' successfully

2021-11-18 11:35:07 - [MESSAGE][INFO] - Checking called Test Case

2021-11-18 11:35:07 - [MESSAGE][INFO] - Starting to call Test Case 'Test Cases/Popup/PopupButonSecilir'

2021-11-18 11:35:07 - [TEST_CASE][PASSED] - Test Cases/Popup/PopupButonSecilir: Test Cases/Popup/PopupButonSecilir

2021-11-18 11:35:07 - [TEST_STEP][PASSED] - Method.TextDegerineEsitElementeTikla(findTestObject("Popup/Popup_Butons"), Buton): Method.TextDegerineEsitElementeTikla is PASSED

2021-11-18 11:35:07 - [MESSAGE][INFO] - Finding Test Object 'Object Repository/Popup/Popup_Butons'

2021-11-18 11:35:07 - [MESSAGE][INFO] - Checking timeout

2021-11-18 11:35:07 - [MESSAGE][INFO] - Finding web element with id: 'Object Repository/Popup/Popup_Butons' located by 'By.cssSelector: .modal-footer>button' in '10' second(s)

2021-11-18 11:35:07 - [MESSAGE][INFO] - Smart Wait Function is triggered

2021-11-18 11:35:08 - [MESSAGE][INFO] - Found 1 web elements with id: 'Object Repository/Popup/Popup_Butons' located by 'By.cssSelector: .modal-footer>button' in '10' second(s)

2021-11-18 11:35:08 - [MESSAGE][PASSED] - Method.TextDegerineEsitElementeTikla is PASSED

2021-11-18 11:35:08 - [MESSAGE][PASSED] - Call Test Case 'Test Cases/Popup/PopupButonSecilir' successfully

2021-11-18 11:35:08 - [MESSAGE][INFO] - Checking called Test Case

2021-11-18 11:35:08 - [MESSAGE][INFO] - Starting to call Test Case 'Test Cases/Butonlar/ButonaTikla'

2021-11-18 11:35:08 - [TEST_CASE][PASSED] - Test Cases/Butonlar/ButonaTikla: Test Cases/Butonlar/ButonaTikla

2021-11-18 11:35:08 - [TEST_STEP][PASSED] - Method.TextDegerineEsitElementeTiklaEquals(findTestObject("Butonlar/Butonlar"), Buton_Adi): Method.TextDegerineEsitElementeTiklaEquals is PASSED

2021-11-18 11:35:08 - [MESSAGE][INFO] - Finding Test Object 'Object Repository/Butonlar/Butonlar'

2021-11-18 11:35:08 - [MESSAGE][INFO] - Checking timeout

2021-11-18 11:35:08 - [MESSAGE][INFO] - Finding web element with id: 'Object Repository/Butonlar/Butonlar' located by 'By.cssSelector: .panel.panel-default.text-center.footerPanel .btn,.btn.btn-primary.btnControls' in '10' second(s)

2021-11-18 11:35:08 - [MESSAGE][INFO] - Smart Wait Function is triggered

2021-11-18 11:35:09 - [MESSAGE][INFO] - Found 17 web elements with id: 'Object Repository/Butonlar/Butonlar' located by 'By.cssSelector: .panel.panel-default.text-center.footerPanel .btn,.btn.btn-primary.btnControls' in '10' second(s)

2021-11-18 11:35:09 - [MESSAGE][PASSED] - Method.TextDegerineEsitElementeTiklaEquals is PASSED

2021-11-18 11:35:09 - [MESSAGE][PASSED] - Call Test Case 'Test Cases/Butonlar/ButonaTikla' successfully

2021-11-18 11:35:09 - [MESSAGE][INFO] - Checking called Test Case

2021-11-18 11:35:09 - [MESSAGE][INFO] - Starting to call Test Case 'Test Cases/Butonlar/AltButonaTikla'

2021-11-18 11:35:09 - [TEST_CASE][PASSED] - Test Cases/Butonlar/AltButonaTikla: Test Cases/Butonlar/AltButonaTikla

2021-11-18 11:35:09 - [TEST_STEP][PASSED] - Method.TextDegerineEsitElementeTikla(findTestObject("Butonlar/AltButonlar"), Alt_Buton): Method.TextDegerineEsitElementeTikla is PASSED

2021-11-18 11:35:09 - [MESSAGE][INFO] - Finding Test Object 'Object Repository/Butonlar/AltButonlar'

2021-11-18 11:35:09 - [MESSAGE][INFO] - Checking timeout

2021-11-18 11:35:09 - [MESSAGE][INFO] - Finding web element with id: 'Object Repository/Butonlar/AltButonlar' located by 'By.cssSelector: .btn-group.open li>a' in '10' second(s)

2021-11-18 11:35:09 - [MESSAGE][INFO] - Smart Wait Function is triggered

2021-11-18 11:35:09 - [MESSAGE][INFO] - Found 4 web elements with id: 'Object Repository/Butonlar/AltButonlar' located by 'By.cssSelector: .btn-group.open li>a' in '10' second(s)

2021-11-18 11:35:09 - [MESSAGE][PASSED] - Method.TextDegerineEsitElementeTikla is PASSED

2021-11-18 11:35:09 - [MESSAGE][PASSED] - Call Test Case 'Test Cases/Butonlar/AltButonaTikla' successfully

2021-11-18 11:35:09 - [MESSAGE][INFO] - Checking called Test Case

2021-11-18 11:35:09 - [MESSAGE][INFO] - Starting to call Test Case 'Test Cases/Popup/PopupMesajiIceriyorMu'

2021-11-18 11:35:09 - [TEST_CASE][PASSED] - Test Cases/Popup/PopupMesajiIceriyorMu: Test Cases/Popup/PopupMesajiIceriyorMu

2021-11-18 11:35:09 - [TEST_STEP][PASSED] - waitForElementVisible(findTestObject("Popup/Popup"), 10): Object 'Object Repository/Popup/Popup' is visible

2021-11-18 11:35:09 - [MESSAGE][INFO] - Finding Test Object 'Object Repository/Popup/Popup'

2021-11-18 11:35:10 - [MESSAGE][INFO] - Checking object

2021-11-18 11:35:10 - [MESSAGE][INFO] - Checking timeout

2021-11-18 11:35:10 - [MESSAGE][INFO] - Finding web element from Test Object's properties

2021-11-18 11:35:10 - [MESSAGE][INFO] - Checking timeout

2021-11-18 11:35:10 - [MESSAGE][INFO] - Finding web element with id: 'Object Repository/Popup/Popup' located by 'By.cssSelector: .bootbox-body' in '10' second(s)

2021-11-18 11:35:10 - [MESSAGE][INFO] - Smart Wait Function is triggered

2021-11-18 11:35:10 - [MESSAGE][INFO] - Found 1 web elements with id: 'Object Repository/Popup/Popup' located by 'By.cssSelector: .bootbox-body' in '10' second(s)

2021-11-18 11:35:10 - [MESSAGE][PASSED] - Object 'Object Repository/Popup/Popup' is visible

2021-11-18 11:35:10 - [TEST_STEP][PASSED] - if (!(getText(findTestObject("Popup/Popup")).contains(Mesaj))): Text of object 'Object Repository/Popup/Popup' is: 'Lütfen rapor bildiriminin gönderileceği e-posta adresini belirtiniz.
e-Posta Adresi'

2021-11-18 11:35:10 - [MESSAGE][INFO] - Finding Test Object 'Object Repository/Popup/Popup'

2021-11-18 11:35:10 - [MESSAGE][INFO] - Checking object

2021-11-18 11:35:10 - [MESSAGE][INFO] - Finding web element from Test Object's properties

2021-11-18 11:35:10 - [MESSAGE][INFO] - Checking timeout

2021-11-18 11:35:10 - [MESSAGE][INFO] - Finding web element with id: 'Object Repository/Popup/Popup' located by 'By.cssSelector: .bootbox-body' in '30' second(s)

2021-11-18 11:35:10 - [MESSAGE][INFO] - Smart Wait Function is triggered

2021-11-18 11:35:10 - [MESSAGE][INFO] - Found 1 web elements with id: 'Object Repository/Popup/Popup' located by 'By.cssSelector: .bootbox-body' in '30' second(s)

2021-11-18 11:35:10 - [MESSAGE][INFO] - Getting text of object 'Object Repository/Popup/Popup'

2021-11-18 11:35:10 - [MESSAGE][PASSED] - Text of object 'Object Repository/Popup/Popup' is: 'Lütfen rapor bildiriminin gönderileceği e-posta adresini belirtiniz.
e-Posta Adresi'

2021-11-18 11:35:10 - [TEST_STEP][PASSED] - RaporNo = getText(findTestObject("Popup/Popup")).substring(0, 6): Text of object 'Object Repository/Popup/Popup' is: 'Lütfen rapor bildiriminin gönderileceği e-posta adresini belirtiniz.
e-Posta Adresi'

2021-11-18 11:35:10 - [MESSAGE][INFO] - Finding Test Object 'Object Repository/Popup/Popup'

2021-11-18 11:35:11 - [MESSAGE][INFO] - Checking object

2021-11-18 11:35:11 - [MESSAGE][INFO] - Finding web element from Test Object's properties

2021-11-18 11:35:11 - [MESSAGE][INFO] - Checking timeout

2021-11-18 11:35:11 - [MESSAGE][INFO] - Finding web element with id: 'Object Repository/Popup/Popup' located by 'By.cssSelector: .bootbox-body' in '30' second(s)

2021-11-18 11:35:11 - [MESSAGE][INFO] - Smart Wait Function is triggered

2021-11-18 11:35:11 - [MESSAGE][INFO] - Found 1 web elements with id: 'Object Repository/Popup/Popup' located by 'By.cssSelector: .bootbox-body' in '30' second(s)

2021-11-18 11:35:11 - [MESSAGE][INFO] - Getting text of object 'Object Repository/Popup/Popup'

2021-11-18 11:35:11 - [MESSAGE][PASSED] - Text of object 'Object Repository/Popup/Popup' is: 'Lütfen rapor bildiriminin gönderileceği e-posta adresini belirtiniz.
e-Posta Adresi'

2021-11-18 11:35:11 - [TEST_STEP][PASSED] - Console.println(RaporNo): null

2021-11-18 11:35:11 - [MESSAGE][PASSED] - Call Test Case 'Test Cases/Popup/PopupMesajiIceriyorMu' successfully

2021-11-18 11:35:11 - [MESSAGE][INFO] - Checking called Test Case

2021-11-18 11:35:11 - [MESSAGE][INFO] - Starting to call Test Case 'Test Cases/Popup/PopupaEmailEklenir'

2021-11-18 11:35:11 - [TEST_CASE][PASSED] - Test Cases/Popup/PopupaEmailEklenir: Test Cases/Popup/PopupaEmailEklenir

2021-11-18 11:35:11 - [TEST_STEP][PASSED] - clearText(findTestObject("Popup/EmailText")): Text of object 'Object Repository/Popup/EmailText' is cleared

2021-11-18 11:35:11 - [MESSAGE][INFO] - Finding Test Object 'Object Repository/Popup/EmailText'

2021-11-18 11:35:11 - [MESSAGE][INFO] - Checking object

2021-11-18 11:35:11 - [MESSAGE][INFO] - Finding web element from Test Object's properties

2021-11-18 11:35:11 - [MESSAGE][INFO] - Checking timeout

2021-11-18 11:35:11 - [MESSAGE][INFO] - Finding web element with id: 'Object Repository/Popup/EmailText' located by 'By.xpath: //*[@id="eMails"]' in '30' second(s)

2021-11-18 11:35:11 - [MESSAGE][INFO] - Smart Wait Function is triggered

2021-11-18 11:35:11 - [MESSAGE][INFO] - Found 1 web elements with id: 'Object Repository/Popup/EmailText' located by 'By.xpath: //*[@id="eMails"]' in '30' second(s)

2021-11-18 11:35:11 - [MESSAGE][INFO] - Clearing text of object 'Object Repository/Popup/EmailText'

2021-11-18 11:35:11 - [MESSAGE][PASSED] - Text of object 'Object Repository/Popup/EmailText' is cleared

2021-11-18 11:35:11 - [TEST_STEP][PASSED] - sendKeys(findTestObject("Popup/EmailText"), Email): Keys 'elogotest@gmail.com;ali.kara@logo.com.tr' sent to object: 'Object Repository/Popup/EmailText'

2021-11-18 11:35:11 - [MESSAGE][INFO] - Finding Test Object 'Object Repository/Popup/EmailText'

2021-11-18 11:35:11 - [MESSAGE][INFO] - Sending keys 'elogotest@gmail.com;ali.kara@logo.com.tr' to object: 'Object Repository/Popup/EmailText'

2021-11-18 11:35:11 - [MESSAGE][INFO] - Finding web element from Test Object's properties

2021-11-18 11:35:11 - [MESSAGE][INFO] - Checking timeout

2021-11-18 11:35:11 - [MESSAGE][INFO] - Finding web element with id: 'Object Repository/Popup/EmailText' located by 'By.xpath: //*[@id="eMails"]' in '30' second(s)

2021-11-18 11:35:11 - [MESSAGE][INFO] - Smart Wait Function is triggered

2021-11-18 11:35:12 - [MESSAGE][INFO] - Found 1 web elements with id: 'Object Repository/Popup/EmailText' located by 'By.xpath: //*[@id="eMails"]' in '30' second(s)

2021-11-18 11:35:12 - [MESSAGE][PASSED] - Keys 'elogotest@gmail.com;ali.kara@logo.com.tr' sent to object: 'Object Repository/Popup/EmailText'

2021-11-18 11:35:12 - [MESSAGE][PASSED] - Call Test Case 'Test Cases/Popup/PopupaEmailEklenir' successfully

2021-11-18 11:35:12 - [MESSAGE][INFO] - Checking called Test Case

2021-11-18 11:35:12 - [MESSAGE][INFO] - Starting to call Test Case 'Test Cases/Popup/PopupButonSecilir'

2021-11-18 11:35:12 - [TEST_CASE][PASSED] - Test Cases/Popup/PopupButonSecilir: Test Cases/Popup/PopupButonSecilir

2021-11-18 11:35:12 - [TEST_STEP][PASSED] - Method.TextDegerineEsitElementeTikla(findTestObject("Popup/Popup_Butons"), Buton): Method.TextDegerineEsitElementeTikla is PASSED

2021-11-18 11:35:12 - [MESSAGE][INFO] - Finding Test Object 'Object Repository/Popup/Popup_Butons'

2021-11-18 11:35:12 - [MESSAGE][INFO] - Checking timeout

2021-11-18 11:35:12 - [MESSAGE][INFO] - Finding web element with id: 'Object Repository/Popup/Popup_Butons' located by 'By.cssSelector: .modal-footer>button' in '10' second(s)

2021-11-18 11:35:12 - [MESSAGE][INFO] - Smart Wait Function is triggered

2021-11-18 11:35:12 - [MESSAGE][INFO] - Found 2 web elements with id: 'Object Repository/Popup/Popup_Butons' located by 'By.cssSelector: .modal-footer>button' in '10' second(s)

2021-11-18 11:35:12 - [MESSAGE][PASSED] - Method.TextDegerineEsitElementeTikla is PASSED

2021-11-18 11:35:12 - [MESSAGE][PASSED] - Call Test Case 'Test Cases/Popup/PopupButonSecilir' successfully

2021-11-18 11:35:12 - [MESSAGE][INFO] - Checking called Test Case

2021-11-18 11:35:12 - [MESSAGE][INFO] - Starting to call Test Case 'Test Cases/Popup/PopupMesajiIceriyorMu'

2021-11-18 11:35:12 - [TEST_CASE][PASSED] - Test Cases/Popup/PopupMesajiIceriyorMu: Test Cases/Popup/PopupMesajiIceriyorMu

2021-11-18 11:35:12 - [TEST_STEP][PASSED] - waitForElementVisible(findTestObject("Popup/Popup"), 10): Object 'Object Repository/Popup/Popup' is visible

2021-11-18 11:35:12 - [MESSAGE][INFO] - Finding Test Object 'Object Repository/Popup/Popup'

2021-11-18 11:35:12 - [MESSAGE][INFO] - Checking object

2021-11-18 11:35:13 - [MESSAGE][INFO] - Checking timeout

2021-11-18 11:35:13 - [MESSAGE][INFO] - Finding web element from Test Object's properties

2021-11-18 11:35:13 - [MESSAGE][INFO] - Checking timeout

2021-11-18 11:35:13 - [MESSAGE][INFO] - Finding web element with id: 'Object Repository/Popup/Popup' located by 'By.cssSelector: .bootbox-body' in '10' second(s)

2021-11-18 11:35:13 - [MESSAGE][INFO] - Smart Wait Function is triggered

2021-11-18 11:35:14 - [MESSAGE][INFO] - Found 1 web elements with id: 'Object Repository/Popup/Popup' located by 'By.cssSelector: .bootbox-body' in '10' second(s)

2021-11-18 11:35:14 - [MESSAGE][PASSED] - Object 'Object Repository/Popup/Popup' is visible

2021-11-18 11:35:14 - [TEST_STEP][PASSED] - if (!(getText(findTestObject("Popup/Popup")).contains(Mesaj))): Text of object 'Object Repository/Popup/Popup' is: '17365 no’lu talebiniz işleme alınmıştır. Raporunuz hazırlandığında (elogotest@gmail.com;ali.kara@logo.com.tr) adresinize mail gönderilecektir.
Rapor durumunuzu Raporlar > Toplu Veri İndirme ekranından takip edebilir, hazırlandı durumundaki raporlarınızı ilgili menüden indirebilirsiniz.'

2021-11-18 11:35:14 - [MESSAGE][INFO] - Finding Test Object 'Object Repository/Popup/Popup'

2021-11-18 11:35:14 - [MESSAGE][INFO] - Checking object

2021-11-18 11:35:14 - [MESSAGE][INFO] - Finding web element from Test Object's properties

2021-11-18 11:35:14 - [MESSAGE][INFO] - Checking timeout

2021-11-18 11:35:14 - [MESSAGE][INFO] - Finding web element with id: 'Object Repository/Popup/Popup' located by 'By.cssSelector: .bootbox-body' in '30' second(s)

2021-11-18 11:35:14 - [MESSAGE][INFO] - Smart Wait Function is triggered

2021-11-18 11:35:14 - [MESSAGE][INFO] - Found 1 web elements with id: 'Object Repository/Popup/Popup' located by 'By.cssSelector: .bootbox-body' in '30' second(s)

2021-11-18 11:35:14 - [MESSAGE][INFO] - Getting text of object 'Object Repository/Popup/Popup'

2021-11-18 11:35:14 - [MESSAGE][PASSED] - Text of object 'Object Repository/Popup/Popup' is: '17365 no’lu talebiniz işleme alınmıştır. Raporunuz hazırlandığında (elogotest@gmail.com;ali.kara@logo.com.tr) adresinize mail gönderilecektir.
Rapor durumunuzu Raporlar > Toplu Veri İndirme ekranından takip edebilir, hazırlandı durumundaki raporlarınızı ilgili menüden indirebilirsiniz.'

2021-11-18 11:35:14 - [TEST_STEP][PASSED] - RaporNo = getText(findTestObject("Popup/Popup")).substring(0, 6): Text of object 'Object Repository/Popup/Popup' is: '17365 no’lu talebiniz işleme alınmıştır. Raporunuz hazırlandığında (elogotest@gmail.com;ali.kara@logo.com.tr) adresinize mail gönderilecektir.
Rapor durumunuzu Raporlar > Toplu Veri İndirme ekranından takip edebilir, hazırlandı durumundaki raporlarınızı ilgili menüden indirebilirsiniz.'

2021-11-18 11:35:14 - [MESSAGE][INFO] - Finding Test Object 'Object Repository/Popup/Popup'

2021-11-18 11:35:15 - [MESSAGE][INFO] - Checking object

2021-11-18 11:35:15 - [MESSAGE][INFO] - Finding web element from Test Object's properties

2021-11-18 11:35:15 - [MESSAGE][INFO] - Checking timeout

2021-11-18 11:35:15 - [MESSAGE][INFO] - Finding web element with id: 'Object Repository/Popup/Popup' located by 'By.cssSelector: .bootbox-body' in '30' second(s)

2021-11-18 11:35:15 - [MESSAGE][INFO] - Smart Wait Function is triggered

2021-11-18 11:35:15 - [MESSAGE][INFO] - Found 1 web elements with id: 'Object Repository/Popup/Popup' located by 'By.cssSelector: .bootbox-body' in '30' second(s)

2021-11-18 11:35:15 - [MESSAGE][INFO] - Getting text of object 'Object Repository/Popup/Popup'

2021-11-18 11:35:15 - [MESSAGE][PASSED] - Text of object 'Object Repository/Popup/Popup' is: '17365 no’lu talebiniz işleme alınmıştır. Raporunuz hazırlandığında (elogotest@gmail.com;ali.kara@logo.com.tr) adresinize mail gönderilecektir.
Rapor durumunuzu Raporlar > Toplu Veri İndirme ekranından takip edebilir, hazırlandı durumundaki raporlarınızı ilgili menüden indirebilirsiniz.'

2021-11-18 11:35:15 - [TEST_STEP][PASSED] - Console.println(RaporNo): null

2021-11-18 11:35:15 - [MESSAGE][PASSED] - Call Test Case 'Test Cases/Popup/PopupMesajiIceriyorMu' successfully

2021-11-18 11:35:15 - [MESSAGE][INFO] - Checking called Test Case

2021-11-18 11:35:15 - [MESSAGE][INFO] - Starting to call Test Case 'Test Cases/Popup/PopupButonSecilir'

2021-11-18 11:35:15 - [TEST_CASE][PASSED] - Test Cases/Popup/PopupButonSecilir: Test Cases/Popup/PopupButonSecilir

2021-11-18 11:35:15 - [TEST_STEP][PASSED] - Method.TextDegerineEsitElementeTikla(findTestObject("Popup/Popup_Butons"), Buton): Method.TextDegerineEsitElementeTikla is PASSED

2021-11-18 11:35:15 - [MESSAGE][INFO] - Finding Test Object 'Object Repository/Popup/Popup_Butons'

2021-11-18 11:35:15 - [MESSAGE][INFO] - Checking timeout

2021-11-18 11:35:15 - [MESSAGE][INFO] - Finding web element with id: 'Object Repository/Popup/Popup_Butons' located by 'By.cssSelector: .modal-footer>button' in '10' second(s)

2021-11-18 11:35:15 - [MESSAGE][INFO] - Smart Wait Function is triggered

2021-11-18 11:35:15 - [MESSAGE][INFO] - Found 1 web elements with id: 'Object Repository/Popup/Popup_Butons' located by 'By.cssSelector: .modal-footer>button' in '10' second(s)

2021-11-18 11:35:15 - [MESSAGE][PASSED] - Method.TextDegerineEsitElementeTikla is PASSED

2021-11-18 11:35:15 - [MESSAGE][PASSED] - Call Test Case 'Test Cases/Popup/PopupButonSecilir' successfully

2021-11-18 11:35:15 - [MESSAGE][INFO] - Checking called Test Case

2021-11-18 11:35:15 - [MESSAGE][INFO] - Starting to call Test Case 'Test Cases/Menu/AnaMenuSecimi'

2021-11-18 11:35:15 - [TEST_CASE][PASSED] - Test Cases/Menu/AnaMenuSecimi: Test Cases/Menu/AnaMenuSecimi

2021-11-18 11:35:15 - [TEST_STEP][PASSED] - Method.TextDegerineEsitElementeTikla(findTestObject("Menu/Ana_Menu"), Ana_Menu): Method.TextDegerineEsitElementeTikla is PASSED

2021-11-18 11:35:15 - [MESSAGE][INFO] - Finding Test Object 'Object Repository/Menu/Ana_Menu'

2021-11-18 11:35:16 - [MESSAGE][INFO] - Checking timeout

2021-11-18 11:35:16 - [MESSAGE][INFO] - Finding web element with id: 'Object Repository/Menu/Ana_Menu' located by 'By.xpath: //*[@class = 'dropdown-toggle']' in '10' second(s)

2021-11-18 11:35:16 - [MESSAGE][INFO] - Smart Wait Function is triggered

2021-11-18 11:35:16 - [MESSAGE][INFO] - Found 14 web elements with id: 'Object Repository/Menu/Ana_Menu' located by 'By.xpath: //*[@class = 'dropdown-toggle']' in '10' second(s)

2021-11-18 11:35:17 - [MESSAGE][PASSED] - Method.TextDegerineEsitElementeTikla is PASSED

2021-11-18 11:35:17 - [MESSAGE][PASSED] - Call Test Case 'Test Cases/Menu/AnaMenuSecimi' successfully

2021-11-18 11:35:17 - [MESSAGE][INFO] - Checking called Test Case

2021-11-18 11:35:17 - [MESSAGE][INFO] - Starting to call Test Case 'Test Cases/Menu/AltMenuSecimi'

2021-11-18 11:35:17 - [TEST_CASE][PASSED] - Test Cases/Menu/AltMenuSecimi: Test Cases/Menu/AltMenuSecimi

2021-11-18 11:35:17 - [TEST_STEP][PASSED] - Method.TextDegerineEsitElementeTikla(findTestObject("Menu/Alt_Menu"), Alt_Menu): Method.TextDegerineEsitElementeTikla is PASSED

2021-11-18 11:35:17 - [MESSAGE][INFO] - Finding Test Object 'Object Repository/Menu/Alt_Menu'

2021-11-18 11:35:17 - [MESSAGE][INFO] - Checking timeout

2021-11-18 11:35:17 - [MESSAGE][INFO] - Finding web element with id: 'Object Repository/Menu/Alt_Menu' located by 'By.xpath: //li[@class='dropdown dropdown-large open']//li[@class='dropdown-element']' in '10' second(s)

2021-11-18 11:35:17 - [MESSAGE][INFO] - Smart Wait Function is triggered

2021-11-18 11:35:17 - [MESSAGE][INFO] - Found 9 web elements with id: 'Object Repository/Menu/Alt_Menu' located by 'By.xpath: //li[@class='dropdown dropdown-large open']//li[@class='dropdown-element']' in '10' second(s)

2021-11-18 11:35:19 - [MESSAGE][PASSED] - Method.TextDegerineEsitElementeTikla is PASSED

2021-11-18 11:35:19 - [MESSAGE][PASSED] - Call Test Case 'Test Cases/Menu/AltMenuSecimi' successfully

2021-11-18 11:35:19 - [MESSAGE][INFO] - Checking called Test Case

2021-11-18 11:35:19 - [MESSAGE][INFO] - Starting to call Test Case 'Test Cases/Filtreler/RaporNoYaz'

2021-11-18 11:35:19 - [TEST_CASE][PASSED] - Test Cases/Filtreler/RaporNoYaz: Test Cases/Filtreler/RaporNoYaz

2021-11-18 11:35:19 - [TEST_STEP][PASSED] - Method.TextDegerineEsitElementinAltindakiTextboxtaYaz(findTestObject("Filtreler/Basliklar"), findTestObject("Filtreler/Basliga_Gore_Textbox"), "Talep No", RaporNo): Method.TextDegerineEsitElementinAltindakiTextboxtaYaz is PASSED

2021-11-18 11:35:19 - [MESSAGE][INFO] - Finding Test Object 'Object Repository/Filtreler/Basliklar'

2021-11-18 11:35:19 - [MESSAGE][INFO] - Finding Test Object 'Object Repository/Filtreler/Basliga_Gore_Textbox'

2021-11-18 11:35:19 - [MESSAGE][INFO] - Checking timeout

2021-11-18 11:35:19 - [MESSAGE][INFO] - Finding web element with id: 'Object Repository/Filtreler/Basliklar' located by 'By.cssSelector: .control-label.col-sm-4.paddingMarginRLC' in '10' second(s)

2021-11-18 11:35:19 - [MESSAGE][INFO] - Smart Wait Function is triggered

2021-11-18 11:35:19 - [MESSAGE][INFO] - Found 8 web elements with id: 'Object Repository/Filtreler/Basliklar' located by 'By.cssSelector: .control-label.col-sm-4.paddingMarginRLC' in '10' second(s)

2021-11-18 11:35:19 - [MESSAGE][INFO] - Smart Wait Function is triggered

2021-11-18 11:35:20 - [MESSAGE][PASSED] - Method.TextDegerineEsitElementinAltindakiTextboxtaYaz is PASSED

2021-11-18 11:35:20 - [MESSAGE][PASSED] - Call Test Case 'Test Cases/Filtreler/RaporNoYaz' successfully

2021-11-18 11:35:20 - [MESSAGE][INFO] - Checking called Test Case

2021-11-18 11:35:20 - [MESSAGE][INFO] - Starting to call Test Case 'Test Cases/Filtreler/ButonaTikla'

2021-11-18 11:35:20 - [TEST_CASE][PASSED] - Test Cases/Filtreler/ButonaTikla: Test Cases/Filtreler/ButonaTikla

2021-11-18 11:35:20 - [TEST_STEP][PASSED] - Method.TextDegerineEsitElementeTikla(findTestObject("Filtreler/Butonlar"), Filtre_Buton): Method.TextDegerineEsitElementeTikla is PASSED

2021-11-18 11:35:20 - [MESSAGE][INFO] - Finding Test Object 'Object Repository/Filtreler/Butonlar'

2021-11-18 11:35:20 - [MESSAGE][INFO] - Checking timeout

2021-11-18 11:35:20 - [MESSAGE][INFO] - Finding web element with id: 'Object Repository/Filtreler/Butonlar' located by 'By.cssSelector: .dxb>span' in '10' second(s)

2021-11-18 11:35:20 - [MESSAGE][INFO] - Smart Wait Function is triggered

2021-11-18 11:35:20 - [MESSAGE][INFO] - Found 2 web elements with id: 'Object Repository/Filtreler/Butonlar' located by 'By.cssSelector: .dxb>span' in '10' second(s)

2021-11-18 11:35:20 - [MESSAGE][PASSED] - Method.TextDegerineEsitElementeTikla is PASSED

2021-11-18 11:35:20 - [MESSAGE][PASSED] - Call Test Case 'Test Cases/Filtreler/ButonaTikla' successfully

2021-11-18 11:35:20 - [MESSAGE][INFO] - Checking called Test Case

2021-11-18 11:35:20 - [MESSAGE][INFO] - Starting to call Test Case 'Test Cases/Tablo/TablodaVeriVarMi'

2021-11-18 11:35:20 - [TEST_CASE][PASSED] - Test Cases/Tablo/TablodaVeriVarMi: Test Cases/Tablo/TablodaVeriVarMi

2021-11-18 11:35:20 - [TEST_STEP][PASSED] - verifyTextNotPresent("Görüntülenecek veri yok", true): Text 'Görüntülenecek veri yok' is not present on page using regular expression

2021-11-18 11:35:20 - [MESSAGE][INFO] - Checking text present  using regular expression

2021-11-18 11:35:20 - [MESSAGE][INFO] - Smart Wait Function is triggered

2021-11-18 11:35:21 - [MESSAGE][INFO] - Finding text 'Görüntülenecek veri yok' on page  using regular expression

2021-11-18 11:35:21 - [MESSAGE][PASSED] - Text 'Görüntülenecek veri yok' is not present on page using regular expression

2021-11-18 11:35:21 - [MESSAGE][PASSED] - Call Test Case 'Test Cases/Tablo/TablodaVeriVarMi' successfully

2021-11-18 11:35:21 - [MESSAGE][INFO] - Checking called Test Case

2021-11-18 11:35:21 - [MESSAGE][INFO] - Starting to call Test Case 'Test Cases/Kullanici_Islemleri/KullaniciIslemlerindenSecimYapilir'

2021-11-18 11:35:21 - [TEST_CASE][PASSED] - Test Cases/Kullanici_Islemleri/KullaniciIslemlerindenSecimYapilir: Test Cases/Kullanici_Islemleri/KullaniciIslemlerindenSecimYapilir

2021-11-18 11:35:21 - [TEST_STEP][PASSED] - waitForElementClickable(findTestObject("Object Repository/Kullanici_Islemleri/KullaniciIslemleri"), 10): Object 'Object Repository/Kullanici_Islemleri/KullaniciIslemleri' is clickable

2021-11-18 11:35:21 - [MESSAGE][INFO] - Finding Test Object 'Object Repository/Kullanici_Islemleri/KullaniciIslemleri'

2021-11-18 11:35:21 - [MESSAGE][INFO] - Checking object

2021-11-18 11:35:21 - [MESSAGE][INFO] - Checking timeout

2021-11-18 11:35:21 - [MESSAGE][INFO] - Finding web element from Test Object's properties

2021-11-18 11:35:21 - [MESSAGE][INFO] - Checking timeout

2021-11-18 11:35:21 - [MESSAGE][INFO] - Finding web element with id: 'Object Repository/Kullanici_Islemleri/KullaniciIslemleri' located by 'By.cssSelector: .dropdown>a>img' in '10' second(s)

2021-11-18 11:35:21 - [MESSAGE][INFO] - Smart Wait Function is triggered

2021-11-18 11:35:21 - [MESSAGE][INFO] - Found 1 web elements with id: 'Object Repository/Kullanici_Islemleri/KullaniciIslemleri' located by 'By.cssSelector: .dropdown>a>img' in '10' second(s)

2021-11-18 11:35:21 - [MESSAGE][PASSED] - Object 'Object Repository/Kullanici_Islemleri/KullaniciIslemleri' is clickable

2021-11-18 11:35:21 - [TEST_STEP][PASSED] - click(findTestObject("Object Repository/Kullanici_Islemleri/KullaniciIslemleri")): Object: 'Object Repository/Kullanici_Islemleri/KullaniciIslemleri' is clicked on

2021-11-18 11:35:21 - [MESSAGE][INFO] - Finding Test Object 'Object Repository/Kullanici_Islemleri/KullaniciIslemleri'

2021-11-18 11:35:22 - [MESSAGE][INFO] - Checking object

2021-11-18 11:35:22 - [MESSAGE][INFO] - Finding web element from Test Object's properties

2021-11-18 11:35:22 - [MESSAGE][INFO] - Checking timeout

2021-11-18 11:35:22 - [MESSAGE][INFO] - Finding web element with id: 'Object Repository/Kullanici_Islemleri/KullaniciIslemleri' located by 'By.cssSelector: .dropdown>a>img' in '30' second(s)

2021-11-18 11:35:22 - [MESSAGE][INFO] - Smart Wait Function is triggered

2021-11-18 11:35:22 - [MESSAGE][INFO] - Found 1 web elements with id: 'Object Repository/Kullanici_Islemleri/KullaniciIslemleri' located by 'By.cssSelector: .dropdown>a>img' in '30' second(s)

2021-11-18 11:35:22 - [MESSAGE][INFO] - Clicking on object: 'Object Repository/Kullanici_Islemleri/KullaniciIslemleri'

2021-11-18 11:35:22 - [MESSAGE][PASSED] - Object: 'Object Repository/Kullanici_Islemleri/KullaniciIslemleri' is clicked on

2021-11-18 11:35:22 - [TEST_STEP][PASSED] - Method.TextDegerineEsitElementeTikla(findTestObject("Object Repository/Kullanici_Islemleri/Secenekler"), Islem): Method.TextDegerineEsitElementeTikla is PASSED

2021-11-18 11:35:22 - [MESSAGE][INFO] - Finding Test Object 'Object Repository/Kullanici_Islemleri/Secenekler'

2021-11-18 11:35:22 - [MESSAGE][INFO] - Checking timeout

2021-11-18 11:35:22 - [MESSAGE][INFO] - Finding web element with id: 'Object Repository/Kullanici_Islemleri/Secenekler' located by 'By.cssSelector: .nav.navbar-nav.navbar-right li a' in '10' second(s)

2021-11-18 11:35:22 - [MESSAGE][INFO] - Smart Wait Function is triggered

2021-11-18 11:35:22 - [MESSAGE][INFO] - Found 22 web elements with id: 'Object Repository/Kullanici_Islemleri/Secenekler' located by 'By.cssSelector: .nav.navbar-nav.navbar-right li a' in '10' second(s)

2021-11-18 11:35:24 - [MESSAGE][PASSED] - Method.TextDegerineEsitElementeTikla is PASSED

2021-11-18 11:35:24 - [TEST_STEP][PASSED] - verifyElementNotPresent(findTestObject("Object Repository/Kullanici_Islemleri/Secenekler"), 10): Web element with id: 'Object Repository/Kullanici_Islemleri/Secenekler' located by 'By.cssSelector: .nav.navbar-nav.navbar-right li a' is not present after '10' second(s)

2021-11-18 11:35:24 - [MESSAGE][INFO] - Finding Test Object 'Object Repository/Kullanici_Islemleri/Secenekler'

2021-11-18 11:35:24 - [MESSAGE][INFO] - Checking object

2021-11-18 11:35:24 - [MESSAGE][INFO] - Checking timeout

2021-11-18 11:35:24 - [MESSAGE][INFO] - Finding web element with id: 'Object Repository/Kullanici_Islemleri/Secenekler' located by 'By.cssSelector: .nav.navbar-nav.navbar-right li a' in '10' second(s)

2021-11-18 11:35:24 - [MESSAGE][INFO] - Smart Wait Function is triggered

2021-11-18 11:35:24 - [MESSAGE][PASSED] - Web element with id: 'Object Repository/Kullanici_Islemleri/Secenekler' located by 'By.cssSelector: .nav.navbar-nav.navbar-right li a' is not present after '10' second(s)

2021-11-18 11:35:24 - [MESSAGE][PASSED] - Call Test Case 'Test Cases/Kullanici_Islemleri/KullaniciIslemlerindenSecimYapilir' successfully

2021-11-18 11:35:24 - [TEST_CASE][PASSED] - Start Test Case : SCENARIO e-Fatura Giden Kutusu Toplu Indirme - PDF Secilenlerin indirilmesi: SCENARIO e-Fatura Giden Kutusu Toplu Indirme - PDF Secilenlerin indirilmesi

2021-11-18 11:35:24 - [TEST_STEP][PASSED] - Kullanıcı adı ELOGO6 ve Şifre 123456 olarak giriş yapılır: Kullanıcı adı ELOGO6 ve Şifre 123456 olarak giriş yapılır

2021-11-18 11:35:24 - [MESSAGE][PASSED] - Kullanıcı adı ELOGO6 ve Şifre 123456 olarak giriş yapılır

2021-11-18 11:35:24 - [TEST_STEP][PASSED] - Ana menüden e-Fatura seçilir: Ana menüden e-Fatura seçilir

2021-11-18 11:35:24 - [MESSAGE][PASSED] - Ana menüden e-Fatura seçilir

2021-11-18 11:35:24 - [TEST_STEP][PASSED] - Alt menü Giden Kutusu başlığı altındaki Faturalar seçilir: Alt menü Giden Kutusu başlığı altındaki Faturalar seçilir

2021-11-18 11:35:24 - [MESSAGE][PASSED] - Alt menü Giden Kutusu başlığı altındaki Faturalar seçilir

2021-11-18 11:35:24 - [TEST_STEP][PASSED] - Filtrelerden Oluşturma Tarihi filtresine 01.12.2020 baslangic degerini yaz: Filtrelerden Oluşturma Tarihi filtresine 01.12.2020 baslangic degerini yaz

2021-11-18 11:35:24 - [MESSAGE][PASSED] - Filtrelerden Oluşturma Tarihi filtresine 01.12.2020 baslangic degerini yaz

2021-11-18 11:35:24 - [TEST_STEP][PASSED] - Filtrelerden Oluşturma Tarihi filtresine 31.12.2020 bitis degerini yaz: Filtrelerden Oluşturma Tarihi filtresine 31.12.2020 bitis degerini yaz

2021-11-18 11:35:24 - [MESSAGE][PASSED] - Filtrelerden Oluşturma Tarihi filtresine 31.12.2020 bitis degerini yaz

2021-11-18 11:35:24 - [TEST_STEP][PASSED] - Filtrelerden Alıcı Ünvanı filtresine TEST textini yaz: Filtrelerden Alıcı Ünvanı filtresine TEST textini yaz

2021-11-18 11:35:24 - [MESSAGE][PASSED] - Filtrelerden Alıcı Ünvanı filtresine TEST textini yaz

2021-11-18 11:35:24 - [TEST_STEP][PASSED] - Filtre butonlarından Listele seçilir: Filtre butonlarından Listele seçilir

2021-11-18 11:35:24 - [MESSAGE][PASSED] - Filtre butonlarından Listele seçilir

2021-11-18 11:35:24 - [TEST_STEP][PASSED] - Tabloda veri var mı kontrol edilir: Tabloda veri var mı kontrol edilir

2021-11-18 11:35:24 - [MESSAGE][PASSED] - Tabloda veri var mı kontrol edilir

2021-11-18 11:35:24 - [TEST_STEP][PASSED] - Tablodan TEST isimli veri seçilir: Tablodan TEST isimli veri seçilir

2021-11-18 11:35:24 - [MESSAGE][PASSED] - Tablodan TEST isimli veri seçilir

2021-11-18 11:35:24 - [TEST_STEP][PASSED] - Butonlardan Toplu İndirme isimli butona tıklanır: Butonlardan Toplu İndirme isimli butona tıklanır

2021-11-18 11:35:24 - [MESSAGE][PASSED] - Butonlardan Toplu İndirme isimli butona tıklanır

2021-11-18 11:35:24 - [TEST_STEP][PASSED] - Alt butonlardan PDF Seçilenleri İndir butonuna tıklanır: Alt butonlardan PDF Seçilenleri İndir butonuna tıklanır

2021-11-18 11:35:24 - [MESSAGE][PASSED] - Alt butonlardan PDF Seçilenleri İndir butonuna tıklanır

2021-11-18 11:35:24 - [TEST_STEP][PASSED] - Popup mesajı Lütfen rapor bildiriminin gönderileceği e-posta adresini belirtiniz. içeriyor mu: Popup mesajı Lütfen rapor bildiriminin gönderileceği e-posta adresini belirtiniz. içeriyor mu

2021-11-18 11:35:24 - [MESSAGE][PASSED] - Popup mesajı Lütfen rapor bildiriminin gönderileceği e-posta adresini belirtiniz. içeriyor mu

2021-11-18 11:35:24 - [TEST_STEP][PASSED] - Popup email elogotest@gmail.com;ali.kara@logo.com.tr olarak girilir: Popup email elogotest@gmail.com;ali.kara@logo.com.tr olarak girilir

2021-11-18 11:35:24 - [MESSAGE][PASSED] - Popup email elogotest@gmail.com;ali.kara@logo.com.tr olarak girilir

2021-11-18 11:35:24 - [TEST_STEP][PASSED] - Yönetim popupında Gönder seçilir: Yönetim popupında Gönder seçilir

2021-11-18 11:35:24 - [MESSAGE][PASSED] - Yönetim popupında Gönder seçilir

2021-11-18 11:35:24 - [TEST_STEP][PASSED] - Popup mesajı talebiniz işleme alınmıştır içeriyor mu: Popup mesajı talebiniz işleme alınmıştır içeriyor mu

2021-11-18 11:35:24 - [MESSAGE][PASSED] - Popup mesajı talebiniz işleme alınmıştır içeriyor mu

2021-11-18 11:35:24 - [TEST_STEP][PASSED] - Yönetim popupında Tamam seçilir: Yönetim popupında Tamam seçilir

2021-11-18 11:35:24 - [MESSAGE][PASSED] - Yönetim popupında Tamam seçilir

2021-11-18 11:35:24 - [TEST_STEP][PASSED] - Butonlardan Toplu İndirme isimli butona tıklanır: Butonlardan Toplu İndirme isimli butona tıklanır

2021-11-18 11:35:24 - [MESSAGE][PASSED] - Butonlardan Toplu İndirme isimli butona tıklanır

2021-11-18 11:35:24 - [TEST_STEP][PASSED] - Alt butonlardan PDF Tümünü İndir butonuna tıklanır: Alt butonlardan PDF Tümünü İndir butonuna tıklanır

2021-11-18 11:35:24 - [MESSAGE][PASSED] - Alt butonlardan PDF Tümünü İndir butonuna tıklanır

2021-11-18 11:35:24 - [TEST_STEP][PASSED] - Popup mesajı Lütfen rapor bildiriminin gönderileceği e-posta adresini belirtiniz. içeriyor mu: Popup mesajı Lütfen rapor bildiriminin gönderileceği e-posta adresini belirtiniz. içeriyor mu

2021-11-18 11:35:24 - [MESSAGE][PASSED] - Popup mesajı Lütfen rapor bildiriminin gönderileceği e-posta adresini belirtiniz. içeriyor mu

2021-11-18 11:35:24 - [TEST_STEP][PASSED] - Popup email elogotest@gmail.com;ali.kara@logo.com.tr olarak girilir: Popup email elogotest@gmail.com;ali.kara@logo.com.tr olarak girilir

2021-11-18 11:35:24 - [MESSAGE][PASSED] - Popup email elogotest@gmail.com;ali.kara@logo.com.tr olarak girilir

2021-11-18 11:35:24 - [TEST_STEP][PASSED] - Yönetim popupında Gönder seçilir: Yönetim popupında Gönder seçilir

2021-11-18 11:35:24 - [MESSAGE][PASSED] - Yönetim popupında Gönder seçilir

2021-11-18 11:35:24 - [TEST_STEP][PASSED] - Popup mesajı talebiniz işleme alınmıştır içeriyor mu: Popup mesajı talebiniz işleme alınmıştır içeriyor mu

2021-11-18 11:35:24 - [MESSAGE][PASSED] - Popup mesajı talebiniz işleme alınmıştır içeriyor mu

2021-11-18 11:35:24 - [TEST_STEP][PASSED] - Yönetim popupında Tamam seçilir: Yönetim popupında Tamam seçilir

2021-11-18 11:35:24 - [MESSAGE][PASSED] - Yönetim popupında Tamam seçilir

2021-11-18 11:35:24 - [TEST_STEP][PASSED] - Butonlardan Toplu İndirme isimli butona tıklanır: Butonlardan Toplu İndirme isimli butona tıklanır

2021-11-18 11:35:24 - [MESSAGE][PASSED] - Butonlardan Toplu İndirme isimli butona tıklanır

2021-11-18 11:35:24 - [TEST_STEP][PASSED] - Alt butonlardan UBL Seçilenleri İndir butonuna tıklanır: Alt butonlardan UBL Seçilenleri İndir butonuna tıklanır

2021-11-18 11:35:24 - [MESSAGE][PASSED] - Alt butonlardan UBL Seçilenleri İndir butonuna tıklanır

2021-11-18 11:35:24 - [TEST_STEP][PASSED] - Popup mesajı Lütfen rapor bildiriminin gönderileceği e-posta adresini belirtiniz. içeriyor mu: Popup mesajı Lütfen rapor bildiriminin gönderileceği e-posta adresini belirtiniz. içeriyor mu

2021-11-18 11:35:24 - [MESSAGE][PASSED] - Popup mesajı Lütfen rapor bildiriminin gönderileceği e-posta adresini belirtiniz. içeriyor mu

2021-11-18 11:35:24 - [TEST_STEP][PASSED] - Popup email elogotest@gmail.com;ali.kara@logo.com.tr olarak girilir: Popup email elogotest@gmail.com;ali.kara@logo.com.tr olarak girilir

2021-11-18 11:35:24 - [MESSAGE][PASSED] - Popup email elogotest@gmail.com;ali.kara@logo.com.tr olarak girilir

2021-11-18 11:35:24 - [TEST_STEP][PASSED] - Yönetim popupında Gönder seçilir: Yönetim popupında Gönder seçilir

2021-11-18 11:35:24 - [MESSAGE][PASSED] - Yönetim popupında Gönder seçilir

2021-11-18 11:35:24 - [TEST_STEP][PASSED] - Popup mesajı talebiniz işleme alınmıştır içeriyor mu: Popup mesajı talebiniz işleme alınmıştır içeriyor mu

2021-11-18 11:35:24 - [MESSAGE][PASSED] - Popup mesajı talebiniz işleme alınmıştır içeriyor mu

2021-11-18 11:35:24 - [TEST_STEP][PASSED] - Yönetim popupında Tamam seçilir: Yönetim popupında Tamam seçilir

2021-11-18 11:35:24 - [MESSAGE][PASSED] - Yönetim popupında Tamam seçilir

2021-11-18 11:35:24 - [TEST_STEP][PASSED] - Butonlardan Toplu İndirme isimli butona tıklanır: Butonlardan Toplu İndirme isimli butona tıklanır

2021-11-18 11:35:24 - [MESSAGE][PASSED] - Butonlardan Toplu İndirme isimli butona tıklanır

2021-11-18 11:35:24 - [TEST_STEP][PASSED] - Alt butonlardan UBL Tümünü İndir butonuna tıklanır: Alt butonlardan UBL Tümünü İndir butonuna tıklanır

2021-11-18 11:35:24 - [MESSAGE][PASSED] - Alt butonlardan UBL Tümünü İndir butonuna tıklanır

2021-11-18 11:35:24 - [TEST_STEP][PASSED] - Popup mesajı Lütfen rapor bildiriminin gönderileceği e-posta adresini belirtiniz. içeriyor mu: Popup mesajı Lütfen rapor bildiriminin gönderileceği e-posta adresini belirtiniz. içeriyor mu

2021-11-18 11:35:24 - [MESSAGE][PASSED] - Popup mesajı Lütfen rapor bildiriminin gönderileceği e-posta adresini belirtiniz. içeriyor mu

2021-11-18 11:35:24 - [TEST_STEP][PASSED] - Popup email elogotest@gmail.com;ali.kara@logo.com.tr olarak girilir: Popup email elogotest@gmail.com;ali.kara@logo.com.tr olarak girilir

2021-11-18 11:35:24 - [MESSAGE][PASSED] - Popup email elogotest@gmail.com;ali.kara@logo.com.tr olarak girilir

2021-11-18 11:35:24 - [TEST_STEP][PASSED] - Yönetim popupında Gönder seçilir: Yönetim popupında Gönder seçilir

2021-11-18 11:35:24 - [MESSAGE][PASSED] - Yönetim popupında Gönder seçilir

2021-11-18 11:35:24 - [TEST_STEP][PASSED] - Popup mesajı talebiniz işleme alınmıştır içeriyor mu: Popup mesajı talebiniz işleme alınmıştır içeriyor mu

2021-11-18 11:35:24 - [MESSAGE][PASSED] - Popup mesajı talebiniz işleme alınmıştır içeriyor mu

2021-11-18 11:35:24 - [TEST_STEP][PASSED] - Yönetim popupında Tamam seçilir: Yönetim popupında Tamam seçilir

2021-11-18 11:35:24 - [MESSAGE][PASSED] - Yönetim popupında Tamam seçilir

2021-11-18 11:35:24 - [TEST_STEP][PASSED] - Ana menüden Raporlar seçilir: Ana menüden Raporlar seçilir

2021-11-18 11:35:24 - [MESSAGE][PASSED] - Ana menüden Raporlar seçilir

2021-11-18 11:35:24 - [TEST_STEP][PASSED] - Alt menüden Toplu Veri İndirme seçilir: Alt menüden Toplu Veri İndirme seçilir

2021-11-18 11:35:24 - [MESSAGE][PASSED] - Alt menüden Toplu Veri İndirme seçilir

2021-11-18 11:35:24 - [TEST_STEP][PASSED] - Filtrelerden Talep No filtresine Rapor No bilgisi yaz: Filtrelerden Talep No filtresine Rapor No bilgisi yaz

2021-11-18 11:35:24 - [MESSAGE][PASSED] - Filtrelerden Talep No filtresine Rapor No bilgisi yaz

2021-11-18 11:35:24 - [TEST_STEP][PASSED] - Filtre butonlarından Listele seçilir: Filtre butonlarından Listele seçilir

2021-11-18 11:35:24 - [MESSAGE][PASSED] - Filtre butonlarından Listele seçilir

2021-11-18 11:35:24 - [TEST_STEP][PASSED] - Tabloda veri var mı kontrol edilir: Tabloda veri var mı kontrol edilir

2021-11-18 11:35:24 - [MESSAGE][PASSED] - Tabloda veri var mı kontrol edilir

2021-11-18 11:35:24 - [TEST_STEP][PASSED] - Kullanıcı işlemlerinden Çıkış seçilir: Kullanıcı işlemlerinden Çıkış seçilir

2021-11-18 11:35:24 - [MESSAGE][PASSED] - Kullanıcı işlemlerinden Çıkış seçilir

2021-11-18 11:35:24 - [MESSAGE][PASSED] - Feature file: 'Include/features/e-Fatura/Giden Kutusu/Faturalar/Toplu Indirme.feature' was passed

2021-11-18 11:35:24 - [TEST_STEP][PASSED] - Start listener action : sampleAfterTestSuite: Invoke 'com.kms.katalon.core.annotation.AfterTestCase' method: 'Listener.sampleAfterTestSuite(...)' completed.

2021-11-18 11:35:24 - [MESSAGE][INFO] - Starting invoke 'com.kms.katalon.core.annotation.AfterTestCase' method: 'Listener.sampleAfterTestSuite(...)'

2021-11-18 11:35:24 - [TEST_STEP][PASSED] - closeBrowser(): Invoke 'com.kms.katalon.core.annotation.AfterTestCase' method: 'Listener.sampleAfterTestSuite(...)' completed.

2021-11-18 11:35:24 - [MESSAGE][INFO] - Closing browser

2021-11-18 11:35:25 - [MESSAGE][PASSED] - Browser is closed

2021-11-18 11:35:25 - [MESSAGE][INFO] - Invoke 'com.kms.katalon.core.annotation.AfterTestCase' method: 'Listener.sampleAfterTestSuite(...)' completed.]]></system-out>
         <system-err><![CDATA[]]></system-err>
      </testcase>
      <testcase name="Test Cases/Case Repository/e-Fatura/Giden Kutusu/Uygulama Yanitlari/Excele Aktar" time="63.629" classname="Test Cases/Case Repository/e-Fatura/Giden Kutusu/Uygulama Yanitlari/Excele Aktar" status="PASSED">
         <system-out><![CDATA[2021-11-18 11:35:25 - [TEST_CASE][PASSED] - Test Cases/Case Repository/e-Fatura/Giden Kutusu/Uygulama Yanitlari/Excele Aktar: Test Cases/Case Repository/e-Fatura/Giden Kutusu/Uygulama Yanitlari/Excele Aktar

2021-11-18 11:35:25 - [TEST_STEP][PASSED] - Start listener action : sampleBeforeTestSuite: Invoke 'com.kms.katalon.core.annotation.BeforeTestCase' method: 'Listener.sampleBeforeTestSuite(...)' completed.

2021-11-18 11:35:25 - [MESSAGE][INFO] - Starting invoke 'com.kms.katalon.core.annotation.BeforeTestCase' method: 'Listener.sampleBeforeTestSuite(...)'

2021-11-18 11:35:25 - [TEST_STEP][PASSED] - openBrowser(baseUrl): Browser is opened with url: 'https://efatura-stage.elogo.com.tr/'

2021-11-18 11:35:25 - [MESSAGE][INFO] - Opening browser

2021-11-18 11:35:25 - [MESSAGE][INFO] - Starting 'Chrome' driver

2021-11-18 11:35:25 - [MESSAGE][INFO] - User set preference: ['prefs', '{download.default_directory=C:\otomasyondownfiles}']

2021-11-18 11:35:25 - [MESSAGE][INFO] - Action delay is set to 0 milliseconds

2021-11-18 11:35:27 - [MESSAGE][INFO] - Navigating browser to: 'https://efatura-stage.elogo.com.tr/'

2021-11-18 11:35:30 - [MESSAGE][PASSED] - Browser is opened with url: 'https://efatura-stage.elogo.com.tr/'

2021-11-18 11:35:30 - [TEST_STEP][PASSED] - maximizeWindow(): Invoke 'com.kms.katalon.core.annotation.BeforeTestCase' method: 'Listener.sampleBeforeTestSuite(...)' completed.

2021-11-18 11:35:30 - [MESSAGE][INFO] - Maximizing current window

2021-11-18 11:35:30 - [MESSAGE][PASSED] - Current window maximized

2021-11-18 11:35:30 - [MESSAGE][INFO] - Invoke 'com.kms.katalon.core.annotation.BeforeTestCase' method: 'Listener.sampleBeforeTestSuite(...)' completed.

2021-11-18 11:35:31 - [TEST_STEP][PASSED] - runFeatureFile("Include/features/e-Fatura/Giden Kutusu/Uygulama Yanıtlari/Excele Aktar.feature"): Feature file: 'Include/features/e-Fatura/Giden Kutusu/Uygulama Yanıtlari/Excele Aktar.feature' was passed

2021-11-18 11:35:31 - [MESSAGE][INFO] - Starting run keyword runFeatureFile: 'Include/features/e-Fatura/Giden Kutusu/Uygulama Yanıtlari/Excele Aktar.feature' and extract report to folder: 'C:\Users\DELL\Documents\GitHub\EES_KatalonLogo\Reports\20211118_110909\Suite Repository\ExceleAktarVeTopluIndirme\20211118_110948/cucumber_report/1637224531137'...

2021-11-18 11:35:31 - [MESSAGE][INFO] - Glue: []

2021-11-18 11:35:32 - [MESSAGE][INFO] - Checking called Test Case

2021-11-18 11:35:32 - [MESSAGE][INFO] - Starting to call Test Case 'Test Cases/Sayfalar/Giris_Sayfasi/Login'

2021-11-18 11:35:32 - [TEST_CASE][PASSED] - Test Cases/Sayfalar/Giris_Sayfasi/Login: Test Cases/Sayfalar/Giris_Sayfasi/Login

2021-11-18 11:35:32 - [TEST_STEP][PASSED] - Sayfa_Basligi = getWindowTitle(): Current window's title is: 'LOGO e-Fatura'

2021-11-18 11:35:32 - [MESSAGE][INFO] - Getting current window's title

2021-11-18 11:35:32 - [MESSAGE][PASSED] - Current window's title is: 'LOGO e-Fatura'

2021-11-18 11:35:32 - [TEST_STEP][PASSED] - verifyMatch(Sayfa_Basligi, "LOGO e-Fatura", false): Actual text 'LOGO e-Fatura' and expected text 'LOGO e-Fatura' are matched 

2021-11-18 11:35:32 - [MESSAGE][INFO] - Matching actual text 'LOGO e-Fatura' with expected text 'LOGO e-Fatura'

2021-11-18 11:35:32 - [MESSAGE][PASSED] - Actual text 'LOGO e-Fatura' and expected text 'LOGO e-Fatura' are matched 

2021-11-18 11:35:32 - [TEST_STEP][PASSED] - sendKeys(findTestObject("Sayfalar/Giris_Sayfasi/Firma_Kodu"), KullaniciAdi): Keys 'ELOGO6' sent to object: 'Object Repository/Sayfalar/Giris_Sayfasi/Firma_Kodu'

2021-11-18 11:35:32 - [MESSAGE][INFO] - Finding Test Object 'Object Repository/Sayfalar/Giris_Sayfasi/Firma_Kodu'

2021-11-18 11:35:32 - [MESSAGE][INFO] - Sending keys 'ELOGO6' to object: 'Object Repository/Sayfalar/Giris_Sayfasi/Firma_Kodu'

2021-11-18 11:35:32 - [MESSAGE][INFO] - Finding web element from Test Object's properties

2021-11-18 11:35:32 - [MESSAGE][INFO] - Checking timeout

2021-11-18 11:35:32 - [MESSAGE][INFO] - Finding web element with id: 'Object Repository/Sayfalar/Giris_Sayfasi/Firma_Kodu' located by 'By.xpath: //*[@id = 'AccountName']' in '30' second(s)

2021-11-18 11:35:32 - [MESSAGE][INFO] - Smart Wait Function is triggered

2021-11-18 11:35:33 - [MESSAGE][INFO] - Found 1 web elements with id: 'Object Repository/Sayfalar/Giris_Sayfasi/Firma_Kodu' located by 'By.xpath: //*[@id = 'AccountName']' in '30' second(s)

2021-11-18 11:35:33 - [MESSAGE][PASSED] - Keys 'ELOGO6' sent to object: 'Object Repository/Sayfalar/Giris_Sayfasi/Firma_Kodu'

2021-11-18 11:35:33 - [TEST_STEP][PASSED] - sendKeys(findTestObject("Sayfalar/Giris_Sayfasi/Sifre"), Sifre): Keys '123456' sent to object: 'Object Repository/Sayfalar/Giris_Sayfasi/Sifre'

2021-11-18 11:35:33 - [MESSAGE][INFO] - Finding Test Object 'Object Repository/Sayfalar/Giris_Sayfasi/Sifre'

2021-11-18 11:35:33 - [MESSAGE][INFO] - Sending keys '123456' to object: 'Object Repository/Sayfalar/Giris_Sayfasi/Sifre'

2021-11-18 11:35:33 - [MESSAGE][INFO] - Finding web element from Test Object's properties

2021-11-18 11:35:33 - [MESSAGE][INFO] - Checking timeout

2021-11-18 11:35:33 - [MESSAGE][INFO] - Finding web element with id: 'Object Repository/Sayfalar/Giris_Sayfasi/Sifre' located by 'By.xpath: //*[@id = 'Password']' in '30' second(s)

2021-11-18 11:35:33 - [MESSAGE][INFO] - Smart Wait Function is triggered

2021-11-18 11:35:33 - [MESSAGE][INFO] - Found 1 web elements with id: 'Object Repository/Sayfalar/Giris_Sayfasi/Sifre' located by 'By.xpath: //*[@id = 'Password']' in '30' second(s)

2021-11-18 11:35:34 - [MESSAGE][PASSED] - Keys '123456' sent to object: 'Object Repository/Sayfalar/Giris_Sayfasi/Sifre'

2021-11-18 11:35:34 - [TEST_STEP][PASSED] - findWebElement(findTestObject("Sayfalar/Giris_Sayfasi/Giris_Butonu")).click(): Found 1 web elements with id: 'Object Repository/Sayfalar/Giris_Sayfasi/Giris_Butonu' located by 'By.cssSelector: #btnLogin' in '30' second(s)

2021-11-18 11:35:34 - [MESSAGE][INFO] - Finding Test Object 'Object Repository/Sayfalar/Giris_Sayfasi/Giris_Butonu'

2021-11-18 11:35:34 - [MESSAGE][INFO] - Finding web element from Test Object's properties

2021-11-18 11:35:34 - [MESSAGE][INFO] - Checking timeout

2021-11-18 11:35:34 - [MESSAGE][INFO] - Finding web element with id: 'Object Repository/Sayfalar/Giris_Sayfasi/Giris_Butonu' located by 'By.cssSelector: #btnLogin' in '30' second(s)

2021-11-18 11:35:34 - [MESSAGE][INFO] - Smart Wait Function is triggered

2021-11-18 11:35:34 - [MESSAGE][INFO] - Found 1 web elements with id: 'Object Repository/Sayfalar/Giris_Sayfasi/Giris_Butonu' located by 'By.cssSelector: #btnLogin' in '30' second(s)

2021-11-18 11:35:37 - [TEST_STEP][PASSED] - if (verifyElementPresent(findTestObject("Object Repository/Sayfalar/Giris_Sayfasi/RetveTamam_Butonu"), 5, OPTIONAL)): null

2021-11-18 11:35:37 - [MESSAGE][INFO] - Finding Test Object 'Object Repository/Sayfalar/Giris_Sayfasi/RetveTamam_Butonu'

2021-11-18 11:35:37 - [MESSAGE][INFO] - Checking object

2021-11-18 11:35:37 - [MESSAGE][INFO] - Finding web element from Test Object's properties

2021-11-18 11:35:37 - [MESSAGE][INFO] - Checking timeout

2021-11-18 11:35:37 - [MESSAGE][INFO] - Finding web element with id: 'Object Repository/Sayfalar/Giris_Sayfasi/RetveTamam_Butonu' located by 'By.xpath: //*[@class = 'btn btn-default']' in '5' second(s)

2021-11-18 11:35:37 - [MESSAGE][INFO] - Smart Wait Function is triggered

2021-11-18 11:35:37 - [MESSAGE][INFO] - Found 1 web elements with id: 'Object Repository/Sayfalar/Giris_Sayfasi/RetveTamam_Butonu' located by 'By.xpath: //*[@class = 'btn btn-default']' in '5' second(s)

2021-11-18 11:35:37 - [MESSAGE][PASSED] - Object 'Object Repository/Sayfalar/Giris_Sayfasi/RetveTamam_Butonu' is present

2021-11-18 11:35:37 - [TEST_STEP][PASSED] - click(findTestObject("Object Repository/Sayfalar/Giris_Sayfasi/RetveTamam_Butonu")): Object: 'Object Repository/Sayfalar/Giris_Sayfasi/RetveTamam_Butonu' is clicked on

2021-11-18 11:35:37 - [MESSAGE][INFO] - Finding Test Object 'Object Repository/Sayfalar/Giris_Sayfasi/RetveTamam_Butonu'

2021-11-18 11:35:37 - [MESSAGE][INFO] - Checking object

2021-11-18 11:35:37 - [MESSAGE][INFO] - Finding web element from Test Object's properties

2021-11-18 11:35:37 - [MESSAGE][INFO] - Checking timeout

2021-11-18 11:35:37 - [MESSAGE][INFO] - Finding web element with id: 'Object Repository/Sayfalar/Giris_Sayfasi/RetveTamam_Butonu' located by 'By.xpath: //*[@class = 'btn btn-default']' in '30' second(s)

2021-11-18 11:35:37 - [MESSAGE][INFO] - Smart Wait Function is triggered

2021-11-18 11:35:37 - [MESSAGE][INFO] - Found 1 web elements with id: 'Object Repository/Sayfalar/Giris_Sayfasi/RetveTamam_Butonu' located by 'By.xpath: //*[@class = 'btn btn-default']' in '30' second(s)

2021-11-18 11:35:37 - [MESSAGE][INFO] - Clicking on object: 'Object Repository/Sayfalar/Giris_Sayfasi/RetveTamam_Butonu'

2021-11-18 11:35:37 - [MESSAGE][PASSED] - Object: 'Object Repository/Sayfalar/Giris_Sayfasi/RetveTamam_Butonu' is clicked on

2021-11-18 11:35:37 - [TEST_STEP][PASSED] - click(findTestObject("Object Repository/Sayfalar/Giris_Sayfasi/RetveTamam_Butonu")): Object: 'Object Repository/Sayfalar/Giris_Sayfasi/RetveTamam_Butonu' is clicked on

2021-11-18 11:35:37 - [MESSAGE][INFO] - Finding Test Object 'Object Repository/Sayfalar/Giris_Sayfasi/RetveTamam_Butonu'

2021-11-18 11:35:38 - [MESSAGE][INFO] - Checking object

2021-11-18 11:35:38 - [MESSAGE][INFO] - Finding web element from Test Object's properties

2021-11-18 11:35:38 - [MESSAGE][INFO] - Checking timeout

2021-11-18 11:35:38 - [MESSAGE][INFO] - Finding web element with id: 'Object Repository/Sayfalar/Giris_Sayfasi/RetveTamam_Butonu' located by 'By.xpath: //*[@class = 'btn btn-default']' in '30' second(s)

2021-11-18 11:35:38 - [MESSAGE][INFO] - Smart Wait Function is triggered

2021-11-18 11:35:45 - [MESSAGE][INFO] - Found 1 web elements with id: 'Object Repository/Sayfalar/Giris_Sayfasi/RetveTamam_Butonu' located by 'By.xpath: //*[@class = 'btn btn-default']' in '30' second(s)

2021-11-18 11:35:45 - [MESSAGE][INFO] - Clicking on object: 'Object Repository/Sayfalar/Giris_Sayfasi/RetveTamam_Butonu'

2021-11-18 11:35:46 - [MESSAGE][PASSED] - Object: 'Object Repository/Sayfalar/Giris_Sayfasi/RetveTamam_Butonu' is clicked on

2021-11-18 11:35:46 - [TEST_STEP][PASSED] - if (verifyElementPresent(findTestObject("Sayfalar/Giris_Sayfasi/PopupOK"), 5, OPTIONAL)): null

2021-11-18 11:35:46 - [MESSAGE][INFO] - Finding Test Object 'Object Repository/Sayfalar/Giris_Sayfasi/PopupOK'

2021-11-18 11:35:46 - [MESSAGE][INFO] - Checking object

2021-11-18 11:35:46 - [MESSAGE][INFO] - Finding web element from Test Object's properties

2021-11-18 11:35:46 - [MESSAGE][INFO] - Checking timeout

2021-11-18 11:35:46 - [MESSAGE][INFO] - Finding web element with id: 'Object Repository/Sayfalar/Giris_Sayfasi/PopupOK' located by 'By.cssSelector: .btn.btn-success' in '5' second(s)

2021-11-18 11:35:46 - [MESSAGE][INFO] - Smart Wait Function is triggered

2021-11-18 11:35:46 - [MESSAGE][INFO] - Found 1 web elements with id: 'Object Repository/Sayfalar/Giris_Sayfasi/PopupOK' located by 'By.cssSelector: .btn.btn-success' in '5' second(s)

2021-11-18 11:35:46 - [MESSAGE][PASSED] - Object 'Object Repository/Sayfalar/Giris_Sayfasi/PopupOK' is present

2021-11-18 11:35:46 - [TEST_STEP][PASSED] - click(findTestObject("Object Repository/Sayfalar/Giris_Sayfasi/PopupCarpiGiris")): Object: 'Object Repository/Sayfalar/Giris_Sayfasi/PopupCarpiGiris' is clicked on

2021-11-18 11:35:46 - [MESSAGE][INFO] - Finding Test Object 'Object Repository/Sayfalar/Giris_Sayfasi/PopupCarpiGiris'

2021-11-18 11:35:47 - [MESSAGE][INFO] - Checking object

2021-11-18 11:35:47 - [MESSAGE][INFO] - Finding web element from Test Object's properties

2021-11-18 11:35:47 - [MESSAGE][INFO] - Checking timeout

2021-11-18 11:35:47 - [MESSAGE][INFO] - Finding web element with id: 'Object Repository/Sayfalar/Giris_Sayfasi/PopupCarpiGiris' located by 'By.cssSelector: .bootbox-close-button.close' in '30' second(s)

2021-11-18 11:35:47 - [MESSAGE][INFO] - Smart Wait Function is triggered

2021-11-18 11:35:47 - [MESSAGE][INFO] - Found 1 web elements with id: 'Object Repository/Sayfalar/Giris_Sayfasi/PopupCarpiGiris' located by 'By.cssSelector: .bootbox-close-button.close' in '30' second(s)

2021-11-18 11:35:47 - [MESSAGE][INFO] - Clicking on object: 'Object Repository/Sayfalar/Giris_Sayfasi/PopupCarpiGiris'

2021-11-18 11:35:47 - [MESSAGE][PASSED] - Object: 'Object Repository/Sayfalar/Giris_Sayfasi/PopupCarpiGiris' is clicked on

2021-11-18 11:35:47 - [TEST_STEP][PASSED] - verifyElementVisible(findTestObject("Object Repository/Kullanici_Islemleri/KullaniciIslemleri")): Object 'Object Repository/Kullanici_Islemleri/KullaniciIslemleri' is visible

2021-11-18 11:35:47 - [MESSAGE][INFO] - Finding Test Object 'Object Repository/Kullanici_Islemleri/KullaniciIslemleri'

2021-11-18 11:35:47 - [MESSAGE][INFO] - Checking object

2021-11-18 11:35:47 - [MESSAGE][INFO] - Finding web element from Test Object's properties

2021-11-18 11:35:47 - [MESSAGE][INFO] - Checking timeout

2021-11-18 11:35:47 - [MESSAGE][INFO] - Finding web element with id: 'Object Repository/Kullanici_Islemleri/KullaniciIslemleri' located by 'By.cssSelector: .dropdown>a>img' in '30' second(s)

2021-11-18 11:35:47 - [MESSAGE][INFO] - Smart Wait Function is triggered

2021-11-18 11:35:48 - [MESSAGE][INFO] - Found 1 web elements with id: 'Object Repository/Kullanici_Islemleri/KullaniciIslemleri' located by 'By.cssSelector: .dropdown>a>img' in '30' second(s)

2021-11-18 11:35:48 - [MESSAGE][PASSED] - Object 'Object Repository/Kullanici_Islemleri/KullaniciIslemleri' is visible

2021-11-18 11:35:48 - [MESSAGE][PASSED] - Call Test Case 'Test Cases/Sayfalar/Giris_Sayfasi/Login' successfully

2021-11-18 11:35:48 - [MESSAGE][INFO] - Checking called Test Case

2021-11-18 11:35:48 - [MESSAGE][INFO] - Starting to call Test Case 'Test Cases/Menu/AnaMenuSecimi'

2021-11-18 11:35:48 - [TEST_CASE][PASSED] - Test Cases/Menu/AnaMenuSecimi: Test Cases/Menu/AnaMenuSecimi

2021-11-18 11:35:48 - [TEST_STEP][PASSED] - Method.TextDegerineEsitElementeTikla(findTestObject("Menu/Ana_Menu"), Ana_Menu): Method.TextDegerineEsitElementeTikla is PASSED

2021-11-18 11:35:48 - [MESSAGE][INFO] - Finding Test Object 'Object Repository/Menu/Ana_Menu'

2021-11-18 11:35:48 - [MESSAGE][INFO] - Checking timeout

2021-11-18 11:35:48 - [MESSAGE][INFO] - Finding web element with id: 'Object Repository/Menu/Ana_Menu' located by 'By.xpath: //*[@class = 'dropdown-toggle']' in '10' second(s)

2021-11-18 11:35:48 - [MESSAGE][INFO] - Smart Wait Function is triggered

2021-11-18 11:35:48 - [MESSAGE][INFO] - Found 14 web elements with id: 'Object Repository/Menu/Ana_Menu' located by 'By.xpath: //*[@class = 'dropdown-toggle']' in '10' second(s)

2021-11-18 11:35:49 - [MESSAGE][PASSED] - Method.TextDegerineEsitElementeTikla is PASSED

2021-11-18 11:35:49 - [MESSAGE][PASSED] - Call Test Case 'Test Cases/Menu/AnaMenuSecimi' successfully

2021-11-18 11:35:49 - [MESSAGE][INFO] - Checking called Test Case

2021-11-18 11:35:49 - [MESSAGE][INFO] - Starting to call Test Case 'Test Cases/Menu/BasligaGoreAltMenuSecimi'

2021-11-18 11:35:49 - [TEST_CASE][PASSED] - Test Cases/Menu/BasligaGoreAltMenuSecimi: Test Cases/Menu/BasligaGoreAltMenuSecimi

2021-11-18 11:35:49 - [TEST_STEP][PASSED] - Method.TextDegerineEsitElementinAltindakiTextDegerineEsitOlanaTikla(findTestObject("Menu/Menu_Basligi"), findTestObject("Menu/Basliga_Gore_Alt_Menu"), Baslik, Alt_Menu): Method.TextDegerineEsitElementinAltindakiTextDegerineEsitOlanaTikla is PASSED

2021-11-18 11:35:49 - [MESSAGE][INFO] - Finding Test Object 'Object Repository/Menu/Menu_Basligi'

2021-11-18 11:35:49 - [MESSAGE][INFO] - Finding Test Object 'Object Repository/Menu/Basliga_Gore_Alt_Menu'

2021-11-18 11:35:49 - [MESSAGE][INFO] - Checking timeout

2021-11-18 11:35:49 - [MESSAGE][INFO] - Finding web element with id: 'Object Repository/Menu/Menu_Basligi' located by 'By.xpath: //li[@class='dropdown dropdown-large open']//li[@class='dropdown-header']' in '10' second(s)

2021-11-18 11:35:49 - [MESSAGE][INFO] - Smart Wait Function is triggered

2021-11-18 11:35:49 - [MESSAGE][INFO] - Found 3 web elements with id: 'Object Repository/Menu/Menu_Basligi' located by 'By.xpath: //li[@class='dropdown dropdown-large open']//li[@class='dropdown-header']' in '10' second(s)

2021-11-18 11:35:49 - [MESSAGE][INFO] - Smart Wait Function is triggered

2021-11-18 11:35:52 - [MESSAGE][PASSED] - Method.TextDegerineEsitElementinAltindakiTextDegerineEsitOlanaTikla is PASSED

2021-11-18 11:35:52 - [MESSAGE][PASSED] - Call Test Case 'Test Cases/Menu/BasligaGoreAltMenuSecimi' successfully

2021-11-18 11:35:52 - [MESSAGE][INFO] - Checking called Test Case

2021-11-18 11:35:52 - [MESSAGE][INFO] - Starting to call Test Case 'Test Cases/Filtreler/BaslangicYaz'

2021-11-18 11:35:52 - [TEST_CASE][PASSED] - Test Cases/Filtreler/BaslangicYaz: Test Cases/Filtreler/BaslangicYaz

2021-11-18 11:35:52 - [TEST_STEP][PASSED] - delay(3): Delayed 3 second(s)

2021-11-18 11:35:52 - [MESSAGE][INFO] - Delaying browser in 3 second(s)

2021-11-18 11:35:55 - [MESSAGE][PASSED] - Delayed 3 second(s)

2021-11-18 11:35:55 - [TEST_STEP][PASSED] - Method.TextDegerineEsitElementinAltindakineTikla(findTestObject("Filtreler/Basliklar"), findTestObject("Filtreler/Basliga_Gore_Baslangic_Image"), Filtre_Adi): Method.TextDegerineEsitElementinAltindakineTikla is PASSED

2021-11-18 11:35:55 - [MESSAGE][INFO] - Finding Test Object 'Object Repository/Filtreler/Basliklar'

2021-11-18 11:35:55 - [MESSAGE][INFO] - Finding Test Object 'Object Repository/Filtreler/Basliga_Gore_Baslangic_Image'

2021-11-18 11:35:55 - [MESSAGE][INFO] - Checking timeout

2021-11-18 11:35:55 - [MESSAGE][INFO] - Finding web element with id: 'Object Repository/Filtreler/Basliklar' located by 'By.cssSelector: .control-label.col-sm-4.paddingMarginRLC' in '10' second(s)

2021-11-18 11:35:55 - [MESSAGE][INFO] - Smart Wait Function is triggered

2021-11-18 11:35:56 - [MESSAGE][INFO] - Found 13 web elements with id: 'Object Repository/Filtreler/Basliklar' located by 'By.cssSelector: .control-label.col-sm-4.paddingMarginRLC' in '10' second(s)

2021-11-18 11:35:56 - [MESSAGE][INFO] - Smart Wait Function is triggered

2021-11-18 11:35:56 - [MESSAGE][PASSED] - Method.TextDegerineEsitElementinAltindakineTikla is PASSED

2021-11-18 11:35:56 - [TEST_STEP][PASSED] - Method.TextDegerineEsitElementinAltindakiTextboxtaYaz(findTestObject("Filtreler/Basliklar"), findTestObject("Filtreler/Basliga_Gore_Baslangic"), Filtre_Adi, Filtre_Degeri): Method.TextDegerineEsitElementinAltindakiTextboxtaYaz is PASSED

2021-11-18 11:35:56 - [MESSAGE][INFO] - Finding Test Object 'Object Repository/Filtreler/Basliklar'

2021-11-18 11:35:56 - [MESSAGE][INFO] - Finding Test Object 'Object Repository/Filtreler/Basliga_Gore_Baslangic'

2021-11-18 11:35:56 - [MESSAGE][INFO] - Checking timeout

2021-11-18 11:35:56 - [MESSAGE][INFO] - Finding web element with id: 'Object Repository/Filtreler/Basliklar' located by 'By.cssSelector: .control-label.col-sm-4.paddingMarginRLC' in '10' second(s)

2021-11-18 11:35:56 - [MESSAGE][INFO] - Smart Wait Function is triggered

2021-11-18 11:35:57 - [MESSAGE][INFO] - Found 13 web elements with id: 'Object Repository/Filtreler/Basliklar' located by 'By.cssSelector: .control-label.col-sm-4.paddingMarginRLC' in '10' second(s)

2021-11-18 11:35:57 - [MESSAGE][INFO] - Smart Wait Function is triggered

2021-11-18 11:35:57 - [MESSAGE][PASSED] - Method.TextDegerineEsitElementinAltindakiTextboxtaYaz is PASSED

2021-11-18 11:35:57 - [MESSAGE][PASSED] - Call Test Case 'Test Cases/Filtreler/BaslangicYaz' successfully

2021-11-18 11:35:57 - [MESSAGE][INFO] - Checking called Test Case

2021-11-18 11:35:57 - [MESSAGE][INFO] - Starting to call Test Case 'Test Cases/Filtreler/BitisYaz'

2021-11-18 11:35:57 - [TEST_CASE][PASSED] - Test Cases/Filtreler/BitisYaz: Test Cases/Filtreler/BitisYaz

2021-11-18 11:35:57 - [TEST_STEP][PASSED] - Method.TextDegerineEsitElementinAltindakineTikla(findTestObject("Filtreler/Basliklar"), findTestObject("Filtreler/Basliga_Gore_Bitis_Image"), Filtre_Adi): Method.TextDegerineEsitElementinAltindakineTikla is PASSED

2021-11-18 11:35:57 - [MESSAGE][INFO] - Finding Test Object 'Object Repository/Filtreler/Basliklar'

2021-11-18 11:35:57 - [MESSAGE][INFO] - Finding Test Object 'Object Repository/Filtreler/Basliga_Gore_Bitis_Image'

2021-11-18 11:35:57 - [MESSAGE][INFO] - Checking timeout

2021-11-18 11:35:57 - [MESSAGE][INFO] - Finding web element with id: 'Object Repository/Filtreler/Basliklar' located by 'By.cssSelector: .control-label.col-sm-4.paddingMarginRLC' in '10' second(s)

2021-11-18 11:35:57 - [MESSAGE][INFO] - Smart Wait Function is triggered

2021-11-18 11:35:58 - [MESSAGE][INFO] - Found 13 web elements with id: 'Object Repository/Filtreler/Basliklar' located by 'By.cssSelector: .control-label.col-sm-4.paddingMarginRLC' in '10' second(s)

2021-11-18 11:35:58 - [MESSAGE][INFO] - Smart Wait Function is triggered

2021-11-18 11:35:58 - [MESSAGE][PASSED] - Method.TextDegerineEsitElementinAltindakineTikla is PASSED

2021-11-18 11:35:58 - [TEST_STEP][PASSED] - Method.TextDegerineEsitElementinAltindakiTextboxtaYaz(findTestObject("Filtreler/Basliklar"), findTestObject("Object Repository/Filtreler/Basliga_Gore_Bitis"), Filtre_Adi, Filtre_Degeri): Method.TextDegerineEsitElementinAltindakiTextboxtaYaz is PASSED

2021-11-18 11:35:58 - [MESSAGE][INFO] - Finding Test Object 'Object Repository/Filtreler/Basliklar'

2021-11-18 11:35:58 - [MESSAGE][INFO] - Finding Test Object 'Object Repository/Filtreler/Basliga_Gore_Bitis'

2021-11-18 11:35:58 - [MESSAGE][INFO] - Checking timeout

2021-11-18 11:35:58 - [MESSAGE][INFO] - Finding web element with id: 'Object Repository/Filtreler/Basliklar' located by 'By.cssSelector: .control-label.col-sm-4.paddingMarginRLC' in '10' second(s)

2021-11-18 11:35:58 - [MESSAGE][INFO] - Smart Wait Function is triggered

2021-11-18 11:35:59 - [MESSAGE][INFO] - Found 13 web elements with id: 'Object Repository/Filtreler/Basliklar' located by 'By.cssSelector: .control-label.col-sm-4.paddingMarginRLC' in '10' second(s)

2021-11-18 11:35:59 - [MESSAGE][INFO] - Smart Wait Function is triggered

2021-11-18 11:35:59 - [MESSAGE][PASSED] - Method.TextDegerineEsitElementinAltindakiTextboxtaYaz is PASSED

2021-11-18 11:35:59 - [MESSAGE][PASSED] - Call Test Case 'Test Cases/Filtreler/BitisYaz' successfully

2021-11-18 11:35:59 - [MESSAGE][INFO] - Checking called Test Case

2021-11-18 11:35:59 - [MESSAGE][INFO] - Starting to call Test Case 'Test Cases/Filtreler/TexboxaYaz'

2021-11-18 11:35:59 - [TEST_CASE][PASSED] - Test Cases/Filtreler/TexboxaYaz: Test Cases/Filtreler/TexboxaYaz

2021-11-18 11:35:59 - [TEST_STEP][PASSED] - Method.TextDegerineEsitElementinAltindakiTextboxtaYaz(findTestObject("Filtreler/Basliklar"), findTestObject("Filtreler/Basliga_Gore_Textbox"), Filtre_Adi, Filtre_Degeri): Method.TextDegerineEsitElementinAltindakiTextboxtaYaz is PASSED

2021-11-18 11:35:59 - [MESSAGE][INFO] - Finding Test Object 'Object Repository/Filtreler/Basliklar'

2021-11-18 11:35:59 - [MESSAGE][INFO] - Finding Test Object 'Object Repository/Filtreler/Basliga_Gore_Textbox'

2021-11-18 11:36:00 - [MESSAGE][INFO] - Checking timeout

2021-11-18 11:36:00 - [MESSAGE][INFO] - Finding web element with id: 'Object Repository/Filtreler/Basliklar' located by 'By.cssSelector: .control-label.col-sm-4.paddingMarginRLC' in '10' second(s)

2021-11-18 11:36:00 - [MESSAGE][INFO] - Smart Wait Function is triggered

2021-11-18 11:36:00 - [MESSAGE][INFO] - Found 13 web elements with id: 'Object Repository/Filtreler/Basliklar' located by 'By.cssSelector: .control-label.col-sm-4.paddingMarginRLC' in '10' second(s)

2021-11-18 11:36:00 - [MESSAGE][INFO] - Smart Wait Function is triggered

2021-11-18 11:36:00 - [MESSAGE][PASSED] - Method.TextDegerineEsitElementinAltindakiTextboxtaYaz is PASSED

2021-11-18 11:36:00 - [MESSAGE][PASSED] - Call Test Case 'Test Cases/Filtreler/TexboxaYaz' successfully

2021-11-18 11:36:00 - [MESSAGE][INFO] - Checking called Test Case

2021-11-18 11:36:00 - [MESSAGE][INFO] - Starting to call Test Case 'Test Cases/Filtreler/ButonaTikla'

2021-11-18 11:36:00 - [TEST_CASE][PASSED] - Test Cases/Filtreler/ButonaTikla: Test Cases/Filtreler/ButonaTikla

2021-11-18 11:36:00 - [TEST_STEP][PASSED] - Method.TextDegerineEsitElementeTikla(findTestObject("Filtreler/Butonlar"), Filtre_Buton): Method.TextDegerineEsitElementeTikla is PASSED

2021-11-18 11:36:00 - [MESSAGE][INFO] - Finding Test Object 'Object Repository/Filtreler/Butonlar'

2021-11-18 11:36:01 - [MESSAGE][INFO] - Checking timeout

2021-11-18 11:36:01 - [MESSAGE][INFO] - Finding web element with id: 'Object Repository/Filtreler/Butonlar' located by 'By.cssSelector: .dxb>span' in '10' second(s)

2021-11-18 11:36:01 - [MESSAGE][INFO] - Smart Wait Function is triggered

2021-11-18 11:36:01 - [MESSAGE][INFO] - Found 3 web elements with id: 'Object Repository/Filtreler/Butonlar' located by 'By.cssSelector: .dxb>span' in '10' second(s)

2021-11-18 11:36:01 - [MESSAGE][PASSED] - Method.TextDegerineEsitElementeTikla is PASSED

2021-11-18 11:36:01 - [MESSAGE][PASSED] - Call Test Case 'Test Cases/Filtreler/ButonaTikla' successfully

2021-11-18 11:36:01 - [MESSAGE][INFO] - Checking called Test Case

2021-11-18 11:36:01 - [MESSAGE][INFO] - Starting to call Test Case 'Test Cases/Tablo/TablodaVeriVarMi'

2021-11-18 11:36:01 - [TEST_CASE][PASSED] - Test Cases/Tablo/TablodaVeriVarMi: Test Cases/Tablo/TablodaVeriVarMi

2021-11-18 11:36:01 - [TEST_STEP][PASSED] - verifyTextNotPresent("Görüntülenecek veri yok", true): Text 'Görüntülenecek veri yok' is not present on page using regular expression

2021-11-18 11:36:01 - [MESSAGE][INFO] - Checking text present  using regular expression

2021-11-18 11:36:01 - [MESSAGE][INFO] - Smart Wait Function is triggered

2021-11-18 11:36:02 - [MESSAGE][INFO] - Finding text 'Görüntülenecek veri yok' on page  using regular expression

2021-11-18 11:36:02 - [MESSAGE][PASSED] - Text 'Görüntülenecek veri yok' is not present on page using regular expression

2021-11-18 11:36:02 - [MESSAGE][PASSED] - Call Test Case 'Test Cases/Tablo/TablodaVeriVarMi' successfully

2021-11-18 11:36:02 - [MESSAGE][INFO] - Checking called Test Case

2021-11-18 11:36:02 - [MESSAGE][INFO] - Starting to call Test Case 'Test Cases/Tablo/TablodanVeriSec'

2021-11-18 11:36:02 - [TEST_CASE][PASSED] - Test Cases/Tablo/TablodanVeriSec: Test Cases/Tablo/TablodanVeriSec

2021-11-18 11:36:02 - [TEST_STEP][PASSED] - Method.TextDegerineEsitElementinAltindakineTikla(findTestObject("Tablo/Veriler"), findTestObject("Tablo/VerininCheckBoxi"), Veri_Adi): Method.TextDegerineEsitElementinAltindakineTikla is PASSED

2021-11-18 11:36:02 - [MESSAGE][INFO] - Finding Test Object 'Object Repository/Tablo/Veriler'

2021-11-18 11:36:02 - [MESSAGE][INFO] - Finding Test Object 'Object Repository/Tablo/VerininCheckBoxi'

2021-11-18 11:36:02 - [MESSAGE][INFO] - Checking timeout

2021-11-18 11:36:02 - [MESSAGE][INFO] - Finding web element with id: 'Object Repository/Tablo/Veriler' located by 'By.cssSelector: td.dxgv b ,td.dxgv' in '10' second(s)

2021-11-18 11:36:02 - [MESSAGE][INFO] - Smart Wait Function is triggered

2021-11-18 11:36:03 - [MESSAGE][INFO] - Found 26 web elements with id: 'Object Repository/Tablo/Veriler' located by 'By.cssSelector: td.dxgv b ,td.dxgv' in '10' second(s)

2021-11-18 11:36:03 - [MESSAGE][INFO] - Smart Wait Function is triggered

2021-11-18 11:36:03 - [MESSAGE][PASSED] - Method.TextDegerineEsitElementinAltindakineTikla is PASSED

2021-11-18 11:36:03 - [MESSAGE][PASSED] - Call Test Case 'Test Cases/Tablo/TablodanVeriSec' successfully

2021-11-18 11:36:03 - [MESSAGE][INFO] - Checking called Test Case

2021-11-18 11:36:03 - [MESSAGE][INFO] - Starting to call Test Case 'Test Cases/Butonlar/ButonaTikla'

2021-11-18 11:36:03 - [TEST_CASE][PASSED] - Test Cases/Butonlar/ButonaTikla: Test Cases/Butonlar/ButonaTikla

2021-11-18 11:36:03 - [TEST_STEP][PASSED] - Method.TextDegerineEsitElementeTiklaEquals(findTestObject("Butonlar/Butonlar"), Buton_Adi): Method.TextDegerineEsitElementeTiklaEquals is PASSED

2021-11-18 11:36:03 - [MESSAGE][INFO] - Finding Test Object 'Object Repository/Butonlar/Butonlar'

2021-11-18 11:36:03 - [MESSAGE][INFO] - Checking timeout

2021-11-18 11:36:03 - [MESSAGE][INFO] - Finding web element with id: 'Object Repository/Butonlar/Butonlar' located by 'By.cssSelector: .panel.panel-default.text-center.footerPanel .btn,.btn.btn-primary.btnControls' in '10' second(s)

2021-11-18 11:36:03 - [MESSAGE][INFO] - Smart Wait Function is triggered

2021-11-18 11:36:03 - [MESSAGE][INFO] - Found 7 web elements with id: 'Object Repository/Butonlar/Butonlar' located by 'By.cssSelector: .panel.panel-default.text-center.footerPanel .btn,.btn.btn-primary.btnControls' in '10' second(s)

2021-11-18 11:36:03 - [MESSAGE][PASSED] - Method.TextDegerineEsitElementeTiklaEquals is PASSED

2021-11-18 11:36:03 - [MESSAGE][PASSED] - Call Test Case 'Test Cases/Butonlar/ButonaTikla' successfully

2021-11-18 11:36:03 - [MESSAGE][INFO] - Checking called Test Case

2021-11-18 11:36:03 - [MESSAGE][INFO] - Starting to call Test Case 'Test Cases/Butonlar/AltButonaTikla'

2021-11-18 11:36:04 - [TEST_CASE][PASSED] - Test Cases/Butonlar/AltButonaTikla: Test Cases/Butonlar/AltButonaTikla

2021-11-18 11:36:04 - [TEST_STEP][PASSED] - Method.TextDegerineEsitElementeTikla(findTestObject("Butonlar/AltButonlar"), Alt_Buton): Method.TextDegerineEsitElementeTikla is PASSED

2021-11-18 11:36:04 - [MESSAGE][INFO] - Finding Test Object 'Object Repository/Butonlar/AltButonlar'

2021-11-18 11:36:04 - [MESSAGE][INFO] - Checking timeout

2021-11-18 11:36:04 - [MESSAGE][INFO] - Finding web element with id: 'Object Repository/Butonlar/AltButonlar' located by 'By.cssSelector: .btn-group.open li>a' in '10' second(s)

2021-11-18 11:36:04 - [MESSAGE][INFO] - Smart Wait Function is triggered

2021-11-18 11:36:04 - [MESSAGE][INFO] - Found 2 web elements with id: 'Object Repository/Butonlar/AltButonlar' located by 'By.cssSelector: .btn-group.open li>a' in '10' second(s)

2021-11-18 11:36:04 - [MESSAGE][PASSED] - Method.TextDegerineEsitElementeTikla is PASSED

2021-11-18 11:36:04 - [MESSAGE][PASSED] - Call Test Case 'Test Cases/Butonlar/AltButonaTikla' successfully

2021-11-18 11:36:04 - [MESSAGE][INFO] - Checking called Test Case

2021-11-18 11:36:04 - [MESSAGE][INFO] - Starting to call Test Case 'Test Cases/Popup/PopupMesajiIceriyorMu'

2021-11-18 11:36:04 - [TEST_CASE][PASSED] - Test Cases/Popup/PopupMesajiIceriyorMu: Test Cases/Popup/PopupMesajiIceriyorMu

2021-11-18 11:36:04 - [TEST_STEP][PASSED] - waitForElementVisible(findTestObject("Popup/Popup"), 10): Object 'Object Repository/Popup/Popup' is visible

2021-11-18 11:36:04 - [MESSAGE][INFO] - Finding Test Object 'Object Repository/Popup/Popup'

2021-11-18 11:36:04 - [MESSAGE][INFO] - Checking object

2021-11-18 11:36:04 - [MESSAGE][INFO] - Checking timeout

2021-11-18 11:36:04 - [MESSAGE][INFO] - Finding web element from Test Object's properties

2021-11-18 11:36:04 - [MESSAGE][INFO] - Checking timeout

2021-11-18 11:36:04 - [MESSAGE][INFO] - Finding web element with id: 'Object Repository/Popup/Popup' located by 'By.cssSelector: .bootbox-body' in '10' second(s)

2021-11-18 11:36:04 - [MESSAGE][INFO] - Smart Wait Function is triggered

2021-11-18 11:36:05 - [MESSAGE][INFO] - Found 1 web elements with id: 'Object Repository/Popup/Popup' located by 'By.cssSelector: .bootbox-body' in '10' second(s)

2021-11-18 11:36:05 - [MESSAGE][PASSED] - Object 'Object Repository/Popup/Popup' is visible

2021-11-18 11:36:05 - [TEST_STEP][PASSED] - if (!(getText(findTestObject("Popup/Popup")).contains(Mesaj))): Text of object 'Object Repository/Popup/Popup' is: 'Lütfen rapor bildiriminin gönderileceği e-posta adresini belirtiniz.
e-Posta Adresi'

2021-11-18 11:36:05 - [MESSAGE][INFO] - Finding Test Object 'Object Repository/Popup/Popup'

2021-11-18 11:36:05 - [MESSAGE][INFO] - Checking object

2021-11-18 11:36:05 - [MESSAGE][INFO] - Finding web element from Test Object's properties

2021-11-18 11:36:05 - [MESSAGE][INFO] - Checking timeout

2021-11-18 11:36:05 - [MESSAGE][INFO] - Finding web element with id: 'Object Repository/Popup/Popup' located by 'By.cssSelector: .bootbox-body' in '30' second(s)

2021-11-18 11:36:05 - [MESSAGE][INFO] - Smart Wait Function is triggered

2021-11-18 11:36:06 - [MESSAGE][INFO] - Found 1 web elements with id: 'Object Repository/Popup/Popup' located by 'By.cssSelector: .bootbox-body' in '30' second(s)

2021-11-18 11:36:06 - [MESSAGE][INFO] - Getting text of object 'Object Repository/Popup/Popup'

2021-11-18 11:36:06 - [MESSAGE][PASSED] - Text of object 'Object Repository/Popup/Popup' is: 'Lütfen rapor bildiriminin gönderileceği e-posta adresini belirtiniz.
e-Posta Adresi'

2021-11-18 11:36:06 - [TEST_STEP][PASSED] - RaporNo = getText(findTestObject("Popup/Popup")).substring(0, 6): Text of object 'Object Repository/Popup/Popup' is: 'Lütfen rapor bildiriminin gönderileceği e-posta adresini belirtiniz.
e-Posta Adresi'

2021-11-18 11:36:06 - [MESSAGE][INFO] - Finding Test Object 'Object Repository/Popup/Popup'

2021-11-18 11:36:06 - [MESSAGE][INFO] - Checking object

2021-11-18 11:36:06 - [MESSAGE][INFO] - Finding web element from Test Object's properties

2021-11-18 11:36:06 - [MESSAGE][INFO] - Checking timeout

2021-11-18 11:36:06 - [MESSAGE][INFO] - Finding web element with id: 'Object Repository/Popup/Popup' located by 'By.cssSelector: .bootbox-body' in '30' second(s)

2021-11-18 11:36:06 - [MESSAGE][INFO] - Smart Wait Function is triggered

2021-11-18 11:36:06 - [MESSAGE][INFO] - Found 1 web elements with id: 'Object Repository/Popup/Popup' located by 'By.cssSelector: .bootbox-body' in '30' second(s)

2021-11-18 11:36:06 - [MESSAGE][INFO] - Getting text of object 'Object Repository/Popup/Popup'

2021-11-18 11:36:06 - [MESSAGE][PASSED] - Text of object 'Object Repository/Popup/Popup' is: 'Lütfen rapor bildiriminin gönderileceği e-posta adresini belirtiniz.
e-Posta Adresi'

2021-11-18 11:36:06 - [TEST_STEP][PASSED] - Console.println(RaporNo): null

2021-11-18 11:36:06 - [MESSAGE][PASSED] - Call Test Case 'Test Cases/Popup/PopupMesajiIceriyorMu' successfully

2021-11-18 11:36:06 - [MESSAGE][INFO] - Checking called Test Case

2021-11-18 11:36:06 - [MESSAGE][INFO] - Starting to call Test Case 'Test Cases/Popup/PopupaEmailEklenir'

2021-11-18 11:36:06 - [TEST_CASE][PASSED] - Test Cases/Popup/PopupaEmailEklenir: Test Cases/Popup/PopupaEmailEklenir

2021-11-18 11:36:06 - [TEST_STEP][PASSED] - clearText(findTestObject("Popup/EmailText")): Text of object 'Object Repository/Popup/EmailText' is cleared

2021-11-18 11:36:06 - [MESSAGE][INFO] - Finding Test Object 'Object Repository/Popup/EmailText'

2021-11-18 11:36:06 - [MESSAGE][INFO] - Checking object

2021-11-18 11:36:06 - [MESSAGE][INFO] - Finding web element from Test Object's properties

2021-11-18 11:36:06 - [MESSAGE][INFO] - Checking timeout

2021-11-18 11:36:06 - [MESSAGE][INFO] - Finding web element with id: 'Object Repository/Popup/EmailText' located by 'By.xpath: //*[@id="eMails"]' in '30' second(s)

2021-11-18 11:36:06 - [MESSAGE][INFO] - Smart Wait Function is triggered

2021-11-18 11:36:06 - [MESSAGE][INFO] - Found 1 web elements with id: 'Object Repository/Popup/EmailText' located by 'By.xpath: //*[@id="eMails"]' in '30' second(s)

2021-11-18 11:36:06 - [MESSAGE][INFO] - Clearing text of object 'Object Repository/Popup/EmailText'

2021-11-18 11:36:06 - [MESSAGE][PASSED] - Text of object 'Object Repository/Popup/EmailText' is cleared

2021-11-18 11:36:06 - [TEST_STEP][PASSED] - sendKeys(findTestObject("Popup/EmailText"), Email): Keys 'elogotest@gmail.com;ali.kara@logo.com.tr' sent to object: 'Object Repository/Popup/EmailText'

2021-11-18 11:36:06 - [MESSAGE][INFO] - Finding Test Object 'Object Repository/Popup/EmailText'

2021-11-18 11:36:07 - [MESSAGE][INFO] - Sending keys 'elogotest@gmail.com;ali.kara@logo.com.tr' to object: 'Object Repository/Popup/EmailText'

2021-11-18 11:36:07 - [MESSAGE][INFO] - Finding web element from Test Object's properties

2021-11-18 11:36:07 - [MESSAGE][INFO] - Checking timeout

2021-11-18 11:36:07 - [MESSAGE][INFO] - Finding web element with id: 'Object Repository/Popup/EmailText' located by 'By.xpath: //*[@id="eMails"]' in '30' second(s)

2021-11-18 11:36:07 - [MESSAGE][INFO] - Smart Wait Function is triggered

2021-11-18 11:36:07 - [MESSAGE][INFO] - Found 1 web elements with id: 'Object Repository/Popup/EmailText' located by 'By.xpath: //*[@id="eMails"]' in '30' second(s)

2021-11-18 11:36:07 - [MESSAGE][PASSED] - Keys 'elogotest@gmail.com;ali.kara@logo.com.tr' sent to object: 'Object Repository/Popup/EmailText'

2021-11-18 11:36:07 - [MESSAGE][PASSED] - Call Test Case 'Test Cases/Popup/PopupaEmailEklenir' successfully

2021-11-18 11:36:07 - [MESSAGE][INFO] - Checking called Test Case

2021-11-18 11:36:07 - [MESSAGE][INFO] - Starting to call Test Case 'Test Cases/Popup/PopupButonSecilir'

2021-11-18 11:36:07 - [TEST_CASE][PASSED] - Test Cases/Popup/PopupButonSecilir: Test Cases/Popup/PopupButonSecilir

2021-11-18 11:36:07 - [TEST_STEP][PASSED] - Method.TextDegerineEsitElementeTikla(findTestObject("Popup/Popup_Butons"), Buton): Method.TextDegerineEsitElementeTikla is PASSED

2021-11-18 11:36:07 - [MESSAGE][INFO] - Finding Test Object 'Object Repository/Popup/Popup_Butons'

2021-11-18 11:36:07 - [MESSAGE][INFO] - Checking timeout

2021-11-18 11:36:07 - [MESSAGE][INFO] - Finding web element with id: 'Object Repository/Popup/Popup_Butons' located by 'By.cssSelector: .modal-footer>button' in '10' second(s)

2021-11-18 11:36:07 - [MESSAGE][INFO] - Smart Wait Function is triggered

2021-11-18 11:36:07 - [MESSAGE][INFO] - Found 2 web elements with id: 'Object Repository/Popup/Popup_Butons' located by 'By.cssSelector: .modal-footer>button' in '10' second(s)

2021-11-18 11:36:08 - [MESSAGE][PASSED] - Method.TextDegerineEsitElementeTikla is PASSED

2021-11-18 11:36:08 - [MESSAGE][PASSED] - Call Test Case 'Test Cases/Popup/PopupButonSecilir' successfully

2021-11-18 11:36:08 - [MESSAGE][INFO] - Checking called Test Case

2021-11-18 11:36:08 - [MESSAGE][INFO] - Starting to call Test Case 'Test Cases/Popup/PopupMesajiIceriyorMu'

2021-11-18 11:36:08 - [TEST_CASE][PASSED] - Test Cases/Popup/PopupMesajiIceriyorMu: Test Cases/Popup/PopupMesajiIceriyorMu

2021-11-18 11:36:08 - [TEST_STEP][PASSED] - waitForElementVisible(findTestObject("Popup/Popup"), 10): Object 'Object Repository/Popup/Popup' is visible

2021-11-18 11:36:08 - [MESSAGE][INFO] - Finding Test Object 'Object Repository/Popup/Popup'

2021-11-18 11:36:08 - [MESSAGE][INFO] - Checking object

2021-11-18 11:36:08 - [MESSAGE][INFO] - Checking timeout

2021-11-18 11:36:08 - [MESSAGE][INFO] - Finding web element from Test Object's properties

2021-11-18 11:36:08 - [MESSAGE][INFO] - Checking timeout

2021-11-18 11:36:08 - [MESSAGE][INFO] - Finding web element with id: 'Object Repository/Popup/Popup' located by 'By.cssSelector: .bootbox-body' in '10' second(s)

2021-11-18 11:36:08 - [MESSAGE][INFO] - Smart Wait Function is triggered

2021-11-18 11:36:09 - [MESSAGE][INFO] - Found 1 web elements with id: 'Object Repository/Popup/Popup' located by 'By.cssSelector: .bootbox-body' in '10' second(s)

2021-11-18 11:36:09 - [MESSAGE][PASSED] - Object 'Object Repository/Popup/Popup' is visible

2021-11-18 11:36:09 - [TEST_STEP][PASSED] - if (!(getText(findTestObject("Popup/Popup")).contains(Mesaj))): Text of object 'Object Repository/Popup/Popup' is: '17366 no’lu talebiniz işleme alınmıştır. Raporunuz hazırlandığında (elogotest@gmail.com;ali.kara@logo.com.tr) adresinize mail gönderilecektir.
Rapor durumunuzu Raporlar > Toplu Veri İndirme ekranından takip edebilir, hazırlandı durumundaki raporlarınızı ilgili menüden indirebilirsiniz.'

2021-11-18 11:36:09 - [MESSAGE][INFO] - Finding Test Object 'Object Repository/Popup/Popup'

2021-11-18 11:36:09 - [MESSAGE][INFO] - Checking object

2021-11-18 11:36:09 - [MESSAGE][INFO] - Finding web element from Test Object's properties

2021-11-18 11:36:09 - [MESSAGE][INFO] - Checking timeout

2021-11-18 11:36:09 - [MESSAGE][INFO] - Finding web element with id: 'Object Repository/Popup/Popup' located by 'By.cssSelector: .bootbox-body' in '30' second(s)

2021-11-18 11:36:09 - [MESSAGE][INFO] - Smart Wait Function is triggered

2021-11-18 11:36:09 - [MESSAGE][INFO] - Found 1 web elements with id: 'Object Repository/Popup/Popup' located by 'By.cssSelector: .bootbox-body' in '30' second(s)

2021-11-18 11:36:09 - [MESSAGE][INFO] - Getting text of object 'Object Repository/Popup/Popup'

2021-11-18 11:36:10 - [MESSAGE][PASSED] - Text of object 'Object Repository/Popup/Popup' is: '17366 no’lu talebiniz işleme alınmıştır. Raporunuz hazırlandığında (elogotest@gmail.com;ali.kara@logo.com.tr) adresinize mail gönderilecektir.
Rapor durumunuzu Raporlar > Toplu Veri İndirme ekranından takip edebilir, hazırlandı durumundaki raporlarınızı ilgili menüden indirebilirsiniz.'

2021-11-18 11:36:10 - [TEST_STEP][PASSED] - RaporNo = getText(findTestObject("Popup/Popup")).substring(0, 6): Text of object 'Object Repository/Popup/Popup' is: '17366 no’lu talebiniz işleme alınmıştır. Raporunuz hazırlandığında (elogotest@gmail.com;ali.kara@logo.com.tr) adresinize mail gönderilecektir.
Rapor durumunuzu Raporlar > Toplu Veri İndirme ekranından takip edebilir, hazırlandı durumundaki raporlarınızı ilgili menüden indirebilirsiniz.'

2021-11-18 11:36:10 - [MESSAGE][INFO] - Finding Test Object 'Object Repository/Popup/Popup'

2021-11-18 11:36:10 - [MESSAGE][INFO] - Checking object

2021-11-18 11:36:10 - [MESSAGE][INFO] - Finding web element from Test Object's properties

2021-11-18 11:36:10 - [MESSAGE][INFO] - Checking timeout

2021-11-18 11:36:10 - [MESSAGE][INFO] - Finding web element with id: 'Object Repository/Popup/Popup' located by 'By.cssSelector: .bootbox-body' in '30' second(s)

2021-11-18 11:36:10 - [MESSAGE][INFO] - Smart Wait Function is triggered

2021-11-18 11:36:10 - [MESSAGE][INFO] - Found 1 web elements with id: 'Object Repository/Popup/Popup' located by 'By.cssSelector: .bootbox-body' in '30' second(s)

2021-11-18 11:36:10 - [MESSAGE][INFO] - Getting text of object 'Object Repository/Popup/Popup'

2021-11-18 11:36:10 - [MESSAGE][PASSED] - Text of object 'Object Repository/Popup/Popup' is: '17366 no’lu talebiniz işleme alınmıştır. Raporunuz hazırlandığında (elogotest@gmail.com;ali.kara@logo.com.tr) adresinize mail gönderilecektir.
Rapor durumunuzu Raporlar > Toplu Veri İndirme ekranından takip edebilir, hazırlandı durumundaki raporlarınızı ilgili menüden indirebilirsiniz.'

2021-11-18 11:36:10 - [TEST_STEP][PASSED] - Console.println(RaporNo): null

2021-11-18 11:36:10 - [MESSAGE][PASSED] - Call Test Case 'Test Cases/Popup/PopupMesajiIceriyorMu' successfully

2021-11-18 11:36:10 - [MESSAGE][INFO] - Checking called Test Case

2021-11-18 11:36:10 - [MESSAGE][INFO] - Starting to call Test Case 'Test Cases/Popup/PopupButonSecilir'

2021-11-18 11:36:10 - [TEST_CASE][PASSED] - Test Cases/Popup/PopupButonSecilir: Test Cases/Popup/PopupButonSecilir

2021-11-18 11:36:10 - [TEST_STEP][PASSED] - Method.TextDegerineEsitElementeTikla(findTestObject("Popup/Popup_Butons"), Buton): Method.TextDegerineEsitElementeTikla is PASSED

2021-11-18 11:36:10 - [MESSAGE][INFO] - Finding Test Object 'Object Repository/Popup/Popup_Butons'

2021-11-18 11:36:10 - [MESSAGE][INFO] - Checking timeout

2021-11-18 11:36:10 - [MESSAGE][INFO] - Finding web element with id: 'Object Repository/Popup/Popup_Butons' located by 'By.cssSelector: .modal-footer>button' in '10' second(s)

2021-11-18 11:36:10 - [MESSAGE][INFO] - Smart Wait Function is triggered

2021-11-18 11:36:10 - [MESSAGE][INFO] - Found 1 web elements with id: 'Object Repository/Popup/Popup_Butons' located by 'By.cssSelector: .modal-footer>button' in '10' second(s)

2021-11-18 11:36:11 - [MESSAGE][PASSED] - Method.TextDegerineEsitElementeTikla is PASSED

2021-11-18 11:36:11 - [MESSAGE][PASSED] - Call Test Case 'Test Cases/Popup/PopupButonSecilir' successfully

2021-11-18 11:36:11 - [MESSAGE][INFO] - Checking called Test Case

2021-11-18 11:36:11 - [MESSAGE][INFO] - Starting to call Test Case 'Test Cases/Butonlar/ButonaTikla'

2021-11-18 11:36:11 - [TEST_CASE][PASSED] - Test Cases/Butonlar/ButonaTikla: Test Cases/Butonlar/ButonaTikla

2021-11-18 11:36:11 - [TEST_STEP][PASSED] - Method.TextDegerineEsitElementeTiklaEquals(findTestObject("Butonlar/Butonlar"), Buton_Adi): Method.TextDegerineEsitElementeTiklaEquals is PASSED

2021-11-18 11:36:11 - [MESSAGE][INFO] - Finding Test Object 'Object Repository/Butonlar/Butonlar'

2021-11-18 11:36:11 - [MESSAGE][INFO] - Checking timeout

2021-11-18 11:36:11 - [MESSAGE][INFO] - Finding web element with id: 'Object Repository/Butonlar/Butonlar' located by 'By.cssSelector: .panel.panel-default.text-center.footerPanel .btn,.btn.btn-primary.btnControls' in '10' second(s)

2021-11-18 11:36:11 - [MESSAGE][INFO] - Smart Wait Function is triggered

2021-11-18 11:36:11 - [MESSAGE][INFO] - Found 7 web elements with id: 'Object Repository/Butonlar/Butonlar' located by 'By.cssSelector: .panel.panel-default.text-center.footerPanel .btn,.btn.btn-primary.btnControls' in '10' second(s)

2021-11-18 11:36:11 - [MESSAGE][PASSED] - Method.TextDegerineEsitElementeTiklaEquals is PASSED

2021-11-18 11:36:11 - [MESSAGE][PASSED] - Call Test Case 'Test Cases/Butonlar/ButonaTikla' successfully

2021-11-18 11:36:11 - [MESSAGE][INFO] - Checking called Test Case

2021-11-18 11:36:11 - [MESSAGE][INFO] - Starting to call Test Case 'Test Cases/Butonlar/AltButonaTikla'

2021-11-18 11:36:11 - [TEST_CASE][PASSED] - Test Cases/Butonlar/AltButonaTikla: Test Cases/Butonlar/AltButonaTikla

2021-11-18 11:36:11 - [TEST_STEP][PASSED] - Method.TextDegerineEsitElementeTikla(findTestObject("Butonlar/AltButonlar"), Alt_Buton): Method.TextDegerineEsitElementeTikla is PASSED

2021-11-18 11:36:11 - [MESSAGE][INFO] - Finding Test Object 'Object Repository/Butonlar/AltButonlar'

2021-11-18 11:36:12 - [MESSAGE][INFO] - Checking timeout

2021-11-18 11:36:12 - [MESSAGE][INFO] - Finding web element with id: 'Object Repository/Butonlar/AltButonlar' located by 'By.cssSelector: .btn-group.open li>a' in '10' second(s)

2021-11-18 11:36:12 - [MESSAGE][INFO] - Smart Wait Function is triggered

2021-11-18 11:36:12 - [MESSAGE][INFO] - Found 2 web elements with id: 'Object Repository/Butonlar/AltButonlar' located by 'By.cssSelector: .btn-group.open li>a' in '10' second(s)

2021-11-18 11:36:12 - [MESSAGE][PASSED] - Method.TextDegerineEsitElementeTikla is PASSED

2021-11-18 11:36:12 - [MESSAGE][PASSED] - Call Test Case 'Test Cases/Butonlar/AltButonaTikla' successfully

2021-11-18 11:36:12 - [MESSAGE][INFO] - Checking called Test Case

2021-11-18 11:36:12 - [MESSAGE][INFO] - Starting to call Test Case 'Test Cases/Popup/PopupMesajiIceriyorMu'

2021-11-18 11:36:12 - [TEST_CASE][PASSED] - Test Cases/Popup/PopupMesajiIceriyorMu: Test Cases/Popup/PopupMesajiIceriyorMu

2021-11-18 11:36:12 - [TEST_STEP][PASSED] - waitForElementVisible(findTestObject("Popup/Popup"), 10): Object 'Object Repository/Popup/Popup' is visible

2021-11-18 11:36:12 - [MESSAGE][INFO] - Finding Test Object 'Object Repository/Popup/Popup'

2021-11-18 11:36:12 - [MESSAGE][INFO] - Checking object

2021-11-18 11:36:12 - [MESSAGE][INFO] - Checking timeout

2021-11-18 11:36:12 - [MESSAGE][INFO] - Finding web element from Test Object's properties

2021-11-18 11:36:12 - [MESSAGE][INFO] - Checking timeout

2021-11-18 11:36:12 - [MESSAGE][INFO] - Finding web element with id: 'Object Repository/Popup/Popup' located by 'By.cssSelector: .bootbox-body' in '10' second(s)

2021-11-18 11:36:12 - [MESSAGE][INFO] - Smart Wait Function is triggered

2021-11-18 11:36:13 - [MESSAGE][INFO] - Found 1 web elements with id: 'Object Repository/Popup/Popup' located by 'By.cssSelector: .bootbox-body' in '10' second(s)

2021-11-18 11:36:13 - [MESSAGE][PASSED] - Object 'Object Repository/Popup/Popup' is visible

2021-11-18 11:36:13 - [TEST_STEP][PASSED] - if (!(getText(findTestObject("Popup/Popup")).contains(Mesaj))): Text of object 'Object Repository/Popup/Popup' is: 'Lütfen rapor bildiriminin gönderileceği e-posta adresini belirtiniz.
e-Posta Adresi'

2021-11-18 11:36:13 - [MESSAGE][INFO] - Finding Test Object 'Object Repository/Popup/Popup'

2021-11-18 11:36:13 - [MESSAGE][INFO] - Checking object

2021-11-18 11:36:13 - [MESSAGE][INFO] - Finding web element from Test Object's properties

2021-11-18 11:36:13 - [MESSAGE][INFO] - Checking timeout

2021-11-18 11:36:13 - [MESSAGE][INFO] - Finding web element with id: 'Object Repository/Popup/Popup' located by 'By.cssSelector: .bootbox-body' in '30' second(s)

2021-11-18 11:36:13 - [MESSAGE][INFO] - Smart Wait Function is triggered

2021-11-18 11:36:13 - [MESSAGE][INFO] - Found 1 web elements with id: 'Object Repository/Popup/Popup' located by 'By.cssSelector: .bootbox-body' in '30' second(s)

2021-11-18 11:36:13 - [MESSAGE][INFO] - Getting text of object 'Object Repository/Popup/Popup'

2021-11-18 11:36:13 - [MESSAGE][PASSED] - Text of object 'Object Repository/Popup/Popup' is: 'Lütfen rapor bildiriminin gönderileceği e-posta adresini belirtiniz.
e-Posta Adresi'

2021-11-18 11:36:13 - [TEST_STEP][PASSED] - RaporNo = getText(findTestObject("Popup/Popup")).substring(0, 6): Text of object 'Object Repository/Popup/Popup' is: 'Lütfen rapor bildiriminin gönderileceği e-posta adresini belirtiniz.
e-Posta Adresi'

2021-11-18 11:36:13 - [MESSAGE][INFO] - Finding Test Object 'Object Repository/Popup/Popup'

2021-11-18 11:36:13 - [MESSAGE][INFO] - Checking object

2021-11-18 11:36:13 - [MESSAGE][INFO] - Finding web element from Test Object's properties

2021-11-18 11:36:13 - [MESSAGE][INFO] - Checking timeout

2021-11-18 11:36:13 - [MESSAGE][INFO] - Finding web element with id: 'Object Repository/Popup/Popup' located by 'By.cssSelector: .bootbox-body' in '30' second(s)

2021-11-18 11:36:13 - [MESSAGE][INFO] - Smart Wait Function is triggered

2021-11-18 11:36:14 - [MESSAGE][INFO] - Found 1 web elements with id: 'Object Repository/Popup/Popup' located by 'By.cssSelector: .bootbox-body' in '30' second(s)

2021-11-18 11:36:14 - [MESSAGE][INFO] - Getting text of object 'Object Repository/Popup/Popup'

2021-11-18 11:36:14 - [MESSAGE][PASSED] - Text of object 'Object Repository/Popup/Popup' is: 'Lütfen rapor bildiriminin gönderileceği e-posta adresini belirtiniz.
e-Posta Adresi'

2021-11-18 11:36:14 - [TEST_STEP][PASSED] - Console.println(RaporNo): null

2021-11-18 11:36:14 - [MESSAGE][PASSED] - Call Test Case 'Test Cases/Popup/PopupMesajiIceriyorMu' successfully

2021-11-18 11:36:14 - [MESSAGE][INFO] - Checking called Test Case

2021-11-18 11:36:14 - [MESSAGE][INFO] - Starting to call Test Case 'Test Cases/Popup/PopupaEmailEklenir'

2021-11-18 11:36:14 - [TEST_CASE][PASSED] - Test Cases/Popup/PopupaEmailEklenir: Test Cases/Popup/PopupaEmailEklenir

2021-11-18 11:36:14 - [TEST_STEP][PASSED] - clearText(findTestObject("Popup/EmailText")): Text of object 'Object Repository/Popup/EmailText' is cleared

2021-11-18 11:36:14 - [MESSAGE][INFO] - Finding Test Object 'Object Repository/Popup/EmailText'

2021-11-18 11:36:14 - [MESSAGE][INFO] - Checking object

2021-11-18 11:36:14 - [MESSAGE][INFO] - Finding web element from Test Object's properties

2021-11-18 11:36:14 - [MESSAGE][INFO] - Checking timeout

2021-11-18 11:36:14 - [MESSAGE][INFO] - Finding web element with id: 'Object Repository/Popup/EmailText' located by 'By.xpath: //*[@id="eMails"]' in '30' second(s)

2021-11-18 11:36:14 - [MESSAGE][INFO] - Smart Wait Function is triggered

2021-11-18 11:36:14 - [MESSAGE][INFO] - Found 1 web elements with id: 'Object Repository/Popup/EmailText' located by 'By.xpath: //*[@id="eMails"]' in '30' second(s)

2021-11-18 11:36:14 - [MESSAGE][INFO] - Clearing text of object 'Object Repository/Popup/EmailText'

2021-11-18 11:36:14 - [MESSAGE][PASSED] - Text of object 'Object Repository/Popup/EmailText' is cleared

2021-11-18 11:36:14 - [TEST_STEP][PASSED] - sendKeys(findTestObject("Popup/EmailText"), Email): Keys 'elogotest@gmail.com;ali.kara@logo.com.tr' sent to object: 'Object Repository/Popup/EmailText'

2021-11-18 11:36:14 - [MESSAGE][INFO] - Finding Test Object 'Object Repository/Popup/EmailText'

2021-11-18 11:36:14 - [MESSAGE][INFO] - Sending keys 'elogotest@gmail.com;ali.kara@logo.com.tr' to object: 'Object Repository/Popup/EmailText'

2021-11-18 11:36:14 - [MESSAGE][INFO] - Finding web element from Test Object's properties

2021-11-18 11:36:14 - [MESSAGE][INFO] - Checking timeout

2021-11-18 11:36:14 - [MESSAGE][INFO] - Finding web element with id: 'Object Repository/Popup/EmailText' located by 'By.xpath: //*[@id="eMails"]' in '30' second(s)

2021-11-18 11:36:14 - [MESSAGE][INFO] - Smart Wait Function is triggered

2021-11-18 11:36:15 - [MESSAGE][INFO] - Found 1 web elements with id: 'Object Repository/Popup/EmailText' located by 'By.xpath: //*[@id="eMails"]' in '30' second(s)

2021-11-18 11:36:15 - [MESSAGE][PASSED] - Keys 'elogotest@gmail.com;ali.kara@logo.com.tr' sent to object: 'Object Repository/Popup/EmailText'

2021-11-18 11:36:15 - [MESSAGE][PASSED] - Call Test Case 'Test Cases/Popup/PopupaEmailEklenir' successfully

2021-11-18 11:36:15 - [MESSAGE][INFO] - Checking called Test Case

2021-11-18 11:36:15 - [MESSAGE][INFO] - Starting to call Test Case 'Test Cases/Popup/PopupButonSecilir'

2021-11-18 11:36:15 - [TEST_CASE][PASSED] - Test Cases/Popup/PopupButonSecilir: Test Cases/Popup/PopupButonSecilir

2021-11-18 11:36:15 - [TEST_STEP][PASSED] - Method.TextDegerineEsitElementeTikla(findTestObject("Popup/Popup_Butons"), Buton): Method.TextDegerineEsitElementeTikla is PASSED

2021-11-18 11:36:15 - [MESSAGE][INFO] - Finding Test Object 'Object Repository/Popup/Popup_Butons'

2021-11-18 11:36:15 - [MESSAGE][INFO] - Checking timeout

2021-11-18 11:36:15 - [MESSAGE][INFO] - Finding web element with id: 'Object Repository/Popup/Popup_Butons' located by 'By.cssSelector: .modal-footer>button' in '10' second(s)

2021-11-18 11:36:15 - [MESSAGE][INFO] - Smart Wait Function is triggered

2021-11-18 11:36:15 - [MESSAGE][INFO] - Found 2 web elements with id: 'Object Repository/Popup/Popup_Butons' located by 'By.cssSelector: .modal-footer>button' in '10' second(s)

2021-11-18 11:36:15 - [MESSAGE][PASSED] - Method.TextDegerineEsitElementeTikla is PASSED

2021-11-18 11:36:15 - [MESSAGE][PASSED] - Call Test Case 'Test Cases/Popup/PopupButonSecilir' successfully

2021-11-18 11:36:15 - [MESSAGE][INFO] - Checking called Test Case

2021-11-18 11:36:15 - [MESSAGE][INFO] - Starting to call Test Case 'Test Cases/Popup/PopupMesajiIceriyorMu'

2021-11-18 11:36:15 - [TEST_CASE][PASSED] - Test Cases/Popup/PopupMesajiIceriyorMu: Test Cases/Popup/PopupMesajiIceriyorMu

2021-11-18 11:36:15 - [TEST_STEP][PASSED] - waitForElementVisible(findTestObject("Popup/Popup"), 10): Object 'Object Repository/Popup/Popup' is visible

2021-11-18 11:36:15 - [MESSAGE][INFO] - Finding Test Object 'Object Repository/Popup/Popup'

2021-11-18 11:36:16 - [MESSAGE][INFO] - Checking object

2021-11-18 11:36:16 - [MESSAGE][INFO] - Checking timeout

2021-11-18 11:36:16 - [MESSAGE][INFO] - Finding web element from Test Object's properties

2021-11-18 11:36:16 - [MESSAGE][INFO] - Checking timeout

2021-11-18 11:36:16 - [MESSAGE][INFO] - Finding web element with id: 'Object Repository/Popup/Popup' located by 'By.cssSelector: .bootbox-body' in '10' second(s)

2021-11-18 11:36:16 - [MESSAGE][INFO] - Smart Wait Function is triggered

2021-11-18 11:36:16 - [MESSAGE][INFO] - Found 1 web elements with id: 'Object Repository/Popup/Popup' located by 'By.cssSelector: .bootbox-body' in '10' second(s)

2021-11-18 11:36:16 - [MESSAGE][PASSED] - Object 'Object Repository/Popup/Popup' is visible

2021-11-18 11:36:16 - [TEST_STEP][PASSED] - if (!(getText(findTestObject("Popup/Popup")).contains(Mesaj))): Text of object 'Object Repository/Popup/Popup' is: '17367 no’lu talebiniz işleme alınmıştır. Raporunuz hazırlandığında (elogotest@gmail.com;ali.kara@logo.com.tr) adresinize mail gönderilecektir.
Rapor durumunuzu Raporlar > Toplu Veri İndirme ekranından takip edebilir, hazırlandı durumundaki raporlarınızı ilgili menüden indirebilirsiniz.'

2021-11-18 11:36:16 - [MESSAGE][INFO] - Finding Test Object 'Object Repository/Popup/Popup'

2021-11-18 11:36:16 - [MESSAGE][INFO] - Checking object

2021-11-18 11:36:16 - [MESSAGE][INFO] - Finding web element from Test Object's properties

2021-11-18 11:36:16 - [MESSAGE][INFO] - Checking timeout

2021-11-18 11:36:16 - [MESSAGE][INFO] - Finding web element with id: 'Object Repository/Popup/Popup' located by 'By.cssSelector: .bootbox-body' in '30' second(s)

2021-11-18 11:36:16 - [MESSAGE][INFO] - Smart Wait Function is triggered

2021-11-18 11:36:16 - [MESSAGE][INFO] - Found 1 web elements with id: 'Object Repository/Popup/Popup' located by 'By.cssSelector: .bootbox-body' in '30' second(s)

2021-11-18 11:36:16 - [MESSAGE][INFO] - Getting text of object 'Object Repository/Popup/Popup'

2021-11-18 11:36:17 - [MESSAGE][PASSED] - Text of object 'Object Repository/Popup/Popup' is: '17367 no’lu talebiniz işleme alınmıştır. Raporunuz hazırlandığında (elogotest@gmail.com;ali.kara@logo.com.tr) adresinize mail gönderilecektir.
Rapor durumunuzu Raporlar > Toplu Veri İndirme ekranından takip edebilir, hazırlandı durumundaki raporlarınızı ilgili menüden indirebilirsiniz.'

2021-11-18 11:36:17 - [TEST_STEP][PASSED] - RaporNo = getText(findTestObject("Popup/Popup")).substring(0, 6): Text of object 'Object Repository/Popup/Popup' is: '17367 no’lu talebiniz işleme alınmıştır. Raporunuz hazırlandığında (elogotest@gmail.com;ali.kara@logo.com.tr) adresinize mail gönderilecektir.
Rapor durumunuzu Raporlar > Toplu Veri İndirme ekranından takip edebilir, hazırlandı durumundaki raporlarınızı ilgili menüden indirebilirsiniz.'

2021-11-18 11:36:17 - [MESSAGE][INFO] - Finding Test Object 'Object Repository/Popup/Popup'

2021-11-18 11:36:17 - [MESSAGE][INFO] - Checking object

2021-11-18 11:36:17 - [MESSAGE][INFO] - Finding web element from Test Object's properties

2021-11-18 11:36:17 - [MESSAGE][INFO] - Checking timeout

2021-11-18 11:36:17 - [MESSAGE][INFO] - Finding web element with id: 'Object Repository/Popup/Popup' located by 'By.cssSelector: .bootbox-body' in '30' second(s)

2021-11-18 11:36:17 - [MESSAGE][INFO] - Smart Wait Function is triggered

2021-11-18 11:36:17 - [MESSAGE][INFO] - Found 1 web elements with id: 'Object Repository/Popup/Popup' located by 'By.cssSelector: .bootbox-body' in '30' second(s)

2021-11-18 11:36:17 - [MESSAGE][INFO] - Getting text of object 'Object Repository/Popup/Popup'

2021-11-18 11:36:17 - [MESSAGE][PASSED] - Text of object 'Object Repository/Popup/Popup' is: '17367 no’lu talebiniz işleme alınmıştır. Raporunuz hazırlandığında (elogotest@gmail.com;ali.kara@logo.com.tr) adresinize mail gönderilecektir.
Rapor durumunuzu Raporlar > Toplu Veri İndirme ekranından takip edebilir, hazırlandı durumundaki raporlarınızı ilgili menüden indirebilirsiniz.'

2021-11-18 11:36:17 - [TEST_STEP][PASSED] - Console.println(RaporNo): null

2021-11-18 11:36:17 - [MESSAGE][PASSED] - Call Test Case 'Test Cases/Popup/PopupMesajiIceriyorMu' successfully

2021-11-18 11:36:17 - [MESSAGE][INFO] - Checking called Test Case

2021-11-18 11:36:17 - [MESSAGE][INFO] - Starting to call Test Case 'Test Cases/Popup/PopupButonSecilir'

2021-11-18 11:36:17 - [TEST_CASE][PASSED] - Test Cases/Popup/PopupButonSecilir: Test Cases/Popup/PopupButonSecilir

2021-11-18 11:36:17 - [TEST_STEP][PASSED] - Method.TextDegerineEsitElementeTikla(findTestObject("Popup/Popup_Butons"), Buton): Method.TextDegerineEsitElementeTikla is PASSED

2021-11-18 11:36:17 - [MESSAGE][INFO] - Finding Test Object 'Object Repository/Popup/Popup_Butons'

2021-11-18 11:36:17 - [MESSAGE][INFO] - Checking timeout

2021-11-18 11:36:17 - [MESSAGE][INFO] - Finding web element with id: 'Object Repository/Popup/Popup_Butons' located by 'By.cssSelector: .modal-footer>button' in '10' second(s)

2021-11-18 11:36:17 - [MESSAGE][INFO] - Smart Wait Function is triggered

2021-11-18 11:36:17 - [MESSAGE][INFO] - Found 1 web elements with id: 'Object Repository/Popup/Popup_Butons' located by 'By.cssSelector: .modal-footer>button' in '10' second(s)

2021-11-18 11:36:17 - [MESSAGE][PASSED] - Method.TextDegerineEsitElementeTikla is PASSED

2021-11-18 11:36:17 - [MESSAGE][PASSED] - Call Test Case 'Test Cases/Popup/PopupButonSecilir' successfully

2021-11-18 11:36:17 - [MESSAGE][INFO] - Checking called Test Case

2021-11-18 11:36:17 - [MESSAGE][INFO] - Starting to call Test Case 'Test Cases/Menu/AnaMenuSecimi'

2021-11-18 11:36:17 - [TEST_CASE][PASSED] - Test Cases/Menu/AnaMenuSecimi: Test Cases/Menu/AnaMenuSecimi

2021-11-18 11:36:17 - [TEST_STEP][PASSED] - Method.TextDegerineEsitElementeTikla(findTestObject("Menu/Ana_Menu"), Ana_Menu): Method.TextDegerineEsitElementeTikla is PASSED

2021-11-18 11:36:17 - [MESSAGE][INFO] - Finding Test Object 'Object Repository/Menu/Ana_Menu'

2021-11-18 11:36:18 - [MESSAGE][INFO] - Checking timeout

2021-11-18 11:36:18 - [MESSAGE][INFO] - Finding web element with id: 'Object Repository/Menu/Ana_Menu' located by 'By.xpath: //*[@class = 'dropdown-toggle']' in '10' second(s)

2021-11-18 11:36:18 - [MESSAGE][INFO] - Smart Wait Function is triggered

2021-11-18 11:36:18 - [MESSAGE][INFO] - Found 14 web elements with id: 'Object Repository/Menu/Ana_Menu' located by 'By.xpath: //*[@class = 'dropdown-toggle']' in '10' second(s)

2021-11-18 11:36:18 - [MESSAGE][PASSED] - Method.TextDegerineEsitElementeTikla is PASSED

2021-11-18 11:36:18 - [MESSAGE][PASSED] - Call Test Case 'Test Cases/Menu/AnaMenuSecimi' successfully

2021-11-18 11:36:18 - [MESSAGE][INFO] - Checking called Test Case

2021-11-18 11:36:18 - [MESSAGE][INFO] - Starting to call Test Case 'Test Cases/Menu/AltMenuSecimi'

2021-11-18 11:36:19 - [TEST_CASE][PASSED] - Test Cases/Menu/AltMenuSecimi: Test Cases/Menu/AltMenuSecimi

2021-11-18 11:36:19 - [TEST_STEP][PASSED] - Method.TextDegerineEsitElementeTikla(findTestObject("Menu/Alt_Menu"), Alt_Menu): Method.TextDegerineEsitElementeTikla is PASSED

2021-11-18 11:36:19 - [MESSAGE][INFO] - Finding Test Object 'Object Repository/Menu/Alt_Menu'

2021-11-18 11:36:19 - [MESSAGE][INFO] - Checking timeout

2021-11-18 11:36:19 - [MESSAGE][INFO] - Finding web element with id: 'Object Repository/Menu/Alt_Menu' located by 'By.xpath: //li[@class='dropdown dropdown-large open']//li[@class='dropdown-element']' in '10' second(s)

2021-11-18 11:36:19 - [MESSAGE][INFO] - Smart Wait Function is triggered

2021-11-18 11:36:19 - [MESSAGE][INFO] - Found 9 web elements with id: 'Object Repository/Menu/Alt_Menu' located by 'By.xpath: //li[@class='dropdown dropdown-large open']//li[@class='dropdown-element']' in '10' second(s)

2021-11-18 11:36:23 - [MESSAGE][PASSED] - Method.TextDegerineEsitElementeTikla is PASSED

2021-11-18 11:36:23 - [MESSAGE][PASSED] - Call Test Case 'Test Cases/Menu/AltMenuSecimi' successfully

2021-11-18 11:36:23 - [MESSAGE][INFO] - Checking called Test Case

2021-11-18 11:36:23 - [MESSAGE][INFO] - Starting to call Test Case 'Test Cases/Filtreler/RaporNoYaz'

2021-11-18 11:36:23 - [TEST_CASE][PASSED] - Test Cases/Filtreler/RaporNoYaz: Test Cases/Filtreler/RaporNoYaz

2021-11-18 11:36:23 - [TEST_STEP][PASSED] - Method.TextDegerineEsitElementinAltindakiTextboxtaYaz(findTestObject("Filtreler/Basliklar"), findTestObject("Filtreler/Basliga_Gore_Textbox"), "Talep No", RaporNo): Method.TextDegerineEsitElementinAltindakiTextboxtaYaz is PASSED

2021-11-18 11:36:23 - [MESSAGE][INFO] - Finding Test Object 'Object Repository/Filtreler/Basliklar'

2021-11-18 11:36:23 - [MESSAGE][INFO] - Finding Test Object 'Object Repository/Filtreler/Basliga_Gore_Textbox'

2021-11-18 11:36:23 - [MESSAGE][INFO] - Checking timeout

2021-11-18 11:36:23 - [MESSAGE][INFO] - Finding web element with id: 'Object Repository/Filtreler/Basliklar' located by 'By.cssSelector: .control-label.col-sm-4.paddingMarginRLC' in '10' second(s)

2021-11-18 11:36:23 - [MESSAGE][INFO] - Smart Wait Function is triggered

2021-11-18 11:36:23 - [MESSAGE][INFO] - Found 8 web elements with id: 'Object Repository/Filtreler/Basliklar' located by 'By.cssSelector: .control-label.col-sm-4.paddingMarginRLC' in '10' second(s)

2021-11-18 11:36:23 - [MESSAGE][INFO] - Smart Wait Function is triggered

2021-11-18 11:36:24 - [MESSAGE][PASSED] - Method.TextDegerineEsitElementinAltindakiTextboxtaYaz is PASSED

2021-11-18 11:36:24 - [MESSAGE][PASSED] - Call Test Case 'Test Cases/Filtreler/RaporNoYaz' successfully

2021-11-18 11:36:24 - [MESSAGE][INFO] - Checking called Test Case

2021-11-18 11:36:24 - [MESSAGE][INFO] - Starting to call Test Case 'Test Cases/Filtreler/ButonaTikla'

2021-11-18 11:36:24 - [TEST_CASE][PASSED] - Test Cases/Filtreler/ButonaTikla: Test Cases/Filtreler/ButonaTikla

2021-11-18 11:36:24 - [TEST_STEP][PASSED] - Method.TextDegerineEsitElementeTikla(findTestObject("Filtreler/Butonlar"), Filtre_Buton): Method.TextDegerineEsitElementeTikla is PASSED

2021-11-18 11:36:24 - [MESSAGE][INFO] - Finding Test Object 'Object Repository/Filtreler/Butonlar'

2021-11-18 11:36:24 - [MESSAGE][INFO] - Checking timeout

2021-11-18 11:36:24 - [MESSAGE][INFO] - Finding web element with id: 'Object Repository/Filtreler/Butonlar' located by 'By.cssSelector: .dxb>span' in '10' second(s)

2021-11-18 11:36:24 - [MESSAGE][INFO] - Smart Wait Function is triggered

2021-11-18 11:36:24 - [MESSAGE][INFO] - Found 2 web elements with id: 'Object Repository/Filtreler/Butonlar' located by 'By.cssSelector: .dxb>span' in '10' second(s)

2021-11-18 11:36:24 - [MESSAGE][PASSED] - Method.TextDegerineEsitElementeTikla is PASSED

2021-11-18 11:36:24 - [MESSAGE][PASSED] - Call Test Case 'Test Cases/Filtreler/ButonaTikla' successfully

2021-11-18 11:36:24 - [MESSAGE][INFO] - Checking called Test Case

2021-11-18 11:36:24 - [MESSAGE][INFO] - Starting to call Test Case 'Test Cases/Tablo/TablodaVeriVarMi'

2021-11-18 11:36:24 - [TEST_CASE][PASSED] - Test Cases/Tablo/TablodaVeriVarMi: Test Cases/Tablo/TablodaVeriVarMi

2021-11-18 11:36:24 - [TEST_STEP][PASSED] - verifyTextNotPresent("Görüntülenecek veri yok", true): Text 'Görüntülenecek veri yok' is not present on page using regular expression

2021-11-18 11:36:24 - [MESSAGE][INFO] - Checking text present  using regular expression

2021-11-18 11:36:24 - [MESSAGE][INFO] - Smart Wait Function is triggered

2021-11-18 11:36:25 - [MESSAGE][INFO] - Finding text 'Görüntülenecek veri yok' on page  using regular expression

2021-11-18 11:36:25 - [MESSAGE][PASSED] - Text 'Görüntülenecek veri yok' is not present on page using regular expression

2021-11-18 11:36:25 - [MESSAGE][PASSED] - Call Test Case 'Test Cases/Tablo/TablodaVeriVarMi' successfully

2021-11-18 11:36:25 - [MESSAGE][INFO] - Checking called Test Case

2021-11-18 11:36:25 - [MESSAGE][INFO] - Starting to call Test Case 'Test Cases/Kullanici_Islemleri/KullaniciIslemlerindenSecimYapilir'

2021-11-18 11:36:25 - [TEST_CASE][PASSED] - Test Cases/Kullanici_Islemleri/KullaniciIslemlerindenSecimYapilir: Test Cases/Kullanici_Islemleri/KullaniciIslemlerindenSecimYapilir

2021-11-18 11:36:25 - [TEST_STEP][PASSED] - waitForElementClickable(findTestObject("Object Repository/Kullanici_Islemleri/KullaniciIslemleri"), 10): Object 'Object Repository/Kullanici_Islemleri/KullaniciIslemleri' is clickable

2021-11-18 11:36:25 - [MESSAGE][INFO] - Finding Test Object 'Object Repository/Kullanici_Islemleri/KullaniciIslemleri'

2021-11-18 11:36:25 - [MESSAGE][INFO] - Checking object

2021-11-18 11:36:25 - [MESSAGE][INFO] - Checking timeout

2021-11-18 11:36:25 - [MESSAGE][INFO] - Finding web element from Test Object's properties

2021-11-18 11:36:25 - [MESSAGE][INFO] - Checking timeout

2021-11-18 11:36:25 - [MESSAGE][INFO] - Finding web element with id: 'Object Repository/Kullanici_Islemleri/KullaniciIslemleri' located by 'By.cssSelector: .dropdown>a>img' in '10' second(s)

2021-11-18 11:36:25 - [MESSAGE][INFO] - Smart Wait Function is triggered

2021-11-18 11:36:25 - [MESSAGE][INFO] - Found 1 web elements with id: 'Object Repository/Kullanici_Islemleri/KullaniciIslemleri' located by 'By.cssSelector: .dropdown>a>img' in '10' second(s)

2021-11-18 11:36:25 - [MESSAGE][PASSED] - Object 'Object Repository/Kullanici_Islemleri/KullaniciIslemleri' is clickable

2021-11-18 11:36:25 - [TEST_STEP][PASSED] - click(findTestObject("Object Repository/Kullanici_Islemleri/KullaniciIslemleri")): Object: 'Object Repository/Kullanici_Islemleri/KullaniciIslemleri' is clicked on

2021-11-18 11:36:25 - [MESSAGE][INFO] - Finding Test Object 'Object Repository/Kullanici_Islemleri/KullaniciIslemleri'

2021-11-18 11:36:26 - [MESSAGE][INFO] - Checking object

2021-11-18 11:36:26 - [MESSAGE][INFO] - Finding web element from Test Object's properties

2021-11-18 11:36:26 - [MESSAGE][INFO] - Checking timeout

2021-11-18 11:36:26 - [MESSAGE][INFO] - Finding web element with id: 'Object Repository/Kullanici_Islemleri/KullaniciIslemleri' located by 'By.cssSelector: .dropdown>a>img' in '30' second(s)

2021-11-18 11:36:26 - [MESSAGE][INFO] - Smart Wait Function is triggered

2021-11-18 11:36:26 - [MESSAGE][INFO] - Found 1 web elements with id: 'Object Repository/Kullanici_Islemleri/KullaniciIslemleri' located by 'By.cssSelector: .dropdown>a>img' in '30' second(s)

2021-11-18 11:36:26 - [MESSAGE][INFO] - Clicking on object: 'Object Repository/Kullanici_Islemleri/KullaniciIslemleri'

2021-11-18 11:36:26 - [MESSAGE][PASSED] - Object: 'Object Repository/Kullanici_Islemleri/KullaniciIslemleri' is clicked on

2021-11-18 11:36:26 - [TEST_STEP][PASSED] - Method.TextDegerineEsitElementeTikla(findTestObject("Object Repository/Kullanici_Islemleri/Secenekler"), Islem): Method.TextDegerineEsitElementeTikla is PASSED

2021-11-18 11:36:26 - [MESSAGE][INFO] - Finding Test Object 'Object Repository/Kullanici_Islemleri/Secenekler'

2021-11-18 11:36:26 - [MESSAGE][INFO] - Checking timeout

2021-11-18 11:36:26 - [MESSAGE][INFO] - Finding web element with id: 'Object Repository/Kullanici_Islemleri/Secenekler' located by 'By.cssSelector: .nav.navbar-nav.navbar-right li a' in '10' second(s)

2021-11-18 11:36:26 - [MESSAGE][INFO] - Smart Wait Function is triggered

2021-11-18 11:36:26 - [MESSAGE][INFO] - Found 22 web elements with id: 'Object Repository/Kullanici_Islemleri/Secenekler' located by 'By.cssSelector: .nav.navbar-nav.navbar-right li a' in '10' second(s)

2021-11-18 11:36:28 - [MESSAGE][PASSED] - Method.TextDegerineEsitElementeTikla is PASSED

2021-11-18 11:36:28 - [TEST_STEP][PASSED] - verifyElementNotPresent(findTestObject("Object Repository/Kullanici_Islemleri/Secenekler"), 10): Web element with id: 'Object Repository/Kullanici_Islemleri/Secenekler' located by 'By.cssSelector: .nav.navbar-nav.navbar-right li a' is not present after '10' second(s)

2021-11-18 11:36:28 - [MESSAGE][INFO] - Finding Test Object 'Object Repository/Kullanici_Islemleri/Secenekler'

2021-11-18 11:36:28 - [MESSAGE][INFO] - Checking object

2021-11-18 11:36:28 - [MESSAGE][INFO] - Checking timeout

2021-11-18 11:36:28 - [MESSAGE][INFO] - Finding web element with id: 'Object Repository/Kullanici_Islemleri/Secenekler' located by 'By.cssSelector: .nav.navbar-nav.navbar-right li a' in '10' second(s)

2021-11-18 11:36:28 - [MESSAGE][INFO] - Smart Wait Function is triggered

2021-11-18 11:36:28 - [MESSAGE][PASSED] - Web element with id: 'Object Repository/Kullanici_Islemleri/Secenekler' located by 'By.cssSelector: .nav.navbar-nav.navbar-right li a' is not present after '10' second(s)

2021-11-18 11:36:28 - [MESSAGE][PASSED] - Call Test Case 'Test Cases/Kullanici_Islemleri/KullaniciIslemlerindenSecimYapilir' successfully

2021-11-18 11:36:28 - [TEST_CASE][PASSED] - Start Test Case : SCENARIO Uygulama Yanitinin Excele aktarilmasi: SCENARIO Uygulama Yanitinin Excele aktarilmasi

2021-11-18 11:36:28 - [TEST_STEP][PASSED] - Kullanıcı adı ELOGO6 ve Şifre 123456 olarak giriş yapılır: Kullanıcı adı ELOGO6 ve Şifre 123456 olarak giriş yapılır

2021-11-18 11:36:28 - [MESSAGE][PASSED] - Kullanıcı adı ELOGO6 ve Şifre 123456 olarak giriş yapılır

2021-11-18 11:36:28 - [TEST_STEP][PASSED] - Ana menüden e-Fatura seçilir: Ana menüden e-Fatura seçilir

2021-11-18 11:36:28 - [MESSAGE][PASSED] - Ana menüden e-Fatura seçilir

2021-11-18 11:36:28 - [TEST_STEP][PASSED] - Alt menü Giden Kutusu başlığı altındaki Uygulama Yanıtları seçilir: Alt menü Giden Kutusu başlığı altındaki Uygulama Yanıtları seçilir

2021-11-18 11:36:28 - [MESSAGE][PASSED] - Alt menü Giden Kutusu başlığı altındaki Uygulama Yanıtları seçilir

2021-11-18 11:36:28 - [TEST_STEP][PASSED] - Filtrelerden Oluşturma Tarihi filtresine 01.12.2020 baslangic degerini yaz: Filtrelerden Oluşturma Tarihi filtresine 01.12.2020 baslangic degerini yaz

2021-11-18 11:36:28 - [MESSAGE][PASSED] - Filtrelerden Oluşturma Tarihi filtresine 01.12.2020 baslangic degerini yaz

2021-11-18 11:36:28 - [TEST_STEP][PASSED] - Filtrelerden Oluşturma Tarihi filtresine 31.12.2020 bitis degerini yaz: Filtrelerden Oluşturma Tarihi filtresine 31.12.2020 bitis degerini yaz

2021-11-18 11:36:28 - [MESSAGE][PASSED] - Filtrelerden Oluşturma Tarihi filtresine 31.12.2020 bitis degerini yaz

2021-11-18 11:36:28 - [TEST_STEP][PASSED] - Filtrelerden Alıcı VKN filtresine 1234567806 textini yaz: Filtrelerden Alıcı VKN filtresine 1234567806 textini yaz

2021-11-18 11:36:28 - [MESSAGE][PASSED] - Filtrelerden Alıcı VKN filtresine 1234567806 textini yaz

2021-11-18 11:36:28 - [TEST_STEP][PASSED] - Filtre butonlarından Listele seçilir: Filtre butonlarından Listele seçilir

2021-11-18 11:36:28 - [MESSAGE][PASSED] - Filtre butonlarından Listele seçilir

2021-11-18 11:36:28 - [TEST_STEP][PASSED] - Tabloda veri var mı kontrol edilir: Tabloda veri var mı kontrol edilir

2021-11-18 11:36:28 - [MESSAGE][PASSED] - Tabloda veri var mı kontrol edilir

2021-11-18 11:36:28 - [TEST_STEP][PASSED] - Tablodan 1234567806 isimli veri seçilir: Tablodan 1234567806 isimli veri seçilir

2021-11-18 11:36:28 - [MESSAGE][PASSED] - Tablodan 1234567806 isimli veri seçilir

2021-11-18 11:36:28 - [TEST_STEP][PASSED] - Butonlardan Excel isimli butona tıklanır: Butonlardan Excel isimli butona tıklanır

2021-11-18 11:36:28 - [MESSAGE][PASSED] - Butonlardan Excel isimli butona tıklanır

2021-11-18 11:36:28 - [TEST_STEP][PASSED] - Alt butonlardan Excel'e Aktar butonuna tıklanır: Alt butonlardan Excel'e Aktar butonuna tıklanır

2021-11-18 11:36:28 - [MESSAGE][PASSED] - Alt butonlardan Excel'e Aktar butonuna tıklanır

2021-11-18 11:36:28 - [TEST_STEP][PASSED] - Popup mesajı Lütfen rapor bildiriminin gönderileceği e-posta adresini belirtiniz. içeriyor mu: Popup mesajı Lütfen rapor bildiriminin gönderileceği e-posta adresini belirtiniz. içeriyor mu

2021-11-18 11:36:28 - [MESSAGE][PASSED] - Popup mesajı Lütfen rapor bildiriminin gönderileceği e-posta adresini belirtiniz. içeriyor mu

2021-11-18 11:36:28 - [TEST_STEP][PASSED] - Popup email elogotest@gmail.com;ali.kara@logo.com.tr olarak girilir: Popup email elogotest@gmail.com;ali.kara@logo.com.tr olarak girilir

2021-11-18 11:36:28 - [MESSAGE][PASSED] - Popup email elogotest@gmail.com;ali.kara@logo.com.tr olarak girilir

2021-11-18 11:36:28 - [TEST_STEP][PASSED] - Yönetim popupında Gönder seçilir: Yönetim popupında Gönder seçilir

2021-11-18 11:36:28 - [MESSAGE][PASSED] - Yönetim popupında Gönder seçilir

2021-11-18 11:36:28 - [TEST_STEP][PASSED] - Popup mesajı talebiniz işleme alınmıştır içeriyor mu: Popup mesajı talebiniz işleme alınmıştır içeriyor mu

2021-11-18 11:36:28 - [MESSAGE][PASSED] - Popup mesajı talebiniz işleme alınmıştır içeriyor mu

2021-11-18 11:36:28 - [TEST_STEP][PASSED] - Yönetim popupında Tamam seçilir: Yönetim popupında Tamam seçilir

2021-11-18 11:36:28 - [MESSAGE][PASSED] - Yönetim popupında Tamam seçilir

2021-11-18 11:36:28 - [TEST_STEP][PASSED] - Butonlardan Excel isimli butona tıklanır: Butonlardan Excel isimli butona tıklanır

2021-11-18 11:36:28 - [MESSAGE][PASSED] - Butonlardan Excel isimli butona tıklanır

2021-11-18 11:36:28 - [TEST_STEP][PASSED] - Alt butonlardan Tümünü Excel'e Aktar butonuna tıklanır: Alt butonlardan Tümünü Excel'e Aktar butonuna tıklanır

2021-11-18 11:36:28 - [MESSAGE][PASSED] - Alt butonlardan Tümünü Excel'e Aktar butonuna tıklanır

2021-11-18 11:36:28 - [TEST_STEP][PASSED] - Popup mesajı Lütfen rapor bildiriminin gönderileceği e-posta adresini belirtiniz. içeriyor mu: Popup mesajı Lütfen rapor bildiriminin gönderileceği e-posta adresini belirtiniz. içeriyor mu

2021-11-18 11:36:28 - [MESSAGE][PASSED] - Popup mesajı Lütfen rapor bildiriminin gönderileceği e-posta adresini belirtiniz. içeriyor mu

2021-11-18 11:36:28 - [TEST_STEP][PASSED] - Popup email elogotest@gmail.com;ali.kara@logo.com.tr olarak girilir: Popup email elogotest@gmail.com;ali.kara@logo.com.tr olarak girilir

2021-11-18 11:36:28 - [MESSAGE][PASSED] - Popup email elogotest@gmail.com;ali.kara@logo.com.tr olarak girilir

2021-11-18 11:36:28 - [TEST_STEP][PASSED] - Yönetim popupında Gönder seçilir: Yönetim popupında Gönder seçilir

2021-11-18 11:36:28 - [MESSAGE][PASSED] - Yönetim popupında Gönder seçilir

2021-11-18 11:36:28 - [TEST_STEP][PASSED] - Popup mesajı talebiniz işleme alınmıştır içeriyor mu: Popup mesajı talebiniz işleme alınmıştır içeriyor mu

2021-11-18 11:36:28 - [MESSAGE][PASSED] - Popup mesajı talebiniz işleme alınmıştır içeriyor mu

2021-11-18 11:36:28 - [TEST_STEP][PASSED] - Yönetim popupında Tamam seçilir: Yönetim popupında Tamam seçilir

2021-11-18 11:36:28 - [MESSAGE][PASSED] - Yönetim popupında Tamam seçilir

2021-11-18 11:36:28 - [TEST_STEP][PASSED] - Ana menüden Raporlar seçilir: Ana menüden Raporlar seçilir

2021-11-18 11:36:28 - [MESSAGE][PASSED] - Ana menüden Raporlar seçilir

2021-11-18 11:36:28 - [TEST_STEP][PASSED] - Alt menüden Toplu Veri İndirme seçilir: Alt menüden Toplu Veri İndirme seçilir

2021-11-18 11:36:28 - [MESSAGE][PASSED] - Alt menüden Toplu Veri İndirme seçilir

2021-11-18 11:36:28 - [TEST_STEP][PASSED] - Filtrelerden Talep No filtresine Rapor No bilgisi yaz: Filtrelerden Talep No filtresine Rapor No bilgisi yaz

2021-11-18 11:36:28 - [MESSAGE][PASSED] - Filtrelerden Talep No filtresine Rapor No bilgisi yaz

2021-11-18 11:36:28 - [TEST_STEP][PASSED] - Filtre butonlarından Listele seçilir: Filtre butonlarından Listele seçilir

2021-11-18 11:36:28 - [MESSAGE][PASSED] - Filtre butonlarından Listele seçilir

2021-11-18 11:36:28 - [TEST_STEP][PASSED] - Tabloda veri var mı kontrol edilir: Tabloda veri var mı kontrol edilir

2021-11-18 11:36:28 - [MESSAGE][PASSED] - Tabloda veri var mı kontrol edilir

2021-11-18 11:36:28 - [TEST_STEP][PASSED] - Kullanıcı işlemlerinden Çıkış seçilir: Kullanıcı işlemlerinden Çıkış seçilir

2021-11-18 11:36:28 - [MESSAGE][PASSED] - Kullanıcı işlemlerinden Çıkış seçilir

2021-11-18 11:36:28 - [MESSAGE][PASSED] - Feature file: 'Include/features/e-Fatura/Giden Kutusu/Uygulama Yanıtlari/Excele Aktar.feature' was passed

2021-11-18 11:36:28 - [TEST_STEP][PASSED] - Start listener action : sampleAfterTestSuite: Invoke 'com.kms.katalon.core.annotation.AfterTestCase' method: 'Listener.sampleAfterTestSuite(...)' completed.

2021-11-18 11:36:28 - [MESSAGE][INFO] - Starting invoke 'com.kms.katalon.core.annotation.AfterTestCase' method: 'Listener.sampleAfterTestSuite(...)'

2021-11-18 11:36:28 - [TEST_STEP][PASSED] - closeBrowser(): Invoke 'com.kms.katalon.core.annotation.AfterTestCase' method: 'Listener.sampleAfterTestSuite(...)' completed.

2021-11-18 11:36:28 - [MESSAGE][INFO] - Closing browser

2021-11-18 11:36:29 - [MESSAGE][PASSED] - Browser is closed

2021-11-18 11:36:29 - [MESSAGE][INFO] - Invoke 'com.kms.katalon.core.annotation.AfterTestCase' method: 'Listener.sampleAfterTestSuite(...)' completed.]]></system-out>
         <system-err><![CDATA[]]></system-err>
      </testcase>
      <testcase name="Test Cases/Case Repository/e-Fatura/Giden Kutusu/Uygulama Yanitlari/Toplu Indirme" time="63.914" classname="Test Cases/Case Repository/e-Fatura/Giden Kutusu/Uygulama Yanitlari/Toplu Indirme" status="PASSED">
         <system-out><![CDATA[2021-11-18 11:36:29 - [TEST_CASE][PASSED] - Test Cases/Case Repository/e-Fatura/Giden Kutusu/Uygulama Yanitlari/Toplu Indirme: Test Cases/Case Repository/e-Fatura/Giden Kutusu/Uygulama Yanitlari/Toplu Indirme

2021-11-18 11:36:29 - [TEST_STEP][PASSED] - Start listener action : sampleBeforeTestSuite: Invoke 'com.kms.katalon.core.annotation.BeforeTestCase' method: 'Listener.sampleBeforeTestSuite(...)' completed.

2021-11-18 11:36:29 - [MESSAGE][INFO] - Starting invoke 'com.kms.katalon.core.annotation.BeforeTestCase' method: 'Listener.sampleBeforeTestSuite(...)'

2021-11-18 11:36:29 - [TEST_STEP][PASSED] - openBrowser(baseUrl): Browser is opened with url: 'https://efatura-stage.elogo.com.tr/'

2021-11-18 11:36:29 - [MESSAGE][INFO] - Opening browser

2021-11-18 11:36:29 - [MESSAGE][INFO] - Starting 'Chrome' driver

2021-11-18 11:36:29 - [MESSAGE][INFO] - User set preference: ['prefs', '{download.default_directory=C:\otomasyondownfiles}']

2021-11-18 11:36:29 - [MESSAGE][INFO] - Action delay is set to 0 milliseconds

2021-11-18 11:36:30 - [MESSAGE][INFO] - Navigating browser to: 'https://efatura-stage.elogo.com.tr/'

2021-11-18 11:36:32 - [MESSAGE][PASSED] - Browser is opened with url: 'https://efatura-stage.elogo.com.tr/'

2021-11-18 11:36:32 - [TEST_STEP][PASSED] - maximizeWindow(): Invoke 'com.kms.katalon.core.annotation.BeforeTestCase' method: 'Listener.sampleBeforeTestSuite(...)' completed.

2021-11-18 11:36:32 - [MESSAGE][INFO] - Maximizing current window

2021-11-18 11:36:32 - [MESSAGE][PASSED] - Current window maximized

2021-11-18 11:36:32 - [MESSAGE][INFO] - Invoke 'com.kms.katalon.core.annotation.BeforeTestCase' method: 'Listener.sampleBeforeTestSuite(...)' completed.

2021-11-18 11:36:33 - [TEST_STEP][PASSED] - runFeatureFile("Include/features/e-Fatura/Giden Kutusu/Uygulama Yanıtlari/Toplu Indirme.feature"): Feature file: 'Include/features/e-Fatura/Giden Kutusu/Uygulama Yanıtlari/Toplu Indirme.feature' was passed

2021-11-18 11:36:33 - [MESSAGE][INFO] - Starting run keyword runFeatureFile: 'Include/features/e-Fatura/Giden Kutusu/Uygulama Yanıtlari/Toplu Indirme.feature' and extract report to folder: 'C:\Users\DELL\Documents\GitHub\EES_KatalonLogo\Reports\20211118_110909\Suite Repository\ExceleAktarVeTopluIndirme\20211118_110948/cucumber_report/1637224593289'...

2021-11-18 11:36:33 - [MESSAGE][INFO] - Glue: []

2021-11-18 11:36:34 - [MESSAGE][INFO] - Checking called Test Case

2021-11-18 11:36:34 - [MESSAGE][INFO] - Starting to call Test Case 'Test Cases/Sayfalar/Giris_Sayfasi/Login'

2021-11-18 11:36:34 - [TEST_CASE][PASSED] - Test Cases/Sayfalar/Giris_Sayfasi/Login: Test Cases/Sayfalar/Giris_Sayfasi/Login

2021-11-18 11:36:34 - [TEST_STEP][PASSED] - Sayfa_Basligi = getWindowTitle(): Current window's title is: 'LOGO e-Fatura'

2021-11-18 11:36:34 - [MESSAGE][INFO] - Getting current window's title

2021-11-18 11:36:34 - [MESSAGE][PASSED] - Current window's title is: 'LOGO e-Fatura'

2021-11-18 11:36:34 - [TEST_STEP][PASSED] - verifyMatch(Sayfa_Basligi, "LOGO e-Fatura", false): Actual text 'LOGO e-Fatura' and expected text 'LOGO e-Fatura' are matched 

2021-11-18 11:36:34 - [MESSAGE][INFO] - Matching actual text 'LOGO e-Fatura' with expected text 'LOGO e-Fatura'

2021-11-18 11:36:34 - [MESSAGE][PASSED] - Actual text 'LOGO e-Fatura' and expected text 'LOGO e-Fatura' are matched 

2021-11-18 11:36:34 - [TEST_STEP][PASSED] - sendKeys(findTestObject("Sayfalar/Giris_Sayfasi/Firma_Kodu"), KullaniciAdi): Keys 'ELOGO6' sent to object: 'Object Repository/Sayfalar/Giris_Sayfasi/Firma_Kodu'

2021-11-18 11:36:34 - [MESSAGE][INFO] - Finding Test Object 'Object Repository/Sayfalar/Giris_Sayfasi/Firma_Kodu'

2021-11-18 11:36:34 - [MESSAGE][INFO] - Sending keys 'ELOGO6' to object: 'Object Repository/Sayfalar/Giris_Sayfasi/Firma_Kodu'

2021-11-18 11:36:34 - [MESSAGE][INFO] - Finding web element from Test Object's properties

2021-11-18 11:36:34 - [MESSAGE][INFO] - Checking timeout

2021-11-18 11:36:34 - [MESSAGE][INFO] - Finding web element with id: 'Object Repository/Sayfalar/Giris_Sayfasi/Firma_Kodu' located by 'By.xpath: //*[@id = 'AccountName']' in '30' second(s)

2021-11-18 11:36:34 - [MESSAGE][INFO] - Smart Wait Function is triggered

2021-11-18 11:36:34 - [MESSAGE][INFO] - Found 1 web elements with id: 'Object Repository/Sayfalar/Giris_Sayfasi/Firma_Kodu' located by 'By.xpath: //*[@id = 'AccountName']' in '30' second(s)

2021-11-18 11:36:34 - [MESSAGE][PASSED] - Keys 'ELOGO6' sent to object: 'Object Repository/Sayfalar/Giris_Sayfasi/Firma_Kodu'

2021-11-18 11:36:34 - [TEST_STEP][PASSED] - sendKeys(findTestObject("Sayfalar/Giris_Sayfasi/Sifre"), Sifre): Keys '123456' sent to object: 'Object Repository/Sayfalar/Giris_Sayfasi/Sifre'

2021-11-18 11:36:34 - [MESSAGE][INFO] - Finding Test Object 'Object Repository/Sayfalar/Giris_Sayfasi/Sifre'

2021-11-18 11:36:35 - [MESSAGE][INFO] - Sending keys '123456' to object: 'Object Repository/Sayfalar/Giris_Sayfasi/Sifre'

2021-11-18 11:36:35 - [MESSAGE][INFO] - Finding web element from Test Object's properties

2021-11-18 11:36:35 - [MESSAGE][INFO] - Checking timeout

2021-11-18 11:36:35 - [MESSAGE][INFO] - Finding web element with id: 'Object Repository/Sayfalar/Giris_Sayfasi/Sifre' located by 'By.xpath: //*[@id = 'Password']' in '30' second(s)

2021-11-18 11:36:35 - [MESSAGE][INFO] - Smart Wait Function is triggered

2021-11-18 11:36:35 - [MESSAGE][INFO] - Found 1 web elements with id: 'Object Repository/Sayfalar/Giris_Sayfasi/Sifre' located by 'By.xpath: //*[@id = 'Password']' in '30' second(s)

2021-11-18 11:36:35 - [MESSAGE][PASSED] - Keys '123456' sent to object: 'Object Repository/Sayfalar/Giris_Sayfasi/Sifre'

2021-11-18 11:36:35 - [TEST_STEP][PASSED] - findWebElement(findTestObject("Sayfalar/Giris_Sayfasi/Giris_Butonu")).click(): Found 1 web elements with id: 'Object Repository/Sayfalar/Giris_Sayfasi/Giris_Butonu' located by 'By.cssSelector: #btnLogin' in '30' second(s)

2021-11-18 11:36:35 - [MESSAGE][INFO] - Finding Test Object 'Object Repository/Sayfalar/Giris_Sayfasi/Giris_Butonu'

2021-11-18 11:36:35 - [MESSAGE][INFO] - Finding web element from Test Object's properties

2021-11-18 11:36:35 - [MESSAGE][INFO] - Checking timeout

2021-11-18 11:36:35 - [MESSAGE][INFO] - Finding web element with id: 'Object Repository/Sayfalar/Giris_Sayfasi/Giris_Butonu' located by 'By.cssSelector: #btnLogin' in '30' second(s)

2021-11-18 11:36:35 - [MESSAGE][INFO] - Smart Wait Function is triggered

2021-11-18 11:36:35 - [MESSAGE][INFO] - Found 1 web elements with id: 'Object Repository/Sayfalar/Giris_Sayfasi/Giris_Butonu' located by 'By.cssSelector: #btnLogin' in '30' second(s)

2021-11-18 11:36:39 - [TEST_STEP][PASSED] - if (verifyElementPresent(findTestObject("Object Repository/Sayfalar/Giris_Sayfasi/RetveTamam_Butonu"), 5, OPTIONAL)): null

2021-11-18 11:36:39 - [MESSAGE][INFO] - Finding Test Object 'Object Repository/Sayfalar/Giris_Sayfasi/RetveTamam_Butonu'

2021-11-18 11:36:40 - [MESSAGE][INFO] - Checking object

2021-11-18 11:36:40 - [MESSAGE][INFO] - Finding web element from Test Object's properties

2021-11-18 11:36:40 - [MESSAGE][INFO] - Checking timeout

2021-11-18 11:36:40 - [MESSAGE][INFO] - Finding web element with id: 'Object Repository/Sayfalar/Giris_Sayfasi/RetveTamam_Butonu' located by 'By.xpath: //*[@class = 'btn btn-default']' in '5' second(s)

2021-11-18 11:36:40 - [MESSAGE][INFO] - Smart Wait Function is triggered

2021-11-18 11:36:40 - [MESSAGE][INFO] - Found 1 web elements with id: 'Object Repository/Sayfalar/Giris_Sayfasi/RetveTamam_Butonu' located by 'By.xpath: //*[@class = 'btn btn-default']' in '5' second(s)

2021-11-18 11:36:40 - [MESSAGE][PASSED] - Object 'Object Repository/Sayfalar/Giris_Sayfasi/RetveTamam_Butonu' is present

2021-11-18 11:36:40 - [TEST_STEP][PASSED] - click(findTestObject("Object Repository/Sayfalar/Giris_Sayfasi/RetveTamam_Butonu")): Object: 'Object Repository/Sayfalar/Giris_Sayfasi/RetveTamam_Butonu' is clicked on

2021-11-18 11:36:40 - [MESSAGE][INFO] - Finding Test Object 'Object Repository/Sayfalar/Giris_Sayfasi/RetveTamam_Butonu'

2021-11-18 11:36:40 - [MESSAGE][INFO] - Checking object

2021-11-18 11:36:40 - [MESSAGE][INFO] - Finding web element from Test Object's properties

2021-11-18 11:36:40 - [MESSAGE][INFO] - Checking timeout

2021-11-18 11:36:40 - [MESSAGE][INFO] - Finding web element with id: 'Object Repository/Sayfalar/Giris_Sayfasi/RetveTamam_Butonu' located by 'By.xpath: //*[@class = 'btn btn-default']' in '30' second(s)

2021-11-18 11:36:40 - [MESSAGE][INFO] - Smart Wait Function is triggered

2021-11-18 11:36:40 - [MESSAGE][INFO] - Found 1 web elements with id: 'Object Repository/Sayfalar/Giris_Sayfasi/RetveTamam_Butonu' located by 'By.xpath: //*[@class = 'btn btn-default']' in '30' second(s)

2021-11-18 11:36:40 - [MESSAGE][INFO] - Clicking on object: 'Object Repository/Sayfalar/Giris_Sayfasi/RetveTamam_Butonu'

2021-11-18 11:36:40 - [MESSAGE][PASSED] - Object: 'Object Repository/Sayfalar/Giris_Sayfasi/RetveTamam_Butonu' is clicked on

2021-11-18 11:36:40 - [TEST_STEP][PASSED] - click(findTestObject("Object Repository/Sayfalar/Giris_Sayfasi/RetveTamam_Butonu")): Object: 'Object Repository/Sayfalar/Giris_Sayfasi/RetveTamam_Butonu' is clicked on

2021-11-18 11:36:40 - [MESSAGE][INFO] - Finding Test Object 'Object Repository/Sayfalar/Giris_Sayfasi/RetveTamam_Butonu'

2021-11-18 11:36:40 - [MESSAGE][INFO] - Checking object

2021-11-18 11:36:40 - [MESSAGE][INFO] - Finding web element from Test Object's properties

2021-11-18 11:36:40 - [MESSAGE][INFO] - Checking timeout

2021-11-18 11:36:40 - [MESSAGE][INFO] - Finding web element with id: 'Object Repository/Sayfalar/Giris_Sayfasi/RetveTamam_Butonu' located by 'By.xpath: //*[@class = 'btn btn-default']' in '30' second(s)

2021-11-18 11:36:40 - [MESSAGE][INFO] - Smart Wait Function is triggered

2021-11-18 11:36:52 - [MESSAGE][INFO] - Found 1 web elements with id: 'Object Repository/Sayfalar/Giris_Sayfasi/RetveTamam_Butonu' located by 'By.xpath: //*[@class = 'btn btn-default']' in '30' second(s)

2021-11-18 11:36:52 - [MESSAGE][INFO] - Clicking on object: 'Object Repository/Sayfalar/Giris_Sayfasi/RetveTamam_Butonu'

2021-11-18 11:36:52 - [MESSAGE][PASSED] - Object: 'Object Repository/Sayfalar/Giris_Sayfasi/RetveTamam_Butonu' is clicked on

2021-11-18 11:36:52 - [TEST_STEP][PASSED] - if (verifyElementPresent(findTestObject("Sayfalar/Giris_Sayfasi/PopupOK"), 5, OPTIONAL)): null

2021-11-18 11:36:52 - [MESSAGE][INFO] - Finding Test Object 'Object Repository/Sayfalar/Giris_Sayfasi/PopupOK'

2021-11-18 11:36:52 - [MESSAGE][INFO] - Checking object

2021-11-18 11:36:52 - [MESSAGE][INFO] - Finding web element from Test Object's properties

2021-11-18 11:36:52 - [MESSAGE][INFO] - Checking timeout

2021-11-18 11:36:52 - [MESSAGE][INFO] - Finding web element with id: 'Object Repository/Sayfalar/Giris_Sayfasi/PopupOK' located by 'By.cssSelector: .btn.btn-success' in '5' second(s)

2021-11-18 11:36:52 - [MESSAGE][INFO] - Smart Wait Function is triggered

2021-11-18 11:36:53 - [MESSAGE][INFO] - Found 1 web elements with id: 'Object Repository/Sayfalar/Giris_Sayfasi/PopupOK' located by 'By.cssSelector: .btn.btn-success' in '5' second(s)

2021-11-18 11:36:53 - [MESSAGE][PASSED] - Object 'Object Repository/Sayfalar/Giris_Sayfasi/PopupOK' is present

2021-11-18 11:36:53 - [TEST_STEP][PASSED] - click(findTestObject("Object Repository/Sayfalar/Giris_Sayfasi/PopupCarpiGiris")): Object: 'Object Repository/Sayfalar/Giris_Sayfasi/PopupCarpiGiris' is clicked on

2021-11-18 11:36:53 - [MESSAGE][INFO] - Finding Test Object 'Object Repository/Sayfalar/Giris_Sayfasi/PopupCarpiGiris'

2021-11-18 11:36:53 - [MESSAGE][INFO] - Checking object

2021-11-18 11:36:53 - [MESSAGE][INFO] - Finding web element from Test Object's properties

2021-11-18 11:36:53 - [MESSAGE][INFO] - Checking timeout

2021-11-18 11:36:53 - [MESSAGE][INFO] - Finding web element with id: 'Object Repository/Sayfalar/Giris_Sayfasi/PopupCarpiGiris' located by 'By.cssSelector: .bootbox-close-button.close' in '30' second(s)

2021-11-18 11:36:53 - [MESSAGE][INFO] - Smart Wait Function is triggered

2021-11-18 11:36:53 - [MESSAGE][INFO] - Found 1 web elements with id: 'Object Repository/Sayfalar/Giris_Sayfasi/PopupCarpiGiris' located by 'By.cssSelector: .bootbox-close-button.close' in '30' second(s)

2021-11-18 11:36:53 - [MESSAGE][INFO] - Clicking on object: 'Object Repository/Sayfalar/Giris_Sayfasi/PopupCarpiGiris'

2021-11-18 11:36:53 - [MESSAGE][PASSED] - Object: 'Object Repository/Sayfalar/Giris_Sayfasi/PopupCarpiGiris' is clicked on

2021-11-18 11:36:53 - [TEST_STEP][PASSED] - verifyElementVisible(findTestObject("Object Repository/Kullanici_Islemleri/KullaniciIslemleri")): Object 'Object Repository/Kullanici_Islemleri/KullaniciIslemleri' is visible

2021-11-18 11:36:53 - [MESSAGE][INFO] - Finding Test Object 'Object Repository/Kullanici_Islemleri/KullaniciIslemleri'

2021-11-18 11:36:53 - [MESSAGE][INFO] - Checking object

2021-11-18 11:36:53 - [MESSAGE][INFO] - Finding web element from Test Object's properties

2021-11-18 11:36:53 - [MESSAGE][INFO] - Checking timeout

2021-11-18 11:36:53 - [MESSAGE][INFO] - Finding web element with id: 'Object Repository/Kullanici_Islemleri/KullaniciIslemleri' located by 'By.cssSelector: .dropdown>a>img' in '30' second(s)

2021-11-18 11:36:53 - [MESSAGE][INFO] - Smart Wait Function is triggered

2021-11-18 11:36:54 - [MESSAGE][INFO] - Found 1 web elements with id: 'Object Repository/Kullanici_Islemleri/KullaniciIslemleri' located by 'By.cssSelector: .dropdown>a>img' in '30' second(s)

2021-11-18 11:36:54 - [MESSAGE][PASSED] - Object 'Object Repository/Kullanici_Islemleri/KullaniciIslemleri' is visible

2021-11-18 11:36:54 - [MESSAGE][PASSED] - Call Test Case 'Test Cases/Sayfalar/Giris_Sayfasi/Login' successfully

2021-11-18 11:36:54 - [MESSAGE][INFO] - Checking called Test Case

2021-11-18 11:36:54 - [MESSAGE][INFO] - Starting to call Test Case 'Test Cases/Menu/AnaMenuSecimi'

2021-11-18 11:36:54 - [TEST_CASE][PASSED] - Test Cases/Menu/AnaMenuSecimi: Test Cases/Menu/AnaMenuSecimi

2021-11-18 11:36:54 - [TEST_STEP][PASSED] - Method.TextDegerineEsitElementeTikla(findTestObject("Menu/Ana_Menu"), Ana_Menu): Method.TextDegerineEsitElementeTikla is PASSED

2021-11-18 11:36:54 - [MESSAGE][INFO] - Finding Test Object 'Object Repository/Menu/Ana_Menu'

2021-11-18 11:36:54 - [MESSAGE][INFO] - Checking timeout

2021-11-18 11:36:54 - [MESSAGE][INFO] - Finding web element with id: 'Object Repository/Menu/Ana_Menu' located by 'By.xpath: //*[@class = 'dropdown-toggle']' in '10' second(s)

2021-11-18 11:36:54 - [MESSAGE][INFO] - Smart Wait Function is triggered

2021-11-18 11:36:54 - [MESSAGE][INFO] - Found 14 web elements with id: 'Object Repository/Menu/Ana_Menu' located by 'By.xpath: //*[@class = 'dropdown-toggle']' in '10' second(s)

2021-11-18 11:36:55 - [MESSAGE][PASSED] - Method.TextDegerineEsitElementeTikla is PASSED

2021-11-18 11:36:55 - [MESSAGE][PASSED] - Call Test Case 'Test Cases/Menu/AnaMenuSecimi' successfully

2021-11-18 11:36:55 - [MESSAGE][INFO] - Checking called Test Case

2021-11-18 11:36:55 - [MESSAGE][INFO] - Starting to call Test Case 'Test Cases/Menu/BasligaGoreAltMenuSecimi'

2021-11-18 11:36:55 - [TEST_CASE][PASSED] - Test Cases/Menu/BasligaGoreAltMenuSecimi: Test Cases/Menu/BasligaGoreAltMenuSecimi

2021-11-18 11:36:55 - [TEST_STEP][PASSED] - Method.TextDegerineEsitElementinAltindakiTextDegerineEsitOlanaTikla(findTestObject("Menu/Menu_Basligi"), findTestObject("Menu/Basliga_Gore_Alt_Menu"), Baslik, Alt_Menu): Method.TextDegerineEsitElementinAltindakiTextDegerineEsitOlanaTikla is PASSED

2021-11-18 11:36:55 - [MESSAGE][INFO] - Finding Test Object 'Object Repository/Menu/Menu_Basligi'

2021-11-18 11:36:55 - [MESSAGE][INFO] - Finding Test Object 'Object Repository/Menu/Basliga_Gore_Alt_Menu'

2021-11-18 11:36:55 - [MESSAGE][INFO] - Checking timeout

2021-11-18 11:36:55 - [MESSAGE][INFO] - Finding web element with id: 'Object Repository/Menu/Menu_Basligi' located by 'By.xpath: //li[@class='dropdown dropdown-large open']//li[@class='dropdown-header']' in '10' second(s)

2021-11-18 11:36:55 - [MESSAGE][INFO] - Smart Wait Function is triggered

2021-11-18 11:36:55 - [MESSAGE][INFO] - Found 3 web elements with id: 'Object Repository/Menu/Menu_Basligi' located by 'By.xpath: //li[@class='dropdown dropdown-large open']//li[@class='dropdown-header']' in '10' second(s)

2021-11-18 11:36:55 - [MESSAGE][INFO] - Smart Wait Function is triggered

2021-11-18 11:36:58 - [MESSAGE][PASSED] - Method.TextDegerineEsitElementinAltindakiTextDegerineEsitOlanaTikla is PASSED

2021-11-18 11:36:58 - [MESSAGE][PASSED] - Call Test Case 'Test Cases/Menu/BasligaGoreAltMenuSecimi' successfully

2021-11-18 11:36:58 - [MESSAGE][INFO] - Checking called Test Case

2021-11-18 11:36:58 - [MESSAGE][INFO] - Starting to call Test Case 'Test Cases/Filtreler/BaslangicYaz'

2021-11-18 11:36:58 - [TEST_CASE][PASSED] - Test Cases/Filtreler/BaslangicYaz: Test Cases/Filtreler/BaslangicYaz

2021-11-18 11:36:58 - [TEST_STEP][PASSED] - delay(3): Delayed 3 second(s)

2021-11-18 11:36:58 - [MESSAGE][INFO] - Delaying browser in 3 second(s)

2021-11-18 11:37:01 - [MESSAGE][PASSED] - Delayed 3 second(s)

2021-11-18 11:37:01 - [TEST_STEP][PASSED] - Method.TextDegerineEsitElementinAltindakineTikla(findTestObject("Filtreler/Basliklar"), findTestObject("Filtreler/Basliga_Gore_Baslangic_Image"), Filtre_Adi): Method.TextDegerineEsitElementinAltindakineTikla is PASSED

2021-11-18 11:37:01 - [MESSAGE][INFO] - Finding Test Object 'Object Repository/Filtreler/Basliklar'

2021-11-18 11:37:01 - [MESSAGE][INFO] - Finding Test Object 'Object Repository/Filtreler/Basliga_Gore_Baslangic_Image'

2021-11-18 11:37:01 - [MESSAGE][INFO] - Checking timeout

2021-11-18 11:37:01 - [MESSAGE][INFO] - Finding web element with id: 'Object Repository/Filtreler/Basliklar' located by 'By.cssSelector: .control-label.col-sm-4.paddingMarginRLC' in '10' second(s)

2021-11-18 11:37:01 - [MESSAGE][INFO] - Smart Wait Function is triggered

2021-11-18 11:37:02 - [MESSAGE][INFO] - Found 13 web elements with id: 'Object Repository/Filtreler/Basliklar' located by 'By.cssSelector: .control-label.col-sm-4.paddingMarginRLC' in '10' second(s)

2021-11-18 11:37:02 - [MESSAGE][INFO] - Smart Wait Function is triggered

2021-11-18 11:37:02 - [MESSAGE][PASSED] - Method.TextDegerineEsitElementinAltindakineTikla is PASSED

2021-11-18 11:37:02 - [TEST_STEP][PASSED] - Method.TextDegerineEsitElementinAltindakiTextboxtaYaz(findTestObject("Filtreler/Basliklar"), findTestObject("Filtreler/Basliga_Gore_Baslangic"), Filtre_Adi, Filtre_Degeri): Method.TextDegerineEsitElementinAltindakiTextboxtaYaz is PASSED

2021-11-18 11:37:02 - [MESSAGE][INFO] - Finding Test Object 'Object Repository/Filtreler/Basliklar'

2021-11-18 11:37:02 - [MESSAGE][INFO] - Finding Test Object 'Object Repository/Filtreler/Basliga_Gore_Baslangic'

2021-11-18 11:37:02 - [MESSAGE][INFO] - Checking timeout

2021-11-18 11:37:02 - [MESSAGE][INFO] - Finding web element with id: 'Object Repository/Filtreler/Basliklar' located by 'By.cssSelector: .control-label.col-sm-4.paddingMarginRLC' in '10' second(s)

2021-11-18 11:37:02 - [MESSAGE][INFO] - Smart Wait Function is triggered

2021-11-18 11:37:03 - [MESSAGE][INFO] - Found 13 web elements with id: 'Object Repository/Filtreler/Basliklar' located by 'By.cssSelector: .control-label.col-sm-4.paddingMarginRLC' in '10' second(s)

2021-11-18 11:37:03 - [MESSAGE][INFO] - Smart Wait Function is triggered

2021-11-18 11:37:03 - [MESSAGE][PASSED] - Method.TextDegerineEsitElementinAltindakiTextboxtaYaz is PASSED

2021-11-18 11:37:03 - [MESSAGE][PASSED] - Call Test Case 'Test Cases/Filtreler/BaslangicYaz' successfully

2021-11-18 11:37:03 - [MESSAGE][INFO] - Checking called Test Case

2021-11-18 11:37:03 - [MESSAGE][INFO] - Starting to call Test Case 'Test Cases/Filtreler/BitisYaz'

2021-11-18 11:37:03 - [TEST_CASE][PASSED] - Test Cases/Filtreler/BitisYaz: Test Cases/Filtreler/BitisYaz

2021-11-18 11:37:03 - [TEST_STEP][PASSED] - Method.TextDegerineEsitElementinAltindakineTikla(findTestObject("Filtreler/Basliklar"), findTestObject("Filtreler/Basliga_Gore_Bitis_Image"), Filtre_Adi): Method.TextDegerineEsitElementinAltindakineTikla is PASSED

2021-11-18 11:37:03 - [MESSAGE][INFO] - Finding Test Object 'Object Repository/Filtreler/Basliklar'

2021-11-18 11:37:03 - [MESSAGE][INFO] - Finding Test Object 'Object Repository/Filtreler/Basliga_Gore_Bitis_Image'

2021-11-18 11:37:03 - [MESSAGE][INFO] - Checking timeout

2021-11-18 11:37:03 - [MESSAGE][INFO] - Finding web element with id: 'Object Repository/Filtreler/Basliklar' located by 'By.cssSelector: .control-label.col-sm-4.paddingMarginRLC' in '10' second(s)

2021-11-18 11:37:03 - [MESSAGE][INFO] - Smart Wait Function is triggered

2021-11-18 11:37:04 - [MESSAGE][INFO] - Found 13 web elements with id: 'Object Repository/Filtreler/Basliklar' located by 'By.cssSelector: .control-label.col-sm-4.paddingMarginRLC' in '10' second(s)

2021-11-18 11:37:04 - [MESSAGE][INFO] - Smart Wait Function is triggered

2021-11-18 11:37:04 - [MESSAGE][PASSED] - Method.TextDegerineEsitElementinAltindakineTikla is PASSED

2021-11-18 11:37:04 - [TEST_STEP][PASSED] - Method.TextDegerineEsitElementinAltindakiTextboxtaYaz(findTestObject("Filtreler/Basliklar"), findTestObject("Object Repository/Filtreler/Basliga_Gore_Bitis"), Filtre_Adi, Filtre_Degeri): Method.TextDegerineEsitElementinAltindakiTextboxtaYaz is PASSED

2021-11-18 11:37:04 - [MESSAGE][INFO] - Finding Test Object 'Object Repository/Filtreler/Basliklar'

2021-11-18 11:37:04 - [MESSAGE][INFO] - Finding Test Object 'Object Repository/Filtreler/Basliga_Gore_Bitis'

2021-11-18 11:37:04 - [MESSAGE][INFO] - Checking timeout

2021-11-18 11:37:04 - [MESSAGE][INFO] - Finding web element with id: 'Object Repository/Filtreler/Basliklar' located by 'By.cssSelector: .control-label.col-sm-4.paddingMarginRLC' in '10' second(s)

2021-11-18 11:37:04 - [MESSAGE][INFO] - Smart Wait Function is triggered

2021-11-18 11:37:05 - [MESSAGE][INFO] - Found 13 web elements with id: 'Object Repository/Filtreler/Basliklar' located by 'By.cssSelector: .control-label.col-sm-4.paddingMarginRLC' in '10' second(s)

2021-11-18 11:37:05 - [MESSAGE][INFO] - Smart Wait Function is triggered

2021-11-18 11:37:05 - [MESSAGE][PASSED] - Method.TextDegerineEsitElementinAltindakiTextboxtaYaz is PASSED

2021-11-18 11:37:05 - [MESSAGE][PASSED] - Call Test Case 'Test Cases/Filtreler/BitisYaz' successfully

2021-11-18 11:37:05 - [MESSAGE][INFO] - Checking called Test Case

2021-11-18 11:37:05 - [MESSAGE][INFO] - Starting to call Test Case 'Test Cases/Filtreler/TexboxaYaz'

2021-11-18 11:37:05 - [TEST_CASE][PASSED] - Test Cases/Filtreler/TexboxaYaz: Test Cases/Filtreler/TexboxaYaz

2021-11-18 11:37:05 - [TEST_STEP][PASSED] - Method.TextDegerineEsitElementinAltindakiTextboxtaYaz(findTestObject("Filtreler/Basliklar"), findTestObject("Filtreler/Basliga_Gore_Textbox"), Filtre_Adi, Filtre_Degeri): Method.TextDegerineEsitElementinAltindakiTextboxtaYaz is PASSED

2021-11-18 11:37:05 - [MESSAGE][INFO] - Finding Test Object 'Object Repository/Filtreler/Basliklar'

2021-11-18 11:37:05 - [MESSAGE][INFO] - Finding Test Object 'Object Repository/Filtreler/Basliga_Gore_Textbox'

2021-11-18 11:37:05 - [MESSAGE][INFO] - Checking timeout

2021-11-18 11:37:05 - [MESSAGE][INFO] - Finding web element with id: 'Object Repository/Filtreler/Basliklar' located by 'By.cssSelector: .control-label.col-sm-4.paddingMarginRLC' in '10' second(s)

2021-11-18 11:37:05 - [MESSAGE][INFO] - Smart Wait Function is triggered

2021-11-18 11:37:06 - [MESSAGE][INFO] - Found 13 web elements with id: 'Object Repository/Filtreler/Basliklar' located by 'By.cssSelector: .control-label.col-sm-4.paddingMarginRLC' in '10' second(s)

2021-11-18 11:37:06 - [MESSAGE][INFO] - Smart Wait Function is triggered

2021-11-18 11:37:06 - [MESSAGE][PASSED] - Method.TextDegerineEsitElementinAltindakiTextboxtaYaz is PASSED

2021-11-18 11:37:06 - [MESSAGE][PASSED] - Call Test Case 'Test Cases/Filtreler/TexboxaYaz' successfully

2021-11-18 11:37:06 - [MESSAGE][INFO] - Checking called Test Case

2021-11-18 11:37:06 - [MESSAGE][INFO] - Starting to call Test Case 'Test Cases/Filtreler/ButonaTikla'

2021-11-18 11:37:06 - [TEST_CASE][PASSED] - Test Cases/Filtreler/ButonaTikla: Test Cases/Filtreler/ButonaTikla

2021-11-18 11:37:06 - [TEST_STEP][PASSED] - Method.TextDegerineEsitElementeTikla(findTestObject("Filtreler/Butonlar"), Filtre_Buton): Method.TextDegerineEsitElementeTikla is PASSED

2021-11-18 11:37:06 - [MESSAGE][INFO] - Finding Test Object 'Object Repository/Filtreler/Butonlar'

2021-11-18 11:37:07 - [MESSAGE][INFO] - Checking timeout

2021-11-18 11:37:07 - [MESSAGE][INFO] - Finding web element with id: 'Object Repository/Filtreler/Butonlar' located by 'By.cssSelector: .dxb>span' in '10' second(s)

2021-11-18 11:37:07 - [MESSAGE][INFO] - Smart Wait Function is triggered

2021-11-18 11:37:07 - [MESSAGE][INFO] - Found 3 web elements with id: 'Object Repository/Filtreler/Butonlar' located by 'By.cssSelector: .dxb>span' in '10' second(s)

2021-11-18 11:37:07 - [MESSAGE][PASSED] - Method.TextDegerineEsitElementeTikla is PASSED

2021-11-18 11:37:07 - [MESSAGE][PASSED] - Call Test Case 'Test Cases/Filtreler/ButonaTikla' successfully

2021-11-18 11:37:07 - [MESSAGE][INFO] - Checking called Test Case

2021-11-18 11:37:07 - [MESSAGE][INFO] - Starting to call Test Case 'Test Cases/Tablo/TablodaVeriVarMi'

2021-11-18 11:37:07 - [TEST_CASE][PASSED] - Test Cases/Tablo/TablodaVeriVarMi: Test Cases/Tablo/TablodaVeriVarMi

2021-11-18 11:37:07 - [TEST_STEP][PASSED] - verifyTextNotPresent("Görüntülenecek veri yok", true): Text 'Görüntülenecek veri yok' is not present on page using regular expression

2021-11-18 11:37:07 - [MESSAGE][INFO] - Checking text present  using regular expression

2021-11-18 11:37:07 - [MESSAGE][INFO] - Smart Wait Function is triggered

2021-11-18 11:37:08 - [MESSAGE][INFO] - Finding text 'Görüntülenecek veri yok' on page  using regular expression

2021-11-18 11:37:08 - [MESSAGE][PASSED] - Text 'Görüntülenecek veri yok' is not present on page using regular expression

2021-11-18 11:37:08 - [MESSAGE][PASSED] - Call Test Case 'Test Cases/Tablo/TablodaVeriVarMi' successfully

2021-11-18 11:37:08 - [MESSAGE][INFO] - Checking called Test Case

2021-11-18 11:37:08 - [MESSAGE][INFO] - Starting to call Test Case 'Test Cases/Tablo/TablodanVeriSec'

2021-11-18 11:37:08 - [TEST_CASE][PASSED] - Test Cases/Tablo/TablodanVeriSec: Test Cases/Tablo/TablodanVeriSec

2021-11-18 11:37:08 - [TEST_STEP][PASSED] - Method.TextDegerineEsitElementinAltindakineTikla(findTestObject("Tablo/Veriler"), findTestObject("Tablo/VerininCheckBoxi"), Veri_Adi): Method.TextDegerineEsitElementinAltindakineTikla is PASSED

2021-11-18 11:37:08 - [MESSAGE][INFO] - Finding Test Object 'Object Repository/Tablo/Veriler'

2021-11-18 11:37:08 - [MESSAGE][INFO] - Finding Test Object 'Object Repository/Tablo/VerininCheckBoxi'

2021-11-18 11:37:08 - [MESSAGE][INFO] - Checking timeout

2021-11-18 11:37:08 - [MESSAGE][INFO] - Finding web element with id: 'Object Repository/Tablo/Veriler' located by 'By.cssSelector: td.dxgv b ,td.dxgv' in '10' second(s)

2021-11-18 11:37:08 - [MESSAGE][INFO] - Smart Wait Function is triggered

2021-11-18 11:37:09 - [MESSAGE][INFO] - Found 26 web elements with id: 'Object Repository/Tablo/Veriler' located by 'By.cssSelector: td.dxgv b ,td.dxgv' in '10' second(s)

2021-11-18 11:37:09 - [MESSAGE][INFO] - Smart Wait Function is triggered

2021-11-18 11:37:09 - [MESSAGE][PASSED] - Method.TextDegerineEsitElementinAltindakineTikla is PASSED

2021-11-18 11:37:09 - [MESSAGE][PASSED] - Call Test Case 'Test Cases/Tablo/TablodanVeriSec' successfully

2021-11-18 11:37:09 - [MESSAGE][INFO] - Checking called Test Case

2021-11-18 11:37:09 - [MESSAGE][INFO] - Starting to call Test Case 'Test Cases/Butonlar/ButonaTikla'

2021-11-18 11:37:09 - [TEST_CASE][PASSED] - Test Cases/Butonlar/ButonaTikla: Test Cases/Butonlar/ButonaTikla

2021-11-18 11:37:09 - [TEST_STEP][PASSED] - Method.TextDegerineEsitElementeTiklaEquals(findTestObject("Butonlar/Butonlar"), Buton_Adi): Method.TextDegerineEsitElementeTiklaEquals is PASSED

2021-11-18 11:37:09 - [MESSAGE][INFO] - Finding Test Object 'Object Repository/Butonlar/Butonlar'

2021-11-18 11:37:09 - [MESSAGE][INFO] - Checking timeout

2021-11-18 11:37:09 - [MESSAGE][INFO] - Finding web element with id: 'Object Repository/Butonlar/Butonlar' located by 'By.cssSelector: .panel.panel-default.text-center.footerPanel .btn,.btn.btn-primary.btnControls' in '10' second(s)

2021-11-18 11:37:09 - [MESSAGE][INFO] - Smart Wait Function is triggered

2021-11-18 11:37:10 - [MESSAGE][INFO] - Found 7 web elements with id: 'Object Repository/Butonlar/Butonlar' located by 'By.cssSelector: .panel.panel-default.text-center.footerPanel .btn,.btn.btn-primary.btnControls' in '10' second(s)

2021-11-18 11:37:10 - [MESSAGE][PASSED] - Method.TextDegerineEsitElementeTiklaEquals is PASSED

2021-11-18 11:37:10 - [MESSAGE][PASSED] - Call Test Case 'Test Cases/Butonlar/ButonaTikla' successfully

2021-11-18 11:37:10 - [MESSAGE][INFO] - Checking called Test Case

2021-11-18 11:37:10 - [MESSAGE][INFO] - Starting to call Test Case 'Test Cases/Butonlar/AltButonaTikla'

2021-11-18 11:37:10 - [TEST_CASE][PASSED] - Test Cases/Butonlar/AltButonaTikla: Test Cases/Butonlar/AltButonaTikla

2021-11-18 11:37:10 - [TEST_STEP][PASSED] - Method.TextDegerineEsitElementeTikla(findTestObject("Butonlar/AltButonlar"), Alt_Buton): Method.TextDegerineEsitElementeTikla is PASSED

2021-11-18 11:37:10 - [MESSAGE][INFO] - Finding Test Object 'Object Repository/Butonlar/AltButonlar'

2021-11-18 11:37:10 - [MESSAGE][INFO] - Checking timeout

2021-11-18 11:37:10 - [MESSAGE][INFO] - Finding web element with id: 'Object Repository/Butonlar/AltButonlar' located by 'By.cssSelector: .btn-group.open li>a' in '10' second(s)

2021-11-18 11:37:10 - [MESSAGE][INFO] - Smart Wait Function is triggered

2021-11-18 11:37:10 - [MESSAGE][INFO] - Found 2 web elements with id: 'Object Repository/Butonlar/AltButonlar' located by 'By.cssSelector: .btn-group.open li>a' in '10' second(s)

2021-11-18 11:37:10 - [MESSAGE][PASSED] - Method.TextDegerineEsitElementeTikla is PASSED

2021-11-18 11:37:10 - [MESSAGE][PASSED] - Call Test Case 'Test Cases/Butonlar/AltButonaTikla' successfully

2021-11-18 11:37:10 - [MESSAGE][INFO] - Checking called Test Case

2021-11-18 11:37:10 - [MESSAGE][INFO] - Starting to call Test Case 'Test Cases/Popup/PopupMesajiIceriyorMu'

2021-11-18 11:37:10 - [TEST_CASE][PASSED] - Test Cases/Popup/PopupMesajiIceriyorMu: Test Cases/Popup/PopupMesajiIceriyorMu

2021-11-18 11:37:10 - [TEST_STEP][PASSED] - waitForElementVisible(findTestObject("Popup/Popup"), 10): Object 'Object Repository/Popup/Popup' is visible

2021-11-18 11:37:10 - [MESSAGE][INFO] - Finding Test Object 'Object Repository/Popup/Popup'

2021-11-18 11:37:10 - [MESSAGE][INFO] - Checking object

2021-11-18 11:37:10 - [MESSAGE][INFO] - Checking timeout

2021-11-18 11:37:10 - [MESSAGE][INFO] - Finding web element from Test Object's properties

2021-11-18 11:37:10 - [MESSAGE][INFO] - Checking timeout

2021-11-18 11:37:10 - [MESSAGE][INFO] - Finding web element with id: 'Object Repository/Popup/Popup' located by 'By.cssSelector: .bootbox-body' in '10' second(s)

2021-11-18 11:37:10 - [MESSAGE][INFO] - Smart Wait Function is triggered

2021-11-18 11:37:11 - [MESSAGE][INFO] - Found 1 web elements with id: 'Object Repository/Popup/Popup' located by 'By.cssSelector: .bootbox-body' in '10' second(s)

2021-11-18 11:37:11 - [MESSAGE][PASSED] - Object 'Object Repository/Popup/Popup' is visible

2021-11-18 11:37:11 - [TEST_STEP][PASSED] - if (!(getText(findTestObject("Popup/Popup")).contains(Mesaj))): Text of object 'Object Repository/Popup/Popup' is: 'Lütfen rapor bildiriminin gönderileceği e-posta adresini belirtiniz.
e-Posta Adresi'

2021-11-18 11:37:11 - [MESSAGE][INFO] - Finding Test Object 'Object Repository/Popup/Popup'

2021-11-18 11:37:11 - [MESSAGE][INFO] - Checking object

2021-11-18 11:37:11 - [MESSAGE][INFO] - Finding web element from Test Object's properties

2021-11-18 11:37:11 - [MESSAGE][INFO] - Checking timeout

2021-11-18 11:37:11 - [MESSAGE][INFO] - Finding web element with id: 'Object Repository/Popup/Popup' located by 'By.cssSelector: .bootbox-body' in '30' second(s)

2021-11-18 11:37:11 - [MESSAGE][INFO] - Smart Wait Function is triggered

2021-11-18 11:37:12 - [MESSAGE][INFO] - Found 1 web elements with id: 'Object Repository/Popup/Popup' located by 'By.cssSelector: .bootbox-body' in '30' second(s)

2021-11-18 11:37:12 - [MESSAGE][INFO] - Getting text of object 'Object Repository/Popup/Popup'

2021-11-18 11:37:12 - [MESSAGE][PASSED] - Text of object 'Object Repository/Popup/Popup' is: 'Lütfen rapor bildiriminin gönderileceği e-posta adresini belirtiniz.
e-Posta Adresi'

2021-11-18 11:37:12 - [TEST_STEP][PASSED] - RaporNo = getText(findTestObject("Popup/Popup")).substring(0, 6): Text of object 'Object Repository/Popup/Popup' is: 'Lütfen rapor bildiriminin gönderileceği e-posta adresini belirtiniz.
e-Posta Adresi'

2021-11-18 11:37:12 - [MESSAGE][INFO] - Finding Test Object 'Object Repository/Popup/Popup'

2021-11-18 11:37:12 - [MESSAGE][INFO] - Checking object

2021-11-18 11:37:12 - [MESSAGE][INFO] - Finding web element from Test Object's properties

2021-11-18 11:37:12 - [MESSAGE][INFO] - Checking timeout

2021-11-18 11:37:12 - [MESSAGE][INFO] - Finding web element with id: 'Object Repository/Popup/Popup' located by 'By.cssSelector: .bootbox-body' in '30' second(s)

2021-11-18 11:37:12 - [MESSAGE][INFO] - Smart Wait Function is triggered

2021-11-18 11:37:12 - [MESSAGE][INFO] - Found 1 web elements with id: 'Object Repository/Popup/Popup' located by 'By.cssSelector: .bootbox-body' in '30' second(s)

2021-11-18 11:37:12 - [MESSAGE][INFO] - Getting text of object 'Object Repository/Popup/Popup'

2021-11-18 11:37:12 - [MESSAGE][PASSED] - Text of object 'Object Repository/Popup/Popup' is: 'Lütfen rapor bildiriminin gönderileceği e-posta adresini belirtiniz.
e-Posta Adresi'

2021-11-18 11:37:12 - [TEST_STEP][PASSED] - Console.println(RaporNo): null

2021-11-18 11:37:12 - [MESSAGE][PASSED] - Call Test Case 'Test Cases/Popup/PopupMesajiIceriyorMu' successfully

2021-11-18 11:37:12 - [MESSAGE][INFO] - Checking called Test Case

2021-11-18 11:37:12 - [MESSAGE][INFO] - Starting to call Test Case 'Test Cases/Popup/PopupaEmailEklenir'

2021-11-18 11:37:12 - [TEST_CASE][PASSED] - Test Cases/Popup/PopupaEmailEklenir: Test Cases/Popup/PopupaEmailEklenir

2021-11-18 11:37:12 - [TEST_STEP][PASSED] - clearText(findTestObject("Popup/EmailText")): Text of object 'Object Repository/Popup/EmailText' is cleared

2021-11-18 11:37:12 - [MESSAGE][INFO] - Finding Test Object 'Object Repository/Popup/EmailText'

2021-11-18 11:37:12 - [MESSAGE][INFO] - Checking object

2021-11-18 11:37:12 - [MESSAGE][INFO] - Finding web element from Test Object's properties

2021-11-18 11:37:12 - [MESSAGE][INFO] - Checking timeout

2021-11-18 11:37:12 - [MESSAGE][INFO] - Finding web element with id: 'Object Repository/Popup/EmailText' located by 'By.xpath: //*[@id="eMails"]' in '30' second(s)

2021-11-18 11:37:12 - [MESSAGE][INFO] - Smart Wait Function is triggered

2021-11-18 11:37:13 - [MESSAGE][INFO] - Found 1 web elements with id: 'Object Repository/Popup/EmailText' located by 'By.xpath: //*[@id="eMails"]' in '30' second(s)

2021-11-18 11:37:13 - [MESSAGE][INFO] - Clearing text of object 'Object Repository/Popup/EmailText'

2021-11-18 11:37:13 - [MESSAGE][PASSED] - Text of object 'Object Repository/Popup/EmailText' is cleared

2021-11-18 11:37:13 - [TEST_STEP][PASSED] - sendKeys(findTestObject("Popup/EmailText"), Email): Keys 'elogotest@gmail.com;ali.kara@logo.com.tr' sent to object: 'Object Repository/Popup/EmailText'

2021-11-18 11:37:13 - [MESSAGE][INFO] - Finding Test Object 'Object Repository/Popup/EmailText'

2021-11-18 11:37:13 - [MESSAGE][INFO] - Sending keys 'elogotest@gmail.com;ali.kara@logo.com.tr' to object: 'Object Repository/Popup/EmailText'

2021-11-18 11:37:13 - [MESSAGE][INFO] - Finding web element from Test Object's properties

2021-11-18 11:37:13 - [MESSAGE][INFO] - Checking timeout

2021-11-18 11:37:13 - [MESSAGE][INFO] - Finding web element with id: 'Object Repository/Popup/EmailText' located by 'By.xpath: //*[@id="eMails"]' in '30' second(s)

2021-11-18 11:37:13 - [MESSAGE][INFO] - Smart Wait Function is triggered

2021-11-18 11:37:13 - [MESSAGE][INFO] - Found 1 web elements with id: 'Object Repository/Popup/EmailText' located by 'By.xpath: //*[@id="eMails"]' in '30' second(s)

2021-11-18 11:37:13 - [MESSAGE][PASSED] - Keys 'elogotest@gmail.com;ali.kara@logo.com.tr' sent to object: 'Object Repository/Popup/EmailText'

2021-11-18 11:37:13 - [MESSAGE][PASSED] - Call Test Case 'Test Cases/Popup/PopupaEmailEklenir' successfully

2021-11-18 11:37:13 - [MESSAGE][INFO] - Checking called Test Case

2021-11-18 11:37:13 - [MESSAGE][INFO] - Starting to call Test Case 'Test Cases/Popup/PopupButonSecilir'

2021-11-18 11:37:13 - [TEST_CASE][PASSED] - Test Cases/Popup/PopupButonSecilir: Test Cases/Popup/PopupButonSecilir

2021-11-18 11:37:13 - [TEST_STEP][PASSED] - Method.TextDegerineEsitElementeTikla(findTestObject("Popup/Popup_Butons"), Buton): Method.TextDegerineEsitElementeTikla is PASSED

2021-11-18 11:37:13 - [MESSAGE][INFO] - Finding Test Object 'Object Repository/Popup/Popup_Butons'

2021-11-18 11:37:14 - [MESSAGE][INFO] - Checking timeout

2021-11-18 11:37:14 - [MESSAGE][INFO] - Finding web element with id: 'Object Repository/Popup/Popup_Butons' located by 'By.cssSelector: .modal-footer>button' in '10' second(s)

2021-11-18 11:37:14 - [MESSAGE][INFO] - Smart Wait Function is triggered

2021-11-18 11:37:14 - [MESSAGE][INFO] - Found 2 web elements with id: 'Object Repository/Popup/Popup_Butons' located by 'By.cssSelector: .modal-footer>button' in '10' second(s)

2021-11-18 11:37:14 - [MESSAGE][PASSED] - Method.TextDegerineEsitElementeTikla is PASSED

2021-11-18 11:37:14 - [MESSAGE][PASSED] - Call Test Case 'Test Cases/Popup/PopupButonSecilir' successfully

2021-11-18 11:37:14 - [MESSAGE][INFO] - Checking called Test Case

2021-11-18 11:37:14 - [MESSAGE][INFO] - Starting to call Test Case 'Test Cases/Popup/PopupMesajiIceriyorMu'

2021-11-18 11:37:14 - [TEST_CASE][PASSED] - Test Cases/Popup/PopupMesajiIceriyorMu: Test Cases/Popup/PopupMesajiIceriyorMu

2021-11-18 11:37:14 - [TEST_STEP][PASSED] - waitForElementVisible(findTestObject("Popup/Popup"), 10): Object 'Object Repository/Popup/Popup' is visible

2021-11-18 11:37:14 - [MESSAGE][INFO] - Finding Test Object 'Object Repository/Popup/Popup'

2021-11-18 11:37:14 - [MESSAGE][INFO] - Checking object

2021-11-18 11:37:14 - [MESSAGE][INFO] - Checking timeout

2021-11-18 11:37:14 - [MESSAGE][INFO] - Finding web element from Test Object's properties

2021-11-18 11:37:14 - [MESSAGE][INFO] - Checking timeout

2021-11-18 11:37:14 - [MESSAGE][INFO] - Finding web element with id: 'Object Repository/Popup/Popup' located by 'By.cssSelector: .bootbox-body' in '10' second(s)

2021-11-18 11:37:14 - [MESSAGE][INFO] - Smart Wait Function is triggered

2021-11-18 11:37:15 - [MESSAGE][INFO] - Found 1 web elements with id: 'Object Repository/Popup/Popup' located by 'By.cssSelector: .bootbox-body' in '10' second(s)

2021-11-18 11:37:15 - [MESSAGE][PASSED] - Object 'Object Repository/Popup/Popup' is visible

2021-11-18 11:37:15 - [TEST_STEP][PASSED] - if (!(getText(findTestObject("Popup/Popup")).contains(Mesaj))): Text of object 'Object Repository/Popup/Popup' is: '17368 no’lu talebiniz işleme alınmıştır. Raporunuz hazırlandığında (elogotest@gmail.com;ali.kara@logo.com.tr) adresinize mail gönderilecektir.
Rapor durumunuzu Raporlar > Toplu Veri İndirme ekranından takip edebilir, hazırlandı durumundaki raporlarınızı ilgili menüden indirebilirsiniz.'

2021-11-18 11:37:15 - [MESSAGE][INFO] - Finding Test Object 'Object Repository/Popup/Popup'

2021-11-18 11:37:15 - [MESSAGE][INFO] - Checking object

2021-11-18 11:37:15 - [MESSAGE][INFO] - Finding web element from Test Object's properties

2021-11-18 11:37:15 - [MESSAGE][INFO] - Checking timeout

2021-11-18 11:37:15 - [MESSAGE][INFO] - Finding web element with id: 'Object Repository/Popup/Popup' located by 'By.cssSelector: .bootbox-body' in '30' second(s)

2021-11-18 11:37:15 - [MESSAGE][INFO] - Smart Wait Function is triggered

2021-11-18 11:37:15 - [MESSAGE][INFO] - Found 1 web elements with id: 'Object Repository/Popup/Popup' located by 'By.cssSelector: .bootbox-body' in '30' second(s)

2021-11-18 11:37:15 - [MESSAGE][INFO] - Getting text of object 'Object Repository/Popup/Popup'

2021-11-18 11:37:15 - [MESSAGE][PASSED] - Text of object 'Object Repository/Popup/Popup' is: '17368 no’lu talebiniz işleme alınmıştır. Raporunuz hazırlandığında (elogotest@gmail.com;ali.kara@logo.com.tr) adresinize mail gönderilecektir.
Rapor durumunuzu Raporlar > Toplu Veri İndirme ekranından takip edebilir, hazırlandı durumundaki raporlarınızı ilgili menüden indirebilirsiniz.'

2021-11-18 11:37:15 - [TEST_STEP][PASSED] - RaporNo = getText(findTestObject("Popup/Popup")).substring(0, 6): Text of object 'Object Repository/Popup/Popup' is: '17368 no’lu talebiniz işleme alınmıştır. Raporunuz hazırlandığında (elogotest@gmail.com;ali.kara@logo.com.tr) adresinize mail gönderilecektir.
Rapor durumunuzu Raporlar > Toplu Veri İndirme ekranından takip edebilir, hazırlandı durumundaki raporlarınızı ilgili menüden indirebilirsiniz.'

2021-11-18 11:37:15 - [MESSAGE][INFO] - Finding Test Object 'Object Repository/Popup/Popup'

2021-11-18 11:37:15 - [MESSAGE][INFO] - Checking object

2021-11-18 11:37:15 - [MESSAGE][INFO] - Finding web element from Test Object's properties

2021-11-18 11:37:15 - [MESSAGE][INFO] - Checking timeout

2021-11-18 11:37:15 - [MESSAGE][INFO] - Finding web element with id: 'Object Repository/Popup/Popup' located by 'By.cssSelector: .bootbox-body' in '30' second(s)

2021-11-18 11:37:15 - [MESSAGE][INFO] - Smart Wait Function is triggered

2021-11-18 11:37:16 - [MESSAGE][INFO] - Found 1 web elements with id: 'Object Repository/Popup/Popup' located by 'By.cssSelector: .bootbox-body' in '30' second(s)

2021-11-18 11:37:16 - [MESSAGE][INFO] - Getting text of object 'Object Repository/Popup/Popup'

2021-11-18 11:37:16 - [MESSAGE][PASSED] - Text of object 'Object Repository/Popup/Popup' is: '17368 no’lu talebiniz işleme alınmıştır. Raporunuz hazırlandığında (elogotest@gmail.com;ali.kara@logo.com.tr) adresinize mail gönderilecektir.
Rapor durumunuzu Raporlar > Toplu Veri İndirme ekranından takip edebilir, hazırlandı durumundaki raporlarınızı ilgili menüden indirebilirsiniz.'

2021-11-18 11:37:16 - [TEST_STEP][PASSED] - Console.println(RaporNo): null

2021-11-18 11:37:16 - [MESSAGE][PASSED] - Call Test Case 'Test Cases/Popup/PopupMesajiIceriyorMu' successfully

2021-11-18 11:37:16 - [MESSAGE][INFO] - Checking called Test Case

2021-11-18 11:37:16 - [MESSAGE][INFO] - Starting to call Test Case 'Test Cases/Popup/PopupButonSecilir'

2021-11-18 11:37:16 - [TEST_CASE][PASSED] - Test Cases/Popup/PopupButonSecilir: Test Cases/Popup/PopupButonSecilir

2021-11-18 11:37:16 - [TEST_STEP][PASSED] - Method.TextDegerineEsitElementeTikla(findTestObject("Popup/Popup_Butons"), Buton): Method.TextDegerineEsitElementeTikla is PASSED

2021-11-18 11:37:16 - [MESSAGE][INFO] - Finding Test Object 'Object Repository/Popup/Popup_Butons'

2021-11-18 11:37:16 - [MESSAGE][INFO] - Checking timeout

2021-11-18 11:37:16 - [MESSAGE][INFO] - Finding web element with id: 'Object Repository/Popup/Popup_Butons' located by 'By.cssSelector: .modal-footer>button' in '10' second(s)

2021-11-18 11:37:16 - [MESSAGE][INFO] - Smart Wait Function is triggered

2021-11-18 11:37:16 - [MESSAGE][INFO] - Found 1 web elements with id: 'Object Repository/Popup/Popup_Butons' located by 'By.cssSelector: .modal-footer>button' in '10' second(s)

2021-11-18 11:37:16 - [MESSAGE][PASSED] - Method.TextDegerineEsitElementeTikla is PASSED

2021-11-18 11:37:16 - [MESSAGE][PASSED] - Call Test Case 'Test Cases/Popup/PopupButonSecilir' successfully

2021-11-18 11:37:16 - [MESSAGE][INFO] - Checking called Test Case

2021-11-18 11:37:16 - [MESSAGE][INFO] - Starting to call Test Case 'Test Cases/Butonlar/ButonaTikla'

2021-11-18 11:37:16 - [TEST_CASE][PASSED] - Test Cases/Butonlar/ButonaTikla: Test Cases/Butonlar/ButonaTikla

2021-11-18 11:37:16 - [TEST_STEP][PASSED] - Method.TextDegerineEsitElementeTiklaEquals(findTestObject("Butonlar/Butonlar"), Buton_Adi): Method.TextDegerineEsitElementeTiklaEquals is PASSED

2021-11-18 11:37:16 - [MESSAGE][INFO] - Finding Test Object 'Object Repository/Butonlar/Butonlar'

2021-11-18 11:37:17 - [MESSAGE][INFO] - Checking timeout

2021-11-18 11:37:17 - [MESSAGE][INFO] - Finding web element with id: 'Object Repository/Butonlar/Butonlar' located by 'By.cssSelector: .panel.panel-default.text-center.footerPanel .btn,.btn.btn-primary.btnControls' in '10' second(s)

2021-11-18 11:37:17 - [MESSAGE][INFO] - Smart Wait Function is triggered

2021-11-18 11:37:17 - [MESSAGE][INFO] - Found 7 web elements with id: 'Object Repository/Butonlar/Butonlar' located by 'By.cssSelector: .panel.panel-default.text-center.footerPanel .btn,.btn.btn-primary.btnControls' in '10' second(s)

2021-11-18 11:37:17 - [MESSAGE][PASSED] - Method.TextDegerineEsitElementeTiklaEquals is PASSED

2021-11-18 11:37:17 - [MESSAGE][PASSED] - Call Test Case 'Test Cases/Butonlar/ButonaTikla' successfully

2021-11-18 11:37:17 - [MESSAGE][INFO] - Checking called Test Case

2021-11-18 11:37:17 - [MESSAGE][INFO] - Starting to call Test Case 'Test Cases/Butonlar/AltButonaTikla'

2021-11-18 11:37:17 - [TEST_CASE][PASSED] - Test Cases/Butonlar/AltButonaTikla: Test Cases/Butonlar/AltButonaTikla

2021-11-18 11:37:17 - [TEST_STEP][PASSED] - Method.TextDegerineEsitElementeTikla(findTestObject("Butonlar/AltButonlar"), Alt_Buton): Method.TextDegerineEsitElementeTikla is PASSED

2021-11-18 11:37:17 - [MESSAGE][INFO] - Finding Test Object 'Object Repository/Butonlar/AltButonlar'

2021-11-18 11:37:17 - [MESSAGE][INFO] - Checking timeout

2021-11-18 11:37:17 - [MESSAGE][INFO] - Finding web element with id: 'Object Repository/Butonlar/AltButonlar' located by 'By.cssSelector: .btn-group.open li>a' in '10' second(s)

2021-11-18 11:37:17 - [MESSAGE][INFO] - Smart Wait Function is triggered

2021-11-18 11:37:18 - [MESSAGE][INFO] - Found 2 web elements with id: 'Object Repository/Butonlar/AltButonlar' located by 'By.cssSelector: .btn-group.open li>a' in '10' second(s)

2021-11-18 11:37:18 - [MESSAGE][PASSED] - Method.TextDegerineEsitElementeTikla is PASSED

2021-11-18 11:37:18 - [MESSAGE][PASSED] - Call Test Case 'Test Cases/Butonlar/AltButonaTikla' successfully

2021-11-18 11:37:18 - [MESSAGE][INFO] - Checking called Test Case

2021-11-18 11:37:18 - [MESSAGE][INFO] - Starting to call Test Case 'Test Cases/Popup/PopupMesajiIceriyorMu'

2021-11-18 11:37:18 - [TEST_CASE][PASSED] - Test Cases/Popup/PopupMesajiIceriyorMu: Test Cases/Popup/PopupMesajiIceriyorMu

2021-11-18 11:37:18 - [TEST_STEP][PASSED] - waitForElementVisible(findTestObject("Popup/Popup"), 10): Object 'Object Repository/Popup/Popup' is visible

2021-11-18 11:37:18 - [MESSAGE][INFO] - Finding Test Object 'Object Repository/Popup/Popup'

2021-11-18 11:37:18 - [MESSAGE][INFO] - Checking object

2021-11-18 11:37:18 - [MESSAGE][INFO] - Checking timeout

2021-11-18 11:37:18 - [MESSAGE][INFO] - Finding web element from Test Object's properties

2021-11-18 11:37:18 - [MESSAGE][INFO] - Checking timeout

2021-11-18 11:37:18 - [MESSAGE][INFO] - Finding web element with id: 'Object Repository/Popup/Popup' located by 'By.cssSelector: .bootbox-body' in '10' second(s)

2021-11-18 11:37:18 - [MESSAGE][INFO] - Smart Wait Function is triggered

2021-11-18 11:37:18 - [MESSAGE][INFO] - Found 1 web elements with id: 'Object Repository/Popup/Popup' located by 'By.cssSelector: .bootbox-body' in '10' second(s)

2021-11-18 11:37:19 - [MESSAGE][PASSED] - Object 'Object Repository/Popup/Popup' is visible

2021-11-18 11:37:19 - [TEST_STEP][PASSED] - if (!(getText(findTestObject("Popup/Popup")).contains(Mesaj))): Text of object 'Object Repository/Popup/Popup' is: 'Lütfen rapor bildiriminin gönderileceği e-posta adresini belirtiniz.
e-Posta Adresi'

2021-11-18 11:37:19 - [MESSAGE][INFO] - Finding Test Object 'Object Repository/Popup/Popup'

2021-11-18 11:37:19 - [MESSAGE][INFO] - Checking object

2021-11-18 11:37:19 - [MESSAGE][INFO] - Finding web element from Test Object's properties

2021-11-18 11:37:19 - [MESSAGE][INFO] - Checking timeout

2021-11-18 11:37:19 - [MESSAGE][INFO] - Finding web element with id: 'Object Repository/Popup/Popup' located by 'By.cssSelector: .bootbox-body' in '30' second(s)

2021-11-18 11:37:19 - [MESSAGE][INFO] - Smart Wait Function is triggered

2021-11-18 11:37:19 - [MESSAGE][INFO] - Found 1 web elements with id: 'Object Repository/Popup/Popup' located by 'By.cssSelector: .bootbox-body' in '30' second(s)

2021-11-18 11:37:19 - [MESSAGE][INFO] - Getting text of object 'Object Repository/Popup/Popup'

2021-11-18 11:37:19 - [MESSAGE][PASSED] - Text of object 'Object Repository/Popup/Popup' is: 'Lütfen rapor bildiriminin gönderileceği e-posta adresini belirtiniz.
e-Posta Adresi'

2021-11-18 11:37:19 - [TEST_STEP][PASSED] - RaporNo = getText(findTestObject("Popup/Popup")).substring(0, 6): Text of object 'Object Repository/Popup/Popup' is: 'Lütfen rapor bildiriminin gönderileceği e-posta adresini belirtiniz.
e-Posta Adresi'

2021-11-18 11:37:19 - [MESSAGE][INFO] - Finding Test Object 'Object Repository/Popup/Popup'

2021-11-18 11:37:19 - [MESSAGE][INFO] - Checking object

2021-11-18 11:37:19 - [MESSAGE][INFO] - Finding web element from Test Object's properties

2021-11-18 11:37:19 - [MESSAGE][INFO] - Checking timeout

2021-11-18 11:37:19 - [MESSAGE][INFO] - Finding web element with id: 'Object Repository/Popup/Popup' located by 'By.cssSelector: .bootbox-body' in '30' second(s)

2021-11-18 11:37:19 - [MESSAGE][INFO] - Smart Wait Function is triggered

2021-11-18 11:37:19 - [MESSAGE][INFO] - Found 1 web elements with id: 'Object Repository/Popup/Popup' located by 'By.cssSelector: .bootbox-body' in '30' second(s)

2021-11-18 11:37:19 - [MESSAGE][INFO] - Getting text of object 'Object Repository/Popup/Popup'

2021-11-18 11:37:19 - [MESSAGE][PASSED] - Text of object 'Object Repository/Popup/Popup' is: 'Lütfen rapor bildiriminin gönderileceği e-posta adresini belirtiniz.
e-Posta Adresi'

2021-11-18 11:37:19 - [TEST_STEP][PASSED] - Console.println(RaporNo): null

2021-11-18 11:37:19 - [MESSAGE][PASSED] - Call Test Case 'Test Cases/Popup/PopupMesajiIceriyorMu' successfully

2021-11-18 11:37:19 - [MESSAGE][INFO] - Checking called Test Case

2021-11-18 11:37:19 - [MESSAGE][INFO] - Starting to call Test Case 'Test Cases/Popup/PopupaEmailEklenir'

2021-11-18 11:37:19 - [TEST_CASE][PASSED] - Test Cases/Popup/PopupaEmailEklenir: Test Cases/Popup/PopupaEmailEklenir

2021-11-18 11:37:19 - [TEST_STEP][PASSED] - clearText(findTestObject("Popup/EmailText")): Text of object 'Object Repository/Popup/EmailText' is cleared

2021-11-18 11:37:19 - [MESSAGE][INFO] - Finding Test Object 'Object Repository/Popup/EmailText'

2021-11-18 11:37:20 - [MESSAGE][INFO] - Checking object

2021-11-18 11:37:20 - [MESSAGE][INFO] - Finding web element from Test Object's properties

2021-11-18 11:37:20 - [MESSAGE][INFO] - Checking timeout

2021-11-18 11:37:20 - [MESSAGE][INFO] - Finding web element with id: 'Object Repository/Popup/EmailText' located by 'By.xpath: //*[@id="eMails"]' in '30' second(s)

2021-11-18 11:37:20 - [MESSAGE][INFO] - Smart Wait Function is triggered

2021-11-18 11:37:20 - [MESSAGE][INFO] - Found 1 web elements with id: 'Object Repository/Popup/EmailText' located by 'By.xpath: //*[@id="eMails"]' in '30' second(s)

2021-11-18 11:37:20 - [MESSAGE][INFO] - Clearing text of object 'Object Repository/Popup/EmailText'

2021-11-18 11:37:20 - [MESSAGE][PASSED] - Text of object 'Object Repository/Popup/EmailText' is cleared

2021-11-18 11:37:20 - [TEST_STEP][PASSED] - sendKeys(findTestObject("Popup/EmailText"), Email): Keys 'elogotest@gmail.com;ali.kara@logo.com.tr' sent to object: 'Object Repository/Popup/EmailText'

2021-11-18 11:37:20 - [MESSAGE][INFO] - Finding Test Object 'Object Repository/Popup/EmailText'

2021-11-18 11:37:20 - [MESSAGE][INFO] - Sending keys 'elogotest@gmail.com;ali.kara@logo.com.tr' to object: 'Object Repository/Popup/EmailText'

2021-11-18 11:37:20 - [MESSAGE][INFO] - Finding web element from Test Object's properties

2021-11-18 11:37:20 - [MESSAGE][INFO] - Checking timeout

2021-11-18 11:37:20 - [MESSAGE][INFO] - Finding web element with id: 'Object Repository/Popup/EmailText' located by 'By.xpath: //*[@id="eMails"]' in '30' second(s)

2021-11-18 11:37:20 - [MESSAGE][INFO] - Smart Wait Function is triggered

2021-11-18 11:37:20 - [MESSAGE][INFO] - Found 1 web elements with id: 'Object Repository/Popup/EmailText' located by 'By.xpath: //*[@id="eMails"]' in '30' second(s)

2021-11-18 11:37:21 - [MESSAGE][PASSED] - Keys 'elogotest@gmail.com;ali.kara@logo.com.tr' sent to object: 'Object Repository/Popup/EmailText'

2021-11-18 11:37:21 - [MESSAGE][PASSED] - Call Test Case 'Test Cases/Popup/PopupaEmailEklenir' successfully

2021-11-18 11:37:21 - [MESSAGE][INFO] - Checking called Test Case

2021-11-18 11:37:21 - [MESSAGE][INFO] - Starting to call Test Case 'Test Cases/Popup/PopupButonSecilir'

2021-11-18 11:37:21 - [TEST_CASE][PASSED] - Test Cases/Popup/PopupButonSecilir: Test Cases/Popup/PopupButonSecilir

2021-11-18 11:37:21 - [TEST_STEP][PASSED] - Method.TextDegerineEsitElementeTikla(findTestObject("Popup/Popup_Butons"), Buton): Method.TextDegerineEsitElementeTikla is PASSED

2021-11-18 11:37:21 - [MESSAGE][INFO] - Finding Test Object 'Object Repository/Popup/Popup_Butons'

2021-11-18 11:37:21 - [MESSAGE][INFO] - Checking timeout

2021-11-18 11:37:21 - [MESSAGE][INFO] - Finding web element with id: 'Object Repository/Popup/Popup_Butons' located by 'By.cssSelector: .modal-footer>button' in '10' second(s)

2021-11-18 11:37:21 - [MESSAGE][INFO] - Smart Wait Function is triggered

2021-11-18 11:37:21 - [MESSAGE][INFO] - Found 2 web elements with id: 'Object Repository/Popup/Popup_Butons' located by 'By.cssSelector: .modal-footer>button' in '10' second(s)

2021-11-18 11:37:21 - [MESSAGE][PASSED] - Method.TextDegerineEsitElementeTikla is PASSED

2021-11-18 11:37:21 - [MESSAGE][PASSED] - Call Test Case 'Test Cases/Popup/PopupButonSecilir' successfully

2021-11-18 11:37:21 - [MESSAGE][INFO] - Checking called Test Case

2021-11-18 11:37:21 - [MESSAGE][INFO] - Starting to call Test Case 'Test Cases/Popup/PopupMesajiIceriyorMu'

2021-11-18 11:37:21 - [TEST_CASE][PASSED] - Test Cases/Popup/PopupMesajiIceriyorMu: Test Cases/Popup/PopupMesajiIceriyorMu

2021-11-18 11:37:21 - [TEST_STEP][PASSED] - waitForElementVisible(findTestObject("Popup/Popup"), 10): Object 'Object Repository/Popup/Popup' is visible

2021-11-18 11:37:21 - [MESSAGE][INFO] - Finding Test Object 'Object Repository/Popup/Popup'

2021-11-18 11:37:21 - [MESSAGE][INFO] - Checking object

2021-11-18 11:37:21 - [MESSAGE][INFO] - Checking timeout

2021-11-18 11:37:21 - [MESSAGE][INFO] - Finding web element from Test Object's properties

2021-11-18 11:37:21 - [MESSAGE][INFO] - Checking timeout

2021-11-18 11:37:21 - [MESSAGE][INFO] - Finding web element with id: 'Object Repository/Popup/Popup' located by 'By.cssSelector: .bootbox-body' in '10' second(s)

2021-11-18 11:37:21 - [MESSAGE][INFO] - Smart Wait Function is triggered

2021-11-18 11:37:22 - [MESSAGE][INFO] - Found 1 web elements with id: 'Object Repository/Popup/Popup' located by 'By.cssSelector: .bootbox-body' in '10' second(s)

2021-11-18 11:37:22 - [MESSAGE][PASSED] - Object 'Object Repository/Popup/Popup' is visible

2021-11-18 11:37:22 - [TEST_STEP][PASSED] - if (!(getText(findTestObject("Popup/Popup")).contains(Mesaj))): Text of object 'Object Repository/Popup/Popup' is: '17369 no’lu talebiniz işleme alınmıştır. Raporunuz hazırlandığında (elogotest@gmail.com;ali.kara@logo.com.tr) adresinize mail gönderilecektir.
Rapor durumunuzu Raporlar > Toplu Veri İndirme ekranından takip edebilir, hazırlandı durumundaki raporlarınızı ilgili menüden indirebilirsiniz.'

2021-11-18 11:37:22 - [MESSAGE][INFO] - Finding Test Object 'Object Repository/Popup/Popup'

2021-11-18 11:37:22 - [MESSAGE][INFO] - Checking object

2021-11-18 11:37:22 - [MESSAGE][INFO] - Finding web element from Test Object's properties

2021-11-18 11:37:22 - [MESSAGE][INFO] - Checking timeout

2021-11-18 11:37:22 - [MESSAGE][INFO] - Finding web element with id: 'Object Repository/Popup/Popup' located by 'By.cssSelector: .bootbox-body' in '30' second(s)

2021-11-18 11:37:22 - [MESSAGE][INFO] - Smart Wait Function is triggered

2021-11-18 11:37:23 - [MESSAGE][INFO] - Found 1 web elements with id: 'Object Repository/Popup/Popup' located by 'By.cssSelector: .bootbox-body' in '30' second(s)

2021-11-18 11:37:23 - [MESSAGE][INFO] - Getting text of object 'Object Repository/Popup/Popup'

2021-11-18 11:37:23 - [MESSAGE][PASSED] - Text of object 'Object Repository/Popup/Popup' is: '17369 no’lu talebiniz işleme alınmıştır. Raporunuz hazırlandığında (elogotest@gmail.com;ali.kara@logo.com.tr) adresinize mail gönderilecektir.
Rapor durumunuzu Raporlar > Toplu Veri İndirme ekranından takip edebilir, hazırlandı durumundaki raporlarınızı ilgili menüden indirebilirsiniz.'

2021-11-18 11:37:23 - [TEST_STEP][PASSED] - RaporNo = getText(findTestObject("Popup/Popup")).substring(0, 6): Text of object 'Object Repository/Popup/Popup' is: '17369 no’lu talebiniz işleme alınmıştır. Raporunuz hazırlandığında (elogotest@gmail.com;ali.kara@logo.com.tr) adresinize mail gönderilecektir.
Rapor durumunuzu Raporlar > Toplu Veri İndirme ekranından takip edebilir, hazırlandı durumundaki raporlarınızı ilgili menüden indirebilirsiniz.'

2021-11-18 11:37:23 - [MESSAGE][INFO] - Finding Test Object 'Object Repository/Popup/Popup'

2021-11-18 11:37:23 - [MESSAGE][INFO] - Checking object

2021-11-18 11:37:23 - [MESSAGE][INFO] - Finding web element from Test Object's properties

2021-11-18 11:37:23 - [MESSAGE][INFO] - Checking timeout

2021-11-18 11:37:23 - [MESSAGE][INFO] - Finding web element with id: 'Object Repository/Popup/Popup' located by 'By.cssSelector: .bootbox-body' in '30' second(s)

2021-11-18 11:37:23 - [MESSAGE][INFO] - Smart Wait Function is triggered

2021-11-18 11:37:23 - [MESSAGE][INFO] - Found 1 web elements with id: 'Object Repository/Popup/Popup' located by 'By.cssSelector: .bootbox-body' in '30' second(s)

2021-11-18 11:37:23 - [MESSAGE][INFO] - Getting text of object 'Object Repository/Popup/Popup'

2021-11-18 11:37:23 - [MESSAGE][PASSED] - Text of object 'Object Repository/Popup/Popup' is: '17369 no’lu talebiniz işleme alınmıştır. Raporunuz hazırlandığında (elogotest@gmail.com;ali.kara@logo.com.tr) adresinize mail gönderilecektir.
Rapor durumunuzu Raporlar > Toplu Veri İndirme ekranından takip edebilir, hazırlandı durumundaki raporlarınızı ilgili menüden indirebilirsiniz.'

2021-11-18 11:37:23 - [TEST_STEP][PASSED] - Console.println(RaporNo): null

2021-11-18 11:37:23 - [MESSAGE][PASSED] - Call Test Case 'Test Cases/Popup/PopupMesajiIceriyorMu' successfully

2021-11-18 11:37:23 - [MESSAGE][INFO] - Checking called Test Case

2021-11-18 11:37:23 - [MESSAGE][INFO] - Starting to call Test Case 'Test Cases/Popup/PopupButonSecilir'

2021-11-18 11:37:23 - [TEST_CASE][PASSED] - Test Cases/Popup/PopupButonSecilir: Test Cases/Popup/PopupButonSecilir

2021-11-18 11:37:23 - [TEST_STEP][PASSED] - Method.TextDegerineEsitElementeTikla(findTestObject("Popup/Popup_Butons"), Buton): Method.TextDegerineEsitElementeTikla is PASSED

2021-11-18 11:37:23 - [MESSAGE][INFO] - Finding Test Object 'Object Repository/Popup/Popup_Butons'

2021-11-18 11:37:23 - [MESSAGE][INFO] - Checking timeout

2021-11-18 11:37:23 - [MESSAGE][INFO] - Finding web element with id: 'Object Repository/Popup/Popup_Butons' located by 'By.cssSelector: .modal-footer>button' in '10' second(s)

2021-11-18 11:37:23 - [MESSAGE][INFO] - Smart Wait Function is triggered

2021-11-18 11:37:24 - [MESSAGE][INFO] - Found 1 web elements with id: 'Object Repository/Popup/Popup_Butons' located by 'By.cssSelector: .modal-footer>button' in '10' second(s)

2021-11-18 11:37:24 - [MESSAGE][PASSED] - Method.TextDegerineEsitElementeTikla is PASSED

2021-11-18 11:37:24 - [MESSAGE][PASSED] - Call Test Case 'Test Cases/Popup/PopupButonSecilir' successfully

2021-11-18 11:37:24 - [MESSAGE][INFO] - Checking called Test Case

2021-11-18 11:37:24 - [MESSAGE][INFO] - Starting to call Test Case 'Test Cases/Menu/AnaMenuSecimi'

2021-11-18 11:37:24 - [TEST_CASE][PASSED] - Test Cases/Menu/AnaMenuSecimi: Test Cases/Menu/AnaMenuSecimi

2021-11-18 11:37:24 - [TEST_STEP][PASSED] - Method.TextDegerineEsitElementeTikla(findTestObject("Menu/Ana_Menu"), Ana_Menu): Method.TextDegerineEsitElementeTikla is PASSED

2021-11-18 11:37:24 - [MESSAGE][INFO] - Finding Test Object 'Object Repository/Menu/Ana_Menu'

2021-11-18 11:37:24 - [MESSAGE][INFO] - Checking timeout

2021-11-18 11:37:24 - [MESSAGE][INFO] - Finding web element with id: 'Object Repository/Menu/Ana_Menu' located by 'By.xpath: //*[@class = 'dropdown-toggle']' in '10' second(s)

2021-11-18 11:37:24 - [MESSAGE][INFO] - Smart Wait Function is triggered

2021-11-18 11:37:25 - [MESSAGE][INFO] - Found 14 web elements with id: 'Object Repository/Menu/Ana_Menu' located by 'By.xpath: //*[@class = 'dropdown-toggle']' in '10' second(s)

2021-11-18 11:37:25 - [MESSAGE][PASSED] - Method.TextDegerineEsitElementeTikla is PASSED

2021-11-18 11:37:25 - [MESSAGE][PASSED] - Call Test Case 'Test Cases/Menu/AnaMenuSecimi' successfully

2021-11-18 11:37:25 - [MESSAGE][INFO] - Checking called Test Case

2021-11-18 11:37:25 - [MESSAGE][INFO] - Starting to call Test Case 'Test Cases/Menu/AltMenuSecimi'

2021-11-18 11:37:25 - [TEST_CASE][PASSED] - Test Cases/Menu/AltMenuSecimi: Test Cases/Menu/AltMenuSecimi

2021-11-18 11:37:25 - [TEST_STEP][PASSED] - Method.TextDegerineEsitElementeTikla(findTestObject("Menu/Alt_Menu"), Alt_Menu): Method.TextDegerineEsitElementeTikla is PASSED

2021-11-18 11:37:25 - [MESSAGE][INFO] - Finding Test Object 'Object Repository/Menu/Alt_Menu'

2021-11-18 11:37:25 - [MESSAGE][INFO] - Checking timeout

2021-11-18 11:37:25 - [MESSAGE][INFO] - Finding web element with id: 'Object Repository/Menu/Alt_Menu' located by 'By.xpath: //li[@class='dropdown dropdown-large open']//li[@class='dropdown-element']' in '10' second(s)

2021-11-18 11:37:25 - [MESSAGE][INFO] - Smart Wait Function is triggered

2021-11-18 11:37:25 - [MESSAGE][INFO] - Found 9 web elements with id: 'Object Repository/Menu/Alt_Menu' located by 'By.xpath: //li[@class='dropdown dropdown-large open']//li[@class='dropdown-element']' in '10' second(s)

2021-11-18 11:37:27 - [MESSAGE][PASSED] - Method.TextDegerineEsitElementeTikla is PASSED

2021-11-18 11:37:27 - [MESSAGE][PASSED] - Call Test Case 'Test Cases/Menu/AltMenuSecimi' successfully

2021-11-18 11:37:27 - [MESSAGE][INFO] - Checking called Test Case

2021-11-18 11:37:27 - [MESSAGE][INFO] - Starting to call Test Case 'Test Cases/Filtreler/RaporNoYaz'

2021-11-18 11:37:27 - [TEST_CASE][PASSED] - Test Cases/Filtreler/RaporNoYaz: Test Cases/Filtreler/RaporNoYaz

2021-11-18 11:37:27 - [TEST_STEP][PASSED] - Method.TextDegerineEsitElementinAltindakiTextboxtaYaz(findTestObject("Filtreler/Basliklar"), findTestObject("Filtreler/Basliga_Gore_Textbox"), "Talep No", RaporNo): Method.TextDegerineEsitElementinAltindakiTextboxtaYaz is PASSED

2021-11-18 11:37:27 - [MESSAGE][INFO] - Finding Test Object 'Object Repository/Filtreler/Basliklar'

2021-11-18 11:37:27 - [MESSAGE][INFO] - Finding Test Object 'Object Repository/Filtreler/Basliga_Gore_Textbox'

2021-11-18 11:37:27 - [MESSAGE][INFO] - Checking timeout

2021-11-18 11:37:27 - [MESSAGE][INFO] - Finding web element with id: 'Object Repository/Filtreler/Basliklar' located by 'By.cssSelector: .control-label.col-sm-4.paddingMarginRLC' in '10' second(s)

2021-11-18 11:37:27 - [MESSAGE][INFO] - Smart Wait Function is triggered

2021-11-18 11:37:27 - [MESSAGE][INFO] - Found 8 web elements with id: 'Object Repository/Filtreler/Basliklar' located by 'By.cssSelector: .control-label.col-sm-4.paddingMarginRLC' in '10' second(s)

2021-11-18 11:37:27 - [MESSAGE][INFO] - Smart Wait Function is triggered

2021-11-18 11:37:28 - [MESSAGE][PASSED] - Method.TextDegerineEsitElementinAltindakiTextboxtaYaz is PASSED

2021-11-18 11:37:28 - [MESSAGE][PASSED] - Call Test Case 'Test Cases/Filtreler/RaporNoYaz' successfully

2021-11-18 11:37:28 - [MESSAGE][INFO] - Checking called Test Case

2021-11-18 11:37:28 - [MESSAGE][INFO] - Starting to call Test Case 'Test Cases/Filtreler/ButonaTikla'

2021-11-18 11:37:28 - [TEST_CASE][PASSED] - Test Cases/Filtreler/ButonaTikla: Test Cases/Filtreler/ButonaTikla

2021-11-18 11:37:28 - [TEST_STEP][PASSED] - Method.TextDegerineEsitElementeTikla(findTestObject("Filtreler/Butonlar"), Filtre_Buton): Method.TextDegerineEsitElementeTikla is PASSED

2021-11-18 11:37:28 - [MESSAGE][INFO] - Finding Test Object 'Object Repository/Filtreler/Butonlar'

2021-11-18 11:37:28 - [MESSAGE][INFO] - Checking timeout

2021-11-18 11:37:28 - [MESSAGE][INFO] - Finding web element with id: 'Object Repository/Filtreler/Butonlar' located by 'By.cssSelector: .dxb>span' in '10' second(s)

2021-11-18 11:37:28 - [MESSAGE][INFO] - Smart Wait Function is triggered

2021-11-18 11:37:28 - [MESSAGE][INFO] - Found 2 web elements with id: 'Object Repository/Filtreler/Butonlar' located by 'By.cssSelector: .dxb>span' in '10' second(s)

2021-11-18 11:37:28 - [MESSAGE][PASSED] - Method.TextDegerineEsitElementeTikla is PASSED

2021-11-18 11:37:28 - [MESSAGE][PASSED] - Call Test Case 'Test Cases/Filtreler/ButonaTikla' successfully

2021-11-18 11:37:28 - [MESSAGE][INFO] - Checking called Test Case

2021-11-18 11:37:28 - [MESSAGE][INFO] - Starting to call Test Case 'Test Cases/Tablo/TablodaVeriVarMi'

2021-11-18 11:37:28 - [TEST_CASE][PASSED] - Test Cases/Tablo/TablodaVeriVarMi: Test Cases/Tablo/TablodaVeriVarMi

2021-11-18 11:37:28 - [TEST_STEP][PASSED] - verifyTextNotPresent("Görüntülenecek veri yok", true): Text 'Görüntülenecek veri yok' is not present on page using regular expression

2021-11-18 11:37:28 - [MESSAGE][INFO] - Checking text present  using regular expression

2021-11-18 11:37:28 - [MESSAGE][INFO] - Smart Wait Function is triggered

2021-11-18 11:37:29 - [MESSAGE][INFO] - Finding text 'Görüntülenecek veri yok' on page  using regular expression

2021-11-18 11:37:29 - [MESSAGE][PASSED] - Text 'Görüntülenecek veri yok' is not present on page using regular expression

2021-11-18 11:37:29 - [MESSAGE][PASSED] - Call Test Case 'Test Cases/Tablo/TablodaVeriVarMi' successfully

2021-11-18 11:37:29 - [MESSAGE][INFO] - Checking called Test Case

2021-11-18 11:37:29 - [MESSAGE][INFO] - Starting to call Test Case 'Test Cases/Kullanici_Islemleri/KullaniciIslemlerindenSecimYapilir'

2021-11-18 11:37:29 - [TEST_CASE][PASSED] - Test Cases/Kullanici_Islemleri/KullaniciIslemlerindenSecimYapilir: Test Cases/Kullanici_Islemleri/KullaniciIslemlerindenSecimYapilir

2021-11-18 11:37:29 - [TEST_STEP][PASSED] - waitForElementClickable(findTestObject("Object Repository/Kullanici_Islemleri/KullaniciIslemleri"), 10): Object 'Object Repository/Kullanici_Islemleri/KullaniciIslemleri' is clickable

2021-11-18 11:37:29 - [MESSAGE][INFO] - Finding Test Object 'Object Repository/Kullanici_Islemleri/KullaniciIslemleri'

2021-11-18 11:37:29 - [MESSAGE][INFO] - Checking object

2021-11-18 11:37:29 - [MESSAGE][INFO] - Checking timeout

2021-11-18 11:37:29 - [MESSAGE][INFO] - Finding web element from Test Object's properties

2021-11-18 11:37:29 - [MESSAGE][INFO] - Checking timeout

2021-11-18 11:37:29 - [MESSAGE][INFO] - Finding web element with id: 'Object Repository/Kullanici_Islemleri/KullaniciIslemleri' located by 'By.cssSelector: .dropdown>a>img' in '10' second(s)

2021-11-18 11:37:29 - [MESSAGE][INFO] - Smart Wait Function is triggered

2021-11-18 11:37:29 - [MESSAGE][INFO] - Found 1 web elements with id: 'Object Repository/Kullanici_Islemleri/KullaniciIslemleri' located by 'By.cssSelector: .dropdown>a>img' in '10' second(s)

2021-11-18 11:37:29 - [MESSAGE][PASSED] - Object 'Object Repository/Kullanici_Islemleri/KullaniciIslemleri' is clickable

2021-11-18 11:37:29 - [TEST_STEP][PASSED] - click(findTestObject("Object Repository/Kullanici_Islemleri/KullaniciIslemleri")): Object: 'Object Repository/Kullanici_Islemleri/KullaniciIslemleri' is clicked on

2021-11-18 11:37:29 - [MESSAGE][INFO] - Finding Test Object 'Object Repository/Kullanici_Islemleri/KullaniciIslemleri'

2021-11-18 11:37:29 - [MESSAGE][INFO] - Checking object

2021-11-18 11:37:29 - [MESSAGE][INFO] - Finding web element from Test Object's properties

2021-11-18 11:37:29 - [MESSAGE][INFO] - Checking timeout

2021-11-18 11:37:29 - [MESSAGE][INFO] - Finding web element with id: 'Object Repository/Kullanici_Islemleri/KullaniciIslemleri' located by 'By.cssSelector: .dropdown>a>img' in '30' second(s)

2021-11-18 11:37:29 - [MESSAGE][INFO] - Smart Wait Function is triggered

2021-11-18 11:37:30 - [MESSAGE][INFO] - Found 1 web elements with id: 'Object Repository/Kullanici_Islemleri/KullaniciIslemleri' located by 'By.cssSelector: .dropdown>a>img' in '30' second(s)

2021-11-18 11:37:30 - [MESSAGE][INFO] - Clicking on object: 'Object Repository/Kullanici_Islemleri/KullaniciIslemleri'

2021-11-18 11:37:30 - [MESSAGE][PASSED] - Object: 'Object Repository/Kullanici_Islemleri/KullaniciIslemleri' is clicked on

2021-11-18 11:37:30 - [TEST_STEP][PASSED] - Method.TextDegerineEsitElementeTikla(findTestObject("Object Repository/Kullanici_Islemleri/Secenekler"), Islem): Method.TextDegerineEsitElementeTikla is PASSED

2021-11-18 11:37:30 - [MESSAGE][INFO] - Finding Test Object 'Object Repository/Kullanici_Islemleri/Secenekler'

2021-11-18 11:37:30 - [MESSAGE][INFO] - Checking timeout

2021-11-18 11:37:30 - [MESSAGE][INFO] - Finding web element with id: 'Object Repository/Kullanici_Islemleri/Secenekler' located by 'By.cssSelector: .nav.navbar-nav.navbar-right li a' in '10' second(s)

2021-11-18 11:37:30 - [MESSAGE][INFO] - Smart Wait Function is triggered

2021-11-18 11:37:30 - [MESSAGE][INFO] - Found 22 web elements with id: 'Object Repository/Kullanici_Islemleri/Secenekler' located by 'By.cssSelector: .nav.navbar-nav.navbar-right li a' in '10' second(s)

2021-11-18 11:37:32 - [MESSAGE][PASSED] - Method.TextDegerineEsitElementeTikla is PASSED

2021-11-18 11:37:32 - [TEST_STEP][PASSED] - verifyElementNotPresent(findTestObject("Object Repository/Kullanici_Islemleri/Secenekler"), 10): Web element with id: 'Object Repository/Kullanici_Islemleri/Secenekler' located by 'By.cssSelector: .nav.navbar-nav.navbar-right li a' is not present after '10' second(s)

2021-11-18 11:37:32 - [MESSAGE][INFO] - Finding Test Object 'Object Repository/Kullanici_Islemleri/Secenekler'

2021-11-18 11:37:32 - [MESSAGE][INFO] - Checking object

2021-11-18 11:37:32 - [MESSAGE][INFO] - Checking timeout

2021-11-18 11:37:32 - [MESSAGE][INFO] - Finding web element with id: 'Object Repository/Kullanici_Islemleri/Secenekler' located by 'By.cssSelector: .nav.navbar-nav.navbar-right li a' in '10' second(s)

2021-11-18 11:37:32 - [MESSAGE][INFO] - Smart Wait Function is triggered

2021-11-18 11:37:32 - [MESSAGE][PASSED] - Web element with id: 'Object Repository/Kullanici_Islemleri/Secenekler' located by 'By.cssSelector: .nav.navbar-nav.navbar-right li a' is not present after '10' second(s)

2021-11-18 11:37:32 - [MESSAGE][PASSED] - Call Test Case 'Test Cases/Kullanici_Islemleri/KullaniciIslemlerindenSecimYapilir' successfully

2021-11-18 11:37:32 - [TEST_CASE][PASSED] - Start Test Case : SCENARIO e-Fatura Giden Kutusu Uygulama Yanıtları Toplu Indirme - UBL Secilenlerin indirilmesi: SCENARIO e-Fatura Giden Kutusu Uygulama Yanıtları Toplu Indirme - UBL Secilenlerin indirilmesi

2021-11-18 11:37:32 - [TEST_STEP][PASSED] - Kullanıcı adı ELOGO6 ve Şifre 123456 olarak giriş yapılır: Kullanıcı adı ELOGO6 ve Şifre 123456 olarak giriş yapılır

2021-11-18 11:37:32 - [MESSAGE][PASSED] - Kullanıcı adı ELOGO6 ve Şifre 123456 olarak giriş yapılır

2021-11-18 11:37:32 - [TEST_STEP][PASSED] - Ana menüden e-Fatura seçilir: Ana menüden e-Fatura seçilir

2021-11-18 11:37:32 - [MESSAGE][PASSED] - Ana menüden e-Fatura seçilir

2021-11-18 11:37:32 - [TEST_STEP][PASSED] - Alt menü Giden Kutusu başlığı altındaki Uygulama Yanıtları seçilir: Alt menü Giden Kutusu başlığı altındaki Uygulama Yanıtları seçilir

2021-11-18 11:37:32 - [MESSAGE][PASSED] - Alt menü Giden Kutusu başlığı altındaki Uygulama Yanıtları seçilir

2021-11-18 11:37:32 - [TEST_STEP][PASSED] - Filtrelerden Oluşturma Tarihi filtresine 01.12.2020 baslangic degerini yaz: Filtrelerden Oluşturma Tarihi filtresine 01.12.2020 baslangic degerini yaz

2021-11-18 11:37:32 - [MESSAGE][PASSED] - Filtrelerden Oluşturma Tarihi filtresine 01.12.2020 baslangic degerini yaz

2021-11-18 11:37:32 - [TEST_STEP][PASSED] - Filtrelerden Oluşturma Tarihi filtresine 31.12.2020 bitis degerini yaz: Filtrelerden Oluşturma Tarihi filtresine 31.12.2020 bitis degerini yaz

2021-11-18 11:37:32 - [MESSAGE][PASSED] - Filtrelerden Oluşturma Tarihi filtresine 31.12.2020 bitis degerini yaz

2021-11-18 11:37:32 - [TEST_STEP][PASSED] - Filtrelerden Alıcı VKN filtresine 1234567806 textini yaz: Filtrelerden Alıcı VKN filtresine 1234567806 textini yaz

2021-11-18 11:37:32 - [MESSAGE][PASSED] - Filtrelerden Alıcı VKN filtresine 1234567806 textini yaz

2021-11-18 11:37:32 - [TEST_STEP][PASSED] - Filtre butonlarından Listele seçilir: Filtre butonlarından Listele seçilir

2021-11-18 11:37:32 - [MESSAGE][PASSED] - Filtre butonlarından Listele seçilir

2021-11-18 11:37:32 - [TEST_STEP][PASSED] - Tabloda veri var mı kontrol edilir: Tabloda veri var mı kontrol edilir

2021-11-18 11:37:32 - [MESSAGE][PASSED] - Tabloda veri var mı kontrol edilir

2021-11-18 11:37:32 - [TEST_STEP][PASSED] - Tablodan 1234567806 isimli veri seçilir: Tablodan 1234567806 isimli veri seçilir

2021-11-18 11:37:32 - [MESSAGE][PASSED] - Tablodan 1234567806 isimli veri seçilir

2021-11-18 11:37:32 - [TEST_STEP][PASSED] - Butonlardan Toplu İndirme isimli butona tıklanır: Butonlardan Toplu İndirme isimli butona tıklanır

2021-11-18 11:37:32 - [MESSAGE][PASSED] - Butonlardan Toplu İndirme isimli butona tıklanır

2021-11-18 11:37:32 - [TEST_STEP][PASSED] - Alt butonlardan UBL Seçilenleri İndir butonuna tıklanır: Alt butonlardan UBL Seçilenleri İndir butonuna tıklanır

2021-11-18 11:37:32 - [MESSAGE][PASSED] - Alt butonlardan UBL Seçilenleri İndir butonuna tıklanır

2021-11-18 11:37:32 - [TEST_STEP][PASSED] - Popup mesajı Lütfen rapor bildiriminin gönderileceği e-posta adresini belirtiniz. içeriyor mu: Popup mesajı Lütfen rapor bildiriminin gönderileceği e-posta adresini belirtiniz. içeriyor mu

2021-11-18 11:37:32 - [MESSAGE][PASSED] - Popup mesajı Lütfen rapor bildiriminin gönderileceği e-posta adresini belirtiniz. içeriyor mu

2021-11-18 11:37:32 - [TEST_STEP][PASSED] - Popup email elogotest@gmail.com;ali.kara@logo.com.tr olarak girilir: Popup email elogotest@gmail.com;ali.kara@logo.com.tr olarak girilir

2021-11-18 11:37:32 - [MESSAGE][PASSED] - Popup email elogotest@gmail.com;ali.kara@logo.com.tr olarak girilir

2021-11-18 11:37:32 - [TEST_STEP][PASSED] - Yönetim popupında Gönder seçilir: Yönetim popupında Gönder seçilir

2021-11-18 11:37:32 - [MESSAGE][PASSED] - Yönetim popupında Gönder seçilir

2021-11-18 11:37:32 - [TEST_STEP][PASSED] - Popup mesajı talebiniz işleme alınmıştır içeriyor mu: Popup mesajı talebiniz işleme alınmıştır içeriyor mu

2021-11-18 11:37:32 - [MESSAGE][PASSED] - Popup mesajı talebiniz işleme alınmıştır içeriyor mu

2021-11-18 11:37:32 - [TEST_STEP][PASSED] - Yönetim popupında Tamam seçilir: Yönetim popupında Tamam seçilir

2021-11-18 11:37:32 - [MESSAGE][PASSED] - Yönetim popupında Tamam seçilir

2021-11-18 11:37:32 - [TEST_STEP][PASSED] - Butonlardan Toplu İndirme isimli butona tıklanır: Butonlardan Toplu İndirme isimli butona tıklanır

2021-11-18 11:37:32 - [MESSAGE][PASSED] - Butonlardan Toplu İndirme isimli butona tıklanır

2021-11-18 11:37:32 - [TEST_STEP][PASSED] - Alt butonlardan UBL Tümünü İndir butonuna tıklanır: Alt butonlardan UBL Tümünü İndir butonuna tıklanır

2021-11-18 11:37:32 - [MESSAGE][PASSED] - Alt butonlardan UBL Tümünü İndir butonuna tıklanır

2021-11-18 11:37:32 - [TEST_STEP][PASSED] - Popup mesajı Lütfen rapor bildiriminin gönderileceği e-posta adresini belirtiniz. içeriyor mu: Popup mesajı Lütfen rapor bildiriminin gönderileceği e-posta adresini belirtiniz. içeriyor mu

2021-11-18 11:37:32 - [MESSAGE][PASSED] - Popup mesajı Lütfen rapor bildiriminin gönderileceği e-posta adresini belirtiniz. içeriyor mu

2021-11-18 11:37:32 - [TEST_STEP][PASSED] - Popup email elogotest@gmail.com;ali.kara@logo.com.tr olarak girilir: Popup email elogotest@gmail.com;ali.kara@logo.com.tr olarak girilir

2021-11-18 11:37:32 - [MESSAGE][PASSED] - Popup email elogotest@gmail.com;ali.kara@logo.com.tr olarak girilir

2021-11-18 11:37:32 - [TEST_STEP][PASSED] - Yönetim popupında Gönder seçilir: Yönetim popupında Gönder seçilir

2021-11-18 11:37:32 - [MESSAGE][PASSED] - Yönetim popupında Gönder seçilir

2021-11-18 11:37:32 - [TEST_STEP][PASSED] - Popup mesajı talebiniz işleme alınmıştır içeriyor mu: Popup mesajı talebiniz işleme alınmıştır içeriyor mu

2021-11-18 11:37:32 - [MESSAGE][PASSED] - Popup mesajı talebiniz işleme alınmıştır içeriyor mu

2021-11-18 11:37:32 - [TEST_STEP][PASSED] - Yönetim popupında Tamam seçilir: Yönetim popupında Tamam seçilir

2021-11-18 11:37:32 - [MESSAGE][PASSED] - Yönetim popupında Tamam seçilir

2021-11-18 11:37:32 - [TEST_STEP][PASSED] - Ana menüden Raporlar seçilir: Ana menüden Raporlar seçilir

2021-11-18 11:37:32 - [MESSAGE][PASSED] - Ana menüden Raporlar seçilir

2021-11-18 11:37:32 - [TEST_STEP][PASSED] - Alt menüden Toplu Veri İndirme seçilir: Alt menüden Toplu Veri İndirme seçilir

2021-11-18 11:37:32 - [MESSAGE][PASSED] - Alt menüden Toplu Veri İndirme seçilir

2021-11-18 11:37:32 - [TEST_STEP][PASSED] - Filtrelerden Talep No filtresine Rapor No bilgisi yaz: Filtrelerden Talep No filtresine Rapor No bilgisi yaz

2021-11-18 11:37:32 - [MESSAGE][PASSED] - Filtrelerden Talep No filtresine Rapor No bilgisi yaz

2021-11-18 11:37:32 - [TEST_STEP][PASSED] - Filtre butonlarından Listele seçilir: Filtre butonlarından Listele seçilir

2021-11-18 11:37:32 - [MESSAGE][PASSED] - Filtre butonlarından Listele seçilir

2021-11-18 11:37:32 - [TEST_STEP][PASSED] - Tabloda veri var mı kontrol edilir: Tabloda veri var mı kontrol edilir

2021-11-18 11:37:32 - [MESSAGE][PASSED] - Tabloda veri var mı kontrol edilir

2021-11-18 11:37:32 - [TEST_STEP][PASSED] - Kullanıcı işlemlerinden Çıkış seçilir: Kullanıcı işlemlerinden Çıkış seçilir

2021-11-18 11:37:32 - [MESSAGE][PASSED] - Kullanıcı işlemlerinden Çıkış seçilir

2021-11-18 11:37:32 - [MESSAGE][PASSED] - Feature file: 'Include/features/e-Fatura/Giden Kutusu/Uygulama Yanıtlari/Toplu Indirme.feature' was passed

2021-11-18 11:37:32 - [TEST_STEP][PASSED] - Start listener action : sampleAfterTestSuite: Invoke 'com.kms.katalon.core.annotation.AfterTestCase' method: 'Listener.sampleAfterTestSuite(...)' completed.

2021-11-18 11:37:32 - [MESSAGE][INFO] - Starting invoke 'com.kms.katalon.core.annotation.AfterTestCase' method: 'Listener.sampleAfterTestSuite(...)'

2021-11-18 11:37:32 - [TEST_STEP][PASSED] - closeBrowser(): Invoke 'com.kms.katalon.core.annotation.AfterTestCase' method: 'Listener.sampleAfterTestSuite(...)' completed.

2021-11-18 11:37:32 - [MESSAGE][INFO] - Closing browser

2021-11-18 11:37:33 - [MESSAGE][PASSED] - Browser is closed

2021-11-18 11:37:33 - [MESSAGE][INFO] - Invoke 'com.kms.katalon.core.annotation.AfterTestCase' method: 'Listener.sampleAfterTestSuite(...)' completed.]]></system-out>
         <system-err><![CDATA[]]></system-err>
      </testcase>
      <testcase name="Test Cases/Case Repository/e-Arsiv/e-Arsiv Hareketleri/e-Arsiv Faturalari/Excele Aktar" time="56.017" classname="Test Cases/Case Repository/e-Arsiv/e-Arsiv Hareketleri/e-Arsiv Faturalari/Excele Aktar" status="PASSED">
         <system-out><![CDATA[2021-11-18 11:37:33 - [TEST_CASE][PASSED] - Test Cases/Case Repository/e-Arsiv/e-Arsiv Hareketleri/e-Arsiv Faturalari/Excele Aktar: Test Cases/Case Repository/e-Arsiv/e-Arsiv Hareketleri/e-Arsiv Faturalari/Excele Aktar

2021-11-18 11:37:33 - [TEST_STEP][PASSED] - Start listener action : sampleBeforeTestSuite: Invoke 'com.kms.katalon.core.annotation.BeforeTestCase' method: 'Listener.sampleBeforeTestSuite(...)' completed.

2021-11-18 11:37:33 - [MESSAGE][INFO] - Starting invoke 'com.kms.katalon.core.annotation.BeforeTestCase' method: 'Listener.sampleBeforeTestSuite(...)'

2021-11-18 11:37:33 - [TEST_STEP][PASSED] - openBrowser(baseUrl): Browser is opened with url: 'https://efatura-stage.elogo.com.tr/'

2021-11-18 11:37:33 - [MESSAGE][INFO] - Opening browser

2021-11-18 11:37:33 - [MESSAGE][INFO] - Starting 'Chrome' driver

2021-11-18 11:37:33 - [MESSAGE][INFO] - User set preference: ['prefs', '{download.default_directory=C:\otomasyondownfiles}']

2021-11-18 11:37:33 - [MESSAGE][INFO] - Action delay is set to 0 milliseconds

2021-11-18 11:37:34 - [MESSAGE][INFO] - Navigating browser to: 'https://efatura-stage.elogo.com.tr/'

2021-11-18 11:37:36 - [MESSAGE][PASSED] - Browser is opened with url: 'https://efatura-stage.elogo.com.tr/'

2021-11-18 11:37:36 - [TEST_STEP][PASSED] - maximizeWindow(): Invoke 'com.kms.katalon.core.annotation.BeforeTestCase' method: 'Listener.sampleBeforeTestSuite(...)' completed.

2021-11-18 11:37:36 - [MESSAGE][INFO] - Maximizing current window

2021-11-18 11:37:36 - [MESSAGE][PASSED] - Current window maximized

2021-11-18 11:37:36 - [MESSAGE][INFO] - Invoke 'com.kms.katalon.core.annotation.BeforeTestCase' method: 'Listener.sampleBeforeTestSuite(...)' completed.

2021-11-18 11:37:37 - [TEST_STEP][PASSED] - runFeatureFile("Include/features/e-Arsiv/e-Arsiv Hareketleri/e-Arsiv Faturalari/Excele Aktar.feature"): Feature file: 'Include/features/e-Arsiv/e-Arsiv Hareketleri/e-Arsiv Faturalari/Excele Aktar.feature' was passed

2021-11-18 11:37:37 - [MESSAGE][INFO] - Starting run keyword runFeatureFile: 'Include/features/e-Arsiv/e-Arsiv Hareketleri/e-Arsiv Faturalari/Excele Aktar.feature' and extract report to folder: 'C:\Users\DELL\Documents\GitHub\EES_KatalonLogo\Reports\20211118_110909\Suite Repository\ExceleAktarVeTopluIndirme\20211118_110948/cucumber_report/1637224657312'...

2021-11-18 11:37:37 - [MESSAGE][INFO] - Glue: []

2021-11-18 11:37:38 - [MESSAGE][INFO] - Checking called Test Case

2021-11-18 11:37:38 - [MESSAGE][INFO] - Starting to call Test Case 'Test Cases/Sayfalar/Giris_Sayfasi/Login'

2021-11-18 11:37:38 - [TEST_CASE][PASSED] - Test Cases/Sayfalar/Giris_Sayfasi/Login: Test Cases/Sayfalar/Giris_Sayfasi/Login

2021-11-18 11:37:38 - [TEST_STEP][PASSED] - Sayfa_Basligi = getWindowTitle(): Current window's title is: 'LOGO e-Fatura'

2021-11-18 11:37:38 - [MESSAGE][INFO] - Getting current window's title

2021-11-18 11:37:38 - [MESSAGE][PASSED] - Current window's title is: 'LOGO e-Fatura'

2021-11-18 11:37:38 - [TEST_STEP][PASSED] - verifyMatch(Sayfa_Basligi, "LOGO e-Fatura", false): Actual text 'LOGO e-Fatura' and expected text 'LOGO e-Fatura' are matched 

2021-11-18 11:37:38 - [MESSAGE][INFO] - Matching actual text 'LOGO e-Fatura' with expected text 'LOGO e-Fatura'

2021-11-18 11:37:38 - [MESSAGE][PASSED] - Actual text 'LOGO e-Fatura' and expected text 'LOGO e-Fatura' are matched 

2021-11-18 11:37:38 - [TEST_STEP][PASSED] - sendKeys(findTestObject("Sayfalar/Giris_Sayfasi/Firma_Kodu"), KullaniciAdi): Keys 'ELOGO6' sent to object: 'Object Repository/Sayfalar/Giris_Sayfasi/Firma_Kodu'

2021-11-18 11:37:38 - [MESSAGE][INFO] - Finding Test Object 'Object Repository/Sayfalar/Giris_Sayfasi/Firma_Kodu'

2021-11-18 11:37:38 - [MESSAGE][INFO] - Sending keys 'ELOGO6' to object: 'Object Repository/Sayfalar/Giris_Sayfasi/Firma_Kodu'

2021-11-18 11:37:38 - [MESSAGE][INFO] - Finding web element from Test Object's properties

2021-11-18 11:37:38 - [MESSAGE][INFO] - Checking timeout

2021-11-18 11:37:38 - [MESSAGE][INFO] - Finding web element with id: 'Object Repository/Sayfalar/Giris_Sayfasi/Firma_Kodu' located by 'By.xpath: //*[@id = 'AccountName']' in '30' second(s)

2021-11-18 11:37:38 - [MESSAGE][INFO] - Smart Wait Function is triggered

2021-11-18 11:37:38 - [MESSAGE][INFO] - Found 1 web elements with id: 'Object Repository/Sayfalar/Giris_Sayfasi/Firma_Kodu' located by 'By.xpath: //*[@id = 'AccountName']' in '30' second(s)

2021-11-18 11:37:38 - [MESSAGE][PASSED] - Keys 'ELOGO6' sent to object: 'Object Repository/Sayfalar/Giris_Sayfasi/Firma_Kodu'

2021-11-18 11:37:38 - [TEST_STEP][PASSED] - sendKeys(findTestObject("Sayfalar/Giris_Sayfasi/Sifre"), Sifre): Keys '123456' sent to object: 'Object Repository/Sayfalar/Giris_Sayfasi/Sifre'

2021-11-18 11:37:38 - [MESSAGE][INFO] - Finding Test Object 'Object Repository/Sayfalar/Giris_Sayfasi/Sifre'

2021-11-18 11:37:38 - [MESSAGE][INFO] - Sending keys '123456' to object: 'Object Repository/Sayfalar/Giris_Sayfasi/Sifre'

2021-11-18 11:37:38 - [MESSAGE][INFO] - Finding web element from Test Object's properties

2021-11-18 11:37:38 - [MESSAGE][INFO] - Checking timeout

2021-11-18 11:37:38 - [MESSAGE][INFO] - Finding web element with id: 'Object Repository/Sayfalar/Giris_Sayfasi/Sifre' located by 'By.xpath: //*[@id = 'Password']' in '30' second(s)

2021-11-18 11:37:38 - [MESSAGE][INFO] - Smart Wait Function is triggered

2021-11-18 11:37:39 - [MESSAGE][INFO] - Found 1 web elements with id: 'Object Repository/Sayfalar/Giris_Sayfasi/Sifre' located by 'By.xpath: //*[@id = 'Password']' in '30' second(s)

2021-11-18 11:37:39 - [MESSAGE][PASSED] - Keys '123456' sent to object: 'Object Repository/Sayfalar/Giris_Sayfasi/Sifre'

2021-11-18 11:37:39 - [TEST_STEP][PASSED] - findWebElement(findTestObject("Sayfalar/Giris_Sayfasi/Giris_Butonu")).click(): Found 1 web elements with id: 'Object Repository/Sayfalar/Giris_Sayfasi/Giris_Butonu' located by 'By.cssSelector: #btnLogin' in '30' second(s)

2021-11-18 11:37:39 - [MESSAGE][INFO] - Finding Test Object 'Object Repository/Sayfalar/Giris_Sayfasi/Giris_Butonu'

2021-11-18 11:37:39 - [MESSAGE][INFO] - Finding web element from Test Object's properties

2021-11-18 11:37:39 - [MESSAGE][INFO] - Checking timeout

2021-11-18 11:37:39 - [MESSAGE][INFO] - Finding web element with id: 'Object Repository/Sayfalar/Giris_Sayfasi/Giris_Butonu' located by 'By.cssSelector: #btnLogin' in '30' second(s)

2021-11-18 11:37:39 - [MESSAGE][INFO] - Smart Wait Function is triggered

2021-11-18 11:37:39 - [MESSAGE][INFO] - Found 1 web elements with id: 'Object Repository/Sayfalar/Giris_Sayfasi/Giris_Butonu' located by 'By.cssSelector: #btnLogin' in '30' second(s)

2021-11-18 11:37:41 - [TEST_STEP][PASSED] - if (verifyElementPresent(findTestObject("Object Repository/Sayfalar/Giris_Sayfasi/RetveTamam_Butonu"), 5, OPTIONAL)): null

2021-11-18 11:37:41 - [MESSAGE][INFO] - Finding Test Object 'Object Repository/Sayfalar/Giris_Sayfasi/RetveTamam_Butonu'

2021-11-18 11:37:41 - [MESSAGE][INFO] - Checking object

2021-11-18 11:37:41 - [MESSAGE][INFO] - Finding web element from Test Object's properties

2021-11-18 11:37:41 - [MESSAGE][INFO] - Checking timeout

2021-11-18 11:37:41 - [MESSAGE][INFO] - Finding web element with id: 'Object Repository/Sayfalar/Giris_Sayfasi/RetveTamam_Butonu' located by 'By.xpath: //*[@class = 'btn btn-default']' in '5' second(s)

2021-11-18 11:37:41 - [MESSAGE][INFO] - Smart Wait Function is triggered

2021-11-18 11:37:42 - [MESSAGE][INFO] - Found 1 web elements with id: 'Object Repository/Sayfalar/Giris_Sayfasi/RetveTamam_Butonu' located by 'By.xpath: //*[@class = 'btn btn-default']' in '5' second(s)

2021-11-18 11:37:42 - [MESSAGE][PASSED] - Object 'Object Repository/Sayfalar/Giris_Sayfasi/RetveTamam_Butonu' is present

2021-11-18 11:37:42 - [TEST_STEP][PASSED] - click(findTestObject("Object Repository/Sayfalar/Giris_Sayfasi/RetveTamam_Butonu")): Object: 'Object Repository/Sayfalar/Giris_Sayfasi/RetveTamam_Butonu' is clicked on

2021-11-18 11:37:42 - [MESSAGE][INFO] - Finding Test Object 'Object Repository/Sayfalar/Giris_Sayfasi/RetveTamam_Butonu'

2021-11-18 11:37:42 - [MESSAGE][INFO] - Checking object

2021-11-18 11:37:42 - [MESSAGE][INFO] - Finding web element from Test Object's properties

2021-11-18 11:37:42 - [MESSAGE][INFO] - Checking timeout

2021-11-18 11:37:42 - [MESSAGE][INFO] - Finding web element with id: 'Object Repository/Sayfalar/Giris_Sayfasi/RetveTamam_Butonu' located by 'By.xpath: //*[@class = 'btn btn-default']' in '30' second(s)

2021-11-18 11:37:42 - [MESSAGE][INFO] - Smart Wait Function is triggered

2021-11-18 11:37:42 - [MESSAGE][INFO] - Found 1 web elements with id: 'Object Repository/Sayfalar/Giris_Sayfasi/RetveTamam_Butonu' located by 'By.xpath: //*[@class = 'btn btn-default']' in '30' second(s)

2021-11-18 11:37:42 - [MESSAGE][INFO] - Clicking on object: 'Object Repository/Sayfalar/Giris_Sayfasi/RetveTamam_Butonu'

2021-11-18 11:37:42 - [MESSAGE][PASSED] - Object: 'Object Repository/Sayfalar/Giris_Sayfasi/RetveTamam_Butonu' is clicked on

2021-11-18 11:37:42 - [TEST_STEP][PASSED] - click(findTestObject("Object Repository/Sayfalar/Giris_Sayfasi/RetveTamam_Butonu")): Object: 'Object Repository/Sayfalar/Giris_Sayfasi/RetveTamam_Butonu' is clicked on

2021-11-18 11:37:42 - [MESSAGE][INFO] - Finding Test Object 'Object Repository/Sayfalar/Giris_Sayfasi/RetveTamam_Butonu'

2021-11-18 11:37:42 - [MESSAGE][INFO] - Checking object

2021-11-18 11:37:42 - [MESSAGE][INFO] - Finding web element from Test Object's properties

2021-11-18 11:37:42 - [MESSAGE][INFO] - Checking timeout

2021-11-18 11:37:42 - [MESSAGE][INFO] - Finding web element with id: 'Object Repository/Sayfalar/Giris_Sayfasi/RetveTamam_Butonu' located by 'By.xpath: //*[@class = 'btn btn-default']' in '30' second(s)

2021-11-18 11:37:42 - [MESSAGE][INFO] - Smart Wait Function is triggered

2021-11-18 11:37:46 - [MESSAGE][INFO] - Found 1 web elements with id: 'Object Repository/Sayfalar/Giris_Sayfasi/RetveTamam_Butonu' located by 'By.xpath: //*[@class = 'btn btn-default']' in '30' second(s)

2021-11-18 11:37:46 - [MESSAGE][INFO] - Clicking on object: 'Object Repository/Sayfalar/Giris_Sayfasi/RetveTamam_Butonu'

2021-11-18 11:37:46 - [MESSAGE][PASSED] - Object: 'Object Repository/Sayfalar/Giris_Sayfasi/RetveTamam_Butonu' is clicked on

2021-11-18 11:37:46 - [TEST_STEP][PASSED] - if (verifyElementPresent(findTestObject("Sayfalar/Giris_Sayfasi/PopupOK"), 5, OPTIONAL)): null

2021-11-18 11:37:46 - [MESSAGE][INFO] - Finding Test Object 'Object Repository/Sayfalar/Giris_Sayfasi/PopupOK'

2021-11-18 11:37:47 - [MESSAGE][INFO] - Checking object

2021-11-18 11:37:47 - [MESSAGE][INFO] - Finding web element from Test Object's properties

2021-11-18 11:37:47 - [MESSAGE][INFO] - Checking timeout

2021-11-18 11:37:47 - [MESSAGE][INFO] - Finding web element with id: 'Object Repository/Sayfalar/Giris_Sayfasi/PopupOK' located by 'By.cssSelector: .btn.btn-success' in '5' second(s)

2021-11-18 11:37:47 - [MESSAGE][INFO] - Smart Wait Function is triggered

2021-11-18 11:37:47 - [MESSAGE][INFO] - Found 1 web elements with id: 'Object Repository/Sayfalar/Giris_Sayfasi/PopupOK' located by 'By.cssSelector: .btn.btn-success' in '5' second(s)

2021-11-18 11:37:47 - [MESSAGE][PASSED] - Object 'Object Repository/Sayfalar/Giris_Sayfasi/PopupOK' is present

2021-11-18 11:37:47 - [TEST_STEP][PASSED] - click(findTestObject("Object Repository/Sayfalar/Giris_Sayfasi/PopupCarpiGiris")): Object: 'Object Repository/Sayfalar/Giris_Sayfasi/PopupCarpiGiris' is clicked on

2021-11-18 11:37:47 - [MESSAGE][INFO] - Finding Test Object 'Object Repository/Sayfalar/Giris_Sayfasi/PopupCarpiGiris'

2021-11-18 11:37:47 - [MESSAGE][INFO] - Checking object

2021-11-18 11:37:47 - [MESSAGE][INFO] - Finding web element from Test Object's properties

2021-11-18 11:37:47 - [MESSAGE][INFO] - Checking timeout

2021-11-18 11:37:47 - [MESSAGE][INFO] - Finding web element with id: 'Object Repository/Sayfalar/Giris_Sayfasi/PopupCarpiGiris' located by 'By.cssSelector: .bootbox-close-button.close' in '30' second(s)

2021-11-18 11:37:47 - [MESSAGE][INFO] - Smart Wait Function is triggered

2021-11-18 11:37:48 - [MESSAGE][INFO] - Found 1 web elements with id: 'Object Repository/Sayfalar/Giris_Sayfasi/PopupCarpiGiris' located by 'By.cssSelector: .bootbox-close-button.close' in '30' second(s)

2021-11-18 11:37:48 - [MESSAGE][INFO] - Clicking on object: 'Object Repository/Sayfalar/Giris_Sayfasi/PopupCarpiGiris'

2021-11-18 11:37:48 - [MESSAGE][PASSED] - Object: 'Object Repository/Sayfalar/Giris_Sayfasi/PopupCarpiGiris' is clicked on

2021-11-18 11:37:48 - [TEST_STEP][PASSED] - verifyElementVisible(findTestObject("Object Repository/Kullanici_Islemleri/KullaniciIslemleri")): Object 'Object Repository/Kullanici_Islemleri/KullaniciIslemleri' is visible

2021-11-18 11:37:48 - [MESSAGE][INFO] - Finding Test Object 'Object Repository/Kullanici_Islemleri/KullaniciIslemleri'

2021-11-18 11:37:48 - [MESSAGE][INFO] - Checking object

2021-11-18 11:37:48 - [MESSAGE][INFO] - Finding web element from Test Object's properties

2021-11-18 11:37:48 - [MESSAGE][INFO] - Checking timeout

2021-11-18 11:37:48 - [MESSAGE][INFO] - Finding web element with id: 'Object Repository/Kullanici_Islemleri/KullaniciIslemleri' located by 'By.cssSelector: .dropdown>a>img' in '30' second(s)

2021-11-18 11:37:48 - [MESSAGE][INFO] - Smart Wait Function is triggered

2021-11-18 11:37:49 - [MESSAGE][INFO] - Found 1 web elements with id: 'Object Repository/Kullanici_Islemleri/KullaniciIslemleri' located by 'By.cssSelector: .dropdown>a>img' in '30' second(s)

2021-11-18 11:37:49 - [MESSAGE][PASSED] - Object 'Object Repository/Kullanici_Islemleri/KullaniciIslemleri' is visible

2021-11-18 11:37:49 - [MESSAGE][PASSED] - Call Test Case 'Test Cases/Sayfalar/Giris_Sayfasi/Login' successfully

2021-11-18 11:37:49 - [MESSAGE][INFO] - Checking called Test Case

2021-11-18 11:37:49 - [MESSAGE][INFO] - Starting to call Test Case 'Test Cases/Menu/AnaMenuSecimi'

2021-11-18 11:37:49 - [TEST_CASE][PASSED] - Test Cases/Menu/AnaMenuSecimi: Test Cases/Menu/AnaMenuSecimi

2021-11-18 11:37:49 - [TEST_STEP][PASSED] - Method.TextDegerineEsitElementeTikla(findTestObject("Menu/Ana_Menu"), Ana_Menu): Method.TextDegerineEsitElementeTikla is PASSED

2021-11-18 11:37:49 - [MESSAGE][INFO] - Finding Test Object 'Object Repository/Menu/Ana_Menu'

2021-11-18 11:37:49 - [MESSAGE][INFO] - Checking timeout

2021-11-18 11:37:49 - [MESSAGE][INFO] - Finding web element with id: 'Object Repository/Menu/Ana_Menu' located by 'By.xpath: //*[@class = 'dropdown-toggle']' in '10' second(s)

2021-11-18 11:37:49 - [MESSAGE][INFO] - Smart Wait Function is triggered

2021-11-18 11:37:49 - [MESSAGE][INFO] - Found 14 web elements with id: 'Object Repository/Menu/Ana_Menu' located by 'By.xpath: //*[@class = 'dropdown-toggle']' in '10' second(s)

2021-11-18 11:37:49 - [MESSAGE][PASSED] - Method.TextDegerineEsitElementeTikla is PASSED

2021-11-18 11:37:49 - [MESSAGE][PASSED] - Call Test Case 'Test Cases/Menu/AnaMenuSecimi' successfully

2021-11-18 11:37:49 - [MESSAGE][INFO] - Checking called Test Case

2021-11-18 11:37:49 - [MESSAGE][INFO] - Starting to call Test Case 'Test Cases/Menu/BasligaGoreAltMenuSecimi'

2021-11-18 11:37:49 - [TEST_CASE][PASSED] - Test Cases/Menu/BasligaGoreAltMenuSecimi: Test Cases/Menu/BasligaGoreAltMenuSecimi

2021-11-18 11:37:49 - [TEST_STEP][PASSED] - Method.TextDegerineEsitElementinAltindakiTextDegerineEsitOlanaTikla(findTestObject("Menu/Menu_Basligi"), findTestObject("Menu/Basliga_Gore_Alt_Menu"), Baslik, Alt_Menu): Method.TextDegerineEsitElementinAltindakiTextDegerineEsitOlanaTikla is PASSED

2021-11-18 11:37:49 - [MESSAGE][INFO] - Finding Test Object 'Object Repository/Menu/Menu_Basligi'

2021-11-18 11:37:50 - [MESSAGE][INFO] - Finding Test Object 'Object Repository/Menu/Basliga_Gore_Alt_Menu'

2021-11-18 11:37:50 - [MESSAGE][INFO] - Checking timeout

2021-11-18 11:37:50 - [MESSAGE][INFO] - Finding web element with id: 'Object Repository/Menu/Menu_Basligi' located by 'By.xpath: //li[@class='dropdown dropdown-large open']//li[@class='dropdown-header']' in '10' second(s)

2021-11-18 11:37:50 - [MESSAGE][INFO] - Smart Wait Function is triggered

2021-11-18 11:37:50 - [MESSAGE][INFO] - Found 2 web elements with id: 'Object Repository/Menu/Menu_Basligi' located by 'By.xpath: //li[@class='dropdown dropdown-large open']//li[@class='dropdown-header']' in '10' second(s)

2021-11-18 11:37:50 - [MESSAGE][INFO] - Smart Wait Function is triggered

2021-11-18 11:37:52 - [MESSAGE][PASSED] - Method.TextDegerineEsitElementinAltindakiTextDegerineEsitOlanaTikla is PASSED

2021-11-18 11:37:52 - [MESSAGE][PASSED] - Call Test Case 'Test Cases/Menu/BasligaGoreAltMenuSecimi' successfully

2021-11-18 11:37:52 - [MESSAGE][INFO] - Checking called Test Case

2021-11-18 11:37:52 - [MESSAGE][INFO] - Starting to call Test Case 'Test Cases/Filtreler/BaslangicYaz'

2021-11-18 11:37:52 - [TEST_CASE][PASSED] - Test Cases/Filtreler/BaslangicYaz: Test Cases/Filtreler/BaslangicYaz

2021-11-18 11:37:52 - [TEST_STEP][PASSED] - delay(3): Delayed 3 second(s)

2021-11-18 11:37:52 - [MESSAGE][INFO] - Delaying browser in 3 second(s)

2021-11-18 11:37:55 - [MESSAGE][PASSED] - Delayed 3 second(s)

2021-11-18 11:37:55 - [TEST_STEP][PASSED] - Method.TextDegerineEsitElementinAltindakineTikla(findTestObject("Filtreler/Basliklar"), findTestObject("Filtreler/Basliga_Gore_Baslangic_Image"), Filtre_Adi): Method.TextDegerineEsitElementinAltindakineTikla is PASSED

2021-11-18 11:37:55 - [MESSAGE][INFO] - Finding Test Object 'Object Repository/Filtreler/Basliklar'

2021-11-18 11:37:56 - [MESSAGE][INFO] - Finding Test Object 'Object Repository/Filtreler/Basliga_Gore_Baslangic_Image'

2021-11-18 11:37:56 - [MESSAGE][INFO] - Checking timeout

2021-11-18 11:37:56 - [MESSAGE][INFO] - Finding web element with id: 'Object Repository/Filtreler/Basliklar' located by 'By.cssSelector: .control-label.col-sm-4.paddingMarginRLC' in '10' second(s)

2021-11-18 11:37:56 - [MESSAGE][INFO] - Smart Wait Function is triggered

2021-11-18 11:37:56 - [MESSAGE][INFO] - Found 19 web elements with id: 'Object Repository/Filtreler/Basliklar' located by 'By.cssSelector: .control-label.col-sm-4.paddingMarginRLC' in '10' second(s)

2021-11-18 11:37:56 - [MESSAGE][INFO] - Smart Wait Function is triggered

2021-11-18 11:37:57 - [MESSAGE][PASSED] - Method.TextDegerineEsitElementinAltindakineTikla is PASSED

2021-11-18 11:37:57 - [TEST_STEP][PASSED] - Method.TextDegerineEsitElementinAltindakiTextboxtaYaz(findTestObject("Filtreler/Basliklar"), findTestObject("Filtreler/Basliga_Gore_Baslangic"), Filtre_Adi, Filtre_Degeri): Method.TextDegerineEsitElementinAltindakiTextboxtaYaz is PASSED

2021-11-18 11:37:57 - [MESSAGE][INFO] - Finding Test Object 'Object Repository/Filtreler/Basliklar'

2021-11-18 11:37:57 - [MESSAGE][INFO] - Finding Test Object 'Object Repository/Filtreler/Basliga_Gore_Baslangic'

2021-11-18 11:37:57 - [MESSAGE][INFO] - Checking timeout

2021-11-18 11:37:57 - [MESSAGE][INFO] - Finding web element with id: 'Object Repository/Filtreler/Basliklar' located by 'By.cssSelector: .control-label.col-sm-4.paddingMarginRLC' in '10' second(s)

2021-11-18 11:37:57 - [MESSAGE][INFO] - Smart Wait Function is triggered

2021-11-18 11:37:57 - [MESSAGE][INFO] - Found 19 web elements with id: 'Object Repository/Filtreler/Basliklar' located by 'By.cssSelector: .control-label.col-sm-4.paddingMarginRLC' in '10' second(s)

2021-11-18 11:37:58 - [MESSAGE][INFO] - Smart Wait Function is triggered

2021-11-18 11:37:58 - [MESSAGE][PASSED] - Method.TextDegerineEsitElementinAltindakiTextboxtaYaz is PASSED

2021-11-18 11:37:58 - [MESSAGE][PASSED] - Call Test Case 'Test Cases/Filtreler/BaslangicYaz' successfully

2021-11-18 11:37:58 - [MESSAGE][INFO] - Checking called Test Case

2021-11-18 11:37:58 - [MESSAGE][INFO] - Starting to call Test Case 'Test Cases/Filtreler/BitisYaz'

2021-11-18 11:37:58 - [TEST_CASE][PASSED] - Test Cases/Filtreler/BitisYaz: Test Cases/Filtreler/BitisYaz

2021-11-18 11:37:58 - [TEST_STEP][PASSED] - Method.TextDegerineEsitElementinAltindakineTikla(findTestObject("Filtreler/Basliklar"), findTestObject("Filtreler/Basliga_Gore_Bitis_Image"), Filtre_Adi): Method.TextDegerineEsitElementinAltindakineTikla is PASSED

2021-11-18 11:37:58 - [MESSAGE][INFO] - Finding Test Object 'Object Repository/Filtreler/Basliklar'

2021-11-18 11:37:59 - [MESSAGE][INFO] - Finding Test Object 'Object Repository/Filtreler/Basliga_Gore_Bitis_Image'

2021-11-18 11:37:59 - [MESSAGE][INFO] - Checking timeout

2021-11-18 11:37:59 - [MESSAGE][INFO] - Finding web element with id: 'Object Repository/Filtreler/Basliklar' located by 'By.cssSelector: .control-label.col-sm-4.paddingMarginRLC' in '10' second(s)

2021-11-18 11:37:59 - [MESSAGE][INFO] - Smart Wait Function is triggered

2021-11-18 11:37:59 - [MESSAGE][INFO] - Found 19 web elements with id: 'Object Repository/Filtreler/Basliklar' located by 'By.cssSelector: .control-label.col-sm-4.paddingMarginRLC' in '10' second(s)

2021-11-18 11:37:59 - [MESSAGE][INFO] - Smart Wait Function is triggered

2021-11-18 11:37:59 - [MESSAGE][PASSED] - Method.TextDegerineEsitElementinAltindakineTikla is PASSED

2021-11-18 11:37:59 - [TEST_STEP][PASSED] - Method.TextDegerineEsitElementinAltindakiTextboxtaYaz(findTestObject("Filtreler/Basliklar"), findTestObject("Object Repository/Filtreler/Basliga_Gore_Bitis"), Filtre_Adi, Filtre_Degeri): Method.TextDegerineEsitElementinAltindakiTextboxtaYaz is PASSED

2021-11-18 11:37:59 - [MESSAGE][INFO] - Finding Test Object 'Object Repository/Filtreler/Basliklar'

2021-11-18 11:38:00 - [MESSAGE][INFO] - Finding Test Object 'Object Repository/Filtreler/Basliga_Gore_Bitis'

2021-11-18 11:38:00 - [MESSAGE][INFO] - Checking timeout

2021-11-18 11:38:00 - [MESSAGE][INFO] - Finding web element with id: 'Object Repository/Filtreler/Basliklar' located by 'By.cssSelector: .control-label.col-sm-4.paddingMarginRLC' in '10' second(s)

2021-11-18 11:38:00 - [MESSAGE][INFO] - Smart Wait Function is triggered

2021-11-18 11:38:00 - [MESSAGE][INFO] - Found 19 web elements with id: 'Object Repository/Filtreler/Basliklar' located by 'By.cssSelector: .control-label.col-sm-4.paddingMarginRLC' in '10' second(s)

2021-11-18 11:38:00 - [MESSAGE][INFO] - Smart Wait Function is triggered

2021-11-18 11:38:01 - [MESSAGE][PASSED] - Method.TextDegerineEsitElementinAltindakiTextboxtaYaz is PASSED

2021-11-18 11:38:01 - [MESSAGE][PASSED] - Call Test Case 'Test Cases/Filtreler/BitisYaz' successfully

2021-11-18 11:38:01 - [MESSAGE][INFO] - Checking called Test Case

2021-11-18 11:38:01 - [MESSAGE][INFO] - Starting to call Test Case 'Test Cases/Filtreler/TexboxaYaz'

2021-11-18 11:38:01 - [TEST_CASE][PASSED] - Test Cases/Filtreler/TexboxaYaz: Test Cases/Filtreler/TexboxaYaz

2021-11-18 11:38:01 - [TEST_STEP][PASSED] - Method.TextDegerineEsitElementinAltindakiTextboxtaYaz(findTestObject("Filtreler/Basliklar"), findTestObject("Filtreler/Basliga_Gore_Textbox"), Filtre_Adi, Filtre_Degeri): Method.TextDegerineEsitElementinAltindakiTextboxtaYaz is PASSED

2021-11-18 11:38:01 - [MESSAGE][INFO] - Finding Test Object 'Object Repository/Filtreler/Basliklar'

2021-11-18 11:38:01 - [MESSAGE][INFO] - Finding Test Object 'Object Repository/Filtreler/Basliga_Gore_Textbox'

2021-11-18 11:38:01 - [MESSAGE][INFO] - Checking timeout

2021-11-18 11:38:01 - [MESSAGE][INFO] - Finding web element with id: 'Object Repository/Filtreler/Basliklar' located by 'By.cssSelector: .control-label.col-sm-4.paddingMarginRLC' in '10' second(s)

2021-11-18 11:38:01 - [MESSAGE][INFO] - Smart Wait Function is triggered

2021-11-18 11:38:01 - [MESSAGE][INFO] - Found 19 web elements with id: 'Object Repository/Filtreler/Basliklar' located by 'By.cssSelector: .control-label.col-sm-4.paddingMarginRLC' in '10' second(s)

2021-11-18 11:38:01 - [MESSAGE][INFO] - Smart Wait Function is triggered

2021-11-18 11:38:02 - [MESSAGE][PASSED] - Method.TextDegerineEsitElementinAltindakiTextboxtaYaz is PASSED

2021-11-18 11:38:02 - [MESSAGE][PASSED] - Call Test Case 'Test Cases/Filtreler/TexboxaYaz' successfully

2021-11-18 11:38:02 - [MESSAGE][INFO] - Checking called Test Case

2021-11-18 11:38:02 - [MESSAGE][INFO] - Starting to call Test Case 'Test Cases/Filtreler/ButonaTikla'

2021-11-18 11:38:02 - [TEST_CASE][PASSED] - Test Cases/Filtreler/ButonaTikla: Test Cases/Filtreler/ButonaTikla

2021-11-18 11:38:02 - [TEST_STEP][PASSED] - Method.TextDegerineEsitElementeTikla(findTestObject("Filtreler/Butonlar"), Filtre_Buton): Method.TextDegerineEsitElementeTikla is PASSED

2021-11-18 11:38:02 - [MESSAGE][INFO] - Finding Test Object 'Object Repository/Filtreler/Butonlar'

2021-11-18 11:38:02 - [MESSAGE][INFO] - Checking timeout

2021-11-18 11:38:02 - [MESSAGE][INFO] - Finding web element with id: 'Object Repository/Filtreler/Butonlar' located by 'By.cssSelector: .dxb>span' in '10' second(s)

2021-11-18 11:38:02 - [MESSAGE][INFO] - Smart Wait Function is triggered

2021-11-18 11:38:02 - [MESSAGE][INFO] - Found 3 web elements with id: 'Object Repository/Filtreler/Butonlar' located by 'By.cssSelector: .dxb>span' in '10' second(s)

2021-11-18 11:38:03 - [MESSAGE][PASSED] - Method.TextDegerineEsitElementeTikla is PASSED

2021-11-18 11:38:03 - [MESSAGE][PASSED] - Call Test Case 'Test Cases/Filtreler/ButonaTikla' successfully

2021-11-18 11:38:03 - [MESSAGE][INFO] - Checking called Test Case

2021-11-18 11:38:03 - [MESSAGE][INFO] - Starting to call Test Case 'Test Cases/Tablo/TablodaVeriVarMi'

2021-11-18 11:38:03 - [TEST_CASE][PASSED] - Test Cases/Tablo/TablodaVeriVarMi: Test Cases/Tablo/TablodaVeriVarMi

2021-11-18 11:38:03 - [TEST_STEP][PASSED] - verifyTextNotPresent("Görüntülenecek veri yok", true): Text 'Görüntülenecek veri yok' is not present on page using regular expression

2021-11-18 11:38:03 - [MESSAGE][INFO] - Checking text present  using regular expression

2021-11-18 11:38:03 - [MESSAGE][INFO] - Smart Wait Function is triggered

2021-11-18 11:38:04 - [MESSAGE][INFO] - Finding text 'Görüntülenecek veri yok' on page  using regular expression

2021-11-18 11:38:04 - [MESSAGE][PASSED] - Text 'Görüntülenecek veri yok' is not present on page using regular expression

2021-11-18 11:38:04 - [MESSAGE][PASSED] - Call Test Case 'Test Cases/Tablo/TablodaVeriVarMi' successfully

2021-11-18 11:38:04 - [MESSAGE][INFO] - Checking called Test Case

2021-11-18 11:38:04 - [MESSAGE][INFO] - Starting to call Test Case 'Test Cases/Tablo/TablodanVeriSec'

2021-11-18 11:38:04 - [TEST_CASE][PASSED] - Test Cases/Tablo/TablodanVeriSec: Test Cases/Tablo/TablodanVeriSec

2021-11-18 11:38:04 - [TEST_STEP][PASSED] - Method.TextDegerineEsitElementinAltindakineTikla(findTestObject("Tablo/Veriler"), findTestObject("Tablo/VerininCheckBoxi"), Veri_Adi): Method.TextDegerineEsitElementinAltindakineTikla is PASSED

2021-11-18 11:38:04 - [MESSAGE][INFO] - Finding Test Object 'Object Repository/Tablo/Veriler'

2021-11-18 11:38:04 - [MESSAGE][INFO] - Finding Test Object 'Object Repository/Tablo/VerininCheckBoxi'

2021-11-18 11:38:05 - [MESSAGE][INFO] - Checking timeout

2021-11-18 11:38:05 - [MESSAGE][INFO] - Finding web element with id: 'Object Repository/Tablo/Veriler' located by 'By.cssSelector: td.dxgv b ,td.dxgv' in '10' second(s)

2021-11-18 11:38:05 - [MESSAGE][INFO] - Smart Wait Function is triggered

2021-11-18 11:38:05 - [MESSAGE][INFO] - Found 220 web elements with id: 'Object Repository/Tablo/Veriler' located by 'By.cssSelector: td.dxgv b ,td.dxgv' in '10' second(s)

2021-11-18 11:38:05 - [MESSAGE][INFO] - Smart Wait Function is triggered

2021-11-18 11:38:05 - [MESSAGE][PASSED] - Method.TextDegerineEsitElementinAltindakineTikla is PASSED

2021-11-18 11:38:05 - [MESSAGE][PASSED] - Call Test Case 'Test Cases/Tablo/TablodanVeriSec' successfully

2021-11-18 11:38:05 - [MESSAGE][INFO] - Checking called Test Case

2021-11-18 11:38:05 - [MESSAGE][INFO] - Starting to call Test Case 'Test Cases/Butonlar/ButonaTikla'

2021-11-18 11:38:05 - [TEST_CASE][PASSED] - Test Cases/Butonlar/ButonaTikla: Test Cases/Butonlar/ButonaTikla

2021-11-18 11:38:05 - [TEST_STEP][PASSED] - Method.TextDegerineEsitElementeTiklaEquals(findTestObject("Butonlar/Butonlar"), Buton_Adi): Method.TextDegerineEsitElementeTiklaEquals is PASSED

2021-11-18 11:38:05 - [MESSAGE][INFO] - Finding Test Object 'Object Repository/Butonlar/Butonlar'

2021-11-18 11:38:06 - [MESSAGE][INFO] - Checking timeout

2021-11-18 11:38:06 - [MESSAGE][INFO] - Finding web element with id: 'Object Repository/Butonlar/Butonlar' located by 'By.cssSelector: .panel.panel-default.text-center.footerPanel .btn,.btn.btn-primary.btnControls' in '10' second(s)

2021-11-18 11:38:06 - [MESSAGE][INFO] - Smart Wait Function is triggered

2021-11-18 11:38:06 - [MESSAGE][INFO] - Found 12 web elements with id: 'Object Repository/Butonlar/Butonlar' located by 'By.cssSelector: .panel.panel-default.text-center.footerPanel .btn,.btn.btn-primary.btnControls' in '10' second(s)

2021-11-18 11:38:06 - [MESSAGE][PASSED] - Method.TextDegerineEsitElementeTiklaEquals is PASSED

2021-11-18 11:38:06 - [MESSAGE][PASSED] - Call Test Case 'Test Cases/Butonlar/ButonaTikla' successfully

2021-11-18 11:38:06 - [MESSAGE][INFO] - Checking called Test Case

2021-11-18 11:38:06 - [MESSAGE][INFO] - Starting to call Test Case 'Test Cases/Butonlar/AltButonaTikla'

2021-11-18 11:38:06 - [TEST_CASE][PASSED] - Test Cases/Butonlar/AltButonaTikla: Test Cases/Butonlar/AltButonaTikla

2021-11-18 11:38:06 - [TEST_STEP][PASSED] - Method.TextDegerineEsitElementeTikla(findTestObject("Butonlar/AltButonlar"), Alt_Buton): Method.TextDegerineEsitElementeTikla is PASSED

2021-11-18 11:38:06 - [MESSAGE][INFO] - Finding Test Object 'Object Repository/Butonlar/AltButonlar'

2021-11-18 11:38:06 - [MESSAGE][INFO] - Checking timeout

2021-11-18 11:38:06 - [MESSAGE][INFO] - Finding web element with id: 'Object Repository/Butonlar/AltButonlar' located by 'By.cssSelector: .btn-group.open li>a' in '10' second(s)

2021-11-18 11:38:06 - [MESSAGE][INFO] - Smart Wait Function is triggered

2021-11-18 11:38:07 - [MESSAGE][INFO] - Found 2 web elements with id: 'Object Repository/Butonlar/AltButonlar' located by 'By.cssSelector: .btn-group.open li>a' in '10' second(s)

2021-11-18 11:38:07 - [MESSAGE][PASSED] - Method.TextDegerineEsitElementeTikla is PASSED

2021-11-18 11:38:07 - [MESSAGE][PASSED] - Call Test Case 'Test Cases/Butonlar/AltButonaTikla' successfully

2021-11-18 11:38:07 - [MESSAGE][INFO] - Checking called Test Case

2021-11-18 11:38:07 - [MESSAGE][INFO] - Starting to call Test Case 'Test Cases/Popup/PopupMesajiIceriyorMu'

2021-11-18 11:38:07 - [TEST_CASE][PASSED] - Test Cases/Popup/PopupMesajiIceriyorMu: Test Cases/Popup/PopupMesajiIceriyorMu

2021-11-18 11:38:07 - [TEST_STEP][PASSED] - waitForElementVisible(findTestObject("Popup/Popup"), 10): Object 'Object Repository/Popup/Popup' is visible

2021-11-18 11:38:07 - [MESSAGE][INFO] - Finding Test Object 'Object Repository/Popup/Popup'

2021-11-18 11:38:07 - [MESSAGE][INFO] - Checking object

2021-11-18 11:38:07 - [MESSAGE][INFO] - Checking timeout

2021-11-18 11:38:07 - [MESSAGE][INFO] - Finding web element from Test Object's properties

2021-11-18 11:38:07 - [MESSAGE][INFO] - Checking timeout

2021-11-18 11:38:07 - [MESSAGE][INFO] - Finding web element with id: 'Object Repository/Popup/Popup' located by 'By.cssSelector: .bootbox-body' in '10' second(s)

2021-11-18 11:38:07 - [MESSAGE][INFO] - Smart Wait Function is triggered

2021-11-18 11:38:08 - [MESSAGE][INFO] - Found 1 web elements with id: 'Object Repository/Popup/Popup' located by 'By.cssSelector: .bootbox-body' in '10' second(s)

2021-11-18 11:38:08 - [MESSAGE][PASSED] - Object 'Object Repository/Popup/Popup' is visible

2021-11-18 11:38:08 - [TEST_STEP][PASSED] - if (!(getText(findTestObject("Popup/Popup")).contains(Mesaj))): Text of object 'Object Repository/Popup/Popup' is: 'Lütfen rapor bildiriminin gönderileceği e-posta adresini belirtiniz.
e-Posta Adresi'

2021-11-18 11:38:08 - [MESSAGE][INFO] - Finding Test Object 'Object Repository/Popup/Popup'

2021-11-18 11:38:08 - [MESSAGE][INFO] - Checking object

2021-11-18 11:38:08 - [MESSAGE][INFO] - Finding web element from Test Object's properties

2021-11-18 11:38:08 - [MESSAGE][INFO] - Checking timeout

2021-11-18 11:38:08 - [MESSAGE][INFO] - Finding web element with id: 'Object Repository/Popup/Popup' located by 'By.cssSelector: .bootbox-body' in '30' second(s)

2021-11-18 11:38:08 - [MESSAGE][INFO] - Smart Wait Function is triggered

2021-11-18 11:38:08 - [MESSAGE][INFO] - Found 1 web elements with id: 'Object Repository/Popup/Popup' located by 'By.cssSelector: .bootbox-body' in '30' second(s)

2021-11-18 11:38:08 - [MESSAGE][INFO] - Getting text of object 'Object Repository/Popup/Popup'

2021-11-18 11:38:08 - [MESSAGE][PASSED] - Text of object 'Object Repository/Popup/Popup' is: 'Lütfen rapor bildiriminin gönderileceği e-posta adresini belirtiniz.
e-Posta Adresi'

2021-11-18 11:38:08 - [TEST_STEP][PASSED] - RaporNo = getText(findTestObject("Popup/Popup")).substring(0, 6): Text of object 'Object Repository/Popup/Popup' is: 'Lütfen rapor bildiriminin gönderileceği e-posta adresini belirtiniz.
e-Posta Adresi'

2021-11-18 11:38:08 - [MESSAGE][INFO] - Finding Test Object 'Object Repository/Popup/Popup'

2021-11-18 11:38:08 - [MESSAGE][INFO] - Checking object

2021-11-18 11:38:08 - [MESSAGE][INFO] - Finding web element from Test Object's properties

2021-11-18 11:38:08 - [MESSAGE][INFO] - Checking timeout

2021-11-18 11:38:08 - [MESSAGE][INFO] - Finding web element with id: 'Object Repository/Popup/Popup' located by 'By.cssSelector: .bootbox-body' in '30' second(s)

2021-11-18 11:38:08 - [MESSAGE][INFO] - Smart Wait Function is triggered

2021-11-18 11:38:08 - [MESSAGE][INFO] - Found 1 web elements with id: 'Object Repository/Popup/Popup' located by 'By.cssSelector: .bootbox-body' in '30' second(s)

2021-11-18 11:38:08 - [MESSAGE][INFO] - Getting text of object 'Object Repository/Popup/Popup'

2021-11-18 11:38:08 - [MESSAGE][PASSED] - Text of object 'Object Repository/Popup/Popup' is: 'Lütfen rapor bildiriminin gönderileceği e-posta adresini belirtiniz.
e-Posta Adresi'

2021-11-18 11:38:08 - [TEST_STEP][PASSED] - Console.println(RaporNo): null

2021-11-18 11:38:08 - [MESSAGE][PASSED] - Call Test Case 'Test Cases/Popup/PopupMesajiIceriyorMu' successfully

2021-11-18 11:38:08 - [MESSAGE][INFO] - Checking called Test Case

2021-11-18 11:38:08 - [MESSAGE][INFO] - Starting to call Test Case 'Test Cases/Popup/PopupaEmailEklenir'

2021-11-18 11:38:09 - [TEST_CASE][PASSED] - Test Cases/Popup/PopupaEmailEklenir: Test Cases/Popup/PopupaEmailEklenir

2021-11-18 11:38:09 - [TEST_STEP][PASSED] - clearText(findTestObject("Popup/EmailText")): Text of object 'Object Repository/Popup/EmailText' is cleared

2021-11-18 11:38:09 - [MESSAGE][INFO] - Finding Test Object 'Object Repository/Popup/EmailText'

2021-11-18 11:38:09 - [MESSAGE][INFO] - Checking object

2021-11-18 11:38:09 - [MESSAGE][INFO] - Finding web element from Test Object's properties

2021-11-18 11:38:09 - [MESSAGE][INFO] - Checking timeout

2021-11-18 11:38:09 - [MESSAGE][INFO] - Finding web element with id: 'Object Repository/Popup/EmailText' located by 'By.xpath: //*[@id="eMails"]' in '30' second(s)

2021-11-18 11:38:09 - [MESSAGE][INFO] - Smart Wait Function is triggered

2021-11-18 11:38:09 - [MESSAGE][INFO] - Found 1 web elements with id: 'Object Repository/Popup/EmailText' located by 'By.xpath: //*[@id="eMails"]' in '30' second(s)

2021-11-18 11:38:09 - [MESSAGE][INFO] - Clearing text of object 'Object Repository/Popup/EmailText'

2021-11-18 11:38:09 - [MESSAGE][PASSED] - Text of object 'Object Repository/Popup/EmailText' is cleared

2021-11-18 11:38:09 - [TEST_STEP][PASSED] - sendKeys(findTestObject("Popup/EmailText"), Email): Keys 'elogotest@gmail.com;ali.kara@logo.com.tr' sent to object: 'Object Repository/Popup/EmailText'

2021-11-18 11:38:09 - [MESSAGE][INFO] - Finding Test Object 'Object Repository/Popup/EmailText'

2021-11-18 11:38:09 - [MESSAGE][INFO] - Sending keys 'elogotest@gmail.com;ali.kara@logo.com.tr' to object: 'Object Repository/Popup/EmailText'

2021-11-18 11:38:09 - [MESSAGE][INFO] - Finding web element from Test Object's properties

2021-11-18 11:38:09 - [MESSAGE][INFO] - Checking timeout

2021-11-18 11:38:09 - [MESSAGE][INFO] - Finding web element with id: 'Object Repository/Popup/EmailText' located by 'By.xpath: //*[@id="eMails"]' in '30' second(s)

2021-11-18 11:38:09 - [MESSAGE][INFO] - Smart Wait Function is triggered

2021-11-18 11:38:09 - [MESSAGE][INFO] - Found 1 web elements with id: 'Object Repository/Popup/EmailText' located by 'By.xpath: //*[@id="eMails"]' in '30' second(s)

2021-11-18 11:38:09 - [MESSAGE][PASSED] - Keys 'elogotest@gmail.com;ali.kara@logo.com.tr' sent to object: 'Object Repository/Popup/EmailText'

2021-11-18 11:38:09 - [MESSAGE][PASSED] - Call Test Case 'Test Cases/Popup/PopupaEmailEklenir' successfully

2021-11-18 11:38:09 - [MESSAGE][INFO] - Checking called Test Case

2021-11-18 11:38:09 - [MESSAGE][INFO] - Starting to call Test Case 'Test Cases/Popup/PopupButonSecilir'

2021-11-18 11:38:09 - [TEST_CASE][PASSED] - Test Cases/Popup/PopupButonSecilir: Test Cases/Popup/PopupButonSecilir

2021-11-18 11:38:10 - [TEST_STEP][PASSED] - Method.TextDegerineEsitElementeTikla(findTestObject("Popup/Popup_Butons"), Buton): Method.TextDegerineEsitElementeTikla is PASSED

2021-11-18 11:38:10 - [MESSAGE][INFO] - Finding Test Object 'Object Repository/Popup/Popup_Butons'

2021-11-18 11:38:10 - [MESSAGE][INFO] - Checking timeout

2021-11-18 11:38:10 - [MESSAGE][INFO] - Finding web element with id: 'Object Repository/Popup/Popup_Butons' located by 'By.cssSelector: .modal-footer>button' in '10' second(s)

2021-11-18 11:38:10 - [MESSAGE][INFO] - Smart Wait Function is triggered

2021-11-18 11:38:10 - [MESSAGE][INFO] - Found 2 web elements with id: 'Object Repository/Popup/Popup_Butons' located by 'By.cssSelector: .modal-footer>button' in '10' second(s)

2021-11-18 11:38:10 - [MESSAGE][PASSED] - Method.TextDegerineEsitElementeTikla is PASSED

2021-11-18 11:38:10 - [MESSAGE][PASSED] - Call Test Case 'Test Cases/Popup/PopupButonSecilir' successfully

2021-11-18 11:38:10 - [MESSAGE][INFO] - Checking called Test Case

2021-11-18 11:38:10 - [MESSAGE][INFO] - Starting to call Test Case 'Test Cases/Popup/PopupMesajiIceriyorMu'

2021-11-18 11:38:10 - [TEST_CASE][PASSED] - Test Cases/Popup/PopupMesajiIceriyorMu: Test Cases/Popup/PopupMesajiIceriyorMu

2021-11-18 11:38:10 - [TEST_STEP][PASSED] - waitForElementVisible(findTestObject("Popup/Popup"), 10): Object 'Object Repository/Popup/Popup' is visible

2021-11-18 11:38:10 - [MESSAGE][INFO] - Finding Test Object 'Object Repository/Popup/Popup'

2021-11-18 11:38:10 - [MESSAGE][INFO] - Checking object

2021-11-18 11:38:10 - [MESSAGE][INFO] - Checking timeout

2021-11-18 11:38:10 - [MESSAGE][INFO] - Finding web element from Test Object's properties

2021-11-18 11:38:10 - [MESSAGE][INFO] - Checking timeout

2021-11-18 11:38:10 - [MESSAGE][INFO] - Finding web element with id: 'Object Repository/Popup/Popup' located by 'By.cssSelector: .bootbox-body' in '10' second(s)

2021-11-18 11:38:10 - [MESSAGE][INFO] - Smart Wait Function is triggered

2021-11-18 11:38:12 - [MESSAGE][INFO] - Found 1 web elements with id: 'Object Repository/Popup/Popup' located by 'By.cssSelector: .bootbox-body' in '10' second(s)

2021-11-18 11:38:12 - [MESSAGE][PASSED] - Object 'Object Repository/Popup/Popup' is visible

2021-11-18 11:38:12 - [TEST_STEP][PASSED] - if (!(getText(findTestObject("Popup/Popup")).contains(Mesaj))): Text of object 'Object Repository/Popup/Popup' is: '17370 no’lu talebiniz işleme alınmıştır. Raporunuz hazırlandığında (elogotest@gmail.com;ali.kara@logo.com.tr) adresinize mail gönderilecektir.
Rapor durumunuzu Raporlar > Toplu Veri İndirme ekranından takip edebilir, hazırlandı durumundaki raporlarınızı ilgili menüden indirebilirsiniz.'

2021-11-18 11:38:12 - [MESSAGE][INFO] - Finding Test Object 'Object Repository/Popup/Popup'

2021-11-18 11:38:12 - [MESSAGE][INFO] - Checking object

2021-11-18 11:38:12 - [MESSAGE][INFO] - Finding web element from Test Object's properties

2021-11-18 11:38:12 - [MESSAGE][INFO] - Checking timeout

2021-11-18 11:38:12 - [MESSAGE][INFO] - Finding web element with id: 'Object Repository/Popup/Popup' located by 'By.cssSelector: .bootbox-body' in '30' second(s)

2021-11-18 11:38:12 - [MESSAGE][INFO] - Smart Wait Function is triggered

2021-11-18 11:38:13 - [MESSAGE][INFO] - Found 1 web elements with id: 'Object Repository/Popup/Popup' located by 'By.cssSelector: .bootbox-body' in '30' second(s)

2021-11-18 11:38:13 - [MESSAGE][INFO] - Getting text of object 'Object Repository/Popup/Popup'

2021-11-18 11:38:13 - [MESSAGE][PASSED] - Text of object 'Object Repository/Popup/Popup' is: '17370 no’lu talebiniz işleme alınmıştır. Raporunuz hazırlandığında (elogotest@gmail.com;ali.kara@logo.com.tr) adresinize mail gönderilecektir.
Rapor durumunuzu Raporlar > Toplu Veri İndirme ekranından takip edebilir, hazırlandı durumundaki raporlarınızı ilgili menüden indirebilirsiniz.'

2021-11-18 11:38:13 - [TEST_STEP][PASSED] - RaporNo = getText(findTestObject("Popup/Popup")).substring(0, 6): Text of object 'Object Repository/Popup/Popup' is: '17370 no’lu talebiniz işleme alınmıştır. Raporunuz hazırlandığında (elogotest@gmail.com;ali.kara@logo.com.tr) adresinize mail gönderilecektir.
Rapor durumunuzu Raporlar > Toplu Veri İndirme ekranından takip edebilir, hazırlandı durumundaki raporlarınızı ilgili menüden indirebilirsiniz.'

2021-11-18 11:38:13 - [MESSAGE][INFO] - Finding Test Object 'Object Repository/Popup/Popup'

2021-11-18 11:38:13 - [MESSAGE][INFO] - Checking object

2021-11-18 11:38:13 - [MESSAGE][INFO] - Finding web element from Test Object's properties

2021-11-18 11:38:13 - [MESSAGE][INFO] - Checking timeout

2021-11-18 11:38:13 - [MESSAGE][INFO] - Finding web element with id: 'Object Repository/Popup/Popup' located by 'By.cssSelector: .bootbox-body' in '30' second(s)

2021-11-18 11:38:13 - [MESSAGE][INFO] - Smart Wait Function is triggered

2021-11-18 11:38:13 - [MESSAGE][INFO] - Found 1 web elements with id: 'Object Repository/Popup/Popup' located by 'By.cssSelector: .bootbox-body' in '30' second(s)

2021-11-18 11:38:13 - [MESSAGE][INFO] - Getting text of object 'Object Repository/Popup/Popup'

2021-11-18 11:38:13 - [MESSAGE][PASSED] - Text of object 'Object Repository/Popup/Popup' is: '17370 no’lu talebiniz işleme alınmıştır. Raporunuz hazırlandığında (elogotest@gmail.com;ali.kara@logo.com.tr) adresinize mail gönderilecektir.
Rapor durumunuzu Raporlar > Toplu Veri İndirme ekranından takip edebilir, hazırlandı durumundaki raporlarınızı ilgili menüden indirebilirsiniz.'

2021-11-18 11:38:13 - [TEST_STEP][PASSED] - Console.println(RaporNo): null

2021-11-18 11:38:13 - [MESSAGE][PASSED] - Call Test Case 'Test Cases/Popup/PopupMesajiIceriyorMu' successfully

2021-11-18 11:38:13 - [MESSAGE][INFO] - Checking called Test Case

2021-11-18 11:38:13 - [MESSAGE][INFO] - Starting to call Test Case 'Test Cases/Popup/PopupButonSecilir'

2021-11-18 11:38:13 - [TEST_CASE][PASSED] - Test Cases/Popup/PopupButonSecilir: Test Cases/Popup/PopupButonSecilir

2021-11-18 11:38:13 - [TEST_STEP][PASSED] - Method.TextDegerineEsitElementeTikla(findTestObject("Popup/Popup_Butons"), Buton): Method.TextDegerineEsitElementeTikla is PASSED

2021-11-18 11:38:13 - [MESSAGE][INFO] - Finding Test Object 'Object Repository/Popup/Popup_Butons'

2021-11-18 11:38:13 - [MESSAGE][INFO] - Checking timeout

2021-11-18 11:38:13 - [MESSAGE][INFO] - Finding web element with id: 'Object Repository/Popup/Popup_Butons' located by 'By.cssSelector: .modal-footer>button' in '10' second(s)

2021-11-18 11:38:13 - [MESSAGE][INFO] - Smart Wait Function is triggered

2021-11-18 11:38:14 - [MESSAGE][INFO] - Found 1 web elements with id: 'Object Repository/Popup/Popup_Butons' located by 'By.cssSelector: .modal-footer>button' in '10' second(s)

2021-11-18 11:38:14 - [MESSAGE][PASSED] - Method.TextDegerineEsitElementeTikla is PASSED

2021-11-18 11:38:14 - [MESSAGE][PASSED] - Call Test Case 'Test Cases/Popup/PopupButonSecilir' successfully

2021-11-18 11:38:14 - [MESSAGE][INFO] - Checking called Test Case

2021-11-18 11:38:14 - [MESSAGE][INFO] - Starting to call Test Case 'Test Cases/Butonlar/ButonaTikla'

2021-11-18 11:38:14 - [TEST_CASE][PASSED] - Test Cases/Butonlar/ButonaTikla: Test Cases/Butonlar/ButonaTikla

2021-11-18 11:38:14 - [TEST_STEP][PASSED] - Method.TextDegerineEsitElementeTiklaEquals(findTestObject("Butonlar/Butonlar"), Buton_Adi): Method.TextDegerineEsitElementeTiklaEquals is PASSED

2021-11-18 11:38:14 - [MESSAGE][INFO] - Finding Test Object 'Object Repository/Butonlar/Butonlar'

2021-11-18 11:38:14 - [MESSAGE][INFO] - Checking timeout

2021-11-18 11:38:14 - [MESSAGE][INFO] - Finding web element with id: 'Object Repository/Butonlar/Butonlar' located by 'By.cssSelector: .panel.panel-default.text-center.footerPanel .btn,.btn.btn-primary.btnControls' in '10' second(s)

2021-11-18 11:38:14 - [MESSAGE][INFO] - Smart Wait Function is triggered

2021-11-18 11:38:14 - [MESSAGE][INFO] - Found 12 web elements with id: 'Object Repository/Butonlar/Butonlar' located by 'By.cssSelector: .panel.panel-default.text-center.footerPanel .btn,.btn.btn-primary.btnControls' in '10' second(s)

2021-11-18 11:38:14 - [MESSAGE][PASSED] - Method.TextDegerineEsitElementeTiklaEquals is PASSED

2021-11-18 11:38:14 - [MESSAGE][PASSED] - Call Test Case 'Test Cases/Butonlar/ButonaTikla' successfully

2021-11-18 11:38:14 - [MESSAGE][INFO] - Checking called Test Case

2021-11-18 11:38:14 - [MESSAGE][INFO] - Starting to call Test Case 'Test Cases/Butonlar/AltButonaTikla'

2021-11-18 11:38:15 - [TEST_CASE][PASSED] - Test Cases/Butonlar/AltButonaTikla: Test Cases/Butonlar/AltButonaTikla

2021-11-18 11:38:15 - [TEST_STEP][PASSED] - Method.TextDegerineEsitElementeTikla(findTestObject("Butonlar/AltButonlar"), Alt_Buton): Method.TextDegerineEsitElementeTikla is PASSED

2021-11-18 11:38:15 - [MESSAGE][INFO] - Finding Test Object 'Object Repository/Butonlar/AltButonlar'

2021-11-18 11:38:15 - [MESSAGE][INFO] - Checking timeout

2021-11-18 11:38:15 - [MESSAGE][INFO] - Finding web element with id: 'Object Repository/Butonlar/AltButonlar' located by 'By.cssSelector: .btn-group.open li>a' in '10' second(s)

2021-11-18 11:38:15 - [MESSAGE][INFO] - Smart Wait Function is triggered

2021-11-18 11:38:15 - [MESSAGE][INFO] - Found 2 web elements with id: 'Object Repository/Butonlar/AltButonlar' located by 'By.cssSelector: .btn-group.open li>a' in '10' second(s)

2021-11-18 11:38:15 - [MESSAGE][PASSED] - Method.TextDegerineEsitElementeTikla is PASSED

2021-11-18 11:38:15 - [MESSAGE][PASSED] - Call Test Case 'Test Cases/Butonlar/AltButonaTikla' successfully

2021-11-18 11:38:15 - [MESSAGE][INFO] - Checking called Test Case

2021-11-18 11:38:15 - [MESSAGE][INFO] - Starting to call Test Case 'Test Cases/Popup/PopupMesajiIceriyorMu'

2021-11-18 11:38:15 - [TEST_CASE][PASSED] - Test Cases/Popup/PopupMesajiIceriyorMu: Test Cases/Popup/PopupMesajiIceriyorMu

2021-11-18 11:38:15 - [TEST_STEP][PASSED] - waitForElementVisible(findTestObject("Popup/Popup"), 10): Object 'Object Repository/Popup/Popup' is visible

2021-11-18 11:38:15 - [MESSAGE][INFO] - Finding Test Object 'Object Repository/Popup/Popup'

2021-11-18 11:38:15 - [MESSAGE][INFO] - Checking object

2021-11-18 11:38:15 - [MESSAGE][INFO] - Checking timeout

2021-11-18 11:38:15 - [MESSAGE][INFO] - Finding web element from Test Object's properties

2021-11-18 11:38:15 - [MESSAGE][INFO] - Checking timeout

2021-11-18 11:38:15 - [MESSAGE][INFO] - Finding web element with id: 'Object Repository/Popup/Popup' located by 'By.cssSelector: .bootbox-body' in '10' second(s)

2021-11-18 11:38:15 - [MESSAGE][INFO] - Smart Wait Function is triggered

2021-11-18 11:38:16 - [MESSAGE][INFO] - Found 1 web elements with id: 'Object Repository/Popup/Popup' located by 'By.cssSelector: .bootbox-body' in '10' second(s)

2021-11-18 11:38:16 - [MESSAGE][PASSED] - Object 'Object Repository/Popup/Popup' is visible

2021-11-18 11:38:16 - [TEST_STEP][PASSED] - if (!(getText(findTestObject("Popup/Popup")).contains(Mesaj))): Text of object 'Object Repository/Popup/Popup' is: 'Lütfen rapor bildiriminin gönderileceği e-posta adresini belirtiniz.
e-Posta Adresi'

2021-11-18 11:38:16 - [MESSAGE][INFO] - Finding Test Object 'Object Repository/Popup/Popup'

2021-11-18 11:38:16 - [MESSAGE][INFO] - Checking object

2021-11-18 11:38:16 - [MESSAGE][INFO] - Finding web element from Test Object's properties

2021-11-18 11:38:16 - [MESSAGE][INFO] - Checking timeout

2021-11-18 11:38:16 - [MESSAGE][INFO] - Finding web element with id: 'Object Repository/Popup/Popup' located by 'By.cssSelector: .bootbox-body' in '30' second(s)

2021-11-18 11:38:16 - [MESSAGE][INFO] - Smart Wait Function is triggered

2021-11-18 11:38:16 - [MESSAGE][INFO] - Found 1 web elements with id: 'Object Repository/Popup/Popup' located by 'By.cssSelector: .bootbox-body' in '30' second(s)

2021-11-18 11:38:16 - [MESSAGE][INFO] - Getting text of object 'Object Repository/Popup/Popup'

2021-11-18 11:38:16 - [MESSAGE][PASSED] - Text of object 'Object Repository/Popup/Popup' is: 'Lütfen rapor bildiriminin gönderileceği e-posta adresini belirtiniz.
e-Posta Adresi'

2021-11-18 11:38:16 - [TEST_STEP][PASSED] - RaporNo = getText(findTestObject("Popup/Popup")).substring(0, 6): Text of object 'Object Repository/Popup/Popup' is: 'Lütfen rapor bildiriminin gönderileceği e-posta adresini belirtiniz.
e-Posta Adresi'

2021-11-18 11:38:16 - [MESSAGE][INFO] - Finding Test Object 'Object Repository/Popup/Popup'

2021-11-18 11:38:16 - [MESSAGE][INFO] - Checking object

2021-11-18 11:38:16 - [MESSAGE][INFO] - Finding web element from Test Object's properties

2021-11-18 11:38:16 - [MESSAGE][INFO] - Checking timeout

2021-11-18 11:38:16 - [MESSAGE][INFO] - Finding web element with id: 'Object Repository/Popup/Popup' located by 'By.cssSelector: .bootbox-body' in '30' second(s)

2021-11-18 11:38:16 - [MESSAGE][INFO] - Smart Wait Function is triggered

2021-11-18 11:38:16 - [MESSAGE][INFO] - Found 1 web elements with id: 'Object Repository/Popup/Popup' located by 'By.cssSelector: .bootbox-body' in '30' second(s)

2021-11-18 11:38:16 - [MESSAGE][INFO] - Getting text of object 'Object Repository/Popup/Popup'

2021-11-18 11:38:16 - [MESSAGE][PASSED] - Text of object 'Object Repository/Popup/Popup' is: 'Lütfen rapor bildiriminin gönderileceği e-posta adresini belirtiniz.
e-Posta Adresi'

2021-11-18 11:38:16 - [TEST_STEP][PASSED] - Console.println(RaporNo): null

2021-11-18 11:38:16 - [MESSAGE][PASSED] - Call Test Case 'Test Cases/Popup/PopupMesajiIceriyorMu' successfully

2021-11-18 11:38:16 - [MESSAGE][INFO] - Checking called Test Case

2021-11-18 11:38:16 - [MESSAGE][INFO] - Starting to call Test Case 'Test Cases/Popup/PopupaEmailEklenir'

2021-11-18 11:38:16 - [TEST_CASE][PASSED] - Test Cases/Popup/PopupaEmailEklenir: Test Cases/Popup/PopupaEmailEklenir

2021-11-18 11:38:16 - [TEST_STEP][PASSED] - clearText(findTestObject("Popup/EmailText")): Text of object 'Object Repository/Popup/EmailText' is cleared

2021-11-18 11:38:16 - [MESSAGE][INFO] - Finding Test Object 'Object Repository/Popup/EmailText'

2021-11-18 11:38:17 - [MESSAGE][INFO] - Checking object

2021-11-18 11:38:17 - [MESSAGE][INFO] - Finding web element from Test Object's properties

2021-11-18 11:38:17 - [MESSAGE][INFO] - Checking timeout

2021-11-18 11:38:17 - [MESSAGE][INFO] - Finding web element with id: 'Object Repository/Popup/EmailText' located by 'By.xpath: //*[@id="eMails"]' in '30' second(s)

2021-11-18 11:38:17 - [MESSAGE][INFO] - Smart Wait Function is triggered

2021-11-18 11:38:17 - [MESSAGE][INFO] - Found 1 web elements with id: 'Object Repository/Popup/EmailText' located by 'By.xpath: //*[@id="eMails"]' in '30' second(s)

2021-11-18 11:38:17 - [MESSAGE][INFO] - Clearing text of object 'Object Repository/Popup/EmailText'

2021-11-18 11:38:17 - [MESSAGE][PASSED] - Text of object 'Object Repository/Popup/EmailText' is cleared

2021-11-18 11:38:17 - [TEST_STEP][PASSED] - sendKeys(findTestObject("Popup/EmailText"), Email): Keys 'elogotest@gmail.com;ali.kara@logo.com.tr' sent to object: 'Object Repository/Popup/EmailText'

2021-11-18 11:38:17 - [MESSAGE][INFO] - Finding Test Object 'Object Repository/Popup/EmailText'

2021-11-18 11:38:17 - [MESSAGE][INFO] - Sending keys 'elogotest@gmail.com;ali.kara@logo.com.tr' to object: 'Object Repository/Popup/EmailText'

2021-11-18 11:38:17 - [MESSAGE][INFO] - Finding web element from Test Object's properties

2021-11-18 11:38:17 - [MESSAGE][INFO] - Checking timeout

2021-11-18 11:38:17 - [MESSAGE][INFO] - Finding web element with id: 'Object Repository/Popup/EmailText' located by 'By.xpath: //*[@id="eMails"]' in '30' second(s)

2021-11-18 11:38:17 - [MESSAGE][INFO] - Smart Wait Function is triggered

2021-11-18 11:38:17 - [MESSAGE][INFO] - Found 1 web elements with id: 'Object Repository/Popup/EmailText' located by 'By.xpath: //*[@id="eMails"]' in '30' second(s)

2021-11-18 11:38:17 - [MESSAGE][PASSED] - Keys 'elogotest@gmail.com;ali.kara@logo.com.tr' sent to object: 'Object Repository/Popup/EmailText'

2021-11-18 11:38:17 - [MESSAGE][PASSED] - Call Test Case 'Test Cases/Popup/PopupaEmailEklenir' successfully

2021-11-18 11:38:17 - [MESSAGE][INFO] - Checking called Test Case

2021-11-18 11:38:17 - [MESSAGE][INFO] - Starting to call Test Case 'Test Cases/Popup/PopupButonSecilir'

2021-11-18 11:38:17 - [TEST_CASE][PASSED] - Test Cases/Popup/PopupButonSecilir: Test Cases/Popup/PopupButonSecilir

2021-11-18 11:38:17 - [TEST_STEP][PASSED] - Method.TextDegerineEsitElementeTikla(findTestObject("Popup/Popup_Butons"), Buton): Method.TextDegerineEsitElementeTikla is PASSED

2021-11-18 11:38:17 - [MESSAGE][INFO] - Finding Test Object 'Object Repository/Popup/Popup_Butons'

2021-11-18 11:38:17 - [MESSAGE][INFO] - Checking timeout

2021-11-18 11:38:17 - [MESSAGE][INFO] - Finding web element with id: 'Object Repository/Popup/Popup_Butons' located by 'By.cssSelector: .modal-footer>button' in '10' second(s)

2021-11-18 11:38:17 - [MESSAGE][INFO] - Smart Wait Function is triggered

2021-11-18 11:38:18 - [MESSAGE][INFO] - Found 2 web elements with id: 'Object Repository/Popup/Popup_Butons' located by 'By.cssSelector: .modal-footer>button' in '10' second(s)

2021-11-18 11:38:18 - [MESSAGE][PASSED] - Method.TextDegerineEsitElementeTikla is PASSED

2021-11-18 11:38:18 - [MESSAGE][PASSED] - Call Test Case 'Test Cases/Popup/PopupButonSecilir' successfully

2021-11-18 11:38:18 - [MESSAGE][INFO] - Checking called Test Case

2021-11-18 11:38:18 - [MESSAGE][INFO] - Starting to call Test Case 'Test Cases/Popup/PopupMesajiIceriyorMu'

2021-11-18 11:38:18 - [TEST_CASE][PASSED] - Test Cases/Popup/PopupMesajiIceriyorMu: Test Cases/Popup/PopupMesajiIceriyorMu

2021-11-18 11:38:18 - [TEST_STEP][PASSED] - waitForElementVisible(findTestObject("Popup/Popup"), 10): Object 'Object Repository/Popup/Popup' is visible

2021-11-18 11:38:18 - [MESSAGE][INFO] - Finding Test Object 'Object Repository/Popup/Popup'

2021-11-18 11:38:18 - [MESSAGE][INFO] - Checking object

2021-11-18 11:38:18 - [MESSAGE][INFO] - Checking timeout

2021-11-18 11:38:18 - [MESSAGE][INFO] - Finding web element from Test Object's properties

2021-11-18 11:38:18 - [MESSAGE][INFO] - Checking timeout

2021-11-18 11:38:18 - [MESSAGE][INFO] - Finding web element with id: 'Object Repository/Popup/Popup' located by 'By.cssSelector: .bootbox-body' in '10' second(s)

2021-11-18 11:38:18 - [MESSAGE][INFO] - Smart Wait Function is triggered

2021-11-18 11:38:19 - [MESSAGE][INFO] - Found 1 web elements with id: 'Object Repository/Popup/Popup' located by 'By.cssSelector: .bootbox-body' in '10' second(s)

2021-11-18 11:38:19 - [MESSAGE][PASSED] - Object 'Object Repository/Popup/Popup' is visible

2021-11-18 11:38:19 - [TEST_STEP][PASSED] - if (!(getText(findTestObject("Popup/Popup")).contains(Mesaj))): Text of object 'Object Repository/Popup/Popup' is: '17371 no’lu talebiniz işleme alınmıştır. Raporunuz hazırlandığında (elogotest@gmail.com;ali.kara@logo.com.tr) adresinize mail gönderilecektir.
Rapor durumunuzu Raporlar > Toplu Veri İndirme ekranından takip edebilir, hazırlandı durumundaki raporlarınızı ilgili menüden indirebilirsiniz.'

2021-11-18 11:38:19 - [MESSAGE][INFO] - Finding Test Object 'Object Repository/Popup/Popup'

2021-11-18 11:38:19 - [MESSAGE][INFO] - Checking object

2021-11-18 11:38:19 - [MESSAGE][INFO] - Finding web element from Test Object's properties

2021-11-18 11:38:19 - [MESSAGE][INFO] - Checking timeout

2021-11-18 11:38:19 - [MESSAGE][INFO] - Finding web element with id: 'Object Repository/Popup/Popup' located by 'By.cssSelector: .bootbox-body' in '30' second(s)

2021-11-18 11:38:19 - [MESSAGE][INFO] - Smart Wait Function is triggered

2021-11-18 11:38:19 - [MESSAGE][INFO] - Found 1 web elements with id: 'Object Repository/Popup/Popup' located by 'By.cssSelector: .bootbox-body' in '30' second(s)

2021-11-18 11:38:19 - [MESSAGE][INFO] - Getting text of object 'Object Repository/Popup/Popup'

2021-11-18 11:38:19 - [MESSAGE][PASSED] - Text of object 'Object Repository/Popup/Popup' is: '17371 no’lu talebiniz işleme alınmıştır. Raporunuz hazırlandığında (elogotest@gmail.com;ali.kara@logo.com.tr) adresinize mail gönderilecektir.
Rapor durumunuzu Raporlar > Toplu Veri İndirme ekranından takip edebilir, hazırlandı durumundaki raporlarınızı ilgili menüden indirebilirsiniz.'

2021-11-18 11:38:19 - [TEST_STEP][PASSED] - RaporNo = getText(findTestObject("Popup/Popup")).substring(0, 6): Text of object 'Object Repository/Popup/Popup' is: '17371 no’lu talebiniz işleme alınmıştır. Raporunuz hazırlandığında (elogotest@gmail.com;ali.kara@logo.com.tr) adresinize mail gönderilecektir.
Rapor durumunuzu Raporlar > Toplu Veri İndirme ekranından takip edebilir, hazırlandı durumundaki raporlarınızı ilgili menüden indirebilirsiniz.'

2021-11-18 11:38:19 - [MESSAGE][INFO] - Finding Test Object 'Object Repository/Popup/Popup'

2021-11-18 11:38:19 - [MESSAGE][INFO] - Checking object

2021-11-18 11:38:19 - [MESSAGE][INFO] - Finding web element from Test Object's properties

2021-11-18 11:38:19 - [MESSAGE][INFO] - Checking timeout

2021-11-18 11:38:19 - [MESSAGE][INFO] - Finding web element with id: 'Object Repository/Popup/Popup' located by 'By.cssSelector: .bootbox-body' in '30' second(s)

2021-11-18 11:38:19 - [MESSAGE][INFO] - Smart Wait Function is triggered

2021-11-18 11:38:19 - [MESSAGE][INFO] - Found 1 web elements with id: 'Object Repository/Popup/Popup' located by 'By.cssSelector: .bootbox-body' in '30' second(s)

2021-11-18 11:38:19 - [MESSAGE][INFO] - Getting text of object 'Object Repository/Popup/Popup'

2021-11-18 11:38:19 - [MESSAGE][PASSED] - Text of object 'Object Repository/Popup/Popup' is: '17371 no’lu talebiniz işleme alınmıştır. Raporunuz hazırlandığında (elogotest@gmail.com;ali.kara@logo.com.tr) adresinize mail gönderilecektir.
Rapor durumunuzu Raporlar > Toplu Veri İndirme ekranından takip edebilir, hazırlandı durumundaki raporlarınızı ilgili menüden indirebilirsiniz.'

2021-11-18 11:38:19 - [TEST_STEP][PASSED] - Console.println(RaporNo): null

2021-11-18 11:38:19 - [MESSAGE][PASSED] - Call Test Case 'Test Cases/Popup/PopupMesajiIceriyorMu' successfully

2021-11-18 11:38:19 - [MESSAGE][INFO] - Checking called Test Case

2021-11-18 11:38:19 - [MESSAGE][INFO] - Starting to call Test Case 'Test Cases/Popup/PopupButonSecilir'

2021-11-18 11:38:19 - [TEST_CASE][PASSED] - Test Cases/Popup/PopupButonSecilir: Test Cases/Popup/PopupButonSecilir

2021-11-18 11:38:19 - [TEST_STEP][PASSED] - Method.TextDegerineEsitElementeTikla(findTestObject("Popup/Popup_Butons"), Buton): Method.TextDegerineEsitElementeTikla is PASSED

2021-11-18 11:38:19 - [MESSAGE][INFO] - Finding Test Object 'Object Repository/Popup/Popup_Butons'

2021-11-18 11:38:19 - [MESSAGE][INFO] - Checking timeout

2021-11-18 11:38:19 - [MESSAGE][INFO] - Finding web element with id: 'Object Repository/Popup/Popup_Butons' located by 'By.cssSelector: .modal-footer>button' in '10' second(s)

2021-11-18 11:38:19 - [MESSAGE][INFO] - Smart Wait Function is triggered

2021-11-18 11:38:20 - [MESSAGE][INFO] - Found 1 web elements with id: 'Object Repository/Popup/Popup_Butons' located by 'By.cssSelector: .modal-footer>button' in '10' second(s)

2021-11-18 11:38:20 - [MESSAGE][PASSED] - Method.TextDegerineEsitElementeTikla is PASSED

2021-11-18 11:38:20 - [MESSAGE][PASSED] - Call Test Case 'Test Cases/Popup/PopupButonSecilir' successfully

2021-11-18 11:38:20 - [MESSAGE][INFO] - Checking called Test Case

2021-11-18 11:38:20 - [MESSAGE][INFO] - Starting to call Test Case 'Test Cases/Menu/AnaMenuSecimi'

2021-11-18 11:38:20 - [TEST_CASE][PASSED] - Test Cases/Menu/AnaMenuSecimi: Test Cases/Menu/AnaMenuSecimi

2021-11-18 11:38:20 - [TEST_STEP][PASSED] - Method.TextDegerineEsitElementeTikla(findTestObject("Menu/Ana_Menu"), Ana_Menu): Method.TextDegerineEsitElementeTikla is PASSED

2021-11-18 11:38:20 - [MESSAGE][INFO] - Finding Test Object 'Object Repository/Menu/Ana_Menu'

2021-11-18 11:38:20 - [MESSAGE][INFO] - Checking timeout

2021-11-18 11:38:20 - [MESSAGE][INFO] - Finding web element with id: 'Object Repository/Menu/Ana_Menu' located by 'By.xpath: //*[@class = 'dropdown-toggle']' in '10' second(s)

2021-11-18 11:38:20 - [MESSAGE][INFO] - Smart Wait Function is triggered

2021-11-18 11:38:21 - [MESSAGE][INFO] - Found 14 web elements with id: 'Object Repository/Menu/Ana_Menu' located by 'By.xpath: //*[@class = 'dropdown-toggle']' in '10' second(s)

2021-11-18 11:38:21 - [MESSAGE][PASSED] - Method.TextDegerineEsitElementeTikla is PASSED

2021-11-18 11:38:21 - [MESSAGE][PASSED] - Call Test Case 'Test Cases/Menu/AnaMenuSecimi' successfully

2021-11-18 11:38:21 - [MESSAGE][INFO] - Checking called Test Case

2021-11-18 11:38:21 - [MESSAGE][INFO] - Starting to call Test Case 'Test Cases/Menu/AltMenuSecimi'

2021-11-18 11:38:21 - [TEST_CASE][PASSED] - Test Cases/Menu/AltMenuSecimi: Test Cases/Menu/AltMenuSecimi

2021-11-18 11:38:21 - [TEST_STEP][PASSED] - Method.TextDegerineEsitElementeTikla(findTestObject("Menu/Alt_Menu"), Alt_Menu): Method.TextDegerineEsitElementeTikla is PASSED

2021-11-18 11:38:21 - [MESSAGE][INFO] - Finding Test Object 'Object Repository/Menu/Alt_Menu'

2021-11-18 11:38:21 - [MESSAGE][INFO] - Checking timeout

2021-11-18 11:38:21 - [MESSAGE][INFO] - Finding web element with id: 'Object Repository/Menu/Alt_Menu' located by 'By.xpath: //li[@class='dropdown dropdown-large open']//li[@class='dropdown-element']' in '10' second(s)

2021-11-18 11:38:21 - [MESSAGE][INFO] - Smart Wait Function is triggered

2021-11-18 11:38:21 - [MESSAGE][INFO] - Found 9 web elements with id: 'Object Repository/Menu/Alt_Menu' located by 'By.xpath: //li[@class='dropdown dropdown-large open']//li[@class='dropdown-element']' in '10' second(s)

2021-11-18 11:38:22 - [MESSAGE][PASSED] - Method.TextDegerineEsitElementeTikla is PASSED

2021-11-18 11:38:22 - [MESSAGE][PASSED] - Call Test Case 'Test Cases/Menu/AltMenuSecimi' successfully

2021-11-18 11:38:22 - [MESSAGE][INFO] - Checking called Test Case

2021-11-18 11:38:22 - [MESSAGE][INFO] - Starting to call Test Case 'Test Cases/Filtreler/RaporNoYaz'

2021-11-18 11:38:22 - [TEST_CASE][PASSED] - Test Cases/Filtreler/RaporNoYaz: Test Cases/Filtreler/RaporNoYaz

2021-11-18 11:38:22 - [TEST_STEP][PASSED] - Method.TextDegerineEsitElementinAltindakiTextboxtaYaz(findTestObject("Filtreler/Basliklar"), findTestObject("Filtreler/Basliga_Gore_Textbox"), "Talep No", RaporNo): Method.TextDegerineEsitElementinAltindakiTextboxtaYaz is PASSED

2021-11-18 11:38:22 - [MESSAGE][INFO] - Finding Test Object 'Object Repository/Filtreler/Basliklar'

2021-11-18 11:38:23 - [MESSAGE][INFO] - Finding Test Object 'Object Repository/Filtreler/Basliga_Gore_Textbox'

2021-11-18 11:38:23 - [MESSAGE][INFO] - Checking timeout

2021-11-18 11:38:23 - [MESSAGE][INFO] - Finding web element with id: 'Object Repository/Filtreler/Basliklar' located by 'By.cssSelector: .control-label.col-sm-4.paddingMarginRLC' in '10' second(s)

2021-11-18 11:38:23 - [MESSAGE][INFO] - Smart Wait Function is triggered

2021-11-18 11:38:23 - [MESSAGE][INFO] - Found 8 web elements with id: 'Object Repository/Filtreler/Basliklar' located by 'By.cssSelector: .control-label.col-sm-4.paddingMarginRLC' in '10' second(s)

2021-11-18 11:38:23 - [MESSAGE][INFO] - Smart Wait Function is triggered

2021-11-18 11:38:23 - [MESSAGE][PASSED] - Method.TextDegerineEsitElementinAltindakiTextboxtaYaz is PASSED

2021-11-18 11:38:23 - [MESSAGE][PASSED] - Call Test Case 'Test Cases/Filtreler/RaporNoYaz' successfully

2021-11-18 11:38:23 - [MESSAGE][INFO] - Checking called Test Case

2021-11-18 11:38:23 - [MESSAGE][INFO] - Starting to call Test Case 'Test Cases/Filtreler/ButonaTikla'

2021-11-18 11:38:24 - [TEST_CASE][PASSED] - Test Cases/Filtreler/ButonaTikla: Test Cases/Filtreler/ButonaTikla

2021-11-18 11:38:24 - [TEST_STEP][PASSED] - Method.TextDegerineEsitElementeTikla(findTestObject("Filtreler/Butonlar"), Filtre_Buton): Method.TextDegerineEsitElementeTikla is PASSED

2021-11-18 11:38:24 - [MESSAGE][INFO] - Finding Test Object 'Object Repository/Filtreler/Butonlar'

2021-11-18 11:38:24 - [MESSAGE][INFO] - Checking timeout

2021-11-18 11:38:24 - [MESSAGE][INFO] - Finding web element with id: 'Object Repository/Filtreler/Butonlar' located by 'By.cssSelector: .dxb>span' in '10' second(s)

2021-11-18 11:38:24 - [MESSAGE][INFO] - Smart Wait Function is triggered

2021-11-18 11:38:24 - [MESSAGE][INFO] - Found 2 web elements with id: 'Object Repository/Filtreler/Butonlar' located by 'By.cssSelector: .dxb>span' in '10' second(s)

2021-11-18 11:38:24 - [MESSAGE][PASSED] - Method.TextDegerineEsitElementeTikla is PASSED

2021-11-18 11:38:24 - [MESSAGE][PASSED] - Call Test Case 'Test Cases/Filtreler/ButonaTikla' successfully

2021-11-18 11:38:24 - [MESSAGE][INFO] - Checking called Test Case

2021-11-18 11:38:24 - [MESSAGE][INFO] - Starting to call Test Case 'Test Cases/Tablo/TablodaVeriVarMi'

2021-11-18 11:38:24 - [TEST_CASE][PASSED] - Test Cases/Tablo/TablodaVeriVarMi: Test Cases/Tablo/TablodaVeriVarMi

2021-11-18 11:38:24 - [TEST_STEP][PASSED] - verifyTextNotPresent("Görüntülenecek veri yok", true): Text 'Görüntülenecek veri yok' is not present on page using regular expression

2021-11-18 11:38:24 - [MESSAGE][INFO] - Checking text present  using regular expression

2021-11-18 11:38:24 - [MESSAGE][INFO] - Smart Wait Function is triggered

2021-11-18 11:38:25 - [MESSAGE][INFO] - Finding text 'Görüntülenecek veri yok' on page  using regular expression

2021-11-18 11:38:25 - [MESSAGE][PASSED] - Text 'Görüntülenecek veri yok' is not present on page using regular expression

2021-11-18 11:38:25 - [MESSAGE][PASSED] - Call Test Case 'Test Cases/Tablo/TablodaVeriVarMi' successfully

2021-11-18 11:38:25 - [MESSAGE][INFO] - Checking called Test Case

2021-11-18 11:38:25 - [MESSAGE][INFO] - Starting to call Test Case 'Test Cases/Kullanici_Islemleri/KullaniciIslemlerindenSecimYapilir'

2021-11-18 11:38:25 - [TEST_CASE][PASSED] - Test Cases/Kullanici_Islemleri/KullaniciIslemlerindenSecimYapilir: Test Cases/Kullanici_Islemleri/KullaniciIslemlerindenSecimYapilir

2021-11-18 11:38:25 - [TEST_STEP][PASSED] - waitForElementClickable(findTestObject("Object Repository/Kullanici_Islemleri/KullaniciIslemleri"), 10): Object 'Object Repository/Kullanici_Islemleri/KullaniciIslemleri' is clickable

2021-11-18 11:38:25 - [MESSAGE][INFO] - Finding Test Object 'Object Repository/Kullanici_Islemleri/KullaniciIslemleri'

2021-11-18 11:38:25 - [MESSAGE][INFO] - Checking object

2021-11-18 11:38:25 - [MESSAGE][INFO] - Checking timeout

2021-11-18 11:38:25 - [MESSAGE][INFO] - Finding web element from Test Object's properties

2021-11-18 11:38:25 - [MESSAGE][INFO] - Checking timeout

2021-11-18 11:38:25 - [MESSAGE][INFO] - Finding web element with id: 'Object Repository/Kullanici_Islemleri/KullaniciIslemleri' located by 'By.cssSelector: .dropdown>a>img' in '10' second(s)

2021-11-18 11:38:25 - [MESSAGE][INFO] - Smart Wait Function is triggered

2021-11-18 11:38:25 - [MESSAGE][INFO] - Found 1 web elements with id: 'Object Repository/Kullanici_Islemleri/KullaniciIslemleri' located by 'By.cssSelector: .dropdown>a>img' in '10' second(s)

2021-11-18 11:38:25 - [MESSAGE][PASSED] - Object 'Object Repository/Kullanici_Islemleri/KullaniciIslemleri' is clickable

2021-11-18 11:38:25 - [TEST_STEP][PASSED] - click(findTestObject("Object Repository/Kullanici_Islemleri/KullaniciIslemleri")): Object: 'Object Repository/Kullanici_Islemleri/KullaniciIslemleri' is clicked on

2021-11-18 11:38:25 - [MESSAGE][INFO] - Finding Test Object 'Object Repository/Kullanici_Islemleri/KullaniciIslemleri'

2021-11-18 11:38:25 - [MESSAGE][INFO] - Checking object

2021-11-18 11:38:25 - [MESSAGE][INFO] - Finding web element from Test Object's properties

2021-11-18 11:38:25 - [MESSAGE][INFO] - Checking timeout

2021-11-18 11:38:25 - [MESSAGE][INFO] - Finding web element with id: 'Object Repository/Kullanici_Islemleri/KullaniciIslemleri' located by 'By.cssSelector: .dropdown>a>img' in '30' second(s)

2021-11-18 11:38:25 - [MESSAGE][INFO] - Smart Wait Function is triggered

2021-11-18 11:38:26 - [MESSAGE][INFO] - Found 1 web elements with id: 'Object Repository/Kullanici_Islemleri/KullaniciIslemleri' located by 'By.cssSelector: .dropdown>a>img' in '30' second(s)

2021-11-18 11:38:26 - [MESSAGE][INFO] - Clicking on object: 'Object Repository/Kullanici_Islemleri/KullaniciIslemleri'

2021-11-18 11:38:26 - [MESSAGE][PASSED] - Object: 'Object Repository/Kullanici_Islemleri/KullaniciIslemleri' is clicked on

2021-11-18 11:38:26 - [TEST_STEP][PASSED] - Method.TextDegerineEsitElementeTikla(findTestObject("Object Repository/Kullanici_Islemleri/Secenekler"), Islem): Method.TextDegerineEsitElementeTikla is PASSED

2021-11-18 11:38:26 - [MESSAGE][INFO] - Finding Test Object 'Object Repository/Kullanici_Islemleri/Secenekler'

2021-11-18 11:38:26 - [MESSAGE][INFO] - Checking timeout

2021-11-18 11:38:26 - [MESSAGE][INFO] - Finding web element with id: 'Object Repository/Kullanici_Islemleri/Secenekler' located by 'By.cssSelector: .nav.navbar-nav.navbar-right li a' in '10' second(s)

2021-11-18 11:38:26 - [MESSAGE][INFO] - Smart Wait Function is triggered

2021-11-18 11:38:26 - [MESSAGE][INFO] - Found 22 web elements with id: 'Object Repository/Kullanici_Islemleri/Secenekler' located by 'By.cssSelector: .nav.navbar-nav.navbar-right li a' in '10' second(s)

2021-11-18 11:38:27 - [MESSAGE][PASSED] - Method.TextDegerineEsitElementeTikla is PASSED

2021-11-18 11:38:27 - [TEST_STEP][PASSED] - verifyElementNotPresent(findTestObject("Object Repository/Kullanici_Islemleri/Secenekler"), 10): Web element with id: 'Object Repository/Kullanici_Islemleri/Secenekler' located by 'By.cssSelector: .nav.navbar-nav.navbar-right li a' is not present after '10' second(s)

2021-11-18 11:38:27 - [MESSAGE][INFO] - Finding Test Object 'Object Repository/Kullanici_Islemleri/Secenekler'

2021-11-18 11:38:28 - [MESSAGE][INFO] - Checking object

2021-11-18 11:38:28 - [MESSAGE][INFO] - Checking timeout

2021-11-18 11:38:28 - [MESSAGE][INFO] - Finding web element with id: 'Object Repository/Kullanici_Islemleri/Secenekler' located by 'By.cssSelector: .nav.navbar-nav.navbar-right li a' in '10' second(s)

2021-11-18 11:38:28 - [MESSAGE][INFO] - Smart Wait Function is triggered

2021-11-18 11:38:28 - [MESSAGE][PASSED] - Web element with id: 'Object Repository/Kullanici_Islemleri/Secenekler' located by 'By.cssSelector: .nav.navbar-nav.navbar-right li a' is not present after '10' second(s)

2021-11-18 11:38:28 - [MESSAGE][PASSED] - Call Test Case 'Test Cases/Kullanici_Islemleri/KullaniciIslemlerindenSecimYapilir' successfully

2021-11-18 11:38:28 - [TEST_CASE][PASSED] - Start Test Case : SCENARIO e-Arsiv Faturasinin excele aktarilmasi: SCENARIO e-Arsiv Faturasinin excele aktarilmasi

2021-11-18 11:38:28 - [TEST_STEP][PASSED] - Kullanıcı adı ELOGO6 ve Şifre 123456 olarak giriş yapılır: Kullanıcı adı ELOGO6 ve Şifre 123456 olarak giriş yapılır

2021-11-18 11:38:28 - [MESSAGE][PASSED] - Kullanıcı adı ELOGO6 ve Şifre 123456 olarak giriş yapılır

2021-11-18 11:38:28 - [TEST_STEP][PASSED] - Ana menüden e-Arşiv seçilir: Ana menüden e-Arşiv seçilir

2021-11-18 11:38:28 - [MESSAGE][PASSED] - Ana menüden e-Arşiv seçilir

2021-11-18 11:38:28 - [TEST_STEP][PASSED] - Alt menü e-Arşiv Hareketleri başlığı altındaki e-Arşiv Faturaları seçilir: Alt menü e-Arşiv Hareketleri başlığı altındaki e-Arşiv Faturaları seçilir

2021-11-18 11:38:28 - [MESSAGE][PASSED] - Alt menü e-Arşiv Hareketleri başlığı altındaki e-Arşiv Faturaları seçilir

2021-11-18 11:38:28 - [TEST_STEP][PASSED] - Filtrelerden Oluşturma Tarihi filtresine 01.01.2020 baslangic degerini yaz: Filtrelerden Oluşturma Tarihi filtresine 01.01.2020 baslangic degerini yaz

2021-11-18 11:38:28 - [MESSAGE][PASSED] - Filtrelerden Oluşturma Tarihi filtresine 01.01.2020 baslangic degerini yaz

2021-11-18 11:38:28 - [TEST_STEP][PASSED] - Filtrelerden Oluşturma Tarihi filtresine 31.12.2020 bitis degerini yaz: Filtrelerden Oluşturma Tarihi filtresine 31.12.2020 bitis degerini yaz

2021-11-18 11:38:28 - [MESSAGE][PASSED] - Filtrelerden Oluşturma Tarihi filtresine 31.12.2020 bitis degerini yaz

2021-11-18 11:38:28 - [TEST_STEP][PASSED] - Filtrelerden Alıcı Ünvanı filtresine test test textini yaz: Filtrelerden Alıcı Ünvanı filtresine test test textini yaz

2021-11-18 11:38:28 - [MESSAGE][PASSED] - Filtrelerden Alıcı Ünvanı filtresine test test textini yaz

2021-11-18 11:38:28 - [TEST_STEP][PASSED] - Filtre butonlarından Listele seçilir: Filtre butonlarından Listele seçilir

2021-11-18 11:38:28 - [MESSAGE][PASSED] - Filtre butonlarından Listele seçilir

2021-11-18 11:38:28 - [TEST_STEP][PASSED] - Tabloda veri var mı kontrol edilir: Tabloda veri var mı kontrol edilir

2021-11-18 11:38:28 - [MESSAGE][PASSED] - Tabloda veri var mı kontrol edilir

2021-11-18 11:38:28 - [TEST_STEP][PASSED] - Tablodan test test isimli veri seçilir: Tablodan test test isimli veri seçilir

2021-11-18 11:38:28 - [MESSAGE][PASSED] - Tablodan test test isimli veri seçilir

2021-11-18 11:38:28 - [TEST_STEP][PASSED] - Butonlardan Excel isimli butona tıklanır: Butonlardan Excel isimli butona tıklanır

2021-11-18 11:38:28 - [MESSAGE][PASSED] - Butonlardan Excel isimli butona tıklanır

2021-11-18 11:38:28 - [TEST_STEP][PASSED] - Alt butonlardan Excel 'e Aktar butonuna tıklanır: Alt butonlardan Excel 'e Aktar butonuna tıklanır

2021-11-18 11:38:28 - [MESSAGE][PASSED] - Alt butonlardan Excel 'e Aktar butonuna tıklanır

2021-11-18 11:38:28 - [TEST_STEP][PASSED] - Popup mesajı Lütfen rapor bildiriminin gönderileceği e-posta adresini belirtiniz. içeriyor mu: Popup mesajı Lütfen rapor bildiriminin gönderileceği e-posta adresini belirtiniz. içeriyor mu

2021-11-18 11:38:28 - [MESSAGE][PASSED] - Popup mesajı Lütfen rapor bildiriminin gönderileceği e-posta adresini belirtiniz. içeriyor mu

2021-11-18 11:38:28 - [TEST_STEP][PASSED] - Popup email elogotest@gmail.com;ali.kara@logo.com.tr olarak girilir: Popup email elogotest@gmail.com;ali.kara@logo.com.tr olarak girilir

2021-11-18 11:38:28 - [MESSAGE][PASSED] - Popup email elogotest@gmail.com;ali.kara@logo.com.tr olarak girilir

2021-11-18 11:38:28 - [TEST_STEP][PASSED] - Yönetim popupında Gönder seçilir: Yönetim popupında Gönder seçilir

2021-11-18 11:38:28 - [MESSAGE][PASSED] - Yönetim popupında Gönder seçilir

2021-11-18 11:38:28 - [TEST_STEP][PASSED] - Popup mesajı talebiniz işleme alınmıştır içeriyor mu: Popup mesajı talebiniz işleme alınmıştır içeriyor mu

2021-11-18 11:38:28 - [MESSAGE][PASSED] - Popup mesajı talebiniz işleme alınmıştır içeriyor mu

2021-11-18 11:38:28 - [TEST_STEP][PASSED] - Yönetim popupında Tamam seçilir: Yönetim popupında Tamam seçilir

2021-11-18 11:38:28 - [MESSAGE][PASSED] - Yönetim popupında Tamam seçilir

2021-11-18 11:38:28 - [TEST_STEP][PASSED] - Butonlardan Excel isimli butona tıklanır: Butonlardan Excel isimli butona tıklanır

2021-11-18 11:38:28 - [MESSAGE][PASSED] - Butonlardan Excel isimli butona tıklanır

2021-11-18 11:38:28 - [TEST_STEP][PASSED] - Alt butonlardan Tümünü Excel'e Aktar butonuna tıklanır: Alt butonlardan Tümünü Excel'e Aktar butonuna tıklanır

2021-11-18 11:38:28 - [MESSAGE][PASSED] - Alt butonlardan Tümünü Excel'e Aktar butonuna tıklanır

2021-11-18 11:38:28 - [TEST_STEP][PASSED] - Popup mesajı Lütfen rapor bildiriminin gönderileceği e-posta adresini belirtiniz. içeriyor mu: Popup mesajı Lütfen rapor bildiriminin gönderileceği e-posta adresini belirtiniz. içeriyor mu

2021-11-18 11:38:28 - [MESSAGE][PASSED] - Popup mesajı Lütfen rapor bildiriminin gönderileceği e-posta adresini belirtiniz. içeriyor mu

2021-11-18 11:38:28 - [TEST_STEP][PASSED] - Popup email elogotest@gmail.com;ali.kara@logo.com.tr olarak girilir: Popup email elogotest@gmail.com;ali.kara@logo.com.tr olarak girilir

2021-11-18 11:38:28 - [MESSAGE][PASSED] - Popup email elogotest@gmail.com;ali.kara@logo.com.tr olarak girilir

2021-11-18 11:38:28 - [TEST_STEP][PASSED] - Yönetim popupında Gönder seçilir: Yönetim popupında Gönder seçilir

2021-11-18 11:38:28 - [MESSAGE][PASSED] - Yönetim popupında Gönder seçilir

2021-11-18 11:38:28 - [TEST_STEP][PASSED] - Popup mesajı talebiniz işleme alınmıştır içeriyor mu: Popup mesajı talebiniz işleme alınmıştır içeriyor mu

2021-11-18 11:38:28 - [MESSAGE][PASSED] - Popup mesajı talebiniz işleme alınmıştır içeriyor mu

2021-11-18 11:38:28 - [TEST_STEP][PASSED] - Yönetim popupında Tamam seçilir: Yönetim popupında Tamam seçilir

2021-11-18 11:38:28 - [MESSAGE][PASSED] - Yönetim popupında Tamam seçilir

2021-11-18 11:38:28 - [TEST_STEP][PASSED] - Ana menüden Raporlar seçilir: Ana menüden Raporlar seçilir

2021-11-18 11:38:28 - [MESSAGE][PASSED] - Ana menüden Raporlar seçilir

2021-11-18 11:38:28 - [TEST_STEP][PASSED] - Alt menüden Toplu Veri İndirme seçilir: Alt menüden Toplu Veri İndirme seçilir

2021-11-18 11:38:28 - [MESSAGE][PASSED] - Alt menüden Toplu Veri İndirme seçilir

2021-11-18 11:38:28 - [TEST_STEP][PASSED] - Filtrelerden Talep No filtresine Rapor No bilgisi yaz: Filtrelerden Talep No filtresine Rapor No bilgisi yaz

2021-11-18 11:38:28 - [MESSAGE][PASSED] - Filtrelerden Talep No filtresine Rapor No bilgisi yaz

2021-11-18 11:38:28 - [TEST_STEP][PASSED] - Filtre butonlarından Listele seçilir: Filtre butonlarından Listele seçilir

2021-11-18 11:38:28 - [MESSAGE][PASSED] - Filtre butonlarından Listele seçilir

2021-11-18 11:38:28 - [TEST_STEP][PASSED] - Tabloda veri var mı kontrol edilir: Tabloda veri var mı kontrol edilir

2021-11-18 11:38:28 - [MESSAGE][PASSED] - Tabloda veri var mı kontrol edilir

2021-11-18 11:38:28 - [TEST_STEP][PASSED] - Kullanıcı işlemlerinden Çıkış seçilir: Kullanıcı işlemlerinden Çıkış seçilir

2021-11-18 11:38:28 - [MESSAGE][PASSED] - Kullanıcı işlemlerinden Çıkış seçilir

2021-11-18 11:38:28 - [MESSAGE][PASSED] - Feature file: 'Include/features/e-Arsiv/e-Arsiv Hareketleri/e-Arsiv Faturalari/Excele Aktar.feature' was passed

2021-11-18 11:38:28 - [TEST_STEP][PASSED] - Start listener action : sampleAfterTestSuite: Invoke 'com.kms.katalon.core.annotation.AfterTestCase' method: 'Listener.sampleAfterTestSuite(...)' completed.

2021-11-18 11:38:28 - [MESSAGE][INFO] - Starting invoke 'com.kms.katalon.core.annotation.AfterTestCase' method: 'Listener.sampleAfterTestSuite(...)'

2021-11-18 11:38:28 - [TEST_STEP][PASSED] - closeBrowser(): Invoke 'com.kms.katalon.core.annotation.AfterTestCase' method: 'Listener.sampleAfterTestSuite(...)' completed.

2021-11-18 11:38:28 - [MESSAGE][INFO] - Closing browser

2021-11-18 11:38:29 - [MESSAGE][PASSED] - Browser is closed

2021-11-18 11:38:29 - [MESSAGE][INFO] - Invoke 'com.kms.katalon.core.annotation.AfterTestCase' method: 'Listener.sampleAfterTestSuite(...)' completed.]]></system-out>
         <system-err><![CDATA[]]></system-err>
      </testcase>
      <testcase name="Test Cases/Case Repository/e-Arsiv/e-Arsiv Hareketleri/e-Arsiv Faturalari/Toplu Indirme" time="54.942" classname="Test Cases/Case Repository/e-Arsiv/e-Arsiv Hareketleri/e-Arsiv Faturalari/Toplu Indirme" status="PASSED">
         <system-out><![CDATA[2021-11-18 11:38:29 - [TEST_CASE][PASSED] - Test Cases/Case Repository/e-Arsiv/e-Arsiv Hareketleri/e-Arsiv Faturalari/Toplu Indirme: Test Cases/Case Repository/e-Arsiv/e-Arsiv Hareketleri/e-Arsiv Faturalari/Toplu Indirme

2021-11-18 11:38:29 - [TEST_STEP][PASSED] - Start listener action : sampleBeforeTestSuite: Invoke 'com.kms.katalon.core.annotation.BeforeTestCase' method: 'Listener.sampleBeforeTestSuite(...)' completed.

2021-11-18 11:38:29 - [MESSAGE][INFO] - Starting invoke 'com.kms.katalon.core.annotation.BeforeTestCase' method: 'Listener.sampleBeforeTestSuite(...)'

2021-11-18 11:38:29 - [TEST_STEP][PASSED] - openBrowser(baseUrl): Browser is opened with url: 'https://efatura-stage.elogo.com.tr/'

2021-11-18 11:38:29 - [MESSAGE][INFO] - Opening browser

2021-11-18 11:38:29 - [MESSAGE][INFO] - Starting 'Chrome' driver

2021-11-18 11:38:29 - [MESSAGE][INFO] - User set preference: ['prefs', '{download.default_directory=C:\otomasyondownfiles}']

2021-11-18 11:38:29 - [MESSAGE][INFO] - Action delay is set to 0 milliseconds

2021-11-18 11:38:30 - [MESSAGE][INFO] - Navigating browser to: 'https://efatura-stage.elogo.com.tr/'

2021-11-18 11:38:32 - [MESSAGE][PASSED] - Browser is opened with url: 'https://efatura-stage.elogo.com.tr/'

2021-11-18 11:38:32 - [TEST_STEP][PASSED] - maximizeWindow(): Invoke 'com.kms.katalon.core.annotation.BeforeTestCase' method: 'Listener.sampleBeforeTestSuite(...)' completed.

2021-11-18 11:38:32 - [MESSAGE][INFO] - Maximizing current window

2021-11-18 11:38:33 - [MESSAGE][PASSED] - Current window maximized

2021-11-18 11:38:33 - [MESSAGE][INFO] - Invoke 'com.kms.katalon.core.annotation.BeforeTestCase' method: 'Listener.sampleBeforeTestSuite(...)' completed.

2021-11-18 11:38:33 - [TEST_STEP][PASSED] - runFeatureFile("Include/features/e-Arsiv/e-Arsiv Hareketleri/e-Arsiv Faturalari/Toplu Indirme.feature"): Feature file: 'Include/features/e-Arsiv/e-Arsiv Hareketleri/e-Arsiv Faturalari/Toplu Indirme.feature' was passed

2021-11-18 11:38:33 - [MESSAGE][INFO] - Starting run keyword runFeatureFile: 'Include/features/e-Arsiv/e-Arsiv Hareketleri/e-Arsiv Faturalari/Toplu Indirme.feature' and extract report to folder: 'C:\Users\DELL\Documents\GitHub\EES_KatalonLogo\Reports\20211118_110909\Suite Repository\ExceleAktarVeTopluIndirme\20211118_110948/cucumber_report/1637224713765'...

2021-11-18 11:38:33 - [MESSAGE][INFO] - Glue: []

2021-11-18 11:38:35 - [MESSAGE][INFO] - Checking called Test Case

2021-11-18 11:38:35 - [MESSAGE][INFO] - Starting to call Test Case 'Test Cases/Sayfalar/Giris_Sayfasi/Login'

2021-11-18 11:38:35 - [TEST_CASE][PASSED] - Test Cases/Sayfalar/Giris_Sayfasi/Login: Test Cases/Sayfalar/Giris_Sayfasi/Login

2021-11-18 11:38:35 - [TEST_STEP][PASSED] - Sayfa_Basligi = getWindowTitle(): Current window's title is: 'LOGO e-Fatura'

2021-11-18 11:38:35 - [MESSAGE][INFO] - Getting current window's title

2021-11-18 11:38:35 - [MESSAGE][PASSED] - Current window's title is: 'LOGO e-Fatura'

2021-11-18 11:38:35 - [TEST_STEP][PASSED] - verifyMatch(Sayfa_Basligi, "LOGO e-Fatura", false): Actual text 'LOGO e-Fatura' and expected text 'LOGO e-Fatura' are matched 

2021-11-18 11:38:35 - [MESSAGE][INFO] - Matching actual text 'LOGO e-Fatura' with expected text 'LOGO e-Fatura'

2021-11-18 11:38:35 - [MESSAGE][PASSED] - Actual text 'LOGO e-Fatura' and expected text 'LOGO e-Fatura' are matched 

2021-11-18 11:38:35 - [TEST_STEP][PASSED] - sendKeys(findTestObject("Sayfalar/Giris_Sayfasi/Firma_Kodu"), KullaniciAdi): Keys 'ELOGO6' sent to object: 'Object Repository/Sayfalar/Giris_Sayfasi/Firma_Kodu'

2021-11-18 11:38:35 - [MESSAGE][INFO] - Finding Test Object 'Object Repository/Sayfalar/Giris_Sayfasi/Firma_Kodu'

2021-11-18 11:38:35 - [MESSAGE][INFO] - Sending keys 'ELOGO6' to object: 'Object Repository/Sayfalar/Giris_Sayfasi/Firma_Kodu'

2021-11-18 11:38:35 - [MESSAGE][INFO] - Finding web element from Test Object's properties

2021-11-18 11:38:35 - [MESSAGE][INFO] - Checking timeout

2021-11-18 11:38:35 - [MESSAGE][INFO] - Finding web element with id: 'Object Repository/Sayfalar/Giris_Sayfasi/Firma_Kodu' located by 'By.xpath: //*[@id = 'AccountName']' in '30' second(s)

2021-11-18 11:38:35 - [MESSAGE][INFO] - Smart Wait Function is triggered

2021-11-18 11:38:36 - [MESSAGE][INFO] - Found 1 web elements with id: 'Object Repository/Sayfalar/Giris_Sayfasi/Firma_Kodu' located by 'By.xpath: //*[@id = 'AccountName']' in '30' second(s)

2021-11-18 11:38:36 - [MESSAGE][PASSED] - Keys 'ELOGO6' sent to object: 'Object Repository/Sayfalar/Giris_Sayfasi/Firma_Kodu'

2021-11-18 11:38:36 - [TEST_STEP][PASSED] - sendKeys(findTestObject("Sayfalar/Giris_Sayfasi/Sifre"), Sifre): Keys '123456' sent to object: 'Object Repository/Sayfalar/Giris_Sayfasi/Sifre'

2021-11-18 11:38:36 - [MESSAGE][INFO] - Finding Test Object 'Object Repository/Sayfalar/Giris_Sayfasi/Sifre'

2021-11-18 11:38:36 - [MESSAGE][INFO] - Sending keys '123456' to object: 'Object Repository/Sayfalar/Giris_Sayfasi/Sifre'

2021-11-18 11:38:36 - [MESSAGE][INFO] - Finding web element from Test Object's properties

2021-11-18 11:38:36 - [MESSAGE][INFO] - Checking timeout

2021-11-18 11:38:36 - [MESSAGE][INFO] - Finding web element with id: 'Object Repository/Sayfalar/Giris_Sayfasi/Sifre' located by 'By.xpath: //*[@id = 'Password']' in '30' second(s)

2021-11-18 11:38:36 - [MESSAGE][INFO] - Smart Wait Function is triggered

2021-11-18 11:38:36 - [MESSAGE][INFO] - Found 1 web elements with id: 'Object Repository/Sayfalar/Giris_Sayfasi/Sifre' located by 'By.xpath: //*[@id = 'Password']' in '30' second(s)

2021-11-18 11:38:36 - [MESSAGE][PASSED] - Keys '123456' sent to object: 'Object Repository/Sayfalar/Giris_Sayfasi/Sifre'

2021-11-18 11:38:36 - [TEST_STEP][PASSED] - findWebElement(findTestObject("Sayfalar/Giris_Sayfasi/Giris_Butonu")).click(): Found 1 web elements with id: 'Object Repository/Sayfalar/Giris_Sayfasi/Giris_Butonu' located by 'By.cssSelector: #btnLogin' in '30' second(s)

2021-11-18 11:38:36 - [MESSAGE][INFO] - Finding Test Object 'Object Repository/Sayfalar/Giris_Sayfasi/Giris_Butonu'

2021-11-18 11:38:36 - [MESSAGE][INFO] - Finding web element from Test Object's properties

2021-11-18 11:38:36 - [MESSAGE][INFO] - Checking timeout

2021-11-18 11:38:36 - [MESSAGE][INFO] - Finding web element with id: 'Object Repository/Sayfalar/Giris_Sayfasi/Giris_Butonu' located by 'By.cssSelector: #btnLogin' in '30' second(s)

2021-11-18 11:38:36 - [MESSAGE][INFO] - Smart Wait Function is triggered

2021-11-18 11:38:36 - [MESSAGE][INFO] - Found 1 web elements with id: 'Object Repository/Sayfalar/Giris_Sayfasi/Giris_Butonu' located by 'By.cssSelector: #btnLogin' in '30' second(s)

2021-11-18 11:38:39 - [TEST_STEP][PASSED] - if (verifyElementPresent(findTestObject("Object Repository/Sayfalar/Giris_Sayfasi/RetveTamam_Butonu"), 5, OPTIONAL)): null

2021-11-18 11:38:39 - [MESSAGE][INFO] - Finding Test Object 'Object Repository/Sayfalar/Giris_Sayfasi/RetveTamam_Butonu'

2021-11-18 11:38:39 - [MESSAGE][INFO] - Checking object

2021-11-18 11:38:39 - [MESSAGE][INFO] - Finding web element from Test Object's properties

2021-11-18 11:38:39 - [MESSAGE][INFO] - Checking timeout

2021-11-18 11:38:39 - [MESSAGE][INFO] - Finding web element with id: 'Object Repository/Sayfalar/Giris_Sayfasi/RetveTamam_Butonu' located by 'By.xpath: //*[@class = 'btn btn-default']' in '5' second(s)

2021-11-18 11:38:39 - [MESSAGE][INFO] - Smart Wait Function is triggered

2021-11-18 11:38:39 - [MESSAGE][INFO] - Found 1 web elements with id: 'Object Repository/Sayfalar/Giris_Sayfasi/RetveTamam_Butonu' located by 'By.xpath: //*[@class = 'btn btn-default']' in '5' second(s)

2021-11-18 11:38:39 - [MESSAGE][PASSED] - Object 'Object Repository/Sayfalar/Giris_Sayfasi/RetveTamam_Butonu' is present

2021-11-18 11:38:39 - [TEST_STEP][PASSED] - click(findTestObject("Object Repository/Sayfalar/Giris_Sayfasi/RetveTamam_Butonu")): Object: 'Object Repository/Sayfalar/Giris_Sayfasi/RetveTamam_Butonu' is clicked on

2021-11-18 11:38:39 - [MESSAGE][INFO] - Finding Test Object 'Object Repository/Sayfalar/Giris_Sayfasi/RetveTamam_Butonu'

2021-11-18 11:38:40 - [MESSAGE][INFO] - Checking object

2021-11-18 11:38:40 - [MESSAGE][INFO] - Finding web element from Test Object's properties

2021-11-18 11:38:40 - [MESSAGE][INFO] - Checking timeout

2021-11-18 11:38:40 - [MESSAGE][INFO] - Finding web element with id: 'Object Repository/Sayfalar/Giris_Sayfasi/RetveTamam_Butonu' located by 'By.xpath: //*[@class = 'btn btn-default']' in '30' second(s)

2021-11-18 11:38:40 - [MESSAGE][INFO] - Smart Wait Function is triggered

2021-11-18 11:38:40 - [MESSAGE][INFO] - Found 1 web elements with id: 'Object Repository/Sayfalar/Giris_Sayfasi/RetveTamam_Butonu' located by 'By.xpath: //*[@class = 'btn btn-default']' in '30' second(s)

2021-11-18 11:38:40 - [MESSAGE][INFO] - Clicking on object: 'Object Repository/Sayfalar/Giris_Sayfasi/RetveTamam_Butonu'

2021-11-18 11:38:40 - [MESSAGE][PASSED] - Object: 'Object Repository/Sayfalar/Giris_Sayfasi/RetveTamam_Butonu' is clicked on

2021-11-18 11:38:40 - [TEST_STEP][PASSED] - click(findTestObject("Object Repository/Sayfalar/Giris_Sayfasi/RetveTamam_Butonu")): Object: 'Object Repository/Sayfalar/Giris_Sayfasi/RetveTamam_Butonu' is clicked on

2021-11-18 11:38:40 - [MESSAGE][INFO] - Finding Test Object 'Object Repository/Sayfalar/Giris_Sayfasi/RetveTamam_Butonu'

2021-11-18 11:38:40 - [MESSAGE][INFO] - Checking object

2021-11-18 11:38:40 - [MESSAGE][INFO] - Finding web element from Test Object's properties

2021-11-18 11:38:40 - [MESSAGE][INFO] - Checking timeout

2021-11-18 11:38:40 - [MESSAGE][INFO] - Finding web element with id: 'Object Repository/Sayfalar/Giris_Sayfasi/RetveTamam_Butonu' located by 'By.xpath: //*[@class = 'btn btn-default']' in '30' second(s)

2021-11-18 11:38:40 - [MESSAGE][INFO] - Smart Wait Function is triggered

2021-11-18 11:38:43 - [MESSAGE][INFO] - Found 1 web elements with id: 'Object Repository/Sayfalar/Giris_Sayfasi/RetveTamam_Butonu' located by 'By.xpath: //*[@class = 'btn btn-default']' in '30' second(s)

2021-11-18 11:38:43 - [MESSAGE][INFO] - Clicking on object: 'Object Repository/Sayfalar/Giris_Sayfasi/RetveTamam_Butonu'

2021-11-18 11:38:43 - [MESSAGE][PASSED] - Object: 'Object Repository/Sayfalar/Giris_Sayfasi/RetveTamam_Butonu' is clicked on

2021-11-18 11:38:43 - [TEST_STEP][PASSED] - if (verifyElementPresent(findTestObject("Sayfalar/Giris_Sayfasi/PopupOK"), 5, OPTIONAL)): null

2021-11-18 11:38:43 - [MESSAGE][INFO] - Finding Test Object 'Object Repository/Sayfalar/Giris_Sayfasi/PopupOK'

2021-11-18 11:38:43 - [MESSAGE][INFO] - Checking object

2021-11-18 11:38:43 - [MESSAGE][INFO] - Finding web element from Test Object's properties

2021-11-18 11:38:43 - [MESSAGE][INFO] - Checking timeout

2021-11-18 11:38:43 - [MESSAGE][INFO] - Finding web element with id: 'Object Repository/Sayfalar/Giris_Sayfasi/PopupOK' located by 'By.cssSelector: .btn.btn-success' in '5' second(s)

2021-11-18 11:38:43 - [MESSAGE][INFO] - Smart Wait Function is triggered

2021-11-18 11:38:44 - [MESSAGE][INFO] - Found 1 web elements with id: 'Object Repository/Sayfalar/Giris_Sayfasi/PopupOK' located by 'By.cssSelector: .btn.btn-success' in '5' second(s)

2021-11-18 11:38:44 - [MESSAGE][PASSED] - Object 'Object Repository/Sayfalar/Giris_Sayfasi/PopupOK' is present

2021-11-18 11:38:44 - [TEST_STEP][PASSED] - click(findTestObject("Object Repository/Sayfalar/Giris_Sayfasi/PopupCarpiGiris")): Object: 'Object Repository/Sayfalar/Giris_Sayfasi/PopupCarpiGiris' is clicked on

2021-11-18 11:38:44 - [MESSAGE][INFO] - Finding Test Object 'Object Repository/Sayfalar/Giris_Sayfasi/PopupCarpiGiris'

2021-11-18 11:38:44 - [MESSAGE][INFO] - Checking object

2021-11-18 11:38:44 - [MESSAGE][INFO] - Finding web element from Test Object's properties

2021-11-18 11:38:44 - [MESSAGE][INFO] - Checking timeout

2021-11-18 11:38:44 - [MESSAGE][INFO] - Finding web element with id: 'Object Repository/Sayfalar/Giris_Sayfasi/PopupCarpiGiris' located by 'By.cssSelector: .bootbox-close-button.close' in '30' second(s)

2021-11-18 11:38:44 - [MESSAGE][INFO] - Smart Wait Function is triggered

2021-11-18 11:38:44 - [MESSAGE][INFO] - Found 1 web elements with id: 'Object Repository/Sayfalar/Giris_Sayfasi/PopupCarpiGiris' located by 'By.cssSelector: .bootbox-close-button.close' in '30' second(s)

2021-11-18 11:38:44 - [MESSAGE][INFO] - Clicking on object: 'Object Repository/Sayfalar/Giris_Sayfasi/PopupCarpiGiris'

2021-11-18 11:38:44 - [MESSAGE][PASSED] - Object: 'Object Repository/Sayfalar/Giris_Sayfasi/PopupCarpiGiris' is clicked on

2021-11-18 11:38:44 - [TEST_STEP][PASSED] - verifyElementVisible(findTestObject("Object Repository/Kullanici_Islemleri/KullaniciIslemleri")): Object 'Object Repository/Kullanici_Islemleri/KullaniciIslemleri' is visible

2021-11-18 11:38:44 - [MESSAGE][INFO] - Finding Test Object 'Object Repository/Kullanici_Islemleri/KullaniciIslemleri'

2021-11-18 11:38:44 - [MESSAGE][INFO] - Checking object

2021-11-18 11:38:44 - [MESSAGE][INFO] - Finding web element from Test Object's properties

2021-11-18 11:38:44 - [MESSAGE][INFO] - Checking timeout

2021-11-18 11:38:44 - [MESSAGE][INFO] - Finding web element with id: 'Object Repository/Kullanici_Islemleri/KullaniciIslemleri' located by 'By.cssSelector: .dropdown>a>img' in '30' second(s)

2021-11-18 11:38:44 - [MESSAGE][INFO] - Smart Wait Function is triggered

2021-11-18 11:38:45 - [MESSAGE][INFO] - Found 1 web elements with id: 'Object Repository/Kullanici_Islemleri/KullaniciIslemleri' located by 'By.cssSelector: .dropdown>a>img' in '30' second(s)

2021-11-18 11:38:45 - [MESSAGE][PASSED] - Object 'Object Repository/Kullanici_Islemleri/KullaniciIslemleri' is visible

2021-11-18 11:38:45 - [MESSAGE][PASSED] - Call Test Case 'Test Cases/Sayfalar/Giris_Sayfasi/Login' successfully

2021-11-18 11:38:45 - [MESSAGE][INFO] - Checking called Test Case

2021-11-18 11:38:45 - [MESSAGE][INFO] - Starting to call Test Case 'Test Cases/Menu/AnaMenuSecimi'

2021-11-18 11:38:45 - [TEST_CASE][PASSED] - Test Cases/Menu/AnaMenuSecimi: Test Cases/Menu/AnaMenuSecimi

2021-11-18 11:38:45 - [TEST_STEP][PASSED] - Method.TextDegerineEsitElementeTikla(findTestObject("Menu/Ana_Menu"), Ana_Menu): Method.TextDegerineEsitElementeTikla is PASSED

2021-11-18 11:38:45 - [MESSAGE][INFO] - Finding Test Object 'Object Repository/Menu/Ana_Menu'

2021-11-18 11:38:45 - [MESSAGE][INFO] - Checking timeout

2021-11-18 11:38:45 - [MESSAGE][INFO] - Finding web element with id: 'Object Repository/Menu/Ana_Menu' located by 'By.xpath: //*[@class = 'dropdown-toggle']' in '10' second(s)

2021-11-18 11:38:45 - [MESSAGE][INFO] - Smart Wait Function is triggered

2021-11-18 11:38:46 - [MESSAGE][INFO] - Found 14 web elements with id: 'Object Repository/Menu/Ana_Menu' located by 'By.xpath: //*[@class = 'dropdown-toggle']' in '10' second(s)

2021-11-18 11:38:46 - [MESSAGE][PASSED] - Method.TextDegerineEsitElementeTikla is PASSED

2021-11-18 11:38:46 - [MESSAGE][PASSED] - Call Test Case 'Test Cases/Menu/AnaMenuSecimi' successfully

2021-11-18 11:38:46 - [MESSAGE][INFO] - Checking called Test Case

2021-11-18 11:38:46 - [MESSAGE][INFO] - Starting to call Test Case 'Test Cases/Menu/BasligaGoreAltMenuSecimi'

2021-11-18 11:38:46 - [TEST_CASE][PASSED] - Test Cases/Menu/BasligaGoreAltMenuSecimi: Test Cases/Menu/BasligaGoreAltMenuSecimi

2021-11-18 11:38:46 - [TEST_STEP][PASSED] - Method.TextDegerineEsitElementinAltindakiTextDegerineEsitOlanaTikla(findTestObject("Menu/Menu_Basligi"), findTestObject("Menu/Basliga_Gore_Alt_Menu"), Baslik, Alt_Menu): Method.TextDegerineEsitElementinAltindakiTextDegerineEsitOlanaTikla is PASSED

2021-11-18 11:38:46 - [MESSAGE][INFO] - Finding Test Object 'Object Repository/Menu/Menu_Basligi'

2021-11-18 11:38:46 - [MESSAGE][INFO] - Finding Test Object 'Object Repository/Menu/Basliga_Gore_Alt_Menu'

2021-11-18 11:38:46 - [MESSAGE][INFO] - Checking timeout

2021-11-18 11:38:46 - [MESSAGE][INFO] - Finding web element with id: 'Object Repository/Menu/Menu_Basligi' located by 'By.xpath: //li[@class='dropdown dropdown-large open']//li[@class='dropdown-header']' in '10' second(s)

2021-11-18 11:38:46 - [MESSAGE][INFO] - Smart Wait Function is triggered

2021-11-18 11:38:46 - [MESSAGE][INFO] - Found 2 web elements with id: 'Object Repository/Menu/Menu_Basligi' located by 'By.xpath: //li[@class='dropdown dropdown-large open']//li[@class='dropdown-header']' in '10' second(s)

2021-11-18 11:38:46 - [MESSAGE][INFO] - Smart Wait Function is triggered

2021-11-18 11:38:49 - [MESSAGE][PASSED] - Method.TextDegerineEsitElementinAltindakiTextDegerineEsitOlanaTikla is PASSED

2021-11-18 11:38:49 - [MESSAGE][PASSED] - Call Test Case 'Test Cases/Menu/BasligaGoreAltMenuSecimi' successfully

2021-11-18 11:38:49 - [MESSAGE][INFO] - Checking called Test Case

2021-11-18 11:38:49 - [MESSAGE][INFO] - Starting to call Test Case 'Test Cases/Filtreler/BaslangicYaz'

2021-11-18 11:38:49 - [TEST_CASE][PASSED] - Test Cases/Filtreler/BaslangicYaz: Test Cases/Filtreler/BaslangicYaz

2021-11-18 11:38:49 - [TEST_STEP][PASSED] - delay(3): Delayed 3 second(s)

2021-11-18 11:38:49 - [MESSAGE][INFO] - Delaying browser in 3 second(s)

2021-11-18 11:38:52 - [MESSAGE][PASSED] - Delayed 3 second(s)

2021-11-18 11:38:52 - [TEST_STEP][PASSED] - Method.TextDegerineEsitElementinAltindakineTikla(findTestObject("Filtreler/Basliklar"), findTestObject("Filtreler/Basliga_Gore_Baslangic_Image"), Filtre_Adi): Method.TextDegerineEsitElementinAltindakineTikla is PASSED

2021-11-18 11:38:52 - [MESSAGE][INFO] - Finding Test Object 'Object Repository/Filtreler/Basliklar'

2021-11-18 11:38:52 - [MESSAGE][INFO] - Finding Test Object 'Object Repository/Filtreler/Basliga_Gore_Baslangic_Image'

2021-11-18 11:38:53 - [MESSAGE][INFO] - Checking timeout

2021-11-18 11:38:53 - [MESSAGE][INFO] - Finding web element with id: 'Object Repository/Filtreler/Basliklar' located by 'By.cssSelector: .control-label.col-sm-4.paddingMarginRLC' in '10' second(s)

2021-11-18 11:38:53 - [MESSAGE][INFO] - Smart Wait Function is triggered

2021-11-18 11:38:53 - [MESSAGE][INFO] - Found 19 web elements with id: 'Object Repository/Filtreler/Basliklar' located by 'By.cssSelector: .control-label.col-sm-4.paddingMarginRLC' in '10' second(s)

2021-11-18 11:38:53 - [MESSAGE][INFO] - Smart Wait Function is triggered

2021-11-18 11:38:53 - [MESSAGE][PASSED] - Method.TextDegerineEsitElementinAltindakineTikla is PASSED

2021-11-18 11:38:53 - [TEST_STEP][PASSED] - Method.TextDegerineEsitElementinAltindakiTextboxtaYaz(findTestObject("Filtreler/Basliklar"), findTestObject("Filtreler/Basliga_Gore_Baslangic"), Filtre_Adi, Filtre_Degeri): Method.TextDegerineEsitElementinAltindakiTextboxtaYaz is PASSED

2021-11-18 11:38:53 - [MESSAGE][INFO] - Finding Test Object 'Object Repository/Filtreler/Basliklar'

2021-11-18 11:38:53 - [MESSAGE][INFO] - Finding Test Object 'Object Repository/Filtreler/Basliga_Gore_Baslangic'

2021-11-18 11:38:53 - [MESSAGE][INFO] - Checking timeout

2021-11-18 11:38:53 - [MESSAGE][INFO] - Finding web element with id: 'Object Repository/Filtreler/Basliklar' located by 'By.cssSelector: .control-label.col-sm-4.paddingMarginRLC' in '10' second(s)

2021-11-18 11:38:53 - [MESSAGE][INFO] - Smart Wait Function is triggered

2021-11-18 11:38:54 - [MESSAGE][INFO] - Found 19 web elements with id: 'Object Repository/Filtreler/Basliklar' located by 'By.cssSelector: .control-label.col-sm-4.paddingMarginRLC' in '10' second(s)

2021-11-18 11:38:54 - [MESSAGE][INFO] - Smart Wait Function is triggered

2021-11-18 11:38:54 - [MESSAGE][PASSED] - Method.TextDegerineEsitElementinAltindakiTextboxtaYaz is PASSED

2021-11-18 11:38:54 - [MESSAGE][PASSED] - Call Test Case 'Test Cases/Filtreler/BaslangicYaz' successfully

2021-11-18 11:38:54 - [MESSAGE][INFO] - Checking called Test Case

2021-11-18 11:38:54 - [MESSAGE][INFO] - Starting to call Test Case 'Test Cases/Filtreler/BitisYaz'

2021-11-18 11:38:54 - [TEST_CASE][PASSED] - Test Cases/Filtreler/BitisYaz: Test Cases/Filtreler/BitisYaz

2021-11-18 11:38:54 - [TEST_STEP][PASSED] - Method.TextDegerineEsitElementinAltindakineTikla(findTestObject("Filtreler/Basliklar"), findTestObject("Filtreler/Basliga_Gore_Bitis_Image"), Filtre_Adi): Method.TextDegerineEsitElementinAltindakineTikla is PASSED

2021-11-18 11:38:54 - [MESSAGE][INFO] - Finding Test Object 'Object Repository/Filtreler/Basliklar'

2021-11-18 11:38:54 - [MESSAGE][INFO] - Finding Test Object 'Object Repository/Filtreler/Basliga_Gore_Bitis_Image'

2021-11-18 11:38:55 - [MESSAGE][INFO] - Checking timeout

2021-11-18 11:38:55 - [MESSAGE][INFO] - Finding web element with id: 'Object Repository/Filtreler/Basliklar' located by 'By.cssSelector: .control-label.col-sm-4.paddingMarginRLC' in '10' second(s)

2021-11-18 11:38:55 - [MESSAGE][INFO] - Smart Wait Function is triggered

2021-11-18 11:38:55 - [MESSAGE][INFO] - Found 19 web elements with id: 'Object Repository/Filtreler/Basliklar' located by 'By.cssSelector: .control-label.col-sm-4.paddingMarginRLC' in '10' second(s)

2021-11-18 11:38:55 - [MESSAGE][INFO] - Smart Wait Function is triggered

2021-11-18 11:38:55 - [MESSAGE][PASSED] - Method.TextDegerineEsitElementinAltindakineTikla is PASSED

2021-11-18 11:38:55 - [TEST_STEP][PASSED] - Method.TextDegerineEsitElementinAltindakiTextboxtaYaz(findTestObject("Filtreler/Basliklar"), findTestObject("Object Repository/Filtreler/Basliga_Gore_Bitis"), Filtre_Adi, Filtre_Degeri): Method.TextDegerineEsitElementinAltindakiTextboxtaYaz is PASSED

2021-11-18 11:38:55 - [MESSAGE][INFO] - Finding Test Object 'Object Repository/Filtreler/Basliklar'

2021-11-18 11:38:55 - [MESSAGE][INFO] - Finding Test Object 'Object Repository/Filtreler/Basliga_Gore_Bitis'

2021-11-18 11:38:55 - [MESSAGE][INFO] - Checking timeout

2021-11-18 11:38:55 - [MESSAGE][INFO] - Finding web element with id: 'Object Repository/Filtreler/Basliklar' located by 'By.cssSelector: .control-label.col-sm-4.paddingMarginRLC' in '10' second(s)

2021-11-18 11:38:55 - [MESSAGE][INFO] - Smart Wait Function is triggered

2021-11-18 11:38:56 - [MESSAGE][INFO] - Found 19 web elements with id: 'Object Repository/Filtreler/Basliklar' located by 'By.cssSelector: .control-label.col-sm-4.paddingMarginRLC' in '10' second(s)

2021-11-18 11:38:56 - [MESSAGE][INFO] - Smart Wait Function is triggered

2021-11-18 11:38:56 - [MESSAGE][PASSED] - Method.TextDegerineEsitElementinAltindakiTextboxtaYaz is PASSED

2021-11-18 11:38:56 - [MESSAGE][PASSED] - Call Test Case 'Test Cases/Filtreler/BitisYaz' successfully

2021-11-18 11:38:56 - [MESSAGE][INFO] - Checking called Test Case

2021-11-18 11:38:56 - [MESSAGE][INFO] - Starting to call Test Case 'Test Cases/Filtreler/TexboxaYaz'

2021-11-18 11:38:56 - [TEST_CASE][PASSED] - Test Cases/Filtreler/TexboxaYaz: Test Cases/Filtreler/TexboxaYaz

2021-11-18 11:38:56 - [TEST_STEP][PASSED] - Method.TextDegerineEsitElementinAltindakiTextboxtaYaz(findTestObject("Filtreler/Basliklar"), findTestObject("Filtreler/Basliga_Gore_Textbox"), Filtre_Adi, Filtre_Degeri): Method.TextDegerineEsitElementinAltindakiTextboxtaYaz is PASSED

2021-11-18 11:38:56 - [MESSAGE][INFO] - Finding Test Object 'Object Repository/Filtreler/Basliklar'

2021-11-18 11:38:56 - [MESSAGE][INFO] - Finding Test Object 'Object Repository/Filtreler/Basliga_Gore_Textbox'

2021-11-18 11:38:57 - [MESSAGE][INFO] - Checking timeout

2021-11-18 11:38:57 - [MESSAGE][INFO] - Finding web element with id: 'Object Repository/Filtreler/Basliklar' located by 'By.cssSelector: .control-label.col-sm-4.paddingMarginRLC' in '10' second(s)

2021-11-18 11:38:57 - [MESSAGE][INFO] - Smart Wait Function is triggered

2021-11-18 11:38:57 - [MESSAGE][INFO] - Found 19 web elements with id: 'Object Repository/Filtreler/Basliklar' located by 'By.cssSelector: .control-label.col-sm-4.paddingMarginRLC' in '10' second(s)

2021-11-18 11:38:57 - [MESSAGE][INFO] - Smart Wait Function is triggered

2021-11-18 11:38:57 - [MESSAGE][PASSED] - Method.TextDegerineEsitElementinAltindakiTextboxtaYaz is PASSED

2021-11-18 11:38:57 - [MESSAGE][PASSED] - Call Test Case 'Test Cases/Filtreler/TexboxaYaz' successfully

2021-11-18 11:38:57 - [MESSAGE][INFO] - Checking called Test Case

2021-11-18 11:38:57 - [MESSAGE][INFO] - Starting to call Test Case 'Test Cases/Filtreler/ButonaTikla'

2021-11-18 11:38:57 - [TEST_CASE][PASSED] - Test Cases/Filtreler/ButonaTikla: Test Cases/Filtreler/ButonaTikla

2021-11-18 11:38:57 - [TEST_STEP][PASSED] - Method.TextDegerineEsitElementeTikla(findTestObject("Filtreler/Butonlar"), Filtre_Buton): Method.TextDegerineEsitElementeTikla is PASSED

2021-11-18 11:38:57 - [MESSAGE][INFO] - Finding Test Object 'Object Repository/Filtreler/Butonlar'

2021-11-18 11:38:58 - [MESSAGE][INFO] - Checking timeout

2021-11-18 11:38:58 - [MESSAGE][INFO] - Finding web element with id: 'Object Repository/Filtreler/Butonlar' located by 'By.cssSelector: .dxb>span' in '10' second(s)

2021-11-18 11:38:58 - [MESSAGE][INFO] - Smart Wait Function is triggered

2021-11-18 11:38:58 - [MESSAGE][INFO] - Found 3 web elements with id: 'Object Repository/Filtreler/Butonlar' located by 'By.cssSelector: .dxb>span' in '10' second(s)

2021-11-18 11:38:58 - [MESSAGE][PASSED] - Method.TextDegerineEsitElementeTikla is PASSED

2021-11-18 11:38:58 - [MESSAGE][PASSED] - Call Test Case 'Test Cases/Filtreler/ButonaTikla' successfully

2021-11-18 11:38:58 - [MESSAGE][INFO] - Checking called Test Case

2021-11-18 11:38:58 - [MESSAGE][INFO] - Starting to call Test Case 'Test Cases/Tablo/TablodaVeriVarMi'

2021-11-18 11:38:58 - [TEST_CASE][PASSED] - Test Cases/Tablo/TablodaVeriVarMi: Test Cases/Tablo/TablodaVeriVarMi

2021-11-18 11:38:58 - [TEST_STEP][PASSED] - verifyTextNotPresent("Görüntülenecek veri yok", true): Text 'Görüntülenecek veri yok' is not present on page using regular expression

2021-11-18 11:38:58 - [MESSAGE][INFO] - Checking text present  using regular expression

2021-11-18 11:38:58 - [MESSAGE][INFO] - Smart Wait Function is triggered

2021-11-18 11:38:59 - [MESSAGE][INFO] - Finding text 'Görüntülenecek veri yok' on page  using regular expression

2021-11-18 11:38:59 - [MESSAGE][PASSED] - Text 'Görüntülenecek veri yok' is not present on page using regular expression

2021-11-18 11:38:59 - [MESSAGE][PASSED] - Call Test Case 'Test Cases/Tablo/TablodaVeriVarMi' successfully

2021-11-18 11:38:59 - [MESSAGE][INFO] - Checking called Test Case

2021-11-18 11:38:59 - [MESSAGE][INFO] - Starting to call Test Case 'Test Cases/Tablo/TablodanVeriSec'

2021-11-18 11:38:59 - [TEST_CASE][PASSED] - Test Cases/Tablo/TablodanVeriSec: Test Cases/Tablo/TablodanVeriSec

2021-11-18 11:38:59 - [TEST_STEP][PASSED] - Method.TextDegerineEsitElementinAltindakineTikla(findTestObject("Tablo/Veriler"), findTestObject("Tablo/VerininCheckBoxi"), Veri_Adi): Method.TextDegerineEsitElementinAltindakineTikla is PASSED

2021-11-18 11:38:59 - [MESSAGE][INFO] - Finding Test Object 'Object Repository/Tablo/Veriler'

2021-11-18 11:38:59 - [MESSAGE][INFO] - Finding Test Object 'Object Repository/Tablo/VerininCheckBoxi'

2021-11-18 11:39:00 - [MESSAGE][INFO] - Checking timeout

2021-11-18 11:39:00 - [MESSAGE][INFO] - Finding web element with id: 'Object Repository/Tablo/Veriler' located by 'By.cssSelector: td.dxgv b ,td.dxgv' in '10' second(s)

2021-11-18 11:39:00 - [MESSAGE][INFO] - Smart Wait Function is triggered

2021-11-18 11:39:00 - [MESSAGE][INFO] - Found 88 web elements with id: 'Object Repository/Tablo/Veriler' located by 'By.cssSelector: td.dxgv b ,td.dxgv' in '10' second(s)

2021-11-18 11:39:00 - [MESSAGE][INFO] - Smart Wait Function is triggered

2021-11-18 11:39:00 - [MESSAGE][PASSED] - Method.TextDegerineEsitElementinAltindakineTikla is PASSED

2021-11-18 11:39:00 - [MESSAGE][PASSED] - Call Test Case 'Test Cases/Tablo/TablodanVeriSec' successfully

2021-11-18 11:39:00 - [MESSAGE][INFO] - Checking called Test Case

2021-11-18 11:39:00 - [MESSAGE][INFO] - Starting to call Test Case 'Test Cases/Butonlar/ButonaTikla'

2021-11-18 11:39:00 - [TEST_CASE][PASSED] - Test Cases/Butonlar/ButonaTikla: Test Cases/Butonlar/ButonaTikla

2021-11-18 11:39:00 - [TEST_STEP][PASSED] - Method.TextDegerineEsitElementeTiklaEquals(findTestObject("Butonlar/Butonlar"), Buton_Adi): Method.TextDegerineEsitElementeTiklaEquals is PASSED

2021-11-18 11:39:00 - [MESSAGE][INFO] - Finding Test Object 'Object Repository/Butonlar/Butonlar'

2021-11-18 11:39:00 - [MESSAGE][INFO] - Checking timeout

2021-11-18 11:39:00 - [MESSAGE][INFO] - Finding web element with id: 'Object Repository/Butonlar/Butonlar' located by 'By.cssSelector: .panel.panel-default.text-center.footerPanel .btn,.btn.btn-primary.btnControls' in '10' second(s)

2021-11-18 11:39:00 - [MESSAGE][INFO] - Smart Wait Function is triggered

2021-11-18 11:39:01 - [MESSAGE][INFO] - Found 12 web elements with id: 'Object Repository/Butonlar/Butonlar' located by 'By.cssSelector: .panel.panel-default.text-center.footerPanel .btn,.btn.btn-primary.btnControls' in '10' second(s)

2021-11-18 11:39:01 - [MESSAGE][PASSED] - Method.TextDegerineEsitElementeTiklaEquals is PASSED

2021-11-18 11:39:01 - [MESSAGE][PASSED] - Call Test Case 'Test Cases/Butonlar/ButonaTikla' successfully

2021-11-18 11:39:01 - [MESSAGE][INFO] - Checking called Test Case

2021-11-18 11:39:01 - [MESSAGE][INFO] - Starting to call Test Case 'Test Cases/Butonlar/AltButonaTikla'

2021-11-18 11:39:01 - [TEST_CASE][PASSED] - Test Cases/Butonlar/AltButonaTikla: Test Cases/Butonlar/AltButonaTikla

2021-11-18 11:39:01 - [TEST_STEP][PASSED] - Method.TextDegerineEsitElementeTikla(findTestObject("Butonlar/AltButonlar"), Alt_Buton): Method.TextDegerineEsitElementeTikla is PASSED

2021-11-18 11:39:01 - [MESSAGE][INFO] - Finding Test Object 'Object Repository/Butonlar/AltButonlar'

2021-11-18 11:39:01 - [MESSAGE][INFO] - Checking timeout

2021-11-18 11:39:01 - [MESSAGE][INFO] - Finding web element with id: 'Object Repository/Butonlar/AltButonlar' located by 'By.cssSelector: .btn-group.open li>a' in '10' second(s)

2021-11-18 11:39:01 - [MESSAGE][INFO] - Smart Wait Function is triggered

2021-11-18 11:39:01 - [MESSAGE][INFO] - Found 4 web elements with id: 'Object Repository/Butonlar/AltButonlar' located by 'By.cssSelector: .btn-group.open li>a' in '10' second(s)

2021-11-18 11:39:02 - [MESSAGE][PASSED] - Method.TextDegerineEsitElementeTikla is PASSED

2021-11-18 11:39:02 - [MESSAGE][PASSED] - Call Test Case 'Test Cases/Butonlar/AltButonaTikla' successfully

2021-11-18 11:39:02 - [MESSAGE][INFO] - Checking called Test Case

2021-11-18 11:39:02 - [MESSAGE][INFO] - Starting to call Test Case 'Test Cases/Popup/PopupMesajiIceriyorMu'

2021-11-18 11:39:02 - [TEST_CASE][PASSED] - Test Cases/Popup/PopupMesajiIceriyorMu: Test Cases/Popup/PopupMesajiIceriyorMu

2021-11-18 11:39:02 - [TEST_STEP][PASSED] - waitForElementVisible(findTestObject("Popup/Popup"), 10): Object 'Object Repository/Popup/Popup' is visible

2021-11-18 11:39:02 - [MESSAGE][INFO] - Finding Test Object 'Object Repository/Popup/Popup'

2021-11-18 11:39:02 - [MESSAGE][INFO] - Checking object

2021-11-18 11:39:02 - [MESSAGE][INFO] - Checking timeout

2021-11-18 11:39:02 - [MESSAGE][INFO] - Finding web element from Test Object's properties

2021-11-18 11:39:02 - [MESSAGE][INFO] - Checking timeout

2021-11-18 11:39:02 - [MESSAGE][INFO] - Finding web element with id: 'Object Repository/Popup/Popup' located by 'By.cssSelector: .bootbox-body' in '10' second(s)

2021-11-18 11:39:02 - [MESSAGE][INFO] - Smart Wait Function is triggered

2021-11-18 11:39:03 - [MESSAGE][INFO] - Found 1 web elements with id: 'Object Repository/Popup/Popup' located by 'By.cssSelector: .bootbox-body' in '10' second(s)

2021-11-18 11:39:03 - [MESSAGE][PASSED] - Object 'Object Repository/Popup/Popup' is visible

2021-11-18 11:39:03 - [TEST_STEP][PASSED] - if (!(getText(findTestObject("Popup/Popup")).contains(Mesaj))): Text of object 'Object Repository/Popup/Popup' is: 'Lütfen rapor bildiriminin gönderileceği e-posta adresini belirtiniz.
e-Posta Adresi'

2021-11-18 11:39:03 - [MESSAGE][INFO] - Finding Test Object 'Object Repository/Popup/Popup'

2021-11-18 11:39:03 - [MESSAGE][INFO] - Checking object

2021-11-18 11:39:03 - [MESSAGE][INFO] - Finding web element from Test Object's properties

2021-11-18 11:39:03 - [MESSAGE][INFO] - Checking timeout

2021-11-18 11:39:03 - [MESSAGE][INFO] - Finding web element with id: 'Object Repository/Popup/Popup' located by 'By.cssSelector: .bootbox-body' in '30' second(s)

2021-11-18 11:39:03 - [MESSAGE][INFO] - Smart Wait Function is triggered

2021-11-18 11:39:03 - [MESSAGE][INFO] - Found 1 web elements with id: 'Object Repository/Popup/Popup' located by 'By.cssSelector: .bootbox-body' in '30' second(s)

2021-11-18 11:39:03 - [MESSAGE][INFO] - Getting text of object 'Object Repository/Popup/Popup'

2021-11-18 11:39:03 - [MESSAGE][PASSED] - Text of object 'Object Repository/Popup/Popup' is: 'Lütfen rapor bildiriminin gönderileceği e-posta adresini belirtiniz.
e-Posta Adresi'

2021-11-18 11:39:03 - [TEST_STEP][PASSED] - RaporNo = getText(findTestObject("Popup/Popup")).substring(0, 6): Text of object 'Object Repository/Popup/Popup' is: 'Lütfen rapor bildiriminin gönderileceği e-posta adresini belirtiniz.
e-Posta Adresi'

2021-11-18 11:39:03 - [MESSAGE][INFO] - Finding Test Object 'Object Repository/Popup/Popup'

2021-11-18 11:39:03 - [MESSAGE][INFO] - Checking object

2021-11-18 11:39:03 - [MESSAGE][INFO] - Finding web element from Test Object's properties

2021-11-18 11:39:03 - [MESSAGE][INFO] - Checking timeout

2021-11-18 11:39:03 - [MESSAGE][INFO] - Finding web element with id: 'Object Repository/Popup/Popup' located by 'By.cssSelector: .bootbox-body' in '30' second(s)

2021-11-18 11:39:03 - [MESSAGE][INFO] - Smart Wait Function is triggered

2021-11-18 11:39:03 - [MESSAGE][INFO] - Found 1 web elements with id: 'Object Repository/Popup/Popup' located by 'By.cssSelector: .bootbox-body' in '30' second(s)

2021-11-18 11:39:03 - [MESSAGE][INFO] - Getting text of object 'Object Repository/Popup/Popup'

2021-11-18 11:39:03 - [MESSAGE][PASSED] - Text of object 'Object Repository/Popup/Popup' is: 'Lütfen rapor bildiriminin gönderileceği e-posta adresini belirtiniz.
e-Posta Adresi'

2021-11-18 11:39:03 - [TEST_STEP][PASSED] - Console.println(RaporNo): null

2021-11-18 11:39:03 - [MESSAGE][PASSED] - Call Test Case 'Test Cases/Popup/PopupMesajiIceriyorMu' successfully

2021-11-18 11:39:03 - [MESSAGE][INFO] - Checking called Test Case

2021-11-18 11:39:03 - [MESSAGE][INFO] - Starting to call Test Case 'Test Cases/Popup/PopupaEmailEklenir'

2021-11-18 11:39:03 - [TEST_CASE][PASSED] - Test Cases/Popup/PopupaEmailEklenir: Test Cases/Popup/PopupaEmailEklenir

2021-11-18 11:39:03 - [TEST_STEP][PASSED] - clearText(findTestObject("Popup/EmailText")): Text of object 'Object Repository/Popup/EmailText' is cleared

2021-11-18 11:39:03 - [MESSAGE][INFO] - Finding Test Object 'Object Repository/Popup/EmailText'

2021-11-18 11:39:04 - [MESSAGE][INFO] - Checking object

2021-11-18 11:39:04 - [MESSAGE][INFO] - Finding web element from Test Object's properties

2021-11-18 11:39:04 - [MESSAGE][INFO] - Checking timeout

2021-11-18 11:39:04 - [MESSAGE][INFO] - Finding web element with id: 'Object Repository/Popup/EmailText' located by 'By.xpath: //*[@id="eMails"]' in '30' second(s)

2021-11-18 11:39:04 - [MESSAGE][INFO] - Smart Wait Function is triggered

2021-11-18 11:39:04 - [MESSAGE][INFO] - Found 1 web elements with id: 'Object Repository/Popup/EmailText' located by 'By.xpath: //*[@id="eMails"]' in '30' second(s)

2021-11-18 11:39:04 - [MESSAGE][INFO] - Clearing text of object 'Object Repository/Popup/EmailText'

2021-11-18 11:39:04 - [MESSAGE][PASSED] - Text of object 'Object Repository/Popup/EmailText' is cleared

2021-11-18 11:39:04 - [TEST_STEP][PASSED] - sendKeys(findTestObject("Popup/EmailText"), Email): Keys 'elogotest@gmail.com;ali.kara@logo.com.tr' sent to object: 'Object Repository/Popup/EmailText'

2021-11-18 11:39:04 - [MESSAGE][INFO] - Finding Test Object 'Object Repository/Popup/EmailText'

2021-11-18 11:39:04 - [MESSAGE][INFO] - Sending keys 'elogotest@gmail.com;ali.kara@logo.com.tr' to object: 'Object Repository/Popup/EmailText'

2021-11-18 11:39:04 - [MESSAGE][INFO] - Finding web element from Test Object's properties

2021-11-18 11:39:04 - [MESSAGE][INFO] - Checking timeout

2021-11-18 11:39:04 - [MESSAGE][INFO] - Finding web element with id: 'Object Repository/Popup/EmailText' located by 'By.xpath: //*[@id="eMails"]' in '30' second(s)

2021-11-18 11:39:04 - [MESSAGE][INFO] - Smart Wait Function is triggered

2021-11-18 11:39:04 - [MESSAGE][INFO] - Found 1 web elements with id: 'Object Repository/Popup/EmailText' located by 'By.xpath: //*[@id="eMails"]' in '30' second(s)

2021-11-18 11:39:04 - [MESSAGE][PASSED] - Keys 'elogotest@gmail.com;ali.kara@logo.com.tr' sent to object: 'Object Repository/Popup/EmailText'

2021-11-18 11:39:04 - [MESSAGE][PASSED] - Call Test Case 'Test Cases/Popup/PopupaEmailEklenir' successfully

2021-11-18 11:39:04 - [MESSAGE][INFO] - Checking called Test Case

2021-11-18 11:39:04 - [MESSAGE][INFO] - Starting to call Test Case 'Test Cases/Popup/PopupButonSecilir'

2021-11-18 11:39:04 - [TEST_CASE][PASSED] - Test Cases/Popup/PopupButonSecilir: Test Cases/Popup/PopupButonSecilir

2021-11-18 11:39:04 - [TEST_STEP][PASSED] - Method.TextDegerineEsitElementeTikla(findTestObject("Popup/Popup_Butons"), Buton): Method.TextDegerineEsitElementeTikla is PASSED

2021-11-18 11:39:04 - [MESSAGE][INFO] - Finding Test Object 'Object Repository/Popup/Popup_Butons'

2021-11-18 11:39:04 - [MESSAGE][INFO] - Checking timeout

2021-11-18 11:39:04 - [MESSAGE][INFO] - Finding web element with id: 'Object Repository/Popup/Popup_Butons' located by 'By.cssSelector: .modal-footer>button' in '10' second(s)

2021-11-18 11:39:04 - [MESSAGE][INFO] - Smart Wait Function is triggered

2021-11-18 11:39:05 - [MESSAGE][INFO] - Found 2 web elements with id: 'Object Repository/Popup/Popup_Butons' located by 'By.cssSelector: .modal-footer>button' in '10' second(s)

2021-11-18 11:39:05 - [MESSAGE][PASSED] - Method.TextDegerineEsitElementeTikla is PASSED

2021-11-18 11:39:05 - [MESSAGE][PASSED] - Call Test Case 'Test Cases/Popup/PopupButonSecilir' successfully

2021-11-18 11:39:05 - [MESSAGE][INFO] - Checking called Test Case

2021-11-18 11:39:05 - [MESSAGE][INFO] - Starting to call Test Case 'Test Cases/Popup/PopupMesajiIceriyorMu'

2021-11-18 11:39:05 - [TEST_CASE][PASSED] - Test Cases/Popup/PopupMesajiIceriyorMu: Test Cases/Popup/PopupMesajiIceriyorMu

2021-11-18 11:39:05 - [TEST_STEP][PASSED] - waitForElementVisible(findTestObject("Popup/Popup"), 10): Object 'Object Repository/Popup/Popup' is visible

2021-11-18 11:39:05 - [MESSAGE][INFO] - Finding Test Object 'Object Repository/Popup/Popup'

2021-11-18 11:39:05 - [MESSAGE][INFO] - Checking object

2021-11-18 11:39:05 - [MESSAGE][INFO] - Checking timeout

2021-11-18 11:39:05 - [MESSAGE][INFO] - Finding web element from Test Object's properties

2021-11-18 11:39:05 - [MESSAGE][INFO] - Checking timeout

2021-11-18 11:39:05 - [MESSAGE][INFO] - Finding web element with id: 'Object Repository/Popup/Popup' located by 'By.cssSelector: .bootbox-body' in '10' second(s)

2021-11-18 11:39:05 - [MESSAGE][INFO] - Smart Wait Function is triggered

2021-11-18 11:39:06 - [MESSAGE][INFO] - Found 1 web elements with id: 'Object Repository/Popup/Popup' located by 'By.cssSelector: .bootbox-body' in '10' second(s)

2021-11-18 11:39:06 - [MESSAGE][PASSED] - Object 'Object Repository/Popup/Popup' is visible

2021-11-18 11:39:06 - [TEST_STEP][PASSED] - if (!(getText(findTestObject("Popup/Popup")).contains(Mesaj))): Text of object 'Object Repository/Popup/Popup' is: '17372 no’lu talebiniz işleme alınmıştır. Raporunuz hazırlandığında (elogotest@gmail.com;ali.kara@logo.com.tr) adresinize mail gönderilecektir.
Rapor durumunuzu Raporlar > Toplu Veri İndirme ekranından takip edebilir, hazırlandı durumundaki raporlarınızı ilgili menüden indirebilirsiniz.'

2021-11-18 11:39:06 - [MESSAGE][INFO] - Finding Test Object 'Object Repository/Popup/Popup'

2021-11-18 11:39:06 - [MESSAGE][INFO] - Checking object

2021-11-18 11:39:06 - [MESSAGE][INFO] - Finding web element from Test Object's properties

2021-11-18 11:39:06 - [MESSAGE][INFO] - Checking timeout

2021-11-18 11:39:06 - [MESSAGE][INFO] - Finding web element with id: 'Object Repository/Popup/Popup' located by 'By.cssSelector: .bootbox-body' in '30' second(s)

2021-11-18 11:39:06 - [MESSAGE][INFO] - Smart Wait Function is triggered

2021-11-18 11:39:06 - [MESSAGE][INFO] - Found 1 web elements with id: 'Object Repository/Popup/Popup' located by 'By.cssSelector: .bootbox-body' in '30' second(s)

2021-11-18 11:39:06 - [MESSAGE][INFO] - Getting text of object 'Object Repository/Popup/Popup'

2021-11-18 11:39:06 - [MESSAGE][PASSED] - Text of object 'Object Repository/Popup/Popup' is: '17372 no’lu talebiniz işleme alınmıştır. Raporunuz hazırlandığında (elogotest@gmail.com;ali.kara@logo.com.tr) adresinize mail gönderilecektir.
Rapor durumunuzu Raporlar > Toplu Veri İndirme ekranından takip edebilir, hazırlandı durumundaki raporlarınızı ilgili menüden indirebilirsiniz.'

2021-11-18 11:39:06 - [TEST_STEP][PASSED] - RaporNo = getText(findTestObject("Popup/Popup")).substring(0, 6): Text of object 'Object Repository/Popup/Popup' is: '17372 no’lu talebiniz işleme alınmıştır. Raporunuz hazırlandığında (elogotest@gmail.com;ali.kara@logo.com.tr) adresinize mail gönderilecektir.
Rapor durumunuzu Raporlar > Toplu Veri İndirme ekranından takip edebilir, hazırlandı durumundaki raporlarınızı ilgili menüden indirebilirsiniz.'

2021-11-18 11:39:06 - [MESSAGE][INFO] - Finding Test Object 'Object Repository/Popup/Popup'

2021-11-18 11:39:06 - [MESSAGE][INFO] - Checking object

2021-11-18 11:39:06 - [MESSAGE][INFO] - Finding web element from Test Object's properties

2021-11-18 11:39:06 - [MESSAGE][INFO] - Checking timeout

2021-11-18 11:39:06 - [MESSAGE][INFO] - Finding web element with id: 'Object Repository/Popup/Popup' located by 'By.cssSelector: .bootbox-body' in '30' second(s)

2021-11-18 11:39:06 - [MESSAGE][INFO] - Smart Wait Function is triggered

2021-11-18 11:39:06 - [MESSAGE][INFO] - Found 1 web elements with id: 'Object Repository/Popup/Popup' located by 'By.cssSelector: .bootbox-body' in '30' second(s)

2021-11-18 11:39:06 - [MESSAGE][INFO] - Getting text of object 'Object Repository/Popup/Popup'

2021-11-18 11:39:06 - [MESSAGE][PASSED] - Text of object 'Object Repository/Popup/Popup' is: '17372 no’lu talebiniz işleme alınmıştır. Raporunuz hazırlandığında (elogotest@gmail.com;ali.kara@logo.com.tr) adresinize mail gönderilecektir.
Rapor durumunuzu Raporlar > Toplu Veri İndirme ekranından takip edebilir, hazırlandı durumundaki raporlarınızı ilgili menüden indirebilirsiniz.'

2021-11-18 11:39:06 - [TEST_STEP][PASSED] - Console.println(RaporNo): null

2021-11-18 11:39:06 - [MESSAGE][PASSED] - Call Test Case 'Test Cases/Popup/PopupMesajiIceriyorMu' successfully

2021-11-18 11:39:06 - [MESSAGE][INFO] - Checking called Test Case

2021-11-18 11:39:06 - [MESSAGE][INFO] - Starting to call Test Case 'Test Cases/Popup/PopupButonSecilir'

2021-11-18 11:39:06 - [TEST_CASE][PASSED] - Test Cases/Popup/PopupButonSecilir: Test Cases/Popup/PopupButonSecilir

2021-11-18 11:39:06 - [TEST_STEP][PASSED] - Method.TextDegerineEsitElementeTikla(findTestObject("Popup/Popup_Butons"), Buton): Method.TextDegerineEsitElementeTikla is PASSED

2021-11-18 11:39:06 - [MESSAGE][INFO] - Finding Test Object 'Object Repository/Popup/Popup_Butons'

2021-11-18 11:39:06 - [MESSAGE][INFO] - Checking timeout

2021-11-18 11:39:06 - [MESSAGE][INFO] - Finding web element with id: 'Object Repository/Popup/Popup_Butons' located by 'By.cssSelector: .modal-footer>button' in '10' second(s)

2021-11-18 11:39:06 - [MESSAGE][INFO] - Smart Wait Function is triggered

2021-11-18 11:39:07 - [MESSAGE][INFO] - Found 1 web elements with id: 'Object Repository/Popup/Popup_Butons' located by 'By.cssSelector: .modal-footer>button' in '10' second(s)

2021-11-18 11:39:07 - [MESSAGE][PASSED] - Method.TextDegerineEsitElementeTikla is PASSED

2021-11-18 11:39:07 - [MESSAGE][PASSED] - Call Test Case 'Test Cases/Popup/PopupButonSecilir' successfully

2021-11-18 11:39:07 - [MESSAGE][INFO] - Checking called Test Case

2021-11-18 11:39:07 - [MESSAGE][INFO] - Starting to call Test Case 'Test Cases/Butonlar/ButonaTikla'

2021-11-18 11:39:07 - [TEST_CASE][PASSED] - Test Cases/Butonlar/ButonaTikla: Test Cases/Butonlar/ButonaTikla

2021-11-18 11:39:07 - [TEST_STEP][PASSED] - Method.TextDegerineEsitElementeTiklaEquals(findTestObject("Butonlar/Butonlar"), Buton_Adi): Method.TextDegerineEsitElementeTiklaEquals is PASSED

2021-11-18 11:39:07 - [MESSAGE][INFO] - Finding Test Object 'Object Repository/Butonlar/Butonlar'

2021-11-18 11:39:07 - [MESSAGE][INFO] - Checking timeout

2021-11-18 11:39:07 - [MESSAGE][INFO] - Finding web element with id: 'Object Repository/Butonlar/Butonlar' located by 'By.cssSelector: .panel.panel-default.text-center.footerPanel .btn,.btn.btn-primary.btnControls' in '10' second(s)

2021-11-18 11:39:07 - [MESSAGE][INFO] - Smart Wait Function is triggered

2021-11-18 11:39:08 - [MESSAGE][INFO] - Found 12 web elements with id: 'Object Repository/Butonlar/Butonlar' located by 'By.cssSelector: .panel.panel-default.text-center.footerPanel .btn,.btn.btn-primary.btnControls' in '10' second(s)

2021-11-18 11:39:08 - [MESSAGE][PASSED] - Method.TextDegerineEsitElementeTiklaEquals is PASSED

2021-11-18 11:39:08 - [MESSAGE][PASSED] - Call Test Case 'Test Cases/Butonlar/ButonaTikla' successfully

2021-11-18 11:39:08 - [MESSAGE][INFO] - Checking called Test Case

2021-11-18 11:39:08 - [MESSAGE][INFO] - Starting to call Test Case 'Test Cases/Butonlar/AltButonaTikla'

2021-11-18 11:39:08 - [TEST_CASE][PASSED] - Test Cases/Butonlar/AltButonaTikla: Test Cases/Butonlar/AltButonaTikla

2021-11-18 11:39:08 - [TEST_STEP][PASSED] - Method.TextDegerineEsitElementeTikla(findTestObject("Butonlar/AltButonlar"), Alt_Buton): Method.TextDegerineEsitElementeTikla is PASSED

2021-11-18 11:39:08 - [MESSAGE][INFO] - Finding Test Object 'Object Repository/Butonlar/AltButonlar'

2021-11-18 11:39:08 - [MESSAGE][INFO] - Checking timeout

2021-11-18 11:39:08 - [MESSAGE][INFO] - Finding web element with id: 'Object Repository/Butonlar/AltButonlar' located by 'By.cssSelector: .btn-group.open li>a' in '10' second(s)

2021-11-18 11:39:08 - [MESSAGE][INFO] - Smart Wait Function is triggered

2021-11-18 11:39:08 - [MESSAGE][INFO] - Found 4 web elements with id: 'Object Repository/Butonlar/AltButonlar' located by 'By.cssSelector: .btn-group.open li>a' in '10' second(s)

2021-11-18 11:39:08 - [MESSAGE][PASSED] - Method.TextDegerineEsitElementeTikla is PASSED

2021-11-18 11:39:08 - [MESSAGE][PASSED] - Call Test Case 'Test Cases/Butonlar/AltButonaTikla' successfully

2021-11-18 11:39:08 - [MESSAGE][INFO] - Checking called Test Case

2021-11-18 11:39:08 - [MESSAGE][INFO] - Starting to call Test Case 'Test Cases/Popup/PopupMesajiIceriyorMu'

2021-11-18 11:39:08 - [TEST_CASE][PASSED] - Test Cases/Popup/PopupMesajiIceriyorMu: Test Cases/Popup/PopupMesajiIceriyorMu

2021-11-18 11:39:08 - [TEST_STEP][PASSED] - waitForElementVisible(findTestObject("Popup/Popup"), 10): Object 'Object Repository/Popup/Popup' is visible

2021-11-18 11:39:08 - [MESSAGE][INFO] - Finding Test Object 'Object Repository/Popup/Popup'

2021-11-18 11:39:08 - [MESSAGE][INFO] - Checking object

2021-11-18 11:39:08 - [MESSAGE][INFO] - Checking timeout

2021-11-18 11:39:08 - [MESSAGE][INFO] - Finding web element from Test Object's properties

2021-11-18 11:39:08 - [MESSAGE][INFO] - Checking timeout

2021-11-18 11:39:08 - [MESSAGE][INFO] - Finding web element with id: 'Object Repository/Popup/Popup' located by 'By.cssSelector: .bootbox-body' in '10' second(s)

2021-11-18 11:39:08 - [MESSAGE][INFO] - Smart Wait Function is triggered

2021-11-18 11:39:09 - [MESSAGE][INFO] - Found 1 web elements with id: 'Object Repository/Popup/Popup' located by 'By.cssSelector: .bootbox-body' in '10' second(s)

2021-11-18 11:39:09 - [MESSAGE][PASSED] - Object 'Object Repository/Popup/Popup' is visible

2021-11-18 11:39:09 - [TEST_STEP][PASSED] - if (!(getText(findTestObject("Popup/Popup")).contains(Mesaj))): Text of object 'Object Repository/Popup/Popup' is: 'Lütfen rapor bildiriminin gönderileceği e-posta adresini belirtiniz.
e-Posta Adresi'

2021-11-18 11:39:09 - [MESSAGE][INFO] - Finding Test Object 'Object Repository/Popup/Popup'

2021-11-18 11:39:09 - [MESSAGE][INFO] - Checking object

2021-11-18 11:39:09 - [MESSAGE][INFO] - Finding web element from Test Object's properties

2021-11-18 11:39:09 - [MESSAGE][INFO] - Checking timeout

2021-11-18 11:39:09 - [MESSAGE][INFO] - Finding web element with id: 'Object Repository/Popup/Popup' located by 'By.cssSelector: .bootbox-body' in '30' second(s)

2021-11-18 11:39:09 - [MESSAGE][INFO] - Smart Wait Function is triggered

2021-11-18 11:39:09 - [MESSAGE][INFO] - Found 1 web elements with id: 'Object Repository/Popup/Popup' located by 'By.cssSelector: .bootbox-body' in '30' second(s)

2021-11-18 11:39:09 - [MESSAGE][INFO] - Getting text of object 'Object Repository/Popup/Popup'

2021-11-18 11:39:09 - [MESSAGE][PASSED] - Text of object 'Object Repository/Popup/Popup' is: 'Lütfen rapor bildiriminin gönderileceği e-posta adresini belirtiniz.
e-Posta Adresi'

2021-11-18 11:39:09 - [TEST_STEP][PASSED] - RaporNo = getText(findTestObject("Popup/Popup")).substring(0, 6): Text of object 'Object Repository/Popup/Popup' is: 'Lütfen rapor bildiriminin gönderileceği e-posta adresini belirtiniz.
e-Posta Adresi'

2021-11-18 11:39:09 - [MESSAGE][INFO] - Finding Test Object 'Object Repository/Popup/Popup'

2021-11-18 11:39:09 - [MESSAGE][INFO] - Checking object

2021-11-18 11:39:09 - [MESSAGE][INFO] - Finding web element from Test Object's properties

2021-11-18 11:39:09 - [MESSAGE][INFO] - Checking timeout

2021-11-18 11:39:09 - [MESSAGE][INFO] - Finding web element with id: 'Object Repository/Popup/Popup' located by 'By.cssSelector: .bootbox-body' in '30' second(s)

2021-11-18 11:39:09 - [MESSAGE][INFO] - Smart Wait Function is triggered

2021-11-18 11:39:09 - [MESSAGE][INFO] - Found 1 web elements with id: 'Object Repository/Popup/Popup' located by 'By.cssSelector: .bootbox-body' in '30' second(s)

2021-11-18 11:39:09 - [MESSAGE][INFO] - Getting text of object 'Object Repository/Popup/Popup'

2021-11-18 11:39:09 - [MESSAGE][PASSED] - Text of object 'Object Repository/Popup/Popup' is: 'Lütfen rapor bildiriminin gönderileceği e-posta adresini belirtiniz.
e-Posta Adresi'

2021-11-18 11:39:09 - [TEST_STEP][PASSED] - Console.println(RaporNo): null

2021-11-18 11:39:09 - [MESSAGE][PASSED] - Call Test Case 'Test Cases/Popup/PopupMesajiIceriyorMu' successfully

2021-11-18 11:39:09 - [MESSAGE][INFO] - Checking called Test Case

2021-11-18 11:39:09 - [MESSAGE][INFO] - Starting to call Test Case 'Test Cases/Popup/PopupaEmailEklenir'

2021-11-18 11:39:10 - [TEST_CASE][PASSED] - Test Cases/Popup/PopupaEmailEklenir: Test Cases/Popup/PopupaEmailEklenir

2021-11-18 11:39:10 - [TEST_STEP][PASSED] - clearText(findTestObject("Popup/EmailText")): Text of object 'Object Repository/Popup/EmailText' is cleared

2021-11-18 11:39:10 - [MESSAGE][INFO] - Finding Test Object 'Object Repository/Popup/EmailText'

2021-11-18 11:39:10 - [MESSAGE][INFO] - Checking object

2021-11-18 11:39:10 - [MESSAGE][INFO] - Finding web element from Test Object's properties

2021-11-18 11:39:10 - [MESSAGE][INFO] - Checking timeout

2021-11-18 11:39:10 - [MESSAGE][INFO] - Finding web element with id: 'Object Repository/Popup/EmailText' located by 'By.xpath: //*[@id="eMails"]' in '30' second(s)

2021-11-18 11:39:10 - [MESSAGE][INFO] - Smart Wait Function is triggered

2021-11-18 11:39:10 - [MESSAGE][INFO] - Found 1 web elements with id: 'Object Repository/Popup/EmailText' located by 'By.xpath: //*[@id="eMails"]' in '30' second(s)

2021-11-18 11:39:10 - [MESSAGE][INFO] - Clearing text of object 'Object Repository/Popup/EmailText'

2021-11-18 11:39:10 - [MESSAGE][PASSED] - Text of object 'Object Repository/Popup/EmailText' is cleared

2021-11-18 11:39:10 - [TEST_STEP][PASSED] - sendKeys(findTestObject("Popup/EmailText"), Email): Keys 'elogotest@gmail.com;ali.kara@logo.com.tr' sent to object: 'Object Repository/Popup/EmailText'

2021-11-18 11:39:10 - [MESSAGE][INFO] - Finding Test Object 'Object Repository/Popup/EmailText'

2021-11-18 11:39:10 - [MESSAGE][INFO] - Sending keys 'elogotest@gmail.com;ali.kara@logo.com.tr' to object: 'Object Repository/Popup/EmailText'

2021-11-18 11:39:10 - [MESSAGE][INFO] - Finding web element from Test Object's properties

2021-11-18 11:39:10 - [MESSAGE][INFO] - Checking timeout

2021-11-18 11:39:10 - [MESSAGE][INFO] - Finding web element with id: 'Object Repository/Popup/EmailText' located by 'By.xpath: //*[@id="eMails"]' in '30' second(s)

2021-11-18 11:39:10 - [MESSAGE][INFO] - Smart Wait Function is triggered

2021-11-18 11:39:10 - [MESSAGE][INFO] - Found 1 web elements with id: 'Object Repository/Popup/EmailText' located by 'By.xpath: //*[@id="eMails"]' in '30' second(s)

2021-11-18 11:39:10 - [MESSAGE][PASSED] - Keys 'elogotest@gmail.com;ali.kara@logo.com.tr' sent to object: 'Object Repository/Popup/EmailText'

2021-11-18 11:39:10 - [MESSAGE][PASSED] - Call Test Case 'Test Cases/Popup/PopupaEmailEklenir' successfully

2021-11-18 11:39:10 - [MESSAGE][INFO] - Checking called Test Case

2021-11-18 11:39:10 - [MESSAGE][INFO] - Starting to call Test Case 'Test Cases/Popup/PopupButonSecilir'

2021-11-18 11:39:10 - [TEST_CASE][PASSED] - Test Cases/Popup/PopupButonSecilir: Test Cases/Popup/PopupButonSecilir

2021-11-18 11:39:10 - [TEST_STEP][PASSED] - Method.TextDegerineEsitElementeTikla(findTestObject("Popup/Popup_Butons"), Buton): Method.TextDegerineEsitElementeTikla is PASSED

2021-11-18 11:39:10 - [MESSAGE][INFO] - Finding Test Object 'Object Repository/Popup/Popup_Butons'

2021-11-18 11:39:11 - [MESSAGE][INFO] - Checking timeout

2021-11-18 11:39:11 - [MESSAGE][INFO] - Finding web element with id: 'Object Repository/Popup/Popup_Butons' located by 'By.cssSelector: .modal-footer>button' in '10' second(s)

2021-11-18 11:39:11 - [MESSAGE][INFO] - Smart Wait Function is triggered

2021-11-18 11:39:11 - [MESSAGE][INFO] - Found 2 web elements with id: 'Object Repository/Popup/Popup_Butons' located by 'By.cssSelector: .modal-footer>button' in '10' second(s)

2021-11-18 11:39:11 - [MESSAGE][PASSED] - Method.TextDegerineEsitElementeTikla is PASSED

2021-11-18 11:39:11 - [MESSAGE][PASSED] - Call Test Case 'Test Cases/Popup/PopupButonSecilir' successfully

2021-11-18 11:39:11 - [MESSAGE][INFO] - Checking called Test Case

2021-11-18 11:39:11 - [MESSAGE][INFO] - Starting to call Test Case 'Test Cases/Popup/PopupMesajiIceriyorMu'

2021-11-18 11:39:11 - [TEST_CASE][PASSED] - Test Cases/Popup/PopupMesajiIceriyorMu: Test Cases/Popup/PopupMesajiIceriyorMu

2021-11-18 11:39:11 - [TEST_STEP][PASSED] - waitForElementVisible(findTestObject("Popup/Popup"), 10): Object 'Object Repository/Popup/Popup' is visible

2021-11-18 11:39:11 - [MESSAGE][INFO] - Finding Test Object 'Object Repository/Popup/Popup'

2021-11-18 11:39:11 - [MESSAGE][INFO] - Checking object

2021-11-18 11:39:11 - [MESSAGE][INFO] - Checking timeout

2021-11-18 11:39:11 - [MESSAGE][INFO] - Finding web element from Test Object's properties

2021-11-18 11:39:11 - [MESSAGE][INFO] - Checking timeout

2021-11-18 11:39:11 - [MESSAGE][INFO] - Finding web element with id: 'Object Repository/Popup/Popup' located by 'By.cssSelector: .bootbox-body' in '10' second(s)

2021-11-18 11:39:11 - [MESSAGE][INFO] - Smart Wait Function is triggered

2021-11-18 11:39:12 - [MESSAGE][INFO] - Found 1 web elements with id: 'Object Repository/Popup/Popup' located by 'By.cssSelector: .bootbox-body' in '10' second(s)

2021-11-18 11:39:12 - [MESSAGE][PASSED] - Object 'Object Repository/Popup/Popup' is visible

2021-11-18 11:39:12 - [TEST_STEP][PASSED] - if (!(getText(findTestObject("Popup/Popup")).contains(Mesaj))): Text of object 'Object Repository/Popup/Popup' is: '17373 no’lu talebiniz işleme alınmıştır. Raporunuz hazırlandığında (elogotest@gmail.com;ali.kara@logo.com.tr) adresinize mail gönderilecektir.
Rapor durumunuzu Raporlar > Toplu Veri İndirme ekranından takip edebilir, hazırlandı durumundaki raporlarınızı ilgili menüden indirebilirsiniz.'

2021-11-18 11:39:12 - [MESSAGE][INFO] - Finding Test Object 'Object Repository/Popup/Popup'

2021-11-18 11:39:12 - [MESSAGE][INFO] - Checking object

2021-11-18 11:39:12 - [MESSAGE][INFO] - Finding web element from Test Object's properties

2021-11-18 11:39:12 - [MESSAGE][INFO] - Checking timeout

2021-11-18 11:39:12 - [MESSAGE][INFO] - Finding web element with id: 'Object Repository/Popup/Popup' located by 'By.cssSelector: .bootbox-body' in '30' second(s)

2021-11-18 11:39:12 - [MESSAGE][INFO] - Smart Wait Function is triggered

2021-11-18 11:39:12 - [MESSAGE][INFO] - Found 1 web elements with id: 'Object Repository/Popup/Popup' located by 'By.cssSelector: .bootbox-body' in '30' second(s)

2021-11-18 11:39:12 - [MESSAGE][INFO] - Getting text of object 'Object Repository/Popup/Popup'

2021-11-18 11:39:12 - [MESSAGE][PASSED] - Text of object 'Object Repository/Popup/Popup' is: '17373 no’lu talebiniz işleme alınmıştır. Raporunuz hazırlandığında (elogotest@gmail.com;ali.kara@logo.com.tr) adresinize mail gönderilecektir.
Rapor durumunuzu Raporlar > Toplu Veri İndirme ekranından takip edebilir, hazırlandı durumundaki raporlarınızı ilgili menüden indirebilirsiniz.'

2021-11-18 11:39:12 - [TEST_STEP][PASSED] - RaporNo = getText(findTestObject("Popup/Popup")).substring(0, 6): Text of object 'Object Repository/Popup/Popup' is: '17373 no’lu talebiniz işleme alınmıştır. Raporunuz hazırlandığında (elogotest@gmail.com;ali.kara@logo.com.tr) adresinize mail gönderilecektir.
Rapor durumunuzu Raporlar > Toplu Veri İndirme ekranından takip edebilir, hazırlandı durumundaki raporlarınızı ilgili menüden indirebilirsiniz.'

2021-11-18 11:39:12 - [MESSAGE][INFO] - Finding Test Object 'Object Repository/Popup/Popup'

2021-11-18 11:39:12 - [MESSAGE][INFO] - Checking object

2021-11-18 11:39:12 - [MESSAGE][INFO] - Finding web element from Test Object's properties

2021-11-18 11:39:12 - [MESSAGE][INFO] - Checking timeout

2021-11-18 11:39:12 - [MESSAGE][INFO] - Finding web element with id: 'Object Repository/Popup/Popup' located by 'By.cssSelector: .bootbox-body' in '30' second(s)

2021-11-18 11:39:12 - [MESSAGE][INFO] - Smart Wait Function is triggered

2021-11-18 11:39:13 - [MESSAGE][INFO] - Found 1 web elements with id: 'Object Repository/Popup/Popup' located by 'By.cssSelector: .bootbox-body' in '30' second(s)

2021-11-18 11:39:13 - [MESSAGE][INFO] - Getting text of object 'Object Repository/Popup/Popup'

2021-11-18 11:39:13 - [MESSAGE][PASSED] - Text of object 'Object Repository/Popup/Popup' is: '17373 no’lu talebiniz işleme alınmıştır. Raporunuz hazırlandığında (elogotest@gmail.com;ali.kara@logo.com.tr) adresinize mail gönderilecektir.
Rapor durumunuzu Raporlar > Toplu Veri İndirme ekranından takip edebilir, hazırlandı durumundaki raporlarınızı ilgili menüden indirebilirsiniz.'

2021-11-18 11:39:13 - [TEST_STEP][PASSED] - Console.println(RaporNo): null

2021-11-18 11:39:13 - [MESSAGE][PASSED] - Call Test Case 'Test Cases/Popup/PopupMesajiIceriyorMu' successfully

2021-11-18 11:39:13 - [MESSAGE][INFO] - Checking called Test Case

2021-11-18 11:39:13 - [MESSAGE][INFO] - Starting to call Test Case 'Test Cases/Popup/PopupButonSecilir'

2021-11-18 11:39:13 - [TEST_CASE][PASSED] - Test Cases/Popup/PopupButonSecilir: Test Cases/Popup/PopupButonSecilir

2021-11-18 11:39:13 - [TEST_STEP][PASSED] - Method.TextDegerineEsitElementeTikla(findTestObject("Popup/Popup_Butons"), Buton): Method.TextDegerineEsitElementeTikla is PASSED

2021-11-18 11:39:13 - [MESSAGE][INFO] - Finding Test Object 'Object Repository/Popup/Popup_Butons'

2021-11-18 11:39:13 - [MESSAGE][INFO] - Checking timeout

2021-11-18 11:39:13 - [MESSAGE][INFO] - Finding web element with id: 'Object Repository/Popup/Popup_Butons' located by 'By.cssSelector: .modal-footer>button' in '10' second(s)

2021-11-18 11:39:13 - [MESSAGE][INFO] - Smart Wait Function is triggered

2021-11-18 11:39:13 - [MESSAGE][INFO] - Found 1 web elements with id: 'Object Repository/Popup/Popup_Butons' located by 'By.cssSelector: .modal-footer>button' in '10' second(s)

2021-11-18 11:39:13 - [MESSAGE][PASSED] - Method.TextDegerineEsitElementeTikla is PASSED

2021-11-18 11:39:13 - [MESSAGE][PASSED] - Call Test Case 'Test Cases/Popup/PopupButonSecilir' successfully

2021-11-18 11:39:13 - [MESSAGE][INFO] - Checking called Test Case

2021-11-18 11:39:13 - [MESSAGE][INFO] - Starting to call Test Case 'Test Cases/Menu/AnaMenuSecimi'

2021-11-18 11:39:13 - [TEST_CASE][PASSED] - Test Cases/Menu/AnaMenuSecimi: Test Cases/Menu/AnaMenuSecimi

2021-11-18 11:39:13 - [TEST_STEP][PASSED] - Method.TextDegerineEsitElementeTikla(findTestObject("Menu/Ana_Menu"), Ana_Menu): Method.TextDegerineEsitElementeTikla is PASSED

2021-11-18 11:39:13 - [MESSAGE][INFO] - Finding Test Object 'Object Repository/Menu/Ana_Menu'

2021-11-18 11:39:13 - [MESSAGE][INFO] - Checking timeout

2021-11-18 11:39:13 - [MESSAGE][INFO] - Finding web element with id: 'Object Repository/Menu/Ana_Menu' located by 'By.xpath: //*[@class = 'dropdown-toggle']' in '10' second(s)

2021-11-18 11:39:13 - [MESSAGE][INFO] - Smart Wait Function is triggered

2021-11-18 11:39:14 - [MESSAGE][INFO] - Found 14 web elements with id: 'Object Repository/Menu/Ana_Menu' located by 'By.xpath: //*[@class = 'dropdown-toggle']' in '10' second(s)

2021-11-18 11:39:14 - [MESSAGE][PASSED] - Method.TextDegerineEsitElementeTikla is PASSED

2021-11-18 11:39:14 - [MESSAGE][PASSED] - Call Test Case 'Test Cases/Menu/AnaMenuSecimi' successfully

2021-11-18 11:39:15 - [MESSAGE][INFO] - Checking called Test Case

2021-11-18 11:39:15 - [MESSAGE][INFO] - Starting to call Test Case 'Test Cases/Menu/AltMenuSecimi'

2021-11-18 11:39:15 - [TEST_CASE][PASSED] - Test Cases/Menu/AltMenuSecimi: Test Cases/Menu/AltMenuSecimi

2021-11-18 11:39:15 - [TEST_STEP][PASSED] - Method.TextDegerineEsitElementeTikla(findTestObject("Menu/Alt_Menu"), Alt_Menu): Method.TextDegerineEsitElementeTikla is PASSED

2021-11-18 11:39:15 - [MESSAGE][INFO] - Finding Test Object 'Object Repository/Menu/Alt_Menu'

2021-11-18 11:39:15 - [MESSAGE][INFO] - Checking timeout

2021-11-18 11:39:15 - [MESSAGE][INFO] - Finding web element with id: 'Object Repository/Menu/Alt_Menu' located by 'By.xpath: //li[@class='dropdown dropdown-large open']//li[@class='dropdown-element']' in '10' second(s)

2021-11-18 11:39:15 - [MESSAGE][INFO] - Smart Wait Function is triggered

2021-11-18 11:39:15 - [MESSAGE][INFO] - Found 9 web elements with id: 'Object Repository/Menu/Alt_Menu' located by 'By.xpath: //li[@class='dropdown dropdown-large open']//li[@class='dropdown-element']' in '10' second(s)

2021-11-18 11:39:16 - [MESSAGE][PASSED] - Method.TextDegerineEsitElementeTikla is PASSED

2021-11-18 11:39:16 - [MESSAGE][PASSED] - Call Test Case 'Test Cases/Menu/AltMenuSecimi' successfully

2021-11-18 11:39:16 - [MESSAGE][INFO] - Checking called Test Case

2021-11-18 11:39:16 - [MESSAGE][INFO] - Starting to call Test Case 'Test Cases/Filtreler/RaporNoYaz'

2021-11-18 11:39:16 - [TEST_CASE][PASSED] - Test Cases/Filtreler/RaporNoYaz: Test Cases/Filtreler/RaporNoYaz

2021-11-18 11:39:16 - [TEST_STEP][PASSED] - Method.TextDegerineEsitElementinAltindakiTextboxtaYaz(findTestObject("Filtreler/Basliklar"), findTestObject("Filtreler/Basliga_Gore_Textbox"), "Talep No", RaporNo): Method.TextDegerineEsitElementinAltindakiTextboxtaYaz is PASSED

2021-11-18 11:39:16 - [MESSAGE][INFO] - Finding Test Object 'Object Repository/Filtreler/Basliklar'

2021-11-18 11:39:17 - [MESSAGE][INFO] - Finding Test Object 'Object Repository/Filtreler/Basliga_Gore_Textbox'

2021-11-18 11:39:17 - [MESSAGE][INFO] - Checking timeout

2021-11-18 11:39:17 - [MESSAGE][INFO] - Finding web element with id: 'Object Repository/Filtreler/Basliklar' located by 'By.cssSelector: .control-label.col-sm-4.paddingMarginRLC' in '10' second(s)

2021-11-18 11:39:17 - [MESSAGE][INFO] - Smart Wait Function is triggered

2021-11-18 11:39:17 - [MESSAGE][INFO] - Found 8 web elements with id: 'Object Repository/Filtreler/Basliklar' located by 'By.cssSelector: .control-label.col-sm-4.paddingMarginRLC' in '10' second(s)

2021-11-18 11:39:17 - [MESSAGE][INFO] - Smart Wait Function is triggered

2021-11-18 11:39:17 - [MESSAGE][PASSED] - Method.TextDegerineEsitElementinAltindakiTextboxtaYaz is PASSED

2021-11-18 11:39:17 - [MESSAGE][PASSED] - Call Test Case 'Test Cases/Filtreler/RaporNoYaz' successfully

2021-11-18 11:39:17 - [MESSAGE][INFO] - Checking called Test Case

2021-11-18 11:39:17 - [MESSAGE][INFO] - Starting to call Test Case 'Test Cases/Filtreler/ButonaTikla'

2021-11-18 11:39:18 - [TEST_CASE][PASSED] - Test Cases/Filtreler/ButonaTikla: Test Cases/Filtreler/ButonaTikla

2021-11-18 11:39:18 - [TEST_STEP][PASSED] - Method.TextDegerineEsitElementeTikla(findTestObject("Filtreler/Butonlar"), Filtre_Buton): Method.TextDegerineEsitElementeTikla is PASSED

2021-11-18 11:39:18 - [MESSAGE][INFO] - Finding Test Object 'Object Repository/Filtreler/Butonlar'

2021-11-18 11:39:18 - [MESSAGE][INFO] - Checking timeout

2021-11-18 11:39:18 - [MESSAGE][INFO] - Finding web element with id: 'Object Repository/Filtreler/Butonlar' located by 'By.cssSelector: .dxb>span' in '10' second(s)

2021-11-18 11:39:18 - [MESSAGE][INFO] - Smart Wait Function is triggered

2021-11-18 11:39:18 - [MESSAGE][INFO] - Found 2 web elements with id: 'Object Repository/Filtreler/Butonlar' located by 'By.cssSelector: .dxb>span' in '10' second(s)

2021-11-18 11:39:18 - [MESSAGE][PASSED] - Method.TextDegerineEsitElementeTikla is PASSED

2021-11-18 11:39:18 - [MESSAGE][PASSED] - Call Test Case 'Test Cases/Filtreler/ButonaTikla' successfully

2021-11-18 11:39:18 - [MESSAGE][INFO] - Checking called Test Case

2021-11-18 11:39:18 - [MESSAGE][INFO] - Starting to call Test Case 'Test Cases/Tablo/TablodaVeriVarMi'

2021-11-18 11:39:18 - [TEST_CASE][PASSED] - Test Cases/Tablo/TablodaVeriVarMi: Test Cases/Tablo/TablodaVeriVarMi

2021-11-18 11:39:18 - [TEST_STEP][PASSED] - verifyTextNotPresent("Görüntülenecek veri yok", true): Text 'Görüntülenecek veri yok' is not present on page using regular expression

2021-11-18 11:39:18 - [MESSAGE][INFO] - Checking text present  using regular expression

2021-11-18 11:39:18 - [MESSAGE][INFO] - Smart Wait Function is triggered

2021-11-18 11:39:19 - [MESSAGE][INFO] - Finding text 'Görüntülenecek veri yok' on page  using regular expression

2021-11-18 11:39:19 - [MESSAGE][PASSED] - Text 'Görüntülenecek veri yok' is not present on page using regular expression

2021-11-18 11:39:19 - [MESSAGE][PASSED] - Call Test Case 'Test Cases/Tablo/TablodaVeriVarMi' successfully

2021-11-18 11:39:19 - [MESSAGE][INFO] - Checking called Test Case

2021-11-18 11:39:19 - [MESSAGE][INFO] - Starting to call Test Case 'Test Cases/Kullanici_Islemleri/KullaniciIslemlerindenSecimYapilir'

2021-11-18 11:39:19 - [TEST_CASE][PASSED] - Test Cases/Kullanici_Islemleri/KullaniciIslemlerindenSecimYapilir: Test Cases/Kullanici_Islemleri/KullaniciIslemlerindenSecimYapilir

2021-11-18 11:39:19 - [TEST_STEP][PASSED] - waitForElementClickable(findTestObject("Object Repository/Kullanici_Islemleri/KullaniciIslemleri"), 10): Object 'Object Repository/Kullanici_Islemleri/KullaniciIslemleri' is clickable

2021-11-18 11:39:19 - [MESSAGE][INFO] - Finding Test Object 'Object Repository/Kullanici_Islemleri/KullaniciIslemleri'

2021-11-18 11:39:20 - [MESSAGE][INFO] - Checking object

2021-11-18 11:39:20 - [MESSAGE][INFO] - Checking timeout

2021-11-18 11:39:20 - [MESSAGE][INFO] - Finding web element from Test Object's properties

2021-11-18 11:39:20 - [MESSAGE][INFO] - Checking timeout

2021-11-18 11:39:20 - [MESSAGE][INFO] - Finding web element with id: 'Object Repository/Kullanici_Islemleri/KullaniciIslemleri' located by 'By.cssSelector: .dropdown>a>img' in '10' second(s)

2021-11-18 11:39:20 - [MESSAGE][INFO] - Smart Wait Function is triggered

2021-11-18 11:39:20 - [MESSAGE][INFO] - Found 1 web elements with id: 'Object Repository/Kullanici_Islemleri/KullaniciIslemleri' located by 'By.cssSelector: .dropdown>a>img' in '10' second(s)

2021-11-18 11:39:20 - [MESSAGE][PASSED] - Object 'Object Repository/Kullanici_Islemleri/KullaniciIslemleri' is clickable

2021-11-18 11:39:20 - [TEST_STEP][PASSED] - click(findTestObject("Object Repository/Kullanici_Islemleri/KullaniciIslemleri")): Object: 'Object Repository/Kullanici_Islemleri/KullaniciIslemleri' is clicked on

2021-11-18 11:39:20 - [MESSAGE][INFO] - Finding Test Object 'Object Repository/Kullanici_Islemleri/KullaniciIslemleri'

2021-11-18 11:39:20 - [MESSAGE][INFO] - Checking object

2021-11-18 11:39:20 - [MESSAGE][INFO] - Finding web element from Test Object's properties

2021-11-18 11:39:20 - [MESSAGE][INFO] - Checking timeout

2021-11-18 11:39:20 - [MESSAGE][INFO] - Finding web element with id: 'Object Repository/Kullanici_Islemleri/KullaniciIslemleri' located by 'By.cssSelector: .dropdown>a>img' in '30' second(s)

2021-11-18 11:39:20 - [MESSAGE][INFO] - Smart Wait Function is triggered

2021-11-18 11:39:20 - [MESSAGE][INFO] - Found 1 web elements with id: 'Object Repository/Kullanici_Islemleri/KullaniciIslemleri' located by 'By.cssSelector: .dropdown>a>img' in '30' second(s)

2021-11-18 11:39:20 - [MESSAGE][INFO] - Clicking on object: 'Object Repository/Kullanici_Islemleri/KullaniciIslemleri'

2021-11-18 11:39:20 - [MESSAGE][PASSED] - Object: 'Object Repository/Kullanici_Islemleri/KullaniciIslemleri' is clicked on

2021-11-18 11:39:20 - [TEST_STEP][PASSED] - Method.TextDegerineEsitElementeTikla(findTestObject("Object Repository/Kullanici_Islemleri/Secenekler"), Islem): Method.TextDegerineEsitElementeTikla is PASSED

2021-11-18 11:39:20 - [MESSAGE][INFO] - Finding Test Object 'Object Repository/Kullanici_Islemleri/Secenekler'

2021-11-18 11:39:20 - [MESSAGE][INFO] - Checking timeout

2021-11-18 11:39:20 - [MESSAGE][INFO] - Finding web element with id: 'Object Repository/Kullanici_Islemleri/Secenekler' located by 'By.cssSelector: .nav.navbar-nav.navbar-right li a' in '10' second(s)

2021-11-18 11:39:20 - [MESSAGE][INFO] - Smart Wait Function is triggered

2021-11-18 11:39:21 - [MESSAGE][INFO] - Found 22 web elements with id: 'Object Repository/Kullanici_Islemleri/Secenekler' located by 'By.cssSelector: .nav.navbar-nav.navbar-right li a' in '10' second(s)

2021-11-18 11:39:22 - [MESSAGE][PASSED] - Method.TextDegerineEsitElementeTikla is PASSED

2021-11-18 11:39:22 - [TEST_STEP][PASSED] - verifyElementNotPresent(findTestObject("Object Repository/Kullanici_Islemleri/Secenekler"), 10): Web element with id: 'Object Repository/Kullanici_Islemleri/Secenekler' located by 'By.cssSelector: .nav.navbar-nav.navbar-right li a' is not present after '10' second(s)

2021-11-18 11:39:22 - [MESSAGE][INFO] - Finding Test Object 'Object Repository/Kullanici_Islemleri/Secenekler'

2021-11-18 11:39:23 - [MESSAGE][INFO] - Checking object

2021-11-18 11:39:23 - [MESSAGE][INFO] - Checking timeout

2021-11-18 11:39:23 - [MESSAGE][INFO] - Finding web element with id: 'Object Repository/Kullanici_Islemleri/Secenekler' located by 'By.cssSelector: .nav.navbar-nav.navbar-right li a' in '10' second(s)

2021-11-18 11:39:23 - [MESSAGE][INFO] - Smart Wait Function is triggered

2021-11-18 11:39:23 - [MESSAGE][PASSED] - Web element with id: 'Object Repository/Kullanici_Islemleri/Secenekler' located by 'By.cssSelector: .nav.navbar-nav.navbar-right li a' is not present after '10' second(s)

2021-11-18 11:39:23 - [MESSAGE][PASSED] - Call Test Case 'Test Cases/Kullanici_Islemleri/KullaniciIslemlerindenSecimYapilir' successfully

2021-11-18 11:39:23 - [TEST_CASE][PASSED] - Start Test Case : SCENARIO e-Arsiv Toplu Indirme - PDF Tumunun indirilmesi: SCENARIO e-Arsiv Toplu Indirme - PDF Tumunun indirilmesi

2021-11-18 11:39:23 - [TEST_STEP][PASSED] - Kullanıcı adı ELOGO6 ve Şifre 123456 olarak giriş yapılır: Kullanıcı adı ELOGO6 ve Şifre 123456 olarak giriş yapılır

2021-11-18 11:39:23 - [MESSAGE][PASSED] - Kullanıcı adı ELOGO6 ve Şifre 123456 olarak giriş yapılır

2021-11-18 11:39:23 - [TEST_STEP][PASSED] - Ana menüden e-Arşiv seçilir: Ana menüden e-Arşiv seçilir

2021-11-18 11:39:23 - [MESSAGE][PASSED] - Ana menüden e-Arşiv seçilir

2021-11-18 11:39:23 - [TEST_STEP][PASSED] - Alt menü e-Arşiv Hareketleri başlığı altındaki e-Arşiv Faturaları seçilir: Alt menü e-Arşiv Hareketleri başlığı altındaki e-Arşiv Faturaları seçilir

2021-11-18 11:39:23 - [MESSAGE][PASSED] - Alt menü e-Arşiv Hareketleri başlığı altındaki e-Arşiv Faturaları seçilir

2021-11-18 11:39:23 - [TEST_STEP][PASSED] - Filtrelerden Oluşturma Tarihi filtresine 01.07.2020 baslangic degerini yaz: Filtrelerden Oluşturma Tarihi filtresine 01.07.2020 baslangic degerini yaz

2021-11-18 11:39:23 - [MESSAGE][PASSED] - Filtrelerden Oluşturma Tarihi filtresine 01.07.2020 baslangic degerini yaz

2021-11-18 11:39:23 - [TEST_STEP][PASSED] - Filtrelerden Oluşturma Tarihi filtresine 31.07.2020 bitis degerini yaz: Filtrelerden Oluşturma Tarihi filtresine 31.07.2020 bitis degerini yaz

2021-11-18 11:39:23 - [MESSAGE][PASSED] - Filtrelerden Oluşturma Tarihi filtresine 31.07.2020 bitis degerini yaz

2021-11-18 11:39:23 - [TEST_STEP][PASSED] - Filtrelerden Alıcı Ünvanı filtresine test test textini yaz: Filtrelerden Alıcı Ünvanı filtresine test test textini yaz

2021-11-18 11:39:23 - [MESSAGE][PASSED] - Filtrelerden Alıcı Ünvanı filtresine test test textini yaz

2021-11-18 11:39:23 - [TEST_STEP][PASSED] - Filtre butonlarından Listele seçilir: Filtre butonlarından Listele seçilir

2021-11-18 11:39:23 - [MESSAGE][PASSED] - Filtre butonlarından Listele seçilir

2021-11-18 11:39:23 - [TEST_STEP][PASSED] - Tabloda veri var mı kontrol edilir: Tabloda veri var mı kontrol edilir

2021-11-18 11:39:23 - [MESSAGE][PASSED] - Tabloda veri var mı kontrol edilir

2021-11-18 11:39:23 - [TEST_STEP][PASSED] - Tablodan test test isimli veri seçilir: Tablodan test test isimli veri seçilir

2021-11-18 11:39:23 - [MESSAGE][PASSED] - Tablodan test test isimli veri seçilir

2021-11-18 11:39:23 - [TEST_STEP][PASSED] - Butonlardan Toplu İndirme isimli butona tıklanır: Butonlardan Toplu İndirme isimli butona tıklanır

2021-11-18 11:39:23 - [MESSAGE][PASSED] - Butonlardan Toplu İndirme isimli butona tıklanır

2021-11-18 11:39:23 - [TEST_STEP][PASSED] - Alt butonlardan PDF Tümünü İndir butonuna tıklanır: Alt butonlardan PDF Tümünü İndir butonuna tıklanır

2021-11-18 11:39:23 - [MESSAGE][PASSED] - Alt butonlardan PDF Tümünü İndir butonuna tıklanır

2021-11-18 11:39:23 - [TEST_STEP][PASSED] - Popup mesajı Lütfen rapor bildiriminin gönderileceği e-posta adresini belirtiniz. içeriyor mu: Popup mesajı Lütfen rapor bildiriminin gönderileceği e-posta adresini belirtiniz. içeriyor mu

2021-11-18 11:39:23 - [MESSAGE][PASSED] - Popup mesajı Lütfen rapor bildiriminin gönderileceği e-posta adresini belirtiniz. içeriyor mu

2021-11-18 11:39:23 - [TEST_STEP][PASSED] - Popup email elogotest@gmail.com;ali.kara@logo.com.tr olarak girilir: Popup email elogotest@gmail.com;ali.kara@logo.com.tr olarak girilir

2021-11-18 11:39:23 - [MESSAGE][PASSED] - Popup email elogotest@gmail.com;ali.kara@logo.com.tr olarak girilir

2021-11-18 11:39:23 - [TEST_STEP][PASSED] - Yönetim popupında Gönder seçilir: Yönetim popupında Gönder seçilir

2021-11-18 11:39:23 - [MESSAGE][PASSED] - Yönetim popupında Gönder seçilir

2021-11-18 11:39:23 - [TEST_STEP][PASSED] - Popup mesajı talebiniz işleme alınmıştır içeriyor mu: Popup mesajı talebiniz işleme alınmıştır içeriyor mu

2021-11-18 11:39:23 - [MESSAGE][PASSED] - Popup mesajı talebiniz işleme alınmıştır içeriyor mu

2021-11-18 11:39:23 - [TEST_STEP][PASSED] - Yönetim popupında Tamam seçilir: Yönetim popupında Tamam seçilir

2021-11-18 11:39:23 - [MESSAGE][PASSED] - Yönetim popupında Tamam seçilir

2021-11-18 11:39:23 - [TEST_STEP][PASSED] - Butonlardan Toplu İndirme isimli butona tıklanır: Butonlardan Toplu İndirme isimli butona tıklanır

2021-11-18 11:39:23 - [MESSAGE][PASSED] - Butonlardan Toplu İndirme isimli butona tıklanır

2021-11-18 11:39:23 - [TEST_STEP][PASSED] - Alt butonlardan PDF Seçilenleri İndir butonuna tıklanır: Alt butonlardan PDF Seçilenleri İndir butonuna tıklanır

2021-11-18 11:39:23 - [MESSAGE][PASSED] - Alt butonlardan PDF Seçilenleri İndir butonuna tıklanır

2021-11-18 11:39:23 - [TEST_STEP][PASSED] - Popup mesajı Lütfen rapor bildiriminin gönderileceği e-posta adresini belirtiniz. içeriyor mu: Popup mesajı Lütfen rapor bildiriminin gönderileceği e-posta adresini belirtiniz. içeriyor mu

2021-11-18 11:39:23 - [MESSAGE][PASSED] - Popup mesajı Lütfen rapor bildiriminin gönderileceği e-posta adresini belirtiniz. içeriyor mu

2021-11-18 11:39:23 - [TEST_STEP][PASSED] - Popup email elogotest@gmail.com;ali.kara@logo.com.tr olarak girilir: Popup email elogotest@gmail.com;ali.kara@logo.com.tr olarak girilir

2021-11-18 11:39:23 - [MESSAGE][PASSED] - Popup email elogotest@gmail.com;ali.kara@logo.com.tr olarak girilir

2021-11-18 11:39:23 - [TEST_STEP][PASSED] - Yönetim popupında Gönder seçilir: Yönetim popupında Gönder seçilir

2021-11-18 11:39:23 - [MESSAGE][PASSED] - Yönetim popupında Gönder seçilir

2021-11-18 11:39:23 - [TEST_STEP][PASSED] - Popup mesajı talebiniz işleme alınmıştır içeriyor mu: Popup mesajı talebiniz işleme alınmıştır içeriyor mu

2021-11-18 11:39:23 - [MESSAGE][PASSED] - Popup mesajı talebiniz işleme alınmıştır içeriyor mu

2021-11-18 11:39:23 - [TEST_STEP][PASSED] - Yönetim popupında Tamam seçilir: Yönetim popupında Tamam seçilir

2021-11-18 11:39:23 - [MESSAGE][PASSED] - Yönetim popupında Tamam seçilir

2021-11-18 11:39:23 - [TEST_STEP][PASSED] - Ana menüden Raporlar seçilir: Ana menüden Raporlar seçilir

2021-11-18 11:39:23 - [MESSAGE][PASSED] - Ana menüden Raporlar seçilir

2021-11-18 11:39:23 - [TEST_STEP][PASSED] - Alt menüden Toplu Veri İndirme seçilir: Alt menüden Toplu Veri İndirme seçilir

2021-11-18 11:39:23 - [MESSAGE][PASSED] - Alt menüden Toplu Veri İndirme seçilir

2021-11-18 11:39:23 - [TEST_STEP][PASSED] - Filtrelerden Talep No filtresine Rapor No bilgisi yaz: Filtrelerden Talep No filtresine Rapor No bilgisi yaz

2021-11-18 11:39:23 - [MESSAGE][PASSED] - Filtrelerden Talep No filtresine Rapor No bilgisi yaz

2021-11-18 11:39:23 - [TEST_STEP][PASSED] - Filtre butonlarından Listele seçilir: Filtre butonlarından Listele seçilir

2021-11-18 11:39:23 - [MESSAGE][PASSED] - Filtre butonlarından Listele seçilir

2021-11-18 11:39:23 - [TEST_STEP][PASSED] - Tabloda veri var mı kontrol edilir: Tabloda veri var mı kontrol edilir

2021-11-18 11:39:23 - [MESSAGE][PASSED] - Tabloda veri var mı kontrol edilir

2021-11-18 11:39:23 - [TEST_STEP][PASSED] - Kullanıcı işlemlerinden Çıkış seçilir: Kullanıcı işlemlerinden Çıkış seçilir

2021-11-18 11:39:23 - [MESSAGE][PASSED] - Kullanıcı işlemlerinden Çıkış seçilir

2021-11-18 11:39:23 - [MESSAGE][PASSED] - Feature file: 'Include/features/e-Arsiv/e-Arsiv Hareketleri/e-Arsiv Faturalari/Toplu Indirme.feature' was passed

2021-11-18 11:39:23 - [TEST_STEP][PASSED] - Start listener action : sampleAfterTestSuite: Invoke 'com.kms.katalon.core.annotation.AfterTestCase' method: 'Listener.sampleAfterTestSuite(...)' completed.

2021-11-18 11:39:23 - [MESSAGE][INFO] - Starting invoke 'com.kms.katalon.core.annotation.AfterTestCase' method: 'Listener.sampleAfterTestSuite(...)'

2021-11-18 11:39:23 - [TEST_STEP][PASSED] - closeBrowser(): Invoke 'com.kms.katalon.core.annotation.AfterTestCase' method: 'Listener.sampleAfterTestSuite(...)' completed.

2021-11-18 11:39:23 - [MESSAGE][INFO] - Closing browser

2021-11-18 11:39:24 - [MESSAGE][PASSED] - Browser is closed

2021-11-18 11:39:24 - [MESSAGE][INFO] - Invoke 'com.kms.katalon.core.annotation.AfterTestCase' method: 'Listener.sampleAfterTestSuite(...)' completed.]]></system-out>
         <system-err><![CDATA[]]></system-err>
      </testcase>
      <testcase name="Test Cases/Case Repository/e-Arsiv/e-Arsiv Hareketleri/e-Arsiv Raporlari/Excele Aktar" time="51.811" classname="Test Cases/Case Repository/e-Arsiv/e-Arsiv Hareketleri/e-Arsiv Raporlari/Excele Aktar" status="PASSED">
         <system-out><![CDATA[2021-11-18 11:39:24 - [TEST_CASE][PASSED] - Test Cases/Case Repository/e-Arsiv/e-Arsiv Hareketleri/e-Arsiv Raporlari/Excele Aktar: Test Cases/Case Repository/e-Arsiv/e-Arsiv Hareketleri/e-Arsiv Raporlari/Excele Aktar

2021-11-18 11:39:24 - [TEST_STEP][PASSED] - Start listener action : sampleBeforeTestSuite: Invoke 'com.kms.katalon.core.annotation.BeforeTestCase' method: 'Listener.sampleBeforeTestSuite(...)' completed.

2021-11-18 11:39:24 - [MESSAGE][INFO] - Starting invoke 'com.kms.katalon.core.annotation.BeforeTestCase' method: 'Listener.sampleBeforeTestSuite(...)'

2021-11-18 11:39:24 - [TEST_STEP][PASSED] - openBrowser(baseUrl): Browser is opened with url: 'https://efatura-stage.elogo.com.tr/'

2021-11-18 11:39:24 - [MESSAGE][INFO] - Opening browser

2021-11-18 11:39:24 - [MESSAGE][INFO] - Starting 'Chrome' driver

2021-11-18 11:39:24 - [MESSAGE][INFO] - User set preference: ['prefs', '{download.default_directory=C:\otomasyondownfiles}']

2021-11-18 11:39:24 - [MESSAGE][INFO] - Action delay is set to 0 milliseconds

2021-11-18 11:39:25 - [MESSAGE][INFO] - Navigating browser to: 'https://efatura-stage.elogo.com.tr/'

2021-11-18 11:39:29 - [MESSAGE][PASSED] - Browser is opened with url: 'https://efatura-stage.elogo.com.tr/'

2021-11-18 11:39:29 - [TEST_STEP][PASSED] - maximizeWindow(): Invoke 'com.kms.katalon.core.annotation.BeforeTestCase' method: 'Listener.sampleBeforeTestSuite(...)' completed.

2021-11-18 11:39:29 - [MESSAGE][INFO] - Maximizing current window

2021-11-18 11:39:29 - [MESSAGE][PASSED] - Current window maximized

2021-11-18 11:39:29 - [MESSAGE][INFO] - Invoke 'com.kms.katalon.core.annotation.BeforeTestCase' method: 'Listener.sampleBeforeTestSuite(...)' completed.

2021-11-18 11:39:29 - [TEST_STEP][PASSED] - runFeatureFile("Include/features/e-Arsiv/e-Arsiv Hareketleri/e-Arsiv Raporlari/Excele Aktar.feature"): Feature file: 'Include/features/e-Arsiv/e-Arsiv Hareketleri/e-Arsiv Raporlari/Excele Aktar.feature' was passed

2021-11-18 11:39:29 - [MESSAGE][INFO] - Starting run keyword runFeatureFile: 'Include/features/e-Arsiv/e-Arsiv Hareketleri/e-Arsiv Raporlari/Excele Aktar.feature' and extract report to folder: 'C:\Users\DELL\Documents\GitHub\EES_KatalonLogo\Reports\20211118_110909\Suite Repository\ExceleAktarVeTopluIndirme\20211118_110948/cucumber_report/1637224769809'...

2021-11-18 11:39:29 - [MESSAGE][INFO] - Glue: []

2021-11-18 11:39:31 - [MESSAGE][INFO] - Checking called Test Case

2021-11-18 11:39:31 - [MESSAGE][INFO] - Starting to call Test Case 'Test Cases/Sayfalar/Giris_Sayfasi/Login'

2021-11-18 11:39:31 - [TEST_CASE][PASSED] - Test Cases/Sayfalar/Giris_Sayfasi/Login: Test Cases/Sayfalar/Giris_Sayfasi/Login

2021-11-18 11:39:31 - [TEST_STEP][PASSED] - Sayfa_Basligi = getWindowTitle(): Current window's title is: 'LOGO e-Fatura'

2021-11-18 11:39:31 - [MESSAGE][INFO] - Getting current window's title

2021-11-18 11:39:31 - [MESSAGE][PASSED] - Current window's title is: 'LOGO e-Fatura'

2021-11-18 11:39:31 - [TEST_STEP][PASSED] - verifyMatch(Sayfa_Basligi, "LOGO e-Fatura", false): Actual text 'LOGO e-Fatura' and expected text 'LOGO e-Fatura' are matched 

2021-11-18 11:39:31 - [MESSAGE][INFO] - Matching actual text 'LOGO e-Fatura' with expected text 'LOGO e-Fatura'

2021-11-18 11:39:31 - [MESSAGE][PASSED] - Actual text 'LOGO e-Fatura' and expected text 'LOGO e-Fatura' are matched 

2021-11-18 11:39:31 - [TEST_STEP][PASSED] - sendKeys(findTestObject("Sayfalar/Giris_Sayfasi/Firma_Kodu"), KullaniciAdi): Keys 'ELOGO6' sent to object: 'Object Repository/Sayfalar/Giris_Sayfasi/Firma_Kodu'

2021-11-18 11:39:31 - [MESSAGE][INFO] - Finding Test Object 'Object Repository/Sayfalar/Giris_Sayfasi/Firma_Kodu'

2021-11-18 11:39:31 - [MESSAGE][INFO] - Sending keys 'ELOGO6' to object: 'Object Repository/Sayfalar/Giris_Sayfasi/Firma_Kodu'

2021-11-18 11:39:31 - [MESSAGE][INFO] - Finding web element from Test Object's properties

2021-11-18 11:39:31 - [MESSAGE][INFO] - Checking timeout

2021-11-18 11:39:31 - [MESSAGE][INFO] - Finding web element with id: 'Object Repository/Sayfalar/Giris_Sayfasi/Firma_Kodu' located by 'By.xpath: //*[@id = 'AccountName']' in '30' second(s)

2021-11-18 11:39:31 - [MESSAGE][INFO] - Smart Wait Function is triggered

2021-11-18 11:39:31 - [MESSAGE][INFO] - Found 1 web elements with id: 'Object Repository/Sayfalar/Giris_Sayfasi/Firma_Kodu' located by 'By.xpath: //*[@id = 'AccountName']' in '30' second(s)

2021-11-18 11:39:31 - [MESSAGE][PASSED] - Keys 'ELOGO6' sent to object: 'Object Repository/Sayfalar/Giris_Sayfasi/Firma_Kodu'

2021-11-18 11:39:31 - [TEST_STEP][PASSED] - sendKeys(findTestObject("Sayfalar/Giris_Sayfasi/Sifre"), Sifre): Keys '123456' sent to object: 'Object Repository/Sayfalar/Giris_Sayfasi/Sifre'

2021-11-18 11:39:31 - [MESSAGE][INFO] - Finding Test Object 'Object Repository/Sayfalar/Giris_Sayfasi/Sifre'

2021-11-18 11:39:31 - [MESSAGE][INFO] - Sending keys '123456' to object: 'Object Repository/Sayfalar/Giris_Sayfasi/Sifre'

2021-11-18 11:39:31 - [MESSAGE][INFO] - Finding web element from Test Object's properties

2021-11-18 11:39:31 - [MESSAGE][INFO] - Checking timeout

2021-11-18 11:39:31 - [MESSAGE][INFO] - Finding web element with id: 'Object Repository/Sayfalar/Giris_Sayfasi/Sifre' located by 'By.xpath: //*[@id = 'Password']' in '30' second(s)

2021-11-18 11:39:31 - [MESSAGE][INFO] - Smart Wait Function is triggered

2021-11-18 11:39:32 - [MESSAGE][INFO] - Found 1 web elements with id: 'Object Repository/Sayfalar/Giris_Sayfasi/Sifre' located by 'By.xpath: //*[@id = 'Password']' in '30' second(s)

2021-11-18 11:39:32 - [MESSAGE][PASSED] - Keys '123456' sent to object: 'Object Repository/Sayfalar/Giris_Sayfasi/Sifre'

2021-11-18 11:39:32 - [TEST_STEP][PASSED] - findWebElement(findTestObject("Sayfalar/Giris_Sayfasi/Giris_Butonu")).click(): Found 1 web elements with id: 'Object Repository/Sayfalar/Giris_Sayfasi/Giris_Butonu' located by 'By.cssSelector: #btnLogin' in '30' second(s)

2021-11-18 11:39:32 - [MESSAGE][INFO] - Finding Test Object 'Object Repository/Sayfalar/Giris_Sayfasi/Giris_Butonu'

2021-11-18 11:39:32 - [MESSAGE][INFO] - Finding web element from Test Object's properties

2021-11-18 11:39:32 - [MESSAGE][INFO] - Checking timeout

2021-11-18 11:39:32 - [MESSAGE][INFO] - Finding web element with id: 'Object Repository/Sayfalar/Giris_Sayfasi/Giris_Butonu' located by 'By.cssSelector: #btnLogin' in '30' second(s)

2021-11-18 11:39:32 - [MESSAGE][INFO] - Smart Wait Function is triggered

2021-11-18 11:39:32 - [MESSAGE][INFO] - Found 1 web elements with id: 'Object Repository/Sayfalar/Giris_Sayfasi/Giris_Butonu' located by 'By.cssSelector: #btnLogin' in '30' second(s)

2021-11-18 11:39:34 - [TEST_STEP][PASSED] - if (verifyElementPresent(findTestObject("Object Repository/Sayfalar/Giris_Sayfasi/RetveTamam_Butonu"), 5, OPTIONAL)): null

2021-11-18 11:39:34 - [MESSAGE][INFO] - Finding Test Object 'Object Repository/Sayfalar/Giris_Sayfasi/RetveTamam_Butonu'

2021-11-18 11:39:35 - [MESSAGE][INFO] - Checking object

2021-11-18 11:39:35 - [MESSAGE][INFO] - Finding web element from Test Object's properties

2021-11-18 11:39:35 - [MESSAGE][INFO] - Checking timeout

2021-11-18 11:39:35 - [MESSAGE][INFO] - Finding web element with id: 'Object Repository/Sayfalar/Giris_Sayfasi/RetveTamam_Butonu' located by 'By.xpath: //*[@class = 'btn btn-default']' in '5' second(s)

2021-11-18 11:39:35 - [MESSAGE][INFO] - Smart Wait Function is triggered

2021-11-18 11:39:35 - [MESSAGE][INFO] - Found 1 web elements with id: 'Object Repository/Sayfalar/Giris_Sayfasi/RetveTamam_Butonu' located by 'By.xpath: //*[@class = 'btn btn-default']' in '5' second(s)

2021-11-18 11:39:35 - [MESSAGE][PASSED] - Object 'Object Repository/Sayfalar/Giris_Sayfasi/RetveTamam_Butonu' is present

2021-11-18 11:39:35 - [TEST_STEP][PASSED] - click(findTestObject("Object Repository/Sayfalar/Giris_Sayfasi/RetveTamam_Butonu")): Object: 'Object Repository/Sayfalar/Giris_Sayfasi/RetveTamam_Butonu' is clicked on

2021-11-18 11:39:35 - [MESSAGE][INFO] - Finding Test Object 'Object Repository/Sayfalar/Giris_Sayfasi/RetveTamam_Butonu'

2021-11-18 11:39:35 - [MESSAGE][INFO] - Checking object

2021-11-18 11:39:35 - [MESSAGE][INFO] - Finding web element from Test Object's properties

2021-11-18 11:39:35 - [MESSAGE][INFO] - Checking timeout

2021-11-18 11:39:35 - [MESSAGE][INFO] - Finding web element with id: 'Object Repository/Sayfalar/Giris_Sayfasi/RetveTamam_Butonu' located by 'By.xpath: //*[@class = 'btn btn-default']' in '30' second(s)

2021-11-18 11:39:35 - [MESSAGE][INFO] - Smart Wait Function is triggered

2021-11-18 11:39:35 - [MESSAGE][INFO] - Found 1 web elements with id: 'Object Repository/Sayfalar/Giris_Sayfasi/RetveTamam_Butonu' located by 'By.xpath: //*[@class = 'btn btn-default']' in '30' second(s)

2021-11-18 11:39:35 - [MESSAGE][INFO] - Clicking on object: 'Object Repository/Sayfalar/Giris_Sayfasi/RetveTamam_Butonu'

2021-11-18 11:39:35 - [MESSAGE][PASSED] - Object: 'Object Repository/Sayfalar/Giris_Sayfasi/RetveTamam_Butonu' is clicked on

2021-11-18 11:39:35 - [TEST_STEP][PASSED] - click(findTestObject("Object Repository/Sayfalar/Giris_Sayfasi/RetveTamam_Butonu")): Object: 'Object Repository/Sayfalar/Giris_Sayfasi/RetveTamam_Butonu' is clicked on

2021-11-18 11:39:35 - [MESSAGE][INFO] - Finding Test Object 'Object Repository/Sayfalar/Giris_Sayfasi/RetveTamam_Butonu'

2021-11-18 11:39:35 - [MESSAGE][INFO] - Checking object

2021-11-18 11:39:35 - [MESSAGE][INFO] - Finding web element from Test Object's properties

2021-11-18 11:39:35 - [MESSAGE][INFO] - Checking timeout

2021-11-18 11:39:35 - [MESSAGE][INFO] - Finding web element with id: 'Object Repository/Sayfalar/Giris_Sayfasi/RetveTamam_Butonu' located by 'By.xpath: //*[@class = 'btn btn-default']' in '30' second(s)

2021-11-18 11:39:35 - [MESSAGE][INFO] - Smart Wait Function is triggered

2021-11-18 11:39:44 - [MESSAGE][INFO] - Found 1 web elements with id: 'Object Repository/Sayfalar/Giris_Sayfasi/RetveTamam_Butonu' located by 'By.xpath: //*[@class = 'btn btn-default']' in '30' second(s)

2021-11-18 11:39:44 - [MESSAGE][INFO] - Clicking on object: 'Object Repository/Sayfalar/Giris_Sayfasi/RetveTamam_Butonu'

2021-11-18 11:39:44 - [MESSAGE][PASSED] - Object: 'Object Repository/Sayfalar/Giris_Sayfasi/RetveTamam_Butonu' is clicked on

2021-11-18 11:39:44 - [TEST_STEP][PASSED] - if (verifyElementPresent(findTestObject("Sayfalar/Giris_Sayfasi/PopupOK"), 5, OPTIONAL)): null

2021-11-18 11:39:44 - [MESSAGE][INFO] - Finding Test Object 'Object Repository/Sayfalar/Giris_Sayfasi/PopupOK'

2021-11-18 11:39:45 - [MESSAGE][INFO] - Checking object

2021-11-18 11:39:45 - [MESSAGE][INFO] - Finding web element from Test Object's properties

2021-11-18 11:39:45 - [MESSAGE][INFO] - Checking timeout

2021-11-18 11:39:45 - [MESSAGE][INFO] - Finding web element with id: 'Object Repository/Sayfalar/Giris_Sayfasi/PopupOK' located by 'By.cssSelector: .btn.btn-success' in '5' second(s)

2021-11-18 11:39:45 - [MESSAGE][INFO] - Smart Wait Function is triggered

2021-11-18 11:39:45 - [MESSAGE][INFO] - Found 1 web elements with id: 'Object Repository/Sayfalar/Giris_Sayfasi/PopupOK' located by 'By.cssSelector: .btn.btn-success' in '5' second(s)

2021-11-18 11:39:45 - [MESSAGE][PASSED] - Object 'Object Repository/Sayfalar/Giris_Sayfasi/PopupOK' is present

2021-11-18 11:39:45 - [TEST_STEP][PASSED] - click(findTestObject("Object Repository/Sayfalar/Giris_Sayfasi/PopupCarpiGiris")): Object: 'Object Repository/Sayfalar/Giris_Sayfasi/PopupCarpiGiris' is clicked on

2021-11-18 11:39:45 - [MESSAGE][INFO] - Finding Test Object 'Object Repository/Sayfalar/Giris_Sayfasi/PopupCarpiGiris'

2021-11-18 11:39:45 - [MESSAGE][INFO] - Checking object

2021-11-18 11:39:45 - [MESSAGE][INFO] - Finding web element from Test Object's properties

2021-11-18 11:39:45 - [MESSAGE][INFO] - Checking timeout

2021-11-18 11:39:45 - [MESSAGE][INFO] - Finding web element with id: 'Object Repository/Sayfalar/Giris_Sayfasi/PopupCarpiGiris' located by 'By.cssSelector: .bootbox-close-button.close' in '30' second(s)

2021-11-18 11:39:45 - [MESSAGE][INFO] - Smart Wait Function is triggered

2021-11-18 11:39:46 - [MESSAGE][INFO] - Found 1 web elements with id: 'Object Repository/Sayfalar/Giris_Sayfasi/PopupCarpiGiris' located by 'By.cssSelector: .bootbox-close-button.close' in '30' second(s)

2021-11-18 11:39:46 - [MESSAGE][INFO] - Clicking on object: 'Object Repository/Sayfalar/Giris_Sayfasi/PopupCarpiGiris'

2021-11-18 11:39:46 - [MESSAGE][PASSED] - Object: 'Object Repository/Sayfalar/Giris_Sayfasi/PopupCarpiGiris' is clicked on

2021-11-18 11:39:46 - [TEST_STEP][PASSED] - verifyElementVisible(findTestObject("Object Repository/Kullanici_Islemleri/KullaniciIslemleri")): Object 'Object Repository/Kullanici_Islemleri/KullaniciIslemleri' is visible

2021-11-18 11:39:46 - [MESSAGE][INFO] - Finding Test Object 'Object Repository/Kullanici_Islemleri/KullaniciIslemleri'

2021-11-18 11:39:46 - [MESSAGE][INFO] - Checking object

2021-11-18 11:39:46 - [MESSAGE][INFO] - Finding web element from Test Object's properties

2021-11-18 11:39:46 - [MESSAGE][INFO] - Checking timeout

2021-11-18 11:39:46 - [MESSAGE][INFO] - Finding web element with id: 'Object Repository/Kullanici_Islemleri/KullaniciIslemleri' located by 'By.cssSelector: .dropdown>a>img' in '30' second(s)

2021-11-18 11:39:46 - [MESSAGE][INFO] - Smart Wait Function is triggered

2021-11-18 11:39:47 - [MESSAGE][INFO] - Found 1 web elements with id: 'Object Repository/Kullanici_Islemleri/KullaniciIslemleri' located by 'By.cssSelector: .dropdown>a>img' in '30' second(s)

2021-11-18 11:39:47 - [MESSAGE][PASSED] - Object 'Object Repository/Kullanici_Islemleri/KullaniciIslemleri' is visible

2021-11-18 11:39:47 - [MESSAGE][PASSED] - Call Test Case 'Test Cases/Sayfalar/Giris_Sayfasi/Login' successfully

2021-11-18 11:39:47 - [MESSAGE][INFO] - Checking called Test Case

2021-11-18 11:39:47 - [MESSAGE][INFO] - Starting to call Test Case 'Test Cases/Menu/AnaMenuSecimi'

2021-11-18 11:39:47 - [TEST_CASE][PASSED] - Test Cases/Menu/AnaMenuSecimi: Test Cases/Menu/AnaMenuSecimi

2021-11-18 11:39:47 - [TEST_STEP][PASSED] - Method.TextDegerineEsitElementeTikla(findTestObject("Menu/Ana_Menu"), Ana_Menu): Method.TextDegerineEsitElementeTikla is PASSED

2021-11-18 11:39:47 - [MESSAGE][INFO] - Finding Test Object 'Object Repository/Menu/Ana_Menu'

2021-11-18 11:39:47 - [MESSAGE][INFO] - Checking timeout

2021-11-18 11:39:47 - [MESSAGE][INFO] - Finding web element with id: 'Object Repository/Menu/Ana_Menu' located by 'By.xpath: //*[@class = 'dropdown-toggle']' in '10' second(s)

2021-11-18 11:39:47 - [MESSAGE][INFO] - Smart Wait Function is triggered

2021-11-18 11:39:47 - [MESSAGE][INFO] - Found 14 web elements with id: 'Object Repository/Menu/Ana_Menu' located by 'By.xpath: //*[@class = 'dropdown-toggle']' in '10' second(s)

2021-11-18 11:39:47 - [MESSAGE][PASSED] - Method.TextDegerineEsitElementeTikla is PASSED

2021-11-18 11:39:47 - [MESSAGE][PASSED] - Call Test Case 'Test Cases/Menu/AnaMenuSecimi' successfully

2021-11-18 11:39:47 - [MESSAGE][INFO] - Checking called Test Case

2021-11-18 11:39:47 - [MESSAGE][INFO] - Starting to call Test Case 'Test Cases/Menu/BasligaGoreAltMenuSecimi'

2021-11-18 11:39:47 - [TEST_CASE][PASSED] - Test Cases/Menu/BasligaGoreAltMenuSecimi: Test Cases/Menu/BasligaGoreAltMenuSecimi

2021-11-18 11:39:47 - [TEST_STEP][PASSED] - Method.TextDegerineEsitElementinAltindakiTextDegerineEsitOlanaTikla(findTestObject("Menu/Menu_Basligi"), findTestObject("Menu/Basliga_Gore_Alt_Menu"), Baslik, Alt_Menu): Method.TextDegerineEsitElementinAltindakiTextDegerineEsitOlanaTikla is PASSED

2021-11-18 11:39:47 - [MESSAGE][INFO] - Finding Test Object 'Object Repository/Menu/Menu_Basligi'

2021-11-18 11:39:47 - [MESSAGE][INFO] - Finding Test Object 'Object Repository/Menu/Basliga_Gore_Alt_Menu'

2021-11-18 11:39:47 - [MESSAGE][INFO] - Checking timeout

2021-11-18 11:39:47 - [MESSAGE][INFO] - Finding web element with id: 'Object Repository/Menu/Menu_Basligi' located by 'By.xpath: //li[@class='dropdown dropdown-large open']//li[@class='dropdown-header']' in '10' second(s)

2021-11-18 11:39:47 - [MESSAGE][INFO] - Smart Wait Function is triggered

2021-11-18 11:39:48 - [MESSAGE][INFO] - Found 2 web elements with id: 'Object Repository/Menu/Menu_Basligi' located by 'By.xpath: //li[@class='dropdown dropdown-large open']//li[@class='dropdown-header']' in '10' second(s)

2021-11-18 11:39:48 - [MESSAGE][INFO] - Smart Wait Function is triggered

2021-11-18 11:39:50 - [MESSAGE][PASSED] - Method.TextDegerineEsitElementinAltindakiTextDegerineEsitOlanaTikla is PASSED

2021-11-18 11:39:50 - [MESSAGE][PASSED] - Call Test Case 'Test Cases/Menu/BasligaGoreAltMenuSecimi' successfully

2021-11-18 11:39:50 - [MESSAGE][INFO] - Checking called Test Case

2021-11-18 11:39:50 - [MESSAGE][INFO] - Starting to call Test Case 'Test Cases/Filtreler/DropdownSec'

2021-11-18 11:39:50 - [TEST_CASE][PASSED] - Test Cases/Filtreler/DropdownSec: Test Cases/Filtreler/DropdownSec

2021-11-18 11:39:51 - [TEST_STEP][PASSED] - Method.TextDegerineEsitElementinAltindakineTikla(findTestObject("Filtreler/Basliklar"), findTestObject("Filtreler/Basliga_Gore_Baslangic_Image"), Filtre_Adi): Method.TextDegerineEsitElementinAltindakineTikla is PASSED

2021-11-18 11:39:51 - [MESSAGE][INFO] - Finding Test Object 'Object Repository/Filtreler/Basliklar'

2021-11-18 11:39:51 - [MESSAGE][INFO] - Finding Test Object 'Object Repository/Filtreler/Basliga_Gore_Baslangic_Image'

2021-11-18 11:39:51 - [MESSAGE][INFO] - Checking timeout

2021-11-18 11:39:51 - [MESSAGE][INFO] - Finding web element with id: 'Object Repository/Filtreler/Basliklar' located by 'By.cssSelector: .control-label.col-sm-4.paddingMarginRLC' in '10' second(s)

2021-11-18 11:39:51 - [MESSAGE][INFO] - Smart Wait Function is triggered

2021-11-18 11:39:51 - [MESSAGE][INFO] - Found 8 web elements with id: 'Object Repository/Filtreler/Basliklar' located by 'By.cssSelector: .control-label.col-sm-4.paddingMarginRLC' in '10' second(s)

2021-11-18 11:39:51 - [MESSAGE][INFO] - Smart Wait Function is triggered

2021-11-18 11:39:51 - [MESSAGE][PASSED] - Method.TextDegerineEsitElementinAltindakineTikla is PASSED

2021-11-18 11:39:51 - [TEST_STEP][PASSED] - Method.TextDegerineEsitElementeTikla(findTestObject("Object Repository/Filtreler/Basliga_Gore_Dropdown"), Filtre_Degeri): Method.TextDegerineEsitElementeTikla is PASSED

2021-11-18 11:39:51 - [MESSAGE][INFO] - Finding Test Object 'Object Repository/Filtreler/Basliga_Gore_Dropdown'

2021-11-18 11:39:51 - [MESSAGE][INFO] - Checking timeout

2021-11-18 11:39:51 - [MESSAGE][INFO] - Finding web element with id: 'Object Repository/Filtreler/Basliga_Gore_Dropdown' located by 'By.xpath: //*[@class = 'dxeListBoxItemRow_LECustomTheme']' in '10' second(s)

2021-11-18 11:39:51 - [MESSAGE][INFO] - Smart Wait Function is triggered

2021-11-18 11:39:52 - [MESSAGE][INFO] - Found 109 web elements with id: 'Object Repository/Filtreler/Basliga_Gore_Dropdown' located by 'By.xpath: //*[@class = 'dxeListBoxItemRow_LECustomTheme']' in '10' second(s)

2021-11-18 11:39:52 - [MESSAGE][PASSED] - Method.TextDegerineEsitElementeTikla is PASSED

2021-11-18 11:39:52 - [MESSAGE][PASSED] - Call Test Case 'Test Cases/Filtreler/DropdownSec' successfully

2021-11-18 11:39:52 - [MESSAGE][INFO] - Checking called Test Case

2021-11-18 11:39:52 - [MESSAGE][INFO] - Starting to call Test Case 'Test Cases/Filtreler/ButonaTikla'

2021-11-18 11:39:52 - [TEST_CASE][PASSED] - Test Cases/Filtreler/ButonaTikla: Test Cases/Filtreler/ButonaTikla

2021-11-18 11:39:52 - [TEST_STEP][PASSED] - Method.TextDegerineEsitElementeTikla(findTestObject("Filtreler/Butonlar"), Filtre_Buton): Method.TextDegerineEsitElementeTikla is PASSED

2021-11-18 11:39:52 - [MESSAGE][INFO] - Finding Test Object 'Object Repository/Filtreler/Butonlar'

2021-11-18 11:39:52 - [MESSAGE][INFO] - Checking timeout

2021-11-18 11:39:52 - [MESSAGE][INFO] - Finding web element with id: 'Object Repository/Filtreler/Butonlar' located by 'By.cssSelector: .dxb>span' in '10' second(s)

2021-11-18 11:39:52 - [MESSAGE][INFO] - Smart Wait Function is triggered

2021-11-18 11:39:52 - [MESSAGE][INFO] - Found 3 web elements with id: 'Object Repository/Filtreler/Butonlar' located by 'By.cssSelector: .dxb>span' in '10' second(s)

2021-11-18 11:39:53 - [MESSAGE][PASSED] - Method.TextDegerineEsitElementeTikla is PASSED

2021-11-18 11:39:53 - [MESSAGE][PASSED] - Call Test Case 'Test Cases/Filtreler/ButonaTikla' successfully

2021-11-18 11:39:53 - [MESSAGE][INFO] - Checking called Test Case

2021-11-18 11:39:53 - [MESSAGE][INFO] - Starting to call Test Case 'Test Cases/Tablo/TablodaVeriVarMi'

2021-11-18 11:39:53 - [TEST_CASE][PASSED] - Test Cases/Tablo/TablodaVeriVarMi: Test Cases/Tablo/TablodaVeriVarMi

2021-11-18 11:39:53 - [TEST_STEP][PASSED] - verifyTextNotPresent("Görüntülenecek veri yok", true): Text 'Görüntülenecek veri yok' is not present on page using regular expression

2021-11-18 11:39:53 - [MESSAGE][INFO] - Checking text present  using regular expression

2021-11-18 11:39:53 - [MESSAGE][INFO] - Smart Wait Function is triggered

2021-11-18 11:39:53 - [MESSAGE][INFO] - Finding text 'Görüntülenecek veri yok' on page  using regular expression

2021-11-18 11:39:53 - [MESSAGE][PASSED] - Text 'Görüntülenecek veri yok' is not present on page using regular expression

2021-11-18 11:39:53 - [MESSAGE][PASSED] - Call Test Case 'Test Cases/Tablo/TablodaVeriVarMi' successfully

2021-11-18 11:39:53 - [MESSAGE][INFO] - Checking called Test Case

2021-11-18 11:39:53 - [MESSAGE][INFO] - Starting to call Test Case 'Test Cases/Tablo/TablodanVeriSec'

2021-11-18 11:39:54 - [TEST_CASE][PASSED] - Test Cases/Tablo/TablodanVeriSec: Test Cases/Tablo/TablodanVeriSec

2021-11-18 11:39:54 - [TEST_STEP][PASSED] - Method.TextDegerineEsitElementinAltindakineTikla(findTestObject("Tablo/Veriler"), findTestObject("Tablo/VerininCheckBoxi"), Veri_Adi): Method.TextDegerineEsitElementinAltindakineTikla is PASSED

2021-11-18 11:39:54 - [MESSAGE][INFO] - Finding Test Object 'Object Repository/Tablo/Veriler'

2021-11-18 11:39:54 - [MESSAGE][INFO] - Finding Test Object 'Object Repository/Tablo/VerininCheckBoxi'

2021-11-18 11:39:54 - [MESSAGE][INFO] - Checking timeout

2021-11-18 11:39:54 - [MESSAGE][INFO] - Finding web element with id: 'Object Repository/Tablo/Veriler' located by 'By.cssSelector: td.dxgv b ,td.dxgv' in '10' second(s)

2021-11-18 11:39:54 - [MESSAGE][INFO] - Smart Wait Function is triggered

2021-11-18 11:39:54 - [MESSAGE][INFO] - Found 140 web elements with id: 'Object Repository/Tablo/Veriler' located by 'By.cssSelector: td.dxgv b ,td.dxgv' in '10' second(s)

2021-11-18 11:39:54 - [MESSAGE][INFO] - Smart Wait Function is triggered

2021-11-18 11:39:54 - [MESSAGE][PASSED] - Method.TextDegerineEsitElementinAltindakineTikla is PASSED

2021-11-18 11:39:54 - [MESSAGE][PASSED] - Call Test Case 'Test Cases/Tablo/TablodanVeriSec' successfully

2021-11-18 11:39:54 - [MESSAGE][INFO] - Checking called Test Case

2021-11-18 11:39:54 - [MESSAGE][INFO] - Starting to call Test Case 'Test Cases/Butonlar/ButonaTikla'

2021-11-18 11:39:54 - [TEST_CASE][PASSED] - Test Cases/Butonlar/ButonaTikla: Test Cases/Butonlar/ButonaTikla

2021-11-18 11:39:54 - [TEST_STEP][PASSED] - Method.TextDegerineEsitElementeTiklaEquals(findTestObject("Butonlar/Butonlar"), Buton_Adi): Method.TextDegerineEsitElementeTiklaEquals is PASSED

2021-11-18 11:39:54 - [MESSAGE][INFO] - Finding Test Object 'Object Repository/Butonlar/Butonlar'

2021-11-18 11:39:54 - [MESSAGE][INFO] - Checking timeout

2021-11-18 11:39:54 - [MESSAGE][INFO] - Finding web element with id: 'Object Repository/Butonlar/Butonlar' located by 'By.cssSelector: .panel.panel-default.text-center.footerPanel .btn,.btn.btn-primary.btnControls' in '10' second(s)

2021-11-18 11:39:54 - [MESSAGE][INFO] - Smart Wait Function is triggered

2021-11-18 11:39:55 - [MESSAGE][INFO] - Found 9 web elements with id: 'Object Repository/Butonlar/Butonlar' located by 'By.cssSelector: .panel.panel-default.text-center.footerPanel .btn,.btn.btn-primary.btnControls' in '10' second(s)

2021-11-18 11:39:55 - [MESSAGE][PASSED] - Method.TextDegerineEsitElementeTiklaEquals is PASSED

2021-11-18 11:39:55 - [MESSAGE][PASSED] - Call Test Case 'Test Cases/Butonlar/ButonaTikla' successfully

2021-11-18 11:39:55 - [MESSAGE][INFO] - Checking called Test Case

2021-11-18 11:39:55 - [MESSAGE][INFO] - Starting to call Test Case 'Test Cases/Butonlar/AltButonaTikla'

2021-11-18 11:39:55 - [TEST_CASE][PASSED] - Test Cases/Butonlar/AltButonaTikla: Test Cases/Butonlar/AltButonaTikla

2021-11-18 11:39:55 - [TEST_STEP][PASSED] - Method.TextDegerineEsitElementeTikla(findTestObject("Butonlar/AltButonlar"), Alt_Buton): Method.TextDegerineEsitElementeTikla is PASSED

2021-11-18 11:39:55 - [MESSAGE][INFO] - Finding Test Object 'Object Repository/Butonlar/AltButonlar'

2021-11-18 11:39:55 - [MESSAGE][INFO] - Checking timeout

2021-11-18 11:39:55 - [MESSAGE][INFO] - Finding web element with id: 'Object Repository/Butonlar/AltButonlar' located by 'By.cssSelector: .btn-group.open li>a' in '10' second(s)

2021-11-18 11:39:55 - [MESSAGE][INFO] - Smart Wait Function is triggered

2021-11-18 11:39:55 - [MESSAGE][INFO] - Found 2 web elements with id: 'Object Repository/Butonlar/AltButonlar' located by 'By.cssSelector: .btn-group.open li>a' in '10' second(s)

2021-11-18 11:39:55 - [MESSAGE][PASSED] - Method.TextDegerineEsitElementeTikla is PASSED

2021-11-18 11:39:55 - [MESSAGE][PASSED] - Call Test Case 'Test Cases/Butonlar/AltButonaTikla' successfully

2021-11-18 11:39:55 - [MESSAGE][INFO] - Checking called Test Case

2021-11-18 11:39:55 - [MESSAGE][INFO] - Starting to call Test Case 'Test Cases/Popup/PopupMesajiIceriyorMu'

2021-11-18 11:39:55 - [TEST_CASE][PASSED] - Test Cases/Popup/PopupMesajiIceriyorMu: Test Cases/Popup/PopupMesajiIceriyorMu

2021-11-18 11:39:55 - [TEST_STEP][PASSED] - waitForElementVisible(findTestObject("Popup/Popup"), 10): Object 'Object Repository/Popup/Popup' is visible

2021-11-18 11:39:55 - [MESSAGE][INFO] - Finding Test Object 'Object Repository/Popup/Popup'

2021-11-18 11:39:55 - [MESSAGE][INFO] - Checking object

2021-11-18 11:39:55 - [MESSAGE][INFO] - Checking timeout

2021-11-18 11:39:55 - [MESSAGE][INFO] - Finding web element from Test Object's properties

2021-11-18 11:39:55 - [MESSAGE][INFO] - Checking timeout

2021-11-18 11:39:55 - [MESSAGE][INFO] - Finding web element with id: 'Object Repository/Popup/Popup' located by 'By.cssSelector: .bootbox-body' in '10' second(s)

2021-11-18 11:39:55 - [MESSAGE][INFO] - Smart Wait Function is triggered

2021-11-18 11:39:56 - [MESSAGE][INFO] - Found 1 web elements with id: 'Object Repository/Popup/Popup' located by 'By.cssSelector: .bootbox-body' in '10' second(s)

2021-11-18 11:39:56 - [MESSAGE][PASSED] - Object 'Object Repository/Popup/Popup' is visible

2021-11-18 11:39:56 - [TEST_STEP][PASSED] - if (!(getText(findTestObject("Popup/Popup")).contains(Mesaj))): Text of object 'Object Repository/Popup/Popup' is: 'Lütfen rapor bildiriminin gönderileceği e-posta adresini belirtiniz.
e-Posta Adresi'

2021-11-18 11:39:56 - [MESSAGE][INFO] - Finding Test Object 'Object Repository/Popup/Popup'

2021-11-18 11:39:56 - [MESSAGE][INFO] - Checking object

2021-11-18 11:39:56 - [MESSAGE][INFO] - Finding web element from Test Object's properties

2021-11-18 11:39:56 - [MESSAGE][INFO] - Checking timeout

2021-11-18 11:39:56 - [MESSAGE][INFO] - Finding web element with id: 'Object Repository/Popup/Popup' located by 'By.cssSelector: .bootbox-body' in '30' second(s)

2021-11-18 11:39:56 - [MESSAGE][INFO] - Smart Wait Function is triggered

2021-11-18 11:39:57 - [MESSAGE][INFO] - Found 1 web elements with id: 'Object Repository/Popup/Popup' located by 'By.cssSelector: .bootbox-body' in '30' second(s)

2021-11-18 11:39:57 - [MESSAGE][INFO] - Getting text of object 'Object Repository/Popup/Popup'

2021-11-18 11:39:57 - [MESSAGE][PASSED] - Text of object 'Object Repository/Popup/Popup' is: 'Lütfen rapor bildiriminin gönderileceği e-posta adresini belirtiniz.
e-Posta Adresi'

2021-11-18 11:39:57 - [TEST_STEP][PASSED] - RaporNo = getText(findTestObject("Popup/Popup")).substring(0, 6): Text of object 'Object Repository/Popup/Popup' is: 'Lütfen rapor bildiriminin gönderileceği e-posta adresini belirtiniz.
e-Posta Adresi'

2021-11-18 11:39:57 - [MESSAGE][INFO] - Finding Test Object 'Object Repository/Popup/Popup'

2021-11-18 11:39:57 - [MESSAGE][INFO] - Checking object

2021-11-18 11:39:57 - [MESSAGE][INFO] - Finding web element from Test Object's properties

2021-11-18 11:39:57 - [MESSAGE][INFO] - Checking timeout

2021-11-18 11:39:57 - [MESSAGE][INFO] - Finding web element with id: 'Object Repository/Popup/Popup' located by 'By.cssSelector: .bootbox-body' in '30' second(s)

2021-11-18 11:39:57 - [MESSAGE][INFO] - Smart Wait Function is triggered

2021-11-18 11:39:57 - [MESSAGE][INFO] - Found 1 web elements with id: 'Object Repository/Popup/Popup' located by 'By.cssSelector: .bootbox-body' in '30' second(s)

2021-11-18 11:39:57 - [MESSAGE][INFO] - Getting text of object 'Object Repository/Popup/Popup'

2021-11-18 11:39:57 - [MESSAGE][PASSED] - Text of object 'Object Repository/Popup/Popup' is: 'Lütfen rapor bildiriminin gönderileceği e-posta adresini belirtiniz.
e-Posta Adresi'

2021-11-18 11:39:57 - [TEST_STEP][PASSED] - Console.println(RaporNo): null

2021-11-18 11:39:57 - [MESSAGE][PASSED] - Call Test Case 'Test Cases/Popup/PopupMesajiIceriyorMu' successfully

2021-11-18 11:39:57 - [MESSAGE][INFO] - Checking called Test Case

2021-11-18 11:39:57 - [MESSAGE][INFO] - Starting to call Test Case 'Test Cases/Popup/PopupaEmailEklenir'

2021-11-18 11:39:57 - [TEST_CASE][PASSED] - Test Cases/Popup/PopupaEmailEklenir: Test Cases/Popup/PopupaEmailEklenir

2021-11-18 11:39:57 - [TEST_STEP][PASSED] - clearText(findTestObject("Popup/EmailText")): Text of object 'Object Repository/Popup/EmailText' is cleared

2021-11-18 11:39:57 - [MESSAGE][INFO] - Finding Test Object 'Object Repository/Popup/EmailText'

2021-11-18 11:39:57 - [MESSAGE][INFO] - Checking object

2021-11-18 11:39:57 - [MESSAGE][INFO] - Finding web element from Test Object's properties

2021-11-18 11:39:57 - [MESSAGE][INFO] - Checking timeout

2021-11-18 11:39:57 - [MESSAGE][INFO] - Finding web element with id: 'Object Repository/Popup/EmailText' located by 'By.xpath: //*[@id="eMails"]' in '30' second(s)

2021-11-18 11:39:57 - [MESSAGE][INFO] - Smart Wait Function is triggered

2021-11-18 11:39:57 - [MESSAGE][INFO] - Found 1 web elements with id: 'Object Repository/Popup/EmailText' located by 'By.xpath: //*[@id="eMails"]' in '30' second(s)

2021-11-18 11:39:57 - [MESSAGE][INFO] - Clearing text of object 'Object Repository/Popup/EmailText'

2021-11-18 11:39:58 - [MESSAGE][PASSED] - Text of object 'Object Repository/Popup/EmailText' is cleared

2021-11-18 11:39:58 - [TEST_STEP][PASSED] - sendKeys(findTestObject("Popup/EmailText"), Email): Keys 'elogotest@gmail.com;ali.kara@logo.com.tr' sent to object: 'Object Repository/Popup/EmailText'

2021-11-18 11:39:58 - [MESSAGE][INFO] - Finding Test Object 'Object Repository/Popup/EmailText'

2021-11-18 11:39:58 - [MESSAGE][INFO] - Sending keys 'elogotest@gmail.com;ali.kara@logo.com.tr' to object: 'Object Repository/Popup/EmailText'

2021-11-18 11:39:58 - [MESSAGE][INFO] - Finding web element from Test Object's properties

2021-11-18 11:39:58 - [MESSAGE][INFO] - Checking timeout

2021-11-18 11:39:58 - [MESSAGE][INFO] - Finding web element with id: 'Object Repository/Popup/EmailText' located by 'By.xpath: //*[@id="eMails"]' in '30' second(s)

2021-11-18 11:39:58 - [MESSAGE][INFO] - Smart Wait Function is triggered

2021-11-18 11:39:58 - [MESSAGE][INFO] - Found 1 web elements with id: 'Object Repository/Popup/EmailText' located by 'By.xpath: //*[@id="eMails"]' in '30' second(s)

2021-11-18 11:39:58 - [MESSAGE][PASSED] - Keys 'elogotest@gmail.com;ali.kara@logo.com.tr' sent to object: 'Object Repository/Popup/EmailText'

2021-11-18 11:39:58 - [MESSAGE][PASSED] - Call Test Case 'Test Cases/Popup/PopupaEmailEklenir' successfully

2021-11-18 11:39:58 - [MESSAGE][INFO] - Checking called Test Case

2021-11-18 11:39:58 - [MESSAGE][INFO] - Starting to call Test Case 'Test Cases/Popup/PopupButonSecilir'

2021-11-18 11:39:58 - [TEST_CASE][PASSED] - Test Cases/Popup/PopupButonSecilir: Test Cases/Popup/PopupButonSecilir

2021-11-18 11:39:58 - [TEST_STEP][PASSED] - Method.TextDegerineEsitElementeTikla(findTestObject("Popup/Popup_Butons"), Buton): Method.TextDegerineEsitElementeTikla is PASSED

2021-11-18 11:39:58 - [MESSAGE][INFO] - Finding Test Object 'Object Repository/Popup/Popup_Butons'

2021-11-18 11:39:58 - [MESSAGE][INFO] - Checking timeout

2021-11-18 11:39:58 - [MESSAGE][INFO] - Finding web element with id: 'Object Repository/Popup/Popup_Butons' located by 'By.cssSelector: .modal-footer>button' in '10' second(s)

2021-11-18 11:39:58 - [MESSAGE][INFO] - Smart Wait Function is triggered

2021-11-18 11:39:58 - [MESSAGE][INFO] - Found 4 web elements with id: 'Object Repository/Popup/Popup_Butons' located by 'By.cssSelector: .modal-footer>button' in '10' second(s)

2021-11-18 11:39:59 - [MESSAGE][PASSED] - Method.TextDegerineEsitElementeTikla is PASSED

2021-11-18 11:39:59 - [MESSAGE][PASSED] - Call Test Case 'Test Cases/Popup/PopupButonSecilir' successfully

2021-11-18 11:39:59 - [MESSAGE][INFO] - Checking called Test Case

2021-11-18 11:39:59 - [MESSAGE][INFO] - Starting to call Test Case 'Test Cases/Popup/PopupMesajiIceriyorMu'

2021-11-18 11:39:59 - [TEST_CASE][PASSED] - Test Cases/Popup/PopupMesajiIceriyorMu: Test Cases/Popup/PopupMesajiIceriyorMu

2021-11-18 11:39:59 - [TEST_STEP][PASSED] - waitForElementVisible(findTestObject("Popup/Popup"), 10): Object 'Object Repository/Popup/Popup' is visible

2021-11-18 11:39:59 - [MESSAGE][INFO] - Finding Test Object 'Object Repository/Popup/Popup'

2021-11-18 11:39:59 - [MESSAGE][INFO] - Checking object

2021-11-18 11:39:59 - [MESSAGE][INFO] - Checking timeout

2021-11-18 11:39:59 - [MESSAGE][INFO] - Finding web element from Test Object's properties

2021-11-18 11:39:59 - [MESSAGE][INFO] - Checking timeout

2021-11-18 11:39:59 - [MESSAGE][INFO] - Finding web element with id: 'Object Repository/Popup/Popup' located by 'By.cssSelector: .bootbox-body' in '10' second(s)

2021-11-18 11:39:59 - [MESSAGE][INFO] - Smart Wait Function is triggered

2021-11-18 11:39:59 - [MESSAGE][INFO] - Found 1 web elements with id: 'Object Repository/Popup/Popup' located by 'By.cssSelector: .bootbox-body' in '10' second(s)

2021-11-18 11:39:59 - [MESSAGE][PASSED] - Object 'Object Repository/Popup/Popup' is visible

2021-11-18 11:39:59 - [TEST_STEP][PASSED] - if (!(getText(findTestObject("Popup/Popup")).contains(Mesaj))): Text of object 'Object Repository/Popup/Popup' is: '17376 no’lu talebiniz işleme alınmıştır. Raporunuz hazırlandığında (elogotest@gmail.com;ali.kara@logo.com.tr) adresinize mail gönderilecektir.
Rapor durumunuzu Raporlar > Toplu Veri İndirme ekranından takip edebilir, hazırlandı durumundaki raporlarınızı ilgili menüden indirebilirsiniz.'

2021-11-18 11:39:59 - [MESSAGE][INFO] - Finding Test Object 'Object Repository/Popup/Popup'

2021-11-18 11:39:59 - [MESSAGE][INFO] - Checking object

2021-11-18 11:39:59 - [MESSAGE][INFO] - Finding web element from Test Object's properties

2021-11-18 11:39:59 - [MESSAGE][INFO] - Checking timeout

2021-11-18 11:39:59 - [MESSAGE][INFO] - Finding web element with id: 'Object Repository/Popup/Popup' located by 'By.cssSelector: .bootbox-body' in '30' second(s)

2021-11-18 11:39:59 - [MESSAGE][INFO] - Smart Wait Function is triggered

2021-11-18 11:40:00 - [MESSAGE][INFO] - Found 1 web elements with id: 'Object Repository/Popup/Popup' located by 'By.cssSelector: .bootbox-body' in '30' second(s)

2021-11-18 11:40:00 - [MESSAGE][INFO] - Getting text of object 'Object Repository/Popup/Popup'

2021-11-18 11:40:00 - [MESSAGE][PASSED] - Text of object 'Object Repository/Popup/Popup' is: '17376 no’lu talebiniz işleme alınmıştır. Raporunuz hazırlandığında (elogotest@gmail.com;ali.kara@logo.com.tr) adresinize mail gönderilecektir.
Rapor durumunuzu Raporlar > Toplu Veri İndirme ekranından takip edebilir, hazırlandı durumundaki raporlarınızı ilgili menüden indirebilirsiniz.'

2021-11-18 11:40:00 - [TEST_STEP][PASSED] - RaporNo = getText(findTestObject("Popup/Popup")).substring(0, 6): Text of object 'Object Repository/Popup/Popup' is: '17376 no’lu talebiniz işleme alınmıştır. Raporunuz hazırlandığında (elogotest@gmail.com;ali.kara@logo.com.tr) adresinize mail gönderilecektir.
Rapor durumunuzu Raporlar > Toplu Veri İndirme ekranından takip edebilir, hazırlandı durumundaki raporlarınızı ilgili menüden indirebilirsiniz.'

2021-11-18 11:40:00 - [MESSAGE][INFO] - Finding Test Object 'Object Repository/Popup/Popup'

2021-11-18 11:40:00 - [MESSAGE][INFO] - Checking object

2021-11-18 11:40:00 - [MESSAGE][INFO] - Finding web element from Test Object's properties

2021-11-18 11:40:00 - [MESSAGE][INFO] - Checking timeout

2021-11-18 11:40:00 - [MESSAGE][INFO] - Finding web element with id: 'Object Repository/Popup/Popup' located by 'By.cssSelector: .bootbox-body' in '30' second(s)

2021-11-18 11:40:00 - [MESSAGE][INFO] - Smart Wait Function is triggered

2021-11-18 11:40:00 - [MESSAGE][INFO] - Found 1 web elements with id: 'Object Repository/Popup/Popup' located by 'By.cssSelector: .bootbox-body' in '30' second(s)

2021-11-18 11:40:00 - [MESSAGE][INFO] - Getting text of object 'Object Repository/Popup/Popup'

2021-11-18 11:40:00 - [MESSAGE][PASSED] - Text of object 'Object Repository/Popup/Popup' is: '17376 no’lu talebiniz işleme alınmıştır. Raporunuz hazırlandığında (elogotest@gmail.com;ali.kara@logo.com.tr) adresinize mail gönderilecektir.
Rapor durumunuzu Raporlar > Toplu Veri İndirme ekranından takip edebilir, hazırlandı durumundaki raporlarınızı ilgili menüden indirebilirsiniz.'

2021-11-18 11:40:00 - [TEST_STEP][PASSED] - Console.println(RaporNo): null

2021-11-18 11:40:00 - [MESSAGE][PASSED] - Call Test Case 'Test Cases/Popup/PopupMesajiIceriyorMu' successfully

2021-11-18 11:40:00 - [MESSAGE][INFO] - Checking called Test Case

2021-11-18 11:40:00 - [MESSAGE][INFO] - Starting to call Test Case 'Test Cases/Popup/PopupButonSecilir'

2021-11-18 11:40:00 - [TEST_CASE][PASSED] - Test Cases/Popup/PopupButonSecilir: Test Cases/Popup/PopupButonSecilir

2021-11-18 11:40:00 - [TEST_STEP][PASSED] - Method.TextDegerineEsitElementeTikla(findTestObject("Popup/Popup_Butons"), Buton): Method.TextDegerineEsitElementeTikla is PASSED

2021-11-18 11:40:00 - [MESSAGE][INFO] - Finding Test Object 'Object Repository/Popup/Popup_Butons'

2021-11-18 11:40:00 - [MESSAGE][INFO] - Checking timeout

2021-11-18 11:40:00 - [MESSAGE][INFO] - Finding web element with id: 'Object Repository/Popup/Popup_Butons' located by 'By.cssSelector: .modal-footer>button' in '10' second(s)

2021-11-18 11:40:00 - [MESSAGE][INFO] - Smart Wait Function is triggered

2021-11-18 11:40:00 - [MESSAGE][INFO] - Found 3 web elements with id: 'Object Repository/Popup/Popup_Butons' located by 'By.cssSelector: .modal-footer>button' in '10' second(s)

2021-11-18 11:40:01 - [MESSAGE][PASSED] - Method.TextDegerineEsitElementeTikla is PASSED

2021-11-18 11:40:01 - [MESSAGE][PASSED] - Call Test Case 'Test Cases/Popup/PopupButonSecilir' successfully

2021-11-18 11:40:01 - [MESSAGE][INFO] - Checking called Test Case

2021-11-18 11:40:01 - [MESSAGE][INFO] - Starting to call Test Case 'Test Cases/Butonlar/ButonaTikla'

2021-11-18 11:40:01 - [TEST_CASE][PASSED] - Test Cases/Butonlar/ButonaTikla: Test Cases/Butonlar/ButonaTikla

2021-11-18 11:40:01 - [TEST_STEP][PASSED] - Method.TextDegerineEsitElementeTiklaEquals(findTestObject("Butonlar/Butonlar"), Buton_Adi): Method.TextDegerineEsitElementeTiklaEquals is PASSED

2021-11-18 11:40:01 - [MESSAGE][INFO] - Finding Test Object 'Object Repository/Butonlar/Butonlar'

2021-11-18 11:40:01 - [MESSAGE][INFO] - Checking timeout

2021-11-18 11:40:01 - [MESSAGE][INFO] - Finding web element with id: 'Object Repository/Butonlar/Butonlar' located by 'By.cssSelector: .panel.panel-default.text-center.footerPanel .btn,.btn.btn-primary.btnControls' in '10' second(s)

2021-11-18 11:40:01 - [MESSAGE][INFO] - Smart Wait Function is triggered

2021-11-18 11:40:01 - [MESSAGE][INFO] - Found 9 web elements with id: 'Object Repository/Butonlar/Butonlar' located by 'By.cssSelector: .panel.panel-default.text-center.footerPanel .btn,.btn.btn-primary.btnControls' in '10' second(s)

2021-11-18 11:40:01 - [MESSAGE][PASSED] - Method.TextDegerineEsitElementeTiklaEquals is PASSED

2021-11-18 11:40:01 - [MESSAGE][PASSED] - Call Test Case 'Test Cases/Butonlar/ButonaTikla' successfully

2021-11-18 11:40:01 - [MESSAGE][INFO] - Checking called Test Case

2021-11-18 11:40:01 - [MESSAGE][INFO] - Starting to call Test Case 'Test Cases/Butonlar/AltButonaTikla'

2021-11-18 11:40:01 - [TEST_CASE][PASSED] - Test Cases/Butonlar/AltButonaTikla: Test Cases/Butonlar/AltButonaTikla

2021-11-18 11:40:01 - [TEST_STEP][PASSED] - Method.TextDegerineEsitElementeTikla(findTestObject("Butonlar/AltButonlar"), Alt_Buton): Method.TextDegerineEsitElementeTikla is PASSED

2021-11-18 11:40:01 - [MESSAGE][INFO] - Finding Test Object 'Object Repository/Butonlar/AltButonlar'

2021-11-18 11:40:02 - [MESSAGE][INFO] - Checking timeout

2021-11-18 11:40:02 - [MESSAGE][INFO] - Finding web element with id: 'Object Repository/Butonlar/AltButonlar' located by 'By.cssSelector: .btn-group.open li>a' in '10' second(s)

2021-11-18 11:40:02 - [MESSAGE][INFO] - Smart Wait Function is triggered

2021-11-18 11:40:02 - [MESSAGE][INFO] - Found 2 web elements with id: 'Object Repository/Butonlar/AltButonlar' located by 'By.cssSelector: .btn-group.open li>a' in '10' second(s)

2021-11-18 11:40:02 - [MESSAGE][PASSED] - Method.TextDegerineEsitElementeTikla is PASSED

2021-11-18 11:40:02 - [MESSAGE][PASSED] - Call Test Case 'Test Cases/Butonlar/AltButonaTikla' successfully

2021-11-18 11:40:02 - [MESSAGE][INFO] - Checking called Test Case

2021-11-18 11:40:02 - [MESSAGE][INFO] - Starting to call Test Case 'Test Cases/Popup/PopupMesajiIceriyorMu'

2021-11-18 11:40:02 - [TEST_CASE][PASSED] - Test Cases/Popup/PopupMesajiIceriyorMu: Test Cases/Popup/PopupMesajiIceriyorMu

2021-11-18 11:40:02 - [TEST_STEP][PASSED] - waitForElementVisible(findTestObject("Popup/Popup"), 10): Object 'Object Repository/Popup/Popup' is visible

2021-11-18 11:40:02 - [MESSAGE][INFO] - Finding Test Object 'Object Repository/Popup/Popup'

2021-11-18 11:40:02 - [MESSAGE][INFO] - Checking object

2021-11-18 11:40:02 - [MESSAGE][INFO] - Checking timeout

2021-11-18 11:40:02 - [MESSAGE][INFO] - Finding web element from Test Object's properties

2021-11-18 11:40:02 - [MESSAGE][INFO] - Checking timeout

2021-11-18 11:40:02 - [MESSAGE][INFO] - Finding web element with id: 'Object Repository/Popup/Popup' located by 'By.cssSelector: .bootbox-body' in '10' second(s)

2021-11-18 11:40:02 - [MESSAGE][INFO] - Smart Wait Function is triggered

2021-11-18 11:40:02 - [MESSAGE][INFO] - Found 1 web elements with id: 'Object Repository/Popup/Popup' located by 'By.cssSelector: .bootbox-body' in '10' second(s)

2021-11-18 11:40:03 - [MESSAGE][PASSED] - Object 'Object Repository/Popup/Popup' is visible

2021-11-18 11:40:03 - [TEST_STEP][PASSED] - if (!(getText(findTestObject("Popup/Popup")).contains(Mesaj))): Text of object 'Object Repository/Popup/Popup' is: 'Lütfen rapor bildiriminin gönderileceği e-posta adresini belirtiniz.
e-Posta Adresi'

2021-11-18 11:40:03 - [MESSAGE][INFO] - Finding Test Object 'Object Repository/Popup/Popup'

2021-11-18 11:40:03 - [MESSAGE][INFO] - Checking object

2021-11-18 11:40:03 - [MESSAGE][INFO] - Finding web element from Test Object's properties

2021-11-18 11:40:03 - [MESSAGE][INFO] - Checking timeout

2021-11-18 11:40:03 - [MESSAGE][INFO] - Finding web element with id: 'Object Repository/Popup/Popup' located by 'By.cssSelector: .bootbox-body' in '30' second(s)

2021-11-18 11:40:03 - [MESSAGE][INFO] - Smart Wait Function is triggered

2021-11-18 11:40:03 - [MESSAGE][INFO] - Found 1 web elements with id: 'Object Repository/Popup/Popup' located by 'By.cssSelector: .bootbox-body' in '30' second(s)

2021-11-18 11:40:03 - [MESSAGE][INFO] - Getting text of object 'Object Repository/Popup/Popup'

2021-11-18 11:40:03 - [MESSAGE][PASSED] - Text of object 'Object Repository/Popup/Popup' is: 'Lütfen rapor bildiriminin gönderileceği e-posta adresini belirtiniz.
e-Posta Adresi'

2021-11-18 11:40:03 - [TEST_STEP][PASSED] - RaporNo = getText(findTestObject("Popup/Popup")).substring(0, 6): Text of object 'Object Repository/Popup/Popup' is: 'Lütfen rapor bildiriminin gönderileceği e-posta adresini belirtiniz.
e-Posta Adresi'

2021-11-18 11:40:03 - [MESSAGE][INFO] - Finding Test Object 'Object Repository/Popup/Popup'

2021-11-18 11:40:03 - [MESSAGE][INFO] - Checking object

2021-11-18 11:40:03 - [MESSAGE][INFO] - Finding web element from Test Object's properties

2021-11-18 11:40:03 - [MESSAGE][INFO] - Checking timeout

2021-11-18 11:40:03 - [MESSAGE][INFO] - Finding web element with id: 'Object Repository/Popup/Popup' located by 'By.cssSelector: .bootbox-body' in '30' second(s)

2021-11-18 11:40:03 - [MESSAGE][INFO] - Smart Wait Function is triggered

2021-11-18 11:40:03 - [MESSAGE][INFO] - Found 1 web elements with id: 'Object Repository/Popup/Popup' located by 'By.cssSelector: .bootbox-body' in '30' second(s)

2021-11-18 11:40:03 - [MESSAGE][INFO] - Getting text of object 'Object Repository/Popup/Popup'

2021-11-18 11:40:03 - [MESSAGE][PASSED] - Text of object 'Object Repository/Popup/Popup' is: 'Lütfen rapor bildiriminin gönderileceği e-posta adresini belirtiniz.
e-Posta Adresi'

2021-11-18 11:40:03 - [TEST_STEP][PASSED] - Console.println(RaporNo): null

2021-11-18 11:40:03 - [MESSAGE][PASSED] - Call Test Case 'Test Cases/Popup/PopupMesajiIceriyorMu' successfully

2021-11-18 11:40:03 - [MESSAGE][INFO] - Checking called Test Case

2021-11-18 11:40:03 - [MESSAGE][INFO] - Starting to call Test Case 'Test Cases/Popup/PopupaEmailEklenir'

2021-11-18 11:40:03 - [TEST_CASE][PASSED] - Test Cases/Popup/PopupaEmailEklenir: Test Cases/Popup/PopupaEmailEklenir

2021-11-18 11:40:03 - [TEST_STEP][PASSED] - clearText(findTestObject("Popup/EmailText")): Text of object 'Object Repository/Popup/EmailText' is cleared

2021-11-18 11:40:03 - [MESSAGE][INFO] - Finding Test Object 'Object Repository/Popup/EmailText'

2021-11-18 11:40:03 - [MESSAGE][INFO] - Checking object

2021-11-18 11:40:03 - [MESSAGE][INFO] - Finding web element from Test Object's properties

2021-11-18 11:40:03 - [MESSAGE][INFO] - Checking timeout

2021-11-18 11:40:03 - [MESSAGE][INFO] - Finding web element with id: 'Object Repository/Popup/EmailText' located by 'By.xpath: //*[@id="eMails"]' in '30' second(s)

2021-11-18 11:40:03 - [MESSAGE][INFO] - Smart Wait Function is triggered

2021-11-18 11:40:04 - [MESSAGE][INFO] - Found 1 web elements with id: 'Object Repository/Popup/EmailText' located by 'By.xpath: //*[@id="eMails"]' in '30' second(s)

2021-11-18 11:40:04 - [MESSAGE][INFO] - Clearing text of object 'Object Repository/Popup/EmailText'

2021-11-18 11:40:04 - [MESSAGE][PASSED] - Text of object 'Object Repository/Popup/EmailText' is cleared

2021-11-18 11:40:04 - [TEST_STEP][PASSED] - sendKeys(findTestObject("Popup/EmailText"), Email): Keys 'elogotest@gmail.com;ali.kara@logo.com.tr' sent to object: 'Object Repository/Popup/EmailText'

2021-11-18 11:40:04 - [MESSAGE][INFO] - Finding Test Object 'Object Repository/Popup/EmailText'

2021-11-18 11:40:04 - [MESSAGE][INFO] - Sending keys 'elogotest@gmail.com;ali.kara@logo.com.tr' to object: 'Object Repository/Popup/EmailText'

2021-11-18 11:40:04 - [MESSAGE][INFO] - Finding web element from Test Object's properties

2021-11-18 11:40:04 - [MESSAGE][INFO] - Checking timeout

2021-11-18 11:40:04 - [MESSAGE][INFO] - Finding web element with id: 'Object Repository/Popup/EmailText' located by 'By.xpath: //*[@id="eMails"]' in '30' second(s)

2021-11-18 11:40:04 - [MESSAGE][INFO] - Smart Wait Function is triggered

2021-11-18 11:40:04 - [MESSAGE][INFO] - Found 1 web elements with id: 'Object Repository/Popup/EmailText' located by 'By.xpath: //*[@id="eMails"]' in '30' second(s)

2021-11-18 11:40:04 - [MESSAGE][PASSED] - Keys 'elogotest@gmail.com;ali.kara@logo.com.tr' sent to object: 'Object Repository/Popup/EmailText'

2021-11-18 11:40:04 - [MESSAGE][PASSED] - Call Test Case 'Test Cases/Popup/PopupaEmailEklenir' successfully

2021-11-18 11:40:04 - [MESSAGE][INFO] - Checking called Test Case

2021-11-18 11:40:04 - [MESSAGE][INFO] - Starting to call Test Case 'Test Cases/Popup/PopupButonSecilir'

2021-11-18 11:40:04 - [TEST_CASE][PASSED] - Test Cases/Popup/PopupButonSecilir: Test Cases/Popup/PopupButonSecilir

2021-11-18 11:40:04 - [TEST_STEP][PASSED] - Method.TextDegerineEsitElementeTikla(findTestObject("Popup/Popup_Butons"), Buton): Method.TextDegerineEsitElementeTikla is PASSED

2021-11-18 11:40:04 - [MESSAGE][INFO] - Finding Test Object 'Object Repository/Popup/Popup_Butons'

2021-11-18 11:40:04 - [MESSAGE][INFO] - Checking timeout

2021-11-18 11:40:04 - [MESSAGE][INFO] - Finding web element with id: 'Object Repository/Popup/Popup_Butons' located by 'By.cssSelector: .modal-footer>button' in '10' second(s)

2021-11-18 11:40:04 - [MESSAGE][INFO] - Smart Wait Function is triggered

2021-11-18 11:40:05 - [MESSAGE][INFO] - Found 4 web elements with id: 'Object Repository/Popup/Popup_Butons' located by 'By.cssSelector: .modal-footer>button' in '10' second(s)

2021-11-18 11:40:05 - [MESSAGE][PASSED] - Method.TextDegerineEsitElementeTikla is PASSED

2021-11-18 11:40:05 - [MESSAGE][PASSED] - Call Test Case 'Test Cases/Popup/PopupButonSecilir' successfully

2021-11-18 11:40:05 - [MESSAGE][INFO] - Checking called Test Case

2021-11-18 11:40:05 - [MESSAGE][INFO] - Starting to call Test Case 'Test Cases/Popup/PopupMesajiIceriyorMu'

2021-11-18 11:40:05 - [TEST_CASE][PASSED] - Test Cases/Popup/PopupMesajiIceriyorMu: Test Cases/Popup/PopupMesajiIceriyorMu

2021-11-18 11:40:05 - [TEST_STEP][PASSED] - waitForElementVisible(findTestObject("Popup/Popup"), 10): Object 'Object Repository/Popup/Popup' is visible

2021-11-18 11:40:05 - [MESSAGE][INFO] - Finding Test Object 'Object Repository/Popup/Popup'

2021-11-18 11:40:05 - [MESSAGE][INFO] - Checking object

2021-11-18 11:40:05 - [MESSAGE][INFO] - Checking timeout

2021-11-18 11:40:05 - [MESSAGE][INFO] - Finding web element from Test Object's properties

2021-11-18 11:40:05 - [MESSAGE][INFO] - Checking timeout

2021-11-18 11:40:05 - [MESSAGE][INFO] - Finding web element with id: 'Object Repository/Popup/Popup' located by 'By.cssSelector: .bootbox-body' in '10' second(s)

2021-11-18 11:40:05 - [MESSAGE][INFO] - Smart Wait Function is triggered

2021-11-18 11:40:06 - [MESSAGE][INFO] - Found 1 web elements with id: 'Object Repository/Popup/Popup' located by 'By.cssSelector: .bootbox-body' in '10' second(s)

2021-11-18 11:40:06 - [MESSAGE][PASSED] - Object 'Object Repository/Popup/Popup' is visible

2021-11-18 11:40:06 - [TEST_STEP][PASSED] - if (!(getText(findTestObject("Popup/Popup")).contains(Mesaj))): Text of object 'Object Repository/Popup/Popup' is: '17378 no’lu talebiniz işleme alınmıştır. Raporunuz hazırlandığında (elogotest@gmail.com;ali.kara@logo.com.tr) adresinize mail gönderilecektir.
Rapor durumunuzu Raporlar > Toplu Veri İndirme ekranından takip edebilir, hazırlandı durumundaki raporlarınızı ilgili menüden indirebilirsiniz.'

2021-11-18 11:40:06 - [MESSAGE][INFO] - Finding Test Object 'Object Repository/Popup/Popup'

2021-11-18 11:40:06 - [MESSAGE][INFO] - Checking object

2021-11-18 11:40:06 - [MESSAGE][INFO] - Finding web element from Test Object's properties

2021-11-18 11:40:06 - [MESSAGE][INFO] - Checking timeout

2021-11-18 11:40:06 - [MESSAGE][INFO] - Finding web element with id: 'Object Repository/Popup/Popup' located by 'By.cssSelector: .bootbox-body' in '30' second(s)

2021-11-18 11:40:06 - [MESSAGE][INFO] - Smart Wait Function is triggered

2021-11-18 11:40:06 - [MESSAGE][INFO] - Found 1 web elements with id: 'Object Repository/Popup/Popup' located by 'By.cssSelector: .bootbox-body' in '30' second(s)

2021-11-18 11:40:06 - [MESSAGE][INFO] - Getting text of object 'Object Repository/Popup/Popup'

2021-11-18 11:40:06 - [MESSAGE][PASSED] - Text of object 'Object Repository/Popup/Popup' is: '17378 no’lu talebiniz işleme alınmıştır. Raporunuz hazırlandığında (elogotest@gmail.com;ali.kara@logo.com.tr) adresinize mail gönderilecektir.
Rapor durumunuzu Raporlar > Toplu Veri İndirme ekranından takip edebilir, hazırlandı durumundaki raporlarınızı ilgili menüden indirebilirsiniz.'

2021-11-18 11:40:06 - [TEST_STEP][PASSED] - RaporNo = getText(findTestObject("Popup/Popup")).substring(0, 6): Text of object 'Object Repository/Popup/Popup' is: '17378 no’lu talebiniz işleme alınmıştır. Raporunuz hazırlandığında (elogotest@gmail.com;ali.kara@logo.com.tr) adresinize mail gönderilecektir.
Rapor durumunuzu Raporlar > Toplu Veri İndirme ekranından takip edebilir, hazırlandı durumundaki raporlarınızı ilgili menüden indirebilirsiniz.'

2021-11-18 11:40:06 - [MESSAGE][INFO] - Finding Test Object 'Object Repository/Popup/Popup'

2021-11-18 11:40:06 - [MESSAGE][INFO] - Checking object

2021-11-18 11:40:06 - [MESSAGE][INFO] - Finding web element from Test Object's properties

2021-11-18 11:40:06 - [MESSAGE][INFO] - Checking timeout

2021-11-18 11:40:06 - [MESSAGE][INFO] - Finding web element with id: 'Object Repository/Popup/Popup' located by 'By.cssSelector: .bootbox-body' in '30' second(s)

2021-11-18 11:40:06 - [MESSAGE][INFO] - Smart Wait Function is triggered

2021-11-18 11:40:06 - [MESSAGE][INFO] - Found 1 web elements with id: 'Object Repository/Popup/Popup' located by 'By.cssSelector: .bootbox-body' in '30' second(s)

2021-11-18 11:40:06 - [MESSAGE][INFO] - Getting text of object 'Object Repository/Popup/Popup'

2021-11-18 11:40:06 - [MESSAGE][PASSED] - Text of object 'Object Repository/Popup/Popup' is: '17378 no’lu talebiniz işleme alınmıştır. Raporunuz hazırlandığında (elogotest@gmail.com;ali.kara@logo.com.tr) adresinize mail gönderilecektir.
Rapor durumunuzu Raporlar > Toplu Veri İndirme ekranından takip edebilir, hazırlandı durumundaki raporlarınızı ilgili menüden indirebilirsiniz.'

2021-11-18 11:40:06 - [TEST_STEP][PASSED] - Console.println(RaporNo): null

2021-11-18 11:40:06 - [MESSAGE][PASSED] - Call Test Case 'Test Cases/Popup/PopupMesajiIceriyorMu' successfully

2021-11-18 11:40:06 - [MESSAGE][INFO] - Checking called Test Case

2021-11-18 11:40:06 - [MESSAGE][INFO] - Starting to call Test Case 'Test Cases/Popup/PopupButonSecilir'

2021-11-18 11:40:06 - [TEST_CASE][PASSED] - Test Cases/Popup/PopupButonSecilir: Test Cases/Popup/PopupButonSecilir

2021-11-18 11:40:06 - [TEST_STEP][PASSED] - Method.TextDegerineEsitElementeTikla(findTestObject("Popup/Popup_Butons"), Buton): Method.TextDegerineEsitElementeTikla is PASSED

2021-11-18 11:40:06 - [MESSAGE][INFO] - Finding Test Object 'Object Repository/Popup/Popup_Butons'

2021-11-18 11:40:06 - [MESSAGE][INFO] - Checking timeout

2021-11-18 11:40:06 - [MESSAGE][INFO] - Finding web element with id: 'Object Repository/Popup/Popup_Butons' located by 'By.cssSelector: .modal-footer>button' in '10' second(s)

2021-11-18 11:40:06 - [MESSAGE][INFO] - Smart Wait Function is triggered

2021-11-18 11:40:07 - [MESSAGE][INFO] - Found 3 web elements with id: 'Object Repository/Popup/Popup_Butons' located by 'By.cssSelector: .modal-footer>button' in '10' second(s)

2021-11-18 11:40:07 - [MESSAGE][PASSED] - Method.TextDegerineEsitElementeTikla is PASSED

2021-11-18 11:40:07 - [MESSAGE][PASSED] - Call Test Case 'Test Cases/Popup/PopupButonSecilir' successfully

2021-11-18 11:40:07 - [MESSAGE][INFO] - Checking called Test Case

2021-11-18 11:40:07 - [MESSAGE][INFO] - Starting to call Test Case 'Test Cases/Menu/AnaMenuSecimi'

2021-11-18 11:40:07 - [TEST_CASE][PASSED] - Test Cases/Menu/AnaMenuSecimi: Test Cases/Menu/AnaMenuSecimi

2021-11-18 11:40:07 - [TEST_STEP][PASSED] - Method.TextDegerineEsitElementeTikla(findTestObject("Menu/Ana_Menu"), Ana_Menu): Method.TextDegerineEsitElementeTikla is PASSED

2021-11-18 11:40:07 - [MESSAGE][INFO] - Finding Test Object 'Object Repository/Menu/Ana_Menu'

2021-11-18 11:40:07 - [MESSAGE][INFO] - Checking timeout

2021-11-18 11:40:07 - [MESSAGE][INFO] - Finding web element with id: 'Object Repository/Menu/Ana_Menu' located by 'By.xpath: //*[@class = 'dropdown-toggle']' in '10' second(s)

2021-11-18 11:40:07 - [MESSAGE][INFO] - Smart Wait Function is triggered

2021-11-18 11:40:08 - [MESSAGE][INFO] - Found 14 web elements with id: 'Object Repository/Menu/Ana_Menu' located by 'By.xpath: //*[@class = 'dropdown-toggle']' in '10' second(s)

2021-11-18 11:40:08 - [MESSAGE][PASSED] - Method.TextDegerineEsitElementeTikla is PASSED

2021-11-18 11:40:08 - [MESSAGE][PASSED] - Call Test Case 'Test Cases/Menu/AnaMenuSecimi' successfully

2021-11-18 11:40:08 - [MESSAGE][INFO] - Checking called Test Case

2021-11-18 11:40:08 - [MESSAGE][INFO] - Starting to call Test Case 'Test Cases/Menu/AltMenuSecimi'

2021-11-18 11:40:08 - [TEST_CASE][PASSED] - Test Cases/Menu/AltMenuSecimi: Test Cases/Menu/AltMenuSecimi

2021-11-18 11:40:08 - [TEST_STEP][PASSED] - Method.TextDegerineEsitElementeTikla(findTestObject("Menu/Alt_Menu"), Alt_Menu): Method.TextDegerineEsitElementeTikla is PASSED

2021-11-18 11:40:08 - [MESSAGE][INFO] - Finding Test Object 'Object Repository/Menu/Alt_Menu'

2021-11-18 11:40:08 - [MESSAGE][INFO] - Checking timeout

2021-11-18 11:40:08 - [MESSAGE][INFO] - Finding web element with id: 'Object Repository/Menu/Alt_Menu' located by 'By.xpath: //li[@class='dropdown dropdown-large open']//li[@class='dropdown-element']' in '10' second(s)

2021-11-18 11:40:08 - [MESSAGE][INFO] - Smart Wait Function is triggered

2021-11-18 11:40:08 - [MESSAGE][INFO] - Found 9 web elements with id: 'Object Repository/Menu/Alt_Menu' located by 'By.xpath: //li[@class='dropdown dropdown-large open']//li[@class='dropdown-element']' in '10' second(s)

2021-11-18 11:40:09 - [MESSAGE][PASSED] - Method.TextDegerineEsitElementeTikla is PASSED

2021-11-18 11:40:09 - [MESSAGE][PASSED] - Call Test Case 'Test Cases/Menu/AltMenuSecimi' successfully

2021-11-18 11:40:09 - [MESSAGE][INFO] - Checking called Test Case

2021-11-18 11:40:09 - [MESSAGE][INFO] - Starting to call Test Case 'Test Cases/Filtreler/RaporNoYaz'

2021-11-18 11:40:09 - [TEST_CASE][PASSED] - Test Cases/Filtreler/RaporNoYaz: Test Cases/Filtreler/RaporNoYaz

2021-11-18 11:40:09 - [TEST_STEP][PASSED] - Method.TextDegerineEsitElementinAltindakiTextboxtaYaz(findTestObject("Filtreler/Basliklar"), findTestObject("Filtreler/Basliga_Gore_Textbox"), "Talep No", RaporNo): Method.TextDegerineEsitElementinAltindakiTextboxtaYaz is PASSED

2021-11-18 11:40:09 - [MESSAGE][INFO] - Finding Test Object 'Object Repository/Filtreler/Basliklar'

2021-11-18 11:40:09 - [MESSAGE][INFO] - Finding Test Object 'Object Repository/Filtreler/Basliga_Gore_Textbox'

2021-11-18 11:40:09 - [MESSAGE][INFO] - Checking timeout

2021-11-18 11:40:09 - [MESSAGE][INFO] - Finding web element with id: 'Object Repository/Filtreler/Basliklar' located by 'By.cssSelector: .control-label.col-sm-4.paddingMarginRLC' in '10' second(s)

2021-11-18 11:40:09 - [MESSAGE][INFO] - Smart Wait Function is triggered

2021-11-18 11:40:10 - [MESSAGE][INFO] - Found 8 web elements with id: 'Object Repository/Filtreler/Basliklar' located by 'By.cssSelector: .control-label.col-sm-4.paddingMarginRLC' in '10' second(s)

2021-11-18 11:40:10 - [MESSAGE][INFO] - Smart Wait Function is triggered

2021-11-18 11:40:10 - [MESSAGE][PASSED] - Method.TextDegerineEsitElementinAltindakiTextboxtaYaz is PASSED

2021-11-18 11:40:10 - [MESSAGE][PASSED] - Call Test Case 'Test Cases/Filtreler/RaporNoYaz' successfully

2021-11-18 11:40:10 - [MESSAGE][INFO] - Checking called Test Case

2021-11-18 11:40:10 - [MESSAGE][INFO] - Starting to call Test Case 'Test Cases/Filtreler/ButonaTikla'

2021-11-18 11:40:10 - [TEST_CASE][PASSED] - Test Cases/Filtreler/ButonaTikla: Test Cases/Filtreler/ButonaTikla

2021-11-18 11:40:10 - [TEST_STEP][PASSED] - Method.TextDegerineEsitElementeTikla(findTestObject("Filtreler/Butonlar"), Filtre_Buton): Method.TextDegerineEsitElementeTikla is PASSED

2021-11-18 11:40:10 - [MESSAGE][INFO] - Finding Test Object 'Object Repository/Filtreler/Butonlar'

2021-11-18 11:40:10 - [MESSAGE][INFO] - Checking timeout

2021-11-18 11:40:10 - [MESSAGE][INFO] - Finding web element with id: 'Object Repository/Filtreler/Butonlar' located by 'By.cssSelector: .dxb>span' in '10' second(s)

2021-11-18 11:40:10 - [MESSAGE][INFO] - Smart Wait Function is triggered

2021-11-18 11:40:11 - [MESSAGE][INFO] - Found 2 web elements with id: 'Object Repository/Filtreler/Butonlar' located by 'By.cssSelector: .dxb>span' in '10' second(s)

2021-11-18 11:40:11 - [MESSAGE][PASSED] - Method.TextDegerineEsitElementeTikla is PASSED

2021-11-18 11:40:11 - [MESSAGE][PASSED] - Call Test Case 'Test Cases/Filtreler/ButonaTikla' successfully

2021-11-18 11:40:11 - [MESSAGE][INFO] - Checking called Test Case

2021-11-18 11:40:11 - [MESSAGE][INFO] - Starting to call Test Case 'Test Cases/Tablo/TablodaVeriVarMi'

2021-11-18 11:40:11 - [TEST_CASE][PASSED] - Test Cases/Tablo/TablodaVeriVarMi: Test Cases/Tablo/TablodaVeriVarMi

2021-11-18 11:40:11 - [TEST_STEP][PASSED] - verifyTextNotPresent("Görüntülenecek veri yok", true): Text 'Görüntülenecek veri yok' is not present on page using regular expression

2021-11-18 11:40:11 - [MESSAGE][INFO] - Checking text present  using regular expression

2021-11-18 11:40:11 - [MESSAGE][INFO] - Smart Wait Function is triggered

2021-11-18 11:40:11 - [MESSAGE][INFO] - Finding text 'Görüntülenecek veri yok' on page  using regular expression

2021-11-18 11:40:11 - [MESSAGE][PASSED] - Text 'Görüntülenecek veri yok' is not present on page using regular expression

2021-11-18 11:40:11 - [MESSAGE][PASSED] - Call Test Case 'Test Cases/Tablo/TablodaVeriVarMi' successfully

2021-11-18 11:40:11 - [MESSAGE][INFO] - Checking called Test Case

2021-11-18 11:40:11 - [MESSAGE][INFO] - Starting to call Test Case 'Test Cases/Kullanici_Islemleri/KullaniciIslemlerindenSecimYapilir'

2021-11-18 11:40:11 - [TEST_CASE][PASSED] - Test Cases/Kullanici_Islemleri/KullaniciIslemlerindenSecimYapilir: Test Cases/Kullanici_Islemleri/KullaniciIslemlerindenSecimYapilir

2021-11-18 11:40:11 - [TEST_STEP][PASSED] - waitForElementClickable(findTestObject("Object Repository/Kullanici_Islemleri/KullaniciIslemleri"), 10): Object 'Object Repository/Kullanici_Islemleri/KullaniciIslemleri' is clickable

2021-11-18 11:40:11 - [MESSAGE][INFO] - Finding Test Object 'Object Repository/Kullanici_Islemleri/KullaniciIslemleri'

2021-11-18 11:40:12 - [MESSAGE][INFO] - Checking object

2021-11-18 11:40:12 - [MESSAGE][INFO] - Checking timeout

2021-11-18 11:40:12 - [MESSAGE][INFO] - Finding web element from Test Object's properties

2021-11-18 11:40:12 - [MESSAGE][INFO] - Checking timeout

2021-11-18 11:40:12 - [MESSAGE][INFO] - Finding web element with id: 'Object Repository/Kullanici_Islemleri/KullaniciIslemleri' located by 'By.cssSelector: .dropdown>a>img' in '10' second(s)

2021-11-18 11:40:12 - [MESSAGE][INFO] - Smart Wait Function is triggered

2021-11-18 11:40:12 - [MESSAGE][INFO] - Found 1 web elements with id: 'Object Repository/Kullanici_Islemleri/KullaniciIslemleri' located by 'By.cssSelector: .dropdown>a>img' in '10' second(s)

2021-11-18 11:40:12 - [MESSAGE][PASSED] - Object 'Object Repository/Kullanici_Islemleri/KullaniciIslemleri' is clickable

2021-11-18 11:40:12 - [TEST_STEP][PASSED] - click(findTestObject("Object Repository/Kullanici_Islemleri/KullaniciIslemleri")): Object: 'Object Repository/Kullanici_Islemleri/KullaniciIslemleri' is clicked on

2021-11-18 11:40:12 - [MESSAGE][INFO] - Finding Test Object 'Object Repository/Kullanici_Islemleri/KullaniciIslemleri'

2021-11-18 11:40:12 - [MESSAGE][INFO] - Checking object

2021-11-18 11:40:12 - [MESSAGE][INFO] - Finding web element from Test Object's properties

2021-11-18 11:40:12 - [MESSAGE][INFO] - Checking timeout

2021-11-18 11:40:12 - [MESSAGE][INFO] - Finding web element with id: 'Object Repository/Kullanici_Islemleri/KullaniciIslemleri' located by 'By.cssSelector: .dropdown>a>img' in '30' second(s)

2021-11-18 11:40:12 - [MESSAGE][INFO] - Smart Wait Function is triggered

2021-11-18 11:40:12 - [MESSAGE][INFO] - Found 1 web elements with id: 'Object Repository/Kullanici_Islemleri/KullaniciIslemleri' located by 'By.cssSelector: .dropdown>a>img' in '30' second(s)

2021-11-18 11:40:12 - [MESSAGE][INFO] - Clicking on object: 'Object Repository/Kullanici_Islemleri/KullaniciIslemleri'

2021-11-18 11:40:12 - [MESSAGE][PASSED] - Object: 'Object Repository/Kullanici_Islemleri/KullaniciIslemleri' is clicked on

2021-11-18 11:40:12 - [TEST_STEP][PASSED] - Method.TextDegerineEsitElementeTikla(findTestObject("Object Repository/Kullanici_Islemleri/Secenekler"), Islem): Method.TextDegerineEsitElementeTikla is PASSED

2021-11-18 11:40:12 - [MESSAGE][INFO] - Finding Test Object 'Object Repository/Kullanici_Islemleri/Secenekler'

2021-11-18 11:40:12 - [MESSAGE][INFO] - Checking timeout

2021-11-18 11:40:12 - [MESSAGE][INFO] - Finding web element with id: 'Object Repository/Kullanici_Islemleri/Secenekler' located by 'By.cssSelector: .nav.navbar-nav.navbar-right li a' in '10' second(s)

2021-11-18 11:40:12 - [MESSAGE][INFO] - Smart Wait Function is triggered

2021-11-18 11:40:13 - [MESSAGE][INFO] - Found 22 web elements with id: 'Object Repository/Kullanici_Islemleri/Secenekler' located by 'By.cssSelector: .nav.navbar-nav.navbar-right li a' in '10' second(s)

2021-11-18 11:40:14 - [MESSAGE][PASSED] - Method.TextDegerineEsitElementeTikla is PASSED

2021-11-18 11:40:14 - [TEST_STEP][PASSED] - verifyElementNotPresent(findTestObject("Object Repository/Kullanici_Islemleri/Secenekler"), 10): Web element with id: 'Object Repository/Kullanici_Islemleri/Secenekler' located by 'By.cssSelector: .nav.navbar-nav.navbar-right li a' is not present after '10' second(s)

2021-11-18 11:40:14 - [MESSAGE][INFO] - Finding Test Object 'Object Repository/Kullanici_Islemleri/Secenekler'

2021-11-18 11:40:14 - [MESSAGE][INFO] - Checking object

2021-11-18 11:40:14 - [MESSAGE][INFO] - Checking timeout

2021-11-18 11:40:14 - [MESSAGE][INFO] - Finding web element with id: 'Object Repository/Kullanici_Islemleri/Secenekler' located by 'By.cssSelector: .nav.navbar-nav.navbar-right li a' in '10' second(s)

2021-11-18 11:40:14 - [MESSAGE][INFO] - Smart Wait Function is triggered

2021-11-18 11:40:15 - [MESSAGE][PASSED] - Web element with id: 'Object Repository/Kullanici_Islemleri/Secenekler' located by 'By.cssSelector: .nav.navbar-nav.navbar-right li a' is not present after '10' second(s)

2021-11-18 11:40:15 - [MESSAGE][PASSED] - Call Test Case 'Test Cases/Kullanici_Islemleri/KullaniciIslemlerindenSecimYapilir' successfully

2021-11-18 11:40:15 - [TEST_CASE][PASSED] - Start Test Case : SCENARIO e-Arsiv Raporunun excele aktarilmasi: SCENARIO e-Arsiv Raporunun excele aktarilmasi

2021-11-18 11:40:15 - [TEST_STEP][PASSED] - Kullanıcı adı ELOGO6 ve Şifre 123456 olarak giriş yapılır: Kullanıcı adı ELOGO6 ve Şifre 123456 olarak giriş yapılır

2021-11-18 11:40:15 - [MESSAGE][PASSED] - Kullanıcı adı ELOGO6 ve Şifre 123456 olarak giriş yapılır

2021-11-18 11:40:15 - [TEST_STEP][PASSED] - Ana menüden e-Arşiv seçilir: Ana menüden e-Arşiv seçilir

2021-11-18 11:40:15 - [MESSAGE][PASSED] - Ana menüden e-Arşiv seçilir

2021-11-18 11:40:15 - [TEST_STEP][PASSED] - Alt menü e-Arşiv Hareketleri başlığı altındaki e-Arşiv Raporları seçilir: Alt menü e-Arşiv Hareketleri başlığı altındaki e-Arşiv Raporları seçilir

2021-11-18 11:40:15 - [MESSAGE][PASSED] - Alt menü e-Arşiv Hareketleri başlığı altındaki e-Arşiv Raporları seçilir

2021-11-18 11:40:15 - [TEST_STEP][PASSED] - Filtrelerden Dönem Tarihi filtresine 2020 Aralık dropdowndan degeri seçilir: Filtrelerden Dönem Tarihi filtresine 2020 Aralık dropdowndan degeri seçilir

2021-11-18 11:40:15 - [MESSAGE][PASSED] - Filtrelerden Dönem Tarihi filtresine 2020 Aralık dropdowndan degeri seçilir

2021-11-18 11:40:15 - [TEST_STEP][PASSED] - Filtre butonlarından Listele seçilir: Filtre butonlarından Listele seçilir

2021-11-18 11:40:15 - [MESSAGE][PASSED] - Filtre butonlarından Listele seçilir

2021-11-18 11:40:15 - [TEST_STEP][PASSED] - Tabloda veri var mı kontrol edilir: Tabloda veri var mı kontrol edilir

2021-11-18 11:40:15 - [MESSAGE][PASSED] - Tabloda veri var mı kontrol edilir

2021-11-18 11:40:15 - [TEST_STEP][PASSED] - Tablodan 2691121 isimli veri seçilir: Tablodan 2691121 isimli veri seçilir

2021-11-18 11:40:15 - [MESSAGE][PASSED] - Tablodan 2691121 isimli veri seçilir

2021-11-18 11:40:15 - [TEST_STEP][PASSED] - Butonlardan Excel isimli butona tıklanır: Butonlardan Excel isimli butona tıklanır

2021-11-18 11:40:15 - [MESSAGE][PASSED] - Butonlardan Excel isimli butona tıklanır

2021-11-18 11:40:15 - [TEST_STEP][PASSED] - Alt butonlardan Excel'e Aktar butonuna tıklanır: Alt butonlardan Excel'e Aktar butonuna tıklanır

2021-11-18 11:40:15 - [MESSAGE][PASSED] - Alt butonlardan Excel'e Aktar butonuna tıklanır

2021-11-18 11:40:15 - [TEST_STEP][PASSED] - Popup mesajı Lütfen rapor bildiriminin gönderileceği e-posta adresini belirtiniz. içeriyor mu: Popup mesajı Lütfen rapor bildiriminin gönderileceği e-posta adresini belirtiniz. içeriyor mu

2021-11-18 11:40:15 - [MESSAGE][PASSED] - Popup mesajı Lütfen rapor bildiriminin gönderileceği e-posta adresini belirtiniz. içeriyor mu

2021-11-18 11:40:15 - [TEST_STEP][PASSED] - Popup email elogotest@gmail.com;ali.kara@logo.com.tr olarak girilir: Popup email elogotest@gmail.com;ali.kara@logo.com.tr olarak girilir

2021-11-18 11:40:15 - [MESSAGE][PASSED] - Popup email elogotest@gmail.com;ali.kara@logo.com.tr olarak girilir

2021-11-18 11:40:15 - [TEST_STEP][PASSED] - Yönetim popupında Gönder seçilir: Yönetim popupında Gönder seçilir

2021-11-18 11:40:15 - [MESSAGE][PASSED] - Yönetim popupında Gönder seçilir

2021-11-18 11:40:15 - [TEST_STEP][PASSED] - Popup mesajı talebiniz işleme alınmıştır içeriyor mu: Popup mesajı talebiniz işleme alınmıştır içeriyor mu

2021-11-18 11:40:15 - [MESSAGE][PASSED] - Popup mesajı talebiniz işleme alınmıştır içeriyor mu

2021-11-18 11:40:15 - [TEST_STEP][PASSED] - Yönetim popupında Tamam seçilir: Yönetim popupında Tamam seçilir

2021-11-18 11:40:15 - [MESSAGE][PASSED] - Yönetim popupında Tamam seçilir

2021-11-18 11:40:15 - [TEST_STEP][PASSED] - Butonlardan Excel isimli butona tıklanır: Butonlardan Excel isimli butona tıklanır

2021-11-18 11:40:15 - [MESSAGE][PASSED] - Butonlardan Excel isimli butona tıklanır

2021-11-18 11:40:15 - [TEST_STEP][PASSED] - Alt butonlardan Tümünü Excel'e Aktar butonuna tıklanır: Alt butonlardan Tümünü Excel'e Aktar butonuna tıklanır

2021-11-18 11:40:15 - [MESSAGE][PASSED] - Alt butonlardan Tümünü Excel'e Aktar butonuna tıklanır

2021-11-18 11:40:15 - [TEST_STEP][PASSED] - Popup mesajı Lütfen rapor bildiriminin gönderileceği e-posta adresini belirtiniz. içeriyor mu: Popup mesajı Lütfen rapor bildiriminin gönderileceği e-posta adresini belirtiniz. içeriyor mu

2021-11-18 11:40:15 - [MESSAGE][PASSED] - Popup mesajı Lütfen rapor bildiriminin gönderileceği e-posta adresini belirtiniz. içeriyor mu

2021-11-18 11:40:15 - [TEST_STEP][PASSED] - Popup email elogotest@gmail.com;ali.kara@logo.com.tr olarak girilir: Popup email elogotest@gmail.com;ali.kara@logo.com.tr olarak girilir

2021-11-18 11:40:15 - [MESSAGE][PASSED] - Popup email elogotest@gmail.com;ali.kara@logo.com.tr olarak girilir

2021-11-18 11:40:15 - [TEST_STEP][PASSED] - Yönetim popupında Gönder seçilir: Yönetim popupında Gönder seçilir

2021-11-18 11:40:15 - [MESSAGE][PASSED] - Yönetim popupında Gönder seçilir

2021-11-18 11:40:15 - [TEST_STEP][PASSED] - Popup mesajı talebiniz işleme alınmıştır içeriyor mu: Popup mesajı talebiniz işleme alınmıştır içeriyor mu

2021-11-18 11:40:15 - [MESSAGE][PASSED] - Popup mesajı talebiniz işleme alınmıştır içeriyor mu

2021-11-18 11:40:15 - [TEST_STEP][PASSED] - Yönetim popupında Tamam seçilir: Yönetim popupında Tamam seçilir

2021-11-18 11:40:15 - [MESSAGE][PASSED] - Yönetim popupında Tamam seçilir

2021-11-18 11:40:15 - [TEST_STEP][PASSED] - Ana menüden Raporlar seçilir: Ana menüden Raporlar seçilir

2021-11-18 11:40:15 - [MESSAGE][PASSED] - Ana menüden Raporlar seçilir

2021-11-18 11:40:15 - [TEST_STEP][PASSED] - Alt menüden Toplu Veri İndirme seçilir: Alt menüden Toplu Veri İndirme seçilir

2021-11-18 11:40:15 - [MESSAGE][PASSED] - Alt menüden Toplu Veri İndirme seçilir

2021-11-18 11:40:15 - [TEST_STEP][PASSED] - Filtrelerden Talep No filtresine Rapor No bilgisi yaz: Filtrelerden Talep No filtresine Rapor No bilgisi yaz

2021-11-18 11:40:15 - [MESSAGE][PASSED] - Filtrelerden Talep No filtresine Rapor No bilgisi yaz

2021-11-18 11:40:15 - [TEST_STEP][PASSED] - Filtre butonlarından Listele seçilir: Filtre butonlarından Listele seçilir

2021-11-18 11:40:15 - [MESSAGE][PASSED] - Filtre butonlarından Listele seçilir

2021-11-18 11:40:15 - [TEST_STEP][PASSED] - Tabloda veri var mı kontrol edilir: Tabloda veri var mı kontrol edilir

2021-11-18 11:40:15 - [MESSAGE][PASSED] - Tabloda veri var mı kontrol edilir

2021-11-18 11:40:15 - [TEST_STEP][PASSED] - Kullanıcı işlemlerinden Çıkış seçilir: Kullanıcı işlemlerinden Çıkış seçilir

2021-11-18 11:40:15 - [MESSAGE][PASSED] - Kullanıcı işlemlerinden Çıkış seçilir

2021-11-18 11:40:15 - [MESSAGE][PASSED] - Feature file: 'Include/features/e-Arsiv/e-Arsiv Hareketleri/e-Arsiv Raporlari/Excele Aktar.feature' was passed

2021-11-18 11:40:15 - [TEST_STEP][PASSED] - Start listener action : sampleAfterTestSuite: Invoke 'com.kms.katalon.core.annotation.AfterTestCase' method: 'Listener.sampleAfterTestSuite(...)' completed.

2021-11-18 11:40:15 - [MESSAGE][INFO] - Starting invoke 'com.kms.katalon.core.annotation.AfterTestCase' method: 'Listener.sampleAfterTestSuite(...)'

2021-11-18 11:40:15 - [TEST_STEP][PASSED] - closeBrowser(): Invoke 'com.kms.katalon.core.annotation.AfterTestCase' method: 'Listener.sampleAfterTestSuite(...)' completed.

2021-11-18 11:40:15 - [MESSAGE][INFO] - Closing browser

2021-11-18 11:40:16 - [MESSAGE][PASSED] - Browser is closed

2021-11-18 11:40:16 - [MESSAGE][INFO] - Invoke 'com.kms.katalon.core.annotation.AfterTestCase' method: 'Listener.sampleAfterTestSuite(...)' completed.]]></system-out>
         <system-err><![CDATA[]]></system-err>
      </testcase>
      <testcase name="Test Cases/Case Repository/e-Irsaliye/Gelen Kutusu/Irsaliye Yanitlari/Excele Aktar" time="49.894" classname="Test Cases/Case Repository/e-Irsaliye/Gelen Kutusu/Irsaliye Yanitlari/Excele Aktar" status="PASSED">
         <system-out><![CDATA[2021-11-18 11:40:16 - [TEST_CASE][PASSED] - Test Cases/Case Repository/e-Irsaliye/Gelen Kutusu/Irsaliye Yanitlari/Excele Aktar: Test Cases/Case Repository/e-Irsaliye/Gelen Kutusu/Irsaliye Yanitlari/Excele Aktar

2021-11-18 11:40:16 - [TEST_STEP][PASSED] - Start listener action : sampleBeforeTestSuite: Invoke 'com.kms.katalon.core.annotation.BeforeTestCase' method: 'Listener.sampleBeforeTestSuite(...)' completed.

2021-11-18 11:40:16 - [MESSAGE][INFO] - Starting invoke 'com.kms.katalon.core.annotation.BeforeTestCase' method: 'Listener.sampleBeforeTestSuite(...)'

2021-11-18 11:40:16 - [TEST_STEP][PASSED] - openBrowser(baseUrl): Browser is opened with url: 'https://efatura-stage.elogo.com.tr/'

2021-11-18 11:40:16 - [MESSAGE][INFO] - Opening browser

2021-11-18 11:40:16 - [MESSAGE][INFO] - Starting 'Chrome' driver

2021-11-18 11:40:16 - [MESSAGE][INFO] - User set preference: ['prefs', '{download.default_directory=C:\otomasyondownfiles}']

2021-11-18 11:40:16 - [MESSAGE][INFO] - Action delay is set to 0 milliseconds

2021-11-18 11:40:17 - [MESSAGE][INFO] - Navigating browser to: 'https://efatura-stage.elogo.com.tr/'

2021-11-18 11:40:19 - [MESSAGE][PASSED] - Browser is opened with url: 'https://efatura-stage.elogo.com.tr/'

2021-11-18 11:40:19 - [TEST_STEP][PASSED] - maximizeWindow(): Invoke 'com.kms.katalon.core.annotation.BeforeTestCase' method: 'Listener.sampleBeforeTestSuite(...)' completed.

2021-11-18 11:40:19 - [MESSAGE][INFO] - Maximizing current window

2021-11-18 11:40:20 - [MESSAGE][PASSED] - Current window maximized

2021-11-18 11:40:20 - [MESSAGE][INFO] - Invoke 'com.kms.katalon.core.annotation.BeforeTestCase' method: 'Listener.sampleBeforeTestSuite(...)' completed.

2021-11-18 11:40:20 - [TEST_STEP][PASSED] - runFeatureFile("Include/features/e-Irsaliye/Gelen Kutusu/Irsaliye Yanitlari/Excele Aktar.feature"): Feature file: 'Include/features/e-Irsaliye/Gelen Kutusu/Irsaliye Yanitlari/Excele Aktar.feature' was passed

2021-11-18 11:40:20 - [MESSAGE][INFO] - Starting run keyword runFeatureFile: 'Include/features/e-Irsaliye/Gelen Kutusu/Irsaliye Yanitlari/Excele Aktar.feature' and extract report to folder: 'C:\Users\DELL\Documents\GitHub\EES_KatalonLogo\Reports\20211118_110909\Suite Repository\ExceleAktarVeTopluIndirme\20211118_110948/cucumber_report/1637224820658'...

2021-11-18 11:40:20 - [MESSAGE][INFO] - Glue: []

2021-11-18 11:40:22 - [MESSAGE][INFO] - Checking called Test Case

2021-11-18 11:40:22 - [MESSAGE][INFO] - Starting to call Test Case 'Test Cases/Sayfalar/Giris_Sayfasi/Login'

2021-11-18 11:40:22 - [TEST_CASE][PASSED] - Test Cases/Sayfalar/Giris_Sayfasi/Login: Test Cases/Sayfalar/Giris_Sayfasi/Login

2021-11-18 11:40:22 - [TEST_STEP][PASSED] - Sayfa_Basligi = getWindowTitle(): Current window's title is: 'LOGO e-Fatura'

2021-11-18 11:40:22 - [MESSAGE][INFO] - Getting current window's title

2021-11-18 11:40:22 - [MESSAGE][PASSED] - Current window's title is: 'LOGO e-Fatura'

2021-11-18 11:40:22 - [TEST_STEP][PASSED] - verifyMatch(Sayfa_Basligi, "LOGO e-Fatura", false): Actual text 'LOGO e-Fatura' and expected text 'LOGO e-Fatura' are matched 

2021-11-18 11:40:22 - [MESSAGE][INFO] - Matching actual text 'LOGO e-Fatura' with expected text 'LOGO e-Fatura'

2021-11-18 11:40:22 - [MESSAGE][PASSED] - Actual text 'LOGO e-Fatura' and expected text 'LOGO e-Fatura' are matched 

2021-11-18 11:40:22 - [TEST_STEP][PASSED] - sendKeys(findTestObject("Sayfalar/Giris_Sayfasi/Firma_Kodu"), KullaniciAdi): Keys 'ELOGO6' sent to object: 'Object Repository/Sayfalar/Giris_Sayfasi/Firma_Kodu'

2021-11-18 11:40:22 - [MESSAGE][INFO] - Finding Test Object 'Object Repository/Sayfalar/Giris_Sayfasi/Firma_Kodu'

2021-11-18 11:40:22 - [MESSAGE][INFO] - Sending keys 'ELOGO6' to object: 'Object Repository/Sayfalar/Giris_Sayfasi/Firma_Kodu'

2021-11-18 11:40:22 - [MESSAGE][INFO] - Finding web element from Test Object's properties

2021-11-18 11:40:22 - [MESSAGE][INFO] - Checking timeout

2021-11-18 11:40:22 - [MESSAGE][INFO] - Finding web element with id: 'Object Repository/Sayfalar/Giris_Sayfasi/Firma_Kodu' located by 'By.xpath: //*[@id = 'AccountName']' in '30' second(s)

2021-11-18 11:40:22 - [MESSAGE][INFO] - Smart Wait Function is triggered

2021-11-18 11:40:22 - [MESSAGE][INFO] - Found 1 web elements with id: 'Object Repository/Sayfalar/Giris_Sayfasi/Firma_Kodu' located by 'By.xpath: //*[@id = 'AccountName']' in '30' second(s)

2021-11-18 11:40:23 - [MESSAGE][PASSED] - Keys 'ELOGO6' sent to object: 'Object Repository/Sayfalar/Giris_Sayfasi/Firma_Kodu'

2021-11-18 11:40:23 - [TEST_STEP][PASSED] - sendKeys(findTestObject("Sayfalar/Giris_Sayfasi/Sifre"), Sifre): Keys '123456' sent to object: 'Object Repository/Sayfalar/Giris_Sayfasi/Sifre'

2021-11-18 11:40:23 - [MESSAGE][INFO] - Finding Test Object 'Object Repository/Sayfalar/Giris_Sayfasi/Sifre'

2021-11-18 11:40:23 - [MESSAGE][INFO] - Sending keys '123456' to object: 'Object Repository/Sayfalar/Giris_Sayfasi/Sifre'

2021-11-18 11:40:23 - [MESSAGE][INFO] - Finding web element from Test Object's properties

2021-11-18 11:40:23 - [MESSAGE][INFO] - Checking timeout

2021-11-18 11:40:23 - [MESSAGE][INFO] - Finding web element with id: 'Object Repository/Sayfalar/Giris_Sayfasi/Sifre' located by 'By.xpath: //*[@id = 'Password']' in '30' second(s)

2021-11-18 11:40:23 - [MESSAGE][INFO] - Smart Wait Function is triggered

2021-11-18 11:40:23 - [MESSAGE][INFO] - Found 1 web elements with id: 'Object Repository/Sayfalar/Giris_Sayfasi/Sifre' located by 'By.xpath: //*[@id = 'Password']' in '30' second(s)

2021-11-18 11:40:23 - [MESSAGE][PASSED] - Keys '123456' sent to object: 'Object Repository/Sayfalar/Giris_Sayfasi/Sifre'

2021-11-18 11:40:23 - [TEST_STEP][PASSED] - findWebElement(findTestObject("Sayfalar/Giris_Sayfasi/Giris_Butonu")).click(): Found 1 web elements with id: 'Object Repository/Sayfalar/Giris_Sayfasi/Giris_Butonu' located by 'By.cssSelector: #btnLogin' in '30' second(s)

2021-11-18 11:40:23 - [MESSAGE][INFO] - Finding Test Object 'Object Repository/Sayfalar/Giris_Sayfasi/Giris_Butonu'

2021-11-18 11:40:23 - [MESSAGE][INFO] - Finding web element from Test Object's properties

2021-11-18 11:40:23 - [MESSAGE][INFO] - Checking timeout

2021-11-18 11:40:23 - [MESSAGE][INFO] - Finding web element with id: 'Object Repository/Sayfalar/Giris_Sayfasi/Giris_Butonu' located by 'By.cssSelector: #btnLogin' in '30' second(s)

2021-11-18 11:40:23 - [MESSAGE][INFO] - Smart Wait Function is triggered

2021-11-18 11:40:23 - [MESSAGE][INFO] - Found 1 web elements with id: 'Object Repository/Sayfalar/Giris_Sayfasi/Giris_Butonu' located by 'By.cssSelector: #btnLogin' in '30' second(s)

2021-11-18 11:40:26 - [TEST_STEP][PASSED] - if (verifyElementPresent(findTestObject("Object Repository/Sayfalar/Giris_Sayfasi/RetveTamam_Butonu"), 5, OPTIONAL)): null

2021-11-18 11:40:26 - [MESSAGE][INFO] - Finding Test Object 'Object Repository/Sayfalar/Giris_Sayfasi/RetveTamam_Butonu'

2021-11-18 11:40:26 - [MESSAGE][INFO] - Checking object

2021-11-18 11:40:26 - [MESSAGE][INFO] - Finding web element from Test Object's properties

2021-11-18 11:40:26 - [MESSAGE][INFO] - Checking timeout

2021-11-18 11:40:26 - [MESSAGE][INFO] - Finding web element with id: 'Object Repository/Sayfalar/Giris_Sayfasi/RetveTamam_Butonu' located by 'By.xpath: //*[@class = 'btn btn-default']' in '5' second(s)

2021-11-18 11:40:26 - [MESSAGE][INFO] - Smart Wait Function is triggered

2021-11-18 11:40:26 - [MESSAGE][INFO] - Found 1 web elements with id: 'Object Repository/Sayfalar/Giris_Sayfasi/RetveTamam_Butonu' located by 'By.xpath: //*[@class = 'btn btn-default']' in '5' second(s)

2021-11-18 11:40:26 - [MESSAGE][PASSED] - Object 'Object Repository/Sayfalar/Giris_Sayfasi/RetveTamam_Butonu' is present

2021-11-18 11:40:26 - [TEST_STEP][PASSED] - click(findTestObject("Object Repository/Sayfalar/Giris_Sayfasi/RetveTamam_Butonu")): Object: 'Object Repository/Sayfalar/Giris_Sayfasi/RetveTamam_Butonu' is clicked on

2021-11-18 11:40:26 - [MESSAGE][INFO] - Finding Test Object 'Object Repository/Sayfalar/Giris_Sayfasi/RetveTamam_Butonu'

2021-11-18 11:40:26 - [MESSAGE][INFO] - Checking object

2021-11-18 11:40:26 - [MESSAGE][INFO] - Finding web element from Test Object's properties

2021-11-18 11:40:26 - [MESSAGE][INFO] - Checking timeout

2021-11-18 11:40:26 - [MESSAGE][INFO] - Finding web element with id: 'Object Repository/Sayfalar/Giris_Sayfasi/RetveTamam_Butonu' located by 'By.xpath: //*[@class = 'btn btn-default']' in '30' second(s)

2021-11-18 11:40:26 - [MESSAGE][INFO] - Smart Wait Function is triggered

2021-11-18 11:40:27 - [MESSAGE][INFO] - Found 1 web elements with id: 'Object Repository/Sayfalar/Giris_Sayfasi/RetveTamam_Butonu' located by 'By.xpath: //*[@class = 'btn btn-default']' in '30' second(s)

2021-11-18 11:40:27 - [MESSAGE][INFO] - Clicking on object: 'Object Repository/Sayfalar/Giris_Sayfasi/RetveTamam_Butonu'

2021-11-18 11:40:27 - [MESSAGE][PASSED] - Object: 'Object Repository/Sayfalar/Giris_Sayfasi/RetveTamam_Butonu' is clicked on

2021-11-18 11:40:27 - [TEST_STEP][PASSED] - click(findTestObject("Object Repository/Sayfalar/Giris_Sayfasi/RetveTamam_Butonu")): Object: 'Object Repository/Sayfalar/Giris_Sayfasi/RetveTamam_Butonu' is clicked on

2021-11-18 11:40:27 - [MESSAGE][INFO] - Finding Test Object 'Object Repository/Sayfalar/Giris_Sayfasi/RetveTamam_Butonu'

2021-11-18 11:40:27 - [MESSAGE][INFO] - Checking object

2021-11-18 11:40:27 - [MESSAGE][INFO] - Finding web element from Test Object's properties

2021-11-18 11:40:27 - [MESSAGE][INFO] - Checking timeout

2021-11-18 11:40:27 - [MESSAGE][INFO] - Finding web element with id: 'Object Repository/Sayfalar/Giris_Sayfasi/RetveTamam_Butonu' located by 'By.xpath: //*[@class = 'btn btn-default']' in '30' second(s)

2021-11-18 11:40:27 - [MESSAGE][INFO] - Smart Wait Function is triggered

2021-11-18 11:40:30 - [MESSAGE][INFO] - Found 1 web elements with id: 'Object Repository/Sayfalar/Giris_Sayfasi/RetveTamam_Butonu' located by 'By.xpath: //*[@class = 'btn btn-default']' in '30' second(s)

2021-11-18 11:40:30 - [MESSAGE][INFO] - Clicking on object: 'Object Repository/Sayfalar/Giris_Sayfasi/RetveTamam_Butonu'

2021-11-18 11:40:30 - [MESSAGE][PASSED] - Object: 'Object Repository/Sayfalar/Giris_Sayfasi/RetveTamam_Butonu' is clicked on

2021-11-18 11:40:30 - [TEST_STEP][PASSED] - if (verifyElementPresent(findTestObject("Sayfalar/Giris_Sayfasi/PopupOK"), 5, OPTIONAL)): null

2021-11-18 11:40:30 - [MESSAGE][INFO] - Finding Test Object 'Object Repository/Sayfalar/Giris_Sayfasi/PopupOK'

2021-11-18 11:40:30 - [MESSAGE][INFO] - Checking object

2021-11-18 11:40:30 - [MESSAGE][INFO] - Finding web element from Test Object's properties

2021-11-18 11:40:30 - [MESSAGE][INFO] - Checking timeout

2021-11-18 11:40:30 - [MESSAGE][INFO] - Finding web element with id: 'Object Repository/Sayfalar/Giris_Sayfasi/PopupOK' located by 'By.cssSelector: .btn.btn-success' in '5' second(s)

2021-11-18 11:40:30 - [MESSAGE][INFO] - Smart Wait Function is triggered

2021-11-18 11:40:31 - [MESSAGE][INFO] - Found 1 web elements with id: 'Object Repository/Sayfalar/Giris_Sayfasi/PopupOK' located by 'By.cssSelector: .btn.btn-success' in '5' second(s)

2021-11-18 11:40:31 - [MESSAGE][PASSED] - Object 'Object Repository/Sayfalar/Giris_Sayfasi/PopupOK' is present

2021-11-18 11:40:31 - [TEST_STEP][PASSED] - click(findTestObject("Object Repository/Sayfalar/Giris_Sayfasi/PopupCarpiGiris")): Object: 'Object Repository/Sayfalar/Giris_Sayfasi/PopupCarpiGiris' is clicked on

2021-11-18 11:40:31 - [MESSAGE][INFO] - Finding Test Object 'Object Repository/Sayfalar/Giris_Sayfasi/PopupCarpiGiris'

2021-11-18 11:40:31 - [MESSAGE][INFO] - Checking object

2021-11-18 11:40:31 - [MESSAGE][INFO] - Finding web element from Test Object's properties

2021-11-18 11:40:31 - [MESSAGE][INFO] - Checking timeout

2021-11-18 11:40:31 - [MESSAGE][INFO] - Finding web element with id: 'Object Repository/Sayfalar/Giris_Sayfasi/PopupCarpiGiris' located by 'By.cssSelector: .bootbox-close-button.close' in '30' second(s)

2021-11-18 11:40:31 - [MESSAGE][INFO] - Smart Wait Function is triggered

2021-11-18 11:40:31 - [MESSAGE][INFO] - Found 1 web elements with id: 'Object Repository/Sayfalar/Giris_Sayfasi/PopupCarpiGiris' located by 'By.cssSelector: .bootbox-close-button.close' in '30' second(s)

2021-11-18 11:40:31 - [MESSAGE][INFO] - Clicking on object: 'Object Repository/Sayfalar/Giris_Sayfasi/PopupCarpiGiris'

2021-11-18 11:40:31 - [MESSAGE][PASSED] - Object: 'Object Repository/Sayfalar/Giris_Sayfasi/PopupCarpiGiris' is clicked on

2021-11-18 11:40:31 - [TEST_STEP][PASSED] - verifyElementVisible(findTestObject("Object Repository/Kullanici_Islemleri/KullaniciIslemleri")): Object 'Object Repository/Kullanici_Islemleri/KullaniciIslemleri' is visible

2021-11-18 11:40:31 - [MESSAGE][INFO] - Finding Test Object 'Object Repository/Kullanici_Islemleri/KullaniciIslemleri'

2021-11-18 11:40:31 - [MESSAGE][INFO] - Checking object

2021-11-18 11:40:31 - [MESSAGE][INFO] - Finding web element from Test Object's properties

2021-11-18 11:40:31 - [MESSAGE][INFO] - Checking timeout

2021-11-18 11:40:31 - [MESSAGE][INFO] - Finding web element with id: 'Object Repository/Kullanici_Islemleri/KullaniciIslemleri' located by 'By.cssSelector: .dropdown>a>img' in '30' second(s)

2021-11-18 11:40:31 - [MESSAGE][INFO] - Smart Wait Function is triggered

2021-11-18 11:40:32 - [MESSAGE][INFO] - Found 1 web elements with id: 'Object Repository/Kullanici_Islemleri/KullaniciIslemleri' located by 'By.cssSelector: .dropdown>a>img' in '30' second(s)

2021-11-18 11:40:32 - [MESSAGE][PASSED] - Object 'Object Repository/Kullanici_Islemleri/KullaniciIslemleri' is visible

2021-11-18 11:40:32 - [MESSAGE][PASSED] - Call Test Case 'Test Cases/Sayfalar/Giris_Sayfasi/Login' successfully

2021-11-18 11:40:32 - [MESSAGE][INFO] - Checking called Test Case

2021-11-18 11:40:32 - [MESSAGE][INFO] - Starting to call Test Case 'Test Cases/Menu/AnaMenuSecimi'

2021-11-18 11:40:32 - [TEST_CASE][PASSED] - Test Cases/Menu/AnaMenuSecimi: Test Cases/Menu/AnaMenuSecimi

2021-11-18 11:40:32 - [TEST_STEP][PASSED] - Method.TextDegerineEsitElementeTikla(findTestObject("Menu/Ana_Menu"), Ana_Menu): Method.TextDegerineEsitElementeTikla is PASSED

2021-11-18 11:40:32 - [MESSAGE][INFO] - Finding Test Object 'Object Repository/Menu/Ana_Menu'

2021-11-18 11:40:32 - [MESSAGE][INFO] - Checking timeout

2021-11-18 11:40:32 - [MESSAGE][INFO] - Finding web element with id: 'Object Repository/Menu/Ana_Menu' located by 'By.xpath: //*[@class = 'dropdown-toggle']' in '10' second(s)

2021-11-18 11:40:32 - [MESSAGE][INFO] - Smart Wait Function is triggered

2021-11-18 11:40:32 - [MESSAGE][INFO] - Found 14 web elements with id: 'Object Repository/Menu/Ana_Menu' located by 'By.xpath: //*[@class = 'dropdown-toggle']' in '10' second(s)

2021-11-18 11:40:32 - [MESSAGE][PASSED] - Method.TextDegerineEsitElementeTikla is PASSED

2021-11-18 11:40:32 - [MESSAGE][PASSED] - Call Test Case 'Test Cases/Menu/AnaMenuSecimi' successfully

2021-11-18 11:40:32 - [MESSAGE][INFO] - Checking called Test Case

2021-11-18 11:40:32 - [MESSAGE][INFO] - Starting to call Test Case 'Test Cases/Menu/BasligaGoreAltMenuSecimi'

2021-11-18 11:40:32 - [TEST_CASE][PASSED] - Test Cases/Menu/BasligaGoreAltMenuSecimi: Test Cases/Menu/BasligaGoreAltMenuSecimi

2021-11-18 11:40:32 - [TEST_STEP][PASSED] - Method.TextDegerineEsitElementinAltindakiTextDegerineEsitOlanaTikla(findTestObject("Menu/Menu_Basligi"), findTestObject("Menu/Basliga_Gore_Alt_Menu"), Baslik, Alt_Menu): Method.TextDegerineEsitElementinAltindakiTextDegerineEsitOlanaTikla is PASSED

2021-11-18 11:40:32 - [MESSAGE][INFO] - Finding Test Object 'Object Repository/Menu/Menu_Basligi'

2021-11-18 11:40:32 - [MESSAGE][INFO] - Finding Test Object 'Object Repository/Menu/Basliga_Gore_Alt_Menu'

2021-11-18 11:40:32 - [MESSAGE][INFO] - Checking timeout

2021-11-18 11:40:33 - [MESSAGE][INFO] - Finding web element with id: 'Object Repository/Menu/Menu_Basligi' located by 'By.xpath: //li[@class='dropdown dropdown-large open']//li[@class='dropdown-header']' in '10' second(s)

2021-11-18 11:40:33 - [MESSAGE][INFO] - Smart Wait Function is triggered

2021-11-18 11:40:33 - [MESSAGE][INFO] - Found 3 web elements with id: 'Object Repository/Menu/Menu_Basligi' located by 'By.xpath: //li[@class='dropdown dropdown-large open']//li[@class='dropdown-header']' in '10' second(s)

2021-11-18 11:40:33 - [MESSAGE][INFO] - Smart Wait Function is triggered

2021-11-18 11:40:35 - [MESSAGE][PASSED] - Method.TextDegerineEsitElementinAltindakiTextDegerineEsitOlanaTikla is PASSED

2021-11-18 11:40:35 - [MESSAGE][PASSED] - Call Test Case 'Test Cases/Menu/BasligaGoreAltMenuSecimi' successfully

2021-11-18 11:40:35 - [MESSAGE][INFO] - Checking called Test Case

2021-11-18 11:40:35 - [MESSAGE][INFO] - Starting to call Test Case 'Test Cases/Filtreler/BaslangicYaz'

2021-11-18 11:40:35 - [TEST_CASE][PASSED] - Test Cases/Filtreler/BaslangicYaz: Test Cases/Filtreler/BaslangicYaz

2021-11-18 11:40:35 - [TEST_STEP][PASSED] - delay(3): Delayed 3 second(s)

2021-11-18 11:40:35 - [MESSAGE][INFO] - Delaying browser in 3 second(s)

2021-11-18 11:40:38 - [MESSAGE][PASSED] - Delayed 3 second(s)

2021-11-18 11:40:38 - [TEST_STEP][PASSED] - Method.TextDegerineEsitElementinAltindakineTikla(findTestObject("Filtreler/Basliklar"), findTestObject("Filtreler/Basliga_Gore_Baslangic_Image"), Filtre_Adi): Method.TextDegerineEsitElementinAltindakineTikla is PASSED

2021-11-18 11:40:38 - [MESSAGE][INFO] - Finding Test Object 'Object Repository/Filtreler/Basliklar'

2021-11-18 11:40:38 - [MESSAGE][INFO] - Finding Test Object 'Object Repository/Filtreler/Basliga_Gore_Baslangic_Image'

2021-11-18 11:40:38 - [MESSAGE][INFO] - Checking timeout

2021-11-18 11:40:38 - [MESSAGE][INFO] - Finding web element with id: 'Object Repository/Filtreler/Basliklar' located by 'By.cssSelector: .control-label.col-sm-4.paddingMarginRLC' in '10' second(s)

2021-11-18 11:40:38 - [MESSAGE][INFO] - Smart Wait Function is triggered

2021-11-18 11:40:38 - [MESSAGE][INFO] - Found 13 web elements with id: 'Object Repository/Filtreler/Basliklar' located by 'By.cssSelector: .control-label.col-sm-4.paddingMarginRLC' in '10' second(s)

2021-11-18 11:40:38 - [MESSAGE][INFO] - Smart Wait Function is triggered

2021-11-18 11:40:39 - [MESSAGE][PASSED] - Method.TextDegerineEsitElementinAltindakineTikla is PASSED

2021-11-18 11:40:39 - [TEST_STEP][PASSED] - Method.TextDegerineEsitElementinAltindakiTextboxtaYaz(findTestObject("Filtreler/Basliklar"), findTestObject("Filtreler/Basliga_Gore_Baslangic"), Filtre_Adi, Filtre_Degeri): Method.TextDegerineEsitElementinAltindakiTextboxtaYaz is PASSED

2021-11-18 11:40:39 - [MESSAGE][INFO] - Finding Test Object 'Object Repository/Filtreler/Basliklar'

2021-11-18 11:40:39 - [MESSAGE][INFO] - Finding Test Object 'Object Repository/Filtreler/Basliga_Gore_Baslangic'

2021-11-18 11:40:39 - [MESSAGE][INFO] - Checking timeout

2021-11-18 11:40:39 - [MESSAGE][INFO] - Finding web element with id: 'Object Repository/Filtreler/Basliklar' located by 'By.cssSelector: .control-label.col-sm-4.paddingMarginRLC' in '10' second(s)

2021-11-18 11:40:39 - [MESSAGE][INFO] - Smart Wait Function is triggered

2021-11-18 11:40:39 - [MESSAGE][INFO] - Found 13 web elements with id: 'Object Repository/Filtreler/Basliklar' located by 'By.cssSelector: .control-label.col-sm-4.paddingMarginRLC' in '10' second(s)

2021-11-18 11:40:39 - [MESSAGE][INFO] - Smart Wait Function is triggered

2021-11-18 11:40:40 - [MESSAGE][PASSED] - Method.TextDegerineEsitElementinAltindakiTextboxtaYaz is PASSED

2021-11-18 11:40:40 - [MESSAGE][PASSED] - Call Test Case 'Test Cases/Filtreler/BaslangicYaz' successfully

2021-11-18 11:40:40 - [MESSAGE][INFO] - Checking called Test Case

2021-11-18 11:40:40 - [MESSAGE][INFO] - Starting to call Test Case 'Test Cases/Filtreler/BitisYaz'

2021-11-18 11:40:40 - [TEST_CASE][PASSED] - Test Cases/Filtreler/BitisYaz: Test Cases/Filtreler/BitisYaz

2021-11-18 11:40:40 - [TEST_STEP][PASSED] - Method.TextDegerineEsitElementinAltindakineTikla(findTestObject("Filtreler/Basliklar"), findTestObject("Filtreler/Basliga_Gore_Bitis_Image"), Filtre_Adi): Method.TextDegerineEsitElementinAltindakineTikla is PASSED

2021-11-18 11:40:40 - [MESSAGE][INFO] - Finding Test Object 'Object Repository/Filtreler/Basliklar'

2021-11-18 11:40:40 - [MESSAGE][INFO] - Finding Test Object 'Object Repository/Filtreler/Basliga_Gore_Bitis_Image'

2021-11-18 11:40:40 - [MESSAGE][INFO] - Checking timeout

2021-11-18 11:40:40 - [MESSAGE][INFO] - Finding web element with id: 'Object Repository/Filtreler/Basliklar' located by 'By.cssSelector: .control-label.col-sm-4.paddingMarginRLC' in '10' second(s)

2021-11-18 11:40:40 - [MESSAGE][INFO] - Smart Wait Function is triggered

2021-11-18 11:40:40 - [MESSAGE][INFO] - Found 13 web elements with id: 'Object Repository/Filtreler/Basliklar' located by 'By.cssSelector: .control-label.col-sm-4.paddingMarginRLC' in '10' second(s)

2021-11-18 11:40:40 - [MESSAGE][INFO] - Smart Wait Function is triggered

2021-11-18 11:40:41 - [MESSAGE][PASSED] - Method.TextDegerineEsitElementinAltindakineTikla is PASSED

2021-11-18 11:40:41 - [TEST_STEP][PASSED] - Method.TextDegerineEsitElementinAltindakiTextboxtaYaz(findTestObject("Filtreler/Basliklar"), findTestObject("Object Repository/Filtreler/Basliga_Gore_Bitis"), Filtre_Adi, Filtre_Degeri): Method.TextDegerineEsitElementinAltindakiTextboxtaYaz is PASSED

2021-11-18 11:40:41 - [MESSAGE][INFO] - Finding Test Object 'Object Repository/Filtreler/Basliklar'

2021-11-18 11:40:41 - [MESSAGE][INFO] - Finding Test Object 'Object Repository/Filtreler/Basliga_Gore_Bitis'

2021-11-18 11:40:41 - [MESSAGE][INFO] - Checking timeout

2021-11-18 11:40:41 - [MESSAGE][INFO] - Finding web element with id: 'Object Repository/Filtreler/Basliklar' located by 'By.cssSelector: .control-label.col-sm-4.paddingMarginRLC' in '10' second(s)

2021-11-18 11:40:41 - [MESSAGE][INFO] - Smart Wait Function is triggered

2021-11-18 11:40:41 - [MESSAGE][INFO] - Found 13 web elements with id: 'Object Repository/Filtreler/Basliklar' located by 'By.cssSelector: .control-label.col-sm-4.paddingMarginRLC' in '10' second(s)

2021-11-18 11:40:41 - [MESSAGE][INFO] - Smart Wait Function is triggered

2021-11-18 11:40:42 - [MESSAGE][PASSED] - Method.TextDegerineEsitElementinAltindakiTextboxtaYaz is PASSED

2021-11-18 11:40:42 - [MESSAGE][PASSED] - Call Test Case 'Test Cases/Filtreler/BitisYaz' successfully

2021-11-18 11:40:42 - [MESSAGE][INFO] - Checking called Test Case

2021-11-18 11:40:42 - [MESSAGE][INFO] - Starting to call Test Case 'Test Cases/Filtreler/ButonaTikla'

2021-11-18 11:40:42 - [TEST_CASE][PASSED] - Test Cases/Filtreler/ButonaTikla: Test Cases/Filtreler/ButonaTikla

2021-11-18 11:40:42 - [TEST_STEP][PASSED] - Method.TextDegerineEsitElementeTikla(findTestObject("Filtreler/Butonlar"), Filtre_Buton): Method.TextDegerineEsitElementeTikla is PASSED

2021-11-18 11:40:42 - [MESSAGE][INFO] - Finding Test Object 'Object Repository/Filtreler/Butonlar'

2021-11-18 11:40:42 - [MESSAGE][INFO] - Checking timeout

2021-11-18 11:40:42 - [MESSAGE][INFO] - Finding web element with id: 'Object Repository/Filtreler/Butonlar' located by 'By.cssSelector: .dxb>span' in '10' second(s)

2021-11-18 11:40:42 - [MESSAGE][INFO] - Smart Wait Function is triggered

2021-11-18 11:40:42 - [MESSAGE][INFO] - Found 3 web elements with id: 'Object Repository/Filtreler/Butonlar' located by 'By.cssSelector: .dxb>span' in '10' second(s)

2021-11-18 11:40:42 - [MESSAGE][PASSED] - Method.TextDegerineEsitElementeTikla is PASSED

2021-11-18 11:40:42 - [MESSAGE][PASSED] - Call Test Case 'Test Cases/Filtreler/ButonaTikla' successfully

2021-11-18 11:40:42 - [MESSAGE][INFO] - Checking called Test Case

2021-11-18 11:40:42 - [MESSAGE][INFO] - Starting to call Test Case 'Test Cases/Tablo/TablodaVeriVarMi'

2021-11-18 11:40:42 - [TEST_CASE][PASSED] - Test Cases/Tablo/TablodaVeriVarMi: Test Cases/Tablo/TablodaVeriVarMi

2021-11-18 11:40:42 - [TEST_STEP][PASSED] - verifyTextNotPresent("Görüntülenecek veri yok", true): Text 'Görüntülenecek veri yok' is not present on page using regular expression

2021-11-18 11:40:42 - [MESSAGE][INFO] - Checking text present  using regular expression

2021-11-18 11:40:42 - [MESSAGE][INFO] - Smart Wait Function is triggered

2021-11-18 11:40:43 - [MESSAGE][INFO] - Finding text 'Görüntülenecek veri yok' on page  using regular expression

2021-11-18 11:40:43 - [MESSAGE][PASSED] - Text 'Görüntülenecek veri yok' is not present on page using regular expression

2021-11-18 11:40:43 - [MESSAGE][PASSED] - Call Test Case 'Test Cases/Tablo/TablodaVeriVarMi' successfully

2021-11-18 11:40:43 - [MESSAGE][INFO] - Checking called Test Case

2021-11-18 11:40:43 - [MESSAGE][INFO] - Starting to call Test Case 'Test Cases/Tablo/TablodanVeriSec'

2021-11-18 11:40:43 - [TEST_CASE][PASSED] - Test Cases/Tablo/TablodanVeriSec: Test Cases/Tablo/TablodanVeriSec

2021-11-18 11:40:43 - [TEST_STEP][PASSED] - Method.TextDegerineEsitElementinAltindakineTikla(findTestObject("Tablo/Veriler"), findTestObject("Tablo/VerininCheckBoxi"), Veri_Adi): Method.TextDegerineEsitElementinAltindakineTikla is PASSED

2021-11-18 11:40:43 - [MESSAGE][INFO] - Finding Test Object 'Object Repository/Tablo/Veriler'

2021-11-18 11:40:44 - [MESSAGE][INFO] - Finding Test Object 'Object Repository/Tablo/VerininCheckBoxi'

2021-11-18 11:40:44 - [MESSAGE][INFO] - Checking timeout

2021-11-18 11:40:44 - [MESSAGE][INFO] - Finding web element with id: 'Object Repository/Tablo/Veriler' located by 'By.cssSelector: td.dxgv b ,td.dxgv' in '10' second(s)

2021-11-18 11:40:44 - [MESSAGE][INFO] - Smart Wait Function is triggered

2021-11-18 11:40:44 - [MESSAGE][INFO] - Found 27 web elements with id: 'Object Repository/Tablo/Veriler' located by 'By.cssSelector: td.dxgv b ,td.dxgv' in '10' second(s)

2021-11-18 11:40:44 - [MESSAGE][INFO] - Smart Wait Function is triggered

2021-11-18 11:40:44 - [MESSAGE][PASSED] - Method.TextDegerineEsitElementinAltindakineTikla is PASSED

2021-11-18 11:40:44 - [MESSAGE][PASSED] - Call Test Case 'Test Cases/Tablo/TablodanVeriSec' successfully

2021-11-18 11:40:44 - [MESSAGE][INFO] - Checking called Test Case

2021-11-18 11:40:44 - [MESSAGE][INFO] - Starting to call Test Case 'Test Cases/Butonlar/ButonaTikla'

2021-11-18 11:40:44 - [TEST_CASE][PASSED] - Test Cases/Butonlar/ButonaTikla: Test Cases/Butonlar/ButonaTikla

2021-11-18 11:40:44 - [TEST_STEP][PASSED] - Method.TextDegerineEsitElementeTiklaEquals(findTestObject("Butonlar/Butonlar"), Buton_Adi): Method.TextDegerineEsitElementeTiklaEquals is PASSED

2021-11-18 11:40:44 - [MESSAGE][INFO] - Finding Test Object 'Object Repository/Butonlar/Butonlar'

2021-11-18 11:40:44 - [MESSAGE][INFO] - Checking timeout

2021-11-18 11:40:44 - [MESSAGE][INFO] - Finding web element with id: 'Object Repository/Butonlar/Butonlar' located by 'By.cssSelector: .panel.panel-default.text-center.footerPanel .btn,.btn.btn-primary.btnControls' in '10' second(s)

2021-11-18 11:40:44 - [MESSAGE][INFO] - Smart Wait Function is triggered

2021-11-18 11:40:45 - [MESSAGE][INFO] - Found 6 web elements with id: 'Object Repository/Butonlar/Butonlar' located by 'By.cssSelector: .panel.panel-default.text-center.footerPanel .btn,.btn.btn-primary.btnControls' in '10' second(s)

2021-11-18 11:40:45 - [MESSAGE][PASSED] - Method.TextDegerineEsitElementeTiklaEquals is PASSED

2021-11-18 11:40:45 - [MESSAGE][PASSED] - Call Test Case 'Test Cases/Butonlar/ButonaTikla' successfully

2021-11-18 11:40:45 - [MESSAGE][INFO] - Checking called Test Case

2021-11-18 11:40:45 - [MESSAGE][INFO] - Starting to call Test Case 'Test Cases/Butonlar/AltButonaTikla'

2021-11-18 11:40:45 - [TEST_CASE][PASSED] - Test Cases/Butonlar/AltButonaTikla: Test Cases/Butonlar/AltButonaTikla

2021-11-18 11:40:45 - [TEST_STEP][PASSED] - Method.TextDegerineEsitElementeTikla(findTestObject("Butonlar/AltButonlar"), Alt_Buton): Method.TextDegerineEsitElementeTikla is PASSED

2021-11-18 11:40:45 - [MESSAGE][INFO] - Finding Test Object 'Object Repository/Butonlar/AltButonlar'

2021-11-18 11:40:45 - [MESSAGE][INFO] - Checking timeout

2021-11-18 11:40:45 - [MESSAGE][INFO] - Finding web element with id: 'Object Repository/Butonlar/AltButonlar' located by 'By.cssSelector: .btn-group.open li>a' in '10' second(s)

2021-11-18 11:40:45 - [MESSAGE][INFO] - Smart Wait Function is triggered

2021-11-18 11:40:45 - [MESSAGE][INFO] - Found 2 web elements with id: 'Object Repository/Butonlar/AltButonlar' located by 'By.cssSelector: .btn-group.open li>a' in '10' second(s)

2021-11-18 11:40:45 - [MESSAGE][PASSED] - Method.TextDegerineEsitElementeTikla is PASSED

2021-11-18 11:40:45 - [MESSAGE][PASSED] - Call Test Case 'Test Cases/Butonlar/AltButonaTikla' successfully

2021-11-18 11:40:45 - [MESSAGE][INFO] - Checking called Test Case

2021-11-18 11:40:45 - [MESSAGE][INFO] - Starting to call Test Case 'Test Cases/Popup/PopupMesajiIceriyorMu'

2021-11-18 11:40:45 - [TEST_CASE][PASSED] - Test Cases/Popup/PopupMesajiIceriyorMu: Test Cases/Popup/PopupMesajiIceriyorMu

2021-11-18 11:40:45 - [TEST_STEP][PASSED] - waitForElementVisible(findTestObject("Popup/Popup"), 10): Object 'Object Repository/Popup/Popup' is visible

2021-11-18 11:40:45 - [MESSAGE][INFO] - Finding Test Object 'Object Repository/Popup/Popup'

2021-11-18 11:40:46 - [MESSAGE][INFO] - Checking object

2021-11-18 11:40:46 - [MESSAGE][INFO] - Checking timeout

2021-11-18 11:40:46 - [MESSAGE][INFO] - Finding web element from Test Object's properties

2021-11-18 11:40:46 - [MESSAGE][INFO] - Checking timeout

2021-11-18 11:40:46 - [MESSAGE][INFO] - Finding web element with id: 'Object Repository/Popup/Popup' located by 'By.cssSelector: .bootbox-body' in '10' second(s)

2021-11-18 11:40:46 - [MESSAGE][INFO] - Smart Wait Function is triggered

2021-11-18 11:40:46 - [MESSAGE][INFO] - Found 1 web elements with id: 'Object Repository/Popup/Popup' located by 'By.cssSelector: .bootbox-body' in '10' second(s)

2021-11-18 11:40:46 - [MESSAGE][PASSED] - Object 'Object Repository/Popup/Popup' is visible

2021-11-18 11:40:46 - [TEST_STEP][PASSED] - if (!(getText(findTestObject("Popup/Popup")).contains(Mesaj))): Text of object 'Object Repository/Popup/Popup' is: 'Lütfen rapor bildiriminin gönderileceği e-posta adresini belirtiniz.
e-Posta Adresi'

2021-11-18 11:40:46 - [MESSAGE][INFO] - Finding Test Object 'Object Repository/Popup/Popup'

2021-11-18 11:40:47 - [MESSAGE][INFO] - Checking object

2021-11-18 11:40:47 - [MESSAGE][INFO] - Finding web element from Test Object's properties

2021-11-18 11:40:47 - [MESSAGE][INFO] - Checking timeout

2021-11-18 11:40:47 - [MESSAGE][INFO] - Finding web element with id: 'Object Repository/Popup/Popup' located by 'By.cssSelector: .bootbox-body' in '30' second(s)

2021-11-18 11:40:47 - [MESSAGE][INFO] - Smart Wait Function is triggered

2021-11-18 11:40:47 - [MESSAGE][INFO] - Found 1 web elements with id: 'Object Repository/Popup/Popup' located by 'By.cssSelector: .bootbox-body' in '30' second(s)

2021-11-18 11:40:47 - [MESSAGE][INFO] - Getting text of object 'Object Repository/Popup/Popup'

2021-11-18 11:40:47 - [MESSAGE][PASSED] - Text of object 'Object Repository/Popup/Popup' is: 'Lütfen rapor bildiriminin gönderileceği e-posta adresini belirtiniz.
e-Posta Adresi'

2021-11-18 11:40:47 - [TEST_STEP][PASSED] - RaporNo = getText(findTestObject("Popup/Popup")).substring(0, 6): Text of object 'Object Repository/Popup/Popup' is: 'Lütfen rapor bildiriminin gönderileceği e-posta adresini belirtiniz.
e-Posta Adresi'

2021-11-18 11:40:47 - [MESSAGE][INFO] - Finding Test Object 'Object Repository/Popup/Popup'

2021-11-18 11:40:47 - [MESSAGE][INFO] - Checking object

2021-11-18 11:40:47 - [MESSAGE][INFO] - Finding web element from Test Object's properties

2021-11-18 11:40:47 - [MESSAGE][INFO] - Checking timeout

2021-11-18 11:40:47 - [MESSAGE][INFO] - Finding web element with id: 'Object Repository/Popup/Popup' located by 'By.cssSelector: .bootbox-body' in '30' second(s)

2021-11-18 11:40:47 - [MESSAGE][INFO] - Smart Wait Function is triggered

2021-11-18 11:40:47 - [MESSAGE][INFO] - Found 1 web elements with id: 'Object Repository/Popup/Popup' located by 'By.cssSelector: .bootbox-body' in '30' second(s)

2021-11-18 11:40:47 - [MESSAGE][INFO] - Getting text of object 'Object Repository/Popup/Popup'

2021-11-18 11:40:47 - [MESSAGE][PASSED] - Text of object 'Object Repository/Popup/Popup' is: 'Lütfen rapor bildiriminin gönderileceği e-posta adresini belirtiniz.
e-Posta Adresi'

2021-11-18 11:40:47 - [TEST_STEP][PASSED] - Console.println(RaporNo): null

2021-11-18 11:40:47 - [MESSAGE][PASSED] - Call Test Case 'Test Cases/Popup/PopupMesajiIceriyorMu' successfully

2021-11-18 11:40:47 - [MESSAGE][INFO] - Checking called Test Case

2021-11-18 11:40:47 - [MESSAGE][INFO] - Starting to call Test Case 'Test Cases/Popup/PopupaEmailEklenir'

2021-11-18 11:40:47 - [TEST_CASE][PASSED] - Test Cases/Popup/PopupaEmailEklenir: Test Cases/Popup/PopupaEmailEklenir

2021-11-18 11:40:47 - [TEST_STEP][PASSED] - clearText(findTestObject("Popup/EmailText")): Text of object 'Object Repository/Popup/EmailText' is cleared

2021-11-18 11:40:47 - [MESSAGE][INFO] - Finding Test Object 'Object Repository/Popup/EmailText'

2021-11-18 11:40:47 - [MESSAGE][INFO] - Checking object

2021-11-18 11:40:47 - [MESSAGE][INFO] - Finding web element from Test Object's properties

2021-11-18 11:40:47 - [MESSAGE][INFO] - Checking timeout

2021-11-18 11:40:47 - [MESSAGE][INFO] - Finding web element with id: 'Object Repository/Popup/EmailText' located by 'By.xpath: //*[@id="eMails"]' in '30' second(s)

2021-11-18 11:40:47 - [MESSAGE][INFO] - Smart Wait Function is triggered

2021-11-18 11:40:48 - [MESSAGE][INFO] - Found 1 web elements with id: 'Object Repository/Popup/EmailText' located by 'By.xpath: //*[@id="eMails"]' in '30' second(s)

2021-11-18 11:40:48 - [MESSAGE][INFO] - Clearing text of object 'Object Repository/Popup/EmailText'

2021-11-18 11:40:48 - [MESSAGE][PASSED] - Text of object 'Object Repository/Popup/EmailText' is cleared

2021-11-18 11:40:48 - [TEST_STEP][PASSED] - sendKeys(findTestObject("Popup/EmailText"), Email): Keys 'elogotest@gmail.com;ali.kara@logo.com.tr' sent to object: 'Object Repository/Popup/EmailText'

2021-11-18 11:40:48 - [MESSAGE][INFO] - Finding Test Object 'Object Repository/Popup/EmailText'

2021-11-18 11:40:48 - [MESSAGE][INFO] - Sending keys 'elogotest@gmail.com;ali.kara@logo.com.tr' to object: 'Object Repository/Popup/EmailText'

2021-11-18 11:40:48 - [MESSAGE][INFO] - Finding web element from Test Object's properties

2021-11-18 11:40:48 - [MESSAGE][INFO] - Checking timeout

2021-11-18 11:40:48 - [MESSAGE][INFO] - Finding web element with id: 'Object Repository/Popup/EmailText' located by 'By.xpath: //*[@id="eMails"]' in '30' second(s)

2021-11-18 11:40:48 - [MESSAGE][INFO] - Smart Wait Function is triggered

2021-11-18 11:40:48 - [MESSAGE][INFO] - Found 1 web elements with id: 'Object Repository/Popup/EmailText' located by 'By.xpath: //*[@id="eMails"]' in '30' second(s)

2021-11-18 11:40:48 - [MESSAGE][PASSED] - Keys 'elogotest@gmail.com;ali.kara@logo.com.tr' sent to object: 'Object Repository/Popup/EmailText'

2021-11-18 11:40:48 - [MESSAGE][PASSED] - Call Test Case 'Test Cases/Popup/PopupaEmailEklenir' successfully

2021-11-18 11:40:48 - [MESSAGE][INFO] - Checking called Test Case

2021-11-18 11:40:48 - [MESSAGE][INFO] - Starting to call Test Case 'Test Cases/Popup/PopupButonSecilir'

2021-11-18 11:40:48 - [TEST_CASE][PASSED] - Test Cases/Popup/PopupButonSecilir: Test Cases/Popup/PopupButonSecilir

2021-11-18 11:40:48 - [TEST_STEP][PASSED] - Method.TextDegerineEsitElementeTikla(findTestObject("Popup/Popup_Butons"), Buton): Method.TextDegerineEsitElementeTikla is PASSED

2021-11-18 11:40:48 - [MESSAGE][INFO] - Finding Test Object 'Object Repository/Popup/Popup_Butons'

2021-11-18 11:40:48 - [MESSAGE][INFO] - Checking timeout

2021-11-18 11:40:48 - [MESSAGE][INFO] - Finding web element with id: 'Object Repository/Popup/Popup_Butons' located by 'By.cssSelector: .modal-footer>button' in '10' second(s)

2021-11-18 11:40:48 - [MESSAGE][INFO] - Smart Wait Function is triggered

2021-11-18 11:40:49 - [MESSAGE][INFO] - Found 2 web elements with id: 'Object Repository/Popup/Popup_Butons' located by 'By.cssSelector: .modal-footer>button' in '10' second(s)

2021-11-18 11:40:49 - [MESSAGE][PASSED] - Method.TextDegerineEsitElementeTikla is PASSED

2021-11-18 11:40:49 - [MESSAGE][PASSED] - Call Test Case 'Test Cases/Popup/PopupButonSecilir' successfully

2021-11-18 11:40:49 - [MESSAGE][INFO] - Checking called Test Case

2021-11-18 11:40:49 - [MESSAGE][INFO] - Starting to call Test Case 'Test Cases/Popup/PopupMesajiIceriyorMu'

2021-11-18 11:40:49 - [TEST_CASE][PASSED] - Test Cases/Popup/PopupMesajiIceriyorMu: Test Cases/Popup/PopupMesajiIceriyorMu

2021-11-18 11:40:49 - [TEST_STEP][PASSED] - waitForElementVisible(findTestObject("Popup/Popup"), 10): Object 'Object Repository/Popup/Popup' is visible

2021-11-18 11:40:49 - [MESSAGE][INFO] - Finding Test Object 'Object Repository/Popup/Popup'

2021-11-18 11:40:49 - [MESSAGE][INFO] - Checking object

2021-11-18 11:40:49 - [MESSAGE][INFO] - Checking timeout

2021-11-18 11:40:49 - [MESSAGE][INFO] - Finding web element from Test Object's properties

2021-11-18 11:40:49 - [MESSAGE][INFO] - Checking timeout

2021-11-18 11:40:49 - [MESSAGE][INFO] - Finding web element with id: 'Object Repository/Popup/Popup' located by 'By.cssSelector: .bootbox-body' in '10' second(s)

2021-11-18 11:40:49 - [MESSAGE][INFO] - Smart Wait Function is triggered

2021-11-18 11:40:49 - [MESSAGE][INFO] - Found 1 web elements with id: 'Object Repository/Popup/Popup' located by 'By.cssSelector: .bootbox-body' in '10' second(s)

2021-11-18 11:40:50 - [MESSAGE][PASSED] - Object 'Object Repository/Popup/Popup' is visible

2021-11-18 11:40:50 - [TEST_STEP][PASSED] - if (!(getText(findTestObject("Popup/Popup")).contains(Mesaj))): Text of object 'Object Repository/Popup/Popup' is: '17382 no’lu talebiniz işleme alınmıştır. Raporunuz hazırlandığında (elogotest@gmail.com;ali.kara@logo.com.tr) adresinize mail gönderilecektir.
Rapor durumunuzu Raporlar > Toplu Veri İndirme ekranından takip edebilir, hazırlandı durumundaki raporlarınızı ilgili menüden indirebilirsiniz.'

2021-11-18 11:40:50 - [MESSAGE][INFO] - Finding Test Object 'Object Repository/Popup/Popup'

2021-11-18 11:40:50 - [MESSAGE][INFO] - Checking object

2021-11-18 11:40:50 - [MESSAGE][INFO] - Finding web element from Test Object's properties

2021-11-18 11:40:50 - [MESSAGE][INFO] - Checking timeout

2021-11-18 11:40:50 - [MESSAGE][INFO] - Finding web element with id: 'Object Repository/Popup/Popup' located by 'By.cssSelector: .bootbox-body' in '30' second(s)

2021-11-18 11:40:50 - [MESSAGE][INFO] - Smart Wait Function is triggered

2021-11-18 11:40:50 - [MESSAGE][INFO] - Found 1 web elements with id: 'Object Repository/Popup/Popup' located by 'By.cssSelector: .bootbox-body' in '30' second(s)

2021-11-18 11:40:50 - [MESSAGE][INFO] - Getting text of object 'Object Repository/Popup/Popup'

2021-11-18 11:40:50 - [MESSAGE][PASSED] - Text of object 'Object Repository/Popup/Popup' is: '17382 no’lu talebiniz işleme alınmıştır. Raporunuz hazırlandığında (elogotest@gmail.com;ali.kara@logo.com.tr) adresinize mail gönderilecektir.
Rapor durumunuzu Raporlar > Toplu Veri İndirme ekranından takip edebilir, hazırlandı durumundaki raporlarınızı ilgili menüden indirebilirsiniz.'

2021-11-18 11:40:50 - [TEST_STEP][PASSED] - RaporNo = getText(findTestObject("Popup/Popup")).substring(0, 6): Text of object 'Object Repository/Popup/Popup' is: '17382 no’lu talebiniz işleme alınmıştır. Raporunuz hazırlandığında (elogotest@gmail.com;ali.kara@logo.com.tr) adresinize mail gönderilecektir.
Rapor durumunuzu Raporlar > Toplu Veri İndirme ekranından takip edebilir, hazırlandı durumundaki raporlarınızı ilgili menüden indirebilirsiniz.'

2021-11-18 11:40:50 - [MESSAGE][INFO] - Finding Test Object 'Object Repository/Popup/Popup'

2021-11-18 11:40:50 - [MESSAGE][INFO] - Checking object

2021-11-18 11:40:50 - [MESSAGE][INFO] - Finding web element from Test Object's properties

2021-11-18 11:40:50 - [MESSAGE][INFO] - Checking timeout

2021-11-18 11:40:50 - [MESSAGE][INFO] - Finding web element with id: 'Object Repository/Popup/Popup' located by 'By.cssSelector: .bootbox-body' in '30' second(s)

2021-11-18 11:40:50 - [MESSAGE][INFO] - Smart Wait Function is triggered

2021-11-18 11:40:50 - [MESSAGE][INFO] - Found 1 web elements with id: 'Object Repository/Popup/Popup' located by 'By.cssSelector: .bootbox-body' in '30' second(s)

2021-11-18 11:40:50 - [MESSAGE][INFO] - Getting text of object 'Object Repository/Popup/Popup'

2021-11-18 11:40:50 - [MESSAGE][PASSED] - Text of object 'Object Repository/Popup/Popup' is: '17382 no’lu talebiniz işleme alınmıştır. Raporunuz hazırlandığında (elogotest@gmail.com;ali.kara@logo.com.tr) adresinize mail gönderilecektir.
Rapor durumunuzu Raporlar > Toplu Veri İndirme ekranından takip edebilir, hazırlandı durumundaki raporlarınızı ilgili menüden indirebilirsiniz.'

2021-11-18 11:40:50 - [TEST_STEP][PASSED] - Console.println(RaporNo): null

2021-11-18 11:40:50 - [MESSAGE][PASSED] - Call Test Case 'Test Cases/Popup/PopupMesajiIceriyorMu' successfully

2021-11-18 11:40:50 - [MESSAGE][INFO] - Checking called Test Case

2021-11-18 11:40:50 - [MESSAGE][INFO] - Starting to call Test Case 'Test Cases/Popup/PopupButonSecilir'

2021-11-18 11:40:50 - [TEST_CASE][PASSED] - Test Cases/Popup/PopupButonSecilir: Test Cases/Popup/PopupButonSecilir

2021-11-18 11:40:50 - [TEST_STEP][PASSED] - Method.TextDegerineEsitElementeTikla(findTestObject("Popup/Popup_Butons"), Buton): Method.TextDegerineEsitElementeTikla is PASSED

2021-11-18 11:40:50 - [MESSAGE][INFO] - Finding Test Object 'Object Repository/Popup/Popup_Butons'

2021-11-18 11:40:51 - [MESSAGE][INFO] - Checking timeout

2021-11-18 11:40:51 - [MESSAGE][INFO] - Finding web element with id: 'Object Repository/Popup/Popup_Butons' located by 'By.cssSelector: .modal-footer>button' in '10' second(s)

2021-11-18 11:40:51 - [MESSAGE][INFO] - Smart Wait Function is triggered

2021-11-18 11:40:51 - [MESSAGE][INFO] - Found 1 web elements with id: 'Object Repository/Popup/Popup_Butons' located by 'By.cssSelector: .modal-footer>button' in '10' second(s)

2021-11-18 11:40:51 - [MESSAGE][PASSED] - Method.TextDegerineEsitElementeTikla is PASSED

2021-11-18 11:40:51 - [MESSAGE][PASSED] - Call Test Case 'Test Cases/Popup/PopupButonSecilir' successfully

2021-11-18 11:40:51 - [MESSAGE][INFO] - Checking called Test Case

2021-11-18 11:40:51 - [MESSAGE][INFO] - Starting to call Test Case 'Test Cases/Butonlar/ButonaTikla'

2021-11-18 11:40:51 - [TEST_CASE][PASSED] - Test Cases/Butonlar/ButonaTikla: Test Cases/Butonlar/ButonaTikla

2021-11-18 11:40:51 - [TEST_STEP][PASSED] - Method.TextDegerineEsitElementeTiklaEquals(findTestObject("Butonlar/Butonlar"), Buton_Adi): Method.TextDegerineEsitElementeTiklaEquals is PASSED

2021-11-18 11:40:51 - [MESSAGE][INFO] - Finding Test Object 'Object Repository/Butonlar/Butonlar'

2021-11-18 11:40:51 - [MESSAGE][INFO] - Checking timeout

2021-11-18 11:40:51 - [MESSAGE][INFO] - Finding web element with id: 'Object Repository/Butonlar/Butonlar' located by 'By.cssSelector: .panel.panel-default.text-center.footerPanel .btn,.btn.btn-primary.btnControls' in '10' second(s)

2021-11-18 11:40:51 - [MESSAGE][INFO] - Smart Wait Function is triggered

2021-11-18 11:40:52 - [MESSAGE][INFO] - Found 6 web elements with id: 'Object Repository/Butonlar/Butonlar' located by 'By.cssSelector: .panel.panel-default.text-center.footerPanel .btn,.btn.btn-primary.btnControls' in '10' second(s)

2021-11-18 11:40:52 - [MESSAGE][PASSED] - Method.TextDegerineEsitElementeTiklaEquals is PASSED

2021-11-18 11:40:52 - [MESSAGE][PASSED] - Call Test Case 'Test Cases/Butonlar/ButonaTikla' successfully

2021-11-18 11:40:52 - [MESSAGE][INFO] - Checking called Test Case

2021-11-18 11:40:52 - [MESSAGE][INFO] - Starting to call Test Case 'Test Cases/Butonlar/AltButonaTikla'

2021-11-18 11:40:52 - [TEST_CASE][PASSED] - Test Cases/Butonlar/AltButonaTikla: Test Cases/Butonlar/AltButonaTikla

2021-11-18 11:40:52 - [TEST_STEP][PASSED] - Method.TextDegerineEsitElementeTikla(findTestObject("Butonlar/AltButonlar"), Alt_Buton): Method.TextDegerineEsitElementeTikla is PASSED

2021-11-18 11:40:52 - [MESSAGE][INFO] - Finding Test Object 'Object Repository/Butonlar/AltButonlar'

2021-11-18 11:40:52 - [MESSAGE][INFO] - Checking timeout

2021-11-18 11:40:52 - [MESSAGE][INFO] - Finding web element with id: 'Object Repository/Butonlar/AltButonlar' located by 'By.cssSelector: .btn-group.open li>a' in '10' second(s)

2021-11-18 11:40:52 - [MESSAGE][INFO] - Smart Wait Function is triggered

2021-11-18 11:40:52 - [MESSAGE][INFO] - Found 2 web elements with id: 'Object Repository/Butonlar/AltButonlar' located by 'By.cssSelector: .btn-group.open li>a' in '10' second(s)

2021-11-18 11:40:52 - [MESSAGE][PASSED] - Method.TextDegerineEsitElementeTikla is PASSED

2021-11-18 11:40:52 - [MESSAGE][PASSED] - Call Test Case 'Test Cases/Butonlar/AltButonaTikla' successfully

2021-11-18 11:40:52 - [MESSAGE][INFO] - Checking called Test Case

2021-11-18 11:40:52 - [MESSAGE][INFO] - Starting to call Test Case 'Test Cases/Popup/PopupMesajiIceriyorMu'

2021-11-18 11:40:52 - [TEST_CASE][PASSED] - Test Cases/Popup/PopupMesajiIceriyorMu: Test Cases/Popup/PopupMesajiIceriyorMu

2021-11-18 11:40:52 - [TEST_STEP][PASSED] - waitForElementVisible(findTestObject("Popup/Popup"), 10): Object 'Object Repository/Popup/Popup' is visible

2021-11-18 11:40:52 - [MESSAGE][INFO] - Finding Test Object 'Object Repository/Popup/Popup'

2021-11-18 11:40:52 - [MESSAGE][INFO] - Checking object

2021-11-18 11:40:52 - [MESSAGE][INFO] - Checking timeout

2021-11-18 11:40:52 - [MESSAGE][INFO] - Finding web element from Test Object's properties

2021-11-18 11:40:52 - [MESSAGE][INFO] - Checking timeout

2021-11-18 11:40:52 - [MESSAGE][INFO] - Finding web element with id: 'Object Repository/Popup/Popup' located by 'By.cssSelector: .bootbox-body' in '10' second(s)

2021-11-18 11:40:52 - [MESSAGE][INFO] - Smart Wait Function is triggered

2021-11-18 11:40:53 - [MESSAGE][INFO] - Found 1 web elements with id: 'Object Repository/Popup/Popup' located by 'By.cssSelector: .bootbox-body' in '10' second(s)

2021-11-18 11:40:53 - [MESSAGE][PASSED] - Object 'Object Repository/Popup/Popup' is visible

2021-11-18 11:40:53 - [TEST_STEP][PASSED] - if (!(getText(findTestObject("Popup/Popup")).contains(Mesaj))): Text of object 'Object Repository/Popup/Popup' is: 'Lütfen rapor bildiriminin gönderileceği e-posta adresini belirtiniz.
e-Posta Adresi'

2021-11-18 11:40:53 - [MESSAGE][INFO] - Finding Test Object 'Object Repository/Popup/Popup'

2021-11-18 11:40:53 - [MESSAGE][INFO] - Checking object

2021-11-18 11:40:53 - [MESSAGE][INFO] - Finding web element from Test Object's properties

2021-11-18 11:40:53 - [MESSAGE][INFO] - Checking timeout

2021-11-18 11:40:53 - [MESSAGE][INFO] - Finding web element with id: 'Object Repository/Popup/Popup' located by 'By.cssSelector: .bootbox-body' in '30' second(s)

2021-11-18 11:40:53 - [MESSAGE][INFO] - Smart Wait Function is triggered

2021-11-18 11:40:53 - [MESSAGE][INFO] - Found 1 web elements with id: 'Object Repository/Popup/Popup' located by 'By.cssSelector: .bootbox-body' in '30' second(s)

2021-11-18 11:40:53 - [MESSAGE][INFO] - Getting text of object 'Object Repository/Popup/Popup'

2021-11-18 11:40:53 - [MESSAGE][PASSED] - Text of object 'Object Repository/Popup/Popup' is: 'Lütfen rapor bildiriminin gönderileceği e-posta adresini belirtiniz.
e-Posta Adresi'

2021-11-18 11:40:53 - [TEST_STEP][PASSED] - RaporNo = getText(findTestObject("Popup/Popup")).substring(0, 6): Text of object 'Object Repository/Popup/Popup' is: 'Lütfen rapor bildiriminin gönderileceği e-posta adresini belirtiniz.
e-Posta Adresi'

2021-11-18 11:40:53 - [MESSAGE][INFO] - Finding Test Object 'Object Repository/Popup/Popup'

2021-11-18 11:40:53 - [MESSAGE][INFO] - Checking object

2021-11-18 11:40:53 - [MESSAGE][INFO] - Finding web element from Test Object's properties

2021-11-18 11:40:53 - [MESSAGE][INFO] - Checking timeout

2021-11-18 11:40:53 - [MESSAGE][INFO] - Finding web element with id: 'Object Repository/Popup/Popup' located by 'By.cssSelector: .bootbox-body' in '30' second(s)

2021-11-18 11:40:53 - [MESSAGE][INFO] - Smart Wait Function is triggered

2021-11-18 11:40:54 - [MESSAGE][INFO] - Found 1 web elements with id: 'Object Repository/Popup/Popup' located by 'By.cssSelector: .bootbox-body' in '30' second(s)

2021-11-18 11:40:54 - [MESSAGE][INFO] - Getting text of object 'Object Repository/Popup/Popup'

2021-11-18 11:40:54 - [MESSAGE][PASSED] - Text of object 'Object Repository/Popup/Popup' is: 'Lütfen rapor bildiriminin gönderileceği e-posta adresini belirtiniz.
e-Posta Adresi'

2021-11-18 11:40:54 - [TEST_STEP][PASSED] - Console.println(RaporNo): null

2021-11-18 11:40:54 - [MESSAGE][PASSED] - Call Test Case 'Test Cases/Popup/PopupMesajiIceriyorMu' successfully

2021-11-18 11:40:54 - [MESSAGE][INFO] - Checking called Test Case

2021-11-18 11:40:54 - [MESSAGE][INFO] - Starting to call Test Case 'Test Cases/Popup/PopupaEmailEklenir'

2021-11-18 11:40:54 - [TEST_CASE][PASSED] - Test Cases/Popup/PopupaEmailEklenir: Test Cases/Popup/PopupaEmailEklenir

2021-11-18 11:40:54 - [TEST_STEP][PASSED] - clearText(findTestObject("Popup/EmailText")): Text of object 'Object Repository/Popup/EmailText' is cleared

2021-11-18 11:40:54 - [MESSAGE][INFO] - Finding Test Object 'Object Repository/Popup/EmailText'

2021-11-18 11:40:54 - [MESSAGE][INFO] - Checking object

2021-11-18 11:40:54 - [MESSAGE][INFO] - Finding web element from Test Object's properties

2021-11-18 11:40:54 - [MESSAGE][INFO] - Checking timeout

2021-11-18 11:40:54 - [MESSAGE][INFO] - Finding web element with id: 'Object Repository/Popup/EmailText' located by 'By.xpath: //*[@id="eMails"]' in '30' second(s)

2021-11-18 11:40:54 - [MESSAGE][INFO] - Smart Wait Function is triggered

2021-11-18 11:40:54 - [MESSAGE][INFO] - Found 1 web elements with id: 'Object Repository/Popup/EmailText' located by 'By.xpath: //*[@id="eMails"]' in '30' second(s)

2021-11-18 11:40:54 - [MESSAGE][INFO] - Clearing text of object 'Object Repository/Popup/EmailText'

2021-11-18 11:40:54 - [MESSAGE][PASSED] - Text of object 'Object Repository/Popup/EmailText' is cleared

2021-11-18 11:40:54 - [TEST_STEP][PASSED] - sendKeys(findTestObject("Popup/EmailText"), Email): Keys 'elogotest@gmail.com;ali.kara@logo.com.tr' sent to object: 'Object Repository/Popup/EmailText'

2021-11-18 11:40:54 - [MESSAGE][INFO] - Finding Test Object 'Object Repository/Popup/EmailText'

2021-11-18 11:40:54 - [MESSAGE][INFO] - Sending keys 'elogotest@gmail.com;ali.kara@logo.com.tr' to object: 'Object Repository/Popup/EmailText'

2021-11-18 11:40:54 - [MESSAGE][INFO] - Finding web element from Test Object's properties

2021-11-18 11:40:54 - [MESSAGE][INFO] - Checking timeout

2021-11-18 11:40:54 - [MESSAGE][INFO] - Finding web element with id: 'Object Repository/Popup/EmailText' located by 'By.xpath: //*[@id="eMails"]' in '30' second(s)

2021-11-18 11:40:54 - [MESSAGE][INFO] - Smart Wait Function is triggered

2021-11-18 11:40:54 - [MESSAGE][INFO] - Found 1 web elements with id: 'Object Repository/Popup/EmailText' located by 'By.xpath: //*[@id="eMails"]' in '30' second(s)

2021-11-18 11:40:54 - [MESSAGE][PASSED] - Keys 'elogotest@gmail.com;ali.kara@logo.com.tr' sent to object: 'Object Repository/Popup/EmailText'

2021-11-18 11:40:54 - [MESSAGE][PASSED] - Call Test Case 'Test Cases/Popup/PopupaEmailEklenir' successfully

2021-11-18 11:40:54 - [MESSAGE][INFO] - Checking called Test Case

2021-11-18 11:40:54 - [MESSAGE][INFO] - Starting to call Test Case 'Test Cases/Popup/PopupButonSecilir'

2021-11-18 11:40:55 - [TEST_CASE][PASSED] - Test Cases/Popup/PopupButonSecilir: Test Cases/Popup/PopupButonSecilir

2021-11-18 11:40:55 - [TEST_STEP][PASSED] - Method.TextDegerineEsitElementeTikla(findTestObject("Popup/Popup_Butons"), Buton): Method.TextDegerineEsitElementeTikla is PASSED

2021-11-18 11:40:55 - [MESSAGE][INFO] - Finding Test Object 'Object Repository/Popup/Popup_Butons'

2021-11-18 11:40:55 - [MESSAGE][INFO] - Checking timeout

2021-11-18 11:40:55 - [MESSAGE][INFO] - Finding web element with id: 'Object Repository/Popup/Popup_Butons' located by 'By.cssSelector: .modal-footer>button' in '10' second(s)

2021-11-18 11:40:55 - [MESSAGE][INFO] - Smart Wait Function is triggered

2021-11-18 11:40:55 - [MESSAGE][INFO] - Found 2 web elements with id: 'Object Repository/Popup/Popup_Butons' located by 'By.cssSelector: .modal-footer>button' in '10' second(s)

2021-11-18 11:40:55 - [MESSAGE][PASSED] - Method.TextDegerineEsitElementeTikla is PASSED

2021-11-18 11:40:55 - [MESSAGE][PASSED] - Call Test Case 'Test Cases/Popup/PopupButonSecilir' successfully

2021-11-18 11:40:55 - [MESSAGE][INFO] - Checking called Test Case

2021-11-18 11:40:55 - [MESSAGE][INFO] - Starting to call Test Case 'Test Cases/Popup/PopupMesajiIceriyorMu'

2021-11-18 11:40:55 - [TEST_CASE][PASSED] - Test Cases/Popup/PopupMesajiIceriyorMu: Test Cases/Popup/PopupMesajiIceriyorMu

2021-11-18 11:40:55 - [TEST_STEP][PASSED] - waitForElementVisible(findTestObject("Popup/Popup"), 10): Object 'Object Repository/Popup/Popup' is visible

2021-11-18 11:40:55 - [MESSAGE][INFO] - Finding Test Object 'Object Repository/Popup/Popup'

2021-11-18 11:40:55 - [MESSAGE][INFO] - Checking object

2021-11-18 11:40:55 - [MESSAGE][INFO] - Checking timeout

2021-11-18 11:40:55 - [MESSAGE][INFO] - Finding web element from Test Object's properties

2021-11-18 11:40:55 - [MESSAGE][INFO] - Checking timeout

2021-11-18 11:40:55 - [MESSAGE][INFO] - Finding web element with id: 'Object Repository/Popup/Popup' located by 'By.cssSelector: .bootbox-body' in '10' second(s)

2021-11-18 11:40:55 - [MESSAGE][INFO] - Smart Wait Function is triggered

2021-11-18 11:40:56 - [MESSAGE][INFO] - Found 1 web elements with id: 'Object Repository/Popup/Popup' located by 'By.cssSelector: .bootbox-body' in '10' second(s)

2021-11-18 11:40:56 - [MESSAGE][PASSED] - Object 'Object Repository/Popup/Popup' is visible

2021-11-18 11:40:56 - [TEST_STEP][PASSED] - if (!(getText(findTestObject("Popup/Popup")).contains(Mesaj))): Text of object 'Object Repository/Popup/Popup' is: '17383 no’lu talebiniz işleme alınmıştır. Raporunuz hazırlandığında (elogotest@gmail.com;ali.kara@logo.com.tr) adresinize mail gönderilecektir.
Rapor durumunuzu Raporlar > Toplu Veri İndirme ekranından takip edebilir, hazırlandı durumundaki raporlarınızı ilgili menüden indirebilirsiniz.'

2021-11-18 11:40:56 - [MESSAGE][INFO] - Finding Test Object 'Object Repository/Popup/Popup'

2021-11-18 11:40:56 - [MESSAGE][INFO] - Checking object

2021-11-18 11:40:56 - [MESSAGE][INFO] - Finding web element from Test Object's properties

2021-11-18 11:40:56 - [MESSAGE][INFO] - Checking timeout

2021-11-18 11:40:56 - [MESSAGE][INFO] - Finding web element with id: 'Object Repository/Popup/Popup' located by 'By.cssSelector: .bootbox-body' in '30' second(s)

2021-11-18 11:40:56 - [MESSAGE][INFO] - Smart Wait Function is triggered

2021-11-18 11:40:56 - [MESSAGE][INFO] - Found 1 web elements with id: 'Object Repository/Popup/Popup' located by 'By.cssSelector: .bootbox-body' in '30' second(s)

2021-11-18 11:40:56 - [MESSAGE][INFO] - Getting text of object 'Object Repository/Popup/Popup'

2021-11-18 11:40:56 - [MESSAGE][PASSED] - Text of object 'Object Repository/Popup/Popup' is: '17383 no’lu talebiniz işleme alınmıştır. Raporunuz hazırlandığında (elogotest@gmail.com;ali.kara@logo.com.tr) adresinize mail gönderilecektir.
Rapor durumunuzu Raporlar > Toplu Veri İndirme ekranından takip edebilir, hazırlandı durumundaki raporlarınızı ilgili menüden indirebilirsiniz.'

2021-11-18 11:40:56 - [TEST_STEP][PASSED] - RaporNo = getText(findTestObject("Popup/Popup")).substring(0, 6): Text of object 'Object Repository/Popup/Popup' is: '17383 no’lu talebiniz işleme alınmıştır. Raporunuz hazırlandığında (elogotest@gmail.com;ali.kara@logo.com.tr) adresinize mail gönderilecektir.
Rapor durumunuzu Raporlar > Toplu Veri İndirme ekranından takip edebilir, hazırlandı durumundaki raporlarınızı ilgili menüden indirebilirsiniz.'

2021-11-18 11:40:56 - [MESSAGE][INFO] - Finding Test Object 'Object Repository/Popup/Popup'

2021-11-18 11:40:56 - [MESSAGE][INFO] - Checking object

2021-11-18 11:40:56 - [MESSAGE][INFO] - Finding web element from Test Object's properties

2021-11-18 11:40:56 - [MESSAGE][INFO] - Checking timeout

2021-11-18 11:40:56 - [MESSAGE][INFO] - Finding web element with id: 'Object Repository/Popup/Popup' located by 'By.cssSelector: .bootbox-body' in '30' second(s)

2021-11-18 11:40:56 - [MESSAGE][INFO] - Smart Wait Function is triggered

2021-11-18 11:40:57 - [MESSAGE][INFO] - Found 1 web elements with id: 'Object Repository/Popup/Popup' located by 'By.cssSelector: .bootbox-body' in '30' second(s)

2021-11-18 11:40:57 - [MESSAGE][INFO] - Getting text of object 'Object Repository/Popup/Popup'

2021-11-18 11:40:57 - [MESSAGE][PASSED] - Text of object 'Object Repository/Popup/Popup' is: '17383 no’lu talebiniz işleme alınmıştır. Raporunuz hazırlandığında (elogotest@gmail.com;ali.kara@logo.com.tr) adresinize mail gönderilecektir.
Rapor durumunuzu Raporlar > Toplu Veri İndirme ekranından takip edebilir, hazırlandı durumundaki raporlarınızı ilgili menüden indirebilirsiniz.'

2021-11-18 11:40:57 - [TEST_STEP][PASSED] - Console.println(RaporNo): null

2021-11-18 11:40:57 - [MESSAGE][PASSED] - Call Test Case 'Test Cases/Popup/PopupMesajiIceriyorMu' successfully

2021-11-18 11:40:57 - [MESSAGE][INFO] - Checking called Test Case

2021-11-18 11:40:57 - [MESSAGE][INFO] - Starting to call Test Case 'Test Cases/Popup/PopupButonSecilir'

2021-11-18 11:40:57 - [TEST_CASE][PASSED] - Test Cases/Popup/PopupButonSecilir: Test Cases/Popup/PopupButonSecilir

2021-11-18 11:40:57 - [TEST_STEP][PASSED] - Method.TextDegerineEsitElementeTikla(findTestObject("Popup/Popup_Butons"), Buton): Method.TextDegerineEsitElementeTikla is PASSED

2021-11-18 11:40:57 - [MESSAGE][INFO] - Finding Test Object 'Object Repository/Popup/Popup_Butons'

2021-11-18 11:40:57 - [MESSAGE][INFO] - Checking timeout

2021-11-18 11:40:57 - [MESSAGE][INFO] - Finding web element with id: 'Object Repository/Popup/Popup_Butons' located by 'By.cssSelector: .modal-footer>button' in '10' second(s)

2021-11-18 11:40:57 - [MESSAGE][INFO] - Smart Wait Function is triggered

2021-11-18 11:40:57 - [MESSAGE][INFO] - Found 1 web elements with id: 'Object Repository/Popup/Popup_Butons' located by 'By.cssSelector: .modal-footer>button' in '10' second(s)

2021-11-18 11:40:57 - [MESSAGE][PASSED] - Method.TextDegerineEsitElementeTikla is PASSED

2021-11-18 11:40:57 - [MESSAGE][PASSED] - Call Test Case 'Test Cases/Popup/PopupButonSecilir' successfully

2021-11-18 11:40:57 - [MESSAGE][INFO] - Checking called Test Case

2021-11-18 11:40:57 - [MESSAGE][INFO] - Starting to call Test Case 'Test Cases/Menu/AnaMenuSecimi'

2021-11-18 11:40:57 - [TEST_CASE][PASSED] - Test Cases/Menu/AnaMenuSecimi: Test Cases/Menu/AnaMenuSecimi

2021-11-18 11:40:57 - [TEST_STEP][PASSED] - Method.TextDegerineEsitElementeTikla(findTestObject("Menu/Ana_Menu"), Ana_Menu): Method.TextDegerineEsitElementeTikla is PASSED

2021-11-18 11:40:57 - [MESSAGE][INFO] - Finding Test Object 'Object Repository/Menu/Ana_Menu'

2021-11-18 11:40:57 - [MESSAGE][INFO] - Checking timeout

2021-11-18 11:40:57 - [MESSAGE][INFO] - Finding web element with id: 'Object Repository/Menu/Ana_Menu' located by 'By.xpath: //*[@class = 'dropdown-toggle']' in '10' second(s)

2021-11-18 11:40:57 - [MESSAGE][INFO] - Smart Wait Function is triggered

2021-11-18 11:40:58 - [MESSAGE][INFO] - Found 14 web elements with id: 'Object Repository/Menu/Ana_Menu' located by 'By.xpath: //*[@class = 'dropdown-toggle']' in '10' second(s)

2021-11-18 11:40:58 - [MESSAGE][PASSED] - Method.TextDegerineEsitElementeTikla is PASSED

2021-11-18 11:40:58 - [MESSAGE][PASSED] - Call Test Case 'Test Cases/Menu/AnaMenuSecimi' successfully

2021-11-18 11:40:58 - [MESSAGE][INFO] - Checking called Test Case

2021-11-18 11:40:58 - [MESSAGE][INFO] - Starting to call Test Case 'Test Cases/Menu/AltMenuSecimi'

2021-11-18 11:40:58 - [TEST_CASE][PASSED] - Test Cases/Menu/AltMenuSecimi: Test Cases/Menu/AltMenuSecimi

2021-11-18 11:40:58 - [TEST_STEP][PASSED] - Method.TextDegerineEsitElementeTikla(findTestObject("Menu/Alt_Menu"), Alt_Menu): Method.TextDegerineEsitElementeTikla is PASSED

2021-11-18 11:40:58 - [MESSAGE][INFO] - Finding Test Object 'Object Repository/Menu/Alt_Menu'

2021-11-18 11:40:58 - [MESSAGE][INFO] - Checking timeout

2021-11-18 11:40:58 - [MESSAGE][INFO] - Finding web element with id: 'Object Repository/Menu/Alt_Menu' located by 'By.xpath: //li[@class='dropdown dropdown-large open']//li[@class='dropdown-element']' in '10' second(s)

2021-11-18 11:40:58 - [MESSAGE][INFO] - Smart Wait Function is triggered

2021-11-18 11:40:59 - [MESSAGE][INFO] - Found 9 web elements with id: 'Object Repository/Menu/Alt_Menu' located by 'By.xpath: //li[@class='dropdown dropdown-large open']//li[@class='dropdown-element']' in '10' second(s)

2021-11-18 11:41:00 - [MESSAGE][PASSED] - Method.TextDegerineEsitElementeTikla is PASSED

2021-11-18 11:41:00 - [MESSAGE][PASSED] - Call Test Case 'Test Cases/Menu/AltMenuSecimi' successfully

2021-11-18 11:41:00 - [MESSAGE][INFO] - Checking called Test Case

2021-11-18 11:41:00 - [MESSAGE][INFO] - Starting to call Test Case 'Test Cases/Filtreler/RaporNoYaz'

2021-11-18 11:41:00 - [TEST_CASE][PASSED] - Test Cases/Filtreler/RaporNoYaz: Test Cases/Filtreler/RaporNoYaz

2021-11-18 11:41:00 - [TEST_STEP][PASSED] - Method.TextDegerineEsitElementinAltindakiTextboxtaYaz(findTestObject("Filtreler/Basliklar"), findTestObject("Filtreler/Basliga_Gore_Textbox"), "Talep No", RaporNo): Method.TextDegerineEsitElementinAltindakiTextboxtaYaz is PASSED

2021-11-18 11:41:00 - [MESSAGE][INFO] - Finding Test Object 'Object Repository/Filtreler/Basliklar'

2021-11-18 11:41:00 - [MESSAGE][INFO] - Finding Test Object 'Object Repository/Filtreler/Basliga_Gore_Textbox'

2021-11-18 11:41:00 - [MESSAGE][INFO] - Checking timeout

2021-11-18 11:41:00 - [MESSAGE][INFO] - Finding web element with id: 'Object Repository/Filtreler/Basliklar' located by 'By.cssSelector: .control-label.col-sm-4.paddingMarginRLC' in '10' second(s)

2021-11-18 11:41:00 - [MESSAGE][INFO] - Smart Wait Function is triggered

2021-11-18 11:41:00 - [MESSAGE][INFO] - Found 8 web elements with id: 'Object Repository/Filtreler/Basliklar' located by 'By.cssSelector: .control-label.col-sm-4.paddingMarginRLC' in '10' second(s)

2021-11-18 11:41:00 - [MESSAGE][INFO] - Smart Wait Function is triggered

2021-11-18 11:41:00 - [MESSAGE][PASSED] - Method.TextDegerineEsitElementinAltindakiTextboxtaYaz is PASSED

2021-11-18 11:41:00 - [MESSAGE][PASSED] - Call Test Case 'Test Cases/Filtreler/RaporNoYaz' successfully

2021-11-18 11:41:00 - [MESSAGE][INFO] - Checking called Test Case

2021-11-18 11:41:00 - [MESSAGE][INFO] - Starting to call Test Case 'Test Cases/Filtreler/ButonaTikla'

2021-11-18 11:41:01 - [TEST_CASE][PASSED] - Test Cases/Filtreler/ButonaTikla: Test Cases/Filtreler/ButonaTikla

2021-11-18 11:41:01 - [TEST_STEP][PASSED] - Method.TextDegerineEsitElementeTikla(findTestObject("Filtreler/Butonlar"), Filtre_Buton): Method.TextDegerineEsitElementeTikla is PASSED

2021-11-18 11:41:01 - [MESSAGE][INFO] - Finding Test Object 'Object Repository/Filtreler/Butonlar'

2021-11-18 11:41:01 - [MESSAGE][INFO] - Checking timeout

2021-11-18 11:41:01 - [MESSAGE][INFO] - Finding web element with id: 'Object Repository/Filtreler/Butonlar' located by 'By.cssSelector: .dxb>span' in '10' second(s)

2021-11-18 11:41:01 - [MESSAGE][INFO] - Smart Wait Function is triggered

2021-11-18 11:41:01 - [MESSAGE][INFO] - Found 2 web elements with id: 'Object Repository/Filtreler/Butonlar' located by 'By.cssSelector: .dxb>span' in '10' second(s)

2021-11-18 11:41:01 - [MESSAGE][PASSED] - Method.TextDegerineEsitElementeTikla is PASSED

2021-11-18 11:41:01 - [MESSAGE][PASSED] - Call Test Case 'Test Cases/Filtreler/ButonaTikla' successfully

2021-11-18 11:41:01 - [MESSAGE][INFO] - Checking called Test Case

2021-11-18 11:41:01 - [MESSAGE][INFO] - Starting to call Test Case 'Test Cases/Tablo/TablodaVeriVarMi'

2021-11-18 11:41:01 - [TEST_CASE][PASSED] - Test Cases/Tablo/TablodaVeriVarMi: Test Cases/Tablo/TablodaVeriVarMi

2021-11-18 11:41:01 - [TEST_STEP][PASSED] - verifyTextNotPresent("Görüntülenecek veri yok", true): Text 'Görüntülenecek veri yok' is not present on page using regular expression

2021-11-18 11:41:01 - [MESSAGE][INFO] - Checking text present  using regular expression

2021-11-18 11:41:01 - [MESSAGE][INFO] - Smart Wait Function is triggered

2021-11-18 11:41:02 - [MESSAGE][INFO] - Finding text 'Görüntülenecek veri yok' on page  using regular expression

2021-11-18 11:41:02 - [MESSAGE][PASSED] - Text 'Görüntülenecek veri yok' is not present on page using regular expression

2021-11-18 11:41:02 - [MESSAGE][PASSED] - Call Test Case 'Test Cases/Tablo/TablodaVeriVarMi' successfully

2021-11-18 11:41:02 - [MESSAGE][INFO] - Checking called Test Case

2021-11-18 11:41:02 - [MESSAGE][INFO] - Starting to call Test Case 'Test Cases/Kullanici_Islemleri/KullaniciIslemlerindenSecimYapilir'

2021-11-18 11:41:02 - [TEST_CASE][PASSED] - Test Cases/Kullanici_Islemleri/KullaniciIslemlerindenSecimYapilir: Test Cases/Kullanici_Islemleri/KullaniciIslemlerindenSecimYapilir

2021-11-18 11:41:02 - [TEST_STEP][PASSED] - waitForElementClickable(findTestObject("Object Repository/Kullanici_Islemleri/KullaniciIslemleri"), 10): Object 'Object Repository/Kullanici_Islemleri/KullaniciIslemleri' is clickable

2021-11-18 11:41:02 - [MESSAGE][INFO] - Finding Test Object 'Object Repository/Kullanici_Islemleri/KullaniciIslemleri'

2021-11-18 11:41:02 - [MESSAGE][INFO] - Checking object

2021-11-18 11:41:02 - [MESSAGE][INFO] - Checking timeout

2021-11-18 11:41:02 - [MESSAGE][INFO] - Finding web element from Test Object's properties

2021-11-18 11:41:02 - [MESSAGE][INFO] - Checking timeout

2021-11-18 11:41:02 - [MESSAGE][INFO] - Finding web element with id: 'Object Repository/Kullanici_Islemleri/KullaniciIslemleri' located by 'By.cssSelector: .dropdown>a>img' in '10' second(s)

2021-11-18 11:41:02 - [MESSAGE][INFO] - Smart Wait Function is triggered

2021-11-18 11:41:02 - [MESSAGE][INFO] - Found 1 web elements with id: 'Object Repository/Kullanici_Islemleri/KullaniciIslemleri' located by 'By.cssSelector: .dropdown>a>img' in '10' second(s)

2021-11-18 11:41:02 - [MESSAGE][PASSED] - Object 'Object Repository/Kullanici_Islemleri/KullaniciIslemleri' is clickable

2021-11-18 11:41:02 - [TEST_STEP][PASSED] - click(findTestObject("Object Repository/Kullanici_Islemleri/KullaniciIslemleri")): Object: 'Object Repository/Kullanici_Islemleri/KullaniciIslemleri' is clicked on

2021-11-18 11:41:02 - [MESSAGE][INFO] - Finding Test Object 'Object Repository/Kullanici_Islemleri/KullaniciIslemleri'

2021-11-18 11:41:02 - [MESSAGE][INFO] - Checking object

2021-11-18 11:41:02 - [MESSAGE][INFO] - Finding web element from Test Object's properties

2021-11-18 11:41:02 - [MESSAGE][INFO] - Checking timeout

2021-11-18 11:41:02 - [MESSAGE][INFO] - Finding web element with id: 'Object Repository/Kullanici_Islemleri/KullaniciIslemleri' located by 'By.cssSelector: .dropdown>a>img' in '30' second(s)

2021-11-18 11:41:02 - [MESSAGE][INFO] - Smart Wait Function is triggered

2021-11-18 11:41:02 - [MESSAGE][INFO] - Found 1 web elements with id: 'Object Repository/Kullanici_Islemleri/KullaniciIslemleri' located by 'By.cssSelector: .dropdown>a>img' in '30' second(s)

2021-11-18 11:41:02 - [MESSAGE][INFO] - Clicking on object: 'Object Repository/Kullanici_Islemleri/KullaniciIslemleri'

2021-11-18 11:41:02 - [MESSAGE][PASSED] - Object: 'Object Repository/Kullanici_Islemleri/KullaniciIslemleri' is clicked on

2021-11-18 11:41:02 - [TEST_STEP][PASSED] - Method.TextDegerineEsitElementeTikla(findTestObject("Object Repository/Kullanici_Islemleri/Secenekler"), Islem): Method.TextDegerineEsitElementeTikla is PASSED

2021-11-18 11:41:02 - [MESSAGE][INFO] - Finding Test Object 'Object Repository/Kullanici_Islemleri/Secenekler'

2021-11-18 11:41:03 - [MESSAGE][INFO] - Checking timeout

2021-11-18 11:41:03 - [MESSAGE][INFO] - Finding web element with id: 'Object Repository/Kullanici_Islemleri/Secenekler' located by 'By.cssSelector: .nav.navbar-nav.navbar-right li a' in '10' second(s)

2021-11-18 11:41:03 - [MESSAGE][INFO] - Smart Wait Function is triggered

2021-11-18 11:41:03 - [MESSAGE][INFO] - Found 22 web elements with id: 'Object Repository/Kullanici_Islemleri/Secenekler' located by 'By.cssSelector: .nav.navbar-nav.navbar-right li a' in '10' second(s)

2021-11-18 11:41:04 - [MESSAGE][PASSED] - Method.TextDegerineEsitElementeTikla is PASSED

2021-11-18 11:41:04 - [TEST_STEP][PASSED] - verifyElementNotPresent(findTestObject("Object Repository/Kullanici_Islemleri/Secenekler"), 10): Web element with id: 'Object Repository/Kullanici_Islemleri/Secenekler' located by 'By.cssSelector: .nav.navbar-nav.navbar-right li a' is not present after '10' second(s)

2021-11-18 11:41:04 - [MESSAGE][INFO] - Finding Test Object 'Object Repository/Kullanici_Islemleri/Secenekler'

2021-11-18 11:41:04 - [MESSAGE][INFO] - Checking object

2021-11-18 11:41:04 - [MESSAGE][INFO] - Checking timeout

2021-11-18 11:41:04 - [MESSAGE][INFO] - Finding web element with id: 'Object Repository/Kullanici_Islemleri/Secenekler' located by 'By.cssSelector: .nav.navbar-nav.navbar-right li a' in '10' second(s)

2021-11-18 11:41:04 - [MESSAGE][INFO] - Smart Wait Function is triggered

2021-11-18 11:41:05 - [MESSAGE][PASSED] - Web element with id: 'Object Repository/Kullanici_Islemleri/Secenekler' located by 'By.cssSelector: .nav.navbar-nav.navbar-right li a' is not present after '10' second(s)

2021-11-18 11:41:05 - [MESSAGE][PASSED] - Call Test Case 'Test Cases/Kullanici_Islemleri/KullaniciIslemlerindenSecimYapilir' successfully

2021-11-18 11:41:05 - [TEST_CASE][PASSED] - Start Test Case : SCENARIO Irsaliye Yanitinin excele aktarilmasi: SCENARIO Irsaliye Yanitinin excele aktarilmasi

2021-11-18 11:41:05 - [TEST_STEP][PASSED] - Kullanıcı adı ELOGO6 ve Şifre 123456 olarak giriş yapılır: Kullanıcı adı ELOGO6 ve Şifre 123456 olarak giriş yapılır

2021-11-18 11:41:05 - [MESSAGE][PASSED] - Kullanıcı adı ELOGO6 ve Şifre 123456 olarak giriş yapılır

2021-11-18 11:41:05 - [TEST_STEP][PASSED] - Ana menüden e-İrsaliye seçilir: Ana menüden e-İrsaliye seçilir

2021-11-18 11:41:05 - [MESSAGE][PASSED] - Ana menüden e-İrsaliye seçilir

2021-11-18 11:41:05 - [TEST_STEP][PASSED] - Alt menü Gelen Kutusu başlığı altındaki İrsaliye Yanıtları seçilir: Alt menü Gelen Kutusu başlığı altındaki İrsaliye Yanıtları seçilir

2021-11-18 11:41:05 - [MESSAGE][PASSED] - Alt menü Gelen Kutusu başlığı altındaki İrsaliye Yanıtları seçilir

2021-11-18 11:41:05 - [TEST_STEP][PASSED] - Filtrelerden Oluşturma Tarihi filtresine 01.01.2020 baslangic degerini yaz: Filtrelerden Oluşturma Tarihi filtresine 01.01.2020 baslangic degerini yaz

2021-11-18 11:41:05 - [MESSAGE][PASSED] - Filtrelerden Oluşturma Tarihi filtresine 01.01.2020 baslangic degerini yaz

2021-11-18 11:41:05 - [TEST_STEP][PASSED] - Filtrelerden Oluşturma Tarihi filtresine 31.12.2020 bitis degerini yaz: Filtrelerden Oluşturma Tarihi filtresine 31.12.2020 bitis degerini yaz

2021-11-18 11:41:05 - [MESSAGE][PASSED] - Filtrelerden Oluşturma Tarihi filtresine 31.12.2020 bitis degerini yaz

2021-11-18 11:41:05 - [TEST_STEP][PASSED] - Filtre butonlarından Listele seçilir: Filtre butonlarından Listele seçilir

2021-11-18 11:41:05 - [MESSAGE][PASSED] - Filtre butonlarından Listele seçilir

2021-11-18 11:41:05 - [TEST_STEP][PASSED] - Tabloda veri var mı kontrol edilir: Tabloda veri var mı kontrol edilir

2021-11-18 11:41:05 - [MESSAGE][PASSED] - Tabloda veri var mı kontrol edilir

2021-11-18 11:41:05 - [TEST_STEP][PASSED] - Tablodan ELOGO TEST isimli veri seçilir: Tablodan ELOGO TEST isimli veri seçilir

2021-11-18 11:41:05 - [MESSAGE][PASSED] - Tablodan ELOGO TEST isimli veri seçilir

2021-11-18 11:41:05 - [TEST_STEP][PASSED] - Butonlardan Excel isimli butona tıklanır: Butonlardan Excel isimli butona tıklanır

2021-11-18 11:41:05 - [MESSAGE][PASSED] - Butonlardan Excel isimli butona tıklanır

2021-11-18 11:41:05 - [TEST_STEP][PASSED] - Alt butonlardan Excel'e Aktar butonuna tıklanır: Alt butonlardan Excel'e Aktar butonuna tıklanır

2021-11-18 11:41:05 - [MESSAGE][PASSED] - Alt butonlardan Excel'e Aktar butonuna tıklanır

2021-11-18 11:41:05 - [TEST_STEP][PASSED] - Popup mesajı Lütfen rapor bildiriminin gönderileceği e-posta adresini belirtiniz. içeriyor mu: Popup mesajı Lütfen rapor bildiriminin gönderileceği e-posta adresini belirtiniz. içeriyor mu

2021-11-18 11:41:05 - [MESSAGE][PASSED] - Popup mesajı Lütfen rapor bildiriminin gönderileceği e-posta adresini belirtiniz. içeriyor mu

2021-11-18 11:41:05 - [TEST_STEP][PASSED] - Popup email elogotest@gmail.com;ali.kara@logo.com.tr olarak girilir: Popup email elogotest@gmail.com;ali.kara@logo.com.tr olarak girilir

2021-11-18 11:41:05 - [MESSAGE][PASSED] - Popup email elogotest@gmail.com;ali.kara@logo.com.tr olarak girilir

2021-11-18 11:41:05 - [TEST_STEP][PASSED] - Yönetim popupında Gönder seçilir: Yönetim popupında Gönder seçilir

2021-11-18 11:41:05 - [MESSAGE][PASSED] - Yönetim popupında Gönder seçilir

2021-11-18 11:41:05 - [TEST_STEP][PASSED] - Popup mesajı talebiniz işleme alınmıştır içeriyor mu: Popup mesajı talebiniz işleme alınmıştır içeriyor mu

2021-11-18 11:41:05 - [MESSAGE][PASSED] - Popup mesajı talebiniz işleme alınmıştır içeriyor mu

2021-11-18 11:41:05 - [TEST_STEP][PASSED] - Yönetim popupında Tamam seçilir: Yönetim popupında Tamam seçilir

2021-11-18 11:41:05 - [MESSAGE][PASSED] - Yönetim popupında Tamam seçilir

2021-11-18 11:41:05 - [TEST_STEP][PASSED] - Butonlardan Excel isimli butona tıklanır: Butonlardan Excel isimli butona tıklanır

2021-11-18 11:41:05 - [MESSAGE][PASSED] - Butonlardan Excel isimli butona tıklanır

2021-11-18 11:41:05 - [TEST_STEP][PASSED] - Alt butonlardan Tümünü Excel'e Aktar butonuna tıklanır: Alt butonlardan Tümünü Excel'e Aktar butonuna tıklanır

2021-11-18 11:41:05 - [MESSAGE][PASSED] - Alt butonlardan Tümünü Excel'e Aktar butonuna tıklanır

2021-11-18 11:41:05 - [TEST_STEP][PASSED] - Popup mesajı Lütfen rapor bildiriminin gönderileceği e-posta adresini belirtiniz. içeriyor mu: Popup mesajı Lütfen rapor bildiriminin gönderileceği e-posta adresini belirtiniz. içeriyor mu

2021-11-18 11:41:05 - [MESSAGE][PASSED] - Popup mesajı Lütfen rapor bildiriminin gönderileceği e-posta adresini belirtiniz. içeriyor mu

2021-11-18 11:41:05 - [TEST_STEP][PASSED] - Popup email elogotest@gmail.com;ali.kara@logo.com.tr olarak girilir: Popup email elogotest@gmail.com;ali.kara@logo.com.tr olarak girilir

2021-11-18 11:41:05 - [MESSAGE][PASSED] - Popup email elogotest@gmail.com;ali.kara@logo.com.tr olarak girilir

2021-11-18 11:41:05 - [TEST_STEP][PASSED] - Yönetim popupında Gönder seçilir: Yönetim popupında Gönder seçilir

2021-11-18 11:41:05 - [MESSAGE][PASSED] - Yönetim popupında Gönder seçilir

2021-11-18 11:41:05 - [TEST_STEP][PASSED] - Popup mesajı talebiniz işleme alınmıştır içeriyor mu: Popup mesajı talebiniz işleme alınmıştır içeriyor mu

2021-11-18 11:41:05 - [MESSAGE][PASSED] - Popup mesajı talebiniz işleme alınmıştır içeriyor mu

2021-11-18 11:41:05 - [TEST_STEP][PASSED] - Yönetim popupında Tamam seçilir: Yönetim popupında Tamam seçilir

2021-11-18 11:41:05 - [MESSAGE][PASSED] - Yönetim popupında Tamam seçilir

2021-11-18 11:41:05 - [TEST_STEP][PASSED] - Ana menüden Raporlar seçilir: Ana menüden Raporlar seçilir

2021-11-18 11:41:05 - [MESSAGE][PASSED] - Ana menüden Raporlar seçilir

2021-11-18 11:41:05 - [TEST_STEP][PASSED] - Alt menüden Toplu Veri İndirme seçilir: Alt menüden Toplu Veri İndirme seçilir

2021-11-18 11:41:05 - [MESSAGE][PASSED] - Alt menüden Toplu Veri İndirme seçilir

2021-11-18 11:41:05 - [TEST_STEP][PASSED] - Filtrelerden Talep No filtresine Rapor No bilgisi yaz: Filtrelerden Talep No filtresine Rapor No bilgisi yaz

2021-11-18 11:41:05 - [MESSAGE][PASSED] - Filtrelerden Talep No filtresine Rapor No bilgisi yaz

2021-11-18 11:41:05 - [TEST_STEP][PASSED] - Filtre butonlarından Listele seçilir: Filtre butonlarından Listele seçilir

2021-11-18 11:41:05 - [MESSAGE][PASSED] - Filtre butonlarından Listele seçilir

2021-11-18 11:41:05 - [TEST_STEP][PASSED] - Tabloda veri var mı kontrol edilir: Tabloda veri var mı kontrol edilir

2021-11-18 11:41:05 - [MESSAGE][PASSED] - Tabloda veri var mı kontrol edilir

2021-11-18 11:41:05 - [TEST_STEP][PASSED] - Kullanıcı işlemlerinden Çıkış seçilir: Kullanıcı işlemlerinden Çıkış seçilir

2021-11-18 11:41:05 - [MESSAGE][PASSED] - Kullanıcı işlemlerinden Çıkış seçilir

2021-11-18 11:41:05 - [MESSAGE][PASSED] - Feature file: 'Include/features/e-Irsaliye/Gelen Kutusu/Irsaliye Yanitlari/Excele Aktar.feature' was passed

2021-11-18 11:41:05 - [TEST_STEP][PASSED] - Start listener action : sampleAfterTestSuite: Invoke 'com.kms.katalon.core.annotation.AfterTestCase' method: 'Listener.sampleAfterTestSuite(...)' completed.

2021-11-18 11:41:05 - [MESSAGE][INFO] - Starting invoke 'com.kms.katalon.core.annotation.AfterTestCase' method: 'Listener.sampleAfterTestSuite(...)'

2021-11-18 11:41:05 - [TEST_STEP][PASSED] - closeBrowser(): Invoke 'com.kms.katalon.core.annotation.AfterTestCase' method: 'Listener.sampleAfterTestSuite(...)' completed.

2021-11-18 11:41:05 - [MESSAGE][INFO] - Closing browser

2021-11-18 11:41:05 - [MESSAGE][PASSED] - Browser is closed

2021-11-18 11:41:05 - [MESSAGE][INFO] - Invoke 'com.kms.katalon.core.annotation.AfterTestCase' method: 'Listener.sampleAfterTestSuite(...)' completed.]]></system-out>
         <system-err><![CDATA[]]></system-err>
      </testcase>
      <testcase name="Test Cases/Case Repository/e-Irsaliye/Gelen Kutusu/Irsaliyeler/Excele Aktar" time="65.915" classname="Test Cases/Case Repository/e-Irsaliye/Gelen Kutusu/Irsaliyeler/Excele Aktar" status="PASSED">
         <system-out><![CDATA[2021-11-18 11:41:05 - [TEST_CASE][PASSED] - Test Cases/Case Repository/e-Irsaliye/Gelen Kutusu/Irsaliyeler/Excele Aktar: Test Cases/Case Repository/e-Irsaliye/Gelen Kutusu/Irsaliyeler/Excele Aktar

2021-11-18 11:41:05 - [TEST_STEP][PASSED] - Start listener action : sampleBeforeTestSuite: Invoke 'com.kms.katalon.core.annotation.BeforeTestCase' method: 'Listener.sampleBeforeTestSuite(...)' completed.

2021-11-18 11:41:05 - [MESSAGE][INFO] - Starting invoke 'com.kms.katalon.core.annotation.BeforeTestCase' method: 'Listener.sampleBeforeTestSuite(...)'

2021-11-18 11:41:05 - [TEST_STEP][PASSED] - openBrowser(baseUrl): Browser is opened with url: 'https://efatura-stage.elogo.com.tr/'

2021-11-18 11:41:05 - [MESSAGE][INFO] - Opening browser

2021-11-18 11:41:05 - [MESSAGE][INFO] - Starting 'Chrome' driver

2021-11-18 11:41:05 - [MESSAGE][INFO] - User set preference: ['prefs', '{download.default_directory=C:\otomasyondownfiles}']

2021-11-18 11:41:05 - [MESSAGE][INFO] - Action delay is set to 0 milliseconds

2021-11-18 11:41:07 - [MESSAGE][INFO] - Navigating browser to: 'https://efatura-stage.elogo.com.tr/'

2021-11-18 11:41:16 - [MESSAGE][PASSED] - Browser is opened with url: 'https://efatura-stage.elogo.com.tr/'

2021-11-18 11:41:16 - [TEST_STEP][PASSED] - maximizeWindow(): Invoke 'com.kms.katalon.core.annotation.BeforeTestCase' method: 'Listener.sampleBeforeTestSuite(...)' completed.

2021-11-18 11:41:16 - [MESSAGE][INFO] - Maximizing current window

2021-11-18 11:41:17 - [MESSAGE][PASSED] - Current window maximized

2021-11-18 11:41:17 - [MESSAGE][INFO] - Invoke 'com.kms.katalon.core.annotation.BeforeTestCase' method: 'Listener.sampleBeforeTestSuite(...)' completed.

2021-11-18 11:41:17 - [TEST_STEP][PASSED] - runFeatureFile("Include/features/e-Irsaliye/Gelen Kutusu/Irsaliyeler/Excele Aktar.feature"): Feature file: 'Include/features/e-Irsaliye/Gelen Kutusu/Irsaliyeler/Excele Aktar.feature' was passed

2021-11-18 11:41:17 - [MESSAGE][INFO] - Starting run keyword runFeatureFile: 'Include/features/e-Irsaliye/Gelen Kutusu/Irsaliyeler/Excele Aktar.feature' and extract report to folder: 'C:\Users\DELL\Documents\GitHub\EES_KatalonLogo\Reports\20211118_110909\Suite Repository\ExceleAktarVeTopluIndirme\20211118_110948/cucumber_report/1637224877645'...

2021-11-18 11:41:17 - [MESSAGE][INFO] - Glue: []

2021-11-18 11:41:20 - [MESSAGE][INFO] - Checking called Test Case

2021-11-18 11:41:20 - [MESSAGE][INFO] - Starting to call Test Case 'Test Cases/Sayfalar/Giris_Sayfasi/Login'

2021-11-18 11:41:20 - [TEST_CASE][PASSED] - Test Cases/Sayfalar/Giris_Sayfasi/Login: Test Cases/Sayfalar/Giris_Sayfasi/Login

2021-11-18 11:41:20 - [TEST_STEP][PASSED] - Sayfa_Basligi = getWindowTitle(): Current window's title is: 'LOGO e-Fatura'

2021-11-18 11:41:20 - [MESSAGE][INFO] - Getting current window's title

2021-11-18 11:41:20 - [MESSAGE][PASSED] - Current window's title is: 'LOGO e-Fatura'

2021-11-18 11:41:20 - [TEST_STEP][PASSED] - verifyMatch(Sayfa_Basligi, "LOGO e-Fatura", false): Actual text 'LOGO e-Fatura' and expected text 'LOGO e-Fatura' are matched 

2021-11-18 11:41:20 - [MESSAGE][INFO] - Matching actual text 'LOGO e-Fatura' with expected text 'LOGO e-Fatura'

2021-11-18 11:41:20 - [MESSAGE][PASSED] - Actual text 'LOGO e-Fatura' and expected text 'LOGO e-Fatura' are matched 

2021-11-18 11:41:20 - [TEST_STEP][PASSED] - sendKeys(findTestObject("Sayfalar/Giris_Sayfasi/Firma_Kodu"), KullaniciAdi): Keys 'ELOGO6' sent to object: 'Object Repository/Sayfalar/Giris_Sayfasi/Firma_Kodu'

2021-11-18 11:41:20 - [MESSAGE][INFO] - Finding Test Object 'Object Repository/Sayfalar/Giris_Sayfasi/Firma_Kodu'

2021-11-18 11:41:20 - [MESSAGE][INFO] - Sending keys 'ELOGO6' to object: 'Object Repository/Sayfalar/Giris_Sayfasi/Firma_Kodu'

2021-11-18 11:41:20 - [MESSAGE][INFO] - Finding web element from Test Object's properties

2021-11-18 11:41:20 - [MESSAGE][INFO] - Checking timeout

2021-11-18 11:41:20 - [MESSAGE][INFO] - Finding web element with id: 'Object Repository/Sayfalar/Giris_Sayfasi/Firma_Kodu' located by 'By.xpath: //*[@id = 'AccountName']' in '30' second(s)

2021-11-18 11:41:20 - [MESSAGE][INFO] - Smart Wait Function is triggered

2021-11-18 11:41:20 - [MESSAGE][INFO] - Found 1 web elements with id: 'Object Repository/Sayfalar/Giris_Sayfasi/Firma_Kodu' located by 'By.xpath: //*[@id = 'AccountName']' in '30' second(s)

2021-11-18 11:41:20 - [MESSAGE][PASSED] - Keys 'ELOGO6' sent to object: 'Object Repository/Sayfalar/Giris_Sayfasi/Firma_Kodu'

2021-11-18 11:41:20 - [TEST_STEP][PASSED] - sendKeys(findTestObject("Sayfalar/Giris_Sayfasi/Sifre"), Sifre): Keys '123456' sent to object: 'Object Repository/Sayfalar/Giris_Sayfasi/Sifre'

2021-11-18 11:41:20 - [MESSAGE][INFO] - Finding Test Object 'Object Repository/Sayfalar/Giris_Sayfasi/Sifre'

2021-11-18 11:41:21 - [MESSAGE][INFO] - Sending keys '123456' to object: 'Object Repository/Sayfalar/Giris_Sayfasi/Sifre'

2021-11-18 11:41:21 - [MESSAGE][INFO] - Finding web element from Test Object's properties

2021-11-18 11:41:21 - [MESSAGE][INFO] - Checking timeout

2021-11-18 11:41:21 - [MESSAGE][INFO] - Finding web element with id: 'Object Repository/Sayfalar/Giris_Sayfasi/Sifre' located by 'By.xpath: //*[@id = 'Password']' in '30' second(s)

2021-11-18 11:41:21 - [MESSAGE][INFO] - Smart Wait Function is triggered

2021-11-18 11:41:21 - [MESSAGE][INFO] - Found 1 web elements with id: 'Object Repository/Sayfalar/Giris_Sayfasi/Sifre' located by 'By.xpath: //*[@id = 'Password']' in '30' second(s)

2021-11-18 11:41:21 - [MESSAGE][PASSED] - Keys '123456' sent to object: 'Object Repository/Sayfalar/Giris_Sayfasi/Sifre'

2021-11-18 11:41:21 - [TEST_STEP][PASSED] - findWebElement(findTestObject("Sayfalar/Giris_Sayfasi/Giris_Butonu")).click(): Found 1 web elements with id: 'Object Repository/Sayfalar/Giris_Sayfasi/Giris_Butonu' located by 'By.cssSelector: #btnLogin' in '30' second(s)

2021-11-18 11:41:21 - [MESSAGE][INFO] - Finding Test Object 'Object Repository/Sayfalar/Giris_Sayfasi/Giris_Butonu'

2021-11-18 11:41:21 - [MESSAGE][INFO] - Finding web element from Test Object's properties

2021-11-18 11:41:21 - [MESSAGE][INFO] - Checking timeout

2021-11-18 11:41:21 - [MESSAGE][INFO] - Finding web element with id: 'Object Repository/Sayfalar/Giris_Sayfasi/Giris_Butonu' located by 'By.cssSelector: #btnLogin' in '30' second(s)

2021-11-18 11:41:21 - [MESSAGE][INFO] - Smart Wait Function is triggered

2021-11-18 11:41:22 - [MESSAGE][INFO] - Found 1 web elements with id: 'Object Repository/Sayfalar/Giris_Sayfasi/Giris_Butonu' located by 'By.cssSelector: #btnLogin' in '30' second(s)

2021-11-18 11:41:25 - [TEST_STEP][PASSED] - if (verifyElementPresent(findTestObject("Object Repository/Sayfalar/Giris_Sayfasi/RetveTamam_Butonu"), 5, OPTIONAL)): null

2021-11-18 11:41:25 - [MESSAGE][INFO] - Finding Test Object 'Object Repository/Sayfalar/Giris_Sayfasi/RetveTamam_Butonu'

2021-11-18 11:41:25 - [MESSAGE][INFO] - Checking object

2021-11-18 11:41:25 - [MESSAGE][INFO] - Finding web element from Test Object's properties

2021-11-18 11:41:25 - [MESSAGE][INFO] - Checking timeout

2021-11-18 11:41:25 - [MESSAGE][INFO] - Finding web element with id: 'Object Repository/Sayfalar/Giris_Sayfasi/RetveTamam_Butonu' located by 'By.xpath: //*[@class = 'btn btn-default']' in '5' second(s)

2021-11-18 11:41:25 - [MESSAGE][INFO] - Smart Wait Function is triggered

2021-11-18 11:41:26 - [MESSAGE][INFO] - Found 1 web elements with id: 'Object Repository/Sayfalar/Giris_Sayfasi/RetveTamam_Butonu' located by 'By.xpath: //*[@class = 'btn btn-default']' in '5' second(s)

2021-11-18 11:41:26 - [MESSAGE][PASSED] - Object 'Object Repository/Sayfalar/Giris_Sayfasi/RetveTamam_Butonu' is present

2021-11-18 11:41:26 - [TEST_STEP][PASSED] - click(findTestObject("Object Repository/Sayfalar/Giris_Sayfasi/RetveTamam_Butonu")): Object: 'Object Repository/Sayfalar/Giris_Sayfasi/RetveTamam_Butonu' is clicked on

2021-11-18 11:41:26 - [MESSAGE][INFO] - Finding Test Object 'Object Repository/Sayfalar/Giris_Sayfasi/RetveTamam_Butonu'

2021-11-18 11:41:26 - [MESSAGE][INFO] - Checking object

2021-11-18 11:41:26 - [MESSAGE][INFO] - Finding web element from Test Object's properties

2021-11-18 11:41:26 - [MESSAGE][INFO] - Checking timeout

2021-11-18 11:41:26 - [MESSAGE][INFO] - Finding web element with id: 'Object Repository/Sayfalar/Giris_Sayfasi/RetveTamam_Butonu' located by 'By.xpath: //*[@class = 'btn btn-default']' in '30' second(s)

2021-11-18 11:41:26 - [MESSAGE][INFO] - Smart Wait Function is triggered

2021-11-18 11:41:26 - [MESSAGE][INFO] - Found 1 web elements with id: 'Object Repository/Sayfalar/Giris_Sayfasi/RetveTamam_Butonu' located by 'By.xpath: //*[@class = 'btn btn-default']' in '30' second(s)

2021-11-18 11:41:26 - [MESSAGE][INFO] - Clicking on object: 'Object Repository/Sayfalar/Giris_Sayfasi/RetveTamam_Butonu'

2021-11-18 11:41:26 - [MESSAGE][PASSED] - Object: 'Object Repository/Sayfalar/Giris_Sayfasi/RetveTamam_Butonu' is clicked on

2021-11-18 11:41:26 - [TEST_STEP][PASSED] - click(findTestObject("Object Repository/Sayfalar/Giris_Sayfasi/RetveTamam_Butonu")): Object: 'Object Repository/Sayfalar/Giris_Sayfasi/RetveTamam_Butonu' is clicked on

2021-11-18 11:41:26 - [MESSAGE][INFO] - Finding Test Object 'Object Repository/Sayfalar/Giris_Sayfasi/RetveTamam_Butonu'

2021-11-18 11:41:26 - [MESSAGE][INFO] - Checking object

2021-11-18 11:41:26 - [MESSAGE][INFO] - Finding web element from Test Object's properties

2021-11-18 11:41:26 - [MESSAGE][INFO] - Checking timeout

2021-11-18 11:41:26 - [MESSAGE][INFO] - Finding web element with id: 'Object Repository/Sayfalar/Giris_Sayfasi/RetveTamam_Butonu' located by 'By.xpath: //*[@class = 'btn btn-default']' in '30' second(s)

2021-11-18 11:41:26 - [MESSAGE][INFO] - Smart Wait Function is triggered

2021-11-18 11:41:29 - [MESSAGE][INFO] - Found 1 web elements with id: 'Object Repository/Sayfalar/Giris_Sayfasi/RetveTamam_Butonu' located by 'By.xpath: //*[@class = 'btn btn-default']' in '30' second(s)

2021-11-18 11:41:29 - [MESSAGE][INFO] - Clicking on object: 'Object Repository/Sayfalar/Giris_Sayfasi/RetveTamam_Butonu'

2021-11-18 11:41:29 - [MESSAGE][PASSED] - Object: 'Object Repository/Sayfalar/Giris_Sayfasi/RetveTamam_Butonu' is clicked on

2021-11-18 11:41:29 - [TEST_STEP][PASSED] - if (verifyElementPresent(findTestObject("Sayfalar/Giris_Sayfasi/PopupOK"), 5, OPTIONAL)): null

2021-11-18 11:41:29 - [MESSAGE][INFO] - Finding Test Object 'Object Repository/Sayfalar/Giris_Sayfasi/PopupOK'

2021-11-18 11:41:29 - [MESSAGE][INFO] - Checking object

2021-11-18 11:41:29 - [MESSAGE][INFO] - Finding web element from Test Object's properties

2021-11-18 11:41:29 - [MESSAGE][INFO] - Checking timeout

2021-11-18 11:41:29 - [MESSAGE][INFO] - Finding web element with id: 'Object Repository/Sayfalar/Giris_Sayfasi/PopupOK' located by 'By.cssSelector: .btn.btn-success' in '5' second(s)

2021-11-18 11:41:29 - [MESSAGE][INFO] - Smart Wait Function is triggered

2021-11-18 11:41:30 - [MESSAGE][INFO] - Found 1 web elements with id: 'Object Repository/Sayfalar/Giris_Sayfasi/PopupOK' located by 'By.cssSelector: .btn.btn-success' in '5' second(s)

2021-11-18 11:41:30 - [MESSAGE][PASSED] - Object 'Object Repository/Sayfalar/Giris_Sayfasi/PopupOK' is present

2021-11-18 11:41:30 - [TEST_STEP][PASSED] - click(findTestObject("Object Repository/Sayfalar/Giris_Sayfasi/PopupCarpiGiris")): Object: 'Object Repository/Sayfalar/Giris_Sayfasi/PopupCarpiGiris' is clicked on

2021-11-18 11:41:30 - [MESSAGE][INFO] - Finding Test Object 'Object Repository/Sayfalar/Giris_Sayfasi/PopupCarpiGiris'

2021-11-18 11:41:30 - [MESSAGE][INFO] - Checking object

2021-11-18 11:41:30 - [MESSAGE][INFO] - Finding web element from Test Object's properties

2021-11-18 11:41:30 - [MESSAGE][INFO] - Checking timeout

2021-11-18 11:41:30 - [MESSAGE][INFO] - Finding web element with id: 'Object Repository/Sayfalar/Giris_Sayfasi/PopupCarpiGiris' located by 'By.cssSelector: .bootbox-close-button.close' in '30' second(s)

2021-11-18 11:41:30 - [MESSAGE][INFO] - Smart Wait Function is triggered

2021-11-18 11:41:31 - [MESSAGE][INFO] - Found 1 web elements with id: 'Object Repository/Sayfalar/Giris_Sayfasi/PopupCarpiGiris' located by 'By.cssSelector: .bootbox-close-button.close' in '30' second(s)

2021-11-18 11:41:31 - [MESSAGE][INFO] - Clicking on object: 'Object Repository/Sayfalar/Giris_Sayfasi/PopupCarpiGiris'

2021-11-18 11:41:31 - [MESSAGE][PASSED] - Object: 'Object Repository/Sayfalar/Giris_Sayfasi/PopupCarpiGiris' is clicked on

2021-11-18 11:41:31 - [TEST_STEP][PASSED] - verifyElementVisible(findTestObject("Object Repository/Kullanici_Islemleri/KullaniciIslemleri")): Object 'Object Repository/Kullanici_Islemleri/KullaniciIslemleri' is visible

2021-11-18 11:41:31 - [MESSAGE][INFO] - Finding Test Object 'Object Repository/Kullanici_Islemleri/KullaniciIslemleri'

2021-11-18 11:41:31 - [MESSAGE][INFO] - Checking object

2021-11-18 11:41:31 - [MESSAGE][INFO] - Finding web element from Test Object's properties

2021-11-18 11:41:31 - [MESSAGE][INFO] - Checking timeout

2021-11-18 11:41:31 - [MESSAGE][INFO] - Finding web element with id: 'Object Repository/Kullanici_Islemleri/KullaniciIslemleri' located by 'By.cssSelector: .dropdown>a>img' in '30' second(s)

2021-11-18 11:41:31 - [MESSAGE][INFO] - Smart Wait Function is triggered

2021-11-18 11:41:31 - [MESSAGE][INFO] - Found 1 web elements with id: 'Object Repository/Kullanici_Islemleri/KullaniciIslemleri' located by 'By.cssSelector: .dropdown>a>img' in '30' second(s)

2021-11-18 11:41:32 - [MESSAGE][PASSED] - Object 'Object Repository/Kullanici_Islemleri/KullaniciIslemleri' is visible

2021-11-18 11:41:32 - [MESSAGE][PASSED] - Call Test Case 'Test Cases/Sayfalar/Giris_Sayfasi/Login' successfully

2021-11-18 11:41:32 - [MESSAGE][INFO] - Checking called Test Case

2021-11-18 11:41:32 - [MESSAGE][INFO] - Starting to call Test Case 'Test Cases/Menu/AnaMenuSecimi'

2021-11-18 11:41:32 - [TEST_CASE][PASSED] - Test Cases/Menu/AnaMenuSecimi: Test Cases/Menu/AnaMenuSecimi

2021-11-18 11:41:32 - [TEST_STEP][PASSED] - Method.TextDegerineEsitElementeTikla(findTestObject("Menu/Ana_Menu"), Ana_Menu): Method.TextDegerineEsitElementeTikla is PASSED

2021-11-18 11:41:32 - [MESSAGE][INFO] - Finding Test Object 'Object Repository/Menu/Ana_Menu'

2021-11-18 11:41:32 - [MESSAGE][INFO] - Checking timeout

2021-11-18 11:41:32 - [MESSAGE][INFO] - Finding web element with id: 'Object Repository/Menu/Ana_Menu' located by 'By.xpath: //*[@class = 'dropdown-toggle']' in '10' second(s)

2021-11-18 11:41:32 - [MESSAGE][INFO] - Smart Wait Function is triggered

2021-11-18 11:41:32 - [MESSAGE][INFO] - Found 14 web elements with id: 'Object Repository/Menu/Ana_Menu' located by 'By.xpath: //*[@class = 'dropdown-toggle']' in '10' second(s)

2021-11-18 11:41:32 - [MESSAGE][PASSED] - Method.TextDegerineEsitElementeTikla is PASSED

2021-11-18 11:41:32 - [MESSAGE][PASSED] - Call Test Case 'Test Cases/Menu/AnaMenuSecimi' successfully

2021-11-18 11:41:32 - [MESSAGE][INFO] - Checking called Test Case

2021-11-18 11:41:32 - [MESSAGE][INFO] - Starting to call Test Case 'Test Cases/Menu/BasligaGoreAltMenuSecimi'

2021-11-18 11:41:32 - [TEST_CASE][PASSED] - Test Cases/Menu/BasligaGoreAltMenuSecimi: Test Cases/Menu/BasligaGoreAltMenuSecimi

2021-11-18 11:41:32 - [TEST_STEP][PASSED] - Method.TextDegerineEsitElementinAltindakiTextDegerineEsitOlanaTikla(findTestObject("Menu/Menu_Basligi"), findTestObject("Menu/Basliga_Gore_Alt_Menu"), Baslik, Alt_Menu): Method.TextDegerineEsitElementinAltindakiTextDegerineEsitOlanaTikla is PASSED

2021-11-18 11:41:32 - [MESSAGE][INFO] - Finding Test Object 'Object Repository/Menu/Menu_Basligi'

2021-11-18 11:41:32 - [MESSAGE][INFO] - Finding Test Object 'Object Repository/Menu/Basliga_Gore_Alt_Menu'

2021-11-18 11:41:32 - [MESSAGE][INFO] - Checking timeout

2021-11-18 11:41:32 - [MESSAGE][INFO] - Finding web element with id: 'Object Repository/Menu/Menu_Basligi' located by 'By.xpath: //li[@class='dropdown dropdown-large open']//li[@class='dropdown-header']' in '10' second(s)

2021-11-18 11:41:32 - [MESSAGE][INFO] - Smart Wait Function is triggered

2021-11-18 11:41:33 - [MESSAGE][INFO] - Found 3 web elements with id: 'Object Repository/Menu/Menu_Basligi' located by 'By.xpath: //li[@class='dropdown dropdown-large open']//li[@class='dropdown-header']' in '10' second(s)

2021-11-18 11:41:33 - [MESSAGE][INFO] - Smart Wait Function is triggered

2021-11-18 11:41:36 - [MESSAGE][PASSED] - Method.TextDegerineEsitElementinAltindakiTextDegerineEsitOlanaTikla is PASSED

2021-11-18 11:41:36 - [MESSAGE][PASSED] - Call Test Case 'Test Cases/Menu/BasligaGoreAltMenuSecimi' successfully

2021-11-18 11:41:36 - [MESSAGE][INFO] - Checking called Test Case

2021-11-18 11:41:36 - [MESSAGE][INFO] - Starting to call Test Case 'Test Cases/Filtreler/BaslangicYaz'

2021-11-18 11:41:36 - [TEST_CASE][PASSED] - Test Cases/Filtreler/BaslangicYaz: Test Cases/Filtreler/BaslangicYaz

2021-11-18 11:41:37 - [TEST_STEP][PASSED] - delay(3): Delayed 3 second(s)

2021-11-18 11:41:37 - [MESSAGE][INFO] - Delaying browser in 3 second(s)

2021-11-18 11:41:40 - [MESSAGE][PASSED] - Delayed 3 second(s)

2021-11-18 11:41:40 - [TEST_STEP][PASSED] - Method.TextDegerineEsitElementinAltindakineTikla(findTestObject("Filtreler/Basliklar"), findTestObject("Filtreler/Basliga_Gore_Baslangic_Image"), Filtre_Adi): Method.TextDegerineEsitElementinAltindakineTikla is PASSED

2021-11-18 11:41:40 - [MESSAGE][INFO] - Finding Test Object 'Object Repository/Filtreler/Basliklar'

2021-11-18 11:41:40 - [MESSAGE][INFO] - Finding Test Object 'Object Repository/Filtreler/Basliga_Gore_Baslangic_Image'

2021-11-18 11:41:40 - [MESSAGE][INFO] - Checking timeout

2021-11-18 11:41:40 - [MESSAGE][INFO] - Finding web element with id: 'Object Repository/Filtreler/Basliklar' located by 'By.cssSelector: .control-label.col-sm-4.paddingMarginRLC' in '10' second(s)

2021-11-18 11:41:40 - [MESSAGE][INFO] - Smart Wait Function is triggered

2021-11-18 11:41:40 - [MESSAGE][INFO] - Found 18 web elements with id: 'Object Repository/Filtreler/Basliklar' located by 'By.cssSelector: .control-label.col-sm-4.paddingMarginRLC' in '10' second(s)

2021-11-18 11:41:40 - [MESSAGE][INFO] - Smart Wait Function is triggered

2021-11-18 11:41:40 - [MESSAGE][PASSED] - Method.TextDegerineEsitElementinAltindakineTikla is PASSED

2021-11-18 11:41:40 - [TEST_STEP][PASSED] - Method.TextDegerineEsitElementinAltindakiTextboxtaYaz(findTestObject("Filtreler/Basliklar"), findTestObject("Filtreler/Basliga_Gore_Baslangic"), Filtre_Adi, Filtre_Degeri): Method.TextDegerineEsitElementinAltindakiTextboxtaYaz is PASSED

2021-11-18 11:41:40 - [MESSAGE][INFO] - Finding Test Object 'Object Repository/Filtreler/Basliklar'

2021-11-18 11:41:40 - [MESSAGE][INFO] - Finding Test Object 'Object Repository/Filtreler/Basliga_Gore_Baslangic'

2021-11-18 11:41:40 - [MESSAGE][INFO] - Checking timeout

2021-11-18 11:41:40 - [MESSAGE][INFO] - Finding web element with id: 'Object Repository/Filtreler/Basliklar' located by 'By.cssSelector: .control-label.col-sm-4.paddingMarginRLC' in '10' second(s)

2021-11-18 11:41:40 - [MESSAGE][INFO] - Smart Wait Function is triggered

2021-11-18 11:41:41 - [MESSAGE][INFO] - Found 18 web elements with id: 'Object Repository/Filtreler/Basliklar' located by 'By.cssSelector: .control-label.col-sm-4.paddingMarginRLC' in '10' second(s)

2021-11-18 11:41:41 - [MESSAGE][INFO] - Smart Wait Function is triggered

2021-11-18 11:41:41 - [MESSAGE][PASSED] - Method.TextDegerineEsitElementinAltindakiTextboxtaYaz is PASSED

2021-11-18 11:41:41 - [MESSAGE][PASSED] - Call Test Case 'Test Cases/Filtreler/BaslangicYaz' successfully

2021-11-18 11:41:41 - [MESSAGE][INFO] - Checking called Test Case

2021-11-18 11:41:41 - [MESSAGE][INFO] - Starting to call Test Case 'Test Cases/Filtreler/BitisYaz'

2021-11-18 11:41:41 - [TEST_CASE][PASSED] - Test Cases/Filtreler/BitisYaz: Test Cases/Filtreler/BitisYaz

2021-11-18 11:41:41 - [TEST_STEP][PASSED] - Method.TextDegerineEsitElementinAltindakineTikla(findTestObject("Filtreler/Basliklar"), findTestObject("Filtreler/Basliga_Gore_Bitis_Image"), Filtre_Adi): Method.TextDegerineEsitElementinAltindakineTikla is PASSED

2021-11-18 11:41:41 - [MESSAGE][INFO] - Finding Test Object 'Object Repository/Filtreler/Basliklar'

2021-11-18 11:41:41 - [MESSAGE][INFO] - Finding Test Object 'Object Repository/Filtreler/Basliga_Gore_Bitis_Image'

2021-11-18 11:41:41 - [MESSAGE][INFO] - Checking timeout

2021-11-18 11:41:41 - [MESSAGE][INFO] - Finding web element with id: 'Object Repository/Filtreler/Basliklar' located by 'By.cssSelector: .control-label.col-sm-4.paddingMarginRLC' in '10' second(s)

2021-11-18 11:41:41 - [MESSAGE][INFO] - Smart Wait Function is triggered

2021-11-18 11:41:42 - [MESSAGE][INFO] - Found 18 web elements with id: 'Object Repository/Filtreler/Basliklar' located by 'By.cssSelector: .control-label.col-sm-4.paddingMarginRLC' in '10' second(s)

2021-11-18 11:41:42 - [MESSAGE][INFO] - Smart Wait Function is triggered

2021-11-18 11:41:42 - [MESSAGE][PASSED] - Method.TextDegerineEsitElementinAltindakineTikla is PASSED

2021-11-18 11:41:42 - [TEST_STEP][PASSED] - Method.TextDegerineEsitElementinAltindakiTextboxtaYaz(findTestObject("Filtreler/Basliklar"), findTestObject("Object Repository/Filtreler/Basliga_Gore_Bitis"), Filtre_Adi, Filtre_Degeri): Method.TextDegerineEsitElementinAltindakiTextboxtaYaz is PASSED

2021-11-18 11:41:42 - [MESSAGE][INFO] - Finding Test Object 'Object Repository/Filtreler/Basliklar'

2021-11-18 11:41:42 - [MESSAGE][INFO] - Finding Test Object 'Object Repository/Filtreler/Basliga_Gore_Bitis'

2021-11-18 11:41:42 - [MESSAGE][INFO] - Checking timeout

2021-11-18 11:41:42 - [MESSAGE][INFO] - Finding web element with id: 'Object Repository/Filtreler/Basliklar' located by 'By.cssSelector: .control-label.col-sm-4.paddingMarginRLC' in '10' second(s)

2021-11-18 11:41:42 - [MESSAGE][INFO] - Smart Wait Function is triggered

2021-11-18 11:41:43 - [MESSAGE][INFO] - Found 18 web elements with id: 'Object Repository/Filtreler/Basliklar' located by 'By.cssSelector: .control-label.col-sm-4.paddingMarginRLC' in '10' second(s)

2021-11-18 11:41:43 - [MESSAGE][INFO] - Smart Wait Function is triggered

2021-11-18 11:41:43 - [MESSAGE][PASSED] - Method.TextDegerineEsitElementinAltindakiTextboxtaYaz is PASSED

2021-11-18 11:41:43 - [MESSAGE][PASSED] - Call Test Case 'Test Cases/Filtreler/BitisYaz' successfully

2021-11-18 11:41:43 - [MESSAGE][INFO] - Checking called Test Case

2021-11-18 11:41:43 - [MESSAGE][INFO] - Starting to call Test Case 'Test Cases/Filtreler/ButonaTikla'

2021-11-18 11:41:43 - [TEST_CASE][PASSED] - Test Cases/Filtreler/ButonaTikla: Test Cases/Filtreler/ButonaTikla

2021-11-18 11:41:43 - [TEST_STEP][PASSED] - Method.TextDegerineEsitElementeTikla(findTestObject("Filtreler/Butonlar"), Filtre_Buton): Method.TextDegerineEsitElementeTikla is PASSED

2021-11-18 11:41:43 - [MESSAGE][INFO] - Finding Test Object 'Object Repository/Filtreler/Butonlar'

2021-11-18 11:41:43 - [MESSAGE][INFO] - Checking timeout

2021-11-18 11:41:43 - [MESSAGE][INFO] - Finding web element with id: 'Object Repository/Filtreler/Butonlar' located by 'By.cssSelector: .dxb>span' in '10' second(s)

2021-11-18 11:41:43 - [MESSAGE][INFO] - Smart Wait Function is triggered

2021-11-18 11:41:44 - [MESSAGE][INFO] - Found 3 web elements with id: 'Object Repository/Filtreler/Butonlar' located by 'By.cssSelector: .dxb>span' in '10' second(s)

2021-11-18 11:41:44 - [MESSAGE][PASSED] - Method.TextDegerineEsitElementeTikla is PASSED

2021-11-18 11:41:44 - [MESSAGE][PASSED] - Call Test Case 'Test Cases/Filtreler/ButonaTikla' successfully

2021-11-18 11:41:44 - [MESSAGE][INFO] - Checking called Test Case

2021-11-18 11:41:44 - [MESSAGE][INFO] - Starting to call Test Case 'Test Cases/Tablo/TablodaVeriVarMi'

2021-11-18 11:41:44 - [TEST_CASE][PASSED] - Test Cases/Tablo/TablodaVeriVarMi: Test Cases/Tablo/TablodaVeriVarMi

2021-11-18 11:41:44 - [TEST_STEP][PASSED] - verifyTextNotPresent("Görüntülenecek veri yok", true): Text 'Görüntülenecek veri yok' is not present on page using regular expression

2021-11-18 11:41:44 - [MESSAGE][INFO] - Checking text present  using regular expression

2021-11-18 11:41:44 - [MESSAGE][INFO] - Smart Wait Function is triggered

2021-11-18 11:41:45 - [MESSAGE][INFO] - Finding text 'Görüntülenecek veri yok' on page  using regular expression

2021-11-18 11:41:45 - [MESSAGE][PASSED] - Text 'Görüntülenecek veri yok' is not present on page using regular expression

2021-11-18 11:41:45 - [MESSAGE][PASSED] - Call Test Case 'Test Cases/Tablo/TablodaVeriVarMi' successfully

2021-11-18 11:41:45 - [MESSAGE][INFO] - Checking called Test Case

2021-11-18 11:41:45 - [MESSAGE][INFO] - Starting to call Test Case 'Test Cases/Tablo/TablodanVeriSec'

2021-11-18 11:41:45 - [TEST_CASE][PASSED] - Test Cases/Tablo/TablodanVeriSec: Test Cases/Tablo/TablodanVeriSec

2021-11-18 11:41:45 - [TEST_STEP][PASSED] - Method.TextDegerineEsitElementinAltindakineTikla(findTestObject("Tablo/Veriler"), findTestObject("Tablo/VerininCheckBoxi"), Veri_Adi): Method.TextDegerineEsitElementinAltindakineTikla is PASSED

2021-11-18 11:41:45 - [MESSAGE][INFO] - Finding Test Object 'Object Repository/Tablo/Veriler'

2021-11-18 11:41:45 - [MESSAGE][INFO] - Finding Test Object 'Object Repository/Tablo/VerininCheckBoxi'

2021-11-18 11:41:45 - [MESSAGE][INFO] - Checking timeout

2021-11-18 11:41:45 - [MESSAGE][INFO] - Finding web element with id: 'Object Repository/Tablo/Veriler' located by 'By.cssSelector: td.dxgv b ,td.dxgv' in '10' second(s)

2021-11-18 11:41:45 - [MESSAGE][INFO] - Smart Wait Function is triggered

2021-11-18 11:41:45 - [MESSAGE][INFO] - Found 84 web elements with id: 'Object Repository/Tablo/Veriler' located by 'By.cssSelector: td.dxgv b ,td.dxgv' in '10' second(s)

2021-11-18 11:41:45 - [MESSAGE][INFO] - Smart Wait Function is triggered

2021-11-18 11:41:46 - [MESSAGE][PASSED] - Method.TextDegerineEsitElementinAltindakineTikla is PASSED

2021-11-18 11:41:46 - [MESSAGE][PASSED] - Call Test Case 'Test Cases/Tablo/TablodanVeriSec' successfully

2021-11-18 11:41:46 - [MESSAGE][INFO] - Checking called Test Case

2021-11-18 11:41:46 - [MESSAGE][INFO] - Starting to call Test Case 'Test Cases/Butonlar/ButonaTikla'

2021-11-18 11:41:46 - [TEST_CASE][PASSED] - Test Cases/Butonlar/ButonaTikla: Test Cases/Butonlar/ButonaTikla

2021-11-18 11:41:46 - [TEST_STEP][PASSED] - Method.TextDegerineEsitElementeTiklaEquals(findTestObject("Butonlar/Butonlar"), Buton_Adi): Method.TextDegerineEsitElementeTiklaEquals is PASSED

2021-11-18 11:41:46 - [MESSAGE][INFO] - Finding Test Object 'Object Repository/Butonlar/Butonlar'

2021-11-18 11:41:46 - [MESSAGE][INFO] - Checking timeout

2021-11-18 11:41:46 - [MESSAGE][INFO] - Finding web element with id: 'Object Repository/Butonlar/Butonlar' located by 'By.cssSelector: .panel.panel-default.text-center.footerPanel .btn,.btn.btn-primary.btnControls' in '10' second(s)

2021-11-18 11:41:46 - [MESSAGE][INFO] - Smart Wait Function is triggered

2021-11-18 11:41:46 - [MESSAGE][INFO] - Found 12 web elements with id: 'Object Repository/Butonlar/Butonlar' located by 'By.cssSelector: .panel.panel-default.text-center.footerPanel .btn,.btn.btn-primary.btnControls' in '10' second(s)

2021-11-18 11:41:46 - [MESSAGE][PASSED] - Method.TextDegerineEsitElementeTiklaEquals is PASSED

2021-11-18 11:41:46 - [MESSAGE][PASSED] - Call Test Case 'Test Cases/Butonlar/ButonaTikla' successfully

2021-11-18 11:41:46 - [MESSAGE][INFO] - Checking called Test Case

2021-11-18 11:41:46 - [MESSAGE][INFO] - Starting to call Test Case 'Test Cases/Butonlar/AltButonaTikla'

2021-11-18 11:41:46 - [TEST_CASE][PASSED] - Test Cases/Butonlar/AltButonaTikla: Test Cases/Butonlar/AltButonaTikla

2021-11-18 11:41:46 - [TEST_STEP][PASSED] - Method.TextDegerineEsitElementeTikla(findTestObject("Butonlar/AltButonlar"), Alt_Buton): Method.TextDegerineEsitElementeTikla is PASSED

2021-11-18 11:41:46 - [MESSAGE][INFO] - Finding Test Object 'Object Repository/Butonlar/AltButonlar'

2021-11-18 11:41:46 - [MESSAGE][INFO] - Checking timeout

2021-11-18 11:41:46 - [MESSAGE][INFO] - Finding web element with id: 'Object Repository/Butonlar/AltButonlar' located by 'By.cssSelector: .btn-group.open li>a' in '10' second(s)

2021-11-18 11:41:46 - [MESSAGE][INFO] - Smart Wait Function is triggered

2021-11-18 11:41:47 - [MESSAGE][INFO] - Found 2 web elements with id: 'Object Repository/Butonlar/AltButonlar' located by 'By.cssSelector: .btn-group.open li>a' in '10' second(s)

2021-11-18 11:41:47 - [MESSAGE][PASSED] - Method.TextDegerineEsitElementeTikla is PASSED

2021-11-18 11:41:47 - [MESSAGE][PASSED] - Call Test Case 'Test Cases/Butonlar/AltButonaTikla' successfully

2021-11-18 11:41:47 - [MESSAGE][INFO] - Checking called Test Case

2021-11-18 11:41:47 - [MESSAGE][INFO] - Starting to call Test Case 'Test Cases/Popup/PopupMesajiIceriyorMu'

2021-11-18 11:41:47 - [TEST_CASE][PASSED] - Test Cases/Popup/PopupMesajiIceriyorMu: Test Cases/Popup/PopupMesajiIceriyorMu

2021-11-18 11:41:47 - [TEST_STEP][PASSED] - waitForElementVisible(findTestObject("Popup/Popup"), 10): Object 'Object Repository/Popup/Popup' is visible

2021-11-18 11:41:47 - [MESSAGE][INFO] - Finding Test Object 'Object Repository/Popup/Popup'

2021-11-18 11:41:47 - [MESSAGE][INFO] - Checking object

2021-11-18 11:41:47 - [MESSAGE][INFO] - Checking timeout

2021-11-18 11:41:47 - [MESSAGE][INFO] - Finding web element from Test Object's properties

2021-11-18 11:41:47 - [MESSAGE][INFO] - Checking timeout

2021-11-18 11:41:47 - [MESSAGE][INFO] - Finding web element with id: 'Object Repository/Popup/Popup' located by 'By.cssSelector: .bootbox-body' in '10' second(s)

2021-11-18 11:41:47 - [MESSAGE][INFO] - Smart Wait Function is triggered

2021-11-18 11:41:48 - [MESSAGE][INFO] - Found 1 web elements with id: 'Object Repository/Popup/Popup' located by 'By.cssSelector: .bootbox-body' in '10' second(s)

2021-11-18 11:41:48 - [MESSAGE][PASSED] - Object 'Object Repository/Popup/Popup' is visible

2021-11-18 11:41:48 - [TEST_STEP][PASSED] - if (!(getText(findTestObject("Popup/Popup")).contains(Mesaj))): Text of object 'Object Repository/Popup/Popup' is: 'Lütfen rapor bildiriminin gönderileceği e-posta adresini belirtiniz.
e-Posta Adresi'

2021-11-18 11:41:48 - [MESSAGE][INFO] - Finding Test Object 'Object Repository/Popup/Popup'

2021-11-18 11:41:48 - [MESSAGE][INFO] - Checking object

2021-11-18 11:41:48 - [MESSAGE][INFO] - Finding web element from Test Object's properties

2021-11-18 11:41:48 - [MESSAGE][INFO] - Checking timeout

2021-11-18 11:41:48 - [MESSAGE][INFO] - Finding web element with id: 'Object Repository/Popup/Popup' located by 'By.cssSelector: .bootbox-body' in '30' second(s)

2021-11-18 11:41:48 - [MESSAGE][INFO] - Smart Wait Function is triggered

2021-11-18 11:41:48 - [MESSAGE][INFO] - Found 1 web elements with id: 'Object Repository/Popup/Popup' located by 'By.cssSelector: .bootbox-body' in '30' second(s)

2021-11-18 11:41:48 - [MESSAGE][INFO] - Getting text of object 'Object Repository/Popup/Popup'

2021-11-18 11:41:48 - [MESSAGE][PASSED] - Text of object 'Object Repository/Popup/Popup' is: 'Lütfen rapor bildiriminin gönderileceği e-posta adresini belirtiniz.
e-Posta Adresi'

2021-11-18 11:41:48 - [TEST_STEP][PASSED] - RaporNo = getText(findTestObject("Popup/Popup")).substring(0, 6): Text of object 'Object Repository/Popup/Popup' is: 'Lütfen rapor bildiriminin gönderileceği e-posta adresini belirtiniz.
e-Posta Adresi'

2021-11-18 11:41:48 - [MESSAGE][INFO] - Finding Test Object 'Object Repository/Popup/Popup'

2021-11-18 11:41:48 - [MESSAGE][INFO] - Checking object

2021-11-18 11:41:48 - [MESSAGE][INFO] - Finding web element from Test Object's properties

2021-11-18 11:41:48 - [MESSAGE][INFO] - Checking timeout

2021-11-18 11:41:48 - [MESSAGE][INFO] - Finding web element with id: 'Object Repository/Popup/Popup' located by 'By.cssSelector: .bootbox-body' in '30' second(s)

2021-11-18 11:41:48 - [MESSAGE][INFO] - Smart Wait Function is triggered

2021-11-18 11:41:48 - [MESSAGE][INFO] - Found 1 web elements with id: 'Object Repository/Popup/Popup' located by 'By.cssSelector: .bootbox-body' in '30' second(s)

2021-11-18 11:41:48 - [MESSAGE][INFO] - Getting text of object 'Object Repository/Popup/Popup'

2021-11-18 11:41:48 - [MESSAGE][PASSED] - Text of object 'Object Repository/Popup/Popup' is: 'Lütfen rapor bildiriminin gönderileceği e-posta adresini belirtiniz.
e-Posta Adresi'

2021-11-18 11:41:48 - [TEST_STEP][PASSED] - Console.println(RaporNo): null

2021-11-18 11:41:48 - [MESSAGE][PASSED] - Call Test Case 'Test Cases/Popup/PopupMesajiIceriyorMu' successfully

2021-11-18 11:41:48 - [MESSAGE][INFO] - Checking called Test Case

2021-11-18 11:41:48 - [MESSAGE][INFO] - Starting to call Test Case 'Test Cases/Popup/PopupaEmailEklenir'

2021-11-18 11:41:49 - [TEST_CASE][PASSED] - Test Cases/Popup/PopupaEmailEklenir: Test Cases/Popup/PopupaEmailEklenir

2021-11-18 11:41:49 - [TEST_STEP][PASSED] - clearText(findTestObject("Popup/EmailText")): Text of object 'Object Repository/Popup/EmailText' is cleared

2021-11-18 11:41:49 - [MESSAGE][INFO] - Finding Test Object 'Object Repository/Popup/EmailText'

2021-11-18 11:41:49 - [MESSAGE][INFO] - Checking object

2021-11-18 11:41:49 - [MESSAGE][INFO] - Finding web element from Test Object's properties

2021-11-18 11:41:49 - [MESSAGE][INFO] - Checking timeout

2021-11-18 11:41:49 - [MESSAGE][INFO] - Finding web element with id: 'Object Repository/Popup/EmailText' located by 'By.xpath: //*[@id="eMails"]' in '30' second(s)

2021-11-18 11:41:49 - [MESSAGE][INFO] - Smart Wait Function is triggered

2021-11-18 11:41:49 - [MESSAGE][INFO] - Found 1 web elements with id: 'Object Repository/Popup/EmailText' located by 'By.xpath: //*[@id="eMails"]' in '30' second(s)

2021-11-18 11:41:49 - [MESSAGE][INFO] - Clearing text of object 'Object Repository/Popup/EmailText'

2021-11-18 11:41:49 - [MESSAGE][PASSED] - Text of object 'Object Repository/Popup/EmailText' is cleared

2021-11-18 11:41:49 - [TEST_STEP][PASSED] - sendKeys(findTestObject("Popup/EmailText"), Email): Keys 'elogotest@gmail.com;ali.kara@logo.com.tr' sent to object: 'Object Repository/Popup/EmailText'

2021-11-18 11:41:49 - [MESSAGE][INFO] - Finding Test Object 'Object Repository/Popup/EmailText'

2021-11-18 11:41:49 - [MESSAGE][INFO] - Sending keys 'elogotest@gmail.com;ali.kara@logo.com.tr' to object: 'Object Repository/Popup/EmailText'

2021-11-18 11:41:49 - [MESSAGE][INFO] - Finding web element from Test Object's properties

2021-11-18 11:41:49 - [MESSAGE][INFO] - Checking timeout

2021-11-18 11:41:49 - [MESSAGE][INFO] - Finding web element with id: 'Object Repository/Popup/EmailText' located by 'By.xpath: //*[@id="eMails"]' in '30' second(s)

2021-11-18 11:41:49 - [MESSAGE][INFO] - Smart Wait Function is triggered

2021-11-18 11:41:49 - [MESSAGE][INFO] - Found 1 web elements with id: 'Object Repository/Popup/EmailText' located by 'By.xpath: //*[@id="eMails"]' in '30' second(s)

2021-11-18 11:41:50 - [MESSAGE][PASSED] - Keys 'elogotest@gmail.com;ali.kara@logo.com.tr' sent to object: 'Object Repository/Popup/EmailText'

2021-11-18 11:41:50 - [MESSAGE][PASSED] - Call Test Case 'Test Cases/Popup/PopupaEmailEklenir' successfully

2021-11-18 11:41:50 - [MESSAGE][INFO] - Checking called Test Case

2021-11-18 11:41:50 - [MESSAGE][INFO] - Starting to call Test Case 'Test Cases/Popup/PopupButonSecilir'

2021-11-18 11:41:50 - [TEST_CASE][PASSED] - Test Cases/Popup/PopupButonSecilir: Test Cases/Popup/PopupButonSecilir

2021-11-18 11:41:50 - [TEST_STEP][PASSED] - Method.TextDegerineEsitElementeTikla(findTestObject("Popup/Popup_Butons"), Buton): Method.TextDegerineEsitElementeTikla is PASSED

2021-11-18 11:41:50 - [MESSAGE][INFO] - Finding Test Object 'Object Repository/Popup/Popup_Butons'

2021-11-18 11:41:50 - [MESSAGE][INFO] - Checking timeout

2021-11-18 11:41:50 - [MESSAGE][INFO] - Finding web element with id: 'Object Repository/Popup/Popup_Butons' located by 'By.cssSelector: .modal-footer>button' in '10' second(s)

2021-11-18 11:41:50 - [MESSAGE][INFO] - Smart Wait Function is triggered

2021-11-18 11:41:50 - [MESSAGE][INFO] - Found 2 web elements with id: 'Object Repository/Popup/Popup_Butons' located by 'By.cssSelector: .modal-footer>button' in '10' second(s)

2021-11-18 11:41:50 - [MESSAGE][PASSED] - Method.TextDegerineEsitElementeTikla is PASSED

2021-11-18 11:41:50 - [MESSAGE][PASSED] - Call Test Case 'Test Cases/Popup/PopupButonSecilir' successfully

2021-11-18 11:41:50 - [MESSAGE][INFO] - Checking called Test Case

2021-11-18 11:41:50 - [MESSAGE][INFO] - Starting to call Test Case 'Test Cases/Popup/PopupMesajiIceriyorMu'

2021-11-18 11:41:50 - [TEST_CASE][PASSED] - Test Cases/Popup/PopupMesajiIceriyorMu: Test Cases/Popup/PopupMesajiIceriyorMu

2021-11-18 11:41:50 - [TEST_STEP][PASSED] - waitForElementVisible(findTestObject("Popup/Popup"), 10): Object 'Object Repository/Popup/Popup' is visible

2021-11-18 11:41:50 - [MESSAGE][INFO] - Finding Test Object 'Object Repository/Popup/Popup'

2021-11-18 11:41:50 - [MESSAGE][INFO] - Checking object

2021-11-18 11:41:50 - [MESSAGE][INFO] - Checking timeout

2021-11-18 11:41:50 - [MESSAGE][INFO] - Finding web element from Test Object's properties

2021-11-18 11:41:50 - [MESSAGE][INFO] - Checking timeout

2021-11-18 11:41:50 - [MESSAGE][INFO] - Finding web element with id: 'Object Repository/Popup/Popup' located by 'By.cssSelector: .bootbox-body' in '10' second(s)

2021-11-18 11:41:50 - [MESSAGE][INFO] - Smart Wait Function is triggered

2021-11-18 11:41:53 - [MESSAGE][INFO] - Found 1 web elements with id: 'Object Repository/Popup/Popup' located by 'By.cssSelector: .bootbox-body' in '10' second(s)

2021-11-18 11:41:53 - [MESSAGE][PASSED] - Object 'Object Repository/Popup/Popup' is visible

2021-11-18 11:41:53 - [TEST_STEP][PASSED] - if (!(getText(findTestObject("Popup/Popup")).contains(Mesaj))): Text of object 'Object Repository/Popup/Popup' is: '17387 no’lu talebiniz işleme alınmıştır. Raporunuz hazırlandığında (elogotest@gmail.com;ali.kara@logo.com.tr) adresinize mail gönderilecektir.
Rapor durumunuzu Raporlar > Toplu Veri İndirme ekranından takip edebilir, hazırlandı durumundaki raporlarınızı ilgili menüden indirebilirsiniz.'

2021-11-18 11:41:53 - [MESSAGE][INFO] - Finding Test Object 'Object Repository/Popup/Popup'

2021-11-18 11:41:53 - [MESSAGE][INFO] - Checking object

2021-11-18 11:41:53 - [MESSAGE][INFO] - Finding web element from Test Object's properties

2021-11-18 11:41:53 - [MESSAGE][INFO] - Checking timeout

2021-11-18 11:41:53 - [MESSAGE][INFO] - Finding web element with id: 'Object Repository/Popup/Popup' located by 'By.cssSelector: .bootbox-body' in '30' second(s)

2021-11-18 11:41:53 - [MESSAGE][INFO] - Smart Wait Function is triggered

2021-11-18 11:41:53 - [MESSAGE][INFO] - Found 1 web elements with id: 'Object Repository/Popup/Popup' located by 'By.cssSelector: .bootbox-body' in '30' second(s)

2021-11-18 11:41:53 - [MESSAGE][INFO] - Getting text of object 'Object Repository/Popup/Popup'

2021-11-18 11:41:53 - [MESSAGE][PASSED] - Text of object 'Object Repository/Popup/Popup' is: '17387 no’lu talebiniz işleme alınmıştır. Raporunuz hazırlandığında (elogotest@gmail.com;ali.kara@logo.com.tr) adresinize mail gönderilecektir.
Rapor durumunuzu Raporlar > Toplu Veri İndirme ekranından takip edebilir, hazırlandı durumundaki raporlarınızı ilgili menüden indirebilirsiniz.'

2021-11-18 11:41:53 - [TEST_STEP][PASSED] - RaporNo = getText(findTestObject("Popup/Popup")).substring(0, 6): Text of object 'Object Repository/Popup/Popup' is: '17387 no’lu talebiniz işleme alınmıştır. Raporunuz hazırlandığında (elogotest@gmail.com;ali.kara@logo.com.tr) adresinize mail gönderilecektir.
Rapor durumunuzu Raporlar > Toplu Veri İndirme ekranından takip edebilir, hazırlandı durumundaki raporlarınızı ilgili menüden indirebilirsiniz.'

2021-11-18 11:41:53 - [MESSAGE][INFO] - Finding Test Object 'Object Repository/Popup/Popup'

2021-11-18 11:41:53 - [MESSAGE][INFO] - Checking object

2021-11-18 11:41:53 - [MESSAGE][INFO] - Finding web element from Test Object's properties

2021-11-18 11:41:53 - [MESSAGE][INFO] - Checking timeout

2021-11-18 11:41:53 - [MESSAGE][INFO] - Finding web element with id: 'Object Repository/Popup/Popup' located by 'By.cssSelector: .bootbox-body' in '30' second(s)

2021-11-18 11:41:53 - [MESSAGE][INFO] - Smart Wait Function is triggered

2021-11-18 11:41:53 - [MESSAGE][INFO] - Found 1 web elements with id: 'Object Repository/Popup/Popup' located by 'By.cssSelector: .bootbox-body' in '30' second(s)

2021-11-18 11:41:53 - [MESSAGE][INFO] - Getting text of object 'Object Repository/Popup/Popup'

2021-11-18 11:41:53 - [MESSAGE][PASSED] - Text of object 'Object Repository/Popup/Popup' is: '17387 no’lu talebiniz işleme alınmıştır. Raporunuz hazırlandığında (elogotest@gmail.com;ali.kara@logo.com.tr) adresinize mail gönderilecektir.
Rapor durumunuzu Raporlar > Toplu Veri İndirme ekranından takip edebilir, hazırlandı durumundaki raporlarınızı ilgili menüden indirebilirsiniz.'

2021-11-18 11:41:53 - [TEST_STEP][PASSED] - Console.println(RaporNo): null

2021-11-18 11:41:53 - [MESSAGE][PASSED] - Call Test Case 'Test Cases/Popup/PopupMesajiIceriyorMu' successfully

2021-11-18 11:41:53 - [MESSAGE][INFO] - Checking called Test Case

2021-11-18 11:41:53 - [MESSAGE][INFO] - Starting to call Test Case 'Test Cases/Popup/PopupButonSecilir'

2021-11-18 11:41:53 - [TEST_CASE][PASSED] - Test Cases/Popup/PopupButonSecilir: Test Cases/Popup/PopupButonSecilir

2021-11-18 11:41:53 - [TEST_STEP][PASSED] - Method.TextDegerineEsitElementeTikla(findTestObject("Popup/Popup_Butons"), Buton): Method.TextDegerineEsitElementeTikla is PASSED

2021-11-18 11:41:53 - [MESSAGE][INFO] - Finding Test Object 'Object Repository/Popup/Popup_Butons'

2021-11-18 11:41:53 - [MESSAGE][INFO] - Checking timeout

2021-11-18 11:41:53 - [MESSAGE][INFO] - Finding web element with id: 'Object Repository/Popup/Popup_Butons' located by 'By.cssSelector: .modal-footer>button' in '10' second(s)

2021-11-18 11:41:53 - [MESSAGE][INFO] - Smart Wait Function is triggered

2021-11-18 11:41:54 - [MESSAGE][INFO] - Found 1 web elements with id: 'Object Repository/Popup/Popup_Butons' located by 'By.cssSelector: .modal-footer>button' in '10' second(s)

2021-11-18 11:41:54 - [MESSAGE][PASSED] - Method.TextDegerineEsitElementeTikla is PASSED

2021-11-18 11:41:54 - [MESSAGE][PASSED] - Call Test Case 'Test Cases/Popup/PopupButonSecilir' successfully

2021-11-18 11:41:54 - [MESSAGE][INFO] - Checking called Test Case

2021-11-18 11:41:54 - [MESSAGE][INFO] - Starting to call Test Case 'Test Cases/Butonlar/ButonaTikla'

2021-11-18 11:41:54 - [TEST_CASE][PASSED] - Test Cases/Butonlar/ButonaTikla: Test Cases/Butonlar/ButonaTikla

2021-11-18 11:41:54 - [TEST_STEP][PASSED] - Method.TextDegerineEsitElementeTiklaEquals(findTestObject("Butonlar/Butonlar"), Buton_Adi): Method.TextDegerineEsitElementeTiklaEquals is PASSED

2021-11-18 11:41:54 - [MESSAGE][INFO] - Finding Test Object 'Object Repository/Butonlar/Butonlar'

2021-11-18 11:41:54 - [MESSAGE][INFO] - Checking timeout

2021-11-18 11:41:54 - [MESSAGE][INFO] - Finding web element with id: 'Object Repository/Butonlar/Butonlar' located by 'By.cssSelector: .panel.panel-default.text-center.footerPanel .btn,.btn.btn-primary.btnControls' in '10' second(s)

2021-11-18 11:41:54 - [MESSAGE][INFO] - Smart Wait Function is triggered

2021-11-18 11:41:55 - [MESSAGE][INFO] - Found 12 web elements with id: 'Object Repository/Butonlar/Butonlar' located by 'By.cssSelector: .panel.panel-default.text-center.footerPanel .btn,.btn.btn-primary.btnControls' in '10' second(s)

2021-11-18 11:41:55 - [MESSAGE][PASSED] - Method.TextDegerineEsitElementeTiklaEquals is PASSED

2021-11-18 11:41:55 - [MESSAGE][PASSED] - Call Test Case 'Test Cases/Butonlar/ButonaTikla' successfully

2021-11-18 11:41:55 - [MESSAGE][INFO] - Checking called Test Case

2021-11-18 11:41:55 - [MESSAGE][INFO] - Starting to call Test Case 'Test Cases/Butonlar/AltButonaTikla'

2021-11-18 11:41:55 - [TEST_CASE][PASSED] - Test Cases/Butonlar/AltButonaTikla: Test Cases/Butonlar/AltButonaTikla

2021-11-18 11:41:55 - [TEST_STEP][PASSED] - Method.TextDegerineEsitElementeTikla(findTestObject("Butonlar/AltButonlar"), Alt_Buton): Method.TextDegerineEsitElementeTikla is PASSED

2021-11-18 11:41:55 - [MESSAGE][INFO] - Finding Test Object 'Object Repository/Butonlar/AltButonlar'

2021-11-18 11:41:55 - [MESSAGE][INFO] - Checking timeout

2021-11-18 11:41:55 - [MESSAGE][INFO] - Finding web element with id: 'Object Repository/Butonlar/AltButonlar' located by 'By.cssSelector: .btn-group.open li>a' in '10' second(s)

2021-11-18 11:41:55 - [MESSAGE][INFO] - Smart Wait Function is triggered

2021-11-18 11:41:55 - [MESSAGE][INFO] - Found 2 web elements with id: 'Object Repository/Butonlar/AltButonlar' located by 'By.cssSelector: .btn-group.open li>a' in '10' second(s)

2021-11-18 11:41:55 - [MESSAGE][PASSED] - Method.TextDegerineEsitElementeTikla is PASSED

2021-11-18 11:41:55 - [MESSAGE][PASSED] - Call Test Case 'Test Cases/Butonlar/AltButonaTikla' successfully

2021-11-18 11:41:55 - [MESSAGE][INFO] - Checking called Test Case

2021-11-18 11:41:55 - [MESSAGE][INFO] - Starting to call Test Case 'Test Cases/Popup/PopupMesajiIceriyorMu'

2021-11-18 11:41:55 - [TEST_CASE][PASSED] - Test Cases/Popup/PopupMesajiIceriyorMu: Test Cases/Popup/PopupMesajiIceriyorMu

2021-11-18 11:41:55 - [TEST_STEP][PASSED] - waitForElementVisible(findTestObject("Popup/Popup"), 10): Object 'Object Repository/Popup/Popup' is visible

2021-11-18 11:41:55 - [MESSAGE][INFO] - Finding Test Object 'Object Repository/Popup/Popup'

2021-11-18 11:41:55 - [MESSAGE][INFO] - Checking object

2021-11-18 11:41:55 - [MESSAGE][INFO] - Checking timeout

2021-11-18 11:41:55 - [MESSAGE][INFO] - Finding web element from Test Object's properties

2021-11-18 11:41:55 - [MESSAGE][INFO] - Checking timeout

2021-11-18 11:41:55 - [MESSAGE][INFO] - Finding web element with id: 'Object Repository/Popup/Popup' located by 'By.cssSelector: .bootbox-body' in '10' second(s)

2021-11-18 11:41:55 - [MESSAGE][INFO] - Smart Wait Function is triggered

2021-11-18 11:41:56 - [MESSAGE][INFO] - Found 1 web elements with id: 'Object Repository/Popup/Popup' located by 'By.cssSelector: .bootbox-body' in '10' second(s)

2021-11-18 11:41:56 - [MESSAGE][PASSED] - Object 'Object Repository/Popup/Popup' is visible

2021-11-18 11:41:56 - [TEST_STEP][PASSED] - if (!(getText(findTestObject("Popup/Popup")).contains(Mesaj))): Text of object 'Object Repository/Popup/Popup' is: 'Lütfen rapor bildiriminin gönderileceği e-posta adresini belirtiniz.
e-Posta Adresi'

2021-11-18 11:41:56 - [MESSAGE][INFO] - Finding Test Object 'Object Repository/Popup/Popup'

2021-11-18 11:41:56 - [MESSAGE][INFO] - Checking object

2021-11-18 11:41:56 - [MESSAGE][INFO] - Finding web element from Test Object's properties

2021-11-18 11:41:56 - [MESSAGE][INFO] - Checking timeout

2021-11-18 11:41:56 - [MESSAGE][INFO] - Finding web element with id: 'Object Repository/Popup/Popup' located by 'By.cssSelector: .bootbox-body' in '30' second(s)

2021-11-18 11:41:56 - [MESSAGE][INFO] - Smart Wait Function is triggered

2021-11-18 11:41:56 - [MESSAGE][INFO] - Found 1 web elements with id: 'Object Repository/Popup/Popup' located by 'By.cssSelector: .bootbox-body' in '30' second(s)

2021-11-18 11:41:56 - [MESSAGE][INFO] - Getting text of object 'Object Repository/Popup/Popup'

2021-11-18 11:41:56 - [MESSAGE][PASSED] - Text of object 'Object Repository/Popup/Popup' is: 'Lütfen rapor bildiriminin gönderileceği e-posta adresini belirtiniz.
e-Posta Adresi'

2021-11-18 11:41:56 - [TEST_STEP][PASSED] - RaporNo = getText(findTestObject("Popup/Popup")).substring(0, 6): Text of object 'Object Repository/Popup/Popup' is: 'Lütfen rapor bildiriminin gönderileceği e-posta adresini belirtiniz.
e-Posta Adresi'

2021-11-18 11:41:56 - [MESSAGE][INFO] - Finding Test Object 'Object Repository/Popup/Popup'

2021-11-18 11:41:56 - [MESSAGE][INFO] - Checking object

2021-11-18 11:41:56 - [MESSAGE][INFO] - Finding web element from Test Object's properties

2021-11-18 11:41:56 - [MESSAGE][INFO] - Checking timeout

2021-11-18 11:41:56 - [MESSAGE][INFO] - Finding web element with id: 'Object Repository/Popup/Popup' located by 'By.cssSelector: .bootbox-body' in '30' second(s)

2021-11-18 11:41:56 - [MESSAGE][INFO] - Smart Wait Function is triggered

2021-11-18 11:41:56 - [MESSAGE][INFO] - Found 1 web elements with id: 'Object Repository/Popup/Popup' located by 'By.cssSelector: .bootbox-body' in '30' second(s)

2021-11-18 11:41:56 - [MESSAGE][INFO] - Getting text of object 'Object Repository/Popup/Popup'

2021-11-18 11:41:56 - [MESSAGE][PASSED] - Text of object 'Object Repository/Popup/Popup' is: 'Lütfen rapor bildiriminin gönderileceği e-posta adresini belirtiniz.
e-Posta Adresi'

2021-11-18 11:41:56 - [TEST_STEP][PASSED] - Console.println(RaporNo): null

2021-11-18 11:41:56 - [MESSAGE][PASSED] - Call Test Case 'Test Cases/Popup/PopupMesajiIceriyorMu' successfully

2021-11-18 11:41:56 - [MESSAGE][INFO] - Checking called Test Case

2021-11-18 11:41:56 - [MESSAGE][INFO] - Starting to call Test Case 'Test Cases/Popup/PopupaEmailEklenir'

2021-11-18 11:41:57 - [TEST_CASE][PASSED] - Test Cases/Popup/PopupaEmailEklenir: Test Cases/Popup/PopupaEmailEklenir

2021-11-18 11:41:57 - [TEST_STEP][PASSED] - clearText(findTestObject("Popup/EmailText")): Text of object 'Object Repository/Popup/EmailText' is cleared

2021-11-18 11:41:57 - [MESSAGE][INFO] - Finding Test Object 'Object Repository/Popup/EmailText'

2021-11-18 11:41:57 - [MESSAGE][INFO] - Checking object

2021-11-18 11:41:57 - [MESSAGE][INFO] - Finding web element from Test Object's properties

2021-11-18 11:41:57 - [MESSAGE][INFO] - Checking timeout

2021-11-18 11:41:57 - [MESSAGE][INFO] - Finding web element with id: 'Object Repository/Popup/EmailText' located by 'By.xpath: //*[@id="eMails"]' in '30' second(s)

2021-11-18 11:41:57 - [MESSAGE][INFO] - Smart Wait Function is triggered

2021-11-18 11:41:57 - [MESSAGE][INFO] - Found 1 web elements with id: 'Object Repository/Popup/EmailText' located by 'By.xpath: //*[@id="eMails"]' in '30' second(s)

2021-11-18 11:41:57 - [MESSAGE][INFO] - Clearing text of object 'Object Repository/Popup/EmailText'

2021-11-18 11:41:57 - [MESSAGE][PASSED] - Text of object 'Object Repository/Popup/EmailText' is cleared

2021-11-18 11:41:57 - [TEST_STEP][PASSED] - sendKeys(findTestObject("Popup/EmailText"), Email): Keys 'elogotest@gmail.com;ali.kara@logo.com.tr' sent to object: 'Object Repository/Popup/EmailText'

2021-11-18 11:41:57 - [MESSAGE][INFO] - Finding Test Object 'Object Repository/Popup/EmailText'

2021-11-18 11:41:57 - [MESSAGE][INFO] - Sending keys 'elogotest@gmail.com;ali.kara@logo.com.tr' to object: 'Object Repository/Popup/EmailText'

2021-11-18 11:41:57 - [MESSAGE][INFO] - Finding web element from Test Object's properties

2021-11-18 11:41:57 - [MESSAGE][INFO] - Checking timeout

2021-11-18 11:41:57 - [MESSAGE][INFO] - Finding web element with id: 'Object Repository/Popup/EmailText' located by 'By.xpath: //*[@id="eMails"]' in '30' second(s)

2021-11-18 11:41:57 - [MESSAGE][INFO] - Smart Wait Function is triggered

2021-11-18 11:41:57 - [MESSAGE][INFO] - Found 1 web elements with id: 'Object Repository/Popup/EmailText' located by 'By.xpath: //*[@id="eMails"]' in '30' second(s)

2021-11-18 11:41:57 - [MESSAGE][PASSED] - Keys 'elogotest@gmail.com;ali.kara@logo.com.tr' sent to object: 'Object Repository/Popup/EmailText'

2021-11-18 11:41:57 - [MESSAGE][PASSED] - Call Test Case 'Test Cases/Popup/PopupaEmailEklenir' successfully

2021-11-18 11:41:57 - [MESSAGE][INFO] - Checking called Test Case

2021-11-18 11:41:57 - [MESSAGE][INFO] - Starting to call Test Case 'Test Cases/Popup/PopupButonSecilir'

2021-11-18 11:41:57 - [TEST_CASE][PASSED] - Test Cases/Popup/PopupButonSecilir: Test Cases/Popup/PopupButonSecilir

2021-11-18 11:41:57 - [TEST_STEP][PASSED] - Method.TextDegerineEsitElementeTikla(findTestObject("Popup/Popup_Butons"), Buton): Method.TextDegerineEsitElementeTikla is PASSED

2021-11-18 11:41:57 - [MESSAGE][INFO] - Finding Test Object 'Object Repository/Popup/Popup_Butons'

2021-11-18 11:41:58 - [MESSAGE][INFO] - Checking timeout

2021-11-18 11:41:58 - [MESSAGE][INFO] - Finding web element with id: 'Object Repository/Popup/Popup_Butons' located by 'By.cssSelector: .modal-footer>button' in '10' second(s)

2021-11-18 11:41:58 - [MESSAGE][INFO] - Smart Wait Function is triggered

2021-11-18 11:41:58 - [MESSAGE][INFO] - Found 2 web elements with id: 'Object Repository/Popup/Popup_Butons' located by 'By.cssSelector: .modal-footer>button' in '10' second(s)

2021-11-18 11:41:58 - [MESSAGE][PASSED] - Method.TextDegerineEsitElementeTikla is PASSED

2021-11-18 11:41:58 - [MESSAGE][PASSED] - Call Test Case 'Test Cases/Popup/PopupButonSecilir' successfully

2021-11-18 11:41:58 - [MESSAGE][INFO] - Checking called Test Case

2021-11-18 11:41:58 - [MESSAGE][INFO] - Starting to call Test Case 'Test Cases/Popup/PopupMesajiIceriyorMu'

2021-11-18 11:41:58 - [TEST_CASE][PASSED] - Test Cases/Popup/PopupMesajiIceriyorMu: Test Cases/Popup/PopupMesajiIceriyorMu

2021-11-18 11:41:58 - [TEST_STEP][PASSED] - waitForElementVisible(findTestObject("Popup/Popup"), 10): Object 'Object Repository/Popup/Popup' is visible

2021-11-18 11:41:58 - [MESSAGE][INFO] - Finding Test Object 'Object Repository/Popup/Popup'

2021-11-18 11:41:58 - [MESSAGE][INFO] - Checking object

2021-11-18 11:41:58 - [MESSAGE][INFO] - Checking timeout

2021-11-18 11:41:58 - [MESSAGE][INFO] - Finding web element from Test Object's properties

2021-11-18 11:41:58 - [MESSAGE][INFO] - Checking timeout

2021-11-18 11:41:58 - [MESSAGE][INFO] - Finding web element with id: 'Object Repository/Popup/Popup' located by 'By.cssSelector: .bootbox-body' in '10' second(s)

2021-11-18 11:41:58 - [MESSAGE][INFO] - Smart Wait Function is triggered

2021-11-18 11:41:59 - [MESSAGE][INFO] - Found 1 web elements with id: 'Object Repository/Popup/Popup' located by 'By.cssSelector: .bootbox-body' in '10' second(s)

2021-11-18 11:41:59 - [MESSAGE][PASSED] - Object 'Object Repository/Popup/Popup' is visible

2021-11-18 11:41:59 - [TEST_STEP][PASSED] - if (!(getText(findTestObject("Popup/Popup")).contains(Mesaj))): Text of object 'Object Repository/Popup/Popup' is: '17389 no’lu talebiniz işleme alınmıştır. Raporunuz hazırlandığında (elogotest@gmail.com;ali.kara@logo.com.tr) adresinize mail gönderilecektir.
Rapor durumunuzu Raporlar > Toplu Veri İndirme ekranından takip edebilir, hazırlandı durumundaki raporlarınızı ilgili menüden indirebilirsiniz.'

2021-11-18 11:41:59 - [MESSAGE][INFO] - Finding Test Object 'Object Repository/Popup/Popup'

2021-11-18 11:41:59 - [MESSAGE][INFO] - Checking object

2021-11-18 11:41:59 - [MESSAGE][INFO] - Finding web element from Test Object's properties

2021-11-18 11:41:59 - [MESSAGE][INFO] - Checking timeout

2021-11-18 11:41:59 - [MESSAGE][INFO] - Finding web element with id: 'Object Repository/Popup/Popup' located by 'By.cssSelector: .bootbox-body' in '30' second(s)

2021-11-18 11:41:59 - [MESSAGE][INFO] - Smart Wait Function is triggered

2021-11-18 11:41:59 - [MESSAGE][INFO] - Found 1 web elements with id: 'Object Repository/Popup/Popup' located by 'By.cssSelector: .bootbox-body' in '30' second(s)

2021-11-18 11:41:59 - [MESSAGE][INFO] - Getting text of object 'Object Repository/Popup/Popup'

2021-11-18 11:41:59 - [MESSAGE][PASSED] - Text of object 'Object Repository/Popup/Popup' is: '17389 no’lu talebiniz işleme alınmıştır. Raporunuz hazırlandığında (elogotest@gmail.com;ali.kara@logo.com.tr) adresinize mail gönderilecektir.
Rapor durumunuzu Raporlar > Toplu Veri İndirme ekranından takip edebilir, hazırlandı durumundaki raporlarınızı ilgili menüden indirebilirsiniz.'

2021-11-18 11:41:59 - [TEST_STEP][PASSED] - RaporNo = getText(findTestObject("Popup/Popup")).substring(0, 6): Text of object 'Object Repository/Popup/Popup' is: '17389 no’lu talebiniz işleme alınmıştır. Raporunuz hazırlandığında (elogotest@gmail.com;ali.kara@logo.com.tr) adresinize mail gönderilecektir.
Rapor durumunuzu Raporlar > Toplu Veri İndirme ekranından takip edebilir, hazırlandı durumundaki raporlarınızı ilgili menüden indirebilirsiniz.'

2021-11-18 11:41:59 - [MESSAGE][INFO] - Finding Test Object 'Object Repository/Popup/Popup'

2021-11-18 11:41:59 - [MESSAGE][INFO] - Checking object

2021-11-18 11:41:59 - [MESSAGE][INFO] - Finding web element from Test Object's properties

2021-11-18 11:41:59 - [MESSAGE][INFO] - Checking timeout

2021-11-18 11:41:59 - [MESSAGE][INFO] - Finding web element with id: 'Object Repository/Popup/Popup' located by 'By.cssSelector: .bootbox-body' in '30' second(s)

2021-11-18 11:41:59 - [MESSAGE][INFO] - Smart Wait Function is triggered

2021-11-18 11:42:00 - [MESSAGE][INFO] - Found 1 web elements with id: 'Object Repository/Popup/Popup' located by 'By.cssSelector: .bootbox-body' in '30' second(s)

2021-11-18 11:42:00 - [MESSAGE][INFO] - Getting text of object 'Object Repository/Popup/Popup'

2021-11-18 11:42:00 - [MESSAGE][PASSED] - Text of object 'Object Repository/Popup/Popup' is: '17389 no’lu talebiniz işleme alınmıştır. Raporunuz hazırlandığında (elogotest@gmail.com;ali.kara@logo.com.tr) adresinize mail gönderilecektir.
Rapor durumunuzu Raporlar > Toplu Veri İndirme ekranından takip edebilir, hazırlandı durumundaki raporlarınızı ilgili menüden indirebilirsiniz.'

2021-11-18 11:42:00 - [TEST_STEP][PASSED] - Console.println(RaporNo): null

2021-11-18 11:42:00 - [MESSAGE][PASSED] - Call Test Case 'Test Cases/Popup/PopupMesajiIceriyorMu' successfully

2021-11-18 11:42:00 - [MESSAGE][INFO] - Checking called Test Case

2021-11-18 11:42:00 - [MESSAGE][INFO] - Starting to call Test Case 'Test Cases/Popup/PopupButonSecilir'

2021-11-18 11:42:00 - [TEST_CASE][PASSED] - Test Cases/Popup/PopupButonSecilir: Test Cases/Popup/PopupButonSecilir

2021-11-18 11:42:00 - [TEST_STEP][PASSED] - Method.TextDegerineEsitElementeTikla(findTestObject("Popup/Popup_Butons"), Buton): Method.TextDegerineEsitElementeTikla is PASSED

2021-11-18 11:42:00 - [MESSAGE][INFO] - Finding Test Object 'Object Repository/Popup/Popup_Butons'

2021-11-18 11:42:00 - [MESSAGE][INFO] - Checking timeout

2021-11-18 11:42:00 - [MESSAGE][INFO] - Finding web element with id: 'Object Repository/Popup/Popup_Butons' located by 'By.cssSelector: .modal-footer>button' in '10' second(s)

2021-11-18 11:42:00 - [MESSAGE][INFO] - Smart Wait Function is triggered

2021-11-18 11:42:00 - [MESSAGE][INFO] - Found 1 web elements with id: 'Object Repository/Popup/Popup_Butons' located by 'By.cssSelector: .modal-footer>button' in '10' second(s)

2021-11-18 11:42:00 - [MESSAGE][PASSED] - Method.TextDegerineEsitElementeTikla is PASSED

2021-11-18 11:42:00 - [MESSAGE][PASSED] - Call Test Case 'Test Cases/Popup/PopupButonSecilir' successfully

2021-11-18 11:42:00 - [MESSAGE][INFO] - Checking called Test Case

2021-11-18 11:42:00 - [MESSAGE][INFO] - Starting to call Test Case 'Test Cases/Menu/AnaMenuSecimi'

2021-11-18 11:42:00 - [TEST_CASE][PASSED] - Test Cases/Menu/AnaMenuSecimi: Test Cases/Menu/AnaMenuSecimi

2021-11-18 11:42:00 - [TEST_STEP][PASSED] - Method.TextDegerineEsitElementeTikla(findTestObject("Menu/Ana_Menu"), Ana_Menu): Method.TextDegerineEsitElementeTikla is PASSED

2021-11-18 11:42:00 - [MESSAGE][INFO] - Finding Test Object 'Object Repository/Menu/Ana_Menu'

2021-11-18 11:42:00 - [MESSAGE][INFO] - Checking timeout

2021-11-18 11:42:00 - [MESSAGE][INFO] - Finding web element with id: 'Object Repository/Menu/Ana_Menu' located by 'By.xpath: //*[@class = 'dropdown-toggle']' in '10' second(s)

2021-11-18 11:42:00 - [MESSAGE][INFO] - Smart Wait Function is triggered

2021-11-18 11:42:01 - [MESSAGE][INFO] - Found 14 web elements with id: 'Object Repository/Menu/Ana_Menu' located by 'By.xpath: //*[@class = 'dropdown-toggle']' in '10' second(s)

2021-11-18 11:42:01 - [MESSAGE][PASSED] - Method.TextDegerineEsitElementeTikla is PASSED

2021-11-18 11:42:01 - [MESSAGE][PASSED] - Call Test Case 'Test Cases/Menu/AnaMenuSecimi' successfully

2021-11-18 11:42:01 - [MESSAGE][INFO] - Checking called Test Case

2021-11-18 11:42:01 - [MESSAGE][INFO] - Starting to call Test Case 'Test Cases/Menu/AltMenuSecimi'

2021-11-18 11:42:01 - [TEST_CASE][PASSED] - Test Cases/Menu/AltMenuSecimi: Test Cases/Menu/AltMenuSecimi

2021-11-18 11:42:01 - [TEST_STEP][PASSED] - Method.TextDegerineEsitElementeTikla(findTestObject("Menu/Alt_Menu"), Alt_Menu): Method.TextDegerineEsitElementeTikla is PASSED

2021-11-18 11:42:01 - [MESSAGE][INFO] - Finding Test Object 'Object Repository/Menu/Alt_Menu'

2021-11-18 11:42:02 - [MESSAGE][INFO] - Checking timeout

2021-11-18 11:42:02 - [MESSAGE][INFO] - Finding web element with id: 'Object Repository/Menu/Alt_Menu' located by 'By.xpath: //li[@class='dropdown dropdown-large open']//li[@class='dropdown-element']' in '10' second(s)

2021-11-18 11:42:02 - [MESSAGE][INFO] - Smart Wait Function is triggered

2021-11-18 11:42:02 - [MESSAGE][INFO] - Found 9 web elements with id: 'Object Repository/Menu/Alt_Menu' located by 'By.xpath: //li[@class='dropdown dropdown-large open']//li[@class='dropdown-element']' in '10' second(s)

2021-11-18 11:42:03 - [MESSAGE][PASSED] - Method.TextDegerineEsitElementeTikla is PASSED

2021-11-18 11:42:03 - [MESSAGE][PASSED] - Call Test Case 'Test Cases/Menu/AltMenuSecimi' successfully

2021-11-18 11:42:03 - [MESSAGE][INFO] - Checking called Test Case

2021-11-18 11:42:03 - [MESSAGE][INFO] - Starting to call Test Case 'Test Cases/Filtreler/RaporNoYaz'

2021-11-18 11:42:03 - [TEST_CASE][PASSED] - Test Cases/Filtreler/RaporNoYaz: Test Cases/Filtreler/RaporNoYaz

2021-11-18 11:42:03 - [TEST_STEP][PASSED] - Method.TextDegerineEsitElementinAltindakiTextboxtaYaz(findTestObject("Filtreler/Basliklar"), findTestObject("Filtreler/Basliga_Gore_Textbox"), "Talep No", RaporNo): Method.TextDegerineEsitElementinAltindakiTextboxtaYaz is PASSED

2021-11-18 11:42:03 - [MESSAGE][INFO] - Finding Test Object 'Object Repository/Filtreler/Basliklar'

2021-11-18 11:42:03 - [MESSAGE][INFO] - Finding Test Object 'Object Repository/Filtreler/Basliga_Gore_Textbox'

2021-11-18 11:42:04 - [MESSAGE][INFO] - Checking timeout

2021-11-18 11:42:04 - [MESSAGE][INFO] - Finding web element with id: 'Object Repository/Filtreler/Basliklar' located by 'By.cssSelector: .control-label.col-sm-4.paddingMarginRLC' in '10' second(s)

2021-11-18 11:42:04 - [MESSAGE][INFO] - Smart Wait Function is triggered

2021-11-18 11:42:04 - [MESSAGE][INFO] - Found 8 web elements with id: 'Object Repository/Filtreler/Basliklar' located by 'By.cssSelector: .control-label.col-sm-4.paddingMarginRLC' in '10' second(s)

2021-11-18 11:42:04 - [MESSAGE][INFO] - Smart Wait Function is triggered

2021-11-18 11:42:05 - [MESSAGE][PASSED] - Method.TextDegerineEsitElementinAltindakiTextboxtaYaz is PASSED

2021-11-18 11:42:05 - [MESSAGE][PASSED] - Call Test Case 'Test Cases/Filtreler/RaporNoYaz' successfully

2021-11-18 11:42:05 - [MESSAGE][INFO] - Checking called Test Case

2021-11-18 11:42:05 - [MESSAGE][INFO] - Starting to call Test Case 'Test Cases/Filtreler/ButonaTikla'

2021-11-18 11:42:05 - [TEST_CASE][PASSED] - Test Cases/Filtreler/ButonaTikla: Test Cases/Filtreler/ButonaTikla

2021-11-18 11:42:05 - [TEST_STEP][PASSED] - Method.TextDegerineEsitElementeTikla(findTestObject("Filtreler/Butonlar"), Filtre_Buton): Method.TextDegerineEsitElementeTikla is PASSED

2021-11-18 11:42:05 - [MESSAGE][INFO] - Finding Test Object 'Object Repository/Filtreler/Butonlar'

2021-11-18 11:42:05 - [MESSAGE][INFO] - Checking timeout

2021-11-18 11:42:05 - [MESSAGE][INFO] - Finding web element with id: 'Object Repository/Filtreler/Butonlar' located by 'By.cssSelector: .dxb>span' in '10' second(s)

2021-11-18 11:42:05 - [MESSAGE][INFO] - Smart Wait Function is triggered

2021-11-18 11:42:05 - [MESSAGE][INFO] - Found 2 web elements with id: 'Object Repository/Filtreler/Butonlar' located by 'By.cssSelector: .dxb>span' in '10' second(s)

2021-11-18 11:42:05 - [MESSAGE][PASSED] - Method.TextDegerineEsitElementeTikla is PASSED

2021-11-18 11:42:05 - [MESSAGE][PASSED] - Call Test Case 'Test Cases/Filtreler/ButonaTikla' successfully

2021-11-18 11:42:05 - [MESSAGE][INFO] - Checking called Test Case

2021-11-18 11:42:05 - [MESSAGE][INFO] - Starting to call Test Case 'Test Cases/Tablo/TablodaVeriVarMi'

2021-11-18 11:42:05 - [TEST_CASE][PASSED] - Test Cases/Tablo/TablodaVeriVarMi: Test Cases/Tablo/TablodaVeriVarMi

2021-11-18 11:42:05 - [TEST_STEP][PASSED] - verifyTextNotPresent("Görüntülenecek veri yok", true): Text 'Görüntülenecek veri yok' is not present on page using regular expression

2021-11-18 11:42:05 - [MESSAGE][INFO] - Checking text present  using regular expression

2021-11-18 11:42:05 - [MESSAGE][INFO] - Smart Wait Function is triggered

2021-11-18 11:42:06 - [MESSAGE][INFO] - Finding text 'Görüntülenecek veri yok' on page  using regular expression

2021-11-18 11:42:06 - [MESSAGE][PASSED] - Text 'Görüntülenecek veri yok' is not present on page using regular expression

2021-11-18 11:42:06 - [MESSAGE][PASSED] - Call Test Case 'Test Cases/Tablo/TablodaVeriVarMi' successfully

2021-11-18 11:42:06 - [MESSAGE][INFO] - Checking called Test Case

2021-11-18 11:42:06 - [MESSAGE][INFO] - Starting to call Test Case 'Test Cases/Kullanici_Islemleri/KullaniciIslemlerindenSecimYapilir'

2021-11-18 11:42:06 - [TEST_CASE][PASSED] - Test Cases/Kullanici_Islemleri/KullaniciIslemlerindenSecimYapilir: Test Cases/Kullanici_Islemleri/KullaniciIslemlerindenSecimYapilir

2021-11-18 11:42:06 - [TEST_STEP][PASSED] - waitForElementClickable(findTestObject("Object Repository/Kullanici_Islemleri/KullaniciIslemleri"), 10): Object 'Object Repository/Kullanici_Islemleri/KullaniciIslemleri' is clickable

2021-11-18 11:42:06 - [MESSAGE][INFO] - Finding Test Object 'Object Repository/Kullanici_Islemleri/KullaniciIslemleri'

2021-11-18 11:42:06 - [MESSAGE][INFO] - Checking object

2021-11-18 11:42:06 - [MESSAGE][INFO] - Checking timeout

2021-11-18 11:42:06 - [MESSAGE][INFO] - Finding web element from Test Object's properties

2021-11-18 11:42:06 - [MESSAGE][INFO] - Checking timeout

2021-11-18 11:42:06 - [MESSAGE][INFO] - Finding web element with id: 'Object Repository/Kullanici_Islemleri/KullaniciIslemleri' located by 'By.cssSelector: .dropdown>a>img' in '10' second(s)

2021-11-18 11:42:06 - [MESSAGE][INFO] - Smart Wait Function is triggered

2021-11-18 11:42:06 - [MESSAGE][INFO] - Found 1 web elements with id: 'Object Repository/Kullanici_Islemleri/KullaniciIslemleri' located by 'By.cssSelector: .dropdown>a>img' in '10' second(s)

2021-11-18 11:42:06 - [MESSAGE][PASSED] - Object 'Object Repository/Kullanici_Islemleri/KullaniciIslemleri' is clickable

2021-11-18 11:42:06 - [TEST_STEP][PASSED] - click(findTestObject("Object Repository/Kullanici_Islemleri/KullaniciIslemleri")): Object: 'Object Repository/Kullanici_Islemleri/KullaniciIslemleri' is clicked on

2021-11-18 11:42:06 - [MESSAGE][INFO] - Finding Test Object 'Object Repository/Kullanici_Islemleri/KullaniciIslemleri'

2021-11-18 11:42:07 - [MESSAGE][INFO] - Checking object

2021-11-18 11:42:07 - [MESSAGE][INFO] - Finding web element from Test Object's properties

2021-11-18 11:42:07 - [MESSAGE][INFO] - Checking timeout

2021-11-18 11:42:07 - [MESSAGE][INFO] - Finding web element with id: 'Object Repository/Kullanici_Islemleri/KullaniciIslemleri' located by 'By.cssSelector: .dropdown>a>img' in '30' second(s)

2021-11-18 11:42:07 - [MESSAGE][INFO] - Smart Wait Function is triggered

2021-11-18 11:42:07 - [MESSAGE][INFO] - Found 1 web elements with id: 'Object Repository/Kullanici_Islemleri/KullaniciIslemleri' located by 'By.cssSelector: .dropdown>a>img' in '30' second(s)

2021-11-18 11:42:07 - [MESSAGE][INFO] - Clicking on object: 'Object Repository/Kullanici_Islemleri/KullaniciIslemleri'

2021-11-18 11:42:07 - [MESSAGE][PASSED] - Object: 'Object Repository/Kullanici_Islemleri/KullaniciIslemleri' is clicked on

2021-11-18 11:42:07 - [TEST_STEP][PASSED] - Method.TextDegerineEsitElementeTikla(findTestObject("Object Repository/Kullanici_Islemleri/Secenekler"), Islem): Method.TextDegerineEsitElementeTikla is PASSED

2021-11-18 11:42:07 - [MESSAGE][INFO] - Finding Test Object 'Object Repository/Kullanici_Islemleri/Secenekler'

2021-11-18 11:42:07 - [MESSAGE][INFO] - Checking timeout

2021-11-18 11:42:07 - [MESSAGE][INFO] - Finding web element with id: 'Object Repository/Kullanici_Islemleri/Secenekler' located by 'By.cssSelector: .nav.navbar-nav.navbar-right li a' in '10' second(s)

2021-11-18 11:42:07 - [MESSAGE][INFO] - Smart Wait Function is triggered

2021-11-18 11:42:08 - [MESSAGE][INFO] - Found 22 web elements with id: 'Object Repository/Kullanici_Islemleri/Secenekler' located by 'By.cssSelector: .nav.navbar-nav.navbar-right li a' in '10' second(s)

2021-11-18 11:42:10 - [MESSAGE][PASSED] - Method.TextDegerineEsitElementeTikla is PASSED

2021-11-18 11:42:10 - [TEST_STEP][PASSED] - verifyElementNotPresent(findTestObject("Object Repository/Kullanici_Islemleri/Secenekler"), 10): Web element with id: 'Object Repository/Kullanici_Islemleri/Secenekler' located by 'By.cssSelector: .nav.navbar-nav.navbar-right li a' is not present after '10' second(s)

2021-11-18 11:42:10 - [MESSAGE][INFO] - Finding Test Object 'Object Repository/Kullanici_Islemleri/Secenekler'

2021-11-18 11:42:10 - [MESSAGE][INFO] - Checking object

2021-11-18 11:42:10 - [MESSAGE][INFO] - Checking timeout

2021-11-18 11:42:10 - [MESSAGE][INFO] - Finding web element with id: 'Object Repository/Kullanici_Islemleri/Secenekler' located by 'By.cssSelector: .nav.navbar-nav.navbar-right li a' in '10' second(s)

2021-11-18 11:42:10 - [MESSAGE][INFO] - Smart Wait Function is triggered

2021-11-18 11:42:10 - [MESSAGE][PASSED] - Web element with id: 'Object Repository/Kullanici_Islemleri/Secenekler' located by 'By.cssSelector: .nav.navbar-nav.navbar-right li a' is not present after '10' second(s)

2021-11-18 11:42:10 - [MESSAGE][PASSED] - Call Test Case 'Test Cases/Kullanici_Islemleri/KullaniciIslemlerindenSecimYapilir' successfully

2021-11-18 11:42:10 - [TEST_CASE][PASSED] - Start Test Case : SCENARIO Irsaliyenin excele aktarilmasi: SCENARIO Irsaliyenin excele aktarilmasi

2021-11-18 11:42:10 - [TEST_STEP][PASSED] - Kullanıcı adı ELOGO6 ve Şifre 123456 olarak giriş yapılır: Kullanıcı adı ELOGO6 ve Şifre 123456 olarak giriş yapılır

2021-11-18 11:42:10 - [MESSAGE][PASSED] - Kullanıcı adı ELOGO6 ve Şifre 123456 olarak giriş yapılır

2021-11-18 11:42:10 - [TEST_STEP][PASSED] - Ana menüden e-İrsaliye seçilir: Ana menüden e-İrsaliye seçilir

2021-11-18 11:42:10 - [MESSAGE][PASSED] - Ana menüden e-İrsaliye seçilir

2021-11-18 11:42:10 - [TEST_STEP][PASSED] - Alt menü Gelen Kutusu başlığı altındaki İrsaliyeler seçilir: Alt menü Gelen Kutusu başlığı altındaki İrsaliyeler seçilir

2021-11-18 11:42:10 - [MESSAGE][PASSED] - Alt menü Gelen Kutusu başlığı altındaki İrsaliyeler seçilir

2021-11-18 11:42:10 - [TEST_STEP][PASSED] - Filtrelerden Oluşturma Tarihi filtresine 01.12.2020 baslangic degerini yaz: Filtrelerden Oluşturma Tarihi filtresine 01.12.2020 baslangic degerini yaz

2021-11-18 11:42:10 - [MESSAGE][PASSED] - Filtrelerden Oluşturma Tarihi filtresine 01.12.2020 baslangic degerini yaz

2021-11-18 11:42:10 - [TEST_STEP][PASSED] - Filtrelerden Oluşturma Tarihi filtresine 31.12.2020 bitis degerini yaz: Filtrelerden Oluşturma Tarihi filtresine 31.12.2020 bitis degerini yaz

2021-11-18 11:42:10 - [MESSAGE][PASSED] - Filtrelerden Oluşturma Tarihi filtresine 31.12.2020 bitis degerini yaz

2021-11-18 11:42:10 - [TEST_STEP][PASSED] - Filtre butonlarından Listele seçilir: Filtre butonlarından Listele seçilir

2021-11-18 11:42:10 - [MESSAGE][PASSED] - Filtre butonlarından Listele seçilir

2021-11-18 11:42:10 - [TEST_STEP][PASSED] - Tabloda veri var mı kontrol edilir: Tabloda veri var mı kontrol edilir

2021-11-18 11:42:10 - [MESSAGE][PASSED] - Tabloda veri var mı kontrol edilir

2021-11-18 11:42:10 - [TEST_STEP][PASSED] - Tablodan Logo Elektronik GIB Test isimli veri seçilir: Tablodan Logo Elektronik GIB Test isimli veri seçilir

2021-11-18 11:42:10 - [MESSAGE][PASSED] - Tablodan Logo Elektronik GIB Test isimli veri seçilir

2021-11-18 11:42:10 - [TEST_STEP][PASSED] - Butonlardan Excel isimli butona tıklanır: Butonlardan Excel isimli butona tıklanır

2021-11-18 11:42:10 - [MESSAGE][PASSED] - Butonlardan Excel isimli butona tıklanır

2021-11-18 11:42:10 - [TEST_STEP][PASSED] - Alt butonlardan Excel'e Aktar butonuna tıklanır: Alt butonlardan Excel'e Aktar butonuna tıklanır

2021-11-18 11:42:10 - [MESSAGE][PASSED] - Alt butonlardan Excel'e Aktar butonuna tıklanır

2021-11-18 11:42:10 - [TEST_STEP][PASSED] - Popup mesajı Lütfen rapor bildiriminin gönderileceği e-posta adresini belirtiniz. içeriyor mu: Popup mesajı Lütfen rapor bildiriminin gönderileceği e-posta adresini belirtiniz. içeriyor mu

2021-11-18 11:42:10 - [MESSAGE][PASSED] - Popup mesajı Lütfen rapor bildiriminin gönderileceği e-posta adresini belirtiniz. içeriyor mu

2021-11-18 11:42:10 - [TEST_STEP][PASSED] - Popup email elogotest@gmail.com;ali.kara@logo.com.tr olarak girilir: Popup email elogotest@gmail.com;ali.kara@logo.com.tr olarak girilir

2021-11-18 11:42:10 - [MESSAGE][PASSED] - Popup email elogotest@gmail.com;ali.kara@logo.com.tr olarak girilir

2021-11-18 11:42:10 - [TEST_STEP][PASSED] - Yönetim popupında Gönder seçilir: Yönetim popupında Gönder seçilir

2021-11-18 11:42:10 - [MESSAGE][PASSED] - Yönetim popupında Gönder seçilir

2021-11-18 11:42:10 - [TEST_STEP][PASSED] - Popup mesajı talebiniz işleme alınmıştır içeriyor mu: Popup mesajı talebiniz işleme alınmıştır içeriyor mu

2021-11-18 11:42:10 - [MESSAGE][PASSED] - Popup mesajı talebiniz işleme alınmıştır içeriyor mu

2021-11-18 11:42:10 - [TEST_STEP][PASSED] - Yönetim popupında Tamam seçilir: Yönetim popupında Tamam seçilir

2021-11-18 11:42:10 - [MESSAGE][PASSED] - Yönetim popupında Tamam seçilir

2021-11-18 11:42:10 - [TEST_STEP][PASSED] - Butonlardan Excel isimli butona tıklanır: Butonlardan Excel isimli butona tıklanır

2021-11-18 11:42:10 - [MESSAGE][PASSED] - Butonlardan Excel isimli butona tıklanır

2021-11-18 11:42:10 - [TEST_STEP][PASSED] - Alt butonlardan Tümünü Excel'e Aktar butonuna tıklanır: Alt butonlardan Tümünü Excel'e Aktar butonuna tıklanır

2021-11-18 11:42:10 - [MESSAGE][PASSED] - Alt butonlardan Tümünü Excel'e Aktar butonuna tıklanır

2021-11-18 11:42:10 - [TEST_STEP][PASSED] - Popup mesajı Lütfen rapor bildiriminin gönderileceği e-posta adresini belirtiniz. içeriyor mu: Popup mesajı Lütfen rapor bildiriminin gönderileceği e-posta adresini belirtiniz. içeriyor mu

2021-11-18 11:42:10 - [MESSAGE][PASSED] - Popup mesajı Lütfen rapor bildiriminin gönderileceği e-posta adresini belirtiniz. içeriyor mu

2021-11-18 11:42:10 - [TEST_STEP][PASSED] - Popup email elogotest@gmail.com;ali.kara@logo.com.tr olarak girilir: Popup email elogotest@gmail.com;ali.kara@logo.com.tr olarak girilir

2021-11-18 11:42:10 - [MESSAGE][PASSED] - Popup email elogotest@gmail.com;ali.kara@logo.com.tr olarak girilir

2021-11-18 11:42:10 - [TEST_STEP][PASSED] - Yönetim popupında Gönder seçilir: Yönetim popupında Gönder seçilir

2021-11-18 11:42:10 - [MESSAGE][PASSED] - Yönetim popupında Gönder seçilir

2021-11-18 11:42:10 - [TEST_STEP][PASSED] - Popup mesajı talebiniz işleme alınmıştır içeriyor mu: Popup mesajı talebiniz işleme alınmıştır içeriyor mu

2021-11-18 11:42:10 - [MESSAGE][PASSED] - Popup mesajı talebiniz işleme alınmıştır içeriyor mu

2021-11-18 11:42:10 - [TEST_STEP][PASSED] - Yönetim popupında Tamam seçilir: Yönetim popupında Tamam seçilir

2021-11-18 11:42:10 - [MESSAGE][PASSED] - Yönetim popupında Tamam seçilir

2021-11-18 11:42:10 - [TEST_STEP][PASSED] - Ana menüden Raporlar seçilir: Ana menüden Raporlar seçilir

2021-11-18 11:42:10 - [MESSAGE][PASSED] - Ana menüden Raporlar seçilir

2021-11-18 11:42:10 - [TEST_STEP][PASSED] - Alt menüden Toplu Veri İndirme seçilir: Alt menüden Toplu Veri İndirme seçilir

2021-11-18 11:42:10 - [MESSAGE][PASSED] - Alt menüden Toplu Veri İndirme seçilir

2021-11-18 11:42:10 - [TEST_STEP][PASSED] - Filtrelerden Talep No filtresine Rapor No bilgisi yaz: Filtrelerden Talep No filtresine Rapor No bilgisi yaz

2021-11-18 11:42:10 - [MESSAGE][PASSED] - Filtrelerden Talep No filtresine Rapor No bilgisi yaz

2021-11-18 11:42:10 - [TEST_STEP][PASSED] - Filtre butonlarından Listele seçilir: Filtre butonlarından Listele seçilir

2021-11-18 11:42:10 - [MESSAGE][PASSED] - Filtre butonlarından Listele seçilir

2021-11-18 11:42:10 - [TEST_STEP][PASSED] - Tabloda veri var mı kontrol edilir: Tabloda veri var mı kontrol edilir

2021-11-18 11:42:10 - [MESSAGE][PASSED] - Tabloda veri var mı kontrol edilir

2021-11-18 11:42:10 - [TEST_STEP][PASSED] - Kullanıcı işlemlerinden Çıkış seçilir: Kullanıcı işlemlerinden Çıkış seçilir

2021-11-18 11:42:10 - [MESSAGE][PASSED] - Kullanıcı işlemlerinden Çıkış seçilir

2021-11-18 11:42:10 - [MESSAGE][PASSED] - Feature file: 'Include/features/e-Irsaliye/Gelen Kutusu/Irsaliyeler/Excele Aktar.feature' was passed

2021-11-18 11:42:10 - [TEST_STEP][PASSED] - Start listener action : sampleAfterTestSuite: Invoke 'com.kms.katalon.core.annotation.AfterTestCase' method: 'Listener.sampleAfterTestSuite(...)' completed.

2021-11-18 11:42:10 - [MESSAGE][INFO] - Starting invoke 'com.kms.katalon.core.annotation.AfterTestCase' method: 'Listener.sampleAfterTestSuite(...)'

2021-11-18 11:42:10 - [TEST_STEP][PASSED] - closeBrowser(): Invoke 'com.kms.katalon.core.annotation.AfterTestCase' method: 'Listener.sampleAfterTestSuite(...)' completed.

2021-11-18 11:42:10 - [MESSAGE][INFO] - Closing browser

2021-11-18 11:42:11 - [MESSAGE][PASSED] - Browser is closed

2021-11-18 11:42:11 - [MESSAGE][INFO] - Invoke 'com.kms.katalon.core.annotation.AfterTestCase' method: 'Listener.sampleAfterTestSuite(...)' completed.]]></system-out>
         <system-err><![CDATA[]]></system-err>
      </testcase>
      <testcase name="Test Cases/Case Repository/e-Irsaliye/Gelen Kutusu/Irsaliye Yanitlari/Toplu Indirme" time="55.895" classname="Test Cases/Case Repository/e-Irsaliye/Gelen Kutusu/Irsaliye Yanitlari/Toplu Indirme" status="PASSED">
         <system-out><![CDATA[2021-11-18 11:42:11 - [TEST_CASE][PASSED] - Test Cases/Case Repository/e-Irsaliye/Gelen Kutusu/Irsaliye Yanitlari/Toplu Indirme: Test Cases/Case Repository/e-Irsaliye/Gelen Kutusu/Irsaliye Yanitlari/Toplu Indirme

2021-11-18 11:42:11 - [TEST_STEP][PASSED] - Start listener action : sampleBeforeTestSuite: Invoke 'com.kms.katalon.core.annotation.BeforeTestCase' method: 'Listener.sampleBeforeTestSuite(...)' completed.

2021-11-18 11:42:11 - [MESSAGE][INFO] - Starting invoke 'com.kms.katalon.core.annotation.BeforeTestCase' method: 'Listener.sampleBeforeTestSuite(...)'

2021-11-18 11:42:11 - [TEST_STEP][PASSED] - openBrowser(baseUrl): Browser is opened with url: 'https://efatura-stage.elogo.com.tr/'

2021-11-18 11:42:11 - [MESSAGE][INFO] - Opening browser

2021-11-18 11:42:11 - [MESSAGE][INFO] - Starting 'Chrome' driver

2021-11-18 11:42:11 - [MESSAGE][INFO] - User set preference: ['prefs', '{download.default_directory=C:\otomasyondownfiles}']

2021-11-18 11:42:11 - [MESSAGE][INFO] - Action delay is set to 0 milliseconds

2021-11-18 11:42:13 - [MESSAGE][INFO] - Navigating browser to: 'https://efatura-stage.elogo.com.tr/'

2021-11-18 11:42:15 - [MESSAGE][PASSED] - Browser is opened with url: 'https://efatura-stage.elogo.com.tr/'

2021-11-18 11:42:15 - [TEST_STEP][PASSED] - maximizeWindow(): Invoke 'com.kms.katalon.core.annotation.BeforeTestCase' method: 'Listener.sampleBeforeTestSuite(...)' completed.

2021-11-18 11:42:15 - [MESSAGE][INFO] - Maximizing current window

2021-11-18 11:42:16 - [MESSAGE][PASSED] - Current window maximized

2021-11-18 11:42:16 - [MESSAGE][INFO] - Invoke 'com.kms.katalon.core.annotation.BeforeTestCase' method: 'Listener.sampleBeforeTestSuite(...)' completed.

2021-11-18 11:42:16 - [TEST_STEP][PASSED] - runFeatureFile("Include/features/e-Irsaliye/Gelen Kutusu/Irsaliye Yanitlari/Toplu Indirme.feature"): Feature file: 'Include/features/e-Irsaliye/Gelen Kutusu/Irsaliye Yanitlari/Toplu Indirme.feature' was passed

2021-11-18 11:42:16 - [MESSAGE][INFO] - Starting run keyword runFeatureFile: 'Include/features/e-Irsaliye/Gelen Kutusu/Irsaliye Yanitlari/Toplu Indirme.feature' and extract report to folder: 'C:\Users\DELL\Documents\GitHub\EES_KatalonLogo\Reports\20211118_110909\Suite Repository\ExceleAktarVeTopluIndirme\20211118_110948/cucumber_report/1637224936587'...

2021-11-18 11:42:16 - [MESSAGE][INFO] - Glue: []

2021-11-18 11:42:18 - [MESSAGE][INFO] - Checking called Test Case

2021-11-18 11:42:18 - [MESSAGE][INFO] - Starting to call Test Case 'Test Cases/Sayfalar/Giris_Sayfasi/Login'

2021-11-18 11:42:18 - [TEST_CASE][PASSED] - Test Cases/Sayfalar/Giris_Sayfasi/Login: Test Cases/Sayfalar/Giris_Sayfasi/Login

2021-11-18 11:42:18 - [TEST_STEP][PASSED] - Sayfa_Basligi = getWindowTitle(): Current window's title is: 'LOGO e-Fatura'

2021-11-18 11:42:18 - [MESSAGE][INFO] - Getting current window's title

2021-11-18 11:42:18 - [MESSAGE][PASSED] - Current window's title is: 'LOGO e-Fatura'

2021-11-18 11:42:18 - [TEST_STEP][PASSED] - verifyMatch(Sayfa_Basligi, "LOGO e-Fatura", false): Actual text 'LOGO e-Fatura' and expected text 'LOGO e-Fatura' are matched 

2021-11-18 11:42:18 - [MESSAGE][INFO] - Matching actual text 'LOGO e-Fatura' with expected text 'LOGO e-Fatura'

2021-11-18 11:42:18 - [MESSAGE][PASSED] - Actual text 'LOGO e-Fatura' and expected text 'LOGO e-Fatura' are matched 

2021-11-18 11:42:18 - [TEST_STEP][PASSED] - sendKeys(findTestObject("Sayfalar/Giris_Sayfasi/Firma_Kodu"), KullaniciAdi): Keys 'ELOGO6' sent to object: 'Object Repository/Sayfalar/Giris_Sayfasi/Firma_Kodu'

2021-11-18 11:42:18 - [MESSAGE][INFO] - Finding Test Object 'Object Repository/Sayfalar/Giris_Sayfasi/Firma_Kodu'

2021-11-18 11:42:18 - [MESSAGE][INFO] - Sending keys 'ELOGO6' to object: 'Object Repository/Sayfalar/Giris_Sayfasi/Firma_Kodu'

2021-11-18 11:42:18 - [MESSAGE][INFO] - Finding web element from Test Object's properties

2021-11-18 11:42:18 - [MESSAGE][INFO] - Checking timeout

2021-11-18 11:42:18 - [MESSAGE][INFO] - Finding web element with id: 'Object Repository/Sayfalar/Giris_Sayfasi/Firma_Kodu' located by 'By.xpath: //*[@id = 'AccountName']' in '30' second(s)

2021-11-18 11:42:18 - [MESSAGE][INFO] - Smart Wait Function is triggered

2021-11-18 11:42:18 - [MESSAGE][INFO] - Found 1 web elements with id: 'Object Repository/Sayfalar/Giris_Sayfasi/Firma_Kodu' located by 'By.xpath: //*[@id = 'AccountName']' in '30' second(s)

2021-11-18 11:42:19 - [MESSAGE][PASSED] - Keys 'ELOGO6' sent to object: 'Object Repository/Sayfalar/Giris_Sayfasi/Firma_Kodu'

2021-11-18 11:42:19 - [TEST_STEP][PASSED] - sendKeys(findTestObject("Sayfalar/Giris_Sayfasi/Sifre"), Sifre): Keys '123456' sent to object: 'Object Repository/Sayfalar/Giris_Sayfasi/Sifre'

2021-11-18 11:42:19 - [MESSAGE][INFO] - Finding Test Object 'Object Repository/Sayfalar/Giris_Sayfasi/Sifre'

2021-11-18 11:42:19 - [MESSAGE][INFO] - Sending keys '123456' to object: 'Object Repository/Sayfalar/Giris_Sayfasi/Sifre'

2021-11-18 11:42:19 - [MESSAGE][INFO] - Finding web element from Test Object's properties

2021-11-18 11:42:19 - [MESSAGE][INFO] - Checking timeout

2021-11-18 11:42:19 - [MESSAGE][INFO] - Finding web element with id: 'Object Repository/Sayfalar/Giris_Sayfasi/Sifre' located by 'By.xpath: //*[@id = 'Password']' in '30' second(s)

2021-11-18 11:42:19 - [MESSAGE][INFO] - Smart Wait Function is triggered

2021-11-18 11:42:19 - [MESSAGE][INFO] - Found 1 web elements with id: 'Object Repository/Sayfalar/Giris_Sayfasi/Sifre' located by 'By.xpath: //*[@id = 'Password']' in '30' second(s)

2021-11-18 11:42:19 - [MESSAGE][PASSED] - Keys '123456' sent to object: 'Object Repository/Sayfalar/Giris_Sayfasi/Sifre'

2021-11-18 11:42:19 - [TEST_STEP][PASSED] - findWebElement(findTestObject("Sayfalar/Giris_Sayfasi/Giris_Butonu")).click(): Found 1 web elements with id: 'Object Repository/Sayfalar/Giris_Sayfasi/Giris_Butonu' located by 'By.cssSelector: #btnLogin' in '30' second(s)

2021-11-18 11:42:19 - [MESSAGE][INFO] - Finding Test Object 'Object Repository/Sayfalar/Giris_Sayfasi/Giris_Butonu'

2021-11-18 11:42:19 - [MESSAGE][INFO] - Finding web element from Test Object's properties

2021-11-18 11:42:19 - [MESSAGE][INFO] - Checking timeout

2021-11-18 11:42:19 - [MESSAGE][INFO] - Finding web element with id: 'Object Repository/Sayfalar/Giris_Sayfasi/Giris_Butonu' located by 'By.cssSelector: #btnLogin' in '30' second(s)

2021-11-18 11:42:19 - [MESSAGE][INFO] - Smart Wait Function is triggered

2021-11-18 11:42:20 - [MESSAGE][INFO] - Found 1 web elements with id: 'Object Repository/Sayfalar/Giris_Sayfasi/Giris_Butonu' located by 'By.cssSelector: #btnLogin' in '30' second(s)

2021-11-18 11:42:22 - [TEST_STEP][PASSED] - if (verifyElementPresent(findTestObject("Object Repository/Sayfalar/Giris_Sayfasi/RetveTamam_Butonu"), 5, OPTIONAL)): null

2021-11-18 11:42:22 - [MESSAGE][INFO] - Finding Test Object 'Object Repository/Sayfalar/Giris_Sayfasi/RetveTamam_Butonu'

2021-11-18 11:42:22 - [MESSAGE][INFO] - Checking object

2021-11-18 11:42:22 - [MESSAGE][INFO] - Finding web element from Test Object's properties

2021-11-18 11:42:22 - [MESSAGE][INFO] - Checking timeout

2021-11-18 11:42:22 - [MESSAGE][INFO] - Finding web element with id: 'Object Repository/Sayfalar/Giris_Sayfasi/RetveTamam_Butonu' located by 'By.xpath: //*[@class = 'btn btn-default']' in '5' second(s)

2021-11-18 11:42:22 - [MESSAGE][INFO] - Smart Wait Function is triggered

2021-11-18 11:42:23 - [MESSAGE][INFO] - Found 1 web elements with id: 'Object Repository/Sayfalar/Giris_Sayfasi/RetveTamam_Butonu' located by 'By.xpath: //*[@class = 'btn btn-default']' in '5' second(s)

2021-11-18 11:42:23 - [MESSAGE][PASSED] - Object 'Object Repository/Sayfalar/Giris_Sayfasi/RetveTamam_Butonu' is present

2021-11-18 11:42:23 - [TEST_STEP][PASSED] - click(findTestObject("Object Repository/Sayfalar/Giris_Sayfasi/RetveTamam_Butonu")): Object: 'Object Repository/Sayfalar/Giris_Sayfasi/RetveTamam_Butonu' is clicked on

2021-11-18 11:42:23 - [MESSAGE][INFO] - Finding Test Object 'Object Repository/Sayfalar/Giris_Sayfasi/RetveTamam_Butonu'

2021-11-18 11:42:23 - [MESSAGE][INFO] - Checking object

2021-11-18 11:42:23 - [MESSAGE][INFO] - Finding web element from Test Object's properties

2021-11-18 11:42:23 - [MESSAGE][INFO] - Checking timeout

2021-11-18 11:42:23 - [MESSAGE][INFO] - Finding web element with id: 'Object Repository/Sayfalar/Giris_Sayfasi/RetveTamam_Butonu' located by 'By.xpath: //*[@class = 'btn btn-default']' in '30' second(s)

2021-11-18 11:42:23 - [MESSAGE][INFO] - Smart Wait Function is triggered

2021-11-18 11:42:23 - [MESSAGE][INFO] - Found 1 web elements with id: 'Object Repository/Sayfalar/Giris_Sayfasi/RetveTamam_Butonu' located by 'By.xpath: //*[@class = 'btn btn-default']' in '30' second(s)

2021-11-18 11:42:23 - [MESSAGE][INFO] - Clicking on object: 'Object Repository/Sayfalar/Giris_Sayfasi/RetveTamam_Butonu'

2021-11-18 11:42:23 - [MESSAGE][PASSED] - Object: 'Object Repository/Sayfalar/Giris_Sayfasi/RetveTamam_Butonu' is clicked on

2021-11-18 11:42:23 - [TEST_STEP][PASSED] - click(findTestObject("Object Repository/Sayfalar/Giris_Sayfasi/RetveTamam_Butonu")): Object: 'Object Repository/Sayfalar/Giris_Sayfasi/RetveTamam_Butonu' is clicked on

2021-11-18 11:42:23 - [MESSAGE][INFO] - Finding Test Object 'Object Repository/Sayfalar/Giris_Sayfasi/RetveTamam_Butonu'

2021-11-18 11:42:23 - [MESSAGE][INFO] - Checking object

2021-11-18 11:42:23 - [MESSAGE][INFO] - Finding web element from Test Object's properties

2021-11-18 11:42:23 - [MESSAGE][INFO] - Checking timeout

2021-11-18 11:42:23 - [MESSAGE][INFO] - Finding web element with id: 'Object Repository/Sayfalar/Giris_Sayfasi/RetveTamam_Butonu' located by 'By.xpath: //*[@class = 'btn btn-default']' in '30' second(s)

2021-11-18 11:42:23 - [MESSAGE][INFO] - Smart Wait Function is triggered

2021-11-18 11:42:30 - [MESSAGE][INFO] - Found 1 web elements with id: 'Object Repository/Sayfalar/Giris_Sayfasi/RetveTamam_Butonu' located by 'By.xpath: //*[@class = 'btn btn-default']' in '30' second(s)

2021-11-18 11:42:30 - [MESSAGE][INFO] - Clicking on object: 'Object Repository/Sayfalar/Giris_Sayfasi/RetveTamam_Butonu'

2021-11-18 11:42:30 - [MESSAGE][PASSED] - Object: 'Object Repository/Sayfalar/Giris_Sayfasi/RetveTamam_Butonu' is clicked on

2021-11-18 11:42:30 - [TEST_STEP][PASSED] - if (verifyElementPresent(findTestObject("Sayfalar/Giris_Sayfasi/PopupOK"), 5, OPTIONAL)): null

2021-11-18 11:42:30 - [MESSAGE][INFO] - Finding Test Object 'Object Repository/Sayfalar/Giris_Sayfasi/PopupOK'

2021-11-18 11:42:30 - [MESSAGE][INFO] - Checking object

2021-11-18 11:42:30 - [MESSAGE][INFO] - Finding web element from Test Object's properties

2021-11-18 11:42:30 - [MESSAGE][INFO] - Checking timeout

2021-11-18 11:42:30 - [MESSAGE][INFO] - Finding web element with id: 'Object Repository/Sayfalar/Giris_Sayfasi/PopupOK' located by 'By.cssSelector: .btn.btn-success' in '5' second(s)

2021-11-18 11:42:30 - [MESSAGE][INFO] - Smart Wait Function is triggered

2021-11-18 11:42:31 - [MESSAGE][INFO] - Found 1 web elements with id: 'Object Repository/Sayfalar/Giris_Sayfasi/PopupOK' located by 'By.cssSelector: .btn.btn-success' in '5' second(s)

2021-11-18 11:42:31 - [MESSAGE][PASSED] - Object 'Object Repository/Sayfalar/Giris_Sayfasi/PopupOK' is present

2021-11-18 11:42:31 - [TEST_STEP][PASSED] - click(findTestObject("Object Repository/Sayfalar/Giris_Sayfasi/PopupCarpiGiris")): Object: 'Object Repository/Sayfalar/Giris_Sayfasi/PopupCarpiGiris' is clicked on

2021-11-18 11:42:31 - [MESSAGE][INFO] - Finding Test Object 'Object Repository/Sayfalar/Giris_Sayfasi/PopupCarpiGiris'

2021-11-18 11:42:31 - [MESSAGE][INFO] - Checking object

2021-11-18 11:42:31 - [MESSAGE][INFO] - Finding web element from Test Object's properties

2021-11-18 11:42:31 - [MESSAGE][INFO] - Checking timeout

2021-11-18 11:42:31 - [MESSAGE][INFO] - Finding web element with id: 'Object Repository/Sayfalar/Giris_Sayfasi/PopupCarpiGiris' located by 'By.cssSelector: .bootbox-close-button.close' in '30' second(s)

2021-11-18 11:42:31 - [MESSAGE][INFO] - Smart Wait Function is triggered

2021-11-18 11:42:31 - [MESSAGE][INFO] - Found 1 web elements with id: 'Object Repository/Sayfalar/Giris_Sayfasi/PopupCarpiGiris' located by 'By.cssSelector: .bootbox-close-button.close' in '30' second(s)

2021-11-18 11:42:31 - [MESSAGE][INFO] - Clicking on object: 'Object Repository/Sayfalar/Giris_Sayfasi/PopupCarpiGiris'

2021-11-18 11:42:31 - [MESSAGE][PASSED] - Object: 'Object Repository/Sayfalar/Giris_Sayfasi/PopupCarpiGiris' is clicked on

2021-11-18 11:42:31 - [TEST_STEP][PASSED] - verifyElementVisible(findTestObject("Object Repository/Kullanici_Islemleri/KullaniciIslemleri")): Object 'Object Repository/Kullanici_Islemleri/KullaniciIslemleri' is visible

2021-11-18 11:42:31 - [MESSAGE][INFO] - Finding Test Object 'Object Repository/Kullanici_Islemleri/KullaniciIslemleri'

2021-11-18 11:42:31 - [MESSAGE][INFO] - Checking object

2021-11-18 11:42:31 - [MESSAGE][INFO] - Finding web element from Test Object's properties

2021-11-18 11:42:31 - [MESSAGE][INFO] - Checking timeout

2021-11-18 11:42:31 - [MESSAGE][INFO] - Finding web element with id: 'Object Repository/Kullanici_Islemleri/KullaniciIslemleri' located by 'By.cssSelector: .dropdown>a>img' in '30' second(s)

2021-11-18 11:42:31 - [MESSAGE][INFO] - Smart Wait Function is triggered

2021-11-18 11:42:32 - [MESSAGE][INFO] - Found 1 web elements with id: 'Object Repository/Kullanici_Islemleri/KullaniciIslemleri' located by 'By.cssSelector: .dropdown>a>img' in '30' second(s)

2021-11-18 11:42:32 - [MESSAGE][PASSED] - Object 'Object Repository/Kullanici_Islemleri/KullaniciIslemleri' is visible

2021-11-18 11:42:32 - [MESSAGE][PASSED] - Call Test Case 'Test Cases/Sayfalar/Giris_Sayfasi/Login' successfully

2021-11-18 11:42:32 - [MESSAGE][INFO] - Checking called Test Case

2021-11-18 11:42:32 - [MESSAGE][INFO] - Starting to call Test Case 'Test Cases/Menu/AnaMenuSecimi'

2021-11-18 11:42:32 - [TEST_CASE][PASSED] - Test Cases/Menu/AnaMenuSecimi: Test Cases/Menu/AnaMenuSecimi

2021-11-18 11:42:32 - [TEST_STEP][PASSED] - Method.TextDegerineEsitElementeTikla(findTestObject("Menu/Ana_Menu"), Ana_Menu): Method.TextDegerineEsitElementeTikla is PASSED

2021-11-18 11:42:32 - [MESSAGE][INFO] - Finding Test Object 'Object Repository/Menu/Ana_Menu'

2021-11-18 11:42:32 - [MESSAGE][INFO] - Checking timeout

2021-11-18 11:42:32 - [MESSAGE][INFO] - Finding web element with id: 'Object Repository/Menu/Ana_Menu' located by 'By.xpath: //*[@class = 'dropdown-toggle']' in '10' second(s)

2021-11-18 11:42:32 - [MESSAGE][INFO] - Smart Wait Function is triggered

2021-11-18 11:42:33 - [MESSAGE][INFO] - Found 14 web elements with id: 'Object Repository/Menu/Ana_Menu' located by 'By.xpath: //*[@class = 'dropdown-toggle']' in '10' second(s)

2021-11-18 11:42:33 - [MESSAGE][PASSED] - Method.TextDegerineEsitElementeTikla is PASSED

2021-11-18 11:42:33 - [MESSAGE][PASSED] - Call Test Case 'Test Cases/Menu/AnaMenuSecimi' successfully

2021-11-18 11:42:33 - [MESSAGE][INFO] - Checking called Test Case

2021-11-18 11:42:33 - [MESSAGE][INFO] - Starting to call Test Case 'Test Cases/Menu/BasligaGoreAltMenuSecimi'

2021-11-18 11:42:33 - [TEST_CASE][PASSED] - Test Cases/Menu/BasligaGoreAltMenuSecimi: Test Cases/Menu/BasligaGoreAltMenuSecimi

2021-11-18 11:42:33 - [TEST_STEP][PASSED] - Method.TextDegerineEsitElementinAltindakiTextDegerineEsitOlanaTikla(findTestObject("Menu/Menu_Basligi"), findTestObject("Menu/Basliga_Gore_Alt_Menu"), Baslik, Alt_Menu): Method.TextDegerineEsitElementinAltindakiTextDegerineEsitOlanaTikla is PASSED

2021-11-18 11:42:33 - [MESSAGE][INFO] - Finding Test Object 'Object Repository/Menu/Menu_Basligi'

2021-11-18 11:42:33 - [MESSAGE][INFO] - Finding Test Object 'Object Repository/Menu/Basliga_Gore_Alt_Menu'

2021-11-18 11:42:33 - [MESSAGE][INFO] - Checking timeout

2021-11-18 11:42:33 - [MESSAGE][INFO] - Finding web element with id: 'Object Repository/Menu/Menu_Basligi' located by 'By.xpath: //li[@class='dropdown dropdown-large open']//li[@class='dropdown-header']' in '10' second(s)

2021-11-18 11:42:33 - [MESSAGE][INFO] - Smart Wait Function is triggered

2021-11-18 11:42:33 - [MESSAGE][INFO] - Found 3 web elements with id: 'Object Repository/Menu/Menu_Basligi' located by 'By.xpath: //li[@class='dropdown dropdown-large open']//li[@class='dropdown-header']' in '10' second(s)

2021-11-18 11:42:33 - [MESSAGE][INFO] - Smart Wait Function is triggered

2021-11-18 11:42:36 - [MESSAGE][PASSED] - Method.TextDegerineEsitElementinAltindakiTextDegerineEsitOlanaTikla is PASSED

2021-11-18 11:42:36 - [MESSAGE][PASSED] - Call Test Case 'Test Cases/Menu/BasligaGoreAltMenuSecimi' successfully

2021-11-18 11:42:36 - [MESSAGE][INFO] - Checking called Test Case

2021-11-18 11:42:36 - [MESSAGE][INFO] - Starting to call Test Case 'Test Cases/Filtreler/BaslangicYaz'

2021-11-18 11:42:36 - [TEST_CASE][PASSED] - Test Cases/Filtreler/BaslangicYaz: Test Cases/Filtreler/BaslangicYaz

2021-11-18 11:42:36 - [TEST_STEP][PASSED] - delay(3): Delayed 3 second(s)

2021-11-18 11:42:36 - [MESSAGE][INFO] - Delaying browser in 3 second(s)

2021-11-18 11:42:39 - [MESSAGE][PASSED] - Delayed 3 second(s)

2021-11-18 11:42:39 - [TEST_STEP][PASSED] - Method.TextDegerineEsitElementinAltindakineTikla(findTestObject("Filtreler/Basliklar"), findTestObject("Filtreler/Basliga_Gore_Baslangic_Image"), Filtre_Adi): Method.TextDegerineEsitElementinAltindakineTikla is PASSED

2021-11-18 11:42:39 - [MESSAGE][INFO] - Finding Test Object 'Object Repository/Filtreler/Basliklar'

2021-11-18 11:42:39 - [MESSAGE][INFO] - Finding Test Object 'Object Repository/Filtreler/Basliga_Gore_Baslangic_Image'

2021-11-18 11:42:39 - [MESSAGE][INFO] - Checking timeout

2021-11-18 11:42:39 - [MESSAGE][INFO] - Finding web element with id: 'Object Repository/Filtreler/Basliklar' located by 'By.cssSelector: .control-label.col-sm-4.paddingMarginRLC' in '10' second(s)

2021-11-18 11:42:39 - [MESSAGE][INFO] - Smart Wait Function is triggered

2021-11-18 11:42:39 - [MESSAGE][INFO] - Found 13 web elements with id: 'Object Repository/Filtreler/Basliklar' located by 'By.cssSelector: .control-label.col-sm-4.paddingMarginRLC' in '10' second(s)

2021-11-18 11:42:39 - [MESSAGE][INFO] - Smart Wait Function is triggered

2021-11-18 11:42:40 - [MESSAGE][PASSED] - Method.TextDegerineEsitElementinAltindakineTikla is PASSED

2021-11-18 11:42:40 - [TEST_STEP][PASSED] - Method.TextDegerineEsitElementinAltindakiTextboxtaYaz(findTestObject("Filtreler/Basliklar"), findTestObject("Filtreler/Basliga_Gore_Baslangic"), Filtre_Adi, Filtre_Degeri): Method.TextDegerineEsitElementinAltindakiTextboxtaYaz is PASSED

2021-11-18 11:42:40 - [MESSAGE][INFO] - Finding Test Object 'Object Repository/Filtreler/Basliklar'

2021-11-18 11:42:40 - [MESSAGE][INFO] - Finding Test Object 'Object Repository/Filtreler/Basliga_Gore_Baslangic'

2021-11-18 11:42:40 - [MESSAGE][INFO] - Checking timeout

2021-11-18 11:42:40 - [MESSAGE][INFO] - Finding web element with id: 'Object Repository/Filtreler/Basliklar' located by 'By.cssSelector: .control-label.col-sm-4.paddingMarginRLC' in '10' second(s)

2021-11-18 11:42:40 - [MESSAGE][INFO] - Smart Wait Function is triggered

2021-11-18 11:42:40 - [MESSAGE][INFO] - Found 13 web elements with id: 'Object Repository/Filtreler/Basliklar' located by 'By.cssSelector: .control-label.col-sm-4.paddingMarginRLC' in '10' second(s)

2021-11-18 11:42:40 - [MESSAGE][INFO] - Smart Wait Function is triggered

2021-11-18 11:42:41 - [MESSAGE][PASSED] - Method.TextDegerineEsitElementinAltindakiTextboxtaYaz is PASSED

2021-11-18 11:42:41 - [MESSAGE][PASSED] - Call Test Case 'Test Cases/Filtreler/BaslangicYaz' successfully

2021-11-18 11:42:41 - [MESSAGE][INFO] - Checking called Test Case

2021-11-18 11:42:41 - [MESSAGE][INFO] - Starting to call Test Case 'Test Cases/Filtreler/BitisYaz'

2021-11-18 11:42:41 - [TEST_CASE][PASSED] - Test Cases/Filtreler/BitisYaz: Test Cases/Filtreler/BitisYaz

2021-11-18 11:42:41 - [TEST_STEP][PASSED] - Method.TextDegerineEsitElementinAltindakineTikla(findTestObject("Filtreler/Basliklar"), findTestObject("Filtreler/Basliga_Gore_Bitis_Image"), Filtre_Adi): Method.TextDegerineEsitElementinAltindakineTikla is PASSED

2021-11-18 11:42:41 - [MESSAGE][INFO] - Finding Test Object 'Object Repository/Filtreler/Basliklar'

2021-11-18 11:42:41 - [MESSAGE][INFO] - Finding Test Object 'Object Repository/Filtreler/Basliga_Gore_Bitis_Image'

2021-11-18 11:42:41 - [MESSAGE][INFO] - Checking timeout

2021-11-18 11:42:41 - [MESSAGE][INFO] - Finding web element with id: 'Object Repository/Filtreler/Basliklar' located by 'By.cssSelector: .control-label.col-sm-4.paddingMarginRLC' in '10' second(s)

2021-11-18 11:42:41 - [MESSAGE][INFO] - Smart Wait Function is triggered

2021-11-18 11:42:41 - [MESSAGE][INFO] - Found 13 web elements with id: 'Object Repository/Filtreler/Basliklar' located by 'By.cssSelector: .control-label.col-sm-4.paddingMarginRLC' in '10' second(s)

2021-11-18 11:42:41 - [MESSAGE][INFO] - Smart Wait Function is triggered

2021-11-18 11:42:42 - [MESSAGE][PASSED] - Method.TextDegerineEsitElementinAltindakineTikla is PASSED

2021-11-18 11:42:42 - [TEST_STEP][PASSED] - Method.TextDegerineEsitElementinAltindakiTextboxtaYaz(findTestObject("Filtreler/Basliklar"), findTestObject("Object Repository/Filtreler/Basliga_Gore_Bitis"), Filtre_Adi, Filtre_Degeri): Method.TextDegerineEsitElementinAltindakiTextboxtaYaz is PASSED

2021-11-18 11:42:42 - [MESSAGE][INFO] - Finding Test Object 'Object Repository/Filtreler/Basliklar'

2021-11-18 11:42:42 - [MESSAGE][INFO] - Finding Test Object 'Object Repository/Filtreler/Basliga_Gore_Bitis'

2021-11-18 11:42:42 - [MESSAGE][INFO] - Checking timeout

2021-11-18 11:42:42 - [MESSAGE][INFO] - Finding web element with id: 'Object Repository/Filtreler/Basliklar' located by 'By.cssSelector: .control-label.col-sm-4.paddingMarginRLC' in '10' second(s)

2021-11-18 11:42:42 - [MESSAGE][INFO] - Smart Wait Function is triggered

2021-11-18 11:42:42 - [MESSAGE][INFO] - Found 13 web elements with id: 'Object Repository/Filtreler/Basliklar' located by 'By.cssSelector: .control-label.col-sm-4.paddingMarginRLC' in '10' second(s)

2021-11-18 11:42:42 - [MESSAGE][INFO] - Smart Wait Function is triggered

2021-11-18 11:42:43 - [MESSAGE][PASSED] - Method.TextDegerineEsitElementinAltindakiTextboxtaYaz is PASSED

2021-11-18 11:42:43 - [MESSAGE][PASSED] - Call Test Case 'Test Cases/Filtreler/BitisYaz' successfully

2021-11-18 11:42:43 - [MESSAGE][INFO] - Checking called Test Case

2021-11-18 11:42:43 - [MESSAGE][INFO] - Starting to call Test Case 'Test Cases/Filtreler/ButonaTikla'

2021-11-18 11:42:43 - [TEST_CASE][PASSED] - Test Cases/Filtreler/ButonaTikla: Test Cases/Filtreler/ButonaTikla

2021-11-18 11:42:43 - [TEST_STEP][PASSED] - Method.TextDegerineEsitElementeTikla(findTestObject("Filtreler/Butonlar"), Filtre_Buton): Method.TextDegerineEsitElementeTikla is PASSED

2021-11-18 11:42:43 - [MESSAGE][INFO] - Finding Test Object 'Object Repository/Filtreler/Butonlar'

2021-11-18 11:42:43 - [MESSAGE][INFO] - Checking timeout

2021-11-18 11:42:43 - [MESSAGE][INFO] - Finding web element with id: 'Object Repository/Filtreler/Butonlar' located by 'By.cssSelector: .dxb>span' in '10' second(s)

2021-11-18 11:42:43 - [MESSAGE][INFO] - Smart Wait Function is triggered

2021-11-18 11:42:43 - [MESSAGE][INFO] - Found 3 web elements with id: 'Object Repository/Filtreler/Butonlar' located by 'By.cssSelector: .dxb>span' in '10' second(s)

2021-11-18 11:42:43 - [MESSAGE][PASSED] - Method.TextDegerineEsitElementeTikla is PASSED

2021-11-18 11:42:43 - [MESSAGE][PASSED] - Call Test Case 'Test Cases/Filtreler/ButonaTikla' successfully

2021-11-18 11:42:43 - [MESSAGE][INFO] - Checking called Test Case

2021-11-18 11:42:43 - [MESSAGE][INFO] - Starting to call Test Case 'Test Cases/Tablo/TablodaVeriVarMi'

2021-11-18 11:42:43 - [TEST_CASE][PASSED] - Test Cases/Tablo/TablodaVeriVarMi: Test Cases/Tablo/TablodaVeriVarMi

2021-11-18 11:42:43 - [TEST_STEP][PASSED] - verifyTextNotPresent("Görüntülenecek veri yok", true): Text 'Görüntülenecek veri yok' is not present on page using regular expression

2021-11-18 11:42:43 - [MESSAGE][INFO] - Checking text present  using regular expression

2021-11-18 11:42:43 - [MESSAGE][INFO] - Smart Wait Function is triggered

2021-11-18 11:42:44 - [MESSAGE][INFO] - Finding text 'Görüntülenecek veri yok' on page  using regular expression

2021-11-18 11:42:44 - [MESSAGE][PASSED] - Text 'Görüntülenecek veri yok' is not present on page using regular expression

2021-11-18 11:42:44 - [MESSAGE][PASSED] - Call Test Case 'Test Cases/Tablo/TablodaVeriVarMi' successfully

2021-11-18 11:42:44 - [MESSAGE][INFO] - Checking called Test Case

2021-11-18 11:42:44 - [MESSAGE][INFO] - Starting to call Test Case 'Test Cases/Tablo/TablodanVeriSec'

2021-11-18 11:42:44 - [TEST_CASE][PASSED] - Test Cases/Tablo/TablodanVeriSec: Test Cases/Tablo/TablodanVeriSec

2021-11-18 11:42:44 - [TEST_STEP][PASSED] - Method.TextDegerineEsitElementinAltindakineTikla(findTestObject("Tablo/Veriler"), findTestObject("Tablo/VerininCheckBoxi"), Veri_Adi): Method.TextDegerineEsitElementinAltindakineTikla is PASSED

2021-11-18 11:42:44 - [MESSAGE][INFO] - Finding Test Object 'Object Repository/Tablo/Veriler'

2021-11-18 11:42:44 - [MESSAGE][INFO] - Finding Test Object 'Object Repository/Tablo/VerininCheckBoxi'

2021-11-18 11:42:45 - [MESSAGE][INFO] - Checking timeout

2021-11-18 11:42:45 - [MESSAGE][INFO] - Finding web element with id: 'Object Repository/Tablo/Veriler' located by 'By.cssSelector: td.dxgv b ,td.dxgv' in '10' second(s)

2021-11-18 11:42:45 - [MESSAGE][INFO] - Smart Wait Function is triggered

2021-11-18 11:42:45 - [MESSAGE][INFO] - Found 27 web elements with id: 'Object Repository/Tablo/Veriler' located by 'By.cssSelector: td.dxgv b ,td.dxgv' in '10' second(s)

2021-11-18 11:42:45 - [MESSAGE][INFO] - Smart Wait Function is triggered

2021-11-18 11:42:45 - [MESSAGE][PASSED] - Method.TextDegerineEsitElementinAltindakineTikla is PASSED

2021-11-18 11:42:45 - [MESSAGE][PASSED] - Call Test Case 'Test Cases/Tablo/TablodanVeriSec' successfully

2021-11-18 11:42:45 - [MESSAGE][INFO] - Checking called Test Case

2021-11-18 11:42:45 - [MESSAGE][INFO] - Starting to call Test Case 'Test Cases/Butonlar/ButonaTikla'

2021-11-18 11:42:45 - [TEST_CASE][PASSED] - Test Cases/Butonlar/ButonaTikla: Test Cases/Butonlar/ButonaTikla

2021-11-18 11:42:45 - [TEST_STEP][PASSED] - Method.TextDegerineEsitElementeTiklaEquals(findTestObject("Butonlar/Butonlar"), Buton_Adi): Method.TextDegerineEsitElementeTiklaEquals is PASSED

2021-11-18 11:42:45 - [MESSAGE][INFO] - Finding Test Object 'Object Repository/Butonlar/Butonlar'

2021-11-18 11:42:45 - [MESSAGE][INFO] - Checking timeout

2021-11-18 11:42:45 - [MESSAGE][INFO] - Finding web element with id: 'Object Repository/Butonlar/Butonlar' located by 'By.cssSelector: .panel.panel-default.text-center.footerPanel .btn,.btn.btn-primary.btnControls' in '10' second(s)

2021-11-18 11:42:45 - [MESSAGE][INFO] - Smart Wait Function is triggered

2021-11-18 11:42:46 - [MESSAGE][INFO] - Found 6 web elements with id: 'Object Repository/Butonlar/Butonlar' located by 'By.cssSelector: .panel.panel-default.text-center.footerPanel .btn,.btn.btn-primary.btnControls' in '10' second(s)

2021-11-18 11:42:46 - [MESSAGE][PASSED] - Method.TextDegerineEsitElementeTiklaEquals is PASSED

2021-11-18 11:42:46 - [MESSAGE][PASSED] - Call Test Case 'Test Cases/Butonlar/ButonaTikla' successfully

2021-11-18 11:42:46 - [MESSAGE][INFO] - Checking called Test Case

2021-11-18 11:42:46 - [MESSAGE][INFO] - Starting to call Test Case 'Test Cases/Butonlar/AltButonaTikla'

2021-11-18 11:42:46 - [TEST_CASE][PASSED] - Test Cases/Butonlar/AltButonaTikla: Test Cases/Butonlar/AltButonaTikla

2021-11-18 11:42:46 - [TEST_STEP][PASSED] - Method.TextDegerineEsitElementeTikla(findTestObject("Butonlar/AltButonlar"), Alt_Buton): Method.TextDegerineEsitElementeTikla is PASSED

2021-11-18 11:42:46 - [MESSAGE][INFO] - Finding Test Object 'Object Repository/Butonlar/AltButonlar'

2021-11-18 11:42:46 - [MESSAGE][INFO] - Checking timeout

2021-11-18 11:42:46 - [MESSAGE][INFO] - Finding web element with id: 'Object Repository/Butonlar/AltButonlar' located by 'By.cssSelector: .btn-group.open li>a' in '10' second(s)

2021-11-18 11:42:46 - [MESSAGE][INFO] - Smart Wait Function is triggered

2021-11-18 11:42:46 - [MESSAGE][INFO] - Found 2 web elements with id: 'Object Repository/Butonlar/AltButonlar' located by 'By.cssSelector: .btn-group.open li>a' in '10' second(s)

2021-11-18 11:42:46 - [MESSAGE][PASSED] - Method.TextDegerineEsitElementeTikla is PASSED

2021-11-18 11:42:46 - [MESSAGE][PASSED] - Call Test Case 'Test Cases/Butonlar/AltButonaTikla' successfully

2021-11-18 11:42:46 - [MESSAGE][INFO] - Checking called Test Case

2021-11-18 11:42:46 - [MESSAGE][INFO] - Starting to call Test Case 'Test Cases/Popup/PopupMesajiIceriyorMu'

2021-11-18 11:42:47 - [TEST_CASE][PASSED] - Test Cases/Popup/PopupMesajiIceriyorMu: Test Cases/Popup/PopupMesajiIceriyorMu

2021-11-18 11:42:47 - [TEST_STEP][PASSED] - waitForElementVisible(findTestObject("Popup/Popup"), 10): Object 'Object Repository/Popup/Popup' is visible

2021-11-18 11:42:47 - [MESSAGE][INFO] - Finding Test Object 'Object Repository/Popup/Popup'

2021-11-18 11:42:47 - [MESSAGE][INFO] - Checking object

2021-11-18 11:42:47 - [MESSAGE][INFO] - Checking timeout

2021-11-18 11:42:47 - [MESSAGE][INFO] - Finding web element from Test Object's properties

2021-11-18 11:42:47 - [MESSAGE][INFO] - Checking timeout

2021-11-18 11:42:47 - [MESSAGE][INFO] - Finding web element with id: 'Object Repository/Popup/Popup' located by 'By.cssSelector: .bootbox-body' in '10' second(s)

2021-11-18 11:42:47 - [MESSAGE][INFO] - Smart Wait Function is triggered

2021-11-18 11:42:47 - [MESSAGE][INFO] - Found 1 web elements with id: 'Object Repository/Popup/Popup' located by 'By.cssSelector: .bootbox-body' in '10' second(s)

2021-11-18 11:42:47 - [MESSAGE][PASSED] - Object 'Object Repository/Popup/Popup' is visible

2021-11-18 11:42:47 - [TEST_STEP][PASSED] - if (!(getText(findTestObject("Popup/Popup")).contains(Mesaj))): Text of object 'Object Repository/Popup/Popup' is: 'Lütfen rapor bildiriminin gönderileceği e-posta adresini belirtiniz.
e-Posta Adresi'

2021-11-18 11:42:47 - [MESSAGE][INFO] - Finding Test Object 'Object Repository/Popup/Popup'

2021-11-18 11:42:48 - [MESSAGE][INFO] - Checking object

2021-11-18 11:42:48 - [MESSAGE][INFO] - Finding web element from Test Object's properties

2021-11-18 11:42:48 - [MESSAGE][INFO] - Checking timeout

2021-11-18 11:42:48 - [MESSAGE][INFO] - Finding web element with id: 'Object Repository/Popup/Popup' located by 'By.cssSelector: .bootbox-body' in '30' second(s)

2021-11-18 11:42:48 - [MESSAGE][INFO] - Smart Wait Function is triggered

2021-11-18 11:42:48 - [MESSAGE][INFO] - Found 1 web elements with id: 'Object Repository/Popup/Popup' located by 'By.cssSelector: .bootbox-body' in '30' second(s)

2021-11-18 11:42:48 - [MESSAGE][INFO] - Getting text of object 'Object Repository/Popup/Popup'

2021-11-18 11:42:48 - [MESSAGE][PASSED] - Text of object 'Object Repository/Popup/Popup' is: 'Lütfen rapor bildiriminin gönderileceği e-posta adresini belirtiniz.
e-Posta Adresi'

2021-11-18 11:42:48 - [TEST_STEP][PASSED] - RaporNo = getText(findTestObject("Popup/Popup")).substring(0, 6): Text of object 'Object Repository/Popup/Popup' is: 'Lütfen rapor bildiriminin gönderileceği e-posta adresini belirtiniz.
e-Posta Adresi'

2021-11-18 11:42:48 - [MESSAGE][INFO] - Finding Test Object 'Object Repository/Popup/Popup'

2021-11-18 11:42:48 - [MESSAGE][INFO] - Checking object

2021-11-18 11:42:48 - [MESSAGE][INFO] - Finding web element from Test Object's properties

2021-11-18 11:42:48 - [MESSAGE][INFO] - Checking timeout

2021-11-18 11:42:48 - [MESSAGE][INFO] - Finding web element with id: 'Object Repository/Popup/Popup' located by 'By.cssSelector: .bootbox-body' in '30' second(s)

2021-11-18 11:42:48 - [MESSAGE][INFO] - Smart Wait Function is triggered

2021-11-18 11:42:48 - [MESSAGE][INFO] - Found 1 web elements with id: 'Object Repository/Popup/Popup' located by 'By.cssSelector: .bootbox-body' in '30' second(s)

2021-11-18 11:42:48 - [MESSAGE][INFO] - Getting text of object 'Object Repository/Popup/Popup'

2021-11-18 11:42:48 - [MESSAGE][PASSED] - Text of object 'Object Repository/Popup/Popup' is: 'Lütfen rapor bildiriminin gönderileceği e-posta adresini belirtiniz.
e-Posta Adresi'

2021-11-18 11:42:48 - [TEST_STEP][PASSED] - Console.println(RaporNo): null

2021-11-18 11:42:48 - [MESSAGE][PASSED] - Call Test Case 'Test Cases/Popup/PopupMesajiIceriyorMu' successfully

2021-11-18 11:42:48 - [MESSAGE][INFO] - Checking called Test Case

2021-11-18 11:42:48 - [MESSAGE][INFO] - Starting to call Test Case 'Test Cases/Popup/PopupaEmailEklenir'

2021-11-18 11:42:48 - [TEST_CASE][PASSED] - Test Cases/Popup/PopupaEmailEklenir: Test Cases/Popup/PopupaEmailEklenir

2021-11-18 11:42:48 - [TEST_STEP][PASSED] - clearText(findTestObject("Popup/EmailText")): Text of object 'Object Repository/Popup/EmailText' is cleared

2021-11-18 11:42:48 - [MESSAGE][INFO] - Finding Test Object 'Object Repository/Popup/EmailText'

2021-11-18 11:42:48 - [MESSAGE][INFO] - Checking object

2021-11-18 11:42:48 - [MESSAGE][INFO] - Finding web element from Test Object's properties

2021-11-18 11:42:48 - [MESSAGE][INFO] - Checking timeout

2021-11-18 11:42:48 - [MESSAGE][INFO] - Finding web element with id: 'Object Repository/Popup/EmailText' located by 'By.xpath: //*[@id="eMails"]' in '30' second(s)

2021-11-18 11:42:48 - [MESSAGE][INFO] - Smart Wait Function is triggered

2021-11-18 11:42:49 - [MESSAGE][INFO] - Found 1 web elements with id: 'Object Repository/Popup/EmailText' located by 'By.xpath: //*[@id="eMails"]' in '30' second(s)

2021-11-18 11:42:49 - [MESSAGE][INFO] - Clearing text of object 'Object Repository/Popup/EmailText'

2021-11-18 11:42:49 - [MESSAGE][PASSED] - Text of object 'Object Repository/Popup/EmailText' is cleared

2021-11-18 11:42:49 - [TEST_STEP][PASSED] - sendKeys(findTestObject("Popup/EmailText"), Email): Keys 'elogotest@gmail.com;ali.kara@logo.com.tr' sent to object: 'Object Repository/Popup/EmailText'

2021-11-18 11:42:49 - [MESSAGE][INFO] - Finding Test Object 'Object Repository/Popup/EmailText'

2021-11-18 11:42:49 - [MESSAGE][INFO] - Sending keys 'elogotest@gmail.com;ali.kara@logo.com.tr' to object: 'Object Repository/Popup/EmailText'

2021-11-18 11:42:49 - [MESSAGE][INFO] - Finding web element from Test Object's properties

2021-11-18 11:42:49 - [MESSAGE][INFO] - Checking timeout

2021-11-18 11:42:49 - [MESSAGE][INFO] - Finding web element with id: 'Object Repository/Popup/EmailText' located by 'By.xpath: //*[@id="eMails"]' in '30' second(s)

2021-11-18 11:42:49 - [MESSAGE][INFO] - Smart Wait Function is triggered

2021-11-18 11:42:49 - [MESSAGE][INFO] - Found 1 web elements with id: 'Object Repository/Popup/EmailText' located by 'By.xpath: //*[@id="eMails"]' in '30' second(s)

2021-11-18 11:42:49 - [MESSAGE][PASSED] - Keys 'elogotest@gmail.com;ali.kara@logo.com.tr' sent to object: 'Object Repository/Popup/EmailText'

2021-11-18 11:42:49 - [MESSAGE][PASSED] - Call Test Case 'Test Cases/Popup/PopupaEmailEklenir' successfully

2021-11-18 11:42:49 - [MESSAGE][INFO] - Checking called Test Case

2021-11-18 11:42:49 - [MESSAGE][INFO] - Starting to call Test Case 'Test Cases/Popup/PopupButonSecilir'

2021-11-18 11:42:49 - [TEST_CASE][PASSED] - Test Cases/Popup/PopupButonSecilir: Test Cases/Popup/PopupButonSecilir

2021-11-18 11:42:49 - [TEST_STEP][PASSED] - Method.TextDegerineEsitElementeTikla(findTestObject("Popup/Popup_Butons"), Buton): Method.TextDegerineEsitElementeTikla is PASSED

2021-11-18 11:42:49 - [MESSAGE][INFO] - Finding Test Object 'Object Repository/Popup/Popup_Butons'

2021-11-18 11:42:49 - [MESSAGE][INFO] - Checking timeout

2021-11-18 11:42:49 - [MESSAGE][INFO] - Finding web element with id: 'Object Repository/Popup/Popup_Butons' located by 'By.cssSelector: .modal-footer>button' in '10' second(s)

2021-11-18 11:42:49 - [MESSAGE][INFO] - Smart Wait Function is triggered

2021-11-18 11:42:50 - [MESSAGE][INFO] - Found 2 web elements with id: 'Object Repository/Popup/Popup_Butons' located by 'By.cssSelector: .modal-footer>button' in '10' second(s)

2021-11-18 11:42:50 - [MESSAGE][PASSED] - Method.TextDegerineEsitElementeTikla is PASSED

2021-11-18 11:42:50 - [MESSAGE][PASSED] - Call Test Case 'Test Cases/Popup/PopupButonSecilir' successfully

2021-11-18 11:42:50 - [MESSAGE][INFO] - Checking called Test Case

2021-11-18 11:42:50 - [MESSAGE][INFO] - Starting to call Test Case 'Test Cases/Popup/PopupMesajiIceriyorMu'

2021-11-18 11:42:50 - [TEST_CASE][PASSED] - Test Cases/Popup/PopupMesajiIceriyorMu: Test Cases/Popup/PopupMesajiIceriyorMu

2021-11-18 11:42:50 - [TEST_STEP][PASSED] - waitForElementVisible(findTestObject("Popup/Popup"), 10): Object 'Object Repository/Popup/Popup' is visible

2021-11-18 11:42:50 - [MESSAGE][INFO] - Finding Test Object 'Object Repository/Popup/Popup'

2021-11-18 11:42:50 - [MESSAGE][INFO] - Checking object

2021-11-18 11:42:50 - [MESSAGE][INFO] - Checking timeout

2021-11-18 11:42:50 - [MESSAGE][INFO] - Finding web element from Test Object's properties

2021-11-18 11:42:50 - [MESSAGE][INFO] - Checking timeout

2021-11-18 11:42:50 - [MESSAGE][INFO] - Finding web element with id: 'Object Repository/Popup/Popup' located by 'By.cssSelector: .bootbox-body' in '10' second(s)

2021-11-18 11:42:50 - [MESSAGE][INFO] - Smart Wait Function is triggered

2021-11-18 11:42:51 - [MESSAGE][INFO] - Found 1 web elements with id: 'Object Repository/Popup/Popup' located by 'By.cssSelector: .bootbox-body' in '10' second(s)

2021-11-18 11:42:51 - [MESSAGE][PASSED] - Object 'Object Repository/Popup/Popup' is visible

2021-11-18 11:42:51 - [TEST_STEP][PASSED] - if (!(getText(findTestObject("Popup/Popup")).contains(Mesaj))): Text of object 'Object Repository/Popup/Popup' is: '17390 no’lu talebiniz işleme alınmıştır. Raporunuz hazırlandığında (elogotest@gmail.com;ali.kara@logo.com.tr) adresinize mail gönderilecektir.
Rapor durumunuzu Raporlar > Toplu Veri İndirme ekranından takip edebilir, hazırlandı durumundaki raporlarınızı ilgili menüden indirebilirsiniz.'

2021-11-18 11:42:51 - [MESSAGE][INFO] - Finding Test Object 'Object Repository/Popup/Popup'

2021-11-18 11:42:51 - [MESSAGE][INFO] - Checking object

2021-11-18 11:42:51 - [MESSAGE][INFO] - Finding web element from Test Object's properties

2021-11-18 11:42:51 - [MESSAGE][INFO] - Checking timeout

2021-11-18 11:42:51 - [MESSAGE][INFO] - Finding web element with id: 'Object Repository/Popup/Popup' located by 'By.cssSelector: .bootbox-body' in '30' second(s)

2021-11-18 11:42:51 - [MESSAGE][INFO] - Smart Wait Function is triggered

2021-11-18 11:42:51 - [MESSAGE][INFO] - Found 1 web elements with id: 'Object Repository/Popup/Popup' located by 'By.cssSelector: .bootbox-body' in '30' second(s)

2021-11-18 11:42:51 - [MESSAGE][INFO] - Getting text of object 'Object Repository/Popup/Popup'

2021-11-18 11:42:51 - [MESSAGE][PASSED] - Text of object 'Object Repository/Popup/Popup' is: '17390 no’lu talebiniz işleme alınmıştır. Raporunuz hazırlandığında (elogotest@gmail.com;ali.kara@logo.com.tr) adresinize mail gönderilecektir.
Rapor durumunuzu Raporlar > Toplu Veri İndirme ekranından takip edebilir, hazırlandı durumundaki raporlarınızı ilgili menüden indirebilirsiniz.'

2021-11-18 11:42:51 - [TEST_STEP][PASSED] - RaporNo = getText(findTestObject("Popup/Popup")).substring(0, 6): Text of object 'Object Repository/Popup/Popup' is: '17390 no’lu talebiniz işleme alınmıştır. Raporunuz hazırlandığında (elogotest@gmail.com;ali.kara@logo.com.tr) adresinize mail gönderilecektir.
Rapor durumunuzu Raporlar > Toplu Veri İndirme ekranından takip edebilir, hazırlandı durumundaki raporlarınızı ilgili menüden indirebilirsiniz.'

2021-11-18 11:42:51 - [MESSAGE][INFO] - Finding Test Object 'Object Repository/Popup/Popup'

2021-11-18 11:42:51 - [MESSAGE][INFO] - Checking object

2021-11-18 11:42:51 - [MESSAGE][INFO] - Finding web element from Test Object's properties

2021-11-18 11:42:51 - [MESSAGE][INFO] - Checking timeout

2021-11-18 11:42:51 - [MESSAGE][INFO] - Finding web element with id: 'Object Repository/Popup/Popup' located by 'By.cssSelector: .bootbox-body' in '30' second(s)

2021-11-18 11:42:51 - [MESSAGE][INFO] - Smart Wait Function is triggered

2021-11-18 11:42:51 - [MESSAGE][INFO] - Found 1 web elements with id: 'Object Repository/Popup/Popup' located by 'By.cssSelector: .bootbox-body' in '30' second(s)

2021-11-18 11:42:51 - [MESSAGE][INFO] - Getting text of object 'Object Repository/Popup/Popup'

2021-11-18 11:42:51 - [MESSAGE][PASSED] - Text of object 'Object Repository/Popup/Popup' is: '17390 no’lu talebiniz işleme alınmıştır. Raporunuz hazırlandığında (elogotest@gmail.com;ali.kara@logo.com.tr) adresinize mail gönderilecektir.
Rapor durumunuzu Raporlar > Toplu Veri İndirme ekranından takip edebilir, hazırlandı durumundaki raporlarınızı ilgili menüden indirebilirsiniz.'

2021-11-18 11:42:51 - [TEST_STEP][PASSED] - Console.println(RaporNo): null

2021-11-18 11:42:51 - [MESSAGE][PASSED] - Call Test Case 'Test Cases/Popup/PopupMesajiIceriyorMu' successfully

2021-11-18 11:42:51 - [MESSAGE][INFO] - Checking called Test Case

2021-11-18 11:42:51 - [MESSAGE][INFO] - Starting to call Test Case 'Test Cases/Popup/PopupButonSecilir'

2021-11-18 11:42:51 - [TEST_CASE][PASSED] - Test Cases/Popup/PopupButonSecilir: Test Cases/Popup/PopupButonSecilir

2021-11-18 11:42:51 - [TEST_STEP][PASSED] - Method.TextDegerineEsitElementeTikla(findTestObject("Popup/Popup_Butons"), Buton): Method.TextDegerineEsitElementeTikla is PASSED

2021-11-18 11:42:51 - [MESSAGE][INFO] - Finding Test Object 'Object Repository/Popup/Popup_Butons'

2021-11-18 11:42:52 - [MESSAGE][INFO] - Checking timeout

2021-11-18 11:42:52 - [MESSAGE][INFO] - Finding web element with id: 'Object Repository/Popup/Popup_Butons' located by 'By.cssSelector: .modal-footer>button' in '10' second(s)

2021-11-18 11:42:52 - [MESSAGE][INFO] - Smart Wait Function is triggered

2021-11-18 11:42:52 - [MESSAGE][INFO] - Found 1 web elements with id: 'Object Repository/Popup/Popup_Butons' located by 'By.cssSelector: .modal-footer>button' in '10' second(s)

2021-11-18 11:42:52 - [MESSAGE][PASSED] - Method.TextDegerineEsitElementeTikla is PASSED

2021-11-18 11:42:52 - [MESSAGE][PASSED] - Call Test Case 'Test Cases/Popup/PopupButonSecilir' successfully

2021-11-18 11:42:52 - [MESSAGE][INFO] - Checking called Test Case

2021-11-18 11:42:52 - [MESSAGE][INFO] - Starting to call Test Case 'Test Cases/Butonlar/ButonaTikla'

2021-11-18 11:42:52 - [TEST_CASE][PASSED] - Test Cases/Butonlar/ButonaTikla: Test Cases/Butonlar/ButonaTikla

2021-11-18 11:42:52 - [TEST_STEP][PASSED] - Method.TextDegerineEsitElementeTiklaEquals(findTestObject("Butonlar/Butonlar"), Buton_Adi): Method.TextDegerineEsitElementeTiklaEquals is PASSED

2021-11-18 11:42:52 - [MESSAGE][INFO] - Finding Test Object 'Object Repository/Butonlar/Butonlar'

2021-11-18 11:42:52 - [MESSAGE][INFO] - Checking timeout

2021-11-18 11:42:52 - [MESSAGE][INFO] - Finding web element with id: 'Object Repository/Butonlar/Butonlar' located by 'By.cssSelector: .panel.panel-default.text-center.footerPanel .btn,.btn.btn-primary.btnControls' in '10' second(s)

2021-11-18 11:42:52 - [MESSAGE][INFO] - Smart Wait Function is triggered

2021-11-18 11:42:53 - [MESSAGE][INFO] - Found 6 web elements with id: 'Object Repository/Butonlar/Butonlar' located by 'By.cssSelector: .panel.panel-default.text-center.footerPanel .btn,.btn.btn-primary.btnControls' in '10' second(s)

2021-11-18 11:42:53 - [MESSAGE][PASSED] - Method.TextDegerineEsitElementeTiklaEquals is PASSED

2021-11-18 11:42:53 - [MESSAGE][PASSED] - Call Test Case 'Test Cases/Butonlar/ButonaTikla' successfully

2021-11-18 11:42:53 - [MESSAGE][INFO] - Checking called Test Case

2021-11-18 11:42:53 - [MESSAGE][INFO] - Starting to call Test Case 'Test Cases/Butonlar/AltButonaTikla'

2021-11-18 11:42:53 - [TEST_CASE][PASSED] - Test Cases/Butonlar/AltButonaTikla: Test Cases/Butonlar/AltButonaTikla

2021-11-18 11:42:53 - [TEST_STEP][PASSED] - Method.TextDegerineEsitElementeTikla(findTestObject("Butonlar/AltButonlar"), Alt_Buton): Method.TextDegerineEsitElementeTikla is PASSED

2021-11-18 11:42:53 - [MESSAGE][INFO] - Finding Test Object 'Object Repository/Butonlar/AltButonlar'

2021-11-18 11:42:53 - [MESSAGE][INFO] - Checking timeout

2021-11-18 11:42:53 - [MESSAGE][INFO] - Finding web element with id: 'Object Repository/Butonlar/AltButonlar' located by 'By.cssSelector: .btn-group.open li>a' in '10' second(s)

2021-11-18 11:42:53 - [MESSAGE][INFO] - Smart Wait Function is triggered

2021-11-18 11:42:53 - [MESSAGE][INFO] - Found 2 web elements with id: 'Object Repository/Butonlar/AltButonlar' located by 'By.cssSelector: .btn-group.open li>a' in '10' second(s)

2021-11-18 11:42:53 - [MESSAGE][PASSED] - Method.TextDegerineEsitElementeTikla is PASSED

2021-11-18 11:42:53 - [MESSAGE][PASSED] - Call Test Case 'Test Cases/Butonlar/AltButonaTikla' successfully

2021-11-18 11:42:53 - [MESSAGE][INFO] - Checking called Test Case

2021-11-18 11:42:53 - [MESSAGE][INFO] - Starting to call Test Case 'Test Cases/Popup/PopupMesajiIceriyorMu'

2021-11-18 11:42:53 - [TEST_CASE][PASSED] - Test Cases/Popup/PopupMesajiIceriyorMu: Test Cases/Popup/PopupMesajiIceriyorMu

2021-11-18 11:42:53 - [TEST_STEP][PASSED] - waitForElementVisible(findTestObject("Popup/Popup"), 10): Object 'Object Repository/Popup/Popup' is visible

2021-11-18 11:42:53 - [MESSAGE][INFO] - Finding Test Object 'Object Repository/Popup/Popup'

2021-11-18 11:42:54 - [MESSAGE][INFO] - Checking object

2021-11-18 11:42:54 - [MESSAGE][INFO] - Checking timeout

2021-11-18 11:42:54 - [MESSAGE][INFO] - Finding web element from Test Object's properties

2021-11-18 11:42:54 - [MESSAGE][INFO] - Checking timeout

2021-11-18 11:42:54 - [MESSAGE][INFO] - Finding web element with id: 'Object Repository/Popup/Popup' located by 'By.cssSelector: .bootbox-body' in '10' second(s)

2021-11-18 11:42:54 - [MESSAGE][INFO] - Smart Wait Function is triggered

2021-11-18 11:42:54 - [MESSAGE][INFO] - Found 1 web elements with id: 'Object Repository/Popup/Popup' located by 'By.cssSelector: .bootbox-body' in '10' second(s)

2021-11-18 11:42:54 - [MESSAGE][PASSED] - Object 'Object Repository/Popup/Popup' is visible

2021-11-18 11:42:54 - [TEST_STEP][PASSED] - if (!(getText(findTestObject("Popup/Popup")).contains(Mesaj))): Text of object 'Object Repository/Popup/Popup' is: 'Lütfen rapor bildiriminin gönderileceği e-posta adresini belirtiniz.
e-Posta Adresi'

2021-11-18 11:42:54 - [MESSAGE][INFO] - Finding Test Object 'Object Repository/Popup/Popup'

2021-11-18 11:42:54 - [MESSAGE][INFO] - Checking object

2021-11-18 11:42:54 - [MESSAGE][INFO] - Finding web element from Test Object's properties

2021-11-18 11:42:54 - [MESSAGE][INFO] - Checking timeout

2021-11-18 11:42:54 - [MESSAGE][INFO] - Finding web element with id: 'Object Repository/Popup/Popup' located by 'By.cssSelector: .bootbox-body' in '30' second(s)

2021-11-18 11:42:54 - [MESSAGE][INFO] - Smart Wait Function is triggered

2021-11-18 11:42:54 - [MESSAGE][INFO] - Found 1 web elements with id: 'Object Repository/Popup/Popup' located by 'By.cssSelector: .bootbox-body' in '30' second(s)

2021-11-18 11:42:54 - [MESSAGE][INFO] - Getting text of object 'Object Repository/Popup/Popup'

2021-11-18 11:42:54 - [MESSAGE][PASSED] - Text of object 'Object Repository/Popup/Popup' is: 'Lütfen rapor bildiriminin gönderileceği e-posta adresini belirtiniz.
e-Posta Adresi'

2021-11-18 11:42:54 - [TEST_STEP][PASSED] - RaporNo = getText(findTestObject("Popup/Popup")).substring(0, 6): Text of object 'Object Repository/Popup/Popup' is: 'Lütfen rapor bildiriminin gönderileceği e-posta adresini belirtiniz.
e-Posta Adresi'

2021-11-18 11:42:54 - [MESSAGE][INFO] - Finding Test Object 'Object Repository/Popup/Popup'

2021-11-18 11:42:54 - [MESSAGE][INFO] - Checking object

2021-11-18 11:42:54 - [MESSAGE][INFO] - Finding web element from Test Object's properties

2021-11-18 11:42:54 - [MESSAGE][INFO] - Checking timeout

2021-11-18 11:42:54 - [MESSAGE][INFO] - Finding web element with id: 'Object Repository/Popup/Popup' located by 'By.cssSelector: .bootbox-body' in '30' second(s)

2021-11-18 11:42:54 - [MESSAGE][INFO] - Smart Wait Function is triggered

2021-11-18 11:42:55 - [MESSAGE][INFO] - Found 1 web elements with id: 'Object Repository/Popup/Popup' located by 'By.cssSelector: .bootbox-body' in '30' second(s)

2021-11-18 11:42:55 - [MESSAGE][INFO] - Getting text of object 'Object Repository/Popup/Popup'

2021-11-18 11:42:55 - [MESSAGE][PASSED] - Text of object 'Object Repository/Popup/Popup' is: 'Lütfen rapor bildiriminin gönderileceği e-posta adresini belirtiniz.
e-Posta Adresi'

2021-11-18 11:42:55 - [TEST_STEP][PASSED] - Console.println(RaporNo): null

2021-11-18 11:42:55 - [MESSAGE][PASSED] - Call Test Case 'Test Cases/Popup/PopupMesajiIceriyorMu' successfully

2021-11-18 11:42:55 - [MESSAGE][INFO] - Checking called Test Case

2021-11-18 11:42:55 - [MESSAGE][INFO] - Starting to call Test Case 'Test Cases/Popup/PopupaEmailEklenir'

2021-11-18 11:42:55 - [TEST_CASE][PASSED] - Test Cases/Popup/PopupaEmailEklenir: Test Cases/Popup/PopupaEmailEklenir

2021-11-18 11:42:55 - [TEST_STEP][PASSED] - clearText(findTestObject("Popup/EmailText")): Text of object 'Object Repository/Popup/EmailText' is cleared

2021-11-18 11:42:55 - [MESSAGE][INFO] - Finding Test Object 'Object Repository/Popup/EmailText'

2021-11-18 11:42:55 - [MESSAGE][INFO] - Checking object

2021-11-18 11:42:55 - [MESSAGE][INFO] - Finding web element from Test Object's properties

2021-11-18 11:42:55 - [MESSAGE][INFO] - Checking timeout

2021-11-18 11:42:55 - [MESSAGE][INFO] - Finding web element with id: 'Object Repository/Popup/EmailText' located by 'By.xpath: //*[@id="eMails"]' in '30' second(s)

2021-11-18 11:42:55 - [MESSAGE][INFO] - Smart Wait Function is triggered

2021-11-18 11:42:55 - [MESSAGE][INFO] - Found 1 web elements with id: 'Object Repository/Popup/EmailText' located by 'By.xpath: //*[@id="eMails"]' in '30' second(s)

2021-11-18 11:42:55 - [MESSAGE][INFO] - Clearing text of object 'Object Repository/Popup/EmailText'

2021-11-18 11:42:55 - [MESSAGE][PASSED] - Text of object 'Object Repository/Popup/EmailText' is cleared

2021-11-18 11:42:55 - [TEST_STEP][PASSED] - sendKeys(findTestObject("Popup/EmailText"), Email): Keys 'elogotest@gmail.com;ali.kara@logo.com.tr' sent to object: 'Object Repository/Popup/EmailText'

2021-11-18 11:42:55 - [MESSAGE][INFO] - Finding Test Object 'Object Repository/Popup/EmailText'

2021-11-18 11:42:55 - [MESSAGE][INFO] - Sending keys 'elogotest@gmail.com;ali.kara@logo.com.tr' to object: 'Object Repository/Popup/EmailText'

2021-11-18 11:42:55 - [MESSAGE][INFO] - Finding web element from Test Object's properties

2021-11-18 11:42:55 - [MESSAGE][INFO] - Checking timeout

2021-11-18 11:42:55 - [MESSAGE][INFO] - Finding web element with id: 'Object Repository/Popup/EmailText' located by 'By.xpath: //*[@id="eMails"]' in '30' second(s)

2021-11-18 11:42:55 - [MESSAGE][INFO] - Smart Wait Function is triggered

2021-11-18 11:42:56 - [MESSAGE][INFO] - Found 1 web elements with id: 'Object Repository/Popup/EmailText' located by 'By.xpath: //*[@id="eMails"]' in '30' second(s)

2021-11-18 11:42:56 - [MESSAGE][PASSED] - Keys 'elogotest@gmail.com;ali.kara@logo.com.tr' sent to object: 'Object Repository/Popup/EmailText'

2021-11-18 11:42:56 - [MESSAGE][PASSED] - Call Test Case 'Test Cases/Popup/PopupaEmailEklenir' successfully

2021-11-18 11:42:56 - [MESSAGE][INFO] - Checking called Test Case

2021-11-18 11:42:56 - [MESSAGE][INFO] - Starting to call Test Case 'Test Cases/Popup/PopupButonSecilir'

2021-11-18 11:42:56 - [TEST_CASE][PASSED] - Test Cases/Popup/PopupButonSecilir: Test Cases/Popup/PopupButonSecilir

2021-11-18 11:42:56 - [TEST_STEP][PASSED] - Method.TextDegerineEsitElementeTikla(findTestObject("Popup/Popup_Butons"), Buton): Method.TextDegerineEsitElementeTikla is PASSED

2021-11-18 11:42:56 - [MESSAGE][INFO] - Finding Test Object 'Object Repository/Popup/Popup_Butons'

2021-11-18 11:42:56 - [MESSAGE][INFO] - Checking timeout

2021-11-18 11:42:56 - [MESSAGE][INFO] - Finding web element with id: 'Object Repository/Popup/Popup_Butons' located by 'By.cssSelector: .modal-footer>button' in '10' second(s)

2021-11-18 11:42:56 - [MESSAGE][INFO] - Smart Wait Function is triggered

2021-11-18 11:42:56 - [MESSAGE][INFO] - Found 2 web elements with id: 'Object Repository/Popup/Popup_Butons' located by 'By.cssSelector: .modal-footer>button' in '10' second(s)

2021-11-18 11:42:56 - [MESSAGE][PASSED] - Method.TextDegerineEsitElementeTikla is PASSED

2021-11-18 11:42:56 - [MESSAGE][PASSED] - Call Test Case 'Test Cases/Popup/PopupButonSecilir' successfully

2021-11-18 11:42:56 - [MESSAGE][INFO] - Checking called Test Case

2021-11-18 11:42:56 - [MESSAGE][INFO] - Starting to call Test Case 'Test Cases/Popup/PopupMesajiIceriyorMu'

2021-11-18 11:42:56 - [TEST_CASE][PASSED] - Test Cases/Popup/PopupMesajiIceriyorMu: Test Cases/Popup/PopupMesajiIceriyorMu

2021-11-18 11:42:56 - [TEST_STEP][PASSED] - waitForElementVisible(findTestObject("Popup/Popup"), 10): Object 'Object Repository/Popup/Popup' is visible

2021-11-18 11:42:56 - [MESSAGE][INFO] - Finding Test Object 'Object Repository/Popup/Popup'

2021-11-18 11:42:56 - [MESSAGE][INFO] - Checking object

2021-11-18 11:42:56 - [MESSAGE][INFO] - Checking timeout

2021-11-18 11:42:56 - [MESSAGE][INFO] - Finding web element from Test Object's properties

2021-11-18 11:42:56 - [MESSAGE][INFO] - Checking timeout

2021-11-18 11:42:56 - [MESSAGE][INFO] - Finding web element with id: 'Object Repository/Popup/Popup' located by 'By.cssSelector: .bootbox-body' in '10' second(s)

2021-11-18 11:42:56 - [MESSAGE][INFO] - Smart Wait Function is triggered

2021-11-18 11:42:57 - [MESSAGE][INFO] - Found 1 web elements with id: 'Object Repository/Popup/Popup' located by 'By.cssSelector: .bootbox-body' in '10' second(s)

2021-11-18 11:42:57 - [MESSAGE][PASSED] - Object 'Object Repository/Popup/Popup' is visible

2021-11-18 11:42:57 - [TEST_STEP][PASSED] - if (!(getText(findTestObject("Popup/Popup")).contains(Mesaj))): Text of object 'Object Repository/Popup/Popup' is: '17391 no’lu talebiniz işleme alınmıştır. Raporunuz hazırlandığında (elogotest@gmail.com;ali.kara@logo.com.tr) adresinize mail gönderilecektir.
Rapor durumunuzu Raporlar > Toplu Veri İndirme ekranından takip edebilir, hazırlandı durumundaki raporlarınızı ilgili menüden indirebilirsiniz.'

2021-11-18 11:42:57 - [MESSAGE][INFO] - Finding Test Object 'Object Repository/Popup/Popup'

2021-11-18 11:42:57 - [MESSAGE][INFO] - Checking object

2021-11-18 11:42:57 - [MESSAGE][INFO] - Finding web element from Test Object's properties

2021-11-18 11:42:57 - [MESSAGE][INFO] - Checking timeout

2021-11-18 11:42:57 - [MESSAGE][INFO] - Finding web element with id: 'Object Repository/Popup/Popup' located by 'By.cssSelector: .bootbox-body' in '30' second(s)

2021-11-18 11:42:57 - [MESSAGE][INFO] - Smart Wait Function is triggered

2021-11-18 11:42:57 - [MESSAGE][INFO] - Found 1 web elements with id: 'Object Repository/Popup/Popup' located by 'By.cssSelector: .bootbox-body' in '30' second(s)

2021-11-18 11:42:57 - [MESSAGE][INFO] - Getting text of object 'Object Repository/Popup/Popup'

2021-11-18 11:42:58 - [MESSAGE][PASSED] - Text of object 'Object Repository/Popup/Popup' is: '17391 no’lu talebiniz işleme alınmıştır. Raporunuz hazırlandığında (elogotest@gmail.com;ali.kara@logo.com.tr) adresinize mail gönderilecektir.
Rapor durumunuzu Raporlar > Toplu Veri İndirme ekranından takip edebilir, hazırlandı durumundaki raporlarınızı ilgili menüden indirebilirsiniz.'

2021-11-18 11:42:58 - [TEST_STEP][PASSED] - RaporNo = getText(findTestObject("Popup/Popup")).substring(0, 6): Text of object 'Object Repository/Popup/Popup' is: '17391 no’lu talebiniz işleme alınmıştır. Raporunuz hazırlandığında (elogotest@gmail.com;ali.kara@logo.com.tr) adresinize mail gönderilecektir.
Rapor durumunuzu Raporlar > Toplu Veri İndirme ekranından takip edebilir, hazırlandı durumundaki raporlarınızı ilgili menüden indirebilirsiniz.'

2021-11-18 11:42:58 - [MESSAGE][INFO] - Finding Test Object 'Object Repository/Popup/Popup'

2021-11-18 11:42:58 - [MESSAGE][INFO] - Checking object

2021-11-18 11:42:58 - [MESSAGE][INFO] - Finding web element from Test Object's properties

2021-11-18 11:42:58 - [MESSAGE][INFO] - Checking timeout

2021-11-18 11:42:58 - [MESSAGE][INFO] - Finding web element with id: 'Object Repository/Popup/Popup' located by 'By.cssSelector: .bootbox-body' in '30' second(s)

2021-11-18 11:42:58 - [MESSAGE][INFO] - Smart Wait Function is triggered

2021-11-18 11:42:58 - [MESSAGE][INFO] - Found 1 web elements with id: 'Object Repository/Popup/Popup' located by 'By.cssSelector: .bootbox-body' in '30' second(s)

2021-11-18 11:42:58 - [MESSAGE][INFO] - Getting text of object 'Object Repository/Popup/Popup'

2021-11-18 11:42:58 - [MESSAGE][PASSED] - Text of object 'Object Repository/Popup/Popup' is: '17391 no’lu talebiniz işleme alınmıştır. Raporunuz hazırlandığında (elogotest@gmail.com;ali.kara@logo.com.tr) adresinize mail gönderilecektir.
Rapor durumunuzu Raporlar > Toplu Veri İndirme ekranından takip edebilir, hazırlandı durumundaki raporlarınızı ilgili menüden indirebilirsiniz.'

2021-11-18 11:42:58 - [TEST_STEP][PASSED] - Console.println(RaporNo): null

2021-11-18 11:42:58 - [MESSAGE][PASSED] - Call Test Case 'Test Cases/Popup/PopupMesajiIceriyorMu' successfully

2021-11-18 11:42:58 - [MESSAGE][INFO] - Checking called Test Case

2021-11-18 11:42:58 - [MESSAGE][INFO] - Starting to call Test Case 'Test Cases/Popup/PopupButonSecilir'

2021-11-18 11:42:58 - [TEST_CASE][PASSED] - Test Cases/Popup/PopupButonSecilir: Test Cases/Popup/PopupButonSecilir

2021-11-18 11:42:58 - [TEST_STEP][PASSED] - Method.TextDegerineEsitElementeTikla(findTestObject("Popup/Popup_Butons"), Buton): Method.TextDegerineEsitElementeTikla is PASSED

2021-11-18 11:42:58 - [MESSAGE][INFO] - Finding Test Object 'Object Repository/Popup/Popup_Butons'

2021-11-18 11:42:58 - [MESSAGE][INFO] - Checking timeout

2021-11-18 11:42:58 - [MESSAGE][INFO] - Finding web element with id: 'Object Repository/Popup/Popup_Butons' located by 'By.cssSelector: .modal-footer>button' in '10' second(s)

2021-11-18 11:42:58 - [MESSAGE][INFO] - Smart Wait Function is triggered

2021-11-18 11:42:59 - [MESSAGE][INFO] - Found 1 web elements with id: 'Object Repository/Popup/Popup_Butons' located by 'By.cssSelector: .modal-footer>button' in '10' second(s)

2021-11-18 11:42:59 - [MESSAGE][PASSED] - Method.TextDegerineEsitElementeTikla is PASSED

2021-11-18 11:42:59 - [MESSAGE][PASSED] - Call Test Case 'Test Cases/Popup/PopupButonSecilir' successfully

2021-11-18 11:42:59 - [MESSAGE][INFO] - Checking called Test Case

2021-11-18 11:42:59 - [MESSAGE][INFO] - Starting to call Test Case 'Test Cases/Menu/AnaMenuSecimi'

2021-11-18 11:42:59 - [TEST_CASE][PASSED] - Test Cases/Menu/AnaMenuSecimi: Test Cases/Menu/AnaMenuSecimi

2021-11-18 11:42:59 - [TEST_STEP][PASSED] - Method.TextDegerineEsitElementeTikla(findTestObject("Menu/Ana_Menu"), Ana_Menu): Method.TextDegerineEsitElementeTikla is PASSED

2021-11-18 11:42:59 - [MESSAGE][INFO] - Finding Test Object 'Object Repository/Menu/Ana_Menu'

2021-11-18 11:42:59 - [MESSAGE][INFO] - Checking timeout

2021-11-18 11:42:59 - [MESSAGE][INFO] - Finding web element with id: 'Object Repository/Menu/Ana_Menu' located by 'By.xpath: //*[@class = 'dropdown-toggle']' in '10' second(s)

2021-11-18 11:42:59 - [MESSAGE][INFO] - Smart Wait Function is triggered

2021-11-18 11:42:59 - [MESSAGE][INFO] - Found 14 web elements with id: 'Object Repository/Menu/Ana_Menu' located by 'By.xpath: //*[@class = 'dropdown-toggle']' in '10' second(s)

2021-11-18 11:43:00 - [MESSAGE][PASSED] - Method.TextDegerineEsitElementeTikla is PASSED

2021-11-18 11:43:00 - [MESSAGE][PASSED] - Call Test Case 'Test Cases/Menu/AnaMenuSecimi' successfully

2021-11-18 11:43:00 - [MESSAGE][INFO] - Checking called Test Case

2021-11-18 11:43:00 - [MESSAGE][INFO] - Starting to call Test Case 'Test Cases/Menu/AltMenuSecimi'

2021-11-18 11:43:00 - [TEST_CASE][PASSED] - Test Cases/Menu/AltMenuSecimi: Test Cases/Menu/AltMenuSecimi

2021-11-18 11:43:00 - [TEST_STEP][PASSED] - Method.TextDegerineEsitElementeTikla(findTestObject("Menu/Alt_Menu"), Alt_Menu): Method.TextDegerineEsitElementeTikla is PASSED

2021-11-18 11:43:00 - [MESSAGE][INFO] - Finding Test Object 'Object Repository/Menu/Alt_Menu'

2021-11-18 11:43:00 - [MESSAGE][INFO] - Checking timeout

2021-11-18 11:43:00 - [MESSAGE][INFO] - Finding web element with id: 'Object Repository/Menu/Alt_Menu' located by 'By.xpath: //li[@class='dropdown dropdown-large open']//li[@class='dropdown-element']' in '10' second(s)

2021-11-18 11:43:00 - [MESSAGE][INFO] - Smart Wait Function is triggered

2021-11-18 11:43:00 - [MESSAGE][INFO] - Found 9 web elements with id: 'Object Repository/Menu/Alt_Menu' located by 'By.xpath: //li[@class='dropdown dropdown-large open']//li[@class='dropdown-element']' in '10' second(s)

2021-11-18 11:43:01 - [MESSAGE][PASSED] - Method.TextDegerineEsitElementeTikla is PASSED

2021-11-18 11:43:01 - [MESSAGE][PASSED] - Call Test Case 'Test Cases/Menu/AltMenuSecimi' successfully

2021-11-18 11:43:01 - [MESSAGE][INFO] - Checking called Test Case

2021-11-18 11:43:01 - [MESSAGE][INFO] - Starting to call Test Case 'Test Cases/Filtreler/RaporNoYaz'

2021-11-18 11:43:01 - [TEST_CASE][PASSED] - Test Cases/Filtreler/RaporNoYaz: Test Cases/Filtreler/RaporNoYaz

2021-11-18 11:43:01 - [TEST_STEP][PASSED] - Method.TextDegerineEsitElementinAltindakiTextboxtaYaz(findTestObject("Filtreler/Basliklar"), findTestObject("Filtreler/Basliga_Gore_Textbox"), "Talep No", RaporNo): Method.TextDegerineEsitElementinAltindakiTextboxtaYaz is PASSED

2021-11-18 11:43:01 - [MESSAGE][INFO] - Finding Test Object 'Object Repository/Filtreler/Basliklar'

2021-11-18 11:43:01 - [MESSAGE][INFO] - Finding Test Object 'Object Repository/Filtreler/Basliga_Gore_Textbox'

2021-11-18 11:43:01 - [MESSAGE][INFO] - Checking timeout

2021-11-18 11:43:01 - [MESSAGE][INFO] - Finding web element with id: 'Object Repository/Filtreler/Basliklar' located by 'By.cssSelector: .control-label.col-sm-4.paddingMarginRLC' in '10' second(s)

2021-11-18 11:43:01 - [MESSAGE][INFO] - Smart Wait Function is triggered

2021-11-18 11:43:02 - [MESSAGE][INFO] - Found 8 web elements with id: 'Object Repository/Filtreler/Basliklar' located by 'By.cssSelector: .control-label.col-sm-4.paddingMarginRLC' in '10' second(s)

2021-11-18 11:43:02 - [MESSAGE][INFO] - Smart Wait Function is triggered

2021-11-18 11:43:02 - [MESSAGE][PASSED] - Method.TextDegerineEsitElementinAltindakiTextboxtaYaz is PASSED

2021-11-18 11:43:02 - [MESSAGE][PASSED] - Call Test Case 'Test Cases/Filtreler/RaporNoYaz' successfully

2021-11-18 11:43:02 - [MESSAGE][INFO] - Checking called Test Case

2021-11-18 11:43:02 - [MESSAGE][INFO] - Starting to call Test Case 'Test Cases/Filtreler/ButonaTikla'

2021-11-18 11:43:02 - [TEST_CASE][PASSED] - Test Cases/Filtreler/ButonaTikla: Test Cases/Filtreler/ButonaTikla

2021-11-18 11:43:02 - [TEST_STEP][PASSED] - Method.TextDegerineEsitElementeTikla(findTestObject("Filtreler/Butonlar"), Filtre_Buton): Method.TextDegerineEsitElementeTikla is PASSED

2021-11-18 11:43:02 - [MESSAGE][INFO] - Finding Test Object 'Object Repository/Filtreler/Butonlar'

2021-11-18 11:43:02 - [MESSAGE][INFO] - Checking timeout

2021-11-18 11:43:02 - [MESSAGE][INFO] - Finding web element with id: 'Object Repository/Filtreler/Butonlar' located by 'By.cssSelector: .dxb>span' in '10' second(s)

2021-11-18 11:43:02 - [MESSAGE][INFO] - Smart Wait Function is triggered

2021-11-18 11:43:03 - [MESSAGE][INFO] - Found 2 web elements with id: 'Object Repository/Filtreler/Butonlar' located by 'By.cssSelector: .dxb>span' in '10' second(s)

2021-11-18 11:43:03 - [MESSAGE][PASSED] - Method.TextDegerineEsitElementeTikla is PASSED

2021-11-18 11:43:03 - [MESSAGE][PASSED] - Call Test Case 'Test Cases/Filtreler/ButonaTikla' successfully

2021-11-18 11:43:03 - [MESSAGE][INFO] - Checking called Test Case

2021-11-18 11:43:03 - [MESSAGE][INFO] - Starting to call Test Case 'Test Cases/Tablo/TablodaVeriVarMi'

2021-11-18 11:43:03 - [TEST_CASE][PASSED] - Test Cases/Tablo/TablodaVeriVarMi: Test Cases/Tablo/TablodaVeriVarMi

2021-11-18 11:43:03 - [TEST_STEP][PASSED] - verifyTextNotPresent("Görüntülenecek veri yok", true): Text 'Görüntülenecek veri yok' is not present on page using regular expression

2021-11-18 11:43:03 - [MESSAGE][INFO] - Checking text present  using regular expression

2021-11-18 11:43:03 - [MESSAGE][INFO] - Smart Wait Function is triggered

2021-11-18 11:43:03 - [MESSAGE][INFO] - Finding text 'Görüntülenecek veri yok' on page  using regular expression

2021-11-18 11:43:03 - [MESSAGE][PASSED] - Text 'Görüntülenecek veri yok' is not present on page using regular expression

2021-11-18 11:43:03 - [MESSAGE][PASSED] - Call Test Case 'Test Cases/Tablo/TablodaVeriVarMi' successfully

2021-11-18 11:43:03 - [MESSAGE][INFO] - Checking called Test Case

2021-11-18 11:43:03 - [MESSAGE][INFO] - Starting to call Test Case 'Test Cases/Kullanici_Islemleri/KullaniciIslemlerindenSecimYapilir'

2021-11-18 11:43:04 - [TEST_CASE][PASSED] - Test Cases/Kullanici_Islemleri/KullaniciIslemlerindenSecimYapilir: Test Cases/Kullanici_Islemleri/KullaniciIslemlerindenSecimYapilir

2021-11-18 11:43:04 - [TEST_STEP][PASSED] - waitForElementClickable(findTestObject("Object Repository/Kullanici_Islemleri/KullaniciIslemleri"), 10): Object 'Object Repository/Kullanici_Islemleri/KullaniciIslemleri' is clickable

2021-11-18 11:43:04 - [MESSAGE][INFO] - Finding Test Object 'Object Repository/Kullanici_Islemleri/KullaniciIslemleri'

2021-11-18 11:43:04 - [MESSAGE][INFO] - Checking object

2021-11-18 11:43:04 - [MESSAGE][INFO] - Checking timeout

2021-11-18 11:43:04 - [MESSAGE][INFO] - Finding web element from Test Object's properties

2021-11-18 11:43:04 - [MESSAGE][INFO] - Checking timeout

2021-11-18 11:43:04 - [MESSAGE][INFO] - Finding web element with id: 'Object Repository/Kullanici_Islemleri/KullaniciIslemleri' located by 'By.cssSelector: .dropdown>a>img' in '10' second(s)

2021-11-18 11:43:04 - [MESSAGE][INFO] - Smart Wait Function is triggered

2021-11-18 11:43:04 - [MESSAGE][INFO] - Found 1 web elements with id: 'Object Repository/Kullanici_Islemleri/KullaniciIslemleri' located by 'By.cssSelector: .dropdown>a>img' in '10' second(s)

2021-11-18 11:43:04 - [MESSAGE][PASSED] - Object 'Object Repository/Kullanici_Islemleri/KullaniciIslemleri' is clickable

2021-11-18 11:43:04 - [TEST_STEP][PASSED] - click(findTestObject("Object Repository/Kullanici_Islemleri/KullaniciIslemleri")): Object: 'Object Repository/Kullanici_Islemleri/KullaniciIslemleri' is clicked on

2021-11-18 11:43:04 - [MESSAGE][INFO] - Finding Test Object 'Object Repository/Kullanici_Islemleri/KullaniciIslemleri'

2021-11-18 11:43:04 - [MESSAGE][INFO] - Checking object

2021-11-18 11:43:04 - [MESSAGE][INFO] - Finding web element from Test Object's properties

2021-11-18 11:43:04 - [MESSAGE][INFO] - Checking timeout

2021-11-18 11:43:04 - [MESSAGE][INFO] - Finding web element with id: 'Object Repository/Kullanici_Islemleri/KullaniciIslemleri' located by 'By.cssSelector: .dropdown>a>img' in '30' second(s)

2021-11-18 11:43:04 - [MESSAGE][INFO] - Smart Wait Function is triggered

2021-11-18 11:43:04 - [MESSAGE][INFO] - Found 1 web elements with id: 'Object Repository/Kullanici_Islemleri/KullaniciIslemleri' located by 'By.cssSelector: .dropdown>a>img' in '30' second(s)

2021-11-18 11:43:04 - [MESSAGE][INFO] - Clicking on object: 'Object Repository/Kullanici_Islemleri/KullaniciIslemleri'

2021-11-18 11:43:04 - [MESSAGE][PASSED] - Object: 'Object Repository/Kullanici_Islemleri/KullaniciIslemleri' is clicked on

2021-11-18 11:43:04 - [TEST_STEP][PASSED] - Method.TextDegerineEsitElementeTikla(findTestObject("Object Repository/Kullanici_Islemleri/Secenekler"), Islem): Method.TextDegerineEsitElementeTikla is PASSED

2021-11-18 11:43:04 - [MESSAGE][INFO] - Finding Test Object 'Object Repository/Kullanici_Islemleri/Secenekler'

2021-11-18 11:43:04 - [MESSAGE][INFO] - Checking timeout

2021-11-18 11:43:04 - [MESSAGE][INFO] - Finding web element with id: 'Object Repository/Kullanici_Islemleri/Secenekler' located by 'By.cssSelector: .nav.navbar-nav.navbar-right li a' in '10' second(s)

2021-11-18 11:43:04 - [MESSAGE][INFO] - Smart Wait Function is triggered

2021-11-18 11:43:05 - [MESSAGE][INFO] - Found 22 web elements with id: 'Object Repository/Kullanici_Islemleri/Secenekler' located by 'By.cssSelector: .nav.navbar-nav.navbar-right li a' in '10' second(s)

2021-11-18 11:43:06 - [MESSAGE][PASSED] - Method.TextDegerineEsitElementeTikla is PASSED

2021-11-18 11:43:06 - [TEST_STEP][PASSED] - verifyElementNotPresent(findTestObject("Object Repository/Kullanici_Islemleri/Secenekler"), 10): Web element with id: 'Object Repository/Kullanici_Islemleri/Secenekler' located by 'By.cssSelector: .nav.navbar-nav.navbar-right li a' is not present after '10' second(s)

2021-11-18 11:43:06 - [MESSAGE][INFO] - Finding Test Object 'Object Repository/Kullanici_Islemleri/Secenekler'

2021-11-18 11:43:06 - [MESSAGE][INFO] - Checking object

2021-11-18 11:43:06 - [MESSAGE][INFO] - Checking timeout

2021-11-18 11:43:06 - [MESSAGE][INFO] - Finding web element with id: 'Object Repository/Kullanici_Islemleri/Secenekler' located by 'By.cssSelector: .nav.navbar-nav.navbar-right li a' in '10' second(s)

2021-11-18 11:43:06 - [MESSAGE][INFO] - Smart Wait Function is triggered

2021-11-18 11:43:07 - [MESSAGE][PASSED] - Web element with id: 'Object Repository/Kullanici_Islemleri/Secenekler' located by 'By.cssSelector: .nav.navbar-nav.navbar-right li a' is not present after '10' second(s)

2021-11-18 11:43:07 - [MESSAGE][PASSED] - Call Test Case 'Test Cases/Kullanici_Islemleri/KullaniciIslemlerindenSecimYapilir' successfully

2021-11-18 11:43:07 - [TEST_CASE][PASSED] - Start Test Case : SCENARIO e-Irsaliye Gelen Kutusu Uygulama Yanıtları Toplu Indirme - UBL Secilenlerin indirilmesi: SCENARIO e-Irsaliye Gelen Kutusu Uygulama Yanıtları Toplu Indirme - UBL Secilenlerin indirilmesi

2021-11-18 11:43:07 - [TEST_STEP][PASSED] - Kullanıcı adı ELOGO6 ve Şifre 123456 olarak giriş yapılır: Kullanıcı adı ELOGO6 ve Şifre 123456 olarak giriş yapılır

2021-11-18 11:43:07 - [MESSAGE][PASSED] - Kullanıcı adı ELOGO6 ve Şifre 123456 olarak giriş yapılır

2021-11-18 11:43:07 - [TEST_STEP][PASSED] - Ana menüden e-İrsaliye seçilir: Ana menüden e-İrsaliye seçilir

2021-11-18 11:43:07 - [MESSAGE][PASSED] - Ana menüden e-İrsaliye seçilir

2021-11-18 11:43:07 - [TEST_STEP][PASSED] - Alt menü Gelen Kutusu başlığı altındaki İrsaliye Yanıtları seçilir: Alt menü Gelen Kutusu başlığı altındaki İrsaliye Yanıtları seçilir

2021-11-18 11:43:07 - [MESSAGE][PASSED] - Alt menü Gelen Kutusu başlığı altındaki İrsaliye Yanıtları seçilir

2021-11-18 11:43:07 - [TEST_STEP][PASSED] - Filtrelerden Oluşturma Tarihi filtresine 01.01.2020 baslangic degerini yaz: Filtrelerden Oluşturma Tarihi filtresine 01.01.2020 baslangic degerini yaz

2021-11-18 11:43:07 - [MESSAGE][PASSED] - Filtrelerden Oluşturma Tarihi filtresine 01.01.2020 baslangic degerini yaz

2021-11-18 11:43:07 - [TEST_STEP][PASSED] - Filtrelerden Oluşturma Tarihi filtresine 31.12.2020 bitis degerini yaz: Filtrelerden Oluşturma Tarihi filtresine 31.12.2020 bitis degerini yaz

2021-11-18 11:43:07 - [MESSAGE][PASSED] - Filtrelerden Oluşturma Tarihi filtresine 31.12.2020 bitis degerini yaz

2021-11-18 11:43:07 - [TEST_STEP][PASSED] - Filtre butonlarından Listele seçilir: Filtre butonlarından Listele seçilir

2021-11-18 11:43:07 - [MESSAGE][PASSED] - Filtre butonlarından Listele seçilir

2021-11-18 11:43:07 - [TEST_STEP][PASSED] - Tabloda veri var mı kontrol edilir: Tabloda veri var mı kontrol edilir

2021-11-18 11:43:07 - [MESSAGE][PASSED] - Tabloda veri var mı kontrol edilir

2021-11-18 11:43:07 - [TEST_STEP][PASSED] - Tablodan ELOGO TEST isimli veri seçilir: Tablodan ELOGO TEST isimli veri seçilir

2021-11-18 11:43:07 - [MESSAGE][PASSED] - Tablodan ELOGO TEST isimli veri seçilir

2021-11-18 11:43:07 - [TEST_STEP][PASSED] - Butonlardan Toplu İndirme isimli butona tıklanır: Butonlardan Toplu İndirme isimli butona tıklanır

2021-11-18 11:43:07 - [MESSAGE][PASSED] - Butonlardan Toplu İndirme isimli butona tıklanır

2021-11-18 11:43:07 - [TEST_STEP][PASSED] - Alt butonlardan UBL Seçilenleri İndir butonuna tıklanır: Alt butonlardan UBL Seçilenleri İndir butonuna tıklanır

2021-11-18 11:43:07 - [MESSAGE][PASSED] - Alt butonlardan UBL Seçilenleri İndir butonuna tıklanır

2021-11-18 11:43:07 - [TEST_STEP][PASSED] - Popup mesajı Lütfen rapor bildiriminin gönderileceği e-posta adresini belirtiniz. içeriyor mu: Popup mesajı Lütfen rapor bildiriminin gönderileceği e-posta adresini belirtiniz. içeriyor mu

2021-11-18 11:43:07 - [MESSAGE][PASSED] - Popup mesajı Lütfen rapor bildiriminin gönderileceği e-posta adresini belirtiniz. içeriyor mu

2021-11-18 11:43:07 - [TEST_STEP][PASSED] - Popup email elogotest@gmail.com;ali.kara@logo.com.tr olarak girilir: Popup email elogotest@gmail.com;ali.kara@logo.com.tr olarak girilir

2021-11-18 11:43:07 - [MESSAGE][PASSED] - Popup email elogotest@gmail.com;ali.kara@logo.com.tr olarak girilir

2021-11-18 11:43:07 - [TEST_STEP][PASSED] - Yönetim popupında Gönder seçilir: Yönetim popupında Gönder seçilir

2021-11-18 11:43:07 - [MESSAGE][PASSED] - Yönetim popupında Gönder seçilir

2021-11-18 11:43:07 - [TEST_STEP][PASSED] - Popup mesajı talebiniz işleme alınmıştır içeriyor mu: Popup mesajı talebiniz işleme alınmıştır içeriyor mu

2021-11-18 11:43:07 - [MESSAGE][PASSED] - Popup mesajı talebiniz işleme alınmıştır içeriyor mu

2021-11-18 11:43:07 - [TEST_STEP][PASSED] - Yönetim popupında Tamam seçilir: Yönetim popupında Tamam seçilir

2021-11-18 11:43:07 - [MESSAGE][PASSED] - Yönetim popupında Tamam seçilir

2021-11-18 11:43:07 - [TEST_STEP][PASSED] - Butonlardan Toplu İndirme isimli butona tıklanır: Butonlardan Toplu İndirme isimli butona tıklanır

2021-11-18 11:43:07 - [MESSAGE][PASSED] - Butonlardan Toplu İndirme isimli butona tıklanır

2021-11-18 11:43:07 - [TEST_STEP][PASSED] - Alt butonlardan UBL Tümünü İndir butonuna tıklanır: Alt butonlardan UBL Tümünü İndir butonuna tıklanır

2021-11-18 11:43:07 - [MESSAGE][PASSED] - Alt butonlardan UBL Tümünü İndir butonuna tıklanır

2021-11-18 11:43:07 - [TEST_STEP][PASSED] - Popup mesajı Lütfen rapor bildiriminin gönderileceği e-posta adresini belirtiniz. içeriyor mu: Popup mesajı Lütfen rapor bildiriminin gönderileceği e-posta adresini belirtiniz. içeriyor mu

2021-11-18 11:43:07 - [MESSAGE][PASSED] - Popup mesajı Lütfen rapor bildiriminin gönderileceği e-posta adresini belirtiniz. içeriyor mu

2021-11-18 11:43:07 - [TEST_STEP][PASSED] - Popup email elogotest@gmail.com;ali.kara@logo.com.tr olarak girilir: Popup email elogotest@gmail.com;ali.kara@logo.com.tr olarak girilir

2021-11-18 11:43:07 - [MESSAGE][PASSED] - Popup email elogotest@gmail.com;ali.kara@logo.com.tr olarak girilir

2021-11-18 11:43:07 - [TEST_STEP][PASSED] - Yönetim popupında Gönder seçilir: Yönetim popupında Gönder seçilir

2021-11-18 11:43:07 - [MESSAGE][PASSED] - Yönetim popupında Gönder seçilir

2021-11-18 11:43:07 - [TEST_STEP][PASSED] - Popup mesajı talebiniz işleme alınmıştır içeriyor mu: Popup mesajı talebiniz işleme alınmıştır içeriyor mu

2021-11-18 11:43:07 - [MESSAGE][PASSED] - Popup mesajı talebiniz işleme alınmıştır içeriyor mu

2021-11-18 11:43:07 - [TEST_STEP][PASSED] - Yönetim popupında Tamam seçilir: Yönetim popupında Tamam seçilir

2021-11-18 11:43:07 - [MESSAGE][PASSED] - Yönetim popupında Tamam seçilir

2021-11-18 11:43:07 - [TEST_STEP][PASSED] - Ana menüden Raporlar seçilir: Ana menüden Raporlar seçilir

2021-11-18 11:43:07 - [MESSAGE][PASSED] - Ana menüden Raporlar seçilir

2021-11-18 11:43:07 - [TEST_STEP][PASSED] - Alt menüden Toplu Veri İndirme seçilir: Alt menüden Toplu Veri İndirme seçilir

2021-11-18 11:43:07 - [MESSAGE][PASSED] - Alt menüden Toplu Veri İndirme seçilir

2021-11-18 11:43:07 - [TEST_STEP][PASSED] - Filtrelerden Talep No filtresine Rapor No bilgisi yaz: Filtrelerden Talep No filtresine Rapor No bilgisi yaz

2021-11-18 11:43:07 - [MESSAGE][PASSED] - Filtrelerden Talep No filtresine Rapor No bilgisi yaz

2021-11-18 11:43:07 - [TEST_STEP][PASSED] - Filtre butonlarından Listele seçilir: Filtre butonlarından Listele seçilir

2021-11-18 11:43:07 - [MESSAGE][PASSED] - Filtre butonlarından Listele seçilir

2021-11-18 11:43:07 - [TEST_STEP][PASSED] - Tabloda veri var mı kontrol edilir: Tabloda veri var mı kontrol edilir

2021-11-18 11:43:07 - [MESSAGE][PASSED] - Tabloda veri var mı kontrol edilir

2021-11-18 11:43:07 - [TEST_STEP][PASSED] - Kullanıcı işlemlerinden Çıkış seçilir: Kullanıcı işlemlerinden Çıkış seçilir

2021-11-18 11:43:07 - [MESSAGE][PASSED] - Kullanıcı işlemlerinden Çıkış seçilir

2021-11-18 11:43:07 - [MESSAGE][PASSED] - Feature file: 'Include/features/e-Irsaliye/Gelen Kutusu/Irsaliye Yanitlari/Toplu Indirme.feature' was passed

2021-11-18 11:43:07 - [TEST_STEP][PASSED] - Start listener action : sampleAfterTestSuite: Invoke 'com.kms.katalon.core.annotation.AfterTestCase' method: 'Listener.sampleAfterTestSuite(...)' completed.

2021-11-18 11:43:07 - [MESSAGE][INFO] - Starting invoke 'com.kms.katalon.core.annotation.AfterTestCase' method: 'Listener.sampleAfterTestSuite(...)'

2021-11-18 11:43:07 - [TEST_STEP][PASSED] - closeBrowser(): Invoke 'com.kms.katalon.core.annotation.AfterTestCase' method: 'Listener.sampleAfterTestSuite(...)' completed.

2021-11-18 11:43:07 - [MESSAGE][INFO] - Closing browser

2021-11-18 11:43:07 - [MESSAGE][PASSED] - Browser is closed

2021-11-18 11:43:07 - [MESSAGE][INFO] - Invoke 'com.kms.katalon.core.annotation.AfterTestCase' method: 'Listener.sampleAfterTestSuite(...)' completed.]]></system-out>
         <system-err><![CDATA[]]></system-err>
      </testcase>
      <testcase name="Test Cases/Case Repository/e-Irsaliye/Gelen Kutusu/Irsaliyeler/Toplu Indirme" time="65.152" classname="Test Cases/Case Repository/e-Irsaliye/Gelen Kutusu/Irsaliyeler/Toplu Indirme" status="PASSED">
         <system-out><![CDATA[2021-11-18 11:43:07 - [TEST_CASE][PASSED] - Test Cases/Case Repository/e-Irsaliye/Gelen Kutusu/Irsaliyeler/Toplu Indirme: Test Cases/Case Repository/e-Irsaliye/Gelen Kutusu/Irsaliyeler/Toplu Indirme

2021-11-18 11:43:07 - [TEST_STEP][PASSED] - Start listener action : sampleBeforeTestSuite: Invoke 'com.kms.katalon.core.annotation.BeforeTestCase' method: 'Listener.sampleBeforeTestSuite(...)' completed.

2021-11-18 11:43:07 - [MESSAGE][INFO] - Starting invoke 'com.kms.katalon.core.annotation.BeforeTestCase' method: 'Listener.sampleBeforeTestSuite(...)'

2021-11-18 11:43:07 - [TEST_STEP][PASSED] - openBrowser(baseUrl): Browser is opened with url: 'https://efatura-stage.elogo.com.tr/'

2021-11-18 11:43:07 - [MESSAGE][INFO] - Opening browser

2021-11-18 11:43:07 - [MESSAGE][INFO] - Starting 'Chrome' driver

2021-11-18 11:43:07 - [MESSAGE][INFO] - User set preference: ['prefs', '{download.default_directory=C:\otomasyondownfiles}']

2021-11-18 11:43:07 - [MESSAGE][INFO] - Action delay is set to 0 milliseconds

2021-11-18 11:43:09 - [MESSAGE][INFO] - Navigating browser to: 'https://efatura-stage.elogo.com.tr/'

2021-11-18 11:43:11 - [MESSAGE][PASSED] - Browser is opened with url: 'https://efatura-stage.elogo.com.tr/'

2021-11-18 11:43:11 - [TEST_STEP][PASSED] - maximizeWindow(): Invoke 'com.kms.katalon.core.annotation.BeforeTestCase' method: 'Listener.sampleBeforeTestSuite(...)' completed.

2021-11-18 11:43:11 - [MESSAGE][INFO] - Maximizing current window

2021-11-18 11:43:11 - [MESSAGE][PASSED] - Current window maximized

2021-11-18 11:43:11 - [MESSAGE][INFO] - Invoke 'com.kms.katalon.core.annotation.BeforeTestCase' method: 'Listener.sampleBeforeTestSuite(...)' completed.

2021-11-18 11:43:12 - [TEST_STEP][PASSED] - runFeatureFile("Include/features/e-Irsaliye/Gelen Kutusu/Irsaliyeler/Toplu Indirme.feature"): Feature file: 'Include/features/e-Irsaliye/Gelen Kutusu/Irsaliyeler/Toplu Indirme.feature' was passed

2021-11-18 11:43:12 - [MESSAGE][INFO] - Starting run keyword runFeatureFile: 'Include/features/e-Irsaliye/Gelen Kutusu/Irsaliyeler/Toplu Indirme.feature' and extract report to folder: 'C:\Users\DELL\Documents\GitHub\EES_KatalonLogo\Reports\20211118_110909\Suite Repository\ExceleAktarVeTopluIndirme\20211118_110948/cucumber_report/1637224992173'...

2021-11-18 11:43:12 - [MESSAGE][INFO] - Glue: []

2021-11-18 11:43:14 - [MESSAGE][INFO] - Checking called Test Case

2021-11-18 11:43:14 - [MESSAGE][INFO] - Starting to call Test Case 'Test Cases/Sayfalar/Giris_Sayfasi/Login'

2021-11-18 11:43:14 - [TEST_CASE][PASSED] - Test Cases/Sayfalar/Giris_Sayfasi/Login: Test Cases/Sayfalar/Giris_Sayfasi/Login

2021-11-18 11:43:14 - [TEST_STEP][PASSED] - Sayfa_Basligi = getWindowTitle(): Current window's title is: 'LOGO e-Fatura'

2021-11-18 11:43:14 - [MESSAGE][INFO] - Getting current window's title

2021-11-18 11:43:14 - [MESSAGE][PASSED] - Current window's title is: 'LOGO e-Fatura'

2021-11-18 11:43:14 - [TEST_STEP][PASSED] - verifyMatch(Sayfa_Basligi, "LOGO e-Fatura", false): Actual text 'LOGO e-Fatura' and expected text 'LOGO e-Fatura' are matched 

2021-11-18 11:43:14 - [MESSAGE][INFO] - Matching actual text 'LOGO e-Fatura' with expected text 'LOGO e-Fatura'

2021-11-18 11:43:14 - [MESSAGE][PASSED] - Actual text 'LOGO e-Fatura' and expected text 'LOGO e-Fatura' are matched 

2021-11-18 11:43:14 - [TEST_STEP][PASSED] - sendKeys(findTestObject("Sayfalar/Giris_Sayfasi/Firma_Kodu"), KullaniciAdi): Keys 'ELOGO6' sent to object: 'Object Repository/Sayfalar/Giris_Sayfasi/Firma_Kodu'

2021-11-18 11:43:14 - [MESSAGE][INFO] - Finding Test Object 'Object Repository/Sayfalar/Giris_Sayfasi/Firma_Kodu'

2021-11-18 11:43:14 - [MESSAGE][INFO] - Sending keys 'ELOGO6' to object: 'Object Repository/Sayfalar/Giris_Sayfasi/Firma_Kodu'

2021-11-18 11:43:14 - [MESSAGE][INFO] - Finding web element from Test Object's properties

2021-11-18 11:43:14 - [MESSAGE][INFO] - Checking timeout

2021-11-18 11:43:14 - [MESSAGE][INFO] - Finding web element with id: 'Object Repository/Sayfalar/Giris_Sayfasi/Firma_Kodu' located by 'By.xpath: //*[@id = 'AccountName']' in '30' second(s)

2021-11-18 11:43:14 - [MESSAGE][INFO] - Smart Wait Function is triggered

2021-11-18 11:43:14 - [MESSAGE][INFO] - Found 1 web elements with id: 'Object Repository/Sayfalar/Giris_Sayfasi/Firma_Kodu' located by 'By.xpath: //*[@id = 'AccountName']' in '30' second(s)

2021-11-18 11:43:14 - [MESSAGE][PASSED] - Keys 'ELOGO6' sent to object: 'Object Repository/Sayfalar/Giris_Sayfasi/Firma_Kodu'

2021-11-18 11:43:14 - [TEST_STEP][PASSED] - sendKeys(findTestObject("Sayfalar/Giris_Sayfasi/Sifre"), Sifre): Keys '123456' sent to object: 'Object Repository/Sayfalar/Giris_Sayfasi/Sifre'

2021-11-18 11:43:14 - [MESSAGE][INFO] - Finding Test Object 'Object Repository/Sayfalar/Giris_Sayfasi/Sifre'

2021-11-18 11:43:15 - [MESSAGE][INFO] - Sending keys '123456' to object: 'Object Repository/Sayfalar/Giris_Sayfasi/Sifre'

2021-11-18 11:43:15 - [MESSAGE][INFO] - Finding web element from Test Object's properties

2021-11-18 11:43:15 - [MESSAGE][INFO] - Checking timeout

2021-11-18 11:43:15 - [MESSAGE][INFO] - Finding web element with id: 'Object Repository/Sayfalar/Giris_Sayfasi/Sifre' located by 'By.xpath: //*[@id = 'Password']' in '30' second(s)

2021-11-18 11:43:15 - [MESSAGE][INFO] - Smart Wait Function is triggered

2021-11-18 11:43:15 - [MESSAGE][INFO] - Found 1 web elements with id: 'Object Repository/Sayfalar/Giris_Sayfasi/Sifre' located by 'By.xpath: //*[@id = 'Password']' in '30' second(s)

2021-11-18 11:43:15 - [MESSAGE][PASSED] - Keys '123456' sent to object: 'Object Repository/Sayfalar/Giris_Sayfasi/Sifre'

2021-11-18 11:43:15 - [TEST_STEP][PASSED] - findWebElement(findTestObject("Sayfalar/Giris_Sayfasi/Giris_Butonu")).click(): Found 1 web elements with id: 'Object Repository/Sayfalar/Giris_Sayfasi/Giris_Butonu' located by 'By.cssSelector: #btnLogin' in '30' second(s)

2021-11-18 11:43:15 - [MESSAGE][INFO] - Finding Test Object 'Object Repository/Sayfalar/Giris_Sayfasi/Giris_Butonu'

2021-11-18 11:43:15 - [MESSAGE][INFO] - Finding web element from Test Object's properties

2021-11-18 11:43:15 - [MESSAGE][INFO] - Checking timeout

2021-11-18 11:43:15 - [MESSAGE][INFO] - Finding web element with id: 'Object Repository/Sayfalar/Giris_Sayfasi/Giris_Butonu' located by 'By.cssSelector: #btnLogin' in '30' second(s)

2021-11-18 11:43:15 - [MESSAGE][INFO] - Smart Wait Function is triggered

2021-11-18 11:43:15 - [MESSAGE][INFO] - Found 1 web elements with id: 'Object Repository/Sayfalar/Giris_Sayfasi/Giris_Butonu' located by 'By.cssSelector: #btnLogin' in '30' second(s)

2021-11-18 11:43:18 - [TEST_STEP][PASSED] - if (verifyElementPresent(findTestObject("Object Repository/Sayfalar/Giris_Sayfasi/RetveTamam_Butonu"), 5, OPTIONAL)): null

2021-11-18 11:43:18 - [MESSAGE][INFO] - Finding Test Object 'Object Repository/Sayfalar/Giris_Sayfasi/RetveTamam_Butonu'

2021-11-18 11:43:18 - [MESSAGE][INFO] - Checking object

2021-11-18 11:43:18 - [MESSAGE][INFO] - Finding web element from Test Object's properties

2021-11-18 11:43:18 - [MESSAGE][INFO] - Checking timeout

2021-11-18 11:43:18 - [MESSAGE][INFO] - Finding web element with id: 'Object Repository/Sayfalar/Giris_Sayfasi/RetveTamam_Butonu' located by 'By.xpath: //*[@class = 'btn btn-default']' in '5' second(s)

2021-11-18 11:43:18 - [MESSAGE][INFO] - Smart Wait Function is triggered

2021-11-18 11:43:18 - [MESSAGE][INFO] - Found 1 web elements with id: 'Object Repository/Sayfalar/Giris_Sayfasi/RetveTamam_Butonu' located by 'By.xpath: //*[@class = 'btn btn-default']' in '5' second(s)

2021-11-18 11:43:18 - [MESSAGE][PASSED] - Object 'Object Repository/Sayfalar/Giris_Sayfasi/RetveTamam_Butonu' is present

2021-11-18 11:43:18 - [TEST_STEP][PASSED] - click(findTestObject("Object Repository/Sayfalar/Giris_Sayfasi/RetveTamam_Butonu")): Object: 'Object Repository/Sayfalar/Giris_Sayfasi/RetveTamam_Butonu' is clicked on

2021-11-18 11:43:18 - [MESSAGE][INFO] - Finding Test Object 'Object Repository/Sayfalar/Giris_Sayfasi/RetveTamam_Butonu'

2021-11-18 11:43:18 - [MESSAGE][INFO] - Checking object

2021-11-18 11:43:18 - [MESSAGE][INFO] - Finding web element from Test Object's properties

2021-11-18 11:43:18 - [MESSAGE][INFO] - Checking timeout

2021-11-18 11:43:18 - [MESSAGE][INFO] - Finding web element with id: 'Object Repository/Sayfalar/Giris_Sayfasi/RetveTamam_Butonu' located by 'By.xpath: //*[@class = 'btn btn-default']' in '30' second(s)

2021-11-18 11:43:18 - [MESSAGE][INFO] - Smart Wait Function is triggered

2021-11-18 11:43:19 - [MESSAGE][INFO] - Found 1 web elements with id: 'Object Repository/Sayfalar/Giris_Sayfasi/RetveTamam_Butonu' located by 'By.xpath: //*[@class = 'btn btn-default']' in '30' second(s)

2021-11-18 11:43:19 - [MESSAGE][INFO] - Clicking on object: 'Object Repository/Sayfalar/Giris_Sayfasi/RetveTamam_Butonu'

2021-11-18 11:43:19 - [MESSAGE][PASSED] - Object: 'Object Repository/Sayfalar/Giris_Sayfasi/RetveTamam_Butonu' is clicked on

2021-11-18 11:43:19 - [TEST_STEP][PASSED] - click(findTestObject("Object Repository/Sayfalar/Giris_Sayfasi/RetveTamam_Butonu")): Object: 'Object Repository/Sayfalar/Giris_Sayfasi/RetveTamam_Butonu' is clicked on

2021-11-18 11:43:19 - [MESSAGE][INFO] - Finding Test Object 'Object Repository/Sayfalar/Giris_Sayfasi/RetveTamam_Butonu'

2021-11-18 11:43:19 - [MESSAGE][INFO] - Checking object

2021-11-18 11:43:19 - [MESSAGE][INFO] - Finding web element from Test Object's properties

2021-11-18 11:43:19 - [MESSAGE][INFO] - Checking timeout

2021-11-18 11:43:19 - [MESSAGE][INFO] - Finding web element with id: 'Object Repository/Sayfalar/Giris_Sayfasi/RetveTamam_Butonu' located by 'By.xpath: //*[@class = 'btn btn-default']' in '30' second(s)

2021-11-18 11:43:19 - [MESSAGE][INFO] - Smart Wait Function is triggered

2021-11-18 11:43:22 - [MESSAGE][INFO] - Found 1 web elements with id: 'Object Repository/Sayfalar/Giris_Sayfasi/RetveTamam_Butonu' located by 'By.xpath: //*[@class = 'btn btn-default']' in '30' second(s)

2021-11-18 11:43:22 - [MESSAGE][INFO] - Clicking on object: 'Object Repository/Sayfalar/Giris_Sayfasi/RetveTamam_Butonu'

2021-11-18 11:43:22 - [MESSAGE][PASSED] - Object: 'Object Repository/Sayfalar/Giris_Sayfasi/RetveTamam_Butonu' is clicked on

2021-11-18 11:43:22 - [TEST_STEP][PASSED] - if (verifyElementPresent(findTestObject("Sayfalar/Giris_Sayfasi/PopupOK"), 5, OPTIONAL)): null

2021-11-18 11:43:22 - [MESSAGE][INFO] - Finding Test Object 'Object Repository/Sayfalar/Giris_Sayfasi/PopupOK'

2021-11-18 11:43:22 - [MESSAGE][INFO] - Checking object

2021-11-18 11:43:22 - [MESSAGE][INFO] - Finding web element from Test Object's properties

2021-11-18 11:43:22 - [MESSAGE][INFO] - Checking timeout

2021-11-18 11:43:22 - [MESSAGE][INFO] - Finding web element with id: 'Object Repository/Sayfalar/Giris_Sayfasi/PopupOK' located by 'By.cssSelector: .btn.btn-success' in '5' second(s)

2021-11-18 11:43:22 - [MESSAGE][INFO] - Smart Wait Function is triggered

2021-11-18 11:43:23 - [MESSAGE][INFO] - Found 1 web elements with id: 'Object Repository/Sayfalar/Giris_Sayfasi/PopupOK' located by 'By.cssSelector: .btn.btn-success' in '5' second(s)

2021-11-18 11:43:23 - [MESSAGE][PASSED] - Object 'Object Repository/Sayfalar/Giris_Sayfasi/PopupOK' is present

2021-11-18 11:43:23 - [TEST_STEP][PASSED] - click(findTestObject("Object Repository/Sayfalar/Giris_Sayfasi/PopupCarpiGiris")): Object: 'Object Repository/Sayfalar/Giris_Sayfasi/PopupCarpiGiris' is clicked on

2021-11-18 11:43:23 - [MESSAGE][INFO] - Finding Test Object 'Object Repository/Sayfalar/Giris_Sayfasi/PopupCarpiGiris'

2021-11-18 11:43:23 - [MESSAGE][INFO] - Checking object

2021-11-18 11:43:23 - [MESSAGE][INFO] - Finding web element from Test Object's properties

2021-11-18 11:43:23 - [MESSAGE][INFO] - Checking timeout

2021-11-18 11:43:23 - [MESSAGE][INFO] - Finding web element with id: 'Object Repository/Sayfalar/Giris_Sayfasi/PopupCarpiGiris' located by 'By.cssSelector: .bootbox-close-button.close' in '30' second(s)

2021-11-18 11:43:23 - [MESSAGE][INFO] - Smart Wait Function is triggered

2021-11-18 11:43:23 - [MESSAGE][INFO] - Found 1 web elements with id: 'Object Repository/Sayfalar/Giris_Sayfasi/PopupCarpiGiris' located by 'By.cssSelector: .bootbox-close-button.close' in '30' second(s)

2021-11-18 11:43:23 - [MESSAGE][INFO] - Clicking on object: 'Object Repository/Sayfalar/Giris_Sayfasi/PopupCarpiGiris'

2021-11-18 11:43:23 - [MESSAGE][PASSED] - Object: 'Object Repository/Sayfalar/Giris_Sayfasi/PopupCarpiGiris' is clicked on

2021-11-18 11:43:23 - [TEST_STEP][PASSED] - verifyElementVisible(findTestObject("Object Repository/Kullanici_Islemleri/KullaniciIslemleri")): Object 'Object Repository/Kullanici_Islemleri/KullaniciIslemleri' is visible

2021-11-18 11:43:23 - [MESSAGE][INFO] - Finding Test Object 'Object Repository/Kullanici_Islemleri/KullaniciIslemleri'

2021-11-18 11:43:23 - [MESSAGE][INFO] - Checking object

2021-11-18 11:43:23 - [MESSAGE][INFO] - Finding web element from Test Object's properties

2021-11-18 11:43:23 - [MESSAGE][INFO] - Checking timeout

2021-11-18 11:43:23 - [MESSAGE][INFO] - Finding web element with id: 'Object Repository/Kullanici_Islemleri/KullaniciIslemleri' located by 'By.cssSelector: .dropdown>a>img' in '30' second(s)

2021-11-18 11:43:23 - [MESSAGE][INFO] - Smart Wait Function is triggered

2021-11-18 11:43:23 - [MESSAGE][INFO] - Found 1 web elements with id: 'Object Repository/Kullanici_Islemleri/KullaniciIslemleri' located by 'By.cssSelector: .dropdown>a>img' in '30' second(s)

2021-11-18 11:43:23 - [MESSAGE][PASSED] - Object 'Object Repository/Kullanici_Islemleri/KullaniciIslemleri' is visible

2021-11-18 11:43:23 - [MESSAGE][PASSED] - Call Test Case 'Test Cases/Sayfalar/Giris_Sayfasi/Login' successfully

2021-11-18 11:43:23 - [MESSAGE][INFO] - Checking called Test Case

2021-11-18 11:43:23 - [MESSAGE][INFO] - Starting to call Test Case 'Test Cases/Menu/AnaMenuSecimi'

2021-11-18 11:43:24 - [TEST_CASE][PASSED] - Test Cases/Menu/AnaMenuSecimi: Test Cases/Menu/AnaMenuSecimi

2021-11-18 11:43:24 - [TEST_STEP][PASSED] - Method.TextDegerineEsitElementeTikla(findTestObject("Menu/Ana_Menu"), Ana_Menu): Method.TextDegerineEsitElementeTikla is PASSED

2021-11-18 11:43:24 - [MESSAGE][INFO] - Finding Test Object 'Object Repository/Menu/Ana_Menu'

2021-11-18 11:43:24 - [MESSAGE][INFO] - Checking timeout

2021-11-18 11:43:24 - [MESSAGE][INFO] - Finding web element with id: 'Object Repository/Menu/Ana_Menu' located by 'By.xpath: //*[@class = 'dropdown-toggle']' in '10' second(s)

2021-11-18 11:43:24 - [MESSAGE][INFO] - Smart Wait Function is triggered

2021-11-18 11:43:24 - [MESSAGE][INFO] - Found 14 web elements with id: 'Object Repository/Menu/Ana_Menu' located by 'By.xpath: //*[@class = 'dropdown-toggle']' in '10' second(s)

2021-11-18 11:43:24 - [MESSAGE][PASSED] - Method.TextDegerineEsitElementeTikla is PASSED

2021-11-18 11:43:24 - [MESSAGE][PASSED] - Call Test Case 'Test Cases/Menu/AnaMenuSecimi' successfully

2021-11-18 11:43:24 - [MESSAGE][INFO] - Checking called Test Case

2021-11-18 11:43:24 - [MESSAGE][INFO] - Starting to call Test Case 'Test Cases/Menu/BasligaGoreAltMenuSecimi'

2021-11-18 11:43:24 - [TEST_CASE][PASSED] - Test Cases/Menu/BasligaGoreAltMenuSecimi: Test Cases/Menu/BasligaGoreAltMenuSecimi

2021-11-18 11:43:24 - [TEST_STEP][PASSED] - Method.TextDegerineEsitElementinAltindakiTextDegerineEsitOlanaTikla(findTestObject("Menu/Menu_Basligi"), findTestObject("Menu/Basliga_Gore_Alt_Menu"), Baslik, Alt_Menu): Method.TextDegerineEsitElementinAltindakiTextDegerineEsitOlanaTikla is PASSED

2021-11-18 11:43:24 - [MESSAGE][INFO] - Finding Test Object 'Object Repository/Menu/Menu_Basligi'

2021-11-18 11:43:24 - [MESSAGE][INFO] - Finding Test Object 'Object Repository/Menu/Basliga_Gore_Alt_Menu'

2021-11-18 11:43:24 - [MESSAGE][INFO] - Checking timeout

2021-11-18 11:43:24 - [MESSAGE][INFO] - Finding web element with id: 'Object Repository/Menu/Menu_Basligi' located by 'By.xpath: //li[@class='dropdown dropdown-large open']//li[@class='dropdown-header']' in '10' second(s)

2021-11-18 11:43:24 - [MESSAGE][INFO] - Smart Wait Function is triggered

2021-11-18 11:43:25 - [MESSAGE][INFO] - Found 3 web elements with id: 'Object Repository/Menu/Menu_Basligi' located by 'By.xpath: //li[@class='dropdown dropdown-large open']//li[@class='dropdown-header']' in '10' second(s)

2021-11-18 11:43:25 - [MESSAGE][INFO] - Smart Wait Function is triggered

2021-11-18 11:43:27 - [MESSAGE][PASSED] - Method.TextDegerineEsitElementinAltindakiTextDegerineEsitOlanaTikla is PASSED

2021-11-18 11:43:27 - [MESSAGE][PASSED] - Call Test Case 'Test Cases/Menu/BasligaGoreAltMenuSecimi' successfully

2021-11-18 11:43:27 - [MESSAGE][INFO] - Checking called Test Case

2021-11-18 11:43:27 - [MESSAGE][INFO] - Starting to call Test Case 'Test Cases/Filtreler/BaslangicYaz'

2021-11-18 11:43:27 - [TEST_CASE][PASSED] - Test Cases/Filtreler/BaslangicYaz: Test Cases/Filtreler/BaslangicYaz

2021-11-18 11:43:27 - [TEST_STEP][PASSED] - delay(3): Delayed 3 second(s)

2021-11-18 11:43:27 - [MESSAGE][INFO] - Delaying browser in 3 second(s)

2021-11-18 11:43:30 - [MESSAGE][PASSED] - Delayed 3 second(s)

2021-11-18 11:43:30 - [TEST_STEP][PASSED] - Method.TextDegerineEsitElementinAltindakineTikla(findTestObject("Filtreler/Basliklar"), findTestObject("Filtreler/Basliga_Gore_Baslangic_Image"), Filtre_Adi): Method.TextDegerineEsitElementinAltindakineTikla is PASSED

2021-11-18 11:43:30 - [MESSAGE][INFO] - Finding Test Object 'Object Repository/Filtreler/Basliklar'

2021-11-18 11:43:30 - [MESSAGE][INFO] - Finding Test Object 'Object Repository/Filtreler/Basliga_Gore_Baslangic_Image'

2021-11-18 11:43:30 - [MESSAGE][INFO] - Checking timeout

2021-11-18 11:43:30 - [MESSAGE][INFO] - Finding web element with id: 'Object Repository/Filtreler/Basliklar' located by 'By.cssSelector: .control-label.col-sm-4.paddingMarginRLC' in '10' second(s)

2021-11-18 11:43:30 - [MESSAGE][INFO] - Smart Wait Function is triggered

2021-11-18 11:43:31 - [MESSAGE][INFO] - Found 18 web elements with id: 'Object Repository/Filtreler/Basliklar' located by 'By.cssSelector: .control-label.col-sm-4.paddingMarginRLC' in '10' second(s)

2021-11-18 11:43:31 - [MESSAGE][INFO] - Smart Wait Function is triggered

2021-11-18 11:43:31 - [MESSAGE][PASSED] - Method.TextDegerineEsitElementinAltindakineTikla is PASSED

2021-11-18 11:43:31 - [TEST_STEP][PASSED] - Method.TextDegerineEsitElementinAltindakiTextboxtaYaz(findTestObject("Filtreler/Basliklar"), findTestObject("Filtreler/Basliga_Gore_Baslangic"), Filtre_Adi, Filtre_Degeri): Method.TextDegerineEsitElementinAltindakiTextboxtaYaz is PASSED

2021-11-18 11:43:31 - [MESSAGE][INFO] - Finding Test Object 'Object Repository/Filtreler/Basliklar'

2021-11-18 11:43:31 - [MESSAGE][INFO] - Finding Test Object 'Object Repository/Filtreler/Basliga_Gore_Baslangic'

2021-11-18 11:43:31 - [MESSAGE][INFO] - Checking timeout

2021-11-18 11:43:31 - [MESSAGE][INFO] - Finding web element with id: 'Object Repository/Filtreler/Basliklar' located by 'By.cssSelector: .control-label.col-sm-4.paddingMarginRLC' in '10' second(s)

2021-11-18 11:43:31 - [MESSAGE][INFO] - Smart Wait Function is triggered

2021-11-18 11:43:31 - [MESSAGE][INFO] - Found 18 web elements with id: 'Object Repository/Filtreler/Basliklar' located by 'By.cssSelector: .control-label.col-sm-4.paddingMarginRLC' in '10' second(s)

2021-11-18 11:43:31 - [MESSAGE][INFO] - Smart Wait Function is triggered

2021-11-18 11:43:32 - [MESSAGE][PASSED] - Method.TextDegerineEsitElementinAltindakiTextboxtaYaz is PASSED

2021-11-18 11:43:32 - [MESSAGE][PASSED] - Call Test Case 'Test Cases/Filtreler/BaslangicYaz' successfully

2021-11-18 11:43:32 - [MESSAGE][INFO] - Checking called Test Case

2021-11-18 11:43:32 - [MESSAGE][INFO] - Starting to call Test Case 'Test Cases/Filtreler/BitisYaz'

2021-11-18 11:43:32 - [TEST_CASE][PASSED] - Test Cases/Filtreler/BitisYaz: Test Cases/Filtreler/BitisYaz

2021-11-18 11:43:32 - [TEST_STEP][PASSED] - Method.TextDegerineEsitElementinAltindakineTikla(findTestObject("Filtreler/Basliklar"), findTestObject("Filtreler/Basliga_Gore_Bitis_Image"), Filtre_Adi): Method.TextDegerineEsitElementinAltindakineTikla is PASSED

2021-11-18 11:43:32 - [MESSAGE][INFO] - Finding Test Object 'Object Repository/Filtreler/Basliklar'

2021-11-18 11:43:32 - [MESSAGE][INFO] - Finding Test Object 'Object Repository/Filtreler/Basliga_Gore_Bitis_Image'

2021-11-18 11:43:32 - [MESSAGE][INFO] - Checking timeout

2021-11-18 11:43:32 - [MESSAGE][INFO] - Finding web element with id: 'Object Repository/Filtreler/Basliklar' located by 'By.cssSelector: .control-label.col-sm-4.paddingMarginRLC' in '10' second(s)

2021-11-18 11:43:32 - [MESSAGE][INFO] - Smart Wait Function is triggered

2021-11-18 11:43:32 - [MESSAGE][INFO] - Found 18 web elements with id: 'Object Repository/Filtreler/Basliklar' located by 'By.cssSelector: .control-label.col-sm-4.paddingMarginRLC' in '10' second(s)

2021-11-18 11:43:32 - [MESSAGE][INFO] - Smart Wait Function is triggered

2021-11-18 11:43:33 - [MESSAGE][PASSED] - Method.TextDegerineEsitElementinAltindakineTikla is PASSED

2021-11-18 11:43:33 - [TEST_STEP][PASSED] - Method.TextDegerineEsitElementinAltindakiTextboxtaYaz(findTestObject("Filtreler/Basliklar"), findTestObject("Object Repository/Filtreler/Basliga_Gore_Bitis"), Filtre_Adi, Filtre_Degeri): Method.TextDegerineEsitElementinAltindakiTextboxtaYaz is PASSED

2021-11-18 11:43:33 - [MESSAGE][INFO] - Finding Test Object 'Object Repository/Filtreler/Basliklar'

2021-11-18 11:43:33 - [MESSAGE][INFO] - Finding Test Object 'Object Repository/Filtreler/Basliga_Gore_Bitis'

2021-11-18 11:43:33 - [MESSAGE][INFO] - Checking timeout

2021-11-18 11:43:33 - [MESSAGE][INFO] - Finding web element with id: 'Object Repository/Filtreler/Basliklar' located by 'By.cssSelector: .control-label.col-sm-4.paddingMarginRLC' in '10' second(s)

2021-11-18 11:43:33 - [MESSAGE][INFO] - Smart Wait Function is triggered

2021-11-18 11:43:33 - [MESSAGE][INFO] - Found 18 web elements with id: 'Object Repository/Filtreler/Basliklar' located by 'By.cssSelector: .control-label.col-sm-4.paddingMarginRLC' in '10' second(s)

2021-11-18 11:43:33 - [MESSAGE][INFO] - Smart Wait Function is triggered

2021-11-18 11:43:34 - [MESSAGE][PASSED] - Method.TextDegerineEsitElementinAltindakiTextboxtaYaz is PASSED

2021-11-18 11:43:34 - [MESSAGE][PASSED] - Call Test Case 'Test Cases/Filtreler/BitisYaz' successfully

2021-11-18 11:43:34 - [MESSAGE][INFO] - Checking called Test Case

2021-11-18 11:43:34 - [MESSAGE][INFO] - Starting to call Test Case 'Test Cases/Filtreler/TexboxaYaz'

2021-11-18 11:43:34 - [TEST_CASE][PASSED] - Test Cases/Filtreler/TexboxaYaz: Test Cases/Filtreler/TexboxaYaz

2021-11-18 11:43:34 - [TEST_STEP][PASSED] - Method.TextDegerineEsitElementinAltindakiTextboxtaYaz(findTestObject("Filtreler/Basliklar"), findTestObject("Filtreler/Basliga_Gore_Textbox"), Filtre_Adi, Filtre_Degeri): Method.TextDegerineEsitElementinAltindakiTextboxtaYaz is PASSED

2021-11-18 11:43:34 - [MESSAGE][INFO] - Finding Test Object 'Object Repository/Filtreler/Basliklar'

2021-11-18 11:43:34 - [MESSAGE][INFO] - Finding Test Object 'Object Repository/Filtreler/Basliga_Gore_Textbox'

2021-11-18 11:43:34 - [MESSAGE][INFO] - Checking timeout

2021-11-18 11:43:34 - [MESSAGE][INFO] - Finding web element with id: 'Object Repository/Filtreler/Basliklar' located by 'By.cssSelector: .control-label.col-sm-4.paddingMarginRLC' in '10' second(s)

2021-11-18 11:43:34 - [MESSAGE][INFO] - Smart Wait Function is triggered

2021-11-18 11:43:34 - [MESSAGE][INFO] - Found 18 web elements with id: 'Object Repository/Filtreler/Basliklar' located by 'By.cssSelector: .control-label.col-sm-4.paddingMarginRLC' in '10' second(s)

2021-11-18 11:43:34 - [MESSAGE][INFO] - Smart Wait Function is triggered

2021-11-18 11:43:35 - [MESSAGE][PASSED] - Method.TextDegerineEsitElementinAltindakiTextboxtaYaz is PASSED

2021-11-18 11:43:35 - [MESSAGE][PASSED] - Call Test Case 'Test Cases/Filtreler/TexboxaYaz' successfully

2021-11-18 11:43:35 - [MESSAGE][INFO] - Checking called Test Case

2021-11-18 11:43:35 - [MESSAGE][INFO] - Starting to call Test Case 'Test Cases/Filtreler/ButonaTikla'

2021-11-18 11:43:35 - [TEST_CASE][PASSED] - Test Cases/Filtreler/ButonaTikla: Test Cases/Filtreler/ButonaTikla

2021-11-18 11:43:35 - [TEST_STEP][PASSED] - Method.TextDegerineEsitElementeTikla(findTestObject("Filtreler/Butonlar"), Filtre_Buton): Method.TextDegerineEsitElementeTikla is PASSED

2021-11-18 11:43:35 - [MESSAGE][INFO] - Finding Test Object 'Object Repository/Filtreler/Butonlar'

2021-11-18 11:43:35 - [MESSAGE][INFO] - Checking timeout

2021-11-18 11:43:35 - [MESSAGE][INFO] - Finding web element with id: 'Object Repository/Filtreler/Butonlar' located by 'By.cssSelector: .dxb>span' in '10' second(s)

2021-11-18 11:43:35 - [MESSAGE][INFO] - Smart Wait Function is triggered

2021-11-18 11:43:35 - [MESSAGE][INFO] - Found 3 web elements with id: 'Object Repository/Filtreler/Butonlar' located by 'By.cssSelector: .dxb>span' in '10' second(s)

2021-11-18 11:43:36 - [MESSAGE][PASSED] - Method.TextDegerineEsitElementeTikla is PASSED

2021-11-18 11:43:36 - [MESSAGE][PASSED] - Call Test Case 'Test Cases/Filtreler/ButonaTikla' successfully

2021-11-18 11:43:36 - [MESSAGE][INFO] - Checking called Test Case

2021-11-18 11:43:36 - [MESSAGE][INFO] - Starting to call Test Case 'Test Cases/Tablo/TablodaVeriVarMi'

2021-11-18 11:43:36 - [TEST_CASE][PASSED] - Test Cases/Tablo/TablodaVeriVarMi: Test Cases/Tablo/TablodaVeriVarMi

2021-11-18 11:43:36 - [TEST_STEP][PASSED] - verifyTextNotPresent("Görüntülenecek veri yok", true): Text 'Görüntülenecek veri yok' is not present on page using regular expression

2021-11-18 11:43:36 - [MESSAGE][INFO] - Checking text present  using regular expression

2021-11-18 11:43:36 - [MESSAGE][INFO] - Smart Wait Function is triggered

2021-11-18 11:43:37 - [MESSAGE][INFO] - Finding text 'Görüntülenecek veri yok' on page  using regular expression

2021-11-18 11:43:37 - [MESSAGE][PASSED] - Text 'Görüntülenecek veri yok' is not present on page using regular expression

2021-11-18 11:43:37 - [MESSAGE][PASSED] - Call Test Case 'Test Cases/Tablo/TablodaVeriVarMi' successfully

2021-11-18 11:43:37 - [MESSAGE][INFO] - Checking called Test Case

2021-11-18 11:43:37 - [MESSAGE][INFO] - Starting to call Test Case 'Test Cases/Tablo/TablodanVeriSec'

2021-11-18 11:43:37 - [TEST_CASE][PASSED] - Test Cases/Tablo/TablodanVeriSec: Test Cases/Tablo/TablodanVeriSec

2021-11-18 11:43:37 - [TEST_STEP][PASSED] - Method.TextDegerineEsitElementinAltindakineTikla(findTestObject("Tablo/Veriler"), findTestObject("Tablo/VerininCheckBoxi"), Veri_Adi): Method.TextDegerineEsitElementinAltindakineTikla is PASSED

2021-11-18 11:43:37 - [MESSAGE][INFO] - Finding Test Object 'Object Repository/Tablo/Veriler'

2021-11-18 11:43:37 - [MESSAGE][INFO] - Finding Test Object 'Object Repository/Tablo/VerininCheckBoxi'

2021-11-18 11:43:37 - [MESSAGE][INFO] - Checking timeout

2021-11-18 11:43:37 - [MESSAGE][INFO] - Finding web element with id: 'Object Repository/Tablo/Veriler' located by 'By.cssSelector: td.dxgv b ,td.dxgv' in '10' second(s)

2021-11-18 11:43:37 - [MESSAGE][INFO] - Smart Wait Function is triggered

2021-11-18 11:43:37 - [MESSAGE][INFO] - Found 60 web elements with id: 'Object Repository/Tablo/Veriler' located by 'By.cssSelector: td.dxgv b ,td.dxgv' in '10' second(s)

2021-11-18 11:43:37 - [MESSAGE][INFO] - Smart Wait Function is triggered

2021-11-18 11:43:38 - [MESSAGE][PASSED] - Method.TextDegerineEsitElementinAltindakineTikla is PASSED

2021-11-18 11:43:38 - [MESSAGE][PASSED] - Call Test Case 'Test Cases/Tablo/TablodanVeriSec' successfully

2021-11-18 11:43:38 - [MESSAGE][INFO] - Checking called Test Case

2021-11-18 11:43:38 - [MESSAGE][INFO] - Starting to call Test Case 'Test Cases/Butonlar/ButonaTikla'

2021-11-18 11:43:38 - [TEST_CASE][PASSED] - Test Cases/Butonlar/ButonaTikla: Test Cases/Butonlar/ButonaTikla

2021-11-18 11:43:38 - [TEST_STEP][PASSED] - Method.TextDegerineEsitElementeTiklaEquals(findTestObject("Butonlar/Butonlar"), Buton_Adi): Method.TextDegerineEsitElementeTiklaEquals is PASSED

2021-11-18 11:43:38 - [MESSAGE][INFO] - Finding Test Object 'Object Repository/Butonlar/Butonlar'

2021-11-18 11:43:38 - [MESSAGE][INFO] - Checking timeout

2021-11-18 11:43:38 - [MESSAGE][INFO] - Finding web element with id: 'Object Repository/Butonlar/Butonlar' located by 'By.cssSelector: .panel.panel-default.text-center.footerPanel .btn,.btn.btn-primary.btnControls' in '10' second(s)

2021-11-18 11:43:38 - [MESSAGE][INFO] - Smart Wait Function is triggered

2021-11-18 11:43:38 - [MESSAGE][INFO] - Found 12 web elements with id: 'Object Repository/Butonlar/Butonlar' located by 'By.cssSelector: .panel.panel-default.text-center.footerPanel .btn,.btn.btn-primary.btnControls' in '10' second(s)

2021-11-18 11:43:38 - [MESSAGE][PASSED] - Method.TextDegerineEsitElementeTiklaEquals is PASSED

2021-11-18 11:43:38 - [MESSAGE][PASSED] - Call Test Case 'Test Cases/Butonlar/ButonaTikla' successfully

2021-11-18 11:43:38 - [MESSAGE][INFO] - Checking called Test Case

2021-11-18 11:43:38 - [MESSAGE][INFO] - Starting to call Test Case 'Test Cases/Butonlar/AltButonaTikla'

2021-11-18 11:43:38 - [TEST_CASE][PASSED] - Test Cases/Butonlar/AltButonaTikla: Test Cases/Butonlar/AltButonaTikla

2021-11-18 11:43:38 - [TEST_STEP][PASSED] - Method.TextDegerineEsitElementeTikla(findTestObject("Butonlar/AltButonlar"), Alt_Buton): Method.TextDegerineEsitElementeTikla is PASSED

2021-11-18 11:43:38 - [MESSAGE][INFO] - Finding Test Object 'Object Repository/Butonlar/AltButonlar'

2021-11-18 11:43:38 - [MESSAGE][INFO] - Checking timeout

2021-11-18 11:43:38 - [MESSAGE][INFO] - Finding web element with id: 'Object Repository/Butonlar/AltButonlar' located by 'By.cssSelector: .btn-group.open li>a' in '10' second(s)

2021-11-18 11:43:38 - [MESSAGE][INFO] - Smart Wait Function is triggered

2021-11-18 11:43:39 - [MESSAGE][INFO] - Found 4 web elements with id: 'Object Repository/Butonlar/AltButonlar' located by 'By.cssSelector: .btn-group.open li>a' in '10' second(s)

2021-11-18 11:43:39 - [MESSAGE][PASSED] - Method.TextDegerineEsitElementeTikla is PASSED

2021-11-18 11:43:39 - [MESSAGE][PASSED] - Call Test Case 'Test Cases/Butonlar/AltButonaTikla' successfully

2021-11-18 11:43:39 - [MESSAGE][INFO] - Checking called Test Case

2021-11-18 11:43:39 - [MESSAGE][INFO] - Starting to call Test Case 'Test Cases/Popup/PopupMesajiIceriyorMu'

2021-11-18 11:43:39 - [TEST_CASE][PASSED] - Test Cases/Popup/PopupMesajiIceriyorMu: Test Cases/Popup/PopupMesajiIceriyorMu

2021-11-18 11:43:39 - [TEST_STEP][PASSED] - waitForElementVisible(findTestObject("Popup/Popup"), 10): Object 'Object Repository/Popup/Popup' is visible

2021-11-18 11:43:39 - [MESSAGE][INFO] - Finding Test Object 'Object Repository/Popup/Popup'

2021-11-18 11:43:39 - [MESSAGE][INFO] - Checking object

2021-11-18 11:43:39 - [MESSAGE][INFO] - Checking timeout

2021-11-18 11:43:39 - [MESSAGE][INFO] - Finding web element from Test Object's properties

2021-11-18 11:43:39 - [MESSAGE][INFO] - Checking timeout

2021-11-18 11:43:39 - [MESSAGE][INFO] - Finding web element with id: 'Object Repository/Popup/Popup' located by 'By.cssSelector: .bootbox-body' in '10' second(s)

2021-11-18 11:43:39 - [MESSAGE][INFO] - Smart Wait Function is triggered

2021-11-18 11:43:40 - [MESSAGE][INFO] - Found 1 web elements with id: 'Object Repository/Popup/Popup' located by 'By.cssSelector: .bootbox-body' in '10' second(s)

2021-11-18 11:43:40 - [MESSAGE][PASSED] - Object 'Object Repository/Popup/Popup' is visible

2021-11-18 11:43:40 - [TEST_STEP][PASSED] - if (!(getText(findTestObject("Popup/Popup")).contains(Mesaj))): Text of object 'Object Repository/Popup/Popup' is: 'Lütfen rapor bildiriminin gönderileceği e-posta adresini belirtiniz.
e-Posta Adresi'

2021-11-18 11:43:40 - [MESSAGE][INFO] - Finding Test Object 'Object Repository/Popup/Popup'

2021-11-18 11:43:40 - [MESSAGE][INFO] - Checking object

2021-11-18 11:43:40 - [MESSAGE][INFO] - Finding web element from Test Object's properties

2021-11-18 11:43:40 - [MESSAGE][INFO] - Checking timeout

2021-11-18 11:43:40 - [MESSAGE][INFO] - Finding web element with id: 'Object Repository/Popup/Popup' located by 'By.cssSelector: .bootbox-body' in '30' second(s)

2021-11-18 11:43:40 - [MESSAGE][INFO] - Smart Wait Function is triggered

2021-11-18 11:43:40 - [MESSAGE][INFO] - Found 1 web elements with id: 'Object Repository/Popup/Popup' located by 'By.cssSelector: .bootbox-body' in '30' second(s)

2021-11-18 11:43:40 - [MESSAGE][INFO] - Getting text of object 'Object Repository/Popup/Popup'

2021-11-18 11:43:40 - [MESSAGE][PASSED] - Text of object 'Object Repository/Popup/Popup' is: 'Lütfen rapor bildiriminin gönderileceği e-posta adresini belirtiniz.
e-Posta Adresi'

2021-11-18 11:43:40 - [TEST_STEP][PASSED] - RaporNo = getText(findTestObject("Popup/Popup")).substring(0, 6): Text of object 'Object Repository/Popup/Popup' is: 'Lütfen rapor bildiriminin gönderileceği e-posta adresini belirtiniz.
e-Posta Adresi'

2021-11-18 11:43:40 - [MESSAGE][INFO] - Finding Test Object 'Object Repository/Popup/Popup'

2021-11-18 11:43:40 - [MESSAGE][INFO] - Checking object

2021-11-18 11:43:40 - [MESSAGE][INFO] - Finding web element from Test Object's properties

2021-11-18 11:43:40 - [MESSAGE][INFO] - Checking timeout

2021-11-18 11:43:40 - [MESSAGE][INFO] - Finding web element with id: 'Object Repository/Popup/Popup' located by 'By.cssSelector: .bootbox-body' in '30' second(s)

2021-11-18 11:43:40 - [MESSAGE][INFO] - Smart Wait Function is triggered

2021-11-18 11:43:41 - [MESSAGE][INFO] - Found 1 web elements with id: 'Object Repository/Popup/Popup' located by 'By.cssSelector: .bootbox-body' in '30' second(s)

2021-11-18 11:43:41 - [MESSAGE][INFO] - Getting text of object 'Object Repository/Popup/Popup'

2021-11-18 11:43:41 - [MESSAGE][PASSED] - Text of object 'Object Repository/Popup/Popup' is: 'Lütfen rapor bildiriminin gönderileceği e-posta adresini belirtiniz.
e-Posta Adresi'

2021-11-18 11:43:41 - [TEST_STEP][PASSED] - Console.println(RaporNo): null

2021-11-18 11:43:41 - [MESSAGE][PASSED] - Call Test Case 'Test Cases/Popup/PopupMesajiIceriyorMu' successfully

2021-11-18 11:43:41 - [MESSAGE][INFO] - Checking called Test Case

2021-11-18 11:43:41 - [MESSAGE][INFO] - Starting to call Test Case 'Test Cases/Popup/PopupaEmailEklenir'

2021-11-18 11:43:41 - [TEST_CASE][PASSED] - Test Cases/Popup/PopupaEmailEklenir: Test Cases/Popup/PopupaEmailEklenir

2021-11-18 11:43:41 - [TEST_STEP][PASSED] - clearText(findTestObject("Popup/EmailText")): Text of object 'Object Repository/Popup/EmailText' is cleared

2021-11-18 11:43:41 - [MESSAGE][INFO] - Finding Test Object 'Object Repository/Popup/EmailText'

2021-11-18 11:43:41 - [MESSAGE][INFO] - Checking object

2021-11-18 11:43:41 - [MESSAGE][INFO] - Finding web element from Test Object's properties

2021-11-18 11:43:41 - [MESSAGE][INFO] - Checking timeout

2021-11-18 11:43:41 - [MESSAGE][INFO] - Finding web element with id: 'Object Repository/Popup/EmailText' located by 'By.xpath: //*[@id="eMails"]' in '30' second(s)

2021-11-18 11:43:41 - [MESSAGE][INFO] - Smart Wait Function is triggered

2021-11-18 11:43:41 - [MESSAGE][INFO] - Found 1 web elements with id: 'Object Repository/Popup/EmailText' located by 'By.xpath: //*[@id="eMails"]' in '30' second(s)

2021-11-18 11:43:41 - [MESSAGE][INFO] - Clearing text of object 'Object Repository/Popup/EmailText'

2021-11-18 11:43:41 - [MESSAGE][PASSED] - Text of object 'Object Repository/Popup/EmailText' is cleared

2021-11-18 11:43:41 - [TEST_STEP][PASSED] - sendKeys(findTestObject("Popup/EmailText"), Email): Keys 'elogotest@gmail.com;ali.kara@logo.com.tr' sent to object: 'Object Repository/Popup/EmailText'

2021-11-18 11:43:41 - [MESSAGE][INFO] - Finding Test Object 'Object Repository/Popup/EmailText'

2021-11-18 11:43:41 - [MESSAGE][INFO] - Sending keys 'elogotest@gmail.com;ali.kara@logo.com.tr' to object: 'Object Repository/Popup/EmailText'

2021-11-18 11:43:41 - [MESSAGE][INFO] - Finding web element from Test Object's properties

2021-11-18 11:43:41 - [MESSAGE][INFO] - Checking timeout

2021-11-18 11:43:41 - [MESSAGE][INFO] - Finding web element with id: 'Object Repository/Popup/EmailText' located by 'By.xpath: //*[@id="eMails"]' in '30' second(s)

2021-11-18 11:43:41 - [MESSAGE][INFO] - Smart Wait Function is triggered

2021-11-18 11:43:42 - [MESSAGE][INFO] - Found 1 web elements with id: 'Object Repository/Popup/EmailText' located by 'By.xpath: //*[@id="eMails"]' in '30' second(s)

2021-11-18 11:43:42 - [MESSAGE][PASSED] - Keys 'elogotest@gmail.com;ali.kara@logo.com.tr' sent to object: 'Object Repository/Popup/EmailText'

2021-11-18 11:43:42 - [MESSAGE][PASSED] - Call Test Case 'Test Cases/Popup/PopupaEmailEklenir' successfully

2021-11-18 11:43:42 - [MESSAGE][INFO] - Checking called Test Case

2021-11-18 11:43:42 - [MESSAGE][INFO] - Starting to call Test Case 'Test Cases/Popup/PopupButonSecilir'

2021-11-18 11:43:42 - [TEST_CASE][PASSED] - Test Cases/Popup/PopupButonSecilir: Test Cases/Popup/PopupButonSecilir

2021-11-18 11:43:42 - [TEST_STEP][PASSED] - Method.TextDegerineEsitElementeTikla(findTestObject("Popup/Popup_Butons"), Buton): Method.TextDegerineEsitElementeTikla is PASSED

2021-11-18 11:43:42 - [MESSAGE][INFO] - Finding Test Object 'Object Repository/Popup/Popup_Butons'

2021-11-18 11:43:42 - [MESSAGE][INFO] - Checking timeout

2021-11-18 11:43:42 - [MESSAGE][INFO] - Finding web element with id: 'Object Repository/Popup/Popup_Butons' located by 'By.cssSelector: .modal-footer>button' in '10' second(s)

2021-11-18 11:43:42 - [MESSAGE][INFO] - Smart Wait Function is triggered

2021-11-18 11:43:42 - [MESSAGE][INFO] - Found 2 web elements with id: 'Object Repository/Popup/Popup_Butons' located by 'By.cssSelector: .modal-footer>button' in '10' second(s)

2021-11-18 11:43:42 - [MESSAGE][PASSED] - Method.TextDegerineEsitElementeTikla is PASSED

2021-11-18 11:43:42 - [MESSAGE][PASSED] - Call Test Case 'Test Cases/Popup/PopupButonSecilir' successfully

2021-11-18 11:43:42 - [MESSAGE][INFO] - Checking called Test Case

2021-11-18 11:43:42 - [MESSAGE][INFO] - Starting to call Test Case 'Test Cases/Popup/PopupMesajiIceriyorMu'

2021-11-18 11:43:42 - [TEST_CASE][PASSED] - Test Cases/Popup/PopupMesajiIceriyorMu: Test Cases/Popup/PopupMesajiIceriyorMu

2021-11-18 11:43:42 - [TEST_STEP][PASSED] - waitForElementVisible(findTestObject("Popup/Popup"), 10): Object 'Object Repository/Popup/Popup' is visible

2021-11-18 11:43:42 - [MESSAGE][INFO] - Finding Test Object 'Object Repository/Popup/Popup'

2021-11-18 11:43:43 - [MESSAGE][INFO] - Checking object

2021-11-18 11:43:43 - [MESSAGE][INFO] - Checking timeout

2021-11-18 11:43:43 - [MESSAGE][INFO] - Finding web element from Test Object's properties

2021-11-18 11:43:43 - [MESSAGE][INFO] - Checking timeout

2021-11-18 11:43:43 - [MESSAGE][INFO] - Finding web element with id: 'Object Repository/Popup/Popup' located by 'By.cssSelector: .bootbox-body' in '10' second(s)

2021-11-18 11:43:43 - [MESSAGE][INFO] - Smart Wait Function is triggered

2021-11-18 11:43:43 - [MESSAGE][INFO] - Found 1 web elements with id: 'Object Repository/Popup/Popup' located by 'By.cssSelector: .bootbox-body' in '10' second(s)

2021-11-18 11:43:43 - [MESSAGE][PASSED] - Object 'Object Repository/Popup/Popup' is visible

2021-11-18 11:43:43 - [TEST_STEP][PASSED] - if (!(getText(findTestObject("Popup/Popup")).contains(Mesaj))): Text of object 'Object Repository/Popup/Popup' is: '17392 no’lu talebiniz işleme alınmıştır. Raporunuz hazırlandığında (elogotest@gmail.com;ali.kara@logo.com.tr) adresinize mail gönderilecektir.
Rapor durumunuzu Raporlar > Toplu Veri İndirme ekranından takip edebilir, hazırlandı durumundaki raporlarınızı ilgili menüden indirebilirsiniz.'

2021-11-18 11:43:43 - [MESSAGE][INFO] - Finding Test Object 'Object Repository/Popup/Popup'

2021-11-18 11:43:43 - [MESSAGE][INFO] - Checking object

2021-11-18 11:43:43 - [MESSAGE][INFO] - Finding web element from Test Object's properties

2021-11-18 11:43:43 - [MESSAGE][INFO] - Checking timeout

2021-11-18 11:43:43 - [MESSAGE][INFO] - Finding web element with id: 'Object Repository/Popup/Popup' located by 'By.cssSelector: .bootbox-body' in '30' second(s)

2021-11-18 11:43:43 - [MESSAGE][INFO] - Smart Wait Function is triggered

2021-11-18 11:43:44 - [MESSAGE][INFO] - Found 1 web elements with id: 'Object Repository/Popup/Popup' located by 'By.cssSelector: .bootbox-body' in '30' second(s)

2021-11-18 11:43:44 - [MESSAGE][INFO] - Getting text of object 'Object Repository/Popup/Popup'

2021-11-18 11:43:44 - [MESSAGE][PASSED] - Text of object 'Object Repository/Popup/Popup' is: '17392 no’lu talebiniz işleme alınmıştır. Raporunuz hazırlandığında (elogotest@gmail.com;ali.kara@logo.com.tr) adresinize mail gönderilecektir.
Rapor durumunuzu Raporlar > Toplu Veri İndirme ekranından takip edebilir, hazırlandı durumundaki raporlarınızı ilgili menüden indirebilirsiniz.'

2021-11-18 11:43:44 - [TEST_STEP][PASSED] - RaporNo = getText(findTestObject("Popup/Popup")).substring(0, 6): Text of object 'Object Repository/Popup/Popup' is: '17392 no’lu talebiniz işleme alınmıştır. Raporunuz hazırlandığında (elogotest@gmail.com;ali.kara@logo.com.tr) adresinize mail gönderilecektir.
Rapor durumunuzu Raporlar > Toplu Veri İndirme ekranından takip edebilir, hazırlandı durumundaki raporlarınızı ilgili menüden indirebilirsiniz.'

2021-11-18 11:43:44 - [MESSAGE][INFO] - Finding Test Object 'Object Repository/Popup/Popup'

2021-11-18 11:43:44 - [MESSAGE][INFO] - Checking object

2021-11-18 11:43:44 - [MESSAGE][INFO] - Finding web element from Test Object's properties

2021-11-18 11:43:44 - [MESSAGE][INFO] - Checking timeout

2021-11-18 11:43:44 - [MESSAGE][INFO] - Finding web element with id: 'Object Repository/Popup/Popup' located by 'By.cssSelector: .bootbox-body' in '30' second(s)

2021-11-18 11:43:44 - [MESSAGE][INFO] - Smart Wait Function is triggered

2021-11-18 11:43:44 - [MESSAGE][INFO] - Found 1 web elements with id: 'Object Repository/Popup/Popup' located by 'By.cssSelector: .bootbox-body' in '30' second(s)

2021-11-18 11:43:44 - [MESSAGE][INFO] - Getting text of object 'Object Repository/Popup/Popup'

2021-11-18 11:43:44 - [MESSAGE][PASSED] - Text of object 'Object Repository/Popup/Popup' is: '17392 no’lu talebiniz işleme alınmıştır. Raporunuz hazırlandığında (elogotest@gmail.com;ali.kara@logo.com.tr) adresinize mail gönderilecektir.
Rapor durumunuzu Raporlar > Toplu Veri İndirme ekranından takip edebilir, hazırlandı durumundaki raporlarınızı ilgili menüden indirebilirsiniz.'

2021-11-18 11:43:44 - [TEST_STEP][PASSED] - Console.println(RaporNo): null

2021-11-18 11:43:44 - [MESSAGE][PASSED] - Call Test Case 'Test Cases/Popup/PopupMesajiIceriyorMu' successfully

2021-11-18 11:43:44 - [MESSAGE][INFO] - Checking called Test Case

2021-11-18 11:43:44 - [MESSAGE][INFO] - Starting to call Test Case 'Test Cases/Popup/PopupButonSecilir'

2021-11-18 11:43:44 - [TEST_CASE][PASSED] - Test Cases/Popup/PopupButonSecilir: Test Cases/Popup/PopupButonSecilir

2021-11-18 11:43:44 - [TEST_STEP][PASSED] - Method.TextDegerineEsitElementeTikla(findTestObject("Popup/Popup_Butons"), Buton): Method.TextDegerineEsitElementeTikla is PASSED

2021-11-18 11:43:44 - [MESSAGE][INFO] - Finding Test Object 'Object Repository/Popup/Popup_Butons'

2021-11-18 11:43:44 - [MESSAGE][INFO] - Checking timeout

2021-11-18 11:43:44 - [MESSAGE][INFO] - Finding web element with id: 'Object Repository/Popup/Popup_Butons' located by 'By.cssSelector: .modal-footer>button' in '10' second(s)

2021-11-18 11:43:44 - [MESSAGE][INFO] - Smart Wait Function is triggered

2021-11-18 11:43:44 - [MESSAGE][INFO] - Found 1 web elements with id: 'Object Repository/Popup/Popup_Butons' located by 'By.cssSelector: .modal-footer>button' in '10' second(s)

2021-11-18 11:43:45 - [MESSAGE][PASSED] - Method.TextDegerineEsitElementeTikla is PASSED

2021-11-18 11:43:45 - [MESSAGE][PASSED] - Call Test Case 'Test Cases/Popup/PopupButonSecilir' successfully

2021-11-18 11:43:45 - [MESSAGE][INFO] - Checking called Test Case

2021-11-18 11:43:45 - [MESSAGE][INFO] - Starting to call Test Case 'Test Cases/Butonlar/ButonaTikla'

2021-11-18 11:43:45 - [TEST_CASE][PASSED] - Test Cases/Butonlar/ButonaTikla: Test Cases/Butonlar/ButonaTikla

2021-11-18 11:43:45 - [TEST_STEP][PASSED] - Method.TextDegerineEsitElementeTiklaEquals(findTestObject("Butonlar/Butonlar"), Buton_Adi): Method.TextDegerineEsitElementeTiklaEquals is PASSED

2021-11-18 11:43:45 - [MESSAGE][INFO] - Finding Test Object 'Object Repository/Butonlar/Butonlar'

2021-11-18 11:43:45 - [MESSAGE][INFO] - Checking timeout

2021-11-18 11:43:45 - [MESSAGE][INFO] - Finding web element with id: 'Object Repository/Butonlar/Butonlar' located by 'By.cssSelector: .panel.panel-default.text-center.footerPanel .btn,.btn.btn-primary.btnControls' in '10' second(s)

2021-11-18 11:43:45 - [MESSAGE][INFO] - Smart Wait Function is triggered

2021-11-18 11:43:45 - [MESSAGE][INFO] - Found 12 web elements with id: 'Object Repository/Butonlar/Butonlar' located by 'By.cssSelector: .panel.panel-default.text-center.footerPanel .btn,.btn.btn-primary.btnControls' in '10' second(s)

2021-11-18 11:43:45 - [MESSAGE][PASSED] - Method.TextDegerineEsitElementeTiklaEquals is PASSED

2021-11-18 11:43:45 - [MESSAGE][PASSED] - Call Test Case 'Test Cases/Butonlar/ButonaTikla' successfully

2021-11-18 11:43:45 - [MESSAGE][INFO] - Checking called Test Case

2021-11-18 11:43:45 - [MESSAGE][INFO] - Starting to call Test Case 'Test Cases/Butonlar/AltButonaTikla'

2021-11-18 11:43:45 - [TEST_CASE][PASSED] - Test Cases/Butonlar/AltButonaTikla: Test Cases/Butonlar/AltButonaTikla

2021-11-18 11:43:45 - [TEST_STEP][PASSED] - Method.TextDegerineEsitElementeTikla(findTestObject("Butonlar/AltButonlar"), Alt_Buton): Method.TextDegerineEsitElementeTikla is PASSED

2021-11-18 11:43:45 - [MESSAGE][INFO] - Finding Test Object 'Object Repository/Butonlar/AltButonlar'

2021-11-18 11:43:46 - [MESSAGE][INFO] - Checking timeout

2021-11-18 11:43:46 - [MESSAGE][INFO] - Finding web element with id: 'Object Repository/Butonlar/AltButonlar' located by 'By.cssSelector: .btn-group.open li>a' in '10' second(s)

2021-11-18 11:43:46 - [MESSAGE][INFO] - Smart Wait Function is triggered

2021-11-18 11:43:46 - [MESSAGE][INFO] - Found 4 web elements with id: 'Object Repository/Butonlar/AltButonlar' located by 'By.cssSelector: .btn-group.open li>a' in '10' second(s)

2021-11-18 11:43:46 - [MESSAGE][PASSED] - Method.TextDegerineEsitElementeTikla is PASSED

2021-11-18 11:43:46 - [MESSAGE][PASSED] - Call Test Case 'Test Cases/Butonlar/AltButonaTikla' successfully

2021-11-18 11:43:46 - [MESSAGE][INFO] - Checking called Test Case

2021-11-18 11:43:46 - [MESSAGE][INFO] - Starting to call Test Case 'Test Cases/Popup/PopupMesajiIceriyorMu'

2021-11-18 11:43:46 - [TEST_CASE][PASSED] - Test Cases/Popup/PopupMesajiIceriyorMu: Test Cases/Popup/PopupMesajiIceriyorMu

2021-11-18 11:43:46 - [TEST_STEP][PASSED] - waitForElementVisible(findTestObject("Popup/Popup"), 10): Object 'Object Repository/Popup/Popup' is visible

2021-11-18 11:43:46 - [MESSAGE][INFO] - Finding Test Object 'Object Repository/Popup/Popup'

2021-11-18 11:43:46 - [MESSAGE][INFO] - Checking object

2021-11-18 11:43:46 - [MESSAGE][INFO] - Checking timeout

2021-11-18 11:43:46 - [MESSAGE][INFO] - Finding web element from Test Object's properties

2021-11-18 11:43:46 - [MESSAGE][INFO] - Checking timeout

2021-11-18 11:43:46 - [MESSAGE][INFO] - Finding web element with id: 'Object Repository/Popup/Popup' located by 'By.cssSelector: .bootbox-body' in '10' second(s)

2021-11-18 11:43:46 - [MESSAGE][INFO] - Smart Wait Function is triggered

2021-11-18 11:43:47 - [MESSAGE][INFO] - Found 1 web elements with id: 'Object Repository/Popup/Popup' located by 'By.cssSelector: .bootbox-body' in '10' second(s)

2021-11-18 11:43:47 - [MESSAGE][PASSED] - Object 'Object Repository/Popup/Popup' is visible

2021-11-18 11:43:47 - [TEST_STEP][PASSED] - if (!(getText(findTestObject("Popup/Popup")).contains(Mesaj))): Text of object 'Object Repository/Popup/Popup' is: 'Lütfen rapor bildiriminin gönderileceği e-posta adresini belirtiniz.
e-Posta Adresi'

2021-11-18 11:43:47 - [MESSAGE][INFO] - Finding Test Object 'Object Repository/Popup/Popup'

2021-11-18 11:43:47 - [MESSAGE][INFO] - Checking object

2021-11-18 11:43:47 - [MESSAGE][INFO] - Finding web element from Test Object's properties

2021-11-18 11:43:47 - [MESSAGE][INFO] - Checking timeout

2021-11-18 11:43:47 - [MESSAGE][INFO] - Finding web element with id: 'Object Repository/Popup/Popup' located by 'By.cssSelector: .bootbox-body' in '30' second(s)

2021-11-18 11:43:47 - [MESSAGE][INFO] - Smart Wait Function is triggered

2021-11-18 11:43:47 - [MESSAGE][INFO] - Found 1 web elements with id: 'Object Repository/Popup/Popup' located by 'By.cssSelector: .bootbox-body' in '30' second(s)

2021-11-18 11:43:47 - [MESSAGE][INFO] - Getting text of object 'Object Repository/Popup/Popup'

2021-11-18 11:43:47 - [MESSAGE][PASSED] - Text of object 'Object Repository/Popup/Popup' is: 'Lütfen rapor bildiriminin gönderileceği e-posta adresini belirtiniz.
e-Posta Adresi'

2021-11-18 11:43:47 - [TEST_STEP][PASSED] - RaporNo = getText(findTestObject("Popup/Popup")).substring(0, 6): Text of object 'Object Repository/Popup/Popup' is: 'Lütfen rapor bildiriminin gönderileceği e-posta adresini belirtiniz.
e-Posta Adresi'

2021-11-18 11:43:47 - [MESSAGE][INFO] - Finding Test Object 'Object Repository/Popup/Popup'

2021-11-18 11:43:47 - [MESSAGE][INFO] - Checking object

2021-11-18 11:43:47 - [MESSAGE][INFO] - Finding web element from Test Object's properties

2021-11-18 11:43:47 - [MESSAGE][INFO] - Checking timeout

2021-11-18 11:43:47 - [MESSAGE][INFO] - Finding web element with id: 'Object Repository/Popup/Popup' located by 'By.cssSelector: .bootbox-body' in '30' second(s)

2021-11-18 11:43:47 - [MESSAGE][INFO] - Smart Wait Function is triggered

2021-11-18 11:43:47 - [MESSAGE][INFO] - Found 1 web elements with id: 'Object Repository/Popup/Popup' located by 'By.cssSelector: .bootbox-body' in '30' second(s)

2021-11-18 11:43:47 - [MESSAGE][INFO] - Getting text of object 'Object Repository/Popup/Popup'

2021-11-18 11:43:47 - [MESSAGE][PASSED] - Text of object 'Object Repository/Popup/Popup' is: 'Lütfen rapor bildiriminin gönderileceği e-posta adresini belirtiniz.
e-Posta Adresi'

2021-11-18 11:43:47 - [TEST_STEP][PASSED] - Console.println(RaporNo): null

2021-11-18 11:43:47 - [MESSAGE][PASSED] - Call Test Case 'Test Cases/Popup/PopupMesajiIceriyorMu' successfully

2021-11-18 11:43:47 - [MESSAGE][INFO] - Checking called Test Case

2021-11-18 11:43:47 - [MESSAGE][INFO] - Starting to call Test Case 'Test Cases/Popup/PopupaEmailEklenir'

2021-11-18 11:43:47 - [TEST_CASE][PASSED] - Test Cases/Popup/PopupaEmailEklenir: Test Cases/Popup/PopupaEmailEklenir

2021-11-18 11:43:47 - [TEST_STEP][PASSED] - clearText(findTestObject("Popup/EmailText")): Text of object 'Object Repository/Popup/EmailText' is cleared

2021-11-18 11:43:47 - [MESSAGE][INFO] - Finding Test Object 'Object Repository/Popup/EmailText'

2021-11-18 11:43:48 - [MESSAGE][INFO] - Checking object

2021-11-18 11:43:48 - [MESSAGE][INFO] - Finding web element from Test Object's properties

2021-11-18 11:43:48 - [MESSAGE][INFO] - Checking timeout

2021-11-18 11:43:48 - [MESSAGE][INFO] - Finding web element with id: 'Object Repository/Popup/EmailText' located by 'By.xpath: //*[@id="eMails"]' in '30' second(s)

2021-11-18 11:43:48 - [MESSAGE][INFO] - Smart Wait Function is triggered

2021-11-18 11:43:48 - [MESSAGE][INFO] - Found 1 web elements with id: 'Object Repository/Popup/EmailText' located by 'By.xpath: //*[@id="eMails"]' in '30' second(s)

2021-11-18 11:43:48 - [MESSAGE][INFO] - Clearing text of object 'Object Repository/Popup/EmailText'

2021-11-18 11:43:48 - [MESSAGE][PASSED] - Text of object 'Object Repository/Popup/EmailText' is cleared

2021-11-18 11:43:48 - [TEST_STEP][PASSED] - sendKeys(findTestObject("Popup/EmailText"), Email): Keys 'elogotest@gmail.com;ali.kara@logo.com.tr' sent to object: 'Object Repository/Popup/EmailText'

2021-11-18 11:43:48 - [MESSAGE][INFO] - Finding Test Object 'Object Repository/Popup/EmailText'

2021-11-18 11:43:48 - [MESSAGE][INFO] - Sending keys 'elogotest@gmail.com;ali.kara@logo.com.tr' to object: 'Object Repository/Popup/EmailText'

2021-11-18 11:43:48 - [MESSAGE][INFO] - Finding web element from Test Object's properties

2021-11-18 11:43:48 - [MESSAGE][INFO] - Checking timeout

2021-11-18 11:43:48 - [MESSAGE][INFO] - Finding web element with id: 'Object Repository/Popup/EmailText' located by 'By.xpath: //*[@id="eMails"]' in '30' second(s)

2021-11-18 11:43:48 - [MESSAGE][INFO] - Smart Wait Function is triggered

2021-11-18 11:43:48 - [MESSAGE][INFO] - Found 1 web elements with id: 'Object Repository/Popup/EmailText' located by 'By.xpath: //*[@id="eMails"]' in '30' second(s)

2021-11-18 11:43:48 - [MESSAGE][PASSED] - Keys 'elogotest@gmail.com;ali.kara@logo.com.tr' sent to object: 'Object Repository/Popup/EmailText'

2021-11-18 11:43:48 - [MESSAGE][PASSED] - Call Test Case 'Test Cases/Popup/PopupaEmailEklenir' successfully

2021-11-18 11:43:48 - [MESSAGE][INFO] - Checking called Test Case

2021-11-18 11:43:48 - [MESSAGE][INFO] - Starting to call Test Case 'Test Cases/Popup/PopupButonSecilir'

2021-11-18 11:43:48 - [TEST_CASE][PASSED] - Test Cases/Popup/PopupButonSecilir: Test Cases/Popup/PopupButonSecilir

2021-11-18 11:43:48 - [TEST_STEP][PASSED] - Method.TextDegerineEsitElementeTikla(findTestObject("Popup/Popup_Butons"), Buton): Method.TextDegerineEsitElementeTikla is PASSED

2021-11-18 11:43:48 - [MESSAGE][INFO] - Finding Test Object 'Object Repository/Popup/Popup_Butons'

2021-11-18 11:43:48 - [MESSAGE][INFO] - Checking timeout

2021-11-18 11:43:48 - [MESSAGE][INFO] - Finding web element with id: 'Object Repository/Popup/Popup_Butons' located by 'By.cssSelector: .modal-footer>button' in '10' second(s)

2021-11-18 11:43:48 - [MESSAGE][INFO] - Smart Wait Function is triggered

2021-11-18 11:43:49 - [MESSAGE][INFO] - Found 2 web elements with id: 'Object Repository/Popup/Popup_Butons' located by 'By.cssSelector: .modal-footer>button' in '10' second(s)

2021-11-18 11:43:49 - [MESSAGE][PASSED] - Method.TextDegerineEsitElementeTikla is PASSED

2021-11-18 11:43:49 - [MESSAGE][PASSED] - Call Test Case 'Test Cases/Popup/PopupButonSecilir' successfully

2021-11-18 11:43:49 - [MESSAGE][INFO] - Checking called Test Case

2021-11-18 11:43:49 - [MESSAGE][INFO] - Starting to call Test Case 'Test Cases/Popup/PopupMesajiIceriyorMu'

2021-11-18 11:43:49 - [TEST_CASE][PASSED] - Test Cases/Popup/PopupMesajiIceriyorMu: Test Cases/Popup/PopupMesajiIceriyorMu

2021-11-18 11:43:49 - [TEST_STEP][PASSED] - waitForElementVisible(findTestObject("Popup/Popup"), 10): Object 'Object Repository/Popup/Popup' is visible

2021-11-18 11:43:49 - [MESSAGE][INFO] - Finding Test Object 'Object Repository/Popup/Popup'

2021-11-18 11:43:49 - [MESSAGE][INFO] - Checking object

2021-11-18 11:43:49 - [MESSAGE][INFO] - Checking timeout

2021-11-18 11:43:49 - [MESSAGE][INFO] - Finding web element from Test Object's properties

2021-11-18 11:43:49 - [MESSAGE][INFO] - Checking timeout

2021-11-18 11:43:49 - [MESSAGE][INFO] - Finding web element with id: 'Object Repository/Popup/Popup' located by 'By.cssSelector: .bootbox-body' in '10' second(s)

2021-11-18 11:43:49 - [MESSAGE][INFO] - Smart Wait Function is triggered

2021-11-18 11:43:50 - [MESSAGE][INFO] - Found 1 web elements with id: 'Object Repository/Popup/Popup' located by 'By.cssSelector: .bootbox-body' in '10' second(s)

2021-11-18 11:43:50 - [MESSAGE][PASSED] - Object 'Object Repository/Popup/Popup' is visible

2021-11-18 11:43:50 - [TEST_STEP][PASSED] - if (!(getText(findTestObject("Popup/Popup")).contains(Mesaj))): Text of object 'Object Repository/Popup/Popup' is: '17393 no’lu talebiniz işleme alınmıştır. Raporunuz hazırlandığında (elogotest@gmail.com;ali.kara@logo.com.tr) adresinize mail gönderilecektir.
Rapor durumunuzu Raporlar > Toplu Veri İndirme ekranından takip edebilir, hazırlandı durumundaki raporlarınızı ilgili menüden indirebilirsiniz.'

2021-11-18 11:43:50 - [MESSAGE][INFO] - Finding Test Object 'Object Repository/Popup/Popup'

2021-11-18 11:43:50 - [MESSAGE][INFO] - Checking object

2021-11-18 11:43:50 - [MESSAGE][INFO] - Finding web element from Test Object's properties

2021-11-18 11:43:50 - [MESSAGE][INFO] - Checking timeout

2021-11-18 11:43:50 - [MESSAGE][INFO] - Finding web element with id: 'Object Repository/Popup/Popup' located by 'By.cssSelector: .bootbox-body' in '30' second(s)

2021-11-18 11:43:50 - [MESSAGE][INFO] - Smart Wait Function is triggered

2021-11-18 11:43:50 - [MESSAGE][INFO] - Found 1 web elements with id: 'Object Repository/Popup/Popup' located by 'By.cssSelector: .bootbox-body' in '30' second(s)

2021-11-18 11:43:50 - [MESSAGE][INFO] - Getting text of object 'Object Repository/Popup/Popup'

2021-11-18 11:43:50 - [MESSAGE][PASSED] - Text of object 'Object Repository/Popup/Popup' is: '17393 no’lu talebiniz işleme alınmıştır. Raporunuz hazırlandığında (elogotest@gmail.com;ali.kara@logo.com.tr) adresinize mail gönderilecektir.
Rapor durumunuzu Raporlar > Toplu Veri İndirme ekranından takip edebilir, hazırlandı durumundaki raporlarınızı ilgili menüden indirebilirsiniz.'

2021-11-18 11:43:50 - [TEST_STEP][PASSED] - RaporNo = getText(findTestObject("Popup/Popup")).substring(0, 6): Text of object 'Object Repository/Popup/Popup' is: '17393 no’lu talebiniz işleme alınmıştır. Raporunuz hazırlandığında (elogotest@gmail.com;ali.kara@logo.com.tr) adresinize mail gönderilecektir.
Rapor durumunuzu Raporlar > Toplu Veri İndirme ekranından takip edebilir, hazırlandı durumundaki raporlarınızı ilgili menüden indirebilirsiniz.'

2021-11-18 11:43:50 - [MESSAGE][INFO] - Finding Test Object 'Object Repository/Popup/Popup'

2021-11-18 11:43:50 - [MESSAGE][INFO] - Checking object

2021-11-18 11:43:50 - [MESSAGE][INFO] - Finding web element from Test Object's properties

2021-11-18 11:43:50 - [MESSAGE][INFO] - Checking timeout

2021-11-18 11:43:50 - [MESSAGE][INFO] - Finding web element with id: 'Object Repository/Popup/Popup' located by 'By.cssSelector: .bootbox-body' in '30' second(s)

2021-11-18 11:43:50 - [MESSAGE][INFO] - Smart Wait Function is triggered

2021-11-18 11:43:50 - [MESSAGE][INFO] - Found 1 web elements with id: 'Object Repository/Popup/Popup' located by 'By.cssSelector: .bootbox-body' in '30' second(s)

2021-11-18 11:43:50 - [MESSAGE][INFO] - Getting text of object 'Object Repository/Popup/Popup'

2021-11-18 11:43:50 - [MESSAGE][PASSED] - Text of object 'Object Repository/Popup/Popup' is: '17393 no’lu talebiniz işleme alınmıştır. Raporunuz hazırlandığında (elogotest@gmail.com;ali.kara@logo.com.tr) adresinize mail gönderilecektir.
Rapor durumunuzu Raporlar > Toplu Veri İndirme ekranından takip edebilir, hazırlandı durumundaki raporlarınızı ilgili menüden indirebilirsiniz.'

2021-11-18 11:43:50 - [TEST_STEP][PASSED] - Console.println(RaporNo): null

2021-11-18 11:43:50 - [MESSAGE][PASSED] - Call Test Case 'Test Cases/Popup/PopupMesajiIceriyorMu' successfully

2021-11-18 11:43:50 - [MESSAGE][INFO] - Checking called Test Case

2021-11-18 11:43:50 - [MESSAGE][INFO] - Starting to call Test Case 'Test Cases/Popup/PopupButonSecilir'

2021-11-18 11:43:50 - [TEST_CASE][PASSED] - Test Cases/Popup/PopupButonSecilir: Test Cases/Popup/PopupButonSecilir

2021-11-18 11:43:50 - [TEST_STEP][PASSED] - Method.TextDegerineEsitElementeTikla(findTestObject("Popup/Popup_Butons"), Buton): Method.TextDegerineEsitElementeTikla is PASSED

2021-11-18 11:43:50 - [MESSAGE][INFO] - Finding Test Object 'Object Repository/Popup/Popup_Butons'

2021-11-18 11:43:50 - [MESSAGE][INFO] - Checking timeout

2021-11-18 11:43:50 - [MESSAGE][INFO] - Finding web element with id: 'Object Repository/Popup/Popup_Butons' located by 'By.cssSelector: .modal-footer>button' in '10' second(s)

2021-11-18 11:43:50 - [MESSAGE][INFO] - Smart Wait Function is triggered

2021-11-18 11:43:51 - [MESSAGE][INFO] - Found 1 web elements with id: 'Object Repository/Popup/Popup_Butons' located by 'By.cssSelector: .modal-footer>button' in '10' second(s)

2021-11-18 11:43:51 - [MESSAGE][PASSED] - Method.TextDegerineEsitElementeTikla is PASSED

2021-11-18 11:43:51 - [MESSAGE][PASSED] - Call Test Case 'Test Cases/Popup/PopupButonSecilir' successfully

2021-11-18 11:43:51 - [MESSAGE][INFO] - Checking called Test Case

2021-11-18 11:43:51 - [MESSAGE][INFO] - Starting to call Test Case 'Test Cases/Butonlar/ButonaTikla'

2021-11-18 11:43:51 - [TEST_CASE][PASSED] - Test Cases/Butonlar/ButonaTikla: Test Cases/Butonlar/ButonaTikla

2021-11-18 11:43:51 - [TEST_STEP][PASSED] - Method.TextDegerineEsitElementeTiklaEquals(findTestObject("Butonlar/Butonlar"), Buton_Adi): Method.TextDegerineEsitElementeTiklaEquals is PASSED

2021-11-18 11:43:51 - [MESSAGE][INFO] - Finding Test Object 'Object Repository/Butonlar/Butonlar'

2021-11-18 11:43:51 - [MESSAGE][INFO] - Checking timeout

2021-11-18 11:43:51 - [MESSAGE][INFO] - Finding web element with id: 'Object Repository/Butonlar/Butonlar' located by 'By.cssSelector: .panel.panel-default.text-center.footerPanel .btn,.btn.btn-primary.btnControls' in '10' second(s)

2021-11-18 11:43:51 - [MESSAGE][INFO] - Smart Wait Function is triggered

2021-11-18 11:43:52 - [MESSAGE][INFO] - Found 12 web elements with id: 'Object Repository/Butonlar/Butonlar' located by 'By.cssSelector: .panel.panel-default.text-center.footerPanel .btn,.btn.btn-primary.btnControls' in '10' second(s)

2021-11-18 11:43:52 - [MESSAGE][PASSED] - Method.TextDegerineEsitElementeTiklaEquals is PASSED

2021-11-18 11:43:52 - [MESSAGE][PASSED] - Call Test Case 'Test Cases/Butonlar/ButonaTikla' successfully

2021-11-18 11:43:52 - [MESSAGE][INFO] - Checking called Test Case

2021-11-18 11:43:52 - [MESSAGE][INFO] - Starting to call Test Case 'Test Cases/Butonlar/AltButonaTikla'

2021-11-18 11:43:52 - [TEST_CASE][PASSED] - Test Cases/Butonlar/AltButonaTikla: Test Cases/Butonlar/AltButonaTikla

2021-11-18 11:43:52 - [TEST_STEP][PASSED] - Method.TextDegerineEsitElementeTikla(findTestObject("Butonlar/AltButonlar"), Alt_Buton): Method.TextDegerineEsitElementeTikla is PASSED

2021-11-18 11:43:52 - [MESSAGE][INFO] - Finding Test Object 'Object Repository/Butonlar/AltButonlar'

2021-11-18 11:43:52 - [MESSAGE][INFO] - Checking timeout

2021-11-18 11:43:52 - [MESSAGE][INFO] - Finding web element with id: 'Object Repository/Butonlar/AltButonlar' located by 'By.cssSelector: .btn-group.open li>a' in '10' second(s)

2021-11-18 11:43:52 - [MESSAGE][INFO] - Smart Wait Function is triggered

2021-11-18 11:43:52 - [MESSAGE][INFO] - Found 4 web elements with id: 'Object Repository/Butonlar/AltButonlar' located by 'By.cssSelector: .btn-group.open li>a' in '10' second(s)

2021-11-18 11:43:52 - [MESSAGE][PASSED] - Method.TextDegerineEsitElementeTikla is PASSED

2021-11-18 11:43:52 - [MESSAGE][PASSED] - Call Test Case 'Test Cases/Butonlar/AltButonaTikla' successfully

2021-11-18 11:43:52 - [MESSAGE][INFO] - Checking called Test Case

2021-11-18 11:43:52 - [MESSAGE][INFO] - Starting to call Test Case 'Test Cases/Popup/PopupMesajiIceriyorMu'

2021-11-18 11:43:52 - [TEST_CASE][PASSED] - Test Cases/Popup/PopupMesajiIceriyorMu: Test Cases/Popup/PopupMesajiIceriyorMu

2021-11-18 11:43:52 - [TEST_STEP][PASSED] - waitForElementVisible(findTestObject("Popup/Popup"), 10): Object 'Object Repository/Popup/Popup' is visible

2021-11-18 11:43:52 - [MESSAGE][INFO] - Finding Test Object 'Object Repository/Popup/Popup'

2021-11-18 11:43:52 - [MESSAGE][INFO] - Checking object

2021-11-18 11:43:52 - [MESSAGE][INFO] - Checking timeout

2021-11-18 11:43:52 - [MESSAGE][INFO] - Finding web element from Test Object's properties

2021-11-18 11:43:52 - [MESSAGE][INFO] - Checking timeout

2021-11-18 11:43:52 - [MESSAGE][INFO] - Finding web element with id: 'Object Repository/Popup/Popup' located by 'By.cssSelector: .bootbox-body' in '10' second(s)

2021-11-18 11:43:52 - [MESSAGE][INFO] - Smart Wait Function is triggered

2021-11-18 11:43:53 - [MESSAGE][INFO] - Found 1 web elements with id: 'Object Repository/Popup/Popup' located by 'By.cssSelector: .bootbox-body' in '10' second(s)

2021-11-18 11:43:53 - [MESSAGE][PASSED] - Object 'Object Repository/Popup/Popup' is visible

2021-11-18 11:43:53 - [TEST_STEP][PASSED] - if (!(getText(findTestObject("Popup/Popup")).contains(Mesaj))): Text of object 'Object Repository/Popup/Popup' is: 'Lütfen rapor bildiriminin gönderileceği e-posta adresini belirtiniz.
e-Posta Adresi'

2021-11-18 11:43:53 - [MESSAGE][INFO] - Finding Test Object 'Object Repository/Popup/Popup'

2021-11-18 11:43:53 - [MESSAGE][INFO] - Checking object

2021-11-18 11:43:53 - [MESSAGE][INFO] - Finding web element from Test Object's properties

2021-11-18 11:43:53 - [MESSAGE][INFO] - Checking timeout

2021-11-18 11:43:53 - [MESSAGE][INFO] - Finding web element with id: 'Object Repository/Popup/Popup' located by 'By.cssSelector: .bootbox-body' in '30' second(s)

2021-11-18 11:43:53 - [MESSAGE][INFO] - Smart Wait Function is triggered

2021-11-18 11:43:53 - [MESSAGE][INFO] - Found 1 web elements with id: 'Object Repository/Popup/Popup' located by 'By.cssSelector: .bootbox-body' in '30' second(s)

2021-11-18 11:43:53 - [MESSAGE][INFO] - Getting text of object 'Object Repository/Popup/Popup'

2021-11-18 11:43:53 - [MESSAGE][PASSED] - Text of object 'Object Repository/Popup/Popup' is: 'Lütfen rapor bildiriminin gönderileceği e-posta adresini belirtiniz.
e-Posta Adresi'

2021-11-18 11:43:53 - [TEST_STEP][PASSED] - RaporNo = getText(findTestObject("Popup/Popup")).substring(0, 6): Text of object 'Object Repository/Popup/Popup' is: 'Lütfen rapor bildiriminin gönderileceği e-posta adresini belirtiniz.
e-Posta Adresi'

2021-11-18 11:43:53 - [MESSAGE][INFO] - Finding Test Object 'Object Repository/Popup/Popup'

2021-11-18 11:43:53 - [MESSAGE][INFO] - Checking object

2021-11-18 11:43:53 - [MESSAGE][INFO] - Finding web element from Test Object's properties

2021-11-18 11:43:53 - [MESSAGE][INFO] - Checking timeout

2021-11-18 11:43:53 - [MESSAGE][INFO] - Finding web element with id: 'Object Repository/Popup/Popup' located by 'By.cssSelector: .bootbox-body' in '30' second(s)

2021-11-18 11:43:53 - [MESSAGE][INFO] - Smart Wait Function is triggered

2021-11-18 11:43:54 - [MESSAGE][INFO] - Found 1 web elements with id: 'Object Repository/Popup/Popup' located by 'By.cssSelector: .bootbox-body' in '30' second(s)

2021-11-18 11:43:54 - [MESSAGE][INFO] - Getting text of object 'Object Repository/Popup/Popup'

2021-11-18 11:43:54 - [MESSAGE][PASSED] - Text of object 'Object Repository/Popup/Popup' is: 'Lütfen rapor bildiriminin gönderileceği e-posta adresini belirtiniz.
e-Posta Adresi'

2021-11-18 11:43:54 - [TEST_STEP][PASSED] - Console.println(RaporNo): null

2021-11-18 11:43:54 - [MESSAGE][PASSED] - Call Test Case 'Test Cases/Popup/PopupMesajiIceriyorMu' successfully

2021-11-18 11:43:54 - [MESSAGE][INFO] - Checking called Test Case

2021-11-18 11:43:54 - [MESSAGE][INFO] - Starting to call Test Case 'Test Cases/Popup/PopupaEmailEklenir'

2021-11-18 11:43:54 - [TEST_CASE][PASSED] - Test Cases/Popup/PopupaEmailEklenir: Test Cases/Popup/PopupaEmailEklenir

2021-11-18 11:43:54 - [TEST_STEP][PASSED] - clearText(findTestObject("Popup/EmailText")): Text of object 'Object Repository/Popup/EmailText' is cleared

2021-11-18 11:43:54 - [MESSAGE][INFO] - Finding Test Object 'Object Repository/Popup/EmailText'

2021-11-18 11:43:54 - [MESSAGE][INFO] - Checking object

2021-11-18 11:43:54 - [MESSAGE][INFO] - Finding web element from Test Object's properties

2021-11-18 11:43:54 - [MESSAGE][INFO] - Checking timeout

2021-11-18 11:43:54 - [MESSAGE][INFO] - Finding web element with id: 'Object Repository/Popup/EmailText' located by 'By.xpath: //*[@id="eMails"]' in '30' second(s)

2021-11-18 11:43:54 - [MESSAGE][INFO] - Smart Wait Function is triggered

2021-11-18 11:43:54 - [MESSAGE][INFO] - Found 1 web elements with id: 'Object Repository/Popup/EmailText' located by 'By.xpath: //*[@id="eMails"]' in '30' second(s)

2021-11-18 11:43:54 - [MESSAGE][INFO] - Clearing text of object 'Object Repository/Popup/EmailText'

2021-11-18 11:43:54 - [MESSAGE][PASSED] - Text of object 'Object Repository/Popup/EmailText' is cleared

2021-11-18 11:43:54 - [TEST_STEP][PASSED] - sendKeys(findTestObject("Popup/EmailText"), Email): Keys 'elogotest@gmail.com;ali.kara@logo.com.tr' sent to object: 'Object Repository/Popup/EmailText'

2021-11-18 11:43:54 - [MESSAGE][INFO] - Finding Test Object 'Object Repository/Popup/EmailText'

2021-11-18 11:43:54 - [MESSAGE][INFO] - Sending keys 'elogotest@gmail.com;ali.kara@logo.com.tr' to object: 'Object Repository/Popup/EmailText'

2021-11-18 11:43:54 - [MESSAGE][INFO] - Finding web element from Test Object's properties

2021-11-18 11:43:54 - [MESSAGE][INFO] - Checking timeout

2021-11-18 11:43:54 - [MESSAGE][INFO] - Finding web element with id: 'Object Repository/Popup/EmailText' located by 'By.xpath: //*[@id="eMails"]' in '30' second(s)

2021-11-18 11:43:54 - [MESSAGE][INFO] - Smart Wait Function is triggered

2021-11-18 11:43:54 - [MESSAGE][INFO] - Found 1 web elements with id: 'Object Repository/Popup/EmailText' located by 'By.xpath: //*[@id="eMails"]' in '30' second(s)

2021-11-18 11:43:55 - [MESSAGE][PASSED] - Keys 'elogotest@gmail.com;ali.kara@logo.com.tr' sent to object: 'Object Repository/Popup/EmailText'

2021-11-18 11:43:55 - [MESSAGE][PASSED] - Call Test Case 'Test Cases/Popup/PopupaEmailEklenir' successfully

2021-11-18 11:43:55 - [MESSAGE][INFO] - Checking called Test Case

2021-11-18 11:43:55 - [MESSAGE][INFO] - Starting to call Test Case 'Test Cases/Popup/PopupButonSecilir'

2021-11-18 11:43:55 - [TEST_CASE][PASSED] - Test Cases/Popup/PopupButonSecilir: Test Cases/Popup/PopupButonSecilir

2021-11-18 11:43:55 - [TEST_STEP][PASSED] - Method.TextDegerineEsitElementeTikla(findTestObject("Popup/Popup_Butons"), Buton): Method.TextDegerineEsitElementeTikla is PASSED

2021-11-18 11:43:55 - [MESSAGE][INFO] - Finding Test Object 'Object Repository/Popup/Popup_Butons'

2021-11-18 11:43:55 - [MESSAGE][INFO] - Checking timeout

2021-11-18 11:43:55 - [MESSAGE][INFO] - Finding web element with id: 'Object Repository/Popup/Popup_Butons' located by 'By.cssSelector: .modal-footer>button' in '10' second(s)

2021-11-18 11:43:55 - [MESSAGE][INFO] - Smart Wait Function is triggered

2021-11-18 11:43:55 - [MESSAGE][INFO] - Found 2 web elements with id: 'Object Repository/Popup/Popup_Butons' located by 'By.cssSelector: .modal-footer>button' in '10' second(s)

2021-11-18 11:43:55 - [MESSAGE][PASSED] - Method.TextDegerineEsitElementeTikla is PASSED

2021-11-18 11:43:55 - [MESSAGE][PASSED] - Call Test Case 'Test Cases/Popup/PopupButonSecilir' successfully

2021-11-18 11:43:55 - [MESSAGE][INFO] - Checking called Test Case

2021-11-18 11:43:55 - [MESSAGE][INFO] - Starting to call Test Case 'Test Cases/Popup/PopupMesajiIceriyorMu'

2021-11-18 11:43:55 - [TEST_CASE][PASSED] - Test Cases/Popup/PopupMesajiIceriyorMu: Test Cases/Popup/PopupMesajiIceriyorMu

2021-11-18 11:43:55 - [TEST_STEP][PASSED] - waitForElementVisible(findTestObject("Popup/Popup"), 10): Object 'Object Repository/Popup/Popup' is visible

2021-11-18 11:43:55 - [MESSAGE][INFO] - Finding Test Object 'Object Repository/Popup/Popup'

2021-11-18 11:43:55 - [MESSAGE][INFO] - Checking object

2021-11-18 11:43:55 - [MESSAGE][INFO] - Checking timeout

2021-11-18 11:43:55 - [MESSAGE][INFO] - Finding web element from Test Object's properties

2021-11-18 11:43:55 - [MESSAGE][INFO] - Checking timeout

2021-11-18 11:43:55 - [MESSAGE][INFO] - Finding web element with id: 'Object Repository/Popup/Popup' located by 'By.cssSelector: .bootbox-body' in '10' second(s)

2021-11-18 11:43:55 - [MESSAGE][INFO] - Smart Wait Function is triggered

2021-11-18 11:43:56 - [MESSAGE][INFO] - Found 1 web elements with id: 'Object Repository/Popup/Popup' located by 'By.cssSelector: .bootbox-body' in '10' second(s)

2021-11-18 11:43:56 - [MESSAGE][PASSED] - Object 'Object Repository/Popup/Popup' is visible

2021-11-18 11:43:56 - [TEST_STEP][PASSED] - if (!(getText(findTestObject("Popup/Popup")).contains(Mesaj))): Text of object 'Object Repository/Popup/Popup' is: '17394 no’lu talebiniz işleme alınmıştır. Raporunuz hazırlandığında (elogotest@gmail.com;ali.kara@logo.com.tr) adresinize mail gönderilecektir.
Rapor durumunuzu Raporlar > Toplu Veri İndirme ekranından takip edebilir, hazırlandı durumundaki raporlarınızı ilgili menüden indirebilirsiniz.'

2021-11-18 11:43:56 - [MESSAGE][INFO] - Finding Test Object 'Object Repository/Popup/Popup'

2021-11-18 11:43:56 - [MESSAGE][INFO] - Checking object

2021-11-18 11:43:56 - [MESSAGE][INFO] - Finding web element from Test Object's properties

2021-11-18 11:43:56 - [MESSAGE][INFO] - Checking timeout

2021-11-18 11:43:56 - [MESSAGE][INFO] - Finding web element with id: 'Object Repository/Popup/Popup' located by 'By.cssSelector: .bootbox-body' in '30' second(s)

2021-11-18 11:43:56 - [MESSAGE][INFO] - Smart Wait Function is triggered

2021-11-18 11:43:56 - [MESSAGE][INFO] - Found 1 web elements with id: 'Object Repository/Popup/Popup' located by 'By.cssSelector: .bootbox-body' in '30' second(s)

2021-11-18 11:43:56 - [MESSAGE][INFO] - Getting text of object 'Object Repository/Popup/Popup'

2021-11-18 11:43:56 - [MESSAGE][PASSED] - Text of object 'Object Repository/Popup/Popup' is: '17394 no’lu talebiniz işleme alınmıştır. Raporunuz hazırlandığında (elogotest@gmail.com;ali.kara@logo.com.tr) adresinize mail gönderilecektir.
Rapor durumunuzu Raporlar > Toplu Veri İndirme ekranından takip edebilir, hazırlandı durumundaki raporlarınızı ilgili menüden indirebilirsiniz.'

2021-11-18 11:43:56 - [TEST_STEP][PASSED] - RaporNo = getText(findTestObject("Popup/Popup")).substring(0, 6): Text of object 'Object Repository/Popup/Popup' is: '17394 no’lu talebiniz işleme alınmıştır. Raporunuz hazırlandığında (elogotest@gmail.com;ali.kara@logo.com.tr) adresinize mail gönderilecektir.
Rapor durumunuzu Raporlar > Toplu Veri İndirme ekranından takip edebilir, hazırlandı durumundaki raporlarınızı ilgili menüden indirebilirsiniz.'

2021-11-18 11:43:56 - [MESSAGE][INFO] - Finding Test Object 'Object Repository/Popup/Popup'

2021-11-18 11:43:56 - [MESSAGE][INFO] - Checking object

2021-11-18 11:43:56 - [MESSAGE][INFO] - Finding web element from Test Object's properties

2021-11-18 11:43:56 - [MESSAGE][INFO] - Checking timeout

2021-11-18 11:43:56 - [MESSAGE][INFO] - Finding web element with id: 'Object Repository/Popup/Popup' located by 'By.cssSelector: .bootbox-body' in '30' second(s)

2021-11-18 11:43:56 - [MESSAGE][INFO] - Smart Wait Function is triggered

2021-11-18 11:43:57 - [MESSAGE][INFO] - Found 1 web elements with id: 'Object Repository/Popup/Popup' located by 'By.cssSelector: .bootbox-body' in '30' second(s)

2021-11-18 11:43:57 - [MESSAGE][INFO] - Getting text of object 'Object Repository/Popup/Popup'

2021-11-18 11:43:57 - [MESSAGE][PASSED] - Text of object 'Object Repository/Popup/Popup' is: '17394 no’lu talebiniz işleme alınmıştır. Raporunuz hazırlandığında (elogotest@gmail.com;ali.kara@logo.com.tr) adresinize mail gönderilecektir.
Rapor durumunuzu Raporlar > Toplu Veri İndirme ekranından takip edebilir, hazırlandı durumundaki raporlarınızı ilgili menüden indirebilirsiniz.'

2021-11-18 11:43:57 - [TEST_STEP][PASSED] - Console.println(RaporNo): null

2021-11-18 11:43:57 - [MESSAGE][PASSED] - Call Test Case 'Test Cases/Popup/PopupMesajiIceriyorMu' successfully

2021-11-18 11:43:57 - [MESSAGE][INFO] - Checking called Test Case

2021-11-18 11:43:57 - [MESSAGE][INFO] - Starting to call Test Case 'Test Cases/Popup/PopupButonSecilir'

2021-11-18 11:43:57 - [TEST_CASE][PASSED] - Test Cases/Popup/PopupButonSecilir: Test Cases/Popup/PopupButonSecilir

2021-11-18 11:43:57 - [TEST_STEP][PASSED] - Method.TextDegerineEsitElementeTikla(findTestObject("Popup/Popup_Butons"), Buton): Method.TextDegerineEsitElementeTikla is PASSED

2021-11-18 11:43:57 - [MESSAGE][INFO] - Finding Test Object 'Object Repository/Popup/Popup_Butons'

2021-11-18 11:43:57 - [MESSAGE][INFO] - Checking timeout

2021-11-18 11:43:57 - [MESSAGE][INFO] - Finding web element with id: 'Object Repository/Popup/Popup_Butons' located by 'By.cssSelector: .modal-footer>button' in '10' second(s)

2021-11-18 11:43:57 - [MESSAGE][INFO] - Smart Wait Function is triggered

2021-11-18 11:43:57 - [MESSAGE][INFO] - Found 1 web elements with id: 'Object Repository/Popup/Popup_Butons' located by 'By.cssSelector: .modal-footer>button' in '10' second(s)

2021-11-18 11:43:57 - [MESSAGE][PASSED] - Method.TextDegerineEsitElementeTikla is PASSED

2021-11-18 11:43:57 - [MESSAGE][PASSED] - Call Test Case 'Test Cases/Popup/PopupButonSecilir' successfully

2021-11-18 11:43:57 - [MESSAGE][INFO] - Checking called Test Case

2021-11-18 11:43:57 - [MESSAGE][INFO] - Starting to call Test Case 'Test Cases/Butonlar/ButonaTikla'

2021-11-18 11:43:57 - [TEST_CASE][PASSED] - Test Cases/Butonlar/ButonaTikla: Test Cases/Butonlar/ButonaTikla

2021-11-18 11:43:57 - [TEST_STEP][PASSED] - Method.TextDegerineEsitElementeTiklaEquals(findTestObject("Butonlar/Butonlar"), Buton_Adi): Method.TextDegerineEsitElementeTiklaEquals is PASSED

2021-11-18 11:43:57 - [MESSAGE][INFO] - Finding Test Object 'Object Repository/Butonlar/Butonlar'

2021-11-18 11:43:57 - [MESSAGE][INFO] - Checking timeout

2021-11-18 11:43:57 - [MESSAGE][INFO] - Finding web element with id: 'Object Repository/Butonlar/Butonlar' located by 'By.cssSelector: .panel.panel-default.text-center.footerPanel .btn,.btn.btn-primary.btnControls' in '10' second(s)

2021-11-18 11:43:57 - [MESSAGE][INFO] - Smart Wait Function is triggered

2021-11-18 11:43:58 - [MESSAGE][INFO] - Found 12 web elements with id: 'Object Repository/Butonlar/Butonlar' located by 'By.cssSelector: .panel.panel-default.text-center.footerPanel .btn,.btn.btn-primary.btnControls' in '10' second(s)

2021-11-18 11:43:58 - [MESSAGE][PASSED] - Method.TextDegerineEsitElementeTiklaEquals is PASSED

2021-11-18 11:43:58 - [MESSAGE][PASSED] - Call Test Case 'Test Cases/Butonlar/ButonaTikla' successfully

2021-11-18 11:43:58 - [MESSAGE][INFO] - Checking called Test Case

2021-11-18 11:43:58 - [MESSAGE][INFO] - Starting to call Test Case 'Test Cases/Butonlar/AltButonaTikla'

2021-11-18 11:43:58 - [TEST_CASE][PASSED] - Test Cases/Butonlar/AltButonaTikla: Test Cases/Butonlar/AltButonaTikla

2021-11-18 11:43:58 - [TEST_STEP][PASSED] - Method.TextDegerineEsitElementeTikla(findTestObject("Butonlar/AltButonlar"), Alt_Buton): Method.TextDegerineEsitElementeTikla is PASSED

2021-11-18 11:43:58 - [MESSAGE][INFO] - Finding Test Object 'Object Repository/Butonlar/AltButonlar'

2021-11-18 11:43:58 - [MESSAGE][INFO] - Checking timeout

2021-11-18 11:43:58 - [MESSAGE][INFO] - Finding web element with id: 'Object Repository/Butonlar/AltButonlar' located by 'By.cssSelector: .btn-group.open li>a' in '10' second(s)

2021-11-18 11:43:58 - [MESSAGE][INFO] - Smart Wait Function is triggered

2021-11-18 11:43:59 - [MESSAGE][INFO] - Found 4 web elements with id: 'Object Repository/Butonlar/AltButonlar' located by 'By.cssSelector: .btn-group.open li>a' in '10' second(s)

2021-11-18 11:43:59 - [MESSAGE][PASSED] - Method.TextDegerineEsitElementeTikla is PASSED

2021-11-18 11:43:59 - [MESSAGE][PASSED] - Call Test Case 'Test Cases/Butonlar/AltButonaTikla' successfully

2021-11-18 11:43:59 - [MESSAGE][INFO] - Checking called Test Case

2021-11-18 11:43:59 - [MESSAGE][INFO] - Starting to call Test Case 'Test Cases/Popup/PopupMesajiIceriyorMu'

2021-11-18 11:43:59 - [TEST_CASE][PASSED] - Test Cases/Popup/PopupMesajiIceriyorMu: Test Cases/Popup/PopupMesajiIceriyorMu

2021-11-18 11:43:59 - [TEST_STEP][PASSED] - waitForElementVisible(findTestObject("Popup/Popup"), 10): Object 'Object Repository/Popup/Popup' is visible

2021-11-18 11:43:59 - [MESSAGE][INFO] - Finding Test Object 'Object Repository/Popup/Popup'

2021-11-18 11:43:59 - [MESSAGE][INFO] - Checking object

2021-11-18 11:43:59 - [MESSAGE][INFO] - Checking timeout

2021-11-18 11:43:59 - [MESSAGE][INFO] - Finding web element from Test Object's properties

2021-11-18 11:43:59 - [MESSAGE][INFO] - Checking timeout

2021-11-18 11:43:59 - [MESSAGE][INFO] - Finding web element with id: 'Object Repository/Popup/Popup' located by 'By.cssSelector: .bootbox-body' in '10' second(s)

2021-11-18 11:43:59 - [MESSAGE][INFO] - Smart Wait Function is triggered

2021-11-18 11:43:59 - [MESSAGE][INFO] - Found 1 web elements with id: 'Object Repository/Popup/Popup' located by 'By.cssSelector: .bootbox-body' in '10' second(s)

2021-11-18 11:43:59 - [MESSAGE][PASSED] - Object 'Object Repository/Popup/Popup' is visible

2021-11-18 11:43:59 - [TEST_STEP][PASSED] - if (!(getText(findTestObject("Popup/Popup")).contains(Mesaj))): Text of object 'Object Repository/Popup/Popup' is: 'Lütfen rapor bildiriminin gönderileceği e-posta adresini belirtiniz.
e-Posta Adresi'

2021-11-18 11:43:59 - [MESSAGE][INFO] - Finding Test Object 'Object Repository/Popup/Popup'

2021-11-18 11:43:59 - [MESSAGE][INFO] - Checking object

2021-11-18 11:43:59 - [MESSAGE][INFO] - Finding web element from Test Object's properties

2021-11-18 11:43:59 - [MESSAGE][INFO] - Checking timeout

2021-11-18 11:43:59 - [MESSAGE][INFO] - Finding web element with id: 'Object Repository/Popup/Popup' located by 'By.cssSelector: .bootbox-body' in '30' second(s)

2021-11-18 11:43:59 - [MESSAGE][INFO] - Smart Wait Function is triggered

2021-11-18 11:44:00 - [MESSAGE][INFO] - Found 1 web elements with id: 'Object Repository/Popup/Popup' located by 'By.cssSelector: .bootbox-body' in '30' second(s)

2021-11-18 11:44:00 - [MESSAGE][INFO] - Getting text of object 'Object Repository/Popup/Popup'

2021-11-18 11:44:00 - [MESSAGE][PASSED] - Text of object 'Object Repository/Popup/Popup' is: 'Lütfen rapor bildiriminin gönderileceği e-posta adresini belirtiniz.
e-Posta Adresi'

2021-11-18 11:44:00 - [TEST_STEP][PASSED] - RaporNo = getText(findTestObject("Popup/Popup")).substring(0, 6): Text of object 'Object Repository/Popup/Popup' is: 'Lütfen rapor bildiriminin gönderileceği e-posta adresini belirtiniz.
e-Posta Adresi'

2021-11-18 11:44:00 - [MESSAGE][INFO] - Finding Test Object 'Object Repository/Popup/Popup'

2021-11-18 11:44:00 - [MESSAGE][INFO] - Checking object

2021-11-18 11:44:00 - [MESSAGE][INFO] - Finding web element from Test Object's properties

2021-11-18 11:44:00 - [MESSAGE][INFO] - Checking timeout

2021-11-18 11:44:00 - [MESSAGE][INFO] - Finding web element with id: 'Object Repository/Popup/Popup' located by 'By.cssSelector: .bootbox-body' in '30' second(s)

2021-11-18 11:44:00 - [MESSAGE][INFO] - Smart Wait Function is triggered

2021-11-18 11:44:00 - [MESSAGE][INFO] - Found 1 web elements with id: 'Object Repository/Popup/Popup' located by 'By.cssSelector: .bootbox-body' in '30' second(s)

2021-11-18 11:44:00 - [MESSAGE][INFO] - Getting text of object 'Object Repository/Popup/Popup'

2021-11-18 11:44:00 - [MESSAGE][PASSED] - Text of object 'Object Repository/Popup/Popup' is: 'Lütfen rapor bildiriminin gönderileceği e-posta adresini belirtiniz.
e-Posta Adresi'

2021-11-18 11:44:00 - [TEST_STEP][PASSED] - Console.println(RaporNo): null

2021-11-18 11:44:00 - [MESSAGE][PASSED] - Call Test Case 'Test Cases/Popup/PopupMesajiIceriyorMu' successfully

2021-11-18 11:44:00 - [MESSAGE][INFO] - Checking called Test Case

2021-11-18 11:44:00 - [MESSAGE][INFO] - Starting to call Test Case 'Test Cases/Popup/PopupaEmailEklenir'

2021-11-18 11:44:00 - [TEST_CASE][PASSED] - Test Cases/Popup/PopupaEmailEklenir: Test Cases/Popup/PopupaEmailEklenir

2021-11-18 11:44:00 - [TEST_STEP][PASSED] - clearText(findTestObject("Popup/EmailText")): Text of object 'Object Repository/Popup/EmailText' is cleared

2021-11-18 11:44:00 - [MESSAGE][INFO] - Finding Test Object 'Object Repository/Popup/EmailText'

2021-11-18 11:44:00 - [MESSAGE][INFO] - Checking object

2021-11-18 11:44:00 - [MESSAGE][INFO] - Finding web element from Test Object's properties

2021-11-18 11:44:00 - [MESSAGE][INFO] - Checking timeout

2021-11-18 11:44:00 - [MESSAGE][INFO] - Finding web element with id: 'Object Repository/Popup/EmailText' located by 'By.xpath: //*[@id="eMails"]' in '30' second(s)

2021-11-18 11:44:00 - [MESSAGE][INFO] - Smart Wait Function is triggered

2021-11-18 11:44:00 - [MESSAGE][INFO] - Found 1 web elements with id: 'Object Repository/Popup/EmailText' located by 'By.xpath: //*[@id="eMails"]' in '30' second(s)

2021-11-18 11:44:00 - [MESSAGE][INFO] - Clearing text of object 'Object Repository/Popup/EmailText'

2021-11-18 11:44:00 - [MESSAGE][PASSED] - Text of object 'Object Repository/Popup/EmailText' is cleared

2021-11-18 11:44:00 - [TEST_STEP][PASSED] - sendKeys(findTestObject("Popup/EmailText"), Email): Keys 'elogotest@gmail.com;ali.kara@logo.com.tr' sent to object: 'Object Repository/Popup/EmailText'

2021-11-18 11:44:00 - [MESSAGE][INFO] - Finding Test Object 'Object Repository/Popup/EmailText'

2021-11-18 11:44:00 - [MESSAGE][INFO] - Sending keys 'elogotest@gmail.com;ali.kara@logo.com.tr' to object: 'Object Repository/Popup/EmailText'

2021-11-18 11:44:00 - [MESSAGE][INFO] - Finding web element from Test Object's properties

2021-11-18 11:44:00 - [MESSAGE][INFO] - Checking timeout

2021-11-18 11:44:00 - [MESSAGE][INFO] - Finding web element with id: 'Object Repository/Popup/EmailText' located by 'By.xpath: //*[@id="eMails"]' in '30' second(s)

2021-11-18 11:44:00 - [MESSAGE][INFO] - Smart Wait Function is triggered

2021-11-18 11:44:01 - [MESSAGE][INFO] - Found 1 web elements with id: 'Object Repository/Popup/EmailText' located by 'By.xpath: //*[@id="eMails"]' in '30' second(s)

2021-11-18 11:44:01 - [MESSAGE][PASSED] - Keys 'elogotest@gmail.com;ali.kara@logo.com.tr' sent to object: 'Object Repository/Popup/EmailText'

2021-11-18 11:44:01 - [MESSAGE][PASSED] - Call Test Case 'Test Cases/Popup/PopupaEmailEklenir' successfully

2021-11-18 11:44:01 - [MESSAGE][INFO] - Checking called Test Case

2021-11-18 11:44:01 - [MESSAGE][INFO] - Starting to call Test Case 'Test Cases/Popup/PopupButonSecilir'

2021-11-18 11:44:01 - [TEST_CASE][PASSED] - Test Cases/Popup/PopupButonSecilir: Test Cases/Popup/PopupButonSecilir

2021-11-18 11:44:01 - [TEST_STEP][PASSED] - Method.TextDegerineEsitElementeTikla(findTestObject("Popup/Popup_Butons"), Buton): Method.TextDegerineEsitElementeTikla is PASSED

2021-11-18 11:44:01 - [MESSAGE][INFO] - Finding Test Object 'Object Repository/Popup/Popup_Butons'

2021-11-18 11:44:01 - [MESSAGE][INFO] - Checking timeout

2021-11-18 11:44:01 - [MESSAGE][INFO] - Finding web element with id: 'Object Repository/Popup/Popup_Butons' located by 'By.cssSelector: .modal-footer>button' in '10' second(s)

2021-11-18 11:44:01 - [MESSAGE][INFO] - Smart Wait Function is triggered

2021-11-18 11:44:01 - [MESSAGE][INFO] - Found 2 web elements with id: 'Object Repository/Popup/Popup_Butons' located by 'By.cssSelector: .modal-footer>button' in '10' second(s)

2021-11-18 11:44:01 - [MESSAGE][PASSED] - Method.TextDegerineEsitElementeTikla is PASSED

2021-11-18 11:44:01 - [MESSAGE][PASSED] - Call Test Case 'Test Cases/Popup/PopupButonSecilir' successfully

2021-11-18 11:44:01 - [MESSAGE][INFO] - Checking called Test Case

2021-11-18 11:44:01 - [MESSAGE][INFO] - Starting to call Test Case 'Test Cases/Popup/PopupMesajiIceriyorMu'

2021-11-18 11:44:01 - [TEST_CASE][PASSED] - Test Cases/Popup/PopupMesajiIceriyorMu: Test Cases/Popup/PopupMesajiIceriyorMu

2021-11-18 11:44:01 - [TEST_STEP][PASSED] - waitForElementVisible(findTestObject("Popup/Popup"), 10): Object 'Object Repository/Popup/Popup' is visible

2021-11-18 11:44:01 - [MESSAGE][INFO] - Finding Test Object 'Object Repository/Popup/Popup'

2021-11-18 11:44:01 - [MESSAGE][INFO] - Checking object

2021-11-18 11:44:01 - [MESSAGE][INFO] - Checking timeout

2021-11-18 11:44:01 - [MESSAGE][INFO] - Finding web element from Test Object's properties

2021-11-18 11:44:01 - [MESSAGE][INFO] - Checking timeout

2021-11-18 11:44:01 - [MESSAGE][INFO] - Finding web element with id: 'Object Repository/Popup/Popup' located by 'By.cssSelector: .bootbox-body' in '10' second(s)

2021-11-18 11:44:01 - [MESSAGE][INFO] - Smart Wait Function is triggered

2021-11-18 11:44:03 - [MESSAGE][INFO] - Found 1 web elements with id: 'Object Repository/Popup/Popup' located by 'By.cssSelector: .bootbox-body' in '10' second(s)

2021-11-18 11:44:03 - [MESSAGE][PASSED] - Object 'Object Repository/Popup/Popup' is visible

2021-11-18 11:44:03 - [TEST_STEP][PASSED] - if (!(getText(findTestObject("Popup/Popup")).contains(Mesaj))): Text of object 'Object Repository/Popup/Popup' is: '17395 no’lu talebiniz işleme alınmıştır. Raporunuz hazırlandığında (elogotest@gmail.com;ali.kara@logo.com.tr) adresinize mail gönderilecektir.
Rapor durumunuzu Raporlar > Toplu Veri İndirme ekranından takip edebilir, hazırlandı durumundaki raporlarınızı ilgili menüden indirebilirsiniz.'

2021-11-18 11:44:03 - [MESSAGE][INFO] - Finding Test Object 'Object Repository/Popup/Popup'

2021-11-18 11:44:03 - [MESSAGE][INFO] - Checking object

2021-11-18 11:44:03 - [MESSAGE][INFO] - Finding web element from Test Object's properties

2021-11-18 11:44:03 - [MESSAGE][INFO] - Checking timeout

2021-11-18 11:44:03 - [MESSAGE][INFO] - Finding web element with id: 'Object Repository/Popup/Popup' located by 'By.cssSelector: .bootbox-body' in '30' second(s)

2021-11-18 11:44:03 - [MESSAGE][INFO] - Smart Wait Function is triggered

2021-11-18 11:44:03 - [MESSAGE][INFO] - Found 1 web elements with id: 'Object Repository/Popup/Popup' located by 'By.cssSelector: .bootbox-body' in '30' second(s)

2021-11-18 11:44:03 - [MESSAGE][INFO] - Getting text of object 'Object Repository/Popup/Popup'

2021-11-18 11:44:03 - [MESSAGE][PASSED] - Text of object 'Object Repository/Popup/Popup' is: '17395 no’lu talebiniz işleme alınmıştır. Raporunuz hazırlandığında (elogotest@gmail.com;ali.kara@logo.com.tr) adresinize mail gönderilecektir.
Rapor durumunuzu Raporlar > Toplu Veri İndirme ekranından takip edebilir, hazırlandı durumundaki raporlarınızı ilgili menüden indirebilirsiniz.'

2021-11-18 11:44:03 - [TEST_STEP][PASSED] - RaporNo = getText(findTestObject("Popup/Popup")).substring(0, 6): Text of object 'Object Repository/Popup/Popup' is: '17395 no’lu talebiniz işleme alınmıştır. Raporunuz hazırlandığında (elogotest@gmail.com;ali.kara@logo.com.tr) adresinize mail gönderilecektir.
Rapor durumunuzu Raporlar > Toplu Veri İndirme ekranından takip edebilir, hazırlandı durumundaki raporlarınızı ilgili menüden indirebilirsiniz.'

2021-11-18 11:44:03 - [MESSAGE][INFO] - Finding Test Object 'Object Repository/Popup/Popup'

2021-11-18 11:44:03 - [MESSAGE][INFO] - Checking object

2021-11-18 11:44:03 - [MESSAGE][INFO] - Finding web element from Test Object's properties

2021-11-18 11:44:03 - [MESSAGE][INFO] - Checking timeout

2021-11-18 11:44:03 - [MESSAGE][INFO] - Finding web element with id: 'Object Repository/Popup/Popup' located by 'By.cssSelector: .bootbox-body' in '30' second(s)

2021-11-18 11:44:03 - [MESSAGE][INFO] - Smart Wait Function is triggered

2021-11-18 11:44:04 - [MESSAGE][INFO] - Found 1 web elements with id: 'Object Repository/Popup/Popup' located by 'By.cssSelector: .bootbox-body' in '30' second(s)

2021-11-18 11:44:04 - [MESSAGE][INFO] - Getting text of object 'Object Repository/Popup/Popup'

2021-11-18 11:44:04 - [MESSAGE][PASSED] - Text of object 'Object Repository/Popup/Popup' is: '17395 no’lu talebiniz işleme alınmıştır. Raporunuz hazırlandığında (elogotest@gmail.com;ali.kara@logo.com.tr) adresinize mail gönderilecektir.
Rapor durumunuzu Raporlar > Toplu Veri İndirme ekranından takip edebilir, hazırlandı durumundaki raporlarınızı ilgili menüden indirebilirsiniz.'

2021-11-18 11:44:04 - [TEST_STEP][PASSED] - Console.println(RaporNo): null

2021-11-18 11:44:04 - [MESSAGE][PASSED] - Call Test Case 'Test Cases/Popup/PopupMesajiIceriyorMu' successfully

2021-11-18 11:44:04 - [MESSAGE][INFO] - Checking called Test Case

2021-11-18 11:44:04 - [MESSAGE][INFO] - Starting to call Test Case 'Test Cases/Popup/PopupButonSecilir'

2021-11-18 11:44:04 - [TEST_CASE][PASSED] - Test Cases/Popup/PopupButonSecilir: Test Cases/Popup/PopupButonSecilir

2021-11-18 11:44:04 - [TEST_STEP][PASSED] - Method.TextDegerineEsitElementeTikla(findTestObject("Popup/Popup_Butons"), Buton): Method.TextDegerineEsitElementeTikla is PASSED

2021-11-18 11:44:04 - [MESSAGE][INFO] - Finding Test Object 'Object Repository/Popup/Popup_Butons'

2021-11-18 11:44:04 - [MESSAGE][INFO] - Checking timeout

2021-11-18 11:44:04 - [MESSAGE][INFO] - Finding web element with id: 'Object Repository/Popup/Popup_Butons' located by 'By.cssSelector: .modal-footer>button' in '10' second(s)

2021-11-18 11:44:04 - [MESSAGE][INFO] - Smart Wait Function is triggered

2021-11-18 11:44:04 - [MESSAGE][INFO] - Found 1 web elements with id: 'Object Repository/Popup/Popup_Butons' located by 'By.cssSelector: .modal-footer>button' in '10' second(s)

2021-11-18 11:44:04 - [MESSAGE][PASSED] - Method.TextDegerineEsitElementeTikla is PASSED

2021-11-18 11:44:04 - [MESSAGE][PASSED] - Call Test Case 'Test Cases/Popup/PopupButonSecilir' successfully

2021-11-18 11:44:04 - [MESSAGE][INFO] - Checking called Test Case

2021-11-18 11:44:04 - [MESSAGE][INFO] - Starting to call Test Case 'Test Cases/Menu/AnaMenuSecimi'

2021-11-18 11:44:04 - [TEST_CASE][PASSED] - Test Cases/Menu/AnaMenuSecimi: Test Cases/Menu/AnaMenuSecimi

2021-11-18 11:44:04 - [TEST_STEP][PASSED] - Method.TextDegerineEsitElementeTikla(findTestObject("Menu/Ana_Menu"), Ana_Menu): Method.TextDegerineEsitElementeTikla is PASSED

2021-11-18 11:44:04 - [MESSAGE][INFO] - Finding Test Object 'Object Repository/Menu/Ana_Menu'

2021-11-18 11:44:04 - [MESSAGE][INFO] - Checking timeout

2021-11-18 11:44:04 - [MESSAGE][INFO] - Finding web element with id: 'Object Repository/Menu/Ana_Menu' located by 'By.xpath: //*[@class = 'dropdown-toggle']' in '10' second(s)

2021-11-18 11:44:04 - [MESSAGE][INFO] - Smart Wait Function is triggered

2021-11-18 11:44:05 - [MESSAGE][INFO] - Found 14 web elements with id: 'Object Repository/Menu/Ana_Menu' located by 'By.xpath: //*[@class = 'dropdown-toggle']' in '10' second(s)

2021-11-18 11:44:05 - [MESSAGE][PASSED] - Method.TextDegerineEsitElementeTikla is PASSED

2021-11-18 11:44:05 - [MESSAGE][PASSED] - Call Test Case 'Test Cases/Menu/AnaMenuSecimi' successfully

2021-11-18 11:44:05 - [MESSAGE][INFO] - Checking called Test Case

2021-11-18 11:44:05 - [MESSAGE][INFO] - Starting to call Test Case 'Test Cases/Menu/AltMenuSecimi'

2021-11-18 11:44:05 - [TEST_CASE][PASSED] - Test Cases/Menu/AltMenuSecimi: Test Cases/Menu/AltMenuSecimi

2021-11-18 11:44:05 - [TEST_STEP][PASSED] - Method.TextDegerineEsitElementeTikla(findTestObject("Menu/Alt_Menu"), Alt_Menu): Method.TextDegerineEsitElementeTikla is PASSED

2021-11-18 11:44:05 - [MESSAGE][INFO] - Finding Test Object 'Object Repository/Menu/Alt_Menu'

2021-11-18 11:44:05 - [MESSAGE][INFO] - Checking timeout

2021-11-18 11:44:05 - [MESSAGE][INFO] - Finding web element with id: 'Object Repository/Menu/Alt_Menu' located by 'By.xpath: //li[@class='dropdown dropdown-large open']//li[@class='dropdown-element']' in '10' second(s)

2021-11-18 11:44:05 - [MESSAGE][INFO] - Smart Wait Function is triggered

2021-11-18 11:44:06 - [MESSAGE][INFO] - Found 9 web elements with id: 'Object Repository/Menu/Alt_Menu' located by 'By.xpath: //li[@class='dropdown dropdown-large open']//li[@class='dropdown-element']' in '10' second(s)

2021-11-18 11:44:07 - [MESSAGE][PASSED] - Method.TextDegerineEsitElementeTikla is PASSED

2021-11-18 11:44:07 - [MESSAGE][PASSED] - Call Test Case 'Test Cases/Menu/AltMenuSecimi' successfully

2021-11-18 11:44:07 - [MESSAGE][INFO] - Checking called Test Case

2021-11-18 11:44:07 - [MESSAGE][INFO] - Starting to call Test Case 'Test Cases/Filtreler/RaporNoYaz'

2021-11-18 11:44:07 - [TEST_CASE][PASSED] - Test Cases/Filtreler/RaporNoYaz: Test Cases/Filtreler/RaporNoYaz

2021-11-18 11:44:07 - [TEST_STEP][PASSED] - Method.TextDegerineEsitElementinAltindakiTextboxtaYaz(findTestObject("Filtreler/Basliklar"), findTestObject("Filtreler/Basliga_Gore_Textbox"), "Talep No", RaporNo): Method.TextDegerineEsitElementinAltindakiTextboxtaYaz is PASSED

2021-11-18 11:44:07 - [MESSAGE][INFO] - Finding Test Object 'Object Repository/Filtreler/Basliklar'

2021-11-18 11:44:07 - [MESSAGE][INFO] - Finding Test Object 'Object Repository/Filtreler/Basliga_Gore_Textbox'

2021-11-18 11:44:07 - [MESSAGE][INFO] - Checking timeout

2021-11-18 11:44:07 - [MESSAGE][INFO] - Finding web element with id: 'Object Repository/Filtreler/Basliklar' located by 'By.cssSelector: .control-label.col-sm-4.paddingMarginRLC' in '10' second(s)

2021-11-18 11:44:07 - [MESSAGE][INFO] - Smart Wait Function is triggered

2021-11-18 11:44:07 - [MESSAGE][INFO] - Found 8 web elements with id: 'Object Repository/Filtreler/Basliklar' located by 'By.cssSelector: .control-label.col-sm-4.paddingMarginRLC' in '10' second(s)

2021-11-18 11:44:07 - [MESSAGE][INFO] - Smart Wait Function is triggered

2021-11-18 11:44:08 - [MESSAGE][PASSED] - Method.TextDegerineEsitElementinAltindakiTextboxtaYaz is PASSED

2021-11-18 11:44:08 - [MESSAGE][PASSED] - Call Test Case 'Test Cases/Filtreler/RaporNoYaz' successfully

2021-11-18 11:44:08 - [MESSAGE][INFO] - Checking called Test Case

2021-11-18 11:44:08 - [MESSAGE][INFO] - Starting to call Test Case 'Test Cases/Filtreler/ButonaTikla'

2021-11-18 11:44:08 - [TEST_CASE][PASSED] - Test Cases/Filtreler/ButonaTikla: Test Cases/Filtreler/ButonaTikla

2021-11-18 11:44:08 - [TEST_STEP][PASSED] - Method.TextDegerineEsitElementeTikla(findTestObject("Filtreler/Butonlar"), Filtre_Buton): Method.TextDegerineEsitElementeTikla is PASSED

2021-11-18 11:44:08 - [MESSAGE][INFO] - Finding Test Object 'Object Repository/Filtreler/Butonlar'

2021-11-18 11:44:08 - [MESSAGE][INFO] - Checking timeout

2021-11-18 11:44:08 - [MESSAGE][INFO] - Finding web element with id: 'Object Repository/Filtreler/Butonlar' located by 'By.cssSelector: .dxb>span' in '10' second(s)

2021-11-18 11:44:08 - [MESSAGE][INFO] - Smart Wait Function is triggered

2021-11-18 11:44:08 - [MESSAGE][INFO] - Found 2 web elements with id: 'Object Repository/Filtreler/Butonlar' located by 'By.cssSelector: .dxb>span' in '10' second(s)

2021-11-18 11:44:08 - [MESSAGE][PASSED] - Method.TextDegerineEsitElementeTikla is PASSED

2021-11-18 11:44:08 - [MESSAGE][PASSED] - Call Test Case 'Test Cases/Filtreler/ButonaTikla' successfully

2021-11-18 11:44:08 - [MESSAGE][INFO] - Checking called Test Case

2021-11-18 11:44:08 - [MESSAGE][INFO] - Starting to call Test Case 'Test Cases/Tablo/TablodaVeriVarMi'

2021-11-18 11:44:08 - [TEST_CASE][PASSED] - Test Cases/Tablo/TablodaVeriVarMi: Test Cases/Tablo/TablodaVeriVarMi

2021-11-18 11:44:08 - [TEST_STEP][PASSED] - verifyTextNotPresent("Görüntülenecek veri yok", true): Text 'Görüntülenecek veri yok' is not present on page using regular expression

2021-11-18 11:44:08 - [MESSAGE][INFO] - Checking text present  using regular expression

2021-11-18 11:44:08 - [MESSAGE][INFO] - Smart Wait Function is triggered

2021-11-18 11:44:09 - [MESSAGE][INFO] - Finding text 'Görüntülenecek veri yok' on page  using regular expression

2021-11-18 11:44:09 - [MESSAGE][PASSED] - Text 'Görüntülenecek veri yok' is not present on page using regular expression

2021-11-18 11:44:09 - [MESSAGE][PASSED] - Call Test Case 'Test Cases/Tablo/TablodaVeriVarMi' successfully

2021-11-18 11:44:09 - [MESSAGE][INFO] - Checking called Test Case

2021-11-18 11:44:09 - [MESSAGE][INFO] - Starting to call Test Case 'Test Cases/Kullanici_Islemleri/KullaniciIslemlerindenSecimYapilir'

2021-11-18 11:44:09 - [TEST_CASE][PASSED] - Test Cases/Kullanici_Islemleri/KullaniciIslemlerindenSecimYapilir: Test Cases/Kullanici_Islemleri/KullaniciIslemlerindenSecimYapilir

2021-11-18 11:44:09 - [TEST_STEP][PASSED] - waitForElementClickable(findTestObject("Object Repository/Kullanici_Islemleri/KullaniciIslemleri"), 10): Object 'Object Repository/Kullanici_Islemleri/KullaniciIslemleri' is clickable

2021-11-18 11:44:09 - [MESSAGE][INFO] - Finding Test Object 'Object Repository/Kullanici_Islemleri/KullaniciIslemleri'

2021-11-18 11:44:09 - [MESSAGE][INFO] - Checking object

2021-11-18 11:44:09 - [MESSAGE][INFO] - Checking timeout

2021-11-18 11:44:09 - [MESSAGE][INFO] - Finding web element from Test Object's properties

2021-11-18 11:44:09 - [MESSAGE][INFO] - Checking timeout

2021-11-18 11:44:09 - [MESSAGE][INFO] - Finding web element with id: 'Object Repository/Kullanici_Islemleri/KullaniciIslemleri' located by 'By.cssSelector: .dropdown>a>img' in '10' second(s)

2021-11-18 11:44:09 - [MESSAGE][INFO] - Smart Wait Function is triggered

2021-11-18 11:44:09 - [MESSAGE][INFO] - Found 1 web elements with id: 'Object Repository/Kullanici_Islemleri/KullaniciIslemleri' located by 'By.cssSelector: .dropdown>a>img' in '10' second(s)

2021-11-18 11:44:09 - [MESSAGE][PASSED] - Object 'Object Repository/Kullanici_Islemleri/KullaniciIslemleri' is clickable

2021-11-18 11:44:09 - [TEST_STEP][PASSED] - click(findTestObject("Object Repository/Kullanici_Islemleri/KullaniciIslemleri")): Object: 'Object Repository/Kullanici_Islemleri/KullaniciIslemleri' is clicked on

2021-11-18 11:44:09 - [MESSAGE][INFO] - Finding Test Object 'Object Repository/Kullanici_Islemleri/KullaniciIslemleri'

2021-11-18 11:44:09 - [MESSAGE][INFO] - Checking object

2021-11-18 11:44:09 - [MESSAGE][INFO] - Finding web element from Test Object's properties

2021-11-18 11:44:09 - [MESSAGE][INFO] - Checking timeout

2021-11-18 11:44:09 - [MESSAGE][INFO] - Finding web element with id: 'Object Repository/Kullanici_Islemleri/KullaniciIslemleri' located by 'By.cssSelector: .dropdown>a>img' in '30' second(s)

2021-11-18 11:44:09 - [MESSAGE][INFO] - Smart Wait Function is triggered

2021-11-18 11:44:09 - [MESSAGE][INFO] - Found 1 web elements with id: 'Object Repository/Kullanici_Islemleri/KullaniciIslemleri' located by 'By.cssSelector: .dropdown>a>img' in '30' second(s)

2021-11-18 11:44:09 - [MESSAGE][INFO] - Clicking on object: 'Object Repository/Kullanici_Islemleri/KullaniciIslemleri'

2021-11-18 11:44:10 - [MESSAGE][PASSED] - Object: 'Object Repository/Kullanici_Islemleri/KullaniciIslemleri' is clicked on

2021-11-18 11:44:10 - [TEST_STEP][PASSED] - Method.TextDegerineEsitElementeTikla(findTestObject("Object Repository/Kullanici_Islemleri/Secenekler"), Islem): Method.TextDegerineEsitElementeTikla is PASSED

2021-11-18 11:44:10 - [MESSAGE][INFO] - Finding Test Object 'Object Repository/Kullanici_Islemleri/Secenekler'

2021-11-18 11:44:10 - [MESSAGE][INFO] - Checking timeout

2021-11-18 11:44:10 - [MESSAGE][INFO] - Finding web element with id: 'Object Repository/Kullanici_Islemleri/Secenekler' located by 'By.cssSelector: .nav.navbar-nav.navbar-right li a' in '10' second(s)

2021-11-18 11:44:10 - [MESSAGE][INFO] - Smart Wait Function is triggered

2021-11-18 11:44:10 - [MESSAGE][INFO] - Found 22 web elements with id: 'Object Repository/Kullanici_Islemleri/Secenekler' located by 'By.cssSelector: .nav.navbar-nav.navbar-right li a' in '10' second(s)

2021-11-18 11:44:11 - [MESSAGE][PASSED] - Method.TextDegerineEsitElementeTikla is PASSED

2021-11-18 11:44:11 - [TEST_STEP][PASSED] - verifyElementNotPresent(findTestObject("Object Repository/Kullanici_Islemleri/Secenekler"), 10): Web element with id: 'Object Repository/Kullanici_Islemleri/Secenekler' located by 'By.cssSelector: .nav.navbar-nav.navbar-right li a' is not present after '10' second(s)

2021-11-18 11:44:11 - [MESSAGE][INFO] - Finding Test Object 'Object Repository/Kullanici_Islemleri/Secenekler'

2021-11-18 11:44:11 - [MESSAGE][INFO] - Checking object

2021-11-18 11:44:11 - [MESSAGE][INFO] - Checking timeout

2021-11-18 11:44:11 - [MESSAGE][INFO] - Finding web element with id: 'Object Repository/Kullanici_Islemleri/Secenekler' located by 'By.cssSelector: .nav.navbar-nav.navbar-right li a' in '10' second(s)

2021-11-18 11:44:11 - [MESSAGE][INFO] - Smart Wait Function is triggered

2021-11-18 11:44:12 - [MESSAGE][PASSED] - Web element with id: 'Object Repository/Kullanici_Islemleri/Secenekler' located by 'By.cssSelector: .nav.navbar-nav.navbar-right li a' is not present after '10' second(s)

2021-11-18 11:44:12 - [MESSAGE][PASSED] - Call Test Case 'Test Cases/Kullanici_Islemleri/KullaniciIslemlerindenSecimYapilir' successfully

2021-11-18 11:44:12 - [TEST_CASE][PASSED] - Start Test Case : SCENARIO e-Irsaliye Gelen Kutusu Toplu Indirme - PDF Secilenlerin indirilmesi: SCENARIO e-Irsaliye Gelen Kutusu Toplu Indirme - PDF Secilenlerin indirilmesi

2021-11-18 11:44:12 - [TEST_STEP][PASSED] - Kullanıcı adı ELOGO6 ve Şifre 123456 olarak giriş yapılır: Kullanıcı adı ELOGO6 ve Şifre 123456 olarak giriş yapılır

2021-11-18 11:44:12 - [MESSAGE][PASSED] - Kullanıcı adı ELOGO6 ve Şifre 123456 olarak giriş yapılır

2021-11-18 11:44:12 - [TEST_STEP][PASSED] - Ana menüden e-İrsaliye seçilir: Ana menüden e-İrsaliye seçilir

2021-11-18 11:44:12 - [MESSAGE][PASSED] - Ana menüden e-İrsaliye seçilir

2021-11-18 11:44:12 - [TEST_STEP][PASSED] - Alt menü Gelen Kutusu başlığı altındaki İrsaliyeler seçilir: Alt menü Gelen Kutusu başlığı altındaki İrsaliyeler seçilir

2021-11-18 11:44:12 - [MESSAGE][PASSED] - Alt menü Gelen Kutusu başlığı altındaki İrsaliyeler seçilir

2021-11-18 11:44:12 - [TEST_STEP][PASSED] - Filtrelerden Oluşturma Tarihi filtresine 01.12.2020 baslangic degerini yaz: Filtrelerden Oluşturma Tarihi filtresine 01.12.2020 baslangic degerini yaz

2021-11-18 11:44:12 - [MESSAGE][PASSED] - Filtrelerden Oluşturma Tarihi filtresine 01.12.2020 baslangic degerini yaz

2021-11-18 11:44:12 - [TEST_STEP][PASSED] - Filtrelerden Oluşturma Tarihi filtresine 31.12.2020 bitis degerini yaz: Filtrelerden Oluşturma Tarihi filtresine 31.12.2020 bitis degerini yaz

2021-11-18 11:44:12 - [MESSAGE][PASSED] - Filtrelerden Oluşturma Tarihi filtresine 31.12.2020 bitis degerini yaz

2021-11-18 11:44:12 - [TEST_STEP][PASSED] - Filtrelerden Gönderici Ünvanı filtresine Logo Elektronik GIB Test textini yaz: Filtrelerden Gönderici Ünvanı filtresine Logo Elektronik GIB Test textini yaz

2021-11-18 11:44:12 - [MESSAGE][PASSED] - Filtrelerden Gönderici Ünvanı filtresine Logo Elektronik GIB Test textini yaz

2021-11-18 11:44:12 - [TEST_STEP][PASSED] - Filtre butonlarından Listele seçilir: Filtre butonlarından Listele seçilir

2021-11-18 11:44:12 - [MESSAGE][PASSED] - Filtre butonlarından Listele seçilir

2021-11-18 11:44:12 - [TEST_STEP][PASSED] - Tabloda veri var mı kontrol edilir: Tabloda veri var mı kontrol edilir

2021-11-18 11:44:12 - [MESSAGE][PASSED] - Tabloda veri var mı kontrol edilir

2021-11-18 11:44:12 - [TEST_STEP][PASSED] - Tablodan Logo Elektronik GIB Test isimli veri seçilir: Tablodan Logo Elektronik GIB Test isimli veri seçilir

2021-11-18 11:44:12 - [MESSAGE][PASSED] - Tablodan Logo Elektronik GIB Test isimli veri seçilir

2021-11-18 11:44:12 - [TEST_STEP][PASSED] - Butonlardan Toplu İndirme isimli butona tıklanır: Butonlardan Toplu İndirme isimli butona tıklanır

2021-11-18 11:44:12 - [MESSAGE][PASSED] - Butonlardan Toplu İndirme isimli butona tıklanır

2021-11-18 11:44:12 - [TEST_STEP][PASSED] - Alt butonlardan PDF Seçilenleri İndir butonuna tıklanır: Alt butonlardan PDF Seçilenleri İndir butonuna tıklanır

2021-11-18 11:44:12 - [MESSAGE][PASSED] - Alt butonlardan PDF Seçilenleri İndir butonuna tıklanır

2021-11-18 11:44:12 - [TEST_STEP][PASSED] - Popup mesajı Lütfen rapor bildiriminin gönderileceği e-posta adresini belirtiniz. içeriyor mu: Popup mesajı Lütfen rapor bildiriminin gönderileceği e-posta adresini belirtiniz. içeriyor mu

2021-11-18 11:44:12 - [MESSAGE][PASSED] - Popup mesajı Lütfen rapor bildiriminin gönderileceği e-posta adresini belirtiniz. içeriyor mu

2021-11-18 11:44:12 - [TEST_STEP][PASSED] - Popup email elogotest@gmail.com;ali.kara@logo.com.tr olarak girilir: Popup email elogotest@gmail.com;ali.kara@logo.com.tr olarak girilir

2021-11-18 11:44:12 - [MESSAGE][PASSED] - Popup email elogotest@gmail.com;ali.kara@logo.com.tr olarak girilir

2021-11-18 11:44:12 - [TEST_STEP][PASSED] - Yönetim popupında Gönder seçilir: Yönetim popupında Gönder seçilir

2021-11-18 11:44:12 - [MESSAGE][PASSED] - Yönetim popupında Gönder seçilir

2021-11-18 11:44:12 - [TEST_STEP][PASSED] - Popup mesajı talebiniz işleme alınmıştır içeriyor mu: Popup mesajı talebiniz işleme alınmıştır içeriyor mu

2021-11-18 11:44:12 - [MESSAGE][PASSED] - Popup mesajı talebiniz işleme alınmıştır içeriyor mu

2021-11-18 11:44:12 - [TEST_STEP][PASSED] - Yönetim popupında Tamam seçilir: Yönetim popupında Tamam seçilir

2021-11-18 11:44:12 - [MESSAGE][PASSED] - Yönetim popupında Tamam seçilir

2021-11-18 11:44:12 - [TEST_STEP][PASSED] - Butonlardan Toplu İndirme isimli butona tıklanır: Butonlardan Toplu İndirme isimli butona tıklanır

2021-11-18 11:44:12 - [MESSAGE][PASSED] - Butonlardan Toplu İndirme isimli butona tıklanır

2021-11-18 11:44:12 - [TEST_STEP][PASSED] - Alt butonlardan PDF Tümünü İndir butonuna tıklanır: Alt butonlardan PDF Tümünü İndir butonuna tıklanır

2021-11-18 11:44:12 - [MESSAGE][PASSED] - Alt butonlardan PDF Tümünü İndir butonuna tıklanır

2021-11-18 11:44:12 - [TEST_STEP][PASSED] - Popup mesajı Lütfen rapor bildiriminin gönderileceği e-posta adresini belirtiniz. içeriyor mu: Popup mesajı Lütfen rapor bildiriminin gönderileceği e-posta adresini belirtiniz. içeriyor mu

2021-11-18 11:44:12 - [MESSAGE][PASSED] - Popup mesajı Lütfen rapor bildiriminin gönderileceği e-posta adresini belirtiniz. içeriyor mu

2021-11-18 11:44:12 - [TEST_STEP][PASSED] - Popup email elogotest@gmail.com;ali.kara@logo.com.tr olarak girilir: Popup email elogotest@gmail.com;ali.kara@logo.com.tr olarak girilir

2021-11-18 11:44:12 - [MESSAGE][PASSED] - Popup email elogotest@gmail.com;ali.kara@logo.com.tr olarak girilir

2021-11-18 11:44:12 - [TEST_STEP][PASSED] - Yönetim popupında Gönder seçilir: Yönetim popupında Gönder seçilir

2021-11-18 11:44:12 - [MESSAGE][PASSED] - Yönetim popupında Gönder seçilir

2021-11-18 11:44:12 - [TEST_STEP][PASSED] - Popup mesajı talebiniz işleme alınmıştır içeriyor mu: Popup mesajı talebiniz işleme alınmıştır içeriyor mu

2021-11-18 11:44:12 - [MESSAGE][PASSED] - Popup mesajı talebiniz işleme alınmıştır içeriyor mu

2021-11-18 11:44:12 - [TEST_STEP][PASSED] - Yönetim popupında Tamam seçilir: Yönetim popupında Tamam seçilir

2021-11-18 11:44:12 - [MESSAGE][PASSED] - Yönetim popupında Tamam seçilir

2021-11-18 11:44:12 - [TEST_STEP][PASSED] - Butonlardan Toplu İndirme isimli butona tıklanır: Butonlardan Toplu İndirme isimli butona tıklanır

2021-11-18 11:44:12 - [MESSAGE][PASSED] - Butonlardan Toplu İndirme isimli butona tıklanır

2021-11-18 11:44:12 - [TEST_STEP][PASSED] - Alt butonlardan UBL Seçilenleri İndir butonuna tıklanır: Alt butonlardan UBL Seçilenleri İndir butonuna tıklanır

2021-11-18 11:44:12 - [MESSAGE][PASSED] - Alt butonlardan UBL Seçilenleri İndir butonuna tıklanır

2021-11-18 11:44:12 - [TEST_STEP][PASSED] - Popup mesajı Lütfen rapor bildiriminin gönderileceği e-posta adresini belirtiniz. içeriyor mu: Popup mesajı Lütfen rapor bildiriminin gönderileceği e-posta adresini belirtiniz. içeriyor mu

2021-11-18 11:44:12 - [MESSAGE][PASSED] - Popup mesajı Lütfen rapor bildiriminin gönderileceği e-posta adresini belirtiniz. içeriyor mu

2021-11-18 11:44:12 - [TEST_STEP][PASSED] - Popup email elogotest@gmail.com;ali.kara@logo.com.tr olarak girilir: Popup email elogotest@gmail.com;ali.kara@logo.com.tr olarak girilir

2021-11-18 11:44:12 - [MESSAGE][PASSED] - Popup email elogotest@gmail.com;ali.kara@logo.com.tr olarak girilir

2021-11-18 11:44:12 - [TEST_STEP][PASSED] - Yönetim popupında Gönder seçilir: Yönetim popupında Gönder seçilir

2021-11-18 11:44:12 - [MESSAGE][PASSED] - Yönetim popupında Gönder seçilir

2021-11-18 11:44:12 - [TEST_STEP][PASSED] - Popup mesajı talebiniz işleme alınmıştır içeriyor mu: Popup mesajı talebiniz işleme alınmıştır içeriyor mu

2021-11-18 11:44:12 - [MESSAGE][PASSED] - Popup mesajı talebiniz işleme alınmıştır içeriyor mu

2021-11-18 11:44:12 - [TEST_STEP][PASSED] - Yönetim popupında Tamam seçilir: Yönetim popupında Tamam seçilir

2021-11-18 11:44:12 - [MESSAGE][PASSED] - Yönetim popupında Tamam seçilir

2021-11-18 11:44:12 - [TEST_STEP][PASSED] - Butonlardan Toplu İndirme isimli butona tıklanır: Butonlardan Toplu İndirme isimli butona tıklanır

2021-11-18 11:44:12 - [MESSAGE][PASSED] - Butonlardan Toplu İndirme isimli butona tıklanır

2021-11-18 11:44:12 - [TEST_STEP][PASSED] - Alt butonlardan UBL Tümünü İndir butonuna tıklanır: Alt butonlardan UBL Tümünü İndir butonuna tıklanır

2021-11-18 11:44:12 - [MESSAGE][PASSED] - Alt butonlardan UBL Tümünü İndir butonuna tıklanır

2021-11-18 11:44:12 - [TEST_STEP][PASSED] - Popup mesajı Lütfen rapor bildiriminin gönderileceği e-posta adresini belirtiniz. içeriyor mu: Popup mesajı Lütfen rapor bildiriminin gönderileceği e-posta adresini belirtiniz. içeriyor mu

2021-11-18 11:44:12 - [MESSAGE][PASSED] - Popup mesajı Lütfen rapor bildiriminin gönderileceği e-posta adresini belirtiniz. içeriyor mu

2021-11-18 11:44:12 - [TEST_STEP][PASSED] - Popup email elogotest@gmail.com;ali.kara@logo.com.tr olarak girilir: Popup email elogotest@gmail.com;ali.kara@logo.com.tr olarak girilir

2021-11-18 11:44:12 - [MESSAGE][PASSED] - Popup email elogotest@gmail.com;ali.kara@logo.com.tr olarak girilir

2021-11-18 11:44:12 - [TEST_STEP][PASSED] - Yönetim popupında Gönder seçilir: Yönetim popupında Gönder seçilir

2021-11-18 11:44:12 - [MESSAGE][PASSED] - Yönetim popupında Gönder seçilir

2021-11-18 11:44:12 - [TEST_STEP][PASSED] - Popup mesajı talebiniz işleme alınmıştır içeriyor mu: Popup mesajı talebiniz işleme alınmıştır içeriyor mu

2021-11-18 11:44:12 - [MESSAGE][PASSED] - Popup mesajı talebiniz işleme alınmıştır içeriyor mu

2021-11-18 11:44:12 - [TEST_STEP][PASSED] - Yönetim popupında Tamam seçilir: Yönetim popupında Tamam seçilir

2021-11-18 11:44:12 - [MESSAGE][PASSED] - Yönetim popupında Tamam seçilir

2021-11-18 11:44:12 - [TEST_STEP][PASSED] - Ana menüden Raporlar seçilir: Ana menüden Raporlar seçilir

2021-11-18 11:44:12 - [MESSAGE][PASSED] - Ana menüden Raporlar seçilir

2021-11-18 11:44:12 - [TEST_STEP][PASSED] - Alt menüden Toplu Veri İndirme seçilir: Alt menüden Toplu Veri İndirme seçilir

2021-11-18 11:44:12 - [MESSAGE][PASSED] - Alt menüden Toplu Veri İndirme seçilir

2021-11-18 11:44:12 - [TEST_STEP][PASSED] - Filtrelerden Talep No filtresine Rapor No bilgisi yaz: Filtrelerden Talep No filtresine Rapor No bilgisi yaz

2021-11-18 11:44:12 - [MESSAGE][PASSED] - Filtrelerden Talep No filtresine Rapor No bilgisi yaz

2021-11-18 11:44:12 - [TEST_STEP][PASSED] - Filtre butonlarından Listele seçilir: Filtre butonlarından Listele seçilir

2021-11-18 11:44:12 - [MESSAGE][PASSED] - Filtre butonlarından Listele seçilir

2021-11-18 11:44:12 - [TEST_STEP][PASSED] - Tabloda veri var mı kontrol edilir: Tabloda veri var mı kontrol edilir

2021-11-18 11:44:12 - [MESSAGE][PASSED] - Tabloda veri var mı kontrol edilir

2021-11-18 11:44:12 - [TEST_STEP][PASSED] - Kullanıcı işlemlerinden Çıkış seçilir: Kullanıcı işlemlerinden Çıkış seçilir

2021-11-18 11:44:12 - [MESSAGE][PASSED] - Kullanıcı işlemlerinden Çıkış seçilir

2021-11-18 11:44:12 - [MESSAGE][PASSED] - Feature file: 'Include/features/e-Irsaliye/Gelen Kutusu/Irsaliyeler/Toplu Indirme.feature' was passed

2021-11-18 11:44:12 - [TEST_STEP][PASSED] - Start listener action : sampleAfterTestSuite: Invoke 'com.kms.katalon.core.annotation.AfterTestCase' method: 'Listener.sampleAfterTestSuite(...)' completed.

2021-11-18 11:44:12 - [MESSAGE][INFO] - Starting invoke 'com.kms.katalon.core.annotation.AfterTestCase' method: 'Listener.sampleAfterTestSuite(...)'

2021-11-18 11:44:12 - [TEST_STEP][PASSED] - closeBrowser(): Invoke 'com.kms.katalon.core.annotation.AfterTestCase' method: 'Listener.sampleAfterTestSuite(...)' completed.

2021-11-18 11:44:12 - [MESSAGE][INFO] - Closing browser

2021-11-18 11:44:12 - [MESSAGE][PASSED] - Browser is closed

2021-11-18 11:44:12 - [MESSAGE][INFO] - Invoke 'com.kms.katalon.core.annotation.AfterTestCase' method: 'Listener.sampleAfterTestSuite(...)' completed.]]></system-out>
         <system-err><![CDATA[]]></system-err>
      </testcase>
      <testcase name="Test Cases/Case Repository/e-Irsaliye/Giden Kutusu/Irsaliye Yanitlari/Excele Aktar" time="52.435" classname="Test Cases/Case Repository/e-Irsaliye/Giden Kutusu/Irsaliye Yanitlari/Excele Aktar" status="PASSED">
         <system-out><![CDATA[2021-11-18 11:44:12 - [TEST_CASE][PASSED] - Test Cases/Case Repository/e-Irsaliye/Giden Kutusu/Irsaliye Yanitlari/Excele Aktar: Test Cases/Case Repository/e-Irsaliye/Giden Kutusu/Irsaliye Yanitlari/Excele Aktar

2021-11-18 11:44:12 - [TEST_STEP][PASSED] - Start listener action : sampleBeforeTestSuite: Invoke 'com.kms.katalon.core.annotation.BeforeTestCase' method: 'Listener.sampleBeforeTestSuite(...)' completed.

2021-11-18 11:44:12 - [MESSAGE][INFO] - Starting invoke 'com.kms.katalon.core.annotation.BeforeTestCase' method: 'Listener.sampleBeforeTestSuite(...)'

2021-11-18 11:44:12 - [TEST_STEP][PASSED] - openBrowser(baseUrl): Browser is opened with url: 'https://efatura-stage.elogo.com.tr/'

2021-11-18 11:44:12 - [MESSAGE][INFO] - Opening browser

2021-11-18 11:44:12 - [MESSAGE][INFO] - Starting 'Chrome' driver

2021-11-18 11:44:12 - [MESSAGE][INFO] - User set preference: ['prefs', '{download.default_directory=C:\otomasyondownfiles}']

2021-11-18 11:44:12 - [MESSAGE][INFO] - Action delay is set to 0 milliseconds

2021-11-18 11:44:14 - [MESSAGE][INFO] - Navigating browser to: 'https://efatura-stage.elogo.com.tr/'

2021-11-18 11:44:17 - [MESSAGE][PASSED] - Browser is opened with url: 'https://efatura-stage.elogo.com.tr/'

2021-11-18 11:44:17 - [TEST_STEP][PASSED] - maximizeWindow(): Invoke 'com.kms.katalon.core.annotation.BeforeTestCase' method: 'Listener.sampleBeforeTestSuite(...)' completed.

2021-11-18 11:44:17 - [MESSAGE][INFO] - Maximizing current window

2021-11-18 11:44:17 - [MESSAGE][PASSED] - Current window maximized

2021-11-18 11:44:17 - [MESSAGE][INFO] - Invoke 'com.kms.katalon.core.annotation.BeforeTestCase' method: 'Listener.sampleBeforeTestSuite(...)' completed.

2021-11-18 11:44:18 - [TEST_STEP][PASSED] - runFeatureFile("Include/features/e-Irsaliye/Giden Kutusu/Irsaliye Yanitlari/Excele Aktar.feature"): Feature file: 'Include/features/e-Irsaliye/Giden Kutusu/Irsaliye Yanitlari/Excele Aktar.feature' was passed

2021-11-18 11:44:18 - [MESSAGE][INFO] - Starting run keyword runFeatureFile: 'Include/features/e-Irsaliye/Giden Kutusu/Irsaliye Yanitlari/Excele Aktar.feature' and extract report to folder: 'C:\Users\DELL\Documents\GitHub\EES_KatalonLogo\Reports\20211118_110909\Suite Repository\ExceleAktarVeTopluIndirme\20211118_110948/cucumber_report/1637225058069'...

2021-11-18 11:44:18 - [MESSAGE][INFO] - Glue: []

2021-11-18 11:44:19 - [MESSAGE][INFO] - Checking called Test Case

2021-11-18 11:44:19 - [MESSAGE][INFO] - Starting to call Test Case 'Test Cases/Sayfalar/Giris_Sayfasi/Login'

2021-11-18 11:44:20 - [TEST_CASE][PASSED] - Test Cases/Sayfalar/Giris_Sayfasi/Login: Test Cases/Sayfalar/Giris_Sayfasi/Login

2021-11-18 11:44:20 - [TEST_STEP][PASSED] - Sayfa_Basligi = getWindowTitle(): Current window's title is: 'LOGO e-Fatura'

2021-11-18 11:44:20 - [MESSAGE][INFO] - Getting current window's title

2021-11-18 11:44:20 - [MESSAGE][PASSED] - Current window's title is: 'LOGO e-Fatura'

2021-11-18 11:44:20 - [TEST_STEP][PASSED] - verifyMatch(Sayfa_Basligi, "LOGO e-Fatura", false): Actual text 'LOGO e-Fatura' and expected text 'LOGO e-Fatura' are matched 

2021-11-18 11:44:20 - [MESSAGE][INFO] - Matching actual text 'LOGO e-Fatura' with expected text 'LOGO e-Fatura'

2021-11-18 11:44:20 - [MESSAGE][PASSED] - Actual text 'LOGO e-Fatura' and expected text 'LOGO e-Fatura' are matched 

2021-11-18 11:44:20 - [TEST_STEP][PASSED] - sendKeys(findTestObject("Sayfalar/Giris_Sayfasi/Firma_Kodu"), KullaniciAdi): Keys 'ELOGO6' sent to object: 'Object Repository/Sayfalar/Giris_Sayfasi/Firma_Kodu'

2021-11-18 11:44:20 - [MESSAGE][INFO] - Finding Test Object 'Object Repository/Sayfalar/Giris_Sayfasi/Firma_Kodu'

2021-11-18 11:44:20 - [MESSAGE][INFO] - Sending keys 'ELOGO6' to object: 'Object Repository/Sayfalar/Giris_Sayfasi/Firma_Kodu'

2021-11-18 11:44:20 - [MESSAGE][INFO] - Finding web element from Test Object's properties

2021-11-18 11:44:20 - [MESSAGE][INFO] - Checking timeout

2021-11-18 11:44:20 - [MESSAGE][INFO] - Finding web element with id: 'Object Repository/Sayfalar/Giris_Sayfasi/Firma_Kodu' located by 'By.xpath: //*[@id = 'AccountName']' in '30' second(s)

2021-11-18 11:44:20 - [MESSAGE][INFO] - Smart Wait Function is triggered

2021-11-18 11:44:20 - [MESSAGE][INFO] - Found 1 web elements with id: 'Object Repository/Sayfalar/Giris_Sayfasi/Firma_Kodu' located by 'By.xpath: //*[@id = 'AccountName']' in '30' second(s)

2021-11-18 11:44:20 - [MESSAGE][PASSED] - Keys 'ELOGO6' sent to object: 'Object Repository/Sayfalar/Giris_Sayfasi/Firma_Kodu'

2021-11-18 11:44:20 - [TEST_STEP][PASSED] - sendKeys(findTestObject("Sayfalar/Giris_Sayfasi/Sifre"), Sifre): Keys '123456' sent to object: 'Object Repository/Sayfalar/Giris_Sayfasi/Sifre'

2021-11-18 11:44:20 - [MESSAGE][INFO] - Finding Test Object 'Object Repository/Sayfalar/Giris_Sayfasi/Sifre'

2021-11-18 11:44:20 - [MESSAGE][INFO] - Sending keys '123456' to object: 'Object Repository/Sayfalar/Giris_Sayfasi/Sifre'

2021-11-18 11:44:20 - [MESSAGE][INFO] - Finding web element from Test Object's properties

2021-11-18 11:44:20 - [MESSAGE][INFO] - Checking timeout

2021-11-18 11:44:20 - [MESSAGE][INFO] - Finding web element with id: 'Object Repository/Sayfalar/Giris_Sayfasi/Sifre' located by 'By.xpath: //*[@id = 'Password']' in '30' second(s)

2021-11-18 11:44:20 - [MESSAGE][INFO] - Smart Wait Function is triggered

2021-11-18 11:44:20 - [MESSAGE][INFO] - Found 1 web elements with id: 'Object Repository/Sayfalar/Giris_Sayfasi/Sifre' located by 'By.xpath: //*[@id = 'Password']' in '30' second(s)

2021-11-18 11:44:21 - [MESSAGE][PASSED] - Keys '123456' sent to object: 'Object Repository/Sayfalar/Giris_Sayfasi/Sifre'

2021-11-18 11:44:21 - [TEST_STEP][PASSED] - findWebElement(findTestObject("Sayfalar/Giris_Sayfasi/Giris_Butonu")).click(): Found 1 web elements with id: 'Object Repository/Sayfalar/Giris_Sayfasi/Giris_Butonu' located by 'By.cssSelector: #btnLogin' in '30' second(s)

2021-11-18 11:44:21 - [MESSAGE][INFO] - Finding Test Object 'Object Repository/Sayfalar/Giris_Sayfasi/Giris_Butonu'

2021-11-18 11:44:21 - [MESSAGE][INFO] - Finding web element from Test Object's properties

2021-11-18 11:44:21 - [MESSAGE][INFO] - Checking timeout

2021-11-18 11:44:21 - [MESSAGE][INFO] - Finding web element with id: 'Object Repository/Sayfalar/Giris_Sayfasi/Giris_Butonu' located by 'By.cssSelector: #btnLogin' in '30' second(s)

2021-11-18 11:44:21 - [MESSAGE][INFO] - Smart Wait Function is triggered

2021-11-18 11:44:21 - [MESSAGE][INFO] - Found 1 web elements with id: 'Object Repository/Sayfalar/Giris_Sayfasi/Giris_Butonu' located by 'By.cssSelector: #btnLogin' in '30' second(s)

2021-11-18 11:44:23 - [TEST_STEP][PASSED] - if (verifyElementPresent(findTestObject("Object Repository/Sayfalar/Giris_Sayfasi/RetveTamam_Butonu"), 5, OPTIONAL)): null

2021-11-18 11:44:23 - [MESSAGE][INFO] - Finding Test Object 'Object Repository/Sayfalar/Giris_Sayfasi/RetveTamam_Butonu'

2021-11-18 11:44:23 - [MESSAGE][INFO] - Checking object

2021-11-18 11:44:23 - [MESSAGE][INFO] - Finding web element from Test Object's properties

2021-11-18 11:44:23 - [MESSAGE][INFO] - Checking timeout

2021-11-18 11:44:23 - [MESSAGE][INFO] - Finding web element with id: 'Object Repository/Sayfalar/Giris_Sayfasi/RetveTamam_Butonu' located by 'By.xpath: //*[@class = 'btn btn-default']' in '5' second(s)

2021-11-18 11:44:23 - [MESSAGE][INFO] - Smart Wait Function is triggered

2021-11-18 11:44:24 - [MESSAGE][INFO] - Found 1 web elements with id: 'Object Repository/Sayfalar/Giris_Sayfasi/RetveTamam_Butonu' located by 'By.xpath: //*[@class = 'btn btn-default']' in '5' second(s)

2021-11-18 11:44:24 - [MESSAGE][PASSED] - Object 'Object Repository/Sayfalar/Giris_Sayfasi/RetveTamam_Butonu' is present

2021-11-18 11:44:24 - [TEST_STEP][PASSED] - click(findTestObject("Object Repository/Sayfalar/Giris_Sayfasi/RetveTamam_Butonu")): Object: 'Object Repository/Sayfalar/Giris_Sayfasi/RetveTamam_Butonu' is clicked on

2021-11-18 11:44:24 - [MESSAGE][INFO] - Finding Test Object 'Object Repository/Sayfalar/Giris_Sayfasi/RetveTamam_Butonu'

2021-11-18 11:44:24 - [MESSAGE][INFO] - Checking object

2021-11-18 11:44:24 - [MESSAGE][INFO] - Finding web element from Test Object's properties

2021-11-18 11:44:24 - [MESSAGE][INFO] - Checking timeout

2021-11-18 11:44:24 - [MESSAGE][INFO] - Finding web element with id: 'Object Repository/Sayfalar/Giris_Sayfasi/RetveTamam_Butonu' located by 'By.xpath: //*[@class = 'btn btn-default']' in '30' second(s)

2021-11-18 11:44:24 - [MESSAGE][INFO] - Smart Wait Function is triggered

2021-11-18 11:44:24 - [MESSAGE][INFO] - Found 1 web elements with id: 'Object Repository/Sayfalar/Giris_Sayfasi/RetveTamam_Butonu' located by 'By.xpath: //*[@class = 'btn btn-default']' in '30' second(s)

2021-11-18 11:44:24 - [MESSAGE][INFO] - Clicking on object: 'Object Repository/Sayfalar/Giris_Sayfasi/RetveTamam_Butonu'

2021-11-18 11:44:24 - [MESSAGE][PASSED] - Object: 'Object Repository/Sayfalar/Giris_Sayfasi/RetveTamam_Butonu' is clicked on

2021-11-18 11:44:24 - [TEST_STEP][PASSED] - click(findTestObject("Object Repository/Sayfalar/Giris_Sayfasi/RetveTamam_Butonu")): Object: 'Object Repository/Sayfalar/Giris_Sayfasi/RetveTamam_Butonu' is clicked on

2021-11-18 11:44:24 - [MESSAGE][INFO] - Finding Test Object 'Object Repository/Sayfalar/Giris_Sayfasi/RetveTamam_Butonu'

2021-11-18 11:44:24 - [MESSAGE][INFO] - Checking object

2021-11-18 11:44:24 - [MESSAGE][INFO] - Finding web element from Test Object's properties

2021-11-18 11:44:24 - [MESSAGE][INFO] - Checking timeout

2021-11-18 11:44:24 - [MESSAGE][INFO] - Finding web element with id: 'Object Repository/Sayfalar/Giris_Sayfasi/RetveTamam_Butonu' located by 'By.xpath: //*[@class = 'btn btn-default']' in '30' second(s)

2021-11-18 11:44:24 - [MESSAGE][INFO] - Smart Wait Function is triggered

2021-11-18 11:44:27 - [MESSAGE][INFO] - Found 1 web elements with id: 'Object Repository/Sayfalar/Giris_Sayfasi/RetveTamam_Butonu' located by 'By.xpath: //*[@class = 'btn btn-default']' in '30' second(s)

2021-11-18 11:44:27 - [MESSAGE][INFO] - Clicking on object: 'Object Repository/Sayfalar/Giris_Sayfasi/RetveTamam_Butonu'

2021-11-18 11:44:27 - [MESSAGE][PASSED] - Object: 'Object Repository/Sayfalar/Giris_Sayfasi/RetveTamam_Butonu' is clicked on

2021-11-18 11:44:27 - [TEST_STEP][PASSED] - if (verifyElementPresent(findTestObject("Sayfalar/Giris_Sayfasi/PopupOK"), 5, OPTIONAL)): null

2021-11-18 11:44:27 - [MESSAGE][INFO] - Finding Test Object 'Object Repository/Sayfalar/Giris_Sayfasi/PopupOK'

2021-11-18 11:44:27 - [MESSAGE][INFO] - Checking object

2021-11-18 11:44:27 - [MESSAGE][INFO] - Finding web element from Test Object's properties

2021-11-18 11:44:27 - [MESSAGE][INFO] - Checking timeout

2021-11-18 11:44:27 - [MESSAGE][INFO] - Finding web element with id: 'Object Repository/Sayfalar/Giris_Sayfasi/PopupOK' located by 'By.cssSelector: .btn.btn-success' in '5' second(s)

2021-11-18 11:44:27 - [MESSAGE][INFO] - Smart Wait Function is triggered

2021-11-18 11:44:28 - [MESSAGE][INFO] - Found 1 web elements with id: 'Object Repository/Sayfalar/Giris_Sayfasi/PopupOK' located by 'By.cssSelector: .btn.btn-success' in '5' second(s)

2021-11-18 11:44:28 - [MESSAGE][PASSED] - Object 'Object Repository/Sayfalar/Giris_Sayfasi/PopupOK' is present

2021-11-18 11:44:28 - [TEST_STEP][PASSED] - click(findTestObject("Object Repository/Sayfalar/Giris_Sayfasi/PopupCarpiGiris")): Object: 'Object Repository/Sayfalar/Giris_Sayfasi/PopupCarpiGiris' is clicked on

2021-11-18 11:44:28 - [MESSAGE][INFO] - Finding Test Object 'Object Repository/Sayfalar/Giris_Sayfasi/PopupCarpiGiris'

2021-11-18 11:44:28 - [MESSAGE][INFO] - Checking object

2021-11-18 11:44:28 - [MESSAGE][INFO] - Finding web element from Test Object's properties

2021-11-18 11:44:28 - [MESSAGE][INFO] - Checking timeout

2021-11-18 11:44:28 - [MESSAGE][INFO] - Finding web element with id: 'Object Repository/Sayfalar/Giris_Sayfasi/PopupCarpiGiris' located by 'By.cssSelector: .bootbox-close-button.close' in '30' second(s)

2021-11-18 11:44:28 - [MESSAGE][INFO] - Smart Wait Function is triggered

2021-11-18 11:44:28 - [MESSAGE][INFO] - Found 1 web elements with id: 'Object Repository/Sayfalar/Giris_Sayfasi/PopupCarpiGiris' located by 'By.cssSelector: .bootbox-close-button.close' in '30' second(s)

2021-11-18 11:44:28 - [MESSAGE][INFO] - Clicking on object: 'Object Repository/Sayfalar/Giris_Sayfasi/PopupCarpiGiris'

2021-11-18 11:44:28 - [MESSAGE][PASSED] - Object: 'Object Repository/Sayfalar/Giris_Sayfasi/PopupCarpiGiris' is clicked on

2021-11-18 11:44:28 - [TEST_STEP][PASSED] - verifyElementVisible(findTestObject("Object Repository/Kullanici_Islemleri/KullaniciIslemleri")): Object 'Object Repository/Kullanici_Islemleri/KullaniciIslemleri' is visible

2021-11-18 11:44:28 - [MESSAGE][INFO] - Finding Test Object 'Object Repository/Kullanici_Islemleri/KullaniciIslemleri'

2021-11-18 11:44:29 - [MESSAGE][INFO] - Checking object

2021-11-18 11:44:29 - [MESSAGE][INFO] - Finding web element from Test Object's properties

2021-11-18 11:44:29 - [MESSAGE][INFO] - Checking timeout

2021-11-18 11:44:29 - [MESSAGE][INFO] - Finding web element with id: 'Object Repository/Kullanici_Islemleri/KullaniciIslemleri' located by 'By.cssSelector: .dropdown>a>img' in '30' second(s)

2021-11-18 11:44:29 - [MESSAGE][INFO] - Smart Wait Function is triggered

2021-11-18 11:44:29 - [MESSAGE][INFO] - Found 1 web elements with id: 'Object Repository/Kullanici_Islemleri/KullaniciIslemleri' located by 'By.cssSelector: .dropdown>a>img' in '30' second(s)

2021-11-18 11:44:29 - [MESSAGE][PASSED] - Object 'Object Repository/Kullanici_Islemleri/KullaniciIslemleri' is visible

2021-11-18 11:44:29 - [MESSAGE][PASSED] - Call Test Case 'Test Cases/Sayfalar/Giris_Sayfasi/Login' successfully

2021-11-18 11:44:29 - [MESSAGE][INFO] - Checking called Test Case

2021-11-18 11:44:29 - [MESSAGE][INFO] - Starting to call Test Case 'Test Cases/Menu/AnaMenuSecimi'

2021-11-18 11:44:29 - [TEST_CASE][PASSED] - Test Cases/Menu/AnaMenuSecimi: Test Cases/Menu/AnaMenuSecimi

2021-11-18 11:44:29 - [TEST_STEP][PASSED] - Method.TextDegerineEsitElementeTikla(findTestObject("Menu/Ana_Menu"), Ana_Menu): Method.TextDegerineEsitElementeTikla is PASSED

2021-11-18 11:44:29 - [MESSAGE][INFO] - Finding Test Object 'Object Repository/Menu/Ana_Menu'

2021-11-18 11:44:30 - [MESSAGE][INFO] - Checking timeout

2021-11-18 11:44:30 - [MESSAGE][INFO] - Finding web element with id: 'Object Repository/Menu/Ana_Menu' located by 'By.xpath: //*[@class = 'dropdown-toggle']' in '10' second(s)

2021-11-18 11:44:30 - [MESSAGE][INFO] - Smart Wait Function is triggered

2021-11-18 11:44:30 - [MESSAGE][INFO] - Found 14 web elements with id: 'Object Repository/Menu/Ana_Menu' located by 'By.xpath: //*[@class = 'dropdown-toggle']' in '10' second(s)

2021-11-18 11:44:30 - [MESSAGE][PASSED] - Method.TextDegerineEsitElementeTikla is PASSED

2021-11-18 11:44:30 - [MESSAGE][PASSED] - Call Test Case 'Test Cases/Menu/AnaMenuSecimi' successfully

2021-11-18 11:44:30 - [MESSAGE][INFO] - Checking called Test Case

2021-11-18 11:44:30 - [MESSAGE][INFO] - Starting to call Test Case 'Test Cases/Menu/BasligaGoreAltMenuSecimi'

2021-11-18 11:44:30 - [TEST_CASE][PASSED] - Test Cases/Menu/BasligaGoreAltMenuSecimi: Test Cases/Menu/BasligaGoreAltMenuSecimi

2021-11-18 11:44:30 - [TEST_STEP][PASSED] - Method.TextDegerineEsitElementinAltindakiTextDegerineEsitOlanaTikla(findTestObject("Menu/Menu_Basligi"), findTestObject("Menu/Basliga_Gore_Alt_Menu"), Baslik, Alt_Menu): Method.TextDegerineEsitElementinAltindakiTextDegerineEsitOlanaTikla is PASSED

2021-11-18 11:44:30 - [MESSAGE][INFO] - Finding Test Object 'Object Repository/Menu/Menu_Basligi'

2021-11-18 11:44:30 - [MESSAGE][INFO] - Finding Test Object 'Object Repository/Menu/Basliga_Gore_Alt_Menu'

2021-11-18 11:44:30 - [MESSAGE][INFO] - Checking timeout

2021-11-18 11:44:30 - [MESSAGE][INFO] - Finding web element with id: 'Object Repository/Menu/Menu_Basligi' located by 'By.xpath: //li[@class='dropdown dropdown-large open']//li[@class='dropdown-header']' in '10' second(s)

2021-11-18 11:44:30 - [MESSAGE][INFO] - Smart Wait Function is triggered

2021-11-18 11:44:31 - [MESSAGE][INFO] - Found 3 web elements with id: 'Object Repository/Menu/Menu_Basligi' located by 'By.xpath: //li[@class='dropdown dropdown-large open']//li[@class='dropdown-header']' in '10' second(s)

2021-11-18 11:44:31 - [MESSAGE][INFO] - Smart Wait Function is triggered

2021-11-18 11:44:32 - [MESSAGE][PASSED] - Method.TextDegerineEsitElementinAltindakiTextDegerineEsitOlanaTikla is PASSED

2021-11-18 11:44:32 - [MESSAGE][PASSED] - Call Test Case 'Test Cases/Menu/BasligaGoreAltMenuSecimi' successfully

2021-11-18 11:44:32 - [MESSAGE][INFO] - Checking called Test Case

2021-11-18 11:44:32 - [MESSAGE][INFO] - Starting to call Test Case 'Test Cases/Filtreler/BaslangicYaz'

2021-11-18 11:44:33 - [TEST_CASE][PASSED] - Test Cases/Filtreler/BaslangicYaz: Test Cases/Filtreler/BaslangicYaz

2021-11-18 11:44:33 - [TEST_STEP][PASSED] - delay(3): Delayed 3 second(s)

2021-11-18 11:44:33 - [MESSAGE][INFO] - Delaying browser in 3 second(s)

2021-11-18 11:44:36 - [MESSAGE][PASSED] - Delayed 3 second(s)

2021-11-18 11:44:36 - [TEST_STEP][PASSED] - Method.TextDegerineEsitElementinAltindakineTikla(findTestObject("Filtreler/Basliklar"), findTestObject("Filtreler/Basliga_Gore_Baslangic_Image"), Filtre_Adi): Method.TextDegerineEsitElementinAltindakineTikla is PASSED

2021-11-18 11:44:36 - [MESSAGE][INFO] - Finding Test Object 'Object Repository/Filtreler/Basliklar'

2021-11-18 11:44:36 - [MESSAGE][INFO] - Finding Test Object 'Object Repository/Filtreler/Basliga_Gore_Baslangic_Image'

2021-11-18 11:44:36 - [MESSAGE][INFO] - Checking timeout

2021-11-18 11:44:36 - [MESSAGE][INFO] - Finding web element with id: 'Object Repository/Filtreler/Basliklar' located by 'By.cssSelector: .control-label.col-sm-4.paddingMarginRLC' in '10' second(s)

2021-11-18 11:44:36 - [MESSAGE][INFO] - Smart Wait Function is triggered

2021-11-18 11:44:36 - [MESSAGE][INFO] - Found 13 web elements with id: 'Object Repository/Filtreler/Basliklar' located by 'By.cssSelector: .control-label.col-sm-4.paddingMarginRLC' in '10' second(s)

2021-11-18 11:44:36 - [MESSAGE][INFO] - Smart Wait Function is triggered

2021-11-18 11:44:36 - [MESSAGE][PASSED] - Method.TextDegerineEsitElementinAltindakineTikla is PASSED

2021-11-18 11:44:36 - [TEST_STEP][PASSED] - Method.TextDegerineEsitElementinAltindakiTextboxtaYaz(findTestObject("Filtreler/Basliklar"), findTestObject("Filtreler/Basliga_Gore_Baslangic"), Filtre_Adi, Filtre_Degeri): Method.TextDegerineEsitElementinAltindakiTextboxtaYaz is PASSED

2021-11-18 11:44:36 - [MESSAGE][INFO] - Finding Test Object 'Object Repository/Filtreler/Basliklar'

2021-11-18 11:44:36 - [MESSAGE][INFO] - Finding Test Object 'Object Repository/Filtreler/Basliga_Gore_Baslangic'

2021-11-18 11:44:37 - [MESSAGE][INFO] - Checking timeout

2021-11-18 11:44:37 - [MESSAGE][INFO] - Finding web element with id: 'Object Repository/Filtreler/Basliklar' located by 'By.cssSelector: .control-label.col-sm-4.paddingMarginRLC' in '10' second(s)

2021-11-18 11:44:37 - [MESSAGE][INFO] - Smart Wait Function is triggered

2021-11-18 11:44:37 - [MESSAGE][INFO] - Found 13 web elements with id: 'Object Repository/Filtreler/Basliklar' located by 'By.cssSelector: .control-label.col-sm-4.paddingMarginRLC' in '10' second(s)

2021-11-18 11:44:37 - [MESSAGE][INFO] - Smart Wait Function is triggered

2021-11-18 11:44:37 - [MESSAGE][PASSED] - Method.TextDegerineEsitElementinAltindakiTextboxtaYaz is PASSED

2021-11-18 11:44:37 - [MESSAGE][PASSED] - Call Test Case 'Test Cases/Filtreler/BaslangicYaz' successfully

2021-11-18 11:44:37 - [MESSAGE][INFO] - Checking called Test Case

2021-11-18 11:44:37 - [MESSAGE][INFO] - Starting to call Test Case 'Test Cases/Filtreler/BitisYaz'

2021-11-18 11:44:37 - [TEST_CASE][PASSED] - Test Cases/Filtreler/BitisYaz: Test Cases/Filtreler/BitisYaz

2021-11-18 11:44:37 - [TEST_STEP][PASSED] - Method.TextDegerineEsitElementinAltindakineTikla(findTestObject("Filtreler/Basliklar"), findTestObject("Filtreler/Basliga_Gore_Bitis_Image"), Filtre_Adi): Method.TextDegerineEsitElementinAltindakineTikla is PASSED

2021-11-18 11:44:37 - [MESSAGE][INFO] - Finding Test Object 'Object Repository/Filtreler/Basliklar'

2021-11-18 11:44:37 - [MESSAGE][INFO] - Finding Test Object 'Object Repository/Filtreler/Basliga_Gore_Bitis_Image'

2021-11-18 11:44:37 - [MESSAGE][INFO] - Checking timeout

2021-11-18 11:44:37 - [MESSAGE][INFO] - Finding web element with id: 'Object Repository/Filtreler/Basliklar' located by 'By.cssSelector: .control-label.col-sm-4.paddingMarginRLC' in '10' second(s)

2021-11-18 11:44:37 - [MESSAGE][INFO] - Smart Wait Function is triggered

2021-11-18 11:44:38 - [MESSAGE][INFO] - Found 13 web elements with id: 'Object Repository/Filtreler/Basliklar' located by 'By.cssSelector: .control-label.col-sm-4.paddingMarginRLC' in '10' second(s)

2021-11-18 11:44:38 - [MESSAGE][INFO] - Smart Wait Function is triggered

2021-11-18 11:44:38 - [MESSAGE][PASSED] - Method.TextDegerineEsitElementinAltindakineTikla is PASSED

2021-11-18 11:44:38 - [TEST_STEP][PASSED] - Method.TextDegerineEsitElementinAltindakiTextboxtaYaz(findTestObject("Filtreler/Basliklar"), findTestObject("Object Repository/Filtreler/Basliga_Gore_Bitis"), Filtre_Adi, Filtre_Degeri): Method.TextDegerineEsitElementinAltindakiTextboxtaYaz is PASSED

2021-11-18 11:44:38 - [MESSAGE][INFO] - Finding Test Object 'Object Repository/Filtreler/Basliklar'

2021-11-18 11:44:38 - [MESSAGE][INFO] - Finding Test Object 'Object Repository/Filtreler/Basliga_Gore_Bitis'

2021-11-18 11:44:38 - [MESSAGE][INFO] - Checking timeout

2021-11-18 11:44:38 - [MESSAGE][INFO] - Finding web element with id: 'Object Repository/Filtreler/Basliklar' located by 'By.cssSelector: .control-label.col-sm-4.paddingMarginRLC' in '10' second(s)

2021-11-18 11:44:38 - [MESSAGE][INFO] - Smart Wait Function is triggered

2021-11-18 11:44:39 - [MESSAGE][INFO] - Found 13 web elements with id: 'Object Repository/Filtreler/Basliklar' located by 'By.cssSelector: .control-label.col-sm-4.paddingMarginRLC' in '10' second(s)

2021-11-18 11:44:39 - [MESSAGE][INFO] - Smart Wait Function is triggered

2021-11-18 11:44:39 - [MESSAGE][PASSED] - Method.TextDegerineEsitElementinAltindakiTextboxtaYaz is PASSED

2021-11-18 11:44:39 - [MESSAGE][PASSED] - Call Test Case 'Test Cases/Filtreler/BitisYaz' successfully

2021-11-18 11:44:39 - [MESSAGE][INFO] - Checking called Test Case

2021-11-18 11:44:39 - [MESSAGE][INFO] - Starting to call Test Case 'Test Cases/Filtreler/ButonaTikla'

2021-11-18 11:44:39 - [TEST_CASE][PASSED] - Test Cases/Filtreler/ButonaTikla: Test Cases/Filtreler/ButonaTikla

2021-11-18 11:44:39 - [TEST_STEP][PASSED] - Method.TextDegerineEsitElementeTikla(findTestObject("Filtreler/Butonlar"), Filtre_Buton): Method.TextDegerineEsitElementeTikla is PASSED

2021-11-18 11:44:39 - [MESSAGE][INFO] - Finding Test Object 'Object Repository/Filtreler/Butonlar'

2021-11-18 11:44:39 - [MESSAGE][INFO] - Checking timeout

2021-11-18 11:44:39 - [MESSAGE][INFO] - Finding web element with id: 'Object Repository/Filtreler/Butonlar' located by 'By.cssSelector: .dxb>span' in '10' second(s)

2021-11-18 11:44:39 - [MESSAGE][INFO] - Smart Wait Function is triggered

2021-11-18 11:44:40 - [MESSAGE][INFO] - Found 3 web elements with id: 'Object Repository/Filtreler/Butonlar' located by 'By.cssSelector: .dxb>span' in '10' second(s)

2021-11-18 11:44:40 - [MESSAGE][PASSED] - Method.TextDegerineEsitElementeTikla is PASSED

2021-11-18 11:44:40 - [MESSAGE][PASSED] - Call Test Case 'Test Cases/Filtreler/ButonaTikla' successfully

2021-11-18 11:44:40 - [MESSAGE][INFO] - Checking called Test Case

2021-11-18 11:44:40 - [MESSAGE][INFO] - Starting to call Test Case 'Test Cases/Tablo/TablodaVeriVarMi'

2021-11-18 11:44:40 - [TEST_CASE][PASSED] - Test Cases/Tablo/TablodaVeriVarMi: Test Cases/Tablo/TablodaVeriVarMi

2021-11-18 11:44:40 - [TEST_STEP][PASSED] - verifyTextNotPresent("Görüntülenecek veri yok", true): Text 'Görüntülenecek veri yok' is not present on page using regular expression

2021-11-18 11:44:40 - [MESSAGE][INFO] - Checking text present  using regular expression

2021-11-18 11:44:40 - [MESSAGE][INFO] - Smart Wait Function is triggered

2021-11-18 11:44:41 - [MESSAGE][INFO] - Finding text 'Görüntülenecek veri yok' on page  using regular expression

2021-11-18 11:44:41 - [MESSAGE][PASSED] - Text 'Görüntülenecek veri yok' is not present on page using regular expression

2021-11-18 11:44:41 - [MESSAGE][PASSED] - Call Test Case 'Test Cases/Tablo/TablodaVeriVarMi' successfully

2021-11-18 11:44:41 - [MESSAGE][INFO] - Checking called Test Case

2021-11-18 11:44:41 - [MESSAGE][INFO] - Starting to call Test Case 'Test Cases/Tablo/TablodanVeriSec'

2021-11-18 11:44:41 - [TEST_CASE][PASSED] - Test Cases/Tablo/TablodanVeriSec: Test Cases/Tablo/TablodanVeriSec

2021-11-18 11:44:41 - [TEST_STEP][PASSED] - Method.TextDegerineEsitElementinAltindakineTikla(findTestObject("Tablo/Veriler"), findTestObject("Tablo/VerininCheckBoxi"), Veri_Adi): Method.TextDegerineEsitElementinAltindakineTikla is PASSED

2021-11-18 11:44:41 - [MESSAGE][INFO] - Finding Test Object 'Object Repository/Tablo/Veriler'

2021-11-18 11:44:41 - [MESSAGE][INFO] - Finding Test Object 'Object Repository/Tablo/VerininCheckBoxi'

2021-11-18 11:44:41 - [MESSAGE][INFO] - Checking timeout

2021-11-18 11:44:41 - [MESSAGE][INFO] - Finding web element with id: 'Object Repository/Tablo/Veriler' located by 'By.cssSelector: td.dxgv b ,td.dxgv' in '10' second(s)

2021-11-18 11:44:41 - [MESSAGE][INFO] - Smart Wait Function is triggered

2021-11-18 11:44:41 - [MESSAGE][INFO] - Found 90 web elements with id: 'Object Repository/Tablo/Veriler' located by 'By.cssSelector: td.dxgv b ,td.dxgv' in '10' second(s)

2021-11-18 11:44:41 - [MESSAGE][INFO] - Smart Wait Function is triggered

2021-11-18 11:44:42 - [MESSAGE][PASSED] - Method.TextDegerineEsitElementinAltindakineTikla is PASSED

2021-11-18 11:44:42 - [MESSAGE][PASSED] - Call Test Case 'Test Cases/Tablo/TablodanVeriSec' successfully

2021-11-18 11:44:42 - [MESSAGE][INFO] - Checking called Test Case

2021-11-18 11:44:42 - [MESSAGE][INFO] - Starting to call Test Case 'Test Cases/Butonlar/ButonaTikla'

2021-11-18 11:44:42 - [TEST_CASE][PASSED] - Test Cases/Butonlar/ButonaTikla: Test Cases/Butonlar/ButonaTikla

2021-11-18 11:44:42 - [TEST_STEP][PASSED] - Method.TextDegerineEsitElementeTiklaEquals(findTestObject("Butonlar/Butonlar"), Buton_Adi): Method.TextDegerineEsitElementeTiklaEquals is PASSED

2021-11-18 11:44:42 - [MESSAGE][INFO] - Finding Test Object 'Object Repository/Butonlar/Butonlar'

2021-11-18 11:44:42 - [MESSAGE][INFO] - Checking timeout

2021-11-18 11:44:42 - [MESSAGE][INFO] - Finding web element with id: 'Object Repository/Butonlar/Butonlar' located by 'By.cssSelector: .panel.panel-default.text-center.footerPanel .btn,.btn.btn-primary.btnControls' in '10' second(s)

2021-11-18 11:44:42 - [MESSAGE][INFO] - Smart Wait Function is triggered

2021-11-18 11:44:42 - [MESSAGE][INFO] - Found 6 web elements with id: 'Object Repository/Butonlar/Butonlar' located by 'By.cssSelector: .panel.panel-default.text-center.footerPanel .btn,.btn.btn-primary.btnControls' in '10' second(s)

2021-11-18 11:44:42 - [MESSAGE][PASSED] - Method.TextDegerineEsitElementeTiklaEquals is PASSED

2021-11-18 11:44:42 - [MESSAGE][PASSED] - Call Test Case 'Test Cases/Butonlar/ButonaTikla' successfully

2021-11-18 11:44:42 - [MESSAGE][INFO] - Checking called Test Case

2021-11-18 11:44:42 - [MESSAGE][INFO] - Starting to call Test Case 'Test Cases/Butonlar/AltButonaTikla'

2021-11-18 11:44:42 - [TEST_CASE][PASSED] - Test Cases/Butonlar/AltButonaTikla: Test Cases/Butonlar/AltButonaTikla

2021-11-18 11:44:42 - [TEST_STEP][PASSED] - Method.TextDegerineEsitElementeTikla(findTestObject("Butonlar/AltButonlar"), Alt_Buton): Method.TextDegerineEsitElementeTikla is PASSED

2021-11-18 11:44:42 - [MESSAGE][INFO] - Finding Test Object 'Object Repository/Butonlar/AltButonlar'

2021-11-18 11:44:42 - [MESSAGE][INFO] - Checking timeout

2021-11-18 11:44:42 - [MESSAGE][INFO] - Finding web element with id: 'Object Repository/Butonlar/AltButonlar' located by 'By.cssSelector: .btn-group.open li>a' in '10' second(s)

2021-11-18 11:44:42 - [MESSAGE][INFO] - Smart Wait Function is triggered

2021-11-18 11:44:43 - [MESSAGE][INFO] - Found 2 web elements with id: 'Object Repository/Butonlar/AltButonlar' located by 'By.cssSelector: .btn-group.open li>a' in '10' second(s)

2021-11-18 11:44:43 - [MESSAGE][PASSED] - Method.TextDegerineEsitElementeTikla is PASSED

2021-11-18 11:44:43 - [MESSAGE][PASSED] - Call Test Case 'Test Cases/Butonlar/AltButonaTikla' successfully

2021-11-18 11:44:43 - [MESSAGE][INFO] - Checking called Test Case

2021-11-18 11:44:43 - [MESSAGE][INFO] - Starting to call Test Case 'Test Cases/Popup/PopupMesajiIceriyorMu'

2021-11-18 11:44:43 - [TEST_CASE][PASSED] - Test Cases/Popup/PopupMesajiIceriyorMu: Test Cases/Popup/PopupMesajiIceriyorMu

2021-11-18 11:44:43 - [TEST_STEP][PASSED] - waitForElementVisible(findTestObject("Popup/Popup"), 10): Object 'Object Repository/Popup/Popup' is visible

2021-11-18 11:44:43 - [MESSAGE][INFO] - Finding Test Object 'Object Repository/Popup/Popup'

2021-11-18 11:44:43 - [MESSAGE][INFO] - Checking object

2021-11-18 11:44:43 - [MESSAGE][INFO] - Checking timeout

2021-11-18 11:44:43 - [MESSAGE][INFO] - Finding web element from Test Object's properties

2021-11-18 11:44:43 - [MESSAGE][INFO] - Checking timeout

2021-11-18 11:44:43 - [MESSAGE][INFO] - Finding web element with id: 'Object Repository/Popup/Popup' located by 'By.cssSelector: .bootbox-body' in '10' second(s)

2021-11-18 11:44:43 - [MESSAGE][INFO] - Smart Wait Function is triggered

2021-11-18 11:44:44 - [MESSAGE][INFO] - Found 1 web elements with id: 'Object Repository/Popup/Popup' located by 'By.cssSelector: .bootbox-body' in '10' second(s)

2021-11-18 11:44:44 - [MESSAGE][PASSED] - Object 'Object Repository/Popup/Popup' is visible

2021-11-18 11:44:44 - [TEST_STEP][PASSED] - if (!(getText(findTestObject("Popup/Popup")).contains(Mesaj))): Text of object 'Object Repository/Popup/Popup' is: 'Lütfen rapor bildiriminin gönderileceği e-posta adresini belirtiniz.
e-Posta Adresi'

2021-11-18 11:44:44 - [MESSAGE][INFO] - Finding Test Object 'Object Repository/Popup/Popup'

2021-11-18 11:44:44 - [MESSAGE][INFO] - Checking object

2021-11-18 11:44:44 - [MESSAGE][INFO] - Finding web element from Test Object's properties

2021-11-18 11:44:44 - [MESSAGE][INFO] - Checking timeout

2021-11-18 11:44:44 - [MESSAGE][INFO] - Finding web element with id: 'Object Repository/Popup/Popup' located by 'By.cssSelector: .bootbox-body' in '30' second(s)

2021-11-18 11:44:44 - [MESSAGE][INFO] - Smart Wait Function is triggered

2021-11-18 11:44:44 - [MESSAGE][INFO] - Found 1 web elements with id: 'Object Repository/Popup/Popup' located by 'By.cssSelector: .bootbox-body' in '30' second(s)

2021-11-18 11:44:44 - [MESSAGE][INFO] - Getting text of object 'Object Repository/Popup/Popup'

2021-11-18 11:44:44 - [MESSAGE][PASSED] - Text of object 'Object Repository/Popup/Popup' is: 'Lütfen rapor bildiriminin gönderileceği e-posta adresini belirtiniz.
e-Posta Adresi'

2021-11-18 11:44:44 - [TEST_STEP][PASSED] - RaporNo = getText(findTestObject("Popup/Popup")).substring(0, 6): Text of object 'Object Repository/Popup/Popup' is: 'Lütfen rapor bildiriminin gönderileceği e-posta adresini belirtiniz.
e-Posta Adresi'

2021-11-18 11:44:44 - [MESSAGE][INFO] - Finding Test Object 'Object Repository/Popup/Popup'

2021-11-18 11:44:44 - [MESSAGE][INFO] - Checking object

2021-11-18 11:44:44 - [MESSAGE][INFO] - Finding web element from Test Object's properties

2021-11-18 11:44:44 - [MESSAGE][INFO] - Checking timeout

2021-11-18 11:44:44 - [MESSAGE][INFO] - Finding web element with id: 'Object Repository/Popup/Popup' located by 'By.cssSelector: .bootbox-body' in '30' second(s)

2021-11-18 11:44:44 - [MESSAGE][INFO] - Smart Wait Function is triggered

2021-11-18 11:44:44 - [MESSAGE][INFO] - Found 1 web elements with id: 'Object Repository/Popup/Popup' located by 'By.cssSelector: .bootbox-body' in '30' second(s)

2021-11-18 11:44:44 - [MESSAGE][INFO] - Getting text of object 'Object Repository/Popup/Popup'

2021-11-18 11:44:44 - [MESSAGE][PASSED] - Text of object 'Object Repository/Popup/Popup' is: 'Lütfen rapor bildiriminin gönderileceği e-posta adresini belirtiniz.
e-Posta Adresi'

2021-11-18 11:44:44 - [TEST_STEP][PASSED] - Console.println(RaporNo): null

2021-11-18 11:44:44 - [MESSAGE][PASSED] - Call Test Case 'Test Cases/Popup/PopupMesajiIceriyorMu' successfully

2021-11-18 11:44:44 - [MESSAGE][INFO] - Checking called Test Case

2021-11-18 11:44:44 - [MESSAGE][INFO] - Starting to call Test Case 'Test Cases/Popup/PopupaEmailEklenir'

2021-11-18 11:44:45 - [TEST_CASE][PASSED] - Test Cases/Popup/PopupaEmailEklenir: Test Cases/Popup/PopupaEmailEklenir

2021-11-18 11:44:45 - [TEST_STEP][PASSED] - clearText(findTestObject("Popup/EmailText")): Text of object 'Object Repository/Popup/EmailText' is cleared

2021-11-18 11:44:45 - [MESSAGE][INFO] - Finding Test Object 'Object Repository/Popup/EmailText'

2021-11-18 11:44:45 - [MESSAGE][INFO] - Checking object

2021-11-18 11:44:45 - [MESSAGE][INFO] - Finding web element from Test Object's properties

2021-11-18 11:44:45 - [MESSAGE][INFO] - Checking timeout

2021-11-18 11:44:45 - [MESSAGE][INFO] - Finding web element with id: 'Object Repository/Popup/EmailText' located by 'By.xpath: //*[@id="eMails"]' in '30' second(s)

2021-11-18 11:44:45 - [MESSAGE][INFO] - Smart Wait Function is triggered

2021-11-18 11:44:45 - [MESSAGE][INFO] - Found 1 web elements with id: 'Object Repository/Popup/EmailText' located by 'By.xpath: //*[@id="eMails"]' in '30' second(s)

2021-11-18 11:44:45 - [MESSAGE][INFO] - Clearing text of object 'Object Repository/Popup/EmailText'

2021-11-18 11:44:45 - [MESSAGE][PASSED] - Text of object 'Object Repository/Popup/EmailText' is cleared

2021-11-18 11:44:45 - [TEST_STEP][PASSED] - sendKeys(findTestObject("Popup/EmailText"), Email): Keys 'elogotest@gmail.com;ali.kara@logo.com.tr' sent to object: 'Object Repository/Popup/EmailText'

2021-11-18 11:44:45 - [MESSAGE][INFO] - Finding Test Object 'Object Repository/Popup/EmailText'

2021-11-18 11:44:45 - [MESSAGE][INFO] - Sending keys 'elogotest@gmail.com;ali.kara@logo.com.tr' to object: 'Object Repository/Popup/EmailText'

2021-11-18 11:44:45 - [MESSAGE][INFO] - Finding web element from Test Object's properties

2021-11-18 11:44:45 - [MESSAGE][INFO] - Checking timeout

2021-11-18 11:44:45 - [MESSAGE][INFO] - Finding web element with id: 'Object Repository/Popup/EmailText' located by 'By.xpath: //*[@id="eMails"]' in '30' second(s)

2021-11-18 11:44:45 - [MESSAGE][INFO] - Smart Wait Function is triggered

2021-11-18 11:44:45 - [MESSAGE][INFO] - Found 1 web elements with id: 'Object Repository/Popup/EmailText' located by 'By.xpath: //*[@id="eMails"]' in '30' second(s)

2021-11-18 11:44:45 - [MESSAGE][PASSED] - Keys 'elogotest@gmail.com;ali.kara@logo.com.tr' sent to object: 'Object Repository/Popup/EmailText'

2021-11-18 11:44:45 - [MESSAGE][PASSED] - Call Test Case 'Test Cases/Popup/PopupaEmailEklenir' successfully

2021-11-18 11:44:45 - [MESSAGE][INFO] - Checking called Test Case

2021-11-18 11:44:45 - [MESSAGE][INFO] - Starting to call Test Case 'Test Cases/Popup/PopupButonSecilir'

2021-11-18 11:44:45 - [TEST_CASE][PASSED] - Test Cases/Popup/PopupButonSecilir: Test Cases/Popup/PopupButonSecilir

2021-11-18 11:44:45 - [TEST_STEP][PASSED] - Method.TextDegerineEsitElementeTikla(findTestObject("Popup/Popup_Butons"), Buton): Method.TextDegerineEsitElementeTikla is PASSED

2021-11-18 11:44:45 - [MESSAGE][INFO] - Finding Test Object 'Object Repository/Popup/Popup_Butons'

2021-11-18 11:44:45 - [MESSAGE][INFO] - Checking timeout

2021-11-18 11:44:45 - [MESSAGE][INFO] - Finding web element with id: 'Object Repository/Popup/Popup_Butons' located by 'By.cssSelector: .modal-footer>button' in '10' second(s)

2021-11-18 11:44:45 - [MESSAGE][INFO] - Smart Wait Function is triggered

2021-11-18 11:44:46 - [MESSAGE][INFO] - Found 2 web elements with id: 'Object Repository/Popup/Popup_Butons' located by 'By.cssSelector: .modal-footer>button' in '10' second(s)

2021-11-18 11:44:46 - [MESSAGE][PASSED] - Method.TextDegerineEsitElementeTikla is PASSED

2021-11-18 11:44:46 - [MESSAGE][PASSED] - Call Test Case 'Test Cases/Popup/PopupButonSecilir' successfully

2021-11-18 11:44:46 - [MESSAGE][INFO] - Checking called Test Case

2021-11-18 11:44:46 - [MESSAGE][INFO] - Starting to call Test Case 'Test Cases/Popup/PopupMesajiIceriyorMu'

2021-11-18 11:44:46 - [TEST_CASE][PASSED] - Test Cases/Popup/PopupMesajiIceriyorMu: Test Cases/Popup/PopupMesajiIceriyorMu

2021-11-18 11:44:46 - [TEST_STEP][PASSED] - waitForElementVisible(findTestObject("Popup/Popup"), 10): Object 'Object Repository/Popup/Popup' is visible

2021-11-18 11:44:46 - [MESSAGE][INFO] - Finding Test Object 'Object Repository/Popup/Popup'

2021-11-18 11:44:46 - [MESSAGE][INFO] - Checking object

2021-11-18 11:44:46 - [MESSAGE][INFO] - Checking timeout

2021-11-18 11:44:46 - [MESSAGE][INFO] - Finding web element from Test Object's properties

2021-11-18 11:44:46 - [MESSAGE][INFO] - Checking timeout

2021-11-18 11:44:46 - [MESSAGE][INFO] - Finding web element with id: 'Object Repository/Popup/Popup' located by 'By.cssSelector: .bootbox-body' in '10' second(s)

2021-11-18 11:44:46 - [MESSAGE][INFO] - Smart Wait Function is triggered

2021-11-18 11:44:47 - [MESSAGE][INFO] - Found 1 web elements with id: 'Object Repository/Popup/Popup' located by 'By.cssSelector: .bootbox-body' in '10' second(s)

2021-11-18 11:44:47 - [MESSAGE][PASSED] - Object 'Object Repository/Popup/Popup' is visible

2021-11-18 11:44:47 - [TEST_STEP][PASSED] - if (!(getText(findTestObject("Popup/Popup")).contains(Mesaj))): Text of object 'Object Repository/Popup/Popup' is: '17396 no’lu talebiniz işleme alınmıştır. Raporunuz hazırlandığında (elogotest@gmail.com;ali.kara@logo.com.tr) adresinize mail gönderilecektir.
Rapor durumunuzu Raporlar > Toplu Veri İndirme ekranından takip edebilir, hazırlandı durumundaki raporlarınızı ilgili menüden indirebilirsiniz.'

2021-11-18 11:44:47 - [MESSAGE][INFO] - Finding Test Object 'Object Repository/Popup/Popup'

2021-11-18 11:44:47 - [MESSAGE][INFO] - Checking object

2021-11-18 11:44:47 - [MESSAGE][INFO] - Finding web element from Test Object's properties

2021-11-18 11:44:47 - [MESSAGE][INFO] - Checking timeout

2021-11-18 11:44:47 - [MESSAGE][INFO] - Finding web element with id: 'Object Repository/Popup/Popup' located by 'By.cssSelector: .bootbox-body' in '30' second(s)

2021-11-18 11:44:47 - [MESSAGE][INFO] - Smart Wait Function is triggered

2021-11-18 11:44:47 - [MESSAGE][INFO] - Found 1 web elements with id: 'Object Repository/Popup/Popup' located by 'By.cssSelector: .bootbox-body' in '30' second(s)

2021-11-18 11:44:47 - [MESSAGE][INFO] - Getting text of object 'Object Repository/Popup/Popup'

2021-11-18 11:44:47 - [MESSAGE][PASSED] - Text of object 'Object Repository/Popup/Popup' is: '17396 no’lu talebiniz işleme alınmıştır. Raporunuz hazırlandığında (elogotest@gmail.com;ali.kara@logo.com.tr) adresinize mail gönderilecektir.
Rapor durumunuzu Raporlar > Toplu Veri İndirme ekranından takip edebilir, hazırlandı durumundaki raporlarınızı ilgili menüden indirebilirsiniz.'

2021-11-18 11:44:47 - [TEST_STEP][PASSED] - RaporNo = getText(findTestObject("Popup/Popup")).substring(0, 6): Text of object 'Object Repository/Popup/Popup' is: '17396 no’lu talebiniz işleme alınmıştır. Raporunuz hazırlandığında (elogotest@gmail.com;ali.kara@logo.com.tr) adresinize mail gönderilecektir.
Rapor durumunuzu Raporlar > Toplu Veri İndirme ekranından takip edebilir, hazırlandı durumundaki raporlarınızı ilgili menüden indirebilirsiniz.'

2021-11-18 11:44:47 - [MESSAGE][INFO] - Finding Test Object 'Object Repository/Popup/Popup'

2021-11-18 11:44:47 - [MESSAGE][INFO] - Checking object

2021-11-18 11:44:47 - [MESSAGE][INFO] - Finding web element from Test Object's properties

2021-11-18 11:44:47 - [MESSAGE][INFO] - Checking timeout

2021-11-18 11:44:47 - [MESSAGE][INFO] - Finding web element with id: 'Object Repository/Popup/Popup' located by 'By.cssSelector: .bootbox-body' in '30' second(s)

2021-11-18 11:44:47 - [MESSAGE][INFO] - Smart Wait Function is triggered

2021-11-18 11:44:47 - [MESSAGE][INFO] - Found 1 web elements with id: 'Object Repository/Popup/Popup' located by 'By.cssSelector: .bootbox-body' in '30' second(s)

2021-11-18 11:44:47 - [MESSAGE][INFO] - Getting text of object 'Object Repository/Popup/Popup'

2021-11-18 11:44:47 - [MESSAGE][PASSED] - Text of object 'Object Repository/Popup/Popup' is: '17396 no’lu talebiniz işleme alınmıştır. Raporunuz hazırlandığında (elogotest@gmail.com;ali.kara@logo.com.tr) adresinize mail gönderilecektir.
Rapor durumunuzu Raporlar > Toplu Veri İndirme ekranından takip edebilir, hazırlandı durumundaki raporlarınızı ilgili menüden indirebilirsiniz.'

2021-11-18 11:44:47 - [TEST_STEP][PASSED] - Console.println(RaporNo): null

2021-11-18 11:44:47 - [MESSAGE][PASSED] - Call Test Case 'Test Cases/Popup/PopupMesajiIceriyorMu' successfully

2021-11-18 11:44:47 - [MESSAGE][INFO] - Checking called Test Case

2021-11-18 11:44:47 - [MESSAGE][INFO] - Starting to call Test Case 'Test Cases/Popup/PopupButonSecilir'

2021-11-18 11:44:47 - [TEST_CASE][PASSED] - Test Cases/Popup/PopupButonSecilir: Test Cases/Popup/PopupButonSecilir

2021-11-18 11:44:47 - [TEST_STEP][PASSED] - Method.TextDegerineEsitElementeTikla(findTestObject("Popup/Popup_Butons"), Buton): Method.TextDegerineEsitElementeTikla is PASSED

2021-11-18 11:44:47 - [MESSAGE][INFO] - Finding Test Object 'Object Repository/Popup/Popup_Butons'

2021-11-18 11:44:47 - [MESSAGE][INFO] - Checking timeout

2021-11-18 11:44:47 - [MESSAGE][INFO] - Finding web element with id: 'Object Repository/Popup/Popup_Butons' located by 'By.cssSelector: .modal-footer>button' in '10' second(s)

2021-11-18 11:44:47 - [MESSAGE][INFO] - Smart Wait Function is triggered

2021-11-18 11:44:48 - [MESSAGE][INFO] - Found 1 web elements with id: 'Object Repository/Popup/Popup_Butons' located by 'By.cssSelector: .modal-footer>button' in '10' second(s)

2021-11-18 11:44:48 - [MESSAGE][PASSED] - Method.TextDegerineEsitElementeTikla is PASSED

2021-11-18 11:44:48 - [MESSAGE][PASSED] - Call Test Case 'Test Cases/Popup/PopupButonSecilir' successfully

2021-11-18 11:44:48 - [MESSAGE][INFO] - Checking called Test Case

2021-11-18 11:44:48 - [MESSAGE][INFO] - Starting to call Test Case 'Test Cases/Butonlar/ButonaTikla'

2021-11-18 11:44:48 - [TEST_CASE][PASSED] - Test Cases/Butonlar/ButonaTikla: Test Cases/Butonlar/ButonaTikla

2021-11-18 11:44:48 - [TEST_STEP][PASSED] - Method.TextDegerineEsitElementeTiklaEquals(findTestObject("Butonlar/Butonlar"), Buton_Adi): Method.TextDegerineEsitElementeTiklaEquals is PASSED

2021-11-18 11:44:48 - [MESSAGE][INFO] - Finding Test Object 'Object Repository/Butonlar/Butonlar'

2021-11-18 11:44:48 - [MESSAGE][INFO] - Checking timeout

2021-11-18 11:44:48 - [MESSAGE][INFO] - Finding web element with id: 'Object Repository/Butonlar/Butonlar' located by 'By.cssSelector: .panel.panel-default.text-center.footerPanel .btn,.btn.btn-primary.btnControls' in '10' second(s)

2021-11-18 11:44:48 - [MESSAGE][INFO] - Smart Wait Function is triggered

2021-11-18 11:44:49 - [MESSAGE][INFO] - Found 6 web elements with id: 'Object Repository/Butonlar/Butonlar' located by 'By.cssSelector: .panel.panel-default.text-center.footerPanel .btn,.btn.btn-primary.btnControls' in '10' second(s)

2021-11-18 11:44:49 - [MESSAGE][PASSED] - Method.TextDegerineEsitElementeTiklaEquals is PASSED

2021-11-18 11:44:49 - [MESSAGE][PASSED] - Call Test Case 'Test Cases/Butonlar/ButonaTikla' successfully

2021-11-18 11:44:49 - [MESSAGE][INFO] - Checking called Test Case

2021-11-18 11:44:49 - [MESSAGE][INFO] - Starting to call Test Case 'Test Cases/Butonlar/AltButonaTikla'

2021-11-18 11:44:49 - [TEST_CASE][PASSED] - Test Cases/Butonlar/AltButonaTikla: Test Cases/Butonlar/AltButonaTikla

2021-11-18 11:44:49 - [TEST_STEP][PASSED] - Method.TextDegerineEsitElementeTikla(findTestObject("Butonlar/AltButonlar"), Alt_Buton): Method.TextDegerineEsitElementeTikla is PASSED

2021-11-18 11:44:49 - [MESSAGE][INFO] - Finding Test Object 'Object Repository/Butonlar/AltButonlar'

2021-11-18 11:44:49 - [MESSAGE][INFO] - Checking timeout

2021-11-18 11:44:49 - [MESSAGE][INFO] - Finding web element with id: 'Object Repository/Butonlar/AltButonlar' located by 'By.cssSelector: .btn-group.open li>a' in '10' second(s)

2021-11-18 11:44:49 - [MESSAGE][INFO] - Smart Wait Function is triggered

2021-11-18 11:44:49 - [MESSAGE][INFO] - Found 2 web elements with id: 'Object Repository/Butonlar/AltButonlar' located by 'By.cssSelector: .btn-group.open li>a' in '10' second(s)

2021-11-18 11:44:49 - [MESSAGE][PASSED] - Method.TextDegerineEsitElementeTikla is PASSED

2021-11-18 11:44:49 - [MESSAGE][PASSED] - Call Test Case 'Test Cases/Butonlar/AltButonaTikla' successfully

2021-11-18 11:44:49 - [MESSAGE][INFO] - Checking called Test Case

2021-11-18 11:44:49 - [MESSAGE][INFO] - Starting to call Test Case 'Test Cases/Popup/PopupMesajiIceriyorMu'

2021-11-18 11:44:49 - [TEST_CASE][PASSED] - Test Cases/Popup/PopupMesajiIceriyorMu: Test Cases/Popup/PopupMesajiIceriyorMu

2021-11-18 11:44:49 - [TEST_STEP][PASSED] - waitForElementVisible(findTestObject("Popup/Popup"), 10): Object 'Object Repository/Popup/Popup' is visible

2021-11-18 11:44:49 - [MESSAGE][INFO] - Finding Test Object 'Object Repository/Popup/Popup'

2021-11-18 11:44:49 - [MESSAGE][INFO] - Checking object

2021-11-18 11:44:49 - [MESSAGE][INFO] - Checking timeout

2021-11-18 11:44:49 - [MESSAGE][INFO] - Finding web element from Test Object's properties

2021-11-18 11:44:49 - [MESSAGE][INFO] - Checking timeout

2021-11-18 11:44:49 - [MESSAGE][INFO] - Finding web element with id: 'Object Repository/Popup/Popup' located by 'By.cssSelector: .bootbox-body' in '10' second(s)

2021-11-18 11:44:49 - [MESSAGE][INFO] - Smart Wait Function is triggered

2021-11-18 11:44:50 - [MESSAGE][INFO] - Found 1 web elements with id: 'Object Repository/Popup/Popup' located by 'By.cssSelector: .bootbox-body' in '10' second(s)

2021-11-18 11:44:50 - [MESSAGE][PASSED] - Object 'Object Repository/Popup/Popup' is visible

2021-11-18 11:44:50 - [TEST_STEP][PASSED] - if (!(getText(findTestObject("Popup/Popup")).contains(Mesaj))): Text of object 'Object Repository/Popup/Popup' is: 'Lütfen rapor bildiriminin gönderileceği e-posta adresini belirtiniz.
e-Posta Adresi'

2021-11-18 11:44:50 - [MESSAGE][INFO] - Finding Test Object 'Object Repository/Popup/Popup'

2021-11-18 11:44:50 - [MESSAGE][INFO] - Checking object

2021-11-18 11:44:50 - [MESSAGE][INFO] - Finding web element from Test Object's properties

2021-11-18 11:44:50 - [MESSAGE][INFO] - Checking timeout

2021-11-18 11:44:50 - [MESSAGE][INFO] - Finding web element with id: 'Object Repository/Popup/Popup' located by 'By.cssSelector: .bootbox-body' in '30' second(s)

2021-11-18 11:44:50 - [MESSAGE][INFO] - Smart Wait Function is triggered

2021-11-18 11:44:50 - [MESSAGE][INFO] - Found 1 web elements with id: 'Object Repository/Popup/Popup' located by 'By.cssSelector: .bootbox-body' in '30' second(s)

2021-11-18 11:44:50 - [MESSAGE][INFO] - Getting text of object 'Object Repository/Popup/Popup'

2021-11-18 11:44:50 - [MESSAGE][PASSED] - Text of object 'Object Repository/Popup/Popup' is: 'Lütfen rapor bildiriminin gönderileceği e-posta adresini belirtiniz.
e-Posta Adresi'

2021-11-18 11:44:50 - [TEST_STEP][PASSED] - RaporNo = getText(findTestObject("Popup/Popup")).substring(0, 6): Text of object 'Object Repository/Popup/Popup' is: 'Lütfen rapor bildiriminin gönderileceği e-posta adresini belirtiniz.
e-Posta Adresi'

2021-11-18 11:44:50 - [MESSAGE][INFO] - Finding Test Object 'Object Repository/Popup/Popup'

2021-11-18 11:44:50 - [MESSAGE][INFO] - Checking object

2021-11-18 11:44:50 - [MESSAGE][INFO] - Finding web element from Test Object's properties

2021-11-18 11:44:50 - [MESSAGE][INFO] - Checking timeout

2021-11-18 11:44:50 - [MESSAGE][INFO] - Finding web element with id: 'Object Repository/Popup/Popup' located by 'By.cssSelector: .bootbox-body' in '30' second(s)

2021-11-18 11:44:50 - [MESSAGE][INFO] - Smart Wait Function is triggered

2021-11-18 11:44:50 - [MESSAGE][INFO] - Found 1 web elements with id: 'Object Repository/Popup/Popup' located by 'By.cssSelector: .bootbox-body' in '30' second(s)

2021-11-18 11:44:50 - [MESSAGE][INFO] - Getting text of object 'Object Repository/Popup/Popup'

2021-11-18 11:44:50 - [MESSAGE][PASSED] - Text of object 'Object Repository/Popup/Popup' is: 'Lütfen rapor bildiriminin gönderileceği e-posta adresini belirtiniz.
e-Posta Adresi'

2021-11-18 11:44:50 - [TEST_STEP][PASSED] - Console.println(RaporNo): null

2021-11-18 11:44:50 - [MESSAGE][PASSED] - Call Test Case 'Test Cases/Popup/PopupMesajiIceriyorMu' successfully

2021-11-18 11:44:50 - [MESSAGE][INFO] - Checking called Test Case

2021-11-18 11:44:50 - [MESSAGE][INFO] - Starting to call Test Case 'Test Cases/Popup/PopupaEmailEklenir'

2021-11-18 11:44:51 - [TEST_CASE][PASSED] - Test Cases/Popup/PopupaEmailEklenir: Test Cases/Popup/PopupaEmailEklenir

2021-11-18 11:44:51 - [TEST_STEP][PASSED] - clearText(findTestObject("Popup/EmailText")): Text of object 'Object Repository/Popup/EmailText' is cleared

2021-11-18 11:44:51 - [MESSAGE][INFO] - Finding Test Object 'Object Repository/Popup/EmailText'

2021-11-18 11:44:51 - [MESSAGE][INFO] - Checking object

2021-11-18 11:44:51 - [MESSAGE][INFO] - Finding web element from Test Object's properties

2021-11-18 11:44:51 - [MESSAGE][INFO] - Checking timeout

2021-11-18 11:44:51 - [MESSAGE][INFO] - Finding web element with id: 'Object Repository/Popup/EmailText' located by 'By.xpath: //*[@id="eMails"]' in '30' second(s)

2021-11-18 11:44:51 - [MESSAGE][INFO] - Smart Wait Function is triggered

2021-11-18 11:44:51 - [MESSAGE][INFO] - Found 1 web elements with id: 'Object Repository/Popup/EmailText' located by 'By.xpath: //*[@id="eMails"]' in '30' second(s)

2021-11-18 11:44:51 - [MESSAGE][INFO] - Clearing text of object 'Object Repository/Popup/EmailText'

2021-11-18 11:44:51 - [MESSAGE][PASSED] - Text of object 'Object Repository/Popup/EmailText' is cleared

2021-11-18 11:44:51 - [TEST_STEP][PASSED] - sendKeys(findTestObject("Popup/EmailText"), Email): Keys 'elogotest@gmail.com;ali.kara@logo.com.tr' sent to object: 'Object Repository/Popup/EmailText'

2021-11-18 11:44:51 - [MESSAGE][INFO] - Finding Test Object 'Object Repository/Popup/EmailText'

2021-11-18 11:44:51 - [MESSAGE][INFO] - Sending keys 'elogotest@gmail.com;ali.kara@logo.com.tr' to object: 'Object Repository/Popup/EmailText'

2021-11-18 11:44:51 - [MESSAGE][INFO] - Finding web element from Test Object's properties

2021-11-18 11:44:51 - [MESSAGE][INFO] - Checking timeout

2021-11-18 11:44:51 - [MESSAGE][INFO] - Finding web element with id: 'Object Repository/Popup/EmailText' located by 'By.xpath: //*[@id="eMails"]' in '30' second(s)

2021-11-18 11:44:51 - [MESSAGE][INFO] - Smart Wait Function is triggered

2021-11-18 11:44:51 - [MESSAGE][INFO] - Found 1 web elements with id: 'Object Repository/Popup/EmailText' located by 'By.xpath: //*[@id="eMails"]' in '30' second(s)

2021-11-18 11:44:51 - [MESSAGE][PASSED] - Keys 'elogotest@gmail.com;ali.kara@logo.com.tr' sent to object: 'Object Repository/Popup/EmailText'

2021-11-18 11:44:51 - [MESSAGE][PASSED] - Call Test Case 'Test Cases/Popup/PopupaEmailEklenir' successfully

2021-11-18 11:44:51 - [MESSAGE][INFO] - Checking called Test Case

2021-11-18 11:44:51 - [MESSAGE][INFO] - Starting to call Test Case 'Test Cases/Popup/PopupButonSecilir'

2021-11-18 11:44:51 - [TEST_CASE][PASSED] - Test Cases/Popup/PopupButonSecilir: Test Cases/Popup/PopupButonSecilir

2021-11-18 11:44:51 - [TEST_STEP][PASSED] - Method.TextDegerineEsitElementeTikla(findTestObject("Popup/Popup_Butons"), Buton): Method.TextDegerineEsitElementeTikla is PASSED

2021-11-18 11:44:51 - [MESSAGE][INFO] - Finding Test Object 'Object Repository/Popup/Popup_Butons'

2021-11-18 11:44:52 - [MESSAGE][INFO] - Checking timeout

2021-11-18 11:44:52 - [MESSAGE][INFO] - Finding web element with id: 'Object Repository/Popup/Popup_Butons' located by 'By.cssSelector: .modal-footer>button' in '10' second(s)

2021-11-18 11:44:52 - [MESSAGE][INFO] - Smart Wait Function is triggered

2021-11-18 11:44:52 - [MESSAGE][INFO] - Found 2 web elements with id: 'Object Repository/Popup/Popup_Butons' located by 'By.cssSelector: .modal-footer>button' in '10' second(s)

2021-11-18 11:44:52 - [MESSAGE][PASSED] - Method.TextDegerineEsitElementeTikla is PASSED

2021-11-18 11:44:52 - [MESSAGE][PASSED] - Call Test Case 'Test Cases/Popup/PopupButonSecilir' successfully

2021-11-18 11:44:52 - [MESSAGE][INFO] - Checking called Test Case

2021-11-18 11:44:52 - [MESSAGE][INFO] - Starting to call Test Case 'Test Cases/Popup/PopupMesajiIceriyorMu'

2021-11-18 11:44:52 - [TEST_CASE][PASSED] - Test Cases/Popup/PopupMesajiIceriyorMu: Test Cases/Popup/PopupMesajiIceriyorMu

2021-11-18 11:44:52 - [TEST_STEP][PASSED] - waitForElementVisible(findTestObject("Popup/Popup"), 10): Object 'Object Repository/Popup/Popup' is visible

2021-11-18 11:44:52 - [MESSAGE][INFO] - Finding Test Object 'Object Repository/Popup/Popup'

2021-11-18 11:44:52 - [MESSAGE][INFO] - Checking object

2021-11-18 11:44:52 - [MESSAGE][INFO] - Checking timeout

2021-11-18 11:44:52 - [MESSAGE][INFO] - Finding web element from Test Object's properties

2021-11-18 11:44:52 - [MESSAGE][INFO] - Checking timeout

2021-11-18 11:44:52 - [MESSAGE][INFO] - Finding web element with id: 'Object Repository/Popup/Popup' located by 'By.cssSelector: .bootbox-body' in '10' second(s)

2021-11-18 11:44:52 - [MESSAGE][INFO] - Smart Wait Function is triggered

2021-11-18 11:44:53 - [MESSAGE][INFO] - Found 1 web elements with id: 'Object Repository/Popup/Popup' located by 'By.cssSelector: .bootbox-body' in '10' second(s)

2021-11-18 11:44:53 - [MESSAGE][PASSED] - Object 'Object Repository/Popup/Popup' is visible

2021-11-18 11:44:53 - [TEST_STEP][PASSED] - if (!(getText(findTestObject("Popup/Popup")).contains(Mesaj))): Text of object 'Object Repository/Popup/Popup' is: '17397 no’lu talebiniz işleme alınmıştır. Raporunuz hazırlandığında (elogotest@gmail.com;ali.kara@logo.com.tr) adresinize mail gönderilecektir.
Rapor durumunuzu Raporlar > Toplu Veri İndirme ekranından takip edebilir, hazırlandı durumundaki raporlarınızı ilgili menüden indirebilirsiniz.'

2021-11-18 11:44:53 - [MESSAGE][INFO] - Finding Test Object 'Object Repository/Popup/Popup'

2021-11-18 11:44:53 - [MESSAGE][INFO] - Checking object

2021-11-18 11:44:53 - [MESSAGE][INFO] - Finding web element from Test Object's properties

2021-11-18 11:44:53 - [MESSAGE][INFO] - Checking timeout

2021-11-18 11:44:53 - [MESSAGE][INFO] - Finding web element with id: 'Object Repository/Popup/Popup' located by 'By.cssSelector: .bootbox-body' in '30' second(s)

2021-11-18 11:44:53 - [MESSAGE][INFO] - Smart Wait Function is triggered

2021-11-18 11:44:53 - [MESSAGE][INFO] - Found 1 web elements with id: 'Object Repository/Popup/Popup' located by 'By.cssSelector: .bootbox-body' in '30' second(s)

2021-11-18 11:44:53 - [MESSAGE][INFO] - Getting text of object 'Object Repository/Popup/Popup'

2021-11-18 11:44:53 - [MESSAGE][PASSED] - Text of object 'Object Repository/Popup/Popup' is: '17397 no’lu talebiniz işleme alınmıştır. Raporunuz hazırlandığında (elogotest@gmail.com;ali.kara@logo.com.tr) adresinize mail gönderilecektir.
Rapor durumunuzu Raporlar > Toplu Veri İndirme ekranından takip edebilir, hazırlandı durumundaki raporlarınızı ilgili menüden indirebilirsiniz.'

2021-11-18 11:44:53 - [TEST_STEP][PASSED] - RaporNo = getText(findTestObject("Popup/Popup")).substring(0, 6): Text of object 'Object Repository/Popup/Popup' is: '17397 no’lu talebiniz işleme alınmıştır. Raporunuz hazırlandığında (elogotest@gmail.com;ali.kara@logo.com.tr) adresinize mail gönderilecektir.
Rapor durumunuzu Raporlar > Toplu Veri İndirme ekranından takip edebilir, hazırlandı durumundaki raporlarınızı ilgili menüden indirebilirsiniz.'

2021-11-18 11:44:53 - [MESSAGE][INFO] - Finding Test Object 'Object Repository/Popup/Popup'

2021-11-18 11:44:54 - [MESSAGE][INFO] - Checking object

2021-11-18 11:44:54 - [MESSAGE][INFO] - Finding web element from Test Object's properties

2021-11-18 11:44:54 - [MESSAGE][INFO] - Checking timeout

2021-11-18 11:44:54 - [MESSAGE][INFO] - Finding web element with id: 'Object Repository/Popup/Popup' located by 'By.cssSelector: .bootbox-body' in '30' second(s)

2021-11-18 11:44:54 - [MESSAGE][INFO] - Smart Wait Function is triggered

2021-11-18 11:44:54 - [MESSAGE][INFO] - Found 1 web elements with id: 'Object Repository/Popup/Popup' located by 'By.cssSelector: .bootbox-body' in '30' second(s)

2021-11-18 11:44:54 - [MESSAGE][INFO] - Getting text of object 'Object Repository/Popup/Popup'

2021-11-18 11:44:54 - [MESSAGE][PASSED] - Text of object 'Object Repository/Popup/Popup' is: '17397 no’lu talebiniz işleme alınmıştır. Raporunuz hazırlandığında (elogotest@gmail.com;ali.kara@logo.com.tr) adresinize mail gönderilecektir.
Rapor durumunuzu Raporlar > Toplu Veri İndirme ekranından takip edebilir, hazırlandı durumundaki raporlarınızı ilgili menüden indirebilirsiniz.'

2021-11-18 11:44:54 - [TEST_STEP][PASSED] - Console.println(RaporNo): null

2021-11-18 11:44:54 - [MESSAGE][PASSED] - Call Test Case 'Test Cases/Popup/PopupMesajiIceriyorMu' successfully

2021-11-18 11:44:54 - [MESSAGE][INFO] - Checking called Test Case

2021-11-18 11:44:54 - [MESSAGE][INFO] - Starting to call Test Case 'Test Cases/Popup/PopupButonSecilir'

2021-11-18 11:44:54 - [TEST_CASE][PASSED] - Test Cases/Popup/PopupButonSecilir: Test Cases/Popup/PopupButonSecilir

2021-11-18 11:44:54 - [TEST_STEP][PASSED] - Method.TextDegerineEsitElementeTikla(findTestObject("Popup/Popup_Butons"), Buton): Method.TextDegerineEsitElementeTikla is PASSED

2021-11-18 11:44:54 - [MESSAGE][INFO] - Finding Test Object 'Object Repository/Popup/Popup_Butons'

2021-11-18 11:44:54 - [MESSAGE][INFO] - Checking timeout

2021-11-18 11:44:54 - [MESSAGE][INFO] - Finding web element with id: 'Object Repository/Popup/Popup_Butons' located by 'By.cssSelector: .modal-footer>button' in '10' second(s)

2021-11-18 11:44:54 - [MESSAGE][INFO] - Smart Wait Function is triggered

2021-11-18 11:44:54 - [MESSAGE][INFO] - Found 1 web elements with id: 'Object Repository/Popup/Popup_Butons' located by 'By.cssSelector: .modal-footer>button' in '10' second(s)

2021-11-18 11:44:54 - [MESSAGE][PASSED] - Method.TextDegerineEsitElementeTikla is PASSED

2021-11-18 11:44:54 - [MESSAGE][PASSED] - Call Test Case 'Test Cases/Popup/PopupButonSecilir' successfully

2021-11-18 11:44:54 - [MESSAGE][INFO] - Checking called Test Case

2021-11-18 11:44:54 - [MESSAGE][INFO] - Starting to call Test Case 'Test Cases/Menu/AnaMenuSecimi'

2021-11-18 11:44:54 - [TEST_CASE][PASSED] - Test Cases/Menu/AnaMenuSecimi: Test Cases/Menu/AnaMenuSecimi

2021-11-18 11:44:54 - [TEST_STEP][PASSED] - Method.TextDegerineEsitElementeTikla(findTestObject("Menu/Ana_Menu"), Ana_Menu): Method.TextDegerineEsitElementeTikla is PASSED

2021-11-18 11:44:54 - [MESSAGE][INFO] - Finding Test Object 'Object Repository/Menu/Ana_Menu'

2021-11-18 11:44:54 - [MESSAGE][INFO] - Checking timeout

2021-11-18 11:44:54 - [MESSAGE][INFO] - Finding web element with id: 'Object Repository/Menu/Ana_Menu' located by 'By.xpath: //*[@class = 'dropdown-toggle']' in '10' second(s)

2021-11-18 11:44:54 - [MESSAGE][INFO] - Smart Wait Function is triggered

2021-11-18 11:44:55 - [MESSAGE][INFO] - Found 14 web elements with id: 'Object Repository/Menu/Ana_Menu' located by 'By.xpath: //*[@class = 'dropdown-toggle']' in '10' second(s)

2021-11-18 11:44:55 - [MESSAGE][PASSED] - Method.TextDegerineEsitElementeTikla is PASSED

2021-11-18 11:44:55 - [MESSAGE][PASSED] - Call Test Case 'Test Cases/Menu/AnaMenuSecimi' successfully

2021-11-18 11:44:55 - [MESSAGE][INFO] - Checking called Test Case

2021-11-18 11:44:55 - [MESSAGE][INFO] - Starting to call Test Case 'Test Cases/Menu/AltMenuSecimi'

2021-11-18 11:44:55 - [TEST_CASE][PASSED] - Test Cases/Menu/AltMenuSecimi: Test Cases/Menu/AltMenuSecimi

2021-11-18 11:44:55 - [TEST_STEP][PASSED] - Method.TextDegerineEsitElementeTikla(findTestObject("Menu/Alt_Menu"), Alt_Menu): Method.TextDegerineEsitElementeTikla is PASSED

2021-11-18 11:44:55 - [MESSAGE][INFO] - Finding Test Object 'Object Repository/Menu/Alt_Menu'

2021-11-18 11:44:55 - [MESSAGE][INFO] - Checking timeout

2021-11-18 11:44:55 - [MESSAGE][INFO] - Finding web element with id: 'Object Repository/Menu/Alt_Menu' located by 'By.xpath: //li[@class='dropdown dropdown-large open']//li[@class='dropdown-element']' in '10' second(s)

2021-11-18 11:44:55 - [MESSAGE][INFO] - Smart Wait Function is triggered

2021-11-18 11:44:56 - [MESSAGE][INFO] - Found 9 web elements with id: 'Object Repository/Menu/Alt_Menu' located by 'By.xpath: //li[@class='dropdown dropdown-large open']//li[@class='dropdown-element']' in '10' second(s)

2021-11-18 11:44:57 - [MESSAGE][PASSED] - Method.TextDegerineEsitElementeTikla is PASSED

2021-11-18 11:44:57 - [MESSAGE][PASSED] - Call Test Case 'Test Cases/Menu/AltMenuSecimi' successfully

2021-11-18 11:44:57 - [MESSAGE][INFO] - Checking called Test Case

2021-11-18 11:44:57 - [MESSAGE][INFO] - Starting to call Test Case 'Test Cases/Filtreler/RaporNoYaz'

2021-11-18 11:44:57 - [TEST_CASE][PASSED] - Test Cases/Filtreler/RaporNoYaz: Test Cases/Filtreler/RaporNoYaz

2021-11-18 11:44:57 - [TEST_STEP][PASSED] - Method.TextDegerineEsitElementinAltindakiTextboxtaYaz(findTestObject("Filtreler/Basliklar"), findTestObject("Filtreler/Basliga_Gore_Textbox"), "Talep No", RaporNo): Method.TextDegerineEsitElementinAltindakiTextboxtaYaz is PASSED

2021-11-18 11:44:57 - [MESSAGE][INFO] - Finding Test Object 'Object Repository/Filtreler/Basliklar'

2021-11-18 11:44:57 - [MESSAGE][INFO] - Finding Test Object 'Object Repository/Filtreler/Basliga_Gore_Textbox'

2021-11-18 11:44:57 - [MESSAGE][INFO] - Checking timeout

2021-11-18 11:44:57 - [MESSAGE][INFO] - Finding web element with id: 'Object Repository/Filtreler/Basliklar' located by 'By.cssSelector: .control-label.col-sm-4.paddingMarginRLC' in '10' second(s)

2021-11-18 11:44:57 - [MESSAGE][INFO] - Smart Wait Function is triggered

2021-11-18 11:44:57 - [MESSAGE][INFO] - Found 8 web elements with id: 'Object Repository/Filtreler/Basliklar' located by 'By.cssSelector: .control-label.col-sm-4.paddingMarginRLC' in '10' second(s)

2021-11-18 11:44:57 - [MESSAGE][INFO] - Smart Wait Function is triggered

2021-11-18 11:44:58 - [MESSAGE][PASSED] - Method.TextDegerineEsitElementinAltindakiTextboxtaYaz is PASSED

2021-11-18 11:44:58 - [MESSAGE][PASSED] - Call Test Case 'Test Cases/Filtreler/RaporNoYaz' successfully

2021-11-18 11:44:58 - [MESSAGE][INFO] - Checking called Test Case

2021-11-18 11:44:58 - [MESSAGE][INFO] - Starting to call Test Case 'Test Cases/Filtreler/ButonaTikla'

2021-11-18 11:44:58 - [TEST_CASE][PASSED] - Test Cases/Filtreler/ButonaTikla: Test Cases/Filtreler/ButonaTikla

2021-11-18 11:44:58 - [TEST_STEP][PASSED] - Method.TextDegerineEsitElementeTikla(findTestObject("Filtreler/Butonlar"), Filtre_Buton): Method.TextDegerineEsitElementeTikla is PASSED

2021-11-18 11:44:58 - [MESSAGE][INFO] - Finding Test Object 'Object Repository/Filtreler/Butonlar'

2021-11-18 11:44:58 - [MESSAGE][INFO] - Checking timeout

2021-11-18 11:44:58 - [MESSAGE][INFO] - Finding web element with id: 'Object Repository/Filtreler/Butonlar' located by 'By.cssSelector: .dxb>span' in '10' second(s)

2021-11-18 11:44:58 - [MESSAGE][INFO] - Smart Wait Function is triggered

2021-11-18 11:44:58 - [MESSAGE][INFO] - Found 2 web elements with id: 'Object Repository/Filtreler/Butonlar' located by 'By.cssSelector: .dxb>span' in '10' second(s)

2021-11-18 11:44:58 - [MESSAGE][PASSED] - Method.TextDegerineEsitElementeTikla is PASSED

2021-11-18 11:44:58 - [MESSAGE][PASSED] - Call Test Case 'Test Cases/Filtreler/ButonaTikla' successfully

2021-11-18 11:44:58 - [MESSAGE][INFO] - Checking called Test Case

2021-11-18 11:44:58 - [MESSAGE][INFO] - Starting to call Test Case 'Test Cases/Tablo/TablodaVeriVarMi'

2021-11-18 11:44:58 - [TEST_CASE][PASSED] - Test Cases/Tablo/TablodaVeriVarMi: Test Cases/Tablo/TablodaVeriVarMi

2021-11-18 11:44:58 - [TEST_STEP][PASSED] - verifyTextNotPresent("Görüntülenecek veri yok", true): Text 'Görüntülenecek veri yok' is not present on page using regular expression

2021-11-18 11:44:58 - [MESSAGE][INFO] - Checking text present  using regular expression

2021-11-18 11:44:58 - [MESSAGE][INFO] - Smart Wait Function is triggered

2021-11-18 11:44:59 - [MESSAGE][INFO] - Finding text 'Görüntülenecek veri yok' on page  using regular expression

2021-11-18 11:44:59 - [MESSAGE][PASSED] - Text 'Görüntülenecek veri yok' is not present on page using regular expression

2021-11-18 11:44:59 - [MESSAGE][PASSED] - Call Test Case 'Test Cases/Tablo/TablodaVeriVarMi' successfully

2021-11-18 11:44:59 - [MESSAGE][INFO] - Checking called Test Case

2021-11-18 11:44:59 - [MESSAGE][INFO] - Starting to call Test Case 'Test Cases/Kullanici_Islemleri/KullaniciIslemlerindenSecimYapilir'

2021-11-18 11:44:59 - [TEST_CASE][PASSED] - Test Cases/Kullanici_Islemleri/KullaniciIslemlerindenSecimYapilir: Test Cases/Kullanici_Islemleri/KullaniciIslemlerindenSecimYapilir

2021-11-18 11:44:59 - [TEST_STEP][PASSED] - waitForElementClickable(findTestObject("Object Repository/Kullanici_Islemleri/KullaniciIslemleri"), 10): Object 'Object Repository/Kullanici_Islemleri/KullaniciIslemleri' is clickable

2021-11-18 11:44:59 - [MESSAGE][INFO] - Finding Test Object 'Object Repository/Kullanici_Islemleri/KullaniciIslemleri'

2021-11-18 11:44:59 - [MESSAGE][INFO] - Checking object

2021-11-18 11:44:59 - [MESSAGE][INFO] - Checking timeout

2021-11-18 11:44:59 - [MESSAGE][INFO] - Finding web element from Test Object's properties

2021-11-18 11:44:59 - [MESSAGE][INFO] - Checking timeout

2021-11-18 11:44:59 - [MESSAGE][INFO] - Finding web element with id: 'Object Repository/Kullanici_Islemleri/KullaniciIslemleri' located by 'By.cssSelector: .dropdown>a>img' in '10' second(s)

2021-11-18 11:44:59 - [MESSAGE][INFO] - Smart Wait Function is triggered

2021-11-18 11:45:00 - [MESSAGE][INFO] - Found 1 web elements with id: 'Object Repository/Kullanici_Islemleri/KullaniciIslemleri' located by 'By.cssSelector: .dropdown>a>img' in '10' second(s)

2021-11-18 11:45:00 - [MESSAGE][PASSED] - Object 'Object Repository/Kullanici_Islemleri/KullaniciIslemleri' is clickable

2021-11-18 11:45:00 - [TEST_STEP][PASSED] - click(findTestObject("Object Repository/Kullanici_Islemleri/KullaniciIslemleri")): Object: 'Object Repository/Kullanici_Islemleri/KullaniciIslemleri' is clicked on

2021-11-18 11:45:00 - [MESSAGE][INFO] - Finding Test Object 'Object Repository/Kullanici_Islemleri/KullaniciIslemleri'

2021-11-18 11:45:00 - [MESSAGE][INFO] - Checking object

2021-11-18 11:45:00 - [MESSAGE][INFO] - Finding web element from Test Object's properties

2021-11-18 11:45:00 - [MESSAGE][INFO] - Checking timeout

2021-11-18 11:45:00 - [MESSAGE][INFO] - Finding web element with id: 'Object Repository/Kullanici_Islemleri/KullaniciIslemleri' located by 'By.cssSelector: .dropdown>a>img' in '30' second(s)

2021-11-18 11:45:00 - [MESSAGE][INFO] - Smart Wait Function is triggered

2021-11-18 11:45:00 - [MESSAGE][INFO] - Found 1 web elements with id: 'Object Repository/Kullanici_Islemleri/KullaniciIslemleri' located by 'By.cssSelector: .dropdown>a>img' in '30' second(s)

2021-11-18 11:45:00 - [MESSAGE][INFO] - Clicking on object: 'Object Repository/Kullanici_Islemleri/KullaniciIslemleri'

2021-11-18 11:45:00 - [MESSAGE][PASSED] - Object: 'Object Repository/Kullanici_Islemleri/KullaniciIslemleri' is clicked on

2021-11-18 11:45:00 - [TEST_STEP][PASSED] - Method.TextDegerineEsitElementeTikla(findTestObject("Object Repository/Kullanici_Islemleri/Secenekler"), Islem): Method.TextDegerineEsitElementeTikla is PASSED

2021-11-18 11:45:00 - [MESSAGE][INFO] - Finding Test Object 'Object Repository/Kullanici_Islemleri/Secenekler'

2021-11-18 11:45:00 - [MESSAGE][INFO] - Checking timeout

2021-11-18 11:45:00 - [MESSAGE][INFO] - Finding web element with id: 'Object Repository/Kullanici_Islemleri/Secenekler' located by 'By.cssSelector: .nav.navbar-nav.navbar-right li a' in '10' second(s)

2021-11-18 11:45:00 - [MESSAGE][INFO] - Smart Wait Function is triggered

2021-11-18 11:45:00 - [MESSAGE][INFO] - Found 22 web elements with id: 'Object Repository/Kullanici_Islemleri/Secenekler' located by 'By.cssSelector: .nav.navbar-nav.navbar-right li a' in '10' second(s)

2021-11-18 11:45:04 - [MESSAGE][PASSED] - Method.TextDegerineEsitElementeTikla is PASSED

2021-11-18 11:45:04 - [TEST_STEP][PASSED] - verifyElementNotPresent(findTestObject("Object Repository/Kullanici_Islemleri/Secenekler"), 10): Web element with id: 'Object Repository/Kullanici_Islemleri/Secenekler' located by 'By.cssSelector: .nav.navbar-nav.navbar-right li a' is not present after '10' second(s)

2021-11-18 11:45:04 - [MESSAGE][INFO] - Finding Test Object 'Object Repository/Kullanici_Islemleri/Secenekler'

2021-11-18 11:45:04 - [MESSAGE][INFO] - Checking object

2021-11-18 11:45:04 - [MESSAGE][INFO] - Checking timeout

2021-11-18 11:45:04 - [MESSAGE][INFO] - Finding web element with id: 'Object Repository/Kullanici_Islemleri/Secenekler' located by 'By.cssSelector: .nav.navbar-nav.navbar-right li a' in '10' second(s)

2021-11-18 11:45:04 - [MESSAGE][INFO] - Smart Wait Function is triggered

2021-11-18 11:45:04 - [MESSAGE][PASSED] - Web element with id: 'Object Repository/Kullanici_Islemleri/Secenekler' located by 'By.cssSelector: .nav.navbar-nav.navbar-right li a' is not present after '10' second(s)

2021-11-18 11:45:04 - [MESSAGE][PASSED] - Call Test Case 'Test Cases/Kullanici_Islemleri/KullaniciIslemlerindenSecimYapilir' successfully

2021-11-18 11:45:04 - [TEST_CASE][PASSED] - Start Test Case : SCENARIO Irsaliye Yanitinin excele aktarilmasi: SCENARIO Irsaliye Yanitinin excele aktarilmasi

2021-11-18 11:45:04 - [TEST_STEP][PASSED] - Kullanıcı adı ELOGO6 ve Şifre 123456 olarak giriş yapılır: Kullanıcı adı ELOGO6 ve Şifre 123456 olarak giriş yapılır

2021-11-18 11:45:04 - [MESSAGE][PASSED] - Kullanıcı adı ELOGO6 ve Şifre 123456 olarak giriş yapılır

2021-11-18 11:45:04 - [TEST_STEP][PASSED] - Ana menüden e-İrsaliye seçilir: Ana menüden e-İrsaliye seçilir

2021-11-18 11:45:04 - [MESSAGE][PASSED] - Ana menüden e-İrsaliye seçilir

2021-11-18 11:45:04 - [TEST_STEP][PASSED] - Alt menü Giden Kutusu başlığı altındaki İrsaliye Yanıtları seçilir: Alt menü Giden Kutusu başlığı altındaki İrsaliye Yanıtları seçilir

2021-11-18 11:45:04 - [MESSAGE][PASSED] - Alt menü Giden Kutusu başlığı altındaki İrsaliye Yanıtları seçilir

2021-11-18 11:45:04 - [TEST_STEP][PASSED] - Filtrelerden Oluşturma Tarihi filtresine 01.01.2020 baslangic degerini yaz: Filtrelerden Oluşturma Tarihi filtresine 01.01.2020 baslangic degerini yaz

2021-11-18 11:45:04 - [MESSAGE][PASSED] - Filtrelerden Oluşturma Tarihi filtresine 01.01.2020 baslangic degerini yaz

2021-11-18 11:45:04 - [TEST_STEP][PASSED] - Filtrelerden Oluşturma Tarihi filtresine 31.12.2020 bitis degerini yaz: Filtrelerden Oluşturma Tarihi filtresine 31.12.2020 bitis degerini yaz

2021-11-18 11:45:04 - [MESSAGE][PASSED] - Filtrelerden Oluşturma Tarihi filtresine 31.12.2020 bitis degerini yaz

2021-11-18 11:45:04 - [TEST_STEP][PASSED] - Filtre butonlarından Listele seçilir: Filtre butonlarından Listele seçilir

2021-11-18 11:45:04 - [MESSAGE][PASSED] - Filtre butonlarından Listele seçilir

2021-11-18 11:45:04 - [TEST_STEP][PASSED] - Tabloda veri var mı kontrol edilir: Tabloda veri var mı kontrol edilir

2021-11-18 11:45:04 - [MESSAGE][PASSED] - Tabloda veri var mı kontrol edilir

2021-11-18 11:45:04 - [TEST_STEP][PASSED] - Tablodan Logo Elektronik GIB Test isimli veri seçilir: Tablodan Logo Elektronik GIB Test isimli veri seçilir

2021-11-18 11:45:04 - [MESSAGE][PASSED] - Tablodan Logo Elektronik GIB Test isimli veri seçilir

2021-11-18 11:45:04 - [TEST_STEP][PASSED] - Butonlardan Excel isimli butona tıklanır: Butonlardan Excel isimli butona tıklanır

2021-11-18 11:45:04 - [MESSAGE][PASSED] - Butonlardan Excel isimli butona tıklanır

2021-11-18 11:45:04 - [TEST_STEP][PASSED] - Alt butonlardan Excel'e Aktar butonuna tıklanır: Alt butonlardan Excel'e Aktar butonuna tıklanır

2021-11-18 11:45:04 - [MESSAGE][PASSED] - Alt butonlardan Excel'e Aktar butonuna tıklanır

2021-11-18 11:45:04 - [TEST_STEP][PASSED] - Popup mesajı Lütfen rapor bildiriminin gönderileceği e-posta adresini belirtiniz. içeriyor mu: Popup mesajı Lütfen rapor bildiriminin gönderileceği e-posta adresini belirtiniz. içeriyor mu

2021-11-18 11:45:04 - [MESSAGE][PASSED] - Popup mesajı Lütfen rapor bildiriminin gönderileceği e-posta adresini belirtiniz. içeriyor mu

2021-11-18 11:45:04 - [TEST_STEP][PASSED] - Popup email elogotest@gmail.com;ali.kara@logo.com.tr olarak girilir: Popup email elogotest@gmail.com;ali.kara@logo.com.tr olarak girilir

2021-11-18 11:45:04 - [MESSAGE][PASSED] - Popup email elogotest@gmail.com;ali.kara@logo.com.tr olarak girilir

2021-11-18 11:45:04 - [TEST_STEP][PASSED] - Yönetim popupında Gönder seçilir: Yönetim popupında Gönder seçilir

2021-11-18 11:45:04 - [MESSAGE][PASSED] - Yönetim popupında Gönder seçilir

2021-11-18 11:45:04 - [TEST_STEP][PASSED] - Popup mesajı talebiniz işleme alınmıştır içeriyor mu: Popup mesajı talebiniz işleme alınmıştır içeriyor mu

2021-11-18 11:45:04 - [MESSAGE][PASSED] - Popup mesajı talebiniz işleme alınmıştır içeriyor mu

2021-11-18 11:45:04 - [TEST_STEP][PASSED] - Yönetim popupında Tamam seçilir: Yönetim popupında Tamam seçilir

2021-11-18 11:45:04 - [MESSAGE][PASSED] - Yönetim popupında Tamam seçilir

2021-11-18 11:45:04 - [TEST_STEP][PASSED] - Butonlardan Excel isimli butona tıklanır: Butonlardan Excel isimli butona tıklanır

2021-11-18 11:45:04 - [MESSAGE][PASSED] - Butonlardan Excel isimli butona tıklanır

2021-11-18 11:45:04 - [TEST_STEP][PASSED] - Alt butonlardan Tümünü Excel'e Aktar butonuna tıklanır: Alt butonlardan Tümünü Excel'e Aktar butonuna tıklanır

2021-11-18 11:45:04 - [MESSAGE][PASSED] - Alt butonlardan Tümünü Excel'e Aktar butonuna tıklanır

2021-11-18 11:45:04 - [TEST_STEP][PASSED] - Popup mesajı Lütfen rapor bildiriminin gönderileceği e-posta adresini belirtiniz. içeriyor mu: Popup mesajı Lütfen rapor bildiriminin gönderileceği e-posta adresini belirtiniz. içeriyor mu

2021-11-18 11:45:04 - [MESSAGE][PASSED] - Popup mesajı Lütfen rapor bildiriminin gönderileceği e-posta adresini belirtiniz. içeriyor mu

2021-11-18 11:45:04 - [TEST_STEP][PASSED] - Popup email elogotest@gmail.com;ali.kara@logo.com.tr olarak girilir: Popup email elogotest@gmail.com;ali.kara@logo.com.tr olarak girilir

2021-11-18 11:45:04 - [MESSAGE][PASSED] - Popup email elogotest@gmail.com;ali.kara@logo.com.tr olarak girilir

2021-11-18 11:45:04 - [TEST_STEP][PASSED] - Yönetim popupında Gönder seçilir: Yönetim popupında Gönder seçilir

2021-11-18 11:45:04 - [MESSAGE][PASSED] - Yönetim popupında Gönder seçilir

2021-11-18 11:45:04 - [TEST_STEP][PASSED] - Popup mesajı talebiniz işleme alınmıştır içeriyor mu: Popup mesajı talebiniz işleme alınmıştır içeriyor mu

2021-11-18 11:45:04 - [MESSAGE][PASSED] - Popup mesajı talebiniz işleme alınmıştır içeriyor mu

2021-11-18 11:45:04 - [TEST_STEP][PASSED] - Yönetim popupında Tamam seçilir: Yönetim popupında Tamam seçilir

2021-11-18 11:45:04 - [MESSAGE][PASSED] - Yönetim popupında Tamam seçilir

2021-11-18 11:45:04 - [TEST_STEP][PASSED] - Ana menüden Raporlar seçilir: Ana menüden Raporlar seçilir

2021-11-18 11:45:04 - [MESSAGE][PASSED] - Ana menüden Raporlar seçilir

2021-11-18 11:45:04 - [TEST_STEP][PASSED] - Alt menüden Toplu Veri İndirme seçilir: Alt menüden Toplu Veri İndirme seçilir

2021-11-18 11:45:04 - [MESSAGE][PASSED] - Alt menüden Toplu Veri İndirme seçilir

2021-11-18 11:45:04 - [TEST_STEP][PASSED] - Filtrelerden Talep No filtresine Rapor No bilgisi yaz: Filtrelerden Talep No filtresine Rapor No bilgisi yaz

2021-11-18 11:45:04 - [MESSAGE][PASSED] - Filtrelerden Talep No filtresine Rapor No bilgisi yaz

2021-11-18 11:45:04 - [TEST_STEP][PASSED] - Filtre butonlarından Listele seçilir: Filtre butonlarından Listele seçilir

2021-11-18 11:45:04 - [MESSAGE][PASSED] - Filtre butonlarından Listele seçilir

2021-11-18 11:45:04 - [TEST_STEP][PASSED] - Tabloda veri var mı kontrol edilir: Tabloda veri var mı kontrol edilir

2021-11-18 11:45:04 - [MESSAGE][PASSED] - Tabloda veri var mı kontrol edilir

2021-11-18 11:45:04 - [TEST_STEP][PASSED] - Kullanıcı işlemlerinden Çıkış seçilir: Kullanıcı işlemlerinden Çıkış seçilir

2021-11-18 11:45:04 - [MESSAGE][PASSED] - Kullanıcı işlemlerinden Çıkış seçilir

2021-11-18 11:45:04 - [MESSAGE][PASSED] - Feature file: 'Include/features/e-Irsaliye/Giden Kutusu/Irsaliye Yanitlari/Excele Aktar.feature' was passed

2021-11-18 11:45:04 - [TEST_STEP][PASSED] - Start listener action : sampleAfterTestSuite: Invoke 'com.kms.katalon.core.annotation.AfterTestCase' method: 'Listener.sampleAfterTestSuite(...)' completed.

2021-11-18 11:45:04 - [MESSAGE][INFO] - Starting invoke 'com.kms.katalon.core.annotation.AfterTestCase' method: 'Listener.sampleAfterTestSuite(...)'

2021-11-18 11:45:04 - [TEST_STEP][PASSED] - closeBrowser(): Invoke 'com.kms.katalon.core.annotation.AfterTestCase' method: 'Listener.sampleAfterTestSuite(...)' completed.

2021-11-18 11:45:04 - [MESSAGE][INFO] - Closing browser

2021-11-18 11:45:05 - [MESSAGE][PASSED] - Browser is closed

2021-11-18 11:45:05 - [MESSAGE][INFO] - Invoke 'com.kms.katalon.core.annotation.AfterTestCase' method: 'Listener.sampleAfterTestSuite(...)' completed.]]></system-out>
         <system-err><![CDATA[]]></system-err>
      </testcase>
      <testcase name="Test Cases/Case Repository/e-Irsaliye/Giden Kutusu/Irsaliye Yanitlari/Toplu Indirme" time="58.758" classname="Test Cases/Case Repository/e-Irsaliye/Giden Kutusu/Irsaliye Yanitlari/Toplu Indirme" status="PASSED">
         <system-out><![CDATA[2021-11-18 11:45:05 - [TEST_CASE][PASSED] - Test Cases/Case Repository/e-Irsaliye/Giden Kutusu/Irsaliye Yanitlari/Toplu Indirme: Test Cases/Case Repository/e-Irsaliye/Giden Kutusu/Irsaliye Yanitlari/Toplu Indirme

2021-11-18 11:45:05 - [TEST_STEP][PASSED] - Start listener action : sampleBeforeTestSuite: Invoke 'com.kms.katalon.core.annotation.BeforeTestCase' method: 'Listener.sampleBeforeTestSuite(...)' completed.

2021-11-18 11:45:05 - [MESSAGE][INFO] - Starting invoke 'com.kms.katalon.core.annotation.BeforeTestCase' method: 'Listener.sampleBeforeTestSuite(...)'

2021-11-18 11:45:05 - [TEST_STEP][PASSED] - openBrowser(baseUrl): Browser is opened with url: 'https://efatura-stage.elogo.com.tr/'

2021-11-18 11:45:05 - [MESSAGE][INFO] - Opening browser

2021-11-18 11:45:05 - [MESSAGE][INFO] - Starting 'Chrome' driver

2021-11-18 11:45:05 - [MESSAGE][INFO] - User set preference: ['prefs', '{download.default_directory=C:\otomasyondownfiles}']

2021-11-18 11:45:05 - [MESSAGE][INFO] - Action delay is set to 0 milliseconds

2021-11-18 11:45:06 - [MESSAGE][INFO] - Navigating browser to: 'https://efatura-stage.elogo.com.tr/'

2021-11-18 11:45:10 - [MESSAGE][PASSED] - Browser is opened with url: 'https://efatura-stage.elogo.com.tr/'

2021-11-18 11:45:10 - [TEST_STEP][PASSED] - maximizeWindow(): Invoke 'com.kms.katalon.core.annotation.BeforeTestCase' method: 'Listener.sampleBeforeTestSuite(...)' completed.

2021-11-18 11:45:10 - [MESSAGE][INFO] - Maximizing current window

2021-11-18 11:45:10 - [MESSAGE][PASSED] - Current window maximized

2021-11-18 11:45:10 - [MESSAGE][INFO] - Invoke 'com.kms.katalon.core.annotation.BeforeTestCase' method: 'Listener.sampleBeforeTestSuite(...)' completed.

2021-11-18 11:45:11 - [TEST_STEP][PASSED] - runFeatureFile("Include/features/e-Irsaliye/Giden Kutusu/Irsaliye Yanitlari/Toplu Indirme.feature"): Feature file: 'Include/features/e-Irsaliye/Giden Kutusu/Irsaliye Yanitlari/Toplu Indirme.feature' was passed

2021-11-18 11:45:11 - [MESSAGE][INFO] - Starting run keyword runFeatureFile: 'Include/features/e-Irsaliye/Giden Kutusu/Irsaliye Yanitlari/Toplu Indirme.feature' and extract report to folder: 'C:\Users\DELL\Documents\GitHub\EES_KatalonLogo\Reports\20211118_110909\Suite Repository\ExceleAktarVeTopluIndirme\20211118_110948/cucumber_report/1637225111323'...

2021-11-18 11:45:11 - [MESSAGE][INFO] - Glue: []

2021-11-18 11:45:13 - [MESSAGE][INFO] - Checking called Test Case

2021-11-18 11:45:13 - [MESSAGE][INFO] - Starting to call Test Case 'Test Cases/Sayfalar/Giris_Sayfasi/Login'

2021-11-18 11:45:13 - [TEST_CASE][PASSED] - Test Cases/Sayfalar/Giris_Sayfasi/Login: Test Cases/Sayfalar/Giris_Sayfasi/Login

2021-11-18 11:45:13 - [TEST_STEP][PASSED] - Sayfa_Basligi = getWindowTitle(): Current window's title is: 'LOGO e-Fatura'

2021-11-18 11:45:13 - [MESSAGE][INFO] - Getting current window's title

2021-11-18 11:45:14 - [MESSAGE][PASSED] - Current window's title is: 'LOGO e-Fatura'

2021-11-18 11:45:14 - [TEST_STEP][PASSED] - verifyMatch(Sayfa_Basligi, "LOGO e-Fatura", false): Actual text 'LOGO e-Fatura' and expected text 'LOGO e-Fatura' are matched 

2021-11-18 11:45:14 - [MESSAGE][INFO] - Matching actual text 'LOGO e-Fatura' with expected text 'LOGO e-Fatura'

2021-11-18 11:45:14 - [MESSAGE][PASSED] - Actual text 'LOGO e-Fatura' and expected text 'LOGO e-Fatura' are matched 

2021-11-18 11:45:14 - [TEST_STEP][PASSED] - sendKeys(findTestObject("Sayfalar/Giris_Sayfasi/Firma_Kodu"), KullaniciAdi): Keys 'ELOGO6' sent to object: 'Object Repository/Sayfalar/Giris_Sayfasi/Firma_Kodu'

2021-11-18 11:45:14 - [MESSAGE][INFO] - Finding Test Object 'Object Repository/Sayfalar/Giris_Sayfasi/Firma_Kodu'

2021-11-18 11:45:14 - [MESSAGE][INFO] - Sending keys 'ELOGO6' to object: 'Object Repository/Sayfalar/Giris_Sayfasi/Firma_Kodu'

2021-11-18 11:45:14 - [MESSAGE][INFO] - Finding web element from Test Object's properties

2021-11-18 11:45:14 - [MESSAGE][INFO] - Checking timeout

2021-11-18 11:45:14 - [MESSAGE][INFO] - Finding web element with id: 'Object Repository/Sayfalar/Giris_Sayfasi/Firma_Kodu' located by 'By.xpath: //*[@id = 'AccountName']' in '30' second(s)

2021-11-18 11:45:14 - [MESSAGE][INFO] - Smart Wait Function is triggered

2021-11-18 11:45:14 - [MESSAGE][INFO] - Found 1 web elements with id: 'Object Repository/Sayfalar/Giris_Sayfasi/Firma_Kodu' located by 'By.xpath: //*[@id = 'AccountName']' in '30' second(s)

2021-11-18 11:45:14 - [MESSAGE][PASSED] - Keys 'ELOGO6' sent to object: 'Object Repository/Sayfalar/Giris_Sayfasi/Firma_Kodu'

2021-11-18 11:45:14 - [TEST_STEP][PASSED] - sendKeys(findTestObject("Sayfalar/Giris_Sayfasi/Sifre"), Sifre): Keys '123456' sent to object: 'Object Repository/Sayfalar/Giris_Sayfasi/Sifre'

2021-11-18 11:45:14 - [MESSAGE][INFO] - Finding Test Object 'Object Repository/Sayfalar/Giris_Sayfasi/Sifre'

2021-11-18 11:45:14 - [MESSAGE][INFO] - Sending keys '123456' to object: 'Object Repository/Sayfalar/Giris_Sayfasi/Sifre'

2021-11-18 11:45:14 - [MESSAGE][INFO] - Finding web element from Test Object's properties

2021-11-18 11:45:14 - [MESSAGE][INFO] - Checking timeout

2021-11-18 11:45:14 - [MESSAGE][INFO] - Finding web element with id: 'Object Repository/Sayfalar/Giris_Sayfasi/Sifre' located by 'By.xpath: //*[@id = 'Password']' in '30' second(s)

2021-11-18 11:45:14 - [MESSAGE][INFO] - Smart Wait Function is triggered

2021-11-18 11:45:15 - [MESSAGE][INFO] - Found 1 web elements with id: 'Object Repository/Sayfalar/Giris_Sayfasi/Sifre' located by 'By.xpath: //*[@id = 'Password']' in '30' second(s)

2021-11-18 11:45:15 - [MESSAGE][PASSED] - Keys '123456' sent to object: 'Object Repository/Sayfalar/Giris_Sayfasi/Sifre'

2021-11-18 11:45:15 - [TEST_STEP][PASSED] - findWebElement(findTestObject("Sayfalar/Giris_Sayfasi/Giris_Butonu")).click(): Found 1 web elements with id: 'Object Repository/Sayfalar/Giris_Sayfasi/Giris_Butonu' located by 'By.cssSelector: #btnLogin' in '30' second(s)

2021-11-18 11:45:15 - [MESSAGE][INFO] - Finding Test Object 'Object Repository/Sayfalar/Giris_Sayfasi/Giris_Butonu'

2021-11-18 11:45:15 - [MESSAGE][INFO] - Finding web element from Test Object's properties

2021-11-18 11:45:15 - [MESSAGE][INFO] - Checking timeout

2021-11-18 11:45:15 - [MESSAGE][INFO] - Finding web element with id: 'Object Repository/Sayfalar/Giris_Sayfasi/Giris_Butonu' located by 'By.cssSelector: #btnLogin' in '30' second(s)

2021-11-18 11:45:15 - [MESSAGE][INFO] - Smart Wait Function is triggered

2021-11-18 11:45:15 - [MESSAGE][INFO] - Found 1 web elements with id: 'Object Repository/Sayfalar/Giris_Sayfasi/Giris_Butonu' located by 'By.cssSelector: #btnLogin' in '30' second(s)

2021-11-18 11:45:18 - [TEST_STEP][PASSED] - if (verifyElementPresent(findTestObject("Object Repository/Sayfalar/Giris_Sayfasi/RetveTamam_Butonu"), 5, OPTIONAL)): null

2021-11-18 11:45:18 - [MESSAGE][INFO] - Finding Test Object 'Object Repository/Sayfalar/Giris_Sayfasi/RetveTamam_Butonu'

2021-11-18 11:45:19 - [MESSAGE][INFO] - Checking object

2021-11-18 11:45:19 - [MESSAGE][INFO] - Finding web element from Test Object's properties

2021-11-18 11:45:19 - [MESSAGE][INFO] - Checking timeout

2021-11-18 11:45:19 - [MESSAGE][INFO] - Finding web element with id: 'Object Repository/Sayfalar/Giris_Sayfasi/RetveTamam_Butonu' located by 'By.xpath: //*[@class = 'btn btn-default']' in '5' second(s)

2021-11-18 11:45:19 - [MESSAGE][INFO] - Smart Wait Function is triggered

2021-11-18 11:45:19 - [MESSAGE][INFO] - Found 1 web elements with id: 'Object Repository/Sayfalar/Giris_Sayfasi/RetveTamam_Butonu' located by 'By.xpath: //*[@class = 'btn btn-default']' in '5' second(s)

2021-11-18 11:45:19 - [MESSAGE][PASSED] - Object 'Object Repository/Sayfalar/Giris_Sayfasi/RetveTamam_Butonu' is present

2021-11-18 11:45:19 - [TEST_STEP][PASSED] - click(findTestObject("Object Repository/Sayfalar/Giris_Sayfasi/RetveTamam_Butonu")): Object: 'Object Repository/Sayfalar/Giris_Sayfasi/RetveTamam_Butonu' is clicked on

2021-11-18 11:45:19 - [MESSAGE][INFO] - Finding Test Object 'Object Repository/Sayfalar/Giris_Sayfasi/RetveTamam_Butonu'

2021-11-18 11:45:19 - [MESSAGE][INFO] - Checking object

2021-11-18 11:45:19 - [MESSAGE][INFO] - Finding web element from Test Object's properties

2021-11-18 11:45:19 - [MESSAGE][INFO] - Checking timeout

2021-11-18 11:45:19 - [MESSAGE][INFO] - Finding web element with id: 'Object Repository/Sayfalar/Giris_Sayfasi/RetveTamam_Butonu' located by 'By.xpath: //*[@class = 'btn btn-default']' in '30' second(s)

2021-11-18 11:45:19 - [MESSAGE][INFO] - Smart Wait Function is triggered

2021-11-18 11:45:20 - [MESSAGE][INFO] - Found 1 web elements with id: 'Object Repository/Sayfalar/Giris_Sayfasi/RetveTamam_Butonu' located by 'By.xpath: //*[@class = 'btn btn-default']' in '30' second(s)

2021-11-18 11:45:20 - [MESSAGE][INFO] - Clicking on object: 'Object Repository/Sayfalar/Giris_Sayfasi/RetveTamam_Butonu'

2021-11-18 11:45:20 - [MESSAGE][PASSED] - Object: 'Object Repository/Sayfalar/Giris_Sayfasi/RetveTamam_Butonu' is clicked on

2021-11-18 11:45:20 - [TEST_STEP][PASSED] - click(findTestObject("Object Repository/Sayfalar/Giris_Sayfasi/RetveTamam_Butonu")): Object: 'Object Repository/Sayfalar/Giris_Sayfasi/RetveTamam_Butonu' is clicked on

2021-11-18 11:45:20 - [MESSAGE][INFO] - Finding Test Object 'Object Repository/Sayfalar/Giris_Sayfasi/RetveTamam_Butonu'

2021-11-18 11:45:20 - [MESSAGE][INFO] - Checking object

2021-11-18 11:45:20 - [MESSAGE][INFO] - Finding web element from Test Object's properties

2021-11-18 11:45:20 - [MESSAGE][INFO] - Checking timeout

2021-11-18 11:45:20 - [MESSAGE][INFO] - Finding web element with id: 'Object Repository/Sayfalar/Giris_Sayfasi/RetveTamam_Butonu' located by 'By.xpath: //*[@class = 'btn btn-default']' in '30' second(s)

2021-11-18 11:45:20 - [MESSAGE][INFO] - Smart Wait Function is triggered

2021-11-18 11:45:24 - [MESSAGE][INFO] - Found 1 web elements with id: 'Object Repository/Sayfalar/Giris_Sayfasi/RetveTamam_Butonu' located by 'By.xpath: //*[@class = 'btn btn-default']' in '30' second(s)

2021-11-18 11:45:24 - [MESSAGE][INFO] - Clicking on object: 'Object Repository/Sayfalar/Giris_Sayfasi/RetveTamam_Butonu'

2021-11-18 11:45:24 - [MESSAGE][PASSED] - Object: 'Object Repository/Sayfalar/Giris_Sayfasi/RetveTamam_Butonu' is clicked on

2021-11-18 11:45:24 - [TEST_STEP][PASSED] - if (verifyElementPresent(findTestObject("Sayfalar/Giris_Sayfasi/PopupOK"), 5, OPTIONAL)): null

2021-11-18 11:45:24 - [MESSAGE][INFO] - Finding Test Object 'Object Repository/Sayfalar/Giris_Sayfasi/PopupOK'

2021-11-18 11:45:25 - [MESSAGE][INFO] - Checking object

2021-11-18 11:45:25 - [MESSAGE][INFO] - Finding web element from Test Object's properties

2021-11-18 11:45:25 - [MESSAGE][INFO] - Checking timeout

2021-11-18 11:45:25 - [MESSAGE][INFO] - Finding web element with id: 'Object Repository/Sayfalar/Giris_Sayfasi/PopupOK' located by 'By.cssSelector: .btn.btn-success' in '5' second(s)

2021-11-18 11:45:25 - [MESSAGE][INFO] - Smart Wait Function is triggered

2021-11-18 11:45:25 - [MESSAGE][INFO] - Found 1 web elements with id: 'Object Repository/Sayfalar/Giris_Sayfasi/PopupOK' located by 'By.cssSelector: .btn.btn-success' in '5' second(s)

2021-11-18 11:45:25 - [MESSAGE][PASSED] - Object 'Object Repository/Sayfalar/Giris_Sayfasi/PopupOK' is present

2021-11-18 11:45:25 - [TEST_STEP][PASSED] - click(findTestObject("Object Repository/Sayfalar/Giris_Sayfasi/PopupCarpiGiris")): Object: 'Object Repository/Sayfalar/Giris_Sayfasi/PopupCarpiGiris' is clicked on

2021-11-18 11:45:25 - [MESSAGE][INFO] - Finding Test Object 'Object Repository/Sayfalar/Giris_Sayfasi/PopupCarpiGiris'

2021-11-18 11:45:25 - [MESSAGE][INFO] - Checking object

2021-11-18 11:45:25 - [MESSAGE][INFO] - Finding web element from Test Object's properties

2021-11-18 11:45:25 - [MESSAGE][INFO] - Checking timeout

2021-11-18 11:45:25 - [MESSAGE][INFO] - Finding web element with id: 'Object Repository/Sayfalar/Giris_Sayfasi/PopupCarpiGiris' located by 'By.cssSelector: .bootbox-close-button.close' in '30' second(s)

2021-11-18 11:45:25 - [MESSAGE][INFO] - Smart Wait Function is triggered

2021-11-18 11:45:26 - [MESSAGE][INFO] - Found 1 web elements with id: 'Object Repository/Sayfalar/Giris_Sayfasi/PopupCarpiGiris' located by 'By.cssSelector: .bootbox-close-button.close' in '30' second(s)

2021-11-18 11:45:26 - [MESSAGE][INFO] - Clicking on object: 'Object Repository/Sayfalar/Giris_Sayfasi/PopupCarpiGiris'

2021-11-18 11:45:26 - [MESSAGE][PASSED] - Object: 'Object Repository/Sayfalar/Giris_Sayfasi/PopupCarpiGiris' is clicked on

2021-11-18 11:45:26 - [TEST_STEP][PASSED] - verifyElementVisible(findTestObject("Object Repository/Kullanici_Islemleri/KullaniciIslemleri")): Object 'Object Repository/Kullanici_Islemleri/KullaniciIslemleri' is visible

2021-11-18 11:45:26 - [MESSAGE][INFO] - Finding Test Object 'Object Repository/Kullanici_Islemleri/KullaniciIslemleri'

2021-11-18 11:45:26 - [MESSAGE][INFO] - Checking object

2021-11-18 11:45:26 - [MESSAGE][INFO] - Finding web element from Test Object's properties

2021-11-18 11:45:26 - [MESSAGE][INFO] - Checking timeout

2021-11-18 11:45:26 - [MESSAGE][INFO] - Finding web element with id: 'Object Repository/Kullanici_Islemleri/KullaniciIslemleri' located by 'By.cssSelector: .dropdown>a>img' in '30' second(s)

2021-11-18 11:45:26 - [MESSAGE][INFO] - Smart Wait Function is triggered

2021-11-18 11:45:27 - [MESSAGE][INFO] - Found 1 web elements with id: 'Object Repository/Kullanici_Islemleri/KullaniciIslemleri' located by 'By.cssSelector: .dropdown>a>img' in '30' second(s)

2021-11-18 11:45:27 - [MESSAGE][PASSED] - Object 'Object Repository/Kullanici_Islemleri/KullaniciIslemleri' is visible

2021-11-18 11:45:27 - [MESSAGE][PASSED] - Call Test Case 'Test Cases/Sayfalar/Giris_Sayfasi/Login' successfully

2021-11-18 11:45:27 - [MESSAGE][INFO] - Checking called Test Case

2021-11-18 11:45:27 - [MESSAGE][INFO] - Starting to call Test Case 'Test Cases/Menu/AnaMenuSecimi'

2021-11-18 11:45:27 - [TEST_CASE][PASSED] - Test Cases/Menu/AnaMenuSecimi: Test Cases/Menu/AnaMenuSecimi

2021-11-18 11:45:27 - [TEST_STEP][PASSED] - Method.TextDegerineEsitElementeTikla(findTestObject("Menu/Ana_Menu"), Ana_Menu): Method.TextDegerineEsitElementeTikla is PASSED

2021-11-18 11:45:27 - [MESSAGE][INFO] - Finding Test Object 'Object Repository/Menu/Ana_Menu'

2021-11-18 11:45:27 - [MESSAGE][INFO] - Checking timeout

2021-11-18 11:45:27 - [MESSAGE][INFO] - Finding web element with id: 'Object Repository/Menu/Ana_Menu' located by 'By.xpath: //*[@class = 'dropdown-toggle']' in '10' second(s)

2021-11-18 11:45:27 - [MESSAGE][INFO] - Smart Wait Function is triggered

2021-11-18 11:45:27 - [MESSAGE][INFO] - Found 14 web elements with id: 'Object Repository/Menu/Ana_Menu' located by 'By.xpath: //*[@class = 'dropdown-toggle']' in '10' second(s)

2021-11-18 11:45:27 - [MESSAGE][PASSED] - Method.TextDegerineEsitElementeTikla is PASSED

2021-11-18 11:45:27 - [MESSAGE][PASSED] - Call Test Case 'Test Cases/Menu/AnaMenuSecimi' successfully

2021-11-18 11:45:27 - [MESSAGE][INFO] - Checking called Test Case

2021-11-18 11:45:27 - [MESSAGE][INFO] - Starting to call Test Case 'Test Cases/Menu/BasligaGoreAltMenuSecimi'

2021-11-18 11:45:27 - [TEST_CASE][PASSED] - Test Cases/Menu/BasligaGoreAltMenuSecimi: Test Cases/Menu/BasligaGoreAltMenuSecimi

2021-11-18 11:45:27 - [TEST_STEP][PASSED] - Method.TextDegerineEsitElementinAltindakiTextDegerineEsitOlanaTikla(findTestObject("Menu/Menu_Basligi"), findTestObject("Menu/Basliga_Gore_Alt_Menu"), Baslik, Alt_Menu): Method.TextDegerineEsitElementinAltindakiTextDegerineEsitOlanaTikla is PASSED

2021-11-18 11:45:27 - [MESSAGE][INFO] - Finding Test Object 'Object Repository/Menu/Menu_Basligi'

2021-11-18 11:45:27 - [MESSAGE][INFO] - Finding Test Object 'Object Repository/Menu/Basliga_Gore_Alt_Menu'

2021-11-18 11:45:28 - [MESSAGE][INFO] - Checking timeout

2021-11-18 11:45:28 - [MESSAGE][INFO] - Finding web element with id: 'Object Repository/Menu/Menu_Basligi' located by 'By.xpath: //li[@class='dropdown dropdown-large open']//li[@class='dropdown-header']' in '10' second(s)

2021-11-18 11:45:28 - [MESSAGE][INFO] - Smart Wait Function is triggered

2021-11-18 11:45:28 - [MESSAGE][INFO] - Found 3 web elements with id: 'Object Repository/Menu/Menu_Basligi' located by 'By.xpath: //li[@class='dropdown dropdown-large open']//li[@class='dropdown-header']' in '10' second(s)

2021-11-18 11:45:28 - [MESSAGE][INFO] - Smart Wait Function is triggered

2021-11-18 11:45:31 - [MESSAGE][PASSED] - Method.TextDegerineEsitElementinAltindakiTextDegerineEsitOlanaTikla is PASSED

2021-11-18 11:45:31 - [MESSAGE][PASSED] - Call Test Case 'Test Cases/Menu/BasligaGoreAltMenuSecimi' successfully

2021-11-18 11:45:31 - [MESSAGE][INFO] - Checking called Test Case

2021-11-18 11:45:31 - [MESSAGE][INFO] - Starting to call Test Case 'Test Cases/Filtreler/BaslangicYaz'

2021-11-18 11:45:31 - [TEST_CASE][PASSED] - Test Cases/Filtreler/BaslangicYaz: Test Cases/Filtreler/BaslangicYaz

2021-11-18 11:45:31 - [TEST_STEP][PASSED] - delay(3): Delayed 3 second(s)

2021-11-18 11:45:31 - [MESSAGE][INFO] - Delaying browser in 3 second(s)

2021-11-18 11:45:34 - [MESSAGE][PASSED] - Delayed 3 second(s)

2021-11-18 11:45:34 - [TEST_STEP][PASSED] - Method.TextDegerineEsitElementinAltindakineTikla(findTestObject("Filtreler/Basliklar"), findTestObject("Filtreler/Basliga_Gore_Baslangic_Image"), Filtre_Adi): Method.TextDegerineEsitElementinAltindakineTikla is PASSED

2021-11-18 11:45:34 - [MESSAGE][INFO] - Finding Test Object 'Object Repository/Filtreler/Basliklar'

2021-11-18 11:45:34 - [MESSAGE][INFO] - Finding Test Object 'Object Repository/Filtreler/Basliga_Gore_Baslangic_Image'

2021-11-18 11:45:34 - [MESSAGE][INFO] - Checking timeout

2021-11-18 11:45:34 - [MESSAGE][INFO] - Finding web element with id: 'Object Repository/Filtreler/Basliklar' located by 'By.cssSelector: .control-label.col-sm-4.paddingMarginRLC' in '10' second(s)

2021-11-18 11:45:34 - [MESSAGE][INFO] - Smart Wait Function is triggered

2021-11-18 11:45:34 - [MESSAGE][INFO] - Found 13 web elements with id: 'Object Repository/Filtreler/Basliklar' located by 'By.cssSelector: .control-label.col-sm-4.paddingMarginRLC' in '10' second(s)

2021-11-18 11:45:34 - [MESSAGE][INFO] - Smart Wait Function is triggered

2021-11-18 11:45:35 - [MESSAGE][PASSED] - Method.TextDegerineEsitElementinAltindakineTikla is PASSED

2021-11-18 11:45:35 - [TEST_STEP][PASSED] - Method.TextDegerineEsitElementinAltindakiTextboxtaYaz(findTestObject("Filtreler/Basliklar"), findTestObject("Filtreler/Basliga_Gore_Baslangic"), Filtre_Adi, Filtre_Degeri): Method.TextDegerineEsitElementinAltindakiTextboxtaYaz is PASSED

2021-11-18 11:45:35 - [MESSAGE][INFO] - Finding Test Object 'Object Repository/Filtreler/Basliklar'

2021-11-18 11:45:35 - [MESSAGE][INFO] - Finding Test Object 'Object Repository/Filtreler/Basliga_Gore_Baslangic'

2021-11-18 11:45:35 - [MESSAGE][INFO] - Checking timeout

2021-11-18 11:45:35 - [MESSAGE][INFO] - Finding web element with id: 'Object Repository/Filtreler/Basliklar' located by 'By.cssSelector: .control-label.col-sm-4.paddingMarginRLC' in '10' second(s)

2021-11-18 11:45:35 - [MESSAGE][INFO] - Smart Wait Function is triggered

2021-11-18 11:45:35 - [MESSAGE][INFO] - Found 13 web elements with id: 'Object Repository/Filtreler/Basliklar' located by 'By.cssSelector: .control-label.col-sm-4.paddingMarginRLC' in '10' second(s)

2021-11-18 11:45:35 - [MESSAGE][INFO] - Smart Wait Function is triggered

2021-11-18 11:45:36 - [MESSAGE][PASSED] - Method.TextDegerineEsitElementinAltindakiTextboxtaYaz is PASSED

2021-11-18 11:45:36 - [MESSAGE][PASSED] - Call Test Case 'Test Cases/Filtreler/BaslangicYaz' successfully

2021-11-18 11:45:36 - [MESSAGE][INFO] - Checking called Test Case

2021-11-18 11:45:36 - [MESSAGE][INFO] - Starting to call Test Case 'Test Cases/Filtreler/BitisYaz'

2021-11-18 11:45:36 - [TEST_CASE][PASSED] - Test Cases/Filtreler/BitisYaz: Test Cases/Filtreler/BitisYaz

2021-11-18 11:45:36 - [TEST_STEP][PASSED] - Method.TextDegerineEsitElementinAltindakineTikla(findTestObject("Filtreler/Basliklar"), findTestObject("Filtreler/Basliga_Gore_Bitis_Image"), Filtre_Adi): Method.TextDegerineEsitElementinAltindakineTikla is PASSED

2021-11-18 11:45:36 - [MESSAGE][INFO] - Finding Test Object 'Object Repository/Filtreler/Basliklar'

2021-11-18 11:45:36 - [MESSAGE][INFO] - Finding Test Object 'Object Repository/Filtreler/Basliga_Gore_Bitis_Image'

2021-11-18 11:45:36 - [MESSAGE][INFO] - Checking timeout

2021-11-18 11:45:36 - [MESSAGE][INFO] - Finding web element with id: 'Object Repository/Filtreler/Basliklar' located by 'By.cssSelector: .control-label.col-sm-4.paddingMarginRLC' in '10' second(s)

2021-11-18 11:45:36 - [MESSAGE][INFO] - Smart Wait Function is triggered

2021-11-18 11:45:36 - [MESSAGE][INFO] - Found 13 web elements with id: 'Object Repository/Filtreler/Basliklar' located by 'By.cssSelector: .control-label.col-sm-4.paddingMarginRLC' in '10' second(s)

2021-11-18 11:45:36 - [MESSAGE][INFO] - Smart Wait Function is triggered

2021-11-18 11:45:37 - [MESSAGE][PASSED] - Method.TextDegerineEsitElementinAltindakineTikla is PASSED

2021-11-18 11:45:37 - [TEST_STEP][PASSED] - Method.TextDegerineEsitElementinAltindakiTextboxtaYaz(findTestObject("Filtreler/Basliklar"), findTestObject("Object Repository/Filtreler/Basliga_Gore_Bitis"), Filtre_Adi, Filtre_Degeri): Method.TextDegerineEsitElementinAltindakiTextboxtaYaz is PASSED

2021-11-18 11:45:37 - [MESSAGE][INFO] - Finding Test Object 'Object Repository/Filtreler/Basliklar'

2021-11-18 11:45:37 - [MESSAGE][INFO] - Finding Test Object 'Object Repository/Filtreler/Basliga_Gore_Bitis'

2021-11-18 11:45:37 - [MESSAGE][INFO] - Checking timeout

2021-11-18 11:45:37 - [MESSAGE][INFO] - Finding web element with id: 'Object Repository/Filtreler/Basliklar' located by 'By.cssSelector: .control-label.col-sm-4.paddingMarginRLC' in '10' second(s)

2021-11-18 11:45:37 - [MESSAGE][INFO] - Smart Wait Function is triggered

2021-11-18 11:45:37 - [MESSAGE][INFO] - Found 13 web elements with id: 'Object Repository/Filtreler/Basliklar' located by 'By.cssSelector: .control-label.col-sm-4.paddingMarginRLC' in '10' second(s)

2021-11-18 11:45:37 - [MESSAGE][INFO] - Smart Wait Function is triggered

2021-11-18 11:45:38 - [MESSAGE][PASSED] - Method.TextDegerineEsitElementinAltindakiTextboxtaYaz is PASSED

2021-11-18 11:45:38 - [MESSAGE][PASSED] - Call Test Case 'Test Cases/Filtreler/BitisYaz' successfully

2021-11-18 11:45:38 - [MESSAGE][INFO] - Checking called Test Case

2021-11-18 11:45:38 - [MESSAGE][INFO] - Starting to call Test Case 'Test Cases/Filtreler/ButonaTikla'

2021-11-18 11:45:38 - [TEST_CASE][PASSED] - Test Cases/Filtreler/ButonaTikla: Test Cases/Filtreler/ButonaTikla

2021-11-18 11:45:38 - [TEST_STEP][PASSED] - Method.TextDegerineEsitElementeTikla(findTestObject("Filtreler/Butonlar"), Filtre_Buton): Method.TextDegerineEsitElementeTikla is PASSED

2021-11-18 11:45:38 - [MESSAGE][INFO] - Finding Test Object 'Object Repository/Filtreler/Butonlar'

2021-11-18 11:45:38 - [MESSAGE][INFO] - Checking timeout

2021-11-18 11:45:38 - [MESSAGE][INFO] - Finding web element with id: 'Object Repository/Filtreler/Butonlar' located by 'By.cssSelector: .dxb>span' in '10' second(s)

2021-11-18 11:45:38 - [MESSAGE][INFO] - Smart Wait Function is triggered

2021-11-18 11:45:38 - [MESSAGE][INFO] - Found 3 web elements with id: 'Object Repository/Filtreler/Butonlar' located by 'By.cssSelector: .dxb>span' in '10' second(s)

2021-11-18 11:45:38 - [MESSAGE][PASSED] - Method.TextDegerineEsitElementeTikla is PASSED

2021-11-18 11:45:38 - [MESSAGE][PASSED] - Call Test Case 'Test Cases/Filtreler/ButonaTikla' successfully

2021-11-18 11:45:38 - [MESSAGE][INFO] - Checking called Test Case

2021-11-18 11:45:38 - [MESSAGE][INFO] - Starting to call Test Case 'Test Cases/Tablo/TablodaVeriVarMi'

2021-11-18 11:45:39 - [TEST_CASE][PASSED] - Test Cases/Tablo/TablodaVeriVarMi: Test Cases/Tablo/TablodaVeriVarMi

2021-11-18 11:45:39 - [TEST_STEP][PASSED] - verifyTextNotPresent("Görüntülenecek veri yok", true): Text 'Görüntülenecek veri yok' is not present on page using regular expression

2021-11-18 11:45:39 - [MESSAGE][INFO] - Checking text present  using regular expression

2021-11-18 11:45:39 - [MESSAGE][INFO] - Smart Wait Function is triggered

2021-11-18 11:45:40 - [MESSAGE][INFO] - Finding text 'Görüntülenecek veri yok' on page  using regular expression

2021-11-18 11:45:40 - [MESSAGE][PASSED] - Text 'Görüntülenecek veri yok' is not present on page using regular expression

2021-11-18 11:45:40 - [MESSAGE][PASSED] - Call Test Case 'Test Cases/Tablo/TablodaVeriVarMi' successfully

2021-11-18 11:45:40 - [MESSAGE][INFO] - Checking called Test Case

2021-11-18 11:45:40 - [MESSAGE][INFO] - Starting to call Test Case 'Test Cases/Tablo/TablodanVeriSec'

2021-11-18 11:45:40 - [TEST_CASE][PASSED] - Test Cases/Tablo/TablodanVeriSec: Test Cases/Tablo/TablodanVeriSec

2021-11-18 11:45:40 - [TEST_STEP][PASSED] - Method.TextDegerineEsitElementinAltindakineTikla(findTestObject("Tablo/Veriler"), findTestObject("Tablo/VerininCheckBoxi"), Veri_Adi): Method.TextDegerineEsitElementinAltindakineTikla is PASSED

2021-11-18 11:45:40 - [MESSAGE][INFO] - Finding Test Object 'Object Repository/Tablo/Veriler'

2021-11-18 11:45:40 - [MESSAGE][INFO] - Finding Test Object 'Object Repository/Tablo/VerininCheckBoxi'

2021-11-18 11:45:40 - [MESSAGE][INFO] - Checking timeout

2021-11-18 11:45:40 - [MESSAGE][INFO] - Finding web element with id: 'Object Repository/Tablo/Veriler' located by 'By.cssSelector: td.dxgv b ,td.dxgv' in '10' second(s)

2021-11-18 11:45:40 - [MESSAGE][INFO] - Smart Wait Function is triggered

2021-11-18 11:45:40 - [MESSAGE][INFO] - Found 90 web elements with id: 'Object Repository/Tablo/Veriler' located by 'By.cssSelector: td.dxgv b ,td.dxgv' in '10' second(s)

2021-11-18 11:45:40 - [MESSAGE][INFO] - Smart Wait Function is triggered

2021-11-18 11:45:41 - [MESSAGE][PASSED] - Method.TextDegerineEsitElementinAltindakineTikla is PASSED

2021-11-18 11:45:41 - [MESSAGE][PASSED] - Call Test Case 'Test Cases/Tablo/TablodanVeriSec' successfully

2021-11-18 11:45:41 - [MESSAGE][INFO] - Checking called Test Case

2021-11-18 11:45:41 - [MESSAGE][INFO] - Starting to call Test Case 'Test Cases/Butonlar/ButonaTikla'

2021-11-18 11:45:41 - [TEST_CASE][PASSED] - Test Cases/Butonlar/ButonaTikla: Test Cases/Butonlar/ButonaTikla

2021-11-18 11:45:41 - [TEST_STEP][PASSED] - Method.TextDegerineEsitElementeTiklaEquals(findTestObject("Butonlar/Butonlar"), Buton_Adi): Method.TextDegerineEsitElementeTiklaEquals is PASSED

2021-11-18 11:45:41 - [MESSAGE][INFO] - Finding Test Object 'Object Repository/Butonlar/Butonlar'

2021-11-18 11:45:41 - [MESSAGE][INFO] - Checking timeout

2021-11-18 11:45:41 - [MESSAGE][INFO] - Finding web element with id: 'Object Repository/Butonlar/Butonlar' located by 'By.cssSelector: .panel.panel-default.text-center.footerPanel .btn,.btn.btn-primary.btnControls' in '10' second(s)

2021-11-18 11:45:41 - [MESSAGE][INFO] - Smart Wait Function is triggered

2021-11-18 11:45:41 - [MESSAGE][INFO] - Found 6 web elements with id: 'Object Repository/Butonlar/Butonlar' located by 'By.cssSelector: .panel.panel-default.text-center.footerPanel .btn,.btn.btn-primary.btnControls' in '10' second(s)

2021-11-18 11:45:41 - [MESSAGE][PASSED] - Method.TextDegerineEsitElementeTiklaEquals is PASSED

2021-11-18 11:45:41 - [MESSAGE][PASSED] - Call Test Case 'Test Cases/Butonlar/ButonaTikla' successfully

2021-11-18 11:45:41 - [MESSAGE][INFO] - Checking called Test Case

2021-11-18 11:45:41 - [MESSAGE][INFO] - Starting to call Test Case 'Test Cases/Butonlar/AltButonaTikla'

2021-11-18 11:45:41 - [TEST_CASE][PASSED] - Test Cases/Butonlar/AltButonaTikla: Test Cases/Butonlar/AltButonaTikla

2021-11-18 11:45:41 - [TEST_STEP][PASSED] - Method.TextDegerineEsitElementeTikla(findTestObject("Butonlar/AltButonlar"), Alt_Buton): Method.TextDegerineEsitElementeTikla is PASSED

2021-11-18 11:45:41 - [MESSAGE][INFO] - Finding Test Object 'Object Repository/Butonlar/AltButonlar'

2021-11-18 11:45:41 - [MESSAGE][INFO] - Checking timeout

2021-11-18 11:45:41 - [MESSAGE][INFO] - Finding web element with id: 'Object Repository/Butonlar/AltButonlar' located by 'By.cssSelector: .btn-group.open li>a' in '10' second(s)

2021-11-18 11:45:41 - [MESSAGE][INFO] - Smart Wait Function is triggered

2021-11-18 11:45:42 - [MESSAGE][INFO] - Found 2 web elements with id: 'Object Repository/Butonlar/AltButonlar' located by 'By.cssSelector: .btn-group.open li>a' in '10' second(s)

2021-11-18 11:45:42 - [MESSAGE][PASSED] - Method.TextDegerineEsitElementeTikla is PASSED

2021-11-18 11:45:42 - [MESSAGE][PASSED] - Call Test Case 'Test Cases/Butonlar/AltButonaTikla' successfully

2021-11-18 11:45:42 - [MESSAGE][INFO] - Checking called Test Case

2021-11-18 11:45:42 - [MESSAGE][INFO] - Starting to call Test Case 'Test Cases/Popup/PopupMesajiIceriyorMu'

2021-11-18 11:45:42 - [TEST_CASE][PASSED] - Test Cases/Popup/PopupMesajiIceriyorMu: Test Cases/Popup/PopupMesajiIceriyorMu

2021-11-18 11:45:42 - [TEST_STEP][PASSED] - waitForElementVisible(findTestObject("Popup/Popup"), 10): Object 'Object Repository/Popup/Popup' is visible

2021-11-18 11:45:42 - [MESSAGE][INFO] - Finding Test Object 'Object Repository/Popup/Popup'

2021-11-18 11:45:42 - [MESSAGE][INFO] - Checking object

2021-11-18 11:45:42 - [MESSAGE][INFO] - Checking timeout

2021-11-18 11:45:42 - [MESSAGE][INFO] - Finding web element from Test Object's properties

2021-11-18 11:45:42 - [MESSAGE][INFO] - Checking timeout

2021-11-18 11:45:42 - [MESSAGE][INFO] - Finding web element with id: 'Object Repository/Popup/Popup' located by 'By.cssSelector: .bootbox-body' in '10' second(s)

2021-11-18 11:45:42 - [MESSAGE][INFO] - Smart Wait Function is triggered

2021-11-18 11:45:43 - [MESSAGE][INFO] - Found 1 web elements with id: 'Object Repository/Popup/Popup' located by 'By.cssSelector: .bootbox-body' in '10' second(s)

2021-11-18 11:45:43 - [MESSAGE][PASSED] - Object 'Object Repository/Popup/Popup' is visible

2021-11-18 11:45:43 - [TEST_STEP][PASSED] - if (!(getText(findTestObject("Popup/Popup")).contains(Mesaj))): Text of object 'Object Repository/Popup/Popup' is: 'Lütfen rapor bildiriminin gönderileceği e-posta adresini belirtiniz.
e-Posta Adresi'

2021-11-18 11:45:43 - [MESSAGE][INFO] - Finding Test Object 'Object Repository/Popup/Popup'

2021-11-18 11:45:43 - [MESSAGE][INFO] - Checking object

2021-11-18 11:45:43 - [MESSAGE][INFO] - Finding web element from Test Object's properties

2021-11-18 11:45:43 - [MESSAGE][INFO] - Checking timeout

2021-11-18 11:45:43 - [MESSAGE][INFO] - Finding web element with id: 'Object Repository/Popup/Popup' located by 'By.cssSelector: .bootbox-body' in '30' second(s)

2021-11-18 11:45:43 - [MESSAGE][INFO] - Smart Wait Function is triggered

2021-11-18 11:45:43 - [MESSAGE][INFO] - Found 1 web elements with id: 'Object Repository/Popup/Popup' located by 'By.cssSelector: .bootbox-body' in '30' second(s)

2021-11-18 11:45:43 - [MESSAGE][INFO] - Getting text of object 'Object Repository/Popup/Popup'

2021-11-18 11:45:43 - [MESSAGE][PASSED] - Text of object 'Object Repository/Popup/Popup' is: 'Lütfen rapor bildiriminin gönderileceği e-posta adresini belirtiniz.
e-Posta Adresi'

2021-11-18 11:45:43 - [TEST_STEP][PASSED] - RaporNo = getText(findTestObject("Popup/Popup")).substring(0, 6): Text of object 'Object Repository/Popup/Popup' is: 'Lütfen rapor bildiriminin gönderileceği e-posta adresini belirtiniz.
e-Posta Adresi'

2021-11-18 11:45:43 - [MESSAGE][INFO] - Finding Test Object 'Object Repository/Popup/Popup'

2021-11-18 11:45:43 - [MESSAGE][INFO] - Checking object

2021-11-18 11:45:43 - [MESSAGE][INFO] - Finding web element from Test Object's properties

2021-11-18 11:45:43 - [MESSAGE][INFO] - Checking timeout

2021-11-18 11:45:43 - [MESSAGE][INFO] - Finding web element with id: 'Object Repository/Popup/Popup' located by 'By.cssSelector: .bootbox-body' in '30' second(s)

2021-11-18 11:45:43 - [MESSAGE][INFO] - Smart Wait Function is triggered

2021-11-18 11:45:43 - [MESSAGE][INFO] - Found 1 web elements with id: 'Object Repository/Popup/Popup' located by 'By.cssSelector: .bootbox-body' in '30' second(s)

2021-11-18 11:45:43 - [MESSAGE][INFO] - Getting text of object 'Object Repository/Popup/Popup'

2021-11-18 11:45:43 - [MESSAGE][PASSED] - Text of object 'Object Repository/Popup/Popup' is: 'Lütfen rapor bildiriminin gönderileceği e-posta adresini belirtiniz.
e-Posta Adresi'

2021-11-18 11:45:43 - [TEST_STEP][PASSED] - Console.println(RaporNo): null

2021-11-18 11:45:43 - [MESSAGE][PASSED] - Call Test Case 'Test Cases/Popup/PopupMesajiIceriyorMu' successfully

2021-11-18 11:45:43 - [MESSAGE][INFO] - Checking called Test Case

2021-11-18 11:45:43 - [MESSAGE][INFO] - Starting to call Test Case 'Test Cases/Popup/PopupaEmailEklenir'

2021-11-18 11:45:44 - [TEST_CASE][PASSED] - Test Cases/Popup/PopupaEmailEklenir: Test Cases/Popup/PopupaEmailEklenir

2021-11-18 11:45:44 - [TEST_STEP][PASSED] - clearText(findTestObject("Popup/EmailText")): Text of object 'Object Repository/Popup/EmailText' is cleared

2021-11-18 11:45:44 - [MESSAGE][INFO] - Finding Test Object 'Object Repository/Popup/EmailText'

2021-11-18 11:45:44 - [MESSAGE][INFO] - Checking object

2021-11-18 11:45:44 - [MESSAGE][INFO] - Finding web element from Test Object's properties

2021-11-18 11:45:44 - [MESSAGE][INFO] - Checking timeout

2021-11-18 11:45:44 - [MESSAGE][INFO] - Finding web element with id: 'Object Repository/Popup/EmailText' located by 'By.xpath: //*[@id="eMails"]' in '30' second(s)

2021-11-18 11:45:44 - [MESSAGE][INFO] - Smart Wait Function is triggered

2021-11-18 11:45:44 - [MESSAGE][INFO] - Found 1 web elements with id: 'Object Repository/Popup/EmailText' located by 'By.xpath: //*[@id="eMails"]' in '30' second(s)

2021-11-18 11:45:44 - [MESSAGE][INFO] - Clearing text of object 'Object Repository/Popup/EmailText'

2021-11-18 11:45:44 - [MESSAGE][PASSED] - Text of object 'Object Repository/Popup/EmailText' is cleared

2021-11-18 11:45:44 - [TEST_STEP][PASSED] - sendKeys(findTestObject("Popup/EmailText"), Email): Keys 'elogotest@gmail.com;ali.kara@logo.com.tr' sent to object: 'Object Repository/Popup/EmailText'

2021-11-18 11:45:44 - [MESSAGE][INFO] - Finding Test Object 'Object Repository/Popup/EmailText'

2021-11-18 11:45:44 - [MESSAGE][INFO] - Sending keys 'elogotest@gmail.com;ali.kara@logo.com.tr' to object: 'Object Repository/Popup/EmailText'

2021-11-18 11:45:44 - [MESSAGE][INFO] - Finding web element from Test Object's properties

2021-11-18 11:45:44 - [MESSAGE][INFO] - Checking timeout

2021-11-18 11:45:44 - [MESSAGE][INFO] - Finding web element with id: 'Object Repository/Popup/EmailText' located by 'By.xpath: //*[@id="eMails"]' in '30' second(s)

2021-11-18 11:45:44 - [MESSAGE][INFO] - Smart Wait Function is triggered

2021-11-18 11:45:44 - [MESSAGE][INFO] - Found 1 web elements with id: 'Object Repository/Popup/EmailText' located by 'By.xpath: //*[@id="eMails"]' in '30' second(s)

2021-11-18 11:45:44 - [MESSAGE][PASSED] - Keys 'elogotest@gmail.com;ali.kara@logo.com.tr' sent to object: 'Object Repository/Popup/EmailText'

2021-11-18 11:45:44 - [MESSAGE][PASSED] - Call Test Case 'Test Cases/Popup/PopupaEmailEklenir' successfully

2021-11-18 11:45:44 - [MESSAGE][INFO] - Checking called Test Case

2021-11-18 11:45:44 - [MESSAGE][INFO] - Starting to call Test Case 'Test Cases/Popup/PopupButonSecilir'

2021-11-18 11:45:45 - [TEST_CASE][PASSED] - Test Cases/Popup/PopupButonSecilir: Test Cases/Popup/PopupButonSecilir

2021-11-18 11:45:45 - [TEST_STEP][PASSED] - Method.TextDegerineEsitElementeTikla(findTestObject("Popup/Popup_Butons"), Buton): Method.TextDegerineEsitElementeTikla is PASSED

2021-11-18 11:45:45 - [MESSAGE][INFO] - Finding Test Object 'Object Repository/Popup/Popup_Butons'

2021-11-18 11:45:45 - [MESSAGE][INFO] - Checking timeout

2021-11-18 11:45:45 - [MESSAGE][INFO] - Finding web element with id: 'Object Repository/Popup/Popup_Butons' located by 'By.cssSelector: .modal-footer>button' in '10' second(s)

2021-11-18 11:45:45 - [MESSAGE][INFO] - Smart Wait Function is triggered

2021-11-18 11:45:45 - [MESSAGE][INFO] - Found 2 web elements with id: 'Object Repository/Popup/Popup_Butons' located by 'By.cssSelector: .modal-footer>button' in '10' second(s)

2021-11-18 11:45:45 - [MESSAGE][PASSED] - Method.TextDegerineEsitElementeTikla is PASSED

2021-11-18 11:45:45 - [MESSAGE][PASSED] - Call Test Case 'Test Cases/Popup/PopupButonSecilir' successfully

2021-11-18 11:45:45 - [MESSAGE][INFO] - Checking called Test Case

2021-11-18 11:45:45 - [MESSAGE][INFO] - Starting to call Test Case 'Test Cases/Popup/PopupMesajiIceriyorMu'

2021-11-18 11:45:45 - [TEST_CASE][PASSED] - Test Cases/Popup/PopupMesajiIceriyorMu: Test Cases/Popup/PopupMesajiIceriyorMu

2021-11-18 11:45:45 - [TEST_STEP][PASSED] - waitForElementVisible(findTestObject("Popup/Popup"), 10): Object 'Object Repository/Popup/Popup' is visible

2021-11-18 11:45:45 - [MESSAGE][INFO] - Finding Test Object 'Object Repository/Popup/Popup'

2021-11-18 11:45:45 - [MESSAGE][INFO] - Checking object

2021-11-18 11:45:45 - [MESSAGE][INFO] - Checking timeout

2021-11-18 11:45:45 - [MESSAGE][INFO] - Finding web element from Test Object's properties

2021-11-18 11:45:45 - [MESSAGE][INFO] - Checking timeout

2021-11-18 11:45:45 - [MESSAGE][INFO] - Finding web element with id: 'Object Repository/Popup/Popup' located by 'By.cssSelector: .bootbox-body' in '10' second(s)

2021-11-18 11:45:45 - [MESSAGE][INFO] - Smart Wait Function is triggered

2021-11-18 11:45:46 - [MESSAGE][INFO] - Found 1 web elements with id: 'Object Repository/Popup/Popup' located by 'By.cssSelector: .bootbox-body' in '10' second(s)

2021-11-18 11:45:46 - [MESSAGE][PASSED] - Object 'Object Repository/Popup/Popup' is visible

2021-11-18 11:45:46 - [TEST_STEP][PASSED] - if (!(getText(findTestObject("Popup/Popup")).contains(Mesaj))): Text of object 'Object Repository/Popup/Popup' is: '17398 no’lu talebiniz işleme alınmıştır. Raporunuz hazırlandığında (elogotest@gmail.com;ali.kara@logo.com.tr) adresinize mail gönderilecektir.
Rapor durumunuzu Raporlar > Toplu Veri İndirme ekranından takip edebilir, hazırlandı durumundaki raporlarınızı ilgili menüden indirebilirsiniz.'

2021-11-18 11:45:46 - [MESSAGE][INFO] - Finding Test Object 'Object Repository/Popup/Popup'

2021-11-18 11:45:46 - [MESSAGE][INFO] - Checking object

2021-11-18 11:45:46 - [MESSAGE][INFO] - Finding web element from Test Object's properties

2021-11-18 11:45:46 - [MESSAGE][INFO] - Checking timeout

2021-11-18 11:45:46 - [MESSAGE][INFO] - Finding web element with id: 'Object Repository/Popup/Popup' located by 'By.cssSelector: .bootbox-body' in '30' second(s)

2021-11-18 11:45:46 - [MESSAGE][INFO] - Smart Wait Function is triggered

2021-11-18 11:45:46 - [MESSAGE][INFO] - Found 1 web elements with id: 'Object Repository/Popup/Popup' located by 'By.cssSelector: .bootbox-body' in '30' second(s)

2021-11-18 11:45:46 - [MESSAGE][INFO] - Getting text of object 'Object Repository/Popup/Popup'

2021-11-18 11:45:46 - [MESSAGE][PASSED] - Text of object 'Object Repository/Popup/Popup' is: '17398 no’lu talebiniz işleme alınmıştır. Raporunuz hazırlandığında (elogotest@gmail.com;ali.kara@logo.com.tr) adresinize mail gönderilecektir.
Rapor durumunuzu Raporlar > Toplu Veri İndirme ekranından takip edebilir, hazırlandı durumundaki raporlarınızı ilgili menüden indirebilirsiniz.'

2021-11-18 11:45:46 - [TEST_STEP][PASSED] - RaporNo = getText(findTestObject("Popup/Popup")).substring(0, 6): Text of object 'Object Repository/Popup/Popup' is: '17398 no’lu talebiniz işleme alınmıştır. Raporunuz hazırlandığında (elogotest@gmail.com;ali.kara@logo.com.tr) adresinize mail gönderilecektir.
Rapor durumunuzu Raporlar > Toplu Veri İndirme ekranından takip edebilir, hazırlandı durumundaki raporlarınızı ilgili menüden indirebilirsiniz.'

2021-11-18 11:45:46 - [MESSAGE][INFO] - Finding Test Object 'Object Repository/Popup/Popup'

2021-11-18 11:45:47 - [MESSAGE][INFO] - Checking object

2021-11-18 11:45:47 - [MESSAGE][INFO] - Finding web element from Test Object's properties

2021-11-18 11:45:47 - [MESSAGE][INFO] - Checking timeout

2021-11-18 11:45:47 - [MESSAGE][INFO] - Finding web element with id: 'Object Repository/Popup/Popup' located by 'By.cssSelector: .bootbox-body' in '30' second(s)

2021-11-18 11:45:47 - [MESSAGE][INFO] - Smart Wait Function is triggered

2021-11-18 11:45:47 - [MESSAGE][INFO] - Found 1 web elements with id: 'Object Repository/Popup/Popup' located by 'By.cssSelector: .bootbox-body' in '30' second(s)

2021-11-18 11:45:47 - [MESSAGE][INFO] - Getting text of object 'Object Repository/Popup/Popup'

2021-11-18 11:45:47 - [MESSAGE][PASSED] - Text of object 'Object Repository/Popup/Popup' is: '17398 no’lu talebiniz işleme alınmıştır. Raporunuz hazırlandığında (elogotest@gmail.com;ali.kara@logo.com.tr) adresinize mail gönderilecektir.
Rapor durumunuzu Raporlar > Toplu Veri İndirme ekranından takip edebilir, hazırlandı durumundaki raporlarınızı ilgili menüden indirebilirsiniz.'

2021-11-18 11:45:47 - [TEST_STEP][PASSED] - Console.println(RaporNo): null

2021-11-18 11:45:47 - [MESSAGE][PASSED] - Call Test Case 'Test Cases/Popup/PopupMesajiIceriyorMu' successfully

2021-11-18 11:45:47 - [MESSAGE][INFO] - Checking called Test Case

2021-11-18 11:45:47 - [MESSAGE][INFO] - Starting to call Test Case 'Test Cases/Popup/PopupButonSecilir'

2021-11-18 11:45:47 - [TEST_CASE][PASSED] - Test Cases/Popup/PopupButonSecilir: Test Cases/Popup/PopupButonSecilir

2021-11-18 11:45:47 - [TEST_STEP][PASSED] - Method.TextDegerineEsitElementeTikla(findTestObject("Popup/Popup_Butons"), Buton): Method.TextDegerineEsitElementeTikla is PASSED

2021-11-18 11:45:47 - [MESSAGE][INFO] - Finding Test Object 'Object Repository/Popup/Popup_Butons'

2021-11-18 11:45:47 - [MESSAGE][INFO] - Checking timeout

2021-11-18 11:45:47 - [MESSAGE][INFO] - Finding web element with id: 'Object Repository/Popup/Popup_Butons' located by 'By.cssSelector: .modal-footer>button' in '10' second(s)

2021-11-18 11:45:47 - [MESSAGE][INFO] - Smart Wait Function is triggered

2021-11-18 11:45:47 - [MESSAGE][INFO] - Found 1 web elements with id: 'Object Repository/Popup/Popup_Butons' located by 'By.cssSelector: .modal-footer>button' in '10' second(s)

2021-11-18 11:45:48 - [MESSAGE][PASSED] - Method.TextDegerineEsitElementeTikla is PASSED

2021-11-18 11:45:48 - [MESSAGE][PASSED] - Call Test Case 'Test Cases/Popup/PopupButonSecilir' successfully

2021-11-18 11:45:48 - [MESSAGE][INFO] - Checking called Test Case

2021-11-18 11:45:48 - [MESSAGE][INFO] - Starting to call Test Case 'Test Cases/Butonlar/ButonaTikla'

2021-11-18 11:45:48 - [TEST_CASE][PASSED] - Test Cases/Butonlar/ButonaTikla: Test Cases/Butonlar/ButonaTikla

2021-11-18 11:45:48 - [TEST_STEP][PASSED] - Method.TextDegerineEsitElementeTiklaEquals(findTestObject("Butonlar/Butonlar"), Buton_Adi): Method.TextDegerineEsitElementeTiklaEquals is PASSED

2021-11-18 11:45:48 - [MESSAGE][INFO] - Finding Test Object 'Object Repository/Butonlar/Butonlar'

2021-11-18 11:45:48 - [MESSAGE][INFO] - Checking timeout

2021-11-18 11:45:48 - [MESSAGE][INFO] - Finding web element with id: 'Object Repository/Butonlar/Butonlar' located by 'By.cssSelector: .panel.panel-default.text-center.footerPanel .btn,.btn.btn-primary.btnControls' in '10' second(s)

2021-11-18 11:45:48 - [MESSAGE][INFO] - Smart Wait Function is triggered

2021-11-18 11:45:48 - [MESSAGE][INFO] - Found 6 web elements with id: 'Object Repository/Butonlar/Butonlar' located by 'By.cssSelector: .panel.panel-default.text-center.footerPanel .btn,.btn.btn-primary.btnControls' in '10' second(s)

2021-11-18 11:45:48 - [MESSAGE][PASSED] - Method.TextDegerineEsitElementeTiklaEquals is PASSED

2021-11-18 11:45:48 - [MESSAGE][PASSED] - Call Test Case 'Test Cases/Butonlar/ButonaTikla' successfully

2021-11-18 11:45:48 - [MESSAGE][INFO] - Checking called Test Case

2021-11-18 11:45:48 - [MESSAGE][INFO] - Starting to call Test Case 'Test Cases/Butonlar/AltButonaTikla'

2021-11-18 11:45:48 - [TEST_CASE][PASSED] - Test Cases/Butonlar/AltButonaTikla: Test Cases/Butonlar/AltButonaTikla

2021-11-18 11:45:48 - [TEST_STEP][PASSED] - Method.TextDegerineEsitElementeTikla(findTestObject("Butonlar/AltButonlar"), Alt_Buton): Method.TextDegerineEsitElementeTikla is PASSED

2021-11-18 11:45:48 - [MESSAGE][INFO] - Finding Test Object 'Object Repository/Butonlar/AltButonlar'

2021-11-18 11:45:49 - [MESSAGE][INFO] - Checking timeout

2021-11-18 11:45:49 - [MESSAGE][INFO] - Finding web element with id: 'Object Repository/Butonlar/AltButonlar' located by 'By.cssSelector: .btn-group.open li>a' in '10' second(s)

2021-11-18 11:45:49 - [MESSAGE][INFO] - Smart Wait Function is triggered

2021-11-18 11:45:49 - [MESSAGE][INFO] - Found 2 web elements with id: 'Object Repository/Butonlar/AltButonlar' located by 'By.cssSelector: .btn-group.open li>a' in '10' second(s)

2021-11-18 11:45:49 - [MESSAGE][PASSED] - Method.TextDegerineEsitElementeTikla is PASSED

2021-11-18 11:45:49 - [MESSAGE][PASSED] - Call Test Case 'Test Cases/Butonlar/AltButonaTikla' successfully

2021-11-18 11:45:49 - [MESSAGE][INFO] - Checking called Test Case

2021-11-18 11:45:49 - [MESSAGE][INFO] - Starting to call Test Case 'Test Cases/Popup/PopupMesajiIceriyorMu'

2021-11-18 11:45:49 - [TEST_CASE][PASSED] - Test Cases/Popup/PopupMesajiIceriyorMu: Test Cases/Popup/PopupMesajiIceriyorMu

2021-11-18 11:45:49 - [TEST_STEP][PASSED] - waitForElementVisible(findTestObject("Popup/Popup"), 10): Object 'Object Repository/Popup/Popup' is visible

2021-11-18 11:45:49 - [MESSAGE][INFO] - Finding Test Object 'Object Repository/Popup/Popup'

2021-11-18 11:45:49 - [MESSAGE][INFO] - Checking object

2021-11-18 11:45:49 - [MESSAGE][INFO] - Checking timeout

2021-11-18 11:45:49 - [MESSAGE][INFO] - Finding web element from Test Object's properties

2021-11-18 11:45:49 - [MESSAGE][INFO] - Checking timeout

2021-11-18 11:45:49 - [MESSAGE][INFO] - Finding web element with id: 'Object Repository/Popup/Popup' located by 'By.cssSelector: .bootbox-body' in '10' second(s)

2021-11-18 11:45:49 - [MESSAGE][INFO] - Smart Wait Function is triggered

2021-11-18 11:45:50 - [MESSAGE][INFO] - Found 1 web elements with id: 'Object Repository/Popup/Popup' located by 'By.cssSelector: .bootbox-body' in '10' second(s)

2021-11-18 11:45:50 - [MESSAGE][PASSED] - Object 'Object Repository/Popup/Popup' is visible

2021-11-18 11:45:50 - [TEST_STEP][PASSED] - if (!(getText(findTestObject("Popup/Popup")).contains(Mesaj))): Text of object 'Object Repository/Popup/Popup' is: 'Lütfen rapor bildiriminin gönderileceği e-posta adresini belirtiniz.
e-Posta Adresi'

2021-11-18 11:45:50 - [MESSAGE][INFO] - Finding Test Object 'Object Repository/Popup/Popup'

2021-11-18 11:45:50 - [MESSAGE][INFO] - Checking object

2021-11-18 11:45:50 - [MESSAGE][INFO] - Finding web element from Test Object's properties

2021-11-18 11:45:50 - [MESSAGE][INFO] - Checking timeout

2021-11-18 11:45:50 - [MESSAGE][INFO] - Finding web element with id: 'Object Repository/Popup/Popup' located by 'By.cssSelector: .bootbox-body' in '30' second(s)

2021-11-18 11:45:50 - [MESSAGE][INFO] - Smart Wait Function is triggered

2021-11-18 11:45:50 - [MESSAGE][INFO] - Found 1 web elements with id: 'Object Repository/Popup/Popup' located by 'By.cssSelector: .bootbox-body' in '30' second(s)

2021-11-18 11:45:50 - [MESSAGE][INFO] - Getting text of object 'Object Repository/Popup/Popup'

2021-11-18 11:45:50 - [MESSAGE][PASSED] - Text of object 'Object Repository/Popup/Popup' is: 'Lütfen rapor bildiriminin gönderileceği e-posta adresini belirtiniz.
e-Posta Adresi'

2021-11-18 11:45:50 - [TEST_STEP][PASSED] - RaporNo = getText(findTestObject("Popup/Popup")).substring(0, 6): Text of object 'Object Repository/Popup/Popup' is: 'Lütfen rapor bildiriminin gönderileceği e-posta adresini belirtiniz.
e-Posta Adresi'

2021-11-18 11:45:50 - [MESSAGE][INFO] - Finding Test Object 'Object Repository/Popup/Popup'

2021-11-18 11:45:50 - [MESSAGE][INFO] - Checking object

2021-11-18 11:45:50 - [MESSAGE][INFO] - Finding web element from Test Object's properties

2021-11-18 11:45:50 - [MESSAGE][INFO] - Checking timeout

2021-11-18 11:45:50 - [MESSAGE][INFO] - Finding web element with id: 'Object Repository/Popup/Popup' located by 'By.cssSelector: .bootbox-body' in '30' second(s)

2021-11-18 11:45:50 - [MESSAGE][INFO] - Smart Wait Function is triggered

2021-11-18 11:45:50 - [MESSAGE][INFO] - Found 1 web elements with id: 'Object Repository/Popup/Popup' located by 'By.cssSelector: .bootbox-body' in '30' second(s)

2021-11-18 11:45:50 - [MESSAGE][INFO] - Getting text of object 'Object Repository/Popup/Popup'

2021-11-18 11:45:50 - [MESSAGE][PASSED] - Text of object 'Object Repository/Popup/Popup' is: 'Lütfen rapor bildiriminin gönderileceği e-posta adresini belirtiniz.
e-Posta Adresi'

2021-11-18 11:45:50 - [TEST_STEP][PASSED] - Console.println(RaporNo): null

2021-11-18 11:45:50 - [MESSAGE][PASSED] - Call Test Case 'Test Cases/Popup/PopupMesajiIceriyorMu' successfully

2021-11-18 11:45:50 - [MESSAGE][INFO] - Checking called Test Case

2021-11-18 11:45:50 - [MESSAGE][INFO] - Starting to call Test Case 'Test Cases/Popup/PopupaEmailEklenir'

2021-11-18 11:45:50 - [TEST_CASE][PASSED] - Test Cases/Popup/PopupaEmailEklenir: Test Cases/Popup/PopupaEmailEklenir

2021-11-18 11:45:50 - [TEST_STEP][PASSED] - clearText(findTestObject("Popup/EmailText")): Text of object 'Object Repository/Popup/EmailText' is cleared

2021-11-18 11:45:50 - [MESSAGE][INFO] - Finding Test Object 'Object Repository/Popup/EmailText'

2021-11-18 11:45:51 - [MESSAGE][INFO] - Checking object

2021-11-18 11:45:51 - [MESSAGE][INFO] - Finding web element from Test Object's properties

2021-11-18 11:45:51 - [MESSAGE][INFO] - Checking timeout

2021-11-18 11:45:51 - [MESSAGE][INFO] - Finding web element with id: 'Object Repository/Popup/EmailText' located by 'By.xpath: //*[@id="eMails"]' in '30' second(s)

2021-11-18 11:45:51 - [MESSAGE][INFO] - Smart Wait Function is triggered

2021-11-18 11:45:51 - [MESSAGE][INFO] - Found 1 web elements with id: 'Object Repository/Popup/EmailText' located by 'By.xpath: //*[@id="eMails"]' in '30' second(s)

2021-11-18 11:45:51 - [MESSAGE][INFO] - Clearing text of object 'Object Repository/Popup/EmailText'

2021-11-18 11:45:51 - [MESSAGE][PASSED] - Text of object 'Object Repository/Popup/EmailText' is cleared

2021-11-18 11:45:51 - [TEST_STEP][PASSED] - sendKeys(findTestObject("Popup/EmailText"), Email): Keys 'elogotest@gmail.com;ali.kara@logo.com.tr' sent to object: 'Object Repository/Popup/EmailText'

2021-11-18 11:45:51 - [MESSAGE][INFO] - Finding Test Object 'Object Repository/Popup/EmailText'

2021-11-18 11:45:51 - [MESSAGE][INFO] - Sending keys 'elogotest@gmail.com;ali.kara@logo.com.tr' to object: 'Object Repository/Popup/EmailText'

2021-11-18 11:45:51 - [MESSAGE][INFO] - Finding web element from Test Object's properties

2021-11-18 11:45:51 - [MESSAGE][INFO] - Checking timeout

2021-11-18 11:45:51 - [MESSAGE][INFO] - Finding web element with id: 'Object Repository/Popup/EmailText' located by 'By.xpath: //*[@id="eMails"]' in '30' second(s)

2021-11-18 11:45:51 - [MESSAGE][INFO] - Smart Wait Function is triggered

2021-11-18 11:45:51 - [MESSAGE][INFO] - Found 1 web elements with id: 'Object Repository/Popup/EmailText' located by 'By.xpath: //*[@id="eMails"]' in '30' second(s)

2021-11-18 11:45:51 - [MESSAGE][PASSED] - Keys 'elogotest@gmail.com;ali.kara@logo.com.tr' sent to object: 'Object Repository/Popup/EmailText'

2021-11-18 11:45:51 - [MESSAGE][PASSED] - Call Test Case 'Test Cases/Popup/PopupaEmailEklenir' successfully

2021-11-18 11:45:51 - [MESSAGE][INFO] - Checking called Test Case

2021-11-18 11:45:51 - [MESSAGE][INFO] - Starting to call Test Case 'Test Cases/Popup/PopupButonSecilir'

2021-11-18 11:45:51 - [TEST_CASE][PASSED] - Test Cases/Popup/PopupButonSecilir: Test Cases/Popup/PopupButonSecilir

2021-11-18 11:45:51 - [TEST_STEP][PASSED] - Method.TextDegerineEsitElementeTikla(findTestObject("Popup/Popup_Butons"), Buton): Method.TextDegerineEsitElementeTikla is PASSED

2021-11-18 11:45:51 - [MESSAGE][INFO] - Finding Test Object 'Object Repository/Popup/Popup_Butons'

2021-11-18 11:45:51 - [MESSAGE][INFO] - Checking timeout

2021-11-18 11:45:51 - [MESSAGE][INFO] - Finding web element with id: 'Object Repository/Popup/Popup_Butons' located by 'By.cssSelector: .modal-footer>button' in '10' second(s)

2021-11-18 11:45:51 - [MESSAGE][INFO] - Smart Wait Function is triggered

2021-11-18 11:45:52 - [MESSAGE][INFO] - Found 2 web elements with id: 'Object Repository/Popup/Popup_Butons' located by 'By.cssSelector: .modal-footer>button' in '10' second(s)

2021-11-18 11:45:52 - [MESSAGE][PASSED] - Method.TextDegerineEsitElementeTikla is PASSED

2021-11-18 11:45:52 - [MESSAGE][PASSED] - Call Test Case 'Test Cases/Popup/PopupButonSecilir' successfully

2021-11-18 11:45:52 - [MESSAGE][INFO] - Checking called Test Case

2021-11-18 11:45:52 - [MESSAGE][INFO] - Starting to call Test Case 'Test Cases/Popup/PopupMesajiIceriyorMu'

2021-11-18 11:45:52 - [TEST_CASE][PASSED] - Test Cases/Popup/PopupMesajiIceriyorMu: Test Cases/Popup/PopupMesajiIceriyorMu

2021-11-18 11:45:52 - [TEST_STEP][PASSED] - waitForElementVisible(findTestObject("Popup/Popup"), 10): Object 'Object Repository/Popup/Popup' is visible

2021-11-18 11:45:52 - [MESSAGE][INFO] - Finding Test Object 'Object Repository/Popup/Popup'

2021-11-18 11:45:52 - [MESSAGE][INFO] - Checking object

2021-11-18 11:45:52 - [MESSAGE][INFO] - Checking timeout

2021-11-18 11:45:52 - [MESSAGE][INFO] - Finding web element from Test Object's properties

2021-11-18 11:45:52 - [MESSAGE][INFO] - Checking timeout

2021-11-18 11:45:52 - [MESSAGE][INFO] - Finding web element with id: 'Object Repository/Popup/Popup' located by 'By.cssSelector: .bootbox-body' in '10' second(s)

2021-11-18 11:45:52 - [MESSAGE][INFO] - Smart Wait Function is triggered

2021-11-18 11:45:53 - [MESSAGE][INFO] - Found 1 web elements with id: 'Object Repository/Popup/Popup' located by 'By.cssSelector: .bootbox-body' in '10' second(s)

2021-11-18 11:45:53 - [MESSAGE][PASSED] - Object 'Object Repository/Popup/Popup' is visible

2021-11-18 11:45:53 - [TEST_STEP][PASSED] - if (!(getText(findTestObject("Popup/Popup")).contains(Mesaj))): Text of object 'Object Repository/Popup/Popup' is: '17399 no’lu talebiniz işleme alınmıştır. Raporunuz hazırlandığında (elogotest@gmail.com;ali.kara@logo.com.tr) adresinize mail gönderilecektir.
Rapor durumunuzu Raporlar > Toplu Veri İndirme ekranından takip edebilir, hazırlandı durumundaki raporlarınızı ilgili menüden indirebilirsiniz.'

2021-11-18 11:45:53 - [MESSAGE][INFO] - Finding Test Object 'Object Repository/Popup/Popup'

2021-11-18 11:45:53 - [MESSAGE][INFO] - Checking object

2021-11-18 11:45:53 - [MESSAGE][INFO] - Finding web element from Test Object's properties

2021-11-18 11:45:53 - [MESSAGE][INFO] - Checking timeout

2021-11-18 11:45:53 - [MESSAGE][INFO] - Finding web element with id: 'Object Repository/Popup/Popup' located by 'By.cssSelector: .bootbox-body' in '30' second(s)

2021-11-18 11:45:53 - [MESSAGE][INFO] - Smart Wait Function is triggered

2021-11-18 11:45:53 - [MESSAGE][INFO] - Found 1 web elements with id: 'Object Repository/Popup/Popup' located by 'By.cssSelector: .bootbox-body' in '30' second(s)

2021-11-18 11:45:53 - [MESSAGE][INFO] - Getting text of object 'Object Repository/Popup/Popup'

2021-11-18 11:45:53 - [MESSAGE][PASSED] - Text of object 'Object Repository/Popup/Popup' is: '17399 no’lu talebiniz işleme alınmıştır. Raporunuz hazırlandığında (elogotest@gmail.com;ali.kara@logo.com.tr) adresinize mail gönderilecektir.
Rapor durumunuzu Raporlar > Toplu Veri İndirme ekranından takip edebilir, hazırlandı durumundaki raporlarınızı ilgili menüden indirebilirsiniz.'

2021-11-18 11:45:53 - [TEST_STEP][PASSED] - RaporNo = getText(findTestObject("Popup/Popup")).substring(0, 6): Text of object 'Object Repository/Popup/Popup' is: '17399 no’lu talebiniz işleme alınmıştır. Raporunuz hazırlandığında (elogotest@gmail.com;ali.kara@logo.com.tr) adresinize mail gönderilecektir.
Rapor durumunuzu Raporlar > Toplu Veri İndirme ekranından takip edebilir, hazırlandı durumundaki raporlarınızı ilgili menüden indirebilirsiniz.'

2021-11-18 11:45:53 - [MESSAGE][INFO] - Finding Test Object 'Object Repository/Popup/Popup'

2021-11-18 11:45:53 - [MESSAGE][INFO] - Checking object

2021-11-18 11:45:53 - [MESSAGE][INFO] - Finding web element from Test Object's properties

2021-11-18 11:45:53 - [MESSAGE][INFO] - Checking timeout

2021-11-18 11:45:53 - [MESSAGE][INFO] - Finding web element with id: 'Object Repository/Popup/Popup' located by 'By.cssSelector: .bootbox-body' in '30' second(s)

2021-11-18 11:45:53 - [MESSAGE][INFO] - Smart Wait Function is triggered

2021-11-18 11:45:53 - [MESSAGE][INFO] - Found 1 web elements with id: 'Object Repository/Popup/Popup' located by 'By.cssSelector: .bootbox-body' in '30' second(s)

2021-11-18 11:45:53 - [MESSAGE][INFO] - Getting text of object 'Object Repository/Popup/Popup'

2021-11-18 11:45:53 - [MESSAGE][PASSED] - Text of object 'Object Repository/Popup/Popup' is: '17399 no’lu talebiniz işleme alınmıştır. Raporunuz hazırlandığında (elogotest@gmail.com;ali.kara@logo.com.tr) adresinize mail gönderilecektir.
Rapor durumunuzu Raporlar > Toplu Veri İndirme ekranından takip edebilir, hazırlandı durumundaki raporlarınızı ilgili menüden indirebilirsiniz.'

2021-11-18 11:45:53 - [TEST_STEP][PASSED] - Console.println(RaporNo): null

2021-11-18 11:45:53 - [MESSAGE][PASSED] - Call Test Case 'Test Cases/Popup/PopupMesajiIceriyorMu' successfully

2021-11-18 11:45:53 - [MESSAGE][INFO] - Checking called Test Case

2021-11-18 11:45:53 - [MESSAGE][INFO] - Starting to call Test Case 'Test Cases/Popup/PopupButonSecilir'

2021-11-18 11:45:54 - [TEST_CASE][PASSED] - Test Cases/Popup/PopupButonSecilir: Test Cases/Popup/PopupButonSecilir

2021-11-18 11:45:54 - [TEST_STEP][PASSED] - Method.TextDegerineEsitElementeTikla(findTestObject("Popup/Popup_Butons"), Buton): Method.TextDegerineEsitElementeTikla is PASSED

2021-11-18 11:45:54 - [MESSAGE][INFO] - Finding Test Object 'Object Repository/Popup/Popup_Butons'

2021-11-18 11:45:54 - [MESSAGE][INFO] - Checking timeout

2021-11-18 11:45:54 - [MESSAGE][INFO] - Finding web element with id: 'Object Repository/Popup/Popup_Butons' located by 'By.cssSelector: .modal-footer>button' in '10' second(s)

2021-11-18 11:45:54 - [MESSAGE][INFO] - Smart Wait Function is triggered

2021-11-18 11:45:54 - [MESSAGE][INFO] - Found 1 web elements with id: 'Object Repository/Popup/Popup_Butons' located by 'By.cssSelector: .modal-footer>button' in '10' second(s)

2021-11-18 11:45:54 - [MESSAGE][PASSED] - Method.TextDegerineEsitElementeTikla is PASSED

2021-11-18 11:45:54 - [MESSAGE][PASSED] - Call Test Case 'Test Cases/Popup/PopupButonSecilir' successfully

2021-11-18 11:45:54 - [MESSAGE][INFO] - Checking called Test Case

2021-11-18 11:45:54 - [MESSAGE][INFO] - Starting to call Test Case 'Test Cases/Menu/AnaMenuSecimi'

2021-11-18 11:45:54 - [TEST_CASE][PASSED] - Test Cases/Menu/AnaMenuSecimi: Test Cases/Menu/AnaMenuSecimi

2021-11-18 11:45:54 - [TEST_STEP][PASSED] - Method.TextDegerineEsitElementeTikla(findTestObject("Menu/Ana_Menu"), Ana_Menu): Method.TextDegerineEsitElementeTikla is PASSED

2021-11-18 11:45:54 - [MESSAGE][INFO] - Finding Test Object 'Object Repository/Menu/Ana_Menu'

2021-11-18 11:45:54 - [MESSAGE][INFO] - Checking timeout

2021-11-18 11:45:54 - [MESSAGE][INFO] - Finding web element with id: 'Object Repository/Menu/Ana_Menu' located by 'By.xpath: //*[@class = 'dropdown-toggle']' in '10' second(s)

2021-11-18 11:45:54 - [MESSAGE][INFO] - Smart Wait Function is triggered

2021-11-18 11:45:55 - [MESSAGE][INFO] - Found 14 web elements with id: 'Object Repository/Menu/Ana_Menu' located by 'By.xpath: //*[@class = 'dropdown-toggle']' in '10' second(s)

2021-11-18 11:45:55 - [MESSAGE][PASSED] - Method.TextDegerineEsitElementeTikla is PASSED

2021-11-18 11:45:55 - [MESSAGE][PASSED] - Call Test Case 'Test Cases/Menu/AnaMenuSecimi' successfully

2021-11-18 11:45:55 - [MESSAGE][INFO] - Checking called Test Case

2021-11-18 11:45:55 - [MESSAGE][INFO] - Starting to call Test Case 'Test Cases/Menu/AltMenuSecimi'

2021-11-18 11:45:55 - [TEST_CASE][PASSED] - Test Cases/Menu/AltMenuSecimi: Test Cases/Menu/AltMenuSecimi

2021-11-18 11:45:55 - [TEST_STEP][PASSED] - Method.TextDegerineEsitElementeTikla(findTestObject("Menu/Alt_Menu"), Alt_Menu): Method.TextDegerineEsitElementeTikla is PASSED

2021-11-18 11:45:55 - [MESSAGE][INFO] - Finding Test Object 'Object Repository/Menu/Alt_Menu'

2021-11-18 11:45:55 - [MESSAGE][INFO] - Checking timeout

2021-11-18 11:45:55 - [MESSAGE][INFO] - Finding web element with id: 'Object Repository/Menu/Alt_Menu' located by 'By.xpath: //li[@class='dropdown dropdown-large open']//li[@class='dropdown-element']' in '10' second(s)

2021-11-18 11:45:55 - [MESSAGE][INFO] - Smart Wait Function is triggered

2021-11-18 11:45:55 - [MESSAGE][INFO] - Found 9 web elements with id: 'Object Repository/Menu/Alt_Menu' located by 'By.xpath: //li[@class='dropdown dropdown-large open']//li[@class='dropdown-element']' in '10' second(s)

2021-11-18 11:45:56 - [MESSAGE][PASSED] - Method.TextDegerineEsitElementeTikla is PASSED

2021-11-18 11:45:56 - [MESSAGE][PASSED] - Call Test Case 'Test Cases/Menu/AltMenuSecimi' successfully

2021-11-18 11:45:56 - [MESSAGE][INFO] - Checking called Test Case

2021-11-18 11:45:56 - [MESSAGE][INFO] - Starting to call Test Case 'Test Cases/Filtreler/RaporNoYaz'

2021-11-18 11:45:56 - [TEST_CASE][PASSED] - Test Cases/Filtreler/RaporNoYaz: Test Cases/Filtreler/RaporNoYaz

2021-11-18 11:45:56 - [TEST_STEP][PASSED] - Method.TextDegerineEsitElementinAltindakiTextboxtaYaz(findTestObject("Filtreler/Basliklar"), findTestObject("Filtreler/Basliga_Gore_Textbox"), "Talep No", RaporNo): Method.TextDegerineEsitElementinAltindakiTextboxtaYaz is PASSED

2021-11-18 11:45:56 - [MESSAGE][INFO] - Finding Test Object 'Object Repository/Filtreler/Basliklar'

2021-11-18 11:45:56 - [MESSAGE][INFO] - Finding Test Object 'Object Repository/Filtreler/Basliga_Gore_Textbox'

2021-11-18 11:45:57 - [MESSAGE][INFO] - Checking timeout

2021-11-18 11:45:57 - [MESSAGE][INFO] - Finding web element with id: 'Object Repository/Filtreler/Basliklar' located by 'By.cssSelector: .control-label.col-sm-4.paddingMarginRLC' in '10' second(s)

2021-11-18 11:45:57 - [MESSAGE][INFO] - Smart Wait Function is triggered

2021-11-18 11:45:57 - [MESSAGE][INFO] - Found 8 web elements with id: 'Object Repository/Filtreler/Basliklar' located by 'By.cssSelector: .control-label.col-sm-4.paddingMarginRLC' in '10' second(s)

2021-11-18 11:45:57 - [MESSAGE][INFO] - Smart Wait Function is triggered

2021-11-18 11:45:57 - [MESSAGE][PASSED] - Method.TextDegerineEsitElementinAltindakiTextboxtaYaz is PASSED

2021-11-18 11:45:57 - [MESSAGE][PASSED] - Call Test Case 'Test Cases/Filtreler/RaporNoYaz' successfully

2021-11-18 11:45:57 - [MESSAGE][INFO] - Checking called Test Case

2021-11-18 11:45:57 - [MESSAGE][INFO] - Starting to call Test Case 'Test Cases/Filtreler/ButonaTikla'

2021-11-18 11:45:57 - [TEST_CASE][PASSED] - Test Cases/Filtreler/ButonaTikla: Test Cases/Filtreler/ButonaTikla

2021-11-18 11:45:57 - [TEST_STEP][PASSED] - Method.TextDegerineEsitElementeTikla(findTestObject("Filtreler/Butonlar"), Filtre_Buton): Method.TextDegerineEsitElementeTikla is PASSED

2021-11-18 11:45:57 - [MESSAGE][INFO] - Finding Test Object 'Object Repository/Filtreler/Butonlar'

2021-11-18 11:45:58 - [MESSAGE][INFO] - Checking timeout

2021-11-18 11:45:58 - [MESSAGE][INFO] - Finding web element with id: 'Object Repository/Filtreler/Butonlar' located by 'By.cssSelector: .dxb>span' in '10' second(s)

2021-11-18 11:45:58 - [MESSAGE][INFO] - Smart Wait Function is triggered

2021-11-18 11:45:58 - [MESSAGE][INFO] - Found 2 web elements with id: 'Object Repository/Filtreler/Butonlar' located by 'By.cssSelector: .dxb>span' in '10' second(s)

2021-11-18 11:45:58 - [MESSAGE][PASSED] - Method.TextDegerineEsitElementeTikla is PASSED

2021-11-18 11:45:58 - [MESSAGE][PASSED] - Call Test Case 'Test Cases/Filtreler/ButonaTikla' successfully

2021-11-18 11:45:58 - [MESSAGE][INFO] - Checking called Test Case

2021-11-18 11:45:58 - [MESSAGE][INFO] - Starting to call Test Case 'Test Cases/Tablo/TablodaVeriVarMi'

2021-11-18 11:45:58 - [TEST_CASE][PASSED] - Test Cases/Tablo/TablodaVeriVarMi: Test Cases/Tablo/TablodaVeriVarMi

2021-11-18 11:45:58 - [TEST_STEP][PASSED] - verifyTextNotPresent("Görüntülenecek veri yok", true): Text 'Görüntülenecek veri yok' is not present on page using regular expression

2021-11-18 11:45:58 - [MESSAGE][INFO] - Checking text present  using regular expression

2021-11-18 11:45:58 - [MESSAGE][INFO] - Smart Wait Function is triggered

2021-11-18 11:45:59 - [MESSAGE][INFO] - Finding text 'Görüntülenecek veri yok' on page  using regular expression

2021-11-18 11:45:59 - [MESSAGE][PASSED] - Text 'Görüntülenecek veri yok' is not present on page using regular expression

2021-11-18 11:45:59 - [MESSAGE][PASSED] - Call Test Case 'Test Cases/Tablo/TablodaVeriVarMi' successfully

2021-11-18 11:45:59 - [MESSAGE][INFO] - Checking called Test Case

2021-11-18 11:45:59 - [MESSAGE][INFO] - Starting to call Test Case 'Test Cases/Kullanici_Islemleri/KullaniciIslemlerindenSecimYapilir'

2021-11-18 11:45:59 - [TEST_CASE][PASSED] - Test Cases/Kullanici_Islemleri/KullaniciIslemlerindenSecimYapilir: Test Cases/Kullanici_Islemleri/KullaniciIslemlerindenSecimYapilir

2021-11-18 11:45:59 - [TEST_STEP][PASSED] - waitForElementClickable(findTestObject("Object Repository/Kullanici_Islemleri/KullaniciIslemleri"), 10): Object 'Object Repository/Kullanici_Islemleri/KullaniciIslemleri' is clickable

2021-11-18 11:45:59 - [MESSAGE][INFO] - Finding Test Object 'Object Repository/Kullanici_Islemleri/KullaniciIslemleri'

2021-11-18 11:45:59 - [MESSAGE][INFO] - Checking object

2021-11-18 11:45:59 - [MESSAGE][INFO] - Checking timeout

2021-11-18 11:45:59 - [MESSAGE][INFO] - Finding web element from Test Object's properties

2021-11-18 11:45:59 - [MESSAGE][INFO] - Checking timeout

2021-11-18 11:45:59 - [MESSAGE][INFO] - Finding web element with id: 'Object Repository/Kullanici_Islemleri/KullaniciIslemleri' located by 'By.cssSelector: .dropdown>a>img' in '10' second(s)

2021-11-18 11:45:59 - [MESSAGE][INFO] - Smart Wait Function is triggered

2021-11-18 11:45:59 - [MESSAGE][INFO] - Found 1 web elements with id: 'Object Repository/Kullanici_Islemleri/KullaniciIslemleri' located by 'By.cssSelector: .dropdown>a>img' in '10' second(s)

2021-11-18 11:45:59 - [MESSAGE][PASSED] - Object 'Object Repository/Kullanici_Islemleri/KullaniciIslemleri' is clickable

2021-11-18 11:45:59 - [TEST_STEP][PASSED] - click(findTestObject("Object Repository/Kullanici_Islemleri/KullaniciIslemleri")): Object: 'Object Repository/Kullanici_Islemleri/KullaniciIslemleri' is clicked on

2021-11-18 11:45:59 - [MESSAGE][INFO] - Finding Test Object 'Object Repository/Kullanici_Islemleri/KullaniciIslemleri'

2021-11-18 11:45:59 - [MESSAGE][INFO] - Checking object

2021-11-18 11:45:59 - [MESSAGE][INFO] - Finding web element from Test Object's properties

2021-11-18 11:45:59 - [MESSAGE][INFO] - Checking timeout

2021-11-18 11:45:59 - [MESSAGE][INFO] - Finding web element with id: 'Object Repository/Kullanici_Islemleri/KullaniciIslemleri' located by 'By.cssSelector: .dropdown>a>img' in '30' second(s)

2021-11-18 11:45:59 - [MESSAGE][INFO] - Smart Wait Function is triggered

2021-11-18 11:46:00 - [MESSAGE][INFO] - Found 1 web elements with id: 'Object Repository/Kullanici_Islemleri/KullaniciIslemleri' located by 'By.cssSelector: .dropdown>a>img' in '30' second(s)

2021-11-18 11:46:00 - [MESSAGE][INFO] - Clicking on object: 'Object Repository/Kullanici_Islemleri/KullaniciIslemleri'

2021-11-18 11:46:00 - [MESSAGE][PASSED] - Object: 'Object Repository/Kullanici_Islemleri/KullaniciIslemleri' is clicked on

2021-11-18 11:46:00 - [TEST_STEP][PASSED] - Method.TextDegerineEsitElementeTikla(findTestObject("Object Repository/Kullanici_Islemleri/Secenekler"), Islem): Method.TextDegerineEsitElementeTikla is PASSED

2021-11-18 11:46:00 - [MESSAGE][INFO] - Finding Test Object 'Object Repository/Kullanici_Islemleri/Secenekler'

2021-11-18 11:46:00 - [MESSAGE][INFO] - Checking timeout

2021-11-18 11:46:00 - [MESSAGE][INFO] - Finding web element with id: 'Object Repository/Kullanici_Islemleri/Secenekler' located by 'By.cssSelector: .nav.navbar-nav.navbar-right li a' in '10' second(s)

2021-11-18 11:46:00 - [MESSAGE][INFO] - Smart Wait Function is triggered

2021-11-18 11:46:00 - [MESSAGE][INFO] - Found 22 web elements with id: 'Object Repository/Kullanici_Islemleri/Secenekler' located by 'By.cssSelector: .nav.navbar-nav.navbar-right li a' in '10' second(s)

2021-11-18 11:46:02 - [MESSAGE][PASSED] - Method.TextDegerineEsitElementeTikla is PASSED

2021-11-18 11:46:02 - [TEST_STEP][PASSED] - verifyElementNotPresent(findTestObject("Object Repository/Kullanici_Islemleri/Secenekler"), 10): Web element with id: 'Object Repository/Kullanici_Islemleri/Secenekler' located by 'By.cssSelector: .nav.navbar-nav.navbar-right li a' is not present after '10' second(s)

2021-11-18 11:46:02 - [MESSAGE][INFO] - Finding Test Object 'Object Repository/Kullanici_Islemleri/Secenekler'

2021-11-18 11:46:02 - [MESSAGE][INFO] - Checking object

2021-11-18 11:46:02 - [MESSAGE][INFO] - Checking timeout

2021-11-18 11:46:02 - [MESSAGE][INFO] - Finding web element with id: 'Object Repository/Kullanici_Islemleri/Secenekler' located by 'By.cssSelector: .nav.navbar-nav.navbar-right li a' in '10' second(s)

2021-11-18 11:46:02 - [MESSAGE][INFO] - Smart Wait Function is triggered

2021-11-18 11:46:02 - [MESSAGE][PASSED] - Web element with id: 'Object Repository/Kullanici_Islemleri/Secenekler' located by 'By.cssSelector: .nav.navbar-nav.navbar-right li a' is not present after '10' second(s)

2021-11-18 11:46:02 - [MESSAGE][PASSED] - Call Test Case 'Test Cases/Kullanici_Islemleri/KullaniciIslemlerindenSecimYapilir' successfully

2021-11-18 11:46:02 - [TEST_CASE][PASSED] - Start Test Case : SCENARIO e-Irsaliye Giden Kutusu Uygulama Yanıtları Toplu Indirme - UBL Secilenlerin indirilmesi: SCENARIO e-Irsaliye Giden Kutusu Uygulama Yanıtları Toplu Indirme - UBL Secilenlerin indirilmesi

2021-11-18 11:46:02 - [TEST_STEP][PASSED] - Kullanıcı adı ELOGO6 ve Şifre 123456 olarak giriş yapılır: Kullanıcı adı ELOGO6 ve Şifre 123456 olarak giriş yapılır

2021-11-18 11:46:02 - [MESSAGE][PASSED] - Kullanıcı adı ELOGO6 ve Şifre 123456 olarak giriş yapılır

2021-11-18 11:46:02 - [TEST_STEP][PASSED] - Ana menüden e-İrsaliye seçilir: Ana menüden e-İrsaliye seçilir

2021-11-18 11:46:02 - [MESSAGE][PASSED] - Ana menüden e-İrsaliye seçilir

2021-11-18 11:46:02 - [TEST_STEP][PASSED] - Alt menü Giden Kutusu başlığı altındaki İrsaliye Yanıtları seçilir: Alt menü Giden Kutusu başlığı altındaki İrsaliye Yanıtları seçilir

2021-11-18 11:46:02 - [MESSAGE][PASSED] - Alt menü Giden Kutusu başlığı altındaki İrsaliye Yanıtları seçilir

2021-11-18 11:46:02 - [TEST_STEP][PASSED] - Filtrelerden Oluşturma Tarihi filtresine 01.01.2020 baslangic degerini yaz: Filtrelerden Oluşturma Tarihi filtresine 01.01.2020 baslangic degerini yaz

2021-11-18 11:46:02 - [MESSAGE][PASSED] - Filtrelerden Oluşturma Tarihi filtresine 01.01.2020 baslangic degerini yaz

2021-11-18 11:46:02 - [TEST_STEP][PASSED] - Filtrelerden Oluşturma Tarihi filtresine 31.12.2020 bitis degerini yaz: Filtrelerden Oluşturma Tarihi filtresine 31.12.2020 bitis degerini yaz

2021-11-18 11:46:02 - [MESSAGE][PASSED] - Filtrelerden Oluşturma Tarihi filtresine 31.12.2020 bitis degerini yaz

2021-11-18 11:46:02 - [TEST_STEP][PASSED] - Filtre butonlarından Listele seçilir: Filtre butonlarından Listele seçilir

2021-11-18 11:46:02 - [MESSAGE][PASSED] - Filtre butonlarından Listele seçilir

2021-11-18 11:46:02 - [TEST_STEP][PASSED] - Tabloda veri var mı kontrol edilir: Tabloda veri var mı kontrol edilir

2021-11-18 11:46:02 - [MESSAGE][PASSED] - Tabloda veri var mı kontrol edilir

2021-11-18 11:46:02 - [TEST_STEP][PASSED] - Tablodan Logo Elektronik GIB Test isimli veri seçilir: Tablodan Logo Elektronik GIB Test isimli veri seçilir

2021-11-18 11:46:02 - [MESSAGE][PASSED] - Tablodan Logo Elektronik GIB Test isimli veri seçilir

2021-11-18 11:46:02 - [TEST_STEP][PASSED] - Butonlardan Toplu İndirme isimli butona tıklanır: Butonlardan Toplu İndirme isimli butona tıklanır

2021-11-18 11:46:02 - [MESSAGE][PASSED] - Butonlardan Toplu İndirme isimli butona tıklanır

2021-11-18 11:46:02 - [TEST_STEP][PASSED] - Alt butonlardan UBL Seçilenleri İndir butonuna tıklanır: Alt butonlardan UBL Seçilenleri İndir butonuna tıklanır

2021-11-18 11:46:02 - [MESSAGE][PASSED] - Alt butonlardan UBL Seçilenleri İndir butonuna tıklanır

2021-11-18 11:46:02 - [TEST_STEP][PASSED] - Popup mesajı Lütfen rapor bildiriminin gönderileceği e-posta adresini belirtiniz. içeriyor mu: Popup mesajı Lütfen rapor bildiriminin gönderileceği e-posta adresini belirtiniz. içeriyor mu

2021-11-18 11:46:02 - [MESSAGE][PASSED] - Popup mesajı Lütfen rapor bildiriminin gönderileceği e-posta adresini belirtiniz. içeriyor mu

2021-11-18 11:46:02 - [TEST_STEP][PASSED] - Popup email elogotest@gmail.com;ali.kara@logo.com.tr olarak girilir: Popup email elogotest@gmail.com;ali.kara@logo.com.tr olarak girilir

2021-11-18 11:46:02 - [MESSAGE][PASSED] - Popup email elogotest@gmail.com;ali.kara@logo.com.tr olarak girilir

2021-11-18 11:46:02 - [TEST_STEP][PASSED] - Yönetim popupında Gönder seçilir: Yönetim popupında Gönder seçilir

2021-11-18 11:46:02 - [MESSAGE][PASSED] - Yönetim popupında Gönder seçilir

2021-11-18 11:46:02 - [TEST_STEP][PASSED] - Popup mesajı talebiniz işleme alınmıştır içeriyor mu: Popup mesajı talebiniz işleme alınmıştır içeriyor mu

2021-11-18 11:46:02 - [MESSAGE][PASSED] - Popup mesajı talebiniz işleme alınmıştır içeriyor mu

2021-11-18 11:46:02 - [TEST_STEP][PASSED] - Yönetim popupında Tamam seçilir: Yönetim popupında Tamam seçilir

2021-11-18 11:46:02 - [MESSAGE][PASSED] - Yönetim popupında Tamam seçilir

2021-11-18 11:46:02 - [TEST_STEP][PASSED] - Butonlardan Toplu İndirme isimli butona tıklanır: Butonlardan Toplu İndirme isimli butona tıklanır

2021-11-18 11:46:02 - [MESSAGE][PASSED] - Butonlardan Toplu İndirme isimli butona tıklanır

2021-11-18 11:46:02 - [TEST_STEP][PASSED] - Alt butonlardan UBL Tümünü İndir butonuna tıklanır: Alt butonlardan UBL Tümünü İndir butonuna tıklanır

2021-11-18 11:46:02 - [MESSAGE][PASSED] - Alt butonlardan UBL Tümünü İndir butonuna tıklanır

2021-11-18 11:46:02 - [TEST_STEP][PASSED] - Popup mesajı Lütfen rapor bildiriminin gönderileceği e-posta adresini belirtiniz. içeriyor mu: Popup mesajı Lütfen rapor bildiriminin gönderileceği e-posta adresini belirtiniz. içeriyor mu

2021-11-18 11:46:02 - [MESSAGE][PASSED] - Popup mesajı Lütfen rapor bildiriminin gönderileceği e-posta adresini belirtiniz. içeriyor mu

2021-11-18 11:46:02 - [TEST_STEP][PASSED] - Popup email elogotest@gmail.com;ali.kara@logo.com.tr olarak girilir: Popup email elogotest@gmail.com;ali.kara@logo.com.tr olarak girilir

2021-11-18 11:46:02 - [MESSAGE][PASSED] - Popup email elogotest@gmail.com;ali.kara@logo.com.tr olarak girilir

2021-11-18 11:46:02 - [TEST_STEP][PASSED] - Yönetim popupında Gönder seçilir: Yönetim popupında Gönder seçilir

2021-11-18 11:46:02 - [MESSAGE][PASSED] - Yönetim popupında Gönder seçilir

2021-11-18 11:46:02 - [TEST_STEP][PASSED] - Popup mesajı talebiniz işleme alınmıştır içeriyor mu: Popup mesajı talebiniz işleme alınmıştır içeriyor mu

2021-11-18 11:46:02 - [MESSAGE][PASSED] - Popup mesajı talebiniz işleme alınmıştır içeriyor mu

2021-11-18 11:46:02 - [TEST_STEP][PASSED] - Yönetim popupında Tamam seçilir: Yönetim popupında Tamam seçilir

2021-11-18 11:46:02 - [MESSAGE][PASSED] - Yönetim popupında Tamam seçilir

2021-11-18 11:46:02 - [TEST_STEP][PASSED] - Ana menüden Raporlar seçilir: Ana menüden Raporlar seçilir

2021-11-18 11:46:02 - [MESSAGE][PASSED] - Ana menüden Raporlar seçilir

2021-11-18 11:46:02 - [TEST_STEP][PASSED] - Alt menüden Toplu Veri İndirme seçilir: Alt menüden Toplu Veri İndirme seçilir

2021-11-18 11:46:02 - [MESSAGE][PASSED] - Alt menüden Toplu Veri İndirme seçilir

2021-11-18 11:46:02 - [TEST_STEP][PASSED] - Filtrelerden Talep No filtresine Rapor No bilgisi yaz: Filtrelerden Talep No filtresine Rapor No bilgisi yaz

2021-11-18 11:46:02 - [MESSAGE][PASSED] - Filtrelerden Talep No filtresine Rapor No bilgisi yaz

2021-11-18 11:46:02 - [TEST_STEP][PASSED] - Filtre butonlarından Listele seçilir: Filtre butonlarından Listele seçilir

2021-11-18 11:46:02 - [MESSAGE][PASSED] - Filtre butonlarından Listele seçilir

2021-11-18 11:46:02 - [TEST_STEP][PASSED] - Tabloda veri var mı kontrol edilir: Tabloda veri var mı kontrol edilir

2021-11-18 11:46:02 - [MESSAGE][PASSED] - Tabloda veri var mı kontrol edilir

2021-11-18 11:46:02 - [TEST_STEP][PASSED] - Kullanıcı işlemlerinden Çıkış seçilir: Kullanıcı işlemlerinden Çıkış seçilir

2021-11-18 11:46:02 - [MESSAGE][PASSED] - Kullanıcı işlemlerinden Çıkış seçilir

2021-11-18 11:46:02 - [MESSAGE][PASSED] - Feature file: 'Include/features/e-Irsaliye/Giden Kutusu/Irsaliye Yanitlari/Toplu Indirme.feature' was passed

2021-11-18 11:46:02 - [TEST_STEP][PASSED] - Start listener action : sampleAfterTestSuite: Invoke 'com.kms.katalon.core.annotation.AfterTestCase' method: 'Listener.sampleAfterTestSuite(...)' completed.

2021-11-18 11:46:02 - [MESSAGE][INFO] - Starting invoke 'com.kms.katalon.core.annotation.AfterTestCase' method: 'Listener.sampleAfterTestSuite(...)'

2021-11-18 11:46:02 - [TEST_STEP][PASSED] - closeBrowser(): Invoke 'com.kms.katalon.core.annotation.AfterTestCase' method: 'Listener.sampleAfterTestSuite(...)' completed.

2021-11-18 11:46:02 - [MESSAGE][INFO] - Closing browser

2021-11-18 11:46:04 - [MESSAGE][PASSED] - Browser is closed

2021-11-18 11:46:04 - [MESSAGE][INFO] - Invoke 'com.kms.katalon.core.annotation.AfterTestCase' method: 'Listener.sampleAfterTestSuite(...)' completed.]]></system-out>
         <system-err><![CDATA[]]></system-err>
      </testcase>
      <testcase name="Test Cases/Case Repository/e-Irsaliye/Giden Kutusu/Irsaliyeler/Excele Aktar" time="59.255" classname="Test Cases/Case Repository/e-Irsaliye/Giden Kutusu/Irsaliyeler/Excele Aktar" status="PASSED">
         <system-out><![CDATA[2021-11-18 11:46:04 - [TEST_CASE][PASSED] - Test Cases/Case Repository/e-Irsaliye/Giden Kutusu/Irsaliyeler/Excele Aktar: Test Cases/Case Repository/e-Irsaliye/Giden Kutusu/Irsaliyeler/Excele Aktar

2021-11-18 11:46:04 - [TEST_STEP][PASSED] - Start listener action : sampleBeforeTestSuite: Invoke 'com.kms.katalon.core.annotation.BeforeTestCase' method: 'Listener.sampleBeforeTestSuite(...)' completed.

2021-11-18 11:46:04 - [MESSAGE][INFO] - Starting invoke 'com.kms.katalon.core.annotation.BeforeTestCase' method: 'Listener.sampleBeforeTestSuite(...)'

2021-11-18 11:46:04 - [TEST_STEP][PASSED] - openBrowser(baseUrl): Browser is opened with url: 'https://efatura-stage.elogo.com.tr/'

2021-11-18 11:46:04 - [MESSAGE][INFO] - Opening browser

2021-11-18 11:46:04 - [MESSAGE][INFO] - Starting 'Chrome' driver

2021-11-18 11:46:04 - [MESSAGE][INFO] - User set preference: ['prefs', '{download.default_directory=C:\otomasyondownfiles}']

2021-11-18 11:46:04 - [MESSAGE][INFO] - Action delay is set to 0 milliseconds

2021-11-18 11:46:06 - [MESSAGE][INFO] - Navigating browser to: 'https://efatura-stage.elogo.com.tr/'

2021-11-18 11:46:08 - [MESSAGE][PASSED] - Browser is opened with url: 'https://efatura-stage.elogo.com.tr/'

2021-11-18 11:46:08 - [TEST_STEP][PASSED] - maximizeWindow(): Invoke 'com.kms.katalon.core.annotation.BeforeTestCase' method: 'Listener.sampleBeforeTestSuite(...)' completed.

2021-11-18 11:46:08 - [MESSAGE][INFO] - Maximizing current window

2021-11-18 11:46:08 - [MESSAGE][PASSED] - Current window maximized

2021-11-18 11:46:08 - [MESSAGE][INFO] - Invoke 'com.kms.katalon.core.annotation.BeforeTestCase' method: 'Listener.sampleBeforeTestSuite(...)' completed.

2021-11-18 11:46:09 - [TEST_STEP][PASSED] - runFeatureFile("Include/features/e-Irsaliye/Giden Kutusu/Irsaliyeler/Excele Aktar.feature"): Feature file: 'Include/features/e-Irsaliye/Giden Kutusu/Irsaliyeler/Excele Aktar.feature' was passed

2021-11-18 11:46:09 - [MESSAGE][INFO] - Starting run keyword runFeatureFile: 'Include/features/e-Irsaliye/Giden Kutusu/Irsaliyeler/Excele Aktar.feature' and extract report to folder: 'C:\Users\DELL\Documents\GitHub\EES_KatalonLogo\Reports\20211118_110909\Suite Repository\ExceleAktarVeTopluIndirme\20211118_110948/cucumber_report/1637225169235'...

2021-11-18 11:46:09 - [MESSAGE][INFO] - Glue: []

2021-11-18 11:46:11 - [MESSAGE][INFO] - Checking called Test Case

2021-11-18 11:46:11 - [MESSAGE][INFO] - Starting to call Test Case 'Test Cases/Sayfalar/Giris_Sayfasi/Login'

2021-11-18 11:46:11 - [TEST_CASE][PASSED] - Test Cases/Sayfalar/Giris_Sayfasi/Login: Test Cases/Sayfalar/Giris_Sayfasi/Login

2021-11-18 11:46:11 - [TEST_STEP][PASSED] - Sayfa_Basligi = getWindowTitle(): Current window's title is: 'LOGO e-Fatura'

2021-11-18 11:46:11 - [MESSAGE][INFO] - Getting current window's title

2021-11-18 11:46:11 - [MESSAGE][PASSED] - Current window's title is: 'LOGO e-Fatura'

2021-11-18 11:46:11 - [TEST_STEP][PASSED] - verifyMatch(Sayfa_Basligi, "LOGO e-Fatura", false): Actual text 'LOGO e-Fatura' and expected text 'LOGO e-Fatura' are matched 

2021-11-18 11:46:11 - [MESSAGE][INFO] - Matching actual text 'LOGO e-Fatura' with expected text 'LOGO e-Fatura'

2021-11-18 11:46:11 - [MESSAGE][PASSED] - Actual text 'LOGO e-Fatura' and expected text 'LOGO e-Fatura' are matched 

2021-11-18 11:46:11 - [TEST_STEP][PASSED] - sendKeys(findTestObject("Sayfalar/Giris_Sayfasi/Firma_Kodu"), KullaniciAdi): Keys 'ELOGO6' sent to object: 'Object Repository/Sayfalar/Giris_Sayfasi/Firma_Kodu'

2021-11-18 11:46:11 - [MESSAGE][INFO] - Finding Test Object 'Object Repository/Sayfalar/Giris_Sayfasi/Firma_Kodu'

2021-11-18 11:46:12 - [MESSAGE][INFO] - Sending keys 'ELOGO6' to object: 'Object Repository/Sayfalar/Giris_Sayfasi/Firma_Kodu'

2021-11-18 11:46:12 - [MESSAGE][INFO] - Finding web element from Test Object's properties

2021-11-18 11:46:12 - [MESSAGE][INFO] - Checking timeout

2021-11-18 11:46:12 - [MESSAGE][INFO] - Finding web element with id: 'Object Repository/Sayfalar/Giris_Sayfasi/Firma_Kodu' located by 'By.xpath: //*[@id = 'AccountName']' in '30' second(s)

2021-11-18 11:46:12 - [MESSAGE][INFO] - Smart Wait Function is triggered

2021-11-18 11:46:12 - [MESSAGE][INFO] - Found 1 web elements with id: 'Object Repository/Sayfalar/Giris_Sayfasi/Firma_Kodu' located by 'By.xpath: //*[@id = 'AccountName']' in '30' second(s)

2021-11-18 11:46:12 - [MESSAGE][PASSED] - Keys 'ELOGO6' sent to object: 'Object Repository/Sayfalar/Giris_Sayfasi/Firma_Kodu'

2021-11-18 11:46:12 - [TEST_STEP][PASSED] - sendKeys(findTestObject("Sayfalar/Giris_Sayfasi/Sifre"), Sifre): Keys '123456' sent to object: 'Object Repository/Sayfalar/Giris_Sayfasi/Sifre'

2021-11-18 11:46:12 - [MESSAGE][INFO] - Finding Test Object 'Object Repository/Sayfalar/Giris_Sayfasi/Sifre'

2021-11-18 11:46:12 - [MESSAGE][INFO] - Sending keys '123456' to object: 'Object Repository/Sayfalar/Giris_Sayfasi/Sifre'

2021-11-18 11:46:12 - [MESSAGE][INFO] - Finding web element from Test Object's properties

2021-11-18 11:46:12 - [MESSAGE][INFO] - Checking timeout

2021-11-18 11:46:12 - [MESSAGE][INFO] - Finding web element with id: 'Object Repository/Sayfalar/Giris_Sayfasi/Sifre' located by 'By.xpath: //*[@id = 'Password']' in '30' second(s)

2021-11-18 11:46:12 - [MESSAGE][INFO] - Smart Wait Function is triggered

2021-11-18 11:46:12 - [MESSAGE][INFO] - Found 1 web elements with id: 'Object Repository/Sayfalar/Giris_Sayfasi/Sifre' located by 'By.xpath: //*[@id = 'Password']' in '30' second(s)

2021-11-18 11:46:13 - [MESSAGE][PASSED] - Keys '123456' sent to object: 'Object Repository/Sayfalar/Giris_Sayfasi/Sifre'

2021-11-18 11:46:13 - [TEST_STEP][PASSED] - findWebElement(findTestObject("Sayfalar/Giris_Sayfasi/Giris_Butonu")).click(): Found 1 web elements with id: 'Object Repository/Sayfalar/Giris_Sayfasi/Giris_Butonu' located by 'By.cssSelector: #btnLogin' in '30' second(s)

2021-11-18 11:46:13 - [MESSAGE][INFO] - Finding Test Object 'Object Repository/Sayfalar/Giris_Sayfasi/Giris_Butonu'

2021-11-18 11:46:13 - [MESSAGE][INFO] - Finding web element from Test Object's properties

2021-11-18 11:46:13 - [MESSAGE][INFO] - Checking timeout

2021-11-18 11:46:13 - [MESSAGE][INFO] - Finding web element with id: 'Object Repository/Sayfalar/Giris_Sayfasi/Giris_Butonu' located by 'By.cssSelector: #btnLogin' in '30' second(s)

2021-11-18 11:46:13 - [MESSAGE][INFO] - Smart Wait Function is triggered

2021-11-18 11:46:13 - [MESSAGE][INFO] - Found 1 web elements with id: 'Object Repository/Sayfalar/Giris_Sayfasi/Giris_Butonu' located by 'By.cssSelector: #btnLogin' in '30' second(s)

2021-11-18 11:46:16 - [TEST_STEP][PASSED] - if (verifyElementPresent(findTestObject("Object Repository/Sayfalar/Giris_Sayfasi/RetveTamam_Butonu"), 5, OPTIONAL)): null

2021-11-18 11:46:16 - [MESSAGE][INFO] - Finding Test Object 'Object Repository/Sayfalar/Giris_Sayfasi/RetveTamam_Butonu'

2021-11-18 11:46:16 - [MESSAGE][INFO] - Checking object

2021-11-18 11:46:16 - [MESSAGE][INFO] - Finding web element from Test Object's properties

2021-11-18 11:46:16 - [MESSAGE][INFO] - Checking timeout

2021-11-18 11:46:16 - [MESSAGE][INFO] - Finding web element with id: 'Object Repository/Sayfalar/Giris_Sayfasi/RetveTamam_Butonu' located by 'By.xpath: //*[@class = 'btn btn-default']' in '5' second(s)

2021-11-18 11:46:16 - [MESSAGE][INFO] - Smart Wait Function is triggered

2021-11-18 11:46:16 - [MESSAGE][INFO] - Found 1 web elements with id: 'Object Repository/Sayfalar/Giris_Sayfasi/RetveTamam_Butonu' located by 'By.xpath: //*[@class = 'btn btn-default']' in '5' second(s)

2021-11-18 11:46:16 - [MESSAGE][PASSED] - Object 'Object Repository/Sayfalar/Giris_Sayfasi/RetveTamam_Butonu' is present

2021-11-18 11:46:16 - [TEST_STEP][PASSED] - click(findTestObject("Object Repository/Sayfalar/Giris_Sayfasi/RetveTamam_Butonu")): Object: 'Object Repository/Sayfalar/Giris_Sayfasi/RetveTamam_Butonu' is clicked on

2021-11-18 11:46:16 - [MESSAGE][INFO] - Finding Test Object 'Object Repository/Sayfalar/Giris_Sayfasi/RetveTamam_Butonu'

2021-11-18 11:46:16 - [MESSAGE][INFO] - Checking object

2021-11-18 11:46:16 - [MESSAGE][INFO] - Finding web element from Test Object's properties

2021-11-18 11:46:16 - [MESSAGE][INFO] - Checking timeout

2021-11-18 11:46:16 - [MESSAGE][INFO] - Finding web element with id: 'Object Repository/Sayfalar/Giris_Sayfasi/RetveTamam_Butonu' located by 'By.xpath: //*[@class = 'btn btn-default']' in '30' second(s)

2021-11-18 11:46:16 - [MESSAGE][INFO] - Smart Wait Function is triggered

2021-11-18 11:46:17 - [MESSAGE][INFO] - Found 1 web elements with id: 'Object Repository/Sayfalar/Giris_Sayfasi/RetveTamam_Butonu' located by 'By.xpath: //*[@class = 'btn btn-default']' in '30' second(s)

2021-11-18 11:46:17 - [MESSAGE][INFO] - Clicking on object: 'Object Repository/Sayfalar/Giris_Sayfasi/RetveTamam_Butonu'

2021-11-18 11:46:17 - [MESSAGE][PASSED] - Object: 'Object Repository/Sayfalar/Giris_Sayfasi/RetveTamam_Butonu' is clicked on

2021-11-18 11:46:17 - [TEST_STEP][PASSED] - click(findTestObject("Object Repository/Sayfalar/Giris_Sayfasi/RetveTamam_Butonu")): Object: 'Object Repository/Sayfalar/Giris_Sayfasi/RetveTamam_Butonu' is clicked on

2021-11-18 11:46:17 - [MESSAGE][INFO] - Finding Test Object 'Object Repository/Sayfalar/Giris_Sayfasi/RetveTamam_Butonu'

2021-11-18 11:46:17 - [MESSAGE][INFO] - Checking object

2021-11-18 11:46:17 - [MESSAGE][INFO] - Finding web element from Test Object's properties

2021-11-18 11:46:17 - [MESSAGE][INFO] - Checking timeout

2021-11-18 11:46:17 - [MESSAGE][INFO] - Finding web element with id: 'Object Repository/Sayfalar/Giris_Sayfasi/RetveTamam_Butonu' located by 'By.xpath: //*[@class = 'btn btn-default']' in '30' second(s)

2021-11-18 11:46:17 - [MESSAGE][INFO] - Smart Wait Function is triggered

2021-11-18 11:46:25 - [MESSAGE][INFO] - Found 1 web elements with id: 'Object Repository/Sayfalar/Giris_Sayfasi/RetveTamam_Butonu' located by 'By.xpath: //*[@class = 'btn btn-default']' in '30' second(s)

2021-11-18 11:46:25 - [MESSAGE][INFO] - Clicking on object: 'Object Repository/Sayfalar/Giris_Sayfasi/RetveTamam_Butonu'

2021-11-18 11:46:25 - [MESSAGE][PASSED] - Object: 'Object Repository/Sayfalar/Giris_Sayfasi/RetveTamam_Butonu' is clicked on

2021-11-18 11:46:25 - [TEST_STEP][PASSED] - if (verifyElementPresent(findTestObject("Sayfalar/Giris_Sayfasi/PopupOK"), 5, OPTIONAL)): null

2021-11-18 11:46:25 - [MESSAGE][INFO] - Finding Test Object 'Object Repository/Sayfalar/Giris_Sayfasi/PopupOK'

2021-11-18 11:46:25 - [MESSAGE][INFO] - Checking object

2021-11-18 11:46:25 - [MESSAGE][INFO] - Finding web element from Test Object's properties

2021-11-18 11:46:25 - [MESSAGE][INFO] - Checking timeout

2021-11-18 11:46:25 - [MESSAGE][INFO] - Finding web element with id: 'Object Repository/Sayfalar/Giris_Sayfasi/PopupOK' located by 'By.cssSelector: .btn.btn-success' in '5' second(s)

2021-11-18 11:46:25 - [MESSAGE][INFO] - Smart Wait Function is triggered

2021-11-18 11:46:25 - [MESSAGE][INFO] - Found 1 web elements with id: 'Object Repository/Sayfalar/Giris_Sayfasi/PopupOK' located by 'By.cssSelector: .btn.btn-success' in '5' second(s)

2021-11-18 11:46:25 - [MESSAGE][PASSED] - Object 'Object Repository/Sayfalar/Giris_Sayfasi/PopupOK' is present

2021-11-18 11:46:25 - [TEST_STEP][PASSED] - click(findTestObject("Object Repository/Sayfalar/Giris_Sayfasi/PopupCarpiGiris")): Object: 'Object Repository/Sayfalar/Giris_Sayfasi/PopupCarpiGiris' is clicked on

2021-11-18 11:46:25 - [MESSAGE][INFO] - Finding Test Object 'Object Repository/Sayfalar/Giris_Sayfasi/PopupCarpiGiris'

2021-11-18 11:46:25 - [MESSAGE][INFO] - Checking object

2021-11-18 11:46:25 - [MESSAGE][INFO] - Finding web element from Test Object's properties

2021-11-18 11:46:25 - [MESSAGE][INFO] - Checking timeout

2021-11-18 11:46:25 - [MESSAGE][INFO] - Finding web element with id: 'Object Repository/Sayfalar/Giris_Sayfasi/PopupCarpiGiris' located by 'By.cssSelector: .bootbox-close-button.close' in '30' second(s)

2021-11-18 11:46:25 - [MESSAGE][INFO] - Smart Wait Function is triggered

2021-11-18 11:46:26 - [MESSAGE][INFO] - Found 1 web elements with id: 'Object Repository/Sayfalar/Giris_Sayfasi/PopupCarpiGiris' located by 'By.cssSelector: .bootbox-close-button.close' in '30' second(s)

2021-11-18 11:46:26 - [MESSAGE][INFO] - Clicking on object: 'Object Repository/Sayfalar/Giris_Sayfasi/PopupCarpiGiris'

2021-11-18 11:46:26 - [MESSAGE][PASSED] - Object: 'Object Repository/Sayfalar/Giris_Sayfasi/PopupCarpiGiris' is clicked on

2021-11-18 11:46:26 - [TEST_STEP][PASSED] - verifyElementVisible(findTestObject("Object Repository/Kullanici_Islemleri/KullaniciIslemleri")): Object 'Object Repository/Kullanici_Islemleri/KullaniciIslemleri' is visible

2021-11-18 11:46:26 - [MESSAGE][INFO] - Finding Test Object 'Object Repository/Kullanici_Islemleri/KullaniciIslemleri'

2021-11-18 11:46:26 - [MESSAGE][INFO] - Checking object

2021-11-18 11:46:26 - [MESSAGE][INFO] - Finding web element from Test Object's properties

2021-11-18 11:46:26 - [MESSAGE][INFO] - Checking timeout

2021-11-18 11:46:26 - [MESSAGE][INFO] - Finding web element with id: 'Object Repository/Kullanici_Islemleri/KullaniciIslemleri' located by 'By.cssSelector: .dropdown>a>img' in '30' second(s)

2021-11-18 11:46:26 - [MESSAGE][INFO] - Smart Wait Function is triggered

2021-11-18 11:46:26 - [MESSAGE][INFO] - Found 1 web elements with id: 'Object Repository/Kullanici_Islemleri/KullaniciIslemleri' located by 'By.cssSelector: .dropdown>a>img' in '30' second(s)

2021-11-18 11:46:26 - [MESSAGE][PASSED] - Object 'Object Repository/Kullanici_Islemleri/KullaniciIslemleri' is visible

2021-11-18 11:46:26 - [MESSAGE][PASSED] - Call Test Case 'Test Cases/Sayfalar/Giris_Sayfasi/Login' successfully

2021-11-18 11:46:26 - [MESSAGE][INFO] - Checking called Test Case

2021-11-18 11:46:26 - [MESSAGE][INFO] - Starting to call Test Case 'Test Cases/Menu/AnaMenuSecimi'

2021-11-18 11:46:27 - [TEST_CASE][PASSED] - Test Cases/Menu/AnaMenuSecimi: Test Cases/Menu/AnaMenuSecimi

2021-11-18 11:46:27 - [TEST_STEP][PASSED] - Method.TextDegerineEsitElementeTikla(findTestObject("Menu/Ana_Menu"), Ana_Menu): Method.TextDegerineEsitElementeTikla is PASSED

2021-11-18 11:46:27 - [MESSAGE][INFO] - Finding Test Object 'Object Repository/Menu/Ana_Menu'

2021-11-18 11:46:27 - [MESSAGE][INFO] - Checking timeout

2021-11-18 11:46:27 - [MESSAGE][INFO] - Finding web element with id: 'Object Repository/Menu/Ana_Menu' located by 'By.xpath: //*[@class = 'dropdown-toggle']' in '10' second(s)

2021-11-18 11:46:27 - [MESSAGE][INFO] - Smart Wait Function is triggered

2021-11-18 11:46:27 - [MESSAGE][INFO] - Found 14 web elements with id: 'Object Repository/Menu/Ana_Menu' located by 'By.xpath: //*[@class = 'dropdown-toggle']' in '10' second(s)

2021-11-18 11:46:27 - [MESSAGE][PASSED] - Method.TextDegerineEsitElementeTikla is PASSED

2021-11-18 11:46:27 - [MESSAGE][PASSED] - Call Test Case 'Test Cases/Menu/AnaMenuSecimi' successfully

2021-11-18 11:46:27 - [MESSAGE][INFO] - Checking called Test Case

2021-11-18 11:46:27 - [MESSAGE][INFO] - Starting to call Test Case 'Test Cases/Menu/BasligaGoreAltMenuSecimi'

2021-11-18 11:46:27 - [TEST_CASE][PASSED] - Test Cases/Menu/BasligaGoreAltMenuSecimi: Test Cases/Menu/BasligaGoreAltMenuSecimi

2021-11-18 11:46:27 - [TEST_STEP][PASSED] - Method.TextDegerineEsitElementinAltindakiTextDegerineEsitOlanaTikla(findTestObject("Menu/Menu_Basligi"), findTestObject("Menu/Basliga_Gore_Alt_Menu"), Baslik, Alt_Menu): Method.TextDegerineEsitElementinAltindakiTextDegerineEsitOlanaTikla is PASSED

2021-11-18 11:46:27 - [MESSAGE][INFO] - Finding Test Object 'Object Repository/Menu/Menu_Basligi'

2021-11-18 11:46:27 - [MESSAGE][INFO] - Finding Test Object 'Object Repository/Menu/Basliga_Gore_Alt_Menu'

2021-11-18 11:46:27 - [MESSAGE][INFO] - Checking timeout

2021-11-18 11:46:27 - [MESSAGE][INFO] - Finding web element with id: 'Object Repository/Menu/Menu_Basligi' located by 'By.xpath: //li[@class='dropdown dropdown-large open']//li[@class='dropdown-header']' in '10' second(s)

2021-11-18 11:46:27 - [MESSAGE][INFO] - Smart Wait Function is triggered

2021-11-18 11:46:28 - [MESSAGE][INFO] - Found 3 web elements with id: 'Object Repository/Menu/Menu_Basligi' located by 'By.xpath: //li[@class='dropdown dropdown-large open']//li[@class='dropdown-header']' in '10' second(s)

2021-11-18 11:46:28 - [MESSAGE][INFO] - Smart Wait Function is triggered

2021-11-18 11:46:31 - [MESSAGE][PASSED] - Method.TextDegerineEsitElementinAltindakiTextDegerineEsitOlanaTikla is PASSED

2021-11-18 11:46:31 - [MESSAGE][PASSED] - Call Test Case 'Test Cases/Menu/BasligaGoreAltMenuSecimi' successfully

2021-11-18 11:46:31 - [MESSAGE][INFO] - Checking called Test Case

2021-11-18 11:46:31 - [MESSAGE][INFO] - Starting to call Test Case 'Test Cases/Filtreler/BaslangicYaz'

2021-11-18 11:46:31 - [TEST_CASE][PASSED] - Test Cases/Filtreler/BaslangicYaz: Test Cases/Filtreler/BaslangicYaz

2021-11-18 11:46:31 - [TEST_STEP][PASSED] - delay(3): Delayed 3 second(s)

2021-11-18 11:46:31 - [MESSAGE][INFO] - Delaying browser in 3 second(s)

2021-11-18 11:46:34 - [MESSAGE][PASSED] - Delayed 3 second(s)

2021-11-18 11:46:34 - [TEST_STEP][PASSED] - Method.TextDegerineEsitElementinAltindakineTikla(findTestObject("Filtreler/Basliklar"), findTestObject("Filtreler/Basliga_Gore_Baslangic_Image"), Filtre_Adi): Method.TextDegerineEsitElementinAltindakineTikla is PASSED

2021-11-18 11:46:34 - [MESSAGE][INFO] - Finding Test Object 'Object Repository/Filtreler/Basliklar'

2021-11-18 11:46:34 - [MESSAGE][INFO] - Finding Test Object 'Object Repository/Filtreler/Basliga_Gore_Baslangic_Image'

2021-11-18 11:46:34 - [MESSAGE][INFO] - Checking timeout

2021-11-18 11:46:34 - [MESSAGE][INFO] - Finding web element with id: 'Object Repository/Filtreler/Basliklar' located by 'By.cssSelector: .control-label.col-sm-4.paddingMarginRLC' in '10' second(s)

2021-11-18 11:46:34 - [MESSAGE][INFO] - Smart Wait Function is triggered

2021-11-18 11:46:34 - [MESSAGE][INFO] - Found 18 web elements with id: 'Object Repository/Filtreler/Basliklar' located by 'By.cssSelector: .control-label.col-sm-4.paddingMarginRLC' in '10' second(s)

2021-11-18 11:46:34 - [MESSAGE][INFO] - Smart Wait Function is triggered

2021-11-18 11:46:35 - [MESSAGE][PASSED] - Method.TextDegerineEsitElementinAltindakineTikla is PASSED

2021-11-18 11:46:35 - [TEST_STEP][PASSED] - Method.TextDegerineEsitElementinAltindakiTextboxtaYaz(findTestObject("Filtreler/Basliklar"), findTestObject("Filtreler/Basliga_Gore_Baslangic"), Filtre_Adi, Filtre_Degeri): Method.TextDegerineEsitElementinAltindakiTextboxtaYaz is PASSED

2021-11-18 11:46:35 - [MESSAGE][INFO] - Finding Test Object 'Object Repository/Filtreler/Basliklar'

2021-11-18 11:46:35 - [MESSAGE][INFO] - Finding Test Object 'Object Repository/Filtreler/Basliga_Gore_Baslangic'

2021-11-18 11:46:35 - [MESSAGE][INFO] - Checking timeout

2021-11-18 11:46:35 - [MESSAGE][INFO] - Finding web element with id: 'Object Repository/Filtreler/Basliklar' located by 'By.cssSelector: .control-label.col-sm-4.paddingMarginRLC' in '10' second(s)

2021-11-18 11:46:35 - [MESSAGE][INFO] - Smart Wait Function is triggered

2021-11-18 11:46:35 - [MESSAGE][INFO] - Found 18 web elements with id: 'Object Repository/Filtreler/Basliklar' located by 'By.cssSelector: .control-label.col-sm-4.paddingMarginRLC' in '10' second(s)

2021-11-18 11:46:35 - [MESSAGE][INFO] - Smart Wait Function is triggered

2021-11-18 11:46:35 - [MESSAGE][PASSED] - Method.TextDegerineEsitElementinAltindakiTextboxtaYaz is PASSED

2021-11-18 11:46:35 - [MESSAGE][PASSED] - Call Test Case 'Test Cases/Filtreler/BaslangicYaz' successfully

2021-11-18 11:46:35 - [MESSAGE][INFO] - Checking called Test Case

2021-11-18 11:46:35 - [MESSAGE][INFO] - Starting to call Test Case 'Test Cases/Filtreler/BitisYaz'

2021-11-18 11:46:36 - [TEST_CASE][PASSED] - Test Cases/Filtreler/BitisYaz: Test Cases/Filtreler/BitisYaz

2021-11-18 11:46:36 - [TEST_STEP][PASSED] - Method.TextDegerineEsitElementinAltindakineTikla(findTestObject("Filtreler/Basliklar"), findTestObject("Filtreler/Basliga_Gore_Bitis_Image"), Filtre_Adi): Method.TextDegerineEsitElementinAltindakineTikla is PASSED

2021-11-18 11:46:36 - [MESSAGE][INFO] - Finding Test Object 'Object Repository/Filtreler/Basliklar'

2021-11-18 11:46:36 - [MESSAGE][INFO] - Finding Test Object 'Object Repository/Filtreler/Basliga_Gore_Bitis_Image'

2021-11-18 11:46:36 - [MESSAGE][INFO] - Checking timeout

2021-11-18 11:46:36 - [MESSAGE][INFO] - Finding web element with id: 'Object Repository/Filtreler/Basliklar' located by 'By.cssSelector: .control-label.col-sm-4.paddingMarginRLC' in '10' second(s)

2021-11-18 11:46:36 - [MESSAGE][INFO] - Smart Wait Function is triggered

2021-11-18 11:46:36 - [MESSAGE][INFO] - Found 18 web elements with id: 'Object Repository/Filtreler/Basliklar' located by 'By.cssSelector: .control-label.col-sm-4.paddingMarginRLC' in '10' second(s)

2021-11-18 11:46:36 - [MESSAGE][INFO] - Smart Wait Function is triggered

2021-11-18 11:46:36 - [MESSAGE][PASSED] - Method.TextDegerineEsitElementinAltindakineTikla is PASSED

2021-11-18 11:46:36 - [TEST_STEP][PASSED] - Method.TextDegerineEsitElementinAltindakiTextboxtaYaz(findTestObject("Filtreler/Basliklar"), findTestObject("Object Repository/Filtreler/Basliga_Gore_Bitis"), Filtre_Adi, Filtre_Degeri): Method.TextDegerineEsitElementinAltindakiTextboxtaYaz is PASSED

2021-11-18 11:46:36 - [MESSAGE][INFO] - Finding Test Object 'Object Repository/Filtreler/Basliklar'

2021-11-18 11:46:36 - [MESSAGE][INFO] - Finding Test Object 'Object Repository/Filtreler/Basliga_Gore_Bitis'

2021-11-18 11:46:37 - [MESSAGE][INFO] - Checking timeout

2021-11-18 11:46:37 - [MESSAGE][INFO] - Finding web element with id: 'Object Repository/Filtreler/Basliklar' located by 'By.cssSelector: .control-label.col-sm-4.paddingMarginRLC' in '10' second(s)

2021-11-18 11:46:37 - [MESSAGE][INFO] - Smart Wait Function is triggered

2021-11-18 11:46:37 - [MESSAGE][INFO] - Found 18 web elements with id: 'Object Repository/Filtreler/Basliklar' located by 'By.cssSelector: .control-label.col-sm-4.paddingMarginRLC' in '10' second(s)

2021-11-18 11:46:37 - [MESSAGE][INFO] - Smart Wait Function is triggered

2021-11-18 11:46:38 - [MESSAGE][PASSED] - Method.TextDegerineEsitElementinAltindakiTextboxtaYaz is PASSED

2021-11-18 11:46:38 - [MESSAGE][PASSED] - Call Test Case 'Test Cases/Filtreler/BitisYaz' successfully

2021-11-18 11:46:38 - [MESSAGE][INFO] - Checking called Test Case

2021-11-18 11:46:38 - [MESSAGE][INFO] - Starting to call Test Case 'Test Cases/Filtreler/TexboxaYaz'

2021-11-18 11:46:38 - [TEST_CASE][PASSED] - Test Cases/Filtreler/TexboxaYaz: Test Cases/Filtreler/TexboxaYaz

2021-11-18 11:46:38 - [TEST_STEP][PASSED] - Method.TextDegerineEsitElementinAltindakiTextboxtaYaz(findTestObject("Filtreler/Basliklar"), findTestObject("Filtreler/Basliga_Gore_Textbox"), Filtre_Adi, Filtre_Degeri): Method.TextDegerineEsitElementinAltindakiTextboxtaYaz is PASSED

2021-11-18 11:46:38 - [MESSAGE][INFO] - Finding Test Object 'Object Repository/Filtreler/Basliklar'

2021-11-18 11:46:38 - [MESSAGE][INFO] - Finding Test Object 'Object Repository/Filtreler/Basliga_Gore_Textbox'

2021-11-18 11:46:38 - [MESSAGE][INFO] - Checking timeout

2021-11-18 11:46:38 - [MESSAGE][INFO] - Finding web element with id: 'Object Repository/Filtreler/Basliklar' located by 'By.cssSelector: .control-label.col-sm-4.paddingMarginRLC' in '10' second(s)

2021-11-18 11:46:38 - [MESSAGE][INFO] - Smart Wait Function is triggered

2021-11-18 11:46:38 - [MESSAGE][INFO] - Found 18 web elements with id: 'Object Repository/Filtreler/Basliklar' located by 'By.cssSelector: .control-label.col-sm-4.paddingMarginRLC' in '10' second(s)

2021-11-18 11:46:38 - [MESSAGE][INFO] - Smart Wait Function is triggered

2021-11-18 11:46:39 - [MESSAGE][PASSED] - Method.TextDegerineEsitElementinAltindakiTextboxtaYaz is PASSED

2021-11-18 11:46:39 - [MESSAGE][PASSED] - Call Test Case 'Test Cases/Filtreler/TexboxaYaz' successfully

2021-11-18 11:46:39 - [MESSAGE][INFO] - Checking called Test Case

2021-11-18 11:46:39 - [MESSAGE][INFO] - Starting to call Test Case 'Test Cases/Filtreler/ButonaTikla'

2021-11-18 11:46:39 - [TEST_CASE][PASSED] - Test Cases/Filtreler/ButonaTikla: Test Cases/Filtreler/ButonaTikla

2021-11-18 11:46:39 - [TEST_STEP][PASSED] - Method.TextDegerineEsitElementeTikla(findTestObject("Filtreler/Butonlar"), Filtre_Buton): Method.TextDegerineEsitElementeTikla is PASSED

2021-11-18 11:46:39 - [MESSAGE][INFO] - Finding Test Object 'Object Repository/Filtreler/Butonlar'

2021-11-18 11:46:39 - [MESSAGE][INFO] - Checking timeout

2021-11-18 11:46:39 - [MESSAGE][INFO] - Finding web element with id: 'Object Repository/Filtreler/Butonlar' located by 'By.cssSelector: .dxb>span' in '10' second(s)

2021-11-18 11:46:39 - [MESSAGE][INFO] - Smart Wait Function is triggered

2021-11-18 11:46:39 - [MESSAGE][INFO] - Found 3 web elements with id: 'Object Repository/Filtreler/Butonlar' located by 'By.cssSelector: .dxb>span' in '10' second(s)

2021-11-18 11:46:39 - [MESSAGE][PASSED] - Method.TextDegerineEsitElementeTikla is PASSED

2021-11-18 11:46:39 - [MESSAGE][PASSED] - Call Test Case 'Test Cases/Filtreler/ButonaTikla' successfully

2021-11-18 11:46:39 - [MESSAGE][INFO] - Checking called Test Case

2021-11-18 11:46:39 - [MESSAGE][INFO] - Starting to call Test Case 'Test Cases/Tablo/TablodaVeriVarMi'

2021-11-18 11:46:40 - [TEST_CASE][PASSED] - Test Cases/Tablo/TablodaVeriVarMi: Test Cases/Tablo/TablodaVeriVarMi

2021-11-18 11:46:40 - [TEST_STEP][PASSED] - verifyTextNotPresent("Görüntülenecek veri yok", true): Text 'Görüntülenecek veri yok' is not present on page using regular expression

2021-11-18 11:46:40 - [MESSAGE][INFO] - Checking text present  using regular expression

2021-11-18 11:46:40 - [MESSAGE][INFO] - Smart Wait Function is triggered

2021-11-18 11:46:40 - [MESSAGE][INFO] - Finding text 'Görüntülenecek veri yok' on page  using regular expression

2021-11-18 11:46:40 - [MESSAGE][PASSED] - Text 'Görüntülenecek veri yok' is not present on page using regular expression

2021-11-18 11:46:40 - [MESSAGE][PASSED] - Call Test Case 'Test Cases/Tablo/TablodaVeriVarMi' successfully

2021-11-18 11:46:40 - [MESSAGE][INFO] - Checking called Test Case

2021-11-18 11:46:40 - [MESSAGE][INFO] - Starting to call Test Case 'Test Cases/Tablo/TablodanVeriSec'

2021-11-18 11:46:40 - [TEST_CASE][PASSED] - Test Cases/Tablo/TablodanVeriSec: Test Cases/Tablo/TablodanVeriSec

2021-11-18 11:46:40 - [TEST_STEP][PASSED] - Method.TextDegerineEsitElementinAltindakineTikla(findTestObject("Tablo/Veriler"), findTestObject("Tablo/VerininCheckBoxi"), Veri_Adi): Method.TextDegerineEsitElementinAltindakineTikla is PASSED

2021-11-18 11:46:40 - [MESSAGE][INFO] - Finding Test Object 'Object Repository/Tablo/Veriler'

2021-11-18 11:46:41 - [MESSAGE][INFO] - Finding Test Object 'Object Repository/Tablo/VerininCheckBoxi'

2021-11-18 11:46:41 - [MESSAGE][INFO] - Checking timeout

2021-11-18 11:46:41 - [MESSAGE][INFO] - Finding web element with id: 'Object Repository/Tablo/Veriler' located by 'By.cssSelector: td.dxgv b ,td.dxgv' in '10' second(s)

2021-11-18 11:46:41 - [MESSAGE][INFO] - Smart Wait Function is triggered

2021-11-18 11:46:41 - [MESSAGE][INFO] - Found 12 web elements with id: 'Object Repository/Tablo/Veriler' located by 'By.cssSelector: td.dxgv b ,td.dxgv' in '10' second(s)

2021-11-18 11:46:41 - [MESSAGE][INFO] - Smart Wait Function is triggered

2021-11-18 11:46:41 - [MESSAGE][PASSED] - Method.TextDegerineEsitElementinAltindakineTikla is PASSED

2021-11-18 11:46:41 - [MESSAGE][PASSED] - Call Test Case 'Test Cases/Tablo/TablodanVeriSec' successfully

2021-11-18 11:46:41 - [MESSAGE][INFO] - Checking called Test Case

2021-11-18 11:46:41 - [MESSAGE][INFO] - Starting to call Test Case 'Test Cases/Butonlar/ButonaTikla'

2021-11-18 11:46:41 - [TEST_CASE][PASSED] - Test Cases/Butonlar/ButonaTikla: Test Cases/Butonlar/ButonaTikla

2021-11-18 11:46:41 - [TEST_STEP][PASSED] - Method.TextDegerineEsitElementeTiklaEquals(findTestObject("Butonlar/Butonlar"), Buton_Adi): Method.TextDegerineEsitElementeTiklaEquals is PASSED

2021-11-18 11:46:41 - [MESSAGE][INFO] - Finding Test Object 'Object Repository/Butonlar/Butonlar'

2021-11-18 11:46:41 - [MESSAGE][INFO] - Checking timeout

2021-11-18 11:46:41 - [MESSAGE][INFO] - Finding web element with id: 'Object Repository/Butonlar/Butonlar' located by 'By.cssSelector: .panel.panel-default.text-center.footerPanel .btn,.btn.btn-primary.btnControls' in '10' second(s)

2021-11-18 11:46:41 - [MESSAGE][INFO] - Smart Wait Function is triggered

2021-11-18 11:46:42 - [MESSAGE][INFO] - Found 11 web elements with id: 'Object Repository/Butonlar/Butonlar' located by 'By.cssSelector: .panel.panel-default.text-center.footerPanel .btn,.btn.btn-primary.btnControls' in '10' second(s)

2021-11-18 11:46:42 - [MESSAGE][PASSED] - Method.TextDegerineEsitElementeTiklaEquals is PASSED

2021-11-18 11:46:42 - [MESSAGE][PASSED] - Call Test Case 'Test Cases/Butonlar/ButonaTikla' successfully

2021-11-18 11:46:42 - [MESSAGE][INFO] - Checking called Test Case

2021-11-18 11:46:42 - [MESSAGE][INFO] - Starting to call Test Case 'Test Cases/Butonlar/AltButonaTikla'

2021-11-18 11:46:42 - [TEST_CASE][PASSED] - Test Cases/Butonlar/AltButonaTikla: Test Cases/Butonlar/AltButonaTikla

2021-11-18 11:46:42 - [TEST_STEP][PASSED] - Method.TextDegerineEsitElementeTikla(findTestObject("Butonlar/AltButonlar"), Alt_Buton): Method.TextDegerineEsitElementeTikla is PASSED

2021-11-18 11:46:42 - [MESSAGE][INFO] - Finding Test Object 'Object Repository/Butonlar/AltButonlar'

2021-11-18 11:46:42 - [MESSAGE][INFO] - Checking timeout

2021-11-18 11:46:42 - [MESSAGE][INFO] - Finding web element with id: 'Object Repository/Butonlar/AltButonlar' located by 'By.cssSelector: .btn-group.open li>a' in '10' second(s)

2021-11-18 11:46:42 - [MESSAGE][INFO] - Smart Wait Function is triggered

2021-11-18 11:46:42 - [MESSAGE][INFO] - Found 2 web elements with id: 'Object Repository/Butonlar/AltButonlar' located by 'By.cssSelector: .btn-group.open li>a' in '10' second(s)

2021-11-18 11:46:43 - [MESSAGE][PASSED] - Method.TextDegerineEsitElementeTikla is PASSED

2021-11-18 11:46:43 - [MESSAGE][PASSED] - Call Test Case 'Test Cases/Butonlar/AltButonaTikla' successfully

2021-11-18 11:46:43 - [MESSAGE][INFO] - Checking called Test Case

2021-11-18 11:46:43 - [MESSAGE][INFO] - Starting to call Test Case 'Test Cases/Popup/PopupMesajiIceriyorMu'

2021-11-18 11:46:43 - [TEST_CASE][PASSED] - Test Cases/Popup/PopupMesajiIceriyorMu: Test Cases/Popup/PopupMesajiIceriyorMu

2021-11-18 11:46:43 - [TEST_STEP][PASSED] - waitForElementVisible(findTestObject("Popup/Popup"), 10): Object 'Object Repository/Popup/Popup' is visible

2021-11-18 11:46:43 - [MESSAGE][INFO] - Finding Test Object 'Object Repository/Popup/Popup'

2021-11-18 11:46:43 - [MESSAGE][INFO] - Checking object

2021-11-18 11:46:43 - [MESSAGE][INFO] - Checking timeout

2021-11-18 11:46:43 - [MESSAGE][INFO] - Finding web element from Test Object's properties

2021-11-18 11:46:43 - [MESSAGE][INFO] - Checking timeout

2021-11-18 11:46:43 - [MESSAGE][INFO] - Finding web element with id: 'Object Repository/Popup/Popup' located by 'By.cssSelector: .bootbox-body' in '10' second(s)

2021-11-18 11:46:43 - [MESSAGE][INFO] - Smart Wait Function is triggered

2021-11-18 11:46:44 - [MESSAGE][INFO] - Found 1 web elements with id: 'Object Repository/Popup/Popup' located by 'By.cssSelector: .bootbox-body' in '10' second(s)

2021-11-18 11:46:44 - [MESSAGE][PASSED] - Object 'Object Repository/Popup/Popup' is visible

2021-11-18 11:46:44 - [TEST_STEP][PASSED] - if (!(getText(findTestObject("Popup/Popup")).contains(Mesaj))): Text of object 'Object Repository/Popup/Popup' is: 'Lütfen rapor bildiriminin gönderileceği e-posta adresini belirtiniz.
e-Posta Adresi'

2021-11-18 11:46:44 - [MESSAGE][INFO] - Finding Test Object 'Object Repository/Popup/Popup'

2021-11-18 11:46:44 - [MESSAGE][INFO] - Checking object

2021-11-18 11:46:44 - [MESSAGE][INFO] - Finding web element from Test Object's properties

2021-11-18 11:46:44 - [MESSAGE][INFO] - Checking timeout

2021-11-18 11:46:44 - [MESSAGE][INFO] - Finding web element with id: 'Object Repository/Popup/Popup' located by 'By.cssSelector: .bootbox-body' in '30' second(s)

2021-11-18 11:46:44 - [MESSAGE][INFO] - Smart Wait Function is triggered

2021-11-18 11:46:44 - [MESSAGE][INFO] - Found 1 web elements with id: 'Object Repository/Popup/Popup' located by 'By.cssSelector: .bootbox-body' in '30' second(s)

2021-11-18 11:46:44 - [MESSAGE][INFO] - Getting text of object 'Object Repository/Popup/Popup'

2021-11-18 11:46:44 - [MESSAGE][PASSED] - Text of object 'Object Repository/Popup/Popup' is: 'Lütfen rapor bildiriminin gönderileceği e-posta adresini belirtiniz.
e-Posta Adresi'

2021-11-18 11:46:44 - [TEST_STEP][PASSED] - RaporNo = getText(findTestObject("Popup/Popup")).substring(0, 6): Text of object 'Object Repository/Popup/Popup' is: 'Lütfen rapor bildiriminin gönderileceği e-posta adresini belirtiniz.
e-Posta Adresi'

2021-11-18 11:46:44 - [MESSAGE][INFO] - Finding Test Object 'Object Repository/Popup/Popup'

2021-11-18 11:46:44 - [MESSAGE][INFO] - Checking object

2021-11-18 11:46:44 - [MESSAGE][INFO] - Finding web element from Test Object's properties

2021-11-18 11:46:44 - [MESSAGE][INFO] - Checking timeout

2021-11-18 11:46:44 - [MESSAGE][INFO] - Finding web element with id: 'Object Repository/Popup/Popup' located by 'By.cssSelector: .bootbox-body' in '30' second(s)

2021-11-18 11:46:44 - [MESSAGE][INFO] - Smart Wait Function is triggered

2021-11-18 11:46:44 - [MESSAGE][INFO] - Found 1 web elements with id: 'Object Repository/Popup/Popup' located by 'By.cssSelector: .bootbox-body' in '30' second(s)

2021-11-18 11:46:44 - [MESSAGE][INFO] - Getting text of object 'Object Repository/Popup/Popup'

2021-11-18 11:46:44 - [MESSAGE][PASSED] - Text of object 'Object Repository/Popup/Popup' is: 'Lütfen rapor bildiriminin gönderileceği e-posta adresini belirtiniz.
e-Posta Adresi'

2021-11-18 11:46:44 - [TEST_STEP][PASSED] - Console.println(RaporNo): null

2021-11-18 11:46:44 - [MESSAGE][PASSED] - Call Test Case 'Test Cases/Popup/PopupMesajiIceriyorMu' successfully

2021-11-18 11:46:44 - [MESSAGE][INFO] - Checking called Test Case

2021-11-18 11:46:44 - [MESSAGE][INFO] - Starting to call Test Case 'Test Cases/Popup/PopupaEmailEklenir'

2021-11-18 11:46:44 - [TEST_CASE][PASSED] - Test Cases/Popup/PopupaEmailEklenir: Test Cases/Popup/PopupaEmailEklenir

2021-11-18 11:46:44 - [TEST_STEP][PASSED] - clearText(findTestObject("Popup/EmailText")): Text of object 'Object Repository/Popup/EmailText' is cleared

2021-11-18 11:46:44 - [MESSAGE][INFO] - Finding Test Object 'Object Repository/Popup/EmailText'

2021-11-18 11:46:45 - [MESSAGE][INFO] - Checking object

2021-11-18 11:46:45 - [MESSAGE][INFO] - Finding web element from Test Object's properties

2021-11-18 11:46:45 - [MESSAGE][INFO] - Checking timeout

2021-11-18 11:46:45 - [MESSAGE][INFO] - Finding web element with id: 'Object Repository/Popup/EmailText' located by 'By.xpath: //*[@id="eMails"]' in '30' second(s)

2021-11-18 11:46:45 - [MESSAGE][INFO] - Smart Wait Function is triggered

2021-11-18 11:46:45 - [MESSAGE][INFO] - Found 1 web elements with id: 'Object Repository/Popup/EmailText' located by 'By.xpath: //*[@id="eMails"]' in '30' second(s)

2021-11-18 11:46:45 - [MESSAGE][INFO] - Clearing text of object 'Object Repository/Popup/EmailText'

2021-11-18 11:46:45 - [MESSAGE][PASSED] - Text of object 'Object Repository/Popup/EmailText' is cleared

2021-11-18 11:46:45 - [TEST_STEP][PASSED] - sendKeys(findTestObject("Popup/EmailText"), Email): Keys 'elogotest@gmail.com;ali.kara@logo.com.tr' sent to object: 'Object Repository/Popup/EmailText'

2021-11-18 11:46:45 - [MESSAGE][INFO] - Finding Test Object 'Object Repository/Popup/EmailText'

2021-11-18 11:46:45 - [MESSAGE][INFO] - Sending keys 'elogotest@gmail.com;ali.kara@logo.com.tr' to object: 'Object Repository/Popup/EmailText'

2021-11-18 11:46:45 - [MESSAGE][INFO] - Finding web element from Test Object's properties

2021-11-18 11:46:45 - [MESSAGE][INFO] - Checking timeout

2021-11-18 11:46:45 - [MESSAGE][INFO] - Finding web element with id: 'Object Repository/Popup/EmailText' located by 'By.xpath: //*[@id="eMails"]' in '30' second(s)

2021-11-18 11:46:45 - [MESSAGE][INFO] - Smart Wait Function is triggered

2021-11-18 11:46:45 - [MESSAGE][INFO] - Found 1 web elements with id: 'Object Repository/Popup/EmailText' located by 'By.xpath: //*[@id="eMails"]' in '30' second(s)

2021-11-18 11:46:45 - [MESSAGE][PASSED] - Keys 'elogotest@gmail.com;ali.kara@logo.com.tr' sent to object: 'Object Repository/Popup/EmailText'

2021-11-18 11:46:45 - [MESSAGE][PASSED] - Call Test Case 'Test Cases/Popup/PopupaEmailEklenir' successfully

2021-11-18 11:46:45 - [MESSAGE][INFO] - Checking called Test Case

2021-11-18 11:46:45 - [MESSAGE][INFO] - Starting to call Test Case 'Test Cases/Popup/PopupButonSecilir'

2021-11-18 11:46:45 - [TEST_CASE][PASSED] - Test Cases/Popup/PopupButonSecilir: Test Cases/Popup/PopupButonSecilir

2021-11-18 11:46:45 - [TEST_STEP][PASSED] - Method.TextDegerineEsitElementeTikla(findTestObject("Popup/Popup_Butons"), Buton): Method.TextDegerineEsitElementeTikla is PASSED

2021-11-18 11:46:45 - [MESSAGE][INFO] - Finding Test Object 'Object Repository/Popup/Popup_Butons'

2021-11-18 11:46:46 - [MESSAGE][INFO] - Checking timeout

2021-11-18 11:46:46 - [MESSAGE][INFO] - Finding web element with id: 'Object Repository/Popup/Popup_Butons' located by 'By.cssSelector: .modal-footer>button' in '10' second(s)

2021-11-18 11:46:46 - [MESSAGE][INFO] - Smart Wait Function is triggered

2021-11-18 11:46:46 - [MESSAGE][INFO] - Found 2 web elements with id: 'Object Repository/Popup/Popup_Butons' located by 'By.cssSelector: .modal-footer>button' in '10' second(s)

2021-11-18 11:46:46 - [MESSAGE][PASSED] - Method.TextDegerineEsitElementeTikla is PASSED

2021-11-18 11:46:46 - [MESSAGE][PASSED] - Call Test Case 'Test Cases/Popup/PopupButonSecilir' successfully

2021-11-18 11:46:46 - [MESSAGE][INFO] - Checking called Test Case

2021-11-18 11:46:46 - [MESSAGE][INFO] - Starting to call Test Case 'Test Cases/Popup/PopupMesajiIceriyorMu'

2021-11-18 11:46:46 - [TEST_CASE][PASSED] - Test Cases/Popup/PopupMesajiIceriyorMu: Test Cases/Popup/PopupMesajiIceriyorMu

2021-11-18 11:46:46 - [TEST_STEP][PASSED] - waitForElementVisible(findTestObject("Popup/Popup"), 10): Object 'Object Repository/Popup/Popup' is visible

2021-11-18 11:46:46 - [MESSAGE][INFO] - Finding Test Object 'Object Repository/Popup/Popup'

2021-11-18 11:46:46 - [MESSAGE][INFO] - Checking object

2021-11-18 11:46:46 - [MESSAGE][INFO] - Checking timeout

2021-11-18 11:46:46 - [MESSAGE][INFO] - Finding web element from Test Object's properties

2021-11-18 11:46:46 - [MESSAGE][INFO] - Checking timeout

2021-11-18 11:46:46 - [MESSAGE][INFO] - Finding web element with id: 'Object Repository/Popup/Popup' located by 'By.cssSelector: .bootbox-body' in '10' second(s)

2021-11-18 11:46:46 - [MESSAGE][INFO] - Smart Wait Function is triggered

2021-11-18 11:46:47 - [MESSAGE][INFO] - Found 1 web elements with id: 'Object Repository/Popup/Popup' located by 'By.cssSelector: .bootbox-body' in '10' second(s)

2021-11-18 11:46:47 - [MESSAGE][PASSED] - Object 'Object Repository/Popup/Popup' is visible

2021-11-18 11:46:47 - [TEST_STEP][PASSED] - if (!(getText(findTestObject("Popup/Popup")).contains(Mesaj))): Text of object 'Object Repository/Popup/Popup' is: '17400 no’lu talebiniz işleme alınmıştır. Raporunuz hazırlandığında (elogotest@gmail.com;ali.kara@logo.com.tr) adresinize mail gönderilecektir.
Rapor durumunuzu Raporlar > Toplu Veri İndirme ekranından takip edebilir, hazırlandı durumundaki raporlarınızı ilgili menüden indirebilirsiniz.'

2021-11-18 11:46:47 - [MESSAGE][INFO] - Finding Test Object 'Object Repository/Popup/Popup'

2021-11-18 11:46:47 - [MESSAGE][INFO] - Checking object

2021-11-18 11:46:47 - [MESSAGE][INFO] - Finding web element from Test Object's properties

2021-11-18 11:46:47 - [MESSAGE][INFO] - Checking timeout

2021-11-18 11:46:47 - [MESSAGE][INFO] - Finding web element with id: 'Object Repository/Popup/Popup' located by 'By.cssSelector: .bootbox-body' in '30' second(s)

2021-11-18 11:46:47 - [MESSAGE][INFO] - Smart Wait Function is triggered

2021-11-18 11:46:47 - [MESSAGE][INFO] - Found 1 web elements with id: 'Object Repository/Popup/Popup' located by 'By.cssSelector: .bootbox-body' in '30' second(s)

2021-11-18 11:46:47 - [MESSAGE][INFO] - Getting text of object 'Object Repository/Popup/Popup'

2021-11-18 11:46:47 - [MESSAGE][PASSED] - Text of object 'Object Repository/Popup/Popup' is: '17400 no’lu talebiniz işleme alınmıştır. Raporunuz hazırlandığında (elogotest@gmail.com;ali.kara@logo.com.tr) adresinize mail gönderilecektir.
Rapor durumunuzu Raporlar > Toplu Veri İndirme ekranından takip edebilir, hazırlandı durumundaki raporlarınızı ilgili menüden indirebilirsiniz.'

2021-11-18 11:46:47 - [TEST_STEP][PASSED] - RaporNo = getText(findTestObject("Popup/Popup")).substring(0, 6): Text of object 'Object Repository/Popup/Popup' is: '17400 no’lu talebiniz işleme alınmıştır. Raporunuz hazırlandığında (elogotest@gmail.com;ali.kara@logo.com.tr) adresinize mail gönderilecektir.
Rapor durumunuzu Raporlar > Toplu Veri İndirme ekranından takip edebilir, hazırlandı durumundaki raporlarınızı ilgili menüden indirebilirsiniz.'

2021-11-18 11:46:47 - [MESSAGE][INFO] - Finding Test Object 'Object Repository/Popup/Popup'

2021-11-18 11:46:47 - [MESSAGE][INFO] - Checking object

2021-11-18 11:46:47 - [MESSAGE][INFO] - Finding web element from Test Object's properties

2021-11-18 11:46:47 - [MESSAGE][INFO] - Checking timeout

2021-11-18 11:46:47 - [MESSAGE][INFO] - Finding web element with id: 'Object Repository/Popup/Popup' located by 'By.cssSelector: .bootbox-body' in '30' second(s)

2021-11-18 11:46:47 - [MESSAGE][INFO] - Smart Wait Function is triggered

2021-11-18 11:46:48 - [MESSAGE][INFO] - Found 1 web elements with id: 'Object Repository/Popup/Popup' located by 'By.cssSelector: .bootbox-body' in '30' second(s)

2021-11-18 11:46:48 - [MESSAGE][INFO] - Getting text of object 'Object Repository/Popup/Popup'

2021-11-18 11:46:48 - [MESSAGE][PASSED] - Text of object 'Object Repository/Popup/Popup' is: '17400 no’lu talebiniz işleme alınmıştır. Raporunuz hazırlandığında (elogotest@gmail.com;ali.kara@logo.com.tr) adresinize mail gönderilecektir.
Rapor durumunuzu Raporlar > Toplu Veri İndirme ekranından takip edebilir, hazırlandı durumundaki raporlarınızı ilgili menüden indirebilirsiniz.'

2021-11-18 11:46:48 - [TEST_STEP][PASSED] - Console.println(RaporNo): null

2021-11-18 11:46:48 - [MESSAGE][PASSED] - Call Test Case 'Test Cases/Popup/PopupMesajiIceriyorMu' successfully

2021-11-18 11:46:48 - [MESSAGE][INFO] - Checking called Test Case

2021-11-18 11:46:48 - [MESSAGE][INFO] - Starting to call Test Case 'Test Cases/Popup/PopupButonSecilir'

2021-11-18 11:46:48 - [TEST_CASE][PASSED] - Test Cases/Popup/PopupButonSecilir: Test Cases/Popup/PopupButonSecilir

2021-11-18 11:46:48 - [TEST_STEP][PASSED] - Method.TextDegerineEsitElementeTikla(findTestObject("Popup/Popup_Butons"), Buton): Method.TextDegerineEsitElementeTikla is PASSED

2021-11-18 11:46:48 - [MESSAGE][INFO] - Finding Test Object 'Object Repository/Popup/Popup_Butons'

2021-11-18 11:46:48 - [MESSAGE][INFO] - Checking timeout

2021-11-18 11:46:48 - [MESSAGE][INFO] - Finding web element with id: 'Object Repository/Popup/Popup_Butons' located by 'By.cssSelector: .modal-footer>button' in '10' second(s)

2021-11-18 11:46:48 - [MESSAGE][INFO] - Smart Wait Function is triggered

2021-11-18 11:46:48 - [MESSAGE][INFO] - Found 1 web elements with id: 'Object Repository/Popup/Popup_Butons' located by 'By.cssSelector: .modal-footer>button' in '10' second(s)

2021-11-18 11:46:48 - [MESSAGE][PASSED] - Method.TextDegerineEsitElementeTikla is PASSED

2021-11-18 11:46:48 - [MESSAGE][PASSED] - Call Test Case 'Test Cases/Popup/PopupButonSecilir' successfully

2021-11-18 11:46:48 - [MESSAGE][INFO] - Checking called Test Case

2021-11-18 11:46:48 - [MESSAGE][INFO] - Starting to call Test Case 'Test Cases/Butonlar/ButonaTikla'

2021-11-18 11:46:48 - [TEST_CASE][PASSED] - Test Cases/Butonlar/ButonaTikla: Test Cases/Butonlar/ButonaTikla

2021-11-18 11:46:48 - [TEST_STEP][PASSED] - Method.TextDegerineEsitElementeTiklaEquals(findTestObject("Butonlar/Butonlar"), Buton_Adi): Method.TextDegerineEsitElementeTiklaEquals is PASSED

2021-11-18 11:46:48 - [MESSAGE][INFO] - Finding Test Object 'Object Repository/Butonlar/Butonlar'

2021-11-18 11:46:48 - [MESSAGE][INFO] - Checking timeout

2021-11-18 11:46:48 - [MESSAGE][INFO] - Finding web element with id: 'Object Repository/Butonlar/Butonlar' located by 'By.cssSelector: .panel.panel-default.text-center.footerPanel .btn,.btn.btn-primary.btnControls' in '10' second(s)

2021-11-18 11:46:48 - [MESSAGE][INFO] - Smart Wait Function is triggered

2021-11-18 11:46:49 - [MESSAGE][INFO] - Found 11 web elements with id: 'Object Repository/Butonlar/Butonlar' located by 'By.cssSelector: .panel.panel-default.text-center.footerPanel .btn,.btn.btn-primary.btnControls' in '10' second(s)

2021-11-18 11:46:49 - [MESSAGE][PASSED] - Method.TextDegerineEsitElementeTiklaEquals is PASSED

2021-11-18 11:46:49 - [MESSAGE][PASSED] - Call Test Case 'Test Cases/Butonlar/ButonaTikla' successfully

2021-11-18 11:46:49 - [MESSAGE][INFO] - Checking called Test Case

2021-11-18 11:46:49 - [MESSAGE][INFO] - Starting to call Test Case 'Test Cases/Butonlar/AltButonaTikla'

2021-11-18 11:46:49 - [TEST_CASE][PASSED] - Test Cases/Butonlar/AltButonaTikla: Test Cases/Butonlar/AltButonaTikla

2021-11-18 11:46:49 - [TEST_STEP][PASSED] - Method.TextDegerineEsitElementeTikla(findTestObject("Butonlar/AltButonlar"), Alt_Buton): Method.TextDegerineEsitElementeTikla is PASSED

2021-11-18 11:46:49 - [MESSAGE][INFO] - Finding Test Object 'Object Repository/Butonlar/AltButonlar'

2021-11-18 11:46:49 - [MESSAGE][INFO] - Checking timeout

2021-11-18 11:46:49 - [MESSAGE][INFO] - Finding web element with id: 'Object Repository/Butonlar/AltButonlar' located by 'By.cssSelector: .btn-group.open li>a' in '10' second(s)

2021-11-18 11:46:49 - [MESSAGE][INFO] - Smart Wait Function is triggered

2021-11-18 11:46:50 - [MESSAGE][INFO] - Found 2 web elements with id: 'Object Repository/Butonlar/AltButonlar' located by 'By.cssSelector: .btn-group.open li>a' in '10' second(s)

2021-11-18 11:46:50 - [MESSAGE][PASSED] - Method.TextDegerineEsitElementeTikla is PASSED

2021-11-18 11:46:50 - [MESSAGE][PASSED] - Call Test Case 'Test Cases/Butonlar/AltButonaTikla' successfully

2021-11-18 11:46:50 - [MESSAGE][INFO] - Checking called Test Case

2021-11-18 11:46:50 - [MESSAGE][INFO] - Starting to call Test Case 'Test Cases/Popup/PopupMesajiIceriyorMu'

2021-11-18 11:46:50 - [TEST_CASE][PASSED] - Test Cases/Popup/PopupMesajiIceriyorMu: Test Cases/Popup/PopupMesajiIceriyorMu

2021-11-18 11:46:50 - [TEST_STEP][PASSED] - waitForElementVisible(findTestObject("Popup/Popup"), 10): Object 'Object Repository/Popup/Popup' is visible

2021-11-18 11:46:50 - [MESSAGE][INFO] - Finding Test Object 'Object Repository/Popup/Popup'

2021-11-18 11:46:50 - [MESSAGE][INFO] - Checking object

2021-11-18 11:46:50 - [MESSAGE][INFO] - Checking timeout

2021-11-18 11:46:50 - [MESSAGE][INFO] - Finding web element from Test Object's properties

2021-11-18 11:46:50 - [MESSAGE][INFO] - Checking timeout

2021-11-18 11:46:50 - [MESSAGE][INFO] - Finding web element with id: 'Object Repository/Popup/Popup' located by 'By.cssSelector: .bootbox-body' in '10' second(s)

2021-11-18 11:46:50 - [MESSAGE][INFO] - Smart Wait Function is triggered

2021-11-18 11:46:50 - [MESSAGE][INFO] - Found 1 web elements with id: 'Object Repository/Popup/Popup' located by 'By.cssSelector: .bootbox-body' in '10' second(s)

2021-11-18 11:46:50 - [MESSAGE][PASSED] - Object 'Object Repository/Popup/Popup' is visible

2021-11-18 11:46:50 - [TEST_STEP][PASSED] - if (!(getText(findTestObject("Popup/Popup")).contains(Mesaj))): Text of object 'Object Repository/Popup/Popup' is: 'Lütfen rapor bildiriminin gönderileceği e-posta adresini belirtiniz.
e-Posta Adresi'

2021-11-18 11:46:50 - [MESSAGE][INFO] - Finding Test Object 'Object Repository/Popup/Popup'

2021-11-18 11:46:50 - [MESSAGE][INFO] - Checking object

2021-11-18 11:46:50 - [MESSAGE][INFO] - Finding web element from Test Object's properties

2021-11-18 11:46:50 - [MESSAGE][INFO] - Checking timeout

2021-11-18 11:46:50 - [MESSAGE][INFO] - Finding web element with id: 'Object Repository/Popup/Popup' located by 'By.cssSelector: .bootbox-body' in '30' second(s)

2021-11-18 11:46:50 - [MESSAGE][INFO] - Smart Wait Function is triggered

2021-11-18 11:46:51 - [MESSAGE][INFO] - Found 1 web elements with id: 'Object Repository/Popup/Popup' located by 'By.cssSelector: .bootbox-body' in '30' second(s)

2021-11-18 11:46:51 - [MESSAGE][INFO] - Getting text of object 'Object Repository/Popup/Popup'

2021-11-18 11:46:51 - [MESSAGE][PASSED] - Text of object 'Object Repository/Popup/Popup' is: 'Lütfen rapor bildiriminin gönderileceği e-posta adresini belirtiniz.
e-Posta Adresi'

2021-11-18 11:46:51 - [TEST_STEP][PASSED] - RaporNo = getText(findTestObject("Popup/Popup")).substring(0, 6): Text of object 'Object Repository/Popup/Popup' is: 'Lütfen rapor bildiriminin gönderileceği e-posta adresini belirtiniz.
e-Posta Adresi'

2021-11-18 11:46:51 - [MESSAGE][INFO] - Finding Test Object 'Object Repository/Popup/Popup'

2021-11-18 11:46:51 - [MESSAGE][INFO] - Checking object

2021-11-18 11:46:51 - [MESSAGE][INFO] - Finding web element from Test Object's properties

2021-11-18 11:46:51 - [MESSAGE][INFO] - Checking timeout

2021-11-18 11:46:51 - [MESSAGE][INFO] - Finding web element with id: 'Object Repository/Popup/Popup' located by 'By.cssSelector: .bootbox-body' in '30' second(s)

2021-11-18 11:46:51 - [MESSAGE][INFO] - Smart Wait Function is triggered

2021-11-18 11:46:51 - [MESSAGE][INFO] - Found 1 web elements with id: 'Object Repository/Popup/Popup' located by 'By.cssSelector: .bootbox-body' in '30' second(s)

2021-11-18 11:46:51 - [MESSAGE][INFO] - Getting text of object 'Object Repository/Popup/Popup'

2021-11-18 11:46:51 - [MESSAGE][PASSED] - Text of object 'Object Repository/Popup/Popup' is: 'Lütfen rapor bildiriminin gönderileceği e-posta adresini belirtiniz.
e-Posta Adresi'

2021-11-18 11:46:51 - [TEST_STEP][PASSED] - Console.println(RaporNo): null

2021-11-18 11:46:51 - [MESSAGE][PASSED] - Call Test Case 'Test Cases/Popup/PopupMesajiIceriyorMu' successfully

2021-11-18 11:46:51 - [MESSAGE][INFO] - Checking called Test Case

2021-11-18 11:46:51 - [MESSAGE][INFO] - Starting to call Test Case 'Test Cases/Popup/PopupaEmailEklenir'

2021-11-18 11:46:51 - [TEST_CASE][PASSED] - Test Cases/Popup/PopupaEmailEklenir: Test Cases/Popup/PopupaEmailEklenir

2021-11-18 11:46:51 - [TEST_STEP][PASSED] - clearText(findTestObject("Popup/EmailText")): Text of object 'Object Repository/Popup/EmailText' is cleared

2021-11-18 11:46:51 - [MESSAGE][INFO] - Finding Test Object 'Object Repository/Popup/EmailText'

2021-11-18 11:46:51 - [MESSAGE][INFO] - Checking object

2021-11-18 11:46:51 - [MESSAGE][INFO] - Finding web element from Test Object's properties

2021-11-18 11:46:51 - [MESSAGE][INFO] - Checking timeout

2021-11-18 11:46:51 - [MESSAGE][INFO] - Finding web element with id: 'Object Repository/Popup/EmailText' located by 'By.xpath: //*[@id="eMails"]' in '30' second(s)

2021-11-18 11:46:51 - [MESSAGE][INFO] - Smart Wait Function is triggered

2021-11-18 11:46:52 - [MESSAGE][INFO] - Found 1 web elements with id: 'Object Repository/Popup/EmailText' located by 'By.xpath: //*[@id="eMails"]' in '30' second(s)

2021-11-18 11:46:52 - [MESSAGE][INFO] - Clearing text of object 'Object Repository/Popup/EmailText'

2021-11-18 11:46:52 - [MESSAGE][PASSED] - Text of object 'Object Repository/Popup/EmailText' is cleared

2021-11-18 11:46:52 - [TEST_STEP][PASSED] - sendKeys(findTestObject("Popup/EmailText"), Email): Keys 'elogotest@gmail.com;ali.kara@logo.com.tr' sent to object: 'Object Repository/Popup/EmailText'

2021-11-18 11:46:52 - [MESSAGE][INFO] - Finding Test Object 'Object Repository/Popup/EmailText'

2021-11-18 11:46:52 - [MESSAGE][INFO] - Sending keys 'elogotest@gmail.com;ali.kara@logo.com.tr' to object: 'Object Repository/Popup/EmailText'

2021-11-18 11:46:52 - [MESSAGE][INFO] - Finding web element from Test Object's properties

2021-11-18 11:46:52 - [MESSAGE][INFO] - Checking timeout

2021-11-18 11:46:52 - [MESSAGE][INFO] - Finding web element with id: 'Object Repository/Popup/EmailText' located by 'By.xpath: //*[@id="eMails"]' in '30' second(s)

2021-11-18 11:46:52 - [MESSAGE][INFO] - Smart Wait Function is triggered

2021-11-18 11:46:52 - [MESSAGE][INFO] - Found 1 web elements with id: 'Object Repository/Popup/EmailText' located by 'By.xpath: //*[@id="eMails"]' in '30' second(s)

2021-11-18 11:46:52 - [MESSAGE][PASSED] - Keys 'elogotest@gmail.com;ali.kara@logo.com.tr' sent to object: 'Object Repository/Popup/EmailText'

2021-11-18 11:46:52 - [MESSAGE][PASSED] - Call Test Case 'Test Cases/Popup/PopupaEmailEklenir' successfully

2021-11-18 11:46:52 - [MESSAGE][INFO] - Checking called Test Case

2021-11-18 11:46:52 - [MESSAGE][INFO] - Starting to call Test Case 'Test Cases/Popup/PopupButonSecilir'

2021-11-18 11:46:52 - [TEST_CASE][PASSED] - Test Cases/Popup/PopupButonSecilir: Test Cases/Popup/PopupButonSecilir

2021-11-18 11:46:52 - [TEST_STEP][PASSED] - Method.TextDegerineEsitElementeTikla(findTestObject("Popup/Popup_Butons"), Buton): Method.TextDegerineEsitElementeTikla is PASSED

2021-11-18 11:46:52 - [MESSAGE][INFO] - Finding Test Object 'Object Repository/Popup/Popup_Butons'

2021-11-18 11:46:52 - [MESSAGE][INFO] - Checking timeout

2021-11-18 11:46:52 - [MESSAGE][INFO] - Finding web element with id: 'Object Repository/Popup/Popup_Butons' located by 'By.cssSelector: .modal-footer>button' in '10' second(s)

2021-11-18 11:46:52 - [MESSAGE][INFO] - Smart Wait Function is triggered

2021-11-18 11:46:52 - [MESSAGE][INFO] - Found 2 web elements with id: 'Object Repository/Popup/Popup_Butons' located by 'By.cssSelector: .modal-footer>button' in '10' second(s)

2021-11-18 11:46:53 - [MESSAGE][PASSED] - Method.TextDegerineEsitElementeTikla is PASSED

2021-11-18 11:46:53 - [MESSAGE][PASSED] - Call Test Case 'Test Cases/Popup/PopupButonSecilir' successfully

2021-11-18 11:46:53 - [MESSAGE][INFO] - Checking called Test Case

2021-11-18 11:46:53 - [MESSAGE][INFO] - Starting to call Test Case 'Test Cases/Popup/PopupMesajiIceriyorMu'

2021-11-18 11:46:53 - [TEST_CASE][PASSED] - Test Cases/Popup/PopupMesajiIceriyorMu: Test Cases/Popup/PopupMesajiIceriyorMu

2021-11-18 11:46:53 - [TEST_STEP][PASSED] - waitForElementVisible(findTestObject("Popup/Popup"), 10): Object 'Object Repository/Popup/Popup' is visible

2021-11-18 11:46:53 - [MESSAGE][INFO] - Finding Test Object 'Object Repository/Popup/Popup'

2021-11-18 11:46:53 - [MESSAGE][INFO] - Checking object

2021-11-18 11:46:53 - [MESSAGE][INFO] - Checking timeout

2021-11-18 11:46:53 - [MESSAGE][INFO] - Finding web element from Test Object's properties

2021-11-18 11:46:53 - [MESSAGE][INFO] - Checking timeout

2021-11-18 11:46:53 - [MESSAGE][INFO] - Finding web element with id: 'Object Repository/Popup/Popup' located by 'By.cssSelector: .bootbox-body' in '10' second(s)

2021-11-18 11:46:53 - [MESSAGE][INFO] - Smart Wait Function is triggered

2021-11-18 11:46:53 - [MESSAGE][INFO] - Found 1 web elements with id: 'Object Repository/Popup/Popup' located by 'By.cssSelector: .bootbox-body' in '10' second(s)

2021-11-18 11:46:53 - [MESSAGE][PASSED] - Object 'Object Repository/Popup/Popup' is visible

2021-11-18 11:46:53 - [TEST_STEP][PASSED] - if (!(getText(findTestObject("Popup/Popup")).contains(Mesaj))): Text of object 'Object Repository/Popup/Popup' is: '17402 no’lu talebiniz işleme alınmıştır. Raporunuz hazırlandığında (elogotest@gmail.com;ali.kara@logo.com.tr) adresinize mail gönderilecektir.
Rapor durumunuzu Raporlar > Toplu Veri İndirme ekranından takip edebilir, hazırlandı durumundaki raporlarınızı ilgili menüden indirebilirsiniz.'

2021-11-18 11:46:53 - [MESSAGE][INFO] - Finding Test Object 'Object Repository/Popup/Popup'

2021-11-18 11:46:53 - [MESSAGE][INFO] - Checking object

2021-11-18 11:46:53 - [MESSAGE][INFO] - Finding web element from Test Object's properties

2021-11-18 11:46:53 - [MESSAGE][INFO] - Checking timeout

2021-11-18 11:46:53 - [MESSAGE][INFO] - Finding web element with id: 'Object Repository/Popup/Popup' located by 'By.cssSelector: .bootbox-body' in '30' second(s)

2021-11-18 11:46:53 - [MESSAGE][INFO] - Smart Wait Function is triggered

2021-11-18 11:46:54 - [MESSAGE][INFO] - Found 1 web elements with id: 'Object Repository/Popup/Popup' located by 'By.cssSelector: .bootbox-body' in '30' second(s)

2021-11-18 11:46:54 - [MESSAGE][INFO] - Getting text of object 'Object Repository/Popup/Popup'

2021-11-18 11:46:54 - [MESSAGE][PASSED] - Text of object 'Object Repository/Popup/Popup' is: '17402 no’lu talebiniz işleme alınmıştır. Raporunuz hazırlandığında (elogotest@gmail.com;ali.kara@logo.com.tr) adresinize mail gönderilecektir.
Rapor durumunuzu Raporlar > Toplu Veri İndirme ekranından takip edebilir, hazırlandı durumundaki raporlarınızı ilgili menüden indirebilirsiniz.'

2021-11-18 11:46:54 - [TEST_STEP][PASSED] - RaporNo = getText(findTestObject("Popup/Popup")).substring(0, 6): Text of object 'Object Repository/Popup/Popup' is: '17402 no’lu talebiniz işleme alınmıştır. Raporunuz hazırlandığında (elogotest@gmail.com;ali.kara@logo.com.tr) adresinize mail gönderilecektir.
Rapor durumunuzu Raporlar > Toplu Veri İndirme ekranından takip edebilir, hazırlandı durumundaki raporlarınızı ilgili menüden indirebilirsiniz.'

2021-11-18 11:46:54 - [MESSAGE][INFO] - Finding Test Object 'Object Repository/Popup/Popup'

2021-11-18 11:46:54 - [MESSAGE][INFO] - Checking object

2021-11-18 11:46:54 - [MESSAGE][INFO] - Finding web element from Test Object's properties

2021-11-18 11:46:54 - [MESSAGE][INFO] - Checking timeout

2021-11-18 11:46:54 - [MESSAGE][INFO] - Finding web element with id: 'Object Repository/Popup/Popup' located by 'By.cssSelector: .bootbox-body' in '30' second(s)

2021-11-18 11:46:54 - [MESSAGE][INFO] - Smart Wait Function is triggered

2021-11-18 11:46:54 - [MESSAGE][INFO] - Found 1 web elements with id: 'Object Repository/Popup/Popup' located by 'By.cssSelector: .bootbox-body' in '30' second(s)

2021-11-18 11:46:54 - [MESSAGE][INFO] - Getting text of object 'Object Repository/Popup/Popup'

2021-11-18 11:46:54 - [MESSAGE][PASSED] - Text of object 'Object Repository/Popup/Popup' is: '17402 no’lu talebiniz işleme alınmıştır. Raporunuz hazırlandığında (elogotest@gmail.com;ali.kara@logo.com.tr) adresinize mail gönderilecektir.
Rapor durumunuzu Raporlar > Toplu Veri İndirme ekranından takip edebilir, hazırlandı durumundaki raporlarınızı ilgili menüden indirebilirsiniz.'

2021-11-18 11:46:54 - [TEST_STEP][PASSED] - Console.println(RaporNo): null

2021-11-18 11:46:54 - [MESSAGE][PASSED] - Call Test Case 'Test Cases/Popup/PopupMesajiIceriyorMu' successfully

2021-11-18 11:46:54 - [MESSAGE][INFO] - Checking called Test Case

2021-11-18 11:46:54 - [MESSAGE][INFO] - Starting to call Test Case 'Test Cases/Popup/PopupButonSecilir'

2021-11-18 11:46:54 - [TEST_CASE][PASSED] - Test Cases/Popup/PopupButonSecilir: Test Cases/Popup/PopupButonSecilir

2021-11-18 11:46:54 - [TEST_STEP][PASSED] - Method.TextDegerineEsitElementeTikla(findTestObject("Popup/Popup_Butons"), Buton): Method.TextDegerineEsitElementeTikla is PASSED

2021-11-18 11:46:54 - [MESSAGE][INFO] - Finding Test Object 'Object Repository/Popup/Popup_Butons'

2021-11-18 11:46:54 - [MESSAGE][INFO] - Checking timeout

2021-11-18 11:46:54 - [MESSAGE][INFO] - Finding web element with id: 'Object Repository/Popup/Popup_Butons' located by 'By.cssSelector: .modal-footer>button' in '10' second(s)

2021-11-18 11:46:54 - [MESSAGE][INFO] - Smart Wait Function is triggered

2021-11-18 11:46:54 - [MESSAGE][INFO] - Found 1 web elements with id: 'Object Repository/Popup/Popup_Butons' located by 'By.cssSelector: .modal-footer>button' in '10' second(s)

2021-11-18 11:46:55 - [MESSAGE][PASSED] - Method.TextDegerineEsitElementeTikla is PASSED

2021-11-18 11:46:55 - [MESSAGE][PASSED] - Call Test Case 'Test Cases/Popup/PopupButonSecilir' successfully

2021-11-18 11:46:55 - [MESSAGE][INFO] - Checking called Test Case

2021-11-18 11:46:55 - [MESSAGE][INFO] - Starting to call Test Case 'Test Cases/Menu/AnaMenuSecimi'

2021-11-18 11:46:55 - [TEST_CASE][PASSED] - Test Cases/Menu/AnaMenuSecimi: Test Cases/Menu/AnaMenuSecimi

2021-11-18 11:46:55 - [TEST_STEP][PASSED] - Method.TextDegerineEsitElementeTikla(findTestObject("Menu/Ana_Menu"), Ana_Menu): Method.TextDegerineEsitElementeTikla is PASSED

2021-11-18 11:46:55 - [MESSAGE][INFO] - Finding Test Object 'Object Repository/Menu/Ana_Menu'

2021-11-18 11:46:55 - [MESSAGE][INFO] - Checking timeout

2021-11-18 11:46:55 - [MESSAGE][INFO] - Finding web element with id: 'Object Repository/Menu/Ana_Menu' located by 'By.xpath: //*[@class = 'dropdown-toggle']' in '10' second(s)

2021-11-18 11:46:55 - [MESSAGE][INFO] - Smart Wait Function is triggered

2021-11-18 11:46:55 - [MESSAGE][INFO] - Found 14 web elements with id: 'Object Repository/Menu/Ana_Menu' located by 'By.xpath: //*[@class = 'dropdown-toggle']' in '10' second(s)

2021-11-18 11:46:56 - [MESSAGE][PASSED] - Method.TextDegerineEsitElementeTikla is PASSED

2021-11-18 11:46:56 - [MESSAGE][PASSED] - Call Test Case 'Test Cases/Menu/AnaMenuSecimi' successfully

2021-11-18 11:46:56 - [MESSAGE][INFO] - Checking called Test Case

2021-11-18 11:46:56 - [MESSAGE][INFO] - Starting to call Test Case 'Test Cases/Menu/AltMenuSecimi'

2021-11-18 11:46:56 - [TEST_CASE][PASSED] - Test Cases/Menu/AltMenuSecimi: Test Cases/Menu/AltMenuSecimi

2021-11-18 11:46:56 - [TEST_STEP][PASSED] - Method.TextDegerineEsitElementeTikla(findTestObject("Menu/Alt_Menu"), Alt_Menu): Method.TextDegerineEsitElementeTikla is PASSED

2021-11-18 11:46:56 - [MESSAGE][INFO] - Finding Test Object 'Object Repository/Menu/Alt_Menu'

2021-11-18 11:46:56 - [MESSAGE][INFO] - Checking timeout

2021-11-18 11:46:56 - [MESSAGE][INFO] - Finding web element with id: 'Object Repository/Menu/Alt_Menu' located by 'By.xpath: //li[@class='dropdown dropdown-large open']//li[@class='dropdown-element']' in '10' second(s)

2021-11-18 11:46:56 - [MESSAGE][INFO] - Smart Wait Function is triggered

2021-11-18 11:46:56 - [MESSAGE][INFO] - Found 9 web elements with id: 'Object Repository/Menu/Alt_Menu' located by 'By.xpath: //li[@class='dropdown dropdown-large open']//li[@class='dropdown-element']' in '10' second(s)

2021-11-18 11:46:57 - [MESSAGE][PASSED] - Method.TextDegerineEsitElementeTikla is PASSED

2021-11-18 11:46:57 - [MESSAGE][PASSED] - Call Test Case 'Test Cases/Menu/AltMenuSecimi' successfully

2021-11-18 11:46:57 - [MESSAGE][INFO] - Checking called Test Case

2021-11-18 11:46:57 - [MESSAGE][INFO] - Starting to call Test Case 'Test Cases/Filtreler/RaporNoYaz'

2021-11-18 11:46:57 - [TEST_CASE][PASSED] - Test Cases/Filtreler/RaporNoYaz: Test Cases/Filtreler/RaporNoYaz

2021-11-18 11:46:57 - [TEST_STEP][PASSED] - Method.TextDegerineEsitElementinAltindakiTextboxtaYaz(findTestObject("Filtreler/Basliklar"), findTestObject("Filtreler/Basliga_Gore_Textbox"), "Talep No", RaporNo): Method.TextDegerineEsitElementinAltindakiTextboxtaYaz is PASSED

2021-11-18 11:46:57 - [MESSAGE][INFO] - Finding Test Object 'Object Repository/Filtreler/Basliklar'

2021-11-18 11:46:57 - [MESSAGE][INFO] - Finding Test Object 'Object Repository/Filtreler/Basliga_Gore_Textbox'

2021-11-18 11:46:57 - [MESSAGE][INFO] - Checking timeout

2021-11-18 11:46:57 - [MESSAGE][INFO] - Finding web element with id: 'Object Repository/Filtreler/Basliklar' located by 'By.cssSelector: .control-label.col-sm-4.paddingMarginRLC' in '10' second(s)

2021-11-18 11:46:57 - [MESSAGE][INFO] - Smart Wait Function is triggered

2021-11-18 11:46:57 - [MESSAGE][INFO] - Found 8 web elements with id: 'Object Repository/Filtreler/Basliklar' located by 'By.cssSelector: .control-label.col-sm-4.paddingMarginRLC' in '10' second(s)

2021-11-18 11:46:57 - [MESSAGE][INFO] - Smart Wait Function is triggered

2021-11-18 11:46:58 - [MESSAGE][PASSED] - Method.TextDegerineEsitElementinAltindakiTextboxtaYaz is PASSED

2021-11-18 11:46:58 - [MESSAGE][PASSED] - Call Test Case 'Test Cases/Filtreler/RaporNoYaz' successfully

2021-11-18 11:46:58 - [MESSAGE][INFO] - Checking called Test Case

2021-11-18 11:46:58 - [MESSAGE][INFO] - Starting to call Test Case 'Test Cases/Filtreler/ButonaTikla'

2021-11-18 11:46:58 - [TEST_CASE][PASSED] - Test Cases/Filtreler/ButonaTikla: Test Cases/Filtreler/ButonaTikla

2021-11-18 11:46:58 - [TEST_STEP][PASSED] - Method.TextDegerineEsitElementeTikla(findTestObject("Filtreler/Butonlar"), Filtre_Buton): Method.TextDegerineEsitElementeTikla is PASSED

2021-11-18 11:46:58 - [MESSAGE][INFO] - Finding Test Object 'Object Repository/Filtreler/Butonlar'

2021-11-18 11:46:58 - [MESSAGE][INFO] - Checking timeout

2021-11-18 11:46:58 - [MESSAGE][INFO] - Finding web element with id: 'Object Repository/Filtreler/Butonlar' located by 'By.cssSelector: .dxb>span' in '10' second(s)

2021-11-18 11:46:58 - [MESSAGE][INFO] - Smart Wait Function is triggered

2021-11-18 11:46:58 - [MESSAGE][INFO] - Found 2 web elements with id: 'Object Repository/Filtreler/Butonlar' located by 'By.cssSelector: .dxb>span' in '10' second(s)

2021-11-18 11:46:58 - [MESSAGE][PASSED] - Method.TextDegerineEsitElementeTikla is PASSED

2021-11-18 11:46:58 - [MESSAGE][PASSED] - Call Test Case 'Test Cases/Filtreler/ButonaTikla' successfully

2021-11-18 11:46:58 - [MESSAGE][INFO] - Checking called Test Case

2021-11-18 11:46:58 - [MESSAGE][INFO] - Starting to call Test Case 'Test Cases/Tablo/TablodaVeriVarMi'

2021-11-18 11:46:58 - [TEST_CASE][PASSED] - Test Cases/Tablo/TablodaVeriVarMi: Test Cases/Tablo/TablodaVeriVarMi

2021-11-18 11:46:58 - [TEST_STEP][PASSED] - verifyTextNotPresent("Görüntülenecek veri yok", true): Text 'Görüntülenecek veri yok' is not present on page using regular expression

2021-11-18 11:46:58 - [MESSAGE][INFO] - Checking text present  using regular expression

2021-11-18 11:46:58 - [MESSAGE][INFO] - Smart Wait Function is triggered

2021-11-18 11:46:59 - [MESSAGE][INFO] - Finding text 'Görüntülenecek veri yok' on page  using regular expression

2021-11-18 11:46:59 - [MESSAGE][PASSED] - Text 'Görüntülenecek veri yok' is not present on page using regular expression

2021-11-18 11:46:59 - [MESSAGE][PASSED] - Call Test Case 'Test Cases/Tablo/TablodaVeriVarMi' successfully

2021-11-18 11:46:59 - [MESSAGE][INFO] - Checking called Test Case

2021-11-18 11:46:59 - [MESSAGE][INFO] - Starting to call Test Case 'Test Cases/Kullanici_Islemleri/KullaniciIslemlerindenSecimYapilir'

2021-11-18 11:46:59 - [TEST_CASE][PASSED] - Test Cases/Kullanici_Islemleri/KullaniciIslemlerindenSecimYapilir: Test Cases/Kullanici_Islemleri/KullaniciIslemlerindenSecimYapilir

2021-11-18 11:46:59 - [TEST_STEP][PASSED] - waitForElementClickable(findTestObject("Object Repository/Kullanici_Islemleri/KullaniciIslemleri"), 10): Object 'Object Repository/Kullanici_Islemleri/KullaniciIslemleri' is clickable

2021-11-18 11:46:59 - [MESSAGE][INFO] - Finding Test Object 'Object Repository/Kullanici_Islemleri/KullaniciIslemleri'

2021-11-18 11:46:59 - [MESSAGE][INFO] - Checking object

2021-11-18 11:46:59 - [MESSAGE][INFO] - Checking timeout

2021-11-18 11:46:59 - [MESSAGE][INFO] - Finding web element from Test Object's properties

2021-11-18 11:46:59 - [MESSAGE][INFO] - Checking timeout

2021-11-18 11:46:59 - [MESSAGE][INFO] - Finding web element with id: 'Object Repository/Kullanici_Islemleri/KullaniciIslemleri' located by 'By.cssSelector: .dropdown>a>img' in '10' second(s)

2021-11-18 11:46:59 - [MESSAGE][INFO] - Smart Wait Function is triggered

2021-11-18 11:46:59 - [MESSAGE][INFO] - Found 1 web elements with id: 'Object Repository/Kullanici_Islemleri/KullaniciIslemleri' located by 'By.cssSelector: .dropdown>a>img' in '10' second(s)

2021-11-18 11:46:59 - [MESSAGE][PASSED] - Object 'Object Repository/Kullanici_Islemleri/KullaniciIslemleri' is clickable

2021-11-18 11:47:00 - [TEST_STEP][PASSED] - click(findTestObject("Object Repository/Kullanici_Islemleri/KullaniciIslemleri")): Object: 'Object Repository/Kullanici_Islemleri/KullaniciIslemleri' is clicked on

2021-11-18 11:47:00 - [MESSAGE][INFO] - Finding Test Object 'Object Repository/Kullanici_Islemleri/KullaniciIslemleri'

2021-11-18 11:47:00 - [MESSAGE][INFO] - Checking object

2021-11-18 11:47:00 - [MESSAGE][INFO] - Finding web element from Test Object's properties

2021-11-18 11:47:00 - [MESSAGE][INFO] - Checking timeout

2021-11-18 11:47:00 - [MESSAGE][INFO] - Finding web element with id: 'Object Repository/Kullanici_Islemleri/KullaniciIslemleri' located by 'By.cssSelector: .dropdown>a>img' in '30' second(s)

2021-11-18 11:47:00 - [MESSAGE][INFO] - Smart Wait Function is triggered

2021-11-18 11:47:00 - [MESSAGE][INFO] - Found 1 web elements with id: 'Object Repository/Kullanici_Islemleri/KullaniciIslemleri' located by 'By.cssSelector: .dropdown>a>img' in '30' second(s)

2021-11-18 11:47:00 - [MESSAGE][INFO] - Clicking on object: 'Object Repository/Kullanici_Islemleri/KullaniciIslemleri'

2021-11-18 11:47:00 - [MESSAGE][PASSED] - Object: 'Object Repository/Kullanici_Islemleri/KullaniciIslemleri' is clicked on

2021-11-18 11:47:00 - [TEST_STEP][PASSED] - Method.TextDegerineEsitElementeTikla(findTestObject("Object Repository/Kullanici_Islemleri/Secenekler"), Islem): Method.TextDegerineEsitElementeTikla is PASSED

2021-11-18 11:47:00 - [MESSAGE][INFO] - Finding Test Object 'Object Repository/Kullanici_Islemleri/Secenekler'

2021-11-18 11:47:00 - [MESSAGE][INFO] - Checking timeout

2021-11-18 11:47:00 - [MESSAGE][INFO] - Finding web element with id: 'Object Repository/Kullanici_Islemleri/Secenekler' located by 'By.cssSelector: .nav.navbar-nav.navbar-right li a' in '10' second(s)

2021-11-18 11:47:00 - [MESSAGE][INFO] - Smart Wait Function is triggered

2021-11-18 11:47:00 - [MESSAGE][INFO] - Found 22 web elements with id: 'Object Repository/Kullanici_Islemleri/Secenekler' located by 'By.cssSelector: .nav.navbar-nav.navbar-right li a' in '10' second(s)

2021-11-18 11:47:02 - [MESSAGE][PASSED] - Method.TextDegerineEsitElementeTikla is PASSED

2021-11-18 11:47:02 - [TEST_STEP][PASSED] - verifyElementNotPresent(findTestObject("Object Repository/Kullanici_Islemleri/Secenekler"), 10): Web element with id: 'Object Repository/Kullanici_Islemleri/Secenekler' located by 'By.cssSelector: .nav.navbar-nav.navbar-right li a' is not present after '10' second(s)

2021-11-18 11:47:02 - [MESSAGE][INFO] - Finding Test Object 'Object Repository/Kullanici_Islemleri/Secenekler'

2021-11-18 11:47:02 - [MESSAGE][INFO] - Checking object

2021-11-18 11:47:02 - [MESSAGE][INFO] - Checking timeout

2021-11-18 11:47:02 - [MESSAGE][INFO] - Finding web element with id: 'Object Repository/Kullanici_Islemleri/Secenekler' located by 'By.cssSelector: .nav.navbar-nav.navbar-right li a' in '10' second(s)

2021-11-18 11:47:02 - [MESSAGE][INFO] - Smart Wait Function is triggered

2021-11-18 11:47:02 - [MESSAGE][PASSED] - Web element with id: 'Object Repository/Kullanici_Islemleri/Secenekler' located by 'By.cssSelector: .nav.navbar-nav.navbar-right li a' is not present after '10' second(s)

2021-11-18 11:47:02 - [MESSAGE][PASSED] - Call Test Case 'Test Cases/Kullanici_Islemleri/KullaniciIslemlerindenSecimYapilir' successfully

2021-11-18 11:47:02 - [TEST_CASE][PASSED] - Start Test Case : SCENARIO Irsaliyenin excele aktarilmasi: SCENARIO Irsaliyenin excele aktarilmasi

2021-11-18 11:47:02 - [TEST_STEP][PASSED] - Kullanıcı adı ELOGO6 ve Şifre 123456 olarak giriş yapılır: Kullanıcı adı ELOGO6 ve Şifre 123456 olarak giriş yapılır

2021-11-18 11:47:02 - [MESSAGE][PASSED] - Kullanıcı adı ELOGO6 ve Şifre 123456 olarak giriş yapılır

2021-11-18 11:47:02 - [TEST_STEP][PASSED] - Ana menüden e-İrsaliye seçilir: Ana menüden e-İrsaliye seçilir

2021-11-18 11:47:02 - [MESSAGE][PASSED] - Ana menüden e-İrsaliye seçilir

2021-11-18 11:47:02 - [TEST_STEP][PASSED] - Alt menü Giden Kutusu başlığı altındaki İrsaliyeler seçilir: Alt menü Giden Kutusu başlığı altındaki İrsaliyeler seçilir

2021-11-18 11:47:02 - [MESSAGE][PASSED] - Alt menü Giden Kutusu başlığı altındaki İrsaliyeler seçilir

2021-11-18 11:47:02 - [TEST_STEP][PASSED] - Filtrelerden Oluşturma Tarihi filtresine 01.01.2020 baslangic degerini yaz: Filtrelerden Oluşturma Tarihi filtresine 01.01.2020 baslangic degerini yaz

2021-11-18 11:47:02 - [MESSAGE][PASSED] - Filtrelerden Oluşturma Tarihi filtresine 01.01.2020 baslangic degerini yaz

2021-11-18 11:47:02 - [TEST_STEP][PASSED] - Filtrelerden Oluşturma Tarihi filtresine 31.12.2020 bitis degerini yaz: Filtrelerden Oluşturma Tarihi filtresine 31.12.2020 bitis degerini yaz

2021-11-18 11:47:02 - [MESSAGE][PASSED] - Filtrelerden Oluşturma Tarihi filtresine 31.12.2020 bitis degerini yaz

2021-11-18 11:47:02 - [TEST_STEP][PASSED] - Filtrelerden Alıcı Ünvanı filtresine TEST textini yaz: Filtrelerden Alıcı Ünvanı filtresine TEST textini yaz

2021-11-18 11:47:02 - [MESSAGE][PASSED] - Filtrelerden Alıcı Ünvanı filtresine TEST textini yaz

2021-11-18 11:47:02 - [TEST_STEP][PASSED] - Filtre butonlarından Listele seçilir: Filtre butonlarından Listele seçilir

2021-11-18 11:47:02 - [MESSAGE][PASSED] - Filtre butonlarından Listele seçilir

2021-11-18 11:47:02 - [TEST_STEP][PASSED] - Tabloda veri var mı kontrol edilir: Tabloda veri var mı kontrol edilir

2021-11-18 11:47:02 - [MESSAGE][PASSED] - Tabloda veri var mı kontrol edilir

2021-11-18 11:47:02 - [TEST_STEP][PASSED] - Tablodan TEST isimli veri seçilir: Tablodan TEST isimli veri seçilir

2021-11-18 11:47:02 - [MESSAGE][PASSED] - Tablodan TEST isimli veri seçilir

2021-11-18 11:47:02 - [TEST_STEP][PASSED] - Butonlardan Excel isimli butona tıklanır: Butonlardan Excel isimli butona tıklanır

2021-11-18 11:47:02 - [MESSAGE][PASSED] - Butonlardan Excel isimli butona tıklanır

2021-11-18 11:47:02 - [TEST_STEP][PASSED] - Alt butonlardan Excel'e Aktar butonuna tıklanır: Alt butonlardan Excel'e Aktar butonuna tıklanır

2021-11-18 11:47:02 - [MESSAGE][PASSED] - Alt butonlardan Excel'e Aktar butonuna tıklanır

2021-11-18 11:47:02 - [TEST_STEP][PASSED] - Popup mesajı Lütfen rapor bildiriminin gönderileceği e-posta adresini belirtiniz. içeriyor mu: Popup mesajı Lütfen rapor bildiriminin gönderileceği e-posta adresini belirtiniz. içeriyor mu

2021-11-18 11:47:02 - [MESSAGE][PASSED] - Popup mesajı Lütfen rapor bildiriminin gönderileceği e-posta adresini belirtiniz. içeriyor mu

2021-11-18 11:47:02 - [TEST_STEP][PASSED] - Popup email elogotest@gmail.com;ali.kara@logo.com.tr olarak girilir: Popup email elogotest@gmail.com;ali.kara@logo.com.tr olarak girilir

2021-11-18 11:47:02 - [MESSAGE][PASSED] - Popup email elogotest@gmail.com;ali.kara@logo.com.tr olarak girilir

2021-11-18 11:47:02 - [TEST_STEP][PASSED] - Yönetim popupında Gönder seçilir: Yönetim popupında Gönder seçilir

2021-11-18 11:47:02 - [MESSAGE][PASSED] - Yönetim popupında Gönder seçilir

2021-11-18 11:47:02 - [TEST_STEP][PASSED] - Popup mesajı talebiniz işleme alınmıştır içeriyor mu: Popup mesajı talebiniz işleme alınmıştır içeriyor mu

2021-11-18 11:47:02 - [MESSAGE][PASSED] - Popup mesajı talebiniz işleme alınmıştır içeriyor mu

2021-11-18 11:47:02 - [TEST_STEP][PASSED] - Yönetim popupında Tamam seçilir: Yönetim popupında Tamam seçilir

2021-11-18 11:47:02 - [MESSAGE][PASSED] - Yönetim popupında Tamam seçilir

2021-11-18 11:47:02 - [TEST_STEP][PASSED] - Butonlardan Excel isimli butona tıklanır: Butonlardan Excel isimli butona tıklanır

2021-11-18 11:47:02 - [MESSAGE][PASSED] - Butonlardan Excel isimli butona tıklanır

2021-11-18 11:47:02 - [TEST_STEP][PASSED] - Alt butonlardan Tümünü Excel'e Aktar butonuna tıklanır: Alt butonlardan Tümünü Excel'e Aktar butonuna tıklanır

2021-11-18 11:47:02 - [MESSAGE][PASSED] - Alt butonlardan Tümünü Excel'e Aktar butonuna tıklanır

2021-11-18 11:47:02 - [TEST_STEP][PASSED] - Popup mesajı Lütfen rapor bildiriminin gönderileceği e-posta adresini belirtiniz. içeriyor mu: Popup mesajı Lütfen rapor bildiriminin gönderileceği e-posta adresini belirtiniz. içeriyor mu

2021-11-18 11:47:02 - [MESSAGE][PASSED] - Popup mesajı Lütfen rapor bildiriminin gönderileceği e-posta adresini belirtiniz. içeriyor mu

2021-11-18 11:47:02 - [TEST_STEP][PASSED] - Popup email elogotest@gmail.com;ali.kara@logo.com.tr olarak girilir: Popup email elogotest@gmail.com;ali.kara@logo.com.tr olarak girilir

2021-11-18 11:47:02 - [MESSAGE][PASSED] - Popup email elogotest@gmail.com;ali.kara@logo.com.tr olarak girilir

2021-11-18 11:47:02 - [TEST_STEP][PASSED] - Yönetim popupında Gönder seçilir: Yönetim popupında Gönder seçilir

2021-11-18 11:47:02 - [MESSAGE][PASSED] - Yönetim popupında Gönder seçilir

2021-11-18 11:47:02 - [TEST_STEP][PASSED] - Popup mesajı talebiniz işleme alınmıştır içeriyor mu: Popup mesajı talebiniz işleme alınmıştır içeriyor mu

2021-11-18 11:47:02 - [MESSAGE][PASSED] - Popup mesajı talebiniz işleme alınmıştır içeriyor mu

2021-11-18 11:47:02 - [TEST_STEP][PASSED] - Yönetim popupında Tamam seçilir: Yönetim popupında Tamam seçilir

2021-11-18 11:47:02 - [MESSAGE][PASSED] - Yönetim popupında Tamam seçilir

2021-11-18 11:47:02 - [TEST_STEP][PASSED] - Ana menüden Raporlar seçilir: Ana menüden Raporlar seçilir

2021-11-18 11:47:02 - [MESSAGE][PASSED] - Ana menüden Raporlar seçilir

2021-11-18 11:47:02 - [TEST_STEP][PASSED] - Alt menüden Toplu Veri İndirme seçilir: Alt menüden Toplu Veri İndirme seçilir

2021-11-18 11:47:02 - [MESSAGE][PASSED] - Alt menüden Toplu Veri İndirme seçilir

2021-11-18 11:47:02 - [TEST_STEP][PASSED] - Filtrelerden Talep No filtresine Rapor No bilgisi yaz: Filtrelerden Talep No filtresine Rapor No bilgisi yaz

2021-11-18 11:47:02 - [MESSAGE][PASSED] - Filtrelerden Talep No filtresine Rapor No bilgisi yaz

2021-11-18 11:47:02 - [TEST_STEP][PASSED] - Filtre butonlarından Listele seçilir: Filtre butonlarından Listele seçilir

2021-11-18 11:47:02 - [MESSAGE][PASSED] - Filtre butonlarından Listele seçilir

2021-11-18 11:47:02 - [TEST_STEP][PASSED] - Tabloda veri var mı kontrol edilir: Tabloda veri var mı kontrol edilir

2021-11-18 11:47:02 - [MESSAGE][PASSED] - Tabloda veri var mı kontrol edilir

2021-11-18 11:47:02 - [TEST_STEP][PASSED] - Kullanıcı işlemlerinden Çıkış seçilir: Kullanıcı işlemlerinden Çıkış seçilir

2021-11-18 11:47:02 - [MESSAGE][PASSED] - Kullanıcı işlemlerinden Çıkış seçilir

2021-11-18 11:47:02 - [MESSAGE][PASSED] - Feature file: 'Include/features/e-Irsaliye/Giden Kutusu/Irsaliyeler/Excele Aktar.feature' was passed

2021-11-18 11:47:02 - [TEST_STEP][PASSED] - Start listener action : sampleAfterTestSuite: Invoke 'com.kms.katalon.core.annotation.AfterTestCase' method: 'Listener.sampleAfterTestSuite(...)' completed.

2021-11-18 11:47:02 - [MESSAGE][INFO] - Starting invoke 'com.kms.katalon.core.annotation.AfterTestCase' method: 'Listener.sampleAfterTestSuite(...)'

2021-11-18 11:47:02 - [TEST_STEP][PASSED] - closeBrowser(): Invoke 'com.kms.katalon.core.annotation.AfterTestCase' method: 'Listener.sampleAfterTestSuite(...)' completed.

2021-11-18 11:47:02 - [MESSAGE][INFO] - Closing browser

2021-11-18 11:47:03 - [MESSAGE][PASSED] - Browser is closed

2021-11-18 11:47:03 - [MESSAGE][INFO] - Invoke 'com.kms.katalon.core.annotation.AfterTestCase' method: 'Listener.sampleAfterTestSuite(...)' completed.]]></system-out>
         <system-err><![CDATA[]]></system-err>
      </testcase>
      <testcase name="Test Cases/Case Repository/e-Irsaliye/Giden Kutusu/Irsaliyeler/Toplu Indirme" time="70.798" classname="Test Cases/Case Repository/e-Irsaliye/Giden Kutusu/Irsaliyeler/Toplu Indirme" status="PASSED">
         <system-out><![CDATA[2021-11-18 11:47:03 - [TEST_CASE][PASSED] - Test Cases/Case Repository/e-Irsaliye/Giden Kutusu/Irsaliyeler/Toplu Indirme: Test Cases/Case Repository/e-Irsaliye/Giden Kutusu/Irsaliyeler/Toplu Indirme

2021-11-18 11:47:03 - [TEST_STEP][PASSED] - Start listener action : sampleBeforeTestSuite: Invoke 'com.kms.katalon.core.annotation.BeforeTestCase' method: 'Listener.sampleBeforeTestSuite(...)' completed.

2021-11-18 11:47:03 - [MESSAGE][INFO] - Starting invoke 'com.kms.katalon.core.annotation.BeforeTestCase' method: 'Listener.sampleBeforeTestSuite(...)'

2021-11-18 11:47:03 - [TEST_STEP][PASSED] - openBrowser(baseUrl): Browser is opened with url: 'https://efatura-stage.elogo.com.tr/'

2021-11-18 11:47:03 - [MESSAGE][INFO] - Opening browser

2021-11-18 11:47:03 - [MESSAGE][INFO] - Starting 'Chrome' driver

2021-11-18 11:47:03 - [MESSAGE][INFO] - User set preference: ['prefs', '{download.default_directory=C:\otomasyondownfiles}']

2021-11-18 11:47:03 - [MESSAGE][INFO] - Action delay is set to 0 milliseconds

2021-11-18 11:47:05 - [MESSAGE][INFO] - Navigating browser to: 'https://efatura-stage.elogo.com.tr/'

2021-11-18 11:47:07 - [MESSAGE][PASSED] - Browser is opened with url: 'https://efatura-stage.elogo.com.tr/'

2021-11-18 11:47:07 - [TEST_STEP][PASSED] - maximizeWindow(): Invoke 'com.kms.katalon.core.annotation.BeforeTestCase' method: 'Listener.sampleBeforeTestSuite(...)' completed.

2021-11-18 11:47:07 - [MESSAGE][INFO] - Maximizing current window

2021-11-18 11:47:07 - [MESSAGE][PASSED] - Current window maximized

2021-11-18 11:47:07 - [MESSAGE][INFO] - Invoke 'com.kms.katalon.core.annotation.BeforeTestCase' method: 'Listener.sampleBeforeTestSuite(...)' completed.

2021-11-18 11:47:07 - [TEST_STEP][PASSED] - runFeatureFile("Include/features/e-Irsaliye/Giden Kutusu/Irsaliyeler/Toplu Indirme.feature"): Feature file: 'Include/features/e-Irsaliye/Giden Kutusu/Irsaliyeler/Toplu Indirme.feature' was passed

2021-11-18 11:47:07 - [MESSAGE][INFO] - Starting run keyword runFeatureFile: 'Include/features/e-Irsaliye/Giden Kutusu/Irsaliyeler/Toplu Indirme.feature' and extract report to folder: 'C:\Users\DELL\Documents\GitHub\EES_KatalonLogo\Reports\20211118_110909\Suite Repository\ExceleAktarVeTopluIndirme\20211118_110948/cucumber_report/1637225227998'...

2021-11-18 11:47:07 - [MESSAGE][INFO] - Glue: []

2021-11-18 11:47:10 - [MESSAGE][INFO] - Checking called Test Case

2021-11-18 11:47:10 - [MESSAGE][INFO] - Starting to call Test Case 'Test Cases/Sayfalar/Giris_Sayfasi/Login'

2021-11-18 11:47:10 - [TEST_CASE][PASSED] - Test Cases/Sayfalar/Giris_Sayfasi/Login: Test Cases/Sayfalar/Giris_Sayfasi/Login

2021-11-18 11:47:10 - [TEST_STEP][PASSED] - Sayfa_Basligi = getWindowTitle(): Current window's title is: 'LOGO e-Fatura'

2021-11-18 11:47:10 - [MESSAGE][INFO] - Getting current window's title

2021-11-18 11:47:10 - [MESSAGE][PASSED] - Current window's title is: 'LOGO e-Fatura'

2021-11-18 11:47:10 - [TEST_STEP][PASSED] - verifyMatch(Sayfa_Basligi, "LOGO e-Fatura", false): Actual text 'LOGO e-Fatura' and expected text 'LOGO e-Fatura' are matched 

2021-11-18 11:47:10 - [MESSAGE][INFO] - Matching actual text 'LOGO e-Fatura' with expected text 'LOGO e-Fatura'

2021-11-18 11:47:10 - [MESSAGE][PASSED] - Actual text 'LOGO e-Fatura' and expected text 'LOGO e-Fatura' are matched 

2021-11-18 11:47:10 - [TEST_STEP][PASSED] - sendKeys(findTestObject("Sayfalar/Giris_Sayfasi/Firma_Kodu"), KullaniciAdi): Keys 'ELOGO6' sent to object: 'Object Repository/Sayfalar/Giris_Sayfasi/Firma_Kodu'

2021-11-18 11:47:10 - [MESSAGE][INFO] - Finding Test Object 'Object Repository/Sayfalar/Giris_Sayfasi/Firma_Kodu'

2021-11-18 11:47:10 - [MESSAGE][INFO] - Sending keys 'ELOGO6' to object: 'Object Repository/Sayfalar/Giris_Sayfasi/Firma_Kodu'

2021-11-18 11:47:10 - [MESSAGE][INFO] - Finding web element from Test Object's properties

2021-11-18 11:47:10 - [MESSAGE][INFO] - Checking timeout

2021-11-18 11:47:10 - [MESSAGE][INFO] - Finding web element with id: 'Object Repository/Sayfalar/Giris_Sayfasi/Firma_Kodu' located by 'By.xpath: //*[@id = 'AccountName']' in '30' second(s)

2021-11-18 11:47:10 - [MESSAGE][INFO] - Smart Wait Function is triggered

2021-11-18 11:47:10 - [MESSAGE][INFO] - Found 1 web elements with id: 'Object Repository/Sayfalar/Giris_Sayfasi/Firma_Kodu' located by 'By.xpath: //*[@id = 'AccountName']' in '30' second(s)

2021-11-18 11:47:10 - [MESSAGE][PASSED] - Keys 'ELOGO6' sent to object: 'Object Repository/Sayfalar/Giris_Sayfasi/Firma_Kodu'

2021-11-18 11:47:10 - [TEST_STEP][PASSED] - sendKeys(findTestObject("Sayfalar/Giris_Sayfasi/Sifre"), Sifre): Keys '123456' sent to object: 'Object Repository/Sayfalar/Giris_Sayfasi/Sifre'

2021-11-18 11:47:10 - [MESSAGE][INFO] - Finding Test Object 'Object Repository/Sayfalar/Giris_Sayfasi/Sifre'

2021-11-18 11:47:11 - [MESSAGE][INFO] - Sending keys '123456' to object: 'Object Repository/Sayfalar/Giris_Sayfasi/Sifre'

2021-11-18 11:47:11 - [MESSAGE][INFO] - Finding web element from Test Object's properties

2021-11-18 11:47:11 - [MESSAGE][INFO] - Checking timeout

2021-11-18 11:47:11 - [MESSAGE][INFO] - Finding web element with id: 'Object Repository/Sayfalar/Giris_Sayfasi/Sifre' located by 'By.xpath: //*[@id = 'Password']' in '30' second(s)

2021-11-18 11:47:11 - [MESSAGE][INFO] - Smart Wait Function is triggered

2021-11-18 11:47:11 - [MESSAGE][INFO] - Found 1 web elements with id: 'Object Repository/Sayfalar/Giris_Sayfasi/Sifre' located by 'By.xpath: //*[@id = 'Password']' in '30' second(s)

2021-11-18 11:47:11 - [MESSAGE][PASSED] - Keys '123456' sent to object: 'Object Repository/Sayfalar/Giris_Sayfasi/Sifre'

2021-11-18 11:47:11 - [TEST_STEP][PASSED] - findWebElement(findTestObject("Sayfalar/Giris_Sayfasi/Giris_Butonu")).click(): Found 1 web elements with id: 'Object Repository/Sayfalar/Giris_Sayfasi/Giris_Butonu' located by 'By.cssSelector: #btnLogin' in '30' second(s)

2021-11-18 11:47:11 - [MESSAGE][INFO] - Finding Test Object 'Object Repository/Sayfalar/Giris_Sayfasi/Giris_Butonu'

2021-11-18 11:47:11 - [MESSAGE][INFO] - Finding web element from Test Object's properties

2021-11-18 11:47:11 - [MESSAGE][INFO] - Checking timeout

2021-11-18 11:47:11 - [MESSAGE][INFO] - Finding web element with id: 'Object Repository/Sayfalar/Giris_Sayfasi/Giris_Butonu' located by 'By.cssSelector: #btnLogin' in '30' second(s)

2021-11-18 11:47:11 - [MESSAGE][INFO] - Smart Wait Function is triggered

2021-11-18 11:47:12 - [MESSAGE][INFO] - Found 1 web elements with id: 'Object Repository/Sayfalar/Giris_Sayfasi/Giris_Butonu' located by 'By.cssSelector: #btnLogin' in '30' second(s)

2021-11-18 11:47:14 - [TEST_STEP][PASSED] - if (verifyElementPresent(findTestObject("Object Repository/Sayfalar/Giris_Sayfasi/RetveTamam_Butonu"), 5, OPTIONAL)): null

2021-11-18 11:47:14 - [MESSAGE][INFO] - Finding Test Object 'Object Repository/Sayfalar/Giris_Sayfasi/RetveTamam_Butonu'

2021-11-18 11:47:15 - [MESSAGE][INFO] - Checking object

2021-11-18 11:47:15 - [MESSAGE][INFO] - Finding web element from Test Object's properties

2021-11-18 11:47:15 - [MESSAGE][INFO] - Checking timeout

2021-11-18 11:47:15 - [MESSAGE][INFO] - Finding web element with id: 'Object Repository/Sayfalar/Giris_Sayfasi/RetveTamam_Butonu' located by 'By.xpath: //*[@class = 'btn btn-default']' in '5' second(s)

2021-11-18 11:47:15 - [MESSAGE][INFO] - Smart Wait Function is triggered

2021-11-18 11:47:15 - [MESSAGE][INFO] - Found 1 web elements with id: 'Object Repository/Sayfalar/Giris_Sayfasi/RetveTamam_Butonu' located by 'By.xpath: //*[@class = 'btn btn-default']' in '5' second(s)

2021-11-18 11:47:15 - [MESSAGE][PASSED] - Object 'Object Repository/Sayfalar/Giris_Sayfasi/RetveTamam_Butonu' is present

2021-11-18 11:47:15 - [TEST_STEP][PASSED] - click(findTestObject("Object Repository/Sayfalar/Giris_Sayfasi/RetveTamam_Butonu")): Object: 'Object Repository/Sayfalar/Giris_Sayfasi/RetveTamam_Butonu' is clicked on

2021-11-18 11:47:15 - [MESSAGE][INFO] - Finding Test Object 'Object Repository/Sayfalar/Giris_Sayfasi/RetveTamam_Butonu'

2021-11-18 11:47:15 - [MESSAGE][INFO] - Checking object

2021-11-18 11:47:15 - [MESSAGE][INFO] - Finding web element from Test Object's properties

2021-11-18 11:47:15 - [MESSAGE][INFO] - Checking timeout

2021-11-18 11:47:15 - [MESSAGE][INFO] - Finding web element with id: 'Object Repository/Sayfalar/Giris_Sayfasi/RetveTamam_Butonu' located by 'By.xpath: //*[@class = 'btn btn-default']' in '30' second(s)

2021-11-18 11:47:15 - [MESSAGE][INFO] - Smart Wait Function is triggered

2021-11-18 11:47:15 - [MESSAGE][INFO] - Found 1 web elements with id: 'Object Repository/Sayfalar/Giris_Sayfasi/RetveTamam_Butonu' located by 'By.xpath: //*[@class = 'btn btn-default']' in '30' second(s)

2021-11-18 11:47:15 - [MESSAGE][INFO] - Clicking on object: 'Object Repository/Sayfalar/Giris_Sayfasi/RetveTamam_Butonu'

2021-11-18 11:47:15 - [MESSAGE][PASSED] - Object: 'Object Repository/Sayfalar/Giris_Sayfasi/RetveTamam_Butonu' is clicked on

2021-11-18 11:47:15 - [TEST_STEP][PASSED] - click(findTestObject("Object Repository/Sayfalar/Giris_Sayfasi/RetveTamam_Butonu")): Object: 'Object Repository/Sayfalar/Giris_Sayfasi/RetveTamam_Butonu' is clicked on

2021-11-18 11:47:15 - [MESSAGE][INFO] - Finding Test Object 'Object Repository/Sayfalar/Giris_Sayfasi/RetveTamam_Butonu'

2021-11-18 11:47:15 - [MESSAGE][INFO] - Checking object

2021-11-18 11:47:15 - [MESSAGE][INFO] - Finding web element from Test Object's properties

2021-11-18 11:47:15 - [MESSAGE][INFO] - Checking timeout

2021-11-18 11:47:15 - [MESSAGE][INFO] - Finding web element with id: 'Object Repository/Sayfalar/Giris_Sayfasi/RetveTamam_Butonu' located by 'By.xpath: //*[@class = 'btn btn-default']' in '30' second(s)

2021-11-18 11:47:15 - [MESSAGE][INFO] - Smart Wait Function is triggered

2021-11-18 11:47:22 - [MESSAGE][INFO] - Found 1 web elements with id: 'Object Repository/Sayfalar/Giris_Sayfasi/RetveTamam_Butonu' located by 'By.xpath: //*[@class = 'btn btn-default']' in '30' second(s)

2021-11-18 11:47:22 - [MESSAGE][INFO] - Clicking on object: 'Object Repository/Sayfalar/Giris_Sayfasi/RetveTamam_Butonu'

2021-11-18 11:47:22 - [MESSAGE][PASSED] - Object: 'Object Repository/Sayfalar/Giris_Sayfasi/RetveTamam_Butonu' is clicked on

2021-11-18 11:47:22 - [TEST_STEP][PASSED] - if (verifyElementPresent(findTestObject("Sayfalar/Giris_Sayfasi/PopupOK"), 5, OPTIONAL)): null

2021-11-18 11:47:22 - [MESSAGE][INFO] - Finding Test Object 'Object Repository/Sayfalar/Giris_Sayfasi/PopupOK'

2021-11-18 11:47:22 - [MESSAGE][INFO] - Checking object

2021-11-18 11:47:22 - [MESSAGE][INFO] - Finding web element from Test Object's properties

2021-11-18 11:47:22 - [MESSAGE][INFO] - Checking timeout

2021-11-18 11:47:22 - [MESSAGE][INFO] - Finding web element with id: 'Object Repository/Sayfalar/Giris_Sayfasi/PopupOK' located by 'By.cssSelector: .btn.btn-success' in '5' second(s)

2021-11-18 11:47:22 - [MESSAGE][INFO] - Smart Wait Function is triggered

2021-11-18 11:47:23 - [MESSAGE][INFO] - Found 1 web elements with id: 'Object Repository/Sayfalar/Giris_Sayfasi/PopupOK' located by 'By.cssSelector: .btn.btn-success' in '5' second(s)

2021-11-18 11:47:23 - [MESSAGE][PASSED] - Object 'Object Repository/Sayfalar/Giris_Sayfasi/PopupOK' is present

2021-11-18 11:47:23 - [TEST_STEP][PASSED] - click(findTestObject("Object Repository/Sayfalar/Giris_Sayfasi/PopupCarpiGiris")): Object: 'Object Repository/Sayfalar/Giris_Sayfasi/PopupCarpiGiris' is clicked on

2021-11-18 11:47:23 - [MESSAGE][INFO] - Finding Test Object 'Object Repository/Sayfalar/Giris_Sayfasi/PopupCarpiGiris'

2021-11-18 11:47:23 - [MESSAGE][INFO] - Checking object

2021-11-18 11:47:23 - [MESSAGE][INFO] - Finding web element from Test Object's properties

2021-11-18 11:47:23 - [MESSAGE][INFO] - Checking timeout

2021-11-18 11:47:23 - [MESSAGE][INFO] - Finding web element with id: 'Object Repository/Sayfalar/Giris_Sayfasi/PopupCarpiGiris' located by 'By.cssSelector: .bootbox-close-button.close' in '30' second(s)

2021-11-18 11:47:23 - [MESSAGE][INFO] - Smart Wait Function is triggered

2021-11-18 11:47:23 - [MESSAGE][INFO] - Found 1 web elements with id: 'Object Repository/Sayfalar/Giris_Sayfasi/PopupCarpiGiris' located by 'By.cssSelector: .bootbox-close-button.close' in '30' second(s)

2021-11-18 11:47:23 - [MESSAGE][INFO] - Clicking on object: 'Object Repository/Sayfalar/Giris_Sayfasi/PopupCarpiGiris'

2021-11-18 11:47:23 - [MESSAGE][PASSED] - Object: 'Object Repository/Sayfalar/Giris_Sayfasi/PopupCarpiGiris' is clicked on

2021-11-18 11:47:23 - [TEST_STEP][PASSED] - verifyElementVisible(findTestObject("Object Repository/Kullanici_Islemleri/KullaniciIslemleri")): Object 'Object Repository/Kullanici_Islemleri/KullaniciIslemleri' is visible

2021-11-18 11:47:23 - [MESSAGE][INFO] - Finding Test Object 'Object Repository/Kullanici_Islemleri/KullaniciIslemleri'

2021-11-18 11:47:23 - [MESSAGE][INFO] - Checking object

2021-11-18 11:47:23 - [MESSAGE][INFO] - Finding web element from Test Object's properties

2021-11-18 11:47:23 - [MESSAGE][INFO] - Checking timeout

2021-11-18 11:47:23 - [MESSAGE][INFO] - Finding web element with id: 'Object Repository/Kullanici_Islemleri/KullaniciIslemleri' located by 'By.cssSelector: .dropdown>a>img' in '30' second(s)

2021-11-18 11:47:23 - [MESSAGE][INFO] - Smart Wait Function is triggered

2021-11-18 11:47:24 - [MESSAGE][INFO] - Found 1 web elements with id: 'Object Repository/Kullanici_Islemleri/KullaniciIslemleri' located by 'By.cssSelector: .dropdown>a>img' in '30' second(s)

2021-11-18 11:47:24 - [MESSAGE][PASSED] - Object 'Object Repository/Kullanici_Islemleri/KullaniciIslemleri' is visible

2021-11-18 11:47:24 - [MESSAGE][PASSED] - Call Test Case 'Test Cases/Sayfalar/Giris_Sayfasi/Login' successfully

2021-11-18 11:47:24 - [MESSAGE][INFO] - Checking called Test Case

2021-11-18 11:47:24 - [MESSAGE][INFO] - Starting to call Test Case 'Test Cases/Menu/AnaMenuSecimi'

2021-11-18 11:47:24 - [TEST_CASE][PASSED] - Test Cases/Menu/AnaMenuSecimi: Test Cases/Menu/AnaMenuSecimi

2021-11-18 11:47:24 - [TEST_STEP][PASSED] - Method.TextDegerineEsitElementeTikla(findTestObject("Menu/Ana_Menu"), Ana_Menu): Method.TextDegerineEsitElementeTikla is PASSED

2021-11-18 11:47:24 - [MESSAGE][INFO] - Finding Test Object 'Object Repository/Menu/Ana_Menu'

2021-11-18 11:47:24 - [MESSAGE][INFO] - Checking timeout

2021-11-18 11:47:24 - [MESSAGE][INFO] - Finding web element with id: 'Object Repository/Menu/Ana_Menu' located by 'By.xpath: //*[@class = 'dropdown-toggle']' in '10' second(s)

2021-11-18 11:47:24 - [MESSAGE][INFO] - Smart Wait Function is triggered

2021-11-18 11:47:24 - [MESSAGE][INFO] - Found 14 web elements with id: 'Object Repository/Menu/Ana_Menu' located by 'By.xpath: //*[@class = 'dropdown-toggle']' in '10' second(s)

2021-11-18 11:47:25 - [MESSAGE][PASSED] - Method.TextDegerineEsitElementeTikla is PASSED

2021-11-18 11:47:25 - [MESSAGE][PASSED] - Call Test Case 'Test Cases/Menu/AnaMenuSecimi' successfully

2021-11-18 11:47:25 - [MESSAGE][INFO] - Checking called Test Case

2021-11-18 11:47:25 - [MESSAGE][INFO] - Starting to call Test Case 'Test Cases/Menu/BasligaGoreAltMenuSecimi'

2021-11-18 11:47:25 - [TEST_CASE][PASSED] - Test Cases/Menu/BasligaGoreAltMenuSecimi: Test Cases/Menu/BasligaGoreAltMenuSecimi

2021-11-18 11:47:25 - [TEST_STEP][PASSED] - Method.TextDegerineEsitElementinAltindakiTextDegerineEsitOlanaTikla(findTestObject("Menu/Menu_Basligi"), findTestObject("Menu/Basliga_Gore_Alt_Menu"), Baslik, Alt_Menu): Method.TextDegerineEsitElementinAltindakiTextDegerineEsitOlanaTikla is PASSED

2021-11-18 11:47:25 - [MESSAGE][INFO] - Finding Test Object 'Object Repository/Menu/Menu_Basligi'

2021-11-18 11:47:25 - [MESSAGE][INFO] - Finding Test Object 'Object Repository/Menu/Basliga_Gore_Alt_Menu'

2021-11-18 11:47:25 - [MESSAGE][INFO] - Checking timeout

2021-11-18 11:47:25 - [MESSAGE][INFO] - Finding web element with id: 'Object Repository/Menu/Menu_Basligi' located by 'By.xpath: //li[@class='dropdown dropdown-large open']//li[@class='dropdown-header']' in '10' second(s)

2021-11-18 11:47:25 - [MESSAGE][INFO] - Smart Wait Function is triggered

2021-11-18 11:47:25 - [MESSAGE][INFO] - Found 3 web elements with id: 'Object Repository/Menu/Menu_Basligi' located by 'By.xpath: //li[@class='dropdown dropdown-large open']//li[@class='dropdown-header']' in '10' second(s)

2021-11-18 11:47:25 - [MESSAGE][INFO] - Smart Wait Function is triggered

2021-11-18 11:47:27 - [MESSAGE][PASSED] - Method.TextDegerineEsitElementinAltindakiTextDegerineEsitOlanaTikla is PASSED

2021-11-18 11:47:27 - [MESSAGE][PASSED] - Call Test Case 'Test Cases/Menu/BasligaGoreAltMenuSecimi' successfully

2021-11-18 11:47:27 - [MESSAGE][INFO] - Checking called Test Case

2021-11-18 11:47:27 - [MESSAGE][INFO] - Starting to call Test Case 'Test Cases/Filtreler/BaslangicYaz'

2021-11-18 11:47:27 - [TEST_CASE][PASSED] - Test Cases/Filtreler/BaslangicYaz: Test Cases/Filtreler/BaslangicYaz

2021-11-18 11:47:27 - [TEST_STEP][PASSED] - delay(3): Delayed 3 second(s)

2021-11-18 11:47:27 - [MESSAGE][INFO] - Delaying browser in 3 second(s)

2021-11-18 11:47:30 - [MESSAGE][PASSED] - Delayed 3 second(s)

2021-11-18 11:47:30 - [TEST_STEP][PASSED] - Method.TextDegerineEsitElementinAltindakineTikla(findTestObject("Filtreler/Basliklar"), findTestObject("Filtreler/Basliga_Gore_Baslangic_Image"), Filtre_Adi): Method.TextDegerineEsitElementinAltindakineTikla is PASSED

2021-11-18 11:47:30 - [MESSAGE][INFO] - Finding Test Object 'Object Repository/Filtreler/Basliklar'

2021-11-18 11:47:30 - [MESSAGE][INFO] - Finding Test Object 'Object Repository/Filtreler/Basliga_Gore_Baslangic_Image'

2021-11-18 11:47:31 - [MESSAGE][INFO] - Checking timeout

2021-11-18 11:47:31 - [MESSAGE][INFO] - Finding web element with id: 'Object Repository/Filtreler/Basliklar' located by 'By.cssSelector: .control-label.col-sm-4.paddingMarginRLC' in '10' second(s)

2021-11-18 11:47:31 - [MESSAGE][INFO] - Smart Wait Function is triggered

2021-11-18 11:47:31 - [MESSAGE][INFO] - Found 18 web elements with id: 'Object Repository/Filtreler/Basliklar' located by 'By.cssSelector: .control-label.col-sm-4.paddingMarginRLC' in '10' second(s)

2021-11-18 11:47:31 - [MESSAGE][INFO] - Smart Wait Function is triggered

2021-11-18 11:47:31 - [MESSAGE][PASSED] - Method.TextDegerineEsitElementinAltindakineTikla is PASSED

2021-11-18 11:47:31 - [TEST_STEP][PASSED] - Method.TextDegerineEsitElementinAltindakiTextboxtaYaz(findTestObject("Filtreler/Basliklar"), findTestObject("Filtreler/Basliga_Gore_Baslangic"), Filtre_Adi, Filtre_Degeri): Method.TextDegerineEsitElementinAltindakiTextboxtaYaz is PASSED

2021-11-18 11:47:31 - [MESSAGE][INFO] - Finding Test Object 'Object Repository/Filtreler/Basliklar'

2021-11-18 11:47:31 - [MESSAGE][INFO] - Finding Test Object 'Object Repository/Filtreler/Basliga_Gore_Baslangic'

2021-11-18 11:47:31 - [MESSAGE][INFO] - Checking timeout

2021-11-18 11:47:31 - [MESSAGE][INFO] - Finding web element with id: 'Object Repository/Filtreler/Basliklar' located by 'By.cssSelector: .control-label.col-sm-4.paddingMarginRLC' in '10' second(s)

2021-11-18 11:47:31 - [MESSAGE][INFO] - Smart Wait Function is triggered

2021-11-18 11:47:32 - [MESSAGE][INFO] - Found 18 web elements with id: 'Object Repository/Filtreler/Basliklar' located by 'By.cssSelector: .control-label.col-sm-4.paddingMarginRLC' in '10' second(s)

2021-11-18 11:47:32 - [MESSAGE][INFO] - Smart Wait Function is triggered

2021-11-18 11:47:32 - [MESSAGE][PASSED] - Method.TextDegerineEsitElementinAltindakiTextboxtaYaz is PASSED

2021-11-18 11:47:32 - [MESSAGE][PASSED] - Call Test Case 'Test Cases/Filtreler/BaslangicYaz' successfully

2021-11-18 11:47:32 - [MESSAGE][INFO] - Checking called Test Case

2021-11-18 11:47:32 - [MESSAGE][INFO] - Starting to call Test Case 'Test Cases/Filtreler/BitisYaz'

2021-11-18 11:47:32 - [TEST_CASE][PASSED] - Test Cases/Filtreler/BitisYaz: Test Cases/Filtreler/BitisYaz

2021-11-18 11:47:32 - [TEST_STEP][PASSED] - Method.TextDegerineEsitElementinAltindakineTikla(findTestObject("Filtreler/Basliklar"), findTestObject("Filtreler/Basliga_Gore_Bitis_Image"), Filtre_Adi): Method.TextDegerineEsitElementinAltindakineTikla is PASSED

2021-11-18 11:47:32 - [MESSAGE][INFO] - Finding Test Object 'Object Repository/Filtreler/Basliklar'

2021-11-18 11:47:32 - [MESSAGE][INFO] - Finding Test Object 'Object Repository/Filtreler/Basliga_Gore_Bitis_Image'

2021-11-18 11:47:32 - [MESSAGE][INFO] - Checking timeout

2021-11-18 11:47:32 - [MESSAGE][INFO] - Finding web element with id: 'Object Repository/Filtreler/Basliklar' located by 'By.cssSelector: .control-label.col-sm-4.paddingMarginRLC' in '10' second(s)

2021-11-18 11:47:32 - [MESSAGE][INFO] - Smart Wait Function is triggered

2021-11-18 11:47:33 - [MESSAGE][INFO] - Found 18 web elements with id: 'Object Repository/Filtreler/Basliklar' located by 'By.cssSelector: .control-label.col-sm-4.paddingMarginRLC' in '10' second(s)

2021-11-18 11:47:33 - [MESSAGE][INFO] - Smart Wait Function is triggered

2021-11-18 11:47:33 - [MESSAGE][PASSED] - Method.TextDegerineEsitElementinAltindakineTikla is PASSED

2021-11-18 11:47:33 - [TEST_STEP][PASSED] - Method.TextDegerineEsitElementinAltindakiTextboxtaYaz(findTestObject("Filtreler/Basliklar"), findTestObject("Object Repository/Filtreler/Basliga_Gore_Bitis"), Filtre_Adi, Filtre_Degeri): Method.TextDegerineEsitElementinAltindakiTextboxtaYaz is PASSED

2021-11-18 11:47:33 - [MESSAGE][INFO] - Finding Test Object 'Object Repository/Filtreler/Basliklar'

2021-11-18 11:47:33 - [MESSAGE][INFO] - Finding Test Object 'Object Repository/Filtreler/Basliga_Gore_Bitis'

2021-11-18 11:47:33 - [MESSAGE][INFO] - Checking timeout

2021-11-18 11:47:33 - [MESSAGE][INFO] - Finding web element with id: 'Object Repository/Filtreler/Basliklar' located by 'By.cssSelector: .control-label.col-sm-4.paddingMarginRLC' in '10' second(s)

2021-11-18 11:47:33 - [MESSAGE][INFO] - Smart Wait Function is triggered

2021-11-18 11:47:34 - [MESSAGE][INFO] - Found 18 web elements with id: 'Object Repository/Filtreler/Basliklar' located by 'By.cssSelector: .control-label.col-sm-4.paddingMarginRLC' in '10' second(s)

2021-11-18 11:47:34 - [MESSAGE][INFO] - Smart Wait Function is triggered

2021-11-18 11:47:34 - [MESSAGE][PASSED] - Method.TextDegerineEsitElementinAltindakiTextboxtaYaz is PASSED

2021-11-18 11:47:34 - [MESSAGE][PASSED] - Call Test Case 'Test Cases/Filtreler/BitisYaz' successfully

2021-11-18 11:47:34 - [MESSAGE][INFO] - Checking called Test Case

2021-11-18 11:47:34 - [MESSAGE][INFO] - Starting to call Test Case 'Test Cases/Filtreler/TexboxaYaz'

2021-11-18 11:47:34 - [TEST_CASE][PASSED] - Test Cases/Filtreler/TexboxaYaz: Test Cases/Filtreler/TexboxaYaz

2021-11-18 11:47:34 - [TEST_STEP][PASSED] - Method.TextDegerineEsitElementinAltindakiTextboxtaYaz(findTestObject("Filtreler/Basliklar"), findTestObject("Filtreler/Basliga_Gore_Textbox"), Filtre_Adi, Filtre_Degeri): Method.TextDegerineEsitElementinAltindakiTextboxtaYaz is PASSED

2021-11-18 11:47:34 - [MESSAGE][INFO] - Finding Test Object 'Object Repository/Filtreler/Basliklar'

2021-11-18 11:47:34 - [MESSAGE][INFO] - Finding Test Object 'Object Repository/Filtreler/Basliga_Gore_Textbox'

2021-11-18 11:47:34 - [MESSAGE][INFO] - Checking timeout

2021-11-18 11:47:34 - [MESSAGE][INFO] - Finding web element with id: 'Object Repository/Filtreler/Basliklar' located by 'By.cssSelector: .control-label.col-sm-4.paddingMarginRLC' in '10' second(s)

2021-11-18 11:47:34 - [MESSAGE][INFO] - Smart Wait Function is triggered

2021-11-18 11:47:34 - [MESSAGE][INFO] - Found 18 web elements with id: 'Object Repository/Filtreler/Basliklar' located by 'By.cssSelector: .control-label.col-sm-4.paddingMarginRLC' in '10' second(s)

2021-11-18 11:47:34 - [MESSAGE][INFO] - Smart Wait Function is triggered

2021-11-18 11:47:35 - [MESSAGE][PASSED] - Method.TextDegerineEsitElementinAltindakiTextboxtaYaz is PASSED

2021-11-18 11:47:35 - [MESSAGE][PASSED] - Call Test Case 'Test Cases/Filtreler/TexboxaYaz' successfully

2021-11-18 11:47:35 - [MESSAGE][INFO] - Checking called Test Case

2021-11-18 11:47:35 - [MESSAGE][INFO] - Starting to call Test Case 'Test Cases/Filtreler/ButonaTikla'

2021-11-18 11:47:35 - [TEST_CASE][PASSED] - Test Cases/Filtreler/ButonaTikla: Test Cases/Filtreler/ButonaTikla

2021-11-18 11:47:35 - [TEST_STEP][PASSED] - Method.TextDegerineEsitElementeTikla(findTestObject("Filtreler/Butonlar"), Filtre_Buton): Method.TextDegerineEsitElementeTikla is PASSED

2021-11-18 11:47:35 - [MESSAGE][INFO] - Finding Test Object 'Object Repository/Filtreler/Butonlar'

2021-11-18 11:47:35 - [MESSAGE][INFO] - Checking timeout

2021-11-18 11:47:35 - [MESSAGE][INFO] - Finding web element with id: 'Object Repository/Filtreler/Butonlar' located by 'By.cssSelector: .dxb>span' in '10' second(s)

2021-11-18 11:47:35 - [MESSAGE][INFO] - Smart Wait Function is triggered

2021-11-18 11:47:35 - [MESSAGE][INFO] - Found 3 web elements with id: 'Object Repository/Filtreler/Butonlar' located by 'By.cssSelector: .dxb>span' in '10' second(s)

2021-11-18 11:47:35 - [MESSAGE][PASSED] - Method.TextDegerineEsitElementeTikla is PASSED

2021-11-18 11:47:35 - [MESSAGE][PASSED] - Call Test Case 'Test Cases/Filtreler/ButonaTikla' successfully

2021-11-18 11:47:35 - [MESSAGE][INFO] - Checking called Test Case

2021-11-18 11:47:35 - [MESSAGE][INFO] - Starting to call Test Case 'Test Cases/Tablo/TablodaVeriVarMi'

2021-11-18 11:47:35 - [TEST_CASE][PASSED] - Test Cases/Tablo/TablodaVeriVarMi: Test Cases/Tablo/TablodaVeriVarMi

2021-11-18 11:47:35 - [TEST_STEP][PASSED] - verifyTextNotPresent("Görüntülenecek veri yok", true): Text 'Görüntülenecek veri yok' is not present on page using regular expression

2021-11-18 11:47:35 - [MESSAGE][INFO] - Checking text present  using regular expression

2021-11-18 11:47:35 - [MESSAGE][INFO] - Smart Wait Function is triggered

2021-11-18 11:47:36 - [MESSAGE][INFO] - Finding text 'Görüntülenecek veri yok' on page  using regular expression

2021-11-18 11:47:36 - [MESSAGE][PASSED] - Text 'Görüntülenecek veri yok' is not present on page using regular expression

2021-11-18 11:47:36 - [MESSAGE][PASSED] - Call Test Case 'Test Cases/Tablo/TablodaVeriVarMi' successfully

2021-11-18 11:47:36 - [MESSAGE][INFO] - Checking called Test Case

2021-11-18 11:47:36 - [MESSAGE][INFO] - Starting to call Test Case 'Test Cases/Tablo/TablodanVeriSec'

2021-11-18 11:47:36 - [TEST_CASE][PASSED] - Test Cases/Tablo/TablodanVeriSec: Test Cases/Tablo/TablodanVeriSec

2021-11-18 11:47:36 - [TEST_STEP][PASSED] - Method.TextDegerineEsitElementinAltindakineTikla(findTestObject("Tablo/Veriler"), findTestObject("Tablo/VerininCheckBoxi"), Veri_Adi): Method.TextDegerineEsitElementinAltindakineTikla is PASSED

2021-11-18 11:47:36 - [MESSAGE][INFO] - Finding Test Object 'Object Repository/Tablo/Veriler'

2021-11-18 11:47:36 - [MESSAGE][INFO] - Finding Test Object 'Object Repository/Tablo/VerininCheckBoxi'

2021-11-18 11:47:36 - [MESSAGE][INFO] - Checking timeout

2021-11-18 11:47:36 - [MESSAGE][INFO] - Finding web element with id: 'Object Repository/Tablo/Veriler' located by 'By.cssSelector: td.dxgv b ,td.dxgv' in '10' second(s)

2021-11-18 11:47:36 - [MESSAGE][INFO] - Smart Wait Function is triggered

2021-11-18 11:47:37 - [MESSAGE][INFO] - Found 12 web elements with id: 'Object Repository/Tablo/Veriler' located by 'By.cssSelector: td.dxgv b ,td.dxgv' in '10' second(s)

2021-11-18 11:47:37 - [MESSAGE][INFO] - Smart Wait Function is triggered

2021-11-18 11:47:37 - [MESSAGE][PASSED] - Method.TextDegerineEsitElementinAltindakineTikla is PASSED

2021-11-18 11:47:37 - [MESSAGE][PASSED] - Call Test Case 'Test Cases/Tablo/TablodanVeriSec' successfully

2021-11-18 11:47:37 - [MESSAGE][INFO] - Checking called Test Case

2021-11-18 11:47:37 - [MESSAGE][INFO] - Starting to call Test Case 'Test Cases/Butonlar/ButonaTikla'

2021-11-18 11:47:37 - [TEST_CASE][PASSED] - Test Cases/Butonlar/ButonaTikla: Test Cases/Butonlar/ButonaTikla

2021-11-18 11:47:37 - [TEST_STEP][PASSED] - Method.TextDegerineEsitElementeTiklaEquals(findTestObject("Butonlar/Butonlar"), Buton_Adi): Method.TextDegerineEsitElementeTiklaEquals is PASSED

2021-11-18 11:47:37 - [MESSAGE][INFO] - Finding Test Object 'Object Repository/Butonlar/Butonlar'

2021-11-18 11:47:37 - [MESSAGE][INFO] - Checking timeout

2021-11-18 11:47:37 - [MESSAGE][INFO] - Finding web element with id: 'Object Repository/Butonlar/Butonlar' located by 'By.cssSelector: .panel.panel-default.text-center.footerPanel .btn,.btn.btn-primary.btnControls' in '10' second(s)

2021-11-18 11:47:37 - [MESSAGE][INFO] - Smart Wait Function is triggered

2021-11-18 11:47:38 - [MESSAGE][INFO] - Found 11 web elements with id: 'Object Repository/Butonlar/Butonlar' located by 'By.cssSelector: .panel.panel-default.text-center.footerPanel .btn,.btn.btn-primary.btnControls' in '10' second(s)

2021-11-18 11:47:38 - [MESSAGE][PASSED] - Method.TextDegerineEsitElementeTiklaEquals is PASSED

2021-11-18 11:47:38 - [MESSAGE][PASSED] - Call Test Case 'Test Cases/Butonlar/ButonaTikla' successfully

2021-11-18 11:47:38 - [MESSAGE][INFO] - Checking called Test Case

2021-11-18 11:47:38 - [MESSAGE][INFO] - Starting to call Test Case 'Test Cases/Butonlar/AltButonaTikla'

2021-11-18 11:47:38 - [TEST_CASE][PASSED] - Test Cases/Butonlar/AltButonaTikla: Test Cases/Butonlar/AltButonaTikla

2021-11-18 11:47:38 - [TEST_STEP][PASSED] - Method.TextDegerineEsitElementeTikla(findTestObject("Butonlar/AltButonlar"), Alt_Buton): Method.TextDegerineEsitElementeTikla is PASSED

2021-11-18 11:47:38 - [MESSAGE][INFO] - Finding Test Object 'Object Repository/Butonlar/AltButonlar'

2021-11-18 11:47:38 - [MESSAGE][INFO] - Checking timeout

2021-11-18 11:47:38 - [MESSAGE][INFO] - Finding web element with id: 'Object Repository/Butonlar/AltButonlar' located by 'By.cssSelector: .btn-group.open li>a' in '10' second(s)

2021-11-18 11:47:38 - [MESSAGE][INFO] - Smart Wait Function is triggered

2021-11-18 11:47:38 - [MESSAGE][INFO] - Found 4 web elements with id: 'Object Repository/Butonlar/AltButonlar' located by 'By.cssSelector: .btn-group.open li>a' in '10' second(s)

2021-11-18 11:47:38 - [MESSAGE][PASSED] - Method.TextDegerineEsitElementeTikla is PASSED

2021-11-18 11:47:38 - [MESSAGE][PASSED] - Call Test Case 'Test Cases/Butonlar/AltButonaTikla' successfully

2021-11-18 11:47:38 - [MESSAGE][INFO] - Checking called Test Case

2021-11-18 11:47:38 - [MESSAGE][INFO] - Starting to call Test Case 'Test Cases/Popup/PopupMesajiIceriyorMu'

2021-11-18 11:47:38 - [TEST_CASE][PASSED] - Test Cases/Popup/PopupMesajiIceriyorMu: Test Cases/Popup/PopupMesajiIceriyorMu

2021-11-18 11:47:38 - [TEST_STEP][PASSED] - waitForElementVisible(findTestObject("Popup/Popup"), 10): Object 'Object Repository/Popup/Popup' is visible

2021-11-18 11:47:38 - [MESSAGE][INFO] - Finding Test Object 'Object Repository/Popup/Popup'

2021-11-18 11:47:39 - [MESSAGE][INFO] - Checking object

2021-11-18 11:47:39 - [MESSAGE][INFO] - Checking timeout

2021-11-18 11:47:39 - [MESSAGE][INFO] - Finding web element from Test Object's properties

2021-11-18 11:47:39 - [MESSAGE][INFO] - Checking timeout

2021-11-18 11:47:39 - [MESSAGE][INFO] - Finding web element with id: 'Object Repository/Popup/Popup' located by 'By.cssSelector: .bootbox-body' in '10' second(s)

2021-11-18 11:47:39 - [MESSAGE][INFO] - Smart Wait Function is triggered

2021-11-18 11:47:39 - [MESSAGE][INFO] - Found 1 web elements with id: 'Object Repository/Popup/Popup' located by 'By.cssSelector: .bootbox-body' in '10' second(s)

2021-11-18 11:47:39 - [MESSAGE][PASSED] - Object 'Object Repository/Popup/Popup' is visible

2021-11-18 11:47:39 - [TEST_STEP][PASSED] - if (!(getText(findTestObject("Popup/Popup")).contains(Mesaj))): Text of object 'Object Repository/Popup/Popup' is: 'Lütfen rapor bildiriminin gönderileceği e-posta adresini belirtiniz.
e-Posta Adresi'

2021-11-18 11:47:39 - [MESSAGE][INFO] - Finding Test Object 'Object Repository/Popup/Popup'

2021-11-18 11:47:40 - [MESSAGE][INFO] - Checking object

2021-11-18 11:47:40 - [MESSAGE][INFO] - Finding web element from Test Object's properties

2021-11-18 11:47:40 - [MESSAGE][INFO] - Checking timeout

2021-11-18 11:47:40 - [MESSAGE][INFO] - Finding web element with id: 'Object Repository/Popup/Popup' located by 'By.cssSelector: .bootbox-body' in '30' second(s)

2021-11-18 11:47:40 - [MESSAGE][INFO] - Smart Wait Function is triggered

2021-11-18 11:47:40 - [MESSAGE][INFO] - Found 1 web elements with id: 'Object Repository/Popup/Popup' located by 'By.cssSelector: .bootbox-body' in '30' second(s)

2021-11-18 11:47:40 - [MESSAGE][INFO] - Getting text of object 'Object Repository/Popup/Popup'

2021-11-18 11:47:40 - [MESSAGE][PASSED] - Text of object 'Object Repository/Popup/Popup' is: 'Lütfen rapor bildiriminin gönderileceği e-posta adresini belirtiniz.
e-Posta Adresi'

2021-11-18 11:47:40 - [TEST_STEP][PASSED] - RaporNo = getText(findTestObject("Popup/Popup")).substring(0, 6): Text of object 'Object Repository/Popup/Popup' is: 'Lütfen rapor bildiriminin gönderileceği e-posta adresini belirtiniz.
e-Posta Adresi'

2021-11-18 11:47:40 - [MESSAGE][INFO] - Finding Test Object 'Object Repository/Popup/Popup'

2021-11-18 11:47:40 - [MESSAGE][INFO] - Checking object

2021-11-18 11:47:40 - [MESSAGE][INFO] - Finding web element from Test Object's properties

2021-11-18 11:47:40 - [MESSAGE][INFO] - Checking timeout

2021-11-18 11:47:40 - [MESSAGE][INFO] - Finding web element with id: 'Object Repository/Popup/Popup' located by 'By.cssSelector: .bootbox-body' in '30' second(s)

2021-11-18 11:47:40 - [MESSAGE][INFO] - Smart Wait Function is triggered

2021-11-18 11:47:40 - [MESSAGE][INFO] - Found 1 web elements with id: 'Object Repository/Popup/Popup' located by 'By.cssSelector: .bootbox-body' in '30' second(s)

2021-11-18 11:47:40 - [MESSAGE][INFO] - Getting text of object 'Object Repository/Popup/Popup'

2021-11-18 11:47:40 - [MESSAGE][PASSED] - Text of object 'Object Repository/Popup/Popup' is: 'Lütfen rapor bildiriminin gönderileceği e-posta adresini belirtiniz.
e-Posta Adresi'

2021-11-18 11:47:40 - [TEST_STEP][PASSED] - Console.println(RaporNo): null

2021-11-18 11:47:40 - [MESSAGE][PASSED] - Call Test Case 'Test Cases/Popup/PopupMesajiIceriyorMu' successfully

2021-11-18 11:47:40 - [MESSAGE][INFO] - Checking called Test Case

2021-11-18 11:47:40 - [MESSAGE][INFO] - Starting to call Test Case 'Test Cases/Popup/PopupaEmailEklenir'

2021-11-18 11:47:40 - [TEST_CASE][PASSED] - Test Cases/Popup/PopupaEmailEklenir: Test Cases/Popup/PopupaEmailEklenir

2021-11-18 11:47:40 - [TEST_STEP][PASSED] - clearText(findTestObject("Popup/EmailText")): Text of object 'Object Repository/Popup/EmailText' is cleared

2021-11-18 11:47:40 - [MESSAGE][INFO] - Finding Test Object 'Object Repository/Popup/EmailText'

2021-11-18 11:47:41 - [MESSAGE][INFO] - Checking object

2021-11-18 11:47:41 - [MESSAGE][INFO] - Finding web element from Test Object's properties

2021-11-18 11:47:41 - [MESSAGE][INFO] - Checking timeout

2021-11-18 11:47:41 - [MESSAGE][INFO] - Finding web element with id: 'Object Repository/Popup/EmailText' located by 'By.xpath: //*[@id="eMails"]' in '30' second(s)

2021-11-18 11:47:41 - [MESSAGE][INFO] - Smart Wait Function is triggered

2021-11-18 11:47:41 - [MESSAGE][INFO] - Found 1 web elements with id: 'Object Repository/Popup/EmailText' located by 'By.xpath: //*[@id="eMails"]' in '30' second(s)

2021-11-18 11:47:41 - [MESSAGE][INFO] - Clearing text of object 'Object Repository/Popup/EmailText'

2021-11-18 11:47:41 - [MESSAGE][PASSED] - Text of object 'Object Repository/Popup/EmailText' is cleared

2021-11-18 11:47:41 - [TEST_STEP][PASSED] - sendKeys(findTestObject("Popup/EmailText"), Email): Keys 'elogotest@gmail.com;ali.kara@logo.com.tr' sent to object: 'Object Repository/Popup/EmailText'

2021-11-18 11:47:41 - [MESSAGE][INFO] - Finding Test Object 'Object Repository/Popup/EmailText'

2021-11-18 11:47:41 - [MESSAGE][INFO] - Sending keys 'elogotest@gmail.com;ali.kara@logo.com.tr' to object: 'Object Repository/Popup/EmailText'

2021-11-18 11:47:41 - [MESSAGE][INFO] - Finding web element from Test Object's properties

2021-11-18 11:47:41 - [MESSAGE][INFO] - Checking timeout

2021-11-18 11:47:41 - [MESSAGE][INFO] - Finding web element with id: 'Object Repository/Popup/EmailText' located by 'By.xpath: //*[@id="eMails"]' in '30' second(s)

2021-11-18 11:47:41 - [MESSAGE][INFO] - Smart Wait Function is triggered

2021-11-18 11:47:41 - [MESSAGE][INFO] - Found 1 web elements with id: 'Object Repository/Popup/EmailText' located by 'By.xpath: //*[@id="eMails"]' in '30' second(s)

2021-11-18 11:47:41 - [MESSAGE][PASSED] - Keys 'elogotest@gmail.com;ali.kara@logo.com.tr' sent to object: 'Object Repository/Popup/EmailText'

2021-11-18 11:47:41 - [MESSAGE][PASSED] - Call Test Case 'Test Cases/Popup/PopupaEmailEklenir' successfully

2021-11-18 11:47:41 - [MESSAGE][INFO] - Checking called Test Case

2021-11-18 11:47:41 - [MESSAGE][INFO] - Starting to call Test Case 'Test Cases/Popup/PopupButonSecilir'

2021-11-18 11:47:42 - [TEST_CASE][PASSED] - Test Cases/Popup/PopupButonSecilir: Test Cases/Popup/PopupButonSecilir

2021-11-18 11:47:42 - [TEST_STEP][PASSED] - Method.TextDegerineEsitElementeTikla(findTestObject("Popup/Popup_Butons"), Buton): Method.TextDegerineEsitElementeTikla is PASSED

2021-11-18 11:47:42 - [MESSAGE][INFO] - Finding Test Object 'Object Repository/Popup/Popup_Butons'

2021-11-18 11:47:42 - [MESSAGE][INFO] - Checking timeout

2021-11-18 11:47:42 - [MESSAGE][INFO] - Finding web element with id: 'Object Repository/Popup/Popup_Butons' located by 'By.cssSelector: .modal-footer>button' in '10' second(s)

2021-11-18 11:47:42 - [MESSAGE][INFO] - Smart Wait Function is triggered

2021-11-18 11:47:42 - [MESSAGE][INFO] - Found 2 web elements with id: 'Object Repository/Popup/Popup_Butons' located by 'By.cssSelector: .modal-footer>button' in '10' second(s)

2021-11-18 11:47:42 - [MESSAGE][PASSED] - Method.TextDegerineEsitElementeTikla is PASSED

2021-11-18 11:47:42 - [MESSAGE][PASSED] - Call Test Case 'Test Cases/Popup/PopupButonSecilir' successfully

2021-11-18 11:47:42 - [MESSAGE][INFO] - Checking called Test Case

2021-11-18 11:47:42 - [MESSAGE][INFO] - Starting to call Test Case 'Test Cases/Popup/PopupMesajiIceriyorMu'

2021-11-18 11:47:42 - [TEST_CASE][PASSED] - Test Cases/Popup/PopupMesajiIceriyorMu: Test Cases/Popup/PopupMesajiIceriyorMu

2021-11-18 11:47:42 - [TEST_STEP][PASSED] - waitForElementVisible(findTestObject("Popup/Popup"), 10): Object 'Object Repository/Popup/Popup' is visible

2021-11-18 11:47:42 - [MESSAGE][INFO] - Finding Test Object 'Object Repository/Popup/Popup'

2021-11-18 11:47:42 - [MESSAGE][INFO] - Checking object

2021-11-18 11:47:42 - [MESSAGE][INFO] - Checking timeout

2021-11-18 11:47:42 - [MESSAGE][INFO] - Finding web element from Test Object's properties

2021-11-18 11:47:42 - [MESSAGE][INFO] - Checking timeout

2021-11-18 11:47:42 - [MESSAGE][INFO] - Finding web element with id: 'Object Repository/Popup/Popup' located by 'By.cssSelector: .bootbox-body' in '10' second(s)

2021-11-18 11:47:42 - [MESSAGE][INFO] - Smart Wait Function is triggered

2021-11-18 11:47:43 - [MESSAGE][INFO] - Found 1 web elements with id: 'Object Repository/Popup/Popup' located by 'By.cssSelector: .bootbox-body' in '10' second(s)

2021-11-18 11:47:43 - [MESSAGE][PASSED] - Object 'Object Repository/Popup/Popup' is visible

2021-11-18 11:47:43 - [TEST_STEP][PASSED] - if (!(getText(findTestObject("Popup/Popup")).contains(Mesaj))): Text of object 'Object Repository/Popup/Popup' is: '17406 no’lu talebiniz işleme alınmıştır. Raporunuz hazırlandığında (elogotest@gmail.com;ali.kara@logo.com.tr) adresinize mail gönderilecektir.
Rapor durumunuzu Raporlar > Toplu Veri İndirme ekranından takip edebilir, hazırlandı durumundaki raporlarınızı ilgili menüden indirebilirsiniz.'

2021-11-18 11:47:43 - [MESSAGE][INFO] - Finding Test Object 'Object Repository/Popup/Popup'

2021-11-18 11:47:43 - [MESSAGE][INFO] - Checking object

2021-11-18 11:47:43 - [MESSAGE][INFO] - Finding web element from Test Object's properties

2021-11-18 11:47:43 - [MESSAGE][INFO] - Checking timeout

2021-11-18 11:47:43 - [MESSAGE][INFO] - Finding web element with id: 'Object Repository/Popup/Popup' located by 'By.cssSelector: .bootbox-body' in '30' second(s)

2021-11-18 11:47:43 - [MESSAGE][INFO] - Smart Wait Function is triggered

2021-11-18 11:47:43 - [MESSAGE][INFO] - Found 1 web elements with id: 'Object Repository/Popup/Popup' located by 'By.cssSelector: .bootbox-body' in '30' second(s)

2021-11-18 11:47:43 - [MESSAGE][INFO] - Getting text of object 'Object Repository/Popup/Popup'

2021-11-18 11:47:43 - [MESSAGE][PASSED] - Text of object 'Object Repository/Popup/Popup' is: '17406 no’lu talebiniz işleme alınmıştır. Raporunuz hazırlandığında (elogotest@gmail.com;ali.kara@logo.com.tr) adresinize mail gönderilecektir.
Rapor durumunuzu Raporlar > Toplu Veri İndirme ekranından takip edebilir, hazırlandı durumundaki raporlarınızı ilgili menüden indirebilirsiniz.'

2021-11-18 11:47:43 - [TEST_STEP][PASSED] - RaporNo = getText(findTestObject("Popup/Popup")).substring(0, 6): Text of object 'Object Repository/Popup/Popup' is: '17406 no’lu talebiniz işleme alınmıştır. Raporunuz hazırlandığında (elogotest@gmail.com;ali.kara@logo.com.tr) adresinize mail gönderilecektir.
Rapor durumunuzu Raporlar > Toplu Veri İndirme ekranından takip edebilir, hazırlandı durumundaki raporlarınızı ilgili menüden indirebilirsiniz.'

2021-11-18 11:47:43 - [MESSAGE][INFO] - Finding Test Object 'Object Repository/Popup/Popup'

2021-11-18 11:47:43 - [MESSAGE][INFO] - Checking object

2021-11-18 11:47:43 - [MESSAGE][INFO] - Finding web element from Test Object's properties

2021-11-18 11:47:43 - [MESSAGE][INFO] - Checking timeout

2021-11-18 11:47:43 - [MESSAGE][INFO] - Finding web element with id: 'Object Repository/Popup/Popup' located by 'By.cssSelector: .bootbox-body' in '30' second(s)

2021-11-18 11:47:43 - [MESSAGE][INFO] - Smart Wait Function is triggered

2021-11-18 11:47:44 - [MESSAGE][INFO] - Found 1 web elements with id: 'Object Repository/Popup/Popup' located by 'By.cssSelector: .bootbox-body' in '30' second(s)

2021-11-18 11:47:44 - [MESSAGE][INFO] - Getting text of object 'Object Repository/Popup/Popup'

2021-11-18 11:47:44 - [MESSAGE][PASSED] - Text of object 'Object Repository/Popup/Popup' is: '17406 no’lu talebiniz işleme alınmıştır. Raporunuz hazırlandığında (elogotest@gmail.com;ali.kara@logo.com.tr) adresinize mail gönderilecektir.
Rapor durumunuzu Raporlar > Toplu Veri İndirme ekranından takip edebilir, hazırlandı durumundaki raporlarınızı ilgili menüden indirebilirsiniz.'

2021-11-18 11:47:44 - [TEST_STEP][PASSED] - Console.println(RaporNo): null

2021-11-18 11:47:44 - [MESSAGE][PASSED] - Call Test Case 'Test Cases/Popup/PopupMesajiIceriyorMu' successfully

2021-11-18 11:47:44 - [MESSAGE][INFO] - Checking called Test Case

2021-11-18 11:47:44 - [MESSAGE][INFO] - Starting to call Test Case 'Test Cases/Popup/PopupButonSecilir'

2021-11-18 11:47:44 - [TEST_CASE][PASSED] - Test Cases/Popup/PopupButonSecilir: Test Cases/Popup/PopupButonSecilir

2021-11-18 11:47:44 - [TEST_STEP][PASSED] - Method.TextDegerineEsitElementeTikla(findTestObject("Popup/Popup_Butons"), Buton): Method.TextDegerineEsitElementeTikla is PASSED

2021-11-18 11:47:44 - [MESSAGE][INFO] - Finding Test Object 'Object Repository/Popup/Popup_Butons'

2021-11-18 11:47:44 - [MESSAGE][INFO] - Checking timeout

2021-11-18 11:47:44 - [MESSAGE][INFO] - Finding web element with id: 'Object Repository/Popup/Popup_Butons' located by 'By.cssSelector: .modal-footer>button' in '10' second(s)

2021-11-18 11:47:44 - [MESSAGE][INFO] - Smart Wait Function is triggered

2021-11-18 11:47:44 - [MESSAGE][INFO] - Found 1 web elements with id: 'Object Repository/Popup/Popup_Butons' located by 'By.cssSelector: .modal-footer>button' in '10' second(s)

2021-11-18 11:47:44 - [MESSAGE][PASSED] - Method.TextDegerineEsitElementeTikla is PASSED

2021-11-18 11:47:44 - [MESSAGE][PASSED] - Call Test Case 'Test Cases/Popup/PopupButonSecilir' successfully

2021-11-18 11:47:44 - [MESSAGE][INFO] - Checking called Test Case

2021-11-18 11:47:44 - [MESSAGE][INFO] - Starting to call Test Case 'Test Cases/Butonlar/ButonaTikla'

2021-11-18 11:47:44 - [TEST_CASE][PASSED] - Test Cases/Butonlar/ButonaTikla: Test Cases/Butonlar/ButonaTikla

2021-11-18 11:47:44 - [TEST_STEP][PASSED] - Method.TextDegerineEsitElementeTiklaEquals(findTestObject("Butonlar/Butonlar"), Buton_Adi): Method.TextDegerineEsitElementeTiklaEquals is PASSED

2021-11-18 11:47:44 - [MESSAGE][INFO] - Finding Test Object 'Object Repository/Butonlar/Butonlar'

2021-11-18 11:47:45 - [MESSAGE][INFO] - Checking timeout

2021-11-18 11:47:45 - [MESSAGE][INFO] - Finding web element with id: 'Object Repository/Butonlar/Butonlar' located by 'By.cssSelector: .panel.panel-default.text-center.footerPanel .btn,.btn.btn-primary.btnControls' in '10' second(s)

2021-11-18 11:47:45 - [MESSAGE][INFO] - Smart Wait Function is triggered

2021-11-18 11:47:45 - [MESSAGE][INFO] - Found 11 web elements with id: 'Object Repository/Butonlar/Butonlar' located by 'By.cssSelector: .panel.panel-default.text-center.footerPanel .btn,.btn.btn-primary.btnControls' in '10' second(s)

2021-11-18 11:47:45 - [MESSAGE][PASSED] - Method.TextDegerineEsitElementeTiklaEquals is PASSED

2021-11-18 11:47:45 - [MESSAGE][PASSED] - Call Test Case 'Test Cases/Butonlar/ButonaTikla' successfully

2021-11-18 11:47:45 - [MESSAGE][INFO] - Checking called Test Case

2021-11-18 11:47:45 - [MESSAGE][INFO] - Starting to call Test Case 'Test Cases/Butonlar/AltButonaTikla'

2021-11-18 11:47:45 - [TEST_CASE][PASSED] - Test Cases/Butonlar/AltButonaTikla: Test Cases/Butonlar/AltButonaTikla

2021-11-18 11:47:45 - [TEST_STEP][PASSED] - Method.TextDegerineEsitElementeTikla(findTestObject("Butonlar/AltButonlar"), Alt_Buton): Method.TextDegerineEsitElementeTikla is PASSED

2021-11-18 11:47:45 - [MESSAGE][INFO] - Finding Test Object 'Object Repository/Butonlar/AltButonlar'

2021-11-18 11:47:45 - [MESSAGE][INFO] - Checking timeout

2021-11-18 11:47:45 - [MESSAGE][INFO] - Finding web element with id: 'Object Repository/Butonlar/AltButonlar' located by 'By.cssSelector: .btn-group.open li>a' in '10' second(s)

2021-11-18 11:47:45 - [MESSAGE][INFO] - Smart Wait Function is triggered

2021-11-18 11:47:46 - [MESSAGE][INFO] - Found 4 web elements with id: 'Object Repository/Butonlar/AltButonlar' located by 'By.cssSelector: .btn-group.open li>a' in '10' second(s)

2021-11-18 11:47:46 - [MESSAGE][PASSED] - Method.TextDegerineEsitElementeTikla is PASSED

2021-11-18 11:47:46 - [MESSAGE][PASSED] - Call Test Case 'Test Cases/Butonlar/AltButonaTikla' successfully

2021-11-18 11:47:46 - [MESSAGE][INFO] - Checking called Test Case

2021-11-18 11:47:46 - [MESSAGE][INFO] - Starting to call Test Case 'Test Cases/Popup/PopupMesajiIceriyorMu'

2021-11-18 11:47:46 - [TEST_CASE][PASSED] - Test Cases/Popup/PopupMesajiIceriyorMu: Test Cases/Popup/PopupMesajiIceriyorMu

2021-11-18 11:47:46 - [TEST_STEP][PASSED] - waitForElementVisible(findTestObject("Popup/Popup"), 10): Object 'Object Repository/Popup/Popup' is visible

2021-11-18 11:47:46 - [MESSAGE][INFO] - Finding Test Object 'Object Repository/Popup/Popup'

2021-11-18 11:47:46 - [MESSAGE][INFO] - Checking object

2021-11-18 11:47:46 - [MESSAGE][INFO] - Checking timeout

2021-11-18 11:47:46 - [MESSAGE][INFO] - Finding web element from Test Object's properties

2021-11-18 11:47:46 - [MESSAGE][INFO] - Checking timeout

2021-11-18 11:47:46 - [MESSAGE][INFO] - Finding web element with id: 'Object Repository/Popup/Popup' located by 'By.cssSelector: .bootbox-body' in '10' second(s)

2021-11-18 11:47:46 - [MESSAGE][INFO] - Smart Wait Function is triggered

2021-11-18 11:47:47 - [MESSAGE][INFO] - Found 1 web elements with id: 'Object Repository/Popup/Popup' located by 'By.cssSelector: .bootbox-body' in '10' second(s)

2021-11-18 11:47:47 - [MESSAGE][PASSED] - Object 'Object Repository/Popup/Popup' is visible

2021-11-18 11:47:47 - [TEST_STEP][PASSED] - if (!(getText(findTestObject("Popup/Popup")).contains(Mesaj))): Text of object 'Object Repository/Popup/Popup' is: 'Lütfen rapor bildiriminin gönderileceği e-posta adresini belirtiniz.
e-Posta Adresi'

2021-11-18 11:47:47 - [MESSAGE][INFO] - Finding Test Object 'Object Repository/Popup/Popup'

2021-11-18 11:47:47 - [MESSAGE][INFO] - Checking object

2021-11-18 11:47:47 - [MESSAGE][INFO] - Finding web element from Test Object's properties

2021-11-18 11:47:47 - [MESSAGE][INFO] - Checking timeout

2021-11-18 11:47:47 - [MESSAGE][INFO] - Finding web element with id: 'Object Repository/Popup/Popup' located by 'By.cssSelector: .bootbox-body' in '30' second(s)

2021-11-18 11:47:47 - [MESSAGE][INFO] - Smart Wait Function is triggered

2021-11-18 11:47:48 - [MESSAGE][INFO] - Found 1 web elements with id: 'Object Repository/Popup/Popup' located by 'By.cssSelector: .bootbox-body' in '30' second(s)

2021-11-18 11:47:48 - [MESSAGE][INFO] - Getting text of object 'Object Repository/Popup/Popup'

2021-11-18 11:47:48 - [MESSAGE][PASSED] - Text of object 'Object Repository/Popup/Popup' is: 'Lütfen rapor bildiriminin gönderileceği e-posta adresini belirtiniz.
e-Posta Adresi'

2021-11-18 11:47:48 - [TEST_STEP][PASSED] - RaporNo = getText(findTestObject("Popup/Popup")).substring(0, 6): Text of object 'Object Repository/Popup/Popup' is: 'Lütfen rapor bildiriminin gönderileceği e-posta adresini belirtiniz.
e-Posta Adresi'

2021-11-18 11:47:48 - [MESSAGE][INFO] - Finding Test Object 'Object Repository/Popup/Popup'

2021-11-18 11:47:48 - [MESSAGE][INFO] - Checking object

2021-11-18 11:47:48 - [MESSAGE][INFO] - Finding web element from Test Object's properties

2021-11-18 11:47:48 - [MESSAGE][INFO] - Checking timeout

2021-11-18 11:47:48 - [MESSAGE][INFO] - Finding web element with id: 'Object Repository/Popup/Popup' located by 'By.cssSelector: .bootbox-body' in '30' second(s)

2021-11-18 11:47:48 - [MESSAGE][INFO] - Smart Wait Function is triggered

2021-11-18 11:47:48 - [MESSAGE][INFO] - Found 1 web elements with id: 'Object Repository/Popup/Popup' located by 'By.cssSelector: .bootbox-body' in '30' second(s)

2021-11-18 11:47:48 - [MESSAGE][INFO] - Getting text of object 'Object Repository/Popup/Popup'

2021-11-18 11:47:48 - [MESSAGE][PASSED] - Text of object 'Object Repository/Popup/Popup' is: 'Lütfen rapor bildiriminin gönderileceği e-posta adresini belirtiniz.
e-Posta Adresi'

2021-11-18 11:47:48 - [TEST_STEP][PASSED] - Console.println(RaporNo): null

2021-11-18 11:47:48 - [MESSAGE][PASSED] - Call Test Case 'Test Cases/Popup/PopupMesajiIceriyorMu' successfully

2021-11-18 11:47:48 - [MESSAGE][INFO] - Checking called Test Case

2021-11-18 11:47:48 - [MESSAGE][INFO] - Starting to call Test Case 'Test Cases/Popup/PopupaEmailEklenir'

2021-11-18 11:47:48 - [TEST_CASE][PASSED] - Test Cases/Popup/PopupaEmailEklenir: Test Cases/Popup/PopupaEmailEklenir

2021-11-18 11:47:48 - [TEST_STEP][PASSED] - clearText(findTestObject("Popup/EmailText")): Text of object 'Object Repository/Popup/EmailText' is cleared

2021-11-18 11:47:48 - [MESSAGE][INFO] - Finding Test Object 'Object Repository/Popup/EmailText'

2021-11-18 11:47:48 - [MESSAGE][INFO] - Checking object

2021-11-18 11:47:48 - [MESSAGE][INFO] - Finding web element from Test Object's properties

2021-11-18 11:47:48 - [MESSAGE][INFO] - Checking timeout

2021-11-18 11:47:48 - [MESSAGE][INFO] - Finding web element with id: 'Object Repository/Popup/EmailText' located by 'By.xpath: //*[@id="eMails"]' in '30' second(s)

2021-11-18 11:47:48 - [MESSAGE][INFO] - Smart Wait Function is triggered

2021-11-18 11:47:49 - [MESSAGE][INFO] - Found 1 web elements with id: 'Object Repository/Popup/EmailText' located by 'By.xpath: //*[@id="eMails"]' in '30' second(s)

2021-11-18 11:47:49 - [MESSAGE][INFO] - Clearing text of object 'Object Repository/Popup/EmailText'

2021-11-18 11:47:49 - [MESSAGE][PASSED] - Text of object 'Object Repository/Popup/EmailText' is cleared

2021-11-18 11:47:49 - [TEST_STEP][PASSED] - sendKeys(findTestObject("Popup/EmailText"), Email): Keys 'elogotest@gmail.com;ali.kara@logo.com.tr' sent to object: 'Object Repository/Popup/EmailText'

2021-11-18 11:47:49 - [MESSAGE][INFO] - Finding Test Object 'Object Repository/Popup/EmailText'

2021-11-18 11:47:49 - [MESSAGE][INFO] - Sending keys 'elogotest@gmail.com;ali.kara@logo.com.tr' to object: 'Object Repository/Popup/EmailText'

2021-11-18 11:47:49 - [MESSAGE][INFO] - Finding web element from Test Object's properties

2021-11-18 11:47:49 - [MESSAGE][INFO] - Checking timeout

2021-11-18 11:47:49 - [MESSAGE][INFO] - Finding web element with id: 'Object Repository/Popup/EmailText' located by 'By.xpath: //*[@id="eMails"]' in '30' second(s)

2021-11-18 11:47:49 - [MESSAGE][INFO] - Smart Wait Function is triggered

2021-11-18 11:47:49 - [MESSAGE][INFO] - Found 1 web elements with id: 'Object Repository/Popup/EmailText' located by 'By.xpath: //*[@id="eMails"]' in '30' second(s)

2021-11-18 11:47:49 - [MESSAGE][PASSED] - Keys 'elogotest@gmail.com;ali.kara@logo.com.tr' sent to object: 'Object Repository/Popup/EmailText'

2021-11-18 11:47:49 - [MESSAGE][PASSED] - Call Test Case 'Test Cases/Popup/PopupaEmailEklenir' successfully

2021-11-18 11:47:49 - [MESSAGE][INFO] - Checking called Test Case

2021-11-18 11:47:49 - [MESSAGE][INFO] - Starting to call Test Case 'Test Cases/Popup/PopupButonSecilir'

2021-11-18 11:47:49 - [TEST_CASE][PASSED] - Test Cases/Popup/PopupButonSecilir: Test Cases/Popup/PopupButonSecilir

2021-11-18 11:47:49 - [TEST_STEP][PASSED] - Method.TextDegerineEsitElementeTikla(findTestObject("Popup/Popup_Butons"), Buton): Method.TextDegerineEsitElementeTikla is PASSED

2021-11-18 11:47:49 - [MESSAGE][INFO] - Finding Test Object 'Object Repository/Popup/Popup_Butons'

2021-11-18 11:47:49 - [MESSAGE][INFO] - Checking timeout

2021-11-18 11:47:49 - [MESSAGE][INFO] - Finding web element with id: 'Object Repository/Popup/Popup_Butons' located by 'By.cssSelector: .modal-footer>button' in '10' second(s)

2021-11-18 11:47:49 - [MESSAGE][INFO] - Smart Wait Function is triggered

2021-11-18 11:47:50 - [MESSAGE][INFO] - Found 2 web elements with id: 'Object Repository/Popup/Popup_Butons' located by 'By.cssSelector: .modal-footer>button' in '10' second(s)

2021-11-18 11:47:50 - [MESSAGE][PASSED] - Method.TextDegerineEsitElementeTikla is PASSED

2021-11-18 11:47:50 - [MESSAGE][PASSED] - Call Test Case 'Test Cases/Popup/PopupButonSecilir' successfully

2021-11-18 11:47:50 - [MESSAGE][INFO] - Checking called Test Case

2021-11-18 11:47:50 - [MESSAGE][INFO] - Starting to call Test Case 'Test Cases/Popup/PopupMesajiIceriyorMu'

2021-11-18 11:47:50 - [TEST_CASE][PASSED] - Test Cases/Popup/PopupMesajiIceriyorMu: Test Cases/Popup/PopupMesajiIceriyorMu

2021-11-18 11:47:50 - [TEST_STEP][PASSED] - waitForElementVisible(findTestObject("Popup/Popup"), 10): Object 'Object Repository/Popup/Popup' is visible

2021-11-18 11:47:50 - [MESSAGE][INFO] - Finding Test Object 'Object Repository/Popup/Popup'

2021-11-18 11:47:50 - [MESSAGE][INFO] - Checking object

2021-11-18 11:47:50 - [MESSAGE][INFO] - Checking timeout

2021-11-18 11:47:50 - [MESSAGE][INFO] - Finding web element from Test Object's properties

2021-11-18 11:47:50 - [MESSAGE][INFO] - Checking timeout

2021-11-18 11:47:50 - [MESSAGE][INFO] - Finding web element with id: 'Object Repository/Popup/Popup' located by 'By.cssSelector: .bootbox-body' in '10' second(s)

2021-11-18 11:47:50 - [MESSAGE][INFO] - Smart Wait Function is triggered

2021-11-18 11:47:50 - [MESSAGE][INFO] - Found 1 web elements with id: 'Object Repository/Popup/Popup' located by 'By.cssSelector: .bootbox-body' in '10' second(s)

2021-11-18 11:47:50 - [MESSAGE][PASSED] - Object 'Object Repository/Popup/Popup' is visible

2021-11-18 11:47:50 - [TEST_STEP][PASSED] - if (!(getText(findTestObject("Popup/Popup")).contains(Mesaj))): Text of object 'Object Repository/Popup/Popup' is: '17407 no’lu talebiniz işleme alınmıştır. Raporunuz hazırlandığında (elogotest@gmail.com;ali.kara@logo.com.tr) adresinize mail gönderilecektir.
Rapor durumunuzu Raporlar > Toplu Veri İndirme ekranından takip edebilir, hazırlandı durumundaki raporlarınızı ilgili menüden indirebilirsiniz.'

2021-11-18 11:47:50 - [MESSAGE][INFO] - Finding Test Object 'Object Repository/Popup/Popup'

2021-11-18 11:47:51 - [MESSAGE][INFO] - Checking object

2021-11-18 11:47:51 - [MESSAGE][INFO] - Finding web element from Test Object's properties

2021-11-18 11:47:51 - [MESSAGE][INFO] - Checking timeout

2021-11-18 11:47:51 - [MESSAGE][INFO] - Finding web element with id: 'Object Repository/Popup/Popup' located by 'By.cssSelector: .bootbox-body' in '30' second(s)

2021-11-18 11:47:51 - [MESSAGE][INFO] - Smart Wait Function is triggered

2021-11-18 11:47:51 - [MESSAGE][INFO] - Found 1 web elements with id: 'Object Repository/Popup/Popup' located by 'By.cssSelector: .bootbox-body' in '30' second(s)

2021-11-18 11:47:51 - [MESSAGE][INFO] - Getting text of object 'Object Repository/Popup/Popup'

2021-11-18 11:47:51 - [MESSAGE][PASSED] - Text of object 'Object Repository/Popup/Popup' is: '17407 no’lu talebiniz işleme alınmıştır. Raporunuz hazırlandığında (elogotest@gmail.com;ali.kara@logo.com.tr) adresinize mail gönderilecektir.
Rapor durumunuzu Raporlar > Toplu Veri İndirme ekranından takip edebilir, hazırlandı durumundaki raporlarınızı ilgili menüden indirebilirsiniz.'

2021-11-18 11:47:51 - [TEST_STEP][PASSED] - RaporNo = getText(findTestObject("Popup/Popup")).substring(0, 6): Text of object 'Object Repository/Popup/Popup' is: '17407 no’lu talebiniz işleme alınmıştır. Raporunuz hazırlandığında (elogotest@gmail.com;ali.kara@logo.com.tr) adresinize mail gönderilecektir.
Rapor durumunuzu Raporlar > Toplu Veri İndirme ekranından takip edebilir, hazırlandı durumundaki raporlarınızı ilgili menüden indirebilirsiniz.'

2021-11-18 11:47:51 - [MESSAGE][INFO] - Finding Test Object 'Object Repository/Popup/Popup'

2021-11-18 11:47:51 - [MESSAGE][INFO] - Checking object

2021-11-18 11:47:51 - [MESSAGE][INFO] - Finding web element from Test Object's properties

2021-11-18 11:47:51 - [MESSAGE][INFO] - Checking timeout

2021-11-18 11:47:51 - [MESSAGE][INFO] - Finding web element with id: 'Object Repository/Popup/Popup' located by 'By.cssSelector: .bootbox-body' in '30' second(s)

2021-11-18 11:47:51 - [MESSAGE][INFO] - Smart Wait Function is triggered

2021-11-18 11:47:51 - [MESSAGE][INFO] - Found 1 web elements with id: 'Object Repository/Popup/Popup' located by 'By.cssSelector: .bootbox-body' in '30' second(s)

2021-11-18 11:47:51 - [MESSAGE][INFO] - Getting text of object 'Object Repository/Popup/Popup'

2021-11-18 11:47:51 - [MESSAGE][PASSED] - Text of object 'Object Repository/Popup/Popup' is: '17407 no’lu talebiniz işleme alınmıştır. Raporunuz hazırlandığında (elogotest@gmail.com;ali.kara@logo.com.tr) adresinize mail gönderilecektir.
Rapor durumunuzu Raporlar > Toplu Veri İndirme ekranından takip edebilir, hazırlandı durumundaki raporlarınızı ilgili menüden indirebilirsiniz.'

2021-11-18 11:47:51 - [TEST_STEP][PASSED] - Console.println(RaporNo): null

2021-11-18 11:47:51 - [MESSAGE][PASSED] - Call Test Case 'Test Cases/Popup/PopupMesajiIceriyorMu' successfully

2021-11-18 11:47:51 - [MESSAGE][INFO] - Checking called Test Case

2021-11-18 11:47:51 - [MESSAGE][INFO] - Starting to call Test Case 'Test Cases/Popup/PopupButonSecilir'

2021-11-18 11:47:51 - [TEST_CASE][PASSED] - Test Cases/Popup/PopupButonSecilir: Test Cases/Popup/PopupButonSecilir

2021-11-18 11:47:51 - [TEST_STEP][PASSED] - Method.TextDegerineEsitElementeTikla(findTestObject("Popup/Popup_Butons"), Buton): Method.TextDegerineEsitElementeTikla is PASSED

2021-11-18 11:47:51 - [MESSAGE][INFO] - Finding Test Object 'Object Repository/Popup/Popup_Butons'

2021-11-18 11:47:51 - [MESSAGE][INFO] - Checking timeout

2021-11-18 11:47:51 - [MESSAGE][INFO] - Finding web element with id: 'Object Repository/Popup/Popup_Butons' located by 'By.cssSelector: .modal-footer>button' in '10' second(s)

2021-11-18 11:47:51 - [MESSAGE][INFO] - Smart Wait Function is triggered

2021-11-18 11:47:52 - [MESSAGE][INFO] - Found 1 web elements with id: 'Object Repository/Popup/Popup_Butons' located by 'By.cssSelector: .modal-footer>button' in '10' second(s)

2021-11-18 11:47:52 - [MESSAGE][PASSED] - Method.TextDegerineEsitElementeTikla is PASSED

2021-11-18 11:47:52 - [MESSAGE][PASSED] - Call Test Case 'Test Cases/Popup/PopupButonSecilir' successfully

2021-11-18 11:47:52 - [MESSAGE][INFO] - Checking called Test Case

2021-11-18 11:47:52 - [MESSAGE][INFO] - Starting to call Test Case 'Test Cases/Butonlar/ButonaTikla'

2021-11-18 11:47:52 - [TEST_CASE][PASSED] - Test Cases/Butonlar/ButonaTikla: Test Cases/Butonlar/ButonaTikla

2021-11-18 11:47:52 - [TEST_STEP][PASSED] - Method.TextDegerineEsitElementeTiklaEquals(findTestObject("Butonlar/Butonlar"), Buton_Adi): Method.TextDegerineEsitElementeTiklaEquals is PASSED

2021-11-18 11:47:52 - [MESSAGE][INFO] - Finding Test Object 'Object Repository/Butonlar/Butonlar'

2021-11-18 11:47:52 - [MESSAGE][INFO] - Checking timeout

2021-11-18 11:47:52 - [MESSAGE][INFO] - Finding web element with id: 'Object Repository/Butonlar/Butonlar' located by 'By.cssSelector: .panel.panel-default.text-center.footerPanel .btn,.btn.btn-primary.btnControls' in '10' second(s)

2021-11-18 11:47:52 - [MESSAGE][INFO] - Smart Wait Function is triggered

2021-11-18 11:47:52 - [MESSAGE][INFO] - Found 11 web elements with id: 'Object Repository/Butonlar/Butonlar' located by 'By.cssSelector: .panel.panel-default.text-center.footerPanel .btn,.btn.btn-primary.btnControls' in '10' second(s)

2021-11-18 11:47:53 - [MESSAGE][PASSED] - Method.TextDegerineEsitElementeTiklaEquals is PASSED

2021-11-18 11:47:53 - [MESSAGE][PASSED] - Call Test Case 'Test Cases/Butonlar/ButonaTikla' successfully

2021-11-18 11:47:53 - [MESSAGE][INFO] - Checking called Test Case

2021-11-18 11:47:53 - [MESSAGE][INFO] - Starting to call Test Case 'Test Cases/Butonlar/AltButonaTikla'

2021-11-18 11:47:53 - [TEST_CASE][PASSED] - Test Cases/Butonlar/AltButonaTikla: Test Cases/Butonlar/AltButonaTikla

2021-11-18 11:47:53 - [TEST_STEP][PASSED] - Method.TextDegerineEsitElementeTikla(findTestObject("Butonlar/AltButonlar"), Alt_Buton): Method.TextDegerineEsitElementeTikla is PASSED

2021-11-18 11:47:53 - [MESSAGE][INFO] - Finding Test Object 'Object Repository/Butonlar/AltButonlar'

2021-11-18 11:47:53 - [MESSAGE][INFO] - Checking timeout

2021-11-18 11:47:53 - [MESSAGE][INFO] - Finding web element with id: 'Object Repository/Butonlar/AltButonlar' located by 'By.cssSelector: .btn-group.open li>a' in '10' second(s)

2021-11-18 11:47:53 - [MESSAGE][INFO] - Smart Wait Function is triggered

2021-11-18 11:47:53 - [MESSAGE][INFO] - Found 4 web elements with id: 'Object Repository/Butonlar/AltButonlar' located by 'By.cssSelector: .btn-group.open li>a' in '10' second(s)

2021-11-18 11:47:53 - [MESSAGE][PASSED] - Method.TextDegerineEsitElementeTikla is PASSED

2021-11-18 11:47:53 - [MESSAGE][PASSED] - Call Test Case 'Test Cases/Butonlar/AltButonaTikla' successfully

2021-11-18 11:47:53 - [MESSAGE][INFO] - Checking called Test Case

2021-11-18 11:47:53 - [MESSAGE][INFO] - Starting to call Test Case 'Test Cases/Popup/PopupMesajiIceriyorMu'

2021-11-18 11:47:53 - [TEST_CASE][PASSED] - Test Cases/Popup/PopupMesajiIceriyorMu: Test Cases/Popup/PopupMesajiIceriyorMu

2021-11-18 11:47:53 - [TEST_STEP][PASSED] - waitForElementVisible(findTestObject("Popup/Popup"), 10): Object 'Object Repository/Popup/Popup' is visible

2021-11-18 11:47:53 - [MESSAGE][INFO] - Finding Test Object 'Object Repository/Popup/Popup'

2021-11-18 11:47:53 - [MESSAGE][INFO] - Checking object

2021-11-18 11:47:53 - [MESSAGE][INFO] - Checking timeout

2021-11-18 11:47:53 - [MESSAGE][INFO] - Finding web element from Test Object's properties

2021-11-18 11:47:53 - [MESSAGE][INFO] - Checking timeout

2021-11-18 11:47:53 - [MESSAGE][INFO] - Finding web element with id: 'Object Repository/Popup/Popup' located by 'By.cssSelector: .bootbox-body' in '10' second(s)

2021-11-18 11:47:53 - [MESSAGE][INFO] - Smart Wait Function is triggered

2021-11-18 11:47:54 - [MESSAGE][INFO] - Found 1 web elements with id: 'Object Repository/Popup/Popup' located by 'By.cssSelector: .bootbox-body' in '10' second(s)

2021-11-18 11:47:54 - [MESSAGE][PASSED] - Object 'Object Repository/Popup/Popup' is visible

2021-11-18 11:47:54 - [TEST_STEP][PASSED] - if (!(getText(findTestObject("Popup/Popup")).contains(Mesaj))): Text of object 'Object Repository/Popup/Popup' is: 'Lütfen rapor bildiriminin gönderileceği e-posta adresini belirtiniz.
e-Posta Adresi'

2021-11-18 11:47:54 - [MESSAGE][INFO] - Finding Test Object 'Object Repository/Popup/Popup'

2021-11-18 11:47:54 - [MESSAGE][INFO] - Checking object

2021-11-18 11:47:54 - [MESSAGE][INFO] - Finding web element from Test Object's properties

2021-11-18 11:47:54 - [MESSAGE][INFO] - Checking timeout

2021-11-18 11:47:54 - [MESSAGE][INFO] - Finding web element with id: 'Object Repository/Popup/Popup' located by 'By.cssSelector: .bootbox-body' in '30' second(s)

2021-11-18 11:47:54 - [MESSAGE][INFO] - Smart Wait Function is triggered

2021-11-18 11:47:54 - [MESSAGE][INFO] - Found 1 web elements with id: 'Object Repository/Popup/Popup' located by 'By.cssSelector: .bootbox-body' in '30' second(s)

2021-11-18 11:47:54 - [MESSAGE][INFO] - Getting text of object 'Object Repository/Popup/Popup'

2021-11-18 11:47:54 - [MESSAGE][PASSED] - Text of object 'Object Repository/Popup/Popup' is: 'Lütfen rapor bildiriminin gönderileceği e-posta adresini belirtiniz.
e-Posta Adresi'

2021-11-18 11:47:54 - [TEST_STEP][PASSED] - RaporNo = getText(findTestObject("Popup/Popup")).substring(0, 6): Text of object 'Object Repository/Popup/Popup' is: 'Lütfen rapor bildiriminin gönderileceği e-posta adresini belirtiniz.
e-Posta Adresi'

2021-11-18 11:47:54 - [MESSAGE][INFO] - Finding Test Object 'Object Repository/Popup/Popup'

2021-11-18 11:47:54 - [MESSAGE][INFO] - Checking object

2021-11-18 11:47:54 - [MESSAGE][INFO] - Finding web element from Test Object's properties

2021-11-18 11:47:54 - [MESSAGE][INFO] - Checking timeout

2021-11-18 11:47:54 - [MESSAGE][INFO] - Finding web element with id: 'Object Repository/Popup/Popup' located by 'By.cssSelector: .bootbox-body' in '30' second(s)

2021-11-18 11:47:54 - [MESSAGE][INFO] - Smart Wait Function is triggered

2021-11-18 11:47:54 - [MESSAGE][INFO] - Found 1 web elements with id: 'Object Repository/Popup/Popup' located by 'By.cssSelector: .bootbox-body' in '30' second(s)

2021-11-18 11:47:54 - [MESSAGE][INFO] - Getting text of object 'Object Repository/Popup/Popup'

2021-11-18 11:47:54 - [MESSAGE][PASSED] - Text of object 'Object Repository/Popup/Popup' is: 'Lütfen rapor bildiriminin gönderileceği e-posta adresini belirtiniz.
e-Posta Adresi'

2021-11-18 11:47:54 - [TEST_STEP][PASSED] - Console.println(RaporNo): null

2021-11-18 11:47:54 - [MESSAGE][PASSED] - Call Test Case 'Test Cases/Popup/PopupMesajiIceriyorMu' successfully

2021-11-18 11:47:54 - [MESSAGE][INFO] - Checking called Test Case

2021-11-18 11:47:54 - [MESSAGE][INFO] - Starting to call Test Case 'Test Cases/Popup/PopupaEmailEklenir'

2021-11-18 11:47:54 - [TEST_CASE][PASSED] - Test Cases/Popup/PopupaEmailEklenir: Test Cases/Popup/PopupaEmailEklenir

2021-11-18 11:47:54 - [TEST_STEP][PASSED] - clearText(findTestObject("Popup/EmailText")): Text of object 'Object Repository/Popup/EmailText' is cleared

2021-11-18 11:47:54 - [MESSAGE][INFO] - Finding Test Object 'Object Repository/Popup/EmailText'

2021-11-18 11:47:55 - [MESSAGE][INFO] - Checking object

2021-11-18 11:47:55 - [MESSAGE][INFO] - Finding web element from Test Object's properties

2021-11-18 11:47:55 - [MESSAGE][INFO] - Checking timeout

2021-11-18 11:47:55 - [MESSAGE][INFO] - Finding web element with id: 'Object Repository/Popup/EmailText' located by 'By.xpath: //*[@id="eMails"]' in '30' second(s)

2021-11-18 11:47:55 - [MESSAGE][INFO] - Smart Wait Function is triggered

2021-11-18 11:47:55 - [MESSAGE][INFO] - Found 1 web elements with id: 'Object Repository/Popup/EmailText' located by 'By.xpath: //*[@id="eMails"]' in '30' second(s)

2021-11-18 11:47:55 - [MESSAGE][INFO] - Clearing text of object 'Object Repository/Popup/EmailText'

2021-11-18 11:47:55 - [MESSAGE][PASSED] - Text of object 'Object Repository/Popup/EmailText' is cleared

2021-11-18 11:47:55 - [TEST_STEP][PASSED] - sendKeys(findTestObject("Popup/EmailText"), Email): Keys 'elogotest@gmail.com;ali.kara@logo.com.tr' sent to object: 'Object Repository/Popup/EmailText'

2021-11-18 11:47:55 - [MESSAGE][INFO] - Finding Test Object 'Object Repository/Popup/EmailText'

2021-11-18 11:47:55 - [MESSAGE][INFO] - Sending keys 'elogotest@gmail.com;ali.kara@logo.com.tr' to object: 'Object Repository/Popup/EmailText'

2021-11-18 11:47:55 - [MESSAGE][INFO] - Finding web element from Test Object's properties

2021-11-18 11:47:55 - [MESSAGE][INFO] - Checking timeout

2021-11-18 11:47:55 - [MESSAGE][INFO] - Finding web element with id: 'Object Repository/Popup/EmailText' located by 'By.xpath: //*[@id="eMails"]' in '30' second(s)

2021-11-18 11:47:55 - [MESSAGE][INFO] - Smart Wait Function is triggered

2021-11-18 11:47:55 - [MESSAGE][INFO] - Found 1 web elements with id: 'Object Repository/Popup/EmailText' located by 'By.xpath: //*[@id="eMails"]' in '30' second(s)

2021-11-18 11:47:55 - [MESSAGE][PASSED] - Keys 'elogotest@gmail.com;ali.kara@logo.com.tr' sent to object: 'Object Repository/Popup/EmailText'

2021-11-18 11:47:55 - [MESSAGE][PASSED] - Call Test Case 'Test Cases/Popup/PopupaEmailEklenir' successfully

2021-11-18 11:47:55 - [MESSAGE][INFO] - Checking called Test Case

2021-11-18 11:47:55 - [MESSAGE][INFO] - Starting to call Test Case 'Test Cases/Popup/PopupButonSecilir'

2021-11-18 11:47:55 - [TEST_CASE][PASSED] - Test Cases/Popup/PopupButonSecilir: Test Cases/Popup/PopupButonSecilir

2021-11-18 11:47:55 - [TEST_STEP][PASSED] - Method.TextDegerineEsitElementeTikla(findTestObject("Popup/Popup_Butons"), Buton): Method.TextDegerineEsitElementeTikla is PASSED

2021-11-18 11:47:55 - [MESSAGE][INFO] - Finding Test Object 'Object Repository/Popup/Popup_Butons'

2021-11-18 11:47:56 - [MESSAGE][INFO] - Checking timeout

2021-11-18 11:47:56 - [MESSAGE][INFO] - Finding web element with id: 'Object Repository/Popup/Popup_Butons' located by 'By.cssSelector: .modal-footer>button' in '10' second(s)

2021-11-18 11:47:56 - [MESSAGE][INFO] - Smart Wait Function is triggered

2021-11-18 11:47:56 - [MESSAGE][INFO] - Found 2 web elements with id: 'Object Repository/Popup/Popup_Butons' located by 'By.cssSelector: .modal-footer>button' in '10' second(s)

2021-11-18 11:47:56 - [MESSAGE][PASSED] - Method.TextDegerineEsitElementeTikla is PASSED

2021-11-18 11:47:56 - [MESSAGE][PASSED] - Call Test Case 'Test Cases/Popup/PopupButonSecilir' successfully

2021-11-18 11:47:56 - [MESSAGE][INFO] - Checking called Test Case

2021-11-18 11:47:56 - [MESSAGE][INFO] - Starting to call Test Case 'Test Cases/Popup/PopupMesajiIceriyorMu'

2021-11-18 11:47:56 - [TEST_CASE][PASSED] - Test Cases/Popup/PopupMesajiIceriyorMu: Test Cases/Popup/PopupMesajiIceriyorMu

2021-11-18 11:47:56 - [TEST_STEP][PASSED] - waitForElementVisible(findTestObject("Popup/Popup"), 10): Object 'Object Repository/Popup/Popup' is visible

2021-11-18 11:47:56 - [MESSAGE][INFO] - Finding Test Object 'Object Repository/Popup/Popup'

2021-11-18 11:47:56 - [MESSAGE][INFO] - Checking object

2021-11-18 11:47:56 - [MESSAGE][INFO] - Checking timeout

2021-11-18 11:47:56 - [MESSAGE][INFO] - Finding web element from Test Object's properties

2021-11-18 11:47:56 - [MESSAGE][INFO] - Checking timeout

2021-11-18 11:47:56 - [MESSAGE][INFO] - Finding web element with id: 'Object Repository/Popup/Popup' located by 'By.cssSelector: .bootbox-body' in '10' second(s)

2021-11-18 11:47:56 - [MESSAGE][INFO] - Smart Wait Function is triggered

2021-11-18 11:47:57 - [MESSAGE][INFO] - Found 1 web elements with id: 'Object Repository/Popup/Popup' located by 'By.cssSelector: .bootbox-body' in '10' second(s)

2021-11-18 11:47:57 - [MESSAGE][PASSED] - Object 'Object Repository/Popup/Popup' is visible

2021-11-18 11:47:57 - [TEST_STEP][PASSED] - if (!(getText(findTestObject("Popup/Popup")).contains(Mesaj))): Text of object 'Object Repository/Popup/Popup' is: '17409 no’lu talebiniz işleme alınmıştır. Raporunuz hazırlandığında (elogotest@gmail.com;ali.kara@logo.com.tr) adresinize mail gönderilecektir.
Rapor durumunuzu Raporlar > Toplu Veri İndirme ekranından takip edebilir, hazırlandı durumundaki raporlarınızı ilgili menüden indirebilirsiniz.'

2021-11-18 11:47:57 - [MESSAGE][INFO] - Finding Test Object 'Object Repository/Popup/Popup'

2021-11-18 11:47:57 - [MESSAGE][INFO] - Checking object

2021-11-18 11:47:57 - [MESSAGE][INFO] - Finding web element from Test Object's properties

2021-11-18 11:47:57 - [MESSAGE][INFO] - Checking timeout

2021-11-18 11:47:57 - [MESSAGE][INFO] - Finding web element with id: 'Object Repository/Popup/Popup' located by 'By.cssSelector: .bootbox-body' in '30' second(s)

2021-11-18 11:47:57 - [MESSAGE][INFO] - Smart Wait Function is triggered

2021-11-18 11:47:57 - [MESSAGE][INFO] - Found 1 web elements with id: 'Object Repository/Popup/Popup' located by 'By.cssSelector: .bootbox-body' in '30' second(s)

2021-11-18 11:47:57 - [MESSAGE][INFO] - Getting text of object 'Object Repository/Popup/Popup'

2021-11-18 11:47:57 - [MESSAGE][PASSED] - Text of object 'Object Repository/Popup/Popup' is: '17409 no’lu talebiniz işleme alınmıştır. Raporunuz hazırlandığında (elogotest@gmail.com;ali.kara@logo.com.tr) adresinize mail gönderilecektir.
Rapor durumunuzu Raporlar > Toplu Veri İndirme ekranından takip edebilir, hazırlandı durumundaki raporlarınızı ilgili menüden indirebilirsiniz.'

2021-11-18 11:47:57 - [TEST_STEP][PASSED] - RaporNo = getText(findTestObject("Popup/Popup")).substring(0, 6): Text of object 'Object Repository/Popup/Popup' is: '17409 no’lu talebiniz işleme alınmıştır. Raporunuz hazırlandığında (elogotest@gmail.com;ali.kara@logo.com.tr) adresinize mail gönderilecektir.
Rapor durumunuzu Raporlar > Toplu Veri İndirme ekranından takip edebilir, hazırlandı durumundaki raporlarınızı ilgili menüden indirebilirsiniz.'

2021-11-18 11:47:57 - [MESSAGE][INFO] - Finding Test Object 'Object Repository/Popup/Popup'

2021-11-18 11:47:57 - [MESSAGE][INFO] - Checking object

2021-11-18 11:47:57 - [MESSAGE][INFO] - Finding web element from Test Object's properties

2021-11-18 11:47:57 - [MESSAGE][INFO] - Checking timeout

2021-11-18 11:47:57 - [MESSAGE][INFO] - Finding web element with id: 'Object Repository/Popup/Popup' located by 'By.cssSelector: .bootbox-body' in '30' second(s)

2021-11-18 11:47:57 - [MESSAGE][INFO] - Smart Wait Function is triggered

2021-11-18 11:47:57 - [MESSAGE][INFO] - Found 1 web elements with id: 'Object Repository/Popup/Popup' located by 'By.cssSelector: .bootbox-body' in '30' second(s)

2021-11-18 11:47:57 - [MESSAGE][INFO] - Getting text of object 'Object Repository/Popup/Popup'

2021-11-18 11:47:57 - [MESSAGE][PASSED] - Text of object 'Object Repository/Popup/Popup' is: '17409 no’lu talebiniz işleme alınmıştır. Raporunuz hazırlandığında (elogotest@gmail.com;ali.kara@logo.com.tr) adresinize mail gönderilecektir.
Rapor durumunuzu Raporlar > Toplu Veri İndirme ekranından takip edebilir, hazırlandı durumundaki raporlarınızı ilgili menüden indirebilirsiniz.'

2021-11-18 11:47:57 - [TEST_STEP][PASSED] - Console.println(RaporNo): null

2021-11-18 11:47:57 - [MESSAGE][PASSED] - Call Test Case 'Test Cases/Popup/PopupMesajiIceriyorMu' successfully

2021-11-18 11:47:57 - [MESSAGE][INFO] - Checking called Test Case

2021-11-18 11:47:57 - [MESSAGE][INFO] - Starting to call Test Case 'Test Cases/Popup/PopupButonSecilir'

2021-11-18 11:47:58 - [TEST_CASE][PASSED] - Test Cases/Popup/PopupButonSecilir: Test Cases/Popup/PopupButonSecilir

2021-11-18 11:47:58 - [TEST_STEP][PASSED] - Method.TextDegerineEsitElementeTikla(findTestObject("Popup/Popup_Butons"), Buton): Method.TextDegerineEsitElementeTikla is PASSED

2021-11-18 11:47:58 - [MESSAGE][INFO] - Finding Test Object 'Object Repository/Popup/Popup_Butons'

2021-11-18 11:47:58 - [MESSAGE][INFO] - Checking timeout

2021-11-18 11:47:58 - [MESSAGE][INFO] - Finding web element with id: 'Object Repository/Popup/Popup_Butons' located by 'By.cssSelector: .modal-footer>button' in '10' second(s)

2021-11-18 11:47:58 - [MESSAGE][INFO] - Smart Wait Function is triggered

2021-11-18 11:47:58 - [MESSAGE][INFO] - Found 1 web elements with id: 'Object Repository/Popup/Popup_Butons' located by 'By.cssSelector: .modal-footer>button' in '10' second(s)

2021-11-18 11:47:58 - [MESSAGE][PASSED] - Method.TextDegerineEsitElementeTikla is PASSED

2021-11-18 11:47:58 - [MESSAGE][PASSED] - Call Test Case 'Test Cases/Popup/PopupButonSecilir' successfully

2021-11-18 11:47:58 - [MESSAGE][INFO] - Checking called Test Case

2021-11-18 11:47:58 - [MESSAGE][INFO] - Starting to call Test Case 'Test Cases/Butonlar/ButonaTikla'

2021-11-18 11:47:58 - [TEST_CASE][PASSED] - Test Cases/Butonlar/ButonaTikla: Test Cases/Butonlar/ButonaTikla

2021-11-18 11:47:58 - [TEST_STEP][PASSED] - Method.TextDegerineEsitElementeTiklaEquals(findTestObject("Butonlar/Butonlar"), Buton_Adi): Method.TextDegerineEsitElementeTiklaEquals is PASSED

2021-11-18 11:47:58 - [MESSAGE][INFO] - Finding Test Object 'Object Repository/Butonlar/Butonlar'

2021-11-18 11:47:58 - [MESSAGE][INFO] - Checking timeout

2021-11-18 11:47:58 - [MESSAGE][INFO] - Finding web element with id: 'Object Repository/Butonlar/Butonlar' located by 'By.cssSelector: .panel.panel-default.text-center.footerPanel .btn,.btn.btn-primary.btnControls' in '10' second(s)

2021-11-18 11:47:58 - [MESSAGE][INFO] - Smart Wait Function is triggered

2021-11-18 11:47:59 - [MESSAGE][INFO] - Found 11 web elements with id: 'Object Repository/Butonlar/Butonlar' located by 'By.cssSelector: .panel.panel-default.text-center.footerPanel .btn,.btn.btn-primary.btnControls' in '10' second(s)

2021-11-18 11:47:59 - [MESSAGE][PASSED] - Method.TextDegerineEsitElementeTiklaEquals is PASSED

2021-11-18 11:47:59 - [MESSAGE][PASSED] - Call Test Case 'Test Cases/Butonlar/ButonaTikla' successfully

2021-11-18 11:47:59 - [MESSAGE][INFO] - Checking called Test Case

2021-11-18 11:47:59 - [MESSAGE][INFO] - Starting to call Test Case 'Test Cases/Butonlar/AltButonaTikla'

2021-11-18 11:47:59 - [TEST_CASE][PASSED] - Test Cases/Butonlar/AltButonaTikla: Test Cases/Butonlar/AltButonaTikla

2021-11-18 11:47:59 - [TEST_STEP][PASSED] - Method.TextDegerineEsitElementeTikla(findTestObject("Butonlar/AltButonlar"), Alt_Buton): Method.TextDegerineEsitElementeTikla is PASSED

2021-11-18 11:47:59 - [MESSAGE][INFO] - Finding Test Object 'Object Repository/Butonlar/AltButonlar'

2021-11-18 11:47:59 - [MESSAGE][INFO] - Checking timeout

2021-11-18 11:47:59 - [MESSAGE][INFO] - Finding web element with id: 'Object Repository/Butonlar/AltButonlar' located by 'By.cssSelector: .btn-group.open li>a' in '10' second(s)

2021-11-18 11:47:59 - [MESSAGE][INFO] - Smart Wait Function is triggered

2021-11-18 11:47:59 - [MESSAGE][INFO] - Found 4 web elements with id: 'Object Repository/Butonlar/AltButonlar' located by 'By.cssSelector: .btn-group.open li>a' in '10' second(s)

2021-11-18 11:47:59 - [MESSAGE][PASSED] - Method.TextDegerineEsitElementeTikla is PASSED

2021-11-18 11:47:59 - [MESSAGE][PASSED] - Call Test Case 'Test Cases/Butonlar/AltButonaTikla' successfully

2021-11-18 11:47:59 - [MESSAGE][INFO] - Checking called Test Case

2021-11-18 11:47:59 - [MESSAGE][INFO] - Starting to call Test Case 'Test Cases/Popup/PopupMesajiIceriyorMu'

2021-11-18 11:47:59 - [TEST_CASE][PASSED] - Test Cases/Popup/PopupMesajiIceriyorMu: Test Cases/Popup/PopupMesajiIceriyorMu

2021-11-18 11:47:59 - [TEST_STEP][PASSED] - waitForElementVisible(findTestObject("Popup/Popup"), 10): Object 'Object Repository/Popup/Popup' is visible

2021-11-18 11:47:59 - [MESSAGE][INFO] - Finding Test Object 'Object Repository/Popup/Popup'

2021-11-18 11:48:00 - [MESSAGE][INFO] - Checking object

2021-11-18 11:48:00 - [MESSAGE][INFO] - Checking timeout

2021-11-18 11:48:00 - [MESSAGE][INFO] - Finding web element from Test Object's properties

2021-11-18 11:48:00 - [MESSAGE][INFO] - Checking timeout

2021-11-18 11:48:00 - [MESSAGE][INFO] - Finding web element with id: 'Object Repository/Popup/Popup' located by 'By.cssSelector: .bootbox-body' in '10' second(s)

2021-11-18 11:48:00 - [MESSAGE][INFO] - Smart Wait Function is triggered

2021-11-18 11:48:00 - [MESSAGE][INFO] - Found 1 web elements with id: 'Object Repository/Popup/Popup' located by 'By.cssSelector: .bootbox-body' in '10' second(s)

2021-11-18 11:48:00 - [MESSAGE][PASSED] - Object 'Object Repository/Popup/Popup' is visible

2021-11-18 11:48:00 - [TEST_STEP][PASSED] - if (!(getText(findTestObject("Popup/Popup")).contains(Mesaj))): Text of object 'Object Repository/Popup/Popup' is: 'Lütfen rapor bildiriminin gönderileceği e-posta adresini belirtiniz.
e-Posta Adresi'

2021-11-18 11:48:00 - [MESSAGE][INFO] - Finding Test Object 'Object Repository/Popup/Popup'

2021-11-18 11:48:00 - [MESSAGE][INFO] - Checking object

2021-11-18 11:48:00 - [MESSAGE][INFO] - Finding web element from Test Object's properties

2021-11-18 11:48:00 - [MESSAGE][INFO] - Checking timeout

2021-11-18 11:48:00 - [MESSAGE][INFO] - Finding web element with id: 'Object Repository/Popup/Popup' located by 'By.cssSelector: .bootbox-body' in '30' second(s)

2021-11-18 11:48:00 - [MESSAGE][INFO] - Smart Wait Function is triggered

2021-11-18 11:48:00 - [MESSAGE][INFO] - Found 1 web elements with id: 'Object Repository/Popup/Popup' located by 'By.cssSelector: .bootbox-body' in '30' second(s)

2021-11-18 11:48:00 - [MESSAGE][INFO] - Getting text of object 'Object Repository/Popup/Popup'

2021-11-18 11:48:00 - [MESSAGE][PASSED] - Text of object 'Object Repository/Popup/Popup' is: 'Lütfen rapor bildiriminin gönderileceği e-posta adresini belirtiniz.
e-Posta Adresi'

2021-11-18 11:48:00 - [TEST_STEP][PASSED] - RaporNo = getText(findTestObject("Popup/Popup")).substring(0, 6): Text of object 'Object Repository/Popup/Popup' is: 'Lütfen rapor bildiriminin gönderileceği e-posta adresini belirtiniz.
e-Posta Adresi'

2021-11-18 11:48:00 - [MESSAGE][INFO] - Finding Test Object 'Object Repository/Popup/Popup'

2021-11-18 11:48:00 - [MESSAGE][INFO] - Checking object

2021-11-18 11:48:00 - [MESSAGE][INFO] - Finding web element from Test Object's properties

2021-11-18 11:48:00 - [MESSAGE][INFO] - Checking timeout

2021-11-18 11:48:00 - [MESSAGE][INFO] - Finding web element with id: 'Object Repository/Popup/Popup' located by 'By.cssSelector: .bootbox-body' in '30' second(s)

2021-11-18 11:48:00 - [MESSAGE][INFO] - Smart Wait Function is triggered

2021-11-18 11:48:01 - [MESSAGE][INFO] - Found 1 web elements with id: 'Object Repository/Popup/Popup' located by 'By.cssSelector: .bootbox-body' in '30' second(s)

2021-11-18 11:48:01 - [MESSAGE][INFO] - Getting text of object 'Object Repository/Popup/Popup'

2021-11-18 11:48:01 - [MESSAGE][PASSED] - Text of object 'Object Repository/Popup/Popup' is: 'Lütfen rapor bildiriminin gönderileceği e-posta adresini belirtiniz.
e-Posta Adresi'

2021-11-18 11:48:01 - [TEST_STEP][PASSED] - Console.println(RaporNo): null

2021-11-18 11:48:01 - [MESSAGE][PASSED] - Call Test Case 'Test Cases/Popup/PopupMesajiIceriyorMu' successfully

2021-11-18 11:48:01 - [MESSAGE][INFO] - Checking called Test Case

2021-11-18 11:48:01 - [MESSAGE][INFO] - Starting to call Test Case 'Test Cases/Popup/PopupaEmailEklenir'

2021-11-18 11:48:01 - [TEST_CASE][PASSED] - Test Cases/Popup/PopupaEmailEklenir: Test Cases/Popup/PopupaEmailEklenir

2021-11-18 11:48:01 - [TEST_STEP][PASSED] - clearText(findTestObject("Popup/EmailText")): Text of object 'Object Repository/Popup/EmailText' is cleared

2021-11-18 11:48:01 - [MESSAGE][INFO] - Finding Test Object 'Object Repository/Popup/EmailText'

2021-11-18 11:48:01 - [MESSAGE][INFO] - Checking object

2021-11-18 11:48:01 - [MESSAGE][INFO] - Finding web element from Test Object's properties

2021-11-18 11:48:01 - [MESSAGE][INFO] - Checking timeout

2021-11-18 11:48:01 - [MESSAGE][INFO] - Finding web element with id: 'Object Repository/Popup/EmailText' located by 'By.xpath: //*[@id="eMails"]' in '30' second(s)

2021-11-18 11:48:01 - [MESSAGE][INFO] - Smart Wait Function is triggered

2021-11-18 11:48:01 - [MESSAGE][INFO] - Found 1 web elements with id: 'Object Repository/Popup/EmailText' located by 'By.xpath: //*[@id="eMails"]' in '30' second(s)

2021-11-18 11:48:01 - [MESSAGE][INFO] - Clearing text of object 'Object Repository/Popup/EmailText'

2021-11-18 11:48:01 - [MESSAGE][PASSED] - Text of object 'Object Repository/Popup/EmailText' is cleared

2021-11-18 11:48:01 - [TEST_STEP][PASSED] - sendKeys(findTestObject("Popup/EmailText"), Email): Keys 'elogotest@gmail.com;ali.kara@logo.com.tr' sent to object: 'Object Repository/Popup/EmailText'

2021-11-18 11:48:01 - [MESSAGE][INFO] - Finding Test Object 'Object Repository/Popup/EmailText'

2021-11-18 11:48:01 - [MESSAGE][INFO] - Sending keys 'elogotest@gmail.com;ali.kara@logo.com.tr' to object: 'Object Repository/Popup/EmailText'

2021-11-18 11:48:01 - [MESSAGE][INFO] - Finding web element from Test Object's properties

2021-11-18 11:48:01 - [MESSAGE][INFO] - Checking timeout

2021-11-18 11:48:01 - [MESSAGE][INFO] - Finding web element with id: 'Object Repository/Popup/EmailText' located by 'By.xpath: //*[@id="eMails"]' in '30' second(s)

2021-11-18 11:48:01 - [MESSAGE][INFO] - Smart Wait Function is triggered

2021-11-18 11:48:02 - [MESSAGE][INFO] - Found 1 web elements with id: 'Object Repository/Popup/EmailText' located by 'By.xpath: //*[@id="eMails"]' in '30' second(s)

2021-11-18 11:48:02 - [MESSAGE][PASSED] - Keys 'elogotest@gmail.com;ali.kara@logo.com.tr' sent to object: 'Object Repository/Popup/EmailText'

2021-11-18 11:48:02 - [MESSAGE][PASSED] - Call Test Case 'Test Cases/Popup/PopupaEmailEklenir' successfully

2021-11-18 11:48:02 - [MESSAGE][INFO] - Checking called Test Case

2021-11-18 11:48:02 - [MESSAGE][INFO] - Starting to call Test Case 'Test Cases/Popup/PopupButonSecilir'

2021-11-18 11:48:02 - [TEST_CASE][PASSED] - Test Cases/Popup/PopupButonSecilir: Test Cases/Popup/PopupButonSecilir

2021-11-18 11:48:02 - [TEST_STEP][PASSED] - Method.TextDegerineEsitElementeTikla(findTestObject("Popup/Popup_Butons"), Buton): Method.TextDegerineEsitElementeTikla is PASSED

2021-11-18 11:48:02 - [MESSAGE][INFO] - Finding Test Object 'Object Repository/Popup/Popup_Butons'

2021-11-18 11:48:02 - [MESSAGE][INFO] - Checking timeout

2021-11-18 11:48:02 - [MESSAGE][INFO] - Finding web element with id: 'Object Repository/Popup/Popup_Butons' located by 'By.cssSelector: .modal-footer>button' in '10' second(s)

2021-11-18 11:48:02 - [MESSAGE][INFO] - Smart Wait Function is triggered

2021-11-18 11:48:02 - [MESSAGE][INFO] - Found 2 web elements with id: 'Object Repository/Popup/Popup_Butons' located by 'By.cssSelector: .modal-footer>button' in '10' second(s)

2021-11-18 11:48:02 - [MESSAGE][PASSED] - Method.TextDegerineEsitElementeTikla is PASSED

2021-11-18 11:48:02 - [MESSAGE][PASSED] - Call Test Case 'Test Cases/Popup/PopupButonSecilir' successfully

2021-11-18 11:48:02 - [MESSAGE][INFO] - Checking called Test Case

2021-11-18 11:48:02 - [MESSAGE][INFO] - Starting to call Test Case 'Test Cases/Popup/PopupMesajiIceriyorMu'

2021-11-18 11:48:02 - [TEST_CASE][PASSED] - Test Cases/Popup/PopupMesajiIceriyorMu: Test Cases/Popup/PopupMesajiIceriyorMu

2021-11-18 11:48:02 - [TEST_STEP][PASSED] - waitForElementVisible(findTestObject("Popup/Popup"), 10): Object 'Object Repository/Popup/Popup' is visible

2021-11-18 11:48:02 - [MESSAGE][INFO] - Finding Test Object 'Object Repository/Popup/Popup'

2021-11-18 11:48:02 - [MESSAGE][INFO] - Checking object

2021-11-18 11:48:02 - [MESSAGE][INFO] - Checking timeout

2021-11-18 11:48:02 - [MESSAGE][INFO] - Finding web element from Test Object's properties

2021-11-18 11:48:02 - [MESSAGE][INFO] - Checking timeout

2021-11-18 11:48:02 - [MESSAGE][INFO] - Finding web element with id: 'Object Repository/Popup/Popup' located by 'By.cssSelector: .bootbox-body' in '10' second(s)

2021-11-18 11:48:02 - [MESSAGE][INFO] - Smart Wait Function is triggered

2021-11-18 11:48:03 - [MESSAGE][INFO] - Found 1 web elements with id: 'Object Repository/Popup/Popup' located by 'By.cssSelector: .bootbox-body' in '10' second(s)

2021-11-18 11:48:03 - [MESSAGE][PASSED] - Object 'Object Repository/Popup/Popup' is visible

2021-11-18 11:48:03 - [TEST_STEP][PASSED] - if (!(getText(findTestObject("Popup/Popup")).contains(Mesaj))): Text of object 'Object Repository/Popup/Popup' is: '17411 no’lu talebiniz işleme alınmıştır. Raporunuz hazırlandığında (elogotest@gmail.com;ali.kara@logo.com.tr) adresinize mail gönderilecektir.
Rapor durumunuzu Raporlar > Toplu Veri İndirme ekranından takip edebilir, hazırlandı durumundaki raporlarınızı ilgili menüden indirebilirsiniz.'

2021-11-18 11:48:03 - [MESSAGE][INFO] - Finding Test Object 'Object Repository/Popup/Popup'

2021-11-18 11:48:03 - [MESSAGE][INFO] - Checking object

2021-11-18 11:48:03 - [MESSAGE][INFO] - Finding web element from Test Object's properties

2021-11-18 11:48:03 - [MESSAGE][INFO] - Checking timeout

2021-11-18 11:48:03 - [MESSAGE][INFO] - Finding web element with id: 'Object Repository/Popup/Popup' located by 'By.cssSelector: .bootbox-body' in '30' second(s)

2021-11-18 11:48:03 - [MESSAGE][INFO] - Smart Wait Function is triggered

2021-11-18 11:48:03 - [MESSAGE][INFO] - Found 1 web elements with id: 'Object Repository/Popup/Popup' located by 'By.cssSelector: .bootbox-body' in '30' second(s)

2021-11-18 11:48:03 - [MESSAGE][INFO] - Getting text of object 'Object Repository/Popup/Popup'

2021-11-18 11:48:03 - [MESSAGE][PASSED] - Text of object 'Object Repository/Popup/Popup' is: '17411 no’lu talebiniz işleme alınmıştır. Raporunuz hazırlandığında (elogotest@gmail.com;ali.kara@logo.com.tr) adresinize mail gönderilecektir.
Rapor durumunuzu Raporlar > Toplu Veri İndirme ekranından takip edebilir, hazırlandı durumundaki raporlarınızı ilgili menüden indirebilirsiniz.'

2021-11-18 11:48:03 - [TEST_STEP][PASSED] - RaporNo = getText(findTestObject("Popup/Popup")).substring(0, 6): Text of object 'Object Repository/Popup/Popup' is: '17411 no’lu talebiniz işleme alınmıştır. Raporunuz hazırlandığında (elogotest@gmail.com;ali.kara@logo.com.tr) adresinize mail gönderilecektir.
Rapor durumunuzu Raporlar > Toplu Veri İndirme ekranından takip edebilir, hazırlandı durumundaki raporlarınızı ilgili menüden indirebilirsiniz.'

2021-11-18 11:48:03 - [MESSAGE][INFO] - Finding Test Object 'Object Repository/Popup/Popup'

2021-11-18 11:48:03 - [MESSAGE][INFO] - Checking object

2021-11-18 11:48:03 - [MESSAGE][INFO] - Finding web element from Test Object's properties

2021-11-18 11:48:03 - [MESSAGE][INFO] - Checking timeout

2021-11-18 11:48:03 - [MESSAGE][INFO] - Finding web element with id: 'Object Repository/Popup/Popup' located by 'By.cssSelector: .bootbox-body' in '30' second(s)

2021-11-18 11:48:03 - [MESSAGE][INFO] - Smart Wait Function is triggered

2021-11-18 11:48:04 - [MESSAGE][INFO] - Found 1 web elements with id: 'Object Repository/Popup/Popup' located by 'By.cssSelector: .bootbox-body' in '30' second(s)

2021-11-18 11:48:04 - [MESSAGE][INFO] - Getting text of object 'Object Repository/Popup/Popup'

2021-11-18 11:48:04 - [MESSAGE][PASSED] - Text of object 'Object Repository/Popup/Popup' is: '17411 no’lu talebiniz işleme alınmıştır. Raporunuz hazırlandığında (elogotest@gmail.com;ali.kara@logo.com.tr) adresinize mail gönderilecektir.
Rapor durumunuzu Raporlar > Toplu Veri İndirme ekranından takip edebilir, hazırlandı durumundaki raporlarınızı ilgili menüden indirebilirsiniz.'

2021-11-18 11:48:04 - [TEST_STEP][PASSED] - Console.println(RaporNo): null

2021-11-18 11:48:04 - [MESSAGE][PASSED] - Call Test Case 'Test Cases/Popup/PopupMesajiIceriyorMu' successfully

2021-11-18 11:48:04 - [MESSAGE][INFO] - Checking called Test Case

2021-11-18 11:48:04 - [MESSAGE][INFO] - Starting to call Test Case 'Test Cases/Popup/PopupButonSecilir'

2021-11-18 11:48:04 - [TEST_CASE][PASSED] - Test Cases/Popup/PopupButonSecilir: Test Cases/Popup/PopupButonSecilir

2021-11-18 11:48:04 - [TEST_STEP][PASSED] - Method.TextDegerineEsitElementeTikla(findTestObject("Popup/Popup_Butons"), Buton): Method.TextDegerineEsitElementeTikla is PASSED

2021-11-18 11:48:04 - [MESSAGE][INFO] - Finding Test Object 'Object Repository/Popup/Popup_Butons'

2021-11-18 11:48:04 - [MESSAGE][INFO] - Checking timeout

2021-11-18 11:48:04 - [MESSAGE][INFO] - Finding web element with id: 'Object Repository/Popup/Popup_Butons' located by 'By.cssSelector: .modal-footer>button' in '10' second(s)

2021-11-18 11:48:04 - [MESSAGE][INFO] - Smart Wait Function is triggered

2021-11-18 11:48:04 - [MESSAGE][INFO] - Found 1 web elements with id: 'Object Repository/Popup/Popup_Butons' located by 'By.cssSelector: .modal-footer>button' in '10' second(s)

2021-11-18 11:48:04 - [MESSAGE][PASSED] - Method.TextDegerineEsitElementeTikla is PASSED

2021-11-18 11:48:04 - [MESSAGE][PASSED] - Call Test Case 'Test Cases/Popup/PopupButonSecilir' successfully

2021-11-18 11:48:04 - [MESSAGE][INFO] - Checking called Test Case

2021-11-18 11:48:04 - [MESSAGE][INFO] - Starting to call Test Case 'Test Cases/Menu/AnaMenuSecimi'

2021-11-18 11:48:04 - [TEST_CASE][PASSED] - Test Cases/Menu/AnaMenuSecimi: Test Cases/Menu/AnaMenuSecimi

2021-11-18 11:48:04 - [TEST_STEP][PASSED] - Method.TextDegerineEsitElementeTikla(findTestObject("Menu/Ana_Menu"), Ana_Menu): Method.TextDegerineEsitElementeTikla is PASSED

2021-11-18 11:48:04 - [MESSAGE][INFO] - Finding Test Object 'Object Repository/Menu/Ana_Menu'

2021-11-18 11:48:04 - [MESSAGE][INFO] - Checking timeout

2021-11-18 11:48:04 - [MESSAGE][INFO] - Finding web element with id: 'Object Repository/Menu/Ana_Menu' located by 'By.xpath: //*[@class = 'dropdown-toggle']' in '10' second(s)

2021-11-18 11:48:04 - [MESSAGE][INFO] - Smart Wait Function is triggered

2021-11-18 11:48:05 - [MESSAGE][INFO] - Found 14 web elements with id: 'Object Repository/Menu/Ana_Menu' located by 'By.xpath: //*[@class = 'dropdown-toggle']' in '10' second(s)

2021-11-18 11:48:05 - [MESSAGE][PASSED] - Method.TextDegerineEsitElementeTikla is PASSED

2021-11-18 11:48:05 - [MESSAGE][PASSED] - Call Test Case 'Test Cases/Menu/AnaMenuSecimi' successfully

2021-11-18 11:48:05 - [MESSAGE][INFO] - Checking called Test Case

2021-11-18 11:48:05 - [MESSAGE][INFO] - Starting to call Test Case 'Test Cases/Menu/AltMenuSecimi'

2021-11-18 11:48:05 - [TEST_CASE][PASSED] - Test Cases/Menu/AltMenuSecimi: Test Cases/Menu/AltMenuSecimi

2021-11-18 11:48:05 - [TEST_STEP][PASSED] - Method.TextDegerineEsitElementeTikla(findTestObject("Menu/Alt_Menu"), Alt_Menu): Method.TextDegerineEsitElementeTikla is PASSED

2021-11-18 11:48:05 - [MESSAGE][INFO] - Finding Test Object 'Object Repository/Menu/Alt_Menu'

2021-11-18 11:48:05 - [MESSAGE][INFO] - Checking timeout

2021-11-18 11:48:05 - [MESSAGE][INFO] - Finding web element with id: 'Object Repository/Menu/Alt_Menu' located by 'By.xpath: //li[@class='dropdown dropdown-large open']//li[@class='dropdown-element']' in '10' second(s)

2021-11-18 11:48:05 - [MESSAGE][INFO] - Smart Wait Function is triggered

2021-11-18 11:48:06 - [MESSAGE][INFO] - Found 9 web elements with id: 'Object Repository/Menu/Alt_Menu' located by 'By.xpath: //li[@class='dropdown dropdown-large open']//li[@class='dropdown-element']' in '10' second(s)

2021-11-18 11:48:07 - [MESSAGE][PASSED] - Method.TextDegerineEsitElementeTikla is PASSED

2021-11-18 11:48:07 - [MESSAGE][PASSED] - Call Test Case 'Test Cases/Menu/AltMenuSecimi' successfully

2021-11-18 11:48:07 - [MESSAGE][INFO] - Checking called Test Case

2021-11-18 11:48:07 - [MESSAGE][INFO] - Starting to call Test Case 'Test Cases/Filtreler/RaporNoYaz'

2021-11-18 11:48:07 - [TEST_CASE][PASSED] - Test Cases/Filtreler/RaporNoYaz: Test Cases/Filtreler/RaporNoYaz

2021-11-18 11:48:07 - [TEST_STEP][PASSED] - Method.TextDegerineEsitElementinAltindakiTextboxtaYaz(findTestObject("Filtreler/Basliklar"), findTestObject("Filtreler/Basliga_Gore_Textbox"), "Talep No", RaporNo): Method.TextDegerineEsitElementinAltindakiTextboxtaYaz is PASSED

2021-11-18 11:48:07 - [MESSAGE][INFO] - Finding Test Object 'Object Repository/Filtreler/Basliklar'

2021-11-18 11:48:07 - [MESSAGE][INFO] - Finding Test Object 'Object Repository/Filtreler/Basliga_Gore_Textbox'

2021-11-18 11:48:07 - [MESSAGE][INFO] - Checking timeout

2021-11-18 11:48:07 - [MESSAGE][INFO] - Finding web element with id: 'Object Repository/Filtreler/Basliklar' located by 'By.cssSelector: .control-label.col-sm-4.paddingMarginRLC' in '10' second(s)

2021-11-18 11:48:07 - [MESSAGE][INFO] - Smart Wait Function is triggered

2021-11-18 11:48:07 - [MESSAGE][INFO] - Found 8 web elements with id: 'Object Repository/Filtreler/Basliklar' located by 'By.cssSelector: .control-label.col-sm-4.paddingMarginRLC' in '10' second(s)

2021-11-18 11:48:08 - [MESSAGE][INFO] - Smart Wait Function is triggered

2021-11-18 11:48:08 - [MESSAGE][PASSED] - Method.TextDegerineEsitElementinAltindakiTextboxtaYaz is PASSED

2021-11-18 11:48:08 - [MESSAGE][PASSED] - Call Test Case 'Test Cases/Filtreler/RaporNoYaz' successfully

2021-11-18 11:48:08 - [MESSAGE][INFO] - Checking called Test Case

2021-11-18 11:48:08 - [MESSAGE][INFO] - Starting to call Test Case 'Test Cases/Filtreler/ButonaTikla'

2021-11-18 11:48:08 - [TEST_CASE][PASSED] - Test Cases/Filtreler/ButonaTikla: Test Cases/Filtreler/ButonaTikla

2021-11-18 11:48:08 - [TEST_STEP][PASSED] - Method.TextDegerineEsitElementeTikla(findTestObject("Filtreler/Butonlar"), Filtre_Buton): Method.TextDegerineEsitElementeTikla is PASSED

2021-11-18 11:48:08 - [MESSAGE][INFO] - Finding Test Object 'Object Repository/Filtreler/Butonlar'

2021-11-18 11:48:08 - [MESSAGE][INFO] - Checking timeout

2021-11-18 11:48:08 - [MESSAGE][INFO] - Finding web element with id: 'Object Repository/Filtreler/Butonlar' located by 'By.cssSelector: .dxb>span' in '10' second(s)

2021-11-18 11:48:08 - [MESSAGE][INFO] - Smart Wait Function is triggered

2021-11-18 11:48:08 - [MESSAGE][INFO] - Found 2 web elements with id: 'Object Repository/Filtreler/Butonlar' located by 'By.cssSelector: .dxb>span' in '10' second(s)

2021-11-18 11:48:09 - [MESSAGE][PASSED] - Method.TextDegerineEsitElementeTikla is PASSED

2021-11-18 11:48:09 - [MESSAGE][PASSED] - Call Test Case 'Test Cases/Filtreler/ButonaTikla' successfully

2021-11-18 11:48:09 - [MESSAGE][INFO] - Checking called Test Case

2021-11-18 11:48:09 - [MESSAGE][INFO] - Starting to call Test Case 'Test Cases/Tablo/TablodaVeriVarMi'

2021-11-18 11:48:09 - [TEST_CASE][PASSED] - Test Cases/Tablo/TablodaVeriVarMi: Test Cases/Tablo/TablodaVeriVarMi

2021-11-18 11:48:09 - [TEST_STEP][PASSED] - verifyTextNotPresent("Görüntülenecek veri yok", true): Text 'Görüntülenecek veri yok' is not present on page using regular expression

2021-11-18 11:48:09 - [MESSAGE][INFO] - Checking text present  using regular expression

2021-11-18 11:48:09 - [MESSAGE][INFO] - Smart Wait Function is triggered

2021-11-18 11:48:09 - [MESSAGE][INFO] - Finding text 'Görüntülenecek veri yok' on page  using regular expression

2021-11-18 11:48:09 - [MESSAGE][PASSED] - Text 'Görüntülenecek veri yok' is not present on page using regular expression

2021-11-18 11:48:09 - [MESSAGE][PASSED] - Call Test Case 'Test Cases/Tablo/TablodaVeriVarMi' successfully

2021-11-18 11:48:09 - [MESSAGE][INFO] - Checking called Test Case

2021-11-18 11:48:09 - [MESSAGE][INFO] - Starting to call Test Case 'Test Cases/Kullanici_Islemleri/KullaniciIslemlerindenSecimYapilir'

2021-11-18 11:48:09 - [TEST_CASE][PASSED] - Test Cases/Kullanici_Islemleri/KullaniciIslemlerindenSecimYapilir: Test Cases/Kullanici_Islemleri/KullaniciIslemlerindenSecimYapilir

2021-11-18 11:48:09 - [TEST_STEP][PASSED] - waitForElementClickable(findTestObject("Object Repository/Kullanici_Islemleri/KullaniciIslemleri"), 10): Object 'Object Repository/Kullanici_Islemleri/KullaniciIslemleri' is clickable

2021-11-18 11:48:09 - [MESSAGE][INFO] - Finding Test Object 'Object Repository/Kullanici_Islemleri/KullaniciIslemleri'

2021-11-18 11:48:09 - [MESSAGE][INFO] - Checking object

2021-11-18 11:48:09 - [MESSAGE][INFO] - Checking timeout

2021-11-18 11:48:09 - [MESSAGE][INFO] - Finding web element from Test Object's properties

2021-11-18 11:48:09 - [MESSAGE][INFO] - Checking timeout

2021-11-18 11:48:09 - [MESSAGE][INFO] - Finding web element with id: 'Object Repository/Kullanici_Islemleri/KullaniciIslemleri' located by 'By.cssSelector: .dropdown>a>img' in '10' second(s)

2021-11-18 11:48:09 - [MESSAGE][INFO] - Smart Wait Function is triggered

2021-11-18 11:48:10 - [MESSAGE][INFO] - Found 1 web elements with id: 'Object Repository/Kullanici_Islemleri/KullaniciIslemleri' located by 'By.cssSelector: .dropdown>a>img' in '10' second(s)

2021-11-18 11:48:10 - [MESSAGE][PASSED] - Object 'Object Repository/Kullanici_Islemleri/KullaniciIslemleri' is clickable

2021-11-18 11:48:10 - [TEST_STEP][PASSED] - click(findTestObject("Object Repository/Kullanici_Islemleri/KullaniciIslemleri")): Object: 'Object Repository/Kullanici_Islemleri/KullaniciIslemleri' is clicked on

2021-11-18 11:48:10 - [MESSAGE][INFO] - Finding Test Object 'Object Repository/Kullanici_Islemleri/KullaniciIslemleri'

2021-11-18 11:48:10 - [MESSAGE][INFO] - Checking object

2021-11-18 11:48:10 - [MESSAGE][INFO] - Finding web element from Test Object's properties

2021-11-18 11:48:10 - [MESSAGE][INFO] - Checking timeout

2021-11-18 11:48:10 - [MESSAGE][INFO] - Finding web element with id: 'Object Repository/Kullanici_Islemleri/KullaniciIslemleri' located by 'By.cssSelector: .dropdown>a>img' in '30' second(s)

2021-11-18 11:48:10 - [MESSAGE][INFO] - Smart Wait Function is triggered

2021-11-18 11:48:10 - [MESSAGE][INFO] - Found 1 web elements with id: 'Object Repository/Kullanici_Islemleri/KullaniciIslemleri' located by 'By.cssSelector: .dropdown>a>img' in '30' second(s)

2021-11-18 11:48:10 - [MESSAGE][INFO] - Clicking on object: 'Object Repository/Kullanici_Islemleri/KullaniciIslemleri'

2021-11-18 11:48:10 - [MESSAGE][PASSED] - Object: 'Object Repository/Kullanici_Islemleri/KullaniciIslemleri' is clicked on

2021-11-18 11:48:10 - [TEST_STEP][PASSED] - Method.TextDegerineEsitElementeTikla(findTestObject("Object Repository/Kullanici_Islemleri/Secenekler"), Islem): Method.TextDegerineEsitElementeTikla is PASSED

2021-11-18 11:48:10 - [MESSAGE][INFO] - Finding Test Object 'Object Repository/Kullanici_Islemleri/Secenekler'

2021-11-18 11:48:10 - [MESSAGE][INFO] - Checking timeout

2021-11-18 11:48:10 - [MESSAGE][INFO] - Finding web element with id: 'Object Repository/Kullanici_Islemleri/Secenekler' located by 'By.cssSelector: .nav.navbar-nav.navbar-right li a' in '10' second(s)

2021-11-18 11:48:10 - [MESSAGE][INFO] - Smart Wait Function is triggered

2021-11-18 11:48:10 - [MESSAGE][INFO] - Found 22 web elements with id: 'Object Repository/Kullanici_Islemleri/Secenekler' located by 'By.cssSelector: .nav.navbar-nav.navbar-right li a' in '10' second(s)

2021-11-18 11:48:13 - [MESSAGE][PASSED] - Method.TextDegerineEsitElementeTikla is PASSED

2021-11-18 11:48:13 - [TEST_STEP][PASSED] - verifyElementNotPresent(findTestObject("Object Repository/Kullanici_Islemleri/Secenekler"), 10): Web element with id: 'Object Repository/Kullanici_Islemleri/Secenekler' located by 'By.cssSelector: .nav.navbar-nav.navbar-right li a' is not present after '10' second(s)

2021-11-18 11:48:13 - [MESSAGE][INFO] - Finding Test Object 'Object Repository/Kullanici_Islemleri/Secenekler'

2021-11-18 11:48:13 - [MESSAGE][INFO] - Checking object

2021-11-18 11:48:13 - [MESSAGE][INFO] - Checking timeout

2021-11-18 11:48:13 - [MESSAGE][INFO] - Finding web element with id: 'Object Repository/Kullanici_Islemleri/Secenekler' located by 'By.cssSelector: .nav.navbar-nav.navbar-right li a' in '10' second(s)

2021-11-18 11:48:13 - [MESSAGE][INFO] - Smart Wait Function is triggered

2021-11-18 11:48:13 - [MESSAGE][PASSED] - Web element with id: 'Object Repository/Kullanici_Islemleri/Secenekler' located by 'By.cssSelector: .nav.navbar-nav.navbar-right li a' is not present after '10' second(s)

2021-11-18 11:48:13 - [MESSAGE][PASSED] - Call Test Case 'Test Cases/Kullanici_Islemleri/KullaniciIslemlerindenSecimYapilir' successfully

2021-11-18 11:48:13 - [TEST_CASE][PASSED] - Start Test Case : SCENARIO e-Irsaliye Giden Kutusu Toplu Indirme - PDF Secilenlerin indirilmesi: SCENARIO e-Irsaliye Giden Kutusu Toplu Indirme - PDF Secilenlerin indirilmesi

2021-11-18 11:48:13 - [TEST_STEP][PASSED] - Kullanıcı adı ELOGO6 ve Şifre 123456 olarak giriş yapılır: Kullanıcı adı ELOGO6 ve Şifre 123456 olarak giriş yapılır

2021-11-18 11:48:13 - [MESSAGE][PASSED] - Kullanıcı adı ELOGO6 ve Şifre 123456 olarak giriş yapılır

2021-11-18 11:48:13 - [TEST_STEP][PASSED] - Ana menüden e-İrsaliye seçilir: Ana menüden e-İrsaliye seçilir

2021-11-18 11:48:13 - [MESSAGE][PASSED] - Ana menüden e-İrsaliye seçilir

2021-11-18 11:48:13 - [TEST_STEP][PASSED] - Alt menü Giden Kutusu başlığı altındaki İrsaliyeler seçilir: Alt menü Giden Kutusu başlığı altındaki İrsaliyeler seçilir

2021-11-18 11:48:13 - [MESSAGE][PASSED] - Alt menü Giden Kutusu başlığı altındaki İrsaliyeler seçilir

2021-11-18 11:48:13 - [TEST_STEP][PASSED] - Filtrelerden Oluşturma Tarihi filtresine 01.01.2020 baslangic degerini yaz: Filtrelerden Oluşturma Tarihi filtresine 01.01.2020 baslangic degerini yaz

2021-11-18 11:48:13 - [MESSAGE][PASSED] - Filtrelerden Oluşturma Tarihi filtresine 01.01.2020 baslangic degerini yaz

2021-11-18 11:48:13 - [TEST_STEP][PASSED] - Filtrelerden Oluşturma Tarihi filtresine 31.12.2020 bitis degerini yaz: Filtrelerden Oluşturma Tarihi filtresine 31.12.2020 bitis degerini yaz

2021-11-18 11:48:13 - [MESSAGE][PASSED] - Filtrelerden Oluşturma Tarihi filtresine 31.12.2020 bitis degerini yaz

2021-11-18 11:48:13 - [TEST_STEP][PASSED] - Filtrelerden Alıcı Ünvanı filtresine TEST textini yaz: Filtrelerden Alıcı Ünvanı filtresine TEST textini yaz

2021-11-18 11:48:13 - [MESSAGE][PASSED] - Filtrelerden Alıcı Ünvanı filtresine TEST textini yaz

2021-11-18 11:48:13 - [TEST_STEP][PASSED] - Filtre butonlarından Listele seçilir: Filtre butonlarından Listele seçilir

2021-11-18 11:48:13 - [MESSAGE][PASSED] - Filtre butonlarından Listele seçilir

2021-11-18 11:48:13 - [TEST_STEP][PASSED] - Tabloda veri var mı kontrol edilir: Tabloda veri var mı kontrol edilir

2021-11-18 11:48:13 - [MESSAGE][PASSED] - Tabloda veri var mı kontrol edilir

2021-11-18 11:48:13 - [TEST_STEP][PASSED] - Tablodan TEST isimli veri seçilir: Tablodan TEST isimli veri seçilir

2021-11-18 11:48:13 - [MESSAGE][PASSED] - Tablodan TEST isimli veri seçilir

2021-11-18 11:48:13 - [TEST_STEP][PASSED] - Butonlardan Toplu İndirme isimli butona tıklanır: Butonlardan Toplu İndirme isimli butona tıklanır

2021-11-18 11:48:13 - [MESSAGE][PASSED] - Butonlardan Toplu İndirme isimli butona tıklanır

2021-11-18 11:48:13 - [TEST_STEP][PASSED] - Alt butonlardan PDF Seçilenleri İndir butonuna tıklanır: Alt butonlardan PDF Seçilenleri İndir butonuna tıklanır

2021-11-18 11:48:13 - [MESSAGE][PASSED] - Alt butonlardan PDF Seçilenleri İndir butonuna tıklanır

2021-11-18 11:48:13 - [TEST_STEP][PASSED] - Popup mesajı Lütfen rapor bildiriminin gönderileceği e-posta adresini belirtiniz. içeriyor mu: Popup mesajı Lütfen rapor bildiriminin gönderileceği e-posta adresini belirtiniz. içeriyor mu

2021-11-18 11:48:13 - [MESSAGE][PASSED] - Popup mesajı Lütfen rapor bildiriminin gönderileceği e-posta adresini belirtiniz. içeriyor mu

2021-11-18 11:48:13 - [TEST_STEP][PASSED] - Popup email elogotest@gmail.com;ali.kara@logo.com.tr olarak girilir: Popup email elogotest@gmail.com;ali.kara@logo.com.tr olarak girilir

2021-11-18 11:48:13 - [MESSAGE][PASSED] - Popup email elogotest@gmail.com;ali.kara@logo.com.tr olarak girilir

2021-11-18 11:48:13 - [TEST_STEP][PASSED] - Yönetim popupında Gönder seçilir: Yönetim popupında Gönder seçilir

2021-11-18 11:48:13 - [MESSAGE][PASSED] - Yönetim popupında Gönder seçilir

2021-11-18 11:48:13 - [TEST_STEP][PASSED] - Popup mesajı talebiniz işleme alınmıştır içeriyor mu: Popup mesajı talebiniz işleme alınmıştır içeriyor mu

2021-11-18 11:48:13 - [MESSAGE][PASSED] - Popup mesajı talebiniz işleme alınmıştır içeriyor mu

2021-11-18 11:48:13 - [TEST_STEP][PASSED] - Yönetim popupında Tamam seçilir: Yönetim popupında Tamam seçilir

2021-11-18 11:48:13 - [MESSAGE][PASSED] - Yönetim popupında Tamam seçilir

2021-11-18 11:48:13 - [TEST_STEP][PASSED] - Butonlardan Toplu İndirme isimli butona tıklanır: Butonlardan Toplu İndirme isimli butona tıklanır

2021-11-18 11:48:13 - [MESSAGE][PASSED] - Butonlardan Toplu İndirme isimli butona tıklanır

2021-11-18 11:48:13 - [TEST_STEP][PASSED] - Alt butonlardan PDF Tümünü İndir butonuna tıklanır: Alt butonlardan PDF Tümünü İndir butonuna tıklanır

2021-11-18 11:48:13 - [MESSAGE][PASSED] - Alt butonlardan PDF Tümünü İndir butonuna tıklanır

2021-11-18 11:48:13 - [TEST_STEP][PASSED] - Popup mesajı Lütfen rapor bildiriminin gönderileceği e-posta adresini belirtiniz. içeriyor mu: Popup mesajı Lütfen rapor bildiriminin gönderileceği e-posta adresini belirtiniz. içeriyor mu

2021-11-18 11:48:13 - [MESSAGE][PASSED] - Popup mesajı Lütfen rapor bildiriminin gönderileceği e-posta adresini belirtiniz. içeriyor mu

2021-11-18 11:48:13 - [TEST_STEP][PASSED] - Popup email elogotest@gmail.com;ali.kara@logo.com.tr olarak girilir: Popup email elogotest@gmail.com;ali.kara@logo.com.tr olarak girilir

2021-11-18 11:48:13 - [MESSAGE][PASSED] - Popup email elogotest@gmail.com;ali.kara@logo.com.tr olarak girilir

2021-11-18 11:48:13 - [TEST_STEP][PASSED] - Yönetim popupında Gönder seçilir: Yönetim popupında Gönder seçilir

2021-11-18 11:48:13 - [MESSAGE][PASSED] - Yönetim popupında Gönder seçilir

2021-11-18 11:48:13 - [TEST_STEP][PASSED] - Popup mesajı talebiniz işleme alınmıştır içeriyor mu: Popup mesajı talebiniz işleme alınmıştır içeriyor mu

2021-11-18 11:48:13 - [MESSAGE][PASSED] - Popup mesajı talebiniz işleme alınmıştır içeriyor mu

2021-11-18 11:48:13 - [TEST_STEP][PASSED] - Yönetim popupında Tamam seçilir: Yönetim popupında Tamam seçilir

2021-11-18 11:48:13 - [MESSAGE][PASSED] - Yönetim popupında Tamam seçilir

2021-11-18 11:48:13 - [TEST_STEP][PASSED] - Butonlardan Toplu İndirme isimli butona tıklanır: Butonlardan Toplu İndirme isimli butona tıklanır

2021-11-18 11:48:13 - [MESSAGE][PASSED] - Butonlardan Toplu İndirme isimli butona tıklanır

2021-11-18 11:48:13 - [TEST_STEP][PASSED] - Alt butonlardan UBL Seçilenleri İndir butonuna tıklanır: Alt butonlardan UBL Seçilenleri İndir butonuna tıklanır

2021-11-18 11:48:13 - [MESSAGE][PASSED] - Alt butonlardan UBL Seçilenleri İndir butonuna tıklanır

2021-11-18 11:48:13 - [TEST_STEP][PASSED] - Popup mesajı Lütfen rapor bildiriminin gönderileceği e-posta adresini belirtiniz. içeriyor mu: Popup mesajı Lütfen rapor bildiriminin gönderileceği e-posta adresini belirtiniz. içeriyor mu

2021-11-18 11:48:13 - [MESSAGE][PASSED] - Popup mesajı Lütfen rapor bildiriminin gönderileceği e-posta adresini belirtiniz. içeriyor mu

2021-11-18 11:48:13 - [TEST_STEP][PASSED] - Popup email elogotest@gmail.com;ali.kara@logo.com.tr olarak girilir: Popup email elogotest@gmail.com;ali.kara@logo.com.tr olarak girilir

2021-11-18 11:48:13 - [MESSAGE][PASSED] - Popup email elogotest@gmail.com;ali.kara@logo.com.tr olarak girilir

2021-11-18 11:48:13 - [TEST_STEP][PASSED] - Yönetim popupında Gönder seçilir: Yönetim popupında Gönder seçilir

2021-11-18 11:48:13 - [MESSAGE][PASSED] - Yönetim popupında Gönder seçilir

2021-11-18 11:48:13 - [TEST_STEP][PASSED] - Popup mesajı talebiniz işleme alınmıştır içeriyor mu: Popup mesajı talebiniz işleme alınmıştır içeriyor mu

2021-11-18 11:48:13 - [MESSAGE][PASSED] - Popup mesajı talebiniz işleme alınmıştır içeriyor mu

2021-11-18 11:48:13 - [TEST_STEP][PASSED] - Yönetim popupında Tamam seçilir: Yönetim popupında Tamam seçilir

2021-11-18 11:48:13 - [MESSAGE][PASSED] - Yönetim popupında Tamam seçilir

2021-11-18 11:48:13 - [TEST_STEP][PASSED] - Butonlardan Toplu İndirme isimli butona tıklanır: Butonlardan Toplu İndirme isimli butona tıklanır

2021-11-18 11:48:13 - [MESSAGE][PASSED] - Butonlardan Toplu İndirme isimli butona tıklanır

2021-11-18 11:48:13 - [TEST_STEP][PASSED] - Alt butonlardan UBL Tümünü İndir butonuna tıklanır: Alt butonlardan UBL Tümünü İndir butonuna tıklanır

2021-11-18 11:48:13 - [MESSAGE][PASSED] - Alt butonlardan UBL Tümünü İndir butonuna tıklanır

2021-11-18 11:48:13 - [TEST_STEP][PASSED] - Popup mesajı Lütfen rapor bildiriminin gönderileceği e-posta adresini belirtiniz. içeriyor mu: Popup mesajı Lütfen rapor bildiriminin gönderileceği e-posta adresini belirtiniz. içeriyor mu

2021-11-18 11:48:13 - [MESSAGE][PASSED] - Popup mesajı Lütfen rapor bildiriminin gönderileceği e-posta adresini belirtiniz. içeriyor mu

2021-11-18 11:48:13 - [TEST_STEP][PASSED] - Popup email elogotest@gmail.com;ali.kara@logo.com.tr olarak girilir: Popup email elogotest@gmail.com;ali.kara@logo.com.tr olarak girilir

2021-11-18 11:48:13 - [MESSAGE][PASSED] - Popup email elogotest@gmail.com;ali.kara@logo.com.tr olarak girilir

2021-11-18 11:48:13 - [TEST_STEP][PASSED] - Yönetim popupında Gönder seçilir: Yönetim popupında Gönder seçilir

2021-11-18 11:48:13 - [MESSAGE][PASSED] - Yönetim popupında Gönder seçilir

2021-11-18 11:48:13 - [TEST_STEP][PASSED] - Popup mesajı talebiniz işleme alınmıştır içeriyor mu: Popup mesajı talebiniz işleme alınmıştır içeriyor mu

2021-11-18 11:48:13 - [MESSAGE][PASSED] - Popup mesajı talebiniz işleme alınmıştır içeriyor mu

2021-11-18 11:48:13 - [TEST_STEP][PASSED] - Yönetim popupında Tamam seçilir: Yönetim popupında Tamam seçilir

2021-11-18 11:48:13 - [MESSAGE][PASSED] - Yönetim popupında Tamam seçilir

2021-11-18 11:48:13 - [TEST_STEP][PASSED] - Ana menüden Raporlar seçilir: Ana menüden Raporlar seçilir

2021-11-18 11:48:13 - [MESSAGE][PASSED] - Ana menüden Raporlar seçilir

2021-11-18 11:48:13 - [TEST_STEP][PASSED] - Alt menüden Toplu Veri İndirme seçilir: Alt menüden Toplu Veri İndirme seçilir

2021-11-18 11:48:13 - [MESSAGE][PASSED] - Alt menüden Toplu Veri İndirme seçilir

2021-11-18 11:48:13 - [TEST_STEP][PASSED] - Filtrelerden Talep No filtresine Rapor No bilgisi yaz: Filtrelerden Talep No filtresine Rapor No bilgisi yaz

2021-11-18 11:48:13 - [MESSAGE][PASSED] - Filtrelerden Talep No filtresine Rapor No bilgisi yaz

2021-11-18 11:48:13 - [TEST_STEP][PASSED] - Filtre butonlarından Listele seçilir: Filtre butonlarından Listele seçilir

2021-11-18 11:48:13 - [MESSAGE][PASSED] - Filtre butonlarından Listele seçilir

2021-11-18 11:48:13 - [TEST_STEP][PASSED] - Tabloda veri var mı kontrol edilir: Tabloda veri var mı kontrol edilir

2021-11-18 11:48:13 - [MESSAGE][PASSED] - Tabloda veri var mı kontrol edilir

2021-11-18 11:48:13 - [TEST_STEP][PASSED] - Kullanıcı işlemlerinden Çıkış seçilir: Kullanıcı işlemlerinden Çıkış seçilir

2021-11-18 11:48:13 - [MESSAGE][PASSED] - Kullanıcı işlemlerinden Çıkış seçilir

2021-11-18 11:48:13 - [MESSAGE][PASSED] - Feature file: 'Include/features/e-Irsaliye/Giden Kutusu/Irsaliyeler/Toplu Indirme.feature' was passed

2021-11-18 11:48:13 - [TEST_STEP][PASSED] - Start listener action : sampleAfterTestSuite: Invoke 'com.kms.katalon.core.annotation.AfterTestCase' method: 'Listener.sampleAfterTestSuite(...)' completed.

2021-11-18 11:48:13 - [MESSAGE][INFO] - Starting invoke 'com.kms.katalon.core.annotation.AfterTestCase' method: 'Listener.sampleAfterTestSuite(...)'

2021-11-18 11:48:13 - [TEST_STEP][PASSED] - closeBrowser(): Invoke 'com.kms.katalon.core.annotation.AfterTestCase' method: 'Listener.sampleAfterTestSuite(...)' completed.

2021-11-18 11:48:13 - [MESSAGE][INFO] - Closing browser

2021-11-18 11:48:14 - [MESSAGE][PASSED] - Browser is closed

2021-11-18 11:48:14 - [MESSAGE][INFO] - Invoke 'com.kms.katalon.core.annotation.AfterTestCase' method: 'Listener.sampleAfterTestSuite(...)' completed.]]></system-out>
         <system-err><![CDATA[]]></system-err>
      </testcase>
      <testcase name="Test Cases/Case Repository/e-Makbuz/e-Mustahsil Uygulamasi/e-Mustahsil Makbuzlari/Excele Aktar" time="64.085" classname="Test Cases/Case Repository/e-Makbuz/e-Mustahsil Uygulamasi/e-Mustahsil Makbuzlari/Excele Aktar" status="PASSED">
         <system-out><![CDATA[2021-11-18 11:48:14 - [TEST_CASE][PASSED] - Test Cases/Case Repository/e-Makbuz/e-Mustahsil Uygulamasi/e-Mustahsil Makbuzlari/Excele Aktar: Test Cases/Case Repository/e-Makbuz/e-Mustahsil Uygulamasi/e-Mustahsil Makbuzlari/Excele Aktar

2021-11-18 11:48:14 - [TEST_STEP][PASSED] - Start listener action : sampleBeforeTestSuite: Invoke 'com.kms.katalon.core.annotation.BeforeTestCase' method: 'Listener.sampleBeforeTestSuite(...)' completed.

2021-11-18 11:48:14 - [MESSAGE][INFO] - Starting invoke 'com.kms.katalon.core.annotation.BeforeTestCase' method: 'Listener.sampleBeforeTestSuite(...)'

2021-11-18 11:48:14 - [TEST_STEP][PASSED] - openBrowser(baseUrl): Browser is opened with url: 'https://efatura-stage.elogo.com.tr/'

2021-11-18 11:48:14 - [MESSAGE][INFO] - Opening browser

2021-11-18 11:48:14 - [MESSAGE][INFO] - Starting 'Chrome' driver

2021-11-18 11:48:14 - [MESSAGE][INFO] - User set preference: ['prefs', '{download.default_directory=C:\otomasyondownfiles}']

2021-11-18 11:48:14 - [MESSAGE][INFO] - Action delay is set to 0 milliseconds

2021-11-18 11:48:15 - [MESSAGE][INFO] - Navigating browser to: 'https://efatura-stage.elogo.com.tr/'

2021-11-18 11:48:19 - [MESSAGE][PASSED] - Browser is opened with url: 'https://efatura-stage.elogo.com.tr/'

2021-11-18 11:48:19 - [TEST_STEP][PASSED] - maximizeWindow(): Invoke 'com.kms.katalon.core.annotation.BeforeTestCase' method: 'Listener.sampleBeforeTestSuite(...)' completed.

2021-11-18 11:48:19 - [MESSAGE][INFO] - Maximizing current window

2021-11-18 11:48:19 - [MESSAGE][PASSED] - Current window maximized

2021-11-18 11:48:19 - [MESSAGE][INFO] - Invoke 'com.kms.katalon.core.annotation.BeforeTestCase' method: 'Listener.sampleBeforeTestSuite(...)' completed.

2021-11-18 11:48:20 - [TEST_STEP][PASSED] - runFeatureFile("Include/features/e-Makbuz/e-Mustahsil Uygulamasi/e-Mustahsil Makbuzlari/Excele Aktar.feature"): Feature file: 'Include/features/e-Makbuz/e-Mustahsil Uygulamasi/e-Mustahsil Makbuzlari/Excele Aktar.feature' was passed

2021-11-18 11:48:20 - [MESSAGE][INFO] - Starting run keyword runFeatureFile: 'Include/features/e-Makbuz/e-Mustahsil Uygulamasi/e-Mustahsil Makbuzlari/Excele Aktar.feature' and extract report to folder: 'C:\Users\DELL\Documents\GitHub\EES_KatalonLogo\Reports\20211118_110909\Suite Repository\ExceleAktarVeTopluIndirme\20211118_110948/cucumber_report/1637225300082'...

2021-11-18 11:48:20 - [MESSAGE][INFO] - Glue: []

2021-11-18 11:48:21 - [MESSAGE][INFO] - Checking called Test Case

2021-11-18 11:48:21 - [MESSAGE][INFO] - Starting to call Test Case 'Test Cases/Sayfalar/Giris_Sayfasi/Login'

2021-11-18 11:48:21 - [TEST_CASE][PASSED] - Test Cases/Sayfalar/Giris_Sayfasi/Login: Test Cases/Sayfalar/Giris_Sayfasi/Login

2021-11-18 11:48:21 - [TEST_STEP][PASSED] - Sayfa_Basligi = getWindowTitle(): Current window's title is: 'LOGO e-Fatura'

2021-11-18 11:48:21 - [MESSAGE][INFO] - Getting current window's title

2021-11-18 11:48:21 - [MESSAGE][PASSED] - Current window's title is: 'LOGO e-Fatura'

2021-11-18 11:48:21 - [TEST_STEP][PASSED] - verifyMatch(Sayfa_Basligi, "LOGO e-Fatura", false): Actual text 'LOGO e-Fatura' and expected text 'LOGO e-Fatura' are matched 

2021-11-18 11:48:21 - [MESSAGE][INFO] - Matching actual text 'LOGO e-Fatura' with expected text 'LOGO e-Fatura'

2021-11-18 11:48:21 - [MESSAGE][PASSED] - Actual text 'LOGO e-Fatura' and expected text 'LOGO e-Fatura' are matched 

2021-11-18 11:48:21 - [TEST_STEP][PASSED] - sendKeys(findTestObject("Sayfalar/Giris_Sayfasi/Firma_Kodu"), KullaniciAdi): Keys 'ELOGO6' sent to object: 'Object Repository/Sayfalar/Giris_Sayfasi/Firma_Kodu'

2021-11-18 11:48:21 - [MESSAGE][INFO] - Finding Test Object 'Object Repository/Sayfalar/Giris_Sayfasi/Firma_Kodu'

2021-11-18 11:48:21 - [MESSAGE][INFO] - Sending keys 'ELOGO6' to object: 'Object Repository/Sayfalar/Giris_Sayfasi/Firma_Kodu'

2021-11-18 11:48:21 - [MESSAGE][INFO] - Finding web element from Test Object's properties

2021-11-18 11:48:21 - [MESSAGE][INFO] - Checking timeout

2021-11-18 11:48:21 - [MESSAGE][INFO] - Finding web element with id: 'Object Repository/Sayfalar/Giris_Sayfasi/Firma_Kodu' located by 'By.xpath: //*[@id = 'AccountName']' in '30' second(s)

2021-11-18 11:48:21 - [MESSAGE][INFO] - Smart Wait Function is triggered

2021-11-18 11:48:21 - [MESSAGE][INFO] - Found 1 web elements with id: 'Object Repository/Sayfalar/Giris_Sayfasi/Firma_Kodu' located by 'By.xpath: //*[@id = 'AccountName']' in '30' second(s)

2021-11-18 11:48:21 - [MESSAGE][PASSED] - Keys 'ELOGO6' sent to object: 'Object Repository/Sayfalar/Giris_Sayfasi/Firma_Kodu'

2021-11-18 11:48:21 - [TEST_STEP][PASSED] - sendKeys(findTestObject("Sayfalar/Giris_Sayfasi/Sifre"), Sifre): Keys '123456' sent to object: 'Object Repository/Sayfalar/Giris_Sayfasi/Sifre'

2021-11-18 11:48:21 - [MESSAGE][INFO] - Finding Test Object 'Object Repository/Sayfalar/Giris_Sayfasi/Sifre'

2021-11-18 11:48:21 - [MESSAGE][INFO] - Sending keys '123456' to object: 'Object Repository/Sayfalar/Giris_Sayfasi/Sifre'

2021-11-18 11:48:21 - [MESSAGE][INFO] - Finding web element from Test Object's properties

2021-11-18 11:48:21 - [MESSAGE][INFO] - Checking timeout

2021-11-18 11:48:21 - [MESSAGE][INFO] - Finding web element with id: 'Object Repository/Sayfalar/Giris_Sayfasi/Sifre' located by 'By.xpath: //*[@id = 'Password']' in '30' second(s)

2021-11-18 11:48:21 - [MESSAGE][INFO] - Smart Wait Function is triggered

2021-11-18 11:48:22 - [MESSAGE][INFO] - Found 1 web elements with id: 'Object Repository/Sayfalar/Giris_Sayfasi/Sifre' located by 'By.xpath: //*[@id = 'Password']' in '30' second(s)

2021-11-18 11:48:22 - [MESSAGE][PASSED] - Keys '123456' sent to object: 'Object Repository/Sayfalar/Giris_Sayfasi/Sifre'

2021-11-18 11:48:22 - [TEST_STEP][PASSED] - findWebElement(findTestObject("Sayfalar/Giris_Sayfasi/Giris_Butonu")).click(): Found 1 web elements with id: 'Object Repository/Sayfalar/Giris_Sayfasi/Giris_Butonu' located by 'By.cssSelector: #btnLogin' in '30' second(s)

2021-11-18 11:48:22 - [MESSAGE][INFO] - Finding Test Object 'Object Repository/Sayfalar/Giris_Sayfasi/Giris_Butonu'

2021-11-18 11:48:22 - [MESSAGE][INFO] - Finding web element from Test Object's properties

2021-11-18 11:48:22 - [MESSAGE][INFO] - Checking timeout

2021-11-18 11:48:22 - [MESSAGE][INFO] - Finding web element with id: 'Object Repository/Sayfalar/Giris_Sayfasi/Giris_Butonu' located by 'By.cssSelector: #btnLogin' in '30' second(s)

2021-11-18 11:48:22 - [MESSAGE][INFO] - Smart Wait Function is triggered

2021-11-18 11:48:22 - [MESSAGE][INFO] - Found 1 web elements with id: 'Object Repository/Sayfalar/Giris_Sayfasi/Giris_Butonu' located by 'By.cssSelector: #btnLogin' in '30' second(s)

2021-11-18 11:48:25 - [TEST_STEP][PASSED] - if (verifyElementPresent(findTestObject("Object Repository/Sayfalar/Giris_Sayfasi/RetveTamam_Butonu"), 5, OPTIONAL)): null

2021-11-18 11:48:25 - [MESSAGE][INFO] - Finding Test Object 'Object Repository/Sayfalar/Giris_Sayfasi/RetveTamam_Butonu'

2021-11-18 11:48:25 - [MESSAGE][INFO] - Checking object

2021-11-18 11:48:25 - [MESSAGE][INFO] - Finding web element from Test Object's properties

2021-11-18 11:48:25 - [MESSAGE][INFO] - Checking timeout

2021-11-18 11:48:25 - [MESSAGE][INFO] - Finding web element with id: 'Object Repository/Sayfalar/Giris_Sayfasi/RetveTamam_Butonu' located by 'By.xpath: //*[@class = 'btn btn-default']' in '5' second(s)

2021-11-18 11:48:25 - [MESSAGE][INFO] - Smart Wait Function is triggered

2021-11-18 11:48:26 - [MESSAGE][INFO] - Found 1 web elements with id: 'Object Repository/Sayfalar/Giris_Sayfasi/RetveTamam_Butonu' located by 'By.xpath: //*[@class = 'btn btn-default']' in '5' second(s)

2021-11-18 11:48:26 - [MESSAGE][PASSED] - Object 'Object Repository/Sayfalar/Giris_Sayfasi/RetveTamam_Butonu' is present

2021-11-18 11:48:26 - [TEST_STEP][PASSED] - click(findTestObject("Object Repository/Sayfalar/Giris_Sayfasi/RetveTamam_Butonu")): Object: 'Object Repository/Sayfalar/Giris_Sayfasi/RetveTamam_Butonu' is clicked on

2021-11-18 11:48:26 - [MESSAGE][INFO] - Finding Test Object 'Object Repository/Sayfalar/Giris_Sayfasi/RetveTamam_Butonu'

2021-11-18 11:48:26 - [MESSAGE][INFO] - Checking object

2021-11-18 11:48:26 - [MESSAGE][INFO] - Finding web element from Test Object's properties

2021-11-18 11:48:26 - [MESSAGE][INFO] - Checking timeout

2021-11-18 11:48:26 - [MESSAGE][INFO] - Finding web element with id: 'Object Repository/Sayfalar/Giris_Sayfasi/RetveTamam_Butonu' located by 'By.xpath: //*[@class = 'btn btn-default']' in '30' second(s)

2021-11-18 11:48:26 - [MESSAGE][INFO] - Smart Wait Function is triggered

2021-11-18 11:48:26 - [MESSAGE][INFO] - Found 1 web elements with id: 'Object Repository/Sayfalar/Giris_Sayfasi/RetveTamam_Butonu' located by 'By.xpath: //*[@class = 'btn btn-default']' in '30' second(s)

2021-11-18 11:48:26 - [MESSAGE][INFO] - Clicking on object: 'Object Repository/Sayfalar/Giris_Sayfasi/RetveTamam_Butonu'

2021-11-18 11:48:26 - [MESSAGE][PASSED] - Object: 'Object Repository/Sayfalar/Giris_Sayfasi/RetveTamam_Butonu' is clicked on

2021-11-18 11:48:26 - [TEST_STEP][PASSED] - click(findTestObject("Object Repository/Sayfalar/Giris_Sayfasi/RetveTamam_Butonu")): Object: 'Object Repository/Sayfalar/Giris_Sayfasi/RetveTamam_Butonu' is clicked on

2021-11-18 11:48:26 - [MESSAGE][INFO] - Finding Test Object 'Object Repository/Sayfalar/Giris_Sayfasi/RetveTamam_Butonu'

2021-11-18 11:48:26 - [MESSAGE][INFO] - Checking object

2021-11-18 11:48:26 - [MESSAGE][INFO] - Finding web element from Test Object's properties

2021-11-18 11:48:26 - [MESSAGE][INFO] - Checking timeout

2021-11-18 11:48:26 - [MESSAGE][INFO] - Finding web element with id: 'Object Repository/Sayfalar/Giris_Sayfasi/RetveTamam_Butonu' located by 'By.xpath: //*[@class = 'btn btn-default']' in '30' second(s)

2021-11-18 11:48:26 - [MESSAGE][INFO] - Smart Wait Function is triggered

2021-11-18 11:48:33 - [MESSAGE][INFO] - Found 1 web elements with id: 'Object Repository/Sayfalar/Giris_Sayfasi/RetveTamam_Butonu' located by 'By.xpath: //*[@class = 'btn btn-default']' in '30' second(s)

2021-11-18 11:48:33 - [MESSAGE][INFO] - Clicking on object: 'Object Repository/Sayfalar/Giris_Sayfasi/RetveTamam_Butonu'

2021-11-18 11:48:33 - [MESSAGE][PASSED] - Object: 'Object Repository/Sayfalar/Giris_Sayfasi/RetveTamam_Butonu' is clicked on

2021-11-18 11:48:33 - [TEST_STEP][PASSED] - if (verifyElementPresent(findTestObject("Sayfalar/Giris_Sayfasi/PopupOK"), 5, OPTIONAL)): null

2021-11-18 11:48:33 - [MESSAGE][INFO] - Finding Test Object 'Object Repository/Sayfalar/Giris_Sayfasi/PopupOK'

2021-11-18 11:48:33 - [MESSAGE][INFO] - Checking object

2021-11-18 11:48:33 - [MESSAGE][INFO] - Finding web element from Test Object's properties

2021-11-18 11:48:33 - [MESSAGE][INFO] - Checking timeout

2021-11-18 11:48:33 - [MESSAGE][INFO] - Finding web element with id: 'Object Repository/Sayfalar/Giris_Sayfasi/PopupOK' located by 'By.cssSelector: .btn.btn-success' in '5' second(s)

2021-11-18 11:48:33 - [MESSAGE][INFO] - Smart Wait Function is triggered

2021-11-18 11:48:34 - [MESSAGE][INFO] - Found 1 web elements with id: 'Object Repository/Sayfalar/Giris_Sayfasi/PopupOK' located by 'By.cssSelector: .btn.btn-success' in '5' second(s)

2021-11-18 11:48:34 - [MESSAGE][PASSED] - Object 'Object Repository/Sayfalar/Giris_Sayfasi/PopupOK' is present

2021-11-18 11:48:34 - [TEST_STEP][PASSED] - click(findTestObject("Object Repository/Sayfalar/Giris_Sayfasi/PopupCarpiGiris")): Object: 'Object Repository/Sayfalar/Giris_Sayfasi/PopupCarpiGiris' is clicked on

2021-11-18 11:48:34 - [MESSAGE][INFO] - Finding Test Object 'Object Repository/Sayfalar/Giris_Sayfasi/PopupCarpiGiris'

2021-11-18 11:48:34 - [MESSAGE][INFO] - Checking object

2021-11-18 11:48:34 - [MESSAGE][INFO] - Finding web element from Test Object's properties

2021-11-18 11:48:34 - [MESSAGE][INFO] - Checking timeout

2021-11-18 11:48:34 - [MESSAGE][INFO] - Finding web element with id: 'Object Repository/Sayfalar/Giris_Sayfasi/PopupCarpiGiris' located by 'By.cssSelector: .bootbox-close-button.close' in '30' second(s)

2021-11-18 11:48:34 - [MESSAGE][INFO] - Smart Wait Function is triggered

2021-11-18 11:48:34 - [MESSAGE][INFO] - Found 1 web elements with id: 'Object Repository/Sayfalar/Giris_Sayfasi/PopupCarpiGiris' located by 'By.cssSelector: .bootbox-close-button.close' in '30' second(s)

2021-11-18 11:48:34 - [MESSAGE][INFO] - Clicking on object: 'Object Repository/Sayfalar/Giris_Sayfasi/PopupCarpiGiris'

2021-11-18 11:48:34 - [MESSAGE][PASSED] - Object: 'Object Repository/Sayfalar/Giris_Sayfasi/PopupCarpiGiris' is clicked on

2021-11-18 11:48:34 - [TEST_STEP][PASSED] - verifyElementVisible(findTestObject("Object Repository/Kullanici_Islemleri/KullaniciIslemleri")): Object 'Object Repository/Kullanici_Islemleri/KullaniciIslemleri' is visible

2021-11-18 11:48:34 - [MESSAGE][INFO] - Finding Test Object 'Object Repository/Kullanici_Islemleri/KullaniciIslemleri'

2021-11-18 11:48:34 - [MESSAGE][INFO] - Checking object

2021-11-18 11:48:34 - [MESSAGE][INFO] - Finding web element from Test Object's properties

2021-11-18 11:48:34 - [MESSAGE][INFO] - Checking timeout

2021-11-18 11:48:34 - [MESSAGE][INFO] - Finding web element with id: 'Object Repository/Kullanici_Islemleri/KullaniciIslemleri' located by 'By.cssSelector: .dropdown>a>img' in '30' second(s)

2021-11-18 11:48:34 - [MESSAGE][INFO] - Smart Wait Function is triggered

2021-11-18 11:48:35 - [MESSAGE][INFO] - Found 1 web elements with id: 'Object Repository/Kullanici_Islemleri/KullaniciIslemleri' located by 'By.cssSelector: .dropdown>a>img' in '30' second(s)

2021-11-18 11:48:35 - [MESSAGE][PASSED] - Object 'Object Repository/Kullanici_Islemleri/KullaniciIslemleri' is visible

2021-11-18 11:48:35 - [MESSAGE][PASSED] - Call Test Case 'Test Cases/Sayfalar/Giris_Sayfasi/Login' successfully

2021-11-18 11:48:35 - [MESSAGE][INFO] - Checking called Test Case

2021-11-18 11:48:35 - [MESSAGE][INFO] - Starting to call Test Case 'Test Cases/Menu/AnaMenuSecimi'

2021-11-18 11:48:35 - [TEST_CASE][PASSED] - Test Cases/Menu/AnaMenuSecimi: Test Cases/Menu/AnaMenuSecimi

2021-11-18 11:48:35 - [TEST_STEP][PASSED] - Method.TextDegerineEsitElementeTikla(findTestObject("Menu/Ana_Menu"), Ana_Menu): Method.TextDegerineEsitElementeTikla is PASSED

2021-11-18 11:48:35 - [MESSAGE][INFO] - Finding Test Object 'Object Repository/Menu/Ana_Menu'

2021-11-18 11:48:35 - [MESSAGE][INFO] - Checking timeout

2021-11-18 11:48:35 - [MESSAGE][INFO] - Finding web element with id: 'Object Repository/Menu/Ana_Menu' located by 'By.xpath: //*[@class = 'dropdown-toggle']' in '10' second(s)

2021-11-18 11:48:35 - [MESSAGE][INFO] - Smart Wait Function is triggered

2021-11-18 11:48:35 - [MESSAGE][INFO] - Found 14 web elements with id: 'Object Repository/Menu/Ana_Menu' located by 'By.xpath: //*[@class = 'dropdown-toggle']' in '10' second(s)

2021-11-18 11:48:35 - [MESSAGE][PASSED] - Method.TextDegerineEsitElementeTikla is PASSED

2021-11-18 11:48:35 - [MESSAGE][PASSED] - Call Test Case 'Test Cases/Menu/AnaMenuSecimi' successfully

2021-11-18 11:48:35 - [MESSAGE][INFO] - Checking called Test Case

2021-11-18 11:48:35 - [MESSAGE][INFO] - Starting to call Test Case 'Test Cases/Menu/BasligaGoreAltMenuSecimi'

2021-11-18 11:48:36 - [TEST_CASE][PASSED] - Test Cases/Menu/BasligaGoreAltMenuSecimi: Test Cases/Menu/BasligaGoreAltMenuSecimi

2021-11-18 11:48:36 - [TEST_STEP][PASSED] - Method.TextDegerineEsitElementinAltindakiTextDegerineEsitOlanaTikla(findTestObject("Menu/Menu_Basligi"), findTestObject("Menu/Basliga_Gore_Alt_Menu"), Baslik, Alt_Menu): Method.TextDegerineEsitElementinAltindakiTextDegerineEsitOlanaTikla is PASSED

2021-11-18 11:48:36 - [MESSAGE][INFO] - Finding Test Object 'Object Repository/Menu/Menu_Basligi'

2021-11-18 11:48:36 - [MESSAGE][INFO] - Finding Test Object 'Object Repository/Menu/Basliga_Gore_Alt_Menu'

2021-11-18 11:48:36 - [MESSAGE][INFO] - Checking timeout

2021-11-18 11:48:36 - [MESSAGE][INFO] - Finding web element with id: 'Object Repository/Menu/Menu_Basligi' located by 'By.xpath: //li[@class='dropdown dropdown-large open']//li[@class='dropdown-header']' in '10' second(s)

2021-11-18 11:48:36 - [MESSAGE][INFO] - Smart Wait Function is triggered

2021-11-18 11:48:36 - [MESSAGE][INFO] - Found 2 web elements with id: 'Object Repository/Menu/Menu_Basligi' located by 'By.xpath: //li[@class='dropdown dropdown-large open']//li[@class='dropdown-header']' in '10' second(s)

2021-11-18 11:48:36 - [MESSAGE][INFO] - Smart Wait Function is triggered

2021-11-18 11:48:39 - [MESSAGE][PASSED] - Method.TextDegerineEsitElementinAltindakiTextDegerineEsitOlanaTikla is PASSED

2021-11-18 11:48:39 - [MESSAGE][PASSED] - Call Test Case 'Test Cases/Menu/BasligaGoreAltMenuSecimi' successfully

2021-11-18 11:48:39 - [MESSAGE][INFO] - Checking called Test Case

2021-11-18 11:48:39 - [MESSAGE][INFO] - Starting to call Test Case 'Test Cases/Filtreler/BaslangicYaz'

2021-11-18 11:48:39 - [TEST_CASE][PASSED] - Test Cases/Filtreler/BaslangicYaz: Test Cases/Filtreler/BaslangicYaz

2021-11-18 11:48:39 - [TEST_STEP][PASSED] - delay(3): Delayed 3 second(s)

2021-11-18 11:48:39 - [MESSAGE][INFO] - Delaying browser in 3 second(s)

2021-11-18 11:48:42 - [MESSAGE][PASSED] - Delayed 3 second(s)

2021-11-18 11:48:42 - [TEST_STEP][PASSED] - Method.TextDegerineEsitElementinAltindakineTikla(findTestObject("Filtreler/Basliklar"), findTestObject("Filtreler/Basliga_Gore_Baslangic_Image"), Filtre_Adi): Method.TextDegerineEsitElementinAltindakineTikla is PASSED

2021-11-18 11:48:42 - [MESSAGE][INFO] - Finding Test Object 'Object Repository/Filtreler/Basliklar'

2021-11-18 11:48:42 - [MESSAGE][INFO] - Finding Test Object 'Object Repository/Filtreler/Basliga_Gore_Baslangic_Image'

2021-11-18 11:48:42 - [MESSAGE][INFO] - Checking timeout

2021-11-18 11:48:42 - [MESSAGE][INFO] - Finding web element with id: 'Object Repository/Filtreler/Basliklar' located by 'By.cssSelector: .control-label.col-sm-4.paddingMarginRLC' in '10' second(s)

2021-11-18 11:48:42 - [MESSAGE][INFO] - Smart Wait Function is triggered

2021-11-18 11:48:43 - [MESSAGE][INFO] - Found 14 web elements with id: 'Object Repository/Filtreler/Basliklar' located by 'By.cssSelector: .control-label.col-sm-4.paddingMarginRLC' in '10' second(s)

2021-11-18 11:48:43 - [MESSAGE][INFO] - Smart Wait Function is triggered

2021-11-18 11:48:44 - [MESSAGE][PASSED] - Method.TextDegerineEsitElementinAltindakineTikla is PASSED

2021-11-18 11:48:44 - [TEST_STEP][PASSED] - Method.TextDegerineEsitElementinAltindakiTextboxtaYaz(findTestObject("Filtreler/Basliklar"), findTestObject("Filtreler/Basliga_Gore_Baslangic"), Filtre_Adi, Filtre_Degeri): Method.TextDegerineEsitElementinAltindakiTextboxtaYaz is PASSED

2021-11-18 11:48:44 - [MESSAGE][INFO] - Finding Test Object 'Object Repository/Filtreler/Basliklar'

2021-11-18 11:48:44 - [MESSAGE][INFO] - Finding Test Object 'Object Repository/Filtreler/Basliga_Gore_Baslangic'

2021-11-18 11:48:44 - [MESSAGE][INFO] - Checking timeout

2021-11-18 11:48:44 - [MESSAGE][INFO] - Finding web element with id: 'Object Repository/Filtreler/Basliklar' located by 'By.cssSelector: .control-label.col-sm-4.paddingMarginRLC' in '10' second(s)

2021-11-18 11:48:44 - [MESSAGE][INFO] - Smart Wait Function is triggered

2021-11-18 11:48:45 - [MESSAGE][INFO] - Found 14 web elements with id: 'Object Repository/Filtreler/Basliklar' located by 'By.cssSelector: .control-label.col-sm-4.paddingMarginRLC' in '10' second(s)

2021-11-18 11:48:45 - [MESSAGE][INFO] - Smart Wait Function is triggered

2021-11-18 11:48:45 - [MESSAGE][PASSED] - Method.TextDegerineEsitElementinAltindakiTextboxtaYaz is PASSED

2021-11-18 11:48:45 - [MESSAGE][PASSED] - Call Test Case 'Test Cases/Filtreler/BaslangicYaz' successfully

2021-11-18 11:48:45 - [MESSAGE][INFO] - Checking called Test Case

2021-11-18 11:48:45 - [MESSAGE][INFO] - Starting to call Test Case 'Test Cases/Filtreler/BitisYaz'

2021-11-18 11:48:45 - [TEST_CASE][PASSED] - Test Cases/Filtreler/BitisYaz: Test Cases/Filtreler/BitisYaz

2021-11-18 11:48:45 - [TEST_STEP][PASSED] - Method.TextDegerineEsitElementinAltindakineTikla(findTestObject("Filtreler/Basliklar"), findTestObject("Filtreler/Basliga_Gore_Bitis_Image"), Filtre_Adi): Method.TextDegerineEsitElementinAltindakineTikla is PASSED

2021-11-18 11:48:45 - [MESSAGE][INFO] - Finding Test Object 'Object Repository/Filtreler/Basliklar'

2021-11-18 11:48:45 - [MESSAGE][INFO] - Finding Test Object 'Object Repository/Filtreler/Basliga_Gore_Bitis_Image'

2021-11-18 11:48:46 - [MESSAGE][INFO] - Checking timeout

2021-11-18 11:48:46 - [MESSAGE][INFO] - Finding web element with id: 'Object Repository/Filtreler/Basliklar' located by 'By.cssSelector: .control-label.col-sm-4.paddingMarginRLC' in '10' second(s)

2021-11-18 11:48:46 - [MESSAGE][INFO] - Smart Wait Function is triggered

2021-11-18 11:48:46 - [MESSAGE][INFO] - Found 14 web elements with id: 'Object Repository/Filtreler/Basliklar' located by 'By.cssSelector: .control-label.col-sm-4.paddingMarginRLC' in '10' second(s)

2021-11-18 11:48:46 - [MESSAGE][INFO] - Smart Wait Function is triggered

2021-11-18 11:48:47 - [MESSAGE][PASSED] - Method.TextDegerineEsitElementinAltindakineTikla is PASSED

2021-11-18 11:48:47 - [TEST_STEP][PASSED] - Method.TextDegerineEsitElementinAltindakiTextboxtaYaz(findTestObject("Filtreler/Basliklar"), findTestObject("Object Repository/Filtreler/Basliga_Gore_Bitis"), Filtre_Adi, Filtre_Degeri): Method.TextDegerineEsitElementinAltindakiTextboxtaYaz is PASSED

2021-11-18 11:48:47 - [MESSAGE][INFO] - Finding Test Object 'Object Repository/Filtreler/Basliklar'

2021-11-18 11:48:47 - [MESSAGE][INFO] - Finding Test Object 'Object Repository/Filtreler/Basliga_Gore_Bitis'

2021-11-18 11:48:47 - [MESSAGE][INFO] - Checking timeout

2021-11-18 11:48:47 - [MESSAGE][INFO] - Finding web element with id: 'Object Repository/Filtreler/Basliklar' located by 'By.cssSelector: .control-label.col-sm-4.paddingMarginRLC' in '10' second(s)

2021-11-18 11:48:47 - [MESSAGE][INFO] - Smart Wait Function is triggered

2021-11-18 11:48:48 - [MESSAGE][INFO] - Found 14 web elements with id: 'Object Repository/Filtreler/Basliklar' located by 'By.cssSelector: .control-label.col-sm-4.paddingMarginRLC' in '10' second(s)

2021-11-18 11:48:48 - [MESSAGE][INFO] - Smart Wait Function is triggered

2021-11-18 11:48:49 - [MESSAGE][PASSED] - Method.TextDegerineEsitElementinAltindakiTextboxtaYaz is PASSED

2021-11-18 11:48:49 - [MESSAGE][PASSED] - Call Test Case 'Test Cases/Filtreler/BitisYaz' successfully

2021-11-18 11:48:49 - [MESSAGE][INFO] - Checking called Test Case

2021-11-18 11:48:49 - [MESSAGE][INFO] - Starting to call Test Case 'Test Cases/Filtreler/TexboxaYaz'

2021-11-18 11:48:49 - [TEST_CASE][PASSED] - Test Cases/Filtreler/TexboxaYaz: Test Cases/Filtreler/TexboxaYaz

2021-11-18 11:48:49 - [TEST_STEP][PASSED] - Method.TextDegerineEsitElementinAltindakiTextboxtaYaz(findTestObject("Filtreler/Basliklar"), findTestObject("Filtreler/Basliga_Gore_Textbox"), Filtre_Adi, Filtre_Degeri): Method.TextDegerineEsitElementinAltindakiTextboxtaYaz is PASSED

2021-11-18 11:48:49 - [MESSAGE][INFO] - Finding Test Object 'Object Repository/Filtreler/Basliklar'

2021-11-18 11:48:49 - [MESSAGE][INFO] - Finding Test Object 'Object Repository/Filtreler/Basliga_Gore_Textbox'

2021-11-18 11:48:49 - [MESSAGE][INFO] - Checking timeout

2021-11-18 11:48:49 - [MESSAGE][INFO] - Finding web element with id: 'Object Repository/Filtreler/Basliklar' located by 'By.cssSelector: .control-label.col-sm-4.paddingMarginRLC' in '10' second(s)

2021-11-18 11:48:49 - [MESSAGE][INFO] - Smart Wait Function is triggered

2021-11-18 11:48:50 - [MESSAGE][INFO] - Found 14 web elements with id: 'Object Repository/Filtreler/Basliklar' located by 'By.cssSelector: .control-label.col-sm-4.paddingMarginRLC' in '10' second(s)

2021-11-18 11:48:50 - [MESSAGE][INFO] - Smart Wait Function is triggered

2021-11-18 11:48:51 - [MESSAGE][PASSED] - Method.TextDegerineEsitElementinAltindakiTextboxtaYaz is PASSED

2021-11-18 11:48:51 - [MESSAGE][PASSED] - Call Test Case 'Test Cases/Filtreler/TexboxaYaz' successfully

2021-11-18 11:48:51 - [MESSAGE][INFO] - Checking called Test Case

2021-11-18 11:48:51 - [MESSAGE][INFO] - Starting to call Test Case 'Test Cases/Filtreler/ButonaTikla'

2021-11-18 11:48:51 - [TEST_CASE][PASSED] - Test Cases/Filtreler/ButonaTikla: Test Cases/Filtreler/ButonaTikla

2021-11-18 11:48:51 - [TEST_STEP][PASSED] - Method.TextDegerineEsitElementeTikla(findTestObject("Filtreler/Butonlar"), Filtre_Buton): Method.TextDegerineEsitElementeTikla is PASSED

2021-11-18 11:48:51 - [MESSAGE][INFO] - Finding Test Object 'Object Repository/Filtreler/Butonlar'

2021-11-18 11:48:51 - [MESSAGE][INFO] - Checking timeout

2021-11-18 11:48:51 - [MESSAGE][INFO] - Finding web element with id: 'Object Repository/Filtreler/Butonlar' located by 'By.cssSelector: .dxb>span' in '10' second(s)

2021-11-18 11:48:51 - [MESSAGE][INFO] - Smart Wait Function is triggered

2021-11-18 11:48:51 - [MESSAGE][INFO] - Found 3 web elements with id: 'Object Repository/Filtreler/Butonlar' located by 'By.cssSelector: .dxb>span' in '10' second(s)

2021-11-18 11:48:51 - [MESSAGE][PASSED] - Method.TextDegerineEsitElementeTikla is PASSED

2021-11-18 11:48:51 - [MESSAGE][PASSED] - Call Test Case 'Test Cases/Filtreler/ButonaTikla' successfully

2021-11-18 11:48:52 - [MESSAGE][INFO] - Checking called Test Case

2021-11-18 11:48:52 - [MESSAGE][INFO] - Starting to call Test Case 'Test Cases/Tablo/TablodaVeriVarMi'

2021-11-18 11:48:52 - [TEST_CASE][PASSED] - Test Cases/Tablo/TablodaVeriVarMi: Test Cases/Tablo/TablodaVeriVarMi

2021-11-18 11:48:52 - [TEST_STEP][PASSED] - verifyTextNotPresent("Görüntülenecek veri yok", true): Text 'Görüntülenecek veri yok' is not present on page using regular expression

2021-11-18 11:48:52 - [MESSAGE][INFO] - Checking text present  using regular expression

2021-11-18 11:48:52 - [MESSAGE][INFO] - Smart Wait Function is triggered

2021-11-18 11:48:53 - [MESSAGE][INFO] - Finding text 'Görüntülenecek veri yok' on page  using regular expression

2021-11-18 11:48:53 - [MESSAGE][PASSED] - Text 'Görüntülenecek veri yok' is not present on page using regular expression

2021-11-18 11:48:53 - [MESSAGE][PASSED] - Call Test Case 'Test Cases/Tablo/TablodaVeriVarMi' successfully

2021-11-18 11:48:53 - [MESSAGE][INFO] - Checking called Test Case

2021-11-18 11:48:53 - [MESSAGE][INFO] - Starting to call Test Case 'Test Cases/Tablo/TablodanVeriSec'

2021-11-18 11:48:53 - [TEST_CASE][PASSED] - Test Cases/Tablo/TablodanVeriSec: Test Cases/Tablo/TablodanVeriSec

2021-11-18 11:48:53 - [TEST_STEP][PASSED] - Method.TextDegerineEsitElementinAltindakineTikla(findTestObject("Tablo/Veriler"), findTestObject("Tablo/VerininCheckBoxi"), Veri_Adi): Method.TextDegerineEsitElementinAltindakineTikla is PASSED

2021-11-18 11:48:53 - [MESSAGE][INFO] - Finding Test Object 'Object Repository/Tablo/Veriler'

2021-11-18 11:48:53 - [MESSAGE][INFO] - Finding Test Object 'Object Repository/Tablo/VerininCheckBoxi'

2021-11-18 11:48:53 - [MESSAGE][INFO] - Checking timeout

2021-11-18 11:48:53 - [MESSAGE][INFO] - Finding web element with id: 'Object Repository/Tablo/Veriler' located by 'By.cssSelector: td.dxgv b ,td.dxgv' in '10' second(s)

2021-11-18 11:48:53 - [MESSAGE][INFO] - Smart Wait Function is triggered

2021-11-18 11:48:53 - [MESSAGE][INFO] - Found 13 web elements with id: 'Object Repository/Tablo/Veriler' located by 'By.cssSelector: td.dxgv b ,td.dxgv' in '10' second(s)

2021-11-18 11:48:53 - [MESSAGE][INFO] - Smart Wait Function is triggered

2021-11-18 11:48:54 - [MESSAGE][PASSED] - Method.TextDegerineEsitElementinAltindakineTikla is PASSED

2021-11-18 11:48:54 - [MESSAGE][PASSED] - Call Test Case 'Test Cases/Tablo/TablodanVeriSec' successfully

2021-11-18 11:48:54 - [MESSAGE][INFO] - Checking called Test Case

2021-11-18 11:48:54 - [MESSAGE][INFO] - Starting to call Test Case 'Test Cases/Butonlar/ButonaTikla'

2021-11-18 11:48:54 - [TEST_CASE][PASSED] - Test Cases/Butonlar/ButonaTikla: Test Cases/Butonlar/ButonaTikla

2021-11-18 11:48:54 - [TEST_STEP][PASSED] - Method.TextDegerineEsitElementeTiklaEquals(findTestObject("Butonlar/Butonlar"), Buton_Adi): Method.TextDegerineEsitElementeTiklaEquals is PASSED

2021-11-18 11:48:54 - [MESSAGE][INFO] - Finding Test Object 'Object Repository/Butonlar/Butonlar'

2021-11-18 11:48:54 - [MESSAGE][INFO] - Checking timeout

2021-11-18 11:48:54 - [MESSAGE][INFO] - Finding web element with id: 'Object Repository/Butonlar/Butonlar' located by 'By.cssSelector: .panel.panel-default.text-center.footerPanel .btn,.btn.btn-primary.btnControls' in '10' second(s)

2021-11-18 11:48:54 - [MESSAGE][INFO] - Smart Wait Function is triggered

2021-11-18 11:48:54 - [MESSAGE][INFO] - Found 13 web elements with id: 'Object Repository/Butonlar/Butonlar' located by 'By.cssSelector: .panel.panel-default.text-center.footerPanel .btn,.btn.btn-primary.btnControls' in '10' second(s)

2021-11-18 11:48:54 - [MESSAGE][PASSED] - Method.TextDegerineEsitElementeTiklaEquals is PASSED

2021-11-18 11:48:54 - [MESSAGE][PASSED] - Call Test Case 'Test Cases/Butonlar/ButonaTikla' successfully

2021-11-18 11:48:54 - [MESSAGE][INFO] - Checking called Test Case

2021-11-18 11:48:54 - [MESSAGE][INFO] - Starting to call Test Case 'Test Cases/Butonlar/AltButonaTikla'

2021-11-18 11:48:54 - [TEST_CASE][PASSED] - Test Cases/Butonlar/AltButonaTikla: Test Cases/Butonlar/AltButonaTikla

2021-11-18 11:48:54 - [TEST_STEP][PASSED] - Method.TextDegerineEsitElementeTikla(findTestObject("Butonlar/AltButonlar"), Alt_Buton): Method.TextDegerineEsitElementeTikla is PASSED

2021-11-18 11:48:54 - [MESSAGE][INFO] - Finding Test Object 'Object Repository/Butonlar/AltButonlar'

2021-11-18 11:48:55 - [MESSAGE][INFO] - Checking timeout

2021-11-18 11:48:55 - [MESSAGE][INFO] - Finding web element with id: 'Object Repository/Butonlar/AltButonlar' located by 'By.cssSelector: .btn-group.open li>a' in '10' second(s)

2021-11-18 11:48:55 - [MESSAGE][INFO] - Smart Wait Function is triggered

2021-11-18 11:48:55 - [MESSAGE][INFO] - Found 2 web elements with id: 'Object Repository/Butonlar/AltButonlar' located by 'By.cssSelector: .btn-group.open li>a' in '10' second(s)

2021-11-18 11:48:55 - [MESSAGE][PASSED] - Method.TextDegerineEsitElementeTikla is PASSED

2021-11-18 11:48:55 - [MESSAGE][PASSED] - Call Test Case 'Test Cases/Butonlar/AltButonaTikla' successfully

2021-11-18 11:48:55 - [MESSAGE][INFO] - Checking called Test Case

2021-11-18 11:48:55 - [MESSAGE][INFO] - Starting to call Test Case 'Test Cases/Popup/PopupMesajiIceriyorMu'

2021-11-18 11:48:55 - [TEST_CASE][PASSED] - Test Cases/Popup/PopupMesajiIceriyorMu: Test Cases/Popup/PopupMesajiIceriyorMu

2021-11-18 11:48:55 - [TEST_STEP][PASSED] - waitForElementVisible(findTestObject("Popup/Popup"), 10): Object 'Object Repository/Popup/Popup' is visible

2021-11-18 11:48:55 - [MESSAGE][INFO] - Finding Test Object 'Object Repository/Popup/Popup'

2021-11-18 11:48:55 - [MESSAGE][INFO] - Checking object

2021-11-18 11:48:55 - [MESSAGE][INFO] - Checking timeout

2021-11-18 11:48:55 - [MESSAGE][INFO] - Finding web element from Test Object's properties

2021-11-18 11:48:55 - [MESSAGE][INFO] - Checking timeout

2021-11-18 11:48:55 - [MESSAGE][INFO] - Finding web element with id: 'Object Repository/Popup/Popup' located by 'By.cssSelector: .bootbox-body' in '10' second(s)

2021-11-18 11:48:55 - [MESSAGE][INFO] - Smart Wait Function is triggered

2021-11-18 11:48:56 - [MESSAGE][INFO] - Found 1 web elements with id: 'Object Repository/Popup/Popup' located by 'By.cssSelector: .bootbox-body' in '10' second(s)

2021-11-18 11:48:56 - [MESSAGE][PASSED] - Object 'Object Repository/Popup/Popup' is visible

2021-11-18 11:48:56 - [TEST_STEP][PASSED] - if (!(getText(findTestObject("Popup/Popup")).contains(Mesaj))): Text of object 'Object Repository/Popup/Popup' is: 'Lütfen rapor bildiriminin gönderileceği e-posta adresini belirtiniz.
e-Posta Adresi'

2021-11-18 11:48:56 - [MESSAGE][INFO] - Finding Test Object 'Object Repository/Popup/Popup'

2021-11-18 11:48:56 - [MESSAGE][INFO] - Checking object

2021-11-18 11:48:56 - [MESSAGE][INFO] - Finding web element from Test Object's properties

2021-11-18 11:48:56 - [MESSAGE][INFO] - Checking timeout

2021-11-18 11:48:56 - [MESSAGE][INFO] - Finding web element with id: 'Object Repository/Popup/Popup' located by 'By.cssSelector: .bootbox-body' in '30' second(s)

2021-11-18 11:48:56 - [MESSAGE][INFO] - Smart Wait Function is triggered

2021-11-18 11:48:56 - [MESSAGE][INFO] - Found 1 web elements with id: 'Object Repository/Popup/Popup' located by 'By.cssSelector: .bootbox-body' in '30' second(s)

2021-11-18 11:48:56 - [MESSAGE][INFO] - Getting text of object 'Object Repository/Popup/Popup'

2021-11-18 11:48:56 - [MESSAGE][PASSED] - Text of object 'Object Repository/Popup/Popup' is: 'Lütfen rapor bildiriminin gönderileceği e-posta adresini belirtiniz.
e-Posta Adresi'

2021-11-18 11:48:56 - [TEST_STEP][PASSED] - RaporNo = getText(findTestObject("Popup/Popup")).substring(0, 6): Text of object 'Object Repository/Popup/Popup' is: 'Lütfen rapor bildiriminin gönderileceği e-posta adresini belirtiniz.
e-Posta Adresi'

2021-11-18 11:48:56 - [MESSAGE][INFO] - Finding Test Object 'Object Repository/Popup/Popup'

2021-11-18 11:48:56 - [MESSAGE][INFO] - Checking object

2021-11-18 11:48:56 - [MESSAGE][INFO] - Finding web element from Test Object's properties

2021-11-18 11:48:56 - [MESSAGE][INFO] - Checking timeout

2021-11-18 11:48:56 - [MESSAGE][INFO] - Finding web element with id: 'Object Repository/Popup/Popup' located by 'By.cssSelector: .bootbox-body' in '30' second(s)

2021-11-18 11:48:56 - [MESSAGE][INFO] - Smart Wait Function is triggered

2021-11-18 11:48:57 - [MESSAGE][INFO] - Found 1 web elements with id: 'Object Repository/Popup/Popup' located by 'By.cssSelector: .bootbox-body' in '30' second(s)

2021-11-18 11:48:57 - [MESSAGE][INFO] - Getting text of object 'Object Repository/Popup/Popup'

2021-11-18 11:48:57 - [MESSAGE][PASSED] - Text of object 'Object Repository/Popup/Popup' is: 'Lütfen rapor bildiriminin gönderileceği e-posta adresini belirtiniz.
e-Posta Adresi'

2021-11-18 11:48:57 - [TEST_STEP][PASSED] - Console.println(RaporNo): null

2021-11-18 11:48:57 - [MESSAGE][PASSED] - Call Test Case 'Test Cases/Popup/PopupMesajiIceriyorMu' successfully

2021-11-18 11:48:57 - [MESSAGE][INFO] - Checking called Test Case

2021-11-18 11:48:57 - [MESSAGE][INFO] - Starting to call Test Case 'Test Cases/Popup/PopupaEmailEklenir'

2021-11-18 11:48:57 - [TEST_CASE][PASSED] - Test Cases/Popup/PopupaEmailEklenir: Test Cases/Popup/PopupaEmailEklenir

2021-11-18 11:48:57 - [TEST_STEP][PASSED] - clearText(findTestObject("Popup/EmailText")): Text of object 'Object Repository/Popup/EmailText' is cleared

2021-11-18 11:48:57 - [MESSAGE][INFO] - Finding Test Object 'Object Repository/Popup/EmailText'

2021-11-18 11:48:57 - [MESSAGE][INFO] - Checking object

2021-11-18 11:48:57 - [MESSAGE][INFO] - Finding web element from Test Object's properties

2021-11-18 11:48:57 - [MESSAGE][INFO] - Checking timeout

2021-11-18 11:48:57 - [MESSAGE][INFO] - Finding web element with id: 'Object Repository/Popup/EmailText' located by 'By.xpath: //*[@id="eMails"]' in '30' second(s)

2021-11-18 11:48:57 - [MESSAGE][INFO] - Smart Wait Function is triggered

2021-11-18 11:48:57 - [MESSAGE][INFO] - Found 1 web elements with id: 'Object Repository/Popup/EmailText' located by 'By.xpath: //*[@id="eMails"]' in '30' second(s)

2021-11-18 11:48:57 - [MESSAGE][INFO] - Clearing text of object 'Object Repository/Popup/EmailText'

2021-11-18 11:48:57 - [MESSAGE][PASSED] - Text of object 'Object Repository/Popup/EmailText' is cleared

2021-11-18 11:48:57 - [TEST_STEP][PASSED] - sendKeys(findTestObject("Popup/EmailText"), Email): Keys 'elogotest@gmail.com;ali.kara@logo.com.tr' sent to object: 'Object Repository/Popup/EmailText'

2021-11-18 11:48:57 - [MESSAGE][INFO] - Finding Test Object 'Object Repository/Popup/EmailText'

2021-11-18 11:48:57 - [MESSAGE][INFO] - Sending keys 'elogotest@gmail.com;ali.kara@logo.com.tr' to object: 'Object Repository/Popup/EmailText'

2021-11-18 11:48:57 - [MESSAGE][INFO] - Finding web element from Test Object's properties

2021-11-18 11:48:57 - [MESSAGE][INFO] - Checking timeout

2021-11-18 11:48:57 - [MESSAGE][INFO] - Finding web element with id: 'Object Repository/Popup/EmailText' located by 'By.xpath: //*[@id="eMails"]' in '30' second(s)

2021-11-18 11:48:57 - [MESSAGE][INFO] - Smart Wait Function is triggered

2021-11-18 11:48:58 - [MESSAGE][INFO] - Found 1 web elements with id: 'Object Repository/Popup/EmailText' located by 'By.xpath: //*[@id="eMails"]' in '30' second(s)

2021-11-18 11:48:58 - [MESSAGE][PASSED] - Keys 'elogotest@gmail.com;ali.kara@logo.com.tr' sent to object: 'Object Repository/Popup/EmailText'

2021-11-18 11:48:58 - [MESSAGE][PASSED] - Call Test Case 'Test Cases/Popup/PopupaEmailEklenir' successfully

2021-11-18 11:48:58 - [MESSAGE][INFO] - Checking called Test Case

2021-11-18 11:48:58 - [MESSAGE][INFO] - Starting to call Test Case 'Test Cases/Popup/PopupButonSecilir'

2021-11-18 11:48:58 - [TEST_CASE][PASSED] - Test Cases/Popup/PopupButonSecilir: Test Cases/Popup/PopupButonSecilir

2021-11-18 11:48:58 - [TEST_STEP][PASSED] - Method.TextDegerineEsitElementeTikla(findTestObject("Popup/Popup_Butons"), Buton): Method.TextDegerineEsitElementeTikla is PASSED

2021-11-18 11:48:58 - [MESSAGE][INFO] - Finding Test Object 'Object Repository/Popup/Popup_Butons'

2021-11-18 11:48:58 - [MESSAGE][INFO] - Checking timeout

2021-11-18 11:48:58 - [MESSAGE][INFO] - Finding web element with id: 'Object Repository/Popup/Popup_Butons' located by 'By.cssSelector: .modal-footer>button' in '10' second(s)

2021-11-18 11:48:58 - [MESSAGE][INFO] - Smart Wait Function is triggered

2021-11-18 11:48:58 - [MESSAGE][INFO] - Found 2 web elements with id: 'Object Repository/Popup/Popup_Butons' located by 'By.cssSelector: .modal-footer>button' in '10' second(s)

2021-11-18 11:48:58 - [MESSAGE][PASSED] - Method.TextDegerineEsitElementeTikla is PASSED

2021-11-18 11:48:58 - [MESSAGE][PASSED] - Call Test Case 'Test Cases/Popup/PopupButonSecilir' successfully

2021-11-18 11:48:58 - [MESSAGE][INFO] - Checking called Test Case

2021-11-18 11:48:58 - [MESSAGE][INFO] - Starting to call Test Case 'Test Cases/Popup/PopupMesajiIceriyorMu'

2021-11-18 11:48:58 - [TEST_CASE][PASSED] - Test Cases/Popup/PopupMesajiIceriyorMu: Test Cases/Popup/PopupMesajiIceriyorMu

2021-11-18 11:48:58 - [TEST_STEP][PASSED] - waitForElementVisible(findTestObject("Popup/Popup"), 10): Object 'Object Repository/Popup/Popup' is visible

2021-11-18 11:48:58 - [MESSAGE][INFO] - Finding Test Object 'Object Repository/Popup/Popup'

2021-11-18 11:48:58 - [MESSAGE][INFO] - Checking object

2021-11-18 11:48:58 - [MESSAGE][INFO] - Checking timeout

2021-11-18 11:48:58 - [MESSAGE][INFO] - Finding web element from Test Object's properties

2021-11-18 11:48:58 - [MESSAGE][INFO] - Checking timeout

2021-11-18 11:48:58 - [MESSAGE][INFO] - Finding web element with id: 'Object Repository/Popup/Popup' located by 'By.cssSelector: .bootbox-body' in '10' second(s)

2021-11-18 11:48:58 - [MESSAGE][INFO] - Smart Wait Function is triggered

2021-11-18 11:48:59 - [MESSAGE][INFO] - Found 1 web elements with id: 'Object Repository/Popup/Popup' located by 'By.cssSelector: .bootbox-body' in '10' second(s)

2021-11-18 11:48:59 - [MESSAGE][PASSED] - Object 'Object Repository/Popup/Popup' is visible

2021-11-18 11:48:59 - [TEST_STEP][PASSED] - if (!(getText(findTestObject("Popup/Popup")).contains(Mesaj))): Text of object 'Object Repository/Popup/Popup' is: '17414 no’lu talebiniz işleme alınmıştır. Raporunuz hazırlandığında (elogotest@gmail.com;ali.kara@logo.com.tr) adresinize mail gönderilecektir.
Rapor durumunuzu Raporlar > Toplu Veri İndirme ekranından takip edebilir, hazırlandı durumundaki raporlarınızı ilgili menüden indirebilirsiniz.'

2021-11-18 11:48:59 - [MESSAGE][INFO] - Finding Test Object 'Object Repository/Popup/Popup'

2021-11-18 11:48:59 - [MESSAGE][INFO] - Checking object

2021-11-18 11:48:59 - [MESSAGE][INFO] - Finding web element from Test Object's properties

2021-11-18 11:48:59 - [MESSAGE][INFO] - Checking timeout

2021-11-18 11:48:59 - [MESSAGE][INFO] - Finding web element with id: 'Object Repository/Popup/Popup' located by 'By.cssSelector: .bootbox-body' in '30' second(s)

2021-11-18 11:48:59 - [MESSAGE][INFO] - Smart Wait Function is triggered

2021-11-18 11:48:59 - [MESSAGE][INFO] - Found 1 web elements with id: 'Object Repository/Popup/Popup' located by 'By.cssSelector: .bootbox-body' in '30' second(s)

2021-11-18 11:48:59 - [MESSAGE][INFO] - Getting text of object 'Object Repository/Popup/Popup'

2021-11-18 11:48:59 - [MESSAGE][PASSED] - Text of object 'Object Repository/Popup/Popup' is: '17414 no’lu talebiniz işleme alınmıştır. Raporunuz hazırlandığında (elogotest@gmail.com;ali.kara@logo.com.tr) adresinize mail gönderilecektir.
Rapor durumunuzu Raporlar > Toplu Veri İndirme ekranından takip edebilir, hazırlandı durumundaki raporlarınızı ilgili menüden indirebilirsiniz.'

2021-11-18 11:48:59 - [TEST_STEP][PASSED] - RaporNo = getText(findTestObject("Popup/Popup")).substring(0, 6): Text of object 'Object Repository/Popup/Popup' is: '17414 no’lu talebiniz işleme alınmıştır. Raporunuz hazırlandığında (elogotest@gmail.com;ali.kara@logo.com.tr) adresinize mail gönderilecektir.
Rapor durumunuzu Raporlar > Toplu Veri İndirme ekranından takip edebilir, hazırlandı durumundaki raporlarınızı ilgili menüden indirebilirsiniz.'

2021-11-18 11:48:59 - [MESSAGE][INFO] - Finding Test Object 'Object Repository/Popup/Popup'

2021-11-18 11:49:00 - [MESSAGE][INFO] - Checking object

2021-11-18 11:49:00 - [MESSAGE][INFO] - Finding web element from Test Object's properties

2021-11-18 11:49:00 - [MESSAGE][INFO] - Checking timeout

2021-11-18 11:49:00 - [MESSAGE][INFO] - Finding web element with id: 'Object Repository/Popup/Popup' located by 'By.cssSelector: .bootbox-body' in '30' second(s)

2021-11-18 11:49:00 - [MESSAGE][INFO] - Smart Wait Function is triggered

2021-11-18 11:49:00 - [MESSAGE][INFO] - Found 1 web elements with id: 'Object Repository/Popup/Popup' located by 'By.cssSelector: .bootbox-body' in '30' second(s)

2021-11-18 11:49:00 - [MESSAGE][INFO] - Getting text of object 'Object Repository/Popup/Popup'

2021-11-18 11:49:00 - [MESSAGE][PASSED] - Text of object 'Object Repository/Popup/Popup' is: '17414 no’lu talebiniz işleme alınmıştır. Raporunuz hazırlandığında (elogotest@gmail.com;ali.kara@logo.com.tr) adresinize mail gönderilecektir.
Rapor durumunuzu Raporlar > Toplu Veri İndirme ekranından takip edebilir, hazırlandı durumundaki raporlarınızı ilgili menüden indirebilirsiniz.'

2021-11-18 11:49:00 - [TEST_STEP][PASSED] - Console.println(RaporNo): null

2021-11-18 11:49:00 - [MESSAGE][PASSED] - Call Test Case 'Test Cases/Popup/PopupMesajiIceriyorMu' successfully

2021-11-18 11:49:00 - [MESSAGE][INFO] - Checking called Test Case

2021-11-18 11:49:00 - [MESSAGE][INFO] - Starting to call Test Case 'Test Cases/Popup/PopupButonSecilir'

2021-11-18 11:49:00 - [TEST_CASE][PASSED] - Test Cases/Popup/PopupButonSecilir: Test Cases/Popup/PopupButonSecilir

2021-11-18 11:49:00 - [TEST_STEP][PASSED] - Method.TextDegerineEsitElementeTikla(findTestObject("Popup/Popup_Butons"), Buton): Method.TextDegerineEsitElementeTikla is PASSED

2021-11-18 11:49:00 - [MESSAGE][INFO] - Finding Test Object 'Object Repository/Popup/Popup_Butons'

2021-11-18 11:49:00 - [MESSAGE][INFO] - Checking timeout

2021-11-18 11:49:00 - [MESSAGE][INFO] - Finding web element with id: 'Object Repository/Popup/Popup_Butons' located by 'By.cssSelector: .modal-footer>button' in '10' second(s)

2021-11-18 11:49:00 - [MESSAGE][INFO] - Smart Wait Function is triggered

2021-11-18 11:49:00 - [MESSAGE][INFO] - Found 1 web elements with id: 'Object Repository/Popup/Popup_Butons' located by 'By.cssSelector: .modal-footer>button' in '10' second(s)

2021-11-18 11:49:00 - [MESSAGE][PASSED] - Method.TextDegerineEsitElementeTikla is PASSED

2021-11-18 11:49:00 - [MESSAGE][PASSED] - Call Test Case 'Test Cases/Popup/PopupButonSecilir' successfully

2021-11-18 11:49:00 - [MESSAGE][INFO] - Checking called Test Case

2021-11-18 11:49:00 - [MESSAGE][INFO] - Starting to call Test Case 'Test Cases/Butonlar/ButonaTikla'

2021-11-18 11:49:00 - [TEST_CASE][PASSED] - Test Cases/Butonlar/ButonaTikla: Test Cases/Butonlar/ButonaTikla

2021-11-18 11:49:00 - [TEST_STEP][PASSED] - Method.TextDegerineEsitElementeTiklaEquals(findTestObject("Butonlar/Butonlar"), Buton_Adi): Method.TextDegerineEsitElementeTiklaEquals is PASSED

2021-11-18 11:49:00 - [MESSAGE][INFO] - Finding Test Object 'Object Repository/Butonlar/Butonlar'

2021-11-18 11:49:01 - [MESSAGE][INFO] - Checking timeout

2021-11-18 11:49:01 - [MESSAGE][INFO] - Finding web element with id: 'Object Repository/Butonlar/Butonlar' located by 'By.cssSelector: .panel.panel-default.text-center.footerPanel .btn,.btn.btn-primary.btnControls' in '10' second(s)

2021-11-18 11:49:01 - [MESSAGE][INFO] - Smart Wait Function is triggered

2021-11-18 11:49:01 - [MESSAGE][INFO] - Found 13 web elements with id: 'Object Repository/Butonlar/Butonlar' located by 'By.cssSelector: .panel.panel-default.text-center.footerPanel .btn,.btn.btn-primary.btnControls' in '10' second(s)

2021-11-18 11:49:01 - [MESSAGE][PASSED] - Method.TextDegerineEsitElementeTiklaEquals is PASSED

2021-11-18 11:49:01 - [MESSAGE][PASSED] - Call Test Case 'Test Cases/Butonlar/ButonaTikla' successfully

2021-11-18 11:49:01 - [MESSAGE][INFO] - Checking called Test Case

2021-11-18 11:49:01 - [MESSAGE][INFO] - Starting to call Test Case 'Test Cases/Butonlar/AltButonaTikla'

2021-11-18 11:49:01 - [TEST_CASE][PASSED] - Test Cases/Butonlar/AltButonaTikla: Test Cases/Butonlar/AltButonaTikla

2021-11-18 11:49:01 - [TEST_STEP][PASSED] - Method.TextDegerineEsitElementeTikla(findTestObject("Butonlar/AltButonlar"), Alt_Buton): Method.TextDegerineEsitElementeTikla is PASSED

2021-11-18 11:49:01 - [MESSAGE][INFO] - Finding Test Object 'Object Repository/Butonlar/AltButonlar'

2021-11-18 11:49:01 - [MESSAGE][INFO] - Checking timeout

2021-11-18 11:49:01 - [MESSAGE][INFO] - Finding web element with id: 'Object Repository/Butonlar/AltButonlar' located by 'By.cssSelector: .btn-group.open li>a' in '10' second(s)

2021-11-18 11:49:01 - [MESSAGE][INFO] - Smart Wait Function is triggered

2021-11-18 11:49:02 - [MESSAGE][INFO] - Found 2 web elements with id: 'Object Repository/Butonlar/AltButonlar' located by 'By.cssSelector: .btn-group.open li>a' in '10' second(s)

2021-11-18 11:49:02 - [MESSAGE][PASSED] - Method.TextDegerineEsitElementeTikla is PASSED

2021-11-18 11:49:02 - [MESSAGE][PASSED] - Call Test Case 'Test Cases/Butonlar/AltButonaTikla' successfully

2021-11-18 11:49:02 - [MESSAGE][INFO] - Checking called Test Case

2021-11-18 11:49:02 - [MESSAGE][INFO] - Starting to call Test Case 'Test Cases/Popup/PopupMesajiIceriyorMu'

2021-11-18 11:49:02 - [TEST_CASE][PASSED] - Test Cases/Popup/PopupMesajiIceriyorMu: Test Cases/Popup/PopupMesajiIceriyorMu

2021-11-18 11:49:02 - [TEST_STEP][PASSED] - waitForElementVisible(findTestObject("Popup/Popup"), 10): Object 'Object Repository/Popup/Popup' is visible

2021-11-18 11:49:02 - [MESSAGE][INFO] - Finding Test Object 'Object Repository/Popup/Popup'

2021-11-18 11:49:02 - [MESSAGE][INFO] - Checking object

2021-11-18 11:49:02 - [MESSAGE][INFO] - Checking timeout

2021-11-18 11:49:02 - [MESSAGE][INFO] - Finding web element from Test Object's properties

2021-11-18 11:49:02 - [MESSAGE][INFO] - Checking timeout

2021-11-18 11:49:02 - [MESSAGE][INFO] - Finding web element with id: 'Object Repository/Popup/Popup' located by 'By.cssSelector: .bootbox-body' in '10' second(s)

2021-11-18 11:49:02 - [MESSAGE][INFO] - Smart Wait Function is triggered

2021-11-18 11:49:02 - [MESSAGE][INFO] - Found 1 web elements with id: 'Object Repository/Popup/Popup' located by 'By.cssSelector: .bootbox-body' in '10' second(s)

2021-11-18 11:49:02 - [MESSAGE][PASSED] - Object 'Object Repository/Popup/Popup' is visible

2021-11-18 11:49:02 - [TEST_STEP][PASSED] - if (!(getText(findTestObject("Popup/Popup")).contains(Mesaj))): Text of object 'Object Repository/Popup/Popup' is: 'Lütfen rapor bildiriminin gönderileceği e-posta adresini belirtiniz.
e-Posta Adresi'

2021-11-18 11:49:02 - [MESSAGE][INFO] - Finding Test Object 'Object Repository/Popup/Popup'

2021-11-18 11:49:02 - [MESSAGE][INFO] - Checking object

2021-11-18 11:49:02 - [MESSAGE][INFO] - Finding web element from Test Object's properties

2021-11-18 11:49:02 - [MESSAGE][INFO] - Checking timeout

2021-11-18 11:49:02 - [MESSAGE][INFO] - Finding web element with id: 'Object Repository/Popup/Popup' located by 'By.cssSelector: .bootbox-body' in '30' second(s)

2021-11-18 11:49:02 - [MESSAGE][INFO] - Smart Wait Function is triggered

2021-11-18 11:49:03 - [MESSAGE][INFO] - Found 1 web elements with id: 'Object Repository/Popup/Popup' located by 'By.cssSelector: .bootbox-body' in '30' second(s)

2021-11-18 11:49:03 - [MESSAGE][INFO] - Getting text of object 'Object Repository/Popup/Popup'

2021-11-18 11:49:03 - [MESSAGE][PASSED] - Text of object 'Object Repository/Popup/Popup' is: 'Lütfen rapor bildiriminin gönderileceği e-posta adresini belirtiniz.
e-Posta Adresi'

2021-11-18 11:49:03 - [TEST_STEP][PASSED] - RaporNo = getText(findTestObject("Popup/Popup")).substring(0, 6): Text of object 'Object Repository/Popup/Popup' is: 'Lütfen rapor bildiriminin gönderileceği e-posta adresini belirtiniz.
e-Posta Adresi'

2021-11-18 11:49:03 - [MESSAGE][INFO] - Finding Test Object 'Object Repository/Popup/Popup'

2021-11-18 11:49:03 - [MESSAGE][INFO] - Checking object

2021-11-18 11:49:03 - [MESSAGE][INFO] - Finding web element from Test Object's properties

2021-11-18 11:49:03 - [MESSAGE][INFO] - Checking timeout

2021-11-18 11:49:03 - [MESSAGE][INFO] - Finding web element with id: 'Object Repository/Popup/Popup' located by 'By.cssSelector: .bootbox-body' in '30' second(s)

2021-11-18 11:49:03 - [MESSAGE][INFO] - Smart Wait Function is triggered

2021-11-18 11:49:03 - [MESSAGE][INFO] - Found 1 web elements with id: 'Object Repository/Popup/Popup' located by 'By.cssSelector: .bootbox-body' in '30' second(s)

2021-11-18 11:49:03 - [MESSAGE][INFO] - Getting text of object 'Object Repository/Popup/Popup'

2021-11-18 11:49:03 - [MESSAGE][PASSED] - Text of object 'Object Repository/Popup/Popup' is: 'Lütfen rapor bildiriminin gönderileceği e-posta adresini belirtiniz.
e-Posta Adresi'

2021-11-18 11:49:03 - [TEST_STEP][PASSED] - Console.println(RaporNo): null

2021-11-18 11:49:03 - [MESSAGE][PASSED] - Call Test Case 'Test Cases/Popup/PopupMesajiIceriyorMu' successfully

2021-11-18 11:49:03 - [MESSAGE][INFO] - Checking called Test Case

2021-11-18 11:49:03 - [MESSAGE][INFO] - Starting to call Test Case 'Test Cases/Popup/PopupaEmailEklenir'

2021-11-18 11:49:03 - [TEST_CASE][PASSED] - Test Cases/Popup/PopupaEmailEklenir: Test Cases/Popup/PopupaEmailEklenir

2021-11-18 11:49:03 - [TEST_STEP][PASSED] - clearText(findTestObject("Popup/EmailText")): Text of object 'Object Repository/Popup/EmailText' is cleared

2021-11-18 11:49:03 - [MESSAGE][INFO] - Finding Test Object 'Object Repository/Popup/EmailText'

2021-11-18 11:49:03 - [MESSAGE][INFO] - Checking object

2021-11-18 11:49:03 - [MESSAGE][INFO] - Finding web element from Test Object's properties

2021-11-18 11:49:03 - [MESSAGE][INFO] - Checking timeout

2021-11-18 11:49:03 - [MESSAGE][INFO] - Finding web element with id: 'Object Repository/Popup/EmailText' located by 'By.xpath: //*[@id="eMails"]' in '30' second(s)

2021-11-18 11:49:03 - [MESSAGE][INFO] - Smart Wait Function is triggered

2021-11-18 11:49:03 - [MESSAGE][INFO] - Found 1 web elements with id: 'Object Repository/Popup/EmailText' located by 'By.xpath: //*[@id="eMails"]' in '30' second(s)

2021-11-18 11:49:03 - [MESSAGE][INFO] - Clearing text of object 'Object Repository/Popup/EmailText'

2021-11-18 11:49:04 - [MESSAGE][PASSED] - Text of object 'Object Repository/Popup/EmailText' is cleared

2021-11-18 11:49:04 - [TEST_STEP][PASSED] - sendKeys(findTestObject("Popup/EmailText"), Email): Keys 'elogotest@gmail.com;ali.kara@logo.com.tr' sent to object: 'Object Repository/Popup/EmailText'

2021-11-18 11:49:04 - [MESSAGE][INFO] - Finding Test Object 'Object Repository/Popup/EmailText'

2021-11-18 11:49:04 - [MESSAGE][INFO] - Sending keys 'elogotest@gmail.com;ali.kara@logo.com.tr' to object: 'Object Repository/Popup/EmailText'

2021-11-18 11:49:04 - [MESSAGE][INFO] - Finding web element from Test Object's properties

2021-11-18 11:49:04 - [MESSAGE][INFO] - Checking timeout

2021-11-18 11:49:04 - [MESSAGE][INFO] - Finding web element with id: 'Object Repository/Popup/EmailText' located by 'By.xpath: //*[@id="eMails"]' in '30' second(s)

2021-11-18 11:49:04 - [MESSAGE][INFO] - Smart Wait Function is triggered

2021-11-18 11:49:04 - [MESSAGE][INFO] - Found 1 web elements with id: 'Object Repository/Popup/EmailText' located by 'By.xpath: //*[@id="eMails"]' in '30' second(s)

2021-11-18 11:49:04 - [MESSAGE][PASSED] - Keys 'elogotest@gmail.com;ali.kara@logo.com.tr' sent to object: 'Object Repository/Popup/EmailText'

2021-11-18 11:49:04 - [MESSAGE][PASSED] - Call Test Case 'Test Cases/Popup/PopupaEmailEklenir' successfully

2021-11-18 11:49:04 - [MESSAGE][INFO] - Checking called Test Case

2021-11-18 11:49:04 - [MESSAGE][INFO] - Starting to call Test Case 'Test Cases/Popup/PopupButonSecilir'

2021-11-18 11:49:04 - [TEST_CASE][PASSED] - Test Cases/Popup/PopupButonSecilir: Test Cases/Popup/PopupButonSecilir

2021-11-18 11:49:04 - [TEST_STEP][PASSED] - Method.TextDegerineEsitElementeTikla(findTestObject("Popup/Popup_Butons"), Buton): Method.TextDegerineEsitElementeTikla is PASSED

2021-11-18 11:49:04 - [MESSAGE][INFO] - Finding Test Object 'Object Repository/Popup/Popup_Butons'

2021-11-18 11:49:04 - [MESSAGE][INFO] - Checking timeout

2021-11-18 11:49:04 - [MESSAGE][INFO] - Finding web element with id: 'Object Repository/Popup/Popup_Butons' located by 'By.cssSelector: .modal-footer>button' in '10' second(s)

2021-11-18 11:49:04 - [MESSAGE][INFO] - Smart Wait Function is triggered

2021-11-18 11:49:04 - [MESSAGE][INFO] - Found 2 web elements with id: 'Object Repository/Popup/Popup_Butons' located by 'By.cssSelector: .modal-footer>button' in '10' second(s)

2021-11-18 11:49:05 - [MESSAGE][PASSED] - Method.TextDegerineEsitElementeTikla is PASSED

2021-11-18 11:49:05 - [MESSAGE][PASSED] - Call Test Case 'Test Cases/Popup/PopupButonSecilir' successfully

2021-11-18 11:49:05 - [MESSAGE][INFO] - Checking called Test Case

2021-11-18 11:49:05 - [MESSAGE][INFO] - Starting to call Test Case 'Test Cases/Popup/PopupMesajiIceriyorMu'

2021-11-18 11:49:05 - [TEST_CASE][PASSED] - Test Cases/Popup/PopupMesajiIceriyorMu: Test Cases/Popup/PopupMesajiIceriyorMu

2021-11-18 11:49:05 - [TEST_STEP][PASSED] - waitForElementVisible(findTestObject("Popup/Popup"), 10): Object 'Object Repository/Popup/Popup' is visible

2021-11-18 11:49:05 - [MESSAGE][INFO] - Finding Test Object 'Object Repository/Popup/Popup'

2021-11-18 11:49:05 - [MESSAGE][INFO] - Checking object

2021-11-18 11:49:05 - [MESSAGE][INFO] - Checking timeout

2021-11-18 11:49:05 - [MESSAGE][INFO] - Finding web element from Test Object's properties

2021-11-18 11:49:05 - [MESSAGE][INFO] - Checking timeout

2021-11-18 11:49:05 - [MESSAGE][INFO] - Finding web element with id: 'Object Repository/Popup/Popup' located by 'By.cssSelector: .bootbox-body' in '10' second(s)

2021-11-18 11:49:05 - [MESSAGE][INFO] - Smart Wait Function is triggered

2021-11-18 11:49:05 - [MESSAGE][INFO] - Found 1 web elements with id: 'Object Repository/Popup/Popup' located by 'By.cssSelector: .bootbox-body' in '10' second(s)

2021-11-18 11:49:05 - [MESSAGE][PASSED] - Object 'Object Repository/Popup/Popup' is visible

2021-11-18 11:49:05 - [TEST_STEP][PASSED] - if (!(getText(findTestObject("Popup/Popup")).contains(Mesaj))): Text of object 'Object Repository/Popup/Popup' is: '17416 no’lu talebiniz işleme alınmıştır. Raporunuz hazırlandığında (elogotest@gmail.com;ali.kara@logo.com.tr) adresinize mail gönderilecektir.
Rapor durumunuzu Raporlar > Toplu Veri İndirme ekranından takip edebilir, hazırlandı durumundaki raporlarınızı ilgili menüden indirebilirsiniz.'

2021-11-18 11:49:05 - [MESSAGE][INFO] - Finding Test Object 'Object Repository/Popup/Popup'

2021-11-18 11:49:06 - [MESSAGE][INFO] - Checking object

2021-11-18 11:49:06 - [MESSAGE][INFO] - Finding web element from Test Object's properties

2021-11-18 11:49:06 - [MESSAGE][INFO] - Checking timeout

2021-11-18 11:49:06 - [MESSAGE][INFO] - Finding web element with id: 'Object Repository/Popup/Popup' located by 'By.cssSelector: .bootbox-body' in '30' second(s)

2021-11-18 11:49:06 - [MESSAGE][INFO] - Smart Wait Function is triggered

2021-11-18 11:49:06 - [MESSAGE][INFO] - Found 1 web elements with id: 'Object Repository/Popup/Popup' located by 'By.cssSelector: .bootbox-body' in '30' second(s)

2021-11-18 11:49:06 - [MESSAGE][INFO] - Getting text of object 'Object Repository/Popup/Popup'

2021-11-18 11:49:06 - [MESSAGE][PASSED] - Text of object 'Object Repository/Popup/Popup' is: '17416 no’lu talebiniz işleme alınmıştır. Raporunuz hazırlandığında (elogotest@gmail.com;ali.kara@logo.com.tr) adresinize mail gönderilecektir.
Rapor durumunuzu Raporlar > Toplu Veri İndirme ekranından takip edebilir, hazırlandı durumundaki raporlarınızı ilgili menüden indirebilirsiniz.'

2021-11-18 11:49:06 - [TEST_STEP][PASSED] - RaporNo = getText(findTestObject("Popup/Popup")).substring(0, 6): Text of object 'Object Repository/Popup/Popup' is: '17416 no’lu talebiniz işleme alınmıştır. Raporunuz hazırlandığında (elogotest@gmail.com;ali.kara@logo.com.tr) adresinize mail gönderilecektir.
Rapor durumunuzu Raporlar > Toplu Veri İndirme ekranından takip edebilir, hazırlandı durumundaki raporlarınızı ilgili menüden indirebilirsiniz.'

2021-11-18 11:49:06 - [MESSAGE][INFO] - Finding Test Object 'Object Repository/Popup/Popup'

2021-11-18 11:49:06 - [MESSAGE][INFO] - Checking object

2021-11-18 11:49:06 - [MESSAGE][INFO] - Finding web element from Test Object's properties

2021-11-18 11:49:06 - [MESSAGE][INFO] - Checking timeout

2021-11-18 11:49:06 - [MESSAGE][INFO] - Finding web element with id: 'Object Repository/Popup/Popup' located by 'By.cssSelector: .bootbox-body' in '30' second(s)

2021-11-18 11:49:06 - [MESSAGE][INFO] - Smart Wait Function is triggered

2021-11-18 11:49:06 - [MESSAGE][INFO] - Found 1 web elements with id: 'Object Repository/Popup/Popup' located by 'By.cssSelector: .bootbox-body' in '30' second(s)

2021-11-18 11:49:06 - [MESSAGE][INFO] - Getting text of object 'Object Repository/Popup/Popup'

2021-11-18 11:49:06 - [MESSAGE][PASSED] - Text of object 'Object Repository/Popup/Popup' is: '17416 no’lu talebiniz işleme alınmıştır. Raporunuz hazırlandığında (elogotest@gmail.com;ali.kara@logo.com.tr) adresinize mail gönderilecektir.
Rapor durumunuzu Raporlar > Toplu Veri İndirme ekranından takip edebilir, hazırlandı durumundaki raporlarınızı ilgili menüden indirebilirsiniz.'

2021-11-18 11:49:06 - [TEST_STEP][PASSED] - Console.println(RaporNo): null

2021-11-18 11:49:06 - [MESSAGE][PASSED] - Call Test Case 'Test Cases/Popup/PopupMesajiIceriyorMu' successfully

2021-11-18 11:49:06 - [MESSAGE][INFO] - Checking called Test Case

2021-11-18 11:49:06 - [MESSAGE][INFO] - Starting to call Test Case 'Test Cases/Popup/PopupButonSecilir'

2021-11-18 11:49:06 - [TEST_CASE][PASSED] - Test Cases/Popup/PopupButonSecilir: Test Cases/Popup/PopupButonSecilir

2021-11-18 11:49:06 - [TEST_STEP][PASSED] - Method.TextDegerineEsitElementeTikla(findTestObject("Popup/Popup_Butons"), Buton): Method.TextDegerineEsitElementeTikla is PASSED

2021-11-18 11:49:06 - [MESSAGE][INFO] - Finding Test Object 'Object Repository/Popup/Popup_Butons'

2021-11-18 11:49:06 - [MESSAGE][INFO] - Checking timeout

2021-11-18 11:49:06 - [MESSAGE][INFO] - Finding web element with id: 'Object Repository/Popup/Popup_Butons' located by 'By.cssSelector: .modal-footer>button' in '10' second(s)

2021-11-18 11:49:06 - [MESSAGE][INFO] - Smart Wait Function is triggered

2021-11-18 11:49:07 - [MESSAGE][INFO] - Found 1 web elements with id: 'Object Repository/Popup/Popup_Butons' located by 'By.cssSelector: .modal-footer>button' in '10' second(s)

2021-11-18 11:49:07 - [MESSAGE][PASSED] - Method.TextDegerineEsitElementeTikla is PASSED

2021-11-18 11:49:07 - [MESSAGE][PASSED] - Call Test Case 'Test Cases/Popup/PopupButonSecilir' successfully

2021-11-18 11:49:07 - [MESSAGE][INFO] - Checking called Test Case

2021-11-18 11:49:07 - [MESSAGE][INFO] - Starting to call Test Case 'Test Cases/Menu/AnaMenuSecimi'

2021-11-18 11:49:07 - [TEST_CASE][PASSED] - Test Cases/Menu/AnaMenuSecimi: Test Cases/Menu/AnaMenuSecimi

2021-11-18 11:49:07 - [TEST_STEP][PASSED] - Method.TextDegerineEsitElementeTikla(findTestObject("Menu/Ana_Menu"), Ana_Menu): Method.TextDegerineEsitElementeTikla is PASSED

2021-11-18 11:49:07 - [MESSAGE][INFO] - Finding Test Object 'Object Repository/Menu/Ana_Menu'

2021-11-18 11:49:07 - [MESSAGE][INFO] - Checking timeout

2021-11-18 11:49:07 - [MESSAGE][INFO] - Finding web element with id: 'Object Repository/Menu/Ana_Menu' located by 'By.xpath: //*[@class = 'dropdown-toggle']' in '10' second(s)

2021-11-18 11:49:07 - [MESSAGE][INFO] - Smart Wait Function is triggered

2021-11-18 11:49:07 - [MESSAGE][INFO] - Found 14 web elements with id: 'Object Repository/Menu/Ana_Menu' located by 'By.xpath: //*[@class = 'dropdown-toggle']' in '10' second(s)

2021-11-18 11:49:08 - [MESSAGE][PASSED] - Method.TextDegerineEsitElementeTikla is PASSED

2021-11-18 11:49:08 - [MESSAGE][PASSED] - Call Test Case 'Test Cases/Menu/AnaMenuSecimi' successfully

2021-11-18 11:49:08 - [MESSAGE][INFO] - Checking called Test Case

2021-11-18 11:49:08 - [MESSAGE][INFO] - Starting to call Test Case 'Test Cases/Menu/AltMenuSecimi'

2021-11-18 11:49:08 - [TEST_CASE][PASSED] - Test Cases/Menu/AltMenuSecimi: Test Cases/Menu/AltMenuSecimi

2021-11-18 11:49:08 - [TEST_STEP][PASSED] - Method.TextDegerineEsitElementeTikla(findTestObject("Menu/Alt_Menu"), Alt_Menu): Method.TextDegerineEsitElementeTikla is PASSED

2021-11-18 11:49:08 - [MESSAGE][INFO] - Finding Test Object 'Object Repository/Menu/Alt_Menu'

2021-11-18 11:49:08 - [MESSAGE][INFO] - Checking timeout

2021-11-18 11:49:08 - [MESSAGE][INFO] - Finding web element with id: 'Object Repository/Menu/Alt_Menu' located by 'By.xpath: //li[@class='dropdown dropdown-large open']//li[@class='dropdown-element']' in '10' second(s)

2021-11-18 11:49:08 - [MESSAGE][INFO] - Smart Wait Function is triggered

2021-11-18 11:49:08 - [MESSAGE][INFO] - Found 9 web elements with id: 'Object Repository/Menu/Alt_Menu' located by 'By.xpath: //li[@class='dropdown dropdown-large open']//li[@class='dropdown-element']' in '10' second(s)

2021-11-18 11:49:09 - [MESSAGE][PASSED] - Method.TextDegerineEsitElementeTikla is PASSED

2021-11-18 11:49:09 - [MESSAGE][PASSED] - Call Test Case 'Test Cases/Menu/AltMenuSecimi' successfully

2021-11-18 11:49:09 - [MESSAGE][INFO] - Checking called Test Case

2021-11-18 11:49:09 - [MESSAGE][INFO] - Starting to call Test Case 'Test Cases/Filtreler/RaporNoYaz'

2021-11-18 11:49:09 - [TEST_CASE][PASSED] - Test Cases/Filtreler/RaporNoYaz: Test Cases/Filtreler/RaporNoYaz

2021-11-18 11:49:09 - [TEST_STEP][PASSED] - Method.TextDegerineEsitElementinAltindakiTextboxtaYaz(findTestObject("Filtreler/Basliklar"), findTestObject("Filtreler/Basliga_Gore_Textbox"), "Talep No", RaporNo): Method.TextDegerineEsitElementinAltindakiTextboxtaYaz is PASSED

2021-11-18 11:49:09 - [MESSAGE][INFO] - Finding Test Object 'Object Repository/Filtreler/Basliklar'

2021-11-18 11:49:09 - [MESSAGE][INFO] - Finding Test Object 'Object Repository/Filtreler/Basliga_Gore_Textbox'

2021-11-18 11:49:09 - [MESSAGE][INFO] - Checking timeout

2021-11-18 11:49:09 - [MESSAGE][INFO] - Finding web element with id: 'Object Repository/Filtreler/Basliklar' located by 'By.cssSelector: .control-label.col-sm-4.paddingMarginRLC' in '10' second(s)

2021-11-18 11:49:09 - [MESSAGE][INFO] - Smart Wait Function is triggered

2021-11-18 11:49:10 - [MESSAGE][INFO] - Found 8 web elements with id: 'Object Repository/Filtreler/Basliklar' located by 'By.cssSelector: .control-label.col-sm-4.paddingMarginRLC' in '10' second(s)

2021-11-18 11:49:10 - [MESSAGE][INFO] - Smart Wait Function is triggered

2021-11-18 11:49:10 - [MESSAGE][PASSED] - Method.TextDegerineEsitElementinAltindakiTextboxtaYaz is PASSED

2021-11-18 11:49:10 - [MESSAGE][PASSED] - Call Test Case 'Test Cases/Filtreler/RaporNoYaz' successfully

2021-11-18 11:49:10 - [MESSAGE][INFO] - Checking called Test Case

2021-11-18 11:49:10 - [MESSAGE][INFO] - Starting to call Test Case 'Test Cases/Filtreler/ButonaTikla'

2021-11-18 11:49:10 - [TEST_CASE][PASSED] - Test Cases/Filtreler/ButonaTikla: Test Cases/Filtreler/ButonaTikla

2021-11-18 11:49:10 - [TEST_STEP][PASSED] - Method.TextDegerineEsitElementeTikla(findTestObject("Filtreler/Butonlar"), Filtre_Buton): Method.TextDegerineEsitElementeTikla is PASSED

2021-11-18 11:49:10 - [MESSAGE][INFO] - Finding Test Object 'Object Repository/Filtreler/Butonlar'

2021-11-18 11:49:10 - [MESSAGE][INFO] - Checking timeout

2021-11-18 11:49:10 - [MESSAGE][INFO] - Finding web element with id: 'Object Repository/Filtreler/Butonlar' located by 'By.cssSelector: .dxb>span' in '10' second(s)

2021-11-18 11:49:10 - [MESSAGE][INFO] - Smart Wait Function is triggered

2021-11-18 11:49:11 - [MESSAGE][INFO] - Found 2 web elements with id: 'Object Repository/Filtreler/Butonlar' located by 'By.cssSelector: .dxb>span' in '10' second(s)

2021-11-18 11:49:11 - [MESSAGE][PASSED] - Method.TextDegerineEsitElementeTikla is PASSED

2021-11-18 11:49:11 - [MESSAGE][PASSED] - Call Test Case 'Test Cases/Filtreler/ButonaTikla' successfully

2021-11-18 11:49:11 - [MESSAGE][INFO] - Checking called Test Case

2021-11-18 11:49:11 - [MESSAGE][INFO] - Starting to call Test Case 'Test Cases/Tablo/TablodaVeriVarMi'

2021-11-18 11:49:11 - [TEST_CASE][PASSED] - Test Cases/Tablo/TablodaVeriVarMi: Test Cases/Tablo/TablodaVeriVarMi

2021-11-18 11:49:11 - [TEST_STEP][PASSED] - verifyTextNotPresent("Görüntülenecek veri yok", true): Text 'Görüntülenecek veri yok' is not present on page using regular expression

2021-11-18 11:49:11 - [MESSAGE][INFO] - Checking text present  using regular expression

2021-11-18 11:49:11 - [MESSAGE][INFO] - Smart Wait Function is triggered

2021-11-18 11:49:12 - [MESSAGE][INFO] - Finding text 'Görüntülenecek veri yok' on page  using regular expression

2021-11-18 11:49:12 - [MESSAGE][PASSED] - Text 'Görüntülenecek veri yok' is not present on page using regular expression

2021-11-18 11:49:12 - [MESSAGE][PASSED] - Call Test Case 'Test Cases/Tablo/TablodaVeriVarMi' successfully

2021-11-18 11:49:12 - [MESSAGE][INFO] - Checking called Test Case

2021-11-18 11:49:12 - [MESSAGE][INFO] - Starting to call Test Case 'Test Cases/Kullanici_Islemleri/KullaniciIslemlerindenSecimYapilir'

2021-11-18 11:49:12 - [TEST_CASE][PASSED] - Test Cases/Kullanici_Islemleri/KullaniciIslemlerindenSecimYapilir: Test Cases/Kullanici_Islemleri/KullaniciIslemlerindenSecimYapilir

2021-11-18 11:49:12 - [TEST_STEP][PASSED] - waitForElementClickable(findTestObject("Object Repository/Kullanici_Islemleri/KullaniciIslemleri"), 10): Object 'Object Repository/Kullanici_Islemleri/KullaniciIslemleri' is clickable

2021-11-18 11:49:12 - [MESSAGE][INFO] - Finding Test Object 'Object Repository/Kullanici_Islemleri/KullaniciIslemleri'

2021-11-18 11:49:12 - [MESSAGE][INFO] - Checking object

2021-11-18 11:49:12 - [MESSAGE][INFO] - Checking timeout

2021-11-18 11:49:12 - [MESSAGE][INFO] - Finding web element from Test Object's properties

2021-11-18 11:49:12 - [MESSAGE][INFO] - Checking timeout

2021-11-18 11:49:12 - [MESSAGE][INFO] - Finding web element with id: 'Object Repository/Kullanici_Islemleri/KullaniciIslemleri' located by 'By.cssSelector: .dropdown>a>img' in '10' second(s)

2021-11-18 11:49:12 - [MESSAGE][INFO] - Smart Wait Function is triggered

2021-11-18 11:49:12 - [MESSAGE][INFO] - Found 1 web elements with id: 'Object Repository/Kullanici_Islemleri/KullaniciIslemleri' located by 'By.cssSelector: .dropdown>a>img' in '10' second(s)

2021-11-18 11:49:12 - [MESSAGE][PASSED] - Object 'Object Repository/Kullanici_Islemleri/KullaniciIslemleri' is clickable

2021-11-18 11:49:12 - [TEST_STEP][PASSED] - click(findTestObject("Object Repository/Kullanici_Islemleri/KullaniciIslemleri")): Object: 'Object Repository/Kullanici_Islemleri/KullaniciIslemleri' is clicked on

2021-11-18 11:49:12 - [MESSAGE][INFO] - Finding Test Object 'Object Repository/Kullanici_Islemleri/KullaniciIslemleri'

2021-11-18 11:49:12 - [MESSAGE][INFO] - Checking object

2021-11-18 11:49:12 - [MESSAGE][INFO] - Finding web element from Test Object's properties

2021-11-18 11:49:12 - [MESSAGE][INFO] - Checking timeout

2021-11-18 11:49:12 - [MESSAGE][INFO] - Finding web element with id: 'Object Repository/Kullanici_Islemleri/KullaniciIslemleri' located by 'By.cssSelector: .dropdown>a>img' in '30' second(s)

2021-11-18 11:49:12 - [MESSAGE][INFO] - Smart Wait Function is triggered

2021-11-18 11:49:13 - [MESSAGE][INFO] - Found 1 web elements with id: 'Object Repository/Kullanici_Islemleri/KullaniciIslemleri' located by 'By.cssSelector: .dropdown>a>img' in '30' second(s)

2021-11-18 11:49:13 - [MESSAGE][INFO] - Clicking on object: 'Object Repository/Kullanici_Islemleri/KullaniciIslemleri'

2021-11-18 11:49:13 - [MESSAGE][PASSED] - Object: 'Object Repository/Kullanici_Islemleri/KullaniciIslemleri' is clicked on

2021-11-18 11:49:13 - [TEST_STEP][PASSED] - Method.TextDegerineEsitElementeTikla(findTestObject("Object Repository/Kullanici_Islemleri/Secenekler"), Islem): Method.TextDegerineEsitElementeTikla is PASSED

2021-11-18 11:49:13 - [MESSAGE][INFO] - Finding Test Object 'Object Repository/Kullanici_Islemleri/Secenekler'

2021-11-18 11:49:13 - [MESSAGE][INFO] - Checking timeout

2021-11-18 11:49:13 - [MESSAGE][INFO] - Finding web element with id: 'Object Repository/Kullanici_Islemleri/Secenekler' located by 'By.cssSelector: .nav.navbar-nav.navbar-right li a' in '10' second(s)

2021-11-18 11:49:13 - [MESSAGE][INFO] - Smart Wait Function is triggered

2021-11-18 11:49:13 - [MESSAGE][INFO] - Found 22 web elements with id: 'Object Repository/Kullanici_Islemleri/Secenekler' located by 'By.cssSelector: .nav.navbar-nav.navbar-right li a' in '10' second(s)

2021-11-18 11:49:16 - [MESSAGE][PASSED] - Method.TextDegerineEsitElementeTikla is PASSED

2021-11-18 11:49:16 - [TEST_STEP][PASSED] - verifyElementNotPresent(findTestObject("Object Repository/Kullanici_Islemleri/Secenekler"), 10): Web element with id: 'Object Repository/Kullanici_Islemleri/Secenekler' located by 'By.cssSelector: .nav.navbar-nav.navbar-right li a' is not present after '10' second(s)

2021-11-18 11:49:16 - [MESSAGE][INFO] - Finding Test Object 'Object Repository/Kullanici_Islemleri/Secenekler'

2021-11-18 11:49:16 - [MESSAGE][INFO] - Checking object

2021-11-18 11:49:16 - [MESSAGE][INFO] - Checking timeout

2021-11-18 11:49:16 - [MESSAGE][INFO] - Finding web element with id: 'Object Repository/Kullanici_Islemleri/Secenekler' located by 'By.cssSelector: .nav.navbar-nav.navbar-right li a' in '10' second(s)

2021-11-18 11:49:16 - [MESSAGE][INFO] - Smart Wait Function is triggered

2021-11-18 11:49:17 - [MESSAGE][PASSED] - Web element with id: 'Object Repository/Kullanici_Islemleri/Secenekler' located by 'By.cssSelector: .nav.navbar-nav.navbar-right li a' is not present after '10' second(s)

2021-11-18 11:49:17 - [MESSAGE][PASSED] - Call Test Case 'Test Cases/Kullanici_Islemleri/KullaniciIslemlerindenSecimYapilir' successfully

2021-11-18 11:49:17 - [TEST_CASE][PASSED] - Start Test Case : SCENARIO e-Mustahsil Makbuzu excele aktarma: SCENARIO e-Mustahsil Makbuzu excele aktarma

2021-11-18 11:49:17 - [TEST_STEP][PASSED] - Kullanıcı adı ELOGO6 ve Şifre 123456 olarak giriş yapılır: Kullanıcı adı ELOGO6 ve Şifre 123456 olarak giriş yapılır

2021-11-18 11:49:17 - [MESSAGE][PASSED] - Kullanıcı adı ELOGO6 ve Şifre 123456 olarak giriş yapılır

2021-11-18 11:49:17 - [TEST_STEP][PASSED] - Ana menüden e-Makbuz seçilir: Ana menüden e-Makbuz seçilir

2021-11-18 11:49:17 - [MESSAGE][PASSED] - Ana menüden e-Makbuz seçilir

2021-11-18 11:49:17 - [TEST_STEP][PASSED] - Alt menü e-Müstahsil Uygulaması başlığı altındaki e-Müstahsil Makbuzları seçilir: Alt menü e-Müstahsil Uygulaması başlığı altındaki e-Müstahsil Makbuzları seçilir

2021-11-18 11:49:17 - [MESSAGE][PASSED] - Alt menü e-Müstahsil Uygulaması başlığı altındaki e-Müstahsil Makbuzları seçilir

2021-11-18 11:49:17 - [TEST_STEP][PASSED] - Filtrelerden Oluşturma Tarihi filtresine 01.12.2020 baslangic degerini yaz: Filtrelerden Oluşturma Tarihi filtresine 01.12.2020 baslangic degerini yaz

2021-11-18 11:49:17 - [MESSAGE][PASSED] - Filtrelerden Oluşturma Tarihi filtresine 01.12.2020 baslangic degerini yaz

2021-11-18 11:49:17 - [TEST_STEP][PASSED] - Filtrelerden Oluşturma Tarihi filtresine 31.12.2020 bitis degerini yaz: Filtrelerden Oluşturma Tarihi filtresine 31.12.2020 bitis degerini yaz

2021-11-18 11:49:17 - [MESSAGE][PASSED] - Filtrelerden Oluşturma Tarihi filtresine 31.12.2020 bitis degerini yaz

2021-11-18 11:49:17 - [TEST_STEP][PASSED] - Filtrelerden Müstahsil Ad Soyad filtresine ELOGO5 textini yaz: Filtrelerden Müstahsil Ad Soyad filtresine ELOGO5 textini yaz

2021-11-18 11:49:17 - [MESSAGE][PASSED] - Filtrelerden Müstahsil Ad Soyad filtresine ELOGO5 textini yaz

2021-11-18 11:49:17 - [TEST_STEP][PASSED] - Filtre butonlarından Listele seçilir: Filtre butonlarından Listele seçilir

2021-11-18 11:49:17 - [MESSAGE][PASSED] - Filtre butonlarından Listele seçilir

2021-11-18 11:49:17 - [TEST_STEP][PASSED] - Tabloda veri var mı kontrol edilir: Tabloda veri var mı kontrol edilir

2021-11-18 11:49:17 - [MESSAGE][PASSED] - Tabloda veri var mı kontrol edilir

2021-11-18 11:49:17 - [TEST_STEP][PASSED] - Tablodan ELOGO5 isimli veri seçilir: Tablodan ELOGO5 isimli veri seçilir

2021-11-18 11:49:17 - [MESSAGE][PASSED] - Tablodan ELOGO5 isimli veri seçilir

2021-11-18 11:49:17 - [TEST_STEP][PASSED] - Butonlardan Excel isimli butona tıklanır: Butonlardan Excel isimli butona tıklanır

2021-11-18 11:49:17 - [MESSAGE][PASSED] - Butonlardan Excel isimli butona tıklanır

2021-11-18 11:49:17 - [TEST_STEP][PASSED] - Alt butonlardan Excel'e Aktar butonuna tıklanır: Alt butonlardan Excel'e Aktar butonuna tıklanır

2021-11-18 11:49:17 - [MESSAGE][PASSED] - Alt butonlardan Excel'e Aktar butonuna tıklanır

2021-11-18 11:49:17 - [TEST_STEP][PASSED] - Popup mesajı Lütfen rapor bildiriminin gönderileceği e-posta adresini belirtiniz. içeriyor mu: Popup mesajı Lütfen rapor bildiriminin gönderileceği e-posta adresini belirtiniz. içeriyor mu

2021-11-18 11:49:17 - [MESSAGE][PASSED] - Popup mesajı Lütfen rapor bildiriminin gönderileceği e-posta adresini belirtiniz. içeriyor mu

2021-11-18 11:49:17 - [TEST_STEP][PASSED] - Popup email elogotest@gmail.com;ali.kara@logo.com.tr olarak girilir: Popup email elogotest@gmail.com;ali.kara@logo.com.tr olarak girilir

2021-11-18 11:49:17 - [MESSAGE][PASSED] - Popup email elogotest@gmail.com;ali.kara@logo.com.tr olarak girilir

2021-11-18 11:49:17 - [TEST_STEP][PASSED] - Yönetim popupında Gönder seçilir: Yönetim popupında Gönder seçilir

2021-11-18 11:49:17 - [MESSAGE][PASSED] - Yönetim popupında Gönder seçilir

2021-11-18 11:49:17 - [TEST_STEP][PASSED] - Popup mesajı talebiniz işleme alınmıştır içeriyor mu: Popup mesajı talebiniz işleme alınmıştır içeriyor mu

2021-11-18 11:49:17 - [MESSAGE][PASSED] - Popup mesajı talebiniz işleme alınmıştır içeriyor mu

2021-11-18 11:49:17 - [TEST_STEP][PASSED] - Yönetim popupında Tamam seçilir: Yönetim popupında Tamam seçilir

2021-11-18 11:49:17 - [MESSAGE][PASSED] - Yönetim popupında Tamam seçilir

2021-11-18 11:49:17 - [TEST_STEP][PASSED] - Butonlardan Excel isimli butona tıklanır: Butonlardan Excel isimli butona tıklanır

2021-11-18 11:49:17 - [MESSAGE][PASSED] - Butonlardan Excel isimli butona tıklanır

2021-11-18 11:49:17 - [TEST_STEP][PASSED] - Alt butonlardan Tümünü Excel'e Aktar butonuna tıklanır: Alt butonlardan Tümünü Excel'e Aktar butonuna tıklanır

2021-11-18 11:49:17 - [MESSAGE][PASSED] - Alt butonlardan Tümünü Excel'e Aktar butonuna tıklanır

2021-11-18 11:49:17 - [TEST_STEP][PASSED] - Popup mesajı Lütfen rapor bildiriminin gönderileceği e-posta adresini belirtiniz. içeriyor mu: Popup mesajı Lütfen rapor bildiriminin gönderileceği e-posta adresini belirtiniz. içeriyor mu

2021-11-18 11:49:17 - [MESSAGE][PASSED] - Popup mesajı Lütfen rapor bildiriminin gönderileceği e-posta adresini belirtiniz. içeriyor mu

2021-11-18 11:49:17 - [TEST_STEP][PASSED] - Popup email elogotest@gmail.com;ali.kara@logo.com.tr olarak girilir: Popup email elogotest@gmail.com;ali.kara@logo.com.tr olarak girilir

2021-11-18 11:49:17 - [MESSAGE][PASSED] - Popup email elogotest@gmail.com;ali.kara@logo.com.tr olarak girilir

2021-11-18 11:49:17 - [TEST_STEP][PASSED] - Yönetim popupında Gönder seçilir: Yönetim popupında Gönder seçilir

2021-11-18 11:49:17 - [MESSAGE][PASSED] - Yönetim popupında Gönder seçilir

2021-11-18 11:49:17 - [TEST_STEP][PASSED] - Popup mesajı talebiniz işleme alınmıştır içeriyor mu: Popup mesajı talebiniz işleme alınmıştır içeriyor mu

2021-11-18 11:49:17 - [MESSAGE][PASSED] - Popup mesajı talebiniz işleme alınmıştır içeriyor mu

2021-11-18 11:49:17 - [TEST_STEP][PASSED] - Yönetim popupında Tamam seçilir: Yönetim popupında Tamam seçilir

2021-11-18 11:49:17 - [MESSAGE][PASSED] - Yönetim popupında Tamam seçilir

2021-11-18 11:49:17 - [TEST_STEP][PASSED] - Ana menüden Raporlar seçilir: Ana menüden Raporlar seçilir

2021-11-18 11:49:17 - [MESSAGE][PASSED] - Ana menüden Raporlar seçilir

2021-11-18 11:49:17 - [TEST_STEP][PASSED] - Alt menüden Toplu Veri İndirme seçilir: Alt menüden Toplu Veri İndirme seçilir

2021-11-18 11:49:17 - [MESSAGE][PASSED] - Alt menüden Toplu Veri İndirme seçilir

2021-11-18 11:49:17 - [TEST_STEP][PASSED] - Filtrelerden Talep No filtresine Rapor No bilgisi yaz: Filtrelerden Talep No filtresine Rapor No bilgisi yaz

2021-11-18 11:49:17 - [MESSAGE][PASSED] - Filtrelerden Talep No filtresine Rapor No bilgisi yaz

2021-11-18 11:49:17 - [TEST_STEP][PASSED] - Filtre butonlarından Listele seçilir: Filtre butonlarından Listele seçilir

2021-11-18 11:49:17 - [MESSAGE][PASSED] - Filtre butonlarından Listele seçilir

2021-11-18 11:49:17 - [TEST_STEP][PASSED] - Tabloda veri var mı kontrol edilir: Tabloda veri var mı kontrol edilir

2021-11-18 11:49:17 - [MESSAGE][PASSED] - Tabloda veri var mı kontrol edilir

2021-11-18 11:49:17 - [TEST_STEP][PASSED] - Kullanıcı işlemlerinden Çıkış seçilir: Kullanıcı işlemlerinden Çıkış seçilir

2021-11-18 11:49:17 - [MESSAGE][PASSED] - Kullanıcı işlemlerinden Çıkış seçilir

2021-11-18 11:49:17 - [MESSAGE][PASSED] - Feature file: 'Include/features/e-Makbuz/e-Mustahsil Uygulamasi/e-Mustahsil Makbuzlari/Excele Aktar.feature' was passed

2021-11-18 11:49:17 - [TEST_STEP][PASSED] - Start listener action : sampleAfterTestSuite: Invoke 'com.kms.katalon.core.annotation.AfterTestCase' method: 'Listener.sampleAfterTestSuite(...)' completed.

2021-11-18 11:49:17 - [MESSAGE][INFO] - Starting invoke 'com.kms.katalon.core.annotation.AfterTestCase' method: 'Listener.sampleAfterTestSuite(...)'

2021-11-18 11:49:17 - [TEST_STEP][PASSED] - closeBrowser(): Invoke 'com.kms.katalon.core.annotation.AfterTestCase' method: 'Listener.sampleAfterTestSuite(...)' completed.

2021-11-18 11:49:17 - [MESSAGE][INFO] - Closing browser

2021-11-18 11:49:18 - [MESSAGE][PASSED] - Browser is closed

2021-11-18 11:49:18 - [MESSAGE][INFO] - Invoke 'com.kms.katalon.core.annotation.AfterTestCase' method: 'Listener.sampleAfterTestSuite(...)' completed.]]></system-out>
         <system-err><![CDATA[]]></system-err>
      </testcase>
      <testcase name="Test Cases/Case Repository/e-Makbuz/e-Mustahsil Uygulamasi/e-Mustahsil Makbuzlari/Toplu Indirme" time="58.008" classname="Test Cases/Case Repository/e-Makbuz/e-Mustahsil Uygulamasi/e-Mustahsil Makbuzlari/Toplu Indirme" status="PASSED">
         <system-out><![CDATA[2021-11-18 11:49:18 - [TEST_CASE][PASSED] - Test Cases/Case Repository/e-Makbuz/e-Mustahsil Uygulamasi/e-Mustahsil Makbuzlari/Toplu Indirme: Test Cases/Case Repository/e-Makbuz/e-Mustahsil Uygulamasi/e-Mustahsil Makbuzlari/Toplu Indirme

2021-11-18 11:49:18 - [TEST_STEP][PASSED] - Start listener action : sampleBeforeTestSuite: Invoke 'com.kms.katalon.core.annotation.BeforeTestCase' method: 'Listener.sampleBeforeTestSuite(...)' completed.

2021-11-18 11:49:18 - [MESSAGE][INFO] - Starting invoke 'com.kms.katalon.core.annotation.BeforeTestCase' method: 'Listener.sampleBeforeTestSuite(...)'

2021-11-18 11:49:18 - [TEST_STEP][PASSED] - openBrowser(baseUrl): Browser is opened with url: 'https://efatura-stage.elogo.com.tr/'

2021-11-18 11:49:18 - [MESSAGE][INFO] - Opening browser

2021-11-18 11:49:18 - [MESSAGE][INFO] - Starting 'Chrome' driver

2021-11-18 11:49:18 - [MESSAGE][INFO] - User set preference: ['prefs', '{download.default_directory=C:\otomasyondownfiles}']

2021-11-18 11:49:18 - [MESSAGE][INFO] - Action delay is set to 0 milliseconds

2021-11-18 11:49:20 - [MESSAGE][INFO] - Navigating browser to: 'https://efatura-stage.elogo.com.tr/'

2021-11-18 11:49:22 - [MESSAGE][PASSED] - Browser is opened with url: 'https://efatura-stage.elogo.com.tr/'

2021-11-18 11:49:22 - [TEST_STEP][PASSED] - maximizeWindow(): Invoke 'com.kms.katalon.core.annotation.BeforeTestCase' method: 'Listener.sampleBeforeTestSuite(...)' completed.

2021-11-18 11:49:22 - [MESSAGE][INFO] - Maximizing current window

2021-11-18 11:49:22 - [MESSAGE][PASSED] - Current window maximized

2021-11-18 11:49:22 - [MESSAGE][INFO] - Invoke 'com.kms.katalon.core.annotation.BeforeTestCase' method: 'Listener.sampleBeforeTestSuite(...)' completed.

2021-11-18 11:49:23 - [TEST_STEP][PASSED] - runFeatureFile("Include/features/e-Makbuz/e-Mustahsil Uygulamasi/e-Mustahsil Makbuzlari/Toplu Indirme.feature"): Feature file: 'Include/features/e-Makbuz/e-Mustahsil Uygulamasi/e-Mustahsil Makbuzlari/Toplu Indirme.feature' was passed

2021-11-18 11:49:23 - [MESSAGE][INFO] - Starting run keyword runFeatureFile: 'Include/features/e-Makbuz/e-Mustahsil Uygulamasi/e-Mustahsil Makbuzlari/Toplu Indirme.feature' and extract report to folder: 'C:\Users\DELL\Documents\GitHub\EES_KatalonLogo\Reports\20211118_110909\Suite Repository\ExceleAktarVeTopluIndirme\20211118_110948/cucumber_report/1637225363488'...

2021-11-18 11:49:23 - [MESSAGE][INFO] - Glue: []

2021-11-18 11:49:25 - [MESSAGE][INFO] - Checking called Test Case

2021-11-18 11:49:25 - [MESSAGE][INFO] - Starting to call Test Case 'Test Cases/Sayfalar/Giris_Sayfasi/Login'

2021-11-18 11:49:25 - [TEST_CASE][PASSED] - Test Cases/Sayfalar/Giris_Sayfasi/Login: Test Cases/Sayfalar/Giris_Sayfasi/Login

2021-11-18 11:49:25 - [TEST_STEP][PASSED] - Sayfa_Basligi = getWindowTitle(): Current window's title is: 'LOGO e-Fatura'

2021-11-18 11:49:26 - [MESSAGE][INFO] - Getting current window's title

2021-11-18 11:49:26 - [MESSAGE][PASSED] - Current window's title is: 'LOGO e-Fatura'

2021-11-18 11:49:26 - [TEST_STEP][PASSED] - verifyMatch(Sayfa_Basligi, "LOGO e-Fatura", false): Actual text 'LOGO e-Fatura' and expected text 'LOGO e-Fatura' are matched 

2021-11-18 11:49:26 - [MESSAGE][INFO] - Matching actual text 'LOGO e-Fatura' with expected text 'LOGO e-Fatura'

2021-11-18 11:49:26 - [MESSAGE][PASSED] - Actual text 'LOGO e-Fatura' and expected text 'LOGO e-Fatura' are matched 

2021-11-18 11:49:26 - [TEST_STEP][PASSED] - sendKeys(findTestObject("Sayfalar/Giris_Sayfasi/Firma_Kodu"), KullaniciAdi): Keys 'ELOGO6' sent to object: 'Object Repository/Sayfalar/Giris_Sayfasi/Firma_Kodu'

2021-11-18 11:49:26 - [MESSAGE][INFO] - Finding Test Object 'Object Repository/Sayfalar/Giris_Sayfasi/Firma_Kodu'

2021-11-18 11:49:26 - [MESSAGE][INFO] - Sending keys 'ELOGO6' to object: 'Object Repository/Sayfalar/Giris_Sayfasi/Firma_Kodu'

2021-11-18 11:49:26 - [MESSAGE][INFO] - Finding web element from Test Object's properties

2021-11-18 11:49:26 - [MESSAGE][INFO] - Checking timeout

2021-11-18 11:49:26 - [MESSAGE][INFO] - Finding web element with id: 'Object Repository/Sayfalar/Giris_Sayfasi/Firma_Kodu' located by 'By.xpath: //*[@id = 'AccountName']' in '30' second(s)

2021-11-18 11:49:26 - [MESSAGE][INFO] - Smart Wait Function is triggered

2021-11-18 11:49:26 - [MESSAGE][INFO] - Found 1 web elements with id: 'Object Repository/Sayfalar/Giris_Sayfasi/Firma_Kodu' located by 'By.xpath: //*[@id = 'AccountName']' in '30' second(s)

2021-11-18 11:49:27 - [MESSAGE][PASSED] - Keys 'ELOGO6' sent to object: 'Object Repository/Sayfalar/Giris_Sayfasi/Firma_Kodu'

2021-11-18 11:49:27 - [TEST_STEP][PASSED] - sendKeys(findTestObject("Sayfalar/Giris_Sayfasi/Sifre"), Sifre): Keys '123456' sent to object: 'Object Repository/Sayfalar/Giris_Sayfasi/Sifre'

2021-11-18 11:49:27 - [MESSAGE][INFO] - Finding Test Object 'Object Repository/Sayfalar/Giris_Sayfasi/Sifre'

2021-11-18 11:49:27 - [MESSAGE][INFO] - Sending keys '123456' to object: 'Object Repository/Sayfalar/Giris_Sayfasi/Sifre'

2021-11-18 11:49:27 - [MESSAGE][INFO] - Finding web element from Test Object's properties

2021-11-18 11:49:27 - [MESSAGE][INFO] - Checking timeout

2021-11-18 11:49:27 - [MESSAGE][INFO] - Finding web element with id: 'Object Repository/Sayfalar/Giris_Sayfasi/Sifre' located by 'By.xpath: //*[@id = 'Password']' in '30' second(s)

2021-11-18 11:49:27 - [MESSAGE][INFO] - Smart Wait Function is triggered

2021-11-18 11:49:27 - [MESSAGE][INFO] - Found 1 web elements with id: 'Object Repository/Sayfalar/Giris_Sayfasi/Sifre' located by 'By.xpath: //*[@id = 'Password']' in '30' second(s)

2021-11-18 11:49:27 - [MESSAGE][PASSED] - Keys '123456' sent to object: 'Object Repository/Sayfalar/Giris_Sayfasi/Sifre'

2021-11-18 11:49:27 - [TEST_STEP][PASSED] - findWebElement(findTestObject("Sayfalar/Giris_Sayfasi/Giris_Butonu")).click(): Found 1 web elements with id: 'Object Repository/Sayfalar/Giris_Sayfasi/Giris_Butonu' located by 'By.cssSelector: #btnLogin' in '30' second(s)

2021-11-18 11:49:27 - [MESSAGE][INFO] - Finding Test Object 'Object Repository/Sayfalar/Giris_Sayfasi/Giris_Butonu'

2021-11-18 11:49:27 - [MESSAGE][INFO] - Finding web element from Test Object's properties

2021-11-18 11:49:27 - [MESSAGE][INFO] - Checking timeout

2021-11-18 11:49:27 - [MESSAGE][INFO] - Finding web element with id: 'Object Repository/Sayfalar/Giris_Sayfasi/Giris_Butonu' located by 'By.cssSelector: #btnLogin' in '30' second(s)

2021-11-18 11:49:27 - [MESSAGE][INFO] - Smart Wait Function is triggered

2021-11-18 11:49:28 - [MESSAGE][INFO] - Found 1 web elements with id: 'Object Repository/Sayfalar/Giris_Sayfasi/Giris_Butonu' located by 'By.cssSelector: #btnLogin' in '30' second(s)

2021-11-18 11:49:30 - [TEST_STEP][PASSED] - if (verifyElementPresent(findTestObject("Object Repository/Sayfalar/Giris_Sayfasi/RetveTamam_Butonu"), 5, OPTIONAL)): null

2021-11-18 11:49:30 - [MESSAGE][INFO] - Finding Test Object 'Object Repository/Sayfalar/Giris_Sayfasi/RetveTamam_Butonu'

2021-11-18 11:49:30 - [MESSAGE][INFO] - Checking object

2021-11-18 11:49:30 - [MESSAGE][INFO] - Finding web element from Test Object's properties

2021-11-18 11:49:30 - [MESSAGE][INFO] - Checking timeout

2021-11-18 11:49:30 - [MESSAGE][INFO] - Finding web element with id: 'Object Repository/Sayfalar/Giris_Sayfasi/RetveTamam_Butonu' located by 'By.xpath: //*[@class = 'btn btn-default']' in '5' second(s)

2021-11-18 11:49:30 - [MESSAGE][INFO] - Smart Wait Function is triggered

2021-11-18 11:49:31 - [MESSAGE][INFO] - Found 1 web elements with id: 'Object Repository/Sayfalar/Giris_Sayfasi/RetveTamam_Butonu' located by 'By.xpath: //*[@class = 'btn btn-default']' in '5' second(s)

2021-11-18 11:49:31 - [MESSAGE][PASSED] - Object 'Object Repository/Sayfalar/Giris_Sayfasi/RetveTamam_Butonu' is present

2021-11-18 11:49:31 - [TEST_STEP][PASSED] - click(findTestObject("Object Repository/Sayfalar/Giris_Sayfasi/RetveTamam_Butonu")): Object: 'Object Repository/Sayfalar/Giris_Sayfasi/RetveTamam_Butonu' is clicked on

2021-11-18 11:49:31 - [MESSAGE][INFO] - Finding Test Object 'Object Repository/Sayfalar/Giris_Sayfasi/RetveTamam_Butonu'

2021-11-18 11:49:31 - [MESSAGE][INFO] - Checking object

2021-11-18 11:49:31 - [MESSAGE][INFO] - Finding web element from Test Object's properties

2021-11-18 11:49:31 - [MESSAGE][INFO] - Checking timeout

2021-11-18 11:49:31 - [MESSAGE][INFO] - Finding web element with id: 'Object Repository/Sayfalar/Giris_Sayfasi/RetveTamam_Butonu' located by 'By.xpath: //*[@class = 'btn btn-default']' in '30' second(s)

2021-11-18 11:49:31 - [MESSAGE][INFO] - Smart Wait Function is triggered

2021-11-18 11:49:31 - [MESSAGE][INFO] - Found 1 web elements with id: 'Object Repository/Sayfalar/Giris_Sayfasi/RetveTamam_Butonu' located by 'By.xpath: //*[@class = 'btn btn-default']' in '30' second(s)

2021-11-18 11:49:31 - [MESSAGE][INFO] - Clicking on object: 'Object Repository/Sayfalar/Giris_Sayfasi/RetveTamam_Butonu'

2021-11-18 11:49:31 - [MESSAGE][PASSED] - Object: 'Object Repository/Sayfalar/Giris_Sayfasi/RetveTamam_Butonu' is clicked on

2021-11-18 11:49:31 - [TEST_STEP][PASSED] - click(findTestObject("Object Repository/Sayfalar/Giris_Sayfasi/RetveTamam_Butonu")): Object: 'Object Repository/Sayfalar/Giris_Sayfasi/RetveTamam_Butonu' is clicked on

2021-11-18 11:49:31 - [MESSAGE][INFO] - Finding Test Object 'Object Repository/Sayfalar/Giris_Sayfasi/RetveTamam_Butonu'

2021-11-18 11:49:31 - [MESSAGE][INFO] - Checking object

2021-11-18 11:49:31 - [MESSAGE][INFO] - Finding web element from Test Object's properties

2021-11-18 11:49:31 - [MESSAGE][INFO] - Checking timeout

2021-11-18 11:49:31 - [MESSAGE][INFO] - Finding web element with id: 'Object Repository/Sayfalar/Giris_Sayfasi/RetveTamam_Butonu' located by 'By.xpath: //*[@class = 'btn btn-default']' in '30' second(s)

2021-11-18 11:49:31 - [MESSAGE][INFO] - Smart Wait Function is triggered

2021-11-18 11:49:37 - [MESSAGE][INFO] - Found 1 web elements with id: 'Object Repository/Sayfalar/Giris_Sayfasi/RetveTamam_Butonu' located by 'By.xpath: //*[@class = 'btn btn-default']' in '30' second(s)

2021-11-18 11:49:37 - [MESSAGE][INFO] - Clicking on object: 'Object Repository/Sayfalar/Giris_Sayfasi/RetveTamam_Butonu'

2021-11-18 11:49:37 - [MESSAGE][PASSED] - Object: 'Object Repository/Sayfalar/Giris_Sayfasi/RetveTamam_Butonu' is clicked on

2021-11-18 11:49:37 - [TEST_STEP][PASSED] - if (verifyElementPresent(findTestObject("Sayfalar/Giris_Sayfasi/PopupOK"), 5, OPTIONAL)): null

2021-11-18 11:49:37 - [MESSAGE][INFO] - Finding Test Object 'Object Repository/Sayfalar/Giris_Sayfasi/PopupOK'

2021-11-18 11:49:37 - [MESSAGE][INFO] - Checking object

2021-11-18 11:49:37 - [MESSAGE][INFO] - Finding web element from Test Object's properties

2021-11-18 11:49:37 - [MESSAGE][INFO] - Checking timeout

2021-11-18 11:49:37 - [MESSAGE][INFO] - Finding web element with id: 'Object Repository/Sayfalar/Giris_Sayfasi/PopupOK' located by 'By.cssSelector: .btn.btn-success' in '5' second(s)

2021-11-18 11:49:37 - [MESSAGE][INFO] - Smart Wait Function is triggered

2021-11-18 11:49:37 - [MESSAGE][INFO] - Found 1 web elements with id: 'Object Repository/Sayfalar/Giris_Sayfasi/PopupOK' located by 'By.cssSelector: .btn.btn-success' in '5' second(s)

2021-11-18 11:49:37 - [MESSAGE][PASSED] - Object 'Object Repository/Sayfalar/Giris_Sayfasi/PopupOK' is present

2021-11-18 11:49:37 - [TEST_STEP][PASSED] - click(findTestObject("Object Repository/Sayfalar/Giris_Sayfasi/PopupCarpiGiris")): Object: 'Object Repository/Sayfalar/Giris_Sayfasi/PopupCarpiGiris' is clicked on

2021-11-18 11:49:37 - [MESSAGE][INFO] - Finding Test Object 'Object Repository/Sayfalar/Giris_Sayfasi/PopupCarpiGiris'

2021-11-18 11:49:37 - [MESSAGE][INFO] - Checking object

2021-11-18 11:49:37 - [MESSAGE][INFO] - Finding web element from Test Object's properties

2021-11-18 11:49:37 - [MESSAGE][INFO] - Checking timeout

2021-11-18 11:49:37 - [MESSAGE][INFO] - Finding web element with id: 'Object Repository/Sayfalar/Giris_Sayfasi/PopupCarpiGiris' located by 'By.cssSelector: .bootbox-close-button.close' in '30' second(s)

2021-11-18 11:49:37 - [MESSAGE][INFO] - Smart Wait Function is triggered

2021-11-18 11:49:38 - [MESSAGE][INFO] - Found 1 web elements with id: 'Object Repository/Sayfalar/Giris_Sayfasi/PopupCarpiGiris' located by 'By.cssSelector: .bootbox-close-button.close' in '30' second(s)

2021-11-18 11:49:38 - [MESSAGE][INFO] - Clicking on object: 'Object Repository/Sayfalar/Giris_Sayfasi/PopupCarpiGiris'

2021-11-18 11:49:38 - [MESSAGE][PASSED] - Object: 'Object Repository/Sayfalar/Giris_Sayfasi/PopupCarpiGiris' is clicked on

2021-11-18 11:49:38 - [TEST_STEP][PASSED] - verifyElementVisible(findTestObject("Object Repository/Kullanici_Islemleri/KullaniciIslemleri")): Object 'Object Repository/Kullanici_Islemleri/KullaniciIslemleri' is visible

2021-11-18 11:49:38 - [MESSAGE][INFO] - Finding Test Object 'Object Repository/Kullanici_Islemleri/KullaniciIslemleri'

2021-11-18 11:49:38 - [MESSAGE][INFO] - Checking object

2021-11-18 11:49:38 - [MESSAGE][INFO] - Finding web element from Test Object's properties

2021-11-18 11:49:38 - [MESSAGE][INFO] - Checking timeout

2021-11-18 11:49:38 - [MESSAGE][INFO] - Finding web element with id: 'Object Repository/Kullanici_Islemleri/KullaniciIslemleri' located by 'By.cssSelector: .dropdown>a>img' in '30' second(s)

2021-11-18 11:49:38 - [MESSAGE][INFO] - Smart Wait Function is triggered

2021-11-18 11:49:39 - [MESSAGE][INFO] - Found 1 web elements with id: 'Object Repository/Kullanici_Islemleri/KullaniciIslemleri' located by 'By.cssSelector: .dropdown>a>img' in '30' second(s)

2021-11-18 11:49:39 - [MESSAGE][PASSED] - Object 'Object Repository/Kullanici_Islemleri/KullaniciIslemleri' is visible

2021-11-18 11:49:39 - [MESSAGE][PASSED] - Call Test Case 'Test Cases/Sayfalar/Giris_Sayfasi/Login' successfully

2021-11-18 11:49:39 - [MESSAGE][INFO] - Checking called Test Case

2021-11-18 11:49:39 - [MESSAGE][INFO] - Starting to call Test Case 'Test Cases/Menu/AnaMenuSecimi'

2021-11-18 11:49:39 - [TEST_CASE][PASSED] - Test Cases/Menu/AnaMenuSecimi: Test Cases/Menu/AnaMenuSecimi

2021-11-18 11:49:39 - [TEST_STEP][PASSED] - Method.TextDegerineEsitElementeTikla(findTestObject("Menu/Ana_Menu"), Ana_Menu): Method.TextDegerineEsitElementeTikla is PASSED

2021-11-18 11:49:39 - [MESSAGE][INFO] - Finding Test Object 'Object Repository/Menu/Ana_Menu'

2021-11-18 11:49:39 - [MESSAGE][INFO] - Checking timeout

2021-11-18 11:49:39 - [MESSAGE][INFO] - Finding web element with id: 'Object Repository/Menu/Ana_Menu' located by 'By.xpath: //*[@class = 'dropdown-toggle']' in '10' second(s)

2021-11-18 11:49:39 - [MESSAGE][INFO] - Smart Wait Function is triggered

2021-11-18 11:49:39 - [MESSAGE][INFO] - Found 14 web elements with id: 'Object Repository/Menu/Ana_Menu' located by 'By.xpath: //*[@class = 'dropdown-toggle']' in '10' second(s)

2021-11-18 11:49:39 - [MESSAGE][PASSED] - Method.TextDegerineEsitElementeTikla is PASSED

2021-11-18 11:49:39 - [MESSAGE][PASSED] - Call Test Case 'Test Cases/Menu/AnaMenuSecimi' successfully

2021-11-18 11:49:39 - [MESSAGE][INFO] - Checking called Test Case

2021-11-18 11:49:39 - [MESSAGE][INFO] - Starting to call Test Case 'Test Cases/Menu/BasligaGoreAltMenuSecimi'

2021-11-18 11:49:39 - [TEST_CASE][PASSED] - Test Cases/Menu/BasligaGoreAltMenuSecimi: Test Cases/Menu/BasligaGoreAltMenuSecimi

2021-11-18 11:49:39 - [TEST_STEP][PASSED] - Method.TextDegerineEsitElementinAltindakiTextDegerineEsitOlanaTikla(findTestObject("Menu/Menu_Basligi"), findTestObject("Menu/Basliga_Gore_Alt_Menu"), Baslik, Alt_Menu): Method.TextDegerineEsitElementinAltindakiTextDegerineEsitOlanaTikla is PASSED

2021-11-18 11:49:39 - [MESSAGE][INFO] - Finding Test Object 'Object Repository/Menu/Menu_Basligi'

2021-11-18 11:49:39 - [MESSAGE][INFO] - Finding Test Object 'Object Repository/Menu/Basliga_Gore_Alt_Menu'

2021-11-18 11:49:39 - [MESSAGE][INFO] - Checking timeout

2021-11-18 11:49:39 - [MESSAGE][INFO] - Finding web element with id: 'Object Repository/Menu/Menu_Basligi' located by 'By.xpath: //li[@class='dropdown dropdown-large open']//li[@class='dropdown-header']' in '10' second(s)

2021-11-18 11:49:39 - [MESSAGE][INFO] - Smart Wait Function is triggered

2021-11-18 11:49:40 - [MESSAGE][INFO] - Found 2 web elements with id: 'Object Repository/Menu/Menu_Basligi' located by 'By.xpath: //li[@class='dropdown dropdown-large open']//li[@class='dropdown-header']' in '10' second(s)

2021-11-18 11:49:40 - [MESSAGE][INFO] - Smart Wait Function is triggered

2021-11-18 11:49:42 - [MESSAGE][PASSED] - Method.TextDegerineEsitElementinAltindakiTextDegerineEsitOlanaTikla is PASSED

2021-11-18 11:49:42 - [MESSAGE][PASSED] - Call Test Case 'Test Cases/Menu/BasligaGoreAltMenuSecimi' successfully

2021-11-18 11:49:42 - [MESSAGE][INFO] - Checking called Test Case

2021-11-18 11:49:42 - [MESSAGE][INFO] - Starting to call Test Case 'Test Cases/Filtreler/BaslangicYaz'

2021-11-18 11:49:42 - [TEST_CASE][PASSED] - Test Cases/Filtreler/BaslangicYaz: Test Cases/Filtreler/BaslangicYaz

2021-11-18 11:49:42 - [TEST_STEP][PASSED] - delay(3): Delayed 3 second(s)

2021-11-18 11:49:42 - [MESSAGE][INFO] - Delaying browser in 3 second(s)

2021-11-18 11:49:45 - [MESSAGE][PASSED] - Delayed 3 second(s)

2021-11-18 11:49:45 - [TEST_STEP][PASSED] - Method.TextDegerineEsitElementinAltindakineTikla(findTestObject("Filtreler/Basliklar"), findTestObject("Filtreler/Basliga_Gore_Baslangic_Image"), Filtre_Adi): Method.TextDegerineEsitElementinAltindakineTikla is PASSED

2021-11-18 11:49:45 - [MESSAGE][INFO] - Finding Test Object 'Object Repository/Filtreler/Basliklar'

2021-11-18 11:49:45 - [MESSAGE][INFO] - Finding Test Object 'Object Repository/Filtreler/Basliga_Gore_Baslangic_Image'

2021-11-18 11:49:46 - [MESSAGE][INFO] - Checking timeout

2021-11-18 11:49:46 - [MESSAGE][INFO] - Finding web element with id: 'Object Repository/Filtreler/Basliklar' located by 'By.cssSelector: .control-label.col-sm-4.paddingMarginRLC' in '10' second(s)

2021-11-18 11:49:46 - [MESSAGE][INFO] - Smart Wait Function is triggered

2021-11-18 11:49:46 - [MESSAGE][INFO] - Found 14 web elements with id: 'Object Repository/Filtreler/Basliklar' located by 'By.cssSelector: .control-label.col-sm-4.paddingMarginRLC' in '10' second(s)

2021-11-18 11:49:46 - [MESSAGE][INFO] - Smart Wait Function is triggered

2021-11-18 11:49:46 - [MESSAGE][PASSED] - Method.TextDegerineEsitElementinAltindakineTikla is PASSED

2021-11-18 11:49:46 - [TEST_STEP][PASSED] - Method.TextDegerineEsitElementinAltindakiTextboxtaYaz(findTestObject("Filtreler/Basliklar"), findTestObject("Filtreler/Basliga_Gore_Baslangic"), Filtre_Adi, Filtre_Degeri): Method.TextDegerineEsitElementinAltindakiTextboxtaYaz is PASSED

2021-11-18 11:49:46 - [MESSAGE][INFO] - Finding Test Object 'Object Repository/Filtreler/Basliklar'

2021-11-18 11:49:46 - [MESSAGE][INFO] - Finding Test Object 'Object Repository/Filtreler/Basliga_Gore_Baslangic'

2021-11-18 11:49:46 - [MESSAGE][INFO] - Checking timeout

2021-11-18 11:49:46 - [MESSAGE][INFO] - Finding web element with id: 'Object Repository/Filtreler/Basliklar' located by 'By.cssSelector: .control-label.col-sm-4.paddingMarginRLC' in '10' second(s)

2021-11-18 11:49:46 - [MESSAGE][INFO] - Smart Wait Function is triggered

2021-11-18 11:49:47 - [MESSAGE][INFO] - Found 14 web elements with id: 'Object Repository/Filtreler/Basliklar' located by 'By.cssSelector: .control-label.col-sm-4.paddingMarginRLC' in '10' second(s)

2021-11-18 11:49:47 - [MESSAGE][INFO] - Smart Wait Function is triggered

2021-11-18 11:49:47 - [MESSAGE][PASSED] - Method.TextDegerineEsitElementinAltindakiTextboxtaYaz is PASSED

2021-11-18 11:49:47 - [MESSAGE][PASSED] - Call Test Case 'Test Cases/Filtreler/BaslangicYaz' successfully

2021-11-18 11:49:47 - [MESSAGE][INFO] - Checking called Test Case

2021-11-18 11:49:47 - [MESSAGE][INFO] - Starting to call Test Case 'Test Cases/Filtreler/BitisYaz'

2021-11-18 11:49:47 - [TEST_CASE][PASSED] - Test Cases/Filtreler/BitisYaz: Test Cases/Filtreler/BitisYaz

2021-11-18 11:49:47 - [TEST_STEP][PASSED] - Method.TextDegerineEsitElementinAltindakineTikla(findTestObject("Filtreler/Basliklar"), findTestObject("Filtreler/Basliga_Gore_Bitis_Image"), Filtre_Adi): Method.TextDegerineEsitElementinAltindakineTikla is PASSED

2021-11-18 11:49:47 - [MESSAGE][INFO] - Finding Test Object 'Object Repository/Filtreler/Basliklar'

2021-11-18 11:49:47 - [MESSAGE][INFO] - Finding Test Object 'Object Repository/Filtreler/Basliga_Gore_Bitis_Image'

2021-11-18 11:49:47 - [MESSAGE][INFO] - Checking timeout

2021-11-18 11:49:47 - [MESSAGE][INFO] - Finding web element with id: 'Object Repository/Filtreler/Basliklar' located by 'By.cssSelector: .control-label.col-sm-4.paddingMarginRLC' in '10' second(s)

2021-11-18 11:49:47 - [MESSAGE][INFO] - Smart Wait Function is triggered

2021-11-18 11:49:48 - [MESSAGE][INFO] - Found 14 web elements with id: 'Object Repository/Filtreler/Basliklar' located by 'By.cssSelector: .control-label.col-sm-4.paddingMarginRLC' in '10' second(s)

2021-11-18 11:49:48 - [MESSAGE][INFO] - Smart Wait Function is triggered

2021-11-18 11:49:48 - [MESSAGE][PASSED] - Method.TextDegerineEsitElementinAltindakineTikla is PASSED

2021-11-18 11:49:48 - [TEST_STEP][PASSED] - Method.TextDegerineEsitElementinAltindakiTextboxtaYaz(findTestObject("Filtreler/Basliklar"), findTestObject("Object Repository/Filtreler/Basliga_Gore_Bitis"), Filtre_Adi, Filtre_Degeri): Method.TextDegerineEsitElementinAltindakiTextboxtaYaz is PASSED

2021-11-18 11:49:48 - [MESSAGE][INFO] - Finding Test Object 'Object Repository/Filtreler/Basliklar'

2021-11-18 11:49:48 - [MESSAGE][INFO] - Finding Test Object 'Object Repository/Filtreler/Basliga_Gore_Bitis'

2021-11-18 11:49:48 - [MESSAGE][INFO] - Checking timeout

2021-11-18 11:49:48 - [MESSAGE][INFO] - Finding web element with id: 'Object Repository/Filtreler/Basliklar' located by 'By.cssSelector: .control-label.col-sm-4.paddingMarginRLC' in '10' second(s)

2021-11-18 11:49:48 - [MESSAGE][INFO] - Smart Wait Function is triggered

2021-11-18 11:49:48 - [MESSAGE][INFO] - Found 14 web elements with id: 'Object Repository/Filtreler/Basliklar' located by 'By.cssSelector: .control-label.col-sm-4.paddingMarginRLC' in '10' second(s)

2021-11-18 11:49:48 - [MESSAGE][INFO] - Smart Wait Function is triggered

2021-11-18 11:49:49 - [MESSAGE][PASSED] - Method.TextDegerineEsitElementinAltindakiTextboxtaYaz is PASSED

2021-11-18 11:49:49 - [MESSAGE][PASSED] - Call Test Case 'Test Cases/Filtreler/BitisYaz' successfully

2021-11-18 11:49:49 - [MESSAGE][INFO] - Checking called Test Case

2021-11-18 11:49:49 - [MESSAGE][INFO] - Starting to call Test Case 'Test Cases/Filtreler/ButonaTikla'

2021-11-18 11:49:49 - [TEST_CASE][PASSED] - Test Cases/Filtreler/ButonaTikla: Test Cases/Filtreler/ButonaTikla

2021-11-18 11:49:49 - [TEST_STEP][PASSED] - Method.TextDegerineEsitElementeTikla(findTestObject("Filtreler/Butonlar"), Filtre_Buton): Method.TextDegerineEsitElementeTikla is PASSED

2021-11-18 11:49:49 - [MESSAGE][INFO] - Finding Test Object 'Object Repository/Filtreler/Butonlar'

2021-11-18 11:49:49 - [MESSAGE][INFO] - Checking timeout

2021-11-18 11:49:49 - [MESSAGE][INFO] - Finding web element with id: 'Object Repository/Filtreler/Butonlar' located by 'By.cssSelector: .dxb>span' in '10' second(s)

2021-11-18 11:49:49 - [MESSAGE][INFO] - Smart Wait Function is triggered

2021-11-18 11:49:49 - [MESSAGE][INFO] - Found 3 web elements with id: 'Object Repository/Filtreler/Butonlar' located by 'By.cssSelector: .dxb>span' in '10' second(s)

2021-11-18 11:49:49 - [MESSAGE][PASSED] - Method.TextDegerineEsitElementeTikla is PASSED

2021-11-18 11:49:49 - [MESSAGE][PASSED] - Call Test Case 'Test Cases/Filtreler/ButonaTikla' successfully

2021-11-18 11:49:49 - [MESSAGE][INFO] - Checking called Test Case

2021-11-18 11:49:49 - [MESSAGE][INFO] - Starting to call Test Case 'Test Cases/Tablo/TablodaVeriVarMi'

2021-11-18 11:49:49 - [TEST_CASE][PASSED] - Test Cases/Tablo/TablodaVeriVarMi: Test Cases/Tablo/TablodaVeriVarMi

2021-11-18 11:49:49 - [TEST_STEP][PASSED] - verifyTextNotPresent("Görüntülenecek veri yok", true): Text 'Görüntülenecek veri yok' is not present on page using regular expression

2021-11-18 11:49:49 - [MESSAGE][INFO] - Checking text present  using regular expression

2021-11-18 11:49:49 - [MESSAGE][INFO] - Smart Wait Function is triggered

2021-11-18 11:49:50 - [MESSAGE][INFO] - Finding text 'Görüntülenecek veri yok' on page  using regular expression

2021-11-18 11:49:50 - [MESSAGE][PASSED] - Text 'Görüntülenecek veri yok' is not present on page using regular expression

2021-11-18 11:49:50 - [MESSAGE][PASSED] - Call Test Case 'Test Cases/Tablo/TablodaVeriVarMi' successfully

2021-11-18 11:49:50 - [MESSAGE][INFO] - Checking called Test Case

2021-11-18 11:49:50 - [MESSAGE][INFO] - Starting to call Test Case 'Test Cases/Tablo/TablodanVeriSec'

2021-11-18 11:49:50 - [TEST_CASE][PASSED] - Test Cases/Tablo/TablodanVeriSec: Test Cases/Tablo/TablodanVeriSec

2021-11-18 11:49:50 - [TEST_STEP][PASSED] - Method.TextDegerineEsitElementinAltindakineTikla(findTestObject("Tablo/Veriler"), findTestObject("Tablo/VerininCheckBoxi"), Veri_Adi): Method.TextDegerineEsitElementinAltindakineTikla is PASSED

2021-11-18 11:49:50 - [MESSAGE][INFO] - Finding Test Object 'Object Repository/Tablo/Veriler'

2021-11-18 11:49:51 - [MESSAGE][INFO] - Finding Test Object 'Object Repository/Tablo/VerininCheckBoxi'

2021-11-18 11:49:51 - [MESSAGE][INFO] - Checking timeout

2021-11-18 11:49:51 - [MESSAGE][INFO] - Finding web element with id: 'Object Repository/Tablo/Veriler' located by 'By.cssSelector: td.dxgv b ,td.dxgv' in '10' second(s)

2021-11-18 11:49:51 - [MESSAGE][INFO] - Smart Wait Function is triggered

2021-11-18 11:49:51 - [MESSAGE][INFO] - Found 13 web elements with id: 'Object Repository/Tablo/Veriler' located by 'By.cssSelector: td.dxgv b ,td.dxgv' in '10' second(s)

2021-11-18 11:49:51 - [MESSAGE][INFO] - Smart Wait Function is triggered

2021-11-18 11:49:51 - [MESSAGE][PASSED] - Method.TextDegerineEsitElementinAltindakineTikla is PASSED

2021-11-18 11:49:51 - [MESSAGE][PASSED] - Call Test Case 'Test Cases/Tablo/TablodanVeriSec' successfully

2021-11-18 11:49:51 - [MESSAGE][INFO] - Checking called Test Case

2021-11-18 11:49:51 - [MESSAGE][INFO] - Starting to call Test Case 'Test Cases/Butonlar/ButonaTikla'

2021-11-18 11:49:51 - [TEST_CASE][PASSED] - Test Cases/Butonlar/ButonaTikla: Test Cases/Butonlar/ButonaTikla

2021-11-18 11:49:51 - [TEST_STEP][PASSED] - Method.TextDegerineEsitElementeTiklaEquals(findTestObject("Butonlar/Butonlar"), Buton_Adi): Method.TextDegerineEsitElementeTiklaEquals is PASSED

2021-11-18 11:49:51 - [MESSAGE][INFO] - Finding Test Object 'Object Repository/Butonlar/Butonlar'

2021-11-18 11:49:51 - [MESSAGE][INFO] - Checking timeout

2021-11-18 11:49:51 - [MESSAGE][INFO] - Finding web element with id: 'Object Repository/Butonlar/Butonlar' located by 'By.cssSelector: .panel.panel-default.text-center.footerPanel .btn,.btn.btn-primary.btnControls' in '10' second(s)

2021-11-18 11:49:51 - [MESSAGE][INFO] - Smart Wait Function is triggered

2021-11-18 11:49:52 - [MESSAGE][INFO] - Found 13 web elements with id: 'Object Repository/Butonlar/Butonlar' located by 'By.cssSelector: .panel.panel-default.text-center.footerPanel .btn,.btn.btn-primary.btnControls' in '10' second(s)

2021-11-18 11:49:52 - [MESSAGE][PASSED] - Method.TextDegerineEsitElementeTiklaEquals is PASSED

2021-11-18 11:49:52 - [MESSAGE][PASSED] - Call Test Case 'Test Cases/Butonlar/ButonaTikla' successfully

2021-11-18 11:49:52 - [MESSAGE][INFO] - Checking called Test Case

2021-11-18 11:49:52 - [MESSAGE][INFO] - Starting to call Test Case 'Test Cases/Butonlar/AltButonaTikla'

2021-11-18 11:49:52 - [TEST_CASE][PASSED] - Test Cases/Butonlar/AltButonaTikla: Test Cases/Butonlar/AltButonaTikla

2021-11-18 11:49:52 - [TEST_STEP][PASSED] - Method.TextDegerineEsitElementeTikla(findTestObject("Butonlar/AltButonlar"), Alt_Buton): Method.TextDegerineEsitElementeTikla is PASSED

2021-11-18 11:49:52 - [MESSAGE][INFO] - Finding Test Object 'Object Repository/Butonlar/AltButonlar'

2021-11-18 11:49:52 - [MESSAGE][INFO] - Checking timeout

2021-11-18 11:49:52 - [MESSAGE][INFO] - Finding web element with id: 'Object Repository/Butonlar/AltButonlar' located by 'By.cssSelector: .btn-group.open li>a' in '10' second(s)

2021-11-18 11:49:52 - [MESSAGE][INFO] - Smart Wait Function is triggered

2021-11-18 11:49:52 - [MESSAGE][INFO] - Found 4 web elements with id: 'Object Repository/Butonlar/AltButonlar' located by 'By.cssSelector: .btn-group.open li>a' in '10' second(s)

2021-11-18 11:49:52 - [MESSAGE][PASSED] - Method.TextDegerineEsitElementeTikla is PASSED

2021-11-18 11:49:52 - [MESSAGE][PASSED] - Call Test Case 'Test Cases/Butonlar/AltButonaTikla' successfully

2021-11-18 11:49:52 - [MESSAGE][INFO] - Checking called Test Case

2021-11-18 11:49:52 - [MESSAGE][INFO] - Starting to call Test Case 'Test Cases/Popup/PopupMesajiIceriyorMu'

2021-11-18 11:49:52 - [TEST_CASE][PASSED] - Test Cases/Popup/PopupMesajiIceriyorMu: Test Cases/Popup/PopupMesajiIceriyorMu

2021-11-18 11:49:52 - [TEST_STEP][PASSED] - waitForElementVisible(findTestObject("Popup/Popup"), 10): Object 'Object Repository/Popup/Popup' is visible

2021-11-18 11:49:52 - [MESSAGE][INFO] - Finding Test Object 'Object Repository/Popup/Popup'

2021-11-18 11:49:53 - [MESSAGE][INFO] - Checking object

2021-11-18 11:49:53 - [MESSAGE][INFO] - Checking timeout

2021-11-18 11:49:53 - [MESSAGE][INFO] - Finding web element from Test Object's properties

2021-11-18 11:49:53 - [MESSAGE][INFO] - Checking timeout

2021-11-18 11:49:53 - [MESSAGE][INFO] - Finding web element with id: 'Object Repository/Popup/Popup' located by 'By.cssSelector: .bootbox-body' in '10' second(s)

2021-11-18 11:49:53 - [MESSAGE][INFO] - Smart Wait Function is triggered

2021-11-18 11:49:53 - [MESSAGE][INFO] - Found 1 web elements with id: 'Object Repository/Popup/Popup' located by 'By.cssSelector: .bootbox-body' in '10' second(s)

2021-11-18 11:49:53 - [MESSAGE][PASSED] - Object 'Object Repository/Popup/Popup' is visible

2021-11-18 11:49:53 - [TEST_STEP][PASSED] - if (!(getText(findTestObject("Popup/Popup")).contains(Mesaj))): Text of object 'Object Repository/Popup/Popup' is: 'Lütfen rapor bildiriminin gönderileceği e-posta adresini belirtiniz.
e-Posta Adresi'

2021-11-18 11:49:53 - [MESSAGE][INFO] - Finding Test Object 'Object Repository/Popup/Popup'

2021-11-18 11:49:54 - [MESSAGE][INFO] - Checking object

2021-11-18 11:49:54 - [MESSAGE][INFO] - Finding web element from Test Object's properties

2021-11-18 11:49:54 - [MESSAGE][INFO] - Checking timeout

2021-11-18 11:49:54 - [MESSAGE][INFO] - Finding web element with id: 'Object Repository/Popup/Popup' located by 'By.cssSelector: .bootbox-body' in '30' second(s)

2021-11-18 11:49:54 - [MESSAGE][INFO] - Smart Wait Function is triggered

2021-11-18 11:49:54 - [MESSAGE][INFO] - Found 1 web elements with id: 'Object Repository/Popup/Popup' located by 'By.cssSelector: .bootbox-body' in '30' second(s)

2021-11-18 11:49:54 - [MESSAGE][INFO] - Getting text of object 'Object Repository/Popup/Popup'

2021-11-18 11:49:54 - [MESSAGE][PASSED] - Text of object 'Object Repository/Popup/Popup' is: 'Lütfen rapor bildiriminin gönderileceği e-posta adresini belirtiniz.
e-Posta Adresi'

2021-11-18 11:49:54 - [TEST_STEP][PASSED] - RaporNo = getText(findTestObject("Popup/Popup")).substring(0, 6): Text of object 'Object Repository/Popup/Popup' is: 'Lütfen rapor bildiriminin gönderileceği e-posta adresini belirtiniz.
e-Posta Adresi'

2021-11-18 11:49:54 - [MESSAGE][INFO] - Finding Test Object 'Object Repository/Popup/Popup'

2021-11-18 11:49:54 - [MESSAGE][INFO] - Checking object

2021-11-18 11:49:54 - [MESSAGE][INFO] - Finding web element from Test Object's properties

2021-11-18 11:49:54 - [MESSAGE][INFO] - Checking timeout

2021-11-18 11:49:54 - [MESSAGE][INFO] - Finding web element with id: 'Object Repository/Popup/Popup' located by 'By.cssSelector: .bootbox-body' in '30' second(s)

2021-11-18 11:49:54 - [MESSAGE][INFO] - Smart Wait Function is triggered

2021-11-18 11:49:54 - [MESSAGE][INFO] - Found 1 web elements with id: 'Object Repository/Popup/Popup' located by 'By.cssSelector: .bootbox-body' in '30' second(s)

2021-11-18 11:49:54 - [MESSAGE][INFO] - Getting text of object 'Object Repository/Popup/Popup'

2021-11-18 11:49:54 - [MESSAGE][PASSED] - Text of object 'Object Repository/Popup/Popup' is: 'Lütfen rapor bildiriminin gönderileceği e-posta adresini belirtiniz.
e-Posta Adresi'

2021-11-18 11:49:54 - [TEST_STEP][PASSED] - Console.println(RaporNo): null

2021-11-18 11:49:54 - [MESSAGE][PASSED] - Call Test Case 'Test Cases/Popup/PopupMesajiIceriyorMu' successfully

2021-11-18 11:49:54 - [MESSAGE][INFO] - Checking called Test Case

2021-11-18 11:49:54 - [MESSAGE][INFO] - Starting to call Test Case 'Test Cases/Popup/PopupaEmailEklenir'

2021-11-18 11:49:54 - [TEST_CASE][PASSED] - Test Cases/Popup/PopupaEmailEklenir: Test Cases/Popup/PopupaEmailEklenir

2021-11-18 11:49:54 - [TEST_STEP][PASSED] - clearText(findTestObject("Popup/EmailText")): Text of object 'Object Repository/Popup/EmailText' is cleared

2021-11-18 11:49:54 - [MESSAGE][INFO] - Finding Test Object 'Object Repository/Popup/EmailText'

2021-11-18 11:49:54 - [MESSAGE][INFO] - Checking object

2021-11-18 11:49:54 - [MESSAGE][INFO] - Finding web element from Test Object's properties

2021-11-18 11:49:54 - [MESSAGE][INFO] - Checking timeout

2021-11-18 11:49:54 - [MESSAGE][INFO] - Finding web element with id: 'Object Repository/Popup/EmailText' located by 'By.xpath: //*[@id="eMails"]' in '30' second(s)

2021-11-18 11:49:54 - [MESSAGE][INFO] - Smart Wait Function is triggered

2021-11-18 11:49:55 - [MESSAGE][INFO] - Found 1 web elements with id: 'Object Repository/Popup/EmailText' located by 'By.xpath: //*[@id="eMails"]' in '30' second(s)

2021-11-18 11:49:55 - [MESSAGE][INFO] - Clearing text of object 'Object Repository/Popup/EmailText'

2021-11-18 11:49:55 - [MESSAGE][PASSED] - Text of object 'Object Repository/Popup/EmailText' is cleared

2021-11-18 11:49:55 - [TEST_STEP][PASSED] - sendKeys(findTestObject("Popup/EmailText"), Email): Keys 'elogotest@gmail.com;ali.kara@logo.com.tr' sent to object: 'Object Repository/Popup/EmailText'

2021-11-18 11:49:55 - [MESSAGE][INFO] - Finding Test Object 'Object Repository/Popup/EmailText'

2021-11-18 11:49:55 - [MESSAGE][INFO] - Sending keys 'elogotest@gmail.com;ali.kara@logo.com.tr' to object: 'Object Repository/Popup/EmailText'

2021-11-18 11:49:55 - [MESSAGE][INFO] - Finding web element from Test Object's properties

2021-11-18 11:49:55 - [MESSAGE][INFO] - Checking timeout

2021-11-18 11:49:55 - [MESSAGE][INFO] - Finding web element with id: 'Object Repository/Popup/EmailText' located by 'By.xpath: //*[@id="eMails"]' in '30' second(s)

2021-11-18 11:49:55 - [MESSAGE][INFO] - Smart Wait Function is triggered

2021-11-18 11:49:55 - [MESSAGE][INFO] - Found 1 web elements with id: 'Object Repository/Popup/EmailText' located by 'By.xpath: //*[@id="eMails"]' in '30' second(s)

2021-11-18 11:49:55 - [MESSAGE][PASSED] - Keys 'elogotest@gmail.com;ali.kara@logo.com.tr' sent to object: 'Object Repository/Popup/EmailText'

2021-11-18 11:49:55 - [MESSAGE][PASSED] - Call Test Case 'Test Cases/Popup/PopupaEmailEklenir' successfully

2021-11-18 11:49:55 - [MESSAGE][INFO] - Checking called Test Case

2021-11-18 11:49:55 - [MESSAGE][INFO] - Starting to call Test Case 'Test Cases/Popup/PopupButonSecilir'

2021-11-18 11:49:55 - [TEST_CASE][PASSED] - Test Cases/Popup/PopupButonSecilir: Test Cases/Popup/PopupButonSecilir

2021-11-18 11:49:55 - [TEST_STEP][PASSED] - Method.TextDegerineEsitElementeTikla(findTestObject("Popup/Popup_Butons"), Buton): Method.TextDegerineEsitElementeTikla is PASSED

2021-11-18 11:49:55 - [MESSAGE][INFO] - Finding Test Object 'Object Repository/Popup/Popup_Butons'

2021-11-18 11:49:55 - [MESSAGE][INFO] - Checking timeout

2021-11-18 11:49:55 - [MESSAGE][INFO] - Finding web element with id: 'Object Repository/Popup/Popup_Butons' located by 'By.cssSelector: .modal-footer>button' in '10' second(s)

2021-11-18 11:49:55 - [MESSAGE][INFO] - Smart Wait Function is triggered

2021-11-18 11:49:56 - [MESSAGE][INFO] - Found 2 web elements with id: 'Object Repository/Popup/Popup_Butons' located by 'By.cssSelector: .modal-footer>button' in '10' second(s)

2021-11-18 11:49:56 - [MESSAGE][PASSED] - Method.TextDegerineEsitElementeTikla is PASSED

2021-11-18 11:49:56 - [MESSAGE][PASSED] - Call Test Case 'Test Cases/Popup/PopupButonSecilir' successfully

2021-11-18 11:49:56 - [MESSAGE][INFO] - Checking called Test Case

2021-11-18 11:49:56 - [MESSAGE][INFO] - Starting to call Test Case 'Test Cases/Popup/PopupMesajiIceriyorMu'

2021-11-18 11:49:56 - [TEST_CASE][PASSED] - Test Cases/Popup/PopupMesajiIceriyorMu: Test Cases/Popup/PopupMesajiIceriyorMu

2021-11-18 11:49:56 - [TEST_STEP][PASSED] - waitForElementVisible(findTestObject("Popup/Popup"), 10): Object 'Object Repository/Popup/Popup' is visible

2021-11-18 11:49:56 - [MESSAGE][INFO] - Finding Test Object 'Object Repository/Popup/Popup'

2021-11-18 11:49:56 - [MESSAGE][INFO] - Checking object

2021-11-18 11:49:56 - [MESSAGE][INFO] - Checking timeout

2021-11-18 11:49:56 - [MESSAGE][INFO] - Finding web element from Test Object's properties

2021-11-18 11:49:56 - [MESSAGE][INFO] - Checking timeout

2021-11-18 11:49:56 - [MESSAGE][INFO] - Finding web element with id: 'Object Repository/Popup/Popup' located by 'By.cssSelector: .bootbox-body' in '10' second(s)

2021-11-18 11:49:56 - [MESSAGE][INFO] - Smart Wait Function is triggered

2021-11-18 11:49:56 - [MESSAGE][INFO] - Found 1 web elements with id: 'Object Repository/Popup/Popup' located by 'By.cssSelector: .bootbox-body' in '10' second(s)

2021-11-18 11:49:57 - [MESSAGE][PASSED] - Object 'Object Repository/Popup/Popup' is visible

2021-11-18 11:49:57 - [TEST_STEP][PASSED] - if (!(getText(findTestObject("Popup/Popup")).contains(Mesaj))): Text of object 'Object Repository/Popup/Popup' is: '17418 no’lu talebiniz işleme alınmıştır. Raporunuz hazırlandığında (elogotest@gmail.com;ali.kara@logo.com.tr) adresinize mail gönderilecektir.
Rapor durumunuzu Raporlar > Toplu Veri İndirme ekranından takip edebilir, hazırlandı durumundaki raporlarınızı ilgili menüden indirebilirsiniz.'

2021-11-18 11:49:57 - [MESSAGE][INFO] - Finding Test Object 'Object Repository/Popup/Popup'

2021-11-18 11:49:57 - [MESSAGE][INFO] - Checking object

2021-11-18 11:49:57 - [MESSAGE][INFO] - Finding web element from Test Object's properties

2021-11-18 11:49:57 - [MESSAGE][INFO] - Checking timeout

2021-11-18 11:49:57 - [MESSAGE][INFO] - Finding web element with id: 'Object Repository/Popup/Popup' located by 'By.cssSelector: .bootbox-body' in '30' second(s)

2021-11-18 11:49:57 - [MESSAGE][INFO] - Smart Wait Function is triggered

2021-11-18 11:49:57 - [MESSAGE][INFO] - Found 1 web elements with id: 'Object Repository/Popup/Popup' located by 'By.cssSelector: .bootbox-body' in '30' second(s)

2021-11-18 11:49:57 - [MESSAGE][INFO] - Getting text of object 'Object Repository/Popup/Popup'

2021-11-18 11:49:57 - [MESSAGE][PASSED] - Text of object 'Object Repository/Popup/Popup' is: '17418 no’lu talebiniz işleme alınmıştır. Raporunuz hazırlandığında (elogotest@gmail.com;ali.kara@logo.com.tr) adresinize mail gönderilecektir.
Rapor durumunuzu Raporlar > Toplu Veri İndirme ekranından takip edebilir, hazırlandı durumundaki raporlarınızı ilgili menüden indirebilirsiniz.'

2021-11-18 11:49:57 - [TEST_STEP][PASSED] - RaporNo = getText(findTestObject("Popup/Popup")).substring(0, 6): Text of object 'Object Repository/Popup/Popup' is: '17418 no’lu talebiniz işleme alınmıştır. Raporunuz hazırlandığında (elogotest@gmail.com;ali.kara@logo.com.tr) adresinize mail gönderilecektir.
Rapor durumunuzu Raporlar > Toplu Veri İndirme ekranından takip edebilir, hazırlandı durumundaki raporlarınızı ilgili menüden indirebilirsiniz.'

2021-11-18 11:49:57 - [MESSAGE][INFO] - Finding Test Object 'Object Repository/Popup/Popup'

2021-11-18 11:49:57 - [MESSAGE][INFO] - Checking object

2021-11-18 11:49:57 - [MESSAGE][INFO] - Finding web element from Test Object's properties

2021-11-18 11:49:57 - [MESSAGE][INFO] - Checking timeout

2021-11-18 11:49:57 - [MESSAGE][INFO] - Finding web element with id: 'Object Repository/Popup/Popup' located by 'By.cssSelector: .bootbox-body' in '30' second(s)

2021-11-18 11:49:57 - [MESSAGE][INFO] - Smart Wait Function is triggered

2021-11-18 11:49:57 - [MESSAGE][INFO] - Found 1 web elements with id: 'Object Repository/Popup/Popup' located by 'By.cssSelector: .bootbox-body' in '30' second(s)

2021-11-18 11:49:57 - [MESSAGE][INFO] - Getting text of object 'Object Repository/Popup/Popup'

2021-11-18 11:49:57 - [MESSAGE][PASSED] - Text of object 'Object Repository/Popup/Popup' is: '17418 no’lu talebiniz işleme alınmıştır. Raporunuz hazırlandığında (elogotest@gmail.com;ali.kara@logo.com.tr) adresinize mail gönderilecektir.
Rapor durumunuzu Raporlar > Toplu Veri İndirme ekranından takip edebilir, hazırlandı durumundaki raporlarınızı ilgili menüden indirebilirsiniz.'

2021-11-18 11:49:57 - [TEST_STEP][PASSED] - Console.println(RaporNo): null

2021-11-18 11:49:57 - [MESSAGE][PASSED] - Call Test Case 'Test Cases/Popup/PopupMesajiIceriyorMu' successfully

2021-11-18 11:49:57 - [MESSAGE][INFO] - Checking called Test Case

2021-11-18 11:49:57 - [MESSAGE][INFO] - Starting to call Test Case 'Test Cases/Popup/PopupButonSecilir'

2021-11-18 11:49:57 - [TEST_CASE][PASSED] - Test Cases/Popup/PopupButonSecilir: Test Cases/Popup/PopupButonSecilir

2021-11-18 11:49:57 - [TEST_STEP][PASSED] - Method.TextDegerineEsitElementeTikla(findTestObject("Popup/Popup_Butons"), Buton): Method.TextDegerineEsitElementeTikla is PASSED

2021-11-18 11:49:57 - [MESSAGE][INFO] - Finding Test Object 'Object Repository/Popup/Popup_Butons'

2021-11-18 11:49:57 - [MESSAGE][INFO] - Checking timeout

2021-11-18 11:49:57 - [MESSAGE][INFO] - Finding web element with id: 'Object Repository/Popup/Popup_Butons' located by 'By.cssSelector: .modal-footer>button' in '10' second(s)

2021-11-18 11:49:57 - [MESSAGE][INFO] - Smart Wait Function is triggered

2021-11-18 11:49:58 - [MESSAGE][INFO] - Found 1 web elements with id: 'Object Repository/Popup/Popup_Butons' located by 'By.cssSelector: .modal-footer>button' in '10' second(s)

2021-11-18 11:49:58 - [MESSAGE][PASSED] - Method.TextDegerineEsitElementeTikla is PASSED

2021-11-18 11:49:58 - [MESSAGE][PASSED] - Call Test Case 'Test Cases/Popup/PopupButonSecilir' successfully

2021-11-18 11:49:58 - [MESSAGE][INFO] - Checking called Test Case

2021-11-18 11:49:58 - [MESSAGE][INFO] - Starting to call Test Case 'Test Cases/Butonlar/ButonaTikla'

2021-11-18 11:49:58 - [TEST_CASE][PASSED] - Test Cases/Butonlar/ButonaTikla: Test Cases/Butonlar/ButonaTikla

2021-11-18 11:49:58 - [TEST_STEP][PASSED] - Method.TextDegerineEsitElementeTiklaEquals(findTestObject("Butonlar/Butonlar"), Buton_Adi): Method.TextDegerineEsitElementeTiklaEquals is PASSED

2021-11-18 11:49:58 - [MESSAGE][INFO] - Finding Test Object 'Object Repository/Butonlar/Butonlar'

2021-11-18 11:49:58 - [MESSAGE][INFO] - Checking timeout

2021-11-18 11:49:58 - [MESSAGE][INFO] - Finding web element with id: 'Object Repository/Butonlar/Butonlar' located by 'By.cssSelector: .panel.panel-default.text-center.footerPanel .btn,.btn.btn-primary.btnControls' in '10' second(s)

2021-11-18 11:49:58 - [MESSAGE][INFO] - Smart Wait Function is triggered

2021-11-18 11:49:59 - [MESSAGE][INFO] - Found 13 web elements with id: 'Object Repository/Butonlar/Butonlar' located by 'By.cssSelector: .panel.panel-default.text-center.footerPanel .btn,.btn.btn-primary.btnControls' in '10' second(s)

2021-11-18 11:49:59 - [MESSAGE][PASSED] - Method.TextDegerineEsitElementeTiklaEquals is PASSED

2021-11-18 11:49:59 - [MESSAGE][PASSED] - Call Test Case 'Test Cases/Butonlar/ButonaTikla' successfully

2021-11-18 11:49:59 - [MESSAGE][INFO] - Checking called Test Case

2021-11-18 11:49:59 - [MESSAGE][INFO] - Starting to call Test Case 'Test Cases/Butonlar/AltButonaTikla'

2021-11-18 11:49:59 - [TEST_CASE][PASSED] - Test Cases/Butonlar/AltButonaTikla: Test Cases/Butonlar/AltButonaTikla

2021-11-18 11:49:59 - [TEST_STEP][PASSED] - Method.TextDegerineEsitElementeTikla(findTestObject("Butonlar/AltButonlar"), Alt_Buton): Method.TextDegerineEsitElementeTikla is PASSED

2021-11-18 11:49:59 - [MESSAGE][INFO] - Finding Test Object 'Object Repository/Butonlar/AltButonlar'

2021-11-18 11:49:59 - [MESSAGE][INFO] - Checking timeout

2021-11-18 11:49:59 - [MESSAGE][INFO] - Finding web element with id: 'Object Repository/Butonlar/AltButonlar' located by 'By.cssSelector: .btn-group.open li>a' in '10' second(s)

2021-11-18 11:49:59 - [MESSAGE][INFO] - Smart Wait Function is triggered

2021-11-18 11:49:59 - [MESSAGE][INFO] - Found 4 web elements with id: 'Object Repository/Butonlar/AltButonlar' located by 'By.cssSelector: .btn-group.open li>a' in '10' second(s)

2021-11-18 11:49:59 - [MESSAGE][PASSED] - Method.TextDegerineEsitElementeTikla is PASSED

2021-11-18 11:49:59 - [MESSAGE][PASSED] - Call Test Case 'Test Cases/Butonlar/AltButonaTikla' successfully

2021-11-18 11:49:59 - [MESSAGE][INFO] - Checking called Test Case

2021-11-18 11:49:59 - [MESSAGE][INFO] - Starting to call Test Case 'Test Cases/Popup/PopupMesajiIceriyorMu'

2021-11-18 11:49:59 - [TEST_CASE][PASSED] - Test Cases/Popup/PopupMesajiIceriyorMu: Test Cases/Popup/PopupMesajiIceriyorMu

2021-11-18 11:49:59 - [TEST_STEP][PASSED] - waitForElementVisible(findTestObject("Popup/Popup"), 10): Object 'Object Repository/Popup/Popup' is visible

2021-11-18 11:49:59 - [MESSAGE][INFO] - Finding Test Object 'Object Repository/Popup/Popup'

2021-11-18 11:49:59 - [MESSAGE][INFO] - Checking object

2021-11-18 11:49:59 - [MESSAGE][INFO] - Checking timeout

2021-11-18 11:49:59 - [MESSAGE][INFO] - Finding web element from Test Object's properties

2021-11-18 11:49:59 - [MESSAGE][INFO] - Checking timeout

2021-11-18 11:49:59 - [MESSAGE][INFO] - Finding web element with id: 'Object Repository/Popup/Popup' located by 'By.cssSelector: .bootbox-body' in '10' second(s)

2021-11-18 11:49:59 - [MESSAGE][INFO] - Smart Wait Function is triggered

2021-11-18 11:50:00 - [MESSAGE][INFO] - Found 1 web elements with id: 'Object Repository/Popup/Popup' located by 'By.cssSelector: .bootbox-body' in '10' second(s)

2021-11-18 11:50:00 - [MESSAGE][PASSED] - Object 'Object Repository/Popup/Popup' is visible

2021-11-18 11:50:00 - [TEST_STEP][PASSED] - if (!(getText(findTestObject("Popup/Popup")).contains(Mesaj))): Text of object 'Object Repository/Popup/Popup' is: 'Lütfen rapor bildiriminin gönderileceği e-posta adresini belirtiniz.
e-Posta Adresi'

2021-11-18 11:50:00 - [MESSAGE][INFO] - Finding Test Object 'Object Repository/Popup/Popup'

2021-11-18 11:50:00 - [MESSAGE][INFO] - Checking object

2021-11-18 11:50:00 - [MESSAGE][INFO] - Finding web element from Test Object's properties

2021-11-18 11:50:00 - [MESSAGE][INFO] - Checking timeout

2021-11-18 11:50:00 - [MESSAGE][INFO] - Finding web element with id: 'Object Repository/Popup/Popup' located by 'By.cssSelector: .bootbox-body' in '30' second(s)

2021-11-18 11:50:00 - [MESSAGE][INFO] - Smart Wait Function is triggered

2021-11-18 11:50:00 - [MESSAGE][INFO] - Found 1 web elements with id: 'Object Repository/Popup/Popup' located by 'By.cssSelector: .bootbox-body' in '30' second(s)

2021-11-18 11:50:00 - [MESSAGE][INFO] - Getting text of object 'Object Repository/Popup/Popup'

2021-11-18 11:50:00 - [MESSAGE][PASSED] - Text of object 'Object Repository/Popup/Popup' is: 'Lütfen rapor bildiriminin gönderileceği e-posta adresini belirtiniz.
e-Posta Adresi'

2021-11-18 11:50:00 - [TEST_STEP][PASSED] - RaporNo = getText(findTestObject("Popup/Popup")).substring(0, 6): Text of object 'Object Repository/Popup/Popup' is: 'Lütfen rapor bildiriminin gönderileceği e-posta adresini belirtiniz.
e-Posta Adresi'

2021-11-18 11:50:00 - [MESSAGE][INFO] - Finding Test Object 'Object Repository/Popup/Popup'

2021-11-18 11:50:00 - [MESSAGE][INFO] - Checking object

2021-11-18 11:50:00 - [MESSAGE][INFO] - Finding web element from Test Object's properties

2021-11-18 11:50:00 - [MESSAGE][INFO] - Checking timeout

2021-11-18 11:50:00 - [MESSAGE][INFO] - Finding web element with id: 'Object Repository/Popup/Popup' located by 'By.cssSelector: .bootbox-body' in '30' second(s)

2021-11-18 11:50:00 - [MESSAGE][INFO] - Smart Wait Function is triggered

2021-11-18 11:50:01 - [MESSAGE][INFO] - Found 1 web elements with id: 'Object Repository/Popup/Popup' located by 'By.cssSelector: .bootbox-body' in '30' second(s)

2021-11-18 11:50:01 - [MESSAGE][INFO] - Getting text of object 'Object Repository/Popup/Popup'

2021-11-18 11:50:01 - [MESSAGE][PASSED] - Text of object 'Object Repository/Popup/Popup' is: 'Lütfen rapor bildiriminin gönderileceği e-posta adresini belirtiniz.
e-Posta Adresi'

2021-11-18 11:50:01 - [TEST_STEP][PASSED] - Console.println(RaporNo): null

2021-11-18 11:50:01 - [MESSAGE][PASSED] - Call Test Case 'Test Cases/Popup/PopupMesajiIceriyorMu' successfully

2021-11-18 11:50:01 - [MESSAGE][INFO] - Checking called Test Case

2021-11-18 11:50:01 - [MESSAGE][INFO] - Starting to call Test Case 'Test Cases/Popup/PopupaEmailEklenir'

2021-11-18 11:50:01 - [TEST_CASE][PASSED] - Test Cases/Popup/PopupaEmailEklenir: Test Cases/Popup/PopupaEmailEklenir

2021-11-18 11:50:01 - [TEST_STEP][PASSED] - clearText(findTestObject("Popup/EmailText")): Text of object 'Object Repository/Popup/EmailText' is cleared

2021-11-18 11:50:01 - [MESSAGE][INFO] - Finding Test Object 'Object Repository/Popup/EmailText'

2021-11-18 11:50:01 - [MESSAGE][INFO] - Checking object

2021-11-18 11:50:01 - [MESSAGE][INFO] - Finding web element from Test Object's properties

2021-11-18 11:50:01 - [MESSAGE][INFO] - Checking timeout

2021-11-18 11:50:01 - [MESSAGE][INFO] - Finding web element with id: 'Object Repository/Popup/EmailText' located by 'By.xpath: //*[@id="eMails"]' in '30' second(s)

2021-11-18 11:50:01 - [MESSAGE][INFO] - Smart Wait Function is triggered

2021-11-18 11:50:01 - [MESSAGE][INFO] - Found 1 web elements with id: 'Object Repository/Popup/EmailText' located by 'By.xpath: //*[@id="eMails"]' in '30' second(s)

2021-11-18 11:50:01 - [MESSAGE][INFO] - Clearing text of object 'Object Repository/Popup/EmailText'

2021-11-18 11:50:01 - [MESSAGE][PASSED] - Text of object 'Object Repository/Popup/EmailText' is cleared

2021-11-18 11:50:01 - [TEST_STEP][PASSED] - sendKeys(findTestObject("Popup/EmailText"), Email): Keys 'elogotest@gmail.com;ali.kara@logo.com.tr' sent to object: 'Object Repository/Popup/EmailText'

2021-11-18 11:50:01 - [MESSAGE][INFO] - Finding Test Object 'Object Repository/Popup/EmailText'

2021-11-18 11:50:01 - [MESSAGE][INFO] - Sending keys 'elogotest@gmail.com;ali.kara@logo.com.tr' to object: 'Object Repository/Popup/EmailText'

2021-11-18 11:50:01 - [MESSAGE][INFO] - Finding web element from Test Object's properties

2021-11-18 11:50:01 - [MESSAGE][INFO] - Checking timeout

2021-11-18 11:50:01 - [MESSAGE][INFO] - Finding web element with id: 'Object Repository/Popup/EmailText' located by 'By.xpath: //*[@id="eMails"]' in '30' second(s)

2021-11-18 11:50:01 - [MESSAGE][INFO] - Smart Wait Function is triggered

2021-11-18 11:50:02 - [MESSAGE][INFO] - Found 1 web elements with id: 'Object Repository/Popup/EmailText' located by 'By.xpath: //*[@id="eMails"]' in '30' second(s)

2021-11-18 11:50:02 - [MESSAGE][PASSED] - Keys 'elogotest@gmail.com;ali.kara@logo.com.tr' sent to object: 'Object Repository/Popup/EmailText'

2021-11-18 11:50:02 - [MESSAGE][PASSED] - Call Test Case 'Test Cases/Popup/PopupaEmailEklenir' successfully

2021-11-18 11:50:02 - [MESSAGE][INFO] - Checking called Test Case

2021-11-18 11:50:02 - [MESSAGE][INFO] - Starting to call Test Case 'Test Cases/Popup/PopupButonSecilir'

2021-11-18 11:50:02 - [TEST_CASE][PASSED] - Test Cases/Popup/PopupButonSecilir: Test Cases/Popup/PopupButonSecilir

2021-11-18 11:50:02 - [TEST_STEP][PASSED] - Method.TextDegerineEsitElementeTikla(findTestObject("Popup/Popup_Butons"), Buton): Method.TextDegerineEsitElementeTikla is PASSED

2021-11-18 11:50:02 - [MESSAGE][INFO] - Finding Test Object 'Object Repository/Popup/Popup_Butons'

2021-11-18 11:50:02 - [MESSAGE][INFO] - Checking timeout

2021-11-18 11:50:02 - [MESSAGE][INFO] - Finding web element with id: 'Object Repository/Popup/Popup_Butons' located by 'By.cssSelector: .modal-footer>button' in '10' second(s)

2021-11-18 11:50:02 - [MESSAGE][INFO] - Smart Wait Function is triggered

2021-11-18 11:50:02 - [MESSAGE][INFO] - Found 2 web elements with id: 'Object Repository/Popup/Popup_Butons' located by 'By.cssSelector: .modal-footer>button' in '10' second(s)

2021-11-18 11:50:02 - [MESSAGE][PASSED] - Method.TextDegerineEsitElementeTikla is PASSED

2021-11-18 11:50:02 - [MESSAGE][PASSED] - Call Test Case 'Test Cases/Popup/PopupButonSecilir' successfully

2021-11-18 11:50:02 - [MESSAGE][INFO] - Checking called Test Case

2021-11-18 11:50:02 - [MESSAGE][INFO] - Starting to call Test Case 'Test Cases/Popup/PopupMesajiIceriyorMu'

2021-11-18 11:50:02 - [TEST_CASE][PASSED] - Test Cases/Popup/PopupMesajiIceriyorMu: Test Cases/Popup/PopupMesajiIceriyorMu

2021-11-18 11:50:02 - [TEST_STEP][PASSED] - waitForElementVisible(findTestObject("Popup/Popup"), 10): Object 'Object Repository/Popup/Popup' is visible

2021-11-18 11:50:02 - [MESSAGE][INFO] - Finding Test Object 'Object Repository/Popup/Popup'

2021-11-18 11:50:03 - [MESSAGE][INFO] - Checking object

2021-11-18 11:50:03 - [MESSAGE][INFO] - Checking timeout

2021-11-18 11:50:03 - [MESSAGE][INFO] - Finding web element from Test Object's properties

2021-11-18 11:50:03 - [MESSAGE][INFO] - Checking timeout

2021-11-18 11:50:03 - [MESSAGE][INFO] - Finding web element with id: 'Object Repository/Popup/Popup' located by 'By.cssSelector: .bootbox-body' in '10' second(s)

2021-11-18 11:50:03 - [MESSAGE][INFO] - Smart Wait Function is triggered

2021-11-18 11:50:05 - [MESSAGE][INFO] - Found 1 web elements with id: 'Object Repository/Popup/Popup' located by 'By.cssSelector: .bootbox-body' in '10' second(s)

2021-11-18 11:50:05 - [MESSAGE][PASSED] - Object 'Object Repository/Popup/Popup' is visible

2021-11-18 11:50:05 - [TEST_STEP][PASSED] - if (!(getText(findTestObject("Popup/Popup")).contains(Mesaj))): Text of object 'Object Repository/Popup/Popup' is: '17419 no’lu talebiniz işleme alınmıştır. Raporunuz hazırlandığında (elogotest@gmail.com;ali.kara@logo.com.tr) adresinize mail gönderilecektir.
Rapor durumunuzu Raporlar > Toplu Veri İndirme ekranından takip edebilir, hazırlandı durumundaki raporlarınızı ilgili menüden indirebilirsiniz.'

2021-11-18 11:50:05 - [MESSAGE][INFO] - Finding Test Object 'Object Repository/Popup/Popup'

2021-11-18 11:50:06 - [MESSAGE][INFO] - Checking object

2021-11-18 11:50:06 - [MESSAGE][INFO] - Finding web element from Test Object's properties

2021-11-18 11:50:06 - [MESSAGE][INFO] - Checking timeout

2021-11-18 11:50:06 - [MESSAGE][INFO] - Finding web element with id: 'Object Repository/Popup/Popup' located by 'By.cssSelector: .bootbox-body' in '30' second(s)

2021-11-18 11:50:06 - [MESSAGE][INFO] - Smart Wait Function is triggered

2021-11-18 11:50:06 - [MESSAGE][INFO] - Found 1 web elements with id: 'Object Repository/Popup/Popup' located by 'By.cssSelector: .bootbox-body' in '30' second(s)

2021-11-18 11:50:06 - [MESSAGE][INFO] - Getting text of object 'Object Repository/Popup/Popup'

2021-11-18 11:50:06 - [MESSAGE][PASSED] - Text of object 'Object Repository/Popup/Popup' is: '17419 no’lu talebiniz işleme alınmıştır. Raporunuz hazırlandığında (elogotest@gmail.com;ali.kara@logo.com.tr) adresinize mail gönderilecektir.
Rapor durumunuzu Raporlar > Toplu Veri İndirme ekranından takip edebilir, hazırlandı durumundaki raporlarınızı ilgili menüden indirebilirsiniz.'

2021-11-18 11:50:06 - [TEST_STEP][PASSED] - RaporNo = getText(findTestObject("Popup/Popup")).substring(0, 6): Text of object 'Object Repository/Popup/Popup' is: '17419 no’lu talebiniz işleme alınmıştır. Raporunuz hazırlandığında (elogotest@gmail.com;ali.kara@logo.com.tr) adresinize mail gönderilecektir.
Rapor durumunuzu Raporlar > Toplu Veri İndirme ekranından takip edebilir, hazırlandı durumundaki raporlarınızı ilgili menüden indirebilirsiniz.'

2021-11-18 11:50:06 - [MESSAGE][INFO] - Finding Test Object 'Object Repository/Popup/Popup'

2021-11-18 11:50:06 - [MESSAGE][INFO] - Checking object

2021-11-18 11:50:06 - [MESSAGE][INFO] - Finding web element from Test Object's properties

2021-11-18 11:50:06 - [MESSAGE][INFO] - Checking timeout

2021-11-18 11:50:06 - [MESSAGE][INFO] - Finding web element with id: 'Object Repository/Popup/Popup' located by 'By.cssSelector: .bootbox-body' in '30' second(s)

2021-11-18 11:50:06 - [MESSAGE][INFO] - Smart Wait Function is triggered

2021-11-18 11:50:06 - [MESSAGE][INFO] - Found 1 web elements with id: 'Object Repository/Popup/Popup' located by 'By.cssSelector: .bootbox-body' in '30' second(s)

2021-11-18 11:50:06 - [MESSAGE][INFO] - Getting text of object 'Object Repository/Popup/Popup'

2021-11-18 11:50:06 - [MESSAGE][PASSED] - Text of object 'Object Repository/Popup/Popup' is: '17419 no’lu talebiniz işleme alınmıştır. Raporunuz hazırlandığında (elogotest@gmail.com;ali.kara@logo.com.tr) adresinize mail gönderilecektir.
Rapor durumunuzu Raporlar > Toplu Veri İndirme ekranından takip edebilir, hazırlandı durumundaki raporlarınızı ilgili menüden indirebilirsiniz.'

2021-11-18 11:50:06 - [TEST_STEP][PASSED] - Console.println(RaporNo): null

2021-11-18 11:50:06 - [MESSAGE][PASSED] - Call Test Case 'Test Cases/Popup/PopupMesajiIceriyorMu' successfully

2021-11-18 11:50:06 - [MESSAGE][INFO] - Checking called Test Case

2021-11-18 11:50:06 - [MESSAGE][INFO] - Starting to call Test Case 'Test Cases/Popup/PopupButonSecilir'

2021-11-18 11:50:06 - [TEST_CASE][PASSED] - Test Cases/Popup/PopupButonSecilir: Test Cases/Popup/PopupButonSecilir

2021-11-18 11:50:06 - [TEST_STEP][PASSED] - Method.TextDegerineEsitElementeTikla(findTestObject("Popup/Popup_Butons"), Buton): Method.TextDegerineEsitElementeTikla is PASSED

2021-11-18 11:50:06 - [MESSAGE][INFO] - Finding Test Object 'Object Repository/Popup/Popup_Butons'

2021-11-18 11:50:06 - [MESSAGE][INFO] - Checking timeout

2021-11-18 11:50:06 - [MESSAGE][INFO] - Finding web element with id: 'Object Repository/Popup/Popup_Butons' located by 'By.cssSelector: .modal-footer>button' in '10' second(s)

2021-11-18 11:50:06 - [MESSAGE][INFO] - Smart Wait Function is triggered

2021-11-18 11:50:07 - [MESSAGE][INFO] - Found 1 web elements with id: 'Object Repository/Popup/Popup_Butons' located by 'By.cssSelector: .modal-footer>button' in '10' second(s)

2021-11-18 11:50:07 - [MESSAGE][PASSED] - Method.TextDegerineEsitElementeTikla is PASSED

2021-11-18 11:50:07 - [MESSAGE][PASSED] - Call Test Case 'Test Cases/Popup/PopupButonSecilir' successfully

2021-11-18 11:50:07 - [MESSAGE][INFO] - Checking called Test Case

2021-11-18 11:50:07 - [MESSAGE][INFO] - Starting to call Test Case 'Test Cases/Menu/AnaMenuSecimi'

2021-11-18 11:50:07 - [TEST_CASE][PASSED] - Test Cases/Menu/AnaMenuSecimi: Test Cases/Menu/AnaMenuSecimi

2021-11-18 11:50:07 - [TEST_STEP][PASSED] - Method.TextDegerineEsitElementeTikla(findTestObject("Menu/Ana_Menu"), Ana_Menu): Method.TextDegerineEsitElementeTikla is PASSED

2021-11-18 11:50:07 - [MESSAGE][INFO] - Finding Test Object 'Object Repository/Menu/Ana_Menu'

2021-11-18 11:50:07 - [MESSAGE][INFO] - Checking timeout

2021-11-18 11:50:07 - [MESSAGE][INFO] - Finding web element with id: 'Object Repository/Menu/Ana_Menu' located by 'By.xpath: //*[@class = 'dropdown-toggle']' in '10' second(s)

2021-11-18 11:50:07 - [MESSAGE][INFO] - Smart Wait Function is triggered

2021-11-18 11:50:08 - [MESSAGE][INFO] - Found 14 web elements with id: 'Object Repository/Menu/Ana_Menu' located by 'By.xpath: //*[@class = 'dropdown-toggle']' in '10' second(s)

2021-11-18 11:50:08 - [MESSAGE][PASSED] - Method.TextDegerineEsitElementeTikla is PASSED

2021-11-18 11:50:08 - [MESSAGE][PASSED] - Call Test Case 'Test Cases/Menu/AnaMenuSecimi' successfully

2021-11-18 11:50:08 - [MESSAGE][INFO] - Checking called Test Case

2021-11-18 11:50:08 - [MESSAGE][INFO] - Starting to call Test Case 'Test Cases/Menu/AltMenuSecimi'

2021-11-18 11:50:08 - [TEST_CASE][PASSED] - Test Cases/Menu/AltMenuSecimi: Test Cases/Menu/AltMenuSecimi

2021-11-18 11:50:08 - [TEST_STEP][PASSED] - Method.TextDegerineEsitElementeTikla(findTestObject("Menu/Alt_Menu"), Alt_Menu): Method.TextDegerineEsitElementeTikla is PASSED

2021-11-18 11:50:08 - [MESSAGE][INFO] - Finding Test Object 'Object Repository/Menu/Alt_Menu'

2021-11-18 11:50:08 - [MESSAGE][INFO] - Checking timeout

2021-11-18 11:50:08 - [MESSAGE][INFO] - Finding web element with id: 'Object Repository/Menu/Alt_Menu' located by 'By.xpath: //li[@class='dropdown dropdown-large open']//li[@class='dropdown-element']' in '10' second(s)

2021-11-18 11:50:08 - [MESSAGE][INFO] - Smart Wait Function is triggered

2021-11-18 11:50:08 - [MESSAGE][INFO] - Found 9 web elements with id: 'Object Repository/Menu/Alt_Menu' located by 'By.xpath: //li[@class='dropdown dropdown-large open']//li[@class='dropdown-element']' in '10' second(s)

2021-11-18 11:50:09 - [MESSAGE][PASSED] - Method.TextDegerineEsitElementeTikla is PASSED

2021-11-18 11:50:09 - [MESSAGE][PASSED] - Call Test Case 'Test Cases/Menu/AltMenuSecimi' successfully

2021-11-18 11:50:09 - [MESSAGE][INFO] - Checking called Test Case

2021-11-18 11:50:09 - [MESSAGE][INFO] - Starting to call Test Case 'Test Cases/Filtreler/RaporNoYaz'

2021-11-18 11:50:09 - [TEST_CASE][PASSED] - Test Cases/Filtreler/RaporNoYaz: Test Cases/Filtreler/RaporNoYaz

2021-11-18 11:50:09 - [TEST_STEP][PASSED] - Method.TextDegerineEsitElementinAltindakiTextboxtaYaz(findTestObject("Filtreler/Basliklar"), findTestObject("Filtreler/Basliga_Gore_Textbox"), "Talep No", RaporNo): Method.TextDegerineEsitElementinAltindakiTextboxtaYaz is PASSED

2021-11-18 11:50:09 - [MESSAGE][INFO] - Finding Test Object 'Object Repository/Filtreler/Basliklar'

2021-11-18 11:50:09 - [MESSAGE][INFO] - Finding Test Object 'Object Repository/Filtreler/Basliga_Gore_Textbox'

2021-11-18 11:50:10 - [MESSAGE][INFO] - Checking timeout

2021-11-18 11:50:10 - [MESSAGE][INFO] - Finding web element with id: 'Object Repository/Filtreler/Basliklar' located by 'By.cssSelector: .control-label.col-sm-4.paddingMarginRLC' in '10' second(s)

2021-11-18 11:50:10 - [MESSAGE][INFO] - Smart Wait Function is triggered

2021-11-18 11:50:10 - [MESSAGE][INFO] - Found 8 web elements with id: 'Object Repository/Filtreler/Basliklar' located by 'By.cssSelector: .control-label.col-sm-4.paddingMarginRLC' in '10' second(s)

2021-11-18 11:50:10 - [MESSAGE][INFO] - Smart Wait Function is triggered

2021-11-18 11:50:10 - [MESSAGE][PASSED] - Method.TextDegerineEsitElementinAltindakiTextboxtaYaz is PASSED

2021-11-18 11:50:10 - [MESSAGE][PASSED] - Call Test Case 'Test Cases/Filtreler/RaporNoYaz' successfully

2021-11-18 11:50:10 - [MESSAGE][INFO] - Checking called Test Case

2021-11-18 11:50:10 - [MESSAGE][INFO] - Starting to call Test Case 'Test Cases/Filtreler/ButonaTikla'

2021-11-18 11:50:10 - [TEST_CASE][PASSED] - Test Cases/Filtreler/ButonaTikla: Test Cases/Filtreler/ButonaTikla

2021-11-18 11:50:10 - [TEST_STEP][PASSED] - Method.TextDegerineEsitElementeTikla(findTestObject("Filtreler/Butonlar"), Filtre_Buton): Method.TextDegerineEsitElementeTikla is PASSED

2021-11-18 11:50:10 - [MESSAGE][INFO] - Finding Test Object 'Object Repository/Filtreler/Butonlar'

2021-11-18 11:50:11 - [MESSAGE][INFO] - Checking timeout

2021-11-18 11:50:11 - [MESSAGE][INFO] - Finding web element with id: 'Object Repository/Filtreler/Butonlar' located by 'By.cssSelector: .dxb>span' in '10' second(s)

2021-11-18 11:50:11 - [MESSAGE][INFO] - Smart Wait Function is triggered

2021-11-18 11:50:11 - [MESSAGE][INFO] - Found 2 web elements with id: 'Object Repository/Filtreler/Butonlar' located by 'By.cssSelector: .dxb>span' in '10' second(s)

2021-11-18 11:50:11 - [MESSAGE][PASSED] - Method.TextDegerineEsitElementeTikla is PASSED

2021-11-18 11:50:11 - [MESSAGE][PASSED] - Call Test Case 'Test Cases/Filtreler/ButonaTikla' successfully

2021-11-18 11:50:11 - [MESSAGE][INFO] - Checking called Test Case

2021-11-18 11:50:11 - [MESSAGE][INFO] - Starting to call Test Case 'Test Cases/Tablo/TablodaVeriVarMi'

2021-11-18 11:50:11 - [TEST_CASE][PASSED] - Test Cases/Tablo/TablodaVeriVarMi: Test Cases/Tablo/TablodaVeriVarMi

2021-11-18 11:50:11 - [TEST_STEP][PASSED] - verifyTextNotPresent("Görüntülenecek veri yok", true): Text 'Görüntülenecek veri yok' is not present on page using regular expression

2021-11-18 11:50:11 - [MESSAGE][INFO] - Checking text present  using regular expression

2021-11-18 11:50:11 - [MESSAGE][INFO] - Smart Wait Function is triggered

2021-11-18 11:50:12 - [MESSAGE][INFO] - Finding text 'Görüntülenecek veri yok' on page  using regular expression

2021-11-18 11:50:12 - [MESSAGE][PASSED] - Text 'Görüntülenecek veri yok' is not present on page using regular expression

2021-11-18 11:50:12 - [MESSAGE][PASSED] - Call Test Case 'Test Cases/Tablo/TablodaVeriVarMi' successfully

2021-11-18 11:50:12 - [MESSAGE][INFO] - Checking called Test Case

2021-11-18 11:50:12 - [MESSAGE][INFO] - Starting to call Test Case 'Test Cases/Kullanici_Islemleri/KullaniciIslemlerindenSecimYapilir'

2021-11-18 11:50:12 - [TEST_CASE][PASSED] - Test Cases/Kullanici_Islemleri/KullaniciIslemlerindenSecimYapilir: Test Cases/Kullanici_Islemleri/KullaniciIslemlerindenSecimYapilir

2021-11-18 11:50:12 - [TEST_STEP][PASSED] - waitForElementClickable(findTestObject("Object Repository/Kullanici_Islemleri/KullaniciIslemleri"), 10): Object 'Object Repository/Kullanici_Islemleri/KullaniciIslemleri' is clickable

2021-11-18 11:50:12 - [MESSAGE][INFO] - Finding Test Object 'Object Repository/Kullanici_Islemleri/KullaniciIslemleri'

2021-11-18 11:50:12 - [MESSAGE][INFO] - Checking object

2021-11-18 11:50:12 - [MESSAGE][INFO] - Checking timeout

2021-11-18 11:50:12 - [MESSAGE][INFO] - Finding web element from Test Object's properties

2021-11-18 11:50:12 - [MESSAGE][INFO] - Checking timeout

2021-11-18 11:50:12 - [MESSAGE][INFO] - Finding web element with id: 'Object Repository/Kullanici_Islemleri/KullaniciIslemleri' located by 'By.cssSelector: .dropdown>a>img' in '10' second(s)

2021-11-18 11:50:12 - [MESSAGE][INFO] - Smart Wait Function is triggered

2021-11-18 11:50:12 - [MESSAGE][INFO] - Found 1 web elements with id: 'Object Repository/Kullanici_Islemleri/KullaniciIslemleri' located by 'By.cssSelector: .dropdown>a>img' in '10' second(s)

2021-11-18 11:50:12 - [MESSAGE][PASSED] - Object 'Object Repository/Kullanici_Islemleri/KullaniciIslemleri' is clickable

2021-11-18 11:50:12 - [TEST_STEP][PASSED] - click(findTestObject("Object Repository/Kullanici_Islemleri/KullaniciIslemleri")): Object: 'Object Repository/Kullanici_Islemleri/KullaniciIslemleri' is clicked on

2021-11-18 11:50:12 - [MESSAGE][INFO] - Finding Test Object 'Object Repository/Kullanici_Islemleri/KullaniciIslemleri'

2021-11-18 11:50:12 - [MESSAGE][INFO] - Checking object

2021-11-18 11:50:12 - [MESSAGE][INFO] - Finding web element from Test Object's properties

2021-11-18 11:50:12 - [MESSAGE][INFO] - Checking timeout

2021-11-18 11:50:12 - [MESSAGE][INFO] - Finding web element with id: 'Object Repository/Kullanici_Islemleri/KullaniciIslemleri' located by 'By.cssSelector: .dropdown>a>img' in '30' second(s)

2021-11-18 11:50:12 - [MESSAGE][INFO] - Smart Wait Function is triggered

2021-11-18 11:50:13 - [MESSAGE][INFO] - Found 1 web elements with id: 'Object Repository/Kullanici_Islemleri/KullaniciIslemleri' located by 'By.cssSelector: .dropdown>a>img' in '30' second(s)

2021-11-18 11:50:13 - [MESSAGE][INFO] - Clicking on object: 'Object Repository/Kullanici_Islemleri/KullaniciIslemleri'

2021-11-18 11:50:13 - [MESSAGE][PASSED] - Object: 'Object Repository/Kullanici_Islemleri/KullaniciIslemleri' is clicked on

2021-11-18 11:50:13 - [TEST_STEP][PASSED] - Method.TextDegerineEsitElementeTikla(findTestObject("Object Repository/Kullanici_Islemleri/Secenekler"), Islem): Method.TextDegerineEsitElementeTikla is PASSED

2021-11-18 11:50:13 - [MESSAGE][INFO] - Finding Test Object 'Object Repository/Kullanici_Islemleri/Secenekler'

2021-11-18 11:50:13 - [MESSAGE][INFO] - Checking timeout

2021-11-18 11:50:13 - [MESSAGE][INFO] - Finding web element with id: 'Object Repository/Kullanici_Islemleri/Secenekler' located by 'By.cssSelector: .nav.navbar-nav.navbar-right li a' in '10' second(s)

2021-11-18 11:50:13 - [MESSAGE][INFO] - Smart Wait Function is triggered

2021-11-18 11:50:13 - [MESSAGE][INFO] - Found 22 web elements with id: 'Object Repository/Kullanici_Islemleri/Secenekler' located by 'By.cssSelector: .nav.navbar-nav.navbar-right li a' in '10' second(s)

2021-11-18 11:50:15 - [MESSAGE][PASSED] - Method.TextDegerineEsitElementeTikla is PASSED

2021-11-18 11:50:15 - [TEST_STEP][PASSED] - verifyElementNotPresent(findTestObject("Object Repository/Kullanici_Islemleri/Secenekler"), 10): Web element with id: 'Object Repository/Kullanici_Islemleri/Secenekler' located by 'By.cssSelector: .nav.navbar-nav.navbar-right li a' is not present after '10' second(s)

2021-11-18 11:50:15 - [MESSAGE][INFO] - Finding Test Object 'Object Repository/Kullanici_Islemleri/Secenekler'

2021-11-18 11:50:15 - [MESSAGE][INFO] - Checking object

2021-11-18 11:50:15 - [MESSAGE][INFO] - Checking timeout

2021-11-18 11:50:15 - [MESSAGE][INFO] - Finding web element with id: 'Object Repository/Kullanici_Islemleri/Secenekler' located by 'By.cssSelector: .nav.navbar-nav.navbar-right li a' in '10' second(s)

2021-11-18 11:50:15 - [MESSAGE][INFO] - Smart Wait Function is triggered

2021-11-18 11:50:15 - [MESSAGE][PASSED] - Web element with id: 'Object Repository/Kullanici_Islemleri/Secenekler' located by 'By.cssSelector: .nav.navbar-nav.navbar-right li a' is not present after '10' second(s)

2021-11-18 11:50:15 - [MESSAGE][PASSED] - Call Test Case 'Test Cases/Kullanici_Islemleri/KullaniciIslemlerindenSecimYapilir' successfully

2021-11-18 11:50:15 - [TEST_CASE][PASSED] - Start Test Case : SCENARIO e-Mustahsil Makbuzlari Toplu Indirme - PDF Secilenlerin indirilmesi: SCENARIO e-Mustahsil Makbuzlari Toplu Indirme - PDF Secilenlerin indirilmesi

2021-11-18 11:50:15 - [TEST_STEP][PASSED] - Kullanıcı adı ELOGO6 ve Şifre 123456 olarak giriş yapılır: Kullanıcı adı ELOGO6 ve Şifre 123456 olarak giriş yapılır

2021-11-18 11:50:15 - [MESSAGE][PASSED] - Kullanıcı adı ELOGO6 ve Şifre 123456 olarak giriş yapılır

2021-11-18 11:50:15 - [TEST_STEP][PASSED] - Ana menüden e-Makbuz seçilir: Ana menüden e-Makbuz seçilir

2021-11-18 11:50:15 - [MESSAGE][PASSED] - Ana menüden e-Makbuz seçilir

2021-11-18 11:50:15 - [TEST_STEP][PASSED] - Alt menü e-Müstahsil Uygulaması başlığı altındaki e-Müstahsil Makbuzları seçilir: Alt menü e-Müstahsil Uygulaması başlığı altındaki e-Müstahsil Makbuzları seçilir

2021-11-18 11:50:15 - [MESSAGE][PASSED] - Alt menü e-Müstahsil Uygulaması başlığı altındaki e-Müstahsil Makbuzları seçilir

2021-11-18 11:50:15 - [TEST_STEP][PASSED] - Filtrelerden Oluşturma Tarihi filtresine 01.12.2020 baslangic degerini yaz: Filtrelerden Oluşturma Tarihi filtresine 01.12.2020 baslangic degerini yaz

2021-11-18 11:50:15 - [MESSAGE][PASSED] - Filtrelerden Oluşturma Tarihi filtresine 01.12.2020 baslangic degerini yaz

2021-11-18 11:50:15 - [TEST_STEP][PASSED] - Filtrelerden Oluşturma Tarihi filtresine 31.12.2020 bitis degerini yaz: Filtrelerden Oluşturma Tarihi filtresine 31.12.2020 bitis degerini yaz

2021-11-18 11:50:15 - [MESSAGE][PASSED] - Filtrelerden Oluşturma Tarihi filtresine 31.12.2020 bitis degerini yaz

2021-11-18 11:50:15 - [TEST_STEP][PASSED] - Filtre butonlarından Listele seçilir: Filtre butonlarından Listele seçilir

2021-11-18 11:50:15 - [MESSAGE][PASSED] - Filtre butonlarından Listele seçilir

2021-11-18 11:50:15 - [TEST_STEP][PASSED] - Tabloda veri var mı kontrol edilir: Tabloda veri var mı kontrol edilir

2021-11-18 11:50:15 - [MESSAGE][PASSED] - Tabloda veri var mı kontrol edilir

2021-11-18 11:50:15 - [TEST_STEP][PASSED] - Tablodan ELOGO5 isimli veri seçilir: Tablodan ELOGO5 isimli veri seçilir

2021-11-18 11:50:15 - [MESSAGE][PASSED] - Tablodan ELOGO5 isimli veri seçilir

2021-11-18 11:50:15 - [TEST_STEP][PASSED] - Butonlardan Toplu İndirme isimli butona tıklanır: Butonlardan Toplu İndirme isimli butona tıklanır

2021-11-18 11:50:15 - [MESSAGE][PASSED] - Butonlardan Toplu İndirme isimli butona tıklanır

2021-11-18 11:50:15 - [TEST_STEP][PASSED] - Alt butonlardan PDF Seçilenleri İndir butonuna tıklanır: Alt butonlardan PDF Seçilenleri İndir butonuna tıklanır

2021-11-18 11:50:15 - [MESSAGE][PASSED] - Alt butonlardan PDF Seçilenleri İndir butonuna tıklanır

2021-11-18 11:50:15 - [TEST_STEP][PASSED] - Popup mesajı Lütfen rapor bildiriminin gönderileceği e-posta adresini belirtiniz. içeriyor mu: Popup mesajı Lütfen rapor bildiriminin gönderileceği e-posta adresini belirtiniz. içeriyor mu

2021-11-18 11:50:15 - [MESSAGE][PASSED] - Popup mesajı Lütfen rapor bildiriminin gönderileceği e-posta adresini belirtiniz. içeriyor mu

2021-11-18 11:50:15 - [TEST_STEP][PASSED] - Popup email elogotest@gmail.com;ali.kara@logo.com.tr olarak girilir: Popup email elogotest@gmail.com;ali.kara@logo.com.tr olarak girilir

2021-11-18 11:50:15 - [MESSAGE][PASSED] - Popup email elogotest@gmail.com;ali.kara@logo.com.tr olarak girilir

2021-11-18 11:50:15 - [TEST_STEP][PASSED] - Yönetim popupında Gönder seçilir: Yönetim popupında Gönder seçilir

2021-11-18 11:50:15 - [MESSAGE][PASSED] - Yönetim popupında Gönder seçilir

2021-11-18 11:50:15 - [TEST_STEP][PASSED] - Popup mesajı talebiniz işleme alınmıştır içeriyor mu: Popup mesajı talebiniz işleme alınmıştır içeriyor mu

2021-11-18 11:50:15 - [MESSAGE][PASSED] - Popup mesajı talebiniz işleme alınmıştır içeriyor mu

2021-11-18 11:50:15 - [TEST_STEP][PASSED] - Yönetim popupında Tamam seçilir: Yönetim popupında Tamam seçilir

2021-11-18 11:50:15 - [MESSAGE][PASSED] - Yönetim popupında Tamam seçilir

2021-11-18 11:50:15 - [TEST_STEP][PASSED] - Butonlardan Toplu İndirme isimli butona tıklanır: Butonlardan Toplu İndirme isimli butona tıklanır

2021-11-18 11:50:15 - [MESSAGE][PASSED] - Butonlardan Toplu İndirme isimli butona tıklanır

2021-11-18 11:50:15 - [TEST_STEP][PASSED] - Alt butonlardan PDF Tümünü İndir butonuna tıklanır: Alt butonlardan PDF Tümünü İndir butonuna tıklanır

2021-11-18 11:50:15 - [MESSAGE][PASSED] - Alt butonlardan PDF Tümünü İndir butonuna tıklanır

2021-11-18 11:50:15 - [TEST_STEP][PASSED] - Popup mesajı Lütfen rapor bildiriminin gönderileceği e-posta adresini belirtiniz. içeriyor mu: Popup mesajı Lütfen rapor bildiriminin gönderileceği e-posta adresini belirtiniz. içeriyor mu

2021-11-18 11:50:15 - [MESSAGE][PASSED] - Popup mesajı Lütfen rapor bildiriminin gönderileceği e-posta adresini belirtiniz. içeriyor mu

2021-11-18 11:50:15 - [TEST_STEP][PASSED] - Popup email elogotest@gmail.com;ali.kara@logo.com.tr olarak girilir: Popup email elogotest@gmail.com;ali.kara@logo.com.tr olarak girilir

2021-11-18 11:50:15 - [MESSAGE][PASSED] - Popup email elogotest@gmail.com;ali.kara@logo.com.tr olarak girilir

2021-11-18 11:50:15 - [TEST_STEP][PASSED] - Yönetim popupında Gönder seçilir: Yönetim popupında Gönder seçilir

2021-11-18 11:50:15 - [MESSAGE][PASSED] - Yönetim popupında Gönder seçilir

2021-11-18 11:50:15 - [TEST_STEP][PASSED] - Popup mesajı talebiniz işleme alınmıştır içeriyor mu: Popup mesajı talebiniz işleme alınmıştır içeriyor mu

2021-11-18 11:50:15 - [MESSAGE][PASSED] - Popup mesajı talebiniz işleme alınmıştır içeriyor mu

2021-11-18 11:50:15 - [TEST_STEP][PASSED] - Yönetim popupında Tamam seçilir: Yönetim popupında Tamam seçilir

2021-11-18 11:50:15 - [MESSAGE][PASSED] - Yönetim popupında Tamam seçilir

2021-11-18 11:50:15 - [TEST_STEP][PASSED] - Ana menüden Raporlar seçilir: Ana menüden Raporlar seçilir

2021-11-18 11:50:15 - [MESSAGE][PASSED] - Ana menüden Raporlar seçilir

2021-11-18 11:50:15 - [TEST_STEP][PASSED] - Alt menüden Toplu Veri İndirme seçilir: Alt menüden Toplu Veri İndirme seçilir

2021-11-18 11:50:15 - [MESSAGE][PASSED] - Alt menüden Toplu Veri İndirme seçilir

2021-11-18 11:50:15 - [TEST_STEP][PASSED] - Filtrelerden Talep No filtresine Rapor No bilgisi yaz: Filtrelerden Talep No filtresine Rapor No bilgisi yaz

2021-11-18 11:50:15 - [MESSAGE][PASSED] - Filtrelerden Talep No filtresine Rapor No bilgisi yaz

2021-11-18 11:50:15 - [TEST_STEP][PASSED] - Filtre butonlarından Listele seçilir: Filtre butonlarından Listele seçilir

2021-11-18 11:50:15 - [MESSAGE][PASSED] - Filtre butonlarından Listele seçilir

2021-11-18 11:50:15 - [TEST_STEP][PASSED] - Tabloda veri var mı kontrol edilir: Tabloda veri var mı kontrol edilir

2021-11-18 11:50:15 - [MESSAGE][PASSED] - Tabloda veri var mı kontrol edilir

2021-11-18 11:50:15 - [TEST_STEP][PASSED] - Kullanıcı işlemlerinden Çıkış seçilir: Kullanıcı işlemlerinden Çıkış seçilir

2021-11-18 11:50:15 - [MESSAGE][PASSED] - Kullanıcı işlemlerinden Çıkış seçilir

2021-11-18 11:50:15 - [MESSAGE][PASSED] - Feature file: 'Include/features/e-Makbuz/e-Mustahsil Uygulamasi/e-Mustahsil Makbuzlari/Toplu Indirme.feature' was passed

2021-11-18 11:50:15 - [TEST_STEP][PASSED] - Start listener action : sampleAfterTestSuite: Invoke 'com.kms.katalon.core.annotation.AfterTestCase' method: 'Listener.sampleAfterTestSuite(...)' completed.

2021-11-18 11:50:15 - [MESSAGE][INFO] - Starting invoke 'com.kms.katalon.core.annotation.AfterTestCase' method: 'Listener.sampleAfterTestSuite(...)'

2021-11-18 11:50:15 - [TEST_STEP][PASSED] - closeBrowser(): Invoke 'com.kms.katalon.core.annotation.AfterTestCase' method: 'Listener.sampleAfterTestSuite(...)' completed.

2021-11-18 11:50:15 - [MESSAGE][INFO] - Closing browser

2021-11-18 11:50:16 - [MESSAGE][PASSED] - Browser is closed

2021-11-18 11:50:16 - [MESSAGE][INFO] - Invoke 'com.kms.katalon.core.annotation.AfterTestCase' method: 'Listener.sampleAfterTestSuite(...)' completed.]]></system-out>
         <system-err><![CDATA[]]></system-err>
      </testcase>
      <testcase name="Test Cases/Case Repository/e-Makbuz/e-Mustahsil Uygulamasi/e-Mustahsil Makbuzu Raporlari/Excele Aktar" time="67.439" classname="Test Cases/Case Repository/e-Makbuz/e-Mustahsil Uygulamasi/e-Mustahsil Makbuzu Raporlari/Excele Aktar" status="PASSED">
         <system-out><![CDATA[2021-11-18 11:50:16 - [TEST_CASE][PASSED] - Test Cases/Case Repository/e-Makbuz/e-Mustahsil Uygulamasi/e-Mustahsil Makbuzu Raporlari/Excele Aktar: Test Cases/Case Repository/e-Makbuz/e-Mustahsil Uygulamasi/e-Mustahsil Makbuzu Raporlari/Excele Aktar

2021-11-18 11:50:16 - [TEST_STEP][PASSED] - Start listener action : sampleBeforeTestSuite: Invoke 'com.kms.katalon.core.annotation.BeforeTestCase' method: 'Listener.sampleBeforeTestSuite(...)' completed.

2021-11-18 11:50:16 - [MESSAGE][INFO] - Starting invoke 'com.kms.katalon.core.annotation.BeforeTestCase' method: 'Listener.sampleBeforeTestSuite(...)'

2021-11-18 11:50:16 - [TEST_STEP][PASSED] - openBrowser(baseUrl): Browser is opened with url: 'https://efatura-stage.elogo.com.tr/'

2021-11-18 11:50:16 - [MESSAGE][INFO] - Opening browser

2021-11-18 11:50:16 - [MESSAGE][INFO] - Starting 'Chrome' driver

2021-11-18 11:50:16 - [MESSAGE][INFO] - User set preference: ['prefs', '{download.default_directory=C:\otomasyondownfiles}']

2021-11-18 11:50:16 - [MESSAGE][INFO] - Action delay is set to 0 milliseconds

2021-11-18 11:50:17 - [MESSAGE][INFO] - Navigating browser to: 'https://efatura-stage.elogo.com.tr/'

2021-11-18 11:50:19 - [MESSAGE][PASSED] - Browser is opened with url: 'https://efatura-stage.elogo.com.tr/'

2021-11-18 11:50:19 - [TEST_STEP][PASSED] - maximizeWindow(): Invoke 'com.kms.katalon.core.annotation.BeforeTestCase' method: 'Listener.sampleBeforeTestSuite(...)' completed.

2021-11-18 11:50:19 - [MESSAGE][INFO] - Maximizing current window

2021-11-18 11:50:20 - [MESSAGE][PASSED] - Current window maximized

2021-11-18 11:50:20 - [MESSAGE][INFO] - Invoke 'com.kms.katalon.core.annotation.BeforeTestCase' method: 'Listener.sampleBeforeTestSuite(...)' completed.

2021-11-18 11:50:20 - [TEST_STEP][PASSED] - runFeatureFile("Include/features/e-Makbuz/e-Mustahsil Uygulamasi/e-Mustahsil Makbuzu Raporlari/Excele Aktar.feature"): Feature file: 'Include/features/e-Makbuz/e-Mustahsil Uygulamasi/e-Mustahsil Makbuzu Raporlari/Excele Aktar.feature' was passed

2021-11-18 11:50:20 - [MESSAGE][INFO] - Starting run keyword runFeatureFile: 'Include/features/e-Makbuz/e-Mustahsil Uygulamasi/e-Mustahsil Makbuzu Raporlari/Excele Aktar.feature' and extract report to folder: 'C:\Users\DELL\Documents\GitHub\EES_KatalonLogo\Reports\20211118_110909\Suite Repository\ExceleAktarVeTopluIndirme\20211118_110948/cucumber_report/1637225420568'...

2021-11-18 11:50:20 - [MESSAGE][INFO] - Glue: []

2021-11-18 11:50:22 - [MESSAGE][INFO] - Checking called Test Case

2021-11-18 11:50:22 - [MESSAGE][INFO] - Starting to call Test Case 'Test Cases/Sayfalar/Giris_Sayfasi/Login'

2021-11-18 11:50:22 - [TEST_CASE][PASSED] - Test Cases/Sayfalar/Giris_Sayfasi/Login: Test Cases/Sayfalar/Giris_Sayfasi/Login

2021-11-18 11:50:22 - [TEST_STEP][PASSED] - Sayfa_Basligi = getWindowTitle(): Current window's title is: 'LOGO e-Fatura'

2021-11-18 11:50:22 - [MESSAGE][INFO] - Getting current window's title

2021-11-18 11:50:22 - [MESSAGE][PASSED] - Current window's title is: 'LOGO e-Fatura'

2021-11-18 11:50:22 - [TEST_STEP][PASSED] - verifyMatch(Sayfa_Basligi, "LOGO e-Fatura", false): Actual text 'LOGO e-Fatura' and expected text 'LOGO e-Fatura' are matched 

2021-11-18 11:50:22 - [MESSAGE][INFO] - Matching actual text 'LOGO e-Fatura' with expected text 'LOGO e-Fatura'

2021-11-18 11:50:22 - [MESSAGE][PASSED] - Actual text 'LOGO e-Fatura' and expected text 'LOGO e-Fatura' are matched 

2021-11-18 11:50:22 - [TEST_STEP][PASSED] - sendKeys(findTestObject("Sayfalar/Giris_Sayfasi/Firma_Kodu"), KullaniciAdi): Keys 'ELOGO6' sent to object: 'Object Repository/Sayfalar/Giris_Sayfasi/Firma_Kodu'

2021-11-18 11:50:22 - [MESSAGE][INFO] - Finding Test Object 'Object Repository/Sayfalar/Giris_Sayfasi/Firma_Kodu'

2021-11-18 11:50:22 - [MESSAGE][INFO] - Sending keys 'ELOGO6' to object: 'Object Repository/Sayfalar/Giris_Sayfasi/Firma_Kodu'

2021-11-18 11:50:22 - [MESSAGE][INFO] - Finding web element from Test Object's properties

2021-11-18 11:50:22 - [MESSAGE][INFO] - Checking timeout

2021-11-18 11:50:22 - [MESSAGE][INFO] - Finding web element with id: 'Object Repository/Sayfalar/Giris_Sayfasi/Firma_Kodu' located by 'By.xpath: //*[@id = 'AccountName']' in '30' second(s)

2021-11-18 11:50:22 - [MESSAGE][INFO] - Smart Wait Function is triggered

2021-11-18 11:50:22 - [MESSAGE][INFO] - Found 1 web elements with id: 'Object Repository/Sayfalar/Giris_Sayfasi/Firma_Kodu' located by 'By.xpath: //*[@id = 'AccountName']' in '30' second(s)

2021-11-18 11:50:22 - [MESSAGE][PASSED] - Keys 'ELOGO6' sent to object: 'Object Repository/Sayfalar/Giris_Sayfasi/Firma_Kodu'

2021-11-18 11:50:22 - [TEST_STEP][PASSED] - sendKeys(findTestObject("Sayfalar/Giris_Sayfasi/Sifre"), Sifre): Keys '123456' sent to object: 'Object Repository/Sayfalar/Giris_Sayfasi/Sifre'

2021-11-18 11:50:22 - [MESSAGE][INFO] - Finding Test Object 'Object Repository/Sayfalar/Giris_Sayfasi/Sifre'

2021-11-18 11:50:22 - [MESSAGE][INFO] - Sending keys '123456' to object: 'Object Repository/Sayfalar/Giris_Sayfasi/Sifre'

2021-11-18 11:50:22 - [MESSAGE][INFO] - Finding web element from Test Object's properties

2021-11-18 11:50:22 - [MESSAGE][INFO] - Checking timeout

2021-11-18 11:50:22 - [MESSAGE][INFO] - Finding web element with id: 'Object Repository/Sayfalar/Giris_Sayfasi/Sifre' located by 'By.xpath: //*[@id = 'Password']' in '30' second(s)

2021-11-18 11:50:22 - [MESSAGE][INFO] - Smart Wait Function is triggered

2021-11-18 11:50:23 - [MESSAGE][INFO] - Found 1 web elements with id: 'Object Repository/Sayfalar/Giris_Sayfasi/Sifre' located by 'By.xpath: //*[@id = 'Password']' in '30' second(s)

2021-11-18 11:50:23 - [MESSAGE][PASSED] - Keys '123456' sent to object: 'Object Repository/Sayfalar/Giris_Sayfasi/Sifre'

2021-11-18 11:50:23 - [TEST_STEP][PASSED] - findWebElement(findTestObject("Sayfalar/Giris_Sayfasi/Giris_Butonu")).click(): Found 1 web elements with id: 'Object Repository/Sayfalar/Giris_Sayfasi/Giris_Butonu' located by 'By.cssSelector: #btnLogin' in '30' second(s)

2021-11-18 11:50:23 - [MESSAGE][INFO] - Finding Test Object 'Object Repository/Sayfalar/Giris_Sayfasi/Giris_Butonu'

2021-11-18 11:50:23 - [MESSAGE][INFO] - Finding web element from Test Object's properties

2021-11-18 11:50:23 - [MESSAGE][INFO] - Checking timeout

2021-11-18 11:50:23 - [MESSAGE][INFO] - Finding web element with id: 'Object Repository/Sayfalar/Giris_Sayfasi/Giris_Butonu' located by 'By.cssSelector: #btnLogin' in '30' second(s)

2021-11-18 11:50:23 - [MESSAGE][INFO] - Smart Wait Function is triggered

2021-11-18 11:50:23 - [MESSAGE][INFO] - Found 1 web elements with id: 'Object Repository/Sayfalar/Giris_Sayfasi/Giris_Butonu' located by 'By.cssSelector: #btnLogin' in '30' second(s)

2021-11-18 11:50:26 - [TEST_STEP][PASSED] - if (verifyElementPresent(findTestObject("Object Repository/Sayfalar/Giris_Sayfasi/RetveTamam_Butonu"), 5, OPTIONAL)): null

2021-11-18 11:50:26 - [MESSAGE][INFO] - Finding Test Object 'Object Repository/Sayfalar/Giris_Sayfasi/RetveTamam_Butonu'

2021-11-18 11:50:26 - [MESSAGE][INFO] - Checking object

2021-11-18 11:50:26 - [MESSAGE][INFO] - Finding web element from Test Object's properties

2021-11-18 11:50:26 - [MESSAGE][INFO] - Checking timeout

2021-11-18 11:50:26 - [MESSAGE][INFO] - Finding web element with id: 'Object Repository/Sayfalar/Giris_Sayfasi/RetveTamam_Butonu' located by 'By.xpath: //*[@class = 'btn btn-default']' in '5' second(s)

2021-11-18 11:50:26 - [MESSAGE][INFO] - Smart Wait Function is triggered

2021-11-18 11:50:26 - [MESSAGE][INFO] - Found 1 web elements with id: 'Object Repository/Sayfalar/Giris_Sayfasi/RetveTamam_Butonu' located by 'By.xpath: //*[@class = 'btn btn-default']' in '5' second(s)

2021-11-18 11:50:26 - [MESSAGE][PASSED] - Object 'Object Repository/Sayfalar/Giris_Sayfasi/RetveTamam_Butonu' is present

2021-11-18 11:50:26 - [TEST_STEP][PASSED] - click(findTestObject("Object Repository/Sayfalar/Giris_Sayfasi/RetveTamam_Butonu")): Object: 'Object Repository/Sayfalar/Giris_Sayfasi/RetveTamam_Butonu' is clicked on

2021-11-18 11:50:26 - [MESSAGE][INFO] - Finding Test Object 'Object Repository/Sayfalar/Giris_Sayfasi/RetveTamam_Butonu'

2021-11-18 11:50:26 - [MESSAGE][INFO] - Checking object

2021-11-18 11:50:26 - [MESSAGE][INFO] - Finding web element from Test Object's properties

2021-11-18 11:50:26 - [MESSAGE][INFO] - Checking timeout

2021-11-18 11:50:26 - [MESSAGE][INFO] - Finding web element with id: 'Object Repository/Sayfalar/Giris_Sayfasi/RetveTamam_Butonu' located by 'By.xpath: //*[@class = 'btn btn-default']' in '30' second(s)

2021-11-18 11:50:26 - [MESSAGE][INFO] - Smart Wait Function is triggered

2021-11-18 11:50:27 - [MESSAGE][INFO] - Found 1 web elements with id: 'Object Repository/Sayfalar/Giris_Sayfasi/RetveTamam_Butonu' located by 'By.xpath: //*[@class = 'btn btn-default']' in '30' second(s)

2021-11-18 11:50:27 - [MESSAGE][INFO] - Clicking on object: 'Object Repository/Sayfalar/Giris_Sayfasi/RetveTamam_Butonu'

2021-11-18 11:50:27 - [MESSAGE][PASSED] - Object: 'Object Repository/Sayfalar/Giris_Sayfasi/RetveTamam_Butonu' is clicked on

2021-11-18 11:50:27 - [TEST_STEP][PASSED] - click(findTestObject("Object Repository/Sayfalar/Giris_Sayfasi/RetveTamam_Butonu")): Object: 'Object Repository/Sayfalar/Giris_Sayfasi/RetveTamam_Butonu' is clicked on

2021-11-18 11:50:27 - [MESSAGE][INFO] - Finding Test Object 'Object Repository/Sayfalar/Giris_Sayfasi/RetveTamam_Butonu'

2021-11-18 11:50:27 - [MESSAGE][INFO] - Checking object

2021-11-18 11:50:27 - [MESSAGE][INFO] - Finding web element from Test Object's properties

2021-11-18 11:50:27 - [MESSAGE][INFO] - Checking timeout

2021-11-18 11:50:27 - [MESSAGE][INFO] - Finding web element with id: 'Object Repository/Sayfalar/Giris_Sayfasi/RetveTamam_Butonu' located by 'By.xpath: //*[@class = 'btn btn-default']' in '30' second(s)

2021-11-18 11:50:27 - [MESSAGE][INFO] - Smart Wait Function is triggered

2021-11-18 11:50:36 - [MESSAGE][INFO] - Found 1 web elements with id: 'Object Repository/Sayfalar/Giris_Sayfasi/RetveTamam_Butonu' located by 'By.xpath: //*[@class = 'btn btn-default']' in '30' second(s)

2021-11-18 11:50:36 - [MESSAGE][INFO] - Clicking on object: 'Object Repository/Sayfalar/Giris_Sayfasi/RetveTamam_Butonu'

2021-11-18 11:50:36 - [MESSAGE][PASSED] - Object: 'Object Repository/Sayfalar/Giris_Sayfasi/RetveTamam_Butonu' is clicked on

2021-11-18 11:50:36 - [TEST_STEP][PASSED] - if (verifyElementPresent(findTestObject("Sayfalar/Giris_Sayfasi/PopupOK"), 5, OPTIONAL)): null

2021-11-18 11:50:36 - [MESSAGE][INFO] - Finding Test Object 'Object Repository/Sayfalar/Giris_Sayfasi/PopupOK'

2021-11-18 11:50:36 - [MESSAGE][INFO] - Checking object

2021-11-18 11:50:36 - [MESSAGE][INFO] - Finding web element from Test Object's properties

2021-11-18 11:50:36 - [MESSAGE][INFO] - Checking timeout

2021-11-18 11:50:36 - [MESSAGE][INFO] - Finding web element with id: 'Object Repository/Sayfalar/Giris_Sayfasi/PopupOK' located by 'By.cssSelector: .btn.btn-success' in '5' second(s)

2021-11-18 11:50:36 - [MESSAGE][INFO] - Smart Wait Function is triggered

2021-11-18 11:50:37 - [MESSAGE][INFO] - Found 1 web elements with id: 'Object Repository/Sayfalar/Giris_Sayfasi/PopupOK' located by 'By.cssSelector: .btn.btn-success' in '5' second(s)

2021-11-18 11:50:37 - [MESSAGE][PASSED] - Object 'Object Repository/Sayfalar/Giris_Sayfasi/PopupOK' is present

2021-11-18 11:50:37 - [TEST_STEP][PASSED] - click(findTestObject("Object Repository/Sayfalar/Giris_Sayfasi/PopupCarpiGiris")): Object: 'Object Repository/Sayfalar/Giris_Sayfasi/PopupCarpiGiris' is clicked on

2021-11-18 11:50:37 - [MESSAGE][INFO] - Finding Test Object 'Object Repository/Sayfalar/Giris_Sayfasi/PopupCarpiGiris'

2021-11-18 11:50:37 - [MESSAGE][INFO] - Checking object

2021-11-18 11:50:37 - [MESSAGE][INFO] - Finding web element from Test Object's properties

2021-11-18 11:50:37 - [MESSAGE][INFO] - Checking timeout

2021-11-18 11:50:37 - [MESSAGE][INFO] - Finding web element with id: 'Object Repository/Sayfalar/Giris_Sayfasi/PopupCarpiGiris' located by 'By.cssSelector: .bootbox-close-button.close' in '30' second(s)

2021-11-18 11:50:37 - [MESSAGE][INFO] - Smart Wait Function is triggered

2021-11-18 11:50:37 - [MESSAGE][INFO] - Found 1 web elements with id: 'Object Repository/Sayfalar/Giris_Sayfasi/PopupCarpiGiris' located by 'By.cssSelector: .bootbox-close-button.close' in '30' second(s)

2021-11-18 11:50:37 - [MESSAGE][INFO] - Clicking on object: 'Object Repository/Sayfalar/Giris_Sayfasi/PopupCarpiGiris'

2021-11-18 11:50:37 - [MESSAGE][PASSED] - Object: 'Object Repository/Sayfalar/Giris_Sayfasi/PopupCarpiGiris' is clicked on

2021-11-18 11:50:37 - [TEST_STEP][PASSED] - verifyElementVisible(findTestObject("Object Repository/Kullanici_Islemleri/KullaniciIslemleri")): Object 'Object Repository/Kullanici_Islemleri/KullaniciIslemleri' is visible

2021-11-18 11:50:37 - [MESSAGE][INFO] - Finding Test Object 'Object Repository/Kullanici_Islemleri/KullaniciIslemleri'

2021-11-18 11:50:37 - [MESSAGE][INFO] - Checking object

2021-11-18 11:50:37 - [MESSAGE][INFO] - Finding web element from Test Object's properties

2021-11-18 11:50:37 - [MESSAGE][INFO] - Checking timeout

2021-11-18 11:50:37 - [MESSAGE][INFO] - Finding web element with id: 'Object Repository/Kullanici_Islemleri/KullaniciIslemleri' located by 'By.cssSelector: .dropdown>a>img' in '30' second(s)

2021-11-18 11:50:37 - [MESSAGE][INFO] - Smart Wait Function is triggered

2021-11-18 11:50:38 - [MESSAGE][INFO] - Found 1 web elements with id: 'Object Repository/Kullanici_Islemleri/KullaniciIslemleri' located by 'By.cssSelector: .dropdown>a>img' in '30' second(s)

2021-11-18 11:50:38 - [MESSAGE][PASSED] - Object 'Object Repository/Kullanici_Islemleri/KullaniciIslemleri' is visible

2021-11-18 11:50:38 - [MESSAGE][PASSED] - Call Test Case 'Test Cases/Sayfalar/Giris_Sayfasi/Login' successfully

2021-11-18 11:50:38 - [MESSAGE][INFO] - Checking called Test Case

2021-11-18 11:50:38 - [MESSAGE][INFO] - Starting to call Test Case 'Test Cases/Menu/AnaMenuSecimi'

2021-11-18 11:50:38 - [TEST_CASE][PASSED] - Test Cases/Menu/AnaMenuSecimi: Test Cases/Menu/AnaMenuSecimi

2021-11-18 11:50:38 - [TEST_STEP][PASSED] - Method.TextDegerineEsitElementeTikla(findTestObject("Menu/Ana_Menu"), Ana_Menu): Method.TextDegerineEsitElementeTikla is PASSED

2021-11-18 11:50:38 - [MESSAGE][INFO] - Finding Test Object 'Object Repository/Menu/Ana_Menu'

2021-11-18 11:50:38 - [MESSAGE][INFO] - Checking timeout

2021-11-18 11:50:38 - [MESSAGE][INFO] - Finding web element with id: 'Object Repository/Menu/Ana_Menu' located by 'By.xpath: //*[@class = 'dropdown-toggle']' in '10' second(s)

2021-11-18 11:50:38 - [MESSAGE][INFO] - Smart Wait Function is triggered

2021-11-18 11:50:38 - [MESSAGE][INFO] - Found 14 web elements with id: 'Object Repository/Menu/Ana_Menu' located by 'By.xpath: //*[@class = 'dropdown-toggle']' in '10' second(s)

2021-11-18 11:50:39 - [MESSAGE][PASSED] - Method.TextDegerineEsitElementeTikla is PASSED

2021-11-18 11:50:39 - [MESSAGE][PASSED] - Call Test Case 'Test Cases/Menu/AnaMenuSecimi' successfully

2021-11-18 11:50:39 - [MESSAGE][INFO] - Checking called Test Case

2021-11-18 11:50:39 - [MESSAGE][INFO] - Starting to call Test Case 'Test Cases/Menu/BasligaGoreAltMenuSecimi'

2021-11-18 11:50:39 - [TEST_CASE][PASSED] - Test Cases/Menu/BasligaGoreAltMenuSecimi: Test Cases/Menu/BasligaGoreAltMenuSecimi

2021-11-18 11:50:39 - [TEST_STEP][PASSED] - Method.TextDegerineEsitElementinAltindakiTextDegerineEsitOlanaTikla(findTestObject("Menu/Menu_Basligi"), findTestObject("Menu/Basliga_Gore_Alt_Menu"), Baslik, Alt_Menu): Method.TextDegerineEsitElementinAltindakiTextDegerineEsitOlanaTikla is PASSED

2021-11-18 11:50:39 - [MESSAGE][INFO] - Finding Test Object 'Object Repository/Menu/Menu_Basligi'

2021-11-18 11:50:39 - [MESSAGE][INFO] - Finding Test Object 'Object Repository/Menu/Basliga_Gore_Alt_Menu'

2021-11-18 11:50:39 - [MESSAGE][INFO] - Checking timeout

2021-11-18 11:50:39 - [MESSAGE][INFO] - Finding web element with id: 'Object Repository/Menu/Menu_Basligi' located by 'By.xpath: //li[@class='dropdown dropdown-large open']//li[@class='dropdown-header']' in '10' second(s)

2021-11-18 11:50:39 - [MESSAGE][INFO] - Smart Wait Function is triggered

2021-11-18 11:50:39 - [MESSAGE][INFO] - Found 2 web elements with id: 'Object Repository/Menu/Menu_Basligi' located by 'By.xpath: //li[@class='dropdown dropdown-large open']//li[@class='dropdown-header']' in '10' second(s)

2021-11-18 11:50:39 - [MESSAGE][INFO] - Smart Wait Function is triggered

2021-11-18 11:50:42 - [MESSAGE][PASSED] - Method.TextDegerineEsitElementinAltindakiTextDegerineEsitOlanaTikla is PASSED

2021-11-18 11:50:42 - [MESSAGE][PASSED] - Call Test Case 'Test Cases/Menu/BasligaGoreAltMenuSecimi' successfully

2021-11-18 11:50:42 - [MESSAGE][INFO] - Checking called Test Case

2021-11-18 11:50:42 - [MESSAGE][INFO] - Starting to call Test Case 'Test Cases/Filtreler/DropdownSec'

2021-11-18 11:50:42 - [TEST_CASE][PASSED] - Test Cases/Filtreler/DropdownSec: Test Cases/Filtreler/DropdownSec

2021-11-18 11:50:42 - [TEST_STEP][PASSED] - Method.TextDegerineEsitElementinAltindakineTikla(findTestObject("Filtreler/Basliklar"), findTestObject("Filtreler/Basliga_Gore_Baslangic_Image"), Filtre_Adi): Method.TextDegerineEsitElementinAltindakineTikla is PASSED

2021-11-18 11:50:42 - [MESSAGE][INFO] - Finding Test Object 'Object Repository/Filtreler/Basliklar'

2021-11-18 11:50:43 - [MESSAGE][INFO] - Finding Test Object 'Object Repository/Filtreler/Basliga_Gore_Baslangic_Image'

2021-11-18 11:50:43 - [MESSAGE][INFO] - Checking timeout

2021-11-18 11:50:43 - [MESSAGE][INFO] - Finding web element with id: 'Object Repository/Filtreler/Basliklar' located by 'By.cssSelector: .control-label.col-sm-4.paddingMarginRLC' in '10' second(s)

2021-11-18 11:50:43 - [MESSAGE][INFO] - Smart Wait Function is triggered

2021-11-18 11:50:43 - [MESSAGE][INFO] - Found 5 web elements with id: 'Object Repository/Filtreler/Basliklar' located by 'By.cssSelector: .control-label.col-sm-4.paddingMarginRLC' in '10' second(s)

2021-11-18 11:50:43 - [MESSAGE][INFO] - Smart Wait Function is triggered

2021-11-18 11:50:43 - [MESSAGE][PASSED] - Method.TextDegerineEsitElementinAltindakineTikla is PASSED

2021-11-18 11:50:43 - [TEST_STEP][PASSED] - Method.TextDegerineEsitElementeTikla(findTestObject("Object Repository/Filtreler/Basliga_Gore_Dropdown"), Filtre_Degeri): Method.TextDegerineEsitElementeTikla is PASSED

2021-11-18 11:50:43 - [MESSAGE][INFO] - Finding Test Object 'Object Repository/Filtreler/Basliga_Gore_Dropdown'

2021-11-18 11:50:44 - [MESSAGE][INFO] - Checking timeout

2021-11-18 11:50:44 - [MESSAGE][INFO] - Finding web element with id: 'Object Repository/Filtreler/Basliga_Gore_Dropdown' located by 'By.xpath: //*[@class = 'dxeListBoxItemRow_LECustomTheme']' in '10' second(s)

2021-11-18 11:50:44 - [MESSAGE][INFO] - Smart Wait Function is triggered

2021-11-18 11:50:44 - [MESSAGE][INFO] - Found 59 web elements with id: 'Object Repository/Filtreler/Basliga_Gore_Dropdown' located by 'By.xpath: //*[@class = 'dxeListBoxItemRow_LECustomTheme']' in '10' second(s)

2021-11-18 11:50:44 - [MESSAGE][PASSED] - Method.TextDegerineEsitElementeTikla is PASSED

2021-11-18 11:50:44 - [MESSAGE][PASSED] - Call Test Case 'Test Cases/Filtreler/DropdownSec' successfully

2021-11-18 11:50:44 - [MESSAGE][INFO] - Checking called Test Case

2021-11-18 11:50:44 - [MESSAGE][INFO] - Starting to call Test Case 'Test Cases/Filtreler/BaslangicYaz'

2021-11-18 11:50:44 - [TEST_CASE][PASSED] - Test Cases/Filtreler/BaslangicYaz: Test Cases/Filtreler/BaslangicYaz

2021-11-18 11:50:44 - [TEST_STEP][PASSED] - delay(3): Delayed 3 second(s)

2021-11-18 11:50:44 - [MESSAGE][INFO] - Delaying browser in 3 second(s)

2021-11-18 11:50:47 - [MESSAGE][PASSED] - Delayed 3 second(s)

2021-11-18 11:50:47 - [TEST_STEP][PASSED] - Method.TextDegerineEsitElementinAltindakineTikla(findTestObject("Filtreler/Basliklar"), findTestObject("Filtreler/Basliga_Gore_Baslangic_Image"), Filtre_Adi): Method.TextDegerineEsitElementinAltindakineTikla is PASSED

2021-11-18 11:50:47 - [MESSAGE][INFO] - Finding Test Object 'Object Repository/Filtreler/Basliklar'

2021-11-18 11:50:48 - [MESSAGE][INFO] - Finding Test Object 'Object Repository/Filtreler/Basliga_Gore_Baslangic_Image'

2021-11-18 11:50:48 - [MESSAGE][INFO] - Checking timeout

2021-11-18 11:50:48 - [MESSAGE][INFO] - Finding web element with id: 'Object Repository/Filtreler/Basliklar' located by 'By.cssSelector: .control-label.col-sm-4.paddingMarginRLC' in '10' second(s)

2021-11-18 11:50:48 - [MESSAGE][INFO] - Smart Wait Function is triggered

2021-11-18 11:50:48 - [MESSAGE][INFO] - Found 5 web elements with id: 'Object Repository/Filtreler/Basliklar' located by 'By.cssSelector: .control-label.col-sm-4.paddingMarginRLC' in '10' second(s)

2021-11-18 11:50:48 - [MESSAGE][INFO] - Smart Wait Function is triggered

2021-11-18 11:50:48 - [MESSAGE][PASSED] - Method.TextDegerineEsitElementinAltindakineTikla is PASSED

2021-11-18 11:50:48 - [TEST_STEP][PASSED] - Method.TextDegerineEsitElementinAltindakiTextboxtaYaz(findTestObject("Filtreler/Basliklar"), findTestObject("Filtreler/Basliga_Gore_Baslangic"), Filtre_Adi, Filtre_Degeri): Method.TextDegerineEsitElementinAltindakiTextboxtaYaz is PASSED

2021-11-18 11:50:48 - [MESSAGE][INFO] - Finding Test Object 'Object Repository/Filtreler/Basliklar'

2021-11-18 11:50:48 - [MESSAGE][INFO] - Finding Test Object 'Object Repository/Filtreler/Basliga_Gore_Baslangic'

2021-11-18 11:50:49 - [MESSAGE][INFO] - Checking timeout

2021-11-18 11:50:49 - [MESSAGE][INFO] - Finding web element with id: 'Object Repository/Filtreler/Basliklar' located by 'By.cssSelector: .control-label.col-sm-4.paddingMarginRLC' in '10' second(s)

2021-11-18 11:50:49 - [MESSAGE][INFO] - Smart Wait Function is triggered

2021-11-18 11:50:49 - [MESSAGE][INFO] - Found 5 web elements with id: 'Object Repository/Filtreler/Basliklar' located by 'By.cssSelector: .control-label.col-sm-4.paddingMarginRLC' in '10' second(s)

2021-11-18 11:50:49 - [MESSAGE][INFO] - Smart Wait Function is triggered

2021-11-18 11:50:50 - [MESSAGE][PASSED] - Method.TextDegerineEsitElementinAltindakiTextboxtaYaz is PASSED

2021-11-18 11:50:50 - [MESSAGE][PASSED] - Call Test Case 'Test Cases/Filtreler/BaslangicYaz' successfully

2021-11-18 11:50:50 - [MESSAGE][INFO] - Checking called Test Case

2021-11-18 11:50:50 - [MESSAGE][INFO] - Starting to call Test Case 'Test Cases/Filtreler/BitisYaz'

2021-11-18 11:50:50 - [TEST_CASE][PASSED] - Test Cases/Filtreler/BitisYaz: Test Cases/Filtreler/BitisYaz

2021-11-18 11:50:50 - [TEST_STEP][PASSED] - Method.TextDegerineEsitElementinAltindakineTikla(findTestObject("Filtreler/Basliklar"), findTestObject("Filtreler/Basliga_Gore_Bitis_Image"), Filtre_Adi): Method.TextDegerineEsitElementinAltindakineTikla is PASSED

2021-11-18 11:50:50 - [MESSAGE][INFO] - Finding Test Object 'Object Repository/Filtreler/Basliklar'

2021-11-18 11:50:50 - [MESSAGE][INFO] - Finding Test Object 'Object Repository/Filtreler/Basliga_Gore_Bitis_Image'

2021-11-18 11:50:50 - [MESSAGE][INFO] - Checking timeout

2021-11-18 11:50:50 - [MESSAGE][INFO] - Finding web element with id: 'Object Repository/Filtreler/Basliklar' located by 'By.cssSelector: .control-label.col-sm-4.paddingMarginRLC' in '10' second(s)

2021-11-18 11:50:50 - [MESSAGE][INFO] - Smart Wait Function is triggered

2021-11-18 11:50:50 - [MESSAGE][INFO] - Found 5 web elements with id: 'Object Repository/Filtreler/Basliklar' located by 'By.cssSelector: .control-label.col-sm-4.paddingMarginRLC' in '10' second(s)

2021-11-18 11:50:50 - [MESSAGE][INFO] - Smart Wait Function is triggered

2021-11-18 11:50:51 - [MESSAGE][PASSED] - Method.TextDegerineEsitElementinAltindakineTikla is PASSED

2021-11-18 11:50:51 - [TEST_STEP][PASSED] - Method.TextDegerineEsitElementinAltindakiTextboxtaYaz(findTestObject("Filtreler/Basliklar"), findTestObject("Object Repository/Filtreler/Basliga_Gore_Bitis"), Filtre_Adi, Filtre_Degeri): Method.TextDegerineEsitElementinAltindakiTextboxtaYaz is PASSED

2021-11-18 11:50:51 - [MESSAGE][INFO] - Finding Test Object 'Object Repository/Filtreler/Basliklar'

2021-11-18 11:50:51 - [MESSAGE][INFO] - Finding Test Object 'Object Repository/Filtreler/Basliga_Gore_Bitis'

2021-11-18 11:50:51 - [MESSAGE][INFO] - Checking timeout

2021-11-18 11:50:51 - [MESSAGE][INFO] - Finding web element with id: 'Object Repository/Filtreler/Basliklar' located by 'By.cssSelector: .control-label.col-sm-4.paddingMarginRLC' in '10' second(s)

2021-11-18 11:50:51 - [MESSAGE][INFO] - Smart Wait Function is triggered

2021-11-18 11:50:51 - [MESSAGE][INFO] - Found 5 web elements with id: 'Object Repository/Filtreler/Basliklar' located by 'By.cssSelector: .control-label.col-sm-4.paddingMarginRLC' in '10' second(s)

2021-11-18 11:50:51 - [MESSAGE][INFO] - Smart Wait Function is triggered

2021-11-18 11:50:52 - [MESSAGE][PASSED] - Method.TextDegerineEsitElementinAltindakiTextboxtaYaz is PASSED

2021-11-18 11:50:52 - [MESSAGE][PASSED] - Call Test Case 'Test Cases/Filtreler/BitisYaz' successfully

2021-11-18 11:50:52 - [MESSAGE][INFO] - Checking called Test Case

2021-11-18 11:50:52 - [MESSAGE][INFO] - Starting to call Test Case 'Test Cases/Filtreler/ButonaTikla'

2021-11-18 11:50:52 - [TEST_CASE][PASSED] - Test Cases/Filtreler/ButonaTikla: Test Cases/Filtreler/ButonaTikla

2021-11-18 11:50:52 - [TEST_STEP][PASSED] - Method.TextDegerineEsitElementeTikla(findTestObject("Filtreler/Butonlar"), Filtre_Buton): Method.TextDegerineEsitElementeTikla is PASSED

2021-11-18 11:50:52 - [MESSAGE][INFO] - Finding Test Object 'Object Repository/Filtreler/Butonlar'

2021-11-18 11:50:52 - [MESSAGE][INFO] - Checking timeout

2021-11-18 11:50:52 - [MESSAGE][INFO] - Finding web element with id: 'Object Repository/Filtreler/Butonlar' located by 'By.cssSelector: .dxb>span' in '10' second(s)

2021-11-18 11:50:52 - [MESSAGE][INFO] - Smart Wait Function is triggered

2021-11-18 11:50:52 - [MESSAGE][INFO] - Found 3 web elements with id: 'Object Repository/Filtreler/Butonlar' located by 'By.cssSelector: .dxb>span' in '10' second(s)

2021-11-18 11:50:52 - [MESSAGE][PASSED] - Method.TextDegerineEsitElementeTikla is PASSED

2021-11-18 11:50:52 - [MESSAGE][PASSED] - Call Test Case 'Test Cases/Filtreler/ButonaTikla' successfully

2021-11-18 11:50:52 - [MESSAGE][INFO] - Checking called Test Case

2021-11-18 11:50:52 - [MESSAGE][INFO] - Starting to call Test Case 'Test Cases/Tablo/TablodaVeriVarMi'

2021-11-18 11:50:52 - [TEST_CASE][PASSED] - Test Cases/Tablo/TablodaVeriVarMi: Test Cases/Tablo/TablodaVeriVarMi

2021-11-18 11:50:52 - [TEST_STEP][PASSED] - verifyTextNotPresent("Görüntülenecek veri yok", true): Text 'Görüntülenecek veri yok' is not present on page using regular expression

2021-11-18 11:50:52 - [MESSAGE][INFO] - Checking text present  using regular expression

2021-11-18 11:50:52 - [MESSAGE][INFO] - Smart Wait Function is triggered

2021-11-18 11:50:53 - [MESSAGE][INFO] - Finding text 'Görüntülenecek veri yok' on page  using regular expression

2021-11-18 11:50:53 - [MESSAGE][PASSED] - Text 'Görüntülenecek veri yok' is not present on page using regular expression

2021-11-18 11:50:53 - [MESSAGE][PASSED] - Call Test Case 'Test Cases/Tablo/TablodaVeriVarMi' successfully

2021-11-18 11:50:53 - [MESSAGE][INFO] - Checking called Test Case

2021-11-18 11:50:53 - [MESSAGE][INFO] - Starting to call Test Case 'Test Cases/Tablo/TablodanVeriSec'

2021-11-18 11:50:53 - [TEST_CASE][PASSED] - Test Cases/Tablo/TablodanVeriSec: Test Cases/Tablo/TablodanVeriSec

2021-11-18 11:50:53 - [TEST_STEP][PASSED] - Method.TextDegerineEsitElementinAltindakineTikla(findTestObject("Tablo/Veriler"), findTestObject("Tablo/VerininCheckBoxi"), Veri_Adi): Method.TextDegerineEsitElementinAltindakineTikla is PASSED

2021-11-18 11:50:53 - [MESSAGE][INFO] - Finding Test Object 'Object Repository/Tablo/Veriler'

2021-11-18 11:50:53 - [MESSAGE][INFO] - Finding Test Object 'Object Repository/Tablo/VerininCheckBoxi'

2021-11-18 11:50:53 - [MESSAGE][INFO] - Checking timeout

2021-11-18 11:50:53 - [MESSAGE][INFO] - Finding web element with id: 'Object Repository/Tablo/Veriler' located by 'By.cssSelector: td.dxgv b ,td.dxgv' in '10' second(s)

2021-11-18 11:50:53 - [MESSAGE][INFO] - Smart Wait Function is triggered

2021-11-18 11:50:54 - [MESSAGE][INFO] - Found 130 web elements with id: 'Object Repository/Tablo/Veriler' located by 'By.cssSelector: td.dxgv b ,td.dxgv' in '10' second(s)

2021-11-18 11:50:55 - [MESSAGE][INFO] - Smart Wait Function is triggered

2021-11-18 11:50:55 - [MESSAGE][PASSED] - Method.TextDegerineEsitElementinAltindakineTikla is PASSED

2021-11-18 11:50:55 - [MESSAGE][PASSED] - Call Test Case 'Test Cases/Tablo/TablodanVeriSec' successfully

2021-11-18 11:50:55 - [MESSAGE][INFO] - Checking called Test Case

2021-11-18 11:50:55 - [MESSAGE][INFO] - Starting to call Test Case 'Test Cases/Butonlar/ButonaTikla'

2021-11-18 11:50:55 - [TEST_CASE][PASSED] - Test Cases/Butonlar/ButonaTikla: Test Cases/Butonlar/ButonaTikla

2021-11-18 11:50:55 - [TEST_STEP][PASSED] - Method.TextDegerineEsitElementeTiklaEquals(findTestObject("Butonlar/Butonlar"), Buton_Adi): Method.TextDegerineEsitElementeTiklaEquals is PASSED

2021-11-18 11:50:55 - [MESSAGE][INFO] - Finding Test Object 'Object Repository/Butonlar/Butonlar'

2021-11-18 11:50:55 - [MESSAGE][INFO] - Checking timeout

2021-11-18 11:50:55 - [MESSAGE][INFO] - Finding web element with id: 'Object Repository/Butonlar/Butonlar' located by 'By.cssSelector: .panel.panel-default.text-center.footerPanel .btn,.btn.btn-primary.btnControls' in '10' second(s)

2021-11-18 11:50:55 - [MESSAGE][INFO] - Smart Wait Function is triggered

2021-11-18 11:50:55 - [MESSAGE][INFO] - Found 6 web elements with id: 'Object Repository/Butonlar/Butonlar' located by 'By.cssSelector: .panel.panel-default.text-center.footerPanel .btn,.btn.btn-primary.btnControls' in '10' second(s)

2021-11-18 11:50:55 - [MESSAGE][PASSED] - Method.TextDegerineEsitElementeTiklaEquals is PASSED

2021-11-18 11:50:55 - [MESSAGE][PASSED] - Call Test Case 'Test Cases/Butonlar/ButonaTikla' successfully

2021-11-18 11:50:55 - [MESSAGE][INFO] - Checking called Test Case

2021-11-18 11:50:55 - [MESSAGE][INFO] - Starting to call Test Case 'Test Cases/Butonlar/AltButonaTikla'

2021-11-18 11:50:56 - [TEST_CASE][PASSED] - Test Cases/Butonlar/AltButonaTikla: Test Cases/Butonlar/AltButonaTikla

2021-11-18 11:50:56 - [TEST_STEP][PASSED] - Method.TextDegerineEsitElementeTikla(findTestObject("Butonlar/AltButonlar"), Alt_Buton): Method.TextDegerineEsitElementeTikla is PASSED

2021-11-18 11:50:56 - [MESSAGE][INFO] - Finding Test Object 'Object Repository/Butonlar/AltButonlar'

2021-11-18 11:50:56 - [MESSAGE][INFO] - Checking timeout

2021-11-18 11:50:56 - [MESSAGE][INFO] - Finding web element with id: 'Object Repository/Butonlar/AltButonlar' located by 'By.cssSelector: .btn-group.open li>a' in '10' second(s)

2021-11-18 11:50:56 - [MESSAGE][INFO] - Smart Wait Function is triggered

2021-11-18 11:50:56 - [MESSAGE][INFO] - Found 2 web elements with id: 'Object Repository/Butonlar/AltButonlar' located by 'By.cssSelector: .btn-group.open li>a' in '10' second(s)

2021-11-18 11:50:56 - [MESSAGE][PASSED] - Method.TextDegerineEsitElementeTikla is PASSED

2021-11-18 11:50:56 - [MESSAGE][PASSED] - Call Test Case 'Test Cases/Butonlar/AltButonaTikla' successfully

2021-11-18 11:50:56 - [MESSAGE][INFO] - Checking called Test Case

2021-11-18 11:50:56 - [MESSAGE][INFO] - Starting to call Test Case 'Test Cases/Popup/PopupMesajiIceriyorMu'

2021-11-18 11:50:56 - [TEST_CASE][PASSED] - Test Cases/Popup/PopupMesajiIceriyorMu: Test Cases/Popup/PopupMesajiIceriyorMu

2021-11-18 11:50:56 - [TEST_STEP][PASSED] - waitForElementVisible(findTestObject("Popup/Popup"), 10): Object 'Object Repository/Popup/Popup' is visible

2021-11-18 11:50:56 - [MESSAGE][INFO] - Finding Test Object 'Object Repository/Popup/Popup'

2021-11-18 11:50:56 - [MESSAGE][INFO] - Checking object

2021-11-18 11:50:56 - [MESSAGE][INFO] - Checking timeout

2021-11-18 11:50:56 - [MESSAGE][INFO] - Finding web element from Test Object's properties

2021-11-18 11:50:56 - [MESSAGE][INFO] - Checking timeout

2021-11-18 11:50:56 - [MESSAGE][INFO] - Finding web element with id: 'Object Repository/Popup/Popup' located by 'By.cssSelector: .bootbox-body' in '10' second(s)

2021-11-18 11:50:56 - [MESSAGE][INFO] - Smart Wait Function is triggered

2021-11-18 11:50:57 - [MESSAGE][INFO] - Found 1 web elements with id: 'Object Repository/Popup/Popup' located by 'By.cssSelector: .bootbox-body' in '10' second(s)

2021-11-18 11:50:57 - [MESSAGE][PASSED] - Object 'Object Repository/Popup/Popup' is visible

2021-11-18 11:50:57 - [TEST_STEP][PASSED] - if (!(getText(findTestObject("Popup/Popup")).contains(Mesaj))): Text of object 'Object Repository/Popup/Popup' is: 'Lütfen rapor bildiriminin gönderileceği e-posta adresini belirtiniz.
e-Posta Adresi'

2021-11-18 11:50:57 - [MESSAGE][INFO] - Finding Test Object 'Object Repository/Popup/Popup'

2021-11-18 11:50:57 - [MESSAGE][INFO] - Checking object

2021-11-18 11:50:57 - [MESSAGE][INFO] - Finding web element from Test Object's properties

2021-11-18 11:50:57 - [MESSAGE][INFO] - Checking timeout

2021-11-18 11:50:57 - [MESSAGE][INFO] - Finding web element with id: 'Object Repository/Popup/Popup' located by 'By.cssSelector: .bootbox-body' in '30' second(s)

2021-11-18 11:50:57 - [MESSAGE][INFO] - Smart Wait Function is triggered

2021-11-18 11:50:57 - [MESSAGE][INFO] - Found 1 web elements with id: 'Object Repository/Popup/Popup' located by 'By.cssSelector: .bootbox-body' in '30' second(s)

2021-11-18 11:50:57 - [MESSAGE][INFO] - Getting text of object 'Object Repository/Popup/Popup'

2021-11-18 11:50:58 - [MESSAGE][PASSED] - Text of object 'Object Repository/Popup/Popup' is: 'Lütfen rapor bildiriminin gönderileceği e-posta adresini belirtiniz.
e-Posta Adresi'

2021-11-18 11:50:58 - [TEST_STEP][PASSED] - RaporNo = getText(findTestObject("Popup/Popup")).substring(0, 6): Text of object 'Object Repository/Popup/Popup' is: 'Lütfen rapor bildiriminin gönderileceği e-posta adresini belirtiniz.
e-Posta Adresi'

2021-11-18 11:50:58 - [MESSAGE][INFO] - Finding Test Object 'Object Repository/Popup/Popup'

2021-11-18 11:50:58 - [MESSAGE][INFO] - Checking object

2021-11-18 11:50:58 - [MESSAGE][INFO] - Finding web element from Test Object's properties

2021-11-18 11:50:58 - [MESSAGE][INFO] - Checking timeout

2021-11-18 11:50:58 - [MESSAGE][INFO] - Finding web element with id: 'Object Repository/Popup/Popup' located by 'By.cssSelector: .bootbox-body' in '30' second(s)

2021-11-18 11:50:58 - [MESSAGE][INFO] - Smart Wait Function is triggered

2021-11-18 11:50:58 - [MESSAGE][INFO] - Found 1 web elements with id: 'Object Repository/Popup/Popup' located by 'By.cssSelector: .bootbox-body' in '30' second(s)

2021-11-18 11:50:58 - [MESSAGE][INFO] - Getting text of object 'Object Repository/Popup/Popup'

2021-11-18 11:50:58 - [MESSAGE][PASSED] - Text of object 'Object Repository/Popup/Popup' is: 'Lütfen rapor bildiriminin gönderileceği e-posta adresini belirtiniz.
e-Posta Adresi'

2021-11-18 11:50:58 - [TEST_STEP][PASSED] - Console.println(RaporNo): null

2021-11-18 11:50:58 - [MESSAGE][PASSED] - Call Test Case 'Test Cases/Popup/PopupMesajiIceriyorMu' successfully

2021-11-18 11:50:58 - [MESSAGE][INFO] - Checking called Test Case

2021-11-18 11:50:58 - [MESSAGE][INFO] - Starting to call Test Case 'Test Cases/Popup/PopupaEmailEklenir'

2021-11-18 11:50:58 - [TEST_CASE][PASSED] - Test Cases/Popup/PopupaEmailEklenir: Test Cases/Popup/PopupaEmailEklenir

2021-11-18 11:50:58 - [TEST_STEP][PASSED] - clearText(findTestObject("Popup/EmailText")): Text of object 'Object Repository/Popup/EmailText' is cleared

2021-11-18 11:50:58 - [MESSAGE][INFO] - Finding Test Object 'Object Repository/Popup/EmailText'

2021-11-18 11:50:58 - [MESSAGE][INFO] - Checking object

2021-11-18 11:50:58 - [MESSAGE][INFO] - Finding web element from Test Object's properties

2021-11-18 11:50:58 - [MESSAGE][INFO] - Checking timeout

2021-11-18 11:50:58 - [MESSAGE][INFO] - Finding web element with id: 'Object Repository/Popup/EmailText' located by 'By.xpath: //*[@id="eMails"]' in '30' second(s)

2021-11-18 11:50:58 - [MESSAGE][INFO] - Smart Wait Function is triggered

2021-11-18 11:50:58 - [MESSAGE][INFO] - Found 1 web elements with id: 'Object Repository/Popup/EmailText' located by 'By.xpath: //*[@id="eMails"]' in '30' second(s)

2021-11-18 11:50:58 - [MESSAGE][INFO] - Clearing text of object 'Object Repository/Popup/EmailText'

2021-11-18 11:50:58 - [MESSAGE][PASSED] - Text of object 'Object Repository/Popup/EmailText' is cleared

2021-11-18 11:50:58 - [TEST_STEP][PASSED] - sendKeys(findTestObject("Popup/EmailText"), Email): Keys 'elogotest@gmail.com;ali.kara@logo.com.tr' sent to object: 'Object Repository/Popup/EmailText'

2021-11-18 11:50:58 - [MESSAGE][INFO] - Finding Test Object 'Object Repository/Popup/EmailText'

2021-11-18 11:50:59 - [MESSAGE][INFO] - Sending keys 'elogotest@gmail.com;ali.kara@logo.com.tr' to object: 'Object Repository/Popup/EmailText'

2021-11-18 11:50:59 - [MESSAGE][INFO] - Finding web element from Test Object's properties

2021-11-18 11:50:59 - [MESSAGE][INFO] - Checking timeout

2021-11-18 11:50:59 - [MESSAGE][INFO] - Finding web element with id: 'Object Repository/Popup/EmailText' located by 'By.xpath: //*[@id="eMails"]' in '30' second(s)

2021-11-18 11:50:59 - [MESSAGE][INFO] - Smart Wait Function is triggered

2021-11-18 11:50:59 - [MESSAGE][INFO] - Found 1 web elements with id: 'Object Repository/Popup/EmailText' located by 'By.xpath: //*[@id="eMails"]' in '30' second(s)

2021-11-18 11:50:59 - [MESSAGE][PASSED] - Keys 'elogotest@gmail.com;ali.kara@logo.com.tr' sent to object: 'Object Repository/Popup/EmailText'

2021-11-18 11:50:59 - [MESSAGE][PASSED] - Call Test Case 'Test Cases/Popup/PopupaEmailEklenir' successfully

2021-11-18 11:50:59 - [MESSAGE][INFO] - Checking called Test Case

2021-11-18 11:50:59 - [MESSAGE][INFO] - Starting to call Test Case 'Test Cases/Popup/PopupButonSecilir'

2021-11-18 11:50:59 - [TEST_CASE][PASSED] - Test Cases/Popup/PopupButonSecilir: Test Cases/Popup/PopupButonSecilir

2021-11-18 11:50:59 - [TEST_STEP][PASSED] - Method.TextDegerineEsitElementeTikla(findTestObject("Popup/Popup_Butons"), Buton): Method.TextDegerineEsitElementeTikla is PASSED

2021-11-18 11:50:59 - [MESSAGE][INFO] - Finding Test Object 'Object Repository/Popup/Popup_Butons'

2021-11-18 11:50:59 - [MESSAGE][INFO] - Checking timeout

2021-11-18 11:50:59 - [MESSAGE][INFO] - Finding web element with id: 'Object Repository/Popup/Popup_Butons' located by 'By.cssSelector: .modal-footer>button' in '10' second(s)

2021-11-18 11:50:59 - [MESSAGE][INFO] - Smart Wait Function is triggered

2021-11-18 11:50:59 - [MESSAGE][INFO] - Found 2 web elements with id: 'Object Repository/Popup/Popup_Butons' located by 'By.cssSelector: .modal-footer>button' in '10' second(s)

2021-11-18 11:50:59 - [MESSAGE][PASSED] - Method.TextDegerineEsitElementeTikla is PASSED

2021-11-18 11:50:59 - [MESSAGE][PASSED] - Call Test Case 'Test Cases/Popup/PopupButonSecilir' successfully

2021-11-18 11:50:59 - [MESSAGE][INFO] - Checking called Test Case

2021-11-18 11:50:59 - [MESSAGE][INFO] - Starting to call Test Case 'Test Cases/Popup/PopupMesajiIceriyorMu'

2021-11-18 11:50:59 - [TEST_CASE][PASSED] - Test Cases/Popup/PopupMesajiIceriyorMu: Test Cases/Popup/PopupMesajiIceriyorMu

2021-11-18 11:50:59 - [TEST_STEP][PASSED] - waitForElementVisible(findTestObject("Popup/Popup"), 10): Object 'Object Repository/Popup/Popup' is visible

2021-11-18 11:50:59 - [MESSAGE][INFO] - Finding Test Object 'Object Repository/Popup/Popup'

2021-11-18 11:51:00 - [MESSAGE][INFO] - Checking object

2021-11-18 11:51:00 - [MESSAGE][INFO] - Checking timeout

2021-11-18 11:51:00 - [MESSAGE][INFO] - Finding web element from Test Object's properties

2021-11-18 11:51:00 - [MESSAGE][INFO] - Checking timeout

2021-11-18 11:51:00 - [MESSAGE][INFO] - Finding web element with id: 'Object Repository/Popup/Popup' located by 'By.cssSelector: .bootbox-body' in '10' second(s)

2021-11-18 11:51:00 - [MESSAGE][INFO] - Smart Wait Function is triggered

2021-11-18 11:51:01 - [MESSAGE][INFO] - Found 1 web elements with id: 'Object Repository/Popup/Popup' located by 'By.cssSelector: .bootbox-body' in '10' second(s)

2021-11-18 11:51:01 - [MESSAGE][PASSED] - Object 'Object Repository/Popup/Popup' is visible

2021-11-18 11:51:01 - [TEST_STEP][PASSED] - if (!(getText(findTestObject("Popup/Popup")).contains(Mesaj))): Text of object 'Object Repository/Popup/Popup' is: '17420 no’lu talebiniz işleme alınmıştır. Raporunuz hazırlandığında (elogotest@gmail.com;ali.kara@logo.com.tr) adresinize mail gönderilecektir.
Rapor durumunuzu Raporlar > Toplu Veri İndirme ekranından takip edebilir, hazırlandı durumundaki raporlarınızı ilgili menüden indirebilirsiniz.'

2021-11-18 11:51:01 - [MESSAGE][INFO] - Finding Test Object 'Object Repository/Popup/Popup'

2021-11-18 11:51:02 - [MESSAGE][INFO] - Checking object

2021-11-18 11:51:02 - [MESSAGE][INFO] - Finding web element from Test Object's properties

2021-11-18 11:51:02 - [MESSAGE][INFO] - Checking timeout

2021-11-18 11:51:02 - [MESSAGE][INFO] - Finding web element with id: 'Object Repository/Popup/Popup' located by 'By.cssSelector: .bootbox-body' in '30' second(s)

2021-11-18 11:51:02 - [MESSAGE][INFO] - Smart Wait Function is triggered

2021-11-18 11:51:02 - [MESSAGE][INFO] - Found 1 web elements with id: 'Object Repository/Popup/Popup' located by 'By.cssSelector: .bootbox-body' in '30' second(s)

2021-11-18 11:51:02 - [MESSAGE][INFO] - Getting text of object 'Object Repository/Popup/Popup'

2021-11-18 11:51:02 - [MESSAGE][PASSED] - Text of object 'Object Repository/Popup/Popup' is: '17420 no’lu talebiniz işleme alınmıştır. Raporunuz hazırlandığında (elogotest@gmail.com;ali.kara@logo.com.tr) adresinize mail gönderilecektir.
Rapor durumunuzu Raporlar > Toplu Veri İndirme ekranından takip edebilir, hazırlandı durumundaki raporlarınızı ilgili menüden indirebilirsiniz.'

2021-11-18 11:51:02 - [TEST_STEP][PASSED] - RaporNo = getText(findTestObject("Popup/Popup")).substring(0, 6): Text of object 'Object Repository/Popup/Popup' is: '17420 no’lu talebiniz işleme alınmıştır. Raporunuz hazırlandığında (elogotest@gmail.com;ali.kara@logo.com.tr) adresinize mail gönderilecektir.
Rapor durumunuzu Raporlar > Toplu Veri İndirme ekranından takip edebilir, hazırlandı durumundaki raporlarınızı ilgili menüden indirebilirsiniz.'

2021-11-18 11:51:02 - [MESSAGE][INFO] - Finding Test Object 'Object Repository/Popup/Popup'

2021-11-18 11:51:02 - [MESSAGE][INFO] - Checking object

2021-11-18 11:51:02 - [MESSAGE][INFO] - Finding web element from Test Object's properties

2021-11-18 11:51:02 - [MESSAGE][INFO] - Checking timeout

2021-11-18 11:51:02 - [MESSAGE][INFO] - Finding web element with id: 'Object Repository/Popup/Popup' located by 'By.cssSelector: .bootbox-body' in '30' second(s)

2021-11-18 11:51:02 - [MESSAGE][INFO] - Smart Wait Function is triggered

2021-11-18 11:51:02 - [MESSAGE][INFO] - Found 1 web elements with id: 'Object Repository/Popup/Popup' located by 'By.cssSelector: .bootbox-body' in '30' second(s)

2021-11-18 11:51:02 - [MESSAGE][INFO] - Getting text of object 'Object Repository/Popup/Popup'

2021-11-18 11:51:02 - [MESSAGE][PASSED] - Text of object 'Object Repository/Popup/Popup' is: '17420 no’lu talebiniz işleme alınmıştır. Raporunuz hazırlandığında (elogotest@gmail.com;ali.kara@logo.com.tr) adresinize mail gönderilecektir.
Rapor durumunuzu Raporlar > Toplu Veri İndirme ekranından takip edebilir, hazırlandı durumundaki raporlarınızı ilgili menüden indirebilirsiniz.'

2021-11-18 11:51:02 - [TEST_STEP][PASSED] - Console.println(RaporNo): null

2021-11-18 11:51:02 - [MESSAGE][PASSED] - Call Test Case 'Test Cases/Popup/PopupMesajiIceriyorMu' successfully

2021-11-18 11:51:02 - [MESSAGE][INFO] - Checking called Test Case

2021-11-18 11:51:02 - [MESSAGE][INFO] - Starting to call Test Case 'Test Cases/Popup/PopupButonSecilir'

2021-11-18 11:51:02 - [TEST_CASE][PASSED] - Test Cases/Popup/PopupButonSecilir: Test Cases/Popup/PopupButonSecilir

2021-11-18 11:51:02 - [TEST_STEP][PASSED] - Method.TextDegerineEsitElementeTikla(findTestObject("Popup/Popup_Butons"), Buton): Method.TextDegerineEsitElementeTikla is PASSED

2021-11-18 11:51:02 - [MESSAGE][INFO] - Finding Test Object 'Object Repository/Popup/Popup_Butons'

2021-11-18 11:51:02 - [MESSAGE][INFO] - Checking timeout

2021-11-18 11:51:02 - [MESSAGE][INFO] - Finding web element with id: 'Object Repository/Popup/Popup_Butons' located by 'By.cssSelector: .modal-footer>button' in '10' second(s)

2021-11-18 11:51:02 - [MESSAGE][INFO] - Smart Wait Function is triggered

2021-11-18 11:51:03 - [MESSAGE][INFO] - Found 1 web elements with id: 'Object Repository/Popup/Popup_Butons' located by 'By.cssSelector: .modal-footer>button' in '10' second(s)

2021-11-18 11:51:03 - [MESSAGE][PASSED] - Method.TextDegerineEsitElementeTikla is PASSED

2021-11-18 11:51:03 - [MESSAGE][PASSED] - Call Test Case 'Test Cases/Popup/PopupButonSecilir' successfully

2021-11-18 11:51:03 - [MESSAGE][INFO] - Checking called Test Case

2021-11-18 11:51:03 - [MESSAGE][INFO] - Starting to call Test Case 'Test Cases/Butonlar/ButonaTikla'

2021-11-18 11:51:03 - [TEST_CASE][PASSED] - Test Cases/Butonlar/ButonaTikla: Test Cases/Butonlar/ButonaTikla

2021-11-18 11:51:03 - [TEST_STEP][PASSED] - Method.TextDegerineEsitElementeTiklaEquals(findTestObject("Butonlar/Butonlar"), Buton_Adi): Method.TextDegerineEsitElementeTiklaEquals is PASSED

2021-11-18 11:51:03 - [MESSAGE][INFO] - Finding Test Object 'Object Repository/Butonlar/Butonlar'

2021-11-18 11:51:03 - [MESSAGE][INFO] - Checking timeout

2021-11-18 11:51:03 - [MESSAGE][INFO] - Finding web element with id: 'Object Repository/Butonlar/Butonlar' located by 'By.cssSelector: .panel.panel-default.text-center.footerPanel .btn,.btn.btn-primary.btnControls' in '10' second(s)

2021-11-18 11:51:03 - [MESSAGE][INFO] - Smart Wait Function is triggered

2021-11-18 11:51:04 - [MESSAGE][INFO] - Found 6 web elements with id: 'Object Repository/Butonlar/Butonlar' located by 'By.cssSelector: .panel.panel-default.text-center.footerPanel .btn,.btn.btn-primary.btnControls' in '10' second(s)

2021-11-18 11:51:04 - [MESSAGE][PASSED] - Method.TextDegerineEsitElementeTiklaEquals is PASSED

2021-11-18 11:51:04 - [MESSAGE][PASSED] - Call Test Case 'Test Cases/Butonlar/ButonaTikla' successfully

2021-11-18 11:51:04 - [MESSAGE][INFO] - Checking called Test Case

2021-11-18 11:51:04 - [MESSAGE][INFO] - Starting to call Test Case 'Test Cases/Butonlar/AltButonaTikla'

2021-11-18 11:51:04 - [TEST_CASE][PASSED] - Test Cases/Butonlar/AltButonaTikla: Test Cases/Butonlar/AltButonaTikla

2021-11-18 11:51:04 - [TEST_STEP][PASSED] - Method.TextDegerineEsitElementeTikla(findTestObject("Butonlar/AltButonlar"), Alt_Buton): Method.TextDegerineEsitElementeTikla is PASSED

2021-11-18 11:51:04 - [MESSAGE][INFO] - Finding Test Object 'Object Repository/Butonlar/AltButonlar'

2021-11-18 11:51:04 - [MESSAGE][INFO] - Checking timeout

2021-11-18 11:51:04 - [MESSAGE][INFO] - Finding web element with id: 'Object Repository/Butonlar/AltButonlar' located by 'By.cssSelector: .btn-group.open li>a' in '10' second(s)

2021-11-18 11:51:04 - [MESSAGE][INFO] - Smart Wait Function is triggered

2021-11-18 11:51:04 - [MESSAGE][INFO] - Found 2 web elements with id: 'Object Repository/Butonlar/AltButonlar' located by 'By.cssSelector: .btn-group.open li>a' in '10' second(s)

2021-11-18 11:51:04 - [MESSAGE][PASSED] - Method.TextDegerineEsitElementeTikla is PASSED

2021-11-18 11:51:04 - [MESSAGE][PASSED] - Call Test Case 'Test Cases/Butonlar/AltButonaTikla' successfully

2021-11-18 11:51:04 - [MESSAGE][INFO] - Checking called Test Case

2021-11-18 11:51:04 - [MESSAGE][INFO] - Starting to call Test Case 'Test Cases/Popup/PopupMesajiIceriyorMu'

2021-11-18 11:51:04 - [TEST_CASE][PASSED] - Test Cases/Popup/PopupMesajiIceriyorMu: Test Cases/Popup/PopupMesajiIceriyorMu

2021-11-18 11:51:04 - [TEST_STEP][PASSED] - waitForElementVisible(findTestObject("Popup/Popup"), 10): Object 'Object Repository/Popup/Popup' is visible

2021-11-18 11:51:04 - [MESSAGE][INFO] - Finding Test Object 'Object Repository/Popup/Popup'

2021-11-18 11:51:04 - [MESSAGE][INFO] - Checking object

2021-11-18 11:51:04 - [MESSAGE][INFO] - Checking timeout

2021-11-18 11:51:04 - [MESSAGE][INFO] - Finding web element from Test Object's properties

2021-11-18 11:51:04 - [MESSAGE][INFO] - Checking timeout

2021-11-18 11:51:04 - [MESSAGE][INFO] - Finding web element with id: 'Object Repository/Popup/Popup' located by 'By.cssSelector: .bootbox-body' in '10' second(s)

2021-11-18 11:51:04 - [MESSAGE][INFO] - Smart Wait Function is triggered

2021-11-18 11:51:05 - [MESSAGE][INFO] - Found 1 web elements with id: 'Object Repository/Popup/Popup' located by 'By.cssSelector: .bootbox-body' in '10' second(s)

2021-11-18 11:51:05 - [MESSAGE][PASSED] - Object 'Object Repository/Popup/Popup' is visible

2021-11-18 11:51:05 - [TEST_STEP][PASSED] - if (!(getText(findTestObject("Popup/Popup")).contains(Mesaj))): Text of object 'Object Repository/Popup/Popup' is: 'Lütfen rapor bildiriminin gönderileceği e-posta adresini belirtiniz.
e-Posta Adresi'

2021-11-18 11:51:05 - [MESSAGE][INFO] - Finding Test Object 'Object Repository/Popup/Popup'

2021-11-18 11:51:05 - [MESSAGE][INFO] - Checking object

2021-11-18 11:51:05 - [MESSAGE][INFO] - Finding web element from Test Object's properties

2021-11-18 11:51:05 - [MESSAGE][INFO] - Checking timeout

2021-11-18 11:51:05 - [MESSAGE][INFO] - Finding web element with id: 'Object Repository/Popup/Popup' located by 'By.cssSelector: .bootbox-body' in '30' second(s)

2021-11-18 11:51:05 - [MESSAGE][INFO] - Smart Wait Function is triggered

2021-11-18 11:51:05 - [MESSAGE][INFO] - Found 1 web elements with id: 'Object Repository/Popup/Popup' located by 'By.cssSelector: .bootbox-body' in '30' second(s)

2021-11-18 11:51:05 - [MESSAGE][INFO] - Getting text of object 'Object Repository/Popup/Popup'

2021-11-18 11:51:05 - [MESSAGE][PASSED] - Text of object 'Object Repository/Popup/Popup' is: 'Lütfen rapor bildiriminin gönderileceği e-posta adresini belirtiniz.
e-Posta Adresi'

2021-11-18 11:51:05 - [TEST_STEP][PASSED] - RaporNo = getText(findTestObject("Popup/Popup")).substring(0, 6): Text of object 'Object Repository/Popup/Popup' is: 'Lütfen rapor bildiriminin gönderileceği e-posta adresini belirtiniz.
e-Posta Adresi'

2021-11-18 11:51:05 - [MESSAGE][INFO] - Finding Test Object 'Object Repository/Popup/Popup'

2021-11-18 11:51:05 - [MESSAGE][INFO] - Checking object

2021-11-18 11:51:05 - [MESSAGE][INFO] - Finding web element from Test Object's properties

2021-11-18 11:51:05 - [MESSAGE][INFO] - Checking timeout

2021-11-18 11:51:05 - [MESSAGE][INFO] - Finding web element with id: 'Object Repository/Popup/Popup' located by 'By.cssSelector: .bootbox-body' in '30' second(s)

2021-11-18 11:51:05 - [MESSAGE][INFO] - Smart Wait Function is triggered

2021-11-18 11:51:06 - [MESSAGE][INFO] - Found 1 web elements with id: 'Object Repository/Popup/Popup' located by 'By.cssSelector: .bootbox-body' in '30' second(s)

2021-11-18 11:51:06 - [MESSAGE][INFO] - Getting text of object 'Object Repository/Popup/Popup'

2021-11-18 11:51:06 - [MESSAGE][PASSED] - Text of object 'Object Repository/Popup/Popup' is: 'Lütfen rapor bildiriminin gönderileceği e-posta adresini belirtiniz.
e-Posta Adresi'

2021-11-18 11:51:06 - [TEST_STEP][PASSED] - Console.println(RaporNo): null

2021-11-18 11:51:06 - [MESSAGE][PASSED] - Call Test Case 'Test Cases/Popup/PopupMesajiIceriyorMu' successfully

2021-11-18 11:51:06 - [MESSAGE][INFO] - Checking called Test Case

2021-11-18 11:51:06 - [MESSAGE][INFO] - Starting to call Test Case 'Test Cases/Popup/PopupaEmailEklenir'

2021-11-18 11:51:06 - [TEST_CASE][PASSED] - Test Cases/Popup/PopupaEmailEklenir: Test Cases/Popup/PopupaEmailEklenir

2021-11-18 11:51:06 - [TEST_STEP][PASSED] - clearText(findTestObject("Popup/EmailText")): Text of object 'Object Repository/Popup/EmailText' is cleared

2021-11-18 11:51:06 - [MESSAGE][INFO] - Finding Test Object 'Object Repository/Popup/EmailText'

2021-11-18 11:51:06 - [MESSAGE][INFO] - Checking object

2021-11-18 11:51:06 - [MESSAGE][INFO] - Finding web element from Test Object's properties

2021-11-18 11:51:06 - [MESSAGE][INFO] - Checking timeout

2021-11-18 11:51:06 - [MESSAGE][INFO] - Finding web element with id: 'Object Repository/Popup/EmailText' located by 'By.xpath: //*[@id="eMails"]' in '30' second(s)

2021-11-18 11:51:06 - [MESSAGE][INFO] - Smart Wait Function is triggered

2021-11-18 11:51:06 - [MESSAGE][INFO] - Found 1 web elements with id: 'Object Repository/Popup/EmailText' located by 'By.xpath: //*[@id="eMails"]' in '30' second(s)

2021-11-18 11:51:06 - [MESSAGE][INFO] - Clearing text of object 'Object Repository/Popup/EmailText'

2021-11-18 11:51:06 - [MESSAGE][PASSED] - Text of object 'Object Repository/Popup/EmailText' is cleared

2021-11-18 11:51:06 - [TEST_STEP][PASSED] - sendKeys(findTestObject("Popup/EmailText"), Email): Keys 'elogotest@gmail.com;ali.kara@logo.com.tr' sent to object: 'Object Repository/Popup/EmailText'

2021-11-18 11:51:06 - [MESSAGE][INFO] - Finding Test Object 'Object Repository/Popup/EmailText'

2021-11-18 11:51:06 - [MESSAGE][INFO] - Sending keys 'elogotest@gmail.com;ali.kara@logo.com.tr' to object: 'Object Repository/Popup/EmailText'

2021-11-18 11:51:06 - [MESSAGE][INFO] - Finding web element from Test Object's properties

2021-11-18 11:51:06 - [MESSAGE][INFO] - Checking timeout

2021-11-18 11:51:06 - [MESSAGE][INFO] - Finding web element with id: 'Object Repository/Popup/EmailText' located by 'By.xpath: //*[@id="eMails"]' in '30' second(s)

2021-11-18 11:51:06 - [MESSAGE][INFO] - Smart Wait Function is triggered

2021-11-18 11:51:06 - [MESSAGE][INFO] - Found 1 web elements with id: 'Object Repository/Popup/EmailText' located by 'By.xpath: //*[@id="eMails"]' in '30' second(s)

2021-11-18 11:51:06 - [MESSAGE][PASSED] - Keys 'elogotest@gmail.com;ali.kara@logo.com.tr' sent to object: 'Object Repository/Popup/EmailText'

2021-11-18 11:51:06 - [MESSAGE][PASSED] - Call Test Case 'Test Cases/Popup/PopupaEmailEklenir' successfully

2021-11-18 11:51:07 - [MESSAGE][INFO] - Checking called Test Case

2021-11-18 11:51:07 - [MESSAGE][INFO] - Starting to call Test Case 'Test Cases/Popup/PopupButonSecilir'

2021-11-18 11:51:07 - [TEST_CASE][PASSED] - Test Cases/Popup/PopupButonSecilir: Test Cases/Popup/PopupButonSecilir

2021-11-18 11:51:07 - [TEST_STEP][PASSED] - Method.TextDegerineEsitElementeTikla(findTestObject("Popup/Popup_Butons"), Buton): Method.TextDegerineEsitElementeTikla is PASSED

2021-11-18 11:51:07 - [MESSAGE][INFO] - Finding Test Object 'Object Repository/Popup/Popup_Butons'

2021-11-18 11:51:07 - [MESSAGE][INFO] - Checking timeout

2021-11-18 11:51:07 - [MESSAGE][INFO] - Finding web element with id: 'Object Repository/Popup/Popup_Butons' located by 'By.cssSelector: .modal-footer>button' in '10' second(s)

2021-11-18 11:51:07 - [MESSAGE][INFO] - Smart Wait Function is triggered

2021-11-18 11:51:07 - [MESSAGE][INFO] - Found 2 web elements with id: 'Object Repository/Popup/Popup_Butons' located by 'By.cssSelector: .modal-footer>button' in '10' second(s)

2021-11-18 11:51:07 - [MESSAGE][PASSED] - Method.TextDegerineEsitElementeTikla is PASSED

2021-11-18 11:51:07 - [MESSAGE][PASSED] - Call Test Case 'Test Cases/Popup/PopupButonSecilir' successfully

2021-11-18 11:51:07 - [MESSAGE][INFO] - Checking called Test Case

2021-11-18 11:51:07 - [MESSAGE][INFO] - Starting to call Test Case 'Test Cases/Popup/PopupMesajiIceriyorMu'

2021-11-18 11:51:07 - [TEST_CASE][PASSED] - Test Cases/Popup/PopupMesajiIceriyorMu: Test Cases/Popup/PopupMesajiIceriyorMu

2021-11-18 11:51:07 - [TEST_STEP][PASSED] - waitForElementVisible(findTestObject("Popup/Popup"), 10): Object 'Object Repository/Popup/Popup' is visible

2021-11-18 11:51:07 - [MESSAGE][INFO] - Finding Test Object 'Object Repository/Popup/Popup'

2021-11-18 11:51:07 - [MESSAGE][INFO] - Checking object

2021-11-18 11:51:07 - [MESSAGE][INFO] - Checking timeout

2021-11-18 11:51:07 - [MESSAGE][INFO] - Finding web element from Test Object's properties

2021-11-18 11:51:07 - [MESSAGE][INFO] - Checking timeout

2021-11-18 11:51:07 - [MESSAGE][INFO] - Finding web element with id: 'Object Repository/Popup/Popup' located by 'By.cssSelector: .bootbox-body' in '10' second(s)

2021-11-18 11:51:07 - [MESSAGE][INFO] - Smart Wait Function is triggered

2021-11-18 11:51:08 - [MESSAGE][INFO] - Found 1 web elements with id: 'Object Repository/Popup/Popup' located by 'By.cssSelector: .bootbox-body' in '10' second(s)

2021-11-18 11:51:08 - [MESSAGE][PASSED] - Object 'Object Repository/Popup/Popup' is visible

2021-11-18 11:51:08 - [TEST_STEP][PASSED] - if (!(getText(findTestObject("Popup/Popup")).contains(Mesaj))): Text of object 'Object Repository/Popup/Popup' is: '17421 no’lu talebiniz işleme alınmıştır. Raporunuz hazırlandığında (elogotest@gmail.com;ali.kara@logo.com.tr) adresinize mail gönderilecektir.
Rapor durumunuzu Raporlar > Toplu Veri İndirme ekranından takip edebilir, hazırlandı durumundaki raporlarınızı ilgili menüden indirebilirsiniz.'

2021-11-18 11:51:08 - [MESSAGE][INFO] - Finding Test Object 'Object Repository/Popup/Popup'

2021-11-18 11:51:08 - [MESSAGE][INFO] - Checking object

2021-11-18 11:51:08 - [MESSAGE][INFO] - Finding web element from Test Object's properties

2021-11-18 11:51:08 - [MESSAGE][INFO] - Checking timeout

2021-11-18 11:51:08 - [MESSAGE][INFO] - Finding web element with id: 'Object Repository/Popup/Popup' located by 'By.cssSelector: .bootbox-body' in '30' second(s)

2021-11-18 11:51:08 - [MESSAGE][INFO] - Smart Wait Function is triggered

2021-11-18 11:51:09 - [MESSAGE][INFO] - Found 1 web elements with id: 'Object Repository/Popup/Popup' located by 'By.cssSelector: .bootbox-body' in '30' second(s)

2021-11-18 11:51:09 - [MESSAGE][INFO] - Getting text of object 'Object Repository/Popup/Popup'

2021-11-18 11:51:09 - [MESSAGE][PASSED] - Text of object 'Object Repository/Popup/Popup' is: '17421 no’lu talebiniz işleme alınmıştır. Raporunuz hazırlandığında (elogotest@gmail.com;ali.kara@logo.com.tr) adresinize mail gönderilecektir.
Rapor durumunuzu Raporlar > Toplu Veri İndirme ekranından takip edebilir, hazırlandı durumundaki raporlarınızı ilgili menüden indirebilirsiniz.'

2021-11-18 11:51:09 - [TEST_STEP][PASSED] - RaporNo = getText(findTestObject("Popup/Popup")).substring(0, 6): Text of object 'Object Repository/Popup/Popup' is: '17421 no’lu talebiniz işleme alınmıştır. Raporunuz hazırlandığında (elogotest@gmail.com;ali.kara@logo.com.tr) adresinize mail gönderilecektir.
Rapor durumunuzu Raporlar > Toplu Veri İndirme ekranından takip edebilir, hazırlandı durumundaki raporlarınızı ilgili menüden indirebilirsiniz.'

2021-11-18 11:51:09 - [MESSAGE][INFO] - Finding Test Object 'Object Repository/Popup/Popup'

2021-11-18 11:51:09 - [MESSAGE][INFO] - Checking object

2021-11-18 11:51:09 - [MESSAGE][INFO] - Finding web element from Test Object's properties

2021-11-18 11:51:09 - [MESSAGE][INFO] - Checking timeout

2021-11-18 11:51:09 - [MESSAGE][INFO] - Finding web element with id: 'Object Repository/Popup/Popup' located by 'By.cssSelector: .bootbox-body' in '30' second(s)

2021-11-18 11:51:09 - [MESSAGE][INFO] - Smart Wait Function is triggered

2021-11-18 11:51:09 - [MESSAGE][INFO] - Found 1 web elements with id: 'Object Repository/Popup/Popup' located by 'By.cssSelector: .bootbox-body' in '30' second(s)

2021-11-18 11:51:09 - [MESSAGE][INFO] - Getting text of object 'Object Repository/Popup/Popup'

2021-11-18 11:51:09 - [MESSAGE][PASSED] - Text of object 'Object Repository/Popup/Popup' is: '17421 no’lu talebiniz işleme alınmıştır. Raporunuz hazırlandığında (elogotest@gmail.com;ali.kara@logo.com.tr) adresinize mail gönderilecektir.
Rapor durumunuzu Raporlar > Toplu Veri İndirme ekranından takip edebilir, hazırlandı durumundaki raporlarınızı ilgili menüden indirebilirsiniz.'

2021-11-18 11:51:09 - [TEST_STEP][PASSED] - Console.println(RaporNo): null

2021-11-18 11:51:09 - [MESSAGE][PASSED] - Call Test Case 'Test Cases/Popup/PopupMesajiIceriyorMu' successfully

2021-11-18 11:51:09 - [MESSAGE][INFO] - Checking called Test Case

2021-11-18 11:51:09 - [MESSAGE][INFO] - Starting to call Test Case 'Test Cases/Popup/PopupButonSecilir'

2021-11-18 11:51:09 - [TEST_CASE][PASSED] - Test Cases/Popup/PopupButonSecilir: Test Cases/Popup/PopupButonSecilir

2021-11-18 11:51:09 - [TEST_STEP][PASSED] - Method.TextDegerineEsitElementeTikla(findTestObject("Popup/Popup_Butons"), Buton): Method.TextDegerineEsitElementeTikla is PASSED

2021-11-18 11:51:09 - [MESSAGE][INFO] - Finding Test Object 'Object Repository/Popup/Popup_Butons'

2021-11-18 11:51:09 - [MESSAGE][INFO] - Checking timeout

2021-11-18 11:51:09 - [MESSAGE][INFO] - Finding web element with id: 'Object Repository/Popup/Popup_Butons' located by 'By.cssSelector: .modal-footer>button' in '10' second(s)

2021-11-18 11:51:09 - [MESSAGE][INFO] - Smart Wait Function is triggered

2021-11-18 11:51:10 - [MESSAGE][INFO] - Found 1 web elements with id: 'Object Repository/Popup/Popup_Butons' located by 'By.cssSelector: .modal-footer>button' in '10' second(s)

2021-11-18 11:51:10 - [MESSAGE][PASSED] - Method.TextDegerineEsitElementeTikla is PASSED

2021-11-18 11:51:10 - [MESSAGE][PASSED] - Call Test Case 'Test Cases/Popup/PopupButonSecilir' successfully

2021-11-18 11:51:10 - [MESSAGE][INFO] - Checking called Test Case

2021-11-18 11:51:10 - [MESSAGE][INFO] - Starting to call Test Case 'Test Cases/Sayfalar/AnaSayfa/AnaSayfayaDonulur'

2021-11-18 11:51:10 - [TEST_CASE][PASSED] - Test Cases/Sayfalar/AnaSayfa/AnaSayfayaDonulur: Test Cases/Sayfalar/AnaSayfa/AnaSayfayaDonulur

2021-11-18 11:51:10 - [TEST_STEP][PASSED] - click(findTestObject("Sayfalar/AnaSayfa/AnaSayfa")): Object: 'Object Repository/Sayfalar/AnaSayfa/AnaSayfa' is clicked on

2021-11-18 11:51:10 - [MESSAGE][INFO] - Finding Test Object 'Object Repository/Sayfalar/AnaSayfa/AnaSayfa'

2021-11-18 11:51:11 - [MESSAGE][INFO] - Checking object

2021-11-18 11:51:11 - [MESSAGE][INFO] - Finding web element from Test Object's properties

2021-11-18 11:51:11 - [MESSAGE][INFO] - Checking timeout

2021-11-18 11:51:11 - [MESSAGE][INFO] - Finding web element with id: 'Object Repository/Sayfalar/AnaSayfa/AnaSayfa' located by 'By.cssSelector: div.navbar-header > a > img' in '30' second(s)

2021-11-18 11:51:11 - [MESSAGE][INFO] - Smart Wait Function is triggered

2021-11-18 11:51:11 - [MESSAGE][INFO] - Found 1 web elements with id: 'Object Repository/Sayfalar/AnaSayfa/AnaSayfa' located by 'By.cssSelector: div.navbar-header > a > img' in '30' second(s)

2021-11-18 11:51:11 - [MESSAGE][INFO] - Clicking on object: 'Object Repository/Sayfalar/AnaSayfa/AnaSayfa'

2021-11-18 11:51:13 - [MESSAGE][PASSED] - Object: 'Object Repository/Sayfalar/AnaSayfa/AnaSayfa' is clicked on

2021-11-18 11:51:13 - [TEST_STEP][PASSED] - if (verifyElementPresent(findTestObject("Sayfalar/Giris_Sayfasi/PopupOK"), 5, OPTIONAL)): null

2021-11-18 11:51:13 - [MESSAGE][INFO] - Finding Test Object 'Object Repository/Sayfalar/Giris_Sayfasi/PopupOK'

2021-11-18 11:51:13 - [MESSAGE][INFO] - Checking object

2021-11-18 11:51:13 - [MESSAGE][INFO] - Finding web element from Test Object's properties

2021-11-18 11:51:13 - [MESSAGE][INFO] - Checking timeout

2021-11-18 11:51:13 - [MESSAGE][INFO] - Finding web element with id: 'Object Repository/Sayfalar/Giris_Sayfasi/PopupOK' located by 'By.cssSelector: .btn.btn-success' in '5' second(s)

2021-11-18 11:51:13 - [MESSAGE][INFO] - Smart Wait Function is triggered

2021-11-18 11:51:13 - [MESSAGE][INFO] - Found 1 web elements with id: 'Object Repository/Sayfalar/Giris_Sayfasi/PopupOK' located by 'By.cssSelector: .btn.btn-success' in '5' second(s)

2021-11-18 11:51:13 - [MESSAGE][PASSED] - Object 'Object Repository/Sayfalar/Giris_Sayfasi/PopupOK' is present

2021-11-18 11:51:13 - [TEST_STEP][PASSED] - click(findTestObject("Sayfalar/Giris_Sayfasi/PopupOK")): Object: 'Object Repository/Sayfalar/Giris_Sayfasi/PopupOK' is clicked on

2021-11-18 11:51:13 - [MESSAGE][INFO] - Finding Test Object 'Object Repository/Sayfalar/Giris_Sayfasi/PopupOK'

2021-11-18 11:51:13 - [MESSAGE][INFO] - Checking object

2021-11-18 11:51:13 - [MESSAGE][INFO] - Finding web element from Test Object's properties

2021-11-18 11:51:13 - [MESSAGE][INFO] - Checking timeout

2021-11-18 11:51:13 - [MESSAGE][INFO] - Finding web element with id: 'Object Repository/Sayfalar/Giris_Sayfasi/PopupOK' located by 'By.cssSelector: .btn.btn-success' in '30' second(s)

2021-11-18 11:51:13 - [MESSAGE][INFO] - Smart Wait Function is triggered

2021-11-18 11:51:14 - [MESSAGE][INFO] - Found 1 web elements with id: 'Object Repository/Sayfalar/Giris_Sayfasi/PopupOK' located by 'By.cssSelector: .btn.btn-success' in '30' second(s)

2021-11-18 11:51:14 - [MESSAGE][INFO] - Clicking on object: 'Object Repository/Sayfalar/Giris_Sayfasi/PopupOK'

2021-11-18 11:51:14 - [MESSAGE][PASSED] - Object: 'Object Repository/Sayfalar/Giris_Sayfasi/PopupOK' is clicked on

2021-11-18 11:51:14 - [TEST_STEP][PASSED] - verifyElementVisible(findTestObject("Object Repository/Kullanici_Islemleri/KullaniciIslemleri")): Object 'Object Repository/Kullanici_Islemleri/KullaniciIslemleri' is visible

2021-11-18 11:51:14 - [MESSAGE][INFO] - Finding Test Object 'Object Repository/Kullanici_Islemleri/KullaniciIslemleri'

2021-11-18 11:51:14 - [MESSAGE][INFO] - Checking object

2021-11-18 11:51:14 - [MESSAGE][INFO] - Finding web element from Test Object's properties

2021-11-18 11:51:14 - [MESSAGE][INFO] - Checking timeout

2021-11-18 11:51:14 - [MESSAGE][INFO] - Finding web element with id: 'Object Repository/Kullanici_Islemleri/KullaniciIslemleri' located by 'By.cssSelector: .dropdown>a>img' in '30' second(s)

2021-11-18 11:51:14 - [MESSAGE][INFO] - Smart Wait Function is triggered

2021-11-18 11:51:14 - [MESSAGE][INFO] - Found 1 web elements with id: 'Object Repository/Kullanici_Islemleri/KullaniciIslemleri' located by 'By.cssSelector: .dropdown>a>img' in '30' second(s)

2021-11-18 11:51:14 - [MESSAGE][PASSED] - Object 'Object Repository/Kullanici_Islemleri/KullaniciIslemleri' is visible

2021-11-18 11:51:14 - [MESSAGE][PASSED] - Call Test Case 'Test Cases/Sayfalar/AnaSayfa/AnaSayfayaDonulur' successfully

2021-11-18 11:51:14 - [MESSAGE][INFO] - Checking called Test Case

2021-11-18 11:51:14 - [MESSAGE][INFO] - Starting to call Test Case 'Test Cases/Menu/AnaMenuSecimi'

2021-11-18 11:51:14 - [TEST_CASE][PASSED] - Test Cases/Menu/AnaMenuSecimi: Test Cases/Menu/AnaMenuSecimi

2021-11-18 11:51:14 - [TEST_STEP][PASSED] - Method.TextDegerineEsitElementeTikla(findTestObject("Menu/Ana_Menu"), Ana_Menu): Method.TextDegerineEsitElementeTikla is PASSED

2021-11-18 11:51:14 - [MESSAGE][INFO] - Finding Test Object 'Object Repository/Menu/Ana_Menu'

2021-11-18 11:51:15 - [MESSAGE][INFO] - Checking timeout

2021-11-18 11:51:15 - [MESSAGE][INFO] - Finding web element with id: 'Object Repository/Menu/Ana_Menu' located by 'By.xpath: //*[@class = 'dropdown-toggle']' in '10' second(s)

2021-11-18 11:51:15 - [MESSAGE][INFO] - Smart Wait Function is triggered

2021-11-18 11:51:15 - [MESSAGE][INFO] - Found 14 web elements with id: 'Object Repository/Menu/Ana_Menu' located by 'By.xpath: //*[@class = 'dropdown-toggle']' in '10' second(s)

2021-11-18 11:51:15 - [MESSAGE][PASSED] - Method.TextDegerineEsitElementeTikla is PASSED

2021-11-18 11:51:15 - [MESSAGE][PASSED] - Call Test Case 'Test Cases/Menu/AnaMenuSecimi' successfully

2021-11-18 11:51:15 - [MESSAGE][INFO] - Checking called Test Case

2021-11-18 11:51:15 - [MESSAGE][INFO] - Starting to call Test Case 'Test Cases/Menu/AltMenuSecimi'

2021-11-18 11:51:15 - [TEST_CASE][PASSED] - Test Cases/Menu/AltMenuSecimi: Test Cases/Menu/AltMenuSecimi

2021-11-18 11:51:15 - [TEST_STEP][PASSED] - Method.TextDegerineEsitElementeTikla(findTestObject("Menu/Alt_Menu"), Alt_Menu): Method.TextDegerineEsitElementeTikla is PASSED

2021-11-18 11:51:15 - [MESSAGE][INFO] - Finding Test Object 'Object Repository/Menu/Alt_Menu'

2021-11-18 11:51:15 - [MESSAGE][INFO] - Checking timeout

2021-11-18 11:51:15 - [MESSAGE][INFO] - Finding web element with id: 'Object Repository/Menu/Alt_Menu' located by 'By.xpath: //li[@class='dropdown dropdown-large open']//li[@class='dropdown-element']' in '10' second(s)

2021-11-18 11:51:15 - [MESSAGE][INFO] - Smart Wait Function is triggered

2021-11-18 11:51:16 - [MESSAGE][INFO] - Found 9 web elements with id: 'Object Repository/Menu/Alt_Menu' located by 'By.xpath: //li[@class='dropdown dropdown-large open']//li[@class='dropdown-element']' in '10' second(s)

2021-11-18 11:51:17 - [MESSAGE][PASSED] - Method.TextDegerineEsitElementeTikla is PASSED

2021-11-18 11:51:17 - [MESSAGE][PASSED] - Call Test Case 'Test Cases/Menu/AltMenuSecimi' successfully

2021-11-18 11:51:17 - [MESSAGE][INFO] - Checking called Test Case

2021-11-18 11:51:17 - [MESSAGE][INFO] - Starting to call Test Case 'Test Cases/Filtreler/RaporNoYaz'

2021-11-18 11:51:17 - [TEST_CASE][PASSED] - Test Cases/Filtreler/RaporNoYaz: Test Cases/Filtreler/RaporNoYaz

2021-11-18 11:51:17 - [TEST_STEP][PASSED] - Method.TextDegerineEsitElementinAltindakiTextboxtaYaz(findTestObject("Filtreler/Basliklar"), findTestObject("Filtreler/Basliga_Gore_Textbox"), "Talep No", RaporNo): Method.TextDegerineEsitElementinAltindakiTextboxtaYaz is PASSED

2021-11-18 11:51:17 - [MESSAGE][INFO] - Finding Test Object 'Object Repository/Filtreler/Basliklar'

2021-11-18 11:51:17 - [MESSAGE][INFO] - Finding Test Object 'Object Repository/Filtreler/Basliga_Gore_Textbox'

2021-11-18 11:51:17 - [MESSAGE][INFO] - Checking timeout

2021-11-18 11:51:17 - [MESSAGE][INFO] - Finding web element with id: 'Object Repository/Filtreler/Basliklar' located by 'By.cssSelector: .control-label.col-sm-4.paddingMarginRLC' in '10' second(s)

2021-11-18 11:51:17 - [MESSAGE][INFO] - Smart Wait Function is triggered

2021-11-18 11:51:17 - [MESSAGE][INFO] - Found 8 web elements with id: 'Object Repository/Filtreler/Basliklar' located by 'By.cssSelector: .control-label.col-sm-4.paddingMarginRLC' in '10' second(s)

2021-11-18 11:51:18 - [MESSAGE][INFO] - Smart Wait Function is triggered

2021-11-18 11:51:18 - [MESSAGE][PASSED] - Method.TextDegerineEsitElementinAltindakiTextboxtaYaz is PASSED

2021-11-18 11:51:18 - [MESSAGE][PASSED] - Call Test Case 'Test Cases/Filtreler/RaporNoYaz' successfully

2021-11-18 11:51:18 - [MESSAGE][INFO] - Checking called Test Case

2021-11-18 11:51:18 - [MESSAGE][INFO] - Starting to call Test Case 'Test Cases/Filtreler/ButonaTikla'

2021-11-18 11:51:18 - [TEST_CASE][PASSED] - Test Cases/Filtreler/ButonaTikla: Test Cases/Filtreler/ButonaTikla

2021-11-18 11:51:18 - [TEST_STEP][PASSED] - Method.TextDegerineEsitElementeTikla(findTestObject("Filtreler/Butonlar"), Filtre_Buton): Method.TextDegerineEsitElementeTikla is PASSED

2021-11-18 11:51:18 - [MESSAGE][INFO] - Finding Test Object 'Object Repository/Filtreler/Butonlar'

2021-11-18 11:51:18 - [MESSAGE][INFO] - Checking timeout

2021-11-18 11:51:18 - [MESSAGE][INFO] - Finding web element with id: 'Object Repository/Filtreler/Butonlar' located by 'By.cssSelector: .dxb>span' in '10' second(s)

2021-11-18 11:51:18 - [MESSAGE][INFO] - Smart Wait Function is triggered

2021-11-18 11:51:18 - [MESSAGE][INFO] - Found 2 web elements with id: 'Object Repository/Filtreler/Butonlar' located by 'By.cssSelector: .dxb>span' in '10' second(s)

2021-11-18 11:51:19 - [MESSAGE][PASSED] - Method.TextDegerineEsitElementeTikla is PASSED

2021-11-18 11:51:19 - [MESSAGE][PASSED] - Call Test Case 'Test Cases/Filtreler/ButonaTikla' successfully

2021-11-18 11:51:19 - [MESSAGE][INFO] - Checking called Test Case

2021-11-18 11:51:19 - [MESSAGE][INFO] - Starting to call Test Case 'Test Cases/Tablo/TablodaVeriVarMi'

2021-11-18 11:51:19 - [TEST_CASE][PASSED] - Test Cases/Tablo/TablodaVeriVarMi: Test Cases/Tablo/TablodaVeriVarMi

2021-11-18 11:51:19 - [TEST_STEP][PASSED] - verifyTextNotPresent("Görüntülenecek veri yok", true): Text 'Görüntülenecek veri yok' is not present on page using regular expression

2021-11-18 11:51:19 - [MESSAGE][INFO] - Checking text present  using regular expression

2021-11-18 11:51:19 - [MESSAGE][INFO] - Smart Wait Function is triggered

2021-11-18 11:51:19 - [MESSAGE][INFO] - Finding text 'Görüntülenecek veri yok' on page  using regular expression

2021-11-18 11:51:19 - [MESSAGE][PASSED] - Text 'Görüntülenecek veri yok' is not present on page using regular expression

2021-11-18 11:51:19 - [MESSAGE][PASSED] - Call Test Case 'Test Cases/Tablo/TablodaVeriVarMi' successfully

2021-11-18 11:51:19 - [MESSAGE][INFO] - Checking called Test Case

2021-11-18 11:51:19 - [MESSAGE][INFO] - Starting to call Test Case 'Test Cases/Kullanici_Islemleri/KullaniciIslemlerindenSecimYapilir'

2021-11-18 11:51:19 - [TEST_CASE][PASSED] - Test Cases/Kullanici_Islemleri/KullaniciIslemlerindenSecimYapilir: Test Cases/Kullanici_Islemleri/KullaniciIslemlerindenSecimYapilir

2021-11-18 11:51:19 - [TEST_STEP][PASSED] - waitForElementClickable(findTestObject("Object Repository/Kullanici_Islemleri/KullaniciIslemleri"), 10): Object 'Object Repository/Kullanici_Islemleri/KullaniciIslemleri' is clickable

2021-11-18 11:51:19 - [MESSAGE][INFO] - Finding Test Object 'Object Repository/Kullanici_Islemleri/KullaniciIslemleri'

2021-11-18 11:51:20 - [MESSAGE][INFO] - Checking object

2021-11-18 11:51:20 - [MESSAGE][INFO] - Checking timeout

2021-11-18 11:51:20 - [MESSAGE][INFO] - Finding web element from Test Object's properties

2021-11-18 11:51:20 - [MESSAGE][INFO] - Checking timeout

2021-11-18 11:51:20 - [MESSAGE][INFO] - Finding web element with id: 'Object Repository/Kullanici_Islemleri/KullaniciIslemleri' located by 'By.cssSelector: .dropdown>a>img' in '10' second(s)

2021-11-18 11:51:20 - [MESSAGE][INFO] - Smart Wait Function is triggered

2021-11-18 11:51:20 - [MESSAGE][INFO] - Found 1 web elements with id: 'Object Repository/Kullanici_Islemleri/KullaniciIslemleri' located by 'By.cssSelector: .dropdown>a>img' in '10' second(s)

2021-11-18 11:51:20 - [MESSAGE][PASSED] - Object 'Object Repository/Kullanici_Islemleri/KullaniciIslemleri' is clickable

2021-11-18 11:51:20 - [TEST_STEP][PASSED] - click(findTestObject("Object Repository/Kullanici_Islemleri/KullaniciIslemleri")): Object: 'Object Repository/Kullanici_Islemleri/KullaniciIslemleri' is clicked on

2021-11-18 11:51:20 - [MESSAGE][INFO] - Finding Test Object 'Object Repository/Kullanici_Islemleri/KullaniciIslemleri'

2021-11-18 11:51:20 - [MESSAGE][INFO] - Checking object

2021-11-18 11:51:20 - [MESSAGE][INFO] - Finding web element from Test Object's properties

2021-11-18 11:51:20 - [MESSAGE][INFO] - Checking timeout

2021-11-18 11:51:20 - [MESSAGE][INFO] - Finding web element with id: 'Object Repository/Kullanici_Islemleri/KullaniciIslemleri' located by 'By.cssSelector: .dropdown>a>img' in '30' second(s)

2021-11-18 11:51:20 - [MESSAGE][INFO] - Smart Wait Function is triggered

2021-11-18 11:51:20 - [MESSAGE][INFO] - Found 1 web elements with id: 'Object Repository/Kullanici_Islemleri/KullaniciIslemleri' located by 'By.cssSelector: .dropdown>a>img' in '30' second(s)

2021-11-18 11:51:20 - [MESSAGE][INFO] - Clicking on object: 'Object Repository/Kullanici_Islemleri/KullaniciIslemleri'

2021-11-18 11:51:20 - [MESSAGE][PASSED] - Object: 'Object Repository/Kullanici_Islemleri/KullaniciIslemleri' is clicked on

2021-11-18 11:51:20 - [TEST_STEP][PASSED] - Method.TextDegerineEsitElementeTikla(findTestObject("Object Repository/Kullanici_Islemleri/Secenekler"), Islem): Method.TextDegerineEsitElementeTikla is PASSED

2021-11-18 11:51:20 - [MESSAGE][INFO] - Finding Test Object 'Object Repository/Kullanici_Islemleri/Secenekler'

2021-11-18 11:51:20 - [MESSAGE][INFO] - Checking timeout

2021-11-18 11:51:20 - [MESSAGE][INFO] - Finding web element with id: 'Object Repository/Kullanici_Islemleri/Secenekler' located by 'By.cssSelector: .nav.navbar-nav.navbar-right li a' in '10' second(s)

2021-11-18 11:51:20 - [MESSAGE][INFO] - Smart Wait Function is triggered

2021-11-18 11:51:21 - [MESSAGE][INFO] - Found 22 web elements with id: 'Object Repository/Kullanici_Islemleri/Secenekler' located by 'By.cssSelector: .nav.navbar-nav.navbar-right li a' in '10' second(s)

2021-11-18 11:51:22 - [MESSAGE][PASSED] - Method.TextDegerineEsitElementeTikla is PASSED

2021-11-18 11:51:22 - [TEST_STEP][PASSED] - verifyElementNotPresent(findTestObject("Object Repository/Kullanici_Islemleri/Secenekler"), 10): Web element with id: 'Object Repository/Kullanici_Islemleri/Secenekler' located by 'By.cssSelector: .nav.navbar-nav.navbar-right li a' is not present after '10' second(s)

2021-11-18 11:51:22 - [MESSAGE][INFO] - Finding Test Object 'Object Repository/Kullanici_Islemleri/Secenekler'

2021-11-18 11:51:22 - [MESSAGE][INFO] - Checking object

2021-11-18 11:51:22 - [MESSAGE][INFO] - Checking timeout

2021-11-18 11:51:22 - [MESSAGE][INFO] - Finding web element with id: 'Object Repository/Kullanici_Islemleri/Secenekler' located by 'By.cssSelector: .nav.navbar-nav.navbar-right li a' in '10' second(s)

2021-11-18 11:51:22 - [MESSAGE][INFO] - Smart Wait Function is triggered

2021-11-18 11:51:23 - [MESSAGE][PASSED] - Web element with id: 'Object Repository/Kullanici_Islemleri/Secenekler' located by 'By.cssSelector: .nav.navbar-nav.navbar-right li a' is not present after '10' second(s)

2021-11-18 11:51:23 - [MESSAGE][PASSED] - Call Test Case 'Test Cases/Kullanici_Islemleri/KullaniciIslemlerindenSecimYapilir' successfully

2021-11-18 11:51:23 - [TEST_CASE][PASSED] - Start Test Case : SCENARIO e-Mustahsil Makbuzu Raporlari excele aktarma: SCENARIO e-Mustahsil Makbuzu Raporlari excele aktarma

2021-11-18 11:51:23 - [TEST_STEP][PASSED] - Kullanıcı adı ELOGO6 ve Şifre 123456 olarak giriş yapılır: Kullanıcı adı ELOGO6 ve Şifre 123456 olarak giriş yapılır

2021-11-18 11:51:23 - [MESSAGE][PASSED] - Kullanıcı adı ELOGO6 ve Şifre 123456 olarak giriş yapılır

2021-11-18 11:51:23 - [TEST_STEP][PASSED] - Ana menüden e-Makbuz seçilir: Ana menüden e-Makbuz seçilir

2021-11-18 11:51:23 - [MESSAGE][PASSED] - Ana menüden e-Makbuz seçilir

2021-11-18 11:51:23 - [TEST_STEP][PASSED] - Alt menü e-Müstahsil Uygulaması başlığı altındaki e-Müstahsil Makbuzu Raporları seçilir: Alt menü e-Müstahsil Uygulaması başlığı altındaki e-Müstahsil Makbuzu Raporları seçilir

2021-11-18 11:51:23 - [MESSAGE][PASSED] - Alt menü e-Müstahsil Uygulaması başlığı altındaki e-Müstahsil Makbuzu Raporları seçilir

2021-11-18 11:51:23 - [TEST_STEP][PASSED] - Filtrelerden Dönem Tarihi filtresine 2021 Ocak dropdowndan degeri seçilir: Filtrelerden Dönem Tarihi filtresine 2021 Ocak dropdowndan degeri seçilir

2021-11-18 11:51:23 - [MESSAGE][PASSED] - Filtrelerden Dönem Tarihi filtresine 2021 Ocak dropdowndan degeri seçilir

2021-11-18 11:51:23 - [TEST_STEP][PASSED] - Filtrelerden Bölüm Tarihi filtresine 09.01.2021 baslangic degerini yaz: Filtrelerden Bölüm Tarihi filtresine 09.01.2021 baslangic degerini yaz

2021-11-18 11:51:23 - [MESSAGE][PASSED] - Filtrelerden Bölüm Tarihi filtresine 09.01.2021 baslangic degerini yaz

2021-11-18 11:51:23 - [TEST_STEP][PASSED] - Filtrelerden Bölüm Tarihi filtresine 09.01.2021 bitis degerini yaz: Filtrelerden Bölüm Tarihi filtresine 09.01.2021 bitis degerini yaz

2021-11-18 11:51:23 - [MESSAGE][PASSED] - Filtrelerden Bölüm Tarihi filtresine 09.01.2021 bitis degerini yaz

2021-11-18 11:51:23 - [TEST_STEP][PASSED] - Filtre butonlarından Listele seçilir: Filtre butonlarından Listele seçilir

2021-11-18 11:51:23 - [MESSAGE][PASSED] - Filtre butonlarından Listele seçilir

2021-11-18 11:51:23 - [TEST_STEP][PASSED] - Tabloda veri var mı kontrol edilir: Tabloda veri var mı kontrol edilir

2021-11-18 11:51:23 - [MESSAGE][PASSED] - Tabloda veri var mı kontrol edilir

2021-11-18 11:51:23 - [TEST_STEP][PASSED] - Tablodan 2891 isimli veri seçilir: Tablodan 2891 isimli veri seçilir

2021-11-18 11:51:23 - [MESSAGE][PASSED] - Tablodan 2891 isimli veri seçilir

2021-11-18 11:51:23 - [TEST_STEP][PASSED] - Butonlardan Excel isimli butona tıklanır: Butonlardan Excel isimli butona tıklanır

2021-11-18 11:51:23 - [MESSAGE][PASSED] - Butonlardan Excel isimli butona tıklanır

2021-11-18 11:51:23 - [TEST_STEP][PASSED] - Alt butonlardan Excel'e Aktar butonuna tıklanır: Alt butonlardan Excel'e Aktar butonuna tıklanır

2021-11-18 11:51:23 - [MESSAGE][PASSED] - Alt butonlardan Excel'e Aktar butonuna tıklanır

2021-11-18 11:51:23 - [TEST_STEP][PASSED] - Popup mesajı Lütfen rapor bildiriminin gönderileceği e-posta adresini belirtiniz. içeriyor mu: Popup mesajı Lütfen rapor bildiriminin gönderileceği e-posta adresini belirtiniz. içeriyor mu

2021-11-18 11:51:23 - [MESSAGE][PASSED] - Popup mesajı Lütfen rapor bildiriminin gönderileceği e-posta adresini belirtiniz. içeriyor mu

2021-11-18 11:51:23 - [TEST_STEP][PASSED] - Popup email elogotest@gmail.com;ali.kara@logo.com.tr olarak girilir: Popup email elogotest@gmail.com;ali.kara@logo.com.tr olarak girilir

2021-11-18 11:51:23 - [MESSAGE][PASSED] - Popup email elogotest@gmail.com;ali.kara@logo.com.tr olarak girilir

2021-11-18 11:51:23 - [TEST_STEP][PASSED] - Yönetim popupında Gönder seçilir: Yönetim popupında Gönder seçilir

2021-11-18 11:51:23 - [MESSAGE][PASSED] - Yönetim popupında Gönder seçilir

2021-11-18 11:51:23 - [TEST_STEP][PASSED] - Popup mesajı talebiniz işleme alınmıştır içeriyor mu: Popup mesajı talebiniz işleme alınmıştır içeriyor mu

2021-11-18 11:51:23 - [MESSAGE][PASSED] - Popup mesajı talebiniz işleme alınmıştır içeriyor mu

2021-11-18 11:51:23 - [TEST_STEP][PASSED] - Yönetim popupında Tamam seçilir: Yönetim popupında Tamam seçilir

2021-11-18 11:51:23 - [MESSAGE][PASSED] - Yönetim popupında Tamam seçilir

2021-11-18 11:51:23 - [TEST_STEP][PASSED] - Butonlardan Excel isimli butona tıklanır: Butonlardan Excel isimli butona tıklanır

2021-11-18 11:51:23 - [MESSAGE][PASSED] - Butonlardan Excel isimli butona tıklanır

2021-11-18 11:51:23 - [TEST_STEP][PASSED] - Alt butonlardan Tümünü Excel'e Aktar butonuna tıklanır: Alt butonlardan Tümünü Excel'e Aktar butonuna tıklanır

2021-11-18 11:51:23 - [MESSAGE][PASSED] - Alt butonlardan Tümünü Excel'e Aktar butonuna tıklanır

2021-11-18 11:51:23 - [TEST_STEP][PASSED] - Popup mesajı Lütfen rapor bildiriminin gönderileceği e-posta adresini belirtiniz. içeriyor mu: Popup mesajı Lütfen rapor bildiriminin gönderileceği e-posta adresini belirtiniz. içeriyor mu

2021-11-18 11:51:23 - [MESSAGE][PASSED] - Popup mesajı Lütfen rapor bildiriminin gönderileceği e-posta adresini belirtiniz. içeriyor mu

2021-11-18 11:51:23 - [TEST_STEP][PASSED] - Popup email elogotest@gmail.com;ali.kara@logo.com.tr olarak girilir: Popup email elogotest@gmail.com;ali.kara@logo.com.tr olarak girilir

2021-11-18 11:51:23 - [MESSAGE][PASSED] - Popup email elogotest@gmail.com;ali.kara@logo.com.tr olarak girilir

2021-11-18 11:51:23 - [TEST_STEP][PASSED] - Yönetim popupında Gönder seçilir: Yönetim popupında Gönder seçilir

2021-11-18 11:51:23 - [MESSAGE][PASSED] - Yönetim popupında Gönder seçilir

2021-11-18 11:51:23 - [TEST_STEP][PASSED] - Popup mesajı talebiniz işleme alınmıştır içeriyor mu: Popup mesajı talebiniz işleme alınmıştır içeriyor mu

2021-11-18 11:51:23 - [MESSAGE][PASSED] - Popup mesajı talebiniz işleme alınmıştır içeriyor mu

2021-11-18 11:51:23 - [TEST_STEP][PASSED] - Yönetim popupında Tamam seçilir: Yönetim popupında Tamam seçilir

2021-11-18 11:51:23 - [MESSAGE][PASSED] - Yönetim popupında Tamam seçilir

2021-11-18 11:51:23 - [TEST_STEP][PASSED] - Anasayfaya geri dönülür: Anasayfaya geri dönülür

2021-11-18 11:51:23 - [MESSAGE][PASSED] - Anasayfaya geri dönülür

2021-11-18 11:51:23 - [TEST_STEP][PASSED] - Ana menüden Raporlar seçilir: Ana menüden Raporlar seçilir

2021-11-18 11:51:23 - [MESSAGE][PASSED] - Ana menüden Raporlar seçilir

2021-11-18 11:51:23 - [TEST_STEP][PASSED] - Alt menüden Toplu Veri İndirme seçilir: Alt menüden Toplu Veri İndirme seçilir

2021-11-18 11:51:23 - [MESSAGE][PASSED] - Alt menüden Toplu Veri İndirme seçilir

2021-11-18 11:51:23 - [TEST_STEP][PASSED] - Filtrelerden Talep No filtresine Rapor No bilgisi yaz: Filtrelerden Talep No filtresine Rapor No bilgisi yaz

2021-11-18 11:51:23 - [MESSAGE][PASSED] - Filtrelerden Talep No filtresine Rapor No bilgisi yaz

2021-11-18 11:51:23 - [TEST_STEP][PASSED] - Filtre butonlarından Listele seçilir: Filtre butonlarından Listele seçilir

2021-11-18 11:51:23 - [MESSAGE][PASSED] - Filtre butonlarından Listele seçilir

2021-11-18 11:51:23 - [TEST_STEP][PASSED] - Tabloda veri var mı kontrol edilir: Tabloda veri var mı kontrol edilir

2021-11-18 11:51:23 - [MESSAGE][PASSED] - Tabloda veri var mı kontrol edilir

2021-11-18 11:51:23 - [TEST_STEP][PASSED] - Kullanıcı işlemlerinden Çıkış seçilir: Kullanıcı işlemlerinden Çıkış seçilir

2021-11-18 11:51:23 - [MESSAGE][PASSED] - Kullanıcı işlemlerinden Çıkış seçilir

2021-11-18 11:51:23 - [MESSAGE][PASSED] - Feature file: 'Include/features/e-Makbuz/e-Mustahsil Uygulamasi/e-Mustahsil Makbuzu Raporlari/Excele Aktar.feature' was passed

2021-11-18 11:51:23 - [TEST_STEP][PASSED] - Start listener action : sampleAfterTestSuite: Invoke 'com.kms.katalon.core.annotation.AfterTestCase' method: 'Listener.sampleAfterTestSuite(...)' completed.

2021-11-18 11:51:23 - [MESSAGE][INFO] - Starting invoke 'com.kms.katalon.core.annotation.AfterTestCase' method: 'Listener.sampleAfterTestSuite(...)'

2021-11-18 11:51:23 - [TEST_STEP][PASSED] - closeBrowser(): Invoke 'com.kms.katalon.core.annotation.AfterTestCase' method: 'Listener.sampleAfterTestSuite(...)' completed.

2021-11-18 11:51:23 - [MESSAGE][INFO] - Closing browser

2021-11-18 11:51:23 - [MESSAGE][PASSED] - Browser is closed

2021-11-18 11:51:23 - [MESSAGE][INFO] - Invoke 'com.kms.katalon.core.annotation.AfterTestCase' method: 'Listener.sampleAfterTestSuite(...)' completed.]]></system-out>
         <system-err><![CDATA[]]></system-err>
      </testcase>
      <testcase name="Test Cases/Case Repository/e-Makbuz/e-Serbest Meslek Uygulamasi/e-Serbest Meslek Makbuz Raporlari/Excele Aktar" time="62.641" classname="Test Cases/Case Repository/e-Makbuz/e-Serbest Meslek Uygulamasi/e-Serbest Meslek Makbuz Raporlari/Excele Aktar" status="PASSED">
         <system-out><![CDATA[2021-11-18 11:51:23 - [TEST_CASE][PASSED] - Test Cases/Case Repository/e-Makbuz/e-Serbest Meslek Uygulamasi/e-Serbest Meslek Makbuz Raporlari/Excele Aktar: Test Cases/Case Repository/e-Makbuz/e-Serbest Meslek Uygulamasi/e-Serbest Meslek Makbuz Raporlari/Excele Aktar

2021-11-18 11:51:23 - [TEST_STEP][PASSED] - Start listener action : sampleBeforeTestSuite: Invoke 'com.kms.katalon.core.annotation.BeforeTestCase' method: 'Listener.sampleBeforeTestSuite(...)' completed.

2021-11-18 11:51:23 - [MESSAGE][INFO] - Starting invoke 'com.kms.katalon.core.annotation.BeforeTestCase' method: 'Listener.sampleBeforeTestSuite(...)'

2021-11-18 11:51:23 - [TEST_STEP][PASSED] - openBrowser(baseUrl): Browser is opened with url: 'https://efatura-stage.elogo.com.tr/'

2021-11-18 11:51:23 - [MESSAGE][INFO] - Opening browser

2021-11-18 11:51:23 - [MESSAGE][INFO] - Starting 'Chrome' driver

2021-11-18 11:51:23 - [MESSAGE][INFO] - User set preference: ['prefs', '{download.default_directory=C:\otomasyondownfiles}']

2021-11-18 11:51:23 - [MESSAGE][INFO] - Action delay is set to 0 milliseconds

2021-11-18 11:51:25 - [MESSAGE][INFO] - Navigating browser to: 'https://efatura-stage.elogo.com.tr/'

2021-11-18 11:51:28 - [MESSAGE][PASSED] - Browser is opened with url: 'https://efatura-stage.elogo.com.tr/'

2021-11-18 11:51:28 - [TEST_STEP][PASSED] - maximizeWindow(): Invoke 'com.kms.katalon.core.annotation.BeforeTestCase' method: 'Listener.sampleBeforeTestSuite(...)' completed.

2021-11-18 11:51:28 - [MESSAGE][INFO] - Maximizing current window

2021-11-18 11:51:28 - [MESSAGE][PASSED] - Current window maximized

2021-11-18 11:51:28 - [MESSAGE][INFO] - Invoke 'com.kms.katalon.core.annotation.BeforeTestCase' method: 'Listener.sampleBeforeTestSuite(...)' completed.

2021-11-18 11:51:28 - [TEST_STEP][PASSED] - runFeatureFile("Include/features/e-Makbuz/e-Serbest Meslek Uygulaması/e-Serbest Meslek Makbuz Raporlari/Excele Aktar.feature"): Feature file: 'Include/features/e-Makbuz/e-Serbest Meslek Uygulaması/e-Serbest Meslek Makbuz Raporlari/Excele Aktar.feature' was passed

2021-11-18 11:51:28 - [MESSAGE][INFO] - Starting run keyword runFeatureFile: 'Include/features/e-Makbuz/e-Serbest Meslek Uygulaması/e-Serbest Meslek Makbuz Raporlari/Excele Aktar.feature' and extract report to folder: 'C:\Users\DELL\Documents\GitHub\EES_KatalonLogo\Reports\20211118_110909\Suite Repository\ExceleAktarVeTopluIndirme\20211118_110948/cucumber_report/1637225488821'...

2021-11-18 11:51:28 - [MESSAGE][INFO] - Glue: []

2021-11-18 11:51:30 - [MESSAGE][INFO] - Checking called Test Case

2021-11-18 11:51:30 - [MESSAGE][INFO] - Starting to call Test Case 'Test Cases/Sayfalar/Giris_Sayfasi/Login'

2021-11-18 11:51:30 - [TEST_CASE][PASSED] - Test Cases/Sayfalar/Giris_Sayfasi/Login: Test Cases/Sayfalar/Giris_Sayfasi/Login

2021-11-18 11:51:30 - [TEST_STEP][PASSED] - Sayfa_Basligi = getWindowTitle(): Current window's title is: 'LOGO e-Fatura'

2021-11-18 11:51:30 - [MESSAGE][INFO] - Getting current window's title

2021-11-18 11:51:30 - [MESSAGE][PASSED] - Current window's title is: 'LOGO e-Fatura'

2021-11-18 11:51:30 - [TEST_STEP][PASSED] - verifyMatch(Sayfa_Basligi, "LOGO e-Fatura", false): Actual text 'LOGO e-Fatura' and expected text 'LOGO e-Fatura' are matched 

2021-11-18 11:51:30 - [MESSAGE][INFO] - Matching actual text 'LOGO e-Fatura' with expected text 'LOGO e-Fatura'

2021-11-18 11:51:30 - [MESSAGE][PASSED] - Actual text 'LOGO e-Fatura' and expected text 'LOGO e-Fatura' are matched 

2021-11-18 11:51:30 - [TEST_STEP][PASSED] - sendKeys(findTestObject("Sayfalar/Giris_Sayfasi/Firma_Kodu"), KullaniciAdi): Keys 'ELOGO6' sent to object: 'Object Repository/Sayfalar/Giris_Sayfasi/Firma_Kodu'

2021-11-18 11:51:30 - [MESSAGE][INFO] - Finding Test Object 'Object Repository/Sayfalar/Giris_Sayfasi/Firma_Kodu'

2021-11-18 11:51:30 - [MESSAGE][INFO] - Sending keys 'ELOGO6' to object: 'Object Repository/Sayfalar/Giris_Sayfasi/Firma_Kodu'

2021-11-18 11:51:30 - [MESSAGE][INFO] - Finding web element from Test Object's properties

2021-11-18 11:51:30 - [MESSAGE][INFO] - Checking timeout

2021-11-18 11:51:30 - [MESSAGE][INFO] - Finding web element with id: 'Object Repository/Sayfalar/Giris_Sayfasi/Firma_Kodu' located by 'By.xpath: //*[@id = 'AccountName']' in '30' second(s)

2021-11-18 11:51:30 - [MESSAGE][INFO] - Smart Wait Function is triggered

2021-11-18 11:51:30 - [MESSAGE][INFO] - Found 1 web elements with id: 'Object Repository/Sayfalar/Giris_Sayfasi/Firma_Kodu' located by 'By.xpath: //*[@id = 'AccountName']' in '30' second(s)

2021-11-18 11:51:30 - [MESSAGE][PASSED] - Keys 'ELOGO6' sent to object: 'Object Repository/Sayfalar/Giris_Sayfasi/Firma_Kodu'

2021-11-18 11:51:30 - [TEST_STEP][PASSED] - sendKeys(findTestObject("Sayfalar/Giris_Sayfasi/Sifre"), Sifre): Keys '123456' sent to object: 'Object Repository/Sayfalar/Giris_Sayfasi/Sifre'

2021-11-18 11:51:30 - [MESSAGE][INFO] - Finding Test Object 'Object Repository/Sayfalar/Giris_Sayfasi/Sifre'

2021-11-18 11:51:30 - [MESSAGE][INFO] - Sending keys '123456' to object: 'Object Repository/Sayfalar/Giris_Sayfasi/Sifre'

2021-11-18 11:51:30 - [MESSAGE][INFO] - Finding web element from Test Object's properties

2021-11-18 11:51:30 - [MESSAGE][INFO] - Checking timeout

2021-11-18 11:51:30 - [MESSAGE][INFO] - Finding web element with id: 'Object Repository/Sayfalar/Giris_Sayfasi/Sifre' located by 'By.xpath: //*[@id = 'Password']' in '30' second(s)

2021-11-18 11:51:30 - [MESSAGE][INFO] - Smart Wait Function is triggered

2021-11-18 11:51:31 - [MESSAGE][INFO] - Found 1 web elements with id: 'Object Repository/Sayfalar/Giris_Sayfasi/Sifre' located by 'By.xpath: //*[@id = 'Password']' in '30' second(s)

2021-11-18 11:51:31 - [MESSAGE][PASSED] - Keys '123456' sent to object: 'Object Repository/Sayfalar/Giris_Sayfasi/Sifre'

2021-11-18 11:51:31 - [TEST_STEP][PASSED] - findWebElement(findTestObject("Sayfalar/Giris_Sayfasi/Giris_Butonu")).click(): Found 1 web elements with id: 'Object Repository/Sayfalar/Giris_Sayfasi/Giris_Butonu' located by 'By.cssSelector: #btnLogin' in '30' second(s)

2021-11-18 11:51:31 - [MESSAGE][INFO] - Finding Test Object 'Object Repository/Sayfalar/Giris_Sayfasi/Giris_Butonu'

2021-11-18 11:51:31 - [MESSAGE][INFO] - Finding web element from Test Object's properties

2021-11-18 11:51:31 - [MESSAGE][INFO] - Checking timeout

2021-11-18 11:51:31 - [MESSAGE][INFO] - Finding web element with id: 'Object Repository/Sayfalar/Giris_Sayfasi/Giris_Butonu' located by 'By.cssSelector: #btnLogin' in '30' second(s)

2021-11-18 11:51:31 - [MESSAGE][INFO] - Smart Wait Function is triggered

2021-11-18 11:51:31 - [MESSAGE][INFO] - Found 1 web elements with id: 'Object Repository/Sayfalar/Giris_Sayfasi/Giris_Butonu' located by 'By.cssSelector: #btnLogin' in '30' second(s)

2021-11-18 11:51:34 - [TEST_STEP][PASSED] - if (verifyElementPresent(findTestObject("Object Repository/Sayfalar/Giris_Sayfasi/RetveTamam_Butonu"), 5, OPTIONAL)): null

2021-11-18 11:51:34 - [MESSAGE][INFO] - Finding Test Object 'Object Repository/Sayfalar/Giris_Sayfasi/RetveTamam_Butonu'

2021-11-18 11:51:34 - [MESSAGE][INFO] - Checking object

2021-11-18 11:51:34 - [MESSAGE][INFO] - Finding web element from Test Object's properties

2021-11-18 11:51:34 - [MESSAGE][INFO] - Checking timeout

2021-11-18 11:51:34 - [MESSAGE][INFO] - Finding web element with id: 'Object Repository/Sayfalar/Giris_Sayfasi/RetveTamam_Butonu' located by 'By.xpath: //*[@class = 'btn btn-default']' in '5' second(s)

2021-11-18 11:51:34 - [MESSAGE][INFO] - Smart Wait Function is triggered

2021-11-18 11:51:34 - [MESSAGE][INFO] - Found 1 web elements with id: 'Object Repository/Sayfalar/Giris_Sayfasi/RetveTamam_Butonu' located by 'By.xpath: //*[@class = 'btn btn-default']' in '5' second(s)

2021-11-18 11:51:34 - [MESSAGE][PASSED] - Object 'Object Repository/Sayfalar/Giris_Sayfasi/RetveTamam_Butonu' is present

2021-11-18 11:51:34 - [TEST_STEP][PASSED] - click(findTestObject("Object Repository/Sayfalar/Giris_Sayfasi/RetveTamam_Butonu")): Object: 'Object Repository/Sayfalar/Giris_Sayfasi/RetveTamam_Butonu' is clicked on

2021-11-18 11:51:34 - [MESSAGE][INFO] - Finding Test Object 'Object Repository/Sayfalar/Giris_Sayfasi/RetveTamam_Butonu'

2021-11-18 11:51:34 - [MESSAGE][INFO] - Checking object

2021-11-18 11:51:34 - [MESSAGE][INFO] - Finding web element from Test Object's properties

2021-11-18 11:51:34 - [MESSAGE][INFO] - Checking timeout

2021-11-18 11:51:34 - [MESSAGE][INFO] - Finding web element with id: 'Object Repository/Sayfalar/Giris_Sayfasi/RetveTamam_Butonu' located by 'By.xpath: //*[@class = 'btn btn-default']' in '30' second(s)

2021-11-18 11:51:34 - [MESSAGE][INFO] - Smart Wait Function is triggered

2021-11-18 11:51:34 - [MESSAGE][INFO] - Found 1 web elements with id: 'Object Repository/Sayfalar/Giris_Sayfasi/RetveTamam_Butonu' located by 'By.xpath: //*[@class = 'btn btn-default']' in '30' second(s)

2021-11-18 11:51:34 - [MESSAGE][INFO] - Clicking on object: 'Object Repository/Sayfalar/Giris_Sayfasi/RetveTamam_Butonu'

2021-11-18 11:51:35 - [MESSAGE][PASSED] - Object: 'Object Repository/Sayfalar/Giris_Sayfasi/RetveTamam_Butonu' is clicked on

2021-11-18 11:51:35 - [TEST_STEP][PASSED] - click(findTestObject("Object Repository/Sayfalar/Giris_Sayfasi/RetveTamam_Butonu")): Object: 'Object Repository/Sayfalar/Giris_Sayfasi/RetveTamam_Butonu' is clicked on

2021-11-18 11:51:35 - [MESSAGE][INFO] - Finding Test Object 'Object Repository/Sayfalar/Giris_Sayfasi/RetveTamam_Butonu'

2021-11-18 11:51:35 - [MESSAGE][INFO] - Checking object

2021-11-18 11:51:35 - [MESSAGE][INFO] - Finding web element from Test Object's properties

2021-11-18 11:51:35 - [MESSAGE][INFO] - Checking timeout

2021-11-18 11:51:35 - [MESSAGE][INFO] - Finding web element with id: 'Object Repository/Sayfalar/Giris_Sayfasi/RetveTamam_Butonu' located by 'By.xpath: //*[@class = 'btn btn-default']' in '30' second(s)

2021-11-18 11:51:35 - [MESSAGE][INFO] - Smart Wait Function is triggered

2021-11-18 11:51:44 - [MESSAGE][INFO] - Found 1 web elements with id: 'Object Repository/Sayfalar/Giris_Sayfasi/RetveTamam_Butonu' located by 'By.xpath: //*[@class = 'btn btn-default']' in '30' second(s)

2021-11-18 11:51:44 - [MESSAGE][INFO] - Clicking on object: 'Object Repository/Sayfalar/Giris_Sayfasi/RetveTamam_Butonu'

2021-11-18 11:51:44 - [MESSAGE][PASSED] - Object: 'Object Repository/Sayfalar/Giris_Sayfasi/RetveTamam_Butonu' is clicked on

2021-11-18 11:51:44 - [TEST_STEP][PASSED] - if (verifyElementPresent(findTestObject("Sayfalar/Giris_Sayfasi/PopupOK"), 5, OPTIONAL)): null

2021-11-18 11:51:44 - [MESSAGE][INFO] - Finding Test Object 'Object Repository/Sayfalar/Giris_Sayfasi/PopupOK'

2021-11-18 11:51:44 - [MESSAGE][INFO] - Checking object

2021-11-18 11:51:44 - [MESSAGE][INFO] - Finding web element from Test Object's properties

2021-11-18 11:51:44 - [MESSAGE][INFO] - Checking timeout

2021-11-18 11:51:44 - [MESSAGE][INFO] - Finding web element with id: 'Object Repository/Sayfalar/Giris_Sayfasi/PopupOK' located by 'By.cssSelector: .btn.btn-success' in '5' second(s)

2021-11-18 11:51:44 - [MESSAGE][INFO] - Smart Wait Function is triggered

2021-11-18 11:51:45 - [MESSAGE][INFO] - Found 1 web elements with id: 'Object Repository/Sayfalar/Giris_Sayfasi/PopupOK' located by 'By.cssSelector: .btn.btn-success' in '5' second(s)

2021-11-18 11:51:45 - [MESSAGE][PASSED] - Object 'Object Repository/Sayfalar/Giris_Sayfasi/PopupOK' is present

2021-11-18 11:51:45 - [TEST_STEP][PASSED] - click(findTestObject("Object Repository/Sayfalar/Giris_Sayfasi/PopupCarpiGiris")): Object: 'Object Repository/Sayfalar/Giris_Sayfasi/PopupCarpiGiris' is clicked on

2021-11-18 11:51:45 - [MESSAGE][INFO] - Finding Test Object 'Object Repository/Sayfalar/Giris_Sayfasi/PopupCarpiGiris'

2021-11-18 11:51:45 - [MESSAGE][INFO] - Checking object

2021-11-18 11:51:45 - [MESSAGE][INFO] - Finding web element from Test Object's properties

2021-11-18 11:51:45 - [MESSAGE][INFO] - Checking timeout

2021-11-18 11:51:45 - [MESSAGE][INFO] - Finding web element with id: 'Object Repository/Sayfalar/Giris_Sayfasi/PopupCarpiGiris' located by 'By.cssSelector: .bootbox-close-button.close' in '30' second(s)

2021-11-18 11:51:45 - [MESSAGE][INFO] - Smart Wait Function is triggered

2021-11-18 11:51:45 - [MESSAGE][INFO] - Found 1 web elements with id: 'Object Repository/Sayfalar/Giris_Sayfasi/PopupCarpiGiris' located by 'By.cssSelector: .bootbox-close-button.close' in '30' second(s)

2021-11-18 11:51:45 - [MESSAGE][INFO] - Clicking on object: 'Object Repository/Sayfalar/Giris_Sayfasi/PopupCarpiGiris'

2021-11-18 11:51:45 - [MESSAGE][PASSED] - Object: 'Object Repository/Sayfalar/Giris_Sayfasi/PopupCarpiGiris' is clicked on

2021-11-18 11:51:45 - [TEST_STEP][PASSED] - verifyElementVisible(findTestObject("Object Repository/Kullanici_Islemleri/KullaniciIslemleri")): Object 'Object Repository/Kullanici_Islemleri/KullaniciIslemleri' is visible

2021-11-18 11:51:45 - [MESSAGE][INFO] - Finding Test Object 'Object Repository/Kullanici_Islemleri/KullaniciIslemleri'

2021-11-18 11:51:45 - [MESSAGE][INFO] - Checking object

2021-11-18 11:51:45 - [MESSAGE][INFO] - Finding web element from Test Object's properties

2021-11-18 11:51:45 - [MESSAGE][INFO] - Checking timeout

2021-11-18 11:51:45 - [MESSAGE][INFO] - Finding web element with id: 'Object Repository/Kullanici_Islemleri/KullaniciIslemleri' located by 'By.cssSelector: .dropdown>a>img' in '30' second(s)

2021-11-18 11:51:45 - [MESSAGE][INFO] - Smart Wait Function is triggered

2021-11-18 11:51:46 - [MESSAGE][INFO] - Found 1 web elements with id: 'Object Repository/Kullanici_Islemleri/KullaniciIslemleri' located by 'By.cssSelector: .dropdown>a>img' in '30' second(s)

2021-11-18 11:51:46 - [MESSAGE][PASSED] - Object 'Object Repository/Kullanici_Islemleri/KullaniciIslemleri' is visible

2021-11-18 11:51:46 - [MESSAGE][PASSED] - Call Test Case 'Test Cases/Sayfalar/Giris_Sayfasi/Login' successfully

2021-11-18 11:51:46 - [MESSAGE][INFO] - Checking called Test Case

2021-11-18 11:51:46 - [MESSAGE][INFO] - Starting to call Test Case 'Test Cases/Menu/AnaMenuSecimi'

2021-11-18 11:51:46 - [TEST_CASE][PASSED] - Test Cases/Menu/AnaMenuSecimi: Test Cases/Menu/AnaMenuSecimi

2021-11-18 11:51:46 - [TEST_STEP][PASSED] - Method.TextDegerineEsitElementeTikla(findTestObject("Menu/Ana_Menu"), Ana_Menu): Method.TextDegerineEsitElementeTikla is PASSED

2021-11-18 11:51:46 - [MESSAGE][INFO] - Finding Test Object 'Object Repository/Menu/Ana_Menu'

2021-11-18 11:51:46 - [MESSAGE][INFO] - Checking timeout

2021-11-18 11:51:46 - [MESSAGE][INFO] - Finding web element with id: 'Object Repository/Menu/Ana_Menu' located by 'By.xpath: //*[@class = 'dropdown-toggle']' in '10' second(s)

2021-11-18 11:51:46 - [MESSAGE][INFO] - Smart Wait Function is triggered

2021-11-18 11:51:47 - [MESSAGE][INFO] - Found 14 web elements with id: 'Object Repository/Menu/Ana_Menu' located by 'By.xpath: //*[@class = 'dropdown-toggle']' in '10' second(s)

2021-11-18 11:51:47 - [MESSAGE][PASSED] - Method.TextDegerineEsitElementeTikla is PASSED

2021-11-18 11:51:47 - [MESSAGE][PASSED] - Call Test Case 'Test Cases/Menu/AnaMenuSecimi' successfully

2021-11-18 11:51:47 - [MESSAGE][INFO] - Checking called Test Case

2021-11-18 11:51:47 - [MESSAGE][INFO] - Starting to call Test Case 'Test Cases/Menu/BasligaGoreAltMenuSecimi'

2021-11-18 11:51:47 - [TEST_CASE][PASSED] - Test Cases/Menu/BasligaGoreAltMenuSecimi: Test Cases/Menu/BasligaGoreAltMenuSecimi

2021-11-18 11:51:47 - [TEST_STEP][PASSED] - Method.TextDegerineEsitElementinAltindakiTextDegerineEsitOlanaTikla(findTestObject("Menu/Menu_Basligi"), findTestObject("Menu/Basliga_Gore_Alt_Menu"), Baslik, Alt_Menu): Method.TextDegerineEsitElementinAltindakiTextDegerineEsitOlanaTikla is PASSED

2021-11-18 11:51:47 - [MESSAGE][INFO] - Finding Test Object 'Object Repository/Menu/Menu_Basligi'

2021-11-18 11:51:47 - [MESSAGE][INFO] - Finding Test Object 'Object Repository/Menu/Basliga_Gore_Alt_Menu'

2021-11-18 11:51:47 - [MESSAGE][INFO] - Checking timeout

2021-11-18 11:51:47 - [MESSAGE][INFO] - Finding web element with id: 'Object Repository/Menu/Menu_Basligi' located by 'By.xpath: //li[@class='dropdown dropdown-large open']//li[@class='dropdown-header']' in '10' second(s)

2021-11-18 11:51:47 - [MESSAGE][INFO] - Smart Wait Function is triggered

2021-11-18 11:51:48 - [MESSAGE][INFO] - Found 2 web elements with id: 'Object Repository/Menu/Menu_Basligi' located by 'By.xpath: //li[@class='dropdown dropdown-large open']//li[@class='dropdown-header']' in '10' second(s)

2021-11-18 11:51:48 - [MESSAGE][INFO] - Smart Wait Function is triggered

2021-11-18 11:51:50 - [MESSAGE][PASSED] - Method.TextDegerineEsitElementinAltindakiTextDegerineEsitOlanaTikla is PASSED

2021-11-18 11:51:50 - [MESSAGE][PASSED] - Call Test Case 'Test Cases/Menu/BasligaGoreAltMenuSecimi' successfully

2021-11-18 11:51:50 - [MESSAGE][INFO] - Checking called Test Case

2021-11-18 11:51:50 - [MESSAGE][INFO] - Starting to call Test Case 'Test Cases/Filtreler/DropdownSec'

2021-11-18 11:51:50 - [TEST_CASE][PASSED] - Test Cases/Filtreler/DropdownSec: Test Cases/Filtreler/DropdownSec

2021-11-18 11:51:50 - [TEST_STEP][PASSED] - Method.TextDegerineEsitElementinAltindakineTikla(findTestObject("Filtreler/Basliklar"), findTestObject("Filtreler/Basliga_Gore_Baslangic_Image"), Filtre_Adi): Method.TextDegerineEsitElementinAltindakineTikla is PASSED

2021-11-18 11:51:50 - [MESSAGE][INFO] - Finding Test Object 'Object Repository/Filtreler/Basliklar'

2021-11-18 11:51:50 - [MESSAGE][INFO] - Finding Test Object 'Object Repository/Filtreler/Basliga_Gore_Baslangic_Image'

2021-11-18 11:51:50 - [MESSAGE][INFO] - Checking timeout

2021-11-18 11:51:50 - [MESSAGE][INFO] - Finding web element with id: 'Object Repository/Filtreler/Basliklar' located by 'By.cssSelector: .control-label.col-sm-4.paddingMarginRLC' in '10' second(s)

2021-11-18 11:51:50 - [MESSAGE][INFO] - Smart Wait Function is triggered

2021-11-18 11:51:50 - [MESSAGE][INFO] - Found 5 web elements with id: 'Object Repository/Filtreler/Basliklar' located by 'By.cssSelector: .control-label.col-sm-4.paddingMarginRLC' in '10' second(s)

2021-11-18 11:51:50 - [MESSAGE][INFO] - Smart Wait Function is triggered

2021-11-18 11:51:51 - [MESSAGE][PASSED] - Method.TextDegerineEsitElementinAltindakineTikla is PASSED

2021-11-18 11:51:51 - [TEST_STEP][PASSED] - Method.TextDegerineEsitElementeTikla(findTestObject("Object Repository/Filtreler/Basliga_Gore_Dropdown"), Filtre_Degeri): Method.TextDegerineEsitElementeTikla is PASSED

2021-11-18 11:51:51 - [MESSAGE][INFO] - Finding Test Object 'Object Repository/Filtreler/Basliga_Gore_Dropdown'

2021-11-18 11:51:51 - [MESSAGE][INFO] - Checking timeout

2021-11-18 11:51:51 - [MESSAGE][INFO] - Finding web element with id: 'Object Repository/Filtreler/Basliga_Gore_Dropdown' located by 'By.xpath: //*[@class = 'dxeListBoxItemRow_LECustomTheme']' in '10' second(s)

2021-11-18 11:51:51 - [MESSAGE][INFO] - Smart Wait Function is triggered

2021-11-18 11:51:51 - [MESSAGE][INFO] - Found 59 web elements with id: 'Object Repository/Filtreler/Basliga_Gore_Dropdown' located by 'By.xpath: //*[@class = 'dxeListBoxItemRow_LECustomTheme']' in '10' second(s)

2021-11-18 11:51:52 - [MESSAGE][PASSED] - Method.TextDegerineEsitElementeTikla is PASSED

2021-11-18 11:51:52 - [MESSAGE][PASSED] - Call Test Case 'Test Cases/Filtreler/DropdownSec' successfully

2021-11-18 11:51:52 - [MESSAGE][INFO] - Checking called Test Case

2021-11-18 11:51:52 - [MESSAGE][INFO] - Starting to call Test Case 'Test Cases/Filtreler/BaslangicYaz'

2021-11-18 11:51:52 - [TEST_CASE][PASSED] - Test Cases/Filtreler/BaslangicYaz: Test Cases/Filtreler/BaslangicYaz

2021-11-18 11:51:52 - [TEST_STEP][PASSED] - delay(3): Delayed 3 second(s)

2021-11-18 11:51:52 - [MESSAGE][INFO] - Delaying browser in 3 second(s)

2021-11-18 11:51:55 - [MESSAGE][PASSED] - Delayed 3 second(s)

2021-11-18 11:51:55 - [TEST_STEP][PASSED] - Method.TextDegerineEsitElementinAltindakineTikla(findTestObject("Filtreler/Basliklar"), findTestObject("Filtreler/Basliga_Gore_Baslangic_Image"), Filtre_Adi): Method.TextDegerineEsitElementinAltindakineTikla is PASSED

2021-11-18 11:51:55 - [MESSAGE][INFO] - Finding Test Object 'Object Repository/Filtreler/Basliklar'

2021-11-18 11:51:55 - [MESSAGE][INFO] - Finding Test Object 'Object Repository/Filtreler/Basliga_Gore_Baslangic_Image'

2021-11-18 11:51:55 - [MESSAGE][INFO] - Checking timeout

2021-11-18 11:51:55 - [MESSAGE][INFO] - Finding web element with id: 'Object Repository/Filtreler/Basliklar' located by 'By.cssSelector: .control-label.col-sm-4.paddingMarginRLC' in '10' second(s)

2021-11-18 11:51:55 - [MESSAGE][INFO] - Smart Wait Function is triggered

2021-11-18 11:51:55 - [MESSAGE][INFO] - Found 5 web elements with id: 'Object Repository/Filtreler/Basliklar' located by 'By.cssSelector: .control-label.col-sm-4.paddingMarginRLC' in '10' second(s)

2021-11-18 11:51:55 - [MESSAGE][INFO] - Smart Wait Function is triggered

2021-11-18 11:51:56 - [MESSAGE][PASSED] - Method.TextDegerineEsitElementinAltindakineTikla is PASSED

2021-11-18 11:51:56 - [TEST_STEP][PASSED] - Method.TextDegerineEsitElementinAltindakiTextboxtaYaz(findTestObject("Filtreler/Basliklar"), findTestObject("Filtreler/Basliga_Gore_Baslangic"), Filtre_Adi, Filtre_Degeri): Method.TextDegerineEsitElementinAltindakiTextboxtaYaz is PASSED

2021-11-18 11:51:56 - [MESSAGE][INFO] - Finding Test Object 'Object Repository/Filtreler/Basliklar'

2021-11-18 11:51:56 - [MESSAGE][INFO] - Finding Test Object 'Object Repository/Filtreler/Basliga_Gore_Baslangic'

2021-11-18 11:51:56 - [MESSAGE][INFO] - Checking timeout

2021-11-18 11:51:56 - [MESSAGE][INFO] - Finding web element with id: 'Object Repository/Filtreler/Basliklar' located by 'By.cssSelector: .control-label.col-sm-4.paddingMarginRLC' in '10' second(s)

2021-11-18 11:51:56 - [MESSAGE][INFO] - Smart Wait Function is triggered

2021-11-18 11:51:56 - [MESSAGE][INFO] - Found 5 web elements with id: 'Object Repository/Filtreler/Basliklar' located by 'By.cssSelector: .control-label.col-sm-4.paddingMarginRLC' in '10' second(s)

2021-11-18 11:51:56 - [MESSAGE][INFO] - Smart Wait Function is triggered

2021-11-18 11:51:56 - [MESSAGE][PASSED] - Method.TextDegerineEsitElementinAltindakiTextboxtaYaz is PASSED

2021-11-18 11:51:56 - [MESSAGE][PASSED] - Call Test Case 'Test Cases/Filtreler/BaslangicYaz' successfully

2021-11-18 11:51:56 - [MESSAGE][INFO] - Checking called Test Case

2021-11-18 11:51:56 - [MESSAGE][INFO] - Starting to call Test Case 'Test Cases/Filtreler/BitisYaz'

2021-11-18 11:51:57 - [TEST_CASE][PASSED] - Test Cases/Filtreler/BitisYaz: Test Cases/Filtreler/BitisYaz

2021-11-18 11:51:57 - [TEST_STEP][PASSED] - Method.TextDegerineEsitElementinAltindakineTikla(findTestObject("Filtreler/Basliklar"), findTestObject("Filtreler/Basliga_Gore_Bitis_Image"), Filtre_Adi): Method.TextDegerineEsitElementinAltindakineTikla is PASSED

2021-11-18 11:51:57 - [MESSAGE][INFO] - Finding Test Object 'Object Repository/Filtreler/Basliklar'

2021-11-18 11:51:57 - [MESSAGE][INFO] - Finding Test Object 'Object Repository/Filtreler/Basliga_Gore_Bitis_Image'

2021-11-18 11:51:57 - [MESSAGE][INFO] - Checking timeout

2021-11-18 11:51:57 - [MESSAGE][INFO] - Finding web element with id: 'Object Repository/Filtreler/Basliklar' located by 'By.cssSelector: .control-label.col-sm-4.paddingMarginRLC' in '10' second(s)

2021-11-18 11:51:57 - [MESSAGE][INFO] - Smart Wait Function is triggered

2021-11-18 11:51:57 - [MESSAGE][INFO] - Found 5 web elements with id: 'Object Repository/Filtreler/Basliklar' located by 'By.cssSelector: .control-label.col-sm-4.paddingMarginRLC' in '10' second(s)

2021-11-18 11:51:57 - [MESSAGE][INFO] - Smart Wait Function is triggered

2021-11-18 11:51:57 - [MESSAGE][PASSED] - Method.TextDegerineEsitElementinAltindakineTikla is PASSED

2021-11-18 11:51:57 - [TEST_STEP][PASSED] - Method.TextDegerineEsitElementinAltindakiTextboxtaYaz(findTestObject("Filtreler/Basliklar"), findTestObject("Object Repository/Filtreler/Basliga_Gore_Bitis"), Filtre_Adi, Filtre_Degeri): Method.TextDegerineEsitElementinAltindakiTextboxtaYaz is PASSED

2021-11-18 11:51:57 - [MESSAGE][INFO] - Finding Test Object 'Object Repository/Filtreler/Basliklar'

2021-11-18 11:51:58 - [MESSAGE][INFO] - Finding Test Object 'Object Repository/Filtreler/Basliga_Gore_Bitis'

2021-11-18 11:51:58 - [MESSAGE][INFO] - Checking timeout

2021-11-18 11:51:58 - [MESSAGE][INFO] - Finding web element with id: 'Object Repository/Filtreler/Basliklar' located by 'By.cssSelector: .control-label.col-sm-4.paddingMarginRLC' in '10' second(s)

2021-11-18 11:51:58 - [MESSAGE][INFO] - Smart Wait Function is triggered

2021-11-18 11:51:58 - [MESSAGE][INFO] - Found 5 web elements with id: 'Object Repository/Filtreler/Basliklar' located by 'By.cssSelector: .control-label.col-sm-4.paddingMarginRLC' in '10' second(s)

2021-11-18 11:51:58 - [MESSAGE][INFO] - Smart Wait Function is triggered

2021-11-18 11:51:58 - [MESSAGE][PASSED] - Method.TextDegerineEsitElementinAltindakiTextboxtaYaz is PASSED

2021-11-18 11:51:58 - [MESSAGE][PASSED] - Call Test Case 'Test Cases/Filtreler/BitisYaz' successfully

2021-11-18 11:51:58 - [MESSAGE][INFO] - Checking called Test Case

2021-11-18 11:51:58 - [MESSAGE][INFO] - Starting to call Test Case 'Test Cases/Filtreler/ButonaTikla'

2021-11-18 11:51:58 - [TEST_CASE][PASSED] - Test Cases/Filtreler/ButonaTikla: Test Cases/Filtreler/ButonaTikla

2021-11-18 11:51:58 - [TEST_STEP][PASSED] - Method.TextDegerineEsitElementeTikla(findTestObject("Filtreler/Butonlar"), Filtre_Buton): Method.TextDegerineEsitElementeTikla is PASSED

2021-11-18 11:51:58 - [MESSAGE][INFO] - Finding Test Object 'Object Repository/Filtreler/Butonlar'

2021-11-18 11:51:58 - [MESSAGE][INFO] - Checking timeout

2021-11-18 11:51:58 - [MESSAGE][INFO] - Finding web element with id: 'Object Repository/Filtreler/Butonlar' located by 'By.cssSelector: .dxb>span' in '10' second(s)

2021-11-18 11:51:58 - [MESSAGE][INFO] - Smart Wait Function is triggered

2021-11-18 11:51:59 - [MESSAGE][INFO] - Found 3 web elements with id: 'Object Repository/Filtreler/Butonlar' located by 'By.cssSelector: .dxb>span' in '10' second(s)

2021-11-18 11:51:59 - [MESSAGE][PASSED] - Method.TextDegerineEsitElementeTikla is PASSED

2021-11-18 11:51:59 - [MESSAGE][PASSED] - Call Test Case 'Test Cases/Filtreler/ButonaTikla' successfully

2021-11-18 11:51:59 - [MESSAGE][INFO] - Checking called Test Case

2021-11-18 11:51:59 - [MESSAGE][INFO] - Starting to call Test Case 'Test Cases/Tablo/TablodaVeriVarMi'

2021-11-18 11:51:59 - [TEST_CASE][PASSED] - Test Cases/Tablo/TablodaVeriVarMi: Test Cases/Tablo/TablodaVeriVarMi

2021-11-18 11:51:59 - [TEST_STEP][PASSED] - verifyTextNotPresent("Görüntülenecek veri yok", true): Text 'Görüntülenecek veri yok' is not present on page using regular expression

2021-11-18 11:51:59 - [MESSAGE][INFO] - Checking text present  using regular expression

2021-11-18 11:51:59 - [MESSAGE][INFO] - Smart Wait Function is triggered

2021-11-18 11:52:00 - [MESSAGE][INFO] - Finding text 'Görüntülenecek veri yok' on page  using regular expression

2021-11-18 11:52:00 - [MESSAGE][PASSED] - Text 'Görüntülenecek veri yok' is not present on page using regular expression

2021-11-18 11:52:00 - [MESSAGE][PASSED] - Call Test Case 'Test Cases/Tablo/TablodaVeriVarMi' successfully

2021-11-18 11:52:00 - [MESSAGE][INFO] - Checking called Test Case

2021-11-18 11:52:00 - [MESSAGE][INFO] - Starting to call Test Case 'Test Cases/Tablo/TablodanVeriSec'

2021-11-18 11:52:00 - [TEST_CASE][PASSED] - Test Cases/Tablo/TablodanVeriSec: Test Cases/Tablo/TablodanVeriSec

2021-11-18 11:52:00 - [TEST_STEP][PASSED] - Method.TextDegerineEsitElementinAltindakineTikla(findTestObject("Tablo/Veriler"), findTestObject("Tablo/VerininCheckBoxi"), Veri_Adi): Method.TextDegerineEsitElementinAltindakineTikla is PASSED

2021-11-18 11:52:00 - [MESSAGE][INFO] - Finding Test Object 'Object Repository/Tablo/Veriler'

2021-11-18 11:52:00 - [MESSAGE][INFO] - Finding Test Object 'Object Repository/Tablo/VerininCheckBoxi'

2021-11-18 11:52:00 - [MESSAGE][INFO] - Checking timeout

2021-11-18 11:52:00 - [MESSAGE][INFO] - Finding web element with id: 'Object Repository/Tablo/Veriler' located by 'By.cssSelector: td.dxgv b ,td.dxgv' in '10' second(s)

2021-11-18 11:52:00 - [MESSAGE][INFO] - Smart Wait Function is triggered

2021-11-18 11:52:00 - [MESSAGE][INFO] - Found 120 web elements with id: 'Object Repository/Tablo/Veriler' located by 'By.cssSelector: td.dxgv b ,td.dxgv' in '10' second(s)

2021-11-18 11:52:01 - [MESSAGE][INFO] - Smart Wait Function is triggered

2021-11-18 11:52:02 - [MESSAGE][PASSED] - Method.TextDegerineEsitElementinAltindakineTikla is PASSED

2021-11-18 11:52:02 - [MESSAGE][PASSED] - Call Test Case 'Test Cases/Tablo/TablodanVeriSec' successfully

2021-11-18 11:52:02 - [MESSAGE][INFO] - Checking called Test Case

2021-11-18 11:52:02 - [MESSAGE][INFO] - Starting to call Test Case 'Test Cases/Butonlar/ButonaTikla'

2021-11-18 11:52:02 - [TEST_CASE][PASSED] - Test Cases/Butonlar/ButonaTikla: Test Cases/Butonlar/ButonaTikla

2021-11-18 11:52:02 - [TEST_STEP][PASSED] - Method.TextDegerineEsitElementeTiklaEquals(findTestObject("Butonlar/Butonlar"), Buton_Adi): Method.TextDegerineEsitElementeTiklaEquals is PASSED

2021-11-18 11:52:02 - [MESSAGE][INFO] - Finding Test Object 'Object Repository/Butonlar/Butonlar'

2021-11-18 11:52:02 - [MESSAGE][INFO] - Checking timeout

2021-11-18 11:52:02 - [MESSAGE][INFO] - Finding web element with id: 'Object Repository/Butonlar/Butonlar' located by 'By.cssSelector: .panel.panel-default.text-center.footerPanel .btn,.btn.btn-primary.btnControls' in '10' second(s)

2021-11-18 11:52:02 - [MESSAGE][INFO] - Smart Wait Function is triggered

2021-11-18 11:52:02 - [MESSAGE][INFO] - Found 6 web elements with id: 'Object Repository/Butonlar/Butonlar' located by 'By.cssSelector: .panel.panel-default.text-center.footerPanel .btn,.btn.btn-primary.btnControls' in '10' second(s)

2021-11-18 11:52:03 - [MESSAGE][PASSED] - Method.TextDegerineEsitElementeTiklaEquals is PASSED

2021-11-18 11:52:03 - [MESSAGE][PASSED] - Call Test Case 'Test Cases/Butonlar/ButonaTikla' successfully

2021-11-18 11:52:03 - [MESSAGE][INFO] - Checking called Test Case

2021-11-18 11:52:03 - [MESSAGE][INFO] - Starting to call Test Case 'Test Cases/Butonlar/AltButonaTikla'

2021-11-18 11:52:03 - [TEST_CASE][PASSED] - Test Cases/Butonlar/AltButonaTikla: Test Cases/Butonlar/AltButonaTikla

2021-11-18 11:52:03 - [TEST_STEP][PASSED] - Method.TextDegerineEsitElementeTikla(findTestObject("Butonlar/AltButonlar"), Alt_Buton): Method.TextDegerineEsitElementeTikla is PASSED

2021-11-18 11:52:03 - [MESSAGE][INFO] - Finding Test Object 'Object Repository/Butonlar/AltButonlar'

2021-11-18 11:52:03 - [MESSAGE][INFO] - Checking timeout

2021-11-18 11:52:03 - [MESSAGE][INFO] - Finding web element with id: 'Object Repository/Butonlar/AltButonlar' located by 'By.cssSelector: .btn-group.open li>a' in '10' second(s)

2021-11-18 11:52:03 - [MESSAGE][INFO] - Smart Wait Function is triggered

2021-11-18 11:52:03 - [MESSAGE][INFO] - Found 2 web elements with id: 'Object Repository/Butonlar/AltButonlar' located by 'By.cssSelector: .btn-group.open li>a' in '10' second(s)

2021-11-18 11:52:03 - [MESSAGE][PASSED] - Method.TextDegerineEsitElementeTikla is PASSED

2021-11-18 11:52:03 - [MESSAGE][PASSED] - Call Test Case 'Test Cases/Butonlar/AltButonaTikla' successfully

2021-11-18 11:52:03 - [MESSAGE][INFO] - Checking called Test Case

2021-11-18 11:52:03 - [MESSAGE][INFO] - Starting to call Test Case 'Test Cases/Popup/PopupMesajiIceriyorMu'

2021-11-18 11:52:03 - [TEST_CASE][PASSED] - Test Cases/Popup/PopupMesajiIceriyorMu: Test Cases/Popup/PopupMesajiIceriyorMu

2021-11-18 11:52:03 - [TEST_STEP][PASSED] - waitForElementVisible(findTestObject("Popup/Popup"), 10): Object 'Object Repository/Popup/Popup' is visible

2021-11-18 11:52:03 - [MESSAGE][INFO] - Finding Test Object 'Object Repository/Popup/Popup'

2021-11-18 11:52:03 - [MESSAGE][INFO] - Checking object

2021-11-18 11:52:03 - [MESSAGE][INFO] - Checking timeout

2021-11-18 11:52:03 - [MESSAGE][INFO] - Finding web element from Test Object's properties

2021-11-18 11:52:03 - [MESSAGE][INFO] - Checking timeout

2021-11-18 11:52:03 - [MESSAGE][INFO] - Finding web element with id: 'Object Repository/Popup/Popup' located by 'By.cssSelector: .bootbox-body' in '10' second(s)

2021-11-18 11:52:03 - [MESSAGE][INFO] - Smart Wait Function is triggered

2021-11-18 11:52:04 - [MESSAGE][INFO] - Found 1 web elements with id: 'Object Repository/Popup/Popup' located by 'By.cssSelector: .bootbox-body' in '10' second(s)

2021-11-18 11:52:04 - [MESSAGE][PASSED] - Object 'Object Repository/Popup/Popup' is visible

2021-11-18 11:52:04 - [TEST_STEP][PASSED] - if (!(getText(findTestObject("Popup/Popup")).contains(Mesaj))): Text of object 'Object Repository/Popup/Popup' is: 'Lütfen rapor bildiriminin gönderileceği e-posta adresini belirtiniz.
e-Posta Adresi'

2021-11-18 11:52:04 - [MESSAGE][INFO] - Finding Test Object 'Object Repository/Popup/Popup'

2021-11-18 11:52:04 - [MESSAGE][INFO] - Checking object

2021-11-18 11:52:04 - [MESSAGE][INFO] - Finding web element from Test Object's properties

2021-11-18 11:52:04 - [MESSAGE][INFO] - Checking timeout

2021-11-18 11:52:04 - [MESSAGE][INFO] - Finding web element with id: 'Object Repository/Popup/Popup' located by 'By.cssSelector: .bootbox-body' in '30' second(s)

2021-11-18 11:52:04 - [MESSAGE][INFO] - Smart Wait Function is triggered

2021-11-18 11:52:05 - [MESSAGE][INFO] - Found 1 web elements with id: 'Object Repository/Popup/Popup' located by 'By.cssSelector: .bootbox-body' in '30' second(s)

2021-11-18 11:52:05 - [MESSAGE][INFO] - Getting text of object 'Object Repository/Popup/Popup'

2021-11-18 11:52:05 - [MESSAGE][PASSED] - Text of object 'Object Repository/Popup/Popup' is: 'Lütfen rapor bildiriminin gönderileceği e-posta adresini belirtiniz.
e-Posta Adresi'

2021-11-18 11:52:05 - [TEST_STEP][PASSED] - RaporNo = getText(findTestObject("Popup/Popup")).substring(0, 6): Text of object 'Object Repository/Popup/Popup' is: 'Lütfen rapor bildiriminin gönderileceği e-posta adresini belirtiniz.
e-Posta Adresi'

2021-11-18 11:52:05 - [MESSAGE][INFO] - Finding Test Object 'Object Repository/Popup/Popup'

2021-11-18 11:52:05 - [MESSAGE][INFO] - Checking object

2021-11-18 11:52:05 - [MESSAGE][INFO] - Finding web element from Test Object's properties

2021-11-18 11:52:05 - [MESSAGE][INFO] - Checking timeout

2021-11-18 11:52:05 - [MESSAGE][INFO] - Finding web element with id: 'Object Repository/Popup/Popup' located by 'By.cssSelector: .bootbox-body' in '30' second(s)

2021-11-18 11:52:05 - [MESSAGE][INFO] - Smart Wait Function is triggered

2021-11-18 11:52:05 - [MESSAGE][INFO] - Found 1 web elements with id: 'Object Repository/Popup/Popup' located by 'By.cssSelector: .bootbox-body' in '30' second(s)

2021-11-18 11:52:05 - [MESSAGE][INFO] - Getting text of object 'Object Repository/Popup/Popup'

2021-11-18 11:52:05 - [MESSAGE][PASSED] - Text of object 'Object Repository/Popup/Popup' is: 'Lütfen rapor bildiriminin gönderileceği e-posta adresini belirtiniz.
e-Posta Adresi'

2021-11-18 11:52:05 - [TEST_STEP][PASSED] - Console.println(RaporNo): null

2021-11-18 11:52:05 - [MESSAGE][PASSED] - Call Test Case 'Test Cases/Popup/PopupMesajiIceriyorMu' successfully

2021-11-18 11:52:05 - [MESSAGE][INFO] - Checking called Test Case

2021-11-18 11:52:05 - [MESSAGE][INFO] - Starting to call Test Case 'Test Cases/Popup/PopupaEmailEklenir'

2021-11-18 11:52:05 - [TEST_CASE][PASSED] - Test Cases/Popup/PopupaEmailEklenir: Test Cases/Popup/PopupaEmailEklenir

2021-11-18 11:52:05 - [TEST_STEP][PASSED] - clearText(findTestObject("Popup/EmailText")): Text of object 'Object Repository/Popup/EmailText' is cleared

2021-11-18 11:52:05 - [MESSAGE][INFO] - Finding Test Object 'Object Repository/Popup/EmailText'

2021-11-18 11:52:06 - [MESSAGE][INFO] - Checking object

2021-11-18 11:52:06 - [MESSAGE][INFO] - Finding web element from Test Object's properties

2021-11-18 11:52:06 - [MESSAGE][INFO] - Checking timeout

2021-11-18 11:52:06 - [MESSAGE][INFO] - Finding web element with id: 'Object Repository/Popup/EmailText' located by 'By.xpath: //*[@id="eMails"]' in '30' second(s)

2021-11-18 11:52:06 - [MESSAGE][INFO] - Smart Wait Function is triggered

2021-11-18 11:52:06 - [MESSAGE][INFO] - Found 1 web elements with id: 'Object Repository/Popup/EmailText' located by 'By.xpath: //*[@id="eMails"]' in '30' second(s)

2021-11-18 11:52:06 - [MESSAGE][INFO] - Clearing text of object 'Object Repository/Popup/EmailText'

2021-11-18 11:52:06 - [MESSAGE][PASSED] - Text of object 'Object Repository/Popup/EmailText' is cleared

2021-11-18 11:52:06 - [TEST_STEP][PASSED] - sendKeys(findTestObject("Popup/EmailText"), Email): Keys 'elogotest@gmail.com;ali.kara@logo.com.tr' sent to object: 'Object Repository/Popup/EmailText'

2021-11-18 11:52:06 - [MESSAGE][INFO] - Finding Test Object 'Object Repository/Popup/EmailText'

2021-11-18 11:52:06 - [MESSAGE][INFO] - Sending keys 'elogotest@gmail.com;ali.kara@logo.com.tr' to object: 'Object Repository/Popup/EmailText'

2021-11-18 11:52:06 - [MESSAGE][INFO] - Finding web element from Test Object's properties

2021-11-18 11:52:06 - [MESSAGE][INFO] - Checking timeout

2021-11-18 11:52:06 - [MESSAGE][INFO] - Finding web element with id: 'Object Repository/Popup/EmailText' located by 'By.xpath: //*[@id="eMails"]' in '30' second(s)

2021-11-18 11:52:06 - [MESSAGE][INFO] - Smart Wait Function is triggered

2021-11-18 11:52:06 - [MESSAGE][INFO] - Found 1 web elements with id: 'Object Repository/Popup/EmailText' located by 'By.xpath: //*[@id="eMails"]' in '30' second(s)

2021-11-18 11:52:07 - [MESSAGE][PASSED] - Keys 'elogotest@gmail.com;ali.kara@logo.com.tr' sent to object: 'Object Repository/Popup/EmailText'

2021-11-18 11:52:07 - [MESSAGE][PASSED] - Call Test Case 'Test Cases/Popup/PopupaEmailEklenir' successfully

2021-11-18 11:52:07 - [MESSAGE][INFO] - Checking called Test Case

2021-11-18 11:52:07 - [MESSAGE][INFO] - Starting to call Test Case 'Test Cases/Popup/PopupButonSecilir'

2021-11-18 11:52:07 - [TEST_CASE][PASSED] - Test Cases/Popup/PopupButonSecilir: Test Cases/Popup/PopupButonSecilir

2021-11-18 11:52:07 - [TEST_STEP][PASSED] - Method.TextDegerineEsitElementeTikla(findTestObject("Popup/Popup_Butons"), Buton): Method.TextDegerineEsitElementeTikla is PASSED

2021-11-18 11:52:07 - [MESSAGE][INFO] - Finding Test Object 'Object Repository/Popup/Popup_Butons'

2021-11-18 11:52:07 - [MESSAGE][INFO] - Checking timeout

2021-11-18 11:52:07 - [MESSAGE][INFO] - Finding web element with id: 'Object Repository/Popup/Popup_Butons' located by 'By.cssSelector: .modal-footer>button' in '10' second(s)

2021-11-18 11:52:07 - [MESSAGE][INFO] - Smart Wait Function is triggered

2021-11-18 11:52:07 - [MESSAGE][INFO] - Found 2 web elements with id: 'Object Repository/Popup/Popup_Butons' located by 'By.cssSelector: .modal-footer>button' in '10' second(s)

2021-11-18 11:52:07 - [MESSAGE][PASSED] - Method.TextDegerineEsitElementeTikla is PASSED

2021-11-18 11:52:07 - [MESSAGE][PASSED] - Call Test Case 'Test Cases/Popup/PopupButonSecilir' successfully

2021-11-18 11:52:07 - [MESSAGE][INFO] - Checking called Test Case

2021-11-18 11:52:07 - [MESSAGE][INFO] - Starting to call Test Case 'Test Cases/Popup/PopupMesajiIceriyorMu'

2021-11-18 11:52:07 - [TEST_CASE][PASSED] - Test Cases/Popup/PopupMesajiIceriyorMu: Test Cases/Popup/PopupMesajiIceriyorMu

2021-11-18 11:52:07 - [TEST_STEP][PASSED] - waitForElementVisible(findTestObject("Popup/Popup"), 10): Object 'Object Repository/Popup/Popup' is visible

2021-11-18 11:52:07 - [MESSAGE][INFO] - Finding Test Object 'Object Repository/Popup/Popup'

2021-11-18 11:52:07 - [MESSAGE][INFO] - Checking object

2021-11-18 11:52:07 - [MESSAGE][INFO] - Checking timeout

2021-11-18 11:52:07 - [MESSAGE][INFO] - Finding web element from Test Object's properties

2021-11-18 11:52:07 - [MESSAGE][INFO] - Checking timeout

2021-11-18 11:52:07 - [MESSAGE][INFO] - Finding web element with id: 'Object Repository/Popup/Popup' located by 'By.cssSelector: .bootbox-body' in '10' second(s)

2021-11-18 11:52:07 - [MESSAGE][INFO] - Smart Wait Function is triggered

2021-11-18 11:52:09 - [MESSAGE][INFO] - Found 1 web elements with id: 'Object Repository/Popup/Popup' located by 'By.cssSelector: .bootbox-body' in '10' second(s)

2021-11-18 11:52:09 - [MESSAGE][PASSED] - Object 'Object Repository/Popup/Popup' is visible

2021-11-18 11:52:09 - [TEST_STEP][PASSED] - if (!(getText(findTestObject("Popup/Popup")).contains(Mesaj))): Text of object 'Object Repository/Popup/Popup' is: '17422 no’lu talebiniz işleme alınmıştır. Raporunuz hazırlandığında (elogotest@gmail.com;ali.kara@logo.com.tr) adresinize mail gönderilecektir.
Rapor durumunuzu Raporlar > Toplu Veri İndirme ekranından takip edebilir, hazırlandı durumundaki raporlarınızı ilgili menüden indirebilirsiniz.'

2021-11-18 11:52:09 - [MESSAGE][INFO] - Finding Test Object 'Object Repository/Popup/Popup'

2021-11-18 11:52:09 - [MESSAGE][INFO] - Checking object

2021-11-18 11:52:09 - [MESSAGE][INFO] - Finding web element from Test Object's properties

2021-11-18 11:52:09 - [MESSAGE][INFO] - Checking timeout

2021-11-18 11:52:09 - [MESSAGE][INFO] - Finding web element with id: 'Object Repository/Popup/Popup' located by 'By.cssSelector: .bootbox-body' in '30' second(s)

2021-11-18 11:52:09 - [MESSAGE][INFO] - Smart Wait Function is triggered

2021-11-18 11:52:09 - [MESSAGE][INFO] - Found 1 web elements with id: 'Object Repository/Popup/Popup' located by 'By.cssSelector: .bootbox-body' in '30' second(s)

2021-11-18 11:52:09 - [MESSAGE][INFO] - Getting text of object 'Object Repository/Popup/Popup'

2021-11-18 11:52:09 - [MESSAGE][PASSED] - Text of object 'Object Repository/Popup/Popup' is: '17422 no’lu talebiniz işleme alınmıştır. Raporunuz hazırlandığında (elogotest@gmail.com;ali.kara@logo.com.tr) adresinize mail gönderilecektir.
Rapor durumunuzu Raporlar > Toplu Veri İndirme ekranından takip edebilir, hazırlandı durumundaki raporlarınızı ilgili menüden indirebilirsiniz.'

2021-11-18 11:52:09 - [TEST_STEP][PASSED] - RaporNo = getText(findTestObject("Popup/Popup")).substring(0, 6): Text of object 'Object Repository/Popup/Popup' is: '17422 no’lu talebiniz işleme alınmıştır. Raporunuz hazırlandığında (elogotest@gmail.com;ali.kara@logo.com.tr) adresinize mail gönderilecektir.
Rapor durumunuzu Raporlar > Toplu Veri İndirme ekranından takip edebilir, hazırlandı durumundaki raporlarınızı ilgili menüden indirebilirsiniz.'

2021-11-18 11:52:09 - [MESSAGE][INFO] - Finding Test Object 'Object Repository/Popup/Popup'

2021-11-18 11:52:09 - [MESSAGE][INFO] - Checking object

2021-11-18 11:52:09 - [MESSAGE][INFO] - Finding web element from Test Object's properties

2021-11-18 11:52:09 - [MESSAGE][INFO] - Checking timeout

2021-11-18 11:52:09 - [MESSAGE][INFO] - Finding web element with id: 'Object Repository/Popup/Popup' located by 'By.cssSelector: .bootbox-body' in '30' second(s)

2021-11-18 11:52:09 - [MESSAGE][INFO] - Smart Wait Function is triggered

2021-11-18 11:52:10 - [MESSAGE][INFO] - Found 1 web elements with id: 'Object Repository/Popup/Popup' located by 'By.cssSelector: .bootbox-body' in '30' second(s)

2021-11-18 11:52:10 - [MESSAGE][INFO] - Getting text of object 'Object Repository/Popup/Popup'

2021-11-18 11:52:10 - [MESSAGE][PASSED] - Text of object 'Object Repository/Popup/Popup' is: '17422 no’lu talebiniz işleme alınmıştır. Raporunuz hazırlandığında (elogotest@gmail.com;ali.kara@logo.com.tr) adresinize mail gönderilecektir.
Rapor durumunuzu Raporlar > Toplu Veri İndirme ekranından takip edebilir, hazırlandı durumundaki raporlarınızı ilgili menüden indirebilirsiniz.'

2021-11-18 11:52:10 - [TEST_STEP][PASSED] - Console.println(RaporNo): null

2021-11-18 11:52:10 - [MESSAGE][PASSED] - Call Test Case 'Test Cases/Popup/PopupMesajiIceriyorMu' successfully

2021-11-18 11:52:10 - [MESSAGE][INFO] - Checking called Test Case

2021-11-18 11:52:10 - [MESSAGE][INFO] - Starting to call Test Case 'Test Cases/Popup/PopupButonSecilir'

2021-11-18 11:52:10 - [TEST_CASE][PASSED] - Test Cases/Popup/PopupButonSecilir: Test Cases/Popup/PopupButonSecilir

2021-11-18 11:52:10 - [TEST_STEP][PASSED] - Method.TextDegerineEsitElementeTikla(findTestObject("Popup/Popup_Butons"), Buton): Method.TextDegerineEsitElementeTikla is PASSED

2021-11-18 11:52:10 - [MESSAGE][INFO] - Finding Test Object 'Object Repository/Popup/Popup_Butons'

2021-11-18 11:52:10 - [MESSAGE][INFO] - Checking timeout

2021-11-18 11:52:10 - [MESSAGE][INFO] - Finding web element with id: 'Object Repository/Popup/Popup_Butons' located by 'By.cssSelector: .modal-footer>button' in '10' second(s)

2021-11-18 11:52:10 - [MESSAGE][INFO] - Smart Wait Function is triggered

2021-11-18 11:52:10 - [MESSAGE][INFO] - Found 1 web elements with id: 'Object Repository/Popup/Popup_Butons' located by 'By.cssSelector: .modal-footer>button' in '10' second(s)

2021-11-18 11:52:10 - [MESSAGE][PASSED] - Method.TextDegerineEsitElementeTikla is PASSED

2021-11-18 11:52:10 - [MESSAGE][PASSED] - Call Test Case 'Test Cases/Popup/PopupButonSecilir' successfully

2021-11-18 11:52:10 - [MESSAGE][INFO] - Checking called Test Case

2021-11-18 11:52:10 - [MESSAGE][INFO] - Starting to call Test Case 'Test Cases/Butonlar/ButonaTikla'

2021-11-18 11:52:10 - [TEST_CASE][PASSED] - Test Cases/Butonlar/ButonaTikla: Test Cases/Butonlar/ButonaTikla

2021-11-18 11:52:10 - [TEST_STEP][PASSED] - Method.TextDegerineEsitElementeTiklaEquals(findTestObject("Butonlar/Butonlar"), Buton_Adi): Method.TextDegerineEsitElementeTiklaEquals is PASSED

2021-11-18 11:52:10 - [MESSAGE][INFO] - Finding Test Object 'Object Repository/Butonlar/Butonlar'

2021-11-18 11:52:10 - [MESSAGE][INFO] - Checking timeout

2021-11-18 11:52:10 - [MESSAGE][INFO] - Finding web element with id: 'Object Repository/Butonlar/Butonlar' located by 'By.cssSelector: .panel.panel-default.text-center.footerPanel .btn,.btn.btn-primary.btnControls' in '10' second(s)

2021-11-18 11:52:10 - [MESSAGE][INFO] - Smart Wait Function is triggered

2021-11-18 11:52:11 - [MESSAGE][INFO] - Found 6 web elements with id: 'Object Repository/Butonlar/Butonlar' located by 'By.cssSelector: .panel.panel-default.text-center.footerPanel .btn,.btn.btn-primary.btnControls' in '10' second(s)

2021-11-18 11:52:11 - [MESSAGE][PASSED] - Method.TextDegerineEsitElementeTiklaEquals is PASSED

2021-11-18 11:52:11 - [MESSAGE][PASSED] - Call Test Case 'Test Cases/Butonlar/ButonaTikla' successfully

2021-11-18 11:52:11 - [MESSAGE][INFO] - Checking called Test Case

2021-11-18 11:52:11 - [MESSAGE][INFO] - Starting to call Test Case 'Test Cases/Butonlar/AltButonaTikla'

2021-11-18 11:52:11 - [TEST_CASE][PASSED] - Test Cases/Butonlar/AltButonaTikla: Test Cases/Butonlar/AltButonaTikla

2021-11-18 11:52:11 - [TEST_STEP][PASSED] - Method.TextDegerineEsitElementeTikla(findTestObject("Butonlar/AltButonlar"), Alt_Buton): Method.TextDegerineEsitElementeTikla is PASSED

2021-11-18 11:52:11 - [MESSAGE][INFO] - Finding Test Object 'Object Repository/Butonlar/AltButonlar'

2021-11-18 11:52:11 - [MESSAGE][INFO] - Checking timeout

2021-11-18 11:52:11 - [MESSAGE][INFO] - Finding web element with id: 'Object Repository/Butonlar/AltButonlar' located by 'By.cssSelector: .btn-group.open li>a' in '10' second(s)

2021-11-18 11:52:11 - [MESSAGE][INFO] - Smart Wait Function is triggered

2021-11-18 11:52:12 - [MESSAGE][INFO] - Found 2 web elements with id: 'Object Repository/Butonlar/AltButonlar' located by 'By.cssSelector: .btn-group.open li>a' in '10' second(s)

2021-11-18 11:52:12 - [MESSAGE][PASSED] - Method.TextDegerineEsitElementeTikla is PASSED

2021-11-18 11:52:12 - [MESSAGE][PASSED] - Call Test Case 'Test Cases/Butonlar/AltButonaTikla' successfully

2021-11-18 11:52:12 - [MESSAGE][INFO] - Checking called Test Case

2021-11-18 11:52:12 - [MESSAGE][INFO] - Starting to call Test Case 'Test Cases/Popup/PopupMesajiIceriyorMu'

2021-11-18 11:52:12 - [TEST_CASE][PASSED] - Test Cases/Popup/PopupMesajiIceriyorMu: Test Cases/Popup/PopupMesajiIceriyorMu

2021-11-18 11:52:12 - [TEST_STEP][PASSED] - waitForElementVisible(findTestObject("Popup/Popup"), 10): Object 'Object Repository/Popup/Popup' is visible

2021-11-18 11:52:12 - [MESSAGE][INFO] - Finding Test Object 'Object Repository/Popup/Popup'

2021-11-18 11:52:12 - [MESSAGE][INFO] - Checking object

2021-11-18 11:52:12 - [MESSAGE][INFO] - Checking timeout

2021-11-18 11:52:12 - [MESSAGE][INFO] - Finding web element from Test Object's properties

2021-11-18 11:52:12 - [MESSAGE][INFO] - Checking timeout

2021-11-18 11:52:12 - [MESSAGE][INFO] - Finding web element with id: 'Object Repository/Popup/Popup' located by 'By.cssSelector: .bootbox-body' in '10' second(s)

2021-11-18 11:52:12 - [MESSAGE][INFO] - Smart Wait Function is triggered

2021-11-18 11:52:12 - [MESSAGE][INFO] - Found 1 web elements with id: 'Object Repository/Popup/Popup' located by 'By.cssSelector: .bootbox-body' in '10' second(s)

2021-11-18 11:52:13 - [MESSAGE][PASSED] - Object 'Object Repository/Popup/Popup' is visible

2021-11-18 11:52:13 - [TEST_STEP][PASSED] - if (!(getText(findTestObject("Popup/Popup")).contains(Mesaj))): Text of object 'Object Repository/Popup/Popup' is: 'Lütfen rapor bildiriminin gönderileceği e-posta adresini belirtiniz.
e-Posta Adresi'

2021-11-18 11:52:13 - [MESSAGE][INFO] - Finding Test Object 'Object Repository/Popup/Popup'

2021-11-18 11:52:13 - [MESSAGE][INFO] - Checking object

2021-11-18 11:52:13 - [MESSAGE][INFO] - Finding web element from Test Object's properties

2021-11-18 11:52:13 - [MESSAGE][INFO] - Checking timeout

2021-11-18 11:52:13 - [MESSAGE][INFO] - Finding web element with id: 'Object Repository/Popup/Popup' located by 'By.cssSelector: .bootbox-body' in '30' second(s)

2021-11-18 11:52:13 - [MESSAGE][INFO] - Smart Wait Function is triggered

2021-11-18 11:52:13 - [MESSAGE][INFO] - Found 1 web elements with id: 'Object Repository/Popup/Popup' located by 'By.cssSelector: .bootbox-body' in '30' second(s)

2021-11-18 11:52:13 - [MESSAGE][INFO] - Getting text of object 'Object Repository/Popup/Popup'

2021-11-18 11:52:13 - [MESSAGE][PASSED] - Text of object 'Object Repository/Popup/Popup' is: 'Lütfen rapor bildiriminin gönderileceği e-posta adresini belirtiniz.
e-Posta Adresi'

2021-11-18 11:52:13 - [TEST_STEP][PASSED] - RaporNo = getText(findTestObject("Popup/Popup")).substring(0, 6): Text of object 'Object Repository/Popup/Popup' is: 'Lütfen rapor bildiriminin gönderileceği e-posta adresini belirtiniz.
e-Posta Adresi'

2021-11-18 11:52:13 - [MESSAGE][INFO] - Finding Test Object 'Object Repository/Popup/Popup'

2021-11-18 11:52:13 - [MESSAGE][INFO] - Checking object

2021-11-18 11:52:13 - [MESSAGE][INFO] - Finding web element from Test Object's properties

2021-11-18 11:52:13 - [MESSAGE][INFO] - Checking timeout

2021-11-18 11:52:13 - [MESSAGE][INFO] - Finding web element with id: 'Object Repository/Popup/Popup' located by 'By.cssSelector: .bootbox-body' in '30' second(s)

2021-11-18 11:52:13 - [MESSAGE][INFO] - Smart Wait Function is triggered

2021-11-18 11:52:14 - [MESSAGE][INFO] - Found 1 web elements with id: 'Object Repository/Popup/Popup' located by 'By.cssSelector: .bootbox-body' in '30' second(s)

2021-11-18 11:52:14 - [MESSAGE][INFO] - Getting text of object 'Object Repository/Popup/Popup'

2021-11-18 11:52:14 - [MESSAGE][PASSED] - Text of object 'Object Repository/Popup/Popup' is: 'Lütfen rapor bildiriminin gönderileceği e-posta adresini belirtiniz.
e-Posta Adresi'

2021-11-18 11:52:14 - [TEST_STEP][PASSED] - Console.println(RaporNo): null

2021-11-18 11:52:14 - [MESSAGE][PASSED] - Call Test Case 'Test Cases/Popup/PopupMesajiIceriyorMu' successfully

2021-11-18 11:52:14 - [MESSAGE][INFO] - Checking called Test Case

2021-11-18 11:52:14 - [MESSAGE][INFO] - Starting to call Test Case 'Test Cases/Popup/PopupaEmailEklenir'

2021-11-18 11:52:14 - [TEST_CASE][PASSED] - Test Cases/Popup/PopupaEmailEklenir: Test Cases/Popup/PopupaEmailEklenir

2021-11-18 11:52:14 - [TEST_STEP][PASSED] - clearText(findTestObject("Popup/EmailText")): Text of object 'Object Repository/Popup/EmailText' is cleared

2021-11-18 11:52:14 - [MESSAGE][INFO] - Finding Test Object 'Object Repository/Popup/EmailText'

2021-11-18 11:52:14 - [MESSAGE][INFO] - Checking object

2021-11-18 11:52:14 - [MESSAGE][INFO] - Finding web element from Test Object's properties

2021-11-18 11:52:14 - [MESSAGE][INFO] - Checking timeout

2021-11-18 11:52:14 - [MESSAGE][INFO] - Finding web element with id: 'Object Repository/Popup/EmailText' located by 'By.xpath: //*[@id="eMails"]' in '30' second(s)

2021-11-18 11:52:14 - [MESSAGE][INFO] - Smart Wait Function is triggered

2021-11-18 11:52:14 - [MESSAGE][INFO] - Found 1 web elements with id: 'Object Repository/Popup/EmailText' located by 'By.xpath: //*[@id="eMails"]' in '30' second(s)

2021-11-18 11:52:14 - [MESSAGE][INFO] - Clearing text of object 'Object Repository/Popup/EmailText'

2021-11-18 11:52:14 - [MESSAGE][PASSED] - Text of object 'Object Repository/Popup/EmailText' is cleared

2021-11-18 11:52:14 - [TEST_STEP][PASSED] - sendKeys(findTestObject("Popup/EmailText"), Email): Keys 'elogotest@gmail.com;ali.kara@logo.com.tr' sent to object: 'Object Repository/Popup/EmailText'

2021-11-18 11:52:14 - [MESSAGE][INFO] - Finding Test Object 'Object Repository/Popup/EmailText'

2021-11-18 11:52:14 - [MESSAGE][INFO] - Sending keys 'elogotest@gmail.com;ali.kara@logo.com.tr' to object: 'Object Repository/Popup/EmailText'

2021-11-18 11:52:14 - [MESSAGE][INFO] - Finding web element from Test Object's properties

2021-11-18 11:52:14 - [MESSAGE][INFO] - Checking timeout

2021-11-18 11:52:14 - [MESSAGE][INFO] - Finding web element with id: 'Object Repository/Popup/EmailText' located by 'By.xpath: //*[@id="eMails"]' in '30' second(s)

2021-11-18 11:52:14 - [MESSAGE][INFO] - Smart Wait Function is triggered

2021-11-18 11:52:15 - [MESSAGE][INFO] - Found 1 web elements with id: 'Object Repository/Popup/EmailText' located by 'By.xpath: //*[@id="eMails"]' in '30' second(s)

2021-11-18 11:52:15 - [MESSAGE][PASSED] - Keys 'elogotest@gmail.com;ali.kara@logo.com.tr' sent to object: 'Object Repository/Popup/EmailText'

2021-11-18 11:52:15 - [MESSAGE][PASSED] - Call Test Case 'Test Cases/Popup/PopupaEmailEklenir' successfully

2021-11-18 11:52:15 - [MESSAGE][INFO] - Checking called Test Case

2021-11-18 11:52:15 - [MESSAGE][INFO] - Starting to call Test Case 'Test Cases/Popup/PopupButonSecilir'

2021-11-18 11:52:15 - [TEST_CASE][PASSED] - Test Cases/Popup/PopupButonSecilir: Test Cases/Popup/PopupButonSecilir

2021-11-18 11:52:15 - [TEST_STEP][PASSED] - Method.TextDegerineEsitElementeTikla(findTestObject("Popup/Popup_Butons"), Buton): Method.TextDegerineEsitElementeTikla is PASSED

2021-11-18 11:52:15 - [MESSAGE][INFO] - Finding Test Object 'Object Repository/Popup/Popup_Butons'

2021-11-18 11:52:15 - [MESSAGE][INFO] - Checking timeout

2021-11-18 11:52:15 - [MESSAGE][INFO] - Finding web element with id: 'Object Repository/Popup/Popup_Butons' located by 'By.cssSelector: .modal-footer>button' in '10' second(s)

2021-11-18 11:52:15 - [MESSAGE][INFO] - Smart Wait Function is triggered

2021-11-18 11:52:15 - [MESSAGE][INFO] - Found 2 web elements with id: 'Object Repository/Popup/Popup_Butons' located by 'By.cssSelector: .modal-footer>button' in '10' second(s)

2021-11-18 11:52:15 - [MESSAGE][PASSED] - Method.TextDegerineEsitElementeTikla is PASSED

2021-11-18 11:52:15 - [MESSAGE][PASSED] - Call Test Case 'Test Cases/Popup/PopupButonSecilir' successfully

2021-11-18 11:52:15 - [MESSAGE][INFO] - Checking called Test Case

2021-11-18 11:52:15 - [MESSAGE][INFO] - Starting to call Test Case 'Test Cases/Popup/PopupMesajiIceriyorMu'

2021-11-18 11:52:15 - [TEST_CASE][PASSED] - Test Cases/Popup/PopupMesajiIceriyorMu: Test Cases/Popup/PopupMesajiIceriyorMu

2021-11-18 11:52:15 - [TEST_STEP][PASSED] - waitForElementVisible(findTestObject("Popup/Popup"), 10): Object 'Object Repository/Popup/Popup' is visible

2021-11-18 11:52:15 - [MESSAGE][INFO] - Finding Test Object 'Object Repository/Popup/Popup'

2021-11-18 11:52:15 - [MESSAGE][INFO] - Checking object

2021-11-18 11:52:15 - [MESSAGE][INFO] - Checking timeout

2021-11-18 11:52:15 - [MESSAGE][INFO] - Finding web element from Test Object's properties

2021-11-18 11:52:15 - [MESSAGE][INFO] - Checking timeout

2021-11-18 11:52:15 - [MESSAGE][INFO] - Finding web element with id: 'Object Repository/Popup/Popup' located by 'By.cssSelector: .bootbox-body' in '10' second(s)

2021-11-18 11:52:15 - [MESSAGE][INFO] - Smart Wait Function is triggered

2021-11-18 11:52:16 - [MESSAGE][INFO] - Found 1 web elements with id: 'Object Repository/Popup/Popup' located by 'By.cssSelector: .bootbox-body' in '10' second(s)

2021-11-18 11:52:16 - [MESSAGE][PASSED] - Object 'Object Repository/Popup/Popup' is visible

2021-11-18 11:52:16 - [TEST_STEP][PASSED] - if (!(getText(findTestObject("Popup/Popup")).contains(Mesaj))): Text of object 'Object Repository/Popup/Popup' is: '17423 no’lu talebiniz işleme alınmıştır. Raporunuz hazırlandığında (elogotest@gmail.com;ali.kara@logo.com.tr) adresinize mail gönderilecektir.
Rapor durumunuzu Raporlar > Toplu Veri İndirme ekranından takip edebilir, hazırlandı durumundaki raporlarınızı ilgili menüden indirebilirsiniz.'

2021-11-18 11:52:16 - [MESSAGE][INFO] - Finding Test Object 'Object Repository/Popup/Popup'

2021-11-18 11:52:16 - [MESSAGE][INFO] - Checking object

2021-11-18 11:52:16 - [MESSAGE][INFO] - Finding web element from Test Object's properties

2021-11-18 11:52:16 - [MESSAGE][INFO] - Checking timeout

2021-11-18 11:52:16 - [MESSAGE][INFO] - Finding web element with id: 'Object Repository/Popup/Popup' located by 'By.cssSelector: .bootbox-body' in '30' second(s)

2021-11-18 11:52:16 - [MESSAGE][INFO] - Smart Wait Function is triggered

2021-11-18 11:52:16 - [MESSAGE][INFO] - Found 1 web elements with id: 'Object Repository/Popup/Popup' located by 'By.cssSelector: .bootbox-body' in '30' second(s)

2021-11-18 11:52:16 - [MESSAGE][INFO] - Getting text of object 'Object Repository/Popup/Popup'

2021-11-18 11:52:16 - [MESSAGE][PASSED] - Text of object 'Object Repository/Popup/Popup' is: '17423 no’lu talebiniz işleme alınmıştır. Raporunuz hazırlandığında (elogotest@gmail.com;ali.kara@logo.com.tr) adresinize mail gönderilecektir.
Rapor durumunuzu Raporlar > Toplu Veri İndirme ekranından takip edebilir, hazırlandı durumundaki raporlarınızı ilgili menüden indirebilirsiniz.'

2021-11-18 11:52:16 - [TEST_STEP][PASSED] - RaporNo = getText(findTestObject("Popup/Popup")).substring(0, 6): Text of object 'Object Repository/Popup/Popup' is: '17423 no’lu talebiniz işleme alınmıştır. Raporunuz hazırlandığında (elogotest@gmail.com;ali.kara@logo.com.tr) adresinize mail gönderilecektir.
Rapor durumunuzu Raporlar > Toplu Veri İndirme ekranından takip edebilir, hazırlandı durumundaki raporlarınızı ilgili menüden indirebilirsiniz.'

2021-11-18 11:52:16 - [MESSAGE][INFO] - Finding Test Object 'Object Repository/Popup/Popup'

2021-11-18 11:52:16 - [MESSAGE][INFO] - Checking object

2021-11-18 11:52:16 - [MESSAGE][INFO] - Finding web element from Test Object's properties

2021-11-18 11:52:16 - [MESSAGE][INFO] - Checking timeout

2021-11-18 11:52:16 - [MESSAGE][INFO] - Finding web element with id: 'Object Repository/Popup/Popup' located by 'By.cssSelector: .bootbox-body' in '30' second(s)

2021-11-18 11:52:16 - [MESSAGE][INFO] - Smart Wait Function is triggered

2021-11-18 11:52:17 - [MESSAGE][INFO] - Found 1 web elements with id: 'Object Repository/Popup/Popup' located by 'By.cssSelector: .bootbox-body' in '30' second(s)

2021-11-18 11:52:17 - [MESSAGE][INFO] - Getting text of object 'Object Repository/Popup/Popup'

2021-11-18 11:52:17 - [MESSAGE][PASSED] - Text of object 'Object Repository/Popup/Popup' is: '17423 no’lu talebiniz işleme alınmıştır. Raporunuz hazırlandığında (elogotest@gmail.com;ali.kara@logo.com.tr) adresinize mail gönderilecektir.
Rapor durumunuzu Raporlar > Toplu Veri İndirme ekranından takip edebilir, hazırlandı durumundaki raporlarınızı ilgili menüden indirebilirsiniz.'

2021-11-18 11:52:17 - [TEST_STEP][PASSED] - Console.println(RaporNo): null

2021-11-18 11:52:17 - [MESSAGE][PASSED] - Call Test Case 'Test Cases/Popup/PopupMesajiIceriyorMu' successfully

2021-11-18 11:52:17 - [MESSAGE][INFO] - Checking called Test Case

2021-11-18 11:52:17 - [MESSAGE][INFO] - Starting to call Test Case 'Test Cases/Popup/PopupButonSecilir'

2021-11-18 11:52:17 - [TEST_CASE][PASSED] - Test Cases/Popup/PopupButonSecilir: Test Cases/Popup/PopupButonSecilir

2021-11-18 11:52:17 - [TEST_STEP][PASSED] - Method.TextDegerineEsitElementeTikla(findTestObject("Popup/Popup_Butons"), Buton): Method.TextDegerineEsitElementeTikla is PASSED

2021-11-18 11:52:17 - [MESSAGE][INFO] - Finding Test Object 'Object Repository/Popup/Popup_Butons'

2021-11-18 11:52:17 - [MESSAGE][INFO] - Checking timeout

2021-11-18 11:52:17 - [MESSAGE][INFO] - Finding web element with id: 'Object Repository/Popup/Popup_Butons' located by 'By.cssSelector: .modal-footer>button' in '10' second(s)

2021-11-18 11:52:17 - [MESSAGE][INFO] - Smart Wait Function is triggered

2021-11-18 11:52:17 - [MESSAGE][INFO] - Found 1 web elements with id: 'Object Repository/Popup/Popup_Butons' located by 'By.cssSelector: .modal-footer>button' in '10' second(s)

2021-11-18 11:52:17 - [MESSAGE][PASSED] - Method.TextDegerineEsitElementeTikla is PASSED

2021-11-18 11:52:17 - [MESSAGE][PASSED] - Call Test Case 'Test Cases/Popup/PopupButonSecilir' successfully

2021-11-18 11:52:17 - [MESSAGE][INFO] - Checking called Test Case

2021-11-18 11:52:17 - [MESSAGE][INFO] - Starting to call Test Case 'Test Cases/Menu/AnaMenuSecimi'

2021-11-18 11:52:17 - [TEST_CASE][PASSED] - Test Cases/Menu/AnaMenuSecimi: Test Cases/Menu/AnaMenuSecimi

2021-11-18 11:52:17 - [TEST_STEP][PASSED] - Method.TextDegerineEsitElementeTikla(findTestObject("Menu/Ana_Menu"), Ana_Menu): Method.TextDegerineEsitElementeTikla is PASSED

2021-11-18 11:52:17 - [MESSAGE][INFO] - Finding Test Object 'Object Repository/Menu/Ana_Menu'

2021-11-18 11:52:17 - [MESSAGE][INFO] - Checking timeout

2021-11-18 11:52:17 - [MESSAGE][INFO] - Finding web element with id: 'Object Repository/Menu/Ana_Menu' located by 'By.xpath: //*[@class = 'dropdown-toggle']' in '10' second(s)

2021-11-18 11:52:17 - [MESSAGE][INFO] - Smart Wait Function is triggered

2021-11-18 11:52:18 - [MESSAGE][INFO] - Found 14 web elements with id: 'Object Repository/Menu/Ana_Menu' located by 'By.xpath: //*[@class = 'dropdown-toggle']' in '10' second(s)

2021-11-18 11:52:18 - [MESSAGE][PASSED] - Method.TextDegerineEsitElementeTikla is PASSED

2021-11-18 11:52:18 - [MESSAGE][PASSED] - Call Test Case 'Test Cases/Menu/AnaMenuSecimi' successfully

2021-11-18 11:52:18 - [MESSAGE][INFO] - Checking called Test Case

2021-11-18 11:52:18 - [MESSAGE][INFO] - Starting to call Test Case 'Test Cases/Menu/AltMenuSecimi'

2021-11-18 11:52:18 - [TEST_CASE][PASSED] - Test Cases/Menu/AltMenuSecimi: Test Cases/Menu/AltMenuSecimi

2021-11-18 11:52:18 - [TEST_STEP][PASSED] - Method.TextDegerineEsitElementeTikla(findTestObject("Menu/Alt_Menu"), Alt_Menu): Method.TextDegerineEsitElementeTikla is PASSED

2021-11-18 11:52:18 - [MESSAGE][INFO] - Finding Test Object 'Object Repository/Menu/Alt_Menu'

2021-11-18 11:52:18 - [MESSAGE][INFO] - Checking timeout

2021-11-18 11:52:18 - [MESSAGE][INFO] - Finding web element with id: 'Object Repository/Menu/Alt_Menu' located by 'By.xpath: //li[@class='dropdown dropdown-large open']//li[@class='dropdown-element']' in '10' second(s)

2021-11-18 11:52:18 - [MESSAGE][INFO] - Smart Wait Function is triggered

2021-11-18 11:52:19 - [MESSAGE][INFO] - Found 9 web elements with id: 'Object Repository/Menu/Alt_Menu' located by 'By.xpath: //li[@class='dropdown dropdown-large open']//li[@class='dropdown-element']' in '10' second(s)

2021-11-18 11:52:20 - [MESSAGE][PASSED] - Method.TextDegerineEsitElementeTikla is PASSED

2021-11-18 11:52:20 - [MESSAGE][PASSED] - Call Test Case 'Test Cases/Menu/AltMenuSecimi' successfully

2021-11-18 11:52:20 - [MESSAGE][INFO] - Checking called Test Case

2021-11-18 11:52:20 - [MESSAGE][INFO] - Starting to call Test Case 'Test Cases/Filtreler/RaporNoYaz'

2021-11-18 11:52:20 - [TEST_CASE][PASSED] - Test Cases/Filtreler/RaporNoYaz: Test Cases/Filtreler/RaporNoYaz

2021-11-18 11:52:20 - [TEST_STEP][PASSED] - Method.TextDegerineEsitElementinAltindakiTextboxtaYaz(findTestObject("Filtreler/Basliklar"), findTestObject("Filtreler/Basliga_Gore_Textbox"), "Talep No", RaporNo): Method.TextDegerineEsitElementinAltindakiTextboxtaYaz is PASSED

2021-11-18 11:52:20 - [MESSAGE][INFO] - Finding Test Object 'Object Repository/Filtreler/Basliklar'

2021-11-18 11:52:20 - [MESSAGE][INFO] - Finding Test Object 'Object Repository/Filtreler/Basliga_Gore_Textbox'

2021-11-18 11:52:20 - [MESSAGE][INFO] - Checking timeout

2021-11-18 11:52:20 - [MESSAGE][INFO] - Finding web element with id: 'Object Repository/Filtreler/Basliklar' located by 'By.cssSelector: .control-label.col-sm-4.paddingMarginRLC' in '10' second(s)

2021-11-18 11:52:20 - [MESSAGE][INFO] - Smart Wait Function is triggered

2021-11-18 11:52:20 - [MESSAGE][INFO] - Found 8 web elements with id: 'Object Repository/Filtreler/Basliklar' located by 'By.cssSelector: .control-label.col-sm-4.paddingMarginRLC' in '10' second(s)

2021-11-18 11:52:20 - [MESSAGE][INFO] - Smart Wait Function is triggered

2021-11-18 11:52:21 - [MESSAGE][PASSED] - Method.TextDegerineEsitElementinAltindakiTextboxtaYaz is PASSED

2021-11-18 11:52:21 - [MESSAGE][PASSED] - Call Test Case 'Test Cases/Filtreler/RaporNoYaz' successfully

2021-11-18 11:52:21 - [MESSAGE][INFO] - Checking called Test Case

2021-11-18 11:52:21 - [MESSAGE][INFO] - Starting to call Test Case 'Test Cases/Filtreler/ButonaTikla'

2021-11-18 11:52:21 - [TEST_CASE][PASSED] - Test Cases/Filtreler/ButonaTikla: Test Cases/Filtreler/ButonaTikla

2021-11-18 11:52:21 - [TEST_STEP][PASSED] - Method.TextDegerineEsitElementeTikla(findTestObject("Filtreler/Butonlar"), Filtre_Buton): Method.TextDegerineEsitElementeTikla is PASSED

2021-11-18 11:52:21 - [MESSAGE][INFO] - Finding Test Object 'Object Repository/Filtreler/Butonlar'

2021-11-18 11:52:21 - [MESSAGE][INFO] - Checking timeout

2021-11-18 11:52:21 - [MESSAGE][INFO] - Finding web element with id: 'Object Repository/Filtreler/Butonlar' located by 'By.cssSelector: .dxb>span' in '10' second(s)

2021-11-18 11:52:21 - [MESSAGE][INFO] - Smart Wait Function is triggered

2021-11-18 11:52:21 - [MESSAGE][INFO] - Found 2 web elements with id: 'Object Repository/Filtreler/Butonlar' located by 'By.cssSelector: .dxb>span' in '10' second(s)

2021-11-18 11:52:21 - [MESSAGE][PASSED] - Method.TextDegerineEsitElementeTikla is PASSED

2021-11-18 11:52:21 - [MESSAGE][PASSED] - Call Test Case 'Test Cases/Filtreler/ButonaTikla' successfully

2021-11-18 11:52:21 - [MESSAGE][INFO] - Checking called Test Case

2021-11-18 11:52:21 - [MESSAGE][INFO] - Starting to call Test Case 'Test Cases/Tablo/TablodaVeriVarMi'

2021-11-18 11:52:21 - [TEST_CASE][PASSED] - Test Cases/Tablo/TablodaVeriVarMi: Test Cases/Tablo/TablodaVeriVarMi

2021-11-18 11:52:21 - [TEST_STEP][PASSED] - verifyTextNotPresent("Görüntülenecek veri yok", true): Text 'Görüntülenecek veri yok' is not present on page using regular expression

2021-11-18 11:52:21 - [MESSAGE][INFO] - Checking text present  using regular expression

2021-11-18 11:52:21 - [MESSAGE][INFO] - Smart Wait Function is triggered

2021-11-18 11:52:22 - [MESSAGE][INFO] - Finding text 'Görüntülenecek veri yok' on page  using regular expression

2021-11-18 11:52:22 - [MESSAGE][PASSED] - Text 'Görüntülenecek veri yok' is not present on page using regular expression

2021-11-18 11:52:22 - [MESSAGE][PASSED] - Call Test Case 'Test Cases/Tablo/TablodaVeriVarMi' successfully

2021-11-18 11:52:22 - [MESSAGE][INFO] - Checking called Test Case

2021-11-18 11:52:22 - [MESSAGE][INFO] - Starting to call Test Case 'Test Cases/Kullanici_Islemleri/KullaniciIslemlerindenSecimYapilir'

2021-11-18 11:52:22 - [TEST_CASE][PASSED] - Test Cases/Kullanici_Islemleri/KullaniciIslemlerindenSecimYapilir: Test Cases/Kullanici_Islemleri/KullaniciIslemlerindenSecimYapilir

2021-11-18 11:52:22 - [TEST_STEP][PASSED] - waitForElementClickable(findTestObject("Object Repository/Kullanici_Islemleri/KullaniciIslemleri"), 10): Object 'Object Repository/Kullanici_Islemleri/KullaniciIslemleri' is clickable

2021-11-18 11:52:22 - [MESSAGE][INFO] - Finding Test Object 'Object Repository/Kullanici_Islemleri/KullaniciIslemleri'

2021-11-18 11:52:22 - [MESSAGE][INFO] - Checking object

2021-11-18 11:52:22 - [MESSAGE][INFO] - Checking timeout

2021-11-18 11:52:22 - [MESSAGE][INFO] - Finding web element from Test Object's properties

2021-11-18 11:52:22 - [MESSAGE][INFO] - Checking timeout

2021-11-18 11:52:22 - [MESSAGE][INFO] - Finding web element with id: 'Object Repository/Kullanici_Islemleri/KullaniciIslemleri' located by 'By.cssSelector: .dropdown>a>img' in '10' second(s)

2021-11-18 11:52:22 - [MESSAGE][INFO] - Smart Wait Function is triggered

2021-11-18 11:52:22 - [MESSAGE][INFO] - Found 1 web elements with id: 'Object Repository/Kullanici_Islemleri/KullaniciIslemleri' located by 'By.cssSelector: .dropdown>a>img' in '10' second(s)

2021-11-18 11:52:22 - [MESSAGE][PASSED] - Object 'Object Repository/Kullanici_Islemleri/KullaniciIslemleri' is clickable

2021-11-18 11:52:22 - [TEST_STEP][PASSED] - click(findTestObject("Object Repository/Kullanici_Islemleri/KullaniciIslemleri")): Object: 'Object Repository/Kullanici_Islemleri/KullaniciIslemleri' is clicked on

2021-11-18 11:52:22 - [MESSAGE][INFO] - Finding Test Object 'Object Repository/Kullanici_Islemleri/KullaniciIslemleri'

2021-11-18 11:52:23 - [MESSAGE][INFO] - Checking object

2021-11-18 11:52:23 - [MESSAGE][INFO] - Finding web element from Test Object's properties

2021-11-18 11:52:23 - [MESSAGE][INFO] - Checking timeout

2021-11-18 11:52:23 - [MESSAGE][INFO] - Finding web element with id: 'Object Repository/Kullanici_Islemleri/KullaniciIslemleri' located by 'By.cssSelector: .dropdown>a>img' in '30' second(s)

2021-11-18 11:52:23 - [MESSAGE][INFO] - Smart Wait Function is triggered

2021-11-18 11:52:23 - [MESSAGE][INFO] - Found 1 web elements with id: 'Object Repository/Kullanici_Islemleri/KullaniciIslemleri' located by 'By.cssSelector: .dropdown>a>img' in '30' second(s)

2021-11-18 11:52:23 - [MESSAGE][INFO] - Clicking on object: 'Object Repository/Kullanici_Islemleri/KullaniciIslemleri'

2021-11-18 11:52:23 - [MESSAGE][PASSED] - Object: 'Object Repository/Kullanici_Islemleri/KullaniciIslemleri' is clicked on

2021-11-18 11:52:23 - [TEST_STEP][PASSED] - Method.TextDegerineEsitElementeTikla(findTestObject("Object Repository/Kullanici_Islemleri/Secenekler"), Islem): Method.TextDegerineEsitElementeTikla is PASSED

2021-11-18 11:52:23 - [MESSAGE][INFO] - Finding Test Object 'Object Repository/Kullanici_Islemleri/Secenekler'

2021-11-18 11:52:23 - [MESSAGE][INFO] - Checking timeout

2021-11-18 11:52:23 - [MESSAGE][INFO] - Finding web element with id: 'Object Repository/Kullanici_Islemleri/Secenekler' located by 'By.cssSelector: .nav.navbar-nav.navbar-right li a' in '10' second(s)

2021-11-18 11:52:23 - [MESSAGE][INFO] - Smart Wait Function is triggered

2021-11-18 11:52:23 - [MESSAGE][INFO] - Found 22 web elements with id: 'Object Repository/Kullanici_Islemleri/Secenekler' located by 'By.cssSelector: .nav.navbar-nav.navbar-right li a' in '10' second(s)

2021-11-18 11:52:25 - [MESSAGE][PASSED] - Method.TextDegerineEsitElementeTikla is PASSED

2021-11-18 11:52:25 - [TEST_STEP][PASSED] - verifyElementNotPresent(findTestObject("Object Repository/Kullanici_Islemleri/Secenekler"), 10): Web element with id: 'Object Repository/Kullanici_Islemleri/Secenekler' located by 'By.cssSelector: .nav.navbar-nav.navbar-right li a' is not present after '10' second(s)

2021-11-18 11:52:25 - [MESSAGE][INFO] - Finding Test Object 'Object Repository/Kullanici_Islemleri/Secenekler'

2021-11-18 11:52:25 - [MESSAGE][INFO] - Checking object

2021-11-18 11:52:25 - [MESSAGE][INFO] - Checking timeout

2021-11-18 11:52:25 - [MESSAGE][INFO] - Finding web element with id: 'Object Repository/Kullanici_Islemleri/Secenekler' located by 'By.cssSelector: .nav.navbar-nav.navbar-right li a' in '10' second(s)

2021-11-18 11:52:25 - [MESSAGE][INFO] - Smart Wait Function is triggered

2021-11-18 11:52:25 - [MESSAGE][PASSED] - Web element with id: 'Object Repository/Kullanici_Islemleri/Secenekler' located by 'By.cssSelector: .nav.navbar-nav.navbar-right li a' is not present after '10' second(s)

2021-11-18 11:52:25 - [MESSAGE][PASSED] - Call Test Case 'Test Cases/Kullanici_Islemleri/KullaniciIslemlerindenSecimYapilir' successfully

2021-11-18 11:52:25 - [TEST_CASE][PASSED] - Start Test Case : SCENARIO e-Serbest Meslek Makbuz Raporlari excele aktarma: SCENARIO e-Serbest Meslek Makbuz Raporlari excele aktarma

2021-11-18 11:52:25 - [TEST_STEP][PASSED] - Kullanıcı adı ELOGO6 ve Şifre 123456 olarak giriş yapılır: Kullanıcı adı ELOGO6 ve Şifre 123456 olarak giriş yapılır

2021-11-18 11:52:25 - [MESSAGE][PASSED] - Kullanıcı adı ELOGO6 ve Şifre 123456 olarak giriş yapılır

2021-11-18 11:52:25 - [TEST_STEP][PASSED] - Ana menüden e-Makbuz seçilir: Ana menüden e-Makbuz seçilir

2021-11-18 11:52:25 - [MESSAGE][PASSED] - Ana menüden e-Makbuz seçilir

2021-11-18 11:52:25 - [TEST_STEP][PASSED] - Alt menü e-Serbest Meslek Uygulaması başlığı altındaki e-Serbest Meslek Makbuz Raporları seçilir: Alt menü e-Serbest Meslek Uygulaması başlığı altındaki e-Serbest Meslek Makbuz Raporları seçilir

2021-11-18 11:52:25 - [MESSAGE][PASSED] - Alt menü e-Serbest Meslek Uygulaması başlığı altındaki e-Serbest Meslek Makbuz Raporları seçilir

2021-11-18 11:52:25 - [TEST_STEP][PASSED] - Filtrelerden Dönem Tarihi filtresine 2021 Ocak dropdowndan degeri seçilir: Filtrelerden Dönem Tarihi filtresine 2021 Ocak dropdowndan degeri seçilir

2021-11-18 11:52:25 - [MESSAGE][PASSED] - Filtrelerden Dönem Tarihi filtresine 2021 Ocak dropdowndan degeri seçilir

2021-11-18 11:52:25 - [TEST_STEP][PASSED] - Filtrelerden Bölüm Tarihi filtresine 11.01.2021 baslangic degerini yaz: Filtrelerden Bölüm Tarihi filtresine 11.01.2021 baslangic degerini yaz

2021-11-18 11:52:25 - [MESSAGE][PASSED] - Filtrelerden Bölüm Tarihi filtresine 11.01.2021 baslangic degerini yaz

2021-11-18 11:52:25 - [TEST_STEP][PASSED] - Filtrelerden Bölüm Tarihi filtresine 11.01.2021 bitis degerini yaz: Filtrelerden Bölüm Tarihi filtresine 11.01.2021 bitis degerini yaz

2021-11-18 11:52:25 - [MESSAGE][PASSED] - Filtrelerden Bölüm Tarihi filtresine 11.01.2021 bitis degerini yaz

2021-11-18 11:52:25 - [TEST_STEP][PASSED] - Filtre butonlarından Listele seçilir: Filtre butonlarından Listele seçilir

2021-11-18 11:52:25 - [MESSAGE][PASSED] - Filtre butonlarından Listele seçilir

2021-11-18 11:52:25 - [TEST_STEP][PASSED] - Tabloda veri var mı kontrol edilir: Tabloda veri var mı kontrol edilir

2021-11-18 11:52:25 - [MESSAGE][PASSED] - Tabloda veri var mı kontrol edilir

2021-11-18 11:52:25 - [TEST_STEP][PASSED] - Tablodan 1641 isimli veri seçilir: Tablodan 1641 isimli veri seçilir

2021-11-18 11:52:25 - [MESSAGE][PASSED] - Tablodan 1641 isimli veri seçilir

2021-11-18 11:52:25 - [TEST_STEP][PASSED] - Butonlardan Excel isimli butona tıklanır: Butonlardan Excel isimli butona tıklanır

2021-11-18 11:52:25 - [MESSAGE][PASSED] - Butonlardan Excel isimli butona tıklanır

2021-11-18 11:52:25 - [TEST_STEP][PASSED] - Alt butonlardan Excel 'e Aktar butonuna tıklanır: Alt butonlardan Excel 'e Aktar butonuna tıklanır

2021-11-18 11:52:25 - [MESSAGE][PASSED] - Alt butonlardan Excel 'e Aktar butonuna tıklanır

2021-11-18 11:52:25 - [TEST_STEP][PASSED] - Popup mesajı Lütfen rapor bildiriminin gönderileceği e-posta adresini belirtiniz. içeriyor mu: Popup mesajı Lütfen rapor bildiriminin gönderileceği e-posta adresini belirtiniz. içeriyor mu

2021-11-18 11:52:25 - [MESSAGE][PASSED] - Popup mesajı Lütfen rapor bildiriminin gönderileceği e-posta adresini belirtiniz. içeriyor mu

2021-11-18 11:52:25 - [TEST_STEP][PASSED] - Popup email elogotest@gmail.com;ali.kara@logo.com.tr olarak girilir: Popup email elogotest@gmail.com;ali.kara@logo.com.tr olarak girilir

2021-11-18 11:52:25 - [MESSAGE][PASSED] - Popup email elogotest@gmail.com;ali.kara@logo.com.tr olarak girilir

2021-11-18 11:52:25 - [TEST_STEP][PASSED] - Yönetim popupında Gönder seçilir: Yönetim popupında Gönder seçilir

2021-11-18 11:52:25 - [MESSAGE][PASSED] - Yönetim popupında Gönder seçilir

2021-11-18 11:52:25 - [TEST_STEP][PASSED] - Popup mesajı talebiniz işleme alınmıştır içeriyor mu: Popup mesajı talebiniz işleme alınmıştır içeriyor mu

2021-11-18 11:52:25 - [MESSAGE][PASSED] - Popup mesajı talebiniz işleme alınmıştır içeriyor mu

2021-11-18 11:52:25 - [TEST_STEP][PASSED] - Yönetim popupında Tamam seçilir: Yönetim popupında Tamam seçilir

2021-11-18 11:52:25 - [MESSAGE][PASSED] - Yönetim popupında Tamam seçilir

2021-11-18 11:52:25 - [TEST_STEP][PASSED] - Butonlardan Excel isimli butona tıklanır: Butonlardan Excel isimli butona tıklanır

2021-11-18 11:52:25 - [MESSAGE][PASSED] - Butonlardan Excel isimli butona tıklanır

2021-11-18 11:52:25 - [TEST_STEP][PASSED] - Alt butonlardan Tümünü Excel 'e Aktar butonuna tıklanır: Alt butonlardan Tümünü Excel 'e Aktar butonuna tıklanır

2021-11-18 11:52:25 - [MESSAGE][PASSED] - Alt butonlardan Tümünü Excel 'e Aktar butonuna tıklanır

2021-11-18 11:52:25 - [TEST_STEP][PASSED] - Popup mesajı Lütfen rapor bildiriminin gönderileceği e-posta adresini belirtiniz. içeriyor mu: Popup mesajı Lütfen rapor bildiriminin gönderileceği e-posta adresini belirtiniz. içeriyor mu

2021-11-18 11:52:25 - [MESSAGE][PASSED] - Popup mesajı Lütfen rapor bildiriminin gönderileceği e-posta adresini belirtiniz. içeriyor mu

2021-11-18 11:52:25 - [TEST_STEP][PASSED] - Popup email elogotest@gmail.com;ali.kara@logo.com.tr olarak girilir: Popup email elogotest@gmail.com;ali.kara@logo.com.tr olarak girilir

2021-11-18 11:52:25 - [MESSAGE][PASSED] - Popup email elogotest@gmail.com;ali.kara@logo.com.tr olarak girilir

2021-11-18 11:52:25 - [TEST_STEP][PASSED] - Yönetim popupında Gönder seçilir: Yönetim popupında Gönder seçilir

2021-11-18 11:52:25 - [MESSAGE][PASSED] - Yönetim popupında Gönder seçilir

2021-11-18 11:52:25 - [TEST_STEP][PASSED] - Popup mesajı talebiniz işleme alınmıştır içeriyor mu: Popup mesajı talebiniz işleme alınmıştır içeriyor mu

2021-11-18 11:52:25 - [MESSAGE][PASSED] - Popup mesajı talebiniz işleme alınmıştır içeriyor mu

2021-11-18 11:52:25 - [TEST_STEP][PASSED] - Yönetim popupında Tamam seçilir: Yönetim popupında Tamam seçilir

2021-11-18 11:52:25 - [MESSAGE][PASSED] - Yönetim popupında Tamam seçilir

2021-11-18 11:52:25 - [TEST_STEP][PASSED] - Ana menüden Raporlar seçilir: Ana menüden Raporlar seçilir

2021-11-18 11:52:25 - [MESSAGE][PASSED] - Ana menüden Raporlar seçilir

2021-11-18 11:52:25 - [TEST_STEP][PASSED] - Alt menüden Toplu Veri İndirme seçilir: Alt menüden Toplu Veri İndirme seçilir

2021-11-18 11:52:25 - [MESSAGE][PASSED] - Alt menüden Toplu Veri İndirme seçilir

2021-11-18 11:52:25 - [TEST_STEP][PASSED] - Filtrelerden Talep No filtresine Rapor No bilgisi yaz: Filtrelerden Talep No filtresine Rapor No bilgisi yaz

2021-11-18 11:52:25 - [MESSAGE][PASSED] - Filtrelerden Talep No filtresine Rapor No bilgisi yaz

2021-11-18 11:52:25 - [TEST_STEP][PASSED] - Filtre butonlarından Listele seçilir: Filtre butonlarından Listele seçilir

2021-11-18 11:52:25 - [MESSAGE][PASSED] - Filtre butonlarından Listele seçilir

2021-11-18 11:52:25 - [TEST_STEP][PASSED] - Tabloda veri var mı kontrol edilir: Tabloda veri var mı kontrol edilir

2021-11-18 11:52:25 - [MESSAGE][PASSED] - Tabloda veri var mı kontrol edilir

2021-11-18 11:52:25 - [TEST_STEP][PASSED] - Kullanıcı işlemlerinden Çıkış seçilir: Kullanıcı işlemlerinden Çıkış seçilir

2021-11-18 11:52:25 - [MESSAGE][PASSED] - Kullanıcı işlemlerinden Çıkış seçilir

2021-11-18 11:52:25 - [MESSAGE][PASSED] - Feature file: 'Include/features/e-Makbuz/e-Serbest Meslek Uygulaması/e-Serbest Meslek Makbuz Raporlari/Excele Aktar.feature' was passed

2021-11-18 11:52:25 - [TEST_STEP][PASSED] - Start listener action : sampleAfterTestSuite: Invoke 'com.kms.katalon.core.annotation.AfterTestCase' method: 'Listener.sampleAfterTestSuite(...)' completed.

2021-11-18 11:52:25 - [MESSAGE][INFO] - Starting invoke 'com.kms.katalon.core.annotation.AfterTestCase' method: 'Listener.sampleAfterTestSuite(...)'

2021-11-18 11:52:25 - [TEST_STEP][PASSED] - closeBrowser(): Invoke 'com.kms.katalon.core.annotation.AfterTestCase' method: 'Listener.sampleAfterTestSuite(...)' completed.

2021-11-18 11:52:25 - [MESSAGE][INFO] - Closing browser

2021-11-18 11:52:26 - [MESSAGE][PASSED] - Browser is closed

2021-11-18 11:52:26 - [MESSAGE][INFO] - Invoke 'com.kms.katalon.core.annotation.AfterTestCase' method: 'Listener.sampleAfterTestSuite(...)' completed.]]></system-out>
         <system-err><![CDATA[]]></system-err>
      </testcase>
      <testcase name="Test Cases/Case Repository/e-Makbuz/e-Serbest Meslek Uygulamasi/e-Serbest Meslek Makbuzlari/Excele Aktar" time="56.577" classname="Test Cases/Case Repository/e-Makbuz/e-Serbest Meslek Uygulamasi/e-Serbest Meslek Makbuzlari/Excele Aktar" status="PASSED">
         <system-out><![CDATA[2021-11-18 11:52:26 - [TEST_CASE][PASSED] - Test Cases/Case Repository/e-Makbuz/e-Serbest Meslek Uygulamasi/e-Serbest Meslek Makbuzlari/Excele Aktar: Test Cases/Case Repository/e-Makbuz/e-Serbest Meslek Uygulamasi/e-Serbest Meslek Makbuzlari/Excele Aktar

2021-11-18 11:52:26 - [TEST_STEP][PASSED] - Start listener action : sampleBeforeTestSuite: Invoke 'com.kms.katalon.core.annotation.BeforeTestCase' method: 'Listener.sampleBeforeTestSuite(...)' completed.

2021-11-18 11:52:26 - [MESSAGE][INFO] - Starting invoke 'com.kms.katalon.core.annotation.BeforeTestCase' method: 'Listener.sampleBeforeTestSuite(...)'

2021-11-18 11:52:26 - [TEST_STEP][PASSED] - openBrowser(baseUrl): Browser is opened with url: 'https://efatura-stage.elogo.com.tr/'

2021-11-18 11:52:26 - [MESSAGE][INFO] - Opening browser

2021-11-18 11:52:26 - [MESSAGE][INFO] - Starting 'Chrome' driver

2021-11-18 11:52:26 - [MESSAGE][INFO] - User set preference: ['prefs', '{download.default_directory=C:\otomasyondownfiles}']

2021-11-18 11:52:26 - [MESSAGE][INFO] - Action delay is set to 0 milliseconds

2021-11-18 11:52:28 - [MESSAGE][INFO] - Navigating browser to: 'https://efatura-stage.elogo.com.tr/'

2021-11-18 11:52:30 - [MESSAGE][PASSED] - Browser is opened with url: 'https://efatura-stage.elogo.com.tr/'

2021-11-18 11:52:30 - [TEST_STEP][PASSED] - maximizeWindow(): Invoke 'com.kms.katalon.core.annotation.BeforeTestCase' method: 'Listener.sampleBeforeTestSuite(...)' completed.

2021-11-18 11:52:30 - [MESSAGE][INFO] - Maximizing current window

2021-11-18 11:52:30 - [MESSAGE][PASSED] - Current window maximized

2021-11-18 11:52:30 - [MESSAGE][INFO] - Invoke 'com.kms.katalon.core.annotation.BeforeTestCase' method: 'Listener.sampleBeforeTestSuite(...)' completed.

2021-11-18 11:52:31 - [TEST_STEP][PASSED] - runFeatureFile("Include/features/e-Makbuz/e-Serbest Meslek Uygulaması/e-Serbest Meslek Makbuzlari/Excele Aktar.feature"): Feature file: 'Include/features/e-Makbuz/e-Serbest Meslek Uygulaması/e-Serbest Meslek Makbuzlari/Excele Aktar.feature' was passed

2021-11-18 11:52:31 - [MESSAGE][INFO] - Starting run keyword runFeatureFile: 'Include/features/e-Makbuz/e-Serbest Meslek Uygulaması/e-Serbest Meslek Makbuzlari/Excele Aktar.feature' and extract report to folder: 'C:\Users\DELL\Documents\GitHub\EES_KatalonLogo\Reports\20211118_110909\Suite Repository\ExceleAktarVeTopluIndirme\20211118_110948/cucumber_report/1637225551574'...

2021-11-18 11:52:31 - [MESSAGE][INFO] - Glue: []

2021-11-18 11:52:33 - [MESSAGE][INFO] - Checking called Test Case

2021-11-18 11:52:33 - [MESSAGE][INFO] - Starting to call Test Case 'Test Cases/Sayfalar/Giris_Sayfasi/Login'

2021-11-18 11:52:33 - [TEST_CASE][PASSED] - Test Cases/Sayfalar/Giris_Sayfasi/Login: Test Cases/Sayfalar/Giris_Sayfasi/Login

2021-11-18 11:52:33 - [TEST_STEP][PASSED] - Sayfa_Basligi = getWindowTitle(): Current window's title is: 'LOGO e-Fatura'

2021-11-18 11:52:33 - [MESSAGE][INFO] - Getting current window's title

2021-11-18 11:52:33 - [MESSAGE][PASSED] - Current window's title is: 'LOGO e-Fatura'

2021-11-18 11:52:33 - [TEST_STEP][PASSED] - verifyMatch(Sayfa_Basligi, "LOGO e-Fatura", false): Actual text 'LOGO e-Fatura' and expected text 'LOGO e-Fatura' are matched 

2021-11-18 11:52:33 - [MESSAGE][INFO] - Matching actual text 'LOGO e-Fatura' with expected text 'LOGO e-Fatura'

2021-11-18 11:52:33 - [MESSAGE][PASSED] - Actual text 'LOGO e-Fatura' and expected text 'LOGO e-Fatura' are matched 

2021-11-18 11:52:33 - [TEST_STEP][PASSED] - sendKeys(findTestObject("Sayfalar/Giris_Sayfasi/Firma_Kodu"), KullaniciAdi): Keys 'ELOGO6' sent to object: 'Object Repository/Sayfalar/Giris_Sayfasi/Firma_Kodu'

2021-11-18 11:52:33 - [MESSAGE][INFO] - Finding Test Object 'Object Repository/Sayfalar/Giris_Sayfasi/Firma_Kodu'

2021-11-18 11:52:33 - [MESSAGE][INFO] - Sending keys 'ELOGO6' to object: 'Object Repository/Sayfalar/Giris_Sayfasi/Firma_Kodu'

2021-11-18 11:52:33 - [MESSAGE][INFO] - Finding web element from Test Object's properties

2021-11-18 11:52:33 - [MESSAGE][INFO] - Checking timeout

2021-11-18 11:52:33 - [MESSAGE][INFO] - Finding web element with id: 'Object Repository/Sayfalar/Giris_Sayfasi/Firma_Kodu' located by 'By.xpath: //*[@id = 'AccountName']' in '30' second(s)

2021-11-18 11:52:33 - [MESSAGE][INFO] - Smart Wait Function is triggered

2021-11-18 11:52:33 - [MESSAGE][INFO] - Found 1 web elements with id: 'Object Repository/Sayfalar/Giris_Sayfasi/Firma_Kodu' located by 'By.xpath: //*[@id = 'AccountName']' in '30' second(s)

2021-11-18 11:52:33 - [MESSAGE][PASSED] - Keys 'ELOGO6' sent to object: 'Object Repository/Sayfalar/Giris_Sayfasi/Firma_Kodu'

2021-11-18 11:52:33 - [TEST_STEP][PASSED] - sendKeys(findTestObject("Sayfalar/Giris_Sayfasi/Sifre"), Sifre): Keys '123456' sent to object: 'Object Repository/Sayfalar/Giris_Sayfasi/Sifre'

2021-11-18 11:52:33 - [MESSAGE][INFO] - Finding Test Object 'Object Repository/Sayfalar/Giris_Sayfasi/Sifre'

2021-11-18 11:52:34 - [MESSAGE][INFO] - Sending keys '123456' to object: 'Object Repository/Sayfalar/Giris_Sayfasi/Sifre'

2021-11-18 11:52:34 - [MESSAGE][INFO] - Finding web element from Test Object's properties

2021-11-18 11:52:34 - [MESSAGE][INFO] - Checking timeout

2021-11-18 11:52:34 - [MESSAGE][INFO] - Finding web element with id: 'Object Repository/Sayfalar/Giris_Sayfasi/Sifre' located by 'By.xpath: //*[@id = 'Password']' in '30' second(s)

2021-11-18 11:52:34 - [MESSAGE][INFO] - Smart Wait Function is triggered

2021-11-18 11:52:34 - [MESSAGE][INFO] - Found 1 web elements with id: 'Object Repository/Sayfalar/Giris_Sayfasi/Sifre' located by 'By.xpath: //*[@id = 'Password']' in '30' second(s)

2021-11-18 11:52:34 - [MESSAGE][PASSED] - Keys '123456' sent to object: 'Object Repository/Sayfalar/Giris_Sayfasi/Sifre'

2021-11-18 11:52:34 - [TEST_STEP][PASSED] - findWebElement(findTestObject("Sayfalar/Giris_Sayfasi/Giris_Butonu")).click(): Found 1 web elements with id: 'Object Repository/Sayfalar/Giris_Sayfasi/Giris_Butonu' located by 'By.cssSelector: #btnLogin' in '30' second(s)

2021-11-18 11:52:34 - [MESSAGE][INFO] - Finding Test Object 'Object Repository/Sayfalar/Giris_Sayfasi/Giris_Butonu'

2021-11-18 11:52:34 - [MESSAGE][INFO] - Finding web element from Test Object's properties

2021-11-18 11:52:34 - [MESSAGE][INFO] - Checking timeout

2021-11-18 11:52:34 - [MESSAGE][INFO] - Finding web element with id: 'Object Repository/Sayfalar/Giris_Sayfasi/Giris_Butonu' located by 'By.cssSelector: #btnLogin' in '30' second(s)

2021-11-18 11:52:34 - [MESSAGE][INFO] - Smart Wait Function is triggered

2021-11-18 11:52:34 - [MESSAGE][INFO] - Found 1 web elements with id: 'Object Repository/Sayfalar/Giris_Sayfasi/Giris_Butonu' located by 'By.cssSelector: #btnLogin' in '30' second(s)

2021-11-18 11:52:37 - [TEST_STEP][PASSED] - if (verifyElementPresent(findTestObject("Object Repository/Sayfalar/Giris_Sayfasi/RetveTamam_Butonu"), 5, OPTIONAL)): null

2021-11-18 11:52:37 - [MESSAGE][INFO] - Finding Test Object 'Object Repository/Sayfalar/Giris_Sayfasi/RetveTamam_Butonu'

2021-11-18 11:52:37 - [MESSAGE][INFO] - Checking object

2021-11-18 11:52:37 - [MESSAGE][INFO] - Finding web element from Test Object's properties

2021-11-18 11:52:37 - [MESSAGE][INFO] - Checking timeout

2021-11-18 11:52:37 - [MESSAGE][INFO] - Finding web element with id: 'Object Repository/Sayfalar/Giris_Sayfasi/RetveTamam_Butonu' located by 'By.xpath: //*[@class = 'btn btn-default']' in '5' second(s)

2021-11-18 11:52:37 - [MESSAGE][INFO] - Smart Wait Function is triggered

2021-11-18 11:52:38 - [MESSAGE][INFO] - Found 1 web elements with id: 'Object Repository/Sayfalar/Giris_Sayfasi/RetveTamam_Butonu' located by 'By.xpath: //*[@class = 'btn btn-default']' in '5' second(s)

2021-11-18 11:52:38 - [MESSAGE][PASSED] - Object 'Object Repository/Sayfalar/Giris_Sayfasi/RetveTamam_Butonu' is present

2021-11-18 11:52:38 - [TEST_STEP][PASSED] - click(findTestObject("Object Repository/Sayfalar/Giris_Sayfasi/RetveTamam_Butonu")): Object: 'Object Repository/Sayfalar/Giris_Sayfasi/RetveTamam_Butonu' is clicked on

2021-11-18 11:52:38 - [MESSAGE][INFO] - Finding Test Object 'Object Repository/Sayfalar/Giris_Sayfasi/RetveTamam_Butonu'

2021-11-18 11:52:38 - [MESSAGE][INFO] - Checking object

2021-11-18 11:52:38 - [MESSAGE][INFO] - Finding web element from Test Object's properties

2021-11-18 11:52:38 - [MESSAGE][INFO] - Checking timeout

2021-11-18 11:52:38 - [MESSAGE][INFO] - Finding web element with id: 'Object Repository/Sayfalar/Giris_Sayfasi/RetveTamam_Butonu' located by 'By.xpath: //*[@class = 'btn btn-default']' in '30' second(s)

2021-11-18 11:52:38 - [MESSAGE][INFO] - Smart Wait Function is triggered

2021-11-18 11:52:38 - [MESSAGE][INFO] - Found 1 web elements with id: 'Object Repository/Sayfalar/Giris_Sayfasi/RetveTamam_Butonu' located by 'By.xpath: //*[@class = 'btn btn-default']' in '30' second(s)

2021-11-18 11:52:38 - [MESSAGE][INFO] - Clicking on object: 'Object Repository/Sayfalar/Giris_Sayfasi/RetveTamam_Butonu'

2021-11-18 11:52:38 - [MESSAGE][PASSED] - Object: 'Object Repository/Sayfalar/Giris_Sayfasi/RetveTamam_Butonu' is clicked on

2021-11-18 11:52:38 - [TEST_STEP][PASSED] - click(findTestObject("Object Repository/Sayfalar/Giris_Sayfasi/RetveTamam_Butonu")): Object: 'Object Repository/Sayfalar/Giris_Sayfasi/RetveTamam_Butonu' is clicked on

2021-11-18 11:52:38 - [MESSAGE][INFO] - Finding Test Object 'Object Repository/Sayfalar/Giris_Sayfasi/RetveTamam_Butonu'

2021-11-18 11:52:38 - [MESSAGE][INFO] - Checking object

2021-11-18 11:52:38 - [MESSAGE][INFO] - Finding web element from Test Object's properties

2021-11-18 11:52:38 - [MESSAGE][INFO] - Checking timeout

2021-11-18 11:52:38 - [MESSAGE][INFO] - Finding web element with id: 'Object Repository/Sayfalar/Giris_Sayfasi/RetveTamam_Butonu' located by 'By.xpath: //*[@class = 'btn btn-default']' in '30' second(s)

2021-11-18 11:52:38 - [MESSAGE][INFO] - Smart Wait Function is triggered

2021-11-18 11:52:42 - [MESSAGE][INFO] - Found 1 web elements with id: 'Object Repository/Sayfalar/Giris_Sayfasi/RetveTamam_Butonu' located by 'By.xpath: //*[@class = 'btn btn-default']' in '30' second(s)

2021-11-18 11:52:42 - [MESSAGE][INFO] - Clicking on object: 'Object Repository/Sayfalar/Giris_Sayfasi/RetveTamam_Butonu'

2021-11-18 11:52:43 - [MESSAGE][PASSED] - Object: 'Object Repository/Sayfalar/Giris_Sayfasi/RetveTamam_Butonu' is clicked on

2021-11-18 11:52:43 - [TEST_STEP][PASSED] - if (verifyElementPresent(findTestObject("Sayfalar/Giris_Sayfasi/PopupOK"), 5, OPTIONAL)): null

2021-11-18 11:52:43 - [MESSAGE][INFO] - Finding Test Object 'Object Repository/Sayfalar/Giris_Sayfasi/PopupOK'

2021-11-18 11:52:43 - [MESSAGE][INFO] - Checking object

2021-11-18 11:52:43 - [MESSAGE][INFO] - Finding web element from Test Object's properties

2021-11-18 11:52:43 - [MESSAGE][INFO] - Checking timeout

2021-11-18 11:52:43 - [MESSAGE][INFO] - Finding web element with id: 'Object Repository/Sayfalar/Giris_Sayfasi/PopupOK' located by 'By.cssSelector: .btn.btn-success' in '5' second(s)

2021-11-18 11:52:43 - [MESSAGE][INFO] - Smart Wait Function is triggered

2021-11-18 11:52:43 - [MESSAGE][INFO] - Found 1 web elements with id: 'Object Repository/Sayfalar/Giris_Sayfasi/PopupOK' located by 'By.cssSelector: .btn.btn-success' in '5' second(s)

2021-11-18 11:52:43 - [MESSAGE][PASSED] - Object 'Object Repository/Sayfalar/Giris_Sayfasi/PopupOK' is present

2021-11-18 11:52:43 - [TEST_STEP][PASSED] - click(findTestObject("Object Repository/Sayfalar/Giris_Sayfasi/PopupCarpiGiris")): Object: 'Object Repository/Sayfalar/Giris_Sayfasi/PopupCarpiGiris' is clicked on

2021-11-18 11:52:43 - [MESSAGE][INFO] - Finding Test Object 'Object Repository/Sayfalar/Giris_Sayfasi/PopupCarpiGiris'

2021-11-18 11:52:44 - [MESSAGE][INFO] - Checking object

2021-11-18 11:52:44 - [MESSAGE][INFO] - Finding web element from Test Object's properties

2021-11-18 11:52:44 - [MESSAGE][INFO] - Checking timeout

2021-11-18 11:52:44 - [MESSAGE][INFO] - Finding web element with id: 'Object Repository/Sayfalar/Giris_Sayfasi/PopupCarpiGiris' located by 'By.cssSelector: .bootbox-close-button.close' in '30' second(s)

2021-11-18 11:52:44 - [MESSAGE][INFO] - Smart Wait Function is triggered

2021-11-18 11:52:44 - [MESSAGE][INFO] - Found 1 web elements with id: 'Object Repository/Sayfalar/Giris_Sayfasi/PopupCarpiGiris' located by 'By.cssSelector: .bootbox-close-button.close' in '30' second(s)

2021-11-18 11:52:44 - [MESSAGE][INFO] - Clicking on object: 'Object Repository/Sayfalar/Giris_Sayfasi/PopupCarpiGiris'

2021-11-18 11:52:44 - [MESSAGE][PASSED] - Object: 'Object Repository/Sayfalar/Giris_Sayfasi/PopupCarpiGiris' is clicked on

2021-11-18 11:52:44 - [TEST_STEP][PASSED] - verifyElementVisible(findTestObject("Object Repository/Kullanici_Islemleri/KullaniciIslemleri")): Object 'Object Repository/Kullanici_Islemleri/KullaniciIslemleri' is visible

2021-11-18 11:52:44 - [MESSAGE][INFO] - Finding Test Object 'Object Repository/Kullanici_Islemleri/KullaniciIslemleri'

2021-11-18 11:52:44 - [MESSAGE][INFO] - Checking object

2021-11-18 11:52:44 - [MESSAGE][INFO] - Finding web element from Test Object's properties

2021-11-18 11:52:44 - [MESSAGE][INFO] - Checking timeout

2021-11-18 11:52:44 - [MESSAGE][INFO] - Finding web element with id: 'Object Repository/Kullanici_Islemleri/KullaniciIslemleri' located by 'By.cssSelector: .dropdown>a>img' in '30' second(s)

2021-11-18 11:52:44 - [MESSAGE][INFO] - Smart Wait Function is triggered

2021-11-18 11:52:45 - [MESSAGE][INFO] - Found 1 web elements with id: 'Object Repository/Kullanici_Islemleri/KullaniciIslemleri' located by 'By.cssSelector: .dropdown>a>img' in '30' second(s)

2021-11-18 11:52:45 - [MESSAGE][PASSED] - Object 'Object Repository/Kullanici_Islemleri/KullaniciIslemleri' is visible

2021-11-18 11:52:45 - [MESSAGE][PASSED] - Call Test Case 'Test Cases/Sayfalar/Giris_Sayfasi/Login' successfully

2021-11-18 11:52:45 - [MESSAGE][INFO] - Checking called Test Case

2021-11-18 11:52:45 - [MESSAGE][INFO] - Starting to call Test Case 'Test Cases/Menu/AnaMenuSecimi'

2021-11-18 11:52:45 - [TEST_CASE][PASSED] - Test Cases/Menu/AnaMenuSecimi: Test Cases/Menu/AnaMenuSecimi

2021-11-18 11:52:45 - [TEST_STEP][PASSED] - Method.TextDegerineEsitElementeTikla(findTestObject("Menu/Ana_Menu"), Ana_Menu): Method.TextDegerineEsitElementeTikla is PASSED

2021-11-18 11:52:45 - [MESSAGE][INFO] - Finding Test Object 'Object Repository/Menu/Ana_Menu'

2021-11-18 11:52:45 - [MESSAGE][INFO] - Checking timeout

2021-11-18 11:52:45 - [MESSAGE][INFO] - Finding web element with id: 'Object Repository/Menu/Ana_Menu' located by 'By.xpath: //*[@class = 'dropdown-toggle']' in '10' second(s)

2021-11-18 11:52:45 - [MESSAGE][INFO] - Smart Wait Function is triggered

2021-11-18 11:52:45 - [MESSAGE][INFO] - Found 14 web elements with id: 'Object Repository/Menu/Ana_Menu' located by 'By.xpath: //*[@class = 'dropdown-toggle']' in '10' second(s)

2021-11-18 11:52:45 - [MESSAGE][PASSED] - Method.TextDegerineEsitElementeTikla is PASSED

2021-11-18 11:52:45 - [MESSAGE][PASSED] - Call Test Case 'Test Cases/Menu/AnaMenuSecimi' successfully

2021-11-18 11:52:45 - [MESSAGE][INFO] - Checking called Test Case

2021-11-18 11:52:45 - [MESSAGE][INFO] - Starting to call Test Case 'Test Cases/Menu/BasligaGoreAltMenuSecimi'

2021-11-18 11:52:45 - [TEST_CASE][PASSED] - Test Cases/Menu/BasligaGoreAltMenuSecimi: Test Cases/Menu/BasligaGoreAltMenuSecimi

2021-11-18 11:52:45 - [TEST_STEP][PASSED] - Method.TextDegerineEsitElementinAltindakiTextDegerineEsitOlanaTikla(findTestObject("Menu/Menu_Basligi"), findTestObject("Menu/Basliga_Gore_Alt_Menu"), Baslik, Alt_Menu): Method.TextDegerineEsitElementinAltindakiTextDegerineEsitOlanaTikla is PASSED

2021-11-18 11:52:45 - [MESSAGE][INFO] - Finding Test Object 'Object Repository/Menu/Menu_Basligi'

2021-11-18 11:52:45 - [MESSAGE][INFO] - Finding Test Object 'Object Repository/Menu/Basliga_Gore_Alt_Menu'

2021-11-18 11:52:46 - [MESSAGE][INFO] - Checking timeout

2021-11-18 11:52:46 - [MESSAGE][INFO] - Finding web element with id: 'Object Repository/Menu/Menu_Basligi' located by 'By.xpath: //li[@class='dropdown dropdown-large open']//li[@class='dropdown-header']' in '10' second(s)

2021-11-18 11:52:46 - [MESSAGE][INFO] - Smart Wait Function is triggered

2021-11-18 11:52:46 - [MESSAGE][INFO] - Found 2 web elements with id: 'Object Repository/Menu/Menu_Basligi' located by 'By.xpath: //li[@class='dropdown dropdown-large open']//li[@class='dropdown-header']' in '10' second(s)

2021-11-18 11:52:46 - [MESSAGE][INFO] - Smart Wait Function is triggered

2021-11-18 11:52:48 - [MESSAGE][PASSED] - Method.TextDegerineEsitElementinAltindakiTextDegerineEsitOlanaTikla is PASSED

2021-11-18 11:52:48 - [MESSAGE][PASSED] - Call Test Case 'Test Cases/Menu/BasligaGoreAltMenuSecimi' successfully

2021-11-18 11:52:48 - [MESSAGE][INFO] - Checking called Test Case

2021-11-18 11:52:48 - [MESSAGE][INFO] - Starting to call Test Case 'Test Cases/Filtreler/BaslangicYaz'

2021-11-18 11:52:48 - [TEST_CASE][PASSED] - Test Cases/Filtreler/BaslangicYaz: Test Cases/Filtreler/BaslangicYaz

2021-11-18 11:52:48 - [TEST_STEP][PASSED] - delay(3): Delayed 3 second(s)

2021-11-18 11:52:48 - [MESSAGE][INFO] - Delaying browser in 3 second(s)

2021-11-18 11:52:51 - [MESSAGE][PASSED] - Delayed 3 second(s)

2021-11-18 11:52:51 - [TEST_STEP][PASSED] - Method.TextDegerineEsitElementinAltindakineTikla(findTestObject("Filtreler/Basliklar"), findTestObject("Filtreler/Basliga_Gore_Baslangic_Image"), Filtre_Adi): Method.TextDegerineEsitElementinAltindakineTikla is PASSED

2021-11-18 11:52:51 - [MESSAGE][INFO] - Finding Test Object 'Object Repository/Filtreler/Basliklar'

2021-11-18 11:52:51 - [MESSAGE][INFO] - Finding Test Object 'Object Repository/Filtreler/Basliga_Gore_Baslangic_Image'

2021-11-18 11:52:51 - [MESSAGE][INFO] - Checking timeout

2021-11-18 11:52:51 - [MESSAGE][INFO] - Finding web element with id: 'Object Repository/Filtreler/Basliklar' located by 'By.cssSelector: .control-label.col-sm-4.paddingMarginRLC' in '10' second(s)

2021-11-18 11:52:51 - [MESSAGE][INFO] - Smart Wait Function is triggered

2021-11-18 11:52:52 - [MESSAGE][INFO] - Found 13 web elements with id: 'Object Repository/Filtreler/Basliklar' located by 'By.cssSelector: .control-label.col-sm-4.paddingMarginRLC' in '10' second(s)

2021-11-18 11:52:52 - [MESSAGE][INFO] - Smart Wait Function is triggered

2021-11-18 11:52:52 - [MESSAGE][PASSED] - Method.TextDegerineEsitElementinAltindakineTikla is PASSED

2021-11-18 11:52:52 - [TEST_STEP][PASSED] - Method.TextDegerineEsitElementinAltindakiTextboxtaYaz(findTestObject("Filtreler/Basliklar"), findTestObject("Filtreler/Basliga_Gore_Baslangic"), Filtre_Adi, Filtre_Degeri): Method.TextDegerineEsitElementinAltindakiTextboxtaYaz is PASSED

2021-11-18 11:52:52 - [MESSAGE][INFO] - Finding Test Object 'Object Repository/Filtreler/Basliklar'

2021-11-18 11:52:52 - [MESSAGE][INFO] - Finding Test Object 'Object Repository/Filtreler/Basliga_Gore_Baslangic'

2021-11-18 11:52:52 - [MESSAGE][INFO] - Checking timeout

2021-11-18 11:52:52 - [MESSAGE][INFO] - Finding web element with id: 'Object Repository/Filtreler/Basliklar' located by 'By.cssSelector: .control-label.col-sm-4.paddingMarginRLC' in '10' second(s)

2021-11-18 11:52:52 - [MESSAGE][INFO] - Smart Wait Function is triggered

2021-11-18 11:52:52 - [MESSAGE][INFO] - Found 13 web elements with id: 'Object Repository/Filtreler/Basliklar' located by 'By.cssSelector: .control-label.col-sm-4.paddingMarginRLC' in '10' second(s)

2021-11-18 11:52:52 - [MESSAGE][INFO] - Smart Wait Function is triggered

2021-11-18 11:52:53 - [MESSAGE][PASSED] - Method.TextDegerineEsitElementinAltindakiTextboxtaYaz is PASSED

2021-11-18 11:52:53 - [MESSAGE][PASSED] - Call Test Case 'Test Cases/Filtreler/BaslangicYaz' successfully

2021-11-18 11:52:53 - [MESSAGE][INFO] - Checking called Test Case

2021-11-18 11:52:53 - [MESSAGE][INFO] - Starting to call Test Case 'Test Cases/Filtreler/BitisYaz'

2021-11-18 11:52:53 - [TEST_CASE][PASSED] - Test Cases/Filtreler/BitisYaz: Test Cases/Filtreler/BitisYaz

2021-11-18 11:52:53 - [TEST_STEP][PASSED] - Method.TextDegerineEsitElementinAltindakineTikla(findTestObject("Filtreler/Basliklar"), findTestObject("Filtreler/Basliga_Gore_Bitis_Image"), Filtre_Adi): Method.TextDegerineEsitElementinAltindakineTikla is PASSED

2021-11-18 11:52:53 - [MESSAGE][INFO] - Finding Test Object 'Object Repository/Filtreler/Basliklar'

2021-11-18 11:52:53 - [MESSAGE][INFO] - Finding Test Object 'Object Repository/Filtreler/Basliga_Gore_Bitis_Image'

2021-11-18 11:52:53 - [MESSAGE][INFO] - Checking timeout

2021-11-18 11:52:53 - [MESSAGE][INFO] - Finding web element with id: 'Object Repository/Filtreler/Basliklar' located by 'By.cssSelector: .control-label.col-sm-4.paddingMarginRLC' in '10' second(s)

2021-11-18 11:52:53 - [MESSAGE][INFO] - Smart Wait Function is triggered

2021-11-18 11:52:53 - [MESSAGE][INFO] - Found 13 web elements with id: 'Object Repository/Filtreler/Basliklar' located by 'By.cssSelector: .control-label.col-sm-4.paddingMarginRLC' in '10' second(s)

2021-11-18 11:52:53 - [MESSAGE][INFO] - Smart Wait Function is triggered

2021-11-18 11:52:54 - [MESSAGE][PASSED] - Method.TextDegerineEsitElementinAltindakineTikla is PASSED

2021-11-18 11:52:54 - [TEST_STEP][PASSED] - Method.TextDegerineEsitElementinAltindakiTextboxtaYaz(findTestObject("Filtreler/Basliklar"), findTestObject("Object Repository/Filtreler/Basliga_Gore_Bitis"), Filtre_Adi, Filtre_Degeri): Method.TextDegerineEsitElementinAltindakiTextboxtaYaz is PASSED

2021-11-18 11:52:54 - [MESSAGE][INFO] - Finding Test Object 'Object Repository/Filtreler/Basliklar'

2021-11-18 11:52:54 - [MESSAGE][INFO] - Finding Test Object 'Object Repository/Filtreler/Basliga_Gore_Bitis'

2021-11-18 11:52:54 - [MESSAGE][INFO] - Checking timeout

2021-11-18 11:52:54 - [MESSAGE][INFO] - Finding web element with id: 'Object Repository/Filtreler/Basliklar' located by 'By.cssSelector: .control-label.col-sm-4.paddingMarginRLC' in '10' second(s)

2021-11-18 11:52:54 - [MESSAGE][INFO] - Smart Wait Function is triggered

2021-11-18 11:52:54 - [MESSAGE][INFO] - Found 13 web elements with id: 'Object Repository/Filtreler/Basliklar' located by 'By.cssSelector: .control-label.col-sm-4.paddingMarginRLC' in '10' second(s)

2021-11-18 11:52:54 - [MESSAGE][INFO] - Smart Wait Function is triggered

2021-11-18 11:52:55 - [MESSAGE][PASSED] - Method.TextDegerineEsitElementinAltindakiTextboxtaYaz is PASSED

2021-11-18 11:52:55 - [MESSAGE][PASSED] - Call Test Case 'Test Cases/Filtreler/BitisYaz' successfully

2021-11-18 11:52:55 - [MESSAGE][INFO] - Checking called Test Case

2021-11-18 11:52:55 - [MESSAGE][INFO] - Starting to call Test Case 'Test Cases/Filtreler/TexboxaYaz'

2021-11-18 11:52:55 - [TEST_CASE][PASSED] - Test Cases/Filtreler/TexboxaYaz: Test Cases/Filtreler/TexboxaYaz

2021-11-18 11:52:55 - [TEST_STEP][PASSED] - Method.TextDegerineEsitElementinAltindakiTextboxtaYaz(findTestObject("Filtreler/Basliklar"), findTestObject("Filtreler/Basliga_Gore_Textbox"), Filtre_Adi, Filtre_Degeri): Method.TextDegerineEsitElementinAltindakiTextboxtaYaz is PASSED

2021-11-18 11:52:55 - [MESSAGE][INFO] - Finding Test Object 'Object Repository/Filtreler/Basliklar'

2021-11-18 11:52:55 - [MESSAGE][INFO] - Finding Test Object 'Object Repository/Filtreler/Basliga_Gore_Textbox'

2021-11-18 11:52:55 - [MESSAGE][INFO] - Checking timeout

2021-11-18 11:52:55 - [MESSAGE][INFO] - Finding web element with id: 'Object Repository/Filtreler/Basliklar' located by 'By.cssSelector: .control-label.col-sm-4.paddingMarginRLC' in '10' second(s)

2021-11-18 11:52:55 - [MESSAGE][INFO] - Smart Wait Function is triggered

2021-11-18 11:52:56 - [MESSAGE][INFO] - Found 13 web elements with id: 'Object Repository/Filtreler/Basliklar' located by 'By.cssSelector: .control-label.col-sm-4.paddingMarginRLC' in '10' second(s)

2021-11-18 11:52:56 - [MESSAGE][INFO] - Smart Wait Function is triggered

2021-11-18 11:52:56 - [MESSAGE][PASSED] - Method.TextDegerineEsitElementinAltindakiTextboxtaYaz is PASSED

2021-11-18 11:52:56 - [MESSAGE][PASSED] - Call Test Case 'Test Cases/Filtreler/TexboxaYaz' successfully

2021-11-18 11:52:56 - [MESSAGE][INFO] - Checking called Test Case

2021-11-18 11:52:56 - [MESSAGE][INFO] - Starting to call Test Case 'Test Cases/Filtreler/ButonaTikla'

2021-11-18 11:52:56 - [TEST_CASE][PASSED] - Test Cases/Filtreler/ButonaTikla: Test Cases/Filtreler/ButonaTikla

2021-11-18 11:52:56 - [TEST_STEP][PASSED] - Method.TextDegerineEsitElementeTikla(findTestObject("Filtreler/Butonlar"), Filtre_Buton): Method.TextDegerineEsitElementeTikla is PASSED

2021-11-18 11:52:56 - [MESSAGE][INFO] - Finding Test Object 'Object Repository/Filtreler/Butonlar'

2021-11-18 11:52:57 - [MESSAGE][INFO] - Checking timeout

2021-11-18 11:52:57 - [MESSAGE][INFO] - Finding web element with id: 'Object Repository/Filtreler/Butonlar' located by 'By.cssSelector: .dxb>span' in '10' second(s)

2021-11-18 11:52:57 - [MESSAGE][INFO] - Smart Wait Function is triggered

2021-11-18 11:52:57 - [MESSAGE][INFO] - Found 3 web elements with id: 'Object Repository/Filtreler/Butonlar' located by 'By.cssSelector: .dxb>span' in '10' second(s)

2021-11-18 11:52:57 - [MESSAGE][PASSED] - Method.TextDegerineEsitElementeTikla is PASSED

2021-11-18 11:52:57 - [MESSAGE][PASSED] - Call Test Case 'Test Cases/Filtreler/ButonaTikla' successfully

2021-11-18 11:52:57 - [MESSAGE][INFO] - Checking called Test Case

2021-11-18 11:52:57 - [MESSAGE][INFO] - Starting to call Test Case 'Test Cases/Tablo/TablodaVeriVarMi'

2021-11-18 11:52:57 - [TEST_CASE][PASSED] - Test Cases/Tablo/TablodaVeriVarMi: Test Cases/Tablo/TablodaVeriVarMi

2021-11-18 11:52:57 - [TEST_STEP][PASSED] - verifyTextNotPresent("Görüntülenecek veri yok", true): Text 'Görüntülenecek veri yok' is not present on page using regular expression

2021-11-18 11:52:57 - [MESSAGE][INFO] - Checking text present  using regular expression

2021-11-18 11:52:57 - [MESSAGE][INFO] - Smart Wait Function is triggered

2021-11-18 11:52:58 - [MESSAGE][INFO] - Finding text 'Görüntülenecek veri yok' on page  using regular expression

2021-11-18 11:52:58 - [MESSAGE][PASSED] - Text 'Görüntülenecek veri yok' is not present on page using regular expression

2021-11-18 11:52:58 - [MESSAGE][PASSED] - Call Test Case 'Test Cases/Tablo/TablodaVeriVarMi' successfully

2021-11-18 11:52:58 - [MESSAGE][INFO] - Checking called Test Case

2021-11-18 11:52:58 - [MESSAGE][INFO] - Starting to call Test Case 'Test Cases/Tablo/TablodanVeriSec'

2021-11-18 11:52:58 - [TEST_CASE][PASSED] - Test Cases/Tablo/TablodanVeriSec: Test Cases/Tablo/TablodanVeriSec

2021-11-18 11:52:58 - [TEST_STEP][PASSED] - Method.TextDegerineEsitElementinAltindakineTikla(findTestObject("Tablo/Veriler"), findTestObject("Tablo/VerininCheckBoxi"), Veri_Adi): Method.TextDegerineEsitElementinAltindakineTikla is PASSED

2021-11-18 11:52:58 - [MESSAGE][INFO] - Finding Test Object 'Object Repository/Tablo/Veriler'

2021-11-18 11:52:58 - [MESSAGE][INFO] - Finding Test Object 'Object Repository/Tablo/VerininCheckBoxi'

2021-11-18 11:52:58 - [MESSAGE][INFO] - Checking timeout

2021-11-18 11:52:58 - [MESSAGE][INFO] - Finding web element with id: 'Object Repository/Tablo/Veriler' located by 'By.cssSelector: td.dxgv b ,td.dxgv' in '10' second(s)

2021-11-18 11:52:58 - [MESSAGE][INFO] - Smart Wait Function is triggered

2021-11-18 11:52:59 - [MESSAGE][INFO] - Found 26 web elements with id: 'Object Repository/Tablo/Veriler' located by 'By.cssSelector: td.dxgv b ,td.dxgv' in '10' second(s)

2021-11-18 11:52:59 - [MESSAGE][INFO] - Smart Wait Function is triggered

2021-11-18 11:52:59 - [MESSAGE][PASSED] - Method.TextDegerineEsitElementinAltindakineTikla is PASSED

2021-11-18 11:52:59 - [MESSAGE][PASSED] - Call Test Case 'Test Cases/Tablo/TablodanVeriSec' successfully

2021-11-18 11:52:59 - [MESSAGE][INFO] - Checking called Test Case

2021-11-18 11:52:59 - [MESSAGE][INFO] - Starting to call Test Case 'Test Cases/Butonlar/ButonaTikla'

2021-11-18 11:52:59 - [TEST_CASE][PASSED] - Test Cases/Butonlar/ButonaTikla: Test Cases/Butonlar/ButonaTikla

2021-11-18 11:52:59 - [TEST_STEP][PASSED] - Method.TextDegerineEsitElementeTiklaEquals(findTestObject("Butonlar/Butonlar"), Buton_Adi): Method.TextDegerineEsitElementeTiklaEquals is PASSED

2021-11-18 11:52:59 - [MESSAGE][INFO] - Finding Test Object 'Object Repository/Butonlar/Butonlar'

2021-11-18 11:52:59 - [MESSAGE][INFO] - Checking timeout

2021-11-18 11:52:59 - [MESSAGE][INFO] - Finding web element with id: 'Object Repository/Butonlar/Butonlar' located by 'By.cssSelector: .panel.panel-default.text-center.footerPanel .btn,.btn.btn-primary.btnControls' in '10' second(s)

2021-11-18 11:52:59 - [MESSAGE][INFO] - Smart Wait Function is triggered

2021-11-18 11:53:00 - [MESSAGE][INFO] - Found 11 web elements with id: 'Object Repository/Butonlar/Butonlar' located by 'By.cssSelector: .panel.panel-default.text-center.footerPanel .btn,.btn.btn-primary.btnControls' in '10' second(s)

2021-11-18 11:53:00 - [MESSAGE][PASSED] - Method.TextDegerineEsitElementeTiklaEquals is PASSED

2021-11-18 11:53:00 - [MESSAGE][PASSED] - Call Test Case 'Test Cases/Butonlar/ButonaTikla' successfully

2021-11-18 11:53:00 - [MESSAGE][INFO] - Checking called Test Case

2021-11-18 11:53:00 - [MESSAGE][INFO] - Starting to call Test Case 'Test Cases/Butonlar/AltButonaTikla'

2021-11-18 11:53:00 - [TEST_CASE][PASSED] - Test Cases/Butonlar/AltButonaTikla: Test Cases/Butonlar/AltButonaTikla

2021-11-18 11:53:00 - [TEST_STEP][PASSED] - Method.TextDegerineEsitElementeTikla(findTestObject("Butonlar/AltButonlar"), Alt_Buton): Method.TextDegerineEsitElementeTikla is PASSED

2021-11-18 11:53:00 - [MESSAGE][INFO] - Finding Test Object 'Object Repository/Butonlar/AltButonlar'

2021-11-18 11:53:00 - [MESSAGE][INFO] - Checking timeout

2021-11-18 11:53:00 - [MESSAGE][INFO] - Finding web element with id: 'Object Repository/Butonlar/AltButonlar' located by 'By.cssSelector: .btn-group.open li>a' in '10' second(s)

2021-11-18 11:53:00 - [MESSAGE][INFO] - Smart Wait Function is triggered

2021-11-18 11:53:00 - [MESSAGE][INFO] - Found 2 web elements with id: 'Object Repository/Butonlar/AltButonlar' located by 'By.cssSelector: .btn-group.open li>a' in '10' second(s)

2021-11-18 11:53:00 - [MESSAGE][PASSED] - Method.TextDegerineEsitElementeTikla is PASSED

2021-11-18 11:53:00 - [MESSAGE][PASSED] - Call Test Case 'Test Cases/Butonlar/AltButonaTikla' successfully

2021-11-18 11:53:00 - [MESSAGE][INFO] - Checking called Test Case

2021-11-18 11:53:00 - [MESSAGE][INFO] - Starting to call Test Case 'Test Cases/Popup/PopupMesajiIceriyorMu'

2021-11-18 11:53:00 - [TEST_CASE][PASSED] - Test Cases/Popup/PopupMesajiIceriyorMu: Test Cases/Popup/PopupMesajiIceriyorMu

2021-11-18 11:53:00 - [TEST_STEP][PASSED] - waitForElementVisible(findTestObject("Popup/Popup"), 10): Object 'Object Repository/Popup/Popup' is visible

2021-11-18 11:53:00 - [MESSAGE][INFO] - Finding Test Object 'Object Repository/Popup/Popup'

2021-11-18 11:53:01 - [MESSAGE][INFO] - Checking object

2021-11-18 11:53:01 - [MESSAGE][INFO] - Checking timeout

2021-11-18 11:53:01 - [MESSAGE][INFO] - Finding web element from Test Object's properties

2021-11-18 11:53:01 - [MESSAGE][INFO] - Checking timeout

2021-11-18 11:53:01 - [MESSAGE][INFO] - Finding web element with id: 'Object Repository/Popup/Popup' located by 'By.cssSelector: .bootbox-body' in '10' second(s)

2021-11-18 11:53:01 - [MESSAGE][INFO] - Smart Wait Function is triggered

2021-11-18 11:53:01 - [MESSAGE][INFO] - Found 1 web elements with id: 'Object Repository/Popup/Popup' located by 'By.cssSelector: .bootbox-body' in '10' second(s)

2021-11-18 11:53:01 - [MESSAGE][PASSED] - Object 'Object Repository/Popup/Popup' is visible

2021-11-18 11:53:01 - [TEST_STEP][PASSED] - if (!(getText(findTestObject("Popup/Popup")).contains(Mesaj))): Text of object 'Object Repository/Popup/Popup' is: 'Lütfen rapor bildiriminin gönderileceği e-posta adresini belirtiniz.
e-Posta Adresi'

2021-11-18 11:53:01 - [MESSAGE][INFO] - Finding Test Object 'Object Repository/Popup/Popup'

2021-11-18 11:53:02 - [MESSAGE][INFO] - Checking object

2021-11-18 11:53:02 - [MESSAGE][INFO] - Finding web element from Test Object's properties

2021-11-18 11:53:02 - [MESSAGE][INFO] - Checking timeout

2021-11-18 11:53:02 - [MESSAGE][INFO] - Finding web element with id: 'Object Repository/Popup/Popup' located by 'By.cssSelector: .bootbox-body' in '30' second(s)

2021-11-18 11:53:02 - [MESSAGE][INFO] - Smart Wait Function is triggered

2021-11-18 11:53:02 - [MESSAGE][INFO] - Found 1 web elements with id: 'Object Repository/Popup/Popup' located by 'By.cssSelector: .bootbox-body' in '30' second(s)

2021-11-18 11:53:02 - [MESSAGE][INFO] - Getting text of object 'Object Repository/Popup/Popup'

2021-11-18 11:53:02 - [MESSAGE][PASSED] - Text of object 'Object Repository/Popup/Popup' is: 'Lütfen rapor bildiriminin gönderileceği e-posta adresini belirtiniz.
e-Posta Adresi'

2021-11-18 11:53:02 - [TEST_STEP][PASSED] - RaporNo = getText(findTestObject("Popup/Popup")).substring(0, 6): Text of object 'Object Repository/Popup/Popup' is: 'Lütfen rapor bildiriminin gönderileceği e-posta adresini belirtiniz.
e-Posta Adresi'

2021-11-18 11:53:02 - [MESSAGE][INFO] - Finding Test Object 'Object Repository/Popup/Popup'

2021-11-18 11:53:02 - [MESSAGE][INFO] - Checking object

2021-11-18 11:53:02 - [MESSAGE][INFO] - Finding web element from Test Object's properties

2021-11-18 11:53:02 - [MESSAGE][INFO] - Checking timeout

2021-11-18 11:53:02 - [MESSAGE][INFO] - Finding web element with id: 'Object Repository/Popup/Popup' located by 'By.cssSelector: .bootbox-body' in '30' second(s)

2021-11-18 11:53:02 - [MESSAGE][INFO] - Smart Wait Function is triggered

2021-11-18 11:53:02 - [MESSAGE][INFO] - Found 1 web elements with id: 'Object Repository/Popup/Popup' located by 'By.cssSelector: .bootbox-body' in '30' second(s)

2021-11-18 11:53:02 - [MESSAGE][INFO] - Getting text of object 'Object Repository/Popup/Popup'

2021-11-18 11:53:02 - [MESSAGE][PASSED] - Text of object 'Object Repository/Popup/Popup' is: 'Lütfen rapor bildiriminin gönderileceği e-posta adresini belirtiniz.
e-Posta Adresi'

2021-11-18 11:53:02 - [TEST_STEP][PASSED] - Console.println(RaporNo): null

2021-11-18 11:53:02 - [MESSAGE][PASSED] - Call Test Case 'Test Cases/Popup/PopupMesajiIceriyorMu' successfully

2021-11-18 11:53:02 - [MESSAGE][INFO] - Checking called Test Case

2021-11-18 11:53:02 - [MESSAGE][INFO] - Starting to call Test Case 'Test Cases/Popup/PopupaEmailEklenir'

2021-11-18 11:53:02 - [TEST_CASE][PASSED] - Test Cases/Popup/PopupaEmailEklenir: Test Cases/Popup/PopupaEmailEklenir

2021-11-18 11:53:02 - [TEST_STEP][PASSED] - clearText(findTestObject("Popup/EmailText")): Text of object 'Object Repository/Popup/EmailText' is cleared

2021-11-18 11:53:02 - [MESSAGE][INFO] - Finding Test Object 'Object Repository/Popup/EmailText'

2021-11-18 11:53:02 - [MESSAGE][INFO] - Checking object

2021-11-18 11:53:02 - [MESSAGE][INFO] - Finding web element from Test Object's properties

2021-11-18 11:53:02 - [MESSAGE][INFO] - Checking timeout

2021-11-18 11:53:02 - [MESSAGE][INFO] - Finding web element with id: 'Object Repository/Popup/EmailText' located by 'By.xpath: //*[@id="eMails"]' in '30' second(s)

2021-11-18 11:53:02 - [MESSAGE][INFO] - Smart Wait Function is triggered

2021-11-18 11:53:03 - [MESSAGE][INFO] - Found 1 web elements with id: 'Object Repository/Popup/EmailText' located by 'By.xpath: //*[@id="eMails"]' in '30' second(s)

2021-11-18 11:53:03 - [MESSAGE][INFO] - Clearing text of object 'Object Repository/Popup/EmailText'

2021-11-18 11:53:03 - [MESSAGE][PASSED] - Text of object 'Object Repository/Popup/EmailText' is cleared

2021-11-18 11:53:03 - [TEST_STEP][PASSED] - sendKeys(findTestObject("Popup/EmailText"), Email): Keys 'elogotest@gmail.com;ali.kara@logo.com.tr' sent to object: 'Object Repository/Popup/EmailText'

2021-11-18 11:53:03 - [MESSAGE][INFO] - Finding Test Object 'Object Repository/Popup/EmailText'

2021-11-18 11:53:03 - [MESSAGE][INFO] - Sending keys 'elogotest@gmail.com;ali.kara@logo.com.tr' to object: 'Object Repository/Popup/EmailText'

2021-11-18 11:53:03 - [MESSAGE][INFO] - Finding web element from Test Object's properties

2021-11-18 11:53:03 - [MESSAGE][INFO] - Checking timeout

2021-11-18 11:53:03 - [MESSAGE][INFO] - Finding web element with id: 'Object Repository/Popup/EmailText' located by 'By.xpath: //*[@id="eMails"]' in '30' second(s)

2021-11-18 11:53:03 - [MESSAGE][INFO] - Smart Wait Function is triggered

2021-11-18 11:53:03 - [MESSAGE][INFO] - Found 1 web elements with id: 'Object Repository/Popup/EmailText' located by 'By.xpath: //*[@id="eMails"]' in '30' second(s)

2021-11-18 11:53:03 - [MESSAGE][PASSED] - Keys 'elogotest@gmail.com;ali.kara@logo.com.tr' sent to object: 'Object Repository/Popup/EmailText'

2021-11-18 11:53:03 - [MESSAGE][PASSED] - Call Test Case 'Test Cases/Popup/PopupaEmailEklenir' successfully

2021-11-18 11:53:03 - [MESSAGE][INFO] - Checking called Test Case

2021-11-18 11:53:03 - [MESSAGE][INFO] - Starting to call Test Case 'Test Cases/Popup/PopupButonSecilir'

2021-11-18 11:53:03 - [TEST_CASE][PASSED] - Test Cases/Popup/PopupButonSecilir: Test Cases/Popup/PopupButonSecilir

2021-11-18 11:53:03 - [TEST_STEP][PASSED] - Method.TextDegerineEsitElementeTikla(findTestObject("Popup/Popup_Butons"), Buton): Method.TextDegerineEsitElementeTikla is PASSED

2021-11-18 11:53:03 - [MESSAGE][INFO] - Finding Test Object 'Object Repository/Popup/Popup_Butons'

2021-11-18 11:53:04 - [MESSAGE][INFO] - Checking timeout

2021-11-18 11:53:04 - [MESSAGE][INFO] - Finding web element with id: 'Object Repository/Popup/Popup_Butons' located by 'By.cssSelector: .modal-footer>button' in '10' second(s)

2021-11-18 11:53:04 - [MESSAGE][INFO] - Smart Wait Function is triggered

2021-11-18 11:53:04 - [MESSAGE][INFO] - Found 2 web elements with id: 'Object Repository/Popup/Popup_Butons' located by 'By.cssSelector: .modal-footer>button' in '10' second(s)

2021-11-18 11:53:04 - [MESSAGE][PASSED] - Method.TextDegerineEsitElementeTikla is PASSED

2021-11-18 11:53:04 - [MESSAGE][PASSED] - Call Test Case 'Test Cases/Popup/PopupButonSecilir' successfully

2021-11-18 11:53:04 - [MESSAGE][INFO] - Checking called Test Case

2021-11-18 11:53:04 - [MESSAGE][INFO] - Starting to call Test Case 'Test Cases/Popup/PopupMesajiIceriyorMu'

2021-11-18 11:53:04 - [TEST_CASE][PASSED] - Test Cases/Popup/PopupMesajiIceriyorMu: Test Cases/Popup/PopupMesajiIceriyorMu

2021-11-18 11:53:04 - [TEST_STEP][PASSED] - waitForElementVisible(findTestObject("Popup/Popup"), 10): Object 'Object Repository/Popup/Popup' is visible

2021-11-18 11:53:04 - [MESSAGE][INFO] - Finding Test Object 'Object Repository/Popup/Popup'

2021-11-18 11:53:04 - [MESSAGE][INFO] - Checking object

2021-11-18 11:53:04 - [MESSAGE][INFO] - Checking timeout

2021-11-18 11:53:04 - [MESSAGE][INFO] - Finding web element from Test Object's properties

2021-11-18 11:53:04 - [MESSAGE][INFO] - Checking timeout

2021-11-18 11:53:04 - [MESSAGE][INFO] - Finding web element with id: 'Object Repository/Popup/Popup' located by 'By.cssSelector: .bootbox-body' in '10' second(s)

2021-11-18 11:53:04 - [MESSAGE][INFO] - Smart Wait Function is triggered

2021-11-18 11:53:05 - [MESSAGE][INFO] - Found 1 web elements with id: 'Object Repository/Popup/Popup' located by 'By.cssSelector: .bootbox-body' in '10' second(s)

2021-11-18 11:53:05 - [MESSAGE][PASSED] - Object 'Object Repository/Popup/Popup' is visible

2021-11-18 11:53:05 - [TEST_STEP][PASSED] - if (!(getText(findTestObject("Popup/Popup")).contains(Mesaj))): Text of object 'Object Repository/Popup/Popup' is: '17424 no’lu talebiniz işleme alınmıştır. Raporunuz hazırlandığında (elogotest@gmail.com;ali.kara@logo.com.tr) adresinize mail gönderilecektir.
Rapor durumunuzu Raporlar > Toplu Veri İndirme ekranından takip edebilir, hazırlandı durumundaki raporlarınızı ilgili menüden indirebilirsiniz.'

2021-11-18 11:53:05 - [MESSAGE][INFO] - Finding Test Object 'Object Repository/Popup/Popup'

2021-11-18 11:53:05 - [MESSAGE][INFO] - Checking object

2021-11-18 11:53:05 - [MESSAGE][INFO] - Finding web element from Test Object's properties

2021-11-18 11:53:05 - [MESSAGE][INFO] - Checking timeout

2021-11-18 11:53:05 - [MESSAGE][INFO] - Finding web element with id: 'Object Repository/Popup/Popup' located by 'By.cssSelector: .bootbox-body' in '30' second(s)

2021-11-18 11:53:05 - [MESSAGE][INFO] - Smart Wait Function is triggered

2021-11-18 11:53:05 - [MESSAGE][INFO] - Found 1 web elements with id: 'Object Repository/Popup/Popup' located by 'By.cssSelector: .bootbox-body' in '30' second(s)

2021-11-18 11:53:05 - [MESSAGE][INFO] - Getting text of object 'Object Repository/Popup/Popup'

2021-11-18 11:53:05 - [MESSAGE][PASSED] - Text of object 'Object Repository/Popup/Popup' is: '17424 no’lu talebiniz işleme alınmıştır. Raporunuz hazırlandığında (elogotest@gmail.com;ali.kara@logo.com.tr) adresinize mail gönderilecektir.
Rapor durumunuzu Raporlar > Toplu Veri İndirme ekranından takip edebilir, hazırlandı durumundaki raporlarınızı ilgili menüden indirebilirsiniz.'

2021-11-18 11:53:05 - [TEST_STEP][PASSED] - RaporNo = getText(findTestObject("Popup/Popup")).substring(0, 6): Text of object 'Object Repository/Popup/Popup' is: '17424 no’lu talebiniz işleme alınmıştır. Raporunuz hazırlandığında (elogotest@gmail.com;ali.kara@logo.com.tr) adresinize mail gönderilecektir.
Rapor durumunuzu Raporlar > Toplu Veri İndirme ekranından takip edebilir, hazırlandı durumundaki raporlarınızı ilgili menüden indirebilirsiniz.'

2021-11-18 11:53:05 - [MESSAGE][INFO] - Finding Test Object 'Object Repository/Popup/Popup'

2021-11-18 11:53:05 - [MESSAGE][INFO] - Checking object

2021-11-18 11:53:05 - [MESSAGE][INFO] - Finding web element from Test Object's properties

2021-11-18 11:53:06 - [MESSAGE][INFO] - Checking timeout

2021-11-18 11:53:06 - [MESSAGE][INFO] - Finding web element with id: 'Object Repository/Popup/Popup' located by 'By.cssSelector: .bootbox-body' in '30' second(s)

2021-11-18 11:53:06 - [MESSAGE][INFO] - Smart Wait Function is triggered

2021-11-18 11:53:06 - [MESSAGE][INFO] - Found 1 web elements with id: 'Object Repository/Popup/Popup' located by 'By.cssSelector: .bootbox-body' in '30' second(s)

2021-11-18 11:53:06 - [MESSAGE][INFO] - Getting text of object 'Object Repository/Popup/Popup'

2021-11-18 11:53:06 - [MESSAGE][PASSED] - Text of object 'Object Repository/Popup/Popup' is: '17424 no’lu talebiniz işleme alınmıştır. Raporunuz hazırlandığında (elogotest@gmail.com;ali.kara@logo.com.tr) adresinize mail gönderilecektir.
Rapor durumunuzu Raporlar > Toplu Veri İndirme ekranından takip edebilir, hazırlandı durumundaki raporlarınızı ilgili menüden indirebilirsiniz.'

2021-11-18 11:53:06 - [TEST_STEP][PASSED] - Console.println(RaporNo): null

2021-11-18 11:53:06 - [MESSAGE][PASSED] - Call Test Case 'Test Cases/Popup/PopupMesajiIceriyorMu' successfully

2021-11-18 11:53:06 - [MESSAGE][INFO] - Checking called Test Case

2021-11-18 11:53:06 - [MESSAGE][INFO] - Starting to call Test Case 'Test Cases/Popup/PopupButonSecilir'

2021-11-18 11:53:06 - [TEST_CASE][PASSED] - Test Cases/Popup/PopupButonSecilir: Test Cases/Popup/PopupButonSecilir

2021-11-18 11:53:06 - [TEST_STEP][PASSED] - Method.TextDegerineEsitElementeTikla(findTestObject("Popup/Popup_Butons"), Buton): Method.TextDegerineEsitElementeTikla is PASSED

2021-11-18 11:53:06 - [MESSAGE][INFO] - Finding Test Object 'Object Repository/Popup/Popup_Butons'

2021-11-18 11:53:06 - [MESSAGE][INFO] - Checking timeout

2021-11-18 11:53:06 - [MESSAGE][INFO] - Finding web element with id: 'Object Repository/Popup/Popup_Butons' located by 'By.cssSelector: .modal-footer>button' in '10' second(s)

2021-11-18 11:53:06 - [MESSAGE][INFO] - Smart Wait Function is triggered

2021-11-18 11:53:06 - [MESSAGE][INFO] - Found 1 web elements with id: 'Object Repository/Popup/Popup_Butons' located by 'By.cssSelector: .modal-footer>button' in '10' second(s)

2021-11-18 11:53:07 - [MESSAGE][PASSED] - Method.TextDegerineEsitElementeTikla is PASSED

2021-11-18 11:53:07 - [MESSAGE][PASSED] - Call Test Case 'Test Cases/Popup/PopupButonSecilir' successfully

2021-11-18 11:53:07 - [MESSAGE][INFO] - Checking called Test Case

2021-11-18 11:53:07 - [MESSAGE][INFO] - Starting to call Test Case 'Test Cases/Butonlar/ButonaTikla'

2021-11-18 11:53:07 - [TEST_CASE][PASSED] - Test Cases/Butonlar/ButonaTikla: Test Cases/Butonlar/ButonaTikla

2021-11-18 11:53:07 - [TEST_STEP][PASSED] - Method.TextDegerineEsitElementeTiklaEquals(findTestObject("Butonlar/Butonlar"), Buton_Adi): Method.TextDegerineEsitElementeTiklaEquals is PASSED

2021-11-18 11:53:07 - [MESSAGE][INFO] - Finding Test Object 'Object Repository/Butonlar/Butonlar'

2021-11-18 11:53:07 - [MESSAGE][INFO] - Checking timeout

2021-11-18 11:53:07 - [MESSAGE][INFO] - Finding web element with id: 'Object Repository/Butonlar/Butonlar' located by 'By.cssSelector: .panel.panel-default.text-center.footerPanel .btn,.btn.btn-primary.btnControls' in '10' second(s)

2021-11-18 11:53:07 - [MESSAGE][INFO] - Smart Wait Function is triggered

2021-11-18 11:53:07 - [MESSAGE][INFO] - Found 11 web elements with id: 'Object Repository/Butonlar/Butonlar' located by 'By.cssSelector: .panel.panel-default.text-center.footerPanel .btn,.btn.btn-primary.btnControls' in '10' second(s)

2021-11-18 11:53:07 - [MESSAGE][PASSED] - Method.TextDegerineEsitElementeTiklaEquals is PASSED

2021-11-18 11:53:07 - [MESSAGE][PASSED] - Call Test Case 'Test Cases/Butonlar/ButonaTikla' successfully

2021-11-18 11:53:07 - [MESSAGE][INFO] - Checking called Test Case

2021-11-18 11:53:07 - [MESSAGE][INFO] - Starting to call Test Case 'Test Cases/Butonlar/AltButonaTikla'

2021-11-18 11:53:07 - [TEST_CASE][PASSED] - Test Cases/Butonlar/AltButonaTikla: Test Cases/Butonlar/AltButonaTikla

2021-11-18 11:53:07 - [TEST_STEP][PASSED] - Method.TextDegerineEsitElementeTikla(findTestObject("Butonlar/AltButonlar"), Alt_Buton): Method.TextDegerineEsitElementeTikla is PASSED

2021-11-18 11:53:07 - [MESSAGE][INFO] - Finding Test Object 'Object Repository/Butonlar/AltButonlar'

2021-11-18 11:53:08 - [MESSAGE][INFO] - Checking timeout

2021-11-18 11:53:08 - [MESSAGE][INFO] - Finding web element with id: 'Object Repository/Butonlar/AltButonlar' located by 'By.cssSelector: .btn-group.open li>a' in '10' second(s)

2021-11-18 11:53:08 - [MESSAGE][INFO] - Smart Wait Function is triggered

2021-11-18 11:53:08 - [MESSAGE][INFO] - Found 2 web elements with id: 'Object Repository/Butonlar/AltButonlar' located by 'By.cssSelector: .btn-group.open li>a' in '10' second(s)

2021-11-18 11:53:08 - [MESSAGE][PASSED] - Method.TextDegerineEsitElementeTikla is PASSED

2021-11-18 11:53:08 - [MESSAGE][PASSED] - Call Test Case 'Test Cases/Butonlar/AltButonaTikla' successfully

2021-11-18 11:53:08 - [MESSAGE][INFO] - Checking called Test Case

2021-11-18 11:53:08 - [MESSAGE][INFO] - Starting to call Test Case 'Test Cases/Popup/PopupMesajiIceriyorMu'

2021-11-18 11:53:08 - [TEST_CASE][PASSED] - Test Cases/Popup/PopupMesajiIceriyorMu: Test Cases/Popup/PopupMesajiIceriyorMu

2021-11-18 11:53:08 - [TEST_STEP][PASSED] - waitForElementVisible(findTestObject("Popup/Popup"), 10): Object 'Object Repository/Popup/Popup' is visible

2021-11-18 11:53:08 - [MESSAGE][INFO] - Finding Test Object 'Object Repository/Popup/Popup'

2021-11-18 11:53:08 - [MESSAGE][INFO] - Checking object

2021-11-18 11:53:08 - [MESSAGE][INFO] - Checking timeout

2021-11-18 11:53:08 - [MESSAGE][INFO] - Finding web element from Test Object's properties

2021-11-18 11:53:08 - [MESSAGE][INFO] - Checking timeout

2021-11-18 11:53:08 - [MESSAGE][INFO] - Finding web element with id: 'Object Repository/Popup/Popup' located by 'By.cssSelector: .bootbox-body' in '10' second(s)

2021-11-18 11:53:08 - [MESSAGE][INFO] - Smart Wait Function is triggered

2021-11-18 11:53:09 - [MESSAGE][INFO] - Found 1 web elements with id: 'Object Repository/Popup/Popup' located by 'By.cssSelector: .bootbox-body' in '10' second(s)

2021-11-18 11:53:09 - [MESSAGE][PASSED] - Object 'Object Repository/Popup/Popup' is visible

2021-11-18 11:53:09 - [TEST_STEP][PASSED] - if (!(getText(findTestObject("Popup/Popup")).contains(Mesaj))): Text of object 'Object Repository/Popup/Popup' is: 'Lütfen rapor bildiriminin gönderileceği e-posta adresini belirtiniz.
e-Posta Adresi'

2021-11-18 11:53:09 - [MESSAGE][INFO] - Finding Test Object 'Object Repository/Popup/Popup'

2021-11-18 11:53:09 - [MESSAGE][INFO] - Checking object

2021-11-18 11:53:09 - [MESSAGE][INFO] - Finding web element from Test Object's properties

2021-11-18 11:53:09 - [MESSAGE][INFO] - Checking timeout

2021-11-18 11:53:09 - [MESSAGE][INFO] - Finding web element with id: 'Object Repository/Popup/Popup' located by 'By.cssSelector: .bootbox-body' in '30' second(s)

2021-11-18 11:53:09 - [MESSAGE][INFO] - Smart Wait Function is triggered

2021-11-18 11:53:09 - [MESSAGE][INFO] - Found 1 web elements with id: 'Object Repository/Popup/Popup' located by 'By.cssSelector: .bootbox-body' in '30' second(s)

2021-11-18 11:53:09 - [MESSAGE][INFO] - Getting text of object 'Object Repository/Popup/Popup'

2021-11-18 11:53:09 - [MESSAGE][PASSED] - Text of object 'Object Repository/Popup/Popup' is: 'Lütfen rapor bildiriminin gönderileceği e-posta adresini belirtiniz.
e-Posta Adresi'

2021-11-18 11:53:09 - [TEST_STEP][PASSED] - RaporNo = getText(findTestObject("Popup/Popup")).substring(0, 6): Text of object 'Object Repository/Popup/Popup' is: 'Lütfen rapor bildiriminin gönderileceği e-posta adresini belirtiniz.
e-Posta Adresi'

2021-11-18 11:53:09 - [MESSAGE][INFO] - Finding Test Object 'Object Repository/Popup/Popup'

2021-11-18 11:53:09 - [MESSAGE][INFO] - Checking object

2021-11-18 11:53:09 - [MESSAGE][INFO] - Finding web element from Test Object's properties

2021-11-18 11:53:09 - [MESSAGE][INFO] - Checking timeout

2021-11-18 11:53:09 - [MESSAGE][INFO] - Finding web element with id: 'Object Repository/Popup/Popup' located by 'By.cssSelector: .bootbox-body' in '30' second(s)

2021-11-18 11:53:09 - [MESSAGE][INFO] - Smart Wait Function is triggered

2021-11-18 11:53:09 - [MESSAGE][INFO] - Found 1 web elements with id: 'Object Repository/Popup/Popup' located by 'By.cssSelector: .bootbox-body' in '30' second(s)

2021-11-18 11:53:09 - [MESSAGE][INFO] - Getting text of object 'Object Repository/Popup/Popup'

2021-11-18 11:53:09 - [MESSAGE][PASSED] - Text of object 'Object Repository/Popup/Popup' is: 'Lütfen rapor bildiriminin gönderileceği e-posta adresini belirtiniz.
e-Posta Adresi'

2021-11-18 11:53:09 - [TEST_STEP][PASSED] - Console.println(RaporNo): null

2021-11-18 11:53:09 - [MESSAGE][PASSED] - Call Test Case 'Test Cases/Popup/PopupMesajiIceriyorMu' successfully

2021-11-18 11:53:09 - [MESSAGE][INFO] - Checking called Test Case

2021-11-18 11:53:09 - [MESSAGE][INFO] - Starting to call Test Case 'Test Cases/Popup/PopupaEmailEklenir'

2021-11-18 11:53:10 - [TEST_CASE][PASSED] - Test Cases/Popup/PopupaEmailEklenir: Test Cases/Popup/PopupaEmailEklenir

2021-11-18 11:53:10 - [TEST_STEP][PASSED] - clearText(findTestObject("Popup/EmailText")): Text of object 'Object Repository/Popup/EmailText' is cleared

2021-11-18 11:53:10 - [MESSAGE][INFO] - Finding Test Object 'Object Repository/Popup/EmailText'

2021-11-18 11:53:10 - [MESSAGE][INFO] - Checking object

2021-11-18 11:53:10 - [MESSAGE][INFO] - Finding web element from Test Object's properties

2021-11-18 11:53:10 - [MESSAGE][INFO] - Checking timeout

2021-11-18 11:53:10 - [MESSAGE][INFO] - Finding web element with id: 'Object Repository/Popup/EmailText' located by 'By.xpath: //*[@id="eMails"]' in '30' second(s)

2021-11-18 11:53:10 - [MESSAGE][INFO] - Smart Wait Function is triggered

2021-11-18 11:53:10 - [MESSAGE][INFO] - Found 1 web elements with id: 'Object Repository/Popup/EmailText' located by 'By.xpath: //*[@id="eMails"]' in '30' second(s)

2021-11-18 11:53:10 - [MESSAGE][INFO] - Clearing text of object 'Object Repository/Popup/EmailText'

2021-11-18 11:53:10 - [MESSAGE][PASSED] - Text of object 'Object Repository/Popup/EmailText' is cleared

2021-11-18 11:53:10 - [TEST_STEP][PASSED] - sendKeys(findTestObject("Popup/EmailText"), Email): Keys 'elogotest@gmail.com;ali.kara@logo.com.tr' sent to object: 'Object Repository/Popup/EmailText'

2021-11-18 11:53:10 - [MESSAGE][INFO] - Finding Test Object 'Object Repository/Popup/EmailText'

2021-11-18 11:53:10 - [MESSAGE][INFO] - Sending keys 'elogotest@gmail.com;ali.kara@logo.com.tr' to object: 'Object Repository/Popup/EmailText'

2021-11-18 11:53:10 - [MESSAGE][INFO] - Finding web element from Test Object's properties

2021-11-18 11:53:10 - [MESSAGE][INFO] - Checking timeout

2021-11-18 11:53:10 - [MESSAGE][INFO] - Finding web element with id: 'Object Repository/Popup/EmailText' located by 'By.xpath: //*[@id="eMails"]' in '30' second(s)

2021-11-18 11:53:10 - [MESSAGE][INFO] - Smart Wait Function is triggered

2021-11-18 11:53:10 - [MESSAGE][INFO] - Found 1 web elements with id: 'Object Repository/Popup/EmailText' located by 'By.xpath: //*[@id="eMails"]' in '30' second(s)

2021-11-18 11:53:11 - [MESSAGE][PASSED] - Keys 'elogotest@gmail.com;ali.kara@logo.com.tr' sent to object: 'Object Repository/Popup/EmailText'

2021-11-18 11:53:11 - [MESSAGE][PASSED] - Call Test Case 'Test Cases/Popup/PopupaEmailEklenir' successfully

2021-11-18 11:53:11 - [MESSAGE][INFO] - Checking called Test Case

2021-11-18 11:53:11 - [MESSAGE][INFO] - Starting to call Test Case 'Test Cases/Popup/PopupButonSecilir'

2021-11-18 11:53:11 - [TEST_CASE][PASSED] - Test Cases/Popup/PopupButonSecilir: Test Cases/Popup/PopupButonSecilir

2021-11-18 11:53:11 - [TEST_STEP][PASSED] - Method.TextDegerineEsitElementeTikla(findTestObject("Popup/Popup_Butons"), Buton): Method.TextDegerineEsitElementeTikla is PASSED

2021-11-18 11:53:11 - [MESSAGE][INFO] - Finding Test Object 'Object Repository/Popup/Popup_Butons'

2021-11-18 11:53:11 - [MESSAGE][INFO] - Checking timeout

2021-11-18 11:53:11 - [MESSAGE][INFO] - Finding web element with id: 'Object Repository/Popup/Popup_Butons' located by 'By.cssSelector: .modal-footer>button' in '10' second(s)

2021-11-18 11:53:11 - [MESSAGE][INFO] - Smart Wait Function is triggered

2021-11-18 11:53:11 - [MESSAGE][INFO] - Found 2 web elements with id: 'Object Repository/Popup/Popup_Butons' located by 'By.cssSelector: .modal-footer>button' in '10' second(s)

2021-11-18 11:53:11 - [MESSAGE][PASSED] - Method.TextDegerineEsitElementeTikla is PASSED

2021-11-18 11:53:11 - [MESSAGE][PASSED] - Call Test Case 'Test Cases/Popup/PopupButonSecilir' successfully

2021-11-18 11:53:11 - [MESSAGE][INFO] - Checking called Test Case

2021-11-18 11:53:11 - [MESSAGE][INFO] - Starting to call Test Case 'Test Cases/Popup/PopupMesajiIceriyorMu'

2021-11-18 11:53:12 - [TEST_CASE][PASSED] - Test Cases/Popup/PopupMesajiIceriyorMu: Test Cases/Popup/PopupMesajiIceriyorMu

2021-11-18 11:53:12 - [TEST_STEP][PASSED] - waitForElementVisible(findTestObject("Popup/Popup"), 10): Object 'Object Repository/Popup/Popup' is visible

2021-11-18 11:53:12 - [MESSAGE][INFO] - Finding Test Object 'Object Repository/Popup/Popup'

2021-11-18 11:53:12 - [MESSAGE][INFO] - Checking object

2021-11-18 11:53:12 - [MESSAGE][INFO] - Checking timeout

2021-11-18 11:53:12 - [MESSAGE][INFO] - Finding web element from Test Object's properties

2021-11-18 11:53:12 - [MESSAGE][INFO] - Checking timeout

2021-11-18 11:53:12 - [MESSAGE][INFO] - Finding web element with id: 'Object Repository/Popup/Popup' located by 'By.cssSelector: .bootbox-body' in '10' second(s)

2021-11-18 11:53:12 - [MESSAGE][INFO] - Smart Wait Function is triggered

2021-11-18 11:53:12 - [MESSAGE][INFO] - Found 1 web elements with id: 'Object Repository/Popup/Popup' located by 'By.cssSelector: .bootbox-body' in '10' second(s)

2021-11-18 11:53:12 - [MESSAGE][PASSED] - Object 'Object Repository/Popup/Popup' is visible

2021-11-18 11:53:12 - [TEST_STEP][PASSED] - if (!(getText(findTestObject("Popup/Popup")).contains(Mesaj))): Text of object 'Object Repository/Popup/Popup' is: '17425 no’lu talebiniz işleme alınmıştır. Raporunuz hazırlandığında (elogotest@gmail.com;ali.kara@logo.com.tr) adresinize mail gönderilecektir.
Rapor durumunuzu Raporlar > Toplu Veri İndirme ekranından takip edebilir, hazırlandı durumundaki raporlarınızı ilgili menüden indirebilirsiniz.'

2021-11-18 11:53:12 - [MESSAGE][INFO] - Finding Test Object 'Object Repository/Popup/Popup'

2021-11-18 11:53:12 - [MESSAGE][INFO] - Checking object

2021-11-18 11:53:12 - [MESSAGE][INFO] - Finding web element from Test Object's properties

2021-11-18 11:53:12 - [MESSAGE][INFO] - Checking timeout

2021-11-18 11:53:12 - [MESSAGE][INFO] - Finding web element with id: 'Object Repository/Popup/Popup' located by 'By.cssSelector: .bootbox-body' in '30' second(s)

2021-11-18 11:53:12 - [MESSAGE][INFO] - Smart Wait Function is triggered

2021-11-18 11:53:13 - [MESSAGE][INFO] - Found 1 web elements with id: 'Object Repository/Popup/Popup' located by 'By.cssSelector: .bootbox-body' in '30' second(s)

2021-11-18 11:53:13 - [MESSAGE][INFO] - Getting text of object 'Object Repository/Popup/Popup'

2021-11-18 11:53:13 - [MESSAGE][PASSED] - Text of object 'Object Repository/Popup/Popup' is: '17425 no’lu talebiniz işleme alınmıştır. Raporunuz hazırlandığında (elogotest@gmail.com;ali.kara@logo.com.tr) adresinize mail gönderilecektir.
Rapor durumunuzu Raporlar > Toplu Veri İndirme ekranından takip edebilir, hazırlandı durumundaki raporlarınızı ilgili menüden indirebilirsiniz.'

2021-11-18 11:53:13 - [TEST_STEP][PASSED] - RaporNo = getText(findTestObject("Popup/Popup")).substring(0, 6): Text of object 'Object Repository/Popup/Popup' is: '17425 no’lu talebiniz işleme alınmıştır. Raporunuz hazırlandığında (elogotest@gmail.com;ali.kara@logo.com.tr) adresinize mail gönderilecektir.
Rapor durumunuzu Raporlar > Toplu Veri İndirme ekranından takip edebilir, hazırlandı durumundaki raporlarınızı ilgili menüden indirebilirsiniz.'

2021-11-18 11:53:13 - [MESSAGE][INFO] - Finding Test Object 'Object Repository/Popup/Popup'

2021-11-18 11:53:13 - [MESSAGE][INFO] - Checking object

2021-11-18 11:53:13 - [MESSAGE][INFO] - Finding web element from Test Object's properties

2021-11-18 11:53:13 - [MESSAGE][INFO] - Checking timeout

2021-11-18 11:53:13 - [MESSAGE][INFO] - Finding web element with id: 'Object Repository/Popup/Popup' located by 'By.cssSelector: .bootbox-body' in '30' second(s)

2021-11-18 11:53:13 - [MESSAGE][INFO] - Smart Wait Function is triggered

2021-11-18 11:53:13 - [MESSAGE][INFO] - Found 1 web elements with id: 'Object Repository/Popup/Popup' located by 'By.cssSelector: .bootbox-body' in '30' second(s)

2021-11-18 11:53:13 - [MESSAGE][INFO] - Getting text of object 'Object Repository/Popup/Popup'

2021-11-18 11:53:13 - [MESSAGE][PASSED] - Text of object 'Object Repository/Popup/Popup' is: '17425 no’lu talebiniz işleme alınmıştır. Raporunuz hazırlandığında (elogotest@gmail.com;ali.kara@logo.com.tr) adresinize mail gönderilecektir.
Rapor durumunuzu Raporlar > Toplu Veri İndirme ekranından takip edebilir, hazırlandı durumundaki raporlarınızı ilgili menüden indirebilirsiniz.'

2021-11-18 11:53:13 - [TEST_STEP][PASSED] - Console.println(RaporNo): null

2021-11-18 11:53:13 - [MESSAGE][PASSED] - Call Test Case 'Test Cases/Popup/PopupMesajiIceriyorMu' successfully

2021-11-18 11:53:13 - [MESSAGE][INFO] - Checking called Test Case

2021-11-18 11:53:13 - [MESSAGE][INFO] - Starting to call Test Case 'Test Cases/Popup/PopupButonSecilir'

2021-11-18 11:53:13 - [TEST_CASE][PASSED] - Test Cases/Popup/PopupButonSecilir: Test Cases/Popup/PopupButonSecilir

2021-11-18 11:53:13 - [TEST_STEP][PASSED] - Method.TextDegerineEsitElementeTikla(findTestObject("Popup/Popup_Butons"), Buton): Method.TextDegerineEsitElementeTikla is PASSED

2021-11-18 11:53:13 - [MESSAGE][INFO] - Finding Test Object 'Object Repository/Popup/Popup_Butons'

2021-11-18 11:53:13 - [MESSAGE][INFO] - Checking timeout

2021-11-18 11:53:13 - [MESSAGE][INFO] - Finding web element with id: 'Object Repository/Popup/Popup_Butons' located by 'By.cssSelector: .modal-footer>button' in '10' second(s)

2021-11-18 11:53:13 - [MESSAGE][INFO] - Smart Wait Function is triggered

2021-11-18 11:53:13 - [MESSAGE][INFO] - Found 1 web elements with id: 'Object Repository/Popup/Popup_Butons' located by 'By.cssSelector: .modal-footer>button' in '10' second(s)

2021-11-18 11:53:14 - [MESSAGE][PASSED] - Method.TextDegerineEsitElementeTikla is PASSED

2021-11-18 11:53:14 - [MESSAGE][PASSED] - Call Test Case 'Test Cases/Popup/PopupButonSecilir' successfully

2021-11-18 11:53:14 - [MESSAGE][INFO] - Checking called Test Case

2021-11-18 11:53:14 - [MESSAGE][INFO] - Starting to call Test Case 'Test Cases/Menu/AnaMenuSecimi'

2021-11-18 11:53:14 - [TEST_CASE][PASSED] - Test Cases/Menu/AnaMenuSecimi: Test Cases/Menu/AnaMenuSecimi

2021-11-18 11:53:14 - [TEST_STEP][PASSED] - Method.TextDegerineEsitElementeTikla(findTestObject("Menu/Ana_Menu"), Ana_Menu): Method.TextDegerineEsitElementeTikla is PASSED

2021-11-18 11:53:14 - [MESSAGE][INFO] - Finding Test Object 'Object Repository/Menu/Ana_Menu'

2021-11-18 11:53:14 - [MESSAGE][INFO] - Checking timeout

2021-11-18 11:53:14 - [MESSAGE][INFO] - Finding web element with id: 'Object Repository/Menu/Ana_Menu' located by 'By.xpath: //*[@class = 'dropdown-toggle']' in '10' second(s)

2021-11-18 11:53:14 - [MESSAGE][INFO] - Smart Wait Function is triggered

2021-11-18 11:53:14 - [MESSAGE][INFO] - Found 14 web elements with id: 'Object Repository/Menu/Ana_Menu' located by 'By.xpath: //*[@class = 'dropdown-toggle']' in '10' second(s)

2021-11-18 11:53:15 - [MESSAGE][PASSED] - Method.TextDegerineEsitElementeTikla is PASSED

2021-11-18 11:53:15 - [MESSAGE][PASSED] - Call Test Case 'Test Cases/Menu/AnaMenuSecimi' successfully

2021-11-18 11:53:15 - [MESSAGE][INFO] - Checking called Test Case

2021-11-18 11:53:15 - [MESSAGE][INFO] - Starting to call Test Case 'Test Cases/Menu/AltMenuSecimi'

2021-11-18 11:53:15 - [TEST_CASE][PASSED] - Test Cases/Menu/AltMenuSecimi: Test Cases/Menu/AltMenuSecimi

2021-11-18 11:53:15 - [TEST_STEP][PASSED] - Method.TextDegerineEsitElementeTikla(findTestObject("Menu/Alt_Menu"), Alt_Menu): Method.TextDegerineEsitElementeTikla is PASSED

2021-11-18 11:53:15 - [MESSAGE][INFO] - Finding Test Object 'Object Repository/Menu/Alt_Menu'

2021-11-18 11:53:15 - [MESSAGE][INFO] - Checking timeout

2021-11-18 11:53:15 - [MESSAGE][INFO] - Finding web element with id: 'Object Repository/Menu/Alt_Menu' located by 'By.xpath: //li[@class='dropdown dropdown-large open']//li[@class='dropdown-element']' in '10' second(s)

2021-11-18 11:53:15 - [MESSAGE][INFO] - Smart Wait Function is triggered

2021-11-18 11:53:15 - [MESSAGE][INFO] - Found 9 web elements with id: 'Object Repository/Menu/Alt_Menu' located by 'By.xpath: //li[@class='dropdown dropdown-large open']//li[@class='dropdown-element']' in '10' second(s)

2021-11-18 11:53:16 - [MESSAGE][PASSED] - Method.TextDegerineEsitElementeTikla is PASSED

2021-11-18 11:53:16 - [MESSAGE][PASSED] - Call Test Case 'Test Cases/Menu/AltMenuSecimi' successfully

2021-11-18 11:53:16 - [MESSAGE][INFO] - Checking called Test Case

2021-11-18 11:53:16 - [MESSAGE][INFO] - Starting to call Test Case 'Test Cases/Filtreler/RaporNoYaz'

2021-11-18 11:53:16 - [TEST_CASE][PASSED] - Test Cases/Filtreler/RaporNoYaz: Test Cases/Filtreler/RaporNoYaz

2021-11-18 11:53:16 - [TEST_STEP][PASSED] - Method.TextDegerineEsitElementinAltindakiTextboxtaYaz(findTestObject("Filtreler/Basliklar"), findTestObject("Filtreler/Basliga_Gore_Textbox"), "Talep No", RaporNo): Method.TextDegerineEsitElementinAltindakiTextboxtaYaz is PASSED

2021-11-18 11:53:16 - [MESSAGE][INFO] - Finding Test Object 'Object Repository/Filtreler/Basliklar'

2021-11-18 11:53:16 - [MESSAGE][INFO] - Finding Test Object 'Object Repository/Filtreler/Basliga_Gore_Textbox'

2021-11-18 11:53:16 - [MESSAGE][INFO] - Checking timeout

2021-11-18 11:53:16 - [MESSAGE][INFO] - Finding web element with id: 'Object Repository/Filtreler/Basliklar' located by 'By.cssSelector: .control-label.col-sm-4.paddingMarginRLC' in '10' second(s)

2021-11-18 11:53:16 - [MESSAGE][INFO] - Smart Wait Function is triggered

2021-11-18 11:53:17 - [MESSAGE][INFO] - Found 8 web elements with id: 'Object Repository/Filtreler/Basliklar' located by 'By.cssSelector: .control-label.col-sm-4.paddingMarginRLC' in '10' second(s)

2021-11-18 11:53:17 - [MESSAGE][INFO] - Smart Wait Function is triggered

2021-11-18 11:53:17 - [MESSAGE][PASSED] - Method.TextDegerineEsitElementinAltindakiTextboxtaYaz is PASSED

2021-11-18 11:53:17 - [MESSAGE][PASSED] - Call Test Case 'Test Cases/Filtreler/RaporNoYaz' successfully

2021-11-18 11:53:17 - [MESSAGE][INFO] - Checking called Test Case

2021-11-18 11:53:17 - [MESSAGE][INFO] - Starting to call Test Case 'Test Cases/Filtreler/ButonaTikla'

2021-11-18 11:53:17 - [TEST_CASE][PASSED] - Test Cases/Filtreler/ButonaTikla: Test Cases/Filtreler/ButonaTikla

2021-11-18 11:53:17 - [TEST_STEP][PASSED] - Method.TextDegerineEsitElementeTikla(findTestObject("Filtreler/Butonlar"), Filtre_Buton): Method.TextDegerineEsitElementeTikla is PASSED

2021-11-18 11:53:17 - [MESSAGE][INFO] - Finding Test Object 'Object Repository/Filtreler/Butonlar'

2021-11-18 11:53:17 - [MESSAGE][INFO] - Checking timeout

2021-11-18 11:53:17 - [MESSAGE][INFO] - Finding web element with id: 'Object Repository/Filtreler/Butonlar' located by 'By.cssSelector: .dxb>span' in '10' second(s)

2021-11-18 11:53:17 - [MESSAGE][INFO] - Smart Wait Function is triggered

2021-11-18 11:53:18 - [MESSAGE][INFO] - Found 2 web elements with id: 'Object Repository/Filtreler/Butonlar' located by 'By.cssSelector: .dxb>span' in '10' second(s)

2021-11-18 11:53:18 - [MESSAGE][PASSED] - Method.TextDegerineEsitElementeTikla is PASSED

2021-11-18 11:53:18 - [MESSAGE][PASSED] - Call Test Case 'Test Cases/Filtreler/ButonaTikla' successfully

2021-11-18 11:53:18 - [MESSAGE][INFO] - Checking called Test Case

2021-11-18 11:53:18 - [MESSAGE][INFO] - Starting to call Test Case 'Test Cases/Tablo/TablodaVeriVarMi'

2021-11-18 11:53:18 - [TEST_CASE][PASSED] - Test Cases/Tablo/TablodaVeriVarMi: Test Cases/Tablo/TablodaVeriVarMi

2021-11-18 11:53:18 - [TEST_STEP][PASSED] - verifyTextNotPresent("Görüntülenecek veri yok", true): Text 'Görüntülenecek veri yok' is not present on page using regular expression

2021-11-18 11:53:18 - [MESSAGE][INFO] - Checking text present  using regular expression

2021-11-18 11:53:18 - [MESSAGE][INFO] - Smart Wait Function is triggered

2021-11-18 11:53:18 - [MESSAGE][INFO] - Finding text 'Görüntülenecek veri yok' on page  using regular expression

2021-11-18 11:53:18 - [MESSAGE][PASSED] - Text 'Görüntülenecek veri yok' is not present on page using regular expression

2021-11-18 11:53:18 - [MESSAGE][PASSED] - Call Test Case 'Test Cases/Tablo/TablodaVeriVarMi' successfully

2021-11-18 11:53:18 - [MESSAGE][INFO] - Checking called Test Case

2021-11-18 11:53:18 - [MESSAGE][INFO] - Starting to call Test Case 'Test Cases/Kullanici_Islemleri/KullaniciIslemlerindenSecimYapilir'

2021-11-18 11:53:18 - [TEST_CASE][PASSED] - Test Cases/Kullanici_Islemleri/KullaniciIslemlerindenSecimYapilir: Test Cases/Kullanici_Islemleri/KullaniciIslemlerindenSecimYapilir

2021-11-18 11:53:18 - [TEST_STEP][PASSED] - waitForElementClickable(findTestObject("Object Repository/Kullanici_Islemleri/KullaniciIslemleri"), 10): Object 'Object Repository/Kullanici_Islemleri/KullaniciIslemleri' is clickable

2021-11-18 11:53:18 - [MESSAGE][INFO] - Finding Test Object 'Object Repository/Kullanici_Islemleri/KullaniciIslemleri'

2021-11-18 11:53:19 - [MESSAGE][INFO] - Checking object

2021-11-18 11:53:19 - [MESSAGE][INFO] - Checking timeout

2021-11-18 11:53:19 - [MESSAGE][INFO] - Finding web element from Test Object's properties

2021-11-18 11:53:19 - [MESSAGE][INFO] - Checking timeout

2021-11-18 11:53:19 - [MESSAGE][INFO] - Finding web element with id: 'Object Repository/Kullanici_Islemleri/KullaniciIslemleri' located by 'By.cssSelector: .dropdown>a>img' in '10' second(s)

2021-11-18 11:53:19 - [MESSAGE][INFO] - Smart Wait Function is triggered

2021-11-18 11:53:19 - [MESSAGE][INFO] - Found 1 web elements with id: 'Object Repository/Kullanici_Islemleri/KullaniciIslemleri' located by 'By.cssSelector: .dropdown>a>img' in '10' second(s)

2021-11-18 11:53:19 - [MESSAGE][PASSED] - Object 'Object Repository/Kullanici_Islemleri/KullaniciIslemleri' is clickable

2021-11-18 11:53:19 - [TEST_STEP][PASSED] - click(findTestObject("Object Repository/Kullanici_Islemleri/KullaniciIslemleri")): Object: 'Object Repository/Kullanici_Islemleri/KullaniciIslemleri' is clicked on

2021-11-18 11:53:19 - [MESSAGE][INFO] - Finding Test Object 'Object Repository/Kullanici_Islemleri/KullaniciIslemleri'

2021-11-18 11:53:19 - [MESSAGE][INFO] - Checking object

2021-11-18 11:53:19 - [MESSAGE][INFO] - Finding web element from Test Object's properties

2021-11-18 11:53:19 - [MESSAGE][INFO] - Checking timeout

2021-11-18 11:53:19 - [MESSAGE][INFO] - Finding web element with id: 'Object Repository/Kullanici_Islemleri/KullaniciIslemleri' located by 'By.cssSelector: .dropdown>a>img' in '30' second(s)

2021-11-18 11:53:19 - [MESSAGE][INFO] - Smart Wait Function is triggered

2021-11-18 11:53:19 - [MESSAGE][INFO] - Found 1 web elements with id: 'Object Repository/Kullanici_Islemleri/KullaniciIslemleri' located by 'By.cssSelector: .dropdown>a>img' in '30' second(s)

2021-11-18 11:53:19 - [MESSAGE][INFO] - Clicking on object: 'Object Repository/Kullanici_Islemleri/KullaniciIslemleri'

2021-11-18 11:53:19 - [MESSAGE][PASSED] - Object: 'Object Repository/Kullanici_Islemleri/KullaniciIslemleri' is clicked on

2021-11-18 11:53:19 - [TEST_STEP][PASSED] - Method.TextDegerineEsitElementeTikla(findTestObject("Object Repository/Kullanici_Islemleri/Secenekler"), Islem): Method.TextDegerineEsitElementeTikla is PASSED

2021-11-18 11:53:19 - [MESSAGE][INFO] - Finding Test Object 'Object Repository/Kullanici_Islemleri/Secenekler'

2021-11-18 11:53:19 - [MESSAGE][INFO] - Checking timeout

2021-11-18 11:53:19 - [MESSAGE][INFO] - Finding web element with id: 'Object Repository/Kullanici_Islemleri/Secenekler' located by 'By.cssSelector: .nav.navbar-nav.navbar-right li a' in '10' second(s)

2021-11-18 11:53:19 - [MESSAGE][INFO] - Smart Wait Function is triggered

2021-11-18 11:53:20 - [MESSAGE][INFO] - Found 22 web elements with id: 'Object Repository/Kullanici_Islemleri/Secenekler' located by 'By.cssSelector: .nav.navbar-nav.navbar-right li a' in '10' second(s)

2021-11-18 11:53:21 - [MESSAGE][PASSED] - Method.TextDegerineEsitElementeTikla is PASSED

2021-11-18 11:53:21 - [TEST_STEP][PASSED] - verifyElementNotPresent(findTestObject("Object Repository/Kullanici_Islemleri/Secenekler"), 10): Web element with id: 'Object Repository/Kullanici_Islemleri/Secenekler' located by 'By.cssSelector: .nav.navbar-nav.navbar-right li a' is not present after '10' second(s)

2021-11-18 11:53:21 - [MESSAGE][INFO] - Finding Test Object 'Object Repository/Kullanici_Islemleri/Secenekler'

2021-11-18 11:53:21 - [MESSAGE][INFO] - Checking object

2021-11-18 11:53:21 - [MESSAGE][INFO] - Checking timeout

2021-11-18 11:53:21 - [MESSAGE][INFO] - Finding web element with id: 'Object Repository/Kullanici_Islemleri/Secenekler' located by 'By.cssSelector: .nav.navbar-nav.navbar-right li a' in '10' second(s)

2021-11-18 11:53:21 - [MESSAGE][INFO] - Smart Wait Function is triggered

2021-11-18 11:53:22 - [MESSAGE][PASSED] - Web element with id: 'Object Repository/Kullanici_Islemleri/Secenekler' located by 'By.cssSelector: .nav.navbar-nav.navbar-right li a' is not present after '10' second(s)

2021-11-18 11:53:22 - [MESSAGE][PASSED] - Call Test Case 'Test Cases/Kullanici_Islemleri/KullaniciIslemlerindenSecimYapilir' successfully

2021-11-18 11:53:22 - [TEST_CASE][PASSED] - Start Test Case : SCENARIO e-Serbest Meslek Makbuzlari excele aktarma: SCENARIO e-Serbest Meslek Makbuzlari excele aktarma

2021-11-18 11:53:22 - [TEST_STEP][PASSED] - Kullanıcı adı ELOGO6 ve Şifre 123456 olarak giriş yapılır: Kullanıcı adı ELOGO6 ve Şifre 123456 olarak giriş yapılır

2021-11-18 11:53:22 - [MESSAGE][PASSED] - Kullanıcı adı ELOGO6 ve Şifre 123456 olarak giriş yapılır

2021-11-18 11:53:22 - [TEST_STEP][PASSED] - Ana menüden e-Makbuz seçilir: Ana menüden e-Makbuz seçilir

2021-11-18 11:53:22 - [MESSAGE][PASSED] - Ana menüden e-Makbuz seçilir

2021-11-18 11:53:22 - [TEST_STEP][PASSED] - Alt menü e-Serbest Meslek Uygulaması başlığı altındaki e-Serbest Meslek Makbuzları seçilir: Alt menü e-Serbest Meslek Uygulaması başlığı altındaki e-Serbest Meslek Makbuzları seçilir

2021-11-18 11:53:22 - [MESSAGE][PASSED] - Alt menü e-Serbest Meslek Uygulaması başlığı altındaki e-Serbest Meslek Makbuzları seçilir

2021-11-18 11:53:22 - [TEST_STEP][PASSED] - Filtrelerden Oluşturma Tarihi filtresine 01.12.2020 baslangic degerini yaz: Filtrelerden Oluşturma Tarihi filtresine 01.12.2020 baslangic degerini yaz

2021-11-18 11:53:22 - [MESSAGE][PASSED] - Filtrelerden Oluşturma Tarihi filtresine 01.12.2020 baslangic degerini yaz

2021-11-18 11:53:22 - [TEST_STEP][PASSED] - Filtrelerden Oluşturma Tarihi filtresine 31.12.2020 bitis degerini yaz: Filtrelerden Oluşturma Tarihi filtresine 31.12.2020 bitis degerini yaz

2021-11-18 11:53:22 - [MESSAGE][PASSED] - Filtrelerden Oluşturma Tarihi filtresine 31.12.2020 bitis degerini yaz

2021-11-18 11:53:22 - [TEST_STEP][PASSED] - Filtrelerden Alıcı Unvan filtresine TEST textini yaz: Filtrelerden Alıcı Unvan filtresine TEST textini yaz

2021-11-18 11:53:22 - [MESSAGE][PASSED] - Filtrelerden Alıcı Unvan filtresine TEST textini yaz

2021-11-18 11:53:22 - [TEST_STEP][PASSED] - Filtre butonlarından Listele seçilir: Filtre butonlarından Listele seçilir

2021-11-18 11:53:22 - [MESSAGE][PASSED] - Filtre butonlarından Listele seçilir

2021-11-18 11:53:22 - [TEST_STEP][PASSED] - Tabloda veri var mı kontrol edilir: Tabloda veri var mı kontrol edilir

2021-11-18 11:53:22 - [MESSAGE][PASSED] - Tabloda veri var mı kontrol edilir

2021-11-18 11:53:22 - [TEST_STEP][PASSED] - Tablodan TEST isimli veri seçilir: Tablodan TEST isimli veri seçilir

2021-11-18 11:53:22 - [MESSAGE][PASSED] - Tablodan TEST isimli veri seçilir

2021-11-18 11:53:22 - [TEST_STEP][PASSED] - Butonlardan Excel isimli butona tıklanır: Butonlardan Excel isimli butona tıklanır

2021-11-18 11:53:22 - [MESSAGE][PASSED] - Butonlardan Excel isimli butona tıklanır

2021-11-18 11:53:22 - [TEST_STEP][PASSED] - Alt butonlardan Excel 'e Aktar butonuna tıklanır: Alt butonlardan Excel 'e Aktar butonuna tıklanır

2021-11-18 11:53:22 - [MESSAGE][PASSED] - Alt butonlardan Excel 'e Aktar butonuna tıklanır

2021-11-18 11:53:22 - [TEST_STEP][PASSED] - Popup mesajı Lütfen rapor bildiriminin gönderileceği e-posta adresini belirtiniz. içeriyor mu: Popup mesajı Lütfen rapor bildiriminin gönderileceği e-posta adresini belirtiniz. içeriyor mu

2021-11-18 11:53:22 - [MESSAGE][PASSED] - Popup mesajı Lütfen rapor bildiriminin gönderileceği e-posta adresini belirtiniz. içeriyor mu

2021-11-18 11:53:22 - [TEST_STEP][PASSED] - Popup email elogotest@gmail.com;ali.kara@logo.com.tr olarak girilir: Popup email elogotest@gmail.com;ali.kara@logo.com.tr olarak girilir

2021-11-18 11:53:22 - [MESSAGE][PASSED] - Popup email elogotest@gmail.com;ali.kara@logo.com.tr olarak girilir

2021-11-18 11:53:22 - [TEST_STEP][PASSED] - Yönetim popupında Gönder seçilir: Yönetim popupında Gönder seçilir

2021-11-18 11:53:22 - [MESSAGE][PASSED] - Yönetim popupında Gönder seçilir

2021-11-18 11:53:22 - [TEST_STEP][PASSED] - Popup mesajı talebiniz işleme alınmıştır içeriyor mu: Popup mesajı talebiniz işleme alınmıştır içeriyor mu

2021-11-18 11:53:22 - [MESSAGE][PASSED] - Popup mesajı talebiniz işleme alınmıştır içeriyor mu

2021-11-18 11:53:22 - [TEST_STEP][PASSED] - Yönetim popupında Tamam seçilir: Yönetim popupında Tamam seçilir

2021-11-18 11:53:22 - [MESSAGE][PASSED] - Yönetim popupında Tamam seçilir

2021-11-18 11:53:22 - [TEST_STEP][PASSED] - Butonlardan Excel isimli butona tıklanır: Butonlardan Excel isimli butona tıklanır

2021-11-18 11:53:22 - [MESSAGE][PASSED] - Butonlardan Excel isimli butona tıklanır

2021-11-18 11:53:22 - [TEST_STEP][PASSED] - Alt butonlardan Tümünü Excel 'e Aktar butonuna tıklanır: Alt butonlardan Tümünü Excel 'e Aktar butonuna tıklanır

2021-11-18 11:53:22 - [MESSAGE][PASSED] - Alt butonlardan Tümünü Excel 'e Aktar butonuna tıklanır

2021-11-18 11:53:22 - [TEST_STEP][PASSED] - Popup mesajı Lütfen rapor bildiriminin gönderileceği e-posta adresini belirtiniz. içeriyor mu: Popup mesajı Lütfen rapor bildiriminin gönderileceği e-posta adresini belirtiniz. içeriyor mu

2021-11-18 11:53:22 - [MESSAGE][PASSED] - Popup mesajı Lütfen rapor bildiriminin gönderileceği e-posta adresini belirtiniz. içeriyor mu

2021-11-18 11:53:22 - [TEST_STEP][PASSED] - Popup email elogotest@gmail.com;ali.kara@logo.com.tr olarak girilir: Popup email elogotest@gmail.com;ali.kara@logo.com.tr olarak girilir

2021-11-18 11:53:22 - [MESSAGE][PASSED] - Popup email elogotest@gmail.com;ali.kara@logo.com.tr olarak girilir

2021-11-18 11:53:22 - [TEST_STEP][PASSED] - Yönetim popupında Gönder seçilir: Yönetim popupında Gönder seçilir

2021-11-18 11:53:22 - [MESSAGE][PASSED] - Yönetim popupında Gönder seçilir

2021-11-18 11:53:22 - [TEST_STEP][PASSED] - Popup mesajı talebiniz işleme alınmıştır içeriyor mu: Popup mesajı talebiniz işleme alınmıştır içeriyor mu

2021-11-18 11:53:22 - [MESSAGE][PASSED] - Popup mesajı talebiniz işleme alınmıştır içeriyor mu

2021-11-18 11:53:22 - [TEST_STEP][PASSED] - Yönetim popupında Tamam seçilir: Yönetim popupında Tamam seçilir

2021-11-18 11:53:22 - [MESSAGE][PASSED] - Yönetim popupında Tamam seçilir

2021-11-18 11:53:22 - [TEST_STEP][PASSED] - Ana menüden Raporlar seçilir: Ana menüden Raporlar seçilir

2021-11-18 11:53:22 - [MESSAGE][PASSED] - Ana menüden Raporlar seçilir

2021-11-18 11:53:22 - [TEST_STEP][PASSED] - Alt menüden Toplu Veri İndirme seçilir: Alt menüden Toplu Veri İndirme seçilir

2021-11-18 11:53:22 - [MESSAGE][PASSED] - Alt menüden Toplu Veri İndirme seçilir

2021-11-18 11:53:22 - [TEST_STEP][PASSED] - Filtrelerden Talep No filtresine Rapor No bilgisi yaz: Filtrelerden Talep No filtresine Rapor No bilgisi yaz

2021-11-18 11:53:22 - [MESSAGE][PASSED] - Filtrelerden Talep No filtresine Rapor No bilgisi yaz

2021-11-18 11:53:22 - [TEST_STEP][PASSED] - Filtre butonlarından Listele seçilir: Filtre butonlarından Listele seçilir

2021-11-18 11:53:22 - [MESSAGE][PASSED] - Filtre butonlarından Listele seçilir

2021-11-18 11:53:22 - [TEST_STEP][PASSED] - Tabloda veri var mı kontrol edilir: Tabloda veri var mı kontrol edilir

2021-11-18 11:53:22 - [MESSAGE][PASSED] - Tabloda veri var mı kontrol edilir

2021-11-18 11:53:22 - [TEST_STEP][PASSED] - Kullanıcı işlemlerinden Çıkış seçilir: Kullanıcı işlemlerinden Çıkış seçilir

2021-11-18 11:53:22 - [MESSAGE][PASSED] - Kullanıcı işlemlerinden Çıkış seçilir

2021-11-18 11:53:22 - [MESSAGE][PASSED] - Feature file: 'Include/features/e-Makbuz/e-Serbest Meslek Uygulaması/e-Serbest Meslek Makbuzlari/Excele Aktar.feature' was passed

2021-11-18 11:53:22 - [TEST_STEP][PASSED] - Start listener action : sampleAfterTestSuite: Invoke 'com.kms.katalon.core.annotation.AfterTestCase' method: 'Listener.sampleAfterTestSuite(...)' completed.

2021-11-18 11:53:22 - [MESSAGE][INFO] - Starting invoke 'com.kms.katalon.core.annotation.AfterTestCase' method: 'Listener.sampleAfterTestSuite(...)'

2021-11-18 11:53:22 - [TEST_STEP][PASSED] - closeBrowser(): Invoke 'com.kms.katalon.core.annotation.AfterTestCase' method: 'Listener.sampleAfterTestSuite(...)' completed.

2021-11-18 11:53:22 - [MESSAGE][INFO] - Closing browser

2021-11-18 11:53:23 - [MESSAGE][PASSED] - Browser is closed

2021-11-18 11:53:23 - [MESSAGE][INFO] - Invoke 'com.kms.katalon.core.annotation.AfterTestCase' method: 'Listener.sampleAfterTestSuite(...)' completed.]]></system-out>
         <system-err><![CDATA[]]></system-err>
      </testcase>
      <testcase name="Test Cases/Case Repository/e-Makbuz/e-Serbest Meslek Uygulamasi/e-Serbest Meslek Makbuzlari/Toplu Indirme" time="56.376" classname="Test Cases/Case Repository/e-Makbuz/e-Serbest Meslek Uygulamasi/e-Serbest Meslek Makbuzlari/Toplu Indirme" status="PASSED">
         <system-out><![CDATA[2021-11-18 11:53:23 - [TEST_CASE][PASSED] - Test Cases/Case Repository/e-Makbuz/e-Serbest Meslek Uygulamasi/e-Serbest Meslek Makbuzlari/Toplu Indirme: Test Cases/Case Repository/e-Makbuz/e-Serbest Meslek Uygulamasi/e-Serbest Meslek Makbuzlari/Toplu Indirme

2021-11-18 11:53:23 - [TEST_STEP][PASSED] - Start listener action : sampleBeforeTestSuite: Invoke 'com.kms.katalon.core.annotation.BeforeTestCase' method: 'Listener.sampleBeforeTestSuite(...)' completed.

2021-11-18 11:53:23 - [MESSAGE][INFO] - Starting invoke 'com.kms.katalon.core.annotation.BeforeTestCase' method: 'Listener.sampleBeforeTestSuite(...)'

2021-11-18 11:53:23 - [TEST_STEP][PASSED] - openBrowser(baseUrl): Browser is opened with url: 'https://efatura-stage.elogo.com.tr/'

2021-11-18 11:53:23 - [MESSAGE][INFO] - Opening browser

2021-11-18 11:53:23 - [MESSAGE][INFO] - Starting 'Chrome' driver

2021-11-18 11:53:23 - [MESSAGE][INFO] - User set preference: ['prefs', '{download.default_directory=C:\otomasyondownfiles}']

2021-11-18 11:53:23 - [MESSAGE][INFO] - Action delay is set to 0 milliseconds

2021-11-18 11:53:24 - [MESSAGE][INFO] - Navigating browser to: 'https://efatura-stage.elogo.com.tr/'

2021-11-18 11:53:26 - [MESSAGE][PASSED] - Browser is opened with url: 'https://efatura-stage.elogo.com.tr/'

2021-11-18 11:53:26 - [TEST_STEP][PASSED] - maximizeWindow(): Invoke 'com.kms.katalon.core.annotation.BeforeTestCase' method: 'Listener.sampleBeforeTestSuite(...)' completed.

2021-11-18 11:53:26 - [MESSAGE][INFO] - Maximizing current window

2021-11-18 11:53:26 - [MESSAGE][PASSED] - Current window maximized

2021-11-18 11:53:26 - [MESSAGE][INFO] - Invoke 'com.kms.katalon.core.annotation.BeforeTestCase' method: 'Listener.sampleBeforeTestSuite(...)' completed.

2021-11-18 11:53:27 - [TEST_STEP][PASSED] - runFeatureFile("Include/features/e-Makbuz/e-Serbest Meslek Uygulaması/e-Serbest Meslek Makbuzlari/Toplu Indirme.feature"): Feature file: 'Include/features/e-Makbuz/e-Serbest Meslek Uygulaması/e-Serbest Meslek Makbuzlari/Toplu Indirme.feature' was passed

2021-11-18 11:53:27 - [MESSAGE][INFO] - Starting run keyword runFeatureFile: 'Include/features/e-Makbuz/e-Serbest Meslek Uygulaması/e-Serbest Meslek Makbuzlari/Toplu Indirme.feature' and extract report to folder: 'C:\Users\DELL\Documents\GitHub\EES_KatalonLogo\Reports\20211118_110909\Suite Repository\ExceleAktarVeTopluIndirme\20211118_110948/cucumber_report/1637225607506'...

2021-11-18 11:53:27 - [MESSAGE][INFO] - Glue: []

2021-11-18 11:53:29 - [MESSAGE][INFO] - Checking called Test Case

2021-11-18 11:53:29 - [MESSAGE][INFO] - Starting to call Test Case 'Test Cases/Sayfalar/Giris_Sayfasi/Login'

2021-11-18 11:53:29 - [TEST_CASE][PASSED] - Test Cases/Sayfalar/Giris_Sayfasi/Login: Test Cases/Sayfalar/Giris_Sayfasi/Login

2021-11-18 11:53:29 - [TEST_STEP][PASSED] - Sayfa_Basligi = getWindowTitle(): Current window's title is: 'LOGO e-Fatura'

2021-11-18 11:53:29 - [MESSAGE][INFO] - Getting current window's title

2021-11-18 11:53:29 - [MESSAGE][PASSED] - Current window's title is: 'LOGO e-Fatura'

2021-11-18 11:53:29 - [TEST_STEP][PASSED] - verifyMatch(Sayfa_Basligi, "LOGO e-Fatura", false): Actual text 'LOGO e-Fatura' and expected text 'LOGO e-Fatura' are matched 

2021-11-18 11:53:29 - [MESSAGE][INFO] - Matching actual text 'LOGO e-Fatura' with expected text 'LOGO e-Fatura'

2021-11-18 11:53:29 - [MESSAGE][PASSED] - Actual text 'LOGO e-Fatura' and expected text 'LOGO e-Fatura' are matched 

2021-11-18 11:53:29 - [TEST_STEP][PASSED] - sendKeys(findTestObject("Sayfalar/Giris_Sayfasi/Firma_Kodu"), KullaniciAdi): Keys 'ELOGO6' sent to object: 'Object Repository/Sayfalar/Giris_Sayfasi/Firma_Kodu'

2021-11-18 11:53:29 - [MESSAGE][INFO] - Finding Test Object 'Object Repository/Sayfalar/Giris_Sayfasi/Firma_Kodu'

2021-11-18 11:53:29 - [MESSAGE][INFO] - Sending keys 'ELOGO6' to object: 'Object Repository/Sayfalar/Giris_Sayfasi/Firma_Kodu'

2021-11-18 11:53:29 - [MESSAGE][INFO] - Finding web element from Test Object's properties

2021-11-18 11:53:29 - [MESSAGE][INFO] - Checking timeout

2021-11-18 11:53:29 - [MESSAGE][INFO] - Finding web element with id: 'Object Repository/Sayfalar/Giris_Sayfasi/Firma_Kodu' located by 'By.xpath: //*[@id = 'AccountName']' in '30' second(s)

2021-11-18 11:53:29 - [MESSAGE][INFO] - Smart Wait Function is triggered

2021-11-18 11:53:29 - [MESSAGE][INFO] - Found 1 web elements with id: 'Object Repository/Sayfalar/Giris_Sayfasi/Firma_Kodu' located by 'By.xpath: //*[@id = 'AccountName']' in '30' second(s)

2021-11-18 11:53:29 - [MESSAGE][PASSED] - Keys 'ELOGO6' sent to object: 'Object Repository/Sayfalar/Giris_Sayfasi/Firma_Kodu'

2021-11-18 11:53:29 - [TEST_STEP][PASSED] - sendKeys(findTestObject("Sayfalar/Giris_Sayfasi/Sifre"), Sifre): Keys '123456' sent to object: 'Object Repository/Sayfalar/Giris_Sayfasi/Sifre'

2021-11-18 11:53:29 - [MESSAGE][INFO] - Finding Test Object 'Object Repository/Sayfalar/Giris_Sayfasi/Sifre'

2021-11-18 11:53:29 - [MESSAGE][INFO] - Sending keys '123456' to object: 'Object Repository/Sayfalar/Giris_Sayfasi/Sifre'

2021-11-18 11:53:29 - [MESSAGE][INFO] - Finding web element from Test Object's properties

2021-11-18 11:53:29 - [MESSAGE][INFO] - Checking timeout

2021-11-18 11:53:29 - [MESSAGE][INFO] - Finding web element with id: 'Object Repository/Sayfalar/Giris_Sayfasi/Sifre' located by 'By.xpath: //*[@id = 'Password']' in '30' second(s)

2021-11-18 11:53:29 - [MESSAGE][INFO] - Smart Wait Function is triggered

2021-11-18 11:53:30 - [MESSAGE][INFO] - Found 1 web elements with id: 'Object Repository/Sayfalar/Giris_Sayfasi/Sifre' located by 'By.xpath: //*[@id = 'Password']' in '30' second(s)

2021-11-18 11:53:30 - [MESSAGE][PASSED] - Keys '123456' sent to object: 'Object Repository/Sayfalar/Giris_Sayfasi/Sifre'

2021-11-18 11:53:30 - [TEST_STEP][PASSED] - findWebElement(findTestObject("Sayfalar/Giris_Sayfasi/Giris_Butonu")).click(): Found 1 web elements with id: 'Object Repository/Sayfalar/Giris_Sayfasi/Giris_Butonu' located by 'By.cssSelector: #btnLogin' in '30' second(s)

2021-11-18 11:53:30 - [MESSAGE][INFO] - Finding Test Object 'Object Repository/Sayfalar/Giris_Sayfasi/Giris_Butonu'

2021-11-18 11:53:30 - [MESSAGE][INFO] - Finding web element from Test Object's properties

2021-11-18 11:53:30 - [MESSAGE][INFO] - Checking timeout

2021-11-18 11:53:30 - [MESSAGE][INFO] - Finding web element with id: 'Object Repository/Sayfalar/Giris_Sayfasi/Giris_Butonu' located by 'By.cssSelector: #btnLogin' in '30' second(s)

2021-11-18 11:53:30 - [MESSAGE][INFO] - Smart Wait Function is triggered

2021-11-18 11:53:30 - [MESSAGE][INFO] - Found 1 web elements with id: 'Object Repository/Sayfalar/Giris_Sayfasi/Giris_Butonu' located by 'By.cssSelector: #btnLogin' in '30' second(s)

2021-11-18 11:53:33 - [TEST_STEP][PASSED] - if (verifyElementPresent(findTestObject("Object Repository/Sayfalar/Giris_Sayfasi/RetveTamam_Butonu"), 5, OPTIONAL)): null

2021-11-18 11:53:33 - [MESSAGE][INFO] - Finding Test Object 'Object Repository/Sayfalar/Giris_Sayfasi/RetveTamam_Butonu'

2021-11-18 11:53:33 - [MESSAGE][INFO] - Checking object

2021-11-18 11:53:33 - [MESSAGE][INFO] - Finding web element from Test Object's properties

2021-11-18 11:53:33 - [MESSAGE][INFO] - Checking timeout

2021-11-18 11:53:33 - [MESSAGE][INFO] - Finding web element with id: 'Object Repository/Sayfalar/Giris_Sayfasi/RetveTamam_Butonu' located by 'By.xpath: //*[@class = 'btn btn-default']' in '5' second(s)

2021-11-18 11:53:33 - [MESSAGE][INFO] - Smart Wait Function is triggered

2021-11-18 11:53:33 - [MESSAGE][INFO] - Found 1 web elements with id: 'Object Repository/Sayfalar/Giris_Sayfasi/RetveTamam_Butonu' located by 'By.xpath: //*[@class = 'btn btn-default']' in '5' second(s)

2021-11-18 11:53:33 - [MESSAGE][PASSED] - Object 'Object Repository/Sayfalar/Giris_Sayfasi/RetveTamam_Butonu' is present

2021-11-18 11:53:33 - [TEST_STEP][PASSED] - click(findTestObject("Object Repository/Sayfalar/Giris_Sayfasi/RetveTamam_Butonu")): Object: 'Object Repository/Sayfalar/Giris_Sayfasi/RetveTamam_Butonu' is clicked on

2021-11-18 11:53:33 - [MESSAGE][INFO] - Finding Test Object 'Object Repository/Sayfalar/Giris_Sayfasi/RetveTamam_Butonu'

2021-11-18 11:53:33 - [MESSAGE][INFO] - Checking object

2021-11-18 11:53:33 - [MESSAGE][INFO] - Finding web element from Test Object's properties

2021-11-18 11:53:33 - [MESSAGE][INFO] - Checking timeout

2021-11-18 11:53:33 - [MESSAGE][INFO] - Finding web element with id: 'Object Repository/Sayfalar/Giris_Sayfasi/RetveTamam_Butonu' located by 'By.xpath: //*[@class = 'btn btn-default']' in '30' second(s)

2021-11-18 11:53:33 - [MESSAGE][INFO] - Smart Wait Function is triggered

2021-11-18 11:53:33 - [MESSAGE][INFO] - Found 1 web elements with id: 'Object Repository/Sayfalar/Giris_Sayfasi/RetveTamam_Butonu' located by 'By.xpath: //*[@class = 'btn btn-default']' in '30' second(s)

2021-11-18 11:53:33 - [MESSAGE][INFO] - Clicking on object: 'Object Repository/Sayfalar/Giris_Sayfasi/RetveTamam_Butonu'

2021-11-18 11:53:33 - [MESSAGE][PASSED] - Object: 'Object Repository/Sayfalar/Giris_Sayfasi/RetveTamam_Butonu' is clicked on

2021-11-18 11:53:33 - [TEST_STEP][PASSED] - click(findTestObject("Object Repository/Sayfalar/Giris_Sayfasi/RetveTamam_Butonu")): Object: 'Object Repository/Sayfalar/Giris_Sayfasi/RetveTamam_Butonu' is clicked on

2021-11-18 11:53:33 - [MESSAGE][INFO] - Finding Test Object 'Object Repository/Sayfalar/Giris_Sayfasi/RetveTamam_Butonu'

2021-11-18 11:53:34 - [MESSAGE][INFO] - Checking object

2021-11-18 11:53:34 - [MESSAGE][INFO] - Finding web element from Test Object's properties

2021-11-18 11:53:34 - [MESSAGE][INFO] - Checking timeout

2021-11-18 11:53:34 - [MESSAGE][INFO] - Finding web element with id: 'Object Repository/Sayfalar/Giris_Sayfasi/RetveTamam_Butonu' located by 'By.xpath: //*[@class = 'btn btn-default']' in '30' second(s)

2021-11-18 11:53:34 - [MESSAGE][INFO] - Smart Wait Function is triggered

2021-11-18 11:53:39 - [MESSAGE][INFO] - Found 1 web elements with id: 'Object Repository/Sayfalar/Giris_Sayfasi/RetveTamam_Butonu' located by 'By.xpath: //*[@class = 'btn btn-default']' in '30' second(s)

2021-11-18 11:53:39 - [MESSAGE][INFO] - Clicking on object: 'Object Repository/Sayfalar/Giris_Sayfasi/RetveTamam_Butonu'

2021-11-18 11:53:39 - [MESSAGE][PASSED] - Object: 'Object Repository/Sayfalar/Giris_Sayfasi/RetveTamam_Butonu' is clicked on

2021-11-18 11:53:39 - [TEST_STEP][PASSED] - if (verifyElementPresent(findTestObject("Sayfalar/Giris_Sayfasi/PopupOK"), 5, OPTIONAL)): null

2021-11-18 11:53:39 - [MESSAGE][INFO] - Finding Test Object 'Object Repository/Sayfalar/Giris_Sayfasi/PopupOK'

2021-11-18 11:53:39 - [MESSAGE][INFO] - Checking object

2021-11-18 11:53:39 - [MESSAGE][INFO] - Finding web element from Test Object's properties

2021-11-18 11:53:39 - [MESSAGE][INFO] - Checking timeout

2021-11-18 11:53:39 - [MESSAGE][INFO] - Finding web element with id: 'Object Repository/Sayfalar/Giris_Sayfasi/PopupOK' located by 'By.cssSelector: .btn.btn-success' in '5' second(s)

2021-11-18 11:53:39 - [MESSAGE][INFO] - Smart Wait Function is triggered

2021-11-18 11:53:40 - [MESSAGE][INFO] - Found 1 web elements with id: 'Object Repository/Sayfalar/Giris_Sayfasi/PopupOK' located by 'By.cssSelector: .btn.btn-success' in '5' second(s)

2021-11-18 11:53:40 - [MESSAGE][PASSED] - Object 'Object Repository/Sayfalar/Giris_Sayfasi/PopupOK' is present

2021-11-18 11:53:40 - [TEST_STEP][PASSED] - click(findTestObject("Object Repository/Sayfalar/Giris_Sayfasi/PopupCarpiGiris")): Object: 'Object Repository/Sayfalar/Giris_Sayfasi/PopupCarpiGiris' is clicked on

2021-11-18 11:53:40 - [MESSAGE][INFO] - Finding Test Object 'Object Repository/Sayfalar/Giris_Sayfasi/PopupCarpiGiris'

2021-11-18 11:53:40 - [MESSAGE][INFO] - Checking object

2021-11-18 11:53:40 - [MESSAGE][INFO] - Finding web element from Test Object's properties

2021-11-18 11:53:40 - [MESSAGE][INFO] - Checking timeout

2021-11-18 11:53:40 - [MESSAGE][INFO] - Finding web element with id: 'Object Repository/Sayfalar/Giris_Sayfasi/PopupCarpiGiris' located by 'By.cssSelector: .bootbox-close-button.close' in '30' second(s)

2021-11-18 11:53:40 - [MESSAGE][INFO] - Smart Wait Function is triggered

2021-11-18 11:53:40 - [MESSAGE][INFO] - Found 1 web elements with id: 'Object Repository/Sayfalar/Giris_Sayfasi/PopupCarpiGiris' located by 'By.cssSelector: .bootbox-close-button.close' in '30' second(s)

2021-11-18 11:53:40 - [MESSAGE][INFO] - Clicking on object: 'Object Repository/Sayfalar/Giris_Sayfasi/PopupCarpiGiris'

2021-11-18 11:53:40 - [MESSAGE][PASSED] - Object: 'Object Repository/Sayfalar/Giris_Sayfasi/PopupCarpiGiris' is clicked on

2021-11-18 11:53:40 - [TEST_STEP][PASSED] - verifyElementVisible(findTestObject("Object Repository/Kullanici_Islemleri/KullaniciIslemleri")): Object 'Object Repository/Kullanici_Islemleri/KullaniciIslemleri' is visible

2021-11-18 11:53:40 - [MESSAGE][INFO] - Finding Test Object 'Object Repository/Kullanici_Islemleri/KullaniciIslemleri'

2021-11-18 11:53:41 - [MESSAGE][INFO] - Checking object

2021-11-18 11:53:41 - [MESSAGE][INFO] - Finding web element from Test Object's properties

2021-11-18 11:53:41 - [MESSAGE][INFO] - Checking timeout

2021-11-18 11:53:41 - [MESSAGE][INFO] - Finding web element with id: 'Object Repository/Kullanici_Islemleri/KullaniciIslemleri' located by 'By.cssSelector: .dropdown>a>img' in '30' second(s)

2021-11-18 11:53:41 - [MESSAGE][INFO] - Smart Wait Function is triggered

2021-11-18 11:53:41 - [MESSAGE][INFO] - Found 1 web elements with id: 'Object Repository/Kullanici_Islemleri/KullaniciIslemleri' located by 'By.cssSelector: .dropdown>a>img' in '30' second(s)

2021-11-18 11:53:41 - [MESSAGE][PASSED] - Object 'Object Repository/Kullanici_Islemleri/KullaniciIslemleri' is visible

2021-11-18 11:53:41 - [MESSAGE][PASSED] - Call Test Case 'Test Cases/Sayfalar/Giris_Sayfasi/Login' successfully

2021-11-18 11:53:41 - [MESSAGE][INFO] - Checking called Test Case

2021-11-18 11:53:41 - [MESSAGE][INFO] - Starting to call Test Case 'Test Cases/Menu/AnaMenuSecimi'

2021-11-18 11:53:41 - [TEST_CASE][PASSED] - Test Cases/Menu/AnaMenuSecimi: Test Cases/Menu/AnaMenuSecimi

2021-11-18 11:53:41 - [TEST_STEP][PASSED] - Method.TextDegerineEsitElementeTikla(findTestObject("Menu/Ana_Menu"), Ana_Menu): Method.TextDegerineEsitElementeTikla is PASSED

2021-11-18 11:53:41 - [MESSAGE][INFO] - Finding Test Object 'Object Repository/Menu/Ana_Menu'

2021-11-18 11:53:41 - [MESSAGE][INFO] - Checking timeout

2021-11-18 11:53:41 - [MESSAGE][INFO] - Finding web element with id: 'Object Repository/Menu/Ana_Menu' located by 'By.xpath: //*[@class = 'dropdown-toggle']' in '10' second(s)

2021-11-18 11:53:41 - [MESSAGE][INFO] - Smart Wait Function is triggered

2021-11-18 11:53:42 - [MESSAGE][INFO] - Found 14 web elements with id: 'Object Repository/Menu/Ana_Menu' located by 'By.xpath: //*[@class = 'dropdown-toggle']' in '10' second(s)

2021-11-18 11:53:42 - [MESSAGE][PASSED] - Method.TextDegerineEsitElementeTikla is PASSED

2021-11-18 11:53:42 - [MESSAGE][PASSED] - Call Test Case 'Test Cases/Menu/AnaMenuSecimi' successfully

2021-11-18 11:53:42 - [MESSAGE][INFO] - Checking called Test Case

2021-11-18 11:53:42 - [MESSAGE][INFO] - Starting to call Test Case 'Test Cases/Menu/BasligaGoreAltMenuSecimi'

2021-11-18 11:53:42 - [TEST_CASE][PASSED] - Test Cases/Menu/BasligaGoreAltMenuSecimi: Test Cases/Menu/BasligaGoreAltMenuSecimi

2021-11-18 11:53:42 - [TEST_STEP][PASSED] - Method.TextDegerineEsitElementinAltindakiTextDegerineEsitOlanaTikla(findTestObject("Menu/Menu_Basligi"), findTestObject("Menu/Basliga_Gore_Alt_Menu"), Baslik, Alt_Menu): Method.TextDegerineEsitElementinAltindakiTextDegerineEsitOlanaTikla is PASSED

2021-11-18 11:53:42 - [MESSAGE][INFO] - Finding Test Object 'Object Repository/Menu/Menu_Basligi'

2021-11-18 11:53:42 - [MESSAGE][INFO] - Finding Test Object 'Object Repository/Menu/Basliga_Gore_Alt_Menu'

2021-11-18 11:53:42 - [MESSAGE][INFO] - Checking timeout

2021-11-18 11:53:42 - [MESSAGE][INFO] - Finding web element with id: 'Object Repository/Menu/Menu_Basligi' located by 'By.xpath: //li[@class='dropdown dropdown-large open']//li[@class='dropdown-header']' in '10' second(s)

2021-11-18 11:53:42 - [MESSAGE][INFO] - Smart Wait Function is triggered

2021-11-18 11:53:43 - [MESSAGE][INFO] - Found 2 web elements with id: 'Object Repository/Menu/Menu_Basligi' located by 'By.xpath: //li[@class='dropdown dropdown-large open']//li[@class='dropdown-header']' in '10' second(s)

2021-11-18 11:53:43 - [MESSAGE][INFO] - Smart Wait Function is triggered

2021-11-18 11:53:45 - [MESSAGE][PASSED] - Method.TextDegerineEsitElementinAltindakiTextDegerineEsitOlanaTikla is PASSED

2021-11-18 11:53:45 - [MESSAGE][PASSED] - Call Test Case 'Test Cases/Menu/BasligaGoreAltMenuSecimi' successfully

2021-11-18 11:53:45 - [MESSAGE][INFO] - Checking called Test Case

2021-11-18 11:53:45 - [MESSAGE][INFO] - Starting to call Test Case 'Test Cases/Filtreler/BaslangicYaz'

2021-11-18 11:53:45 - [TEST_CASE][PASSED] - Test Cases/Filtreler/BaslangicYaz: Test Cases/Filtreler/BaslangicYaz

2021-11-18 11:53:45 - [TEST_STEP][PASSED] - delay(3): Delayed 3 second(s)

2021-11-18 11:53:45 - [MESSAGE][INFO] - Delaying browser in 3 second(s)

2021-11-18 11:53:48 - [MESSAGE][PASSED] - Delayed 3 second(s)

2021-11-18 11:53:48 - [TEST_STEP][PASSED] - Method.TextDegerineEsitElementinAltindakineTikla(findTestObject("Filtreler/Basliklar"), findTestObject("Filtreler/Basliga_Gore_Baslangic_Image"), Filtre_Adi): Method.TextDegerineEsitElementinAltindakineTikla is PASSED

2021-11-18 11:53:48 - [MESSAGE][INFO] - Finding Test Object 'Object Repository/Filtreler/Basliklar'

2021-11-18 11:53:48 - [MESSAGE][INFO] - Finding Test Object 'Object Repository/Filtreler/Basliga_Gore_Baslangic_Image'

2021-11-18 11:53:48 - [MESSAGE][INFO] - Checking timeout

2021-11-18 11:53:48 - [MESSAGE][INFO] - Finding web element with id: 'Object Repository/Filtreler/Basliklar' located by 'By.cssSelector: .control-label.col-sm-4.paddingMarginRLC' in '10' second(s)

2021-11-18 11:53:48 - [MESSAGE][INFO] - Smart Wait Function is triggered

2021-11-18 11:53:48 - [MESSAGE][INFO] - Found 13 web elements with id: 'Object Repository/Filtreler/Basliklar' located by 'By.cssSelector: .control-label.col-sm-4.paddingMarginRLC' in '10' second(s)

2021-11-18 11:53:48 - [MESSAGE][INFO] - Smart Wait Function is triggered

2021-11-18 11:53:49 - [MESSAGE][PASSED] - Method.TextDegerineEsitElementinAltindakineTikla is PASSED

2021-11-18 11:53:49 - [TEST_STEP][PASSED] - Method.TextDegerineEsitElementinAltindakiTextboxtaYaz(findTestObject("Filtreler/Basliklar"), findTestObject("Filtreler/Basliga_Gore_Baslangic"), Filtre_Adi, Filtre_Degeri): Method.TextDegerineEsitElementinAltindakiTextboxtaYaz is PASSED

2021-11-18 11:53:49 - [MESSAGE][INFO] - Finding Test Object 'Object Repository/Filtreler/Basliklar'

2021-11-18 11:53:49 - [MESSAGE][INFO] - Finding Test Object 'Object Repository/Filtreler/Basliga_Gore_Baslangic'

2021-11-18 11:53:49 - [MESSAGE][INFO] - Checking timeout

2021-11-18 11:53:49 - [MESSAGE][INFO] - Finding web element with id: 'Object Repository/Filtreler/Basliklar' located by 'By.cssSelector: .control-label.col-sm-4.paddingMarginRLC' in '10' second(s)

2021-11-18 11:53:49 - [MESSAGE][INFO] - Smart Wait Function is triggered

2021-11-18 11:53:49 - [MESSAGE][INFO] - Found 13 web elements with id: 'Object Repository/Filtreler/Basliklar' located by 'By.cssSelector: .control-label.col-sm-4.paddingMarginRLC' in '10' second(s)

2021-11-18 11:53:49 - [MESSAGE][INFO] - Smart Wait Function is triggered

2021-11-18 11:53:50 - [MESSAGE][PASSED] - Method.TextDegerineEsitElementinAltindakiTextboxtaYaz is PASSED

2021-11-18 11:53:50 - [MESSAGE][PASSED] - Call Test Case 'Test Cases/Filtreler/BaslangicYaz' successfully

2021-11-18 11:53:50 - [MESSAGE][INFO] - Checking called Test Case

2021-11-18 11:53:50 - [MESSAGE][INFO] - Starting to call Test Case 'Test Cases/Filtreler/BitisYaz'

2021-11-18 11:53:50 - [TEST_CASE][PASSED] - Test Cases/Filtreler/BitisYaz: Test Cases/Filtreler/BitisYaz

2021-11-18 11:53:50 - [TEST_STEP][PASSED] - Method.TextDegerineEsitElementinAltindakineTikla(findTestObject("Filtreler/Basliklar"), findTestObject("Filtreler/Basliga_Gore_Bitis_Image"), Filtre_Adi): Method.TextDegerineEsitElementinAltindakineTikla is PASSED

2021-11-18 11:53:50 - [MESSAGE][INFO] - Finding Test Object 'Object Repository/Filtreler/Basliklar'

2021-11-18 11:53:50 - [MESSAGE][INFO] - Finding Test Object 'Object Repository/Filtreler/Basliga_Gore_Bitis_Image'

2021-11-18 11:53:50 - [MESSAGE][INFO] - Checking timeout

2021-11-18 11:53:50 - [MESSAGE][INFO] - Finding web element with id: 'Object Repository/Filtreler/Basliklar' located by 'By.cssSelector: .control-label.col-sm-4.paddingMarginRLC' in '10' second(s)

2021-11-18 11:53:50 - [MESSAGE][INFO] - Smart Wait Function is triggered

2021-11-18 11:53:50 - [MESSAGE][INFO] - Found 13 web elements with id: 'Object Repository/Filtreler/Basliklar' located by 'By.cssSelector: .control-label.col-sm-4.paddingMarginRLC' in '10' second(s)

2021-11-18 11:53:50 - [MESSAGE][INFO] - Smart Wait Function is triggered

2021-11-18 11:53:50 - [MESSAGE][PASSED] - Method.TextDegerineEsitElementinAltindakineTikla is PASSED

2021-11-18 11:53:50 - [TEST_STEP][PASSED] - Method.TextDegerineEsitElementinAltindakiTextboxtaYaz(findTestObject("Filtreler/Basliklar"), findTestObject("Object Repository/Filtreler/Basliga_Gore_Bitis"), Filtre_Adi, Filtre_Degeri): Method.TextDegerineEsitElementinAltindakiTextboxtaYaz is PASSED

2021-11-18 11:53:50 - [MESSAGE][INFO] - Finding Test Object 'Object Repository/Filtreler/Basliklar'

2021-11-18 11:53:51 - [MESSAGE][INFO] - Finding Test Object 'Object Repository/Filtreler/Basliga_Gore_Bitis'

2021-11-18 11:53:51 - [MESSAGE][INFO] - Checking timeout

2021-11-18 11:53:51 - [MESSAGE][INFO] - Finding web element with id: 'Object Repository/Filtreler/Basliklar' located by 'By.cssSelector: .control-label.col-sm-4.paddingMarginRLC' in '10' second(s)

2021-11-18 11:53:51 - [MESSAGE][INFO] - Smart Wait Function is triggered

2021-11-18 11:53:51 - [MESSAGE][INFO] - Found 13 web elements with id: 'Object Repository/Filtreler/Basliklar' located by 'By.cssSelector: .control-label.col-sm-4.paddingMarginRLC' in '10' second(s)

2021-11-18 11:53:51 - [MESSAGE][INFO] - Smart Wait Function is triggered

2021-11-18 11:53:51 - [MESSAGE][PASSED] - Method.TextDegerineEsitElementinAltindakiTextboxtaYaz is PASSED

2021-11-18 11:53:51 - [MESSAGE][PASSED] - Call Test Case 'Test Cases/Filtreler/BitisYaz' successfully

2021-11-18 11:53:51 - [MESSAGE][INFO] - Checking called Test Case

2021-11-18 11:53:51 - [MESSAGE][INFO] - Starting to call Test Case 'Test Cases/Filtreler/TexboxaYaz'

2021-11-18 11:53:51 - [TEST_CASE][PASSED] - Test Cases/Filtreler/TexboxaYaz: Test Cases/Filtreler/TexboxaYaz

2021-11-18 11:53:51 - [TEST_STEP][PASSED] - Method.TextDegerineEsitElementinAltindakiTextboxtaYaz(findTestObject("Filtreler/Basliklar"), findTestObject("Filtreler/Basliga_Gore_Textbox"), Filtre_Adi, Filtre_Degeri): Method.TextDegerineEsitElementinAltindakiTextboxtaYaz is PASSED

2021-11-18 11:53:51 - [MESSAGE][INFO] - Finding Test Object 'Object Repository/Filtreler/Basliklar'

2021-11-18 11:53:52 - [MESSAGE][INFO] - Finding Test Object 'Object Repository/Filtreler/Basliga_Gore_Textbox'

2021-11-18 11:53:52 - [MESSAGE][INFO] - Checking timeout

2021-11-18 11:53:52 - [MESSAGE][INFO] - Finding web element with id: 'Object Repository/Filtreler/Basliklar' located by 'By.cssSelector: .control-label.col-sm-4.paddingMarginRLC' in '10' second(s)

2021-11-18 11:53:52 - [MESSAGE][INFO] - Smart Wait Function is triggered

2021-11-18 11:53:52 - [MESSAGE][INFO] - Found 13 web elements with id: 'Object Repository/Filtreler/Basliklar' located by 'By.cssSelector: .control-label.col-sm-4.paddingMarginRLC' in '10' second(s)

2021-11-18 11:53:52 - [MESSAGE][INFO] - Smart Wait Function is triggered

2021-11-18 11:53:53 - [MESSAGE][PASSED] - Method.TextDegerineEsitElementinAltindakiTextboxtaYaz is PASSED

2021-11-18 11:53:53 - [MESSAGE][PASSED] - Call Test Case 'Test Cases/Filtreler/TexboxaYaz' successfully

2021-11-18 11:53:53 - [MESSAGE][INFO] - Checking called Test Case

2021-11-18 11:53:53 - [MESSAGE][INFO] - Starting to call Test Case 'Test Cases/Filtreler/ButonaTikla'

2021-11-18 11:53:53 - [TEST_CASE][PASSED] - Test Cases/Filtreler/ButonaTikla: Test Cases/Filtreler/ButonaTikla

2021-11-18 11:53:53 - [TEST_STEP][PASSED] - Method.TextDegerineEsitElementeTikla(findTestObject("Filtreler/Butonlar"), Filtre_Buton): Method.TextDegerineEsitElementeTikla is PASSED

2021-11-18 11:53:53 - [MESSAGE][INFO] - Finding Test Object 'Object Repository/Filtreler/Butonlar'

2021-11-18 11:53:53 - [MESSAGE][INFO] - Checking timeout

2021-11-18 11:53:53 - [MESSAGE][INFO] - Finding web element with id: 'Object Repository/Filtreler/Butonlar' located by 'By.cssSelector: .dxb>span' in '10' second(s)

2021-11-18 11:53:53 - [MESSAGE][INFO] - Smart Wait Function is triggered

2021-11-18 11:53:53 - [MESSAGE][INFO] - Found 3 web elements with id: 'Object Repository/Filtreler/Butonlar' located by 'By.cssSelector: .dxb>span' in '10' second(s)

2021-11-18 11:53:53 - [MESSAGE][PASSED] - Method.TextDegerineEsitElementeTikla is PASSED

2021-11-18 11:53:53 - [MESSAGE][PASSED] - Call Test Case 'Test Cases/Filtreler/ButonaTikla' successfully

2021-11-18 11:53:53 - [MESSAGE][INFO] - Checking called Test Case

2021-11-18 11:53:53 - [MESSAGE][INFO] - Starting to call Test Case 'Test Cases/Tablo/TablodaVeriVarMi'

2021-11-18 11:53:53 - [TEST_CASE][PASSED] - Test Cases/Tablo/TablodaVeriVarMi: Test Cases/Tablo/TablodaVeriVarMi

2021-11-18 11:53:53 - [TEST_STEP][PASSED] - verifyTextNotPresent("Görüntülenecek veri yok", true): Text 'Görüntülenecek veri yok' is not present on page using regular expression

2021-11-18 11:53:53 - [MESSAGE][INFO] - Checking text present  using regular expression

2021-11-18 11:53:53 - [MESSAGE][INFO] - Smart Wait Function is triggered

2021-11-18 11:53:54 - [MESSAGE][INFO] - Finding text 'Görüntülenecek veri yok' on page  using regular expression

2021-11-18 11:53:54 - [MESSAGE][PASSED] - Text 'Görüntülenecek veri yok' is not present on page using regular expression

2021-11-18 11:53:54 - [MESSAGE][PASSED] - Call Test Case 'Test Cases/Tablo/TablodaVeriVarMi' successfully

2021-11-18 11:53:54 - [MESSAGE][INFO] - Checking called Test Case

2021-11-18 11:53:54 - [MESSAGE][INFO] - Starting to call Test Case 'Test Cases/Tablo/TablodanVeriSec'

2021-11-18 11:53:54 - [TEST_CASE][PASSED] - Test Cases/Tablo/TablodanVeriSec: Test Cases/Tablo/TablodanVeriSec

2021-11-18 11:53:54 - [TEST_STEP][PASSED] - Method.TextDegerineEsitElementinAltindakineTikla(findTestObject("Tablo/Veriler"), findTestObject("Tablo/VerininCheckBoxi"), Veri_Adi): Method.TextDegerineEsitElementinAltindakineTikla is PASSED

2021-11-18 11:53:54 - [MESSAGE][INFO] - Finding Test Object 'Object Repository/Tablo/Veriler'

2021-11-18 11:53:54 - [MESSAGE][INFO] - Finding Test Object 'Object Repository/Tablo/VerininCheckBoxi'

2021-11-18 11:53:55 - [MESSAGE][INFO] - Checking timeout

2021-11-18 11:53:55 - [MESSAGE][INFO] - Finding web element with id: 'Object Repository/Tablo/Veriler' located by 'By.cssSelector: td.dxgv b ,td.dxgv' in '10' second(s)

2021-11-18 11:53:55 - [MESSAGE][INFO] - Smart Wait Function is triggered

2021-11-18 11:53:55 - [MESSAGE][INFO] - Found 26 web elements with id: 'Object Repository/Tablo/Veriler' located by 'By.cssSelector: td.dxgv b ,td.dxgv' in '10' second(s)

2021-11-18 11:53:55 - [MESSAGE][INFO] - Smart Wait Function is triggered

2021-11-18 11:53:55 - [MESSAGE][PASSED] - Method.TextDegerineEsitElementinAltindakineTikla is PASSED

2021-11-18 11:53:55 - [MESSAGE][PASSED] - Call Test Case 'Test Cases/Tablo/TablodanVeriSec' successfully

2021-11-18 11:53:55 - [MESSAGE][INFO] - Checking called Test Case

2021-11-18 11:53:55 - [MESSAGE][INFO] - Starting to call Test Case 'Test Cases/Butonlar/ButonaTikla'

2021-11-18 11:53:55 - [TEST_CASE][PASSED] - Test Cases/Butonlar/ButonaTikla: Test Cases/Butonlar/ButonaTikla

2021-11-18 11:53:55 - [TEST_STEP][PASSED] - Method.TextDegerineEsitElementeTiklaEquals(findTestObject("Butonlar/Butonlar"), Buton_Adi): Method.TextDegerineEsitElementeTiklaEquals is PASSED

2021-11-18 11:53:55 - [MESSAGE][INFO] - Finding Test Object 'Object Repository/Butonlar/Butonlar'

2021-11-18 11:53:55 - [MESSAGE][INFO] - Checking timeout

2021-11-18 11:53:55 - [MESSAGE][INFO] - Finding web element with id: 'Object Repository/Butonlar/Butonlar' located by 'By.cssSelector: .panel.panel-default.text-center.footerPanel .btn,.btn.btn-primary.btnControls' in '10' second(s)

2021-11-18 11:53:55 - [MESSAGE][INFO] - Smart Wait Function is triggered

2021-11-18 11:53:56 - [MESSAGE][INFO] - Found 11 web elements with id: 'Object Repository/Butonlar/Butonlar' located by 'By.cssSelector: .panel.panel-default.text-center.footerPanel .btn,.btn.btn-primary.btnControls' in '10' second(s)

2021-11-18 11:53:56 - [MESSAGE][PASSED] - Method.TextDegerineEsitElementeTiklaEquals is PASSED

2021-11-18 11:53:56 - [MESSAGE][PASSED] - Call Test Case 'Test Cases/Butonlar/ButonaTikla' successfully

2021-11-18 11:53:56 - [MESSAGE][INFO] - Checking called Test Case

2021-11-18 11:53:56 - [MESSAGE][INFO] - Starting to call Test Case 'Test Cases/Butonlar/AltButonaTikla'

2021-11-18 11:53:56 - [TEST_CASE][PASSED] - Test Cases/Butonlar/AltButonaTikla: Test Cases/Butonlar/AltButonaTikla

2021-11-18 11:53:56 - [TEST_STEP][PASSED] - Method.TextDegerineEsitElementeTikla(findTestObject("Butonlar/AltButonlar"), Alt_Buton): Method.TextDegerineEsitElementeTikla is PASSED

2021-11-18 11:53:56 - [MESSAGE][INFO] - Finding Test Object 'Object Repository/Butonlar/AltButonlar'

2021-11-18 11:53:56 - [MESSAGE][INFO] - Checking timeout

2021-11-18 11:53:56 - [MESSAGE][INFO] - Finding web element with id: 'Object Repository/Butonlar/AltButonlar' located by 'By.cssSelector: .btn-group.open li>a' in '10' second(s)

2021-11-18 11:53:56 - [MESSAGE][INFO] - Smart Wait Function is triggered

2021-11-18 11:53:56 - [MESSAGE][INFO] - Found 4 web elements with id: 'Object Repository/Butonlar/AltButonlar' located by 'By.cssSelector: .btn-group.open li>a' in '10' second(s)

2021-11-18 11:53:56 - [MESSAGE][PASSED] - Method.TextDegerineEsitElementeTikla is PASSED

2021-11-18 11:53:56 - [MESSAGE][PASSED] - Call Test Case 'Test Cases/Butonlar/AltButonaTikla' successfully

2021-11-18 11:53:56 - [MESSAGE][INFO] - Checking called Test Case

2021-11-18 11:53:56 - [MESSAGE][INFO] - Starting to call Test Case 'Test Cases/Popup/PopupMesajiIceriyorMu'

2021-11-18 11:53:56 - [TEST_CASE][PASSED] - Test Cases/Popup/PopupMesajiIceriyorMu: Test Cases/Popup/PopupMesajiIceriyorMu

2021-11-18 11:53:56 - [TEST_STEP][PASSED] - waitForElementVisible(findTestObject("Popup/Popup"), 10): Object 'Object Repository/Popup/Popup' is visible

2021-11-18 11:53:56 - [MESSAGE][INFO] - Finding Test Object 'Object Repository/Popup/Popup'

2021-11-18 11:53:57 - [MESSAGE][INFO] - Checking object

2021-11-18 11:53:57 - [MESSAGE][INFO] - Checking timeout

2021-11-18 11:53:57 - [MESSAGE][INFO] - Finding web element from Test Object's properties

2021-11-18 11:53:57 - [MESSAGE][INFO] - Checking timeout

2021-11-18 11:53:57 - [MESSAGE][INFO] - Finding web element with id: 'Object Repository/Popup/Popup' located by 'By.cssSelector: .bootbox-body' in '10' second(s)

2021-11-18 11:53:57 - [MESSAGE][INFO] - Smart Wait Function is triggered

2021-11-18 11:53:57 - [MESSAGE][INFO] - Found 1 web elements with id: 'Object Repository/Popup/Popup' located by 'By.cssSelector: .bootbox-body' in '10' second(s)

2021-11-18 11:53:57 - [MESSAGE][PASSED] - Object 'Object Repository/Popup/Popup' is visible

2021-11-18 11:53:57 - [TEST_STEP][PASSED] - if (!(getText(findTestObject("Popup/Popup")).contains(Mesaj))): Text of object 'Object Repository/Popup/Popup' is: 'Lütfen rapor bildiriminin gönderileceği e-posta adresini belirtiniz.
e-Posta Adresi'

2021-11-18 11:53:57 - [MESSAGE][INFO] - Finding Test Object 'Object Repository/Popup/Popup'

2021-11-18 11:53:57 - [MESSAGE][INFO] - Checking object

2021-11-18 11:53:57 - [MESSAGE][INFO] - Finding web element from Test Object's properties

2021-11-18 11:53:57 - [MESSAGE][INFO] - Checking timeout

2021-11-18 11:53:57 - [MESSAGE][INFO] - Finding web element with id: 'Object Repository/Popup/Popup' located by 'By.cssSelector: .bootbox-body' in '30' second(s)

2021-11-18 11:53:57 - [MESSAGE][INFO] - Smart Wait Function is triggered

2021-11-18 11:53:58 - [MESSAGE][INFO] - Found 1 web elements with id: 'Object Repository/Popup/Popup' located by 'By.cssSelector: .bootbox-body' in '30' second(s)

2021-11-18 11:53:58 - [MESSAGE][INFO] - Getting text of object 'Object Repository/Popup/Popup'

2021-11-18 11:53:58 - [MESSAGE][PASSED] - Text of object 'Object Repository/Popup/Popup' is: 'Lütfen rapor bildiriminin gönderileceği e-posta adresini belirtiniz.
e-Posta Adresi'

2021-11-18 11:53:58 - [TEST_STEP][PASSED] - RaporNo = getText(findTestObject("Popup/Popup")).substring(0, 6): Text of object 'Object Repository/Popup/Popup' is: 'Lütfen rapor bildiriminin gönderileceği e-posta adresini belirtiniz.
e-Posta Adresi'

2021-11-18 11:53:58 - [MESSAGE][INFO] - Finding Test Object 'Object Repository/Popup/Popup'

2021-11-18 11:53:58 - [MESSAGE][INFO] - Checking object

2021-11-18 11:53:58 - [MESSAGE][INFO] - Finding web element from Test Object's properties

2021-11-18 11:53:58 - [MESSAGE][INFO] - Checking timeout

2021-11-18 11:53:58 - [MESSAGE][INFO] - Finding web element with id: 'Object Repository/Popup/Popup' located by 'By.cssSelector: .bootbox-body' in '30' second(s)

2021-11-18 11:53:58 - [MESSAGE][INFO] - Smart Wait Function is triggered

2021-11-18 11:53:58 - [MESSAGE][INFO] - Found 1 web elements with id: 'Object Repository/Popup/Popup' located by 'By.cssSelector: .bootbox-body' in '30' second(s)

2021-11-18 11:53:58 - [MESSAGE][INFO] - Getting text of object 'Object Repository/Popup/Popup'

2021-11-18 11:53:58 - [MESSAGE][PASSED] - Text of object 'Object Repository/Popup/Popup' is: 'Lütfen rapor bildiriminin gönderileceği e-posta adresini belirtiniz.
e-Posta Adresi'

2021-11-18 11:53:58 - [TEST_STEP][PASSED] - Console.println(RaporNo): null

2021-11-18 11:53:58 - [MESSAGE][PASSED] - Call Test Case 'Test Cases/Popup/PopupMesajiIceriyorMu' successfully

2021-11-18 11:53:58 - [MESSAGE][INFO] - Checking called Test Case

2021-11-18 11:53:58 - [MESSAGE][INFO] - Starting to call Test Case 'Test Cases/Popup/PopupaEmailEklenir'

2021-11-18 11:53:58 - [TEST_CASE][PASSED] - Test Cases/Popup/PopupaEmailEklenir: Test Cases/Popup/PopupaEmailEklenir

2021-11-18 11:53:58 - [TEST_STEP][PASSED] - clearText(findTestObject("Popup/EmailText")): Text of object 'Object Repository/Popup/EmailText' is cleared

2021-11-18 11:53:58 - [MESSAGE][INFO] - Finding Test Object 'Object Repository/Popup/EmailText'

2021-11-18 11:53:58 - [MESSAGE][INFO] - Checking object

2021-11-18 11:53:58 - [MESSAGE][INFO] - Finding web element from Test Object's properties

2021-11-18 11:53:58 - [MESSAGE][INFO] - Checking timeout

2021-11-18 11:53:58 - [MESSAGE][INFO] - Finding web element with id: 'Object Repository/Popup/EmailText' located by 'By.xpath: //*[@id="eMails"]' in '30' second(s)

2021-11-18 11:53:58 - [MESSAGE][INFO] - Smart Wait Function is triggered

2021-11-18 11:53:59 - [MESSAGE][INFO] - Found 1 web elements with id: 'Object Repository/Popup/EmailText' located by 'By.xpath: //*[@id="eMails"]' in '30' second(s)

2021-11-18 11:53:59 - [MESSAGE][INFO] - Clearing text of object 'Object Repository/Popup/EmailText'

2021-11-18 11:53:59 - [MESSAGE][PASSED] - Text of object 'Object Repository/Popup/EmailText' is cleared

2021-11-18 11:53:59 - [TEST_STEP][PASSED] - sendKeys(findTestObject("Popup/EmailText"), Email): Keys 'elogotest@gmail.com;ali.kara@logo.com.tr' sent to object: 'Object Repository/Popup/EmailText'

2021-11-18 11:53:59 - [MESSAGE][INFO] - Finding Test Object 'Object Repository/Popup/EmailText'

2021-11-18 11:53:59 - [MESSAGE][INFO] - Sending keys 'elogotest@gmail.com;ali.kara@logo.com.tr' to object: 'Object Repository/Popup/EmailText'

2021-11-18 11:53:59 - [MESSAGE][INFO] - Finding web element from Test Object's properties

2021-11-18 11:53:59 - [MESSAGE][INFO] - Checking timeout

2021-11-18 11:53:59 - [MESSAGE][INFO] - Finding web element with id: 'Object Repository/Popup/EmailText' located by 'By.xpath: //*[@id="eMails"]' in '30' second(s)

2021-11-18 11:53:59 - [MESSAGE][INFO] - Smart Wait Function is triggered

2021-11-18 11:53:59 - [MESSAGE][INFO] - Found 1 web elements with id: 'Object Repository/Popup/EmailText' located by 'By.xpath: //*[@id="eMails"]' in '30' second(s)

2021-11-18 11:53:59 - [MESSAGE][PASSED] - Keys 'elogotest@gmail.com;ali.kara@logo.com.tr' sent to object: 'Object Repository/Popup/EmailText'

2021-11-18 11:53:59 - [MESSAGE][PASSED] - Call Test Case 'Test Cases/Popup/PopupaEmailEklenir' successfully

2021-11-18 11:53:59 - [MESSAGE][INFO] - Checking called Test Case

2021-11-18 11:53:59 - [MESSAGE][INFO] - Starting to call Test Case 'Test Cases/Popup/PopupButonSecilir'

2021-11-18 11:53:59 - [TEST_CASE][PASSED] - Test Cases/Popup/PopupButonSecilir: Test Cases/Popup/PopupButonSecilir

2021-11-18 11:53:59 - [TEST_STEP][PASSED] - Method.TextDegerineEsitElementeTikla(findTestObject("Popup/Popup_Butons"), Buton): Method.TextDegerineEsitElementeTikla is PASSED

2021-11-18 11:53:59 - [MESSAGE][INFO] - Finding Test Object 'Object Repository/Popup/Popup_Butons'

2021-11-18 11:53:59 - [MESSAGE][INFO] - Checking timeout

2021-11-18 11:53:59 - [MESSAGE][INFO] - Finding web element with id: 'Object Repository/Popup/Popup_Butons' located by 'By.cssSelector: .modal-footer>button' in '10' second(s)

2021-11-18 11:53:59 - [MESSAGE][INFO] - Smart Wait Function is triggered

2021-11-18 11:53:59 - [MESSAGE][INFO] - Found 2 web elements with id: 'Object Repository/Popup/Popup_Butons' located by 'By.cssSelector: .modal-footer>button' in '10' second(s)

2021-11-18 11:54:00 - [MESSAGE][PASSED] - Method.TextDegerineEsitElementeTikla is PASSED

2021-11-18 11:54:00 - [MESSAGE][PASSED] - Call Test Case 'Test Cases/Popup/PopupButonSecilir' successfully

2021-11-18 11:54:00 - [MESSAGE][INFO] - Checking called Test Case

2021-11-18 11:54:00 - [MESSAGE][INFO] - Starting to call Test Case 'Test Cases/Popup/PopupMesajiIceriyorMu'

2021-11-18 11:54:00 - [TEST_CASE][PASSED] - Test Cases/Popup/PopupMesajiIceriyorMu: Test Cases/Popup/PopupMesajiIceriyorMu

2021-11-18 11:54:00 - [TEST_STEP][PASSED] - waitForElementVisible(findTestObject("Popup/Popup"), 10): Object 'Object Repository/Popup/Popup' is visible

2021-11-18 11:54:00 - [MESSAGE][INFO] - Finding Test Object 'Object Repository/Popup/Popup'

2021-11-18 11:54:00 - [MESSAGE][INFO] - Checking object

2021-11-18 11:54:00 - [MESSAGE][INFO] - Checking timeout

2021-11-18 11:54:00 - [MESSAGE][INFO] - Finding web element from Test Object's properties

2021-11-18 11:54:00 - [MESSAGE][INFO] - Checking timeout

2021-11-18 11:54:00 - [MESSAGE][INFO] - Finding web element with id: 'Object Repository/Popup/Popup' located by 'By.cssSelector: .bootbox-body' in '10' second(s)

2021-11-18 11:54:00 - [MESSAGE][INFO] - Smart Wait Function is triggered

2021-11-18 11:54:00 - [MESSAGE][INFO] - Found 1 web elements with id: 'Object Repository/Popup/Popup' located by 'By.cssSelector: .bootbox-body' in '10' second(s)

2021-11-18 11:54:00 - [MESSAGE][PASSED] - Object 'Object Repository/Popup/Popup' is visible

2021-11-18 11:54:00 - [TEST_STEP][PASSED] - if (!(getText(findTestObject("Popup/Popup")).contains(Mesaj))): Text of object 'Object Repository/Popup/Popup' is: '17426 no’lu talebiniz işleme alınmıştır. Raporunuz hazırlandığında (elogotest@gmail.com;ali.kara@logo.com.tr) adresinize mail gönderilecektir.
Rapor durumunuzu Raporlar > Toplu Veri İndirme ekranından takip edebilir, hazırlandı durumundaki raporlarınızı ilgili menüden indirebilirsiniz.'

2021-11-18 11:54:00 - [MESSAGE][INFO] - Finding Test Object 'Object Repository/Popup/Popup'

2021-11-18 11:54:00 - [MESSAGE][INFO] - Checking object

2021-11-18 11:54:00 - [MESSAGE][INFO] - Finding web element from Test Object's properties

2021-11-18 11:54:00 - [MESSAGE][INFO] - Checking timeout

2021-11-18 11:54:00 - [MESSAGE][INFO] - Finding web element with id: 'Object Repository/Popup/Popup' located by 'By.cssSelector: .bootbox-body' in '30' second(s)

2021-11-18 11:54:00 - [MESSAGE][INFO] - Smart Wait Function is triggered

2021-11-18 11:54:01 - [MESSAGE][INFO] - Found 1 web elements with id: 'Object Repository/Popup/Popup' located by 'By.cssSelector: .bootbox-body' in '30' second(s)

2021-11-18 11:54:01 - [MESSAGE][INFO] - Getting text of object 'Object Repository/Popup/Popup'

2021-11-18 11:54:01 - [MESSAGE][PASSED] - Text of object 'Object Repository/Popup/Popup' is: '17426 no’lu talebiniz işleme alınmıştır. Raporunuz hazırlandığında (elogotest@gmail.com;ali.kara@logo.com.tr) adresinize mail gönderilecektir.
Rapor durumunuzu Raporlar > Toplu Veri İndirme ekranından takip edebilir, hazırlandı durumundaki raporlarınızı ilgili menüden indirebilirsiniz.'

2021-11-18 11:54:01 - [TEST_STEP][PASSED] - RaporNo = getText(findTestObject("Popup/Popup")).substring(0, 6): Text of object 'Object Repository/Popup/Popup' is: '17426 no’lu talebiniz işleme alınmıştır. Raporunuz hazırlandığında (elogotest@gmail.com;ali.kara@logo.com.tr) adresinize mail gönderilecektir.
Rapor durumunuzu Raporlar > Toplu Veri İndirme ekranından takip edebilir, hazırlandı durumundaki raporlarınızı ilgili menüden indirebilirsiniz.'

2021-11-18 11:54:01 - [MESSAGE][INFO] - Finding Test Object 'Object Repository/Popup/Popup'

2021-11-18 11:54:01 - [MESSAGE][INFO] - Checking object

2021-11-18 11:54:01 - [MESSAGE][INFO] - Finding web element from Test Object's properties

2021-11-18 11:54:01 - [MESSAGE][INFO] - Checking timeout

2021-11-18 11:54:01 - [MESSAGE][INFO] - Finding web element with id: 'Object Repository/Popup/Popup' located by 'By.cssSelector: .bootbox-body' in '30' second(s)

2021-11-18 11:54:01 - [MESSAGE][INFO] - Smart Wait Function is triggered

2021-11-18 11:54:01 - [MESSAGE][INFO] - Found 1 web elements with id: 'Object Repository/Popup/Popup' located by 'By.cssSelector: .bootbox-body' in '30' second(s)

2021-11-18 11:54:01 - [MESSAGE][INFO] - Getting text of object 'Object Repository/Popup/Popup'

2021-11-18 11:54:01 - [MESSAGE][PASSED] - Text of object 'Object Repository/Popup/Popup' is: '17426 no’lu talebiniz işleme alınmıştır. Raporunuz hazırlandığında (elogotest@gmail.com;ali.kara@logo.com.tr) adresinize mail gönderilecektir.
Rapor durumunuzu Raporlar > Toplu Veri İndirme ekranından takip edebilir, hazırlandı durumundaki raporlarınızı ilgili menüden indirebilirsiniz.'

2021-11-18 11:54:01 - [TEST_STEP][PASSED] - Console.println(RaporNo): null

2021-11-18 11:54:01 - [MESSAGE][PASSED] - Call Test Case 'Test Cases/Popup/PopupMesajiIceriyorMu' successfully

2021-11-18 11:54:01 - [MESSAGE][INFO] - Checking called Test Case

2021-11-18 11:54:01 - [MESSAGE][INFO] - Starting to call Test Case 'Test Cases/Popup/PopupButonSecilir'

2021-11-18 11:54:01 - [TEST_CASE][PASSED] - Test Cases/Popup/PopupButonSecilir: Test Cases/Popup/PopupButonSecilir

2021-11-18 11:54:01 - [TEST_STEP][PASSED] - Method.TextDegerineEsitElementeTikla(findTestObject("Popup/Popup_Butons"), Buton): Method.TextDegerineEsitElementeTikla is PASSED

2021-11-18 11:54:01 - [MESSAGE][INFO] - Finding Test Object 'Object Repository/Popup/Popup_Butons'

2021-11-18 11:54:01 - [MESSAGE][INFO] - Checking timeout

2021-11-18 11:54:01 - [MESSAGE][INFO] - Finding web element with id: 'Object Repository/Popup/Popup_Butons' located by 'By.cssSelector: .modal-footer>button' in '10' second(s)

2021-11-18 11:54:01 - [MESSAGE][INFO] - Smart Wait Function is triggered

2021-11-18 11:54:02 - [MESSAGE][INFO] - Found 1 web elements with id: 'Object Repository/Popup/Popup_Butons' located by 'By.cssSelector: .modal-footer>button' in '10' second(s)

2021-11-18 11:54:02 - [MESSAGE][PASSED] - Method.TextDegerineEsitElementeTikla is PASSED

2021-11-18 11:54:02 - [MESSAGE][PASSED] - Call Test Case 'Test Cases/Popup/PopupButonSecilir' successfully

2021-11-18 11:54:02 - [MESSAGE][INFO] - Checking called Test Case

2021-11-18 11:54:02 - [MESSAGE][INFO] - Starting to call Test Case 'Test Cases/Butonlar/ButonaTikla'

2021-11-18 11:54:02 - [TEST_CASE][PASSED] - Test Cases/Butonlar/ButonaTikla: Test Cases/Butonlar/ButonaTikla

2021-11-18 11:54:02 - [TEST_STEP][PASSED] - Method.TextDegerineEsitElementeTiklaEquals(findTestObject("Butonlar/Butonlar"), Buton_Adi): Method.TextDegerineEsitElementeTiklaEquals is PASSED

2021-11-18 11:54:02 - [MESSAGE][INFO] - Finding Test Object 'Object Repository/Butonlar/Butonlar'

2021-11-18 11:54:02 - [MESSAGE][INFO] - Checking timeout

2021-11-18 11:54:02 - [MESSAGE][INFO] - Finding web element with id: 'Object Repository/Butonlar/Butonlar' located by 'By.cssSelector: .panel.panel-default.text-center.footerPanel .btn,.btn.btn-primary.btnControls' in '10' second(s)

2021-11-18 11:54:02 - [MESSAGE][INFO] - Smart Wait Function is triggered

2021-11-18 11:54:02 - [MESSAGE][INFO] - Found 11 web elements with id: 'Object Repository/Butonlar/Butonlar' located by 'By.cssSelector: .panel.panel-default.text-center.footerPanel .btn,.btn.btn-primary.btnControls' in '10' second(s)

2021-11-18 11:54:03 - [MESSAGE][PASSED] - Method.TextDegerineEsitElementeTiklaEquals is PASSED

2021-11-18 11:54:03 - [MESSAGE][PASSED] - Call Test Case 'Test Cases/Butonlar/ButonaTikla' successfully

2021-11-18 11:54:03 - [MESSAGE][INFO] - Checking called Test Case

2021-11-18 11:54:03 - [MESSAGE][INFO] - Starting to call Test Case 'Test Cases/Butonlar/AltButonaTikla'

2021-11-18 11:54:03 - [TEST_CASE][PASSED] - Test Cases/Butonlar/AltButonaTikla: Test Cases/Butonlar/AltButonaTikla

2021-11-18 11:54:03 - [TEST_STEP][PASSED] - Method.TextDegerineEsitElementeTikla(findTestObject("Butonlar/AltButonlar"), Alt_Buton): Method.TextDegerineEsitElementeTikla is PASSED

2021-11-18 11:54:03 - [MESSAGE][INFO] - Finding Test Object 'Object Repository/Butonlar/AltButonlar'

2021-11-18 11:54:03 - [MESSAGE][INFO] - Checking timeout

2021-11-18 11:54:03 - [MESSAGE][INFO] - Finding web element with id: 'Object Repository/Butonlar/AltButonlar' located by 'By.cssSelector: .btn-group.open li>a' in '10' second(s)

2021-11-18 11:54:03 - [MESSAGE][INFO] - Smart Wait Function is triggered

2021-11-18 11:54:03 - [MESSAGE][INFO] - Found 4 web elements with id: 'Object Repository/Butonlar/AltButonlar' located by 'By.cssSelector: .btn-group.open li>a' in '10' second(s)

2021-11-18 11:54:03 - [MESSAGE][PASSED] - Method.TextDegerineEsitElementeTikla is PASSED

2021-11-18 11:54:03 - [MESSAGE][PASSED] - Call Test Case 'Test Cases/Butonlar/AltButonaTikla' successfully

2021-11-18 11:54:03 - [MESSAGE][INFO] - Checking called Test Case

2021-11-18 11:54:03 - [MESSAGE][INFO] - Starting to call Test Case 'Test Cases/Popup/PopupMesajiIceriyorMu'

2021-11-18 11:54:03 - [TEST_CASE][PASSED] - Test Cases/Popup/PopupMesajiIceriyorMu: Test Cases/Popup/PopupMesajiIceriyorMu

2021-11-18 11:54:03 - [TEST_STEP][PASSED] - waitForElementVisible(findTestObject("Popup/Popup"), 10): Object 'Object Repository/Popup/Popup' is visible

2021-11-18 11:54:03 - [MESSAGE][INFO] - Finding Test Object 'Object Repository/Popup/Popup'

2021-11-18 11:54:03 - [MESSAGE][INFO] - Checking object

2021-11-18 11:54:03 - [MESSAGE][INFO] - Checking timeout

2021-11-18 11:54:03 - [MESSAGE][INFO] - Finding web element from Test Object's properties

2021-11-18 11:54:03 - [MESSAGE][INFO] - Checking timeout

2021-11-18 11:54:03 - [MESSAGE][INFO] - Finding web element with id: 'Object Repository/Popup/Popup' located by 'By.cssSelector: .bootbox-body' in '10' second(s)

2021-11-18 11:54:03 - [MESSAGE][INFO] - Smart Wait Function is triggered

2021-11-18 11:54:04 - [MESSAGE][INFO] - Found 1 web elements with id: 'Object Repository/Popup/Popup' located by 'By.cssSelector: .bootbox-body' in '10' second(s)

2021-11-18 11:54:04 - [MESSAGE][PASSED] - Object 'Object Repository/Popup/Popup' is visible

2021-11-18 11:54:04 - [TEST_STEP][PASSED] - if (!(getText(findTestObject("Popup/Popup")).contains(Mesaj))): Text of object 'Object Repository/Popup/Popup' is: 'Lütfen rapor bildiriminin gönderileceği e-posta adresini belirtiniz.
e-Posta Adresi'

2021-11-18 11:54:04 - [MESSAGE][INFO] - Finding Test Object 'Object Repository/Popup/Popup'

2021-11-18 11:54:04 - [MESSAGE][INFO] - Checking object

2021-11-18 11:54:04 - [MESSAGE][INFO] - Finding web element from Test Object's properties

2021-11-18 11:54:04 - [MESSAGE][INFO] - Checking timeout

2021-11-18 11:54:04 - [MESSAGE][INFO] - Finding web element with id: 'Object Repository/Popup/Popup' located by 'By.cssSelector: .bootbox-body' in '30' second(s)

2021-11-18 11:54:04 - [MESSAGE][INFO] - Smart Wait Function is triggered

2021-11-18 11:54:04 - [MESSAGE][INFO] - Found 1 web elements with id: 'Object Repository/Popup/Popup' located by 'By.cssSelector: .bootbox-body' in '30' second(s)

2021-11-18 11:54:04 - [MESSAGE][INFO] - Getting text of object 'Object Repository/Popup/Popup'

2021-11-18 11:54:04 - [MESSAGE][PASSED] - Text of object 'Object Repository/Popup/Popup' is: 'Lütfen rapor bildiriminin gönderileceği e-posta adresini belirtiniz.
e-Posta Adresi'

2021-11-18 11:54:04 - [TEST_STEP][PASSED] - RaporNo = getText(findTestObject("Popup/Popup")).substring(0, 6): Text of object 'Object Repository/Popup/Popup' is: 'Lütfen rapor bildiriminin gönderileceği e-posta adresini belirtiniz.
e-Posta Adresi'

2021-11-18 11:54:04 - [MESSAGE][INFO] - Finding Test Object 'Object Repository/Popup/Popup'

2021-11-18 11:54:04 - [MESSAGE][INFO] - Checking object

2021-11-18 11:54:04 - [MESSAGE][INFO] - Finding web element from Test Object's properties

2021-11-18 11:54:04 - [MESSAGE][INFO] - Checking timeout

2021-11-18 11:54:04 - [MESSAGE][INFO] - Finding web element with id: 'Object Repository/Popup/Popup' located by 'By.cssSelector: .bootbox-body' in '30' second(s)

2021-11-18 11:54:04 - [MESSAGE][INFO] - Smart Wait Function is triggered

2021-11-18 11:54:04 - [MESSAGE][INFO] - Found 1 web elements with id: 'Object Repository/Popup/Popup' located by 'By.cssSelector: .bootbox-body' in '30' second(s)

2021-11-18 11:54:04 - [MESSAGE][INFO] - Getting text of object 'Object Repository/Popup/Popup'

2021-11-18 11:54:04 - [MESSAGE][PASSED] - Text of object 'Object Repository/Popup/Popup' is: 'Lütfen rapor bildiriminin gönderileceği e-posta adresini belirtiniz.
e-Posta Adresi'

2021-11-18 11:54:04 - [TEST_STEP][PASSED] - Console.println(RaporNo): null

2021-11-18 11:54:04 - [MESSAGE][PASSED] - Call Test Case 'Test Cases/Popup/PopupMesajiIceriyorMu' successfully

2021-11-18 11:54:04 - [MESSAGE][INFO] - Checking called Test Case

2021-11-18 11:54:04 - [MESSAGE][INFO] - Starting to call Test Case 'Test Cases/Popup/PopupaEmailEklenir'

2021-11-18 11:54:05 - [TEST_CASE][PASSED] - Test Cases/Popup/PopupaEmailEklenir: Test Cases/Popup/PopupaEmailEklenir

2021-11-18 11:54:05 - [TEST_STEP][PASSED] - clearText(findTestObject("Popup/EmailText")): Text of object 'Object Repository/Popup/EmailText' is cleared

2021-11-18 11:54:05 - [MESSAGE][INFO] - Finding Test Object 'Object Repository/Popup/EmailText'

2021-11-18 11:54:05 - [MESSAGE][INFO] - Checking object

2021-11-18 11:54:05 - [MESSAGE][INFO] - Finding web element from Test Object's properties

2021-11-18 11:54:05 - [MESSAGE][INFO] - Checking timeout

2021-11-18 11:54:05 - [MESSAGE][INFO] - Finding web element with id: 'Object Repository/Popup/EmailText' located by 'By.xpath: //*[@id="eMails"]' in '30' second(s)

2021-11-18 11:54:05 - [MESSAGE][INFO] - Smart Wait Function is triggered

2021-11-18 11:54:05 - [MESSAGE][INFO] - Found 1 web elements with id: 'Object Repository/Popup/EmailText' located by 'By.xpath: //*[@id="eMails"]' in '30' second(s)

2021-11-18 11:54:05 - [MESSAGE][INFO] - Clearing text of object 'Object Repository/Popup/EmailText'

2021-11-18 11:54:05 - [MESSAGE][PASSED] - Text of object 'Object Repository/Popup/EmailText' is cleared

2021-11-18 11:54:05 - [TEST_STEP][PASSED] - sendKeys(findTestObject("Popup/EmailText"), Email): Keys 'elogotest@gmail.com;ali.kara@logo.com.tr' sent to object: 'Object Repository/Popup/EmailText'

2021-11-18 11:54:05 - [MESSAGE][INFO] - Finding Test Object 'Object Repository/Popup/EmailText'

2021-11-18 11:54:05 - [MESSAGE][INFO] - Sending keys 'elogotest@gmail.com;ali.kara@logo.com.tr' to object: 'Object Repository/Popup/EmailText'

2021-11-18 11:54:05 - [MESSAGE][INFO] - Finding web element from Test Object's properties

2021-11-18 11:54:05 - [MESSAGE][INFO] - Checking timeout

2021-11-18 11:54:05 - [MESSAGE][INFO] - Finding web element with id: 'Object Repository/Popup/EmailText' located by 'By.xpath: //*[@id="eMails"]' in '30' second(s)

2021-11-18 11:54:05 - [MESSAGE][INFO] - Smart Wait Function is triggered

2021-11-18 11:54:06 - [MESSAGE][INFO] - Found 1 web elements with id: 'Object Repository/Popup/EmailText' located by 'By.xpath: //*[@id="eMails"]' in '30' second(s)

2021-11-18 11:54:06 - [MESSAGE][PASSED] - Keys 'elogotest@gmail.com;ali.kara@logo.com.tr' sent to object: 'Object Repository/Popup/EmailText'

2021-11-18 11:54:06 - [MESSAGE][PASSED] - Call Test Case 'Test Cases/Popup/PopupaEmailEklenir' successfully

2021-11-18 11:54:06 - [MESSAGE][INFO] - Checking called Test Case

2021-11-18 11:54:06 - [MESSAGE][INFO] - Starting to call Test Case 'Test Cases/Popup/PopupButonSecilir'

2021-11-18 11:54:06 - [TEST_CASE][PASSED] - Test Cases/Popup/PopupButonSecilir: Test Cases/Popup/PopupButonSecilir

2021-11-18 11:54:06 - [TEST_STEP][PASSED] - Method.TextDegerineEsitElementeTikla(findTestObject("Popup/Popup_Butons"), Buton): Method.TextDegerineEsitElementeTikla is PASSED

2021-11-18 11:54:06 - [MESSAGE][INFO] - Finding Test Object 'Object Repository/Popup/Popup_Butons'

2021-11-18 11:54:06 - [MESSAGE][INFO] - Checking timeout

2021-11-18 11:54:06 - [MESSAGE][INFO] - Finding web element with id: 'Object Repository/Popup/Popup_Butons' located by 'By.cssSelector: .modal-footer>button' in '10' second(s)

2021-11-18 11:54:06 - [MESSAGE][INFO] - Smart Wait Function is triggered

2021-11-18 11:54:06 - [MESSAGE][INFO] - Found 2 web elements with id: 'Object Repository/Popup/Popup_Butons' located by 'By.cssSelector: .modal-footer>button' in '10' second(s)

2021-11-18 11:54:06 - [MESSAGE][PASSED] - Method.TextDegerineEsitElementeTikla is PASSED

2021-11-18 11:54:06 - [MESSAGE][PASSED] - Call Test Case 'Test Cases/Popup/PopupButonSecilir' successfully

2021-11-18 11:54:06 - [MESSAGE][INFO] - Checking called Test Case

2021-11-18 11:54:06 - [MESSAGE][INFO] - Starting to call Test Case 'Test Cases/Popup/PopupMesajiIceriyorMu'

2021-11-18 11:54:06 - [TEST_CASE][PASSED] - Test Cases/Popup/PopupMesajiIceriyorMu: Test Cases/Popup/PopupMesajiIceriyorMu

2021-11-18 11:54:06 - [TEST_STEP][PASSED] - waitForElementVisible(findTestObject("Popup/Popup"), 10): Object 'Object Repository/Popup/Popup' is visible

2021-11-18 11:54:06 - [MESSAGE][INFO] - Finding Test Object 'Object Repository/Popup/Popup'

2021-11-18 11:54:06 - [MESSAGE][INFO] - Checking object

2021-11-18 11:54:06 - [MESSAGE][INFO] - Checking timeout

2021-11-18 11:54:06 - [MESSAGE][INFO] - Finding web element from Test Object's properties

2021-11-18 11:54:06 - [MESSAGE][INFO] - Checking timeout

2021-11-18 11:54:06 - [MESSAGE][INFO] - Finding web element with id: 'Object Repository/Popup/Popup' located by 'By.cssSelector: .bootbox-body' in '10' second(s)

2021-11-18 11:54:06 - [MESSAGE][INFO] - Smart Wait Function is triggered

2021-11-18 11:54:07 - [MESSAGE][INFO] - Found 1 web elements with id: 'Object Repository/Popup/Popup' located by 'By.cssSelector: .bootbox-body' in '10' second(s)

2021-11-18 11:54:07 - [MESSAGE][PASSED] - Object 'Object Repository/Popup/Popup' is visible

2021-11-18 11:54:07 - [TEST_STEP][PASSED] - if (!(getText(findTestObject("Popup/Popup")).contains(Mesaj))): Text of object 'Object Repository/Popup/Popup' is: '17427 no’lu talebiniz işleme alınmıştır. Raporunuz hazırlandığında (elogotest@gmail.com;ali.kara@logo.com.tr) adresinize mail gönderilecektir.
Rapor durumunuzu Raporlar > Toplu Veri İndirme ekranından takip edebilir, hazırlandı durumundaki raporlarınızı ilgili menüden indirebilirsiniz.'

2021-11-18 11:54:07 - [MESSAGE][INFO] - Finding Test Object 'Object Repository/Popup/Popup'

2021-11-18 11:54:08 - [MESSAGE][INFO] - Checking object

2021-11-18 11:54:08 - [MESSAGE][INFO] - Finding web element from Test Object's properties

2021-11-18 11:54:08 - [MESSAGE][INFO] - Checking timeout

2021-11-18 11:54:08 - [MESSAGE][INFO] - Finding web element with id: 'Object Repository/Popup/Popup' located by 'By.cssSelector: .bootbox-body' in '30' second(s)

2021-11-18 11:54:08 - [MESSAGE][INFO] - Smart Wait Function is triggered

2021-11-18 11:54:08 - [MESSAGE][INFO] - Found 1 web elements with id: 'Object Repository/Popup/Popup' located by 'By.cssSelector: .bootbox-body' in '30' second(s)

2021-11-18 11:54:08 - [MESSAGE][INFO] - Getting text of object 'Object Repository/Popup/Popup'

2021-11-18 11:54:08 - [MESSAGE][PASSED] - Text of object 'Object Repository/Popup/Popup' is: '17427 no’lu talebiniz işleme alınmıştır. Raporunuz hazırlandığında (elogotest@gmail.com;ali.kara@logo.com.tr) adresinize mail gönderilecektir.
Rapor durumunuzu Raporlar > Toplu Veri İndirme ekranından takip edebilir, hazırlandı durumundaki raporlarınızı ilgili menüden indirebilirsiniz.'

2021-11-18 11:54:08 - [TEST_STEP][PASSED] - RaporNo = getText(findTestObject("Popup/Popup")).substring(0, 6): Text of object 'Object Repository/Popup/Popup' is: '17427 no’lu talebiniz işleme alınmıştır. Raporunuz hazırlandığında (elogotest@gmail.com;ali.kara@logo.com.tr) adresinize mail gönderilecektir.
Rapor durumunuzu Raporlar > Toplu Veri İndirme ekranından takip edebilir, hazırlandı durumundaki raporlarınızı ilgili menüden indirebilirsiniz.'

2021-11-18 11:54:08 - [MESSAGE][INFO] - Finding Test Object 'Object Repository/Popup/Popup'

2021-11-18 11:54:08 - [MESSAGE][INFO] - Checking object

2021-11-18 11:54:08 - [MESSAGE][INFO] - Finding web element from Test Object's properties

2021-11-18 11:54:08 - [MESSAGE][INFO] - Checking timeout

2021-11-18 11:54:08 - [MESSAGE][INFO] - Finding web element with id: 'Object Repository/Popup/Popup' located by 'By.cssSelector: .bootbox-body' in '30' second(s)

2021-11-18 11:54:08 - [MESSAGE][INFO] - Smart Wait Function is triggered

2021-11-18 11:54:08 - [MESSAGE][INFO] - Found 1 web elements with id: 'Object Repository/Popup/Popup' located by 'By.cssSelector: .bootbox-body' in '30' second(s)

2021-11-18 11:54:08 - [MESSAGE][INFO] - Getting text of object 'Object Repository/Popup/Popup'

2021-11-18 11:54:08 - [MESSAGE][PASSED] - Text of object 'Object Repository/Popup/Popup' is: '17427 no’lu talebiniz işleme alınmıştır. Raporunuz hazırlandığında (elogotest@gmail.com;ali.kara@logo.com.tr) adresinize mail gönderilecektir.
Rapor durumunuzu Raporlar > Toplu Veri İndirme ekranından takip edebilir, hazırlandı durumundaki raporlarınızı ilgili menüden indirebilirsiniz.'

2021-11-18 11:54:08 - [TEST_STEP][PASSED] - Console.println(RaporNo): null

2021-11-18 11:54:08 - [MESSAGE][PASSED] - Call Test Case 'Test Cases/Popup/PopupMesajiIceriyorMu' successfully

2021-11-18 11:54:08 - [MESSAGE][INFO] - Checking called Test Case

2021-11-18 11:54:08 - [MESSAGE][INFO] - Starting to call Test Case 'Test Cases/Popup/PopupButonSecilir'

2021-11-18 11:54:08 - [TEST_CASE][PASSED] - Test Cases/Popup/PopupButonSecilir: Test Cases/Popup/PopupButonSecilir

2021-11-18 11:54:08 - [TEST_STEP][PASSED] - Method.TextDegerineEsitElementeTikla(findTestObject("Popup/Popup_Butons"), Buton): Method.TextDegerineEsitElementeTikla is PASSED

2021-11-18 11:54:08 - [MESSAGE][INFO] - Finding Test Object 'Object Repository/Popup/Popup_Butons'

2021-11-18 11:54:08 - [MESSAGE][INFO] - Checking timeout

2021-11-18 11:54:08 - [MESSAGE][INFO] - Finding web element with id: 'Object Repository/Popup/Popup_Butons' located by 'By.cssSelector: .modal-footer>button' in '10' second(s)

2021-11-18 11:54:08 - [MESSAGE][INFO] - Smart Wait Function is triggered

2021-11-18 11:54:09 - [MESSAGE][INFO] - Found 1 web elements with id: 'Object Repository/Popup/Popup_Butons' located by 'By.cssSelector: .modal-footer>button' in '10' second(s)

2021-11-18 11:54:09 - [MESSAGE][PASSED] - Method.TextDegerineEsitElementeTikla is PASSED

2021-11-18 11:54:09 - [MESSAGE][PASSED] - Call Test Case 'Test Cases/Popup/PopupButonSecilir' successfully

2021-11-18 11:54:09 - [MESSAGE][INFO] - Checking called Test Case

2021-11-18 11:54:09 - [MESSAGE][INFO] - Starting to call Test Case 'Test Cases/Menu/AnaMenuSecimi'

2021-11-18 11:54:09 - [TEST_CASE][PASSED] - Test Cases/Menu/AnaMenuSecimi: Test Cases/Menu/AnaMenuSecimi

2021-11-18 11:54:09 - [TEST_STEP][PASSED] - Method.TextDegerineEsitElementeTikla(findTestObject("Menu/Ana_Menu"), Ana_Menu): Method.TextDegerineEsitElementeTikla is PASSED

2021-11-18 11:54:09 - [MESSAGE][INFO] - Finding Test Object 'Object Repository/Menu/Ana_Menu'

2021-11-18 11:54:09 - [MESSAGE][INFO] - Checking timeout

2021-11-18 11:54:09 - [MESSAGE][INFO] - Finding web element with id: 'Object Repository/Menu/Ana_Menu' located by 'By.xpath: //*[@class = 'dropdown-toggle']' in '10' second(s)

2021-11-18 11:54:09 - [MESSAGE][INFO] - Smart Wait Function is triggered

2021-11-18 11:54:10 - [MESSAGE][INFO] - Found 14 web elements with id: 'Object Repository/Menu/Ana_Menu' located by 'By.xpath: //*[@class = 'dropdown-toggle']' in '10' second(s)

2021-11-18 11:54:10 - [MESSAGE][PASSED] - Method.TextDegerineEsitElementeTikla is PASSED

2021-11-18 11:54:10 - [MESSAGE][PASSED] - Call Test Case 'Test Cases/Menu/AnaMenuSecimi' successfully

2021-11-18 11:54:10 - [MESSAGE][INFO] - Checking called Test Case

2021-11-18 11:54:10 - [MESSAGE][INFO] - Starting to call Test Case 'Test Cases/Menu/AltMenuSecimi'

2021-11-18 11:54:10 - [TEST_CASE][PASSED] - Test Cases/Menu/AltMenuSecimi: Test Cases/Menu/AltMenuSecimi

2021-11-18 11:54:10 - [TEST_STEP][PASSED] - Method.TextDegerineEsitElementeTikla(findTestObject("Menu/Alt_Menu"), Alt_Menu): Method.TextDegerineEsitElementeTikla is PASSED

2021-11-18 11:54:10 - [MESSAGE][INFO] - Finding Test Object 'Object Repository/Menu/Alt_Menu'

2021-11-18 11:54:10 - [MESSAGE][INFO] - Checking timeout

2021-11-18 11:54:10 - [MESSAGE][INFO] - Finding web element with id: 'Object Repository/Menu/Alt_Menu' located by 'By.xpath: //li[@class='dropdown dropdown-large open']//li[@class='dropdown-element']' in '10' second(s)

2021-11-18 11:54:10 - [MESSAGE][INFO] - Smart Wait Function is triggered

2021-11-18 11:54:11 - [MESSAGE][INFO] - Found 9 web elements with id: 'Object Repository/Menu/Alt_Menu' located by 'By.xpath: //li[@class='dropdown dropdown-large open']//li[@class='dropdown-element']' in '10' second(s)

2021-11-18 11:54:12 - [MESSAGE][PASSED] - Method.TextDegerineEsitElementeTikla is PASSED

2021-11-18 11:54:12 - [MESSAGE][PASSED] - Call Test Case 'Test Cases/Menu/AltMenuSecimi' successfully

2021-11-18 11:54:12 - [MESSAGE][INFO] - Checking called Test Case

2021-11-18 11:54:12 - [MESSAGE][INFO] - Starting to call Test Case 'Test Cases/Filtreler/RaporNoYaz'

2021-11-18 11:54:12 - [TEST_CASE][PASSED] - Test Cases/Filtreler/RaporNoYaz: Test Cases/Filtreler/RaporNoYaz

2021-11-18 11:54:12 - [TEST_STEP][PASSED] - Method.TextDegerineEsitElementinAltindakiTextboxtaYaz(findTestObject("Filtreler/Basliklar"), findTestObject("Filtreler/Basliga_Gore_Textbox"), "Talep No", RaporNo): Method.TextDegerineEsitElementinAltindakiTextboxtaYaz is PASSED

2021-11-18 11:54:12 - [MESSAGE][INFO] - Finding Test Object 'Object Repository/Filtreler/Basliklar'

2021-11-18 11:54:12 - [MESSAGE][INFO] - Finding Test Object 'Object Repository/Filtreler/Basliga_Gore_Textbox'

2021-11-18 11:54:12 - [MESSAGE][INFO] - Checking timeout

2021-11-18 11:54:12 - [MESSAGE][INFO] - Finding web element with id: 'Object Repository/Filtreler/Basliklar' located by 'By.cssSelector: .control-label.col-sm-4.paddingMarginRLC' in '10' second(s)

2021-11-18 11:54:12 - [MESSAGE][INFO] - Smart Wait Function is triggered

2021-11-18 11:54:12 - [MESSAGE][INFO] - Found 8 web elements with id: 'Object Repository/Filtreler/Basliklar' located by 'By.cssSelector: .control-label.col-sm-4.paddingMarginRLC' in '10' second(s)

2021-11-18 11:54:12 - [MESSAGE][INFO] - Smart Wait Function is triggered

2021-11-18 11:54:13 - [MESSAGE][PASSED] - Method.TextDegerineEsitElementinAltindakiTextboxtaYaz is PASSED

2021-11-18 11:54:13 - [MESSAGE][PASSED] - Call Test Case 'Test Cases/Filtreler/RaporNoYaz' successfully

2021-11-18 11:54:13 - [MESSAGE][INFO] - Checking called Test Case

2021-11-18 11:54:13 - [MESSAGE][INFO] - Starting to call Test Case 'Test Cases/Filtreler/ButonaTikla'

2021-11-18 11:54:13 - [TEST_CASE][PASSED] - Test Cases/Filtreler/ButonaTikla: Test Cases/Filtreler/ButonaTikla

2021-11-18 11:54:13 - [TEST_STEP][PASSED] - Method.TextDegerineEsitElementeTikla(findTestObject("Filtreler/Butonlar"), Filtre_Buton): Method.TextDegerineEsitElementeTikla is PASSED

2021-11-18 11:54:13 - [MESSAGE][INFO] - Finding Test Object 'Object Repository/Filtreler/Butonlar'

2021-11-18 11:54:13 - [MESSAGE][INFO] - Checking timeout

2021-11-18 11:54:13 - [MESSAGE][INFO] - Finding web element with id: 'Object Repository/Filtreler/Butonlar' located by 'By.cssSelector: .dxb>span' in '10' second(s)

2021-11-18 11:54:13 - [MESSAGE][INFO] - Smart Wait Function is triggered

2021-11-18 11:54:13 - [MESSAGE][INFO] - Found 2 web elements with id: 'Object Repository/Filtreler/Butonlar' located by 'By.cssSelector: .dxb>span' in '10' second(s)

2021-11-18 11:54:13 - [MESSAGE][PASSED] - Method.TextDegerineEsitElementeTikla is PASSED

2021-11-18 11:54:13 - [MESSAGE][PASSED] - Call Test Case 'Test Cases/Filtreler/ButonaTikla' successfully

2021-11-18 11:54:13 - [MESSAGE][INFO] - Checking called Test Case

2021-11-18 11:54:13 - [MESSAGE][INFO] - Starting to call Test Case 'Test Cases/Tablo/TablodaVeriVarMi'

2021-11-18 11:54:13 - [TEST_CASE][PASSED] - Test Cases/Tablo/TablodaVeriVarMi: Test Cases/Tablo/TablodaVeriVarMi

2021-11-18 11:54:13 - [TEST_STEP][PASSED] - verifyTextNotPresent("Görüntülenecek veri yok", true): Text 'Görüntülenecek veri yok' is not present on page using regular expression

2021-11-18 11:54:13 - [MESSAGE][INFO] - Checking text present  using regular expression

2021-11-18 11:54:13 - [MESSAGE][INFO] - Smart Wait Function is triggered

2021-11-18 11:54:14 - [MESSAGE][INFO] - Finding text 'Görüntülenecek veri yok' on page  using regular expression

2021-11-18 11:54:14 - [MESSAGE][PASSED] - Text 'Görüntülenecek veri yok' is not present on page using regular expression

2021-11-18 11:54:14 - [MESSAGE][PASSED] - Call Test Case 'Test Cases/Tablo/TablodaVeriVarMi' successfully

2021-11-18 11:54:14 - [MESSAGE][INFO] - Checking called Test Case

2021-11-18 11:54:14 - [MESSAGE][INFO] - Starting to call Test Case 'Test Cases/Kullanici_Islemleri/KullaniciIslemlerindenSecimYapilir'

2021-11-18 11:54:14 - [TEST_CASE][PASSED] - Test Cases/Kullanici_Islemleri/KullaniciIslemlerindenSecimYapilir: Test Cases/Kullanici_Islemleri/KullaniciIslemlerindenSecimYapilir

2021-11-18 11:54:14 - [TEST_STEP][PASSED] - waitForElementClickable(findTestObject("Object Repository/Kullanici_Islemleri/KullaniciIslemleri"), 10): Object 'Object Repository/Kullanici_Islemleri/KullaniciIslemleri' is clickable

2021-11-18 11:54:14 - [MESSAGE][INFO] - Finding Test Object 'Object Repository/Kullanici_Islemleri/KullaniciIslemleri'

2021-11-18 11:54:14 - [MESSAGE][INFO] - Checking object

2021-11-18 11:54:14 - [MESSAGE][INFO] - Checking timeout

2021-11-18 11:54:14 - [MESSAGE][INFO] - Finding web element from Test Object's properties

2021-11-18 11:54:14 - [MESSAGE][INFO] - Checking timeout

2021-11-18 11:54:14 - [MESSAGE][INFO] - Finding web element with id: 'Object Repository/Kullanici_Islemleri/KullaniciIslemleri' located by 'By.cssSelector: .dropdown>a>img' in '10' second(s)

2021-11-18 11:54:14 - [MESSAGE][INFO] - Smart Wait Function is triggered

2021-11-18 11:54:15 - [MESSAGE][INFO] - Found 1 web elements with id: 'Object Repository/Kullanici_Islemleri/KullaniciIslemleri' located by 'By.cssSelector: .dropdown>a>img' in '10' second(s)

2021-11-18 11:54:15 - [MESSAGE][PASSED] - Object 'Object Repository/Kullanici_Islemleri/KullaniciIslemleri' is clickable

2021-11-18 11:54:15 - [TEST_STEP][PASSED] - click(findTestObject("Object Repository/Kullanici_Islemleri/KullaniciIslemleri")): Object: 'Object Repository/Kullanici_Islemleri/KullaniciIslemleri' is clicked on

2021-11-18 11:54:15 - [MESSAGE][INFO] - Finding Test Object 'Object Repository/Kullanici_Islemleri/KullaniciIslemleri'

2021-11-18 11:54:15 - [MESSAGE][INFO] - Checking object

2021-11-18 11:54:15 - [MESSAGE][INFO] - Finding web element from Test Object's properties

2021-11-18 11:54:15 - [MESSAGE][INFO] - Checking timeout

2021-11-18 11:54:15 - [MESSAGE][INFO] - Finding web element with id: 'Object Repository/Kullanici_Islemleri/KullaniciIslemleri' located by 'By.cssSelector: .dropdown>a>img' in '30' second(s)

2021-11-18 11:54:15 - [MESSAGE][INFO] - Smart Wait Function is triggered

2021-11-18 11:54:15 - [MESSAGE][INFO] - Found 1 web elements with id: 'Object Repository/Kullanici_Islemleri/KullaniciIslemleri' located by 'By.cssSelector: .dropdown>a>img' in '30' second(s)

2021-11-18 11:54:15 - [MESSAGE][INFO] - Clicking on object: 'Object Repository/Kullanici_Islemleri/KullaniciIslemleri'

2021-11-18 11:54:15 - [MESSAGE][PASSED] - Object: 'Object Repository/Kullanici_Islemleri/KullaniciIslemleri' is clicked on

2021-11-18 11:54:15 - [TEST_STEP][PASSED] - Method.TextDegerineEsitElementeTikla(findTestObject("Object Repository/Kullanici_Islemleri/Secenekler"), Islem): Method.TextDegerineEsitElementeTikla is PASSED

2021-11-18 11:54:15 - [MESSAGE][INFO] - Finding Test Object 'Object Repository/Kullanici_Islemleri/Secenekler'

2021-11-18 11:54:15 - [MESSAGE][INFO] - Checking timeout

2021-11-18 11:54:15 - [MESSAGE][INFO] - Finding web element with id: 'Object Repository/Kullanici_Islemleri/Secenekler' located by 'By.cssSelector: .nav.navbar-nav.navbar-right li a' in '10' second(s)

2021-11-18 11:54:15 - [MESSAGE][INFO] - Smart Wait Function is triggered

2021-11-18 11:54:15 - [MESSAGE][INFO] - Found 22 web elements with id: 'Object Repository/Kullanici_Islemleri/Secenekler' located by 'By.cssSelector: .nav.navbar-nav.navbar-right li a' in '10' second(s)

2021-11-18 11:54:18 - [MESSAGE][PASSED] - Method.TextDegerineEsitElementeTikla is PASSED

2021-11-18 11:54:18 - [TEST_STEP][PASSED] - verifyElementNotPresent(findTestObject("Object Repository/Kullanici_Islemleri/Secenekler"), 10): Web element with id: 'Object Repository/Kullanici_Islemleri/Secenekler' located by 'By.cssSelector: .nav.navbar-nav.navbar-right li a' is not present after '10' second(s)

2021-11-18 11:54:18 - [MESSAGE][INFO] - Finding Test Object 'Object Repository/Kullanici_Islemleri/Secenekler'

2021-11-18 11:54:18 - [MESSAGE][INFO] - Checking object

2021-11-18 11:54:18 - [MESSAGE][INFO] - Checking timeout

2021-11-18 11:54:18 - [MESSAGE][INFO] - Finding web element with id: 'Object Repository/Kullanici_Islemleri/Secenekler' located by 'By.cssSelector: .nav.navbar-nav.navbar-right li a' in '10' second(s)

2021-11-18 11:54:18 - [MESSAGE][INFO] - Smart Wait Function is triggered

2021-11-18 11:54:18 - [MESSAGE][PASSED] - Web element with id: 'Object Repository/Kullanici_Islemleri/Secenekler' located by 'By.cssSelector: .nav.navbar-nav.navbar-right li a' is not present after '10' second(s)

2021-11-18 11:54:18 - [MESSAGE][PASSED] - Call Test Case 'Test Cases/Kullanici_Islemleri/KullaniciIslemlerindenSecimYapilir' successfully

2021-11-18 11:54:18 - [TEST_CASE][PASSED] - Start Test Case : SCENARIO e-Serbest Meslek Makbuzlari Toplu Indirme - PDF Secilenlerin indirilmesi: SCENARIO e-Serbest Meslek Makbuzlari Toplu Indirme - PDF Secilenlerin indirilmesi

2021-11-18 11:54:18 - [TEST_STEP][PASSED] - Kullanıcı adı ELOGO6 ve Şifre 123456 olarak giriş yapılır: Kullanıcı adı ELOGO6 ve Şifre 123456 olarak giriş yapılır

2021-11-18 11:54:18 - [MESSAGE][PASSED] - Kullanıcı adı ELOGO6 ve Şifre 123456 olarak giriş yapılır

2021-11-18 11:54:18 - [TEST_STEP][PASSED] - Ana menüden e-Makbuz seçilir: Ana menüden e-Makbuz seçilir

2021-11-18 11:54:18 - [MESSAGE][PASSED] - Ana menüden e-Makbuz seçilir

2021-11-18 11:54:18 - [TEST_STEP][PASSED] - Alt menü e-Serbest Meslek Uygulaması başlığı altındaki e-Serbest Meslek Makbuzları seçilir: Alt menü e-Serbest Meslek Uygulaması başlığı altındaki e-Serbest Meslek Makbuzları seçilir

2021-11-18 11:54:18 - [MESSAGE][PASSED] - Alt menü e-Serbest Meslek Uygulaması başlığı altındaki e-Serbest Meslek Makbuzları seçilir

2021-11-18 11:54:18 - [TEST_STEP][PASSED] - Filtrelerden Oluşturma Tarihi filtresine 01.12.2020 baslangic degerini yaz: Filtrelerden Oluşturma Tarihi filtresine 01.12.2020 baslangic degerini yaz

2021-11-18 11:54:18 - [MESSAGE][PASSED] - Filtrelerden Oluşturma Tarihi filtresine 01.12.2020 baslangic degerini yaz

2021-11-18 11:54:18 - [TEST_STEP][PASSED] - Filtrelerden Oluşturma Tarihi filtresine 31.12.2020 bitis degerini yaz: Filtrelerden Oluşturma Tarihi filtresine 31.12.2020 bitis degerini yaz

2021-11-18 11:54:18 - [MESSAGE][PASSED] - Filtrelerden Oluşturma Tarihi filtresine 31.12.2020 bitis degerini yaz

2021-11-18 11:54:18 - [TEST_STEP][PASSED] - Filtrelerden Alıcı Unvan filtresine TEST textini yaz: Filtrelerden Alıcı Unvan filtresine TEST textini yaz

2021-11-18 11:54:18 - [MESSAGE][PASSED] - Filtrelerden Alıcı Unvan filtresine TEST textini yaz

2021-11-18 11:54:18 - [TEST_STEP][PASSED] - Filtre butonlarından Listele seçilir: Filtre butonlarından Listele seçilir

2021-11-18 11:54:18 - [MESSAGE][PASSED] - Filtre butonlarından Listele seçilir

2021-11-18 11:54:18 - [TEST_STEP][PASSED] - Tabloda veri var mı kontrol edilir: Tabloda veri var mı kontrol edilir

2021-11-18 11:54:18 - [MESSAGE][PASSED] - Tabloda veri var mı kontrol edilir

2021-11-18 11:54:18 - [TEST_STEP][PASSED] - Tablodan TEST isimli veri seçilir: Tablodan TEST isimli veri seçilir

2021-11-18 11:54:18 - [MESSAGE][PASSED] - Tablodan TEST isimli veri seçilir

2021-11-18 11:54:18 - [TEST_STEP][PASSED] - Butonlardan Toplu İndirme isimli butona tıklanır: Butonlardan Toplu İndirme isimli butona tıklanır

2021-11-18 11:54:18 - [MESSAGE][PASSED] - Butonlardan Toplu İndirme isimli butona tıklanır

2021-11-18 11:54:18 - [TEST_STEP][PASSED] - Alt butonlardan PDF Seçilenleri İndir butonuna tıklanır: Alt butonlardan PDF Seçilenleri İndir butonuna tıklanır

2021-11-18 11:54:18 - [MESSAGE][PASSED] - Alt butonlardan PDF Seçilenleri İndir butonuna tıklanır

2021-11-18 11:54:18 - [TEST_STEP][PASSED] - Popup mesajı Lütfen rapor bildiriminin gönderileceği e-posta adresini belirtiniz. içeriyor mu: Popup mesajı Lütfen rapor bildiriminin gönderileceği e-posta adresini belirtiniz. içeriyor mu

2021-11-18 11:54:18 - [MESSAGE][PASSED] - Popup mesajı Lütfen rapor bildiriminin gönderileceği e-posta adresini belirtiniz. içeriyor mu

2021-11-18 11:54:18 - [TEST_STEP][PASSED] - Popup email elogotest@gmail.com;ali.kara@logo.com.tr olarak girilir: Popup email elogotest@gmail.com;ali.kara@logo.com.tr olarak girilir

2021-11-18 11:54:18 - [MESSAGE][PASSED] - Popup email elogotest@gmail.com;ali.kara@logo.com.tr olarak girilir

2021-11-18 11:54:18 - [TEST_STEP][PASSED] - Yönetim popupında Gönder seçilir: Yönetim popupında Gönder seçilir

2021-11-18 11:54:18 - [MESSAGE][PASSED] - Yönetim popupında Gönder seçilir

2021-11-18 11:54:18 - [TEST_STEP][PASSED] - Popup mesajı talebiniz işleme alınmıştır içeriyor mu: Popup mesajı talebiniz işleme alınmıştır içeriyor mu

2021-11-18 11:54:18 - [MESSAGE][PASSED] - Popup mesajı talebiniz işleme alınmıştır içeriyor mu

2021-11-18 11:54:18 - [TEST_STEP][PASSED] - Yönetim popupında Tamam seçilir: Yönetim popupında Tamam seçilir

2021-11-18 11:54:18 - [MESSAGE][PASSED] - Yönetim popupında Tamam seçilir

2021-11-18 11:54:18 - [TEST_STEP][PASSED] - Butonlardan Toplu İndirme isimli butona tıklanır: Butonlardan Toplu İndirme isimli butona tıklanır

2021-11-18 11:54:18 - [MESSAGE][PASSED] - Butonlardan Toplu İndirme isimli butona tıklanır

2021-11-18 11:54:18 - [TEST_STEP][PASSED] - Alt butonlardan PDF Tümünü İndir butonuna tıklanır: Alt butonlardan PDF Tümünü İndir butonuna tıklanır

2021-11-18 11:54:18 - [MESSAGE][PASSED] - Alt butonlardan PDF Tümünü İndir butonuna tıklanır

2021-11-18 11:54:18 - [TEST_STEP][PASSED] - Popup mesajı Lütfen rapor bildiriminin gönderileceği e-posta adresini belirtiniz. içeriyor mu: Popup mesajı Lütfen rapor bildiriminin gönderileceği e-posta adresini belirtiniz. içeriyor mu

2021-11-18 11:54:18 - [MESSAGE][PASSED] - Popup mesajı Lütfen rapor bildiriminin gönderileceği e-posta adresini belirtiniz. içeriyor mu

2021-11-18 11:54:18 - [TEST_STEP][PASSED] - Popup email elogotest@gmail.com;ali.kara@logo.com.tr olarak girilir: Popup email elogotest@gmail.com;ali.kara@logo.com.tr olarak girilir

2021-11-18 11:54:18 - [MESSAGE][PASSED] - Popup email elogotest@gmail.com;ali.kara@logo.com.tr olarak girilir

2021-11-18 11:54:18 - [TEST_STEP][PASSED] - Yönetim popupında Gönder seçilir: Yönetim popupında Gönder seçilir

2021-11-18 11:54:18 - [MESSAGE][PASSED] - Yönetim popupında Gönder seçilir

2021-11-18 11:54:18 - [TEST_STEP][PASSED] - Popup mesajı talebiniz işleme alınmıştır içeriyor mu: Popup mesajı talebiniz işleme alınmıştır içeriyor mu

2021-11-18 11:54:18 - [MESSAGE][PASSED] - Popup mesajı talebiniz işleme alınmıştır içeriyor mu

2021-11-18 11:54:18 - [TEST_STEP][PASSED] - Yönetim popupında Tamam seçilir: Yönetim popupında Tamam seçilir

2021-11-18 11:54:18 - [MESSAGE][PASSED] - Yönetim popupında Tamam seçilir

2021-11-18 11:54:18 - [TEST_STEP][PASSED] - Ana menüden Raporlar seçilir: Ana menüden Raporlar seçilir

2021-11-18 11:54:18 - [MESSAGE][PASSED] - Ana menüden Raporlar seçilir

2021-11-18 11:54:18 - [TEST_STEP][PASSED] - Alt menüden Toplu Veri İndirme seçilir: Alt menüden Toplu Veri İndirme seçilir

2021-11-18 11:54:18 - [MESSAGE][PASSED] - Alt menüden Toplu Veri İndirme seçilir

2021-11-18 11:54:18 - [TEST_STEP][PASSED] - Filtrelerden Talep No filtresine Rapor No bilgisi yaz: Filtrelerden Talep No filtresine Rapor No bilgisi yaz

2021-11-18 11:54:18 - [MESSAGE][PASSED] - Filtrelerden Talep No filtresine Rapor No bilgisi yaz

2021-11-18 11:54:18 - [TEST_STEP][PASSED] - Filtre butonlarından Listele seçilir: Filtre butonlarından Listele seçilir

2021-11-18 11:54:18 - [MESSAGE][PASSED] - Filtre butonlarından Listele seçilir

2021-11-18 11:54:18 - [TEST_STEP][PASSED] - Tabloda veri var mı kontrol edilir: Tabloda veri var mı kontrol edilir

2021-11-18 11:54:18 - [MESSAGE][PASSED] - Tabloda veri var mı kontrol edilir

2021-11-18 11:54:18 - [TEST_STEP][PASSED] - Kullanıcı işlemlerinden Çıkış seçilir: Kullanıcı işlemlerinden Çıkış seçilir

2021-11-18 11:54:18 - [MESSAGE][PASSED] - Kullanıcı işlemlerinden Çıkış seçilir

2021-11-18 11:54:18 - [MESSAGE][PASSED] - Feature file: 'Include/features/e-Makbuz/e-Serbest Meslek Uygulaması/e-Serbest Meslek Makbuzlari/Toplu Indirme.feature' was passed

2021-11-18 11:54:18 - [TEST_STEP][PASSED] - Start listener action : sampleAfterTestSuite: Invoke 'com.kms.katalon.core.annotation.AfterTestCase' method: 'Listener.sampleAfterTestSuite(...)' completed.

2021-11-18 11:54:18 - [MESSAGE][INFO] - Starting invoke 'com.kms.katalon.core.annotation.AfterTestCase' method: 'Listener.sampleAfterTestSuite(...)'

2021-11-18 11:54:18 - [TEST_STEP][PASSED] - closeBrowser(): Invoke 'com.kms.katalon.core.annotation.AfterTestCase' method: 'Listener.sampleAfterTestSuite(...)' completed.

2021-11-18 11:54:18 - [MESSAGE][INFO] - Closing browser

2021-11-18 11:54:19 - [MESSAGE][PASSED] - Browser is closed

2021-11-18 11:54:19 - [MESSAGE][INFO] - Invoke 'com.kms.katalon.core.annotation.AfterTestCase' method: 'Listener.sampleAfterTestSuite(...)' completed.]]></system-out>
         <system-err><![CDATA[]]></system-err>
      </testcase>
      <testcase name="Test Cases/Case Repository/Zarflar/Gelen Zarflar/Secilenleri Excele Aktar" time="53.619" classname="Test Cases/Case Repository/Zarflar/Gelen Zarflar/Secilenleri Excele Aktar" status="PASSED">
         <system-out><![CDATA[2021-11-18 11:54:19 - [TEST_CASE][PASSED] - Test Cases/Case Repository/Zarflar/Gelen Zarflar/Secilenleri Excele Aktar: Test Cases/Case Repository/Zarflar/Gelen Zarflar/Secilenleri Excele Aktar

2021-11-18 11:54:19 - [TEST_STEP][PASSED] - Start listener action : sampleBeforeTestSuite: Invoke 'com.kms.katalon.core.annotation.BeforeTestCase' method: 'Listener.sampleBeforeTestSuite(...)' completed.

2021-11-18 11:54:19 - [MESSAGE][INFO] - Starting invoke 'com.kms.katalon.core.annotation.BeforeTestCase' method: 'Listener.sampleBeforeTestSuite(...)'

2021-11-18 11:54:19 - [TEST_STEP][PASSED] - openBrowser(baseUrl): Browser is opened with url: 'https://efatura-stage.elogo.com.tr/'

2021-11-18 11:54:19 - [MESSAGE][INFO] - Opening browser

2021-11-18 11:54:19 - [MESSAGE][INFO] - Starting 'Chrome' driver

2021-11-18 11:54:19 - [MESSAGE][INFO] - User set preference: ['prefs', '{download.default_directory=C:\otomasyondownfiles}']

2021-11-18 11:54:19 - [MESSAGE][INFO] - Action delay is set to 0 milliseconds

2021-11-18 11:54:21 - [MESSAGE][INFO] - Navigating browser to: 'https://efatura-stage.elogo.com.tr/'

2021-11-18 11:54:23 - [MESSAGE][PASSED] - Browser is opened with url: 'https://efatura-stage.elogo.com.tr/'

2021-11-18 11:54:23 - [TEST_STEP][PASSED] - maximizeWindow(): Invoke 'com.kms.katalon.core.annotation.BeforeTestCase' method: 'Listener.sampleBeforeTestSuite(...)' completed.

2021-11-18 11:54:23 - [MESSAGE][INFO] - Maximizing current window

2021-11-18 11:54:23 - [MESSAGE][PASSED] - Current window maximized

2021-11-18 11:54:23 - [MESSAGE][INFO] - Invoke 'com.kms.katalon.core.annotation.BeforeTestCase' method: 'Listener.sampleBeforeTestSuite(...)' completed.

2021-11-18 11:54:24 - [TEST_STEP][PASSED] - runFeatureFile("Include/features/Zarflar/Gelen Zarflar/Secilenleri Excele Aktar.feature"): Feature file: 'Include/features/Zarflar/Gelen Zarflar/Secilenleri Excele Aktar.feature' was passed

2021-11-18 11:54:24 - [MESSAGE][INFO] - Starting run keyword runFeatureFile: 'Include/features/Zarflar/Gelen Zarflar/Secilenleri Excele Aktar.feature' and extract report to folder: 'C:\Users\DELL\Documents\GitHub\EES_KatalonLogo\Reports\20211118_110909\Suite Repository\ExceleAktarVeTopluIndirme\20211118_110948/cucumber_report/1637225664091'...

2021-11-18 11:54:24 - [MESSAGE][INFO] - Glue: []

2021-11-18 11:54:25 - [MESSAGE][INFO] - Checking called Test Case

2021-11-18 11:54:25 - [MESSAGE][INFO] - Starting to call Test Case 'Test Cases/Sayfalar/Giris_Sayfasi/Login'

2021-11-18 11:54:25 - [TEST_CASE][PASSED] - Test Cases/Sayfalar/Giris_Sayfasi/Login: Test Cases/Sayfalar/Giris_Sayfasi/Login

2021-11-18 11:54:25 - [TEST_STEP][PASSED] - Sayfa_Basligi = getWindowTitle(): Current window's title is: 'LOGO e-Fatura'

2021-11-18 11:54:25 - [MESSAGE][INFO] - Getting current window's title

2021-11-18 11:54:25 - [MESSAGE][PASSED] - Current window's title is: 'LOGO e-Fatura'

2021-11-18 11:54:25 - [TEST_STEP][PASSED] - verifyMatch(Sayfa_Basligi, "LOGO e-Fatura", false): Actual text 'LOGO e-Fatura' and expected text 'LOGO e-Fatura' are matched 

2021-11-18 11:54:25 - [MESSAGE][INFO] - Matching actual text 'LOGO e-Fatura' with expected text 'LOGO e-Fatura'

2021-11-18 11:54:25 - [MESSAGE][PASSED] - Actual text 'LOGO e-Fatura' and expected text 'LOGO e-Fatura' are matched 

2021-11-18 11:54:25 - [TEST_STEP][PASSED] - sendKeys(findTestObject("Sayfalar/Giris_Sayfasi/Firma_Kodu"), KullaniciAdi): Keys 'ELOGO6' sent to object: 'Object Repository/Sayfalar/Giris_Sayfasi/Firma_Kodu'

2021-11-18 11:54:25 - [MESSAGE][INFO] - Finding Test Object 'Object Repository/Sayfalar/Giris_Sayfasi/Firma_Kodu'

2021-11-18 11:54:25 - [MESSAGE][INFO] - Sending keys 'ELOGO6' to object: 'Object Repository/Sayfalar/Giris_Sayfasi/Firma_Kodu'

2021-11-18 11:54:25 - [MESSAGE][INFO] - Finding web element from Test Object's properties

2021-11-18 11:54:25 - [MESSAGE][INFO] - Checking timeout

2021-11-18 11:54:25 - [MESSAGE][INFO] - Finding web element with id: 'Object Repository/Sayfalar/Giris_Sayfasi/Firma_Kodu' located by 'By.xpath: //*[@id = 'AccountName']' in '30' second(s)

2021-11-18 11:54:25 - [MESSAGE][INFO] - Smart Wait Function is triggered

2021-11-18 11:54:26 - [MESSAGE][INFO] - Found 1 web elements with id: 'Object Repository/Sayfalar/Giris_Sayfasi/Firma_Kodu' located by 'By.xpath: //*[@id = 'AccountName']' in '30' second(s)

2021-11-18 11:54:26 - [MESSAGE][PASSED] - Keys 'ELOGO6' sent to object: 'Object Repository/Sayfalar/Giris_Sayfasi/Firma_Kodu'

2021-11-18 11:54:26 - [TEST_STEP][PASSED] - sendKeys(findTestObject("Sayfalar/Giris_Sayfasi/Sifre"), Sifre): Keys '123456' sent to object: 'Object Repository/Sayfalar/Giris_Sayfasi/Sifre'

2021-11-18 11:54:26 - [MESSAGE][INFO] - Finding Test Object 'Object Repository/Sayfalar/Giris_Sayfasi/Sifre'

2021-11-18 11:54:26 - [MESSAGE][INFO] - Sending keys '123456' to object: 'Object Repository/Sayfalar/Giris_Sayfasi/Sifre'

2021-11-18 11:54:26 - [MESSAGE][INFO] - Finding web element from Test Object's properties

2021-11-18 11:54:26 - [MESSAGE][INFO] - Checking timeout

2021-11-18 11:54:26 - [MESSAGE][INFO] - Finding web element with id: 'Object Repository/Sayfalar/Giris_Sayfasi/Sifre' located by 'By.xpath: //*[@id = 'Password']' in '30' second(s)

2021-11-18 11:54:26 - [MESSAGE][INFO] - Smart Wait Function is triggered

2021-11-18 11:54:26 - [MESSAGE][INFO] - Found 1 web elements with id: 'Object Repository/Sayfalar/Giris_Sayfasi/Sifre' located by 'By.xpath: //*[@id = 'Password']' in '30' second(s)

2021-11-18 11:54:26 - [MESSAGE][PASSED] - Keys '123456' sent to object: 'Object Repository/Sayfalar/Giris_Sayfasi/Sifre'

2021-11-18 11:54:26 - [TEST_STEP][PASSED] - findWebElement(findTestObject("Sayfalar/Giris_Sayfasi/Giris_Butonu")).click(): Found 1 web elements with id: 'Object Repository/Sayfalar/Giris_Sayfasi/Giris_Butonu' located by 'By.cssSelector: #btnLogin' in '30' second(s)

2021-11-18 11:54:26 - [MESSAGE][INFO] - Finding Test Object 'Object Repository/Sayfalar/Giris_Sayfasi/Giris_Butonu'

2021-11-18 11:54:26 - [MESSAGE][INFO] - Finding web element from Test Object's properties

2021-11-18 11:54:26 - [MESSAGE][INFO] - Checking timeout

2021-11-18 11:54:26 - [MESSAGE][INFO] - Finding web element with id: 'Object Repository/Sayfalar/Giris_Sayfasi/Giris_Butonu' located by 'By.cssSelector: #btnLogin' in '30' second(s)

2021-11-18 11:54:26 - [MESSAGE][INFO] - Smart Wait Function is triggered

2021-11-18 11:54:27 - [MESSAGE][INFO] - Found 1 web elements with id: 'Object Repository/Sayfalar/Giris_Sayfasi/Giris_Butonu' located by 'By.cssSelector: #btnLogin' in '30' second(s)

2021-11-18 11:54:29 - [TEST_STEP][PASSED] - if (verifyElementPresent(findTestObject("Object Repository/Sayfalar/Giris_Sayfasi/RetveTamam_Butonu"), 5, OPTIONAL)): null

2021-11-18 11:54:29 - [MESSAGE][INFO] - Finding Test Object 'Object Repository/Sayfalar/Giris_Sayfasi/RetveTamam_Butonu'

2021-11-18 11:54:29 - [MESSAGE][INFO] - Checking object

2021-11-18 11:54:29 - [MESSAGE][INFO] - Finding web element from Test Object's properties

2021-11-18 11:54:29 - [MESSAGE][INFO] - Checking timeout

2021-11-18 11:54:29 - [MESSAGE][INFO] - Finding web element with id: 'Object Repository/Sayfalar/Giris_Sayfasi/RetveTamam_Butonu' located by 'By.xpath: //*[@class = 'btn btn-default']' in '5' second(s)

2021-11-18 11:54:29 - [MESSAGE][INFO] - Smart Wait Function is triggered

2021-11-18 11:54:29 - [MESSAGE][INFO] - Found 1 web elements with id: 'Object Repository/Sayfalar/Giris_Sayfasi/RetveTamam_Butonu' located by 'By.xpath: //*[@class = 'btn btn-default']' in '5' second(s)

2021-11-18 11:54:29 - [MESSAGE][PASSED] - Object 'Object Repository/Sayfalar/Giris_Sayfasi/RetveTamam_Butonu' is present

2021-11-18 11:54:29 - [TEST_STEP][PASSED] - click(findTestObject("Object Repository/Sayfalar/Giris_Sayfasi/RetveTamam_Butonu")): Object: 'Object Repository/Sayfalar/Giris_Sayfasi/RetveTamam_Butonu' is clicked on

2021-11-18 11:54:29 - [MESSAGE][INFO] - Finding Test Object 'Object Repository/Sayfalar/Giris_Sayfasi/RetveTamam_Butonu'

2021-11-18 11:54:30 - [MESSAGE][INFO] - Checking object

2021-11-18 11:54:30 - [MESSAGE][INFO] - Finding web element from Test Object's properties

2021-11-18 11:54:30 - [MESSAGE][INFO] - Checking timeout

2021-11-18 11:54:30 - [MESSAGE][INFO] - Finding web element with id: 'Object Repository/Sayfalar/Giris_Sayfasi/RetveTamam_Butonu' located by 'By.xpath: //*[@class = 'btn btn-default']' in '30' second(s)

2021-11-18 11:54:30 - [MESSAGE][INFO] - Smart Wait Function is triggered

2021-11-18 11:54:30 - [MESSAGE][INFO] - Found 1 web elements with id: 'Object Repository/Sayfalar/Giris_Sayfasi/RetveTamam_Butonu' located by 'By.xpath: //*[@class = 'btn btn-default']' in '30' second(s)

2021-11-18 11:54:30 - [MESSAGE][INFO] - Clicking on object: 'Object Repository/Sayfalar/Giris_Sayfasi/RetveTamam_Butonu'

2021-11-18 11:54:30 - [MESSAGE][PASSED] - Object: 'Object Repository/Sayfalar/Giris_Sayfasi/RetveTamam_Butonu' is clicked on

2021-11-18 11:54:30 - [TEST_STEP][PASSED] - click(findTestObject("Object Repository/Sayfalar/Giris_Sayfasi/RetveTamam_Butonu")): Object: 'Object Repository/Sayfalar/Giris_Sayfasi/RetveTamam_Butonu' is clicked on

2021-11-18 11:54:30 - [MESSAGE][INFO] - Finding Test Object 'Object Repository/Sayfalar/Giris_Sayfasi/RetveTamam_Butonu'

2021-11-18 11:54:30 - [MESSAGE][INFO] - Checking object

2021-11-18 11:54:30 - [MESSAGE][INFO] - Finding web element from Test Object's properties

2021-11-18 11:54:30 - [MESSAGE][INFO] - Checking timeout

2021-11-18 11:54:30 - [MESSAGE][INFO] - Finding web element with id: 'Object Repository/Sayfalar/Giris_Sayfasi/RetveTamam_Butonu' located by 'By.xpath: //*[@class = 'btn btn-default']' in '30' second(s)

2021-11-18 11:54:30 - [MESSAGE][INFO] - Smart Wait Function is triggered

2021-11-18 11:54:33 - [MESSAGE][INFO] - Found 1 web elements with id: 'Object Repository/Sayfalar/Giris_Sayfasi/RetveTamam_Butonu' located by 'By.xpath: //*[@class = 'btn btn-default']' in '30' second(s)

2021-11-18 11:54:33 - [MESSAGE][INFO] - Clicking on object: 'Object Repository/Sayfalar/Giris_Sayfasi/RetveTamam_Butonu'

2021-11-18 11:54:33 - [MESSAGE][PASSED] - Object: 'Object Repository/Sayfalar/Giris_Sayfasi/RetveTamam_Butonu' is clicked on

2021-11-18 11:54:33 - [TEST_STEP][PASSED] - if (verifyElementPresent(findTestObject("Sayfalar/Giris_Sayfasi/PopupOK"), 5, OPTIONAL)): null

2021-11-18 11:54:33 - [MESSAGE][INFO] - Finding Test Object 'Object Repository/Sayfalar/Giris_Sayfasi/PopupOK'

2021-11-18 11:54:33 - [MESSAGE][INFO] - Checking object

2021-11-18 11:54:33 - [MESSAGE][INFO] - Finding web element from Test Object's properties

2021-11-18 11:54:33 - [MESSAGE][INFO] - Checking timeout

2021-11-18 11:54:33 - [MESSAGE][INFO] - Finding web element with id: 'Object Repository/Sayfalar/Giris_Sayfasi/PopupOK' located by 'By.cssSelector: .btn.btn-success' in '5' second(s)

2021-11-18 11:54:33 - [MESSAGE][INFO] - Smart Wait Function is triggered

2021-11-18 11:54:34 - [MESSAGE][INFO] - Found 1 web elements with id: 'Object Repository/Sayfalar/Giris_Sayfasi/PopupOK' located by 'By.cssSelector: .btn.btn-success' in '5' second(s)

2021-11-18 11:54:34 - [MESSAGE][PASSED] - Object 'Object Repository/Sayfalar/Giris_Sayfasi/PopupOK' is present

2021-11-18 11:54:34 - [TEST_STEP][PASSED] - click(findTestObject("Object Repository/Sayfalar/Giris_Sayfasi/PopupCarpiGiris")): Object: 'Object Repository/Sayfalar/Giris_Sayfasi/PopupCarpiGiris' is clicked on

2021-11-18 11:54:34 - [MESSAGE][INFO] - Finding Test Object 'Object Repository/Sayfalar/Giris_Sayfasi/PopupCarpiGiris'

2021-11-18 11:54:34 - [MESSAGE][INFO] - Checking object

2021-11-18 11:54:34 - [MESSAGE][INFO] - Finding web element from Test Object's properties

2021-11-18 11:54:34 - [MESSAGE][INFO] - Checking timeout

2021-11-18 11:54:34 - [MESSAGE][INFO] - Finding web element with id: 'Object Repository/Sayfalar/Giris_Sayfasi/PopupCarpiGiris' located by 'By.cssSelector: .bootbox-close-button.close' in '30' second(s)

2021-11-18 11:54:34 - [MESSAGE][INFO] - Smart Wait Function is triggered

2021-11-18 11:54:34 - [MESSAGE][INFO] - Found 1 web elements with id: 'Object Repository/Sayfalar/Giris_Sayfasi/PopupCarpiGiris' located by 'By.cssSelector: .bootbox-close-button.close' in '30' second(s)

2021-11-18 11:54:34 - [MESSAGE][INFO] - Clicking on object: 'Object Repository/Sayfalar/Giris_Sayfasi/PopupCarpiGiris'

2021-11-18 11:54:34 - [MESSAGE][PASSED] - Object: 'Object Repository/Sayfalar/Giris_Sayfasi/PopupCarpiGiris' is clicked on

2021-11-18 11:54:34 - [TEST_STEP][PASSED] - verifyElementVisible(findTestObject("Object Repository/Kullanici_Islemleri/KullaniciIslemleri")): Object 'Object Repository/Kullanici_Islemleri/KullaniciIslemleri' is visible

2021-11-18 11:54:34 - [MESSAGE][INFO] - Finding Test Object 'Object Repository/Kullanici_Islemleri/KullaniciIslemleri'

2021-11-18 11:54:34 - [MESSAGE][INFO] - Checking object

2021-11-18 11:54:34 - [MESSAGE][INFO] - Finding web element from Test Object's properties

2021-11-18 11:54:34 - [MESSAGE][INFO] - Checking timeout

2021-11-18 11:54:34 - [MESSAGE][INFO] - Finding web element with id: 'Object Repository/Kullanici_Islemleri/KullaniciIslemleri' located by 'By.cssSelector: .dropdown>a>img' in '30' second(s)

2021-11-18 11:54:34 - [MESSAGE][INFO] - Smart Wait Function is triggered

2021-11-18 11:54:35 - [MESSAGE][INFO] - Found 1 web elements with id: 'Object Repository/Kullanici_Islemleri/KullaniciIslemleri' located by 'By.cssSelector: .dropdown>a>img' in '30' second(s)

2021-11-18 11:54:35 - [MESSAGE][PASSED] - Object 'Object Repository/Kullanici_Islemleri/KullaniciIslemleri' is visible

2021-11-18 11:54:35 - [MESSAGE][PASSED] - Call Test Case 'Test Cases/Sayfalar/Giris_Sayfasi/Login' successfully

2021-11-18 11:54:35 - [MESSAGE][INFO] - Checking called Test Case

2021-11-18 11:54:35 - [MESSAGE][INFO] - Starting to call Test Case 'Test Cases/Menu/AnaMenuSecimi'

2021-11-18 11:54:35 - [TEST_CASE][PASSED] - Test Cases/Menu/AnaMenuSecimi: Test Cases/Menu/AnaMenuSecimi

2021-11-18 11:54:35 - [TEST_STEP][PASSED] - Method.TextDegerineEsitElementeTikla(findTestObject("Menu/Ana_Menu"), Ana_Menu): Method.TextDegerineEsitElementeTikla is PASSED

2021-11-18 11:54:35 - [MESSAGE][INFO] - Finding Test Object 'Object Repository/Menu/Ana_Menu'

2021-11-18 11:54:35 - [MESSAGE][INFO] - Checking timeout

2021-11-18 11:54:35 - [MESSAGE][INFO] - Finding web element with id: 'Object Repository/Menu/Ana_Menu' located by 'By.xpath: //*[@class = 'dropdown-toggle']' in '10' second(s)

2021-11-18 11:54:35 - [MESSAGE][INFO] - Smart Wait Function is triggered

2021-11-18 11:54:35 - [MESSAGE][INFO] - Found 14 web elements with id: 'Object Repository/Menu/Ana_Menu' located by 'By.xpath: //*[@class = 'dropdown-toggle']' in '10' second(s)

2021-11-18 11:54:36 - [MESSAGE][PASSED] - Method.TextDegerineEsitElementeTikla is PASSED

2021-11-18 11:54:36 - [MESSAGE][PASSED] - Call Test Case 'Test Cases/Menu/AnaMenuSecimi' successfully

2021-11-18 11:54:36 - [MESSAGE][INFO] - Checking called Test Case

2021-11-18 11:54:36 - [MESSAGE][INFO] - Starting to call Test Case 'Test Cases/Menu/AltMenuSecimi'

2021-11-18 11:54:36 - [TEST_CASE][PASSED] - Test Cases/Menu/AltMenuSecimi: Test Cases/Menu/AltMenuSecimi

2021-11-18 11:54:36 - [TEST_STEP][PASSED] - Method.TextDegerineEsitElementeTikla(findTestObject("Menu/Alt_Menu"), Alt_Menu): Method.TextDegerineEsitElementeTikla is PASSED

2021-11-18 11:54:36 - [MESSAGE][INFO] - Finding Test Object 'Object Repository/Menu/Alt_Menu'

2021-11-18 11:54:36 - [MESSAGE][INFO] - Checking timeout

2021-11-18 11:54:36 - [MESSAGE][INFO] - Finding web element with id: 'Object Repository/Menu/Alt_Menu' located by 'By.xpath: //li[@class='dropdown dropdown-large open']//li[@class='dropdown-element']' in '10' second(s)

2021-11-18 11:54:36 - [MESSAGE][INFO] - Smart Wait Function is triggered

2021-11-18 11:54:36 - [MESSAGE][INFO] - Found 2 web elements with id: 'Object Repository/Menu/Alt_Menu' located by 'By.xpath: //li[@class='dropdown dropdown-large open']//li[@class='dropdown-element']' in '10' second(s)

2021-11-18 11:54:38 - [MESSAGE][PASSED] - Method.TextDegerineEsitElementeTikla is PASSED

2021-11-18 11:54:38 - [MESSAGE][PASSED] - Call Test Case 'Test Cases/Menu/AltMenuSecimi' successfully

2021-11-18 11:54:38 - [MESSAGE][INFO] - Checking called Test Case

2021-11-18 11:54:38 - [MESSAGE][INFO] - Starting to call Test Case 'Test Cases/Filtreler/BaslangicYaz'

2021-11-18 11:54:38 - [TEST_CASE][PASSED] - Test Cases/Filtreler/BaslangicYaz: Test Cases/Filtreler/BaslangicYaz

2021-11-18 11:54:38 - [TEST_STEP][PASSED] - delay(3): Delayed 3 second(s)

2021-11-18 11:54:38 - [MESSAGE][INFO] - Delaying browser in 3 second(s)

2021-11-18 11:54:41 - [MESSAGE][PASSED] - Delayed 3 second(s)

2021-11-18 11:54:41 - [TEST_STEP][PASSED] - Method.TextDegerineEsitElementinAltindakineTikla(findTestObject("Filtreler/Basliklar"), findTestObject("Filtreler/Basliga_Gore_Baslangic_Image"), Filtre_Adi): Method.TextDegerineEsitElementinAltindakineTikla is PASSED

2021-11-18 11:54:41 - [MESSAGE][INFO] - Finding Test Object 'Object Repository/Filtreler/Basliklar'

2021-11-18 11:54:41 - [MESSAGE][INFO] - Finding Test Object 'Object Repository/Filtreler/Basliga_Gore_Baslangic_Image'

2021-11-18 11:54:41 - [MESSAGE][INFO] - Checking timeout

2021-11-18 11:54:41 - [MESSAGE][INFO] - Finding web element with id: 'Object Repository/Filtreler/Basliklar' located by 'By.cssSelector: .control-label.col-sm-4.paddingMarginRLC' in '10' second(s)

2021-11-18 11:54:41 - [MESSAGE][INFO] - Smart Wait Function is triggered

2021-11-18 11:54:42 - [MESSAGE][INFO] - Found 8 web elements with id: 'Object Repository/Filtreler/Basliklar' located by 'By.cssSelector: .control-label.col-sm-4.paddingMarginRLC' in '10' second(s)

2021-11-18 11:54:42 - [MESSAGE][INFO] - Smart Wait Function is triggered

2021-11-18 11:54:42 - [MESSAGE][PASSED] - Method.TextDegerineEsitElementinAltindakineTikla is PASSED

2021-11-18 11:54:42 - [TEST_STEP][PASSED] - Method.TextDegerineEsitElementinAltindakiTextboxtaYaz(findTestObject("Filtreler/Basliklar"), findTestObject("Filtreler/Basliga_Gore_Baslangic"), Filtre_Adi, Filtre_Degeri): Method.TextDegerineEsitElementinAltindakiTextboxtaYaz is PASSED

2021-11-18 11:54:42 - [MESSAGE][INFO] - Finding Test Object 'Object Repository/Filtreler/Basliklar'

2021-11-18 11:54:43 - [MESSAGE][INFO] - Finding Test Object 'Object Repository/Filtreler/Basliga_Gore_Baslangic'

2021-11-18 11:54:43 - [MESSAGE][INFO] - Checking timeout

2021-11-18 11:54:43 - [MESSAGE][INFO] - Finding web element with id: 'Object Repository/Filtreler/Basliklar' located by 'By.cssSelector: .control-label.col-sm-4.paddingMarginRLC' in '10' second(s)

2021-11-18 11:54:43 - [MESSAGE][INFO] - Smart Wait Function is triggered

2021-11-18 11:54:43 - [MESSAGE][INFO] - Found 8 web elements with id: 'Object Repository/Filtreler/Basliklar' located by 'By.cssSelector: .control-label.col-sm-4.paddingMarginRLC' in '10' second(s)

2021-11-18 11:54:43 - [MESSAGE][INFO] - Smart Wait Function is triggered

2021-11-18 11:54:43 - [MESSAGE][PASSED] - Method.TextDegerineEsitElementinAltindakiTextboxtaYaz is PASSED

2021-11-18 11:54:43 - [MESSAGE][PASSED] - Call Test Case 'Test Cases/Filtreler/BaslangicYaz' successfully

2021-11-18 11:54:43 - [MESSAGE][INFO] - Checking called Test Case

2021-11-18 11:54:43 - [MESSAGE][INFO] - Starting to call Test Case 'Test Cases/Filtreler/BitisYaz'

2021-11-18 11:54:44 - [TEST_CASE][PASSED] - Test Cases/Filtreler/BitisYaz: Test Cases/Filtreler/BitisYaz

2021-11-18 11:54:44 - [TEST_STEP][PASSED] - Method.TextDegerineEsitElementinAltindakineTikla(findTestObject("Filtreler/Basliklar"), findTestObject("Filtreler/Basliga_Gore_Bitis_Image"), Filtre_Adi): Method.TextDegerineEsitElementinAltindakineTikla is PASSED

2021-11-18 11:54:44 - [MESSAGE][INFO] - Finding Test Object 'Object Repository/Filtreler/Basliklar'

2021-11-18 11:54:44 - [MESSAGE][INFO] - Finding Test Object 'Object Repository/Filtreler/Basliga_Gore_Bitis_Image'

2021-11-18 11:54:44 - [MESSAGE][INFO] - Checking timeout

2021-11-18 11:54:44 - [MESSAGE][INFO] - Finding web element with id: 'Object Repository/Filtreler/Basliklar' located by 'By.cssSelector: .control-label.col-sm-4.paddingMarginRLC' in '10' second(s)

2021-11-18 11:54:44 - [MESSAGE][INFO] - Smart Wait Function is triggered

2021-11-18 11:54:44 - [MESSAGE][INFO] - Found 8 web elements with id: 'Object Repository/Filtreler/Basliklar' located by 'By.cssSelector: .control-label.col-sm-4.paddingMarginRLC' in '10' second(s)

2021-11-18 11:54:44 - [MESSAGE][INFO] - Smart Wait Function is triggered

2021-11-18 11:54:45 - [MESSAGE][PASSED] - Method.TextDegerineEsitElementinAltindakineTikla is PASSED

2021-11-18 11:54:45 - [TEST_STEP][PASSED] - Method.TextDegerineEsitElementinAltindakiTextboxtaYaz(findTestObject("Filtreler/Basliklar"), findTestObject("Object Repository/Filtreler/Basliga_Gore_Bitis"), Filtre_Adi, Filtre_Degeri): Method.TextDegerineEsitElementinAltindakiTextboxtaYaz is PASSED

2021-11-18 11:54:45 - [MESSAGE][INFO] - Finding Test Object 'Object Repository/Filtreler/Basliklar'

2021-11-18 11:54:45 - [MESSAGE][INFO] - Finding Test Object 'Object Repository/Filtreler/Basliga_Gore_Bitis'

2021-11-18 11:54:45 - [MESSAGE][INFO] - Checking timeout

2021-11-18 11:54:45 - [MESSAGE][INFO] - Finding web element with id: 'Object Repository/Filtreler/Basliklar' located by 'By.cssSelector: .control-label.col-sm-4.paddingMarginRLC' in '10' second(s)

2021-11-18 11:54:45 - [MESSAGE][INFO] - Smart Wait Function is triggered

2021-11-18 11:54:45 - [MESSAGE][INFO] - Found 8 web elements with id: 'Object Repository/Filtreler/Basliklar' located by 'By.cssSelector: .control-label.col-sm-4.paddingMarginRLC' in '10' second(s)

2021-11-18 11:54:45 - [MESSAGE][INFO] - Smart Wait Function is triggered

2021-11-18 11:54:46 - [MESSAGE][PASSED] - Method.TextDegerineEsitElementinAltindakiTextboxtaYaz is PASSED

2021-11-18 11:54:46 - [MESSAGE][PASSED] - Call Test Case 'Test Cases/Filtreler/BitisYaz' successfully

2021-11-18 11:54:46 - [MESSAGE][INFO] - Checking called Test Case

2021-11-18 11:54:46 - [MESSAGE][INFO] - Starting to call Test Case 'Test Cases/Filtreler/ButonaTikla'

2021-11-18 11:54:46 - [TEST_CASE][PASSED] - Test Cases/Filtreler/ButonaTikla: Test Cases/Filtreler/ButonaTikla

2021-11-18 11:54:46 - [TEST_STEP][PASSED] - Method.TextDegerineEsitElementeTikla(findTestObject("Filtreler/Butonlar"), Filtre_Buton): Method.TextDegerineEsitElementeTikla is PASSED

2021-11-18 11:54:46 - [MESSAGE][INFO] - Finding Test Object 'Object Repository/Filtreler/Butonlar'

2021-11-18 11:54:46 - [MESSAGE][INFO] - Checking timeout

2021-11-18 11:54:46 - [MESSAGE][INFO] - Finding web element with id: 'Object Repository/Filtreler/Butonlar' located by 'By.cssSelector: .dxb>span' in '10' second(s)

2021-11-18 11:54:46 - [MESSAGE][INFO] - Smart Wait Function is triggered

2021-11-18 11:54:46 - [MESSAGE][INFO] - Found 3 web elements with id: 'Object Repository/Filtreler/Butonlar' located by 'By.cssSelector: .dxb>span' in '10' second(s)

2021-11-18 11:54:46 - [MESSAGE][PASSED] - Method.TextDegerineEsitElementeTikla is PASSED

2021-11-18 11:54:46 - [MESSAGE][PASSED] - Call Test Case 'Test Cases/Filtreler/ButonaTikla' successfully

2021-11-18 11:54:46 - [MESSAGE][INFO] - Checking called Test Case

2021-11-18 11:54:46 - [MESSAGE][INFO] - Starting to call Test Case 'Test Cases/Tablo/TablodaVeriVarMi'

2021-11-18 11:54:46 - [TEST_CASE][PASSED] - Test Cases/Tablo/TablodaVeriVarMi: Test Cases/Tablo/TablodaVeriVarMi

2021-11-18 11:54:46 - [TEST_STEP][PASSED] - verifyTextNotPresent("Görüntülenecek veri yok", true): Text 'Görüntülenecek veri yok' is not present on page using regular expression

2021-11-18 11:54:46 - [MESSAGE][INFO] - Checking text present  using regular expression

2021-11-18 11:54:46 - [MESSAGE][INFO] - Smart Wait Function is triggered

2021-11-18 11:54:47 - [MESSAGE][INFO] - Finding text 'Görüntülenecek veri yok' on page  using regular expression

2021-11-18 11:54:47 - [MESSAGE][PASSED] - Text 'Görüntülenecek veri yok' is not present on page using regular expression

2021-11-18 11:54:47 - [MESSAGE][PASSED] - Call Test Case 'Test Cases/Tablo/TablodaVeriVarMi' successfully

2021-11-18 11:54:47 - [MESSAGE][INFO] - Checking called Test Case

2021-11-18 11:54:47 - [MESSAGE][INFO] - Starting to call Test Case 'Test Cases/Tablo/TablodanVeriSec'

2021-11-18 11:54:47 - [TEST_CASE][PASSED] - Test Cases/Tablo/TablodanVeriSec: Test Cases/Tablo/TablodanVeriSec

2021-11-18 11:54:47 - [TEST_STEP][PASSED] - Method.TextDegerineEsitElementinAltindakineTikla(findTestObject("Tablo/Veriler"), findTestObject("Tablo/VerininCheckBoxi"), Veri_Adi): Method.TextDegerineEsitElementinAltindakineTikla is PASSED

2021-11-18 11:54:47 - [MESSAGE][INFO] - Finding Test Object 'Object Repository/Tablo/Veriler'

2021-11-18 11:54:47 - [MESSAGE][INFO] - Finding Test Object 'Object Repository/Tablo/VerininCheckBoxi'

2021-11-18 11:54:48 - [MESSAGE][INFO] - Checking timeout

2021-11-18 11:54:48 - [MESSAGE][INFO] - Finding web element with id: 'Object Repository/Tablo/Veriler' located by 'By.cssSelector: td.dxgv b ,td.dxgv' in '10' second(s)

2021-11-18 11:54:48 - [MESSAGE][INFO] - Smart Wait Function is triggered

2021-11-18 11:54:48 - [MESSAGE][INFO] - Found 110 web elements with id: 'Object Repository/Tablo/Veriler' located by 'By.cssSelector: td.dxgv b ,td.dxgv' in '10' second(s)

2021-11-18 11:54:48 - [MESSAGE][INFO] - Smart Wait Function is triggered

2021-11-18 11:54:49 - [MESSAGE][PASSED] - Method.TextDegerineEsitElementinAltindakineTikla is PASSED

2021-11-18 11:54:49 - [MESSAGE][PASSED] - Call Test Case 'Test Cases/Tablo/TablodanVeriSec' successfully

2021-11-18 11:54:49 - [MESSAGE][INFO] - Checking called Test Case

2021-11-18 11:54:49 - [MESSAGE][INFO] - Starting to call Test Case 'Test Cases/Butonlar/ButonaTikla'

2021-11-18 11:54:49 - [TEST_CASE][PASSED] - Test Cases/Butonlar/ButonaTikla: Test Cases/Butonlar/ButonaTikla

2021-11-18 11:54:49 - [TEST_STEP][PASSED] - Method.TextDegerineEsitElementeTiklaEquals(findTestObject("Butonlar/Butonlar"), Buton_Adi): Method.TextDegerineEsitElementeTiklaEquals is PASSED

2021-11-18 11:54:49 - [MESSAGE][INFO] - Finding Test Object 'Object Repository/Butonlar/Butonlar'

2021-11-18 11:54:49 - [MESSAGE][INFO] - Checking timeout

2021-11-18 11:54:49 - [MESSAGE][INFO] - Finding web element with id: 'Object Repository/Butonlar/Butonlar' located by 'By.cssSelector: .panel.panel-default.text-center.footerPanel .btn,.btn.btn-primary.btnControls' in '10' second(s)

2021-11-18 11:54:49 - [MESSAGE][INFO] - Smart Wait Function is triggered

2021-11-18 11:54:49 - [MESSAGE][INFO] - Found 5 web elements with id: 'Object Repository/Butonlar/Butonlar' located by 'By.cssSelector: .panel.panel-default.text-center.footerPanel .btn,.btn.btn-primary.btnControls' in '10' second(s)

2021-11-18 11:54:49 - [MESSAGE][PASSED] - Method.TextDegerineEsitElementeTiklaEquals is PASSED

2021-11-18 11:54:49 - [MESSAGE][PASSED] - Call Test Case 'Test Cases/Butonlar/ButonaTikla' successfully

2021-11-18 11:54:49 - [MESSAGE][INFO] - Checking called Test Case

2021-11-18 11:54:49 - [MESSAGE][INFO] - Starting to call Test Case 'Test Cases/Butonlar/AltButonaTikla'

2021-11-18 11:54:50 - [TEST_CASE][PASSED] - Test Cases/Butonlar/AltButonaTikla: Test Cases/Butonlar/AltButonaTikla

2021-11-18 11:54:50 - [TEST_STEP][PASSED] - Method.TextDegerineEsitElementeTikla(findTestObject("Butonlar/AltButonlar"), Alt_Buton): Method.TextDegerineEsitElementeTikla is PASSED

2021-11-18 11:54:50 - [MESSAGE][INFO] - Finding Test Object 'Object Repository/Butonlar/AltButonlar'

2021-11-18 11:54:50 - [MESSAGE][INFO] - Checking timeout

2021-11-18 11:54:50 - [MESSAGE][INFO] - Finding web element with id: 'Object Repository/Butonlar/AltButonlar' located by 'By.cssSelector: .btn-group.open li>a' in '10' second(s)

2021-11-18 11:54:50 - [MESSAGE][INFO] - Smart Wait Function is triggered

2021-11-18 11:54:51 - [MESSAGE][INFO] - Found 2 web elements with id: 'Object Repository/Butonlar/AltButonlar' located by 'By.cssSelector: .btn-group.open li>a' in '10' second(s)

2021-11-18 11:54:51 - [MESSAGE][PASSED] - Method.TextDegerineEsitElementeTikla is PASSED

2021-11-18 11:54:51 - [MESSAGE][PASSED] - Call Test Case 'Test Cases/Butonlar/AltButonaTikla' successfully

2021-11-18 11:54:51 - [MESSAGE][INFO] - Checking called Test Case

2021-11-18 11:54:51 - [MESSAGE][INFO] - Starting to call Test Case 'Test Cases/Popup/PopupMesajiIceriyorMu'

2021-11-18 11:54:51 - [TEST_CASE][PASSED] - Test Cases/Popup/PopupMesajiIceriyorMu: Test Cases/Popup/PopupMesajiIceriyorMu

2021-11-18 11:54:51 - [TEST_STEP][PASSED] - waitForElementVisible(findTestObject("Popup/Popup"), 10): Object 'Object Repository/Popup/Popup' is visible

2021-11-18 11:54:51 - [MESSAGE][INFO] - Finding Test Object 'Object Repository/Popup/Popup'

2021-11-18 11:54:52 - [MESSAGE][INFO] - Checking object

2021-11-18 11:54:52 - [MESSAGE][INFO] - Checking timeout

2021-11-18 11:54:52 - [MESSAGE][INFO] - Finding web element from Test Object's properties

2021-11-18 11:54:52 - [MESSAGE][INFO] - Checking timeout

2021-11-18 11:54:52 - [MESSAGE][INFO] - Finding web element with id: 'Object Repository/Popup/Popup' located by 'By.cssSelector: .bootbox-body' in '10' second(s)

2021-11-18 11:54:52 - [MESSAGE][INFO] - Smart Wait Function is triggered

2021-11-18 11:54:52 - [MESSAGE][INFO] - Found 1 web elements with id: 'Object Repository/Popup/Popup' located by 'By.cssSelector: .bootbox-body' in '10' second(s)

2021-11-18 11:54:52 - [MESSAGE][PASSED] - Object 'Object Repository/Popup/Popup' is visible

2021-11-18 11:54:52 - [TEST_STEP][PASSED] - if (!(getText(findTestObject("Popup/Popup")).contains(Mesaj))): Text of object 'Object Repository/Popup/Popup' is: 'Lütfen rapor bildiriminin gönderileceği e-posta adresini belirtiniz.
e-Posta Adresi'

2021-11-18 11:54:52 - [MESSAGE][INFO] - Finding Test Object 'Object Repository/Popup/Popup'

2021-11-18 11:54:52 - [MESSAGE][INFO] - Checking object

2021-11-18 11:54:52 - [MESSAGE][INFO] - Finding web element from Test Object's properties

2021-11-18 11:54:52 - [MESSAGE][INFO] - Checking timeout

2021-11-18 11:54:52 - [MESSAGE][INFO] - Finding web element with id: 'Object Repository/Popup/Popup' located by 'By.cssSelector: .bootbox-body' in '30' second(s)

2021-11-18 11:54:52 - [MESSAGE][INFO] - Smart Wait Function is triggered

2021-11-18 11:54:53 - [MESSAGE][INFO] - Found 1 web elements with id: 'Object Repository/Popup/Popup' located by 'By.cssSelector: .bootbox-body' in '30' second(s)

2021-11-18 11:54:53 - [MESSAGE][INFO] - Getting text of object 'Object Repository/Popup/Popup'

2021-11-18 11:54:53 - [MESSAGE][PASSED] - Text of object 'Object Repository/Popup/Popup' is: 'Lütfen rapor bildiriminin gönderileceği e-posta adresini belirtiniz.
e-Posta Adresi'

2021-11-18 11:54:53 - [TEST_STEP][PASSED] - RaporNo = getText(findTestObject("Popup/Popup")).substring(0, 6): Text of object 'Object Repository/Popup/Popup' is: 'Lütfen rapor bildiriminin gönderileceği e-posta adresini belirtiniz.
e-Posta Adresi'

2021-11-18 11:54:53 - [MESSAGE][INFO] - Finding Test Object 'Object Repository/Popup/Popup'

2021-11-18 11:54:53 - [MESSAGE][INFO] - Checking object

2021-11-18 11:54:53 - [MESSAGE][INFO] - Finding web element from Test Object's properties

2021-11-18 11:54:53 - [MESSAGE][INFO] - Checking timeout

2021-11-18 11:54:53 - [MESSAGE][INFO] - Finding web element with id: 'Object Repository/Popup/Popup' located by 'By.cssSelector: .bootbox-body' in '30' second(s)

2021-11-18 11:54:53 - [MESSAGE][INFO] - Smart Wait Function is triggered

2021-11-18 11:54:53 - [MESSAGE][INFO] - Found 1 web elements with id: 'Object Repository/Popup/Popup' located by 'By.cssSelector: .bootbox-body' in '30' second(s)

2021-11-18 11:54:53 - [MESSAGE][INFO] - Getting text of object 'Object Repository/Popup/Popup'

2021-11-18 11:54:53 - [MESSAGE][PASSED] - Text of object 'Object Repository/Popup/Popup' is: 'Lütfen rapor bildiriminin gönderileceği e-posta adresini belirtiniz.
e-Posta Adresi'

2021-11-18 11:54:53 - [TEST_STEP][PASSED] - Console.println(RaporNo): null

2021-11-18 11:54:53 - [MESSAGE][PASSED] - Call Test Case 'Test Cases/Popup/PopupMesajiIceriyorMu' successfully

2021-11-18 11:54:53 - [MESSAGE][INFO] - Checking called Test Case

2021-11-18 11:54:53 - [MESSAGE][INFO] - Starting to call Test Case 'Test Cases/Popup/PopupaEmailEklenir'

2021-11-18 11:54:53 - [TEST_CASE][PASSED] - Test Cases/Popup/PopupaEmailEklenir: Test Cases/Popup/PopupaEmailEklenir

2021-11-18 11:54:53 - [TEST_STEP][PASSED] - clearText(findTestObject("Popup/EmailText")): Text of object 'Object Repository/Popup/EmailText' is cleared

2021-11-18 11:54:53 - [MESSAGE][INFO] - Finding Test Object 'Object Repository/Popup/EmailText'

2021-11-18 11:54:53 - [MESSAGE][INFO] - Checking object

2021-11-18 11:54:53 - [MESSAGE][INFO] - Finding web element from Test Object's properties

2021-11-18 11:54:53 - [MESSAGE][INFO] - Checking timeout

2021-11-18 11:54:53 - [MESSAGE][INFO] - Finding web element with id: 'Object Repository/Popup/EmailText' located by 'By.xpath: //*[@id="eMails"]' in '30' second(s)

2021-11-18 11:54:53 - [MESSAGE][INFO] - Smart Wait Function is triggered

2021-11-18 11:54:53 - [MESSAGE][INFO] - Found 1 web elements with id: 'Object Repository/Popup/EmailText' located by 'By.xpath: //*[@id="eMails"]' in '30' second(s)

2021-11-18 11:54:53 - [MESSAGE][INFO] - Clearing text of object 'Object Repository/Popup/EmailText'

2021-11-18 11:54:53 - [MESSAGE][PASSED] - Text of object 'Object Repository/Popup/EmailText' is cleared

2021-11-18 11:54:53 - [TEST_STEP][PASSED] - sendKeys(findTestObject("Popup/EmailText"), Email): Keys 'elogotest@gmail.com;ali.kara@logo.com.tr' sent to object: 'Object Repository/Popup/EmailText'

2021-11-18 11:54:53 - [MESSAGE][INFO] - Finding Test Object 'Object Repository/Popup/EmailText'

2021-11-18 11:54:54 - [MESSAGE][INFO] - Sending keys 'elogotest@gmail.com;ali.kara@logo.com.tr' to object: 'Object Repository/Popup/EmailText'

2021-11-18 11:54:54 - [MESSAGE][INFO] - Finding web element from Test Object's properties

2021-11-18 11:54:54 - [MESSAGE][INFO] - Checking timeout

2021-11-18 11:54:54 - [MESSAGE][INFO] - Finding web element with id: 'Object Repository/Popup/EmailText' located by 'By.xpath: //*[@id="eMails"]' in '30' second(s)

2021-11-18 11:54:54 - [MESSAGE][INFO] - Smart Wait Function is triggered

2021-11-18 11:54:54 - [MESSAGE][INFO] - Found 1 web elements with id: 'Object Repository/Popup/EmailText' located by 'By.xpath: //*[@id="eMails"]' in '30' second(s)

2021-11-18 11:54:54 - [MESSAGE][PASSED] - Keys 'elogotest@gmail.com;ali.kara@logo.com.tr' sent to object: 'Object Repository/Popup/EmailText'

2021-11-18 11:54:54 - [MESSAGE][PASSED] - Call Test Case 'Test Cases/Popup/PopupaEmailEklenir' successfully

2021-11-18 11:54:54 - [MESSAGE][INFO] - Checking called Test Case

2021-11-18 11:54:54 - [MESSAGE][INFO] - Starting to call Test Case 'Test Cases/Popup/PopupButonSecilir'

2021-11-18 11:54:54 - [TEST_CASE][PASSED] - Test Cases/Popup/PopupButonSecilir: Test Cases/Popup/PopupButonSecilir

2021-11-18 11:54:54 - [TEST_STEP][PASSED] - Method.TextDegerineEsitElementeTikla(findTestObject("Popup/Popup_Butons"), Buton): Method.TextDegerineEsitElementeTikla is PASSED

2021-11-18 11:54:54 - [MESSAGE][INFO] - Finding Test Object 'Object Repository/Popup/Popup_Butons'

2021-11-18 11:54:54 - [MESSAGE][INFO] - Checking timeout

2021-11-18 11:54:54 - [MESSAGE][INFO] - Finding web element with id: 'Object Repository/Popup/Popup_Butons' located by 'By.cssSelector: .modal-footer>button' in '10' second(s)

2021-11-18 11:54:54 - [MESSAGE][INFO] - Smart Wait Function is triggered

2021-11-18 11:54:54 - [MESSAGE][INFO] - Found 2 web elements with id: 'Object Repository/Popup/Popup_Butons' located by 'By.cssSelector: .modal-footer>button' in '10' second(s)

2021-11-18 11:54:54 - [MESSAGE][PASSED] - Method.TextDegerineEsitElementeTikla is PASSED

2021-11-18 11:54:54 - [MESSAGE][PASSED] - Call Test Case 'Test Cases/Popup/PopupButonSecilir' successfully

2021-11-18 11:54:54 - [MESSAGE][INFO] - Checking called Test Case

2021-11-18 11:54:54 - [MESSAGE][INFO] - Starting to call Test Case 'Test Cases/Popup/PopupMesajiIceriyorMu'

2021-11-18 11:54:55 - [TEST_CASE][PASSED] - Test Cases/Popup/PopupMesajiIceriyorMu: Test Cases/Popup/PopupMesajiIceriyorMu

2021-11-18 11:54:55 - [TEST_STEP][PASSED] - waitForElementVisible(findTestObject("Popup/Popup"), 10): Object 'Object Repository/Popup/Popup' is visible

2021-11-18 11:54:55 - [MESSAGE][INFO] - Finding Test Object 'Object Repository/Popup/Popup'

2021-11-18 11:54:55 - [MESSAGE][INFO] - Checking object

2021-11-18 11:54:55 - [MESSAGE][INFO] - Checking timeout

2021-11-18 11:54:55 - [MESSAGE][INFO] - Finding web element from Test Object's properties

2021-11-18 11:54:55 - [MESSAGE][INFO] - Checking timeout

2021-11-18 11:54:55 - [MESSAGE][INFO] - Finding web element with id: 'Object Repository/Popup/Popup' located by 'By.cssSelector: .bootbox-body' in '10' second(s)

2021-11-18 11:54:55 - [MESSAGE][INFO] - Smart Wait Function is triggered

2021-11-18 11:54:55 - [MESSAGE][INFO] - Found 1 web elements with id: 'Object Repository/Popup/Popup' located by 'By.cssSelector: .bootbox-body' in '10' second(s)

2021-11-18 11:54:55 - [MESSAGE][PASSED] - Object 'Object Repository/Popup/Popup' is visible

2021-11-18 11:54:55 - [TEST_STEP][PASSED] - if (!(getText(findTestObject("Popup/Popup")).contains(Mesaj))): Text of object 'Object Repository/Popup/Popup' is: '17428 no’lu talebiniz işleme alınmıştır. Raporunuz hazırlandığında (elogotest@gmail.com;ali.kara@logo.com.tr) adresinize mail gönderilecektir.
Rapor durumunuzu Raporlar > Toplu Veri İndirme ekranından takip edebilir, hazırlandı durumundaki raporlarınızı ilgili menüden indirebilirsiniz.'

2021-11-18 11:54:55 - [MESSAGE][INFO] - Finding Test Object 'Object Repository/Popup/Popup'

2021-11-18 11:54:55 - [MESSAGE][INFO] - Checking object

2021-11-18 11:54:55 - [MESSAGE][INFO] - Finding web element from Test Object's properties

2021-11-18 11:54:55 - [MESSAGE][INFO] - Checking timeout

2021-11-18 11:54:55 - [MESSAGE][INFO] - Finding web element with id: 'Object Repository/Popup/Popup' located by 'By.cssSelector: .bootbox-body' in '30' second(s)

2021-11-18 11:54:55 - [MESSAGE][INFO] - Smart Wait Function is triggered

2021-11-18 11:54:56 - [MESSAGE][INFO] - Found 1 web elements with id: 'Object Repository/Popup/Popup' located by 'By.cssSelector: .bootbox-body' in '30' second(s)

2021-11-18 11:54:56 - [MESSAGE][INFO] - Getting text of object 'Object Repository/Popup/Popup'

2021-11-18 11:54:56 - [MESSAGE][PASSED] - Text of object 'Object Repository/Popup/Popup' is: '17428 no’lu talebiniz işleme alınmıştır. Raporunuz hazırlandığında (elogotest@gmail.com;ali.kara@logo.com.tr) adresinize mail gönderilecektir.
Rapor durumunuzu Raporlar > Toplu Veri İndirme ekranından takip edebilir, hazırlandı durumundaki raporlarınızı ilgili menüden indirebilirsiniz.'

2021-11-18 11:54:56 - [TEST_STEP][PASSED] - RaporNo = getText(findTestObject("Popup/Popup")).substring(0, 6): Text of object 'Object Repository/Popup/Popup' is: '17428 no’lu talebiniz işleme alınmıştır. Raporunuz hazırlandığında (elogotest@gmail.com;ali.kara@logo.com.tr) adresinize mail gönderilecektir.
Rapor durumunuzu Raporlar > Toplu Veri İndirme ekranından takip edebilir, hazırlandı durumundaki raporlarınızı ilgili menüden indirebilirsiniz.'

2021-11-18 11:54:56 - [MESSAGE][INFO] - Finding Test Object 'Object Repository/Popup/Popup'

2021-11-18 11:54:56 - [MESSAGE][INFO] - Checking object

2021-11-18 11:54:56 - [MESSAGE][INFO] - Finding web element from Test Object's properties

2021-11-18 11:54:56 - [MESSAGE][INFO] - Checking timeout

2021-11-18 11:54:56 - [MESSAGE][INFO] - Finding web element with id: 'Object Repository/Popup/Popup' located by 'By.cssSelector: .bootbox-body' in '30' second(s)

2021-11-18 11:54:56 - [MESSAGE][INFO] - Smart Wait Function is triggered

2021-11-18 11:54:56 - [MESSAGE][INFO] - Found 1 web elements with id: 'Object Repository/Popup/Popup' located by 'By.cssSelector: .bootbox-body' in '30' second(s)

2021-11-18 11:54:56 - [MESSAGE][INFO] - Getting text of object 'Object Repository/Popup/Popup'

2021-11-18 11:54:56 - [MESSAGE][PASSED] - Text of object 'Object Repository/Popup/Popup' is: '17428 no’lu talebiniz işleme alınmıştır. Raporunuz hazırlandığında (elogotest@gmail.com;ali.kara@logo.com.tr) adresinize mail gönderilecektir.
Rapor durumunuzu Raporlar > Toplu Veri İndirme ekranından takip edebilir, hazırlandı durumundaki raporlarınızı ilgili menüden indirebilirsiniz.'

2021-11-18 11:54:56 - [TEST_STEP][PASSED] - Console.println(RaporNo): null

2021-11-18 11:54:56 - [MESSAGE][PASSED] - Call Test Case 'Test Cases/Popup/PopupMesajiIceriyorMu' successfully

2021-11-18 11:54:56 - [MESSAGE][INFO] - Checking called Test Case

2021-11-18 11:54:56 - [MESSAGE][INFO] - Starting to call Test Case 'Test Cases/Popup/PopupButonSecilir'

2021-11-18 11:54:56 - [TEST_CASE][PASSED] - Test Cases/Popup/PopupButonSecilir: Test Cases/Popup/PopupButonSecilir

2021-11-18 11:54:56 - [TEST_STEP][PASSED] - Method.TextDegerineEsitElementeTikla(findTestObject("Popup/Popup_Butons"), Buton): Method.TextDegerineEsitElementeTikla is PASSED

2021-11-18 11:54:56 - [MESSAGE][INFO] - Finding Test Object 'Object Repository/Popup/Popup_Butons'

2021-11-18 11:54:56 - [MESSAGE][INFO] - Checking timeout

2021-11-18 11:54:56 - [MESSAGE][INFO] - Finding web element with id: 'Object Repository/Popup/Popup_Butons' located by 'By.cssSelector: .modal-footer>button' in '10' second(s)

2021-11-18 11:54:56 - [MESSAGE][INFO] - Smart Wait Function is triggered

2021-11-18 11:54:57 - [MESSAGE][INFO] - Found 1 web elements with id: 'Object Repository/Popup/Popup_Butons' located by 'By.cssSelector: .modal-footer>button' in '10' second(s)

2021-11-18 11:54:57 - [MESSAGE][PASSED] - Method.TextDegerineEsitElementeTikla is PASSED

2021-11-18 11:54:57 - [MESSAGE][PASSED] - Call Test Case 'Test Cases/Popup/PopupButonSecilir' successfully

2021-11-18 11:54:57 - [MESSAGE][INFO] - Checking called Test Case

2021-11-18 11:54:57 - [MESSAGE][INFO] - Starting to call Test Case 'Test Cases/Butonlar/ButonaTikla'

2021-11-18 11:54:57 - [TEST_CASE][PASSED] - Test Cases/Butonlar/ButonaTikla: Test Cases/Butonlar/ButonaTikla

2021-11-18 11:54:57 - [TEST_STEP][PASSED] - Method.TextDegerineEsitElementeTiklaEquals(findTestObject("Butonlar/Butonlar"), Buton_Adi): Method.TextDegerineEsitElementeTiklaEquals is PASSED

2021-11-18 11:54:57 - [MESSAGE][INFO] - Finding Test Object 'Object Repository/Butonlar/Butonlar'

2021-11-18 11:54:57 - [MESSAGE][INFO] - Checking timeout

2021-11-18 11:54:57 - [MESSAGE][INFO] - Finding web element with id: 'Object Repository/Butonlar/Butonlar' located by 'By.cssSelector: .panel.panel-default.text-center.footerPanel .btn,.btn.btn-primary.btnControls' in '10' second(s)

2021-11-18 11:54:57 - [MESSAGE][INFO] - Smart Wait Function is triggered

2021-11-18 11:54:58 - [MESSAGE][INFO] - Found 5 web elements with id: 'Object Repository/Butonlar/Butonlar' located by 'By.cssSelector: .panel.panel-default.text-center.footerPanel .btn,.btn.btn-primary.btnControls' in '10' second(s)

2021-11-18 11:54:58 - [MESSAGE][PASSED] - Method.TextDegerineEsitElementeTiklaEquals is PASSED

2021-11-18 11:54:58 - [MESSAGE][PASSED] - Call Test Case 'Test Cases/Butonlar/ButonaTikla' successfully

2021-11-18 11:54:58 - [MESSAGE][INFO] - Checking called Test Case

2021-11-18 11:54:58 - [MESSAGE][INFO] - Starting to call Test Case 'Test Cases/Butonlar/AltButonaTikla'

2021-11-18 11:54:58 - [TEST_CASE][PASSED] - Test Cases/Butonlar/AltButonaTikla: Test Cases/Butonlar/AltButonaTikla

2021-11-18 11:54:58 - [TEST_STEP][PASSED] - Method.TextDegerineEsitElementeTikla(findTestObject("Butonlar/AltButonlar"), Alt_Buton): Method.TextDegerineEsitElementeTikla is PASSED

2021-11-18 11:54:58 - [MESSAGE][INFO] - Finding Test Object 'Object Repository/Butonlar/AltButonlar'

2021-11-18 11:54:58 - [MESSAGE][INFO] - Checking timeout

2021-11-18 11:54:58 - [MESSAGE][INFO] - Finding web element with id: 'Object Repository/Butonlar/AltButonlar' located by 'By.cssSelector: .btn-group.open li>a' in '10' second(s)

2021-11-18 11:54:58 - [MESSAGE][INFO] - Smart Wait Function is triggered

2021-11-18 11:54:58 - [MESSAGE][INFO] - Found 2 web elements with id: 'Object Repository/Butonlar/AltButonlar' located by 'By.cssSelector: .btn-group.open li>a' in '10' second(s)

2021-11-18 11:54:58 - [MESSAGE][PASSED] - Method.TextDegerineEsitElementeTikla is PASSED

2021-11-18 11:54:58 - [MESSAGE][PASSED] - Call Test Case 'Test Cases/Butonlar/AltButonaTikla' successfully

2021-11-18 11:54:58 - [MESSAGE][INFO] - Checking called Test Case

2021-11-18 11:54:58 - [MESSAGE][INFO] - Starting to call Test Case 'Test Cases/Popup/PopupMesajiIceriyorMu'

2021-11-18 11:54:59 - [TEST_CASE][PASSED] - Test Cases/Popup/PopupMesajiIceriyorMu: Test Cases/Popup/PopupMesajiIceriyorMu

2021-11-18 11:54:59 - [TEST_STEP][PASSED] - waitForElementVisible(findTestObject("Popup/Popup"), 10): Object 'Object Repository/Popup/Popup' is visible

2021-11-18 11:54:59 - [MESSAGE][INFO] - Finding Test Object 'Object Repository/Popup/Popup'

2021-11-18 11:54:59 - [MESSAGE][INFO] - Checking object

2021-11-18 11:54:59 - [MESSAGE][INFO] - Checking timeout

2021-11-18 11:54:59 - [MESSAGE][INFO] - Finding web element from Test Object's properties

2021-11-18 11:54:59 - [MESSAGE][INFO] - Checking timeout

2021-11-18 11:54:59 - [MESSAGE][INFO] - Finding web element with id: 'Object Repository/Popup/Popup' located by 'By.cssSelector: .bootbox-body' in '10' second(s)

2021-11-18 11:54:59 - [MESSAGE][INFO] - Smart Wait Function is triggered

2021-11-18 11:54:59 - [MESSAGE][INFO] - Found 1 web elements with id: 'Object Repository/Popup/Popup' located by 'By.cssSelector: .bootbox-body' in '10' second(s)

2021-11-18 11:54:59 - [MESSAGE][PASSED] - Object 'Object Repository/Popup/Popup' is visible

2021-11-18 11:54:59 - [TEST_STEP][PASSED] - if (!(getText(findTestObject("Popup/Popup")).contains(Mesaj))): Text of object 'Object Repository/Popup/Popup' is: 'Lütfen rapor bildiriminin gönderileceği e-posta adresini belirtiniz.
e-Posta Adresi'

2021-11-18 11:54:59 - [MESSAGE][INFO] - Finding Test Object 'Object Repository/Popup/Popup'

2021-11-18 11:54:59 - [MESSAGE][INFO] - Checking object

2021-11-18 11:54:59 - [MESSAGE][INFO] - Finding web element from Test Object's properties

2021-11-18 11:54:59 - [MESSAGE][INFO] - Checking timeout

2021-11-18 11:54:59 - [MESSAGE][INFO] - Finding web element with id: 'Object Repository/Popup/Popup' located by 'By.cssSelector: .bootbox-body' in '30' second(s)

2021-11-18 11:54:59 - [MESSAGE][INFO] - Smart Wait Function is triggered

2021-11-18 11:55:00 - [MESSAGE][INFO] - Found 1 web elements with id: 'Object Repository/Popup/Popup' located by 'By.cssSelector: .bootbox-body' in '30' second(s)

2021-11-18 11:55:00 - [MESSAGE][INFO] - Getting text of object 'Object Repository/Popup/Popup'

2021-11-18 11:55:00 - [MESSAGE][PASSED] - Text of object 'Object Repository/Popup/Popup' is: 'Lütfen rapor bildiriminin gönderileceği e-posta adresini belirtiniz.
e-Posta Adresi'

2021-11-18 11:55:00 - [TEST_STEP][PASSED] - RaporNo = getText(findTestObject("Popup/Popup")).substring(0, 6): Text of object 'Object Repository/Popup/Popup' is: 'Lütfen rapor bildiriminin gönderileceği e-posta adresini belirtiniz.
e-Posta Adresi'

2021-11-18 11:55:00 - [MESSAGE][INFO] - Finding Test Object 'Object Repository/Popup/Popup'

2021-11-18 11:55:00 - [MESSAGE][INFO] - Checking object

2021-11-18 11:55:00 - [MESSAGE][INFO] - Finding web element from Test Object's properties

2021-11-18 11:55:00 - [MESSAGE][INFO] - Checking timeout

2021-11-18 11:55:00 - [MESSAGE][INFO] - Finding web element with id: 'Object Repository/Popup/Popup' located by 'By.cssSelector: .bootbox-body' in '30' second(s)

2021-11-18 11:55:00 - [MESSAGE][INFO] - Smart Wait Function is triggered

2021-11-18 11:55:00 - [MESSAGE][INFO] - Found 1 web elements with id: 'Object Repository/Popup/Popup' located by 'By.cssSelector: .bootbox-body' in '30' second(s)

2021-11-18 11:55:00 - [MESSAGE][INFO] - Getting text of object 'Object Repository/Popup/Popup'

2021-11-18 11:55:00 - [MESSAGE][PASSED] - Text of object 'Object Repository/Popup/Popup' is: 'Lütfen rapor bildiriminin gönderileceği e-posta adresini belirtiniz.
e-Posta Adresi'

2021-11-18 11:55:00 - [TEST_STEP][PASSED] - Console.println(RaporNo): null

2021-11-18 11:55:00 - [MESSAGE][PASSED] - Call Test Case 'Test Cases/Popup/PopupMesajiIceriyorMu' successfully

2021-11-18 11:55:00 - [MESSAGE][INFO] - Checking called Test Case

2021-11-18 11:55:00 - [MESSAGE][INFO] - Starting to call Test Case 'Test Cases/Popup/PopupaEmailEklenir'

2021-11-18 11:55:00 - [TEST_CASE][PASSED] - Test Cases/Popup/PopupaEmailEklenir: Test Cases/Popup/PopupaEmailEklenir

2021-11-18 11:55:00 - [TEST_STEP][PASSED] - clearText(findTestObject("Popup/EmailText")): Text of object 'Object Repository/Popup/EmailText' is cleared

2021-11-18 11:55:00 - [MESSAGE][INFO] - Finding Test Object 'Object Repository/Popup/EmailText'

2021-11-18 11:55:00 - [MESSAGE][INFO] - Checking object

2021-11-18 11:55:00 - [MESSAGE][INFO] - Finding web element from Test Object's properties

2021-11-18 11:55:00 - [MESSAGE][INFO] - Checking timeout

2021-11-18 11:55:00 - [MESSAGE][INFO] - Finding web element with id: 'Object Repository/Popup/EmailText' located by 'By.xpath: //*[@id="eMails"]' in '30' second(s)

2021-11-18 11:55:00 - [MESSAGE][INFO] - Smart Wait Function is triggered

2021-11-18 11:55:01 - [MESSAGE][INFO] - Found 1 web elements with id: 'Object Repository/Popup/EmailText' located by 'By.xpath: //*[@id="eMails"]' in '30' second(s)

2021-11-18 11:55:01 - [MESSAGE][INFO] - Clearing text of object 'Object Repository/Popup/EmailText'

2021-11-18 11:55:01 - [MESSAGE][PASSED] - Text of object 'Object Repository/Popup/EmailText' is cleared

2021-11-18 11:55:01 - [TEST_STEP][PASSED] - sendKeys(findTestObject("Popup/EmailText"), Email): Keys 'elogotest@gmail.com;ali.kara@logo.com.tr' sent to object: 'Object Repository/Popup/EmailText'

2021-11-18 11:55:01 - [MESSAGE][INFO] - Finding Test Object 'Object Repository/Popup/EmailText'

2021-11-18 11:55:01 - [MESSAGE][INFO] - Sending keys 'elogotest@gmail.com;ali.kara@logo.com.tr' to object: 'Object Repository/Popup/EmailText'

2021-11-18 11:55:01 - [MESSAGE][INFO] - Finding web element from Test Object's properties

2021-11-18 11:55:01 - [MESSAGE][INFO] - Checking timeout

2021-11-18 11:55:01 - [MESSAGE][INFO] - Finding web element with id: 'Object Repository/Popup/EmailText' located by 'By.xpath: //*[@id="eMails"]' in '30' second(s)

2021-11-18 11:55:01 - [MESSAGE][INFO] - Smart Wait Function is triggered

2021-11-18 11:55:01 - [MESSAGE][INFO] - Found 1 web elements with id: 'Object Repository/Popup/EmailText' located by 'By.xpath: //*[@id="eMails"]' in '30' second(s)

2021-11-18 11:55:02 - [MESSAGE][PASSED] - Keys 'elogotest@gmail.com;ali.kara@logo.com.tr' sent to object: 'Object Repository/Popup/EmailText'

2021-11-18 11:55:02 - [MESSAGE][PASSED] - Call Test Case 'Test Cases/Popup/PopupaEmailEklenir' successfully

2021-11-18 11:55:02 - [MESSAGE][INFO] - Checking called Test Case

2021-11-18 11:55:02 - [MESSAGE][INFO] - Starting to call Test Case 'Test Cases/Popup/PopupButonSecilir'

2021-11-18 11:55:02 - [TEST_CASE][PASSED] - Test Cases/Popup/PopupButonSecilir: Test Cases/Popup/PopupButonSecilir

2021-11-18 11:55:02 - [TEST_STEP][PASSED] - Method.TextDegerineEsitElementeTikla(findTestObject("Popup/Popup_Butons"), Buton): Method.TextDegerineEsitElementeTikla is PASSED

2021-11-18 11:55:02 - [MESSAGE][INFO] - Finding Test Object 'Object Repository/Popup/Popup_Butons'

2021-11-18 11:55:02 - [MESSAGE][INFO] - Checking timeout

2021-11-18 11:55:02 - [MESSAGE][INFO] - Finding web element with id: 'Object Repository/Popup/Popup_Butons' located by 'By.cssSelector: .modal-footer>button' in '10' second(s)

2021-11-18 11:55:02 - [MESSAGE][INFO] - Smart Wait Function is triggered

2021-11-18 11:55:02 - [MESSAGE][INFO] - Found 2 web elements with id: 'Object Repository/Popup/Popup_Butons' located by 'By.cssSelector: .modal-footer>button' in '10' second(s)

2021-11-18 11:55:02 - [MESSAGE][PASSED] - Method.TextDegerineEsitElementeTikla is PASSED

2021-11-18 11:55:02 - [MESSAGE][PASSED] - Call Test Case 'Test Cases/Popup/PopupButonSecilir' successfully

2021-11-18 11:55:02 - [MESSAGE][INFO] - Checking called Test Case

2021-11-18 11:55:02 - [MESSAGE][INFO] - Starting to call Test Case 'Test Cases/Popup/PopupMesajiIceriyorMu'

2021-11-18 11:55:02 - [TEST_CASE][PASSED] - Test Cases/Popup/PopupMesajiIceriyorMu: Test Cases/Popup/PopupMesajiIceriyorMu

2021-11-18 11:55:02 - [TEST_STEP][PASSED] - waitForElementVisible(findTestObject("Popup/Popup"), 10): Object 'Object Repository/Popup/Popup' is visible

2021-11-18 11:55:02 - [MESSAGE][INFO] - Finding Test Object 'Object Repository/Popup/Popup'

2021-11-18 11:55:03 - [MESSAGE][INFO] - Checking object

2021-11-18 11:55:03 - [MESSAGE][INFO] - Checking timeout

2021-11-18 11:55:03 - [MESSAGE][INFO] - Finding web element from Test Object's properties

2021-11-18 11:55:03 - [MESSAGE][INFO] - Checking timeout

2021-11-18 11:55:03 - [MESSAGE][INFO] - Finding web element with id: 'Object Repository/Popup/Popup' located by 'By.cssSelector: .bootbox-body' in '10' second(s)

2021-11-18 11:55:03 - [MESSAGE][INFO] - Smart Wait Function is triggered

2021-11-18 11:55:03 - [MESSAGE][INFO] - Found 1 web elements with id: 'Object Repository/Popup/Popup' located by 'By.cssSelector: .bootbox-body' in '10' second(s)

2021-11-18 11:55:03 - [MESSAGE][PASSED] - Object 'Object Repository/Popup/Popup' is visible

2021-11-18 11:55:03 - [TEST_STEP][PASSED] - if (!(getText(findTestObject("Popup/Popup")).contains(Mesaj))): Text of object 'Object Repository/Popup/Popup' is: '17429 no’lu talebiniz işleme alınmıştır. Raporunuz hazırlandığında (elogotest@gmail.com;ali.kara@logo.com.tr) adresinize mail gönderilecektir.
Rapor durumunuzu Raporlar > Toplu Veri İndirme ekranından takip edebilir, hazırlandı durumundaki raporlarınızı ilgili menüden indirebilirsiniz.'

2021-11-18 11:55:03 - [MESSAGE][INFO] - Finding Test Object 'Object Repository/Popup/Popup'

2021-11-18 11:55:03 - [MESSAGE][INFO] - Checking object

2021-11-18 11:55:03 - [MESSAGE][INFO] - Finding web element from Test Object's properties

2021-11-18 11:55:03 - [MESSAGE][INFO] - Checking timeout

2021-11-18 11:55:03 - [MESSAGE][INFO] - Finding web element with id: 'Object Repository/Popup/Popup' located by 'By.cssSelector: .bootbox-body' in '30' second(s)

2021-11-18 11:55:03 - [MESSAGE][INFO] - Smart Wait Function is triggered

2021-11-18 11:55:04 - [MESSAGE][INFO] - Found 1 web elements with id: 'Object Repository/Popup/Popup' located by 'By.cssSelector: .bootbox-body' in '30' second(s)

2021-11-18 11:55:04 - [MESSAGE][INFO] - Getting text of object 'Object Repository/Popup/Popup'

2021-11-18 11:55:04 - [MESSAGE][PASSED] - Text of object 'Object Repository/Popup/Popup' is: '17429 no’lu talebiniz işleme alınmıştır. Raporunuz hazırlandığında (elogotest@gmail.com;ali.kara@logo.com.tr) adresinize mail gönderilecektir.
Rapor durumunuzu Raporlar > Toplu Veri İndirme ekranından takip edebilir, hazırlandı durumundaki raporlarınızı ilgili menüden indirebilirsiniz.'

2021-11-18 11:55:04 - [TEST_STEP][PASSED] - RaporNo = getText(findTestObject("Popup/Popup")).substring(0, 6): Text of object 'Object Repository/Popup/Popup' is: '17429 no’lu talebiniz işleme alınmıştır. Raporunuz hazırlandığında (elogotest@gmail.com;ali.kara@logo.com.tr) adresinize mail gönderilecektir.
Rapor durumunuzu Raporlar > Toplu Veri İndirme ekranından takip edebilir, hazırlandı durumundaki raporlarınızı ilgili menüden indirebilirsiniz.'

2021-11-18 11:55:04 - [MESSAGE][INFO] - Finding Test Object 'Object Repository/Popup/Popup'

2021-11-18 11:55:04 - [MESSAGE][INFO] - Checking object

2021-11-18 11:55:04 - [MESSAGE][INFO] - Finding web element from Test Object's properties

2021-11-18 11:55:04 - [MESSAGE][INFO] - Checking timeout

2021-11-18 11:55:04 - [MESSAGE][INFO] - Finding web element with id: 'Object Repository/Popup/Popup' located by 'By.cssSelector: .bootbox-body' in '30' second(s)

2021-11-18 11:55:04 - [MESSAGE][INFO] - Smart Wait Function is triggered

2021-11-18 11:55:04 - [MESSAGE][INFO] - Found 1 web elements with id: 'Object Repository/Popup/Popup' located by 'By.cssSelector: .bootbox-body' in '30' second(s)

2021-11-18 11:55:04 - [MESSAGE][INFO] - Getting text of object 'Object Repository/Popup/Popup'

2021-11-18 11:55:04 - [MESSAGE][PASSED] - Text of object 'Object Repository/Popup/Popup' is: '17429 no’lu talebiniz işleme alınmıştır. Raporunuz hazırlandığında (elogotest@gmail.com;ali.kara@logo.com.tr) adresinize mail gönderilecektir.
Rapor durumunuzu Raporlar > Toplu Veri İndirme ekranından takip edebilir, hazırlandı durumundaki raporlarınızı ilgili menüden indirebilirsiniz.'

2021-11-18 11:55:04 - [TEST_STEP][PASSED] - Console.println(RaporNo): null

2021-11-18 11:55:04 - [MESSAGE][PASSED] - Call Test Case 'Test Cases/Popup/PopupMesajiIceriyorMu' successfully

2021-11-18 11:55:04 - [MESSAGE][INFO] - Checking called Test Case

2021-11-18 11:55:04 - [MESSAGE][INFO] - Starting to call Test Case 'Test Cases/Popup/PopupButonSecilir'

2021-11-18 11:55:04 - [TEST_CASE][PASSED] - Test Cases/Popup/PopupButonSecilir: Test Cases/Popup/PopupButonSecilir

2021-11-18 11:55:04 - [TEST_STEP][PASSED] - Method.TextDegerineEsitElementeTikla(findTestObject("Popup/Popup_Butons"), Buton): Method.TextDegerineEsitElementeTikla is PASSED

2021-11-18 11:55:04 - [MESSAGE][INFO] - Finding Test Object 'Object Repository/Popup/Popup_Butons'

2021-11-18 11:55:04 - [MESSAGE][INFO] - Checking timeout

2021-11-18 11:55:04 - [MESSAGE][INFO] - Finding web element with id: 'Object Repository/Popup/Popup_Butons' located by 'By.cssSelector: .modal-footer>button' in '10' second(s)

2021-11-18 11:55:04 - [MESSAGE][INFO] - Smart Wait Function is triggered

2021-11-18 11:55:04 - [MESSAGE][INFO] - Found 1 web elements with id: 'Object Repository/Popup/Popup_Butons' located by 'By.cssSelector: .modal-footer>button' in '10' second(s)

2021-11-18 11:55:04 - [MESSAGE][PASSED] - Method.TextDegerineEsitElementeTikla is PASSED

2021-11-18 11:55:04 - [MESSAGE][PASSED] - Call Test Case 'Test Cases/Popup/PopupButonSecilir' successfully

2021-11-18 11:55:04 - [MESSAGE][INFO] - Checking called Test Case

2021-11-18 11:55:04 - [MESSAGE][INFO] - Starting to call Test Case 'Test Cases/Menu/AnaMenuSecimi'

2021-11-18 11:55:05 - [TEST_CASE][PASSED] - Test Cases/Menu/AnaMenuSecimi: Test Cases/Menu/AnaMenuSecimi

2021-11-18 11:55:05 - [TEST_STEP][PASSED] - Method.TextDegerineEsitElementeTikla(findTestObject("Menu/Ana_Menu"), Ana_Menu): Method.TextDegerineEsitElementeTikla is PASSED

2021-11-18 11:55:05 - [MESSAGE][INFO] - Finding Test Object 'Object Repository/Menu/Ana_Menu'

2021-11-18 11:55:05 - [MESSAGE][INFO] - Checking timeout

2021-11-18 11:55:05 - [MESSAGE][INFO] - Finding web element with id: 'Object Repository/Menu/Ana_Menu' located by 'By.xpath: //*[@class = 'dropdown-toggle']' in '10' second(s)

2021-11-18 11:55:05 - [MESSAGE][INFO] - Smart Wait Function is triggered

2021-11-18 11:55:05 - [MESSAGE][INFO] - Found 14 web elements with id: 'Object Repository/Menu/Ana_Menu' located by 'By.xpath: //*[@class = 'dropdown-toggle']' in '10' second(s)

2021-11-18 11:55:05 - [MESSAGE][PASSED] - Method.TextDegerineEsitElementeTikla is PASSED

2021-11-18 11:55:05 - [MESSAGE][PASSED] - Call Test Case 'Test Cases/Menu/AnaMenuSecimi' successfully

2021-11-18 11:55:05 - [MESSAGE][INFO] - Checking called Test Case

2021-11-18 11:55:05 - [MESSAGE][INFO] - Starting to call Test Case 'Test Cases/Menu/AltMenuSecimi'

2021-11-18 11:55:06 - [TEST_CASE][PASSED] - Test Cases/Menu/AltMenuSecimi: Test Cases/Menu/AltMenuSecimi

2021-11-18 11:55:06 - [TEST_STEP][PASSED] - Method.TextDegerineEsitElementeTikla(findTestObject("Menu/Alt_Menu"), Alt_Menu): Method.TextDegerineEsitElementeTikla is PASSED

2021-11-18 11:55:06 - [MESSAGE][INFO] - Finding Test Object 'Object Repository/Menu/Alt_Menu'

2021-11-18 11:55:06 - [MESSAGE][INFO] - Checking timeout

2021-11-18 11:55:06 - [MESSAGE][INFO] - Finding web element with id: 'Object Repository/Menu/Alt_Menu' located by 'By.xpath: //li[@class='dropdown dropdown-large open']//li[@class='dropdown-element']' in '10' second(s)

2021-11-18 11:55:06 - [MESSAGE][INFO] - Smart Wait Function is triggered

2021-11-18 11:55:06 - [MESSAGE][INFO] - Found 9 web elements with id: 'Object Repository/Menu/Alt_Menu' located by 'By.xpath: //li[@class='dropdown dropdown-large open']//li[@class='dropdown-element']' in '10' second(s)

2021-11-18 11:55:07 - [MESSAGE][PASSED] - Method.TextDegerineEsitElementeTikla is PASSED

2021-11-18 11:55:07 - [MESSAGE][PASSED] - Call Test Case 'Test Cases/Menu/AltMenuSecimi' successfully

2021-11-18 11:55:07 - [MESSAGE][INFO] - Checking called Test Case

2021-11-18 11:55:07 - [MESSAGE][INFO] - Starting to call Test Case 'Test Cases/Filtreler/RaporNoYaz'

2021-11-18 11:55:07 - [TEST_CASE][PASSED] - Test Cases/Filtreler/RaporNoYaz: Test Cases/Filtreler/RaporNoYaz

2021-11-18 11:55:07 - [TEST_STEP][PASSED] - Method.TextDegerineEsitElementinAltindakiTextboxtaYaz(findTestObject("Filtreler/Basliklar"), findTestObject("Filtreler/Basliga_Gore_Textbox"), "Talep No", RaporNo): Method.TextDegerineEsitElementinAltindakiTextboxtaYaz is PASSED

2021-11-18 11:55:07 - [MESSAGE][INFO] - Finding Test Object 'Object Repository/Filtreler/Basliklar'

2021-11-18 11:55:07 - [MESSAGE][INFO] - Finding Test Object 'Object Repository/Filtreler/Basliga_Gore_Textbox'

2021-11-18 11:55:07 - [MESSAGE][INFO] - Checking timeout

2021-11-18 11:55:07 - [MESSAGE][INFO] - Finding web element with id: 'Object Repository/Filtreler/Basliklar' located by 'By.cssSelector: .control-label.col-sm-4.paddingMarginRLC' in '10' second(s)

2021-11-18 11:55:07 - [MESSAGE][INFO] - Smart Wait Function is triggered

2021-11-18 11:55:07 - [MESSAGE][INFO] - Found 8 web elements with id: 'Object Repository/Filtreler/Basliklar' located by 'By.cssSelector: .control-label.col-sm-4.paddingMarginRLC' in '10' second(s)

2021-11-18 11:55:07 - [MESSAGE][INFO] - Smart Wait Function is triggered

2021-11-18 11:55:07 - [MESSAGE][PASSED] - Method.TextDegerineEsitElementinAltindakiTextboxtaYaz is PASSED

2021-11-18 11:55:07 - [MESSAGE][PASSED] - Call Test Case 'Test Cases/Filtreler/RaporNoYaz' successfully

2021-11-18 11:55:07 - [MESSAGE][INFO] - Checking called Test Case

2021-11-18 11:55:07 - [MESSAGE][INFO] - Starting to call Test Case 'Test Cases/Filtreler/ButonaTikla'

2021-11-18 11:55:08 - [TEST_CASE][PASSED] - Test Cases/Filtreler/ButonaTikla: Test Cases/Filtreler/ButonaTikla

2021-11-18 11:55:08 - [TEST_STEP][PASSED] - Method.TextDegerineEsitElementeTikla(findTestObject("Filtreler/Butonlar"), Filtre_Buton): Method.TextDegerineEsitElementeTikla is PASSED

2021-11-18 11:55:08 - [MESSAGE][INFO] - Finding Test Object 'Object Repository/Filtreler/Butonlar'

2021-11-18 11:55:08 - [MESSAGE][INFO] - Checking timeout

2021-11-18 11:55:08 - [MESSAGE][INFO] - Finding web element with id: 'Object Repository/Filtreler/Butonlar' located by 'By.cssSelector: .dxb>span' in '10' second(s)

2021-11-18 11:55:08 - [MESSAGE][INFO] - Smart Wait Function is triggered

2021-11-18 11:55:08 - [MESSAGE][INFO] - Found 2 web elements with id: 'Object Repository/Filtreler/Butonlar' located by 'By.cssSelector: .dxb>span' in '10' second(s)

2021-11-18 11:55:08 - [MESSAGE][PASSED] - Method.TextDegerineEsitElementeTikla is PASSED

2021-11-18 11:55:08 - [MESSAGE][PASSED] - Call Test Case 'Test Cases/Filtreler/ButonaTikla' successfully

2021-11-18 11:55:08 - [MESSAGE][INFO] - Checking called Test Case

2021-11-18 11:55:08 - [MESSAGE][INFO] - Starting to call Test Case 'Test Cases/Tablo/TablodaVeriVarMi'

2021-11-18 11:55:08 - [TEST_CASE][PASSED] - Test Cases/Tablo/TablodaVeriVarMi: Test Cases/Tablo/TablodaVeriVarMi

2021-11-18 11:55:08 - [TEST_STEP][PASSED] - verifyTextNotPresent("Görüntülenecek veri yok", true): Text 'Görüntülenecek veri yok' is not present on page using regular expression

2021-11-18 11:55:08 - [MESSAGE][INFO] - Checking text present  using regular expression

2021-11-18 11:55:08 - [MESSAGE][INFO] - Smart Wait Function is triggered

2021-11-18 11:55:09 - [MESSAGE][INFO] - Finding text 'Görüntülenecek veri yok' on page  using regular expression

2021-11-18 11:55:09 - [MESSAGE][PASSED] - Text 'Görüntülenecek veri yok' is not present on page using regular expression

2021-11-18 11:55:09 - [MESSAGE][PASSED] - Call Test Case 'Test Cases/Tablo/TablodaVeriVarMi' successfully

2021-11-18 11:55:09 - [MESSAGE][INFO] - Checking called Test Case

2021-11-18 11:55:09 - [MESSAGE][INFO] - Starting to call Test Case 'Test Cases/Kullanici_Islemleri/KullaniciIslemlerindenSecimYapilir'

2021-11-18 11:55:09 - [TEST_CASE][PASSED] - Test Cases/Kullanici_Islemleri/KullaniciIslemlerindenSecimYapilir: Test Cases/Kullanici_Islemleri/KullaniciIslemlerindenSecimYapilir

2021-11-18 11:55:09 - [TEST_STEP][PASSED] - waitForElementClickable(findTestObject("Object Repository/Kullanici_Islemleri/KullaniciIslemleri"), 10): Object 'Object Repository/Kullanici_Islemleri/KullaniciIslemleri' is clickable

2021-11-18 11:55:09 - [MESSAGE][INFO] - Finding Test Object 'Object Repository/Kullanici_Islemleri/KullaniciIslemleri'

2021-11-18 11:55:09 - [MESSAGE][INFO] - Checking object

2021-11-18 11:55:09 - [MESSAGE][INFO] - Checking timeout

2021-11-18 11:55:09 - [MESSAGE][INFO] - Finding web element from Test Object's properties

2021-11-18 11:55:09 - [MESSAGE][INFO] - Checking timeout

2021-11-18 11:55:09 - [MESSAGE][INFO] - Finding web element with id: 'Object Repository/Kullanici_Islemleri/KullaniciIslemleri' located by 'By.cssSelector: .dropdown>a>img' in '10' second(s)

2021-11-18 11:55:09 - [MESSAGE][INFO] - Smart Wait Function is triggered

2021-11-18 11:55:09 - [MESSAGE][INFO] - Found 1 web elements with id: 'Object Repository/Kullanici_Islemleri/KullaniciIslemleri' located by 'By.cssSelector: .dropdown>a>img' in '10' second(s)

2021-11-18 11:55:09 - [MESSAGE][PASSED] - Object 'Object Repository/Kullanici_Islemleri/KullaniciIslemleri' is clickable

2021-11-18 11:55:09 - [TEST_STEP][PASSED] - click(findTestObject("Object Repository/Kullanici_Islemleri/KullaniciIslemleri")): Object: 'Object Repository/Kullanici_Islemleri/KullaniciIslemleri' is clicked on

2021-11-18 11:55:09 - [MESSAGE][INFO] - Finding Test Object 'Object Repository/Kullanici_Islemleri/KullaniciIslemleri'

2021-11-18 11:55:09 - [MESSAGE][INFO] - Checking object

2021-11-18 11:55:09 - [MESSAGE][INFO] - Finding web element from Test Object's properties

2021-11-18 11:55:09 - [MESSAGE][INFO] - Checking timeout

2021-11-18 11:55:09 - [MESSAGE][INFO] - Finding web element with id: 'Object Repository/Kullanici_Islemleri/KullaniciIslemleri' located by 'By.cssSelector: .dropdown>a>img' in '30' second(s)

2021-11-18 11:55:09 - [MESSAGE][INFO] - Smart Wait Function is triggered

2021-11-18 11:55:09 - [MESSAGE][INFO] - Found 1 web elements with id: 'Object Repository/Kullanici_Islemleri/KullaniciIslemleri' located by 'By.cssSelector: .dropdown>a>img' in '30' second(s)

2021-11-18 11:55:09 - [MESSAGE][INFO] - Clicking on object: 'Object Repository/Kullanici_Islemleri/KullaniciIslemleri'

2021-11-18 11:55:09 - [MESSAGE][PASSED] - Object: 'Object Repository/Kullanici_Islemleri/KullaniciIslemleri' is clicked on

2021-11-18 11:55:09 - [TEST_STEP][PASSED] - Method.TextDegerineEsitElementeTikla(findTestObject("Object Repository/Kullanici_Islemleri/Secenekler"), Islem): Method.TextDegerineEsitElementeTikla is PASSED

2021-11-18 11:55:09 - [MESSAGE][INFO] - Finding Test Object 'Object Repository/Kullanici_Islemleri/Secenekler'

2021-11-18 11:55:10 - [MESSAGE][INFO] - Checking timeout

2021-11-18 11:55:10 - [MESSAGE][INFO] - Finding web element with id: 'Object Repository/Kullanici_Islemleri/Secenekler' located by 'By.cssSelector: .nav.navbar-nav.navbar-right li a' in '10' second(s)

2021-11-18 11:55:10 - [MESSAGE][INFO] - Smart Wait Function is triggered

2021-11-18 11:55:10 - [MESSAGE][INFO] - Found 22 web elements with id: 'Object Repository/Kullanici_Islemleri/Secenekler' located by 'By.cssSelector: .nav.navbar-nav.navbar-right li a' in '10' second(s)

2021-11-18 11:55:11 - [MESSAGE][PASSED] - Method.TextDegerineEsitElementeTikla is PASSED

2021-11-18 11:55:11 - [TEST_STEP][PASSED] - verifyElementNotPresent(findTestObject("Object Repository/Kullanici_Islemleri/Secenekler"), 10): Web element with id: 'Object Repository/Kullanici_Islemleri/Secenekler' located by 'By.cssSelector: .nav.navbar-nav.navbar-right li a' is not present after '10' second(s)

2021-11-18 11:55:11 - [MESSAGE][INFO] - Finding Test Object 'Object Repository/Kullanici_Islemleri/Secenekler'

2021-11-18 11:55:11 - [MESSAGE][INFO] - Checking object

2021-11-18 11:55:11 - [MESSAGE][INFO] - Checking timeout

2021-11-18 11:55:11 - [MESSAGE][INFO] - Finding web element with id: 'Object Repository/Kullanici_Islemleri/Secenekler' located by 'By.cssSelector: .nav.navbar-nav.navbar-right li a' in '10' second(s)

2021-11-18 11:55:11 - [MESSAGE][INFO] - Smart Wait Function is triggered

2021-11-18 11:55:12 - [MESSAGE][PASSED] - Web element with id: 'Object Repository/Kullanici_Islemleri/Secenekler' located by 'By.cssSelector: .nav.navbar-nav.navbar-right li a' is not present after '10' second(s)

2021-11-18 11:55:12 - [MESSAGE][PASSED] - Call Test Case 'Test Cases/Kullanici_Islemleri/KullaniciIslemlerindenSecimYapilir' successfully

2021-11-18 11:55:12 - [TEST_CASE][PASSED] - Start Test Case : SCENARIO Gelen Zarflar Excele Aktar: SCENARIO Gelen Zarflar Excele Aktar

2021-11-18 11:55:12 - [TEST_STEP][PASSED] - Kullanıcı adı ELOGO6 ve Şifre 123456 olarak giriş yapılır: Kullanıcı adı ELOGO6 ve Şifre 123456 olarak giriş yapılır

2021-11-18 11:55:12 - [MESSAGE][PASSED] - Kullanıcı adı ELOGO6 ve Şifre 123456 olarak giriş yapılır

2021-11-18 11:55:12 - [TEST_STEP][PASSED] - Ana menüden Zarflar seçilir: Ana menüden Zarflar seçilir

2021-11-18 11:55:12 - [MESSAGE][PASSED] - Ana menüden Zarflar seçilir

2021-11-18 11:55:12 - [TEST_STEP][PASSED] - Alt menüden Gelen Zarflar seçilir: Alt menüden Gelen Zarflar seçilir

2021-11-18 11:55:12 - [MESSAGE][PASSED] - Alt menüden Gelen Zarflar seçilir

2021-11-18 11:55:12 - [TEST_STEP][PASSED] - Filtrelerden Oluşturma Tarihi filtresine 01.12.2020 baslangic degerini yaz: Filtrelerden Oluşturma Tarihi filtresine 01.12.2020 baslangic degerini yaz

2021-11-18 11:55:12 - [MESSAGE][PASSED] - Filtrelerden Oluşturma Tarihi filtresine 01.12.2020 baslangic degerini yaz

2021-11-18 11:55:12 - [TEST_STEP][PASSED] - Filtrelerden Oluşturma Tarihi filtresine 31.12.2020 bitis degerini yaz: Filtrelerden Oluşturma Tarihi filtresine 31.12.2020 bitis degerini yaz

2021-11-18 11:55:12 - [MESSAGE][PASSED] - Filtrelerden Oluşturma Tarihi filtresine 31.12.2020 bitis degerini yaz

2021-11-18 11:55:12 - [TEST_STEP][PASSED] - Filtre butonlarından Listele seçilir: Filtre butonlarından Listele seçilir

2021-11-18 11:55:12 - [MESSAGE][PASSED] - Filtre butonlarından Listele seçilir

2021-11-18 11:55:12 - [TEST_STEP][PASSED] - Tabloda veri var mı kontrol edilir: Tabloda veri var mı kontrol edilir

2021-11-18 11:55:12 - [MESSAGE][PASSED] - Tabloda veri var mı kontrol edilir

2021-11-18 11:55:12 - [TEST_STEP][PASSED] - Tablodan E LOGO 6 isimli veri seçilir: Tablodan E LOGO 6 isimli veri seçilir

2021-11-18 11:55:12 - [MESSAGE][PASSED] - Tablodan E LOGO 6 isimli veri seçilir

2021-11-18 11:55:12 - [TEST_STEP][PASSED] - Butonlardan Excel isimli butona tıklanır: Butonlardan Excel isimli butona tıklanır

2021-11-18 11:55:12 - [MESSAGE][PASSED] - Butonlardan Excel isimli butona tıklanır

2021-11-18 11:55:12 - [TEST_STEP][PASSED] - Alt butonlardan Seçilenleri Excel'e Aktar butonuna tıklanır: Alt butonlardan Seçilenleri Excel'e Aktar butonuna tıklanır

2021-11-18 11:55:12 - [MESSAGE][PASSED] - Alt butonlardan Seçilenleri Excel'e Aktar butonuna tıklanır

2021-11-18 11:55:12 - [TEST_STEP][PASSED] - Popup mesajı Lütfen rapor bildiriminin gönderileceği e-posta adresini belirtiniz. içeriyor mu: Popup mesajı Lütfen rapor bildiriminin gönderileceği e-posta adresini belirtiniz. içeriyor mu

2021-11-18 11:55:12 - [MESSAGE][PASSED] - Popup mesajı Lütfen rapor bildiriminin gönderileceği e-posta adresini belirtiniz. içeriyor mu

2021-11-18 11:55:12 - [TEST_STEP][PASSED] - Popup email elogotest@gmail.com;ali.kara@logo.com.tr olarak girilir: Popup email elogotest@gmail.com;ali.kara@logo.com.tr olarak girilir

2021-11-18 11:55:12 - [MESSAGE][PASSED] - Popup email elogotest@gmail.com;ali.kara@logo.com.tr olarak girilir

2021-11-18 11:55:12 - [TEST_STEP][PASSED] - Yönetim popupında Gönder seçilir: Yönetim popupında Gönder seçilir

2021-11-18 11:55:12 - [MESSAGE][PASSED] - Yönetim popupında Gönder seçilir

2021-11-18 11:55:12 - [TEST_STEP][PASSED] - Popup mesajı Toplu Veri İndirme içeriyor mu: Popup mesajı Toplu Veri İndirme içeriyor mu

2021-11-18 11:55:12 - [MESSAGE][PASSED] - Popup mesajı Toplu Veri İndirme içeriyor mu

2021-11-18 11:55:12 - [TEST_STEP][PASSED] - Yönetim popupında Tamam seçilir: Yönetim popupında Tamam seçilir

2021-11-18 11:55:12 - [MESSAGE][PASSED] - Yönetim popupında Tamam seçilir

2021-11-18 11:55:12 - [TEST_STEP][PASSED] - Butonlardan Excel isimli butona tıklanır: Butonlardan Excel isimli butona tıklanır

2021-11-18 11:55:12 - [MESSAGE][PASSED] - Butonlardan Excel isimli butona tıklanır

2021-11-18 11:55:12 - [TEST_STEP][PASSED] - Alt butonlardan Tümünü Excel'e Aktar butonuna tıklanır: Alt butonlardan Tümünü Excel'e Aktar butonuna tıklanır

2021-11-18 11:55:12 - [MESSAGE][PASSED] - Alt butonlardan Tümünü Excel'e Aktar butonuna tıklanır

2021-11-18 11:55:12 - [TEST_STEP][PASSED] - Popup mesajı Lütfen rapor bildiriminin gönderileceği e-posta adresini belirtiniz. içeriyor mu: Popup mesajı Lütfen rapor bildiriminin gönderileceği e-posta adresini belirtiniz. içeriyor mu

2021-11-18 11:55:12 - [MESSAGE][PASSED] - Popup mesajı Lütfen rapor bildiriminin gönderileceği e-posta adresini belirtiniz. içeriyor mu

2021-11-18 11:55:12 - [TEST_STEP][PASSED] - Popup email elogotest@gmail.com;ali.kara@logo.com.tr olarak girilir: Popup email elogotest@gmail.com;ali.kara@logo.com.tr olarak girilir

2021-11-18 11:55:12 - [MESSAGE][PASSED] - Popup email elogotest@gmail.com;ali.kara@logo.com.tr olarak girilir

2021-11-18 11:55:12 - [TEST_STEP][PASSED] - Yönetim popupında Gönder seçilir: Yönetim popupında Gönder seçilir

2021-11-18 11:55:12 - [MESSAGE][PASSED] - Yönetim popupında Gönder seçilir

2021-11-18 11:55:12 - [TEST_STEP][PASSED] - Popup mesajı Toplu Veri İndirme içeriyor mu: Popup mesajı Toplu Veri İndirme içeriyor mu

2021-11-18 11:55:12 - [MESSAGE][PASSED] - Popup mesajı Toplu Veri İndirme içeriyor mu

2021-11-18 11:55:12 - [TEST_STEP][PASSED] - Yönetim popupında Tamam seçilir: Yönetim popupında Tamam seçilir

2021-11-18 11:55:12 - [MESSAGE][PASSED] - Yönetim popupında Tamam seçilir

2021-11-18 11:55:12 - [TEST_STEP][PASSED] - Ana menüden Raporlar seçilir: Ana menüden Raporlar seçilir

2021-11-18 11:55:12 - [MESSAGE][PASSED] - Ana menüden Raporlar seçilir

2021-11-18 11:55:12 - [TEST_STEP][PASSED] - Alt menüden Toplu Veri İndirme seçilir: Alt menüden Toplu Veri İndirme seçilir

2021-11-18 11:55:12 - [MESSAGE][PASSED] - Alt menüden Toplu Veri İndirme seçilir

2021-11-18 11:55:12 - [TEST_STEP][PASSED] - Filtrelerden Talep No filtresine Rapor No bilgisi yaz: Filtrelerden Talep No filtresine Rapor No bilgisi yaz

2021-11-18 11:55:12 - [MESSAGE][PASSED] - Filtrelerden Talep No filtresine Rapor No bilgisi yaz

2021-11-18 11:55:12 - [TEST_STEP][PASSED] - Filtre butonlarından Listele seçilir: Filtre butonlarından Listele seçilir

2021-11-18 11:55:12 - [MESSAGE][PASSED] - Filtre butonlarından Listele seçilir

2021-11-18 11:55:12 - [TEST_STEP][PASSED] - Tabloda veri var mı kontrol edilir: Tabloda veri var mı kontrol edilir

2021-11-18 11:55:12 - [MESSAGE][PASSED] - Tabloda veri var mı kontrol edilir

2021-11-18 11:55:12 - [TEST_STEP][PASSED] - Kullanıcı işlemlerinden Çıkış seçilir: Kullanıcı işlemlerinden Çıkış seçilir

2021-11-18 11:55:12 - [MESSAGE][PASSED] - Kullanıcı işlemlerinden Çıkış seçilir

2021-11-18 11:55:12 - [MESSAGE][PASSED] - Feature file: 'Include/features/Zarflar/Gelen Zarflar/Secilenleri Excele Aktar.feature' was passed

2021-11-18 11:55:12 - [TEST_STEP][PASSED] - Start listener action : sampleAfterTestSuite: Invoke 'com.kms.katalon.core.annotation.AfterTestCase' method: 'Listener.sampleAfterTestSuite(...)' completed.

2021-11-18 11:55:12 - [MESSAGE][INFO] - Starting invoke 'com.kms.katalon.core.annotation.AfterTestCase' method: 'Listener.sampleAfterTestSuite(...)'

2021-11-18 11:55:12 - [TEST_STEP][PASSED] - closeBrowser(): Invoke 'com.kms.katalon.core.annotation.AfterTestCase' method: 'Listener.sampleAfterTestSuite(...)' completed.

2021-11-18 11:55:12 - [MESSAGE][INFO] - Closing browser

2021-11-18 11:55:13 - [MESSAGE][PASSED] - Browser is closed

2021-11-18 11:55:13 - [MESSAGE][INFO] - Invoke 'com.kms.katalon.core.annotation.AfterTestCase' method: 'Listener.sampleAfterTestSuite(...)' completed.]]></system-out>
         <system-err><![CDATA[]]></system-err>
      </testcase>
      <testcase name="Test Cases/Case Repository/Zarflar/Gelen Zarflar/Toplu Indirme" time="59.725" classname="Test Cases/Case Repository/Zarflar/Gelen Zarflar/Toplu Indirme" status="PASSED">
         <system-out><![CDATA[2021-11-18 11:55:13 - [TEST_CASE][PASSED] - Test Cases/Case Repository/Zarflar/Gelen Zarflar/Toplu Indirme: Test Cases/Case Repository/Zarflar/Gelen Zarflar/Toplu Indirme

2021-11-18 11:55:13 - [TEST_STEP][PASSED] - Start listener action : sampleBeforeTestSuite: Invoke 'com.kms.katalon.core.annotation.BeforeTestCase' method: 'Listener.sampleBeforeTestSuite(...)' completed.

2021-11-18 11:55:13 - [MESSAGE][INFO] - Starting invoke 'com.kms.katalon.core.annotation.BeforeTestCase' method: 'Listener.sampleBeforeTestSuite(...)'

2021-11-18 11:55:13 - [TEST_STEP][PASSED] - openBrowser(baseUrl): Browser is opened with url: 'https://efatura-stage.elogo.com.tr/'

2021-11-18 11:55:13 - [MESSAGE][INFO] - Opening browser

2021-11-18 11:55:13 - [MESSAGE][INFO] - Starting 'Chrome' driver

2021-11-18 11:55:13 - [MESSAGE][INFO] - User set preference: ['prefs', '{download.default_directory=C:\otomasyondownfiles}']

2021-11-18 11:55:13 - [MESSAGE][INFO] - Action delay is set to 0 milliseconds

2021-11-18 11:55:14 - [MESSAGE][INFO] - Navigating browser to: 'https://efatura-stage.elogo.com.tr/'

2021-11-18 11:55:24 - [MESSAGE][PASSED] - Browser is opened with url: 'https://efatura-stage.elogo.com.tr/'

2021-11-18 11:55:24 - [TEST_STEP][PASSED] - maximizeWindow(): Invoke 'com.kms.katalon.core.annotation.BeforeTestCase' method: 'Listener.sampleBeforeTestSuite(...)' completed.

2021-11-18 11:55:24 - [MESSAGE][INFO] - Maximizing current window

2021-11-18 11:55:24 - [MESSAGE][PASSED] - Current window maximized

2021-11-18 11:55:24 - [MESSAGE][INFO] - Invoke 'com.kms.katalon.core.annotation.BeforeTestCase' method: 'Listener.sampleBeforeTestSuite(...)' completed.

2021-11-18 11:55:24 - [TEST_STEP][PASSED] - runFeatureFile("Include/features/Zarflar/Gelen Zarflar/Toplu Indirme.feature"): Feature file: 'Include/features/Zarflar/Gelen Zarflar/Toplu Indirme.feature' was passed

2021-11-18 11:55:24 - [MESSAGE][INFO] - Starting run keyword runFeatureFile: 'Include/features/Zarflar/Gelen Zarflar/Toplu Indirme.feature' and extract report to folder: 'C:\Users\DELL\Documents\GitHub\EES_KatalonLogo\Reports\20211118_110909\Suite Repository\ExceleAktarVeTopluIndirme\20211118_110948/cucumber_report/1637225724935'...

2021-11-18 11:55:24 - [MESSAGE][INFO] - Glue: []

2021-11-18 11:55:27 - [MESSAGE][INFO] - Checking called Test Case

2021-11-18 11:55:27 - [MESSAGE][INFO] - Starting to call Test Case 'Test Cases/Sayfalar/Giris_Sayfasi/Login'

2021-11-18 11:55:27 - [TEST_CASE][PASSED] - Test Cases/Sayfalar/Giris_Sayfasi/Login: Test Cases/Sayfalar/Giris_Sayfasi/Login

2021-11-18 11:55:27 - [TEST_STEP][PASSED] - Sayfa_Basligi = getWindowTitle(): Current window's title is: 'LOGO e-Fatura'

2021-11-18 11:55:27 - [MESSAGE][INFO] - Getting current window's title

2021-11-18 11:55:27 - [MESSAGE][PASSED] - Current window's title is: 'LOGO e-Fatura'

2021-11-18 11:55:27 - [TEST_STEP][PASSED] - verifyMatch(Sayfa_Basligi, "LOGO e-Fatura", false): Actual text 'LOGO e-Fatura' and expected text 'LOGO e-Fatura' are matched 

2021-11-18 11:55:27 - [MESSAGE][INFO] - Matching actual text 'LOGO e-Fatura' with expected text 'LOGO e-Fatura'

2021-11-18 11:55:27 - [MESSAGE][PASSED] - Actual text 'LOGO e-Fatura' and expected text 'LOGO e-Fatura' are matched 

2021-11-18 11:55:27 - [TEST_STEP][PASSED] - sendKeys(findTestObject("Sayfalar/Giris_Sayfasi/Firma_Kodu"), KullaniciAdi): Keys 'ELOGO6' sent to object: 'Object Repository/Sayfalar/Giris_Sayfasi/Firma_Kodu'

2021-11-18 11:55:27 - [MESSAGE][INFO] - Finding Test Object 'Object Repository/Sayfalar/Giris_Sayfasi/Firma_Kodu'

2021-11-18 11:55:27 - [MESSAGE][INFO] - Sending keys 'ELOGO6' to object: 'Object Repository/Sayfalar/Giris_Sayfasi/Firma_Kodu'

2021-11-18 11:55:27 - [MESSAGE][INFO] - Finding web element from Test Object's properties

2021-11-18 11:55:27 - [MESSAGE][INFO] - Checking timeout

2021-11-18 11:55:27 - [MESSAGE][INFO] - Finding web element with id: 'Object Repository/Sayfalar/Giris_Sayfasi/Firma_Kodu' located by 'By.xpath: //*[@id = 'AccountName']' in '30' second(s)

2021-11-18 11:55:27 - [MESSAGE][INFO] - Smart Wait Function is triggered

2021-11-18 11:55:27 - [MESSAGE][INFO] - Found 1 web elements with id: 'Object Repository/Sayfalar/Giris_Sayfasi/Firma_Kodu' located by 'By.xpath: //*[@id = 'AccountName']' in '30' second(s)

2021-11-18 11:55:28 - [MESSAGE][PASSED] - Keys 'ELOGO6' sent to object: 'Object Repository/Sayfalar/Giris_Sayfasi/Firma_Kodu'

2021-11-18 11:55:28 - [TEST_STEP][PASSED] - sendKeys(findTestObject("Sayfalar/Giris_Sayfasi/Sifre"), Sifre): Keys '123456' sent to object: 'Object Repository/Sayfalar/Giris_Sayfasi/Sifre'

2021-11-18 11:55:28 - [MESSAGE][INFO] - Finding Test Object 'Object Repository/Sayfalar/Giris_Sayfasi/Sifre'

2021-11-18 11:55:28 - [MESSAGE][INFO] - Sending keys '123456' to object: 'Object Repository/Sayfalar/Giris_Sayfasi/Sifre'

2021-11-18 11:55:28 - [MESSAGE][INFO] - Finding web element from Test Object's properties

2021-11-18 11:55:28 - [MESSAGE][INFO] - Checking timeout

2021-11-18 11:55:28 - [MESSAGE][INFO] - Finding web element with id: 'Object Repository/Sayfalar/Giris_Sayfasi/Sifre' located by 'By.xpath: //*[@id = 'Password']' in '30' second(s)

2021-11-18 11:55:28 - [MESSAGE][INFO] - Smart Wait Function is triggered

2021-11-18 11:55:28 - [MESSAGE][INFO] - Found 1 web elements with id: 'Object Repository/Sayfalar/Giris_Sayfasi/Sifre' located by 'By.xpath: //*[@id = 'Password']' in '30' second(s)

2021-11-18 11:55:28 - [MESSAGE][PASSED] - Keys '123456' sent to object: 'Object Repository/Sayfalar/Giris_Sayfasi/Sifre'

2021-11-18 11:55:28 - [TEST_STEP][PASSED] - findWebElement(findTestObject("Sayfalar/Giris_Sayfasi/Giris_Butonu")).click(): Found 1 web elements with id: 'Object Repository/Sayfalar/Giris_Sayfasi/Giris_Butonu' located by 'By.cssSelector: #btnLogin' in '30' second(s)

2021-11-18 11:55:28 - [MESSAGE][INFO] - Finding Test Object 'Object Repository/Sayfalar/Giris_Sayfasi/Giris_Butonu'

2021-11-18 11:55:29 - [MESSAGE][INFO] - Finding web element from Test Object's properties

2021-11-18 11:55:29 - [MESSAGE][INFO] - Checking timeout

2021-11-18 11:55:29 - [MESSAGE][INFO] - Finding web element with id: 'Object Repository/Sayfalar/Giris_Sayfasi/Giris_Butonu' located by 'By.cssSelector: #btnLogin' in '30' second(s)

2021-11-18 11:55:29 - [MESSAGE][INFO] - Smart Wait Function is triggered

2021-11-18 11:55:29 - [MESSAGE][INFO] - Found 1 web elements with id: 'Object Repository/Sayfalar/Giris_Sayfasi/Giris_Butonu' located by 'By.cssSelector: #btnLogin' in '30' second(s)

2021-11-18 11:55:32 - [TEST_STEP][PASSED] - if (verifyElementPresent(findTestObject("Object Repository/Sayfalar/Giris_Sayfasi/RetveTamam_Butonu"), 5, OPTIONAL)): null

2021-11-18 11:55:32 - [MESSAGE][INFO] - Finding Test Object 'Object Repository/Sayfalar/Giris_Sayfasi/RetveTamam_Butonu'

2021-11-18 11:55:32 - [MESSAGE][INFO] - Checking object

2021-11-18 11:55:32 - [MESSAGE][INFO] - Finding web element from Test Object's properties

2021-11-18 11:55:32 - [MESSAGE][INFO] - Checking timeout

2021-11-18 11:55:32 - [MESSAGE][INFO] - Finding web element with id: 'Object Repository/Sayfalar/Giris_Sayfasi/RetveTamam_Butonu' located by 'By.xpath: //*[@class = 'btn btn-default']' in '5' second(s)

2021-11-18 11:55:32 - [MESSAGE][INFO] - Smart Wait Function is triggered

2021-11-18 11:55:32 - [MESSAGE][INFO] - Found 1 web elements with id: 'Object Repository/Sayfalar/Giris_Sayfasi/RetveTamam_Butonu' located by 'By.xpath: //*[@class = 'btn btn-default']' in '5' second(s)

2021-11-18 11:55:32 - [MESSAGE][PASSED] - Object 'Object Repository/Sayfalar/Giris_Sayfasi/RetveTamam_Butonu' is present

2021-11-18 11:55:32 - [TEST_STEP][PASSED] - click(findTestObject("Object Repository/Sayfalar/Giris_Sayfasi/RetveTamam_Butonu")): Object: 'Object Repository/Sayfalar/Giris_Sayfasi/RetveTamam_Butonu' is clicked on

2021-11-18 11:55:32 - [MESSAGE][INFO] - Finding Test Object 'Object Repository/Sayfalar/Giris_Sayfasi/RetveTamam_Butonu'

2021-11-18 11:55:32 - [MESSAGE][INFO] - Checking object

2021-11-18 11:55:32 - [MESSAGE][INFO] - Finding web element from Test Object's properties

2021-11-18 11:55:32 - [MESSAGE][INFO] - Checking timeout

2021-11-18 11:55:32 - [MESSAGE][INFO] - Finding web element with id: 'Object Repository/Sayfalar/Giris_Sayfasi/RetveTamam_Butonu' located by 'By.xpath: //*[@class = 'btn btn-default']' in '30' second(s)

2021-11-18 11:55:32 - [MESSAGE][INFO] - Smart Wait Function is triggered

2021-11-18 11:55:32 - [MESSAGE][INFO] - Found 1 web elements with id: 'Object Repository/Sayfalar/Giris_Sayfasi/RetveTamam_Butonu' located by 'By.xpath: //*[@class = 'btn btn-default']' in '30' second(s)

2021-11-18 11:55:32 - [MESSAGE][INFO] - Clicking on object: 'Object Repository/Sayfalar/Giris_Sayfasi/RetveTamam_Butonu'

2021-11-18 11:55:33 - [MESSAGE][PASSED] - Object: 'Object Repository/Sayfalar/Giris_Sayfasi/RetveTamam_Butonu' is clicked on

2021-11-18 11:55:33 - [TEST_STEP][PASSED] - click(findTestObject("Object Repository/Sayfalar/Giris_Sayfasi/RetveTamam_Butonu")): Object: 'Object Repository/Sayfalar/Giris_Sayfasi/RetveTamam_Butonu' is clicked on

2021-11-18 11:55:33 - [MESSAGE][INFO] - Finding Test Object 'Object Repository/Sayfalar/Giris_Sayfasi/RetveTamam_Butonu'

2021-11-18 11:55:33 - [MESSAGE][INFO] - Checking object

2021-11-18 11:55:33 - [MESSAGE][INFO] - Finding web element from Test Object's properties

2021-11-18 11:55:33 - [MESSAGE][INFO] - Checking timeout

2021-11-18 11:55:33 - [MESSAGE][INFO] - Finding web element with id: 'Object Repository/Sayfalar/Giris_Sayfasi/RetveTamam_Butonu' located by 'By.xpath: //*[@class = 'btn btn-default']' in '30' second(s)

2021-11-18 11:55:33 - [MESSAGE][INFO] - Smart Wait Function is triggered

2021-11-18 11:55:36 - [MESSAGE][INFO] - Found 1 web elements with id: 'Object Repository/Sayfalar/Giris_Sayfasi/RetveTamam_Butonu' located by 'By.xpath: //*[@class = 'btn btn-default']' in '30' second(s)

2021-11-18 11:55:36 - [MESSAGE][INFO] - Clicking on object: 'Object Repository/Sayfalar/Giris_Sayfasi/RetveTamam_Butonu'

2021-11-18 11:55:36 - [MESSAGE][PASSED] - Object: 'Object Repository/Sayfalar/Giris_Sayfasi/RetveTamam_Butonu' is clicked on

2021-11-18 11:55:36 - [TEST_STEP][PASSED] - if (verifyElementPresent(findTestObject("Sayfalar/Giris_Sayfasi/PopupOK"), 5, OPTIONAL)): null

2021-11-18 11:55:36 - [MESSAGE][INFO] - Finding Test Object 'Object Repository/Sayfalar/Giris_Sayfasi/PopupOK'

2021-11-18 11:55:36 - [MESSAGE][INFO] - Checking object

2021-11-18 11:55:36 - [MESSAGE][INFO] - Finding web element from Test Object's properties

2021-11-18 11:55:36 - [MESSAGE][INFO] - Checking timeout

2021-11-18 11:55:36 - [MESSAGE][INFO] - Finding web element with id: 'Object Repository/Sayfalar/Giris_Sayfasi/PopupOK' located by 'By.cssSelector: .btn.btn-success' in '5' second(s)

2021-11-18 11:55:36 - [MESSAGE][INFO] - Smart Wait Function is triggered

2021-11-18 11:55:36 - [MESSAGE][INFO] - Found 1 web elements with id: 'Object Repository/Sayfalar/Giris_Sayfasi/PopupOK' located by 'By.cssSelector: .btn.btn-success' in '5' second(s)

2021-11-18 11:55:36 - [MESSAGE][PASSED] - Object 'Object Repository/Sayfalar/Giris_Sayfasi/PopupOK' is present

2021-11-18 11:55:36 - [TEST_STEP][PASSED] - click(findTestObject("Object Repository/Sayfalar/Giris_Sayfasi/PopupCarpiGiris")): Object: 'Object Repository/Sayfalar/Giris_Sayfasi/PopupCarpiGiris' is clicked on

2021-11-18 11:55:36 - [MESSAGE][INFO] - Finding Test Object 'Object Repository/Sayfalar/Giris_Sayfasi/PopupCarpiGiris'

2021-11-18 11:55:37 - [MESSAGE][INFO] - Checking object

2021-11-18 11:55:37 - [MESSAGE][INFO] - Finding web element from Test Object's properties

2021-11-18 11:55:37 - [MESSAGE][INFO] - Checking timeout

2021-11-18 11:55:37 - [MESSAGE][INFO] - Finding web element with id: 'Object Repository/Sayfalar/Giris_Sayfasi/PopupCarpiGiris' located by 'By.cssSelector: .bootbox-close-button.close' in '30' second(s)

2021-11-18 11:55:37 - [MESSAGE][INFO] - Smart Wait Function is triggered

2021-11-18 11:55:37 - [MESSAGE][INFO] - Found 1 web elements with id: 'Object Repository/Sayfalar/Giris_Sayfasi/PopupCarpiGiris' located by 'By.cssSelector: .bootbox-close-button.close' in '30' second(s)

2021-11-18 11:55:37 - [MESSAGE][INFO] - Clicking on object: 'Object Repository/Sayfalar/Giris_Sayfasi/PopupCarpiGiris'

2021-11-18 11:55:37 - [MESSAGE][PASSED] - Object: 'Object Repository/Sayfalar/Giris_Sayfasi/PopupCarpiGiris' is clicked on

2021-11-18 11:55:37 - [TEST_STEP][PASSED] - verifyElementVisible(findTestObject("Object Repository/Kullanici_Islemleri/KullaniciIslemleri")): Object 'Object Repository/Kullanici_Islemleri/KullaniciIslemleri' is visible

2021-11-18 11:55:37 - [MESSAGE][INFO] - Finding Test Object 'Object Repository/Kullanici_Islemleri/KullaniciIslemleri'

2021-11-18 11:55:37 - [MESSAGE][INFO] - Checking object

2021-11-18 11:55:37 - [MESSAGE][INFO] - Finding web element from Test Object's properties

2021-11-18 11:55:37 - [MESSAGE][INFO] - Checking timeout

2021-11-18 11:55:37 - [MESSAGE][INFO] - Finding web element with id: 'Object Repository/Kullanici_Islemleri/KullaniciIslemleri' located by 'By.cssSelector: .dropdown>a>img' in '30' second(s)

2021-11-18 11:55:37 - [MESSAGE][INFO] - Smart Wait Function is triggered

2021-11-18 11:55:38 - [MESSAGE][INFO] - Found 1 web elements with id: 'Object Repository/Kullanici_Islemleri/KullaniciIslemleri' located by 'By.cssSelector: .dropdown>a>img' in '30' second(s)

2021-11-18 11:55:38 - [MESSAGE][PASSED] - Object 'Object Repository/Kullanici_Islemleri/KullaniciIslemleri' is visible

2021-11-18 11:55:38 - [MESSAGE][PASSED] - Call Test Case 'Test Cases/Sayfalar/Giris_Sayfasi/Login' successfully

2021-11-18 11:55:38 - [MESSAGE][INFO] - Checking called Test Case

2021-11-18 11:55:38 - [MESSAGE][INFO] - Starting to call Test Case 'Test Cases/Menu/AnaMenuSecimi'

2021-11-18 11:55:38 - [TEST_CASE][PASSED] - Test Cases/Menu/AnaMenuSecimi: Test Cases/Menu/AnaMenuSecimi

2021-11-18 11:55:38 - [TEST_STEP][PASSED] - Method.TextDegerineEsitElementeTikla(findTestObject("Menu/Ana_Menu"), Ana_Menu): Method.TextDegerineEsitElementeTikla is PASSED

2021-11-18 11:55:38 - [MESSAGE][INFO] - Finding Test Object 'Object Repository/Menu/Ana_Menu'

2021-11-18 11:55:38 - [MESSAGE][INFO] - Checking timeout

2021-11-18 11:55:38 - [MESSAGE][INFO] - Finding web element with id: 'Object Repository/Menu/Ana_Menu' located by 'By.xpath: //*[@class = 'dropdown-toggle']' in '10' second(s)

2021-11-18 11:55:38 - [MESSAGE][INFO] - Smart Wait Function is triggered

2021-11-18 11:55:38 - [MESSAGE][INFO] - Found 14 web elements with id: 'Object Repository/Menu/Ana_Menu' located by 'By.xpath: //*[@class = 'dropdown-toggle']' in '10' second(s)

2021-11-18 11:55:38 - [MESSAGE][PASSED] - Method.TextDegerineEsitElementeTikla is PASSED

2021-11-18 11:55:38 - [MESSAGE][PASSED] - Call Test Case 'Test Cases/Menu/AnaMenuSecimi' successfully

2021-11-18 11:55:38 - [MESSAGE][INFO] - Checking called Test Case

2021-11-18 11:55:38 - [MESSAGE][INFO] - Starting to call Test Case 'Test Cases/Menu/AltMenuSecimi'

2021-11-18 11:55:38 - [TEST_CASE][PASSED] - Test Cases/Menu/AltMenuSecimi: Test Cases/Menu/AltMenuSecimi

2021-11-18 11:55:38 - [TEST_STEP][PASSED] - Method.TextDegerineEsitElementeTikla(findTestObject("Menu/Alt_Menu"), Alt_Menu): Method.TextDegerineEsitElementeTikla is PASSED

2021-11-18 11:55:38 - [MESSAGE][INFO] - Finding Test Object 'Object Repository/Menu/Alt_Menu'

2021-11-18 11:55:38 - [MESSAGE][INFO] - Checking timeout

2021-11-18 11:55:38 - [MESSAGE][INFO] - Finding web element with id: 'Object Repository/Menu/Alt_Menu' located by 'By.xpath: //li[@class='dropdown dropdown-large open']//li[@class='dropdown-element']' in '10' second(s)

2021-11-18 11:55:38 - [MESSAGE][INFO] - Smart Wait Function is triggered

2021-11-18 11:55:39 - [MESSAGE][INFO] - Found 2 web elements with id: 'Object Repository/Menu/Alt_Menu' located by 'By.xpath: //li[@class='dropdown dropdown-large open']//li[@class='dropdown-element']' in '10' second(s)

2021-11-18 11:55:40 - [MESSAGE][PASSED] - Method.TextDegerineEsitElementeTikla is PASSED

2021-11-18 11:55:40 - [MESSAGE][PASSED] - Call Test Case 'Test Cases/Menu/AltMenuSecimi' successfully

2021-11-18 11:55:40 - [MESSAGE][INFO] - Checking called Test Case

2021-11-18 11:55:40 - [MESSAGE][INFO] - Starting to call Test Case 'Test Cases/Filtreler/BaslangicYaz'

2021-11-18 11:55:41 - [TEST_CASE][PASSED] - Test Cases/Filtreler/BaslangicYaz: Test Cases/Filtreler/BaslangicYaz

2021-11-18 11:55:41 - [TEST_STEP][PASSED] - delay(3): Delayed 3 second(s)

2021-11-18 11:55:41 - [MESSAGE][INFO] - Delaying browser in 3 second(s)

2021-11-18 11:55:44 - [MESSAGE][PASSED] - Delayed 3 second(s)

2021-11-18 11:55:44 - [TEST_STEP][PASSED] - Method.TextDegerineEsitElementinAltindakineTikla(findTestObject("Filtreler/Basliklar"), findTestObject("Filtreler/Basliga_Gore_Baslangic_Image"), Filtre_Adi): Method.TextDegerineEsitElementinAltindakineTikla is PASSED

2021-11-18 11:55:44 - [MESSAGE][INFO] - Finding Test Object 'Object Repository/Filtreler/Basliklar'

2021-11-18 11:55:44 - [MESSAGE][INFO] - Finding Test Object 'Object Repository/Filtreler/Basliga_Gore_Baslangic_Image'

2021-11-18 11:55:44 - [MESSAGE][INFO] - Checking timeout

2021-11-18 11:55:44 - [MESSAGE][INFO] - Finding web element with id: 'Object Repository/Filtreler/Basliklar' located by 'By.cssSelector: .control-label.col-sm-4.paddingMarginRLC' in '10' second(s)

2021-11-18 11:55:44 - [MESSAGE][INFO] - Smart Wait Function is triggered

2021-11-18 11:55:44 - [MESSAGE][INFO] - Found 8 web elements with id: 'Object Repository/Filtreler/Basliklar' located by 'By.cssSelector: .control-label.col-sm-4.paddingMarginRLC' in '10' second(s)

2021-11-18 11:55:44 - [MESSAGE][INFO] - Smart Wait Function is triggered

2021-11-18 11:55:44 - [MESSAGE][PASSED] - Method.TextDegerineEsitElementinAltindakineTikla is PASSED

2021-11-18 11:55:44 - [TEST_STEP][PASSED] - Method.TextDegerineEsitElementinAltindakiTextboxtaYaz(findTestObject("Filtreler/Basliklar"), findTestObject("Filtreler/Basliga_Gore_Baslangic"), Filtre_Adi, Filtre_Degeri): Method.TextDegerineEsitElementinAltindakiTextboxtaYaz is PASSED

2021-11-18 11:55:44 - [MESSAGE][INFO] - Finding Test Object 'Object Repository/Filtreler/Basliklar'

2021-11-18 11:55:45 - [MESSAGE][INFO] - Finding Test Object 'Object Repository/Filtreler/Basliga_Gore_Baslangic'

2021-11-18 11:55:45 - [MESSAGE][INFO] - Checking timeout

2021-11-18 11:55:45 - [MESSAGE][INFO] - Finding web element with id: 'Object Repository/Filtreler/Basliklar' located by 'By.cssSelector: .control-label.col-sm-4.paddingMarginRLC' in '10' second(s)

2021-11-18 11:55:45 - [MESSAGE][INFO] - Smart Wait Function is triggered

2021-11-18 11:55:45 - [MESSAGE][INFO] - Found 8 web elements with id: 'Object Repository/Filtreler/Basliklar' located by 'By.cssSelector: .control-label.col-sm-4.paddingMarginRLC' in '10' second(s)

2021-11-18 11:55:45 - [MESSAGE][INFO] - Smart Wait Function is triggered

2021-11-18 11:55:45 - [MESSAGE][PASSED] - Method.TextDegerineEsitElementinAltindakiTextboxtaYaz is PASSED

2021-11-18 11:55:45 - [MESSAGE][PASSED] - Call Test Case 'Test Cases/Filtreler/BaslangicYaz' successfully

2021-11-18 11:55:45 - [MESSAGE][INFO] - Checking called Test Case

2021-11-18 11:55:45 - [MESSAGE][INFO] - Starting to call Test Case 'Test Cases/Filtreler/BitisYaz'

2021-11-18 11:55:46 - [TEST_CASE][PASSED] - Test Cases/Filtreler/BitisYaz: Test Cases/Filtreler/BitisYaz

2021-11-18 11:55:46 - [TEST_STEP][PASSED] - Method.TextDegerineEsitElementinAltindakineTikla(findTestObject("Filtreler/Basliklar"), findTestObject("Filtreler/Basliga_Gore_Bitis_Image"), Filtre_Adi): Method.TextDegerineEsitElementinAltindakineTikla is PASSED

2021-11-18 11:55:46 - [MESSAGE][INFO] - Finding Test Object 'Object Repository/Filtreler/Basliklar'

2021-11-18 11:55:46 - [MESSAGE][INFO] - Finding Test Object 'Object Repository/Filtreler/Basliga_Gore_Bitis_Image'

2021-11-18 11:55:46 - [MESSAGE][INFO] - Checking timeout

2021-11-18 11:55:46 - [MESSAGE][INFO] - Finding web element with id: 'Object Repository/Filtreler/Basliklar' located by 'By.cssSelector: .control-label.col-sm-4.paddingMarginRLC' in '10' second(s)

2021-11-18 11:55:46 - [MESSAGE][INFO] - Smart Wait Function is triggered

2021-11-18 11:55:46 - [MESSAGE][INFO] - Found 8 web elements with id: 'Object Repository/Filtreler/Basliklar' located by 'By.cssSelector: .control-label.col-sm-4.paddingMarginRLC' in '10' second(s)

2021-11-18 11:55:46 - [MESSAGE][INFO] - Smart Wait Function is triggered

2021-11-18 11:55:46 - [MESSAGE][PASSED] - Method.TextDegerineEsitElementinAltindakineTikla is PASSED

2021-11-18 11:55:46 - [TEST_STEP][PASSED] - Method.TextDegerineEsitElementinAltindakiTextboxtaYaz(findTestObject("Filtreler/Basliklar"), findTestObject("Object Repository/Filtreler/Basliga_Gore_Bitis"), Filtre_Adi, Filtre_Degeri): Method.TextDegerineEsitElementinAltindakiTextboxtaYaz is PASSED

2021-11-18 11:55:46 - [MESSAGE][INFO] - Finding Test Object 'Object Repository/Filtreler/Basliklar'

2021-11-18 11:55:46 - [MESSAGE][INFO] - Finding Test Object 'Object Repository/Filtreler/Basliga_Gore_Bitis'

2021-11-18 11:55:47 - [MESSAGE][INFO] - Checking timeout

2021-11-18 11:55:47 - [MESSAGE][INFO] - Finding web element with id: 'Object Repository/Filtreler/Basliklar' located by 'By.cssSelector: .control-label.col-sm-4.paddingMarginRLC' in '10' second(s)

2021-11-18 11:55:47 - [MESSAGE][INFO] - Smart Wait Function is triggered

2021-11-18 11:55:47 - [MESSAGE][INFO] - Found 8 web elements with id: 'Object Repository/Filtreler/Basliklar' located by 'By.cssSelector: .control-label.col-sm-4.paddingMarginRLC' in '10' second(s)

2021-11-18 11:55:47 - [MESSAGE][INFO] - Smart Wait Function is triggered

2021-11-18 11:55:47 - [MESSAGE][PASSED] - Method.TextDegerineEsitElementinAltindakiTextboxtaYaz is PASSED

2021-11-18 11:55:47 - [MESSAGE][PASSED] - Call Test Case 'Test Cases/Filtreler/BitisYaz' successfully

2021-11-18 11:55:47 - [MESSAGE][INFO] - Checking called Test Case

2021-11-18 11:55:47 - [MESSAGE][INFO] - Starting to call Test Case 'Test Cases/Filtreler/TexboxaYaz'

2021-11-18 11:55:47 - [TEST_CASE][PASSED] - Test Cases/Filtreler/TexboxaYaz: Test Cases/Filtreler/TexboxaYaz

2021-11-18 11:55:47 - [TEST_STEP][PASSED] - Method.TextDegerineEsitElementinAltindakiTextboxtaYaz(findTestObject("Filtreler/Basliklar"), findTestObject("Filtreler/Basliga_Gore_Textbox"), Filtre_Adi, Filtre_Degeri): Method.TextDegerineEsitElementinAltindakiTextboxtaYaz is PASSED

2021-11-18 11:55:47 - [MESSAGE][INFO] - Finding Test Object 'Object Repository/Filtreler/Basliklar'

2021-11-18 11:55:47 - [MESSAGE][INFO] - Finding Test Object 'Object Repository/Filtreler/Basliga_Gore_Textbox'

2021-11-18 11:55:48 - [MESSAGE][INFO] - Checking timeout

2021-11-18 11:55:48 - [MESSAGE][INFO] - Finding web element with id: 'Object Repository/Filtreler/Basliklar' located by 'By.cssSelector: .control-label.col-sm-4.paddingMarginRLC' in '10' second(s)

2021-11-18 11:55:48 - [MESSAGE][INFO] - Smart Wait Function is triggered

2021-11-18 11:55:48 - [MESSAGE][INFO] - Found 8 web elements with id: 'Object Repository/Filtreler/Basliklar' located by 'By.cssSelector: .control-label.col-sm-4.paddingMarginRLC' in '10' second(s)

2021-11-18 11:55:48 - [MESSAGE][INFO] - Smart Wait Function is triggered

2021-11-18 11:55:48 - [MESSAGE][PASSED] - Method.TextDegerineEsitElementinAltindakiTextboxtaYaz is PASSED

2021-11-18 11:55:48 - [MESSAGE][PASSED] - Call Test Case 'Test Cases/Filtreler/TexboxaYaz' successfully

2021-11-18 11:55:48 - [MESSAGE][INFO] - Checking called Test Case

2021-11-18 11:55:48 - [MESSAGE][INFO] - Starting to call Test Case 'Test Cases/Filtreler/ButonaTikla'

2021-11-18 11:55:48 - [TEST_CASE][PASSED] - Test Cases/Filtreler/ButonaTikla: Test Cases/Filtreler/ButonaTikla

2021-11-18 11:55:48 - [TEST_STEP][PASSED] - Method.TextDegerineEsitElementeTikla(findTestObject("Filtreler/Butonlar"), Filtre_Buton): Method.TextDegerineEsitElementeTikla is PASSED

2021-11-18 11:55:48 - [MESSAGE][INFO] - Finding Test Object 'Object Repository/Filtreler/Butonlar'

2021-11-18 11:55:48 - [MESSAGE][INFO] - Checking timeout

2021-11-18 11:55:48 - [MESSAGE][INFO] - Finding web element with id: 'Object Repository/Filtreler/Butonlar' located by 'By.cssSelector: .dxb>span' in '10' second(s)

2021-11-18 11:55:48 - [MESSAGE][INFO] - Smart Wait Function is triggered

2021-11-18 11:55:49 - [MESSAGE][INFO] - Found 3 web elements with id: 'Object Repository/Filtreler/Butonlar' located by 'By.cssSelector: .dxb>span' in '10' second(s)

2021-11-18 11:55:49 - [MESSAGE][PASSED] - Method.TextDegerineEsitElementeTikla is PASSED

2021-11-18 11:55:49 - [MESSAGE][PASSED] - Call Test Case 'Test Cases/Filtreler/ButonaTikla' successfully

2021-11-18 11:55:49 - [MESSAGE][INFO] - Checking called Test Case

2021-11-18 11:55:49 - [MESSAGE][INFO] - Starting to call Test Case 'Test Cases/Tablo/TablodaVeriVarMi'

2021-11-18 11:55:49 - [TEST_CASE][PASSED] - Test Cases/Tablo/TablodaVeriVarMi: Test Cases/Tablo/TablodaVeriVarMi

2021-11-18 11:55:49 - [TEST_STEP][PASSED] - verifyTextNotPresent("Görüntülenecek veri yok", true): Text 'Görüntülenecek veri yok' is not present on page using regular expression

2021-11-18 11:55:49 - [MESSAGE][INFO] - Checking text present  using regular expression

2021-11-18 11:55:49 - [MESSAGE][INFO] - Smart Wait Function is triggered

2021-11-18 11:55:50 - [MESSAGE][INFO] - Finding text 'Görüntülenecek veri yok' on page  using regular expression

2021-11-18 11:55:50 - [MESSAGE][PASSED] - Text 'Görüntülenecek veri yok' is not present on page using regular expression

2021-11-18 11:55:50 - [MESSAGE][PASSED] - Call Test Case 'Test Cases/Tablo/TablodaVeriVarMi' successfully

2021-11-18 11:55:50 - [MESSAGE][INFO] - Checking called Test Case

2021-11-18 11:55:50 - [MESSAGE][INFO] - Starting to call Test Case 'Test Cases/Tablo/TablodanVeriSec'

2021-11-18 11:55:50 - [TEST_CASE][PASSED] - Test Cases/Tablo/TablodanVeriSec: Test Cases/Tablo/TablodanVeriSec

2021-11-18 11:55:50 - [TEST_STEP][PASSED] - Method.TextDegerineEsitElementinAltindakineTikla(findTestObject("Tablo/Veriler"), findTestObject("Tablo/VerininCheckBoxi"), Veri_Adi): Method.TextDegerineEsitElementinAltindakineTikla is PASSED

2021-11-18 11:55:50 - [MESSAGE][INFO] - Finding Test Object 'Object Repository/Tablo/Veriler'

2021-11-18 11:55:50 - [MESSAGE][INFO] - Finding Test Object 'Object Repository/Tablo/VerininCheckBoxi'

2021-11-18 11:55:50 - [MESSAGE][INFO] - Checking timeout

2021-11-18 11:55:50 - [MESSAGE][INFO] - Finding web element with id: 'Object Repository/Tablo/Veriler' located by 'By.cssSelector: td.dxgv b ,td.dxgv' in '10' second(s)

2021-11-18 11:55:50 - [MESSAGE][INFO] - Smart Wait Function is triggered

2021-11-18 11:55:50 - [MESSAGE][INFO] - Found 110 web elements with id: 'Object Repository/Tablo/Veriler' located by 'By.cssSelector: td.dxgv b ,td.dxgv' in '10' second(s)

2021-11-18 11:55:50 - [MESSAGE][INFO] - Smart Wait Function is triggered

2021-11-18 11:55:51 - [MESSAGE][PASSED] - Method.TextDegerineEsitElementinAltindakineTikla is PASSED

2021-11-18 11:55:51 - [MESSAGE][PASSED] - Call Test Case 'Test Cases/Tablo/TablodanVeriSec' successfully

2021-11-18 11:55:51 - [MESSAGE][INFO] - Checking called Test Case

2021-11-18 11:55:51 - [MESSAGE][INFO] - Starting to call Test Case 'Test Cases/Butonlar/ButonaTikla'

2021-11-18 11:55:51 - [TEST_CASE][PASSED] - Test Cases/Butonlar/ButonaTikla: Test Cases/Butonlar/ButonaTikla

2021-11-18 11:55:51 - [TEST_STEP][PASSED] - Method.TextDegerineEsitElementeTiklaEquals(findTestObject("Butonlar/Butonlar"), Buton_Adi): Method.TextDegerineEsitElementeTiklaEquals is PASSED

2021-11-18 11:55:51 - [MESSAGE][INFO] - Finding Test Object 'Object Repository/Butonlar/Butonlar'

2021-11-18 11:55:51 - [MESSAGE][INFO] - Checking timeout

2021-11-18 11:55:51 - [MESSAGE][INFO] - Finding web element with id: 'Object Repository/Butonlar/Butonlar' located by 'By.cssSelector: .panel.panel-default.text-center.footerPanel .btn,.btn.btn-primary.btnControls' in '10' second(s)

2021-11-18 11:55:51 - [MESSAGE][INFO] - Smart Wait Function is triggered

2021-11-18 11:55:51 - [MESSAGE][INFO] - Found 5 web elements with id: 'Object Repository/Butonlar/Butonlar' located by 'By.cssSelector: .panel.panel-default.text-center.footerPanel .btn,.btn.btn-primary.btnControls' in '10' second(s)

2021-11-18 11:55:51 - [MESSAGE][PASSED] - Method.TextDegerineEsitElementeTiklaEquals is PASSED

2021-11-18 11:55:51 - [MESSAGE][PASSED] - Call Test Case 'Test Cases/Butonlar/ButonaTikla' successfully

2021-11-18 11:55:51 - [MESSAGE][INFO] - Checking called Test Case

2021-11-18 11:55:51 - [MESSAGE][INFO] - Starting to call Test Case 'Test Cases/Butonlar/AltButonaTikla'

2021-11-18 11:55:51 - [TEST_CASE][PASSED] - Test Cases/Butonlar/AltButonaTikla: Test Cases/Butonlar/AltButonaTikla

2021-11-18 11:55:51 - [TEST_STEP][PASSED] - Method.TextDegerineEsitElementeTikla(findTestObject("Butonlar/AltButonlar"), Alt_Buton): Method.TextDegerineEsitElementeTikla is PASSED

2021-11-18 11:55:51 - [MESSAGE][INFO] - Finding Test Object 'Object Repository/Butonlar/AltButonlar'

2021-11-18 11:55:51 - [MESSAGE][INFO] - Checking timeout

2021-11-18 11:55:51 - [MESSAGE][INFO] - Finding web element with id: 'Object Repository/Butonlar/AltButonlar' located by 'By.cssSelector: .btn-group.open li>a' in '10' second(s)

2021-11-18 11:55:51 - [MESSAGE][INFO] - Smart Wait Function is triggered

2021-11-18 11:55:52 - [MESSAGE][INFO] - Found 2 web elements with id: 'Object Repository/Butonlar/AltButonlar' located by 'By.cssSelector: .btn-group.open li>a' in '10' second(s)

2021-11-18 11:55:52 - [MESSAGE][PASSED] - Method.TextDegerineEsitElementeTikla is PASSED

2021-11-18 11:55:52 - [MESSAGE][PASSED] - Call Test Case 'Test Cases/Butonlar/AltButonaTikla' successfully

2021-11-18 11:55:52 - [MESSAGE][INFO] - Checking called Test Case

2021-11-18 11:55:52 - [MESSAGE][INFO] - Starting to call Test Case 'Test Cases/Popup/PopupMesajiIceriyorMu'

2021-11-18 11:55:52 - [TEST_CASE][PASSED] - Test Cases/Popup/PopupMesajiIceriyorMu: Test Cases/Popup/PopupMesajiIceriyorMu

2021-11-18 11:55:52 - [TEST_STEP][PASSED] - waitForElementVisible(findTestObject("Popup/Popup"), 10): Object 'Object Repository/Popup/Popup' is visible

2021-11-18 11:55:52 - [MESSAGE][INFO] - Finding Test Object 'Object Repository/Popup/Popup'

2021-11-18 11:55:52 - [MESSAGE][INFO] - Checking object

2021-11-18 11:55:52 - [MESSAGE][INFO] - Checking timeout

2021-11-18 11:55:52 - [MESSAGE][INFO] - Finding web element from Test Object's properties

2021-11-18 11:55:52 - [MESSAGE][INFO] - Checking timeout

2021-11-18 11:55:52 - [MESSAGE][INFO] - Finding web element with id: 'Object Repository/Popup/Popup' located by 'By.cssSelector: .bootbox-body' in '10' second(s)

2021-11-18 11:55:52 - [MESSAGE][INFO] - Smart Wait Function is triggered

2021-11-18 11:55:53 - [MESSAGE][INFO] - Found 1 web elements with id: 'Object Repository/Popup/Popup' located by 'By.cssSelector: .bootbox-body' in '10' second(s)

2021-11-18 11:55:53 - [MESSAGE][PASSED] - Object 'Object Repository/Popup/Popup' is visible

2021-11-18 11:55:53 - [TEST_STEP][PASSED] - if (!(getText(findTestObject("Popup/Popup")).contains(Mesaj))): Text of object 'Object Repository/Popup/Popup' is: 'Lütfen rapor bildiriminin gönderileceği e-posta adresini belirtiniz.
e-Posta Adresi'

2021-11-18 11:55:53 - [MESSAGE][INFO] - Finding Test Object 'Object Repository/Popup/Popup'

2021-11-18 11:55:53 - [MESSAGE][INFO] - Checking object

2021-11-18 11:55:53 - [MESSAGE][INFO] - Finding web element from Test Object's properties

2021-11-18 11:55:53 - [MESSAGE][INFO] - Checking timeout

2021-11-18 11:55:53 - [MESSAGE][INFO] - Finding web element with id: 'Object Repository/Popup/Popup' located by 'By.cssSelector: .bootbox-body' in '30' second(s)

2021-11-18 11:55:53 - [MESSAGE][INFO] - Smart Wait Function is triggered

2021-11-18 11:55:53 - [MESSAGE][INFO] - Found 1 web elements with id: 'Object Repository/Popup/Popup' located by 'By.cssSelector: .bootbox-body' in '30' second(s)

2021-11-18 11:55:53 - [MESSAGE][INFO] - Getting text of object 'Object Repository/Popup/Popup'

2021-11-18 11:55:53 - [MESSAGE][PASSED] - Text of object 'Object Repository/Popup/Popup' is: 'Lütfen rapor bildiriminin gönderileceği e-posta adresini belirtiniz.
e-Posta Adresi'

2021-11-18 11:55:53 - [TEST_STEP][PASSED] - RaporNo = getText(findTestObject("Popup/Popup")).substring(0, 6): Text of object 'Object Repository/Popup/Popup' is: 'Lütfen rapor bildiriminin gönderileceği e-posta adresini belirtiniz.
e-Posta Adresi'

2021-11-18 11:55:53 - [MESSAGE][INFO] - Finding Test Object 'Object Repository/Popup/Popup'

2021-11-18 11:55:53 - [MESSAGE][INFO] - Checking object

2021-11-18 11:55:53 - [MESSAGE][INFO] - Finding web element from Test Object's properties

2021-11-18 11:55:53 - [MESSAGE][INFO] - Checking timeout

2021-11-18 11:55:53 - [MESSAGE][INFO] - Finding web element with id: 'Object Repository/Popup/Popup' located by 'By.cssSelector: .bootbox-body' in '30' second(s)

2021-11-18 11:55:53 - [MESSAGE][INFO] - Smart Wait Function is triggered

2021-11-18 11:55:53 - [MESSAGE][INFO] - Found 1 web elements with id: 'Object Repository/Popup/Popup' located by 'By.cssSelector: .bootbox-body' in '30' second(s)

2021-11-18 11:55:53 - [MESSAGE][INFO] - Getting text of object 'Object Repository/Popup/Popup'

2021-11-18 11:55:54 - [MESSAGE][PASSED] - Text of object 'Object Repository/Popup/Popup' is: 'Lütfen rapor bildiriminin gönderileceği e-posta adresini belirtiniz.
e-Posta Adresi'

2021-11-18 11:55:54 - [TEST_STEP][PASSED] - Console.println(RaporNo): null

2021-11-18 11:55:54 - [MESSAGE][PASSED] - Call Test Case 'Test Cases/Popup/PopupMesajiIceriyorMu' successfully

2021-11-18 11:55:54 - [MESSAGE][INFO] - Checking called Test Case

2021-11-18 11:55:54 - [MESSAGE][INFO] - Starting to call Test Case 'Test Cases/Popup/PopupaEmailEklenir'

2021-11-18 11:55:54 - [TEST_CASE][PASSED] - Test Cases/Popup/PopupaEmailEklenir: Test Cases/Popup/PopupaEmailEklenir

2021-11-18 11:55:54 - [TEST_STEP][PASSED] - clearText(findTestObject("Popup/EmailText")): Text of object 'Object Repository/Popup/EmailText' is cleared

2021-11-18 11:55:54 - [MESSAGE][INFO] - Finding Test Object 'Object Repository/Popup/EmailText'

2021-11-18 11:55:54 - [MESSAGE][INFO] - Checking object

2021-11-18 11:55:54 - [MESSAGE][INFO] - Finding web element from Test Object's properties

2021-11-18 11:55:54 - [MESSAGE][INFO] - Checking timeout

2021-11-18 11:55:54 - [MESSAGE][INFO] - Finding web element with id: 'Object Repository/Popup/EmailText' located by 'By.xpath: //*[@id="eMails"]' in '30' second(s)

2021-11-18 11:55:54 - [MESSAGE][INFO] - Smart Wait Function is triggered

2021-11-18 11:55:54 - [MESSAGE][INFO] - Found 1 web elements with id: 'Object Repository/Popup/EmailText' located by 'By.xpath: //*[@id="eMails"]' in '30' second(s)

2021-11-18 11:55:54 - [MESSAGE][INFO] - Clearing text of object 'Object Repository/Popup/EmailText'

2021-11-18 11:55:54 - [MESSAGE][PASSED] - Text of object 'Object Repository/Popup/EmailText' is cleared

2021-11-18 11:55:54 - [TEST_STEP][PASSED] - sendKeys(findTestObject("Popup/EmailText"), Email): Keys 'elogotest@gmail.com;ali.kara@logo.com.tr' sent to object: 'Object Repository/Popup/EmailText'

2021-11-18 11:55:54 - [MESSAGE][INFO] - Finding Test Object 'Object Repository/Popup/EmailText'

2021-11-18 11:55:54 - [MESSAGE][INFO] - Sending keys 'elogotest@gmail.com;ali.kara@logo.com.tr' to object: 'Object Repository/Popup/EmailText'

2021-11-18 11:55:54 - [MESSAGE][INFO] - Finding web element from Test Object's properties

2021-11-18 11:55:54 - [MESSAGE][INFO] - Checking timeout

2021-11-18 11:55:54 - [MESSAGE][INFO] - Finding web element with id: 'Object Repository/Popup/EmailText' located by 'By.xpath: //*[@id="eMails"]' in '30' second(s)

2021-11-18 11:55:54 - [MESSAGE][INFO] - Smart Wait Function is triggered

2021-11-18 11:55:54 - [MESSAGE][INFO] - Found 1 web elements with id: 'Object Repository/Popup/EmailText' located by 'By.xpath: //*[@id="eMails"]' in '30' second(s)

2021-11-18 11:55:55 - [MESSAGE][PASSED] - Keys 'elogotest@gmail.com;ali.kara@logo.com.tr' sent to object: 'Object Repository/Popup/EmailText'

2021-11-18 11:55:55 - [MESSAGE][PASSED] - Call Test Case 'Test Cases/Popup/PopupaEmailEklenir' successfully

2021-11-18 11:55:55 - [MESSAGE][INFO] - Checking called Test Case

2021-11-18 11:55:55 - [MESSAGE][INFO] - Starting to call Test Case 'Test Cases/Popup/PopupButonSecilir'

2021-11-18 11:55:55 - [TEST_CASE][PASSED] - Test Cases/Popup/PopupButonSecilir: Test Cases/Popup/PopupButonSecilir

2021-11-18 11:55:55 - [TEST_STEP][PASSED] - Method.TextDegerineEsitElementeTikla(findTestObject("Popup/Popup_Butons"), Buton): Method.TextDegerineEsitElementeTikla is PASSED

2021-11-18 11:55:55 - [MESSAGE][INFO] - Finding Test Object 'Object Repository/Popup/Popup_Butons'

2021-11-18 11:55:55 - [MESSAGE][INFO] - Checking timeout

2021-11-18 11:55:55 - [MESSAGE][INFO] - Finding web element with id: 'Object Repository/Popup/Popup_Butons' located by 'By.cssSelector: .modal-footer>button' in '10' second(s)

2021-11-18 11:55:55 - [MESSAGE][INFO] - Smart Wait Function is triggered

2021-11-18 11:55:55 - [MESSAGE][INFO] - Found 2 web elements with id: 'Object Repository/Popup/Popup_Butons' located by 'By.cssSelector: .modal-footer>button' in '10' second(s)

2021-11-18 11:55:55 - [MESSAGE][PASSED] - Method.TextDegerineEsitElementeTikla is PASSED

2021-11-18 11:55:55 - [MESSAGE][PASSED] - Call Test Case 'Test Cases/Popup/PopupButonSecilir' successfully

2021-11-18 11:55:55 - [MESSAGE][INFO] - Checking called Test Case

2021-11-18 11:55:55 - [MESSAGE][INFO] - Starting to call Test Case 'Test Cases/Popup/PopupMesajiIceriyorMu'

2021-11-18 11:55:55 - [TEST_CASE][PASSED] - Test Cases/Popup/PopupMesajiIceriyorMu: Test Cases/Popup/PopupMesajiIceriyorMu

2021-11-18 11:55:55 - [TEST_STEP][PASSED] - waitForElementVisible(findTestObject("Popup/Popup"), 10): Object 'Object Repository/Popup/Popup' is visible

2021-11-18 11:55:55 - [MESSAGE][INFO] - Finding Test Object 'Object Repository/Popup/Popup'

2021-11-18 11:55:55 - [MESSAGE][INFO] - Checking object

2021-11-18 11:55:55 - [MESSAGE][INFO] - Checking timeout

2021-11-18 11:55:55 - [MESSAGE][INFO] - Finding web element from Test Object's properties

2021-11-18 11:55:55 - [MESSAGE][INFO] - Checking timeout

2021-11-18 11:55:55 - [MESSAGE][INFO] - Finding web element with id: 'Object Repository/Popup/Popup' located by 'By.cssSelector: .bootbox-body' in '10' second(s)

2021-11-18 11:55:55 - [MESSAGE][INFO] - Smart Wait Function is triggered

2021-11-18 11:55:56 - [MESSAGE][INFO] - Found 1 web elements with id: 'Object Repository/Popup/Popup' located by 'By.cssSelector: .bootbox-body' in '10' second(s)

2021-11-18 11:55:56 - [MESSAGE][PASSED] - Object 'Object Repository/Popup/Popup' is visible

2021-11-18 11:55:56 - [TEST_STEP][PASSED] - if (!(getText(findTestObject("Popup/Popup")).contains(Mesaj))): Text of object 'Object Repository/Popup/Popup' is: '17430 no’lu talebiniz işleme alınmıştır. Raporunuz hazırlandığında (elogotest@gmail.com;ali.kara@logo.com.tr) adresinize mail gönderilecektir.
Rapor durumunuzu Raporlar > Toplu Veri İndirme ekranından takip edebilir, hazırlandı durumundaki raporlarınızı ilgili menüden indirebilirsiniz.'

2021-11-18 11:55:56 - [MESSAGE][INFO] - Finding Test Object 'Object Repository/Popup/Popup'

2021-11-18 11:55:57 - [MESSAGE][INFO] - Checking object

2021-11-18 11:55:57 - [MESSAGE][INFO] - Finding web element from Test Object's properties

2021-11-18 11:55:57 - [MESSAGE][INFO] - Checking timeout

2021-11-18 11:55:57 - [MESSAGE][INFO] - Finding web element with id: 'Object Repository/Popup/Popup' located by 'By.cssSelector: .bootbox-body' in '30' second(s)

2021-11-18 11:55:57 - [MESSAGE][INFO] - Smart Wait Function is triggered

2021-11-18 11:55:57 - [MESSAGE][INFO] - Found 1 web elements with id: 'Object Repository/Popup/Popup' located by 'By.cssSelector: .bootbox-body' in '30' second(s)

2021-11-18 11:55:57 - [MESSAGE][INFO] - Getting text of object 'Object Repository/Popup/Popup'

2021-11-18 11:55:57 - [MESSAGE][PASSED] - Text of object 'Object Repository/Popup/Popup' is: '17430 no’lu talebiniz işleme alınmıştır. Raporunuz hazırlandığında (elogotest@gmail.com;ali.kara@logo.com.tr) adresinize mail gönderilecektir.
Rapor durumunuzu Raporlar > Toplu Veri İndirme ekranından takip edebilir, hazırlandı durumundaki raporlarınızı ilgili menüden indirebilirsiniz.'

2021-11-18 11:55:57 - [TEST_STEP][PASSED] - RaporNo = getText(findTestObject("Popup/Popup")).substring(0, 6): Text of object 'Object Repository/Popup/Popup' is: '17430 no’lu talebiniz işleme alınmıştır. Raporunuz hazırlandığında (elogotest@gmail.com;ali.kara@logo.com.tr) adresinize mail gönderilecektir.
Rapor durumunuzu Raporlar > Toplu Veri İndirme ekranından takip edebilir, hazırlandı durumundaki raporlarınızı ilgili menüden indirebilirsiniz.'

2021-11-18 11:55:57 - [MESSAGE][INFO] - Finding Test Object 'Object Repository/Popup/Popup'

2021-11-18 11:55:57 - [MESSAGE][INFO] - Checking object

2021-11-18 11:55:57 - [MESSAGE][INFO] - Finding web element from Test Object's properties

2021-11-18 11:55:57 - [MESSAGE][INFO] - Checking timeout

2021-11-18 11:55:57 - [MESSAGE][INFO] - Finding web element with id: 'Object Repository/Popup/Popup' located by 'By.cssSelector: .bootbox-body' in '30' second(s)

2021-11-18 11:55:57 - [MESSAGE][INFO] - Smart Wait Function is triggered

2021-11-18 11:55:57 - [MESSAGE][INFO] - Found 1 web elements with id: 'Object Repository/Popup/Popup' located by 'By.cssSelector: .bootbox-body' in '30' second(s)

2021-11-18 11:55:57 - [MESSAGE][INFO] - Getting text of object 'Object Repository/Popup/Popup'

2021-11-18 11:55:57 - [MESSAGE][PASSED] - Text of object 'Object Repository/Popup/Popup' is: '17430 no’lu talebiniz işleme alınmıştır. Raporunuz hazırlandığında (elogotest@gmail.com;ali.kara@logo.com.tr) adresinize mail gönderilecektir.
Rapor durumunuzu Raporlar > Toplu Veri İndirme ekranından takip edebilir, hazırlandı durumundaki raporlarınızı ilgili menüden indirebilirsiniz.'

2021-11-18 11:55:57 - [TEST_STEP][PASSED] - Console.println(RaporNo): null

2021-11-18 11:55:57 - [MESSAGE][PASSED] - Call Test Case 'Test Cases/Popup/PopupMesajiIceriyorMu' successfully

2021-11-18 11:55:57 - [MESSAGE][INFO] - Checking called Test Case

2021-11-18 11:55:57 - [MESSAGE][INFO] - Starting to call Test Case 'Test Cases/Popup/PopupButonSecilir'

2021-11-18 11:55:57 - [TEST_CASE][PASSED] - Test Cases/Popup/PopupButonSecilir: Test Cases/Popup/PopupButonSecilir

2021-11-18 11:55:57 - [TEST_STEP][PASSED] - Method.TextDegerineEsitElementeTikla(findTestObject("Popup/Popup_Butons"), Buton): Method.TextDegerineEsitElementeTikla is PASSED

2021-11-18 11:55:57 - [MESSAGE][INFO] - Finding Test Object 'Object Repository/Popup/Popup_Butons'

2021-11-18 11:55:58 - [MESSAGE][INFO] - Checking timeout

2021-11-18 11:55:58 - [MESSAGE][INFO] - Finding web element with id: 'Object Repository/Popup/Popup_Butons' located by 'By.cssSelector: .modal-footer>button' in '10' second(s)

2021-11-18 11:55:58 - [MESSAGE][INFO] - Smart Wait Function is triggered

2021-11-18 11:55:58 - [MESSAGE][INFO] - Found 1 web elements with id: 'Object Repository/Popup/Popup_Butons' located by 'By.cssSelector: .modal-footer>button' in '10' second(s)

2021-11-18 11:55:58 - [MESSAGE][PASSED] - Method.TextDegerineEsitElementeTikla is PASSED

2021-11-18 11:55:58 - [MESSAGE][PASSED] - Call Test Case 'Test Cases/Popup/PopupButonSecilir' successfully

2021-11-18 11:55:58 - [MESSAGE][INFO] - Checking called Test Case

2021-11-18 11:55:58 - [MESSAGE][INFO] - Starting to call Test Case 'Test Cases/Butonlar/ButonaTikla'

2021-11-18 11:55:58 - [TEST_CASE][PASSED] - Test Cases/Butonlar/ButonaTikla: Test Cases/Butonlar/ButonaTikla

2021-11-18 11:55:58 - [TEST_STEP][PASSED] - Method.TextDegerineEsitElementeTiklaEquals(findTestObject("Butonlar/Butonlar"), Buton_Adi): Method.TextDegerineEsitElementeTiklaEquals is PASSED

2021-11-18 11:55:58 - [MESSAGE][INFO] - Finding Test Object 'Object Repository/Butonlar/Butonlar'

2021-11-18 11:55:58 - [MESSAGE][INFO] - Checking timeout

2021-11-18 11:55:58 - [MESSAGE][INFO] - Finding web element with id: 'Object Repository/Butonlar/Butonlar' located by 'By.cssSelector: .panel.panel-default.text-center.footerPanel .btn,.btn.btn-primary.btnControls' in '10' second(s)

2021-11-18 11:55:58 - [MESSAGE][INFO] - Smart Wait Function is triggered

2021-11-18 11:55:59 - [MESSAGE][INFO] - Found 5 web elements with id: 'Object Repository/Butonlar/Butonlar' located by 'By.cssSelector: .panel.panel-default.text-center.footerPanel .btn,.btn.btn-primary.btnControls' in '10' second(s)

2021-11-18 11:55:59 - [MESSAGE][PASSED] - Method.TextDegerineEsitElementeTiklaEquals is PASSED

2021-11-18 11:55:59 - [MESSAGE][PASSED] - Call Test Case 'Test Cases/Butonlar/ButonaTikla' successfully

2021-11-18 11:55:59 - [MESSAGE][INFO] - Checking called Test Case

2021-11-18 11:55:59 - [MESSAGE][INFO] - Starting to call Test Case 'Test Cases/Butonlar/AltButonaTikla'

2021-11-18 11:55:59 - [TEST_CASE][PASSED] - Test Cases/Butonlar/AltButonaTikla: Test Cases/Butonlar/AltButonaTikla

2021-11-18 11:55:59 - [TEST_STEP][PASSED] - Method.TextDegerineEsitElementeTikla(findTestObject("Butonlar/AltButonlar"), Alt_Buton): Method.TextDegerineEsitElementeTikla is PASSED

2021-11-18 11:55:59 - [MESSAGE][INFO] - Finding Test Object 'Object Repository/Butonlar/AltButonlar'

2021-11-18 11:55:59 - [MESSAGE][INFO] - Checking timeout

2021-11-18 11:55:59 - [MESSAGE][INFO] - Finding web element with id: 'Object Repository/Butonlar/AltButonlar' located by 'By.cssSelector: .btn-group.open li>a' in '10' second(s)

2021-11-18 11:55:59 - [MESSAGE][INFO] - Smart Wait Function is triggered

2021-11-18 11:55:59 - [MESSAGE][INFO] - Found 2 web elements with id: 'Object Repository/Butonlar/AltButonlar' located by 'By.cssSelector: .btn-group.open li>a' in '10' second(s)

2021-11-18 11:55:59 - [MESSAGE][PASSED] - Method.TextDegerineEsitElementeTikla is PASSED

2021-11-18 11:55:59 - [MESSAGE][PASSED] - Call Test Case 'Test Cases/Butonlar/AltButonaTikla' successfully

2021-11-18 11:55:59 - [MESSAGE][INFO] - Checking called Test Case

2021-11-18 11:55:59 - [MESSAGE][INFO] - Starting to call Test Case 'Test Cases/Popup/PopupMesajiIceriyorMu'

2021-11-18 11:55:59 - [TEST_CASE][PASSED] - Test Cases/Popup/PopupMesajiIceriyorMu: Test Cases/Popup/PopupMesajiIceriyorMu

2021-11-18 11:55:59 - [TEST_STEP][PASSED] - waitForElementVisible(findTestObject("Popup/Popup"), 10): Object 'Object Repository/Popup/Popup' is visible

2021-11-18 11:55:59 - [MESSAGE][INFO] - Finding Test Object 'Object Repository/Popup/Popup'

2021-11-18 11:55:59 - [MESSAGE][INFO] - Checking object

2021-11-18 11:55:59 - [MESSAGE][INFO] - Checking timeout

2021-11-18 11:55:59 - [MESSAGE][INFO] - Finding web element from Test Object's properties

2021-11-18 11:55:59 - [MESSAGE][INFO] - Checking timeout

2021-11-18 11:55:59 - [MESSAGE][INFO] - Finding web element with id: 'Object Repository/Popup/Popup' located by 'By.cssSelector: .bootbox-body' in '10' second(s)

2021-11-18 11:55:59 - [MESSAGE][INFO] - Smart Wait Function is triggered

2021-11-18 11:56:00 - [MESSAGE][INFO] - Found 1 web elements with id: 'Object Repository/Popup/Popup' located by 'By.cssSelector: .bootbox-body' in '10' second(s)

2021-11-18 11:56:00 - [MESSAGE][PASSED] - Object 'Object Repository/Popup/Popup' is visible

2021-11-18 11:56:00 - [TEST_STEP][PASSED] - if (!(getText(findTestObject("Popup/Popup")).contains(Mesaj))): Text of object 'Object Repository/Popup/Popup' is: 'Lütfen rapor bildiriminin gönderileceği e-posta adresini belirtiniz.
e-Posta Adresi'

2021-11-18 11:56:00 - [MESSAGE][INFO] - Finding Test Object 'Object Repository/Popup/Popup'

2021-11-18 11:56:00 - [MESSAGE][INFO] - Checking object

2021-11-18 11:56:00 - [MESSAGE][INFO] - Finding web element from Test Object's properties

2021-11-18 11:56:00 - [MESSAGE][INFO] - Checking timeout

2021-11-18 11:56:00 - [MESSAGE][INFO] - Finding web element with id: 'Object Repository/Popup/Popup' located by 'By.cssSelector: .bootbox-body' in '30' second(s)

2021-11-18 11:56:00 - [MESSAGE][INFO] - Smart Wait Function is triggered

2021-11-18 11:56:00 - [MESSAGE][INFO] - Found 1 web elements with id: 'Object Repository/Popup/Popup' located by 'By.cssSelector: .bootbox-body' in '30' second(s)

2021-11-18 11:56:00 - [MESSAGE][INFO] - Getting text of object 'Object Repository/Popup/Popup'

2021-11-18 11:56:00 - [MESSAGE][PASSED] - Text of object 'Object Repository/Popup/Popup' is: 'Lütfen rapor bildiriminin gönderileceği e-posta adresini belirtiniz.
e-Posta Adresi'

2021-11-18 11:56:00 - [TEST_STEP][PASSED] - RaporNo = getText(findTestObject("Popup/Popup")).substring(0, 6): Text of object 'Object Repository/Popup/Popup' is: 'Lütfen rapor bildiriminin gönderileceği e-posta adresini belirtiniz.
e-Posta Adresi'

2021-11-18 11:56:00 - [MESSAGE][INFO] - Finding Test Object 'Object Repository/Popup/Popup'

2021-11-18 11:56:00 - [MESSAGE][INFO] - Checking object

2021-11-18 11:56:00 - [MESSAGE][INFO] - Finding web element from Test Object's properties

2021-11-18 11:56:00 - [MESSAGE][INFO] - Checking timeout

2021-11-18 11:56:00 - [MESSAGE][INFO] - Finding web element with id: 'Object Repository/Popup/Popup' located by 'By.cssSelector: .bootbox-body' in '30' second(s)

2021-11-18 11:56:00 - [MESSAGE][INFO] - Smart Wait Function is triggered

2021-11-18 11:56:01 - [MESSAGE][INFO] - Found 1 web elements with id: 'Object Repository/Popup/Popup' located by 'By.cssSelector: .bootbox-body' in '30' second(s)

2021-11-18 11:56:01 - [MESSAGE][INFO] - Getting text of object 'Object Repository/Popup/Popup'

2021-11-18 11:56:01 - [MESSAGE][PASSED] - Text of object 'Object Repository/Popup/Popup' is: 'Lütfen rapor bildiriminin gönderileceği e-posta adresini belirtiniz.
e-Posta Adresi'

2021-11-18 11:56:01 - [TEST_STEP][PASSED] - Console.println(RaporNo): null

2021-11-18 11:56:01 - [MESSAGE][PASSED] - Call Test Case 'Test Cases/Popup/PopupMesajiIceriyorMu' successfully

2021-11-18 11:56:01 - [MESSAGE][INFO] - Checking called Test Case

2021-11-18 11:56:01 - [MESSAGE][INFO] - Starting to call Test Case 'Test Cases/Popup/PopupaEmailEklenir'

2021-11-18 11:56:01 - [TEST_CASE][PASSED] - Test Cases/Popup/PopupaEmailEklenir: Test Cases/Popup/PopupaEmailEklenir

2021-11-18 11:56:01 - [TEST_STEP][PASSED] - clearText(findTestObject("Popup/EmailText")): Text of object 'Object Repository/Popup/EmailText' is cleared

2021-11-18 11:56:01 - [MESSAGE][INFO] - Finding Test Object 'Object Repository/Popup/EmailText'

2021-11-18 11:56:01 - [MESSAGE][INFO] - Checking object

2021-11-18 11:56:01 - [MESSAGE][INFO] - Finding web element from Test Object's properties

2021-11-18 11:56:01 - [MESSAGE][INFO] - Checking timeout

2021-11-18 11:56:01 - [MESSAGE][INFO] - Finding web element with id: 'Object Repository/Popup/EmailText' located by 'By.xpath: //*[@id="eMails"]' in '30' second(s)

2021-11-18 11:56:01 - [MESSAGE][INFO] - Smart Wait Function is triggered

2021-11-18 11:56:01 - [MESSAGE][INFO] - Found 1 web elements with id: 'Object Repository/Popup/EmailText' located by 'By.xpath: //*[@id="eMails"]' in '30' second(s)

2021-11-18 11:56:01 - [MESSAGE][INFO] - Clearing text of object 'Object Repository/Popup/EmailText'

2021-11-18 11:56:01 - [MESSAGE][PASSED] - Text of object 'Object Repository/Popup/EmailText' is cleared

2021-11-18 11:56:01 - [TEST_STEP][PASSED] - sendKeys(findTestObject("Popup/EmailText"), Email): Keys 'elogotest@gmail.com;ali.kara@logo.com.tr' sent to object: 'Object Repository/Popup/EmailText'

2021-11-18 11:56:01 - [MESSAGE][INFO] - Finding Test Object 'Object Repository/Popup/EmailText'

2021-11-18 11:56:01 - [MESSAGE][INFO] - Sending keys 'elogotest@gmail.com;ali.kara@logo.com.tr' to object: 'Object Repository/Popup/EmailText'

2021-11-18 11:56:01 - [MESSAGE][INFO] - Finding web element from Test Object's properties

2021-11-18 11:56:01 - [MESSAGE][INFO] - Checking timeout

2021-11-18 11:56:01 - [MESSAGE][INFO] - Finding web element with id: 'Object Repository/Popup/EmailText' located by 'By.xpath: //*[@id="eMails"]' in '30' second(s)

2021-11-18 11:56:01 - [MESSAGE][INFO] - Smart Wait Function is triggered

2021-11-18 11:56:02 - [MESSAGE][INFO] - Found 1 web elements with id: 'Object Repository/Popup/EmailText' located by 'By.xpath: //*[@id="eMails"]' in '30' second(s)

2021-11-18 11:56:02 - [MESSAGE][PASSED] - Keys 'elogotest@gmail.com;ali.kara@logo.com.tr' sent to object: 'Object Repository/Popup/EmailText'

2021-11-18 11:56:02 - [MESSAGE][PASSED] - Call Test Case 'Test Cases/Popup/PopupaEmailEklenir' successfully

2021-11-18 11:56:02 - [MESSAGE][INFO] - Checking called Test Case

2021-11-18 11:56:02 - [MESSAGE][INFO] - Starting to call Test Case 'Test Cases/Popup/PopupButonSecilir'

2021-11-18 11:56:02 - [TEST_CASE][PASSED] - Test Cases/Popup/PopupButonSecilir: Test Cases/Popup/PopupButonSecilir

2021-11-18 11:56:02 - [TEST_STEP][PASSED] - Method.TextDegerineEsitElementeTikla(findTestObject("Popup/Popup_Butons"), Buton): Method.TextDegerineEsitElementeTikla is PASSED

2021-11-18 11:56:02 - [MESSAGE][INFO] - Finding Test Object 'Object Repository/Popup/Popup_Butons'

2021-11-18 11:56:02 - [MESSAGE][INFO] - Checking timeout

2021-11-18 11:56:02 - [MESSAGE][INFO] - Finding web element with id: 'Object Repository/Popup/Popup_Butons' located by 'By.cssSelector: .modal-footer>button' in '10' second(s)

2021-11-18 11:56:02 - [MESSAGE][INFO] - Smart Wait Function is triggered

2021-11-18 11:56:02 - [MESSAGE][INFO] - Found 2 web elements with id: 'Object Repository/Popup/Popup_Butons' located by 'By.cssSelector: .modal-footer>button' in '10' second(s)

2021-11-18 11:56:02 - [MESSAGE][PASSED] - Method.TextDegerineEsitElementeTikla is PASSED

2021-11-18 11:56:02 - [MESSAGE][PASSED] - Call Test Case 'Test Cases/Popup/PopupButonSecilir' successfully

2021-11-18 11:56:02 - [MESSAGE][INFO] - Checking called Test Case

2021-11-18 11:56:02 - [MESSAGE][INFO] - Starting to call Test Case 'Test Cases/Popup/PopupMesajiIceriyorMu'

2021-11-18 11:56:02 - [TEST_CASE][PASSED] - Test Cases/Popup/PopupMesajiIceriyorMu: Test Cases/Popup/PopupMesajiIceriyorMu

2021-11-18 11:56:02 - [TEST_STEP][PASSED] - waitForElementVisible(findTestObject("Popup/Popup"), 10): Object 'Object Repository/Popup/Popup' is visible

2021-11-18 11:56:02 - [MESSAGE][INFO] - Finding Test Object 'Object Repository/Popup/Popup'

2021-11-18 11:56:02 - [MESSAGE][INFO] - Checking object

2021-11-18 11:56:02 - [MESSAGE][INFO] - Checking timeout

2021-11-18 11:56:02 - [MESSAGE][INFO] - Finding web element from Test Object's properties

2021-11-18 11:56:02 - [MESSAGE][INFO] - Checking timeout

2021-11-18 11:56:02 - [MESSAGE][INFO] - Finding web element with id: 'Object Repository/Popup/Popup' located by 'By.cssSelector: .bootbox-body' in '10' second(s)

2021-11-18 11:56:02 - [MESSAGE][INFO] - Smart Wait Function is triggered

2021-11-18 11:56:03 - [MESSAGE][INFO] - Found 1 web elements with id: 'Object Repository/Popup/Popup' located by 'By.cssSelector: .bootbox-body' in '10' second(s)

2021-11-18 11:56:03 - [MESSAGE][PASSED] - Object 'Object Repository/Popup/Popup' is visible

2021-11-18 11:56:03 - [TEST_STEP][PASSED] - if (!(getText(findTestObject("Popup/Popup")).contains(Mesaj))): Text of object 'Object Repository/Popup/Popup' is: '17431 no’lu talebiniz işleme alınmıştır. Raporunuz hazırlandığında (elogotest@gmail.com;ali.kara@logo.com.tr) adresinize mail gönderilecektir.
Rapor durumunuzu Raporlar > Toplu Veri İndirme ekranından takip edebilir, hazırlandı durumundaki raporlarınızı ilgili menüden indirebilirsiniz.'

2021-11-18 11:56:03 - [MESSAGE][INFO] - Finding Test Object 'Object Repository/Popup/Popup'

2021-11-18 11:56:03 - [MESSAGE][INFO] - Checking object

2021-11-18 11:56:03 - [MESSAGE][INFO] - Finding web element from Test Object's properties

2021-11-18 11:56:03 - [MESSAGE][INFO] - Checking timeout

2021-11-18 11:56:03 - [MESSAGE][INFO] - Finding web element with id: 'Object Repository/Popup/Popup' located by 'By.cssSelector: .bootbox-body' in '30' second(s)

2021-11-18 11:56:03 - [MESSAGE][INFO] - Smart Wait Function is triggered

2021-11-18 11:56:03 - [MESSAGE][INFO] - Found 1 web elements with id: 'Object Repository/Popup/Popup' located by 'By.cssSelector: .bootbox-body' in '30' second(s)

2021-11-18 11:56:03 - [MESSAGE][INFO] - Getting text of object 'Object Repository/Popup/Popup'

2021-11-18 11:56:03 - [MESSAGE][PASSED] - Text of object 'Object Repository/Popup/Popup' is: '17431 no’lu talebiniz işleme alınmıştır. Raporunuz hazırlandığında (elogotest@gmail.com;ali.kara@logo.com.tr) adresinize mail gönderilecektir.
Rapor durumunuzu Raporlar > Toplu Veri İndirme ekranından takip edebilir, hazırlandı durumundaki raporlarınızı ilgili menüden indirebilirsiniz.'

2021-11-18 11:56:03 - [TEST_STEP][PASSED] - RaporNo = getText(findTestObject("Popup/Popup")).substring(0, 6): Text of object 'Object Repository/Popup/Popup' is: '17431 no’lu talebiniz işleme alınmıştır. Raporunuz hazırlandığında (elogotest@gmail.com;ali.kara@logo.com.tr) adresinize mail gönderilecektir.
Rapor durumunuzu Raporlar > Toplu Veri İndirme ekranından takip edebilir, hazırlandı durumundaki raporlarınızı ilgili menüden indirebilirsiniz.'

2021-11-18 11:56:03 - [MESSAGE][INFO] - Finding Test Object 'Object Repository/Popup/Popup'

2021-11-18 11:56:04 - [MESSAGE][INFO] - Checking object

2021-11-18 11:56:04 - [MESSAGE][INFO] - Finding web element from Test Object's properties

2021-11-18 11:56:04 - [MESSAGE][INFO] - Checking timeout

2021-11-18 11:56:04 - [MESSAGE][INFO] - Finding web element with id: 'Object Repository/Popup/Popup' located by 'By.cssSelector: .bootbox-body' in '30' second(s)

2021-11-18 11:56:04 - [MESSAGE][INFO] - Smart Wait Function is triggered

2021-11-18 11:56:04 - [MESSAGE][INFO] - Found 1 web elements with id: 'Object Repository/Popup/Popup' located by 'By.cssSelector: .bootbox-body' in '30' second(s)

2021-11-18 11:56:04 - [MESSAGE][INFO] - Getting text of object 'Object Repository/Popup/Popup'

2021-11-18 11:56:04 - [MESSAGE][PASSED] - Text of object 'Object Repository/Popup/Popup' is: '17431 no’lu talebiniz işleme alınmıştır. Raporunuz hazırlandığında (elogotest@gmail.com;ali.kara@logo.com.tr) adresinize mail gönderilecektir.
Rapor durumunuzu Raporlar > Toplu Veri İndirme ekranından takip edebilir, hazırlandı durumundaki raporlarınızı ilgili menüden indirebilirsiniz.'

2021-11-18 11:56:04 - [TEST_STEP][PASSED] - Console.println(RaporNo): null

2021-11-18 11:56:04 - [MESSAGE][PASSED] - Call Test Case 'Test Cases/Popup/PopupMesajiIceriyorMu' successfully

2021-11-18 11:56:04 - [MESSAGE][INFO] - Checking called Test Case

2021-11-18 11:56:04 - [MESSAGE][INFO] - Starting to call Test Case 'Test Cases/Popup/PopupButonSecilir'

2021-11-18 11:56:04 - [TEST_CASE][PASSED] - Test Cases/Popup/PopupButonSecilir: Test Cases/Popup/PopupButonSecilir

2021-11-18 11:56:04 - [TEST_STEP][PASSED] - Method.TextDegerineEsitElementeTikla(findTestObject("Popup/Popup_Butons"), Buton): Method.TextDegerineEsitElementeTikla is PASSED

2021-11-18 11:56:04 - [MESSAGE][INFO] - Finding Test Object 'Object Repository/Popup/Popup_Butons'

2021-11-18 11:56:04 - [MESSAGE][INFO] - Checking timeout

2021-11-18 11:56:04 - [MESSAGE][INFO] - Finding web element with id: 'Object Repository/Popup/Popup_Butons' located by 'By.cssSelector: .modal-footer>button' in '10' second(s)

2021-11-18 11:56:04 - [MESSAGE][INFO] - Smart Wait Function is triggered

2021-11-18 11:56:04 - [MESSAGE][INFO] - Found 1 web elements with id: 'Object Repository/Popup/Popup_Butons' located by 'By.cssSelector: .modal-footer>button' in '10' second(s)

2021-11-18 11:56:04 - [MESSAGE][PASSED] - Method.TextDegerineEsitElementeTikla is PASSED

2021-11-18 11:56:04 - [MESSAGE][PASSED] - Call Test Case 'Test Cases/Popup/PopupButonSecilir' successfully

2021-11-18 11:56:04 - [MESSAGE][INFO] - Checking called Test Case

2021-11-18 11:56:04 - [MESSAGE][INFO] - Starting to call Test Case 'Test Cases/Menu/AnaMenuSecimi'

2021-11-18 11:56:04 - [TEST_CASE][PASSED] - Test Cases/Menu/AnaMenuSecimi: Test Cases/Menu/AnaMenuSecimi

2021-11-18 11:56:04 - [TEST_STEP][PASSED] - Method.TextDegerineEsitElementeTikla(findTestObject("Menu/Ana_Menu"), Ana_Menu): Method.TextDegerineEsitElementeTikla is PASSED

2021-11-18 11:56:04 - [MESSAGE][INFO] - Finding Test Object 'Object Repository/Menu/Ana_Menu'

2021-11-18 11:56:04 - [MESSAGE][INFO] - Checking timeout

2021-11-18 11:56:04 - [MESSAGE][INFO] - Finding web element with id: 'Object Repository/Menu/Ana_Menu' located by 'By.xpath: //*[@class = 'dropdown-toggle']' in '10' second(s)

2021-11-18 11:56:04 - [MESSAGE][INFO] - Smart Wait Function is triggered

2021-11-18 11:56:05 - [MESSAGE][INFO] - Found 14 web elements with id: 'Object Repository/Menu/Ana_Menu' located by 'By.xpath: //*[@class = 'dropdown-toggle']' in '10' second(s)

2021-11-18 11:56:05 - [MESSAGE][PASSED] - Method.TextDegerineEsitElementeTikla is PASSED

2021-11-18 11:56:05 - [MESSAGE][PASSED] - Call Test Case 'Test Cases/Menu/AnaMenuSecimi' successfully

2021-11-18 11:56:05 - [MESSAGE][INFO] - Checking called Test Case

2021-11-18 11:56:05 - [MESSAGE][INFO] - Starting to call Test Case 'Test Cases/Menu/AltMenuSecimi'

2021-11-18 11:56:05 - [TEST_CASE][PASSED] - Test Cases/Menu/AltMenuSecimi: Test Cases/Menu/AltMenuSecimi

2021-11-18 11:56:05 - [TEST_STEP][PASSED] - Method.TextDegerineEsitElementeTikla(findTestObject("Menu/Alt_Menu"), Alt_Menu): Method.TextDegerineEsitElementeTikla is PASSED

2021-11-18 11:56:05 - [MESSAGE][INFO] - Finding Test Object 'Object Repository/Menu/Alt_Menu'

2021-11-18 11:56:05 - [MESSAGE][INFO] - Checking timeout

2021-11-18 11:56:05 - [MESSAGE][INFO] - Finding web element with id: 'Object Repository/Menu/Alt_Menu' located by 'By.xpath: //li[@class='dropdown dropdown-large open']//li[@class='dropdown-element']' in '10' second(s)

2021-11-18 11:56:05 - [MESSAGE][INFO] - Smart Wait Function is triggered

2021-11-18 11:56:06 - [MESSAGE][INFO] - Found 9 web elements with id: 'Object Repository/Menu/Alt_Menu' located by 'By.xpath: //li[@class='dropdown dropdown-large open']//li[@class='dropdown-element']' in '10' second(s)

2021-11-18 11:56:07 - [MESSAGE][PASSED] - Method.TextDegerineEsitElementeTikla is PASSED

2021-11-18 11:56:07 - [MESSAGE][PASSED] - Call Test Case 'Test Cases/Menu/AltMenuSecimi' successfully

2021-11-18 11:56:07 - [MESSAGE][INFO] - Checking called Test Case

2021-11-18 11:56:07 - [MESSAGE][INFO] - Starting to call Test Case 'Test Cases/Filtreler/RaporNoYaz'

2021-11-18 11:56:07 - [TEST_CASE][PASSED] - Test Cases/Filtreler/RaporNoYaz: Test Cases/Filtreler/RaporNoYaz

2021-11-18 11:56:07 - [TEST_STEP][PASSED] - Method.TextDegerineEsitElementinAltindakiTextboxtaYaz(findTestObject("Filtreler/Basliklar"), findTestObject("Filtreler/Basliga_Gore_Textbox"), "Talep No", RaporNo): Method.TextDegerineEsitElementinAltindakiTextboxtaYaz is PASSED

2021-11-18 11:56:07 - [MESSAGE][INFO] - Finding Test Object 'Object Repository/Filtreler/Basliklar'

2021-11-18 11:56:07 - [MESSAGE][INFO] - Finding Test Object 'Object Repository/Filtreler/Basliga_Gore_Textbox'

2021-11-18 11:56:07 - [MESSAGE][INFO] - Checking timeout

2021-11-18 11:56:07 - [MESSAGE][INFO] - Finding web element with id: 'Object Repository/Filtreler/Basliklar' located by 'By.cssSelector: .control-label.col-sm-4.paddingMarginRLC' in '10' second(s)

2021-11-18 11:56:07 - [MESSAGE][INFO] - Smart Wait Function is triggered

2021-11-18 11:56:07 - [MESSAGE][INFO] - Found 8 web elements with id: 'Object Repository/Filtreler/Basliklar' located by 'By.cssSelector: .control-label.col-sm-4.paddingMarginRLC' in '10' second(s)

2021-11-18 11:56:07 - [MESSAGE][INFO] - Smart Wait Function is triggered

2021-11-18 11:56:08 - [MESSAGE][PASSED] - Method.TextDegerineEsitElementinAltindakiTextboxtaYaz is PASSED

2021-11-18 11:56:08 - [MESSAGE][PASSED] - Call Test Case 'Test Cases/Filtreler/RaporNoYaz' successfully

2021-11-18 11:56:08 - [MESSAGE][INFO] - Checking called Test Case

2021-11-18 11:56:08 - [MESSAGE][INFO] - Starting to call Test Case 'Test Cases/Filtreler/ButonaTikla'

2021-11-18 11:56:08 - [TEST_CASE][PASSED] - Test Cases/Filtreler/ButonaTikla: Test Cases/Filtreler/ButonaTikla

2021-11-18 11:56:08 - [TEST_STEP][PASSED] - Method.TextDegerineEsitElementeTikla(findTestObject("Filtreler/Butonlar"), Filtre_Buton): Method.TextDegerineEsitElementeTikla is PASSED

2021-11-18 11:56:08 - [MESSAGE][INFO] - Finding Test Object 'Object Repository/Filtreler/Butonlar'

2021-11-18 11:56:08 - [MESSAGE][INFO] - Checking timeout

2021-11-18 11:56:08 - [MESSAGE][INFO] - Finding web element with id: 'Object Repository/Filtreler/Butonlar' located by 'By.cssSelector: .dxb>span' in '10' second(s)

2021-11-18 11:56:08 - [MESSAGE][INFO] - Smart Wait Function is triggered

2021-11-18 11:56:08 - [MESSAGE][INFO] - Found 2 web elements with id: 'Object Repository/Filtreler/Butonlar' located by 'By.cssSelector: .dxb>span' in '10' second(s)

2021-11-18 11:56:08 - [MESSAGE][PASSED] - Method.TextDegerineEsitElementeTikla is PASSED

2021-11-18 11:56:08 - [MESSAGE][PASSED] - Call Test Case 'Test Cases/Filtreler/ButonaTikla' successfully

2021-11-18 11:56:08 - [MESSAGE][INFO] - Checking called Test Case

2021-11-18 11:56:08 - [MESSAGE][INFO] - Starting to call Test Case 'Test Cases/Tablo/TablodaVeriVarMi'

2021-11-18 11:56:08 - [TEST_CASE][PASSED] - Test Cases/Tablo/TablodaVeriVarMi: Test Cases/Tablo/TablodaVeriVarMi

2021-11-18 11:56:08 - [TEST_STEP][PASSED] - verifyTextNotPresent("Görüntülenecek veri yok", true): Text 'Görüntülenecek veri yok' is not present on page using regular expression

2021-11-18 11:56:08 - [MESSAGE][INFO] - Checking text present  using regular expression

2021-11-18 11:56:08 - [MESSAGE][INFO] - Smart Wait Function is triggered

2021-11-18 11:56:09 - [MESSAGE][INFO] - Finding text 'Görüntülenecek veri yok' on page  using regular expression

2021-11-18 11:56:09 - [MESSAGE][PASSED] - Text 'Görüntülenecek veri yok' is not present on page using regular expression

2021-11-18 11:56:09 - [MESSAGE][PASSED] - Call Test Case 'Test Cases/Tablo/TablodaVeriVarMi' successfully

2021-11-18 11:56:09 - [MESSAGE][INFO] - Checking called Test Case

2021-11-18 11:56:09 - [MESSAGE][INFO] - Starting to call Test Case 'Test Cases/Kullanici_Islemleri/KullaniciIslemlerindenSecimYapilir'

2021-11-18 11:56:09 - [TEST_CASE][PASSED] - Test Cases/Kullanici_Islemleri/KullaniciIslemlerindenSecimYapilir: Test Cases/Kullanici_Islemleri/KullaniciIslemlerindenSecimYapilir

2021-11-18 11:56:09 - [TEST_STEP][PASSED] - waitForElementClickable(findTestObject("Object Repository/Kullanici_Islemleri/KullaniciIslemleri"), 10): Object 'Object Repository/Kullanici_Islemleri/KullaniciIslemleri' is clickable

2021-11-18 11:56:09 - [MESSAGE][INFO] - Finding Test Object 'Object Repository/Kullanici_Islemleri/KullaniciIslemleri'

2021-11-18 11:56:09 - [MESSAGE][INFO] - Checking object

2021-11-18 11:56:09 - [MESSAGE][INFO] - Checking timeout

2021-11-18 11:56:09 - [MESSAGE][INFO] - Finding web element from Test Object's properties

2021-11-18 11:56:09 - [MESSAGE][INFO] - Checking timeout

2021-11-18 11:56:09 - [MESSAGE][INFO] - Finding web element with id: 'Object Repository/Kullanici_Islemleri/KullaniciIslemleri' located by 'By.cssSelector: .dropdown>a>img' in '10' second(s)

2021-11-18 11:56:09 - [MESSAGE][INFO] - Smart Wait Function is triggered

2021-11-18 11:56:09 - [MESSAGE][INFO] - Found 1 web elements with id: 'Object Repository/Kullanici_Islemleri/KullaniciIslemleri' located by 'By.cssSelector: .dropdown>a>img' in '10' second(s)

2021-11-18 11:56:09 - [MESSAGE][PASSED] - Object 'Object Repository/Kullanici_Islemleri/KullaniciIslemleri' is clickable

2021-11-18 11:56:09 - [TEST_STEP][PASSED] - click(findTestObject("Object Repository/Kullanici_Islemleri/KullaniciIslemleri")): Object: 'Object Repository/Kullanici_Islemleri/KullaniciIslemleri' is clicked on

2021-11-18 11:56:09 - [MESSAGE][INFO] - Finding Test Object 'Object Repository/Kullanici_Islemleri/KullaniciIslemleri'

2021-11-18 11:56:09 - [MESSAGE][INFO] - Checking object

2021-11-18 11:56:09 - [MESSAGE][INFO] - Finding web element from Test Object's properties

2021-11-18 11:56:09 - [MESSAGE][INFO] - Checking timeout

2021-11-18 11:56:09 - [MESSAGE][INFO] - Finding web element with id: 'Object Repository/Kullanici_Islemleri/KullaniciIslemleri' located by 'By.cssSelector: .dropdown>a>img' in '30' second(s)

2021-11-18 11:56:09 - [MESSAGE][INFO] - Smart Wait Function is triggered

2021-11-18 11:56:10 - [MESSAGE][INFO] - Found 1 web elements with id: 'Object Repository/Kullanici_Islemleri/KullaniciIslemleri' located by 'By.cssSelector: .dropdown>a>img' in '30' second(s)

2021-11-18 11:56:10 - [MESSAGE][INFO] - Clicking on object: 'Object Repository/Kullanici_Islemleri/KullaniciIslemleri'

2021-11-18 11:56:10 - [MESSAGE][PASSED] - Object: 'Object Repository/Kullanici_Islemleri/KullaniciIslemleri' is clicked on

2021-11-18 11:56:10 - [TEST_STEP][PASSED] - Method.TextDegerineEsitElementeTikla(findTestObject("Object Repository/Kullanici_Islemleri/Secenekler"), Islem): Method.TextDegerineEsitElementeTikla is PASSED

2021-11-18 11:56:10 - [MESSAGE][INFO] - Finding Test Object 'Object Repository/Kullanici_Islemleri/Secenekler'

2021-11-18 11:56:10 - [MESSAGE][INFO] - Checking timeout

2021-11-18 11:56:10 - [MESSAGE][INFO] - Finding web element with id: 'Object Repository/Kullanici_Islemleri/Secenekler' located by 'By.cssSelector: .nav.navbar-nav.navbar-right li a' in '10' second(s)

2021-11-18 11:56:10 - [MESSAGE][INFO] - Smart Wait Function is triggered

2021-11-18 11:56:10 - [MESSAGE][INFO] - Found 22 web elements with id: 'Object Repository/Kullanici_Islemleri/Secenekler' located by 'By.cssSelector: .nav.navbar-nav.navbar-right li a' in '10' second(s)

2021-11-18 11:56:11 - [MESSAGE][PASSED] - Method.TextDegerineEsitElementeTikla is PASSED

2021-11-18 11:56:11 - [TEST_STEP][PASSED] - verifyElementNotPresent(findTestObject("Object Repository/Kullanici_Islemleri/Secenekler"), 10): Web element with id: 'Object Repository/Kullanici_Islemleri/Secenekler' located by 'By.cssSelector: .nav.navbar-nav.navbar-right li a' is not present after '10' second(s)

2021-11-18 11:56:11 - [MESSAGE][INFO] - Finding Test Object 'Object Repository/Kullanici_Islemleri/Secenekler'

2021-11-18 11:56:11 - [MESSAGE][INFO] - Checking object

2021-11-18 11:56:11 - [MESSAGE][INFO] - Checking timeout

2021-11-18 11:56:11 - [MESSAGE][INFO] - Finding web element with id: 'Object Repository/Kullanici_Islemleri/Secenekler' located by 'By.cssSelector: .nav.navbar-nav.navbar-right li a' in '10' second(s)

2021-11-18 11:56:11 - [MESSAGE][INFO] - Smart Wait Function is triggered

2021-11-18 11:56:12 - [MESSAGE][PASSED] - Web element with id: 'Object Repository/Kullanici_Islemleri/Secenekler' located by 'By.cssSelector: .nav.navbar-nav.navbar-right li a' is not present after '10' second(s)

2021-11-18 11:56:12 - [MESSAGE][PASSED] - Call Test Case 'Test Cases/Kullanici_Islemleri/KullaniciIslemlerindenSecimYapilir' successfully

2021-11-18 11:56:12 - [TEST_CASE][PASSED] - Start Test Case : SCENARIO Gelen Zarflar Toplu Indirme - UBL Secilenlerin indirilmesi: SCENARIO Gelen Zarflar Toplu Indirme - UBL Secilenlerin indirilmesi

2021-11-18 11:56:12 - [TEST_STEP][PASSED] - Kullanıcı adı ELOGO6 ve Şifre 123456 olarak giriş yapılır: Kullanıcı adı ELOGO6 ve Şifre 123456 olarak giriş yapılır

2021-11-18 11:56:12 - [MESSAGE][PASSED] - Kullanıcı adı ELOGO6 ve Şifre 123456 olarak giriş yapılır

2021-11-18 11:56:12 - [TEST_STEP][PASSED] - Ana menüden Zarflar seçilir: Ana menüden Zarflar seçilir

2021-11-18 11:56:12 - [MESSAGE][PASSED] - Ana menüden Zarflar seçilir

2021-11-18 11:56:12 - [TEST_STEP][PASSED] - Alt menüden Gelen Zarflar seçilir: Alt menüden Gelen Zarflar seçilir

2021-11-18 11:56:12 - [MESSAGE][PASSED] - Alt menüden Gelen Zarflar seçilir

2021-11-18 11:56:12 - [TEST_STEP][PASSED] - Filtrelerden Oluşturma Tarihi filtresine 01.12.2020 baslangic degerini yaz: Filtrelerden Oluşturma Tarihi filtresine 01.12.2020 baslangic degerini yaz

2021-11-18 11:56:12 - [MESSAGE][PASSED] - Filtrelerden Oluşturma Tarihi filtresine 01.12.2020 baslangic degerini yaz

2021-11-18 11:56:12 - [TEST_STEP][PASSED] - Filtrelerden Oluşturma Tarihi filtresine 31.12.2020 bitis degerini yaz: Filtrelerden Oluşturma Tarihi filtresine 31.12.2020 bitis degerini yaz

2021-11-18 11:56:12 - [MESSAGE][PASSED] - Filtrelerden Oluşturma Tarihi filtresine 31.12.2020 bitis degerini yaz

2021-11-18 11:56:12 - [TEST_STEP][PASSED] - Filtrelerden Gönderen Ünvan filtresine E LOGO 6 textini yaz: Filtrelerden Gönderen Ünvan filtresine E LOGO 6 textini yaz

2021-11-18 11:56:12 - [MESSAGE][PASSED] - Filtrelerden Gönderen Ünvan filtresine E LOGO 6 textini yaz

2021-11-18 11:56:12 - [TEST_STEP][PASSED] - Filtre butonlarından Listele seçilir: Filtre butonlarından Listele seçilir

2021-11-18 11:56:12 - [MESSAGE][PASSED] - Filtre butonlarından Listele seçilir

2021-11-18 11:56:12 - [TEST_STEP][PASSED] - Tabloda veri var mı kontrol edilir: Tabloda veri var mı kontrol edilir

2021-11-18 11:56:12 - [MESSAGE][PASSED] - Tabloda veri var mı kontrol edilir

2021-11-18 11:56:12 - [TEST_STEP][PASSED] - Tablodan E LOGO 6 isimli veri seçilir: Tablodan E LOGO 6 isimli veri seçilir

2021-11-18 11:56:12 - [MESSAGE][PASSED] - Tablodan E LOGO 6 isimli veri seçilir

2021-11-18 11:56:12 - [TEST_STEP][PASSED] - Butonlardan Toplu İndirme isimli butona tıklanır: Butonlardan Toplu İndirme isimli butona tıklanır

2021-11-18 11:56:12 - [MESSAGE][PASSED] - Butonlardan Toplu İndirme isimli butona tıklanır

2021-11-18 11:56:12 - [TEST_STEP][PASSED] - Alt butonlardan UBL Seçilenleri İndir butonuna tıklanır: Alt butonlardan UBL Seçilenleri İndir butonuna tıklanır

2021-11-18 11:56:12 - [MESSAGE][PASSED] - Alt butonlardan UBL Seçilenleri İndir butonuna tıklanır

2021-11-18 11:56:12 - [TEST_STEP][PASSED] - Popup mesajı rapor bildiriminin gönderileceği e-posta adresini belirtiniz içeriyor mu: Popup mesajı rapor bildiriminin gönderileceği e-posta adresini belirtiniz içeriyor mu

2021-11-18 11:56:12 - [MESSAGE][PASSED] - Popup mesajı rapor bildiriminin gönderileceği e-posta adresini belirtiniz içeriyor mu

2021-11-18 11:56:12 - [TEST_STEP][PASSED] - Popup email elogotest@gmail.com;ali.kara@logo.com.tr olarak girilir: Popup email elogotest@gmail.com;ali.kara@logo.com.tr olarak girilir

2021-11-18 11:56:12 - [MESSAGE][PASSED] - Popup email elogotest@gmail.com;ali.kara@logo.com.tr olarak girilir

2021-11-18 11:56:12 - [TEST_STEP][PASSED] - Yönetim popupında Gönder seçilir: Yönetim popupında Gönder seçilir

2021-11-18 11:56:12 - [MESSAGE][PASSED] - Yönetim popupında Gönder seçilir

2021-11-18 11:56:12 - [TEST_STEP][PASSED] - Popup mesajı talebiniz işleme alınmıştır içeriyor mu: Popup mesajı talebiniz işleme alınmıştır içeriyor mu

2021-11-18 11:56:12 - [MESSAGE][PASSED] - Popup mesajı talebiniz işleme alınmıştır içeriyor mu

2021-11-18 11:56:12 - [TEST_STEP][PASSED] - Yönetim popupında Tamam seçilir: Yönetim popupında Tamam seçilir

2021-11-18 11:56:12 - [MESSAGE][PASSED] - Yönetim popupında Tamam seçilir

2021-11-18 11:56:12 - [TEST_STEP][PASSED] - Butonlardan Toplu İndirme isimli butona tıklanır: Butonlardan Toplu İndirme isimli butona tıklanır

2021-11-18 11:56:12 - [MESSAGE][PASSED] - Butonlardan Toplu İndirme isimli butona tıklanır

2021-11-18 11:56:12 - [TEST_STEP][PASSED] - Alt butonlardan UBL Tümünü İndir butonuna tıklanır: Alt butonlardan UBL Tümünü İndir butonuna tıklanır

2021-11-18 11:56:12 - [MESSAGE][PASSED] - Alt butonlardan UBL Tümünü İndir butonuna tıklanır

2021-11-18 11:56:12 - [TEST_STEP][PASSED] - Popup mesajı rapor bildiriminin gönderileceği e-posta adresini belirtiniz içeriyor mu: Popup mesajı rapor bildiriminin gönderileceği e-posta adresini belirtiniz içeriyor mu

2021-11-18 11:56:12 - [MESSAGE][PASSED] - Popup mesajı rapor bildiriminin gönderileceği e-posta adresini belirtiniz içeriyor mu

2021-11-18 11:56:12 - [TEST_STEP][PASSED] - Popup email elogotest@gmail.com;ali.kara@logo.com.tr olarak girilir: Popup email elogotest@gmail.com;ali.kara@logo.com.tr olarak girilir

2021-11-18 11:56:12 - [MESSAGE][PASSED] - Popup email elogotest@gmail.com;ali.kara@logo.com.tr olarak girilir

2021-11-18 11:56:12 - [TEST_STEP][PASSED] - Yönetim popupında Gönder seçilir: Yönetim popupında Gönder seçilir

2021-11-18 11:56:12 - [MESSAGE][PASSED] - Yönetim popupında Gönder seçilir

2021-11-18 11:56:12 - [TEST_STEP][PASSED] - Popup mesajı talebiniz işleme alınmıştır içeriyor mu: Popup mesajı talebiniz işleme alınmıştır içeriyor mu

2021-11-18 11:56:12 - [MESSAGE][PASSED] - Popup mesajı talebiniz işleme alınmıştır içeriyor mu

2021-11-18 11:56:12 - [TEST_STEP][PASSED] - Yönetim popupında Tamam seçilir: Yönetim popupında Tamam seçilir

2021-11-18 11:56:12 - [MESSAGE][PASSED] - Yönetim popupında Tamam seçilir

2021-11-18 11:56:12 - [TEST_STEP][PASSED] - Ana menüden Raporlar seçilir: Ana menüden Raporlar seçilir

2021-11-18 11:56:12 - [MESSAGE][PASSED] - Ana menüden Raporlar seçilir

2021-11-18 11:56:12 - [TEST_STEP][PASSED] - Alt menüden Toplu Veri İndirme seçilir: Alt menüden Toplu Veri İndirme seçilir

2021-11-18 11:56:12 - [MESSAGE][PASSED] - Alt menüden Toplu Veri İndirme seçilir

2021-11-18 11:56:12 - [TEST_STEP][PASSED] - Filtrelerden Talep No filtresine Rapor No bilgisi yaz: Filtrelerden Talep No filtresine Rapor No bilgisi yaz

2021-11-18 11:56:12 - [MESSAGE][PASSED] - Filtrelerden Talep No filtresine Rapor No bilgisi yaz

2021-11-18 11:56:12 - [TEST_STEP][PASSED] - Filtre butonlarından Listele seçilir: Filtre butonlarından Listele seçilir

2021-11-18 11:56:12 - [MESSAGE][PASSED] - Filtre butonlarından Listele seçilir

2021-11-18 11:56:12 - [TEST_STEP][PASSED] - Tabloda veri var mı kontrol edilir: Tabloda veri var mı kontrol edilir

2021-11-18 11:56:12 - [MESSAGE][PASSED] - Tabloda veri var mı kontrol edilir

2021-11-18 11:56:12 - [TEST_STEP][PASSED] - Kullanıcı işlemlerinden Çıkış seçilir: Kullanıcı işlemlerinden Çıkış seçilir

2021-11-18 11:56:12 - [MESSAGE][PASSED] - Kullanıcı işlemlerinden Çıkış seçilir

2021-11-18 11:56:12 - [MESSAGE][PASSED] - Feature file: 'Include/features/Zarflar/Gelen Zarflar/Toplu Indirme.feature' was passed

2021-11-18 11:56:12 - [TEST_STEP][PASSED] - Start listener action : sampleAfterTestSuite: Invoke 'com.kms.katalon.core.annotation.AfterTestCase' method: 'Listener.sampleAfterTestSuite(...)' completed.

2021-11-18 11:56:12 - [MESSAGE][INFO] - Starting invoke 'com.kms.katalon.core.annotation.AfterTestCase' method: 'Listener.sampleAfterTestSuite(...)'

2021-11-18 11:56:12 - [TEST_STEP][PASSED] - closeBrowser(): Invoke 'com.kms.katalon.core.annotation.AfterTestCase' method: 'Listener.sampleAfterTestSuite(...)' completed.

2021-11-18 11:56:12 - [MESSAGE][INFO] - Closing browser

2021-11-18 11:56:12 - [MESSAGE][PASSED] - Browser is closed

2021-11-18 11:56:12 - [MESSAGE][INFO] - Invoke 'com.kms.katalon.core.annotation.AfterTestCase' method: 'Listener.sampleAfterTestSuite(...)' completed.]]></system-out>
         <system-err><![CDATA[]]></system-err>
      </testcase>
      <testcase name="Test Cases/Case Repository/Zarflar/Giden Zarflar/Secilenleri Excele Aktar" time="50.184" classname="Test Cases/Case Repository/Zarflar/Giden Zarflar/Secilenleri Excele Aktar" status="PASSED">
         <system-out><![CDATA[2021-11-18 11:56:12 - [TEST_CASE][PASSED] - Test Cases/Case Repository/Zarflar/Giden Zarflar/Secilenleri Excele Aktar: Test Cases/Case Repository/Zarflar/Giden Zarflar/Secilenleri Excele Aktar

2021-11-18 11:56:12 - [TEST_STEP][PASSED] - Start listener action : sampleBeforeTestSuite: Invoke 'com.kms.katalon.core.annotation.BeforeTestCase' method: 'Listener.sampleBeforeTestSuite(...)' completed.

2021-11-18 11:56:12 - [MESSAGE][INFO] - Starting invoke 'com.kms.katalon.core.annotation.BeforeTestCase' method: 'Listener.sampleBeforeTestSuite(...)'

2021-11-18 11:56:12 - [TEST_STEP][PASSED] - openBrowser(baseUrl): Browser is opened with url: 'https://efatura-stage.elogo.com.tr/'

2021-11-18 11:56:12 - [MESSAGE][INFO] - Opening browser

2021-11-18 11:56:12 - [MESSAGE][INFO] - Starting 'Chrome' driver

2021-11-18 11:56:12 - [MESSAGE][INFO] - User set preference: ['prefs', '{download.default_directory=C:\otomasyondownfiles}']

2021-11-18 11:56:12 - [MESSAGE][INFO] - Action delay is set to 0 milliseconds

2021-11-18 11:56:14 - [MESSAGE][INFO] - Navigating browser to: 'https://efatura-stage.elogo.com.tr/'

2021-11-18 11:56:16 - [MESSAGE][PASSED] - Browser is opened with url: 'https://efatura-stage.elogo.com.tr/'

2021-11-18 11:56:16 - [TEST_STEP][PASSED] - maximizeWindow(): Invoke 'com.kms.katalon.core.annotation.BeforeTestCase' method: 'Listener.sampleBeforeTestSuite(...)' completed.

2021-11-18 11:56:16 - [MESSAGE][INFO] - Maximizing current window

2021-11-18 11:56:16 - [MESSAGE][PASSED] - Current window maximized

2021-11-18 11:56:16 - [MESSAGE][INFO] - Invoke 'com.kms.katalon.core.annotation.BeforeTestCase' method: 'Listener.sampleBeforeTestSuite(...)' completed.

2021-11-18 11:56:17 - [TEST_STEP][PASSED] - runFeatureFile("Include/features/Zarflar/Giden Zarflar/Secilenleri Excele Aktar.feature"): Feature file: 'Include/features/Zarflar/Giden Zarflar/Secilenleri Excele Aktar.feature' was passed

2021-11-18 11:56:17 - [MESSAGE][INFO] - Starting run keyword runFeatureFile: 'Include/features/Zarflar/Giden Zarflar/Secilenleri Excele Aktar.feature' and extract report to folder: 'C:\Users\DELL\Documents\GitHub\EES_KatalonLogo\Reports\20211118_110909\Suite Repository\ExceleAktarVeTopluIndirme\20211118_110948/cucumber_report/1637225777361'...

2021-11-18 11:56:17 - [MESSAGE][INFO] - Glue: []

2021-11-18 11:56:19 - [MESSAGE][INFO] - Checking called Test Case

2021-11-18 11:56:19 - [MESSAGE][INFO] - Starting to call Test Case 'Test Cases/Sayfalar/Giris_Sayfasi/Login'

2021-11-18 11:56:19 - [TEST_CASE][PASSED] - Test Cases/Sayfalar/Giris_Sayfasi/Login: Test Cases/Sayfalar/Giris_Sayfasi/Login

2021-11-18 11:56:19 - [TEST_STEP][PASSED] - Sayfa_Basligi = getWindowTitle(): Current window's title is: 'LOGO e-Fatura'

2021-11-18 11:56:19 - [MESSAGE][INFO] - Getting current window's title

2021-11-18 11:56:19 - [MESSAGE][PASSED] - Current window's title is: 'LOGO e-Fatura'

2021-11-18 11:56:19 - [TEST_STEP][PASSED] - verifyMatch(Sayfa_Basligi, "LOGO e-Fatura", false): Actual text 'LOGO e-Fatura' and expected text 'LOGO e-Fatura' are matched 

2021-11-18 11:56:19 - [MESSAGE][INFO] - Matching actual text 'LOGO e-Fatura' with expected text 'LOGO e-Fatura'

2021-11-18 11:56:19 - [MESSAGE][PASSED] - Actual text 'LOGO e-Fatura' and expected text 'LOGO e-Fatura' are matched 

2021-11-18 11:56:19 - [TEST_STEP][PASSED] - sendKeys(findTestObject("Sayfalar/Giris_Sayfasi/Firma_Kodu"), KullaniciAdi): Keys 'ELOGO6' sent to object: 'Object Repository/Sayfalar/Giris_Sayfasi/Firma_Kodu'

2021-11-18 11:56:19 - [MESSAGE][INFO] - Finding Test Object 'Object Repository/Sayfalar/Giris_Sayfasi/Firma_Kodu'

2021-11-18 11:56:19 - [MESSAGE][INFO] - Sending keys 'ELOGO6' to object: 'Object Repository/Sayfalar/Giris_Sayfasi/Firma_Kodu'

2021-11-18 11:56:19 - [MESSAGE][INFO] - Finding web element from Test Object's properties

2021-11-18 11:56:19 - [MESSAGE][INFO] - Checking timeout

2021-11-18 11:56:19 - [MESSAGE][INFO] - Finding web element with id: 'Object Repository/Sayfalar/Giris_Sayfasi/Firma_Kodu' located by 'By.xpath: //*[@id = 'AccountName']' in '30' second(s)

2021-11-18 11:56:19 - [MESSAGE][INFO] - Smart Wait Function is triggered

2021-11-18 11:56:19 - [MESSAGE][INFO] - Found 1 web elements with id: 'Object Repository/Sayfalar/Giris_Sayfasi/Firma_Kodu' located by 'By.xpath: //*[@id = 'AccountName']' in '30' second(s)

2021-11-18 11:56:19 - [MESSAGE][PASSED] - Keys 'ELOGO6' sent to object: 'Object Repository/Sayfalar/Giris_Sayfasi/Firma_Kodu'

2021-11-18 11:56:19 - [TEST_STEP][PASSED] - sendKeys(findTestObject("Sayfalar/Giris_Sayfasi/Sifre"), Sifre): Keys '123456' sent to object: 'Object Repository/Sayfalar/Giris_Sayfasi/Sifre'

2021-11-18 11:56:19 - [MESSAGE][INFO] - Finding Test Object 'Object Repository/Sayfalar/Giris_Sayfasi/Sifre'

2021-11-18 11:56:20 - [MESSAGE][INFO] - Sending keys '123456' to object: 'Object Repository/Sayfalar/Giris_Sayfasi/Sifre'

2021-11-18 11:56:20 - [MESSAGE][INFO] - Finding web element from Test Object's properties

2021-11-18 11:56:20 - [MESSAGE][INFO] - Checking timeout

2021-11-18 11:56:20 - [MESSAGE][INFO] - Finding web element with id: 'Object Repository/Sayfalar/Giris_Sayfasi/Sifre' located by 'By.xpath: //*[@id = 'Password']' in '30' second(s)

2021-11-18 11:56:20 - [MESSAGE][INFO] - Smart Wait Function is triggered

2021-11-18 11:56:20 - [MESSAGE][INFO] - Found 1 web elements with id: 'Object Repository/Sayfalar/Giris_Sayfasi/Sifre' located by 'By.xpath: //*[@id = 'Password']' in '30' second(s)

2021-11-18 11:56:20 - [MESSAGE][PASSED] - Keys '123456' sent to object: 'Object Repository/Sayfalar/Giris_Sayfasi/Sifre'

2021-11-18 11:56:20 - [TEST_STEP][PASSED] - findWebElement(findTestObject("Sayfalar/Giris_Sayfasi/Giris_Butonu")).click(): Found 1 web elements with id: 'Object Repository/Sayfalar/Giris_Sayfasi/Giris_Butonu' located by 'By.cssSelector: #btnLogin' in '30' second(s)

2021-11-18 11:56:20 - [MESSAGE][INFO] - Finding Test Object 'Object Repository/Sayfalar/Giris_Sayfasi/Giris_Butonu'

2021-11-18 11:56:20 - [MESSAGE][INFO] - Finding web element from Test Object's properties

2021-11-18 11:56:20 - [MESSAGE][INFO] - Checking timeout

2021-11-18 11:56:20 - [MESSAGE][INFO] - Finding web element with id: 'Object Repository/Sayfalar/Giris_Sayfasi/Giris_Butonu' located by 'By.cssSelector: #btnLogin' in '30' second(s)

2021-11-18 11:56:20 - [MESSAGE][INFO] - Smart Wait Function is triggered

2021-11-18 11:56:21 - [MESSAGE][INFO] - Found 1 web elements with id: 'Object Repository/Sayfalar/Giris_Sayfasi/Giris_Butonu' located by 'By.cssSelector: #btnLogin' in '30' second(s)

2021-11-18 11:56:23 - [TEST_STEP][PASSED] - if (verifyElementPresent(findTestObject("Object Repository/Sayfalar/Giris_Sayfasi/RetveTamam_Butonu"), 5, OPTIONAL)): null

2021-11-18 11:56:23 - [MESSAGE][INFO] - Finding Test Object 'Object Repository/Sayfalar/Giris_Sayfasi/RetveTamam_Butonu'

2021-11-18 11:56:24 - [MESSAGE][INFO] - Checking object

2021-11-18 11:56:24 - [MESSAGE][INFO] - Finding web element from Test Object's properties

2021-11-18 11:56:24 - [MESSAGE][INFO] - Checking timeout

2021-11-18 11:56:24 - [MESSAGE][INFO] - Finding web element with id: 'Object Repository/Sayfalar/Giris_Sayfasi/RetveTamam_Butonu' located by 'By.xpath: //*[@class = 'btn btn-default']' in '5' second(s)

2021-11-18 11:56:24 - [MESSAGE][INFO] - Smart Wait Function is triggered

2021-11-18 11:56:24 - [MESSAGE][INFO] - Found 1 web elements with id: 'Object Repository/Sayfalar/Giris_Sayfasi/RetveTamam_Butonu' located by 'By.xpath: //*[@class = 'btn btn-default']' in '5' second(s)

2021-11-18 11:56:24 - [MESSAGE][PASSED] - Object 'Object Repository/Sayfalar/Giris_Sayfasi/RetveTamam_Butonu' is present

2021-11-18 11:56:24 - [TEST_STEP][PASSED] - click(findTestObject("Object Repository/Sayfalar/Giris_Sayfasi/RetveTamam_Butonu")): Object: 'Object Repository/Sayfalar/Giris_Sayfasi/RetveTamam_Butonu' is clicked on

2021-11-18 11:56:24 - [MESSAGE][INFO] - Finding Test Object 'Object Repository/Sayfalar/Giris_Sayfasi/RetveTamam_Butonu'

2021-11-18 11:56:24 - [MESSAGE][INFO] - Checking object

2021-11-18 11:56:24 - [MESSAGE][INFO] - Finding web element from Test Object's properties

2021-11-18 11:56:24 - [MESSAGE][INFO] - Checking timeout

2021-11-18 11:56:24 - [MESSAGE][INFO] - Finding web element with id: 'Object Repository/Sayfalar/Giris_Sayfasi/RetveTamam_Butonu' located by 'By.xpath: //*[@class = 'btn btn-default']' in '30' second(s)

2021-11-18 11:56:24 - [MESSAGE][INFO] - Smart Wait Function is triggered

2021-11-18 11:56:24 - [MESSAGE][INFO] - Found 1 web elements with id: 'Object Repository/Sayfalar/Giris_Sayfasi/RetveTamam_Butonu' located by 'By.xpath: //*[@class = 'btn btn-default']' in '30' second(s)

2021-11-18 11:56:24 - [MESSAGE][INFO] - Clicking on object: 'Object Repository/Sayfalar/Giris_Sayfasi/RetveTamam_Butonu'

2021-11-18 11:56:24 - [MESSAGE][PASSED] - Object: 'Object Repository/Sayfalar/Giris_Sayfasi/RetveTamam_Butonu' is clicked on

2021-11-18 11:56:24 - [TEST_STEP][PASSED] - click(findTestObject("Object Repository/Sayfalar/Giris_Sayfasi/RetveTamam_Butonu")): Object: 'Object Repository/Sayfalar/Giris_Sayfasi/RetveTamam_Butonu' is clicked on

2021-11-18 11:56:24 - [MESSAGE][INFO] - Finding Test Object 'Object Repository/Sayfalar/Giris_Sayfasi/RetveTamam_Butonu'

2021-11-18 11:56:25 - [MESSAGE][INFO] - Checking object

2021-11-18 11:56:25 - [MESSAGE][INFO] - Finding web element from Test Object's properties

2021-11-18 11:56:25 - [MESSAGE][INFO] - Checking timeout

2021-11-18 11:56:25 - [MESSAGE][INFO] - Finding web element with id: 'Object Repository/Sayfalar/Giris_Sayfasi/RetveTamam_Butonu' located by 'By.xpath: //*[@class = 'btn btn-default']' in '30' second(s)

2021-11-18 11:56:25 - [MESSAGE][INFO] - Smart Wait Function is triggered

2021-11-18 11:56:27 - [MESSAGE][INFO] - Found 1 web elements with id: 'Object Repository/Sayfalar/Giris_Sayfasi/RetveTamam_Butonu' located by 'By.xpath: //*[@class = 'btn btn-default']' in '30' second(s)

2021-11-18 11:56:27 - [MESSAGE][INFO] - Clicking on object: 'Object Repository/Sayfalar/Giris_Sayfasi/RetveTamam_Butonu'

2021-11-18 11:56:27 - [MESSAGE][PASSED] - Object: 'Object Repository/Sayfalar/Giris_Sayfasi/RetveTamam_Butonu' is clicked on

2021-11-18 11:56:27 - [TEST_STEP][PASSED] - if (verifyElementPresent(findTestObject("Sayfalar/Giris_Sayfasi/PopupOK"), 5, OPTIONAL)): null

2021-11-18 11:56:27 - [MESSAGE][INFO] - Finding Test Object 'Object Repository/Sayfalar/Giris_Sayfasi/PopupOK'

2021-11-18 11:56:28 - [MESSAGE][INFO] - Checking object

2021-11-18 11:56:28 - [MESSAGE][INFO] - Finding web element from Test Object's properties

2021-11-18 11:56:28 - [MESSAGE][INFO] - Checking timeout

2021-11-18 11:56:28 - [MESSAGE][INFO] - Finding web element with id: 'Object Repository/Sayfalar/Giris_Sayfasi/PopupOK' located by 'By.cssSelector: .btn.btn-success' in '5' second(s)

2021-11-18 11:56:28 - [MESSAGE][INFO] - Smart Wait Function is triggered

2021-11-18 11:56:28 - [MESSAGE][INFO] - Found 1 web elements with id: 'Object Repository/Sayfalar/Giris_Sayfasi/PopupOK' located by 'By.cssSelector: .btn.btn-success' in '5' second(s)

2021-11-18 11:56:28 - [MESSAGE][PASSED] - Object 'Object Repository/Sayfalar/Giris_Sayfasi/PopupOK' is present

2021-11-18 11:56:28 - [TEST_STEP][PASSED] - click(findTestObject("Object Repository/Sayfalar/Giris_Sayfasi/PopupCarpiGiris")): Object: 'Object Repository/Sayfalar/Giris_Sayfasi/PopupCarpiGiris' is clicked on

2021-11-18 11:56:28 - [MESSAGE][INFO] - Finding Test Object 'Object Repository/Sayfalar/Giris_Sayfasi/PopupCarpiGiris'

2021-11-18 11:56:28 - [MESSAGE][INFO] - Checking object

2021-11-18 11:56:28 - [MESSAGE][INFO] - Finding web element from Test Object's properties

2021-11-18 11:56:28 - [MESSAGE][INFO] - Checking timeout

2021-11-18 11:56:28 - [MESSAGE][INFO] - Finding web element with id: 'Object Repository/Sayfalar/Giris_Sayfasi/PopupCarpiGiris' located by 'By.cssSelector: .bootbox-close-button.close' in '30' second(s)

2021-11-18 11:56:28 - [MESSAGE][INFO] - Smart Wait Function is triggered

2021-11-18 11:56:29 - [MESSAGE][INFO] - Found 1 web elements with id: 'Object Repository/Sayfalar/Giris_Sayfasi/PopupCarpiGiris' located by 'By.cssSelector: .bootbox-close-button.close' in '30' second(s)

2021-11-18 11:56:29 - [MESSAGE][INFO] - Clicking on object: 'Object Repository/Sayfalar/Giris_Sayfasi/PopupCarpiGiris'

2021-11-18 11:56:29 - [MESSAGE][PASSED] - Object: 'Object Repository/Sayfalar/Giris_Sayfasi/PopupCarpiGiris' is clicked on

2021-11-18 11:56:29 - [TEST_STEP][PASSED] - verifyElementVisible(findTestObject("Object Repository/Kullanici_Islemleri/KullaniciIslemleri")): Object 'Object Repository/Kullanici_Islemleri/KullaniciIslemleri' is visible

2021-11-18 11:56:29 - [MESSAGE][INFO] - Finding Test Object 'Object Repository/Kullanici_Islemleri/KullaniciIslemleri'

2021-11-18 11:56:29 - [MESSAGE][INFO] - Checking object

2021-11-18 11:56:29 - [MESSAGE][INFO] - Finding web element from Test Object's properties

2021-11-18 11:56:29 - [MESSAGE][INFO] - Checking timeout

2021-11-18 11:56:29 - [MESSAGE][INFO] - Finding web element with id: 'Object Repository/Kullanici_Islemleri/KullaniciIslemleri' located by 'By.cssSelector: .dropdown>a>img' in '30' second(s)

2021-11-18 11:56:29 - [MESSAGE][INFO] - Smart Wait Function is triggered

2021-11-18 11:56:29 - [MESSAGE][INFO] - Found 1 web elements with id: 'Object Repository/Kullanici_Islemleri/KullaniciIslemleri' located by 'By.cssSelector: .dropdown>a>img' in '30' second(s)

2021-11-18 11:56:29 - [MESSAGE][PASSED] - Object 'Object Repository/Kullanici_Islemleri/KullaniciIslemleri' is visible

2021-11-18 11:56:29 - [MESSAGE][PASSED] - Call Test Case 'Test Cases/Sayfalar/Giris_Sayfasi/Login' successfully

2021-11-18 11:56:29 - [MESSAGE][INFO] - Checking called Test Case

2021-11-18 11:56:29 - [MESSAGE][INFO] - Starting to call Test Case 'Test Cases/Menu/AnaMenuSecimi'

2021-11-18 11:56:30 - [TEST_CASE][PASSED] - Test Cases/Menu/AnaMenuSecimi: Test Cases/Menu/AnaMenuSecimi

2021-11-18 11:56:30 - [TEST_STEP][PASSED] - Method.TextDegerineEsitElementeTikla(findTestObject("Menu/Ana_Menu"), Ana_Menu): Method.TextDegerineEsitElementeTikla is PASSED

2021-11-18 11:56:30 - [MESSAGE][INFO] - Finding Test Object 'Object Repository/Menu/Ana_Menu'

2021-11-18 11:56:30 - [MESSAGE][INFO] - Checking timeout

2021-11-18 11:56:30 - [MESSAGE][INFO] - Finding web element with id: 'Object Repository/Menu/Ana_Menu' located by 'By.xpath: //*[@class = 'dropdown-toggle']' in '10' second(s)

2021-11-18 11:56:30 - [MESSAGE][INFO] - Smart Wait Function is triggered

2021-11-18 11:56:30 - [MESSAGE][INFO] - Found 14 web elements with id: 'Object Repository/Menu/Ana_Menu' located by 'By.xpath: //*[@class = 'dropdown-toggle']' in '10' second(s)

2021-11-18 11:56:30 - [MESSAGE][PASSED] - Method.TextDegerineEsitElementeTikla is PASSED

2021-11-18 11:56:30 - [MESSAGE][PASSED] - Call Test Case 'Test Cases/Menu/AnaMenuSecimi' successfully

2021-11-18 11:56:30 - [MESSAGE][INFO] - Checking called Test Case

2021-11-18 11:56:30 - [MESSAGE][INFO] - Starting to call Test Case 'Test Cases/Menu/AltMenuSecimi'

2021-11-18 11:56:30 - [TEST_CASE][PASSED] - Test Cases/Menu/AltMenuSecimi: Test Cases/Menu/AltMenuSecimi

2021-11-18 11:56:30 - [TEST_STEP][PASSED] - Method.TextDegerineEsitElementeTikla(findTestObject("Menu/Alt_Menu"), Alt_Menu): Method.TextDegerineEsitElementeTikla is PASSED

2021-11-18 11:56:30 - [MESSAGE][INFO] - Finding Test Object 'Object Repository/Menu/Alt_Menu'

2021-11-18 11:56:30 - [MESSAGE][INFO] - Checking timeout

2021-11-18 11:56:30 - [MESSAGE][INFO] - Finding web element with id: 'Object Repository/Menu/Alt_Menu' located by 'By.xpath: //li[@class='dropdown dropdown-large open']//li[@class='dropdown-element']' in '10' second(s)

2021-11-18 11:56:30 - [MESSAGE][INFO] - Smart Wait Function is triggered

2021-11-18 11:56:31 - [MESSAGE][INFO] - Found 2 web elements with id: 'Object Repository/Menu/Alt_Menu' located by 'By.xpath: //li[@class='dropdown dropdown-large open']//li[@class='dropdown-element']' in '10' second(s)

2021-11-18 11:56:32 - [MESSAGE][PASSED] - Method.TextDegerineEsitElementeTikla is PASSED

2021-11-18 11:56:32 - [MESSAGE][PASSED] - Call Test Case 'Test Cases/Menu/AltMenuSecimi' successfully

2021-11-18 11:56:32 - [MESSAGE][INFO] - Checking called Test Case

2021-11-18 11:56:32 - [MESSAGE][INFO] - Starting to call Test Case 'Test Cases/Filtreler/BaslangicYaz'

2021-11-18 11:56:32 - [TEST_CASE][PASSED] - Test Cases/Filtreler/BaslangicYaz: Test Cases/Filtreler/BaslangicYaz

2021-11-18 11:56:32 - [TEST_STEP][PASSED] - delay(3): Delayed 3 second(s)

2021-11-18 11:56:32 - [MESSAGE][INFO] - Delaying browser in 3 second(s)

2021-11-18 11:56:35 - [MESSAGE][PASSED] - Delayed 3 second(s)

2021-11-18 11:56:35 - [TEST_STEP][PASSED] - Method.TextDegerineEsitElementinAltindakineTikla(findTestObject("Filtreler/Basliklar"), findTestObject("Filtreler/Basliga_Gore_Baslangic_Image"), Filtre_Adi): Method.TextDegerineEsitElementinAltindakineTikla is PASSED

2021-11-18 11:56:35 - [MESSAGE][INFO] - Finding Test Object 'Object Repository/Filtreler/Basliklar'

2021-11-18 11:56:35 - [MESSAGE][INFO] - Finding Test Object 'Object Repository/Filtreler/Basliga_Gore_Baslangic_Image'

2021-11-18 11:56:35 - [MESSAGE][INFO] - Checking timeout

2021-11-18 11:56:35 - [MESSAGE][INFO] - Finding web element with id: 'Object Repository/Filtreler/Basliklar' located by 'By.cssSelector: .control-label.col-sm-4.paddingMarginRLC' in '10' second(s)

2021-11-18 11:56:35 - [MESSAGE][INFO] - Smart Wait Function is triggered

2021-11-18 11:56:36 - [MESSAGE][INFO] - Found 8 web elements with id: 'Object Repository/Filtreler/Basliklar' located by 'By.cssSelector: .control-label.col-sm-4.paddingMarginRLC' in '10' second(s)

2021-11-18 11:56:36 - [MESSAGE][INFO] - Smart Wait Function is triggered

2021-11-18 11:56:36 - [MESSAGE][PASSED] - Method.TextDegerineEsitElementinAltindakineTikla is PASSED

2021-11-18 11:56:36 - [TEST_STEP][PASSED] - Method.TextDegerineEsitElementinAltindakiTextboxtaYaz(findTestObject("Filtreler/Basliklar"), findTestObject("Filtreler/Basliga_Gore_Baslangic"), Filtre_Adi, Filtre_Degeri): Method.TextDegerineEsitElementinAltindakiTextboxtaYaz is PASSED

2021-11-18 11:56:36 - [MESSAGE][INFO] - Finding Test Object 'Object Repository/Filtreler/Basliklar'

2021-11-18 11:56:36 - [MESSAGE][INFO] - Finding Test Object 'Object Repository/Filtreler/Basliga_Gore_Baslangic'

2021-11-18 11:56:36 - [MESSAGE][INFO] - Checking timeout

2021-11-18 11:56:36 - [MESSAGE][INFO] - Finding web element with id: 'Object Repository/Filtreler/Basliklar' located by 'By.cssSelector: .control-label.col-sm-4.paddingMarginRLC' in '10' second(s)

2021-11-18 11:56:36 - [MESSAGE][INFO] - Smart Wait Function is triggered

2021-11-18 11:56:37 - [MESSAGE][INFO] - Found 8 web elements with id: 'Object Repository/Filtreler/Basliklar' located by 'By.cssSelector: .control-label.col-sm-4.paddingMarginRLC' in '10' second(s)

2021-11-18 11:56:37 - [MESSAGE][INFO] - Smart Wait Function is triggered

2021-11-18 11:56:37 - [MESSAGE][PASSED] - Method.TextDegerineEsitElementinAltindakiTextboxtaYaz is PASSED

2021-11-18 11:56:37 - [MESSAGE][PASSED] - Call Test Case 'Test Cases/Filtreler/BaslangicYaz' successfully

2021-11-18 11:56:37 - [MESSAGE][INFO] - Checking called Test Case

2021-11-18 11:56:37 - [MESSAGE][INFO] - Starting to call Test Case 'Test Cases/Filtreler/BitisYaz'

2021-11-18 11:56:37 - [TEST_CASE][PASSED] - Test Cases/Filtreler/BitisYaz: Test Cases/Filtreler/BitisYaz

2021-11-18 11:56:37 - [TEST_STEP][PASSED] - Method.TextDegerineEsitElementinAltindakineTikla(findTestObject("Filtreler/Basliklar"), findTestObject("Filtreler/Basliga_Gore_Bitis_Image"), Filtre_Adi): Method.TextDegerineEsitElementinAltindakineTikla is PASSED

2021-11-18 11:56:37 - [MESSAGE][INFO] - Finding Test Object 'Object Repository/Filtreler/Basliklar'

2021-11-18 11:56:37 - [MESSAGE][INFO] - Finding Test Object 'Object Repository/Filtreler/Basliga_Gore_Bitis_Image'

2021-11-18 11:56:37 - [MESSAGE][INFO] - Checking timeout

2021-11-18 11:56:37 - [MESSAGE][INFO] - Finding web element with id: 'Object Repository/Filtreler/Basliklar' located by 'By.cssSelector: .control-label.col-sm-4.paddingMarginRLC' in '10' second(s)

2021-11-18 11:56:37 - [MESSAGE][INFO] - Smart Wait Function is triggered

2021-11-18 11:56:38 - [MESSAGE][INFO] - Found 8 web elements with id: 'Object Repository/Filtreler/Basliklar' located by 'By.cssSelector: .control-label.col-sm-4.paddingMarginRLC' in '10' second(s)

2021-11-18 11:56:38 - [MESSAGE][INFO] - Smart Wait Function is triggered

2021-11-18 11:56:38 - [MESSAGE][PASSED] - Method.TextDegerineEsitElementinAltindakineTikla is PASSED

2021-11-18 11:56:38 - [TEST_STEP][PASSED] - Method.TextDegerineEsitElementinAltindakiTextboxtaYaz(findTestObject("Filtreler/Basliklar"), findTestObject("Object Repository/Filtreler/Basliga_Gore_Bitis"), Filtre_Adi, Filtre_Degeri): Method.TextDegerineEsitElementinAltindakiTextboxtaYaz is PASSED

2021-11-18 11:56:38 - [MESSAGE][INFO] - Finding Test Object 'Object Repository/Filtreler/Basliklar'

2021-11-18 11:56:38 - [MESSAGE][INFO] - Finding Test Object 'Object Repository/Filtreler/Basliga_Gore_Bitis'

2021-11-18 11:56:38 - [MESSAGE][INFO] - Checking timeout

2021-11-18 11:56:38 - [MESSAGE][INFO] - Finding web element with id: 'Object Repository/Filtreler/Basliklar' located by 'By.cssSelector: .control-label.col-sm-4.paddingMarginRLC' in '10' second(s)

2021-11-18 11:56:38 - [MESSAGE][INFO] - Smart Wait Function is triggered

2021-11-18 11:56:38 - [MESSAGE][INFO] - Found 8 web elements with id: 'Object Repository/Filtreler/Basliklar' located by 'By.cssSelector: .control-label.col-sm-4.paddingMarginRLC' in '10' second(s)

2021-11-18 11:56:38 - [MESSAGE][INFO] - Smart Wait Function is triggered

2021-11-18 11:56:39 - [MESSAGE][PASSED] - Method.TextDegerineEsitElementinAltindakiTextboxtaYaz is PASSED

2021-11-18 11:56:39 - [MESSAGE][PASSED] - Call Test Case 'Test Cases/Filtreler/BitisYaz' successfully

2021-11-18 11:56:39 - [MESSAGE][INFO] - Checking called Test Case

2021-11-18 11:56:39 - [MESSAGE][INFO] - Starting to call Test Case 'Test Cases/Filtreler/ButonaTikla'

2021-11-18 11:56:39 - [TEST_CASE][PASSED] - Test Cases/Filtreler/ButonaTikla: Test Cases/Filtreler/ButonaTikla

2021-11-18 11:56:39 - [TEST_STEP][PASSED] - Method.TextDegerineEsitElementeTikla(findTestObject("Filtreler/Butonlar"), Filtre_Buton): Method.TextDegerineEsitElementeTikla is PASSED

2021-11-18 11:56:39 - [MESSAGE][INFO] - Finding Test Object 'Object Repository/Filtreler/Butonlar'

2021-11-18 11:56:39 - [MESSAGE][INFO] - Checking timeout

2021-11-18 11:56:39 - [MESSAGE][INFO] - Finding web element with id: 'Object Repository/Filtreler/Butonlar' located by 'By.cssSelector: .dxb>span' in '10' second(s)

2021-11-18 11:56:39 - [MESSAGE][INFO] - Smart Wait Function is triggered

2021-11-18 11:56:39 - [MESSAGE][INFO] - Found 3 web elements with id: 'Object Repository/Filtreler/Butonlar' located by 'By.cssSelector: .dxb>span' in '10' second(s)

2021-11-18 11:56:40 - [MESSAGE][PASSED] - Method.TextDegerineEsitElementeTikla is PASSED

2021-11-18 11:56:40 - [MESSAGE][PASSED] - Call Test Case 'Test Cases/Filtreler/ButonaTikla' successfully

2021-11-18 11:56:40 - [MESSAGE][INFO] - Checking called Test Case

2021-11-18 11:56:40 - [MESSAGE][INFO] - Starting to call Test Case 'Test Cases/Tablo/TablodaVeriVarMi'

2021-11-18 11:56:40 - [TEST_CASE][PASSED] - Test Cases/Tablo/TablodaVeriVarMi: Test Cases/Tablo/TablodaVeriVarMi

2021-11-18 11:56:40 - [TEST_STEP][PASSED] - verifyTextNotPresent("Görüntülenecek veri yok", true): Text 'Görüntülenecek veri yok' is not present on page using regular expression

2021-11-18 11:56:40 - [MESSAGE][INFO] - Checking text present  using regular expression

2021-11-18 11:56:40 - [MESSAGE][INFO] - Smart Wait Function is triggered

2021-11-18 11:56:40 - [MESSAGE][INFO] - Finding text 'Görüntülenecek veri yok' on page  using regular expression

2021-11-18 11:56:40 - [MESSAGE][PASSED] - Text 'Görüntülenecek veri yok' is not present on page using regular expression

2021-11-18 11:56:40 - [MESSAGE][PASSED] - Call Test Case 'Test Cases/Tablo/TablodaVeriVarMi' successfully

2021-11-18 11:56:40 - [MESSAGE][INFO] - Checking called Test Case

2021-11-18 11:56:40 - [MESSAGE][INFO] - Starting to call Test Case 'Test Cases/Tablo/TablodanVeriSec'

2021-11-18 11:56:40 - [TEST_CASE][PASSED] - Test Cases/Tablo/TablodanVeriSec: Test Cases/Tablo/TablodanVeriSec

2021-11-18 11:56:40 - [TEST_STEP][PASSED] - Method.TextDegerineEsitElementinAltindakineTikla(findTestObject("Tablo/Veriler"), findTestObject("Tablo/VerininCheckBoxi"), Veri_Adi): Method.TextDegerineEsitElementinAltindakineTikla is PASSED

2021-11-18 11:56:40 - [MESSAGE][INFO] - Finding Test Object 'Object Repository/Tablo/Veriler'

2021-11-18 11:56:40 - [MESSAGE][INFO] - Finding Test Object 'Object Repository/Tablo/VerininCheckBoxi'

2021-11-18 11:56:41 - [MESSAGE][INFO] - Checking timeout

2021-11-18 11:56:41 - [MESSAGE][INFO] - Finding web element with id: 'Object Repository/Tablo/Veriler' located by 'By.cssSelector: td.dxgv b ,td.dxgv' in '10' second(s)

2021-11-18 11:56:41 - [MESSAGE][INFO] - Smart Wait Function is triggered

2021-11-18 11:56:41 - [MESSAGE][INFO] - Found 110 web elements with id: 'Object Repository/Tablo/Veriler' located by 'By.cssSelector: td.dxgv b ,td.dxgv' in '10' second(s)

2021-11-18 11:56:41 - [MESSAGE][INFO] - Smart Wait Function is triggered

2021-11-18 11:56:41 - [MESSAGE][PASSED] - Method.TextDegerineEsitElementinAltindakineTikla is PASSED

2021-11-18 11:56:41 - [MESSAGE][PASSED] - Call Test Case 'Test Cases/Tablo/TablodanVeriSec' successfully

2021-11-18 11:56:41 - [MESSAGE][INFO] - Checking called Test Case

2021-11-18 11:56:41 - [MESSAGE][INFO] - Starting to call Test Case 'Test Cases/Butonlar/ButonaTikla'

2021-11-18 11:56:41 - [TEST_CASE][PASSED] - Test Cases/Butonlar/ButonaTikla: Test Cases/Butonlar/ButonaTikla

2021-11-18 11:56:41 - [TEST_STEP][PASSED] - Method.TextDegerineEsitElementeTiklaEquals(findTestObject("Butonlar/Butonlar"), Buton_Adi): Method.TextDegerineEsitElementeTiklaEquals is PASSED

2021-11-18 11:56:41 - [MESSAGE][INFO] - Finding Test Object 'Object Repository/Butonlar/Butonlar'

2021-11-18 11:56:41 - [MESSAGE][INFO] - Checking timeout

2021-11-18 11:56:41 - [MESSAGE][INFO] - Finding web element with id: 'Object Repository/Butonlar/Butonlar' located by 'By.cssSelector: .panel.panel-default.text-center.footerPanel .btn,.btn.btn-primary.btnControls' in '10' second(s)

2021-11-18 11:56:41 - [MESSAGE][INFO] - Smart Wait Function is triggered

2021-11-18 11:56:42 - [MESSAGE][INFO] - Found 6 web elements with id: 'Object Repository/Butonlar/Butonlar' located by 'By.cssSelector: .panel.panel-default.text-center.footerPanel .btn,.btn.btn-primary.btnControls' in '10' second(s)

2021-11-18 11:56:42 - [MESSAGE][PASSED] - Method.TextDegerineEsitElementeTiklaEquals is PASSED

2021-11-18 11:56:42 - [MESSAGE][PASSED] - Call Test Case 'Test Cases/Butonlar/ButonaTikla' successfully

2021-11-18 11:56:42 - [MESSAGE][INFO] - Checking called Test Case

2021-11-18 11:56:42 - [MESSAGE][INFO] - Starting to call Test Case 'Test Cases/Butonlar/AltButonaTikla'

2021-11-18 11:56:42 - [TEST_CASE][PASSED] - Test Cases/Butonlar/AltButonaTikla: Test Cases/Butonlar/AltButonaTikla

2021-11-18 11:56:42 - [TEST_STEP][PASSED] - Method.TextDegerineEsitElementeTikla(findTestObject("Butonlar/AltButonlar"), Alt_Buton): Method.TextDegerineEsitElementeTikla is PASSED

2021-11-18 11:56:42 - [MESSAGE][INFO] - Finding Test Object 'Object Repository/Butonlar/AltButonlar'

2021-11-18 11:56:42 - [MESSAGE][INFO] - Checking timeout

2021-11-18 11:56:42 - [MESSAGE][INFO] - Finding web element with id: 'Object Repository/Butonlar/AltButonlar' located by 'By.cssSelector: .btn-group.open li>a' in '10' second(s)

2021-11-18 11:56:42 - [MESSAGE][INFO] - Smart Wait Function is triggered

2021-11-18 11:56:42 - [MESSAGE][INFO] - Found 2 web elements with id: 'Object Repository/Butonlar/AltButonlar' located by 'By.cssSelector: .btn-group.open li>a' in '10' second(s)

2021-11-18 11:56:42 - [MESSAGE][PASSED] - Method.TextDegerineEsitElementeTikla is PASSED

2021-11-18 11:56:42 - [MESSAGE][PASSED] - Call Test Case 'Test Cases/Butonlar/AltButonaTikla' successfully

2021-11-18 11:56:42 - [MESSAGE][INFO] - Checking called Test Case

2021-11-18 11:56:42 - [MESSAGE][INFO] - Starting to call Test Case 'Test Cases/Popup/PopupMesajiIceriyorMu'

2021-11-18 11:56:42 - [TEST_CASE][PASSED] - Test Cases/Popup/PopupMesajiIceriyorMu: Test Cases/Popup/PopupMesajiIceriyorMu

2021-11-18 11:56:42 - [TEST_STEP][PASSED] - waitForElementVisible(findTestObject("Popup/Popup"), 10): Object 'Object Repository/Popup/Popup' is visible

2021-11-18 11:56:42 - [MESSAGE][INFO] - Finding Test Object 'Object Repository/Popup/Popup'

2021-11-18 11:56:43 - [MESSAGE][INFO] - Checking object

2021-11-18 11:56:43 - [MESSAGE][INFO] - Checking timeout

2021-11-18 11:56:43 - [MESSAGE][INFO] - Finding web element from Test Object's properties

2021-11-18 11:56:43 - [MESSAGE][INFO] - Checking timeout

2021-11-18 11:56:43 - [MESSAGE][INFO] - Finding web element with id: 'Object Repository/Popup/Popup' located by 'By.cssSelector: .bootbox-body' in '10' second(s)

2021-11-18 11:56:43 - [MESSAGE][INFO] - Smart Wait Function is triggered

2021-11-18 11:56:43 - [MESSAGE][INFO] - Found 1 web elements with id: 'Object Repository/Popup/Popup' located by 'By.cssSelector: .bootbox-body' in '10' second(s)

2021-11-18 11:56:43 - [MESSAGE][PASSED] - Object 'Object Repository/Popup/Popup' is visible

2021-11-18 11:56:43 - [TEST_STEP][PASSED] - if (!(getText(findTestObject("Popup/Popup")).contains(Mesaj))): Text of object 'Object Repository/Popup/Popup' is: 'Lütfen rapor bildiriminin gönderileceği e-posta adresini belirtiniz.
e-Posta Adresi'

2021-11-18 11:56:43 - [MESSAGE][INFO] - Finding Test Object 'Object Repository/Popup/Popup'

2021-11-18 11:56:44 - [MESSAGE][INFO] - Checking object

2021-11-18 11:56:44 - [MESSAGE][INFO] - Finding web element from Test Object's properties

2021-11-18 11:56:44 - [MESSAGE][INFO] - Checking timeout

2021-11-18 11:56:44 - [MESSAGE][INFO] - Finding web element with id: 'Object Repository/Popup/Popup' located by 'By.cssSelector: .bootbox-body' in '30' second(s)

2021-11-18 11:56:44 - [MESSAGE][INFO] - Smart Wait Function is triggered

2021-11-18 11:56:44 - [MESSAGE][INFO] - Found 1 web elements with id: 'Object Repository/Popup/Popup' located by 'By.cssSelector: .bootbox-body' in '30' second(s)

2021-11-18 11:56:44 - [MESSAGE][INFO] - Getting text of object 'Object Repository/Popup/Popup'

2021-11-18 11:56:44 - [MESSAGE][PASSED] - Text of object 'Object Repository/Popup/Popup' is: 'Lütfen rapor bildiriminin gönderileceği e-posta adresini belirtiniz.
e-Posta Adresi'

2021-11-18 11:56:44 - [TEST_STEP][PASSED] - RaporNo = getText(findTestObject("Popup/Popup")).substring(0, 6): Text of object 'Object Repository/Popup/Popup' is: 'Lütfen rapor bildiriminin gönderileceği e-posta adresini belirtiniz.
e-Posta Adresi'

2021-11-18 11:56:44 - [MESSAGE][INFO] - Finding Test Object 'Object Repository/Popup/Popup'

2021-11-18 11:56:44 - [MESSAGE][INFO] - Checking object

2021-11-18 11:56:44 - [MESSAGE][INFO] - Finding web element from Test Object's properties

2021-11-18 11:56:44 - [MESSAGE][INFO] - Checking timeout

2021-11-18 11:56:44 - [MESSAGE][INFO] - Finding web element with id: 'Object Repository/Popup/Popup' located by 'By.cssSelector: .bootbox-body' in '30' second(s)

2021-11-18 11:56:44 - [MESSAGE][INFO] - Smart Wait Function is triggered

2021-11-18 11:56:44 - [MESSAGE][INFO] - Found 1 web elements with id: 'Object Repository/Popup/Popup' located by 'By.cssSelector: .bootbox-body' in '30' second(s)

2021-11-18 11:56:44 - [MESSAGE][INFO] - Getting text of object 'Object Repository/Popup/Popup'

2021-11-18 11:56:44 - [MESSAGE][PASSED] - Text of object 'Object Repository/Popup/Popup' is: 'Lütfen rapor bildiriminin gönderileceği e-posta adresini belirtiniz.
e-Posta Adresi'

2021-11-18 11:56:44 - [TEST_STEP][PASSED] - Console.println(RaporNo): null

2021-11-18 11:56:44 - [MESSAGE][PASSED] - Call Test Case 'Test Cases/Popup/PopupMesajiIceriyorMu' successfully

2021-11-18 11:56:44 - [MESSAGE][INFO] - Checking called Test Case

2021-11-18 11:56:44 - [MESSAGE][INFO] - Starting to call Test Case 'Test Cases/Popup/PopupaEmailEklenir'

2021-11-18 11:56:44 - [TEST_CASE][PASSED] - Test Cases/Popup/PopupaEmailEklenir: Test Cases/Popup/PopupaEmailEklenir

2021-11-18 11:56:44 - [TEST_STEP][PASSED] - clearText(findTestObject("Popup/EmailText")): Text of object 'Object Repository/Popup/EmailText' is cleared

2021-11-18 11:56:44 - [MESSAGE][INFO] - Finding Test Object 'Object Repository/Popup/EmailText'

2021-11-18 11:56:44 - [MESSAGE][INFO] - Checking object

2021-11-18 11:56:44 - [MESSAGE][INFO] - Finding web element from Test Object's properties

2021-11-18 11:56:44 - [MESSAGE][INFO] - Checking timeout

2021-11-18 11:56:44 - [MESSAGE][INFO] - Finding web element with id: 'Object Repository/Popup/EmailText' located by 'By.xpath: //*[@id="eMails"]' in '30' second(s)

2021-11-18 11:56:44 - [MESSAGE][INFO] - Smart Wait Function is triggered

2021-11-18 11:56:45 - [MESSAGE][INFO] - Found 1 web elements with id: 'Object Repository/Popup/EmailText' located by 'By.xpath: //*[@id="eMails"]' in '30' second(s)

2021-11-18 11:56:45 - [MESSAGE][INFO] - Clearing text of object 'Object Repository/Popup/EmailText'

2021-11-18 11:56:45 - [MESSAGE][PASSED] - Text of object 'Object Repository/Popup/EmailText' is cleared

2021-11-18 11:56:45 - [TEST_STEP][PASSED] - sendKeys(findTestObject("Popup/EmailText"), Email): Keys 'elogotest@gmail.com;ali.kara@logo.com.tr' sent to object: 'Object Repository/Popup/EmailText'

2021-11-18 11:56:45 - [MESSAGE][INFO] - Finding Test Object 'Object Repository/Popup/EmailText'

2021-11-18 11:56:45 - [MESSAGE][INFO] - Sending keys 'elogotest@gmail.com;ali.kara@logo.com.tr' to object: 'Object Repository/Popup/EmailText'

2021-11-18 11:56:45 - [MESSAGE][INFO] - Finding web element from Test Object's properties

2021-11-18 11:56:45 - [MESSAGE][INFO] - Checking timeout

2021-11-18 11:56:45 - [MESSAGE][INFO] - Finding web element with id: 'Object Repository/Popup/EmailText' located by 'By.xpath: //*[@id="eMails"]' in '30' second(s)

2021-11-18 11:56:45 - [MESSAGE][INFO] - Smart Wait Function is triggered

2021-11-18 11:56:45 - [MESSAGE][INFO] - Found 1 web elements with id: 'Object Repository/Popup/EmailText' located by 'By.xpath: //*[@id="eMails"]' in '30' second(s)

2021-11-18 11:56:45 - [MESSAGE][PASSED] - Keys 'elogotest@gmail.com;ali.kara@logo.com.tr' sent to object: 'Object Repository/Popup/EmailText'

2021-11-18 11:56:45 - [MESSAGE][PASSED] - Call Test Case 'Test Cases/Popup/PopupaEmailEklenir' successfully

2021-11-18 11:56:45 - [MESSAGE][INFO] - Checking called Test Case

2021-11-18 11:56:45 - [MESSAGE][INFO] - Starting to call Test Case 'Test Cases/Popup/PopupButonSecilir'

2021-11-18 11:56:45 - [TEST_CASE][PASSED] - Test Cases/Popup/PopupButonSecilir: Test Cases/Popup/PopupButonSecilir

2021-11-18 11:56:45 - [TEST_STEP][PASSED] - Method.TextDegerineEsitElementeTikla(findTestObject("Popup/Popup_Butons"), Buton): Method.TextDegerineEsitElementeTikla is PASSED

2021-11-18 11:56:45 - [MESSAGE][INFO] - Finding Test Object 'Object Repository/Popup/Popup_Butons'

2021-11-18 11:56:45 - [MESSAGE][INFO] - Checking timeout

2021-11-18 11:56:45 - [MESSAGE][INFO] - Finding web element with id: 'Object Repository/Popup/Popup_Butons' located by 'By.cssSelector: .modal-footer>button' in '10' second(s)

2021-11-18 11:56:45 - [MESSAGE][INFO] - Smart Wait Function is triggered

2021-11-18 11:56:46 - [MESSAGE][INFO] - Found 2 web elements with id: 'Object Repository/Popup/Popup_Butons' located by 'By.cssSelector: .modal-footer>button' in '10' second(s)

2021-11-18 11:56:46 - [MESSAGE][PASSED] - Method.TextDegerineEsitElementeTikla is PASSED

2021-11-18 11:56:46 - [MESSAGE][PASSED] - Call Test Case 'Test Cases/Popup/PopupButonSecilir' successfully

2021-11-18 11:56:46 - [MESSAGE][INFO] - Checking called Test Case

2021-11-18 11:56:46 - [MESSAGE][INFO] - Starting to call Test Case 'Test Cases/Popup/PopupMesajiIceriyorMu'

2021-11-18 11:56:46 - [TEST_CASE][PASSED] - Test Cases/Popup/PopupMesajiIceriyorMu: Test Cases/Popup/PopupMesajiIceriyorMu

2021-11-18 11:56:46 - [TEST_STEP][PASSED] - waitForElementVisible(findTestObject("Popup/Popup"), 10): Object 'Object Repository/Popup/Popup' is visible

2021-11-18 11:56:46 - [MESSAGE][INFO] - Finding Test Object 'Object Repository/Popup/Popup'

2021-11-18 11:56:46 - [MESSAGE][INFO] - Checking object

2021-11-18 11:56:46 - [MESSAGE][INFO] - Checking timeout

2021-11-18 11:56:46 - [MESSAGE][INFO] - Finding web element from Test Object's properties

2021-11-18 11:56:46 - [MESSAGE][INFO] - Checking timeout

2021-11-18 11:56:46 - [MESSAGE][INFO] - Finding web element with id: 'Object Repository/Popup/Popup' located by 'By.cssSelector: .bootbox-body' in '10' second(s)

2021-11-18 11:56:46 - [MESSAGE][INFO] - Smart Wait Function is triggered

2021-11-18 11:56:46 - [MESSAGE][INFO] - Found 1 web elements with id: 'Object Repository/Popup/Popup' located by 'By.cssSelector: .bootbox-body' in '10' second(s)

2021-11-18 11:56:46 - [MESSAGE][PASSED] - Object 'Object Repository/Popup/Popup' is visible

2021-11-18 11:56:46 - [TEST_STEP][PASSED] - if (!(getText(findTestObject("Popup/Popup")).contains(Mesaj))): Text of object 'Object Repository/Popup/Popup' is: '17432 no’lu talebiniz işleme alınmıştır. Raporunuz hazırlandığında (elogotest@gmail.com;ali.kara@logo.com.tr) adresinize mail gönderilecektir.
Rapor durumunuzu Raporlar > Toplu Veri İndirme ekranından takip edebilir, hazırlandı durumundaki raporlarınızı ilgili menüden indirebilirsiniz.'

2021-11-18 11:56:46 - [MESSAGE][INFO] - Finding Test Object 'Object Repository/Popup/Popup'

2021-11-18 11:56:47 - [MESSAGE][INFO] - Checking object

2021-11-18 11:56:47 - [MESSAGE][INFO] - Finding web element from Test Object's properties

2021-11-18 11:56:47 - [MESSAGE][INFO] - Checking timeout

2021-11-18 11:56:47 - [MESSAGE][INFO] - Finding web element with id: 'Object Repository/Popup/Popup' located by 'By.cssSelector: .bootbox-body' in '30' second(s)

2021-11-18 11:56:47 - [MESSAGE][INFO] - Smart Wait Function is triggered

2021-11-18 11:56:47 - [MESSAGE][INFO] - Found 1 web elements with id: 'Object Repository/Popup/Popup' located by 'By.cssSelector: .bootbox-body' in '30' second(s)

2021-11-18 11:56:47 - [MESSAGE][INFO] - Getting text of object 'Object Repository/Popup/Popup'

2021-11-18 11:56:47 - [MESSAGE][PASSED] - Text of object 'Object Repository/Popup/Popup' is: '17432 no’lu talebiniz işleme alınmıştır. Raporunuz hazırlandığında (elogotest@gmail.com;ali.kara@logo.com.tr) adresinize mail gönderilecektir.
Rapor durumunuzu Raporlar > Toplu Veri İndirme ekranından takip edebilir, hazırlandı durumundaki raporlarınızı ilgili menüden indirebilirsiniz.'

2021-11-18 11:56:47 - [TEST_STEP][PASSED] - RaporNo = getText(findTestObject("Popup/Popup")).substring(0, 6): Text of object 'Object Repository/Popup/Popup' is: '17432 no’lu talebiniz işleme alınmıştır. Raporunuz hazırlandığında (elogotest@gmail.com;ali.kara@logo.com.tr) adresinize mail gönderilecektir.
Rapor durumunuzu Raporlar > Toplu Veri İndirme ekranından takip edebilir, hazırlandı durumundaki raporlarınızı ilgili menüden indirebilirsiniz.'

2021-11-18 11:56:47 - [MESSAGE][INFO] - Finding Test Object 'Object Repository/Popup/Popup'

2021-11-18 11:56:47 - [MESSAGE][INFO] - Checking object

2021-11-18 11:56:47 - [MESSAGE][INFO] - Finding web element from Test Object's properties

2021-11-18 11:56:47 - [MESSAGE][INFO] - Checking timeout

2021-11-18 11:56:47 - [MESSAGE][INFO] - Finding web element with id: 'Object Repository/Popup/Popup' located by 'By.cssSelector: .bootbox-body' in '30' second(s)

2021-11-18 11:56:47 - [MESSAGE][INFO] - Smart Wait Function is triggered

2021-11-18 11:56:47 - [MESSAGE][INFO] - Found 1 web elements with id: 'Object Repository/Popup/Popup' located by 'By.cssSelector: .bootbox-body' in '30' second(s)

2021-11-18 11:56:47 - [MESSAGE][INFO] - Getting text of object 'Object Repository/Popup/Popup'

2021-11-18 11:56:47 - [MESSAGE][PASSED] - Text of object 'Object Repository/Popup/Popup' is: '17432 no’lu talebiniz işleme alınmıştır. Raporunuz hazırlandığında (elogotest@gmail.com;ali.kara@logo.com.tr) adresinize mail gönderilecektir.
Rapor durumunuzu Raporlar > Toplu Veri İndirme ekranından takip edebilir, hazırlandı durumundaki raporlarınızı ilgili menüden indirebilirsiniz.'

2021-11-18 11:56:47 - [TEST_STEP][PASSED] - Console.println(RaporNo): null

2021-11-18 11:56:47 - [MESSAGE][PASSED] - Call Test Case 'Test Cases/Popup/PopupMesajiIceriyorMu' successfully

2021-11-18 11:56:47 - [MESSAGE][INFO] - Checking called Test Case

2021-11-18 11:56:47 - [MESSAGE][INFO] - Starting to call Test Case 'Test Cases/Popup/PopupButonSecilir'

2021-11-18 11:56:47 - [TEST_CASE][PASSED] - Test Cases/Popup/PopupButonSecilir: Test Cases/Popup/PopupButonSecilir

2021-11-18 11:56:47 - [TEST_STEP][PASSED] - Method.TextDegerineEsitElementeTikla(findTestObject("Popup/Popup_Butons"), Buton): Method.TextDegerineEsitElementeTikla is PASSED

2021-11-18 11:56:47 - [MESSAGE][INFO] - Finding Test Object 'Object Repository/Popup/Popup_Butons'

2021-11-18 11:56:47 - [MESSAGE][INFO] - Checking timeout

2021-11-18 11:56:47 - [MESSAGE][INFO] - Finding web element with id: 'Object Repository/Popup/Popup_Butons' located by 'By.cssSelector: .modal-footer>button' in '10' second(s)

2021-11-18 11:56:47 - [MESSAGE][INFO] - Smart Wait Function is triggered

2021-11-18 11:56:48 - [MESSAGE][INFO] - Found 1 web elements with id: 'Object Repository/Popup/Popup_Butons' located by 'By.cssSelector: .modal-footer>button' in '10' second(s)

2021-11-18 11:56:48 - [MESSAGE][PASSED] - Method.TextDegerineEsitElementeTikla is PASSED

2021-11-18 11:56:48 - [MESSAGE][PASSED] - Call Test Case 'Test Cases/Popup/PopupButonSecilir' successfully

2021-11-18 11:56:48 - [MESSAGE][INFO] - Checking called Test Case

2021-11-18 11:56:48 - [MESSAGE][INFO] - Starting to call Test Case 'Test Cases/Butonlar/ButonaTikla'

2021-11-18 11:56:48 - [TEST_CASE][PASSED] - Test Cases/Butonlar/ButonaTikla: Test Cases/Butonlar/ButonaTikla

2021-11-18 11:56:48 - [TEST_STEP][PASSED] - Method.TextDegerineEsitElementeTiklaEquals(findTestObject("Butonlar/Butonlar"), Buton_Adi): Method.TextDegerineEsitElementeTiklaEquals is PASSED

2021-11-18 11:56:48 - [MESSAGE][INFO] - Finding Test Object 'Object Repository/Butonlar/Butonlar'

2021-11-18 11:56:48 - [MESSAGE][INFO] - Checking timeout

2021-11-18 11:56:48 - [MESSAGE][INFO] - Finding web element with id: 'Object Repository/Butonlar/Butonlar' located by 'By.cssSelector: .panel.panel-default.text-center.footerPanel .btn,.btn.btn-primary.btnControls' in '10' second(s)

2021-11-18 11:56:48 - [MESSAGE][INFO] - Smart Wait Function is triggered

2021-11-18 11:56:49 - [MESSAGE][INFO] - Found 6 web elements with id: 'Object Repository/Butonlar/Butonlar' located by 'By.cssSelector: .panel.panel-default.text-center.footerPanel .btn,.btn.btn-primary.btnControls' in '10' second(s)

2021-11-18 11:56:49 - [MESSAGE][PASSED] - Method.TextDegerineEsitElementeTiklaEquals is PASSED

2021-11-18 11:56:49 - [MESSAGE][PASSED] - Call Test Case 'Test Cases/Butonlar/ButonaTikla' successfully

2021-11-18 11:56:49 - [MESSAGE][INFO] - Checking called Test Case

2021-11-18 11:56:49 - [MESSAGE][INFO] - Starting to call Test Case 'Test Cases/Butonlar/AltButonaTikla'

2021-11-18 11:56:49 - [TEST_CASE][PASSED] - Test Cases/Butonlar/AltButonaTikla: Test Cases/Butonlar/AltButonaTikla

2021-11-18 11:56:49 - [TEST_STEP][PASSED] - Method.TextDegerineEsitElementeTikla(findTestObject("Butonlar/AltButonlar"), Alt_Buton): Method.TextDegerineEsitElementeTikla is PASSED

2021-11-18 11:56:49 - [MESSAGE][INFO] - Finding Test Object 'Object Repository/Butonlar/AltButonlar'

2021-11-18 11:56:49 - [MESSAGE][INFO] - Checking timeout

2021-11-18 11:56:49 - [MESSAGE][INFO] - Finding web element with id: 'Object Repository/Butonlar/AltButonlar' located by 'By.cssSelector: .btn-group.open li>a' in '10' second(s)

2021-11-18 11:56:49 - [MESSAGE][INFO] - Smart Wait Function is triggered

2021-11-18 11:56:49 - [MESSAGE][INFO] - Found 2 web elements with id: 'Object Repository/Butonlar/AltButonlar' located by 'By.cssSelector: .btn-group.open li>a' in '10' second(s)

2021-11-18 11:56:49 - [MESSAGE][PASSED] - Method.TextDegerineEsitElementeTikla is PASSED

2021-11-18 11:56:49 - [MESSAGE][PASSED] - Call Test Case 'Test Cases/Butonlar/AltButonaTikla' successfully

2021-11-18 11:56:49 - [MESSAGE][INFO] - Checking called Test Case

2021-11-18 11:56:49 - [MESSAGE][INFO] - Starting to call Test Case 'Test Cases/Popup/PopupMesajiIceriyorMu'

2021-11-18 11:56:49 - [TEST_CASE][PASSED] - Test Cases/Popup/PopupMesajiIceriyorMu: Test Cases/Popup/PopupMesajiIceriyorMu

2021-11-18 11:56:49 - [TEST_STEP][PASSED] - waitForElementVisible(findTestObject("Popup/Popup"), 10): Object 'Object Repository/Popup/Popup' is visible

2021-11-18 11:56:49 - [MESSAGE][INFO] - Finding Test Object 'Object Repository/Popup/Popup'

2021-11-18 11:56:49 - [MESSAGE][INFO] - Checking object

2021-11-18 11:56:49 - [MESSAGE][INFO] - Checking timeout

2021-11-18 11:56:49 - [MESSAGE][INFO] - Finding web element from Test Object's properties

2021-11-18 11:56:49 - [MESSAGE][INFO] - Checking timeout

2021-11-18 11:56:49 - [MESSAGE][INFO] - Finding web element with id: 'Object Repository/Popup/Popup' located by 'By.cssSelector: .bootbox-body' in '10' second(s)

2021-11-18 11:56:49 - [MESSAGE][INFO] - Smart Wait Function is triggered

2021-11-18 11:56:50 - [MESSAGE][INFO] - Found 1 web elements with id: 'Object Repository/Popup/Popup' located by 'By.cssSelector: .bootbox-body' in '10' second(s)

2021-11-18 11:56:50 - [MESSAGE][PASSED] - Object 'Object Repository/Popup/Popup' is visible

2021-11-18 11:56:50 - [TEST_STEP][PASSED] - if (!(getText(findTestObject("Popup/Popup")).contains(Mesaj))): Text of object 'Object Repository/Popup/Popup' is: 'Lütfen rapor bildiriminin gönderileceği e-posta adresini belirtiniz.
e-Posta Adresi'

2021-11-18 11:56:50 - [MESSAGE][INFO] - Finding Test Object 'Object Repository/Popup/Popup'

2021-11-18 11:56:50 - [MESSAGE][INFO] - Checking object

2021-11-18 11:56:50 - [MESSAGE][INFO] - Finding web element from Test Object's properties

2021-11-18 11:56:50 - [MESSAGE][INFO] - Checking timeout

2021-11-18 11:56:50 - [MESSAGE][INFO] - Finding web element with id: 'Object Repository/Popup/Popup' located by 'By.cssSelector: .bootbox-body' in '30' second(s)

2021-11-18 11:56:50 - [MESSAGE][INFO] - Smart Wait Function is triggered

2021-11-18 11:56:50 - [MESSAGE][INFO] - Found 1 web elements with id: 'Object Repository/Popup/Popup' located by 'By.cssSelector: .bootbox-body' in '30' second(s)

2021-11-18 11:56:50 - [MESSAGE][INFO] - Getting text of object 'Object Repository/Popup/Popup'

2021-11-18 11:56:50 - [MESSAGE][PASSED] - Text of object 'Object Repository/Popup/Popup' is: 'Lütfen rapor bildiriminin gönderileceği e-posta adresini belirtiniz.
e-Posta Adresi'

2021-11-18 11:56:50 - [TEST_STEP][PASSED] - RaporNo = getText(findTestObject("Popup/Popup")).substring(0, 6): Text of object 'Object Repository/Popup/Popup' is: 'Lütfen rapor bildiriminin gönderileceği e-posta adresini belirtiniz.
e-Posta Adresi'

2021-11-18 11:56:50 - [MESSAGE][INFO] - Finding Test Object 'Object Repository/Popup/Popup'

2021-11-18 11:56:50 - [MESSAGE][INFO] - Checking object

2021-11-18 11:56:50 - [MESSAGE][INFO] - Finding web element from Test Object's properties

2021-11-18 11:56:50 - [MESSAGE][INFO] - Checking timeout

2021-11-18 11:56:50 - [MESSAGE][INFO] - Finding web element with id: 'Object Repository/Popup/Popup' located by 'By.cssSelector: .bootbox-body' in '30' second(s)

2021-11-18 11:56:50 - [MESSAGE][INFO] - Smart Wait Function is triggered

2021-11-18 11:56:50 - [MESSAGE][INFO] - Found 1 web elements with id: 'Object Repository/Popup/Popup' located by 'By.cssSelector: .bootbox-body' in '30' second(s)

2021-11-18 11:56:50 - [MESSAGE][INFO] - Getting text of object 'Object Repository/Popup/Popup'

2021-11-18 11:56:50 - [MESSAGE][PASSED] - Text of object 'Object Repository/Popup/Popup' is: 'Lütfen rapor bildiriminin gönderileceği e-posta adresini belirtiniz.
e-Posta Adresi'

2021-11-18 11:56:50 - [TEST_STEP][PASSED] - Console.println(RaporNo): null

2021-11-18 11:56:50 - [MESSAGE][PASSED] - Call Test Case 'Test Cases/Popup/PopupMesajiIceriyorMu' successfully

2021-11-18 11:56:51 - [MESSAGE][INFO] - Checking called Test Case

2021-11-18 11:56:51 - [MESSAGE][INFO] - Starting to call Test Case 'Test Cases/Popup/PopupaEmailEklenir'

2021-11-18 11:56:51 - [TEST_CASE][PASSED] - Test Cases/Popup/PopupaEmailEklenir: Test Cases/Popup/PopupaEmailEklenir

2021-11-18 11:56:51 - [TEST_STEP][PASSED] - clearText(findTestObject("Popup/EmailText")): Text of object 'Object Repository/Popup/EmailText' is cleared

2021-11-18 11:56:51 - [MESSAGE][INFO] - Finding Test Object 'Object Repository/Popup/EmailText'

2021-11-18 11:56:51 - [MESSAGE][INFO] - Checking object

2021-11-18 11:56:51 - [MESSAGE][INFO] - Finding web element from Test Object's properties

2021-11-18 11:56:51 - [MESSAGE][INFO] - Checking timeout

2021-11-18 11:56:51 - [MESSAGE][INFO] - Finding web element with id: 'Object Repository/Popup/EmailText' located by 'By.xpath: //*[@id="eMails"]' in '30' second(s)

2021-11-18 11:56:51 - [MESSAGE][INFO] - Smart Wait Function is triggered

2021-11-18 11:56:51 - [MESSAGE][INFO] - Found 1 web elements with id: 'Object Repository/Popup/EmailText' located by 'By.xpath: //*[@id="eMails"]' in '30' second(s)

2021-11-18 11:56:51 - [MESSAGE][INFO] - Clearing text of object 'Object Repository/Popup/EmailText'

2021-11-18 11:56:51 - [MESSAGE][PASSED] - Text of object 'Object Repository/Popup/EmailText' is cleared

2021-11-18 11:56:51 - [TEST_STEP][PASSED] - sendKeys(findTestObject("Popup/EmailText"), Email): Keys 'elogotest@gmail.com;ali.kara@logo.com.tr' sent to object: 'Object Repository/Popup/EmailText'

2021-11-18 11:56:51 - [MESSAGE][INFO] - Finding Test Object 'Object Repository/Popup/EmailText'

2021-11-18 11:56:51 - [MESSAGE][INFO] - Sending keys 'elogotest@gmail.com;ali.kara@logo.com.tr' to object: 'Object Repository/Popup/EmailText'

2021-11-18 11:56:51 - [MESSAGE][INFO] - Finding web element from Test Object's properties

2021-11-18 11:56:51 - [MESSAGE][INFO] - Checking timeout

2021-11-18 11:56:51 - [MESSAGE][INFO] - Finding web element with id: 'Object Repository/Popup/EmailText' located by 'By.xpath: //*[@id="eMails"]' in '30' second(s)

2021-11-18 11:56:51 - [MESSAGE][INFO] - Smart Wait Function is triggered

2021-11-18 11:56:51 - [MESSAGE][INFO] - Found 1 web elements with id: 'Object Repository/Popup/EmailText' located by 'By.xpath: //*[@id="eMails"]' in '30' second(s)

2021-11-18 11:56:51 - [MESSAGE][PASSED] - Keys 'elogotest@gmail.com;ali.kara@logo.com.tr' sent to object: 'Object Repository/Popup/EmailText'

2021-11-18 11:56:51 - [MESSAGE][PASSED] - Call Test Case 'Test Cases/Popup/PopupaEmailEklenir' successfully

2021-11-18 11:56:51 - [MESSAGE][INFO] - Checking called Test Case

2021-11-18 11:56:51 - [MESSAGE][INFO] - Starting to call Test Case 'Test Cases/Popup/PopupButonSecilir'

2021-11-18 11:56:51 - [TEST_CASE][PASSED] - Test Cases/Popup/PopupButonSecilir: Test Cases/Popup/PopupButonSecilir

2021-11-18 11:56:51 - [TEST_STEP][PASSED] - Method.TextDegerineEsitElementeTikla(findTestObject("Popup/Popup_Butons"), Buton): Method.TextDegerineEsitElementeTikla is PASSED

2021-11-18 11:56:51 - [MESSAGE][INFO] - Finding Test Object 'Object Repository/Popup/Popup_Butons'

2021-11-18 11:56:52 - [MESSAGE][INFO] - Checking timeout

2021-11-18 11:56:52 - [MESSAGE][INFO] - Finding web element with id: 'Object Repository/Popup/Popup_Butons' located by 'By.cssSelector: .modal-footer>button' in '10' second(s)

2021-11-18 11:56:52 - [MESSAGE][INFO] - Smart Wait Function is triggered

2021-11-18 11:56:52 - [MESSAGE][INFO] - Found 2 web elements with id: 'Object Repository/Popup/Popup_Butons' located by 'By.cssSelector: .modal-footer>button' in '10' second(s)

2021-11-18 11:56:52 - [MESSAGE][PASSED] - Method.TextDegerineEsitElementeTikla is PASSED

2021-11-18 11:56:52 - [MESSAGE][PASSED] - Call Test Case 'Test Cases/Popup/PopupButonSecilir' successfully

2021-11-18 11:56:52 - [MESSAGE][INFO] - Checking called Test Case

2021-11-18 11:56:52 - [MESSAGE][INFO] - Starting to call Test Case 'Test Cases/Popup/PopupMesajiIceriyorMu'

2021-11-18 11:56:52 - [TEST_CASE][PASSED] - Test Cases/Popup/PopupMesajiIceriyorMu: Test Cases/Popup/PopupMesajiIceriyorMu

2021-11-18 11:56:52 - [TEST_STEP][PASSED] - waitForElementVisible(findTestObject("Popup/Popup"), 10): Object 'Object Repository/Popup/Popup' is visible

2021-11-18 11:56:52 - [MESSAGE][INFO] - Finding Test Object 'Object Repository/Popup/Popup'

2021-11-18 11:56:52 - [MESSAGE][INFO] - Checking object

2021-11-18 11:56:52 - [MESSAGE][INFO] - Checking timeout

2021-11-18 11:56:52 - [MESSAGE][INFO] - Finding web element from Test Object's properties

2021-11-18 11:56:52 - [MESSAGE][INFO] - Checking timeout

2021-11-18 11:56:52 - [MESSAGE][INFO] - Finding web element with id: 'Object Repository/Popup/Popup' located by 'By.cssSelector: .bootbox-body' in '10' second(s)

2021-11-18 11:56:52 - [MESSAGE][INFO] - Smart Wait Function is triggered

2021-11-18 11:56:53 - [MESSAGE][INFO] - Found 1 web elements with id: 'Object Repository/Popup/Popup' located by 'By.cssSelector: .bootbox-body' in '10' second(s)

2021-11-18 11:56:53 - [MESSAGE][PASSED] - Object 'Object Repository/Popup/Popup' is visible

2021-11-18 11:56:53 - [TEST_STEP][PASSED] - if (!(getText(findTestObject("Popup/Popup")).contains(Mesaj))): Text of object 'Object Repository/Popup/Popup' is: '17433 no’lu talebiniz işleme alınmıştır. Raporunuz hazırlandığında (elogotest@gmail.com;ali.kara@logo.com.tr) adresinize mail gönderilecektir.
Rapor durumunuzu Raporlar > Toplu Veri İndirme ekranından takip edebilir, hazırlandı durumundaki raporlarınızı ilgili menüden indirebilirsiniz.'

2021-11-18 11:56:53 - [MESSAGE][INFO] - Finding Test Object 'Object Repository/Popup/Popup'

2021-11-18 11:56:53 - [MESSAGE][INFO] - Checking object

2021-11-18 11:56:53 - [MESSAGE][INFO] - Finding web element from Test Object's properties

2021-11-18 11:56:53 - [MESSAGE][INFO] - Checking timeout

2021-11-18 11:56:53 - [MESSAGE][INFO] - Finding web element with id: 'Object Repository/Popup/Popup' located by 'By.cssSelector: .bootbox-body' in '30' second(s)

2021-11-18 11:56:53 - [MESSAGE][INFO] - Smart Wait Function is triggered

2021-11-18 11:56:53 - [MESSAGE][INFO] - Found 1 web elements with id: 'Object Repository/Popup/Popup' located by 'By.cssSelector: .bootbox-body' in '30' second(s)

2021-11-18 11:56:53 - [MESSAGE][INFO] - Getting text of object 'Object Repository/Popup/Popup'

2021-11-18 11:56:53 - [MESSAGE][PASSED] - Text of object 'Object Repository/Popup/Popup' is: '17433 no’lu talebiniz işleme alınmıştır. Raporunuz hazırlandığında (elogotest@gmail.com;ali.kara@logo.com.tr) adresinize mail gönderilecektir.
Rapor durumunuzu Raporlar > Toplu Veri İndirme ekranından takip edebilir, hazırlandı durumundaki raporlarınızı ilgili menüden indirebilirsiniz.'

2021-11-18 11:56:53 - [TEST_STEP][PASSED] - RaporNo = getText(findTestObject("Popup/Popup")).substring(0, 6): Text of object 'Object Repository/Popup/Popup' is: '17433 no’lu talebiniz işleme alınmıştır. Raporunuz hazırlandığında (elogotest@gmail.com;ali.kara@logo.com.tr) adresinize mail gönderilecektir.
Rapor durumunuzu Raporlar > Toplu Veri İndirme ekranından takip edebilir, hazırlandı durumundaki raporlarınızı ilgili menüden indirebilirsiniz.'

2021-11-18 11:56:53 - [MESSAGE][INFO] - Finding Test Object 'Object Repository/Popup/Popup'

2021-11-18 11:56:53 - [MESSAGE][INFO] - Checking object

2021-11-18 11:56:53 - [MESSAGE][INFO] - Finding web element from Test Object's properties

2021-11-18 11:56:53 - [MESSAGE][INFO] - Checking timeout

2021-11-18 11:56:53 - [MESSAGE][INFO] - Finding web element with id: 'Object Repository/Popup/Popup' located by 'By.cssSelector: .bootbox-body' in '30' second(s)

2021-11-18 11:56:53 - [MESSAGE][INFO] - Smart Wait Function is triggered

2021-11-18 11:56:53 - [MESSAGE][INFO] - Found 1 web elements with id: 'Object Repository/Popup/Popup' located by 'By.cssSelector: .bootbox-body' in '30' second(s)

2021-11-18 11:56:53 - [MESSAGE][INFO] - Getting text of object 'Object Repository/Popup/Popup'

2021-11-18 11:56:53 - [MESSAGE][PASSED] - Text of object 'Object Repository/Popup/Popup' is: '17433 no’lu talebiniz işleme alınmıştır. Raporunuz hazırlandığında (elogotest@gmail.com;ali.kara@logo.com.tr) adresinize mail gönderilecektir.
Rapor durumunuzu Raporlar > Toplu Veri İndirme ekranından takip edebilir, hazırlandı durumundaki raporlarınızı ilgili menüden indirebilirsiniz.'

2021-11-18 11:56:53 - [TEST_STEP][PASSED] - Console.println(RaporNo): null

2021-11-18 11:56:53 - [MESSAGE][PASSED] - Call Test Case 'Test Cases/Popup/PopupMesajiIceriyorMu' successfully

2021-11-18 11:56:53 - [MESSAGE][INFO] - Checking called Test Case

2021-11-18 11:56:53 - [MESSAGE][INFO] - Starting to call Test Case 'Test Cases/Popup/PopupButonSecilir'

2021-11-18 11:56:54 - [TEST_CASE][PASSED] - Test Cases/Popup/PopupButonSecilir: Test Cases/Popup/PopupButonSecilir

2021-11-18 11:56:54 - [TEST_STEP][PASSED] - Method.TextDegerineEsitElementeTikla(findTestObject("Popup/Popup_Butons"), Buton): Method.TextDegerineEsitElementeTikla is PASSED

2021-11-18 11:56:54 - [MESSAGE][INFO] - Finding Test Object 'Object Repository/Popup/Popup_Butons'

2021-11-18 11:56:54 - [MESSAGE][INFO] - Checking timeout

2021-11-18 11:56:54 - [MESSAGE][INFO] - Finding web element with id: 'Object Repository/Popup/Popup_Butons' located by 'By.cssSelector: .modal-footer>button' in '10' second(s)

2021-11-18 11:56:54 - [MESSAGE][INFO] - Smart Wait Function is triggered

2021-11-18 11:56:54 - [MESSAGE][INFO] - Found 1 web elements with id: 'Object Repository/Popup/Popup_Butons' located by 'By.cssSelector: .modal-footer>button' in '10' second(s)

2021-11-18 11:56:54 - [MESSAGE][PASSED] - Method.TextDegerineEsitElementeTikla is PASSED

2021-11-18 11:56:54 - [MESSAGE][PASSED] - Call Test Case 'Test Cases/Popup/PopupButonSecilir' successfully

2021-11-18 11:56:54 - [MESSAGE][INFO] - Checking called Test Case

2021-11-18 11:56:54 - [MESSAGE][INFO] - Starting to call Test Case 'Test Cases/Menu/AnaMenuSecimi'

2021-11-18 11:56:54 - [TEST_CASE][PASSED] - Test Cases/Menu/AnaMenuSecimi: Test Cases/Menu/AnaMenuSecimi

2021-11-18 11:56:54 - [TEST_STEP][PASSED] - Method.TextDegerineEsitElementeTikla(findTestObject("Menu/Ana_Menu"), Ana_Menu): Method.TextDegerineEsitElementeTikla is PASSED

2021-11-18 11:56:54 - [MESSAGE][INFO] - Finding Test Object 'Object Repository/Menu/Ana_Menu'

2021-11-18 11:56:54 - [MESSAGE][INFO] - Checking timeout

2021-11-18 11:56:54 - [MESSAGE][INFO] - Finding web element with id: 'Object Repository/Menu/Ana_Menu' located by 'By.xpath: //*[@class = 'dropdown-toggle']' in '10' second(s)

2021-11-18 11:56:54 - [MESSAGE][INFO] - Smart Wait Function is triggered

2021-11-18 11:56:55 - [MESSAGE][INFO] - Found 14 web elements with id: 'Object Repository/Menu/Ana_Menu' located by 'By.xpath: //*[@class = 'dropdown-toggle']' in '10' second(s)

2021-11-18 11:56:55 - [MESSAGE][PASSED] - Method.TextDegerineEsitElementeTikla is PASSED

2021-11-18 11:56:55 - [MESSAGE][PASSED] - Call Test Case 'Test Cases/Menu/AnaMenuSecimi' successfully

2021-11-18 11:56:55 - [MESSAGE][INFO] - Checking called Test Case

2021-11-18 11:56:55 - [MESSAGE][INFO] - Starting to call Test Case 'Test Cases/Menu/AltMenuSecimi'

2021-11-18 11:56:55 - [TEST_CASE][PASSED] - Test Cases/Menu/AltMenuSecimi: Test Cases/Menu/AltMenuSecimi

2021-11-18 11:56:55 - [TEST_STEP][PASSED] - Method.TextDegerineEsitElementeTikla(findTestObject("Menu/Alt_Menu"), Alt_Menu): Method.TextDegerineEsitElementeTikla is PASSED

2021-11-18 11:56:55 - [MESSAGE][INFO] - Finding Test Object 'Object Repository/Menu/Alt_Menu'

2021-11-18 11:56:55 - [MESSAGE][INFO] - Checking timeout

2021-11-18 11:56:55 - [MESSAGE][INFO] - Finding web element with id: 'Object Repository/Menu/Alt_Menu' located by 'By.xpath: //li[@class='dropdown dropdown-large open']//li[@class='dropdown-element']' in '10' second(s)

2021-11-18 11:56:55 - [MESSAGE][INFO] - Smart Wait Function is triggered

2021-11-18 11:56:55 - [MESSAGE][INFO] - Found 9 web elements with id: 'Object Repository/Menu/Alt_Menu' located by 'By.xpath: //li[@class='dropdown dropdown-large open']//li[@class='dropdown-element']' in '10' second(s)

2021-11-18 11:56:56 - [MESSAGE][PASSED] - Method.TextDegerineEsitElementeTikla is PASSED

2021-11-18 11:56:56 - [MESSAGE][PASSED] - Call Test Case 'Test Cases/Menu/AltMenuSecimi' successfully

2021-11-18 11:56:56 - [MESSAGE][INFO] - Checking called Test Case

2021-11-18 11:56:56 - [MESSAGE][INFO] - Starting to call Test Case 'Test Cases/Filtreler/RaporNoYaz'

2021-11-18 11:56:56 - [TEST_CASE][PASSED] - Test Cases/Filtreler/RaporNoYaz: Test Cases/Filtreler/RaporNoYaz

2021-11-18 11:56:56 - [TEST_STEP][PASSED] - Method.TextDegerineEsitElementinAltindakiTextboxtaYaz(findTestObject("Filtreler/Basliklar"), findTestObject("Filtreler/Basliga_Gore_Textbox"), "Talep No", RaporNo): Method.TextDegerineEsitElementinAltindakiTextboxtaYaz is PASSED

2021-11-18 11:56:56 - [MESSAGE][INFO] - Finding Test Object 'Object Repository/Filtreler/Basliklar'

2021-11-18 11:56:56 - [MESSAGE][INFO] - Finding Test Object 'Object Repository/Filtreler/Basliga_Gore_Textbox'

2021-11-18 11:56:57 - [MESSAGE][INFO] - Checking timeout

2021-11-18 11:56:57 - [MESSAGE][INFO] - Finding web element with id: 'Object Repository/Filtreler/Basliklar' located by 'By.cssSelector: .control-label.col-sm-4.paddingMarginRLC' in '10' second(s)

2021-11-18 11:56:57 - [MESSAGE][INFO] - Smart Wait Function is triggered

2021-11-18 11:56:57 - [MESSAGE][INFO] - Found 8 web elements with id: 'Object Repository/Filtreler/Basliklar' located by 'By.cssSelector: .control-label.col-sm-4.paddingMarginRLC' in '10' second(s)

2021-11-18 11:56:57 - [MESSAGE][INFO] - Smart Wait Function is triggered

2021-11-18 11:56:57 - [MESSAGE][PASSED] - Method.TextDegerineEsitElementinAltindakiTextboxtaYaz is PASSED

2021-11-18 11:56:57 - [MESSAGE][PASSED] - Call Test Case 'Test Cases/Filtreler/RaporNoYaz' successfully

2021-11-18 11:56:57 - [MESSAGE][INFO] - Checking called Test Case

2021-11-18 11:56:57 - [MESSAGE][INFO] - Starting to call Test Case 'Test Cases/Filtreler/ButonaTikla'

2021-11-18 11:56:57 - [TEST_CASE][PASSED] - Test Cases/Filtreler/ButonaTikla: Test Cases/Filtreler/ButonaTikla

2021-11-18 11:56:57 - [TEST_STEP][PASSED] - Method.TextDegerineEsitElementeTikla(findTestObject("Filtreler/Butonlar"), Filtre_Buton): Method.TextDegerineEsitElementeTikla is PASSED

2021-11-18 11:56:57 - [MESSAGE][INFO] - Finding Test Object 'Object Repository/Filtreler/Butonlar'

2021-11-18 11:56:57 - [MESSAGE][INFO] - Checking timeout

2021-11-18 11:56:57 - [MESSAGE][INFO] - Finding web element with id: 'Object Repository/Filtreler/Butonlar' located by 'By.cssSelector: .dxb>span' in '10' second(s)

2021-11-18 11:56:57 - [MESSAGE][INFO] - Smart Wait Function is triggered

2021-11-18 11:56:58 - [MESSAGE][INFO] - Found 2 web elements with id: 'Object Repository/Filtreler/Butonlar' located by 'By.cssSelector: .dxb>span' in '10' second(s)

2021-11-18 11:56:58 - [MESSAGE][PASSED] - Method.TextDegerineEsitElementeTikla is PASSED

2021-11-18 11:56:58 - [MESSAGE][PASSED] - Call Test Case 'Test Cases/Filtreler/ButonaTikla' successfully

2021-11-18 11:56:58 - [MESSAGE][INFO] - Checking called Test Case

2021-11-18 11:56:58 - [MESSAGE][INFO] - Starting to call Test Case 'Test Cases/Tablo/TablodaVeriVarMi'

2021-11-18 11:56:58 - [TEST_CASE][PASSED] - Test Cases/Tablo/TablodaVeriVarMi: Test Cases/Tablo/TablodaVeriVarMi

2021-11-18 11:56:58 - [TEST_STEP][PASSED] - verifyTextNotPresent("Görüntülenecek veri yok", true): Text 'Görüntülenecek veri yok' is not present on page using regular expression

2021-11-18 11:56:58 - [MESSAGE][INFO] - Checking text present  using regular expression

2021-11-18 11:56:58 - [MESSAGE][INFO] - Smart Wait Function is triggered

2021-11-18 11:56:58 - [MESSAGE][INFO] - Finding text 'Görüntülenecek veri yok' on page  using regular expression

2021-11-18 11:56:58 - [MESSAGE][PASSED] - Text 'Görüntülenecek veri yok' is not present on page using regular expression

2021-11-18 11:56:58 - [MESSAGE][PASSED] - Call Test Case 'Test Cases/Tablo/TablodaVeriVarMi' successfully

2021-11-18 11:56:58 - [MESSAGE][INFO] - Checking called Test Case

2021-11-18 11:56:58 - [MESSAGE][INFO] - Starting to call Test Case 'Test Cases/Kullanici_Islemleri/KullaniciIslemlerindenSecimYapilir'

2021-11-18 11:56:59 - [TEST_CASE][PASSED] - Test Cases/Kullanici_Islemleri/KullaniciIslemlerindenSecimYapilir: Test Cases/Kullanici_Islemleri/KullaniciIslemlerindenSecimYapilir

2021-11-18 11:56:59 - [TEST_STEP][PASSED] - waitForElementClickable(findTestObject("Object Repository/Kullanici_Islemleri/KullaniciIslemleri"), 10): Object 'Object Repository/Kullanici_Islemleri/KullaniciIslemleri' is clickable

2021-11-18 11:56:59 - [MESSAGE][INFO] - Finding Test Object 'Object Repository/Kullanici_Islemleri/KullaniciIslemleri'

2021-11-18 11:56:59 - [MESSAGE][INFO] - Checking object

2021-11-18 11:56:59 - [MESSAGE][INFO] - Checking timeout

2021-11-18 11:56:59 - [MESSAGE][INFO] - Finding web element from Test Object's properties

2021-11-18 11:56:59 - [MESSAGE][INFO] - Checking timeout

2021-11-18 11:56:59 - [MESSAGE][INFO] - Finding web element with id: 'Object Repository/Kullanici_Islemleri/KullaniciIslemleri' located by 'By.cssSelector: .dropdown>a>img' in '10' second(s)

2021-11-18 11:56:59 - [MESSAGE][INFO] - Smart Wait Function is triggered

2021-11-18 11:56:59 - [MESSAGE][INFO] - Found 1 web elements with id: 'Object Repository/Kullanici_Islemleri/KullaniciIslemleri' located by 'By.cssSelector: .dropdown>a>img' in '10' second(s)

2021-11-18 11:56:59 - [MESSAGE][PASSED] - Object 'Object Repository/Kullanici_Islemleri/KullaniciIslemleri' is clickable

2021-11-18 11:56:59 - [TEST_STEP][PASSED] - click(findTestObject("Object Repository/Kullanici_Islemleri/KullaniciIslemleri")): Object: 'Object Repository/Kullanici_Islemleri/KullaniciIslemleri' is clicked on

2021-11-18 11:56:59 - [MESSAGE][INFO] - Finding Test Object 'Object Repository/Kullanici_Islemleri/KullaniciIslemleri'

2021-11-18 11:56:59 - [MESSAGE][INFO] - Checking object

2021-11-18 11:56:59 - [MESSAGE][INFO] - Finding web element from Test Object's properties

2021-11-18 11:56:59 - [MESSAGE][INFO] - Checking timeout

2021-11-18 11:56:59 - [MESSAGE][INFO] - Finding web element with id: 'Object Repository/Kullanici_Islemleri/KullaniciIslemleri' located by 'By.cssSelector: .dropdown>a>img' in '30' second(s)

2021-11-18 11:56:59 - [MESSAGE][INFO] - Smart Wait Function is triggered

2021-11-18 11:57:00 - [MESSAGE][INFO] - Found 1 web elements with id: 'Object Repository/Kullanici_Islemleri/KullaniciIslemleri' located by 'By.cssSelector: .dropdown>a>img' in '30' second(s)

2021-11-18 11:57:00 - [MESSAGE][INFO] - Clicking on object: 'Object Repository/Kullanici_Islemleri/KullaniciIslemleri'

2021-11-18 11:57:00 - [MESSAGE][PASSED] - Object: 'Object Repository/Kullanici_Islemleri/KullaniciIslemleri' is clicked on

2021-11-18 11:57:00 - [TEST_STEP][PASSED] - Method.TextDegerineEsitElementeTikla(findTestObject("Object Repository/Kullanici_Islemleri/Secenekler"), Islem): Method.TextDegerineEsitElementeTikla is PASSED

2021-11-18 11:57:00 - [MESSAGE][INFO] - Finding Test Object 'Object Repository/Kullanici_Islemleri/Secenekler'

2021-11-18 11:57:00 - [MESSAGE][INFO] - Checking timeout

2021-11-18 11:57:00 - [MESSAGE][INFO] - Finding web element with id: 'Object Repository/Kullanici_Islemleri/Secenekler' located by 'By.cssSelector: .nav.navbar-nav.navbar-right li a' in '10' second(s)

2021-11-18 11:57:00 - [MESSAGE][INFO] - Smart Wait Function is triggered

2021-11-18 11:57:00 - [MESSAGE][INFO] - Found 22 web elements with id: 'Object Repository/Kullanici_Islemleri/Secenekler' located by 'By.cssSelector: .nav.navbar-nav.navbar-right li a' in '10' second(s)

2021-11-18 11:57:01 - [MESSAGE][PASSED] - Method.TextDegerineEsitElementeTikla is PASSED

2021-11-18 11:57:01 - [TEST_STEP][PASSED] - verifyElementNotPresent(findTestObject("Object Repository/Kullanici_Islemleri/Secenekler"), 10): Web element with id: 'Object Repository/Kullanici_Islemleri/Secenekler' located by 'By.cssSelector: .nav.navbar-nav.navbar-right li a' is not present after '10' second(s)

2021-11-18 11:57:01 - [MESSAGE][INFO] - Finding Test Object 'Object Repository/Kullanici_Islemleri/Secenekler'

2021-11-18 11:57:01 - [MESSAGE][INFO] - Checking object

2021-11-18 11:57:01 - [MESSAGE][INFO] - Checking timeout

2021-11-18 11:57:01 - [MESSAGE][INFO] - Finding web element with id: 'Object Repository/Kullanici_Islemleri/Secenekler' located by 'By.cssSelector: .nav.navbar-nav.navbar-right li a' in '10' second(s)

2021-11-18 11:57:01 - [MESSAGE][INFO] - Smart Wait Function is triggered

2021-11-18 11:57:02 - [MESSAGE][PASSED] - Web element with id: 'Object Repository/Kullanici_Islemleri/Secenekler' located by 'By.cssSelector: .nav.navbar-nav.navbar-right li a' is not present after '10' second(s)

2021-11-18 11:57:02 - [MESSAGE][PASSED] - Call Test Case 'Test Cases/Kullanici_Islemleri/KullaniciIslemlerindenSecimYapilir' successfully

2021-11-18 11:57:02 - [TEST_CASE][PASSED] - Start Test Case : SCENARIO Giden Zarf excele aktar: SCENARIO Giden Zarf excele aktar

2021-11-18 11:57:02 - [TEST_STEP][PASSED] - Kullanıcı adı ELOGO6 ve Şifre 123456 olarak giriş yapılır: Kullanıcı adı ELOGO6 ve Şifre 123456 olarak giriş yapılır

2021-11-18 11:57:02 - [MESSAGE][PASSED] - Kullanıcı adı ELOGO6 ve Şifre 123456 olarak giriş yapılır

2021-11-18 11:57:02 - [TEST_STEP][PASSED] - Ana menüden Zarflar seçilir: Ana menüden Zarflar seçilir

2021-11-18 11:57:02 - [MESSAGE][PASSED] - Ana menüden Zarflar seçilir

2021-11-18 11:57:02 - [TEST_STEP][PASSED] - Alt menüden Giden Zarflar seçilir: Alt menüden Giden Zarflar seçilir

2021-11-18 11:57:02 - [MESSAGE][PASSED] - Alt menüden Giden Zarflar seçilir

2021-11-18 11:57:02 - [TEST_STEP][PASSED] - Filtrelerden Oluşturma Tarihi filtresine 01.12.2020 baslangic degerini yaz: Filtrelerden Oluşturma Tarihi filtresine 01.12.2020 baslangic degerini yaz

2021-11-18 11:57:02 - [MESSAGE][PASSED] - Filtrelerden Oluşturma Tarihi filtresine 01.12.2020 baslangic degerini yaz

2021-11-18 11:57:02 - [TEST_STEP][PASSED] - Filtrelerden Oluşturma Tarihi filtresine 31.12.2020 bitis degerini yaz: Filtrelerden Oluşturma Tarihi filtresine 31.12.2020 bitis degerini yaz

2021-11-18 11:57:02 - [MESSAGE][PASSED] - Filtrelerden Oluşturma Tarihi filtresine 31.12.2020 bitis degerini yaz

2021-11-18 11:57:02 - [TEST_STEP][PASSED] - Filtre butonlarından Listele seçilir: Filtre butonlarından Listele seçilir

2021-11-18 11:57:02 - [MESSAGE][PASSED] - Filtre butonlarından Listele seçilir

2021-11-18 11:57:02 - [TEST_STEP][PASSED] - Tabloda veri var mı kontrol edilir: Tabloda veri var mı kontrol edilir

2021-11-18 11:57:02 - [MESSAGE][PASSED] - Tabloda veri var mı kontrol edilir

2021-11-18 11:57:02 - [TEST_STEP][PASSED] - Tablodan Test Kurum 6 isimli veri seçilir: Tablodan Test Kurum 6 isimli veri seçilir

2021-11-18 11:57:02 - [MESSAGE][PASSED] - Tablodan Test Kurum 6 isimli veri seçilir

2021-11-18 11:57:02 - [TEST_STEP][PASSED] - Butonlardan Excel isimli butona tıklanır: Butonlardan Excel isimli butona tıklanır

2021-11-18 11:57:02 - [MESSAGE][PASSED] - Butonlardan Excel isimli butona tıklanır

2021-11-18 11:57:02 - [TEST_STEP][PASSED] - Alt butonlardan Seçilenleri Excel'e Aktar butonuna tıklanır: Alt butonlardan Seçilenleri Excel'e Aktar butonuna tıklanır

2021-11-18 11:57:02 - [MESSAGE][PASSED] - Alt butonlardan Seçilenleri Excel'e Aktar butonuna tıklanır

2021-11-18 11:57:02 - [TEST_STEP][PASSED] - Popup mesajı Lütfen rapor bildiriminin gönderileceği e-posta adresini belirtiniz. içeriyor mu: Popup mesajı Lütfen rapor bildiriminin gönderileceği e-posta adresini belirtiniz. içeriyor mu

2021-11-18 11:57:02 - [MESSAGE][PASSED] - Popup mesajı Lütfen rapor bildiriminin gönderileceği e-posta adresini belirtiniz. içeriyor mu

2021-11-18 11:57:02 - [TEST_STEP][PASSED] - Popup email elogotest@gmail.com;ali.kara@logo.com.tr olarak girilir: Popup email elogotest@gmail.com;ali.kara@logo.com.tr olarak girilir

2021-11-18 11:57:02 - [MESSAGE][PASSED] - Popup email elogotest@gmail.com;ali.kara@logo.com.tr olarak girilir

2021-11-18 11:57:02 - [TEST_STEP][PASSED] - Yönetim popupında Gönder seçilir: Yönetim popupında Gönder seçilir

2021-11-18 11:57:02 - [MESSAGE][PASSED] - Yönetim popupında Gönder seçilir

2021-11-18 11:57:02 - [TEST_STEP][PASSED] - Popup mesajı Toplu Veri İndirme içeriyor mu: Popup mesajı Toplu Veri İndirme içeriyor mu

2021-11-18 11:57:02 - [MESSAGE][PASSED] - Popup mesajı Toplu Veri İndirme içeriyor mu

2021-11-18 11:57:02 - [TEST_STEP][PASSED] - Yönetim popupında Tamam seçilir: Yönetim popupında Tamam seçilir

2021-11-18 11:57:02 - [MESSAGE][PASSED] - Yönetim popupında Tamam seçilir

2021-11-18 11:57:02 - [TEST_STEP][PASSED] - Butonlardan Excel isimli butona tıklanır: Butonlardan Excel isimli butona tıklanır

2021-11-18 11:57:02 - [MESSAGE][PASSED] - Butonlardan Excel isimli butona tıklanır

2021-11-18 11:57:02 - [TEST_STEP][PASSED] - Alt butonlardan Tümünü Excel'e Aktar butonuna tıklanır: Alt butonlardan Tümünü Excel'e Aktar butonuna tıklanır

2021-11-18 11:57:02 - [MESSAGE][PASSED] - Alt butonlardan Tümünü Excel'e Aktar butonuna tıklanır

2021-11-18 11:57:02 - [TEST_STEP][PASSED] - Popup mesajı Lütfen rapor bildiriminin gönderileceği e-posta adresini belirtiniz. içeriyor mu: Popup mesajı Lütfen rapor bildiriminin gönderileceği e-posta adresini belirtiniz. içeriyor mu

2021-11-18 11:57:02 - [MESSAGE][PASSED] - Popup mesajı Lütfen rapor bildiriminin gönderileceği e-posta adresini belirtiniz. içeriyor mu

2021-11-18 11:57:02 - [TEST_STEP][PASSED] - Popup email elogotest@gmail.com;ali.kara@logo.com.tr olarak girilir: Popup email elogotest@gmail.com;ali.kara@logo.com.tr olarak girilir

2021-11-18 11:57:02 - [MESSAGE][PASSED] - Popup email elogotest@gmail.com;ali.kara@logo.com.tr olarak girilir

2021-11-18 11:57:02 - [TEST_STEP][PASSED] - Yönetim popupında Gönder seçilir: Yönetim popupında Gönder seçilir

2021-11-18 11:57:02 - [MESSAGE][PASSED] - Yönetim popupında Gönder seçilir

2021-11-18 11:57:02 - [TEST_STEP][PASSED] - Popup mesajı Toplu Veri İndirme içeriyor mu: Popup mesajı Toplu Veri İndirme içeriyor mu

2021-11-18 11:57:02 - [MESSAGE][PASSED] - Popup mesajı Toplu Veri İndirme içeriyor mu

2021-11-18 11:57:02 - [TEST_STEP][PASSED] - Yönetim popupında Tamam seçilir: Yönetim popupında Tamam seçilir

2021-11-18 11:57:02 - [MESSAGE][PASSED] - Yönetim popupında Tamam seçilir

2021-11-18 11:57:02 - [TEST_STEP][PASSED] - Ana menüden Raporlar seçilir: Ana menüden Raporlar seçilir

2021-11-18 11:57:02 - [MESSAGE][PASSED] - Ana menüden Raporlar seçilir

2021-11-18 11:57:02 - [TEST_STEP][PASSED] - Alt menüden Toplu Veri İndirme seçilir: Alt menüden Toplu Veri İndirme seçilir

2021-11-18 11:57:02 - [MESSAGE][PASSED] - Alt menüden Toplu Veri İndirme seçilir

2021-11-18 11:57:02 - [TEST_STEP][PASSED] - Filtrelerden Talep No filtresine Rapor No bilgisi yaz: Filtrelerden Talep No filtresine Rapor No bilgisi yaz

2021-11-18 11:57:02 - [MESSAGE][PASSED] - Filtrelerden Talep No filtresine Rapor No bilgisi yaz

2021-11-18 11:57:02 - [TEST_STEP][PASSED] - Filtre butonlarından Listele seçilir: Filtre butonlarından Listele seçilir

2021-11-18 11:57:02 - [MESSAGE][PASSED] - Filtre butonlarından Listele seçilir

2021-11-18 11:57:02 - [TEST_STEP][PASSED] - Tabloda veri var mı kontrol edilir: Tabloda veri var mı kontrol edilir

2021-11-18 11:57:02 - [MESSAGE][PASSED] - Tabloda veri var mı kontrol edilir

2021-11-18 11:57:02 - [TEST_STEP][PASSED] - Kullanıcı işlemlerinden Çıkış seçilir: Kullanıcı işlemlerinden Çıkış seçilir

2021-11-18 11:57:02 - [MESSAGE][PASSED] - Kullanıcı işlemlerinden Çıkış seçilir

2021-11-18 11:57:02 - [MESSAGE][PASSED] - Feature file: 'Include/features/Zarflar/Giden Zarflar/Secilenleri Excele Aktar.feature' was passed

2021-11-18 11:57:02 - [TEST_STEP][PASSED] - Start listener action : sampleAfterTestSuite: Invoke 'com.kms.katalon.core.annotation.AfterTestCase' method: 'Listener.sampleAfterTestSuite(...)' completed.

2021-11-18 11:57:02 - [MESSAGE][INFO] - Starting invoke 'com.kms.katalon.core.annotation.AfterTestCase' method: 'Listener.sampleAfterTestSuite(...)'

2021-11-18 11:57:02 - [TEST_STEP][PASSED] - closeBrowser(): Invoke 'com.kms.katalon.core.annotation.AfterTestCase' method: 'Listener.sampleAfterTestSuite(...)' completed.

2021-11-18 11:57:02 - [MESSAGE][INFO] - Closing browser

2021-11-18 11:57:03 - [MESSAGE][PASSED] - Browser is closed

2021-11-18 11:57:03 - [MESSAGE][INFO] - Invoke 'com.kms.katalon.core.annotation.AfterTestCase' method: 'Listener.sampleAfterTestSuite(...)' completed.]]></system-out>
         <system-err><![CDATA[]]></system-err>
      </testcase>
      <testcase name="Test Cases/Case Repository/Zarflar/Giden Zarflar/Toplu Indirme" time="49.739" classname="Test Cases/Case Repository/Zarflar/Giden Zarflar/Toplu Indirme" status="PASSED">
         <system-out><![CDATA[2021-11-18 11:57:03 - [TEST_CASE][PASSED] - Test Cases/Case Repository/Zarflar/Giden Zarflar/Toplu Indirme: Test Cases/Case Repository/Zarflar/Giden Zarflar/Toplu Indirme

2021-11-18 11:57:03 - [TEST_STEP][PASSED] - Start listener action : sampleBeforeTestSuite: Invoke 'com.kms.katalon.core.annotation.BeforeTestCase' method: 'Listener.sampleBeforeTestSuite(...)' completed.

2021-11-18 11:57:03 - [MESSAGE][INFO] - Starting invoke 'com.kms.katalon.core.annotation.BeforeTestCase' method: 'Listener.sampleBeforeTestSuite(...)'

2021-11-18 11:57:03 - [TEST_STEP][PASSED] - openBrowser(baseUrl): Browser is opened with url: 'https://efatura-stage.elogo.com.tr/'

2021-11-18 11:57:03 - [MESSAGE][INFO] - Opening browser

2021-11-18 11:57:03 - [MESSAGE][INFO] - Starting 'Chrome' driver

2021-11-18 11:57:03 - [MESSAGE][INFO] - User set preference: ['prefs', '{download.default_directory=C:\otomasyondownfiles}']

2021-11-18 11:57:03 - [MESSAGE][INFO] - Action delay is set to 0 milliseconds

2021-11-18 11:57:04 - [MESSAGE][INFO] - Navigating browser to: 'https://efatura-stage.elogo.com.tr/'

2021-11-18 11:57:06 - [MESSAGE][PASSED] - Browser is opened with url: 'https://efatura-stage.elogo.com.tr/'

2021-11-18 11:57:06 - [TEST_STEP][PASSED] - maximizeWindow(): Invoke 'com.kms.katalon.core.annotation.BeforeTestCase' method: 'Listener.sampleBeforeTestSuite(...)' completed.

2021-11-18 11:57:06 - [MESSAGE][INFO] - Maximizing current window

2021-11-18 11:57:06 - [MESSAGE][PASSED] - Current window maximized

2021-11-18 11:57:06 - [MESSAGE][INFO] - Invoke 'com.kms.katalon.core.annotation.BeforeTestCase' method: 'Listener.sampleBeforeTestSuite(...)' completed.

2021-11-18 11:57:07 - [TEST_STEP][PASSED] - runFeatureFile("Include/features/Zarflar/Giden Zarflar/Toplu Indirme.feature"): Feature file: 'Include/features/Zarflar/Giden Zarflar/Toplu Indirme.feature' was passed

2021-11-18 11:57:07 - [MESSAGE][INFO] - Starting run keyword runFeatureFile: 'Include/features/Zarflar/Giden Zarflar/Toplu Indirme.feature' and extract report to folder: 'C:\Users\DELL\Documents\GitHub\EES_KatalonLogo\Reports\20211118_110909\Suite Repository\ExceleAktarVeTopluIndirme\20211118_110948/cucumber_report/1637225827434'...

2021-11-18 11:57:07 - [MESSAGE][INFO] - Glue: []

2021-11-18 11:57:09 - [MESSAGE][INFO] - Checking called Test Case

2021-11-18 11:57:09 - [MESSAGE][INFO] - Starting to call Test Case 'Test Cases/Sayfalar/Giris_Sayfasi/Login'

2021-11-18 11:57:09 - [TEST_CASE][PASSED] - Test Cases/Sayfalar/Giris_Sayfasi/Login: Test Cases/Sayfalar/Giris_Sayfasi/Login

2021-11-18 11:57:09 - [TEST_STEP][PASSED] - Sayfa_Basligi = getWindowTitle(): Current window's title is: 'LOGO e-Fatura'

2021-11-18 11:57:09 - [MESSAGE][INFO] - Getting current window's title

2021-11-18 11:57:09 - [MESSAGE][PASSED] - Current window's title is: 'LOGO e-Fatura'

2021-11-18 11:57:09 - [TEST_STEP][PASSED] - verifyMatch(Sayfa_Basligi, "LOGO e-Fatura", false): Actual text 'LOGO e-Fatura' and expected text 'LOGO e-Fatura' are matched 

2021-11-18 11:57:09 - [MESSAGE][INFO] - Matching actual text 'LOGO e-Fatura' with expected text 'LOGO e-Fatura'

2021-11-18 11:57:09 - [MESSAGE][PASSED] - Actual text 'LOGO e-Fatura' and expected text 'LOGO e-Fatura' are matched 

2021-11-18 11:57:09 - [TEST_STEP][PASSED] - sendKeys(findTestObject("Sayfalar/Giris_Sayfasi/Firma_Kodu"), KullaniciAdi): Keys 'ELOGO6' sent to object: 'Object Repository/Sayfalar/Giris_Sayfasi/Firma_Kodu'

2021-11-18 11:57:09 - [MESSAGE][INFO] - Finding Test Object 'Object Repository/Sayfalar/Giris_Sayfasi/Firma_Kodu'

2021-11-18 11:57:09 - [MESSAGE][INFO] - Sending keys 'ELOGO6' to object: 'Object Repository/Sayfalar/Giris_Sayfasi/Firma_Kodu'

2021-11-18 11:57:09 - [MESSAGE][INFO] - Finding web element from Test Object's properties

2021-11-18 11:57:09 - [MESSAGE][INFO] - Checking timeout

2021-11-18 11:57:09 - [MESSAGE][INFO] - Finding web element with id: 'Object Repository/Sayfalar/Giris_Sayfasi/Firma_Kodu' located by 'By.xpath: //*[@id = 'AccountName']' in '30' second(s)

2021-11-18 11:57:09 - [MESSAGE][INFO] - Smart Wait Function is triggered

2021-11-18 11:57:09 - [MESSAGE][INFO] - Found 1 web elements with id: 'Object Repository/Sayfalar/Giris_Sayfasi/Firma_Kodu' located by 'By.xpath: //*[@id = 'AccountName']' in '30' second(s)

2021-11-18 11:57:09 - [MESSAGE][PASSED] - Keys 'ELOGO6' sent to object: 'Object Repository/Sayfalar/Giris_Sayfasi/Firma_Kodu'

2021-11-18 11:57:09 - [TEST_STEP][PASSED] - sendKeys(findTestObject("Sayfalar/Giris_Sayfasi/Sifre"), Sifre): Keys '123456' sent to object: 'Object Repository/Sayfalar/Giris_Sayfasi/Sifre'

2021-11-18 11:57:09 - [MESSAGE][INFO] - Finding Test Object 'Object Repository/Sayfalar/Giris_Sayfasi/Sifre'

2021-11-18 11:57:10 - [MESSAGE][INFO] - Sending keys '123456' to object: 'Object Repository/Sayfalar/Giris_Sayfasi/Sifre'

2021-11-18 11:57:10 - [MESSAGE][INFO] - Finding web element from Test Object's properties

2021-11-18 11:57:10 - [MESSAGE][INFO] - Checking timeout

2021-11-18 11:57:10 - [MESSAGE][INFO] - Finding web element with id: 'Object Repository/Sayfalar/Giris_Sayfasi/Sifre' located by 'By.xpath: //*[@id = 'Password']' in '30' second(s)

2021-11-18 11:57:10 - [MESSAGE][INFO] - Smart Wait Function is triggered

2021-11-18 11:57:10 - [MESSAGE][INFO] - Found 1 web elements with id: 'Object Repository/Sayfalar/Giris_Sayfasi/Sifre' located by 'By.xpath: //*[@id = 'Password']' in '30' second(s)

2021-11-18 11:57:10 - [MESSAGE][PASSED] - Keys '123456' sent to object: 'Object Repository/Sayfalar/Giris_Sayfasi/Sifre'

2021-11-18 11:57:10 - [TEST_STEP][PASSED] - findWebElement(findTestObject("Sayfalar/Giris_Sayfasi/Giris_Butonu")).click(): Found 1 web elements with id: 'Object Repository/Sayfalar/Giris_Sayfasi/Giris_Butonu' located by 'By.cssSelector: #btnLogin' in '30' second(s)

2021-11-18 11:57:10 - [MESSAGE][INFO] - Finding Test Object 'Object Repository/Sayfalar/Giris_Sayfasi/Giris_Butonu'

2021-11-18 11:57:10 - [MESSAGE][INFO] - Finding web element from Test Object's properties

2021-11-18 11:57:10 - [MESSAGE][INFO] - Checking timeout

2021-11-18 11:57:10 - [MESSAGE][INFO] - Finding web element with id: 'Object Repository/Sayfalar/Giris_Sayfasi/Giris_Butonu' located by 'By.cssSelector: #btnLogin' in '30' second(s)

2021-11-18 11:57:10 - [MESSAGE][INFO] - Smart Wait Function is triggered

2021-11-18 11:57:10 - [MESSAGE][INFO] - Found 1 web elements with id: 'Object Repository/Sayfalar/Giris_Sayfasi/Giris_Butonu' located by 'By.cssSelector: #btnLogin' in '30' second(s)

2021-11-18 11:57:13 - [TEST_STEP][PASSED] - if (verifyElementPresent(findTestObject("Object Repository/Sayfalar/Giris_Sayfasi/RetveTamam_Butonu"), 5, OPTIONAL)): null

2021-11-18 11:57:13 - [MESSAGE][INFO] - Finding Test Object 'Object Repository/Sayfalar/Giris_Sayfasi/RetveTamam_Butonu'

2021-11-18 11:57:13 - [MESSAGE][INFO] - Checking object

2021-11-18 11:57:13 - [MESSAGE][INFO] - Finding web element from Test Object's properties

2021-11-18 11:57:13 - [MESSAGE][INFO] - Checking timeout

2021-11-18 11:57:13 - [MESSAGE][INFO] - Finding web element with id: 'Object Repository/Sayfalar/Giris_Sayfasi/RetveTamam_Butonu' located by 'By.xpath: //*[@class = 'btn btn-default']' in '5' second(s)

2021-11-18 11:57:13 - [MESSAGE][INFO] - Smart Wait Function is triggered

2021-11-18 11:57:13 - [MESSAGE][INFO] - Found 1 web elements with id: 'Object Repository/Sayfalar/Giris_Sayfasi/RetveTamam_Butonu' located by 'By.xpath: //*[@class = 'btn btn-default']' in '5' second(s)

2021-11-18 11:57:13 - [MESSAGE][PASSED] - Object 'Object Repository/Sayfalar/Giris_Sayfasi/RetveTamam_Butonu' is present

2021-11-18 11:57:13 - [TEST_STEP][PASSED] - click(findTestObject("Object Repository/Sayfalar/Giris_Sayfasi/RetveTamam_Butonu")): Object: 'Object Repository/Sayfalar/Giris_Sayfasi/RetveTamam_Butonu' is clicked on

2021-11-18 11:57:13 - [MESSAGE][INFO] - Finding Test Object 'Object Repository/Sayfalar/Giris_Sayfasi/RetveTamam_Butonu'

2021-11-18 11:57:13 - [MESSAGE][INFO] - Checking object

2021-11-18 11:57:13 - [MESSAGE][INFO] - Finding web element from Test Object's properties

2021-11-18 11:57:13 - [MESSAGE][INFO] - Checking timeout

2021-11-18 11:57:13 - [MESSAGE][INFO] - Finding web element with id: 'Object Repository/Sayfalar/Giris_Sayfasi/RetveTamam_Butonu' located by 'By.xpath: //*[@class = 'btn btn-default']' in '30' second(s)

2021-11-18 11:57:13 - [MESSAGE][INFO] - Smart Wait Function is triggered

2021-11-18 11:57:14 - [MESSAGE][INFO] - Found 1 web elements with id: 'Object Repository/Sayfalar/Giris_Sayfasi/RetveTamam_Butonu' located by 'By.xpath: //*[@class = 'btn btn-default']' in '30' second(s)

2021-11-18 11:57:14 - [MESSAGE][INFO] - Clicking on object: 'Object Repository/Sayfalar/Giris_Sayfasi/RetveTamam_Butonu'

2021-11-18 11:57:14 - [MESSAGE][PASSED] - Object: 'Object Repository/Sayfalar/Giris_Sayfasi/RetveTamam_Butonu' is clicked on

2021-11-18 11:57:14 - [TEST_STEP][PASSED] - click(findTestObject("Object Repository/Sayfalar/Giris_Sayfasi/RetveTamam_Butonu")): Object: 'Object Repository/Sayfalar/Giris_Sayfasi/RetveTamam_Butonu' is clicked on

2021-11-18 11:57:14 - [MESSAGE][INFO] - Finding Test Object 'Object Repository/Sayfalar/Giris_Sayfasi/RetveTamam_Butonu'

2021-11-18 11:57:14 - [MESSAGE][INFO] - Checking object

2021-11-18 11:57:14 - [MESSAGE][INFO] - Finding web element from Test Object's properties

2021-11-18 11:57:14 - [MESSAGE][INFO] - Checking timeout

2021-11-18 11:57:14 - [MESSAGE][INFO] - Finding web element with id: 'Object Repository/Sayfalar/Giris_Sayfasi/RetveTamam_Butonu' located by 'By.xpath: //*[@class = 'btn btn-default']' in '30' second(s)

2021-11-18 11:57:14 - [MESSAGE][INFO] - Smart Wait Function is triggered

2021-11-18 11:57:18 - [MESSAGE][INFO] - Found 1 web elements with id: 'Object Repository/Sayfalar/Giris_Sayfasi/RetveTamam_Butonu' located by 'By.xpath: //*[@class = 'btn btn-default']' in '30' second(s)

2021-11-18 11:57:18 - [MESSAGE][INFO] - Clicking on object: 'Object Repository/Sayfalar/Giris_Sayfasi/RetveTamam_Butonu'

2021-11-18 11:57:18 - [MESSAGE][PASSED] - Object: 'Object Repository/Sayfalar/Giris_Sayfasi/RetveTamam_Butonu' is clicked on

2021-11-18 11:57:18 - [TEST_STEP][PASSED] - if (verifyElementPresent(findTestObject("Sayfalar/Giris_Sayfasi/PopupOK"), 5, OPTIONAL)): null

2021-11-18 11:57:18 - [MESSAGE][INFO] - Finding Test Object 'Object Repository/Sayfalar/Giris_Sayfasi/PopupOK'

2021-11-18 11:57:18 - [MESSAGE][INFO] - Checking object

2021-11-18 11:57:18 - [MESSAGE][INFO] - Finding web element from Test Object's properties

2021-11-18 11:57:18 - [MESSAGE][INFO] - Checking timeout

2021-11-18 11:57:18 - [MESSAGE][INFO] - Finding web element with id: 'Object Repository/Sayfalar/Giris_Sayfasi/PopupOK' located by 'By.cssSelector: .btn.btn-success' in '5' second(s)

2021-11-18 11:57:18 - [MESSAGE][INFO] - Smart Wait Function is triggered

2021-11-18 11:57:19 - [MESSAGE][INFO] - Found 1 web elements with id: 'Object Repository/Sayfalar/Giris_Sayfasi/PopupOK' located by 'By.cssSelector: .btn.btn-success' in '5' second(s)

2021-11-18 11:57:19 - [MESSAGE][PASSED] - Object 'Object Repository/Sayfalar/Giris_Sayfasi/PopupOK' is present

2021-11-18 11:57:19 - [TEST_STEP][PASSED] - click(findTestObject("Object Repository/Sayfalar/Giris_Sayfasi/PopupCarpiGiris")): Object: 'Object Repository/Sayfalar/Giris_Sayfasi/PopupCarpiGiris' is clicked on

2021-11-18 11:57:19 - [MESSAGE][INFO] - Finding Test Object 'Object Repository/Sayfalar/Giris_Sayfasi/PopupCarpiGiris'

2021-11-18 11:57:19 - [MESSAGE][INFO] - Checking object

2021-11-18 11:57:19 - [MESSAGE][INFO] - Finding web element from Test Object's properties

2021-11-18 11:57:19 - [MESSAGE][INFO] - Checking timeout

2021-11-18 11:57:19 - [MESSAGE][INFO] - Finding web element with id: 'Object Repository/Sayfalar/Giris_Sayfasi/PopupCarpiGiris' located by 'By.cssSelector: .bootbox-close-button.close' in '30' second(s)

2021-11-18 11:57:19 - [MESSAGE][INFO] - Smart Wait Function is triggered

2021-11-18 11:57:19 - [MESSAGE][INFO] - Found 1 web elements with id: 'Object Repository/Sayfalar/Giris_Sayfasi/PopupCarpiGiris' located by 'By.cssSelector: .bootbox-close-button.close' in '30' second(s)

2021-11-18 11:57:19 - [MESSAGE][INFO] - Clicking on object: 'Object Repository/Sayfalar/Giris_Sayfasi/PopupCarpiGiris'

2021-11-18 11:57:19 - [MESSAGE][PASSED] - Object: 'Object Repository/Sayfalar/Giris_Sayfasi/PopupCarpiGiris' is clicked on

2021-11-18 11:57:19 - [TEST_STEP][PASSED] - verifyElementVisible(findTestObject("Object Repository/Kullanici_Islemleri/KullaniciIslemleri")): Object 'Object Repository/Kullanici_Islemleri/KullaniciIslemleri' is visible

2021-11-18 11:57:19 - [MESSAGE][INFO] - Finding Test Object 'Object Repository/Kullanici_Islemleri/KullaniciIslemleri'

2021-11-18 11:57:19 - [MESSAGE][INFO] - Checking object

2021-11-18 11:57:19 - [MESSAGE][INFO] - Finding web element from Test Object's properties

2021-11-18 11:57:19 - [MESSAGE][INFO] - Checking timeout

2021-11-18 11:57:19 - [MESSAGE][INFO] - Finding web element with id: 'Object Repository/Kullanici_Islemleri/KullaniciIslemleri' located by 'By.cssSelector: .dropdown>a>img' in '30' second(s)

2021-11-18 11:57:19 - [MESSAGE][INFO] - Smart Wait Function is triggered

2021-11-18 11:57:20 - [MESSAGE][INFO] - Found 1 web elements with id: 'Object Repository/Kullanici_Islemleri/KullaniciIslemleri' located by 'By.cssSelector: .dropdown>a>img' in '30' second(s)

2021-11-18 11:57:20 - [MESSAGE][PASSED] - Object 'Object Repository/Kullanici_Islemleri/KullaniciIslemleri' is visible

2021-11-18 11:57:20 - [MESSAGE][PASSED] - Call Test Case 'Test Cases/Sayfalar/Giris_Sayfasi/Login' successfully

2021-11-18 11:57:20 - [MESSAGE][INFO] - Checking called Test Case

2021-11-18 11:57:20 - [MESSAGE][INFO] - Starting to call Test Case 'Test Cases/Menu/AnaMenuSecimi'

2021-11-18 11:57:20 - [TEST_CASE][PASSED] - Test Cases/Menu/AnaMenuSecimi: Test Cases/Menu/AnaMenuSecimi

2021-11-18 11:57:20 - [TEST_STEP][PASSED] - Method.TextDegerineEsitElementeTikla(findTestObject("Menu/Ana_Menu"), Ana_Menu): Method.TextDegerineEsitElementeTikla is PASSED

2021-11-18 11:57:20 - [MESSAGE][INFO] - Finding Test Object 'Object Repository/Menu/Ana_Menu'

2021-11-18 11:57:20 - [MESSAGE][INFO] - Checking timeout

2021-11-18 11:57:20 - [MESSAGE][INFO] - Finding web element with id: 'Object Repository/Menu/Ana_Menu' located by 'By.xpath: //*[@class = 'dropdown-toggle']' in '10' second(s)

2021-11-18 11:57:20 - [MESSAGE][INFO] - Smart Wait Function is triggered

2021-11-18 11:57:20 - [MESSAGE][INFO] - Found 14 web elements with id: 'Object Repository/Menu/Ana_Menu' located by 'By.xpath: //*[@class = 'dropdown-toggle']' in '10' second(s)

2021-11-18 11:57:21 - [MESSAGE][PASSED] - Method.TextDegerineEsitElementeTikla is PASSED

2021-11-18 11:57:21 - [MESSAGE][PASSED] - Call Test Case 'Test Cases/Menu/AnaMenuSecimi' successfully

2021-11-18 11:57:21 - [MESSAGE][INFO] - Checking called Test Case

2021-11-18 11:57:21 - [MESSAGE][INFO] - Starting to call Test Case 'Test Cases/Menu/AltMenuSecimi'

2021-11-18 11:57:21 - [TEST_CASE][PASSED] - Test Cases/Menu/AltMenuSecimi: Test Cases/Menu/AltMenuSecimi

2021-11-18 11:57:21 - [TEST_STEP][PASSED] - Method.TextDegerineEsitElementeTikla(findTestObject("Menu/Alt_Menu"), Alt_Menu): Method.TextDegerineEsitElementeTikla is PASSED

2021-11-18 11:57:21 - [MESSAGE][INFO] - Finding Test Object 'Object Repository/Menu/Alt_Menu'

2021-11-18 11:57:21 - [MESSAGE][INFO] - Checking timeout

2021-11-18 11:57:21 - [MESSAGE][INFO] - Finding web element with id: 'Object Repository/Menu/Alt_Menu' located by 'By.xpath: //li[@class='dropdown dropdown-large open']//li[@class='dropdown-element']' in '10' second(s)

2021-11-18 11:57:21 - [MESSAGE][INFO] - Smart Wait Function is triggered

2021-11-18 11:57:21 - [MESSAGE][INFO] - Found 2 web elements with id: 'Object Repository/Menu/Alt_Menu' located by 'By.xpath: //li[@class='dropdown dropdown-large open']//li[@class='dropdown-element']' in '10' second(s)

2021-11-18 11:57:23 - [MESSAGE][PASSED] - Method.TextDegerineEsitElementeTikla is PASSED

2021-11-18 11:57:23 - [MESSAGE][PASSED] - Call Test Case 'Test Cases/Menu/AltMenuSecimi' successfully

2021-11-18 11:57:23 - [MESSAGE][INFO] - Checking called Test Case

2021-11-18 11:57:23 - [MESSAGE][INFO] - Starting to call Test Case 'Test Cases/Filtreler/BaslangicYaz'

2021-11-18 11:57:23 - [TEST_CASE][PASSED] - Test Cases/Filtreler/BaslangicYaz: Test Cases/Filtreler/BaslangicYaz

2021-11-18 11:57:23 - [TEST_STEP][PASSED] - delay(3): Delayed 3 second(s)

2021-11-18 11:57:23 - [MESSAGE][INFO] - Delaying browser in 3 second(s)

2021-11-18 11:57:26 - [MESSAGE][PASSED] - Delayed 3 second(s)

2021-11-18 11:57:26 - [TEST_STEP][PASSED] - Method.TextDegerineEsitElementinAltindakineTikla(findTestObject("Filtreler/Basliklar"), findTestObject("Filtreler/Basliga_Gore_Baslangic_Image"), Filtre_Adi): Method.TextDegerineEsitElementinAltindakineTikla is PASSED

2021-11-18 11:57:26 - [MESSAGE][INFO] - Finding Test Object 'Object Repository/Filtreler/Basliklar'

2021-11-18 11:57:26 - [MESSAGE][INFO] - Finding Test Object 'Object Repository/Filtreler/Basliga_Gore_Baslangic_Image'

2021-11-18 11:57:26 - [MESSAGE][INFO] - Checking timeout

2021-11-18 11:57:26 - [MESSAGE][INFO] - Finding web element with id: 'Object Repository/Filtreler/Basliklar' located by 'By.cssSelector: .control-label.col-sm-4.paddingMarginRLC' in '10' second(s)

2021-11-18 11:57:26 - [MESSAGE][INFO] - Smart Wait Function is triggered

2021-11-18 11:57:26 - [MESSAGE][INFO] - Found 8 web elements with id: 'Object Repository/Filtreler/Basliklar' located by 'By.cssSelector: .control-label.col-sm-4.paddingMarginRLC' in '10' second(s)

2021-11-18 11:57:26 - [MESSAGE][INFO] - Smart Wait Function is triggered

2021-11-18 11:57:27 - [MESSAGE][PASSED] - Method.TextDegerineEsitElementinAltindakineTikla is PASSED

2021-11-18 11:57:27 - [TEST_STEP][PASSED] - Method.TextDegerineEsitElementinAltindakiTextboxtaYaz(findTestObject("Filtreler/Basliklar"), findTestObject("Filtreler/Basliga_Gore_Baslangic"), Filtre_Adi, Filtre_Degeri): Method.TextDegerineEsitElementinAltindakiTextboxtaYaz is PASSED

2021-11-18 11:57:27 - [MESSAGE][INFO] - Finding Test Object 'Object Repository/Filtreler/Basliklar'

2021-11-18 11:57:27 - [MESSAGE][INFO] - Finding Test Object 'Object Repository/Filtreler/Basliga_Gore_Baslangic'

2021-11-18 11:57:27 - [MESSAGE][INFO] - Checking timeout

2021-11-18 11:57:27 - [MESSAGE][INFO] - Finding web element with id: 'Object Repository/Filtreler/Basliklar' located by 'By.cssSelector: .control-label.col-sm-4.paddingMarginRLC' in '10' second(s)

2021-11-18 11:57:27 - [MESSAGE][INFO] - Smart Wait Function is triggered

2021-11-18 11:57:27 - [MESSAGE][INFO] - Found 8 web elements with id: 'Object Repository/Filtreler/Basliklar' located by 'By.cssSelector: .control-label.col-sm-4.paddingMarginRLC' in '10' second(s)

2021-11-18 11:57:27 - [MESSAGE][INFO] - Smart Wait Function is triggered

2021-11-18 11:57:28 - [MESSAGE][PASSED] - Method.TextDegerineEsitElementinAltindakiTextboxtaYaz is PASSED

2021-11-18 11:57:28 - [MESSAGE][PASSED] - Call Test Case 'Test Cases/Filtreler/BaslangicYaz' successfully

2021-11-18 11:57:28 - [MESSAGE][INFO] - Checking called Test Case

2021-11-18 11:57:28 - [MESSAGE][INFO] - Starting to call Test Case 'Test Cases/Filtreler/BitisYaz'

2021-11-18 11:57:28 - [TEST_CASE][PASSED] - Test Cases/Filtreler/BitisYaz: Test Cases/Filtreler/BitisYaz

2021-11-18 11:57:28 - [TEST_STEP][PASSED] - Method.TextDegerineEsitElementinAltindakineTikla(findTestObject("Filtreler/Basliklar"), findTestObject("Filtreler/Basliga_Gore_Bitis_Image"), Filtre_Adi): Method.TextDegerineEsitElementinAltindakineTikla is PASSED

2021-11-18 11:57:28 - [MESSAGE][INFO] - Finding Test Object 'Object Repository/Filtreler/Basliklar'

2021-11-18 11:57:28 - [MESSAGE][INFO] - Finding Test Object 'Object Repository/Filtreler/Basliga_Gore_Bitis_Image'

2021-11-18 11:57:28 - [MESSAGE][INFO] - Checking timeout

2021-11-18 11:57:28 - [MESSAGE][INFO] - Finding web element with id: 'Object Repository/Filtreler/Basliklar' located by 'By.cssSelector: .control-label.col-sm-4.paddingMarginRLC' in '10' second(s)

2021-11-18 11:57:28 - [MESSAGE][INFO] - Smart Wait Function is triggered

2021-11-18 11:57:28 - [MESSAGE][INFO] - Found 8 web elements with id: 'Object Repository/Filtreler/Basliklar' located by 'By.cssSelector: .control-label.col-sm-4.paddingMarginRLC' in '10' second(s)

2021-11-18 11:57:28 - [MESSAGE][INFO] - Smart Wait Function is triggered

2021-11-18 11:57:28 - [MESSAGE][PASSED] - Method.TextDegerineEsitElementinAltindakineTikla is PASSED

2021-11-18 11:57:28 - [TEST_STEP][PASSED] - Method.TextDegerineEsitElementinAltindakiTextboxtaYaz(findTestObject("Filtreler/Basliklar"), findTestObject("Object Repository/Filtreler/Basliga_Gore_Bitis"), Filtre_Adi, Filtre_Degeri): Method.TextDegerineEsitElementinAltindakiTextboxtaYaz is PASSED

2021-11-18 11:57:28 - [MESSAGE][INFO] - Finding Test Object 'Object Repository/Filtreler/Basliklar'

2021-11-18 11:57:28 - [MESSAGE][INFO] - Finding Test Object 'Object Repository/Filtreler/Basliga_Gore_Bitis'

2021-11-18 11:57:29 - [MESSAGE][INFO] - Checking timeout

2021-11-18 11:57:29 - [MESSAGE][INFO] - Finding web element with id: 'Object Repository/Filtreler/Basliklar' located by 'By.cssSelector: .control-label.col-sm-4.paddingMarginRLC' in '10' second(s)

2021-11-18 11:57:29 - [MESSAGE][INFO] - Smart Wait Function is triggered

2021-11-18 11:57:29 - [MESSAGE][INFO] - Found 8 web elements with id: 'Object Repository/Filtreler/Basliklar' located by 'By.cssSelector: .control-label.col-sm-4.paddingMarginRLC' in '10' second(s)

2021-11-18 11:57:29 - [MESSAGE][INFO] - Smart Wait Function is triggered

2021-11-18 11:57:29 - [MESSAGE][PASSED] - Method.TextDegerineEsitElementinAltindakiTextboxtaYaz is PASSED

2021-11-18 11:57:29 - [MESSAGE][PASSED] - Call Test Case 'Test Cases/Filtreler/BitisYaz' successfully

2021-11-18 11:57:29 - [MESSAGE][INFO] - Checking called Test Case

2021-11-18 11:57:29 - [MESSAGE][INFO] - Starting to call Test Case 'Test Cases/Filtreler/TexboxaYaz'

2021-11-18 11:57:29 - [TEST_CASE][PASSED] - Test Cases/Filtreler/TexboxaYaz: Test Cases/Filtreler/TexboxaYaz

2021-11-18 11:57:29 - [TEST_STEP][PASSED] - Method.TextDegerineEsitElementinAltindakiTextboxtaYaz(findTestObject("Filtreler/Basliklar"), findTestObject("Filtreler/Basliga_Gore_Textbox"), Filtre_Adi, Filtre_Degeri): Method.TextDegerineEsitElementinAltindakiTextboxtaYaz is PASSED

2021-11-18 11:57:29 - [MESSAGE][INFO] - Finding Test Object 'Object Repository/Filtreler/Basliklar'

2021-11-18 11:57:29 - [MESSAGE][INFO] - Finding Test Object 'Object Repository/Filtreler/Basliga_Gore_Textbox'

2021-11-18 11:57:29 - [MESSAGE][INFO] - Checking timeout

2021-11-18 11:57:29 - [MESSAGE][INFO] - Finding web element with id: 'Object Repository/Filtreler/Basliklar' located by 'By.cssSelector: .control-label.col-sm-4.paddingMarginRLC' in '10' second(s)

2021-11-18 11:57:29 - [MESSAGE][INFO] - Smart Wait Function is triggered

2021-11-18 11:57:30 - [MESSAGE][INFO] - Found 8 web elements with id: 'Object Repository/Filtreler/Basliklar' located by 'By.cssSelector: .control-label.col-sm-4.paddingMarginRLC' in '10' second(s)

2021-11-18 11:57:30 - [MESSAGE][INFO] - Smart Wait Function is triggered

2021-11-18 11:57:30 - [MESSAGE][PASSED] - Method.TextDegerineEsitElementinAltindakiTextboxtaYaz is PASSED

2021-11-18 11:57:30 - [MESSAGE][PASSED] - Call Test Case 'Test Cases/Filtreler/TexboxaYaz' successfully

2021-11-18 11:57:30 - [MESSAGE][INFO] - Checking called Test Case

2021-11-18 11:57:30 - [MESSAGE][INFO] - Starting to call Test Case 'Test Cases/Filtreler/ButonaTikla'

2021-11-18 11:57:30 - [TEST_CASE][PASSED] - Test Cases/Filtreler/ButonaTikla: Test Cases/Filtreler/ButonaTikla

2021-11-18 11:57:30 - [TEST_STEP][PASSED] - Method.TextDegerineEsitElementeTikla(findTestObject("Filtreler/Butonlar"), Filtre_Buton): Method.TextDegerineEsitElementeTikla is PASSED

2021-11-18 11:57:30 - [MESSAGE][INFO] - Finding Test Object 'Object Repository/Filtreler/Butonlar'

2021-11-18 11:57:30 - [MESSAGE][INFO] - Checking timeout

2021-11-18 11:57:30 - [MESSAGE][INFO] - Finding web element with id: 'Object Repository/Filtreler/Butonlar' located by 'By.cssSelector: .dxb>span' in '10' second(s)

2021-11-18 11:57:30 - [MESSAGE][INFO] - Smart Wait Function is triggered

2021-11-18 11:57:31 - [MESSAGE][INFO] - Found 3 web elements with id: 'Object Repository/Filtreler/Butonlar' located by 'By.cssSelector: .dxb>span' in '10' second(s)

2021-11-18 11:57:31 - [MESSAGE][PASSED] - Method.TextDegerineEsitElementeTikla is PASSED

2021-11-18 11:57:31 - [MESSAGE][PASSED] - Call Test Case 'Test Cases/Filtreler/ButonaTikla' successfully

2021-11-18 11:57:31 - [MESSAGE][INFO] - Checking called Test Case

2021-11-18 11:57:31 - [MESSAGE][INFO] - Starting to call Test Case 'Test Cases/Tablo/TablodaVeriVarMi'

2021-11-18 11:57:31 - [TEST_CASE][PASSED] - Test Cases/Tablo/TablodaVeriVarMi: Test Cases/Tablo/TablodaVeriVarMi

2021-11-18 11:57:31 - [TEST_STEP][PASSED] - verifyTextNotPresent("Görüntülenecek veri yok", true): Text 'Görüntülenecek veri yok' is not present on page using regular expression

2021-11-18 11:57:31 - [MESSAGE][INFO] - Checking text present  using regular expression

2021-11-18 11:57:31 - [MESSAGE][INFO] - Smart Wait Function is triggered

2021-11-18 11:57:32 - [MESSAGE][INFO] - Finding text 'Görüntülenecek veri yok' on page  using regular expression

2021-11-18 11:57:32 - [MESSAGE][PASSED] - Text 'Görüntülenecek veri yok' is not present on page using regular expression

2021-11-18 11:57:32 - [MESSAGE][PASSED] - Call Test Case 'Test Cases/Tablo/TablodaVeriVarMi' successfully

2021-11-18 11:57:32 - [MESSAGE][INFO] - Checking called Test Case

2021-11-18 11:57:32 - [MESSAGE][INFO] - Starting to call Test Case 'Test Cases/Tablo/TablodanVeriSec'

2021-11-18 11:57:32 - [TEST_CASE][PASSED] - Test Cases/Tablo/TablodanVeriSec: Test Cases/Tablo/TablodanVeriSec

2021-11-18 11:57:32 - [TEST_STEP][PASSED] - Method.TextDegerineEsitElementinAltindakineTikla(findTestObject("Tablo/Veriler"), findTestObject("Tablo/VerininCheckBoxi"), Veri_Adi): Method.TextDegerineEsitElementinAltindakineTikla is PASSED

2021-11-18 11:57:32 - [MESSAGE][INFO] - Finding Test Object 'Object Repository/Tablo/Veriler'

2021-11-18 11:57:32 - [MESSAGE][INFO] - Finding Test Object 'Object Repository/Tablo/VerininCheckBoxi'

2021-11-18 11:57:32 - [MESSAGE][INFO] - Checking timeout

2021-11-18 11:57:32 - [MESSAGE][INFO] - Finding web element with id: 'Object Repository/Tablo/Veriler' located by 'By.cssSelector: td.dxgv b ,td.dxgv' in '10' second(s)

2021-11-18 11:57:32 - [MESSAGE][INFO] - Smart Wait Function is triggered

2021-11-18 11:57:32 - [MESSAGE][INFO] - Found 110 web elements with id: 'Object Repository/Tablo/Veriler' located by 'By.cssSelector: td.dxgv b ,td.dxgv' in '10' second(s)

2021-11-18 11:57:32 - [MESSAGE][INFO] - Smart Wait Function is triggered

2021-11-18 11:57:32 - [MESSAGE][PASSED] - Method.TextDegerineEsitElementinAltindakineTikla is PASSED

2021-11-18 11:57:32 - [MESSAGE][PASSED] - Call Test Case 'Test Cases/Tablo/TablodanVeriSec' successfully

2021-11-18 11:57:32 - [MESSAGE][INFO] - Checking called Test Case

2021-11-18 11:57:32 - [MESSAGE][INFO] - Starting to call Test Case 'Test Cases/Butonlar/ButonaTikla'

2021-11-18 11:57:32 - [TEST_CASE][PASSED] - Test Cases/Butonlar/ButonaTikla: Test Cases/Butonlar/ButonaTikla

2021-11-18 11:57:32 - [TEST_STEP][PASSED] - Method.TextDegerineEsitElementeTiklaEquals(findTestObject("Butonlar/Butonlar"), Buton_Adi): Method.TextDegerineEsitElementeTiklaEquals is PASSED

2021-11-18 11:57:32 - [MESSAGE][INFO] - Finding Test Object 'Object Repository/Butonlar/Butonlar'

2021-11-18 11:57:32 - [MESSAGE][INFO] - Checking timeout

2021-11-18 11:57:32 - [MESSAGE][INFO] - Finding web element with id: 'Object Repository/Butonlar/Butonlar' located by 'By.cssSelector: .panel.panel-default.text-center.footerPanel .btn,.btn.btn-primary.btnControls' in '10' second(s)

2021-11-18 11:57:32 - [MESSAGE][INFO] - Smart Wait Function is triggered

2021-11-18 11:57:33 - [MESSAGE][INFO] - Found 6 web elements with id: 'Object Repository/Butonlar/Butonlar' located by 'By.cssSelector: .panel.panel-default.text-center.footerPanel .btn,.btn.btn-primary.btnControls' in '10' second(s)

2021-11-18 11:57:33 - [MESSAGE][PASSED] - Method.TextDegerineEsitElementeTiklaEquals is PASSED

2021-11-18 11:57:33 - [MESSAGE][PASSED] - Call Test Case 'Test Cases/Butonlar/ButonaTikla' successfully

2021-11-18 11:57:33 - [MESSAGE][INFO] - Checking called Test Case

2021-11-18 11:57:33 - [MESSAGE][INFO] - Starting to call Test Case 'Test Cases/Butonlar/AltButonaTikla'

2021-11-18 11:57:33 - [TEST_CASE][PASSED] - Test Cases/Butonlar/AltButonaTikla: Test Cases/Butonlar/AltButonaTikla

2021-11-18 11:57:33 - [TEST_STEP][PASSED] - Method.TextDegerineEsitElementeTikla(findTestObject("Butonlar/AltButonlar"), Alt_Buton): Method.TextDegerineEsitElementeTikla is PASSED

2021-11-18 11:57:33 - [MESSAGE][INFO] - Finding Test Object 'Object Repository/Butonlar/AltButonlar'

2021-11-18 11:57:33 - [MESSAGE][INFO] - Checking timeout

2021-11-18 11:57:33 - [MESSAGE][INFO] - Finding web element with id: 'Object Repository/Butonlar/AltButonlar' located by 'By.cssSelector: .btn-group.open li>a' in '10' second(s)

2021-11-18 11:57:33 - [MESSAGE][INFO] - Smart Wait Function is triggered

2021-11-18 11:57:33 - [MESSAGE][INFO] - Found 2 web elements with id: 'Object Repository/Butonlar/AltButonlar' located by 'By.cssSelector: .btn-group.open li>a' in '10' second(s)

2021-11-18 11:57:34 - [MESSAGE][PASSED] - Method.TextDegerineEsitElementeTikla is PASSED

2021-11-18 11:57:34 - [MESSAGE][PASSED] - Call Test Case 'Test Cases/Butonlar/AltButonaTikla' successfully

2021-11-18 11:57:34 - [MESSAGE][INFO] - Checking called Test Case

2021-11-18 11:57:34 - [MESSAGE][INFO] - Starting to call Test Case 'Test Cases/Popup/PopupMesajiIceriyorMu'

2021-11-18 11:57:34 - [TEST_CASE][PASSED] - Test Cases/Popup/PopupMesajiIceriyorMu: Test Cases/Popup/PopupMesajiIceriyorMu

2021-11-18 11:57:34 - [TEST_STEP][PASSED] - waitForElementVisible(findTestObject("Popup/Popup"), 10): Object 'Object Repository/Popup/Popup' is visible

2021-11-18 11:57:34 - [MESSAGE][INFO] - Finding Test Object 'Object Repository/Popup/Popup'

2021-11-18 11:57:34 - [MESSAGE][INFO] - Checking object

2021-11-18 11:57:34 - [MESSAGE][INFO] - Checking timeout

2021-11-18 11:57:34 - [MESSAGE][INFO] - Finding web element from Test Object's properties

2021-11-18 11:57:34 - [MESSAGE][INFO] - Checking timeout

2021-11-18 11:57:34 - [MESSAGE][INFO] - Finding web element with id: 'Object Repository/Popup/Popup' located by 'By.cssSelector: .bootbox-body' in '10' second(s)

2021-11-18 11:57:34 - [MESSAGE][INFO] - Smart Wait Function is triggered

2021-11-18 11:57:35 - [MESSAGE][INFO] - Found 1 web elements with id: 'Object Repository/Popup/Popup' located by 'By.cssSelector: .bootbox-body' in '10' second(s)

2021-11-18 11:57:35 - [MESSAGE][PASSED] - Object 'Object Repository/Popup/Popup' is visible

2021-11-18 11:57:35 - [TEST_STEP][PASSED] - if (!(getText(findTestObject("Popup/Popup")).contains(Mesaj))): Text of object 'Object Repository/Popup/Popup' is: 'Lütfen rapor bildiriminin gönderileceği e-posta adresini belirtiniz.
e-Posta Adresi'

2021-11-18 11:57:35 - [MESSAGE][INFO] - Finding Test Object 'Object Repository/Popup/Popup'

2021-11-18 11:57:35 - [MESSAGE][INFO] - Checking object

2021-11-18 11:57:35 - [MESSAGE][INFO] - Finding web element from Test Object's properties

2021-11-18 11:57:35 - [MESSAGE][INFO] - Checking timeout

2021-11-18 11:57:35 - [MESSAGE][INFO] - Finding web element with id: 'Object Repository/Popup/Popup' located by 'By.cssSelector: .bootbox-body' in '30' second(s)

2021-11-18 11:57:35 - [MESSAGE][INFO] - Smart Wait Function is triggered

2021-11-18 11:57:35 - [MESSAGE][INFO] - Found 1 web elements with id: 'Object Repository/Popup/Popup' located by 'By.cssSelector: .bootbox-body' in '30' second(s)

2021-11-18 11:57:35 - [MESSAGE][INFO] - Getting text of object 'Object Repository/Popup/Popup'

2021-11-18 11:57:35 - [MESSAGE][PASSED] - Text of object 'Object Repository/Popup/Popup' is: 'Lütfen rapor bildiriminin gönderileceği e-posta adresini belirtiniz.
e-Posta Adresi'

2021-11-18 11:57:35 - [TEST_STEP][PASSED] - RaporNo = getText(findTestObject("Popup/Popup")).substring(0, 6): Text of object 'Object Repository/Popup/Popup' is: 'Lütfen rapor bildiriminin gönderileceği e-posta adresini belirtiniz.
e-Posta Adresi'

2021-11-18 11:57:35 - [MESSAGE][INFO] - Finding Test Object 'Object Repository/Popup/Popup'

2021-11-18 11:57:35 - [MESSAGE][INFO] - Checking object

2021-11-18 11:57:35 - [MESSAGE][INFO] - Finding web element from Test Object's properties

2021-11-18 11:57:35 - [MESSAGE][INFO] - Checking timeout

2021-11-18 11:57:35 - [MESSAGE][INFO] - Finding web element with id: 'Object Repository/Popup/Popup' located by 'By.cssSelector: .bootbox-body' in '30' second(s)

2021-11-18 11:57:35 - [MESSAGE][INFO] - Smart Wait Function is triggered

2021-11-18 11:57:35 - [MESSAGE][INFO] - Found 1 web elements with id: 'Object Repository/Popup/Popup' located by 'By.cssSelector: .bootbox-body' in '30' second(s)

2021-11-18 11:57:35 - [MESSAGE][INFO] - Getting text of object 'Object Repository/Popup/Popup'

2021-11-18 11:57:35 - [MESSAGE][PASSED] - Text of object 'Object Repository/Popup/Popup' is: 'Lütfen rapor bildiriminin gönderileceği e-posta adresini belirtiniz.
e-Posta Adresi'

2021-11-18 11:57:35 - [TEST_STEP][PASSED] - Console.println(RaporNo): null

2021-11-18 11:57:35 - [MESSAGE][PASSED] - Call Test Case 'Test Cases/Popup/PopupMesajiIceriyorMu' successfully

2021-11-18 11:57:35 - [MESSAGE][INFO] - Checking called Test Case

2021-11-18 11:57:35 - [MESSAGE][INFO] - Starting to call Test Case 'Test Cases/Popup/PopupaEmailEklenir'

2021-11-18 11:57:35 - [TEST_CASE][PASSED] - Test Cases/Popup/PopupaEmailEklenir: Test Cases/Popup/PopupaEmailEklenir

2021-11-18 11:57:35 - [TEST_STEP][PASSED] - clearText(findTestObject("Popup/EmailText")): Text of object 'Object Repository/Popup/EmailText' is cleared

2021-11-18 11:57:35 - [MESSAGE][INFO] - Finding Test Object 'Object Repository/Popup/EmailText'

2021-11-18 11:57:35 - [MESSAGE][INFO] - Checking object

2021-11-18 11:57:35 - [MESSAGE][INFO] - Finding web element from Test Object's properties

2021-11-18 11:57:35 - [MESSAGE][INFO] - Checking timeout

2021-11-18 11:57:35 - [MESSAGE][INFO] - Finding web element with id: 'Object Repository/Popup/EmailText' located by 'By.xpath: //*[@id="eMails"]' in '30' second(s)

2021-11-18 11:57:35 - [MESSAGE][INFO] - Smart Wait Function is triggered

2021-11-18 11:57:36 - [MESSAGE][INFO] - Found 1 web elements with id: 'Object Repository/Popup/EmailText' located by 'By.xpath: //*[@id="eMails"]' in '30' second(s)

2021-11-18 11:57:36 - [MESSAGE][INFO] - Clearing text of object 'Object Repository/Popup/EmailText'

2021-11-18 11:57:36 - [MESSAGE][PASSED] - Text of object 'Object Repository/Popup/EmailText' is cleared

2021-11-18 11:57:36 - [TEST_STEP][PASSED] - sendKeys(findTestObject("Popup/EmailText"), Email): Keys 'elogotest@gmail.com;ali.kara@logo.com.tr' sent to object: 'Object Repository/Popup/EmailText'

2021-11-18 11:57:36 - [MESSAGE][INFO] - Finding Test Object 'Object Repository/Popup/EmailText'

2021-11-18 11:57:36 - [MESSAGE][INFO] - Sending keys 'elogotest@gmail.com;ali.kara@logo.com.tr' to object: 'Object Repository/Popup/EmailText'

2021-11-18 11:57:36 - [MESSAGE][INFO] - Finding web element from Test Object's properties

2021-11-18 11:57:36 - [MESSAGE][INFO] - Checking timeout

2021-11-18 11:57:36 - [MESSAGE][INFO] - Finding web element with id: 'Object Repository/Popup/EmailText' located by 'By.xpath: //*[@id="eMails"]' in '30' second(s)

2021-11-18 11:57:36 - [MESSAGE][INFO] - Smart Wait Function is triggered

2021-11-18 11:57:36 - [MESSAGE][INFO] - Found 1 web elements with id: 'Object Repository/Popup/EmailText' located by 'By.xpath: //*[@id="eMails"]' in '30' second(s)

2021-11-18 11:57:36 - [MESSAGE][PASSED] - Keys 'elogotest@gmail.com;ali.kara@logo.com.tr' sent to object: 'Object Repository/Popup/EmailText'

2021-11-18 11:57:36 - [MESSAGE][PASSED] - Call Test Case 'Test Cases/Popup/PopupaEmailEklenir' successfully

2021-11-18 11:57:36 - [MESSAGE][INFO] - Checking called Test Case

2021-11-18 11:57:36 - [MESSAGE][INFO] - Starting to call Test Case 'Test Cases/Popup/PopupButonSecilir'

2021-11-18 11:57:36 - [TEST_CASE][PASSED] - Test Cases/Popup/PopupButonSecilir: Test Cases/Popup/PopupButonSecilir

2021-11-18 11:57:36 - [TEST_STEP][PASSED] - Method.TextDegerineEsitElementeTikla(findTestObject("Popup/Popup_Butons"), Buton): Method.TextDegerineEsitElementeTikla is PASSED

2021-11-18 11:57:36 - [MESSAGE][INFO] - Finding Test Object 'Object Repository/Popup/Popup_Butons'

2021-11-18 11:57:36 - [MESSAGE][INFO] - Checking timeout

2021-11-18 11:57:36 - [MESSAGE][INFO] - Finding web element with id: 'Object Repository/Popup/Popup_Butons' located by 'By.cssSelector: .modal-footer>button' in '10' second(s)

2021-11-18 11:57:36 - [MESSAGE][INFO] - Smart Wait Function is triggered

2021-11-18 11:57:37 - [MESSAGE][INFO] - Found 2 web elements with id: 'Object Repository/Popup/Popup_Butons' located by 'By.cssSelector: .modal-footer>button' in '10' second(s)

2021-11-18 11:57:37 - [MESSAGE][PASSED] - Method.TextDegerineEsitElementeTikla is PASSED

2021-11-18 11:57:37 - [MESSAGE][PASSED] - Call Test Case 'Test Cases/Popup/PopupButonSecilir' successfully

2021-11-18 11:57:37 - [MESSAGE][INFO] - Checking called Test Case

2021-11-18 11:57:37 - [MESSAGE][INFO] - Starting to call Test Case 'Test Cases/Popup/PopupMesajiIceriyorMu'

2021-11-18 11:57:37 - [TEST_CASE][PASSED] - Test Cases/Popup/PopupMesajiIceriyorMu: Test Cases/Popup/PopupMesajiIceriyorMu

2021-11-18 11:57:37 - [TEST_STEP][PASSED] - waitForElementVisible(findTestObject("Popup/Popup"), 10): Object 'Object Repository/Popup/Popup' is visible

2021-11-18 11:57:37 - [MESSAGE][INFO] - Finding Test Object 'Object Repository/Popup/Popup'

2021-11-18 11:57:37 - [MESSAGE][INFO] - Checking object

2021-11-18 11:57:37 - [MESSAGE][INFO] - Checking timeout

2021-11-18 11:57:37 - [MESSAGE][INFO] - Finding web element from Test Object's properties

2021-11-18 11:57:37 - [MESSAGE][INFO] - Checking timeout

2021-11-18 11:57:37 - [MESSAGE][INFO] - Finding web element with id: 'Object Repository/Popup/Popup' located by 'By.cssSelector: .bootbox-body' in '10' second(s)

2021-11-18 11:57:37 - [MESSAGE][INFO] - Smart Wait Function is triggered

2021-11-18 11:57:37 - [MESSAGE][INFO] - Found 1 web elements with id: 'Object Repository/Popup/Popup' located by 'By.cssSelector: .bootbox-body' in '10' second(s)

2021-11-18 11:57:37 - [MESSAGE][PASSED] - Object 'Object Repository/Popup/Popup' is visible

2021-11-18 11:57:37 - [TEST_STEP][PASSED] - if (!(getText(findTestObject("Popup/Popup")).contains(Mesaj))): Text of object 'Object Repository/Popup/Popup' is: '17434 no’lu talebiniz işleme alınmıştır. Raporunuz hazırlandığında (elogotest@gmail.com;ali.kara@logo.com.tr) adresinize mail gönderilecektir.
Rapor durumunuzu Raporlar > Toplu Veri İndirme ekranından takip edebilir, hazırlandı durumundaki raporlarınızı ilgili menüden indirebilirsiniz.'

2021-11-18 11:57:37 - [MESSAGE][INFO] - Finding Test Object 'Object Repository/Popup/Popup'

2021-11-18 11:57:37 - [MESSAGE][INFO] - Checking object

2021-11-18 11:57:37 - [MESSAGE][INFO] - Finding web element from Test Object's properties

2021-11-18 11:57:37 - [MESSAGE][INFO] - Checking timeout

2021-11-18 11:57:37 - [MESSAGE][INFO] - Finding web element with id: 'Object Repository/Popup/Popup' located by 'By.cssSelector: .bootbox-body' in '30' second(s)

2021-11-18 11:57:37 - [MESSAGE][INFO] - Smart Wait Function is triggered

2021-11-18 11:57:38 - [MESSAGE][INFO] - Found 1 web elements with id: 'Object Repository/Popup/Popup' located by 'By.cssSelector: .bootbox-body' in '30' second(s)

2021-11-18 11:57:38 - [MESSAGE][INFO] - Getting text of object 'Object Repository/Popup/Popup'

2021-11-18 11:57:38 - [MESSAGE][PASSED] - Text of object 'Object Repository/Popup/Popup' is: '17434 no’lu talebiniz işleme alınmıştır. Raporunuz hazırlandığında (elogotest@gmail.com;ali.kara@logo.com.tr) adresinize mail gönderilecektir.
Rapor durumunuzu Raporlar > Toplu Veri İndirme ekranından takip edebilir, hazırlandı durumundaki raporlarınızı ilgili menüden indirebilirsiniz.'

2021-11-18 11:57:38 - [TEST_STEP][PASSED] - RaporNo = getText(findTestObject("Popup/Popup")).substring(0, 6): Text of object 'Object Repository/Popup/Popup' is: '17434 no’lu talebiniz işleme alınmıştır. Raporunuz hazırlandığında (elogotest@gmail.com;ali.kara@logo.com.tr) adresinize mail gönderilecektir.
Rapor durumunuzu Raporlar > Toplu Veri İndirme ekranından takip edebilir, hazırlandı durumundaki raporlarınızı ilgili menüden indirebilirsiniz.'

2021-11-18 11:57:38 - [MESSAGE][INFO] - Finding Test Object 'Object Repository/Popup/Popup'

2021-11-18 11:57:38 - [MESSAGE][INFO] - Checking object

2021-11-18 11:57:38 - [MESSAGE][INFO] - Finding web element from Test Object's properties

2021-11-18 11:57:38 - [MESSAGE][INFO] - Checking timeout

2021-11-18 11:57:38 - [MESSAGE][INFO] - Finding web element with id: 'Object Repository/Popup/Popup' located by 'By.cssSelector: .bootbox-body' in '30' second(s)

2021-11-18 11:57:38 - [MESSAGE][INFO] - Smart Wait Function is triggered

2021-11-18 11:57:38 - [MESSAGE][INFO] - Found 1 web elements with id: 'Object Repository/Popup/Popup' located by 'By.cssSelector: .bootbox-body' in '30' second(s)

2021-11-18 11:57:38 - [MESSAGE][INFO] - Getting text of object 'Object Repository/Popup/Popup'

2021-11-18 11:57:38 - [MESSAGE][PASSED] - Text of object 'Object Repository/Popup/Popup' is: '17434 no’lu talebiniz işleme alınmıştır. Raporunuz hazırlandığında (elogotest@gmail.com;ali.kara@logo.com.tr) adresinize mail gönderilecektir.
Rapor durumunuzu Raporlar > Toplu Veri İndirme ekranından takip edebilir, hazırlandı durumundaki raporlarınızı ilgili menüden indirebilirsiniz.'

2021-11-18 11:57:38 - [TEST_STEP][PASSED] - Console.println(RaporNo): null

2021-11-18 11:57:38 - [MESSAGE][PASSED] - Call Test Case 'Test Cases/Popup/PopupMesajiIceriyorMu' successfully

2021-11-18 11:57:38 - [MESSAGE][INFO] - Checking called Test Case

2021-11-18 11:57:38 - [MESSAGE][INFO] - Starting to call Test Case 'Test Cases/Popup/PopupButonSecilir'

2021-11-18 11:57:38 - [TEST_CASE][PASSED] - Test Cases/Popup/PopupButonSecilir: Test Cases/Popup/PopupButonSecilir

2021-11-18 11:57:38 - [TEST_STEP][PASSED] - Method.TextDegerineEsitElementeTikla(findTestObject("Popup/Popup_Butons"), Buton): Method.TextDegerineEsitElementeTikla is PASSED

2021-11-18 11:57:38 - [MESSAGE][INFO] - Finding Test Object 'Object Repository/Popup/Popup_Butons'

2021-11-18 11:57:38 - [MESSAGE][INFO] - Checking timeout

2021-11-18 11:57:38 - [MESSAGE][INFO] - Finding web element with id: 'Object Repository/Popup/Popup_Butons' located by 'By.cssSelector: .modal-footer>button' in '10' second(s)

2021-11-18 11:57:38 - [MESSAGE][INFO] - Smart Wait Function is triggered

2021-11-18 11:57:39 - [MESSAGE][INFO] - Found 1 web elements with id: 'Object Repository/Popup/Popup_Butons' located by 'By.cssSelector: .modal-footer>button' in '10' second(s)

2021-11-18 11:57:39 - [MESSAGE][PASSED] - Method.TextDegerineEsitElementeTikla is PASSED

2021-11-18 11:57:39 - [MESSAGE][PASSED] - Call Test Case 'Test Cases/Popup/PopupButonSecilir' successfully

2021-11-18 11:57:39 - [MESSAGE][INFO] - Checking called Test Case

2021-11-18 11:57:39 - [MESSAGE][INFO] - Starting to call Test Case 'Test Cases/Butonlar/ButonaTikla'

2021-11-18 11:57:39 - [TEST_CASE][PASSED] - Test Cases/Butonlar/ButonaTikla: Test Cases/Butonlar/ButonaTikla

2021-11-18 11:57:39 - [TEST_STEP][PASSED] - Method.TextDegerineEsitElementeTiklaEquals(findTestObject("Butonlar/Butonlar"), Buton_Adi): Method.TextDegerineEsitElementeTiklaEquals is PASSED

2021-11-18 11:57:39 - [MESSAGE][INFO] - Finding Test Object 'Object Repository/Butonlar/Butonlar'

2021-11-18 11:57:39 - [MESSAGE][INFO] - Checking timeout

2021-11-18 11:57:39 - [MESSAGE][INFO] - Finding web element with id: 'Object Repository/Butonlar/Butonlar' located by 'By.cssSelector: .panel.panel-default.text-center.footerPanel .btn,.btn.btn-primary.btnControls' in '10' second(s)

2021-11-18 11:57:39 - [MESSAGE][INFO] - Smart Wait Function is triggered

2021-11-18 11:57:39 - [MESSAGE][INFO] - Found 6 web elements with id: 'Object Repository/Butonlar/Butonlar' located by 'By.cssSelector: .panel.panel-default.text-center.footerPanel .btn,.btn.btn-primary.btnControls' in '10' second(s)

2021-11-18 11:57:39 - [MESSAGE][PASSED] - Method.TextDegerineEsitElementeTiklaEquals is PASSED

2021-11-18 11:57:39 - [MESSAGE][PASSED] - Call Test Case 'Test Cases/Butonlar/ButonaTikla' successfully

2021-11-18 11:57:39 - [MESSAGE][INFO] - Checking called Test Case

2021-11-18 11:57:39 - [MESSAGE][INFO] - Starting to call Test Case 'Test Cases/Butonlar/AltButonaTikla'

2021-11-18 11:57:40 - [TEST_CASE][PASSED] - Test Cases/Butonlar/AltButonaTikla: Test Cases/Butonlar/AltButonaTikla

2021-11-18 11:57:40 - [TEST_STEP][PASSED] - Method.TextDegerineEsitElementeTikla(findTestObject("Butonlar/AltButonlar"), Alt_Buton): Method.TextDegerineEsitElementeTikla is PASSED

2021-11-18 11:57:40 - [MESSAGE][INFO] - Finding Test Object 'Object Repository/Butonlar/AltButonlar'

2021-11-18 11:57:40 - [MESSAGE][INFO] - Checking timeout

2021-11-18 11:57:40 - [MESSAGE][INFO] - Finding web element with id: 'Object Repository/Butonlar/AltButonlar' located by 'By.cssSelector: .btn-group.open li>a' in '10' second(s)

2021-11-18 11:57:40 - [MESSAGE][INFO] - Smart Wait Function is triggered

2021-11-18 11:57:40 - [MESSAGE][INFO] - Found 2 web elements with id: 'Object Repository/Butonlar/AltButonlar' located by 'By.cssSelector: .btn-group.open li>a' in '10' second(s)

2021-11-18 11:57:40 - [MESSAGE][PASSED] - Method.TextDegerineEsitElementeTikla is PASSED

2021-11-18 11:57:40 - [MESSAGE][PASSED] - Call Test Case 'Test Cases/Butonlar/AltButonaTikla' successfully

2021-11-18 11:57:40 - [MESSAGE][INFO] - Checking called Test Case

2021-11-18 11:57:40 - [MESSAGE][INFO] - Starting to call Test Case 'Test Cases/Popup/PopupMesajiIceriyorMu'

2021-11-18 11:57:40 - [TEST_CASE][PASSED] - Test Cases/Popup/PopupMesajiIceriyorMu: Test Cases/Popup/PopupMesajiIceriyorMu

2021-11-18 11:57:40 - [TEST_STEP][PASSED] - waitForElementVisible(findTestObject("Popup/Popup"), 10): Object 'Object Repository/Popup/Popup' is visible

2021-11-18 11:57:40 - [MESSAGE][INFO] - Finding Test Object 'Object Repository/Popup/Popup'

2021-11-18 11:57:40 - [MESSAGE][INFO] - Checking object

2021-11-18 11:57:40 - [MESSAGE][INFO] - Checking timeout

2021-11-18 11:57:40 - [MESSAGE][INFO] - Finding web element from Test Object's properties

2021-11-18 11:57:40 - [MESSAGE][INFO] - Checking timeout

2021-11-18 11:57:40 - [MESSAGE][INFO] - Finding web element with id: 'Object Repository/Popup/Popup' located by 'By.cssSelector: .bootbox-body' in '10' second(s)

2021-11-18 11:57:40 - [MESSAGE][INFO] - Smart Wait Function is triggered

2021-11-18 11:57:41 - [MESSAGE][INFO] - Found 1 web elements with id: 'Object Repository/Popup/Popup' located by 'By.cssSelector: .bootbox-body' in '10' second(s)

2021-11-18 11:57:41 - [MESSAGE][PASSED] - Object 'Object Repository/Popup/Popup' is visible

2021-11-18 11:57:41 - [TEST_STEP][PASSED] - if (!(getText(findTestObject("Popup/Popup")).contains(Mesaj))): Text of object 'Object Repository/Popup/Popup' is: 'Lütfen rapor bildiriminin gönderileceği e-posta adresini belirtiniz.
e-Posta Adresi'

2021-11-18 11:57:41 - [MESSAGE][INFO] - Finding Test Object 'Object Repository/Popup/Popup'

2021-11-18 11:57:41 - [MESSAGE][INFO] - Checking object

2021-11-18 11:57:41 - [MESSAGE][INFO] - Finding web element from Test Object's properties

2021-11-18 11:57:41 - [MESSAGE][INFO] - Checking timeout

2021-11-18 11:57:41 - [MESSAGE][INFO] - Finding web element with id: 'Object Repository/Popup/Popup' located by 'By.cssSelector: .bootbox-body' in '30' second(s)

2021-11-18 11:57:41 - [MESSAGE][INFO] - Smart Wait Function is triggered

2021-11-18 11:57:41 - [MESSAGE][INFO] - Found 1 web elements with id: 'Object Repository/Popup/Popup' located by 'By.cssSelector: .bootbox-body' in '30' second(s)

2021-11-18 11:57:41 - [MESSAGE][INFO] - Getting text of object 'Object Repository/Popup/Popup'

2021-11-18 11:57:41 - [MESSAGE][PASSED] - Text of object 'Object Repository/Popup/Popup' is: 'Lütfen rapor bildiriminin gönderileceği e-posta adresini belirtiniz.
e-Posta Adresi'

2021-11-18 11:57:41 - [TEST_STEP][PASSED] - RaporNo = getText(findTestObject("Popup/Popup")).substring(0, 6): Text of object 'Object Repository/Popup/Popup' is: 'Lütfen rapor bildiriminin gönderileceği e-posta adresini belirtiniz.
e-Posta Adresi'

2021-11-18 11:57:41 - [MESSAGE][INFO] - Finding Test Object 'Object Repository/Popup/Popup'

2021-11-18 11:57:41 - [MESSAGE][INFO] - Checking object

2021-11-18 11:57:41 - [MESSAGE][INFO] - Finding web element from Test Object's properties

2021-11-18 11:57:41 - [MESSAGE][INFO] - Checking timeout

2021-11-18 11:57:41 - [MESSAGE][INFO] - Finding web element with id: 'Object Repository/Popup/Popup' located by 'By.cssSelector: .bootbox-body' in '30' second(s)

2021-11-18 11:57:41 - [MESSAGE][INFO] - Smart Wait Function is triggered

2021-11-18 11:57:41 - [MESSAGE][INFO] - Found 1 web elements with id: 'Object Repository/Popup/Popup' located by 'By.cssSelector: .bootbox-body' in '30' second(s)

2021-11-18 11:57:41 - [MESSAGE][INFO] - Getting text of object 'Object Repository/Popup/Popup'

2021-11-18 11:57:41 - [MESSAGE][PASSED] - Text of object 'Object Repository/Popup/Popup' is: 'Lütfen rapor bildiriminin gönderileceği e-posta adresini belirtiniz.
e-Posta Adresi'

2021-11-18 11:57:41 - [TEST_STEP][PASSED] - Console.println(RaporNo): null

2021-11-18 11:57:41 - [MESSAGE][PASSED] - Call Test Case 'Test Cases/Popup/PopupMesajiIceriyorMu' successfully

2021-11-18 11:57:41 - [MESSAGE][INFO] - Checking called Test Case

2021-11-18 11:57:41 - [MESSAGE][INFO] - Starting to call Test Case 'Test Cases/Popup/PopupaEmailEklenir'

2021-11-18 11:57:41 - [TEST_CASE][PASSED] - Test Cases/Popup/PopupaEmailEklenir: Test Cases/Popup/PopupaEmailEklenir

2021-11-18 11:57:41 - [TEST_STEP][PASSED] - clearText(findTestObject("Popup/EmailText")): Text of object 'Object Repository/Popup/EmailText' is cleared

2021-11-18 11:57:41 - [MESSAGE][INFO] - Finding Test Object 'Object Repository/Popup/EmailText'

2021-11-18 11:57:41 - [MESSAGE][INFO] - Checking object

2021-11-18 11:57:41 - [MESSAGE][INFO] - Finding web element from Test Object's properties

2021-11-18 11:57:41 - [MESSAGE][INFO] - Checking timeout

2021-11-18 11:57:41 - [MESSAGE][INFO] - Finding web element with id: 'Object Repository/Popup/EmailText' located by 'By.xpath: //*[@id="eMails"]' in '30' second(s)

2021-11-18 11:57:41 - [MESSAGE][INFO] - Smart Wait Function is triggered

2021-11-18 11:57:42 - [MESSAGE][INFO] - Found 1 web elements with id: 'Object Repository/Popup/EmailText' located by 'By.xpath: //*[@id="eMails"]' in '30' second(s)

2021-11-18 11:57:42 - [MESSAGE][INFO] - Clearing text of object 'Object Repository/Popup/EmailText'

2021-11-18 11:57:42 - [MESSAGE][PASSED] - Text of object 'Object Repository/Popup/EmailText' is cleared

2021-11-18 11:57:42 - [TEST_STEP][PASSED] - sendKeys(findTestObject("Popup/EmailText"), Email): Keys 'elogotest@gmail.com;ali.kara@logo.com.tr' sent to object: 'Object Repository/Popup/EmailText'

2021-11-18 11:57:42 - [MESSAGE][INFO] - Finding Test Object 'Object Repository/Popup/EmailText'

2021-11-18 11:57:42 - [MESSAGE][INFO] - Sending keys 'elogotest@gmail.com;ali.kara@logo.com.tr' to object: 'Object Repository/Popup/EmailText'

2021-11-18 11:57:42 - [MESSAGE][INFO] - Finding web element from Test Object's properties

2021-11-18 11:57:42 - [MESSAGE][INFO] - Checking timeout

2021-11-18 11:57:42 - [MESSAGE][INFO] - Finding web element with id: 'Object Repository/Popup/EmailText' located by 'By.xpath: //*[@id="eMails"]' in '30' second(s)

2021-11-18 11:57:42 - [MESSAGE][INFO] - Smart Wait Function is triggered

2021-11-18 11:57:42 - [MESSAGE][INFO] - Found 1 web elements with id: 'Object Repository/Popup/EmailText' located by 'By.xpath: //*[@id="eMails"]' in '30' second(s)

2021-11-18 11:57:42 - [MESSAGE][PASSED] - Keys 'elogotest@gmail.com;ali.kara@logo.com.tr' sent to object: 'Object Repository/Popup/EmailText'

2021-11-18 11:57:42 - [MESSAGE][PASSED] - Call Test Case 'Test Cases/Popup/PopupaEmailEklenir' successfully

2021-11-18 11:57:42 - [MESSAGE][INFO] - Checking called Test Case

2021-11-18 11:57:42 - [MESSAGE][INFO] - Starting to call Test Case 'Test Cases/Popup/PopupButonSecilir'

2021-11-18 11:57:42 - [TEST_CASE][PASSED] - Test Cases/Popup/PopupButonSecilir: Test Cases/Popup/PopupButonSecilir

2021-11-18 11:57:42 - [TEST_STEP][PASSED] - Method.TextDegerineEsitElementeTikla(findTestObject("Popup/Popup_Butons"), Buton): Method.TextDegerineEsitElementeTikla is PASSED

2021-11-18 11:57:42 - [MESSAGE][INFO] - Finding Test Object 'Object Repository/Popup/Popup_Butons'

2021-11-18 11:57:42 - [MESSAGE][INFO] - Checking timeout

2021-11-18 11:57:42 - [MESSAGE][INFO] - Finding web element with id: 'Object Repository/Popup/Popup_Butons' located by 'By.cssSelector: .modal-footer>button' in '10' second(s)

2021-11-18 11:57:42 - [MESSAGE][INFO] - Smart Wait Function is triggered

2021-11-18 11:57:42 - [MESSAGE][INFO] - Found 2 web elements with id: 'Object Repository/Popup/Popup_Butons' located by 'By.cssSelector: .modal-footer>button' in '10' second(s)

2021-11-18 11:57:43 - [MESSAGE][PASSED] - Method.TextDegerineEsitElementeTikla is PASSED

2021-11-18 11:57:43 - [MESSAGE][PASSED] - Call Test Case 'Test Cases/Popup/PopupButonSecilir' successfully

2021-11-18 11:57:43 - [MESSAGE][INFO] - Checking called Test Case

2021-11-18 11:57:43 - [MESSAGE][INFO] - Starting to call Test Case 'Test Cases/Popup/PopupMesajiIceriyorMu'

2021-11-18 11:57:43 - [TEST_CASE][PASSED] - Test Cases/Popup/PopupMesajiIceriyorMu: Test Cases/Popup/PopupMesajiIceriyorMu

2021-11-18 11:57:43 - [TEST_STEP][PASSED] - waitForElementVisible(findTestObject("Popup/Popup"), 10): Object 'Object Repository/Popup/Popup' is visible

2021-11-18 11:57:43 - [MESSAGE][INFO] - Finding Test Object 'Object Repository/Popup/Popup'

2021-11-18 11:57:43 - [MESSAGE][INFO] - Checking object

2021-11-18 11:57:43 - [MESSAGE][INFO] - Checking timeout

2021-11-18 11:57:43 - [MESSAGE][INFO] - Finding web element from Test Object's properties

2021-11-18 11:57:43 - [MESSAGE][INFO] - Checking timeout

2021-11-18 11:57:43 - [MESSAGE][INFO] - Finding web element with id: 'Object Repository/Popup/Popup' located by 'By.cssSelector: .bootbox-body' in '10' second(s)

2021-11-18 11:57:43 - [MESSAGE][INFO] - Smart Wait Function is triggered

2021-11-18 11:57:43 - [MESSAGE][INFO] - Found 1 web elements with id: 'Object Repository/Popup/Popup' located by 'By.cssSelector: .bootbox-body' in '10' second(s)

2021-11-18 11:57:43 - [MESSAGE][PASSED] - Object 'Object Repository/Popup/Popup' is visible

2021-11-18 11:57:43 - [TEST_STEP][PASSED] - if (!(getText(findTestObject("Popup/Popup")).contains(Mesaj))): Text of object 'Object Repository/Popup/Popup' is: '17435 no’lu talebiniz işleme alınmıştır. Raporunuz hazırlandığında (elogotest@gmail.com;ali.kara@logo.com.tr) adresinize mail gönderilecektir.
Rapor durumunuzu Raporlar > Toplu Veri İndirme ekranından takip edebilir, hazırlandı durumundaki raporlarınızı ilgili menüden indirebilirsiniz.'

2021-11-18 11:57:43 - [MESSAGE][INFO] - Finding Test Object 'Object Repository/Popup/Popup'

2021-11-18 11:57:43 - [MESSAGE][INFO] - Checking object

2021-11-18 11:57:43 - [MESSAGE][INFO] - Finding web element from Test Object's properties

2021-11-18 11:57:43 - [MESSAGE][INFO] - Checking timeout

2021-11-18 11:57:43 - [MESSAGE][INFO] - Finding web element with id: 'Object Repository/Popup/Popup' located by 'By.cssSelector: .bootbox-body' in '30' second(s)

2021-11-18 11:57:43 - [MESSAGE][INFO] - Smart Wait Function is triggered

2021-11-18 11:57:44 - [MESSAGE][INFO] - Found 1 web elements with id: 'Object Repository/Popup/Popup' located by 'By.cssSelector: .bootbox-body' in '30' second(s)

2021-11-18 11:57:44 - [MESSAGE][INFO] - Getting text of object 'Object Repository/Popup/Popup'

2021-11-18 11:57:44 - [MESSAGE][PASSED] - Text of object 'Object Repository/Popup/Popup' is: '17435 no’lu talebiniz işleme alınmıştır. Raporunuz hazırlandığında (elogotest@gmail.com;ali.kara@logo.com.tr) adresinize mail gönderilecektir.
Rapor durumunuzu Raporlar > Toplu Veri İndirme ekranından takip edebilir, hazırlandı durumundaki raporlarınızı ilgili menüden indirebilirsiniz.'

2021-11-18 11:57:44 - [TEST_STEP][PASSED] - RaporNo = getText(findTestObject("Popup/Popup")).substring(0, 6): Text of object 'Object Repository/Popup/Popup' is: '17435 no’lu talebiniz işleme alınmıştır. Raporunuz hazırlandığında (elogotest@gmail.com;ali.kara@logo.com.tr) adresinize mail gönderilecektir.
Rapor durumunuzu Raporlar > Toplu Veri İndirme ekranından takip edebilir, hazırlandı durumundaki raporlarınızı ilgili menüden indirebilirsiniz.'

2021-11-18 11:57:44 - [MESSAGE][INFO] - Finding Test Object 'Object Repository/Popup/Popup'

2021-11-18 11:57:44 - [MESSAGE][INFO] - Checking object

2021-11-18 11:57:44 - [MESSAGE][INFO] - Finding web element from Test Object's properties

2021-11-18 11:57:44 - [MESSAGE][INFO] - Checking timeout

2021-11-18 11:57:44 - [MESSAGE][INFO] - Finding web element with id: 'Object Repository/Popup/Popup' located by 'By.cssSelector: .bootbox-body' in '30' second(s)

2021-11-18 11:57:44 - [MESSAGE][INFO] - Smart Wait Function is triggered

2021-11-18 11:57:44 - [MESSAGE][INFO] - Found 1 web elements with id: 'Object Repository/Popup/Popup' located by 'By.cssSelector: .bootbox-body' in '30' second(s)

2021-11-18 11:57:44 - [MESSAGE][INFO] - Getting text of object 'Object Repository/Popup/Popup'

2021-11-18 11:57:44 - [MESSAGE][PASSED] - Text of object 'Object Repository/Popup/Popup' is: '17435 no’lu talebiniz işleme alınmıştır. Raporunuz hazırlandığında (elogotest@gmail.com;ali.kara@logo.com.tr) adresinize mail gönderilecektir.
Rapor durumunuzu Raporlar > Toplu Veri İndirme ekranından takip edebilir, hazırlandı durumundaki raporlarınızı ilgili menüden indirebilirsiniz.'

2021-11-18 11:57:44 - [TEST_STEP][PASSED] - Console.println(RaporNo): null

2021-11-18 11:57:44 - [MESSAGE][PASSED] - Call Test Case 'Test Cases/Popup/PopupMesajiIceriyorMu' successfully

2021-11-18 11:57:44 - [MESSAGE][INFO] - Checking called Test Case

2021-11-18 11:57:44 - [MESSAGE][INFO] - Starting to call Test Case 'Test Cases/Popup/PopupButonSecilir'

2021-11-18 11:57:44 - [TEST_CASE][PASSED] - Test Cases/Popup/PopupButonSecilir: Test Cases/Popup/PopupButonSecilir

2021-11-18 11:57:44 - [TEST_STEP][PASSED] - Method.TextDegerineEsitElementeTikla(findTestObject("Popup/Popup_Butons"), Buton): Method.TextDegerineEsitElementeTikla is PASSED

2021-11-18 11:57:44 - [MESSAGE][INFO] - Finding Test Object 'Object Repository/Popup/Popup_Butons'

2021-11-18 11:57:44 - [MESSAGE][INFO] - Checking timeout

2021-11-18 11:57:44 - [MESSAGE][INFO] - Finding web element with id: 'Object Repository/Popup/Popup_Butons' located by 'By.cssSelector: .modal-footer>button' in '10' second(s)

2021-11-18 11:57:44 - [MESSAGE][INFO] - Smart Wait Function is triggered

2021-11-18 11:57:44 - [MESSAGE][INFO] - Found 1 web elements with id: 'Object Repository/Popup/Popup_Butons' located by 'By.cssSelector: .modal-footer>button' in '10' second(s)

2021-11-18 11:57:45 - [MESSAGE][PASSED] - Method.TextDegerineEsitElementeTikla is PASSED

2021-11-18 11:57:45 - [MESSAGE][PASSED] - Call Test Case 'Test Cases/Popup/PopupButonSecilir' successfully

2021-11-18 11:57:45 - [MESSAGE][INFO] - Checking called Test Case

2021-11-18 11:57:45 - [MESSAGE][INFO] - Starting to call Test Case 'Test Cases/Menu/AnaMenuSecimi'

2021-11-18 11:57:45 - [TEST_CASE][PASSED] - Test Cases/Menu/AnaMenuSecimi: Test Cases/Menu/AnaMenuSecimi

2021-11-18 11:57:45 - [TEST_STEP][PASSED] - Method.TextDegerineEsitElementeTikla(findTestObject("Menu/Ana_Menu"), Ana_Menu): Method.TextDegerineEsitElementeTikla is PASSED

2021-11-18 11:57:45 - [MESSAGE][INFO] - Finding Test Object 'Object Repository/Menu/Ana_Menu'

2021-11-18 11:57:45 - [MESSAGE][INFO] - Checking timeout

2021-11-18 11:57:45 - [MESSAGE][INFO] - Finding web element with id: 'Object Repository/Menu/Ana_Menu' located by 'By.xpath: //*[@class = 'dropdown-toggle']' in '10' second(s)

2021-11-18 11:57:45 - [MESSAGE][INFO] - Smart Wait Function is triggered

2021-11-18 11:57:45 - [MESSAGE][INFO] - Found 14 web elements with id: 'Object Repository/Menu/Ana_Menu' located by 'By.xpath: //*[@class = 'dropdown-toggle']' in '10' second(s)

2021-11-18 11:57:46 - [MESSAGE][PASSED] - Method.TextDegerineEsitElementeTikla is PASSED

2021-11-18 11:57:46 - [MESSAGE][PASSED] - Call Test Case 'Test Cases/Menu/AnaMenuSecimi' successfully

2021-11-18 11:57:46 - [MESSAGE][INFO] - Checking called Test Case

2021-11-18 11:57:46 - [MESSAGE][INFO] - Starting to call Test Case 'Test Cases/Menu/AltMenuSecimi'

2021-11-18 11:57:46 - [TEST_CASE][PASSED] - Test Cases/Menu/AltMenuSecimi: Test Cases/Menu/AltMenuSecimi

2021-11-18 11:57:46 - [TEST_STEP][PASSED] - Method.TextDegerineEsitElementeTikla(findTestObject("Menu/Alt_Menu"), Alt_Menu): Method.TextDegerineEsitElementeTikla is PASSED

2021-11-18 11:57:46 - [MESSAGE][INFO] - Finding Test Object 'Object Repository/Menu/Alt_Menu'

2021-11-18 11:57:46 - [MESSAGE][INFO] - Checking timeout

2021-11-18 11:57:46 - [MESSAGE][INFO] - Finding web element with id: 'Object Repository/Menu/Alt_Menu' located by 'By.xpath: //li[@class='dropdown dropdown-large open']//li[@class='dropdown-element']' in '10' second(s)

2021-11-18 11:57:46 - [MESSAGE][INFO] - Smart Wait Function is triggered

2021-11-18 11:57:46 - [MESSAGE][INFO] - Found 9 web elements with id: 'Object Repository/Menu/Alt_Menu' located by 'By.xpath: //li[@class='dropdown dropdown-large open']//li[@class='dropdown-element']' in '10' second(s)

2021-11-18 11:57:47 - [MESSAGE][PASSED] - Method.TextDegerineEsitElementeTikla is PASSED

2021-11-18 11:57:47 - [MESSAGE][PASSED] - Call Test Case 'Test Cases/Menu/AltMenuSecimi' successfully

2021-11-18 11:57:47 - [MESSAGE][INFO] - Checking called Test Case

2021-11-18 11:57:47 - [MESSAGE][INFO] - Starting to call Test Case 'Test Cases/Filtreler/RaporNoYaz'

2021-11-18 11:57:47 - [TEST_CASE][PASSED] - Test Cases/Filtreler/RaporNoYaz: Test Cases/Filtreler/RaporNoYaz

2021-11-18 11:57:47 - [TEST_STEP][PASSED] - Method.TextDegerineEsitElementinAltindakiTextboxtaYaz(findTestObject("Filtreler/Basliklar"), findTestObject("Filtreler/Basliga_Gore_Textbox"), "Talep No", RaporNo): Method.TextDegerineEsitElementinAltindakiTextboxtaYaz is PASSED

2021-11-18 11:57:47 - [MESSAGE][INFO] - Finding Test Object 'Object Repository/Filtreler/Basliklar'

2021-11-18 11:57:47 - [MESSAGE][INFO] - Finding Test Object 'Object Repository/Filtreler/Basliga_Gore_Textbox'

2021-11-18 11:57:47 - [MESSAGE][INFO] - Checking timeout

2021-11-18 11:57:47 - [MESSAGE][INFO] - Finding web element with id: 'Object Repository/Filtreler/Basliklar' located by 'By.cssSelector: .control-label.col-sm-4.paddingMarginRLC' in '10' second(s)

2021-11-18 11:57:47 - [MESSAGE][INFO] - Smart Wait Function is triggered

2021-11-18 11:57:47 - [MESSAGE][INFO] - Found 8 web elements with id: 'Object Repository/Filtreler/Basliklar' located by 'By.cssSelector: .control-label.col-sm-4.paddingMarginRLC' in '10' second(s)

2021-11-18 11:57:47 - [MESSAGE][INFO] - Smart Wait Function is triggered

2021-11-18 11:57:48 - [MESSAGE][PASSED] - Method.TextDegerineEsitElementinAltindakiTextboxtaYaz is PASSED

2021-11-18 11:57:48 - [MESSAGE][PASSED] - Call Test Case 'Test Cases/Filtreler/RaporNoYaz' successfully

2021-11-18 11:57:48 - [MESSAGE][INFO] - Checking called Test Case

2021-11-18 11:57:48 - [MESSAGE][INFO] - Starting to call Test Case 'Test Cases/Filtreler/ButonaTikla'

2021-11-18 11:57:48 - [TEST_CASE][PASSED] - Test Cases/Filtreler/ButonaTikla: Test Cases/Filtreler/ButonaTikla

2021-11-18 11:57:48 - [TEST_STEP][PASSED] - Method.TextDegerineEsitElementeTikla(findTestObject("Filtreler/Butonlar"), Filtre_Buton): Method.TextDegerineEsitElementeTikla is PASSED

2021-11-18 11:57:48 - [MESSAGE][INFO] - Finding Test Object 'Object Repository/Filtreler/Butonlar'

2021-11-18 11:57:48 - [MESSAGE][INFO] - Checking timeout

2021-11-18 11:57:48 - [MESSAGE][INFO] - Finding web element with id: 'Object Repository/Filtreler/Butonlar' located by 'By.cssSelector: .dxb>span' in '10' second(s)

2021-11-18 11:57:48 - [MESSAGE][INFO] - Smart Wait Function is triggered

2021-11-18 11:57:48 - [MESSAGE][INFO] - Found 2 web elements with id: 'Object Repository/Filtreler/Butonlar' located by 'By.cssSelector: .dxb>span' in '10' second(s)

2021-11-18 11:57:48 - [MESSAGE][PASSED] - Method.TextDegerineEsitElementeTikla is PASSED

2021-11-18 11:57:48 - [MESSAGE][PASSED] - Call Test Case 'Test Cases/Filtreler/ButonaTikla' successfully

2021-11-18 11:57:48 - [MESSAGE][INFO] - Checking called Test Case

2021-11-18 11:57:48 - [MESSAGE][INFO] - Starting to call Test Case 'Test Cases/Tablo/TablodaVeriVarMi'

2021-11-18 11:57:48 - [TEST_CASE][PASSED] - Test Cases/Tablo/TablodaVeriVarMi: Test Cases/Tablo/TablodaVeriVarMi

2021-11-18 11:57:48 - [TEST_STEP][PASSED] - verifyTextNotPresent("Görüntülenecek veri yok", true): Text 'Görüntülenecek veri yok' is not present on page using regular expression

2021-11-18 11:57:48 - [MESSAGE][INFO] - Checking text present  using regular expression

2021-11-18 11:57:48 - [MESSAGE][INFO] - Smart Wait Function is triggered

2021-11-18 11:57:49 - [MESSAGE][INFO] - Finding text 'Görüntülenecek veri yok' on page  using regular expression

2021-11-18 11:57:49 - [MESSAGE][PASSED] - Text 'Görüntülenecek veri yok' is not present on page using regular expression

2021-11-18 11:57:49 - [MESSAGE][PASSED] - Call Test Case 'Test Cases/Tablo/TablodaVeriVarMi' successfully

2021-11-18 11:57:49 - [MESSAGE][INFO] - Checking called Test Case

2021-11-18 11:57:49 - [MESSAGE][INFO] - Starting to call Test Case 'Test Cases/Kullanici_Islemleri/KullaniciIslemlerindenSecimYapilir'

2021-11-18 11:57:49 - [TEST_CASE][PASSED] - Test Cases/Kullanici_Islemleri/KullaniciIslemlerindenSecimYapilir: Test Cases/Kullanici_Islemleri/KullaniciIslemlerindenSecimYapilir

2021-11-18 11:57:49 - [TEST_STEP][PASSED] - waitForElementClickable(findTestObject("Object Repository/Kullanici_Islemleri/KullaniciIslemleri"), 10): Object 'Object Repository/Kullanici_Islemleri/KullaniciIslemleri' is clickable

2021-11-18 11:57:49 - [MESSAGE][INFO] - Finding Test Object 'Object Repository/Kullanici_Islemleri/KullaniciIslemleri'

2021-11-18 11:57:49 - [MESSAGE][INFO] - Checking object

2021-11-18 11:57:49 - [MESSAGE][INFO] - Checking timeout

2021-11-18 11:57:49 - [MESSAGE][INFO] - Finding web element from Test Object's properties

2021-11-18 11:57:49 - [MESSAGE][INFO] - Checking timeout

2021-11-18 11:57:49 - [MESSAGE][INFO] - Finding web element with id: 'Object Repository/Kullanici_Islemleri/KullaniciIslemleri' located by 'By.cssSelector: .dropdown>a>img' in '10' second(s)

2021-11-18 11:57:49 - [MESSAGE][INFO] - Smart Wait Function is triggered

2021-11-18 11:57:49 - [MESSAGE][INFO] - Found 1 web elements with id: 'Object Repository/Kullanici_Islemleri/KullaniciIslemleri' located by 'By.cssSelector: .dropdown>a>img' in '10' second(s)

2021-11-18 11:57:49 - [MESSAGE][PASSED] - Object 'Object Repository/Kullanici_Islemleri/KullaniciIslemleri' is clickable

2021-11-18 11:57:49 - [TEST_STEP][PASSED] - click(findTestObject("Object Repository/Kullanici_Islemleri/KullaniciIslemleri")): Object: 'Object Repository/Kullanici_Islemleri/KullaniciIslemleri' is clicked on

2021-11-18 11:57:49 - [MESSAGE][INFO] - Finding Test Object 'Object Repository/Kullanici_Islemleri/KullaniciIslemleri'

2021-11-18 11:57:49 - [MESSAGE][INFO] - Checking object

2021-11-18 11:57:49 - [MESSAGE][INFO] - Finding web element from Test Object's properties

2021-11-18 11:57:49 - [MESSAGE][INFO] - Checking timeout

2021-11-18 11:57:49 - [MESSAGE][INFO] - Finding web element with id: 'Object Repository/Kullanici_Islemleri/KullaniciIslemleri' located by 'By.cssSelector: .dropdown>a>img' in '30' second(s)

2021-11-18 11:57:49 - [MESSAGE][INFO] - Smart Wait Function is triggered

2021-11-18 11:57:50 - [MESSAGE][INFO] - Found 1 web elements with id: 'Object Repository/Kullanici_Islemleri/KullaniciIslemleri' located by 'By.cssSelector: .dropdown>a>img' in '30' second(s)

2021-11-18 11:57:50 - [MESSAGE][INFO] - Clicking on object: 'Object Repository/Kullanici_Islemleri/KullaniciIslemleri'

2021-11-18 11:57:50 - [MESSAGE][PASSED] - Object: 'Object Repository/Kullanici_Islemleri/KullaniciIslemleri' is clicked on

2021-11-18 11:57:50 - [TEST_STEP][PASSED] - Method.TextDegerineEsitElementeTikla(findTestObject("Object Repository/Kullanici_Islemleri/Secenekler"), Islem): Method.TextDegerineEsitElementeTikla is PASSED

2021-11-18 11:57:50 - [MESSAGE][INFO] - Finding Test Object 'Object Repository/Kullanici_Islemleri/Secenekler'

2021-11-18 11:57:50 - [MESSAGE][INFO] - Checking timeout

2021-11-18 11:57:50 - [MESSAGE][INFO] - Finding web element with id: 'Object Repository/Kullanici_Islemleri/Secenekler' located by 'By.cssSelector: .nav.navbar-nav.navbar-right li a' in '10' second(s)

2021-11-18 11:57:50 - [MESSAGE][INFO] - Smart Wait Function is triggered

2021-11-18 11:57:50 - [MESSAGE][INFO] - Found 22 web elements with id: 'Object Repository/Kullanici_Islemleri/Secenekler' located by 'By.cssSelector: .nav.navbar-nav.navbar-right li a' in '10' second(s)

2021-11-18 11:57:51 - [MESSAGE][PASSED] - Method.TextDegerineEsitElementeTikla is PASSED

2021-11-18 11:57:51 - [TEST_STEP][PASSED] - verifyElementNotPresent(findTestObject("Object Repository/Kullanici_Islemleri/Secenekler"), 10): Web element with id: 'Object Repository/Kullanici_Islemleri/Secenekler' located by 'By.cssSelector: .nav.navbar-nav.navbar-right li a' is not present after '10' second(s)

2021-11-18 11:57:51 - [MESSAGE][INFO] - Finding Test Object 'Object Repository/Kullanici_Islemleri/Secenekler'

2021-11-18 11:57:51 - [MESSAGE][INFO] - Checking object

2021-11-18 11:57:51 - [MESSAGE][INFO] - Checking timeout

2021-11-18 11:57:51 - [MESSAGE][INFO] - Finding web element with id: 'Object Repository/Kullanici_Islemleri/Secenekler' located by 'By.cssSelector: .nav.navbar-nav.navbar-right li a' in '10' second(s)

2021-11-18 11:57:51 - [MESSAGE][INFO] - Smart Wait Function is triggered

2021-11-18 11:57:52 - [MESSAGE][PASSED] - Web element with id: 'Object Repository/Kullanici_Islemleri/Secenekler' located by 'By.cssSelector: .nav.navbar-nav.navbar-right li a' is not present after '10' second(s)

2021-11-18 11:57:52 - [MESSAGE][PASSED] - Call Test Case 'Test Cases/Kullanici_Islemleri/KullaniciIslemlerindenSecimYapilir' successfully

2021-11-18 11:57:52 - [TEST_CASE][PASSED] - Start Test Case : SCENARIO Giden Zarflar Toplu Indirme - UBL Secilenlerin indirilmesi: SCENARIO Giden Zarflar Toplu Indirme - UBL Secilenlerin indirilmesi

2021-11-18 11:57:52 - [TEST_STEP][PASSED] - Kullanıcı adı ELOGO6 ve Şifre 123456 olarak giriş yapılır: Kullanıcı adı ELOGO6 ve Şifre 123456 olarak giriş yapılır

2021-11-18 11:57:52 - [MESSAGE][PASSED] - Kullanıcı adı ELOGO6 ve Şifre 123456 olarak giriş yapılır

2021-11-18 11:57:52 - [TEST_STEP][PASSED] - Ana menüden Zarflar seçilir: Ana menüden Zarflar seçilir

2021-11-18 11:57:52 - [MESSAGE][PASSED] - Ana menüden Zarflar seçilir

2021-11-18 11:57:52 - [TEST_STEP][PASSED] - Alt menüden Giden Zarflar seçilir: Alt menüden Giden Zarflar seçilir

2021-11-18 11:57:52 - [MESSAGE][PASSED] - Alt menüden Giden Zarflar seçilir

2021-11-18 11:57:52 - [TEST_STEP][PASSED] - Filtrelerden Oluşturma Tarihi filtresine 01.12.2020 baslangic degerini yaz: Filtrelerden Oluşturma Tarihi filtresine 01.12.2020 baslangic degerini yaz

2021-11-18 11:57:52 - [MESSAGE][PASSED] - Filtrelerden Oluşturma Tarihi filtresine 01.12.2020 baslangic degerini yaz

2021-11-18 11:57:52 - [TEST_STEP][PASSED] - Filtrelerden Oluşturma Tarihi filtresine 31.12.2020 bitis degerini yaz: Filtrelerden Oluşturma Tarihi filtresine 31.12.2020 bitis degerini yaz

2021-11-18 11:57:52 - [MESSAGE][PASSED] - Filtrelerden Oluşturma Tarihi filtresine 31.12.2020 bitis degerini yaz

2021-11-18 11:57:52 - [TEST_STEP][PASSED] - Filtrelerden Alıcı Ünvanı filtresine Test Kurum 6 textini yaz: Filtrelerden Alıcı Ünvanı filtresine Test Kurum 6 textini yaz

2021-11-18 11:57:52 - [MESSAGE][PASSED] - Filtrelerden Alıcı Ünvanı filtresine Test Kurum 6 textini yaz

2021-11-18 11:57:52 - [TEST_STEP][PASSED] - Filtre butonlarından Listele seçilir: Filtre butonlarından Listele seçilir

2021-11-18 11:57:52 - [MESSAGE][PASSED] - Filtre butonlarından Listele seçilir

2021-11-18 11:57:52 - [TEST_STEP][PASSED] - Tabloda veri var mı kontrol edilir: Tabloda veri var mı kontrol edilir

2021-11-18 11:57:52 - [MESSAGE][PASSED] - Tabloda veri var mı kontrol edilir

2021-11-18 11:57:52 - [TEST_STEP][PASSED] - Tablodan Test Kurum 6 isimli veri seçilir: Tablodan Test Kurum 6 isimli veri seçilir

2021-11-18 11:57:52 - [MESSAGE][PASSED] - Tablodan Test Kurum 6 isimli veri seçilir

2021-11-18 11:57:52 - [TEST_STEP][PASSED] - Butonlardan Toplu İndirme isimli butona tıklanır: Butonlardan Toplu İndirme isimli butona tıklanır

2021-11-18 11:57:52 - [MESSAGE][PASSED] - Butonlardan Toplu İndirme isimli butona tıklanır

2021-11-18 11:57:52 - [TEST_STEP][PASSED] - Alt butonlardan UBL Seçilenleri İndir butonuna tıklanır: Alt butonlardan UBL Seçilenleri İndir butonuna tıklanır

2021-11-18 11:57:52 - [MESSAGE][PASSED] - Alt butonlardan UBL Seçilenleri İndir butonuna tıklanır

2021-11-18 11:57:52 - [TEST_STEP][PASSED] - Popup mesajı Lütfen rapor bildiriminin gönderileceği e-posta adresini belirtiniz. içeriyor mu: Popup mesajı Lütfen rapor bildiriminin gönderileceği e-posta adresini belirtiniz. içeriyor mu

2021-11-18 11:57:52 - [MESSAGE][PASSED] - Popup mesajı Lütfen rapor bildiriminin gönderileceği e-posta adresini belirtiniz. içeriyor mu

2021-11-18 11:57:52 - [TEST_STEP][PASSED] - Popup email elogotest@gmail.com;ali.kara@logo.com.tr olarak girilir: Popup email elogotest@gmail.com;ali.kara@logo.com.tr olarak girilir

2021-11-18 11:57:52 - [MESSAGE][PASSED] - Popup email elogotest@gmail.com;ali.kara@logo.com.tr olarak girilir

2021-11-18 11:57:52 - [TEST_STEP][PASSED] - Yönetim popupında Gönder seçilir: Yönetim popupında Gönder seçilir

2021-11-18 11:57:52 - [MESSAGE][PASSED] - Yönetim popupında Gönder seçilir

2021-11-18 11:57:52 - [TEST_STEP][PASSED] - Popup mesajı Toplu Veri İndirme içeriyor mu: Popup mesajı Toplu Veri İndirme içeriyor mu

2021-11-18 11:57:52 - [MESSAGE][PASSED] - Popup mesajı Toplu Veri İndirme içeriyor mu

2021-11-18 11:57:52 - [TEST_STEP][PASSED] - Yönetim popupında Tamam seçilir: Yönetim popupında Tamam seçilir

2021-11-18 11:57:52 - [MESSAGE][PASSED] - Yönetim popupında Tamam seçilir

2021-11-18 11:57:52 - [TEST_STEP][PASSED] - Butonlardan Toplu İndirme isimli butona tıklanır: Butonlardan Toplu İndirme isimli butona tıklanır

2021-11-18 11:57:52 - [MESSAGE][PASSED] - Butonlardan Toplu İndirme isimli butona tıklanır

2021-11-18 11:57:52 - [TEST_STEP][PASSED] - Alt butonlardan UBL Tümünü İndir butonuna tıklanır: Alt butonlardan UBL Tümünü İndir butonuna tıklanır

2021-11-18 11:57:52 - [MESSAGE][PASSED] - Alt butonlardan UBL Tümünü İndir butonuna tıklanır

2021-11-18 11:57:52 - [TEST_STEP][PASSED] - Popup mesajı Lütfen rapor bildiriminin gönderileceği e-posta adresini belirtiniz. içeriyor mu: Popup mesajı Lütfen rapor bildiriminin gönderileceği e-posta adresini belirtiniz. içeriyor mu

2021-11-18 11:57:52 - [MESSAGE][PASSED] - Popup mesajı Lütfen rapor bildiriminin gönderileceği e-posta adresini belirtiniz. içeriyor mu

2021-11-18 11:57:52 - [TEST_STEP][PASSED] - Popup email elogotest@gmail.com;ali.kara@logo.com.tr olarak girilir: Popup email elogotest@gmail.com;ali.kara@logo.com.tr olarak girilir

2021-11-18 11:57:52 - [MESSAGE][PASSED] - Popup email elogotest@gmail.com;ali.kara@logo.com.tr olarak girilir

2021-11-18 11:57:52 - [TEST_STEP][PASSED] - Yönetim popupında Gönder seçilir: Yönetim popupında Gönder seçilir

2021-11-18 11:57:52 - [MESSAGE][PASSED] - Yönetim popupında Gönder seçilir

2021-11-18 11:57:52 - [TEST_STEP][PASSED] - Popup mesajı Toplu Veri İndirme içeriyor mu: Popup mesajı Toplu Veri İndirme içeriyor mu

2021-11-18 11:57:52 - [MESSAGE][PASSED] - Popup mesajı Toplu Veri İndirme içeriyor mu

2021-11-18 11:57:52 - [TEST_STEP][PASSED] - Yönetim popupında Tamam seçilir: Yönetim popupında Tamam seçilir

2021-11-18 11:57:52 - [MESSAGE][PASSED] - Yönetim popupında Tamam seçilir

2021-11-18 11:57:52 - [TEST_STEP][PASSED] - Ana menüden Raporlar seçilir: Ana menüden Raporlar seçilir

2021-11-18 11:57:52 - [MESSAGE][PASSED] - Ana menüden Raporlar seçilir

2021-11-18 11:57:52 - [TEST_STEP][PASSED] - Alt menüden Toplu Veri İndirme seçilir: Alt menüden Toplu Veri İndirme seçilir

2021-11-18 11:57:52 - [MESSAGE][PASSED] - Alt menüden Toplu Veri İndirme seçilir

2021-11-18 11:57:52 - [TEST_STEP][PASSED] - Filtrelerden Talep No filtresine Rapor No bilgisi yaz: Filtrelerden Talep No filtresine Rapor No bilgisi yaz

2021-11-18 11:57:52 - [MESSAGE][PASSED] - Filtrelerden Talep No filtresine Rapor No bilgisi yaz

2021-11-18 11:57:52 - [TEST_STEP][PASSED] - Filtre butonlarından Listele seçilir: Filtre butonlarından Listele seçilir

2021-11-18 11:57:52 - [MESSAGE][PASSED] - Filtre butonlarından Listele seçilir

2021-11-18 11:57:52 - [TEST_STEP][PASSED] - Tabloda veri var mı kontrol edilir: Tabloda veri var mı kontrol edilir

2021-11-18 11:57:52 - [MESSAGE][PASSED] - Tabloda veri var mı kontrol edilir

2021-11-18 11:57:52 - [TEST_STEP][PASSED] - Kullanıcı işlemlerinden Çıkış seçilir: Kullanıcı işlemlerinden Çıkış seçilir

2021-11-18 11:57:52 - [MESSAGE][PASSED] - Kullanıcı işlemlerinden Çıkış seçilir

2021-11-18 11:57:52 - [MESSAGE][PASSED] - Feature file: 'Include/features/Zarflar/Giden Zarflar/Toplu Indirme.feature' was passed

2021-11-18 11:57:52 - [TEST_STEP][PASSED] - Start listener action : sampleAfterTestSuite: Invoke 'com.kms.katalon.core.annotation.AfterTestCase' method: 'Listener.sampleAfterTestSuite(...)' completed.

2021-11-18 11:57:52 - [MESSAGE][INFO] - Starting invoke 'com.kms.katalon.core.annotation.AfterTestCase' method: 'Listener.sampleAfterTestSuite(...)'

2021-11-18 11:57:52 - [TEST_STEP][PASSED] - closeBrowser(): Invoke 'com.kms.katalon.core.annotation.AfterTestCase' method: 'Listener.sampleAfterTestSuite(...)' completed.

2021-11-18 11:57:52 - [MESSAGE][INFO] - Closing browser

2021-11-18 11:57:52 - [MESSAGE][PASSED] - Browser is closed

2021-11-18 11:57:52 - [MESSAGE][INFO] - Invoke 'com.kms.katalon.core.annotation.AfterTestCase' method: 'Listener.sampleAfterTestSuite(...)' completed.]]></system-out>
         <system-err><![CDATA[]]></system-err>
      </testcase>
      <system-out><![CDATA[2021-11-18 11:29:02 - [TEST_SUITE][PASSED] - ExceleAktarVeTopluIndirme: Test Cases/Case Repository/Zarflar/Giden Zarflar/Toplu Indirme]]></system-out>
      <system-err><![CDATA[]]></system-err>
   </testsuite>
</testsuites>
