<?xml version="1.0" encoding="UTF-8"?>
<testsuites name="e-Irsaliye" time="257.124" tests="1" failures="1" errors="0">
   <testsuite name="e-Irsaliye" tests="1" failures="1" errors="0" time="257.124" skipped="0" timestamp="2021-11-23 10:00:11" hostname="DELL - DESKTOP-QBVMTUG" id="">
      <properties>
         <property name="deviceName" value=""/>
         <property name="devicePlatform" value=""/>
         <property name="logFolder" value="C:\\Users\\DELL\\Documents\\GitHub\\EES_KatalonLogo\\Reports\\20211123_094648\\Suite Repository\\e-Irsaliye\\20211123_094648"/>
         <property name="logFiles" value="C:\\Users\\DELL\\Documents\\GitHub\\EES_KatalonLogo\\Reports\\20211123_094648\\Suite Repository\\e-Irsaliye\\20211123_094648\\execution0.log"/>
         <property name="attachments" value=""/>
         <property name="hostName" value="DELL - DESKTOP-QBVMTUG"/>
         <property name="os" value="Windows 10 64bit"/>
         <property name="katalonVersion" value="8.0.5.208"/>
         <property name="browser" value="Chrome 96.0.4664.45"/>
         <property name="hostAddress" value="192.168.1.24"/>
         <property name="sessionId" value="b0768e768b4fffbfb2fde77a9f82d328"/>
         <property name="seleniumVersion" value="3.141.59"/>
         <property name="proxyInformation" value="ProxyInformation { proxyOption=NO_PROXY, proxyServerType=HTTP, username=, password=********, proxyServerAddress=, proxyServerPort=0, executionList=&quot;&quot;, isApplyToDesiredCapabilities=true }"/>
         <property name="platform" value="Windows 10"/>
      </properties>
      <testcase name="Test Cases/Case Repository/e-Irsaliye/e-Irsaliye Araclari/e-Irsaliye Olusturma/Ekle/TCKN-Temel Irsaliye-Sevk Tipinde" time="250.948" classname="Test Cases/Case Repository/e-Irsaliye/e-Irsaliye Araclari/e-Irsaliye Olusturma/Ekle/TCKN-Temel Irsaliye-Sevk Tipinde" status="FAILED">
         <failure type="FAILED" message="Test Cases/Case Repository/e-Irsaliye/e-Irsaliye Araclari/e-Irsaliye Olusturma/Ekle/TCKN-Temel Irsaliye-Sevk Tipinde FAILED.
Reason:
com.kms.katalon.core.exception.StepFailedException: Feature file 'Include/features/e-Irsaliye/e-Irsaliye Araclari/e-Irsaliye Olusturma/Ekle/TCKN-Temel Irsaliye-Sevk Tipinde.feature' was failed
	at com.kms.katalon.core.keyword.internal.KeywordMain.stepFailed(KeywordMain.groovy:50)
	at com.kms.katalon.core.keyword.internal.KeywordMain.stepFailed(KeywordMain.groovy)
	at com.kms.katalon.core.keyword.internal.KeywordMain.stepFailed(KeywordMain.groovy:23)
	at com.kms.katalon.core.keyword.internal.KeywordMain$stepFailed$0.call(Unknown Source)
	at com.kms.katalon.core.cucumber.keyword.CucumberBuiltinKeywords$_runFeatureFile_closure1.doCall(CucumberBuiltinKeywords.groovy:112)
	at com.kms.katalon.core.cucumber.keyword.CucumberBuiltinKeywords$_runFeatureFile_closure1.doCall(CucumberBuiltinKeywords.groovy)
	at com.kms.katalon.core.keyword.internal.KeywordMain.runKeyword(KeywordMain.groovy:68)
	at com.kms.katalon.core.keyword.internal.KeywordMain$runKeyword.call(Unknown Source)
	at com.kms.katalon.core.cucumber.keyword.CucumberBuiltinKeywords.runFeatureFile(CucumberBuiltinKeywords.groovy:73)
	at com.kms.katalon.core.cucumber.keyword.CucumberBuiltinKeywords$runFeatureFile$0.callStatic(Unknown Source)
	at com.kms.katalon.core.cucumber.keyword.CucumberBuiltinKeywords.runFeatureFile(CucumberBuiltinKeywords.groovy:246)
	at com.kms.katalon.core.cucumber.keyword.CucumberBuiltinKeywords$runFeatureFile.call(Unknown Source)
	at TCKN-Temel Irsaliye-Sevk Tipinde.run(TCKN-Temel Irsaliye-Sevk Tipinde:17)
	at com.kms.katalon.core.main.ScriptEngine.run(ScriptEngine.java:194)
	at com.kms.katalon.core.main.ScriptEngine.runScriptAsRawText(ScriptEngine.java:119)
	at com.kms.katalon.core.main.TestCaseExecutor.runScript(TestCaseExecutor.java:369)
	at com.kms.katalon.core.main.TestCaseExecutor.doExecute(TestCaseExecutor.java:360)
	at com.kms.katalon.core.main.TestCaseExecutor.processExecutionPhase(TestCaseExecutor.java:339)
	at com.kms.katalon.core.main.TestCaseExecutor.accessMainPhase(TestCaseExecutor.java:331)
	at com.kms.katalon.core.main.TestCaseExecutor.execute(TestCaseExecutor.java:248)
	at com.kms.katalon.core.main.TestSuiteExecutor.accessTestCaseMainPhase(TestSuiteExecutor.java:191)
	at com.kms.katalon.core.main.TestSuiteExecutor.accessTestSuiteMainPhase(TestSuiteExecutor.java:140)
	at com.kms.katalon.core.main.TestSuiteExecutor.execute(TestSuiteExecutor.java:89)
	at com.kms.katalon.core.main.TestCaseMain.startTestSuite(TestCaseMain.java:181)
	at com.kms.katalon.core.main.TestCaseMain$startTestSuite$0.call(Unknown Source)
	at TempTestSuite1637650008144.run(TempTestSuite1637650008144.groovy:39)
"/>
         <system-out><![CDATA[2021-11-23 10:00:11 - [TEST_CASE][FAILED] - Test Cases/Case Repository/e-Irsaliye/e-Irsaliye Araclari/e-Irsaliye Olusturma/Ekle/TCKN-Temel Irsaliye-Sevk Tipinde: Test Cases/Case Repository/e-Irsaliye/e-Irsaliye Araclari/e-Irsaliye Olusturma/Ekle/TCKN-Temel Irsaliye-Sevk Tipinde FAILED.
Reason:
com.kms.katalon.core.exception.StepFailedException: Feature file 'Include/features/e-Irsaliye/e-Irsaliye Araclari/e-Irsaliye Olusturma/Ekle/TCKN-Temel Irsaliye-Sevk Tipinde.feature' was failed
	at com.kms.katalon.core.keyword.internal.KeywordMain.stepFailed(KeywordMain.groovy:50)
	at com.kms.katalon.core.keyword.internal.KeywordMain.stepFailed(KeywordMain.groovy)
	at com.kms.katalon.core.keyword.internal.KeywordMain.stepFailed(KeywordMain.groovy:23)
	at com.kms.katalon.core.keyword.internal.KeywordMain$stepFailed$0.call(Unknown Source)
	at com.kms.katalon.core.cucumber.keyword.CucumberBuiltinKeywords$_runFeatureFile_closure1.doCall(CucumberBuiltinKeywords.groovy:112)
	at com.kms.katalon.core.cucumber.keyword.CucumberBuiltinKeywords$_runFeatureFile_closure1.doCall(CucumberBuiltinKeywords.groovy)
	at com.kms.katalon.core.keyword.internal.KeywordMain.runKeyword(KeywordMain.groovy:68)
	at com.kms.katalon.core.keyword.internal.KeywordMain$runKeyword.call(Unknown Source)
	at com.kms.katalon.core.cucumber.keyword.CucumberBuiltinKeywords.runFeatureFile(CucumberBuiltinKeywords.groovy:73)
	at com.kms.katalon.core.cucumber.keyword.CucumberBuiltinKeywords$runFeatureFile$0.callStatic(Unknown Source)
	at com.kms.katalon.core.cucumber.keyword.CucumberBuiltinKeywords.runFeatureFile(CucumberBuiltinKeywords.groovy:246)
	at com.kms.katalon.core.cucumber.keyword.CucumberBuiltinKeywords$runFeatureFile.call(Unknown Source)
	at TCKN-Temel Irsaliye-Sevk Tipinde.run(TCKN-Temel Irsaliye-Sevk Tipinde:17)
	at com.kms.katalon.core.main.ScriptEngine.run(ScriptEngine.java:194)
	at com.kms.katalon.core.main.ScriptEngine.runScriptAsRawText(ScriptEngine.java:119)
	at com.kms.katalon.core.main.TestCaseExecutor.runScript(TestCaseExecutor.java:369)
	at com.kms.katalon.core.main.TestCaseExecutor.doExecute(TestCaseExecutor.java:360)
	at com.kms.katalon.core.main.TestCaseExecutor.processExecutionPhase(TestCaseExecutor.java:339)
	at com.kms.katalon.core.main.TestCaseExecutor.accessMainPhase(TestCaseExecutor.java:331)
	at com.kms.katalon.core.main.TestCaseExecutor.execute(TestCaseExecutor.java:248)
	at com.kms.katalon.core.main.TestSuiteExecutor.accessTestCaseMainPhase(TestSuiteExecutor.java:191)
	at com.kms.katalon.core.main.TestSuiteExecutor.accessTestSuiteMainPhase(TestSuiteExecutor.java:140)
	at com.kms.katalon.core.main.TestSuiteExecutor.execute(TestSuiteExecutor.java:89)
	at com.kms.katalon.core.main.TestCaseMain.startTestSuite(TestCaseMain.java:181)
	at com.kms.katalon.core.main.TestCaseMain$startTestSuite$0.call(Unknown Source)
	at TempTestSuite1637650008144.run(TempTestSuite1637650008144.groovy:39)


2021-11-23 10:00:11 - [TEST_STEP][PASSED] - Start listener action : sampleBeforeTestSuite: Invoke 'com.kms.katalon.core.annotation.BeforeTestCase' method: 'Listener.sampleBeforeTestSuite(...)' completed.

2021-11-23 10:00:11 - [MESSAGE][INFO] - Starting invoke 'com.kms.katalon.core.annotation.BeforeTestCase' method: 'Listener.sampleBeforeTestSuite(...)'

2021-11-23 10:00:11 - [TEST_STEP][PASSED] - openBrowser(baseUrl): Browser is opened with url: 'https://efatura-stage.elogo.com.tr/'

2021-11-23 10:00:12 - [MESSAGE][INFO] - Opening browser

2021-11-23 10:00:12 - [MESSAGE][INFO] - Starting 'Chrome' driver

2021-11-23 10:00:12 - [MESSAGE][INFO] - User set preference: ['prefs', '{download.default_directory=C:\otomasyondownfiles}']

2021-11-23 10:00:12 - [MESSAGE][INFO] - Action delay is set to 0 milliseconds

2021-11-23 10:00:15 - [MESSAGE][INFO] - Navigating browser to: 'https://efatura-stage.elogo.com.tr/'

2021-11-23 10:00:17 - [MESSAGE][PASSED] - Browser is opened with url: 'https://efatura-stage.elogo.com.tr/'

2021-11-23 10:00:17 - [TEST_STEP][PASSED] - maximizeWindow(): Invoke 'com.kms.katalon.core.annotation.BeforeTestCase' method: 'Listener.sampleBeforeTestSuite(...)' completed.

2021-11-23 10:00:17 - [MESSAGE][INFO] - Maximizing current window

2021-11-23 10:00:17 - [MESSAGE][PASSED] - Current window maximized

2021-11-23 10:00:17 - [MESSAGE][INFO] - Invoke 'com.kms.katalon.core.annotation.BeforeTestCase' method: 'Listener.sampleBeforeTestSuite(...)' completed.

2021-11-23 10:00:17 - [TEST_STEP][FAILED] - runFeatureFile("Include/features/e-Irsaliye/e-Irsaliye Araclari/e-Irsaliye Olusturma/Ekle/TCKN-Temel Irsaliye-Sevk Tipinde.feature"): Keyword runFeatureFile was failed (Root cause: com.kms.katalon.core.exception.StepFailedException: Feature file 'Include/features/e-Irsaliye/e-Irsaliye Araclari/e-Irsaliye Olusturma/Ekle/TCKN-Temel Irsaliye-Sevk Tipinde.feature' was failed
	at com.kms.katalon.core.keyword.internal.KeywordMain.stepFailed(KeywordMain.groovy:50)
	at com.kms.katalon.core.keyword.internal.KeywordMain.stepFailed(KeywordMain.groovy)
	at com.kms.katalon.core.keyword.internal.KeywordMain.stepFailed(KeywordMain.groovy:23)
	at com.kms.katalon.core.keyword.internal.KeywordMain$stepFailed$0.call(Unknown Source)
	at com.kms.katalon.core.cucumber.keyword.CucumberBuiltinKeywords$_runFeatureFile_closure1.doCall(CucumberBuiltinKeywords.groovy:112)
	at com.kms.katalon.core.cucumber.keyword.CucumberBuiltinKeywords$_runFeatureFile_closure1.doCall(CucumberBuiltinKeywords.groovy)
	at com.kms.katalon.core.keyword.internal.KeywordMain.runKeyword(KeywordMain.groovy:68)
	at com.kms.katalon.core.keyword.internal.KeywordMain$runKeyword.call(Unknown Source)
	at com.kms.katalon.core.cucumber.keyword.CucumberBuiltinKeywords.runFeatureFile(CucumberBuiltinKeywords.groovy:73)
	at com.kms.katalon.core.cucumber.keyword.CucumberBuiltinKeywords$runFeatureFile$0.callStatic(Unknown Source)
	at com.kms.katalon.core.cucumber.keyword.CucumberBuiltinKeywords.runFeatureFile(CucumberBuiltinKeywords.groovy:246)
	at com.kms.katalon.core.cucumber.keyword.CucumberBuiltinKeywords$runFeatureFile.call(Unknown Source)
	at TCKN-Temel Irsaliye-Sevk Tipinde.run(TCKN-Temel Irsaliye-Sevk Tipinde:17)
	at com.kms.katalon.core.main.ScriptEngine.run(ScriptEngine.java:194)
	at com.kms.katalon.core.main.ScriptEngine.runScriptAsRawText(ScriptEngine.java:119)
	at com.kms.katalon.core.main.TestCaseExecutor.runScript(TestCaseExecutor.java:369)
	at com.kms.katalon.core.main.TestCaseExecutor.doExecute(TestCaseExecutor.java:360)
	at com.kms.katalon.core.main.TestCaseExecutor.processExecutionPhase(TestCaseExecutor.java:339)
	at com.kms.katalon.core.main.TestCaseExecutor.accessMainPhase(TestCaseExecutor.java:331)
	at com.kms.katalon.core.main.TestCaseExecutor.execute(TestCaseExecutor.java:248)
	at com.kms.katalon.core.main.TestSuiteExecutor.accessTestCaseMainPhase(TestSuiteExecutor.java:191)
	at com.kms.katalon.core.main.TestSuiteExecutor.accessTestSuiteMainPhase(TestSuiteExecutor.java:140)
	at com.kms.katalon.core.main.TestSuiteExecutor.execute(TestSuiteExecutor.java:89)
	at com.kms.katalon.core.main.TestCaseMain.startTestSuite(TestCaseMain.java:181)
	at com.kms.katalon.core.main.TestCaseMain$startTestSuite$0.call(Unknown Source)
	at TempTestSuite1637650008144.run(TempTestSuite1637650008144.groovy:39)
)

2021-11-23 10:00:17 - [MESSAGE][INFO] - Starting run keyword runFeatureFile: 'Include/features/e-Irsaliye/e-Irsaliye Araclari/e-Irsaliye Olusturma/Ekle/TCKN-Temel Irsaliye-Sevk Tipinde.feature' and extract report to folder: 'C:\Users\DELL\Documents\GitHub\EES_KatalonLogo\Reports\20211123_094648\Suite Repository\e-Irsaliye\20211123_094648/cucumber_report/1637650817952'...

2021-11-23 10:00:17 - [MESSAGE][INFO] - Glue: []

2021-11-23 10:00:21 - [MESSAGE][INFO] - Checking called Test Case

2021-11-23 10:00:21 - [MESSAGE][INFO] - Starting to call Test Case 'Test Cases/Sayfalar/Giris_Sayfasi/Login'

2021-11-23 10:00:21 - [TEST_CASE][PASSED] - Test Cases/Sayfalar/Giris_Sayfasi/Login: Test Cases/Sayfalar/Giris_Sayfasi/Login

2021-11-23 10:00:21 - [TEST_STEP][PASSED] - Sayfa_Basligi = getWindowTitle(): Current window's title is: 'LOGO e-Fatura'

2021-11-23 10:00:22 - [MESSAGE][INFO] - Getting current window's title

2021-11-23 10:00:22 - [MESSAGE][PASSED] - Current window's title is: 'LOGO e-Fatura'

2021-11-23 10:00:22 - [TEST_STEP][PASSED] - verifyMatch(Sayfa_Basligi, "LOGO e-Fatura", false): Actual text 'LOGO e-Fatura' and expected text 'LOGO e-Fatura' are matched 

2021-11-23 10:00:22 - [MESSAGE][INFO] - Matching actual text 'LOGO e-Fatura' with expected text 'LOGO e-Fatura'

2021-11-23 10:00:22 - [MESSAGE][PASSED] - Actual text 'LOGO e-Fatura' and expected text 'LOGO e-Fatura' are matched 

2021-11-23 10:00:22 - [TEST_STEP][PASSED] - sendKeys(findTestObject("Sayfalar/Giris_Sayfasi/Firma_Kodu"), KullaniciAdi): Keys 'ELOGO6' sent to object: 'Object Repository/Sayfalar/Giris_Sayfasi/Firma_Kodu'

2021-11-23 10:00:22 - [MESSAGE][INFO] - Finding Test Object 'Object Repository/Sayfalar/Giris_Sayfasi/Firma_Kodu'

2021-11-23 10:00:22 - [MESSAGE][INFO] - Sending keys 'ELOGO6' to object: 'Object Repository/Sayfalar/Giris_Sayfasi/Firma_Kodu'

2021-11-23 10:00:22 - [MESSAGE][INFO] - Finding web element from Test Object's properties

2021-11-23 10:00:22 - [MESSAGE][INFO] - Checking timeout

2021-11-23 10:00:22 - [MESSAGE][INFO] - Finding web element with id: 'Object Repository/Sayfalar/Giris_Sayfasi/Firma_Kodu' located by 'By.xpath: //*[@id = 'AccountName']' in '30' second(s)

2021-11-23 10:00:22 - [MESSAGE][INFO] - Smart Wait Function is triggered

2021-11-23 10:00:22 - [MESSAGE][INFO] - Found 1 web elements with id: 'Object Repository/Sayfalar/Giris_Sayfasi/Firma_Kodu' located by 'By.xpath: //*[@id = 'AccountName']' in '30' second(s)

2021-11-23 10:00:22 - [MESSAGE][PASSED] - Keys 'ELOGO6' sent to object: 'Object Repository/Sayfalar/Giris_Sayfasi/Firma_Kodu'

2021-11-23 10:00:22 - [TEST_STEP][PASSED] - sendKeys(findTestObject("Sayfalar/Giris_Sayfasi/Sifre"), Sifre): Keys '123456' sent to object: 'Object Repository/Sayfalar/Giris_Sayfasi/Sifre'

2021-11-23 10:00:22 - [MESSAGE][INFO] - Finding Test Object 'Object Repository/Sayfalar/Giris_Sayfasi/Sifre'

2021-11-23 10:00:22 - [MESSAGE][INFO] - Sending keys '123456' to object: 'Object Repository/Sayfalar/Giris_Sayfasi/Sifre'

2021-11-23 10:00:22 - [MESSAGE][INFO] - Finding web element from Test Object's properties

2021-11-23 10:00:22 - [MESSAGE][INFO] - Checking timeout

2021-11-23 10:00:22 - [MESSAGE][INFO] - Finding web element with id: 'Object Repository/Sayfalar/Giris_Sayfasi/Sifre' located by 'By.xpath: //*[@id = 'Password']' in '30' second(s)

2021-11-23 10:00:22 - [MESSAGE][INFO] - Smart Wait Function is triggered

2021-11-23 10:00:23 - [MESSAGE][INFO] - Found 1 web elements with id: 'Object Repository/Sayfalar/Giris_Sayfasi/Sifre' located by 'By.xpath: //*[@id = 'Password']' in '30' second(s)

2021-11-23 10:00:23 - [MESSAGE][PASSED] - Keys '123456' sent to object: 'Object Repository/Sayfalar/Giris_Sayfasi/Sifre'

2021-11-23 10:00:23 - [TEST_STEP][PASSED] - findWebElement(findTestObject("Sayfalar/Giris_Sayfasi/Giris_Butonu")).click(): Found 1 web elements with id: 'Object Repository/Sayfalar/Giris_Sayfasi/Giris_Butonu' located by 'By.cssSelector: #btnLogin' in '30' second(s)

2021-11-23 10:00:23 - [MESSAGE][INFO] - Finding Test Object 'Object Repository/Sayfalar/Giris_Sayfasi/Giris_Butonu'

2021-11-23 10:00:23 - [MESSAGE][INFO] - Finding web element from Test Object's properties

2021-11-23 10:00:23 - [MESSAGE][INFO] - Checking timeout

2021-11-23 10:00:23 - [MESSAGE][INFO] - Finding web element with id: 'Object Repository/Sayfalar/Giris_Sayfasi/Giris_Butonu' located by 'By.cssSelector: #btnLogin' in '30' second(s)

2021-11-23 10:00:23 - [MESSAGE][INFO] - Smart Wait Function is triggered

2021-11-23 10:00:23 - [MESSAGE][INFO] - Found 1 web elements with id: 'Object Repository/Sayfalar/Giris_Sayfasi/Giris_Butonu' located by 'By.cssSelector: #btnLogin' in '30' second(s)

2021-11-23 10:00:25 - [TEST_STEP][PASSED] - if (verifyElementPresent(findTestObject("Object Repository/Sayfalar/Giris_Sayfasi/RetveTamam_Butonu"), 5, OPTIONAL)): null

2021-11-23 10:00:25 - [MESSAGE][INFO] - Finding Test Object 'Object Repository/Sayfalar/Giris_Sayfasi/RetveTamam_Butonu'

2021-11-23 10:00:25 - [MESSAGE][INFO] - Checking object

2021-11-23 10:00:25 - [MESSAGE][INFO] - Finding web element from Test Object's properties

2021-11-23 10:00:25 - [MESSAGE][INFO] - Checking timeout

2021-11-23 10:00:25 - [MESSAGE][INFO] - Finding web element with id: 'Object Repository/Sayfalar/Giris_Sayfasi/RetveTamam_Butonu' located by 'By.xpath: //*[@class = 'btn btn-default']' in '5' second(s)

2021-11-23 10:00:25 - [MESSAGE][INFO] - Smart Wait Function is triggered

2021-11-23 10:00:26 - [MESSAGE][INFO] - Found 1 web elements with id: 'Object Repository/Sayfalar/Giris_Sayfasi/RetveTamam_Butonu' located by 'By.xpath: //*[@class = 'btn btn-default']' in '5' second(s)

2021-11-23 10:00:26 - [MESSAGE][PASSED] - Object 'Object Repository/Sayfalar/Giris_Sayfasi/RetveTamam_Butonu' is present

2021-11-23 10:00:26 - [TEST_STEP][PASSED] - click(findTestObject("Object Repository/Sayfalar/Giris_Sayfasi/RetveTamam_Butonu")): Object: 'Object Repository/Sayfalar/Giris_Sayfasi/RetveTamam_Butonu' is clicked on

2021-11-23 10:00:26 - [MESSAGE][INFO] - Finding Test Object 'Object Repository/Sayfalar/Giris_Sayfasi/RetveTamam_Butonu'

2021-11-23 10:00:26 - [MESSAGE][INFO] - Checking object

2021-11-23 10:00:26 - [MESSAGE][INFO] - Finding web element from Test Object's properties

2021-11-23 10:00:26 - [MESSAGE][INFO] - Checking timeout

2021-11-23 10:00:26 - [MESSAGE][INFO] - Finding web element with id: 'Object Repository/Sayfalar/Giris_Sayfasi/RetveTamam_Butonu' located by 'By.xpath: //*[@class = 'btn btn-default']' in '30' second(s)

2021-11-23 10:00:26 - [MESSAGE][INFO] - Smart Wait Function is triggered

2021-11-23 10:00:26 - [MESSAGE][INFO] - Found 1 web elements with id: 'Object Repository/Sayfalar/Giris_Sayfasi/RetveTamam_Butonu' located by 'By.xpath: //*[@class = 'btn btn-default']' in '30' second(s)

2021-11-23 10:00:26 - [MESSAGE][INFO] - Clicking on object: 'Object Repository/Sayfalar/Giris_Sayfasi/RetveTamam_Butonu'

2021-11-23 10:00:26 - [MESSAGE][PASSED] - Object: 'Object Repository/Sayfalar/Giris_Sayfasi/RetveTamam_Butonu' is clicked on

2021-11-23 10:00:26 - [TEST_STEP][PASSED] - click(findTestObject("Object Repository/Sayfalar/Giris_Sayfasi/RetveTamam_Butonu")): Object: 'Object Repository/Sayfalar/Giris_Sayfasi/RetveTamam_Butonu' is clicked on

2021-11-23 10:00:26 - [MESSAGE][INFO] - Finding Test Object 'Object Repository/Sayfalar/Giris_Sayfasi/RetveTamam_Butonu'

2021-11-23 10:00:26 - [MESSAGE][INFO] - Checking object

2021-11-23 10:00:26 - [MESSAGE][INFO] - Finding web element from Test Object's properties

2021-11-23 10:00:26 - [MESSAGE][INFO] - Checking timeout

2021-11-23 10:00:26 - [MESSAGE][INFO] - Finding web element with id: 'Object Repository/Sayfalar/Giris_Sayfasi/RetveTamam_Butonu' located by 'By.xpath: //*[@class = 'btn btn-default']' in '30' second(s)

2021-11-23 10:00:26 - [MESSAGE][INFO] - Smart Wait Function is triggered

2021-11-23 10:00:32 - [MESSAGE][INFO] - Found 1 web elements with id: 'Object Repository/Sayfalar/Giris_Sayfasi/RetveTamam_Butonu' located by 'By.xpath: //*[@class = 'btn btn-default']' in '30' second(s)

2021-11-23 10:00:32 - [MESSAGE][INFO] - Clicking on object: 'Object Repository/Sayfalar/Giris_Sayfasi/RetveTamam_Butonu'

2021-11-23 10:00:32 - [MESSAGE][PASSED] - Object: 'Object Repository/Sayfalar/Giris_Sayfasi/RetveTamam_Butonu' is clicked on

2021-11-23 10:00:32 - [TEST_STEP][PASSED] - if (verifyElementPresent(findTestObject("Sayfalar/Giris_Sayfasi/PopupOK"), 5, OPTIONAL)): null

2021-11-23 10:00:32 - [MESSAGE][INFO] - Finding Test Object 'Object Repository/Sayfalar/Giris_Sayfasi/PopupOK'

2021-11-23 10:00:32 - [MESSAGE][INFO] - Checking object

2021-11-23 10:00:32 - [MESSAGE][INFO] - Finding web element from Test Object's properties

2021-11-23 10:00:32 - [MESSAGE][INFO] - Checking timeout

2021-11-23 10:00:32 - [MESSAGE][INFO] - Finding web element with id: 'Object Repository/Sayfalar/Giris_Sayfasi/PopupOK' located by 'By.cssSelector: .btn.btn-success' in '5' second(s)

2021-11-23 10:00:32 - [MESSAGE][INFO] - Smart Wait Function is triggered

2021-11-23 10:00:33 - [MESSAGE][INFO] - Found 1 web elements with id: 'Object Repository/Sayfalar/Giris_Sayfasi/PopupOK' located by 'By.cssSelector: .btn.btn-success' in '5' second(s)

2021-11-23 10:00:33 - [MESSAGE][PASSED] - Object 'Object Repository/Sayfalar/Giris_Sayfasi/PopupOK' is present

2021-11-23 10:00:33 - [TEST_STEP][PASSED] - click(findTestObject("Object Repository/Sayfalar/Giris_Sayfasi/PopupCarpiGiris")): Object: 'Object Repository/Sayfalar/Giris_Sayfasi/PopupCarpiGiris' is clicked on

2021-11-23 10:00:33 - [MESSAGE][INFO] - Finding Test Object 'Object Repository/Sayfalar/Giris_Sayfasi/PopupCarpiGiris'

2021-11-23 10:00:33 - [MESSAGE][INFO] - Checking object

2021-11-23 10:00:33 - [MESSAGE][INFO] - Finding web element from Test Object's properties

2021-11-23 10:00:33 - [MESSAGE][INFO] - Checking timeout

2021-11-23 10:00:33 - [MESSAGE][INFO] - Finding web element with id: 'Object Repository/Sayfalar/Giris_Sayfasi/PopupCarpiGiris' located by 'By.cssSelector: .bootbox-close-button.close' in '30' second(s)

2021-11-23 10:00:33 - [MESSAGE][INFO] - Smart Wait Function is triggered

2021-11-23 10:00:33 - [MESSAGE][INFO] - Found 1 web elements with id: 'Object Repository/Sayfalar/Giris_Sayfasi/PopupCarpiGiris' located by 'By.cssSelector: .bootbox-close-button.close' in '30' second(s)

2021-11-23 10:00:33 - [MESSAGE][INFO] - Clicking on object: 'Object Repository/Sayfalar/Giris_Sayfasi/PopupCarpiGiris'

2021-11-23 10:00:33 - [MESSAGE][PASSED] - Object: 'Object Repository/Sayfalar/Giris_Sayfasi/PopupCarpiGiris' is clicked on

2021-11-23 10:00:33 - [TEST_STEP][PASSED] - verifyElementVisible(findTestObject("Object Repository/Kullanici_Islemleri/KullaniciIslemleri")): Object 'Object Repository/Kullanici_Islemleri/KullaniciIslemleri' is visible

2021-11-23 10:00:33 - [MESSAGE][INFO] - Finding Test Object 'Object Repository/Kullanici_Islemleri/KullaniciIslemleri'

2021-11-23 10:00:33 - [MESSAGE][INFO] - Checking object

2021-11-23 10:00:33 - [MESSAGE][INFO] - Finding web element from Test Object's properties

2021-11-23 10:00:33 - [MESSAGE][INFO] - Checking timeout

2021-11-23 10:00:33 - [MESSAGE][INFO] - Finding web element with id: 'Object Repository/Kullanici_Islemleri/KullaniciIslemleri' located by 'By.cssSelector: .dropdown>a>img' in '30' second(s)

2021-11-23 10:00:33 - [MESSAGE][INFO] - Smart Wait Function is triggered

2021-11-23 10:00:34 - [MESSAGE][INFO] - Found 1 web elements with id: 'Object Repository/Kullanici_Islemleri/KullaniciIslemleri' located by 'By.cssSelector: .dropdown>a>img' in '30' second(s)

2021-11-23 10:00:34 - [MESSAGE][PASSED] - Object 'Object Repository/Kullanici_Islemleri/KullaniciIslemleri' is visible

2021-11-23 10:00:34 - [MESSAGE][PASSED] - Call Test Case 'Test Cases/Sayfalar/Giris_Sayfasi/Login' successfully

2021-11-23 10:00:34 - [MESSAGE][INFO] - Checking called Test Case

2021-11-23 10:00:34 - [MESSAGE][INFO] - Starting to call Test Case 'Test Cases/Menu/AnaMenuSecimi'

2021-11-23 10:00:34 - [TEST_CASE][PASSED] - Test Cases/Menu/AnaMenuSecimi: Test Cases/Menu/AnaMenuSecimi

2021-11-23 10:00:34 - [TEST_STEP][PASSED] - Method.TextDegerineEsitElementeTikla(findTestObject("Menu/Ana_Menu"), Ana_Menu): Method.TextDegerineEsitElementeTikla is PASSED

2021-11-23 10:00:34 - [MESSAGE][INFO] - Finding Test Object 'Object Repository/Menu/Ana_Menu'

2021-11-23 10:00:35 - [MESSAGE][INFO] - Checking timeout

2021-11-23 10:00:35 - [MESSAGE][INFO] - Finding web element with id: 'Object Repository/Menu/Ana_Menu' located by 'By.xpath: //*[@class = 'dropdown-toggle']' in '10' second(s)

2021-11-23 10:00:35 - [MESSAGE][INFO] - Smart Wait Function is triggered

2021-11-23 10:00:35 - [MESSAGE][INFO] - Found 14 web elements with id: 'Object Repository/Menu/Ana_Menu' located by 'By.xpath: //*[@class = 'dropdown-toggle']' in '10' second(s)

2021-11-23 10:00:35 - [MESSAGE][PASSED] - Method.TextDegerineEsitElementeTikla is PASSED

2021-11-23 10:00:35 - [MESSAGE][PASSED] - Call Test Case 'Test Cases/Menu/AnaMenuSecimi' successfully

2021-11-23 10:00:35 - [MESSAGE][INFO] - Checking called Test Case

2021-11-23 10:00:35 - [MESSAGE][INFO] - Starting to call Test Case 'Test Cases/Menu/BasligaGoreAltMenuSecimi'

2021-11-23 10:00:35 - [TEST_CASE][PASSED] - Test Cases/Menu/BasligaGoreAltMenuSecimi: Test Cases/Menu/BasligaGoreAltMenuSecimi

2021-11-23 10:00:35 - [TEST_STEP][PASSED] - Method.TextDegerineEsitElementinAltindakiTextDegerineEsitOlanaTikla(findTestObject("Menu/Menu_Basligi"), findTestObject("Menu/Basliga_Gore_Alt_Menu"), Baslik, Alt_Menu): Method.TextDegerineEsitElementinAltindakiTextDegerineEsitOlanaTikla is PASSED

2021-11-23 10:00:35 - [MESSAGE][INFO] - Finding Test Object 'Object Repository/Menu/Menu_Basligi'

2021-11-23 10:00:36 - [MESSAGE][INFO] - Finding Test Object 'Object Repository/Menu/Basliga_Gore_Alt_Menu'

2021-11-23 10:00:36 - [MESSAGE][INFO] - Checking timeout

2021-11-23 10:00:36 - [MESSAGE][INFO] - Finding web element with id: 'Object Repository/Menu/Menu_Basligi' located by 'By.xpath: //li[@class='dropdown dropdown-large open']//li[@class='dropdown-header']' in '10' second(s)

2021-11-23 10:00:36 - [MESSAGE][INFO] - Smart Wait Function is triggered

2021-11-23 10:00:36 - [MESSAGE][INFO] - Found 3 web elements with id: 'Object Repository/Menu/Menu_Basligi' located by 'By.xpath: //li[@class='dropdown dropdown-large open']//li[@class='dropdown-header']' in '10' second(s)

2021-11-23 10:00:36 - [MESSAGE][INFO] - Smart Wait Function is triggered

2021-11-23 10:00:39 - [MESSAGE][PASSED] - Method.TextDegerineEsitElementinAltindakiTextDegerineEsitOlanaTikla is PASSED

2021-11-23 10:00:39 - [MESSAGE][PASSED] - Call Test Case 'Test Cases/Menu/BasligaGoreAltMenuSecimi' successfully

2021-11-23 10:00:39 - [MESSAGE][INFO] - Checking called Test Case

2021-11-23 10:00:39 - [MESSAGE][INFO] - Starting to call Test Case 'Test Cases/Tablo/Olusturma Tarihi'

2021-11-23 10:00:39 - [TEST_CASE][PASSED] - Test Cases/Tablo/Olusturma Tarihi: Test Cases/Tablo/Olusturma Tarihi

2021-11-23 10:00:39 - [TEST_STEP][PASSED] - if (verifyTextNotPresent("Görüntülenecek veri yok", true, OPTIONAL)): null

2021-11-23 10:00:39 - [MESSAGE][INFO] - Checking text present  using regular expression

2021-11-23 10:00:39 - [MESSAGE][INFO] - Smart Wait Function is triggered

2021-11-23 10:00:40 - [MESSAGE][INFO] - Finding text 'Görüntülenecek veri yok' on page  using regular expression

2021-11-23 10:00:40 - [MESSAGE][PASSED] - Text 'Görüntülenecek veri yok' is not present on page using regular expression

2021-11-23 10:00:40 - [TEST_STEP][PASSED] - click(findTestObject("Temizle/Olusturma_Tarihi_CheckBox")): Object: 'Object Repository/Temizle/Olusturma_Tarihi_CheckBox' is clicked on

2021-11-23 10:00:40 - [MESSAGE][INFO] - Finding Test Object 'Object Repository/Temizle/Olusturma_Tarihi_CheckBox'

2021-11-23 10:00:40 - [MESSAGE][INFO] - Checking object

2021-11-23 10:00:40 - [MESSAGE][INFO] - Finding web element from Test Object's properties

2021-11-23 10:00:40 - [MESSAGE][INFO] - Checking timeout

2021-11-23 10:00:40 - [MESSAGE][INFO] - Finding web element with id: 'Object Repository/Temizle/Olusturma_Tarihi_CheckBox' located by 'By.xpath: //*[@title = 'Bu sayfadaki tüm satırları Seç']' in '30' second(s)

2021-11-23 10:00:40 - [MESSAGE][INFO] - Smart Wait Function is triggered

2021-11-23 10:00:40 - [MESSAGE][INFO] - Found 1 web elements with id: 'Object Repository/Temizle/Olusturma_Tarihi_CheckBox' located by 'By.xpath: //*[@title = 'Bu sayfadaki tüm satırları Seç']' in '30' second(s)

2021-11-23 10:00:40 - [MESSAGE][INFO] - Clicking on object: 'Object Repository/Temizle/Olusturma_Tarihi_CheckBox'

2021-11-23 10:00:40 - [MESSAGE][PASSED] - Object: 'Object Repository/Temizle/Olusturma_Tarihi_CheckBox' is clicked on

2021-11-23 10:00:40 - [TEST_STEP][PASSED] - Method.TextDegerineEsitElementeTiklaEquals(findTestObject("Butonlar/Butonlar"), "Sil"): Method.TextDegerineEsitElementeTiklaEquals is PASSED

2021-11-23 10:00:40 - [MESSAGE][INFO] - Finding Test Object 'Object Repository/Butonlar/Butonlar'

2021-11-23 10:00:40 - [MESSAGE][INFO] - Checking timeout

2021-11-23 10:00:40 - [MESSAGE][INFO] - Finding web element with id: 'Object Repository/Butonlar/Butonlar' located by 'By.cssSelector: .panel.panel-default.text-center.footerPanel .btn,.btn.btn-primary.btnControls' in '10' second(s)

2021-11-23 10:00:40 - [MESSAGE][INFO] - Smart Wait Function is triggered

2021-11-23 10:00:40 - [MESSAGE][INFO] - Found 9 web elements with id: 'Object Repository/Butonlar/Butonlar' located by 'By.cssSelector: .panel.panel-default.text-center.footerPanel .btn,.btn.btn-primary.btnControls' in '10' second(s)

2021-11-23 10:00:41 - [MESSAGE][PASSED] - Method.TextDegerineEsitElementeTiklaEquals is PASSED

2021-11-23 10:00:41 - [TEST_STEP][PASSED] - Method.TextDegerineEsitElementeTikla(findTestObject("Popup/Popup_Butons"), "Evet"): Method.TextDegerineEsitElementeTikla is PASSED

2021-11-23 10:00:41 - [MESSAGE][INFO] - Finding Test Object 'Object Repository/Popup/Popup_Butons'

2021-11-23 10:00:41 - [MESSAGE][INFO] - Checking timeout

2021-11-23 10:00:41 - [MESSAGE][INFO] - Finding web element with id: 'Object Repository/Popup/Popup_Butons' located by 'By.cssSelector: .modal-footer>button' in '10' second(s)

2021-11-23 10:00:41 - [MESSAGE][INFO] - Smart Wait Function is triggered

2021-11-23 10:00:41 - [MESSAGE][INFO] - Found 2 web elements with id: 'Object Repository/Popup/Popup_Butons' located by 'By.cssSelector: .modal-footer>button' in '10' second(s)

2021-11-23 10:00:42 - [MESSAGE][PASSED] - Method.TextDegerineEsitElementeTikla is PASSED

2021-11-23 10:00:42 - [TEST_STEP][PASSED] - Method.TextDegerineEsitElementeTikla(findTestObject("Popup/Popup_Butons"), "Tamam"): Method.TextDegerineEsitElementeTikla is PASSED

2021-11-23 10:00:42 - [MESSAGE][INFO] - Finding Test Object 'Object Repository/Popup/Popup_Butons'

2021-11-23 10:00:42 - [MESSAGE][INFO] - Checking timeout

2021-11-23 10:00:42 - [MESSAGE][INFO] - Finding web element with id: 'Object Repository/Popup/Popup_Butons' located by 'By.cssSelector: .modal-footer>button' in '10' second(s)

2021-11-23 10:00:42 - [MESSAGE][INFO] - Smart Wait Function is triggered

2021-11-23 10:00:42 - [MESSAGE][INFO] - Found 1 web elements with id: 'Object Repository/Popup/Popup_Butons' located by 'By.cssSelector: .modal-footer>button' in '10' second(s)

2021-11-23 10:00:42 - [MESSAGE][PASSED] - Method.TextDegerineEsitElementeTikla is PASSED

2021-11-23 10:00:42 - [MESSAGE][PASSED] - Call Test Case 'Test Cases/Tablo/Olusturma Tarihi' successfully

2021-11-23 10:00:43 - [MESSAGE][INFO] - Checking called Test Case

2021-11-23 10:00:43 - [MESSAGE][INFO] - Starting to call Test Case 'Test Cases/Butonlar/ButonaTikla'

2021-11-23 10:00:43 - [TEST_CASE][PASSED] - Test Cases/Butonlar/ButonaTikla: Test Cases/Butonlar/ButonaTikla

2021-11-23 10:00:43 - [TEST_STEP][PASSED] - Method.TextDegerineEsitElementeTiklaEquals(findTestObject("Butonlar/Butonlar"), Buton_Adi): Method.TextDegerineEsitElementeTiklaEquals is PASSED

2021-11-23 10:00:43 - [MESSAGE][INFO] - Finding Test Object 'Object Repository/Butonlar/Butonlar'

2021-11-23 10:00:43 - [MESSAGE][INFO] - Checking timeout

2021-11-23 10:00:43 - [MESSAGE][INFO] - Finding web element with id: 'Object Repository/Butonlar/Butonlar' located by 'By.cssSelector: .panel.panel-default.text-center.footerPanel .btn,.btn.btn-primary.btnControls' in '10' second(s)

2021-11-23 10:00:43 - [MESSAGE][INFO] - Smart Wait Function is triggered

2021-11-23 10:00:43 - [MESSAGE][INFO] - Found 9 web elements with id: 'Object Repository/Butonlar/Butonlar' located by 'By.cssSelector: .panel.panel-default.text-center.footerPanel .btn,.btn.btn-primary.btnControls' in '10' second(s)

2021-11-23 10:00:43 - [MESSAGE][PASSED] - Method.TextDegerineEsitElementeTiklaEquals is PASSED

2021-11-23 10:00:43 - [MESSAGE][PASSED] - Call Test Case 'Test Cases/Butonlar/ButonaTikla' successfully

2021-11-23 10:00:43 - [MESSAGE][INFO] - Checking called Test Case

2021-11-23 10:00:43 - [MESSAGE][INFO] - Starting to call Test Case 'Test Cases/Olusturma/Genel/GorselTasarimSayfasıBasligiIceriyorMu'

2021-11-23 10:00:44 - [TEST_CASE][PASSED] - Test Cases/Olusturma/Genel/GorselTasarimSayfasıBasligiIceriyorMu: Test Cases/Olusturma/Genel/GorselTasarimSayfasıBasligiIceriyorMu

2021-11-23 10:00:44 - [TEST_STEP][PASSED] - verifyElementText(findTestObject("Object Repository/Olusturma/Genel/GorselTasarimBaslik"), Baslik): Actual text and expected text of test object 'Object Repository/Olusturma/Genel/GorselTasarimBaslik' are matched.

2021-11-23 10:00:44 - [MESSAGE][INFO] - Finding Test Object 'Object Repository/Olusturma/Genel/GorselTasarimBaslik'

2021-11-23 10:00:44 - [MESSAGE][INFO] - Checking object

2021-11-23 10:00:44 - [MESSAGE][INFO] - Finding web element from Test Object's properties

2021-11-23 10:00:44 - [MESSAGE][INFO] - Checking timeout

2021-11-23 10:00:44 - [MESSAGE][INFO] - Finding web element with id: 'Object Repository/Olusturma/Genel/GorselTasarimBaslik' located by 'By.cssSelector: #flAlici_0>div>span' in '30' second(s)

2021-11-23 10:00:44 - [MESSAGE][INFO] - Smart Wait Function is triggered

2021-11-23 10:00:59 - [MESSAGE][INFO] - Found 1 web elements with id: 'Object Repository/Olusturma/Genel/GorselTasarimBaslik' located by 'By.cssSelector: #flAlici_0>div>span' in '30' second(s)

2021-11-23 10:00:59 - [MESSAGE][PASSED] - Actual text and expected text of test object 'Object Repository/Olusturma/Genel/GorselTasarimBaslik' are matched.

2021-11-23 10:00:59 - [MESSAGE][PASSED] - Call Test Case 'Test Cases/Olusturma/Genel/GorselTasarimSayfasıBasligiIceriyorMu' successfully

2021-11-23 10:00:59 - [MESSAGE][INFO] - Checking called Test Case

2021-11-23 10:00:59 - [MESSAGE][INFO] - Starting to call Test Case 'Test Cases/Olusturma/Genel/AliciSecilir'

2021-11-23 10:00:59 - [TEST_CASE][PASSED] - Test Cases/Olusturma/Genel/AliciSecilir: Test Cases/Olusturma/Genel/AliciSecilir

2021-11-23 10:01:00 - [TEST_STEP][PASSED] - click(findTestObject("Olusturma/Genel/AliciBilgisi/Alici_Ara")): Object: 'Object Repository/Olusturma/Genel/AliciBilgisi/Alici_Ara' is clicked on

2021-11-23 10:01:00 - [MESSAGE][INFO] - Finding Test Object 'Object Repository/Olusturma/Genel/AliciBilgisi/Alici_Ara'

2021-11-23 10:01:00 - [MESSAGE][INFO] - Checking object

2021-11-23 10:01:00 - [MESSAGE][INFO] - Finding web element from Test Object's properties

2021-11-23 10:01:00 - [MESSAGE][INFO] - Checking timeout

2021-11-23 10:01:00 - [MESSAGE][INFO] - Finding web element with id: 'Object Repository/Olusturma/Genel/AliciBilgisi/Alici_Ara' located by 'By.xpath: //td[@id='txtCustomerText_B-1']' in '30' second(s)

2021-11-23 10:01:00 - [MESSAGE][INFO] - Smart Wait Function is triggered

2021-11-23 10:01:00 - [MESSAGE][INFO] - Found 1 web elements with id: 'Object Repository/Olusturma/Genel/AliciBilgisi/Alici_Ara' located by 'By.xpath: //td[@id='txtCustomerText_B-1']' in '30' second(s)

2021-11-23 10:01:00 - [MESSAGE][INFO] - Clicking on object: 'Object Repository/Olusturma/Genel/AliciBilgisi/Alici_Ara'

2021-11-23 10:01:00 - [MESSAGE][PASSED] - Object: 'Object Repository/Olusturma/Genel/AliciBilgisi/Alici_Ara' is clicked on

2021-11-23 10:01:00 - [TEST_STEP][PASSED] - click(findTestObject("Olusturma/Genel/AliciBilgisi/Alici_Bilgisi")): Object: 'Object Repository/Olusturma/Genel/AliciBilgisi/Alici_Bilgisi' is clicked on

2021-11-23 10:01:00 - [MESSAGE][INFO] - Finding Test Object 'Object Repository/Olusturma/Genel/AliciBilgisi/Alici_Bilgisi'

2021-11-23 10:01:00 - [MESSAGE][INFO] - Checking object

2021-11-23 10:01:00 - [MESSAGE][INFO] - Finding web element from Test Object's properties

2021-11-23 10:01:00 - [MESSAGE][INFO] - Checking timeout

2021-11-23 10:01:00 - [MESSAGE][INFO] - Finding web element with id: 'Object Repository/Olusturma/Genel/AliciBilgisi/Alici_Bilgisi' located by 'By.xpath: //iframe[@id='customerselectiframe']' in '30' second(s)

2021-11-23 10:01:00 - [MESSAGE][INFO] - Smart Wait Function is triggered

2021-11-23 10:01:01 - [MESSAGE][INFO] - Found 1 web elements with id: 'Object Repository/Olusturma/Genel/AliciBilgisi/Alici_Bilgisi' located by 'By.xpath: //iframe[@id='customerselectiframe']' in '30' second(s)

2021-11-23 10:01:01 - [MESSAGE][INFO] - Clicking on object: 'Object Repository/Olusturma/Genel/AliciBilgisi/Alici_Bilgisi'

2021-11-23 10:01:01 - [MESSAGE][PASSED] - Object: 'Object Repository/Olusturma/Genel/AliciBilgisi/Alici_Bilgisi' is clicked on

2021-11-23 10:01:01 - [TEST_STEP][PASSED] - setText(findTestObject("Olusturma/Genel/AliciBilgisi/Alici_Gir"), Alici_Adi): Switching to default content

2021-11-23 10:01:01 - [MESSAGE][INFO] - Finding Test Object 'Object Repository/Olusturma/Genel/AliciBilgisi/Alici_Gir'

2021-11-23 10:01:01 - [MESSAGE][INFO] - Finding Test Object 'Object Repository/Olusturma/Genel/AliciBilgisi/Alici_Bilgisi'

2021-11-23 10:01:01 - [MESSAGE][INFO] - Checking object

2021-11-23 10:01:01 - [MESSAGE][INFO] - Checking text

2021-11-23 10:01:01 - [MESSAGE][INFO] - Object: 'Object Repository/Olusturma/Genel/AliciBilgisi/Alici_Gir' has parent object(s)

2021-11-23 10:01:01 - [MESSAGE][INFO] - Switching to iframe: 'Object Repository/Olusturma/Genel/AliciBilgisi/Alici_Bilgisi'

2021-11-23 10:01:01 - [MESSAGE][INFO] - Finding web element from Test Object's properties

2021-11-23 10:01:01 - [MESSAGE][INFO] - Checking timeout

2021-11-23 10:01:01 - [MESSAGE][INFO] - Finding web element with id: 'Object Repository/Olusturma/Genel/AliciBilgisi/Alici_Bilgisi' located by 'By.xpath: //iframe[@id='customerselectiframe']' in '30' second(s)

2021-11-23 10:01:01 - [MESSAGE][INFO] - Smart Wait Function is triggered

2021-11-23 10:01:01 - [MESSAGE][INFO] - Found 1 web elements with id: 'Object Repository/Olusturma/Genel/AliciBilgisi/Alici_Bilgisi' located by 'By.xpath: //iframe[@id='customerselectiframe']' in '30' second(s)

2021-11-23 10:01:01 - [MESSAGE][INFO] - Switched to iframe: 'Object Repository/Olusturma/Genel/AliciBilgisi/Alici_Bilgisi'

2021-11-23 10:01:01 - [MESSAGE][INFO] - Finding web element from Test Object's properties

2021-11-23 10:01:01 - [MESSAGE][INFO] - Checking timeout

2021-11-23 10:01:01 - [MESSAGE][INFO] - Finding web element with id: 'Object Repository/Olusturma/Genel/AliciBilgisi/Alici_Gir' located by 'By.xpath: //input[@id='GridViewCustomer_DXFREditorcol1_I']' in '30' second(s)

2021-11-23 10:01:01 - [MESSAGE][INFO] - Smart Wait Function is triggered

2021-11-23 10:01:01 - [MESSAGE][INFO] - Found 1 web elements with id: 'Object Repository/Olusturma/Genel/AliciBilgisi/Alici_Gir' located by 'By.xpath: //input[@id='GridViewCustomer_DXFREditorcol1_I']' in '30' second(s)

2021-11-23 10:01:01 - [MESSAGE][INFO] - Clearing text of object 'Object Repository/Olusturma/Genel/AliciBilgisi/Alici_Gir'

2021-11-23 10:01:01 - [MESSAGE][INFO] - Finding web element from Test Object's properties

2021-11-23 10:01:01 - [MESSAGE][INFO] - Checking timeout

2021-11-23 10:01:01 - [MESSAGE][INFO] - Finding web element with id: 'Object Repository/Olusturma/Genel/AliciBilgisi/Alici_Gir' located by 'By.xpath: //input[@id='GridViewCustomer_DXFREditorcol1_I']' in '30' second(s)

2021-11-23 10:01:01 - [MESSAGE][INFO] - Smart Wait Function is triggered

2021-11-23 10:01:01 - [MESSAGE][INFO] - Found 1 web elements with id: 'Object Repository/Olusturma/Genel/AliciBilgisi/Alici_Gir' located by 'By.xpath: //input[@id='GridViewCustomer_DXFREditorcol1_I']' in '30' second(s)

2021-11-23 10:01:01 - [MESSAGE][INFO] - Setting text of object 'Object Repository/Olusturma/Genel/AliciBilgisi/Alici_Gir' to value 'UC0045'

2021-11-23 10:01:01 - [MESSAGE][PASSED] - Text 'UC0045' is set on object 'Object Repository/Olusturma/Genel/AliciBilgisi/Alici_Gir'

2021-11-23 10:01:01 - [MESSAGE][INFO] - Switching to default content

2021-11-23 10:01:01 - [TEST_STEP][PASSED] - waitForElementClickable(findTestObject("Olusturma/Genel/AliciBilgisi/Alici_Adi"), 10): Switching to default content

2021-11-23 10:01:01 - [MESSAGE][INFO] - Finding Test Object 'Object Repository/Olusturma/Genel/AliciBilgisi/Alici_Adi'

2021-11-23 10:01:02 - [MESSAGE][INFO] - Finding Test Object 'Object Repository/Olusturma/Genel/AliciBilgisi/iframe_Alc Bilgisi_customerselectiframe'

2021-11-23 10:01:02 - [MESSAGE][INFO] - Checking object

2021-11-23 10:01:02 - [MESSAGE][INFO] - Checking timeout

2021-11-23 10:01:02 - [MESSAGE][INFO] - Object: 'Object Repository/Olusturma/Genel/AliciBilgisi/Alici_Adi' has parent object(s)

2021-11-23 10:01:02 - [MESSAGE][INFO] - Switching to iframe: 'Object Repository/Olusturma/Genel/AliciBilgisi/iframe_Alc Bilgisi_customerselectiframe'

2021-11-23 10:01:02 - [MESSAGE][INFO] - Finding web element from Test Object's properties

2021-11-23 10:01:02 - [MESSAGE][INFO] - Checking timeout

2021-11-23 10:01:02 - [MESSAGE][INFO] - Finding web element with id: 'Object Repository/Olusturma/Genel/AliciBilgisi/iframe_Alc Bilgisi_customerselectiframe' located by 'By.xpath: //iframe[@id='customerselectiframe']' in '10' second(s)

2021-11-23 10:01:02 - [MESSAGE][INFO] - Smart Wait Function is triggered

2021-11-23 10:01:02 - [MESSAGE][INFO] - Found 1 web elements with id: 'Object Repository/Olusturma/Genel/AliciBilgisi/iframe_Alc Bilgisi_customerselectiframe' located by 'By.xpath: //iframe[@id='customerselectiframe']' in '10' second(s)

2021-11-23 10:01:02 - [MESSAGE][INFO] - Switched to iframe: 'Object Repository/Olusturma/Genel/AliciBilgisi/iframe_Alc Bilgisi_customerselectiframe'

2021-11-23 10:01:02 - [MESSAGE][INFO] - Finding web element from Test Object's properties

2021-11-23 10:01:02 - [MESSAGE][INFO] - Checking timeout

2021-11-23 10:01:02 - [MESSAGE][INFO] - Finding web element with id: 'Object Repository/Olusturma/Genel/AliciBilgisi/Alici_Adi' located by 'By.xpath: //tr[@id='GridViewCustomer_DXDataRow0']/td[2]' in '10' second(s)

2021-11-23 10:01:02 - [MESSAGE][INFO] - Smart Wait Function is triggered

2021-11-23 10:01:02 - [MESSAGE][INFO] - Found 1 web elements with id: 'Object Repository/Olusturma/Genel/AliciBilgisi/Alici_Adi' located by 'By.xpath: //tr[@id='GridViewCustomer_DXDataRow0']/td[2]' in '10' second(s)

2021-11-23 10:01:02 - [MESSAGE][PASSED] - Object 'Object Repository/Olusturma/Genel/AliciBilgisi/Alici_Adi' is clickable

2021-11-23 10:01:02 - [MESSAGE][INFO] - Switching to default content

2021-11-23 10:01:02 - [TEST_STEP][PASSED] - click(findTestObject("Olusturma/Genel/AliciBilgisi/frame")): Switching to default content

2021-11-23 10:01:02 - [MESSAGE][INFO] - Finding Test Object 'Object Repository/Olusturma/Genel/AliciBilgisi/frame'

2021-11-23 10:01:02 - [MESSAGE][INFO] - Finding Test Object 'Object Repository/Olusturma/Genel/AliciBilgisi/iframe_Alc Bilgisi_customerselectiframe'

2021-11-23 10:01:02 - [MESSAGE][INFO] - Checking object

2021-11-23 10:01:02 - [MESSAGE][INFO] - Object: 'Object Repository/Olusturma/Genel/AliciBilgisi/frame' has parent object(s)

2021-11-23 10:01:02 - [MESSAGE][INFO] - Switching to iframe: 'Object Repository/Olusturma/Genel/AliciBilgisi/iframe_Alc Bilgisi_customerselectiframe'

2021-11-23 10:01:02 - [MESSAGE][INFO] - Finding web element from Test Object's properties

2021-11-23 10:01:02 - [MESSAGE][INFO] - Checking timeout

2021-11-23 10:01:02 - [MESSAGE][INFO] - Finding web element with id: 'Object Repository/Olusturma/Genel/AliciBilgisi/iframe_Alc Bilgisi_customerselectiframe' located by 'By.xpath: //iframe[@id='customerselectiframe']' in '30' second(s)

2021-11-23 10:01:02 - [MESSAGE][INFO] - Smart Wait Function is triggered

2021-11-23 10:01:03 - [MESSAGE][INFO] - Found 1 web elements with id: 'Object Repository/Olusturma/Genel/AliciBilgisi/iframe_Alc Bilgisi_customerselectiframe' located by 'By.xpath: //iframe[@id='customerselectiframe']' in '30' second(s)

2021-11-23 10:01:03 - [MESSAGE][INFO] - Switched to iframe: 'Object Repository/Olusturma/Genel/AliciBilgisi/iframe_Alc Bilgisi_customerselectiframe'

2021-11-23 10:01:03 - [MESSAGE][INFO] - Finding web element from Test Object's properties

2021-11-23 10:01:03 - [MESSAGE][INFO] - Checking timeout

2021-11-23 10:01:03 - [MESSAGE][INFO] - Finding web element with id: 'Object Repository/Olusturma/Genel/AliciBilgisi/frame' located by 'By.xpath: //*/text()[normalize-space(.)='']/parent::*' in '30' second(s)

2021-11-23 10:01:03 - [MESSAGE][INFO] - Smart Wait Function is triggered

2021-11-23 10:01:03 - [MESSAGE][INFO] - Found 73 web elements with id: 'Object Repository/Olusturma/Genel/AliciBilgisi/frame' located by 'By.xpath: //*/text()[normalize-space(.)='']/parent::*' in '30' second(s)

2021-11-23 10:01:03 - [MESSAGE][INFO] - Clicking on object: 'Object Repository/Olusturma/Genel/AliciBilgisi/frame'

2021-11-23 10:01:03 - [MESSAGE][PASSED] - Object: 'Object Repository/Olusturma/Genel/AliciBilgisi/frame' is clicked on

2021-11-23 10:01:03 - [MESSAGE][INFO] - Switching to default content

2021-11-23 10:01:03 - [TEST_STEP][PASSED] - click(findTestObject("Olusturma/Genel/AliciBilgisi/Alici_Adi")): Switching to default content

2021-11-23 10:01:03 - [MESSAGE][INFO] - Finding Test Object 'Object Repository/Olusturma/Genel/AliciBilgisi/Alici_Adi'

2021-11-23 10:01:03 - [MESSAGE][INFO] - Finding Test Object 'Object Repository/Olusturma/Genel/AliciBilgisi/iframe_Alc Bilgisi_customerselectiframe'

2021-11-23 10:01:03 - [MESSAGE][INFO] - Checking object

2021-11-23 10:01:03 - [MESSAGE][INFO] - Object: 'Object Repository/Olusturma/Genel/AliciBilgisi/Alici_Adi' has parent object(s)

2021-11-23 10:01:03 - [MESSAGE][INFO] - Switching to iframe: 'Object Repository/Olusturma/Genel/AliciBilgisi/iframe_Alc Bilgisi_customerselectiframe'

2021-11-23 10:01:03 - [MESSAGE][INFO] - Finding web element from Test Object's properties

2021-11-23 10:01:03 - [MESSAGE][INFO] - Checking timeout

2021-11-23 10:01:03 - [MESSAGE][INFO] - Finding web element with id: 'Object Repository/Olusturma/Genel/AliciBilgisi/iframe_Alc Bilgisi_customerselectiframe' located by 'By.xpath: //iframe[@id='customerselectiframe']' in '30' second(s)

2021-11-23 10:01:03 - [MESSAGE][INFO] - Smart Wait Function is triggered

2021-11-23 10:01:03 - [MESSAGE][INFO] - Found 1 web elements with id: 'Object Repository/Olusturma/Genel/AliciBilgisi/iframe_Alc Bilgisi_customerselectiframe' located by 'By.xpath: //iframe[@id='customerselectiframe']' in '30' second(s)

2021-11-23 10:01:03 - [MESSAGE][INFO] - Switched to iframe: 'Object Repository/Olusturma/Genel/AliciBilgisi/iframe_Alc Bilgisi_customerselectiframe'

2021-11-23 10:01:03 - [MESSAGE][INFO] - Finding web element from Test Object's properties

2021-11-23 10:01:03 - [MESSAGE][INFO] - Checking timeout

2021-11-23 10:01:03 - [MESSAGE][INFO] - Finding web element with id: 'Object Repository/Olusturma/Genel/AliciBilgisi/Alici_Adi' located by 'By.xpath: //tr[@id='GridViewCustomer_DXDataRow0']/td[2]' in '30' second(s)

2021-11-23 10:01:03 - [MESSAGE][INFO] - Smart Wait Function is triggered

2021-11-23 10:01:03 - [MESSAGE][INFO] - Found 1 web elements with id: 'Object Repository/Olusturma/Genel/AliciBilgisi/Alici_Adi' located by 'By.xpath: //tr[@id='GridViewCustomer_DXDataRow0']/td[2]' in '30' second(s)

2021-11-23 10:01:03 - [MESSAGE][INFO] - Clicking on object: 'Object Repository/Olusturma/Genel/AliciBilgisi/Alici_Adi'

2021-11-23 10:01:03 - [MESSAGE][PASSED] - Object: 'Object Repository/Olusturma/Genel/AliciBilgisi/Alici_Adi' is clicked on

2021-11-23 10:01:03 - [MESSAGE][INFO] - Switching to default content

2021-11-23 10:01:03 - [TEST_STEP][PASSED] - click(findTestObject("Olusturma/Genel/AliciBilgisi/Tamam_Bosluk")): Switching to default content

2021-11-23 10:01:03 - [MESSAGE][INFO] - Finding Test Object 'Object Repository/Olusturma/Genel/AliciBilgisi/Tamam_Bosluk'

2021-11-23 10:01:03 - [MESSAGE][INFO] - Finding Test Object 'Object Repository/Olusturma/Genel/AliciBilgisi/Alici_Bilgisi'

2021-11-23 10:01:03 - [MESSAGE][INFO] - Checking object

2021-11-23 10:01:03 - [MESSAGE][INFO] - Object: 'Object Repository/Olusturma/Genel/AliciBilgisi/Tamam_Bosluk' has parent object(s)

2021-11-23 10:01:03 - [MESSAGE][INFO] - Switching to iframe: 'Object Repository/Olusturma/Genel/AliciBilgisi/Alici_Bilgisi'

2021-11-23 10:01:03 - [MESSAGE][INFO] - Finding web element from Test Object's properties

2021-11-23 10:01:03 - [MESSAGE][INFO] - Checking timeout

2021-11-23 10:01:03 - [MESSAGE][INFO] - Finding web element with id: 'Object Repository/Olusturma/Genel/AliciBilgisi/Alici_Bilgisi' located by 'By.xpath: //iframe[@id='customerselectiframe']' in '30' second(s)

2021-11-23 10:01:03 - [MESSAGE][INFO] - Smart Wait Function is triggered

2021-11-23 10:01:04 - [MESSAGE][INFO] - Found 1 web elements with id: 'Object Repository/Olusturma/Genel/AliciBilgisi/Alici_Bilgisi' located by 'By.xpath: //iframe[@id='customerselectiframe']' in '30' second(s)

2021-11-23 10:01:04 - [MESSAGE][INFO] - Switched to iframe: 'Object Repository/Olusturma/Genel/AliciBilgisi/Alici_Bilgisi'

2021-11-23 10:01:04 - [MESSAGE][INFO] - Finding web element from Test Object's properties

2021-11-23 10:01:04 - [MESSAGE][INFO] - Checking timeout

2021-11-23 10:01:04 - [MESSAGE][INFO] - Finding web element with id: 'Object Repository/Olusturma/Genel/AliciBilgisi/Tamam_Bosluk' located by 'By.xpath: (.//*[normalize-space(text()) and normalize-space(.)='Sayfa Boyutu:'])[1]/following::div[7]' in '30' second(s)

2021-11-23 10:01:04 - [MESSAGE][INFO] - Smart Wait Function is triggered

2021-11-23 10:01:04 - [MESSAGE][INFO] - Found 1 web elements with id: 'Object Repository/Olusturma/Genel/AliciBilgisi/Tamam_Bosluk' located by 'By.xpath: (.//*[normalize-space(text()) and normalize-space(.)='Sayfa Boyutu:'])[1]/following::div[7]' in '30' second(s)

2021-11-23 10:01:04 - [MESSAGE][INFO] - Clicking on object: 'Object Repository/Olusturma/Genel/AliciBilgisi/Tamam_Bosluk'

2021-11-23 10:01:04 - [MESSAGE][PASSED] - Object: 'Object Repository/Olusturma/Genel/AliciBilgisi/Tamam_Bosluk' is clicked on

2021-11-23 10:01:04 - [MESSAGE][INFO] - Switching to default content

2021-11-23 10:01:04 - [TEST_STEP][PASSED] - waitForElementClickable(findTestObject("Olusturma/Genel/AliciBilgisi/Tamam_Butonu"), 10): Switching to default content

2021-11-23 10:01:04 - [MESSAGE][INFO] - Finding Test Object 'Object Repository/Olusturma/Genel/AliciBilgisi/Tamam_Butonu'

2021-11-23 10:01:04 - [MESSAGE][INFO] - Finding Test Object 'Object Repository/Olusturma/Genel/AliciBilgisi/Alici_Bilgisi'

2021-11-23 10:01:04 - [MESSAGE][INFO] - Checking object

2021-11-23 10:01:04 - [MESSAGE][INFO] - Checking timeout

2021-11-23 10:01:04 - [MESSAGE][INFO] - Object: 'Object Repository/Olusturma/Genel/AliciBilgisi/Tamam_Butonu' has parent object(s)

2021-11-23 10:01:04 - [MESSAGE][INFO] - Switching to iframe: 'Object Repository/Olusturma/Genel/AliciBilgisi/Alici_Bilgisi'

2021-11-23 10:01:04 - [MESSAGE][INFO] - Finding web element from Test Object's properties

2021-11-23 10:01:04 - [MESSAGE][INFO] - Checking timeout

2021-11-23 10:01:04 - [MESSAGE][INFO] - Finding web element with id: 'Object Repository/Olusturma/Genel/AliciBilgisi/Alici_Bilgisi' located by 'By.xpath: //iframe[@id='customerselectiframe']' in '10' second(s)

2021-11-23 10:01:04 - [MESSAGE][INFO] - Smart Wait Function is triggered

2021-11-23 10:01:04 - [MESSAGE][INFO] - Found 1 web elements with id: 'Object Repository/Olusturma/Genel/AliciBilgisi/Alici_Bilgisi' located by 'By.xpath: //iframe[@id='customerselectiframe']' in '10' second(s)

2021-11-23 10:01:04 - [MESSAGE][INFO] - Switched to iframe: 'Object Repository/Olusturma/Genel/AliciBilgisi/Alici_Bilgisi'

2021-11-23 10:01:04 - [MESSAGE][INFO] - Finding web element from Test Object's properties

2021-11-23 10:01:04 - [MESSAGE][INFO] - Checking timeout

2021-11-23 10:01:04 - [MESSAGE][INFO] - Finding web element with id: 'Object Repository/Olusturma/Genel/AliciBilgisi/Tamam_Butonu' located by 'By.xpath: //div[@id='btnSelectCustomer_CD']/span' in '10' second(s)

2021-11-23 10:01:04 - [MESSAGE][INFO] - Smart Wait Function is triggered

2021-11-23 10:01:04 - [MESSAGE][INFO] - Found 1 web elements with id: 'Object Repository/Olusturma/Genel/AliciBilgisi/Tamam_Butonu' located by 'By.xpath: //div[@id='btnSelectCustomer_CD']/span' in '10' second(s)

2021-11-23 10:01:04 - [MESSAGE][PASSED] - Object 'Object Repository/Olusturma/Genel/AliciBilgisi/Tamam_Butonu' is clickable

2021-11-23 10:01:04 - [MESSAGE][INFO] - Switching to default content

2021-11-23 10:01:04 - [TEST_STEP][PASSED] - click(findTestObject("Olusturma/Genel/AliciBilgisi/Tamam_Butonu")): Switching to default content

2021-11-23 10:01:04 - [MESSAGE][INFO] - Finding Test Object 'Object Repository/Olusturma/Genel/AliciBilgisi/Tamam_Butonu'

2021-11-23 10:01:05 - [MESSAGE][INFO] - Finding Test Object 'Object Repository/Olusturma/Genel/AliciBilgisi/Alici_Bilgisi'

2021-11-23 10:01:05 - [MESSAGE][INFO] - Checking object

2021-11-23 10:01:05 - [MESSAGE][INFO] - Object: 'Object Repository/Olusturma/Genel/AliciBilgisi/Tamam_Butonu' has parent object(s)

2021-11-23 10:01:05 - [MESSAGE][INFO] - Switching to iframe: 'Object Repository/Olusturma/Genel/AliciBilgisi/Alici_Bilgisi'

2021-11-23 10:01:05 - [MESSAGE][INFO] - Finding web element from Test Object's properties

2021-11-23 10:01:05 - [MESSAGE][INFO] - Checking timeout

2021-11-23 10:01:05 - [MESSAGE][INFO] - Finding web element with id: 'Object Repository/Olusturma/Genel/AliciBilgisi/Alici_Bilgisi' located by 'By.xpath: //iframe[@id='customerselectiframe']' in '30' second(s)

2021-11-23 10:01:05 - [MESSAGE][INFO] - Smart Wait Function is triggered

2021-11-23 10:01:05 - [MESSAGE][INFO] - Found 1 web elements with id: 'Object Repository/Olusturma/Genel/AliciBilgisi/Alici_Bilgisi' located by 'By.xpath: //iframe[@id='customerselectiframe']' in '30' second(s)

2021-11-23 10:01:05 - [MESSAGE][INFO] - Switched to iframe: 'Object Repository/Olusturma/Genel/AliciBilgisi/Alici_Bilgisi'

2021-11-23 10:01:05 - [MESSAGE][INFO] - Finding web element from Test Object's properties

2021-11-23 10:01:05 - [MESSAGE][INFO] - Checking timeout

2021-11-23 10:01:05 - [MESSAGE][INFO] - Finding web element with id: 'Object Repository/Olusturma/Genel/AliciBilgisi/Tamam_Butonu' located by 'By.xpath: //div[@id='btnSelectCustomer_CD']/span' in '30' second(s)

2021-11-23 10:01:05 - [MESSAGE][INFO] - Smart Wait Function is triggered

2021-11-23 10:01:05 - [MESSAGE][INFO] - Found 1 web elements with id: 'Object Repository/Olusturma/Genel/AliciBilgisi/Tamam_Butonu' located by 'By.xpath: //div[@id='btnSelectCustomer_CD']/span' in '30' second(s)

2021-11-23 10:01:05 - [MESSAGE][INFO] - Clicking on object: 'Object Repository/Olusturma/Genel/AliciBilgisi/Tamam_Butonu'

2021-11-23 10:01:05 - [MESSAGE][PASSED] - Object: 'Object Repository/Olusturma/Genel/AliciBilgisi/Tamam_Butonu' is clicked on

2021-11-23 10:01:05 - [MESSAGE][INFO] - Switching to default content

2021-11-23 10:01:05 - [TEST_STEP][PASSED] - waitForElementPresent(findTestObject("Olusturma/Genel/AliciBilgisi/VKN-TCKN"), 10): Object 'Object Repository/Olusturma/Genel/AliciBilgisi/VKN-TCKN' is present

2021-11-23 10:01:05 - [MESSAGE][INFO] - Finding Test Object 'Object Repository/Olusturma/Genel/AliciBilgisi/VKN-TCKN'

2021-11-23 10:01:05 - [MESSAGE][INFO] - Checking object

2021-11-23 10:01:05 - [MESSAGE][INFO] - Finding web element from Test Object's properties

2021-11-23 10:01:05 - [MESSAGE][INFO] - Checking timeout

2021-11-23 10:01:05 - [MESSAGE][INFO] - Finding web element with id: 'Object Repository/Olusturma/Genel/AliciBilgisi/VKN-TCKN' located by 'By.xpath: //*[@id = 'txtVknTckn_I']' in '10' second(s)

2021-11-23 10:01:05 - [MESSAGE][INFO] - Smart Wait Function is triggered

2021-11-23 10:01:06 - [MESSAGE][INFO] - Found 1 web elements with id: 'Object Repository/Olusturma/Genel/AliciBilgisi/VKN-TCKN' located by 'By.xpath: //*[@id = 'txtVknTckn_I']' in '10' second(s)

2021-11-23 10:01:06 - [MESSAGE][PASSED] - Object 'Object Repository/Olusturma/Genel/AliciBilgisi/VKN-TCKN' is present

2021-11-23 10:01:06 - [TEST_STEP][PASSED] - text = getAttribute(findTestObject("Olusturma/Genel/AliciBilgisi/VKN-TCKN"), "value"): Attribute 'value' of object 'Object Repository/Olusturma/Genel/AliciBilgisi/VKN-TCKN' is: '0748742193'

2021-11-23 10:01:06 - [MESSAGE][INFO] - Finding Test Object 'Object Repository/Olusturma/Genel/AliciBilgisi/VKN-TCKN'

2021-11-23 10:01:06 - [MESSAGE][INFO] - Checking object

2021-11-23 10:01:06 - [MESSAGE][INFO] - Checking attribute

2021-11-23 10:01:06 - [MESSAGE][INFO] - Finding web element from Test Object's properties

2021-11-23 10:01:06 - [MESSAGE][INFO] - Checking timeout

2021-11-23 10:01:06 - [MESSAGE][INFO] - Finding web element with id: 'Object Repository/Olusturma/Genel/AliciBilgisi/VKN-TCKN' located by 'By.xpath: //*[@id = 'txtVknTckn_I']' in '30' second(s)

2021-11-23 10:01:06 - [MESSAGE][INFO] - Smart Wait Function is triggered

2021-11-23 10:01:06 - [MESSAGE][INFO] - Found 1 web elements with id: 'Object Repository/Olusturma/Genel/AliciBilgisi/VKN-TCKN' located by 'By.xpath: //*[@id = 'txtVknTckn_I']' in '30' second(s)

2021-11-23 10:01:06 - [MESSAGE][INFO] - Getting attribute 'value' of object 'Object Repository/Olusturma/Genel/AliciBilgisi/VKN-TCKN'

2021-11-23 10:01:06 - [MESSAGE][PASSED] - Attribute 'value' of object 'Object Repository/Olusturma/Genel/AliciBilgisi/VKN-TCKN' is: '0748742193'

2021-11-23 10:01:06 - [TEST_STEP][PASSED] - if (text.equals("")): null

2021-11-23 10:01:06 - [MESSAGE][PASSED] - Call Test Case 'Test Cases/Olusturma/Genel/AliciSecilir' successfully

2021-11-23 10:01:06 - [MESSAGE][INFO] - Checking called Test Case

2021-11-23 10:01:06 - [MESSAGE][INFO] - Starting to call Test Case 'Test Cases/Olusturma/Genel/SenaryoSecilir'

2021-11-23 10:01:06 - [TEST_CASE][PASSED] - Test Cases/Olusturma/Genel/SenaryoSecilir: Test Cases/Olusturma/Genel/SenaryoSecilir

2021-11-23 10:01:07 - [TEST_STEP][PASSED] - waitForElementClickable(findTestObject("Olusturma/Genel/SenaryoSecilir/Senaryo"), 10): Object 'Object Repository/Olusturma/Genel/SenaryoSecilir/Senaryo' is clickable

2021-11-23 10:01:07 - [MESSAGE][INFO] - Finding Test Object 'Object Repository/Olusturma/Genel/SenaryoSecilir/Senaryo'

2021-11-23 10:01:07 - [MESSAGE][INFO] - Checking object

2021-11-23 10:01:07 - [MESSAGE][INFO] - Checking timeout

2021-11-23 10:01:07 - [MESSAGE][INFO] - Finding web element from Test Object's properties

2021-11-23 10:01:07 - [MESSAGE][INFO] - Checking timeout

2021-11-23 10:01:07 - [MESSAGE][INFO] - Finding web element with id: 'Object Repository/Olusturma/Genel/SenaryoSecilir/Senaryo' located by 'By.xpath: //*[@id = 'ProfileId_I']' in '10' second(s)

2021-11-23 10:01:07 - [MESSAGE][INFO] - Smart Wait Function is triggered

2021-11-23 10:01:08 - [MESSAGE][INFO] - Found 1 web elements with id: 'Object Repository/Olusturma/Genel/SenaryoSecilir/Senaryo' located by 'By.xpath: //*[@id = 'ProfileId_I']' in '10' second(s)

2021-11-23 10:01:08 - [MESSAGE][PASSED] - Object 'Object Repository/Olusturma/Genel/SenaryoSecilir/Senaryo' is clickable

2021-11-23 10:01:08 - [TEST_STEP][PASSED] - click(findTestObject("Olusturma/Genel/SenaryoSecilir/Senaryo")): Object: 'Object Repository/Olusturma/Genel/SenaryoSecilir/Senaryo' is clicked on

2021-11-23 10:01:08 - [MESSAGE][INFO] - Finding Test Object 'Object Repository/Olusturma/Genel/SenaryoSecilir/Senaryo'

2021-11-23 10:01:08 - [MESSAGE][INFO] - Checking object

2021-11-23 10:01:08 - [MESSAGE][INFO] - Finding web element from Test Object's properties

2021-11-23 10:01:08 - [MESSAGE][INFO] - Checking timeout

2021-11-23 10:01:08 - [MESSAGE][INFO] - Finding web element with id: 'Object Repository/Olusturma/Genel/SenaryoSecilir/Senaryo' located by 'By.xpath: //*[@id = 'ProfileId_I']' in '30' second(s)

2021-11-23 10:01:08 - [MESSAGE][INFO] - Smart Wait Function is triggered

2021-11-23 10:01:08 - [MESSAGE][INFO] - Found 1 web elements with id: 'Object Repository/Olusturma/Genel/SenaryoSecilir/Senaryo' located by 'By.xpath: //*[@id = 'ProfileId_I']' in '30' second(s)

2021-11-23 10:01:08 - [MESSAGE][INFO] - Clicking on object: 'Object Repository/Olusturma/Genel/SenaryoSecilir/Senaryo'

2021-11-23 10:01:08 - [MESSAGE][PASSED] - Object: 'Object Repository/Olusturma/Genel/SenaryoSecilir/Senaryo' is clicked on

2021-11-23 10:01:08 - [TEST_STEP][PASSED] - Method.TextDegerineEsitElementeTikla(findTestObject("Olusturma/Genel/SenaryoSecilir/Senaryo_Adi"), Tur): Method.TextDegerineEsitElementeTikla is PASSED

2021-11-23 10:01:08 - [MESSAGE][INFO] - Finding Test Object 'Object Repository/Olusturma/Genel/SenaryoSecilir/Senaryo_Adi'

2021-11-23 10:01:08 - [MESSAGE][INFO] - Checking timeout

2021-11-23 10:01:08 - [MESSAGE][INFO] - Finding web element with id: 'Object Repository/Olusturma/Genel/SenaryoSecilir/Senaryo_Adi' located by 'By.cssSelector: #ProfileId_DDD_L_LBT td' in '10' second(s)

2021-11-23 10:01:08 - [MESSAGE][INFO] - Smart Wait Function is triggered

2021-11-23 10:01:09 - [MESSAGE][INFO] - Found 2 web elements with id: 'Object Repository/Olusturma/Genel/SenaryoSecilir/Senaryo_Adi' located by 'By.cssSelector: #ProfileId_DDD_L_LBT td' in '10' second(s)

2021-11-23 10:01:09 - [MESSAGE][PASSED] - Method.TextDegerineEsitElementeTikla is PASSED

2021-11-23 10:01:09 - [MESSAGE][PASSED] - Call Test Case 'Test Cases/Olusturma/Genel/SenaryoSecilir' successfully

2021-11-23 10:01:09 - [MESSAGE][INFO] - Checking called Test Case

2021-11-23 10:01:09 - [MESSAGE][INFO] - Starting to call Test Case 'Test Cases/Olusturma/Genel/Kutular/FarkliTeslimatAdresTanimi'

2021-11-23 10:01:09 - [TEST_CASE][PASSED] - Test Cases/Olusturma/Genel/Kutular/FarkliTeslimatAdresTanimi: Test Cases/Olusturma/Genel/Kutular/FarkliTeslimatAdresTanimi

2021-11-23 10:01:10 - [TEST_STEP][PASSED] - Method.TextDegerineEsitElementeTikla(findTestObject("Olusturma/Genel/Kutular/KapaliKutular"), "Farklı Teslimat Adres Tanımı"): Method.TextDegerineEsitElementeTikla is PASSED

2021-11-23 10:01:10 - [MESSAGE][INFO] - Finding Test Object 'Object Repository/Olusturma/Genel/Kutular/KapaliKutular'

2021-11-23 10:01:10 - [MESSAGE][INFO] - Checking timeout

2021-11-23 10:01:10 - [MESSAGE][INFO] - Finding web element with id: 'Object Repository/Olusturma/Genel/Kutular/KapaliKutular' located by 'By.cssSelector: .dxnb-headerCollapsed>span' in '10' second(s)

2021-11-23 10:01:10 - [MESSAGE][INFO] - Smart Wait Function is triggered

2021-11-23 10:01:10 - [MESSAGE][INFO] - Found 5 web elements with id: 'Object Repository/Olusturma/Genel/Kutular/KapaliKutular' located by 'By.cssSelector: .dxnb-headerCollapsed>span' in '10' second(s)

2021-11-23 10:01:10 - [MESSAGE][PASSED] - Method.TextDegerineEsitElementeTikla is PASSED

2021-11-23 10:01:10 - [TEST_STEP][PASSED] - waitForElementPresent(findTestObject("Object Repository/Olusturma/Genel/Kutular/FarkliTeslimatAdresTanimi/Adres"), 10): Object 'Object Repository/Olusturma/Genel/Kutular/FarkliTeslimatAdresTanimi/Adres' is present

2021-11-23 10:01:10 - [MESSAGE][INFO] - Finding Test Object 'Object Repository/Olusturma/Genel/Kutular/FarkliTeslimatAdresTanimi/Adres'

2021-11-23 10:01:10 - [MESSAGE][INFO] - Checking object

2021-11-23 10:01:10 - [MESSAGE][INFO] - Finding web element from Test Object's properties

2021-11-23 10:01:10 - [MESSAGE][INFO] - Checking timeout

2021-11-23 10:01:10 - [MESSAGE][INFO] - Finding web element with id: 'Object Repository/Olusturma/Genel/Kutular/FarkliTeslimatAdresTanimi/Adres' located by 'By.xpath: //*[@id = 'txtStreetAddress_I']' in '10' second(s)

2021-11-23 10:01:10 - [MESSAGE][INFO] - Smart Wait Function is triggered

2021-11-23 10:01:11 - [MESSAGE][INFO] - Found 1 web elements with id: 'Object Repository/Olusturma/Genel/Kutular/FarkliTeslimatAdresTanimi/Adres' located by 'By.xpath: //*[@id = 'txtStreetAddress_I']' in '10' second(s)

2021-11-23 10:01:11 - [MESSAGE][PASSED] - Object 'Object Repository/Olusturma/Genel/Kutular/FarkliTeslimatAdresTanimi/Adres' is present

2021-11-23 10:01:11 - [TEST_STEP][PASSED] - clearText(findTestObject("Object Repository/Olusturma/Genel/Kutular/FarkliTeslimatAdresTanimi/Adres")): Text of object 'Object Repository/Olusturma/Genel/Kutular/FarkliTeslimatAdresTanimi/Adres' is cleared

2021-11-23 10:01:11 - [MESSAGE][INFO] - Finding Test Object 'Object Repository/Olusturma/Genel/Kutular/FarkliTeslimatAdresTanimi/Adres'

2021-11-23 10:01:11 - [MESSAGE][INFO] - Checking object

2021-11-23 10:01:11 - [MESSAGE][INFO] - Finding web element from Test Object's properties

2021-11-23 10:01:11 - [MESSAGE][INFO] - Checking timeout

2021-11-23 10:01:11 - [MESSAGE][INFO] - Finding web element with id: 'Object Repository/Olusturma/Genel/Kutular/FarkliTeslimatAdresTanimi/Adres' located by 'By.xpath: //*[@id = 'txtStreetAddress_I']' in '30' second(s)

2021-11-23 10:01:11 - [MESSAGE][INFO] - Smart Wait Function is triggered

2021-11-23 10:01:11 - [MESSAGE][INFO] - Found 1 web elements with id: 'Object Repository/Olusturma/Genel/Kutular/FarkliTeslimatAdresTanimi/Adres' located by 'By.xpath: //*[@id = 'txtStreetAddress_I']' in '30' second(s)

2021-11-23 10:01:11 - [MESSAGE][INFO] - Clearing text of object 'Object Repository/Olusturma/Genel/Kutular/FarkliTeslimatAdresTanimi/Adres'

2021-11-23 10:01:11 - [MESSAGE][PASSED] - Text of object 'Object Repository/Olusturma/Genel/Kutular/FarkliTeslimatAdresTanimi/Adres' is cleared

2021-11-23 10:01:11 - [TEST_STEP][PASSED] - sendKeys(findTestObject("Object Repository/Olusturma/Genel/Kutular/FarkliTeslimatAdresTanimi/Adres"), Adres): Keys 'adres' sent to object: 'Object Repository/Olusturma/Genel/Kutular/FarkliTeslimatAdresTanimi/Adres'

2021-11-23 10:01:11 - [MESSAGE][INFO] - Finding Test Object 'Object Repository/Olusturma/Genel/Kutular/FarkliTeslimatAdresTanimi/Adres'

2021-11-23 10:01:11 - [MESSAGE][INFO] - Sending keys 'adres' to object: 'Object Repository/Olusturma/Genel/Kutular/FarkliTeslimatAdresTanimi/Adres'

2021-11-23 10:01:11 - [MESSAGE][INFO] - Finding web element from Test Object's properties

2021-11-23 10:01:11 - [MESSAGE][INFO] - Checking timeout

2021-11-23 10:01:11 - [MESSAGE][INFO] - Finding web element with id: 'Object Repository/Olusturma/Genel/Kutular/FarkliTeslimatAdresTanimi/Adres' located by 'By.xpath: //*[@id = 'txtStreetAddress_I']' in '30' second(s)

2021-11-23 10:01:11 - [MESSAGE][INFO] - Smart Wait Function is triggered

2021-11-23 10:01:12 - [MESSAGE][INFO] - Found 1 web elements with id: 'Object Repository/Olusturma/Genel/Kutular/FarkliTeslimatAdresTanimi/Adres' located by 'By.xpath: //*[@id = 'txtStreetAddress_I']' in '30' second(s)

2021-11-23 10:01:12 - [MESSAGE][PASSED] - Keys 'adres' sent to object: 'Object Repository/Olusturma/Genel/Kutular/FarkliTeslimatAdresTanimi/Adres'

2021-11-23 10:01:12 - [TEST_STEP][PASSED] - waitForElementClickable(findTestObject("Object Repository/Olusturma/Genel/Kutular/FarkliTeslimatAdresTanimi/UlkeImage"), 10): Object 'Object Repository/Olusturma/Genel/Kutular/FarkliTeslimatAdresTanimi/UlkeImage' is clickable

2021-11-23 10:01:12 - [MESSAGE][INFO] - Finding Test Object 'Object Repository/Olusturma/Genel/Kutular/FarkliTeslimatAdresTanimi/UlkeImage'

2021-11-23 10:01:12 - [MESSAGE][INFO] - Checking object

2021-11-23 10:01:12 - [MESSAGE][INFO] - Checking timeout

2021-11-23 10:01:12 - [MESSAGE][INFO] - Finding web element from Test Object's properties

2021-11-23 10:01:12 - [MESSAGE][INFO] - Checking timeout

2021-11-23 10:01:12 - [MESSAGE][INFO] - Finding web element with id: 'Object Repository/Olusturma/Genel/Kutular/FarkliTeslimatAdresTanimi/UlkeImage' located by 'By.xpath: //*[@id = 'txtCountryIdentificationCodeAddress_B-1Img']' in '10' second(s)

2021-11-23 10:01:12 - [MESSAGE][INFO] - Smart Wait Function is triggered

2021-11-23 10:01:12 - [MESSAGE][INFO] - Found 1 web elements with id: 'Object Repository/Olusturma/Genel/Kutular/FarkliTeslimatAdresTanimi/UlkeImage' located by 'By.xpath: //*[@id = 'txtCountryIdentificationCodeAddress_B-1Img']' in '10' second(s)

2021-11-23 10:01:12 - [MESSAGE][PASSED] - Object 'Object Repository/Olusturma/Genel/Kutular/FarkliTeslimatAdresTanimi/UlkeImage' is clickable

2021-11-23 10:01:12 - [TEST_STEP][PASSED] - click(findTestObject("Object Repository/Olusturma/Genel/Kutular/FarkliTeslimatAdresTanimi/UlkeImage")): Object: 'Object Repository/Olusturma/Genel/Kutular/FarkliTeslimatAdresTanimi/UlkeImage' is clicked on

2021-11-23 10:01:12 - [MESSAGE][INFO] - Finding Test Object 'Object Repository/Olusturma/Genel/Kutular/FarkliTeslimatAdresTanimi/UlkeImage'

2021-11-23 10:01:12 - [MESSAGE][INFO] - Checking object

2021-11-23 10:01:12 - [MESSAGE][INFO] - Finding web element from Test Object's properties

2021-11-23 10:01:12 - [MESSAGE][INFO] - Checking timeout

2021-11-23 10:01:12 - [MESSAGE][INFO] - Finding web element with id: 'Object Repository/Olusturma/Genel/Kutular/FarkliTeslimatAdresTanimi/UlkeImage' located by 'By.xpath: //*[@id = 'txtCountryIdentificationCodeAddress_B-1Img']' in '30' second(s)

2021-11-23 10:01:12 - [MESSAGE][INFO] - Smart Wait Function is triggered

2021-11-23 10:01:13 - [MESSAGE][INFO] - Found 1 web elements with id: 'Object Repository/Olusturma/Genel/Kutular/FarkliTeslimatAdresTanimi/UlkeImage' located by 'By.xpath: //*[@id = 'txtCountryIdentificationCodeAddress_B-1Img']' in '30' second(s)

2021-11-23 10:01:13 - [MESSAGE][INFO] - Clicking on object: 'Object Repository/Olusturma/Genel/Kutular/FarkliTeslimatAdresTanimi/UlkeImage'

2021-11-23 10:01:13 - [MESSAGE][PASSED] - Object: 'Object Repository/Olusturma/Genel/Kutular/FarkliTeslimatAdresTanimi/UlkeImage' is clicked on

2021-11-23 10:01:13 - [TEST_STEP][PASSED] - Method.TextDegerineEsitElementeTikla(findTestObject("Object Repository/Olusturma/Genel/Kutular/FarkliTeslimatAdresTanimi/Ulke"), Ulke): Method.TextDegerineEsitElementeTikla is PASSED

2021-11-23 10:01:13 - [MESSAGE][INFO] - Finding Test Object 'Object Repository/Olusturma/Genel/Kutular/FarkliTeslimatAdresTanimi/Ulke'

2021-11-23 10:01:13 - [MESSAGE][INFO] - Checking timeout

2021-11-23 10:01:13 - [MESSAGE][INFO] - Finding web element with id: 'Object Repository/Olusturma/Genel/Kutular/FarkliTeslimatAdresTanimi/Ulke' located by 'By.cssSelector: #txtCountryIdentificationCodeAddress_DDD_L_D td' in '10' second(s)

2021-11-23 10:01:13 - [MESSAGE][INFO] - Smart Wait Function is triggered

2021-11-23 10:01:13 - [MESSAGE][INFO] - Found 230 web elements with id: 'Object Repository/Olusturma/Genel/Kutular/FarkliTeslimatAdresTanimi/Ulke' located by 'By.cssSelector: #txtCountryIdentificationCodeAddress_DDD_L_D td' in '10' second(s)

2021-11-23 10:01:19 - [MESSAGE][PASSED] - Method.TextDegerineEsitElementeTikla is PASSED

2021-11-23 10:01:19 - [TEST_STEP][PASSED] - waitForElementPresent(findTestObject("Object Repository/Olusturma/Genel/Kutular/FarkliTeslimatAdresTanimi/Sehir"), 10): Object 'Object Repository/Olusturma/Genel/Kutular/FarkliTeslimatAdresTanimi/Sehir' is present

2021-11-23 10:01:19 - [MESSAGE][INFO] - Finding Test Object 'Object Repository/Olusturma/Genel/Kutular/FarkliTeslimatAdresTanimi/Sehir'

2021-11-23 10:01:19 - [MESSAGE][INFO] - Checking object

2021-11-23 10:01:19 - [MESSAGE][INFO] - Finding web element from Test Object's properties

2021-11-23 10:01:19 - [MESSAGE][INFO] - Checking timeout

2021-11-23 10:01:19 - [MESSAGE][INFO] - Finding web element with id: 'Object Repository/Olusturma/Genel/Kutular/FarkliTeslimatAdresTanimi/Sehir' located by 'By.xpath: //*[@id = 'txtCityAddress_I']' in '10' second(s)

2021-11-23 10:01:19 - [MESSAGE][INFO] - Smart Wait Function is triggered

2021-11-23 10:01:20 - [MESSAGE][INFO] - Found 1 web elements with id: 'Object Repository/Olusturma/Genel/Kutular/FarkliTeslimatAdresTanimi/Sehir' located by 'By.xpath: //*[@id = 'txtCityAddress_I']' in '10' second(s)

2021-11-23 10:01:20 - [MESSAGE][PASSED] - Object 'Object Repository/Olusturma/Genel/Kutular/FarkliTeslimatAdresTanimi/Sehir' is present

2021-11-23 10:01:20 - [TEST_STEP][PASSED] - clearText(findTestObject("Object Repository/Olusturma/Genel/Kutular/FarkliTeslimatAdresTanimi/Sehir")): Text of object 'Object Repository/Olusturma/Genel/Kutular/FarkliTeslimatAdresTanimi/Sehir' is cleared

2021-11-23 10:01:20 - [MESSAGE][INFO] - Finding Test Object 'Object Repository/Olusturma/Genel/Kutular/FarkliTeslimatAdresTanimi/Sehir'

2021-11-23 10:01:20 - [MESSAGE][INFO] - Checking object

2021-11-23 10:01:20 - [MESSAGE][INFO] - Finding web element from Test Object's properties

2021-11-23 10:01:20 - [MESSAGE][INFO] - Checking timeout

2021-11-23 10:01:20 - [MESSAGE][INFO] - Finding web element with id: 'Object Repository/Olusturma/Genel/Kutular/FarkliTeslimatAdresTanimi/Sehir' located by 'By.xpath: //*[@id = 'txtCityAddress_I']' in '30' second(s)

2021-11-23 10:01:20 - [MESSAGE][INFO] - Smart Wait Function is triggered

2021-11-23 10:01:20 - [MESSAGE][INFO] - Found 1 web elements with id: 'Object Repository/Olusturma/Genel/Kutular/FarkliTeslimatAdresTanimi/Sehir' located by 'By.xpath: //*[@id = 'txtCityAddress_I']' in '30' second(s)

2021-11-23 10:01:20 - [MESSAGE][INFO] - Clearing text of object 'Object Repository/Olusturma/Genel/Kutular/FarkliTeslimatAdresTanimi/Sehir'

2021-11-23 10:01:20 - [MESSAGE][PASSED] - Text of object 'Object Repository/Olusturma/Genel/Kutular/FarkliTeslimatAdresTanimi/Sehir' is cleared

2021-11-23 10:01:20 - [TEST_STEP][PASSED] - sendKeys(findTestObject("Object Repository/Olusturma/Genel/Kutular/FarkliTeslimatAdresTanimi/Sehir"), Sehir): Keys 'Isparta' sent to object: 'Object Repository/Olusturma/Genel/Kutular/FarkliTeslimatAdresTanimi/Sehir'

2021-11-23 10:01:20 - [MESSAGE][INFO] - Finding Test Object 'Object Repository/Olusturma/Genel/Kutular/FarkliTeslimatAdresTanimi/Sehir'

2021-11-23 10:01:20 - [MESSAGE][INFO] - Sending keys 'Isparta' to object: 'Object Repository/Olusturma/Genel/Kutular/FarkliTeslimatAdresTanimi/Sehir'

2021-11-23 10:01:20 - [MESSAGE][INFO] - Finding web element from Test Object's properties

2021-11-23 10:01:20 - [MESSAGE][INFO] - Checking timeout

2021-11-23 10:01:20 - [MESSAGE][INFO] - Finding web element with id: 'Object Repository/Olusturma/Genel/Kutular/FarkliTeslimatAdresTanimi/Sehir' located by 'By.xpath: //*[@id = 'txtCityAddress_I']' in '30' second(s)

2021-11-23 10:01:20 - [MESSAGE][INFO] - Smart Wait Function is triggered

2021-11-23 10:01:21 - [MESSAGE][INFO] - Found 1 web elements with id: 'Object Repository/Olusturma/Genel/Kutular/FarkliTeslimatAdresTanimi/Sehir' located by 'By.xpath: //*[@id = 'txtCityAddress_I']' in '30' second(s)

2021-11-23 10:01:21 - [MESSAGE][PASSED] - Keys 'Isparta' sent to object: 'Object Repository/Olusturma/Genel/Kutular/FarkliTeslimatAdresTanimi/Sehir'

2021-11-23 10:01:21 - [TEST_STEP][PASSED] - waitForElementPresent(findTestObject("Object Repository/Olusturma/Genel/Kutular/FarkliTeslimatAdresTanimi/Ilce"), 10): Object 'Object Repository/Olusturma/Genel/Kutular/FarkliTeslimatAdresTanimi/Ilce' is present

2021-11-23 10:01:21 - [MESSAGE][INFO] - Finding Test Object 'Object Repository/Olusturma/Genel/Kutular/FarkliTeslimatAdresTanimi/Ilce'

2021-11-23 10:01:21 - [MESSAGE][INFO] - Checking object

2021-11-23 10:01:21 - [MESSAGE][INFO] - Finding web element from Test Object's properties

2021-11-23 10:01:21 - [MESSAGE][INFO] - Checking timeout

2021-11-23 10:01:21 - [MESSAGE][INFO] - Finding web element with id: 'Object Repository/Olusturma/Genel/Kutular/FarkliTeslimatAdresTanimi/Ilce' located by 'By.xpath: //*[@id = 'txtCountyAddress_I']' in '10' second(s)

2021-11-23 10:01:21 - [MESSAGE][INFO] - Smart Wait Function is triggered

2021-11-23 10:01:21 - [MESSAGE][INFO] - Found 1 web elements with id: 'Object Repository/Olusturma/Genel/Kutular/FarkliTeslimatAdresTanimi/Ilce' located by 'By.xpath: //*[@id = 'txtCountyAddress_I']' in '10' second(s)

2021-11-23 10:01:21 - [MESSAGE][PASSED] - Object 'Object Repository/Olusturma/Genel/Kutular/FarkliTeslimatAdresTanimi/Ilce' is present

2021-11-23 10:01:21 - [TEST_STEP][PASSED] - clearText(findTestObject("Object Repository/Olusturma/Genel/Kutular/FarkliTeslimatAdresTanimi/Ilce")): Text of object 'Object Repository/Olusturma/Genel/Kutular/FarkliTeslimatAdresTanimi/Ilce' is cleared

2021-11-23 10:01:21 - [MESSAGE][INFO] - Finding Test Object 'Object Repository/Olusturma/Genel/Kutular/FarkliTeslimatAdresTanimi/Ilce'

2021-11-23 10:01:21 - [MESSAGE][INFO] - Checking object

2021-11-23 10:01:21 - [MESSAGE][INFO] - Finding web element from Test Object's properties

2021-11-23 10:01:21 - [MESSAGE][INFO] - Checking timeout

2021-11-23 10:01:21 - [MESSAGE][INFO] - Finding web element with id: 'Object Repository/Olusturma/Genel/Kutular/FarkliTeslimatAdresTanimi/Ilce' located by 'By.xpath: //*[@id = 'txtCountyAddress_I']' in '30' second(s)

2021-11-23 10:01:21 - [MESSAGE][INFO] - Smart Wait Function is triggered

2021-11-23 10:01:22 - [MESSAGE][INFO] - Found 1 web elements with id: 'Object Repository/Olusturma/Genel/Kutular/FarkliTeslimatAdresTanimi/Ilce' located by 'By.xpath: //*[@id = 'txtCountyAddress_I']' in '30' second(s)

2021-11-23 10:01:22 - [MESSAGE][INFO] - Clearing text of object 'Object Repository/Olusturma/Genel/Kutular/FarkliTeslimatAdresTanimi/Ilce'

2021-11-23 10:01:22 - [MESSAGE][PASSED] - Text of object 'Object Repository/Olusturma/Genel/Kutular/FarkliTeslimatAdresTanimi/Ilce' is cleared

2021-11-23 10:01:22 - [TEST_STEP][PASSED] - sendKeys(findTestObject("Object Repository/Olusturma/Genel/Kutular/FarkliTeslimatAdresTanimi/Ilce"), Ilce): Keys 'Yalvaç' sent to object: 'Object Repository/Olusturma/Genel/Kutular/FarkliTeslimatAdresTanimi/Ilce'

2021-11-23 10:01:22 - [MESSAGE][INFO] - Finding Test Object 'Object Repository/Olusturma/Genel/Kutular/FarkliTeslimatAdresTanimi/Ilce'

2021-11-23 10:01:22 - [MESSAGE][INFO] - Sending keys 'Yalvaç' to object: 'Object Repository/Olusturma/Genel/Kutular/FarkliTeslimatAdresTanimi/Ilce'

2021-11-23 10:01:22 - [MESSAGE][INFO] - Finding web element from Test Object's properties

2021-11-23 10:01:22 - [MESSAGE][INFO] - Checking timeout

2021-11-23 10:01:22 - [MESSAGE][INFO] - Finding web element with id: 'Object Repository/Olusturma/Genel/Kutular/FarkliTeslimatAdresTanimi/Ilce' located by 'By.xpath: //*[@id = 'txtCountyAddress_I']' in '30' second(s)

2021-11-23 10:01:22 - [MESSAGE][INFO] - Smart Wait Function is triggered

2021-11-23 10:01:22 - [MESSAGE][INFO] - Found 1 web elements with id: 'Object Repository/Olusturma/Genel/Kutular/FarkliTeslimatAdresTanimi/Ilce' located by 'By.xpath: //*[@id = 'txtCountyAddress_I']' in '30' second(s)

2021-11-23 10:01:22 - [MESSAGE][PASSED] - Keys 'Yalvaç' sent to object: 'Object Repository/Olusturma/Genel/Kutular/FarkliTeslimatAdresTanimi/Ilce'

2021-11-23 10:01:22 - [TEST_STEP][PASSED] - click(findTestObject("Object Repository/Olusturma/Genel/Kutular/FarkliTeslimatAdresTanimi/PostaKodu"), STOP_ON_FAILURE): Object: 'Object Repository/Olusturma/Genel/Kutular/FarkliTeslimatAdresTanimi/PostaKodu' is clicked on

2021-11-23 10:01:22 - [MESSAGE][INFO] - Finding Test Object 'Object Repository/Olusturma/Genel/Kutular/FarkliTeslimatAdresTanimi/PostaKodu'

2021-11-23 10:01:22 - [MESSAGE][INFO] - Checking object

2021-11-23 10:01:22 - [MESSAGE][INFO] - Finding web element from Test Object's properties

2021-11-23 10:01:22 - [MESSAGE][INFO] - Checking timeout

2021-11-23 10:01:22 - [MESSAGE][INFO] - Finding web element with id: 'Object Repository/Olusturma/Genel/Kutular/FarkliTeslimatAdresTanimi/PostaKodu' located by 'By.xpath: //*[@id = 'txtPostalZone_I']' in '30' second(s)

2021-11-23 10:01:22 - [MESSAGE][INFO] - Smart Wait Function is triggered

2021-11-23 10:01:23 - [MESSAGE][INFO] - Found 1 web elements with id: 'Object Repository/Olusturma/Genel/Kutular/FarkliTeslimatAdresTanimi/PostaKodu' located by 'By.xpath: //*[@id = 'txtPostalZone_I']' in '30' second(s)

2021-11-23 10:01:23 - [MESSAGE][INFO] - Clicking on object: 'Object Repository/Olusturma/Genel/Kutular/FarkliTeslimatAdresTanimi/PostaKodu'

2021-11-23 10:01:23 - [MESSAGE][PASSED] - Object: 'Object Repository/Olusturma/Genel/Kutular/FarkliTeslimatAdresTanimi/PostaKodu' is clicked on

2021-11-23 10:01:23 - [TEST_STEP][PASSED] - sendKeys(findTestObject("Object Repository/Olusturma/Genel/Kutular/FarkliTeslimatAdresTanimi/PostaKodu"), PostaKodu): Keys '32400' sent to object: 'Object Repository/Olusturma/Genel/Kutular/FarkliTeslimatAdresTanimi/PostaKodu'

2021-11-23 10:01:23 - [MESSAGE][INFO] - Finding Test Object 'Object Repository/Olusturma/Genel/Kutular/FarkliTeslimatAdresTanimi/PostaKodu'

2021-11-23 10:01:23 - [MESSAGE][INFO] - Sending keys '32400' to object: 'Object Repository/Olusturma/Genel/Kutular/FarkliTeslimatAdresTanimi/PostaKodu'

2021-11-23 10:01:23 - [MESSAGE][INFO] - Finding web element from Test Object's properties

2021-11-23 10:01:23 - [MESSAGE][INFO] - Checking timeout

2021-11-23 10:01:23 - [MESSAGE][INFO] - Finding web element with id: 'Object Repository/Olusturma/Genel/Kutular/FarkliTeslimatAdresTanimi/PostaKodu' located by 'By.xpath: //*[@id = 'txtPostalZone_I']' in '30' second(s)

2021-11-23 10:01:23 - [MESSAGE][INFO] - Smart Wait Function is triggered

2021-11-23 10:01:23 - [MESSAGE][INFO] - Found 1 web elements with id: 'Object Repository/Olusturma/Genel/Kutular/FarkliTeslimatAdresTanimi/PostaKodu' located by 'By.xpath: //*[@id = 'txtPostalZone_I']' in '30' second(s)

2021-11-23 10:01:23 - [MESSAGE][PASSED] - Keys '32400' sent to object: 'Object Repository/Olusturma/Genel/Kutular/FarkliTeslimatAdresTanimi/PostaKodu'

2021-11-23 10:01:23 - [MESSAGE][PASSED] - Call Test Case 'Test Cases/Olusturma/Genel/Kutular/FarkliTeslimatAdresTanimi' successfully

2021-11-23 10:01:23 - [MESSAGE][INFO] - Checking called Test Case

2021-11-23 10:01:23 - [MESSAGE][INFO] - Starting to call Test Case 'Test Cases/Olusturma/Genel/EkleButonunaBasilir'

2021-11-23 10:01:23 - [TEST_CASE][PASSED] - Test Cases/Olusturma/Genel/EkleButonunaBasilir: Test Cases/Olusturma/Genel/EkleButonunaBasilir

2021-11-23 10:01:24 - [TEST_STEP][PASSED] - waitForElementClickable(findTestObject("Object Repository/Olusturma/Genel/Olusturma/Ekle"), 10): Object 'Object Repository/Olusturma/Genel/Olusturma/Ekle' is clickable

2021-11-23 10:01:24 - [MESSAGE][INFO] - Finding Test Object 'Object Repository/Olusturma/Genel/Olusturma/Ekle'

2021-11-23 10:01:24 - [MESSAGE][INFO] - Checking object

2021-11-23 10:01:24 - [MESSAGE][INFO] - Checking timeout

2021-11-23 10:01:24 - [MESSAGE][INFO] - Finding web element from Test Object's properties

2021-11-23 10:01:24 - [MESSAGE][INFO] - Checking timeout

2021-11-23 10:01:24 - [MESSAGE][INFO] - Finding web element with id: 'Object Repository/Olusturma/Genel/Olusturma/Ekle' located by 'By.cssSelector: #divmalhizmet i.fa.fa-plus.fa-lg.text-muted' in '10' second(s)

2021-11-23 10:01:24 - [MESSAGE][INFO] - Smart Wait Function is triggered

2021-11-23 10:01:24 - [MESSAGE][INFO] - Found 1 web elements with id: 'Object Repository/Olusturma/Genel/Olusturma/Ekle' located by 'By.cssSelector: #divmalhizmet i.fa.fa-plus.fa-lg.text-muted' in '10' second(s)

2021-11-23 10:01:24 - [MESSAGE][PASSED] - Object 'Object Repository/Olusturma/Genel/Olusturma/Ekle' is clickable

2021-11-23 10:01:24 - [TEST_STEP][PASSED] - click(findTestObject("Object Repository/Olusturma/Genel/Olusturma/Ekle")): Object: 'Object Repository/Olusturma/Genel/Olusturma/Ekle' is clicked on

2021-11-23 10:01:24 - [MESSAGE][INFO] - Finding Test Object 'Object Repository/Olusturma/Genel/Olusturma/Ekle'

2021-11-23 10:01:24 - [MESSAGE][INFO] - Checking object

2021-11-23 10:01:24 - [MESSAGE][INFO] - Finding web element from Test Object's properties

2021-11-23 10:01:24 - [MESSAGE][INFO] - Checking timeout

2021-11-23 10:01:24 - [MESSAGE][INFO] - Finding web element with id: 'Object Repository/Olusturma/Genel/Olusturma/Ekle' located by 'By.cssSelector: #divmalhizmet i.fa.fa-plus.fa-lg.text-muted' in '30' second(s)

2021-11-23 10:01:24 - [MESSAGE][INFO] - Smart Wait Function is triggered

2021-11-23 10:01:24 - [MESSAGE][INFO] - Found 1 web elements with id: 'Object Repository/Olusturma/Genel/Olusturma/Ekle' located by 'By.cssSelector: #divmalhizmet i.fa.fa-plus.fa-lg.text-muted' in '30' second(s)

2021-11-23 10:01:24 - [MESSAGE][INFO] - Clicking on object: 'Object Repository/Olusturma/Genel/Olusturma/Ekle'

2021-11-23 10:01:25 - [MESSAGE][PASSED] - Object: 'Object Repository/Olusturma/Genel/Olusturma/Ekle' is clicked on

2021-11-23 10:01:25 - [TEST_STEP][PASSED] - waitForElementClickable(findTestObject("Olusturma/Genel/Olusturma/EklenenSatirCarpiImage"), 10): Object 'Object Repository/Olusturma/Genel/Olusturma/EklenenSatirCarpiImage' is clickable

2021-11-23 10:01:25 - [MESSAGE][INFO] - Finding Test Object 'Object Repository/Olusturma/Genel/Olusturma/EklenenSatirCarpiImage'

2021-11-23 10:01:25 - [MESSAGE][INFO] - Checking object

2021-11-23 10:01:25 - [MESSAGE][INFO] - Checking timeout

2021-11-23 10:01:25 - [MESSAGE][INFO] - Finding web element from Test Object's properties

2021-11-23 10:01:25 - [MESSAGE][INFO] - Checking timeout

2021-11-23 10:01:25 - [MESSAGE][INFO] - Finding web element with id: 'Object Repository/Olusturma/Genel/Olusturma/EklenenSatirCarpiImage' located by 'By.cssSelector: .fa.fa-times.fa-lg.text-primary' in '10' second(s)

2021-11-23 10:01:25 - [MESSAGE][INFO] - Smart Wait Function is triggered

2021-11-23 10:01:25 - [MESSAGE][INFO] - Smart Wait Function is triggered

2021-11-23 10:01:25 - [MESSAGE][INFO] - Smart Wait Function is triggered

2021-11-23 10:01:26 - [MESSAGE][INFO] - Smart Wait Function is triggered

2021-11-23 10:01:27 - [MESSAGE][INFO] - Found 1 web elements with id: 'Object Repository/Olusturma/Genel/Olusturma/EklenenSatirCarpiImage' located by 'By.cssSelector: .fa.fa-times.fa-lg.text-primary' in '10' second(s)

2021-11-23 10:01:27 - [MESSAGE][PASSED] - Object 'Object Repository/Olusturma/Genel/Olusturma/EklenenSatirCarpiImage' is clickable

2021-11-23 10:01:27 - [MESSAGE][PASSED] - Call Test Case 'Test Cases/Olusturma/Genel/EkleButonunaBasilir' successfully

2021-11-23 10:01:27 - [MESSAGE][INFO] - Checking called Test Case

2021-11-23 10:01:27 - [MESSAGE][INFO] - Starting to call Test Case 'Test Cases/Olusturma/Genel/Olusturma'

2021-11-23 10:01:27 - [TEST_CASE][PASSED] - Test Cases/Olusturma/Genel/Olusturma: Test Cases/Olusturma/Genel/Olusturma

2021-11-23 10:01:27 - [TEST_STEP][PASSED] - driver = getWebDriver(): null

2021-11-23 10:01:27 - [TEST_STEP][PASSED] - action = new org.openqa.selenium.interactions.Actions(driver): null

2021-11-23 10:01:27 - [TEST_STEP][PASSED] - baslikElement = <not implemented yet for class: org.codehaus.groovy.ast.expr.EmptyExpression>: null

2021-11-23 10:01:27 - [TEST_STEP][PASSED] - sonElement = <not implemented yet for class: org.codehaus.groovy.ast.expr.EmptyExpression>: null

2021-11-23 10:01:27 - [TEST_STEP][PASSED] - attr = <not implemented yet for class: org.codehaus.groovy.ast.expr.EmptyExpression>: null

2021-11-23 10:01:27 - [TEST_STEP][PASSED] - a = 0: null

2021-11-23 10:01:27 - [TEST_STEP][PASSED] - elements = findWebElements(findTestObject("Object Repository/Olusturma/Genel/Olusturma/TabloBasliklari"), 10): Found 7 web elements with id: 'Object Repository/Olusturma/Genel/Olusturma/TabloBasliklari' located by 'By.cssSelector: div#divmalhizmet .dxgvTable_LECustomTheme td.dxgvHeader_LECustomTheme tr>td:nth-child(1)' in '10' second(s)

2021-11-23 10:01:27 - [MESSAGE][INFO] - Finding Test Object 'Object Repository/Olusturma/Genel/Olusturma/TabloBasliklari'

2021-11-23 10:01:28 - [MESSAGE][INFO] - Checking timeout

2021-11-23 10:01:28 - [MESSAGE][INFO] - Finding web element with id: 'Object Repository/Olusturma/Genel/Olusturma/TabloBasliklari' located by 'By.cssSelector: div#divmalhizmet .dxgvTable_LECustomTheme td.dxgvHeader_LECustomTheme tr>td:nth-child(1)' in '10' second(s)

2021-11-23 10:01:28 - [MESSAGE][INFO] - Smart Wait Function is triggered

2021-11-23 10:01:28 - [MESSAGE][INFO] - Found 7 web elements with id: 'Object Repository/Olusturma/Genel/Olusturma/TabloBasliklari' located by 'By.cssSelector: div#divmalhizmet .dxgvTable_LECustomTheme td.dxgvHeader_LECustomTheme tr>td:nth-child(1)' in '10' second(s)

2021-11-23 10:01:28 - [TEST_STEP][PASSED] - for (def element : elements): null

2021-11-23 10:01:28 - [TEST_STEP][PASSED] - build().perform(): null

2021-11-23 10:01:28 - [TEST_STEP][PASSED] - if (getText().equals(Baslik)): null

2021-11-23 10:01:28 - [TEST_STEP][PASSED] - baslikElement = element.findElement(By.xpath("../../../..")): Smart Wait Function is triggered

2021-11-23 10:01:28 - [MESSAGE][INFO] - Smart Wait Function is triggered

2021-11-23 10:01:28 - [TEST_STEP][PASSED] - attr = baslikElement.getAttribute("id"): null

2021-11-23 10:01:28 - [TEST_STEP][PASSED] - println("girdi ve idsini aldı = " + attr): null

2021-11-23 10:01:28 - [TEST_STEP][PASSED] - break: null

2021-11-23 10:01:28 - [TEST_STEP][PASSED] - countElement = baslikElement.findElements(By.xpath("../td")): Smart Wait Function is triggered

2021-11-23 10:01:28 - [MESSAGE][INFO] - Smart Wait Function is triggered

2021-11-23 10:01:29 - [TEST_STEP][PASSED] - for (def element : countElement): null

2021-11-23 10:01:29 - [TEST_STEP][PASSED] - if (toString().equals(attr.toString())): null

2021-11-23 10:01:29 - [TEST_STEP][PASSED] - (a++): null

2021-11-23 10:01:29 - [TEST_STEP][PASSED] - if (toString().equals(attr.toString())): null

2021-11-23 10:01:29 - [TEST_STEP][PASSED] - break: null

2021-11-23 10:01:29 - [TEST_STEP][PASSED] - son = findWebElement(findTestObject("Object Repository/Olusturma/Genel/Olusturma/EklenenSatir")).findElement(By.xpath("td[@class='dxgvInlineEditCell_LECustomTheme dxgv'][" + a + "]//td[@class='dxic']/input")): Smart Wait Function is triggered

2021-11-23 10:01:29 - [MESSAGE][INFO] - Finding Test Object 'Object Repository/Olusturma/Genel/Olusturma/EklenenSatir'

2021-11-23 10:01:29 - [MESSAGE][INFO] - Finding web element from Test Object's properties

2021-11-23 10:01:29 - [MESSAGE][INFO] - Checking timeout

2021-11-23 10:01:29 - [MESSAGE][INFO] - Finding web element with id: 'Object Repository/Olusturma/Genel/Olusturma/EklenenSatir' located by 'By.cssSelector: #divmalhizmet .dxgvInlineEditRow_LECustomTheme' in '30' second(s)

2021-11-23 10:01:29 - [MESSAGE][INFO] - Smart Wait Function is triggered

2021-11-23 10:01:29 - [MESSAGE][INFO] - Found 1 web elements with id: 'Object Repository/Olusturma/Genel/Olusturma/EklenenSatir' located by 'By.cssSelector: #divmalhizmet .dxgvInlineEditRow_LECustomTheme' in '30' second(s)

2021-11-23 10:01:29 - [MESSAGE][INFO] - Smart Wait Function is triggered

2021-11-23 10:01:29 - [TEST_STEP][PASSED] - if (!(getAttribute("value").contains("Vkn"))): null

2021-11-23 10:01:29 - [TEST_STEP][PASSED] - son.clear(): null

2021-11-23 10:01:29 - [TEST_STEP][PASSED] - son.sendKeys(Deger): null

2021-11-23 10:01:29 - [MESSAGE][PASSED] - Call Test Case 'Test Cases/Olusturma/Genel/Olusturma' successfully

2021-11-23 10:01:29 - [MESSAGE][INFO] - Checking called Test Case

2021-11-23 10:01:29 - [MESSAGE][INFO] - Starting to call Test Case 'Test Cases/Olusturma/Genel/Olusturma'

2021-11-23 10:01:29 - [TEST_CASE][PASSED] - Test Cases/Olusturma/Genel/Olusturma: Test Cases/Olusturma/Genel/Olusturma

2021-11-23 10:01:29 - [TEST_STEP][PASSED] - driver = getWebDriver(): null

2021-11-23 10:01:29 - [TEST_STEP][PASSED] - action = new org.openqa.selenium.interactions.Actions(driver): null

2021-11-23 10:01:29 - [TEST_STEP][PASSED] - baslikElement = <not implemented yet for class: org.codehaus.groovy.ast.expr.EmptyExpression>: null

2021-11-23 10:01:29 - [TEST_STEP][PASSED] - sonElement = <not implemented yet for class: org.codehaus.groovy.ast.expr.EmptyExpression>: null

2021-11-23 10:01:29 - [TEST_STEP][PASSED] - attr = <not implemented yet for class: org.codehaus.groovy.ast.expr.EmptyExpression>: null

2021-11-23 10:01:29 - [TEST_STEP][PASSED] - a = 0: null

2021-11-23 10:01:29 - [TEST_STEP][PASSED] - elements = findWebElements(findTestObject("Object Repository/Olusturma/Genel/Olusturma/TabloBasliklari"), 10): Found 7 web elements with id: 'Object Repository/Olusturma/Genel/Olusturma/TabloBasliklari' located by 'By.cssSelector: div#divmalhizmet .dxgvTable_LECustomTheme td.dxgvHeader_LECustomTheme tr>td:nth-child(1)' in '10' second(s)

2021-11-23 10:01:29 - [MESSAGE][INFO] - Finding Test Object 'Object Repository/Olusturma/Genel/Olusturma/TabloBasliklari'

2021-11-23 10:01:30 - [MESSAGE][INFO] - Checking timeout

2021-11-23 10:01:30 - [MESSAGE][INFO] - Finding web element with id: 'Object Repository/Olusturma/Genel/Olusturma/TabloBasliklari' located by 'By.cssSelector: div#divmalhizmet .dxgvTable_LECustomTheme td.dxgvHeader_LECustomTheme tr>td:nth-child(1)' in '10' second(s)

2021-11-23 10:01:30 - [MESSAGE][INFO] - Smart Wait Function is triggered

2021-11-23 10:01:30 - [MESSAGE][INFO] - Found 7 web elements with id: 'Object Repository/Olusturma/Genel/Olusturma/TabloBasliklari' located by 'By.cssSelector: div#divmalhizmet .dxgvTable_LECustomTheme td.dxgvHeader_LECustomTheme tr>td:nth-child(1)' in '10' second(s)

2021-11-23 10:01:30 - [TEST_STEP][PASSED] - for (def element : elements): null

2021-11-23 10:01:30 - [TEST_STEP][PASSED] - build().perform(): null

2021-11-23 10:01:30 - [TEST_STEP][PASSED] - if (getText().equals(Baslik)): null

2021-11-23 10:01:30 - [TEST_STEP][PASSED] - build().perform(): null

2021-11-23 10:01:30 - [TEST_STEP][PASSED] - if (getText().equals(Baslik)): null

2021-11-23 10:01:30 - [TEST_STEP][PASSED] - baslikElement = element.findElement(By.xpath("../../../..")): Smart Wait Function is triggered

2021-11-23 10:01:30 - [MESSAGE][INFO] - Smart Wait Function is triggered

2021-11-23 10:01:30 - [TEST_STEP][PASSED] - attr = baslikElement.getAttribute("id"): null

2021-11-23 10:01:30 - [TEST_STEP][PASSED] - println("girdi ve idsini aldı = " + attr): null

2021-11-23 10:01:30 - [TEST_STEP][PASSED] - break: null

2021-11-23 10:01:30 - [TEST_STEP][PASSED] - countElement = baslikElement.findElements(By.xpath("../td")): Smart Wait Function is triggered

2021-11-23 10:01:30 - [MESSAGE][INFO] - Smart Wait Function is triggered

2021-11-23 10:01:31 - [TEST_STEP][PASSED] - for (def element : countElement): null

2021-11-23 10:01:31 - [TEST_STEP][PASSED] - if (toString().equals(attr.toString())): null

2021-11-23 10:01:31 - [TEST_STEP][PASSED] - (a++): null

2021-11-23 10:01:31 - [TEST_STEP][PASSED] - if (toString().equals(attr.toString())): null

2021-11-23 10:01:31 - [TEST_STEP][PASSED] - (a++): null

2021-11-23 10:01:31 - [TEST_STEP][PASSED] - if (toString().equals(attr.toString())): null

2021-11-23 10:01:31 - [TEST_STEP][PASSED] - break: null

2021-11-23 10:01:31 - [TEST_STEP][PASSED] - son = findWebElement(findTestObject("Object Repository/Olusturma/Genel/Olusturma/EklenenSatir")).findElement(By.xpath("td[@class='dxgvInlineEditCell_LECustomTheme dxgv'][" + a + "]//td[@class='dxic']/input")): Smart Wait Function is triggered

2021-11-23 10:01:31 - [MESSAGE][INFO] - Finding Test Object 'Object Repository/Olusturma/Genel/Olusturma/EklenenSatir'

2021-11-23 10:01:31 - [MESSAGE][INFO] - Finding web element from Test Object's properties

2021-11-23 10:01:31 - [MESSAGE][INFO] - Checking timeout

2021-11-23 10:01:31 - [MESSAGE][INFO] - Finding web element with id: 'Object Repository/Olusturma/Genel/Olusturma/EklenenSatir' located by 'By.cssSelector: #divmalhizmet .dxgvInlineEditRow_LECustomTheme' in '30' second(s)

2021-11-23 10:01:31 - [MESSAGE][INFO] - Smart Wait Function is triggered

2021-11-23 10:01:31 - [MESSAGE][INFO] - Found 1 web elements with id: 'Object Repository/Olusturma/Genel/Olusturma/EklenenSatir' located by 'By.cssSelector: #divmalhizmet .dxgvInlineEditRow_LECustomTheme' in '30' second(s)

2021-11-23 10:01:31 - [MESSAGE][INFO] - Smart Wait Function is triggered

2021-11-23 10:01:31 - [TEST_STEP][PASSED] - if (!(getAttribute("value").contains("Vkn"))): null

2021-11-23 10:01:31 - [TEST_STEP][PASSED] - son.clear(): null

2021-11-23 10:01:31 - [TEST_STEP][PASSED] - son.sendKeys(Deger): null

2021-11-23 10:01:32 - [MESSAGE][PASSED] - Call Test Case 'Test Cases/Olusturma/Genel/Olusturma' successfully

2021-11-23 10:01:32 - [MESSAGE][INFO] - Checking called Test Case

2021-11-23 10:01:32 - [MESSAGE][INFO] - Starting to call Test Case 'Test Cases/Olusturma/Genel/Olusturma'

2021-11-23 10:01:32 - [TEST_CASE][PASSED] - Test Cases/Olusturma/Genel/Olusturma: Test Cases/Olusturma/Genel/Olusturma

2021-11-23 10:01:32 - [TEST_STEP][PASSED] - driver = getWebDriver(): null

2021-11-23 10:01:32 - [TEST_STEP][PASSED] - action = new org.openqa.selenium.interactions.Actions(driver): null

2021-11-23 10:01:32 - [TEST_STEP][PASSED] - baslikElement = <not implemented yet for class: org.codehaus.groovy.ast.expr.EmptyExpression>: null

2021-11-23 10:01:32 - [TEST_STEP][PASSED] - sonElement = <not implemented yet for class: org.codehaus.groovy.ast.expr.EmptyExpression>: null

2021-11-23 10:01:32 - [TEST_STEP][PASSED] - attr = <not implemented yet for class: org.codehaus.groovy.ast.expr.EmptyExpression>: null

2021-11-23 10:01:32 - [TEST_STEP][PASSED] - a = 0: null

2021-11-23 10:01:32 - [TEST_STEP][PASSED] - elements = findWebElements(findTestObject("Object Repository/Olusturma/Genel/Olusturma/TabloBasliklari"), 10): Found 7 web elements with id: 'Object Repository/Olusturma/Genel/Olusturma/TabloBasliklari' located by 'By.cssSelector: div#divmalhizmet .dxgvTable_LECustomTheme td.dxgvHeader_LECustomTheme tr>td:nth-child(1)' in '10' second(s)

2021-11-23 10:01:32 - [MESSAGE][INFO] - Finding Test Object 'Object Repository/Olusturma/Genel/Olusturma/TabloBasliklari'

2021-11-23 10:01:32 - [MESSAGE][INFO] - Checking timeout

2021-11-23 10:01:32 - [MESSAGE][INFO] - Finding web element with id: 'Object Repository/Olusturma/Genel/Olusturma/TabloBasliklari' located by 'By.cssSelector: div#divmalhizmet .dxgvTable_LECustomTheme td.dxgvHeader_LECustomTheme tr>td:nth-child(1)' in '10' second(s)

2021-11-23 10:01:32 - [MESSAGE][INFO] - Smart Wait Function is triggered

2021-11-23 10:01:32 - [MESSAGE][INFO] - Found 7 web elements with id: 'Object Repository/Olusturma/Genel/Olusturma/TabloBasliklari' located by 'By.cssSelector: div#divmalhizmet .dxgvTable_LECustomTheme td.dxgvHeader_LECustomTheme tr>td:nth-child(1)' in '10' second(s)

2021-11-23 10:01:32 - [TEST_STEP][PASSED] - for (def element : elements): null

2021-11-23 10:01:32 - [TEST_STEP][PASSED] - build().perform(): null

2021-11-23 10:01:32 - [TEST_STEP][PASSED] - if (getText().equals(Baslik)): null

2021-11-23 10:01:32 - [TEST_STEP][PASSED] - build().perform(): null

2021-11-23 10:01:32 - [TEST_STEP][PASSED] - if (getText().equals(Baslik)): null

2021-11-23 10:01:32 - [TEST_STEP][PASSED] - build().perform(): null

2021-11-23 10:01:32 - [TEST_STEP][PASSED] - if (getText().equals(Baslik)): null

2021-11-23 10:01:32 - [TEST_STEP][PASSED] - baslikElement = element.findElement(By.xpath("../../../..")): Smart Wait Function is triggered

2021-11-23 10:01:32 - [MESSAGE][INFO] - Smart Wait Function is triggered

2021-11-23 10:01:33 - [TEST_STEP][PASSED] - attr = baslikElement.getAttribute("id"): null

2021-11-23 10:01:33 - [TEST_STEP][PASSED] - println("girdi ve idsini aldı = " + attr): null

2021-11-23 10:01:33 - [TEST_STEP][PASSED] - break: null

2021-11-23 10:01:33 - [TEST_STEP][PASSED] - countElement = baslikElement.findElements(By.xpath("../td")): Smart Wait Function is triggered

2021-11-23 10:01:33 - [MESSAGE][INFO] - Smart Wait Function is triggered

2021-11-23 10:01:33 - [TEST_STEP][PASSED] - for (def element : countElement): null

2021-11-23 10:01:33 - [TEST_STEP][PASSED] - if (toString().equals(attr.toString())): null

2021-11-23 10:01:33 - [TEST_STEP][PASSED] - (a++): null

2021-11-23 10:01:33 - [TEST_STEP][PASSED] - if (toString().equals(attr.toString())): null

2021-11-23 10:01:33 - [TEST_STEP][PASSED] - (a++): null

2021-11-23 10:01:33 - [TEST_STEP][PASSED] - if (toString().equals(attr.toString())): null

2021-11-23 10:01:33 - [TEST_STEP][PASSED] - (a++): null

2021-11-23 10:01:33 - [TEST_STEP][PASSED] - if (toString().equals(attr.toString())): null

2021-11-23 10:01:33 - [TEST_STEP][PASSED] - break: null

2021-11-23 10:01:33 - [TEST_STEP][PASSED] - son = findWebElement(findTestObject("Object Repository/Olusturma/Genel/Olusturma/EklenenSatir")).findElement(By.xpath("td[@class='dxgvInlineEditCell_LECustomTheme dxgv'][" + a + "]//td[@class='dxic']/input")): Smart Wait Function is triggered

2021-11-23 10:01:33 - [MESSAGE][INFO] - Finding Test Object 'Object Repository/Olusturma/Genel/Olusturma/EklenenSatir'

2021-11-23 10:01:33 - [MESSAGE][INFO] - Finding web element from Test Object's properties

2021-11-23 10:01:33 - [MESSAGE][INFO] - Checking timeout

2021-11-23 10:01:33 - [MESSAGE][INFO] - Finding web element with id: 'Object Repository/Olusturma/Genel/Olusturma/EklenenSatir' located by 'By.cssSelector: #divmalhizmet .dxgvInlineEditRow_LECustomTheme' in '30' second(s)

2021-11-23 10:01:33 - [MESSAGE][INFO] - Smart Wait Function is triggered

2021-11-23 10:01:33 - [MESSAGE][INFO] - Found 1 web elements with id: 'Object Repository/Olusturma/Genel/Olusturma/EklenenSatir' located by 'By.cssSelector: #divmalhizmet .dxgvInlineEditRow_LECustomTheme' in '30' second(s)

2021-11-23 10:01:33 - [MESSAGE][INFO] - Smart Wait Function is triggered

2021-11-23 10:01:34 - [TEST_STEP][PASSED] - if (!(getAttribute("value").contains("Vkn"))): null

2021-11-23 10:01:34 - [TEST_STEP][PASSED] - son.clear(): null

2021-11-23 10:01:34 - [TEST_STEP][PASSED] - son.sendKeys(Deger): null

2021-11-23 10:01:34 - [MESSAGE][PASSED] - Call Test Case 'Test Cases/Olusturma/Genel/Olusturma' successfully

2021-11-23 10:01:34 - [MESSAGE][INFO] - Checking called Test Case

2021-11-23 10:01:34 - [MESSAGE][INFO] - Starting to call Test Case 'Test Cases/Olusturma/Genel/Olusturma'

2021-11-23 10:01:34 - [TEST_CASE][PASSED] - Test Cases/Olusturma/Genel/Olusturma: Test Cases/Olusturma/Genel/Olusturma

2021-11-23 10:01:34 - [TEST_STEP][PASSED] - driver = getWebDriver(): null

2021-11-23 10:01:34 - [TEST_STEP][PASSED] - action = new org.openqa.selenium.interactions.Actions(driver): null

2021-11-23 10:01:34 - [TEST_STEP][PASSED] - baslikElement = <not implemented yet for class: org.codehaus.groovy.ast.expr.EmptyExpression>: null

2021-11-23 10:01:34 - [TEST_STEP][PASSED] - sonElement = <not implemented yet for class: org.codehaus.groovy.ast.expr.EmptyExpression>: null

2021-11-23 10:01:34 - [TEST_STEP][PASSED] - attr = <not implemented yet for class: org.codehaus.groovy.ast.expr.EmptyExpression>: null

2021-11-23 10:01:34 - [TEST_STEP][PASSED] - a = 0: null

2021-11-23 10:01:34 - [TEST_STEP][PASSED] - elements = findWebElements(findTestObject("Object Repository/Olusturma/Genel/Olusturma/TabloBasliklari"), 10): Found 7 web elements with id: 'Object Repository/Olusturma/Genel/Olusturma/TabloBasliklari' located by 'By.cssSelector: div#divmalhizmet .dxgvTable_LECustomTheme td.dxgvHeader_LECustomTheme tr>td:nth-child(1)' in '10' second(s)

2021-11-23 10:01:34 - [MESSAGE][INFO] - Finding Test Object 'Object Repository/Olusturma/Genel/Olusturma/TabloBasliklari'

2021-11-23 10:01:34 - [MESSAGE][INFO] - Checking timeout

2021-11-23 10:01:34 - [MESSAGE][INFO] - Finding web element with id: 'Object Repository/Olusturma/Genel/Olusturma/TabloBasliklari' located by 'By.cssSelector: div#divmalhizmet .dxgvTable_LECustomTheme td.dxgvHeader_LECustomTheme tr>td:nth-child(1)' in '10' second(s)

2021-11-23 10:01:34 - [MESSAGE][INFO] - Smart Wait Function is triggered

2021-11-23 10:01:34 - [MESSAGE][INFO] - Found 7 web elements with id: 'Object Repository/Olusturma/Genel/Olusturma/TabloBasliklari' located by 'By.cssSelector: div#divmalhizmet .dxgvTable_LECustomTheme td.dxgvHeader_LECustomTheme tr>td:nth-child(1)' in '10' second(s)

2021-11-23 10:01:34 - [TEST_STEP][PASSED] - for (def element : elements): null

2021-11-23 10:01:34 - [TEST_STEP][PASSED] - build().perform(): null

2021-11-23 10:01:34 - [TEST_STEP][PASSED] - if (getText().equals(Baslik)): null

2021-11-23 10:01:34 - [TEST_STEP][PASSED] - build().perform(): null

2021-11-23 10:01:35 - [TEST_STEP][PASSED] - if (getText().equals(Baslik)): null

2021-11-23 10:01:35 - [TEST_STEP][PASSED] - build().perform(): null

2021-11-23 10:01:35 - [TEST_STEP][PASSED] - if (getText().equals(Baslik)): null

2021-11-23 10:01:35 - [TEST_STEP][PASSED] - build().perform(): null

2021-11-23 10:01:35 - [TEST_STEP][PASSED] - if (getText().equals(Baslik)): null

2021-11-23 10:01:35 - [TEST_STEP][PASSED] - build().perform(): null

2021-11-23 10:01:35 - [TEST_STEP][PASSED] - if (getText().equals(Baslik)): null

2021-11-23 10:01:35 - [TEST_STEP][PASSED] - baslikElement = element.findElement(By.xpath("../../../..")): Smart Wait Function is triggered

2021-11-23 10:01:35 - [MESSAGE][INFO] - Smart Wait Function is triggered

2021-11-23 10:01:35 - [TEST_STEP][PASSED] - attr = baslikElement.getAttribute("id"): null

2021-11-23 10:01:35 - [TEST_STEP][PASSED] - println("girdi ve idsini aldı = " + attr): null

2021-11-23 10:01:35 - [TEST_STEP][PASSED] - break: null

2021-11-23 10:01:35 - [TEST_STEP][PASSED] - countElement = baslikElement.findElements(By.xpath("../td")): Smart Wait Function is triggered

2021-11-23 10:01:35 - [MESSAGE][INFO] - Smart Wait Function is triggered

2021-11-23 10:01:36 - [TEST_STEP][PASSED] - for (def element : countElement): null

2021-11-23 10:01:36 - [TEST_STEP][PASSED] - if (toString().equals(attr.toString())): null

2021-11-23 10:01:36 - [TEST_STEP][PASSED] - (a++): null

2021-11-23 10:01:36 - [TEST_STEP][PASSED] - if (toString().equals(attr.toString())): null

2021-11-23 10:01:36 - [TEST_STEP][PASSED] - (a++): null

2021-11-23 10:01:36 - [TEST_STEP][PASSED] - if (toString().equals(attr.toString())): null

2021-11-23 10:01:36 - [TEST_STEP][PASSED] - (a++): null

2021-11-23 10:01:36 - [TEST_STEP][PASSED] - if (toString().equals(attr.toString())): null

2021-11-23 10:01:36 - [TEST_STEP][PASSED] - (a++): null

2021-11-23 10:01:36 - [TEST_STEP][PASSED] - if (toString().equals(attr.toString())): null

2021-11-23 10:01:36 - [TEST_STEP][PASSED] - (a++): null

2021-11-23 10:01:36 - [TEST_STEP][PASSED] - if (toString().equals(attr.toString())): null

2021-11-23 10:01:36 - [TEST_STEP][PASSED] - break: null

2021-11-23 10:01:36 - [TEST_STEP][PASSED] - son = findWebElement(findTestObject("Object Repository/Olusturma/Genel/Olusturma/EklenenSatir")).findElement(By.xpath("td[@class='dxgvInlineEditCell_LECustomTheme dxgv'][" + a + "]//td[@class='dxic']/input")): Smart Wait Function is triggered

2021-11-23 10:01:36 - [MESSAGE][INFO] - Finding Test Object 'Object Repository/Olusturma/Genel/Olusturma/EklenenSatir'

2021-11-23 10:01:36 - [MESSAGE][INFO] - Finding web element from Test Object's properties

2021-11-23 10:01:36 - [MESSAGE][INFO] - Checking timeout

2021-11-23 10:01:36 - [MESSAGE][INFO] - Finding web element with id: 'Object Repository/Olusturma/Genel/Olusturma/EklenenSatir' located by 'By.cssSelector: #divmalhizmet .dxgvInlineEditRow_LECustomTheme' in '30' second(s)

2021-11-23 10:01:36 - [MESSAGE][INFO] - Smart Wait Function is triggered

2021-11-23 10:01:36 - [MESSAGE][INFO] - Found 1 web elements with id: 'Object Repository/Olusturma/Genel/Olusturma/EklenenSatir' located by 'By.cssSelector: #divmalhizmet .dxgvInlineEditRow_LECustomTheme' in '30' second(s)

2021-11-23 10:01:36 - [MESSAGE][INFO] - Smart Wait Function is triggered

2021-11-23 10:01:36 - [TEST_STEP][PASSED] - if (!(getAttribute("value").contains("Vkn"))): null

2021-11-23 10:01:36 - [TEST_STEP][PASSED] - son.clear(): null

2021-11-23 10:01:36 - [TEST_STEP][PASSED] - son.sendKeys(Deger): null

2021-11-23 10:01:37 - [MESSAGE][PASSED] - Call Test Case 'Test Cases/Olusturma/Genel/Olusturma' successfully

2021-11-23 10:01:37 - [MESSAGE][INFO] - Checking called Test Case

2021-11-23 10:01:37 - [MESSAGE][INFO] - Starting to call Test Case 'Test Cases/Olusturma/Genel/Kutular/SoforBilgileri'

2021-11-23 10:01:37 - [TEST_CASE][PASSED] - Test Cases/Olusturma/Genel/Kutular/SoforBilgileri: Test Cases/Olusturma/Genel/Kutular/SoforBilgileri

2021-11-23 10:01:37 - [TEST_STEP][PASSED] - Method.TextDegerineEsitElementeTikla(findTestObject("Olusturma/Genel/Kutular/KapaliKutular"), "Şoför Bilgileri"): Method.TextDegerineEsitElementeTikla is PASSED

2021-11-23 10:01:37 - [MESSAGE][INFO] - Finding Test Object 'Object Repository/Olusturma/Genel/Kutular/KapaliKutular'

2021-11-23 10:01:37 - [MESSAGE][INFO] - Checking timeout

2021-11-23 10:01:37 - [MESSAGE][INFO] - Finding web element with id: 'Object Repository/Olusturma/Genel/Kutular/KapaliKutular' located by 'By.cssSelector: .dxnb-headerCollapsed>span' in '10' second(s)

2021-11-23 10:01:37 - [MESSAGE][INFO] - Smart Wait Function is triggered

2021-11-23 10:01:37 - [MESSAGE][INFO] - Found 5 web elements with id: 'Object Repository/Olusturma/Genel/Kutular/KapaliKutular' located by 'By.cssSelector: .dxnb-headerCollapsed>span' in '10' second(s)

2021-11-23 10:01:38 - [MESSAGE][PASSED] - Method.TextDegerineEsitElementeTikla is PASSED

2021-11-23 10:01:38 - [TEST_STEP][PASSED] - waitForElementClickable(findTestObject("Object Repository/Olusturma/Genel/Kutular/SoforBilgileri/Ekle"), 10): Object 'Object Repository/Olusturma/Genel/Kutular/SoforBilgileri/Ekle' is clickable

2021-11-23 10:01:38 - [MESSAGE][INFO] - Finding Test Object 'Object Repository/Olusturma/Genel/Kutular/SoforBilgileri/Ekle'

2021-11-23 10:01:38 - [MESSAGE][INFO] - Checking object

2021-11-23 10:01:38 - [MESSAGE][INFO] - Checking timeout

2021-11-23 10:01:38 - [MESSAGE][INFO] - Finding web element from Test Object's properties

2021-11-23 10:01:38 - [MESSAGE][INFO] - Checking timeout

2021-11-23 10:01:38 - [MESSAGE][INFO] - Finding web element with id: 'Object Repository/Olusturma/Genel/Kutular/SoforBilgileri/Ekle' located by 'By.xpath: //*[@id = 'DXEditorgvDriverInfoNewRowBtn']' in '10' second(s)

2021-11-23 10:01:38 - [MESSAGE][INFO] - Smart Wait Function is triggered

2021-11-23 10:01:38 - [MESSAGE][INFO] - Found 1 web elements with id: 'Object Repository/Olusturma/Genel/Kutular/SoforBilgileri/Ekle' located by 'By.xpath: //*[@id = 'DXEditorgvDriverInfoNewRowBtn']' in '10' second(s)

2021-11-23 10:01:38 - [MESSAGE][PASSED] - Object 'Object Repository/Olusturma/Genel/Kutular/SoforBilgileri/Ekle' is clickable

2021-11-23 10:01:38 - [TEST_STEP][PASSED] - click(findTestObject("Object Repository/Olusturma/Genel/Kutular/SoforBilgileri/Ekle")): Object: 'Object Repository/Olusturma/Genel/Kutular/SoforBilgileri/Ekle' is clicked on

2021-11-23 10:01:38 - [MESSAGE][INFO] - Finding Test Object 'Object Repository/Olusturma/Genel/Kutular/SoforBilgileri/Ekle'

2021-11-23 10:01:38 - [MESSAGE][INFO] - Checking object

2021-11-23 10:01:38 - [MESSAGE][INFO] - Finding web element from Test Object's properties

2021-11-23 10:01:38 - [MESSAGE][INFO] - Checking timeout

2021-11-23 10:01:38 - [MESSAGE][INFO] - Finding web element with id: 'Object Repository/Olusturma/Genel/Kutular/SoforBilgileri/Ekle' located by 'By.xpath: //*[@id = 'DXEditorgvDriverInfoNewRowBtn']' in '30' second(s)

2021-11-23 10:01:38 - [MESSAGE][INFO] - Smart Wait Function is triggered

2021-11-23 10:01:39 - [MESSAGE][INFO] - Found 1 web elements with id: 'Object Repository/Olusturma/Genel/Kutular/SoforBilgileri/Ekle' located by 'By.xpath: //*[@id = 'DXEditorgvDriverInfoNewRowBtn']' in '30' second(s)

2021-11-23 10:01:39 - [MESSAGE][INFO] - Clicking on object: 'Object Repository/Olusturma/Genel/Kutular/SoforBilgileri/Ekle'

2021-11-23 10:01:39 - [MESSAGE][PASSED] - Object: 'Object Repository/Olusturma/Genel/Kutular/SoforBilgileri/Ekle' is clicked on

2021-11-23 10:01:39 - [TEST_STEP][PASSED] - waitForElementPresent(findTestObject("Object Repository/Olusturma/Genel/Kutular/SoforBilgileri/Ad"), 10): Object 'Object Repository/Olusturma/Genel/Kutular/SoforBilgileri/Ad' is present

2021-11-23 10:01:39 - [MESSAGE][INFO] - Finding Test Object 'Object Repository/Olusturma/Genel/Kutular/SoforBilgileri/Ad'

2021-11-23 10:01:39 - [MESSAGE][INFO] - Checking object

2021-11-23 10:01:39 - [MESSAGE][INFO] - Finding web element from Test Object's properties

2021-11-23 10:01:39 - [MESSAGE][INFO] - Checking timeout

2021-11-23 10:01:39 - [MESSAGE][INFO] - Finding web element with id: 'Object Repository/Olusturma/Genel/Kutular/SoforBilgileri/Ad' located by 'By.xpath: //*[@id = 'gvDriverInfo_DXEditor1_I']' in '10' second(s)

2021-11-23 10:01:39 - [MESSAGE][INFO] - Smart Wait Function is triggered

2021-11-23 10:01:39 - [MESSAGE][INFO] - Smart Wait Function is triggered

2021-11-23 10:01:39 - [MESSAGE][INFO] - Smart Wait Function is triggered

2021-11-23 10:01:40 - [MESSAGE][INFO] - Smart Wait Function is triggered

2021-11-23 10:01:41 - [MESSAGE][INFO] - Found 1 web elements with id: 'Object Repository/Olusturma/Genel/Kutular/SoforBilgileri/Ad' located by 'By.xpath: //*[@id = 'gvDriverInfo_DXEditor1_I']' in '10' second(s)

2021-11-23 10:01:41 - [MESSAGE][PASSED] - Object 'Object Repository/Olusturma/Genel/Kutular/SoforBilgileri/Ad' is present

2021-11-23 10:01:41 - [TEST_STEP][PASSED] - clearText(findTestObject("Object Repository/Olusturma/Genel/Kutular/SoforBilgileri/Ad")): Text of object 'Object Repository/Olusturma/Genel/Kutular/SoforBilgileri/Ad' is cleared

2021-11-23 10:01:41 - [MESSAGE][INFO] - Finding Test Object 'Object Repository/Olusturma/Genel/Kutular/SoforBilgileri/Ad'

2021-11-23 10:01:41 - [MESSAGE][INFO] - Checking object

2021-11-23 10:01:41 - [MESSAGE][INFO] - Finding web element from Test Object's properties

2021-11-23 10:01:41 - [MESSAGE][INFO] - Checking timeout

2021-11-23 10:01:41 - [MESSAGE][INFO] - Finding web element with id: 'Object Repository/Olusturma/Genel/Kutular/SoforBilgileri/Ad' located by 'By.xpath: //*[@id = 'gvDriverInfo_DXEditor1_I']' in '30' second(s)

2021-11-23 10:01:41 - [MESSAGE][INFO] - Smart Wait Function is triggered

2021-11-23 10:01:41 - [MESSAGE][INFO] - Found 1 web elements with id: 'Object Repository/Olusturma/Genel/Kutular/SoforBilgileri/Ad' located by 'By.xpath: //*[@id = 'gvDriverInfo_DXEditor1_I']' in '30' second(s)

2021-11-23 10:01:41 - [MESSAGE][INFO] - Clearing text of object 'Object Repository/Olusturma/Genel/Kutular/SoforBilgileri/Ad'

2021-11-23 10:01:41 - [MESSAGE][PASSED] - Text of object 'Object Repository/Olusturma/Genel/Kutular/SoforBilgileri/Ad' is cleared

2021-11-23 10:01:41 - [TEST_STEP][PASSED] - sendKeys(findTestObject("Object Repository/Olusturma/Genel/Kutular/SoforBilgileri/Ad"), Ad): Keys 'Virgosol' sent to object: 'Object Repository/Olusturma/Genel/Kutular/SoforBilgileri/Ad'

2021-11-23 10:01:41 - [MESSAGE][INFO] - Finding Test Object 'Object Repository/Olusturma/Genel/Kutular/SoforBilgileri/Ad'

2021-11-23 10:01:41 - [MESSAGE][INFO] - Sending keys 'Virgosol' to object: 'Object Repository/Olusturma/Genel/Kutular/SoforBilgileri/Ad'

2021-11-23 10:01:41 - [MESSAGE][INFO] - Finding web element from Test Object's properties

2021-11-23 10:01:41 - [MESSAGE][INFO] - Checking timeout

2021-11-23 10:01:41 - [MESSAGE][INFO] - Finding web element with id: 'Object Repository/Olusturma/Genel/Kutular/SoforBilgileri/Ad' located by 'By.xpath: //*[@id = 'gvDriverInfo_DXEditor1_I']' in '30' second(s)

2021-11-23 10:01:41 - [MESSAGE][INFO] - Smart Wait Function is triggered

2021-11-23 10:01:41 - [MESSAGE][INFO] - Found 1 web elements with id: 'Object Repository/Olusturma/Genel/Kutular/SoforBilgileri/Ad' located by 'By.xpath: //*[@id = 'gvDriverInfo_DXEditor1_I']' in '30' second(s)

2021-11-23 10:01:41 - [MESSAGE][PASSED] - Keys 'Virgosol' sent to object: 'Object Repository/Olusturma/Genel/Kutular/SoforBilgileri/Ad'

2021-11-23 10:01:41 - [TEST_STEP][PASSED] - waitForElementPresent(findTestObject("Object Repository/Olusturma/Genel/Kutular/SoforBilgileri/Soyad"), 10): Object 'Object Repository/Olusturma/Genel/Kutular/SoforBilgileri/Soyad' is present

2021-11-23 10:01:41 - [MESSAGE][INFO] - Finding Test Object 'Object Repository/Olusturma/Genel/Kutular/SoforBilgileri/Soyad'

2021-11-23 10:01:41 - [MESSAGE][INFO] - Checking object

2021-11-23 10:01:41 - [MESSAGE][INFO] - Finding web element from Test Object's properties

2021-11-23 10:01:41 - [MESSAGE][INFO] - Checking timeout

2021-11-23 10:01:41 - [MESSAGE][INFO] - Finding web element with id: 'Object Repository/Olusturma/Genel/Kutular/SoforBilgileri/Soyad' located by 'By.xpath: //*[@id = 'gvDriverInfo_DXEditor2_I']' in '10' second(s)

2021-11-23 10:01:41 - [MESSAGE][INFO] - Smart Wait Function is triggered

2021-11-23 10:01:42 - [MESSAGE][INFO] - Found 1 web elements with id: 'Object Repository/Olusturma/Genel/Kutular/SoforBilgileri/Soyad' located by 'By.xpath: //*[@id = 'gvDriverInfo_DXEditor2_I']' in '10' second(s)

2021-11-23 10:01:42 - [MESSAGE][PASSED] - Object 'Object Repository/Olusturma/Genel/Kutular/SoforBilgileri/Soyad' is present

2021-11-23 10:01:42 - [TEST_STEP][PASSED] - clearText(findTestObject("Object Repository/Olusturma/Genel/Kutular/SoforBilgileri/Soyad")): Text of object 'Object Repository/Olusturma/Genel/Kutular/SoforBilgileri/Soyad' is cleared

2021-11-23 10:01:42 - [MESSAGE][INFO] - Finding Test Object 'Object Repository/Olusturma/Genel/Kutular/SoforBilgileri/Soyad'

2021-11-23 10:01:42 - [MESSAGE][INFO] - Checking object

2021-11-23 10:01:42 - [MESSAGE][INFO] - Finding web element from Test Object's properties

2021-11-23 10:01:42 - [MESSAGE][INFO] - Checking timeout

2021-11-23 10:01:42 - [MESSAGE][INFO] - Finding web element with id: 'Object Repository/Olusturma/Genel/Kutular/SoforBilgileri/Soyad' located by 'By.xpath: //*[@id = 'gvDriverInfo_DXEditor2_I']' in '30' second(s)

2021-11-23 10:01:42 - [MESSAGE][INFO] - Smart Wait Function is triggered

2021-11-23 10:01:42 - [MESSAGE][INFO] - Found 1 web elements with id: 'Object Repository/Olusturma/Genel/Kutular/SoforBilgileri/Soyad' located by 'By.xpath: //*[@id = 'gvDriverInfo_DXEditor2_I']' in '30' second(s)

2021-11-23 10:01:42 - [MESSAGE][INFO] - Clearing text of object 'Object Repository/Olusturma/Genel/Kutular/SoforBilgileri/Soyad'

2021-11-23 10:01:42 - [MESSAGE][PASSED] - Text of object 'Object Repository/Olusturma/Genel/Kutular/SoforBilgileri/Soyad' is cleared

2021-11-23 10:01:42 - [TEST_STEP][PASSED] - sendKeys(findTestObject("Object Repository/Olusturma/Genel/Kutular/SoforBilgileri/Soyad"), Soyad): Keys 'Otomasyon' sent to object: 'Object Repository/Olusturma/Genel/Kutular/SoforBilgileri/Soyad'

2021-11-23 10:01:42 - [MESSAGE][INFO] - Finding Test Object 'Object Repository/Olusturma/Genel/Kutular/SoforBilgileri/Soyad'

2021-11-23 10:01:42 - [MESSAGE][INFO] - Sending keys 'Otomasyon' to object: 'Object Repository/Olusturma/Genel/Kutular/SoforBilgileri/Soyad'

2021-11-23 10:01:42 - [MESSAGE][INFO] - Finding web element from Test Object's properties

2021-11-23 10:01:42 - [MESSAGE][INFO] - Checking timeout

2021-11-23 10:01:42 - [MESSAGE][INFO] - Finding web element with id: 'Object Repository/Olusturma/Genel/Kutular/SoforBilgileri/Soyad' located by 'By.xpath: //*[@id = 'gvDriverInfo_DXEditor2_I']' in '30' second(s)

2021-11-23 10:01:42 - [MESSAGE][INFO] - Smart Wait Function is triggered

2021-11-23 10:01:43 - [MESSAGE][INFO] - Found 1 web elements with id: 'Object Repository/Olusturma/Genel/Kutular/SoforBilgileri/Soyad' located by 'By.xpath: //*[@id = 'gvDriverInfo_DXEditor2_I']' in '30' second(s)

2021-11-23 10:01:43 - [MESSAGE][PASSED] - Keys 'Otomasyon' sent to object: 'Object Repository/Olusturma/Genel/Kutular/SoforBilgileri/Soyad'

2021-11-23 10:01:43 - [TEST_STEP][PASSED] - clearText(findTestObject("Object Repository/Olusturma/Genel/Kutular/SoforBilgileri/TCKN")): Text of object 'Object Repository/Olusturma/Genel/Kutular/SoforBilgileri/TCKN' is cleared

2021-11-23 10:01:43 - [MESSAGE][INFO] - Finding Test Object 'Object Repository/Olusturma/Genel/Kutular/SoforBilgileri/TCKN'

2021-11-23 10:01:43 - [MESSAGE][INFO] - Checking object

2021-11-23 10:01:43 - [MESSAGE][INFO] - Finding web element from Test Object's properties

2021-11-23 10:01:43 - [MESSAGE][INFO] - Checking timeout

2021-11-23 10:01:43 - [MESSAGE][INFO] - Finding web element with id: 'Object Repository/Olusturma/Genel/Kutular/SoforBilgileri/TCKN' located by 'By.xpath: //*[@id = 'gvDriverInfo_DXEditor3_I']' in '30' second(s)

2021-11-23 10:01:43 - [MESSAGE][INFO] - Smart Wait Function is triggered

2021-11-23 10:01:43 - [MESSAGE][INFO] - Found 1 web elements with id: 'Object Repository/Olusturma/Genel/Kutular/SoforBilgileri/TCKN' located by 'By.xpath: //*[@id = 'gvDriverInfo_DXEditor3_I']' in '30' second(s)

2021-11-23 10:01:43 - [MESSAGE][INFO] - Clearing text of object 'Object Repository/Olusturma/Genel/Kutular/SoforBilgileri/TCKN'

2021-11-23 10:01:43 - [MESSAGE][PASSED] - Text of object 'Object Repository/Olusturma/Genel/Kutular/SoforBilgileri/TCKN' is cleared

2021-11-23 10:01:43 - [TEST_STEP][PASSED] - sendKeys(findTestObject("Object Repository/Olusturma/Genel/Kutular/SoforBilgileri/TCKN"), TCKN): Keys '11111111110' sent to object: 'Object Repository/Olusturma/Genel/Kutular/SoforBilgileri/TCKN'

2021-11-23 10:01:43 - [MESSAGE][INFO] - Finding Test Object 'Object Repository/Olusturma/Genel/Kutular/SoforBilgileri/TCKN'

2021-11-23 10:01:43 - [MESSAGE][INFO] - Sending keys '11111111110' to object: 'Object Repository/Olusturma/Genel/Kutular/SoforBilgileri/TCKN'

2021-11-23 10:01:43 - [MESSAGE][INFO] - Finding web element from Test Object's properties

2021-11-23 10:01:43 - [MESSAGE][INFO] - Checking timeout

2021-11-23 10:01:43 - [MESSAGE][INFO] - Finding web element with id: 'Object Repository/Olusturma/Genel/Kutular/SoforBilgileri/TCKN' located by 'By.xpath: //*[@id = 'gvDriverInfo_DXEditor3_I']' in '30' second(s)

2021-11-23 10:01:43 - [MESSAGE][INFO] - Smart Wait Function is triggered

2021-11-23 10:01:43 - [MESSAGE][INFO] - Found 1 web elements with id: 'Object Repository/Olusturma/Genel/Kutular/SoforBilgileri/TCKN' located by 'By.xpath: //*[@id = 'gvDriverInfo_DXEditor3_I']' in '30' second(s)

2021-11-23 10:01:44 - [MESSAGE][PASSED] - Keys '11111111110' sent to object: 'Object Repository/Olusturma/Genel/Kutular/SoforBilgileri/TCKN'

2021-11-23 10:01:44 - [TEST_STEP][PASSED] - waitForElementClickable(findTestObject("Object Repository/Olusturma/e-Irsaliye/MazlemeBilgileri/Bosluk"), 10): Object 'Object Repository/Olusturma/e-Irsaliye/MazlemeBilgileri/Bosluk' is clickable

2021-11-23 10:01:44 - [MESSAGE][INFO] - Finding Test Object 'Object Repository/Olusturma/e-Irsaliye/MazlemeBilgileri/Bosluk'

2021-11-23 10:01:44 - [MESSAGE][INFO] - Checking object

2021-11-23 10:01:44 - [MESSAGE][INFO] - Checking timeout

2021-11-23 10:01:44 - [MESSAGE][INFO] - Finding web element from Test Object's properties

2021-11-23 10:01:44 - [MESSAGE][INFO] - Checking timeout

2021-11-23 10:01:44 - [MESSAGE][INFO] - Finding web element with id: 'Object Repository/Olusturma/e-Irsaliye/MazlemeBilgileri/Bosluk' located by 'By.cssSelector: .col-md-7.dxflFormLayout_LECustomTheme span' in '10' second(s)

2021-11-23 10:01:44 - [MESSAGE][INFO] - Smart Wait Function is triggered

2021-11-23 10:01:44 - [MESSAGE][INFO] - Found 1 web elements with id: 'Object Repository/Olusturma/e-Irsaliye/MazlemeBilgileri/Bosluk' located by 'By.cssSelector: .col-md-7.dxflFormLayout_LECustomTheme span' in '10' second(s)

2021-11-23 10:01:44 - [MESSAGE][PASSED] - Object 'Object Repository/Olusturma/e-Irsaliye/MazlemeBilgileri/Bosluk' is clickable

2021-11-23 10:01:44 - [TEST_STEP][PASSED] - click(findTestObject("Object Repository/Olusturma/e-Irsaliye/MazlemeBilgileri/Bosluk")): Object: 'Object Repository/Olusturma/e-Irsaliye/MazlemeBilgileri/Bosluk' is clicked on

2021-11-23 10:01:44 - [MESSAGE][INFO] - Finding Test Object 'Object Repository/Olusturma/e-Irsaliye/MazlemeBilgileri/Bosluk'

2021-11-23 10:01:44 - [MESSAGE][INFO] - Checking object

2021-11-23 10:01:44 - [MESSAGE][INFO] - Finding web element from Test Object's properties

2021-11-23 10:01:44 - [MESSAGE][INFO] - Checking timeout

2021-11-23 10:01:44 - [MESSAGE][INFO] - Finding web element with id: 'Object Repository/Olusturma/e-Irsaliye/MazlemeBilgileri/Bosluk' located by 'By.cssSelector: .col-md-7.dxflFormLayout_LECustomTheme span' in '30' second(s)

2021-11-23 10:01:44 - [MESSAGE][INFO] - Smart Wait Function is triggered

2021-11-23 10:01:44 - [MESSAGE][INFO] - Found 1 web elements with id: 'Object Repository/Olusturma/e-Irsaliye/MazlemeBilgileri/Bosluk' located by 'By.cssSelector: .col-md-7.dxflFormLayout_LECustomTheme span' in '30' second(s)

2021-11-23 10:01:44 - [MESSAGE][INFO] - Clicking on object: 'Object Repository/Olusturma/e-Irsaliye/MazlemeBilgileri/Bosluk'

2021-11-23 10:01:45 - [MESSAGE][PASSED] - Object: 'Object Repository/Olusturma/e-Irsaliye/MazlemeBilgileri/Bosluk' is clicked on

2021-11-23 10:01:45 - [MESSAGE][PASSED] - Call Test Case 'Test Cases/Olusturma/Genel/Kutular/SoforBilgileri' successfully

2021-11-23 10:01:45 - [MESSAGE][INFO] - Checking called Test Case

2021-11-23 10:01:45 - [MESSAGE][INFO] - Starting to call Test Case 'Test Cases/Olusturma/Genel/NotGirilir'

2021-11-23 10:01:45 - [TEST_CASE][PASSED] - Test Cases/Olusturma/Genel/NotGirilir: Test Cases/Olusturma/Genel/NotGirilir

2021-11-23 10:01:45 - [TEST_STEP][PASSED] - i = 0: null

2021-11-23 10:01:45 - [TEST_STEP][PASSED] - waitForElementClickable(findTestObject("Olusturma/Genel/Not/Notlar"), 10): Object 'Object Repository/Olusturma/Genel/Not/Notlar' is clickable

2021-11-23 10:01:45 - [MESSAGE][INFO] - Finding Test Object 'Object Repository/Olusturma/Genel/Not/Notlar'

2021-11-23 10:01:46 - [MESSAGE][INFO] - Checking object

2021-11-23 10:01:46 - [MESSAGE][INFO] - Checking timeout

2021-11-23 10:01:46 - [MESSAGE][INFO] - Finding web element from Test Object's properties

2021-11-23 10:01:46 - [MESSAGE][INFO] - Checking timeout

2021-11-23 10:01:46 - [MESSAGE][INFO] - Finding web element with id: 'Object Repository/Olusturma/Genel/Not/Notlar' located by 'By.xpath: //*[@id = 'txtNote_I']' in '10' second(s)

2021-11-23 10:01:46 - [MESSAGE][INFO] - Smart Wait Function is triggered

2021-11-23 10:01:46 - [MESSAGE][INFO] - Found 1 web elements with id: 'Object Repository/Olusturma/Genel/Not/Notlar' located by 'By.xpath: //*[@id = 'txtNote_I']' in '10' second(s)

2021-11-23 10:01:46 - [MESSAGE][PASSED] - Object 'Object Repository/Olusturma/Genel/Not/Notlar' is clickable

2021-11-23 10:01:46 - [TEST_STEP][PASSED] - clearText(findTestObject("Olusturma/Genel/Not/Notlar")): Text of object 'Object Repository/Olusturma/Genel/Not/Notlar' is cleared

2021-11-23 10:01:46 - [MESSAGE][INFO] - Finding Test Object 'Object Repository/Olusturma/Genel/Not/Notlar'

2021-11-23 10:01:46 - [MESSAGE][INFO] - Checking object

2021-11-23 10:01:46 - [MESSAGE][INFO] - Finding web element from Test Object's properties

2021-11-23 10:01:46 - [MESSAGE][INFO] - Checking timeout

2021-11-23 10:01:46 - [MESSAGE][INFO] - Finding web element with id: 'Object Repository/Olusturma/Genel/Not/Notlar' located by 'By.xpath: //*[@id = 'txtNote_I']' in '30' second(s)

2021-11-23 10:01:46 - [MESSAGE][INFO] - Smart Wait Function is triggered

2021-11-23 10:01:46 - [MESSAGE][INFO] - Found 1 web elements with id: 'Object Repository/Olusturma/Genel/Not/Notlar' located by 'By.xpath: //*[@id = 'txtNote_I']' in '30' second(s)

2021-11-23 10:01:46 - [MESSAGE][INFO] - Clearing text of object 'Object Repository/Olusturma/Genel/Not/Notlar'

2021-11-23 10:01:46 - [MESSAGE][PASSED] - Text of object 'Object Repository/Olusturma/Genel/Not/Notlar' is cleared

2021-11-23 10:01:46 - [TEST_STEP][PASSED] - click(findTestObject("Olusturma/Genel/Not/Notlar")): Object: 'Object Repository/Olusturma/Genel/Not/Notlar' is clicked on

2021-11-23 10:01:46 - [MESSAGE][INFO] - Finding Test Object 'Object Repository/Olusturma/Genel/Not/Notlar'

2021-11-23 10:01:47 - [MESSAGE][INFO] - Checking object

2021-11-23 10:01:47 - [MESSAGE][INFO] - Finding web element from Test Object's properties

2021-11-23 10:01:47 - [MESSAGE][INFO] - Checking timeout

2021-11-23 10:01:47 - [MESSAGE][INFO] - Finding web element with id: 'Object Repository/Olusturma/Genel/Not/Notlar' located by 'By.xpath: //*[@id = 'txtNote_I']' in '30' second(s)

2021-11-23 10:01:47 - [MESSAGE][INFO] - Smart Wait Function is triggered

2021-11-23 10:01:47 - [MESSAGE][INFO] - Found 1 web elements with id: 'Object Repository/Olusturma/Genel/Not/Notlar' located by 'By.xpath: //*[@id = 'txtNote_I']' in '30' second(s)

2021-11-23 10:01:47 - [MESSAGE][INFO] - Clicking on object: 'Object Repository/Olusturma/Genel/Not/Notlar'

2021-11-23 10:01:47 - [MESSAGE][PASSED] - Object: 'Object Repository/Olusturma/Genel/Not/Notlar' is clicked on

2021-11-23 10:01:47 - [TEST_STEP][PASSED] - while (true): null

2021-11-23 10:01:47 - [TEST_STEP][PASSED] - delay(1): Delayed 1 second(s)

2021-11-23 10:01:47 - [MESSAGE][INFO] - Delaying browser in 1 second(s)

2021-11-23 10:01:48 - [MESSAGE][PASSED] - Delayed 1 second(s)

2021-11-23 10:01:48 - [TEST_STEP][PASSED] - ajaxIsComplete = executeJavaScript("return jQuery.active == 0", null): Execute JavaScript 'return jQuery.active == 0' successfully

2021-11-23 10:01:48 - [MESSAGE][PASSED] - Execute JavaScript 'return jQuery.active == 0' successfully

2021-11-23 10:01:48 - [TEST_STEP][PASSED] - if (ajaxIsComplete): null

2021-11-23 10:01:48 - [TEST_STEP][PASSED] - break: null

2021-11-23 10:01:48 - [TEST_STEP][PASSED] - sendKeys(findTestObject("Olusturma/Genel/Not/Notlar"), Not): Keys 'Otomasyon Sanal Kullanıcı' sent to object: 'Object Repository/Olusturma/Genel/Not/Notlar'

2021-11-23 10:01:48 - [MESSAGE][INFO] - Finding Test Object 'Object Repository/Olusturma/Genel/Not/Notlar'

2021-11-23 10:01:48 - [MESSAGE][INFO] - Sending keys 'Otomasyon Sanal Kullanıcı' to object: 'Object Repository/Olusturma/Genel/Not/Notlar'

2021-11-23 10:01:48 - [MESSAGE][INFO] - Finding web element from Test Object's properties

2021-11-23 10:01:48 - [MESSAGE][INFO] - Checking timeout

2021-11-23 10:01:48 - [MESSAGE][INFO] - Finding web element with id: 'Object Repository/Olusturma/Genel/Not/Notlar' located by 'By.xpath: //*[@id = 'txtNote_I']' in '30' second(s)

2021-11-23 10:01:48 - [MESSAGE][INFO] - Smart Wait Function is triggered

2021-11-23 10:01:48 - [MESSAGE][INFO] - Found 1 web elements with id: 'Object Repository/Olusturma/Genel/Not/Notlar' located by 'By.xpath: //*[@id = 'txtNote_I']' in '30' second(s)

2021-11-23 10:01:48 - [MESSAGE][PASSED] - Keys 'Otomasyon Sanal Kullanıcı' sent to object: 'Object Repository/Olusturma/Genel/Not/Notlar'

2021-11-23 10:01:48 - [MESSAGE][PASSED] - Call Test Case 'Test Cases/Olusturma/Genel/NotGirilir' successfully

2021-11-23 10:01:48 - [MESSAGE][INFO] - Checking called Test Case

2021-11-23 10:01:48 - [MESSAGE][INFO] - Starting to call Test Case 'Test Cases/Olusturma/Genel/IrsaliyeEttnBilgisiKayitEdilir'

2021-11-23 10:01:49 - [TEST_CASE][PASSED] - Test Cases/Olusturma/Genel/IrsaliyeEttnBilgisiKayitEdilir: Test Cases/Olusturma/Genel/IrsaliyeEttnBilgisiKayitEdilir

2021-11-23 10:01:49 - [TEST_STEP][PASSED] - verifyElementPresent(findTestObject("Object Repository/Olusturma/Genel/Olusturma/eIrsaliyeEttnBilgisi"), 7): Object 'Object Repository/Olusturma/Genel/Olusturma/eIrsaliyeEttnBilgisi' is present

2021-11-23 10:01:49 - [MESSAGE][INFO] - Finding Test Object 'Object Repository/Olusturma/Genel/Olusturma/eIrsaliyeEttnBilgisi'

2021-11-23 10:01:49 - [MESSAGE][INFO] - Checking object

2021-11-23 10:01:49 - [MESSAGE][INFO] - Finding web element from Test Object's properties

2021-11-23 10:01:49 - [MESSAGE][INFO] - Checking timeout

2021-11-23 10:01:49 - [MESSAGE][INFO] - Finding web element with id: 'Object Repository/Olusturma/Genel/Olusturma/eIrsaliyeEttnBilgisi' located by 'By.xpath: //*[@id = 'ETTN_I']' in '7' second(s)

2021-11-23 10:01:49 - [MESSAGE][INFO] - Smart Wait Function is triggered

2021-11-23 10:01:50 - [MESSAGE][INFO] - Found 1 web elements with id: 'Object Repository/Olusturma/Genel/Olusturma/eIrsaliyeEttnBilgisi' located by 'By.xpath: //*[@id = 'ETTN_I']' in '7' second(s)

2021-11-23 10:01:50 - [MESSAGE][PASSED] - Object 'Object Repository/Olusturma/Genel/Olusturma/eIrsaliyeEttnBilgisi' is present

2021-11-23 10:01:50 - [TEST_STEP][PASSED] - IrsaliyeEttn = getAttribute(findTestObject("Object Repository/Olusturma/Genel/Olusturma/eIrsaliyeEttnBilgisi"), "value"): Attribute 'value' of object 'Object Repository/Olusturma/Genel/Olusturma/eIrsaliyeEttnBilgisi' is: '332a6a15-0808-4ab2-89b5-0cf5d9238f0b'

2021-11-23 10:01:50 - [MESSAGE][INFO] - Finding Test Object 'Object Repository/Olusturma/Genel/Olusturma/eIrsaliyeEttnBilgisi'

2021-11-23 10:01:50 - [MESSAGE][INFO] - Checking object

2021-11-23 10:01:50 - [MESSAGE][INFO] - Checking attribute

2021-11-23 10:01:50 - [MESSAGE][INFO] - Finding web element from Test Object's properties

2021-11-23 10:01:50 - [MESSAGE][INFO] - Checking timeout

2021-11-23 10:01:50 - [MESSAGE][INFO] - Finding web element with id: 'Object Repository/Olusturma/Genel/Olusturma/eIrsaliyeEttnBilgisi' located by 'By.xpath: //*[@id = 'ETTN_I']' in '30' second(s)

2021-11-23 10:01:50 - [MESSAGE][INFO] - Smart Wait Function is triggered

2021-11-23 10:01:50 - [MESSAGE][INFO] - Found 1 web elements with id: 'Object Repository/Olusturma/Genel/Olusturma/eIrsaliyeEttnBilgisi' located by 'By.xpath: //*[@id = 'ETTN_I']' in '30' second(s)

2021-11-23 10:01:50 - [MESSAGE][INFO] - Getting attribute 'value' of object 'Object Repository/Olusturma/Genel/Olusturma/eIrsaliyeEttnBilgisi'

2021-11-23 10:01:50 - [MESSAGE][PASSED] - Attribute 'value' of object 'Object Repository/Olusturma/Genel/Olusturma/eIrsaliyeEttnBilgisi' is: '332a6a15-0808-4ab2-89b5-0cf5d9238f0b'

2021-11-23 10:01:50 - [MESSAGE][PASSED] - Call Test Case 'Test Cases/Olusturma/Genel/IrsaliyeEttnBilgisiKayitEdilir' successfully

2021-11-23 10:01:50 - [MESSAGE][INFO] - Checking called Test Case

2021-11-23 10:01:50 - [MESSAGE][INFO] - Starting to call Test Case 'Test Cases/Olusturma/Genel/KaydetButonunaTiklanir'

2021-11-23 10:01:50 - [TEST_CASE][PASSED] - Test Cases/Olusturma/Genel/KaydetButonunaTiklanir: Test Cases/Olusturma/Genel/KaydetButonunaTiklanir

2021-11-23 10:01:51 - [TEST_STEP][PASSED] - i = 0: null

2021-11-23 10:01:51 - [TEST_STEP][PASSED] - waitForElementPresent(findTestObject("Olusturma/Genel/Not/Notlar"), 10): Object 'Object Repository/Olusturma/Genel/Not/Notlar' is present

2021-11-23 10:01:51 - [MESSAGE][INFO] - Finding Test Object 'Object Repository/Olusturma/Genel/Not/Notlar'

2021-11-23 10:01:51 - [MESSAGE][INFO] - Checking object

2021-11-23 10:01:51 - [MESSAGE][INFO] - Finding web element from Test Object's properties

2021-11-23 10:01:51 - [MESSAGE][INFO] - Checking timeout

2021-11-23 10:01:51 - [MESSAGE][INFO] - Finding web element with id: 'Object Repository/Olusturma/Genel/Not/Notlar' located by 'By.xpath: //*[@id = 'txtNote_I']' in '10' second(s)

2021-11-23 10:01:51 - [MESSAGE][INFO] - Smart Wait Function is triggered

2021-11-23 10:01:51 - [MESSAGE][INFO] - Found 1 web elements with id: 'Object Repository/Olusturma/Genel/Not/Notlar' located by 'By.xpath: //*[@id = 'txtNote_I']' in '10' second(s)

2021-11-23 10:01:51 - [MESSAGE][PASSED] - Object 'Object Repository/Olusturma/Genel/Not/Notlar' is present

2021-11-23 10:01:51 - [TEST_STEP][PASSED] - click(findTestObject("Olusturma/Genel/Not/Notlar")): Object: 'Object Repository/Olusturma/Genel/Not/Notlar' is clicked on

2021-11-23 10:01:51 - [MESSAGE][INFO] - Finding Test Object 'Object Repository/Olusturma/Genel/Not/Notlar'

2021-11-23 10:01:51 - [MESSAGE][INFO] - Checking object

2021-11-23 10:01:51 - [MESSAGE][INFO] - Finding web element from Test Object's properties

2021-11-23 10:01:51 - [MESSAGE][INFO] - Checking timeout

2021-11-23 10:01:51 - [MESSAGE][INFO] - Finding web element with id: 'Object Repository/Olusturma/Genel/Not/Notlar' located by 'By.xpath: //*[@id = 'txtNote_I']' in '30' second(s)

2021-11-23 10:01:51 - [MESSAGE][INFO] - Smart Wait Function is triggered

2021-11-23 10:01:52 - [MESSAGE][INFO] - Found 1 web elements with id: 'Object Repository/Olusturma/Genel/Not/Notlar' located by 'By.xpath: //*[@id = 'txtNote_I']' in '30' second(s)

2021-11-23 10:01:52 - [MESSAGE][INFO] - Clicking on object: 'Object Repository/Olusturma/Genel/Not/Notlar'

2021-11-23 10:01:52 - [MESSAGE][PASSED] - Object: 'Object Repository/Olusturma/Genel/Not/Notlar' is clicked on

2021-11-23 10:01:52 - [TEST_STEP][PASSED] - while (true): null

2021-11-23 10:01:52 - [TEST_STEP][PASSED] - delay(1): Delayed 1 second(s)

2021-11-23 10:01:52 - [MESSAGE][INFO] - Delaying browser in 1 second(s)

2021-11-23 10:01:53 - [MESSAGE][PASSED] - Delayed 1 second(s)

2021-11-23 10:01:53 - [TEST_STEP][PASSED] - ajaxIsComplete = executeJavaScript("return jQuery.active == 0", null): Execute JavaScript 'return jQuery.active == 0' successfully

2021-11-23 10:01:53 - [MESSAGE][PASSED] - Execute JavaScript 'return jQuery.active == 0' successfully

2021-11-23 10:01:53 - [TEST_STEP][PASSED] - if (ajaxIsComplete): null

2021-11-23 10:01:53 - [TEST_STEP][PASSED] - break: null

2021-11-23 10:01:53 - [TEST_STEP][PASSED] - waitForElementClickable(findTestObject("Object Repository/Olusturma/Genel/Buton"), 10): Object 'Object Repository/Olusturma/Genel/Buton' is clickable

2021-11-23 10:01:53 - [MESSAGE][INFO] - Finding Test Object 'Object Repository/Olusturma/Genel/Buton'

2021-11-23 10:01:53 - [MESSAGE][INFO] - Checking object

2021-11-23 10:01:53 - [MESSAGE][INFO] - Checking timeout

2021-11-23 10:01:53 - [MESSAGE][INFO] - Finding web element from Test Object's properties

2021-11-23 10:01:53 - [MESSAGE][INFO] - Checking timeout

2021-11-23 10:01:53 - [MESSAGE][INFO] - Finding web element with id: 'Object Repository/Olusturma/Genel/Buton' located by 'By.xpath: //*[@id = 'btnKaydet']' in '10' second(s)

2021-11-23 10:01:53 - [MESSAGE][INFO] - Smart Wait Function is triggered

2021-11-23 10:01:53 - [MESSAGE][INFO] - Found 1 web elements with id: 'Object Repository/Olusturma/Genel/Buton' located by 'By.xpath: //*[@id = 'btnKaydet']' in '10' second(s)

2021-11-23 10:01:53 - [MESSAGE][PASSED] - Object 'Object Repository/Olusturma/Genel/Buton' is clickable

2021-11-23 10:01:53 - [TEST_STEP][PASSED] - click(findTestObject("Object Repository/Olusturma/Genel/Buton")): Object: 'Object Repository/Olusturma/Genel/Buton' is clicked on

2021-11-23 10:01:53 - [MESSAGE][INFO] - Finding Test Object 'Object Repository/Olusturma/Genel/Buton'

2021-11-23 10:01:53 - [MESSAGE][INFO] - Checking object

2021-11-23 10:01:53 - [MESSAGE][INFO] - Finding web element from Test Object's properties

2021-11-23 10:01:53 - [MESSAGE][INFO] - Checking timeout

2021-11-23 10:01:53 - [MESSAGE][INFO] - Finding web element with id: 'Object Repository/Olusturma/Genel/Buton' located by 'By.xpath: //*[@id = 'btnKaydet']' in '30' second(s)

2021-11-23 10:01:53 - [MESSAGE][INFO] - Smart Wait Function is triggered

2021-11-23 10:01:53 - [MESSAGE][INFO] - Found 1 web elements with id: 'Object Repository/Olusturma/Genel/Buton' located by 'By.xpath: //*[@id = 'btnKaydet']' in '30' second(s)

2021-11-23 10:01:53 - [MESSAGE][INFO] - Clicking on object: 'Object Repository/Olusturma/Genel/Buton'

2021-11-23 10:01:57 - [MESSAGE][PASSED] - Object: 'Object Repository/Olusturma/Genel/Buton' is clicked on

2021-11-23 10:01:57 - [MESSAGE][PASSED] - Call Test Case 'Test Cases/Olusturma/Genel/KaydetButonunaTiklanir' successfully

2021-11-23 10:01:57 - [MESSAGE][INFO] - Checking called Test Case

2021-11-23 10:01:57 - [MESSAGE][INFO] - Starting to call Test Case 'Test Cases/Tablo/TablodaUnvanliVeriOlusturulduMu'

2021-11-23 10:01:57 - [TEST_CASE][PASSED] - Test Cases/Tablo/TablodaUnvanliVeriOlusturulduMu: Test Cases/Tablo/TablodaUnvanliVeriOlusturulduMu

2021-11-23 10:01:58 - [TEST_STEP][PASSED] - waitForElementVisible(findTestObject("Tablo/OlusturulanVeri"), 10, STOP_ON_FAILURE): Object 'Object Repository/Tablo/OlusturulanVeri' is visible

2021-11-23 10:01:58 - [MESSAGE][INFO] - Finding Test Object 'Object Repository/Tablo/OlusturulanVeri'

2021-11-23 10:01:58 - [MESSAGE][INFO] - Checking object

2021-11-23 10:01:58 - [MESSAGE][INFO] - Checking timeout

2021-11-23 10:01:58 - [MESSAGE][INFO] - Finding web element from Test Object's properties

2021-11-23 10:01:58 - [MESSAGE][INFO] - Checking timeout

2021-11-23 10:01:58 - [MESSAGE][INFO] - Finding web element with id: 'Object Repository/Tablo/OlusturulanVeri' located by 'By.cssSelector: table.dxgvTable_LECustomTheme>tbody>tr:nth-child(3)>td.dxgv b,table.dxgvTable_LECustomTheme>tbody>tr:nth-child(3)>td.dxgv' in '10' second(s)

2021-11-23 10:01:58 - [MESSAGE][INFO] - Smart Wait Function is triggered

2021-11-23 10:01:58 - [MESSAGE][INFO] - Found 12 web elements with id: 'Object Repository/Tablo/OlusturulanVeri' located by 'By.cssSelector: table.dxgvTable_LECustomTheme>tbody>tr:nth-child(3)>td.dxgv b,table.dxgvTable_LECustomTheme>tbody>tr:nth-child(3)>td.dxgv' in '10' second(s)

2021-11-23 10:01:58 - [MESSAGE][PASSED] - Object 'Object Repository/Tablo/OlusturulanVeri' is visible

2021-11-23 10:01:58 - [TEST_STEP][PASSED] - Method.TextDegerineEsitElementVarMi(findTestObject("Tablo/OlusturulanVeri"), Unvan): Method.TextDegerineEsitElementVarMi is PASSED

2021-11-23 10:01:58 - [MESSAGE][INFO] - Finding Test Object 'Object Repository/Tablo/OlusturulanVeri'

2021-11-23 10:01:58 - [MESSAGE][INFO] - Checking timeout

2021-11-23 10:01:58 - [MESSAGE][INFO] - Finding web element with id: 'Object Repository/Tablo/OlusturulanVeri' located by 'By.cssSelector: table.dxgvTable_LECustomTheme>tbody>tr:nth-child(3)>td.dxgv b,table.dxgvTable_LECustomTheme>tbody>tr:nth-child(3)>td.dxgv' in '10' second(s)

2021-11-23 10:01:58 - [MESSAGE][INFO] - Smart Wait Function is triggered

2021-11-23 10:01:58 - [MESSAGE][INFO] - Found 12 web elements with id: 'Object Repository/Tablo/OlusturulanVeri' located by 'By.cssSelector: table.dxgvTable_LECustomTheme>tbody>tr:nth-child(3)>td.dxgv b,table.dxgvTable_LECustomTheme>tbody>tr:nth-child(3)>td.dxgv' in '10' second(s)

2021-11-23 10:01:58 - [MESSAGE][PASSED] - Method.TextDegerineEsitElementVarMi is PASSED

2021-11-23 10:01:58 - [MESSAGE][PASSED] - Call Test Case 'Test Cases/Tablo/TablodaUnvanliVeriOlusturulduMu' successfully

2021-11-23 10:01:58 - [MESSAGE][INFO] - Checking called Test Case

2021-11-23 10:01:58 - [MESSAGE][INFO] - Starting to call Test Case 'Test Cases/Tablo/TablodanVeriSec'

2021-11-23 10:01:58 - [TEST_CASE][PASSED] - Test Cases/Tablo/TablodanVeriSec: Test Cases/Tablo/TablodanVeriSec

2021-11-23 10:01:59 - [TEST_STEP][PASSED] - Method.TextDegerineEsitElementinAltindakineTikla(findTestObject("Tablo/Veriler"), findTestObject("Tablo/VerininCheckBoxi"), Veri_Adi): Method.TextDegerineEsitElementinAltindakineTikla is PASSED

2021-11-23 10:01:59 - [MESSAGE][INFO] - Finding Test Object 'Object Repository/Tablo/Veriler'

2021-11-23 10:01:59 - [MESSAGE][INFO] - Finding Test Object 'Object Repository/Tablo/VerininCheckBoxi'

2021-11-23 10:01:59 - [MESSAGE][INFO] - Checking timeout

2021-11-23 10:01:59 - [MESSAGE][INFO] - Finding web element with id: 'Object Repository/Tablo/Veriler' located by 'By.cssSelector: td.dxgv b ,td.dxgv' in '10' second(s)

2021-11-23 10:01:59 - [MESSAGE][INFO] - Smart Wait Function is triggered

2021-11-23 10:01:59 - [MESSAGE][INFO] - Found 120 web elements with id: 'Object Repository/Tablo/Veriler' located by 'By.cssSelector: td.dxgv b ,td.dxgv' in '10' second(s)

2021-11-23 10:01:59 - [MESSAGE][INFO] - Smart Wait Function is triggered

2021-11-23 10:02:00 - [MESSAGE][PASSED] - Method.TextDegerineEsitElementinAltindakineTikla is PASSED

2021-11-23 10:02:00 - [MESSAGE][PASSED] - Call Test Case 'Test Cases/Tablo/TablodanVeriSec' successfully

2021-11-23 10:02:00 - [MESSAGE][INFO] - Checking called Test Case

2021-11-23 10:02:00 - [MESSAGE][INFO] - Starting to call Test Case 'Test Cases/Butonlar/ButonaTikla'

2021-11-23 10:02:00 - [TEST_CASE][PASSED] - Test Cases/Butonlar/ButonaTikla: Test Cases/Butonlar/ButonaTikla

2021-11-23 10:02:00 - [TEST_STEP][PASSED] - Method.TextDegerineEsitElementeTiklaEquals(findTestObject("Butonlar/Butonlar"), Buton_Adi): Method.TextDegerineEsitElementeTiklaEquals is PASSED

2021-11-23 10:02:00 - [MESSAGE][INFO] - Finding Test Object 'Object Repository/Butonlar/Butonlar'

2021-11-23 10:02:00 - [MESSAGE][INFO] - Checking timeout

2021-11-23 10:02:00 - [MESSAGE][INFO] - Finding web element with id: 'Object Repository/Butonlar/Butonlar' located by 'By.cssSelector: .panel.panel-default.text-center.footerPanel .btn,.btn.btn-primary.btnControls' in '10' second(s)

2021-11-23 10:02:00 - [MESSAGE][INFO] - Smart Wait Function is triggered

2021-11-23 10:02:00 - [MESSAGE][INFO] - Found 9 web elements with id: 'Object Repository/Butonlar/Butonlar' located by 'By.cssSelector: .panel.panel-default.text-center.footerPanel .btn,.btn.btn-primary.btnControls' in '10' second(s)

2021-11-23 10:02:03 - [MESSAGE][PASSED] - Method.TextDegerineEsitElementeTiklaEquals is PASSED

2021-11-23 10:02:03 - [MESSAGE][PASSED] - Call Test Case 'Test Cases/Butonlar/ButonaTikla' successfully

2021-11-23 10:02:03 - [MESSAGE][INFO] - Checking called Test Case

2021-11-23 10:02:03 - [MESSAGE][INFO] - Starting to call Test Case 'Test Cases/Olusturma/Genel/GorselTasarimSayfasıBasligiIceriyorMu'

2021-11-23 10:02:03 - [TEST_CASE][PASSED] - Test Cases/Olusturma/Genel/GorselTasarimSayfasıBasligiIceriyorMu: Test Cases/Olusturma/Genel/GorselTasarimSayfasıBasligiIceriyorMu

2021-11-23 10:02:03 - [TEST_STEP][PASSED] - verifyElementText(findTestObject("Object Repository/Olusturma/Genel/GorselTasarimBaslik"), Baslik): Actual text and expected text of test object 'Object Repository/Olusturma/Genel/GorselTasarimBaslik' are matched.

2021-11-23 10:02:03 - [MESSAGE][INFO] - Finding Test Object 'Object Repository/Olusturma/Genel/GorselTasarimBaslik'

2021-11-23 10:02:03 - [MESSAGE][INFO] - Checking object

2021-11-23 10:02:03 - [MESSAGE][INFO] - Finding web element from Test Object's properties

2021-11-23 10:02:03 - [MESSAGE][INFO] - Checking timeout

2021-11-23 10:02:03 - [MESSAGE][INFO] - Finding web element with id: 'Object Repository/Olusturma/Genel/GorselTasarimBaslik' located by 'By.cssSelector: #flAlici_0>div>span' in '30' second(s)

2021-11-23 10:02:03 - [MESSAGE][INFO] - Smart Wait Function is triggered

2021-11-23 10:02:04 - [MESSAGE][INFO] - Found 1 web elements with id: 'Object Repository/Olusturma/Genel/GorselTasarimBaslik' located by 'By.cssSelector: #flAlici_0>div>span' in '30' second(s)

2021-11-23 10:02:04 - [MESSAGE][PASSED] - Actual text and expected text of test object 'Object Repository/Olusturma/Genel/GorselTasarimBaslik' are matched.

2021-11-23 10:02:04 - [MESSAGE][PASSED] - Call Test Case 'Test Cases/Olusturma/Genel/GorselTasarimSayfasıBasligiIceriyorMu' successfully

2021-11-23 10:02:04 - [MESSAGE][INFO] - Checking called Test Case

2021-11-23 10:02:04 - [MESSAGE][INFO] - Starting to call Test Case 'Test Cases/Olusturma/Genel/NotGirilir'

2021-11-23 10:02:04 - [TEST_CASE][PASSED] - Test Cases/Olusturma/Genel/NotGirilir: Test Cases/Olusturma/Genel/NotGirilir

2021-11-23 10:02:04 - [TEST_STEP][PASSED] - i = 0: null

2021-11-23 10:02:04 - [TEST_STEP][PASSED] - waitForElementClickable(findTestObject("Olusturma/Genel/Not/Notlar"), 10): Object 'Object Repository/Olusturma/Genel/Not/Notlar' is clickable

2021-11-23 10:02:04 - [MESSAGE][INFO] - Finding Test Object 'Object Repository/Olusturma/Genel/Not/Notlar'

2021-11-23 10:02:04 - [MESSAGE][INFO] - Checking object

2021-11-23 10:02:04 - [MESSAGE][INFO] - Checking timeout

2021-11-23 10:02:04 - [MESSAGE][INFO] - Finding web element from Test Object's properties

2021-11-23 10:02:04 - [MESSAGE][INFO] - Checking timeout

2021-11-23 10:02:04 - [MESSAGE][INFO] - Finding web element with id: 'Object Repository/Olusturma/Genel/Not/Notlar' located by 'By.xpath: //*[@id = 'txtNote_I']' in '10' second(s)

2021-11-23 10:02:04 - [MESSAGE][INFO] - Smart Wait Function is triggered

2021-11-23 10:02:04 - [MESSAGE][INFO] - Found 1 web elements with id: 'Object Repository/Olusturma/Genel/Not/Notlar' located by 'By.xpath: //*[@id = 'txtNote_I']' in '10' second(s)

2021-11-23 10:02:04 - [MESSAGE][PASSED] - Object 'Object Repository/Olusturma/Genel/Not/Notlar' is clickable

2021-11-23 10:02:04 - [TEST_STEP][PASSED] - clearText(findTestObject("Olusturma/Genel/Not/Notlar")): Text of object 'Object Repository/Olusturma/Genel/Not/Notlar' is cleared

2021-11-23 10:02:04 - [MESSAGE][INFO] - Finding Test Object 'Object Repository/Olusturma/Genel/Not/Notlar'

2021-11-23 10:02:05 - [MESSAGE][INFO] - Checking object

2021-11-23 10:02:05 - [MESSAGE][INFO] - Finding web element from Test Object's properties

2021-11-23 10:02:05 - [MESSAGE][INFO] - Checking timeout

2021-11-23 10:02:05 - [MESSAGE][INFO] - Finding web element with id: 'Object Repository/Olusturma/Genel/Not/Notlar' located by 'By.xpath: //*[@id = 'txtNote_I']' in '30' second(s)

2021-11-23 10:02:05 - [MESSAGE][INFO] - Smart Wait Function is triggered

2021-11-23 10:02:05 - [MESSAGE][INFO] - Found 1 web elements with id: 'Object Repository/Olusturma/Genel/Not/Notlar' located by 'By.xpath: //*[@id = 'txtNote_I']' in '30' second(s)

2021-11-23 10:02:05 - [MESSAGE][INFO] - Clearing text of object 'Object Repository/Olusturma/Genel/Not/Notlar'

2021-11-23 10:02:05 - [MESSAGE][PASSED] - Text of object 'Object Repository/Olusturma/Genel/Not/Notlar' is cleared

2021-11-23 10:02:05 - [TEST_STEP][PASSED] - click(findTestObject("Olusturma/Genel/Not/Notlar")): Object: 'Object Repository/Olusturma/Genel/Not/Notlar' is clicked on

2021-11-23 10:02:05 - [MESSAGE][INFO] - Finding Test Object 'Object Repository/Olusturma/Genel/Not/Notlar'

2021-11-23 10:02:05 - [MESSAGE][INFO] - Checking object

2021-11-23 10:02:05 - [MESSAGE][INFO] - Finding web element from Test Object's properties

2021-11-23 10:02:05 - [MESSAGE][INFO] - Checking timeout

2021-11-23 10:02:05 - [MESSAGE][INFO] - Finding web element with id: 'Object Repository/Olusturma/Genel/Not/Notlar' located by 'By.xpath: //*[@id = 'txtNote_I']' in '30' second(s)

2021-11-23 10:02:05 - [MESSAGE][INFO] - Smart Wait Function is triggered

2021-11-23 10:02:05 - [MESSAGE][INFO] - Found 1 web elements with id: 'Object Repository/Olusturma/Genel/Not/Notlar' located by 'By.xpath: //*[@id = 'txtNote_I']' in '30' second(s)

2021-11-23 10:02:05 - [MESSAGE][INFO] - Clicking on object: 'Object Repository/Olusturma/Genel/Not/Notlar'

2021-11-23 10:02:05 - [MESSAGE][PASSED] - Object: 'Object Repository/Olusturma/Genel/Not/Notlar' is clicked on

2021-11-23 10:02:05 - [TEST_STEP][PASSED] - while (true): null

2021-11-23 10:02:05 - [TEST_STEP][PASSED] - delay(1): Delayed 1 second(s)

2021-11-23 10:02:05 - [MESSAGE][INFO] - Delaying browser in 1 second(s)

2021-11-23 10:02:06 - [MESSAGE][PASSED] - Delayed 1 second(s)

2021-11-23 10:02:06 - [TEST_STEP][PASSED] - ajaxIsComplete = executeJavaScript("return jQuery.active == 0", null): Execute JavaScript 'return jQuery.active == 0' successfully

2021-11-23 10:02:06 - [MESSAGE][PASSED] - Execute JavaScript 'return jQuery.active == 0' successfully

2021-11-23 10:02:06 - [TEST_STEP][PASSED] - if (ajaxIsComplete): null

2021-11-23 10:02:06 - [TEST_STEP][PASSED] - break: null

2021-11-23 10:02:06 - [TEST_STEP][PASSED] - sendKeys(findTestObject("Olusturma/Genel/Not/Notlar"), Not): Keys 'Otomasyon Not Değiştir' sent to object: 'Object Repository/Olusturma/Genel/Not/Notlar'

2021-11-23 10:02:06 - [MESSAGE][INFO] - Finding Test Object 'Object Repository/Olusturma/Genel/Not/Notlar'

2021-11-23 10:02:06 - [MESSAGE][INFO] - Sending keys 'Otomasyon Not Değiştir' to object: 'Object Repository/Olusturma/Genel/Not/Notlar'

2021-11-23 10:02:06 - [MESSAGE][INFO] - Finding web element from Test Object's properties

2021-11-23 10:02:06 - [MESSAGE][INFO] - Checking timeout

2021-11-23 10:02:06 - [MESSAGE][INFO] - Finding web element with id: 'Object Repository/Olusturma/Genel/Not/Notlar' located by 'By.xpath: //*[@id = 'txtNote_I']' in '30' second(s)

2021-11-23 10:02:06 - [MESSAGE][INFO] - Smart Wait Function is triggered

2021-11-23 10:02:07 - [MESSAGE][INFO] - Found 1 web elements with id: 'Object Repository/Olusturma/Genel/Not/Notlar' located by 'By.xpath: //*[@id = 'txtNote_I']' in '30' second(s)

2021-11-23 10:02:07 - [MESSAGE][PASSED] - Keys 'Otomasyon Not Değiştir' sent to object: 'Object Repository/Olusturma/Genel/Not/Notlar'

2021-11-23 10:02:07 - [MESSAGE][PASSED] - Call Test Case 'Test Cases/Olusturma/Genel/NotGirilir' successfully

2021-11-23 10:02:07 - [MESSAGE][INFO] - Checking called Test Case

2021-11-23 10:02:07 - [MESSAGE][INFO] - Starting to call Test Case 'Test Cases/Olusturma/Genel/KaydetButonunaTiklanir'

2021-11-23 10:02:07 - [TEST_CASE][PASSED] - Test Cases/Olusturma/Genel/KaydetButonunaTiklanir: Test Cases/Olusturma/Genel/KaydetButonunaTiklanir

2021-11-23 10:02:07 - [TEST_STEP][PASSED] - i = 0: null

2021-11-23 10:02:07 - [TEST_STEP][PASSED] - waitForElementPresent(findTestObject("Olusturma/Genel/Not/Notlar"), 10): Object 'Object Repository/Olusturma/Genel/Not/Notlar' is present

2021-11-23 10:02:07 - [MESSAGE][INFO] - Finding Test Object 'Object Repository/Olusturma/Genel/Not/Notlar'

2021-11-23 10:02:07 - [MESSAGE][INFO] - Checking object

2021-11-23 10:02:07 - [MESSAGE][INFO] - Finding web element from Test Object's properties

2021-11-23 10:02:07 - [MESSAGE][INFO] - Checking timeout

2021-11-23 10:02:07 - [MESSAGE][INFO] - Finding web element with id: 'Object Repository/Olusturma/Genel/Not/Notlar' located by 'By.xpath: //*[@id = 'txtNote_I']' in '10' second(s)

2021-11-23 10:02:07 - [MESSAGE][INFO] - Smart Wait Function is triggered

2021-11-23 10:02:07 - [MESSAGE][INFO] - Found 1 web elements with id: 'Object Repository/Olusturma/Genel/Not/Notlar' located by 'By.xpath: //*[@id = 'txtNote_I']' in '10' second(s)

2021-11-23 10:02:07 - [MESSAGE][PASSED] - Object 'Object Repository/Olusturma/Genel/Not/Notlar' is present

2021-11-23 10:02:07 - [TEST_STEP][PASSED] - click(findTestObject("Olusturma/Genel/Not/Notlar")): Object: 'Object Repository/Olusturma/Genel/Not/Notlar' is clicked on

2021-11-23 10:02:07 - [MESSAGE][INFO] - Finding Test Object 'Object Repository/Olusturma/Genel/Not/Notlar'

2021-11-23 10:02:07 - [MESSAGE][INFO] - Checking object

2021-11-23 10:02:07 - [MESSAGE][INFO] - Finding web element from Test Object's properties

2021-11-23 10:02:07 - [MESSAGE][INFO] - Checking timeout

2021-11-23 10:02:07 - [MESSAGE][INFO] - Finding web element with id: 'Object Repository/Olusturma/Genel/Not/Notlar' located by 'By.xpath: //*[@id = 'txtNote_I']' in '30' second(s)

2021-11-23 10:02:07 - [MESSAGE][INFO] - Smart Wait Function is triggered

2021-11-23 10:02:08 - [MESSAGE][INFO] - Found 1 web elements with id: 'Object Repository/Olusturma/Genel/Not/Notlar' located by 'By.xpath: //*[@id = 'txtNote_I']' in '30' second(s)

2021-11-23 10:02:08 - [MESSAGE][INFO] - Clicking on object: 'Object Repository/Olusturma/Genel/Not/Notlar'

2021-11-23 10:02:08 - [MESSAGE][PASSED] - Object: 'Object Repository/Olusturma/Genel/Not/Notlar' is clicked on

2021-11-23 10:02:08 - [TEST_STEP][PASSED] - while (true): null

2021-11-23 10:02:08 - [TEST_STEP][PASSED] - delay(1): Delayed 1 second(s)

2021-11-23 10:02:08 - [MESSAGE][INFO] - Delaying browser in 1 second(s)

2021-11-23 10:02:09 - [MESSAGE][PASSED] - Delayed 1 second(s)

2021-11-23 10:02:09 - [TEST_STEP][PASSED] - ajaxIsComplete = executeJavaScript("return jQuery.active == 0", null): Execute JavaScript 'return jQuery.active == 0' successfully

2021-11-23 10:02:09 - [MESSAGE][PASSED] - Execute JavaScript 'return jQuery.active == 0' successfully

2021-11-23 10:02:09 - [TEST_STEP][PASSED] - if (ajaxIsComplete): null

2021-11-23 10:02:09 - [TEST_STEP][PASSED] - break: null

2021-11-23 10:02:09 - [TEST_STEP][PASSED] - waitForElementClickable(findTestObject("Object Repository/Olusturma/Genel/Buton"), 10): Object 'Object Repository/Olusturma/Genel/Buton' is clickable

2021-11-23 10:02:09 - [MESSAGE][INFO] - Finding Test Object 'Object Repository/Olusturma/Genel/Buton'

2021-11-23 10:02:09 - [MESSAGE][INFO] - Checking object

2021-11-23 10:02:09 - [MESSAGE][INFO] - Checking timeout

2021-11-23 10:02:09 - [MESSAGE][INFO] - Finding web element from Test Object's properties

2021-11-23 10:02:09 - [MESSAGE][INFO] - Checking timeout

2021-11-23 10:02:09 - [MESSAGE][INFO] - Finding web element with id: 'Object Repository/Olusturma/Genel/Buton' located by 'By.xpath: //*[@id = 'btnKaydet']' in '10' second(s)

2021-11-23 10:02:09 - [MESSAGE][INFO] - Smart Wait Function is triggered

2021-11-23 10:02:09 - [MESSAGE][INFO] - Found 1 web elements with id: 'Object Repository/Olusturma/Genel/Buton' located by 'By.xpath: //*[@id = 'btnKaydet']' in '10' second(s)

2021-11-23 10:02:09 - [MESSAGE][PASSED] - Object 'Object Repository/Olusturma/Genel/Buton' is clickable

2021-11-23 10:02:09 - [TEST_STEP][PASSED] - click(findTestObject("Object Repository/Olusturma/Genel/Buton")): Object: 'Object Repository/Olusturma/Genel/Buton' is clicked on

2021-11-23 10:02:09 - [MESSAGE][INFO] - Finding Test Object 'Object Repository/Olusturma/Genel/Buton'

2021-11-23 10:02:09 - [MESSAGE][INFO] - Checking object

2021-11-23 10:02:09 - [MESSAGE][INFO] - Finding web element from Test Object's properties

2021-11-23 10:02:09 - [MESSAGE][INFO] - Checking timeout

2021-11-23 10:02:09 - [MESSAGE][INFO] - Finding web element with id: 'Object Repository/Olusturma/Genel/Buton' located by 'By.xpath: //*[@id = 'btnKaydet']' in '30' second(s)

2021-11-23 10:02:09 - [MESSAGE][INFO] - Smart Wait Function is triggered

2021-11-23 10:02:09 - [MESSAGE][INFO] - Found 1 web elements with id: 'Object Repository/Olusturma/Genel/Buton' located by 'By.xpath: //*[@id = 'btnKaydet']' in '30' second(s)

2021-11-23 10:02:09 - [MESSAGE][INFO] - Clicking on object: 'Object Repository/Olusturma/Genel/Buton'

2021-11-23 10:02:12 - [MESSAGE][PASSED] - Object: 'Object Repository/Olusturma/Genel/Buton' is clicked on

2021-11-23 10:02:12 - [MESSAGE][PASSED] - Call Test Case 'Test Cases/Olusturma/Genel/KaydetButonunaTiklanir' successfully

2021-11-23 10:02:12 - [MESSAGE][INFO] - Checking called Test Case

2021-11-23 10:02:12 - [MESSAGE][INFO] - Starting to call Test Case 'Test Cases/Tablo/TablodaUnvanliVeriOlusturulduMu'

2021-11-23 10:02:13 - [TEST_CASE][PASSED] - Test Cases/Tablo/TablodaUnvanliVeriOlusturulduMu: Test Cases/Tablo/TablodaUnvanliVeriOlusturulduMu

2021-11-23 10:02:13 - [TEST_STEP][PASSED] - waitForElementVisible(findTestObject("Tablo/OlusturulanVeri"), 10, STOP_ON_FAILURE): Object 'Object Repository/Tablo/OlusturulanVeri' is visible

2021-11-23 10:02:13 - [MESSAGE][INFO] - Finding Test Object 'Object Repository/Tablo/OlusturulanVeri'

2021-11-23 10:02:13 - [MESSAGE][INFO] - Checking object

2021-11-23 10:02:13 - [MESSAGE][INFO] - Checking timeout

2021-11-23 10:02:13 - [MESSAGE][INFO] - Finding web element from Test Object's properties

2021-11-23 10:02:13 - [MESSAGE][INFO] - Checking timeout

2021-11-23 10:02:13 - [MESSAGE][INFO] - Finding web element with id: 'Object Repository/Tablo/OlusturulanVeri' located by 'By.cssSelector: table.dxgvTable_LECustomTheme>tbody>tr:nth-child(3)>td.dxgv b,table.dxgvTable_LECustomTheme>tbody>tr:nth-child(3)>td.dxgv' in '10' second(s)

2021-11-23 10:02:13 - [MESSAGE][INFO] - Smart Wait Function is triggered

2021-11-23 10:02:13 - [MESSAGE][INFO] - Found 12 web elements with id: 'Object Repository/Tablo/OlusturulanVeri' located by 'By.cssSelector: table.dxgvTable_LECustomTheme>tbody>tr:nth-child(3)>td.dxgv b,table.dxgvTable_LECustomTheme>tbody>tr:nth-child(3)>td.dxgv' in '10' second(s)

2021-11-23 10:02:13 - [MESSAGE][PASSED] - Object 'Object Repository/Tablo/OlusturulanVeri' is visible

2021-11-23 10:02:13 - [TEST_STEP][PASSED] - Method.TextDegerineEsitElementVarMi(findTestObject("Tablo/OlusturulanVeri"), Unvan): Method.TextDegerineEsitElementVarMi is PASSED

2021-11-23 10:02:13 - [MESSAGE][INFO] - Finding Test Object 'Object Repository/Tablo/OlusturulanVeri'

2021-11-23 10:02:13 - [MESSAGE][INFO] - Checking timeout

2021-11-23 10:02:13 - [MESSAGE][INFO] - Finding web element with id: 'Object Repository/Tablo/OlusturulanVeri' located by 'By.cssSelector: table.dxgvTable_LECustomTheme>tbody>tr:nth-child(3)>td.dxgv b,table.dxgvTable_LECustomTheme>tbody>tr:nth-child(3)>td.dxgv' in '10' second(s)

2021-11-23 10:02:13 - [MESSAGE][INFO] - Smart Wait Function is triggered

2021-11-23 10:02:13 - [MESSAGE][INFO] - Found 12 web elements with id: 'Object Repository/Tablo/OlusturulanVeri' located by 'By.cssSelector: table.dxgvTable_LECustomTheme>tbody>tr:nth-child(3)>td.dxgv b,table.dxgvTable_LECustomTheme>tbody>tr:nth-child(3)>td.dxgv' in '10' second(s)

2021-11-23 10:02:13 - [MESSAGE][PASSED] - Method.TextDegerineEsitElementVarMi is PASSED

2021-11-23 10:02:13 - [MESSAGE][PASSED] - Call Test Case 'Test Cases/Tablo/TablodaUnvanliVeriOlusturulduMu' successfully

2021-11-23 10:02:13 - [MESSAGE][INFO] - Checking called Test Case

2021-11-23 10:02:13 - [MESSAGE][INFO] - Starting to call Test Case 'Test Cases/Tablo/TablodanVeriSec'

2021-11-23 10:02:13 - [TEST_CASE][PASSED] - Test Cases/Tablo/TablodanVeriSec: Test Cases/Tablo/TablodanVeriSec

2021-11-23 10:02:13 - [TEST_STEP][PASSED] - Method.TextDegerineEsitElementinAltindakineTikla(findTestObject("Tablo/Veriler"), findTestObject("Tablo/VerininCheckBoxi"), Veri_Adi): Method.TextDegerineEsitElementinAltindakineTikla is PASSED

2021-11-23 10:02:13 - [MESSAGE][INFO] - Finding Test Object 'Object Repository/Tablo/Veriler'

2021-11-23 10:02:14 - [MESSAGE][INFO] - Finding Test Object 'Object Repository/Tablo/VerininCheckBoxi'

2021-11-23 10:02:14 - [MESSAGE][INFO] - Checking timeout

2021-11-23 10:02:14 - [MESSAGE][INFO] - Finding web element with id: 'Object Repository/Tablo/Veriler' located by 'By.cssSelector: td.dxgv b ,td.dxgv' in '10' second(s)

2021-11-23 10:02:14 - [MESSAGE][INFO] - Smart Wait Function is triggered

2021-11-23 10:02:14 - [MESSAGE][INFO] - Found 120 web elements with id: 'Object Repository/Tablo/Veriler' located by 'By.cssSelector: td.dxgv b ,td.dxgv' in '10' second(s)

2021-11-23 10:02:14 - [MESSAGE][INFO] - Smart Wait Function is triggered

2021-11-23 10:02:14 - [MESSAGE][PASSED] - Method.TextDegerineEsitElementinAltindakineTikla is PASSED

2021-11-23 10:02:14 - [MESSAGE][PASSED] - Call Test Case 'Test Cases/Tablo/TablodanVeriSec' successfully

2021-11-23 10:02:14 - [MESSAGE][INFO] - Checking called Test Case

2021-11-23 10:02:14 - [MESSAGE][INFO] - Starting to call Test Case 'Test Cases/Butonlar/ButonaTikla'

2021-11-23 10:02:14 - [TEST_CASE][PASSED] - Test Cases/Butonlar/ButonaTikla: Test Cases/Butonlar/ButonaTikla

2021-11-23 10:02:14 - [TEST_STEP][PASSED] - Method.TextDegerineEsitElementeTiklaEquals(findTestObject("Butonlar/Butonlar"), Buton_Adi): Method.TextDegerineEsitElementeTiklaEquals is PASSED

2021-11-23 10:02:14 - [MESSAGE][INFO] - Finding Test Object 'Object Repository/Butonlar/Butonlar'

2021-11-23 10:02:15 - [MESSAGE][INFO] - Checking timeout

2021-11-23 10:02:15 - [MESSAGE][INFO] - Finding web element with id: 'Object Repository/Butonlar/Butonlar' located by 'By.cssSelector: .panel.panel-default.text-center.footerPanel .btn,.btn.btn-primary.btnControls' in '10' second(s)

2021-11-23 10:02:15 - [MESSAGE][INFO] - Smart Wait Function is triggered

2021-11-23 10:02:15 - [MESSAGE][INFO] - Found 9 web elements with id: 'Object Repository/Butonlar/Butonlar' located by 'By.cssSelector: .panel.panel-default.text-center.footerPanel .btn,.btn.btn-primary.btnControls' in '10' second(s)

2021-11-23 10:02:15 - [MESSAGE][PASSED] - Method.TextDegerineEsitElementeTiklaEquals is PASSED

2021-11-23 10:02:15 - [MESSAGE][PASSED] - Call Test Case 'Test Cases/Butonlar/ButonaTikla' successfully

2021-11-23 10:02:15 - [MESSAGE][INFO] - Checking called Test Case

2021-11-23 10:02:15 - [MESSAGE][INFO] - Starting to call Test Case 'Test Cases/Popup/PopupMesajiIceriyorMu'

2021-11-23 10:02:15 - [TEST_CASE][PASSED] - Test Cases/Popup/PopupMesajiIceriyorMu: Test Cases/Popup/PopupMesajiIceriyorMu

2021-11-23 10:02:16 - [TEST_STEP][PASSED] - waitForElementVisible(findTestObject("Popup/Popup"), 10): Object 'Object Repository/Popup/Popup' is visible

2021-11-23 10:02:16 - [MESSAGE][INFO] - Finding Test Object 'Object Repository/Popup/Popup'

2021-11-23 10:02:16 - [MESSAGE][INFO] - Checking object

2021-11-23 10:02:16 - [MESSAGE][INFO] - Checking timeout

2021-11-23 10:02:16 - [MESSAGE][INFO] - Finding web element from Test Object's properties

2021-11-23 10:02:16 - [MESSAGE][INFO] - Checking timeout

2021-11-23 10:02:16 - [MESSAGE][INFO] - Finding web element with id: 'Object Repository/Popup/Popup' located by 'By.cssSelector: .bootbox-body' in '10' second(s)

2021-11-23 10:02:16 - [MESSAGE][INFO] - Smart Wait Function is triggered

2021-11-23 10:02:16 - [MESSAGE][INFO] - Found 1 web elements with id: 'Object Repository/Popup/Popup' located by 'By.cssSelector: .bootbox-body' in '10' second(s)

2021-11-23 10:02:16 - [MESSAGE][PASSED] - Object 'Object Repository/Popup/Popup' is visible

2021-11-23 10:02:16 - [TEST_STEP][PASSED] - if (!(getText(findTestObject("Popup/Popup")).contains(Mesaj))): Text of object 'Object Repository/Popup/Popup' is: 'Oluşturulacak irsaliye numarası : FER2021000000425 İrsaliye numarası oluşturulduktan sonra irsaliye silinemez. İrsaliye numarası, tarihi ve ön eki değiştirilemez. Devam etmek istiyor musunuz?'

2021-11-23 10:02:16 - [MESSAGE][INFO] - Finding Test Object 'Object Repository/Popup/Popup'

2021-11-23 10:02:16 - [MESSAGE][INFO] - Checking object

2021-11-23 10:02:16 - [MESSAGE][INFO] - Finding web element from Test Object's properties

2021-11-23 10:02:16 - [MESSAGE][INFO] - Checking timeout

2021-11-23 10:02:16 - [MESSAGE][INFO] - Finding web element with id: 'Object Repository/Popup/Popup' located by 'By.cssSelector: .bootbox-body' in '30' second(s)

2021-11-23 10:02:16 - [MESSAGE][INFO] - Smart Wait Function is triggered

2021-11-23 10:02:17 - [MESSAGE][INFO] - Found 1 web elements with id: 'Object Repository/Popup/Popup' located by 'By.cssSelector: .bootbox-body' in '30' second(s)

2021-11-23 10:02:17 - [MESSAGE][INFO] - Getting text of object 'Object Repository/Popup/Popup'

2021-11-23 10:02:17 - [MESSAGE][PASSED] - Text of object 'Object Repository/Popup/Popup' is: 'Oluşturulacak irsaliye numarası : FER2021000000425 İrsaliye numarası oluşturulduktan sonra irsaliye silinemez. İrsaliye numarası, tarihi ve ön eki değiştirilemez. Devam etmek istiyor musunuz?'

2021-11-23 10:02:17 - [TEST_STEP][PASSED] - RaporNo = getText(findTestObject("Popup/Popup")).substring(0, 6): Text of object 'Object Repository/Popup/Popup' is: 'Oluşturulacak irsaliye numarası : FER2021000000425 İrsaliye numarası oluşturulduktan sonra irsaliye silinemez. İrsaliye numarası, tarihi ve ön eki değiştirilemez. Devam etmek istiyor musunuz?'

2021-11-23 10:02:17 - [MESSAGE][INFO] - Finding Test Object 'Object Repository/Popup/Popup'

2021-11-23 10:02:17 - [MESSAGE][INFO] - Checking object

2021-11-23 10:02:17 - [MESSAGE][INFO] - Finding web element from Test Object's properties

2021-11-23 10:02:17 - [MESSAGE][INFO] - Checking timeout

2021-11-23 10:02:17 - [MESSAGE][INFO] - Finding web element with id: 'Object Repository/Popup/Popup' located by 'By.cssSelector: .bootbox-body' in '30' second(s)

2021-11-23 10:02:17 - [MESSAGE][INFO] - Smart Wait Function is triggered

2021-11-23 10:02:17 - [MESSAGE][INFO] - Found 1 web elements with id: 'Object Repository/Popup/Popup' located by 'By.cssSelector: .bootbox-body' in '30' second(s)

2021-11-23 10:02:17 - [MESSAGE][INFO] - Getting text of object 'Object Repository/Popup/Popup'

2021-11-23 10:02:17 - [MESSAGE][PASSED] - Text of object 'Object Repository/Popup/Popup' is: 'Oluşturulacak irsaliye numarası : FER2021000000425 İrsaliye numarası oluşturulduktan sonra irsaliye silinemez. İrsaliye numarası, tarihi ve ön eki değiştirilemez. Devam etmek istiyor musunuz?'

2021-11-23 10:02:17 - [TEST_STEP][PASSED] - Console.println(RaporNo): null

2021-11-23 10:02:17 - [MESSAGE][PASSED] - Call Test Case 'Test Cases/Popup/PopupMesajiIceriyorMu' successfully

2021-11-23 10:02:17 - [MESSAGE][INFO] - Checking called Test Case

2021-11-23 10:02:17 - [MESSAGE][INFO] - Starting to call Test Case 'Test Cases/Popup/PopupButonSecilir'

2021-11-23 10:02:17 - [TEST_CASE][PASSED] - Test Cases/Popup/PopupButonSecilir: Test Cases/Popup/PopupButonSecilir

2021-11-23 10:02:18 - [TEST_STEP][PASSED] - Method.TextDegerineEsitElementeTikla(findTestObject("Popup/Popup_Butons"), Buton): Method.TextDegerineEsitElementeTikla is PASSED

2021-11-23 10:02:18 - [MESSAGE][INFO] - Finding Test Object 'Object Repository/Popup/Popup_Butons'

2021-11-23 10:02:18 - [MESSAGE][INFO] - Checking timeout

2021-11-23 10:02:18 - [MESSAGE][INFO] - Finding web element with id: 'Object Repository/Popup/Popup_Butons' located by 'By.cssSelector: .modal-footer>button' in '10' second(s)

2021-11-23 10:02:18 - [MESSAGE][INFO] - Smart Wait Function is triggered

2021-11-23 10:02:18 - [MESSAGE][INFO] - Found 2 web elements with id: 'Object Repository/Popup/Popup_Butons' located by 'By.cssSelector: .modal-footer>button' in '10' second(s)

2021-11-23 10:02:18 - [MESSAGE][PASSED] - Method.TextDegerineEsitElementeTikla is PASSED

2021-11-23 10:02:18 - [MESSAGE][PASSED] - Call Test Case 'Test Cases/Popup/PopupButonSecilir' successfully

2021-11-23 10:02:18 - [MESSAGE][INFO] - Checking called Test Case

2021-11-23 10:02:18 - [MESSAGE][INFO] - Starting to call Test Case 'Test Cases/Popup/PopupMesajiIceriyorMu'

2021-11-23 10:02:19 - [TEST_CASE][PASSED] - Test Cases/Popup/PopupMesajiIceriyorMu: Test Cases/Popup/PopupMesajiIceriyorMu

2021-11-23 10:02:19 - [TEST_STEP][PASSED] - waitForElementVisible(findTestObject("Popup/Popup"), 10): Object 'Object Repository/Popup/Popup' is visible

2021-11-23 10:02:19 - [MESSAGE][INFO] - Finding Test Object 'Object Repository/Popup/Popup'

2021-11-23 10:02:19 - [MESSAGE][INFO] - Checking object

2021-11-23 10:02:19 - [MESSAGE][INFO] - Checking timeout

2021-11-23 10:02:19 - [MESSAGE][INFO] - Finding web element from Test Object's properties

2021-11-23 10:02:19 - [MESSAGE][INFO] - Checking timeout

2021-11-23 10:02:19 - [MESSAGE][INFO] - Finding web element with id: 'Object Repository/Popup/Popup' located by 'By.cssSelector: .bootbox-body' in '10' second(s)

2021-11-23 10:02:19 - [MESSAGE][INFO] - Smart Wait Function is triggered

2021-11-23 10:02:19 - [MESSAGE][INFO] - Found 1 web elements with id: 'Object Repository/Popup/Popup' located by 'By.cssSelector: .bootbox-body' in '10' second(s)

2021-11-23 10:02:19 - [MESSAGE][PASSED] - Object 'Object Repository/Popup/Popup' is visible

2021-11-23 10:02:19 - [TEST_STEP][PASSED] - if (!(getText(findTestObject("Popup/Popup")).contains(Mesaj))): Text of object 'Object Repository/Popup/Popup' is: 'Fatura numaranız FER2021000000425 olarak oluşmuştur.'

2021-11-23 10:02:19 - [MESSAGE][INFO] - Finding Test Object 'Object Repository/Popup/Popup'

2021-11-23 10:02:19 - [MESSAGE][INFO] - Checking object

2021-11-23 10:02:19 - [MESSAGE][INFO] - Finding web element from Test Object's properties

2021-11-23 10:02:19 - [MESSAGE][INFO] - Checking timeout

2021-11-23 10:02:19 - [MESSAGE][INFO] - Finding web element with id: 'Object Repository/Popup/Popup' located by 'By.cssSelector: .bootbox-body' in '30' second(s)

2021-11-23 10:02:19 - [MESSAGE][INFO] - Smart Wait Function is triggered

2021-11-23 10:02:20 - [MESSAGE][INFO] - Found 1 web elements with id: 'Object Repository/Popup/Popup' located by 'By.cssSelector: .bootbox-body' in '30' second(s)

2021-11-23 10:02:20 - [MESSAGE][INFO] - Getting text of object 'Object Repository/Popup/Popup'

2021-11-23 10:02:20 - [MESSAGE][PASSED] - Text of object 'Object Repository/Popup/Popup' is: 'Fatura numaranız FER2021000000425 olarak oluşmuştur.'

2021-11-23 10:02:20 - [TEST_STEP][PASSED] - RaporNo = getText(findTestObject("Popup/Popup")).substring(0, 6): Text of object 'Object Repository/Popup/Popup' is: 'Fatura numaranız FER2021000000425 olarak oluşmuştur.'

2021-11-23 10:02:20 - [MESSAGE][INFO] - Finding Test Object 'Object Repository/Popup/Popup'

2021-11-23 10:02:20 - [MESSAGE][INFO] - Checking object

2021-11-23 10:02:20 - [MESSAGE][INFO] - Finding web element from Test Object's properties

2021-11-23 10:02:20 - [MESSAGE][INFO] - Checking timeout

2021-11-23 10:02:20 - [MESSAGE][INFO] - Finding web element with id: 'Object Repository/Popup/Popup' located by 'By.cssSelector: .bootbox-body' in '30' second(s)

2021-11-23 10:02:20 - [MESSAGE][INFO] - Smart Wait Function is triggered

2021-11-23 10:02:20 - [MESSAGE][INFO] - Found 1 web elements with id: 'Object Repository/Popup/Popup' located by 'By.cssSelector: .bootbox-body' in '30' second(s)

2021-11-23 10:02:20 - [MESSAGE][INFO] - Getting text of object 'Object Repository/Popup/Popup'

2021-11-23 10:02:20 - [MESSAGE][PASSED] - Text of object 'Object Repository/Popup/Popup' is: 'Fatura numaranız FER2021000000425 olarak oluşmuştur.'

2021-11-23 10:02:20 - [TEST_STEP][PASSED] - Console.println(RaporNo): null

2021-11-23 10:02:20 - [MESSAGE][PASSED] - Call Test Case 'Test Cases/Popup/PopupMesajiIceriyorMu' successfully

2021-11-23 10:02:20 - [MESSAGE][INFO] - Checking called Test Case

2021-11-23 10:02:20 - [MESSAGE][INFO] - Starting to call Test Case 'Test Cases/Popup/PopupButonSecilir'

2021-11-23 10:02:20 - [TEST_CASE][PASSED] - Test Cases/Popup/PopupButonSecilir: Test Cases/Popup/PopupButonSecilir

2021-11-23 10:02:20 - [TEST_STEP][PASSED] - Method.TextDegerineEsitElementeTikla(findTestObject("Popup/Popup_Butons"), Buton): Method.TextDegerineEsitElementeTikla is PASSED

2021-11-23 10:02:20 - [MESSAGE][INFO] - Finding Test Object 'Object Repository/Popup/Popup_Butons'

2021-11-23 10:02:20 - [MESSAGE][INFO] - Checking timeout

2021-11-23 10:02:20 - [MESSAGE][INFO] - Finding web element with id: 'Object Repository/Popup/Popup_Butons' located by 'By.cssSelector: .modal-footer>button' in '10' second(s)

2021-11-23 10:02:20 - [MESSAGE][INFO] - Smart Wait Function is triggered

2021-11-23 10:02:20 - [MESSAGE][INFO] - Found 1 web elements with id: 'Object Repository/Popup/Popup_Butons' located by 'By.cssSelector: .modal-footer>button' in '10' second(s)

2021-11-23 10:02:20 - [MESSAGE][PASSED] - Method.TextDegerineEsitElementeTikla is PASSED

2021-11-23 10:02:20 - [MESSAGE][PASSED] - Call Test Case 'Test Cases/Popup/PopupButonSecilir' successfully

2021-11-23 10:02:21 - [MESSAGE][INFO] - Checking called Test Case

2021-11-23 10:02:21 - [MESSAGE][INFO] - Starting to call Test Case 'Test Cases/Tablo/TablodanVeriSec'

2021-11-23 10:02:21 - [TEST_CASE][PASSED] - Test Cases/Tablo/TablodanVeriSec: Test Cases/Tablo/TablodanVeriSec

2021-11-23 10:02:21 - [TEST_STEP][PASSED] - Method.TextDegerineEsitElementinAltindakineTikla(findTestObject("Tablo/Veriler"), findTestObject("Tablo/VerininCheckBoxi"), Veri_Adi): Method.TextDegerineEsitElementinAltindakineTikla is PASSED

2021-11-23 10:02:21 - [MESSAGE][INFO] - Finding Test Object 'Object Repository/Tablo/Veriler'

2021-11-23 10:02:21 - [MESSAGE][INFO] - Finding Test Object 'Object Repository/Tablo/VerininCheckBoxi'

2021-11-23 10:02:21 - [MESSAGE][INFO] - Checking timeout

2021-11-23 10:02:21 - [MESSAGE][INFO] - Finding web element with id: 'Object Repository/Tablo/Veriler' located by 'By.cssSelector: td.dxgv b ,td.dxgv' in '10' second(s)

2021-11-23 10:02:21 - [MESSAGE][INFO] - Smart Wait Function is triggered

2021-11-23 10:02:21 - [MESSAGE][INFO] - Found 120 web elements with id: 'Object Repository/Tablo/Veriler' located by 'By.cssSelector: td.dxgv b ,td.dxgv' in '10' second(s)

2021-11-23 10:02:21 - [MESSAGE][INFO] - Smart Wait Function is triggered

2021-11-23 10:02:22 - [MESSAGE][PASSED] - Method.TextDegerineEsitElementinAltindakineTikla is PASSED

2021-11-23 10:02:22 - [MESSAGE][PASSED] - Call Test Case 'Test Cases/Tablo/TablodanVeriSec' successfully

2021-11-23 10:02:22 - [MESSAGE][INFO] - Checking called Test Case

2021-11-23 10:02:22 - [MESSAGE][INFO] - Starting to call Test Case 'Test Cases/Butonlar/ButonaTikla'

2021-11-23 10:02:22 - [TEST_CASE][PASSED] - Test Cases/Butonlar/ButonaTikla: Test Cases/Butonlar/ButonaTikla

2021-11-23 10:02:22 - [TEST_STEP][PASSED] - Method.TextDegerineEsitElementeTiklaEquals(findTestObject("Butonlar/Butonlar"), Buton_Adi): Method.TextDegerineEsitElementeTiklaEquals is PASSED

2021-11-23 10:02:22 - [MESSAGE][INFO] - Finding Test Object 'Object Repository/Butonlar/Butonlar'

2021-11-23 10:02:22 - [MESSAGE][INFO] - Checking timeout

2021-11-23 10:02:22 - [MESSAGE][INFO] - Finding web element with id: 'Object Repository/Butonlar/Butonlar' located by 'By.cssSelector: .panel.panel-default.text-center.footerPanel .btn,.btn.btn-primary.btnControls' in '10' second(s)

2021-11-23 10:02:22 - [MESSAGE][INFO] - Smart Wait Function is triggered

2021-11-23 10:02:22 - [MESSAGE][INFO] - Found 9 web elements with id: 'Object Repository/Butonlar/Butonlar' located by 'By.cssSelector: .panel.panel-default.text-center.footerPanel .btn,.btn.btn-primary.btnControls' in '10' second(s)

2021-11-23 10:02:22 - [MESSAGE][PASSED] - Method.TextDegerineEsitElementeTiklaEquals is PASSED

2021-11-23 10:02:22 - [MESSAGE][PASSED] - Call Test Case 'Test Cases/Butonlar/ButonaTikla' successfully

2021-11-23 10:02:22 - [MESSAGE][INFO] - Checking called Test Case

2021-11-23 10:02:22 - [MESSAGE][INFO] - Starting to call Test Case 'Test Cases/Sekmeler/YeniSekmeyeGec'

2021-11-23 10:02:23 - [TEST_CASE][PASSED] - Test Cases/Sekmeler/YeniSekmeyeGec: Test Cases/Sekmeler/YeniSekmeyeGec

2021-11-23 10:02:23 - [TEST_STEP][PASSED] - switchToWindowIndex(1): Switched to window with index: '1'

2021-11-23 10:02:23 - [MESSAGE][INFO] - Checking index

2021-11-23 10:02:23 - [MESSAGE][INFO] - Switching window with index: '1'

2021-11-23 10:02:23 - [MESSAGE][PASSED] - Switched to window with index: '1'

2021-11-23 10:02:23 - [MESSAGE][PASSED] - Call Test Case 'Test Cases/Sekmeler/YeniSekmeyeGec' successfully

2021-11-23 10:02:23 - [MESSAGE][INFO] - Checking called Test Case

2021-11-23 10:02:23 - [MESSAGE][INFO] - Starting to call Test Case 'Test Cases/Sekmeler/YeniSekmeBasligindaVarMi'

2021-11-23 10:02:23 - [TEST_CASE][PASSED] - Test Cases/Sekmeler/YeniSekmeBasligindaVarMi: Test Cases/Sekmeler/YeniSekmeBasligindaVarMi

2021-11-23 10:02:23 - [TEST_STEP][PASSED] - verifyElementText(findTestObject("Object Repository/Sekmeler/Olusturma_Goster_Baslik"), Title): Actual text and expected text of test object 'Object Repository/Sekmeler/Olusturma_Goster_Baslik' are matched.

2021-11-23 10:02:23 - [MESSAGE][INFO] - Finding Test Object 'Object Repository/Sekmeler/Olusturma_Goster_Baslik'

2021-11-23 10:02:23 - [MESSAGE][INFO] - Checking object

2021-11-23 10:02:23 - [MESSAGE][INFO] - Finding web element from Test Object's properties

2021-11-23 10:02:23 - [MESSAGE][INFO] - Checking timeout

2021-11-23 10:02:23 - [MESSAGE][INFO] - Finding web element with id: 'Object Repository/Sekmeler/Olusturma_Goster_Baslik' located by 'By.cssSelector: h1>span,td>font,font' in '30' second(s)

2021-11-23 10:02:23 - [MESSAGE][INFO] - Smart Wait Function is triggered

2021-11-23 10:02:24 - [MESSAGE][INFO] - Found 1 web elements with id: 'Object Repository/Sekmeler/Olusturma_Goster_Baslik' located by 'By.cssSelector: h1>span,td>font,font' in '30' second(s)

2021-11-23 10:02:24 - [MESSAGE][PASSED] - Actual text and expected text of test object 'Object Repository/Sekmeler/Olusturma_Goster_Baslik' are matched.

2021-11-23 10:02:24 - [MESSAGE][PASSED] - Call Test Case 'Test Cases/Sekmeler/YeniSekmeBasligindaVarMi' successfully

2021-11-23 10:02:24 - [MESSAGE][INFO] - Checking called Test Case

2021-11-23 10:02:24 - [MESSAGE][INFO] - Starting to call Test Case 'Test Cases/Sekmeler/Ana_Sekmeye_Gec'

2021-11-23 10:02:24 - [TEST_CASE][PASSED] - Test Cases/Sekmeler/Ana_Sekmeye_Gec: Test Cases/Sekmeler/Ana_Sekmeye_Gec

2021-11-23 10:02:24 - [TEST_STEP][PASSED] - try: Window with index 1 is closed

2021-11-23 10:02:24 - [TEST_STEP][PASSED] - index = getWindowIndex(): Current window's index is: 1

2021-11-23 10:02:24 - [MESSAGE][INFO] - Getting current window's index

2021-11-23 10:02:24 - [MESSAGE][PASSED] - Current window's index is: 1

2021-11-23 10:02:24 - [TEST_STEP][PASSED] - closeWindowIndex(index): Window with index 1 is closed

2021-11-23 10:02:24 - [MESSAGE][INFO] - Checking index

2021-11-23 10:02:24 - [MESSAGE][INFO] - Closing window with index 1

2021-11-23 10:02:24 - [MESSAGE][PASSED] - Window with index 1 is closed

2021-11-23 10:02:24 - [TEST_STEP][PASSED] - switchToWindowIndex(0): Switched to window with index: '0'

2021-11-23 10:02:24 - [MESSAGE][INFO] - Checking index

2021-11-23 10:02:24 - [MESSAGE][INFO] - Switching window with index: '0'

2021-11-23 10:02:25 - [MESSAGE][PASSED] - Switched to window with index: '0'

2021-11-23 10:02:25 - [MESSAGE][PASSED] - Call Test Case 'Test Cases/Sekmeler/Ana_Sekmeye_Gec' successfully

2021-11-23 10:02:25 - [MESSAGE][INFO] - Checking called Test Case

2021-11-23 10:02:25 - [MESSAGE][INFO] - Starting to call Test Case 'Test Cases/Butonlar/ButonaTikla'

2021-11-23 10:02:25 - [TEST_CASE][PASSED] - Test Cases/Butonlar/ButonaTikla: Test Cases/Butonlar/ButonaTikla

2021-11-23 10:02:25 - [TEST_STEP][PASSED] - Method.TextDegerineEsitElementeTiklaEquals(findTestObject("Butonlar/Butonlar"), Buton_Adi): Method.TextDegerineEsitElementeTiklaEquals is PASSED

2021-11-23 10:02:25 - [MESSAGE][INFO] - Finding Test Object 'Object Repository/Butonlar/Butonlar'

2021-11-23 10:02:25 - [MESSAGE][INFO] - Checking timeout

2021-11-23 10:02:25 - [MESSAGE][INFO] - Finding web element with id: 'Object Repository/Butonlar/Butonlar' located by 'By.cssSelector: .panel.panel-default.text-center.footerPanel .btn,.btn.btn-primary.btnControls' in '10' second(s)

2021-11-23 10:02:25 - [MESSAGE][INFO] - Smart Wait Function is triggered

2021-11-23 10:02:25 - [MESSAGE][INFO] - Found 9 web elements with id: 'Object Repository/Butonlar/Butonlar' located by 'By.cssSelector: .panel.panel-default.text-center.footerPanel .btn,.btn.btn-primary.btnControls' in '10' second(s)

2021-11-23 10:02:25 - [MESSAGE][PASSED] - Method.TextDegerineEsitElementeTiklaEquals is PASSED

2021-11-23 10:02:25 - [MESSAGE][PASSED] - Call Test Case 'Test Cases/Butonlar/ButonaTikla' successfully

2021-11-23 10:02:25 - [MESSAGE][INFO] - Checking called Test Case

2021-11-23 10:02:25 - [MESSAGE][INFO] - Starting to call Test Case 'Test Cases/Sekmeler/YeniSekmeyeGec'

2021-11-23 10:02:25 - [TEST_CASE][PASSED] - Test Cases/Sekmeler/YeniSekmeyeGec: Test Cases/Sekmeler/YeniSekmeyeGec

2021-11-23 10:02:25 - [TEST_STEP][PASSED] - switchToWindowIndex(1): Switched to window with index: '1'

2021-11-23 10:02:25 - [MESSAGE][INFO] - Checking index

2021-11-23 10:02:25 - [MESSAGE][INFO] - Switching window with index: '1'

2021-11-23 10:02:25 - [MESSAGE][PASSED] - Switched to window with index: '1'

2021-11-23 10:02:25 - [MESSAGE][PASSED] - Call Test Case 'Test Cases/Sekmeler/YeniSekmeyeGec' successfully

2021-11-23 10:02:25 - [MESSAGE][INFO] - Checking called Test Case

2021-11-23 10:02:25 - [MESSAGE][INFO] - Starting to call Test Case 'Test Cases/Sekmeler/TagGeldiMi'

2021-11-23 10:02:25 - [TEST_CASE][PASSED] - Test Cases/Sekmeler/TagGeldiMi: Test Cases/Sekmeler/TagGeldiMi

2021-11-23 10:02:26 - [TEST_STEP][PASSED] - waitForElementPresent(findTestObject("Object Repository/Sekmeler/UBLTag"), 10): Object 'Object Repository/Sekmeler/UBLTag' is present

2021-11-23 10:02:26 - [MESSAGE][INFO] - Finding Test Object 'Object Repository/Sekmeler/UBLTag'

2021-11-23 10:02:26 - [MESSAGE][INFO] - Checking object

2021-11-23 10:02:26 - [MESSAGE][INFO] - Finding web element from Test Object's properties

2021-11-23 10:02:26 - [MESSAGE][INFO] - Checking timeout

2021-11-23 10:02:26 - [MESSAGE][INFO] - Finding web element with id: 'Object Repository/Sekmeler/UBLTag' located by 'By.cssSelector: #webkit-xml-viewer-source-xml>:first-child' in '10' second(s)

2021-11-23 10:02:26 - [MESSAGE][INFO] - Smart Wait Function is triggered

2021-11-23 10:02:26 - [MESSAGE][INFO] - Found 1 web elements with id: 'Object Repository/Sekmeler/UBLTag' located by 'By.cssSelector: #webkit-xml-viewer-source-xml>:first-child' in '10' second(s)

2021-11-23 10:02:26 - [MESSAGE][PASSED] - Object 'Object Repository/Sekmeler/UBLTag' is present

2021-11-23 10:02:26 - [TEST_STEP][PASSED] - println(toLowerCase().toString()): Found 1 web elements with id: 'Object Repository/Sekmeler/UBLTag' located by 'By.cssSelector: #webkit-xml-viewer-source-xml>:first-child' in '10' second(s)

2021-11-23 10:02:26 - [MESSAGE][INFO] - Finding Test Object 'Object Repository/Sekmeler/UBLTag'

2021-11-23 10:02:26 - [MESSAGE][INFO] - Finding web element from Test Object's properties

2021-11-23 10:02:26 - [MESSAGE][INFO] - Checking timeout

2021-11-23 10:02:26 - [MESSAGE][INFO] - Finding web element with id: 'Object Repository/Sekmeler/UBLTag' located by 'By.cssSelector: #webkit-xml-viewer-source-xml>:first-child' in '10' second(s)

2021-11-23 10:02:26 - [MESSAGE][INFO] - Smart Wait Function is triggered

2021-11-23 10:02:26 - [MESSAGE][INFO] - Found 1 web elements with id: 'Object Repository/Sekmeler/UBLTag' located by 'By.cssSelector: #webkit-xml-viewer-source-xml>:first-child' in '10' second(s)

2021-11-23 10:02:26 - [TEST_STEP][PASSED] - if (!(toString().contains(toString().toLowerCase()))): Found 1 web elements with id: 'Object Repository/Sekmeler/UBLTag' located by 'By.cssSelector: #webkit-xml-viewer-source-xml>:first-child' in '10' second(s)

2021-11-23 10:02:26 - [MESSAGE][INFO] - Finding Test Object 'Object Repository/Sekmeler/UBLTag'

2021-11-23 10:02:26 - [MESSAGE][INFO] - Finding web element from Test Object's properties

2021-11-23 10:02:26 - [MESSAGE][INFO] - Checking timeout

2021-11-23 10:02:26 - [MESSAGE][INFO] - Finding web element with id: 'Object Repository/Sekmeler/UBLTag' located by 'By.cssSelector: #webkit-xml-viewer-source-xml>:first-child' in '10' second(s)

2021-11-23 10:02:26 - [MESSAGE][INFO] - Smart Wait Function is triggered

2021-11-23 10:02:26 - [MESSAGE][INFO] - Found 1 web elements with id: 'Object Repository/Sekmeler/UBLTag' located by 'By.cssSelector: #webkit-xml-viewer-source-xml>:first-child' in '10' second(s)

2021-11-23 10:02:26 - [MESSAGE][PASSED] - Call Test Case 'Test Cases/Sekmeler/TagGeldiMi' successfully

2021-11-23 10:02:26 - [MESSAGE][INFO] - Checking called Test Case

2021-11-23 10:02:26 - [MESSAGE][INFO] - Starting to call Test Case 'Test Cases/Sekmeler/Ana_Sekmeye_Gec'

2021-11-23 10:02:26 - [TEST_CASE][PASSED] - Test Cases/Sekmeler/Ana_Sekmeye_Gec: Test Cases/Sekmeler/Ana_Sekmeye_Gec

2021-11-23 10:02:26 - [TEST_STEP][PASSED] - try: Window with index 1 is closed

2021-11-23 10:02:26 - [TEST_STEP][PASSED] - index = getWindowIndex(): Current window's index is: 1

2021-11-23 10:02:26 - [MESSAGE][INFO] - Getting current window's index

2021-11-23 10:02:26 - [MESSAGE][PASSED] - Current window's index is: 1

2021-11-23 10:02:26 - [TEST_STEP][PASSED] - closeWindowIndex(index): Window with index 1 is closed

2021-11-23 10:02:26 - [MESSAGE][INFO] - Checking index

2021-11-23 10:02:26 - [MESSAGE][INFO] - Closing window with index 1

2021-11-23 10:02:26 - [MESSAGE][PASSED] - Window with index 1 is closed

2021-11-23 10:02:26 - [TEST_STEP][PASSED] - switchToWindowIndex(0): Switched to window with index: '0'

2021-11-23 10:02:26 - [MESSAGE][INFO] - Checking index

2021-11-23 10:02:26 - [MESSAGE][INFO] - Switching window with index: '0'

2021-11-23 10:02:26 - [MESSAGE][PASSED] - Switched to window with index: '0'

2021-11-23 10:02:26 - [MESSAGE][PASSED] - Call Test Case 'Test Cases/Sekmeler/Ana_Sekmeye_Gec' successfully

2021-11-23 10:02:26 - [MESSAGE][INFO] - Checking called Test Case

2021-11-23 10:02:26 - [MESSAGE][INFO] - Starting to call Test Case 'Test Cases/Butonlar/ButonaTikla'

2021-11-23 10:02:27 - [TEST_CASE][PASSED] - Test Cases/Butonlar/ButonaTikla: Test Cases/Butonlar/ButonaTikla

2021-11-23 10:02:27 - [TEST_STEP][PASSED] - Method.TextDegerineEsitElementeTiklaEquals(findTestObject("Butonlar/Butonlar"), Buton_Adi): Method.TextDegerineEsitElementeTiklaEquals is PASSED

2021-11-23 10:02:27 - [MESSAGE][INFO] - Finding Test Object 'Object Repository/Butonlar/Butonlar'

2021-11-23 10:02:27 - [MESSAGE][INFO] - Checking timeout

2021-11-23 10:02:27 - [MESSAGE][INFO] - Finding web element with id: 'Object Repository/Butonlar/Butonlar' located by 'By.cssSelector: .panel.panel-default.text-center.footerPanel .btn,.btn.btn-primary.btnControls' in '10' second(s)

2021-11-23 10:02:27 - [MESSAGE][INFO] - Smart Wait Function is triggered

2021-11-23 10:02:27 - [MESSAGE][INFO] - Found 9 web elements with id: 'Object Repository/Butonlar/Butonlar' located by 'By.cssSelector: .panel.panel-default.text-center.footerPanel .btn,.btn.btn-primary.btnControls' in '10' second(s)

2021-11-23 10:02:27 - [MESSAGE][PASSED] - Method.TextDegerineEsitElementeTiklaEquals is PASSED

2021-11-23 10:02:27 - [MESSAGE][PASSED] - Call Test Case 'Test Cases/Butonlar/ButonaTikla' successfully

2021-11-23 10:02:27 - [MESSAGE][INFO] - Checking called Test Case

2021-11-23 10:02:27 - [MESSAGE][INFO] - Starting to call Test Case 'Test Cases/Butonlar/AltButonaTikla'

2021-11-23 10:02:27 - [TEST_CASE][PASSED] - Test Cases/Butonlar/AltButonaTikla: Test Cases/Butonlar/AltButonaTikla

2021-11-23 10:02:27 - [TEST_STEP][PASSED] - Method.TextDegerineEsitElementeTikla(findTestObject("Butonlar/AltButonlar"), Alt_Buton): Method.TextDegerineEsitElementeTikla is PASSED

2021-11-23 10:02:27 - [MESSAGE][INFO] - Finding Test Object 'Object Repository/Butonlar/AltButonlar'

2021-11-23 10:02:28 - [MESSAGE][INFO] - Checking timeout

2021-11-23 10:02:28 - [MESSAGE][INFO] - Finding web element with id: 'Object Repository/Butonlar/AltButonlar' located by 'By.cssSelector: .btn-group.open li>a' in '10' second(s)

2021-11-23 10:02:28 - [MESSAGE][INFO] - Smart Wait Function is triggered

2021-11-23 10:02:28 - [MESSAGE][INFO] - Found 2 web elements with id: 'Object Repository/Butonlar/AltButonlar' located by 'By.cssSelector: .btn-group.open li>a' in '10' second(s)

2021-11-23 10:02:28 - [MESSAGE][PASSED] - Method.TextDegerineEsitElementeTikla is PASSED

2021-11-23 10:02:28 - [MESSAGE][PASSED] - Call Test Case 'Test Cases/Butonlar/AltButonaTikla' successfully

2021-11-23 10:02:28 - [MESSAGE][INFO] - Checking called Test Case

2021-11-23 10:02:28 - [MESSAGE][INFO] - Starting to call Test Case 'Test Cases/Butonlar/DosyaIndirildiMi'

2021-11-23 10:02:28 - [TEST_CASE][PASSED] - Test Cases/Butonlar/DosyaIndirildiMi: Test Cases/Butonlar/DosyaIndirildiMi

2021-11-23 10:02:29 - [TEST_STEP][PASSED] - Method.isimliDosyaIndirildiMi(DownloadFile, FileName): Method.isimliDosyaIndirildiMi is PASSED

2021-11-23 10:02:29 - [MESSAGE][INFO] - Delaying browser in 3 second(s)

2021-11-23 10:02:32 - [MESSAGE][PASSED] - Delayed 3 second(s)

2021-11-23 10:02:32 - [MESSAGE][PASSED] - Method.isimliDosyaIndirildiMi is PASSED

2021-11-23 10:02:32 - [MESSAGE][PASSED] - Call Test Case 'Test Cases/Butonlar/DosyaIndirildiMi' successfully

2021-11-23 10:02:32 - [MESSAGE][INFO] - Checking called Test Case

2021-11-23 10:02:32 - [MESSAGE][INFO] - Starting to call Test Case 'Test Cases/Butonlar/ButonaTikla'

2021-11-23 10:02:32 - [TEST_CASE][PASSED] - Test Cases/Butonlar/ButonaTikla: Test Cases/Butonlar/ButonaTikla

2021-11-23 10:02:32 - [TEST_STEP][PASSED] - Method.TextDegerineEsitElementeTiklaEquals(findTestObject("Butonlar/Butonlar"), Buton_Adi): Method.TextDegerineEsitElementeTiklaEquals is PASSED

2021-11-23 10:02:32 - [MESSAGE][INFO] - Finding Test Object 'Object Repository/Butonlar/Butonlar'

2021-11-23 10:02:32 - [MESSAGE][INFO] - Checking timeout

2021-11-23 10:02:32 - [MESSAGE][INFO] - Finding web element with id: 'Object Repository/Butonlar/Butonlar' located by 'By.cssSelector: .panel.panel-default.text-center.footerPanel .btn,.btn.btn-primary.btnControls' in '10' second(s)

2021-11-23 10:02:32 - [MESSAGE][INFO] - Smart Wait Function is triggered

2021-11-23 10:02:33 - [MESSAGE][INFO] - Found 9 web elements with id: 'Object Repository/Butonlar/Butonlar' located by 'By.cssSelector: .panel.panel-default.text-center.footerPanel .btn,.btn.btn-primary.btnControls' in '10' second(s)

2021-11-23 10:02:33 - [MESSAGE][PASSED] - Method.TextDegerineEsitElementeTiklaEquals is PASSED

2021-11-23 10:02:33 - [MESSAGE][PASSED] - Call Test Case 'Test Cases/Butonlar/ButonaTikla' successfully

2021-11-23 10:02:33 - [MESSAGE][INFO] - Checking called Test Case

2021-11-23 10:02:33 - [MESSAGE][INFO] - Starting to call Test Case 'Test Cases/Butonlar/AltButonaTikla'

2021-11-23 10:02:33 - [TEST_CASE][PASSED] - Test Cases/Butonlar/AltButonaTikla: Test Cases/Butonlar/AltButonaTikla

2021-11-23 10:02:33 - [TEST_STEP][PASSED] - Method.TextDegerineEsitElementeTikla(findTestObject("Butonlar/AltButonlar"), Alt_Buton): Method.TextDegerineEsitElementeTikla is PASSED

2021-11-23 10:02:33 - [MESSAGE][INFO] - Finding Test Object 'Object Repository/Butonlar/AltButonlar'

2021-11-23 10:02:33 - [MESSAGE][INFO] - Checking timeout

2021-11-23 10:02:33 - [MESSAGE][INFO] - Finding web element with id: 'Object Repository/Butonlar/AltButonlar' located by 'By.cssSelector: .btn-group.open li>a' in '10' second(s)

2021-11-23 10:02:33 - [MESSAGE][INFO] - Smart Wait Function is triggered

2021-11-23 10:02:33 - [MESSAGE][INFO] - Found 2 web elements with id: 'Object Repository/Butonlar/AltButonlar' located by 'By.cssSelector: .btn-group.open li>a' in '10' second(s)

2021-11-23 10:02:34 - [MESSAGE][PASSED] - Method.TextDegerineEsitElementeTikla is PASSED

2021-11-23 10:02:34 - [MESSAGE][PASSED] - Call Test Case 'Test Cases/Butonlar/AltButonaTikla' successfully

2021-11-23 10:02:34 - [MESSAGE][INFO] - Checking called Test Case

2021-11-23 10:02:34 - [MESSAGE][INFO] - Starting to call Test Case 'Test Cases/Butonlar/DosyaIndirildiMi'

2021-11-23 10:02:34 - [TEST_CASE][PASSED] - Test Cases/Butonlar/DosyaIndirildiMi: Test Cases/Butonlar/DosyaIndirildiMi

2021-11-23 10:02:34 - [TEST_STEP][PASSED] - Method.isimliDosyaIndirildiMi(DownloadFile, FileName): Method.isimliDosyaIndirildiMi is PASSED

2021-11-23 10:02:34 - [MESSAGE][INFO] - Delaying browser in 3 second(s)

2021-11-23 10:02:37 - [MESSAGE][PASSED] - Delayed 3 second(s)

2021-11-23 10:02:37 - [MESSAGE][PASSED] - Method.isimliDosyaIndirildiMi is PASSED

2021-11-23 10:02:37 - [MESSAGE][PASSED] - Call Test Case 'Test Cases/Butonlar/DosyaIndirildiMi' successfully

2021-11-23 10:02:37 - [MESSAGE][INFO] - Checking called Test Case

2021-11-23 10:02:37 - [MESSAGE][INFO] - Starting to call Test Case 'Test Cases/Butonlar/ButonaTikla'

2021-11-23 10:02:37 - [TEST_CASE][PASSED] - Test Cases/Butonlar/ButonaTikla: Test Cases/Butonlar/ButonaTikla

2021-11-23 10:02:37 - [TEST_STEP][PASSED] - Method.TextDegerineEsitElementeTiklaEquals(findTestObject("Butonlar/Butonlar"), Buton_Adi): Method.TextDegerineEsitElementeTiklaEquals is PASSED

2021-11-23 10:02:37 - [MESSAGE][INFO] - Finding Test Object 'Object Repository/Butonlar/Butonlar'

2021-11-23 10:02:37 - [MESSAGE][INFO] - Checking timeout

2021-11-23 10:02:37 - [MESSAGE][INFO] - Finding web element with id: 'Object Repository/Butonlar/Butonlar' located by 'By.cssSelector: .panel.panel-default.text-center.footerPanel .btn,.btn.btn-primary.btnControls' in '10' second(s)

2021-11-23 10:02:37 - [MESSAGE][INFO] - Smart Wait Function is triggered

2021-11-23 10:02:37 - [MESSAGE][INFO] - Found 9 web elements with id: 'Object Repository/Butonlar/Butonlar' located by 'By.cssSelector: .panel.panel-default.text-center.footerPanel .btn,.btn.btn-primary.btnControls' in '10' second(s)

2021-11-23 10:02:37 - [MESSAGE][PASSED] - Method.TextDegerineEsitElementeTiklaEquals is PASSED

2021-11-23 10:02:37 - [MESSAGE][PASSED] - Call Test Case 'Test Cases/Butonlar/ButonaTikla' successfully

2021-11-23 10:02:37 - [MESSAGE][INFO] - Checking called Test Case

2021-11-23 10:02:37 - [MESSAGE][INFO] - Starting to call Test Case 'Test Cases/Popup/PopupMesajiIceriyorMu'

2021-11-23 10:02:37 - [TEST_CASE][PASSED] - Test Cases/Popup/PopupMesajiIceriyorMu: Test Cases/Popup/PopupMesajiIceriyorMu

2021-11-23 10:02:37 - [TEST_STEP][PASSED] - waitForElementVisible(findTestObject("Popup/Popup"), 10): Object 'Object Repository/Popup/Popup' is visible

2021-11-23 10:02:37 - [MESSAGE][INFO] - Finding Test Object 'Object Repository/Popup/Popup'

2021-11-23 10:02:38 - [MESSAGE][INFO] - Checking object

2021-11-23 10:02:38 - [MESSAGE][INFO] - Checking timeout

2021-11-23 10:02:38 - [MESSAGE][INFO] - Finding web element from Test Object's properties

2021-11-23 10:02:38 - [MESSAGE][INFO] - Checking timeout

2021-11-23 10:02:38 - [MESSAGE][INFO] - Finding web element with id: 'Object Repository/Popup/Popup' located by 'By.cssSelector: .bootbox-body' in '10' second(s)

2021-11-23 10:02:38 - [MESSAGE][INFO] - Smart Wait Function is triggered

2021-11-23 10:02:38 - [MESSAGE][INFO] - Found 1 web elements with id: 'Object Repository/Popup/Popup' located by 'By.cssSelector: .bootbox-body' in '10' second(s)

2021-11-23 10:02:38 - [MESSAGE][PASSED] - Object 'Object Repository/Popup/Popup' is visible

2021-11-23 10:02:38 - [TEST_STEP][PASSED] - if (!(getText(findTestObject("Popup/Popup")).contains(Mesaj))): Text of object 'Object Repository/Popup/Popup' is: 'FER serisi için onaylanmamış belge(leri)niz bulunmaktadır.
Devam etmek istiyor musunuz?'

2021-11-23 10:02:38 - [MESSAGE][INFO] - Finding Test Object 'Object Repository/Popup/Popup'

2021-11-23 10:02:38 - [MESSAGE][INFO] - Checking object

2021-11-23 10:02:38 - [MESSAGE][INFO] - Finding web element from Test Object's properties

2021-11-23 10:02:38 - [MESSAGE][INFO] - Checking timeout

2021-11-23 10:02:38 - [MESSAGE][INFO] - Finding web element with id: 'Object Repository/Popup/Popup' located by 'By.cssSelector: .bootbox-body' in '30' second(s)

2021-11-23 10:02:38 - [MESSAGE][INFO] - Smart Wait Function is triggered

2021-11-23 10:02:38 - [MESSAGE][INFO] - Found 1 web elements with id: 'Object Repository/Popup/Popup' located by 'By.cssSelector: .bootbox-body' in '30' second(s)

2021-11-23 10:02:38 - [MESSAGE][INFO] - Getting text of object 'Object Repository/Popup/Popup'

2021-11-23 10:02:38 - [MESSAGE][PASSED] - Text of object 'Object Repository/Popup/Popup' is: 'FER serisi için onaylanmamış belge(leri)niz bulunmaktadır.
Devam etmek istiyor musunuz?'

2021-11-23 10:02:38 - [TEST_STEP][PASSED] - RaporNo = getText(findTestObject("Popup/Popup")).substring(0, 6): Text of object 'Object Repository/Popup/Popup' is: 'FER serisi için onaylanmamış belge(leri)niz bulunmaktadır.
Devam etmek istiyor musunuz?'

2021-11-23 10:02:38 - [MESSAGE][INFO] - Finding Test Object 'Object Repository/Popup/Popup'

2021-11-23 10:02:38 - [MESSAGE][INFO] - Checking object

2021-11-23 10:02:38 - [MESSAGE][INFO] - Finding web element from Test Object's properties

2021-11-23 10:02:38 - [MESSAGE][INFO] - Checking timeout

2021-11-23 10:02:38 - [MESSAGE][INFO] - Finding web element with id: 'Object Repository/Popup/Popup' located by 'By.cssSelector: .bootbox-body' in '30' second(s)

2021-11-23 10:02:38 - [MESSAGE][INFO] - Smart Wait Function is triggered

2021-11-23 10:02:39 - [MESSAGE][INFO] - Found 1 web elements with id: 'Object Repository/Popup/Popup' located by 'By.cssSelector: .bootbox-body' in '30' second(s)

2021-11-23 10:02:39 - [MESSAGE][INFO] - Getting text of object 'Object Repository/Popup/Popup'

2021-11-23 10:02:39 - [MESSAGE][PASSED] - Text of object 'Object Repository/Popup/Popup' is: 'FER serisi için onaylanmamış belge(leri)niz bulunmaktadır.
Devam etmek istiyor musunuz?'

2021-11-23 10:02:39 - [TEST_STEP][PASSED] - Console.println(RaporNo): null

2021-11-23 10:02:39 - [MESSAGE][PASSED] - Call Test Case 'Test Cases/Popup/PopupMesajiIceriyorMu' successfully

2021-11-23 10:02:39 - [MESSAGE][INFO] - Checking called Test Case

2021-11-23 10:02:39 - [MESSAGE][INFO] - Starting to call Test Case 'Test Cases/Popup/PopupButonSecilir'

2021-11-23 10:02:39 - [TEST_CASE][PASSED] - Test Cases/Popup/PopupButonSecilir: Test Cases/Popup/PopupButonSecilir

2021-11-23 10:02:39 - [TEST_STEP][PASSED] - Method.TextDegerineEsitElementeTikla(findTestObject("Popup/Popup_Butons"), Buton): Method.TextDegerineEsitElementeTikla is PASSED

2021-11-23 10:02:39 - [MESSAGE][INFO] - Finding Test Object 'Object Repository/Popup/Popup_Butons'

2021-11-23 10:02:39 - [MESSAGE][INFO] - Checking timeout

2021-11-23 10:02:39 - [MESSAGE][INFO] - Finding web element with id: 'Object Repository/Popup/Popup_Butons' located by 'By.cssSelector: .modal-footer>button' in '10' second(s)

2021-11-23 10:02:39 - [MESSAGE][INFO] - Smart Wait Function is triggered

2021-11-23 10:02:39 - [MESSAGE][INFO] - Found 2 web elements with id: 'Object Repository/Popup/Popup_Butons' located by 'By.cssSelector: .modal-footer>button' in '10' second(s)

2021-11-23 10:02:39 - [MESSAGE][PASSED] - Method.TextDegerineEsitElementeTikla is PASSED

2021-11-23 10:02:39 - [MESSAGE][PASSED] - Call Test Case 'Test Cases/Popup/PopupButonSecilir' successfully

2021-11-23 10:02:39 - [MESSAGE][INFO] - Checking called Test Case

2021-11-23 10:02:39 - [MESSAGE][INFO] - Starting to call Test Case 'Test Cases/Menu/AnaMenuSecimi'

2021-11-23 10:02:39 - [TEST_CASE][PASSED] - Test Cases/Menu/AnaMenuSecimi: Test Cases/Menu/AnaMenuSecimi

2021-11-23 10:02:39 - [TEST_STEP][PASSED] - Method.TextDegerineEsitElementeTikla(findTestObject("Menu/Ana_Menu"), Ana_Menu): Method.TextDegerineEsitElementeTikla is PASSED

2021-11-23 10:02:39 - [MESSAGE][INFO] - Finding Test Object 'Object Repository/Menu/Ana_Menu'

2021-11-23 10:02:39 - [MESSAGE][INFO] - Checking timeout

2021-11-23 10:02:39 - [MESSAGE][INFO] - Finding web element with id: 'Object Repository/Menu/Ana_Menu' located by 'By.xpath: //*[@class = 'dropdown-toggle']' in '10' second(s)

2021-11-23 10:02:39 - [MESSAGE][INFO] - Smart Wait Function is triggered

2021-11-23 10:02:40 - [MESSAGE][INFO] - Found 14 web elements with id: 'Object Repository/Menu/Ana_Menu' located by 'By.xpath: //*[@class = 'dropdown-toggle']' in '10' second(s)

2021-11-23 10:02:41 - [MESSAGE][PASSED] - Method.TextDegerineEsitElementeTikla is PASSED

2021-11-23 10:02:41 - [MESSAGE][PASSED] - Call Test Case 'Test Cases/Menu/AnaMenuSecimi' successfully

2021-11-23 10:02:41 - [MESSAGE][INFO] - Checking called Test Case

2021-11-23 10:02:41 - [MESSAGE][INFO] - Starting to call Test Case 'Test Cases/Menu/BasligaGoreAltMenuSecimi'

2021-11-23 10:02:41 - [TEST_CASE][PASSED] - Test Cases/Menu/BasligaGoreAltMenuSecimi: Test Cases/Menu/BasligaGoreAltMenuSecimi

2021-11-23 10:02:41 - [TEST_STEP][PASSED] - Method.TextDegerineEsitElementinAltindakiTextDegerineEsitOlanaTikla(findTestObject("Menu/Menu_Basligi"), findTestObject("Menu/Basliga_Gore_Alt_Menu"), Baslik, Alt_Menu): Method.TextDegerineEsitElementinAltindakiTextDegerineEsitOlanaTikla is PASSED

2021-11-23 10:02:41 - [MESSAGE][INFO] - Finding Test Object 'Object Repository/Menu/Menu_Basligi'

2021-11-23 10:02:41 - [MESSAGE][INFO] - Finding Test Object 'Object Repository/Menu/Basliga_Gore_Alt_Menu'

2021-11-23 10:02:41 - [MESSAGE][INFO] - Checking timeout

2021-11-23 10:02:41 - [MESSAGE][INFO] - Finding web element with id: 'Object Repository/Menu/Menu_Basligi' located by 'By.xpath: //li[@class='dropdown dropdown-large open']//li[@class='dropdown-header']' in '10' second(s)

2021-11-23 10:02:41 - [MESSAGE][INFO] - Smart Wait Function is triggered

2021-11-23 10:02:41 - [MESSAGE][INFO] - Found 3 web elements with id: 'Object Repository/Menu/Menu_Basligi' located by 'By.xpath: //li[@class='dropdown dropdown-large open']//li[@class='dropdown-header']' in '10' second(s)

2021-11-23 10:02:41 - [MESSAGE][INFO] - Smart Wait Function is triggered

2021-11-23 10:02:43 - [MESSAGE][PASSED] - Method.TextDegerineEsitElementinAltindakiTextDegerineEsitOlanaTikla is PASSED

2021-11-23 10:02:43 - [MESSAGE][PASSED] - Call Test Case 'Test Cases/Menu/BasligaGoreAltMenuSecimi' successfully

2021-11-23 10:02:43 - [MESSAGE][INFO] - Checking called Test Case

2021-11-23 10:02:43 - [MESSAGE][INFO] - Starting to call Test Case 'Test Cases/Filtreler/IrsaliyeEttnYaz'

2021-11-23 10:02:43 - [TEST_CASE][PASSED] - Test Cases/Filtreler/IrsaliyeEttnYaz: Test Cases/Filtreler/IrsaliyeEttnYaz

2021-11-23 10:02:43 - [TEST_STEP][PASSED] - Method.TextDegerineEsitElementinAltindakiTextboxtaYaz(findTestObject("Filtreler/Basliklar"), findTestObject("Filtreler/Basliga_Gore_Textbox"), "ETTN", IrsaliyeEttn): Method.TextDegerineEsitElementinAltindakiTextboxtaYaz is PASSED

2021-11-23 10:02:43 - [MESSAGE][INFO] - Finding Test Object 'Object Repository/Filtreler/Basliklar'

2021-11-23 10:02:43 - [MESSAGE][INFO] - Finding Test Object 'Object Repository/Filtreler/Basliga_Gore_Textbox'

2021-11-23 10:02:44 - [MESSAGE][INFO] - Checking timeout

2021-11-23 10:02:44 - [MESSAGE][INFO] - Finding web element with id: 'Object Repository/Filtreler/Basliklar' located by 'By.cssSelector: .control-label.col-sm-4.paddingMarginRLC' in '10' second(s)

2021-11-23 10:02:44 - [MESSAGE][INFO] - Smart Wait Function is triggered

2021-11-23 10:02:44 - [MESSAGE][INFO] - Found 18 web elements with id: 'Object Repository/Filtreler/Basliklar' located by 'By.cssSelector: .control-label.col-sm-4.paddingMarginRLC' in '10' second(s)

2021-11-23 10:02:44 - [MESSAGE][INFO] - Smart Wait Function is triggered

2021-11-23 10:02:44 - [MESSAGE][PASSED] - Method.TextDegerineEsitElementinAltindakiTextboxtaYaz is PASSED

2021-11-23 10:02:44 - [MESSAGE][PASSED] - Call Test Case 'Test Cases/Filtreler/IrsaliyeEttnYaz' successfully

2021-11-23 10:02:44 - [MESSAGE][INFO] - Checking called Test Case

2021-11-23 10:02:44 - [MESSAGE][INFO] - Starting to call Test Case 'Test Cases/Filtreler/ButonaTikla'

2021-11-23 10:02:45 - [TEST_CASE][PASSED] - Test Cases/Filtreler/ButonaTikla: Test Cases/Filtreler/ButonaTikla

2021-11-23 10:02:45 - [TEST_STEP][PASSED] - Method.TextDegerineEsitElementeTikla(findTestObject("Filtreler/Butonlar"), Filtre_Buton): Method.TextDegerineEsitElementeTikla is PASSED

2021-11-23 10:02:45 - [MESSAGE][INFO] - Finding Test Object 'Object Repository/Filtreler/Butonlar'

2021-11-23 10:02:45 - [MESSAGE][INFO] - Checking timeout

2021-11-23 10:02:45 - [MESSAGE][INFO] - Finding web element with id: 'Object Repository/Filtreler/Butonlar' located by 'By.cssSelector: .dxb>span' in '10' second(s)

2021-11-23 10:02:45 - [MESSAGE][INFO] - Smart Wait Function is triggered

2021-11-23 10:02:46 - [MESSAGE][INFO] - Found 3 web elements with id: 'Object Repository/Filtreler/Butonlar' located by 'By.cssSelector: .dxb>span' in '10' second(s)

2021-11-23 10:02:46 - [MESSAGE][PASSED] - Method.TextDegerineEsitElementeTikla is PASSED

2021-11-23 10:02:46 - [MESSAGE][PASSED] - Call Test Case 'Test Cases/Filtreler/ButonaTikla' successfully

2021-11-23 10:02:46 - [MESSAGE][INFO] - Checking called Test Case

2021-11-23 10:02:46 - [MESSAGE][INFO] - Starting to call Test Case 'Test Cases/Tablo/TablodaVeriVarMi'

2021-11-23 10:02:46 - [TEST_CASE][PASSED] - Test Cases/Tablo/TablodaVeriVarMi: Test Cases/Tablo/TablodaVeriVarMi

2021-11-23 10:02:46 - [TEST_STEP][PASSED] - verifyTextNotPresent("Görüntülenecek veri yok", true): Text 'Görüntülenecek veri yok' is not present on page using regular expression

2021-11-23 10:02:46 - [MESSAGE][INFO] - Checking text present  using regular expression

2021-11-23 10:02:46 - [MESSAGE][INFO] - Smart Wait Function is triggered

2021-11-23 10:02:47 - [MESSAGE][INFO] - Finding text 'Görüntülenecek veri yok' on page  using regular expression

2021-11-23 10:02:47 - [MESSAGE][PASSED] - Text 'Görüntülenecek veri yok' is not present on page using regular expression

2021-11-23 10:02:47 - [MESSAGE][PASSED] - Call Test Case 'Test Cases/Tablo/TablodaVeriVarMi' successfully

2021-11-23 10:02:47 - [MESSAGE][INFO] - Checking called Test Case

2021-11-23 10:02:47 - [MESSAGE][INFO] - Starting to call Test Case 'Test Cases/Tablo/TablodaVeriBasariliMiIrsaliye'

2021-11-23 10:02:47 - [TEST_CASE][ERROR] - Test Cases/Tablo/TablodaVeriBasariliMiIrsaliye: Test Cases/Tablo/TablodaVeriBasariliMiIrsaliye FAILED.
Reason:
org.openqa.selenium.NoSuchSessionException: Session ID is null. Using WebDriver after calling quit()?
Build info: version: '3.141.59', revision: 'e82be7d358', time: '2018-11-14T08:25:53'
System info: host: 'DESKTOP-QBVMTUG', ip: '192.168.1.24', os.name: 'Windows 10', os.arch: 'amd64', os.version: '10.0', java.version: '1.8.0_282'
Driver info: driver.version: RemoteWebDriver
	at org.openqa.selenium.remote.HttpCommandExecutor.execute(HttpCommandExecutor.java:125)
	at org.openqa.selenium.remote.service.DriverCommandExecutor.execute(DriverCommandExecutor.java:83)
	at org.openqa.selenium.remote.RemoteWebDriver.execute(RemoteWebDriver.java:552)
	at com.kms.katalon.selenium.driver.CChromeDriver.execute(CChromeDriver.java:19)
	at org.openqa.selenium.remote.RemoteWebDriver.findElements(RemoteWebDriver.java:353)
	at org.openqa.selenium.remote.RemoteWebDriver.findElementsByXPath(RemoteWebDriver.java:432)
	at org.openqa.selenium.By$ByXPath.findElements(By.java:348)
	at org.openqa.selenium.remote.RemoteWebDriver.findElements(RemoteWebDriver.java:311)
	at com.kms.katalon.core.webui.common.WebUiCommonHelper.findElementByNormalMethods(WebUiCommonHelper.java:1014)
	at com.kms.katalon.core.webui.common.WebUiCommonHelper.findElementsBySelectedMethod(WebUiCommonHelper.java:903)
	at com.kms.katalon.core.webui.common.WebUiCommonHelper.findElementsBySelectedMethod(WebUiCommonHelper.java:892)
	at com.kms.katalon.core.webui.common.WebUiCommonHelper.findElementsBySelectedMethod(WebUiCommonHelper.java:887)
	at com.kms.katalon.core.webui.common.WebUiCommonHelper.findElementsByDefault(WebUiCommonHelper.java:883)
	at com.kms.katalon.core.webui.common.WebUiCommonHelper.findWebElements(WebUiCommonHelper.java:720)
	at com.kms.katalon.core.webui.keyword.internal.WebUIAbstractKeyword.findWebElements(WebUIAbstractKeyword.groovy:32)
	at com.kms.katalon.core.webui.keyword.WebUiBuiltInKeywords.findWebElements(WebUiBuiltInKeywords.groovy:2860)
	at com.kms.katalon.core.webui.keyword.WebUiBuiltInKeywords$findWebElements$7.call(Unknown Source)
	at Method.TextDegerineEsitElementVarMi(Method.groovy:270)
	at Method.invokeMethod(Method.groovy)
	at com.kms.katalon.core.main.CustomKeywordDelegatingMetaClass.invokeStaticMethod(CustomKeywordDelegatingMetaClass.java:50)
	at TablodaVeriBasariliMiIrsaliye.run(TablodaVeriBasariliMiIrsaliye:35)
	at com.kms.katalon.core.main.ScriptEngine.run(ScriptEngine.java:194)
	at com.kms.katalon.core.main.ScriptEngine.runScriptAsRawText(ScriptEngine.java:119)
	at com.kms.katalon.core.main.TestCaseExecutor.runScript(TestCaseExecutor.java:369)
	at com.kms.katalon.core.main.TestCaseExecutor.doExecute(TestCaseExecutor.java:360)
	at com.kms.katalon.core.main.TestCaseExecutor.processExecutionPhase(TestCaseExecutor.java:339)
	at com.kms.katalon.core.main.TestCaseExecutor.accessMainPhase(TestCaseExecutor.java:331)
	at com.kms.katalon.core.main.TestCaseExecutor.execute(TestCaseExecutor.java:248)
	at com.kms.katalon.core.main.TestCaseMain.runTestCase(TestCaseMain.java:138)
	at com.kms.katalon.core.keyword.builtin.CallTestCaseKeyword$_callTestCase_closure1.doCall(CallTestCaseKeyword.groovy:59)
	at com.kms.katalon.core.keyword.builtin.CallTestCaseKeyword$_callTestCase_closure1.call(CallTestCaseKeyword.groovy)
	at com.kms.katalon.core.keyword.internal.KeywordMain.runKeyword(KeywordMain.groovy:68)
	at com.kms.katalon.core.keyword.builtin.CallTestCaseKeyword.callTestCase(CallTestCaseKeyword.groovy:81)
	at com.kms.katalon.core.keyword.builtin.CallTestCaseKeyword.execute(CallTestCaseKeyword.groovy:44)
	at com.kms.katalon.core.keyword.internal.KeywordExecutor.executeKeywordForPlatform(KeywordExecutor.groovy:73)
	at com.kms.katalon.core.keyword.BuiltinKeywords.callTestCase(BuiltinKeywords.groovy:334)
	at tablo.tablo.tablodaVeriBasariliMiIrsaliye(tablo.groovy:85)
	at cucumber.runtime.Utils$1.call(Utils.java:26)
	at cucumber.runtime.Timeout.timeout(Timeout.java:16)
	at cucumber.runtime.Utils.invoke(Utils.java:20)
	at cucumber.runtime.java.JavaStepDefinition.execute(JavaStepDefinition.java:49)
	at cucumber.runner.PickleStepDefinitionMatch.runStep(PickleStepDefinitionMatch.java:50)
	at cucumber.runner.TestStep.executeStep(TestStep.java:63)
	at cucumber.runner.TestStep.run(TestStep.java:49)
	at cucumber.runner.PickleStepTestStep.run(PickleStepTestStep.java:43)
	at cucumber.runner.TestCase.run(TestCase.java:44)
	at cucumber.runner.Runner.runPickle(Runner.java:40)
	at cucumber.runtime.Runtime$1.run(Runtime.java:84)
	at cucumber.runtime.Runtime$SameThreadExecutorService.execute(Runtime.java:220)
	at cucumber.runtime.Runtime.run(Runtime.java:81)
	at cucumber.api.cli.Main.run(Main.java:26)
	at cucumber.api.cli.Main$run.call(Unknown Source)
	at com.kms.katalon.core.cucumber.keyword.CucumberBuiltinKeywords$_runFeatureFile_closure1.doCall(CucumberBuiltinKeywords.groovy:106)
	at com.kms.katalon.core.cucumber.keyword.CucumberBuiltinKeywords$_runFeatureFile_closure1.doCall(CucumberBuiltinKeywords.groovy)
	at com.kms.katalon.core.keyword.internal.KeywordMain.runKeyword(KeywordMain.groovy:68)
	at com.kms.katalon.core.keyword.internal.KeywordMain$runKeyword.call(Unknown Source)
	at com.kms.katalon.core.cucumber.keyword.CucumberBuiltinKeywords.runFeatureFile(CucumberBuiltinKeywords.groovy:73)
	at com.kms.katalon.core.cucumber.keyword.CucumberBuiltinKeywords$runFeatureFile$0.callStatic(Unknown Source)
	at com.kms.katalon.core.cucumber.keyword.CucumberBuiltinKeywords.runFeatureFile(CucumberBuiltinKeywords.groovy:246)
	at com.kms.katalon.core.cucumber.keyword.CucumberBuiltinKeywords$runFeatureFile.call(Unknown Source)
	at TCKN-Temel Irsaliye-Sevk Tipinde.run(TCKN-Temel Irsaliye-Sevk Tipinde:17)
	at com.kms.katalon.core.main.ScriptEngine.run(ScriptEngine.java:194)
	at com.kms.katalon.core.main.ScriptEngine.runScriptAsRawText(ScriptEngine.java:119)
	at com.kms.katalon.core.main.TestCaseExecutor.runScript(TestCaseExecutor.java:369)
	at com.kms.katalon.core.main.TestCaseExecutor.doExecute(TestCaseExecutor.java:360)
	at com.kms.katalon.core.main.TestCaseExecutor.processExecutionPhase(TestCaseExecutor.java:339)
	at com.kms.katalon.core.main.TestCaseExecutor.accessMainPhase(TestCaseExecutor.java:331)
	at com.kms.katalon.core.main.TestCaseExecutor.execute(TestCaseExecutor.java:248)
	at com.kms.katalon.core.main.TestSuiteExecutor.accessTestCaseMainPhase(TestSuiteExecutor.java:191)
	at com.kms.katalon.core.main.TestSuiteExecutor.accessTestSuiteMainPhase(TestSuiteExecutor.java:140)
	at com.kms.katalon.core.main.TestSuiteExecutor.execute(TestSuiteExecutor.java:89)
	at com.kms.katalon.core.main.TestCaseMain.startTestSuite(TestCaseMain.java:181)
	at com.kms.katalon.core.main.TestCaseMain$startTestSuite$0.call(Unknown Source)
	at TempTestSuite1637650008144.run(TempTestSuite1637650008144.groovy:39)


2021-11-23 10:02:47 - [TEST_STEP][PASSED] - sayac = 80: null

2021-11-23 10:02:47 - [TEST_STEP][PASSED] - while (verifyElementText(findTestObject("Tablo/DurumBilgisiIrsaliye"), "Henüz Sonuçlanmadı", OPTIONAL)): null

2021-11-23 10:02:47 - [MESSAGE][INFO] - Finding Test Object 'Object Repository/Tablo/DurumBilgisiIrsaliye'

2021-11-23 10:02:47 - [MESSAGE][INFO] - Checking object

2021-11-23 10:02:47 - [MESSAGE][INFO] - Finding web element from Test Object's properties

2021-11-23 10:02:47 - [MESSAGE][INFO] - Checking timeout

2021-11-23 10:02:47 - [MESSAGE][INFO] - Finding web element with id: 'Object Repository/Tablo/DurumBilgisiIrsaliye' located by 'By.xpath: //*[@id = 'GridViewDespatchAdvice_tccell0_6']' in '30' second(s)

2021-11-23 10:02:47 - [MESSAGE][INFO] - Smart Wait Function is triggered

2021-11-23 10:02:48 - [MESSAGE][INFO] - Found 1 web elements with id: 'Object Repository/Tablo/DurumBilgisiIrsaliye' located by 'By.xpath: //*[@id = 'GridViewDespatchAdvice_tccell0_6']' in '30' second(s)

2021-11-23 10:02:48 - [MESSAGE][PASSED] - Actual text and expected text of test object 'Object Repository/Tablo/DurumBilgisiIrsaliye' are matched.

2021-11-23 10:02:48 - [TEST_STEP][PASSED] - Method.TextDegerineEsitElementeTikla(findTestObject("Filtreler/Butonlar"), "Listele"): Method.TextDegerineEsitElementeTikla is PASSED

2021-11-23 10:02:48 - [MESSAGE][INFO] - Finding Test Object 'Object Repository/Filtreler/Butonlar'

2021-11-23 10:02:48 - [MESSAGE][INFO] - Checking timeout

2021-11-23 10:02:48 - [MESSAGE][INFO] - Finding web element with id: 'Object Repository/Filtreler/Butonlar' located by 'By.cssSelector: .dxb>span' in '10' second(s)

2021-11-23 10:02:48 - [MESSAGE][INFO] - Smart Wait Function is triggered

2021-11-23 10:02:48 - [MESSAGE][INFO] - Found 3 web elements with id: 'Object Repository/Filtreler/Butonlar' located by 'By.cssSelector: .dxb>span' in '10' second(s)

2021-11-23 10:02:48 - [MESSAGE][PASSED] - Method.TextDegerineEsitElementeTikla is PASSED

2021-11-23 10:02:48 - [TEST_STEP][PASSED] - sayac = sayac - 1: null

2021-11-23 10:02:48 - [TEST_STEP][PASSED] - Console.println(sayac): null

2021-11-23 10:02:48 - [TEST_STEP][PASSED] - if (sayac == 0): Actual text and expected text of test object 'Object Repository/Tablo/DurumBilgisiIrsaliye' are matched.

2021-11-23 10:02:48 - [MESSAGE][INFO] - Finding Test Object 'Object Repository/Tablo/DurumBilgisiIrsaliye'

2021-11-23 10:02:48 - [MESSAGE][INFO] - Checking object

2021-11-23 10:02:48 - [MESSAGE][INFO] - Finding web element from Test Object's properties

2021-11-23 10:02:48 - [MESSAGE][INFO] - Checking timeout

2021-11-23 10:02:48 - [MESSAGE][INFO] - Finding web element with id: 'Object Repository/Tablo/DurumBilgisiIrsaliye' located by 'By.xpath: //*[@id = 'GridViewDespatchAdvice_tccell0_6']' in '30' second(s)

2021-11-23 10:02:48 - [MESSAGE][INFO] - Smart Wait Function is triggered

2021-11-23 10:02:49 - [MESSAGE][INFO] - Found 1 web elements with id: 'Object Repository/Tablo/DurumBilgisiIrsaliye' located by 'By.xpath: //*[@id = 'GridViewDespatchAdvice_tccell0_6']' in '30' second(s)

2021-11-23 10:02:49 - [MESSAGE][PASSED] - Actual text and expected text of test object 'Object Repository/Tablo/DurumBilgisiIrsaliye' are matched.

2021-11-23 10:02:49 - [TEST_STEP][PASSED] - Method.TextDegerineEsitElementeTikla(findTestObject("Filtreler/Butonlar"), "Listele"): Method.TextDegerineEsitElementeTikla is PASSED

2021-11-23 10:02:49 - [MESSAGE][INFO] - Finding Test Object 'Object Repository/Filtreler/Butonlar'

2021-11-23 10:02:49 - [MESSAGE][INFO] - Checking timeout

2021-11-23 10:02:49 - [MESSAGE][INFO] - Finding web element with id: 'Object Repository/Filtreler/Butonlar' located by 'By.cssSelector: .dxb>span' in '10' second(s)

2021-11-23 10:02:49 - [MESSAGE][INFO] - Smart Wait Function is triggered

2021-11-23 10:02:49 - [MESSAGE][INFO] - Found 3 web elements with id: 'Object Repository/Filtreler/Butonlar' located by 'By.cssSelector: .dxb>span' in '10' second(s)

2021-11-23 10:02:49 - [MESSAGE][PASSED] - Method.TextDegerineEsitElementeTikla is PASSED

2021-11-23 10:02:49 - [TEST_STEP][PASSED] - sayac = sayac - 1: null

2021-11-23 10:02:49 - [TEST_STEP][PASSED] - Console.println(sayac): null

2021-11-23 10:02:49 - [TEST_STEP][PASSED] - if (sayac == 0): Actual text and expected text of test object 'Object Repository/Tablo/DurumBilgisiIrsaliye' are matched.

2021-11-23 10:02:49 - [MESSAGE][INFO] - Finding Test Object 'Object Repository/Tablo/DurumBilgisiIrsaliye'

2021-11-23 10:02:49 - [MESSAGE][INFO] - Checking object

2021-11-23 10:02:49 - [MESSAGE][INFO] - Finding web element from Test Object's properties

2021-11-23 10:02:49 - [MESSAGE][INFO] - Checking timeout

2021-11-23 10:02:49 - [MESSAGE][INFO] - Finding web element with id: 'Object Repository/Tablo/DurumBilgisiIrsaliye' located by 'By.xpath: //*[@id = 'GridViewDespatchAdvice_tccell0_6']' in '30' second(s)

2021-11-23 10:02:49 - [MESSAGE][INFO] - Smart Wait Function is triggered

2021-11-23 10:02:50 - [MESSAGE][INFO] - Found 1 web elements with id: 'Object Repository/Tablo/DurumBilgisiIrsaliye' located by 'By.xpath: //*[@id = 'GridViewDespatchAdvice_tccell0_6']' in '30' second(s)

2021-11-23 10:02:50 - [MESSAGE][PASSED] - Actual text and expected text of test object 'Object Repository/Tablo/DurumBilgisiIrsaliye' are matched.

2021-11-23 10:02:50 - [TEST_STEP][PASSED] - Method.TextDegerineEsitElementeTikla(findTestObject("Filtreler/Butonlar"), "Listele"): Method.TextDegerineEsitElementeTikla is PASSED

2021-11-23 10:02:50 - [MESSAGE][INFO] - Finding Test Object 'Object Repository/Filtreler/Butonlar'

2021-11-23 10:02:50 - [MESSAGE][INFO] - Checking timeout

2021-11-23 10:02:50 - [MESSAGE][INFO] - Finding web element with id: 'Object Repository/Filtreler/Butonlar' located by 'By.cssSelector: .dxb>span' in '10' second(s)

2021-11-23 10:02:50 - [MESSAGE][INFO] - Smart Wait Function is triggered

2021-11-23 10:02:50 - [MESSAGE][INFO] - Found 3 web elements with id: 'Object Repository/Filtreler/Butonlar' located by 'By.cssSelector: .dxb>span' in '10' second(s)

2021-11-23 10:02:50 - [MESSAGE][PASSED] - Method.TextDegerineEsitElementeTikla is PASSED

2021-11-23 10:02:50 - [TEST_STEP][PASSED] - sayac = sayac - 1: null

2021-11-23 10:02:50 - [TEST_STEP][PASSED] - Console.println(sayac): null

2021-11-23 10:02:50 - [TEST_STEP][PASSED] - if (sayac == 0): Actual text and expected text of test object 'Object Repository/Tablo/DurumBilgisiIrsaliye' are matched.

2021-11-23 10:02:50 - [MESSAGE][INFO] - Finding Test Object 'Object Repository/Tablo/DurumBilgisiIrsaliye'

2021-11-23 10:02:51 - [MESSAGE][INFO] - Checking object

2021-11-23 10:02:51 - [MESSAGE][INFO] - Finding web element from Test Object's properties

2021-11-23 10:02:51 - [MESSAGE][INFO] - Checking timeout

2021-11-23 10:02:51 - [MESSAGE][INFO] - Finding web element with id: 'Object Repository/Tablo/DurumBilgisiIrsaliye' located by 'By.xpath: //*[@id = 'GridViewDespatchAdvice_tccell0_6']' in '30' second(s)

2021-11-23 10:02:51 - [MESSAGE][INFO] - Smart Wait Function is triggered

2021-11-23 10:02:51 - [MESSAGE][INFO] - Found 1 web elements with id: 'Object Repository/Tablo/DurumBilgisiIrsaliye' located by 'By.xpath: //*[@id = 'GridViewDespatchAdvice_tccell0_6']' in '30' second(s)

2021-11-23 10:02:51 - [MESSAGE][PASSED] - Actual text and expected text of test object 'Object Repository/Tablo/DurumBilgisiIrsaliye' are matched.

2021-11-23 10:02:51 - [TEST_STEP][PASSED] - Method.TextDegerineEsitElementeTikla(findTestObject("Filtreler/Butonlar"), "Listele"): Method.TextDegerineEsitElementeTikla is PASSED

2021-11-23 10:02:51 - [MESSAGE][INFO] - Finding Test Object 'Object Repository/Filtreler/Butonlar'

2021-11-23 10:02:51 - [MESSAGE][INFO] - Checking timeout

2021-11-23 10:02:51 - [MESSAGE][INFO] - Finding web element with id: 'Object Repository/Filtreler/Butonlar' located by 'By.cssSelector: .dxb>span' in '10' second(s)

2021-11-23 10:02:51 - [MESSAGE][INFO] - Smart Wait Function is triggered

2021-11-23 10:02:51 - [MESSAGE][INFO] - Found 3 web elements with id: 'Object Repository/Filtreler/Butonlar' located by 'By.cssSelector: .dxb>span' in '10' second(s)

2021-11-23 10:02:52 - [MESSAGE][PASSED] - Method.TextDegerineEsitElementeTikla is PASSED

2021-11-23 10:02:52 - [TEST_STEP][PASSED] - sayac = sayac - 1: null

2021-11-23 10:02:52 - [TEST_STEP][PASSED] - Console.println(sayac): null

2021-11-23 10:02:52 - [TEST_STEP][PASSED] - if (sayac == 0): Actual text and expected text of test object 'Object Repository/Tablo/DurumBilgisiIrsaliye' are matched.

2021-11-23 10:02:52 - [MESSAGE][INFO] - Finding Test Object 'Object Repository/Tablo/DurumBilgisiIrsaliye'

2021-11-23 10:02:52 - [MESSAGE][INFO] - Checking object

2021-11-23 10:02:52 - [MESSAGE][INFO] - Finding web element from Test Object's properties

2021-11-23 10:02:52 - [MESSAGE][INFO] - Checking timeout

2021-11-23 10:02:52 - [MESSAGE][INFO] - Finding web element with id: 'Object Repository/Tablo/DurumBilgisiIrsaliye' located by 'By.xpath: //*[@id = 'GridViewDespatchAdvice_tccell0_6']' in '30' second(s)

2021-11-23 10:02:52 - [MESSAGE][INFO] - Smart Wait Function is triggered

2021-11-23 10:02:52 - [MESSAGE][INFO] - Found 1 web elements with id: 'Object Repository/Tablo/DurumBilgisiIrsaliye' located by 'By.xpath: //*[@id = 'GridViewDespatchAdvice_tccell0_6']' in '30' second(s)

2021-11-23 10:02:52 - [MESSAGE][PASSED] - Actual text and expected text of test object 'Object Repository/Tablo/DurumBilgisiIrsaliye' are matched.

2021-11-23 10:02:52 - [TEST_STEP][PASSED] - Method.TextDegerineEsitElementeTikla(findTestObject("Filtreler/Butonlar"), "Listele"): Method.TextDegerineEsitElementeTikla is PASSED

2021-11-23 10:02:52 - [MESSAGE][INFO] - Finding Test Object 'Object Repository/Filtreler/Butonlar'

2021-11-23 10:02:52 - [MESSAGE][INFO] - Checking timeout

2021-11-23 10:02:52 - [MESSAGE][INFO] - Finding web element with id: 'Object Repository/Filtreler/Butonlar' located by 'By.cssSelector: .dxb>span' in '10' second(s)

2021-11-23 10:02:52 - [MESSAGE][INFO] - Smart Wait Function is triggered

2021-11-23 10:02:53 - [MESSAGE][INFO] - Found 3 web elements with id: 'Object Repository/Filtreler/Butonlar' located by 'By.cssSelector: .dxb>span' in '10' second(s)

2021-11-23 10:02:53 - [MESSAGE][PASSED] - Method.TextDegerineEsitElementeTikla is PASSED

2021-11-23 10:02:53 - [TEST_STEP][PASSED] - sayac = sayac - 1: null

2021-11-23 10:02:53 - [TEST_STEP][PASSED] - Console.println(sayac): null

2021-11-23 10:02:53 - [TEST_STEP][PASSED] - if (sayac == 0): Actual text and expected text of test object 'Object Repository/Tablo/DurumBilgisiIrsaliye' are matched.

2021-11-23 10:02:53 - [MESSAGE][INFO] - Finding Test Object 'Object Repository/Tablo/DurumBilgisiIrsaliye'

2021-11-23 10:02:53 - [MESSAGE][INFO] - Checking object

2021-11-23 10:02:53 - [MESSAGE][INFO] - Finding web element from Test Object's properties

2021-11-23 10:02:53 - [MESSAGE][INFO] - Checking timeout

2021-11-23 10:02:53 - [MESSAGE][INFO] - Finding web element with id: 'Object Repository/Tablo/DurumBilgisiIrsaliye' located by 'By.xpath: //*[@id = 'GridViewDespatchAdvice_tccell0_6']' in '30' second(s)

2021-11-23 10:02:53 - [MESSAGE][INFO] - Smart Wait Function is triggered

2021-11-23 10:02:53 - [MESSAGE][INFO] - Found 1 web elements with id: 'Object Repository/Tablo/DurumBilgisiIrsaliye' located by 'By.xpath: //*[@id = 'GridViewDespatchAdvice_tccell0_6']' in '30' second(s)

2021-11-23 10:02:53 - [MESSAGE][PASSED] - Actual text and expected text of test object 'Object Repository/Tablo/DurumBilgisiIrsaliye' are matched.

2021-11-23 10:02:53 - [TEST_STEP][PASSED] - Method.TextDegerineEsitElementeTikla(findTestObject("Filtreler/Butonlar"), "Listele"): Method.TextDegerineEsitElementeTikla is PASSED

2021-11-23 10:02:53 - [MESSAGE][INFO] - Finding Test Object 'Object Repository/Filtreler/Butonlar'

2021-11-23 10:02:53 - [MESSAGE][INFO] - Checking timeout

2021-11-23 10:02:53 - [MESSAGE][INFO] - Finding web element with id: 'Object Repository/Filtreler/Butonlar' located by 'By.cssSelector: .dxb>span' in '10' second(s)

2021-11-23 10:02:53 - [MESSAGE][INFO] - Smart Wait Function is triggered

2021-11-23 10:02:54 - [MESSAGE][INFO] - Found 3 web elements with id: 'Object Repository/Filtreler/Butonlar' located by 'By.cssSelector: .dxb>span' in '10' second(s)

2021-11-23 10:02:54 - [MESSAGE][PASSED] - Method.TextDegerineEsitElementeTikla is PASSED

2021-11-23 10:02:54 - [TEST_STEP][PASSED] - sayac = sayac - 1: null

2021-11-23 10:02:54 - [TEST_STEP][PASSED] - Console.println(sayac): null

2021-11-23 10:02:54 - [TEST_STEP][PASSED] - if (sayac == 0): Actual text and expected text of test object 'Object Repository/Tablo/DurumBilgisiIrsaliye' are matched.

2021-11-23 10:02:54 - [MESSAGE][INFO] - Finding Test Object 'Object Repository/Tablo/DurumBilgisiIrsaliye'

2021-11-23 10:02:54 - [MESSAGE][INFO] - Checking object

2021-11-23 10:02:54 - [MESSAGE][INFO] - Finding web element from Test Object's properties

2021-11-23 10:02:54 - [MESSAGE][INFO] - Checking timeout

2021-11-23 10:02:54 - [MESSAGE][INFO] - Finding web element with id: 'Object Repository/Tablo/DurumBilgisiIrsaliye' located by 'By.xpath: //*[@id = 'GridViewDespatchAdvice_tccell0_6']' in '30' second(s)

2021-11-23 10:02:54 - [MESSAGE][INFO] - Smart Wait Function is triggered

2021-11-23 10:02:54 - [MESSAGE][INFO] - Found 1 web elements with id: 'Object Repository/Tablo/DurumBilgisiIrsaliye' located by 'By.xpath: //*[@id = 'GridViewDespatchAdvice_tccell0_6']' in '30' second(s)

2021-11-23 10:02:54 - [MESSAGE][PASSED] - Actual text and expected text of test object 'Object Repository/Tablo/DurumBilgisiIrsaliye' are matched.

2021-11-23 10:02:54 - [TEST_STEP][PASSED] - Method.TextDegerineEsitElementeTikla(findTestObject("Filtreler/Butonlar"), "Listele"): Method.TextDegerineEsitElementeTikla is PASSED

2021-11-23 10:02:54 - [MESSAGE][INFO] - Finding Test Object 'Object Repository/Filtreler/Butonlar'

2021-11-23 10:02:55 - [MESSAGE][INFO] - Checking timeout

2021-11-23 10:02:55 - [MESSAGE][INFO] - Finding web element with id: 'Object Repository/Filtreler/Butonlar' located by 'By.cssSelector: .dxb>span' in '10' second(s)

2021-11-23 10:02:55 - [MESSAGE][INFO] - Smart Wait Function is triggered

2021-11-23 10:02:55 - [MESSAGE][INFO] - Found 3 web elements with id: 'Object Repository/Filtreler/Butonlar' located by 'By.cssSelector: .dxb>span' in '10' second(s)

2021-11-23 10:02:55 - [MESSAGE][PASSED] - Method.TextDegerineEsitElementeTikla is PASSED

2021-11-23 10:02:55 - [TEST_STEP][PASSED] - sayac = sayac - 1: null

2021-11-23 10:02:55 - [TEST_STEP][PASSED] - Console.println(sayac): null

2021-11-23 10:02:55 - [TEST_STEP][PASSED] - if (sayac == 0): Actual text and expected text of test object 'Object Repository/Tablo/DurumBilgisiIrsaliye' are matched.

2021-11-23 10:02:55 - [MESSAGE][INFO] - Finding Test Object 'Object Repository/Tablo/DurumBilgisiIrsaliye'

2021-11-23 10:02:55 - [MESSAGE][INFO] - Checking object

2021-11-23 10:02:55 - [MESSAGE][INFO] - Finding web element from Test Object's properties

2021-11-23 10:02:55 - [MESSAGE][INFO] - Checking timeout

2021-11-23 10:02:55 - [MESSAGE][INFO] - Finding web element with id: 'Object Repository/Tablo/DurumBilgisiIrsaliye' located by 'By.xpath: //*[@id = 'GridViewDespatchAdvice_tccell0_6']' in '30' second(s)

2021-11-23 10:02:55 - [MESSAGE][INFO] - Smart Wait Function is triggered

2021-11-23 10:02:56 - [MESSAGE][INFO] - Found 1 web elements with id: 'Object Repository/Tablo/DurumBilgisiIrsaliye' located by 'By.xpath: //*[@id = 'GridViewDespatchAdvice_tccell0_6']' in '30' second(s)

2021-11-23 10:02:56 - [MESSAGE][PASSED] - Actual text and expected text of test object 'Object Repository/Tablo/DurumBilgisiIrsaliye' are matched.

2021-11-23 10:02:56 - [TEST_STEP][PASSED] - Method.TextDegerineEsitElementeTikla(findTestObject("Filtreler/Butonlar"), "Listele"): Method.TextDegerineEsitElementeTikla is PASSED

2021-11-23 10:02:56 - [MESSAGE][INFO] - Finding Test Object 'Object Repository/Filtreler/Butonlar'

2021-11-23 10:02:56 - [MESSAGE][INFO] - Checking timeout

2021-11-23 10:02:56 - [MESSAGE][INFO] - Finding web element with id: 'Object Repository/Filtreler/Butonlar' located by 'By.cssSelector: .dxb>span' in '10' second(s)

2021-11-23 10:02:56 - [MESSAGE][INFO] - Smart Wait Function is triggered

2021-11-23 10:02:56 - [MESSAGE][INFO] - Found 3 web elements with id: 'Object Repository/Filtreler/Butonlar' located by 'By.cssSelector: .dxb>span' in '10' second(s)

2021-11-23 10:02:56 - [MESSAGE][PASSED] - Method.TextDegerineEsitElementeTikla is PASSED

2021-11-23 10:02:56 - [TEST_STEP][PASSED] - sayac = sayac - 1: null

2021-11-23 10:02:56 - [TEST_STEP][PASSED] - Console.println(sayac): null

2021-11-23 10:02:56 - [TEST_STEP][PASSED] - if (sayac == 0): Actual text and expected text of test object 'Object Repository/Tablo/DurumBilgisiIrsaliye' are matched.

2021-11-23 10:02:56 - [MESSAGE][INFO] - Finding Test Object 'Object Repository/Tablo/DurumBilgisiIrsaliye'

2021-11-23 10:02:56 - [MESSAGE][INFO] - Checking object

2021-11-23 10:02:56 - [MESSAGE][INFO] - Finding web element from Test Object's properties

2021-11-23 10:02:56 - [MESSAGE][INFO] - Checking timeout

2021-11-23 10:02:56 - [MESSAGE][INFO] - Finding web element with id: 'Object Repository/Tablo/DurumBilgisiIrsaliye' located by 'By.xpath: //*[@id = 'GridViewDespatchAdvice_tccell0_6']' in '30' second(s)

2021-11-23 10:02:56 - [MESSAGE][INFO] - Smart Wait Function is triggered

2021-11-23 10:02:57 - [MESSAGE][INFO] - Found 1 web elements with id: 'Object Repository/Tablo/DurumBilgisiIrsaliye' located by 'By.xpath: //*[@id = 'GridViewDespatchAdvice_tccell0_6']' in '30' second(s)

2021-11-23 10:02:57 - [MESSAGE][PASSED] - Actual text and expected text of test object 'Object Repository/Tablo/DurumBilgisiIrsaliye' are matched.

2021-11-23 10:02:57 - [TEST_STEP][PASSED] - Method.TextDegerineEsitElementeTikla(findTestObject("Filtreler/Butonlar"), "Listele"): Method.TextDegerineEsitElementeTikla is PASSED

2021-11-23 10:02:57 - [MESSAGE][INFO] - Finding Test Object 'Object Repository/Filtreler/Butonlar'

2021-11-23 10:02:57 - [MESSAGE][INFO] - Checking timeout

2021-11-23 10:02:57 - [MESSAGE][INFO] - Finding web element with id: 'Object Repository/Filtreler/Butonlar' located by 'By.cssSelector: .dxb>span' in '10' second(s)

2021-11-23 10:02:57 - [MESSAGE][INFO] - Smart Wait Function is triggered

2021-11-23 10:02:57 - [MESSAGE][INFO] - Found 3 web elements with id: 'Object Repository/Filtreler/Butonlar' located by 'By.cssSelector: .dxb>span' in '10' second(s)

2021-11-23 10:02:57 - [MESSAGE][PASSED] - Method.TextDegerineEsitElementeTikla is PASSED

2021-11-23 10:02:57 - [TEST_STEP][PASSED] - sayac = sayac - 1: null

2021-11-23 10:02:57 - [TEST_STEP][PASSED] - Console.println(sayac): null

2021-11-23 10:02:57 - [TEST_STEP][PASSED] - if (sayac == 0): Actual text and expected text of test object 'Object Repository/Tablo/DurumBilgisiIrsaliye' are matched.

2021-11-23 10:02:57 - [MESSAGE][INFO] - Finding Test Object 'Object Repository/Tablo/DurumBilgisiIrsaliye'

2021-11-23 10:02:57 - [MESSAGE][INFO] - Checking object

2021-11-23 10:02:57 - [MESSAGE][INFO] - Finding web element from Test Object's properties

2021-11-23 10:02:57 - [MESSAGE][INFO] - Checking timeout

2021-11-23 10:02:57 - [MESSAGE][INFO] - Finding web element with id: 'Object Repository/Tablo/DurumBilgisiIrsaliye' located by 'By.xpath: //*[@id = 'GridViewDespatchAdvice_tccell0_6']' in '30' second(s)

2021-11-23 10:02:57 - [MESSAGE][INFO] - Smart Wait Function is triggered

2021-11-23 10:02:58 - [MESSAGE][INFO] - Found 1 web elements with id: 'Object Repository/Tablo/DurumBilgisiIrsaliye' located by 'By.xpath: //*[@id = 'GridViewDespatchAdvice_tccell0_6']' in '30' second(s)

2021-11-23 10:02:58 - [MESSAGE][PASSED] - Actual text and expected text of test object 'Object Repository/Tablo/DurumBilgisiIrsaliye' are matched.

2021-11-23 10:02:58 - [TEST_STEP][PASSED] - Method.TextDegerineEsitElementeTikla(findTestObject("Filtreler/Butonlar"), "Listele"): Method.TextDegerineEsitElementeTikla is PASSED

2021-11-23 10:02:58 - [MESSAGE][INFO] - Finding Test Object 'Object Repository/Filtreler/Butonlar'

2021-11-23 10:02:58 - [MESSAGE][INFO] - Checking timeout

2021-11-23 10:02:58 - [MESSAGE][INFO] - Finding web element with id: 'Object Repository/Filtreler/Butonlar' located by 'By.cssSelector: .dxb>span' in '10' second(s)

2021-11-23 10:02:58 - [MESSAGE][INFO] - Smart Wait Function is triggered

2021-11-23 10:02:58 - [MESSAGE][INFO] - Found 3 web elements with id: 'Object Repository/Filtreler/Butonlar' located by 'By.cssSelector: .dxb>span' in '10' second(s)

2021-11-23 10:02:58 - [MESSAGE][PASSED] - Method.TextDegerineEsitElementeTikla is PASSED

2021-11-23 10:02:58 - [TEST_STEP][PASSED] - sayac = sayac - 1: null

2021-11-23 10:02:58 - [TEST_STEP][PASSED] - Console.println(sayac): null

2021-11-23 10:02:58 - [TEST_STEP][PASSED] - if (sayac == 0): Actual text and expected text of test object 'Object Repository/Tablo/DurumBilgisiIrsaliye' are matched.

2021-11-23 10:02:58 - [MESSAGE][INFO] - Finding Test Object 'Object Repository/Tablo/DurumBilgisiIrsaliye'

2021-11-23 10:02:58 - [MESSAGE][INFO] - Checking object

2021-11-23 10:02:58 - [MESSAGE][INFO] - Finding web element from Test Object's properties

2021-11-23 10:02:58 - [MESSAGE][INFO] - Checking timeout

2021-11-23 10:02:58 - [MESSAGE][INFO] - Finding web element with id: 'Object Repository/Tablo/DurumBilgisiIrsaliye' located by 'By.xpath: //*[@id = 'GridViewDespatchAdvice_tccell0_6']' in '30' second(s)

2021-11-23 10:02:58 - [MESSAGE][INFO] - Smart Wait Function is triggered

2021-11-23 10:02:59 - [MESSAGE][INFO] - Found 1 web elements with id: 'Object Repository/Tablo/DurumBilgisiIrsaliye' located by 'By.xpath: //*[@id = 'GridViewDespatchAdvice_tccell0_6']' in '30' second(s)

2021-11-23 10:02:59 - [MESSAGE][PASSED] - Actual text and expected text of test object 'Object Repository/Tablo/DurumBilgisiIrsaliye' are matched.

2021-11-23 10:02:59 - [TEST_STEP][PASSED] - Method.TextDegerineEsitElementeTikla(findTestObject("Filtreler/Butonlar"), "Listele"): Method.TextDegerineEsitElementeTikla is PASSED

2021-11-23 10:02:59 - [MESSAGE][INFO] - Finding Test Object 'Object Repository/Filtreler/Butonlar'

2021-11-23 10:02:59 - [MESSAGE][INFO] - Checking timeout

2021-11-23 10:02:59 - [MESSAGE][INFO] - Finding web element with id: 'Object Repository/Filtreler/Butonlar' located by 'By.cssSelector: .dxb>span' in '10' second(s)

2021-11-23 10:02:59 - [MESSAGE][INFO] - Smart Wait Function is triggered

2021-11-23 10:02:59 - [MESSAGE][INFO] - Found 3 web elements with id: 'Object Repository/Filtreler/Butonlar' located by 'By.cssSelector: .dxb>span' in '10' second(s)

2021-11-23 10:03:00 - [MESSAGE][PASSED] - Method.TextDegerineEsitElementeTikla is PASSED

2021-11-23 10:03:00 - [TEST_STEP][PASSED] - sayac = sayac - 1: null

2021-11-23 10:03:00 - [TEST_STEP][PASSED] - Console.println(sayac): null

2021-11-23 10:03:00 - [TEST_STEP][PASSED] - if (sayac == 0): Actual text and expected text of test object 'Object Repository/Tablo/DurumBilgisiIrsaliye' are matched.

2021-11-23 10:03:00 - [MESSAGE][INFO] - Finding Test Object 'Object Repository/Tablo/DurumBilgisiIrsaliye'

2021-11-23 10:03:00 - [MESSAGE][INFO] - Checking object

2021-11-23 10:03:00 - [MESSAGE][INFO] - Finding web element from Test Object's properties

2021-11-23 10:03:00 - [MESSAGE][INFO] - Checking timeout

2021-11-23 10:03:00 - [MESSAGE][INFO] - Finding web element with id: 'Object Repository/Tablo/DurumBilgisiIrsaliye' located by 'By.xpath: //*[@id = 'GridViewDespatchAdvice_tccell0_6']' in '30' second(s)

2021-11-23 10:03:00 - [MESSAGE][INFO] - Smart Wait Function is triggered

2021-11-23 10:03:00 - [MESSAGE][INFO] - Found 1 web elements with id: 'Object Repository/Tablo/DurumBilgisiIrsaliye' located by 'By.xpath: //*[@id = 'GridViewDespatchAdvice_tccell0_6']' in '30' second(s)

2021-11-23 10:03:00 - [MESSAGE][PASSED] - Actual text and expected text of test object 'Object Repository/Tablo/DurumBilgisiIrsaliye' are matched.

2021-11-23 10:03:00 - [TEST_STEP][PASSED] - Method.TextDegerineEsitElementeTikla(findTestObject("Filtreler/Butonlar"), "Listele"): Method.TextDegerineEsitElementeTikla is PASSED

2021-11-23 10:03:00 - [MESSAGE][INFO] - Finding Test Object 'Object Repository/Filtreler/Butonlar'

2021-11-23 10:03:00 - [MESSAGE][INFO] - Checking timeout

2021-11-23 10:03:00 - [MESSAGE][INFO] - Finding web element with id: 'Object Repository/Filtreler/Butonlar' located by 'By.cssSelector: .dxb>span' in '10' second(s)

2021-11-23 10:03:00 - [MESSAGE][INFO] - Smart Wait Function is triggered

2021-11-23 10:03:01 - [MESSAGE][INFO] - Found 3 web elements with id: 'Object Repository/Filtreler/Butonlar' located by 'By.cssSelector: .dxb>span' in '10' second(s)

2021-11-23 10:03:01 - [MESSAGE][PASSED] - Method.TextDegerineEsitElementeTikla is PASSED

2021-11-23 10:03:01 - [TEST_STEP][PASSED] - sayac = sayac - 1: null

2021-11-23 10:03:01 - [TEST_STEP][PASSED] - Console.println(sayac): null

2021-11-23 10:03:01 - [TEST_STEP][PASSED] - if (sayac == 0): Actual text and expected text of test object 'Object Repository/Tablo/DurumBilgisiIrsaliye' are matched.

2021-11-23 10:03:01 - [MESSAGE][INFO] - Finding Test Object 'Object Repository/Tablo/DurumBilgisiIrsaliye'

2021-11-23 10:03:01 - [MESSAGE][INFO] - Checking object

2021-11-23 10:03:01 - [MESSAGE][INFO] - Finding web element from Test Object's properties

2021-11-23 10:03:01 - [MESSAGE][INFO] - Checking timeout

2021-11-23 10:03:01 - [MESSAGE][INFO] - Finding web element with id: 'Object Repository/Tablo/DurumBilgisiIrsaliye' located by 'By.xpath: //*[@id = 'GridViewDespatchAdvice_tccell0_6']' in '30' second(s)

2021-11-23 10:03:01 - [MESSAGE][INFO] - Smart Wait Function is triggered

2021-11-23 10:03:01 - [MESSAGE][INFO] - Found 1 web elements with id: 'Object Repository/Tablo/DurumBilgisiIrsaliye' located by 'By.xpath: //*[@id = 'GridViewDespatchAdvice_tccell0_6']' in '30' second(s)

2021-11-23 10:03:01 - [MESSAGE][PASSED] - Actual text and expected text of test object 'Object Repository/Tablo/DurumBilgisiIrsaliye' are matched.

2021-11-23 10:03:01 - [TEST_STEP][PASSED] - Method.TextDegerineEsitElementeTikla(findTestObject("Filtreler/Butonlar"), "Listele"): Method.TextDegerineEsitElementeTikla is PASSED

2021-11-23 10:03:01 - [MESSAGE][INFO] - Finding Test Object 'Object Repository/Filtreler/Butonlar'

2021-11-23 10:03:01 - [MESSAGE][INFO] - Checking timeout

2021-11-23 10:03:01 - [MESSAGE][INFO] - Finding web element with id: 'Object Repository/Filtreler/Butonlar' located by 'By.cssSelector: .dxb>span' in '10' second(s)

2021-11-23 10:03:01 - [MESSAGE][INFO] - Smart Wait Function is triggered

2021-11-23 10:03:02 - [MESSAGE][INFO] - Found 3 web elements with id: 'Object Repository/Filtreler/Butonlar' located by 'By.cssSelector: .dxb>span' in '10' second(s)

2021-11-23 10:03:02 - [MESSAGE][PASSED] - Method.TextDegerineEsitElementeTikla is PASSED

2021-11-23 10:03:02 - [TEST_STEP][PASSED] - sayac = sayac - 1: null

2021-11-23 10:03:02 - [TEST_STEP][PASSED] - Console.println(sayac): null

2021-11-23 10:03:02 - [TEST_STEP][PASSED] - if (sayac == 0): Actual text and expected text of test object 'Object Repository/Tablo/DurumBilgisiIrsaliye' are matched.

2021-11-23 10:03:02 - [MESSAGE][INFO] - Finding Test Object 'Object Repository/Tablo/DurumBilgisiIrsaliye'

2021-11-23 10:03:02 - [MESSAGE][INFO] - Checking object

2021-11-23 10:03:02 - [MESSAGE][INFO] - Finding web element from Test Object's properties

2021-11-23 10:03:02 - [MESSAGE][INFO] - Checking timeout

2021-11-23 10:03:02 - [MESSAGE][INFO] - Finding web element with id: 'Object Repository/Tablo/DurumBilgisiIrsaliye' located by 'By.xpath: //*[@id = 'GridViewDespatchAdvice_tccell0_6']' in '30' second(s)

2021-11-23 10:03:02 - [MESSAGE][INFO] - Smart Wait Function is triggered

2021-11-23 10:03:03 - [MESSAGE][INFO] - Found 1 web elements with id: 'Object Repository/Tablo/DurumBilgisiIrsaliye' located by 'By.xpath: //*[@id = 'GridViewDespatchAdvice_tccell0_6']' in '30' second(s)

2021-11-23 10:03:03 - [MESSAGE][PASSED] - Actual text and expected text of test object 'Object Repository/Tablo/DurumBilgisiIrsaliye' are matched.

2021-11-23 10:03:03 - [TEST_STEP][PASSED] - Method.TextDegerineEsitElementeTikla(findTestObject("Filtreler/Butonlar"), "Listele"): Method.TextDegerineEsitElementeTikla is PASSED

2021-11-23 10:03:03 - [MESSAGE][INFO] - Finding Test Object 'Object Repository/Filtreler/Butonlar'

2021-11-23 10:03:03 - [MESSAGE][INFO] - Checking timeout

2021-11-23 10:03:03 - [MESSAGE][INFO] - Finding web element with id: 'Object Repository/Filtreler/Butonlar' located by 'By.cssSelector: .dxb>span' in '10' second(s)

2021-11-23 10:03:03 - [MESSAGE][INFO] - Smart Wait Function is triggered

2021-11-23 10:03:03 - [MESSAGE][INFO] - Found 3 web elements with id: 'Object Repository/Filtreler/Butonlar' located by 'By.cssSelector: .dxb>span' in '10' second(s)

2021-11-23 10:03:03 - [MESSAGE][PASSED] - Method.TextDegerineEsitElementeTikla is PASSED

2021-11-23 10:03:03 - [TEST_STEP][PASSED] - sayac = sayac - 1: null

2021-11-23 10:03:03 - [TEST_STEP][PASSED] - Console.println(sayac): null

2021-11-23 10:03:03 - [TEST_STEP][PASSED] - if (sayac == 0): Actual text and expected text of test object 'Object Repository/Tablo/DurumBilgisiIrsaliye' are matched.

2021-11-23 10:03:03 - [MESSAGE][INFO] - Finding Test Object 'Object Repository/Tablo/DurumBilgisiIrsaliye'

2021-11-23 10:03:03 - [MESSAGE][INFO] - Checking object

2021-11-23 10:03:03 - [MESSAGE][INFO] - Finding web element from Test Object's properties

2021-11-23 10:03:03 - [MESSAGE][INFO] - Checking timeout

2021-11-23 10:03:03 - [MESSAGE][INFO] - Finding web element with id: 'Object Repository/Tablo/DurumBilgisiIrsaliye' located by 'By.xpath: //*[@id = 'GridViewDespatchAdvice_tccell0_6']' in '30' second(s)

2021-11-23 10:03:03 - [MESSAGE][INFO] - Smart Wait Function is triggered

2021-11-23 10:03:04 - [MESSAGE][INFO] - Found 1 web elements with id: 'Object Repository/Tablo/DurumBilgisiIrsaliye' located by 'By.xpath: //*[@id = 'GridViewDespatchAdvice_tccell0_6']' in '30' second(s)

2021-11-23 10:03:04 - [MESSAGE][PASSED] - Actual text and expected text of test object 'Object Repository/Tablo/DurumBilgisiIrsaliye' are matched.

2021-11-23 10:03:04 - [TEST_STEP][PASSED] - Method.TextDegerineEsitElementeTikla(findTestObject("Filtreler/Butonlar"), "Listele"): Method.TextDegerineEsitElementeTikla is PASSED

2021-11-23 10:03:04 - [MESSAGE][INFO] - Finding Test Object 'Object Repository/Filtreler/Butonlar'

2021-11-23 10:03:04 - [MESSAGE][INFO] - Checking timeout

2021-11-23 10:03:04 - [MESSAGE][INFO] - Finding web element with id: 'Object Repository/Filtreler/Butonlar' located by 'By.cssSelector: .dxb>span' in '10' second(s)

2021-11-23 10:03:04 - [MESSAGE][INFO] - Smart Wait Function is triggered

2021-11-23 10:03:04 - [MESSAGE][INFO] - Found 3 web elements with id: 'Object Repository/Filtreler/Butonlar' located by 'By.cssSelector: .dxb>span' in '10' second(s)

2021-11-23 10:03:04 - [MESSAGE][PASSED] - Method.TextDegerineEsitElementeTikla is PASSED

2021-11-23 10:03:04 - [TEST_STEP][PASSED] - sayac = sayac - 1: null

2021-11-23 10:03:04 - [TEST_STEP][PASSED] - Console.println(sayac): null

2021-11-23 10:03:04 - [TEST_STEP][PASSED] - if (sayac == 0): Actual text and expected text of test object 'Object Repository/Tablo/DurumBilgisiIrsaliye' are matched.

2021-11-23 10:03:04 - [MESSAGE][INFO] - Finding Test Object 'Object Repository/Tablo/DurumBilgisiIrsaliye'

2021-11-23 10:03:04 - [MESSAGE][INFO] - Checking object

2021-11-23 10:03:04 - [MESSAGE][INFO] - Finding web element from Test Object's properties

2021-11-23 10:03:04 - [MESSAGE][INFO] - Checking timeout

2021-11-23 10:03:04 - [MESSAGE][INFO] - Finding web element with id: 'Object Repository/Tablo/DurumBilgisiIrsaliye' located by 'By.xpath: //*[@id = 'GridViewDespatchAdvice_tccell0_6']' in '30' second(s)

2021-11-23 10:03:04 - [MESSAGE][INFO] - Smart Wait Function is triggered

2021-11-23 10:03:05 - [MESSAGE][INFO] - Found 1 web elements with id: 'Object Repository/Tablo/DurumBilgisiIrsaliye' located by 'By.xpath: //*[@id = 'GridViewDespatchAdvice_tccell0_6']' in '30' second(s)

2021-11-23 10:03:05 - [MESSAGE][PASSED] - Actual text and expected text of test object 'Object Repository/Tablo/DurumBilgisiIrsaliye' are matched.

2021-11-23 10:03:05 - [TEST_STEP][PASSED] - Method.TextDegerineEsitElementeTikla(findTestObject("Filtreler/Butonlar"), "Listele"): Method.TextDegerineEsitElementeTikla is PASSED

2021-11-23 10:03:05 - [MESSAGE][INFO] - Finding Test Object 'Object Repository/Filtreler/Butonlar'

2021-11-23 10:03:05 - [MESSAGE][INFO] - Checking timeout

2021-11-23 10:03:05 - [MESSAGE][INFO] - Finding web element with id: 'Object Repository/Filtreler/Butonlar' located by 'By.cssSelector: .dxb>span' in '10' second(s)

2021-11-23 10:03:05 - [MESSAGE][INFO] - Smart Wait Function is triggered

2021-11-23 10:03:05 - [MESSAGE][INFO] - Found 3 web elements with id: 'Object Repository/Filtreler/Butonlar' located by 'By.cssSelector: .dxb>span' in '10' second(s)

2021-11-23 10:03:05 - [MESSAGE][PASSED] - Method.TextDegerineEsitElementeTikla is PASSED

2021-11-23 10:03:05 - [TEST_STEP][PASSED] - sayac = sayac - 1: null

2021-11-23 10:03:05 - [TEST_STEP][PASSED] - Console.println(sayac): null

2021-11-23 10:03:05 - [TEST_STEP][PASSED] - if (sayac == 0): Actual text and expected text of test object 'Object Repository/Tablo/DurumBilgisiIrsaliye' are matched.

2021-11-23 10:03:05 - [MESSAGE][INFO] - Finding Test Object 'Object Repository/Tablo/DurumBilgisiIrsaliye'

2021-11-23 10:03:05 - [MESSAGE][INFO] - Checking object

2021-11-23 10:03:05 - [MESSAGE][INFO] - Finding web element from Test Object's properties

2021-11-23 10:03:05 - [MESSAGE][INFO] - Checking timeout

2021-11-23 10:03:05 - [MESSAGE][INFO] - Finding web element with id: 'Object Repository/Tablo/DurumBilgisiIrsaliye' located by 'By.xpath: //*[@id = 'GridViewDespatchAdvice_tccell0_6']' in '30' second(s)

2021-11-23 10:03:05 - [MESSAGE][INFO] - Smart Wait Function is triggered

2021-11-23 10:03:06 - [MESSAGE][INFO] - Found 1 web elements with id: 'Object Repository/Tablo/DurumBilgisiIrsaliye' located by 'By.xpath: //*[@id = 'GridViewDespatchAdvice_tccell0_6']' in '30' second(s)

2021-11-23 10:03:06 - [MESSAGE][PASSED] - Actual text and expected text of test object 'Object Repository/Tablo/DurumBilgisiIrsaliye' are matched.

2021-11-23 10:03:06 - [TEST_STEP][PASSED] - Method.TextDegerineEsitElementeTikla(findTestObject("Filtreler/Butonlar"), "Listele"): Method.TextDegerineEsitElementeTikla is PASSED

2021-11-23 10:03:06 - [MESSAGE][INFO] - Finding Test Object 'Object Repository/Filtreler/Butonlar'

2021-11-23 10:03:06 - [MESSAGE][INFO] - Checking timeout

2021-11-23 10:03:06 - [MESSAGE][INFO] - Finding web element with id: 'Object Repository/Filtreler/Butonlar' located by 'By.cssSelector: .dxb>span' in '10' second(s)

2021-11-23 10:03:06 - [MESSAGE][INFO] - Smart Wait Function is triggered

2021-11-23 10:03:06 - [MESSAGE][INFO] - Found 3 web elements with id: 'Object Repository/Filtreler/Butonlar' located by 'By.cssSelector: .dxb>span' in '10' second(s)

2021-11-23 10:03:06 - [MESSAGE][PASSED] - Method.TextDegerineEsitElementeTikla is PASSED

2021-11-23 10:03:06 - [TEST_STEP][PASSED] - sayac = sayac - 1: null

2021-11-23 10:03:06 - [TEST_STEP][PASSED] - Console.println(sayac): null

2021-11-23 10:03:06 - [TEST_STEP][PASSED] - if (sayac == 0): Actual text and expected text of test object 'Object Repository/Tablo/DurumBilgisiIrsaliye' are matched.

2021-11-23 10:03:06 - [MESSAGE][INFO] - Finding Test Object 'Object Repository/Tablo/DurumBilgisiIrsaliye'

2021-11-23 10:03:06 - [MESSAGE][INFO] - Checking object

2021-11-23 10:03:06 - [MESSAGE][INFO] - Finding web element from Test Object's properties

2021-11-23 10:03:06 - [MESSAGE][INFO] - Checking timeout

2021-11-23 10:03:06 - [MESSAGE][INFO] - Finding web element with id: 'Object Repository/Tablo/DurumBilgisiIrsaliye' located by 'By.xpath: //*[@id = 'GridViewDespatchAdvice_tccell0_6']' in '30' second(s)

2021-11-23 10:03:06 - [MESSAGE][INFO] - Smart Wait Function is triggered

2021-11-23 10:03:07 - [MESSAGE][INFO] - Found 1 web elements with id: 'Object Repository/Tablo/DurumBilgisiIrsaliye' located by 'By.xpath: //*[@id = 'GridViewDespatchAdvice_tccell0_6']' in '30' second(s)

2021-11-23 10:03:07 - [MESSAGE][PASSED] - Actual text and expected text of test object 'Object Repository/Tablo/DurumBilgisiIrsaliye' are matched.

2021-11-23 10:03:07 - [TEST_STEP][PASSED] - Method.TextDegerineEsitElementeTikla(findTestObject("Filtreler/Butonlar"), "Listele"): Method.TextDegerineEsitElementeTikla is PASSED

2021-11-23 10:03:07 - [MESSAGE][INFO] - Finding Test Object 'Object Repository/Filtreler/Butonlar'

2021-11-23 10:03:07 - [MESSAGE][INFO] - Checking timeout

2021-11-23 10:03:07 - [MESSAGE][INFO] - Finding web element with id: 'Object Repository/Filtreler/Butonlar' located by 'By.cssSelector: .dxb>span' in '10' second(s)

2021-11-23 10:03:07 - [MESSAGE][INFO] - Smart Wait Function is triggered

2021-11-23 10:03:07 - [MESSAGE][INFO] - Found 3 web elements with id: 'Object Repository/Filtreler/Butonlar' located by 'By.cssSelector: .dxb>span' in '10' second(s)

2021-11-23 10:03:08 - [MESSAGE][PASSED] - Method.TextDegerineEsitElementeTikla is PASSED

2021-11-23 10:03:08 - [TEST_STEP][PASSED] - sayac = sayac - 1: null

2021-11-23 10:03:08 - [TEST_STEP][PASSED] - Console.println(sayac): null

2021-11-23 10:03:08 - [TEST_STEP][PASSED] - if (sayac == 0): Actual text and expected text of test object 'Object Repository/Tablo/DurumBilgisiIrsaliye' are matched.

2021-11-23 10:03:08 - [MESSAGE][INFO] - Finding Test Object 'Object Repository/Tablo/DurumBilgisiIrsaliye'

2021-11-23 10:03:08 - [MESSAGE][INFO] - Checking object

2021-11-23 10:03:08 - [MESSAGE][INFO] - Finding web element from Test Object's properties

2021-11-23 10:03:08 - [MESSAGE][INFO] - Checking timeout

2021-11-23 10:03:08 - [MESSAGE][INFO] - Finding web element with id: 'Object Repository/Tablo/DurumBilgisiIrsaliye' located by 'By.xpath: //*[@id = 'GridViewDespatchAdvice_tccell0_6']' in '30' second(s)

2021-11-23 10:03:08 - [MESSAGE][INFO] - Smart Wait Function is triggered

2021-11-23 10:03:08 - [MESSAGE][INFO] - Found 1 web elements with id: 'Object Repository/Tablo/DurumBilgisiIrsaliye' located by 'By.xpath: //*[@id = 'GridViewDespatchAdvice_tccell0_6']' in '30' second(s)

2021-11-23 10:03:08 - [MESSAGE][PASSED] - Actual text and expected text of test object 'Object Repository/Tablo/DurumBilgisiIrsaliye' are matched.

2021-11-23 10:03:08 - [TEST_STEP][PASSED] - Method.TextDegerineEsitElementeTikla(findTestObject("Filtreler/Butonlar"), "Listele"): Method.TextDegerineEsitElementeTikla is PASSED

2021-11-23 10:03:08 - [MESSAGE][INFO] - Finding Test Object 'Object Repository/Filtreler/Butonlar'

2021-11-23 10:03:08 - [MESSAGE][INFO] - Checking timeout

2021-11-23 10:03:08 - [MESSAGE][INFO] - Finding web element with id: 'Object Repository/Filtreler/Butonlar' located by 'By.cssSelector: .dxb>span' in '10' second(s)

2021-11-23 10:03:08 - [MESSAGE][INFO] - Smart Wait Function is triggered

2021-11-23 10:03:08 - [MESSAGE][INFO] - Found 3 web elements with id: 'Object Repository/Filtreler/Butonlar' located by 'By.cssSelector: .dxb>span' in '10' second(s)

2021-11-23 10:03:09 - [MESSAGE][PASSED] - Method.TextDegerineEsitElementeTikla is PASSED

2021-11-23 10:03:09 - [TEST_STEP][PASSED] - sayac = sayac - 1: null

2021-11-23 10:03:09 - [TEST_STEP][PASSED] - Console.println(sayac): null

2021-11-23 10:03:09 - [TEST_STEP][PASSED] - if (sayac == 0): Actual text and expected text of test object 'Object Repository/Tablo/DurumBilgisiIrsaliye' are matched.

2021-11-23 10:03:09 - [MESSAGE][INFO] - Finding Test Object 'Object Repository/Tablo/DurumBilgisiIrsaliye'

2021-11-23 10:03:09 - [MESSAGE][INFO] - Checking object

2021-11-23 10:03:09 - [MESSAGE][INFO] - Finding web element from Test Object's properties

2021-11-23 10:03:09 - [MESSAGE][INFO] - Checking timeout

2021-11-23 10:03:09 - [MESSAGE][INFO] - Finding web element with id: 'Object Repository/Tablo/DurumBilgisiIrsaliye' located by 'By.xpath: //*[@id = 'GridViewDespatchAdvice_tccell0_6']' in '30' second(s)

2021-11-23 10:03:09 - [MESSAGE][INFO] - Smart Wait Function is triggered

2021-11-23 10:03:09 - [MESSAGE][INFO] - Found 1 web elements with id: 'Object Repository/Tablo/DurumBilgisiIrsaliye' located by 'By.xpath: //*[@id = 'GridViewDespatchAdvice_tccell0_6']' in '30' second(s)

2021-11-23 10:03:09 - [MESSAGE][PASSED] - Actual text and expected text of test object 'Object Repository/Tablo/DurumBilgisiIrsaliye' are matched.

2021-11-23 10:03:09 - [TEST_STEP][PASSED] - Method.TextDegerineEsitElementeTikla(findTestObject("Filtreler/Butonlar"), "Listele"): Method.TextDegerineEsitElementeTikla is PASSED

2021-11-23 10:03:09 - [MESSAGE][INFO] - Finding Test Object 'Object Repository/Filtreler/Butonlar'

2021-11-23 10:03:09 - [MESSAGE][INFO] - Checking timeout

2021-11-23 10:03:09 - [MESSAGE][INFO] - Finding web element with id: 'Object Repository/Filtreler/Butonlar' located by 'By.cssSelector: .dxb>span' in '10' second(s)

2021-11-23 10:03:09 - [MESSAGE][INFO] - Smart Wait Function is triggered

2021-11-23 10:03:10 - [MESSAGE][INFO] - Found 3 web elements with id: 'Object Repository/Filtreler/Butonlar' located by 'By.cssSelector: .dxb>span' in '10' second(s)

2021-11-23 10:03:10 - [MESSAGE][PASSED] - Method.TextDegerineEsitElementeTikla is PASSED

2021-11-23 10:03:10 - [TEST_STEP][PASSED] - sayac = sayac - 1: null

2021-11-23 10:03:10 - [TEST_STEP][PASSED] - Console.println(sayac): null

2021-11-23 10:03:10 - [TEST_STEP][PASSED] - if (sayac == 0): Actual text and expected text of test object 'Object Repository/Tablo/DurumBilgisiIrsaliye' are matched.

2021-11-23 10:03:10 - [MESSAGE][INFO] - Finding Test Object 'Object Repository/Tablo/DurumBilgisiIrsaliye'

2021-11-23 10:03:10 - [MESSAGE][INFO] - Checking object

2021-11-23 10:03:10 - [MESSAGE][INFO] - Finding web element from Test Object's properties

2021-11-23 10:03:10 - [MESSAGE][INFO] - Checking timeout

2021-11-23 10:03:10 - [MESSAGE][INFO] - Finding web element with id: 'Object Repository/Tablo/DurumBilgisiIrsaliye' located by 'By.xpath: //*[@id = 'GridViewDespatchAdvice_tccell0_6']' in '30' second(s)

2021-11-23 10:03:10 - [MESSAGE][INFO] - Smart Wait Function is triggered

2021-11-23 10:03:10 - [MESSAGE][INFO] - Found 1 web elements with id: 'Object Repository/Tablo/DurumBilgisiIrsaliye' located by 'By.xpath: //*[@id = 'GridViewDespatchAdvice_tccell0_6']' in '30' second(s)

2021-11-23 10:03:10 - [MESSAGE][PASSED] - Actual text and expected text of test object 'Object Repository/Tablo/DurumBilgisiIrsaliye' are matched.

2021-11-23 10:03:10 - [TEST_STEP][PASSED] - Method.TextDegerineEsitElementeTikla(findTestObject("Filtreler/Butonlar"), "Listele"): Method.TextDegerineEsitElementeTikla is PASSED

2021-11-23 10:03:10 - [MESSAGE][INFO] - Finding Test Object 'Object Repository/Filtreler/Butonlar'

2021-11-23 10:03:10 - [MESSAGE][INFO] - Checking timeout

2021-11-23 10:03:10 - [MESSAGE][INFO] - Finding web element with id: 'Object Repository/Filtreler/Butonlar' located by 'By.cssSelector: .dxb>span' in '10' second(s)

2021-11-23 10:03:10 - [MESSAGE][INFO] - Smart Wait Function is triggered

2021-11-23 10:03:11 - [MESSAGE][INFO] - Found 3 web elements with id: 'Object Repository/Filtreler/Butonlar' located by 'By.cssSelector: .dxb>span' in '10' second(s)

2021-11-23 10:03:11 - [MESSAGE][PASSED] - Method.TextDegerineEsitElementeTikla is PASSED

2021-11-23 10:03:11 - [TEST_STEP][PASSED] - sayac = sayac - 1: null

2021-11-23 10:03:11 - [TEST_STEP][PASSED] - Console.println(sayac): null

2021-11-23 10:03:11 - [TEST_STEP][PASSED] - if (sayac == 0): Actual text and expected text of test object 'Object Repository/Tablo/DurumBilgisiIrsaliye' are matched.

2021-11-23 10:03:11 - [MESSAGE][INFO] - Finding Test Object 'Object Repository/Tablo/DurumBilgisiIrsaliye'

2021-11-23 10:03:11 - [MESSAGE][INFO] - Checking object

2021-11-23 10:03:11 - [MESSAGE][INFO] - Finding web element from Test Object's properties

2021-11-23 10:03:11 - [MESSAGE][INFO] - Checking timeout

2021-11-23 10:03:11 - [MESSAGE][INFO] - Finding web element with id: 'Object Repository/Tablo/DurumBilgisiIrsaliye' located by 'By.xpath: //*[@id = 'GridViewDespatchAdvice_tccell0_6']' in '30' second(s)

2021-11-23 10:03:11 - [MESSAGE][INFO] - Smart Wait Function is triggered

2021-11-23 10:03:13 - [MESSAGE][INFO] - Found 1 web elements with id: 'Object Repository/Tablo/DurumBilgisiIrsaliye' located by 'By.xpath: //*[@id = 'GridViewDespatchAdvice_tccell0_6']' in '30' second(s)

2021-11-23 10:03:13 - [MESSAGE][PASSED] - Actual text and expected text of test object 'Object Repository/Tablo/DurumBilgisiIrsaliye' are matched.

2021-11-23 10:03:13 - [TEST_STEP][PASSED] - Method.TextDegerineEsitElementeTikla(findTestObject("Filtreler/Butonlar"), "Listele"): Method.TextDegerineEsitElementeTikla is PASSED

2021-11-23 10:03:13 - [MESSAGE][INFO] - Finding Test Object 'Object Repository/Filtreler/Butonlar'

2021-11-23 10:03:13 - [MESSAGE][INFO] - Checking timeout

2021-11-23 10:03:13 - [MESSAGE][INFO] - Finding web element with id: 'Object Repository/Filtreler/Butonlar' located by 'By.cssSelector: .dxb>span' in '10' second(s)

2021-11-23 10:03:13 - [MESSAGE][INFO] - Smart Wait Function is triggered

2021-11-23 10:03:14 - [MESSAGE][INFO] - Found 3 web elements with id: 'Object Repository/Filtreler/Butonlar' located by 'By.cssSelector: .dxb>span' in '10' second(s)

2021-11-23 10:03:14 - [MESSAGE][PASSED] - Method.TextDegerineEsitElementeTikla is PASSED

2021-11-23 10:03:14 - [TEST_STEP][PASSED] - sayac = sayac - 1: null

2021-11-23 10:03:14 - [TEST_STEP][PASSED] - Console.println(sayac): null

2021-11-23 10:03:14 - [TEST_STEP][PASSED] - if (sayac == 0): Actual text and expected text of test object 'Object Repository/Tablo/DurumBilgisiIrsaliye' are matched.

2021-11-23 10:03:14 - [MESSAGE][INFO] - Finding Test Object 'Object Repository/Tablo/DurumBilgisiIrsaliye'

2021-11-23 10:03:14 - [MESSAGE][INFO] - Checking object

2021-11-23 10:03:14 - [MESSAGE][INFO] - Finding web element from Test Object's properties

2021-11-23 10:03:14 - [MESSAGE][INFO] - Checking timeout

2021-11-23 10:03:14 - [MESSAGE][INFO] - Finding web element with id: 'Object Repository/Tablo/DurumBilgisiIrsaliye' located by 'By.xpath: //*[@id = 'GridViewDespatchAdvice_tccell0_6']' in '30' second(s)

2021-11-23 10:03:14 - [MESSAGE][INFO] - Smart Wait Function is triggered

2021-11-23 10:03:14 - [MESSAGE][INFO] - Found 1 web elements with id: 'Object Repository/Tablo/DurumBilgisiIrsaliye' located by 'By.xpath: //*[@id = 'GridViewDespatchAdvice_tccell0_6']' in '30' second(s)

2021-11-23 10:03:14 - [MESSAGE][PASSED] - Actual text and expected text of test object 'Object Repository/Tablo/DurumBilgisiIrsaliye' are matched.

2021-11-23 10:03:14 - [TEST_STEP][PASSED] - Method.TextDegerineEsitElementeTikla(findTestObject("Filtreler/Butonlar"), "Listele"): Method.TextDegerineEsitElementeTikla is PASSED

2021-11-23 10:03:14 - [MESSAGE][INFO] - Finding Test Object 'Object Repository/Filtreler/Butonlar'

2021-11-23 10:03:15 - [MESSAGE][INFO] - Checking timeout

2021-11-23 10:03:15 - [MESSAGE][INFO] - Finding web element with id: 'Object Repository/Filtreler/Butonlar' located by 'By.cssSelector: .dxb>span' in '10' second(s)

2021-11-23 10:03:15 - [MESSAGE][INFO] - Smart Wait Function is triggered

2021-11-23 10:03:15 - [MESSAGE][INFO] - Found 3 web elements with id: 'Object Repository/Filtreler/Butonlar' located by 'By.cssSelector: .dxb>span' in '10' second(s)

2021-11-23 10:03:15 - [MESSAGE][PASSED] - Method.TextDegerineEsitElementeTikla is PASSED

2021-11-23 10:03:15 - [TEST_STEP][PASSED] - sayac = sayac - 1: null

2021-11-23 10:03:15 - [TEST_STEP][PASSED] - Console.println(sayac): null

2021-11-23 10:03:15 - [TEST_STEP][PASSED] - if (sayac == 0): Actual text and expected text of test object 'Object Repository/Tablo/DurumBilgisiIrsaliye' are matched.

2021-11-23 10:03:15 - [MESSAGE][INFO] - Finding Test Object 'Object Repository/Tablo/DurumBilgisiIrsaliye'

2021-11-23 10:03:15 - [MESSAGE][INFO] - Checking object

2021-11-23 10:03:15 - [MESSAGE][INFO] - Finding web element from Test Object's properties

2021-11-23 10:03:15 - [MESSAGE][INFO] - Checking timeout

2021-11-23 10:03:15 - [MESSAGE][INFO] - Finding web element with id: 'Object Repository/Tablo/DurumBilgisiIrsaliye' located by 'By.xpath: //*[@id = 'GridViewDespatchAdvice_tccell0_6']' in '30' second(s)

2021-11-23 10:03:15 - [MESSAGE][INFO] - Smart Wait Function is triggered

2021-11-23 10:03:16 - [MESSAGE][INFO] - Found 1 web elements with id: 'Object Repository/Tablo/DurumBilgisiIrsaliye' located by 'By.xpath: //*[@id = 'GridViewDespatchAdvice_tccell0_6']' in '30' second(s)

2021-11-23 10:03:16 - [MESSAGE][PASSED] - Actual text and expected text of test object 'Object Repository/Tablo/DurumBilgisiIrsaliye' are matched.

2021-11-23 10:03:16 - [TEST_STEP][PASSED] - Method.TextDegerineEsitElementeTikla(findTestObject("Filtreler/Butonlar"), "Listele"): Method.TextDegerineEsitElementeTikla is PASSED

2021-11-23 10:03:16 - [MESSAGE][INFO] - Finding Test Object 'Object Repository/Filtreler/Butonlar'

2021-11-23 10:03:16 - [MESSAGE][INFO] - Checking timeout

2021-11-23 10:03:16 - [MESSAGE][INFO] - Finding web element with id: 'Object Repository/Filtreler/Butonlar' located by 'By.cssSelector: .dxb>span' in '10' second(s)

2021-11-23 10:03:16 - [MESSAGE][INFO] - Smart Wait Function is triggered

2021-11-23 10:03:16 - [MESSAGE][INFO] - Found 3 web elements with id: 'Object Repository/Filtreler/Butonlar' located by 'By.cssSelector: .dxb>span' in '10' second(s)

2021-11-23 10:03:16 - [MESSAGE][PASSED] - Method.TextDegerineEsitElementeTikla is PASSED

2021-11-23 10:03:16 - [TEST_STEP][PASSED] - sayac = sayac - 1: null

2021-11-23 10:03:16 - [TEST_STEP][PASSED] - Console.println(sayac): null

2021-11-23 10:03:16 - [TEST_STEP][PASSED] - if (sayac == 0): Actual text and expected text of test object 'Object Repository/Tablo/DurumBilgisiIrsaliye' are matched.

2021-11-23 10:03:16 - [MESSAGE][INFO] - Finding Test Object 'Object Repository/Tablo/DurumBilgisiIrsaliye'

2021-11-23 10:03:16 - [MESSAGE][INFO] - Checking object

2021-11-23 10:03:16 - [MESSAGE][INFO] - Finding web element from Test Object's properties

2021-11-23 10:03:16 - [MESSAGE][INFO] - Checking timeout

2021-11-23 10:03:16 - [MESSAGE][INFO] - Finding web element with id: 'Object Repository/Tablo/DurumBilgisiIrsaliye' located by 'By.xpath: //*[@id = 'GridViewDespatchAdvice_tccell0_6']' in '30' second(s)

2021-11-23 10:03:16 - [MESSAGE][INFO] - Smart Wait Function is triggered

2021-11-23 10:03:17 - [MESSAGE][INFO] - Found 1 web elements with id: 'Object Repository/Tablo/DurumBilgisiIrsaliye' located by 'By.xpath: //*[@id = 'GridViewDespatchAdvice_tccell0_6']' in '30' second(s)

2021-11-23 10:03:17 - [MESSAGE][PASSED] - Actual text and expected text of test object 'Object Repository/Tablo/DurumBilgisiIrsaliye' are matched.

2021-11-23 10:03:17 - [TEST_STEP][PASSED] - Method.TextDegerineEsitElementeTikla(findTestObject("Filtreler/Butonlar"), "Listele"): Method.TextDegerineEsitElementeTikla is PASSED

2021-11-23 10:03:17 - [MESSAGE][INFO] - Finding Test Object 'Object Repository/Filtreler/Butonlar'

2021-11-23 10:03:17 - [MESSAGE][INFO] - Checking timeout

2021-11-23 10:03:17 - [MESSAGE][INFO] - Finding web element with id: 'Object Repository/Filtreler/Butonlar' located by 'By.cssSelector: .dxb>span' in '10' second(s)

2021-11-23 10:03:17 - [MESSAGE][INFO] - Smart Wait Function is triggered

2021-11-23 10:03:17 - [MESSAGE][INFO] - Found 3 web elements with id: 'Object Repository/Filtreler/Butonlar' located by 'By.cssSelector: .dxb>span' in '10' second(s)

2021-11-23 10:03:17 - [MESSAGE][PASSED] - Method.TextDegerineEsitElementeTikla is PASSED

2021-11-23 10:03:17 - [TEST_STEP][PASSED] - sayac = sayac - 1: null

2021-11-23 10:03:17 - [TEST_STEP][PASSED] - Console.println(sayac): null

2021-11-23 10:03:17 - [TEST_STEP][PASSED] - if (sayac == 0): Actual text and expected text of test object 'Object Repository/Tablo/DurumBilgisiIrsaliye' are matched.

2021-11-23 10:03:17 - [MESSAGE][INFO] - Finding Test Object 'Object Repository/Tablo/DurumBilgisiIrsaliye'

2021-11-23 10:03:17 - [MESSAGE][INFO] - Checking object

2021-11-23 10:03:17 - [MESSAGE][INFO] - Finding web element from Test Object's properties

2021-11-23 10:03:17 - [MESSAGE][INFO] - Checking timeout

2021-11-23 10:03:17 - [MESSAGE][INFO] - Finding web element with id: 'Object Repository/Tablo/DurumBilgisiIrsaliye' located by 'By.xpath: //*[@id = 'GridViewDespatchAdvice_tccell0_6']' in '30' second(s)

2021-11-23 10:03:17 - [MESSAGE][INFO] - Smart Wait Function is triggered

2021-11-23 10:03:18 - [MESSAGE][INFO] - Found 1 web elements with id: 'Object Repository/Tablo/DurumBilgisiIrsaliye' located by 'By.xpath: //*[@id = 'GridViewDespatchAdvice_tccell0_6']' in '30' second(s)

2021-11-23 10:03:18 - [MESSAGE][PASSED] - Actual text and expected text of test object 'Object Repository/Tablo/DurumBilgisiIrsaliye' are matched.

2021-11-23 10:03:18 - [TEST_STEP][PASSED] - Method.TextDegerineEsitElementeTikla(findTestObject("Filtreler/Butonlar"), "Listele"): Method.TextDegerineEsitElementeTikla is PASSED

2021-11-23 10:03:18 - [MESSAGE][INFO] - Finding Test Object 'Object Repository/Filtreler/Butonlar'

2021-11-23 10:03:18 - [MESSAGE][INFO] - Checking timeout

2021-11-23 10:03:18 - [MESSAGE][INFO] - Finding web element with id: 'Object Repository/Filtreler/Butonlar' located by 'By.cssSelector: .dxb>span' in '10' second(s)

2021-11-23 10:03:18 - [MESSAGE][INFO] - Smart Wait Function is triggered

2021-11-23 10:03:18 - [MESSAGE][INFO] - Found 3 web elements with id: 'Object Repository/Filtreler/Butonlar' located by 'By.cssSelector: .dxb>span' in '10' second(s)

2021-11-23 10:03:18 - [MESSAGE][PASSED] - Method.TextDegerineEsitElementeTikla is PASSED

2021-11-23 10:03:18 - [TEST_STEP][PASSED] - sayac = sayac - 1: null

2021-11-23 10:03:18 - [TEST_STEP][PASSED] - Console.println(sayac): null

2021-11-23 10:03:18 - [TEST_STEP][PASSED] - if (sayac == 0): Actual text and expected text of test object 'Object Repository/Tablo/DurumBilgisiIrsaliye' are matched.

2021-11-23 10:03:18 - [MESSAGE][INFO] - Finding Test Object 'Object Repository/Tablo/DurumBilgisiIrsaliye'

2021-11-23 10:03:18 - [MESSAGE][INFO] - Checking object

2021-11-23 10:03:18 - [MESSAGE][INFO] - Finding web element from Test Object's properties

2021-11-23 10:03:18 - [MESSAGE][INFO] - Checking timeout

2021-11-23 10:03:18 - [MESSAGE][INFO] - Finding web element with id: 'Object Repository/Tablo/DurumBilgisiIrsaliye' located by 'By.xpath: //*[@id = 'GridViewDespatchAdvice_tccell0_6']' in '30' second(s)

2021-11-23 10:03:18 - [MESSAGE][INFO] - Smart Wait Function is triggered

2021-11-23 10:03:19 - [MESSAGE][INFO] - Found 1 web elements with id: 'Object Repository/Tablo/DurumBilgisiIrsaliye' located by 'By.xpath: //*[@id = 'GridViewDespatchAdvice_tccell0_6']' in '30' second(s)

2021-11-23 10:03:19 - [MESSAGE][PASSED] - Actual text and expected text of test object 'Object Repository/Tablo/DurumBilgisiIrsaliye' are matched.

2021-11-23 10:03:19 - [TEST_STEP][PASSED] - Method.TextDegerineEsitElementeTikla(findTestObject("Filtreler/Butonlar"), "Listele"): Method.TextDegerineEsitElementeTikla is PASSED

2021-11-23 10:03:19 - [MESSAGE][INFO] - Finding Test Object 'Object Repository/Filtreler/Butonlar'

2021-11-23 10:03:19 - [MESSAGE][INFO] - Checking timeout

2021-11-23 10:03:19 - [MESSAGE][INFO] - Finding web element with id: 'Object Repository/Filtreler/Butonlar' located by 'By.cssSelector: .dxb>span' in '10' second(s)

2021-11-23 10:03:19 - [MESSAGE][INFO] - Smart Wait Function is triggered

2021-11-23 10:03:19 - [MESSAGE][INFO] - Found 3 web elements with id: 'Object Repository/Filtreler/Butonlar' located by 'By.cssSelector: .dxb>span' in '10' second(s)

2021-11-23 10:03:20 - [MESSAGE][PASSED] - Method.TextDegerineEsitElementeTikla is PASSED

2021-11-23 10:03:20 - [TEST_STEP][PASSED] - sayac = sayac - 1: null

2021-11-23 10:03:20 - [TEST_STEP][PASSED] - Console.println(sayac): null

2021-11-23 10:03:20 - [TEST_STEP][PASSED] - if (sayac == 0): Actual text and expected text of test object 'Object Repository/Tablo/DurumBilgisiIrsaliye' are matched.

2021-11-23 10:03:20 - [MESSAGE][INFO] - Finding Test Object 'Object Repository/Tablo/DurumBilgisiIrsaliye'

2021-11-23 10:03:20 - [MESSAGE][INFO] - Checking object

2021-11-23 10:03:20 - [MESSAGE][INFO] - Finding web element from Test Object's properties

2021-11-23 10:03:20 - [MESSAGE][INFO] - Checking timeout

2021-11-23 10:03:20 - [MESSAGE][INFO] - Finding web element with id: 'Object Repository/Tablo/DurumBilgisiIrsaliye' located by 'By.xpath: //*[@id = 'GridViewDespatchAdvice_tccell0_6']' in '30' second(s)

2021-11-23 10:03:20 - [MESSAGE][INFO] - Smart Wait Function is triggered

2021-11-23 10:03:20 - [MESSAGE][INFO] - Found 1 web elements with id: 'Object Repository/Tablo/DurumBilgisiIrsaliye' located by 'By.xpath: //*[@id = 'GridViewDespatchAdvice_tccell0_6']' in '30' second(s)

2021-11-23 10:03:20 - [MESSAGE][PASSED] - Actual text and expected text of test object 'Object Repository/Tablo/DurumBilgisiIrsaliye' are matched.

2021-11-23 10:03:20 - [TEST_STEP][PASSED] - Method.TextDegerineEsitElementeTikla(findTestObject("Filtreler/Butonlar"), "Listele"): Method.TextDegerineEsitElementeTikla is PASSED

2021-11-23 10:03:20 - [MESSAGE][INFO] - Finding Test Object 'Object Repository/Filtreler/Butonlar'

2021-11-23 10:03:20 - [MESSAGE][INFO] - Checking timeout

2021-11-23 10:03:20 - [MESSAGE][INFO] - Finding web element with id: 'Object Repository/Filtreler/Butonlar' located by 'By.cssSelector: .dxb>span' in '10' second(s)

2021-11-23 10:03:20 - [MESSAGE][INFO] - Smart Wait Function is triggered

2021-11-23 10:03:21 - [MESSAGE][INFO] - Found 3 web elements with id: 'Object Repository/Filtreler/Butonlar' located by 'By.cssSelector: .dxb>span' in '10' second(s)

2021-11-23 10:03:21 - [MESSAGE][PASSED] - Method.TextDegerineEsitElementeTikla is PASSED

2021-11-23 10:03:21 - [TEST_STEP][PASSED] - sayac = sayac - 1: null

2021-11-23 10:03:21 - [TEST_STEP][PASSED] - Console.println(sayac): null

2021-11-23 10:03:21 - [TEST_STEP][PASSED] - if (sayac == 0): Actual text and expected text of test object 'Object Repository/Tablo/DurumBilgisiIrsaliye' are matched.

2021-11-23 10:03:21 - [MESSAGE][INFO] - Finding Test Object 'Object Repository/Tablo/DurumBilgisiIrsaliye'

2021-11-23 10:03:21 - [MESSAGE][INFO] - Checking object

2021-11-23 10:03:21 - [MESSAGE][INFO] - Finding web element from Test Object's properties

2021-11-23 10:03:21 - [MESSAGE][INFO] - Checking timeout

2021-11-23 10:03:21 - [MESSAGE][INFO] - Finding web element with id: 'Object Repository/Tablo/DurumBilgisiIrsaliye' located by 'By.xpath: //*[@id = 'GridViewDespatchAdvice_tccell0_6']' in '30' second(s)

2021-11-23 10:03:21 - [MESSAGE][INFO] - Smart Wait Function is triggered

2021-11-23 10:03:21 - [MESSAGE][INFO] - Found 1 web elements with id: 'Object Repository/Tablo/DurumBilgisiIrsaliye' located by 'By.xpath: //*[@id = 'GridViewDespatchAdvice_tccell0_6']' in '30' second(s)

2021-11-23 10:03:21 - [MESSAGE][PASSED] - Actual text and expected text of test object 'Object Repository/Tablo/DurumBilgisiIrsaliye' are matched.

2021-11-23 10:03:21 - [TEST_STEP][PASSED] - Method.TextDegerineEsitElementeTikla(findTestObject("Filtreler/Butonlar"), "Listele"): Method.TextDegerineEsitElementeTikla is PASSED

2021-11-23 10:03:21 - [MESSAGE][INFO] - Finding Test Object 'Object Repository/Filtreler/Butonlar'

2021-11-23 10:03:21 - [MESSAGE][INFO] - Checking timeout

2021-11-23 10:03:21 - [MESSAGE][INFO] - Finding web element with id: 'Object Repository/Filtreler/Butonlar' located by 'By.cssSelector: .dxb>span' in '10' second(s)

2021-11-23 10:03:21 - [MESSAGE][INFO] - Smart Wait Function is triggered

2021-11-23 10:03:22 - [MESSAGE][INFO] - Found 3 web elements with id: 'Object Repository/Filtreler/Butonlar' located by 'By.cssSelector: .dxb>span' in '10' second(s)

2021-11-23 10:03:22 - [MESSAGE][PASSED] - Method.TextDegerineEsitElementeTikla is PASSED

2021-11-23 10:03:22 - [TEST_STEP][PASSED] - sayac = sayac - 1: null

2021-11-23 10:03:22 - [TEST_STEP][PASSED] - Console.println(sayac): null

2021-11-23 10:03:22 - [TEST_STEP][PASSED] - if (sayac == 0): Actual text and expected text of test object 'Object Repository/Tablo/DurumBilgisiIrsaliye' are matched.

2021-11-23 10:03:22 - [MESSAGE][INFO] - Finding Test Object 'Object Repository/Tablo/DurumBilgisiIrsaliye'

2021-11-23 10:03:22 - [MESSAGE][INFO] - Checking object

2021-11-23 10:03:22 - [MESSAGE][INFO] - Finding web element from Test Object's properties

2021-11-23 10:03:22 - [MESSAGE][INFO] - Checking timeout

2021-11-23 10:03:22 - [MESSAGE][INFO] - Finding web element with id: 'Object Repository/Tablo/DurumBilgisiIrsaliye' located by 'By.xpath: //*[@id = 'GridViewDespatchAdvice_tccell0_6']' in '30' second(s)

2021-11-23 10:03:22 - [MESSAGE][INFO] - Smart Wait Function is triggered

2021-11-23 10:03:22 - [MESSAGE][INFO] - Found 1 web elements with id: 'Object Repository/Tablo/DurumBilgisiIrsaliye' located by 'By.xpath: //*[@id = 'GridViewDespatchAdvice_tccell0_6']' in '30' second(s)

2021-11-23 10:03:22 - [MESSAGE][PASSED] - Actual text and expected text of test object 'Object Repository/Tablo/DurumBilgisiIrsaliye' are matched.

2021-11-23 10:03:22 - [TEST_STEP][PASSED] - Method.TextDegerineEsitElementeTikla(findTestObject("Filtreler/Butonlar"), "Listele"): Method.TextDegerineEsitElementeTikla is PASSED

2021-11-23 10:03:22 - [MESSAGE][INFO] - Finding Test Object 'Object Repository/Filtreler/Butonlar'

2021-11-23 10:03:22 - [MESSAGE][INFO] - Checking timeout

2021-11-23 10:03:22 - [MESSAGE][INFO] - Finding web element with id: 'Object Repository/Filtreler/Butonlar' located by 'By.cssSelector: .dxb>span' in '10' second(s)

2021-11-23 10:03:22 - [MESSAGE][INFO] - Smart Wait Function is triggered

2021-11-23 10:03:23 - [MESSAGE][INFO] - Found 3 web elements with id: 'Object Repository/Filtreler/Butonlar' located by 'By.cssSelector: .dxb>span' in '10' second(s)

2021-11-23 10:03:23 - [MESSAGE][PASSED] - Method.TextDegerineEsitElementeTikla is PASSED

2021-11-23 10:03:23 - [TEST_STEP][PASSED] - sayac = sayac - 1: null

2021-11-23 10:03:23 - [TEST_STEP][PASSED] - Console.println(sayac): null

2021-11-23 10:03:23 - [TEST_STEP][PASSED] - if (sayac == 0): Actual text and expected text of test object 'Object Repository/Tablo/DurumBilgisiIrsaliye' are matched.

2021-11-23 10:03:23 - [MESSAGE][INFO] - Finding Test Object 'Object Repository/Tablo/DurumBilgisiIrsaliye'

2021-11-23 10:03:23 - [MESSAGE][INFO] - Checking object

2021-11-23 10:03:23 - [MESSAGE][INFO] - Finding web element from Test Object's properties

2021-11-23 10:03:23 - [MESSAGE][INFO] - Checking timeout

2021-11-23 10:03:23 - [MESSAGE][INFO] - Finding web element with id: 'Object Repository/Tablo/DurumBilgisiIrsaliye' located by 'By.xpath: //*[@id = 'GridViewDespatchAdvice_tccell0_6']' in '30' second(s)

2021-11-23 10:03:23 - [MESSAGE][INFO] - Smart Wait Function is triggered

2021-11-23 10:03:23 - [MESSAGE][INFO] - Found 1 web elements with id: 'Object Repository/Tablo/DurumBilgisiIrsaliye' located by 'By.xpath: //*[@id = 'GridViewDespatchAdvice_tccell0_6']' in '30' second(s)

2021-11-23 10:03:23 - [MESSAGE][PASSED] - Actual text and expected text of test object 'Object Repository/Tablo/DurumBilgisiIrsaliye' are matched.

2021-11-23 10:03:23 - [TEST_STEP][PASSED] - Method.TextDegerineEsitElementeTikla(findTestObject("Filtreler/Butonlar"), "Listele"): Method.TextDegerineEsitElementeTikla is PASSED

2021-11-23 10:03:23 - [MESSAGE][INFO] - Finding Test Object 'Object Repository/Filtreler/Butonlar'

2021-11-23 10:03:23 - [MESSAGE][INFO] - Checking timeout

2021-11-23 10:03:23 - [MESSAGE][INFO] - Finding web element with id: 'Object Repository/Filtreler/Butonlar' located by 'By.cssSelector: .dxb>span' in '10' second(s)

2021-11-23 10:03:23 - [MESSAGE][INFO] - Smart Wait Function is triggered

2021-11-23 10:03:24 - [MESSAGE][INFO] - Found 3 web elements with id: 'Object Repository/Filtreler/Butonlar' located by 'By.cssSelector: .dxb>span' in '10' second(s)

2021-11-23 10:03:24 - [MESSAGE][PASSED] - Method.TextDegerineEsitElementeTikla is PASSED

2021-11-23 10:03:24 - [TEST_STEP][PASSED] - sayac = sayac - 1: null

2021-11-23 10:03:24 - [TEST_STEP][PASSED] - Console.println(sayac): null

2021-11-23 10:03:24 - [TEST_STEP][PASSED] - if (sayac == 0): Actual text and expected text of test object 'Object Repository/Tablo/DurumBilgisiIrsaliye' are matched.

2021-11-23 10:03:24 - [MESSAGE][INFO] - Finding Test Object 'Object Repository/Tablo/DurumBilgisiIrsaliye'

2021-11-23 10:03:24 - [MESSAGE][INFO] - Checking object

2021-11-23 10:03:24 - [MESSAGE][INFO] - Finding web element from Test Object's properties

2021-11-23 10:03:24 - [MESSAGE][INFO] - Checking timeout

2021-11-23 10:03:24 - [MESSAGE][INFO] - Finding web element with id: 'Object Repository/Tablo/DurumBilgisiIrsaliye' located by 'By.xpath: //*[@id = 'GridViewDespatchAdvice_tccell0_6']' in '30' second(s)

2021-11-23 10:03:24 - [MESSAGE][INFO] - Smart Wait Function is triggered

2021-11-23 10:03:24 - [MESSAGE][INFO] - Found 1 web elements with id: 'Object Repository/Tablo/DurumBilgisiIrsaliye' located by 'By.xpath: //*[@id = 'GridViewDespatchAdvice_tccell0_6']' in '30' second(s)

2021-11-23 10:03:24 - [MESSAGE][PASSED] - Actual text and expected text of test object 'Object Repository/Tablo/DurumBilgisiIrsaliye' are matched.

2021-11-23 10:03:24 - [TEST_STEP][PASSED] - Method.TextDegerineEsitElementeTikla(findTestObject("Filtreler/Butonlar"), "Listele"): Method.TextDegerineEsitElementeTikla is PASSED

2021-11-23 10:03:24 - [MESSAGE][INFO] - Finding Test Object 'Object Repository/Filtreler/Butonlar'

2021-11-23 10:03:25 - [MESSAGE][INFO] - Checking timeout

2021-11-23 10:03:25 - [MESSAGE][INFO] - Finding web element with id: 'Object Repository/Filtreler/Butonlar' located by 'By.cssSelector: .dxb>span' in '10' second(s)

2021-11-23 10:03:25 - [MESSAGE][INFO] - Smart Wait Function is triggered

2021-11-23 10:03:25 - [MESSAGE][INFO] - Found 3 web elements with id: 'Object Repository/Filtreler/Butonlar' located by 'By.cssSelector: .dxb>span' in '10' second(s)

2021-11-23 10:03:25 - [MESSAGE][PASSED] - Method.TextDegerineEsitElementeTikla is PASSED

2021-11-23 10:03:25 - [TEST_STEP][PASSED] - sayac = sayac - 1: null

2021-11-23 10:03:25 - [TEST_STEP][PASSED] - Console.println(sayac): null

2021-11-23 10:03:25 - [TEST_STEP][PASSED] - if (sayac == 0): Actual text and expected text of test object 'Object Repository/Tablo/DurumBilgisiIrsaliye' are matched.

2021-11-23 10:03:25 - [MESSAGE][INFO] - Finding Test Object 'Object Repository/Tablo/DurumBilgisiIrsaliye'

2021-11-23 10:03:25 - [MESSAGE][INFO] - Checking object

2021-11-23 10:03:25 - [MESSAGE][INFO] - Finding web element from Test Object's properties

2021-11-23 10:03:25 - [MESSAGE][INFO] - Checking timeout

2021-11-23 10:03:25 - [MESSAGE][INFO] - Finding web element with id: 'Object Repository/Tablo/DurumBilgisiIrsaliye' located by 'By.xpath: //*[@id = 'GridViewDespatchAdvice_tccell0_6']' in '30' second(s)

2021-11-23 10:03:25 - [MESSAGE][INFO] - Smart Wait Function is triggered

2021-11-23 10:03:26 - [MESSAGE][INFO] - Found 1 web elements with id: 'Object Repository/Tablo/DurumBilgisiIrsaliye' located by 'By.xpath: //*[@id = 'GridViewDespatchAdvice_tccell0_6']' in '30' second(s)

2021-11-23 10:03:26 - [MESSAGE][PASSED] - Actual text and expected text of test object 'Object Repository/Tablo/DurumBilgisiIrsaliye' are matched.

2021-11-23 10:03:26 - [TEST_STEP][PASSED] - Method.TextDegerineEsitElementeTikla(findTestObject("Filtreler/Butonlar"), "Listele"): Method.TextDegerineEsitElementeTikla is PASSED

2021-11-23 10:03:26 - [MESSAGE][INFO] - Finding Test Object 'Object Repository/Filtreler/Butonlar'

2021-11-23 10:03:26 - [MESSAGE][INFO] - Checking timeout

2021-11-23 10:03:26 - [MESSAGE][INFO] - Finding web element with id: 'Object Repository/Filtreler/Butonlar' located by 'By.cssSelector: .dxb>span' in '10' second(s)

2021-11-23 10:03:26 - [MESSAGE][INFO] - Smart Wait Function is triggered

2021-11-23 10:03:26 - [MESSAGE][INFO] - Found 3 web elements with id: 'Object Repository/Filtreler/Butonlar' located by 'By.cssSelector: .dxb>span' in '10' second(s)

2021-11-23 10:03:26 - [MESSAGE][PASSED] - Method.TextDegerineEsitElementeTikla is PASSED

2021-11-23 10:03:26 - [TEST_STEP][PASSED] - sayac = sayac - 1: null

2021-11-23 10:03:26 - [TEST_STEP][PASSED] - Console.println(sayac): null

2021-11-23 10:03:26 - [TEST_STEP][PASSED] - if (sayac == 0): Actual text and expected text of test object 'Object Repository/Tablo/DurumBilgisiIrsaliye' are matched.

2021-11-23 10:03:26 - [MESSAGE][INFO] - Finding Test Object 'Object Repository/Tablo/DurumBilgisiIrsaliye'

2021-11-23 10:03:26 - [MESSAGE][INFO] - Checking object

2021-11-23 10:03:26 - [MESSAGE][INFO] - Finding web element from Test Object's properties

2021-11-23 10:03:26 - [MESSAGE][INFO] - Checking timeout

2021-11-23 10:03:26 - [MESSAGE][INFO] - Finding web element with id: 'Object Repository/Tablo/DurumBilgisiIrsaliye' located by 'By.xpath: //*[@id = 'GridViewDespatchAdvice_tccell0_6']' in '30' second(s)

2021-11-23 10:03:26 - [MESSAGE][INFO] - Smart Wait Function is triggered

2021-11-23 10:03:27 - [MESSAGE][INFO] - Found 1 web elements with id: 'Object Repository/Tablo/DurumBilgisiIrsaliye' located by 'By.xpath: //*[@id = 'GridViewDespatchAdvice_tccell0_6']' in '30' second(s)

2021-11-23 10:03:27 - [MESSAGE][PASSED] - Actual text and expected text of test object 'Object Repository/Tablo/DurumBilgisiIrsaliye' are matched.

2021-11-23 10:03:27 - [TEST_STEP][PASSED] - Method.TextDegerineEsitElementeTikla(findTestObject("Filtreler/Butonlar"), "Listele"): Method.TextDegerineEsitElementeTikla is PASSED

2021-11-23 10:03:27 - [MESSAGE][INFO] - Finding Test Object 'Object Repository/Filtreler/Butonlar'

2021-11-23 10:03:27 - [MESSAGE][INFO] - Checking timeout

2021-11-23 10:03:27 - [MESSAGE][INFO] - Finding web element with id: 'Object Repository/Filtreler/Butonlar' located by 'By.cssSelector: .dxb>span' in '10' second(s)

2021-11-23 10:03:27 - [MESSAGE][INFO] - Smart Wait Function is triggered

2021-11-23 10:03:27 - [MESSAGE][INFO] - Found 3 web elements with id: 'Object Repository/Filtreler/Butonlar' located by 'By.cssSelector: .dxb>span' in '10' second(s)

2021-11-23 10:03:27 - [MESSAGE][PASSED] - Method.TextDegerineEsitElementeTikla is PASSED

2021-11-23 10:03:27 - [TEST_STEP][PASSED] - sayac = sayac - 1: null

2021-11-23 10:03:27 - [TEST_STEP][PASSED] - Console.println(sayac): null

2021-11-23 10:03:27 - [TEST_STEP][PASSED] - if (sayac == 0): Actual text and expected text of test object 'Object Repository/Tablo/DurumBilgisiIrsaliye' are matched.

2021-11-23 10:03:27 - [MESSAGE][INFO] - Finding Test Object 'Object Repository/Tablo/DurumBilgisiIrsaliye'

2021-11-23 10:03:27 - [MESSAGE][INFO] - Checking object

2021-11-23 10:03:27 - [MESSAGE][INFO] - Finding web element from Test Object's properties

2021-11-23 10:03:27 - [MESSAGE][INFO] - Checking timeout

2021-11-23 10:03:27 - [MESSAGE][INFO] - Finding web element with id: 'Object Repository/Tablo/DurumBilgisiIrsaliye' located by 'By.xpath: //*[@id = 'GridViewDespatchAdvice_tccell0_6']' in '30' second(s)

2021-11-23 10:03:27 - [MESSAGE][INFO] - Smart Wait Function is triggered

2021-11-23 10:03:28 - [MESSAGE][INFO] - Found 1 web elements with id: 'Object Repository/Tablo/DurumBilgisiIrsaliye' located by 'By.xpath: //*[@id = 'GridViewDespatchAdvice_tccell0_6']' in '30' second(s)

2021-11-23 10:03:28 - [MESSAGE][PASSED] - Actual text and expected text of test object 'Object Repository/Tablo/DurumBilgisiIrsaliye' are matched.

2021-11-23 10:03:28 - [TEST_STEP][PASSED] - Method.TextDegerineEsitElementeTikla(findTestObject("Filtreler/Butonlar"), "Listele"): Method.TextDegerineEsitElementeTikla is PASSED

2021-11-23 10:03:28 - [MESSAGE][INFO] - Finding Test Object 'Object Repository/Filtreler/Butonlar'

2021-11-23 10:03:28 - [MESSAGE][INFO] - Checking timeout

2021-11-23 10:03:28 - [MESSAGE][INFO] - Finding web element with id: 'Object Repository/Filtreler/Butonlar' located by 'By.cssSelector: .dxb>span' in '10' second(s)

2021-11-23 10:03:28 - [MESSAGE][INFO] - Smart Wait Function is triggered

2021-11-23 10:03:28 - [MESSAGE][INFO] - Found 3 web elements with id: 'Object Repository/Filtreler/Butonlar' located by 'By.cssSelector: .dxb>span' in '10' second(s)

2021-11-23 10:03:28 - [MESSAGE][PASSED] - Method.TextDegerineEsitElementeTikla is PASSED

2021-11-23 10:03:28 - [TEST_STEP][PASSED] - sayac = sayac - 1: null

2021-11-23 10:03:28 - [TEST_STEP][PASSED] - Console.println(sayac): null

2021-11-23 10:03:28 - [TEST_STEP][PASSED] - if (sayac == 0): Actual text and expected text of test object 'Object Repository/Tablo/DurumBilgisiIrsaliye' are matched.

2021-11-23 10:03:28 - [MESSAGE][INFO] - Finding Test Object 'Object Repository/Tablo/DurumBilgisiIrsaliye'

2021-11-23 10:03:28 - [MESSAGE][INFO] - Checking object

2021-11-23 10:03:28 - [MESSAGE][INFO] - Finding web element from Test Object's properties

2021-11-23 10:03:28 - [MESSAGE][INFO] - Checking timeout

2021-11-23 10:03:28 - [MESSAGE][INFO] - Finding web element with id: 'Object Repository/Tablo/DurumBilgisiIrsaliye' located by 'By.xpath: //*[@id = 'GridViewDespatchAdvice_tccell0_6']' in '30' second(s)

2021-11-23 10:03:28 - [MESSAGE][INFO] - Smart Wait Function is triggered

2021-11-23 10:03:29 - [MESSAGE][INFO] - Found 1 web elements with id: 'Object Repository/Tablo/DurumBilgisiIrsaliye' located by 'By.xpath: //*[@id = 'GridViewDespatchAdvice_tccell0_6']' in '30' second(s)

2021-11-23 10:03:29 - [MESSAGE][PASSED] - Actual text and expected text of test object 'Object Repository/Tablo/DurumBilgisiIrsaliye' are matched.

2021-11-23 10:03:29 - [TEST_STEP][PASSED] - Method.TextDegerineEsitElementeTikla(findTestObject("Filtreler/Butonlar"), "Listele"): Method.TextDegerineEsitElementeTikla is PASSED

2021-11-23 10:03:29 - [MESSAGE][INFO] - Finding Test Object 'Object Repository/Filtreler/Butonlar'

2021-11-23 10:03:29 - [MESSAGE][INFO] - Checking timeout

2021-11-23 10:03:29 - [MESSAGE][INFO] - Finding web element with id: 'Object Repository/Filtreler/Butonlar' located by 'By.cssSelector: .dxb>span' in '10' second(s)

2021-11-23 10:03:29 - [MESSAGE][INFO] - Smart Wait Function is triggered

2021-11-23 10:03:29 - [MESSAGE][INFO] - Found 3 web elements with id: 'Object Repository/Filtreler/Butonlar' located by 'By.cssSelector: .dxb>span' in '10' second(s)

2021-11-23 10:03:29 - [MESSAGE][PASSED] - Method.TextDegerineEsitElementeTikla is PASSED

2021-11-23 10:03:29 - [TEST_STEP][PASSED] - sayac = sayac - 1: null

2021-11-23 10:03:29 - [TEST_STEP][PASSED] - Console.println(sayac): null

2021-11-23 10:03:29 - [TEST_STEP][PASSED] - if (sayac == 0): Actual text and expected text of test object 'Object Repository/Tablo/DurumBilgisiIrsaliye' are matched.

2021-11-23 10:03:29 - [MESSAGE][INFO] - Finding Test Object 'Object Repository/Tablo/DurumBilgisiIrsaliye'

2021-11-23 10:03:29 - [MESSAGE][INFO] - Checking object

2021-11-23 10:03:29 - [MESSAGE][INFO] - Finding web element from Test Object's properties

2021-11-23 10:03:29 - [MESSAGE][INFO] - Checking timeout

2021-11-23 10:03:29 - [MESSAGE][INFO] - Finding web element with id: 'Object Repository/Tablo/DurumBilgisiIrsaliye' located by 'By.xpath: //*[@id = 'GridViewDespatchAdvice_tccell0_6']' in '30' second(s)

2021-11-23 10:03:29 - [MESSAGE][INFO] - Smart Wait Function is triggered

2021-11-23 10:03:30 - [MESSAGE][INFO] - Found 1 web elements with id: 'Object Repository/Tablo/DurumBilgisiIrsaliye' located by 'By.xpath: //*[@id = 'GridViewDespatchAdvice_tccell0_6']' in '30' second(s)

2021-11-23 10:03:30 - [MESSAGE][PASSED] - Actual text and expected text of test object 'Object Repository/Tablo/DurumBilgisiIrsaliye' are matched.

2021-11-23 10:03:30 - [TEST_STEP][PASSED] - Method.TextDegerineEsitElementeTikla(findTestObject("Filtreler/Butonlar"), "Listele"): Method.TextDegerineEsitElementeTikla is PASSED

2021-11-23 10:03:30 - [MESSAGE][INFO] - Finding Test Object 'Object Repository/Filtreler/Butonlar'

2021-11-23 10:03:30 - [MESSAGE][INFO] - Checking timeout

2021-11-23 10:03:30 - [MESSAGE][INFO] - Finding web element with id: 'Object Repository/Filtreler/Butonlar' located by 'By.cssSelector: .dxb>span' in '10' second(s)

2021-11-23 10:03:30 - [MESSAGE][INFO] - Smart Wait Function is triggered

2021-11-23 10:03:30 - [MESSAGE][INFO] - Found 3 web elements with id: 'Object Repository/Filtreler/Butonlar' located by 'By.cssSelector: .dxb>span' in '10' second(s)

2021-11-23 10:03:30 - [MESSAGE][PASSED] - Method.TextDegerineEsitElementeTikla is PASSED

2021-11-23 10:03:30 - [TEST_STEP][PASSED] - sayac = sayac - 1: null

2021-11-23 10:03:30 - [TEST_STEP][PASSED] - Console.println(sayac): null

2021-11-23 10:03:30 - [TEST_STEP][PASSED] - if (sayac == 0): Actual text and expected text of test object 'Object Repository/Tablo/DurumBilgisiIrsaliye' are matched.

2021-11-23 10:03:30 - [MESSAGE][INFO] - Finding Test Object 'Object Repository/Tablo/DurumBilgisiIrsaliye'

2021-11-23 10:03:31 - [MESSAGE][INFO] - Checking object

2021-11-23 10:03:31 - [MESSAGE][INFO] - Finding web element from Test Object's properties

2021-11-23 10:03:31 - [MESSAGE][INFO] - Checking timeout

2021-11-23 10:03:31 - [MESSAGE][INFO] - Finding web element with id: 'Object Repository/Tablo/DurumBilgisiIrsaliye' located by 'By.xpath: //*[@id = 'GridViewDespatchAdvice_tccell0_6']' in '30' second(s)

2021-11-23 10:03:31 - [MESSAGE][INFO] - Smart Wait Function is triggered

2021-11-23 10:03:31 - [MESSAGE][INFO] - Found 1 web elements with id: 'Object Repository/Tablo/DurumBilgisiIrsaliye' located by 'By.xpath: //*[@id = 'GridViewDespatchAdvice_tccell0_6']' in '30' second(s)

2021-11-23 10:03:31 - [MESSAGE][PASSED] - Actual text and expected text of test object 'Object Repository/Tablo/DurumBilgisiIrsaliye' are matched.

2021-11-23 10:03:31 - [TEST_STEP][PASSED] - Method.TextDegerineEsitElementeTikla(findTestObject("Filtreler/Butonlar"), "Listele"): Method.TextDegerineEsitElementeTikla is PASSED

2021-11-23 10:03:31 - [MESSAGE][INFO] - Finding Test Object 'Object Repository/Filtreler/Butonlar'

2021-11-23 10:03:31 - [MESSAGE][INFO] - Checking timeout

2021-11-23 10:03:31 - [MESSAGE][INFO] - Finding web element with id: 'Object Repository/Filtreler/Butonlar' located by 'By.cssSelector: .dxb>span' in '10' second(s)

2021-11-23 10:03:31 - [MESSAGE][INFO] - Smart Wait Function is triggered

2021-11-23 10:03:32 - [MESSAGE][INFO] - Found 3 web elements with id: 'Object Repository/Filtreler/Butonlar' located by 'By.cssSelector: .dxb>span' in '10' second(s)

2021-11-23 10:03:32 - [MESSAGE][PASSED] - Method.TextDegerineEsitElementeTikla is PASSED

2021-11-23 10:03:32 - [TEST_STEP][PASSED] - sayac = sayac - 1: null

2021-11-23 10:03:32 - [TEST_STEP][PASSED] - Console.println(sayac): null

2021-11-23 10:03:32 - [TEST_STEP][PASSED] - if (sayac == 0): Actual text and expected text of test object 'Object Repository/Tablo/DurumBilgisiIrsaliye' are matched.

2021-11-23 10:03:32 - [MESSAGE][INFO] - Finding Test Object 'Object Repository/Tablo/DurumBilgisiIrsaliye'

2021-11-23 10:03:32 - [MESSAGE][INFO] - Checking object

2021-11-23 10:03:32 - [MESSAGE][INFO] - Finding web element from Test Object's properties

2021-11-23 10:03:32 - [MESSAGE][INFO] - Checking timeout

2021-11-23 10:03:32 - [MESSAGE][INFO] - Finding web element with id: 'Object Repository/Tablo/DurumBilgisiIrsaliye' located by 'By.xpath: //*[@id = 'GridViewDespatchAdvice_tccell0_6']' in '30' second(s)

2021-11-23 10:03:32 - [MESSAGE][INFO] - Smart Wait Function is triggered

2021-11-23 10:03:32 - [MESSAGE][INFO] - Found 1 web elements with id: 'Object Repository/Tablo/DurumBilgisiIrsaliye' located by 'By.xpath: //*[@id = 'GridViewDespatchAdvice_tccell0_6']' in '30' second(s)

2021-11-23 10:03:32 - [MESSAGE][PASSED] - Actual text and expected text of test object 'Object Repository/Tablo/DurumBilgisiIrsaliye' are matched.

2021-11-23 10:03:32 - [TEST_STEP][PASSED] - Method.TextDegerineEsitElementeTikla(findTestObject("Filtreler/Butonlar"), "Listele"): Method.TextDegerineEsitElementeTikla is PASSED

2021-11-23 10:03:32 - [MESSAGE][INFO] - Finding Test Object 'Object Repository/Filtreler/Butonlar'

2021-11-23 10:03:32 - [MESSAGE][INFO] - Checking timeout

2021-11-23 10:03:32 - [MESSAGE][INFO] - Finding web element with id: 'Object Repository/Filtreler/Butonlar' located by 'By.cssSelector: .dxb>span' in '10' second(s)

2021-11-23 10:03:32 - [MESSAGE][INFO] - Smart Wait Function is triggered

2021-11-23 10:03:33 - [MESSAGE][INFO] - Found 3 web elements with id: 'Object Repository/Filtreler/Butonlar' located by 'By.cssSelector: .dxb>span' in '10' second(s)

2021-11-23 10:03:33 - [MESSAGE][PASSED] - Method.TextDegerineEsitElementeTikla is PASSED

2021-11-23 10:03:33 - [TEST_STEP][PASSED] - sayac = sayac - 1: null

2021-11-23 10:03:33 - [TEST_STEP][PASSED] - Console.println(sayac): null

2021-11-23 10:03:33 - [TEST_STEP][PASSED] - if (sayac == 0): Actual text and expected text of test object 'Object Repository/Tablo/DurumBilgisiIrsaliye' are matched.

2021-11-23 10:03:33 - [MESSAGE][INFO] - Finding Test Object 'Object Repository/Tablo/DurumBilgisiIrsaliye'

2021-11-23 10:03:33 - [MESSAGE][INFO] - Checking object

2021-11-23 10:03:33 - [MESSAGE][INFO] - Finding web element from Test Object's properties

2021-11-23 10:03:33 - [MESSAGE][INFO] - Checking timeout

2021-11-23 10:03:33 - [MESSAGE][INFO] - Finding web element with id: 'Object Repository/Tablo/DurumBilgisiIrsaliye' located by 'By.xpath: //*[@id = 'GridViewDespatchAdvice_tccell0_6']' in '30' second(s)

2021-11-23 10:03:33 - [MESSAGE][INFO] - Smart Wait Function is triggered

2021-11-23 10:03:34 - [MESSAGE][INFO] - Found 1 web elements with id: 'Object Repository/Tablo/DurumBilgisiIrsaliye' located by 'By.xpath: //*[@id = 'GridViewDespatchAdvice_tccell0_6']' in '30' second(s)

2021-11-23 10:03:34 - [MESSAGE][PASSED] - Actual text and expected text of test object 'Object Repository/Tablo/DurumBilgisiIrsaliye' are matched.

2021-11-23 10:03:34 - [TEST_STEP][PASSED] - Method.TextDegerineEsitElementeTikla(findTestObject("Filtreler/Butonlar"), "Listele"): Method.TextDegerineEsitElementeTikla is PASSED

2021-11-23 10:03:34 - [MESSAGE][INFO] - Finding Test Object 'Object Repository/Filtreler/Butonlar'

2021-11-23 10:03:34 - [MESSAGE][INFO] - Checking timeout

2021-11-23 10:03:34 - [MESSAGE][INFO] - Finding web element with id: 'Object Repository/Filtreler/Butonlar' located by 'By.cssSelector: .dxb>span' in '10' second(s)

2021-11-23 10:03:34 - [MESSAGE][INFO] - Smart Wait Function is triggered

2021-11-23 10:03:34 - [MESSAGE][INFO] - Found 3 web elements with id: 'Object Repository/Filtreler/Butonlar' located by 'By.cssSelector: .dxb>span' in '10' second(s)

2021-11-23 10:03:34 - [MESSAGE][PASSED] - Method.TextDegerineEsitElementeTikla is PASSED

2021-11-23 10:03:34 - [TEST_STEP][PASSED] - sayac = sayac - 1: null

2021-11-23 10:03:34 - [TEST_STEP][PASSED] - Console.println(sayac): null

2021-11-23 10:03:34 - [TEST_STEP][PASSED] - if (sayac == 0): Actual text and expected text of test object 'Object Repository/Tablo/DurumBilgisiIrsaliye' are matched.

2021-11-23 10:03:34 - [MESSAGE][INFO] - Finding Test Object 'Object Repository/Tablo/DurumBilgisiIrsaliye'

2021-11-23 10:03:34 - [MESSAGE][INFO] - Checking object

2021-11-23 10:03:34 - [MESSAGE][INFO] - Finding web element from Test Object's properties

2021-11-23 10:03:34 - [MESSAGE][INFO] - Checking timeout

2021-11-23 10:03:34 - [MESSAGE][INFO] - Finding web element with id: 'Object Repository/Tablo/DurumBilgisiIrsaliye' located by 'By.xpath: //*[@id = 'GridViewDespatchAdvice_tccell0_6']' in '30' second(s)

2021-11-23 10:03:34 - [MESSAGE][INFO] - Smart Wait Function is triggered

2021-11-23 10:03:35 - [MESSAGE][INFO] - Found 1 web elements with id: 'Object Repository/Tablo/DurumBilgisiIrsaliye' located by 'By.xpath: //*[@id = 'GridViewDespatchAdvice_tccell0_6']' in '30' second(s)

2021-11-23 10:03:35 - [MESSAGE][PASSED] - Actual text and expected text of test object 'Object Repository/Tablo/DurumBilgisiIrsaliye' are matched.

2021-11-23 10:03:35 - [TEST_STEP][PASSED] - Method.TextDegerineEsitElementeTikla(findTestObject("Filtreler/Butonlar"), "Listele"): Method.TextDegerineEsitElementeTikla is PASSED

2021-11-23 10:03:35 - [MESSAGE][INFO] - Finding Test Object 'Object Repository/Filtreler/Butonlar'

2021-11-23 10:03:35 - [MESSAGE][INFO] - Checking timeout

2021-11-23 10:03:35 - [MESSAGE][INFO] - Finding web element with id: 'Object Repository/Filtreler/Butonlar' located by 'By.cssSelector: .dxb>span' in '10' second(s)

2021-11-23 10:03:35 - [MESSAGE][INFO] - Smart Wait Function is triggered

2021-11-23 10:03:35 - [MESSAGE][INFO] - Found 3 web elements with id: 'Object Repository/Filtreler/Butonlar' located by 'By.cssSelector: .dxb>span' in '10' second(s)

2021-11-23 10:03:35 - [MESSAGE][PASSED] - Method.TextDegerineEsitElementeTikla is PASSED

2021-11-23 10:03:35 - [TEST_STEP][PASSED] - sayac = sayac - 1: null

2021-11-23 10:03:35 - [TEST_STEP][PASSED] - Console.println(sayac): null

2021-11-23 10:03:35 - [TEST_STEP][PASSED] - if (sayac == 0): Actual text and expected text of test object 'Object Repository/Tablo/DurumBilgisiIrsaliye' are matched.

2021-11-23 10:03:35 - [MESSAGE][INFO] - Finding Test Object 'Object Repository/Tablo/DurumBilgisiIrsaliye'

2021-11-23 10:03:35 - [MESSAGE][INFO] - Checking object

2021-11-23 10:03:35 - [MESSAGE][INFO] - Finding web element from Test Object's properties

2021-11-23 10:03:35 - [MESSAGE][INFO] - Checking timeout

2021-11-23 10:03:35 - [MESSAGE][INFO] - Finding web element with id: 'Object Repository/Tablo/DurumBilgisiIrsaliye' located by 'By.xpath: //*[@id = 'GridViewDespatchAdvice_tccell0_6']' in '30' second(s)

2021-11-23 10:03:35 - [MESSAGE][INFO] - Smart Wait Function is triggered

2021-11-23 10:03:36 - [MESSAGE][INFO] - Found 1 web elements with id: 'Object Repository/Tablo/DurumBilgisiIrsaliye' located by 'By.xpath: //*[@id = 'GridViewDespatchAdvice_tccell0_6']' in '30' second(s)

2021-11-23 10:03:36 - [MESSAGE][PASSED] - Actual text and expected text of test object 'Object Repository/Tablo/DurumBilgisiIrsaliye' are matched.

2021-11-23 10:03:36 - [TEST_STEP][PASSED] - Method.TextDegerineEsitElementeTikla(findTestObject("Filtreler/Butonlar"), "Listele"): Method.TextDegerineEsitElementeTikla is PASSED

2021-11-23 10:03:36 - [MESSAGE][INFO] - Finding Test Object 'Object Repository/Filtreler/Butonlar'

2021-11-23 10:03:36 - [MESSAGE][INFO] - Checking timeout

2021-11-23 10:03:36 - [MESSAGE][INFO] - Finding web element with id: 'Object Repository/Filtreler/Butonlar' located by 'By.cssSelector: .dxb>span' in '10' second(s)

2021-11-23 10:03:36 - [MESSAGE][INFO] - Smart Wait Function is triggered

2021-11-23 10:03:36 - [MESSAGE][INFO] - Found 3 web elements with id: 'Object Repository/Filtreler/Butonlar' located by 'By.cssSelector: .dxb>span' in '10' second(s)

2021-11-23 10:03:36 - [MESSAGE][PASSED] - Method.TextDegerineEsitElementeTikla is PASSED

2021-11-23 10:03:36 - [TEST_STEP][PASSED] - sayac = sayac - 1: null

2021-11-23 10:03:36 - [TEST_STEP][PASSED] - Console.println(sayac): null

2021-11-23 10:03:36 - [TEST_STEP][PASSED] - if (sayac == 0): Actual text and expected text of test object 'Object Repository/Tablo/DurumBilgisiIrsaliye' are matched.

2021-11-23 10:03:36 - [MESSAGE][INFO] - Finding Test Object 'Object Repository/Tablo/DurumBilgisiIrsaliye'

2021-11-23 10:03:37 - [MESSAGE][INFO] - Checking object

2021-11-23 10:03:37 - [MESSAGE][INFO] - Finding web element from Test Object's properties

2021-11-23 10:03:37 - [MESSAGE][INFO] - Checking timeout

2021-11-23 10:03:37 - [MESSAGE][INFO] - Finding web element with id: 'Object Repository/Tablo/DurumBilgisiIrsaliye' located by 'By.xpath: //*[@id = 'GridViewDespatchAdvice_tccell0_6']' in '30' second(s)

2021-11-23 10:03:37 - [MESSAGE][INFO] - Smart Wait Function is triggered

2021-11-23 10:03:37 - [MESSAGE][INFO] - Found 1 web elements with id: 'Object Repository/Tablo/DurumBilgisiIrsaliye' located by 'By.xpath: //*[@id = 'GridViewDespatchAdvice_tccell0_6']' in '30' second(s)

2021-11-23 10:03:37 - [MESSAGE][PASSED] - Actual text and expected text of test object 'Object Repository/Tablo/DurumBilgisiIrsaliye' are matched.

2021-11-23 10:03:37 - [TEST_STEP][PASSED] - Method.TextDegerineEsitElementeTikla(findTestObject("Filtreler/Butonlar"), "Listele"): Method.TextDegerineEsitElementeTikla is PASSED

2021-11-23 10:03:37 - [MESSAGE][INFO] - Finding Test Object 'Object Repository/Filtreler/Butonlar'

2021-11-23 10:03:37 - [MESSAGE][INFO] - Checking timeout

2021-11-23 10:03:37 - [MESSAGE][INFO] - Finding web element with id: 'Object Repository/Filtreler/Butonlar' located by 'By.cssSelector: .dxb>span' in '10' second(s)

2021-11-23 10:03:37 - [MESSAGE][INFO] - Smart Wait Function is triggered

2021-11-23 10:03:37 - [MESSAGE][INFO] - Found 3 web elements with id: 'Object Repository/Filtreler/Butonlar' located by 'By.cssSelector: .dxb>span' in '10' second(s)

2021-11-23 10:03:37 - [MESSAGE][PASSED] - Method.TextDegerineEsitElementeTikla is PASSED

2021-11-23 10:03:37 - [TEST_STEP][PASSED] - sayac = sayac - 1: null

2021-11-23 10:03:37 - [TEST_STEP][PASSED] - Console.println(sayac): null

2021-11-23 10:03:37 - [TEST_STEP][PASSED] - if (sayac == 0): Actual text and expected text of test object 'Object Repository/Tablo/DurumBilgisiIrsaliye' are matched.

2021-11-23 10:03:37 - [MESSAGE][INFO] - Finding Test Object 'Object Repository/Tablo/DurumBilgisiIrsaliye'

2021-11-23 10:03:38 - [MESSAGE][INFO] - Checking object

2021-11-23 10:03:38 - [MESSAGE][INFO] - Finding web element from Test Object's properties

2021-11-23 10:03:38 - [MESSAGE][INFO] - Checking timeout

2021-11-23 10:03:38 - [MESSAGE][INFO] - Finding web element with id: 'Object Repository/Tablo/DurumBilgisiIrsaliye' located by 'By.xpath: //*[@id = 'GridViewDespatchAdvice_tccell0_6']' in '30' second(s)

2021-11-23 10:03:38 - [MESSAGE][INFO] - Smart Wait Function is triggered

2021-11-23 10:03:38 - [MESSAGE][INFO] - Found 1 web elements with id: 'Object Repository/Tablo/DurumBilgisiIrsaliye' located by 'By.xpath: //*[@id = 'GridViewDespatchAdvice_tccell0_6']' in '30' second(s)

2021-11-23 10:03:38 - [MESSAGE][PASSED] - Actual text and expected text of test object 'Object Repository/Tablo/DurumBilgisiIrsaliye' are matched.

2021-11-23 10:03:38 - [TEST_STEP][PASSED] - Method.TextDegerineEsitElementeTikla(findTestObject("Filtreler/Butonlar"), "Listele"): Method.TextDegerineEsitElementeTikla is PASSED

2021-11-23 10:03:38 - [MESSAGE][INFO] - Finding Test Object 'Object Repository/Filtreler/Butonlar'

2021-11-23 10:03:38 - [MESSAGE][INFO] - Checking timeout

2021-11-23 10:03:38 - [MESSAGE][INFO] - Finding web element with id: 'Object Repository/Filtreler/Butonlar' located by 'By.cssSelector: .dxb>span' in '10' second(s)

2021-11-23 10:03:38 - [MESSAGE][INFO] - Smart Wait Function is triggered

2021-11-23 10:03:39 - [MESSAGE][INFO] - Found 3 web elements with id: 'Object Repository/Filtreler/Butonlar' located by 'By.cssSelector: .dxb>span' in '10' second(s)

2021-11-23 10:03:39 - [MESSAGE][PASSED] - Method.TextDegerineEsitElementeTikla is PASSED

2021-11-23 10:03:39 - [TEST_STEP][PASSED] - sayac = sayac - 1: null

2021-11-23 10:03:39 - [TEST_STEP][PASSED] - Console.println(sayac): null

2021-11-23 10:03:39 - [TEST_STEP][PASSED] - if (sayac == 0): Actual text and expected text of test object 'Object Repository/Tablo/DurumBilgisiIrsaliye' are matched.

2021-11-23 10:03:39 - [MESSAGE][INFO] - Finding Test Object 'Object Repository/Tablo/DurumBilgisiIrsaliye'

2021-11-23 10:03:39 - [MESSAGE][INFO] - Checking object

2021-11-23 10:03:39 - [MESSAGE][INFO] - Finding web element from Test Object's properties

2021-11-23 10:03:39 - [MESSAGE][INFO] - Checking timeout

2021-11-23 10:03:39 - [MESSAGE][INFO] - Finding web element with id: 'Object Repository/Tablo/DurumBilgisiIrsaliye' located by 'By.xpath: //*[@id = 'GridViewDespatchAdvice_tccell0_6']' in '30' second(s)

2021-11-23 10:03:39 - [MESSAGE][INFO] - Smart Wait Function is triggered

2021-11-23 10:03:39 - [MESSAGE][INFO] - Found 1 web elements with id: 'Object Repository/Tablo/DurumBilgisiIrsaliye' located by 'By.xpath: //*[@id = 'GridViewDespatchAdvice_tccell0_6']' in '30' second(s)

2021-11-23 10:03:39 - [MESSAGE][PASSED] - Actual text and expected text of test object 'Object Repository/Tablo/DurumBilgisiIrsaliye' are matched.

2021-11-23 10:03:39 - [TEST_STEP][PASSED] - Method.TextDegerineEsitElementeTikla(findTestObject("Filtreler/Butonlar"), "Listele"): Method.TextDegerineEsitElementeTikla is PASSED

2021-11-23 10:03:39 - [MESSAGE][INFO] - Finding Test Object 'Object Repository/Filtreler/Butonlar'

2021-11-23 10:03:39 - [MESSAGE][INFO] - Checking timeout

2021-11-23 10:03:39 - [MESSAGE][INFO] - Finding web element with id: 'Object Repository/Filtreler/Butonlar' located by 'By.cssSelector: .dxb>span' in '10' second(s)

2021-11-23 10:03:39 - [MESSAGE][INFO] - Smart Wait Function is triggered

2021-11-23 10:03:40 - [MESSAGE][INFO] - Found 3 web elements with id: 'Object Repository/Filtreler/Butonlar' located by 'By.cssSelector: .dxb>span' in '10' second(s)

2021-11-23 10:03:40 - [MESSAGE][PASSED] - Method.TextDegerineEsitElementeTikla is PASSED

2021-11-23 10:03:40 - [TEST_STEP][PASSED] - sayac = sayac - 1: null

2021-11-23 10:03:40 - [TEST_STEP][PASSED] - Console.println(sayac): null

2021-11-23 10:03:40 - [TEST_STEP][PASSED] - if (sayac == 0): Actual text and expected text of test object 'Object Repository/Tablo/DurumBilgisiIrsaliye' are matched.

2021-11-23 10:03:40 - [MESSAGE][INFO] - Finding Test Object 'Object Repository/Tablo/DurumBilgisiIrsaliye'

2021-11-23 10:03:40 - [MESSAGE][INFO] - Checking object

2021-11-23 10:03:40 - [MESSAGE][INFO] - Finding web element from Test Object's properties

2021-11-23 10:03:40 - [MESSAGE][INFO] - Checking timeout

2021-11-23 10:03:40 - [MESSAGE][INFO] - Finding web element with id: 'Object Repository/Tablo/DurumBilgisiIrsaliye' located by 'By.xpath: //*[@id = 'GridViewDespatchAdvice_tccell0_6']' in '30' second(s)

2021-11-23 10:03:40 - [MESSAGE][INFO] - Smart Wait Function is triggered

2021-11-23 10:03:41 - [MESSAGE][INFO] - Found 1 web elements with id: 'Object Repository/Tablo/DurumBilgisiIrsaliye' located by 'By.xpath: //*[@id = 'GridViewDespatchAdvice_tccell0_6']' in '30' second(s)

2021-11-23 10:03:41 - [MESSAGE][PASSED] - Actual text and expected text of test object 'Object Repository/Tablo/DurumBilgisiIrsaliye' are matched.

2021-11-23 10:03:41 - [TEST_STEP][PASSED] - Method.TextDegerineEsitElementeTikla(findTestObject("Filtreler/Butonlar"), "Listele"): Method.TextDegerineEsitElementeTikla is PASSED

2021-11-23 10:03:41 - [MESSAGE][INFO] - Finding Test Object 'Object Repository/Filtreler/Butonlar'

2021-11-23 10:03:41 - [MESSAGE][INFO] - Checking timeout

2021-11-23 10:03:41 - [MESSAGE][INFO] - Finding web element with id: 'Object Repository/Filtreler/Butonlar' located by 'By.cssSelector: .dxb>span' in '10' second(s)

2021-11-23 10:03:41 - [MESSAGE][INFO] - Smart Wait Function is triggered

2021-11-23 10:03:41 - [MESSAGE][INFO] - Found 3 web elements with id: 'Object Repository/Filtreler/Butonlar' located by 'By.cssSelector: .dxb>span' in '10' second(s)

2021-11-23 10:03:41 - [MESSAGE][PASSED] - Method.TextDegerineEsitElementeTikla is PASSED

2021-11-23 10:03:41 - [TEST_STEP][PASSED] - sayac = sayac - 1: null

2021-11-23 10:03:41 - [TEST_STEP][PASSED] - Console.println(sayac): null

2021-11-23 10:03:41 - [TEST_STEP][PASSED] - if (sayac == 0): Actual text and expected text of test object 'Object Repository/Tablo/DurumBilgisiIrsaliye' are matched.

2021-11-23 10:03:41 - [MESSAGE][INFO] - Finding Test Object 'Object Repository/Tablo/DurumBilgisiIrsaliye'

2021-11-23 10:03:41 - [MESSAGE][INFO] - Checking object

2021-11-23 10:03:41 - [MESSAGE][INFO] - Finding web element from Test Object's properties

2021-11-23 10:03:41 - [MESSAGE][INFO] - Checking timeout

2021-11-23 10:03:41 - [MESSAGE][INFO] - Finding web element with id: 'Object Repository/Tablo/DurumBilgisiIrsaliye' located by 'By.xpath: //*[@id = 'GridViewDespatchAdvice_tccell0_6']' in '30' second(s)

2021-11-23 10:03:41 - [MESSAGE][INFO] - Smart Wait Function is triggered

2021-11-23 10:03:43 - [MESSAGE][INFO] - Found 1 web elements with id: 'Object Repository/Tablo/DurumBilgisiIrsaliye' located by 'By.xpath: //*[@id = 'GridViewDespatchAdvice_tccell0_6']' in '30' second(s)

2021-11-23 10:03:43 - [MESSAGE][PASSED] - Actual text and expected text of test object 'Object Repository/Tablo/DurumBilgisiIrsaliye' are matched.

2021-11-23 10:03:43 - [TEST_STEP][PASSED] - Method.TextDegerineEsitElementeTikla(findTestObject("Filtreler/Butonlar"), "Listele"): Method.TextDegerineEsitElementeTikla is PASSED

2021-11-23 10:03:43 - [MESSAGE][INFO] - Finding Test Object 'Object Repository/Filtreler/Butonlar'

2021-11-23 10:03:43 - [MESSAGE][INFO] - Checking timeout

2021-11-23 10:03:43 - [MESSAGE][INFO] - Finding web element with id: 'Object Repository/Filtreler/Butonlar' located by 'By.cssSelector: .dxb>span' in '10' second(s)

2021-11-23 10:03:43 - [MESSAGE][INFO] - Smart Wait Function is triggered

2021-11-23 10:03:43 - [MESSAGE][INFO] - Found 3 web elements with id: 'Object Repository/Filtreler/Butonlar' located by 'By.cssSelector: .dxb>span' in '10' second(s)

2021-11-23 10:03:43 - [MESSAGE][PASSED] - Method.TextDegerineEsitElementeTikla is PASSED

2021-11-23 10:03:43 - [TEST_STEP][PASSED] - sayac = sayac - 1: null

2021-11-23 10:03:43 - [TEST_STEP][PASSED] - Console.println(sayac): null

2021-11-23 10:03:43 - [TEST_STEP][PASSED] - if (sayac == 0): Actual text and expected text of test object 'Object Repository/Tablo/DurumBilgisiIrsaliye' are matched.

2021-11-23 10:03:43 - [MESSAGE][INFO] - Finding Test Object 'Object Repository/Tablo/DurumBilgisiIrsaliye'

2021-11-23 10:03:43 - [MESSAGE][INFO] - Checking object

2021-11-23 10:03:43 - [MESSAGE][INFO] - Finding web element from Test Object's properties

2021-11-23 10:03:43 - [MESSAGE][INFO] - Checking timeout

2021-11-23 10:03:43 - [MESSAGE][INFO] - Finding web element with id: 'Object Repository/Tablo/DurumBilgisiIrsaliye' located by 'By.xpath: //*[@id = 'GridViewDespatchAdvice_tccell0_6']' in '30' second(s)

2021-11-23 10:03:43 - [MESSAGE][INFO] - Smart Wait Function is triggered

2021-11-23 10:03:44 - [MESSAGE][INFO] - Found 1 web elements with id: 'Object Repository/Tablo/DurumBilgisiIrsaliye' located by 'By.xpath: //*[@id = 'GridViewDespatchAdvice_tccell0_6']' in '30' second(s)

2021-11-23 10:03:44 - [MESSAGE][PASSED] - Actual text and expected text of test object 'Object Repository/Tablo/DurumBilgisiIrsaliye' are matched.

2021-11-23 10:03:44 - [TEST_STEP][PASSED] - Method.TextDegerineEsitElementeTikla(findTestObject("Filtreler/Butonlar"), "Listele"): Method.TextDegerineEsitElementeTikla is PASSED

2021-11-23 10:03:44 - [MESSAGE][INFO] - Finding Test Object 'Object Repository/Filtreler/Butonlar'

2021-11-23 10:03:44 - [MESSAGE][INFO] - Checking timeout

2021-11-23 10:03:44 - [MESSAGE][INFO] - Finding web element with id: 'Object Repository/Filtreler/Butonlar' located by 'By.cssSelector: .dxb>span' in '10' second(s)

2021-11-23 10:03:44 - [MESSAGE][INFO] - Smart Wait Function is triggered

2021-11-23 10:03:44 - [MESSAGE][INFO] - Found 3 web elements with id: 'Object Repository/Filtreler/Butonlar' located by 'By.cssSelector: .dxb>span' in '10' second(s)

2021-11-23 10:03:44 - [MESSAGE][PASSED] - Method.TextDegerineEsitElementeTikla is PASSED

2021-11-23 10:03:44 - [TEST_STEP][PASSED] - sayac = sayac - 1: null

2021-11-23 10:03:44 - [TEST_STEP][PASSED] - Console.println(sayac): null

2021-11-23 10:03:44 - [TEST_STEP][PASSED] - if (sayac == 0): Actual text and expected text of test object 'Object Repository/Tablo/DurumBilgisiIrsaliye' are matched.

2021-11-23 10:03:44 - [MESSAGE][INFO] - Finding Test Object 'Object Repository/Tablo/DurumBilgisiIrsaliye'

2021-11-23 10:03:45 - [MESSAGE][INFO] - Checking object

2021-11-23 10:03:45 - [MESSAGE][INFO] - Finding web element from Test Object's properties

2021-11-23 10:03:45 - [MESSAGE][INFO] - Checking timeout

2021-11-23 10:03:45 - [MESSAGE][INFO] - Finding web element with id: 'Object Repository/Tablo/DurumBilgisiIrsaliye' located by 'By.xpath: //*[@id = 'GridViewDespatchAdvice_tccell0_6']' in '30' second(s)

2021-11-23 10:03:45 - [MESSAGE][INFO] - Smart Wait Function is triggered

2021-11-23 10:03:45 - [MESSAGE][INFO] - Found 1 web elements with id: 'Object Repository/Tablo/DurumBilgisiIrsaliye' located by 'By.xpath: //*[@id = 'GridViewDespatchAdvice_tccell0_6']' in '30' second(s)

2021-11-23 10:03:45 - [MESSAGE][PASSED] - Actual text and expected text of test object 'Object Repository/Tablo/DurumBilgisiIrsaliye' are matched.

2021-11-23 10:03:45 - [TEST_STEP][PASSED] - Method.TextDegerineEsitElementeTikla(findTestObject("Filtreler/Butonlar"), "Listele"): Method.TextDegerineEsitElementeTikla is PASSED

2021-11-23 10:03:45 - [MESSAGE][INFO] - Finding Test Object 'Object Repository/Filtreler/Butonlar'

2021-11-23 10:03:45 - [MESSAGE][INFO] - Checking timeout

2021-11-23 10:03:45 - [MESSAGE][INFO] - Finding web element with id: 'Object Repository/Filtreler/Butonlar' located by 'By.cssSelector: .dxb>span' in '10' second(s)

2021-11-23 10:03:45 - [MESSAGE][INFO] - Smart Wait Function is triggered

2021-11-23 10:03:46 - [MESSAGE][INFO] - Found 3 web elements with id: 'Object Repository/Filtreler/Butonlar' located by 'By.cssSelector: .dxb>span' in '10' second(s)

2021-11-23 10:03:46 - [MESSAGE][PASSED] - Method.TextDegerineEsitElementeTikla is PASSED

2021-11-23 10:03:46 - [TEST_STEP][PASSED] - sayac = sayac - 1: null

2021-11-23 10:03:46 - [TEST_STEP][PASSED] - Console.println(sayac): null

2021-11-23 10:03:46 - [TEST_STEP][PASSED] - if (sayac == 0): Actual text and expected text of test object 'Object Repository/Tablo/DurumBilgisiIrsaliye' are matched.

2021-11-23 10:03:46 - [MESSAGE][INFO] - Finding Test Object 'Object Repository/Tablo/DurumBilgisiIrsaliye'

2021-11-23 10:03:46 - [MESSAGE][INFO] - Checking object

2021-11-23 10:03:46 - [MESSAGE][INFO] - Finding web element from Test Object's properties

2021-11-23 10:03:46 - [MESSAGE][INFO] - Checking timeout

2021-11-23 10:03:46 - [MESSAGE][INFO] - Finding web element with id: 'Object Repository/Tablo/DurumBilgisiIrsaliye' located by 'By.xpath: //*[@id = 'GridViewDespatchAdvice_tccell0_6']' in '30' second(s)

2021-11-23 10:03:46 - [MESSAGE][INFO] - Smart Wait Function is triggered

2021-11-23 10:03:46 - [MESSAGE][INFO] - Found 1 web elements with id: 'Object Repository/Tablo/DurumBilgisiIrsaliye' located by 'By.xpath: //*[@id = 'GridViewDespatchAdvice_tccell0_6']' in '30' second(s)

2021-11-23 10:03:46 - [MESSAGE][PASSED] - Actual text and expected text of test object 'Object Repository/Tablo/DurumBilgisiIrsaliye' are matched.

2021-11-23 10:03:46 - [TEST_STEP][PASSED] - Method.TextDegerineEsitElementeTikla(findTestObject("Filtreler/Butonlar"), "Listele"): Method.TextDegerineEsitElementeTikla is PASSED

2021-11-23 10:03:46 - [MESSAGE][INFO] - Finding Test Object 'Object Repository/Filtreler/Butonlar'

2021-11-23 10:03:46 - [MESSAGE][INFO] - Checking timeout

2021-11-23 10:03:46 - [MESSAGE][INFO] - Finding web element with id: 'Object Repository/Filtreler/Butonlar' located by 'By.cssSelector: .dxb>span' in '10' second(s)

2021-11-23 10:03:46 - [MESSAGE][INFO] - Smart Wait Function is triggered

2021-11-23 10:03:47 - [MESSAGE][INFO] - Found 3 web elements with id: 'Object Repository/Filtreler/Butonlar' located by 'By.cssSelector: .dxb>span' in '10' second(s)

2021-11-23 10:03:47 - [MESSAGE][PASSED] - Method.TextDegerineEsitElementeTikla is PASSED

2021-11-23 10:03:47 - [TEST_STEP][PASSED] - sayac = sayac - 1: null

2021-11-23 10:03:47 - [TEST_STEP][PASSED] - Console.println(sayac): null

2021-11-23 10:03:47 - [TEST_STEP][PASSED] - if (sayac == 0): Actual text and expected text of test object 'Object Repository/Tablo/DurumBilgisiIrsaliye' are matched.

2021-11-23 10:03:47 - [MESSAGE][INFO] - Finding Test Object 'Object Repository/Tablo/DurumBilgisiIrsaliye'

2021-11-23 10:03:47 - [MESSAGE][INFO] - Checking object

2021-11-23 10:03:47 - [MESSAGE][INFO] - Finding web element from Test Object's properties

2021-11-23 10:03:47 - [MESSAGE][INFO] - Checking timeout

2021-11-23 10:03:47 - [MESSAGE][INFO] - Finding web element with id: 'Object Repository/Tablo/DurumBilgisiIrsaliye' located by 'By.xpath: //*[@id = 'GridViewDespatchAdvice_tccell0_6']' in '30' second(s)

2021-11-23 10:03:47 - [MESSAGE][INFO] - Smart Wait Function is triggered

2021-11-23 10:03:47 - [MESSAGE][INFO] - Found 1 web elements with id: 'Object Repository/Tablo/DurumBilgisiIrsaliye' located by 'By.xpath: //*[@id = 'GridViewDespatchAdvice_tccell0_6']' in '30' second(s)

2021-11-23 10:03:48 - [MESSAGE][PASSED] - Actual text and expected text of test object 'Object Repository/Tablo/DurumBilgisiIrsaliye' are matched.

2021-11-23 10:03:48 - [TEST_STEP][PASSED] - Method.TextDegerineEsitElementeTikla(findTestObject("Filtreler/Butonlar"), "Listele"): Method.TextDegerineEsitElementeTikla is PASSED

2021-11-23 10:03:48 - [MESSAGE][INFO] - Finding Test Object 'Object Repository/Filtreler/Butonlar'

2021-11-23 10:03:48 - [MESSAGE][INFO] - Checking timeout

2021-11-23 10:03:48 - [MESSAGE][INFO] - Finding web element with id: 'Object Repository/Filtreler/Butonlar' located by 'By.cssSelector: .dxb>span' in '10' second(s)

2021-11-23 10:03:48 - [MESSAGE][INFO] - Smart Wait Function is triggered

2021-11-23 10:03:48 - [MESSAGE][INFO] - Found 3 web elements with id: 'Object Repository/Filtreler/Butonlar' located by 'By.cssSelector: .dxb>span' in '10' second(s)

2021-11-23 10:03:48 - [MESSAGE][PASSED] - Method.TextDegerineEsitElementeTikla is PASSED

2021-11-23 10:03:48 - [TEST_STEP][PASSED] - sayac = sayac - 1: null

2021-11-23 10:03:48 - [TEST_STEP][PASSED] - Console.println(sayac): null

2021-11-23 10:03:48 - [TEST_STEP][PASSED] - if (sayac == 0): Actual text and expected text of test object 'Object Repository/Tablo/DurumBilgisiIrsaliye' are matched.

2021-11-23 10:03:48 - [MESSAGE][INFO] - Finding Test Object 'Object Repository/Tablo/DurumBilgisiIrsaliye'

2021-11-23 10:03:48 - [MESSAGE][INFO] - Checking object

2021-11-23 10:03:48 - [MESSAGE][INFO] - Finding web element from Test Object's properties

2021-11-23 10:03:48 - [MESSAGE][INFO] - Checking timeout

2021-11-23 10:03:48 - [MESSAGE][INFO] - Finding web element with id: 'Object Repository/Tablo/DurumBilgisiIrsaliye' located by 'By.xpath: //*[@id = 'GridViewDespatchAdvice_tccell0_6']' in '30' second(s)

2021-11-23 10:03:48 - [MESSAGE][INFO] - Smart Wait Function is triggered

2021-11-23 10:03:49 - [MESSAGE][INFO] - Found 1 web elements with id: 'Object Repository/Tablo/DurumBilgisiIrsaliye' located by 'By.xpath: //*[@id = 'GridViewDespatchAdvice_tccell0_6']' in '30' second(s)

2021-11-23 10:03:49 - [MESSAGE][PASSED] - Actual text and expected text of test object 'Object Repository/Tablo/DurumBilgisiIrsaliye' are matched.

2021-11-23 10:03:49 - [TEST_STEP][PASSED] - Method.TextDegerineEsitElementeTikla(findTestObject("Filtreler/Butonlar"), "Listele"): Method.TextDegerineEsitElementeTikla is PASSED

2021-11-23 10:03:49 - [MESSAGE][INFO] - Finding Test Object 'Object Repository/Filtreler/Butonlar'

2021-11-23 10:03:49 - [MESSAGE][INFO] - Checking timeout

2021-11-23 10:03:49 - [MESSAGE][INFO] - Finding web element with id: 'Object Repository/Filtreler/Butonlar' located by 'By.cssSelector: .dxb>span' in '10' second(s)

2021-11-23 10:03:49 - [MESSAGE][INFO] - Smart Wait Function is triggered

2021-11-23 10:03:49 - [MESSAGE][INFO] - Found 3 web elements with id: 'Object Repository/Filtreler/Butonlar' located by 'By.cssSelector: .dxb>span' in '10' second(s)

2021-11-23 10:03:49 - [MESSAGE][PASSED] - Method.TextDegerineEsitElementeTikla is PASSED

2021-11-23 10:03:49 - [TEST_STEP][PASSED] - sayac = sayac - 1: null

2021-11-23 10:03:49 - [TEST_STEP][PASSED] - Console.println(sayac): null

2021-11-23 10:03:49 - [TEST_STEP][PASSED] - if (sayac == 0): Actual text and expected text of test object 'Object Repository/Tablo/DurumBilgisiIrsaliye' are matched.

2021-11-23 10:03:49 - [MESSAGE][INFO] - Finding Test Object 'Object Repository/Tablo/DurumBilgisiIrsaliye'

2021-11-23 10:03:49 - [MESSAGE][INFO] - Checking object

2021-11-23 10:03:49 - [MESSAGE][INFO] - Finding web element from Test Object's properties

2021-11-23 10:03:49 - [MESSAGE][INFO] - Checking timeout

2021-11-23 10:03:49 - [MESSAGE][INFO] - Finding web element with id: 'Object Repository/Tablo/DurumBilgisiIrsaliye' located by 'By.xpath: //*[@id = 'GridViewDespatchAdvice_tccell0_6']' in '30' second(s)

2021-11-23 10:03:49 - [MESSAGE][INFO] - Smart Wait Function is triggered

2021-11-23 10:03:50 - [MESSAGE][INFO] - Found 1 web elements with id: 'Object Repository/Tablo/DurumBilgisiIrsaliye' located by 'By.xpath: //*[@id = 'GridViewDespatchAdvice_tccell0_6']' in '30' second(s)

2021-11-23 10:03:50 - [MESSAGE][PASSED] - Actual text and expected text of test object 'Object Repository/Tablo/DurumBilgisiIrsaliye' are matched.

2021-11-23 10:03:50 - [TEST_STEP][PASSED] - Method.TextDegerineEsitElementeTikla(findTestObject("Filtreler/Butonlar"), "Listele"): Method.TextDegerineEsitElementeTikla is PASSED

2021-11-23 10:03:50 - [MESSAGE][INFO] - Finding Test Object 'Object Repository/Filtreler/Butonlar'

2021-11-23 10:03:50 - [MESSAGE][INFO] - Checking timeout

2021-11-23 10:03:50 - [MESSAGE][INFO] - Finding web element with id: 'Object Repository/Filtreler/Butonlar' located by 'By.cssSelector: .dxb>span' in '10' second(s)

2021-11-23 10:03:50 - [MESSAGE][INFO] - Smart Wait Function is triggered

2021-11-23 10:03:50 - [MESSAGE][INFO] - Found 3 web elements with id: 'Object Repository/Filtreler/Butonlar' located by 'By.cssSelector: .dxb>span' in '10' second(s)

2021-11-23 10:03:50 - [MESSAGE][PASSED] - Method.TextDegerineEsitElementeTikla is PASSED

2021-11-23 10:03:50 - [TEST_STEP][PASSED] - sayac = sayac - 1: null

2021-11-23 10:03:50 - [TEST_STEP][PASSED] - Console.println(sayac): null

2021-11-23 10:03:50 - [TEST_STEP][PASSED] - if (sayac == 0): Actual text and expected text of test object 'Object Repository/Tablo/DurumBilgisiIrsaliye' are matched.

2021-11-23 10:03:50 - [MESSAGE][INFO] - Finding Test Object 'Object Repository/Tablo/DurumBilgisiIrsaliye'

2021-11-23 10:03:50 - [MESSAGE][INFO] - Checking object

2021-11-23 10:03:50 - [MESSAGE][INFO] - Finding web element from Test Object's properties

2021-11-23 10:03:50 - [MESSAGE][INFO] - Checking timeout

2021-11-23 10:03:50 - [MESSAGE][INFO] - Finding web element with id: 'Object Repository/Tablo/DurumBilgisiIrsaliye' located by 'By.xpath: //*[@id = 'GridViewDespatchAdvice_tccell0_6']' in '30' second(s)

2021-11-23 10:03:50 - [MESSAGE][INFO] - Smart Wait Function is triggered

2021-11-23 10:03:51 - [MESSAGE][INFO] - Found 1 web elements with id: 'Object Repository/Tablo/DurumBilgisiIrsaliye' located by 'By.xpath: //*[@id = 'GridViewDespatchAdvice_tccell0_6']' in '30' second(s)

2021-11-23 10:03:51 - [MESSAGE][PASSED] - Actual text and expected text of test object 'Object Repository/Tablo/DurumBilgisiIrsaliye' are matched.

2021-11-23 10:03:51 - [TEST_STEP][PASSED] - Method.TextDegerineEsitElementeTikla(findTestObject("Filtreler/Butonlar"), "Listele"): Method.TextDegerineEsitElementeTikla is PASSED

2021-11-23 10:03:51 - [MESSAGE][INFO] - Finding Test Object 'Object Repository/Filtreler/Butonlar'

2021-11-23 10:03:51 - [MESSAGE][INFO] - Checking timeout

2021-11-23 10:03:51 - [MESSAGE][INFO] - Finding web element with id: 'Object Repository/Filtreler/Butonlar' located by 'By.cssSelector: .dxb>span' in '10' second(s)

2021-11-23 10:03:51 - [MESSAGE][INFO] - Smart Wait Function is triggered

2021-11-23 10:03:51 - [MESSAGE][INFO] - Found 3 web elements with id: 'Object Repository/Filtreler/Butonlar' located by 'By.cssSelector: .dxb>span' in '10' second(s)

2021-11-23 10:03:51 - [MESSAGE][PASSED] - Method.TextDegerineEsitElementeTikla is PASSED

2021-11-23 10:03:51 - [TEST_STEP][PASSED] - sayac = sayac - 1: null

2021-11-23 10:03:51 - [TEST_STEP][PASSED] - Console.println(sayac): null

2021-11-23 10:03:51 - [TEST_STEP][PASSED] - if (sayac == 0): Actual text and expected text of test object 'Object Repository/Tablo/DurumBilgisiIrsaliye' are matched.

2021-11-23 10:03:51 - [MESSAGE][INFO] - Finding Test Object 'Object Repository/Tablo/DurumBilgisiIrsaliye'

2021-11-23 10:03:52 - [MESSAGE][INFO] - Checking object

2021-11-23 10:03:52 - [MESSAGE][INFO] - Finding web element from Test Object's properties

2021-11-23 10:03:52 - [MESSAGE][INFO] - Checking timeout

2021-11-23 10:03:52 - [MESSAGE][INFO] - Finding web element with id: 'Object Repository/Tablo/DurumBilgisiIrsaliye' located by 'By.xpath: //*[@id = 'GridViewDespatchAdvice_tccell0_6']' in '30' second(s)

2021-11-23 10:03:52 - [MESSAGE][INFO] - Smart Wait Function is triggered

2021-11-23 10:03:52 - [MESSAGE][INFO] - Found 1 web elements with id: 'Object Repository/Tablo/DurumBilgisiIrsaliye' located by 'By.xpath: //*[@id = 'GridViewDespatchAdvice_tccell0_6']' in '30' second(s)

2021-11-23 10:03:52 - [MESSAGE][PASSED] - Actual text and expected text of test object 'Object Repository/Tablo/DurumBilgisiIrsaliye' are matched.

2021-11-23 10:03:52 - [TEST_STEP][PASSED] - Method.TextDegerineEsitElementeTikla(findTestObject("Filtreler/Butonlar"), "Listele"): Method.TextDegerineEsitElementeTikla is PASSED

2021-11-23 10:03:52 - [MESSAGE][INFO] - Finding Test Object 'Object Repository/Filtreler/Butonlar'

2021-11-23 10:03:52 - [MESSAGE][INFO] - Checking timeout

2021-11-23 10:03:52 - [MESSAGE][INFO] - Finding web element with id: 'Object Repository/Filtreler/Butonlar' located by 'By.cssSelector: .dxb>span' in '10' second(s)

2021-11-23 10:03:52 - [MESSAGE][INFO] - Smart Wait Function is triggered

2021-11-23 10:03:52 - [MESSAGE][INFO] - Found 3 web elements with id: 'Object Repository/Filtreler/Butonlar' located by 'By.cssSelector: .dxb>span' in '10' second(s)

2021-11-23 10:03:53 - [MESSAGE][PASSED] - Method.TextDegerineEsitElementeTikla is PASSED

2021-11-23 10:03:53 - [TEST_STEP][PASSED] - sayac = sayac - 1: null

2021-11-23 10:03:53 - [TEST_STEP][PASSED] - Console.println(sayac): null

2021-11-23 10:03:53 - [TEST_STEP][PASSED] - if (sayac == 0): Actual text and expected text of test object 'Object Repository/Tablo/DurumBilgisiIrsaliye' are matched.

2021-11-23 10:03:53 - [MESSAGE][INFO] - Finding Test Object 'Object Repository/Tablo/DurumBilgisiIrsaliye'

2021-11-23 10:03:53 - [MESSAGE][INFO] - Checking object

2021-11-23 10:03:53 - [MESSAGE][INFO] - Finding web element from Test Object's properties

2021-11-23 10:03:53 - [MESSAGE][INFO] - Checking timeout

2021-11-23 10:03:53 - [MESSAGE][INFO] - Finding web element with id: 'Object Repository/Tablo/DurumBilgisiIrsaliye' located by 'By.xpath: //*[@id = 'GridViewDespatchAdvice_tccell0_6']' in '30' second(s)

2021-11-23 10:03:53 - [MESSAGE][INFO] - Smart Wait Function is triggered

2021-11-23 10:03:53 - [MESSAGE][INFO] - Found 1 web elements with id: 'Object Repository/Tablo/DurumBilgisiIrsaliye' located by 'By.xpath: //*[@id = 'GridViewDespatchAdvice_tccell0_6']' in '30' second(s)

2021-11-23 10:03:53 - [MESSAGE][PASSED] - Actual text and expected text of test object 'Object Repository/Tablo/DurumBilgisiIrsaliye' are matched.

2021-11-23 10:03:53 - [TEST_STEP][PASSED] - Method.TextDegerineEsitElementeTikla(findTestObject("Filtreler/Butonlar"), "Listele"): Method.TextDegerineEsitElementeTikla is PASSED

2021-11-23 10:03:53 - [MESSAGE][INFO] - Finding Test Object 'Object Repository/Filtreler/Butonlar'

2021-11-23 10:03:53 - [MESSAGE][INFO] - Checking timeout

2021-11-23 10:03:53 - [MESSAGE][INFO] - Finding web element with id: 'Object Repository/Filtreler/Butonlar' located by 'By.cssSelector: .dxb>span' in '10' second(s)

2021-11-23 10:03:53 - [MESSAGE][INFO] - Smart Wait Function is triggered

2021-11-23 10:03:53 - [MESSAGE][INFO] - Found 3 web elements with id: 'Object Repository/Filtreler/Butonlar' located by 'By.cssSelector: .dxb>span' in '10' second(s)

2021-11-23 10:03:54 - [MESSAGE][PASSED] - Method.TextDegerineEsitElementeTikla is PASSED

2021-11-23 10:03:54 - [TEST_STEP][PASSED] - sayac = sayac - 1: null

2021-11-23 10:03:54 - [TEST_STEP][PASSED] - Console.println(sayac): null

2021-11-23 10:03:54 - [TEST_STEP][PASSED] - if (sayac == 0): Actual text and expected text of test object 'Object Repository/Tablo/DurumBilgisiIrsaliye' are matched.

2021-11-23 10:03:54 - [MESSAGE][INFO] - Finding Test Object 'Object Repository/Tablo/DurumBilgisiIrsaliye'

2021-11-23 10:03:54 - [MESSAGE][INFO] - Checking object

2021-11-23 10:03:54 - [MESSAGE][INFO] - Finding web element from Test Object's properties

2021-11-23 10:03:54 - [MESSAGE][INFO] - Checking timeout

2021-11-23 10:03:54 - [MESSAGE][INFO] - Finding web element with id: 'Object Repository/Tablo/DurumBilgisiIrsaliye' located by 'By.xpath: //*[@id = 'GridViewDespatchAdvice_tccell0_6']' in '30' second(s)

2021-11-23 10:03:54 - [MESSAGE][INFO] - Smart Wait Function is triggered

2021-11-23 10:03:54 - [MESSAGE][INFO] - Found 1 web elements with id: 'Object Repository/Tablo/DurumBilgisiIrsaliye' located by 'By.xpath: //*[@id = 'GridViewDespatchAdvice_tccell0_6']' in '30' second(s)

2021-11-23 10:03:54 - [MESSAGE][PASSED] - Actual text and expected text of test object 'Object Repository/Tablo/DurumBilgisiIrsaliye' are matched.

2021-11-23 10:03:54 - [TEST_STEP][PASSED] - Method.TextDegerineEsitElementeTikla(findTestObject("Filtreler/Butonlar"), "Listele"): Method.TextDegerineEsitElementeTikla is PASSED

2021-11-23 10:03:54 - [MESSAGE][INFO] - Finding Test Object 'Object Repository/Filtreler/Butonlar'

2021-11-23 10:03:54 - [MESSAGE][INFO] - Checking timeout

2021-11-23 10:03:54 - [MESSAGE][INFO] - Finding web element with id: 'Object Repository/Filtreler/Butonlar' located by 'By.cssSelector: .dxb>span' in '10' second(s)

2021-11-23 10:03:54 - [MESSAGE][INFO] - Smart Wait Function is triggered

2021-11-23 10:03:55 - [MESSAGE][INFO] - Found 3 web elements with id: 'Object Repository/Filtreler/Butonlar' located by 'By.cssSelector: .dxb>span' in '10' second(s)

2021-11-23 10:03:55 - [MESSAGE][PASSED] - Method.TextDegerineEsitElementeTikla is PASSED

2021-11-23 10:03:55 - [TEST_STEP][PASSED] - sayac = sayac - 1: null

2021-11-23 10:03:55 - [TEST_STEP][PASSED] - Console.println(sayac): null

2021-11-23 10:03:55 - [TEST_STEP][PASSED] - if (sayac == 0): Actual text and expected text of test object 'Object Repository/Tablo/DurumBilgisiIrsaliye' are matched.

2021-11-23 10:03:55 - [MESSAGE][INFO] - Finding Test Object 'Object Repository/Tablo/DurumBilgisiIrsaliye'

2021-11-23 10:03:55 - [MESSAGE][INFO] - Checking object

2021-11-23 10:03:55 - [MESSAGE][INFO] - Finding web element from Test Object's properties

2021-11-23 10:03:55 - [MESSAGE][INFO] - Checking timeout

2021-11-23 10:03:55 - [MESSAGE][INFO] - Finding web element with id: 'Object Repository/Tablo/DurumBilgisiIrsaliye' located by 'By.xpath: //*[@id = 'GridViewDespatchAdvice_tccell0_6']' in '30' second(s)

2021-11-23 10:03:55 - [MESSAGE][INFO] - Smart Wait Function is triggered

2021-11-23 10:03:55 - [MESSAGE][INFO] - Found 1 web elements with id: 'Object Repository/Tablo/DurumBilgisiIrsaliye' located by 'By.xpath: //*[@id = 'GridViewDespatchAdvice_tccell0_6']' in '30' second(s)

2021-11-23 10:03:55 - [MESSAGE][PASSED] - Actual text and expected text of test object 'Object Repository/Tablo/DurumBilgisiIrsaliye' are matched.

2021-11-23 10:03:55 - [TEST_STEP][PASSED] - Method.TextDegerineEsitElementeTikla(findTestObject("Filtreler/Butonlar"), "Listele"): Method.TextDegerineEsitElementeTikla is PASSED

2021-11-23 10:03:55 - [MESSAGE][INFO] - Finding Test Object 'Object Repository/Filtreler/Butonlar'

2021-11-23 10:03:55 - [MESSAGE][INFO] - Checking timeout

2021-11-23 10:03:55 - [MESSAGE][INFO] - Finding web element with id: 'Object Repository/Filtreler/Butonlar' located by 'By.cssSelector: .dxb>span' in '10' second(s)

2021-11-23 10:03:55 - [MESSAGE][INFO] - Smart Wait Function is triggered

2021-11-23 10:03:56 - [MESSAGE][INFO] - Found 3 web elements with id: 'Object Repository/Filtreler/Butonlar' located by 'By.cssSelector: .dxb>span' in '10' second(s)

2021-11-23 10:03:56 - [MESSAGE][PASSED] - Method.TextDegerineEsitElementeTikla is PASSED

2021-11-23 10:03:56 - [TEST_STEP][PASSED] - sayac = sayac - 1: null

2021-11-23 10:03:56 - [TEST_STEP][PASSED] - Console.println(sayac): null

2021-11-23 10:03:56 - [TEST_STEP][PASSED] - if (sayac == 0): Actual text and expected text of test object 'Object Repository/Tablo/DurumBilgisiIrsaliye' are matched.

2021-11-23 10:03:56 - [MESSAGE][INFO] - Finding Test Object 'Object Repository/Tablo/DurumBilgisiIrsaliye'

2021-11-23 10:03:56 - [MESSAGE][INFO] - Checking object

2021-11-23 10:03:56 - [MESSAGE][INFO] - Finding web element from Test Object's properties

2021-11-23 10:03:56 - [MESSAGE][INFO] - Checking timeout

2021-11-23 10:03:56 - [MESSAGE][INFO] - Finding web element with id: 'Object Repository/Tablo/DurumBilgisiIrsaliye' located by 'By.xpath: //*[@id = 'GridViewDespatchAdvice_tccell0_6']' in '30' second(s)

2021-11-23 10:03:56 - [MESSAGE][INFO] - Smart Wait Function is triggered

2021-11-23 10:03:56 - [MESSAGE][INFO] - Found 1 web elements with id: 'Object Repository/Tablo/DurumBilgisiIrsaliye' located by 'By.xpath: //*[@id = 'GridViewDespatchAdvice_tccell0_6']' in '30' second(s)

2021-11-23 10:03:56 - [MESSAGE][PASSED] - Actual text and expected text of test object 'Object Repository/Tablo/DurumBilgisiIrsaliye' are matched.

2021-11-23 10:03:56 - [TEST_STEP][PASSED] - Method.TextDegerineEsitElementeTikla(findTestObject("Filtreler/Butonlar"), "Listele"): Method.TextDegerineEsitElementeTikla is PASSED

2021-11-23 10:03:56 - [MESSAGE][INFO] - Finding Test Object 'Object Repository/Filtreler/Butonlar'

2021-11-23 10:03:56 - [MESSAGE][INFO] - Checking timeout

2021-11-23 10:03:56 - [MESSAGE][INFO] - Finding web element with id: 'Object Repository/Filtreler/Butonlar' located by 'By.cssSelector: .dxb>span' in '10' second(s)

2021-11-23 10:03:56 - [MESSAGE][INFO] - Smart Wait Function is triggered

2021-11-23 10:03:57 - [MESSAGE][INFO] - Found 3 web elements with id: 'Object Repository/Filtreler/Butonlar' located by 'By.cssSelector: .dxb>span' in '10' second(s)

2021-11-23 10:03:57 - [MESSAGE][PASSED] - Method.TextDegerineEsitElementeTikla is PASSED

2021-11-23 10:03:57 - [TEST_STEP][PASSED] - sayac = sayac - 1: null

2021-11-23 10:03:57 - [TEST_STEP][PASSED] - Console.println(sayac): null

2021-11-23 10:03:57 - [TEST_STEP][PASSED] - if (sayac == 0): Actual text and expected text of test object 'Object Repository/Tablo/DurumBilgisiIrsaliye' are matched.

2021-11-23 10:03:57 - [MESSAGE][INFO] - Finding Test Object 'Object Repository/Tablo/DurumBilgisiIrsaliye'

2021-11-23 10:03:57 - [MESSAGE][INFO] - Checking object

2021-11-23 10:03:57 - [MESSAGE][INFO] - Finding web element from Test Object's properties

2021-11-23 10:03:57 - [MESSAGE][INFO] - Checking timeout

2021-11-23 10:03:57 - [MESSAGE][INFO] - Finding web element with id: 'Object Repository/Tablo/DurumBilgisiIrsaliye' located by 'By.xpath: //*[@id = 'GridViewDespatchAdvice_tccell0_6']' in '30' second(s)

2021-11-23 10:03:57 - [MESSAGE][INFO] - Smart Wait Function is triggered

2021-11-23 10:03:57 - [MESSAGE][INFO] - Found 1 web elements with id: 'Object Repository/Tablo/DurumBilgisiIrsaliye' located by 'By.xpath: //*[@id = 'GridViewDespatchAdvice_tccell0_6']' in '30' second(s)

2021-11-23 10:03:57 - [MESSAGE][PASSED] - Actual text and expected text of test object 'Object Repository/Tablo/DurumBilgisiIrsaliye' are matched.

2021-11-23 10:03:57 - [TEST_STEP][PASSED] - Method.TextDegerineEsitElementeTikla(findTestObject("Filtreler/Butonlar"), "Listele"): Method.TextDegerineEsitElementeTikla is PASSED

2021-11-23 10:03:57 - [MESSAGE][INFO] - Finding Test Object 'Object Repository/Filtreler/Butonlar'

2021-11-23 10:03:57 - [MESSAGE][INFO] - Checking timeout

2021-11-23 10:03:57 - [MESSAGE][INFO] - Finding web element with id: 'Object Repository/Filtreler/Butonlar' located by 'By.cssSelector: .dxb>span' in '10' second(s)

2021-11-23 10:03:57 - [MESSAGE][INFO] - Smart Wait Function is triggered

2021-11-23 10:03:58 - [MESSAGE][INFO] - Found 3 web elements with id: 'Object Repository/Filtreler/Butonlar' located by 'By.cssSelector: .dxb>span' in '10' second(s)

2021-11-23 10:03:58 - [MESSAGE][PASSED] - Method.TextDegerineEsitElementeTikla is PASSED

2021-11-23 10:03:58 - [TEST_STEP][PASSED] - sayac = sayac - 1: null

2021-11-23 10:03:58 - [TEST_STEP][PASSED] - Console.println(sayac): null

2021-11-23 10:03:58 - [TEST_STEP][PASSED] - if (sayac == 0): Actual text and expected text of test object 'Object Repository/Tablo/DurumBilgisiIrsaliye' are matched.

2021-11-23 10:03:58 - [MESSAGE][INFO] - Finding Test Object 'Object Repository/Tablo/DurumBilgisiIrsaliye'

2021-11-23 10:03:58 - [MESSAGE][INFO] - Checking object

2021-11-23 10:03:58 - [MESSAGE][INFO] - Finding web element from Test Object's properties

2021-11-23 10:03:58 - [MESSAGE][INFO] - Checking timeout

2021-11-23 10:03:58 - [MESSAGE][INFO] - Finding web element with id: 'Object Repository/Tablo/DurumBilgisiIrsaliye' located by 'By.xpath: //*[@id = 'GridViewDespatchAdvice_tccell0_6']' in '30' second(s)

2021-11-23 10:03:58 - [MESSAGE][INFO] - Smart Wait Function is triggered

2021-11-23 10:03:58 - [MESSAGE][INFO] - Found 1 web elements with id: 'Object Repository/Tablo/DurumBilgisiIrsaliye' located by 'By.xpath: //*[@id = 'GridViewDespatchAdvice_tccell0_6']' in '30' second(s)

2021-11-23 10:03:58 - [MESSAGE][PASSED] - Actual text and expected text of test object 'Object Repository/Tablo/DurumBilgisiIrsaliye' are matched.

2021-11-23 10:03:58 - [TEST_STEP][PASSED] - Method.TextDegerineEsitElementeTikla(findTestObject("Filtreler/Butonlar"), "Listele"): Method.TextDegerineEsitElementeTikla is PASSED

2021-11-23 10:03:58 - [MESSAGE][INFO] - Finding Test Object 'Object Repository/Filtreler/Butonlar'

2021-11-23 10:03:59 - [MESSAGE][INFO] - Checking timeout

2021-11-23 10:03:59 - [MESSAGE][INFO] - Finding web element with id: 'Object Repository/Filtreler/Butonlar' located by 'By.cssSelector: .dxb>span' in '10' second(s)

2021-11-23 10:03:59 - [MESSAGE][INFO] - Smart Wait Function is triggered

2021-11-23 10:03:59 - [MESSAGE][INFO] - Found 3 web elements with id: 'Object Repository/Filtreler/Butonlar' located by 'By.cssSelector: .dxb>span' in '10' second(s)

2021-11-23 10:03:59 - [MESSAGE][PASSED] - Method.TextDegerineEsitElementeTikla is PASSED

2021-11-23 10:03:59 - [TEST_STEP][PASSED] - sayac = sayac - 1: null

2021-11-23 10:03:59 - [TEST_STEP][PASSED] - Console.println(sayac): null

2021-11-23 10:03:59 - [TEST_STEP][PASSED] - if (sayac == 0): Actual text and expected text of test object 'Object Repository/Tablo/DurumBilgisiIrsaliye' are matched.

2021-11-23 10:03:59 - [MESSAGE][INFO] - Finding Test Object 'Object Repository/Tablo/DurumBilgisiIrsaliye'

2021-11-23 10:03:59 - [MESSAGE][INFO] - Checking object

2021-11-23 10:03:59 - [MESSAGE][INFO] - Finding web element from Test Object's properties

2021-11-23 10:03:59 - [MESSAGE][INFO] - Checking timeout

2021-11-23 10:03:59 - [MESSAGE][INFO] - Finding web element with id: 'Object Repository/Tablo/DurumBilgisiIrsaliye' located by 'By.xpath: //*[@id = 'GridViewDespatchAdvice_tccell0_6']' in '30' second(s)

2021-11-23 10:03:59 - [MESSAGE][INFO] - Smart Wait Function is triggered

2021-11-23 10:03:59 - [MESSAGE][INFO] - Found 1 web elements with id: 'Object Repository/Tablo/DurumBilgisiIrsaliye' located by 'By.xpath: //*[@id = 'GridViewDespatchAdvice_tccell0_6']' in '30' second(s)

2021-11-23 10:03:59 - [MESSAGE][PASSED] - Actual text and expected text of test object 'Object Repository/Tablo/DurumBilgisiIrsaliye' are matched.

2021-11-23 10:03:59 - [TEST_STEP][PASSED] - Method.TextDegerineEsitElementeTikla(findTestObject("Filtreler/Butonlar"), "Listele"): Method.TextDegerineEsitElementeTikla is PASSED

2021-11-23 10:03:59 - [MESSAGE][INFO] - Finding Test Object 'Object Repository/Filtreler/Butonlar'

2021-11-23 10:04:00 - [MESSAGE][INFO] - Checking timeout

2021-11-23 10:04:00 - [MESSAGE][INFO] - Finding web element with id: 'Object Repository/Filtreler/Butonlar' located by 'By.cssSelector: .dxb>span' in '10' second(s)

2021-11-23 10:04:00 - [MESSAGE][INFO] - Smart Wait Function is triggered

2021-11-23 10:04:00 - [MESSAGE][INFO] - Found 3 web elements with id: 'Object Repository/Filtreler/Butonlar' located by 'By.cssSelector: .dxb>span' in '10' second(s)

2021-11-23 10:04:00 - [MESSAGE][PASSED] - Method.TextDegerineEsitElementeTikla is PASSED

2021-11-23 10:04:00 - [TEST_STEP][PASSED] - sayac = sayac - 1: null

2021-11-23 10:04:00 - [TEST_STEP][PASSED] - Console.println(sayac): null

2021-11-23 10:04:00 - [TEST_STEP][PASSED] - if (sayac == 0): Actual text and expected text of test object 'Object Repository/Tablo/DurumBilgisiIrsaliye' are matched.

2021-11-23 10:04:00 - [MESSAGE][INFO] - Finding Test Object 'Object Repository/Tablo/DurumBilgisiIrsaliye'

2021-11-23 10:04:00 - [MESSAGE][INFO] - Checking object

2021-11-23 10:04:00 - [MESSAGE][INFO] - Finding web element from Test Object's properties

2021-11-23 10:04:00 - [MESSAGE][INFO] - Checking timeout

2021-11-23 10:04:00 - [MESSAGE][INFO] - Finding web element with id: 'Object Repository/Tablo/DurumBilgisiIrsaliye' located by 'By.xpath: //*[@id = 'GridViewDespatchAdvice_tccell0_6']' in '30' second(s)

2021-11-23 10:04:00 - [MESSAGE][INFO] - Smart Wait Function is triggered

2021-11-23 10:04:01 - [MESSAGE][INFO] - Found 1 web elements with id: 'Object Repository/Tablo/DurumBilgisiIrsaliye' located by 'By.xpath: //*[@id = 'GridViewDespatchAdvice_tccell0_6']' in '30' second(s)

2021-11-23 10:04:01 - [MESSAGE][PASSED] - Actual text and expected text of test object 'Object Repository/Tablo/DurumBilgisiIrsaliye' are matched.

2021-11-23 10:04:01 - [TEST_STEP][PASSED] - Method.TextDegerineEsitElementeTikla(findTestObject("Filtreler/Butonlar"), "Listele"): Method.TextDegerineEsitElementeTikla is PASSED

2021-11-23 10:04:01 - [MESSAGE][INFO] - Finding Test Object 'Object Repository/Filtreler/Butonlar'

2021-11-23 10:04:01 - [MESSAGE][INFO] - Checking timeout

2021-11-23 10:04:01 - [MESSAGE][INFO] - Finding web element with id: 'Object Repository/Filtreler/Butonlar' located by 'By.cssSelector: .dxb>span' in '10' second(s)

2021-11-23 10:04:01 - [MESSAGE][INFO] - Smart Wait Function is triggered

2021-11-23 10:04:01 - [MESSAGE][INFO] - Found 3 web elements with id: 'Object Repository/Filtreler/Butonlar' located by 'By.cssSelector: .dxb>span' in '10' second(s)

2021-11-23 10:04:01 - [MESSAGE][PASSED] - Method.TextDegerineEsitElementeTikla is PASSED

2021-11-23 10:04:01 - [TEST_STEP][PASSED] - sayac = sayac - 1: null

2021-11-23 10:04:01 - [TEST_STEP][PASSED] - Console.println(sayac): null

2021-11-23 10:04:01 - [TEST_STEP][PASSED] - if (sayac == 0): Actual text and expected text of test object 'Object Repository/Tablo/DurumBilgisiIrsaliye' are matched.

2021-11-23 10:04:01 - [MESSAGE][INFO] - Finding Test Object 'Object Repository/Tablo/DurumBilgisiIrsaliye'

2021-11-23 10:04:01 - [MESSAGE][INFO] - Checking object

2021-11-23 10:04:01 - [MESSAGE][INFO] - Finding web element from Test Object's properties

2021-11-23 10:04:01 - [MESSAGE][INFO] - Checking timeout

2021-11-23 10:04:01 - [MESSAGE][INFO] - Finding web element with id: 'Object Repository/Tablo/DurumBilgisiIrsaliye' located by 'By.xpath: //*[@id = 'GridViewDespatchAdvice_tccell0_6']' in '30' second(s)

2021-11-23 10:04:01 - [MESSAGE][INFO] - Smart Wait Function is triggered

2021-11-23 10:04:02 - [MESSAGE][INFO] - Found 1 web elements with id: 'Object Repository/Tablo/DurumBilgisiIrsaliye' located by 'By.xpath: //*[@id = 'GridViewDespatchAdvice_tccell0_6']' in '30' second(s)

2021-11-23 10:04:02 - [MESSAGE][PASSED] - Actual text and expected text of test object 'Object Repository/Tablo/DurumBilgisiIrsaliye' are matched.

2021-11-23 10:04:02 - [TEST_STEP][PASSED] - Method.TextDegerineEsitElementeTikla(findTestObject("Filtreler/Butonlar"), "Listele"): Method.TextDegerineEsitElementeTikla is PASSED

2021-11-23 10:04:02 - [MESSAGE][INFO] - Finding Test Object 'Object Repository/Filtreler/Butonlar'

2021-11-23 10:04:02 - [MESSAGE][INFO] - Checking timeout

2021-11-23 10:04:02 - [MESSAGE][INFO] - Finding web element with id: 'Object Repository/Filtreler/Butonlar' located by 'By.cssSelector: .dxb>span' in '10' second(s)

2021-11-23 10:04:02 - [MESSAGE][INFO] - Smart Wait Function is triggered

2021-11-23 10:04:02 - [MESSAGE][INFO] - Found 3 web elements with id: 'Object Repository/Filtreler/Butonlar' located by 'By.cssSelector: .dxb>span' in '10' second(s)

2021-11-23 10:04:02 - [MESSAGE][PASSED] - Method.TextDegerineEsitElementeTikla is PASSED

2021-11-23 10:04:02 - [TEST_STEP][PASSED] - sayac = sayac - 1: null

2021-11-23 10:04:02 - [TEST_STEP][PASSED] - Console.println(sayac): null

2021-11-23 10:04:02 - [TEST_STEP][PASSED] - if (sayac == 0): Actual text and expected text of test object 'Object Repository/Tablo/DurumBilgisiIrsaliye' are matched.

2021-11-23 10:04:02 - [MESSAGE][INFO] - Finding Test Object 'Object Repository/Tablo/DurumBilgisiIrsaliye'

2021-11-23 10:04:02 - [MESSAGE][INFO] - Checking object

2021-11-23 10:04:02 - [MESSAGE][INFO] - Finding web element from Test Object's properties

2021-11-23 10:04:02 - [MESSAGE][INFO] - Checking timeout

2021-11-23 10:04:02 - [MESSAGE][INFO] - Finding web element with id: 'Object Repository/Tablo/DurumBilgisiIrsaliye' located by 'By.xpath: //*[@id = 'GridViewDespatchAdvice_tccell0_6']' in '30' second(s)

2021-11-23 10:04:02 - [MESSAGE][INFO] - Smart Wait Function is triggered

2021-11-23 10:04:03 - [MESSAGE][INFO] - Found 1 web elements with id: 'Object Repository/Tablo/DurumBilgisiIrsaliye' located by 'By.xpath: //*[@id = 'GridViewDespatchAdvice_tccell0_6']' in '30' second(s)

2021-11-23 10:04:03 - [MESSAGE][PASSED] - Actual text and expected text of test object 'Object Repository/Tablo/DurumBilgisiIrsaliye' are matched.

2021-11-23 10:04:03 - [TEST_STEP][PASSED] - Method.TextDegerineEsitElementeTikla(findTestObject("Filtreler/Butonlar"), "Listele"): Method.TextDegerineEsitElementeTikla is PASSED

2021-11-23 10:04:03 - [MESSAGE][INFO] - Finding Test Object 'Object Repository/Filtreler/Butonlar'

2021-11-23 10:04:03 - [MESSAGE][INFO] - Checking timeout

2021-11-23 10:04:03 - [MESSAGE][INFO] - Finding web element with id: 'Object Repository/Filtreler/Butonlar' located by 'By.cssSelector: .dxb>span' in '10' second(s)

2021-11-23 10:04:03 - [MESSAGE][INFO] - Smart Wait Function is triggered

2021-11-23 10:04:03 - [MESSAGE][INFO] - Found 3 web elements with id: 'Object Repository/Filtreler/Butonlar' located by 'By.cssSelector: .dxb>span' in '10' second(s)

2021-11-23 10:04:03 - [MESSAGE][PASSED] - Method.TextDegerineEsitElementeTikla is PASSED

2021-11-23 10:04:03 - [TEST_STEP][PASSED] - sayac = sayac - 1: null

2021-11-23 10:04:03 - [TEST_STEP][PASSED] - Console.println(sayac): null

2021-11-23 10:04:03 - [TEST_STEP][PASSED] - if (sayac == 0): Actual text and expected text of test object 'Object Repository/Tablo/DurumBilgisiIrsaliye' are matched.

2021-11-23 10:04:03 - [MESSAGE][INFO] - Finding Test Object 'Object Repository/Tablo/DurumBilgisiIrsaliye'

2021-11-23 10:04:03 - [MESSAGE][INFO] - Checking object

2021-11-23 10:04:03 - [MESSAGE][INFO] - Finding web element from Test Object's properties

2021-11-23 10:04:03 - [MESSAGE][INFO] - Checking timeout

2021-11-23 10:04:03 - [MESSAGE][INFO] - Finding web element with id: 'Object Repository/Tablo/DurumBilgisiIrsaliye' located by 'By.xpath: //*[@id = 'GridViewDespatchAdvice_tccell0_6']' in '30' second(s)

2021-11-23 10:04:03 - [MESSAGE][INFO] - Smart Wait Function is triggered

2021-11-23 10:04:04 - [MESSAGE][INFO] - Found 1 web elements with id: 'Object Repository/Tablo/DurumBilgisiIrsaliye' located by 'By.xpath: //*[@id = 'GridViewDespatchAdvice_tccell0_6']' in '30' second(s)

2021-11-23 10:04:04 - [MESSAGE][PASSED] - Actual text and expected text of test object 'Object Repository/Tablo/DurumBilgisiIrsaliye' are matched.

2021-11-23 10:04:04 - [TEST_STEP][PASSED] - Method.TextDegerineEsitElementeTikla(findTestObject("Filtreler/Butonlar"), "Listele"): Method.TextDegerineEsitElementeTikla is PASSED

2021-11-23 10:04:04 - [MESSAGE][INFO] - Finding Test Object 'Object Repository/Filtreler/Butonlar'

2021-11-23 10:04:04 - [MESSAGE][INFO] - Checking timeout

2021-11-23 10:04:04 - [MESSAGE][INFO] - Finding web element with id: 'Object Repository/Filtreler/Butonlar' located by 'By.cssSelector: .dxb>span' in '10' second(s)

2021-11-23 10:04:04 - [MESSAGE][INFO] - Smart Wait Function is triggered

2021-11-23 10:04:04 - [MESSAGE][INFO] - Found 3 web elements with id: 'Object Repository/Filtreler/Butonlar' located by 'By.cssSelector: .dxb>span' in '10' second(s)

2021-11-23 10:04:04 - [MESSAGE][PASSED] - Method.TextDegerineEsitElementeTikla is PASSED

2021-11-23 10:04:04 - [TEST_STEP][PASSED] - sayac = sayac - 1: null

2021-11-23 10:04:04 - [TEST_STEP][PASSED] - Console.println(sayac): null

2021-11-23 10:04:04 - [TEST_STEP][PASSED] - if (sayac == 0): Actual text and expected text of test object 'Object Repository/Tablo/DurumBilgisiIrsaliye' are matched.

2021-11-23 10:04:04 - [MESSAGE][INFO] - Finding Test Object 'Object Repository/Tablo/DurumBilgisiIrsaliye'

2021-11-23 10:04:04 - [MESSAGE][INFO] - Checking object

2021-11-23 10:04:04 - [MESSAGE][INFO] - Finding web element from Test Object's properties

2021-11-23 10:04:04 - [MESSAGE][INFO] - Checking timeout

2021-11-23 10:04:04 - [MESSAGE][INFO] - Finding web element with id: 'Object Repository/Tablo/DurumBilgisiIrsaliye' located by 'By.xpath: //*[@id = 'GridViewDespatchAdvice_tccell0_6']' in '30' second(s)

2021-11-23 10:04:04 - [MESSAGE][INFO] - Smart Wait Function is triggered

2021-11-23 10:04:05 - [MESSAGE][INFO] - Found 1 web elements with id: 'Object Repository/Tablo/DurumBilgisiIrsaliye' located by 'By.xpath: //*[@id = 'GridViewDespatchAdvice_tccell0_6']' in '30' second(s)

2021-11-23 10:04:05 - [MESSAGE][PASSED] - Actual text and expected text of test object 'Object Repository/Tablo/DurumBilgisiIrsaliye' are matched.

2021-11-23 10:04:05 - [TEST_STEP][PASSED] - Method.TextDegerineEsitElementeTikla(findTestObject("Filtreler/Butonlar"), "Listele"): Method.TextDegerineEsitElementeTikla is PASSED

2021-11-23 10:04:05 - [MESSAGE][INFO] - Finding Test Object 'Object Repository/Filtreler/Butonlar'

2021-11-23 10:04:05 - [MESSAGE][INFO] - Checking timeout

2021-11-23 10:04:05 - [MESSAGE][INFO] - Finding web element with id: 'Object Repository/Filtreler/Butonlar' located by 'By.cssSelector: .dxb>span' in '10' second(s)

2021-11-23 10:04:05 - [MESSAGE][INFO] - Smart Wait Function is triggered

2021-11-23 10:04:05 - [MESSAGE][INFO] - Found 3 web elements with id: 'Object Repository/Filtreler/Butonlar' located by 'By.cssSelector: .dxb>span' in '10' second(s)

2021-11-23 10:04:05 - [MESSAGE][PASSED] - Method.TextDegerineEsitElementeTikla is PASSED

2021-11-23 10:04:05 - [TEST_STEP][PASSED] - sayac = sayac - 1: null

2021-11-23 10:04:05 - [TEST_STEP][PASSED] - Console.println(sayac): null

2021-11-23 10:04:05 - [TEST_STEP][PASSED] - if (sayac == 0): Actual text and expected text of test object 'Object Repository/Tablo/DurumBilgisiIrsaliye' are matched.

2021-11-23 10:04:05 - [MESSAGE][INFO] - Finding Test Object 'Object Repository/Tablo/DurumBilgisiIrsaliye'

2021-11-23 10:04:05 - [MESSAGE][INFO] - Checking object

2021-11-23 10:04:05 - [MESSAGE][INFO] - Finding web element from Test Object's properties

2021-11-23 10:04:05 - [MESSAGE][INFO] - Checking timeout

2021-11-23 10:04:05 - [MESSAGE][INFO] - Finding web element with id: 'Object Repository/Tablo/DurumBilgisiIrsaliye' located by 'By.xpath: //*[@id = 'GridViewDespatchAdvice_tccell0_6']' in '30' second(s)

2021-11-23 10:04:05 - [MESSAGE][INFO] - Smart Wait Function is triggered

2021-11-23 10:04:06 - [MESSAGE][INFO] - Found 1 web elements with id: 'Object Repository/Tablo/DurumBilgisiIrsaliye' located by 'By.xpath: //*[@id = 'GridViewDespatchAdvice_tccell0_6']' in '30' second(s)

2021-11-23 10:04:06 - [MESSAGE][PASSED] - Actual text and expected text of test object 'Object Repository/Tablo/DurumBilgisiIrsaliye' are matched.

2021-11-23 10:04:06 - [TEST_STEP][PASSED] - Method.TextDegerineEsitElementeTikla(findTestObject("Filtreler/Butonlar"), "Listele"): Method.TextDegerineEsitElementeTikla is PASSED

2021-11-23 10:04:06 - [MESSAGE][INFO] - Finding Test Object 'Object Repository/Filtreler/Butonlar'

2021-11-23 10:04:06 - [MESSAGE][INFO] - Checking timeout

2021-11-23 10:04:06 - [MESSAGE][INFO] - Finding web element with id: 'Object Repository/Filtreler/Butonlar' located by 'By.cssSelector: .dxb>span' in '10' second(s)

2021-11-23 10:04:06 - [MESSAGE][INFO] - Smart Wait Function is triggered

2021-11-23 10:04:06 - [MESSAGE][INFO] - Found 3 web elements with id: 'Object Repository/Filtreler/Butonlar' located by 'By.cssSelector: .dxb>span' in '10' second(s)

2021-11-23 10:04:06 - [MESSAGE][PASSED] - Method.TextDegerineEsitElementeTikla is PASSED

2021-11-23 10:04:06 - [TEST_STEP][PASSED] - sayac = sayac - 1: null

2021-11-23 10:04:06 - [TEST_STEP][PASSED] - Console.println(sayac): null

2021-11-23 10:04:06 - [TEST_STEP][PASSED] - if (sayac == 0): Actual text and expected text of test object 'Object Repository/Tablo/DurumBilgisiIrsaliye' are matched.

2021-11-23 10:04:06 - [MESSAGE][INFO] - Finding Test Object 'Object Repository/Tablo/DurumBilgisiIrsaliye'

2021-11-23 10:04:07 - [MESSAGE][INFO] - Checking object

2021-11-23 10:04:07 - [MESSAGE][INFO] - Finding web element from Test Object's properties

2021-11-23 10:04:07 - [MESSAGE][INFO] - Checking timeout

2021-11-23 10:04:07 - [MESSAGE][INFO] - Finding web element with id: 'Object Repository/Tablo/DurumBilgisiIrsaliye' located by 'By.xpath: //*[@id = 'GridViewDespatchAdvice_tccell0_6']' in '30' second(s)

2021-11-23 10:04:07 - [MESSAGE][INFO] - Smart Wait Function is triggered

2021-11-23 10:04:07 - [MESSAGE][INFO] - Found 1 web elements with id: 'Object Repository/Tablo/DurumBilgisiIrsaliye' located by 'By.xpath: //*[@id = 'GridViewDespatchAdvice_tccell0_6']' in '30' second(s)

2021-11-23 10:04:07 - [MESSAGE][PASSED] - Actual text and expected text of test object 'Object Repository/Tablo/DurumBilgisiIrsaliye' are matched.

2021-11-23 10:04:07 - [TEST_STEP][PASSED] - Method.TextDegerineEsitElementeTikla(findTestObject("Filtreler/Butonlar"), "Listele"): Method.TextDegerineEsitElementeTikla is PASSED

2021-11-23 10:04:07 - [MESSAGE][INFO] - Finding Test Object 'Object Repository/Filtreler/Butonlar'

2021-11-23 10:04:07 - [MESSAGE][INFO] - Checking timeout

2021-11-23 10:04:07 - [MESSAGE][INFO] - Finding web element with id: 'Object Repository/Filtreler/Butonlar' located by 'By.cssSelector: .dxb>span' in '10' second(s)

2021-11-23 10:04:07 - [MESSAGE][INFO] - Smart Wait Function is triggered

2021-11-23 10:04:07 - [MESSAGE][INFO] - Found 3 web elements with id: 'Object Repository/Filtreler/Butonlar' located by 'By.cssSelector: .dxb>span' in '10' second(s)

2021-11-23 10:04:07 - [MESSAGE][PASSED] - Method.TextDegerineEsitElementeTikla is PASSED

2021-11-23 10:04:07 - [TEST_STEP][PASSED] - sayac = sayac - 1: null

2021-11-23 10:04:07 - [TEST_STEP][PASSED] - Console.println(sayac): null

2021-11-23 10:04:07 - [TEST_STEP][PASSED] - if (sayac == 0): Actual text and expected text of test object 'Object Repository/Tablo/DurumBilgisiIrsaliye' are matched.

2021-11-23 10:04:07 - [MESSAGE][INFO] - Finding Test Object 'Object Repository/Tablo/DurumBilgisiIrsaliye'

2021-11-23 10:04:08 - [MESSAGE][INFO] - Checking object

2021-11-23 10:04:08 - [MESSAGE][INFO] - Finding web element from Test Object's properties

2021-11-23 10:04:08 - [MESSAGE][INFO] - Checking timeout

2021-11-23 10:04:08 - [MESSAGE][INFO] - Finding web element with id: 'Object Repository/Tablo/DurumBilgisiIrsaliye' located by 'By.xpath: //*[@id = 'GridViewDespatchAdvice_tccell0_6']' in '30' second(s)

2021-11-23 10:04:08 - [MESSAGE][INFO] - Smart Wait Function is triggered

2021-11-23 10:04:08 - [MESSAGE][INFO] - Found 1 web elements with id: 'Object Repository/Tablo/DurumBilgisiIrsaliye' located by 'By.xpath: //*[@id = 'GridViewDespatchAdvice_tccell0_6']' in '30' second(s)

2021-11-23 10:04:08 - [MESSAGE][PASSED] - Actual text and expected text of test object 'Object Repository/Tablo/DurumBilgisiIrsaliye' are matched.

2021-11-23 10:04:08 - [TEST_STEP][PASSED] - Method.TextDegerineEsitElementeTikla(findTestObject("Filtreler/Butonlar"), "Listele"): Method.TextDegerineEsitElementeTikla is PASSED

2021-11-23 10:04:08 - [MESSAGE][INFO] - Finding Test Object 'Object Repository/Filtreler/Butonlar'

2021-11-23 10:04:08 - [MESSAGE][INFO] - Checking timeout

2021-11-23 10:04:08 - [MESSAGE][INFO] - Finding web element with id: 'Object Repository/Filtreler/Butonlar' located by 'By.cssSelector: .dxb>span' in '10' second(s)

2021-11-23 10:04:08 - [MESSAGE][INFO] - Smart Wait Function is triggered

2021-11-23 10:04:09 - [MESSAGE][INFO] - Found 3 web elements with id: 'Object Repository/Filtreler/Butonlar' located by 'By.cssSelector: .dxb>span' in '10' second(s)

2021-11-23 10:04:09 - [MESSAGE][PASSED] - Method.TextDegerineEsitElementeTikla is PASSED

2021-11-23 10:04:09 - [TEST_STEP][PASSED] - sayac = sayac - 1: null

2021-11-23 10:04:09 - [TEST_STEP][PASSED] - Console.println(sayac): null

2021-11-23 10:04:09 - [TEST_STEP][PASSED] - if (sayac == 0): Actual text and expected text of test object 'Object Repository/Tablo/DurumBilgisiIrsaliye' are matched.

2021-11-23 10:04:09 - [MESSAGE][INFO] - Finding Test Object 'Object Repository/Tablo/DurumBilgisiIrsaliye'

2021-11-23 10:04:09 - [MESSAGE][INFO] - Checking object

2021-11-23 10:04:09 - [MESSAGE][INFO] - Finding web element from Test Object's properties

2021-11-23 10:04:09 - [MESSAGE][INFO] - Checking timeout

2021-11-23 10:04:09 - [MESSAGE][INFO] - Finding web element with id: 'Object Repository/Tablo/DurumBilgisiIrsaliye' located by 'By.xpath: //*[@id = 'GridViewDespatchAdvice_tccell0_6']' in '30' second(s)

2021-11-23 10:04:09 - [MESSAGE][INFO] - Smart Wait Function is triggered

2021-11-23 10:04:09 - [MESSAGE][INFO] - Found 1 web elements with id: 'Object Repository/Tablo/DurumBilgisiIrsaliye' located by 'By.xpath: //*[@id = 'GridViewDespatchAdvice_tccell0_6']' in '30' second(s)

2021-11-23 10:04:09 - [MESSAGE][PASSED] - Actual text and expected text of test object 'Object Repository/Tablo/DurumBilgisiIrsaliye' are matched.

2021-11-23 10:04:09 - [TEST_STEP][PASSED] - Method.TextDegerineEsitElementeTikla(findTestObject("Filtreler/Butonlar"), "Listele"): Method.TextDegerineEsitElementeTikla is PASSED

2021-11-23 10:04:09 - [MESSAGE][INFO] - Finding Test Object 'Object Repository/Filtreler/Butonlar'

2021-11-23 10:04:09 - [MESSAGE][INFO] - Checking timeout

2021-11-23 10:04:09 - [MESSAGE][INFO] - Finding web element with id: 'Object Repository/Filtreler/Butonlar' located by 'By.cssSelector: .dxb>span' in '10' second(s)

2021-11-23 10:04:09 - [MESSAGE][INFO] - Smart Wait Function is triggered

2021-11-23 10:04:10 - [MESSAGE][INFO] - Found 3 web elements with id: 'Object Repository/Filtreler/Butonlar' located by 'By.cssSelector: .dxb>span' in '10' second(s)

2021-11-23 10:04:10 - [MESSAGE][PASSED] - Method.TextDegerineEsitElementeTikla is PASSED

2021-11-23 10:04:10 - [TEST_STEP][PASSED] - sayac = sayac - 1: null

2021-11-23 10:04:10 - [TEST_STEP][PASSED] - Console.println(sayac): null

2021-11-23 10:04:10 - [TEST_STEP][PASSED] - if (sayac == 0): Actual text and expected text of test object 'Object Repository/Tablo/DurumBilgisiIrsaliye' are matched.

2021-11-23 10:04:10 - [MESSAGE][INFO] - Finding Test Object 'Object Repository/Tablo/DurumBilgisiIrsaliye'

2021-11-23 10:04:10 - [MESSAGE][INFO] - Checking object

2021-11-23 10:04:10 - [MESSAGE][INFO] - Finding web element from Test Object's properties

2021-11-23 10:04:10 - [MESSAGE][INFO] - Checking timeout

2021-11-23 10:04:10 - [MESSAGE][INFO] - Finding web element with id: 'Object Repository/Tablo/DurumBilgisiIrsaliye' located by 'By.xpath: //*[@id = 'GridViewDespatchAdvice_tccell0_6']' in '30' second(s)

2021-11-23 10:04:10 - [MESSAGE][INFO] - Smart Wait Function is triggered

2021-11-23 10:04:10 - [MESSAGE][INFO] - Found 1 web elements with id: 'Object Repository/Tablo/DurumBilgisiIrsaliye' located by 'By.xpath: //*[@id = 'GridViewDespatchAdvice_tccell0_6']' in '30' second(s)

2021-11-23 10:04:10 - [MESSAGE][PASSED] - Actual text and expected text of test object 'Object Repository/Tablo/DurumBilgisiIrsaliye' are matched.

2021-11-23 10:04:10 - [TEST_STEP][PASSED] - Method.TextDegerineEsitElementeTikla(findTestObject("Filtreler/Butonlar"), "Listele"): Method.TextDegerineEsitElementeTikla is PASSED

2021-11-23 10:04:10 - [MESSAGE][INFO] - Finding Test Object 'Object Repository/Filtreler/Butonlar'

2021-11-23 10:04:11 - [MESSAGE][INFO] - Checking timeout

2021-11-23 10:04:11 - [MESSAGE][INFO] - Finding web element with id: 'Object Repository/Filtreler/Butonlar' located by 'By.cssSelector: .dxb>span' in '10' second(s)

2021-11-23 10:04:11 - [MESSAGE][INFO] - Smart Wait Function is triggered

2021-11-23 10:04:11 - [MESSAGE][INFO] - Found 3 web elements with id: 'Object Repository/Filtreler/Butonlar' located by 'By.cssSelector: .dxb>span' in '10' second(s)

2021-11-23 10:04:11 - [MESSAGE][PASSED] - Method.TextDegerineEsitElementeTikla is PASSED

2021-11-23 10:04:11 - [TEST_STEP][PASSED] - sayac = sayac - 1: null

2021-11-23 10:04:11 - [TEST_STEP][PASSED] - Console.println(sayac): null

2021-11-23 10:04:11 - [TEST_STEP][PASSED] - if (sayac == 0): Actual text and expected text of test object 'Object Repository/Tablo/DurumBilgisiIrsaliye' are matched.

2021-11-23 10:04:11 - [MESSAGE][INFO] - Finding Test Object 'Object Repository/Tablo/DurumBilgisiIrsaliye'

2021-11-23 10:04:11 - [MESSAGE][INFO] - Checking object

2021-11-23 10:04:11 - [MESSAGE][INFO] - Finding web element from Test Object's properties

2021-11-23 10:04:11 - [MESSAGE][INFO] - Checking timeout

2021-11-23 10:04:11 - [MESSAGE][INFO] - Finding web element with id: 'Object Repository/Tablo/DurumBilgisiIrsaliye' located by 'By.xpath: //*[@id = 'GridViewDespatchAdvice_tccell0_6']' in '30' second(s)

2021-11-23 10:04:11 - [MESSAGE][INFO] - Smart Wait Function is triggered

2021-11-23 10:04:12 - [MESSAGE][INFO] - Found 1 web elements with id: 'Object Repository/Tablo/DurumBilgisiIrsaliye' located by 'By.xpath: //*[@id = 'GridViewDespatchAdvice_tccell0_6']' in '30' second(s)

2021-11-23 10:04:12 - [MESSAGE][PASSED] - Actual text and expected text of test object 'Object Repository/Tablo/DurumBilgisiIrsaliye' are matched.

2021-11-23 10:04:12 - [TEST_STEP][PASSED] - Method.TextDegerineEsitElementeTikla(findTestObject("Filtreler/Butonlar"), "Listele"): Method.TextDegerineEsitElementeTikla is PASSED

2021-11-23 10:04:12 - [MESSAGE][INFO] - Finding Test Object 'Object Repository/Filtreler/Butonlar'

2021-11-23 10:04:12 - [MESSAGE][INFO] - Checking timeout

2021-11-23 10:04:12 - [MESSAGE][INFO] - Finding web element with id: 'Object Repository/Filtreler/Butonlar' located by 'By.cssSelector: .dxb>span' in '10' second(s)

2021-11-23 10:04:12 - [MESSAGE][INFO] - Smart Wait Function is triggered

2021-11-23 10:04:12 - [MESSAGE][INFO] - Found 3 web elements with id: 'Object Repository/Filtreler/Butonlar' located by 'By.cssSelector: .dxb>span' in '10' second(s)

2021-11-23 10:04:12 - [MESSAGE][PASSED] - Method.TextDegerineEsitElementeTikla is PASSED

2021-11-23 10:04:12 - [TEST_STEP][PASSED] - sayac = sayac - 1: null

2021-11-23 10:04:12 - [TEST_STEP][PASSED] - Console.println(sayac): null

2021-11-23 10:04:12 - [TEST_STEP][PASSED] - if (sayac == 0): Actual text and expected text of test object 'Object Repository/Tablo/DurumBilgisiIrsaliye' are matched.

2021-11-23 10:04:12 - [MESSAGE][INFO] - Finding Test Object 'Object Repository/Tablo/DurumBilgisiIrsaliye'

2021-11-23 10:04:12 - [MESSAGE][INFO] - Checking object

2021-11-23 10:04:12 - [MESSAGE][INFO] - Finding web element from Test Object's properties

2021-11-23 10:04:12 - [MESSAGE][INFO] - Checking timeout

2021-11-23 10:04:12 - [MESSAGE][INFO] - Finding web element with id: 'Object Repository/Tablo/DurumBilgisiIrsaliye' located by 'By.xpath: //*[@id = 'GridViewDespatchAdvice_tccell0_6']' in '30' second(s)

2021-11-23 10:04:12 - [MESSAGE][INFO] - Smart Wait Function is triggered

2021-11-23 10:04:13 - [MESSAGE][INFO] - Found 1 web elements with id: 'Object Repository/Tablo/DurumBilgisiIrsaliye' located by 'By.xpath: //*[@id = 'GridViewDespatchAdvice_tccell0_6']' in '30' second(s)

2021-11-23 10:04:13 - [MESSAGE][PASSED] - Actual text and expected text of test object 'Object Repository/Tablo/DurumBilgisiIrsaliye' are matched.

2021-11-23 10:04:13 - [TEST_STEP][PASSED] - Method.TextDegerineEsitElementeTikla(findTestObject("Filtreler/Butonlar"), "Listele"): Method.TextDegerineEsitElementeTikla is PASSED

2021-11-23 10:04:13 - [MESSAGE][INFO] - Finding Test Object 'Object Repository/Filtreler/Butonlar'

2021-11-23 10:04:13 - [MESSAGE][INFO] - Checking timeout

2021-11-23 10:04:13 - [MESSAGE][INFO] - Finding web element with id: 'Object Repository/Filtreler/Butonlar' located by 'By.cssSelector: .dxb>span' in '10' second(s)

2021-11-23 10:04:13 - [MESSAGE][INFO] - Smart Wait Function is triggered

2021-11-23 10:04:13 - [MESSAGE][INFO] - Found 3 web elements with id: 'Object Repository/Filtreler/Butonlar' located by 'By.cssSelector: .dxb>span' in '10' second(s)

2021-11-23 10:04:13 - [MESSAGE][PASSED] - Method.TextDegerineEsitElementeTikla is PASSED

2021-11-23 10:04:13 - [TEST_STEP][PASSED] - sayac = sayac - 1: null

2021-11-23 10:04:13 - [TEST_STEP][PASSED] - Console.println(sayac): null

2021-11-23 10:04:13 - [TEST_STEP][PASSED] - if (sayac == 0): Actual text and expected text of test object 'Object Repository/Tablo/DurumBilgisiIrsaliye' are matched.

2021-11-23 10:04:13 - [MESSAGE][INFO] - Finding Test Object 'Object Repository/Tablo/DurumBilgisiIrsaliye'

2021-11-23 10:04:13 - [MESSAGE][INFO] - Checking object

2021-11-23 10:04:13 - [MESSAGE][INFO] - Finding web element from Test Object's properties

2021-11-23 10:04:13 - [MESSAGE][INFO] - Checking timeout

2021-11-23 10:04:13 - [MESSAGE][INFO] - Finding web element with id: 'Object Repository/Tablo/DurumBilgisiIrsaliye' located by 'By.xpath: //*[@id = 'GridViewDespatchAdvice_tccell0_6']' in '30' second(s)

2021-11-23 10:04:13 - [MESSAGE][INFO] - Smart Wait Function is triggered

2021-11-23 10:04:14 - [MESSAGE][INFO] - Found 1 web elements with id: 'Object Repository/Tablo/DurumBilgisiIrsaliye' located by 'By.xpath: //*[@id = 'GridViewDespatchAdvice_tccell0_6']' in '30' second(s)

2021-11-23 10:04:14 - [MESSAGE][PASSED] - Actual text and expected text of test object 'Object Repository/Tablo/DurumBilgisiIrsaliye' are matched.

2021-11-23 10:04:14 - [TEST_STEP][PASSED] - Method.TextDegerineEsitElementeTikla(findTestObject("Filtreler/Butonlar"), "Listele"): Method.TextDegerineEsitElementeTikla is PASSED

2021-11-23 10:04:14 - [MESSAGE][INFO] - Finding Test Object 'Object Repository/Filtreler/Butonlar'

2021-11-23 10:04:14 - [MESSAGE][INFO] - Checking timeout

2021-11-23 10:04:14 - [MESSAGE][INFO] - Finding web element with id: 'Object Repository/Filtreler/Butonlar' located by 'By.cssSelector: .dxb>span' in '10' second(s)

2021-11-23 10:04:14 - [MESSAGE][INFO] - Smart Wait Function is triggered

2021-11-23 10:04:14 - [MESSAGE][INFO] - Found 3 web elements with id: 'Object Repository/Filtreler/Butonlar' located by 'By.cssSelector: .dxb>span' in '10' second(s)

2021-11-23 10:04:14 - [MESSAGE][PASSED] - Method.TextDegerineEsitElementeTikla is PASSED

2021-11-23 10:04:14 - [TEST_STEP][PASSED] - sayac = sayac - 1: null

2021-11-23 10:04:14 - [TEST_STEP][PASSED] - Console.println(sayac): null

2021-11-23 10:04:14 - [TEST_STEP][PASSED] - if (sayac == 0): Actual text and expected text of test object 'Object Repository/Tablo/DurumBilgisiIrsaliye' are matched.

2021-11-23 10:04:14 - [MESSAGE][INFO] - Finding Test Object 'Object Repository/Tablo/DurumBilgisiIrsaliye'

2021-11-23 10:04:14 - [MESSAGE][INFO] - Checking object

2021-11-23 10:04:14 - [MESSAGE][INFO] - Finding web element from Test Object's properties

2021-11-23 10:04:14 - [MESSAGE][INFO] - Checking timeout

2021-11-23 10:04:14 - [MESSAGE][INFO] - Finding web element with id: 'Object Repository/Tablo/DurumBilgisiIrsaliye' located by 'By.xpath: //*[@id = 'GridViewDespatchAdvice_tccell0_6']' in '30' second(s)

2021-11-23 10:04:14 - [MESSAGE][INFO] - Smart Wait Function is triggered

2021-11-23 10:04:15 - [MESSAGE][INFO] - Found 1 web elements with id: 'Object Repository/Tablo/DurumBilgisiIrsaliye' located by 'By.xpath: //*[@id = 'GridViewDespatchAdvice_tccell0_6']' in '30' second(s)

2021-11-23 10:04:15 - [MESSAGE][PASSED] - Actual text and expected text of test object 'Object Repository/Tablo/DurumBilgisiIrsaliye' are matched.

2021-11-23 10:04:15 - [TEST_STEP][PASSED] - Method.TextDegerineEsitElementeTikla(findTestObject("Filtreler/Butonlar"), "Listele"): Method.TextDegerineEsitElementeTikla is PASSED

2021-11-23 10:04:15 - [MESSAGE][INFO] - Finding Test Object 'Object Repository/Filtreler/Butonlar'

2021-11-23 10:04:15 - [MESSAGE][INFO] - Checking timeout

2021-11-23 10:04:15 - [MESSAGE][INFO] - Finding web element with id: 'Object Repository/Filtreler/Butonlar' located by 'By.cssSelector: .dxb>span' in '10' second(s)

2021-11-23 10:04:15 - [MESSAGE][INFO] - Smart Wait Function is triggered

2021-11-23 10:04:15 - [MESSAGE][INFO] - Found 3 web elements with id: 'Object Repository/Filtreler/Butonlar' located by 'By.cssSelector: .dxb>span' in '10' second(s)

2021-11-23 10:04:15 - [MESSAGE][PASSED] - Method.TextDegerineEsitElementeTikla is PASSED

2021-11-23 10:04:15 - [TEST_STEP][PASSED] - sayac = sayac - 1: null

2021-11-23 10:04:15 - [TEST_STEP][PASSED] - Console.println(sayac): null

2021-11-23 10:04:15 - [TEST_STEP][PASSED] - if (sayac == 0): Actual text and expected text of test object 'Object Repository/Tablo/DurumBilgisiIrsaliye' are matched.

2021-11-23 10:04:15 - [MESSAGE][INFO] - Finding Test Object 'Object Repository/Tablo/DurumBilgisiIrsaliye'

2021-11-23 10:04:15 - [MESSAGE][INFO] - Checking object

2021-11-23 10:04:15 - [MESSAGE][INFO] - Finding web element from Test Object's properties

2021-11-23 10:04:15 - [MESSAGE][INFO] - Checking timeout

2021-11-23 10:04:15 - [MESSAGE][INFO] - Finding web element with id: 'Object Repository/Tablo/DurumBilgisiIrsaliye' located by 'By.xpath: //*[@id = 'GridViewDespatchAdvice_tccell0_6']' in '30' second(s)

2021-11-23 10:04:15 - [MESSAGE][INFO] - Smart Wait Function is triggered

2021-11-23 10:04:17 - [MESSAGE][INFO] - Found 1 web elements with id: 'Object Repository/Tablo/DurumBilgisiIrsaliye' located by 'By.xpath: //*[@id = 'GridViewDespatchAdvice_tccell0_6']' in '30' second(s)

2021-11-23 10:04:17 - [MESSAGE][PASSED] - Actual text and expected text of test object 'Object Repository/Tablo/DurumBilgisiIrsaliye' are matched.

2021-11-23 10:04:17 - [TEST_STEP][PASSED] - Method.TextDegerineEsitElementeTikla(findTestObject("Filtreler/Butonlar"), "Listele"): Method.TextDegerineEsitElementeTikla is PASSED

2021-11-23 10:04:17 - [MESSAGE][INFO] - Finding Test Object 'Object Repository/Filtreler/Butonlar'

2021-11-23 10:04:17 - [MESSAGE][INFO] - Checking timeout

2021-11-23 10:04:17 - [MESSAGE][INFO] - Finding web element with id: 'Object Repository/Filtreler/Butonlar' located by 'By.cssSelector: .dxb>span' in '10' second(s)

2021-11-23 10:04:17 - [MESSAGE][INFO] - Smart Wait Function is triggered

2021-11-23 10:04:17 - [MESSAGE][INFO] - Found 3 web elements with id: 'Object Repository/Filtreler/Butonlar' located by 'By.cssSelector: .dxb>span' in '10' second(s)

2021-11-23 10:04:17 - [MESSAGE][PASSED] - Method.TextDegerineEsitElementeTikla is PASSED

2021-11-23 10:04:17 - [TEST_STEP][PASSED] - sayac = sayac - 1: null

2021-11-23 10:04:17 - [TEST_STEP][PASSED] - Console.println(sayac): null

2021-11-23 10:04:17 - [TEST_STEP][PASSED] - if (sayac == 0): Actual text and expected text of test object 'Object Repository/Tablo/DurumBilgisiIrsaliye' are matched.

2021-11-23 10:04:17 - [MESSAGE][INFO] - Finding Test Object 'Object Repository/Tablo/DurumBilgisiIrsaliye'

2021-11-23 10:04:17 - [MESSAGE][INFO] - Checking object

2021-11-23 10:04:17 - [MESSAGE][INFO] - Finding web element from Test Object's properties

2021-11-23 10:04:17 - [MESSAGE][INFO] - Checking timeout

2021-11-23 10:04:17 - [MESSAGE][INFO] - Finding web element with id: 'Object Repository/Tablo/DurumBilgisiIrsaliye' located by 'By.xpath: //*[@id = 'GridViewDespatchAdvice_tccell0_6']' in '30' second(s)

2021-11-23 10:04:17 - [MESSAGE][INFO] - Smart Wait Function is triggered

2021-11-23 10:04:18 - [MESSAGE][INFO] - Found 1 web elements with id: 'Object Repository/Tablo/DurumBilgisiIrsaliye' located by 'By.xpath: //*[@id = 'GridViewDespatchAdvice_tccell0_6']' in '30' second(s)

2021-11-23 10:04:18 - [MESSAGE][PASSED] - Actual text and expected text of test object 'Object Repository/Tablo/DurumBilgisiIrsaliye' are matched.

2021-11-23 10:04:18 - [TEST_STEP][PASSED] - Method.TextDegerineEsitElementeTikla(findTestObject("Filtreler/Butonlar"), "Listele"): Method.TextDegerineEsitElementeTikla is PASSED

2021-11-23 10:04:18 - [MESSAGE][INFO] - Finding Test Object 'Object Repository/Filtreler/Butonlar'

2021-11-23 10:04:18 - [MESSAGE][INFO] - Checking timeout

2021-11-23 10:04:18 - [MESSAGE][INFO] - Finding web element with id: 'Object Repository/Filtreler/Butonlar' located by 'By.cssSelector: .dxb>span' in '10' second(s)

2021-11-23 10:04:18 - [MESSAGE][INFO] - Smart Wait Function is triggered

2021-11-23 10:04:18 - [MESSAGE][INFO] - Found 3 web elements with id: 'Object Repository/Filtreler/Butonlar' located by 'By.cssSelector: .dxb>span' in '10' second(s)

2021-11-23 10:04:19 - [MESSAGE][PASSED] - Method.TextDegerineEsitElementeTikla is PASSED

2021-11-23 10:04:19 - [TEST_STEP][PASSED] - sayac = sayac - 1: null

2021-11-23 10:04:19 - [TEST_STEP][PASSED] - Console.println(sayac): null

2021-11-23 10:04:19 - [TEST_STEP][PASSED] - if (sayac == 0): Actual text and expected text of test object 'Object Repository/Tablo/DurumBilgisiIrsaliye' are matched.

2021-11-23 10:04:19 - [MESSAGE][INFO] - Finding Test Object 'Object Repository/Tablo/DurumBilgisiIrsaliye'

2021-11-23 10:04:19 - [MESSAGE][INFO] - Checking object

2021-11-23 10:04:19 - [MESSAGE][INFO] - Finding web element from Test Object's properties

2021-11-23 10:04:19 - [MESSAGE][INFO] - Checking timeout

2021-11-23 10:04:19 - [MESSAGE][INFO] - Finding web element with id: 'Object Repository/Tablo/DurumBilgisiIrsaliye' located by 'By.xpath: //*[@id = 'GridViewDespatchAdvice_tccell0_6']' in '30' second(s)

2021-11-23 10:04:19 - [MESSAGE][INFO] - Smart Wait Function is triggered

2021-11-23 10:04:19 - [MESSAGE][INFO] - Found 1 web elements with id: 'Object Repository/Tablo/DurumBilgisiIrsaliye' located by 'By.xpath: //*[@id = 'GridViewDespatchAdvice_tccell0_6']' in '30' second(s)

2021-11-23 10:04:19 - [MESSAGE][PASSED] - Actual text and expected text of test object 'Object Repository/Tablo/DurumBilgisiIrsaliye' are matched.

2021-11-23 10:04:19 - [TEST_STEP][PASSED] - Method.TextDegerineEsitElementeTikla(findTestObject("Filtreler/Butonlar"), "Listele"): Method.TextDegerineEsitElementeTikla is PASSED

2021-11-23 10:04:19 - [MESSAGE][INFO] - Finding Test Object 'Object Repository/Filtreler/Butonlar'

2021-11-23 10:04:19 - [MESSAGE][INFO] - Checking timeout

2021-11-23 10:04:19 - [MESSAGE][INFO] - Finding web element with id: 'Object Repository/Filtreler/Butonlar' located by 'By.cssSelector: .dxb>span' in '10' second(s)

2021-11-23 10:04:19 - [MESSAGE][INFO] - Smart Wait Function is triggered

2021-11-23 10:04:20 - [MESSAGE][INFO] - Found 3 web elements with id: 'Object Repository/Filtreler/Butonlar' located by 'By.cssSelector: .dxb>span' in '10' second(s)

2021-11-23 10:04:20 - [MESSAGE][PASSED] - Method.TextDegerineEsitElementeTikla is PASSED

2021-11-23 10:04:20 - [TEST_STEP][PASSED] - sayac = sayac - 1: null

2021-11-23 10:04:20 - [TEST_STEP][PASSED] - Console.println(sayac): null

2021-11-23 10:04:20 - [TEST_STEP][PASSED] - if (sayac == 0): Actual text and expected text of test object 'Object Repository/Tablo/DurumBilgisiIrsaliye' are matched.

2021-11-23 10:04:20 - [MESSAGE][INFO] - Finding Test Object 'Object Repository/Tablo/DurumBilgisiIrsaliye'

2021-11-23 10:04:20 - [MESSAGE][INFO] - Checking object

2021-11-23 10:04:20 - [MESSAGE][INFO] - Finding web element from Test Object's properties

2021-11-23 10:04:20 - [MESSAGE][INFO] - Checking timeout

2021-11-23 10:04:20 - [MESSAGE][INFO] - Finding web element with id: 'Object Repository/Tablo/DurumBilgisiIrsaliye' located by 'By.xpath: //*[@id = 'GridViewDespatchAdvice_tccell0_6']' in '30' second(s)

2021-11-23 10:04:20 - [MESSAGE][INFO] - Smart Wait Function is triggered

2021-11-23 10:04:20 - [MESSAGE][INFO] - Found 1 web elements with id: 'Object Repository/Tablo/DurumBilgisiIrsaliye' located by 'By.xpath: //*[@id = 'GridViewDespatchAdvice_tccell0_6']' in '30' second(s)

2021-11-23 10:04:20 - [MESSAGE][PASSED] - Actual text and expected text of test object 'Object Repository/Tablo/DurumBilgisiIrsaliye' are matched.

2021-11-23 10:04:20 - [TEST_STEP][PASSED] - Method.TextDegerineEsitElementeTikla(findTestObject("Filtreler/Butonlar"), "Listele"): Method.TextDegerineEsitElementeTikla is PASSED

2021-11-23 10:04:20 - [MESSAGE][INFO] - Finding Test Object 'Object Repository/Filtreler/Butonlar'

2021-11-23 10:04:20 - [MESSAGE][INFO] - Checking timeout

2021-11-23 10:04:20 - [MESSAGE][INFO] - Finding web element with id: 'Object Repository/Filtreler/Butonlar' located by 'By.cssSelector: .dxb>span' in '10' second(s)

2021-11-23 10:04:20 - [MESSAGE][INFO] - Smart Wait Function is triggered

2021-11-23 10:04:21 - [MESSAGE][INFO] - Found 3 web elements with id: 'Object Repository/Filtreler/Butonlar' located by 'By.cssSelector: .dxb>span' in '10' second(s)

2021-11-23 10:04:21 - [MESSAGE][PASSED] - Method.TextDegerineEsitElementeTikla is PASSED

2021-11-23 10:04:21 - [TEST_STEP][PASSED] - sayac = sayac - 1: null

2021-11-23 10:04:21 - [TEST_STEP][PASSED] - Console.println(sayac): null

2021-11-23 10:04:21 - [TEST_STEP][PASSED] - if (sayac == 0): Verify element text of test object 'Object Repository/Tablo/DurumBilgisiIrsaliye' FAILED. (Root cause: com.kms.katalon.core.exception.StepFailedException: Verify element text of test object 'Object Repository/Tablo/DurumBilgisiIrsaliye' FAILED.
	at com.kms.katalon.core.webui.keyword.internal.WebUIKeywordMain.stepFailed(WebUIKeywordMain.groovy:64)
	at com.kms.katalon.core.webui.keyword.internal.WebUIKeywordMain.runKeyword(WebUIKeywordMain.groovy:26)
	at com.kms.katalon.core.webui.keyword.builtin.VerifyElementTextKeyword.verifyElementText(VerifyElementTextKeyword.groovy:72)
	at com.kms.katalon.core.webui.keyword.builtin.VerifyElementTextKeyword.execute(VerifyElementTextKeyword.groovy:40)
	at com.kms.katalon.core.keyword.internal.KeywordExecutor.executeKeywordForPlatform(KeywordExecutor.groovy:73)
	at com.kms.katalon.core.webui.keyword.WebUiBuiltInKeywords.verifyElementText(WebUiBuiltInKeywords.groovy:4733)
	at com.kms.katalon.core.webui.keyword.WebUiBuiltInKeywords$verifyElementText$26.call(Unknown Source)
	at TablodaVeriBasariliMiIrsaliye.run(TablodaVeriBasariliMiIrsaliye:22)
	at com.kms.katalon.core.main.ScriptEngine.run(ScriptEngine.java:194)
	at com.kms.katalon.core.main.ScriptEngine.runScriptAsRawText(ScriptEngine.java:119)
	at com.kms.katalon.core.main.TestCaseExecutor.runScript(TestCaseExecutor.java:369)
	at com.kms.katalon.core.main.TestCaseExecutor.doExecute(TestCaseExecutor.java:360)
	at com.kms.katalon.core.main.TestCaseExecutor.processExecutionPhase(TestCaseExecutor.java:339)
	at com.kms.katalon.core.main.TestCaseExecutor.accessMainPhase(TestCaseExecutor.java:331)
	at com.kms.katalon.core.main.TestCaseExecutor.execute(TestCaseExecutor.java:248)
	at com.kms.katalon.core.main.TestCaseMain.runTestCase(TestCaseMain.java:138)
	at com.kms.katalon.core.keyword.builtin.CallTestCaseKeyword$_callTestCase_closure1.doCall(CallTestCaseKeyword.groovy:59)
	at com.kms.katalon.core.keyword.builtin.CallTestCaseKeyword$_callTestCase_closure1.call(CallTestCaseKeyword.groovy)
	at com.kms.katalon.core.keyword.internal.KeywordMain.runKeyword(KeywordMain.groovy:68)
	at com.kms.katalon.core.keyword.builtin.CallTestCaseKeyword.callTestCase(CallTestCaseKeyword.groovy:81)
	at com.kms.katalon.core.keyword.builtin.CallTestCaseKeyword.execute(CallTestCaseKeyword.groovy:44)
	at com.kms.katalon.core.keyword.internal.KeywordExecutor.executeKeywordForPlatform(KeywordExecutor.groovy:73)
	at com.kms.katalon.core.keyword.BuiltinKeywords.callTestCase(BuiltinKeywords.groovy:334)
	at tablo.tablo.tablodaVeriBasariliMiIrsaliye(tablo.groovy:85)
	at cucumber.runtime.Utils$1.call(Utils.java:26)
	at cucumber.runtime.Timeout.timeout(Timeout.java:16)
	at cucumber.runtime.Utils.invoke(Utils.java:20)
	at cucumber.runtime.java.JavaStepDefinition.execute(JavaStepDefinition.java:49)
	at cucumber.runner.PickleStepDefinitionMatch.runStep(PickleStepDefinitionMatch.java:50)
	at cucumber.runner.TestStep.executeStep(TestStep.java:63)
	at cucumber.runner.TestStep.run(TestStep.java:49)
	at cucumber.runner.PickleStepTestStep.run(PickleStepTestStep.java:43)
	at cucumber.runner.TestCase.run(TestCase.java:44)
	at cucumber.runner.Runner.runPickle(Runner.java:40)
	at cucumber.runtime.Runtime$1.run(Runtime.java:84)
	at cucumber.runtime.Runtime$SameThreadExecutorService.execute(Runtime.java:220)
	at cucumber.runtime.Runtime.run(Runtime.java:81)
	at cucumber.api.cli.Main.run(Main.java:26)
	at cucumber.api.cli.Main$run.call(Unknown Source)
	at com.kms.katalon.core.cucumber.keyword.CucumberBuiltinKeywords$_runFeatureFile_closure1.doCall(CucumberBuiltinKeywords.groovy:106)
	at com.kms.katalon.core.cucumber.keyword.CucumberBuiltinKeywords$_runFeatureFile_closure1.doCall(CucumberBuiltinKeywords.groovy)
	at com.kms.katalon.core.keyword.internal.KeywordMain.runKeyword(KeywordMain.groovy:68)
	at com.kms.katalon.core.keyword.internal.KeywordMain$runKeyword.call(Unknown Source)
	at com.kms.katalon.core.cucumber.keyword.CucumberBuiltinKeywords.runFeatureFile(CucumberBuiltinKeywords.groovy:73)
	at com.kms.katalon.core.cucumber.keyword.CucumberBuiltinKeywords$runFeatureFile$0.callStatic(Unknown Source)
	at com.kms.katalon.core.cucumber.keyword.CucumberBuiltinKeywords.runFeatureFile(CucumberBuiltinKeywords.groovy:246)
	at com.kms.katalon.core.cucumber.keyword.CucumberBuiltinKeywords$runFeatureFile.call(Unknown Source)
	at TCKN-Temel Irsaliye-Sevk Tipinde.run(TCKN-Temel Irsaliye-Sevk Tipinde:17)
	at com.kms.katalon.core.main.ScriptEngine.run(ScriptEngine.java:194)
	at com.kms.katalon.core.main.ScriptEngine.runScriptAsRawText(ScriptEngine.java:119)
	at com.kms.katalon.core.main.TestCaseExecutor.runScript(TestCaseExecutor.java:369)
	at com.kms.katalon.core.main.TestCaseExecutor.doExecute(TestCaseExecutor.java:360)
	at com.kms.katalon.core.main.TestCaseExecutor.processExecutionPhase(TestCaseExecutor.java:339)
	at com.kms.katalon.core.main.TestCaseExecutor.accessMainPhase(TestCaseExecutor.java:331)
	at com.kms.katalon.core.main.TestCaseExecutor.execute(TestCaseExecutor.java:248)
	at com.kms.katalon.core.main.TestSuiteExecutor.accessTestCaseMainPhase(TestSuiteExecutor.java:191)
	at com.kms.katalon.core.main.TestSuiteExecutor.accessTestSuiteMainPhase(TestSuiteExecutor.java:140)
	at com.kms.katalon.core.main.TestSuiteExecutor.execute(TestSuiteExecutor.java:89)
	at com.kms.katalon.core.main.TestCaseMain.startTestSuite(TestCaseMain.java:181)
	at com.kms.katalon.core.main.TestCaseMain$startTestSuite$0.call(Unknown Source)
	at TempTestSuite1637650008144.run(TempTestSuite1637650008144.groovy:39)
Caused by: org.openqa.selenium.NoSuchSessionException: Session ID is null. Using WebDriver after calling quit()?
Build info: version: '3.141.59', revision: 'e82be7d358', time: '2018-11-14T08:25:53'
System info: host: 'DESKTOP-QBVMTUG', ip: '192.168.1.24', os.name: 'Windows 10', os.arch: 'amd64', os.version: '10.0', java.version: '1.8.0_282'
Driver info: driver.version: RemoteWebDriver
	at org.openqa.selenium.remote.HttpCommandExecutor.execute(HttpCommandExecutor.java:125)
	at org.openqa.selenium.remote.service.DriverCommandExecutor.execute(DriverCommandExecutor.java:83)
	at org.openqa.selenium.remote.RemoteWebDriver.execute(RemoteWebDriver.java:552)
	at com.kms.katalon.selenium.driver.CChromeDriver.execute(CChromeDriver.java:19)
	at org.openqa.selenium.remote.RemoteWebDriver.findElements(RemoteWebDriver.java:353)
	at org.openqa.selenium.remote.RemoteWebDriver.findElementsByXPath(RemoteWebDriver.java:432)
	at org.openqa.selenium.By$ByXPath.findElements(By.java:348)
	at org.openqa.selenium.remote.RemoteWebDriver.findElements(RemoteWebDriver.java:311)
	at com.kms.katalon.core.webui.common.WebUiCommonHelper.findElementByNormalMethods(WebUiCommonHelper.java:1014)
	at com.kms.katalon.core.webui.common.WebUiCommonHelper.findElementsBySelectedMethod(WebUiCommonHelper.java:903)
	at com.kms.katalon.core.webui.common.WebUiCommonHelper.findElementsBySelectedMethod(WebUiCommonHelper.java:892)
	at com.kms.katalon.core.webui.common.WebUiCommonHelper.findElementsBySelectedMethod(WebUiCommonHelper.java:887)
	at com.kms.katalon.core.webui.common.WebUiCommonHelper.findElementsByDefault(WebUiCommonHelper.java:883)
	at com.kms.katalon.core.webui.common.WebUiCommonHelper.findWebElements(WebUiCommonHelper.java:720)
	at com.kms.katalon.core.webui.common.WebUiCommonHelper.findWebElement(WebUiCommonHelper.java:1363)
	at com.kms.katalon.core.webui.keyword.internal.WebUIAbstractKeyword.findWebElement(WebUIAbstractKeyword.groovy:27)
	at com.kms.katalon.core.webui.keyword.builtin.VerifyElementTextKeyword$_verifyElementText_closure1.doCall(VerifyElementTextKeyword.groovy:52)
	at com.kms.katalon.core.webui.keyword.builtin.VerifyElementTextKeyword$_verifyElementText_closure1.call(VerifyElementTextKeyword.groovy)
	at com.kms.katalon.core.webui.keyword.internal.WebUIKeywordMain.runKeyword(WebUIKeywordMain.groovy:20)
	at com.kms.katalon.core.webui.keyword.builtin.VerifyElementTextKeyword.verifyElementText(VerifyElementTextKeyword.groovy:72)
	at com.kms.katalon.core.webui.keyword.builtin.VerifyElementTextKeyword.execute(VerifyElementTextKeyword.groovy:40)
	at com.kms.katalon.core.keyword.internal.KeywordExecutor.executeKeywordForPlatform(KeywordExecutor.groovy:73)
	at com.kms.katalon.core.webui.keyword.WebUiBuiltInKeywords.verifyElementText(WebUiBuiltInKeywords.groovy:4733)
	at com.kms.katalon.core.webui.keyword.WebUiBuiltInKeywords$verifyElementText$26.call(Unknown Source)
	at Script1633425168321.run(Script1633425168321.groovy:22)
	at com.kms.katalon.core.main.ScriptEngine.run(ScriptEngine.java:194)
	at com.kms.katalon.core.main.ScriptEngine.runScriptAsRawText(ScriptEngine.java:119)
	at com.kms.katalon.core.main.TestCaseExecutor.runScript(TestCaseExecutor.java:369)
	at com.kms.katalon.core.main.TestCaseExecutor.doExecute(TestCaseExecutor.java:360)
	at com.kms.katalon.core.main.TestCaseExecutor.processExecutionPhase(TestCaseExecutor.java:339)
	at com.kms.katalon.core.main.TestCaseExecutor.accessMainPhase(TestCaseExecutor.java:331)
	at com.kms.katalon.core.main.TestCaseExecutor.execute(TestCaseExecutor.java:248)
	at com.kms.katalon.core.main.TestCaseMain.runTestCase(TestCaseMain.java:138)
	at com.kms.katalon.core.keyword.builtin.CallTestCaseKeyword$_callTestCase_closure1.doCall(CallTestCaseKeyword.groovy:59)
	at com.kms.katalon.core.keyword.builtin.CallTestCaseKeyword$_callTestCase_closure1.call(CallTestCaseKeyword.groovy)
	at com.kms.katalon.core.keyword.internal.KeywordMain.runKeyword(KeywordMain.groovy:68)
	at com.kms.katalon.core.keyword.builtin.CallTestCaseKeyword.callTestCase(CallTestCaseKeyword.groovy:81)
	at com.kms.katalon.core.keyword.builtin.CallTestCaseKeyword.execute(CallTestCaseKeyword.groovy:44)
	at com.kms.katalon.core.keyword.internal.KeywordExecutor.executeKeywordForPlatform(KeywordExecutor.groovy:73)
	at com.kms.katalon.core.keyword.BuiltinKeywords.callTestCase(BuiltinKeywords.groovy:334)
	at tablo.tablo.tablodaVeriBasariliMiIrsaliye(tablo.groovy:85)
	at cucumber.runtime.Utils$1.call(Utils.java:26)
	at cucumber.runtime.Timeout.timeout(Timeout.java:16)
	at cucumber.runtime.Utils.invoke(Utils.java:20)
	at cucumber.runtime.java.JavaStepDefinition.execute(JavaStepDefinition.java:49)
	at cucumber.runner.PickleStepDefinitionMatch.runStep(PickleStepDefinitionMatch.java:50)
	at cucumber.runner.TestStep.executeStep(TestStep.java:63)
	at cucumber.runner.TestStep.run(TestStep.java:49)
	at cucumber.runner.PickleStepTestStep.run(PickleStepTestStep.java:43)
	at cucumber.runner.TestCase.run(TestCase.java:44)
	at cucumber.runner.Runner.runPickle(Runner.java:40)
	at cucumber.runtime.Runtime$1.run(Runtime.java:84)
	at cucumber.runtime.Runtime$SameThreadExecutorService.execute(Runtime.java:220)
	at cucumber.runtime.Runtime.run(Runtime.java:81)
	at cucumber.api.cli.Main.run(Main.java:26)
	at cucumber.api.cli.Main$run.call(Unknown Source)
	at com.kms.katalon.core.cucumber.keyword.CucumberBuiltinKeywords$_runFeatureFile_closure1.doCall(CucumberBuiltinKeywords.groovy:106)
	at com.kms.katalon.core.cucumber.keyword.CucumberBuiltinKeywords$_runFeatureFile_closure1.doCall(CucumberBuiltinKeywords.groovy)
	at com.kms.katalon.core.keyword.internal.KeywordMain.runKeyword(KeywordMain.groovy:68)
	at com.kms.katalon.core.keyword.internal.KeywordMain$runKeyword.call(Unknown Source)
	at com.kms.katalon.core.cucumber.keyword.CucumberBuiltinKeywords.runFeatureFile(CucumberBuiltinKeywords.groovy:73)
	at com.kms.katalon.core.cucumber.keyword.CucumberBuiltinKeywords$runFeatureFile$0.callStatic(Unknown Source)
	at com.kms.katalon.core.cucumber.keyword.CucumberBuiltinKeywords.runFeatureFile(CucumberBuiltinKeywords.groovy:246)
	at com.kms.katalon.core.cucumber.keyword.CucumberBuiltinKeywords$runFeatureFile.call(Unknown Source)
	at Script1600698733665.run(Script1600698733665.groovy:17)
	... 13 more
)

2021-11-23 10:04:21 - [TEST_STEP][PASSED] - closeBrowser(STOP_ON_FAILURE): Verify element text of test object 'Object Repository/Tablo/DurumBilgisiIrsaliye' FAILED. (Root cause: com.kms.katalon.core.exception.StepFailedException: Verify element text of test object 'Object Repository/Tablo/DurumBilgisiIrsaliye' FAILED.
	at com.kms.katalon.core.webui.keyword.internal.WebUIKeywordMain.stepFailed(WebUIKeywordMain.groovy:64)
	at com.kms.katalon.core.webui.keyword.internal.WebUIKeywordMain.runKeyword(WebUIKeywordMain.groovy:26)
	at com.kms.katalon.core.webui.keyword.builtin.VerifyElementTextKeyword.verifyElementText(VerifyElementTextKeyword.groovy:72)
	at com.kms.katalon.core.webui.keyword.builtin.VerifyElementTextKeyword.execute(VerifyElementTextKeyword.groovy:40)
	at com.kms.katalon.core.keyword.internal.KeywordExecutor.executeKeywordForPlatform(KeywordExecutor.groovy:73)
	at com.kms.katalon.core.webui.keyword.WebUiBuiltInKeywords.verifyElementText(WebUiBuiltInKeywords.groovy:4733)
	at com.kms.katalon.core.webui.keyword.WebUiBuiltInKeywords$verifyElementText$26.call(Unknown Source)
	at TablodaVeriBasariliMiIrsaliye.run(TablodaVeriBasariliMiIrsaliye:22)
	at com.kms.katalon.core.main.ScriptEngine.run(ScriptEngine.java:194)
	at com.kms.katalon.core.main.ScriptEngine.runScriptAsRawText(ScriptEngine.java:119)
	at com.kms.katalon.core.main.TestCaseExecutor.runScript(TestCaseExecutor.java:369)
	at com.kms.katalon.core.main.TestCaseExecutor.doExecute(TestCaseExecutor.java:360)
	at com.kms.katalon.core.main.TestCaseExecutor.processExecutionPhase(TestCaseExecutor.java:339)
	at com.kms.katalon.core.main.TestCaseExecutor.accessMainPhase(TestCaseExecutor.java:331)
	at com.kms.katalon.core.main.TestCaseExecutor.execute(TestCaseExecutor.java:248)
	at com.kms.katalon.core.main.TestCaseMain.runTestCase(TestCaseMain.java:138)
	at com.kms.katalon.core.keyword.builtin.CallTestCaseKeyword$_callTestCase_closure1.doCall(CallTestCaseKeyword.groovy:59)
	at com.kms.katalon.core.keyword.builtin.CallTestCaseKeyword$_callTestCase_closure1.call(CallTestCaseKeyword.groovy)
	at com.kms.katalon.core.keyword.internal.KeywordMain.runKeyword(KeywordMain.groovy:68)
	at com.kms.katalon.core.keyword.builtin.CallTestCaseKeyword.callTestCase(CallTestCaseKeyword.groovy:81)
	at com.kms.katalon.core.keyword.builtin.CallTestCaseKeyword.execute(CallTestCaseKeyword.groovy:44)
	at com.kms.katalon.core.keyword.internal.KeywordExecutor.executeKeywordForPlatform(KeywordExecutor.groovy:73)
	at com.kms.katalon.core.keyword.BuiltinKeywords.callTestCase(BuiltinKeywords.groovy:334)
	at tablo.tablo.tablodaVeriBasariliMiIrsaliye(tablo.groovy:85)
	at cucumber.runtime.Utils$1.call(Utils.java:26)
	at cucumber.runtime.Timeout.timeout(Timeout.java:16)
	at cucumber.runtime.Utils.invoke(Utils.java:20)
	at cucumber.runtime.java.JavaStepDefinition.execute(JavaStepDefinition.java:49)
	at cucumber.runner.PickleStepDefinitionMatch.runStep(PickleStepDefinitionMatch.java:50)
	at cucumber.runner.TestStep.executeStep(TestStep.java:63)
	at cucumber.runner.TestStep.run(TestStep.java:49)
	at cucumber.runner.PickleStepTestStep.run(PickleStepTestStep.java:43)
	at cucumber.runner.TestCase.run(TestCase.java:44)
	at cucumber.runner.Runner.runPickle(Runner.java:40)
	at cucumber.runtime.Runtime$1.run(Runtime.java:84)
	at cucumber.runtime.Runtime$SameThreadExecutorService.execute(Runtime.java:220)
	at cucumber.runtime.Runtime.run(Runtime.java:81)
	at cucumber.api.cli.Main.run(Main.java:26)
	at cucumber.api.cli.Main$run.call(Unknown Source)
	at com.kms.katalon.core.cucumber.keyword.CucumberBuiltinKeywords$_runFeatureFile_closure1.doCall(CucumberBuiltinKeywords.groovy:106)
	at com.kms.katalon.core.cucumber.keyword.CucumberBuiltinKeywords$_runFeatureFile_closure1.doCall(CucumberBuiltinKeywords.groovy)
	at com.kms.katalon.core.keyword.internal.KeywordMain.runKeyword(KeywordMain.groovy:68)
	at com.kms.katalon.core.keyword.internal.KeywordMain$runKeyword.call(Unknown Source)
	at com.kms.katalon.core.cucumber.keyword.CucumberBuiltinKeywords.runFeatureFile(CucumberBuiltinKeywords.groovy:73)
	at com.kms.katalon.core.cucumber.keyword.CucumberBuiltinKeywords$runFeatureFile$0.callStatic(Unknown Source)
	at com.kms.katalon.core.cucumber.keyword.CucumberBuiltinKeywords.runFeatureFile(CucumberBuiltinKeywords.groovy:246)
	at com.kms.katalon.core.cucumber.keyword.CucumberBuiltinKeywords$runFeatureFile.call(Unknown Source)
	at TCKN-Temel Irsaliye-Sevk Tipinde.run(TCKN-Temel Irsaliye-Sevk Tipinde:17)
	at com.kms.katalon.core.main.ScriptEngine.run(ScriptEngine.java:194)
	at com.kms.katalon.core.main.ScriptEngine.runScriptAsRawText(ScriptEngine.java:119)
	at com.kms.katalon.core.main.TestCaseExecutor.runScript(TestCaseExecutor.java:369)
	at com.kms.katalon.core.main.TestCaseExecutor.doExecute(TestCaseExecutor.java:360)
	at com.kms.katalon.core.main.TestCaseExecutor.processExecutionPhase(TestCaseExecutor.java:339)
	at com.kms.katalon.core.main.TestCaseExecutor.accessMainPhase(TestCaseExecutor.java:331)
	at com.kms.katalon.core.main.TestCaseExecutor.execute(TestCaseExecutor.java:248)
	at com.kms.katalon.core.main.TestSuiteExecutor.accessTestCaseMainPhase(TestSuiteExecutor.java:191)
	at com.kms.katalon.core.main.TestSuiteExecutor.accessTestSuiteMainPhase(TestSuiteExecutor.java:140)
	at com.kms.katalon.core.main.TestSuiteExecutor.execute(TestSuiteExecutor.java:89)
	at com.kms.katalon.core.main.TestCaseMain.startTestSuite(TestCaseMain.java:181)
	at com.kms.katalon.core.main.TestCaseMain$startTestSuite$0.call(Unknown Source)
	at TempTestSuite1637650008144.run(TempTestSuite1637650008144.groovy:39)
Caused by: org.openqa.selenium.NoSuchSessionException: Session ID is null. Using WebDriver after calling quit()?
Build info: version: '3.141.59', revision: 'e82be7d358', time: '2018-11-14T08:25:53'
System info: host: 'DESKTOP-QBVMTUG', ip: '192.168.1.24', os.name: 'Windows 10', os.arch: 'amd64', os.version: '10.0', java.version: '1.8.0_282'
Driver info: driver.version: RemoteWebDriver
	at org.openqa.selenium.remote.HttpCommandExecutor.execute(HttpCommandExecutor.java:125)
	at org.openqa.selenium.remote.service.DriverCommandExecutor.execute(DriverCommandExecutor.java:83)
	at org.openqa.selenium.remote.RemoteWebDriver.execute(RemoteWebDriver.java:552)
	at com.kms.katalon.selenium.driver.CChromeDriver.execute(CChromeDriver.java:19)
	at org.openqa.selenium.remote.RemoteWebDriver.findElements(RemoteWebDriver.java:353)
	at org.openqa.selenium.remote.RemoteWebDriver.findElementsByXPath(RemoteWebDriver.java:432)
	at org.openqa.selenium.By$ByXPath.findElements(By.java:348)
	at org.openqa.selenium.remote.RemoteWebDriver.findElements(RemoteWebDriver.java:311)
	at com.kms.katalon.core.webui.common.WebUiCommonHelper.findElementByNormalMethods(WebUiCommonHelper.java:1014)
	at com.kms.katalon.core.webui.common.WebUiCommonHelper.findElementsBySelectedMethod(WebUiCommonHelper.java:903)
	at com.kms.katalon.core.webui.common.WebUiCommonHelper.findElementsBySelectedMethod(WebUiCommonHelper.java:892)
	at com.kms.katalon.core.webui.common.WebUiCommonHelper.findElementsBySelectedMethod(WebUiCommonHelper.java:887)
	at com.kms.katalon.core.webui.common.WebUiCommonHelper.findElementsByDefault(WebUiCommonHelper.java:883)
	at com.kms.katalon.core.webui.common.WebUiCommonHelper.findWebElements(WebUiCommonHelper.java:720)
	at com.kms.katalon.core.webui.common.WebUiCommonHelper.findWebElement(WebUiCommonHelper.java:1363)
	at com.kms.katalon.core.webui.keyword.internal.WebUIAbstractKeyword.findWebElement(WebUIAbstractKeyword.groovy:27)
	at com.kms.katalon.core.webui.keyword.builtin.VerifyElementTextKeyword$_verifyElementText_closure1.doCall(VerifyElementTextKeyword.groovy:52)
	at com.kms.katalon.core.webui.keyword.builtin.VerifyElementTextKeyword$_verifyElementText_closure1.call(VerifyElementTextKeyword.groovy)
	at com.kms.katalon.core.webui.keyword.internal.WebUIKeywordMain.runKeyword(WebUIKeywordMain.groovy:20)
	at com.kms.katalon.core.webui.keyword.builtin.VerifyElementTextKeyword.verifyElementText(VerifyElementTextKeyword.groovy:72)
	at com.kms.katalon.core.webui.keyword.builtin.VerifyElementTextKeyword.execute(VerifyElementTextKeyword.groovy:40)
	at com.kms.katalon.core.keyword.internal.KeywordExecutor.executeKeywordForPlatform(KeywordExecutor.groovy:73)
	at com.kms.katalon.core.webui.keyword.WebUiBuiltInKeywords.verifyElementText(WebUiBuiltInKeywords.groovy:4733)
	at com.kms.katalon.core.webui.keyword.WebUiBuiltInKeywords$verifyElementText$26.call(Unknown Source)
	at Script1633425168321.run(Script1633425168321.groovy:22)
	at com.kms.katalon.core.main.ScriptEngine.run(ScriptEngine.java:194)
	at com.kms.katalon.core.main.ScriptEngine.runScriptAsRawText(ScriptEngine.java:119)
	at com.kms.katalon.core.main.TestCaseExecutor.runScript(TestCaseExecutor.java:369)
	at com.kms.katalon.core.main.TestCaseExecutor.doExecute(TestCaseExecutor.java:360)
	at com.kms.katalon.core.main.TestCaseExecutor.processExecutionPhase(TestCaseExecutor.java:339)
	at com.kms.katalon.core.main.TestCaseExecutor.accessMainPhase(TestCaseExecutor.java:331)
	at com.kms.katalon.core.main.TestCaseExecutor.execute(TestCaseExecutor.java:248)
	at com.kms.katalon.core.main.TestCaseMain.runTestCase(TestCaseMain.java:138)
	at com.kms.katalon.core.keyword.builtin.CallTestCaseKeyword$_callTestCase_closure1.doCall(CallTestCaseKeyword.groovy:59)
	at com.kms.katalon.core.keyword.builtin.CallTestCaseKeyword$_callTestCase_closure1.call(CallTestCaseKeyword.groovy)
	at com.kms.katalon.core.keyword.internal.KeywordMain.runKeyword(KeywordMain.groovy:68)
	at com.kms.katalon.core.keyword.builtin.CallTestCaseKeyword.callTestCase(CallTestCaseKeyword.groovy:81)
	at com.kms.katalon.core.keyword.builtin.CallTestCaseKeyword.execute(CallTestCaseKeyword.groovy:44)
	at com.kms.katalon.core.keyword.internal.KeywordExecutor.executeKeywordForPlatform(KeywordExecutor.groovy:73)
	at com.kms.katalon.core.keyword.BuiltinKeywords.callTestCase(BuiltinKeywords.groovy:334)
	at tablo.tablo.tablodaVeriBasariliMiIrsaliye(tablo.groovy:85)
	at cucumber.runtime.Utils$1.call(Utils.java:26)
	at cucumber.runtime.Timeout.timeout(Timeout.java:16)
	at cucumber.runtime.Utils.invoke(Utils.java:20)
	at cucumber.runtime.java.JavaStepDefinition.execute(JavaStepDefinition.java:49)
	at cucumber.runner.PickleStepDefinitionMatch.runStep(PickleStepDefinitionMatch.java:50)
	at cucumber.runner.TestStep.executeStep(TestStep.java:63)
	at cucumber.runner.TestStep.run(TestStep.java:49)
	at cucumber.runner.PickleStepTestStep.run(PickleStepTestStep.java:43)
	at cucumber.runner.TestCase.run(TestCase.java:44)
	at cucumber.runner.Runner.runPickle(Runner.java:40)
	at cucumber.runtime.Runtime$1.run(Runtime.java:84)
	at cucumber.runtime.Runtime$SameThreadExecutorService.execute(Runtime.java:220)
	at cucumber.runtime.Runtime.run(Runtime.java:81)
	at cucumber.api.cli.Main.run(Main.java:26)
	at cucumber.api.cli.Main$run.call(Unknown Source)
	at com.kms.katalon.core.cucumber.keyword.CucumberBuiltinKeywords$_runFeatureFile_closure1.doCall(CucumberBuiltinKeywords.groovy:106)
	at com.kms.katalon.core.cucumber.keyword.CucumberBuiltinKeywords$_runFeatureFile_closure1.doCall(CucumberBuiltinKeywords.groovy)
	at com.kms.katalon.core.keyword.internal.KeywordMain.runKeyword(KeywordMain.groovy:68)
	at com.kms.katalon.core.keyword.internal.KeywordMain$runKeyword.call(Unknown Source)
	at com.kms.katalon.core.cucumber.keyword.CucumberBuiltinKeywords.runFeatureFile(CucumberBuiltinKeywords.groovy:73)
	at com.kms.katalon.core.cucumber.keyword.CucumberBuiltinKeywords$runFeatureFile$0.callStatic(Unknown Source)
	at com.kms.katalon.core.cucumber.keyword.CucumberBuiltinKeywords.runFeatureFile(CucumberBuiltinKeywords.groovy:246)
	at com.kms.katalon.core.cucumber.keyword.CucumberBuiltinKeywords$runFeatureFile.call(Unknown Source)
	at Script1600698733665.run(Script1600698733665.groovy:17)
	... 13 more
)

2021-11-23 10:04:21 - [MESSAGE][INFO] - Closing browser

2021-11-23 10:04:21 - [MESSAGE][PASSED] - Browser is closed

2021-11-23 10:04:21 - [MESSAGE][INFO] - Finding Test Object 'Object Repository/Tablo/DurumBilgisiIrsaliye'

2021-11-23 10:04:21 - [MESSAGE][INFO] - Checking object

2021-11-23 10:04:21 - [MESSAGE][INFO] - Finding web element from Test Object's properties

2021-11-23 10:04:21 - [MESSAGE][INFO] - Checking timeout

2021-11-23 10:04:21 - [MESSAGE][INFO] - Finding web element with id: 'Object Repository/Tablo/DurumBilgisiIrsaliye' located by 'By.xpath: //*[@id = 'GridViewDespatchAdvice_tccell0_6']' in '30' second(s)

2021-11-23 10:04:21 - [MESSAGE][WARNING] - Verify element text of test object 'Object Repository/Tablo/DurumBilgisiIrsaliye' FAILED. (Root cause: com.kms.katalon.core.exception.StepFailedException: Verify element text of test object 'Object Repository/Tablo/DurumBilgisiIrsaliye' FAILED.
	at com.kms.katalon.core.webui.keyword.internal.WebUIKeywordMain.stepFailed(WebUIKeywordMain.groovy:64)
	at com.kms.katalon.core.webui.keyword.internal.WebUIKeywordMain.runKeyword(WebUIKeywordMain.groovy:26)
	at com.kms.katalon.core.webui.keyword.builtin.VerifyElementTextKeyword.verifyElementText(VerifyElementTextKeyword.groovy:72)
	at com.kms.katalon.core.webui.keyword.builtin.VerifyElementTextKeyword.execute(VerifyElementTextKeyword.groovy:40)
	at com.kms.katalon.core.keyword.internal.KeywordExecutor.executeKeywordForPlatform(KeywordExecutor.groovy:73)
	at com.kms.katalon.core.webui.keyword.WebUiBuiltInKeywords.verifyElementText(WebUiBuiltInKeywords.groovy:4733)
	at com.kms.katalon.core.webui.keyword.WebUiBuiltInKeywords$verifyElementText$26.call(Unknown Source)
	at TablodaVeriBasariliMiIrsaliye.run(TablodaVeriBasariliMiIrsaliye:22)
	at com.kms.katalon.core.main.ScriptEngine.run(ScriptEngine.java:194)
	at com.kms.katalon.core.main.ScriptEngine.runScriptAsRawText(ScriptEngine.java:119)
	at com.kms.katalon.core.main.TestCaseExecutor.runScript(TestCaseExecutor.java:369)
	at com.kms.katalon.core.main.TestCaseExecutor.doExecute(TestCaseExecutor.java:360)
	at com.kms.katalon.core.main.TestCaseExecutor.processExecutionPhase(TestCaseExecutor.java:339)
	at com.kms.katalon.core.main.TestCaseExecutor.accessMainPhase(TestCaseExecutor.java:331)
	at com.kms.katalon.core.main.TestCaseExecutor.execute(TestCaseExecutor.java:248)
	at com.kms.katalon.core.main.TestCaseMain.runTestCase(TestCaseMain.java:138)
	at com.kms.katalon.core.keyword.builtin.CallTestCaseKeyword$_callTestCase_closure1.doCall(CallTestCaseKeyword.groovy:59)
	at com.kms.katalon.core.keyword.builtin.CallTestCaseKeyword$_callTestCase_closure1.call(CallTestCaseKeyword.groovy)
	at com.kms.katalon.core.keyword.internal.KeywordMain.runKeyword(KeywordMain.groovy:68)
	at com.kms.katalon.core.keyword.builtin.CallTestCaseKeyword.callTestCase(CallTestCaseKeyword.groovy:81)
	at com.kms.katalon.core.keyword.builtin.CallTestCaseKeyword.execute(CallTestCaseKeyword.groovy:44)
	at com.kms.katalon.core.keyword.internal.KeywordExecutor.executeKeywordForPlatform(KeywordExecutor.groovy:73)
	at com.kms.katalon.core.keyword.BuiltinKeywords.callTestCase(BuiltinKeywords.groovy:334)
	at tablo.tablo.tablodaVeriBasariliMiIrsaliye(tablo.groovy:85)
	at cucumber.runtime.Utils$1.call(Utils.java:26)
	at cucumber.runtime.Timeout.timeout(Timeout.java:16)
	at cucumber.runtime.Utils.invoke(Utils.java:20)
	at cucumber.runtime.java.JavaStepDefinition.execute(JavaStepDefinition.java:49)
	at cucumber.runner.PickleStepDefinitionMatch.runStep(PickleStepDefinitionMatch.java:50)
	at cucumber.runner.TestStep.executeStep(TestStep.java:63)
	at cucumber.runner.TestStep.run(TestStep.java:49)
	at cucumber.runner.PickleStepTestStep.run(PickleStepTestStep.java:43)
	at cucumber.runner.TestCase.run(TestCase.java:44)
	at cucumber.runner.Runner.runPickle(Runner.java:40)
	at cucumber.runtime.Runtime$1.run(Runtime.java:84)
	at cucumber.runtime.Runtime$SameThreadExecutorService.execute(Runtime.java:220)
	at cucumber.runtime.Runtime.run(Runtime.java:81)
	at cucumber.api.cli.Main.run(Main.java:26)
	at cucumber.api.cli.Main$run.call(Unknown Source)
	at com.kms.katalon.core.cucumber.keyword.CucumberBuiltinKeywords$_runFeatureFile_closure1.doCall(CucumberBuiltinKeywords.groovy:106)
	at com.kms.katalon.core.cucumber.keyword.CucumberBuiltinKeywords$_runFeatureFile_closure1.doCall(CucumberBuiltinKeywords.groovy)
	at com.kms.katalon.core.keyword.internal.KeywordMain.runKeyword(KeywordMain.groovy:68)
	at com.kms.katalon.core.keyword.internal.KeywordMain$runKeyword.call(Unknown Source)
	at com.kms.katalon.core.cucumber.keyword.CucumberBuiltinKeywords.runFeatureFile(CucumberBuiltinKeywords.groovy:73)
	at com.kms.katalon.core.cucumber.keyword.CucumberBuiltinKeywords$runFeatureFile$0.callStatic(Unknown Source)
	at com.kms.katalon.core.cucumber.keyword.CucumberBuiltinKeywords.runFeatureFile(CucumberBuiltinKeywords.groovy:246)
	at com.kms.katalon.core.cucumber.keyword.CucumberBuiltinKeywords$runFeatureFile.call(Unknown Source)
	at TCKN-Temel Irsaliye-Sevk Tipinde.run(TCKN-Temel Irsaliye-Sevk Tipinde:17)
	at com.kms.katalon.core.main.ScriptEngine.run(ScriptEngine.java:194)
	at com.kms.katalon.core.main.ScriptEngine.runScriptAsRawText(ScriptEngine.java:119)
	at com.kms.katalon.core.main.TestCaseExecutor.runScript(TestCaseExecutor.java:369)
	at com.kms.katalon.core.main.TestCaseExecutor.doExecute(TestCaseExecutor.java:360)
	at com.kms.katalon.core.main.TestCaseExecutor.processExecutionPhase(TestCaseExecutor.java:339)
	at com.kms.katalon.core.main.TestCaseExecutor.accessMainPhase(TestCaseExecutor.java:331)
	at com.kms.katalon.core.main.TestCaseExecutor.execute(TestCaseExecutor.java:248)
	at com.kms.katalon.core.main.TestSuiteExecutor.accessTestCaseMainPhase(TestSuiteExecutor.java:191)
	at com.kms.katalon.core.main.TestSuiteExecutor.accessTestSuiteMainPhase(TestSuiteExecutor.java:140)
	at com.kms.katalon.core.main.TestSuiteExecutor.execute(TestSuiteExecutor.java:89)
	at com.kms.katalon.core.main.TestCaseMain.startTestSuite(TestCaseMain.java:181)
	at com.kms.katalon.core.main.TestCaseMain$startTestSuite$0.call(Unknown Source)
	at TempTestSuite1637650008144.run(TempTestSuite1637650008144.groovy:39)
Caused by: org.openqa.selenium.NoSuchSessionException: Session ID is null. Using WebDriver after calling quit()?
Build info: version: '3.141.59', revision: 'e82be7d358', time: '2018-11-14T08:25:53'
System info: host: 'DESKTOP-QBVMTUG', ip: '192.168.1.24', os.name: 'Windows 10', os.arch: 'amd64', os.version: '10.0', java.version: '1.8.0_282'
Driver info: driver.version: RemoteWebDriver
	at org.openqa.selenium.remote.HttpCommandExecutor.execute(HttpCommandExecutor.java:125)
	at org.openqa.selenium.remote.service.DriverCommandExecutor.execute(DriverCommandExecutor.java:83)
	at org.openqa.selenium.remote.RemoteWebDriver.execute(RemoteWebDriver.java:552)
	at com.kms.katalon.selenium.driver.CChromeDriver.execute(CChromeDriver.java:19)
	at org.openqa.selenium.remote.RemoteWebDriver.findElements(RemoteWebDriver.java:353)
	at org.openqa.selenium.remote.RemoteWebDriver.findElementsByXPath(RemoteWebDriver.java:432)
	at org.openqa.selenium.By$ByXPath.findElements(By.java:348)
	at org.openqa.selenium.remote.RemoteWebDriver.findElements(RemoteWebDriver.java:311)
	at com.kms.katalon.core.webui.common.WebUiCommonHelper.findElementByNormalMethods(WebUiCommonHelper.java:1014)
	at com.kms.katalon.core.webui.common.WebUiCommonHelper.findElementsBySelectedMethod(WebUiCommonHelper.java:903)
	at com.kms.katalon.core.webui.common.WebUiCommonHelper.findElementsBySelectedMethod(WebUiCommonHelper.java:892)
	at com.kms.katalon.core.webui.common.WebUiCommonHelper.findElementsBySelectedMethod(WebUiCommonHelper.java:887)
	at com.kms.katalon.core.webui.common.WebUiCommonHelper.findElementsByDefault(WebUiCommonHelper.java:883)
	at com.kms.katalon.core.webui.common.WebUiCommonHelper.findWebElements(WebUiCommonHelper.java:720)
	at com.kms.katalon.core.webui.common.WebUiCommonHelper.findWebElement(WebUiCommonHelper.java:1363)
	at com.kms.katalon.core.webui.keyword.internal.WebUIAbstractKeyword.findWebElement(WebUIAbstractKeyword.groovy:27)
	at com.kms.katalon.core.webui.keyword.builtin.VerifyElementTextKeyword$_verifyElementText_closure1.doCall(VerifyElementTextKeyword.groovy:52)
	at com.kms.katalon.core.webui.keyword.builtin.VerifyElementTextKeyword$_verifyElementText_closure1.call(VerifyElementTextKeyword.groovy)
	at com.kms.katalon.core.webui.keyword.internal.WebUIKeywordMain.runKeyword(WebUIKeywordMain.groovy:20)
	at com.kms.katalon.core.webui.keyword.builtin.VerifyElementTextKeyword.verifyElementText(VerifyElementTextKeyword.groovy:72)
	at com.kms.katalon.core.webui.keyword.builtin.VerifyElementTextKeyword.execute(VerifyElementTextKeyword.groovy:40)
	at com.kms.katalon.core.keyword.internal.KeywordExecutor.executeKeywordForPlatform(KeywordExecutor.groovy:73)
	at com.kms.katalon.core.webui.keyword.WebUiBuiltInKeywords.verifyElementText(WebUiBuiltInKeywords.groovy:4733)
	at com.kms.katalon.core.webui.keyword.WebUiBuiltInKeywords$verifyElementText$26.call(Unknown Source)
	at Script1633425168321.run(Script1633425168321.groovy:22)
	at com.kms.katalon.core.main.ScriptEngine.run(ScriptEngine.java:194)
	at com.kms.katalon.core.main.ScriptEngine.runScriptAsRawText(ScriptEngine.java:119)
	at com.kms.katalon.core.main.TestCaseExecutor.runScript(TestCaseExecutor.java:369)
	at com.kms.katalon.core.main.TestCaseExecutor.doExecute(TestCaseExecutor.java:360)
	at com.kms.katalon.core.main.TestCaseExecutor.processExecutionPhase(TestCaseExecutor.java:339)
	at com.kms.katalon.core.main.TestCaseExecutor.accessMainPhase(TestCaseExecutor.java:331)
	at com.kms.katalon.core.main.TestCaseExecutor.execute(TestCaseExecutor.java:248)
	at com.kms.katalon.core.main.TestCaseMain.runTestCase(TestCaseMain.java:138)
	at com.kms.katalon.core.keyword.builtin.CallTestCaseKeyword$_callTestCase_closure1.doCall(CallTestCaseKeyword.groovy:59)
	at com.kms.katalon.core.keyword.builtin.CallTestCaseKeyword$_callTestCase_closure1.call(CallTestCaseKeyword.groovy)
	at com.kms.katalon.core.keyword.internal.KeywordMain.runKeyword(KeywordMain.groovy:68)
	at com.kms.katalon.core.keyword.builtin.CallTestCaseKeyword.callTestCase(CallTestCaseKeyword.groovy:81)
	at com.kms.katalon.core.keyword.builtin.CallTestCaseKeyword.execute(CallTestCaseKeyword.groovy:44)
	at com.kms.katalon.core.keyword.internal.KeywordExecutor.executeKeywordForPlatform(KeywordExecutor.groovy:73)
	at com.kms.katalon.core.keyword.BuiltinKeywords.callTestCase(BuiltinKeywords.groovy:334)
	at tablo.tablo.tablodaVeriBasariliMiIrsaliye(tablo.groovy:85)
	at cucumber.runtime.Utils$1.call(Utils.java:26)
	at cucumber.runtime.Timeout.timeout(Timeout.java:16)
	at cucumber.runtime.Utils.invoke(Utils.java:20)
	at cucumber.runtime.java.JavaStepDefinition.execute(JavaStepDefinition.java:49)
	at cucumber.runner.PickleStepDefinitionMatch.runStep(PickleStepDefinitionMatch.java:50)
	at cucumber.runner.TestStep.executeStep(TestStep.java:63)
	at cucumber.runner.TestStep.run(TestStep.java:49)
	at cucumber.runner.PickleStepTestStep.run(PickleStepTestStep.java:43)
	at cucumber.runner.TestCase.run(TestCase.java:44)
	at cucumber.runner.Runner.runPickle(Runner.java:40)
	at cucumber.runtime.Runtime$1.run(Runtime.java:84)
	at cucumber.runtime.Runtime$SameThreadExecutorService.execute(Runtime.java:220)
	at cucumber.runtime.Runtime.run(Runtime.java:81)
	at cucumber.api.cli.Main.run(Main.java:26)
	at cucumber.api.cli.Main$run.call(Unknown Source)
	at com.kms.katalon.core.cucumber.keyword.CucumberBuiltinKeywords$_runFeatureFile_closure1.doCall(CucumberBuiltinKeywords.groovy:106)
	at com.kms.katalon.core.cucumber.keyword.CucumberBuiltinKeywords$_runFeatureFile_closure1.doCall(CucumberBuiltinKeywords.groovy)
	at com.kms.katalon.core.keyword.internal.KeywordMain.runKeyword(KeywordMain.groovy:68)
	at com.kms.katalon.core.keyword.internal.KeywordMain$runKeyword.call(Unknown Source)
	at com.kms.katalon.core.cucumber.keyword.CucumberBuiltinKeywords.runFeatureFile(CucumberBuiltinKeywords.groovy:73)
	at com.kms.katalon.core.cucumber.keyword.CucumberBuiltinKeywords$runFeatureFile$0.callStatic(Unknown Source)
	at com.kms.katalon.core.cucumber.keyword.CucumberBuiltinKeywords.runFeatureFile(CucumberBuiltinKeywords.groovy:246)
	at com.kms.katalon.core.cucumber.keyword.CucumberBuiltinKeywords$runFeatureFile.call(Unknown Source)
	at Script1600698733665.run(Script1600698733665.groovy:17)
	... 13 more
)

2021-11-23 10:04:21 - [TEST_STEP][ERROR] - Method.TextDegerineEsitElementVarMi(findTestObject("Tablo/DurumBilgisiIrsaliye"), "Başarılı"): Session ID is null. Using WebDriver after calling quit()?
Build info: version: '3.141.59', revision: 'e82be7d358', time: '2018-11-14T08:25:53'
System info: host: 'DESKTOP-QBVMTUG', ip: '192.168.1.24', os.name: 'Windows 10', os.arch: 'amd64', os.version: '10.0', java.version: '1.8.0_282'
Driver info: driver.version: RemoteWebDriver

2021-11-23 10:04:21 - [MESSAGE][INFO] - Finding Test Object 'Object Repository/Tablo/DurumBilgisiIrsaliye'

2021-11-23 10:04:22 - [MESSAGE][INFO] - Checking timeout

2021-11-23 10:04:22 - [MESSAGE][INFO] - Finding web element with id: 'Object Repository/Tablo/DurumBilgisiIrsaliye' located by 'By.xpath: //*[@id = 'GridViewDespatchAdvice_tccell0_6']' in '10' second(s)

2021-11-23 10:04:22 - [MESSAGE][ERROR] - Session ID is null. Using WebDriver after calling quit()?
Build info: version: '3.141.59', revision: 'e82be7d358', time: '2018-11-14T08:25:53'
System info: host: 'DESKTOP-QBVMTUG', ip: '192.168.1.24', os.name: 'Windows 10', os.arch: 'amd64', os.version: '10.0', java.version: '1.8.0_282'
Driver info: driver.version: RemoteWebDriver

2021-11-23 10:04:22 - [MESSAGE][FAILED] - Unable to call Test Case 'Test Cases/Tablo/TablodaVeriBasariliMiIrsaliye' (Root cause: com.kms.katalon.core.exception.StepErrorException: Call Test Case 'Test Cases/Tablo/TablodaVeriBasariliMiIrsaliye' failed because of error(s)
	at com.kms.katalon.core.keyword.builtin.CallTestCaseKeyword$_callTestCase_closure1.doCall(CallTestCaseKeyword.groovy:66)
	at com.kms.katalon.core.keyword.builtin.CallTestCaseKeyword$_callTestCase_closure1.call(CallTestCaseKeyword.groovy)
	at com.kms.katalon.core.keyword.internal.KeywordMain.runKeyword(KeywordMain.groovy:68)
	at com.kms.katalon.core.keyword.builtin.CallTestCaseKeyword.callTestCase(CallTestCaseKeyword.groovy:81)
	at com.kms.katalon.core.keyword.builtin.CallTestCaseKeyword.execute(CallTestCaseKeyword.groovy:44)
	at com.kms.katalon.core.keyword.internal.KeywordExecutor.executeKeywordForPlatform(KeywordExecutor.groovy:73)
	at com.kms.katalon.core.keyword.BuiltinKeywords.callTestCase(BuiltinKeywords.groovy:334)
	at tablo.tablo.tablodaVeriBasariliMiIrsaliye(tablo.groovy:85)
	at cucumber.runtime.Utils$1.call(Utils.java:26)
	at cucumber.runtime.Timeout.timeout(Timeout.java:16)
	at cucumber.runtime.Utils.invoke(Utils.java:20)
	at cucumber.runtime.java.JavaStepDefinition.execute(JavaStepDefinition.java:49)
	at cucumber.runner.PickleStepDefinitionMatch.runStep(PickleStepDefinitionMatch.java:50)
	at cucumber.runner.TestStep.executeStep(TestStep.java:63)
	at cucumber.runner.TestStep.run(TestStep.java:49)
	at cucumber.runner.PickleStepTestStep.run(PickleStepTestStep.java:43)
	at cucumber.runner.TestCase.run(TestCase.java:44)
	at cucumber.runner.Runner.runPickle(Runner.java:40)
	at cucumber.runtime.Runtime$1.run(Runtime.java:84)
	at cucumber.runtime.Runtime$SameThreadExecutorService.execute(Runtime.java:220)
	at cucumber.runtime.Runtime.run(Runtime.java:81)
	at cucumber.api.cli.Main.run(Main.java:26)
	at cucumber.api.cli.Main$run.call(Unknown Source)
	at com.kms.katalon.core.cucumber.keyword.CucumberBuiltinKeywords$_runFeatureFile_closure1.doCall(CucumberBuiltinKeywords.groovy:106)
	at com.kms.katalon.core.cucumber.keyword.CucumberBuiltinKeywords$_runFeatureFile_closure1.doCall(CucumberBuiltinKeywords.groovy)
	at com.kms.katalon.core.keyword.internal.KeywordMain.runKeyword(KeywordMain.groovy:68)
	at com.kms.katalon.core.keyword.internal.KeywordMain$runKeyword.call(Unknown Source)
	at com.kms.katalon.core.cucumber.keyword.CucumberBuiltinKeywords.runFeatureFile(CucumberBuiltinKeywords.groovy:73)
	at com.kms.katalon.core.cucumber.keyword.CucumberBuiltinKeywords$runFeatureFile$0.callStatic(Unknown Source)
	at com.kms.katalon.core.cucumber.keyword.CucumberBuiltinKeywords.runFeatureFile(CucumberBuiltinKeywords.groovy:246)
	at com.kms.katalon.core.cucumber.keyword.CucumberBuiltinKeywords$runFeatureFile.call(Unknown Source)
	at TCKN-Temel Irsaliye-Sevk Tipinde.run(TCKN-Temel Irsaliye-Sevk Tipinde:17)
	at com.kms.katalon.core.main.ScriptEngine.run(ScriptEngine.java:194)
	at com.kms.katalon.core.main.ScriptEngine.runScriptAsRawText(ScriptEngine.java:119)
	at com.kms.katalon.core.main.TestCaseExecutor.runScript(TestCaseExecutor.java:369)
	at com.kms.katalon.core.main.TestCaseExecutor.doExecute(TestCaseExecutor.java:360)
	at com.kms.katalon.core.main.TestCaseExecutor.processExecutionPhase(TestCaseExecutor.java:339)
	at com.kms.katalon.core.main.TestCaseExecutor.accessMainPhase(TestCaseExecutor.java:331)
	at com.kms.katalon.core.main.TestCaseExecutor.execute(TestCaseExecutor.java:248)
	at com.kms.katalon.core.main.TestSuiteExecutor.accessTestCaseMainPhase(TestSuiteExecutor.java:191)
	at com.kms.katalon.core.main.TestSuiteExecutor.accessTestSuiteMainPhase(TestSuiteExecutor.java:140)
	at com.kms.katalon.core.main.TestSuiteExecutor.execute(TestSuiteExecutor.java:89)
	at com.kms.katalon.core.main.TestCaseMain.startTestSuite(TestCaseMain.java:181)
	at com.kms.katalon.core.main.TestCaseMain$startTestSuite$0.call(Unknown Source)
	at TempTestSuite1637650008144.run(TempTestSuite1637650008144.groovy:39)
Caused by: org.openqa.selenium.NoSuchSessionException: Session ID is null. Using WebDriver after calling quit()?
Build info: version: '3.141.59', revision: 'e82be7d358', time: '2018-11-14T08:25:53'
System info: host: 'DESKTOP-QBVMTUG', ip: '192.168.1.24', os.name: 'Windows 10', os.arch: 'amd64', os.version: '10.0', java.version: '1.8.0_282'
Driver info: driver.version: RemoteWebDriver
	at org.openqa.selenium.remote.HttpCommandExecutor.execute(HttpCommandExecutor.java:125)
	at org.openqa.selenium.remote.service.DriverCommandExecutor.execute(DriverCommandExecutor.java:83)
	at org.openqa.selenium.remote.RemoteWebDriver.execute(RemoteWebDriver.java:552)
	at com.kms.katalon.selenium.driver.CChromeDriver.execute(CChromeDriver.java:19)
	at org.openqa.selenium.remote.RemoteWebDriver.findElements(RemoteWebDriver.java:353)
	at org.openqa.selenium.remote.RemoteWebDriver.findElementsByXPath(RemoteWebDriver.java:432)
	at org.openqa.selenium.By$ByXPath.findElements(By.java:348)
	at org.openqa.selenium.remote.RemoteWebDriver.findElements(RemoteWebDriver.java:311)
	at com.kms.katalon.core.webui.common.WebUiCommonHelper.findElementByNormalMethods(WebUiCommonHelper.java:1014)
	at com.kms.katalon.core.webui.common.WebUiCommonHelper.findElementsBySelectedMethod(WebUiCommonHelper.java:903)
	at com.kms.katalon.core.webui.common.WebUiCommonHelper.findElementsBySelectedMethod(WebUiCommonHelper.java:892)
	at com.kms.katalon.core.webui.common.WebUiCommonHelper.findElementsBySelectedMethod(WebUiCommonHelper.java:887)
	at com.kms.katalon.core.webui.common.WebUiCommonHelper.findElementsByDefault(WebUiCommonHelper.java:883)
	at com.kms.katalon.core.webui.common.WebUiCommonHelper.findWebElements(WebUiCommonHelper.java:720)
	at com.kms.katalon.core.webui.keyword.internal.WebUIAbstractKeyword.findWebElements(WebUIAbstractKeyword.groovy:32)
	at com.kms.katalon.core.webui.keyword.WebUiBuiltInKeywords.findWebElements(WebUiBuiltInKeywords.groovy:2860)
	at com.kms.katalon.core.webui.keyword.WebUiBuiltInKeywords$findWebElements$7.call(Unknown Source)
	at Method.TextDegerineEsitElementVarMi(Method.groovy:270)
	at Method.invokeMethod(Method.groovy)
	at com.kms.katalon.core.main.CustomKeywordDelegatingMetaClass.invokeStaticMethod(CustomKeywordDelegatingMetaClass.java:50)
	at TablodaVeriBasariliMiIrsaliye.run(TablodaVeriBasariliMiIrsaliye:35)
	at com.kms.katalon.core.main.ScriptEngine.run(ScriptEngine.java:194)
	at com.kms.katalon.core.main.ScriptEngine.runScriptAsRawText(ScriptEngine.java:119)
	at com.kms.katalon.core.main.TestCaseExecutor.runScript(TestCaseExecutor.java:369)
	at com.kms.katalon.core.main.TestCaseExecutor.doExecute(TestCaseExecutor.java:360)
	at com.kms.katalon.core.main.TestCaseExecutor.processExecutionPhase(TestCaseExecutor.java:339)
	at com.kms.katalon.core.main.TestCaseExecutor.accessMainPhase(TestCaseExecutor.java:331)
	at com.kms.katalon.core.main.TestCaseExecutor.execute(TestCaseExecutor.java:248)
	at com.kms.katalon.core.main.TestCaseMain.runTestCase(TestCaseMain.java:138)
	at com.kms.katalon.core.keyword.builtin.CallTestCaseKeyword$_callTestCase_closure1.doCall(CallTestCaseKeyword.groovy:59)
	... 44 more
)

2021-11-23 10:04:22 - [MESSAGE][INFO] - Checking called Test Case

2021-11-23 10:04:22 - [MESSAGE][INFO] - Starting to call Test Case 'Test Cases/Sayfalar/Giris_Sayfasi/Login'

2021-11-23 10:04:22 - [TEST_CASE][FAILED] - Test Cases/Sayfalar/Giris_Sayfasi/Login: Test Cases/Sayfalar/Giris_Sayfasi/Login FAILED.
Reason:
com.kms.katalon.core.exception.StepFailedException: Unable to get the title of the current window
	at com.kms.katalon.core.webui.keyword.internal.WebUIKeywordMain.stepFailed(WebUIKeywordMain.groovy:64)
	at com.kms.katalon.core.webui.keyword.internal.WebUIKeywordMain.runKeyword(WebUIKeywordMain.groovy:26)
	at com.kms.katalon.core.webui.keyword.builtin.GetWindowTitleKeyword.getWindowTitle(GetWindowTitleKeyword.groovy:71)
	at com.kms.katalon.core.webui.keyword.builtin.GetWindowTitleKeyword.execute(GetWindowTitleKeyword.groovy:66)
	at com.kms.katalon.core.keyword.internal.KeywordExecutor.executeKeywordForPlatform(KeywordExecutor.groovy:73)
	at com.kms.katalon.core.webui.keyword.WebUiBuiltInKeywords.getWindowTitle(WebUiBuiltInKeywords.groovy:212)
	at com.kms.katalon.core.webui.keyword.WebUiBuiltInKeywords$getWindowTitle$1.call(Unknown Source)
	at Login.run(Login:22)
	at com.kms.katalon.core.main.ScriptEngine.run(ScriptEngine.java:194)
	at com.kms.katalon.core.main.ScriptEngine.runScriptAsRawText(ScriptEngine.java:119)
	at com.kms.katalon.core.main.TestCaseExecutor.runScript(TestCaseExecutor.java:369)
	at com.kms.katalon.core.main.TestCaseExecutor.doExecute(TestCaseExecutor.java:360)
	at com.kms.katalon.core.main.TestCaseExecutor.processExecutionPhase(TestCaseExecutor.java:339)
	at com.kms.katalon.core.main.TestCaseExecutor.accessMainPhase(TestCaseExecutor.java:331)
	at com.kms.katalon.core.main.TestCaseExecutor.execute(TestCaseExecutor.java:248)
	at com.kms.katalon.core.main.TestCaseMain.runTestCase(TestCaseMain.java:138)
	at com.kms.katalon.core.keyword.builtin.CallTestCaseKeyword$_callTestCase_closure1.doCall(CallTestCaseKeyword.groovy:59)
	at com.kms.katalon.core.keyword.builtin.CallTestCaseKeyword$_callTestCase_closure1.call(CallTestCaseKeyword.groovy)
	at com.kms.katalon.core.keyword.internal.KeywordMain.runKeyword(KeywordMain.groovy:68)
	at com.kms.katalon.core.keyword.builtin.CallTestCaseKeyword.callTestCase(CallTestCaseKeyword.groovy:81)
	at com.kms.katalon.core.keyword.builtin.CallTestCaseKeyword.execute(CallTestCaseKeyword.groovy:44)
	at com.kms.katalon.core.keyword.internal.KeywordExecutor.executeKeywordForPlatform(KeywordExecutor.groovy:73)
	at com.kms.katalon.core.keyword.BuiltinKeywords.callTestCase(BuiltinKeywords.groovy:334)
	at sayfalar.girisSayfasi.login(girisSayfasi.groovy:50)
	at cucumber.runtime.Utils$1.call(Utils.java:26)
	at cucumber.runtime.Timeout.timeout(Timeout.java:16)
	at cucumber.runtime.Utils.invoke(Utils.java:20)
	at cucumber.runtime.java.JavaStepDefinition.execute(JavaStepDefinition.java:49)
	at cucumber.runner.PickleStepDefinitionMatch.runStep(PickleStepDefinitionMatch.java:50)
	at cucumber.runner.TestStep.executeStep(TestStep.java:63)
	at cucumber.runner.TestStep.run(TestStep.java:49)
	at cucumber.runner.PickleStepTestStep.run(PickleStepTestStep.java:43)
	at cucumber.runner.TestCase.run(TestCase.java:44)
	at cucumber.runner.Runner.runPickle(Runner.java:40)
	at cucumber.runtime.Runtime$1.run(Runtime.java:84)
	at cucumber.runtime.Runtime$SameThreadExecutorService.execute(Runtime.java:220)
	at cucumber.runtime.Runtime.run(Runtime.java:81)
	at cucumber.api.cli.Main.run(Main.java:26)
	at cucumber.api.cli.Main$run.call(Unknown Source)
	at com.kms.katalon.core.cucumber.keyword.CucumberBuiltinKeywords$_runFeatureFile_closure1.doCall(CucumberBuiltinKeywords.groovy:106)
	at com.kms.katalon.core.cucumber.keyword.CucumberBuiltinKeywords$_runFeatureFile_closure1.doCall(CucumberBuiltinKeywords.groovy)
	at com.kms.katalon.core.keyword.internal.KeywordMain.runKeyword(KeywordMain.groovy:68)
	at com.kms.katalon.core.keyword.internal.KeywordMain$runKeyword.call(Unknown Source)
	at com.kms.katalon.core.cucumber.keyword.CucumberBuiltinKeywords.runFeatureFile(CucumberBuiltinKeywords.groovy:73)
	at com.kms.katalon.core.cucumber.keyword.CucumberBuiltinKeywords$runFeatureFile$0.callStatic(Unknown Source)
	at com.kms.katalon.core.cucumber.keyword.CucumberBuiltinKeywords.runFeatureFile(CucumberBuiltinKeywords.groovy:246)
	at com.kms.katalon.core.cucumber.keyword.CucumberBuiltinKeywords$runFeatureFile.call(Unknown Source)
	at TCKN-Temel Irsaliye-Sevk Tipinde.run(TCKN-Temel Irsaliye-Sevk Tipinde:17)
	at com.kms.katalon.core.main.ScriptEngine.run(ScriptEngine.java:194)
	at com.kms.katalon.core.main.ScriptEngine.runScriptAsRawText(ScriptEngine.java:119)
	at com.kms.katalon.core.main.TestCaseExecutor.runScript(TestCaseExecutor.java:369)
	at com.kms.katalon.core.main.TestCaseExecutor.doExecute(TestCaseExecutor.java:360)
	at com.kms.katalon.core.main.TestCaseExecutor.processExecutionPhase(TestCaseExecutor.java:339)
	at com.kms.katalon.core.main.TestCaseExecutor.accessMainPhase(TestCaseExecutor.java:331)
	at com.kms.katalon.core.main.TestCaseExecutor.execute(TestCaseExecutor.java:248)
	at com.kms.katalon.core.main.TestSuiteExecutor.accessTestCaseMainPhase(TestSuiteExecutor.java:191)
	at com.kms.katalon.core.main.TestSuiteExecutor.accessTestSuiteMainPhase(TestSuiteExecutor.java:140)
	at com.kms.katalon.core.main.TestSuiteExecutor.execute(TestSuiteExecutor.java:89)
	at com.kms.katalon.core.main.TestCaseMain.startTestSuite(TestCaseMain.java:181)
	at com.kms.katalon.core.main.TestCaseMain$startTestSuite$0.call(Unknown Source)
	at TempTestSuite1637650008144.run(TempTestSuite1637650008144.groovy:39)
Caused by: org.openqa.selenium.NoSuchSessionException: Session ID is null. Using WebDriver after calling quit()?
Build info: version: '3.141.59', revision: 'e82be7d358', time: '2018-11-14T08:25:53'
System info: host: 'DESKTOP-QBVMTUG', ip: '192.168.1.24', os.name: 'Windows 10', os.arch: 'amd64', os.version: '10.0', java.version: '1.8.0_282'
Driver info: driver.version: RemoteWebDriver
	at org.openqa.selenium.remote.HttpCommandExecutor.execute(HttpCommandExecutor.java:125)
	at org.openqa.selenium.remote.service.DriverCommandExecutor.execute(DriverCommandExecutor.java:83)
	at org.openqa.selenium.remote.RemoteWebDriver.execute(RemoteWebDriver.java:552)
	at com.kms.katalon.selenium.driver.CChromeDriver.execute(CChromeDriver.java:19)
	at org.openqa.selenium.remote.RemoteWebDriver.execute(RemoteWebDriver.java:609)
	at org.openqa.selenium.remote.RemoteWebDriver.getTitle(RemoteWebDriver.java:281)
	at com.kms.katalon.core.webui.keyword.builtin.GetWindowTitleKeyword$_getWindowTitle_closure1.doCall(GetWindowTitleKeyword.groovy:73)
	at com.kms.katalon.core.webui.keyword.builtin.GetWindowTitleKeyword$_getWindowTitle_closure1.call(GetWindowTitleKeyword.groovy)
	at com.kms.katalon.core.webui.keyword.internal.WebUIKeywordMain.runKeyword(WebUIKeywordMain.groovy:20)
	... 59 more


2021-11-23 10:04:22 - [TEST_STEP][FAILED] - Sayfa_Basligi = getWindowTitle(): Unable to get the title of the current window (Root cause: com.kms.katalon.core.exception.StepFailedException: Unable to get the title of the current window
	at com.kms.katalon.core.webui.keyword.internal.WebUIKeywordMain.stepFailed(WebUIKeywordMain.groovy:64)
	at com.kms.katalon.core.webui.keyword.internal.WebUIKeywordMain.runKeyword(WebUIKeywordMain.groovy:26)
	at com.kms.katalon.core.webui.keyword.builtin.GetWindowTitleKeyword.getWindowTitle(GetWindowTitleKeyword.groovy:71)
	at com.kms.katalon.core.webui.keyword.builtin.GetWindowTitleKeyword.execute(GetWindowTitleKeyword.groovy:66)
	at com.kms.katalon.core.keyword.internal.KeywordExecutor.executeKeywordForPlatform(KeywordExecutor.groovy:73)
	at com.kms.katalon.core.webui.keyword.WebUiBuiltInKeywords.getWindowTitle(WebUiBuiltInKeywords.groovy:212)
	at com.kms.katalon.core.webui.keyword.WebUiBuiltInKeywords$getWindowTitle$1.call(Unknown Source)
	at Login.run(Login:22)
	at com.kms.katalon.core.main.ScriptEngine.run(ScriptEngine.java:194)
	at com.kms.katalon.core.main.ScriptEngine.runScriptAsRawText(ScriptEngine.java:119)
	at com.kms.katalon.core.main.TestCaseExecutor.runScript(TestCaseExecutor.java:369)
	at com.kms.katalon.core.main.TestCaseExecutor.doExecute(TestCaseExecutor.java:360)
	at com.kms.katalon.core.main.TestCaseExecutor.processExecutionPhase(TestCaseExecutor.java:339)
	at com.kms.katalon.core.main.TestCaseExecutor.accessMainPhase(TestCaseExecutor.java:331)
	at com.kms.katalon.core.main.TestCaseExecutor.execute(TestCaseExecutor.java:248)
	at com.kms.katalon.core.main.TestCaseMain.runTestCase(TestCaseMain.java:138)
	at com.kms.katalon.core.keyword.builtin.CallTestCaseKeyword$_callTestCase_closure1.doCall(CallTestCaseKeyword.groovy:59)
	at com.kms.katalon.core.keyword.builtin.CallTestCaseKeyword$_callTestCase_closure1.call(CallTestCaseKeyword.groovy)
	at com.kms.katalon.core.keyword.internal.KeywordMain.runKeyword(KeywordMain.groovy:68)
	at com.kms.katalon.core.keyword.builtin.CallTestCaseKeyword.callTestCase(CallTestCaseKeyword.groovy:81)
	at com.kms.katalon.core.keyword.builtin.CallTestCaseKeyword.execute(CallTestCaseKeyword.groovy:44)
	at com.kms.katalon.core.keyword.internal.KeywordExecutor.executeKeywordForPlatform(KeywordExecutor.groovy:73)
	at com.kms.katalon.core.keyword.BuiltinKeywords.callTestCase(BuiltinKeywords.groovy:334)
	at sayfalar.girisSayfasi.login(girisSayfasi.groovy:50)
	at cucumber.runtime.Utils$1.call(Utils.java:26)
	at cucumber.runtime.Timeout.timeout(Timeout.java:16)
	at cucumber.runtime.Utils.invoke(Utils.java:20)
	at cucumber.runtime.java.JavaStepDefinition.execute(JavaStepDefinition.java:49)
	at cucumber.runner.PickleStepDefinitionMatch.runStep(PickleStepDefinitionMatch.java:50)
	at cucumber.runner.TestStep.executeStep(TestStep.java:63)
	at cucumber.runner.TestStep.run(TestStep.java:49)
	at cucumber.runner.PickleStepTestStep.run(PickleStepTestStep.java:43)
	at cucumber.runner.TestCase.run(TestCase.java:44)
	at cucumber.runner.Runner.runPickle(Runner.java:40)
	at cucumber.runtime.Runtime$1.run(Runtime.java:84)
	at cucumber.runtime.Runtime$SameThreadExecutorService.execute(Runtime.java:220)
	at cucumber.runtime.Runtime.run(Runtime.java:81)
	at cucumber.api.cli.Main.run(Main.java:26)
	at cucumber.api.cli.Main$run.call(Unknown Source)
	at com.kms.katalon.core.cucumber.keyword.CucumberBuiltinKeywords$_runFeatureFile_closure1.doCall(CucumberBuiltinKeywords.groovy:106)
	at com.kms.katalon.core.cucumber.keyword.CucumberBuiltinKeywords$_runFeatureFile_closure1.doCall(CucumberBuiltinKeywords.groovy)
	at com.kms.katalon.core.keyword.internal.KeywordMain.runKeyword(KeywordMain.groovy:68)
	at com.kms.katalon.core.keyword.internal.KeywordMain$runKeyword.call(Unknown Source)
	at com.kms.katalon.core.cucumber.keyword.CucumberBuiltinKeywords.runFeatureFile(CucumberBuiltinKeywords.groovy:73)
	at com.kms.katalon.core.cucumber.keyword.CucumberBuiltinKeywords$runFeatureFile$0.callStatic(Unknown Source)
	at com.kms.katalon.core.cucumber.keyword.CucumberBuiltinKeywords.runFeatureFile(CucumberBuiltinKeywords.groovy:246)
	at com.kms.katalon.core.cucumber.keyword.CucumberBuiltinKeywords$runFeatureFile.call(Unknown Source)
	at TCKN-Temel Irsaliye-Sevk Tipinde.run(TCKN-Temel Irsaliye-Sevk Tipinde:17)
	at com.kms.katalon.core.main.ScriptEngine.run(ScriptEngine.java:194)
	at com.kms.katalon.core.main.ScriptEngine.runScriptAsRawText(ScriptEngine.java:119)
	at com.kms.katalon.core.main.TestCaseExecutor.runScript(TestCaseExecutor.java:369)
	at com.kms.katalon.core.main.TestCaseExecutor.doExecute(TestCaseExecutor.java:360)
	at com.kms.katalon.core.main.TestCaseExecutor.processExecutionPhase(TestCaseExecutor.java:339)
	at com.kms.katalon.core.main.TestCaseExecutor.accessMainPhase(TestCaseExecutor.java:331)
	at com.kms.katalon.core.main.TestCaseExecutor.execute(TestCaseExecutor.java:248)
	at com.kms.katalon.core.main.TestSuiteExecutor.accessTestCaseMainPhase(TestSuiteExecutor.java:191)
	at com.kms.katalon.core.main.TestSuiteExecutor.accessTestSuiteMainPhase(TestSuiteExecutor.java:140)
	at com.kms.katalon.core.main.TestSuiteExecutor.execute(TestSuiteExecutor.java:89)
	at com.kms.katalon.core.main.TestCaseMain.startTestSuite(TestCaseMain.java:181)
	at com.kms.katalon.core.main.TestCaseMain$startTestSuite$0.call(Unknown Source)
	at TempTestSuite1637650008144.run(TempTestSuite1637650008144.groovy:39)
Caused by: org.openqa.selenium.NoSuchSessionException: Session ID is null. Using WebDriver after calling quit()?
Build info: version: '3.141.59', revision: 'e82be7d358', time: '2018-11-14T08:25:53'
System info: host: 'DESKTOP-QBVMTUG', ip: '192.168.1.24', os.name: 'Windows 10', os.arch: 'amd64', os.version: '10.0', java.version: '1.8.0_282'
Driver info: driver.version: RemoteWebDriver
	at org.openqa.selenium.remote.HttpCommandExecutor.execute(HttpCommandExecutor.java:125)
	at org.openqa.selenium.remote.service.DriverCommandExecutor.execute(DriverCommandExecutor.java:83)
	at org.openqa.selenium.remote.RemoteWebDriver.execute(RemoteWebDriver.java:552)
	at com.kms.katalon.selenium.driver.CChromeDriver.execute(CChromeDriver.java:19)
	at org.openqa.selenium.remote.RemoteWebDriver.execute(RemoteWebDriver.java:609)
	at org.openqa.selenium.remote.RemoteWebDriver.getTitle(RemoteWebDriver.java:281)
	at com.kms.katalon.core.webui.keyword.builtin.GetWindowTitleKeyword$_getWindowTitle_closure1.doCall(GetWindowTitleKeyword.groovy:73)
	at com.kms.katalon.core.webui.keyword.builtin.GetWindowTitleKeyword$_getWindowTitle_closure1.call(GetWindowTitleKeyword.groovy)
	at com.kms.katalon.core.webui.keyword.internal.WebUIKeywordMain.runKeyword(WebUIKeywordMain.groovy:20)
	at com.kms.katalon.core.webui.keyword.builtin.GetWindowTitleKeyword.getWindowTitle(GetWindowTitleKeyword.groovy:71)
	at com.kms.katalon.core.webui.keyword.builtin.GetWindowTitleKeyword.execute(GetWindowTitleKeyword.groovy:66)
	at com.kms.katalon.core.keyword.internal.KeywordExecutor.executeKeywordForPlatform(KeywordExecutor.groovy:73)
	at com.kms.katalon.core.webui.keyword.WebUiBuiltInKeywords.getWindowTitle(WebUiBuiltInKeywords.groovy:212)
	at com.kms.katalon.core.webui.keyword.WebUiBuiltInKeywords$getWindowTitle$1.call(Unknown Source)
	at Script1584430314092.run(Script1584430314092.groovy:22)
	at com.kms.katalon.core.main.ScriptEngine.run(ScriptEngine.java:194)
	at com.kms.katalon.core.main.ScriptEngine.runScriptAsRawText(ScriptEngine.java:119)
	at com.kms.katalon.core.main.TestCaseExecutor.runScript(TestCaseExecutor.java:369)
	at com.kms.katalon.core.main.TestCaseExecutor.doExecute(TestCaseExecutor.java:360)
	at com.kms.katalon.core.main.TestCaseExecutor.processExecutionPhase(TestCaseExecutor.java:339)
	at com.kms.katalon.core.main.TestCaseExecutor.accessMainPhase(TestCaseExecutor.java:331)
	at com.kms.katalon.core.main.TestCaseExecutor.execute(TestCaseExecutor.java:248)
	at com.kms.katalon.core.main.TestCaseMain.runTestCase(TestCaseMain.java:138)
	at com.kms.katalon.core.keyword.builtin.CallTestCaseKeyword$_callTestCase_closure1.doCall(CallTestCaseKeyword.groovy:59)
	at com.kms.katalon.core.keyword.builtin.CallTestCaseKeyword$_callTestCase_closure1.call(CallTestCaseKeyword.groovy)
	at com.kms.katalon.core.keyword.internal.KeywordMain.runKeyword(KeywordMain.groovy:68)
	at com.kms.katalon.core.keyword.builtin.CallTestCaseKeyword.callTestCase(CallTestCaseKeyword.groovy:81)
	at com.kms.katalon.core.keyword.builtin.CallTestCaseKeyword.execute(CallTestCaseKeyword.groovy:44)
	at com.kms.katalon.core.keyword.internal.KeywordExecutor.executeKeywordForPlatform(KeywordExecutor.groovy:73)
	at com.kms.katalon.core.keyword.BuiltinKeywords.callTestCase(BuiltinKeywords.groovy:334)
	at sayfalar.girisSayfasi.login(girisSayfasi.groovy:50)
	at cucumber.runtime.Utils$1.call(Utils.java:26)
	at cucumber.runtime.Timeout.timeout(Timeout.java:16)
	at cucumber.runtime.Utils.invoke(Utils.java:20)
	at cucumber.runtime.java.JavaStepDefinition.execute(JavaStepDefinition.java:49)
	at cucumber.runner.PickleStepDefinitionMatch.runStep(PickleStepDefinitionMatch.java:50)
	at cucumber.runner.TestStep.executeStep(TestStep.java:63)
	at cucumber.runner.TestStep.run(TestStep.java:49)
	at cucumber.runner.PickleStepTestStep.run(PickleStepTestStep.java:43)
	at cucumber.runner.TestCase.run(TestCase.java:44)
	at cucumber.runner.Runner.runPickle(Runner.java:40)
	at cucumber.runtime.Runtime$1.run(Runtime.java:84)
	at cucumber.runtime.Runtime$SameThreadExecutorService.execute(Runtime.java:220)
	at cucumber.runtime.Runtime.run(Runtime.java:81)
	at cucumber.api.cli.Main.run(Main.java:26)
	at cucumber.api.cli.Main$run.call(Unknown Source)
	at com.kms.katalon.core.cucumber.keyword.CucumberBuiltinKeywords$_runFeatureFile_closure1.doCall(CucumberBuiltinKeywords.groovy:106)
	at com.kms.katalon.core.cucumber.keyword.CucumberBuiltinKeywords$_runFeatureFile_closure1.doCall(CucumberBuiltinKeywords.groovy)
	at com.kms.katalon.core.keyword.internal.KeywordMain.runKeyword(KeywordMain.groovy:68)
	at com.kms.katalon.core.keyword.internal.KeywordMain$runKeyword.call(Unknown Source)
	at com.kms.katalon.core.cucumber.keyword.CucumberBuiltinKeywords.runFeatureFile(CucumberBuiltinKeywords.groovy:73)
	at com.kms.katalon.core.cucumber.keyword.CucumberBuiltinKeywords$runFeatureFile$0.callStatic(Unknown Source)
	at com.kms.katalon.core.cucumber.keyword.CucumberBuiltinKeywords.runFeatureFile(CucumberBuiltinKeywords.groovy:246)
	at com.kms.katalon.core.cucumber.keyword.CucumberBuiltinKeywords$runFeatureFile.call(Unknown Source)
	at Script1600698733665.run(Script1600698733665.groovy:17)
	... 13 more
)

2021-11-23 10:04:22 - [MESSAGE][INFO] - Getting current window's title

2021-11-23 10:04:22 - [MESSAGE][FAILED] - Unable to get the title of the current window (Root cause: com.kms.katalon.core.exception.StepFailedException: Unable to get the title of the current window
	at com.kms.katalon.core.webui.keyword.internal.WebUIKeywordMain.stepFailed(WebUIKeywordMain.groovy:64)
	at com.kms.katalon.core.webui.keyword.internal.WebUIKeywordMain.runKeyword(WebUIKeywordMain.groovy:26)
	at com.kms.katalon.core.webui.keyword.builtin.GetWindowTitleKeyword.getWindowTitle(GetWindowTitleKeyword.groovy:71)
	at com.kms.katalon.core.webui.keyword.builtin.GetWindowTitleKeyword.execute(GetWindowTitleKeyword.groovy:66)
	at com.kms.katalon.core.keyword.internal.KeywordExecutor.executeKeywordForPlatform(KeywordExecutor.groovy:73)
	at com.kms.katalon.core.webui.keyword.WebUiBuiltInKeywords.getWindowTitle(WebUiBuiltInKeywords.groovy:212)
	at com.kms.katalon.core.webui.keyword.WebUiBuiltInKeywords$getWindowTitle$1.call(Unknown Source)
	at Login.run(Login:22)
	at com.kms.katalon.core.main.ScriptEngine.run(ScriptEngine.java:194)
	at com.kms.katalon.core.main.ScriptEngine.runScriptAsRawText(ScriptEngine.java:119)
	at com.kms.katalon.core.main.TestCaseExecutor.runScript(TestCaseExecutor.java:369)
	at com.kms.katalon.core.main.TestCaseExecutor.doExecute(TestCaseExecutor.java:360)
	at com.kms.katalon.core.main.TestCaseExecutor.processExecutionPhase(TestCaseExecutor.java:339)
	at com.kms.katalon.core.main.TestCaseExecutor.accessMainPhase(TestCaseExecutor.java:331)
	at com.kms.katalon.core.main.TestCaseExecutor.execute(TestCaseExecutor.java:248)
	at com.kms.katalon.core.main.TestCaseMain.runTestCase(TestCaseMain.java:138)
	at com.kms.katalon.core.keyword.builtin.CallTestCaseKeyword$_callTestCase_closure1.doCall(CallTestCaseKeyword.groovy:59)
	at com.kms.katalon.core.keyword.builtin.CallTestCaseKeyword$_callTestCase_closure1.call(CallTestCaseKeyword.groovy)
	at com.kms.katalon.core.keyword.internal.KeywordMain.runKeyword(KeywordMain.groovy:68)
	at com.kms.katalon.core.keyword.builtin.CallTestCaseKeyword.callTestCase(CallTestCaseKeyword.groovy:81)
	at com.kms.katalon.core.keyword.builtin.CallTestCaseKeyword.execute(CallTestCaseKeyword.groovy:44)
	at com.kms.katalon.core.keyword.internal.KeywordExecutor.executeKeywordForPlatform(KeywordExecutor.groovy:73)
	at com.kms.katalon.core.keyword.BuiltinKeywords.callTestCase(BuiltinKeywords.groovy:334)
	at sayfalar.girisSayfasi.login(girisSayfasi.groovy:50)
	at cucumber.runtime.Utils$1.call(Utils.java:26)
	at cucumber.runtime.Timeout.timeout(Timeout.java:16)
	at cucumber.runtime.Utils.invoke(Utils.java:20)
	at cucumber.runtime.java.JavaStepDefinition.execute(JavaStepDefinition.java:49)
	at cucumber.runner.PickleStepDefinitionMatch.runStep(PickleStepDefinitionMatch.java:50)
	at cucumber.runner.TestStep.executeStep(TestStep.java:63)
	at cucumber.runner.TestStep.run(TestStep.java:49)
	at cucumber.runner.PickleStepTestStep.run(PickleStepTestStep.java:43)
	at cucumber.runner.TestCase.run(TestCase.java:44)
	at cucumber.runner.Runner.runPickle(Runner.java:40)
	at cucumber.runtime.Runtime$1.run(Runtime.java:84)
	at cucumber.runtime.Runtime$SameThreadExecutorService.execute(Runtime.java:220)
	at cucumber.runtime.Runtime.run(Runtime.java:81)
	at cucumber.api.cli.Main.run(Main.java:26)
	at cucumber.api.cli.Main$run.call(Unknown Source)
	at com.kms.katalon.core.cucumber.keyword.CucumberBuiltinKeywords$_runFeatureFile_closure1.doCall(CucumberBuiltinKeywords.groovy:106)
	at com.kms.katalon.core.cucumber.keyword.CucumberBuiltinKeywords$_runFeatureFile_closure1.doCall(CucumberBuiltinKeywords.groovy)
	at com.kms.katalon.core.keyword.internal.KeywordMain.runKeyword(KeywordMain.groovy:68)
	at com.kms.katalon.core.keyword.internal.KeywordMain$runKeyword.call(Unknown Source)
	at com.kms.katalon.core.cucumber.keyword.CucumberBuiltinKeywords.runFeatureFile(CucumberBuiltinKeywords.groovy:73)
	at com.kms.katalon.core.cucumber.keyword.CucumberBuiltinKeywords$runFeatureFile$0.callStatic(Unknown Source)
	at com.kms.katalon.core.cucumber.keyword.CucumberBuiltinKeywords.runFeatureFile(CucumberBuiltinKeywords.groovy:246)
	at com.kms.katalon.core.cucumber.keyword.CucumberBuiltinKeywords$runFeatureFile.call(Unknown Source)
	at TCKN-Temel Irsaliye-Sevk Tipinde.run(TCKN-Temel Irsaliye-Sevk Tipinde:17)
	at com.kms.katalon.core.main.ScriptEngine.run(ScriptEngine.java:194)
	at com.kms.katalon.core.main.ScriptEngine.runScriptAsRawText(ScriptEngine.java:119)
	at com.kms.katalon.core.main.TestCaseExecutor.runScript(TestCaseExecutor.java:369)
	at com.kms.katalon.core.main.TestCaseExecutor.doExecute(TestCaseExecutor.java:360)
	at com.kms.katalon.core.main.TestCaseExecutor.processExecutionPhase(TestCaseExecutor.java:339)
	at com.kms.katalon.core.main.TestCaseExecutor.accessMainPhase(TestCaseExecutor.java:331)
	at com.kms.katalon.core.main.TestCaseExecutor.execute(TestCaseExecutor.java:248)
	at com.kms.katalon.core.main.TestSuiteExecutor.accessTestCaseMainPhase(TestSuiteExecutor.java:191)
	at com.kms.katalon.core.main.TestSuiteExecutor.accessTestSuiteMainPhase(TestSuiteExecutor.java:140)
	at com.kms.katalon.core.main.TestSuiteExecutor.execute(TestSuiteExecutor.java:89)
	at com.kms.katalon.core.main.TestCaseMain.startTestSuite(TestCaseMain.java:181)
	at com.kms.katalon.core.main.TestCaseMain$startTestSuite$0.call(Unknown Source)
	at TempTestSuite1637650008144.run(TempTestSuite1637650008144.groovy:39)
Caused by: org.openqa.selenium.NoSuchSessionException: Session ID is null. Using WebDriver after calling quit()?
Build info: version: '3.141.59', revision: 'e82be7d358', time: '2018-11-14T08:25:53'
System info: host: 'DESKTOP-QBVMTUG', ip: '192.168.1.24', os.name: 'Windows 10', os.arch: 'amd64', os.version: '10.0', java.version: '1.8.0_282'
Driver info: driver.version: RemoteWebDriver
	at org.openqa.selenium.remote.HttpCommandExecutor.execute(HttpCommandExecutor.java:125)
	at org.openqa.selenium.remote.service.DriverCommandExecutor.execute(DriverCommandExecutor.java:83)
	at org.openqa.selenium.remote.RemoteWebDriver.execute(RemoteWebDriver.java:552)
	at com.kms.katalon.selenium.driver.CChromeDriver.execute(CChromeDriver.java:19)
	at org.openqa.selenium.remote.RemoteWebDriver.execute(RemoteWebDriver.java:609)
	at org.openqa.selenium.remote.RemoteWebDriver.getTitle(RemoteWebDriver.java:281)
	at com.kms.katalon.core.webui.keyword.builtin.GetWindowTitleKeyword$_getWindowTitle_closure1.doCall(GetWindowTitleKeyword.groovy:73)
	at com.kms.katalon.core.webui.keyword.builtin.GetWindowTitleKeyword$_getWindowTitle_closure1.call(GetWindowTitleKeyword.groovy)
	at com.kms.katalon.core.webui.keyword.internal.WebUIKeywordMain.runKeyword(WebUIKeywordMain.groovy:20)
	at com.kms.katalon.core.webui.keyword.builtin.GetWindowTitleKeyword.getWindowTitle(GetWindowTitleKeyword.groovy:71)
	at com.kms.katalon.core.webui.keyword.builtin.GetWindowTitleKeyword.execute(GetWindowTitleKeyword.groovy:66)
	at com.kms.katalon.core.keyword.internal.KeywordExecutor.executeKeywordForPlatform(KeywordExecutor.groovy:73)
	at com.kms.katalon.core.webui.keyword.WebUiBuiltInKeywords.getWindowTitle(WebUiBuiltInKeywords.groovy:212)
	at com.kms.katalon.core.webui.keyword.WebUiBuiltInKeywords$getWindowTitle$1.call(Unknown Source)
	at Script1584430314092.run(Script1584430314092.groovy:22)
	at com.kms.katalon.core.main.ScriptEngine.run(ScriptEngine.java:194)
	at com.kms.katalon.core.main.ScriptEngine.runScriptAsRawText(ScriptEngine.java:119)
	at com.kms.katalon.core.main.TestCaseExecutor.runScript(TestCaseExecutor.java:369)
	at com.kms.katalon.core.main.TestCaseExecutor.doExecute(TestCaseExecutor.java:360)
	at com.kms.katalon.core.main.TestCaseExecutor.processExecutionPhase(TestCaseExecutor.java:339)
	at com.kms.katalon.core.main.TestCaseExecutor.accessMainPhase(TestCaseExecutor.java:331)
	at com.kms.katalon.core.main.TestCaseExecutor.execute(TestCaseExecutor.java:248)
	at com.kms.katalon.core.main.TestCaseMain.runTestCase(TestCaseMain.java:138)
	at com.kms.katalon.core.keyword.builtin.CallTestCaseKeyword$_callTestCase_closure1.doCall(CallTestCaseKeyword.groovy:59)
	at com.kms.katalon.core.keyword.builtin.CallTestCaseKeyword$_callTestCase_closure1.call(CallTestCaseKeyword.groovy)
	at com.kms.katalon.core.keyword.internal.KeywordMain.runKeyword(KeywordMain.groovy:68)
	at com.kms.katalon.core.keyword.builtin.CallTestCaseKeyword.callTestCase(CallTestCaseKeyword.groovy:81)
	at com.kms.katalon.core.keyword.builtin.CallTestCaseKeyword.execute(CallTestCaseKeyword.groovy:44)
	at com.kms.katalon.core.keyword.internal.KeywordExecutor.executeKeywordForPlatform(KeywordExecutor.groovy:73)
	at com.kms.katalon.core.keyword.BuiltinKeywords.callTestCase(BuiltinKeywords.groovy:334)
	at sayfalar.girisSayfasi.login(girisSayfasi.groovy:50)
	at cucumber.runtime.Utils$1.call(Utils.java:26)
	at cucumber.runtime.Timeout.timeout(Timeout.java:16)
	at cucumber.runtime.Utils.invoke(Utils.java:20)
	at cucumber.runtime.java.JavaStepDefinition.execute(JavaStepDefinition.java:49)
	at cucumber.runner.PickleStepDefinitionMatch.runStep(PickleStepDefinitionMatch.java:50)
	at cucumber.runner.TestStep.executeStep(TestStep.java:63)
	at cucumber.runner.TestStep.run(TestStep.java:49)
	at cucumber.runner.PickleStepTestStep.run(PickleStepTestStep.java:43)
	at cucumber.runner.TestCase.run(TestCase.java:44)
	at cucumber.runner.Runner.runPickle(Runner.java:40)
	at cucumber.runtime.Runtime$1.run(Runtime.java:84)
	at cucumber.runtime.Runtime$SameThreadExecutorService.execute(Runtime.java:220)
	at cucumber.runtime.Runtime.run(Runtime.java:81)
	at cucumber.api.cli.Main.run(Main.java:26)
	at cucumber.api.cli.Main$run.call(Unknown Source)
	at com.kms.katalon.core.cucumber.keyword.CucumberBuiltinKeywords$_runFeatureFile_closure1.doCall(CucumberBuiltinKeywords.groovy:106)
	at com.kms.katalon.core.cucumber.keyword.CucumberBuiltinKeywords$_runFeatureFile_closure1.doCall(CucumberBuiltinKeywords.groovy)
	at com.kms.katalon.core.keyword.internal.KeywordMain.runKeyword(KeywordMain.groovy:68)
	at com.kms.katalon.core.keyword.internal.KeywordMain$runKeyword.call(Unknown Source)
	at com.kms.katalon.core.cucumber.keyword.CucumberBuiltinKeywords.runFeatureFile(CucumberBuiltinKeywords.groovy:73)
	at com.kms.katalon.core.cucumber.keyword.CucumberBuiltinKeywords$runFeatureFile$0.callStatic(Unknown Source)
	at com.kms.katalon.core.cucumber.keyword.CucumberBuiltinKeywords.runFeatureFile(CucumberBuiltinKeywords.groovy:246)
	at com.kms.katalon.core.cucumber.keyword.CucumberBuiltinKeywords$runFeatureFile.call(Unknown Source)
	at Script1600698733665.run(Script1600698733665.groovy:17)
	... 13 more
)

2021-11-23 10:04:22 - [MESSAGE][FAILED] - Unable to call Test Case 'Test Cases/Sayfalar/Giris_Sayfasi/Login' (Root cause: com.kms.katalon.core.exception.StepFailedException: Call Test Case 'Test Cases/Sayfalar/Giris_Sayfasi/Login' failed
	at com.kms.katalon.core.keyword.builtin.CallTestCaseKeyword$_callTestCase_closure1.doCall(CallTestCaseKeyword.groovy:63)
	at com.kms.katalon.core.keyword.builtin.CallTestCaseKeyword$_callTestCase_closure1.call(CallTestCaseKeyword.groovy)
	at com.kms.katalon.core.keyword.internal.KeywordMain.runKeyword(KeywordMain.groovy:68)
	at com.kms.katalon.core.keyword.builtin.CallTestCaseKeyword.callTestCase(CallTestCaseKeyword.groovy:81)
	at com.kms.katalon.core.keyword.builtin.CallTestCaseKeyword.execute(CallTestCaseKeyword.groovy:44)
	at com.kms.katalon.core.keyword.internal.KeywordExecutor.executeKeywordForPlatform(KeywordExecutor.groovy:73)
	at com.kms.katalon.core.keyword.BuiltinKeywords.callTestCase(BuiltinKeywords.groovy:334)
	at sayfalar.girisSayfasi.login(girisSayfasi.groovy:50)
	at cucumber.runtime.Utils$1.call(Utils.java:26)
	at cucumber.runtime.Timeout.timeout(Timeout.java:16)
	at cucumber.runtime.Utils.invoke(Utils.java:20)
	at cucumber.runtime.java.JavaStepDefinition.execute(JavaStepDefinition.java:49)
	at cucumber.runner.PickleStepDefinitionMatch.runStep(PickleStepDefinitionMatch.java:50)
	at cucumber.runner.TestStep.executeStep(TestStep.java:63)
	at cucumber.runner.TestStep.run(TestStep.java:49)
	at cucumber.runner.PickleStepTestStep.run(PickleStepTestStep.java:43)
	at cucumber.runner.TestCase.run(TestCase.java:44)
	at cucumber.runner.Runner.runPickle(Runner.java:40)
	at cucumber.runtime.Runtime$1.run(Runtime.java:84)
	at cucumber.runtime.Runtime$SameThreadExecutorService.execute(Runtime.java:220)
	at cucumber.runtime.Runtime.run(Runtime.java:81)
	at cucumber.api.cli.Main.run(Main.java:26)
	at cucumber.api.cli.Main$run.call(Unknown Source)
	at com.kms.katalon.core.cucumber.keyword.CucumberBuiltinKeywords$_runFeatureFile_closure1.doCall(CucumberBuiltinKeywords.groovy:106)
	at com.kms.katalon.core.cucumber.keyword.CucumberBuiltinKeywords$_runFeatureFile_closure1.doCall(CucumberBuiltinKeywords.groovy)
	at com.kms.katalon.core.keyword.internal.KeywordMain.runKeyword(KeywordMain.groovy:68)
	at com.kms.katalon.core.keyword.internal.KeywordMain$runKeyword.call(Unknown Source)
	at com.kms.katalon.core.cucumber.keyword.CucumberBuiltinKeywords.runFeatureFile(CucumberBuiltinKeywords.groovy:73)
	at com.kms.katalon.core.cucumber.keyword.CucumberBuiltinKeywords$runFeatureFile$0.callStatic(Unknown Source)
	at com.kms.katalon.core.cucumber.keyword.CucumberBuiltinKeywords.runFeatureFile(CucumberBuiltinKeywords.groovy:246)
	at com.kms.katalon.core.cucumber.keyword.CucumberBuiltinKeywords$runFeatureFile.call(Unknown Source)
	at TCKN-Temel Irsaliye-Sevk Tipinde.run(TCKN-Temel Irsaliye-Sevk Tipinde:17)
	at com.kms.katalon.core.main.ScriptEngine.run(ScriptEngine.java:194)
	at com.kms.katalon.core.main.ScriptEngine.runScriptAsRawText(ScriptEngine.java:119)
	at com.kms.katalon.core.main.TestCaseExecutor.runScript(TestCaseExecutor.java:369)
	at com.kms.katalon.core.main.TestCaseExecutor.doExecute(TestCaseExecutor.java:360)
	at com.kms.katalon.core.main.TestCaseExecutor.processExecutionPhase(TestCaseExecutor.java:339)
	at com.kms.katalon.core.main.TestCaseExecutor.accessMainPhase(TestCaseExecutor.java:331)
	at com.kms.katalon.core.main.TestCaseExecutor.execute(TestCaseExecutor.java:248)
	at com.kms.katalon.core.main.TestSuiteExecutor.accessTestCaseMainPhase(TestSuiteExecutor.java:191)
	at com.kms.katalon.core.main.TestSuiteExecutor.accessTestSuiteMainPhase(TestSuiteExecutor.java:140)
	at com.kms.katalon.core.main.TestSuiteExecutor.execute(TestSuiteExecutor.java:89)
	at com.kms.katalon.core.main.TestCaseMain.startTestSuite(TestCaseMain.java:181)
	at com.kms.katalon.core.main.TestCaseMain$startTestSuite$0.call(Unknown Source)
	at TempTestSuite1637650008144.run(TempTestSuite1637650008144.groovy:39)
Caused by: com.kms.katalon.core.exception.StepFailedException: Unable to get the title of the current window
	at com.kms.katalon.core.webui.keyword.internal.WebUIKeywordMain.stepFailed(WebUIKeywordMain.groovy:64)
	at com.kms.katalon.core.webui.keyword.internal.WebUIKeywordMain.runKeyword(WebUIKeywordMain.groovy:26)
	at com.kms.katalon.core.webui.keyword.builtin.GetWindowTitleKeyword.getWindowTitle(GetWindowTitleKeyword.groovy:71)
	at com.kms.katalon.core.webui.keyword.builtin.GetWindowTitleKeyword.execute(GetWindowTitleKeyword.groovy:66)
	at com.kms.katalon.core.keyword.internal.KeywordExecutor.executeKeywordForPlatform(KeywordExecutor.groovy:73)
	at com.kms.katalon.core.webui.keyword.WebUiBuiltInKeywords.getWindowTitle(WebUiBuiltInKeywords.groovy:212)
	at com.kms.katalon.core.webui.keyword.WebUiBuiltInKeywords$getWindowTitle$1.call(Unknown Source)
	at Login.run(Login:22)
	at com.kms.katalon.core.main.ScriptEngine.run(ScriptEngine.java:194)
	at com.kms.katalon.core.main.ScriptEngine.runScriptAsRawText(ScriptEngine.java:119)
	at com.kms.katalon.core.main.TestCaseExecutor.runScript(TestCaseExecutor.java:369)
	at com.kms.katalon.core.main.TestCaseExecutor.doExecute(TestCaseExecutor.java:360)
	at com.kms.katalon.core.main.TestCaseExecutor.processExecutionPhase(TestCaseExecutor.java:339)
	at com.kms.katalon.core.main.TestCaseExecutor.accessMainPhase(TestCaseExecutor.java:331)
	at com.kms.katalon.core.main.TestCaseExecutor.execute(TestCaseExecutor.java:248)
	at com.kms.katalon.core.main.TestCaseMain.runTestCase(TestCaseMain.java:138)
	at com.kms.katalon.core.keyword.builtin.CallTestCaseKeyword$_callTestCase_closure1.doCall(CallTestCaseKeyword.groovy:59)
	... 44 more
Caused by: org.openqa.selenium.NoSuchSessionException: Session ID is null. Using WebDriver after calling quit()?
Build info: version: '3.141.59', revision: 'e82be7d358', time: '2018-11-14T08:25:53'
System info: host: 'DESKTOP-QBVMTUG', ip: '192.168.1.24', os.name: 'Windows 10', os.arch: 'amd64', os.version: '10.0', java.version: '1.8.0_282'
Driver info: driver.version: RemoteWebDriver
	at org.openqa.selenium.remote.HttpCommandExecutor.execute(HttpCommandExecutor.java:125)
	at org.openqa.selenium.remote.service.DriverCommandExecutor.execute(DriverCommandExecutor.java:83)
	at org.openqa.selenium.remote.RemoteWebDriver.execute(RemoteWebDriver.java:552)
	at com.kms.katalon.selenium.driver.CChromeDriver.execute(CChromeDriver.java:19)
	at org.openqa.selenium.remote.RemoteWebDriver.execute(RemoteWebDriver.java:609)
	at org.openqa.selenium.remote.RemoteWebDriver.getTitle(RemoteWebDriver.java:281)
	at com.kms.katalon.core.webui.keyword.builtin.GetWindowTitleKeyword$_getWindowTitle_closure1.doCall(GetWindowTitleKeyword.groovy:73)
	at com.kms.katalon.core.webui.keyword.builtin.GetWindowTitleKeyword$_getWindowTitle_closure1.call(GetWindowTitleKeyword.groovy)
	at com.kms.katalon.core.webui.keyword.internal.WebUIKeywordMain.runKeyword(WebUIKeywordMain.groovy:20)
	... 59 more
)

2021-11-23 10:04:22 - [TEST_CASE][ERROR] - Start Test Case : SCENARIO TCKNo ile Temel Irsaliye senaryosunda ve SEVK tipinde irsaliye olusturulmasi: SCENARIO TCKNo ile Temel Irsaliye senaryosunda ve SEVK tipinde irsaliye olusturulmasi FAILED.
Reason:
com.kms.katalon.core.exception.StepErrorException: Call Test Case 'Test Cases/Tablo/TablodaVeriBasariliMiIrsaliye' failed because of error(s)
	at com.kms.katalon.core.keyword.builtin.CallTestCaseKeyword$_callTestCase_closure1.doCall(CallTestCaseKeyword.groovy:66)
	at com.kms.katalon.core.keyword.builtin.CallTestCaseKeyword$_callTestCase_closure1.call(CallTestCaseKeyword.groovy)
	at com.kms.katalon.core.keyword.internal.KeywordMain.runKeyword(KeywordMain.groovy:68)
	at com.kms.katalon.core.keyword.builtin.CallTestCaseKeyword.callTestCase(CallTestCaseKeyword.groovy:81)
	at com.kms.katalon.core.keyword.builtin.CallTestCaseKeyword.execute(CallTestCaseKeyword.groovy:44)
	at com.kms.katalon.core.keyword.internal.KeywordExecutor.executeKeywordForPlatform(KeywordExecutor.groovy:73)
	at com.kms.katalon.core.keyword.BuiltinKeywords.callTestCase(BuiltinKeywords.groovy:334)
	at tablo.tablo.tablodaVeriBasariliMiIrsaliye(tablo.groovy:85)
	at ✽.Tabloda yeni oluşturulan irsaliye verisi başarılı mı(C:/Users/DELL/Documents/GitHub/EES_KatalonLogo/Include/features/e-Irsaliye/e-Irsaliye Araclari/e-Irsaliye Olusturma/Ekle/TCKN-Temel Irsaliye-Sevk Tipinde.feature:66)
Caused by: org.openqa.selenium.NoSuchSessionException: Session ID is null. Using WebDriver after calling quit()?
Build info: version: '3.141.59', revision: 'e82be7d358', time: '2018-11-14T08:25:53'
System info: host: 'DESKTOP-QBVMTUG', ip: '192.168.1.24', os.name: 'Windows 10', os.arch: 'amd64', os.version: '10.0', java.version: '1.8.0_282'
Driver info: driver.version: RemoteWebDriver
	at org.openqa.selenium.remote.HttpCommandExecutor.execute(HttpCommandExecutor.java:125)
	at org.openqa.selenium.remote.service.DriverCommandExecutor.execute(DriverCommandExecutor.java:83)
	at org.openqa.selenium.remote.RemoteWebDriver.execute(RemoteWebDriver.java:552)
	at com.kms.katalon.selenium.driver.CChromeDriver.execute(CChromeDriver.java:19)
	at org.openqa.selenium.remote.RemoteWebDriver.findElements(RemoteWebDriver.java:353)
	at org.openqa.selenium.remote.RemoteWebDriver.findElementsByXPath(RemoteWebDriver.java:432)
	at org.openqa.selenium.By$ByXPath.findElements(By.java:348)
	at org.openqa.selenium.remote.RemoteWebDriver.findElements(RemoteWebDriver.java:311)
	at com.kms.katalon.core.webui.common.WebUiCommonHelper.findElementByNormalMethods(WebUiCommonHelper.java:1014)
	at com.kms.katalon.core.webui.common.WebUiCommonHelper.findElementsBySelectedMethod(WebUiCommonHelper.java:903)
	at com.kms.katalon.core.webui.common.WebUiCommonHelper.findElementsBySelectedMethod(WebUiCommonHelper.java:892)
	at com.kms.katalon.core.webui.common.WebUiCommonHelper.findElementsBySelectedMethod(WebUiCommonHelper.java:887)
	at com.kms.katalon.core.webui.common.WebUiCommonHelper.findElementsByDefault(WebUiCommonHelper.java:883)
	at com.kms.katalon.core.webui.common.WebUiCommonHelper.findWebElements(WebUiCommonHelper.java:720)
	at com.kms.katalon.core.webui.keyword.internal.WebUIAbstractKeyword.findWebElements(WebUIAbstractKeyword.groovy:32)
	at com.kms.katalon.core.webui.keyword.WebUiBuiltInKeywords.findWebElements(WebUiBuiltInKeywords.groovy:2860)
	at com.kms.katalon.core.webui.keyword.WebUiBuiltInKeywords$findWebElements$7.call(Unknown Source)
	at Method.TextDegerineEsitElementVarMi(Method.groovy:270)
	at Method.invokeMethod(Method.groovy)
	at com.kms.katalon.core.main.CustomKeywordDelegatingMetaClass.invokeStaticMethod(CustomKeywordDelegatingMetaClass.java:50)
	at TablodaVeriBasariliMiIrsaliye.run(TablodaVeriBasariliMiIrsaliye:35)
	at com.kms.katalon.core.main.ScriptEngine.run(ScriptEngine.java:194)
	at com.kms.katalon.core.main.ScriptEngine.runScriptAsRawText(ScriptEngine.java:119)
	at com.kms.katalon.core.main.TestCaseExecutor.runScript(TestCaseExecutor.java:369)
	at com.kms.katalon.core.main.TestCaseExecutor.doExecute(TestCaseExecutor.java:360)
	at com.kms.katalon.core.main.TestCaseExecutor.processExecutionPhase(TestCaseExecutor.java:339)
	at com.kms.katalon.core.main.TestCaseExecutor.accessMainPhase(TestCaseExecutor.java:331)
	at com.kms.katalon.core.main.TestCaseExecutor.execute(TestCaseExecutor.java:248)
	at com.kms.katalon.core.main.TestCaseMain.runTestCase(TestCaseMain.java:138)
	at com.kms.katalon.core.keyword.builtin.CallTestCaseKeyword$_callTestCase_closure1.doCall(CallTestCaseKeyword.groovy:59)
	at com.kms.katalon.core.keyword.builtin.CallTestCaseKeyword$_callTestCase_closure1.call(CallTestCaseKeyword.groovy)
	at com.kms.katalon.core.keyword.internal.KeywordMain.runKeyword(KeywordMain.groovy:68)
	at com.kms.katalon.core.keyword.builtin.CallTestCaseKeyword.callTestCase(CallTestCaseKeyword.groovy:81)
	at com.kms.katalon.core.keyword.builtin.CallTestCaseKeyword.execute(CallTestCaseKeyword.groovy:44)
	at com.kms.katalon.core.keyword.internal.KeywordExecutor.executeKeywordForPlatform(KeywordExecutor.groovy:73)
	at com.kms.katalon.core.keyword.BuiltinKeywords.callTestCase(BuiltinKeywords.groovy:334)
	at tablo.tablo.tablodaVeriBasariliMiIrsaliye(tablo.groovy:85)
	at cucumber.runtime.Utils$1.call(Utils.java:26)
	at cucumber.runtime.Timeout.timeout(Timeout.java:16)
	at cucumber.runtime.Utils.invoke(Utils.java:20)
	at cucumber.runtime.java.JavaStepDefinition.execute(JavaStepDefinition.java:49)
	at cucumber.runner.PickleStepDefinitionMatch.runStep(PickleStepDefinitionMatch.java:50)
	at cucumber.runner.TestStep.executeStep(TestStep.java:63)
	at cucumber.runner.TestStep.run(TestStep.java:49)
	at cucumber.runner.PickleStepTestStep.run(PickleStepTestStep.java:43)
	at cucumber.runner.TestCase.run(TestCase.java:44)
	at cucumber.runner.Runner.runPickle(Runner.java:40)
	at cucumber.runtime.Runtime$1.run(Runtime.java:84)
	at cucumber.runtime.Runtime$SameThreadExecutorService.execute(Runtime.java:220)
	at cucumber.runtime.Runtime.run(Runtime.java:81)
	at cucumber.api.cli.Main.run(Main.java:26)
	at cucumber.api.cli.Main$run.call(Unknown Source)
	at com.kms.katalon.core.cucumber.keyword.CucumberBuiltinKeywords$_runFeatureFile_closure1.doCall(CucumberBuiltinKeywords.groovy:106)
	at com.kms.katalon.core.cucumber.keyword.CucumberBuiltinKeywords$_runFeatureFile_closure1.doCall(CucumberBuiltinKeywords.groovy)
	at com.kms.katalon.core.keyword.internal.KeywordMain.runKeyword(KeywordMain.groovy:68)
	at com.kms.katalon.core.keyword.internal.KeywordMain$runKeyword.call(Unknown Source)
	at com.kms.katalon.core.cucumber.keyword.CucumberBuiltinKeywords.runFeatureFile(CucumberBuiltinKeywords.groovy:73)
	at com.kms.katalon.core.cucumber.keyword.CucumberBuiltinKeywords$runFeatureFile$0.callStatic(Unknown Source)
	at com.kms.katalon.core.cucumber.keyword.CucumberBuiltinKeywords.runFeatureFile(CucumberBuiltinKeywords.groovy:246)
	at com.kms.katalon.core.cucumber.keyword.CucumberBuiltinKeywords$runFeatureFile.call(Unknown Source)
	at TCKN-Temel Irsaliye-Sevk Tipinde.run(TCKN-Temel Irsaliye-Sevk Tipinde:17)
	at com.kms.katalon.core.main.ScriptEngine.run(ScriptEngine.java:194)
	at com.kms.katalon.core.main.ScriptEngine.runScriptAsRawText(ScriptEngine.java:119)
	at com.kms.katalon.core.main.TestCaseExecutor.runScript(TestCaseExecutor.java:369)
	at com.kms.katalon.core.main.TestCaseExecutor.doExecute(TestCaseExecutor.java:360)
	at com.kms.katalon.core.main.TestCaseExecutor.processExecutionPhase(TestCaseExecutor.java:339)
	at com.kms.katalon.core.main.TestCaseExecutor.accessMainPhase(TestCaseExecutor.java:331)
	at com.kms.katalon.core.main.TestCaseExecutor.execute(TestCaseExecutor.java:248)
	at com.kms.katalon.core.main.TestSuiteExecutor.accessTestCaseMainPhase(TestSuiteExecutor.java:191)
	at com.kms.katalon.core.main.TestSuiteExecutor.accessTestSuiteMainPhase(TestSuiteExecutor.java:140)
	at com.kms.katalon.core.main.TestSuiteExecutor.execute(TestSuiteExecutor.java:89)
	at com.kms.katalon.core.main.TestCaseMain.startTestSuite(TestCaseMain.java:181)
	at com.kms.katalon.core.main.TestCaseMain$startTestSuite$0.call(Unknown Source)
	at TempTestSuite1637650008144.run(TempTestSuite1637650008144.groovy:39)


2021-11-23 10:04:22 - [TEST_STEP][PASSED] - Kullanıcı adı ELOGO6 ve Şifre 123456 olarak giriş yapılır: Kullanıcı adı ELOGO6 ve Şifre 123456 olarak giriş yapılır

2021-11-23 10:04:22 - [MESSAGE][PASSED] - Kullanıcı adı ELOGO6 ve Şifre 123456 olarak giriş yapılır

2021-11-23 10:04:22 - [TEST_STEP][PASSED] - Ana menüden e-İrsaliye seçilir: Ana menüden e-İrsaliye seçilir

2021-11-23 10:04:22 - [MESSAGE][PASSED] - Ana menüden e-İrsaliye seçilir

2021-11-23 10:04:22 - [TEST_STEP][PASSED] - Alt menü e-İrsaliye Araçları başlığı altındaki e-İrsaliye Oluşturma seçilir: Alt menü e-İrsaliye Araçları başlığı altındaki e-İrsaliye Oluşturma seçilir

2021-11-23 10:04:22 - [MESSAGE][PASSED] - Alt menü e-İrsaliye Araçları başlığı altındaki e-İrsaliye Oluşturma seçilir

2021-11-23 10:04:22 - [TEST_STEP][PASSED] - Tablodaki tüm veriler silinir: Tablodaki tüm veriler silinir

2021-11-23 10:04:22 - [MESSAGE][PASSED] - Tablodaki tüm veriler silinir

2021-11-23 10:04:22 - [TEST_STEP][PASSED] - Butonlardan Ekle isimli butona tıklanır: Butonlardan Ekle isimli butona tıklanır

2021-11-23 10:04:22 - [MESSAGE][PASSED] - Butonlardan Ekle isimli butona tıklanır

2021-11-23 10:04:22 - [TEST_STEP][PASSED] - Görsel tasarım sayfasının İrsaliye Bilgileri başlığını içerdiği kontrol edilir: Görsel tasarım sayfasının İrsaliye Bilgileri başlığını içerdiği kontrol edilir

2021-11-23 10:04:22 - [MESSAGE][PASSED] - Görsel tasarım sayfasının İrsaliye Bilgileri başlığını içerdiği kontrol edilir

2021-11-23 10:04:22 - [TEST_STEP][PASSED] - Alıcı adı alanına UC0045 girilir: Alıcı adı alanına UC0045 girilir

2021-11-23 10:04:22 - [MESSAGE][PASSED] - Alıcı adı alanına UC0045 girilir

2021-11-23 10:04:22 - [TEST_STEP][PASSED] - Senaryo alanından Temel İrsaliye seçilir: Senaryo alanından Temel İrsaliye seçilir

2021-11-23 10:04:22 - [MESSAGE][PASSED] - Senaryo alanından Temel İrsaliye seçilir

2021-11-23 10:04:22 - [TEST_STEP][PASSED] - Farklı Teslimat Adres Tanımı adres,Türkiye,Isparta,Yalvaç,32400 olarak girilir: Farklı Teslimat Adres Tanımı adres,Türkiye,Isparta,Yalvaç,32400 olarak girilir

2021-11-23 10:04:22 - [MESSAGE][PASSED] - Farklı Teslimat Adres Tanımı adres,Türkiye,Isparta,Yalvaç,32400 olarak girilir

2021-11-23 10:04:22 - [TEST_STEP][PASSED] - Ekle butonuna basılır: Ekle butonuna basılır

2021-11-23 10:04:22 - [MESSAGE][PASSED] - Ekle butonuna basılır

2021-11-23 10:04:22 - [TEST_STEP][PASSED] - Ürün ekleme alanında Malzeme Adı başlığına Otomasyon girilir: Ürün ekleme alanında Malzeme Adı başlığına Otomasyon girilir

2021-11-23 10:04:22 - [MESSAGE][PASSED] - Ürün ekleme alanında Malzeme Adı başlığına Otomasyon girilir

2021-11-23 10:04:22 - [TEST_STEP][PASSED] - Ürün ekleme alanında Açıklaması başlığına Virgosol girilir: Ürün ekleme alanında Açıklaması başlığına Virgosol girilir

2021-11-23 10:04:22 - [MESSAGE][PASSED] - Ürün ekleme alanında Açıklaması başlığına Virgosol girilir

2021-11-23 10:04:22 - [TEST_STEP][PASSED] - Ürün ekleme alanında Miktarı başlığına 400 girilir: Ürün ekleme alanında Miktarı başlığına 400 girilir

2021-11-23 10:04:22 - [MESSAGE][PASSED] - Ürün ekleme alanında Miktarı başlığına 400 girilir

2021-11-23 10:04:22 - [TEST_STEP][PASSED] - Ürün ekleme alanında Birim Fiyat başlığına 100 girilir: Ürün ekleme alanında Birim Fiyat başlığına 100 girilir

2021-11-23 10:04:22 - [MESSAGE][PASSED] - Ürün ekleme alanında Birim Fiyat başlığına 100 girilir

2021-11-23 10:04:22 - [TEST_STEP][PASSED] - Şöför Bilgileri Virgosol,Otomasyon,11111111110 olarak girilir: Şöför Bilgileri Virgosol,Otomasyon,11111111110 olarak girilir

2021-11-23 10:04:22 - [MESSAGE][PASSED] - Şöför Bilgileri Virgosol,Otomasyon,11111111110 olarak girilir

2021-11-23 10:04:22 - [TEST_STEP][PASSED] - Notlar alanına Otomasyon Sanal Kullanıcı girilir: Notlar alanına Otomasyon Sanal Kullanıcı girilir

2021-11-23 10:04:22 - [MESSAGE][PASSED] - Notlar alanına Otomasyon Sanal Kullanıcı girilir

2021-11-23 10:04:22 - [TEST_STEP][PASSED] - E-Irsaliye Ettn bilgisi kayıt edilir: E-Irsaliye Ettn bilgisi kayıt edilir

2021-11-23 10:04:22 - [MESSAGE][PASSED] - E-Irsaliye Ettn bilgisi kayıt edilir

2021-11-23 10:04:22 - [TEST_STEP][PASSED] - Kaydet butonu seçilir: Kaydet butonu seçilir

2021-11-23 10:04:22 - [MESSAGE][PASSED] - Kaydet butonu seçilir

2021-11-23 10:04:22 - [TEST_STEP][PASSED] - Tabloda VirgosolOtomasyonTEST ünvanlı veri oluşturuldu mu: Tabloda VirgosolOtomasyonTEST ünvanlı veri oluşturuldu mu

2021-11-23 10:04:22 - [MESSAGE][PASSED] - Tabloda VirgosolOtomasyonTEST ünvanlı veri oluşturuldu mu

2021-11-23 10:04:22 - [TEST_STEP][PASSED] - Tablodan VirgosolOtomasyonTEST isimli veri seçilir: Tablodan VirgosolOtomasyonTEST isimli veri seçilir

2021-11-23 10:04:22 - [MESSAGE][PASSED] - Tablodan VirgosolOtomasyonTEST isimli veri seçilir

2021-11-23 10:04:22 - [TEST_STEP][PASSED] - Butonlardan Değiştir isimli butona tıklanır: Butonlardan Değiştir isimli butona tıklanır

2021-11-23 10:04:22 - [MESSAGE][PASSED] - Butonlardan Değiştir isimli butona tıklanır

2021-11-23 10:04:22 - [TEST_STEP][PASSED] - Görsel tasarım sayfasının İrsaliye Bilgileri başlığını içerdiği kontrol edilir: Görsel tasarım sayfasının İrsaliye Bilgileri başlığını içerdiği kontrol edilir

2021-11-23 10:04:22 - [MESSAGE][PASSED] - Görsel tasarım sayfasının İrsaliye Bilgileri başlığını içerdiği kontrol edilir

2021-11-23 10:04:22 - [TEST_STEP][PASSED] - Notlar alanına Otomasyon Not Değiştir girilir: Notlar alanına Otomasyon Not Değiştir girilir

2021-11-23 10:04:22 - [MESSAGE][PASSED] - Notlar alanına Otomasyon Not Değiştir girilir

2021-11-23 10:04:22 - [TEST_STEP][PASSED] - Kaydet butonu seçilir: Kaydet butonu seçilir

2021-11-23 10:04:22 - [MESSAGE][PASSED] - Kaydet butonu seçilir

2021-11-23 10:04:22 - [TEST_STEP][PASSED] - Tabloda VirgosolOtomasyonTEST ünvanlı veri oluşturuldu mu: Tabloda VirgosolOtomasyonTEST ünvanlı veri oluşturuldu mu

2021-11-23 10:04:22 - [MESSAGE][PASSED] - Tabloda VirgosolOtomasyonTEST ünvanlı veri oluşturuldu mu

2021-11-23 10:04:22 - [TEST_STEP][PASSED] - Tablodan VirgosolOtomasyonTEST isimli veri seçilir: Tablodan VirgosolOtomasyonTEST isimli veri seçilir

2021-11-23 10:04:22 - [MESSAGE][PASSED] - Tablodan VirgosolOtomasyonTEST isimli veri seçilir

2021-11-23 10:04:22 - [TEST_STEP][PASSED] - Butonlardan Numara Oluştur isimli butona tıklanır: Butonlardan Numara Oluştur isimli butona tıklanır

2021-11-23 10:04:22 - [MESSAGE][PASSED] - Butonlardan Numara Oluştur isimli butona tıklanır

2021-11-23 10:04:22 - [TEST_STEP][PASSED] - Popup mesajı Devam etmek istiyor musunuz içeriyor mu: Popup mesajı Devam etmek istiyor musunuz içeriyor mu

2021-11-23 10:04:22 - [MESSAGE][PASSED] - Popup mesajı Devam etmek istiyor musunuz içeriyor mu

2021-11-23 10:04:22 - [TEST_STEP][PASSED] - Yönetim popupında Evet seçilir: Yönetim popupında Evet seçilir

2021-11-23 10:04:22 - [MESSAGE][PASSED] - Yönetim popupında Evet seçilir

2021-11-23 10:04:22 - [TEST_STEP][PASSED] - Popup mesajı oluşmuştur içeriyor mu: Popup mesajı oluşmuştur içeriyor mu

2021-11-23 10:04:22 - [MESSAGE][PASSED] - Popup mesajı oluşmuştur içeriyor mu

2021-11-23 10:04:22 - [TEST_STEP][PASSED] - Yönetim popupında Tamam seçilir: Yönetim popupında Tamam seçilir

2021-11-23 10:04:22 - [MESSAGE][PASSED] - Yönetim popupında Tamam seçilir

2021-11-23 10:04:22 - [TEST_STEP][PASSED] - Tablodan VirgosolOtomasyonTEST isimli veri seçilir: Tablodan VirgosolOtomasyonTEST isimli veri seçilir

2021-11-23 10:04:22 - [MESSAGE][PASSED] - Tablodan VirgosolOtomasyonTEST isimli veri seçilir

2021-11-23 10:04:22 - [TEST_STEP][PASSED] - Butonlardan Göster isimli butona tıklanır: Butonlardan Göster isimli butona tıklanır

2021-11-23 10:04:22 - [MESSAGE][PASSED] - Butonlardan Göster isimli butona tıklanır

2021-11-23 10:04:22 - [TEST_STEP][PASSED] - Yeni açılan sekmeye geçilir: Yeni açılan sekmeye geçilir

2021-11-23 10:04:22 - [MESSAGE][PASSED] - Yeni açılan sekmeye geçilir

2021-11-23 10:04:22 - [TEST_STEP][PASSED] - Yeni sekme başlığında e-İRSALİYE var mı kontrol edilir: Yeni sekme başlığında e-İRSALİYE var mı kontrol edilir

2021-11-23 10:04:22 - [MESSAGE][PASSED] - Yeni sekme başlığında e-İRSALİYE var mı kontrol edilir

2021-11-23 10:04:22 - [TEST_STEP][PASSED] - Ana sekmeye geçilir: Ana sekmeye geçilir

2021-11-23 10:04:22 - [MESSAGE][PASSED] - Ana sekmeye geçilir

2021-11-23 10:04:22 - [TEST_STEP][PASSED] - Butonlardan UBL isimli butona tıklanır: Butonlardan UBL isimli butona tıklanır

2021-11-23 10:04:22 - [MESSAGE][PASSED] - Butonlardan UBL isimli butona tıklanır

2021-11-23 10:04:22 - [TEST_STEP][PASSED] - Yeni açılan sekmeye geçilir: Yeni açılan sekmeye geçilir

2021-11-23 10:04:22 - [MESSAGE][PASSED] - Yeni açılan sekmeye geçilir

2021-11-23 10:04:22 - [TEST_STEP][PASSED] - DespatchAdvice tagli ubl geldi mi: DespatchAdvice tagli ubl geldi mi

2021-11-23 10:04:22 - [MESSAGE][PASSED] - DespatchAdvice tagli ubl geldi mi

2021-11-23 10:04:22 - [TEST_STEP][PASSED] - Ana sekmeye geçilir: Ana sekmeye geçilir

2021-11-23 10:04:22 - [MESSAGE][PASSED] - Ana sekmeye geçilir

2021-11-23 10:04:22 - [TEST_STEP][PASSED] - Butonlardan Excel isimli butona tıklanır: Butonlardan Excel isimli butona tıklanır

2021-11-23 10:04:22 - [MESSAGE][PASSED] - Butonlardan Excel isimli butona tıklanır

2021-11-23 10:04:22 - [TEST_STEP][PASSED] - Alt butonlardan Excel'e Aktar butonuna tıklanır: Alt butonlardan Excel'e Aktar butonuna tıklanır

2021-11-23 10:04:22 - [MESSAGE][PASSED] - Alt butonlardan Excel'e Aktar butonuna tıklanır

2021-11-23 10:04:22 - [TEST_STEP][PASSED] - Ön eki İrsaliyeler olan dosya indirildi mi: Ön eki İrsaliyeler olan dosya indirildi mi

2021-11-23 10:04:22 - [MESSAGE][PASSED] - Ön eki İrsaliyeler olan dosya indirildi mi

2021-11-23 10:04:22 - [TEST_STEP][PASSED] - Butonlardan Excel isimli butona tıklanır: Butonlardan Excel isimli butona tıklanır

2021-11-23 10:04:22 - [MESSAGE][PASSED] - Butonlardan Excel isimli butona tıklanır

2021-11-23 10:04:22 - [TEST_STEP][PASSED] - Alt butonlardan Tümünü Excel'e Aktar butonuna tıklanır: Alt butonlardan Tümünü Excel'e Aktar butonuna tıklanır

2021-11-23 10:04:22 - [MESSAGE][PASSED] - Alt butonlardan Tümünü Excel'e Aktar butonuna tıklanır

2021-11-23 10:04:22 - [TEST_STEP][PASSED] - Ön eki İrsaliyeler olan dosya indirildi mi: Ön eki İrsaliyeler olan dosya indirildi mi

2021-11-23 10:04:22 - [MESSAGE][PASSED] - Ön eki İrsaliyeler olan dosya indirildi mi

2021-11-23 10:04:22 - [TEST_STEP][PASSED] - Butonlardan Gönder isimli butona tıklanır: Butonlardan Gönder isimli butona tıklanır

2021-11-23 10:04:22 - [MESSAGE][PASSED] - Butonlardan Gönder isimli butona tıklanır

2021-11-23 10:04:22 - [TEST_STEP][PASSED] - Popup mesajı Devam etmek istiyor musunuz içeriyor mu: Popup mesajı Devam etmek istiyor musunuz içeriyor mu

2021-11-23 10:04:22 - [MESSAGE][PASSED] - Popup mesajı Devam etmek istiyor musunuz içeriyor mu

2021-11-23 10:04:22 - [TEST_STEP][PASSED] - Yönetim popupında Evet seçilir: Yönetim popupında Evet seçilir

2021-11-23 10:04:22 - [MESSAGE][PASSED] - Yönetim popupında Evet seçilir

2021-11-23 10:04:22 - [TEST_STEP][PASSED] - Ana menüden e-İrsaliye seçilir: Ana menüden e-İrsaliye seçilir

2021-11-23 10:04:22 - [MESSAGE][PASSED] - Ana menüden e-İrsaliye seçilir

2021-11-23 10:04:22 - [TEST_STEP][PASSED] - Alt menü Giden Kutusu başlığı altındaki İrsaliyeler seçilir: Alt menü Giden Kutusu başlığı altındaki İrsaliyeler seçilir

2021-11-23 10:04:22 - [MESSAGE][PASSED] - Alt menü Giden Kutusu başlığı altındaki İrsaliyeler seçilir

2021-11-23 10:04:22 - [TEST_STEP][PASSED] - Filtrelerden Irsaliye Ettn filtresine Ettn bilgisi yaz: Filtrelerden Irsaliye Ettn filtresine Ettn bilgisi yaz

2021-11-23 10:04:22 - [MESSAGE][PASSED] - Filtrelerden Irsaliye Ettn filtresine Ettn bilgisi yaz

2021-11-23 10:04:22 - [TEST_STEP][PASSED] - Filtre butonlarından Listele seçilir: Filtre butonlarından Listele seçilir

2021-11-23 10:04:22 - [MESSAGE][PASSED] - Filtre butonlarından Listele seçilir

2021-11-23 10:04:22 - [TEST_STEP][PASSED] - Tabloda veri var mı kontrol edilir: Tabloda veri var mı kontrol edilir

2021-11-23 10:04:22 - [MESSAGE][PASSED] - Tabloda veri var mı kontrol edilir

2021-11-23 10:04:22 - [TEST_STEP][ERROR] - Tabloda yeni oluşturulan irsaliye verisi başarılı mı: Tabloda yeni oluşturulan irsaliye verisi başarılı mı FAILED.
Reason:
com.kms.katalon.core.exception.StepErrorException: Call Test Case 'Test Cases/Tablo/TablodaVeriBasariliMiIrsaliye' failed because of error(s)
	at com.kms.katalon.core.keyword.builtin.CallTestCaseKeyword$_callTestCase_closure1.doCall(CallTestCaseKeyword.groovy:66)
	at com.kms.katalon.core.keyword.builtin.CallTestCaseKeyword$_callTestCase_closure1.call(CallTestCaseKeyword.groovy)
	at com.kms.katalon.core.keyword.internal.KeywordMain.runKeyword(KeywordMain.groovy:68)
	at com.kms.katalon.core.keyword.builtin.CallTestCaseKeyword.callTestCase(CallTestCaseKeyword.groovy:81)
	at com.kms.katalon.core.keyword.builtin.CallTestCaseKeyword.execute(CallTestCaseKeyword.groovy:44)
	at com.kms.katalon.core.keyword.internal.KeywordExecutor.executeKeywordForPlatform(KeywordExecutor.groovy:73)
	at com.kms.katalon.core.keyword.BuiltinKeywords.callTestCase(BuiltinKeywords.groovy:334)
	at tablo.tablo.tablodaVeriBasariliMiIrsaliye(tablo.groovy:85)
	at ✽.Tabloda yeni oluşturulan irsaliye verisi başarılı mı(C:/Users/DELL/Documents/GitHub/EES_KatalonLogo/Include/features/e-Irsaliye/e-Irsaliye Araclari/e-Irsaliye Olusturma/Ekle/TCKN-Temel Irsaliye-Sevk Tipinde.feature:66)
Caused by: org.openqa.selenium.NoSuchSessionException: Session ID is null. Using WebDriver after calling quit()?
Build info: version: '3.141.59', revision: 'e82be7d358', time: '2018-11-14T08:25:53'
System info: host: 'DESKTOP-QBVMTUG', ip: '192.168.1.24', os.name: 'Windows 10', os.arch: 'amd64', os.version: '10.0', java.version: '1.8.0_282'
Driver info: driver.version: RemoteWebDriver
	at org.openqa.selenium.remote.HttpCommandExecutor.execute(HttpCommandExecutor.java:125)
	at org.openqa.selenium.remote.service.DriverCommandExecutor.execute(DriverCommandExecutor.java:83)
	at org.openqa.selenium.remote.RemoteWebDriver.execute(RemoteWebDriver.java:552)
	at com.kms.katalon.selenium.driver.CChromeDriver.execute(CChromeDriver.java:19)
	at org.openqa.selenium.remote.RemoteWebDriver.findElements(RemoteWebDriver.java:353)
	at org.openqa.selenium.remote.RemoteWebDriver.findElementsByXPath(RemoteWebDriver.java:432)
	at org.openqa.selenium.By$ByXPath.findElements(By.java:348)
	at org.openqa.selenium.remote.RemoteWebDriver.findElements(RemoteWebDriver.java:311)
	at com.kms.katalon.core.webui.common.WebUiCommonHelper.findElementByNormalMethods(WebUiCommonHelper.java:1014)
	at com.kms.katalon.core.webui.common.WebUiCommonHelper.findElementsBySelectedMethod(WebUiCommonHelper.java:903)
	at com.kms.katalon.core.webui.common.WebUiCommonHelper.findElementsBySelectedMethod(WebUiCommonHelper.java:892)
	at com.kms.katalon.core.webui.common.WebUiCommonHelper.findElementsBySelectedMethod(WebUiCommonHelper.java:887)
	at com.kms.katalon.core.webui.common.WebUiCommonHelper.findElementsByDefault(WebUiCommonHelper.java:883)
	at com.kms.katalon.core.webui.common.WebUiCommonHelper.findWebElements(WebUiCommonHelper.java:720)
	at com.kms.katalon.core.webui.keyword.internal.WebUIAbstractKeyword.findWebElements(WebUIAbstractKeyword.groovy:32)
	at com.kms.katalon.core.webui.keyword.WebUiBuiltInKeywords.findWebElements(WebUiBuiltInKeywords.groovy:2860)
	at com.kms.katalon.core.webui.keyword.WebUiBuiltInKeywords$findWebElements$7.call(Unknown Source)
	at Method.TextDegerineEsitElementVarMi(Method.groovy:270)
	at Method.invokeMethod(Method.groovy)
	at com.kms.katalon.core.main.CustomKeywordDelegatingMetaClass.invokeStaticMethod(CustomKeywordDelegatingMetaClass.java:50)
	at TablodaVeriBasariliMiIrsaliye.run(TablodaVeriBasariliMiIrsaliye:35)
	at com.kms.katalon.core.main.ScriptEngine.run(ScriptEngine.java:194)
	at com.kms.katalon.core.main.ScriptEngine.runScriptAsRawText(ScriptEngine.java:119)
	at com.kms.katalon.core.main.TestCaseExecutor.runScript(TestCaseExecutor.java:369)
	at com.kms.katalon.core.main.TestCaseExecutor.doExecute(TestCaseExecutor.java:360)
	at com.kms.katalon.core.main.TestCaseExecutor.processExecutionPhase(TestCaseExecutor.java:339)
	at com.kms.katalon.core.main.TestCaseExecutor.accessMainPhase(TestCaseExecutor.java:331)
	at com.kms.katalon.core.main.TestCaseExecutor.execute(TestCaseExecutor.java:248)
	at com.kms.katalon.core.main.TestCaseMain.runTestCase(TestCaseMain.java:138)
	at com.kms.katalon.core.keyword.builtin.CallTestCaseKeyword$_callTestCase_closure1.doCall(CallTestCaseKeyword.groovy:59)
	at com.kms.katalon.core.keyword.builtin.CallTestCaseKeyword$_callTestCase_closure1.call(CallTestCaseKeyword.groovy)
	at com.kms.katalon.core.keyword.internal.KeywordMain.runKeyword(KeywordMain.groovy:68)
	at com.kms.katalon.core.keyword.builtin.CallTestCaseKeyword.callTestCase(CallTestCaseKeyword.groovy:81)
	at com.kms.katalon.core.keyword.builtin.CallTestCaseKeyword.execute(CallTestCaseKeyword.groovy:44)
	at com.kms.katalon.core.keyword.internal.KeywordExecutor.executeKeywordForPlatform(KeywordExecutor.groovy:73)
	at com.kms.katalon.core.keyword.BuiltinKeywords.callTestCase(BuiltinKeywords.groovy:334)
	at tablo.tablo.tablodaVeriBasariliMiIrsaliye(tablo.groovy:85)
	at cucumber.runtime.Utils$1.call(Utils.java:26)
	at cucumber.runtime.Timeout.timeout(Timeout.java:16)
	at cucumber.runtime.Utils.invoke(Utils.java:20)
	at cucumber.runtime.java.JavaStepDefinition.execute(JavaStepDefinition.java:49)
	at cucumber.runner.PickleStepDefinitionMatch.runStep(PickleStepDefinitionMatch.java:50)
	at cucumber.runner.TestStep.executeStep(TestStep.java:63)
	at cucumber.runner.TestStep.run(TestStep.java:49)
	at cucumber.runner.PickleStepTestStep.run(PickleStepTestStep.java:43)
	at cucumber.runner.TestCase.run(TestCase.java:44)
	at cucumber.runner.Runner.runPickle(Runner.java:40)
	at cucumber.runtime.Runtime$1.run(Runtime.java:84)
	at cucumber.runtime.Runtime$SameThreadExecutorService.execute(Runtime.java:220)
	at cucumber.runtime.Runtime.run(Runtime.java:81)
	at cucumber.api.cli.Main.run(Main.java:26)
	at cucumber.api.cli.Main$run.call(Unknown Source)
	at com.kms.katalon.core.cucumber.keyword.CucumberBuiltinKeywords$_runFeatureFile_closure1.doCall(CucumberBuiltinKeywords.groovy:106)
	at com.kms.katalon.core.cucumber.keyword.CucumberBuiltinKeywords$_runFeatureFile_closure1.doCall(CucumberBuiltinKeywords.groovy)
	at com.kms.katalon.core.keyword.internal.KeywordMain.runKeyword(KeywordMain.groovy:68)
	at com.kms.katalon.core.keyword.internal.KeywordMain$runKeyword.call(Unknown Source)
	at com.kms.katalon.core.cucumber.keyword.CucumberBuiltinKeywords.runFeatureFile(CucumberBuiltinKeywords.groovy:73)
	at com.kms.katalon.core.cucumber.keyword.CucumberBuiltinKeywords$runFeatureFile$0.callStatic(Unknown Source)
	at com.kms.katalon.core.cucumber.keyword.CucumberBuiltinKeywords.runFeatureFile(CucumberBuiltinKeywords.groovy:246)
	at com.kms.katalon.core.cucumber.keyword.CucumberBuiltinKeywords$runFeatureFile.call(Unknown Source)
	at TCKN-Temel Irsaliye-Sevk Tipinde.run(TCKN-Temel Irsaliye-Sevk Tipinde:17)
	at com.kms.katalon.core.main.ScriptEngine.run(ScriptEngine.java:194)
	at com.kms.katalon.core.main.ScriptEngine.runScriptAsRawText(ScriptEngine.java:119)
	at com.kms.katalon.core.main.TestCaseExecutor.runScript(TestCaseExecutor.java:369)
	at com.kms.katalon.core.main.TestCaseExecutor.doExecute(TestCaseExecutor.java:360)
	at com.kms.katalon.core.main.TestCaseExecutor.processExecutionPhase(TestCaseExecutor.java:339)
	at com.kms.katalon.core.main.TestCaseExecutor.accessMainPhase(TestCaseExecutor.java:331)
	at com.kms.katalon.core.main.TestCaseExecutor.execute(TestCaseExecutor.java:248)
	at com.kms.katalon.core.main.TestSuiteExecutor.accessTestCaseMainPhase(TestSuiteExecutor.java:191)
	at com.kms.katalon.core.main.TestSuiteExecutor.accessTestSuiteMainPhase(TestSuiteExecutor.java:140)
	at com.kms.katalon.core.main.TestSuiteExecutor.execute(TestSuiteExecutor.java:89)
	at com.kms.katalon.core.main.TestCaseMain.startTestSuite(TestCaseMain.java:181)
	at com.kms.katalon.core.main.TestCaseMain$startTestSuite$0.call(Unknown Source)
	at TempTestSuite1637650008144.run(TempTestSuite1637650008144.groovy:39)


2021-11-23 10:04:22 - [MESSAGE][ERROR] - Tabloda yeni oluşturulan irsaliye verisi başarılı mı FAILED.
Reason:
com.kms.katalon.core.exception.StepErrorException: Call Test Case 'Test Cases/Tablo/TablodaVeriBasariliMiIrsaliye' failed because of error(s)
	at com.kms.katalon.core.keyword.builtin.CallTestCaseKeyword$_callTestCase_closure1.doCall(CallTestCaseKeyword.groovy:66)
	at com.kms.katalon.core.keyword.builtin.CallTestCaseKeyword$_callTestCase_closure1.call(CallTestCaseKeyword.groovy)
	at com.kms.katalon.core.keyword.internal.KeywordMain.runKeyword(KeywordMain.groovy:68)
	at com.kms.katalon.core.keyword.builtin.CallTestCaseKeyword.callTestCase(CallTestCaseKeyword.groovy:81)
	at com.kms.katalon.core.keyword.builtin.CallTestCaseKeyword.execute(CallTestCaseKeyword.groovy:44)
	at com.kms.katalon.core.keyword.internal.KeywordExecutor.executeKeywordForPlatform(KeywordExecutor.groovy:73)
	at com.kms.katalon.core.keyword.BuiltinKeywords.callTestCase(BuiltinKeywords.groovy:334)
	at tablo.tablo.tablodaVeriBasariliMiIrsaliye(tablo.groovy:85)
	at ✽.Tabloda yeni oluşturulan irsaliye verisi başarılı mı(C:/Users/DELL/Documents/GitHub/EES_KatalonLogo/Include/features/e-Irsaliye/e-Irsaliye Araclari/e-Irsaliye Olusturma/Ekle/TCKN-Temel Irsaliye-Sevk Tipinde.feature:66)
Caused by: org.openqa.selenium.NoSuchSessionException: Session ID is null. Using WebDriver after calling quit()?
Build info: version: '3.141.59', revision: 'e82be7d358', time: '2018-11-14T08:25:53'
System info: host: 'DESKTOP-QBVMTUG', ip: '192.168.1.24', os.name: 'Windows 10', os.arch: 'amd64', os.version: '10.0', java.version: '1.8.0_282'
Driver info: driver.version: RemoteWebDriver
	at org.openqa.selenium.remote.HttpCommandExecutor.execute(HttpCommandExecutor.java:125)
	at org.openqa.selenium.remote.service.DriverCommandExecutor.execute(DriverCommandExecutor.java:83)
	at org.openqa.selenium.remote.RemoteWebDriver.execute(RemoteWebDriver.java:552)
	at com.kms.katalon.selenium.driver.CChromeDriver.execute(CChromeDriver.java:19)
	at org.openqa.selenium.remote.RemoteWebDriver.findElements(RemoteWebDriver.java:353)
	at org.openqa.selenium.remote.RemoteWebDriver.findElementsByXPath(RemoteWebDriver.java:432)
	at org.openqa.selenium.By$ByXPath.findElements(By.java:348)
	at org.openqa.selenium.remote.RemoteWebDriver.findElements(RemoteWebDriver.java:311)
	at com.kms.katalon.core.webui.common.WebUiCommonHelper.findElementByNormalMethods(WebUiCommonHelper.java:1014)
	at com.kms.katalon.core.webui.common.WebUiCommonHelper.findElementsBySelectedMethod(WebUiCommonHelper.java:903)
	at com.kms.katalon.core.webui.common.WebUiCommonHelper.findElementsBySelectedMethod(WebUiCommonHelper.java:892)
	at com.kms.katalon.core.webui.common.WebUiCommonHelper.findElementsBySelectedMethod(WebUiCommonHelper.java:887)
	at com.kms.katalon.core.webui.common.WebUiCommonHelper.findElementsByDefault(WebUiCommonHelper.java:883)
	at com.kms.katalon.core.webui.common.WebUiCommonHelper.findWebElements(WebUiCommonHelper.java:720)
	at com.kms.katalon.core.webui.keyword.internal.WebUIAbstractKeyword.findWebElements(WebUIAbstractKeyword.groovy:32)
	at com.kms.katalon.core.webui.keyword.WebUiBuiltInKeywords.findWebElements(WebUiBuiltInKeywords.groovy:2860)
	at com.kms.katalon.core.webui.keyword.WebUiBuiltInKeywords$findWebElements$7.call(Unknown Source)
	at Method.TextDegerineEsitElementVarMi(Method.groovy:270)
	at Method.invokeMethod(Method.groovy)
	at com.kms.katalon.core.main.CustomKeywordDelegatingMetaClass.invokeStaticMethod(CustomKeywordDelegatingMetaClass.java:50)
	at TablodaVeriBasariliMiIrsaliye.run(TablodaVeriBasariliMiIrsaliye:35)
	at com.kms.katalon.core.main.ScriptEngine.run(ScriptEngine.java:194)
	at com.kms.katalon.core.main.ScriptEngine.runScriptAsRawText(ScriptEngine.java:119)
	at com.kms.katalon.core.main.TestCaseExecutor.runScript(TestCaseExecutor.java:369)
	at com.kms.katalon.core.main.TestCaseExecutor.doExecute(TestCaseExecutor.java:360)
	at com.kms.katalon.core.main.TestCaseExecutor.processExecutionPhase(TestCaseExecutor.java:339)
	at com.kms.katalon.core.main.TestCaseExecutor.accessMainPhase(TestCaseExecutor.java:331)
	at com.kms.katalon.core.main.TestCaseExecutor.execute(TestCaseExecutor.java:248)
	at com.kms.katalon.core.main.TestCaseMain.runTestCase(TestCaseMain.java:138)
	at com.kms.katalon.core.keyword.builtin.CallTestCaseKeyword$_callTestCase_closure1.doCall(CallTestCaseKeyword.groovy:59)
	at com.kms.katalon.core.keyword.builtin.CallTestCaseKeyword$_callTestCase_closure1.call(CallTestCaseKeyword.groovy)
	at com.kms.katalon.core.keyword.internal.KeywordMain.runKeyword(KeywordMain.groovy:68)
	at com.kms.katalon.core.keyword.builtin.CallTestCaseKeyword.callTestCase(CallTestCaseKeyword.groovy:81)
	at com.kms.katalon.core.keyword.builtin.CallTestCaseKeyword.execute(CallTestCaseKeyword.groovy:44)
	at com.kms.katalon.core.keyword.internal.KeywordExecutor.executeKeywordForPlatform(KeywordExecutor.groovy:73)
	at com.kms.katalon.core.keyword.BuiltinKeywords.callTestCase(BuiltinKeywords.groovy:334)
	at tablo.tablo.tablodaVeriBasariliMiIrsaliye(tablo.groovy:85)
	at cucumber.runtime.Utils$1.call(Utils.java:26)
	at cucumber.runtime.Timeout.timeout(Timeout.java:16)
	at cucumber.runtime.Utils.invoke(Utils.java:20)
	at cucumber.runtime.java.JavaStepDefinition.execute(JavaStepDefinition.java:49)
	at cucumber.runner.PickleStepDefinitionMatch.runStep(PickleStepDefinitionMatch.java:50)
	at cucumber.runner.TestStep.executeStep(TestStep.java:63)
	at cucumber.runner.TestStep.run(TestStep.java:49)
	at cucumber.runner.PickleStepTestStep.run(PickleStepTestStep.java:43)
	at cucumber.runner.TestCase.run(TestCase.java:44)
	at cucumber.runner.Runner.runPickle(Runner.java:40)
	at cucumber.runtime.Runtime$1.run(Runtime.java:84)
	at cucumber.runtime.Runtime$SameThreadExecutorService.execute(Runtime.java:220)
	at cucumber.runtime.Runtime.run(Runtime.java:81)
	at cucumber.api.cli.Main.run(Main.java:26)
	at cucumber.api.cli.Main$run.call(Unknown Source)
	at com.kms.katalon.core.cucumber.keyword.CucumberBuiltinKeywords$_runFeatureFile_closure1.doCall(CucumberBuiltinKeywords.groovy:106)
	at com.kms.katalon.core.cucumber.keyword.CucumberBuiltinKeywords$_runFeatureFile_closure1.doCall(CucumberBuiltinKeywords.groovy)
	at com.kms.katalon.core.keyword.internal.KeywordMain.runKeyword(KeywordMain.groovy:68)
	at com.kms.katalon.core.keyword.internal.KeywordMain$runKeyword.call(Unknown Source)
	at com.kms.katalon.core.cucumber.keyword.CucumberBuiltinKeywords.runFeatureFile(CucumberBuiltinKeywords.groovy:73)
	at com.kms.katalon.core.cucumber.keyword.CucumberBuiltinKeywords$runFeatureFile$0.callStatic(Unknown Source)
	at com.kms.katalon.core.cucumber.keyword.CucumberBuiltinKeywords.runFeatureFile(CucumberBuiltinKeywords.groovy:246)
	at com.kms.katalon.core.cucumber.keyword.CucumberBuiltinKeywords$runFeatureFile.call(Unknown Source)
	at TCKN-Temel Irsaliye-Sevk Tipinde.run(TCKN-Temel Irsaliye-Sevk Tipinde:17)
	at com.kms.katalon.core.main.ScriptEngine.run(ScriptEngine.java:194)
	at com.kms.katalon.core.main.ScriptEngine.runScriptAsRawText(ScriptEngine.java:119)
	at com.kms.katalon.core.main.TestCaseExecutor.runScript(TestCaseExecutor.java:369)
	at com.kms.katalon.core.main.TestCaseExecutor.doExecute(TestCaseExecutor.java:360)
	at com.kms.katalon.core.main.TestCaseExecutor.processExecutionPhase(TestCaseExecutor.java:339)
	at com.kms.katalon.core.main.TestCaseExecutor.accessMainPhase(TestCaseExecutor.java:331)
	at com.kms.katalon.core.main.TestCaseExecutor.execute(TestCaseExecutor.java:248)
	at com.kms.katalon.core.main.TestSuiteExecutor.accessTestCaseMainPhase(TestSuiteExecutor.java:191)
	at com.kms.katalon.core.main.TestSuiteExecutor.accessTestSuiteMainPhase(TestSuiteExecutor.java:140)
	at com.kms.katalon.core.main.TestSuiteExecutor.execute(TestSuiteExecutor.java:89)
	at com.kms.katalon.core.main.TestCaseMain.startTestSuite(TestCaseMain.java:181)
	at com.kms.katalon.core.main.TestCaseMain$startTestSuite$0.call(Unknown Source)
	at TempTestSuite1637650008144.run(TempTestSuite1637650008144.groovy:39)


2021-11-23 10:04:22 - [TEST_STEP][NOT_RUN] - Kullanıcı işlemlerinden Çıkış seçilir: Kullanıcı işlemlerinden Çıkış seçilir

2021-11-23 10:04:22 - [MESSAGE][NOT_RUN] - Kullanıcı işlemlerinden Çıkış seçilir

2021-11-23 10:04:22 - [TEST_CASE][FAILED] - Start Test Case : SCENARIO TCKNo ile Temel Irsaliye senaryosunda ve SEVK tipinde irsaliye olusturulmasi: SCENARIO TCKNo ile Temel Irsaliye senaryosunda ve SEVK tipinde irsaliye olusturulmasi FAILED.
Reason:
com.kms.katalon.core.exception.StepFailedException: Call Test Case 'Test Cases/Sayfalar/Giris_Sayfasi/Login' failed
	at com.kms.katalon.core.keyword.builtin.CallTestCaseKeyword$_callTestCase_closure1.doCall(CallTestCaseKeyword.groovy:63)
	at com.kms.katalon.core.keyword.builtin.CallTestCaseKeyword$_callTestCase_closure1.call(CallTestCaseKeyword.groovy)
	at com.kms.katalon.core.keyword.internal.KeywordMain.runKeyword(KeywordMain.groovy:68)
	at com.kms.katalon.core.keyword.builtin.CallTestCaseKeyword.callTestCase(CallTestCaseKeyword.groovy:81)
	at com.kms.katalon.core.keyword.builtin.CallTestCaseKeyword.execute(CallTestCaseKeyword.groovy:44)
	at com.kms.katalon.core.keyword.internal.KeywordExecutor.executeKeywordForPlatform(KeywordExecutor.groovy:73)
	at com.kms.katalon.core.keyword.BuiltinKeywords.callTestCase(BuiltinKeywords.groovy:334)
	at sayfalar.girisSayfasi.login(girisSayfasi.groovy:50)
	at ✽.Kullanıcı adı ELOGO6 ve Şifre 123456 olarak giriş yapılır(C:/Users/DELL/Documents/GitHub/EES_KatalonLogo/Include/features/e-Irsaliye/e-Irsaliye Araclari/e-Irsaliye Olusturma/Ekle/TCKN-Temel Irsaliye-Sevk Tipinde.feature:4)
Caused by: com.kms.katalon.core.exception.StepFailedException: Unable to get the title of the current window
	at com.kms.katalon.core.webui.keyword.internal.WebUIKeywordMain.stepFailed(WebUIKeywordMain.groovy:64)
	at com.kms.katalon.core.webui.keyword.internal.WebUIKeywordMain.runKeyword(WebUIKeywordMain.groovy:26)
	at com.kms.katalon.core.webui.keyword.builtin.GetWindowTitleKeyword.getWindowTitle(GetWindowTitleKeyword.groovy:71)
	at com.kms.katalon.core.webui.keyword.builtin.GetWindowTitleKeyword.execute(GetWindowTitleKeyword.groovy:66)
	at com.kms.katalon.core.keyword.internal.KeywordExecutor.executeKeywordForPlatform(KeywordExecutor.groovy:73)
	at com.kms.katalon.core.webui.keyword.WebUiBuiltInKeywords.getWindowTitle(WebUiBuiltInKeywords.groovy:212)
	at com.kms.katalon.core.webui.keyword.WebUiBuiltInKeywords$getWindowTitle$1.call(Unknown Source)
	at Login.run(Login:22)
	at com.kms.katalon.core.main.ScriptEngine.run(ScriptEngine.java:194)
	at com.kms.katalon.core.main.ScriptEngine.runScriptAsRawText(ScriptEngine.java:119)
	at com.kms.katalon.core.main.TestCaseExecutor.runScript(TestCaseExecutor.java:369)
	at com.kms.katalon.core.main.TestCaseExecutor.doExecute(TestCaseExecutor.java:360)
	at com.kms.katalon.core.main.TestCaseExecutor.processExecutionPhase(TestCaseExecutor.java:339)
	at com.kms.katalon.core.main.TestCaseExecutor.accessMainPhase(TestCaseExecutor.java:331)
	at com.kms.katalon.core.main.TestCaseExecutor.execute(TestCaseExecutor.java:248)
	at com.kms.katalon.core.main.TestCaseMain.runTestCase(TestCaseMain.java:138)
	at com.kms.katalon.core.keyword.builtin.CallTestCaseKeyword$_callTestCase_closure1.doCall(CallTestCaseKeyword.groovy:59)
	at com.kms.katalon.core.keyword.builtin.CallTestCaseKeyword$_callTestCase_closure1.call(CallTestCaseKeyword.groovy)
	at com.kms.katalon.core.keyword.internal.KeywordMain.runKeyword(KeywordMain.groovy:68)
	at com.kms.katalon.core.keyword.builtin.CallTestCaseKeyword.callTestCase(CallTestCaseKeyword.groovy:81)
	at com.kms.katalon.core.keyword.builtin.CallTestCaseKeyword.execute(CallTestCaseKeyword.groovy:44)
	at com.kms.katalon.core.keyword.internal.KeywordExecutor.executeKeywordForPlatform(KeywordExecutor.groovy:73)
	at com.kms.katalon.core.keyword.BuiltinKeywords.callTestCase(BuiltinKeywords.groovy:334)
	at sayfalar.girisSayfasi.login(girisSayfasi.groovy:50)
	at cucumber.runtime.Utils$1.call(Utils.java:26)
	at cucumber.runtime.Timeout.timeout(Timeout.java:16)
	at cucumber.runtime.Utils.invoke(Utils.java:20)
	at cucumber.runtime.java.JavaStepDefinition.execute(JavaStepDefinition.java:49)
	at cucumber.runner.PickleStepDefinitionMatch.runStep(PickleStepDefinitionMatch.java:50)
	at cucumber.runner.TestStep.executeStep(TestStep.java:63)
	at cucumber.runner.TestStep.run(TestStep.java:49)
	at cucumber.runner.PickleStepTestStep.run(PickleStepTestStep.java:43)
	at cucumber.runner.TestCase.run(TestCase.java:44)
	at cucumber.runner.Runner.runPickle(Runner.java:40)
	at cucumber.runtime.Runtime$1.run(Runtime.java:84)
	at cucumber.runtime.Runtime$SameThreadExecutorService.execute(Runtime.java:220)
	at cucumber.runtime.Runtime.run(Runtime.java:81)
	at cucumber.api.cli.Main.run(Main.java:26)
	at cucumber.api.cli.Main$run.call(Unknown Source)
	at com.kms.katalon.core.cucumber.keyword.CucumberBuiltinKeywords$_runFeatureFile_closure1.doCall(CucumberBuiltinKeywords.groovy:106)
	at com.kms.katalon.core.cucumber.keyword.CucumberBuiltinKeywords$_runFeatureFile_closure1.doCall(CucumberBuiltinKeywords.groovy)
	at com.kms.katalon.core.keyword.internal.KeywordMain.runKeyword(KeywordMain.groovy:68)
	at com.kms.katalon.core.keyword.internal.KeywordMain$runKeyword.call(Unknown Source)
	at com.kms.katalon.core.cucumber.keyword.CucumberBuiltinKeywords.runFeatureFile(CucumberBuiltinKeywords.groovy:73)
	at com.kms.katalon.core.cucumber.keyword.CucumberBuiltinKeywords$runFeatureFile$0.callStatic(Unknown Source)
	at com.kms.katalon.core.cucumber.keyword.CucumberBuiltinKeywords.runFeatureFile(CucumberBuiltinKeywords.groovy:246)
	at com.kms.katalon.core.cucumber.keyword.CucumberBuiltinKeywords$runFeatureFile.call(Unknown Source)
	at TCKN-Temel Irsaliye-Sevk Tipinde.run(TCKN-Temel Irsaliye-Sevk Tipinde:17)
	at com.kms.katalon.core.main.ScriptEngine.run(ScriptEngine.java:194)
	at com.kms.katalon.core.main.ScriptEngine.runScriptAsRawText(ScriptEngine.java:119)
	at com.kms.katalon.core.main.TestCaseExecutor.runScript(TestCaseExecutor.java:369)
	at com.kms.katalon.core.main.TestCaseExecutor.doExecute(TestCaseExecutor.java:360)
	at com.kms.katalon.core.main.TestCaseExecutor.processExecutionPhase(TestCaseExecutor.java:339)
	at com.kms.katalon.core.main.TestCaseExecutor.accessMainPhase(TestCaseExecutor.java:331)
	at com.kms.katalon.core.main.TestCaseExecutor.execute(TestCaseExecutor.java:248)
	at com.kms.katalon.core.main.TestSuiteExecutor.accessTestCaseMainPhase(TestSuiteExecutor.java:191)
	at com.kms.katalon.core.main.TestSuiteExecutor.accessTestSuiteMainPhase(TestSuiteExecutor.java:140)
	at com.kms.katalon.core.main.TestSuiteExecutor.execute(TestSuiteExecutor.java:89)
	at com.kms.katalon.core.main.TestCaseMain.startTestSuite(TestCaseMain.java:181)
	at com.kms.katalon.core.main.TestCaseMain$startTestSuite$0.call(Unknown Source)
	at TempTestSuite1637650008144.run(TempTestSuite1637650008144.groovy:39)
Caused by: org.openqa.selenium.NoSuchSessionException: Session ID is null. Using WebDriver after calling quit()?
Build info: version: '3.141.59', revision: 'e82be7d358', time: '2018-11-14T08:25:53'
System info: host: 'DESKTOP-QBVMTUG', ip: '192.168.1.24', os.name: 'Windows 10', os.arch: 'amd64', os.version: '10.0', java.version: '1.8.0_282'
Driver info: driver.version: RemoteWebDriver
	at org.openqa.selenium.remote.HttpCommandExecutor.execute(HttpCommandExecutor.java:125)
	at org.openqa.selenium.remote.service.DriverCommandExecutor.execute(DriverCommandExecutor.java:83)
	at org.openqa.selenium.remote.RemoteWebDriver.execute(RemoteWebDriver.java:552)
	at com.kms.katalon.selenium.driver.CChromeDriver.execute(CChromeDriver.java:19)
	at org.openqa.selenium.remote.RemoteWebDriver.execute(RemoteWebDriver.java:609)
	at org.openqa.selenium.remote.RemoteWebDriver.getTitle(RemoteWebDriver.java:281)
	at com.kms.katalon.core.webui.keyword.builtin.GetWindowTitleKeyword$_getWindowTitle_closure1.doCall(GetWindowTitleKeyword.groovy:73)
	at com.kms.katalon.core.webui.keyword.builtin.GetWindowTitleKeyword$_getWindowTitle_closure1.call(GetWindowTitleKeyword.groovy)
	at com.kms.katalon.core.webui.keyword.internal.WebUIKeywordMain.runKeyword(WebUIKeywordMain.groovy:20)
	... 59 more


2021-11-23 10:04:22 - [TEST_STEP][FAILED] - Kullanıcı adı ELOGO6 ve Şifre 123456 olarak giriş yapılır: Kullanıcı adı ELOGO6 ve Şifre 123456 olarak giriş yapılır FAILED.
Reason:
com.kms.katalon.core.exception.StepFailedException: Call Test Case 'Test Cases/Sayfalar/Giris_Sayfasi/Login' failed
	at com.kms.katalon.core.keyword.builtin.CallTestCaseKeyword$_callTestCase_closure1.doCall(CallTestCaseKeyword.groovy:63)
	at com.kms.katalon.core.keyword.builtin.CallTestCaseKeyword$_callTestCase_closure1.call(CallTestCaseKeyword.groovy)
	at com.kms.katalon.core.keyword.internal.KeywordMain.runKeyword(KeywordMain.groovy:68)
	at com.kms.katalon.core.keyword.builtin.CallTestCaseKeyword.callTestCase(CallTestCaseKeyword.groovy:81)
	at com.kms.katalon.core.keyword.builtin.CallTestCaseKeyword.execute(CallTestCaseKeyword.groovy:44)
	at com.kms.katalon.core.keyword.internal.KeywordExecutor.executeKeywordForPlatform(KeywordExecutor.groovy:73)
	at com.kms.katalon.core.keyword.BuiltinKeywords.callTestCase(BuiltinKeywords.groovy:334)
	at sayfalar.girisSayfasi.login(girisSayfasi.groovy:50)
	at ✽.Kullanıcı adı ELOGO6 ve Şifre 123456 olarak giriş yapılır(C:/Users/DELL/Documents/GitHub/EES_KatalonLogo/Include/features/e-Irsaliye/e-Irsaliye Araclari/e-Irsaliye Olusturma/Ekle/TCKN-Temel Irsaliye-Sevk Tipinde.feature:4)
Caused by: com.kms.katalon.core.exception.StepFailedException: Unable to get the title of the current window
	at com.kms.katalon.core.webui.keyword.internal.WebUIKeywordMain.stepFailed(WebUIKeywordMain.groovy:64)
	at com.kms.katalon.core.webui.keyword.internal.WebUIKeywordMain.runKeyword(WebUIKeywordMain.groovy:26)
	at com.kms.katalon.core.webui.keyword.builtin.GetWindowTitleKeyword.getWindowTitle(GetWindowTitleKeyword.groovy:71)
	at com.kms.katalon.core.webui.keyword.builtin.GetWindowTitleKeyword.execute(GetWindowTitleKeyword.groovy:66)
	at com.kms.katalon.core.keyword.internal.KeywordExecutor.executeKeywordForPlatform(KeywordExecutor.groovy:73)
	at com.kms.katalon.core.webui.keyword.WebUiBuiltInKeywords.getWindowTitle(WebUiBuiltInKeywords.groovy:212)
	at com.kms.katalon.core.webui.keyword.WebUiBuiltInKeywords$getWindowTitle$1.call(Unknown Source)
	at Login.run(Login:22)
	at com.kms.katalon.core.main.ScriptEngine.run(ScriptEngine.java:194)
	at com.kms.katalon.core.main.ScriptEngine.runScriptAsRawText(ScriptEngine.java:119)
	at com.kms.katalon.core.main.TestCaseExecutor.runScript(TestCaseExecutor.java:369)
	at com.kms.katalon.core.main.TestCaseExecutor.doExecute(TestCaseExecutor.java:360)
	at com.kms.katalon.core.main.TestCaseExecutor.processExecutionPhase(TestCaseExecutor.java:339)
	at com.kms.katalon.core.main.TestCaseExecutor.accessMainPhase(TestCaseExecutor.java:331)
	at com.kms.katalon.core.main.TestCaseExecutor.execute(TestCaseExecutor.java:248)
	at com.kms.katalon.core.main.TestCaseMain.runTestCase(TestCaseMain.java:138)
	at com.kms.katalon.core.keyword.builtin.CallTestCaseKeyword$_callTestCase_closure1.doCall(CallTestCaseKeyword.groovy:59)
	at com.kms.katalon.core.keyword.builtin.CallTestCaseKeyword$_callTestCase_closure1.call(CallTestCaseKeyword.groovy)
	at com.kms.katalon.core.keyword.internal.KeywordMain.runKeyword(KeywordMain.groovy:68)
	at com.kms.katalon.core.keyword.builtin.CallTestCaseKeyword.callTestCase(CallTestCaseKeyword.groovy:81)
	at com.kms.katalon.core.keyword.builtin.CallTestCaseKeyword.execute(CallTestCaseKeyword.groovy:44)
	at com.kms.katalon.core.keyword.internal.KeywordExecutor.executeKeywordForPlatform(KeywordExecutor.groovy:73)
	at com.kms.katalon.core.keyword.BuiltinKeywords.callTestCase(BuiltinKeywords.groovy:334)
	at sayfalar.girisSayfasi.login(girisSayfasi.groovy:50)
	at cucumber.runtime.Utils$1.call(Utils.java:26)
	at cucumber.runtime.Timeout.timeout(Timeout.java:16)
	at cucumber.runtime.Utils.invoke(Utils.java:20)
	at cucumber.runtime.java.JavaStepDefinition.execute(JavaStepDefinition.java:49)
	at cucumber.runner.PickleStepDefinitionMatch.runStep(PickleStepDefinitionMatch.java:50)
	at cucumber.runner.TestStep.executeStep(TestStep.java:63)
	at cucumber.runner.TestStep.run(TestStep.java:49)
	at cucumber.runner.PickleStepTestStep.run(PickleStepTestStep.java:43)
	at cucumber.runner.TestCase.run(TestCase.java:44)
	at cucumber.runner.Runner.runPickle(Runner.java:40)
	at cucumber.runtime.Runtime$1.run(Runtime.java:84)
	at cucumber.runtime.Runtime$SameThreadExecutorService.execute(Runtime.java:220)
	at cucumber.runtime.Runtime.run(Runtime.java:81)
	at cucumber.api.cli.Main.run(Main.java:26)
	at cucumber.api.cli.Main$run.call(Unknown Source)
	at com.kms.katalon.core.cucumber.keyword.CucumberBuiltinKeywords$_runFeatureFile_closure1.doCall(CucumberBuiltinKeywords.groovy:106)
	at com.kms.katalon.core.cucumber.keyword.CucumberBuiltinKeywords$_runFeatureFile_closure1.doCall(CucumberBuiltinKeywords.groovy)
	at com.kms.katalon.core.keyword.internal.KeywordMain.runKeyword(KeywordMain.groovy:68)
	at com.kms.katalon.core.keyword.internal.KeywordMain$runKeyword.call(Unknown Source)
	at com.kms.katalon.core.cucumber.keyword.CucumberBuiltinKeywords.runFeatureFile(CucumberBuiltinKeywords.groovy:73)
	at com.kms.katalon.core.cucumber.keyword.CucumberBuiltinKeywords$runFeatureFile$0.callStatic(Unknown Source)
	at com.kms.katalon.core.cucumber.keyword.CucumberBuiltinKeywords.runFeatureFile(CucumberBuiltinKeywords.groovy:246)
	at com.kms.katalon.core.cucumber.keyword.CucumberBuiltinKeywords$runFeatureFile.call(Unknown Source)
	at TCKN-Temel Irsaliye-Sevk Tipinde.run(TCKN-Temel Irsaliye-Sevk Tipinde:17)
	at com.kms.katalon.core.main.ScriptEngine.run(ScriptEngine.java:194)
	at com.kms.katalon.core.main.ScriptEngine.runScriptAsRawText(ScriptEngine.java:119)
	at com.kms.katalon.core.main.TestCaseExecutor.runScript(TestCaseExecutor.java:369)
	at com.kms.katalon.core.main.TestCaseExecutor.doExecute(TestCaseExecutor.java:360)
	at com.kms.katalon.core.main.TestCaseExecutor.processExecutionPhase(TestCaseExecutor.java:339)
	at com.kms.katalon.core.main.TestCaseExecutor.accessMainPhase(TestCaseExecutor.java:331)
	at com.kms.katalon.core.main.TestCaseExecutor.execute(TestCaseExecutor.java:248)
	at com.kms.katalon.core.main.TestSuiteExecutor.accessTestCaseMainPhase(TestSuiteExecutor.java:191)
	at com.kms.katalon.core.main.TestSuiteExecutor.accessTestSuiteMainPhase(TestSuiteExecutor.java:140)
	at com.kms.katalon.core.main.TestSuiteExecutor.execute(TestSuiteExecutor.java:89)
	at com.kms.katalon.core.main.TestCaseMain.startTestSuite(TestCaseMain.java:181)
	at com.kms.katalon.core.main.TestCaseMain$startTestSuite$0.call(Unknown Source)
	at TempTestSuite1637650008144.run(TempTestSuite1637650008144.groovy:39)
Caused by: org.openqa.selenium.NoSuchSessionException: Session ID is null. Using WebDriver after calling quit()?
Build info: version: '3.141.59', revision: 'e82be7d358', time: '2018-11-14T08:25:53'
System info: host: 'DESKTOP-QBVMTUG', ip: '192.168.1.24', os.name: 'Windows 10', os.arch: 'amd64', os.version: '10.0', java.version: '1.8.0_282'
Driver info: driver.version: RemoteWebDriver
	at org.openqa.selenium.remote.HttpCommandExecutor.execute(HttpCommandExecutor.java:125)
	at org.openqa.selenium.remote.service.DriverCommandExecutor.execute(DriverCommandExecutor.java:83)
	at org.openqa.selenium.remote.RemoteWebDriver.execute(RemoteWebDriver.java:552)
	at com.kms.katalon.selenium.driver.CChromeDriver.execute(CChromeDriver.java:19)
	at org.openqa.selenium.remote.RemoteWebDriver.execute(RemoteWebDriver.java:609)
	at org.openqa.selenium.remote.RemoteWebDriver.getTitle(RemoteWebDriver.java:281)
	at com.kms.katalon.core.webui.keyword.builtin.GetWindowTitleKeyword$_getWindowTitle_closure1.doCall(GetWindowTitleKeyword.groovy:73)
	at com.kms.katalon.core.webui.keyword.builtin.GetWindowTitleKeyword$_getWindowTitle_closure1.call(GetWindowTitleKeyword.groovy)
	at com.kms.katalon.core.webui.keyword.internal.WebUIKeywordMain.runKeyword(WebUIKeywordMain.groovy:20)
	... 59 more


2021-11-23 10:04:22 - [MESSAGE][FAILED] - Kullanıcı adı ELOGO6 ve Şifre 123456 olarak giriş yapılır FAILED.
Reason:
com.kms.katalon.core.exception.StepFailedException: Call Test Case 'Test Cases/Sayfalar/Giris_Sayfasi/Login' failed
	at com.kms.katalon.core.keyword.builtin.CallTestCaseKeyword$_callTestCase_closure1.doCall(CallTestCaseKeyword.groovy:63)
	at com.kms.katalon.core.keyword.builtin.CallTestCaseKeyword$_callTestCase_closure1.call(CallTestCaseKeyword.groovy)
	at com.kms.katalon.core.keyword.internal.KeywordMain.runKeyword(KeywordMain.groovy:68)
	at com.kms.katalon.core.keyword.builtin.CallTestCaseKeyword.callTestCase(CallTestCaseKeyword.groovy:81)
	at com.kms.katalon.core.keyword.builtin.CallTestCaseKeyword.execute(CallTestCaseKeyword.groovy:44)
	at com.kms.katalon.core.keyword.internal.KeywordExecutor.executeKeywordForPlatform(KeywordExecutor.groovy:73)
	at com.kms.katalon.core.keyword.BuiltinKeywords.callTestCase(BuiltinKeywords.groovy:334)
	at sayfalar.girisSayfasi.login(girisSayfasi.groovy:50)
	at ✽.Kullanıcı adı ELOGO6 ve Şifre 123456 olarak giriş yapılır(C:/Users/DELL/Documents/GitHub/EES_KatalonLogo/Include/features/e-Irsaliye/e-Irsaliye Araclari/e-Irsaliye Olusturma/Ekle/TCKN-Temel Irsaliye-Sevk Tipinde.feature:4)
Caused by: com.kms.katalon.core.exception.StepFailedException: Unable to get the title of the current window
	at com.kms.katalon.core.webui.keyword.internal.WebUIKeywordMain.stepFailed(WebUIKeywordMain.groovy:64)
	at com.kms.katalon.core.webui.keyword.internal.WebUIKeywordMain.runKeyword(WebUIKeywordMain.groovy:26)
	at com.kms.katalon.core.webui.keyword.builtin.GetWindowTitleKeyword.getWindowTitle(GetWindowTitleKeyword.groovy:71)
	at com.kms.katalon.core.webui.keyword.builtin.GetWindowTitleKeyword.execute(GetWindowTitleKeyword.groovy:66)
	at com.kms.katalon.core.keyword.internal.KeywordExecutor.executeKeywordForPlatform(KeywordExecutor.groovy:73)
	at com.kms.katalon.core.webui.keyword.WebUiBuiltInKeywords.getWindowTitle(WebUiBuiltInKeywords.groovy:212)
	at com.kms.katalon.core.webui.keyword.WebUiBuiltInKeywords$getWindowTitle$1.call(Unknown Source)
	at Login.run(Login:22)
	at com.kms.katalon.core.main.ScriptEngine.run(ScriptEngine.java:194)
	at com.kms.katalon.core.main.ScriptEngine.runScriptAsRawText(ScriptEngine.java:119)
	at com.kms.katalon.core.main.TestCaseExecutor.runScript(TestCaseExecutor.java:369)
	at com.kms.katalon.core.main.TestCaseExecutor.doExecute(TestCaseExecutor.java:360)
	at com.kms.katalon.core.main.TestCaseExecutor.processExecutionPhase(TestCaseExecutor.java:339)
	at com.kms.katalon.core.main.TestCaseExecutor.accessMainPhase(TestCaseExecutor.java:331)
	at com.kms.katalon.core.main.TestCaseExecutor.execute(TestCaseExecutor.java:248)
	at com.kms.katalon.core.main.TestCaseMain.runTestCase(TestCaseMain.java:138)
	at com.kms.katalon.core.keyword.builtin.CallTestCaseKeyword$_callTestCase_closure1.doCall(CallTestCaseKeyword.groovy:59)
	at com.kms.katalon.core.keyword.builtin.CallTestCaseKeyword$_callTestCase_closure1.call(CallTestCaseKeyword.groovy)
	at com.kms.katalon.core.keyword.internal.KeywordMain.runKeyword(KeywordMain.groovy:68)
	at com.kms.katalon.core.keyword.builtin.CallTestCaseKeyword.callTestCase(CallTestCaseKeyword.groovy:81)
	at com.kms.katalon.core.keyword.builtin.CallTestCaseKeyword.execute(CallTestCaseKeyword.groovy:44)
	at com.kms.katalon.core.keyword.internal.KeywordExecutor.executeKeywordForPlatform(KeywordExecutor.groovy:73)
	at com.kms.katalon.core.keyword.BuiltinKeywords.callTestCase(BuiltinKeywords.groovy:334)
	at sayfalar.girisSayfasi.login(girisSayfasi.groovy:50)
	at cucumber.runtime.Utils$1.call(Utils.java:26)
	at cucumber.runtime.Timeout.timeout(Timeout.java:16)
	at cucumber.runtime.Utils.invoke(Utils.java:20)
	at cucumber.runtime.java.JavaStepDefinition.execute(JavaStepDefinition.java:49)
	at cucumber.runner.PickleStepDefinitionMatch.runStep(PickleStepDefinitionMatch.java:50)
	at cucumber.runner.TestStep.executeStep(TestStep.java:63)
	at cucumber.runner.TestStep.run(TestStep.java:49)
	at cucumber.runner.PickleStepTestStep.run(PickleStepTestStep.java:43)
	at cucumber.runner.TestCase.run(TestCase.java:44)
	at cucumber.runner.Runner.runPickle(Runner.java:40)
	at cucumber.runtime.Runtime$1.run(Runtime.java:84)
	at cucumber.runtime.Runtime$SameThreadExecutorService.execute(Runtime.java:220)
	at cucumber.runtime.Runtime.run(Runtime.java:81)
	at cucumber.api.cli.Main.run(Main.java:26)
	at cucumber.api.cli.Main$run.call(Unknown Source)
	at com.kms.katalon.core.cucumber.keyword.CucumberBuiltinKeywords$_runFeatureFile_closure1.doCall(CucumberBuiltinKeywords.groovy:106)
	at com.kms.katalon.core.cucumber.keyword.CucumberBuiltinKeywords$_runFeatureFile_closure1.doCall(CucumberBuiltinKeywords.groovy)
	at com.kms.katalon.core.keyword.internal.KeywordMain.runKeyword(KeywordMain.groovy:68)
	at com.kms.katalon.core.keyword.internal.KeywordMain$runKeyword.call(Unknown Source)
	at com.kms.katalon.core.cucumber.keyword.CucumberBuiltinKeywords.runFeatureFile(CucumberBuiltinKeywords.groovy:73)
	at com.kms.katalon.core.cucumber.keyword.CucumberBuiltinKeywords$runFeatureFile$0.callStatic(Unknown Source)
	at com.kms.katalon.core.cucumber.keyword.CucumberBuiltinKeywords.runFeatureFile(CucumberBuiltinKeywords.groovy:246)
	at com.kms.katalon.core.cucumber.keyword.CucumberBuiltinKeywords$runFeatureFile.call(Unknown Source)
	at TCKN-Temel Irsaliye-Sevk Tipinde.run(TCKN-Temel Irsaliye-Sevk Tipinde:17)
	at com.kms.katalon.core.main.ScriptEngine.run(ScriptEngine.java:194)
	at com.kms.katalon.core.main.ScriptEngine.runScriptAsRawText(ScriptEngine.java:119)
	at com.kms.katalon.core.main.TestCaseExecutor.runScript(TestCaseExecutor.java:369)
	at com.kms.katalon.core.main.TestCaseExecutor.doExecute(TestCaseExecutor.java:360)
	at com.kms.katalon.core.main.TestCaseExecutor.processExecutionPhase(TestCaseExecutor.java:339)
	at com.kms.katalon.core.main.TestCaseExecutor.accessMainPhase(TestCaseExecutor.java:331)
	at com.kms.katalon.core.main.TestCaseExecutor.execute(TestCaseExecutor.java:248)
	at com.kms.katalon.core.main.TestSuiteExecutor.accessTestCaseMainPhase(TestSuiteExecutor.java:191)
	at com.kms.katalon.core.main.TestSuiteExecutor.accessTestSuiteMainPhase(TestSuiteExecutor.java:140)
	at com.kms.katalon.core.main.TestSuiteExecutor.execute(TestSuiteExecutor.java:89)
	at com.kms.katalon.core.main.TestCaseMain.startTestSuite(TestCaseMain.java:181)
	at com.kms.katalon.core.main.TestCaseMain$startTestSuite$0.call(Unknown Source)
	at TempTestSuite1637650008144.run(TempTestSuite1637650008144.groovy:39)
Caused by: org.openqa.selenium.NoSuchSessionException: Session ID is null. Using WebDriver after calling quit()?
Build info: version: '3.141.59', revision: 'e82be7d358', time: '2018-11-14T08:25:53'
System info: host: 'DESKTOP-QBVMTUG', ip: '192.168.1.24', os.name: 'Windows 10', os.arch: 'amd64', os.version: '10.0', java.version: '1.8.0_282'
Driver info: driver.version: RemoteWebDriver
	at org.openqa.selenium.remote.HttpCommandExecutor.execute(HttpCommandExecutor.java:125)
	at org.openqa.selenium.remote.service.DriverCommandExecutor.execute(DriverCommandExecutor.java:83)
	at org.openqa.selenium.remote.RemoteWebDriver.execute(RemoteWebDriver.java:552)
	at com.kms.katalon.selenium.driver.CChromeDriver.execute(CChromeDriver.java:19)
	at org.openqa.selenium.remote.RemoteWebDriver.execute(RemoteWebDriver.java:609)
	at org.openqa.selenium.remote.RemoteWebDriver.getTitle(RemoteWebDriver.java:281)
	at com.kms.katalon.core.webui.keyword.builtin.GetWindowTitleKeyword$_getWindowTitle_closure1.doCall(GetWindowTitleKeyword.groovy:73)
	at com.kms.katalon.core.webui.keyword.builtin.GetWindowTitleKeyword$_getWindowTitle_closure1.call(GetWindowTitleKeyword.groovy)
	at com.kms.katalon.core.webui.keyword.internal.WebUIKeywordMain.runKeyword(WebUIKeywordMain.groovy:20)
	... 59 more


2021-11-23 10:04:22 - [TEST_STEP][NOT_RUN] - Ana menüden e-İrsaliye seçilir: Ana menüden e-İrsaliye seçilir

2021-11-23 10:04:22 - [MESSAGE][NOT_RUN] - Ana menüden e-İrsaliye seçilir

2021-11-23 10:04:22 - [TEST_STEP][NOT_RUN] - Alt menü e-İrsaliye Araçları başlığı altındaki e-İrsaliye Oluşturma seçilir: Alt menü e-İrsaliye Araçları başlığı altındaki e-İrsaliye Oluşturma seçilir

2021-11-23 10:04:22 - [MESSAGE][NOT_RUN] - Alt menü e-İrsaliye Araçları başlığı altındaki e-İrsaliye Oluşturma seçilir

2021-11-23 10:04:22 - [TEST_STEP][NOT_RUN] - Tablodaki tüm veriler silinir: Tablodaki tüm veriler silinir

2021-11-23 10:04:22 - [MESSAGE][NOT_RUN] - Tablodaki tüm veriler silinir

2021-11-23 10:04:22 - [TEST_STEP][NOT_RUN] - Butonlardan Ekle isimli butona tıklanır: Butonlardan Ekle isimli butona tıklanır

2021-11-23 10:04:22 - [MESSAGE][NOT_RUN] - Butonlardan Ekle isimli butona tıklanır

2021-11-23 10:04:22 - [TEST_STEP][NOT_RUN] - Görsel tasarım sayfasının İrsaliye Bilgileri başlığını içerdiği kontrol edilir: Görsel tasarım sayfasının İrsaliye Bilgileri başlığını içerdiği kontrol edilir

2021-11-23 10:04:22 - [MESSAGE][NOT_RUN] - Görsel tasarım sayfasının İrsaliye Bilgileri başlığını içerdiği kontrol edilir

2021-11-23 10:04:22 - [TEST_STEP][NOT_RUN] - Alıcı adı alanına UC0099 girilir: Alıcı adı alanına UC0099 girilir

2021-11-23 10:04:22 - [MESSAGE][NOT_RUN] - Alıcı adı alanına UC0099 girilir

2021-11-23 10:04:22 - [TEST_STEP][NOT_RUN] - Senaryo alanından Temel İrsaliye seçilir: Senaryo alanından Temel İrsaliye seçilir

2021-11-23 10:04:22 - [MESSAGE][NOT_RUN] - Senaryo alanından Temel İrsaliye seçilir

2021-11-23 10:04:22 - [TEST_STEP][NOT_RUN] - Farklı Teslimat Adres Tanımı adres,Türkiye,Isparta,Yalvaç,32400 olarak girilir: Farklı Teslimat Adres Tanımı adres,Türkiye,Isparta,Yalvaç,32400 olarak girilir

2021-11-23 10:04:22 - [MESSAGE][NOT_RUN] - Farklı Teslimat Adres Tanımı adres,Türkiye,Isparta,Yalvaç,32400 olarak girilir

2021-11-23 10:04:22 - [TEST_STEP][NOT_RUN] - Ekle butonuna basılır: Ekle butonuna basılır

2021-11-23 10:04:22 - [MESSAGE][NOT_RUN] - Ekle butonuna basılır

2021-11-23 10:04:22 - [TEST_STEP][NOT_RUN] - Ürün ekleme alanında Malzeme Adı başlığına Otomasyon girilir: Ürün ekleme alanında Malzeme Adı başlığına Otomasyon girilir

2021-11-23 10:04:22 - [MESSAGE][NOT_RUN] - Ürün ekleme alanında Malzeme Adı başlığına Otomasyon girilir

2021-11-23 10:04:22 - [TEST_STEP][NOT_RUN] - Ürün ekleme alanında Açıklaması başlığına Virgosol girilir: Ürün ekleme alanında Açıklaması başlığına Virgosol girilir

2021-11-23 10:04:22 - [MESSAGE][NOT_RUN] - Ürün ekleme alanında Açıklaması başlığına Virgosol girilir

2021-11-23 10:04:22 - [TEST_STEP][NOT_RUN] - Ürün ekleme alanında Miktarı başlığına 350 girilir: Ürün ekleme alanında Miktarı başlığına 350 girilir

2021-11-23 10:04:22 - [MESSAGE][NOT_RUN] - Ürün ekleme alanında Miktarı başlığına 350 girilir

2021-11-23 10:04:22 - [TEST_STEP][NOT_RUN] - Ürün ekleme alanında Birim Fiyat başlığına 150 girilir: Ürün ekleme alanında Birim Fiyat başlığına 150 girilir

2021-11-23 10:04:22 - [MESSAGE][NOT_RUN] - Ürün ekleme alanında Birim Fiyat başlığına 150 girilir

2021-11-23 10:04:22 - [TEST_STEP][NOT_RUN] - Şöför Bilgileri Virgosol,Otomasyon,11111111110 olarak girilir: Şöför Bilgileri Virgosol,Otomasyon,11111111110 olarak girilir

2021-11-23 10:04:22 - [MESSAGE][NOT_RUN] - Şöför Bilgileri Virgosol,Otomasyon,11111111110 olarak girilir

2021-11-23 10:04:22 - [TEST_STEP][NOT_RUN] - Notlar alanına Otomasyon Gerçek Kullanıcı girilir: Notlar alanına Otomasyon Gerçek Kullanıcı girilir

2021-11-23 10:04:22 - [MESSAGE][NOT_RUN] - Notlar alanına Otomasyon Gerçek Kullanıcı girilir

2021-11-23 10:04:22 - [TEST_STEP][NOT_RUN] - E-Irsaliye Ettn bilgisi kayıt edilir: E-Irsaliye Ettn bilgisi kayıt edilir

2021-11-23 10:04:22 - [MESSAGE][NOT_RUN] - E-Irsaliye Ettn bilgisi kayıt edilir

2021-11-23 10:04:22 - [TEST_STEP][NOT_RUN] - Kaydet butonu seçilir: Kaydet butonu seçilir

2021-11-23 10:04:22 - [MESSAGE][NOT_RUN] - Kaydet butonu seçilir

2021-11-23 10:04:22 - [TEST_STEP][NOT_RUN] - Tabloda Test Kurum 6 ünvanlı veri oluşturuldu mu: Tabloda Test Kurum 6 ünvanlı veri oluşturuldu mu

2021-11-23 10:04:22 - [MESSAGE][NOT_RUN] - Tabloda Test Kurum 6 ünvanlı veri oluşturuldu mu

2021-11-23 10:04:22 - [TEST_STEP][NOT_RUN] - Tablodan Test Kurum 6 isimli veri seçilir: Tablodan Test Kurum 6 isimli veri seçilir

2021-11-23 10:04:22 - [MESSAGE][NOT_RUN] - Tablodan Test Kurum 6 isimli veri seçilir

2021-11-23 10:04:22 - [TEST_STEP][NOT_RUN] - Butonlardan Değiştir isimli butona tıklanır: Butonlardan Değiştir isimli butona tıklanır

2021-11-23 10:04:22 - [MESSAGE][NOT_RUN] - Butonlardan Değiştir isimli butona tıklanır

2021-11-23 10:04:22 - [TEST_STEP][NOT_RUN] - Görsel tasarım sayfasının İrsaliye Bilgileri başlığını içerdiği kontrol edilir: Görsel tasarım sayfasının İrsaliye Bilgileri başlığını içerdiği kontrol edilir

2021-11-23 10:04:22 - [MESSAGE][NOT_RUN] - Görsel tasarım sayfasının İrsaliye Bilgileri başlığını içerdiği kontrol edilir

2021-11-23 10:04:22 - [TEST_STEP][NOT_RUN] - Notlar alanına Otomasyon Not Değiştir girilir: Notlar alanına Otomasyon Not Değiştir girilir

2021-11-23 10:04:22 - [MESSAGE][NOT_RUN] - Notlar alanına Otomasyon Not Değiştir girilir

2021-11-23 10:04:22 - [TEST_STEP][NOT_RUN] - Kaydet butonu seçilir: Kaydet butonu seçilir

2021-11-23 10:04:22 - [MESSAGE][NOT_RUN] - Kaydet butonu seçilir

2021-11-23 10:04:22 - [TEST_STEP][NOT_RUN] - Tabloda Test Kurum 6 ünvanlı veri oluşturuldu mu: Tabloda Test Kurum 6 ünvanlı veri oluşturuldu mu

2021-11-23 10:04:22 - [MESSAGE][NOT_RUN] - Tabloda Test Kurum 6 ünvanlı veri oluşturuldu mu

2021-11-23 10:04:22 - [TEST_STEP][NOT_RUN] - Tablodan Test Kurum 6 isimli veri seçilir: Tablodan Test Kurum 6 isimli veri seçilir

2021-11-23 10:04:22 - [MESSAGE][NOT_RUN] - Tablodan Test Kurum 6 isimli veri seçilir

2021-11-23 10:04:22 - [TEST_STEP][NOT_RUN] - Butonlardan Numara Oluştur isimli butona tıklanır: Butonlardan Numara Oluştur isimli butona tıklanır

2021-11-23 10:04:22 - [MESSAGE][NOT_RUN] - Butonlardan Numara Oluştur isimli butona tıklanır

2021-11-23 10:04:22 - [TEST_STEP][NOT_RUN] - Popup mesajı Devam etmek istiyor musunuz içeriyor mu: Popup mesajı Devam etmek istiyor musunuz içeriyor mu

2021-11-23 10:04:22 - [MESSAGE][NOT_RUN] - Popup mesajı Devam etmek istiyor musunuz içeriyor mu

2021-11-23 10:04:22 - [TEST_STEP][NOT_RUN] - Yönetim popupında Evet seçilir: Yönetim popupında Evet seçilir

2021-11-23 10:04:22 - [MESSAGE][NOT_RUN] - Yönetim popupında Evet seçilir

2021-11-23 10:04:22 - [TEST_STEP][NOT_RUN] - Popup mesajı oluşmuştur içeriyor mu: Popup mesajı oluşmuştur içeriyor mu

2021-11-23 10:04:22 - [MESSAGE][NOT_RUN] - Popup mesajı oluşmuştur içeriyor mu

2021-11-23 10:04:22 - [TEST_STEP][NOT_RUN] - Yönetim popupında Tamam seçilir: Yönetim popupında Tamam seçilir

2021-11-23 10:04:22 - [MESSAGE][NOT_RUN] - Yönetim popupında Tamam seçilir

2021-11-23 10:04:22 - [TEST_STEP][NOT_RUN] - Tablodan Test Kurum 6 isimli veri seçilir: Tablodan Test Kurum 6 isimli veri seçilir

2021-11-23 10:04:22 - [MESSAGE][NOT_RUN] - Tablodan Test Kurum 6 isimli veri seçilir

2021-11-23 10:04:22 - [TEST_STEP][NOT_RUN] - Butonlardan Göster isimli butona tıklanır: Butonlardan Göster isimli butona tıklanır

2021-11-23 10:04:22 - [MESSAGE][NOT_RUN] - Butonlardan Göster isimli butona tıklanır

2021-11-23 10:04:22 - [TEST_STEP][NOT_RUN] - Yeni açılan sekmeye geçilir: Yeni açılan sekmeye geçilir

2021-11-23 10:04:22 - [MESSAGE][NOT_RUN] - Yeni açılan sekmeye geçilir

2021-11-23 10:04:22 - [TEST_STEP][NOT_RUN] - Yeni sekme başlığında e-İRSALİYE var mı kontrol edilir: Yeni sekme başlığında e-İRSALİYE var mı kontrol edilir

2021-11-23 10:04:22 - [MESSAGE][NOT_RUN] - Yeni sekme başlığında e-İRSALİYE var mı kontrol edilir

2021-11-23 10:04:22 - [TEST_STEP][NOT_RUN] - Ana sekmeye geçilir: Ana sekmeye geçilir

2021-11-23 10:04:22 - [MESSAGE][NOT_RUN] - Ana sekmeye geçilir

2021-11-23 10:04:22 - [TEST_STEP][NOT_RUN] - Butonlardan UBL isimli butona tıklanır: Butonlardan UBL isimli butona tıklanır

2021-11-23 10:04:22 - [MESSAGE][NOT_RUN] - Butonlardan UBL isimli butona tıklanır

2021-11-23 10:04:22 - [TEST_STEP][NOT_RUN] - Yeni açılan sekmeye geçilir: Yeni açılan sekmeye geçilir

2021-11-23 10:04:22 - [MESSAGE][NOT_RUN] - Yeni açılan sekmeye geçilir

2021-11-23 10:04:22 - [TEST_STEP][NOT_RUN] - DespatchAdvice tagli ubl geldi mi: DespatchAdvice tagli ubl geldi mi

2021-11-23 10:04:22 - [MESSAGE][NOT_RUN] - DespatchAdvice tagli ubl geldi mi

2021-11-23 10:04:22 - [TEST_STEP][NOT_RUN] - Ana sekmeye geçilir: Ana sekmeye geçilir

2021-11-23 10:04:22 - [MESSAGE][NOT_RUN] - Ana sekmeye geçilir

2021-11-23 10:04:22 - [TEST_STEP][NOT_RUN] - Butonlardan Excel isimli butona tıklanır: Butonlardan Excel isimli butona tıklanır

2021-11-23 10:04:22 - [MESSAGE][NOT_RUN] - Butonlardan Excel isimli butona tıklanır

2021-11-23 10:04:22 - [TEST_STEP][NOT_RUN] - Alt butonlardan Excel'e Aktar butonuna tıklanır: Alt butonlardan Excel'e Aktar butonuna tıklanır

2021-11-23 10:04:22 - [MESSAGE][NOT_RUN] - Alt butonlardan Excel'e Aktar butonuna tıklanır

2021-11-23 10:04:22 - [TEST_STEP][NOT_RUN] - Ön eki İrsaliyeler olan dosya indirildi mi: Ön eki İrsaliyeler olan dosya indirildi mi

2021-11-23 10:04:22 - [MESSAGE][NOT_RUN] - Ön eki İrsaliyeler olan dosya indirildi mi

2021-11-23 10:04:22 - [TEST_STEP][NOT_RUN] - Butonlardan Excel isimli butona tıklanır: Butonlardan Excel isimli butona tıklanır

2021-11-23 10:04:22 - [MESSAGE][NOT_RUN] - Butonlardan Excel isimli butona tıklanır

2021-11-23 10:04:22 - [TEST_STEP][NOT_RUN] - Alt butonlardan Tümünü Excel'e Aktar butonuna tıklanır: Alt butonlardan Tümünü Excel'e Aktar butonuna tıklanır

2021-11-23 10:04:22 - [MESSAGE][NOT_RUN] - Alt butonlardan Tümünü Excel'e Aktar butonuna tıklanır

2021-11-23 10:04:22 - [TEST_STEP][NOT_RUN] - Ön eki İrsaliyeler olan dosya indirildi mi: Ön eki İrsaliyeler olan dosya indirildi mi

2021-11-23 10:04:22 - [MESSAGE][NOT_RUN] - Ön eki İrsaliyeler olan dosya indirildi mi

2021-11-23 10:04:22 - [TEST_STEP][NOT_RUN] - Butonlardan Gönder isimli butona tıklanır: Butonlardan Gönder isimli butona tıklanır

2021-11-23 10:04:22 - [MESSAGE][NOT_RUN] - Butonlardan Gönder isimli butona tıklanır

2021-11-23 10:04:22 - [TEST_STEP][NOT_RUN] - Popup mesajı Devam etmek istiyor musunuz içeriyor mu: Popup mesajı Devam etmek istiyor musunuz içeriyor mu

2021-11-23 10:04:22 - [MESSAGE][NOT_RUN] - Popup mesajı Devam etmek istiyor musunuz içeriyor mu

2021-11-23 10:04:22 - [TEST_STEP][NOT_RUN] - Yönetim popupında Evet seçilir: Yönetim popupında Evet seçilir

2021-11-23 10:04:22 - [MESSAGE][NOT_RUN] - Yönetim popupında Evet seçilir

2021-11-23 10:04:22 - [TEST_STEP][NOT_RUN] - Ana menüden e-İrsaliye seçilir: Ana menüden e-İrsaliye seçilir

2021-11-23 10:04:22 - [MESSAGE][NOT_RUN] - Ana menüden e-İrsaliye seçilir

2021-11-23 10:04:22 - [TEST_STEP][NOT_RUN] - Alt menü Giden Kutusu başlığı altındaki İrsaliyeler seçilir: Alt menü Giden Kutusu başlığı altındaki İrsaliyeler seçilir

2021-11-23 10:04:22 - [MESSAGE][NOT_RUN] - Alt menü Giden Kutusu başlığı altındaki İrsaliyeler seçilir

2021-11-23 10:04:22 - [TEST_STEP][NOT_RUN] - Filtrelerden Irsaliye Ettn filtresine Ettn bilgisi yaz: Filtrelerden Irsaliye Ettn filtresine Ettn bilgisi yaz

2021-11-23 10:04:22 - [MESSAGE][NOT_RUN] - Filtrelerden Irsaliye Ettn filtresine Ettn bilgisi yaz

2021-11-23 10:04:22 - [TEST_STEP][NOT_RUN] - Filtre butonlarından Listele seçilir: Filtre butonlarından Listele seçilir

2021-11-23 10:04:22 - [MESSAGE][NOT_RUN] - Filtre butonlarından Listele seçilir

2021-11-23 10:04:22 - [TEST_STEP][NOT_RUN] - Tabloda veri var mı kontrol edilir: Tabloda veri var mı kontrol edilir

2021-11-23 10:04:22 - [MESSAGE][NOT_RUN] - Tabloda veri var mı kontrol edilir

2021-11-23 10:04:22 - [TEST_STEP][NOT_RUN] - Tabloda yeni oluşturulan irsaliye verisi başarılı mı: Tabloda yeni oluşturulan irsaliye verisi başarılı mı

2021-11-23 10:04:22 - [MESSAGE][NOT_RUN] - Tabloda yeni oluşturulan irsaliye verisi başarılı mı

2021-11-23 10:04:22 - [TEST_STEP][NOT_RUN] - Kullanıcı işlemlerinden Çıkış seçilir: Kullanıcı işlemlerinden Çıkış seçilir

2021-11-23 10:04:22 - [MESSAGE][NOT_RUN] - Kullanıcı işlemlerinden Çıkış seçilir

2021-11-23 10:04:22 - [MESSAGE][FAILED] - Feature file 'Include/features/e-Irsaliye/e-Irsaliye Araclari/e-Irsaliye Olusturma/Ekle/TCKN-Temel Irsaliye-Sevk Tipinde.feature' was failed

2021-11-23 10:04:22 - [MESSAGE][FAILED] - Keyword runFeatureFile was failed (Root cause: com.kms.katalon.core.exception.StepFailedException: Feature file 'Include/features/e-Irsaliye/e-Irsaliye Araclari/e-Irsaliye Olusturma/Ekle/TCKN-Temel Irsaliye-Sevk Tipinde.feature' was failed
	at com.kms.katalon.core.keyword.internal.KeywordMain.stepFailed(KeywordMain.groovy:50)
	at com.kms.katalon.core.keyword.internal.KeywordMain.stepFailed(KeywordMain.groovy)
	at com.kms.katalon.core.keyword.internal.KeywordMain.stepFailed(KeywordMain.groovy:23)
	at com.kms.katalon.core.keyword.internal.KeywordMain$stepFailed$0.call(Unknown Source)
	at com.kms.katalon.core.cucumber.keyword.CucumberBuiltinKeywords$_runFeatureFile_closure1.doCall(CucumberBuiltinKeywords.groovy:112)
	at com.kms.katalon.core.cucumber.keyword.CucumberBuiltinKeywords$_runFeatureFile_closure1.doCall(CucumberBuiltinKeywords.groovy)
	at com.kms.katalon.core.keyword.internal.KeywordMain.runKeyword(KeywordMain.groovy:68)
	at com.kms.katalon.core.keyword.internal.KeywordMain$runKeyword.call(Unknown Source)
	at com.kms.katalon.core.cucumber.keyword.CucumberBuiltinKeywords.runFeatureFile(CucumberBuiltinKeywords.groovy:73)
	at com.kms.katalon.core.cucumber.keyword.CucumberBuiltinKeywords$runFeatureFile$0.callStatic(Unknown Source)
	at com.kms.katalon.core.cucumber.keyword.CucumberBuiltinKeywords.runFeatureFile(CucumberBuiltinKeywords.groovy:246)
	at com.kms.katalon.core.cucumber.keyword.CucumberBuiltinKeywords$runFeatureFile.call(Unknown Source)
	at TCKN-Temel Irsaliye-Sevk Tipinde.run(TCKN-Temel Irsaliye-Sevk Tipinde:17)
	at com.kms.katalon.core.main.ScriptEngine.run(ScriptEngine.java:194)
	at com.kms.katalon.core.main.ScriptEngine.runScriptAsRawText(ScriptEngine.java:119)
	at com.kms.katalon.core.main.TestCaseExecutor.runScript(TestCaseExecutor.java:369)
	at com.kms.katalon.core.main.TestCaseExecutor.doExecute(TestCaseExecutor.java:360)
	at com.kms.katalon.core.main.TestCaseExecutor.processExecutionPhase(TestCaseExecutor.java:339)
	at com.kms.katalon.core.main.TestCaseExecutor.accessMainPhase(TestCaseExecutor.java:331)
	at com.kms.katalon.core.main.TestCaseExecutor.execute(TestCaseExecutor.java:248)
	at com.kms.katalon.core.main.TestSuiteExecutor.accessTestCaseMainPhase(TestSuiteExecutor.java:191)
	at com.kms.katalon.core.main.TestSuiteExecutor.accessTestSuiteMainPhase(TestSuiteExecutor.java:140)
	at com.kms.katalon.core.main.TestSuiteExecutor.execute(TestSuiteExecutor.java:89)
	at com.kms.katalon.core.main.TestCaseMain.startTestSuite(TestCaseMain.java:181)
	at com.kms.katalon.core.main.TestCaseMain$startTestSuite$0.call(Unknown Source)
	at TempTestSuite1637650008144.run(TempTestSuite1637650008144.groovy:39)
)

2021-11-23 10:04:22 - [TEST_STEP][PASSED] - Start listener action : sampleAfterTestSuite: Invoke 'com.kms.katalon.core.annotation.AfterTestCase' method: 'Listener.sampleAfterTestSuite(...)' completed.

2021-11-23 10:04:22 - [MESSAGE][INFO] - Starting invoke 'com.kms.katalon.core.annotation.AfterTestCase' method: 'Listener.sampleAfterTestSuite(...)'

2021-11-23 10:04:22 - [TEST_STEP][PASSED] - closeBrowser(): Invoke 'com.kms.katalon.core.annotation.AfterTestCase' method: 'Listener.sampleAfterTestSuite(...)' completed.

2021-11-23 10:04:22 - [MESSAGE][INFO] - Closing browser

2021-11-23 10:04:22 - [MESSAGE][PASSED] - Browser is closed

2021-11-23 10:04:22 - [MESSAGE][INFO] - Invoke 'com.kms.katalon.core.annotation.AfterTestCase' method: 'Listener.sampleAfterTestSuite(...)' completed.]]></system-out>
         <system-err><![CDATA[2021-11-23 10:00:11 - [TEST_CASE][FAILED] - Test Cases/Case Repository/e-Irsaliye/e-Irsaliye Araclari/e-Irsaliye Olusturma/Ekle/TCKN-Temel Irsaliye-Sevk Tipinde: Test Cases/Case Repository/e-Irsaliye/e-Irsaliye Araclari/e-Irsaliye Olusturma/Ekle/TCKN-Temel Irsaliye-Sevk Tipinde FAILED.
Reason:
com.kms.katalon.core.exception.StepFailedException: Feature file 'Include/features/e-Irsaliye/e-Irsaliye Araclari/e-Irsaliye Olusturma/Ekle/TCKN-Temel Irsaliye-Sevk Tipinde.feature' was failed
	at com.kms.katalon.core.keyword.internal.KeywordMain.stepFailed(KeywordMain.groovy:50)
	at com.kms.katalon.core.keyword.internal.KeywordMain.stepFailed(KeywordMain.groovy)
	at com.kms.katalon.core.keyword.internal.KeywordMain.stepFailed(KeywordMain.groovy:23)
	at com.kms.katalon.core.keyword.internal.KeywordMain$stepFailed$0.call(Unknown Source)
	at com.kms.katalon.core.cucumber.keyword.CucumberBuiltinKeywords$_runFeatureFile_closure1.doCall(CucumberBuiltinKeywords.groovy:112)
	at com.kms.katalon.core.cucumber.keyword.CucumberBuiltinKeywords$_runFeatureFile_closure1.doCall(CucumberBuiltinKeywords.groovy)
	at com.kms.katalon.core.keyword.internal.KeywordMain.runKeyword(KeywordMain.groovy:68)
	at com.kms.katalon.core.keyword.internal.KeywordMain$runKeyword.call(Unknown Source)
	at com.kms.katalon.core.cucumber.keyword.CucumberBuiltinKeywords.runFeatureFile(CucumberBuiltinKeywords.groovy:73)
	at com.kms.katalon.core.cucumber.keyword.CucumberBuiltinKeywords$runFeatureFile$0.callStatic(Unknown Source)
	at com.kms.katalon.core.cucumber.keyword.CucumberBuiltinKeywords.runFeatureFile(CucumberBuiltinKeywords.groovy:246)
	at com.kms.katalon.core.cucumber.keyword.CucumberBuiltinKeywords$runFeatureFile.call(Unknown Source)
	at TCKN-Temel Irsaliye-Sevk Tipinde.run(TCKN-Temel Irsaliye-Sevk Tipinde:17)
	at com.kms.katalon.core.main.ScriptEngine.run(ScriptEngine.java:194)
	at com.kms.katalon.core.main.ScriptEngine.runScriptAsRawText(ScriptEngine.java:119)
	at com.kms.katalon.core.main.TestCaseExecutor.runScript(TestCaseExecutor.java:369)
	at com.kms.katalon.core.main.TestCaseExecutor.doExecute(TestCaseExecutor.java:360)
	at com.kms.katalon.core.main.TestCaseExecutor.processExecutionPhase(TestCaseExecutor.java:339)
	at com.kms.katalon.core.main.TestCaseExecutor.accessMainPhase(TestCaseExecutor.java:331)
	at com.kms.katalon.core.main.TestCaseExecutor.execute(TestCaseExecutor.java:248)
	at com.kms.katalon.core.main.TestSuiteExecutor.accessTestCaseMainPhase(TestSuiteExecutor.java:191)
	at com.kms.katalon.core.main.TestSuiteExecutor.accessTestSuiteMainPhase(TestSuiteExecutor.java:140)
	at com.kms.katalon.core.main.TestSuiteExecutor.execute(TestSuiteExecutor.java:89)
	at com.kms.katalon.core.main.TestCaseMain.startTestSuite(TestCaseMain.java:181)
	at com.kms.katalon.core.main.TestCaseMain$startTestSuite$0.call(Unknown Source)
	at TempTestSuite1637650008144.run(TempTestSuite1637650008144.groovy:39)]]></system-err>
      </testcase>
      <system-out><![CDATA[2021-11-23 10:00:11 - [TEST_SUITE][FAILED] - e-Irsaliye: Test Cases/Case Repository/e-Irsaliye/e-Irsaliye Araclari/e-Irsaliye Olusturma/Ekle/TCKN-Temel Irsaliye-Sevk Tipinde FAILED.
Reason:
com.kms.katalon.core.exception.StepFailedException: Feature file 'Include/features/e-Irsaliye/e-Irsaliye Araclari/e-Irsaliye Olusturma/Ekle/TCKN-Temel Irsaliye-Sevk Tipinde.feature' was failed
	at com.kms.katalon.core.keyword.internal.KeywordMain.stepFailed(KeywordMain.groovy:50)
	at com.kms.katalon.core.keyword.internal.KeywordMain.stepFailed(KeywordMain.groovy)
	at com.kms.katalon.core.keyword.internal.KeywordMain.stepFailed(KeywordMain.groovy:23)
	at com.kms.katalon.core.keyword.internal.KeywordMain$stepFailed$0.call(Unknown Source)
	at com.kms.katalon.core.cucumber.keyword.CucumberBuiltinKeywords$_runFeatureFile_closure1.doCall(CucumberBuiltinKeywords.groovy:112)
	at com.kms.katalon.core.cucumber.keyword.CucumberBuiltinKeywords$_runFeatureFile_closure1.doCall(CucumberBuiltinKeywords.groovy)
	at com.kms.katalon.core.keyword.internal.KeywordMain.runKeyword(KeywordMain.groovy:68)
	at com.kms.katalon.core.keyword.internal.KeywordMain$runKeyword.call(Unknown Source)
	at com.kms.katalon.core.cucumber.keyword.CucumberBuiltinKeywords.runFeatureFile(CucumberBuiltinKeywords.groovy:73)
	at com.kms.katalon.core.cucumber.keyword.CucumberBuiltinKeywords$runFeatureFile$0.callStatic(Unknown Source)
	at com.kms.katalon.core.cucumber.keyword.CucumberBuiltinKeywords.runFeatureFile(CucumberBuiltinKeywords.groovy:246)
	at com.kms.katalon.core.cucumber.keyword.CucumberBuiltinKeywords$runFeatureFile.call(Unknown Source)
	at TCKN-Temel Irsaliye-Sevk Tipinde.run(TCKN-Temel Irsaliye-Sevk Tipinde:17)
	at com.kms.katalon.core.main.ScriptEngine.run(ScriptEngine.java:194)
	at com.kms.katalon.core.main.ScriptEngine.runScriptAsRawText(ScriptEngine.java:119)
	at com.kms.katalon.core.main.TestCaseExecutor.runScript(TestCaseExecutor.java:369)
	at com.kms.katalon.core.main.TestCaseExecutor.doExecute(TestCaseExecutor.java:360)
	at com.kms.katalon.core.main.TestCaseExecutor.processExecutionPhase(TestCaseExecutor.java:339)
	at com.kms.katalon.core.main.TestCaseExecutor.accessMainPhase(TestCaseExecutor.java:331)
	at com.kms.katalon.core.main.TestCaseExecutor.execute(TestCaseExecutor.java:248)
	at com.kms.katalon.core.main.TestSuiteExecutor.accessTestCaseMainPhase(TestSuiteExecutor.java:191)
	at com.kms.katalon.core.main.TestSuiteExecutor.accessTestSuiteMainPhase(TestSuiteExecutor.java:140)
	at com.kms.katalon.core.main.TestSuiteExecutor.execute(TestSuiteExecutor.java:89)
	at com.kms.katalon.core.main.TestCaseMain.startTestSuite(TestCaseMain.java:181)
	at com.kms.katalon.core.main.TestCaseMain$startTestSuite$0.call(Unknown Source)
	at TempTestSuite1637650008144.run(TempTestSuite1637650008144.groovy:39)]]></system-out>
      <system-err><![CDATA[2021-11-23 10:00:11 - [TEST_SUITE][FAILED] - e-Irsaliye: Test Cases/Case Repository/e-Irsaliye/e-Irsaliye Araclari/e-Irsaliye Olusturma/Ekle/TCKN-Temel Irsaliye-Sevk Tipinde FAILED.
Reason:
com.kms.katalon.core.exception.StepFailedException: Feature file 'Include/features/e-Irsaliye/e-Irsaliye Araclari/e-Irsaliye Olusturma/Ekle/TCKN-Temel Irsaliye-Sevk Tipinde.feature' was failed
	at com.kms.katalon.core.keyword.internal.KeywordMain.stepFailed(KeywordMain.groovy:50)
	at com.kms.katalon.core.keyword.internal.KeywordMain.stepFailed(KeywordMain.groovy)
	at com.kms.katalon.core.keyword.internal.KeywordMain.stepFailed(KeywordMain.groovy:23)
	at com.kms.katalon.core.keyword.internal.KeywordMain$stepFailed$0.call(Unknown Source)
	at com.kms.katalon.core.cucumber.keyword.CucumberBuiltinKeywords$_runFeatureFile_closure1.doCall(CucumberBuiltinKeywords.groovy:112)
	at com.kms.katalon.core.cucumber.keyword.CucumberBuiltinKeywords$_runFeatureFile_closure1.doCall(CucumberBuiltinKeywords.groovy)
	at com.kms.katalon.core.keyword.internal.KeywordMain.runKeyword(KeywordMain.groovy:68)
	at com.kms.katalon.core.keyword.internal.KeywordMain$runKeyword.call(Unknown Source)
	at com.kms.katalon.core.cucumber.keyword.CucumberBuiltinKeywords.runFeatureFile(CucumberBuiltinKeywords.groovy:73)
	at com.kms.katalon.core.cucumber.keyword.CucumberBuiltinKeywords$runFeatureFile$0.callStatic(Unknown Source)
	at com.kms.katalon.core.cucumber.keyword.CucumberBuiltinKeywords.runFeatureFile(CucumberBuiltinKeywords.groovy:246)
	at com.kms.katalon.core.cucumber.keyword.CucumberBuiltinKeywords$runFeatureFile.call(Unknown Source)
	at TCKN-Temel Irsaliye-Sevk Tipinde.run(TCKN-Temel Irsaliye-Sevk Tipinde:17)
	at com.kms.katalon.core.main.ScriptEngine.run(ScriptEngine.java:194)
	at com.kms.katalon.core.main.ScriptEngine.runScriptAsRawText(ScriptEngine.java:119)
	at com.kms.katalon.core.main.TestCaseExecutor.runScript(TestCaseExecutor.java:369)
	at com.kms.katalon.core.main.TestCaseExecutor.doExecute(TestCaseExecutor.java:360)
	at com.kms.katalon.core.main.TestCaseExecutor.processExecutionPhase(TestCaseExecutor.java:339)
	at com.kms.katalon.core.main.TestCaseExecutor.accessMainPhase(TestCaseExecutor.java:331)
	at com.kms.katalon.core.main.TestCaseExecutor.execute(TestCaseExecutor.java:248)
	at com.kms.katalon.core.main.TestSuiteExecutor.accessTestCaseMainPhase(TestSuiteExecutor.java:191)
	at com.kms.katalon.core.main.TestSuiteExecutor.accessTestSuiteMainPhase(TestSuiteExecutor.java:140)
	at com.kms.katalon.core.main.TestSuiteExecutor.execute(TestSuiteExecutor.java:89)
	at com.kms.katalon.core.main.TestCaseMain.startTestSuite(TestCaseMain.java:181)
	at com.kms.katalon.core.main.TestCaseMain$startTestSuite$0.call(Unknown Source)
	at TempTestSuite1637650008144.run(TempTestSuite1637650008144.groovy:39)]]></system-err>
   </testsuite>
</testsuites>
